<?xml version="1.0" encoding="UTF-8"?>
<testsuite xmlns:xsi="http://www.w3.org/2001/XMLSchema-instance" xsi:noNamespaceSchemaLocation="https://maven.apache.org/surefire/maven-surefire-plugin/xsd/surefire-test-report.xsd" name="org.apache.hadoop.ozone.container.common.statemachine.commandhandler.TestBlockDeletion" time="58.8" tests="1" errors="0" skipped="0" failures="1">
  <properties>
    <property name="awt.toolkit" value="sun.awt.X11.XToolkit"/>
    <property name="file.encoding.pkg" value="sun.io"/>
    <property name="java.specification.version" value="1.8"/>
    <property name="sun.cpu.isalist" value=""/>
    <property name="sun.jnu.encoding" value="UTF-8"/>
    <property name="java.class.path" value="/opt/src/hadoop-ozone/integration-test/target/test-classes:/opt/src/hadoop-ozone/integration-test/target/classes:/root/.m2/repository/org/apache/hadoop/hadoop-ozone-common/0.5.0-SNAPSHOT/hadoop-ozone-common-0.5.0-SNAPSHOT.jar:/root/.m2/repository/org/apache/commons/commons-compress/1.4.1/commons-compress-1.4.1.jar:/root/.m2/repository/org/tukaani/xz/1.0/xz-1.0.jar:/root/.m2/repository/org/apache/hadoop/hadoop-common/3.2.0/hadoop-common-3.2.0.jar:/root/.m2/repository/org/apache/hadoop/hadoop-hdfs/3.2.0/hadoop-hdfs-3.2.0.jar:/root/.m2/repository/org/apache/hadoop/hadoop-hdfs-client/3.2.0/hadoop-hdfs-client-3.2.0.jar:/root/.m2/repository/com/fasterxml/jackson/core/jackson-annotations/2.9.5/jackson-annotations-2.9.5.jar:/root/.m2/repository/org/apache/hadoop/hadoop-hdds-common/0.5.0-SNAPSHOT/hadoop-hdds-common-0.5.0-SNAPSHOT.jar:/root/.m2/repository/javax/annotation/javax.annotation-api/1.2/javax.annotation-api-1.2.jar:/root/.m2/repository/org/apache/ratis/ratis-server/0.4.0-fe2b15d-SNAPSHOT/ratis-server-0.4.0-fe2b15d-SNAPSHOT.jar:/root/.m2/repository/org/apache/ratis/ratis-thirdparty-misc/0.2.0/ratis-thirdparty-misc-0.2.0.jar:/root/.m2/repository/org/apache/ratis/ratis-proto/0.4.0-fe2b15d-SNAPSHOT/ratis-proto-0.4.0-fe2b15d-SNAPSHOT.jar:/root/.m2/repository/org/apache/ratis/ratis-common/0.4.0-fe2b15d-SNAPSHOT/ratis-common-0.4.0-fe2b15d-SNAPSHOT.jar:/root/.m2/repository/org/apache/ratis/ratis-client/0.4.0-fe2b15d-SNAPSHOT/ratis-client-0.4.0-fe2b15d-SNAPSHOT.jar:/root/.m2/repository/org/apache/ratis/ratis-netty/0.4.0-fe2b15d-SNAPSHOT/ratis-netty-0.4.0-fe2b15d-SNAPSHOT.jar:/root/.m2/repository/org/apache/ratis/ratis-grpc/0.4.0-fe2b15d-SNAPSHOT/ratis-grpc-0.4.0-fe2b15d-SNAPSHOT.jar:/root/.m2/repository/org/rocksdb/rocksdbjni/5.14.2/rocksdbjni-5.14.2.jar:/root/.m2/repository/org/apache/logging/log4j/log4j-api/2.11.0/log4j-api-2.11.0.jar:/root/.m2/repository/org/apache/logging/log4j/log4j-core/2.11.0/log4j-core-2.11.0.jar:/root/.m2/repository/com/lmax/disruptor/3.4.2/disruptor-3.4.2.jar:/root/.m2/repository/org/apache/commons/commons-pool2/2.6.0/commons-pool2-2.6.0.jar:/root/.m2/repository/org/bouncycastle/bcpkix-jdk15on/1.60/bcpkix-jdk15on-1.60.jar:/root/.m2/repository/commons-validator/commons-validator/1.6/commons-validator-1.6.jar:/root/.m2/repository/commons-digester/commons-digester/1.8.1/commons-digester-1.8.1.jar:/root/.m2/repository/io/jaegertracing/jaeger-client/0.33.1/jaeger-client-0.33.1.jar:/root/.m2/repository/io/jaegertracing/jaeger-thrift/0.33.1/jaeger-thrift-0.33.1.jar:/root/.m2/repository/org/apache/thrift/libthrift/0.11.0/libthrift-0.11.0.jar:/root/.m2/repository/com/squareup/okhttp3/okhttp/3.9.0/okhttp-3.9.0.jar:/root/.m2/repository/com/squareup/okio/okio/1.13.0/okio-1.13.0.jar:/root/.m2/repository/io/jaegertracing/jaeger-core/0.33.1/jaeger-core-0.33.1.jar:/root/.m2/repository/io/jaegertracing/jaeger-tracerresolver/0.33.1/jaeger-tracerresolver-0.33.1.jar:/root/.m2/repository/io/opentracing/contrib/opentracing-tracerresolver/0.1.5/opentracing-tracerresolver-0.1.5.jar:/root/.m2/repository/io/opentracing/opentracing-util/0.31.0/opentracing-util-0.31.0.jar:/root/.m2/repository/io/opentracing/opentracing-api/0.31.0/opentracing-api-0.31.0.jar:/root/.m2/repository/io/opentracing/opentracing-noop/0.31.0/opentracing-noop-0.31.0.jar:/root/.m2/repository/org/apache/hadoop/hadoop-hdds-server-framework/0.5.0-SNAPSHOT/hadoop-hdds-server-framework-0.5.0-SNAPSHOT.jar:/root/.m2/repository/org/apache/hadoop/hadoop-hdds-server-scm/0.5.0-SNAPSHOT/hadoop-hdds-server-scm-0.5.0-SNAPSHOT.jar:/root/.m2/repository/org/apache/hadoop/hadoop-hdds-container-service/0.5.0-SNAPSHOT/hadoop-hdds-container-service-0.5.0-SNAPSHOT.jar:/root/.m2/repository/org/apache/hadoop/hadoop-hdds-client/0.5.0-SNAPSHOT/hadoop-hdds-client-0.5.0-SNAPSHOT.jar:/root/.m2/repository/org/apache/hadoop/hadoop-hdds-tools/0.5.0-SNAPSHOT/hadoop-hdds-tools-0.5.0-SNAPSHOT.jar:/root/.m2/repository/org/apache/hadoop/hadoop-ozone-ozone-manager/0.5.0-SNAPSHOT/hadoop-ozone-ozone-manager-0.5.0-SNAPSHOT.jar:/root/.m2/repository/org/apache/hadoop/hadoop-hdds-docs/0.5.0-SNAPSHOT/hadoop-hdds-docs-0.5.0-SNAPSHOT.jar:/root/.m2/repository/org/bouncycastle/bcprov-jdk15on/1.60/bcprov-jdk15on-1.60.jar:/root/.m2/repository/org/apache/hadoop/hadoop-minikdc/3.2.0/hadoop-minikdc-3.2.0.jar:/root/.m2/repository/commons-io/commons-io/2.5/commons-io-2.5.jar:/root/.m2/repository/org/apache/kerby/kerb-simplekdc/1.0.1/kerb-simplekdc-1.0.1.jar:/root/.m2/repository/org/apache/kerby/kerb-client/1.0.1/kerb-client-1.0.1.jar:/root/.m2/repository/org/apache/kerby/kerby-config/1.0.1/kerby-config-1.0.1.jar:/root/.m2/repository/org/apache/kerby/kerb-core/1.0.1/kerb-core-1.0.1.jar:/root/.m2/repository/org/apache/kerby/kerby-pkix/1.0.1/kerby-pkix-1.0.1.jar:/root/.m2/repository/org/apache/kerby/kerby-asn1/1.0.1/kerby-asn1-1.0.1.jar:/root/.m2/repository/org/apache/kerby/kerby-util/1.0.1/kerby-util-1.0.1.jar:/root/.m2/repository/org/apache/kerby/kerb-common/1.0.1/kerb-common-1.0.1.jar:/root/.m2/repository/org/apache/kerby/kerb-crypto/1.0.1/kerb-crypto-1.0.1.jar:/root/.m2/repository/org/apache/kerby/kerb-util/1.0.1/kerb-util-1.0.1.jar:/root/.m2/repository/org/apache/kerby/token-provider/1.0.1/token-provider-1.0.1.jar:/root/.m2/repository/org/apache/kerby/kerb-admin/1.0.1/kerb-admin-1.0.1.jar:/root/.m2/repository/org/apache/kerby/kerb-server/1.0.1/kerb-server-1.0.1.jar:/root/.m2/repository/org/apache/kerby/kerb-identity/1.0.1/kerb-identity-1.0.1.jar:/root/.m2/repository/org/apache/kerby/kerby-xdr/1.0.1/kerby-xdr-1.0.1.jar:/root/.m2/repository/org/slf4j/slf4j-log4j12/1.7.25/slf4j-log4j12-1.7.25.jar:/root/.m2/repository/org/apache/hadoop/hadoop-ozone-objectstore-service/0.5.0-SNAPSHOT/hadoop-ozone-objectstore-service-0.5.0-SNAPSHOT.jar:/root/.m2/repository/org/apache/hadoop/hadoop-ozone-s3gateway/0.5.0-SNAPSHOT/hadoop-ozone-s3gateway-0.5.0-SNAPSHOT.jar:/root/.m2/repository/org/jboss/weld/servlet/weld-servlet/2.4.7.Final/weld-servlet-2.4.7.Final.jar:/root/.m2/repository/org/glassfish/jersey/containers/jersey-container-servlet-core/2.27/jersey-container-servlet-core-2.27.jar:/root/.m2/repository/org/glassfish/hk2/external/javax.inject/2.5.0-b42/javax.inject-2.5.0-b42.jar:/root/.m2/repository/org/glassfish/jersey/core/jersey-common/2.27/jersey-common-2.27.jar:/root/.m2/repository/org/glassfish/hk2/osgi-resource-locator/1.0.1/osgi-resource-locator-1.0.1.jar:/root/.m2/repository/javax/ws/rs/javax.ws.rs-api/2.1/javax.ws.rs-api-2.1.jar:/root/.m2/repository/org/glassfish/jersey/ext/cdi/jersey-cdi1x/2.27/jersey-cdi1x-2.27.jar:/root/.m2/repository/org/glassfish/jersey/inject/jersey-hk2/2.27/jersey-hk2-2.27.jar:/root/.m2/repository/org/glassfish/hk2/hk2-locator/2.5.0-b42/hk2-locator-2.5.0-b42.jar:/root/.m2/repository/org/javassist/javassist/3.22.0-CR2/javassist-3.22.0-CR2.jar:/root/.m2/repository/org/glassfish/hk2/hk2-api/2.5.0/hk2-api-2.5.0.jar:/root/.m2/repository/org/glassfish/hk2/external/jakarta.inject/2.5.0/jakarta.inject-2.5.0.jar:/root/.m2/repository/org/glassfish/hk2/hk2-utils/2.5.0/hk2-utils-2.5.0.jar:/root/.m2/repository/jakarta/annotation/jakarta.annotation-api/1.3.4/jakarta.annotation-api-1.3.4.jar:/root/.m2/repository/org/glassfish/hk2/external/aopalliance-repackaged/2.5.0/aopalliance-repackaged-2.5.0.jar:/root/.m2/repository/com/fasterxml/jackson/dataformat/jackson-dataformat-xml/2.9.0/jackson-dataformat-xml-2.9.0.jar:/root/.m2/repository/com/fasterxml/jackson/core/jackson-core/2.9.5/jackson-core-2.9.5.jar:/root/.m2/repository/com/fasterxml/jackson/module/jackson-module-jaxb-annotations/2.9.5/jackson-module-jaxb-annotations-2.9.5.jar:/root/.m2/repository/javax/enterprise/cdi-api/1.2/cdi-api-1.2.jar:/root/.m2/repository/javax/el/javax.el-api/3.0.0/javax.el-api-3.0.0.jar:/root/.m2/repository/javax/interceptor/javax.interceptor-api/1.2/javax.interceptor-api-1.2.jar:/root/.m2/repository/javax/inject/javax.inject/1/javax.inject-1.jar:/root/.m2/repository/com/sun/xml/bind/jaxb-impl/2.3.0.1/jaxb-impl-2.3.0.1.jar:/root/.m2/repository/com/sun/xml/bind/jaxb-core/2.3.0.1/jaxb-core-2.3.0.1.jar:/root/.m2/repository/javax/xml/bind/jaxb-api/2.3.0/jaxb-api-2.3.0.jar:/root/.m2/repository/javax/activation/activation/1.1.1/activation-1.1.1.jar:/root/.m2/repository/org/apache/hadoop/hadoop-ozone-csi/0.5.0-SNAPSHOT/hadoop-ozone-csi-0.5.0-SNAPSHOT.jar:/root/.m2/repository/com/google/protobuf/protobuf-java-util/3.5.1/protobuf-java-util-3.5.1.jar:/root/.m2/repository/org/apache/hadoop/hadoop-hdds-config/0.5.0-SNAPSHOT/hadoop-hdds-config-0.5.0-SNAPSHOT.jar:/root/.m2/repository/com/google/guava/guava/11.0.2/guava-11.0.2.jar:/root/.m2/repository/com/google/protobuf/protobuf-java/2.5.0/protobuf-java-2.5.0.jar:/root/.m2/repository/io/grpc/grpc-netty/1.17.1/grpc-netty-1.17.1.jar:/root/.m2/repository/io/grpc/grpc-core/1.17.1/grpc-core-1.17.1.jar:/root/.m2/repository/io/grpc/grpc-context/1.17.1/grpc-context-1.17.1.jar:/root/.m2/repository/com/google/errorprone/error_prone_annotations/2.2.0/error_prone_annotations-2.2.0.jar:/root/.m2/repository/org/codehaus/mojo/animal-sniffer-annotations/1.17/animal-sniffer-annotations-1.17.jar:/root/.m2/repository/io/opencensus/opencensus-api/0.17.0/opencensus-api-0.17.0.jar:/root/.m2/repository/io/opencensus/opencensus-contrib-grpc-metrics/0.17.0/opencensus-contrib-grpc-metrics-0.17.0.jar:/root/.m2/repository/io/netty/netty-codec-http2/4.1.30.Final/netty-codec-http2-4.1.30.Final.jar:/root/.m2/repository/io/netty/netty-codec-http/4.1.30.Final/netty-codec-http-4.1.30.Final.jar:/root/.m2/repository/io/netty/netty-codec/4.1.30.Final/netty-codec-4.1.30.Final.jar:/root/.m2/repository/io/netty/netty-handler/4.1.30.Final/netty-handler-4.1.30.Final.jar:/root/.m2/repository/io/netty/netty-handler-proxy/4.1.30.Final/netty-handler-proxy-4.1.30.Final.jar:/root/.m2/repository/io/netty/netty-codec-socks/4.1.30.Final/netty-codec-socks-4.1.30.Final.jar:/root/.m2/repository/io/netty/netty-transport-native-epoll/4.1.30.Final/netty-transport-native-epoll-4.1.30.Final.jar:/root/.m2/repository/io/netty/netty-common/4.1.30.Final/netty-common-4.1.30.Final.jar:/root/.m2/repository/io/netty/netty-buffer/4.1.30.Final/netty-buffer-4.1.30.Final.jar:/root/.m2/repository/io/netty/netty-transport/4.1.30.Final/netty-transport-4.1.30.Final.jar:/root/.m2/repository/io/netty/netty-resolver/4.1.30.Final/netty-resolver-4.1.30.Final.jar:/root/.m2/repository/io/netty/netty-transport-native-unix-common/4.1.30.Final/netty-transport-native-unix-common-4.1.30.Final.jar:/root/.m2/repository/io/grpc/grpc-protobuf/1.17.1/grpc-protobuf-1.17.1.jar:/root/.m2/repository/com/google/api/grpc/proto-google-common-protos/1.0.0/proto-google-common-protos-1.0.0.jar:/root/.m2/repository/io/grpc/grpc-protobuf-lite/1.17.1/grpc-protobuf-lite-1.17.1.jar:/root/.m2/repository/io/grpc/grpc-stub/1.17.1/grpc-stub-1.17.1.jar:/root/.m2/repository/org/apache/hadoop/hadoop-ozone-recon/0.5.0-SNAPSHOT/hadoop-ozone-recon-0.5.0-SNAPSHOT.jar:/root/.m2/repository/org/apache/hadoop/hadoop-ozone-reconcodegen/0.5.0-SNAPSHOT/hadoop-ozone-reconcodegen-0.5.0-SNAPSHOT.jar:/root/.m2/repository/com/google/inject/extensions/guice-multibindings/4.0/guice-multibindings-4.0.jar:/root/.m2/repository/com/google/inject/guice/4.0/guice-4.0.jar:/root/.m2/repository/aopalliance/aopalliance/1.0/aopalliance-1.0.jar:/root/.m2/repository/com/google/inject/extensions/guice-servlet/4.0/guice-servlet-4.0.jar:/root/.m2/repository/org/glassfish/jersey/containers/jersey-container-servlet/2.27/jersey-container-servlet-2.27.jar:/root/.m2/repository/org/glassfish/hk2/guice-bridge/2.5.0/guice-bridge-2.5.0.jar:/root/.m2/repository/org/glassfish/jersey/core/jersey-server/2.27/jersey-server-2.27.jar:/root/.m2/repository/org/glassfish/jersey/core/jersey-client/2.27/jersey-client-2.27.jar:/root/.m2/repository/org/glassfish/jersey/media/jersey-media-jaxb/2.27/jersey-media-jaxb-2.27.jar:/root/.m2/repository/javax/validation/validation-api/1.1.0.Final/validation-api-1.1.0.Final.jar:/root/.m2/repository/org/glassfish/jersey/media/jersey-media-json-jackson/2.27/jersey-media-json-jackson-2.27.jar:/root/.m2/repository/org/glassfish/jersey/ext/jersey-entity-filtering/2.27/jersey-entity-filtering-2.27.jar:/root/.m2/repository/com/google/inject/extensions/guice-assistedinject/4.0/guice-assistedinject-4.0.jar:/root/.m2/repository/org/jooq/jooq/3.11.10/jooq-3.11.10.jar:/root/.m2/repository/org/jooq/jooq-meta/3.11.10/jooq-meta-3.11.10.jar:/root/.m2/repository/org/jooq/jooq-codegen/3.11.10/jooq-codegen-3.11.10.jar:/root/.m2/repository/com/jolbox/bonecp/0.8.0.RELEASE/bonecp-0.8.0.RELEASE.jar:/root/.m2/repository/org/xerial/sqlite-jdbc/3.25.2/sqlite-jdbc-3.25.2.jar:/root/.m2/repository/org/springframework/spring-jdbc/5.1.3.RELEASE/spring-jdbc-5.1.3.RELEASE.jar:/root/.m2/repository/org/springframework/spring-beans/5.1.3.RELEASE/spring-beans-5.1.3.RELEASE.jar:/root/.m2/repository/org/springframework/spring-core/5.1.3.RELEASE/spring-core-5.1.3.RELEASE.jar:/root/.m2/repository/org/springframework/spring-jcl/5.1.3.RELEASE/spring-jcl-5.1.3.RELEASE.jar:/root/.m2/repository/org/springframework/spring-tx/5.1.3.RELEASE/spring-tx-5.1.3.RELEASE.jar:/root/.m2/repository/org/apache/hadoop/hadoop-ozone-client/0.5.0-SNAPSHOT/hadoop-ozone-client-0.5.0-SNAPSHOT.jar:/root/.m2/repository/org/apache/hadoop/hadoop-ozone-ozone-manager/0.5.0-SNAPSHOT/hadoop-ozone-ozone-manager-0.5.0-SNAPSHOT-tests.jar:/root/.m2/repository/junit/junit/4.11/junit-4.11.jar:/root/.m2/repository/org/hamcrest/hamcrest-core/1.3/hamcrest-core-1.3.jar:/root/.m2/repository/org/openjdk/jmh/jmh-core/1.19/jmh-core-1.19.jar:/root/.m2/repository/net/sf/jopt-simple/jopt-simple/4.6/jopt-simple-4.6.jar:/root/.m2/repository/org/apache/commons/commons-math3/3.1.1/commons-math3-3.1.1.jar:/root/.m2/repository/org/openjdk/jmh/jmh-generator-annprocess/1.19/jmh-generator-annprocess-1.19.jar:/root/.m2/repository/org/mockito/mockito-all/1.8.5/mockito-all-1.8.5.jar:/root/.m2/repository/org/apache/hadoop/hadoop-kms/3.2.0/hadoop-kms-3.2.0.jar:/root/.m2/repository/org/apache/hadoop/hadoop-auth/3.2.0/hadoop-auth-3.2.0.jar:/root/.m2/repository/com/nimbusds/nimbus-jose-jwt/4.41.1/nimbus-jose-jwt-4.41.1.jar:/root/.m2/repository/com/github/stephenc/jcip/jcip-annotations/1.0-1/jcip-annotations-1.0-1.jar:/root/.m2/repository/net/minidev/json-smart/2.3/json-smart-2.3.jar:/root/.m2/repository/net/minidev/accessors-smart/1.2/accessors-smart-1.2.jar:/root/.m2/repository/org/ow2/asm/asm/5.0.4/asm-5.0.4.jar:/root/.m2/repository/org/apache/curator/curator-framework/2.12.0/curator-framework-2.12.0.jar:/root/.m2/repository/com/sun/jersey/jersey-core/1.19/jersey-core-1.19.jar:/root/.m2/repository/javax/ws/rs/jsr311-api/1.1.1/jsr311-api-1.1.1.jar:/root/.m2/repository/com/sun/jersey/jersey-server/1.19/jersey-server-1.19.jar:/root/.m2/repository/javax/servlet/javax.servlet-api/3.1.0/javax.servlet-api-3.1.0.jar:/root/.m2/repository/org/eclipse/jetty/jetty-server/9.3.24.v20180605/jetty-server-9.3.24.v20180605.jar:/root/.m2/repository/org/eclipse/jetty/jetty-http/9.3.24.v20180605/jetty-http-9.3.24.v20180605.jar:/root/.m2/repository/org/eclipse/jetty/jetty-io/9.3.24.v20180605/jetty-io-9.3.24.v20180605.jar:/root/.m2/repository/org/eclipse/jetty/jetty-webapp/9.3.24.v20180605/jetty-webapp-9.3.24.v20180605.jar:/root/.m2/repository/org/eclipse/jetty/jetty-xml/9.3.24.v20180605/jetty-xml-9.3.24.v20180605.jar:/root/.m2/repository/log4j/log4j/1.2.17/log4j-1.2.17.jar:/root/.m2/repository/org/slf4j/slf4j-api/1.7.25/slf4j-api-1.7.25.jar:/root/.m2/repository/org/slf4j/jul-to-slf4j/1.7.25/jul-to-slf4j-1.7.25.jar:/root/.m2/repository/org/eclipse/jetty/jetty-util/9.3.24.v20180605/jetty-util-9.3.24.v20180605.jar:/root/.m2/repository/io/dropwizard/metrics/metrics-core/3.2.4/metrics-core-3.2.4.jar:/root/.m2/repository/com/fasterxml/jackson/core/jackson-databind/2.9.5/jackson-databind-2.9.5.jar:/root/.m2/repository/org/apache/hadoop/hadoop-kms/3.2.0/hadoop-kms-3.2.0-tests.jar:/root/.m2/repository/org/apache/hadoop/hadoop-hdds-server-scm/0.5.0-SNAPSHOT/hadoop-hdds-server-scm-0.5.0-SNAPSHOT-tests.jar:/root/.m2/repository/org/hamcrest/hamcrest-all/1.3/hamcrest-all-1.3.jar:/root/.m2/repository/info/picocli/picocli/3.9.6/picocli-3.9.6.jar:/root/.m2/repository/org/apache/hadoop/hadoop-hdds-container-service/0.5.0-SNAPSHOT/hadoop-hdds-container-service-0.5.0-SNAPSHOT-tests.jar:/root/.m2/repository/org/yaml/snakeyaml/1.16/snakeyaml-1.16.jar:/root/.m2/repository/org/apache/hadoop/hadoop-common/3.2.0/hadoop-common-3.2.0-tests.jar:/root/.m2/repository/org/apache/hadoop/hadoop-annotations/3.2.0/hadoop-annotations-3.2.0.jar:/usr/lib/jvm/java-1.8-openjdk/jre/../lib/tools.jar:/root/.m2/repository/commons-cli/commons-cli/1.2/commons-cli-1.2.jar:/root/.m2/repository/org/apache/httpcomponents/httpclient/4.5.2/httpclient-4.5.2.jar:/root/.m2/repository/org/apache/httpcomponents/httpcore/4.4.4/httpcore-4.4.4.jar:/root/.m2/repository/commons-codec/commons-codec/1.11/commons-codec-1.11.jar:/root/.m2/repository/commons-net/commons-net/3.6/commons-net-3.6.jar:/root/.m2/repository/commons-collections/commons-collections/3.2.2/commons-collections-3.2.2.jar:/root/.m2/repository/org/eclipse/jetty/jetty-servlet/9.3.24.v20180605/jetty-servlet-9.3.24.v20180605.jar:/root/.m2/repository/org/eclipse/jetty/jetty-security/9.3.24.v20180605/jetty-security-9.3.24.v20180605.jar:/root/.m2/repository/javax/servlet/jsp/jsp-api/2.1/jsp-api-2.1.jar:/root/.m2/repository/com/sun/jersey/jersey-servlet/1.19/jersey-servlet-1.19.jar:/root/.m2/repository/com/sun/jersey/jersey-json/1.19/jersey-json-1.19.jar:/root/.m2/repository/org/codehaus/jettison/jettison/1.1/jettison-1.1.jar:/root/.m2/repository/org/codehaus/jackson/jackson-core-asl/1.9.13/jackson-core-asl-1.9.13.jar:/root/.m2/repository/org/codehaus/jackson/jackson-mapper-asl/1.9.13/jackson-mapper-asl-1.9.13.jar:/root/.m2/repository/org/codehaus/jackson/jackson-jaxrs/1.9.13/jackson-jaxrs-1.9.13.jar:/root/.m2/repository/org/codehaus/jackson/jackson-xc/1.9.13/jackson-xc-1.9.13.jar:/root/.m2/repository/commons-logging/commons-logging/1.1.3/commons-logging-1.1.3.jar:/root/.m2/repository/commons-beanutils/commons-beanutils/1.9.3/commons-beanutils-1.9.3.jar:/root/.m2/repository/org/apache/commons/commons-configuration2/2.1.1/commons-configuration2-2.1.1.jar:/root/.m2/repository/org/apache/commons/commons-lang3/3.7/commons-lang3-3.7.jar:/root/.m2/repository/org/apache/commons/commons-text/1.4/commons-text-1.4.jar:/root/.m2/repository/org/apache/avro/avro/1.7.7/avro-1.7.7.jar:/root/.m2/repository/com/thoughtworks/paranamer/paranamer/2.3/paranamer-2.3.jar:/root/.m2/repository/org/xerial/snappy/snappy-java/1.0.5/snappy-java-1.0.5.jar:/root/.m2/repository/com/google/re2j/re2j/1.1/re2j-1.1.jar:/root/.m2/repository/com/google/code/gson/gson/2.2.4/gson-2.2.4.jar:/root/.m2/repository/com/jcraft/jsch/0.1.54/jsch-0.1.54.jar:/root/.m2/repository/org/apache/curator/curator-client/2.12.0/curator-client-2.12.0.jar:/root/.m2/repository/org/apache/curator/curator-recipes/2.12.0/curator-recipes-2.12.0.jar:/root/.m2/repository/com/google/code/findbugs/jsr305/3.0.0/jsr305-3.0.0.jar:/root/.m2/repository/org/apache/htrace/htrace-core4/4.1.0-incubating/htrace-core4-4.1.0-incubating.jar:/root/.m2/repository/org/apache/zookeeper/zookeeper/3.4.13/zookeeper-3.4.13.jar:/root/.m2/repository/org/apache/yetus/audience-annotations/0.5.0/audience-annotations-0.5.0.jar:/root/.m2/repository/org/codehaus/woodstox/stax2-api/3.1.4/stax2-api-3.1.4.jar:/root/.m2/repository/com/fasterxml/woodstox/woodstox-core/5.0.3/woodstox-core-5.0.3.jar:/root/.m2/repository/dnsjava/dnsjava/2.1.7/dnsjava-2.1.7.jar:/root/.m2/repository/org/apache/hadoop/hadoop-hdfs/3.2.0/hadoop-hdfs-3.2.0-tests.jar:/root/.m2/repository/org/eclipse/jetty/jetty-util-ajax/9.3.24.v20180605/jetty-util-ajax-9.3.24.v20180605.jar:/root/.m2/repository/commons-daemon/commons-daemon/1.0.13/commons-daemon-1.0.13.jar:/root/.m2/repository/io/netty/netty/3.10.5.Final/netty-3.10.5.Final.jar:/root/.m2/repository/io/netty/netty-all/4.0.52.Final/netty-all-4.0.52.Final.jar:/root/.m2/repository/org/fusesource/leveldbjni/leveldbjni-all/1.8/leveldbjni-all-1.8.jar:"/>
    <property name="java.vm.vendor" value="IcedTea"/>
    <property name="sun.arch.data.model" value="64"/>
    <property name="test.build.dir" value="/opt/src/hadoop-ozone/integration-test/target/test-dir"/>
    <property name="test.cache.data" value=""/>
    <property name="java.vendor.url" value="https://icedtea.classpath.org"/>
    <property name="user.timezone" value=""/>
    <property name="java.vm.specification.version" value="1.8"/>
    <property name="os.name" value="Linux"/>
    <property name="test.build.data" value="/opt/src/hadoop-ozone/integration-test/target/test-dir"/>
    <property name="user.country" value="US"/>
    <property name="sun.java.launcher" value="SUN_STANDARD"/>
    <property name="sun.boot.library.path" value="/usr/lib/jvm/java-1.8-openjdk/jre/lib/amd64"/>
    <property name="sun.java.command" value="/opt/src/hadoop-ozone/integration-test/target/surefire/surefirebooter5269434879214580133.jar /opt/src/hadoop-ozone/integration-test/target/surefire 2019-06-13T13-24-04_925-jvmRun1 surefire6766765700024140354tmp surefire_389080405669986069189tmp"/>
    <property name="surefire.test.class.path" value="/opt/src/hadoop-ozone/integration-test/target/test-classes:/opt/src/hadoop-ozone/integration-test/target/classes:/root/.m2/repository/org/apache/hadoop/hadoop-ozone-common/0.5.0-SNAPSHOT/hadoop-ozone-common-0.5.0-SNAPSHOT.jar:/root/.m2/repository/org/apache/commons/commons-compress/1.4.1/commons-compress-1.4.1.jar:/root/.m2/repository/org/tukaani/xz/1.0/xz-1.0.jar:/root/.m2/repository/org/apache/hadoop/hadoop-common/3.2.0/hadoop-common-3.2.0.jar:/root/.m2/repository/org/apache/hadoop/hadoop-hdfs/3.2.0/hadoop-hdfs-3.2.0.jar:/root/.m2/repository/org/apache/hadoop/hadoop-hdfs-client/3.2.0/hadoop-hdfs-client-3.2.0.jar:/root/.m2/repository/com/fasterxml/jackson/core/jackson-annotations/2.9.5/jackson-annotations-2.9.5.jar:/root/.m2/repository/org/apache/hadoop/hadoop-hdds-common/0.5.0-SNAPSHOT/hadoop-hdds-common-0.5.0-SNAPSHOT.jar:/root/.m2/repository/javax/annotation/javax.annotation-api/1.2/javax.annotation-api-1.2.jar:/root/.m2/repository/org/apache/ratis/ratis-server/0.4.0-fe2b15d-SNAPSHOT/ratis-server-0.4.0-fe2b15d-SNAPSHOT.jar:/root/.m2/repository/org/apache/ratis/ratis-thirdparty-misc/0.2.0/ratis-thirdparty-misc-0.2.0.jar:/root/.m2/repository/org/apache/ratis/ratis-proto/0.4.0-fe2b15d-SNAPSHOT/ratis-proto-0.4.0-fe2b15d-SNAPSHOT.jar:/root/.m2/repository/org/apache/ratis/ratis-common/0.4.0-fe2b15d-SNAPSHOT/ratis-common-0.4.0-fe2b15d-SNAPSHOT.jar:/root/.m2/repository/org/apache/ratis/ratis-client/0.4.0-fe2b15d-SNAPSHOT/ratis-client-0.4.0-fe2b15d-SNAPSHOT.jar:/root/.m2/repository/org/apache/ratis/ratis-netty/0.4.0-fe2b15d-SNAPSHOT/ratis-netty-0.4.0-fe2b15d-SNAPSHOT.jar:/root/.m2/repository/org/apache/ratis/ratis-grpc/0.4.0-fe2b15d-SNAPSHOT/ratis-grpc-0.4.0-fe2b15d-SNAPSHOT.jar:/root/.m2/repository/org/rocksdb/rocksdbjni/5.14.2/rocksdbjni-5.14.2.jar:/root/.m2/repository/org/apache/logging/log4j/log4j-api/2.11.0/log4j-api-2.11.0.jar:/root/.m2/repository/org/apache/logging/log4j/log4j-core/2.11.0/log4j-core-2.11.0.jar:/root/.m2/repository/com/lmax/disruptor/3.4.2/disruptor-3.4.2.jar:/root/.m2/repository/org/apache/commons/commons-pool2/2.6.0/commons-pool2-2.6.0.jar:/root/.m2/repository/org/bouncycastle/bcpkix-jdk15on/1.60/bcpkix-jdk15on-1.60.jar:/root/.m2/repository/commons-validator/commons-validator/1.6/commons-validator-1.6.jar:/root/.m2/repository/commons-digester/commons-digester/1.8.1/commons-digester-1.8.1.jar:/root/.m2/repository/io/jaegertracing/jaeger-client/0.33.1/jaeger-client-0.33.1.jar:/root/.m2/repository/io/jaegertracing/jaeger-thrift/0.33.1/jaeger-thrift-0.33.1.jar:/root/.m2/repository/org/apache/thrift/libthrift/0.11.0/libthrift-0.11.0.jar:/root/.m2/repository/com/squareup/okhttp3/okhttp/3.9.0/okhttp-3.9.0.jar:/root/.m2/repository/com/squareup/okio/okio/1.13.0/okio-1.13.0.jar:/root/.m2/repository/io/jaegertracing/jaeger-core/0.33.1/jaeger-core-0.33.1.jar:/root/.m2/repository/io/jaegertracing/jaeger-tracerresolver/0.33.1/jaeger-tracerresolver-0.33.1.jar:/root/.m2/repository/io/opentracing/contrib/opentracing-tracerresolver/0.1.5/opentracing-tracerresolver-0.1.5.jar:/root/.m2/repository/io/opentracing/opentracing-util/0.31.0/opentracing-util-0.31.0.jar:/root/.m2/repository/io/opentracing/opentracing-api/0.31.0/opentracing-api-0.31.0.jar:/root/.m2/repository/io/opentracing/opentracing-noop/0.31.0/opentracing-noop-0.31.0.jar:/root/.m2/repository/org/apache/hadoop/hadoop-hdds-server-framework/0.5.0-SNAPSHOT/hadoop-hdds-server-framework-0.5.0-SNAPSHOT.jar:/root/.m2/repository/org/apache/hadoop/hadoop-hdds-server-scm/0.5.0-SNAPSHOT/hadoop-hdds-server-scm-0.5.0-SNAPSHOT.jar:/root/.m2/repository/org/apache/hadoop/hadoop-hdds-container-service/0.5.0-SNAPSHOT/hadoop-hdds-container-service-0.5.0-SNAPSHOT.jar:/root/.m2/repository/org/apache/hadoop/hadoop-hdds-client/0.5.0-SNAPSHOT/hadoop-hdds-client-0.5.0-SNAPSHOT.jar:/root/.m2/repository/org/apache/hadoop/hadoop-hdds-tools/0.5.0-SNAPSHOT/hadoop-hdds-tools-0.5.0-SNAPSHOT.jar:/root/.m2/repository/org/apache/hadoop/hadoop-ozone-ozone-manager/0.5.0-SNAPSHOT/hadoop-ozone-ozone-manager-0.5.0-SNAPSHOT.jar:/root/.m2/repository/org/apache/hadoop/hadoop-hdds-docs/0.5.0-SNAPSHOT/hadoop-hdds-docs-0.5.0-SNAPSHOT.jar:/root/.m2/repository/org/bouncycastle/bcprov-jdk15on/1.60/bcprov-jdk15on-1.60.jar:/root/.m2/repository/org/apache/hadoop/hadoop-minikdc/3.2.0/hadoop-minikdc-3.2.0.jar:/root/.m2/repository/commons-io/commons-io/2.5/commons-io-2.5.jar:/root/.m2/repository/org/apache/kerby/kerb-simplekdc/1.0.1/kerb-simplekdc-1.0.1.jar:/root/.m2/repository/org/apache/kerby/kerb-client/1.0.1/kerb-client-1.0.1.jar:/root/.m2/repository/org/apache/kerby/kerby-config/1.0.1/kerby-config-1.0.1.jar:/root/.m2/repository/org/apache/kerby/kerb-core/1.0.1/kerb-core-1.0.1.jar:/root/.m2/repository/org/apache/kerby/kerby-pkix/1.0.1/kerby-pkix-1.0.1.jar:/root/.m2/repository/org/apache/kerby/kerby-asn1/1.0.1/kerby-asn1-1.0.1.jar:/root/.m2/repository/org/apache/kerby/kerby-util/1.0.1/kerby-util-1.0.1.jar:/root/.m2/repository/org/apache/kerby/kerb-common/1.0.1/kerb-common-1.0.1.jar:/root/.m2/repository/org/apache/kerby/kerb-crypto/1.0.1/kerb-crypto-1.0.1.jar:/root/.m2/repository/org/apache/kerby/kerb-util/1.0.1/kerb-util-1.0.1.jar:/root/.m2/repository/org/apache/kerby/token-provider/1.0.1/token-provider-1.0.1.jar:/root/.m2/repository/org/apache/kerby/kerb-admin/1.0.1/kerb-admin-1.0.1.jar:/root/.m2/repository/org/apache/kerby/kerb-server/1.0.1/kerb-server-1.0.1.jar:/root/.m2/repository/org/apache/kerby/kerb-identity/1.0.1/kerb-identity-1.0.1.jar:/root/.m2/repository/org/apache/kerby/kerby-xdr/1.0.1/kerby-xdr-1.0.1.jar:/root/.m2/repository/org/slf4j/slf4j-log4j12/1.7.25/slf4j-log4j12-1.7.25.jar:/root/.m2/repository/org/apache/hadoop/hadoop-ozone-objectstore-service/0.5.0-SNAPSHOT/hadoop-ozone-objectstore-service-0.5.0-SNAPSHOT.jar:/root/.m2/repository/org/apache/hadoop/hadoop-ozone-s3gateway/0.5.0-SNAPSHOT/hadoop-ozone-s3gateway-0.5.0-SNAPSHOT.jar:/root/.m2/repository/org/jboss/weld/servlet/weld-servlet/2.4.7.Final/weld-servlet-2.4.7.Final.jar:/root/.m2/repository/org/glassfish/jersey/containers/jersey-container-servlet-core/2.27/jersey-container-servlet-core-2.27.jar:/root/.m2/repository/org/glassfish/hk2/external/javax.inject/2.5.0-b42/javax.inject-2.5.0-b42.jar:/root/.m2/repository/org/glassfish/jersey/core/jersey-common/2.27/jersey-common-2.27.jar:/root/.m2/repository/org/glassfish/hk2/osgi-resource-locator/1.0.1/osgi-resource-locator-1.0.1.jar:/root/.m2/repository/javax/ws/rs/javax.ws.rs-api/2.1/javax.ws.rs-api-2.1.jar:/root/.m2/repository/org/glassfish/jersey/ext/cdi/jersey-cdi1x/2.27/jersey-cdi1x-2.27.jar:/root/.m2/repository/org/glassfish/jersey/inject/jersey-hk2/2.27/jersey-hk2-2.27.jar:/root/.m2/repository/org/glassfish/hk2/hk2-locator/2.5.0-b42/hk2-locator-2.5.0-b42.jar:/root/.m2/repository/org/javassist/javassist/3.22.0-CR2/javassist-3.22.0-CR2.jar:/root/.m2/repository/org/glassfish/hk2/hk2-api/2.5.0/hk2-api-2.5.0.jar:/root/.m2/repository/org/glassfish/hk2/external/jakarta.inject/2.5.0/jakarta.inject-2.5.0.jar:/root/.m2/repository/org/glassfish/hk2/hk2-utils/2.5.0/hk2-utils-2.5.0.jar:/root/.m2/repository/jakarta/annotation/jakarta.annotation-api/1.3.4/jakarta.annotation-api-1.3.4.jar:/root/.m2/repository/org/glassfish/hk2/external/aopalliance-repackaged/2.5.0/aopalliance-repackaged-2.5.0.jar:/root/.m2/repository/com/fasterxml/jackson/dataformat/jackson-dataformat-xml/2.9.0/jackson-dataformat-xml-2.9.0.jar:/root/.m2/repository/com/fasterxml/jackson/core/jackson-core/2.9.5/jackson-core-2.9.5.jar:/root/.m2/repository/com/fasterxml/jackson/module/jackson-module-jaxb-annotations/2.9.5/jackson-module-jaxb-annotations-2.9.5.jar:/root/.m2/repository/javax/enterprise/cdi-api/1.2/cdi-api-1.2.jar:/root/.m2/repository/javax/el/javax.el-api/3.0.0/javax.el-api-3.0.0.jar:/root/.m2/repository/javax/interceptor/javax.interceptor-api/1.2/javax.interceptor-api-1.2.jar:/root/.m2/repository/javax/inject/javax.inject/1/javax.inject-1.jar:/root/.m2/repository/com/sun/xml/bind/jaxb-impl/2.3.0.1/jaxb-impl-2.3.0.1.jar:/root/.m2/repository/com/sun/xml/bind/jaxb-core/2.3.0.1/jaxb-core-2.3.0.1.jar:/root/.m2/repository/javax/xml/bind/jaxb-api/2.3.0/jaxb-api-2.3.0.jar:/root/.m2/repository/javax/activation/activation/1.1.1/activation-1.1.1.jar:/root/.m2/repository/org/apache/hadoop/hadoop-ozone-csi/0.5.0-SNAPSHOT/hadoop-ozone-csi-0.5.0-SNAPSHOT.jar:/root/.m2/repository/com/google/protobuf/protobuf-java-util/3.5.1/protobuf-java-util-3.5.1.jar:/root/.m2/repository/org/apache/hadoop/hadoop-hdds-config/0.5.0-SNAPSHOT/hadoop-hdds-config-0.5.0-SNAPSHOT.jar:/root/.m2/repository/com/google/guava/guava/11.0.2/guava-11.0.2.jar:/root/.m2/repository/com/google/protobuf/protobuf-java/2.5.0/protobuf-java-2.5.0.jar:/root/.m2/repository/io/grpc/grpc-netty/1.17.1/grpc-netty-1.17.1.jar:/root/.m2/repository/io/grpc/grpc-core/1.17.1/grpc-core-1.17.1.jar:/root/.m2/repository/io/grpc/grpc-context/1.17.1/grpc-context-1.17.1.jar:/root/.m2/repository/com/google/errorprone/error_prone_annotations/2.2.0/error_prone_annotations-2.2.0.jar:/root/.m2/repository/org/codehaus/mojo/animal-sniffer-annotations/1.17/animal-sniffer-annotations-1.17.jar:/root/.m2/repository/io/opencensus/opencensus-api/0.17.0/opencensus-api-0.17.0.jar:/root/.m2/repository/io/opencensus/opencensus-contrib-grpc-metrics/0.17.0/opencensus-contrib-grpc-metrics-0.17.0.jar:/root/.m2/repository/io/netty/netty-codec-http2/4.1.30.Final/netty-codec-http2-4.1.30.Final.jar:/root/.m2/repository/io/netty/netty-codec-http/4.1.30.Final/netty-codec-http-4.1.30.Final.jar:/root/.m2/repository/io/netty/netty-codec/4.1.30.Final/netty-codec-4.1.30.Final.jar:/root/.m2/repository/io/netty/netty-handler/4.1.30.Final/netty-handler-4.1.30.Final.jar:/root/.m2/repository/io/netty/netty-handler-proxy/4.1.30.Final/netty-handler-proxy-4.1.30.Final.jar:/root/.m2/repository/io/netty/netty-codec-socks/4.1.30.Final/netty-codec-socks-4.1.30.Final.jar:/root/.m2/repository/io/netty/netty-transport-native-epoll/4.1.30.Final/netty-transport-native-epoll-4.1.30.Final.jar:/root/.m2/repository/io/netty/netty-common/4.1.30.Final/netty-common-4.1.30.Final.jar:/root/.m2/repository/io/netty/netty-buffer/4.1.30.Final/netty-buffer-4.1.30.Final.jar:/root/.m2/repository/io/netty/netty-transport/4.1.30.Final/netty-transport-4.1.30.Final.jar:/root/.m2/repository/io/netty/netty-resolver/4.1.30.Final/netty-resolver-4.1.30.Final.jar:/root/.m2/repository/io/netty/netty-transport-native-unix-common/4.1.30.Final/netty-transport-native-unix-common-4.1.30.Final.jar:/root/.m2/repository/io/grpc/grpc-protobuf/1.17.1/grpc-protobuf-1.17.1.jar:/root/.m2/repository/com/google/api/grpc/proto-google-common-protos/1.0.0/proto-google-common-protos-1.0.0.jar:/root/.m2/repository/io/grpc/grpc-protobuf-lite/1.17.1/grpc-protobuf-lite-1.17.1.jar:/root/.m2/repository/io/grpc/grpc-stub/1.17.1/grpc-stub-1.17.1.jar:/root/.m2/repository/org/apache/hadoop/hadoop-ozone-recon/0.5.0-SNAPSHOT/hadoop-ozone-recon-0.5.0-SNAPSHOT.jar:/root/.m2/repository/org/apache/hadoop/hadoop-ozone-reconcodegen/0.5.0-SNAPSHOT/hadoop-ozone-reconcodegen-0.5.0-SNAPSHOT.jar:/root/.m2/repository/com/google/inject/extensions/guice-multibindings/4.0/guice-multibindings-4.0.jar:/root/.m2/repository/com/google/inject/guice/4.0/guice-4.0.jar:/root/.m2/repository/aopalliance/aopalliance/1.0/aopalliance-1.0.jar:/root/.m2/repository/com/google/inject/extensions/guice-servlet/4.0/guice-servlet-4.0.jar:/root/.m2/repository/org/glassfish/jersey/containers/jersey-container-servlet/2.27/jersey-container-servlet-2.27.jar:/root/.m2/repository/org/glassfish/hk2/guice-bridge/2.5.0/guice-bridge-2.5.0.jar:/root/.m2/repository/org/glassfish/jersey/core/jersey-server/2.27/jersey-server-2.27.jar:/root/.m2/repository/org/glassfish/jersey/core/jersey-client/2.27/jersey-client-2.27.jar:/root/.m2/repository/org/glassfish/jersey/media/jersey-media-jaxb/2.27/jersey-media-jaxb-2.27.jar:/root/.m2/repository/javax/validation/validation-api/1.1.0.Final/validation-api-1.1.0.Final.jar:/root/.m2/repository/org/glassfish/jersey/media/jersey-media-json-jackson/2.27/jersey-media-json-jackson-2.27.jar:/root/.m2/repository/org/glassfish/jersey/ext/jersey-entity-filtering/2.27/jersey-entity-filtering-2.27.jar:/root/.m2/repository/com/google/inject/extensions/guice-assistedinject/4.0/guice-assistedinject-4.0.jar:/root/.m2/repository/org/jooq/jooq/3.11.10/jooq-3.11.10.jar:/root/.m2/repository/org/jooq/jooq-meta/3.11.10/jooq-meta-3.11.10.jar:/root/.m2/repository/org/jooq/jooq-codegen/3.11.10/jooq-codegen-3.11.10.jar:/root/.m2/repository/com/jolbox/bonecp/0.8.0.RELEASE/bonecp-0.8.0.RELEASE.jar:/root/.m2/repository/org/xerial/sqlite-jdbc/3.25.2/sqlite-jdbc-3.25.2.jar:/root/.m2/repository/org/springframework/spring-jdbc/5.1.3.RELEASE/spring-jdbc-5.1.3.RELEASE.jar:/root/.m2/repository/org/springframework/spring-beans/5.1.3.RELEASE/spring-beans-5.1.3.RELEASE.jar:/root/.m2/repository/org/springframework/spring-core/5.1.3.RELEASE/spring-core-5.1.3.RELEASE.jar:/root/.m2/repository/org/springframework/spring-jcl/5.1.3.RELEASE/spring-jcl-5.1.3.RELEASE.jar:/root/.m2/repository/org/springframework/spring-tx/5.1.3.RELEASE/spring-tx-5.1.3.RELEASE.jar:/root/.m2/repository/org/apache/hadoop/hadoop-ozone-client/0.5.0-SNAPSHOT/hadoop-ozone-client-0.5.0-SNAPSHOT.jar:/root/.m2/repository/org/apache/hadoop/hadoop-ozone-ozone-manager/0.5.0-SNAPSHOT/hadoop-ozone-ozone-manager-0.5.0-SNAPSHOT-tests.jar:/root/.m2/repository/junit/junit/4.11/junit-4.11.jar:/root/.m2/repository/org/hamcrest/hamcrest-core/1.3/hamcrest-core-1.3.jar:/root/.m2/repository/org/openjdk/jmh/jmh-core/1.19/jmh-core-1.19.jar:/root/.m2/repository/net/sf/jopt-simple/jopt-simple/4.6/jopt-simple-4.6.jar:/root/.m2/repository/org/apache/commons/commons-math3/3.1.1/commons-math3-3.1.1.jar:/root/.m2/repository/org/openjdk/jmh/jmh-generator-annprocess/1.19/jmh-generator-annprocess-1.19.jar:/root/.m2/repository/org/mockito/mockito-all/1.8.5/mockito-all-1.8.5.jar:/root/.m2/repository/org/apache/hadoop/hadoop-kms/3.2.0/hadoop-kms-3.2.0.jar:/root/.m2/repository/org/apache/hadoop/hadoop-auth/3.2.0/hadoop-auth-3.2.0.jar:/root/.m2/repository/com/nimbusds/nimbus-jose-jwt/4.41.1/nimbus-jose-jwt-4.41.1.jar:/root/.m2/repository/com/github/stephenc/jcip/jcip-annotations/1.0-1/jcip-annotations-1.0-1.jar:/root/.m2/repository/net/minidev/json-smart/2.3/json-smart-2.3.jar:/root/.m2/repository/net/minidev/accessors-smart/1.2/accessors-smart-1.2.jar:/root/.m2/repository/org/ow2/asm/asm/5.0.4/asm-5.0.4.jar:/root/.m2/repository/org/apache/curator/curator-framework/2.12.0/curator-framework-2.12.0.jar:/root/.m2/repository/com/sun/jersey/jersey-core/1.19/jersey-core-1.19.jar:/root/.m2/repository/javax/ws/rs/jsr311-api/1.1.1/jsr311-api-1.1.1.jar:/root/.m2/repository/com/sun/jersey/jersey-server/1.19/jersey-server-1.19.jar:/root/.m2/repository/javax/servlet/javax.servlet-api/3.1.0/javax.servlet-api-3.1.0.jar:/root/.m2/repository/org/eclipse/jetty/jetty-server/9.3.24.v20180605/jetty-server-9.3.24.v20180605.jar:/root/.m2/repository/org/eclipse/jetty/jetty-http/9.3.24.v20180605/jetty-http-9.3.24.v20180605.jar:/root/.m2/repository/org/eclipse/jetty/jetty-io/9.3.24.v20180605/jetty-io-9.3.24.v20180605.jar:/root/.m2/repository/org/eclipse/jetty/jetty-webapp/9.3.24.v20180605/jetty-webapp-9.3.24.v20180605.jar:/root/.m2/repository/org/eclipse/jetty/jetty-xml/9.3.24.v20180605/jetty-xml-9.3.24.v20180605.jar:/root/.m2/repository/log4j/log4j/1.2.17/log4j-1.2.17.jar:/root/.m2/repository/org/slf4j/slf4j-api/1.7.25/slf4j-api-1.7.25.jar:/root/.m2/repository/org/slf4j/jul-to-slf4j/1.7.25/jul-to-slf4j-1.7.25.jar:/root/.m2/repository/org/eclipse/jetty/jetty-util/9.3.24.v20180605/jetty-util-9.3.24.v20180605.jar:/root/.m2/repository/io/dropwizard/metrics/metrics-core/3.2.4/metrics-core-3.2.4.jar:/root/.m2/repository/com/fasterxml/jackson/core/jackson-databind/2.9.5/jackson-databind-2.9.5.jar:/root/.m2/repository/org/apache/hadoop/hadoop-kms/3.2.0/hadoop-kms-3.2.0-tests.jar:/root/.m2/repository/org/apache/hadoop/hadoop-hdds-server-scm/0.5.0-SNAPSHOT/hadoop-hdds-server-scm-0.5.0-SNAPSHOT-tests.jar:/root/.m2/repository/org/hamcrest/hamcrest-all/1.3/hamcrest-all-1.3.jar:/root/.m2/repository/info/picocli/picocli/3.9.6/picocli-3.9.6.jar:/root/.m2/repository/org/apache/hadoop/hadoop-hdds-container-service/0.5.0-SNAPSHOT/hadoop-hdds-container-service-0.5.0-SNAPSHOT-tests.jar:/root/.m2/repository/org/yaml/snakeyaml/1.16/snakeyaml-1.16.jar:/root/.m2/repository/org/apache/hadoop/hadoop-common/3.2.0/hadoop-common-3.2.0-tests.jar:/root/.m2/repository/org/apache/hadoop/hadoop-annotations/3.2.0/hadoop-annotations-3.2.0.jar:/usr/lib/jvm/java-1.8-openjdk/jre/../lib/tools.jar:/root/.m2/repository/commons-cli/commons-cli/1.2/commons-cli-1.2.jar:/root/.m2/repository/org/apache/httpcomponents/httpclient/4.5.2/httpclient-4.5.2.jar:/root/.m2/repository/org/apache/httpcomponents/httpcore/4.4.4/httpcore-4.4.4.jar:/root/.m2/repository/commons-codec/commons-codec/1.11/commons-codec-1.11.jar:/root/.m2/repository/commons-net/commons-net/3.6/commons-net-3.6.jar:/root/.m2/repository/commons-collections/commons-collections/3.2.2/commons-collections-3.2.2.jar:/root/.m2/repository/org/eclipse/jetty/jetty-servlet/9.3.24.v20180605/jetty-servlet-9.3.24.v20180605.jar:/root/.m2/repository/org/eclipse/jetty/jetty-security/9.3.24.v20180605/jetty-security-9.3.24.v20180605.jar:/root/.m2/repository/javax/servlet/jsp/jsp-api/2.1/jsp-api-2.1.jar:/root/.m2/repository/com/sun/jersey/jersey-servlet/1.19/jersey-servlet-1.19.jar:/root/.m2/repository/com/sun/jersey/jersey-json/1.19/jersey-json-1.19.jar:/root/.m2/repository/org/codehaus/jettison/jettison/1.1/jettison-1.1.jar:/root/.m2/repository/org/codehaus/jackson/jackson-core-asl/1.9.13/jackson-core-asl-1.9.13.jar:/root/.m2/repository/org/codehaus/jackson/jackson-mapper-asl/1.9.13/jackson-mapper-asl-1.9.13.jar:/root/.m2/repository/org/codehaus/jackson/jackson-jaxrs/1.9.13/jackson-jaxrs-1.9.13.jar:/root/.m2/repository/org/codehaus/jackson/jackson-xc/1.9.13/jackson-xc-1.9.13.jar:/root/.m2/repository/commons-logging/commons-logging/1.1.3/commons-logging-1.1.3.jar:/root/.m2/repository/commons-beanutils/commons-beanutils/1.9.3/commons-beanutils-1.9.3.jar:/root/.m2/repository/org/apache/commons/commons-configuration2/2.1.1/commons-configuration2-2.1.1.jar:/root/.m2/repository/org/apache/commons/commons-lang3/3.7/commons-lang3-3.7.jar:/root/.m2/repository/org/apache/commons/commons-text/1.4/commons-text-1.4.jar:/root/.m2/repository/org/apache/avro/avro/1.7.7/avro-1.7.7.jar:/root/.m2/repository/com/thoughtworks/paranamer/paranamer/2.3/paranamer-2.3.jar:/root/.m2/repository/org/xerial/snappy/snappy-java/1.0.5/snappy-java-1.0.5.jar:/root/.m2/repository/com/google/re2j/re2j/1.1/re2j-1.1.jar:/root/.m2/repository/com/google/code/gson/gson/2.2.4/gson-2.2.4.jar:/root/.m2/repository/com/jcraft/jsch/0.1.54/jsch-0.1.54.jar:/root/.m2/repository/org/apache/curator/curator-client/2.12.0/curator-client-2.12.0.jar:/root/.m2/repository/org/apache/curator/curator-recipes/2.12.0/curator-recipes-2.12.0.jar:/root/.m2/repository/com/google/code/findbugs/jsr305/3.0.0/jsr305-3.0.0.jar:/root/.m2/repository/org/apache/htrace/htrace-core4/4.1.0-incubating/htrace-core4-4.1.0-incubating.jar:/root/.m2/repository/org/apache/zookeeper/zookeeper/3.4.13/zookeeper-3.4.13.jar:/root/.m2/repository/org/apache/yetus/audience-annotations/0.5.0/audience-annotations-0.5.0.jar:/root/.m2/repository/org/codehaus/woodstox/stax2-api/3.1.4/stax2-api-3.1.4.jar:/root/.m2/repository/com/fasterxml/woodstox/woodstox-core/5.0.3/woodstox-core-5.0.3.jar:/root/.m2/repository/dnsjava/dnsjava/2.1.7/dnsjava-2.1.7.jar:/root/.m2/repository/org/apache/hadoop/hadoop-hdfs/3.2.0/hadoop-hdfs-3.2.0-tests.jar:/root/.m2/repository/org/eclipse/jetty/jetty-util-ajax/9.3.24.v20180605/jetty-util-ajax-9.3.24.v20180605.jar:/root/.m2/repository/commons-daemon/commons-daemon/1.0.13/commons-daemon-1.0.13.jar:/root/.m2/repository/io/netty/netty/3.10.5.Final/netty-3.10.5.Final.jar:/root/.m2/repository/io/netty/netty-all/4.0.52.Final/netty-all-4.0.52.Final.jar:/root/.m2/repository/org/fusesource/leveldbjni/leveldbjni-all/1.8/leveldbjni-all-1.8.jar:"/>
    <property name="sun.cpu.endian" value="little"/>
    <property name="user.home" value="/root"/>
    <property name="user.language" value="en"/>
    <property name="java.specification.vendor" value="Oracle Corporation"/>
    <property name="java.home" value="/usr/lib/jvm/java-1.8-openjdk/jre"/>
    <property name="java.security.krb5.conf" value="/opt/src/hadoop-ozone/integration-test/target/test-classes/krb5.conf"/>
    <property name="basedir" value="/opt/src/hadoop-ozone/integration-test"/>
    <property name="file.separator" value="/"/>
    <property name="line.separator" value="&#10;"/>
    <property name="java.vm.specification.vendor" value="Oracle Corporation"/>
    <property name="java.specification.name" value="Java Platform API Specification"/>
    <property name="java.awt.graphicsenv" value="sun.awt.X11GraphicsEnvironment"/>
    <property name="surefire.real.class.path" value="/opt/src/hadoop-ozone/integration-test/target/surefire/surefirebooter5269434879214580133.jar"/>
    <property name="hadoop.log.dir" value="/opt/src/hadoop-ozone/integration-test/target/log"/>
    <property name="sun.boot.class.path" value="/usr/lib/jvm/java-1.8-openjdk/jre/lib/resources.jar:/usr/lib/jvm/java-1.8-openjdk/jre/lib/rt.jar:/usr/lib/jvm/java-1.8-openjdk/jre/lib/sunrsasign.jar:/usr/lib/jvm/java-1.8-openjdk/jre/lib/jsse.jar:/usr/lib/jvm/java-1.8-openjdk/jre/lib/jce.jar:/usr/lib/jvm/java-1.8-openjdk/jre/lib/charsets.jar:/usr/lib/jvm/java-1.8-openjdk/jre/lib/jfr.jar:/usr/lib/jvm/java-1.8-openjdk/jre/classes"/>
    <property name="sun.management.compiler" value="HotSpot 64-Bit Tiered Compilers"/>
    <property name="java.runtime.version" value="1.8.0_212-b04"/>
    <property name="java.net.preferIPv4Stack" value="true"/>
    <property name="user.name" value="root"/>
    <property name="path.separator" value=":"/>
    <property name="java.security.egd" value="file:///dev/urandom"/>
    <property name="os.version" value="4.15.0-1021-aws"/>
    <property name="java.endorsed.dirs" value="/usr/lib/jvm/java-1.8-openjdk/jre/lib/endorsed"/>
    <property name="java.runtime.name" value="OpenJDK Runtime Environment"/>
    <property name="file.encoding" value="UTF-8"/>
    <property name="java.vm.name" value="OpenJDK 64-Bit Server VM"/>
    <property name="test.build.webapps" value=""/>
    <property name="localRepository" value="/root/.m2/repository"/>
    <property name="java.vendor.url.bug" value="https://icedtea.classpath.org/bugzilla"/>
    <property name="java.io.tmpdir" value="/tmp"/>
    <property name="require.test.libhadoop" value=""/>
    <property name="java.version" value="1.8.0_212"/>
    <property name="user.dir" value="/opt/src/hadoop-ozone/integration-test"/>
    <property name="os.arch" value="amd64"/>
    <property name="java.vm.specification.name" value="Java Virtual Machine Specification"/>
    <property name="test.build.classes" value="/opt/src/hadoop-ozone/integration-test/target/test-classes"/>
    <property name="java.awt.printerjob" value="sun.print.PSPrinterJob"/>
    <property name="sun.os.patch.level" value="unknown"/>
    <property name="hadoop.tmp.dir" value="/opt/src/hadoop-ozone/integration-test/target/tmp"/>
    <property name="java.library.path" value="/usr/lib/jvm/java-1.8-openjdk/jre/lib/amd64/server:/usr/lib/jvm/java-1.8-openjdk/jre/lib/amd64:/usr/lib/jvm/java-1.8-openjdk/jre/../lib/amd64:/opt/src/hadoop-ozone/integration-test/target/native/target/usr/local/lib:/opt/src/hadoop-ozone/integration-test/../../hadoop-common-project/hadoop-common/target/native/target/usr/local/lib:/usr/java/packages/lib/amd64:/usr/lib64:/lib64:/lib:/usr/lib"/>
    <property name="java.vm.info" value="mixed mode"/>
    <property name="java.vendor" value="IcedTea"/>
    <property name="java.vm.version" value="25.212-b04"/>
    <property name="java.ext.dirs" value="/usr/lib/jvm/java-1.8-openjdk/jre/lib/ext:/usr/java/packages/lib/ext"/>
    <property name="sun.io.unicode.encoding" value="UnicodeLittle"/>
    <property name="java.class.version" value="52.0"/>
  </properties>
  <testcase name="testBlockDeletion" classname="org.apache.hadoop.ozone.container.common.statemachine.commandhandler.TestBlockDeletion" time="49.691">
    <failure message="expected null, but was:&lt;[B@250d440&gt;" type="java.lang.AssertionError"><![CDATA[java.lang.AssertionError: expected null, but was:<[B@250d440>
	at org.junit.Assert.fail(Assert.java:88)
	at org.junit.Assert.failNotNull(Assert.java:664)
	at org.junit.Assert.assertNull(Assert.java:646)
	at org.junit.Assert.assertNull(Assert.java:656)
	at org.apache.hadoop.ozone.container.common.statemachine.commandhandler.TestBlockDeletion.lambda$verifyBlocksDeleted$3(TestBlockDeletion.java:323)
	at org.apache.hadoop.ozone.OzoneTestUtils.performOperationOnKeyContainers(OzoneTestUtils.java:96)
	at org.apache.hadoop.ozone.container.common.statemachine.commandhandler.TestBlockDeletion.verifyBlocksDeleted(TestBlockDeletion.java:317)
	at org.apache.hadoop.ozone.container.common.statemachine.commandhandler.TestBlockDeletion.testBlockDeletion(TestBlockDeletion.java:177)
	at sun.reflect.NativeMethodAccessorImpl.invoke0(Native Method)
	at sun.reflect.NativeMethodAccessorImpl.invoke(NativeMethodAccessorImpl.java:62)
	at sun.reflect.DelegatingMethodAccessorImpl.invoke(DelegatingMethodAccessorImpl.java:43)
	at java.lang.reflect.Method.invoke(Method.java:498)
	at org.junit.runners.model.FrameworkMethod$1.runReflectiveCall(FrameworkMethod.java:47)
	at org.junit.internal.runners.model.ReflectiveCallable.run(ReflectiveCallable.java:12)
	at org.junit.runners.model.FrameworkMethod.invokeExplosively(FrameworkMethod.java:44)
	at org.junit.internal.runners.statements.InvokeMethod.evaluate(InvokeMethod.java:17)
	at org.junit.runners.ParentRunner.runLeaf(ParentRunner.java:271)
	at org.junit.runners.BlockJUnit4ClassRunner.runChild(BlockJUnit4ClassRunner.java:70)
	at org.junit.runners.BlockJUnit4ClassRunner.runChild(BlockJUnit4ClassRunner.java:50)
	at org.junit.runners.ParentRunner$3.run(ParentRunner.java:238)
	at org.junit.runners.ParentRunner$1.schedule(ParentRunner.java:63)
	at org.junit.runners.ParentRunner.runChildren(ParentRunner.java:236)
	at org.junit.runners.ParentRunner.access$000(ParentRunner.java:53)
	at org.junit.runners.ParentRunner$2.evaluate(ParentRunner.java:229)
	at org.junit.internal.runners.statements.RunBefores.evaluate(RunBefores.java:26)
	at org.junit.runners.ParentRunner.run(ParentRunner.java:309)
	at org.apache.maven.surefire.junit4.JUnit4Provider.execute(JUnit4Provider.java:365)
	at org.apache.maven.surefire.junit4.JUnit4Provider.executeWithRerun(JUnit4Provider.java:273)
	at org.apache.maven.surefire.junit4.JUnit4Provider.executeTestSet(JUnit4Provider.java:238)
	at org.apache.maven.surefire.junit4.JUnit4Provider.invoke(JUnit4Provider.java:159)
	at org.apache.maven.surefire.booter.ForkedBooter.invokeProviderInSameClassLoader(ForkedBooter.java:384)
	at org.apache.maven.surefire.booter.ForkedBooter.runSuitesInProcess(ForkedBooter.java:345)
	at org.apache.maven.surefire.booter.ForkedBooter.execute(ForkedBooter.java:126)
	at org.apache.maven.surefire.booter.ForkedBooter.main(ForkedBooter.java:418)
]]></failure>
    <system-out><![CDATA[2019-06-13 13:50:12,278 WARN  server.ServerUtils (ServerUtils.java:getScmDbDir(145)) - ozone.scm.db.dirs is not configured. We recommend adding this setting. Falling back to ozone.metadata.dirs instead.
2019-06-13 13:50:12,352 WARN  server.ServerUtils (ServerUtils.java:getScmDbDir(145)) - ozone.scm.db.dirs is not configured. We recommend adding this setting. Falling back to ozone.metadata.dirs instead.
2019-06-13 13:50:12,355 WARN  server.ServerUtils (ServerUtils.java:getScmDbDir(145)) - ozone.scm.db.dirs is not configured. We recommend adding this setting. Falling back to ozone.metadata.dirs instead.
2019-06-13 13:50:12,366 INFO  util.log (Log.java:initialized(192)) - Logging initialized @704ms
2019-06-13 13:50:12,459 INFO  db.DBStoreBuilder (DBStoreBuilder.java:addTable(110)) - using custom profile for table: deletedBlocks
2019-06-13 13:50:12,459 INFO  db.DBStoreBuilder (DBStoreBuilder.java:processTables(161)) - Using default column profile:DBProfile.DISK for Table:deletedBlocks
2019-06-13 13:50:12,460 INFO  db.DBStoreBuilder (DBStoreBuilder.java:addTable(110)) - using custom profile for table: validCerts
2019-06-13 13:50:12,461 INFO  db.DBStoreBuilder (DBStoreBuilder.java:processTables(161)) - Using default column profile:DBProfile.DISK for Table:validCerts
2019-06-13 13:50:12,461 INFO  db.DBStoreBuilder (DBStoreBuilder.java:addTable(110)) - using custom profile for table: revokedCerts
2019-06-13 13:50:12,461 INFO  db.DBStoreBuilder (DBStoreBuilder.java:processTables(161)) - Using default column profile:DBProfile.DISK for Table:revokedCerts
2019-06-13 13:50:12,473 INFO  db.DBStoreBuilder (DBStoreBuilder.java:addTable(110)) - using custom profile for table: default
2019-06-13 13:50:12,474 INFO  db.DBStoreBuilder (DBStoreBuilder.java:processTables(167)) - Using default column profile:DBProfile.DISK for Table:default
2019-06-13 13:50:12,475 INFO  db.DBStoreBuilder (DBStoreBuilder.java:getDbProfile(198)) - Using default options. DBProfile.DISK
2019-06-13 13:50:12,547 INFO  node.SCMNodeManager (SCMNodeManager.java:<init>(108)) - Entering startup safe mode.
2019-06-13 13:50:12,603 INFO  net.NodeSchemaLoader (NodeSchemaLoader.java:loadSchemaFromFile(125)) - Loading file from sun.misc.CompoundEnumeration@702657cc
2019-06-13 13:50:12,604 INFO  net.NodeSchemaLoader (NodeSchemaLoader.java:loadSchema(171)) - Loading network topology layer schema file
2019-06-13 13:50:12,651 WARN  server.ServerUtils (ServerUtils.java:getScmDbDir(145)) - ozone.scm.db.dirs is not configured. We recommend adding this setting. Falling back to ozone.metadata.dirs instead.
2019-06-13 13:50:12,671 INFO  pipeline.SCMPipelineManager (SCMPipelineManager.java:initializePipelineState(126)) - No pipeline exists in current db
2019-06-13 13:50:12,672 WARN  server.ServerUtils (ServerUtils.java:getScmDbDir(145)) - ozone.scm.db.dirs is not configured. We recommend adding this setting. Falling back to ozone.metadata.dirs instead.
2019-06-13 13:50:12,718 WARN  events.EventQueue (EventQueue.java:fireEvent(175)) - No event handler registered for event TypedEvent{payloadType=SafeModeStatus, name='SafeModeStatus'}
2019-06-13 13:50:12,974 INFO  ipc.CallQueueManager (CallQueueManager.java:<init>(84)) - Using callQueue: class java.util.concurrent.LinkedBlockingQueue, queueCapacity: 2000, scheduler: class org.apache.hadoop.ipc.DefaultRpcScheduler, ipcBackoff: false.
2019-06-13 13:50:13,001 INFO  ipc.Server (Server.java:run(1074)) - Starting Socket Reader #1 for port 36277
2019-06-13 13:50:13,022 INFO  ipc.CallQueueManager (CallQueueManager.java:<init>(84)) - Using callQueue: class java.util.concurrent.LinkedBlockingQueue, queueCapacity: 2000, scheduler: class org.apache.hadoop.ipc.DefaultRpcScheduler, ipcBackoff: false.
2019-06-13 13:50:13,054 INFO  ipc.Server (Server.java:run(1074)) - Starting Socket Reader #1 for port 36063
2019-06-13 13:50:13,060 INFO  ipc.CallQueueManager (CallQueueManager.java:<init>(84)) - Using callQueue: class java.util.concurrent.LinkedBlockingQueue, queueCapacity: 2000, scheduler: class org.apache.hadoop.ipc.DefaultRpcScheduler, ipcBackoff: false.
2019-06-13 13:50:13,061 INFO  ipc.Server (Server.java:run(1074)) - Starting Socket Reader #1 for port 41235
2019-06-13 13:50:13,104 INFO  hdfs.DFSUtil (DFSUtil.java:httpServerTemplateForNNAndJN(1641)) - Starting Web-server for scm at: http://0.0.0.0:0
2019-06-13 13:50:13,242 INFO  server.AuthenticationFilter (AuthenticationFilter.java:constructSecretProvider(240)) - Unable to initialize FileSignerSecretProvider, falling back to use random secrets.
2019-06-13 13:50:13,249 WARN  http.HttpRequestLog (HttpRequestLog.java:getRequestLog(97)) - Jetty request log can only be enabled using Log4j
2019-06-13 13:50:13,257 INFO  http.HttpServer2 (HttpServer2.java:addGlobalFilter(975)) - Added global filter 'safety' (class=org.apache.hadoop.http.HttpServer2$QuotingInputFilter)
2019-06-13 13:50:13,259 INFO  http.HttpServer2 (HttpServer2.java:addFilter(948)) - Added filter static_user_filter (class=org.apache.hadoop.http.lib.StaticUserWebFilter$StaticUserFilter) to context scm
2019-06-13 13:50:13,260 INFO  http.HttpServer2 (HttpServer2.java:addFilter(958)) - Added filter static_user_filter (class=org.apache.hadoop.http.lib.StaticUserWebFilter$StaticUserFilter) to context static
2019-06-13 13:50:13,260 INFO  http.HttpServer2 (HttpServer2.java:addFilter(958)) - Added filter static_user_filter (class=org.apache.hadoop.http.lib.StaticUserWebFilter$StaticUserFilter) to context logs
2019-06-13 13:50:13,286 INFO  server.StorageContainerManager (StorageContainerManager.java:start(752)) - StorageContainerLocationProtocol RPC server is listening at /0.0.0.0:41235
2019-06-13 13:50:13,340 WARN  impl.MetricsConfig (MetricsConfig.java:loadFirst(134)) - Cannot locate configuration: tried hadoop-metrics2-storagecontainermanager.properties,hadoop-metrics2.properties
2019-06-13 13:50:13,352 INFO  impl.MetricsSystemImpl (MetricsSystemImpl.java:startTimer(374)) - Scheduled Metric snapshot period at 10 second(s).
2019-06-13 13:50:13,353 INFO  impl.MetricsSystemImpl (MetricsSystemImpl.java:start(191)) - StorageContainerManager metrics system started
2019-06-13 13:50:13,513 INFO  server.SCMClientProtocolServer (SCMClientProtocolServer.java:start(149)) - RPC server for Client  is listening at /0.0.0.0:41235
2019-06-13 13:50:13,513 INFO  ipc.Server (Server.java:run(1314)) - IPC Server Responder: starting
2019-06-13 13:50:13,514 INFO  ipc.Server (Server.java:run(1153)) - IPC Server listener on 41235: starting
2019-06-13 13:50:13,519 INFO  server.StorageContainerManager (StorageContainerManager.java:start(761)) - ScmBlockLocationProtocol RPC server is listening at /0.0.0.0:36063
2019-06-13 13:50:13,519 INFO  server.SCMBlockProtocolServer (SCMBlockProtocolServer.java:start(137)) - RPC server for Block Protocol is listening at /0.0.0.0:36063
2019-06-13 13:50:13,519 INFO  ipc.Server (Server.java:run(1314)) - IPC Server Responder: starting
2019-06-13 13:50:13,519 INFO  ipc.Server (Server.java:run(1153)) - IPC Server listener on 36063: starting
2019-06-13 13:50:13,521 INFO  server.StorageContainerManager (StorageContainerManager.java:start(765)) - ScmDatanodeProtocl RPC server is listening at /0.0.0.0:36277
2019-06-13 13:50:13,521 INFO  server.SCMDatanodeProtocolServer (SCMDatanodeProtocolServer.java:start(191)) - RPC server for DataNodes is listening at /0.0.0.0:36277
2019-06-13 13:50:13,521 INFO  ipc.Server (Server.java:run(1314)) - IPC Server Responder: starting
2019-06-13 13:50:13,521 INFO  ipc.Server (Server.java:run(1153)) - IPC Server listener on 36277: starting
2019-06-13 13:50:13,524 INFO  http.HttpServer2 (HttpServer2.java:bindListener(1191)) - Jetty bound to port 37127
2019-06-13 13:50:13,525 INFO  server.Server (Server.java:doStart(351)) - jetty-9.3.24.v20180605, build timestamp: 2018-06-05T17:11:56Z, git hash: 84205aa28f11a4f31f2a3b86d1bba2cc8ab69827
2019-06-13 13:50:13,558 INFO  handler.ContextHandler (ContextHandler.java:doStart(781)) - Started o.e.j.s.ServletContextHandler@12c7a01b{/logs,file:///opt/src/hadoop-ozone/integration-test/target/log,AVAILABLE}
2019-06-13 13:50:13,559 INFO  handler.ContextHandler (ContextHandler.java:doStart(781)) - Started o.e.j.s.ServletContextHandler@2826f61{/static,file:///opt/src/hadoop-ozone/integration-test/target/test-classes/webapps/static,AVAILABLE}
2019-06-13 13:50:13,591 INFO  handler.ContextHandler (ContextHandler.java:doStart(781)) - Started o.e.j.w.WebAppContext@37f21974{/,file:///opt/src/hadoop-ozone/integration-test/target/test-classes/webapps/scm/,AVAILABLE}{/scm}
2019-06-13 13:50:13,596 INFO  server.AbstractConnector (AbstractConnector.java:doStart(278)) - Started ServerConnector@5fb97279{HTTP/1.1,[http/1.1]}{0.0.0.0:37127}
2019-06-13 13:50:13,597 INFO  server.Server (Server.java:doStart(419)) - Started @1935ms
2019-06-13 13:50:13,598 INFO  server.BaseHttpServer (BaseHttpServer.java:updateConnectorAddress(207)) - HTTP server of SCM is listening at http://0.0.0.0:37127
2019-06-13 13:50:13,601 DEBUG block.SCMBlockDeletingService (SCMBlockDeletingService.java:call(138)) - Running DeletedBlockTransactionScanner
2019-06-13 13:50:13,604 INFO  util.JvmPauseMonitor (JvmPauseMonitor.java:run(188)) - Starting JVM pause monitor
2019-06-13 13:50:13,606 WARN  scm.ScmUtils (ScmUtils.java:getDBPath(63)) - ozone.om.db.dirs is not configured. We recommend adding this setting. Falling back to ozone.metadata.dirs instead.
2019-06-13 13:50:13,607 DEBUG block.SCMBlockDeletingService (SCMBlockDeletingService.java:call(155)) - Scanned deleted blocks log and got 0 delTX to process.
2019-06-13 13:50:13,677 WARN  scm.ScmUtils (ScmUtils.java:getDBPath(63)) - ozone.om.db.dirs is not configured. We recommend adding this setting. Falling back to ozone.metadata.dirs instead.
2019-06-13 13:50:13,678 INFO  om.OzoneManager (OzoneManager.java:setOMNodeDetails(519)) - OM Service ID is not set. Setting it to the default ID: omServiceIdDefault
2019-06-13 13:50:13,678 INFO  om.OzoneManager (OzoneManager.java:setOMNodeDetails(525)) - OM Node ID is not set. Setting it to the OmStorage's OmID: cb1d3b67-fb05-465c-852b-7860762746f3
2019-06-13 13:50:13,679 WARN  scm.HddsServerUtil (HddsServerUtil.java:getDefaultRatisDirectory(354)) - Storage directory for Ratis is not configured. It is a good idea to map this to an SSD disk. Falling back to ozone.metadata.dirs
2019-06-13 13:50:13,679 WARN  scm.HddsServerUtil (HddsServerUtil.java:getDefaultRatisDirectory(354)) - Storage directory for Ratis is not configured. It is a good idea to map this to an SSD disk. Falling back to ozone.metadata.dirs
2019-06-13 13:50:13,680 INFO  om.OzoneManager (OzoneManager.java:loadOMHAConfigs(476)) - Found matching OM address with OMServiceId: null, OMNodeId: null, RPC Address: localhost:0 and Ratis port: 9872
2019-06-13 13:50:13,708 DEBUG block.SCMBlockDeletingService (SCMBlockDeletingService.java:call(138)) - Running DeletedBlockTransactionScanner
2019-06-13 13:50:13,709 DEBUG block.SCMBlockDeletingService (SCMBlockDeletingService.java:call(155)) - Scanned deleted blocks log and got 0 delTX to process.
2019-06-13 13:50:13,809 DEBUG block.SCMBlockDeletingService (SCMBlockDeletingService.java:call(138)) - Running DeletedBlockTransactionScanner
2019-06-13 13:50:13,809 DEBUG block.SCMBlockDeletingService (SCMBlockDeletingService.java:call(155)) - Scanned deleted blocks log and got 0 delTX to process.
2019-06-13 13:50:13,844 WARN  scm.ScmUtils (ScmUtils.java:getDBPath(63)) - ozone.om.db.dirs is not configured. We recommend adding this setting. Falling back to ozone.metadata.dirs instead.
2019-06-13 13:50:13,849 INFO  db.DBStoreBuilder (DBStoreBuilder.java:addTable(110)) - using custom profile for table: userTable
2019-06-13 13:50:13,849 INFO  db.DBStoreBuilder (DBStoreBuilder.java:processTables(161)) - Using default column profile:DBProfile.DISK for Table:userTable
2019-06-13 13:50:13,849 INFO  db.DBStoreBuilder (DBStoreBuilder.java:addTable(110)) - using custom profile for table: volumeTable
2019-06-13 13:50:13,849 INFO  db.DBStoreBuilder (DBStoreBuilder.java:processTables(161)) - Using default column profile:DBProfile.DISK for Table:volumeTable
2019-06-13 13:50:13,850 INFO  db.DBStoreBuilder (DBStoreBuilder.java:addTable(110)) - using custom profile for table: bucketTable
2019-06-13 13:50:13,850 INFO  db.DBStoreBuilder (DBStoreBuilder.java:processTables(161)) - Using default column profile:DBProfile.DISK for Table:bucketTable
2019-06-13 13:50:13,850 INFO  db.DBStoreBuilder (DBStoreBuilder.java:addTable(110)) - using custom profile for table: keyTable
2019-06-13 13:50:13,850 INFO  db.DBStoreBuilder (DBStoreBuilder.java:processTables(161)) - Using default column profile:DBProfile.DISK for Table:keyTable
2019-06-13 13:50:13,851 INFO  db.DBStoreBuilder (DBStoreBuilder.java:addTable(110)) - using custom profile for table: deletedTable
2019-06-13 13:50:13,851 INFO  db.DBStoreBuilder (DBStoreBuilder.java:processTables(161)) - Using default column profile:DBProfile.DISK for Table:deletedTable
2019-06-13 13:50:13,851 INFO  db.DBStoreBuilder (DBStoreBuilder.java:addTable(110)) - using custom profile for table: openKeyTable
2019-06-13 13:50:13,851 INFO  db.DBStoreBuilder (DBStoreBuilder.java:processTables(161)) - Using default column profile:DBProfile.DISK for Table:openKeyTable
2019-06-13 13:50:13,851 INFO  db.DBStoreBuilder (DBStoreBuilder.java:addTable(110)) - using custom profile for table: s3Table
2019-06-13 13:50:13,851 INFO  db.DBStoreBuilder (DBStoreBuilder.java:processTables(161)) - Using default column profile:DBProfile.DISK for Table:s3Table
2019-06-13 13:50:13,851 INFO  db.DBStoreBuilder (DBStoreBuilder.java:addTable(110)) - using custom profile for table: multipartInfoTable
2019-06-13 13:50:13,852 INFO  db.DBStoreBuilder (DBStoreBuilder.java:processTables(161)) - Using default column profile:DBProfile.DISK for Table:multipartInfoTable
2019-06-13 13:50:13,852 INFO  db.DBStoreBuilder (DBStoreBuilder.java:addTable(110)) - using custom profile for table: dTokenTable
2019-06-13 13:50:13,852 INFO  db.DBStoreBuilder (DBStoreBuilder.java:processTables(161)) - Using default column profile:DBProfile.DISK for Table:dTokenTable
2019-06-13 13:50:13,853 INFO  db.DBStoreBuilder (DBStoreBuilder.java:addTable(110)) - using custom profile for table: s3SecretTable
2019-06-13 13:50:13,853 INFO  db.DBStoreBuilder (DBStoreBuilder.java:processTables(161)) - Using default column profile:DBProfile.DISK for Table:s3SecretTable
2019-06-13 13:50:13,853 INFO  db.DBStoreBuilder (DBStoreBuilder.java:addTable(110)) - using custom profile for table: prefixTable
2019-06-13 13:50:13,853 INFO  db.DBStoreBuilder (DBStoreBuilder.java:processTables(161)) - Using default column profile:DBProfile.DISK for Table:prefixTable
2019-06-13 13:50:13,854 INFO  db.DBStoreBuilder (DBStoreBuilder.java:addTable(110)) - using custom profile for table: default
2019-06-13 13:50:13,854 INFO  db.DBStoreBuilder (DBStoreBuilder.java:processTables(167)) - Using default column profile:DBProfile.DISK for Table:default
2019-06-13 13:50:13,854 INFO  db.DBStoreBuilder (DBStoreBuilder.java:getDbProfile(198)) - Using default options. DBProfile.DISK
2019-06-13 13:50:13,910 DEBUG block.SCMBlockDeletingService (SCMBlockDeletingService.java:call(138)) - Running DeletedBlockTransactionScanner
2019-06-13 13:50:13,910 DEBUG block.SCMBlockDeletingService (SCMBlockDeletingService.java:call(155)) - Scanned deleted blocks log and got 0 delTX to process.
2019-06-13 13:50:14,011 DEBUG block.SCMBlockDeletingService (SCMBlockDeletingService.java:call(138)) - Running DeletedBlockTransactionScanner
2019-06-13 13:50:14,011 DEBUG block.SCMBlockDeletingService (SCMBlockDeletingService.java:call(155)) - Scanned deleted blocks log and got 0 delTX to process.
2019-06-13 13:50:14,112 DEBUG block.SCMBlockDeletingService (SCMBlockDeletingService.java:call(138)) - Running DeletedBlockTransactionScanner
2019-06-13 13:50:14,112 DEBUG block.SCMBlockDeletingService (SCMBlockDeletingService.java:call(155)) - Scanned deleted blocks log and got 0 delTX to process.
2019-06-13 13:50:14,212 DEBUG block.SCMBlockDeletingService (SCMBlockDeletingService.java:call(138)) - Running DeletedBlockTransactionScanner
2019-06-13 13:50:14,213 DEBUG block.SCMBlockDeletingService (SCMBlockDeletingService.java:call(155)) - Scanned deleted blocks log and got 0 delTX to process.
2019-06-13 13:50:14,313 DEBUG block.SCMBlockDeletingService (SCMBlockDeletingService.java:call(138)) - Running DeletedBlockTransactionScanner
2019-06-13 13:50:14,314 DEBUG block.SCMBlockDeletingService (SCMBlockDeletingService.java:call(155)) - Scanned deleted blocks log and got 0 delTX to process.
2019-06-13 13:50:14,324 INFO  ipc.CallQueueManager (CallQueueManager.java:<init>(84)) - Using callQueue: class java.util.concurrent.LinkedBlockingQueue, queueCapacity: 2000, scheduler: class org.apache.hadoop.ipc.DefaultRpcScheduler, ipcBackoff: false.
2019-06-13 13:50:14,324 INFO  ipc.Server (Server.java:run(1074)) - Starting Socket Reader #1 for port 38935
2019-06-13 13:50:14,344 WARN  scm.ScmUtils (ScmUtils.java:getDBPath(63)) - ozone.om.db.dirs is not configured. We recommend adding this setting. Falling back to ozone.metadata.dirs instead.
2019-06-13 13:50:14,344 INFO  om.OzoneManager (OzoneManager.java:start(1217)) - OzoneManager RPC server is listening at localhost/127.0.0.1:38935
2019-06-13 13:50:14,344 INFO  impl.MetricsSystemImpl (MetricsSystemImpl.java:init(158)) - OzoneManager metrics system started (again)
2019-06-13 13:50:14,345 INFO  ipc.Server (Server.java:run(1314)) - IPC Server Responder: starting
2019-06-13 13:50:14,345 INFO  ipc.Server (Server.java:run(1153)) - IPC Server listener on 38935: starting
2019-06-13 13:50:14,360 INFO  hdfs.DFSUtil (DFSUtil.java:httpServerTemplateForNNAndJN(1641)) - Starting Web-server for ozoneManager at: http://0.0.0.0:0
2019-06-13 13:50:14,361 INFO  server.AuthenticationFilter (AuthenticationFilter.java:constructSecretProvider(240)) - Unable to initialize FileSignerSecretProvider, falling back to use random secrets.
2019-06-13 13:50:14,361 WARN  http.HttpRequestLog (HttpRequestLog.java:getRequestLog(97)) - Jetty request log can only be enabled using Log4j
2019-06-13 13:50:14,363 INFO  http.HttpServer2 (HttpServer2.java:addGlobalFilter(975)) - Added global filter 'safety' (class=org.apache.hadoop.http.HttpServer2$QuotingInputFilter)
2019-06-13 13:50:14,364 INFO  http.HttpServer2 (HttpServer2.java:addFilter(948)) - Added filter static_user_filter (class=org.apache.hadoop.http.lib.StaticUserWebFilter$StaticUserFilter) to context ozoneManager
2019-06-13 13:50:14,365 INFO  http.HttpServer2 (HttpServer2.java:addFilter(958)) - Added filter static_user_filter (class=org.apache.hadoop.http.lib.StaticUserWebFilter$StaticUserFilter) to context logs
2019-06-13 13:50:14,365 INFO  http.HttpServer2 (HttpServer2.java:addFilter(958)) - Added filter static_user_filter (class=org.apache.hadoop.http.lib.StaticUserWebFilter$StaticUserFilter) to context static
2019-06-13 13:50:14,367 INFO  http.HttpServer2 (HttpServer2.java:bindListener(1191)) - Jetty bound to port 40487
2019-06-13 13:50:14,367 INFO  server.Server (Server.java:doStart(351)) - jetty-9.3.24.v20180605, build timestamp: 2018-06-05T17:11:56Z, git hash: 84205aa28f11a4f31f2a3b86d1bba2cc8ab69827
2019-06-13 13:50:14,370 INFO  handler.ContextHandler (ContextHandler.java:doStart(781)) - Started o.e.j.s.ServletContextHandler@378bd86d{/logs,file:///opt/src/hadoop-ozone/integration-test/target/log,AVAILABLE}
2019-06-13 13:50:14,371 INFO  handler.ContextHandler (ContextHandler.java:doStart(781)) - Started o.e.j.s.ServletContextHandler@69b2f8e5{/static,file:///opt/src/hadoop-ozone/integration-test/target/test-classes/webapps/static,AVAILABLE}
2019-06-13 13:50:14,375 INFO  handler.ContextHandler (ContextHandler.java:doStart(781)) - Started o.e.j.w.WebAppContext@43b0ade{/,file:///opt/src/hadoop-ozone/integration-test/target/test-classes/webapps/ozoneManager/,AVAILABLE}{/ozoneManager}
2019-06-13 13:50:14,376 INFO  server.AbstractConnector (AbstractConnector.java:doStart(278)) - Started ServerConnector@5395ea39{HTTP/1.1,[http/1.1]}{0.0.0.0:40487}
2019-06-13 13:50:14,376 INFO  server.Server (Server.java:doStart(419)) - Started @2714ms
2019-06-13 13:50:14,377 INFO  server.BaseHttpServer (BaseHttpServer.java:updateConnectorAddress(207)) - HTTP server of OZONEMANAGER is listening at http://0.0.0.0:40487
2019-06-13 13:50:14,414 DEBUG block.SCMBlockDeletingService (SCMBlockDeletingService.java:call(138)) - Running DeletedBlockTransactionScanner
2019-06-13 13:50:14,414 DEBUG block.SCMBlockDeletingService (SCMBlockDeletingService.java:call(155)) - Scanned deleted blocks log and got 0 delTX to process.
2019-06-13 13:50:14,480 INFO  impl.MetricsSystemImpl (MetricsSystemImpl.java:init(158)) - HddsDatanode metrics system started (again)
2019-06-13 13:50:14,561 DEBUG block.SCMBlockDeletingService (SCMBlockDeletingService.java:call(138)) - Running DeletedBlockTransactionScanner
2019-06-13 13:50:14,561 DEBUG block.SCMBlockDeletingService (SCMBlockDeletingService.java:call(155)) - Scanned deleted blocks log and got 0 delTX to process.
2019-06-13 13:50:14,609 INFO  ozone.HddsDatanodeService (HddsDatanodeService.java:start(185)) - HddsDatanodeService host:ozone-s9v57-3710753675 ip:192.168.46.37
2019-06-13 13:50:14,630 INFO  volume.HddsVolume (HddsVolume.java:<init>(176)) - Creating Volume: /opt/src/hadoop-ozone/integration-test/target/test-dir/MiniOzoneClusterImpl-c05bfa39-b333-4767-bc96-5a78f3430938/datanode-0/data/containers/hdds of  storage type : DISK and capacity : 104021790720
2019-06-13 13:50:14,631 INFO  volume.VolumeSet (VolumeSet.java:initializeVolumeSet(170)) - Added Volume : /opt/src/hadoop-ozone/integration-test/target/test-dir/MiniOzoneClusterImpl-c05bfa39-b333-4767-bc96-5a78f3430938/datanode-0/data/containers/hdds to VolumeSet
2019-06-13 13:50:14,634 INFO  volume.ThrottledAsyncChecker (ThrottledAsyncChecker.java:schedule(140)) - Scheduling a check for org.apache.hadoop.ozone.container.common.volume.HddsVolume@ae7950d
2019-06-13 13:50:14,647 INFO  volume.HddsVolumeChecker (HddsVolumeChecker.java:checkAllVolumes(203)) - Scheduled health check for volume org.apache.hadoop.ozone.container.common.volume.HddsVolume@ae7950d
2019-06-13 13:50:14,661 DEBUG block.SCMBlockDeletingService (SCMBlockDeletingService.java:call(138)) - Running DeletedBlockTransactionScanner
2019-06-13 13:50:14,662 DEBUG block.SCMBlockDeletingService (SCMBlockDeletingService.java:call(155)) - Scanned deleted blocks log and got 0 delTX to process.
2019-06-13 13:50:14,682 INFO  ratis.XceiverServerRatis (XceiverServerRatis.java:newXceiverServerRatis(401)) - Found a free port for the server : 39319
2019-06-13 13:50:14,740 INFO  impl.RaftServerProxy (ConfUtils.java:logGet(43)) - raft.rpc.type = GRPC (default)
2019-06-13 13:50:14,748 INFO  grpc.GrpcConfigKeys$Server (ConfUtils.java:logGet(43)) - raft.grpc.server.port = 39319 (custom)
2019-06-13 13:50:14,749 INFO  server.GrpcService (ConfUtils.java:logGet(43)) - raft.grpc.message.size.max = 33570816 (custom)
2019-06-13 13:50:14,750 INFO  server.RaftServerConfigKeys (ConfUtils.java:logGet(43)) - raft.server.log.appender.buffer.byte-limit = 33554432 (custom)
2019-06-13 13:50:14,751 INFO  server.GrpcService (ConfUtils.java:logGet(43)) - raft.grpc.flow.control.window = 1MB (=1048576) (default)
2019-06-13 13:50:14,752 INFO  server.RaftServerConfigKeys (ConfUtils.java:logGet(43)) - raft.server.rpc.request.timeout = 3000ms (default)
2019-06-13 13:50:14,762 DEBUG block.SCMBlockDeletingService (SCMBlockDeletingService.java:call(138)) - Running DeletedBlockTransactionScanner
2019-06-13 13:50:14,762 DEBUG block.SCMBlockDeletingService (SCMBlockDeletingService.java:call(155)) - Scanned deleted blocks log and got 0 delTX to process.
2019-06-13 13:50:14,863 DEBUG block.SCMBlockDeletingService (SCMBlockDeletingService.java:call(138)) - Running DeletedBlockTransactionScanner
2019-06-13 13:50:14,863 DEBUG block.SCMBlockDeletingService (SCMBlockDeletingService.java:call(155)) - Scanned deleted blocks log and got 0 delTX to process.
2019-06-13 13:50:14,868 INFO  server.RaftServerConfigKeys (ConfUtils.java:logGet(43)) - raft.server.storage.dir = [/opt/src/hadoop-ozone/integration-test/target/test-dir/MiniOzoneClusterImpl-c05bfa39-b333-4767-bc96-5a78f3430938/datanode-0/data/ratis] (custom)
2019-06-13 13:50:14,875 INFO  server.XceiverServerGrpc (XceiverServerGrpc.java:<init>(97)) - Found a free port for the server : 43995
2019-06-13 13:50:14,897 INFO  replication.SimpleContainerDownloader (SimpleContainerDownloader.java:<init>(72)) - Starting container downloader service to copy containers to replicate.
2019-06-13 13:50:14,906 INFO  hdfs.DFSUtil (DFSUtil.java:httpServerTemplateForNNAndJN(1641)) - Starting Web-server for hddsDatanode at: http://0.0.0.0:0
2019-06-13 13:50:14,907 INFO  server.AuthenticationFilter (AuthenticationFilter.java:constructSecretProvider(240)) - Unable to initialize FileSignerSecretProvider, falling back to use random secrets.
2019-06-13 13:50:14,908 WARN  http.HttpRequestLog (HttpRequestLog.java:getRequestLog(97)) - Jetty request log can only be enabled using Log4j
2019-06-13 13:50:14,909 INFO  http.HttpServer2 (HttpServer2.java:addGlobalFilter(975)) - Added global filter 'safety' (class=org.apache.hadoop.http.HttpServer2$QuotingInputFilter)
2019-06-13 13:50:14,909 INFO  http.HttpServer2 (HttpServer2.java:addFilter(948)) - Added filter static_user_filter (class=org.apache.hadoop.http.lib.StaticUserWebFilter$StaticUserFilter) to context hddsDatanode
2019-06-13 13:50:14,910 INFO  http.HttpServer2 (HttpServer2.java:addFilter(958)) - Added filter static_user_filter (class=org.apache.hadoop.http.lib.StaticUserWebFilter$StaticUserFilter) to context logs
2019-06-13 13:50:14,910 INFO  http.HttpServer2 (HttpServer2.java:addFilter(958)) - Added filter static_user_filter (class=org.apache.hadoop.http.lib.StaticUserWebFilter$StaticUserFilter) to context static
2019-06-13 13:50:14,910 INFO  http.HttpServer2 (HttpServer2.java:bindListener(1191)) - Jetty bound to port 35161
2019-06-13 13:50:14,910 INFO  server.Server (Server.java:doStart(351)) - jetty-9.3.24.v20180605, build timestamp: 2018-06-05T17:11:56Z, git hash: 84205aa28f11a4f31f2a3b86d1bba2cc8ab69827
2019-06-13 13:50:14,914 INFO  handler.ContextHandler (ContextHandler.java:doStart(781)) - Started o.e.j.s.ServletContextHandler@6438a7fe{/logs,file:///opt/src/hadoop-ozone/integration-test/target/log,AVAILABLE}
2019-06-13 13:50:14,915 INFO  handler.ContextHandler (ContextHandler.java:doStart(781)) - Started o.e.j.s.ServletContextHandler@4f5f6e45{/static,jar:file:/root/.m2/repository/org/apache/hadoop/hadoop-hdds-container-service/0.5.0-SNAPSHOT/hadoop-hdds-container-service-0.5.0-SNAPSHOT.jar!/webapps/static,AVAILABLE}
2019-06-13 13:50:14,937 INFO  handler.ContextHandler (ContextHandler.java:doStart(781)) - Started o.e.j.w.WebAppContext@36c0d0bd{/,file:///tmp/jetty-0.0.0.0-35161-hddsDatanode-_-any-1975702262711145823.dir/webapp/,AVAILABLE}{/hddsDatanode}
2019-06-13 13:50:14,938 INFO  server.AbstractConnector (AbstractConnector.java:doStart(278)) - Started ServerConnector@5e1fc2aa{HTTP/1.1,[http/1.1]}{0.0.0.0:35161}
2019-06-13 13:50:14,938 INFO  server.Server (Server.java:doStart(419)) - Started @3276ms
2019-06-13 13:50:14,939 INFO  server.BaseHttpServer (BaseHttpServer.java:updateConnectorAddress(207)) - HTTP server of HDDSDATANODE is listening at http://0.0.0.0:35161
2019-06-13 13:50:14,963 DEBUG block.SCMBlockDeletingService (SCMBlockDeletingService.java:call(138)) - Running DeletedBlockTransactionScanner
2019-06-13 13:50:14,964 DEBUG block.SCMBlockDeletingService (SCMBlockDeletingService.java:call(155)) - Scanned deleted blocks log and got 0 delTX to process.
2019-06-13 13:50:15,064 DEBUG block.SCMBlockDeletingService (SCMBlockDeletingService.java:call(138)) - Running DeletedBlockTransactionScanner
2019-06-13 13:50:15,064 DEBUG block.SCMBlockDeletingService (SCMBlockDeletingService.java:call(155)) - Scanned deleted blocks log and got 0 delTX to process.
2019-06-13 13:50:15,165 DEBUG block.SCMBlockDeletingService (SCMBlockDeletingService.java:call(138)) - Running DeletedBlockTransactionScanner
2019-06-13 13:50:15,165 DEBUG block.SCMBlockDeletingService (SCMBlockDeletingService.java:call(155)) - Scanned deleted blocks log and got 0 delTX to process.
2019-06-13 13:50:15,265 DEBUG block.SCMBlockDeletingService (SCMBlockDeletingService.java:call(138)) - Running DeletedBlockTransactionScanner
2019-06-13 13:50:15,266 DEBUG block.SCMBlockDeletingService (SCMBlockDeletingService.java:call(155)) - Scanned deleted blocks log and got 0 delTX to process.
2019-06-13 13:50:15,367 DEBUG block.SCMBlockDeletingService (SCMBlockDeletingService.java:call(138)) - Running DeletedBlockTransactionScanner
2019-06-13 13:50:15,367 DEBUG block.SCMBlockDeletingService (SCMBlockDeletingService.java:call(155)) - Scanned deleted blocks log and got 0 delTX to process.
2019-06-13 13:50:15,468 DEBUG block.SCMBlockDeletingService (SCMBlockDeletingService.java:call(138)) - Running DeletedBlockTransactionScanner
2019-06-13 13:50:15,468 DEBUG block.SCMBlockDeletingService (SCMBlockDeletingService.java:call(155)) - Scanned deleted blocks log and got 0 delTX to process.
2019-06-13 13:50:15,569 DEBUG block.SCMBlockDeletingService (SCMBlockDeletingService.java:call(138)) - Running DeletedBlockTransactionScanner
2019-06-13 13:50:15,569 DEBUG block.SCMBlockDeletingService (SCMBlockDeletingService.java:call(155)) - Scanned deleted blocks log and got 0 delTX to process.
2019-06-13 13:50:15,670 DEBUG block.SCMBlockDeletingService (SCMBlockDeletingService.java:call(138)) - Running DeletedBlockTransactionScanner
2019-06-13 13:50:15,670 DEBUG block.SCMBlockDeletingService (SCMBlockDeletingService.java:call(155)) - Scanned deleted blocks log and got 0 delTX to process.
2019-06-13 13:50:15,770 DEBUG block.SCMBlockDeletingService (SCMBlockDeletingService.java:call(138)) - Running DeletedBlockTransactionScanner
2019-06-13 13:50:15,771 DEBUG block.SCMBlockDeletingService (SCMBlockDeletingService.java:call(155)) - Scanned deleted blocks log and got 0 delTX to process.
2019-06-13 13:50:15,833 INFO  ozone.HddsDatanodeService (HddsDatanodeService.java:startPlugins(396)) - Started plug-in org.apache.hadoop.ozone.web.OzoneHddsDatanodeService@433d9680
2019-06-13 13:50:15,834 INFO  ozone.MiniOzoneClusterImpl (MiniOzoneClusterImpl.java:lambda$waitForClusterToBeReady$0(142)) - Waiting for cluster to be ready. Got 0 of 1 DN Heartbeats.
2019-06-13 13:50:15,837 INFO  util.JvmPauseMonitor (JvmPauseMonitor.java:run(188)) - Starting JVM pause monitor
2019-06-13 13:50:15,871 DEBUG block.SCMBlockDeletingService (SCMBlockDeletingService.java:call(138)) - Running DeletedBlockTransactionScanner
2019-06-13 13:50:15,871 DEBUG block.SCMBlockDeletingService (SCMBlockDeletingService.java:call(155)) - Scanned deleted blocks log and got 0 delTX to process.
2019-06-13 13:50:15,913 INFO  datanode.InitDatanodeState (InitDatanodeState.java:persistContainerDatanodeDetails(140)) - DatanodeDetails is persisted to /opt/src/hadoop-ozone/integration-test/target/test-dir/MiniOzoneClusterImpl-c05bfa39-b333-4767-bc96-5a78f3430938/datanode-0/meta/datanode.id
2019-06-13 13:50:15,972 DEBUG block.SCMBlockDeletingService (SCMBlockDeletingService.java:call(138)) - Running DeletedBlockTransactionScanner
2019-06-13 13:50:15,972 DEBUG block.SCMBlockDeletingService (SCMBlockDeletingService.java:call(155)) - Scanned deleted blocks log and got 0 delTX to process.
2019-06-13 13:50:16,072 DEBUG block.SCMBlockDeletingService (SCMBlockDeletingService.java:call(138)) - Running DeletedBlockTransactionScanner
2019-06-13 13:50:16,073 DEBUG block.SCMBlockDeletingService (SCMBlockDeletingService.java:call(155)) - Scanned deleted blocks log and got 0 delTX to process.
2019-06-13 13:50:16,173 DEBUG block.SCMBlockDeletingService (SCMBlockDeletingService.java:call(138)) - Running DeletedBlockTransactionScanner
2019-06-13 13:50:16,173 DEBUG block.SCMBlockDeletingService (SCMBlockDeletingService.java:call(155)) - Scanned deleted blocks log and got 0 delTX to process.
2019-06-13 13:50:16,274 DEBUG block.SCMBlockDeletingService (SCMBlockDeletingService.java:call(138)) - Running DeletedBlockTransactionScanner
2019-06-13 13:50:16,274 DEBUG block.SCMBlockDeletingService (SCMBlockDeletingService.java:call(155)) - Scanned deleted blocks log and got 0 delTX to process.
2019-06-13 13:50:16,374 DEBUG block.SCMBlockDeletingService (SCMBlockDeletingService.java:call(138)) - Running DeletedBlockTransactionScanner
2019-06-13 13:50:16,375 DEBUG block.SCMBlockDeletingService (SCMBlockDeletingService.java:call(155)) - Scanned deleted blocks log and got 0 delTX to process.
2019-06-13 13:50:16,475 DEBUG block.SCMBlockDeletingService (SCMBlockDeletingService.java:call(138)) - Running DeletedBlockTransactionScanner
2019-06-13 13:50:16,475 DEBUG block.SCMBlockDeletingService (SCMBlockDeletingService.java:call(155)) - Scanned deleted blocks log and got 0 delTX to process.
2019-06-13 13:50:16,575 DEBUG block.SCMBlockDeletingService (SCMBlockDeletingService.java:call(138)) - Running DeletedBlockTransactionScanner
2019-06-13 13:50:16,575 DEBUG block.SCMBlockDeletingService (SCMBlockDeletingService.java:call(155)) - Scanned deleted blocks log and got 0 delTX to process.
2019-06-13 13:50:16,676 DEBUG block.SCMBlockDeletingService (SCMBlockDeletingService.java:call(138)) - Running DeletedBlockTransactionScanner
2019-06-13 13:50:16,676 DEBUG block.SCMBlockDeletingService (SCMBlockDeletingService.java:call(155)) - Scanned deleted blocks log and got 0 delTX to process.
2019-06-13 13:50:16,776 DEBUG block.SCMBlockDeletingService (SCMBlockDeletingService.java:call(138)) - Running DeletedBlockTransactionScanner
2019-06-13 13:50:16,776 DEBUG block.SCMBlockDeletingService (SCMBlockDeletingService.java:call(155)) - Scanned deleted blocks log and got 0 delTX to process.
2019-06-13 13:50:16,834 INFO  ozone.MiniOzoneClusterImpl (MiniOzoneClusterImpl.java:lambda$waitForClusterToBeReady$0(142)) - Waiting for cluster to be ready. Got 0 of 1 DN Heartbeats.
2019-06-13 13:50:16,876 DEBUG block.SCMBlockDeletingService (SCMBlockDeletingService.java:call(138)) - Running DeletedBlockTransactionScanner
2019-06-13 13:50:16,877 DEBUG block.SCMBlockDeletingService (SCMBlockDeletingService.java:call(155)) - Scanned deleted blocks log and got 0 delTX to process.
2019-06-13 13:50:16,977 DEBUG block.SCMBlockDeletingService (SCMBlockDeletingService.java:call(138)) - Running DeletedBlockTransactionScanner
2019-06-13 13:50:16,977 DEBUG block.SCMBlockDeletingService (SCMBlockDeletingService.java:call(155)) - Scanned deleted blocks log and got 0 delTX to process.
2019-06-13 13:50:17,077 DEBUG block.SCMBlockDeletingService (SCMBlockDeletingService.java:call(138)) - Running DeletedBlockTransactionScanner
2019-06-13 13:50:17,078 DEBUG block.SCMBlockDeletingService (SCMBlockDeletingService.java:call(155)) - Scanned deleted blocks log and got 0 delTX to process.
2019-06-13 13:50:17,178 DEBUG block.SCMBlockDeletingService (SCMBlockDeletingService.java:call(138)) - Running DeletedBlockTransactionScanner
2019-06-13 13:50:17,178 DEBUG block.SCMBlockDeletingService (SCMBlockDeletingService.java:call(155)) - Scanned deleted blocks log and got 0 delTX to process.
2019-06-13 13:50:17,278 DEBUG block.SCMBlockDeletingService (SCMBlockDeletingService.java:call(138)) - Running DeletedBlockTransactionScanner
2019-06-13 13:50:17,279 DEBUG block.SCMBlockDeletingService (SCMBlockDeletingService.java:call(155)) - Scanned deleted blocks log and got 0 delTX to process.
2019-06-13 13:50:17,379 DEBUG block.SCMBlockDeletingService (SCMBlockDeletingService.java:call(138)) - Running DeletedBlockTransactionScanner
2019-06-13 13:50:17,379 DEBUG block.SCMBlockDeletingService (SCMBlockDeletingService.java:call(155)) - Scanned deleted blocks log and got 0 delTX to process.
2019-06-13 13:50:17,479 DEBUG block.SCMBlockDeletingService (SCMBlockDeletingService.java:call(138)) - Running DeletedBlockTransactionScanner
2019-06-13 13:50:17,479 DEBUG block.SCMBlockDeletingService (SCMBlockDeletingService.java:call(155)) - Scanned deleted blocks log and got 0 delTX to process.
2019-06-13 13:50:17,580 DEBUG block.SCMBlockDeletingService (SCMBlockDeletingService.java:call(138)) - Running DeletedBlockTransactionScanner
2019-06-13 13:50:17,580 DEBUG block.SCMBlockDeletingService (SCMBlockDeletingService.java:call(155)) - Scanned deleted blocks log and got 0 delTX to process.
2019-06-13 13:50:17,680 DEBUG block.SCMBlockDeletingService (SCMBlockDeletingService.java:call(138)) - Running DeletedBlockTransactionScanner
2019-06-13 13:50:17,680 DEBUG block.SCMBlockDeletingService (SCMBlockDeletingService.java:call(155)) - Scanned deleted blocks log and got 0 delTX to process.
2019-06-13 13:50:17,780 DEBUG block.SCMBlockDeletingService (SCMBlockDeletingService.java:call(138)) - Running DeletedBlockTransactionScanner
2019-06-13 13:50:17,781 DEBUG block.SCMBlockDeletingService (SCMBlockDeletingService.java:call(155)) - Scanned deleted blocks log and got 0 delTX to process.
2019-06-13 13:50:17,835 INFO  ozone.MiniOzoneClusterImpl (MiniOzoneClusterImpl.java:lambda$waitForClusterToBeReady$0(142)) - Waiting for cluster to be ready. Got 0 of 1 DN Heartbeats.
2019-06-13 13:50:17,858 INFO  ozoneimpl.OzoneContainer (OzoneContainer.java:start(186)) - Attempting to start container services.
2019-06-13 13:50:17,858 INFO  ozoneimpl.OzoneContainer (OzoneContainer.java:startContainerScrub(160)) - Background container scrubber has been disabled by hdds.containerscrub.enabled
2019-06-13 13:50:17,858 INFO  ratis.XceiverServerRatis (XceiverServerRatis.java:start(418)) - Starting XceiverServerRatis 5d71e5de-6d45-4480-a1f1-d41cc2d38630 at port 39319
2019-06-13 13:50:17,870 INFO  impl.RaftServerProxy (RaftServerProxy.java:lambda$start$3(299)) - 5d71e5de-6d45-4480-a1f1-d41cc2d38630: start RPC server
2019-06-13 13:50:17,881 DEBUG block.SCMBlockDeletingService (SCMBlockDeletingService.java:call(138)) - Running DeletedBlockTransactionScanner
2019-06-13 13:50:17,881 DEBUG block.SCMBlockDeletingService (SCMBlockDeletingService.java:call(155)) - Scanned deleted blocks log and got 0 delTX to process.
2019-06-13 13:50:17,981 DEBUG block.SCMBlockDeletingService (SCMBlockDeletingService.java:call(138)) - Running DeletedBlockTransactionScanner
2019-06-13 13:50:17,981 DEBUG block.SCMBlockDeletingService (SCMBlockDeletingService.java:call(155)) - Scanned deleted blocks log and got 0 delTX to process.
2019-06-13 13:50:18,009 INFO  server.GrpcService (GrpcService.java:startImpl(148)) - 5d71e5de-6d45-4480-a1f1-d41cc2d38630: GrpcService started, listening on 0.0.0.0/0.0.0.0:39319
2019-06-13 13:50:18,082 DEBUG block.SCMBlockDeletingService (SCMBlockDeletingService.java:call(138)) - Running DeletedBlockTransactionScanner
2019-06-13 13:50:18,082 DEBUG block.SCMBlockDeletingService (SCMBlockDeletingService.java:call(155)) - Scanned deleted blocks log and got 0 delTX to process.
2019-06-13 13:50:18,182 DEBUG block.SCMBlockDeletingService (SCMBlockDeletingService.java:call(138)) - Running DeletedBlockTransactionScanner
2019-06-13 13:50:18,182 DEBUG block.SCMBlockDeletingService (SCMBlockDeletingService.java:call(155)) - Scanned deleted blocks log and got 0 delTX to process.
2019-06-13 13:50:18,283 DEBUG block.SCMBlockDeletingService (SCMBlockDeletingService.java:call(138)) - Running DeletedBlockTransactionScanner
2019-06-13 13:50:18,283 DEBUG block.SCMBlockDeletingService (SCMBlockDeletingService.java:call(155)) - Scanned deleted blocks log and got 0 delTX to process.
2019-06-13 13:50:18,383 DEBUG block.SCMBlockDeletingService (SCMBlockDeletingService.java:call(138)) - Running DeletedBlockTransactionScanner
2019-06-13 13:50:18,383 DEBUG block.SCMBlockDeletingService (SCMBlockDeletingService.java:call(155)) - Scanned deleted blocks log and got 0 delTX to process.
2019-06-13 13:50:18,483 DEBUG block.SCMBlockDeletingService (SCMBlockDeletingService.java:call(138)) - Running DeletedBlockTransactionScanner
2019-06-13 13:50:18,484 DEBUG block.SCMBlockDeletingService (SCMBlockDeletingService.java:call(155)) - Scanned deleted blocks log and got 0 delTX to process.
2019-06-13 13:50:18,584 DEBUG block.SCMBlockDeletingService (SCMBlockDeletingService.java:call(138)) - Running DeletedBlockTransactionScanner
2019-06-13 13:50:18,584 DEBUG block.SCMBlockDeletingService (SCMBlockDeletingService.java:call(155)) - Scanned deleted blocks log and got 0 delTX to process.
2019-06-13 13:50:18,684 DEBUG block.SCMBlockDeletingService (SCMBlockDeletingService.java:call(138)) - Running DeletedBlockTransactionScanner
2019-06-13 13:50:18,685 DEBUG block.SCMBlockDeletingService (SCMBlockDeletingService.java:call(155)) - Scanned deleted blocks log and got 0 delTX to process.
2019-06-13 13:50:18,785 DEBUG block.SCMBlockDeletingService (SCMBlockDeletingService.java:call(138)) - Running DeletedBlockTransactionScanner
2019-06-13 13:50:18,785 DEBUG block.SCMBlockDeletingService (SCMBlockDeletingService.java:call(155)) - Scanned deleted blocks log and got 0 delTX to process.
2019-06-13 13:50:18,835 INFO  ozone.MiniOzoneClusterImpl (MiniOzoneClusterImpl.java:lambda$waitForClusterToBeReady$0(142)) - Waiting for cluster to be ready. Got 0 of 1 DN Heartbeats.
2019-06-13 13:50:18,885 DEBUG block.SCMBlockDeletingService (SCMBlockDeletingService.java:call(138)) - Running DeletedBlockTransactionScanner
2019-06-13 13:50:18,885 DEBUG block.SCMBlockDeletingService (SCMBlockDeletingService.java:call(155)) - Scanned deleted blocks log and got 0 delTX to process.
2019-06-13 13:50:18,986 DEBUG block.SCMBlockDeletingService (SCMBlockDeletingService.java:call(138)) - Running DeletedBlockTransactionScanner
2019-06-13 13:50:18,986 DEBUG block.SCMBlockDeletingService (SCMBlockDeletingService.java:call(155)) - Scanned deleted blocks log and got 0 delTX to process.
2019-06-13 13:50:19,086 DEBUG block.SCMBlockDeletingService (SCMBlockDeletingService.java:call(138)) - Running DeletedBlockTransactionScanner
2019-06-13 13:50:19,086 DEBUG block.SCMBlockDeletingService (SCMBlockDeletingService.java:call(155)) - Scanned deleted blocks log and got 0 delTX to process.
2019-06-13 13:50:19,186 DEBUG block.SCMBlockDeletingService (SCMBlockDeletingService.java:call(138)) - Running DeletedBlockTransactionScanner
2019-06-13 13:50:19,187 DEBUG block.SCMBlockDeletingService (SCMBlockDeletingService.java:call(155)) - Scanned deleted blocks log and got 0 delTX to process.
2019-06-13 13:50:19,287 DEBUG block.SCMBlockDeletingService (SCMBlockDeletingService.java:call(138)) - Running DeletedBlockTransactionScanner
2019-06-13 13:50:19,287 DEBUG block.SCMBlockDeletingService (SCMBlockDeletingService.java:call(155)) - Scanned deleted blocks log and got 0 delTX to process.
2019-06-13 13:50:19,387 DEBUG block.SCMBlockDeletingService (SCMBlockDeletingService.java:call(138)) - Running DeletedBlockTransactionScanner
2019-06-13 13:50:19,387 DEBUG block.SCMBlockDeletingService (SCMBlockDeletingService.java:call(155)) - Scanned deleted blocks log and got 0 delTX to process.
2019-06-13 13:50:19,488 DEBUG block.SCMBlockDeletingService (SCMBlockDeletingService.java:call(138)) - Running DeletedBlockTransactionScanner
2019-06-13 13:50:19,488 DEBUG block.SCMBlockDeletingService (SCMBlockDeletingService.java:call(155)) - Scanned deleted blocks log and got 0 delTX to process.
2019-06-13 13:50:19,588 DEBUG block.SCMBlockDeletingService (SCMBlockDeletingService.java:call(138)) - Running DeletedBlockTransactionScanner
2019-06-13 13:50:19,588 DEBUG block.SCMBlockDeletingService (SCMBlockDeletingService.java:call(155)) - Scanned deleted blocks log and got 0 delTX to process.
2019-06-13 13:50:19,688 DEBUG block.SCMBlockDeletingService (SCMBlockDeletingService.java:call(138)) - Running DeletedBlockTransactionScanner
2019-06-13 13:50:19,688 DEBUG block.SCMBlockDeletingService (SCMBlockDeletingService.java:call(155)) - Scanned deleted blocks log and got 0 delTX to process.
2019-06-13 13:50:19,789 DEBUG block.SCMBlockDeletingService (SCMBlockDeletingService.java:call(138)) - Running DeletedBlockTransactionScanner
2019-06-13 13:50:19,789 DEBUG block.SCMBlockDeletingService (SCMBlockDeletingService.java:call(155)) - Scanned deleted blocks log and got 0 delTX to process.
2019-06-13 13:50:19,835 INFO  ozone.MiniOzoneClusterImpl (MiniOzoneClusterImpl.java:lambda$waitForClusterToBeReady$0(142)) - Waiting for cluster to be ready. Got 0 of 1 DN Heartbeats.
2019-06-13 13:50:19,855 INFO  node.SCMNodeManager (SCMNodeManager.java:register(234)) - Registered Data node : 5d71e5de-6d45-4480-a1f1-d41cc2d38630{ip: 192.168.46.37, host: ozone-s9v57-3710753675, networkLocation: /default-rack, certSerialId: null}
2019-06-13 13:50:19,858 INFO  safemode.SCMSafeModeManager (DataNodeSafeModeRule.java:process(71)) - SCM in safe mode. 1 DataNodes registered, 1 required.
2019-06-13 13:50:19,861 INFO  safemode.SCMSafeModeManager (SCMSafeModeManager.java:validateSafeModeExitRules(177)) - ScmSafeModeManager, all rules are successfully validated
2019-06-13 13:50:19,862 INFO  safemode.SCMSafeModeManager (SCMSafeModeManager.java:exitSafeMode(193)) - SCM exiting safe mode.
2019-06-13 13:50:19,889 DEBUG block.SCMBlockDeletingService (SCMBlockDeletingService.java:call(138)) - Running DeletedBlockTransactionScanner
2019-06-13 13:50:19,889 DEBUG block.SCMBlockDeletingService (SCMBlockDeletingService.java:call(155)) - Scanned deleted blocks log and got 0 delTX to process.
2019-06-13 13:50:19,990 DEBUG block.SCMBlockDeletingService (SCMBlockDeletingService.java:call(138)) - Running DeletedBlockTransactionScanner
2019-06-13 13:50:19,990 DEBUG block.SCMBlockDeletingService (SCMBlockDeletingService.java:call(155)) - Scanned deleted blocks log and got 0 delTX to process.
2019-06-13 13:50:20,090 DEBUG block.SCMBlockDeletingService (SCMBlockDeletingService.java:call(138)) - Running DeletedBlockTransactionScanner
2019-06-13 13:50:20,090 DEBUG block.SCMBlockDeletingService (SCMBlockDeletingService.java:call(155)) - Scanned deleted blocks log and got 0 delTX to process.
2019-06-13 13:50:20,191 DEBUG block.SCMBlockDeletingService (SCMBlockDeletingService.java:call(138)) - Running DeletedBlockTransactionScanner
2019-06-13 13:50:20,191 DEBUG block.SCMBlockDeletingService (SCMBlockDeletingService.java:call(155)) - Scanned deleted blocks log and got 0 delTX to process.
2019-06-13 13:50:20,211 INFO  impl.RaftServerProxy (RaftServerProxy.java:addNew(89)) - 5d71e5de-6d45-4480-a1f1-d41cc2d38630: addNew group-C6AEA7A4B82B:[5d71e5de-6d45-4480-a1f1-d41cc2d38630:192.168.46.37:39319] returns group-C6AEA7A4B82B:java.util.concurrent.CompletableFuture@2fb25ac3[Not completed]
2019-06-13 13:50:20,216 INFO  impl.RaftServerImpl (RaftServerImpl.java:<init>(91)) - 5d71e5de-6d45-4480-a1f1-d41cc2d38630: new RaftServerImpl for group-C6AEA7A4B82B:[5d71e5de-6d45-4480-a1f1-d41cc2d38630:192.168.46.37:39319] with ContainerStateMachine:uninitialized
2019-06-13 13:50:20,217 INFO  server.RaftServerConfigKeys (ConfUtils.java:logGet(43)) - raft.server.rpc.timeout.min = 1s (custom)
2019-06-13 13:50:20,218 INFO  server.RaftServerConfigKeys (ConfUtils.java:logGet(43)) - raft.server.rpc.timeout.max = 1200ms (custom)
2019-06-13 13:50:20,218 INFO  server.RaftServerConfigKeys (ConfUtils.java:logGet(43)) - raft.server.rpcslowness.timeout = 120s (custom)
2019-06-13 13:50:20,218 INFO  server.RaftServerConfigKeys (ConfUtils.java:logGet(43)) - raft.server.log.appender.install.snapshot.enabled = true (default)
2019-06-13 13:50:20,224 INFO  impl.RaftServerImpl (ServerState.java:<init>(101)) - 5d71e5de-6d45-4480-a1f1-d41cc2d38630:group-C6AEA7A4B82B ConfigurationManager, init=-1: [5d71e5de-6d45-4480-a1f1-d41cc2d38630:192.168.46.37:39319], old=null, confs=<EMPTY_MAP>
2019-06-13 13:50:20,224 INFO  server.RaftServerConfigKeys (ConfUtils.java:logGet(43)) - raft.server.storage.dir = [/opt/src/hadoop-ozone/integration-test/target/test-dir/MiniOzoneClusterImpl-c05bfa39-b333-4767-bc96-5a78f3430938/datanode-0/data/ratis] (custom)
2019-06-13 13:50:20,229 INFO  storage.RaftStorageDirectory (RaftStorageDirectory.java:analyzeStorage(246)) - The storage directory /opt/src/hadoop-ozone/integration-test/target/test-dir/MiniOzoneClusterImpl-c05bfa39-b333-4767-bc96-5a78f3430938/datanode-0/data/ratis/3aee30eb-3db1-472a-b851-c6aea7a4b82b does not exist. Creating ...
2019-06-13 13:50:20,235 INFO  storage.RaftStorageDirectory (RaftStorageDirectory.java:tryLock(328)) - Lock on /opt/src/hadoop-ozone/integration-test/target/test-dir/MiniOzoneClusterImpl-c05bfa39-b333-4767-bc96-5a78f3430938/datanode-0/data/ratis/3aee30eb-3db1-472a-b851-c6aea7a4b82b/in_use.lock acquired by nodename 10067@ozone-s9v57-3710753675
2019-06-13 13:50:20,238 INFO  storage.RaftStorage (RaftStorage.java:format(75)) - Storage directory /opt/src/hadoop-ozone/integration-test/target/test-dir/MiniOzoneClusterImpl-c05bfa39-b333-4767-bc96-5a78f3430938/datanode-0/data/ratis/3aee30eb-3db1-472a-b851-c6aea7a4b82b has been successfully formatted.
2019-06-13 13:50:20,239 INFO  ratis.ContainerStateMachine (ContainerStateMachine.java:loadSnapshot(199)) - The snapshot info is null.Setting the last applied index to:(t:0, i:~)
2019-06-13 13:50:20,239 INFO  server.RaftServerConfigKeys (ConfUtils.java:logGet(43)) - raft.server.leader.election.timeout = 120s (custom)
2019-06-13 13:50:20,241 INFO  server.RaftServerConfigKeys (ConfUtils.java:logGet(43)) - raft.server.log.use.memory = false (default)
2019-06-13 13:50:20,243 INFO  server.RaftServerConfigKeys (ConfUtils.java:logGet(43)) - raft.server.log.appender.buffer.byte-limit = 33554432 (custom)
2019-06-13 13:50:20,245 INFO  server.RaftServerConfigKeys (ConfUtils.java:logGet(43)) - raft.server.log.segment.size.max = 16384 (custom)
2019-06-13 13:50:20,248 INFO  server.RaftServerConfigKeys (ConfUtils.java:logGet(43)) - raft.server.log.segment.cache.num.max = 2 (custom)
2019-06-13 13:50:20,250 INFO  storage.RaftLogWorker (RaftLogWorker.java:<init>(123)) - new 5d71e5de-6d45-4480-a1f1-d41cc2d38630-RaftLogWorker for Storage Directory /opt/src/hadoop-ozone/integration-test/target/test-dir/MiniOzoneClusterImpl-c05bfa39-b333-4767-bc96-5a78f3430938/datanode-0/data/ratis/3aee30eb-3db1-472a-b851-c6aea7a4b82b
2019-06-13 13:50:20,251 INFO  server.RaftServerConfigKeys (ConfUtils.java:logGet(43)) - raft.server.log.queue.byte-limit = 2147483647 (custom)
2019-06-13 13:50:20,251 INFO  server.RaftServerConfigKeys (ConfUtils.java:logGet(43)) - raft.server.log.queue.element-limit = 1024 (custom)
2019-06-13 13:50:20,252 INFO  server.RaftServerConfigKeys (ConfUtils.java:logGet(43)) - raft.server.log.segment.size.max = 16384 (custom)
2019-06-13 13:50:20,253 INFO  server.RaftServerConfigKeys (ConfUtils.java:logGet(43)) - raft.server.log.preallocated.size = 16384 (custom)
2019-06-13 13:50:20,253 INFO  server.RaftServerConfigKeys (ConfUtils.java:logGet(43)) - raft.server.log.write.buffer.size = 33554432 (custom)
2019-06-13 13:50:20,254 INFO  server.RaftServerConfigKeys (ConfUtils.java:logGet(43)) - raft.server.log.force.sync.num = 128 (default)
2019-06-13 13:50:20,254 INFO  server.RaftServerConfigKeys (ConfUtils.java:logGet(43)) - raft.server.log.statemachine.data.sync = true (default)
2019-06-13 13:50:20,254 INFO  server.RaftServerConfigKeys (ConfUtils.java:logGet(43)) - raft.server.log.statemachine.data.sync.timeout = 10s (default)
2019-06-13 13:50:20,255 INFO  server.RaftServerConfigKeys (ConfUtils.java:logGet(43)) - raft.server.log.statemachine.data.sync.timeout.retry = -1 (default)
2019-06-13 13:50:20,257 INFO  server.RaftServerConfigKeys (ConfUtils.java:logGet(43)) - raft.server.log.statemachine.data.caching.enabled = true (custom)
2019-06-13 13:50:20,262 INFO  server.RaftServerConfigKeys (ConfUtils.java:logGet(43)) - raft.server.snapshot.auto.trigger.enabled = true (custom)
2019-06-13 13:50:20,262 INFO  server.RaftServerConfigKeys (ConfUtils.java:logGet(43)) - raft.server.snapshot.auto.trigger.threshold = 10000 (custom)
2019-06-13 13:50:20,263 INFO  server.RaftServerConfigKeys (ConfUtils.java:logGet(43)) - raft.server.retrycache.expirytime = 600000ms (custom)
2019-06-13 13:50:20,350 DEBUG block.SCMBlockDeletingService (SCMBlockDeletingService.java:call(138)) - Running DeletedBlockTransactionScanner
2019-06-13 13:50:20,351 DEBUG block.SCMBlockDeletingService (SCMBlockDeletingService.java:call(155)) - Scanned deleted blocks log and got 0 delTX to process.
2019-06-13 13:50:20,357 INFO  impl.RaftServerImpl (RaftServerImpl.java:start(173)) - 5d71e5de-6d45-4480-a1f1-d41cc2d38630: start group-C6AEA7A4B82B
2019-06-13 13:50:20,358 INFO  impl.RaftServerImpl (RaftServerImpl.java:setRole(164)) - 5d71e5de-6d45-4480-a1f1-d41cc2d38630:group-C6AEA7A4B82B changes role from null to FOLLOWER at term 0 for startAsFollower
2019-06-13 13:50:20,359 INFO  impl.RoleInfo (RoleInfo.java:updateAndGet(143)) - 5d71e5de-6d45-4480-a1f1-d41cc2d38630: start FollowerState
2019-06-13 13:50:20,360 INFO  util.JmxRegister (JmxRegister.java:tryRegister(44)) - Successfully registered JMX Bean with object name Ratis:service=RaftServer,group=group-C6AEA7A4B82B,id=5d71e5de-6d45-4480-a1f1-d41cc2d38630
2019-06-13 13:50:20,395 INFO  pipeline.PipelineStateManager (PipelineStateManager.java:addPipeline(56)) - Created pipeline Pipeline[ Id: 3aee30eb-3db1-472a-b851-c6aea7a4b82b, Nodes: 5d71e5de-6d45-4480-a1f1-d41cc2d38630{ip: 192.168.46.37, host: ozone-s9v57-3710753675, networkLocation: /default-rack, certSerialId: null}, Type:RATIS, Factor:ONE, State:OPEN]
2019-06-13 13:50:20,451 DEBUG block.SCMBlockDeletingService (SCMBlockDeletingService.java:call(138)) - Running DeletedBlockTransactionScanner
2019-06-13 13:50:20,451 DEBUG block.SCMBlockDeletingService (SCMBlockDeletingService.java:call(155)) - Scanned deleted blocks log and got 0 delTX to process.
2019-06-13 13:50:20,551 DEBUG block.SCMBlockDeletingService (SCMBlockDeletingService.java:call(138)) - Running DeletedBlockTransactionScanner
2019-06-13 13:50:20,552 DEBUG block.SCMBlockDeletingService (SCMBlockDeletingService.java:call(155)) - Scanned deleted blocks log and got 0 delTX to process.
2019-06-13 13:50:20,652 DEBUG block.SCMBlockDeletingService (SCMBlockDeletingService.java:call(138)) - Running DeletedBlockTransactionScanner
2019-06-13 13:50:20,652 DEBUG block.SCMBlockDeletingService (SCMBlockDeletingService.java:call(155)) - Scanned deleted blocks log and got 0 delTX to process.
2019-06-13 13:50:20,752 DEBUG block.SCMBlockDeletingService (SCMBlockDeletingService.java:call(138)) - Running DeletedBlockTransactionScanner
2019-06-13 13:50:20,753 DEBUG block.SCMBlockDeletingService (SCMBlockDeletingService.java:call(155)) - Scanned deleted blocks log and got 0 delTX to process.
2019-06-13 13:50:20,835 INFO  ozone.MiniOzoneClusterImpl (MiniOzoneClusterImpl.java:lambda$waitForClusterToBeReady$0(142)) - Cluster is ready. Got 1 of 1 DN Heartbeats.
2019-06-13 13:50:20,853 DEBUG block.SCMBlockDeletingService (SCMBlockDeletingService.java:call(138)) - Running DeletedBlockTransactionScanner
2019-06-13 13:50:20,853 DEBUG block.SCMBlockDeletingService (SCMBlockDeletingService.java:call(155)) - Scanned deleted blocks log and got 0 delTX to process.
2019-06-13 13:50:20,953 DEBUG block.SCMBlockDeletingService (SCMBlockDeletingService.java:call(138)) - Running DeletedBlockTransactionScanner
2019-06-13 13:50:20,953 DEBUG block.SCMBlockDeletingService (SCMBlockDeletingService.java:call(155)) - Scanned deleted blocks log and got 0 delTX to process.
2019-06-13 13:50:21,054 DEBUG block.SCMBlockDeletingService (SCMBlockDeletingService.java:call(138)) - Running DeletedBlockTransactionScanner
2019-06-13 13:50:21,054 DEBUG block.SCMBlockDeletingService (SCMBlockDeletingService.java:call(155)) - Scanned deleted blocks log and got 0 delTX to process.
2019-06-13 13:50:21,154 DEBUG block.SCMBlockDeletingService (SCMBlockDeletingService.java:call(138)) - Running DeletedBlockTransactionScanner
2019-06-13 13:50:21,154 DEBUG block.SCMBlockDeletingService (SCMBlockDeletingService.java:call(155)) - Scanned deleted blocks log and got 0 delTX to process.
2019-06-13 13:50:21,255 DEBUG block.SCMBlockDeletingService (SCMBlockDeletingService.java:call(138)) - Running DeletedBlockTransactionScanner
2019-06-13 13:50:21,255 DEBUG block.SCMBlockDeletingService (SCMBlockDeletingService.java:call(155)) - Scanned deleted blocks log and got 0 delTX to process.
2019-06-13 13:50:21,355 DEBUG block.SCMBlockDeletingService (SCMBlockDeletingService.java:call(138)) - Running DeletedBlockTransactionScanner
2019-06-13 13:50:21,355 DEBUG block.SCMBlockDeletingService (SCMBlockDeletingService.java:call(155)) - Scanned deleted blocks log and got 0 delTX to process.
2019-06-13 13:50:21,407 INFO  impl.FollowerState (FollowerState.java:run(101)) - 5d71e5de-6d45-4480-a1f1-d41cc2d38630:group-C6AEA7A4B82B changes to CANDIDATE, lastRpcTime:1048, electionTimeout:1048ms
2019-06-13 13:50:21,407 INFO  impl.RoleInfo (RoleInfo.java:shutdownFollowerState(121)) - 5d71e5de-6d45-4480-a1f1-d41cc2d38630: shutdown FollowerState
2019-06-13 13:50:21,408 INFO  impl.RaftServerImpl (RaftServerImpl.java:setRole(164)) - 5d71e5de-6d45-4480-a1f1-d41cc2d38630:group-C6AEA7A4B82B changes role from FOLLOWER to CANDIDATE at term 0 for changeToCandidate
2019-06-13 13:50:21,410 INFO  impl.RoleInfo (RoleInfo.java:updateAndGet(143)) - 5d71e5de-6d45-4480-a1f1-d41cc2d38630: start LeaderElection
2019-06-13 13:50:21,414 INFO  impl.LeaderElection (LeaderElection.java:askForVotes(181)) - 5d71e5de-6d45-4480-a1f1-d41cc2d38630:group-C6AEA7A4B82B:LeaderElection1: begin an election at term 1 for -1: [5d71e5de-6d45-4480-a1f1-d41cc2d38630:192.168.46.37:39319], old=null
2019-06-13 13:50:21,415 INFO  impl.RoleInfo (RoleInfo.java:shutdownLeaderElection(134)) - 5d71e5de-6d45-4480-a1f1-d41cc2d38630: shutdown LeaderElection
2019-06-13 13:50:21,416 INFO  impl.RaftServerImpl (RaftServerImpl.java:setRole(164)) - 5d71e5de-6d45-4480-a1f1-d41cc2d38630:group-C6AEA7A4B82B changes role from CANDIDATE to LEADER at term 1 for changeToLeader
2019-06-13 13:50:21,416 INFO  impl.RaftServerImpl (ServerState.java:setLeader(263)) - 5d71e5de-6d45-4480-a1f1-d41cc2d38630:group-C6AEA7A4B82B change Leader from null to 5d71e5de-6d45-4480-a1f1-d41cc2d38630 at term 1 for becomeLeader, leader elected after 1176ms
2019-06-13 13:50:21,419 INFO  server.RaftServerConfigKeys (ConfUtils.java:logGet(43)) - raft.server.staging.catchup.gap = 1000 (default)
2019-06-13 13:50:21,419 INFO  server.RaftServerConfigKeys (ConfUtils.java:logGet(43)) - raft.server.rpc.sleep.time = 25ms (default)
2019-06-13 13:50:21,421 INFO  server.RaftServerConfigKeys (ConfUtils.java:logGet(43)) - raft.server.watch.timeout = 10s (default)
2019-06-13 13:50:21,421 INFO  server.RaftServerConfigKeys (ConfUtils.java:logGet(43)) - raft.server.watch.timeout.denomination = 1s (default)
2019-06-13 13:50:21,427 INFO  impl.RoleInfo (RoleInfo.java:updateAndGet(143)) - 5d71e5de-6d45-4480-a1f1-d41cc2d38630: start LeaderState
2019-06-13 13:50:21,443 INFO  storage.RaftLogWorker (RaftLogWorker.java:startLogSegment(298)) - 5d71e5de-6d45-4480-a1f1-d41cc2d38630-RaftLogWorker: Starting segment from index:0
2019-06-13 13:50:21,458 DEBUG block.SCMBlockDeletingService (SCMBlockDeletingService.java:call(138)) - Running DeletedBlockTransactionScanner
2019-06-13 13:50:21,458 DEBUG block.SCMBlockDeletingService (SCMBlockDeletingService.java:call(155)) - Scanned deleted blocks log and got 0 delTX to process.
2019-06-13 13:50:21,467 INFO  impl.RaftServerImpl (ServerState.java:setRaftConf(361)) - 5d71e5de-6d45-4480-a1f1-d41cc2d38630:group-C6AEA7A4B82B set configuration 0: [5d71e5de-6d45-4480-a1f1-d41cc2d38630:192.168.46.37:39319], old=null at 0
2019-06-13 13:50:21,558 DEBUG block.SCMBlockDeletingService (SCMBlockDeletingService.java:call(138)) - Running DeletedBlockTransactionScanner
2019-06-13 13:50:21,558 DEBUG block.SCMBlockDeletingService (SCMBlockDeletingService.java:call(155)) - Scanned deleted blocks log and got 0 delTX to process.
2019-06-13 13:50:21,601 INFO  storage.RaftLogWorker (RaftLogWorker.java:execute(469)) - 5d71e5de-6d45-4480-a1f1-d41cc2d38630-RaftLogWorker: created new log segment /opt/src/hadoop-ozone/integration-test/target/test-dir/MiniOzoneClusterImpl-c05bfa39-b333-4767-bc96-5a78f3430938/datanode-0/data/ratis/3aee30eb-3db1-472a-b851-c6aea7a4b82b/current/log_inprogress_0
2019-06-13 13:50:21,659 DEBUG block.SCMBlockDeletingService (SCMBlockDeletingService.java:call(138)) - Running DeletedBlockTransactionScanner
2019-06-13 13:50:21,659 DEBUG block.SCMBlockDeletingService (SCMBlockDeletingService.java:call(155)) - Scanned deleted blocks log and got 0 delTX to process.
2019-06-13 13:50:21,759 DEBUG block.SCMBlockDeletingService (SCMBlockDeletingService.java:call(138)) - Running DeletedBlockTransactionScanner
2019-06-13 13:50:21,759 DEBUG block.SCMBlockDeletingService (SCMBlockDeletingService.java:call(155)) - Scanned deleted blocks log and got 0 delTX to process.
2019-06-13 13:50:21,860 DEBUG block.SCMBlockDeletingService (SCMBlockDeletingService.java:call(138)) - Running DeletedBlockTransactionScanner
2019-06-13 13:50:21,860 DEBUG block.SCMBlockDeletingService (SCMBlockDeletingService.java:call(155)) - Scanned deleted blocks log and got 0 delTX to process.
2019-06-13 13:50:21,960 DEBUG block.SCMBlockDeletingService (SCMBlockDeletingService.java:call(138)) - Running DeletedBlockTransactionScanner
2019-06-13 13:50:21,960 DEBUG block.SCMBlockDeletingService (SCMBlockDeletingService.java:call(155)) - Scanned deleted blocks log and got 0 delTX to process.
2019-06-13 13:50:22,060 DEBUG block.SCMBlockDeletingService (SCMBlockDeletingService.java:call(138)) - Running DeletedBlockTransactionScanner
2019-06-13 13:50:22,061 DEBUG block.SCMBlockDeletingService (SCMBlockDeletingService.java:call(155)) - Scanned deleted blocks log and got 0 delTX to process.
2019-06-13 13:50:22,164 DEBUG block.SCMBlockDeletingService (SCMBlockDeletingService.java:call(138)) - Running DeletedBlockTransactionScanner
2019-06-13 13:50:22,165 DEBUG block.SCMBlockDeletingService (SCMBlockDeletingService.java:call(155)) - Scanned deleted blocks log and got 0 delTX to process.
2019-06-13 13:50:22,265 DEBUG block.SCMBlockDeletingService (SCMBlockDeletingService.java:call(138)) - Running DeletedBlockTransactionScanner
2019-06-13 13:50:22,265 DEBUG block.SCMBlockDeletingService (SCMBlockDeletingService.java:call(155)) - Scanned deleted blocks log and got 0 delTX to process.
2019-06-13 13:50:22,365 DEBUG block.SCMBlockDeletingService (SCMBlockDeletingService.java:call(138)) - Running DeletedBlockTransactionScanner
2019-06-13 13:50:22,366 DEBUG block.SCMBlockDeletingService (SCMBlockDeletingService.java:call(155)) - Scanned deleted blocks log and got 0 delTX to process.
2019-06-13 13:50:22,466 DEBUG block.SCMBlockDeletingService (SCMBlockDeletingService.java:call(138)) - Running DeletedBlockTransactionScanner
2019-06-13 13:50:22,466 DEBUG block.SCMBlockDeletingService (SCMBlockDeletingService.java:call(155)) - Scanned deleted blocks log and got 0 delTX to process.
2019-06-13 13:50:22,566 DEBUG block.SCMBlockDeletingService (SCMBlockDeletingService.java:call(138)) - Running DeletedBlockTransactionScanner
2019-06-13 13:50:22,566 DEBUG block.SCMBlockDeletingService (SCMBlockDeletingService.java:call(155)) - Scanned deleted blocks log and got 0 delTX to process.
2019-06-13 13:50:22,571 INFO  rpc.RpcClient (RpcClient.java:createVolume(289)) - Creating Volume: f4dbafe7-5346-411e-a916-4e080127b052, with root as owner.
2019-06-13 13:50:22,592 INFO  rpc.RpcClient (RpcClient.java:createBucket(426)) - Creating Bucket: f4dbafe7-5346-411e-a916-4e080127b052/c20d6593-5738-4d9e-8505-44aeb7ac60f5, with Versioning false and Storage Type set to DISK and Encryption set to false 
2019-06-13 13:50:22,667 DEBUG block.SCMBlockDeletingService (SCMBlockDeletingService.java:call(138)) - Running DeletedBlockTransactionScanner
2019-06-13 13:50:22,667 DEBUG block.SCMBlockDeletingService (SCMBlockDeletingService.java:call(155)) - Scanned deleted blocks log and got 0 delTX to process.
2019-06-13 13:50:22,782 DEBUG block.SCMBlockDeletingService (SCMBlockDeletingService.java:call(138)) - Running DeletedBlockTransactionScanner
2019-06-13 13:50:22,782 DEBUG block.SCMBlockDeletingService (SCMBlockDeletingService.java:call(155)) - Scanned deleted blocks log and got 0 delTX to process.
2019-06-13 13:50:22,883 DEBUG block.SCMBlockDeletingService (SCMBlockDeletingService.java:call(138)) - Running DeletedBlockTransactionScanner
2019-06-13 13:50:22,883 DEBUG block.SCMBlockDeletingService (SCMBlockDeletingService.java:call(155)) - Scanned deleted blocks log and got 0 delTX to process.
2019-06-13 13:50:22,983 DEBUG block.SCMBlockDeletingService (SCMBlockDeletingService.java:call(138)) - Running DeletedBlockTransactionScanner
2019-06-13 13:50:22,983 DEBUG block.SCMBlockDeletingService (SCMBlockDeletingService.java:call(155)) - Scanned deleted blocks log and got 0 delTX to process.
2019-06-13 13:50:23,066 INFO  client.GrpcClientProtocolClient (GrpcClientProtocolClient.java:onNext(254)) - client-D47EFDF0E133->5d71e5de-6d45-4480-a1f1-d41cc2d38630: receive RaftClientReply:client-D47EFDF0E133->5d71e5de-6d45-4480-a1f1-d41cc2d38630@group-C6AEA7A4B82B, cid=1, SUCCESS, logIndex=1, commits[5d71e5de-6d45-4480-a1f1-d41cc2d38630:c2]
2019-06-13 13:50:23,090 DEBUG block.SCMBlockDeletingService (SCMBlockDeletingService.java:call(138)) - Running DeletedBlockTransactionScanner
2019-06-13 13:50:23,090 DEBUG block.SCMBlockDeletingService (SCMBlockDeletingService.java:call(155)) - Scanned deleted blocks log and got 0 delTX to process.
2019-06-13 13:50:23,110 INFO  client.GrpcClientProtocolClient (GrpcClientProtocolClient.java:onNext(254)) - client-D47EFDF0E133->5d71e5de-6d45-4480-a1f1-d41cc2d38630: receive RaftClientReply:client-D47EFDF0E133->5d71e5de-6d45-4480-a1f1-d41cc2d38630@group-C6AEA7A4B82B, cid=2, SUCCESS, logIndex=3, commits[5d71e5de-6d45-4480-a1f1-d41cc2d38630:c4]
2019-06-13 13:50:23,114 INFO  client.GrpcClientProtocolClient (GrpcClientProtocolClient.java:onNext(254)) - client-D47EFDF0E133->5d71e5de-6d45-4480-a1f1-d41cc2d38630: receive RaftClientReply:client-D47EFDF0E133->5d71e5de-6d45-4480-a1f1-d41cc2d38630@group-C6AEA7A4B82B, cid=3, SUCCESS, logIndex=5, commits[5d71e5de-6d45-4480-a1f1-d41cc2d38630:c7]
2019-06-13 13:50:23,120 INFO  client.GrpcClientProtocolClient (GrpcClientProtocolClient.java:onNext(254)) - client-D47EFDF0E133->5d71e5de-6d45-4480-a1f1-d41cc2d38630: receive RaftClientReply:client-D47EFDF0E133->5d71e5de-6d45-4480-a1f1-d41cc2d38630@group-C6AEA7A4B82B, cid=4, SUCCESS, logIndex=6, commits[5d71e5de-6d45-4480-a1f1-d41cc2d38630:c7]
2019-06-13 13:50:23,143 INFO  client.GrpcClientProtocolClient (GrpcClientProtocolClient.java:onNext(254)) - client-D47EFDF0E133->5d71e5de-6d45-4480-a1f1-d41cc2d38630: receive RaftClientReply:client-D47EFDF0E133->5d71e5de-6d45-4480-a1f1-d41cc2d38630@group-C6AEA7A4B82B, cid=5, SUCCESS, logIndex=8, commits[5d71e5de-6d45-4480-a1f1-d41cc2d38630:c8]
2019-06-13 13:50:23,149 INFO  client.GrpcClientProtocolClient (GrpcClientProtocolClient.java:onNext(254)) - client-D47EFDF0E133->5d71e5de-6d45-4480-a1f1-d41cc2d38630: receive RaftClientReply:client-D47EFDF0E133->5d71e5de-6d45-4480-a1f1-d41cc2d38630@group-C6AEA7A4B82B, cid=6, SUCCESS, logIndex=10, commits[5d71e5de-6d45-4480-a1f1-d41cc2d38630:c10]
2019-06-13 13:50:23,153 INFO  client.GrpcClientProtocolClient (GrpcClientProtocolClient.java:onNext(254)) - client-D47EFDF0E133->5d71e5de-6d45-4480-a1f1-d41cc2d38630: receive RaftClientReply:client-D47EFDF0E133->5d71e5de-6d45-4480-a1f1-d41cc2d38630@group-C6AEA7A4B82B, cid=7, SUCCESS, logIndex=12, commits[5d71e5de-6d45-4480-a1f1-d41cc2d38630:c12]
2019-06-13 13:50:23,156 INFO  client.GrpcClientProtocolClient (GrpcClientProtocolClient.java:onNext(254)) - client-D47EFDF0E133->5d71e5de-6d45-4480-a1f1-d41cc2d38630: receive RaftClientReply:client-D47EFDF0E133->5d71e5de-6d45-4480-a1f1-d41cc2d38630@group-C6AEA7A4B82B, cid=8, SUCCESS, logIndex=14, commits[5d71e5de-6d45-4480-a1f1-d41cc2d38630:c15]
2019-06-13 13:50:23,192 DEBUG block.SCMBlockDeletingService (SCMBlockDeletingService.java:call(138)) - Running DeletedBlockTransactionScanner
2019-06-13 13:50:23,192 DEBUG block.SCMBlockDeletingService (SCMBlockDeletingService.java:call(155)) - Scanned deleted blocks log and got 0 delTX to process.
2019-06-13 13:50:23,208 INFO  client.GrpcClientProtocolClient (GrpcClientProtocolClient.java:onNext(254)) - client-D47EFDF0E133->5d71e5de-6d45-4480-a1f1-d41cc2d38630: receive RaftClientReply:client-D47EFDF0E133->5d71e5de-6d45-4480-a1f1-d41cc2d38630@group-C6AEA7A4B82B, cid=9, SUCCESS, logIndex=16, commits[5d71e5de-6d45-4480-a1f1-d41cc2d38630:c17]
2019-06-13 13:50:23,223 INFO  client.GrpcClientProtocolClient (GrpcClientProtocolClient.java:onNext(254)) - client-D47EFDF0E133->5d71e5de-6d45-4480-a1f1-d41cc2d38630: receive RaftClientReply:client-D47EFDF0E133->5d71e5de-6d45-4480-a1f1-d41cc2d38630@group-C6AEA7A4B82B, cid=10, SUCCESS, logIndex=18, commits[5d71e5de-6d45-4480-a1f1-d41cc2d38630:c22]
2019-06-13 13:50:23,224 INFO  client.GrpcClientProtocolClient (GrpcClientProtocolClient.java:onNext(254)) - client-D47EFDF0E133->5d71e5de-6d45-4480-a1f1-d41cc2d38630: receive RaftClientReply:client-D47EFDF0E133->5d71e5de-6d45-4480-a1f1-d41cc2d38630@group-C6AEA7A4B82B, cid=11, SUCCESS, logIndex=20, commits[5d71e5de-6d45-4480-a1f1-d41cc2d38630:c22]
2019-06-13 13:50:23,225 INFO  client.GrpcClientProtocolClient (GrpcClientProtocolClient.java:onNext(254)) - client-D47EFDF0E133->5d71e5de-6d45-4480-a1f1-d41cc2d38630: receive RaftClientReply:client-D47EFDF0E133->5d71e5de-6d45-4480-a1f1-d41cc2d38630@group-C6AEA7A4B82B, cid=12, SUCCESS, logIndex=21, commits[5d71e5de-6d45-4480-a1f1-d41cc2d38630:c22]
2019-06-13 13:50:23,241 INFO  client.GrpcClientProtocolClient (GrpcClientProtocolClient.java:onNext(254)) - client-D47EFDF0E133->5d71e5de-6d45-4480-a1f1-d41cc2d38630: receive RaftClientReply:client-D47EFDF0E133->5d71e5de-6d45-4480-a1f1-d41cc2d38630@group-C6AEA7A4B82B, cid=13, SUCCESS, logIndex=23, commits[5d71e5de-6d45-4480-a1f1-d41cc2d38630:c23]
2019-06-13 13:50:23,244 INFO  client.GrpcClientProtocolClient (GrpcClientProtocolClient.java:onNext(254)) - client-D47EFDF0E133->5d71e5de-6d45-4480-a1f1-d41cc2d38630: receive RaftClientReply:client-D47EFDF0E133->5d71e5de-6d45-4480-a1f1-d41cc2d38630@group-C6AEA7A4B82B, cid=14, SUCCESS, logIndex=25, commits[5d71e5de-6d45-4480-a1f1-d41cc2d38630:c26]
2019-06-13 13:50:23,250 INFO  client.GrpcClientProtocolClient (GrpcClientProtocolClient.java:onNext(254)) - client-D47EFDF0E133->5d71e5de-6d45-4480-a1f1-d41cc2d38630: receive RaftClientReply:client-D47EFDF0E133->5d71e5de-6d45-4480-a1f1-d41cc2d38630@group-C6AEA7A4B82B, cid=15, SUCCESS, logIndex=27, commits[5d71e5de-6d45-4480-a1f1-d41cc2d38630:c27]
2019-06-13 13:50:23,253 INFO  client.GrpcClientProtocolClient (GrpcClientProtocolClient.java:onNext(254)) - client-D47EFDF0E133->5d71e5de-6d45-4480-a1f1-d41cc2d38630: receive RaftClientReply:client-D47EFDF0E133->5d71e5de-6d45-4480-a1f1-d41cc2d38630@group-C6AEA7A4B82B, cid=16, SUCCESS, logIndex=29, commits[5d71e5de-6d45-4480-a1f1-d41cc2d38630:c30]
2019-06-13 13:50:23,283 INFO  client.GrpcClientProtocolClient (GrpcClientProtocolClient.java:onNext(254)) - client-D47EFDF0E133->5d71e5de-6d45-4480-a1f1-d41cc2d38630: receive RaftClientReply:client-D47EFDF0E133->5d71e5de-6d45-4480-a1f1-d41cc2d38630@group-C6AEA7A4B82B, cid=17, SUCCESS, logIndex=31, commits[5d71e5de-6d45-4480-a1f1-d41cc2d38630:c31]
2019-06-13 13:50:23,292 DEBUG block.SCMBlockDeletingService (SCMBlockDeletingService.java:call(138)) - Running DeletedBlockTransactionScanner
2019-06-13 13:50:23,292 DEBUG block.SCMBlockDeletingService (SCMBlockDeletingService.java:call(155)) - Scanned deleted blocks log and got 0 delTX to process.
2019-06-13 13:50:23,300 INFO  client.GrpcClientProtocolClient (GrpcClientProtocolClient.java:onNext(254)) - client-D47EFDF0E133->5d71e5de-6d45-4480-a1f1-d41cc2d38630: receive RaftClientReply:client-D47EFDF0E133->5d71e5de-6d45-4480-a1f1-d41cc2d38630@group-C6AEA7A4B82B, cid=18, SUCCESS, logIndex=33, commits[5d71e5de-6d45-4480-a1f1-d41cc2d38630:c37]
2019-06-13 13:50:23,301 INFO  client.GrpcClientProtocolClient (GrpcClientProtocolClient.java:onNext(254)) - client-D47EFDF0E133->5d71e5de-6d45-4480-a1f1-d41cc2d38630: receive RaftClientReply:client-D47EFDF0E133->5d71e5de-6d45-4480-a1f1-d41cc2d38630@group-C6AEA7A4B82B, cid=19, SUCCESS, logIndex=34, commits[5d71e5de-6d45-4480-a1f1-d41cc2d38630:c37]
2019-06-13 13:50:23,302 INFO  client.GrpcClientProtocolClient (GrpcClientProtocolClient.java:onNext(254)) - client-D47EFDF0E133->5d71e5de-6d45-4480-a1f1-d41cc2d38630: receive RaftClientReply:client-D47EFDF0E133->5d71e5de-6d45-4480-a1f1-d41cc2d38630@group-C6AEA7A4B82B, cid=20, SUCCESS, logIndex=35, commits[5d71e5de-6d45-4480-a1f1-d41cc2d38630:c37]
2019-06-13 13:50:23,317 INFO  client.GrpcClientProtocolClient (GrpcClientProtocolClient.java:onNext(254)) - client-D47EFDF0E133->5d71e5de-6d45-4480-a1f1-d41cc2d38630: receive RaftClientReply:client-D47EFDF0E133->5d71e5de-6d45-4480-a1f1-d41cc2d38630@group-C6AEA7A4B82B, cid=21, SUCCESS, logIndex=38, commits[5d71e5de-6d45-4480-a1f1-d41cc2d38630:c38]
2019-06-13 13:50:23,320 INFO  client.GrpcClientProtocolClient (GrpcClientProtocolClient.java:onNext(254)) - client-D47EFDF0E133->5d71e5de-6d45-4480-a1f1-d41cc2d38630: receive RaftClientReply:client-D47EFDF0E133->5d71e5de-6d45-4480-a1f1-d41cc2d38630@group-C6AEA7A4B82B, cid=22, SUCCESS, logIndex=40, commits[5d71e5de-6d45-4480-a1f1-d41cc2d38630:c41]
2019-06-13 13:50:23,326 INFO  client.GrpcClientProtocolClient (GrpcClientProtocolClient.java:onNext(254)) - client-D47EFDF0E133->5d71e5de-6d45-4480-a1f1-d41cc2d38630: receive RaftClientReply:client-D47EFDF0E133->5d71e5de-6d45-4480-a1f1-d41cc2d38630@group-C6AEA7A4B82B, cid=23, SUCCESS, logIndex=42, commits[5d71e5de-6d45-4480-a1f1-d41cc2d38630:c42]
2019-06-13 13:50:23,327 INFO  client.GrpcClientProtocolClient (GrpcClientProtocolClient.java:onNext(254)) - client-D47EFDF0E133->5d71e5de-6d45-4480-a1f1-d41cc2d38630: receive RaftClientReply:client-D47EFDF0E133->5d71e5de-6d45-4480-a1f1-d41cc2d38630@group-C6AEA7A4B82B, cid=24, SUCCESS, logIndex=43, commits[5d71e5de-6d45-4480-a1f1-d41cc2d38630:c45]
2019-06-13 13:50:23,394 DEBUG block.SCMBlockDeletingService (SCMBlockDeletingService.java:call(138)) - Running DeletedBlockTransactionScanner
2019-06-13 13:50:23,394 DEBUG block.SCMBlockDeletingService (SCMBlockDeletingService.java:call(155)) - Scanned deleted blocks log and got 0 delTX to process.
2019-06-13 13:50:23,395 INFO  client.GrpcClientProtocolClient (GrpcClientProtocolClient.java:onNext(254)) - client-D47EFDF0E133->5d71e5de-6d45-4480-a1f1-d41cc2d38630: receive RaftClientReply:client-D47EFDF0E133->5d71e5de-6d45-4480-a1f1-d41cc2d38630@group-C6AEA7A4B82B, cid=25, SUCCESS, logIndex=46, commits[5d71e5de-6d45-4480-a1f1-d41cc2d38630:c46]
2019-06-13 13:50:23,399 INFO  client.GrpcClientProtocolClient (GrpcClientProtocolClient.java:onNext(254)) - client-D47EFDF0E133->5d71e5de-6d45-4480-a1f1-d41cc2d38630: receive RaftClientReply:client-D47EFDF0E133->5d71e5de-6d45-4480-a1f1-d41cc2d38630@group-C6AEA7A4B82B, cid=26, SUCCESS, logIndex=48, commits[5d71e5de-6d45-4480-a1f1-d41cc2d38630:c48]
2019-06-13 13:50:23,403 INFO  client.GrpcClientProtocolClient (GrpcClientProtocolClient.java:onNext(254)) - client-D47EFDF0E133->5d71e5de-6d45-4480-a1f1-d41cc2d38630: receive RaftClientReply:client-D47EFDF0E133->5d71e5de-6d45-4480-a1f1-d41cc2d38630@group-C6AEA7A4B82B, cid=27, SUCCESS, logIndex=50, commits[5d71e5de-6d45-4480-a1f1-d41cc2d38630:c51]
2019-06-13 13:50:23,404 INFO  client.GrpcClientProtocolClient (GrpcClientProtocolClient.java:onNext(254)) - client-D47EFDF0E133->5d71e5de-6d45-4480-a1f1-d41cc2d38630: receive RaftClientReply:client-D47EFDF0E133->5d71e5de-6d45-4480-a1f1-d41cc2d38630@group-C6AEA7A4B82B, cid=28, SUCCESS, logIndex=51, commits[5d71e5de-6d45-4480-a1f1-d41cc2d38630:c52]
2019-06-13 13:50:23,418 INFO  client.GrpcClientProtocolClient (GrpcClientProtocolClient.java:onNext(254)) - client-D47EFDF0E133->5d71e5de-6d45-4480-a1f1-d41cc2d38630: receive RaftClientReply:client-D47EFDF0E133->5d71e5de-6d45-4480-a1f1-d41cc2d38630@group-C6AEA7A4B82B, cid=29, SUCCESS, logIndex=53, commits[5d71e5de-6d45-4480-a1f1-d41cc2d38630:c53]
2019-06-13 13:50:23,426 INFO  client.GrpcClientProtocolClient (GrpcClientProtocolClient.java:onNext(254)) - client-D47EFDF0E133->5d71e5de-6d45-4480-a1f1-d41cc2d38630: receive RaftClientReply:client-D47EFDF0E133->5d71e5de-6d45-4480-a1f1-d41cc2d38630@group-C6AEA7A4B82B, cid=30, SUCCESS, logIndex=55, commits[5d71e5de-6d45-4480-a1f1-d41cc2d38630:c55]
2019-06-13 13:50:23,427 INFO  client.GrpcClientProtocolClient (GrpcClientProtocolClient.java:onNext(254)) - client-D47EFDF0E133->5d71e5de-6d45-4480-a1f1-d41cc2d38630: receive RaftClientReply:client-D47EFDF0E133->5d71e5de-6d45-4480-a1f1-d41cc2d38630@group-C6AEA7A4B82B, cid=31, SUCCESS, logIndex=57, commits[5d71e5de-6d45-4480-a1f1-d41cc2d38630:c58]
2019-06-13 13:50:23,431 INFO  client.GrpcClientProtocolClient (GrpcClientProtocolClient.java:onNext(254)) - client-D47EFDF0E133->5d71e5de-6d45-4480-a1f1-d41cc2d38630: receive RaftClientReply:client-D47EFDF0E133->5d71e5de-6d45-4480-a1f1-d41cc2d38630@group-C6AEA7A4B82B, cid=32, SUCCESS, logIndex=58, commits[5d71e5de-6d45-4480-a1f1-d41cc2d38630:c58]
2019-06-13 13:50:23,444 INFO  client.GrpcClientProtocolClient (GrpcClientProtocolClient.java:onNext(254)) - client-D47EFDF0E133->5d71e5de-6d45-4480-a1f1-d41cc2d38630: receive RaftClientReply:client-D47EFDF0E133->5d71e5de-6d45-4480-a1f1-d41cc2d38630@group-C6AEA7A4B82B, cid=33, SUCCESS, logIndex=60, commits[5d71e5de-6d45-4480-a1f1-d41cc2d38630:c60]
2019-06-13 13:50:23,446 INFO  client.GrpcClientProtocolClient (GrpcClientProtocolClient.java:onNext(254)) - client-D47EFDF0E133->5d71e5de-6d45-4480-a1f1-d41cc2d38630: receive RaftClientReply:client-D47EFDF0E133->5d71e5de-6d45-4480-a1f1-d41cc2d38630@group-C6AEA7A4B82B, cid=34, SUCCESS, logIndex=62, commits[5d71e5de-6d45-4480-a1f1-d41cc2d38630:c62]
2019-06-13 13:50:23,451 INFO  client.GrpcClientProtocolClient (GrpcClientProtocolClient.java:onNext(254)) - client-D47EFDF0E133->5d71e5de-6d45-4480-a1f1-d41cc2d38630: receive RaftClientReply:client-D47EFDF0E133->5d71e5de-6d45-4480-a1f1-d41cc2d38630@group-C6AEA7A4B82B, cid=35, SUCCESS, logIndex=64, commits[5d71e5de-6d45-4480-a1f1-d41cc2d38630:c64]
2019-06-13 13:50:23,459 INFO  client.GrpcClientProtocolClient (GrpcClientProtocolClient.java:onNext(254)) - client-D47EFDF0E133->5d71e5de-6d45-4480-a1f1-d41cc2d38630: receive RaftClientReply:client-D47EFDF0E133->5d71e5de-6d45-4480-a1f1-d41cc2d38630@group-C6AEA7A4B82B, cid=36, SUCCESS, logIndex=66, commits[5d71e5de-6d45-4480-a1f1-d41cc2d38630:c67]
2019-06-13 13:50:23,472 INFO  client.GrpcClientProtocolClient (GrpcClientProtocolClient.java:onNext(254)) - client-D47EFDF0E133->5d71e5de-6d45-4480-a1f1-d41cc2d38630: receive RaftClientReply:client-D47EFDF0E133->5d71e5de-6d45-4480-a1f1-d41cc2d38630@group-C6AEA7A4B82B, cid=37, SUCCESS, logIndex=68, commits[5d71e5de-6d45-4480-a1f1-d41cc2d38630:c68]
2019-06-13 13:50:23,474 INFO  client.GrpcClientProtocolClient (GrpcClientProtocolClient.java:onNext(254)) - client-D47EFDF0E133->5d71e5de-6d45-4480-a1f1-d41cc2d38630: receive RaftClientReply:client-D47EFDF0E133->5d71e5de-6d45-4480-a1f1-d41cc2d38630@group-C6AEA7A4B82B, cid=38, SUCCESS, logIndex=70, commits[5d71e5de-6d45-4480-a1f1-d41cc2d38630:c70]
2019-06-13 13:50:23,484 INFO  client.GrpcClientProtocolClient (GrpcClientProtocolClient.java:onNext(254)) - client-D47EFDF0E133->5d71e5de-6d45-4480-a1f1-d41cc2d38630: receive RaftClientReply:client-D47EFDF0E133->5d71e5de-6d45-4480-a1f1-d41cc2d38630@group-C6AEA7A4B82B, cid=39, SUCCESS, logIndex=72, commits[5d71e5de-6d45-4480-a1f1-d41cc2d38630:c73]
2019-06-13 13:50:23,486 INFO  client.GrpcClientProtocolClient (GrpcClientProtocolClient.java:onNext(254)) - client-D47EFDF0E133->5d71e5de-6d45-4480-a1f1-d41cc2d38630: receive RaftClientReply:client-D47EFDF0E133->5d71e5de-6d45-4480-a1f1-d41cc2d38630@group-C6AEA7A4B82B, cid=40, SUCCESS, logIndex=73, commits[5d71e5de-6d45-4480-a1f1-d41cc2d38630:c74]
2019-06-13 13:50:23,495 DEBUG block.SCMBlockDeletingService (SCMBlockDeletingService.java:call(138)) - Running DeletedBlockTransactionScanner
2019-06-13 13:50:23,495 DEBUG block.SCMBlockDeletingService (SCMBlockDeletingService.java:call(155)) - Scanned deleted blocks log and got 0 delTX to process.
2019-06-13 13:50:23,498 INFO  client.GrpcClientProtocolClient (GrpcClientProtocolClient.java:onNext(254)) - client-D47EFDF0E133->5d71e5de-6d45-4480-a1f1-d41cc2d38630: receive RaftClientReply:client-D47EFDF0E133->5d71e5de-6d45-4480-a1f1-d41cc2d38630@group-C6AEA7A4B82B, cid=41, SUCCESS, logIndex=75, commits[5d71e5de-6d45-4480-a1f1-d41cc2d38630:c75]
2019-06-13 13:50:23,502 INFO  client.GrpcClientProtocolClient (GrpcClientProtocolClient.java:onNext(254)) - client-D47EFDF0E133->5d71e5de-6d45-4480-a1f1-d41cc2d38630: receive RaftClientReply:client-D47EFDF0E133->5d71e5de-6d45-4480-a1f1-d41cc2d38630@group-C6AEA7A4B82B, cid=42, SUCCESS, logIndex=77, commits[5d71e5de-6d45-4480-a1f1-d41cc2d38630:c77]
2019-06-13 13:50:23,503 INFO  client.GrpcClientProtocolClient (GrpcClientProtocolClient.java:onNext(254)) - client-D47EFDF0E133->5d71e5de-6d45-4480-a1f1-d41cc2d38630: receive RaftClientReply:client-D47EFDF0E133->5d71e5de-6d45-4480-a1f1-d41cc2d38630@group-C6AEA7A4B82B, cid=43, SUCCESS, logIndex=78, commits[5d71e5de-6d45-4480-a1f1-d41cc2d38630:c79]
2019-06-13 13:50:23,505 INFO  client.GrpcClientProtocolClient (GrpcClientProtocolClient.java:onNext(254)) - client-D47EFDF0E133->5d71e5de-6d45-4480-a1f1-d41cc2d38630: receive RaftClientReply:client-D47EFDF0E133->5d71e5de-6d45-4480-a1f1-d41cc2d38630@group-C6AEA7A4B82B, cid=44, SUCCESS, logIndex=80, commits[5d71e5de-6d45-4480-a1f1-d41cc2d38630:c81]
2019-06-13 13:50:23,583 INFO  storage.RaftLogWorker (RaftLogWorker.java:rollLogSegment(303)) - 5d71e5de-6d45-4480-a1f1-d41cc2d38630-RaftLogWorker: Rolling segment log-0_81 to index:81
2019-06-13 13:50:23,585 INFO  storage.RaftLogWorker (RaftLogWorker.java:execute(433)) - 5d71e5de-6d45-4480-a1f1-d41cc2d38630-RaftLogWorker: Rolled log segment from /opt/src/hadoop-ozone/integration-test/target/test-dir/MiniOzoneClusterImpl-c05bfa39-b333-4767-bc96-5a78f3430938/datanode-0/data/ratis/3aee30eb-3db1-472a-b851-c6aea7a4b82b/current/log_inprogress_0 to /opt/src/hadoop-ozone/integration-test/target/test-dir/MiniOzoneClusterImpl-c05bfa39-b333-4767-bc96-5a78f3430938/datanode-0/data/ratis/3aee30eb-3db1-472a-b851-c6aea7a4b82b/current/log_0-81
2019-06-13 13:50:23,595 DEBUG block.SCMBlockDeletingService (SCMBlockDeletingService.java:call(138)) - Running DeletedBlockTransactionScanner
2019-06-13 13:50:23,595 DEBUG block.SCMBlockDeletingService (SCMBlockDeletingService.java:call(155)) - Scanned deleted blocks log and got 0 delTX to process.
2019-06-13 13:50:23,622 INFO  storage.RaftLogWorker (RaftLogWorker.java:execute(469)) - 5d71e5de-6d45-4480-a1f1-d41cc2d38630-RaftLogWorker: created new log segment /opt/src/hadoop-ozone/integration-test/target/test-dir/MiniOzoneClusterImpl-c05bfa39-b333-4767-bc96-5a78f3430938/datanode-0/data/ratis/3aee30eb-3db1-472a-b851-c6aea7a4b82b/current/log_inprogress_82
2019-06-13 13:50:23,625 INFO  client.GrpcClientProtocolClient (GrpcClientProtocolClient.java:onNext(254)) - client-D47EFDF0E133->5d71e5de-6d45-4480-a1f1-d41cc2d38630: receive RaftClientReply:client-D47EFDF0E133->5d71e5de-6d45-4480-a1f1-d41cc2d38630@group-C6AEA7A4B82B, cid=45, SUCCESS, logIndex=82, commits[5d71e5de-6d45-4480-a1f1-d41cc2d38630:c82]
2019-06-13 13:50:23,630 INFO  client.GrpcClientProtocolClient (GrpcClientProtocolClient.java:onNext(254)) - client-D47EFDF0E133->5d71e5de-6d45-4480-a1f1-d41cc2d38630: receive RaftClientReply:client-D47EFDF0E133->5d71e5de-6d45-4480-a1f1-d41cc2d38630@group-C6AEA7A4B82B, cid=46, SUCCESS, logIndex=84, commits[5d71e5de-6d45-4480-a1f1-d41cc2d38630:c84]
2019-06-13 13:50:23,632 INFO  client.GrpcClientProtocolClient (GrpcClientProtocolClient.java:onNext(254)) - client-D47EFDF0E133->5d71e5de-6d45-4480-a1f1-d41cc2d38630: receive RaftClientReply:client-D47EFDF0E133->5d71e5de-6d45-4480-a1f1-d41cc2d38630@group-C6AEA7A4B82B, cid=47, SUCCESS, logIndex=86, commits[5d71e5de-6d45-4480-a1f1-d41cc2d38630:c87]
2019-06-13 13:50:23,633 INFO  client.GrpcClientProtocolClient (GrpcClientProtocolClient.java:onNext(254)) - client-D47EFDF0E133->5d71e5de-6d45-4480-a1f1-d41cc2d38630: receive RaftClientReply:client-D47EFDF0E133->5d71e5de-6d45-4480-a1f1-d41cc2d38630@group-C6AEA7A4B82B, cid=48, SUCCESS, logIndex=87, commits[5d71e5de-6d45-4480-a1f1-d41cc2d38630:c87]
2019-06-13 13:50:23,651 INFO  client.GrpcClientProtocolClient (GrpcClientProtocolClient.java:onNext(254)) - client-D47EFDF0E133->5d71e5de-6d45-4480-a1f1-d41cc2d38630: receive RaftClientReply:client-D47EFDF0E133->5d71e5de-6d45-4480-a1f1-d41cc2d38630@group-C6AEA7A4B82B, cid=49, SUCCESS, logIndex=90, commits[5d71e5de-6d45-4480-a1f1-d41cc2d38630:c90]
2019-06-13 13:50:23,653 INFO  client.GrpcClientProtocolClient (GrpcClientProtocolClient.java:onNext(254)) - client-D47EFDF0E133->5d71e5de-6d45-4480-a1f1-d41cc2d38630: receive RaftClientReply:client-D47EFDF0E133->5d71e5de-6d45-4480-a1f1-d41cc2d38630@group-C6AEA7A4B82B, cid=50, SUCCESS, logIndex=92, commits[5d71e5de-6d45-4480-a1f1-d41cc2d38630:c92]
2019-06-13 13:50:23,658 INFO  client.GrpcClientProtocolClient (GrpcClientProtocolClient.java:onNext(254)) - client-D47EFDF0E133->5d71e5de-6d45-4480-a1f1-d41cc2d38630: receive RaftClientReply:client-D47EFDF0E133->5d71e5de-6d45-4480-a1f1-d41cc2d38630@group-C6AEA7A4B82B, cid=51, SUCCESS, logIndex=94, commits[5d71e5de-6d45-4480-a1f1-d41cc2d38630:c94]
2019-06-13 13:50:23,662 INFO  client.GrpcClientProtocolClient (GrpcClientProtocolClient.java:onNext(254)) - client-D47EFDF0E133->5d71e5de-6d45-4480-a1f1-d41cc2d38630: receive RaftClientReply:client-D47EFDF0E133->5d71e5de-6d45-4480-a1f1-d41cc2d38630@group-C6AEA7A4B82B, cid=52, SUCCESS, logIndex=96, commits[5d71e5de-6d45-4480-a1f1-d41cc2d38630:c97]
2019-06-13 13:50:23,672 INFO  client.GrpcClientProtocolClient (GrpcClientProtocolClient.java:onNext(254)) - client-D47EFDF0E133->5d71e5de-6d45-4480-a1f1-d41cc2d38630: receive RaftClientReply:client-D47EFDF0E133->5d71e5de-6d45-4480-a1f1-d41cc2d38630@group-C6AEA7A4B82B, cid=53, SUCCESS, logIndex=98, commits[5d71e5de-6d45-4480-a1f1-d41cc2d38630:c98]
2019-06-13 13:50:23,676 INFO  client.GrpcClientProtocolClient (GrpcClientProtocolClient.java:onNext(254)) - client-D47EFDF0E133->5d71e5de-6d45-4480-a1f1-d41cc2d38630: receive RaftClientReply:client-D47EFDF0E133->5d71e5de-6d45-4480-a1f1-d41cc2d38630@group-C6AEA7A4B82B, cid=54, SUCCESS, logIndex=100, commits[5d71e5de-6d45-4480-a1f1-d41cc2d38630:c100]
2019-06-13 13:50:23,678 INFO  client.GrpcClientProtocolClient (GrpcClientProtocolClient.java:onNext(254)) - client-D47EFDF0E133->5d71e5de-6d45-4480-a1f1-d41cc2d38630: receive RaftClientReply:client-D47EFDF0E133->5d71e5de-6d45-4480-a1f1-d41cc2d38630@group-C6AEA7A4B82B, cid=55, SUCCESS, logIndex=101, commits[5d71e5de-6d45-4480-a1f1-d41cc2d38630:c103]
2019-06-13 13:50:23,679 INFO  client.GrpcClientProtocolClient (GrpcClientProtocolClient.java:onNext(254)) - client-D47EFDF0E133->5d71e5de-6d45-4480-a1f1-d41cc2d38630: receive RaftClientReply:client-D47EFDF0E133->5d71e5de-6d45-4480-a1f1-d41cc2d38630@group-C6AEA7A4B82B, cid=56, SUCCESS, logIndex=103, commits[5d71e5de-6d45-4480-a1f1-d41cc2d38630:c103]
2019-06-13 13:50:23,695 DEBUG block.SCMBlockDeletingService (SCMBlockDeletingService.java:call(138)) - Running DeletedBlockTransactionScanner
2019-06-13 13:50:23,696 DEBUG block.SCMBlockDeletingService (SCMBlockDeletingService.java:call(155)) - Scanned deleted blocks log and got 0 delTX to process.
2019-06-13 13:50:23,698 INFO  client.GrpcClientProtocolClient (GrpcClientProtocolClient.java:onNext(254)) - client-D47EFDF0E133->5d71e5de-6d45-4480-a1f1-d41cc2d38630: receive RaftClientReply:client-D47EFDF0E133->5d71e5de-6d45-4480-a1f1-d41cc2d38630@group-C6AEA7A4B82B, cid=57, SUCCESS, logIndex=105, commits[5d71e5de-6d45-4480-a1f1-d41cc2d38630:c105]
2019-06-13 13:50:23,703 INFO  client.GrpcClientProtocolClient (GrpcClientProtocolClient.java:onNext(254)) - client-D47EFDF0E133->5d71e5de-6d45-4480-a1f1-d41cc2d38630: receive RaftClientReply:client-D47EFDF0E133->5d71e5de-6d45-4480-a1f1-d41cc2d38630@group-C6AEA7A4B82B, cid=58, SUCCESS, logIndex=107, commits[5d71e5de-6d45-4480-a1f1-d41cc2d38630:c107]
2019-06-13 13:50:23,704 INFO  client.GrpcClientProtocolClient (GrpcClientProtocolClient.java:onNext(254)) - client-D47EFDF0E133->5d71e5de-6d45-4480-a1f1-d41cc2d38630: receive RaftClientReply:client-D47EFDF0E133->5d71e5de-6d45-4480-a1f1-d41cc2d38630@group-C6AEA7A4B82B, cid=59, SUCCESS, logIndex=108, commits[5d71e5de-6d45-4480-a1f1-d41cc2d38630:c109]
2019-06-13 13:50:23,706 INFO  client.GrpcClientProtocolClient (GrpcClientProtocolClient.java:onNext(254)) - client-D47EFDF0E133->5d71e5de-6d45-4480-a1f1-d41cc2d38630: receive RaftClientReply:client-D47EFDF0E133->5d71e5de-6d45-4480-a1f1-d41cc2d38630@group-C6AEA7A4B82B, cid=60, SUCCESS, logIndex=110, commits[5d71e5de-6d45-4480-a1f1-d41cc2d38630:c110]
2019-06-13 13:50:23,716 INFO  client.GrpcClientProtocolClient (GrpcClientProtocolClient.java:onNext(254)) - client-D47EFDF0E133->5d71e5de-6d45-4480-a1f1-d41cc2d38630: receive RaftClientReply:client-D47EFDF0E133->5d71e5de-6d45-4480-a1f1-d41cc2d38630@group-C6AEA7A4B82B, cid=61, SUCCESS, logIndex=112, commits[5d71e5de-6d45-4480-a1f1-d41cc2d38630:c112]
2019-06-13 13:50:23,718 INFO  client.GrpcClientProtocolClient (GrpcClientProtocolClient.java:onNext(254)) - client-D47EFDF0E133->5d71e5de-6d45-4480-a1f1-d41cc2d38630: receive RaftClientReply:client-D47EFDF0E133->5d71e5de-6d45-4480-a1f1-d41cc2d38630@group-C6AEA7A4B82B, cid=62, SUCCESS, logIndex=114, commits[5d71e5de-6d45-4480-a1f1-d41cc2d38630:c114]
2019-06-13 13:50:23,795 INFO  client.GrpcClientProtocolClient (GrpcClientProtocolClient.java:onNext(254)) - client-D47EFDF0E133->5d71e5de-6d45-4480-a1f1-d41cc2d38630: receive RaftClientReply:client-D47EFDF0E133->5d71e5de-6d45-4480-a1f1-d41cc2d38630@group-C6AEA7A4B82B, cid=63, SUCCESS, logIndex=116, commits[5d71e5de-6d45-4480-a1f1-d41cc2d38630:c117]
2019-06-13 13:50:23,796 DEBUG block.SCMBlockDeletingService (SCMBlockDeletingService.java:call(138)) - Running DeletedBlockTransactionScanner
2019-06-13 13:50:23,796 DEBUG block.SCMBlockDeletingService (SCMBlockDeletingService.java:call(155)) - Scanned deleted blocks log and got 0 delTX to process.
2019-06-13 13:50:23,799 INFO  client.GrpcClientProtocolClient (GrpcClientProtocolClient.java:onNext(254)) - client-D47EFDF0E133->5d71e5de-6d45-4480-a1f1-d41cc2d38630: receive RaftClientReply:client-D47EFDF0E133->5d71e5de-6d45-4480-a1f1-d41cc2d38630@group-C6AEA7A4B82B, cid=64, SUCCESS, logIndex=117, commits[5d71e5de-6d45-4480-a1f1-d41cc2d38630:c118]
2019-06-13 13:50:23,823 INFO  client.GrpcClientProtocolClient (GrpcClientProtocolClient.java:onNext(254)) - client-D47EFDF0E133->5d71e5de-6d45-4480-a1f1-d41cc2d38630: receive RaftClientReply:client-D47EFDF0E133->5d71e5de-6d45-4480-a1f1-d41cc2d38630@group-C6AEA7A4B82B, cid=65, SUCCESS, logIndex=119, commits[5d71e5de-6d45-4480-a1f1-d41cc2d38630:c120]
2019-06-13 13:50:23,830 INFO  client.GrpcClientProtocolClient (GrpcClientProtocolClient.java:onNext(254)) - client-D47EFDF0E133->5d71e5de-6d45-4480-a1f1-d41cc2d38630: receive RaftClientReply:client-D47EFDF0E133->5d71e5de-6d45-4480-a1f1-d41cc2d38630@group-C6AEA7A4B82B, cid=66, SUCCESS, logIndex=121, commits[5d71e5de-6d45-4480-a1f1-d41cc2d38630:c121]
2019-06-13 13:50:23,833 INFO  client.GrpcClientProtocolClient (GrpcClientProtocolClient.java:onNext(254)) - client-D47EFDF0E133->5d71e5de-6d45-4480-a1f1-d41cc2d38630: receive RaftClientReply:client-D47EFDF0E133->5d71e5de-6d45-4480-a1f1-d41cc2d38630@group-C6AEA7A4B82B, cid=67, SUCCESS, logIndex=123, commits[5d71e5de-6d45-4480-a1f1-d41cc2d38630:c124]
2019-06-13 13:50:23,833 INFO  client.GrpcClientProtocolClient (GrpcClientProtocolClient.java:onNext(254)) - client-D47EFDF0E133->5d71e5de-6d45-4480-a1f1-d41cc2d38630: receive RaftClientReply:client-D47EFDF0E133->5d71e5de-6d45-4480-a1f1-d41cc2d38630@group-C6AEA7A4B82B, cid=68, SUCCESS, logIndex=124, commits[5d71e5de-6d45-4480-a1f1-d41cc2d38630:c125]
2019-06-13 13:50:23,850 INFO  client.GrpcClientProtocolClient (GrpcClientProtocolClient.java:onNext(254)) - client-D47EFDF0E133->5d71e5de-6d45-4480-a1f1-d41cc2d38630: receive RaftClientReply:client-D47EFDF0E133->5d71e5de-6d45-4480-a1f1-d41cc2d38630@group-C6AEA7A4B82B, cid=69, SUCCESS, logIndex=126, commits[5d71e5de-6d45-4480-a1f1-d41cc2d38630:c127]
2019-06-13 13:50:23,853 INFO  client.GrpcClientProtocolClient (GrpcClientProtocolClient.java:onNext(254)) - client-D47EFDF0E133->5d71e5de-6d45-4480-a1f1-d41cc2d38630: receive RaftClientReply:client-D47EFDF0E133->5d71e5de-6d45-4480-a1f1-d41cc2d38630@group-C6AEA7A4B82B, cid=70, SUCCESS, logIndex=128, commits[5d71e5de-6d45-4480-a1f1-d41cc2d38630:c128]
2019-06-13 13:50:23,861 INFO  client.GrpcClientProtocolClient (GrpcClientProtocolClient.java:onNext(254)) - client-D47EFDF0E133->5d71e5de-6d45-4480-a1f1-d41cc2d38630: receive RaftClientReply:client-D47EFDF0E133->5d71e5de-6d45-4480-a1f1-d41cc2d38630@group-C6AEA7A4B82B, cid=71, SUCCESS, logIndex=129, commits[5d71e5de-6d45-4480-a1f1-d41cc2d38630:c132]
2019-06-13 13:50:23,862 INFO  client.GrpcClientProtocolClient (GrpcClientProtocolClient.java:onNext(254)) - client-D47EFDF0E133->5d71e5de-6d45-4480-a1f1-d41cc2d38630: receive RaftClientReply:client-D47EFDF0E133->5d71e5de-6d45-4480-a1f1-d41cc2d38630@group-C6AEA7A4B82B, cid=72, SUCCESS, logIndex=131, commits[5d71e5de-6d45-4480-a1f1-d41cc2d38630:c132]
2019-06-13 13:50:23,886 INFO  client.GrpcClientProtocolClient (GrpcClientProtocolClient.java:onNext(254)) - client-D47EFDF0E133->5d71e5de-6d45-4480-a1f1-d41cc2d38630: receive RaftClientReply:client-D47EFDF0E133->5d71e5de-6d45-4480-a1f1-d41cc2d38630@group-C6AEA7A4B82B, cid=73, SUCCESS, logIndex=133, commits[5d71e5de-6d45-4480-a1f1-d41cc2d38630:c133]
2019-06-13 13:50:23,896 INFO  client.GrpcClientProtocolClient (GrpcClientProtocolClient.java:onNext(254)) - client-D47EFDF0E133->5d71e5de-6d45-4480-a1f1-d41cc2d38630: receive RaftClientReply:client-D47EFDF0E133->5d71e5de-6d45-4480-a1f1-d41cc2d38630@group-C6AEA7A4B82B, cid=74, SUCCESS, logIndex=135, commits[5d71e5de-6d45-4480-a1f1-d41cc2d38630:c135]
2019-06-13 13:50:23,897 DEBUG block.SCMBlockDeletingService (SCMBlockDeletingService.java:call(138)) - Running DeletedBlockTransactionScanner
2019-06-13 13:50:23,897 DEBUG block.SCMBlockDeletingService (SCMBlockDeletingService.java:call(155)) - Scanned deleted blocks log and got 0 delTX to process.
2019-06-13 13:50:23,900 INFO  client.GrpcClientProtocolClient (GrpcClientProtocolClient.java:onNext(254)) - client-D47EFDF0E133->5d71e5de-6d45-4480-a1f1-d41cc2d38630: receive RaftClientReply:client-D47EFDF0E133->5d71e5de-6d45-4480-a1f1-d41cc2d38630@group-C6AEA7A4B82B, cid=75, SUCCESS, logIndex=137, commits[5d71e5de-6d45-4480-a1f1-d41cc2d38630:c138]
2019-06-13 13:50:23,902 INFO  client.GrpcClientProtocolClient (GrpcClientProtocolClient.java:onNext(254)) - client-D47EFDF0E133->5d71e5de-6d45-4480-a1f1-d41cc2d38630: receive RaftClientReply:client-D47EFDF0E133->5d71e5de-6d45-4480-a1f1-d41cc2d38630@group-C6AEA7A4B82B, cid=76, SUCCESS, logIndex=138, commits[5d71e5de-6d45-4480-a1f1-d41cc2d38630:c139]
2019-06-13 13:50:23,914 INFO  client.GrpcClientProtocolClient (GrpcClientProtocolClient.java:onNext(254)) - client-D47EFDF0E133->5d71e5de-6d45-4480-a1f1-d41cc2d38630: receive RaftClientReply:client-D47EFDF0E133->5d71e5de-6d45-4480-a1f1-d41cc2d38630@group-C6AEA7A4B82B, cid=77, SUCCESS, logIndex=140, commits[5d71e5de-6d45-4480-a1f1-d41cc2d38630:c140]
2019-06-13 13:50:23,929 INFO  client.GrpcClientProtocolClient (GrpcClientProtocolClient.java:onNext(254)) - client-D47EFDF0E133->5d71e5de-6d45-4480-a1f1-d41cc2d38630: receive RaftClientReply:client-D47EFDF0E133->5d71e5de-6d45-4480-a1f1-d41cc2d38630@group-C6AEA7A4B82B, cid=78, SUCCESS, logIndex=142, commits[5d71e5de-6d45-4480-a1f1-d41cc2d38630:c142]
2019-06-13 13:50:23,933 INFO  client.GrpcClientProtocolClient (GrpcClientProtocolClient.java:onNext(254)) - client-D47EFDF0E133->5d71e5de-6d45-4480-a1f1-d41cc2d38630: receive RaftClientReply:client-D47EFDF0E133->5d71e5de-6d45-4480-a1f1-d41cc2d38630@group-C6AEA7A4B82B, cid=79, SUCCESS, logIndex=144, commits[5d71e5de-6d45-4480-a1f1-d41cc2d38630:c145]
2019-06-13 13:50:23,938 INFO  client.GrpcClientProtocolClient (GrpcClientProtocolClient.java:onNext(254)) - client-D47EFDF0E133->5d71e5de-6d45-4480-a1f1-d41cc2d38630: receive RaftClientReply:client-D47EFDF0E133->5d71e5de-6d45-4480-a1f1-d41cc2d38630@group-C6AEA7A4B82B, cid=80, SUCCESS, logIndex=145, commits[5d71e5de-6d45-4480-a1f1-d41cc2d38630:c146]
2019-06-13 13:50:23,960 INFO  client.GrpcClientProtocolClient (GrpcClientProtocolClient.java:onNext(254)) - client-D47EFDF0E133->5d71e5de-6d45-4480-a1f1-d41cc2d38630: receive RaftClientReply:client-D47EFDF0E133->5d71e5de-6d45-4480-a1f1-d41cc2d38630@group-C6AEA7A4B82B, cid=81, SUCCESS, logIndex=147, commits[5d71e5de-6d45-4480-a1f1-d41cc2d38630:c147]
2019-06-13 13:50:23,969 INFO  client.GrpcClientProtocolClient (GrpcClientProtocolClient.java:onNext(254)) - client-D47EFDF0E133->5d71e5de-6d45-4480-a1f1-d41cc2d38630: receive RaftClientReply:client-D47EFDF0E133->5d71e5de-6d45-4480-a1f1-d41cc2d38630@group-C6AEA7A4B82B, cid=82, SUCCESS, logIndex=149, commits[5d71e5de-6d45-4480-a1f1-d41cc2d38630:c151]
2019-06-13 13:50:23,970 INFO  client.GrpcClientProtocolClient (GrpcClientProtocolClient.java:onNext(254)) - client-D47EFDF0E133->5d71e5de-6d45-4480-a1f1-d41cc2d38630: receive RaftClientReply:client-D47EFDF0E133->5d71e5de-6d45-4480-a1f1-d41cc2d38630@group-C6AEA7A4B82B, cid=83, SUCCESS, logIndex=150, commits[5d71e5de-6d45-4480-a1f1-d41cc2d38630:c152]
2019-06-13 13:50:23,971 INFO  client.GrpcClientProtocolClient (GrpcClientProtocolClient.java:onNext(254)) - client-D47EFDF0E133->5d71e5de-6d45-4480-a1f1-d41cc2d38630: receive RaftClientReply:client-D47EFDF0E133->5d71e5de-6d45-4480-a1f1-d41cc2d38630@group-C6AEA7A4B82B, cid=84, SUCCESS, logIndex=151, commits[5d71e5de-6d45-4480-a1f1-d41cc2d38630:c152]
2019-06-13 13:50:23,990 INFO  client.GrpcClientProtocolClient (GrpcClientProtocolClient.java:onNext(254)) - client-D47EFDF0E133->5d71e5de-6d45-4480-a1f1-d41cc2d38630: receive RaftClientReply:client-D47EFDF0E133->5d71e5de-6d45-4480-a1f1-d41cc2d38630@group-C6AEA7A4B82B, cid=85, SUCCESS, logIndex=153, commits[5d71e5de-6d45-4480-a1f1-d41cc2d38630:c153]
2019-06-13 13:50:23,996 INFO  storage.RaftLogWorker (RaftLogWorker.java:rollLogSegment(303)) - 5d71e5de-6d45-4480-a1f1-d41cc2d38630-RaftLogWorker: Rolling segment log-82_157 to index:157
2019-06-13 13:50:23,997 INFO  storage.RaftLogWorker (RaftLogWorker.java:execute(433)) - 5d71e5de-6d45-4480-a1f1-d41cc2d38630-RaftLogWorker: Rolled log segment from /opt/src/hadoop-ozone/integration-test/target/test-dir/MiniOzoneClusterImpl-c05bfa39-b333-4767-bc96-5a78f3430938/datanode-0/data/ratis/3aee30eb-3db1-472a-b851-c6aea7a4b82b/current/log_inprogress_82 to /opt/src/hadoop-ozone/integration-test/target/test-dir/MiniOzoneClusterImpl-c05bfa39-b333-4767-bc96-5a78f3430938/datanode-0/data/ratis/3aee30eb-3db1-472a-b851-c6aea7a4b82b/current/log_82-157
2019-06-13 13:50:23,997 DEBUG block.SCMBlockDeletingService (SCMBlockDeletingService.java:call(138)) - Running DeletedBlockTransactionScanner
2019-06-13 13:50:23,998 DEBUG block.SCMBlockDeletingService (SCMBlockDeletingService.java:call(155)) - Scanned deleted blocks log and got 0 delTX to process.
2019-06-13 13:50:24,031 INFO  client.GrpcClientProtocolClient (GrpcClientProtocolClient.java:onNext(254)) - client-D47EFDF0E133->5d71e5de-6d45-4480-a1f1-d41cc2d38630: receive RaftClientReply:client-D47EFDF0E133->5d71e5de-6d45-4480-a1f1-d41cc2d38630@group-C6AEA7A4B82B, cid=86, SUCCESS, logIndex=155, commits[5d71e5de-6d45-4480-a1f1-d41cc2d38630:c155]
2019-06-13 13:50:24,049 INFO  client.GrpcClientProtocolClient (GrpcClientProtocolClient.java:onNext(254)) - client-D47EFDF0E133->5d71e5de-6d45-4480-a1f1-d41cc2d38630: receive RaftClientReply:client-D47EFDF0E133->5d71e5de-6d45-4480-a1f1-d41cc2d38630@group-C6AEA7A4B82B, cid=87, SUCCESS, logIndex=157, commits[5d71e5de-6d45-4480-a1f1-d41cc2d38630:c157]
2019-06-13 13:50:24,051 INFO  storage.RaftLogWorker (RaftLogWorker.java:execute(469)) - 5d71e5de-6d45-4480-a1f1-d41cc2d38630-RaftLogWorker: created new log segment /opt/src/hadoop-ozone/integration-test/target/test-dir/MiniOzoneClusterImpl-c05bfa39-b333-4767-bc96-5a78f3430938/datanode-0/data/ratis/3aee30eb-3db1-472a-b851-c6aea7a4b82b/current/log_inprogress_158
2019-06-13 13:50:24,054 INFO  client.GrpcClientProtocolClient (GrpcClientProtocolClient.java:onNext(254)) - client-D47EFDF0E133->5d71e5de-6d45-4480-a1f1-d41cc2d38630: receive RaftClientReply:client-D47EFDF0E133->5d71e5de-6d45-4480-a1f1-d41cc2d38630@group-C6AEA7A4B82B, cid=88, SUCCESS, logIndex=158, commits[5d71e5de-6d45-4480-a1f1-d41cc2d38630:c159]
2019-06-13 13:50:24,098 DEBUG block.SCMBlockDeletingService (SCMBlockDeletingService.java:call(138)) - Running DeletedBlockTransactionScanner
2019-06-13 13:50:24,098 DEBUG block.SCMBlockDeletingService (SCMBlockDeletingService.java:call(155)) - Scanned deleted blocks log and got 0 delTX to process.
2019-06-13 13:50:24,150 INFO  client.GrpcClientProtocolClient (GrpcClientProtocolClient.java:onNext(254)) - client-D47EFDF0E133->5d71e5de-6d45-4480-a1f1-d41cc2d38630: receive RaftClientReply:client-D47EFDF0E133->5d71e5de-6d45-4480-a1f1-d41cc2d38630@group-C6AEA7A4B82B, cid=89, SUCCESS, logIndex=160, commits[5d71e5de-6d45-4480-a1f1-d41cc2d38630:c160]
2019-06-13 13:50:24,154 INFO  client.GrpcClientProtocolClient (GrpcClientProtocolClient.java:onNext(254)) - client-D47EFDF0E133->5d71e5de-6d45-4480-a1f1-d41cc2d38630: receive RaftClientReply:client-D47EFDF0E133->5d71e5de-6d45-4480-a1f1-d41cc2d38630@group-C6AEA7A4B82B, cid=90, SUCCESS, logIndex=162, commits[5d71e5de-6d45-4480-a1f1-d41cc2d38630:c162]
2019-06-13 13:50:24,156 INFO  client.GrpcClientProtocolClient (GrpcClientProtocolClient.java:onNext(254)) - client-D47EFDF0E133->5d71e5de-6d45-4480-a1f1-d41cc2d38630: receive RaftClientReply:client-D47EFDF0E133->5d71e5de-6d45-4480-a1f1-d41cc2d38630@group-C6AEA7A4B82B, cid=91, SUCCESS, logIndex=163, commits[5d71e5de-6d45-4480-a1f1-d41cc2d38630:c165]
2019-06-13 13:50:24,156 INFO  client.GrpcClientProtocolClient (GrpcClientProtocolClient.java:onNext(254)) - client-D47EFDF0E133->5d71e5de-6d45-4480-a1f1-d41cc2d38630: receive RaftClientReply:client-D47EFDF0E133->5d71e5de-6d45-4480-a1f1-d41cc2d38630@group-C6AEA7A4B82B, cid=92, SUCCESS, logIndex=165, commits[5d71e5de-6d45-4480-a1f1-d41cc2d38630:c166]
2019-06-13 13:50:24,166 INFO  client.GrpcClientProtocolClient (GrpcClientProtocolClient.java:onNext(254)) - client-D47EFDF0E133->5d71e5de-6d45-4480-a1f1-d41cc2d38630: receive RaftClientReply:client-D47EFDF0E133->5d71e5de-6d45-4480-a1f1-d41cc2d38630@group-C6AEA7A4B82B, cid=93, SUCCESS, logIndex=167, commits[5d71e5de-6d45-4480-a1f1-d41cc2d38630:c167]
2019-06-13 13:50:24,172 INFO  client.GrpcClientProtocolClient (GrpcClientProtocolClient.java:onNext(254)) - client-D47EFDF0E133->5d71e5de-6d45-4480-a1f1-d41cc2d38630: receive RaftClientReply:client-D47EFDF0E133->5d71e5de-6d45-4480-a1f1-d41cc2d38630@group-C6AEA7A4B82B, cid=94, SUCCESS, logIndex=169, commits[5d71e5de-6d45-4480-a1f1-d41cc2d38630:c169]
2019-06-13 13:50:24,173 INFO  client.GrpcClientProtocolClient (GrpcClientProtocolClient.java:onNext(254)) - client-D47EFDF0E133->5d71e5de-6d45-4480-a1f1-d41cc2d38630: receive RaftClientReply:client-D47EFDF0E133->5d71e5de-6d45-4480-a1f1-d41cc2d38630@group-C6AEA7A4B82B, cid=95, SUCCESS, logIndex=171, commits[5d71e5de-6d45-4480-a1f1-d41cc2d38630:c171]
2019-06-13 13:50:24,174 INFO  client.GrpcClientProtocolClient (GrpcClientProtocolClient.java:onNext(254)) - client-D47EFDF0E133->5d71e5de-6d45-4480-a1f1-d41cc2d38630: receive RaftClientReply:client-D47EFDF0E133->5d71e5de-6d45-4480-a1f1-d41cc2d38630@group-C6AEA7A4B82B, cid=96, SUCCESS, logIndex=173, commits[5d71e5de-6d45-4480-a1f1-d41cc2d38630:c173]
2019-06-13 13:50:24,190 INFO  client.GrpcClientProtocolClient (GrpcClientProtocolClient.java:onNext(254)) - client-D47EFDF0E133->5d71e5de-6d45-4480-a1f1-d41cc2d38630: receive RaftClientReply:client-D47EFDF0E133->5d71e5de-6d45-4480-a1f1-d41cc2d38630@group-C6AEA7A4B82B, cid=97, SUCCESS, logIndex=175, commits[5d71e5de-6d45-4480-a1f1-d41cc2d38630:c175]
2019-06-13 13:50:24,193 INFO  client.GrpcClientProtocolClient (GrpcClientProtocolClient.java:onNext(254)) - client-D47EFDF0E133->5d71e5de-6d45-4480-a1f1-d41cc2d38630: receive RaftClientReply:client-D47EFDF0E133->5d71e5de-6d45-4480-a1f1-d41cc2d38630@group-C6AEA7A4B82B, cid=98, SUCCESS, logIndex=177, commits[5d71e5de-6d45-4480-a1f1-d41cc2d38630:c177]
2019-06-13 13:50:24,195 INFO  client.GrpcClientProtocolClient (GrpcClientProtocolClient.java:onNext(254)) - client-D47EFDF0E133->5d71e5de-6d45-4480-a1f1-d41cc2d38630: receive RaftClientReply:client-D47EFDF0E133->5d71e5de-6d45-4480-a1f1-d41cc2d38630@group-C6AEA7A4B82B, cid=99, SUCCESS, logIndex=178, commits[5d71e5de-6d45-4480-a1f1-d41cc2d38630:c180]
2019-06-13 13:50:24,196 INFO  client.GrpcClientProtocolClient (GrpcClientProtocolClient.java:onNext(254)) - client-D47EFDF0E133->5d71e5de-6d45-4480-a1f1-d41cc2d38630: receive RaftClientReply:client-D47EFDF0E133->5d71e5de-6d45-4480-a1f1-d41cc2d38630@group-C6AEA7A4B82B, cid=100, SUCCESS, logIndex=179, commits[5d71e5de-6d45-4480-a1f1-d41cc2d38630:c180]
2019-06-13 13:50:24,201 DEBUG block.SCMBlockDeletingService (SCMBlockDeletingService.java:call(138)) - Running DeletedBlockTransactionScanner
2019-06-13 13:50:24,202 DEBUG block.SCMBlockDeletingService (SCMBlockDeletingService.java:call(155)) - Scanned deleted blocks log and got 0 delTX to process.
2019-06-13 13:50:24,209 INFO  client.GrpcClientProtocolClient (GrpcClientProtocolClient.java:onNext(254)) - client-D47EFDF0E133->5d71e5de-6d45-4480-a1f1-d41cc2d38630: receive RaftClientReply:client-D47EFDF0E133->5d71e5de-6d45-4480-a1f1-d41cc2d38630@group-C6AEA7A4B82B, cid=101, SUCCESS, logIndex=181, commits[5d71e5de-6d45-4480-a1f1-d41cc2d38630:c181]
2019-06-13 13:50:24,214 INFO  client.GrpcClientProtocolClient (GrpcClientProtocolClient.java:onNext(254)) - client-D47EFDF0E133->5d71e5de-6d45-4480-a1f1-d41cc2d38630: receive RaftClientReply:client-D47EFDF0E133->5d71e5de-6d45-4480-a1f1-d41cc2d38630@group-C6AEA7A4B82B, cid=102, SUCCESS, logIndex=183, commits[5d71e5de-6d45-4480-a1f1-d41cc2d38630:c183]
2019-06-13 13:50:24,215 INFO  client.GrpcClientProtocolClient (GrpcClientProtocolClient.java:onNext(254)) - client-D47EFDF0E133->5d71e5de-6d45-4480-a1f1-d41cc2d38630: receive RaftClientReply:client-D47EFDF0E133->5d71e5de-6d45-4480-a1f1-d41cc2d38630@group-C6AEA7A4B82B, cid=103, SUCCESS, logIndex=184, commits[5d71e5de-6d45-4480-a1f1-d41cc2d38630:c184]
2019-06-13 13:50:24,215 INFO  client.GrpcClientProtocolClient (GrpcClientProtocolClient.java:onNext(254)) - client-D47EFDF0E133->5d71e5de-6d45-4480-a1f1-d41cc2d38630: receive RaftClientReply:client-D47EFDF0E133->5d71e5de-6d45-4480-a1f1-d41cc2d38630@group-C6AEA7A4B82B, cid=104, SUCCESS, logIndex=186, commits[5d71e5de-6d45-4480-a1f1-d41cc2d38630:c186]
2019-06-13 13:50:24,293 INFO  client.GrpcClientProtocolClient (GrpcClientProtocolClient.java:onNext(254)) - client-D47EFDF0E133->5d71e5de-6d45-4480-a1f1-d41cc2d38630: receive RaftClientReply:client-D47EFDF0E133->5d71e5de-6d45-4480-a1f1-d41cc2d38630@group-C6AEA7A4B82B, cid=105, SUCCESS, logIndex=189, commits[5d71e5de-6d45-4480-a1f1-d41cc2d38630:c189]
2019-06-13 13:50:24,298 INFO  client.GrpcClientProtocolClient (GrpcClientProtocolClient.java:onNext(254)) - client-D47EFDF0E133->5d71e5de-6d45-4480-a1f1-d41cc2d38630: receive RaftClientReply:client-D47EFDF0E133->5d71e5de-6d45-4480-a1f1-d41cc2d38630@group-C6AEA7A4B82B, cid=106, SUCCESS, logIndex=191, commits[5d71e5de-6d45-4480-a1f1-d41cc2d38630:c192]
2019-06-13 13:50:24,299 INFO  client.GrpcClientProtocolClient (GrpcClientProtocolClient.java:onNext(254)) - client-D47EFDF0E133->5d71e5de-6d45-4480-a1f1-d41cc2d38630: receive RaftClientReply:client-D47EFDF0E133->5d71e5de-6d45-4480-a1f1-d41cc2d38630@group-C6AEA7A4B82B, cid=107, SUCCESS, logIndex=192, commits[5d71e5de-6d45-4480-a1f1-d41cc2d38630:c193]
2019-06-13 13:50:24,301 INFO  client.GrpcClientProtocolClient (GrpcClientProtocolClient.java:onNext(254)) - client-D47EFDF0E133->5d71e5de-6d45-4480-a1f1-d41cc2d38630: receive RaftClientReply:client-D47EFDF0E133->5d71e5de-6d45-4480-a1f1-d41cc2d38630@group-C6AEA7A4B82B, cid=108, SUCCESS, logIndex=194, commits[5d71e5de-6d45-4480-a1f1-d41cc2d38630:c194]
2019-06-13 13:50:24,302 DEBUG block.SCMBlockDeletingService (SCMBlockDeletingService.java:call(138)) - Running DeletedBlockTransactionScanner
2019-06-13 13:50:24,302 DEBUG block.SCMBlockDeletingService (SCMBlockDeletingService.java:call(155)) - Scanned deleted blocks log and got 0 delTX to process.
2019-06-13 13:50:24,312 INFO  client.GrpcClientProtocolClient (GrpcClientProtocolClient.java:onNext(254)) - client-D47EFDF0E133->5d71e5de-6d45-4480-a1f1-d41cc2d38630: receive RaftClientReply:client-D47EFDF0E133->5d71e5de-6d45-4480-a1f1-d41cc2d38630@group-C6AEA7A4B82B, cid=109, SUCCESS, logIndex=196, commits[5d71e5de-6d45-4480-a1f1-d41cc2d38630:c196]
2019-06-13 13:50:24,314 INFO  client.GrpcClientProtocolClient (GrpcClientProtocolClient.java:onNext(254)) - client-D47EFDF0E133->5d71e5de-6d45-4480-a1f1-d41cc2d38630: receive RaftClientReply:client-D47EFDF0E133->5d71e5de-6d45-4480-a1f1-d41cc2d38630@group-C6AEA7A4B82B, cid=110, SUCCESS, logIndex=198, commits[5d71e5de-6d45-4480-a1f1-d41cc2d38630:c198]
2019-06-13 13:50:24,318 INFO  client.GrpcClientProtocolClient (GrpcClientProtocolClient.java:onNext(254)) - client-D47EFDF0E133->5d71e5de-6d45-4480-a1f1-d41cc2d38630: receive RaftClientReply:client-D47EFDF0E133->5d71e5de-6d45-4480-a1f1-d41cc2d38630@group-C6AEA7A4B82B, cid=111, SUCCESS, logIndex=200, commits[5d71e5de-6d45-4480-a1f1-d41cc2d38630:c200]
2019-06-13 13:50:24,319 INFO  client.GrpcClientProtocolClient (GrpcClientProtocolClient.java:onNext(254)) - client-D47EFDF0E133->5d71e5de-6d45-4480-a1f1-d41cc2d38630: receive RaftClientReply:client-D47EFDF0E133->5d71e5de-6d45-4480-a1f1-d41cc2d38630@group-C6AEA7A4B82B, cid=112, SUCCESS, logIndex=201, commits[5d71e5de-6d45-4480-a1f1-d41cc2d38630:c201]
2019-06-13 13:50:24,333 INFO  client.GrpcClientProtocolClient (GrpcClientProtocolClient.java:onNext(254)) - client-D47EFDF0E133->5d71e5de-6d45-4480-a1f1-d41cc2d38630: receive RaftClientReply:client-D47EFDF0E133->5d71e5de-6d45-4480-a1f1-d41cc2d38630@group-C6AEA7A4B82B, cid=113, SUCCESS, logIndex=204, commits[5d71e5de-6d45-4480-a1f1-d41cc2d38630:c204]
2019-06-13 13:50:24,335 INFO  client.GrpcClientProtocolClient (GrpcClientProtocolClient.java:onNext(254)) - client-D47EFDF0E133->5d71e5de-6d45-4480-a1f1-d41cc2d38630: receive RaftClientReply:client-D47EFDF0E133->5d71e5de-6d45-4480-a1f1-d41cc2d38630@group-C6AEA7A4B82B, cid=114, SUCCESS, logIndex=206, commits[5d71e5de-6d45-4480-a1f1-d41cc2d38630:c206]
2019-06-13 13:50:24,337 INFO  client.GrpcClientProtocolClient (GrpcClientProtocolClient.java:onNext(254)) - client-D47EFDF0E133->5d71e5de-6d45-4480-a1f1-d41cc2d38630: receive RaftClientReply:client-D47EFDF0E133->5d71e5de-6d45-4480-a1f1-d41cc2d38630@group-C6AEA7A4B82B, cid=115, SUCCESS, logIndex=207, commits[5d71e5de-6d45-4480-a1f1-d41cc2d38630:c209]
2019-06-13 13:50:24,338 INFO  client.GrpcClientProtocolClient (GrpcClientProtocolClient.java:onNext(254)) - client-D47EFDF0E133->5d71e5de-6d45-4480-a1f1-d41cc2d38630: receive RaftClientReply:client-D47EFDF0E133->5d71e5de-6d45-4480-a1f1-d41cc2d38630@group-C6AEA7A4B82B, cid=116, SUCCESS, logIndex=209, commits[5d71e5de-6d45-4480-a1f1-d41cc2d38630:c210]
2019-06-13 13:50:24,347 INFO  client.GrpcClientProtocolClient (GrpcClientProtocolClient.java:onNext(254)) - client-D47EFDF0E133->5d71e5de-6d45-4480-a1f1-d41cc2d38630: receive RaftClientReply:client-D47EFDF0E133->5d71e5de-6d45-4480-a1f1-d41cc2d38630@group-C6AEA7A4B82B, cid=117, SUCCESS, logIndex=211, commits[5d71e5de-6d45-4480-a1f1-d41cc2d38630:c211]
2019-06-13 13:50:24,351 INFO  client.GrpcClientProtocolClient (GrpcClientProtocolClient.java:onNext(254)) - client-D47EFDF0E133->5d71e5de-6d45-4480-a1f1-d41cc2d38630: receive RaftClientReply:client-D47EFDF0E133->5d71e5de-6d45-4480-a1f1-d41cc2d38630@group-C6AEA7A4B82B, cid=118, SUCCESS, logIndex=213, commits[5d71e5de-6d45-4480-a1f1-d41cc2d38630:c213]
2019-06-13 13:50:24,352 INFO  client.GrpcClientProtocolClient (GrpcClientProtocolClient.java:onNext(254)) - client-D47EFDF0E133->5d71e5de-6d45-4480-a1f1-d41cc2d38630: receive RaftClientReply:client-D47EFDF0E133->5d71e5de-6d45-4480-a1f1-d41cc2d38630@group-C6AEA7A4B82B, cid=119, SUCCESS, logIndex=215, commits[5d71e5de-6d45-4480-a1f1-d41cc2d38630:c216]
2019-06-13 13:50:24,356 INFO  client.GrpcClientProtocolClient (GrpcClientProtocolClient.java:onNext(254)) - client-D47EFDF0E133->5d71e5de-6d45-4480-a1f1-d41cc2d38630: receive RaftClientReply:client-D47EFDF0E133->5d71e5de-6d45-4480-a1f1-d41cc2d38630@group-C6AEA7A4B82B, cid=120, SUCCESS, logIndex=216, commits[5d71e5de-6d45-4480-a1f1-d41cc2d38630:c217]
2019-06-13 13:50:24,370 INFO  client.GrpcClientProtocolClient (GrpcClientProtocolClient.java:onNext(254)) - client-D47EFDF0E133->5d71e5de-6d45-4480-a1f1-d41cc2d38630: receive RaftClientReply:client-D47EFDF0E133->5d71e5de-6d45-4480-a1f1-d41cc2d38630@group-C6AEA7A4B82B, cid=121, SUCCESS, logIndex=218, commits[5d71e5de-6d45-4480-a1f1-d41cc2d38630:c218]
2019-06-13 13:50:24,373 INFO  client.GrpcClientProtocolClient (GrpcClientProtocolClient.java:onNext(254)) - client-D47EFDF0E133->5d71e5de-6d45-4480-a1f1-d41cc2d38630: receive RaftClientReply:client-D47EFDF0E133->5d71e5de-6d45-4480-a1f1-d41cc2d38630@group-C6AEA7A4B82B, cid=122, SUCCESS, logIndex=220, commits[5d71e5de-6d45-4480-a1f1-d41cc2d38630:c220]
2019-06-13 13:50:24,374 INFO  client.GrpcClientProtocolClient (GrpcClientProtocolClient.java:onNext(254)) - client-D47EFDF0E133->5d71e5de-6d45-4480-a1f1-d41cc2d38630: receive RaftClientReply:client-D47EFDF0E133->5d71e5de-6d45-4480-a1f1-d41cc2d38630@group-C6AEA7A4B82B, cid=123, SUCCESS, logIndex=221, commits[5d71e5de-6d45-4480-a1f1-d41cc2d38630:c223]
2019-06-13 13:50:24,375 INFO  client.GrpcClientProtocolClient (GrpcClientProtocolClient.java:onNext(254)) - client-D47EFDF0E133->5d71e5de-6d45-4480-a1f1-d41cc2d38630: receive RaftClientReply:client-D47EFDF0E133->5d71e5de-6d45-4480-a1f1-d41cc2d38630@group-C6AEA7A4B82B, cid=124, SUCCESS, logIndex=223, commits[5d71e5de-6d45-4480-a1f1-d41cc2d38630:c224]
2019-06-13 13:50:24,386 INFO  client.GrpcClientProtocolClient (GrpcClientProtocolClient.java:onNext(254)) - client-D47EFDF0E133->5d71e5de-6d45-4480-a1f1-d41cc2d38630: receive RaftClientReply:client-D47EFDF0E133->5d71e5de-6d45-4480-a1f1-d41cc2d38630@group-C6AEA7A4B82B, cid=125, SUCCESS, logIndex=225, commits[5d71e5de-6d45-4480-a1f1-d41cc2d38630:c225]
2019-06-13 13:50:24,390 INFO  client.GrpcClientProtocolClient (GrpcClientProtocolClient.java:onNext(254)) - client-D47EFDF0E133->5d71e5de-6d45-4480-a1f1-d41cc2d38630: receive RaftClientReply:client-D47EFDF0E133->5d71e5de-6d45-4480-a1f1-d41cc2d38630@group-C6AEA7A4B82B, cid=126, SUCCESS, logIndex=227, commits[5d71e5de-6d45-4480-a1f1-d41cc2d38630:c227]
2019-06-13 13:50:24,390 INFO  client.GrpcClientProtocolClient (GrpcClientProtocolClient.java:onNext(254)) - client-D47EFDF0E133->5d71e5de-6d45-4480-a1f1-d41cc2d38630: receive RaftClientReply:client-D47EFDF0E133->5d71e5de-6d45-4480-a1f1-d41cc2d38630@group-C6AEA7A4B82B, cid=127, SUCCESS, logIndex=228, commits[5d71e5de-6d45-4480-a1f1-d41cc2d38630:c229]
2019-06-13 13:50:24,391 INFO  client.GrpcClientProtocolClient (GrpcClientProtocolClient.java:onNext(254)) - client-D47EFDF0E133->5d71e5de-6d45-4480-a1f1-d41cc2d38630: receive RaftClientReply:client-D47EFDF0E133->5d71e5de-6d45-4480-a1f1-d41cc2d38630@group-C6AEA7A4B82B, cid=128, SUCCESS, logIndex=229, commits[5d71e5de-6d45-4480-a1f1-d41cc2d38630:c231]
2019-06-13 13:50:24,402 DEBUG block.SCMBlockDeletingService (SCMBlockDeletingService.java:call(138)) - Running DeletedBlockTransactionScanner
2019-06-13 13:50:24,402 DEBUG block.SCMBlockDeletingService (SCMBlockDeletingService.java:call(155)) - Scanned deleted blocks log and got 0 delTX to process.
2019-06-13 13:50:24,406 INFO  client.GrpcClientProtocolClient (GrpcClientProtocolClient.java:onNext(254)) - client-D47EFDF0E133->5d71e5de-6d45-4480-a1f1-d41cc2d38630: receive RaftClientReply:client-D47EFDF0E133->5d71e5de-6d45-4480-a1f1-d41cc2d38630@group-C6AEA7A4B82B, cid=129, SUCCESS, logIndex=232, commits[5d71e5de-6d45-4480-a1f1-d41cc2d38630:c232]
2019-06-13 13:50:24,407 INFO  storage.RaftLogWorker (RaftLogWorker.java:rollLogSegment(303)) - 5d71e5de-6d45-4480-a1f1-d41cc2d38630-RaftLogWorker: Rolling segment log-158_234 to index:234
2019-06-13 13:50:24,407 INFO  storage.RaftLogWorker (RaftLogWorker.java:execute(433)) - 5d71e5de-6d45-4480-a1f1-d41cc2d38630-RaftLogWorker: Rolled log segment from /opt/src/hadoop-ozone/integration-test/target/test-dir/MiniOzoneClusterImpl-c05bfa39-b333-4767-bc96-5a78f3430938/datanode-0/data/ratis/3aee30eb-3db1-472a-b851-c6aea7a4b82b/current/log_inprogress_158 to /opt/src/hadoop-ozone/integration-test/target/test-dir/MiniOzoneClusterImpl-c05bfa39-b333-4767-bc96-5a78f3430938/datanode-0/data/ratis/3aee30eb-3db1-472a-b851-c6aea7a4b82b/current/log_158-234
2019-06-13 13:50:24,415 INFO  client.GrpcClientProtocolClient (GrpcClientProtocolClient.java:onNext(254)) - client-D47EFDF0E133->5d71e5de-6d45-4480-a1f1-d41cc2d38630: receive RaftClientReply:client-D47EFDF0E133->5d71e5de-6d45-4480-a1f1-d41cc2d38630@group-C6AEA7A4B82B, cid=130, SUCCESS, logIndex=234, commits[5d71e5de-6d45-4480-a1f1-d41cc2d38630:c234]
2019-06-13 13:50:24,444 INFO  storage.RaftLogWorker (RaftLogWorker.java:execute(469)) - 5d71e5de-6d45-4480-a1f1-d41cc2d38630-RaftLogWorker: created new log segment /opt/src/hadoop-ozone/integration-test/target/test-dir/MiniOzoneClusterImpl-c05bfa39-b333-4767-bc96-5a78f3430938/datanode-0/data/ratis/3aee30eb-3db1-472a-b851-c6aea7a4b82b/current/log_inprogress_235
2019-06-13 13:50:24,447 INFO  client.GrpcClientProtocolClient (GrpcClientProtocolClient.java:onNext(254)) - client-D47EFDF0E133->5d71e5de-6d45-4480-a1f1-d41cc2d38630: receive RaftClientReply:client-D47EFDF0E133->5d71e5de-6d45-4480-a1f1-d41cc2d38630@group-C6AEA7A4B82B, cid=131, SUCCESS, logIndex=235, commits[5d71e5de-6d45-4480-a1f1-d41cc2d38630:c237]
2019-06-13 13:50:24,447 INFO  client.GrpcClientProtocolClient (GrpcClientProtocolClient.java:onNext(254)) - client-D47EFDF0E133->5d71e5de-6d45-4480-a1f1-d41cc2d38630: receive RaftClientReply:client-D47EFDF0E133->5d71e5de-6d45-4480-a1f1-d41cc2d38630@group-C6AEA7A4B82B, cid=132, SUCCESS, logIndex=236, commits[5d71e5de-6d45-4480-a1f1-d41cc2d38630:c237]
2019-06-13 13:50:24,503 DEBUG block.SCMBlockDeletingService (SCMBlockDeletingService.java:call(138)) - Running DeletedBlockTransactionScanner
2019-06-13 13:50:24,503 DEBUG block.SCMBlockDeletingService (SCMBlockDeletingService.java:call(155)) - Scanned deleted blocks log and got 0 delTX to process.
2019-06-13 13:50:24,523 INFO  client.GrpcClientProtocolClient (GrpcClientProtocolClient.java:onNext(254)) - client-D47EFDF0E133->5d71e5de-6d45-4480-a1f1-d41cc2d38630: receive RaftClientReply:client-D47EFDF0E133->5d71e5de-6d45-4480-a1f1-d41cc2d38630@group-C6AEA7A4B82B, cid=133, SUCCESS, logIndex=238, commits[5d71e5de-6d45-4480-a1f1-d41cc2d38630:c238]
2019-06-13 13:50:24,524 INFO  client.GrpcClientProtocolClient (GrpcClientProtocolClient.java:onNext(254)) - client-D47EFDF0E133->5d71e5de-6d45-4480-a1f1-d41cc2d38630: receive RaftClientReply:client-D47EFDF0E133->5d71e5de-6d45-4480-a1f1-d41cc2d38630@group-C6AEA7A4B82B, cid=134, SUCCESS, logIndex=240, commits[5d71e5de-6d45-4480-a1f1-d41cc2d38630:c240]
2019-06-13 13:50:24,528 INFO  client.GrpcClientProtocolClient (GrpcClientProtocolClient.java:onNext(254)) - client-D47EFDF0E133->5d71e5de-6d45-4480-a1f1-d41cc2d38630: receive RaftClientReply:client-D47EFDF0E133->5d71e5de-6d45-4480-a1f1-d41cc2d38630@group-C6AEA7A4B82B, cid=135, SUCCESS, logIndex=242, commits[5d71e5de-6d45-4480-a1f1-d41cc2d38630:c243]
2019-06-13 13:50:24,529 INFO  client.GrpcClientProtocolClient (GrpcClientProtocolClient.java:onNext(254)) - client-D47EFDF0E133->5d71e5de-6d45-4480-a1f1-d41cc2d38630: receive RaftClientReply:client-D47EFDF0E133->5d71e5de-6d45-4480-a1f1-d41cc2d38630@group-C6AEA7A4B82B, cid=136, SUCCESS, logIndex=243, commits[5d71e5de-6d45-4480-a1f1-d41cc2d38630:c243]
2019-06-13 13:50:24,541 INFO  client.GrpcClientProtocolClient (GrpcClientProtocolClient.java:onNext(254)) - client-D47EFDF0E133->5d71e5de-6d45-4480-a1f1-d41cc2d38630: receive RaftClientReply:client-D47EFDF0E133->5d71e5de-6d45-4480-a1f1-d41cc2d38630@group-C6AEA7A4B82B, cid=137, SUCCESS, logIndex=245, commits[5d71e5de-6d45-4480-a1f1-d41cc2d38630:c245]
2019-06-13 13:50:24,546 INFO  client.GrpcClientProtocolClient (GrpcClientProtocolClient.java:onNext(254)) - client-D47EFDF0E133->5d71e5de-6d45-4480-a1f1-d41cc2d38630: receive RaftClientReply:client-D47EFDF0E133->5d71e5de-6d45-4480-a1f1-d41cc2d38630@group-C6AEA7A4B82B, cid=138, SUCCESS, logIndex=247, commits[5d71e5de-6d45-4480-a1f1-d41cc2d38630:c247]
2019-06-13 13:50:24,547 INFO  client.GrpcClientProtocolClient (GrpcClientProtocolClient.java:onNext(254)) - client-D47EFDF0E133->5d71e5de-6d45-4480-a1f1-d41cc2d38630: receive RaftClientReply:client-D47EFDF0E133->5d71e5de-6d45-4480-a1f1-d41cc2d38630@group-C6AEA7A4B82B, cid=139, SUCCESS, logIndex=249, commits[5d71e5de-6d45-4480-a1f1-d41cc2d38630:c249]
2019-06-13 13:50:24,550 INFO  client.GrpcClientProtocolClient (GrpcClientProtocolClient.java:onNext(254)) - client-D47EFDF0E133->5d71e5de-6d45-4480-a1f1-d41cc2d38630: receive RaftClientReply:client-D47EFDF0E133->5d71e5de-6d45-4480-a1f1-d41cc2d38630@group-C6AEA7A4B82B, cid=140, SUCCESS, logIndex=251, commits[5d71e5de-6d45-4480-a1f1-d41cc2d38630:c251]
2019-06-13 13:50:24,558 INFO  client.GrpcClientProtocolClient (GrpcClientProtocolClient.java:onNext(254)) - client-D47EFDF0E133->5d71e5de-6d45-4480-a1f1-d41cc2d38630: receive RaftClientReply:client-D47EFDF0E133->5d71e5de-6d45-4480-a1f1-d41cc2d38630@group-C6AEA7A4B82B, cid=141, SUCCESS, logIndex=253, commits[5d71e5de-6d45-4480-a1f1-d41cc2d38630:c253]
2019-06-13 13:50:24,561 INFO  client.GrpcClientProtocolClient (GrpcClientProtocolClient.java:onNext(254)) - client-D47EFDF0E133->5d71e5de-6d45-4480-a1f1-d41cc2d38630: receive RaftClientReply:client-D47EFDF0E133->5d71e5de-6d45-4480-a1f1-d41cc2d38630@group-C6AEA7A4B82B, cid=142, SUCCESS, logIndex=255, commits[5d71e5de-6d45-4480-a1f1-d41cc2d38630:c255]
2019-06-13 13:50:24,619 DEBUG block.SCMBlockDeletingService (SCMBlockDeletingService.java:call(138)) - Running DeletedBlockTransactionScanner
2019-06-13 13:50:24,619 DEBUG block.SCMBlockDeletingService (SCMBlockDeletingService.java:call(155)) - Scanned deleted blocks log and got 0 delTX to process.
2019-06-13 13:50:24,623 INFO  client.GrpcClientProtocolClient (GrpcClientProtocolClient.java:onNext(254)) - client-D47EFDF0E133->5d71e5de-6d45-4480-a1f1-d41cc2d38630: receive RaftClientReply:client-D47EFDF0E133->5d71e5de-6d45-4480-a1f1-d41cc2d38630@group-C6AEA7A4B82B, cid=143, SUCCESS, logIndex=256, commits[5d71e5de-6d45-4480-a1f1-d41cc2d38630:c259]
2019-06-13 13:50:24,623 INFO  client.GrpcClientProtocolClient (GrpcClientProtocolClient.java:onNext(254)) - client-D47EFDF0E133->5d71e5de-6d45-4480-a1f1-d41cc2d38630: receive RaftClientReply:client-D47EFDF0E133->5d71e5de-6d45-4480-a1f1-d41cc2d38630@group-C6AEA7A4B82B, cid=144, SUCCESS, logIndex=258, commits[5d71e5de-6d45-4480-a1f1-d41cc2d38630:c259]
2019-06-13 13:50:24,638 INFO  client.GrpcClientProtocolClient (GrpcClientProtocolClient.java:onNext(254)) - client-D47EFDF0E133->5d71e5de-6d45-4480-a1f1-d41cc2d38630: receive RaftClientReply:client-D47EFDF0E133->5d71e5de-6d45-4480-a1f1-d41cc2d38630@group-C6AEA7A4B82B, cid=145, SUCCESS, logIndex=260, commits[5d71e5de-6d45-4480-a1f1-d41cc2d38630:c260]
2019-06-13 13:50:24,643 INFO  client.GrpcClientProtocolClient (GrpcClientProtocolClient.java:onNext(254)) - client-D47EFDF0E133->5d71e5de-6d45-4480-a1f1-d41cc2d38630: receive RaftClientReply:client-D47EFDF0E133->5d71e5de-6d45-4480-a1f1-d41cc2d38630@group-C6AEA7A4B82B, cid=146, SUCCESS, logIndex=262, commits[5d71e5de-6d45-4480-a1f1-d41cc2d38630:c262]
2019-06-13 13:50:24,643 INFO  client.GrpcClientProtocolClient (GrpcClientProtocolClient.java:onNext(254)) - client-D47EFDF0E133->5d71e5de-6d45-4480-a1f1-d41cc2d38630: receive RaftClientReply:client-D47EFDF0E133->5d71e5de-6d45-4480-a1f1-d41cc2d38630@group-C6AEA7A4B82B, cid=147, SUCCESS, logIndex=263, commits[5d71e5de-6d45-4480-a1f1-d41cc2d38630:c264]
2019-06-13 13:50:24,646 INFO  client.GrpcClientProtocolClient (GrpcClientProtocolClient.java:onNext(254)) - client-D47EFDF0E133->5d71e5de-6d45-4480-a1f1-d41cc2d38630: receive RaftClientReply:client-D47EFDF0E133->5d71e5de-6d45-4480-a1f1-d41cc2d38630@group-C6AEA7A4B82B, cid=148, SUCCESS, logIndex=265, commits[5d71e5de-6d45-4480-a1f1-d41cc2d38630:c265]
2019-06-13 13:50:24,656 INFO  client.GrpcClientProtocolClient (GrpcClientProtocolClient.java:onNext(254)) - client-D47EFDF0E133->5d71e5de-6d45-4480-a1f1-d41cc2d38630: receive RaftClientReply:client-D47EFDF0E133->5d71e5de-6d45-4480-a1f1-d41cc2d38630@group-C6AEA7A4B82B, cid=149, SUCCESS, logIndex=267, commits[5d71e5de-6d45-4480-a1f1-d41cc2d38630:c267]
2019-06-13 13:50:24,663 INFO  client.GrpcClientProtocolClient (GrpcClientProtocolClient.java:onNext(254)) - client-D47EFDF0E133->5d71e5de-6d45-4480-a1f1-d41cc2d38630: receive RaftClientReply:client-D47EFDF0E133->5d71e5de-6d45-4480-a1f1-d41cc2d38630@group-C6AEA7A4B82B, cid=150, SUCCESS, logIndex=269, commits[5d71e5de-6d45-4480-a1f1-d41cc2d38630:c269]
2019-06-13 13:50:24,663 INFO  client.GrpcClientProtocolClient (GrpcClientProtocolClient.java:onNext(254)) - client-D47EFDF0E133->5d71e5de-6d45-4480-a1f1-d41cc2d38630: receive RaftClientReply:client-D47EFDF0E133->5d71e5de-6d45-4480-a1f1-d41cc2d38630@group-C6AEA7A4B82B, cid=151, SUCCESS, logIndex=271, commits[5d71e5de-6d45-4480-a1f1-d41cc2d38630:c271]
2019-06-13 13:50:24,665 INFO  client.GrpcClientProtocolClient (GrpcClientProtocolClient.java:onNext(254)) - client-D47EFDF0E133->5d71e5de-6d45-4480-a1f1-d41cc2d38630: receive RaftClientReply:client-D47EFDF0E133->5d71e5de-6d45-4480-a1f1-d41cc2d38630@group-C6AEA7A4B82B, cid=152, SUCCESS, logIndex=273, commits[5d71e5de-6d45-4480-a1f1-d41cc2d38630:c274]
2019-06-13 13:50:24,678 INFO  client.GrpcClientProtocolClient (GrpcClientProtocolClient.java:onNext(254)) - client-D47EFDF0E133->5d71e5de-6d45-4480-a1f1-d41cc2d38630: receive RaftClientReply:client-D47EFDF0E133->5d71e5de-6d45-4480-a1f1-d41cc2d38630@group-C6AEA7A4B82B, cid=153, SUCCESS, logIndex=275, commits[5d71e5de-6d45-4480-a1f1-d41cc2d38630:c275]
2019-06-13 13:50:24,680 INFO  client.GrpcClientProtocolClient (GrpcClientProtocolClient.java:onNext(254)) - client-D47EFDF0E133->5d71e5de-6d45-4480-a1f1-d41cc2d38630: receive RaftClientReply:client-D47EFDF0E133->5d71e5de-6d45-4480-a1f1-d41cc2d38630@group-C6AEA7A4B82B, cid=154, SUCCESS, logIndex=277, commits[5d71e5de-6d45-4480-a1f1-d41cc2d38630:c277]
2019-06-13 13:50:24,683 INFO  client.GrpcClientProtocolClient (GrpcClientProtocolClient.java:onNext(254)) - client-D47EFDF0E133->5d71e5de-6d45-4480-a1f1-d41cc2d38630: receive RaftClientReply:client-D47EFDF0E133->5d71e5de-6d45-4480-a1f1-d41cc2d38630@group-C6AEA7A4B82B, cid=155, SUCCESS, logIndex=279, commits[5d71e5de-6d45-4480-a1f1-d41cc2d38630:c279]
2019-06-13 13:50:24,684 INFO  client.GrpcClientProtocolClient (GrpcClientProtocolClient.java:onNext(254)) - client-D47EFDF0E133->5d71e5de-6d45-4480-a1f1-d41cc2d38630: receive RaftClientReply:client-D47EFDF0E133->5d71e5de-6d45-4480-a1f1-d41cc2d38630@group-C6AEA7A4B82B, cid=156, SUCCESS, logIndex=280, commits[5d71e5de-6d45-4480-a1f1-d41cc2d38630:c280]
2019-06-13 13:50:24,694 INFO  client.GrpcClientProtocolClient (GrpcClientProtocolClient.java:onNext(254)) - client-D47EFDF0E133->5d71e5de-6d45-4480-a1f1-d41cc2d38630: receive RaftClientReply:client-D47EFDF0E133->5d71e5de-6d45-4480-a1f1-d41cc2d38630@group-C6AEA7A4B82B, cid=157, SUCCESS, logIndex=283, commits[5d71e5de-6d45-4480-a1f1-d41cc2d38630:c283]
2019-06-13 13:50:24,698 INFO  client.GrpcClientProtocolClient (GrpcClientProtocolClient.java:onNext(254)) - client-D47EFDF0E133->5d71e5de-6d45-4480-a1f1-d41cc2d38630: receive RaftClientReply:client-D47EFDF0E133->5d71e5de-6d45-4480-a1f1-d41cc2d38630@group-C6AEA7A4B82B, cid=158, SUCCESS, logIndex=285, commits[5d71e5de-6d45-4480-a1f1-d41cc2d38630:c286]
2019-06-13 13:50:24,699 INFO  client.GrpcClientProtocolClient (GrpcClientProtocolClient.java:onNext(254)) - client-D47EFDF0E133->5d71e5de-6d45-4480-a1f1-d41cc2d38630: receive RaftClientReply:client-D47EFDF0E133->5d71e5de-6d45-4480-a1f1-d41cc2d38630@group-C6AEA7A4B82B, cid=159, SUCCESS, logIndex=286, commits[5d71e5de-6d45-4480-a1f1-d41cc2d38630:c286]
2019-06-13 13:50:24,700 INFO  client.GrpcClientProtocolClient (GrpcClientProtocolClient.java:onNext(254)) - client-D47EFDF0E133->5d71e5de-6d45-4480-a1f1-d41cc2d38630: receive RaftClientReply:client-D47EFDF0E133->5d71e5de-6d45-4480-a1f1-d41cc2d38630@group-C6AEA7A4B82B, cid=160, SUCCESS, logIndex=289, commits[5d71e5de-6d45-4480-a1f1-d41cc2d38630:c289]
2019-06-13 13:50:24,713 INFO  client.GrpcClientProtocolClient (GrpcClientProtocolClient.java:onNext(254)) - client-D47EFDF0E133->5d71e5de-6d45-4480-a1f1-d41cc2d38630: receive RaftClientReply:client-D47EFDF0E133->5d71e5de-6d45-4480-a1f1-d41cc2d38630@group-C6AEA7A4B82B, cid=161, SUCCESS, logIndex=291, commits[5d71e5de-6d45-4480-a1f1-d41cc2d38630:c291]
2019-06-13 13:50:24,715 INFO  client.GrpcClientProtocolClient (GrpcClientProtocolClient.java:onNext(254)) - client-D47EFDF0E133->5d71e5de-6d45-4480-a1f1-d41cc2d38630: receive RaftClientReply:client-D47EFDF0E133->5d71e5de-6d45-4480-a1f1-d41cc2d38630@group-C6AEA7A4B82B, cid=162, SUCCESS, logIndex=293, commits[5d71e5de-6d45-4480-a1f1-d41cc2d38630:c293]
2019-06-13 13:50:24,717 INFO  client.GrpcClientProtocolClient (GrpcClientProtocolClient.java:onNext(254)) - client-D47EFDF0E133->5d71e5de-6d45-4480-a1f1-d41cc2d38630: receive RaftClientReply:client-D47EFDF0E133->5d71e5de-6d45-4480-a1f1-d41cc2d38630@group-C6AEA7A4B82B, cid=163, SUCCESS, logIndex=294, commits[5d71e5de-6d45-4480-a1f1-d41cc2d38630:c296]
2019-06-13 13:50:24,718 INFO  client.GrpcClientProtocolClient (GrpcClientProtocolClient.java:onNext(254)) - client-D47EFDF0E133->5d71e5de-6d45-4480-a1f1-d41cc2d38630: receive RaftClientReply:client-D47EFDF0E133->5d71e5de-6d45-4480-a1f1-d41cc2d38630@group-C6AEA7A4B82B, cid=164, SUCCESS, logIndex=296, commits[5d71e5de-6d45-4480-a1f1-d41cc2d38630:c297]
2019-06-13 13:50:24,719 DEBUG block.SCMBlockDeletingService (SCMBlockDeletingService.java:call(138)) - Running DeletedBlockTransactionScanner
2019-06-13 13:50:24,720 DEBUG block.SCMBlockDeletingService (SCMBlockDeletingService.java:call(155)) - Scanned deleted blocks log and got 0 delTX to process.
2019-06-13 13:50:24,726 INFO  client.GrpcClientProtocolClient (GrpcClientProtocolClient.java:onNext(254)) - client-D47EFDF0E133->5d71e5de-6d45-4480-a1f1-d41cc2d38630: receive RaftClientReply:client-D47EFDF0E133->5d71e5de-6d45-4480-a1f1-d41cc2d38630@group-C6AEA7A4B82B, cid=165, SUCCESS, logIndex=298, commits[5d71e5de-6d45-4480-a1f1-d41cc2d38630:c298]
2019-06-13 13:50:24,728 INFO  client.GrpcClientProtocolClient (GrpcClientProtocolClient.java:onNext(254)) - client-D47EFDF0E133->5d71e5de-6d45-4480-a1f1-d41cc2d38630: receive RaftClientReply:client-D47EFDF0E133->5d71e5de-6d45-4480-a1f1-d41cc2d38630@group-C6AEA7A4B82B, cid=166, SUCCESS, logIndex=300, commits[5d71e5de-6d45-4480-a1f1-d41cc2d38630:c301]
2019-06-13 13:50:24,732 INFO  client.GrpcClientProtocolClient (GrpcClientProtocolClient.java:onNext(254)) - client-D47EFDF0E133->5d71e5de-6d45-4480-a1f1-d41cc2d38630: receive RaftClientReply:client-D47EFDF0E133->5d71e5de-6d45-4480-a1f1-d41cc2d38630@group-C6AEA7A4B82B, cid=167, SUCCESS, logIndex=302, commits[5d71e5de-6d45-4480-a1f1-d41cc2d38630:c302]
2019-06-13 13:50:24,733 INFO  client.GrpcClientProtocolClient (GrpcClientProtocolClient.java:onNext(254)) - client-D47EFDF0E133->5d71e5de-6d45-4480-a1f1-d41cc2d38630: receive RaftClientReply:client-D47EFDF0E133->5d71e5de-6d45-4480-a1f1-d41cc2d38630@group-C6AEA7A4B82B, cid=168, SUCCESS, logIndex=303, commits[5d71e5de-6d45-4480-a1f1-d41cc2d38630:c303]
2019-06-13 13:50:24,747 INFO  client.GrpcClientProtocolClient (GrpcClientProtocolClient.java:onNext(254)) - client-D47EFDF0E133->5d71e5de-6d45-4480-a1f1-d41cc2d38630: receive RaftClientReply:client-D47EFDF0E133->5d71e5de-6d45-4480-a1f1-d41cc2d38630@group-C6AEA7A4B82B, cid=169, SUCCESS, logIndex=306, commits[5d71e5de-6d45-4480-a1f1-d41cc2d38630:c306]
2019-06-13 13:50:24,750 INFO  client.GrpcClientProtocolClient (GrpcClientProtocolClient.java:onNext(254)) - client-D47EFDF0E133->5d71e5de-6d45-4480-a1f1-d41cc2d38630: receive RaftClientReply:client-D47EFDF0E133->5d71e5de-6d45-4480-a1f1-d41cc2d38630@group-C6AEA7A4B82B, cid=170, SUCCESS, logIndex=308, commits[5d71e5de-6d45-4480-a1f1-d41cc2d38630:c309]
2019-06-13 13:50:24,755 INFO  client.GrpcClientProtocolClient (GrpcClientProtocolClient.java:onNext(254)) - client-D47EFDF0E133->5d71e5de-6d45-4480-a1f1-d41cc2d38630: receive RaftClientReply:client-D47EFDF0E133->5d71e5de-6d45-4480-a1f1-d41cc2d38630@group-C6AEA7A4B82B, cid=171, SUCCESS, logIndex=310, commits[5d71e5de-6d45-4480-a1f1-d41cc2d38630:c311]
2019-06-13 13:50:24,756 INFO  client.GrpcClientProtocolClient (GrpcClientProtocolClient.java:onNext(254)) - client-D47EFDF0E133->5d71e5de-6d45-4480-a1f1-d41cc2d38630: receive RaftClientReply:client-D47EFDF0E133->5d71e5de-6d45-4480-a1f1-d41cc2d38630@group-C6AEA7A4B82B, cid=172, SUCCESS, logIndex=311, commits[5d71e5de-6d45-4480-a1f1-d41cc2d38630:c312]
2019-06-13 13:50:24,764 INFO  client.GrpcClientProtocolClient (GrpcClientProtocolClient.java:onNext(254)) - client-D47EFDF0E133->5d71e5de-6d45-4480-a1f1-d41cc2d38630: receive RaftClientReply:client-D47EFDF0E133->5d71e5de-6d45-4480-a1f1-d41cc2d38630@group-C6AEA7A4B82B, cid=173, SUCCESS, logIndex=313, commits[5d71e5de-6d45-4480-a1f1-d41cc2d38630:c313]
2019-06-13 13:50:24,764 INFO  storage.RaftLogWorker (RaftLogWorker.java:rollLogSegment(303)) - 5d71e5de-6d45-4480-a1f1-d41cc2d38630-RaftLogWorker: Rolling segment log-235_314 to index:314
2019-06-13 13:50:24,765 INFO  storage.RaftLogWorker (RaftLogWorker.java:execute(433)) - 5d71e5de-6d45-4480-a1f1-d41cc2d38630-RaftLogWorker: Rolled log segment from /opt/src/hadoop-ozone/integration-test/target/test-dir/MiniOzoneClusterImpl-c05bfa39-b333-4767-bc96-5a78f3430938/datanode-0/data/ratis/3aee30eb-3db1-472a-b851-c6aea7a4b82b/current/log_inprogress_235 to /opt/src/hadoop-ozone/integration-test/target/test-dir/MiniOzoneClusterImpl-c05bfa39-b333-4767-bc96-5a78f3430938/datanode-0/data/ratis/3aee30eb-3db1-472a-b851-c6aea7a4b82b/current/log_235-314
2019-06-13 13:50:24,805 INFO  storage.RaftLogWorker (RaftLogWorker.java:execute(469)) - 5d71e5de-6d45-4480-a1f1-d41cc2d38630-RaftLogWorker: created new log segment /opt/src/hadoop-ozone/integration-test/target/test-dir/MiniOzoneClusterImpl-c05bfa39-b333-4767-bc96-5a78f3430938/datanode-0/data/ratis/3aee30eb-3db1-472a-b851-c6aea7a4b82b/current/log_inprogress_315
2019-06-13 13:50:24,808 INFO  client.GrpcClientProtocolClient (GrpcClientProtocolClient.java:onNext(254)) - client-D47EFDF0E133->5d71e5de-6d45-4480-a1f1-d41cc2d38630: receive RaftClientReply:client-D47EFDF0E133->5d71e5de-6d45-4480-a1f1-d41cc2d38630@group-C6AEA7A4B82B, cid=174, SUCCESS, logIndex=315, commits[5d71e5de-6d45-4480-a1f1-d41cc2d38630:c318]
2019-06-13 13:50:24,812 INFO  client.GrpcClientProtocolClient (GrpcClientProtocolClient.java:onNext(254)) - client-D47EFDF0E133->5d71e5de-6d45-4480-a1f1-d41cc2d38630: receive RaftClientReply:client-D47EFDF0E133->5d71e5de-6d45-4480-a1f1-d41cc2d38630@group-C6AEA7A4B82B, cid=175, SUCCESS, logIndex=316, commits[5d71e5de-6d45-4480-a1f1-d41cc2d38630:c318]
2019-06-13 13:50:24,812 INFO  client.GrpcClientProtocolClient (GrpcClientProtocolClient.java:onNext(254)) - client-D47EFDF0E133->5d71e5de-6d45-4480-a1f1-d41cc2d38630: receive RaftClientReply:client-D47EFDF0E133->5d71e5de-6d45-4480-a1f1-d41cc2d38630@group-C6AEA7A4B82B, cid=176, SUCCESS, logIndex=317, commits[5d71e5de-6d45-4480-a1f1-d41cc2d38630:c318]
2019-06-13 13:50:24,820 DEBUG block.SCMBlockDeletingService (SCMBlockDeletingService.java:call(138)) - Running DeletedBlockTransactionScanner
2019-06-13 13:50:24,820 DEBUG block.SCMBlockDeletingService (SCMBlockDeletingService.java:call(155)) - Scanned deleted blocks log and got 0 delTX to process.
2019-06-13 13:50:24,893 INFO  client.GrpcClientProtocolClient (GrpcClientProtocolClient.java:onNext(254)) - client-D47EFDF0E133->5d71e5de-6d45-4480-a1f1-d41cc2d38630: receive RaftClientReply:client-D47EFDF0E133->5d71e5de-6d45-4480-a1f1-d41cc2d38630@group-C6AEA7A4B82B, cid=177, SUCCESS, logIndex=319, commits[5d71e5de-6d45-4480-a1f1-d41cc2d38630:c319]
2019-06-13 13:50:24,895 INFO  client.GrpcClientProtocolClient (GrpcClientProtocolClient.java:onNext(254)) - client-D47EFDF0E133->5d71e5de-6d45-4480-a1f1-d41cc2d38630: receive RaftClientReply:client-D47EFDF0E133->5d71e5de-6d45-4480-a1f1-d41cc2d38630@group-C6AEA7A4B82B, cid=178, SUCCESS, logIndex=321, commits[5d71e5de-6d45-4480-a1f1-d41cc2d38630:c322]
2019-06-13 13:50:24,897 INFO  client.GrpcClientProtocolClient (GrpcClientProtocolClient.java:onNext(254)) - client-D47EFDF0E133->5d71e5de-6d45-4480-a1f1-d41cc2d38630: receive RaftClientReply:client-D47EFDF0E133->5d71e5de-6d45-4480-a1f1-d41cc2d38630@group-C6AEA7A4B82B, cid=179, SUCCESS, logIndex=323, commits[5d71e5de-6d45-4480-a1f1-d41cc2d38630:c324]
2019-06-13 13:50:24,898 INFO  client.GrpcClientProtocolClient (GrpcClientProtocolClient.java:onNext(254)) - client-D47EFDF0E133->5d71e5de-6d45-4480-a1f1-d41cc2d38630: receive RaftClientReply:client-D47EFDF0E133->5d71e5de-6d45-4480-a1f1-d41cc2d38630@group-C6AEA7A4B82B, cid=180, SUCCESS, logIndex=324, commits[5d71e5de-6d45-4480-a1f1-d41cc2d38630:c324]
2019-06-13 13:50:24,906 INFO  client.GrpcClientProtocolClient (GrpcClientProtocolClient.java:onNext(254)) - client-D47EFDF0E133->5d71e5de-6d45-4480-a1f1-d41cc2d38630: receive RaftClientReply:client-D47EFDF0E133->5d71e5de-6d45-4480-a1f1-d41cc2d38630@group-C6AEA7A4B82B, cid=181, SUCCESS, logIndex=326, commits[5d71e5de-6d45-4480-a1f1-d41cc2d38630:c326]
2019-06-13 13:50:24,909 INFO  client.GrpcClientProtocolClient (GrpcClientProtocolClient.java:onNext(254)) - client-D47EFDF0E133->5d71e5de-6d45-4480-a1f1-d41cc2d38630: receive RaftClientReply:client-D47EFDF0E133->5d71e5de-6d45-4480-a1f1-d41cc2d38630@group-C6AEA7A4B82B, cid=182, SUCCESS, logIndex=328, commits[5d71e5de-6d45-4480-a1f1-d41cc2d38630:c328]
2019-06-13 13:50:24,913 INFO  client.GrpcClientProtocolClient (GrpcClientProtocolClient.java:onNext(254)) - client-D47EFDF0E133->5d71e5de-6d45-4480-a1f1-d41cc2d38630: receive RaftClientReply:client-D47EFDF0E133->5d71e5de-6d45-4480-a1f1-d41cc2d38630@group-C6AEA7A4B82B, cid=183, SUCCESS, logIndex=330, commits[5d71e5de-6d45-4480-a1f1-d41cc2d38630:c331]
2019-06-13 13:50:24,913 INFO  client.GrpcClientProtocolClient (GrpcClientProtocolClient.java:onNext(254)) - client-D47EFDF0E133->5d71e5de-6d45-4480-a1f1-d41cc2d38630: receive RaftClientReply:client-D47EFDF0E133->5d71e5de-6d45-4480-a1f1-d41cc2d38630@group-C6AEA7A4B82B, cid=184, SUCCESS, logIndex=331, commits[5d71e5de-6d45-4480-a1f1-d41cc2d38630:c332]
2019-06-13 13:50:25,125 DEBUG block.SCMBlockDeletingService (SCMBlockDeletingService.java:call(138)) - Running DeletedBlockTransactionScanner
2019-06-13 13:50:25,125 DEBUG block.SCMBlockDeletingService (SCMBlockDeletingService.java:call(155)) - Scanned deleted blocks log and got 0 delTX to process.
2019-06-13 13:50:25,145 INFO  client.GrpcClientProtocolClient (GrpcClientProtocolClient.java:onNext(254)) - client-D47EFDF0E133->5d71e5de-6d45-4480-a1f1-d41cc2d38630: receive RaftClientReply:client-D47EFDF0E133->5d71e5de-6d45-4480-a1f1-d41cc2d38630@group-C6AEA7A4B82B, cid=185, SUCCESS, logIndex=333, commits[5d71e5de-6d45-4480-a1f1-d41cc2d38630:c333]
2019-06-13 13:50:25,149 INFO  client.GrpcClientProtocolClient (GrpcClientProtocolClient.java:onNext(254)) - client-D47EFDF0E133->5d71e5de-6d45-4480-a1f1-d41cc2d38630: receive RaftClientReply:client-D47EFDF0E133->5d71e5de-6d45-4480-a1f1-d41cc2d38630@group-C6AEA7A4B82B, cid=186, SUCCESS, logIndex=335, commits[5d71e5de-6d45-4480-a1f1-d41cc2d38630:c335]
2019-06-13 13:50:25,150 INFO  client.GrpcClientProtocolClient (GrpcClientProtocolClient.java:onNext(254)) - client-D47EFDF0E133->5d71e5de-6d45-4480-a1f1-d41cc2d38630: receive RaftClientReply:client-D47EFDF0E133->5d71e5de-6d45-4480-a1f1-d41cc2d38630@group-C6AEA7A4B82B, cid=187, SUCCESS, logIndex=336, commits[5d71e5de-6d45-4480-a1f1-d41cc2d38630:c338]
2019-06-13 13:50:25,150 INFO  client.GrpcClientProtocolClient (GrpcClientProtocolClient.java:onNext(254)) - client-D47EFDF0E133->5d71e5de-6d45-4480-a1f1-d41cc2d38630: receive RaftClientReply:client-D47EFDF0E133->5d71e5de-6d45-4480-a1f1-d41cc2d38630@group-C6AEA7A4B82B, cid=188, SUCCESS, logIndex=337, commits[5d71e5de-6d45-4480-a1f1-d41cc2d38630:c338]
2019-06-13 13:50:25,158 INFO  client.GrpcClientProtocolClient (GrpcClientProtocolClient.java:onNext(254)) - client-D47EFDF0E133->5d71e5de-6d45-4480-a1f1-d41cc2d38630: receive RaftClientReply:client-D47EFDF0E133->5d71e5de-6d45-4480-a1f1-d41cc2d38630@group-C6AEA7A4B82B, cid=189, SUCCESS, logIndex=339, commits[5d71e5de-6d45-4480-a1f1-d41cc2d38630:c339]
2019-06-13 13:50:25,162 INFO  client.GrpcClientProtocolClient (GrpcClientProtocolClient.java:onNext(254)) - client-D47EFDF0E133->5d71e5de-6d45-4480-a1f1-d41cc2d38630: receive RaftClientReply:client-D47EFDF0E133->5d71e5de-6d45-4480-a1f1-d41cc2d38630@group-C6AEA7A4B82B, cid=190, SUCCESS, logIndex=341, commits[5d71e5de-6d45-4480-a1f1-d41cc2d38630:c341]
2019-06-13 13:50:25,163 INFO  client.GrpcClientProtocolClient (GrpcClientProtocolClient.java:onNext(254)) - client-D47EFDF0E133->5d71e5de-6d45-4480-a1f1-d41cc2d38630: receive RaftClientReply:client-D47EFDF0E133->5d71e5de-6d45-4480-a1f1-d41cc2d38630@group-C6AEA7A4B82B, cid=191, SUCCESS, logIndex=342, commits[5d71e5de-6d45-4480-a1f1-d41cc2d38630:c342]
2019-06-13 13:50:25,164 INFO  client.GrpcClientProtocolClient (GrpcClientProtocolClient.java:onNext(254)) - client-D47EFDF0E133->5d71e5de-6d45-4480-a1f1-d41cc2d38630: receive RaftClientReply:client-D47EFDF0E133->5d71e5de-6d45-4480-a1f1-d41cc2d38630@group-C6AEA7A4B82B, cid=192, SUCCESS, logIndex=345, commits[5d71e5de-6d45-4480-a1f1-d41cc2d38630:c345]
2019-06-13 13:50:25,178 INFO  client.GrpcClientProtocolClient (GrpcClientProtocolClient.java:onNext(254)) - client-D47EFDF0E133->5d71e5de-6d45-4480-a1f1-d41cc2d38630: receive RaftClientReply:client-D47EFDF0E133->5d71e5de-6d45-4480-a1f1-d41cc2d38630@group-C6AEA7A4B82B, cid=193, SUCCESS, logIndex=347, commits[5d71e5de-6d45-4480-a1f1-d41cc2d38630:c347]
2019-06-13 13:50:25,180 INFO  client.GrpcClientProtocolClient (GrpcClientProtocolClient.java:onNext(254)) - client-D47EFDF0E133->5d71e5de-6d45-4480-a1f1-d41cc2d38630: receive RaftClientReply:client-D47EFDF0E133->5d71e5de-6d45-4480-a1f1-d41cc2d38630@group-C6AEA7A4B82B, cid=194, SUCCESS, logIndex=349, commits[5d71e5de-6d45-4480-a1f1-d41cc2d38630:c349]
2019-06-13 13:50:25,182 INFO  client.GrpcClientProtocolClient (GrpcClientProtocolClient.java:onNext(254)) - client-D47EFDF0E133->5d71e5de-6d45-4480-a1f1-d41cc2d38630: receive RaftClientReply:client-D47EFDF0E133->5d71e5de-6d45-4480-a1f1-d41cc2d38630@group-C6AEA7A4B82B, cid=195, SUCCESS, logIndex=350, commits[5d71e5de-6d45-4480-a1f1-d41cc2d38630:c351]
2019-06-13 13:50:25,186 INFO  client.GrpcClientProtocolClient (GrpcClientProtocolClient.java:onNext(254)) - client-D47EFDF0E133->5d71e5de-6d45-4480-a1f1-d41cc2d38630: receive RaftClientReply:client-D47EFDF0E133->5d71e5de-6d45-4480-a1f1-d41cc2d38630@group-C6AEA7A4B82B, cid=196, SUCCESS, logIndex=352, commits[5d71e5de-6d45-4480-a1f1-d41cc2d38630:c352]
2019-06-13 13:50:25,195 INFO  client.GrpcClientProtocolClient (GrpcClientProtocolClient.java:onNext(254)) - client-D47EFDF0E133->5d71e5de-6d45-4480-a1f1-d41cc2d38630: receive RaftClientReply:client-D47EFDF0E133->5d71e5de-6d45-4480-a1f1-d41cc2d38630@group-C6AEA7A4B82B, cid=197, SUCCESS, logIndex=354, commits[5d71e5de-6d45-4480-a1f1-d41cc2d38630:c354]
2019-06-13 13:50:25,197 INFO  client.GrpcClientProtocolClient (GrpcClientProtocolClient.java:onNext(254)) - client-D47EFDF0E133->5d71e5de-6d45-4480-a1f1-d41cc2d38630: receive RaftClientReply:client-D47EFDF0E133->5d71e5de-6d45-4480-a1f1-d41cc2d38630@group-C6AEA7A4B82B, cid=198, SUCCESS, logIndex=356, commits[5d71e5de-6d45-4480-a1f1-d41cc2d38630:c356]
2019-06-13 13:50:25,198 INFO  client.GrpcClientProtocolClient (GrpcClientProtocolClient.java:onNext(254)) - client-D47EFDF0E133->5d71e5de-6d45-4480-a1f1-d41cc2d38630: receive RaftClientReply:client-D47EFDF0E133->5d71e5de-6d45-4480-a1f1-d41cc2d38630@group-C6AEA7A4B82B, cid=199, SUCCESS, logIndex=357, commits[5d71e5de-6d45-4480-a1f1-d41cc2d38630:c358]
2019-06-13 13:50:25,200 INFO  client.GrpcClientProtocolClient (GrpcClientProtocolClient.java:onNext(254)) - client-D47EFDF0E133->5d71e5de-6d45-4480-a1f1-d41cc2d38630: receive RaftClientReply:client-D47EFDF0E133->5d71e5de-6d45-4480-a1f1-d41cc2d38630@group-C6AEA7A4B82B, cid=200, SUCCESS, logIndex=359, commits[5d71e5de-6d45-4480-a1f1-d41cc2d38630:c359]
2019-06-13 13:50:25,218 INFO  client.GrpcClientProtocolClient (GrpcClientProtocolClient.java:onNext(254)) - client-D47EFDF0E133->5d71e5de-6d45-4480-a1f1-d41cc2d38630: receive RaftClientReply:client-D47EFDF0E133->5d71e5de-6d45-4480-a1f1-d41cc2d38630@group-C6AEA7A4B82B, cid=201, SUCCESS, logIndex=361, commits[5d71e5de-6d45-4480-a1f1-d41cc2d38630:c361]
2019-06-13 13:50:25,225 INFO  client.GrpcClientProtocolClient (GrpcClientProtocolClient.java:onNext(254)) - client-D47EFDF0E133->5d71e5de-6d45-4480-a1f1-d41cc2d38630: receive RaftClientReply:client-D47EFDF0E133->5d71e5de-6d45-4480-a1f1-d41cc2d38630@group-C6AEA7A4B82B, cid=202, SUCCESS, logIndex=363, commits[5d71e5de-6d45-4480-a1f1-d41cc2d38630:c363]
2019-06-13 13:50:25,226 INFO  client.GrpcClientProtocolClient (GrpcClientProtocolClient.java:onNext(254)) - client-D47EFDF0E133->5d71e5de-6d45-4480-a1f1-d41cc2d38630: receive RaftClientReply:client-D47EFDF0E133->5d71e5de-6d45-4480-a1f1-d41cc2d38630@group-C6AEA7A4B82B, cid=203, SUCCESS, logIndex=365, commits[5d71e5de-6d45-4480-a1f1-d41cc2d38630:c365]
2019-06-13 13:50:25,229 DEBUG block.SCMBlockDeletingService (SCMBlockDeletingService.java:call(138)) - Running DeletedBlockTransactionScanner
2019-06-13 13:50:25,230 DEBUG block.SCMBlockDeletingService (SCMBlockDeletingService.java:call(155)) - Scanned deleted blocks log and got 0 delTX to process.
2019-06-13 13:50:25,234 INFO  client.GrpcClientProtocolClient (GrpcClientProtocolClient.java:onNext(254)) - client-D47EFDF0E133->5d71e5de-6d45-4480-a1f1-d41cc2d38630: receive RaftClientReply:client-D47EFDF0E133->5d71e5de-6d45-4480-a1f1-d41cc2d38630@group-C6AEA7A4B82B, cid=204, SUCCESS, logIndex=367, commits[5d71e5de-6d45-4480-a1f1-d41cc2d38630:c367]
2019-06-13 13:50:25,246 INFO  client.GrpcClientProtocolClient (GrpcClientProtocolClient.java:onNext(254)) - client-D47EFDF0E133->5d71e5de-6d45-4480-a1f1-d41cc2d38630: receive RaftClientReply:client-D47EFDF0E133->5d71e5de-6d45-4480-a1f1-d41cc2d38630@group-C6AEA7A4B82B, cid=205, SUCCESS, logIndex=369, commits[5d71e5de-6d45-4480-a1f1-d41cc2d38630:c369]
2019-06-13 13:50:25,249 INFO  client.GrpcClientProtocolClient (GrpcClientProtocolClient.java:onNext(254)) - client-D47EFDF0E133->5d71e5de-6d45-4480-a1f1-d41cc2d38630: receive RaftClientReply:client-D47EFDF0E133->5d71e5de-6d45-4480-a1f1-d41cc2d38630@group-C6AEA7A4B82B, cid=206, SUCCESS, logIndex=371, commits[5d71e5de-6d45-4480-a1f1-d41cc2d38630:c371]
2019-06-13 13:50:25,249 INFO  client.GrpcClientProtocolClient (GrpcClientProtocolClient.java:onNext(254)) - client-D47EFDF0E133->5d71e5de-6d45-4480-a1f1-d41cc2d38630: receive RaftClientReply:client-D47EFDF0E133->5d71e5de-6d45-4480-a1f1-d41cc2d38630@group-C6AEA7A4B82B, cid=207, SUCCESS, logIndex=372, commits[5d71e5de-6d45-4480-a1f1-d41cc2d38630:c374]
2019-06-13 13:50:25,250 INFO  client.GrpcClientProtocolClient (GrpcClientProtocolClient.java:onNext(254)) - client-D47EFDF0E133->5d71e5de-6d45-4480-a1f1-d41cc2d38630: receive RaftClientReply:client-D47EFDF0E133->5d71e5de-6d45-4480-a1f1-d41cc2d38630@group-C6AEA7A4B82B, cid=208, SUCCESS, logIndex=374, commits[5d71e5de-6d45-4480-a1f1-d41cc2d38630:c374]
2019-06-13 13:50:25,262 INFO  client.GrpcClientProtocolClient (GrpcClientProtocolClient.java:onNext(254)) - client-D47EFDF0E133->5d71e5de-6d45-4480-a1f1-d41cc2d38630: receive RaftClientReply:client-D47EFDF0E133->5d71e5de-6d45-4480-a1f1-d41cc2d38630@group-C6AEA7A4B82B, cid=209, SUCCESS, logIndex=376, commits[5d71e5de-6d45-4480-a1f1-d41cc2d38630:c376]
2019-06-13 13:50:25,266 INFO  client.GrpcClientProtocolClient (GrpcClientProtocolClient.java:onNext(254)) - client-D47EFDF0E133->5d71e5de-6d45-4480-a1f1-d41cc2d38630: receive RaftClientReply:client-D47EFDF0E133->5d71e5de-6d45-4480-a1f1-d41cc2d38630@group-C6AEA7A4B82B, cid=210, SUCCESS, logIndex=378, commits[5d71e5de-6d45-4480-a1f1-d41cc2d38630:c378]
2019-06-13 13:50:25,267 INFO  client.GrpcClientProtocolClient (GrpcClientProtocolClient.java:onNext(254)) - client-D47EFDF0E133->5d71e5de-6d45-4480-a1f1-d41cc2d38630: receive RaftClientReply:client-D47EFDF0E133->5d71e5de-6d45-4480-a1f1-d41cc2d38630@group-C6AEA7A4B82B, cid=211, SUCCESS, logIndex=379, commits[5d71e5de-6d45-4480-a1f1-d41cc2d38630:c381]
2019-06-13 13:50:25,267 INFO  client.GrpcClientProtocolClient (GrpcClientProtocolClient.java:onNext(254)) - client-D47EFDF0E133->5d71e5de-6d45-4480-a1f1-d41cc2d38630: receive RaftClientReply:client-D47EFDF0E133->5d71e5de-6d45-4480-a1f1-d41cc2d38630@group-C6AEA7A4B82B, cid=212, SUCCESS, logIndex=380, commits[5d71e5de-6d45-4480-a1f1-d41cc2d38630:c381]
2019-06-13 13:50:25,275 INFO  client.GrpcClientProtocolClient (GrpcClientProtocolClient.java:onNext(254)) - client-D47EFDF0E133->5d71e5de-6d45-4480-a1f1-d41cc2d38630: receive RaftClientReply:client-D47EFDF0E133->5d71e5de-6d45-4480-a1f1-d41cc2d38630@group-C6AEA7A4B82B, cid=213, SUCCESS, logIndex=383, commits[5d71e5de-6d45-4480-a1f1-d41cc2d38630:c383]
2019-06-13 13:50:25,276 INFO  storage.RaftLogWorker (RaftLogWorker.java:rollLogSegment(303)) - 5d71e5de-6d45-4480-a1f1-d41cc2d38630-RaftLogWorker: Rolling segment log-315_386 to index:386
2019-06-13 13:50:25,277 INFO  storage.RaftLogWorker (RaftLogWorker.java:execute(433)) - 5d71e5de-6d45-4480-a1f1-d41cc2d38630-RaftLogWorker: Rolled log segment from /opt/src/hadoop-ozone/integration-test/target/test-dir/MiniOzoneClusterImpl-c05bfa39-b333-4767-bc96-5a78f3430938/datanode-0/data/ratis/3aee30eb-3db1-472a-b851-c6aea7a4b82b/current/log_inprogress_315 to /opt/src/hadoop-ozone/integration-test/target/test-dir/MiniOzoneClusterImpl-c05bfa39-b333-4767-bc96-5a78f3430938/datanode-0/data/ratis/3aee30eb-3db1-472a-b851-c6aea7a4b82b/current/log_315-386
2019-06-13 13:50:25,286 INFO  client.GrpcClientProtocolClient (GrpcClientProtocolClient.java:onNext(254)) - client-D47EFDF0E133->5d71e5de-6d45-4480-a1f1-d41cc2d38630: receive RaftClientReply:client-D47EFDF0E133->5d71e5de-6d45-4480-a1f1-d41cc2d38630@group-C6AEA7A4B82B, cid=214, SUCCESS, logIndex=385, commits[5d71e5de-6d45-4480-a1f1-d41cc2d38630:c386]
2019-06-13 13:50:25,287 INFO  client.GrpcClientProtocolClient (GrpcClientProtocolClient.java:onNext(254)) - client-D47EFDF0E133->5d71e5de-6d45-4480-a1f1-d41cc2d38630: receive RaftClientReply:client-D47EFDF0E133->5d71e5de-6d45-4480-a1f1-d41cc2d38630@group-C6AEA7A4B82B, cid=215, SUCCESS, logIndex=386, commits[5d71e5de-6d45-4480-a1f1-d41cc2d38630:c386]
2019-06-13 13:50:25,314 INFO  storage.RaftLogWorker (RaftLogWorker.java:execute(469)) - 5d71e5de-6d45-4480-a1f1-d41cc2d38630-RaftLogWorker: created new log segment /opt/src/hadoop-ozone/integration-test/target/test-dir/MiniOzoneClusterImpl-c05bfa39-b333-4767-bc96-5a78f3430938/datanode-0/data/ratis/3aee30eb-3db1-472a-b851-c6aea7a4b82b/current/log_inprogress_387
2019-06-13 13:50:25,317 INFO  client.GrpcClientProtocolClient (GrpcClientProtocolClient.java:onNext(254)) - client-D47EFDF0E133->5d71e5de-6d45-4480-a1f1-d41cc2d38630: receive RaftClientReply:client-D47EFDF0E133->5d71e5de-6d45-4480-a1f1-d41cc2d38630@group-C6AEA7A4B82B, cid=216, SUCCESS, logIndex=387, commits[5d71e5de-6d45-4480-a1f1-d41cc2d38630:c389]
2019-06-13 13:50:25,330 DEBUG block.SCMBlockDeletingService (SCMBlockDeletingService.java:call(138)) - Running DeletedBlockTransactionScanner
2019-06-13 13:50:25,330 DEBUG block.SCMBlockDeletingService (SCMBlockDeletingService.java:call(155)) - Scanned deleted blocks log and got 0 delTX to process.
2019-06-13 13:50:25,331 INFO  client.GrpcClientProtocolClient (GrpcClientProtocolClient.java:onNext(254)) - client-D47EFDF0E133->5d71e5de-6d45-4480-a1f1-d41cc2d38630: receive RaftClientReply:client-D47EFDF0E133->5d71e5de-6d45-4480-a1f1-d41cc2d38630@group-C6AEA7A4B82B, cid=217, SUCCESS, logIndex=390, commits[5d71e5de-6d45-4480-a1f1-d41cc2d38630:c390]
2019-06-13 13:50:25,335 INFO  client.GrpcClientProtocolClient (GrpcClientProtocolClient.java:onNext(254)) - client-D47EFDF0E133->5d71e5de-6d45-4480-a1f1-d41cc2d38630: receive RaftClientReply:client-D47EFDF0E133->5d71e5de-6d45-4480-a1f1-d41cc2d38630@group-C6AEA7A4B82B, cid=218, SUCCESS, logIndex=392, commits[5d71e5de-6d45-4480-a1f1-d41cc2d38630:c394]
2019-06-13 13:50:25,338 INFO  client.GrpcClientProtocolClient (GrpcClientProtocolClient.java:onNext(254)) - client-D47EFDF0E133->5d71e5de-6d45-4480-a1f1-d41cc2d38630: receive RaftClientReply:client-D47EFDF0E133->5d71e5de-6d45-4480-a1f1-d41cc2d38630@group-C6AEA7A4B82B, cid=219, SUCCESS, logIndex=393, commits[5d71e5de-6d45-4480-a1f1-d41cc2d38630:c394]
2019-06-13 13:50:25,342 INFO  client.GrpcClientProtocolClient (GrpcClientProtocolClient.java:onNext(254)) - client-D47EFDF0E133->5d71e5de-6d45-4480-a1f1-d41cc2d38630: receive RaftClientReply:client-D47EFDF0E133->5d71e5de-6d45-4480-a1f1-d41cc2d38630@group-C6AEA7A4B82B, cid=220, SUCCESS, logIndex=394, commits[5d71e5de-6d45-4480-a1f1-d41cc2d38630:c394]
2019-06-13 13:50:25,424 INFO  client.GrpcClientProtocolClient (GrpcClientProtocolClient.java:onNext(254)) - client-D47EFDF0E133->5d71e5de-6d45-4480-a1f1-d41cc2d38630: receive RaftClientReply:client-D47EFDF0E133->5d71e5de-6d45-4480-a1f1-d41cc2d38630@group-C6AEA7A4B82B, cid=221, SUCCESS, logIndex=396, commits[5d71e5de-6d45-4480-a1f1-d41cc2d38630:c396]
2019-06-13 13:50:25,427 INFO  client.GrpcClientProtocolClient (GrpcClientProtocolClient.java:onNext(254)) - client-D47EFDF0E133->5d71e5de-6d45-4480-a1f1-d41cc2d38630: receive RaftClientReply:client-D47EFDF0E133->5d71e5de-6d45-4480-a1f1-d41cc2d38630@group-C6AEA7A4B82B, cid=222, SUCCESS, logIndex=398, commits[5d71e5de-6d45-4480-a1f1-d41cc2d38630:c398]
2019-06-13 13:50:25,428 INFO  client.GrpcClientProtocolClient (GrpcClientProtocolClient.java:onNext(254)) - client-D47EFDF0E133->5d71e5de-6d45-4480-a1f1-d41cc2d38630: receive RaftClientReply:client-D47EFDF0E133->5d71e5de-6d45-4480-a1f1-d41cc2d38630@group-C6AEA7A4B82B, cid=223, SUCCESS, logIndex=399, commits[5d71e5de-6d45-4480-a1f1-d41cc2d38630:c401]
2019-06-13 13:50:25,429 INFO  client.GrpcClientProtocolClient (GrpcClientProtocolClient.java:onNext(254)) - client-D47EFDF0E133->5d71e5de-6d45-4480-a1f1-d41cc2d38630: receive RaftClientReply:client-D47EFDF0E133->5d71e5de-6d45-4480-a1f1-d41cc2d38630@group-C6AEA7A4B82B, cid=224, SUCCESS, logIndex=400, commits[5d71e5de-6d45-4480-a1f1-d41cc2d38630:c401]
2019-06-13 13:50:25,430 DEBUG block.SCMBlockDeletingService (SCMBlockDeletingService.java:call(138)) - Running DeletedBlockTransactionScanner
2019-06-13 13:50:25,430 DEBUG block.SCMBlockDeletingService (SCMBlockDeletingService.java:call(155)) - Scanned deleted blocks log and got 0 delTX to process.
2019-06-13 13:50:25,441 INFO  client.GrpcClientProtocolClient (GrpcClientProtocolClient.java:onNext(254)) - client-D47EFDF0E133->5d71e5de-6d45-4480-a1f1-d41cc2d38630: receive RaftClientReply:client-D47EFDF0E133->5d71e5de-6d45-4480-a1f1-d41cc2d38630@group-C6AEA7A4B82B, cid=225, SUCCESS, logIndex=402, commits[5d71e5de-6d45-4480-a1f1-d41cc2d38630:c402]
2019-06-13 13:50:25,443 INFO  client.GrpcClientProtocolClient (GrpcClientProtocolClient.java:onNext(254)) - client-D47EFDF0E133->5d71e5de-6d45-4480-a1f1-d41cc2d38630: receive RaftClientReply:client-D47EFDF0E133->5d71e5de-6d45-4480-a1f1-d41cc2d38630@group-C6AEA7A4B82B, cid=226, SUCCESS, logIndex=404, commits[5d71e5de-6d45-4480-a1f1-d41cc2d38630:c404]
2019-06-13 13:50:25,445 INFO  client.GrpcClientProtocolClient (GrpcClientProtocolClient.java:onNext(254)) - client-D47EFDF0E133->5d71e5de-6d45-4480-a1f1-d41cc2d38630: receive RaftClientReply:client-D47EFDF0E133->5d71e5de-6d45-4480-a1f1-d41cc2d38630@group-C6AEA7A4B82B, cid=227, SUCCESS, logIndex=405, commits[5d71e5de-6d45-4480-a1f1-d41cc2d38630:c407]
2019-06-13 13:50:25,445 INFO  client.GrpcClientProtocolClient (GrpcClientProtocolClient.java:onNext(254)) - client-D47EFDF0E133->5d71e5de-6d45-4480-a1f1-d41cc2d38630: receive RaftClientReply:client-D47EFDF0E133->5d71e5de-6d45-4480-a1f1-d41cc2d38630@group-C6AEA7A4B82B, cid=228, SUCCESS, logIndex=407, commits[5d71e5de-6d45-4480-a1f1-d41cc2d38630:c408]
2019-06-13 13:50:25,455 INFO  client.GrpcClientProtocolClient (GrpcClientProtocolClient.java:onNext(254)) - client-D47EFDF0E133->5d71e5de-6d45-4480-a1f1-d41cc2d38630: receive RaftClientReply:client-D47EFDF0E133->5d71e5de-6d45-4480-a1f1-d41cc2d38630@group-C6AEA7A4B82B, cid=229, SUCCESS, logIndex=409, commits[5d71e5de-6d45-4480-a1f1-d41cc2d38630:c409]
2019-06-13 13:50:25,458 INFO  client.GrpcClientProtocolClient (GrpcClientProtocolClient.java:onNext(254)) - client-D47EFDF0E133->5d71e5de-6d45-4480-a1f1-d41cc2d38630: receive RaftClientReply:client-D47EFDF0E133->5d71e5de-6d45-4480-a1f1-d41cc2d38630@group-C6AEA7A4B82B, cid=230, SUCCESS, logIndex=411, commits[5d71e5de-6d45-4480-a1f1-d41cc2d38630:c411]
2019-06-13 13:50:25,459 INFO  client.GrpcClientProtocolClient (GrpcClientProtocolClient.java:onNext(254)) - client-D47EFDF0E133->5d71e5de-6d45-4480-a1f1-d41cc2d38630: receive RaftClientReply:client-D47EFDF0E133->5d71e5de-6d45-4480-a1f1-d41cc2d38630@group-C6AEA7A4B82B, cid=231, SUCCESS, logIndex=412, commits[5d71e5de-6d45-4480-a1f1-d41cc2d38630:c414]
2019-06-13 13:50:25,460 INFO  client.GrpcClientProtocolClient (GrpcClientProtocolClient.java:onNext(254)) - client-D47EFDF0E133->5d71e5de-6d45-4480-a1f1-d41cc2d38630: receive RaftClientReply:client-D47EFDF0E133->5d71e5de-6d45-4480-a1f1-d41cc2d38630@group-C6AEA7A4B82B, cid=232, SUCCESS, logIndex=414, commits[5d71e5de-6d45-4480-a1f1-d41cc2d38630:c415]
2019-06-13 13:50:25,472 INFO  client.GrpcClientProtocolClient (GrpcClientProtocolClient.java:onNext(254)) - client-D47EFDF0E133->5d71e5de-6d45-4480-a1f1-d41cc2d38630: receive RaftClientReply:client-D47EFDF0E133->5d71e5de-6d45-4480-a1f1-d41cc2d38630@group-C6AEA7A4B82B, cid=233, SUCCESS, logIndex=416, commits[5d71e5de-6d45-4480-a1f1-d41cc2d38630:c416]
2019-06-13 13:50:25,514 INFO  client.GrpcClientProtocolClient (GrpcClientProtocolClient.java:onNext(254)) - client-D47EFDF0E133->5d71e5de-6d45-4480-a1f1-d41cc2d38630: receive RaftClientReply:client-D47EFDF0E133->5d71e5de-6d45-4480-a1f1-d41cc2d38630@group-C6AEA7A4B82B, cid=234, SUCCESS, logIndex=418, commits[5d71e5de-6d45-4480-a1f1-d41cc2d38630:c418]
2019-06-13 13:50:25,520 INFO  client.GrpcClientProtocolClient (GrpcClientProtocolClient.java:onNext(254)) - client-D47EFDF0E133->5d71e5de-6d45-4480-a1f1-d41cc2d38630: receive RaftClientReply:client-D47EFDF0E133->5d71e5de-6d45-4480-a1f1-d41cc2d38630@group-C6AEA7A4B82B, cid=235, SUCCESS, logIndex=420, commits[5d71e5de-6d45-4480-a1f1-d41cc2d38630:c421]
2019-06-13 13:50:25,521 INFO  client.GrpcClientProtocolClient (GrpcClientProtocolClient.java:onNext(254)) - client-D47EFDF0E133->5d71e5de-6d45-4480-a1f1-d41cc2d38630: receive RaftClientReply:client-D47EFDF0E133->5d71e5de-6d45-4480-a1f1-d41cc2d38630@group-C6AEA7A4B82B, cid=236, SUCCESS, logIndex=421, commits[5d71e5de-6d45-4480-a1f1-d41cc2d38630:c422]
2019-06-13 13:50:25,531 INFO  client.GrpcClientProtocolClient (GrpcClientProtocolClient.java:onNext(254)) - client-D47EFDF0E133->5d71e5de-6d45-4480-a1f1-d41cc2d38630: receive RaftClientReply:client-D47EFDF0E133->5d71e5de-6d45-4480-a1f1-d41cc2d38630@group-C6AEA7A4B82B, cid=237, SUCCESS, logIndex=423, commits[5d71e5de-6d45-4480-a1f1-d41cc2d38630:c423]
2019-06-13 13:50:25,531 DEBUG block.SCMBlockDeletingService (SCMBlockDeletingService.java:call(138)) - Running DeletedBlockTransactionScanner
2019-06-13 13:50:25,531 DEBUG block.SCMBlockDeletingService (SCMBlockDeletingService.java:call(155)) - Scanned deleted blocks log and got 0 delTX to process.
2019-06-13 13:50:25,534 INFO  client.GrpcClientProtocolClient (GrpcClientProtocolClient.java:onNext(254)) - client-D47EFDF0E133->5d71e5de-6d45-4480-a1f1-d41cc2d38630: receive RaftClientReply:client-D47EFDF0E133->5d71e5de-6d45-4480-a1f1-d41cc2d38630@group-C6AEA7A4B82B, cid=238, SUCCESS, logIndex=425, commits[5d71e5de-6d45-4480-a1f1-d41cc2d38630:c425]
2019-06-13 13:50:25,535 INFO  client.GrpcClientProtocolClient (GrpcClientProtocolClient.java:onNext(254)) - client-D47EFDF0E133->5d71e5de-6d45-4480-a1f1-d41cc2d38630: receive RaftClientReply:client-D47EFDF0E133->5d71e5de-6d45-4480-a1f1-d41cc2d38630@group-C6AEA7A4B82B, cid=239, SUCCESS, logIndex=426, commits[5d71e5de-6d45-4480-a1f1-d41cc2d38630:c427]
2019-06-13 13:50:25,536 INFO  client.GrpcClientProtocolClient (GrpcClientProtocolClient.java:onNext(254)) - client-D47EFDF0E133->5d71e5de-6d45-4480-a1f1-d41cc2d38630: receive RaftClientReply:client-D47EFDF0E133->5d71e5de-6d45-4480-a1f1-d41cc2d38630@group-C6AEA7A4B82B, cid=240, SUCCESS, logIndex=427, commits[5d71e5de-6d45-4480-a1f1-d41cc2d38630:c428]
2019-06-13 13:50:25,548 INFO  client.GrpcClientProtocolClient (GrpcClientProtocolClient.java:onNext(254)) - client-D47EFDF0E133->5d71e5de-6d45-4480-a1f1-d41cc2d38630: receive RaftClientReply:client-D47EFDF0E133->5d71e5de-6d45-4480-a1f1-d41cc2d38630@group-C6AEA7A4B82B, cid=241, SUCCESS, logIndex=430, commits[5d71e5de-6d45-4480-a1f1-d41cc2d38630:c430]
2019-06-13 13:50:25,551 INFO  client.GrpcClientProtocolClient (GrpcClientProtocolClient.java:onNext(254)) - client-D47EFDF0E133->5d71e5de-6d45-4480-a1f1-d41cc2d38630: receive RaftClientReply:client-D47EFDF0E133->5d71e5de-6d45-4480-a1f1-d41cc2d38630@group-C6AEA7A4B82B, cid=242, SUCCESS, logIndex=432, commits[5d71e5de-6d45-4480-a1f1-d41cc2d38630:c432]
2019-06-13 13:50:25,554 INFO  client.GrpcClientProtocolClient (GrpcClientProtocolClient.java:onNext(254)) - client-D47EFDF0E133->5d71e5de-6d45-4480-a1f1-d41cc2d38630: receive RaftClientReply:client-D47EFDF0E133->5d71e5de-6d45-4480-a1f1-d41cc2d38630@group-C6AEA7A4B82B, cid=243, SUCCESS, logIndex=433, commits[5d71e5de-6d45-4480-a1f1-d41cc2d38630:c434]
2019-06-13 13:50:25,555 INFO  client.GrpcClientProtocolClient (GrpcClientProtocolClient.java:onNext(254)) - client-D47EFDF0E133->5d71e5de-6d45-4480-a1f1-d41cc2d38630: receive RaftClientReply:client-D47EFDF0E133->5d71e5de-6d45-4480-a1f1-d41cc2d38630@group-C6AEA7A4B82B, cid=244, SUCCESS, logIndex=435, commits[5d71e5de-6d45-4480-a1f1-d41cc2d38630:c435]
2019-06-13 13:50:25,562 INFO  client.GrpcClientProtocolClient (GrpcClientProtocolClient.java:onNext(254)) - client-D47EFDF0E133->5d71e5de-6d45-4480-a1f1-d41cc2d38630: receive RaftClientReply:client-D47EFDF0E133->5d71e5de-6d45-4480-a1f1-d41cc2d38630@group-C6AEA7A4B82B, cid=245, SUCCESS, logIndex=437, commits[5d71e5de-6d45-4480-a1f1-d41cc2d38630:c437]
2019-06-13 13:50:25,565 INFO  client.GrpcClientProtocolClient (GrpcClientProtocolClient.java:onNext(254)) - client-D47EFDF0E133->5d71e5de-6d45-4480-a1f1-d41cc2d38630: receive RaftClientReply:client-D47EFDF0E133->5d71e5de-6d45-4480-a1f1-d41cc2d38630@group-C6AEA7A4B82B, cid=246, SUCCESS, logIndex=439, commits[5d71e5de-6d45-4480-a1f1-d41cc2d38630:c439]
2019-06-13 13:50:25,566 INFO  client.GrpcClientProtocolClient (GrpcClientProtocolClient.java:onNext(254)) - client-D47EFDF0E133->5d71e5de-6d45-4480-a1f1-d41cc2d38630: receive RaftClientReply:client-D47EFDF0E133->5d71e5de-6d45-4480-a1f1-d41cc2d38630@group-C6AEA7A4B82B, cid=247, SUCCESS, logIndex=440, commits[5d71e5de-6d45-4480-a1f1-d41cc2d38630:c442]
2019-06-13 13:50:25,566 INFO  client.GrpcClientProtocolClient (GrpcClientProtocolClient.java:onNext(254)) - client-D47EFDF0E133->5d71e5de-6d45-4480-a1f1-d41cc2d38630: receive RaftClientReply:client-D47EFDF0E133->5d71e5de-6d45-4480-a1f1-d41cc2d38630@group-C6AEA7A4B82B, cid=248, SUCCESS, logIndex=442, commits[5d71e5de-6d45-4480-a1f1-d41cc2d38630:c443]
2019-06-13 13:50:25,578 INFO  client.GrpcClientProtocolClient (GrpcClientProtocolClient.java:onNext(254)) - client-D47EFDF0E133->5d71e5de-6d45-4480-a1f1-d41cc2d38630: receive RaftClientReply:client-D47EFDF0E133->5d71e5de-6d45-4480-a1f1-d41cc2d38630@group-C6AEA7A4B82B, cid=249, SUCCESS, logIndex=444, commits[5d71e5de-6d45-4480-a1f1-d41cc2d38630:c444]
2019-06-13 13:50:25,580 INFO  client.GrpcClientProtocolClient (GrpcClientProtocolClient.java:onNext(254)) - client-D47EFDF0E133->5d71e5de-6d45-4480-a1f1-d41cc2d38630: receive RaftClientReply:client-D47EFDF0E133->5d71e5de-6d45-4480-a1f1-d41cc2d38630@group-C6AEA7A4B82B, cid=250, SUCCESS, logIndex=446, commits[5d71e5de-6d45-4480-a1f1-d41cc2d38630:c446]
2019-06-13 13:50:25,581 INFO  client.GrpcClientProtocolClient (GrpcClientProtocolClient.java:onNext(254)) - client-D47EFDF0E133->5d71e5de-6d45-4480-a1f1-d41cc2d38630: receive RaftClientReply:client-D47EFDF0E133->5d71e5de-6d45-4480-a1f1-d41cc2d38630@group-C6AEA7A4B82B, cid=251, SUCCESS, logIndex=447, commits[5d71e5de-6d45-4480-a1f1-d41cc2d38630:c448]
2019-06-13 13:50:25,583 INFO  client.GrpcClientProtocolClient (GrpcClientProtocolClient.java:onNext(254)) - client-D47EFDF0E133->5d71e5de-6d45-4480-a1f1-d41cc2d38630: receive RaftClientReply:client-D47EFDF0E133->5d71e5de-6d45-4480-a1f1-d41cc2d38630@group-C6AEA7A4B82B, cid=252, SUCCESS, logIndex=449, commits[5d71e5de-6d45-4480-a1f1-d41cc2d38630:c449]
2019-06-13 13:50:25,591 INFO  client.GrpcClientProtocolClient (GrpcClientProtocolClient.java:onNext(254)) - client-D47EFDF0E133->5d71e5de-6d45-4480-a1f1-d41cc2d38630: receive RaftClientReply:client-D47EFDF0E133->5d71e5de-6d45-4480-a1f1-d41cc2d38630@group-C6AEA7A4B82B, cid=253, SUCCESS, logIndex=451, commits[5d71e5de-6d45-4480-a1f1-d41cc2d38630:c451]
2019-06-13 13:50:25,598 INFO  client.GrpcClientProtocolClient (GrpcClientProtocolClient.java:onNext(254)) - client-D47EFDF0E133->5d71e5de-6d45-4480-a1f1-d41cc2d38630: receive RaftClientReply:client-D47EFDF0E133->5d71e5de-6d45-4480-a1f1-d41cc2d38630@group-C6AEA7A4B82B, cid=254, SUCCESS, logIndex=453, commits[5d71e5de-6d45-4480-a1f1-d41cc2d38630:c453]
2019-06-13 13:50:25,600 INFO  client.GrpcClientProtocolClient (GrpcClientProtocolClient.java:onNext(254)) - client-D47EFDF0E133->5d71e5de-6d45-4480-a1f1-d41cc2d38630: receive RaftClientReply:client-D47EFDF0E133->5d71e5de-6d45-4480-a1f1-d41cc2d38630@group-C6AEA7A4B82B, cid=255, SUCCESS, logIndex=455, commits[5d71e5de-6d45-4480-a1f1-d41cc2d38630:c455]
2019-06-13 13:50:25,600 INFO  client.GrpcClientProtocolClient (GrpcClientProtocolClient.java:onNext(254)) - client-D47EFDF0E133->5d71e5de-6d45-4480-a1f1-d41cc2d38630: receive RaftClientReply:client-D47EFDF0E133->5d71e5de-6d45-4480-a1f1-d41cc2d38630@group-C6AEA7A4B82B, cid=256, SUCCESS, logIndex=457, commits[5d71e5de-6d45-4480-a1f1-d41cc2d38630:c457]
2019-06-13 13:50:25,611 INFO  client.GrpcClientProtocolClient (GrpcClientProtocolClient.java:onNext(254)) - client-D47EFDF0E133->5d71e5de-6d45-4480-a1f1-d41cc2d38630: receive RaftClientReply:client-D47EFDF0E133->5d71e5de-6d45-4480-a1f1-d41cc2d38630@group-C6AEA7A4B82B, cid=257, SUCCESS, logIndex=459, commits[5d71e5de-6d45-4480-a1f1-d41cc2d38630:c459]
2019-06-13 13:50:25,612 INFO  storage.RaftLogWorker (RaftLogWorker.java:rollLogSegment(303)) - 5d71e5de-6d45-4480-a1f1-d41cc2d38630-RaftLogWorker: Rolling segment log-387_461 to index:461
2019-06-13 13:50:25,614 INFO  storage.RaftLogWorker (RaftLogWorker.java:execute(433)) - 5d71e5de-6d45-4480-a1f1-d41cc2d38630-RaftLogWorker: Rolled log segment from /opt/src/hadoop-ozone/integration-test/target/test-dir/MiniOzoneClusterImpl-c05bfa39-b333-4767-bc96-5a78f3430938/datanode-0/data/ratis/3aee30eb-3db1-472a-b851-c6aea7a4b82b/current/log_inprogress_387 to /opt/src/hadoop-ozone/integration-test/target/test-dir/MiniOzoneClusterImpl-c05bfa39-b333-4767-bc96-5a78f3430938/datanode-0/data/ratis/3aee30eb-3db1-472a-b851-c6aea7a4b82b/current/log_387-461
2019-06-13 13:50:25,615 INFO  client.GrpcClientProtocolClient (GrpcClientProtocolClient.java:onNext(254)) - client-D47EFDF0E133->5d71e5de-6d45-4480-a1f1-d41cc2d38630: receive RaftClientReply:client-D47EFDF0E133->5d71e5de-6d45-4480-a1f1-d41cc2d38630@group-C6AEA7A4B82B, cid=258, SUCCESS, logIndex=461, commits[5d71e5de-6d45-4480-a1f1-d41cc2d38630:c461]
2019-06-13 13:50:25,631 DEBUG block.SCMBlockDeletingService (SCMBlockDeletingService.java:call(138)) - Running DeletedBlockTransactionScanner
2019-06-13 13:50:25,632 DEBUG block.SCMBlockDeletingService (SCMBlockDeletingService.java:call(155)) - Scanned deleted blocks log and got 0 delTX to process.
2019-06-13 13:50:25,651 INFO  storage.RaftLogWorker (RaftLogWorker.java:execute(469)) - 5d71e5de-6d45-4480-a1f1-d41cc2d38630-RaftLogWorker: created new log segment /opt/src/hadoop-ozone/integration-test/target/test-dir/MiniOzoneClusterImpl-c05bfa39-b333-4767-bc96-5a78f3430938/datanode-0/data/ratis/3aee30eb-3db1-472a-b851-c6aea7a4b82b/current/log_inprogress_462
2019-06-13 13:50:25,653 INFO  client.GrpcClientProtocolClient (GrpcClientProtocolClient.java:onNext(254)) - client-D47EFDF0E133->5d71e5de-6d45-4480-a1f1-d41cc2d38630: receive RaftClientReply:client-D47EFDF0E133->5d71e5de-6d45-4480-a1f1-d41cc2d38630@group-C6AEA7A4B82B, cid=259, SUCCESS, logIndex=462, commits[5d71e5de-6d45-4480-a1f1-d41cc2d38630:c464]
2019-06-13 13:50:25,654 INFO  client.GrpcClientProtocolClient (GrpcClientProtocolClient.java:onNext(254)) - client-D47EFDF0E133->5d71e5de-6d45-4480-a1f1-d41cc2d38630: receive RaftClientReply:client-D47EFDF0E133->5d71e5de-6d45-4480-a1f1-d41cc2d38630@group-C6AEA7A4B82B, cid=260, SUCCESS, logIndex=463, commits[5d71e5de-6d45-4480-a1f1-d41cc2d38630:c464]
2019-06-13 13:50:25,661 INFO  client.GrpcClientProtocolClient (GrpcClientProtocolClient.java:onNext(254)) - client-D47EFDF0E133->5d71e5de-6d45-4480-a1f1-d41cc2d38630: receive RaftClientReply:client-D47EFDF0E133->5d71e5de-6d45-4480-a1f1-d41cc2d38630@group-C6AEA7A4B82B, cid=261, SUCCESS, logIndex=465, commits[5d71e5de-6d45-4480-a1f1-d41cc2d38630:c465]
2019-06-13 13:50:25,664 INFO  client.GrpcClientProtocolClient (GrpcClientProtocolClient.java:onNext(254)) - client-D47EFDF0E133->5d71e5de-6d45-4480-a1f1-d41cc2d38630: receive RaftClientReply:client-D47EFDF0E133->5d71e5de-6d45-4480-a1f1-d41cc2d38630@group-C6AEA7A4B82B, cid=262, SUCCESS, logIndex=467, commits[5d71e5de-6d45-4480-a1f1-d41cc2d38630:c467]
2019-06-13 13:50:25,666 INFO  client.GrpcClientProtocolClient (GrpcClientProtocolClient.java:onNext(254)) - client-D47EFDF0E133->5d71e5de-6d45-4480-a1f1-d41cc2d38630: receive RaftClientReply:client-D47EFDF0E133->5d71e5de-6d45-4480-a1f1-d41cc2d38630@group-C6AEA7A4B82B, cid=263, SUCCESS, logIndex=468, commits[5d71e5de-6d45-4480-a1f1-d41cc2d38630:c468]
2019-06-13 13:50:25,667 INFO  client.GrpcClientProtocolClient (GrpcClientProtocolClient.java:onNext(254)) - client-D47EFDF0E133->5d71e5de-6d45-4480-a1f1-d41cc2d38630: receive RaftClientReply:client-D47EFDF0E133->5d71e5de-6d45-4480-a1f1-d41cc2d38630@group-C6AEA7A4B82B, cid=264, SUCCESS, logIndex=470, commits[5d71e5de-6d45-4480-a1f1-d41cc2d38630:c471]
2019-06-13 13:50:25,733 DEBUG block.SCMBlockDeletingService (SCMBlockDeletingService.java:call(138)) - Running DeletedBlockTransactionScanner
2019-06-13 13:50:25,733 DEBUG block.SCMBlockDeletingService (SCMBlockDeletingService.java:call(155)) - Scanned deleted blocks log and got 0 delTX to process.
2019-06-13 13:50:25,746 INFO  client.GrpcClientProtocolClient (GrpcClientProtocolClient.java:onNext(254)) - client-D47EFDF0E133->5d71e5de-6d45-4480-a1f1-d41cc2d38630: receive RaftClientReply:client-D47EFDF0E133->5d71e5de-6d45-4480-a1f1-d41cc2d38630@group-C6AEA7A4B82B, cid=265, SUCCESS, logIndex=472, commits[5d71e5de-6d45-4480-a1f1-d41cc2d38630:c472]
2019-06-13 13:50:25,748 INFO  client.GrpcClientProtocolClient (GrpcClientProtocolClient.java:onNext(254)) - client-D47EFDF0E133->5d71e5de-6d45-4480-a1f1-d41cc2d38630: receive RaftClientReply:client-D47EFDF0E133->5d71e5de-6d45-4480-a1f1-d41cc2d38630@group-C6AEA7A4B82B, cid=266, SUCCESS, logIndex=474, commits[5d71e5de-6d45-4480-a1f1-d41cc2d38630:c474]
2019-06-13 13:50:25,749 INFO  client.GrpcClientProtocolClient (GrpcClientProtocolClient.java:onNext(254)) - client-D47EFDF0E133->5d71e5de-6d45-4480-a1f1-d41cc2d38630: receive RaftClientReply:client-D47EFDF0E133->5d71e5de-6d45-4480-a1f1-d41cc2d38630@group-C6AEA7A4B82B, cid=267, SUCCESS, logIndex=475, commits[5d71e5de-6d45-4480-a1f1-d41cc2d38630:c477]
2019-06-13 13:50:25,750 INFO  client.GrpcClientProtocolClient (GrpcClientProtocolClient.java:onNext(254)) - client-D47EFDF0E133->5d71e5de-6d45-4480-a1f1-d41cc2d38630: receive RaftClientReply:client-D47EFDF0E133->5d71e5de-6d45-4480-a1f1-d41cc2d38630@group-C6AEA7A4B82B, cid=268, SUCCESS, logIndex=477, commits[5d71e5de-6d45-4480-a1f1-d41cc2d38630:c478]
2019-06-13 13:50:25,756 INFO  client.GrpcClientProtocolClient (GrpcClientProtocolClient.java:onNext(254)) - client-D47EFDF0E133->5d71e5de-6d45-4480-a1f1-d41cc2d38630: receive RaftClientReply:client-D47EFDF0E133->5d71e5de-6d45-4480-a1f1-d41cc2d38630@group-C6AEA7A4B82B, cid=269, SUCCESS, logIndex=479, commits[5d71e5de-6d45-4480-a1f1-d41cc2d38630:c479]
2019-06-13 13:50:25,758 INFO  client.GrpcClientProtocolClient (GrpcClientProtocolClient.java:onNext(254)) - client-D47EFDF0E133->5d71e5de-6d45-4480-a1f1-d41cc2d38630: receive RaftClientReply:client-D47EFDF0E133->5d71e5de-6d45-4480-a1f1-d41cc2d38630@group-C6AEA7A4B82B, cid=270, SUCCESS, logIndex=481, commits[5d71e5de-6d45-4480-a1f1-d41cc2d38630:c481]
2019-06-13 13:50:25,761 INFO  client.GrpcClientProtocolClient (GrpcClientProtocolClient.java:onNext(254)) - client-D47EFDF0E133->5d71e5de-6d45-4480-a1f1-d41cc2d38630: receive RaftClientReply:client-D47EFDF0E133->5d71e5de-6d45-4480-a1f1-d41cc2d38630@group-C6AEA7A4B82B, cid=271, SUCCESS, logIndex=483, commits[5d71e5de-6d45-4480-a1f1-d41cc2d38630:c484]
2019-06-13 13:50:25,766 INFO  client.GrpcClientProtocolClient (GrpcClientProtocolClient.java:onNext(254)) - client-D47EFDF0E133->5d71e5de-6d45-4480-a1f1-d41cc2d38630: receive RaftClientReply:client-D47EFDF0E133->5d71e5de-6d45-4480-a1f1-d41cc2d38630@group-C6AEA7A4B82B, cid=272, SUCCESS, logIndex=484, commits[5d71e5de-6d45-4480-a1f1-d41cc2d38630:c485]
2019-06-13 13:50:25,777 INFO  client.GrpcClientProtocolClient (GrpcClientProtocolClient.java:onNext(254)) - client-D47EFDF0E133->5d71e5de-6d45-4480-a1f1-d41cc2d38630: receive RaftClientReply:client-D47EFDF0E133->5d71e5de-6d45-4480-a1f1-d41cc2d38630@group-C6AEA7A4B82B, cid=273, SUCCESS, logIndex=486, commits[5d71e5de-6d45-4480-a1f1-d41cc2d38630:c486]
2019-06-13 13:50:25,779 INFO  client.GrpcClientProtocolClient (GrpcClientProtocolClient.java:onNext(254)) - client-D47EFDF0E133->5d71e5de-6d45-4480-a1f1-d41cc2d38630: receive RaftClientReply:client-D47EFDF0E133->5d71e5de-6d45-4480-a1f1-d41cc2d38630@group-C6AEA7A4B82B, cid=274, SUCCESS, logIndex=488, commits[5d71e5de-6d45-4480-a1f1-d41cc2d38630:c488]
2019-06-13 13:50:25,781 INFO  client.GrpcClientProtocolClient (GrpcClientProtocolClient.java:onNext(254)) - client-D47EFDF0E133->5d71e5de-6d45-4480-a1f1-d41cc2d38630: receive RaftClientReply:client-D47EFDF0E133->5d71e5de-6d45-4480-a1f1-d41cc2d38630@group-C6AEA7A4B82B, cid=275, SUCCESS, logIndex=489, commits[5d71e5de-6d45-4480-a1f1-d41cc2d38630:c491]
2019-06-13 13:50:25,781 INFO  client.GrpcClientProtocolClient (GrpcClientProtocolClient.java:onNext(254)) - client-D47EFDF0E133->5d71e5de-6d45-4480-a1f1-d41cc2d38630: receive RaftClientReply:client-D47EFDF0E133->5d71e5de-6d45-4480-a1f1-d41cc2d38630@group-C6AEA7A4B82B, cid=276, SUCCESS, logIndex=491, commits[5d71e5de-6d45-4480-a1f1-d41cc2d38630:c492]
2019-06-13 13:50:25,788 INFO  client.GrpcClientProtocolClient (GrpcClientProtocolClient.java:onNext(254)) - client-D47EFDF0E133->5d71e5de-6d45-4480-a1f1-d41cc2d38630: receive RaftClientReply:client-D47EFDF0E133->5d71e5de-6d45-4480-a1f1-d41cc2d38630@group-C6AEA7A4B82B, cid=277, SUCCESS, logIndex=493, commits[5d71e5de-6d45-4480-a1f1-d41cc2d38630:c493]
2019-06-13 13:50:25,790 INFO  client.GrpcClientProtocolClient (GrpcClientProtocolClient.java:onNext(254)) - client-D47EFDF0E133->5d71e5de-6d45-4480-a1f1-d41cc2d38630: receive RaftClientReply:client-D47EFDF0E133->5d71e5de-6d45-4480-a1f1-d41cc2d38630@group-C6AEA7A4B82B, cid=278, SUCCESS, logIndex=495, commits[5d71e5de-6d45-4480-a1f1-d41cc2d38630:c495]
2019-06-13 13:50:25,792 INFO  client.GrpcClientProtocolClient (GrpcClientProtocolClient.java:onNext(254)) - client-D47EFDF0E133->5d71e5de-6d45-4480-a1f1-d41cc2d38630: receive RaftClientReply:client-D47EFDF0E133->5d71e5de-6d45-4480-a1f1-d41cc2d38630@group-C6AEA7A4B82B, cid=279, SUCCESS, logIndex=496, commits[5d71e5de-6d45-4480-a1f1-d41cc2d38630:c498]
2019-06-13 13:50:25,792 INFO  client.GrpcClientProtocolClient (GrpcClientProtocolClient.java:onNext(254)) - client-D47EFDF0E133->5d71e5de-6d45-4480-a1f1-d41cc2d38630: receive RaftClientReply:client-D47EFDF0E133->5d71e5de-6d45-4480-a1f1-d41cc2d38630@group-C6AEA7A4B82B, cid=280, SUCCESS, logIndex=497, commits[5d71e5de-6d45-4480-a1f1-d41cc2d38630:c498]
2019-06-13 13:50:25,805 INFO  client.GrpcClientProtocolClient (GrpcClientProtocolClient.java:onNext(254)) - client-D47EFDF0E133->5d71e5de-6d45-4480-a1f1-d41cc2d38630: receive RaftClientReply:client-D47EFDF0E133->5d71e5de-6d45-4480-a1f1-d41cc2d38630@group-C6AEA7A4B82B, cid=281, SUCCESS, logIndex=499, commits[5d71e5de-6d45-4480-a1f1-d41cc2d38630:c499]
2019-06-13 13:50:25,810 INFO  client.GrpcClientProtocolClient (GrpcClientProtocolClient.java:onNext(254)) - client-D47EFDF0E133->5d71e5de-6d45-4480-a1f1-d41cc2d38630: receive RaftClientReply:client-D47EFDF0E133->5d71e5de-6d45-4480-a1f1-d41cc2d38630@group-C6AEA7A4B82B, cid=282, SUCCESS, logIndex=501, commits[5d71e5de-6d45-4480-a1f1-d41cc2d38630:c501]
2019-06-13 13:50:25,811 INFO  client.GrpcClientProtocolClient (GrpcClientProtocolClient.java:onNext(254)) - client-D47EFDF0E133->5d71e5de-6d45-4480-a1f1-d41cc2d38630: receive RaftClientReply:client-D47EFDF0E133->5d71e5de-6d45-4480-a1f1-d41cc2d38630@group-C6AEA7A4B82B, cid=283, SUCCESS, logIndex=502, commits[5d71e5de-6d45-4480-a1f1-d41cc2d38630:c504]
2019-06-13 13:50:25,811 INFO  client.GrpcClientProtocolClient (GrpcClientProtocolClient.java:onNext(254)) - client-D47EFDF0E133->5d71e5de-6d45-4480-a1f1-d41cc2d38630: receive RaftClientReply:client-D47EFDF0E133->5d71e5de-6d45-4480-a1f1-d41cc2d38630@group-C6AEA7A4B82B, cid=284, SUCCESS, logIndex=503, commits[5d71e5de-6d45-4480-a1f1-d41cc2d38630:c504]
2019-06-13 13:50:25,819 INFO  client.GrpcClientProtocolClient (GrpcClientProtocolClient.java:onNext(254)) - client-D47EFDF0E133->5d71e5de-6d45-4480-a1f1-d41cc2d38630: receive RaftClientReply:client-D47EFDF0E133->5d71e5de-6d45-4480-a1f1-d41cc2d38630@group-C6AEA7A4B82B, cid=285, SUCCESS, logIndex=505, commits[5d71e5de-6d45-4480-a1f1-d41cc2d38630:c505]
2019-06-13 13:50:25,821 INFO  client.GrpcClientProtocolClient (GrpcClientProtocolClient.java:onNext(254)) - client-D47EFDF0E133->5d71e5de-6d45-4480-a1f1-d41cc2d38630: receive RaftClientReply:client-D47EFDF0E133->5d71e5de-6d45-4480-a1f1-d41cc2d38630@group-C6AEA7A4B82B, cid=286, SUCCESS, logIndex=507, commits[5d71e5de-6d45-4480-a1f1-d41cc2d38630:c507]
2019-06-13 13:50:25,865 DEBUG block.SCMBlockDeletingService (SCMBlockDeletingService.java:call(138)) - Running DeletedBlockTransactionScanner
2019-06-13 13:50:25,866 DEBUG block.SCMBlockDeletingService (SCMBlockDeletingService.java:call(155)) - Scanned deleted blocks log and got 0 delTX to process.
2019-06-13 13:50:25,870 INFO  client.GrpcClientProtocolClient (GrpcClientProtocolClient.java:onNext(254)) - client-D47EFDF0E133->5d71e5de-6d45-4480-a1f1-d41cc2d38630: receive RaftClientReply:client-D47EFDF0E133->5d71e5de-6d45-4480-a1f1-d41cc2d38630@group-C6AEA7A4B82B, cid=287, SUCCESS, logIndex=508, commits[5d71e5de-6d45-4480-a1f1-d41cc2d38630:c510]
2019-06-13 13:50:25,870 INFO  client.GrpcClientProtocolClient (GrpcClientProtocolClient.java:onNext(254)) - client-D47EFDF0E133->5d71e5de-6d45-4480-a1f1-d41cc2d38630: receive RaftClientReply:client-D47EFDF0E133->5d71e5de-6d45-4480-a1f1-d41cc2d38630@group-C6AEA7A4B82B, cid=288, SUCCESS, logIndex=510, commits[5d71e5de-6d45-4480-a1f1-d41cc2d38630:c511]
2019-06-13 13:50:25,884 INFO  client.GrpcClientProtocolClient (GrpcClientProtocolClient.java:onNext(254)) - client-D47EFDF0E133->5d71e5de-6d45-4480-a1f1-d41cc2d38630: receive RaftClientReply:client-D47EFDF0E133->5d71e5de-6d45-4480-a1f1-d41cc2d38630@group-C6AEA7A4B82B, cid=289, SUCCESS, logIndex=512, commits[5d71e5de-6d45-4480-a1f1-d41cc2d38630:c512]
2019-06-13 13:50:25,886 INFO  client.GrpcClientProtocolClient (GrpcClientProtocolClient.java:onNext(254)) - client-D47EFDF0E133->5d71e5de-6d45-4480-a1f1-d41cc2d38630: receive RaftClientReply:client-D47EFDF0E133->5d71e5de-6d45-4480-a1f1-d41cc2d38630@group-C6AEA7A4B82B, cid=290, SUCCESS, logIndex=514, commits[5d71e5de-6d45-4480-a1f1-d41cc2d38630:c514]
2019-06-13 13:50:25,888 INFO  client.GrpcClientProtocolClient (GrpcClientProtocolClient.java:onNext(254)) - client-D47EFDF0E133->5d71e5de-6d45-4480-a1f1-d41cc2d38630: receive RaftClientReply:client-D47EFDF0E133->5d71e5de-6d45-4480-a1f1-d41cc2d38630@group-C6AEA7A4B82B, cid=291, SUCCESS, logIndex=515, commits[5d71e5de-6d45-4480-a1f1-d41cc2d38630:c517]
2019-06-13 13:50:25,890 INFO  client.GrpcClientProtocolClient (GrpcClientProtocolClient.java:onNext(254)) - client-D47EFDF0E133->5d71e5de-6d45-4480-a1f1-d41cc2d38630: receive RaftClientReply:client-D47EFDF0E133->5d71e5de-6d45-4480-a1f1-d41cc2d38630@group-C6AEA7A4B82B, cid=292, SUCCESS, logIndex=517, commits[5d71e5de-6d45-4480-a1f1-d41cc2d38630:c517]
2019-06-13 13:50:25,898 INFO  client.GrpcClientProtocolClient (GrpcClientProtocolClient.java:onNext(254)) - client-D47EFDF0E133->5d71e5de-6d45-4480-a1f1-d41cc2d38630: receive RaftClientReply:client-D47EFDF0E133->5d71e5de-6d45-4480-a1f1-d41cc2d38630@group-C6AEA7A4B82B, cid=293, SUCCESS, logIndex=519, commits[5d71e5de-6d45-4480-a1f1-d41cc2d38630:c519]
2019-06-13 13:50:25,901 INFO  client.GrpcClientProtocolClient (GrpcClientProtocolClient.java:onNext(254)) - client-D47EFDF0E133->5d71e5de-6d45-4480-a1f1-d41cc2d38630: receive RaftClientReply:client-D47EFDF0E133->5d71e5de-6d45-4480-a1f1-d41cc2d38630@group-C6AEA7A4B82B, cid=294, SUCCESS, logIndex=521, commits[5d71e5de-6d45-4480-a1f1-d41cc2d38630:c521]
2019-06-13 13:50:25,902 INFO  client.GrpcClientProtocolClient (GrpcClientProtocolClient.java:onNext(254)) - client-D47EFDF0E133->5d71e5de-6d45-4480-a1f1-d41cc2d38630: receive RaftClientReply:client-D47EFDF0E133->5d71e5de-6d45-4480-a1f1-d41cc2d38630@group-C6AEA7A4B82B, cid=295, SUCCESS, logIndex=522, commits[5d71e5de-6d45-4480-a1f1-d41cc2d38630:c522]
2019-06-13 13:50:25,903 INFO  client.GrpcClientProtocolClient (GrpcClientProtocolClient.java:onNext(254)) - client-D47EFDF0E133->5d71e5de-6d45-4480-a1f1-d41cc2d38630: receive RaftClientReply:client-D47EFDF0E133->5d71e5de-6d45-4480-a1f1-d41cc2d38630@group-C6AEA7A4B82B, cid=296, SUCCESS, logIndex=524, commits[5d71e5de-6d45-4480-a1f1-d41cc2d38630:c524]
2019-06-13 13:50:25,914 INFO  client.GrpcClientProtocolClient (GrpcClientProtocolClient.java:onNext(254)) - client-D47EFDF0E133->5d71e5de-6d45-4480-a1f1-d41cc2d38630: receive RaftClientReply:client-D47EFDF0E133->5d71e5de-6d45-4480-a1f1-d41cc2d38630@group-C6AEA7A4B82B, cid=297, SUCCESS, logIndex=527, commits[5d71e5de-6d45-4480-a1f1-d41cc2d38630:c527]
2019-06-13 13:50:25,917 INFO  client.GrpcClientProtocolClient (GrpcClientProtocolClient.java:onNext(254)) - client-D47EFDF0E133->5d71e5de-6d45-4480-a1f1-d41cc2d38630: receive RaftClientReply:client-D47EFDF0E133->5d71e5de-6d45-4480-a1f1-d41cc2d38630@group-C6AEA7A4B82B, cid=298, SUCCESS, logIndex=529, commits[5d71e5de-6d45-4480-a1f1-d41cc2d38630:c529]
2019-06-13 13:50:25,920 INFO  client.GrpcClientProtocolClient (GrpcClientProtocolClient.java:onNext(254)) - client-D47EFDF0E133->5d71e5de-6d45-4480-a1f1-d41cc2d38630: receive RaftClientReply:client-D47EFDF0E133->5d71e5de-6d45-4480-a1f1-d41cc2d38630@group-C6AEA7A4B82B, cid=299, SUCCESS, logIndex=531, commits[5d71e5de-6d45-4480-a1f1-d41cc2d38630:c531]
2019-06-13 13:50:25,926 INFO  client.GrpcClientProtocolClient (GrpcClientProtocolClient.java:onNext(254)) - client-D47EFDF0E133->5d71e5de-6d45-4480-a1f1-d41cc2d38630: receive RaftClientReply:client-D47EFDF0E133->5d71e5de-6d45-4480-a1f1-d41cc2d38630@group-C6AEA7A4B82B, cid=300, SUCCESS, logIndex=532, commits[5d71e5de-6d45-4480-a1f1-d41cc2d38630:c532]
2019-06-13 13:50:25,933 INFO  client.GrpcClientProtocolClient (GrpcClientProtocolClient.java:onNext(254)) - client-D47EFDF0E133->5d71e5de-6d45-4480-a1f1-d41cc2d38630: receive RaftClientReply:client-D47EFDF0E133->5d71e5de-6d45-4480-a1f1-d41cc2d38630@group-C6AEA7A4B82B, cid=301, SUCCESS, logIndex=535, commits[5d71e5de-6d45-4480-a1f1-d41cc2d38630:c535]
2019-06-13 13:50:25,934 INFO  storage.RaftLogWorker (RaftLogWorker.java:rollLogSegment(303)) - 5d71e5de-6d45-4480-a1f1-d41cc2d38630-RaftLogWorker: Rolling segment log-462_536 to index:536
2019-06-13 13:50:25,934 INFO  storage.RaftLogWorker (RaftLogWorker.java:execute(433)) - 5d71e5de-6d45-4480-a1f1-d41cc2d38630-RaftLogWorker: Rolled log segment from /opt/src/hadoop-ozone/integration-test/target/test-dir/MiniOzoneClusterImpl-c05bfa39-b333-4767-bc96-5a78f3430938/datanode-0/data/ratis/3aee30eb-3db1-472a-b851-c6aea7a4b82b/current/log_inprogress_462 to /opt/src/hadoop-ozone/integration-test/target/test-dir/MiniOzoneClusterImpl-c05bfa39-b333-4767-bc96-5a78f3430938/datanode-0/data/ratis/3aee30eb-3db1-472a-b851-c6aea7a4b82b/current/log_462-536
2019-06-13 13:50:25,966 DEBUG block.SCMBlockDeletingService (SCMBlockDeletingService.java:call(138)) - Running DeletedBlockTransactionScanner
2019-06-13 13:50:25,966 DEBUG block.SCMBlockDeletingService (SCMBlockDeletingService.java:call(155)) - Scanned deleted blocks log and got 0 delTX to process.
2019-06-13 13:50:25,970 INFO  storage.RaftLogWorker (RaftLogWorker.java:execute(469)) - 5d71e5de-6d45-4480-a1f1-d41cc2d38630-RaftLogWorker: created new log segment /opt/src/hadoop-ozone/integration-test/target/test-dir/MiniOzoneClusterImpl-c05bfa39-b333-4767-bc96-5a78f3430938/datanode-0/data/ratis/3aee30eb-3db1-472a-b851-c6aea7a4b82b/current/log_inprogress_537
2019-06-13 13:50:25,973 INFO  client.GrpcClientProtocolClient (GrpcClientProtocolClient.java:onNext(254)) - client-D47EFDF0E133->5d71e5de-6d45-4480-a1f1-d41cc2d38630: receive RaftClientReply:client-D47EFDF0E133->5d71e5de-6d45-4480-a1f1-d41cc2d38630@group-C6AEA7A4B82B, cid=302, SUCCESS, logIndex=537, commits[5d71e5de-6d45-4480-a1f1-d41cc2d38630:c539]
2019-06-13 13:50:25,974 INFO  client.GrpcClientProtocolClient (GrpcClientProtocolClient.java:onNext(254)) - client-D47EFDF0E133->5d71e5de-6d45-4480-a1f1-d41cc2d38630: receive RaftClientReply:client-D47EFDF0E133->5d71e5de-6d45-4480-a1f1-d41cc2d38630@group-C6AEA7A4B82B, cid=303, SUCCESS, logIndex=538, commits[5d71e5de-6d45-4480-a1f1-d41cc2d38630:c540]
2019-06-13 13:50:25,974 INFO  client.GrpcClientProtocolClient (GrpcClientProtocolClient.java:onNext(254)) - client-D47EFDF0E133->5d71e5de-6d45-4480-a1f1-d41cc2d38630: receive RaftClientReply:client-D47EFDF0E133->5d71e5de-6d45-4480-a1f1-d41cc2d38630@group-C6AEA7A4B82B, cid=304, SUCCESS, logIndex=539, commits[5d71e5de-6d45-4480-a1f1-d41cc2d38630:c540]
2019-06-13 13:50:25,986 INFO  client.GrpcClientProtocolClient (GrpcClientProtocolClient.java:onNext(254)) - client-D47EFDF0E133->5d71e5de-6d45-4480-a1f1-d41cc2d38630: receive RaftClientReply:client-D47EFDF0E133->5d71e5de-6d45-4480-a1f1-d41cc2d38630@group-C6AEA7A4B82B, cid=305, SUCCESS, logIndex=541, commits[5d71e5de-6d45-4480-a1f1-d41cc2d38630:c541]
2019-06-13 13:50:25,988 INFO  client.GrpcClientProtocolClient (GrpcClientProtocolClient.java:onNext(254)) - client-D47EFDF0E133->5d71e5de-6d45-4480-a1f1-d41cc2d38630: receive RaftClientReply:client-D47EFDF0E133->5d71e5de-6d45-4480-a1f1-d41cc2d38630@group-C6AEA7A4B82B, cid=306, SUCCESS, logIndex=543, commits[5d71e5de-6d45-4480-a1f1-d41cc2d38630:c543]
2019-06-13 13:50:25,990 INFO  client.GrpcClientProtocolClient (GrpcClientProtocolClient.java:onNext(254)) - client-D47EFDF0E133->5d71e5de-6d45-4480-a1f1-d41cc2d38630: receive RaftClientReply:client-D47EFDF0E133->5d71e5de-6d45-4480-a1f1-d41cc2d38630@group-C6AEA7A4B82B, cid=307, SUCCESS, logIndex=544, commits[5d71e5de-6d45-4480-a1f1-d41cc2d38630:c546]
2019-06-13 13:50:25,994 INFO  client.GrpcClientProtocolClient (GrpcClientProtocolClient.java:onNext(254)) - client-D47EFDF0E133->5d71e5de-6d45-4480-a1f1-d41cc2d38630: receive RaftClientReply:client-D47EFDF0E133->5d71e5de-6d45-4480-a1f1-d41cc2d38630@group-C6AEA7A4B82B, cid=308, SUCCESS, logIndex=546, commits[5d71e5de-6d45-4480-a1f1-d41cc2d38630:c546]
2019-06-13 13:50:26,066 DEBUG block.SCMBlockDeletingService (SCMBlockDeletingService.java:call(138)) - Running DeletedBlockTransactionScanner
2019-06-13 13:50:26,067 DEBUG block.SCMBlockDeletingService (SCMBlockDeletingService.java:call(155)) - Scanned deleted blocks log and got 0 delTX to process.
2019-06-13 13:50:26,068 INFO  client.GrpcClientProtocolClient (GrpcClientProtocolClient.java:onNext(254)) - client-D47EFDF0E133->5d71e5de-6d45-4480-a1f1-d41cc2d38630: receive RaftClientReply:client-D47EFDF0E133->5d71e5de-6d45-4480-a1f1-d41cc2d38630@group-C6AEA7A4B82B, cid=309, SUCCESS, logIndex=548, commits[5d71e5de-6d45-4480-a1f1-d41cc2d38630:c548]
2019-06-13 13:50:26,069 INFO  client.GrpcClientProtocolClient (GrpcClientProtocolClient.java:onNext(254)) - client-D47EFDF0E133->5d71e5de-6d45-4480-a1f1-d41cc2d38630: receive RaftClientReply:client-D47EFDF0E133->5d71e5de-6d45-4480-a1f1-d41cc2d38630@group-C6AEA7A4B82B, cid=310, SUCCESS, logIndex=550, commits[5d71e5de-6d45-4480-a1f1-d41cc2d38630:c550]
2019-06-13 13:50:26,071 INFO  client.GrpcClientProtocolClient (GrpcClientProtocolClient.java:onNext(254)) - client-D47EFDF0E133->5d71e5de-6d45-4480-a1f1-d41cc2d38630: receive RaftClientReply:client-D47EFDF0E133->5d71e5de-6d45-4480-a1f1-d41cc2d38630@group-C6AEA7A4B82B, cid=311, SUCCESS, logIndex=551, commits[5d71e5de-6d45-4480-a1f1-d41cc2d38630:c553]
2019-06-13 13:50:26,072 INFO  client.GrpcClientProtocolClient (GrpcClientProtocolClient.java:onNext(254)) - client-D47EFDF0E133->5d71e5de-6d45-4480-a1f1-d41cc2d38630: receive RaftClientReply:client-D47EFDF0E133->5d71e5de-6d45-4480-a1f1-d41cc2d38630@group-C6AEA7A4B82B, cid=312, SUCCESS, logIndex=553, commits[5d71e5de-6d45-4480-a1f1-d41cc2d38630:c553]
2019-06-13 13:50:26,083 INFO  client.GrpcClientProtocolClient (GrpcClientProtocolClient.java:onNext(254)) - client-D47EFDF0E133->5d71e5de-6d45-4480-a1f1-d41cc2d38630: receive RaftClientReply:client-D47EFDF0E133->5d71e5de-6d45-4480-a1f1-d41cc2d38630@group-C6AEA7A4B82B, cid=313, SUCCESS, logIndex=555, commits[5d71e5de-6d45-4480-a1f1-d41cc2d38630:c555]
2019-06-13 13:50:26,084 INFO  client.GrpcClientProtocolClient (GrpcClientProtocolClient.java:onNext(254)) - client-D47EFDF0E133->5d71e5de-6d45-4480-a1f1-d41cc2d38630: receive RaftClientReply:client-D47EFDF0E133->5d71e5de-6d45-4480-a1f1-d41cc2d38630@group-C6AEA7A4B82B, cid=314, SUCCESS, logIndex=557, commits[5d71e5de-6d45-4480-a1f1-d41cc2d38630:c557]
2019-06-13 13:50:26,087 INFO  client.GrpcClientProtocolClient (GrpcClientProtocolClient.java:onNext(254)) - client-D47EFDF0E133->5d71e5de-6d45-4480-a1f1-d41cc2d38630: receive RaftClientReply:client-D47EFDF0E133->5d71e5de-6d45-4480-a1f1-d41cc2d38630@group-C6AEA7A4B82B, cid=315, SUCCESS, logIndex=559, commits[5d71e5de-6d45-4480-a1f1-d41cc2d38630:c560]
2019-06-13 13:50:26,087 INFO  client.GrpcClientProtocolClient (GrpcClientProtocolClient.java:onNext(254)) - client-D47EFDF0E133->5d71e5de-6d45-4480-a1f1-d41cc2d38630: receive RaftClientReply:client-D47EFDF0E133->5d71e5de-6d45-4480-a1f1-d41cc2d38630@group-C6AEA7A4B82B, cid=316, SUCCESS, logIndex=560, commits[5d71e5de-6d45-4480-a1f1-d41cc2d38630:c561]
2019-06-13 13:50:26,095 INFO  client.GrpcClientProtocolClient (GrpcClientProtocolClient.java:onNext(254)) - client-D47EFDF0E133->5d71e5de-6d45-4480-a1f1-d41cc2d38630: receive RaftClientReply:client-D47EFDF0E133->5d71e5de-6d45-4480-a1f1-d41cc2d38630@group-C6AEA7A4B82B, cid=317, SUCCESS, logIndex=562, commits[5d71e5de-6d45-4480-a1f1-d41cc2d38630:c562]
2019-06-13 13:50:26,098 INFO  client.GrpcClientProtocolClient (GrpcClientProtocolClient.java:onNext(254)) - client-D47EFDF0E133->5d71e5de-6d45-4480-a1f1-d41cc2d38630: receive RaftClientReply:client-D47EFDF0E133->5d71e5de-6d45-4480-a1f1-d41cc2d38630@group-C6AEA7A4B82B, cid=318, SUCCESS, logIndex=564, commits[5d71e5de-6d45-4480-a1f1-d41cc2d38630:c564]
2019-06-13 13:50:26,098 INFO  client.GrpcClientProtocolClient (GrpcClientProtocolClient.java:onNext(254)) - client-D47EFDF0E133->5d71e5de-6d45-4480-a1f1-d41cc2d38630: receive RaftClientReply:client-D47EFDF0E133->5d71e5de-6d45-4480-a1f1-d41cc2d38630@group-C6AEA7A4B82B, cid=319, SUCCESS, logIndex=565, commits[5d71e5de-6d45-4480-a1f1-d41cc2d38630:c567]
2019-06-13 13:50:26,102 INFO  client.GrpcClientProtocolClient (GrpcClientProtocolClient.java:onNext(254)) - client-D47EFDF0E133->5d71e5de-6d45-4480-a1f1-d41cc2d38630: receive RaftClientReply:client-D47EFDF0E133->5d71e5de-6d45-4480-a1f1-d41cc2d38630@group-C6AEA7A4B82B, cid=320, SUCCESS, logIndex=567, commits[5d71e5de-6d45-4480-a1f1-d41cc2d38630:c567]
2019-06-13 13:50:26,112 INFO  client.GrpcClientProtocolClient (GrpcClientProtocolClient.java:onNext(254)) - client-D47EFDF0E133->5d71e5de-6d45-4480-a1f1-d41cc2d38630: receive RaftClientReply:client-D47EFDF0E133->5d71e5de-6d45-4480-a1f1-d41cc2d38630@group-C6AEA7A4B82B, cid=321, SUCCESS, logIndex=569, commits[5d71e5de-6d45-4480-a1f1-d41cc2d38630:c569]
2019-06-13 13:50:26,114 INFO  client.GrpcClientProtocolClient (GrpcClientProtocolClient.java:onNext(254)) - client-D47EFDF0E133->5d71e5de-6d45-4480-a1f1-d41cc2d38630: receive RaftClientReply:client-D47EFDF0E133->5d71e5de-6d45-4480-a1f1-d41cc2d38630@group-C6AEA7A4B82B, cid=322, SUCCESS, logIndex=571, commits[5d71e5de-6d45-4480-a1f1-d41cc2d38630:c571]
2019-06-13 13:50:26,117 INFO  client.GrpcClientProtocolClient (GrpcClientProtocolClient.java:onNext(254)) - client-D47EFDF0E133->5d71e5de-6d45-4480-a1f1-d41cc2d38630: receive RaftClientReply:client-D47EFDF0E133->5d71e5de-6d45-4480-a1f1-d41cc2d38630@group-C6AEA7A4B82B, cid=323, SUCCESS, logIndex=573, commits[5d71e5de-6d45-4480-a1f1-d41cc2d38630:c574]
2019-06-13 13:50:26,117 INFO  client.GrpcClientProtocolClient (GrpcClientProtocolClient.java:onNext(254)) - client-D47EFDF0E133->5d71e5de-6d45-4480-a1f1-d41cc2d38630: receive RaftClientReply:client-D47EFDF0E133->5d71e5de-6d45-4480-a1f1-d41cc2d38630@group-C6AEA7A4B82B, cid=324, SUCCESS, logIndex=574, commits[5d71e5de-6d45-4480-a1f1-d41cc2d38630:c575]
2019-06-13 13:50:26,124 INFO  client.GrpcClientProtocolClient (GrpcClientProtocolClient.java:onNext(254)) - client-D47EFDF0E133->5d71e5de-6d45-4480-a1f1-d41cc2d38630: receive RaftClientReply:client-D47EFDF0E133->5d71e5de-6d45-4480-a1f1-d41cc2d38630@group-C6AEA7A4B82B, cid=325, SUCCESS, logIndex=576, commits[5d71e5de-6d45-4480-a1f1-d41cc2d38630:c576]
2019-06-13 13:50:26,126 INFO  client.GrpcClientProtocolClient (GrpcClientProtocolClient.java:onNext(254)) - client-D47EFDF0E133->5d71e5de-6d45-4480-a1f1-d41cc2d38630: receive RaftClientReply:client-D47EFDF0E133->5d71e5de-6d45-4480-a1f1-d41cc2d38630@group-C6AEA7A4B82B, cid=326, SUCCESS, logIndex=578, commits[5d71e5de-6d45-4480-a1f1-d41cc2d38630:c578]
2019-06-13 13:50:26,128 INFO  client.GrpcClientProtocolClient (GrpcClientProtocolClient.java:onNext(254)) - client-D47EFDF0E133->5d71e5de-6d45-4480-a1f1-d41cc2d38630: receive RaftClientReply:client-D47EFDF0E133->5d71e5de-6d45-4480-a1f1-d41cc2d38630@group-C6AEA7A4B82B, cid=327, SUCCESS, logIndex=579, commits[5d71e5de-6d45-4480-a1f1-d41cc2d38630:c582]
2019-06-13 13:50:26,128 INFO  client.GrpcClientProtocolClient (GrpcClientProtocolClient.java:onNext(254)) - client-D47EFDF0E133->5d71e5de-6d45-4480-a1f1-d41cc2d38630: receive RaftClientReply:client-D47EFDF0E133->5d71e5de-6d45-4480-a1f1-d41cc2d38630@group-C6AEA7A4B82B, cid=328, SUCCESS, logIndex=580, commits[5d71e5de-6d45-4480-a1f1-d41cc2d38630:c582]
2019-06-13 13:50:26,140 INFO  client.GrpcClientProtocolClient (GrpcClientProtocolClient.java:onNext(254)) - client-D47EFDF0E133->5d71e5de-6d45-4480-a1f1-d41cc2d38630: receive RaftClientReply:client-D47EFDF0E133->5d71e5de-6d45-4480-a1f1-d41cc2d38630@group-C6AEA7A4B82B, cid=329, SUCCESS, logIndex=583, commits[5d71e5de-6d45-4480-a1f1-d41cc2d38630:c583]
2019-06-13 13:50:26,143 INFO  client.GrpcClientProtocolClient (GrpcClientProtocolClient.java:onNext(254)) - client-D47EFDF0E133->5d71e5de-6d45-4480-a1f1-d41cc2d38630: receive RaftClientReply:client-D47EFDF0E133->5d71e5de-6d45-4480-a1f1-d41cc2d38630@group-C6AEA7A4B82B, cid=330, SUCCESS, logIndex=585, commits[5d71e5de-6d45-4480-a1f1-d41cc2d38630:c585]
2019-06-13 13:50:26,144 INFO  client.GrpcClientProtocolClient (GrpcClientProtocolClient.java:onNext(254)) - client-D47EFDF0E133->5d71e5de-6d45-4480-a1f1-d41cc2d38630: receive RaftClientReply:client-D47EFDF0E133->5d71e5de-6d45-4480-a1f1-d41cc2d38630@group-C6AEA7A4B82B, cid=331, SUCCESS, logIndex=586, commits[5d71e5de-6d45-4480-a1f1-d41cc2d38630:c587]
2019-06-13 13:50:26,145 INFO  client.GrpcClientProtocolClient (GrpcClientProtocolClient.java:onNext(254)) - client-D47EFDF0E133->5d71e5de-6d45-4480-a1f1-d41cc2d38630: receive RaftClientReply:client-D47EFDF0E133->5d71e5de-6d45-4480-a1f1-d41cc2d38630@group-C6AEA7A4B82B, cid=332, SUCCESS, logIndex=588, commits[5d71e5de-6d45-4480-a1f1-d41cc2d38630:c588]
2019-06-13 13:50:26,152 INFO  client.GrpcClientProtocolClient (GrpcClientProtocolClient.java:onNext(254)) - client-D47EFDF0E133->5d71e5de-6d45-4480-a1f1-d41cc2d38630: receive RaftClientReply:client-D47EFDF0E133->5d71e5de-6d45-4480-a1f1-d41cc2d38630@group-C6AEA7A4B82B, cid=333, SUCCESS, logIndex=590, commits[5d71e5de-6d45-4480-a1f1-d41cc2d38630:c590]
2019-06-13 13:50:26,154 INFO  client.GrpcClientProtocolClient (GrpcClientProtocolClient.java:onNext(254)) - client-D47EFDF0E133->5d71e5de-6d45-4480-a1f1-d41cc2d38630: receive RaftClientReply:client-D47EFDF0E133->5d71e5de-6d45-4480-a1f1-d41cc2d38630@group-C6AEA7A4B82B, cid=334, SUCCESS, logIndex=592, commits[5d71e5de-6d45-4480-a1f1-d41cc2d38630:c592]
2019-06-13 13:50:26,155 INFO  client.GrpcClientProtocolClient (GrpcClientProtocolClient.java:onNext(254)) - client-D47EFDF0E133->5d71e5de-6d45-4480-a1f1-d41cc2d38630: receive RaftClientReply:client-D47EFDF0E133->5d71e5de-6d45-4480-a1f1-d41cc2d38630@group-C6AEA7A4B82B, cid=335, SUCCESS, logIndex=593, commits[5d71e5de-6d45-4480-a1f1-d41cc2d38630:c594]
2019-06-13 13:50:26,156 INFO  client.GrpcClientProtocolClient (GrpcClientProtocolClient.java:onNext(254)) - client-D47EFDF0E133->5d71e5de-6d45-4480-a1f1-d41cc2d38630: receive RaftClientReply:client-D47EFDF0E133->5d71e5de-6d45-4480-a1f1-d41cc2d38630@group-C6AEA7A4B82B, cid=336, SUCCESS, logIndex=595, commits[5d71e5de-6d45-4480-a1f1-d41cc2d38630:c595]
2019-06-13 13:50:26,167 INFO  client.GrpcClientProtocolClient (GrpcClientProtocolClient.java:onNext(254)) - client-D47EFDF0E133->5d71e5de-6d45-4480-a1f1-d41cc2d38630: receive RaftClientReply:client-D47EFDF0E133->5d71e5de-6d45-4480-a1f1-d41cc2d38630@group-C6AEA7A4B82B, cid=337, SUCCESS, logIndex=597, commits[5d71e5de-6d45-4480-a1f1-d41cc2d38630:c597]
2019-06-13 13:50:26,167 DEBUG block.SCMBlockDeletingService (SCMBlockDeletingService.java:call(138)) - Running DeletedBlockTransactionScanner
2019-06-13 13:50:26,167 DEBUG block.SCMBlockDeletingService (SCMBlockDeletingService.java:call(155)) - Scanned deleted blocks log and got 0 delTX to process.
2019-06-13 13:50:26,170 INFO  client.GrpcClientProtocolClient (GrpcClientProtocolClient.java:onNext(254)) - client-D47EFDF0E133->5d71e5de-6d45-4480-a1f1-d41cc2d38630: receive RaftClientReply:client-D47EFDF0E133->5d71e5de-6d45-4480-a1f1-d41cc2d38630@group-C6AEA7A4B82B, cid=338, SUCCESS, logIndex=599, commits[5d71e5de-6d45-4480-a1f1-d41cc2d38630:c599]
2019-06-13 13:50:26,170 INFO  client.GrpcClientProtocolClient (GrpcClientProtocolClient.java:onNext(254)) - client-D47EFDF0E133->5d71e5de-6d45-4480-a1f1-d41cc2d38630: receive RaftClientReply:client-D47EFDF0E133->5d71e5de-6d45-4480-a1f1-d41cc2d38630@group-C6AEA7A4B82B, cid=339, SUCCESS, logIndex=600, commits[5d71e5de-6d45-4480-a1f1-d41cc2d38630:c600]
2019-06-13 13:50:26,172 INFO  client.GrpcClientProtocolClient (GrpcClientProtocolClient.java:onNext(254)) - client-D47EFDF0E133->5d71e5de-6d45-4480-a1f1-d41cc2d38630: receive RaftClientReply:client-D47EFDF0E133->5d71e5de-6d45-4480-a1f1-d41cc2d38630@group-C6AEA7A4B82B, cid=340, SUCCESS, logIndex=602, commits[5d71e5de-6d45-4480-a1f1-d41cc2d38630:c603]
2019-06-13 13:50:26,388 DEBUG block.SCMBlockDeletingService (SCMBlockDeletingService.java:call(138)) - Running DeletedBlockTransactionScanner
2019-06-13 13:50:26,388 DEBUG block.SCMBlockDeletingService (SCMBlockDeletingService.java:call(155)) - Scanned deleted blocks log and got 0 delTX to process.
2019-06-13 13:50:26,399 INFO  client.GrpcClientProtocolClient (GrpcClientProtocolClient.java:onNext(254)) - client-D47EFDF0E133->5d71e5de-6d45-4480-a1f1-d41cc2d38630: receive RaftClientReply:client-D47EFDF0E133->5d71e5de-6d45-4480-a1f1-d41cc2d38630@group-C6AEA7A4B82B, cid=341, SUCCESS, logIndex=605, commits[5d71e5de-6d45-4480-a1f1-d41cc2d38630:c605]
2019-06-13 13:50:26,400 INFO  storage.RaftLogWorker (RaftLogWorker.java:rollLogSegment(303)) - 5d71e5de-6d45-4480-a1f1-d41cc2d38630-RaftLogWorker: Rolling segment log-537_608 to index:608
2019-06-13 13:50:26,402 INFO  storage.RaftLogWorker (RaftLogWorker.java:execute(433)) - 5d71e5de-6d45-4480-a1f1-d41cc2d38630-RaftLogWorker: Rolled log segment from /opt/src/hadoop-ozone/integration-test/target/test-dir/MiniOzoneClusterImpl-c05bfa39-b333-4767-bc96-5a78f3430938/datanode-0/data/ratis/3aee30eb-3db1-472a-b851-c6aea7a4b82b/current/log_inprogress_537 to /opt/src/hadoop-ozone/integration-test/target/test-dir/MiniOzoneClusterImpl-c05bfa39-b333-4767-bc96-5a78f3430938/datanode-0/data/ratis/3aee30eb-3db1-472a-b851-c6aea7a4b82b/current/log_537-608
2019-06-13 13:50:26,407 INFO  client.GrpcClientProtocolClient (GrpcClientProtocolClient.java:onNext(254)) - client-D47EFDF0E133->5d71e5de-6d45-4480-a1f1-d41cc2d38630: receive RaftClientReply:client-D47EFDF0E133->5d71e5de-6d45-4480-a1f1-d41cc2d38630@group-C6AEA7A4B82B, cid=342, SUCCESS, logIndex=607, commits[5d71e5de-6d45-4480-a1f1-d41cc2d38630:c607]
2019-06-13 13:50:26,408 INFO  client.GrpcClientProtocolClient (GrpcClientProtocolClient.java:onNext(254)) - client-D47EFDF0E133->5d71e5de-6d45-4480-a1f1-d41cc2d38630: receive RaftClientReply:client-D47EFDF0E133->5d71e5de-6d45-4480-a1f1-d41cc2d38630@group-C6AEA7A4B82B, cid=343, SUCCESS, logIndex=608, commits[5d71e5de-6d45-4480-a1f1-d41cc2d38630:c608]
2019-06-13 13:50:26,439 INFO  storage.RaftLogWorker (RaftLogWorker.java:execute(469)) - 5d71e5de-6d45-4480-a1f1-d41cc2d38630-RaftLogWorker: created new log segment /opt/src/hadoop-ozone/integration-test/target/test-dir/MiniOzoneClusterImpl-c05bfa39-b333-4767-bc96-5a78f3430938/datanode-0/data/ratis/3aee30eb-3db1-472a-b851-c6aea7a4b82b/current/log_inprogress_609
2019-06-13 13:50:26,442 INFO  client.GrpcClientProtocolClient (GrpcClientProtocolClient.java:onNext(254)) - client-D47EFDF0E133->5d71e5de-6d45-4480-a1f1-d41cc2d38630: receive RaftClientReply:client-D47EFDF0E133->5d71e5de-6d45-4480-a1f1-d41cc2d38630@group-C6AEA7A4B82B, cid=344, SUCCESS, logIndex=609, commits[5d71e5de-6d45-4480-a1f1-d41cc2d38630:c611]
2019-06-13 13:50:26,455 INFO  client.GrpcClientProtocolClient (GrpcClientProtocolClient.java:onNext(254)) - client-D47EFDF0E133->5d71e5de-6d45-4480-a1f1-d41cc2d38630: receive RaftClientReply:client-D47EFDF0E133->5d71e5de-6d45-4480-a1f1-d41cc2d38630@group-C6AEA7A4B82B, cid=345, SUCCESS, logIndex=612, commits[5d71e5de-6d45-4480-a1f1-d41cc2d38630:c612]
2019-06-13 13:50:26,457 INFO  client.GrpcClientProtocolClient (GrpcClientProtocolClient.java:onNext(254)) - client-D47EFDF0E133->5d71e5de-6d45-4480-a1f1-d41cc2d38630: receive RaftClientReply:client-D47EFDF0E133->5d71e5de-6d45-4480-a1f1-d41cc2d38630@group-C6AEA7A4B82B, cid=346, SUCCESS, logIndex=614, commits[5d71e5de-6d45-4480-a1f1-d41cc2d38630:c614]
2019-06-13 13:50:26,460 INFO  client.GrpcClientProtocolClient (GrpcClientProtocolClient.java:onNext(254)) - client-D47EFDF0E133->5d71e5de-6d45-4480-a1f1-d41cc2d38630: receive RaftClientReply:client-D47EFDF0E133->5d71e5de-6d45-4480-a1f1-d41cc2d38630@group-C6AEA7A4B82B, cid=347, SUCCESS, logIndex=616, commits[5d71e5de-6d45-4480-a1f1-d41cc2d38630:c617]
2019-06-13 13:50:26,461 INFO  client.GrpcClientProtocolClient (GrpcClientProtocolClient.java:onNext(254)) - client-D47EFDF0E133->5d71e5de-6d45-4480-a1f1-d41cc2d38630: receive RaftClientReply:client-D47EFDF0E133->5d71e5de-6d45-4480-a1f1-d41cc2d38630@group-C6AEA7A4B82B, cid=348, SUCCESS, logIndex=617, commits[5d71e5de-6d45-4480-a1f1-d41cc2d38630:c618]
2019-06-13 13:50:26,468 INFO  client.GrpcClientProtocolClient (GrpcClientProtocolClient.java:onNext(254)) - client-D47EFDF0E133->5d71e5de-6d45-4480-a1f1-d41cc2d38630: receive RaftClientReply:client-D47EFDF0E133->5d71e5de-6d45-4480-a1f1-d41cc2d38630@group-C6AEA7A4B82B, cid=349, SUCCESS, logIndex=619, commits[5d71e5de-6d45-4480-a1f1-d41cc2d38630:c619]
2019-06-13 13:50:26,471 INFO  client.GrpcClientProtocolClient (GrpcClientProtocolClient.java:onNext(254)) - client-D47EFDF0E133->5d71e5de-6d45-4480-a1f1-d41cc2d38630: receive RaftClientReply:client-D47EFDF0E133->5d71e5de-6d45-4480-a1f1-d41cc2d38630@group-C6AEA7A4B82B, cid=350, SUCCESS, logIndex=621, commits[5d71e5de-6d45-4480-a1f1-d41cc2d38630:c621]
2019-06-13 13:50:26,472 INFO  client.GrpcClientProtocolClient (GrpcClientProtocolClient.java:onNext(254)) - client-D47EFDF0E133->5d71e5de-6d45-4480-a1f1-d41cc2d38630: receive RaftClientReply:client-D47EFDF0E133->5d71e5de-6d45-4480-a1f1-d41cc2d38630@group-C6AEA7A4B82B, cid=351, SUCCESS, logIndex=622, commits[5d71e5de-6d45-4480-a1f1-d41cc2d38630:c624]
2019-06-13 13:50:26,478 INFO  client.GrpcClientProtocolClient (GrpcClientProtocolClient.java:onNext(254)) - client-D47EFDF0E133->5d71e5de-6d45-4480-a1f1-d41cc2d38630: receive RaftClientReply:client-D47EFDF0E133->5d71e5de-6d45-4480-a1f1-d41cc2d38630@group-C6AEA7A4B82B, cid=352, SUCCESS, logIndex=623, commits[5d71e5de-6d45-4480-a1f1-d41cc2d38630:c624]
2019-06-13 13:50:26,488 DEBUG block.SCMBlockDeletingService (SCMBlockDeletingService.java:call(138)) - Running DeletedBlockTransactionScanner
2019-06-13 13:50:26,489 DEBUG block.SCMBlockDeletingService (SCMBlockDeletingService.java:call(155)) - Scanned deleted blocks log and got 0 delTX to process.
2019-06-13 13:50:26,586 INFO  client.GrpcClientProtocolClient (GrpcClientProtocolClient.java:onNext(254)) - client-D47EFDF0E133->5d71e5de-6d45-4480-a1f1-d41cc2d38630: receive RaftClientReply:client-D47EFDF0E133->5d71e5de-6d45-4480-a1f1-d41cc2d38630@group-C6AEA7A4B82B, cid=353, SUCCESS, logIndex=625, commits[5d71e5de-6d45-4480-a1f1-d41cc2d38630:c625]
2019-06-13 13:50:26,589 DEBUG block.SCMBlockDeletingService (SCMBlockDeletingService.java:call(138)) - Running DeletedBlockTransactionScanner
2019-06-13 13:50:26,589 DEBUG block.SCMBlockDeletingService (SCMBlockDeletingService.java:call(155)) - Scanned deleted blocks log and got 0 delTX to process.
2019-06-13 13:50:26,589 INFO  client.GrpcClientProtocolClient (GrpcClientProtocolClient.java:onNext(254)) - client-D47EFDF0E133->5d71e5de-6d45-4480-a1f1-d41cc2d38630: receive RaftClientReply:client-D47EFDF0E133->5d71e5de-6d45-4480-a1f1-d41cc2d38630@group-C6AEA7A4B82B, cid=354, SUCCESS, logIndex=627, commits[5d71e5de-6d45-4480-a1f1-d41cc2d38630:c627]
2019-06-13 13:50:26,590 INFO  client.GrpcClientProtocolClient (GrpcClientProtocolClient.java:onNext(254)) - client-D47EFDF0E133->5d71e5de-6d45-4480-a1f1-d41cc2d38630: receive RaftClientReply:client-D47EFDF0E133->5d71e5de-6d45-4480-a1f1-d41cc2d38630@group-C6AEA7A4B82B, cid=355, SUCCESS, logIndex=628, commits[5d71e5de-6d45-4480-a1f1-d41cc2d38630:c628]
2019-06-13 13:50:26,591 INFO  client.GrpcClientProtocolClient (GrpcClientProtocolClient.java:onNext(254)) - client-D47EFDF0E133->5d71e5de-6d45-4480-a1f1-d41cc2d38630: receive RaftClientReply:client-D47EFDF0E133->5d71e5de-6d45-4480-a1f1-d41cc2d38630@group-C6AEA7A4B82B, cid=356, SUCCESS, logIndex=631, commits[5d71e5de-6d45-4480-a1f1-d41cc2d38630:c631]
2019-06-13 13:50:26,598 INFO  client.GrpcClientProtocolClient (GrpcClientProtocolClient.java:onNext(254)) - client-D47EFDF0E133->5d71e5de-6d45-4480-a1f1-d41cc2d38630: receive RaftClientReply:client-D47EFDF0E133->5d71e5de-6d45-4480-a1f1-d41cc2d38630@group-C6AEA7A4B82B, cid=357, SUCCESS, logIndex=633, commits[5d71e5de-6d45-4480-a1f1-d41cc2d38630:c633]
2019-06-13 13:50:26,601 INFO  client.GrpcClientProtocolClient (GrpcClientProtocolClient.java:onNext(254)) - client-D47EFDF0E133->5d71e5de-6d45-4480-a1f1-d41cc2d38630: receive RaftClientReply:client-D47EFDF0E133->5d71e5de-6d45-4480-a1f1-d41cc2d38630@group-C6AEA7A4B82B, cid=358, SUCCESS, logIndex=635, commits[5d71e5de-6d45-4480-a1f1-d41cc2d38630:c635]
2019-06-13 13:50:26,602 INFO  client.GrpcClientProtocolClient (GrpcClientProtocolClient.java:onNext(254)) - client-D47EFDF0E133->5d71e5de-6d45-4480-a1f1-d41cc2d38630: receive RaftClientReply:client-D47EFDF0E133->5d71e5de-6d45-4480-a1f1-d41cc2d38630@group-C6AEA7A4B82B, cid=359, SUCCESS, logIndex=636, commits[5d71e5de-6d45-4480-a1f1-d41cc2d38630:c638]
2019-06-13 13:50:26,603 INFO  client.GrpcClientProtocolClient (GrpcClientProtocolClient.java:onNext(254)) - client-D47EFDF0E133->5d71e5de-6d45-4480-a1f1-d41cc2d38630: receive RaftClientReply:client-D47EFDF0E133->5d71e5de-6d45-4480-a1f1-d41cc2d38630@group-C6AEA7A4B82B, cid=360, SUCCESS, logIndex=638, commits[5d71e5de-6d45-4480-a1f1-d41cc2d38630:c638]
2019-06-13 13:50:26,612 INFO  client.GrpcClientProtocolClient (GrpcClientProtocolClient.java:onNext(254)) - client-D47EFDF0E133->5d71e5de-6d45-4480-a1f1-d41cc2d38630: receive RaftClientReply:client-D47EFDF0E133->5d71e5de-6d45-4480-a1f1-d41cc2d38630@group-C6AEA7A4B82B, cid=361, SUCCESS, logIndex=640, commits[5d71e5de-6d45-4480-a1f1-d41cc2d38630:c640]
2019-06-13 13:50:26,615 INFO  client.GrpcClientProtocolClient (GrpcClientProtocolClient.java:onNext(254)) - client-D47EFDF0E133->5d71e5de-6d45-4480-a1f1-d41cc2d38630: receive RaftClientReply:client-D47EFDF0E133->5d71e5de-6d45-4480-a1f1-d41cc2d38630@group-C6AEA7A4B82B, cid=362, SUCCESS, logIndex=642, commits[5d71e5de-6d45-4480-a1f1-d41cc2d38630:c642]
2019-06-13 13:50:26,616 INFO  client.GrpcClientProtocolClient (GrpcClientProtocolClient.java:onNext(254)) - client-D47EFDF0E133->5d71e5de-6d45-4480-a1f1-d41cc2d38630: receive RaftClientReply:client-D47EFDF0E133->5d71e5de-6d45-4480-a1f1-d41cc2d38630@group-C6AEA7A4B82B, cid=363, SUCCESS, logIndex=643, commits[5d71e5de-6d45-4480-a1f1-d41cc2d38630:c644]
2019-06-13 13:50:26,616 INFO  client.GrpcClientProtocolClient (GrpcClientProtocolClient.java:onNext(254)) - client-D47EFDF0E133->5d71e5de-6d45-4480-a1f1-d41cc2d38630: receive RaftClientReply:client-D47EFDF0E133->5d71e5de-6d45-4480-a1f1-d41cc2d38630@group-C6AEA7A4B82B, cid=364, SUCCESS, logIndex=645, commits[5d71e5de-6d45-4480-a1f1-d41cc2d38630:c645]
2019-06-13 13:50:26,622 INFO  client.GrpcClientProtocolClient (GrpcClientProtocolClient.java:onNext(254)) - client-D47EFDF0E133->5d71e5de-6d45-4480-a1f1-d41cc2d38630: receive RaftClientReply:client-D47EFDF0E133->5d71e5de-6d45-4480-a1f1-d41cc2d38630@group-C6AEA7A4B82B, cid=365, SUCCESS, logIndex=647, commits[5d71e5de-6d45-4480-a1f1-d41cc2d38630:c647]
2019-06-13 13:50:26,626 INFO  client.GrpcClientProtocolClient (GrpcClientProtocolClient.java:onNext(254)) - client-D47EFDF0E133->5d71e5de-6d45-4480-a1f1-d41cc2d38630: receive RaftClientReply:client-D47EFDF0E133->5d71e5de-6d45-4480-a1f1-d41cc2d38630@group-C6AEA7A4B82B, cid=366, SUCCESS, logIndex=649, commits[5d71e5de-6d45-4480-a1f1-d41cc2d38630:c649]
2019-06-13 13:50:26,626 INFO  client.GrpcClientProtocolClient (GrpcClientProtocolClient.java:onNext(254)) - client-D47EFDF0E133->5d71e5de-6d45-4480-a1f1-d41cc2d38630: receive RaftClientReply:client-D47EFDF0E133->5d71e5de-6d45-4480-a1f1-d41cc2d38630@group-C6AEA7A4B82B, cid=367, SUCCESS, logIndex=650, commits[5d71e5de-6d45-4480-a1f1-d41cc2d38630:c652]
2019-06-13 13:50:26,627 INFO  client.GrpcClientProtocolClient (GrpcClientProtocolClient.java:onNext(254)) - client-D47EFDF0E133->5d71e5de-6d45-4480-a1f1-d41cc2d38630: receive RaftClientReply:client-D47EFDF0E133->5d71e5de-6d45-4480-a1f1-d41cc2d38630@group-C6AEA7A4B82B, cid=368, SUCCESS, logIndex=652, commits[5d71e5de-6d45-4480-a1f1-d41cc2d38630:c653]
2019-06-13 13:50:26,638 INFO  client.GrpcClientProtocolClient (GrpcClientProtocolClient.java:onNext(254)) - client-D47EFDF0E133->5d71e5de-6d45-4480-a1f1-d41cc2d38630: receive RaftClientReply:client-D47EFDF0E133->5d71e5de-6d45-4480-a1f1-d41cc2d38630@group-C6AEA7A4B82B, cid=369, SUCCESS, logIndex=654, commits[5d71e5de-6d45-4480-a1f1-d41cc2d38630:c654]
2019-06-13 13:50:26,640 INFO  client.GrpcClientProtocolClient (GrpcClientProtocolClient.java:onNext(254)) - client-D47EFDF0E133->5d71e5de-6d45-4480-a1f1-d41cc2d38630: receive RaftClientReply:client-D47EFDF0E133->5d71e5de-6d45-4480-a1f1-d41cc2d38630@group-C6AEA7A4B82B, cid=370, SUCCESS, logIndex=656, commits[5d71e5de-6d45-4480-a1f1-d41cc2d38630:c656]
2019-06-13 13:50:26,641 INFO  client.GrpcClientProtocolClient (GrpcClientProtocolClient.java:onNext(254)) - client-D47EFDF0E133->5d71e5de-6d45-4480-a1f1-d41cc2d38630: receive RaftClientReply:client-D47EFDF0E133->5d71e5de-6d45-4480-a1f1-d41cc2d38630@group-C6AEA7A4B82B, cid=371, SUCCESS, logIndex=657, commits[5d71e5de-6d45-4480-a1f1-d41cc2d38630:c659]
2019-06-13 13:50:26,642 INFO  client.GrpcClientProtocolClient (GrpcClientProtocolClient.java:onNext(254)) - client-D47EFDF0E133->5d71e5de-6d45-4480-a1f1-d41cc2d38630: receive RaftClientReply:client-D47EFDF0E133->5d71e5de-6d45-4480-a1f1-d41cc2d38630@group-C6AEA7A4B82B, cid=372, SUCCESS, logIndex=659, commits[5d71e5de-6d45-4480-a1f1-d41cc2d38630:c659]
2019-06-13 13:50:26,649 INFO  client.GrpcClientProtocolClient (GrpcClientProtocolClient.java:onNext(254)) - client-D47EFDF0E133->5d71e5de-6d45-4480-a1f1-d41cc2d38630: receive RaftClientReply:client-D47EFDF0E133->5d71e5de-6d45-4480-a1f1-d41cc2d38630@group-C6AEA7A4B82B, cid=373, SUCCESS, logIndex=661, commits[5d71e5de-6d45-4480-a1f1-d41cc2d38630:c661]
2019-06-13 13:50:26,651 INFO  client.GrpcClientProtocolClient (GrpcClientProtocolClient.java:onNext(254)) - client-D47EFDF0E133->5d71e5de-6d45-4480-a1f1-d41cc2d38630: receive RaftClientReply:client-D47EFDF0E133->5d71e5de-6d45-4480-a1f1-d41cc2d38630@group-C6AEA7A4B82B, cid=374, SUCCESS, logIndex=663, commits[5d71e5de-6d45-4480-a1f1-d41cc2d38630:c663]
2019-06-13 13:50:26,652 INFO  client.GrpcClientProtocolClient (GrpcClientProtocolClient.java:onNext(254)) - client-D47EFDF0E133->5d71e5de-6d45-4480-a1f1-d41cc2d38630: receive RaftClientReply:client-D47EFDF0E133->5d71e5de-6d45-4480-a1f1-d41cc2d38630@group-C6AEA7A4B82B, cid=375, SUCCESS, logIndex=664, commits[5d71e5de-6d45-4480-a1f1-d41cc2d38630:c665]
2019-06-13 13:50:26,653 INFO  client.GrpcClientProtocolClient (GrpcClientProtocolClient.java:onNext(254)) - client-D47EFDF0E133->5d71e5de-6d45-4480-a1f1-d41cc2d38630: receive RaftClientReply:client-D47EFDF0E133->5d71e5de-6d45-4480-a1f1-d41cc2d38630@group-C6AEA7A4B82B, cid=376, SUCCESS, logIndex=665, commits[5d71e5de-6d45-4480-a1f1-d41cc2d38630:c666]
2019-06-13 13:50:26,664 INFO  client.GrpcClientProtocolClient (GrpcClientProtocolClient.java:onNext(254)) - client-D47EFDF0E133->5d71e5de-6d45-4480-a1f1-d41cc2d38630: receive RaftClientReply:client-D47EFDF0E133->5d71e5de-6d45-4480-a1f1-d41cc2d38630@group-C6AEA7A4B82B, cid=377, SUCCESS, logIndex=668, commits[5d71e5de-6d45-4480-a1f1-d41cc2d38630:c668]
2019-06-13 13:50:26,667 INFO  client.GrpcClientProtocolClient (GrpcClientProtocolClient.java:onNext(254)) - client-D47EFDF0E133->5d71e5de-6d45-4480-a1f1-d41cc2d38630: receive RaftClientReply:client-D47EFDF0E133->5d71e5de-6d45-4480-a1f1-d41cc2d38630@group-C6AEA7A4B82B, cid=378, SUCCESS, logIndex=670, commits[5d71e5de-6d45-4480-a1f1-d41cc2d38630:c670]
2019-06-13 13:50:26,669 INFO  client.GrpcClientProtocolClient (GrpcClientProtocolClient.java:onNext(254)) - client-D47EFDF0E133->5d71e5de-6d45-4480-a1f1-d41cc2d38630: receive RaftClientReply:client-D47EFDF0E133->5d71e5de-6d45-4480-a1f1-d41cc2d38630@group-C6AEA7A4B82B, cid=379, SUCCESS, logIndex=671, commits[5d71e5de-6d45-4480-a1f1-d41cc2d38630:c673]
2019-06-13 13:50:26,670 INFO  client.GrpcClientProtocolClient (GrpcClientProtocolClient.java:onNext(254)) - client-D47EFDF0E133->5d71e5de-6d45-4480-a1f1-d41cc2d38630: receive RaftClientReply:client-D47EFDF0E133->5d71e5de-6d45-4480-a1f1-d41cc2d38630@group-C6AEA7A4B82B, cid=380, SUCCESS, logIndex=673, commits[5d71e5de-6d45-4480-a1f1-d41cc2d38630:c674]
2019-06-13 13:50:26,677 INFO  client.GrpcClientProtocolClient (GrpcClientProtocolClient.java:onNext(254)) - client-D47EFDF0E133->5d71e5de-6d45-4480-a1f1-d41cc2d38630: receive RaftClientReply:client-D47EFDF0E133->5d71e5de-6d45-4480-a1f1-d41cc2d38630@group-C6AEA7A4B82B, cid=381, SUCCESS, logIndex=675, commits[5d71e5de-6d45-4480-a1f1-d41cc2d38630:c675]
2019-06-13 13:50:26,679 INFO  client.GrpcClientProtocolClient (GrpcClientProtocolClient.java:onNext(254)) - client-D47EFDF0E133->5d71e5de-6d45-4480-a1f1-d41cc2d38630: receive RaftClientReply:client-D47EFDF0E133->5d71e5de-6d45-4480-a1f1-d41cc2d38630@group-C6AEA7A4B82B, cid=382, SUCCESS, logIndex=677, commits[5d71e5de-6d45-4480-a1f1-d41cc2d38630:c677]
2019-06-13 13:50:26,682 INFO  client.GrpcClientProtocolClient (GrpcClientProtocolClient.java:onNext(254)) - client-D47EFDF0E133->5d71e5de-6d45-4480-a1f1-d41cc2d38630: receive RaftClientReply:client-D47EFDF0E133->5d71e5de-6d45-4480-a1f1-d41cc2d38630@group-C6AEA7A4B82B, cid=383, SUCCESS, logIndex=679, commits[5d71e5de-6d45-4480-a1f1-d41cc2d38630:c680]
2019-06-13 13:50:26,683 INFO  client.GrpcClientProtocolClient (GrpcClientProtocolClient.java:onNext(254)) - client-D47EFDF0E133->5d71e5de-6d45-4480-a1f1-d41cc2d38630: receive RaftClientReply:client-D47EFDF0E133->5d71e5de-6d45-4480-a1f1-d41cc2d38630@group-C6AEA7A4B82B, cid=384, SUCCESS, logIndex=680, commits[5d71e5de-6d45-4480-a1f1-d41cc2d38630:c681]
2019-06-13 13:50:26,689 DEBUG block.SCMBlockDeletingService (SCMBlockDeletingService.java:call(138)) - Running DeletedBlockTransactionScanner
2019-06-13 13:50:26,690 DEBUG block.SCMBlockDeletingService (SCMBlockDeletingService.java:call(155)) - Scanned deleted blocks log and got 0 delTX to process.
2019-06-13 13:50:26,695 INFO  client.GrpcClientProtocolClient (GrpcClientProtocolClient.java:onNext(254)) - client-D47EFDF0E133->5d71e5de-6d45-4480-a1f1-d41cc2d38630: receive RaftClientReply:client-D47EFDF0E133->5d71e5de-6d45-4480-a1f1-d41cc2d38630@group-C6AEA7A4B82B, cid=385, SUCCESS, logIndex=682, commits[5d71e5de-6d45-4480-a1f1-d41cc2d38630:c682]
2019-06-13 13:50:26,696 INFO  storage.RaftLogWorker (RaftLogWorker.java:rollLogSegment(303)) - 5d71e5de-6d45-4480-a1f1-d41cc2d38630-RaftLogWorker: Rolling segment log-609_684 to index:684
2019-06-13 13:50:26,698 INFO  storage.RaftLogWorker (RaftLogWorker.java:execute(433)) - 5d71e5de-6d45-4480-a1f1-d41cc2d38630-RaftLogWorker: Rolled log segment from /opt/src/hadoop-ozone/integration-test/target/test-dir/MiniOzoneClusterImpl-c05bfa39-b333-4767-bc96-5a78f3430938/datanode-0/data/ratis/3aee30eb-3db1-472a-b851-c6aea7a4b82b/current/log_inprogress_609 to /opt/src/hadoop-ozone/integration-test/target/test-dir/MiniOzoneClusterImpl-c05bfa39-b333-4767-bc96-5a78f3430938/datanode-0/data/ratis/3aee30eb-3db1-472a-b851-c6aea7a4b82b/current/log_609-684
2019-06-13 13:50:26,709 INFO  client.GrpcClientProtocolClient (GrpcClientProtocolClient.java:onNext(254)) - client-D47EFDF0E133->5d71e5de-6d45-4480-a1f1-d41cc2d38630: receive RaftClientReply:client-D47EFDF0E133->5d71e5de-6d45-4480-a1f1-d41cc2d38630@group-C6AEA7A4B82B, cid=386, SUCCESS, logIndex=684, commits[5d71e5de-6d45-4480-a1f1-d41cc2d38630:c684]
2019-06-13 13:50:26,735 INFO  storage.RaftLogWorker (RaftLogWorker.java:execute(469)) - 5d71e5de-6d45-4480-a1f1-d41cc2d38630-RaftLogWorker: created new log segment /opt/src/hadoop-ozone/integration-test/target/test-dir/MiniOzoneClusterImpl-c05bfa39-b333-4767-bc96-5a78f3430938/datanode-0/data/ratis/3aee30eb-3db1-472a-b851-c6aea7a4b82b/current/log_inprogress_685
2019-06-13 13:50:26,738 INFO  client.GrpcClientProtocolClient (GrpcClientProtocolClient.java:onNext(254)) - client-D47EFDF0E133->5d71e5de-6d45-4480-a1f1-d41cc2d38630: receive RaftClientReply:client-D47EFDF0E133->5d71e5de-6d45-4480-a1f1-d41cc2d38630@group-C6AEA7A4B82B, cid=387, SUCCESS, logIndex=685, commits[5d71e5de-6d45-4480-a1f1-d41cc2d38630:c687]
2019-06-13 13:50:26,738 INFO  client.GrpcClientProtocolClient (GrpcClientProtocolClient.java:onNext(254)) - client-D47EFDF0E133->5d71e5de-6d45-4480-a1f1-d41cc2d38630: receive RaftClientReply:client-D47EFDF0E133->5d71e5de-6d45-4480-a1f1-d41cc2d38630@group-C6AEA7A4B82B, cid=388, SUCCESS, logIndex=686, commits[5d71e5de-6d45-4480-a1f1-d41cc2d38630:c687]
2019-06-13 13:50:26,745 INFO  client.GrpcClientProtocolClient (GrpcClientProtocolClient.java:onNext(254)) - client-D47EFDF0E133->5d71e5de-6d45-4480-a1f1-d41cc2d38630: receive RaftClientReply:client-D47EFDF0E133->5d71e5de-6d45-4480-a1f1-d41cc2d38630@group-C6AEA7A4B82B, cid=389, SUCCESS, logIndex=688, commits[5d71e5de-6d45-4480-a1f1-d41cc2d38630:c688]
2019-06-13 13:50:26,747 INFO  client.GrpcClientProtocolClient (GrpcClientProtocolClient.java:onNext(254)) - client-D47EFDF0E133->5d71e5de-6d45-4480-a1f1-d41cc2d38630: receive RaftClientReply:client-D47EFDF0E133->5d71e5de-6d45-4480-a1f1-d41cc2d38630@group-C6AEA7A4B82B, cid=390, SUCCESS, logIndex=690, commits[5d71e5de-6d45-4480-a1f1-d41cc2d38630:c690]
2019-06-13 13:50:26,749 INFO  client.GrpcClientProtocolClient (GrpcClientProtocolClient.java:onNext(254)) - client-D47EFDF0E133->5d71e5de-6d45-4480-a1f1-d41cc2d38630: receive RaftClientReply:client-D47EFDF0E133->5d71e5de-6d45-4480-a1f1-d41cc2d38630@group-C6AEA7A4B82B, cid=391, SUCCESS, logIndex=691, commits[5d71e5de-6d45-4480-a1f1-d41cc2d38630:c693]
2019-06-13 13:50:26,749 INFO  client.GrpcClientProtocolClient (GrpcClientProtocolClient.java:onNext(254)) - client-D47EFDF0E133->5d71e5de-6d45-4480-a1f1-d41cc2d38630: receive RaftClientReply:client-D47EFDF0E133->5d71e5de-6d45-4480-a1f1-d41cc2d38630@group-C6AEA7A4B82B, cid=392, SUCCESS, logIndex=693, commits[5d71e5de-6d45-4480-a1f1-d41cc2d38630:c693]
2019-06-13 13:50:26,761 INFO  client.GrpcClientProtocolClient (GrpcClientProtocolClient.java:onNext(254)) - client-D47EFDF0E133->5d71e5de-6d45-4480-a1f1-d41cc2d38630: receive RaftClientReply:client-D47EFDF0E133->5d71e5de-6d45-4480-a1f1-d41cc2d38630@group-C6AEA7A4B82B, cid=393, SUCCESS, logIndex=695, commits[5d71e5de-6d45-4480-a1f1-d41cc2d38630:c695]
2019-06-13 13:50:26,763 INFO  client.GrpcClientProtocolClient (GrpcClientProtocolClient.java:onNext(254)) - client-D47EFDF0E133->5d71e5de-6d45-4480-a1f1-d41cc2d38630: receive RaftClientReply:client-D47EFDF0E133->5d71e5de-6d45-4480-a1f1-d41cc2d38630@group-C6AEA7A4B82B, cid=394, SUCCESS, logIndex=697, commits[5d71e5de-6d45-4480-a1f1-d41cc2d38630:c697]
2019-06-13 13:50:26,766 INFO  client.GrpcClientProtocolClient (GrpcClientProtocolClient.java:onNext(254)) - client-D47EFDF0E133->5d71e5de-6d45-4480-a1f1-d41cc2d38630: receive RaftClientReply:client-D47EFDF0E133->5d71e5de-6d45-4480-a1f1-d41cc2d38630@group-C6AEA7A4B82B, cid=395, SUCCESS, logIndex=698, commits[5d71e5de-6d45-4480-a1f1-d41cc2d38630:c699]
2019-06-13 13:50:26,766 INFO  client.GrpcClientProtocolClient (GrpcClientProtocolClient.java:onNext(254)) - client-D47EFDF0E133->5d71e5de-6d45-4480-a1f1-d41cc2d38630: receive RaftClientReply:client-D47EFDF0E133->5d71e5de-6d45-4480-a1f1-d41cc2d38630@group-C6AEA7A4B82B, cid=396, SUCCESS, logIndex=699, commits[5d71e5de-6d45-4480-a1f1-d41cc2d38630:c700]
2019-06-13 13:50:26,790 DEBUG block.SCMBlockDeletingService (SCMBlockDeletingService.java:call(138)) - Running DeletedBlockTransactionScanner
2019-06-13 13:50:26,790 DEBUG block.SCMBlockDeletingService (SCMBlockDeletingService.java:call(155)) - Scanned deleted blocks log and got 0 delTX to process.
2019-06-13 13:50:26,897 DEBUG block.SCMBlockDeletingService (SCMBlockDeletingService.java:call(138)) - Running DeletedBlockTransactionScanner
2019-06-13 13:50:26,898 DEBUG block.SCMBlockDeletingService (SCMBlockDeletingService.java:call(155)) - Scanned deleted blocks log and got 0 delTX to process.
2019-06-13 13:50:26,906 INFO  client.GrpcClientProtocolClient (GrpcClientProtocolClient.java:onNext(254)) - client-D47EFDF0E133->5d71e5de-6d45-4480-a1f1-d41cc2d38630: receive RaftClientReply:client-D47EFDF0E133->5d71e5de-6d45-4480-a1f1-d41cc2d38630@group-C6AEA7A4B82B, cid=397, SUCCESS, logIndex=702, commits[5d71e5de-6d45-4480-a1f1-d41cc2d38630:c702]
2019-06-13 13:50:26,908 INFO  client.GrpcClientProtocolClient (GrpcClientProtocolClient.java:onNext(254)) - client-D47EFDF0E133->5d71e5de-6d45-4480-a1f1-d41cc2d38630: receive RaftClientReply:client-D47EFDF0E133->5d71e5de-6d45-4480-a1f1-d41cc2d38630@group-C6AEA7A4B82B, cid=398, SUCCESS, logIndex=704, commits[5d71e5de-6d45-4480-a1f1-d41cc2d38630:c704]
2019-06-13 13:50:26,910 INFO  client.GrpcClientProtocolClient (GrpcClientProtocolClient.java:onNext(254)) - client-D47EFDF0E133->5d71e5de-6d45-4480-a1f1-d41cc2d38630: receive RaftClientReply:client-D47EFDF0E133->5d71e5de-6d45-4480-a1f1-d41cc2d38630@group-C6AEA7A4B82B, cid=399, SUCCESS, logIndex=705, commits[5d71e5de-6d45-4480-a1f1-d41cc2d38630:c707]
2019-06-13 13:50:26,910 INFO  client.GrpcClientProtocolClient (GrpcClientProtocolClient.java:onNext(254)) - client-D47EFDF0E133->5d71e5de-6d45-4480-a1f1-d41cc2d38630: receive RaftClientReply:client-D47EFDF0E133->5d71e5de-6d45-4480-a1f1-d41cc2d38630@group-C6AEA7A4B82B, cid=400, SUCCESS, logIndex=707, commits[5d71e5de-6d45-4480-a1f1-d41cc2d38630:c708]
2019-06-13 13:50:26,921 INFO  client.GrpcClientProtocolClient (GrpcClientProtocolClient.java:onNext(254)) - client-D47EFDF0E133->5d71e5de-6d45-4480-a1f1-d41cc2d38630: receive RaftClientReply:client-D47EFDF0E133->5d71e5de-6d45-4480-a1f1-d41cc2d38630@group-C6AEA7A4B82B, cid=401, SUCCESS, logIndex=709, commits[5d71e5de-6d45-4480-a1f1-d41cc2d38630:c709]
2019-06-13 13:50:26,923 INFO  client.GrpcClientProtocolClient (GrpcClientProtocolClient.java:onNext(254)) - client-D47EFDF0E133->5d71e5de-6d45-4480-a1f1-d41cc2d38630: receive RaftClientReply:client-D47EFDF0E133->5d71e5de-6d45-4480-a1f1-d41cc2d38630@group-C6AEA7A4B82B, cid=402, SUCCESS, logIndex=711, commits[5d71e5de-6d45-4480-a1f1-d41cc2d38630:c711]
2019-06-13 13:50:26,924 INFO  client.GrpcClientProtocolClient (GrpcClientProtocolClient.java:onNext(254)) - client-D47EFDF0E133->5d71e5de-6d45-4480-a1f1-d41cc2d38630: receive RaftClientReply:client-D47EFDF0E133->5d71e5de-6d45-4480-a1f1-d41cc2d38630@group-C6AEA7A4B82B, cid=403, SUCCESS, logIndex=712, commits[5d71e5de-6d45-4480-a1f1-d41cc2d38630:c714]
2019-06-13 13:50:26,926 INFO  client.GrpcClientProtocolClient (GrpcClientProtocolClient.java:onNext(254)) - client-D47EFDF0E133->5d71e5de-6d45-4480-a1f1-d41cc2d38630: receive RaftClientReply:client-D47EFDF0E133->5d71e5de-6d45-4480-a1f1-d41cc2d38630@group-C6AEA7A4B82B, cid=404, SUCCESS, logIndex=714, commits[5d71e5de-6d45-4480-a1f1-d41cc2d38630:c715]
2019-06-13 13:50:26,932 INFO  client.GrpcClientProtocolClient (GrpcClientProtocolClient.java:onNext(254)) - client-D47EFDF0E133->5d71e5de-6d45-4480-a1f1-d41cc2d38630: receive RaftClientReply:client-D47EFDF0E133->5d71e5de-6d45-4480-a1f1-d41cc2d38630@group-C6AEA7A4B82B, cid=405, SUCCESS, logIndex=716, commits[5d71e5de-6d45-4480-a1f1-d41cc2d38630:c716]
2019-06-13 13:50:26,938 INFO  client.GrpcClientProtocolClient (GrpcClientProtocolClient.java:onNext(254)) - client-D47EFDF0E133->5d71e5de-6d45-4480-a1f1-d41cc2d38630: receive RaftClientReply:client-D47EFDF0E133->5d71e5de-6d45-4480-a1f1-d41cc2d38630@group-C6AEA7A4B82B, cid=406, SUCCESS, logIndex=718, commits[5d71e5de-6d45-4480-a1f1-d41cc2d38630:c718]
2019-06-13 13:50:26,939 INFO  client.GrpcClientProtocolClient (GrpcClientProtocolClient.java:onNext(254)) - client-D47EFDF0E133->5d71e5de-6d45-4480-a1f1-d41cc2d38630: receive RaftClientReply:client-D47EFDF0E133->5d71e5de-6d45-4480-a1f1-d41cc2d38630@group-C6AEA7A4B82B, cid=407, SUCCESS, logIndex=719, commits[5d71e5de-6d45-4480-a1f1-d41cc2d38630:c721]
2019-06-13 13:50:26,939 INFO  client.GrpcClientProtocolClient (GrpcClientProtocolClient.java:onNext(254)) - client-D47EFDF0E133->5d71e5de-6d45-4480-a1f1-d41cc2d38630: receive RaftClientReply:client-D47EFDF0E133->5d71e5de-6d45-4480-a1f1-d41cc2d38630@group-C6AEA7A4B82B, cid=408, SUCCESS, logIndex=721, commits[5d71e5de-6d45-4480-a1f1-d41cc2d38630:c722]
2019-06-13 13:50:26,954 INFO  client.GrpcClientProtocolClient (GrpcClientProtocolClient.java:onNext(254)) - client-D47EFDF0E133->5d71e5de-6d45-4480-a1f1-d41cc2d38630: receive RaftClientReply:client-D47EFDF0E133->5d71e5de-6d45-4480-a1f1-d41cc2d38630@group-C6AEA7A4B82B, cid=409, SUCCESS, logIndex=723, commits[5d71e5de-6d45-4480-a1f1-d41cc2d38630:c723]
2019-06-13 13:50:26,963 INFO  client.GrpcClientProtocolClient (GrpcClientProtocolClient.java:onNext(254)) - client-D47EFDF0E133->5d71e5de-6d45-4480-a1f1-d41cc2d38630: receive RaftClientReply:client-D47EFDF0E133->5d71e5de-6d45-4480-a1f1-d41cc2d38630@group-C6AEA7A4B82B, cid=410, SUCCESS, logIndex=725, commits[5d71e5de-6d45-4480-a1f1-d41cc2d38630:c725]
2019-06-13 13:50:26,963 INFO  client.GrpcClientProtocolClient (GrpcClientProtocolClient.java:onNext(254)) - client-D47EFDF0E133->5d71e5de-6d45-4480-a1f1-d41cc2d38630: receive RaftClientReply:client-D47EFDF0E133->5d71e5de-6d45-4480-a1f1-d41cc2d38630@group-C6AEA7A4B82B, cid=411, SUCCESS, logIndex=726, commits[5d71e5de-6d45-4480-a1f1-d41cc2d38630:c727]
2019-06-13 13:50:26,964 INFO  client.GrpcClientProtocolClient (GrpcClientProtocolClient.java:onNext(254)) - client-D47EFDF0E133->5d71e5de-6d45-4480-a1f1-d41cc2d38630: receive RaftClientReply:client-D47EFDF0E133->5d71e5de-6d45-4480-a1f1-d41cc2d38630@group-C6AEA7A4B82B, cid=412, SUCCESS, logIndex=728, commits[5d71e5de-6d45-4480-a1f1-d41cc2d38630:c728]
2019-06-13 13:50:26,976 INFO  client.GrpcClientProtocolClient (GrpcClientProtocolClient.java:onNext(254)) - client-D47EFDF0E133->5d71e5de-6d45-4480-a1f1-d41cc2d38630: receive RaftClientReply:client-D47EFDF0E133->5d71e5de-6d45-4480-a1f1-d41cc2d38630@group-C6AEA7A4B82B, cid=413, SUCCESS, logIndex=730, commits[5d71e5de-6d45-4480-a1f1-d41cc2d38630:c730]
2019-06-13 13:50:26,981 INFO  client.GrpcClientProtocolClient (GrpcClientProtocolClient.java:onNext(254)) - client-D47EFDF0E133->5d71e5de-6d45-4480-a1f1-d41cc2d38630: receive RaftClientReply:client-D47EFDF0E133->5d71e5de-6d45-4480-a1f1-d41cc2d38630@group-C6AEA7A4B82B, cid=414, SUCCESS, logIndex=732, commits[5d71e5de-6d45-4480-a1f1-d41cc2d38630:c732]
2019-06-13 13:50:26,982 INFO  client.GrpcClientProtocolClient (GrpcClientProtocolClient.java:onNext(254)) - client-D47EFDF0E133->5d71e5de-6d45-4480-a1f1-d41cc2d38630: receive RaftClientReply:client-D47EFDF0E133->5d71e5de-6d45-4480-a1f1-d41cc2d38630@group-C6AEA7A4B82B, cid=415, SUCCESS, logIndex=733, commits[5d71e5de-6d45-4480-a1f1-d41cc2d38630:c735]
2019-06-13 13:50:26,982 INFO  client.GrpcClientProtocolClient (GrpcClientProtocolClient.java:onNext(254)) - client-D47EFDF0E133->5d71e5de-6d45-4480-a1f1-d41cc2d38630: receive RaftClientReply:client-D47EFDF0E133->5d71e5de-6d45-4480-a1f1-d41cc2d38630@group-C6AEA7A4B82B, cid=416, SUCCESS, logIndex=734, commits[5d71e5de-6d45-4480-a1f1-d41cc2d38630:c735]
2019-06-13 13:50:26,997 INFO  client.GrpcClientProtocolClient (GrpcClientProtocolClient.java:onNext(254)) - client-D47EFDF0E133->5d71e5de-6d45-4480-a1f1-d41cc2d38630: receive RaftClientReply:client-D47EFDF0E133->5d71e5de-6d45-4480-a1f1-d41cc2d38630@group-C6AEA7A4B82B, cid=417, SUCCESS, logIndex=736, commits[5d71e5de-6d45-4480-a1f1-d41cc2d38630:c737]
2019-06-13 13:50:26,998 DEBUG block.SCMBlockDeletingService (SCMBlockDeletingService.java:call(138)) - Running DeletedBlockTransactionScanner
2019-06-13 13:50:26,998 DEBUG block.SCMBlockDeletingService (SCMBlockDeletingService.java:call(155)) - Scanned deleted blocks log and got 0 delTX to process.
2019-06-13 13:50:27,002 INFO  client.GrpcClientProtocolClient (GrpcClientProtocolClient.java:onNext(254)) - client-D47EFDF0E133->5d71e5de-6d45-4480-a1f1-d41cc2d38630: receive RaftClientReply:client-D47EFDF0E133->5d71e5de-6d45-4480-a1f1-d41cc2d38630@group-C6AEA7A4B82B, cid=418, SUCCESS, logIndex=738, commits[5d71e5de-6d45-4480-a1f1-d41cc2d38630:c738]
2019-06-13 13:50:27,003 INFO  client.GrpcClientProtocolClient (GrpcClientProtocolClient.java:onNext(254)) - client-D47EFDF0E133->5d71e5de-6d45-4480-a1f1-d41cc2d38630: receive RaftClientReply:client-D47EFDF0E133->5d71e5de-6d45-4480-a1f1-d41cc2d38630@group-C6AEA7A4B82B, cid=419, SUCCESS, logIndex=739, commits[5d71e5de-6d45-4480-a1f1-d41cc2d38630:c741]
2019-06-13 13:50:27,003 INFO  client.GrpcClientProtocolClient (GrpcClientProtocolClient.java:onNext(254)) - client-D47EFDF0E133->5d71e5de-6d45-4480-a1f1-d41cc2d38630: receive RaftClientReply:client-D47EFDF0E133->5d71e5de-6d45-4480-a1f1-d41cc2d38630@group-C6AEA7A4B82B, cid=420, SUCCESS, logIndex=741, commits[5d71e5de-6d45-4480-a1f1-d41cc2d38630:c742]
2019-06-13 13:50:27,011 INFO  client.GrpcClientProtocolClient (GrpcClientProtocolClient.java:onNext(254)) - client-D47EFDF0E133->5d71e5de-6d45-4480-a1f1-d41cc2d38630: receive RaftClientReply:client-D47EFDF0E133->5d71e5de-6d45-4480-a1f1-d41cc2d38630@group-C6AEA7A4B82B, cid=421, SUCCESS, logIndex=743, commits[5d71e5de-6d45-4480-a1f1-d41cc2d38630:c743]
2019-06-13 13:50:27,015 INFO  client.GrpcClientProtocolClient (GrpcClientProtocolClient.java:onNext(254)) - client-D47EFDF0E133->5d71e5de-6d45-4480-a1f1-d41cc2d38630: receive RaftClientReply:client-D47EFDF0E133->5d71e5de-6d45-4480-a1f1-d41cc2d38630@group-C6AEA7A4B82B, cid=422, SUCCESS, logIndex=745, commits[5d71e5de-6d45-4480-a1f1-d41cc2d38630:c747]
2019-06-13 13:50:27,020 INFO  client.GrpcClientProtocolClient (GrpcClientProtocolClient.java:onNext(254)) - client-D47EFDF0E133->5d71e5de-6d45-4480-a1f1-d41cc2d38630: receive RaftClientReply:client-D47EFDF0E133->5d71e5de-6d45-4480-a1f1-d41cc2d38630@group-C6AEA7A4B82B, cid=423, SUCCESS, logIndex=746, commits[5d71e5de-6d45-4480-a1f1-d41cc2d38630:c747]
2019-06-13 13:50:27,020 INFO  client.GrpcClientProtocolClient (GrpcClientProtocolClient.java:onNext(254)) - client-D47EFDF0E133->5d71e5de-6d45-4480-a1f1-d41cc2d38630: receive RaftClientReply:client-D47EFDF0E133->5d71e5de-6d45-4480-a1f1-d41cc2d38630@group-C6AEA7A4B82B, cid=424, SUCCESS, logIndex=747, commits[5d71e5de-6d45-4480-a1f1-d41cc2d38630:c748]
2019-06-13 13:50:27,036 INFO  client.GrpcClientProtocolClient (GrpcClientProtocolClient.java:onNext(254)) - client-D47EFDF0E133->5d71e5de-6d45-4480-a1f1-d41cc2d38630: receive RaftClientReply:client-D47EFDF0E133->5d71e5de-6d45-4480-a1f1-d41cc2d38630@group-C6AEA7A4B82B, cid=425, SUCCESS, logIndex=749, commits[5d71e5de-6d45-4480-a1f1-d41cc2d38630:c749]
2019-06-13 13:50:27,042 INFO  client.GrpcClientProtocolClient (GrpcClientProtocolClient.java:onNext(254)) - client-D47EFDF0E133->5d71e5de-6d45-4480-a1f1-d41cc2d38630: receive RaftClientReply:client-D47EFDF0E133->5d71e5de-6d45-4480-a1f1-d41cc2d38630@group-C6AEA7A4B82B, cid=426, SUCCESS, logIndex=751, commits[5d71e5de-6d45-4480-a1f1-d41cc2d38630:c751]
2019-06-13 13:50:27,045 INFO  client.GrpcClientProtocolClient (GrpcClientProtocolClient.java:onNext(254)) - client-D47EFDF0E133->5d71e5de-6d45-4480-a1f1-d41cc2d38630: receive RaftClientReply:client-D47EFDF0E133->5d71e5de-6d45-4480-a1f1-d41cc2d38630@group-C6AEA7A4B82B, cid=427, SUCCESS, logIndex=752, commits[5d71e5de-6d45-4480-a1f1-d41cc2d38630:c753]
2019-06-13 13:50:27,045 INFO  client.GrpcClientProtocolClient (GrpcClientProtocolClient.java:onNext(254)) - client-D47EFDF0E133->5d71e5de-6d45-4480-a1f1-d41cc2d38630: receive RaftClientReply:client-D47EFDF0E133->5d71e5de-6d45-4480-a1f1-d41cc2d38630@group-C6AEA7A4B82B, cid=428, SUCCESS, logIndex=754, commits[5d71e5de-6d45-4480-a1f1-d41cc2d38630:c754]
2019-06-13 13:50:27,051 INFO  client.GrpcClientProtocolClient (GrpcClientProtocolClient.java:onNext(254)) - client-D47EFDF0E133->5d71e5de-6d45-4480-a1f1-d41cc2d38630: receive RaftClientReply:client-D47EFDF0E133->5d71e5de-6d45-4480-a1f1-d41cc2d38630@group-C6AEA7A4B82B, cid=429, SUCCESS, logIndex=756, commits[5d71e5de-6d45-4480-a1f1-d41cc2d38630:c756]
2019-06-13 13:50:27,051 INFO  storage.RaftLogWorker (RaftLogWorker.java:rollLogSegment(303)) - 5d71e5de-6d45-4480-a1f1-d41cc2d38630-RaftLogWorker: Rolling segment log-685_757 to index:757
2019-06-13 13:50:27,052 INFO  storage.RaftLogWorker (RaftLogWorker.java:execute(433)) - 5d71e5de-6d45-4480-a1f1-d41cc2d38630-RaftLogWorker: Rolled log segment from /opt/src/hadoop-ozone/integration-test/target/test-dir/MiniOzoneClusterImpl-c05bfa39-b333-4767-bc96-5a78f3430938/datanode-0/data/ratis/3aee30eb-3db1-472a-b851-c6aea7a4b82b/current/log_inprogress_685 to /opt/src/hadoop-ozone/integration-test/target/test-dir/MiniOzoneClusterImpl-c05bfa39-b333-4767-bc96-5a78f3430938/datanode-0/data/ratis/3aee30eb-3db1-472a-b851-c6aea7a4b82b/current/log_685-757
2019-06-13 13:50:27,097 INFO  storage.RaftLogWorker (RaftLogWorker.java:execute(469)) - 5d71e5de-6d45-4480-a1f1-d41cc2d38630-RaftLogWorker: created new log segment /opt/src/hadoop-ozone/integration-test/target/test-dir/MiniOzoneClusterImpl-c05bfa39-b333-4767-bc96-5a78f3430938/datanode-0/data/ratis/3aee30eb-3db1-472a-b851-c6aea7a4b82b/current/log_inprogress_758
2019-06-13 13:50:27,098 DEBUG block.SCMBlockDeletingService (SCMBlockDeletingService.java:call(138)) - Running DeletedBlockTransactionScanner
2019-06-13 13:50:27,099 DEBUG block.SCMBlockDeletingService (SCMBlockDeletingService.java:call(155)) - Scanned deleted blocks log and got 0 delTX to process.
2019-06-13 13:50:27,100 INFO  client.GrpcClientProtocolClient (GrpcClientProtocolClient.java:onNext(254)) - client-D47EFDF0E133->5d71e5de-6d45-4480-a1f1-d41cc2d38630: receive RaftClientReply:client-D47EFDF0E133->5d71e5de-6d45-4480-a1f1-d41cc2d38630@group-C6AEA7A4B82B, cid=430, SUCCESS, logIndex=758, commits[5d71e5de-6d45-4480-a1f1-d41cc2d38630:c760]
2019-06-13 13:50:27,101 INFO  client.GrpcClientProtocolClient (GrpcClientProtocolClient.java:onNext(254)) - client-D47EFDF0E133->5d71e5de-6d45-4480-a1f1-d41cc2d38630: receive RaftClientReply:client-D47EFDF0E133->5d71e5de-6d45-4480-a1f1-d41cc2d38630@group-C6AEA7A4B82B, cid=431, SUCCESS, logIndex=759, commits[5d71e5de-6d45-4480-a1f1-d41cc2d38630:c761]
2019-06-13 13:50:27,102 INFO  client.GrpcClientProtocolClient (GrpcClientProtocolClient.java:onNext(254)) - client-D47EFDF0E133->5d71e5de-6d45-4480-a1f1-d41cc2d38630: receive RaftClientReply:client-D47EFDF0E133->5d71e5de-6d45-4480-a1f1-d41cc2d38630@group-C6AEA7A4B82B, cid=432, SUCCESS, logIndex=760, commits[5d71e5de-6d45-4480-a1f1-d41cc2d38630:c761]
2019-06-13 13:50:27,113 INFO  client.GrpcClientProtocolClient (GrpcClientProtocolClient.java:onNext(254)) - client-D47EFDF0E133->5d71e5de-6d45-4480-a1f1-d41cc2d38630: receive RaftClientReply:client-D47EFDF0E133->5d71e5de-6d45-4480-a1f1-d41cc2d38630@group-C6AEA7A4B82B, cid=433, SUCCESS, logIndex=762, commits[5d71e5de-6d45-4480-a1f1-d41cc2d38630:c762]
2019-06-13 13:50:27,115 INFO  client.GrpcClientProtocolClient (GrpcClientProtocolClient.java:onNext(254)) - client-D47EFDF0E133->5d71e5de-6d45-4480-a1f1-d41cc2d38630: receive RaftClientReply:client-D47EFDF0E133->5d71e5de-6d45-4480-a1f1-d41cc2d38630@group-C6AEA7A4B82B, cid=434, SUCCESS, logIndex=764, commits[5d71e5de-6d45-4480-a1f1-d41cc2d38630:c764]
2019-06-13 13:50:27,116 INFO  client.GrpcClientProtocolClient (GrpcClientProtocolClient.java:onNext(254)) - client-D47EFDF0E133->5d71e5de-6d45-4480-a1f1-d41cc2d38630: receive RaftClientReply:client-D47EFDF0E133->5d71e5de-6d45-4480-a1f1-d41cc2d38630@group-C6AEA7A4B82B, cid=435, SUCCESS, logIndex=765, commits[5d71e5de-6d45-4480-a1f1-d41cc2d38630:c767]
2019-06-13 13:50:27,117 INFO  client.GrpcClientProtocolClient (GrpcClientProtocolClient.java:onNext(254)) - client-D47EFDF0E133->5d71e5de-6d45-4480-a1f1-d41cc2d38630: receive RaftClientReply:client-D47EFDF0E133->5d71e5de-6d45-4480-a1f1-d41cc2d38630@group-C6AEA7A4B82B, cid=436, SUCCESS, logIndex=766, commits[5d71e5de-6d45-4480-a1f1-d41cc2d38630:c767]
2019-06-13 13:50:27,125 INFO  client.GrpcClientProtocolClient (GrpcClientProtocolClient.java:onNext(254)) - client-D47EFDF0E133->5d71e5de-6d45-4480-a1f1-d41cc2d38630: receive RaftClientReply:client-D47EFDF0E133->5d71e5de-6d45-4480-a1f1-d41cc2d38630@group-C6AEA7A4B82B, cid=437, SUCCESS, logIndex=768, commits[5d71e5de-6d45-4480-a1f1-d41cc2d38630:c768]
2019-06-13 13:50:27,127 INFO  client.GrpcClientProtocolClient (GrpcClientProtocolClient.java:onNext(254)) - client-D47EFDF0E133->5d71e5de-6d45-4480-a1f1-d41cc2d38630: receive RaftClientReply:client-D47EFDF0E133->5d71e5de-6d45-4480-a1f1-d41cc2d38630@group-C6AEA7A4B82B, cid=438, SUCCESS, logIndex=770, commits[5d71e5de-6d45-4480-a1f1-d41cc2d38630:c770]
2019-06-13 13:50:27,128 INFO  client.GrpcClientProtocolClient (GrpcClientProtocolClient.java:onNext(254)) - client-D47EFDF0E133->5d71e5de-6d45-4480-a1f1-d41cc2d38630: receive RaftClientReply:client-D47EFDF0E133->5d71e5de-6d45-4480-a1f1-d41cc2d38630@group-C6AEA7A4B82B, cid=439, SUCCESS, logIndex=771, commits[5d71e5de-6d45-4480-a1f1-d41cc2d38630:c773]
2019-06-13 13:50:27,128 INFO  client.GrpcClientProtocolClient (GrpcClientProtocolClient.java:onNext(254)) - client-D47EFDF0E133->5d71e5de-6d45-4480-a1f1-d41cc2d38630: receive RaftClientReply:client-D47EFDF0E133->5d71e5de-6d45-4480-a1f1-d41cc2d38630@group-C6AEA7A4B82B, cid=440, SUCCESS, logIndex=773, commits[5d71e5de-6d45-4480-a1f1-d41cc2d38630:c773]
2019-06-13 13:50:27,138 INFO  client.GrpcClientProtocolClient (GrpcClientProtocolClient.java:onNext(254)) - client-D47EFDF0E133->5d71e5de-6d45-4480-a1f1-d41cc2d38630: receive RaftClientReply:client-D47EFDF0E133->5d71e5de-6d45-4480-a1f1-d41cc2d38630@group-C6AEA7A4B82B, cid=441, SUCCESS, logIndex=775, commits[5d71e5de-6d45-4480-a1f1-d41cc2d38630:c775]
2019-06-13 13:50:27,142 INFO  client.GrpcClientProtocolClient (GrpcClientProtocolClient.java:onNext(254)) - client-D47EFDF0E133->5d71e5de-6d45-4480-a1f1-d41cc2d38630: receive RaftClientReply:client-D47EFDF0E133->5d71e5de-6d45-4480-a1f1-d41cc2d38630@group-C6AEA7A4B82B, cid=442, SUCCESS, logIndex=777, commits[5d71e5de-6d45-4480-a1f1-d41cc2d38630:c778]
2019-06-13 13:50:27,200 DEBUG block.SCMBlockDeletingService (SCMBlockDeletingService.java:call(138)) - Running DeletedBlockTransactionScanner
2019-06-13 13:50:27,200 DEBUG block.SCMBlockDeletingService (SCMBlockDeletingService.java:call(155)) - Scanned deleted blocks log and got 0 delTX to process.
2019-06-13 13:50:27,212 INFO  client.GrpcClientProtocolClient (GrpcClientProtocolClient.java:onNext(254)) - client-D47EFDF0E133->5d71e5de-6d45-4480-a1f1-d41cc2d38630: receive RaftClientReply:client-D47EFDF0E133->5d71e5de-6d45-4480-a1f1-d41cc2d38630@group-C6AEA7A4B82B, cid=443, SUCCESS, logIndex=779, commits[5d71e5de-6d45-4480-a1f1-d41cc2d38630:c779]
2019-06-13 13:50:27,214 INFO  client.GrpcClientProtocolClient (GrpcClientProtocolClient.java:onNext(254)) - client-D47EFDF0E133->5d71e5de-6d45-4480-a1f1-d41cc2d38630: receive RaftClientReply:client-D47EFDF0E133->5d71e5de-6d45-4480-a1f1-d41cc2d38630@group-C6AEA7A4B82B, cid=444, SUCCESS, logIndex=781, commits[5d71e5de-6d45-4480-a1f1-d41cc2d38630:c781]
2019-06-13 13:50:27,220 INFO  client.GrpcClientProtocolClient (GrpcClientProtocolClient.java:onNext(254)) - client-D47EFDF0E133->5d71e5de-6d45-4480-a1f1-d41cc2d38630: receive RaftClientReply:client-D47EFDF0E133->5d71e5de-6d45-4480-a1f1-d41cc2d38630@group-C6AEA7A4B82B, cid=445, SUCCESS, logIndex=783, commits[5d71e5de-6d45-4480-a1f1-d41cc2d38630:c783]
2019-06-13 13:50:27,222 INFO  client.GrpcClientProtocolClient (GrpcClientProtocolClient.java:onNext(254)) - client-D47EFDF0E133->5d71e5de-6d45-4480-a1f1-d41cc2d38630: receive RaftClientReply:client-D47EFDF0E133->5d71e5de-6d45-4480-a1f1-d41cc2d38630@group-C6AEA7A4B82B, cid=446, SUCCESS, logIndex=785, commits[5d71e5de-6d45-4480-a1f1-d41cc2d38630:c785]
2019-06-13 13:50:27,223 INFO  client.GrpcClientProtocolClient (GrpcClientProtocolClient.java:onNext(254)) - client-D47EFDF0E133->5d71e5de-6d45-4480-a1f1-d41cc2d38630: receive RaftClientReply:client-D47EFDF0E133->5d71e5de-6d45-4480-a1f1-d41cc2d38630@group-C6AEA7A4B82B, cid=447, SUCCESS, logIndex=786, commits[5d71e5de-6d45-4480-a1f1-d41cc2d38630:c787]
2019-06-13 13:50:27,225 INFO  client.GrpcClientProtocolClient (GrpcClientProtocolClient.java:onNext(254)) - client-D47EFDF0E133->5d71e5de-6d45-4480-a1f1-d41cc2d38630: receive RaftClientReply:client-D47EFDF0E133->5d71e5de-6d45-4480-a1f1-d41cc2d38630@group-C6AEA7A4B82B, cid=448, SUCCESS, logIndex=788, commits[5d71e5de-6d45-4480-a1f1-d41cc2d38630:c788]
2019-06-13 13:50:27,236 INFO  client.GrpcClientProtocolClient (GrpcClientProtocolClient.java:onNext(254)) - client-D47EFDF0E133->5d71e5de-6d45-4480-a1f1-d41cc2d38630: receive RaftClientReply:client-D47EFDF0E133->5d71e5de-6d45-4480-a1f1-d41cc2d38630@group-C6AEA7A4B82B, cid=449, SUCCESS, logIndex=790, commits[5d71e5de-6d45-4480-a1f1-d41cc2d38630:c790]
2019-06-13 13:50:27,237 INFO  client.GrpcClientProtocolClient (GrpcClientProtocolClient.java:onNext(254)) - client-D47EFDF0E133->5d71e5de-6d45-4480-a1f1-d41cc2d38630: receive RaftClientReply:client-D47EFDF0E133->5d71e5de-6d45-4480-a1f1-d41cc2d38630@group-C6AEA7A4B82B, cid=450, SUCCESS, logIndex=792, commits[5d71e5de-6d45-4480-a1f1-d41cc2d38630:c792]
2019-06-13 13:50:27,240 INFO  client.GrpcClientProtocolClient (GrpcClientProtocolClient.java:onNext(254)) - client-D47EFDF0E133->5d71e5de-6d45-4480-a1f1-d41cc2d38630: receive RaftClientReply:client-D47EFDF0E133->5d71e5de-6d45-4480-a1f1-d41cc2d38630@group-C6AEA7A4B82B, cid=451, SUCCESS, logIndex=794, commits[5d71e5de-6d45-4480-a1f1-d41cc2d38630:c795]
2019-06-13 13:50:27,241 INFO  client.GrpcClientProtocolClient (GrpcClientProtocolClient.java:onNext(254)) - client-D47EFDF0E133->5d71e5de-6d45-4480-a1f1-d41cc2d38630: receive RaftClientReply:client-D47EFDF0E133->5d71e5de-6d45-4480-a1f1-d41cc2d38630@group-C6AEA7A4B82B, cid=452, SUCCESS, logIndex=795, commits[5d71e5de-6d45-4480-a1f1-d41cc2d38630:c795]
2019-06-13 13:50:27,249 INFO  client.GrpcClientProtocolClient (GrpcClientProtocolClient.java:onNext(254)) - client-D47EFDF0E133->5d71e5de-6d45-4480-a1f1-d41cc2d38630: receive RaftClientReply:client-D47EFDF0E133->5d71e5de-6d45-4480-a1f1-d41cc2d38630@group-C6AEA7A4B82B, cid=453, SUCCESS, logIndex=797, commits[5d71e5de-6d45-4480-a1f1-d41cc2d38630:c797]
2019-06-13 13:50:27,252 INFO  client.GrpcClientProtocolClient (GrpcClientProtocolClient.java:onNext(254)) - client-D47EFDF0E133->5d71e5de-6d45-4480-a1f1-d41cc2d38630: receive RaftClientReply:client-D47EFDF0E133->5d71e5de-6d45-4480-a1f1-d41cc2d38630@group-C6AEA7A4B82B, cid=454, SUCCESS, logIndex=799, commits[5d71e5de-6d45-4480-a1f1-d41cc2d38630:c799]
2019-06-13 13:50:27,256 INFO  client.GrpcClientProtocolClient (GrpcClientProtocolClient.java:onNext(254)) - client-D47EFDF0E133->5d71e5de-6d45-4480-a1f1-d41cc2d38630: receive RaftClientReply:client-D47EFDF0E133->5d71e5de-6d45-4480-a1f1-d41cc2d38630@group-C6AEA7A4B82B, cid=455, SUCCESS, logIndex=801, commits[5d71e5de-6d45-4480-a1f1-d41cc2d38630:c801]
2019-06-13 13:50:27,262 INFO  client.GrpcClientProtocolClient (GrpcClientProtocolClient.java:onNext(254)) - client-D47EFDF0E133->5d71e5de-6d45-4480-a1f1-d41cc2d38630: receive RaftClientReply:client-D47EFDF0E133->5d71e5de-6d45-4480-a1f1-d41cc2d38630@group-C6AEA7A4B82B, cid=456, SUCCESS, logIndex=802, commits[5d71e5de-6d45-4480-a1f1-d41cc2d38630:c803]
2019-06-13 13:50:27,273 INFO  client.GrpcClientProtocolClient (GrpcClientProtocolClient.java:onNext(254)) - client-D47EFDF0E133->5d71e5de-6d45-4480-a1f1-d41cc2d38630: receive RaftClientReply:client-D47EFDF0E133->5d71e5de-6d45-4480-a1f1-d41cc2d38630@group-C6AEA7A4B82B, cid=457, SUCCESS, logIndex=805, commits[5d71e5de-6d45-4480-a1f1-d41cc2d38630:c805]
2019-06-13 13:50:27,274 INFO  client.GrpcClientProtocolClient (GrpcClientProtocolClient.java:onNext(254)) - client-D47EFDF0E133->5d71e5de-6d45-4480-a1f1-d41cc2d38630: receive RaftClientReply:client-D47EFDF0E133->5d71e5de-6d45-4480-a1f1-d41cc2d38630@group-C6AEA7A4B82B, cid=458, SUCCESS, logIndex=807, commits[5d71e5de-6d45-4480-a1f1-d41cc2d38630:c807]
2019-06-13 13:50:27,277 INFO  client.GrpcClientProtocolClient (GrpcClientProtocolClient.java:onNext(254)) - client-D47EFDF0E133->5d71e5de-6d45-4480-a1f1-d41cc2d38630: receive RaftClientReply:client-D47EFDF0E133->5d71e5de-6d45-4480-a1f1-d41cc2d38630@group-C6AEA7A4B82B, cid=459, SUCCESS, logIndex=809, commits[5d71e5de-6d45-4480-a1f1-d41cc2d38630:c809]
2019-06-13 13:50:27,278 INFO  client.GrpcClientProtocolClient (GrpcClientProtocolClient.java:onNext(254)) - client-D47EFDF0E133->5d71e5de-6d45-4480-a1f1-d41cc2d38630: receive RaftClientReply:client-D47EFDF0E133->5d71e5de-6d45-4480-a1f1-d41cc2d38630@group-C6AEA7A4B82B, cid=460, SUCCESS, logIndex=810, commits[5d71e5de-6d45-4480-a1f1-d41cc2d38630:c810]
2019-06-13 13:50:27,284 INFO  client.GrpcClientProtocolClient (GrpcClientProtocolClient.java:onNext(254)) - client-D47EFDF0E133->5d71e5de-6d45-4480-a1f1-d41cc2d38630: receive RaftClientReply:client-D47EFDF0E133->5d71e5de-6d45-4480-a1f1-d41cc2d38630@group-C6AEA7A4B82B, cid=461, SUCCESS, logIndex=813, commits[5d71e5de-6d45-4480-a1f1-d41cc2d38630:c813]
2019-06-13 13:50:27,285 INFO  client.GrpcClientProtocolClient (GrpcClientProtocolClient.java:onNext(254)) - client-D47EFDF0E133->5d71e5de-6d45-4480-a1f1-d41cc2d38630: receive RaftClientReply:client-D47EFDF0E133->5d71e5de-6d45-4480-a1f1-d41cc2d38630@group-C6AEA7A4B82B, cid=462, SUCCESS, logIndex=815, commits[5d71e5de-6d45-4480-a1f1-d41cc2d38630:c815]
2019-06-13 13:50:27,287 INFO  client.GrpcClientProtocolClient (GrpcClientProtocolClient.java:onNext(254)) - client-D47EFDF0E133->5d71e5de-6d45-4480-a1f1-d41cc2d38630: receive RaftClientReply:client-D47EFDF0E133->5d71e5de-6d45-4480-a1f1-d41cc2d38630@group-C6AEA7A4B82B, cid=463, SUCCESS, logIndex=816, commits[5d71e5de-6d45-4480-a1f1-d41cc2d38630:c818]
2019-06-13 13:50:27,287 INFO  client.GrpcClientProtocolClient (GrpcClientProtocolClient.java:onNext(254)) - client-D47EFDF0E133->5d71e5de-6d45-4480-a1f1-d41cc2d38630: receive RaftClientReply:client-D47EFDF0E133->5d71e5de-6d45-4480-a1f1-d41cc2d38630@group-C6AEA7A4B82B, cid=464, SUCCESS, logIndex=818, commits[5d71e5de-6d45-4480-a1f1-d41cc2d38630:c818]
2019-06-13 13:50:27,297 INFO  client.GrpcClientProtocolClient (GrpcClientProtocolClient.java:onNext(254)) - client-D47EFDF0E133->5d71e5de-6d45-4480-a1f1-d41cc2d38630: receive RaftClientReply:client-D47EFDF0E133->5d71e5de-6d45-4480-a1f1-d41cc2d38630@group-C6AEA7A4B82B, cid=465, SUCCESS, logIndex=820, commits[5d71e5de-6d45-4480-a1f1-d41cc2d38630:c820]
2019-06-13 13:50:27,299 INFO  client.GrpcClientProtocolClient (GrpcClientProtocolClient.java:onNext(254)) - client-D47EFDF0E133->5d71e5de-6d45-4480-a1f1-d41cc2d38630: receive RaftClientReply:client-D47EFDF0E133->5d71e5de-6d45-4480-a1f1-d41cc2d38630@group-C6AEA7A4B82B, cid=466, SUCCESS, logIndex=822, commits[5d71e5de-6d45-4480-a1f1-d41cc2d38630:c822]
2019-06-13 13:50:27,300 DEBUG block.SCMBlockDeletingService (SCMBlockDeletingService.java:call(138)) - Running DeletedBlockTransactionScanner
2019-06-13 13:50:27,300 INFO  client.GrpcClientProtocolClient (GrpcClientProtocolClient.java:onNext(254)) - client-D47EFDF0E133->5d71e5de-6d45-4480-a1f1-d41cc2d38630: receive RaftClientReply:client-D47EFDF0E133->5d71e5de-6d45-4480-a1f1-d41cc2d38630@group-C6AEA7A4B82B, cid=467, SUCCESS, logIndex=823, commits[5d71e5de-6d45-4480-a1f1-d41cc2d38630:c825]
2019-06-13 13:50:27,300 DEBUG block.SCMBlockDeletingService (SCMBlockDeletingService.java:call(155)) - Scanned deleted blocks log and got 0 delTX to process.
2019-06-13 13:50:27,301 INFO  client.GrpcClientProtocolClient (GrpcClientProtocolClient.java:onNext(254)) - client-D47EFDF0E133->5d71e5de-6d45-4480-a1f1-d41cc2d38630: receive RaftClientReply:client-D47EFDF0E133->5d71e5de-6d45-4480-a1f1-d41cc2d38630@group-C6AEA7A4B82B, cid=468, SUCCESS, logIndex=825, commits[5d71e5de-6d45-4480-a1f1-d41cc2d38630:c826]
2019-06-13 13:50:27,307 INFO  client.GrpcClientProtocolClient (GrpcClientProtocolClient.java:onNext(254)) - client-D47EFDF0E133->5d71e5de-6d45-4480-a1f1-d41cc2d38630: receive RaftClientReply:client-D47EFDF0E133->5d71e5de-6d45-4480-a1f1-d41cc2d38630@group-C6AEA7A4B82B, cid=469, SUCCESS, logIndex=827, commits[5d71e5de-6d45-4480-a1f1-d41cc2d38630:c827]
2019-06-13 13:50:27,308 INFO  storage.RaftLogWorker (RaftLogWorker.java:rollLogSegment(303)) - 5d71e5de-6d45-4480-a1f1-d41cc2d38630-RaftLogWorker: Rolling segment log-758_830 to index:830
2019-06-13 13:50:27,309 INFO  storage.RaftLogWorker (RaftLogWorker.java:execute(433)) - 5d71e5de-6d45-4480-a1f1-d41cc2d38630-RaftLogWorker: Rolled log segment from /opt/src/hadoop-ozone/integration-test/target/test-dir/MiniOzoneClusterImpl-c05bfa39-b333-4767-bc96-5a78f3430938/datanode-0/data/ratis/3aee30eb-3db1-472a-b851-c6aea7a4b82b/current/log_inprogress_758 to /opt/src/hadoop-ozone/integration-test/target/test-dir/MiniOzoneClusterImpl-c05bfa39-b333-4767-bc96-5a78f3430938/datanode-0/data/ratis/3aee30eb-3db1-472a-b851-c6aea7a4b82b/current/log_758-830
2019-06-13 13:50:27,310 INFO  client.GrpcClientProtocolClient (GrpcClientProtocolClient.java:onNext(254)) - client-D47EFDF0E133->5d71e5de-6d45-4480-a1f1-d41cc2d38630: receive RaftClientReply:client-D47EFDF0E133->5d71e5de-6d45-4480-a1f1-d41cc2d38630@group-C6AEA7A4B82B, cid=470, SUCCESS, logIndex=829, commits[5d71e5de-6d45-4480-a1f1-d41cc2d38630:c829]
2019-06-13 13:50:27,314 INFO  client.GrpcClientProtocolClient (GrpcClientProtocolClient.java:onNext(254)) - client-D47EFDF0E133->5d71e5de-6d45-4480-a1f1-d41cc2d38630: receive RaftClientReply:client-D47EFDF0E133->5d71e5de-6d45-4480-a1f1-d41cc2d38630@group-C6AEA7A4B82B, cid=471, SUCCESS, logIndex=830, commits[5d71e5de-6d45-4480-a1f1-d41cc2d38630:c830]
2019-06-13 13:50:27,351 INFO  storage.RaftLogWorker (RaftLogWorker.java:execute(469)) - 5d71e5de-6d45-4480-a1f1-d41cc2d38630-RaftLogWorker: created new log segment /opt/src/hadoop-ozone/integration-test/target/test-dir/MiniOzoneClusterImpl-c05bfa39-b333-4767-bc96-5a78f3430938/datanode-0/data/ratis/3aee30eb-3db1-472a-b851-c6aea7a4b82b/current/log_inprogress_831
2019-06-13 13:50:27,354 INFO  client.GrpcClientProtocolClient (GrpcClientProtocolClient.java:onNext(254)) - client-D47EFDF0E133->5d71e5de-6d45-4480-a1f1-d41cc2d38630: receive RaftClientReply:client-D47EFDF0E133->5d71e5de-6d45-4480-a1f1-d41cc2d38630@group-C6AEA7A4B82B, cid=472, SUCCESS, logIndex=831, commits[5d71e5de-6d45-4480-a1f1-d41cc2d38630:c833]
2019-06-13 13:50:27,370 INFO  client.GrpcClientProtocolClient (GrpcClientProtocolClient.java:onNext(254)) - client-D47EFDF0E133->5d71e5de-6d45-4480-a1f1-d41cc2d38630: receive RaftClientReply:client-D47EFDF0E133->5d71e5de-6d45-4480-a1f1-d41cc2d38630@group-C6AEA7A4B82B, cid=473, SUCCESS, logIndex=834, commits[5d71e5de-6d45-4480-a1f1-d41cc2d38630:c835]
2019-06-13 13:50:27,378 INFO  client.GrpcClientProtocolClient (GrpcClientProtocolClient.java:onNext(254)) - client-D47EFDF0E133->5d71e5de-6d45-4480-a1f1-d41cc2d38630: receive RaftClientReply:client-D47EFDF0E133->5d71e5de-6d45-4480-a1f1-d41cc2d38630@group-C6AEA7A4B82B, cid=474, SUCCESS, logIndex=836, commits[5d71e5de-6d45-4480-a1f1-d41cc2d38630:c836]
2019-06-13 13:50:27,380 INFO  client.GrpcClientProtocolClient (GrpcClientProtocolClient.java:onNext(254)) - client-D47EFDF0E133->5d71e5de-6d45-4480-a1f1-d41cc2d38630: receive RaftClientReply:client-D47EFDF0E133->5d71e5de-6d45-4480-a1f1-d41cc2d38630@group-C6AEA7A4B82B, cid=475, SUCCESS, logIndex=837, commits[5d71e5de-6d45-4480-a1f1-d41cc2d38630:c837]
2019-06-13 13:50:27,380 INFO  client.GrpcClientProtocolClient (GrpcClientProtocolClient.java:onNext(254)) - client-D47EFDF0E133->5d71e5de-6d45-4480-a1f1-d41cc2d38630: receive RaftClientReply:client-D47EFDF0E133->5d71e5de-6d45-4480-a1f1-d41cc2d38630@group-C6AEA7A4B82B, cid=476, SUCCESS, logIndex=840, commits[5d71e5de-6d45-4480-a1f1-d41cc2d38630:c840]
2019-06-13 13:50:27,390 INFO  client.GrpcClientProtocolClient (GrpcClientProtocolClient.java:onNext(254)) - client-D47EFDF0E133->5d71e5de-6d45-4480-a1f1-d41cc2d38630: receive RaftClientReply:client-D47EFDF0E133->5d71e5de-6d45-4480-a1f1-d41cc2d38630@group-C6AEA7A4B82B, cid=477, SUCCESS, logIndex=842, commits[5d71e5de-6d45-4480-a1f1-d41cc2d38630:c842]
2019-06-13 13:50:27,393 INFO  client.GrpcClientProtocolClient (GrpcClientProtocolClient.java:onNext(254)) - client-D47EFDF0E133->5d71e5de-6d45-4480-a1f1-d41cc2d38630: receive RaftClientReply:client-D47EFDF0E133->5d71e5de-6d45-4480-a1f1-d41cc2d38630@group-C6AEA7A4B82B, cid=478, SUCCESS, logIndex=844, commits[5d71e5de-6d45-4480-a1f1-d41cc2d38630:c844]
2019-06-13 13:50:27,394 INFO  client.GrpcClientProtocolClient (GrpcClientProtocolClient.java:onNext(254)) - client-D47EFDF0E133->5d71e5de-6d45-4480-a1f1-d41cc2d38630: receive RaftClientReply:client-D47EFDF0E133->5d71e5de-6d45-4480-a1f1-d41cc2d38630@group-C6AEA7A4B82B, cid=479, SUCCESS, logIndex=845, commits[5d71e5de-6d45-4480-a1f1-d41cc2d38630:c847]
2019-06-13 13:50:27,394 INFO  client.GrpcClientProtocolClient (GrpcClientProtocolClient.java:onNext(254)) - client-D47EFDF0E133->5d71e5de-6d45-4480-a1f1-d41cc2d38630: receive RaftClientReply:client-D47EFDF0E133->5d71e5de-6d45-4480-a1f1-d41cc2d38630@group-C6AEA7A4B82B, cid=480, SUCCESS, logIndex=847, commits[5d71e5de-6d45-4480-a1f1-d41cc2d38630:c847]
2019-06-13 13:50:27,400 DEBUG block.SCMBlockDeletingService (SCMBlockDeletingService.java:call(138)) - Running DeletedBlockTransactionScanner
2019-06-13 13:50:27,401 DEBUG block.SCMBlockDeletingService (SCMBlockDeletingService.java:call(155)) - Scanned deleted blocks log and got 0 delTX to process.
2019-06-13 13:50:27,406 INFO  client.GrpcClientProtocolClient (GrpcClientProtocolClient.java:onNext(254)) - client-D47EFDF0E133->5d71e5de-6d45-4480-a1f1-d41cc2d38630: receive RaftClientReply:client-D47EFDF0E133->5d71e5de-6d45-4480-a1f1-d41cc2d38630@group-C6AEA7A4B82B, cid=481, SUCCESS, logIndex=849, commits[5d71e5de-6d45-4480-a1f1-d41cc2d38630:c849]
2019-06-13 13:50:27,485 INFO  client.GrpcClientProtocolClient (GrpcClientProtocolClient.java:onNext(254)) - client-D47EFDF0E133->5d71e5de-6d45-4480-a1f1-d41cc2d38630: receive RaftClientReply:client-D47EFDF0E133->5d71e5de-6d45-4480-a1f1-d41cc2d38630@group-C6AEA7A4B82B, cid=482, SUCCESS, logIndex=851, commits[5d71e5de-6d45-4480-a1f1-d41cc2d38630:c851]
2019-06-13 13:50:27,485 INFO  client.GrpcClientProtocolClient (GrpcClientProtocolClient.java:onNext(254)) - client-D47EFDF0E133->5d71e5de-6d45-4480-a1f1-d41cc2d38630: receive RaftClientReply:client-D47EFDF0E133->5d71e5de-6d45-4480-a1f1-d41cc2d38630@group-C6AEA7A4B82B, cid=483, SUCCESS, logIndex=853, commits[5d71e5de-6d45-4480-a1f1-d41cc2d38630:c854]
2019-06-13 13:50:27,486 INFO  client.GrpcClientProtocolClient (GrpcClientProtocolClient.java:onNext(254)) - client-D47EFDF0E133->5d71e5de-6d45-4480-a1f1-d41cc2d38630: receive RaftClientReply:client-D47EFDF0E133->5d71e5de-6d45-4480-a1f1-d41cc2d38630@group-C6AEA7A4B82B, cid=484, SUCCESS, logIndex=854, commits[5d71e5de-6d45-4480-a1f1-d41cc2d38630:c855]
2019-06-13 13:50:27,501 DEBUG block.SCMBlockDeletingService (SCMBlockDeletingService.java:call(138)) - Running DeletedBlockTransactionScanner
2019-06-13 13:50:27,501 DEBUG block.SCMBlockDeletingService (SCMBlockDeletingService.java:call(155)) - Scanned deleted blocks log and got 0 delTX to process.
2019-06-13 13:50:27,507 INFO  client.GrpcClientProtocolClient (GrpcClientProtocolClient.java:onNext(254)) - client-D47EFDF0E133->5d71e5de-6d45-4480-a1f1-d41cc2d38630: receive RaftClientReply:client-D47EFDF0E133->5d71e5de-6d45-4480-a1f1-d41cc2d38630@group-C6AEA7A4B82B, cid=485, SUCCESS, logIndex=856, commits[5d71e5de-6d45-4480-a1f1-d41cc2d38630:c857]
2019-06-13 13:50:27,508 INFO  client.GrpcClientProtocolClient (GrpcClientProtocolClient.java:onNext(254)) - client-D47EFDF0E133->5d71e5de-6d45-4480-a1f1-d41cc2d38630: receive RaftClientReply:client-D47EFDF0E133->5d71e5de-6d45-4480-a1f1-d41cc2d38630@group-C6AEA7A4B82B, cid=486, SUCCESS, logIndex=858, commits[5d71e5de-6d45-4480-a1f1-d41cc2d38630:c859]
2019-06-13 13:50:27,574 INFO  client.GrpcClientProtocolClient (GrpcClientProtocolClient.java:onNext(254)) - client-D47EFDF0E133->5d71e5de-6d45-4480-a1f1-d41cc2d38630: receive RaftClientReply:client-D47EFDF0E133->5d71e5de-6d45-4480-a1f1-d41cc2d38630@group-C6AEA7A4B82B, cid=487, SUCCESS, logIndex=860, commits[5d71e5de-6d45-4480-a1f1-d41cc2d38630:c860]
2019-06-13 13:50:27,574 INFO  client.GrpcClientProtocolClient (GrpcClientProtocolClient.java:onNext(254)) - client-D47EFDF0E133->5d71e5de-6d45-4480-a1f1-d41cc2d38630: receive RaftClientReply:client-D47EFDF0E133->5d71e5de-6d45-4480-a1f1-d41cc2d38630@group-C6AEA7A4B82B, cid=488, SUCCESS, logIndex=862, commits[5d71e5de-6d45-4480-a1f1-d41cc2d38630:c862]
2019-06-13 13:50:27,586 INFO  client.GrpcClientProtocolClient (GrpcClientProtocolClient.java:onNext(254)) - client-D47EFDF0E133->5d71e5de-6d45-4480-a1f1-d41cc2d38630: receive RaftClientReply:client-D47EFDF0E133->5d71e5de-6d45-4480-a1f1-d41cc2d38630@group-C6AEA7A4B82B, cid=489, SUCCESS, logIndex=864, commits[5d71e5de-6d45-4480-a1f1-d41cc2d38630:c864]
2019-06-13 13:50:27,587 INFO  client.GrpcClientProtocolClient (GrpcClientProtocolClient.java:onNext(254)) - client-D47EFDF0E133->5d71e5de-6d45-4480-a1f1-d41cc2d38630: receive RaftClientReply:client-D47EFDF0E133->5d71e5de-6d45-4480-a1f1-d41cc2d38630@group-C6AEA7A4B82B, cid=490, SUCCESS, logIndex=866, commits[5d71e5de-6d45-4480-a1f1-d41cc2d38630:c866]
2019-06-13 13:50:27,590 INFO  client.GrpcClientProtocolClient (GrpcClientProtocolClient.java:onNext(254)) - client-D47EFDF0E133->5d71e5de-6d45-4480-a1f1-d41cc2d38630: receive RaftClientReply:client-D47EFDF0E133->5d71e5de-6d45-4480-a1f1-d41cc2d38630@group-C6AEA7A4B82B, cid=491, SUCCESS, logIndex=867, commits[5d71e5de-6d45-4480-a1f1-d41cc2d38630:c869]
2019-06-13 13:50:27,591 INFO  client.GrpcClientProtocolClient (GrpcClientProtocolClient.java:onNext(254)) - client-D47EFDF0E133->5d71e5de-6d45-4480-a1f1-d41cc2d38630: receive RaftClientReply:client-D47EFDF0E133->5d71e5de-6d45-4480-a1f1-d41cc2d38630@group-C6AEA7A4B82B, cid=492, SUCCESS, logIndex=869, commits[5d71e5de-6d45-4480-a1f1-d41cc2d38630:c870]
2019-06-13 13:50:27,597 INFO  client.GrpcClientProtocolClient (GrpcClientProtocolClient.java:onNext(254)) - client-D47EFDF0E133->5d71e5de-6d45-4480-a1f1-d41cc2d38630: receive RaftClientReply:client-D47EFDF0E133->5d71e5de-6d45-4480-a1f1-d41cc2d38630@group-C6AEA7A4B82B, cid=493, SUCCESS, logIndex=871, commits[5d71e5de-6d45-4480-a1f1-d41cc2d38630:c871]
2019-06-13 13:50:27,598 INFO  client.GrpcClientProtocolClient (GrpcClientProtocolClient.java:onNext(254)) - client-D47EFDF0E133->5d71e5de-6d45-4480-a1f1-d41cc2d38630: receive RaftClientReply:client-D47EFDF0E133->5d71e5de-6d45-4480-a1f1-d41cc2d38630@group-C6AEA7A4B82B, cid=494, SUCCESS, logIndex=873, commits[5d71e5de-6d45-4480-a1f1-d41cc2d38630:c873]
2019-06-13 13:50:27,601 INFO  client.GrpcClientProtocolClient (GrpcClientProtocolClient.java:onNext(254)) - client-D47EFDF0E133->5d71e5de-6d45-4480-a1f1-d41cc2d38630: receive RaftClientReply:client-D47EFDF0E133->5d71e5de-6d45-4480-a1f1-d41cc2d38630@group-C6AEA7A4B82B, cid=495, SUCCESS, logIndex=874, commits[5d71e5de-6d45-4480-a1f1-d41cc2d38630:c876]
2019-06-13 13:50:27,601 INFO  client.GrpcClientProtocolClient (GrpcClientProtocolClient.java:onNext(254)) - client-D47EFDF0E133->5d71e5de-6d45-4480-a1f1-d41cc2d38630: receive RaftClientReply:client-D47EFDF0E133->5d71e5de-6d45-4480-a1f1-d41cc2d38630@group-C6AEA7A4B82B, cid=496, SUCCESS, logIndex=876, commits[5d71e5de-6d45-4480-a1f1-d41cc2d38630:c876]
2019-06-13 13:50:27,601 DEBUG block.SCMBlockDeletingService (SCMBlockDeletingService.java:call(138)) - Running DeletedBlockTransactionScanner
2019-06-13 13:50:27,602 DEBUG block.SCMBlockDeletingService (SCMBlockDeletingService.java:call(155)) - Scanned deleted blocks log and got 0 delTX to process.
2019-06-13 13:50:27,612 INFO  client.GrpcClientProtocolClient (GrpcClientProtocolClient.java:onNext(254)) - client-D47EFDF0E133->5d71e5de-6d45-4480-a1f1-d41cc2d38630: receive RaftClientReply:client-D47EFDF0E133->5d71e5de-6d45-4480-a1f1-d41cc2d38630@group-C6AEA7A4B82B, cid=497, SUCCESS, logIndex=878, commits[5d71e5de-6d45-4480-a1f1-d41cc2d38630:c878]
2019-06-13 13:50:27,618 INFO  client.GrpcClientProtocolClient (GrpcClientProtocolClient.java:onNext(254)) - client-D47EFDF0E133->5d71e5de-6d45-4480-a1f1-d41cc2d38630: receive RaftClientReply:client-D47EFDF0E133->5d71e5de-6d45-4480-a1f1-d41cc2d38630@group-C6AEA7A4B82B, cid=498, SUCCESS, logIndex=880, commits[5d71e5de-6d45-4480-a1f1-d41cc2d38630:c880]
2019-06-13 13:50:27,620 INFO  client.GrpcClientProtocolClient (GrpcClientProtocolClient.java:onNext(254)) - client-D47EFDF0E133->5d71e5de-6d45-4480-a1f1-d41cc2d38630: receive RaftClientReply:client-D47EFDF0E133->5d71e5de-6d45-4480-a1f1-d41cc2d38630@group-C6AEA7A4B82B, cid=499, SUCCESS, logIndex=881, commits[5d71e5de-6d45-4480-a1f1-d41cc2d38630:c883]
2019-06-13 13:50:27,622 INFO  client.GrpcClientProtocolClient (GrpcClientProtocolClient.java:onNext(254)) - client-D47EFDF0E133->5d71e5de-6d45-4480-a1f1-d41cc2d38630: receive RaftClientReply:client-D47EFDF0E133->5d71e5de-6d45-4480-a1f1-d41cc2d38630@group-C6AEA7A4B82B, cid=500, SUCCESS, logIndex=883, commits[5d71e5de-6d45-4480-a1f1-d41cc2d38630:c883]
2019-06-13 13:50:27,632 INFO  client.GrpcClientProtocolClient (GrpcClientProtocolClient.java:onNext(254)) - client-D47EFDF0E133->5d71e5de-6d45-4480-a1f1-d41cc2d38630: receive RaftClientReply:client-D47EFDF0E133->5d71e5de-6d45-4480-a1f1-d41cc2d38630@group-C6AEA7A4B82B, cid=501, SUCCESS, logIndex=885, commits[5d71e5de-6d45-4480-a1f1-d41cc2d38630:c885]
2019-06-13 13:50:27,638 INFO  client.GrpcClientProtocolClient (GrpcClientProtocolClient.java:onNext(254)) - client-D47EFDF0E133->5d71e5de-6d45-4480-a1f1-d41cc2d38630: receive RaftClientReply:client-D47EFDF0E133->5d71e5de-6d45-4480-a1f1-d41cc2d38630@group-C6AEA7A4B82B, cid=502, SUCCESS, logIndex=887, commits[5d71e5de-6d45-4480-a1f1-d41cc2d38630:c887]
2019-06-13 13:50:27,638 INFO  client.GrpcClientProtocolClient (GrpcClientProtocolClient.java:onNext(254)) - client-D47EFDF0E133->5d71e5de-6d45-4480-a1f1-d41cc2d38630: receive RaftClientReply:client-D47EFDF0E133->5d71e5de-6d45-4480-a1f1-d41cc2d38630@group-C6AEA7A4B82B, cid=503, SUCCESS, logIndex=888, commits[5d71e5de-6d45-4480-a1f1-d41cc2d38630:c889]
2019-06-13 13:50:27,640 INFO  client.GrpcClientProtocolClient (GrpcClientProtocolClient.java:onNext(254)) - client-D47EFDF0E133->5d71e5de-6d45-4480-a1f1-d41cc2d38630: receive RaftClientReply:client-D47EFDF0E133->5d71e5de-6d45-4480-a1f1-d41cc2d38630@group-C6AEA7A4B82B, cid=504, SUCCESS, logIndex=890, commits[5d71e5de-6d45-4480-a1f1-d41cc2d38630:c890]
2019-06-13 13:50:27,654 INFO  client.GrpcClientProtocolClient (GrpcClientProtocolClient.java:onNext(254)) - client-D47EFDF0E133->5d71e5de-6d45-4480-a1f1-d41cc2d38630: receive RaftClientReply:client-D47EFDF0E133->5d71e5de-6d45-4480-a1f1-d41cc2d38630@group-C6AEA7A4B82B, cid=505, SUCCESS, logIndex=892, commits[5d71e5de-6d45-4480-a1f1-d41cc2d38630:c893]
2019-06-13 13:50:27,657 INFO  client.GrpcClientProtocolClient (GrpcClientProtocolClient.java:onNext(254)) - client-D47EFDF0E133->5d71e5de-6d45-4480-a1f1-d41cc2d38630: receive RaftClientReply:client-D47EFDF0E133->5d71e5de-6d45-4480-a1f1-d41cc2d38630@group-C6AEA7A4B82B, cid=506, SUCCESS, logIndex=894, commits[5d71e5de-6d45-4480-a1f1-d41cc2d38630:c894]
2019-06-13 13:50:27,658 INFO  client.GrpcClientProtocolClient (GrpcClientProtocolClient.java:onNext(254)) - client-D47EFDF0E133->5d71e5de-6d45-4480-a1f1-d41cc2d38630: receive RaftClientReply:client-D47EFDF0E133->5d71e5de-6d45-4480-a1f1-d41cc2d38630@group-C6AEA7A4B82B, cid=507, SUCCESS, logIndex=895, commits[5d71e5de-6d45-4480-a1f1-d41cc2d38630:c895]
2019-06-13 13:50:27,660 INFO  client.GrpcClientProtocolClient (GrpcClientProtocolClient.java:onNext(254)) - client-D47EFDF0E133->5d71e5de-6d45-4480-a1f1-d41cc2d38630: receive RaftClientReply:client-D47EFDF0E133->5d71e5de-6d45-4480-a1f1-d41cc2d38630@group-C6AEA7A4B82B, cid=508, SUCCESS, logIndex=898, commits[5d71e5de-6d45-4480-a1f1-d41cc2d38630:c898]
2019-06-13 13:50:27,670 INFO  client.GrpcClientProtocolClient (GrpcClientProtocolClient.java:onNext(254)) - client-D47EFDF0E133->5d71e5de-6d45-4480-a1f1-d41cc2d38630: receive RaftClientReply:client-D47EFDF0E133->5d71e5de-6d45-4480-a1f1-d41cc2d38630@group-C6AEA7A4B82B, cid=509, SUCCESS, logIndex=900, commits[5d71e5de-6d45-4480-a1f1-d41cc2d38630:c900]
2019-06-13 13:50:27,674 INFO  client.GrpcClientProtocolClient (GrpcClientProtocolClient.java:onNext(254)) - client-D47EFDF0E133->5d71e5de-6d45-4480-a1f1-d41cc2d38630: receive RaftClientReply:client-D47EFDF0E133->5d71e5de-6d45-4480-a1f1-d41cc2d38630@group-C6AEA7A4B82B, cid=510, SUCCESS, logIndex=902, commits[5d71e5de-6d45-4480-a1f1-d41cc2d38630:c902]
2019-06-13 13:50:27,677 INFO  client.GrpcClientProtocolClient (GrpcClientProtocolClient.java:onNext(254)) - client-D47EFDF0E133->5d71e5de-6d45-4480-a1f1-d41cc2d38630: receive RaftClientReply:client-D47EFDF0E133->5d71e5de-6d45-4480-a1f1-d41cc2d38630@group-C6AEA7A4B82B, cid=511, SUCCESS, logIndex=904, commits[5d71e5de-6d45-4480-a1f1-d41cc2d38630:c905]
2019-06-13 13:50:27,678 INFO  client.GrpcClientProtocolClient (GrpcClientProtocolClient.java:onNext(254)) - client-D47EFDF0E133->5d71e5de-6d45-4480-a1f1-d41cc2d38630: receive RaftClientReply:client-D47EFDF0E133->5d71e5de-6d45-4480-a1f1-d41cc2d38630@group-C6AEA7A4B82B, cid=512, SUCCESS, logIndex=905, commits[5d71e5de-6d45-4480-a1f1-d41cc2d38630:c906]
2019-06-13 13:50:27,693 INFO  client.GrpcClientProtocolClient (GrpcClientProtocolClient.java:onNext(254)) - client-D47EFDF0E133->5d71e5de-6d45-4480-a1f1-d41cc2d38630: receive RaftClientReply:client-D47EFDF0E133->5d71e5de-6d45-4480-a1f1-d41cc2d38630@group-C6AEA7A4B82B, cid=513, SUCCESS, logIndex=907, commits[5d71e5de-6d45-4480-a1f1-d41cc2d38630:c907]
2019-06-13 13:50:27,695 INFO  client.GrpcClientProtocolClient (GrpcClientProtocolClient.java:onNext(254)) - client-D47EFDF0E133->5d71e5de-6d45-4480-a1f1-d41cc2d38630: receive RaftClientReply:client-D47EFDF0E133->5d71e5de-6d45-4480-a1f1-d41cc2d38630@group-C6AEA7A4B82B, cid=514, SUCCESS, logIndex=909, commits[5d71e5de-6d45-4480-a1f1-d41cc2d38630:c909]
2019-06-13 13:50:27,695 INFO  storage.RaftLogWorker (RaftLogWorker.java:rollLogSegment(303)) - 5d71e5de-6d45-4480-a1f1-d41cc2d38630-RaftLogWorker: Rolling segment log-831_910 to index:910
2019-06-13 13:50:27,696 INFO  storage.RaftLogWorker (RaftLogWorker.java:execute(433)) - 5d71e5de-6d45-4480-a1f1-d41cc2d38630-RaftLogWorker: Rolled log segment from /opt/src/hadoop-ozone/integration-test/target/test-dir/MiniOzoneClusterImpl-c05bfa39-b333-4767-bc96-5a78f3430938/datanode-0/data/ratis/3aee30eb-3db1-472a-b851-c6aea7a4b82b/current/log_inprogress_831 to /opt/src/hadoop-ozone/integration-test/target/test-dir/MiniOzoneClusterImpl-c05bfa39-b333-4767-bc96-5a78f3430938/datanode-0/data/ratis/3aee30eb-3db1-472a-b851-c6aea7a4b82b/current/log_831-910
2019-06-13 13:50:27,702 DEBUG block.SCMBlockDeletingService (SCMBlockDeletingService.java:call(138)) - Running DeletedBlockTransactionScanner
2019-06-13 13:50:27,702 DEBUG block.SCMBlockDeletingService (SCMBlockDeletingService.java:call(155)) - Scanned deleted blocks log and got 0 delTX to process.
2019-06-13 13:50:27,735 INFO  storage.RaftLogWorker (RaftLogWorker.java:execute(469)) - 5d71e5de-6d45-4480-a1f1-d41cc2d38630-RaftLogWorker: created new log segment /opt/src/hadoop-ozone/integration-test/target/test-dir/MiniOzoneClusterImpl-c05bfa39-b333-4767-bc96-5a78f3430938/datanode-0/data/ratis/3aee30eb-3db1-472a-b851-c6aea7a4b82b/current/log_inprogress_911
2019-06-13 13:50:27,738 INFO  client.GrpcClientProtocolClient (GrpcClientProtocolClient.java:onNext(254)) - client-D47EFDF0E133->5d71e5de-6d45-4480-a1f1-d41cc2d38630: receive RaftClientReply:client-D47EFDF0E133->5d71e5de-6d45-4480-a1f1-d41cc2d38630@group-C6AEA7A4B82B, cid=515, SUCCESS, logIndex=911, commits[5d71e5de-6d45-4480-a1f1-d41cc2d38630:c912]
2019-06-13 13:50:27,738 INFO  client.GrpcClientProtocolClient (GrpcClientProtocolClient.java:onNext(254)) - client-D47EFDF0E133->5d71e5de-6d45-4480-a1f1-d41cc2d38630: receive RaftClientReply:client-D47EFDF0E133->5d71e5de-6d45-4480-a1f1-d41cc2d38630@group-C6AEA7A4B82B, cid=516, SUCCESS, logIndex=912, commits[5d71e5de-6d45-4480-a1f1-d41cc2d38630:c912]
2019-06-13 13:50:27,750 INFO  client.GrpcClientProtocolClient (GrpcClientProtocolClient.java:onNext(254)) - client-D47EFDF0E133->5d71e5de-6d45-4480-a1f1-d41cc2d38630: receive RaftClientReply:client-D47EFDF0E133->5d71e5de-6d45-4480-a1f1-d41cc2d38630@group-C6AEA7A4B82B, cid=517, SUCCESS, logIndex=914, commits[5d71e5de-6d45-4480-a1f1-d41cc2d38630:c914]
2019-06-13 13:50:27,752 INFO  client.GrpcClientProtocolClient (GrpcClientProtocolClient.java:onNext(254)) - client-D47EFDF0E133->5d71e5de-6d45-4480-a1f1-d41cc2d38630: receive RaftClientReply:client-D47EFDF0E133->5d71e5de-6d45-4480-a1f1-d41cc2d38630@group-C6AEA7A4B82B, cid=518, SUCCESS, logIndex=916, commits[5d71e5de-6d45-4480-a1f1-d41cc2d38630:c916]
2019-06-13 13:50:27,754 INFO  client.GrpcClientProtocolClient (GrpcClientProtocolClient.java:onNext(254)) - client-D47EFDF0E133->5d71e5de-6d45-4480-a1f1-d41cc2d38630: receive RaftClientReply:client-D47EFDF0E133->5d71e5de-6d45-4480-a1f1-d41cc2d38630@group-C6AEA7A4B82B, cid=519, SUCCESS, logIndex=917, commits[5d71e5de-6d45-4480-a1f1-d41cc2d38630:c919]
2019-06-13 13:50:27,754 INFO  client.GrpcClientProtocolClient (GrpcClientProtocolClient.java:onNext(254)) - client-D47EFDF0E133->5d71e5de-6d45-4480-a1f1-d41cc2d38630: receive RaftClientReply:client-D47EFDF0E133->5d71e5de-6d45-4480-a1f1-d41cc2d38630@group-C6AEA7A4B82B, cid=520, SUCCESS, logIndex=919, commits[5d71e5de-6d45-4480-a1f1-d41cc2d38630:c919]
2019-06-13 13:50:27,766 INFO  client.GrpcClientProtocolClient (GrpcClientProtocolClient.java:onNext(254)) - client-D47EFDF0E133->5d71e5de-6d45-4480-a1f1-d41cc2d38630: receive RaftClientReply:client-D47EFDF0E133->5d71e5de-6d45-4480-a1f1-d41cc2d38630@group-C6AEA7A4B82B, cid=521, SUCCESS, logIndex=921, commits[5d71e5de-6d45-4480-a1f1-d41cc2d38630:c921]
2019-06-13 13:50:27,768 INFO  client.GrpcClientProtocolClient (GrpcClientProtocolClient.java:onNext(254)) - client-D47EFDF0E133->5d71e5de-6d45-4480-a1f1-d41cc2d38630: receive RaftClientReply:client-D47EFDF0E133->5d71e5de-6d45-4480-a1f1-d41cc2d38630@group-C6AEA7A4B82B, cid=522, SUCCESS, logIndex=923, commits[5d71e5de-6d45-4480-a1f1-d41cc2d38630:c923]
2019-06-13 13:50:27,769 INFO  client.GrpcClientProtocolClient (GrpcClientProtocolClient.java:onNext(254)) - client-D47EFDF0E133->5d71e5de-6d45-4480-a1f1-d41cc2d38630: receive RaftClientReply:client-D47EFDF0E133->5d71e5de-6d45-4480-a1f1-d41cc2d38630@group-C6AEA7A4B82B, cid=523, SUCCESS, logIndex=924, commits[5d71e5de-6d45-4480-a1f1-d41cc2d38630:c926]
2019-06-13 13:50:27,769 INFO  client.GrpcClientProtocolClient (GrpcClientProtocolClient.java:onNext(254)) - client-D47EFDF0E133->5d71e5de-6d45-4480-a1f1-d41cc2d38630: receive RaftClientReply:client-D47EFDF0E133->5d71e5de-6d45-4480-a1f1-d41cc2d38630@group-C6AEA7A4B82B, cid=524, SUCCESS, logIndex=926, commits[5d71e5de-6d45-4480-a1f1-d41cc2d38630:c926]
2019-06-13 13:50:27,778 INFO  client.GrpcClientProtocolClient (GrpcClientProtocolClient.java:onNext(254)) - client-D47EFDF0E133->5d71e5de-6d45-4480-a1f1-d41cc2d38630: receive RaftClientReply:client-D47EFDF0E133->5d71e5de-6d45-4480-a1f1-d41cc2d38630@group-C6AEA7A4B82B, cid=525, SUCCESS, logIndex=928, commits[5d71e5de-6d45-4480-a1f1-d41cc2d38630:c928]
2019-06-13 13:50:27,781 INFO  client.GrpcClientProtocolClient (GrpcClientProtocolClient.java:onNext(254)) - client-D47EFDF0E133->5d71e5de-6d45-4480-a1f1-d41cc2d38630: receive RaftClientReply:client-D47EFDF0E133->5d71e5de-6d45-4480-a1f1-d41cc2d38630@group-C6AEA7A4B82B, cid=526, SUCCESS, logIndex=930, commits[5d71e5de-6d45-4480-a1f1-d41cc2d38630:c930]
2019-06-13 13:50:27,781 INFO  client.GrpcClientProtocolClient (GrpcClientProtocolClient.java:onNext(254)) - client-D47EFDF0E133->5d71e5de-6d45-4480-a1f1-d41cc2d38630: receive RaftClientReply:client-D47EFDF0E133->5d71e5de-6d45-4480-a1f1-d41cc2d38630@group-C6AEA7A4B82B, cid=527, SUCCESS, logIndex=931, commits[5d71e5de-6d45-4480-a1f1-d41cc2d38630:c932]
2019-06-13 13:50:27,782 INFO  client.GrpcClientProtocolClient (GrpcClientProtocolClient.java:onNext(254)) - client-D47EFDF0E133->5d71e5de-6d45-4480-a1f1-d41cc2d38630: receive RaftClientReply:client-D47EFDF0E133->5d71e5de-6d45-4480-a1f1-d41cc2d38630@group-C6AEA7A4B82B, cid=528, SUCCESS, logIndex=932, commits[5d71e5de-6d45-4480-a1f1-d41cc2d38630:c932]
2019-06-13 13:50:27,793 INFO  client.GrpcClientProtocolClient (GrpcClientProtocolClient.java:onNext(254)) - client-D47EFDF0E133->5d71e5de-6d45-4480-a1f1-d41cc2d38630: receive RaftClientReply:client-D47EFDF0E133->5d71e5de-6d45-4480-a1f1-d41cc2d38630@group-C6AEA7A4B82B, cid=529, SUCCESS, logIndex=935, commits[5d71e5de-6d45-4480-a1f1-d41cc2d38630:c935]
2019-06-13 13:50:27,798 INFO  client.GrpcClientProtocolClient (GrpcClientProtocolClient.java:onNext(254)) - client-D47EFDF0E133->5d71e5de-6d45-4480-a1f1-d41cc2d38630: receive RaftClientReply:client-D47EFDF0E133->5d71e5de-6d45-4480-a1f1-d41cc2d38630@group-C6AEA7A4B82B, cid=530, SUCCESS, logIndex=937, commits[5d71e5de-6d45-4480-a1f1-d41cc2d38630:c937]
2019-06-13 13:50:27,802 DEBUG block.SCMBlockDeletingService (SCMBlockDeletingService.java:call(138)) - Running DeletedBlockTransactionScanner
2019-06-13 13:50:27,802 DEBUG block.SCMBlockDeletingService (SCMBlockDeletingService.java:call(155)) - Scanned deleted blocks log and got 0 delTX to process.
2019-06-13 13:50:27,866 INFO  client.GrpcClientProtocolClient (GrpcClientProtocolClient.java:onNext(254)) - client-D47EFDF0E133->5d71e5de-6d45-4480-a1f1-d41cc2d38630: receive RaftClientReply:client-D47EFDF0E133->5d71e5de-6d45-4480-a1f1-d41cc2d38630@group-C6AEA7A4B82B, cid=531, SUCCESS, logIndex=939, commits[5d71e5de-6d45-4480-a1f1-d41cc2d38630:c939]
2019-06-13 13:50:27,868 INFO  client.GrpcClientProtocolClient (GrpcClientProtocolClient.java:onNext(254)) - client-D47EFDF0E133->5d71e5de-6d45-4480-a1f1-d41cc2d38630: receive RaftClientReply:client-D47EFDF0E133->5d71e5de-6d45-4480-a1f1-d41cc2d38630@group-C6AEA7A4B82B, cid=532, SUCCESS, logIndex=941, commits[5d71e5de-6d45-4480-a1f1-d41cc2d38630:c941]
2019-06-13 13:50:27,882 INFO  client.GrpcClientProtocolClient (GrpcClientProtocolClient.java:onNext(254)) - client-D47EFDF0E133->5d71e5de-6d45-4480-a1f1-d41cc2d38630: receive RaftClientReply:client-D47EFDF0E133->5d71e5de-6d45-4480-a1f1-d41cc2d38630@group-C6AEA7A4B82B, cid=533, SUCCESS, logIndex=943, commits[5d71e5de-6d45-4480-a1f1-d41cc2d38630:c943]
2019-06-13 13:50:27,885 INFO  client.GrpcClientProtocolClient (GrpcClientProtocolClient.java:onNext(254)) - client-D47EFDF0E133->5d71e5de-6d45-4480-a1f1-d41cc2d38630: receive RaftClientReply:client-D47EFDF0E133->5d71e5de-6d45-4480-a1f1-d41cc2d38630@group-C6AEA7A4B82B, cid=534, SUCCESS, logIndex=945, commits[5d71e5de-6d45-4480-a1f1-d41cc2d38630:c945]
2019-06-13 13:50:27,886 INFO  client.GrpcClientProtocolClient (GrpcClientProtocolClient.java:onNext(254)) - client-D47EFDF0E133->5d71e5de-6d45-4480-a1f1-d41cc2d38630: receive RaftClientReply:client-D47EFDF0E133->5d71e5de-6d45-4480-a1f1-d41cc2d38630@group-C6AEA7A4B82B, cid=535, SUCCESS, logIndex=946, commits[5d71e5de-6d45-4480-a1f1-d41cc2d38630:c946]
2019-06-13 13:50:27,887 INFO  client.GrpcClientProtocolClient (GrpcClientProtocolClient.java:onNext(254)) - client-D47EFDF0E133->5d71e5de-6d45-4480-a1f1-d41cc2d38630: receive RaftClientReply:client-D47EFDF0E133->5d71e5de-6d45-4480-a1f1-d41cc2d38630@group-C6AEA7A4B82B, cid=536, SUCCESS, logIndex=948, commits[5d71e5de-6d45-4480-a1f1-d41cc2d38630:c949]
2019-06-13 13:50:27,901 INFO  client.GrpcClientProtocolClient (GrpcClientProtocolClient.java:onNext(254)) - client-D47EFDF0E133->5d71e5de-6d45-4480-a1f1-d41cc2d38630: receive RaftClientReply:client-D47EFDF0E133->5d71e5de-6d45-4480-a1f1-d41cc2d38630@group-C6AEA7A4B82B, cid=537, SUCCESS, logIndex=950, commits[5d71e5de-6d45-4480-a1f1-d41cc2d38630:c950]
2019-06-13 13:50:27,903 DEBUG block.SCMBlockDeletingService (SCMBlockDeletingService.java:call(138)) - Running DeletedBlockTransactionScanner
2019-06-13 13:50:27,903 DEBUG block.SCMBlockDeletingService (SCMBlockDeletingService.java:call(155)) - Scanned deleted blocks log and got 0 delTX to process.
2019-06-13 13:50:27,903 INFO  client.GrpcClientProtocolClient (GrpcClientProtocolClient.java:onNext(254)) - client-D47EFDF0E133->5d71e5de-6d45-4480-a1f1-d41cc2d38630: receive RaftClientReply:client-D47EFDF0E133->5d71e5de-6d45-4480-a1f1-d41cc2d38630@group-C6AEA7A4B82B, cid=538, SUCCESS, logIndex=952, commits[5d71e5de-6d45-4480-a1f1-d41cc2d38630:c952]
2019-06-13 13:50:27,907 INFO  client.GrpcClientProtocolClient (GrpcClientProtocolClient.java:onNext(254)) - client-D47EFDF0E133->5d71e5de-6d45-4480-a1f1-d41cc2d38630: receive RaftClientReply:client-D47EFDF0E133->5d71e5de-6d45-4480-a1f1-d41cc2d38630@group-C6AEA7A4B82B, cid=539, SUCCESS, logIndex=954, commits[5d71e5de-6d45-4480-a1f1-d41cc2d38630:c955]
2019-06-13 13:50:27,908 INFO  client.GrpcClientProtocolClient (GrpcClientProtocolClient.java:onNext(254)) - client-D47EFDF0E133->5d71e5de-6d45-4480-a1f1-d41cc2d38630: receive RaftClientReply:client-D47EFDF0E133->5d71e5de-6d45-4480-a1f1-d41cc2d38630@group-C6AEA7A4B82B, cid=540, SUCCESS, logIndex=955, commits[5d71e5de-6d45-4480-a1f1-d41cc2d38630:c956]
2019-06-13 13:50:28,150 DEBUG block.SCMBlockDeletingService (SCMBlockDeletingService.java:call(138)) - Running DeletedBlockTransactionScanner
2019-06-13 13:50:28,150 DEBUG block.SCMBlockDeletingService (SCMBlockDeletingService.java:call(155)) - Scanned deleted blocks log and got 0 delTX to process.
2019-06-13 13:50:28,160 INFO  client.GrpcClientProtocolClient (GrpcClientProtocolClient.java:onNext(254)) - client-D47EFDF0E133->5d71e5de-6d45-4480-a1f1-d41cc2d38630: receive RaftClientReply:client-D47EFDF0E133->5d71e5de-6d45-4480-a1f1-d41cc2d38630@group-C6AEA7A4B82B, cid=541, SUCCESS, logIndex=957, commits[5d71e5de-6d45-4480-a1f1-d41cc2d38630:c957]
2019-06-13 13:50:28,166 INFO  client.GrpcClientProtocolClient (GrpcClientProtocolClient.java:onNext(254)) - client-D47EFDF0E133->5d71e5de-6d45-4480-a1f1-d41cc2d38630: receive RaftClientReply:client-D47EFDF0E133->5d71e5de-6d45-4480-a1f1-d41cc2d38630@group-C6AEA7A4B82B, cid=542, SUCCESS, logIndex=959, commits[5d71e5de-6d45-4480-a1f1-d41cc2d38630:c961]
2019-06-13 13:50:28,170 INFO  client.GrpcClientProtocolClient (GrpcClientProtocolClient.java:onNext(254)) - client-D47EFDF0E133->5d71e5de-6d45-4480-a1f1-d41cc2d38630: receive RaftClientReply:client-D47EFDF0E133->5d71e5de-6d45-4480-a1f1-d41cc2d38630@group-C6AEA7A4B82B, cid=543, SUCCESS, logIndex=960, commits[5d71e5de-6d45-4480-a1f1-d41cc2d38630:c961]
2019-06-13 13:50:28,171 INFO  client.GrpcClientProtocolClient (GrpcClientProtocolClient.java:onNext(254)) - client-D47EFDF0E133->5d71e5de-6d45-4480-a1f1-d41cc2d38630: receive RaftClientReply:client-D47EFDF0E133->5d71e5de-6d45-4480-a1f1-d41cc2d38630@group-C6AEA7A4B82B, cid=544, SUCCESS, logIndex=961, commits[5d71e5de-6d45-4480-a1f1-d41cc2d38630:c962]
2019-06-13 13:50:28,185 INFO  client.GrpcClientProtocolClient (GrpcClientProtocolClient.java:onNext(254)) - client-D47EFDF0E133->5d71e5de-6d45-4480-a1f1-d41cc2d38630: receive RaftClientReply:client-D47EFDF0E133->5d71e5de-6d45-4480-a1f1-d41cc2d38630@group-C6AEA7A4B82B, cid=545, SUCCESS, logIndex=963, commits[5d71e5de-6d45-4480-a1f1-d41cc2d38630:c963]
2019-06-13 13:50:28,190 INFO  client.GrpcClientProtocolClient (GrpcClientProtocolClient.java:onNext(254)) - client-D47EFDF0E133->5d71e5de-6d45-4480-a1f1-d41cc2d38630: receive RaftClientReply:client-D47EFDF0E133->5d71e5de-6d45-4480-a1f1-d41cc2d38630@group-C6AEA7A4B82B, cid=546, SUCCESS, logIndex=965, commits[5d71e5de-6d45-4480-a1f1-d41cc2d38630:c965]
2019-06-13 13:50:28,191 INFO  client.GrpcClientProtocolClient (GrpcClientProtocolClient.java:onNext(254)) - client-D47EFDF0E133->5d71e5de-6d45-4480-a1f1-d41cc2d38630: receive RaftClientReply:client-D47EFDF0E133->5d71e5de-6d45-4480-a1f1-d41cc2d38630@group-C6AEA7A4B82B, cid=547, SUCCESS, logIndex=966, commits[5d71e5de-6d45-4480-a1f1-d41cc2d38630:c968]
2019-06-13 13:50:28,194 INFO  client.GrpcClientProtocolClient (GrpcClientProtocolClient.java:onNext(254)) - client-D47EFDF0E133->5d71e5de-6d45-4480-a1f1-d41cc2d38630: receive RaftClientReply:client-D47EFDF0E133->5d71e5de-6d45-4480-a1f1-d41cc2d38630@group-C6AEA7A4B82B, cid=548, SUCCESS, logIndex=967, commits[5d71e5de-6d45-4480-a1f1-d41cc2d38630:c968]
2019-06-13 13:50:28,200 INFO  client.GrpcClientProtocolClient (GrpcClientProtocolClient.java:onNext(254)) - client-D47EFDF0E133->5d71e5de-6d45-4480-a1f1-d41cc2d38630: receive RaftClientReply:client-D47EFDF0E133->5d71e5de-6d45-4480-a1f1-d41cc2d38630@group-C6AEA7A4B82B, cid=549, SUCCESS, logIndex=969, commits[5d71e5de-6d45-4480-a1f1-d41cc2d38630:c969]
2019-06-13 13:50:28,202 INFO  client.GrpcClientProtocolClient (GrpcClientProtocolClient.java:onNext(254)) - client-D47EFDF0E133->5d71e5de-6d45-4480-a1f1-d41cc2d38630: receive RaftClientReply:client-D47EFDF0E133->5d71e5de-6d45-4480-a1f1-d41cc2d38630@group-C6AEA7A4B82B, cid=550, SUCCESS, logIndex=971, commits[5d71e5de-6d45-4480-a1f1-d41cc2d38630:c971]
2019-06-13 13:50:28,203 INFO  client.GrpcClientProtocolClient (GrpcClientProtocolClient.java:onNext(254)) - client-D47EFDF0E133->5d71e5de-6d45-4480-a1f1-d41cc2d38630: receive RaftClientReply:client-D47EFDF0E133->5d71e5de-6d45-4480-a1f1-d41cc2d38630@group-C6AEA7A4B82B, cid=551, SUCCESS, logIndex=972, commits[5d71e5de-6d45-4480-a1f1-d41cc2d38630:c974]
2019-06-13 13:50:28,204 INFO  client.GrpcClientProtocolClient (GrpcClientProtocolClient.java:onNext(254)) - client-D47EFDF0E133->5d71e5de-6d45-4480-a1f1-d41cc2d38630: receive RaftClientReply:client-D47EFDF0E133->5d71e5de-6d45-4480-a1f1-d41cc2d38630@group-C6AEA7A4B82B, cid=552, SUCCESS, logIndex=974, commits[5d71e5de-6d45-4480-a1f1-d41cc2d38630:c974]
2019-06-13 13:50:28,219 INFO  client.GrpcClientProtocolClient (GrpcClientProtocolClient.java:onNext(254)) - client-D47EFDF0E133->5d71e5de-6d45-4480-a1f1-d41cc2d38630: receive RaftClientReply:client-D47EFDF0E133->5d71e5de-6d45-4480-a1f1-d41cc2d38630@group-C6AEA7A4B82B, cid=553, SUCCESS, logIndex=976, commits[5d71e5de-6d45-4480-a1f1-d41cc2d38630:c976]
2019-06-13 13:50:28,221 INFO  client.GrpcClientProtocolClient (GrpcClientProtocolClient.java:onNext(254)) - client-D47EFDF0E133->5d71e5de-6d45-4480-a1f1-d41cc2d38630: receive RaftClientReply:client-D47EFDF0E133->5d71e5de-6d45-4480-a1f1-d41cc2d38630@group-C6AEA7A4B82B, cid=554, SUCCESS, logIndex=978, commits[5d71e5de-6d45-4480-a1f1-d41cc2d38630:c978]
2019-06-13 13:50:28,222 INFO  client.GrpcClientProtocolClient (GrpcClientProtocolClient.java:onNext(254)) - client-D47EFDF0E133->5d71e5de-6d45-4480-a1f1-d41cc2d38630: receive RaftClientReply:client-D47EFDF0E133->5d71e5de-6d45-4480-a1f1-d41cc2d38630@group-C6AEA7A4B82B, cid=555, SUCCESS, logIndex=979, commits[5d71e5de-6d45-4480-a1f1-d41cc2d38630:c981]
2019-06-13 13:50:28,223 INFO  client.GrpcClientProtocolClient (GrpcClientProtocolClient.java:onNext(254)) - client-D47EFDF0E133->5d71e5de-6d45-4480-a1f1-d41cc2d38630: receive RaftClientReply:client-D47EFDF0E133->5d71e5de-6d45-4480-a1f1-d41cc2d38630@group-C6AEA7A4B82B, cid=556, SUCCESS, logIndex=980, commits[5d71e5de-6d45-4480-a1f1-d41cc2d38630:c981]
2019-06-13 13:50:28,229 INFO  client.GrpcClientProtocolClient (GrpcClientProtocolClient.java:onNext(254)) - client-D47EFDF0E133->5d71e5de-6d45-4480-a1f1-d41cc2d38630: receive RaftClientReply:client-D47EFDF0E133->5d71e5de-6d45-4480-a1f1-d41cc2d38630@group-C6AEA7A4B82B, cid=557, SUCCESS, logIndex=982, commits[5d71e5de-6d45-4480-a1f1-d41cc2d38630:c982]
2019-06-13 13:50:28,229 INFO  storage.RaftLogWorker (RaftLogWorker.java:rollLogSegment(303)) - 5d71e5de-6d45-4480-a1f1-d41cc2d38630-RaftLogWorker: Rolling segment log-911_983 to index:983
2019-06-13 13:50:28,229 INFO  storage.RaftLogWorker (RaftLogWorker.java:execute(433)) - 5d71e5de-6d45-4480-a1f1-d41cc2d38630-RaftLogWorker: Rolled log segment from /opt/src/hadoop-ozone/integration-test/target/test-dir/MiniOzoneClusterImpl-c05bfa39-b333-4767-bc96-5a78f3430938/datanode-0/data/ratis/3aee30eb-3db1-472a-b851-c6aea7a4b82b/current/log_inprogress_911 to /opt/src/hadoop-ozone/integration-test/target/test-dir/MiniOzoneClusterImpl-c05bfa39-b333-4767-bc96-5a78f3430938/datanode-0/data/ratis/3aee30eb-3db1-472a-b851-c6aea7a4b82b/current/log_911-983
2019-06-13 13:50:28,250 DEBUG block.SCMBlockDeletingService (SCMBlockDeletingService.java:call(138)) - Running DeletedBlockTransactionScanner
2019-06-13 13:50:28,251 DEBUG block.SCMBlockDeletingService (SCMBlockDeletingService.java:call(155)) - Scanned deleted blocks log and got 0 delTX to process.
2019-06-13 13:50:28,266 INFO  storage.RaftLogWorker (RaftLogWorker.java:execute(469)) - 5d71e5de-6d45-4480-a1f1-d41cc2d38630-RaftLogWorker: created new log segment /opt/src/hadoop-ozone/integration-test/target/test-dir/MiniOzoneClusterImpl-c05bfa39-b333-4767-bc96-5a78f3430938/datanode-0/data/ratis/3aee30eb-3db1-472a-b851-c6aea7a4b82b/current/log_inprogress_984
2019-06-13 13:50:28,272 INFO  client.GrpcClientProtocolClient (GrpcClientProtocolClient.java:onNext(254)) - client-D47EFDF0E133->5d71e5de-6d45-4480-a1f1-d41cc2d38630: receive RaftClientReply:client-D47EFDF0E133->5d71e5de-6d45-4480-a1f1-d41cc2d38630@group-C6AEA7A4B82B, cid=558, SUCCESS, logIndex=984, commits[5d71e5de-6d45-4480-a1f1-d41cc2d38630:c987]
2019-06-13 13:50:28,274 INFO  client.GrpcClientProtocolClient (GrpcClientProtocolClient.java:onNext(254)) - client-D47EFDF0E133->5d71e5de-6d45-4480-a1f1-d41cc2d38630: receive RaftClientReply:client-D47EFDF0E133->5d71e5de-6d45-4480-a1f1-d41cc2d38630@group-C6AEA7A4B82B, cid=559, SUCCESS, logIndex=985, commits[5d71e5de-6d45-4480-a1f1-d41cc2d38630:c987]
2019-06-13 13:50:28,276 INFO  client.GrpcClientProtocolClient (GrpcClientProtocolClient.java:onNext(254)) - client-D47EFDF0E133->5d71e5de-6d45-4480-a1f1-d41cc2d38630: receive RaftClientReply:client-D47EFDF0E133->5d71e5de-6d45-4480-a1f1-d41cc2d38630@group-C6AEA7A4B82B, cid=560, SUCCESS, logIndex=986, commits[5d71e5de-6d45-4480-a1f1-d41cc2d38630:c987]
2019-06-13 13:50:28,287 INFO  client.GrpcClientProtocolClient (GrpcClientProtocolClient.java:onNext(254)) - client-D47EFDF0E133->5d71e5de-6d45-4480-a1f1-d41cc2d38630: receive RaftClientReply:client-D47EFDF0E133->5d71e5de-6d45-4480-a1f1-d41cc2d38630@group-C6AEA7A4B82B, cid=561, SUCCESS, logIndex=988, commits[5d71e5de-6d45-4480-a1f1-d41cc2d38630:c988]
2019-06-13 13:50:28,290 INFO  client.GrpcClientProtocolClient (GrpcClientProtocolClient.java:onNext(254)) - client-D47EFDF0E133->5d71e5de-6d45-4480-a1f1-d41cc2d38630: receive RaftClientReply:client-D47EFDF0E133->5d71e5de-6d45-4480-a1f1-d41cc2d38630@group-C6AEA7A4B82B, cid=562, SUCCESS, logIndex=990, commits[5d71e5de-6d45-4480-a1f1-d41cc2d38630:c990]
2019-06-13 13:50:28,290 INFO  client.GrpcClientProtocolClient (GrpcClientProtocolClient.java:onNext(254)) - client-D47EFDF0E133->5d71e5de-6d45-4480-a1f1-d41cc2d38630: receive RaftClientReply:client-D47EFDF0E133->5d71e5de-6d45-4480-a1f1-d41cc2d38630@group-C6AEA7A4B82B, cid=563, SUCCESS, logIndex=991, commits[5d71e5de-6d45-4480-a1f1-d41cc2d38630:c993]
2019-06-13 13:50:28,294 INFO  client.GrpcClientProtocolClient (GrpcClientProtocolClient.java:onNext(254)) - client-D47EFDF0E133->5d71e5de-6d45-4480-a1f1-d41cc2d38630: receive RaftClientReply:client-D47EFDF0E133->5d71e5de-6d45-4480-a1f1-d41cc2d38630@group-C6AEA7A4B82B, cid=564, SUCCESS, logIndex=993, commits[5d71e5de-6d45-4480-a1f1-d41cc2d38630:c993]
2019-06-13 13:50:28,299 INFO  client.GrpcClientProtocolClient (GrpcClientProtocolClient.java:onNext(254)) - client-D47EFDF0E133->5d71e5de-6d45-4480-a1f1-d41cc2d38630: receive RaftClientReply:client-D47EFDF0E133->5d71e5de-6d45-4480-a1f1-d41cc2d38630@group-C6AEA7A4B82B, cid=565, SUCCESS, logIndex=995, commits[5d71e5de-6d45-4480-a1f1-d41cc2d38630:c995]
2019-06-13 13:50:28,301 INFO  client.GrpcClientProtocolClient (GrpcClientProtocolClient.java:onNext(254)) - client-D47EFDF0E133->5d71e5de-6d45-4480-a1f1-d41cc2d38630: receive RaftClientReply:client-D47EFDF0E133->5d71e5de-6d45-4480-a1f1-d41cc2d38630@group-C6AEA7A4B82B, cid=566, SUCCESS, logIndex=997, commits[5d71e5de-6d45-4480-a1f1-d41cc2d38630:c997]
2019-06-13 13:50:28,302 INFO  client.GrpcClientProtocolClient (GrpcClientProtocolClient.java:onNext(254)) - client-D47EFDF0E133->5d71e5de-6d45-4480-a1f1-d41cc2d38630: receive RaftClientReply:client-D47EFDF0E133->5d71e5de-6d45-4480-a1f1-d41cc2d38630@group-C6AEA7A4B82B, cid=567, SUCCESS, logIndex=998, commits[5d71e5de-6d45-4480-a1f1-d41cc2d38630:c1000]
2019-06-13 13:50:28,303 INFO  client.GrpcClientProtocolClient (GrpcClientProtocolClient.java:onNext(254)) - client-D47EFDF0E133->5d71e5de-6d45-4480-a1f1-d41cc2d38630: receive RaftClientReply:client-D47EFDF0E133->5d71e5de-6d45-4480-a1f1-d41cc2d38630@group-C6AEA7A4B82B, cid=568, SUCCESS, logIndex=1000, commits[5d71e5de-6d45-4480-a1f1-d41cc2d38630:c1001]
2019-06-13 13:50:28,313 INFO  client.GrpcClientProtocolClient (GrpcClientProtocolClient.java:onNext(254)) - client-D47EFDF0E133->5d71e5de-6d45-4480-a1f1-d41cc2d38630: receive RaftClientReply:client-D47EFDF0E133->5d71e5de-6d45-4480-a1f1-d41cc2d38630@group-C6AEA7A4B82B, cid=569, SUCCESS, logIndex=1002, commits[5d71e5de-6d45-4480-a1f1-d41cc2d38630:c1002]
2019-06-13 13:50:28,315 INFO  client.GrpcClientProtocolClient (GrpcClientProtocolClient.java:onNext(254)) - client-D47EFDF0E133->5d71e5de-6d45-4480-a1f1-d41cc2d38630: receive RaftClientReply:client-D47EFDF0E133->5d71e5de-6d45-4480-a1f1-d41cc2d38630@group-C6AEA7A4B82B, cid=570, SUCCESS, logIndex=1004, commits[5d71e5de-6d45-4480-a1f1-d41cc2d38630:c1004]
2019-06-13 13:50:28,316 INFO  client.GrpcClientProtocolClient (GrpcClientProtocolClient.java:onNext(254)) - client-D47EFDF0E133->5d71e5de-6d45-4480-a1f1-d41cc2d38630: receive RaftClientReply:client-D47EFDF0E133->5d71e5de-6d45-4480-a1f1-d41cc2d38630@group-C6AEA7A4B82B, cid=571, SUCCESS, logIndex=1005, commits[5d71e5de-6d45-4480-a1f1-d41cc2d38630:c1007]
2019-06-13 13:50:28,316 INFO  client.GrpcClientProtocolClient (GrpcClientProtocolClient.java:onNext(254)) - client-D47EFDF0E133->5d71e5de-6d45-4480-a1f1-d41cc2d38630: receive RaftClientReply:client-D47EFDF0E133->5d71e5de-6d45-4480-a1f1-d41cc2d38630@group-C6AEA7A4B82B, cid=572, SUCCESS, logIndex=1007, commits[5d71e5de-6d45-4480-a1f1-d41cc2d38630:c1008]
2019-06-13 13:50:28,323 INFO  client.GrpcClientProtocolClient (GrpcClientProtocolClient.java:onNext(254)) - client-D47EFDF0E133->5d71e5de-6d45-4480-a1f1-d41cc2d38630: receive RaftClientReply:client-D47EFDF0E133->5d71e5de-6d45-4480-a1f1-d41cc2d38630@group-C6AEA7A4B82B, cid=573, SUCCESS, logIndex=1009, commits[5d71e5de-6d45-4480-a1f1-d41cc2d38630:c1009]
2019-06-13 13:50:28,324 INFO  client.GrpcClientProtocolClient (GrpcClientProtocolClient.java:onNext(254)) - client-D47EFDF0E133->5d71e5de-6d45-4480-a1f1-d41cc2d38630: receive RaftClientReply:client-D47EFDF0E133->5d71e5de-6d45-4480-a1f1-d41cc2d38630@group-C6AEA7A4B82B, cid=574, SUCCESS, logIndex=1011, commits[5d71e5de-6d45-4480-a1f1-d41cc2d38630:c1011]
2019-06-13 13:50:28,351 DEBUG block.SCMBlockDeletingService (SCMBlockDeletingService.java:call(138)) - Running DeletedBlockTransactionScanner
2019-06-13 13:50:28,351 DEBUG block.SCMBlockDeletingService (SCMBlockDeletingService.java:call(155)) - Scanned deleted blocks log and got 0 delTX to process.
2019-06-13 13:50:28,393 INFO  client.GrpcClientProtocolClient (GrpcClientProtocolClient.java:onNext(254)) - client-D47EFDF0E133->5d71e5de-6d45-4480-a1f1-d41cc2d38630: receive RaftClientReply:client-D47EFDF0E133->5d71e5de-6d45-4480-a1f1-d41cc2d38630@group-C6AEA7A4B82B, cid=575, SUCCESS, logIndex=1013, commits[5d71e5de-6d45-4480-a1f1-d41cc2d38630:c1013]
2019-06-13 13:50:28,398 INFO  client.GrpcClientProtocolClient (GrpcClientProtocolClient.java:onNext(254)) - client-D47EFDF0E133->5d71e5de-6d45-4480-a1f1-d41cc2d38630: receive RaftClientReply:client-D47EFDF0E133->5d71e5de-6d45-4480-a1f1-d41cc2d38630@group-C6AEA7A4B82B, cid=576, SUCCESS, logIndex=1015, commits[5d71e5de-6d45-4480-a1f1-d41cc2d38630:c1015]
2019-06-13 13:50:28,410 INFO  client.GrpcClientProtocolClient (GrpcClientProtocolClient.java:onNext(254)) - client-D47EFDF0E133->5d71e5de-6d45-4480-a1f1-d41cc2d38630: receive RaftClientReply:client-D47EFDF0E133->5d71e5de-6d45-4480-a1f1-d41cc2d38630@group-C6AEA7A4B82B, cid=577, SUCCESS, logIndex=1017, commits[5d71e5de-6d45-4480-a1f1-d41cc2d38630:c1017]
2019-06-13 13:50:28,412 INFO  client.GrpcClientProtocolClient (GrpcClientProtocolClient.java:onNext(254)) - client-D47EFDF0E133->5d71e5de-6d45-4480-a1f1-d41cc2d38630: receive RaftClientReply:client-D47EFDF0E133->5d71e5de-6d45-4480-a1f1-d41cc2d38630@group-C6AEA7A4B82B, cid=578, SUCCESS, logIndex=1019, commits[5d71e5de-6d45-4480-a1f1-d41cc2d38630:c1019]
2019-06-13 13:50:28,413 INFO  client.GrpcClientProtocolClient (GrpcClientProtocolClient.java:onNext(254)) - client-D47EFDF0E133->5d71e5de-6d45-4480-a1f1-d41cc2d38630: receive RaftClientReply:client-D47EFDF0E133->5d71e5de-6d45-4480-a1f1-d41cc2d38630@group-C6AEA7A4B82B, cid=579, SUCCESS, logIndex=1020, commits[5d71e5de-6d45-4480-a1f1-d41cc2d38630:c1022]
2019-06-13 13:50:28,413 INFO  client.GrpcClientProtocolClient (GrpcClientProtocolClient.java:onNext(254)) - client-D47EFDF0E133->5d71e5de-6d45-4480-a1f1-d41cc2d38630: receive RaftClientReply:client-D47EFDF0E133->5d71e5de-6d45-4480-a1f1-d41cc2d38630@group-C6AEA7A4B82B, cid=580, SUCCESS, logIndex=1022, commits[5d71e5de-6d45-4480-a1f1-d41cc2d38630:c1022]
2019-06-13 13:50:28,419 INFO  client.GrpcClientProtocolClient (GrpcClientProtocolClient.java:onNext(254)) - client-D47EFDF0E133->5d71e5de-6d45-4480-a1f1-d41cc2d38630: receive RaftClientReply:client-D47EFDF0E133->5d71e5de-6d45-4480-a1f1-d41cc2d38630@group-C6AEA7A4B82B, cid=581, SUCCESS, logIndex=1024, commits[5d71e5de-6d45-4480-a1f1-d41cc2d38630:c1024]
2019-06-13 13:50:28,422 INFO  client.GrpcClientProtocolClient (GrpcClientProtocolClient.java:onNext(254)) - client-D47EFDF0E133->5d71e5de-6d45-4480-a1f1-d41cc2d38630: receive RaftClientReply:client-D47EFDF0E133->5d71e5de-6d45-4480-a1f1-d41cc2d38630@group-C6AEA7A4B82B, cid=582, SUCCESS, logIndex=1026, commits[5d71e5de-6d45-4480-a1f1-d41cc2d38630:c1026]
2019-06-13 13:50:28,422 INFO  client.GrpcClientProtocolClient (GrpcClientProtocolClient.java:onNext(254)) - client-D47EFDF0E133->5d71e5de-6d45-4480-a1f1-d41cc2d38630: receive RaftClientReply:client-D47EFDF0E133->5d71e5de-6d45-4480-a1f1-d41cc2d38630@group-C6AEA7A4B82B, cid=583, SUCCESS, logIndex=1027, commits[5d71e5de-6d45-4480-a1f1-d41cc2d38630:c1029]
2019-06-13 13:50:28,423 INFO  client.GrpcClientProtocolClient (GrpcClientProtocolClient.java:onNext(254)) - client-D47EFDF0E133->5d71e5de-6d45-4480-a1f1-d41cc2d38630: receive RaftClientReply:client-D47EFDF0E133->5d71e5de-6d45-4480-a1f1-d41cc2d38630@group-C6AEA7A4B82B, cid=584, SUCCESS, logIndex=1029, commits[5d71e5de-6d45-4480-a1f1-d41cc2d38630:c1029]
2019-06-13 13:50:28,432 INFO  client.GrpcClientProtocolClient (GrpcClientProtocolClient.java:onNext(254)) - client-D47EFDF0E133->5d71e5de-6d45-4480-a1f1-d41cc2d38630: receive RaftClientReply:client-D47EFDF0E133->5d71e5de-6d45-4480-a1f1-d41cc2d38630@group-C6AEA7A4B82B, cid=585, SUCCESS, logIndex=1031, commits[5d71e5de-6d45-4480-a1f1-d41cc2d38630:c1031]
2019-06-13 13:50:28,434 INFO  client.GrpcClientProtocolClient (GrpcClientProtocolClient.java:onNext(254)) - client-D47EFDF0E133->5d71e5de-6d45-4480-a1f1-d41cc2d38630: receive RaftClientReply:client-D47EFDF0E133->5d71e5de-6d45-4480-a1f1-d41cc2d38630@group-C6AEA7A4B82B, cid=586, SUCCESS, logIndex=1033, commits[5d71e5de-6d45-4480-a1f1-d41cc2d38630:c1033]
2019-06-13 13:50:28,435 INFO  client.GrpcClientProtocolClient (GrpcClientProtocolClient.java:onNext(254)) - client-D47EFDF0E133->5d71e5de-6d45-4480-a1f1-d41cc2d38630: receive RaftClientReply:client-D47EFDF0E133->5d71e5de-6d45-4480-a1f1-d41cc2d38630@group-C6AEA7A4B82B, cid=587, SUCCESS, logIndex=1034, commits[5d71e5de-6d45-4480-a1f1-d41cc2d38630:c1034]
2019-06-13 13:50:28,435 INFO  client.GrpcClientProtocolClient (GrpcClientProtocolClient.java:onNext(254)) - client-D47EFDF0E133->5d71e5de-6d45-4480-a1f1-d41cc2d38630: receive RaftClientReply:client-D47EFDF0E133->5d71e5de-6d45-4480-a1f1-d41cc2d38630@group-C6AEA7A4B82B, cid=588, SUCCESS, logIndex=1036, commits[5d71e5de-6d45-4480-a1f1-d41cc2d38630:c1036]
2019-06-13 13:50:28,441 INFO  client.GrpcClientProtocolClient (GrpcClientProtocolClient.java:onNext(254)) - client-D47EFDF0E133->5d71e5de-6d45-4480-a1f1-d41cc2d38630: receive RaftClientReply:client-D47EFDF0E133->5d71e5de-6d45-4480-a1f1-d41cc2d38630@group-C6AEA7A4B82B, cid=589, SUCCESS, logIndex=1039, commits[5d71e5de-6d45-4480-a1f1-d41cc2d38630:c1039]
2019-06-13 13:50:28,443 INFO  client.GrpcClientProtocolClient (GrpcClientProtocolClient.java:onNext(254)) - client-D47EFDF0E133->5d71e5de-6d45-4480-a1f1-d41cc2d38630: receive RaftClientReply:client-D47EFDF0E133->5d71e5de-6d45-4480-a1f1-d41cc2d38630@group-C6AEA7A4B82B, cid=590, SUCCESS, logIndex=1041, commits[5d71e5de-6d45-4480-a1f1-d41cc2d38630:c1041]
2019-06-13 13:50:28,445 INFO  client.GrpcClientProtocolClient (GrpcClientProtocolClient.java:onNext(254)) - client-D47EFDF0E133->5d71e5de-6d45-4480-a1f1-d41cc2d38630: receive RaftClientReply:client-D47EFDF0E133->5d71e5de-6d45-4480-a1f1-d41cc2d38630@group-C6AEA7A4B82B, cid=591, SUCCESS, logIndex=1042, commits[5d71e5de-6d45-4480-a1f1-d41cc2d38630:c1044]
2019-06-13 13:50:28,445 INFO  client.GrpcClientProtocolClient (GrpcClientProtocolClient.java:onNext(254)) - client-D47EFDF0E133->5d71e5de-6d45-4480-a1f1-d41cc2d38630: receive RaftClientReply:client-D47EFDF0E133->5d71e5de-6d45-4480-a1f1-d41cc2d38630@group-C6AEA7A4B82B, cid=592, SUCCESS, logIndex=1043, commits[5d71e5de-6d45-4480-a1f1-d41cc2d38630:c1044]
2019-06-13 13:50:28,451 DEBUG block.SCMBlockDeletingService (SCMBlockDeletingService.java:call(138)) - Running DeletedBlockTransactionScanner
2019-06-13 13:50:28,451 DEBUG block.SCMBlockDeletingService (SCMBlockDeletingService.java:call(155)) - Scanned deleted blocks log and got 0 delTX to process.
2019-06-13 13:50:28,454 INFO  client.GrpcClientProtocolClient (GrpcClientProtocolClient.java:onNext(254)) - client-D47EFDF0E133->5d71e5de-6d45-4480-a1f1-d41cc2d38630: receive RaftClientReply:client-D47EFDF0E133->5d71e5de-6d45-4480-a1f1-d41cc2d38630@group-C6AEA7A4B82B, cid=593, SUCCESS, logIndex=1045, commits[5d71e5de-6d45-4480-a1f1-d41cc2d38630:c1045]
2019-06-13 13:50:28,456 INFO  client.GrpcClientProtocolClient (GrpcClientProtocolClient.java:onNext(254)) - client-D47EFDF0E133->5d71e5de-6d45-4480-a1f1-d41cc2d38630: receive RaftClientReply:client-D47EFDF0E133->5d71e5de-6d45-4480-a1f1-d41cc2d38630@group-C6AEA7A4B82B, cid=594, SUCCESS, logIndex=1047, commits[5d71e5de-6d45-4480-a1f1-d41cc2d38630:c1047]
2019-06-13 13:50:28,458 INFO  client.GrpcClientProtocolClient (GrpcClientProtocolClient.java:onNext(254)) - client-D47EFDF0E133->5d71e5de-6d45-4480-a1f1-d41cc2d38630: receive RaftClientReply:client-D47EFDF0E133->5d71e5de-6d45-4480-a1f1-d41cc2d38630@group-C6AEA7A4B82B, cid=595, SUCCESS, logIndex=1048, commits[5d71e5de-6d45-4480-a1f1-d41cc2d38630:c1050]
2019-06-13 13:50:28,458 INFO  client.GrpcClientProtocolClient (GrpcClientProtocolClient.java:onNext(254)) - client-D47EFDF0E133->5d71e5de-6d45-4480-a1f1-d41cc2d38630: receive RaftClientReply:client-D47EFDF0E133->5d71e5de-6d45-4480-a1f1-d41cc2d38630@group-C6AEA7A4B82B, cid=596, SUCCESS, logIndex=1050, commits[5d71e5de-6d45-4480-a1f1-d41cc2d38630:c1050]
2019-06-13 13:50:28,465 INFO  client.GrpcClientProtocolClient (GrpcClientProtocolClient.java:onNext(254)) - client-D47EFDF0E133->5d71e5de-6d45-4480-a1f1-d41cc2d38630: receive RaftClientReply:client-D47EFDF0E133->5d71e5de-6d45-4480-a1f1-d41cc2d38630@group-C6AEA7A4B82B, cid=597, SUCCESS, logIndex=1052, commits[5d71e5de-6d45-4480-a1f1-d41cc2d38630:c1052]
2019-06-13 13:50:28,467 INFO  client.GrpcClientProtocolClient (GrpcClientProtocolClient.java:onNext(254)) - client-D47EFDF0E133->5d71e5de-6d45-4480-a1f1-d41cc2d38630: receive RaftClientReply:client-D47EFDF0E133->5d71e5de-6d45-4480-a1f1-d41cc2d38630@group-C6AEA7A4B82B, cid=598, SUCCESS, logIndex=1054, commits[5d71e5de-6d45-4480-a1f1-d41cc2d38630:c1054]
2019-06-13 13:50:28,467 INFO  storage.RaftLogWorker (RaftLogWorker.java:rollLogSegment(303)) - 5d71e5de-6d45-4480-a1f1-d41cc2d38630-RaftLogWorker: Rolling segment log-984_1056 to index:1056
2019-06-13 13:50:28,468 INFO  storage.RaftLogWorker (RaftLogWorker.java:execute(433)) - 5d71e5de-6d45-4480-a1f1-d41cc2d38630-RaftLogWorker: Rolled log segment from /opt/src/hadoop-ozone/integration-test/target/test-dir/MiniOzoneClusterImpl-c05bfa39-b333-4767-bc96-5a78f3430938/datanode-0/data/ratis/3aee30eb-3db1-472a-b851-c6aea7a4b82b/current/log_inprogress_984 to /opt/src/hadoop-ozone/integration-test/target/test-dir/MiniOzoneClusterImpl-c05bfa39-b333-4767-bc96-5a78f3430938/datanode-0/data/ratis/3aee30eb-3db1-472a-b851-c6aea7a4b82b/current/log_984-1056
2019-06-13 13:50:28,475 INFO  client.GrpcClientProtocolClient (GrpcClientProtocolClient.java:onNext(254)) - client-D47EFDF0E133->5d71e5de-6d45-4480-a1f1-d41cc2d38630: receive RaftClientReply:client-D47EFDF0E133->5d71e5de-6d45-4480-a1f1-d41cc2d38630@group-C6AEA7A4B82B, cid=599, SUCCESS, logIndex=1056, commits[5d71e5de-6d45-4480-a1f1-d41cc2d38630:c1056]
2019-06-13 13:50:28,505 INFO  storage.RaftLogWorker (RaftLogWorker.java:execute(469)) - 5d71e5de-6d45-4480-a1f1-d41cc2d38630-RaftLogWorker: created new log segment /opt/src/hadoop-ozone/integration-test/target/test-dir/MiniOzoneClusterImpl-c05bfa39-b333-4767-bc96-5a78f3430938/datanode-0/data/ratis/3aee30eb-3db1-472a-b851-c6aea7a4b82b/current/log_inprogress_1057
2019-06-13 13:50:28,507 INFO  client.GrpcClientProtocolClient (GrpcClientProtocolClient.java:onNext(254)) - client-D47EFDF0E133->5d71e5de-6d45-4480-a1f1-d41cc2d38630: receive RaftClientReply:client-D47EFDF0E133->5d71e5de-6d45-4480-a1f1-d41cc2d38630@group-C6AEA7A4B82B, cid=600, SUCCESS, logIndex=1057, commits[5d71e5de-6d45-4480-a1f1-d41cc2d38630:c1058]
2019-06-13 13:50:28,519 INFO  client.GrpcClientProtocolClient (GrpcClientProtocolClient.java:onNext(254)) - client-D47EFDF0E133->5d71e5de-6d45-4480-a1f1-d41cc2d38630: receive RaftClientReply:client-D47EFDF0E133->5d71e5de-6d45-4480-a1f1-d41cc2d38630@group-C6AEA7A4B82B, cid=601, SUCCESS, logIndex=1059, commits[5d71e5de-6d45-4480-a1f1-d41cc2d38630:c1059]
2019-06-13 13:50:28,521 INFO  client.GrpcClientProtocolClient (GrpcClientProtocolClient.java:onNext(254)) - client-D47EFDF0E133->5d71e5de-6d45-4480-a1f1-d41cc2d38630: receive RaftClientReply:client-D47EFDF0E133->5d71e5de-6d45-4480-a1f1-d41cc2d38630@group-C6AEA7A4B82B, cid=602, SUCCESS, logIndex=1061, commits[5d71e5de-6d45-4480-a1f1-d41cc2d38630:c1061]
2019-06-13 13:50:28,522 INFO  client.GrpcClientProtocolClient (GrpcClientProtocolClient.java:onNext(254)) - client-D47EFDF0E133->5d71e5de-6d45-4480-a1f1-d41cc2d38630: receive RaftClientReply:client-D47EFDF0E133->5d71e5de-6d45-4480-a1f1-d41cc2d38630@group-C6AEA7A4B82B, cid=603, SUCCESS, logIndex=1062, commits[5d71e5de-6d45-4480-a1f1-d41cc2d38630:c1063]
2019-06-13 13:50:28,523 INFO  client.GrpcClientProtocolClient (GrpcClientProtocolClient.java:onNext(254)) - client-D47EFDF0E133->5d71e5de-6d45-4480-a1f1-d41cc2d38630: receive RaftClientReply:client-D47EFDF0E133->5d71e5de-6d45-4480-a1f1-d41cc2d38630@group-C6AEA7A4B82B, cid=604, SUCCESS, logIndex=1064, commits[5d71e5de-6d45-4480-a1f1-d41cc2d38630:c1064]
2019-06-13 13:50:28,530 INFO  client.GrpcClientProtocolClient (GrpcClientProtocolClient.java:onNext(254)) - client-D47EFDF0E133->5d71e5de-6d45-4480-a1f1-d41cc2d38630: receive RaftClientReply:client-D47EFDF0E133->5d71e5de-6d45-4480-a1f1-d41cc2d38630@group-C6AEA7A4B82B, cid=605, SUCCESS, logIndex=1066, commits[5d71e5de-6d45-4480-a1f1-d41cc2d38630:c1066]
2019-06-13 13:50:28,531 INFO  client.GrpcClientProtocolClient (GrpcClientProtocolClient.java:onNext(254)) - client-D47EFDF0E133->5d71e5de-6d45-4480-a1f1-d41cc2d38630: receive RaftClientReply:client-D47EFDF0E133->5d71e5de-6d45-4480-a1f1-d41cc2d38630@group-C6AEA7A4B82B, cid=606, SUCCESS, logIndex=1068, commits[5d71e5de-6d45-4480-a1f1-d41cc2d38630:c1068]
2019-06-13 13:50:28,534 INFO  client.GrpcClientProtocolClient (GrpcClientProtocolClient.java:onNext(254)) - client-D47EFDF0E133->5d71e5de-6d45-4480-a1f1-d41cc2d38630: receive RaftClientReply:client-D47EFDF0E133->5d71e5de-6d45-4480-a1f1-d41cc2d38630@group-C6AEA7A4B82B, cid=607, SUCCESS, logIndex=1070, commits[5d71e5de-6d45-4480-a1f1-d41cc2d38630:c1071]
2019-06-13 13:50:28,535 INFO  client.GrpcClientProtocolClient (GrpcClientProtocolClient.java:onNext(254)) - client-D47EFDF0E133->5d71e5de-6d45-4480-a1f1-d41cc2d38630: receive RaftClientReply:client-D47EFDF0E133->5d71e5de-6d45-4480-a1f1-d41cc2d38630@group-C6AEA7A4B82B, cid=608, SUCCESS, logIndex=1071, commits[5d71e5de-6d45-4480-a1f1-d41cc2d38630:c1072]
2019-06-13 13:50:28,544 INFO  client.GrpcClientProtocolClient (GrpcClientProtocolClient.java:onNext(254)) - client-D47EFDF0E133->5d71e5de-6d45-4480-a1f1-d41cc2d38630: receive RaftClientReply:client-D47EFDF0E133->5d71e5de-6d45-4480-a1f1-d41cc2d38630@group-C6AEA7A4B82B, cid=609, SUCCESS, logIndex=1073, commits[5d71e5de-6d45-4480-a1f1-d41cc2d38630:c1073]
2019-06-13 13:50:28,545 INFO  client.GrpcClientProtocolClient (GrpcClientProtocolClient.java:onNext(254)) - client-D47EFDF0E133->5d71e5de-6d45-4480-a1f1-d41cc2d38630: receive RaftClientReply:client-D47EFDF0E133->5d71e5de-6d45-4480-a1f1-d41cc2d38630@group-C6AEA7A4B82B, cid=610, SUCCESS, logIndex=1075, commits[5d71e5de-6d45-4480-a1f1-d41cc2d38630:c1075]
2019-06-13 13:50:28,547 INFO  client.GrpcClientProtocolClient (GrpcClientProtocolClient.java:onNext(254)) - client-D47EFDF0E133->5d71e5de-6d45-4480-a1f1-d41cc2d38630: receive RaftClientReply:client-D47EFDF0E133->5d71e5de-6d45-4480-a1f1-d41cc2d38630@group-C6AEA7A4B82B, cid=611, SUCCESS, logIndex=1076, commits[5d71e5de-6d45-4480-a1f1-d41cc2d38630:c1078]
2019-06-13 13:50:28,547 INFO  client.GrpcClientProtocolClient (GrpcClientProtocolClient.java:onNext(254)) - client-D47EFDF0E133->5d71e5de-6d45-4480-a1f1-d41cc2d38630: receive RaftClientReply:client-D47EFDF0E133->5d71e5de-6d45-4480-a1f1-d41cc2d38630@group-C6AEA7A4B82B, cid=612, SUCCESS, logIndex=1078, commits[5d71e5de-6d45-4480-a1f1-d41cc2d38630:c1078]
2019-06-13 13:50:28,552 DEBUG block.SCMBlockDeletingService (SCMBlockDeletingService.java:call(138)) - Running DeletedBlockTransactionScanner
2019-06-13 13:50:28,552 DEBUG block.SCMBlockDeletingService (SCMBlockDeletingService.java:call(155)) - Scanned deleted blocks log and got 0 delTX to process.
2019-06-13 13:50:28,554 INFO  client.GrpcClientProtocolClient (GrpcClientProtocolClient.java:onNext(254)) - client-D47EFDF0E133->5d71e5de-6d45-4480-a1f1-d41cc2d38630: receive RaftClientReply:client-D47EFDF0E133->5d71e5de-6d45-4480-a1f1-d41cc2d38630@group-C6AEA7A4B82B, cid=613, SUCCESS, logIndex=1080, commits[5d71e5de-6d45-4480-a1f1-d41cc2d38630:c1080]
2019-06-13 13:50:28,556 INFO  client.GrpcClientProtocolClient (GrpcClientProtocolClient.java:onNext(254)) - client-D47EFDF0E133->5d71e5de-6d45-4480-a1f1-d41cc2d38630: receive RaftClientReply:client-D47EFDF0E133->5d71e5de-6d45-4480-a1f1-d41cc2d38630@group-C6AEA7A4B82B, cid=614, SUCCESS, logIndex=1082, commits[5d71e5de-6d45-4480-a1f1-d41cc2d38630:c1082]
2019-06-13 13:50:28,557 INFO  client.GrpcClientProtocolClient (GrpcClientProtocolClient.java:onNext(254)) - client-D47EFDF0E133->5d71e5de-6d45-4480-a1f1-d41cc2d38630: receive RaftClientReply:client-D47EFDF0E133->5d71e5de-6d45-4480-a1f1-d41cc2d38630@group-C6AEA7A4B82B, cid=615, SUCCESS, logIndex=1083, commits[5d71e5de-6d45-4480-a1f1-d41cc2d38630:c1085]
2019-06-13 13:50:28,558 INFO  client.GrpcClientProtocolClient (GrpcClientProtocolClient.java:onNext(254)) - client-D47EFDF0E133->5d71e5de-6d45-4480-a1f1-d41cc2d38630: receive RaftClientReply:client-D47EFDF0E133->5d71e5de-6d45-4480-a1f1-d41cc2d38630@group-C6AEA7A4B82B, cid=616, SUCCESS, logIndex=1085, commits[5d71e5de-6d45-4480-a1f1-d41cc2d38630:c1086]
2019-06-13 13:50:28,570 INFO  client.GrpcClientProtocolClient (GrpcClientProtocolClient.java:onNext(254)) - client-D47EFDF0E133->5d71e5de-6d45-4480-a1f1-d41cc2d38630: receive RaftClientReply:client-D47EFDF0E133->5d71e5de-6d45-4480-a1f1-d41cc2d38630@group-C6AEA7A4B82B, cid=617, SUCCESS, logIndex=1087, commits[5d71e5de-6d45-4480-a1f1-d41cc2d38630:c1087]
2019-06-13 13:50:28,571 INFO  client.GrpcClientProtocolClient (GrpcClientProtocolClient.java:onNext(254)) - client-D47EFDF0E133->5d71e5de-6d45-4480-a1f1-d41cc2d38630: receive RaftClientReply:client-D47EFDF0E133->5d71e5de-6d45-4480-a1f1-d41cc2d38630@group-C6AEA7A4B82B, cid=618, SUCCESS, logIndex=1089, commits[5d71e5de-6d45-4480-a1f1-d41cc2d38630:c1089]
2019-06-13 13:50:28,682 DEBUG block.SCMBlockDeletingService (SCMBlockDeletingService.java:call(138)) - Running DeletedBlockTransactionScanner
2019-06-13 13:50:28,682 DEBUG block.SCMBlockDeletingService (SCMBlockDeletingService.java:call(155)) - Scanned deleted blocks log and got 0 delTX to process.
2019-06-13 13:50:28,693 INFO  client.GrpcClientProtocolClient (GrpcClientProtocolClient.java:onNext(254)) - client-D47EFDF0E133->5d71e5de-6d45-4480-a1f1-d41cc2d38630: receive RaftClientReply:client-D47EFDF0E133->5d71e5de-6d45-4480-a1f1-d41cc2d38630@group-C6AEA7A4B82B, cid=619, SUCCESS, logIndex=1091, commits[5d71e5de-6d45-4480-a1f1-d41cc2d38630:c1091]
2019-06-13 13:50:28,695 INFO  client.GrpcClientProtocolClient (GrpcClientProtocolClient.java:onNext(254)) - client-D47EFDF0E133->5d71e5de-6d45-4480-a1f1-d41cc2d38630: receive RaftClientReply:client-D47EFDF0E133->5d71e5de-6d45-4480-a1f1-d41cc2d38630@group-C6AEA7A4B82B, cid=620, SUCCESS, logIndex=1093, commits[5d71e5de-6d45-4480-a1f1-d41cc2d38630:c1093]
2019-06-13 13:50:28,702 INFO  client.GrpcClientProtocolClient (GrpcClientProtocolClient.java:onNext(254)) - client-D47EFDF0E133->5d71e5de-6d45-4480-a1f1-d41cc2d38630: receive RaftClientReply:client-D47EFDF0E133->5d71e5de-6d45-4480-a1f1-d41cc2d38630@group-C6AEA7A4B82B, cid=621, SUCCESS, logIndex=1095, commits[5d71e5de-6d45-4480-a1f1-d41cc2d38630:c1095]
2019-06-13 13:50:28,703 INFO  client.GrpcClientProtocolClient (GrpcClientProtocolClient.java:onNext(254)) - client-D47EFDF0E133->5d71e5de-6d45-4480-a1f1-d41cc2d38630: receive RaftClientReply:client-D47EFDF0E133->5d71e5de-6d45-4480-a1f1-d41cc2d38630@group-C6AEA7A4B82B, cid=622, SUCCESS, logIndex=1097, commits[5d71e5de-6d45-4480-a1f1-d41cc2d38630:c1097]
2019-06-13 13:50:28,706 INFO  client.GrpcClientProtocolClient (GrpcClientProtocolClient.java:onNext(254)) - client-D47EFDF0E133->5d71e5de-6d45-4480-a1f1-d41cc2d38630: receive RaftClientReply:client-D47EFDF0E133->5d71e5de-6d45-4480-a1f1-d41cc2d38630@group-C6AEA7A4B82B, cid=623, SUCCESS, logIndex=1099, commits[5d71e5de-6d45-4480-a1f1-d41cc2d38630:c1100]
2019-06-13 13:50:28,706 INFO  client.GrpcClientProtocolClient (GrpcClientProtocolClient.java:onNext(254)) - client-D47EFDF0E133->5d71e5de-6d45-4480-a1f1-d41cc2d38630: receive RaftClientReply:client-D47EFDF0E133->5d71e5de-6d45-4480-a1f1-d41cc2d38630@group-C6AEA7A4B82B, cid=624, SUCCESS, logIndex=1100, commits[5d71e5de-6d45-4480-a1f1-d41cc2d38630:c1101]
2019-06-13 13:50:28,717 INFO  client.GrpcClientProtocolClient (GrpcClientProtocolClient.java:onNext(254)) - client-D47EFDF0E133->5d71e5de-6d45-4480-a1f1-d41cc2d38630: receive RaftClientReply:client-D47EFDF0E133->5d71e5de-6d45-4480-a1f1-d41cc2d38630@group-C6AEA7A4B82B, cid=625, SUCCESS, logIndex=1102, commits[5d71e5de-6d45-4480-a1f1-d41cc2d38630:c1102]
2019-06-13 13:50:28,720 INFO  client.GrpcClientProtocolClient (GrpcClientProtocolClient.java:onNext(254)) - client-D47EFDF0E133->5d71e5de-6d45-4480-a1f1-d41cc2d38630: receive RaftClientReply:client-D47EFDF0E133->5d71e5de-6d45-4480-a1f1-d41cc2d38630@group-C6AEA7A4B82B, cid=626, SUCCESS, logIndex=1104, commits[5d71e5de-6d45-4480-a1f1-d41cc2d38630:c1104]
2019-06-13 13:50:28,721 INFO  client.GrpcClientProtocolClient (GrpcClientProtocolClient.java:onNext(254)) - client-D47EFDF0E133->5d71e5de-6d45-4480-a1f1-d41cc2d38630: receive RaftClientReply:client-D47EFDF0E133->5d71e5de-6d45-4480-a1f1-d41cc2d38630@group-C6AEA7A4B82B, cid=627, SUCCESS, logIndex=1105, commits[5d71e5de-6d45-4480-a1f1-d41cc2d38630:c1106]
2019-06-13 13:50:28,721 INFO  client.GrpcClientProtocolClient (GrpcClientProtocolClient.java:onNext(254)) - client-D47EFDF0E133->5d71e5de-6d45-4480-a1f1-d41cc2d38630: receive RaftClientReply:client-D47EFDF0E133->5d71e5de-6d45-4480-a1f1-d41cc2d38630@group-C6AEA7A4B82B, cid=628, SUCCESS, logIndex=1106, commits[5d71e5de-6d45-4480-a1f1-d41cc2d38630:c1107]
2019-06-13 13:50:28,727 INFO  client.GrpcClientProtocolClient (GrpcClientProtocolClient.java:onNext(254)) - client-D47EFDF0E133->5d71e5de-6d45-4480-a1f1-d41cc2d38630: receive RaftClientReply:client-D47EFDF0E133->5d71e5de-6d45-4480-a1f1-d41cc2d38630@group-C6AEA7A4B82B, cid=629, SUCCESS, logIndex=1109, commits[5d71e5de-6d45-4480-a1f1-d41cc2d38630:c1109]
2019-06-13 13:50:28,730 INFO  client.GrpcClientProtocolClient (GrpcClientProtocolClient.java:onNext(254)) - client-D47EFDF0E133->5d71e5de-6d45-4480-a1f1-d41cc2d38630: receive RaftClientReply:client-D47EFDF0E133->5d71e5de-6d45-4480-a1f1-d41cc2d38630@group-C6AEA7A4B82B, cid=630, SUCCESS, logIndex=1111, commits[5d71e5de-6d45-4480-a1f1-d41cc2d38630:c1111]
2019-06-13 13:50:28,731 INFO  client.GrpcClientProtocolClient (GrpcClientProtocolClient.java:onNext(254)) - client-D47EFDF0E133->5d71e5de-6d45-4480-a1f1-d41cc2d38630: receive RaftClientReply:client-D47EFDF0E133->5d71e5de-6d45-4480-a1f1-d41cc2d38630@group-C6AEA7A4B82B, cid=631, SUCCESS, logIndex=1112, commits[5d71e5de-6d45-4480-a1f1-d41cc2d38630:c1113]
2019-06-13 13:50:28,731 INFO  client.GrpcClientProtocolClient (GrpcClientProtocolClient.java:onNext(254)) - client-D47EFDF0E133->5d71e5de-6d45-4480-a1f1-d41cc2d38630: receive RaftClientReply:client-D47EFDF0E133->5d71e5de-6d45-4480-a1f1-d41cc2d38630@group-C6AEA7A4B82B, cid=632, SUCCESS, logIndex=1113, commits[5d71e5de-6d45-4480-a1f1-d41cc2d38630:c1114]
2019-06-13 13:50:28,742 INFO  client.GrpcClientProtocolClient (GrpcClientProtocolClient.java:onNext(254)) - client-D47EFDF0E133->5d71e5de-6d45-4480-a1f1-d41cc2d38630: receive RaftClientReply:client-D47EFDF0E133->5d71e5de-6d45-4480-a1f1-d41cc2d38630@group-C6AEA7A4B82B, cid=633, SUCCESS, logIndex=1116, commits[5d71e5de-6d45-4480-a1f1-d41cc2d38630:c1116]
2019-06-13 13:50:28,744 INFO  client.GrpcClientProtocolClient (GrpcClientProtocolClient.java:onNext(254)) - client-D47EFDF0E133->5d71e5de-6d45-4480-a1f1-d41cc2d38630: receive RaftClientReply:client-D47EFDF0E133->5d71e5de-6d45-4480-a1f1-d41cc2d38630@group-C6AEA7A4B82B, cid=634, SUCCESS, logIndex=1118, commits[5d71e5de-6d45-4480-a1f1-d41cc2d38630:c1118]
2019-06-13 13:50:28,745 INFO  client.GrpcClientProtocolClient (GrpcClientProtocolClient.java:onNext(254)) - client-D47EFDF0E133->5d71e5de-6d45-4480-a1f1-d41cc2d38630: receive RaftClientReply:client-D47EFDF0E133->5d71e5de-6d45-4480-a1f1-d41cc2d38630@group-C6AEA7A4B82B, cid=635, SUCCESS, logIndex=1119, commits[5d71e5de-6d45-4480-a1f1-d41cc2d38630:c1120]
2019-06-13 13:50:28,745 INFO  client.GrpcClientProtocolClient (GrpcClientProtocolClient.java:onNext(254)) - client-D47EFDF0E133->5d71e5de-6d45-4480-a1f1-d41cc2d38630: receive RaftClientReply:client-D47EFDF0E133->5d71e5de-6d45-4480-a1f1-d41cc2d38630@group-C6AEA7A4B82B, cid=636, SUCCESS, logIndex=1120, commits[5d71e5de-6d45-4480-a1f1-d41cc2d38630:c1120]
2019-06-13 13:50:28,751 INFO  client.GrpcClientProtocolClient (GrpcClientProtocolClient.java:onNext(254)) - client-D47EFDF0E133->5d71e5de-6d45-4480-a1f1-d41cc2d38630: receive RaftClientReply:client-D47EFDF0E133->5d71e5de-6d45-4480-a1f1-d41cc2d38630@group-C6AEA7A4B82B, cid=637, SUCCESS, logIndex=1123, commits[5d71e5de-6d45-4480-a1f1-d41cc2d38630:c1123]
2019-06-13 13:50:28,762 INFO  client.GrpcClientProtocolClient (GrpcClientProtocolClient.java:onNext(254)) - client-D47EFDF0E133->5d71e5de-6d45-4480-a1f1-d41cc2d38630: receive RaftClientReply:client-D47EFDF0E133->5d71e5de-6d45-4480-a1f1-d41cc2d38630@group-C6AEA7A4B82B, cid=638, SUCCESS, logIndex=1125, commits[5d71e5de-6d45-4480-a1f1-d41cc2d38630:c1125]
2019-06-13 13:50:28,775 INFO  client.GrpcClientProtocolClient (GrpcClientProtocolClient.java:onNext(254)) - client-D47EFDF0E133->5d71e5de-6d45-4480-a1f1-d41cc2d38630: receive RaftClientReply:client-D47EFDF0E133->5d71e5de-6d45-4480-a1f1-d41cc2d38630@group-C6AEA7A4B82B, cid=639, SUCCESS, logIndex=1127, commits[5d71e5de-6d45-4480-a1f1-d41cc2d38630:c1127]
2019-06-13 13:50:28,778 INFO  client.GrpcClientProtocolClient (GrpcClientProtocolClient.java:onNext(254)) - client-D47EFDF0E133->5d71e5de-6d45-4480-a1f1-d41cc2d38630: receive RaftClientReply:client-D47EFDF0E133->5d71e5de-6d45-4480-a1f1-d41cc2d38630@group-C6AEA7A4B82B, cid=640, SUCCESS, logIndex=1129, commits[5d71e5de-6d45-4480-a1f1-d41cc2d38630:c1129]
2019-06-13 13:50:28,782 DEBUG block.SCMBlockDeletingService (SCMBlockDeletingService.java:call(138)) - Running DeletedBlockTransactionScanner
2019-06-13 13:50:28,782 DEBUG block.SCMBlockDeletingService (SCMBlockDeletingService.java:call(155)) - Scanned deleted blocks log and got 0 delTX to process.
2019-06-13 13:50:28,794 INFO  client.GrpcClientProtocolClient (GrpcClientProtocolClient.java:onNext(254)) - client-D47EFDF0E133->5d71e5de-6d45-4480-a1f1-d41cc2d38630: receive RaftClientReply:client-D47EFDF0E133->5d71e5de-6d45-4480-a1f1-d41cc2d38630@group-C6AEA7A4B82B, cid=641, SUCCESS, logIndex=1131, commits[5d71e5de-6d45-4480-a1f1-d41cc2d38630:c1131]
2019-06-13 13:50:28,794 INFO  storage.RaftLogWorker (RaftLogWorker.java:rollLogSegment(303)) - 5d71e5de-6d45-4480-a1f1-d41cc2d38630-RaftLogWorker: Rolling segment log-1057_1133 to index:1133
2019-06-13 13:50:28,796 INFO  storage.RaftLogWorker (RaftLogWorker.java:execute(433)) - 5d71e5de-6d45-4480-a1f1-d41cc2d38630-RaftLogWorker: Rolled log segment from /opt/src/hadoop-ozone/integration-test/target/test-dir/MiniOzoneClusterImpl-c05bfa39-b333-4767-bc96-5a78f3430938/datanode-0/data/ratis/3aee30eb-3db1-472a-b851-c6aea7a4b82b/current/log_inprogress_1057 to /opt/src/hadoop-ozone/integration-test/target/test-dir/MiniOzoneClusterImpl-c05bfa39-b333-4767-bc96-5a78f3430938/datanode-0/data/ratis/3aee30eb-3db1-472a-b851-c6aea7a4b82b/current/log_1057-1133
2019-06-13 13:50:28,806 INFO  client.GrpcClientProtocolClient (GrpcClientProtocolClient.java:onNext(254)) - client-D47EFDF0E133->5d71e5de-6d45-4480-a1f1-d41cc2d38630: receive RaftClientReply:client-D47EFDF0E133->5d71e5de-6d45-4480-a1f1-d41cc2d38630@group-C6AEA7A4B82B, cid=642, SUCCESS, logIndex=1133, commits[5d71e5de-6d45-4480-a1f1-d41cc2d38630:c1133]
2019-06-13 13:50:28,839 INFO  storage.RaftLogWorker (RaftLogWorker.java:execute(469)) - 5d71e5de-6d45-4480-a1f1-d41cc2d38630-RaftLogWorker: created new log segment /opt/src/hadoop-ozone/integration-test/target/test-dir/MiniOzoneClusterImpl-c05bfa39-b333-4767-bc96-5a78f3430938/datanode-0/data/ratis/3aee30eb-3db1-472a-b851-c6aea7a4b82b/current/log_inprogress_1134
2019-06-13 13:50:28,845 INFO  client.GrpcClientProtocolClient (GrpcClientProtocolClient.java:onNext(254)) - client-D47EFDF0E133->5d71e5de-6d45-4480-a1f1-d41cc2d38630: receive RaftClientReply:client-D47EFDF0E133->5d71e5de-6d45-4480-a1f1-d41cc2d38630@group-C6AEA7A4B82B, cid=643, SUCCESS, logIndex=1134, commits[5d71e5de-6d45-4480-a1f1-d41cc2d38630:c1136]
2019-06-13 13:50:28,846 INFO  client.GrpcClientProtocolClient (GrpcClientProtocolClient.java:onNext(254)) - client-D47EFDF0E133->5d71e5de-6d45-4480-a1f1-d41cc2d38630: receive RaftClientReply:client-D47EFDF0E133->5d71e5de-6d45-4480-a1f1-d41cc2d38630@group-C6AEA7A4B82B, cid=644, SUCCESS, logIndex=1135, commits[5d71e5de-6d45-4480-a1f1-d41cc2d38630:c1136]
2019-06-13 13:50:28,858 INFO  client.GrpcClientProtocolClient (GrpcClientProtocolClient.java:onNext(254)) - client-D47EFDF0E133->5d71e5de-6d45-4480-a1f1-d41cc2d38630: receive RaftClientReply:client-D47EFDF0E133->5d71e5de-6d45-4480-a1f1-d41cc2d38630@group-C6AEA7A4B82B, cid=645, SUCCESS, logIndex=1137, commits[5d71e5de-6d45-4480-a1f1-d41cc2d38630:c1138]
2019-06-13 13:50:28,861 INFO  client.GrpcClientProtocolClient (GrpcClientProtocolClient.java:onNext(254)) - client-D47EFDF0E133->5d71e5de-6d45-4480-a1f1-d41cc2d38630: receive RaftClientReply:client-D47EFDF0E133->5d71e5de-6d45-4480-a1f1-d41cc2d38630@group-C6AEA7A4B82B, cid=646, SUCCESS, logIndex=1139, commits[5d71e5de-6d45-4480-a1f1-d41cc2d38630:c1139]
2019-06-13 13:50:28,862 INFO  client.GrpcClientProtocolClient (GrpcClientProtocolClient.java:onNext(254)) - client-D47EFDF0E133->5d71e5de-6d45-4480-a1f1-d41cc2d38630: receive RaftClientReply:client-D47EFDF0E133->5d71e5de-6d45-4480-a1f1-d41cc2d38630@group-C6AEA7A4B82B, cid=647, SUCCESS, logIndex=1140, commits[5d71e5de-6d45-4480-a1f1-d41cc2d38630:c1141]
2019-06-13 13:50:28,866 INFO  client.GrpcClientProtocolClient (GrpcClientProtocolClient.java:onNext(254)) - client-D47EFDF0E133->5d71e5de-6d45-4480-a1f1-d41cc2d38630: receive RaftClientReply:client-D47EFDF0E133->5d71e5de-6d45-4480-a1f1-d41cc2d38630@group-C6AEA7A4B82B, cid=648, SUCCESS, logIndex=1141, commits[5d71e5de-6d45-4480-a1f1-d41cc2d38630:c1141]
2019-06-13 13:50:28,878 INFO  client.GrpcClientProtocolClient (GrpcClientProtocolClient.java:onNext(254)) - client-D47EFDF0E133->5d71e5de-6d45-4480-a1f1-d41cc2d38630: receive RaftClientReply:client-D47EFDF0E133->5d71e5de-6d45-4480-a1f1-d41cc2d38630@group-C6AEA7A4B82B, cid=649, SUCCESS, logIndex=1144, commits[5d71e5de-6d45-4480-a1f1-d41cc2d38630:c1144]
2019-06-13 13:50:28,881 INFO  client.GrpcClientProtocolClient (GrpcClientProtocolClient.java:onNext(254)) - client-D47EFDF0E133->5d71e5de-6d45-4480-a1f1-d41cc2d38630: receive RaftClientReply:client-D47EFDF0E133->5d71e5de-6d45-4480-a1f1-d41cc2d38630@group-C6AEA7A4B82B, cid=650, SUCCESS, logIndex=1146, commits[5d71e5de-6d45-4480-a1f1-d41cc2d38630:c1146]
2019-06-13 13:50:28,882 INFO  client.GrpcClientProtocolClient (GrpcClientProtocolClient.java:onNext(254)) - client-D47EFDF0E133->5d71e5de-6d45-4480-a1f1-d41cc2d38630: receive RaftClientReply:client-D47EFDF0E133->5d71e5de-6d45-4480-a1f1-d41cc2d38630@group-C6AEA7A4B82B, cid=651, SUCCESS, logIndex=1147, commits[5d71e5de-6d45-4480-a1f1-d41cc2d38630:c1148]
2019-06-13 13:50:28,882 INFO  client.GrpcClientProtocolClient (GrpcClientProtocolClient.java:onNext(254)) - client-D47EFDF0E133->5d71e5de-6d45-4480-a1f1-d41cc2d38630: receive RaftClientReply:client-D47EFDF0E133->5d71e5de-6d45-4480-a1f1-d41cc2d38630@group-C6AEA7A4B82B, cid=652, SUCCESS, logIndex=1148, commits[5d71e5de-6d45-4480-a1f1-d41cc2d38630:c1149]
2019-06-13 13:50:28,883 DEBUG block.SCMBlockDeletingService (SCMBlockDeletingService.java:call(138)) - Running DeletedBlockTransactionScanner
2019-06-13 13:50:28,883 DEBUG block.SCMBlockDeletingService (SCMBlockDeletingService.java:call(155)) - Scanned deleted blocks log and got 0 delTX to process.
2019-06-13 13:50:28,891 INFO  client.GrpcClientProtocolClient (GrpcClientProtocolClient.java:onNext(254)) - client-D47EFDF0E133->5d71e5de-6d45-4480-a1f1-d41cc2d38630: receive RaftClientReply:client-D47EFDF0E133->5d71e5de-6d45-4480-a1f1-d41cc2d38630@group-C6AEA7A4B82B, cid=653, SUCCESS, logIndex=1151, commits[5d71e5de-6d45-4480-a1f1-d41cc2d38630:c1151]
2019-06-13 13:50:28,893 INFO  client.GrpcClientProtocolClient (GrpcClientProtocolClient.java:onNext(254)) - client-D47EFDF0E133->5d71e5de-6d45-4480-a1f1-d41cc2d38630: receive RaftClientReply:client-D47EFDF0E133->5d71e5de-6d45-4480-a1f1-d41cc2d38630@group-C6AEA7A4B82B, cid=654, SUCCESS, logIndex=1153, commits[5d71e5de-6d45-4480-a1f1-d41cc2d38630:c1153]
2019-06-13 13:50:28,898 INFO  client.GrpcClientProtocolClient (GrpcClientProtocolClient.java:onNext(254)) - client-D47EFDF0E133->5d71e5de-6d45-4480-a1f1-d41cc2d38630: receive RaftClientReply:client-D47EFDF0E133->5d71e5de-6d45-4480-a1f1-d41cc2d38630@group-C6AEA7A4B82B, cid=655, SUCCESS, logIndex=1154, commits[5d71e5de-6d45-4480-a1f1-d41cc2d38630:c1155]
2019-06-13 13:50:28,898 INFO  client.GrpcClientProtocolClient (GrpcClientProtocolClient.java:onNext(254)) - client-D47EFDF0E133->5d71e5de-6d45-4480-a1f1-d41cc2d38630: receive RaftClientReply:client-D47EFDF0E133->5d71e5de-6d45-4480-a1f1-d41cc2d38630@group-C6AEA7A4B82B, cid=656, SUCCESS, logIndex=1155, commits[5d71e5de-6d45-4480-a1f1-d41cc2d38630:c1156]
2019-06-13 13:50:28,908 INFO  client.GrpcClientProtocolClient (GrpcClientProtocolClient.java:onNext(254)) - client-D47EFDF0E133->5d71e5de-6d45-4480-a1f1-d41cc2d38630: receive RaftClientReply:client-D47EFDF0E133->5d71e5de-6d45-4480-a1f1-d41cc2d38630@group-C6AEA7A4B82B, cid=657, SUCCESS, logIndex=1158, commits[5d71e5de-6d45-4480-a1f1-d41cc2d38630:c1158]
2019-06-13 13:50:28,910 INFO  client.GrpcClientProtocolClient (GrpcClientProtocolClient.java:onNext(254)) - client-D47EFDF0E133->5d71e5de-6d45-4480-a1f1-d41cc2d38630: receive RaftClientReply:client-D47EFDF0E133->5d71e5de-6d45-4480-a1f1-d41cc2d38630@group-C6AEA7A4B82B, cid=658, SUCCESS, logIndex=1160, commits[5d71e5de-6d45-4480-a1f1-d41cc2d38630:c1160]
2019-06-13 13:50:28,913 INFO  client.GrpcClientProtocolClient (GrpcClientProtocolClient.java:onNext(254)) - client-D47EFDF0E133->5d71e5de-6d45-4480-a1f1-d41cc2d38630: receive RaftClientReply:client-D47EFDF0E133->5d71e5de-6d45-4480-a1f1-d41cc2d38630@group-C6AEA7A4B82B, cid=659, SUCCESS, logIndex=1162, commits[5d71e5de-6d45-4480-a1f1-d41cc2d38630:c1162]
2019-06-13 13:50:28,913 INFO  client.GrpcClientProtocolClient (GrpcClientProtocolClient.java:onNext(254)) - client-D47EFDF0E133->5d71e5de-6d45-4480-a1f1-d41cc2d38630: receive RaftClientReply:client-D47EFDF0E133->5d71e5de-6d45-4480-a1f1-d41cc2d38630@group-C6AEA7A4B82B, cid=660, SUCCESS, logIndex=1163, commits[5d71e5de-6d45-4480-a1f1-d41cc2d38630:c1163]
2019-06-13 13:50:28,934 INFO  client.GrpcClientProtocolClient (GrpcClientProtocolClient.java:onNext(254)) - client-D47EFDF0E133->5d71e5de-6d45-4480-a1f1-d41cc2d38630: receive RaftClientReply:client-D47EFDF0E133->5d71e5de-6d45-4480-a1f1-d41cc2d38630@group-C6AEA7A4B82B, cid=661, SUCCESS, logIndex=1166, commits[5d71e5de-6d45-4480-a1f1-d41cc2d38630:c1166]
2019-06-13 13:50:28,938 INFO  client.GrpcClientProtocolClient (GrpcClientProtocolClient.java:onNext(254)) - client-D47EFDF0E133->5d71e5de-6d45-4480-a1f1-d41cc2d38630: receive RaftClientReply:client-D47EFDF0E133->5d71e5de-6d45-4480-a1f1-d41cc2d38630@group-C6AEA7A4B82B, cid=662, SUCCESS, logIndex=1168, commits[5d71e5de-6d45-4480-a1f1-d41cc2d38630:c1168]
2019-06-13 13:50:28,983 DEBUG block.SCMBlockDeletingService (SCMBlockDeletingService.java:call(138)) - Running DeletedBlockTransactionScanner
2019-06-13 13:50:28,984 DEBUG block.SCMBlockDeletingService (SCMBlockDeletingService.java:call(155)) - Scanned deleted blocks log and got 0 delTX to process.
2019-06-13 13:50:29,006 INFO  client.GrpcClientProtocolClient (GrpcClientProtocolClient.java:onNext(254)) - client-D47EFDF0E133->5d71e5de-6d45-4480-a1f1-d41cc2d38630: receive RaftClientReply:client-D47EFDF0E133->5d71e5de-6d45-4480-a1f1-d41cc2d38630@group-C6AEA7A4B82B, cid=663, SUCCESS, logIndex=1170, commits[5d71e5de-6d45-4480-a1f1-d41cc2d38630:c1170]
2019-06-13 13:50:29,007 INFO  client.GrpcClientProtocolClient (GrpcClientProtocolClient.java:onNext(254)) - client-D47EFDF0E133->5d71e5de-6d45-4480-a1f1-d41cc2d38630: receive RaftClientReply:client-D47EFDF0E133->5d71e5de-6d45-4480-a1f1-d41cc2d38630@group-C6AEA7A4B82B, cid=664, SUCCESS, logIndex=1172, commits[5d71e5de-6d45-4480-a1f1-d41cc2d38630:c1172]
2019-06-13 13:50:29,019 INFO  client.GrpcClientProtocolClient (GrpcClientProtocolClient.java:onNext(254)) - client-D47EFDF0E133->5d71e5de-6d45-4480-a1f1-d41cc2d38630: receive RaftClientReply:client-D47EFDF0E133->5d71e5de-6d45-4480-a1f1-d41cc2d38630@group-C6AEA7A4B82B, cid=665, SUCCESS, logIndex=1174, commits[5d71e5de-6d45-4480-a1f1-d41cc2d38630:c1174]
2019-06-13 13:50:29,025 INFO  client.GrpcClientProtocolClient (GrpcClientProtocolClient.java:onNext(254)) - client-D47EFDF0E133->5d71e5de-6d45-4480-a1f1-d41cc2d38630: receive RaftClientReply:client-D47EFDF0E133->5d71e5de-6d45-4480-a1f1-d41cc2d38630@group-C6AEA7A4B82B, cid=666, SUCCESS, logIndex=1176, commits[5d71e5de-6d45-4480-a1f1-d41cc2d38630:c1176]
2019-06-13 13:50:29,025 INFO  client.GrpcClientProtocolClient (GrpcClientProtocolClient.java:onNext(254)) - client-D47EFDF0E133->5d71e5de-6d45-4480-a1f1-d41cc2d38630: receive RaftClientReply:client-D47EFDF0E133->5d71e5de-6d45-4480-a1f1-d41cc2d38630@group-C6AEA7A4B82B, cid=667, SUCCESS, logIndex=1177, commits[5d71e5de-6d45-4480-a1f1-d41cc2d38630:c1177]
2019-06-13 13:50:29,034 INFO  client.GrpcClientProtocolClient (GrpcClientProtocolClient.java:onNext(254)) - client-D47EFDF0E133->5d71e5de-6d45-4480-a1f1-d41cc2d38630: receive RaftClientReply:client-D47EFDF0E133->5d71e5de-6d45-4480-a1f1-d41cc2d38630@group-C6AEA7A4B82B, cid=668, SUCCESS, logIndex=1180, commits[5d71e5de-6d45-4480-a1f1-d41cc2d38630:c1180]
2019-06-13 13:50:29,041 INFO  client.GrpcClientProtocolClient (GrpcClientProtocolClient.java:onNext(254)) - client-D47EFDF0E133->5d71e5de-6d45-4480-a1f1-d41cc2d38630: receive RaftClientReply:client-D47EFDF0E133->5d71e5de-6d45-4480-a1f1-d41cc2d38630@group-C6AEA7A4B82B, cid=669, SUCCESS, logIndex=1182, commits[5d71e5de-6d45-4480-a1f1-d41cc2d38630:c1182]
2019-06-13 13:50:29,043 INFO  client.GrpcClientProtocolClient (GrpcClientProtocolClient.java:onNext(254)) - client-D47EFDF0E133->5d71e5de-6d45-4480-a1f1-d41cc2d38630: receive RaftClientReply:client-D47EFDF0E133->5d71e5de-6d45-4480-a1f1-d41cc2d38630@group-C6AEA7A4B82B, cid=670, SUCCESS, logIndex=1184, commits[5d71e5de-6d45-4480-a1f1-d41cc2d38630:c1184]
2019-06-13 13:50:29,044 INFO  client.GrpcClientProtocolClient (GrpcClientProtocolClient.java:onNext(254)) - client-D47EFDF0E133->5d71e5de-6d45-4480-a1f1-d41cc2d38630: receive RaftClientReply:client-D47EFDF0E133->5d71e5de-6d45-4480-a1f1-d41cc2d38630@group-C6AEA7A4B82B, cid=671, SUCCESS, logIndex=1185, commits[5d71e5de-6d45-4480-a1f1-d41cc2d38630:c1187]
2019-06-13 13:50:29,045 INFO  client.GrpcClientProtocolClient (GrpcClientProtocolClient.java:onNext(254)) - client-D47EFDF0E133->5d71e5de-6d45-4480-a1f1-d41cc2d38630: receive RaftClientReply:client-D47EFDF0E133->5d71e5de-6d45-4480-a1f1-d41cc2d38630@group-C6AEA7A4B82B, cid=672, SUCCESS, logIndex=1187, commits[5d71e5de-6d45-4480-a1f1-d41cc2d38630:c1188]
2019-06-13 13:50:29,061 INFO  client.GrpcClientProtocolClient (GrpcClientProtocolClient.java:onNext(254)) - client-D47EFDF0E133->5d71e5de-6d45-4480-a1f1-d41cc2d38630: receive RaftClientReply:client-D47EFDF0E133->5d71e5de-6d45-4480-a1f1-d41cc2d38630@group-C6AEA7A4B82B, cid=673, SUCCESS, logIndex=1189, commits[5d71e5de-6d45-4480-a1f1-d41cc2d38630:c1189]
2019-06-13 13:50:29,064 INFO  client.GrpcClientProtocolClient (GrpcClientProtocolClient.java:onNext(254)) - client-D47EFDF0E133->5d71e5de-6d45-4480-a1f1-d41cc2d38630: receive RaftClientReply:client-D47EFDF0E133->5d71e5de-6d45-4480-a1f1-d41cc2d38630@group-C6AEA7A4B82B, cid=674, SUCCESS, logIndex=1191, commits[5d71e5de-6d45-4480-a1f1-d41cc2d38630:c1191]
2019-06-13 13:50:29,065 INFO  client.GrpcClientProtocolClient (GrpcClientProtocolClient.java:onNext(254)) - client-D47EFDF0E133->5d71e5de-6d45-4480-a1f1-d41cc2d38630: receive RaftClientReply:client-D47EFDF0E133->5d71e5de-6d45-4480-a1f1-d41cc2d38630@group-C6AEA7A4B82B, cid=675, SUCCESS, logIndex=1192, commits[5d71e5de-6d45-4480-a1f1-d41cc2d38630:c1193]
2019-06-13 13:50:29,065 INFO  client.GrpcClientProtocolClient (GrpcClientProtocolClient.java:onNext(254)) - client-D47EFDF0E133->5d71e5de-6d45-4480-a1f1-d41cc2d38630: receive RaftClientReply:client-D47EFDF0E133->5d71e5de-6d45-4480-a1f1-d41cc2d38630@group-C6AEA7A4B82B, cid=676, SUCCESS, logIndex=1193, commits[5d71e5de-6d45-4480-a1f1-d41cc2d38630:c1193]
2019-06-13 13:50:29,071 INFO  client.GrpcClientProtocolClient (GrpcClientProtocolClient.java:onNext(254)) - client-D47EFDF0E133->5d71e5de-6d45-4480-a1f1-d41cc2d38630: receive RaftClientReply:client-D47EFDF0E133->5d71e5de-6d45-4480-a1f1-d41cc2d38630@group-C6AEA7A4B82B, cid=677, SUCCESS, logIndex=1196, commits[5d71e5de-6d45-4480-a1f1-d41cc2d38630:c1196]
2019-06-13 13:50:29,073 INFO  client.GrpcClientProtocolClient (GrpcClientProtocolClient.java:onNext(254)) - client-D47EFDF0E133->5d71e5de-6d45-4480-a1f1-d41cc2d38630: receive RaftClientReply:client-D47EFDF0E133->5d71e5de-6d45-4480-a1f1-d41cc2d38630@group-C6AEA7A4B82B, cid=678, SUCCESS, logIndex=1198, commits[5d71e5de-6d45-4480-a1f1-d41cc2d38630:c1198]
2019-06-13 13:50:29,075 INFO  client.GrpcClientProtocolClient (GrpcClientProtocolClient.java:onNext(254)) - client-D47EFDF0E133->5d71e5de-6d45-4480-a1f1-d41cc2d38630: receive RaftClientReply:client-D47EFDF0E133->5d71e5de-6d45-4480-a1f1-d41cc2d38630@group-C6AEA7A4B82B, cid=679, SUCCESS, logIndex=1200, commits[5d71e5de-6d45-4480-a1f1-d41cc2d38630:c1201]
2019-06-13 13:50:29,082 INFO  client.GrpcClientProtocolClient (GrpcClientProtocolClient.java:onNext(254)) - client-D47EFDF0E133->5d71e5de-6d45-4480-a1f1-d41cc2d38630: receive RaftClientReply:client-D47EFDF0E133->5d71e5de-6d45-4480-a1f1-d41cc2d38630@group-C6AEA7A4B82B, cid=680, SUCCESS, logIndex=1201, commits[5d71e5de-6d45-4480-a1f1-d41cc2d38630:c1201]
2019-06-13 13:50:29,084 DEBUG block.SCMBlockDeletingService (SCMBlockDeletingService.java:call(138)) - Running DeletedBlockTransactionScanner
2019-06-13 13:50:29,084 DEBUG block.SCMBlockDeletingService (SCMBlockDeletingService.java:call(155)) - Scanned deleted blocks log and got 0 delTX to process.
2019-06-13 13:50:29,093 INFO  client.GrpcClientProtocolClient (GrpcClientProtocolClient.java:onNext(254)) - client-D47EFDF0E133->5d71e5de-6d45-4480-a1f1-d41cc2d38630: receive RaftClientReply:client-D47EFDF0E133->5d71e5de-6d45-4480-a1f1-d41cc2d38630@group-C6AEA7A4B82B, cid=681, SUCCESS, logIndex=1203, commits[5d71e5de-6d45-4480-a1f1-d41cc2d38630:c1203]
2019-06-13 13:50:29,094 INFO  client.GrpcClientProtocolClient (GrpcClientProtocolClient.java:onNext(254)) - client-D47EFDF0E133->5d71e5de-6d45-4480-a1f1-d41cc2d38630: receive RaftClientReply:client-D47EFDF0E133->5d71e5de-6d45-4480-a1f1-d41cc2d38630@group-C6AEA7A4B82B, cid=682, SUCCESS, logIndex=1205, commits[5d71e5de-6d45-4480-a1f1-d41cc2d38630:c1205]
2019-06-13 13:50:29,098 INFO  client.GrpcClientProtocolClient (GrpcClientProtocolClient.java:onNext(254)) - client-D47EFDF0E133->5d71e5de-6d45-4480-a1f1-d41cc2d38630: receive RaftClientReply:client-D47EFDF0E133->5d71e5de-6d45-4480-a1f1-d41cc2d38630@group-C6AEA7A4B82B, cid=683, SUCCESS, logIndex=1207, commits[5d71e5de-6d45-4480-a1f1-d41cc2d38630:c1208]
2019-06-13 13:50:29,098 INFO  client.GrpcClientProtocolClient (GrpcClientProtocolClient.java:onNext(254)) - client-D47EFDF0E133->5d71e5de-6d45-4480-a1f1-d41cc2d38630: receive RaftClientReply:client-D47EFDF0E133->5d71e5de-6d45-4480-a1f1-d41cc2d38630@group-C6AEA7A4B82B, cid=684, SUCCESS, logIndex=1208, commits[5d71e5de-6d45-4480-a1f1-d41cc2d38630:c1208]
2019-06-13 13:50:29,104 INFO  client.GrpcClientProtocolClient (GrpcClientProtocolClient.java:onNext(254)) - client-D47EFDF0E133->5d71e5de-6d45-4480-a1f1-d41cc2d38630: receive RaftClientReply:client-D47EFDF0E133->5d71e5de-6d45-4480-a1f1-d41cc2d38630@group-C6AEA7A4B82B, cid=685, SUCCESS, logIndex=1210, commits[5d71e5de-6d45-4480-a1f1-d41cc2d38630:c1210]
2019-06-13 13:50:29,104 INFO  storage.RaftLogWorker (RaftLogWorker.java:rollLogSegment(303)) - 5d71e5de-6d45-4480-a1f1-d41cc2d38630-RaftLogWorker: Rolling segment log-1134_1211 to index:1211
2019-06-13 13:50:29,105 INFO  storage.RaftLogWorker (RaftLogWorker.java:execute(433)) - 5d71e5de-6d45-4480-a1f1-d41cc2d38630-RaftLogWorker: Rolled log segment from /opt/src/hadoop-ozone/integration-test/target/test-dir/MiniOzoneClusterImpl-c05bfa39-b333-4767-bc96-5a78f3430938/datanode-0/data/ratis/3aee30eb-3db1-472a-b851-c6aea7a4b82b/current/log_inprogress_1134 to /opt/src/hadoop-ozone/integration-test/target/test-dir/MiniOzoneClusterImpl-c05bfa39-b333-4767-bc96-5a78f3430938/datanode-0/data/ratis/3aee30eb-3db1-472a-b851-c6aea7a4b82b/current/log_1134-1211
2019-06-13 13:50:29,142 INFO  storage.RaftLogWorker (RaftLogWorker.java:execute(469)) - 5d71e5de-6d45-4480-a1f1-d41cc2d38630-RaftLogWorker: created new log segment /opt/src/hadoop-ozone/integration-test/target/test-dir/MiniOzoneClusterImpl-c05bfa39-b333-4767-bc96-5a78f3430938/datanode-0/data/ratis/3aee30eb-3db1-472a-b851-c6aea7a4b82b/current/log_inprogress_1212
2019-06-13 13:50:29,144 INFO  client.GrpcClientProtocolClient (GrpcClientProtocolClient.java:onNext(254)) - client-D47EFDF0E133->5d71e5de-6d45-4480-a1f1-d41cc2d38630: receive RaftClientReply:client-D47EFDF0E133->5d71e5de-6d45-4480-a1f1-d41cc2d38630@group-C6AEA7A4B82B, cid=686, SUCCESS, logIndex=1212, commits[5d71e5de-6d45-4480-a1f1-d41cc2d38630:c1214]
2019-06-13 13:50:29,145 INFO  client.GrpcClientProtocolClient (GrpcClientProtocolClient.java:onNext(254)) - client-D47EFDF0E133->5d71e5de-6d45-4480-a1f1-d41cc2d38630: receive RaftClientReply:client-D47EFDF0E133->5d71e5de-6d45-4480-a1f1-d41cc2d38630@group-C6AEA7A4B82B, cid=687, SUCCESS, logIndex=1213, commits[5d71e5de-6d45-4480-a1f1-d41cc2d38630:c1215]
2019-06-13 13:50:29,145 INFO  client.GrpcClientProtocolClient (GrpcClientProtocolClient.java:onNext(254)) - client-D47EFDF0E133->5d71e5de-6d45-4480-a1f1-d41cc2d38630: receive RaftClientReply:client-D47EFDF0E133->5d71e5de-6d45-4480-a1f1-d41cc2d38630@group-C6AEA7A4B82B, cid=688, SUCCESS, logIndex=1214, commits[5d71e5de-6d45-4480-a1f1-d41cc2d38630:c1215]
2019-06-13 13:50:29,161 INFO  client.GrpcClientProtocolClient (GrpcClientProtocolClient.java:onNext(254)) - client-D47EFDF0E133->5d71e5de-6d45-4480-a1f1-d41cc2d38630: receive RaftClientReply:client-D47EFDF0E133->5d71e5de-6d45-4480-a1f1-d41cc2d38630@group-C6AEA7A4B82B, cid=689, SUCCESS, logIndex=1216, commits[5d71e5de-6d45-4480-a1f1-d41cc2d38630:c1217]
2019-06-13 13:50:29,164 INFO  client.GrpcClientProtocolClient (GrpcClientProtocolClient.java:onNext(254)) - client-D47EFDF0E133->5d71e5de-6d45-4480-a1f1-d41cc2d38630: receive RaftClientReply:client-D47EFDF0E133->5d71e5de-6d45-4480-a1f1-d41cc2d38630@group-C6AEA7A4B82B, cid=690, SUCCESS, logIndex=1218, commits[5d71e5de-6d45-4480-a1f1-d41cc2d38630:c1218]
2019-06-13 13:50:29,165 INFO  client.GrpcClientProtocolClient (GrpcClientProtocolClient.java:onNext(254)) - client-D47EFDF0E133->5d71e5de-6d45-4480-a1f1-d41cc2d38630: receive RaftClientReply:client-D47EFDF0E133->5d71e5de-6d45-4480-a1f1-d41cc2d38630@group-C6AEA7A4B82B, cid=691, SUCCESS, logIndex=1219, commits[5d71e5de-6d45-4480-a1f1-d41cc2d38630:c1221]
2019-06-13 13:50:29,165 INFO  client.GrpcClientProtocolClient (GrpcClientProtocolClient.java:onNext(254)) - client-D47EFDF0E133->5d71e5de-6d45-4480-a1f1-d41cc2d38630: receive RaftClientReply:client-D47EFDF0E133->5d71e5de-6d45-4480-a1f1-d41cc2d38630@group-C6AEA7A4B82B, cid=692, SUCCESS, logIndex=1221, commits[5d71e5de-6d45-4480-a1f1-d41cc2d38630:c1221]
2019-06-13 13:50:29,171 INFO  client.GrpcClientProtocolClient (GrpcClientProtocolClient.java:onNext(254)) - client-D47EFDF0E133->5d71e5de-6d45-4480-a1f1-d41cc2d38630: receive RaftClientReply:client-D47EFDF0E133->5d71e5de-6d45-4480-a1f1-d41cc2d38630@group-C6AEA7A4B82B, cid=693, SUCCESS, logIndex=1223, commits[5d71e5de-6d45-4480-a1f1-d41cc2d38630:c1223]
2019-06-13 13:50:29,173 INFO  client.GrpcClientProtocolClient (GrpcClientProtocolClient.java:onNext(254)) - client-D47EFDF0E133->5d71e5de-6d45-4480-a1f1-d41cc2d38630: receive RaftClientReply:client-D47EFDF0E133->5d71e5de-6d45-4480-a1f1-d41cc2d38630@group-C6AEA7A4B82B, cid=694, SUCCESS, logIndex=1225, commits[5d71e5de-6d45-4480-a1f1-d41cc2d38630:c1225]
2019-06-13 13:50:29,174 INFO  client.GrpcClientProtocolClient (GrpcClientProtocolClient.java:onNext(254)) - client-D47EFDF0E133->5d71e5de-6d45-4480-a1f1-d41cc2d38630: receive RaftClientReply:client-D47EFDF0E133->5d71e5de-6d45-4480-a1f1-d41cc2d38630@group-C6AEA7A4B82B, cid=695, SUCCESS, logIndex=1226, commits[5d71e5de-6d45-4480-a1f1-d41cc2d38630:c1228]
2019-06-13 13:50:29,175 INFO  client.GrpcClientProtocolClient (GrpcClientProtocolClient.java:onNext(254)) - client-D47EFDF0E133->5d71e5de-6d45-4480-a1f1-d41cc2d38630: receive RaftClientReply:client-D47EFDF0E133->5d71e5de-6d45-4480-a1f1-d41cc2d38630@group-C6AEA7A4B82B, cid=696, SUCCESS, logIndex=1227, commits[5d71e5de-6d45-4480-a1f1-d41cc2d38630:c1228]
2019-06-13 13:50:29,184 INFO  client.GrpcClientProtocolClient (GrpcClientProtocolClient.java:onNext(254)) - client-D47EFDF0E133->5d71e5de-6d45-4480-a1f1-d41cc2d38630: receive RaftClientReply:client-D47EFDF0E133->5d71e5de-6d45-4480-a1f1-d41cc2d38630@group-C6AEA7A4B82B, cid=697, SUCCESS, logIndex=1229, commits[5d71e5de-6d45-4480-a1f1-d41cc2d38630:c1229]
2019-06-13 13:50:29,184 DEBUG block.SCMBlockDeletingService (SCMBlockDeletingService.java:call(138)) - Running DeletedBlockTransactionScanner
2019-06-13 13:50:29,184 DEBUG block.SCMBlockDeletingService (SCMBlockDeletingService.java:call(155)) - Scanned deleted blocks log and got 0 delTX to process.
2019-06-13 13:50:29,185 INFO  client.GrpcClientProtocolClient (GrpcClientProtocolClient.java:onNext(254)) - client-D47EFDF0E133->5d71e5de-6d45-4480-a1f1-d41cc2d38630: receive RaftClientReply:client-D47EFDF0E133->5d71e5de-6d45-4480-a1f1-d41cc2d38630@group-C6AEA7A4B82B, cid=698, SUCCESS, logIndex=1231, commits[5d71e5de-6d45-4480-a1f1-d41cc2d38630:c1231]
2019-06-13 13:50:29,186 INFO  client.GrpcClientProtocolClient (GrpcClientProtocolClient.java:onNext(254)) - client-D47EFDF0E133->5d71e5de-6d45-4480-a1f1-d41cc2d38630: receive RaftClientReply:client-D47EFDF0E133->5d71e5de-6d45-4480-a1f1-d41cc2d38630@group-C6AEA7A4B82B, cid=699, SUCCESS, logIndex=1232, commits[5d71e5de-6d45-4480-a1f1-d41cc2d38630:c1234]
2019-06-13 13:50:29,187 INFO  client.GrpcClientProtocolClient (GrpcClientProtocolClient.java:onNext(254)) - client-D47EFDF0E133->5d71e5de-6d45-4480-a1f1-d41cc2d38630: receive RaftClientReply:client-D47EFDF0E133->5d71e5de-6d45-4480-a1f1-d41cc2d38630@group-C6AEA7A4B82B, cid=700, SUCCESS, logIndex=1234, commits[5d71e5de-6d45-4480-a1f1-d41cc2d38630:c1234]
2019-06-13 13:50:29,236 INFO  client.GrpcClientProtocolClient (GrpcClientProtocolClient.java:onNext(254)) - client-D47EFDF0E133->5d71e5de-6d45-4480-a1f1-d41cc2d38630: receive RaftClientReply:client-D47EFDF0E133->5d71e5de-6d45-4480-a1f1-d41cc2d38630@group-C6AEA7A4B82B, cid=701, SUCCESS, logIndex=1236, commits[5d71e5de-6d45-4480-a1f1-d41cc2d38630:c1236]
2019-06-13 13:50:29,238 INFO  client.GrpcClientProtocolClient (GrpcClientProtocolClient.java:onNext(254)) - client-D47EFDF0E133->5d71e5de-6d45-4480-a1f1-d41cc2d38630: receive RaftClientReply:client-D47EFDF0E133->5d71e5de-6d45-4480-a1f1-d41cc2d38630@group-C6AEA7A4B82B, cid=702, SUCCESS, logIndex=1238, commits[5d71e5de-6d45-4480-a1f1-d41cc2d38630:c1238]
2019-06-13 13:50:29,245 INFO  client.GrpcClientProtocolClient (GrpcClientProtocolClient.java:onNext(254)) - client-D47EFDF0E133->5d71e5de-6d45-4480-a1f1-d41cc2d38630: receive RaftClientReply:client-D47EFDF0E133->5d71e5de-6d45-4480-a1f1-d41cc2d38630@group-C6AEA7A4B82B, cid=703, SUCCESS, logIndex=1239, commits[5d71e5de-6d45-4480-a1f1-d41cc2d38630:c1241]
2019-06-13 13:50:29,246 INFO  client.GrpcClientProtocolClient (GrpcClientProtocolClient.java:onNext(254)) - client-D47EFDF0E133->5d71e5de-6d45-4480-a1f1-d41cc2d38630: receive RaftClientReply:client-D47EFDF0E133->5d71e5de-6d45-4480-a1f1-d41cc2d38630@group-C6AEA7A4B82B, cid=704, SUCCESS, logIndex=1240, commits[5d71e5de-6d45-4480-a1f1-d41cc2d38630:c1241]
2019-06-13 13:50:29,259 INFO  client.GrpcClientProtocolClient (GrpcClientProtocolClient.java:onNext(254)) - client-D47EFDF0E133->5d71e5de-6d45-4480-a1f1-d41cc2d38630: receive RaftClientReply:client-D47EFDF0E133->5d71e5de-6d45-4480-a1f1-d41cc2d38630@group-C6AEA7A4B82B, cid=705, SUCCESS, logIndex=1242, commits[5d71e5de-6d45-4480-a1f1-d41cc2d38630:c1242]
2019-06-13 13:50:29,261 INFO  client.GrpcClientProtocolClient (GrpcClientProtocolClient.java:onNext(254)) - client-D47EFDF0E133->5d71e5de-6d45-4480-a1f1-d41cc2d38630: receive RaftClientReply:client-D47EFDF0E133->5d71e5de-6d45-4480-a1f1-d41cc2d38630@group-C6AEA7A4B82B, cid=706, SUCCESS, logIndex=1244, commits[5d71e5de-6d45-4480-a1f1-d41cc2d38630:c1244]
2019-06-13 13:50:29,289 DEBUG block.SCMBlockDeletingService (SCMBlockDeletingService.java:call(138)) - Running DeletedBlockTransactionScanner
2019-06-13 13:50:29,290 DEBUG block.SCMBlockDeletingService (SCMBlockDeletingService.java:call(155)) - Scanned deleted blocks log and got 0 delTX to process.
2019-06-13 13:50:29,334 INFO  client.GrpcClientProtocolClient (GrpcClientProtocolClient.java:onNext(254)) - client-D47EFDF0E133->5d71e5de-6d45-4480-a1f1-d41cc2d38630: receive RaftClientReply:client-D47EFDF0E133->5d71e5de-6d45-4480-a1f1-d41cc2d38630@group-C6AEA7A4B82B, cid=707, SUCCESS, logIndex=1246, commits[5d71e5de-6d45-4480-a1f1-d41cc2d38630:c1246]
2019-06-13 13:50:29,335 INFO  client.GrpcClientProtocolClient (GrpcClientProtocolClient.java:onNext(254)) - client-D47EFDF0E133->5d71e5de-6d45-4480-a1f1-d41cc2d38630: receive RaftClientReply:client-D47EFDF0E133->5d71e5de-6d45-4480-a1f1-d41cc2d38630@group-C6AEA7A4B82B, cid=708, SUCCESS, logIndex=1248, commits[5d71e5de-6d45-4480-a1f1-d41cc2d38630:c1248]
2019-06-13 13:50:29,343 INFO  client.GrpcClientProtocolClient (GrpcClientProtocolClient.java:onNext(254)) - client-D47EFDF0E133->5d71e5de-6d45-4480-a1f1-d41cc2d38630: receive RaftClientReply:client-D47EFDF0E133->5d71e5de-6d45-4480-a1f1-d41cc2d38630@group-C6AEA7A4B82B, cid=709, SUCCESS, logIndex=1250, commits[5d71e5de-6d45-4480-a1f1-d41cc2d38630:c1250]
2019-06-13 13:50:29,344 INFO  client.GrpcClientProtocolClient (GrpcClientProtocolClient.java:onNext(254)) - client-D47EFDF0E133->5d71e5de-6d45-4480-a1f1-d41cc2d38630: receive RaftClientReply:client-D47EFDF0E133->5d71e5de-6d45-4480-a1f1-d41cc2d38630@group-C6AEA7A4B82B, cid=710, SUCCESS, logIndex=1252, commits[5d71e5de-6d45-4480-a1f1-d41cc2d38630:c1255]
2019-06-13 13:50:29,344 INFO  client.GrpcClientProtocolClient (GrpcClientProtocolClient.java:onNext(254)) - client-D47EFDF0E133->5d71e5de-6d45-4480-a1f1-d41cc2d38630: receive RaftClientReply:client-D47EFDF0E133->5d71e5de-6d45-4480-a1f1-d41cc2d38630@group-C6AEA7A4B82B, cid=711, SUCCESS, logIndex=1253, commits[5d71e5de-6d45-4480-a1f1-d41cc2d38630:c1255]
2019-06-13 13:50:29,344 INFO  client.GrpcClientProtocolClient (GrpcClientProtocolClient.java:onNext(254)) - client-D47EFDF0E133->5d71e5de-6d45-4480-a1f1-d41cc2d38630: receive RaftClientReply:client-D47EFDF0E133->5d71e5de-6d45-4480-a1f1-d41cc2d38630@group-C6AEA7A4B82B, cid=712, SUCCESS, logIndex=1254, commits[5d71e5de-6d45-4480-a1f1-d41cc2d38630:c1255]
2019-06-13 13:50:29,355 INFO  client.GrpcClientProtocolClient (GrpcClientProtocolClient.java:onNext(254)) - client-D47EFDF0E133->5d71e5de-6d45-4480-a1f1-d41cc2d38630: receive RaftClientReply:client-D47EFDF0E133->5d71e5de-6d45-4480-a1f1-d41cc2d38630@group-C6AEA7A4B82B, cid=713, SUCCESS, logIndex=1256, commits[5d71e5de-6d45-4480-a1f1-d41cc2d38630:c1256]
2019-06-13 13:50:29,358 INFO  client.GrpcClientProtocolClient (GrpcClientProtocolClient.java:onNext(254)) - client-D47EFDF0E133->5d71e5de-6d45-4480-a1f1-d41cc2d38630: receive RaftClientReply:client-D47EFDF0E133->5d71e5de-6d45-4480-a1f1-d41cc2d38630@group-C6AEA7A4B82B, cid=714, SUCCESS, logIndex=1258, commits[5d71e5de-6d45-4480-a1f1-d41cc2d38630:c1258]
2019-06-13 13:50:29,358 INFO  client.GrpcClientProtocolClient (GrpcClientProtocolClient.java:onNext(254)) - client-D47EFDF0E133->5d71e5de-6d45-4480-a1f1-d41cc2d38630: receive RaftClientReply:client-D47EFDF0E133->5d71e5de-6d45-4480-a1f1-d41cc2d38630@group-C6AEA7A4B82B, cid=715, SUCCESS, logIndex=1259, commits[5d71e5de-6d45-4480-a1f1-d41cc2d38630:c1261]
2019-06-13 13:50:29,359 INFO  client.GrpcClientProtocolClient (GrpcClientProtocolClient.java:onNext(254)) - client-D47EFDF0E133->5d71e5de-6d45-4480-a1f1-d41cc2d38630: receive RaftClientReply:client-D47EFDF0E133->5d71e5de-6d45-4480-a1f1-d41cc2d38630@group-C6AEA7A4B82B, cid=716, SUCCESS, logIndex=1260, commits[5d71e5de-6d45-4480-a1f1-d41cc2d38630:c1261]
2019-06-13 13:50:29,365 INFO  client.GrpcClientProtocolClient (GrpcClientProtocolClient.java:onNext(254)) - client-D47EFDF0E133->5d71e5de-6d45-4480-a1f1-d41cc2d38630: receive RaftClientReply:client-D47EFDF0E133->5d71e5de-6d45-4480-a1f1-d41cc2d38630@group-C6AEA7A4B82B, cid=717, SUCCESS, logIndex=1262, commits[5d71e5de-6d45-4480-a1f1-d41cc2d38630:c1262]
2019-06-13 13:50:29,368 INFO  client.GrpcClientProtocolClient (GrpcClientProtocolClient.java:onNext(254)) - client-D47EFDF0E133->5d71e5de-6d45-4480-a1f1-d41cc2d38630: receive RaftClientReply:client-D47EFDF0E133->5d71e5de-6d45-4480-a1f1-d41cc2d38630@group-C6AEA7A4B82B, cid=718, SUCCESS, logIndex=1264, commits[5d71e5de-6d45-4480-a1f1-d41cc2d38630:c1264]
2019-06-13 13:50:29,369 INFO  client.GrpcClientProtocolClient (GrpcClientProtocolClient.java:onNext(254)) - client-D47EFDF0E133->5d71e5de-6d45-4480-a1f1-d41cc2d38630: receive RaftClientReply:client-D47EFDF0E133->5d71e5de-6d45-4480-a1f1-d41cc2d38630@group-C6AEA7A4B82B, cid=719, SUCCESS, logIndex=1265, commits[5d71e5de-6d45-4480-a1f1-d41cc2d38630:c1266]
2019-06-13 13:50:29,371 INFO  client.GrpcClientProtocolClient (GrpcClientProtocolClient.java:onNext(254)) - client-D47EFDF0E133->5d71e5de-6d45-4480-a1f1-d41cc2d38630: receive RaftClientReply:client-D47EFDF0E133->5d71e5de-6d45-4480-a1f1-d41cc2d38630@group-C6AEA7A4B82B, cid=720, SUCCESS, logIndex=1266, commits[5d71e5de-6d45-4480-a1f1-d41cc2d38630:c1266]
2019-06-13 13:50:29,388 INFO  client.GrpcClientProtocolClient (GrpcClientProtocolClient.java:onNext(254)) - client-D47EFDF0E133->5d71e5de-6d45-4480-a1f1-d41cc2d38630: receive RaftClientReply:client-D47EFDF0E133->5d71e5de-6d45-4480-a1f1-d41cc2d38630@group-C6AEA7A4B82B, cid=721, SUCCESS, logIndex=1269, commits[5d71e5de-6d45-4480-a1f1-d41cc2d38630:c1269]
2019-06-13 13:50:29,390 INFO  client.GrpcClientProtocolClient (GrpcClientProtocolClient.java:onNext(254)) - client-D47EFDF0E133->5d71e5de-6d45-4480-a1f1-d41cc2d38630: receive RaftClientReply:client-D47EFDF0E133->5d71e5de-6d45-4480-a1f1-d41cc2d38630@group-C6AEA7A4B82B, cid=722, SUCCESS, logIndex=1271, commits[5d71e5de-6d45-4480-a1f1-d41cc2d38630:c1271]
2019-06-13 13:50:29,390 DEBUG block.SCMBlockDeletingService (SCMBlockDeletingService.java:call(138)) - Running DeletedBlockTransactionScanner
2019-06-13 13:50:29,390 DEBUG block.SCMBlockDeletingService (SCMBlockDeletingService.java:call(155)) - Scanned deleted blocks log and got 0 delTX to process.
2019-06-13 13:50:29,391 INFO  client.GrpcClientProtocolClient (GrpcClientProtocolClient.java:onNext(254)) - client-D47EFDF0E133->5d71e5de-6d45-4480-a1f1-d41cc2d38630: receive RaftClientReply:client-D47EFDF0E133->5d71e5de-6d45-4480-a1f1-d41cc2d38630@group-C6AEA7A4B82B, cid=723, SUCCESS, logIndex=1272, commits[5d71e5de-6d45-4480-a1f1-d41cc2d38630:c1274]
2019-06-13 13:50:29,392 INFO  client.GrpcClientProtocolClient (GrpcClientProtocolClient.java:onNext(254)) - client-D47EFDF0E133->5d71e5de-6d45-4480-a1f1-d41cc2d38630: receive RaftClientReply:client-D47EFDF0E133->5d71e5de-6d45-4480-a1f1-d41cc2d38630@group-C6AEA7A4B82B, cid=724, SUCCESS, logIndex=1273, commits[5d71e5de-6d45-4480-a1f1-d41cc2d38630:c1274]
2019-06-13 13:50:29,398 INFO  client.GrpcClientProtocolClient (GrpcClientProtocolClient.java:onNext(254)) - client-D47EFDF0E133->5d71e5de-6d45-4480-a1f1-d41cc2d38630: receive RaftClientReply:client-D47EFDF0E133->5d71e5de-6d45-4480-a1f1-d41cc2d38630@group-C6AEA7A4B82B, cid=725, SUCCESS, logIndex=1275, commits[5d71e5de-6d45-4480-a1f1-d41cc2d38630:c1275]
2019-06-13 13:50:29,400 INFO  client.GrpcClientProtocolClient (GrpcClientProtocolClient.java:onNext(254)) - client-D47EFDF0E133->5d71e5de-6d45-4480-a1f1-d41cc2d38630: receive RaftClientReply:client-D47EFDF0E133->5d71e5de-6d45-4480-a1f1-d41cc2d38630@group-C6AEA7A4B82B, cid=726, SUCCESS, logIndex=1277, commits[5d71e5de-6d45-4480-a1f1-d41cc2d38630:c1277]
2019-06-13 13:50:29,402 INFO  client.GrpcClientProtocolClient (GrpcClientProtocolClient.java:onNext(254)) - client-D47EFDF0E133->5d71e5de-6d45-4480-a1f1-d41cc2d38630: receive RaftClientReply:client-D47EFDF0E133->5d71e5de-6d45-4480-a1f1-d41cc2d38630@group-C6AEA7A4B82B, cid=727, SUCCESS, logIndex=1279, commits[5d71e5de-6d45-4480-a1f1-d41cc2d38630:c1279]
2019-06-13 13:50:29,402 INFO  storage.RaftLogWorker (RaftLogWorker.java:rollLogSegment(303)) - 5d71e5de-6d45-4480-a1f1-d41cc2d38630-RaftLogWorker: Rolling segment log-1212_1280 to index:1280
2019-06-13 13:50:29,402 INFO  storage.RaftLogWorker (RaftLogWorker.java:execute(433)) - 5d71e5de-6d45-4480-a1f1-d41cc2d38630-RaftLogWorker: Rolled log segment from /opt/src/hadoop-ozone/integration-test/target/test-dir/MiniOzoneClusterImpl-c05bfa39-b333-4767-bc96-5a78f3430938/datanode-0/data/ratis/3aee30eb-3db1-472a-b851-c6aea7a4b82b/current/log_inprogress_1212 to /opt/src/hadoop-ozone/integration-test/target/test-dir/MiniOzoneClusterImpl-c05bfa39-b333-4767-bc96-5a78f3430938/datanode-0/data/ratis/3aee30eb-3db1-472a-b851-c6aea7a4b82b/current/log_1212-1280
2019-06-13 13:50:29,438 INFO  storage.RaftLogWorker (RaftLogWorker.java:execute(469)) - 5d71e5de-6d45-4480-a1f1-d41cc2d38630-RaftLogWorker: created new log segment /opt/src/hadoop-ozone/integration-test/target/test-dir/MiniOzoneClusterImpl-c05bfa39-b333-4767-bc96-5a78f3430938/datanode-0/data/ratis/3aee30eb-3db1-472a-b851-c6aea7a4b82b/current/log_inprogress_1281
2019-06-13 13:50:29,440 INFO  client.GrpcClientProtocolClient (GrpcClientProtocolClient.java:onNext(254)) - client-D47EFDF0E133->5d71e5de-6d45-4480-a1f1-d41cc2d38630: receive RaftClientReply:client-D47EFDF0E133->5d71e5de-6d45-4480-a1f1-d41cc2d38630@group-C6AEA7A4B82B, cid=728, SUCCESS, logIndex=1281, commits[5d71e5de-6d45-4480-a1f1-d41cc2d38630:c1281]
2019-06-13 13:50:29,451 INFO  client.GrpcClientProtocolClient (GrpcClientProtocolClient.java:onNext(254)) - client-D47EFDF0E133->5d71e5de-6d45-4480-a1f1-d41cc2d38630: receive RaftClientReply:client-D47EFDF0E133->5d71e5de-6d45-4480-a1f1-d41cc2d38630@group-C6AEA7A4B82B, cid=729, SUCCESS, logIndex=1283, commits[5d71e5de-6d45-4480-a1f1-d41cc2d38630:c1283]
2019-06-13 13:50:29,454 INFO  client.GrpcClientProtocolClient (GrpcClientProtocolClient.java:onNext(254)) - client-D47EFDF0E133->5d71e5de-6d45-4480-a1f1-d41cc2d38630: receive RaftClientReply:client-D47EFDF0E133->5d71e5de-6d45-4480-a1f1-d41cc2d38630@group-C6AEA7A4B82B, cid=730, SUCCESS, logIndex=1285, commits[5d71e5de-6d45-4480-a1f1-d41cc2d38630:c1285]
2019-06-13 13:50:29,455 INFO  client.GrpcClientProtocolClient (GrpcClientProtocolClient.java:onNext(254)) - client-D47EFDF0E133->5d71e5de-6d45-4480-a1f1-d41cc2d38630: receive RaftClientReply:client-D47EFDF0E133->5d71e5de-6d45-4480-a1f1-d41cc2d38630@group-C6AEA7A4B82B, cid=731, SUCCESS, logIndex=1286, commits[5d71e5de-6d45-4480-a1f1-d41cc2d38630:c1287]
2019-06-13 13:50:29,455 INFO  client.GrpcClientProtocolClient (GrpcClientProtocolClient.java:onNext(254)) - client-D47EFDF0E133->5d71e5de-6d45-4480-a1f1-d41cc2d38630: receive RaftClientReply:client-D47EFDF0E133->5d71e5de-6d45-4480-a1f1-d41cc2d38630@group-C6AEA7A4B82B, cid=732, SUCCESS, logIndex=1287, commits[5d71e5de-6d45-4480-a1f1-d41cc2d38630:c1287]
2019-06-13 13:50:29,463 INFO  client.GrpcClientProtocolClient (GrpcClientProtocolClient.java:onNext(254)) - client-D47EFDF0E133->5d71e5de-6d45-4480-a1f1-d41cc2d38630: receive RaftClientReply:client-D47EFDF0E133->5d71e5de-6d45-4480-a1f1-d41cc2d38630@group-C6AEA7A4B82B, cid=733, SUCCESS, logIndex=1290, commits[5d71e5de-6d45-4480-a1f1-d41cc2d38630:c1291]
2019-06-13 13:50:29,464 INFO  client.GrpcClientProtocolClient (GrpcClientProtocolClient.java:onNext(254)) - client-D47EFDF0E133->5d71e5de-6d45-4480-a1f1-d41cc2d38630: receive RaftClientReply:client-D47EFDF0E133->5d71e5de-6d45-4480-a1f1-d41cc2d38630@group-C6AEA7A4B82B, cid=734, SUCCESS, logIndex=1292, commits[5d71e5de-6d45-4480-a1f1-d41cc2d38630:c1292]
2019-06-13 13:50:29,466 INFO  client.GrpcClientProtocolClient (GrpcClientProtocolClient.java:onNext(254)) - client-D47EFDF0E133->5d71e5de-6d45-4480-a1f1-d41cc2d38630: receive RaftClientReply:client-D47EFDF0E133->5d71e5de-6d45-4480-a1f1-d41cc2d38630@group-C6AEA7A4B82B, cid=735, SUCCESS, logIndex=1293, commits[5d71e5de-6d45-4480-a1f1-d41cc2d38630:c1295]
2019-06-13 13:50:29,467 INFO  client.GrpcClientProtocolClient (GrpcClientProtocolClient.java:onNext(254)) - client-D47EFDF0E133->5d71e5de-6d45-4480-a1f1-d41cc2d38630: receive RaftClientReply:client-D47EFDF0E133->5d71e5de-6d45-4480-a1f1-d41cc2d38630@group-C6AEA7A4B82B, cid=736, SUCCESS, logIndex=1295, commits[5d71e5de-6d45-4480-a1f1-d41cc2d38630:c1296]
2019-06-13 13:50:29,477 INFO  client.GrpcClientProtocolClient (GrpcClientProtocolClient.java:onNext(254)) - client-D47EFDF0E133->5d71e5de-6d45-4480-a1f1-d41cc2d38630: receive RaftClientReply:client-D47EFDF0E133->5d71e5de-6d45-4480-a1f1-d41cc2d38630@group-C6AEA7A4B82B, cid=737, SUCCESS, logIndex=1297, commits[5d71e5de-6d45-4480-a1f1-d41cc2d38630:c1297]
2019-06-13 13:50:29,480 INFO  client.GrpcClientProtocolClient (GrpcClientProtocolClient.java:onNext(254)) - client-D47EFDF0E133->5d71e5de-6d45-4480-a1f1-d41cc2d38630: receive RaftClientReply:client-D47EFDF0E133->5d71e5de-6d45-4480-a1f1-d41cc2d38630@group-C6AEA7A4B82B, cid=738, SUCCESS, logIndex=1299, commits[5d71e5de-6d45-4480-a1f1-d41cc2d38630:c1299]
2019-06-13 13:50:29,480 INFO  client.GrpcClientProtocolClient (GrpcClientProtocolClient.java:onNext(254)) - client-D47EFDF0E133->5d71e5de-6d45-4480-a1f1-d41cc2d38630: receive RaftClientReply:client-D47EFDF0E133->5d71e5de-6d45-4480-a1f1-d41cc2d38630@group-C6AEA7A4B82B, cid=739, SUCCESS, logIndex=1300, commits[5d71e5de-6d45-4480-a1f1-d41cc2d38630:c1302]
2019-06-13 13:50:29,480 INFO  client.GrpcClientProtocolClient (GrpcClientProtocolClient.java:onNext(254)) - client-D47EFDF0E133->5d71e5de-6d45-4480-a1f1-d41cc2d38630: receive RaftClientReply:client-D47EFDF0E133->5d71e5de-6d45-4480-a1f1-d41cc2d38630@group-C6AEA7A4B82B, cid=740, SUCCESS, logIndex=1301, commits[5d71e5de-6d45-4480-a1f1-d41cc2d38630:c1302]
2019-06-13 13:50:29,488 INFO  client.GrpcClientProtocolClient (GrpcClientProtocolClient.java:onNext(254)) - client-D47EFDF0E133->5d71e5de-6d45-4480-a1f1-d41cc2d38630: receive RaftClientReply:client-D47EFDF0E133->5d71e5de-6d45-4480-a1f1-d41cc2d38630@group-C6AEA7A4B82B, cid=741, SUCCESS, logIndex=1303, commits[5d71e5de-6d45-4480-a1f1-d41cc2d38630:c1303]
2019-06-13 13:50:29,490 INFO  client.GrpcClientProtocolClient (GrpcClientProtocolClient.java:onNext(254)) - client-D47EFDF0E133->5d71e5de-6d45-4480-a1f1-d41cc2d38630: receive RaftClientReply:client-D47EFDF0E133->5d71e5de-6d45-4480-a1f1-d41cc2d38630@group-C6AEA7A4B82B, cid=742, SUCCESS, logIndex=1305, commits[5d71e5de-6d45-4480-a1f1-d41cc2d38630:c1305]
2019-06-13 13:50:29,491 DEBUG block.SCMBlockDeletingService (SCMBlockDeletingService.java:call(138)) - Running DeletedBlockTransactionScanner
2019-06-13 13:50:29,491 INFO  client.GrpcClientProtocolClient (GrpcClientProtocolClient.java:onNext(254)) - client-D47EFDF0E133->5d71e5de-6d45-4480-a1f1-d41cc2d38630: receive RaftClientReply:client-D47EFDF0E133->5d71e5de-6d45-4480-a1f1-d41cc2d38630@group-C6AEA7A4B82B, cid=743, SUCCESS, logIndex=1306, commits[5d71e5de-6d45-4480-a1f1-d41cc2d38630:c1307]
2019-06-13 13:50:29,491 DEBUG block.SCMBlockDeletingService (SCMBlockDeletingService.java:call(155)) - Scanned deleted blocks log and got 0 delTX to process.
2019-06-13 13:50:29,491 INFO  client.GrpcClientProtocolClient (GrpcClientProtocolClient.java:onNext(254)) - client-D47EFDF0E133->5d71e5de-6d45-4480-a1f1-d41cc2d38630: receive RaftClientReply:client-D47EFDF0E133->5d71e5de-6d45-4480-a1f1-d41cc2d38630@group-C6AEA7A4B82B, cid=744, SUCCESS, logIndex=1307, commits[5d71e5de-6d45-4480-a1f1-d41cc2d38630:c1308]
2019-06-13 13:50:29,501 INFO  client.GrpcClientProtocolClient (GrpcClientProtocolClient.java:onNext(254)) - client-D47EFDF0E133->5d71e5de-6d45-4480-a1f1-d41cc2d38630: receive RaftClientReply:client-D47EFDF0E133->5d71e5de-6d45-4480-a1f1-d41cc2d38630@group-C6AEA7A4B82B, cid=745, SUCCESS, logIndex=1310, commits[5d71e5de-6d45-4480-a1f1-d41cc2d38630:c1310]
2019-06-13 13:50:29,502 INFO  client.GrpcClientProtocolClient (GrpcClientProtocolClient.java:onNext(254)) - client-D47EFDF0E133->5d71e5de-6d45-4480-a1f1-d41cc2d38630: receive RaftClientReply:client-D47EFDF0E133->5d71e5de-6d45-4480-a1f1-d41cc2d38630@group-C6AEA7A4B82B, cid=746, SUCCESS, logIndex=1312, commits[5d71e5de-6d45-4480-a1f1-d41cc2d38630:c1312]
2019-06-13 13:50:29,504 INFO  client.GrpcClientProtocolClient (GrpcClientProtocolClient.java:onNext(254)) - client-D47EFDF0E133->5d71e5de-6d45-4480-a1f1-d41cc2d38630: receive RaftClientReply:client-D47EFDF0E133->5d71e5de-6d45-4480-a1f1-d41cc2d38630@group-C6AEA7A4B82B, cid=747, SUCCESS, logIndex=1313, commits[5d71e5de-6d45-4480-a1f1-d41cc2d38630:c1315]
2019-06-13 13:50:29,504 INFO  client.GrpcClientProtocolClient (GrpcClientProtocolClient.java:onNext(254)) - client-D47EFDF0E133->5d71e5de-6d45-4480-a1f1-d41cc2d38630: receive RaftClientReply:client-D47EFDF0E133->5d71e5de-6d45-4480-a1f1-d41cc2d38630@group-C6AEA7A4B82B, cid=748, SUCCESS, logIndex=1314, commits[5d71e5de-6d45-4480-a1f1-d41cc2d38630:c1315]
2019-06-13 13:50:29,511 INFO  client.GrpcClientProtocolClient (GrpcClientProtocolClient.java:onNext(254)) - client-D47EFDF0E133->5d71e5de-6d45-4480-a1f1-d41cc2d38630: receive RaftClientReply:client-D47EFDF0E133->5d71e5de-6d45-4480-a1f1-d41cc2d38630@group-C6AEA7A4B82B, cid=749, SUCCESS, logIndex=1316, commits[5d71e5de-6d45-4480-a1f1-d41cc2d38630:c1316]
2019-06-13 13:50:29,512 INFO  client.GrpcClientProtocolClient (GrpcClientProtocolClient.java:onNext(254)) - client-D47EFDF0E133->5d71e5de-6d45-4480-a1f1-d41cc2d38630: receive RaftClientReply:client-D47EFDF0E133->5d71e5de-6d45-4480-a1f1-d41cc2d38630@group-C6AEA7A4B82B, cid=750, SUCCESS, logIndex=1318, commits[5d71e5de-6d45-4480-a1f1-d41cc2d38630:c1318]
2019-06-13 13:50:29,580 INFO  client.GrpcClientProtocolClient (GrpcClientProtocolClient.java:onNext(254)) - client-D47EFDF0E133->5d71e5de-6d45-4480-a1f1-d41cc2d38630: receive RaftClientReply:client-D47EFDF0E133->5d71e5de-6d45-4480-a1f1-d41cc2d38630@group-C6AEA7A4B82B, cid=751, SUCCESS, logIndex=1320, commits[5d71e5de-6d45-4480-a1f1-d41cc2d38630:c1320]
2019-06-13 13:50:29,581 INFO  client.GrpcClientProtocolClient (GrpcClientProtocolClient.java:onNext(254)) - client-D47EFDF0E133->5d71e5de-6d45-4480-a1f1-d41cc2d38630: receive RaftClientReply:client-D47EFDF0E133->5d71e5de-6d45-4480-a1f1-d41cc2d38630@group-C6AEA7A4B82B, cid=752, SUCCESS, logIndex=1322, commits[5d71e5de-6d45-4480-a1f1-d41cc2d38630:c1322]
2019-06-13 13:50:29,591 INFO  client.GrpcClientProtocolClient (GrpcClientProtocolClient.java:onNext(254)) - client-D47EFDF0E133->5d71e5de-6d45-4480-a1f1-d41cc2d38630: receive RaftClientReply:client-D47EFDF0E133->5d71e5de-6d45-4480-a1f1-d41cc2d38630@group-C6AEA7A4B82B, cid=753, SUCCESS, logIndex=1324, commits[5d71e5de-6d45-4480-a1f1-d41cc2d38630:c1324]
2019-06-13 13:50:29,591 DEBUG block.SCMBlockDeletingService (SCMBlockDeletingService.java:call(138)) - Running DeletedBlockTransactionScanner
2019-06-13 13:50:29,591 DEBUG block.SCMBlockDeletingService (SCMBlockDeletingService.java:call(155)) - Scanned deleted blocks log and got 0 delTX to process.
2019-06-13 13:50:29,593 INFO  client.GrpcClientProtocolClient (GrpcClientProtocolClient.java:onNext(254)) - client-D47EFDF0E133->5d71e5de-6d45-4480-a1f1-d41cc2d38630: receive RaftClientReply:client-D47EFDF0E133->5d71e5de-6d45-4480-a1f1-d41cc2d38630@group-C6AEA7A4B82B, cid=754, SUCCESS, logIndex=1326, commits[5d71e5de-6d45-4480-a1f1-d41cc2d38630:c1326]
2019-06-13 13:50:29,596 INFO  client.GrpcClientProtocolClient (GrpcClientProtocolClient.java:onNext(254)) - client-D47EFDF0E133->5d71e5de-6d45-4480-a1f1-d41cc2d38630: receive RaftClientReply:client-D47EFDF0E133->5d71e5de-6d45-4480-a1f1-d41cc2d38630@group-C6AEA7A4B82B, cid=755, SUCCESS, logIndex=1328, commits[5d71e5de-6d45-4480-a1f1-d41cc2d38630:c1329]
2019-06-13 13:50:29,596 INFO  client.GrpcClientProtocolClient (GrpcClientProtocolClient.java:onNext(254)) - client-D47EFDF0E133->5d71e5de-6d45-4480-a1f1-d41cc2d38630: receive RaftClientReply:client-D47EFDF0E133->5d71e5de-6d45-4480-a1f1-d41cc2d38630@group-C6AEA7A4B82B, cid=756, SUCCESS, logIndex=1329, commits[5d71e5de-6d45-4480-a1f1-d41cc2d38630:c1329]
2019-06-13 13:50:29,603 INFO  client.GrpcClientProtocolClient (GrpcClientProtocolClient.java:onNext(254)) - client-D47EFDF0E133->5d71e5de-6d45-4480-a1f1-d41cc2d38630: receive RaftClientReply:client-D47EFDF0E133->5d71e5de-6d45-4480-a1f1-d41cc2d38630@group-C6AEA7A4B82B, cid=757, SUCCESS, logIndex=1331, commits[5d71e5de-6d45-4480-a1f1-d41cc2d38630:c1331]
2019-06-13 13:50:29,604 INFO  client.GrpcClientProtocolClient (GrpcClientProtocolClient.java:onNext(254)) - client-D47EFDF0E133->5d71e5de-6d45-4480-a1f1-d41cc2d38630: receive RaftClientReply:client-D47EFDF0E133->5d71e5de-6d45-4480-a1f1-d41cc2d38630@group-C6AEA7A4B82B, cid=758, SUCCESS, logIndex=1333, commits[5d71e5de-6d45-4480-a1f1-d41cc2d38630:c1333]
2019-06-13 13:50:29,607 INFO  client.GrpcClientProtocolClient (GrpcClientProtocolClient.java:onNext(254)) - client-D47EFDF0E133->5d71e5de-6d45-4480-a1f1-d41cc2d38630: receive RaftClientReply:client-D47EFDF0E133->5d71e5de-6d45-4480-a1f1-d41cc2d38630@group-C6AEA7A4B82B, cid=759, SUCCESS, logIndex=1335, commits[5d71e5de-6d45-4480-a1f1-d41cc2d38630:c1335]
2019-06-13 13:50:29,607 INFO  client.GrpcClientProtocolClient (GrpcClientProtocolClient.java:onNext(254)) - client-D47EFDF0E133->5d71e5de-6d45-4480-a1f1-d41cc2d38630: receive RaftClientReply:client-D47EFDF0E133->5d71e5de-6d45-4480-a1f1-d41cc2d38630@group-C6AEA7A4B82B, cid=760, SUCCESS, logIndex=1336, commits[5d71e5de-6d45-4480-a1f1-d41cc2d38630:c1336]
2019-06-13 13:50:29,616 INFO  client.GrpcClientProtocolClient (GrpcClientProtocolClient.java:onNext(254)) - client-D47EFDF0E133->5d71e5de-6d45-4480-a1f1-d41cc2d38630: receive RaftClientReply:client-D47EFDF0E133->5d71e5de-6d45-4480-a1f1-d41cc2d38630@group-C6AEA7A4B82B, cid=761, SUCCESS, logIndex=1339, commits[5d71e5de-6d45-4480-a1f1-d41cc2d38630:c1339]
2019-06-13 13:50:29,618 INFO  client.GrpcClientProtocolClient (GrpcClientProtocolClient.java:onNext(254)) - client-D47EFDF0E133->5d71e5de-6d45-4480-a1f1-d41cc2d38630: receive RaftClientReply:client-D47EFDF0E133->5d71e5de-6d45-4480-a1f1-d41cc2d38630@group-C6AEA7A4B82B, cid=762, SUCCESS, logIndex=1341, commits[5d71e5de-6d45-4480-a1f1-d41cc2d38630:c1341]
2019-06-13 13:50:29,621 INFO  client.GrpcClientProtocolClient (GrpcClientProtocolClient.java:onNext(254)) - client-D47EFDF0E133->5d71e5de-6d45-4480-a1f1-d41cc2d38630: receive RaftClientReply:client-D47EFDF0E133->5d71e5de-6d45-4480-a1f1-d41cc2d38630@group-C6AEA7A4B82B, cid=763, SUCCESS, logIndex=1343, commits[5d71e5de-6d45-4480-a1f1-d41cc2d38630:c1344]
2019-06-13 13:50:29,621 INFO  client.GrpcClientProtocolClient (GrpcClientProtocolClient.java:onNext(254)) - client-D47EFDF0E133->5d71e5de-6d45-4480-a1f1-d41cc2d38630: receive RaftClientReply:client-D47EFDF0E133->5d71e5de-6d45-4480-a1f1-d41cc2d38630@group-C6AEA7A4B82B, cid=764, SUCCESS, logIndex=1344, commits[5d71e5de-6d45-4480-a1f1-d41cc2d38630:c1344]
2019-06-13 13:50:29,631 INFO  client.GrpcClientProtocolClient (GrpcClientProtocolClient.java:onNext(254)) - client-D47EFDF0E133->5d71e5de-6d45-4480-a1f1-d41cc2d38630: receive RaftClientReply:client-D47EFDF0E133->5d71e5de-6d45-4480-a1f1-d41cc2d38630@group-C6AEA7A4B82B, cid=765, SUCCESS, logIndex=1346, commits[5d71e5de-6d45-4480-a1f1-d41cc2d38630:c1346]
2019-06-13 13:50:29,634 INFO  client.GrpcClientProtocolClient (GrpcClientProtocolClient.java:onNext(254)) - client-D47EFDF0E133->5d71e5de-6d45-4480-a1f1-d41cc2d38630: receive RaftClientReply:client-D47EFDF0E133->5d71e5de-6d45-4480-a1f1-d41cc2d38630@group-C6AEA7A4B82B, cid=766, SUCCESS, logIndex=1348, commits[5d71e5de-6d45-4480-a1f1-d41cc2d38630:c1348]
2019-06-13 13:50:29,638 INFO  client.GrpcClientProtocolClient (GrpcClientProtocolClient.java:onNext(254)) - client-D47EFDF0E133->5d71e5de-6d45-4480-a1f1-d41cc2d38630: receive RaftClientReply:client-D47EFDF0E133->5d71e5de-6d45-4480-a1f1-d41cc2d38630@group-C6AEA7A4B82B, cid=767, SUCCESS, logIndex=1349, commits[5d71e5de-6d45-4480-a1f1-d41cc2d38630:c1350]
2019-06-13 13:50:29,639 INFO  client.GrpcClientProtocolClient (GrpcClientProtocolClient.java:onNext(254)) - client-D47EFDF0E133->5d71e5de-6d45-4480-a1f1-d41cc2d38630: receive RaftClientReply:client-D47EFDF0E133->5d71e5de-6d45-4480-a1f1-d41cc2d38630@group-C6AEA7A4B82B, cid=768, SUCCESS, logIndex=1350, commits[5d71e5de-6d45-4480-a1f1-d41cc2d38630:c1350]
2019-06-13 13:50:29,867 DEBUG block.SCMBlockDeletingService (SCMBlockDeletingService.java:call(138)) - Running DeletedBlockTransactionScanner
2019-06-13 13:50:29,868 DEBUG block.SCMBlockDeletingService (SCMBlockDeletingService.java:call(155)) - Scanned deleted blocks log and got 0 delTX to process.
2019-06-13 13:50:29,878 INFO  storage.RaftLogWorker (RaftLogWorker.java:rollLogSegment(303)) - 5d71e5de-6d45-4480-a1f1-d41cc2d38630-RaftLogWorker: Rolling segment log-1281_1355 to index:1355
2019-06-13 13:50:29,879 INFO  storage.RaftLogWorker (RaftLogWorker.java:execute(433)) - 5d71e5de-6d45-4480-a1f1-d41cc2d38630-RaftLogWorker: Rolled log segment from /opt/src/hadoop-ozone/integration-test/target/test-dir/MiniOzoneClusterImpl-c05bfa39-b333-4767-bc96-5a78f3430938/datanode-0/data/ratis/3aee30eb-3db1-472a-b851-c6aea7a4b82b/current/log_inprogress_1281 to /opt/src/hadoop-ozone/integration-test/target/test-dir/MiniOzoneClusterImpl-c05bfa39-b333-4767-bc96-5a78f3430938/datanode-0/data/ratis/3aee30eb-3db1-472a-b851-c6aea7a4b82b/current/log_1281-1355
2019-06-13 13:50:29,881 INFO  client.GrpcClientProtocolClient (GrpcClientProtocolClient.java:onNext(254)) - client-D47EFDF0E133->5d71e5de-6d45-4480-a1f1-d41cc2d38630: receive RaftClientReply:client-D47EFDF0E133->5d71e5de-6d45-4480-a1f1-d41cc2d38630@group-C6AEA7A4B82B, cid=769, SUCCESS, logIndex=1353, commits[5d71e5de-6d45-4480-a1f1-d41cc2d38630:c1353]
2019-06-13 13:50:29,883 INFO  client.GrpcClientProtocolClient (GrpcClientProtocolClient.java:onNext(254)) - client-D47EFDF0E133->5d71e5de-6d45-4480-a1f1-d41cc2d38630: receive RaftClientReply:client-D47EFDF0E133->5d71e5de-6d45-4480-a1f1-d41cc2d38630@group-C6AEA7A4B82B, cid=770, SUCCESS, logIndex=1355, commits[5d71e5de-6d45-4480-a1f1-d41cc2d38630:c1355]
2019-06-13 13:50:29,919 INFO  storage.RaftLogWorker (RaftLogWorker.java:execute(469)) - 5d71e5de-6d45-4480-a1f1-d41cc2d38630-RaftLogWorker: created new log segment /opt/src/hadoop-ozone/integration-test/target/test-dir/MiniOzoneClusterImpl-c05bfa39-b333-4767-bc96-5a78f3430938/datanode-0/data/ratis/3aee30eb-3db1-472a-b851-c6aea7a4b82b/current/log_inprogress_1356
2019-06-13 13:50:29,921 INFO  client.GrpcClientProtocolClient (GrpcClientProtocolClient.java:onNext(254)) - client-D47EFDF0E133->5d71e5de-6d45-4480-a1f1-d41cc2d38630: receive RaftClientReply:client-D47EFDF0E133->5d71e5de-6d45-4480-a1f1-d41cc2d38630@group-C6AEA7A4B82B, cid=771, SUCCESS, logIndex=1356, commits[5d71e5de-6d45-4480-a1f1-d41cc2d38630:c1358]
2019-06-13 13:50:29,921 INFO  client.GrpcClientProtocolClient (GrpcClientProtocolClient.java:onNext(254)) - client-D47EFDF0E133->5d71e5de-6d45-4480-a1f1-d41cc2d38630: receive RaftClientReply:client-D47EFDF0E133->5d71e5de-6d45-4480-a1f1-d41cc2d38630@group-C6AEA7A4B82B, cid=772, SUCCESS, logIndex=1357, commits[5d71e5de-6d45-4480-a1f1-d41cc2d38630:c1358]
2019-06-13 13:50:29,930 INFO  client.GrpcClientProtocolClient (GrpcClientProtocolClient.java:onNext(254)) - client-D47EFDF0E133->5d71e5de-6d45-4480-a1f1-d41cc2d38630: receive RaftClientReply:client-D47EFDF0E133->5d71e5de-6d45-4480-a1f1-d41cc2d38630@group-C6AEA7A4B82B, cid=773, SUCCESS, logIndex=1359, commits[5d71e5de-6d45-4480-a1f1-d41cc2d38630:c1359]
2019-06-13 13:50:29,931 INFO  client.GrpcClientProtocolClient (GrpcClientProtocolClient.java:onNext(254)) - client-D47EFDF0E133->5d71e5de-6d45-4480-a1f1-d41cc2d38630: receive RaftClientReply:client-D47EFDF0E133->5d71e5de-6d45-4480-a1f1-d41cc2d38630@group-C6AEA7A4B82B, cid=774, SUCCESS, logIndex=1361, commits[5d71e5de-6d45-4480-a1f1-d41cc2d38630:c1361]
2019-06-13 13:50:29,933 INFO  client.GrpcClientProtocolClient (GrpcClientProtocolClient.java:onNext(254)) - client-D47EFDF0E133->5d71e5de-6d45-4480-a1f1-d41cc2d38630: receive RaftClientReply:client-D47EFDF0E133->5d71e5de-6d45-4480-a1f1-d41cc2d38630@group-C6AEA7A4B82B, cid=775, SUCCESS, logIndex=1362, commits[5d71e5de-6d45-4480-a1f1-d41cc2d38630:c1364]
2019-06-13 13:50:29,933 INFO  client.GrpcClientProtocolClient (GrpcClientProtocolClient.java:onNext(254)) - client-D47EFDF0E133->5d71e5de-6d45-4480-a1f1-d41cc2d38630: receive RaftClientReply:client-D47EFDF0E133->5d71e5de-6d45-4480-a1f1-d41cc2d38630@group-C6AEA7A4B82B, cid=776, SUCCESS, logIndex=1364, commits[5d71e5de-6d45-4480-a1f1-d41cc2d38630:c1365]
2019-06-13 13:50:29,943 INFO  client.GrpcClientProtocolClient (GrpcClientProtocolClient.java:onNext(254)) - client-D47EFDF0E133->5d71e5de-6d45-4480-a1f1-d41cc2d38630: receive RaftClientReply:client-D47EFDF0E133->5d71e5de-6d45-4480-a1f1-d41cc2d38630@group-C6AEA7A4B82B, cid=777, SUCCESS, logIndex=1366, commits[5d71e5de-6d45-4480-a1f1-d41cc2d38630:c1366]
2019-06-13 13:50:29,945 INFO  client.GrpcClientProtocolClient (GrpcClientProtocolClient.java:onNext(254)) - client-D47EFDF0E133->5d71e5de-6d45-4480-a1f1-d41cc2d38630: receive RaftClientReply:client-D47EFDF0E133->5d71e5de-6d45-4480-a1f1-d41cc2d38630@group-C6AEA7A4B82B, cid=778, SUCCESS, logIndex=1368, commits[5d71e5de-6d45-4480-a1f1-d41cc2d38630:c1368]
2019-06-13 13:50:29,945 INFO  client.GrpcClientProtocolClient (GrpcClientProtocolClient.java:onNext(254)) - client-D47EFDF0E133->5d71e5de-6d45-4480-a1f1-d41cc2d38630: receive RaftClientReply:client-D47EFDF0E133->5d71e5de-6d45-4480-a1f1-d41cc2d38630@group-C6AEA7A4B82B, cid=779, SUCCESS, logIndex=1369, commits[5d71e5de-6d45-4480-a1f1-d41cc2d38630:c1371]
2019-06-13 13:50:29,949 INFO  client.GrpcClientProtocolClient (GrpcClientProtocolClient.java:onNext(254)) - client-D47EFDF0E133->5d71e5de-6d45-4480-a1f1-d41cc2d38630: receive RaftClientReply:client-D47EFDF0E133->5d71e5de-6d45-4480-a1f1-d41cc2d38630@group-C6AEA7A4B82B, cid=780, SUCCESS, logIndex=1371, commits[5d71e5de-6d45-4480-a1f1-d41cc2d38630:c1371]
2019-06-13 13:50:29,955 INFO  client.GrpcClientProtocolClient (GrpcClientProtocolClient.java:onNext(254)) - client-D47EFDF0E133->5d71e5de-6d45-4480-a1f1-d41cc2d38630: receive RaftClientReply:client-D47EFDF0E133->5d71e5de-6d45-4480-a1f1-d41cc2d38630@group-C6AEA7A4B82B, cid=781, SUCCESS, logIndex=1373, commits[5d71e5de-6d45-4480-a1f1-d41cc2d38630:c1373]
2019-06-13 13:50:29,957 INFO  client.GrpcClientProtocolClient (GrpcClientProtocolClient.java:onNext(254)) - client-D47EFDF0E133->5d71e5de-6d45-4480-a1f1-d41cc2d38630: receive RaftClientReply:client-D47EFDF0E133->5d71e5de-6d45-4480-a1f1-d41cc2d38630@group-C6AEA7A4B82B, cid=782, SUCCESS, logIndex=1375, commits[5d71e5de-6d45-4480-a1f1-d41cc2d38630:c1375]
2019-06-13 13:50:29,958 INFO  client.GrpcClientProtocolClient (GrpcClientProtocolClient.java:onNext(254)) - client-D47EFDF0E133->5d71e5de-6d45-4480-a1f1-d41cc2d38630: receive RaftClientReply:client-D47EFDF0E133->5d71e5de-6d45-4480-a1f1-d41cc2d38630@group-C6AEA7A4B82B, cid=783, SUCCESS, logIndex=1376, commits[5d71e5de-6d45-4480-a1f1-d41cc2d38630:c1378]
2019-06-13 13:50:29,958 INFO  client.GrpcClientProtocolClient (GrpcClientProtocolClient.java:onNext(254)) - client-D47EFDF0E133->5d71e5de-6d45-4480-a1f1-d41cc2d38630: receive RaftClientReply:client-D47EFDF0E133->5d71e5de-6d45-4480-a1f1-d41cc2d38630@group-C6AEA7A4B82B, cid=784, SUCCESS, logIndex=1377, commits[5d71e5de-6d45-4480-a1f1-d41cc2d38630:c1378]
2019-06-13 13:50:29,968 DEBUG block.SCMBlockDeletingService (SCMBlockDeletingService.java:call(138)) - Running DeletedBlockTransactionScanner
2019-06-13 13:50:29,968 DEBUG block.SCMBlockDeletingService (SCMBlockDeletingService.java:call(155)) - Scanned deleted blocks log and got 0 delTX to process.
2019-06-13 13:50:29,968 INFO  client.GrpcClientProtocolClient (GrpcClientProtocolClient.java:onNext(254)) - client-D47EFDF0E133->5d71e5de-6d45-4480-a1f1-d41cc2d38630: receive RaftClientReply:client-D47EFDF0E133->5d71e5de-6d45-4480-a1f1-d41cc2d38630@group-C6AEA7A4B82B, cid=785, SUCCESS, logIndex=1379, commits[5d71e5de-6d45-4480-a1f1-d41cc2d38630:c1379]
2019-06-13 13:50:29,970 INFO  client.GrpcClientProtocolClient (GrpcClientProtocolClient.java:onNext(254)) - client-D47EFDF0E133->5d71e5de-6d45-4480-a1f1-d41cc2d38630: receive RaftClientReply:client-D47EFDF0E133->5d71e5de-6d45-4480-a1f1-d41cc2d38630@group-C6AEA7A4B82B, cid=786, SUCCESS, logIndex=1381, commits[5d71e5de-6d45-4480-a1f1-d41cc2d38630:c1381]
2019-06-13 13:50:29,971 INFO  client.GrpcClientProtocolClient (GrpcClientProtocolClient.java:onNext(254)) - client-D47EFDF0E133->5d71e5de-6d45-4480-a1f1-d41cc2d38630: receive RaftClientReply:client-D47EFDF0E133->5d71e5de-6d45-4480-a1f1-d41cc2d38630@group-C6AEA7A4B82B, cid=787, SUCCESS, logIndex=1382, commits[5d71e5de-6d45-4480-a1f1-d41cc2d38630:c1384]
2019-06-13 13:50:29,972 INFO  client.GrpcClientProtocolClient (GrpcClientProtocolClient.java:onNext(254)) - client-D47EFDF0E133->5d71e5de-6d45-4480-a1f1-d41cc2d38630: receive RaftClientReply:client-D47EFDF0E133->5d71e5de-6d45-4480-a1f1-d41cc2d38630@group-C6AEA7A4B82B, cid=788, SUCCESS, logIndex=1384, commits[5d71e5de-6d45-4480-a1f1-d41cc2d38630:c1384]
2019-06-13 13:50:29,977 INFO  client.GrpcClientProtocolClient (GrpcClientProtocolClient.java:onNext(254)) - client-D47EFDF0E133->5d71e5de-6d45-4480-a1f1-d41cc2d38630: receive RaftClientReply:client-D47EFDF0E133->5d71e5de-6d45-4480-a1f1-d41cc2d38630@group-C6AEA7A4B82B, cid=789, SUCCESS, logIndex=1386, commits[5d71e5de-6d45-4480-a1f1-d41cc2d38630:c1386]
2019-06-13 13:50:29,978 INFO  client.GrpcClientProtocolClient (GrpcClientProtocolClient.java:onNext(254)) - client-D47EFDF0E133->5d71e5de-6d45-4480-a1f1-d41cc2d38630: receive RaftClientReply:client-D47EFDF0E133->5d71e5de-6d45-4480-a1f1-d41cc2d38630@group-C6AEA7A4B82B, cid=790, SUCCESS, logIndex=1388, commits[5d71e5de-6d45-4480-a1f1-d41cc2d38630:c1388]
2019-06-13 13:50:29,980 INFO  client.GrpcClientProtocolClient (GrpcClientProtocolClient.java:onNext(254)) - client-D47EFDF0E133->5d71e5de-6d45-4480-a1f1-d41cc2d38630: receive RaftClientReply:client-D47EFDF0E133->5d71e5de-6d45-4480-a1f1-d41cc2d38630@group-C6AEA7A4B82B, cid=791, SUCCESS, logIndex=1389, commits[5d71e5de-6d45-4480-a1f1-d41cc2d38630:c1391]
2019-06-13 13:50:29,980 INFO  client.GrpcClientProtocolClient (GrpcClientProtocolClient.java:onNext(254)) - client-D47EFDF0E133->5d71e5de-6d45-4480-a1f1-d41cc2d38630: receive RaftClientReply:client-D47EFDF0E133->5d71e5de-6d45-4480-a1f1-d41cc2d38630@group-C6AEA7A4B82B, cid=792, SUCCESS, logIndex=1390, commits[5d71e5de-6d45-4480-a1f1-d41cc2d38630:c1391]
2019-06-13 13:50:29,990 INFO  client.GrpcClientProtocolClient (GrpcClientProtocolClient.java:onNext(254)) - client-D47EFDF0E133->5d71e5de-6d45-4480-a1f1-d41cc2d38630: receive RaftClientReply:client-D47EFDF0E133->5d71e5de-6d45-4480-a1f1-d41cc2d38630@group-C6AEA7A4B82B, cid=793, SUCCESS, logIndex=1392, commits[5d71e5de-6d45-4480-a1f1-d41cc2d38630:c1392]
2019-06-13 13:50:29,992 INFO  client.GrpcClientProtocolClient (GrpcClientProtocolClient.java:onNext(254)) - client-D47EFDF0E133->5d71e5de-6d45-4480-a1f1-d41cc2d38630: receive RaftClientReply:client-D47EFDF0E133->5d71e5de-6d45-4480-a1f1-d41cc2d38630@group-C6AEA7A4B82B, cid=794, SUCCESS, logIndex=1394, commits[5d71e5de-6d45-4480-a1f1-d41cc2d38630:c1394]
2019-06-13 13:50:30,062 INFO  client.GrpcClientProtocolClient (GrpcClientProtocolClient.java:onNext(254)) - client-D47EFDF0E133->5d71e5de-6d45-4480-a1f1-d41cc2d38630: receive RaftClientReply:client-D47EFDF0E133->5d71e5de-6d45-4480-a1f1-d41cc2d38630@group-C6AEA7A4B82B, cid=795, SUCCESS, logIndex=1396, commits[5d71e5de-6d45-4480-a1f1-d41cc2d38630:c1396]
2019-06-13 13:50:30,064 INFO  client.GrpcClientProtocolClient (GrpcClientProtocolClient.java:onNext(254)) - client-D47EFDF0E133->5d71e5de-6d45-4480-a1f1-d41cc2d38630: receive RaftClientReply:client-D47EFDF0E133->5d71e5de-6d45-4480-a1f1-d41cc2d38630@group-C6AEA7A4B82B, cid=796, SUCCESS, logIndex=1398, commits[5d71e5de-6d45-4480-a1f1-d41cc2d38630:c1398]
2019-06-13 13:50:30,068 DEBUG block.SCMBlockDeletingService (SCMBlockDeletingService.java:call(138)) - Running DeletedBlockTransactionScanner
2019-06-13 13:50:30,069 DEBUG block.SCMBlockDeletingService (SCMBlockDeletingService.java:call(155)) - Scanned deleted blocks log and got 0 delTX to process.
2019-06-13 13:50:30,070 INFO  client.GrpcClientProtocolClient (GrpcClientProtocolClient.java:onNext(254)) - client-D47EFDF0E133->5d71e5de-6d45-4480-a1f1-d41cc2d38630: receive RaftClientReply:client-D47EFDF0E133->5d71e5de-6d45-4480-a1f1-d41cc2d38630@group-C6AEA7A4B82B, cid=797, SUCCESS, logIndex=1400, commits[5d71e5de-6d45-4480-a1f1-d41cc2d38630:c1400]
2019-06-13 13:50:30,072 INFO  client.GrpcClientProtocolClient (GrpcClientProtocolClient.java:onNext(254)) - client-D47EFDF0E133->5d71e5de-6d45-4480-a1f1-d41cc2d38630: receive RaftClientReply:client-D47EFDF0E133->5d71e5de-6d45-4480-a1f1-d41cc2d38630@group-C6AEA7A4B82B, cid=798, SUCCESS, logIndex=1402, commits[5d71e5de-6d45-4480-a1f1-d41cc2d38630:c1402]
2019-06-13 13:50:30,074 INFO  client.GrpcClientProtocolClient (GrpcClientProtocolClient.java:onNext(254)) - client-D47EFDF0E133->5d71e5de-6d45-4480-a1f1-d41cc2d38630: receive RaftClientReply:client-D47EFDF0E133->5d71e5de-6d45-4480-a1f1-d41cc2d38630@group-C6AEA7A4B82B, cid=799, SUCCESS, logIndex=1404, commits[5d71e5de-6d45-4480-a1f1-d41cc2d38630:c1405]
2019-06-13 13:50:30,074 INFO  client.GrpcClientProtocolClient (GrpcClientProtocolClient.java:onNext(254)) - client-D47EFDF0E133->5d71e5de-6d45-4480-a1f1-d41cc2d38630: receive RaftClientReply:client-D47EFDF0E133->5d71e5de-6d45-4480-a1f1-d41cc2d38630@group-C6AEA7A4B82B, cid=800, SUCCESS, logIndex=1405, commits[5d71e5de-6d45-4480-a1f1-d41cc2d38630:c1406]
2019-06-13 13:50:30,086 INFO  client.GrpcClientProtocolClient (GrpcClientProtocolClient.java:onNext(254)) - client-D47EFDF0E133->5d71e5de-6d45-4480-a1f1-d41cc2d38630: receive RaftClientReply:client-D47EFDF0E133->5d71e5de-6d45-4480-a1f1-d41cc2d38630@group-C6AEA7A4B82B, cid=801, SUCCESS, logIndex=1407, commits[5d71e5de-6d45-4480-a1f1-d41cc2d38630:c1407]
2019-06-13 13:50:30,087 INFO  client.GrpcClientProtocolClient (GrpcClientProtocolClient.java:onNext(254)) - client-D47EFDF0E133->5d71e5de-6d45-4480-a1f1-d41cc2d38630: receive RaftClientReply:client-D47EFDF0E133->5d71e5de-6d45-4480-a1f1-d41cc2d38630@group-C6AEA7A4B82B, cid=802, SUCCESS, logIndex=1409, commits[5d71e5de-6d45-4480-a1f1-d41cc2d38630:c1409]
2019-06-13 13:50:30,088 INFO  client.GrpcClientProtocolClient (GrpcClientProtocolClient.java:onNext(254)) - client-D47EFDF0E133->5d71e5de-6d45-4480-a1f1-d41cc2d38630: receive RaftClientReply:client-D47EFDF0E133->5d71e5de-6d45-4480-a1f1-d41cc2d38630@group-C6AEA7A4B82B, cid=803, SUCCESS, logIndex=1410, commits[5d71e5de-6d45-4480-a1f1-d41cc2d38630:c1412]
2019-06-13 13:50:30,089 INFO  client.GrpcClientProtocolClient (GrpcClientProtocolClient.java:onNext(254)) - client-D47EFDF0E133->5d71e5de-6d45-4480-a1f1-d41cc2d38630: receive RaftClientReply:client-D47EFDF0E133->5d71e5de-6d45-4480-a1f1-d41cc2d38630@group-C6AEA7A4B82B, cid=804, SUCCESS, logIndex=1412, commits[5d71e5de-6d45-4480-a1f1-d41cc2d38630:c1412]
2019-06-13 13:50:30,095 INFO  client.GrpcClientProtocolClient (GrpcClientProtocolClient.java:onNext(254)) - client-D47EFDF0E133->5d71e5de-6d45-4480-a1f1-d41cc2d38630: receive RaftClientReply:client-D47EFDF0E133->5d71e5de-6d45-4480-a1f1-d41cc2d38630@group-C6AEA7A4B82B, cid=805, SUCCESS, logIndex=1414, commits[5d71e5de-6d45-4480-a1f1-d41cc2d38630:c1414]
2019-06-13 13:50:30,096 INFO  client.GrpcClientProtocolClient (GrpcClientProtocolClient.java:onNext(254)) - client-D47EFDF0E133->5d71e5de-6d45-4480-a1f1-d41cc2d38630: receive RaftClientReply:client-D47EFDF0E133->5d71e5de-6d45-4480-a1f1-d41cc2d38630@group-C6AEA7A4B82B, cid=806, SUCCESS, logIndex=1416, commits[5d71e5de-6d45-4480-a1f1-d41cc2d38630:c1416]
2019-06-13 13:50:30,098 INFO  client.GrpcClientProtocolClient (GrpcClientProtocolClient.java:onNext(254)) - client-D47EFDF0E133->5d71e5de-6d45-4480-a1f1-d41cc2d38630: receive RaftClientReply:client-D47EFDF0E133->5d71e5de-6d45-4480-a1f1-d41cc2d38630@group-C6AEA7A4B82B, cid=807, SUCCESS, logIndex=1417, commits[5d71e5de-6d45-4480-a1f1-d41cc2d38630:c1418]
2019-06-13 13:50:30,099 INFO  client.GrpcClientProtocolClient (GrpcClientProtocolClient.java:onNext(254)) - client-D47EFDF0E133->5d71e5de-6d45-4480-a1f1-d41cc2d38630: receive RaftClientReply:client-D47EFDF0E133->5d71e5de-6d45-4480-a1f1-d41cc2d38630@group-C6AEA7A4B82B, cid=808, SUCCESS, logIndex=1419, commits[5d71e5de-6d45-4480-a1f1-d41cc2d38630:c1419]
2019-06-13 13:50:30,110 INFO  client.GrpcClientProtocolClient (GrpcClientProtocolClient.java:onNext(254)) - client-D47EFDF0E133->5d71e5de-6d45-4480-a1f1-d41cc2d38630: receive RaftClientReply:client-D47EFDF0E133->5d71e5de-6d45-4480-a1f1-d41cc2d38630@group-C6AEA7A4B82B, cid=809, SUCCESS, logIndex=1421, commits[5d71e5de-6d45-4480-a1f1-d41cc2d38630:c1421]
2019-06-13 13:50:30,113 INFO  client.GrpcClientProtocolClient (GrpcClientProtocolClient.java:onNext(254)) - client-D47EFDF0E133->5d71e5de-6d45-4480-a1f1-d41cc2d38630: receive RaftClientReply:client-D47EFDF0E133->5d71e5de-6d45-4480-a1f1-d41cc2d38630@group-C6AEA7A4B82B, cid=810, SUCCESS, logIndex=1423, commits[5d71e5de-6d45-4480-a1f1-d41cc2d38630:c1423]
2019-06-13 13:50:30,114 INFO  client.GrpcClientProtocolClient (GrpcClientProtocolClient.java:onNext(254)) - client-D47EFDF0E133->5d71e5de-6d45-4480-a1f1-d41cc2d38630: receive RaftClientReply:client-D47EFDF0E133->5d71e5de-6d45-4480-a1f1-d41cc2d38630@group-C6AEA7A4B82B, cid=811, SUCCESS, logIndex=1424, commits[5d71e5de-6d45-4480-a1f1-d41cc2d38630:c1425]
2019-06-13 13:50:30,115 INFO  client.GrpcClientProtocolClient (GrpcClientProtocolClient.java:onNext(254)) - client-D47EFDF0E133->5d71e5de-6d45-4480-a1f1-d41cc2d38630: receive RaftClientReply:client-D47EFDF0E133->5d71e5de-6d45-4480-a1f1-d41cc2d38630@group-C6AEA7A4B82B, cid=812, SUCCESS, logIndex=1425, commits[5d71e5de-6d45-4480-a1f1-d41cc2d38630:c1425]
2019-06-13 13:50:30,122 INFO  storage.RaftLogWorker (RaftLogWorker.java:rollLogSegment(303)) - 5d71e5de-6d45-4480-a1f1-d41cc2d38630-RaftLogWorker: Rolling segment log-1356_1429 to index:1429
2019-06-13 13:50:30,122 INFO  client.GrpcClientProtocolClient (GrpcClientProtocolClient.java:onNext(254)) - client-D47EFDF0E133->5d71e5de-6d45-4480-a1f1-d41cc2d38630: receive RaftClientReply:client-D47EFDF0E133->5d71e5de-6d45-4480-a1f1-d41cc2d38630@group-C6AEA7A4B82B, cid=813, SUCCESS, logIndex=1428, commits[5d71e5de-6d45-4480-a1f1-d41cc2d38630:c1428]
2019-06-13 13:50:30,122 INFO  storage.RaftLogWorker (RaftLogWorker.java:execute(433)) - 5d71e5de-6d45-4480-a1f1-d41cc2d38630-RaftLogWorker: Rolled log segment from /opt/src/hadoop-ozone/integration-test/target/test-dir/MiniOzoneClusterImpl-c05bfa39-b333-4767-bc96-5a78f3430938/datanode-0/data/ratis/3aee30eb-3db1-472a-b851-c6aea7a4b82b/current/log_inprogress_1356 to /opt/src/hadoop-ozone/integration-test/target/test-dir/MiniOzoneClusterImpl-c05bfa39-b333-4767-bc96-5a78f3430938/datanode-0/data/ratis/3aee30eb-3db1-472a-b851-c6aea7a4b82b/current/log_1356-1429
2019-06-13 13:50:30,168 INFO  storage.RaftLogWorker (RaftLogWorker.java:execute(469)) - 5d71e5de-6d45-4480-a1f1-d41cc2d38630-RaftLogWorker: created new log segment /opt/src/hadoop-ozone/integration-test/target/test-dir/MiniOzoneClusterImpl-c05bfa39-b333-4767-bc96-5a78f3430938/datanode-0/data/ratis/3aee30eb-3db1-472a-b851-c6aea7a4b82b/current/log_inprogress_1430
2019-06-13 13:50:30,169 DEBUG block.SCMBlockDeletingService (SCMBlockDeletingService.java:call(138)) - Running DeletedBlockTransactionScanner
2019-06-13 13:50:30,170 DEBUG block.SCMBlockDeletingService (SCMBlockDeletingService.java:call(155)) - Scanned deleted blocks log and got 0 delTX to process.
2019-06-13 13:50:30,170 INFO  client.GrpcClientProtocolClient (GrpcClientProtocolClient.java:onNext(254)) - client-D47EFDF0E133->5d71e5de-6d45-4480-a1f1-d41cc2d38630: receive RaftClientReply:client-D47EFDF0E133->5d71e5de-6d45-4480-a1f1-d41cc2d38630@group-C6AEA7A4B82B, cid=814, SUCCESS, logIndex=1430, commits[5d71e5de-6d45-4480-a1f1-d41cc2d38630:c1430]
2019-06-13 13:50:30,175 INFO  client.GrpcClientProtocolClient (GrpcClientProtocolClient.java:onNext(254)) - client-D47EFDF0E133->5d71e5de-6d45-4480-a1f1-d41cc2d38630: receive RaftClientReply:client-D47EFDF0E133->5d71e5de-6d45-4480-a1f1-d41cc2d38630@group-C6AEA7A4B82B, cid=815, SUCCESS, logIndex=1432, commits[5d71e5de-6d45-4480-a1f1-d41cc2d38630:c1433]
2019-06-13 13:50:30,175 INFO  client.GrpcClientProtocolClient (GrpcClientProtocolClient.java:onNext(254)) - client-D47EFDF0E133->5d71e5de-6d45-4480-a1f1-d41cc2d38630: receive RaftClientReply:client-D47EFDF0E133->5d71e5de-6d45-4480-a1f1-d41cc2d38630@group-C6AEA7A4B82B, cid=816, SUCCESS, logIndex=1433, commits[5d71e5de-6d45-4480-a1f1-d41cc2d38630:c1434]
2019-06-13 13:50:30,186 INFO  client.GrpcClientProtocolClient (GrpcClientProtocolClient.java:onNext(254)) - client-D47EFDF0E133->5d71e5de-6d45-4480-a1f1-d41cc2d38630: receive RaftClientReply:client-D47EFDF0E133->5d71e5de-6d45-4480-a1f1-d41cc2d38630@group-C6AEA7A4B82B, cid=817, SUCCESS, logIndex=1435, commits[5d71e5de-6d45-4480-a1f1-d41cc2d38630:c1435]
2019-06-13 13:50:30,188 INFO  client.GrpcClientProtocolClient (GrpcClientProtocolClient.java:onNext(254)) - client-D47EFDF0E133->5d71e5de-6d45-4480-a1f1-d41cc2d38630: receive RaftClientReply:client-D47EFDF0E133->5d71e5de-6d45-4480-a1f1-d41cc2d38630@group-C6AEA7A4B82B, cid=818, SUCCESS, logIndex=1437, commits[5d71e5de-6d45-4480-a1f1-d41cc2d38630:c1437]
2019-06-13 13:50:30,188 INFO  client.GrpcClientProtocolClient (GrpcClientProtocolClient.java:onNext(254)) - client-D47EFDF0E133->5d71e5de-6d45-4480-a1f1-d41cc2d38630: receive RaftClientReply:client-D47EFDF0E133->5d71e5de-6d45-4480-a1f1-d41cc2d38630@group-C6AEA7A4B82B, cid=819, SUCCESS, logIndex=1438, commits[5d71e5de-6d45-4480-a1f1-d41cc2d38630:c1438]
2019-06-13 13:50:30,190 INFO  client.GrpcClientProtocolClient (GrpcClientProtocolClient.java:onNext(254)) - client-D47EFDF0E133->5d71e5de-6d45-4480-a1f1-d41cc2d38630: receive RaftClientReply:client-D47EFDF0E133->5d71e5de-6d45-4480-a1f1-d41cc2d38630@group-C6AEA7A4B82B, cid=820, SUCCESS, logIndex=1441, commits[5d71e5de-6d45-4480-a1f1-d41cc2d38630:c1441]
2019-06-13 13:50:30,195 INFO  client.GrpcClientProtocolClient (GrpcClientProtocolClient.java:onNext(254)) - client-D47EFDF0E133->5d71e5de-6d45-4480-a1f1-d41cc2d38630: receive RaftClientReply:client-D47EFDF0E133->5d71e5de-6d45-4480-a1f1-d41cc2d38630@group-C6AEA7A4B82B, cid=821, SUCCESS, logIndex=1443, commits[5d71e5de-6d45-4480-a1f1-d41cc2d38630:c1443]
2019-06-13 13:50:30,197 INFO  client.GrpcClientProtocolClient (GrpcClientProtocolClient.java:onNext(254)) - client-D47EFDF0E133->5d71e5de-6d45-4480-a1f1-d41cc2d38630: receive RaftClientReply:client-D47EFDF0E133->5d71e5de-6d45-4480-a1f1-d41cc2d38630@group-C6AEA7A4B82B, cid=822, SUCCESS, logIndex=1445, commits[5d71e5de-6d45-4480-a1f1-d41cc2d38630:c1445]
2019-06-13 13:50:30,198 INFO  client.GrpcClientProtocolClient (GrpcClientProtocolClient.java:onNext(254)) - client-D47EFDF0E133->5d71e5de-6d45-4480-a1f1-d41cc2d38630: receive RaftClientReply:client-D47EFDF0E133->5d71e5de-6d45-4480-a1f1-d41cc2d38630@group-C6AEA7A4B82B, cid=823, SUCCESS, logIndex=1446, commits[5d71e5de-6d45-4480-a1f1-d41cc2d38630:c1448]
2019-06-13 13:50:30,199 INFO  client.GrpcClientProtocolClient (GrpcClientProtocolClient.java:onNext(254)) - client-D47EFDF0E133->5d71e5de-6d45-4480-a1f1-d41cc2d38630: receive RaftClientReply:client-D47EFDF0E133->5d71e5de-6d45-4480-a1f1-d41cc2d38630@group-C6AEA7A4B82B, cid=824, SUCCESS, logIndex=1448, commits[5d71e5de-6d45-4480-a1f1-d41cc2d38630:c1448]
2019-06-13 13:50:30,208 INFO  client.GrpcClientProtocolClient (GrpcClientProtocolClient.java:onNext(254)) - client-D47EFDF0E133->5d71e5de-6d45-4480-a1f1-d41cc2d38630: receive RaftClientReply:client-D47EFDF0E133->5d71e5de-6d45-4480-a1f1-d41cc2d38630@group-C6AEA7A4B82B, cid=825, SUCCESS, logIndex=1450, commits[5d71e5de-6d45-4480-a1f1-d41cc2d38630:c1450]
2019-06-13 13:50:30,210 INFO  client.GrpcClientProtocolClient (GrpcClientProtocolClient.java:onNext(254)) - client-D47EFDF0E133->5d71e5de-6d45-4480-a1f1-d41cc2d38630: receive RaftClientReply:client-D47EFDF0E133->5d71e5de-6d45-4480-a1f1-d41cc2d38630@group-C6AEA7A4B82B, cid=826, SUCCESS, logIndex=1452, commits[5d71e5de-6d45-4480-a1f1-d41cc2d38630:c1452]
2019-06-13 13:50:30,212 INFO  client.GrpcClientProtocolClient (GrpcClientProtocolClient.java:onNext(254)) - client-D47EFDF0E133->5d71e5de-6d45-4480-a1f1-d41cc2d38630: receive RaftClientReply:client-D47EFDF0E133->5d71e5de-6d45-4480-a1f1-d41cc2d38630@group-C6AEA7A4B82B, cid=827, SUCCESS, logIndex=1454, commits[5d71e5de-6d45-4480-a1f1-d41cc2d38630:c1455]
2019-06-13 13:50:30,213 INFO  client.GrpcClientProtocolClient (GrpcClientProtocolClient.java:onNext(254)) - client-D47EFDF0E133->5d71e5de-6d45-4480-a1f1-d41cc2d38630: receive RaftClientReply:client-D47EFDF0E133->5d71e5de-6d45-4480-a1f1-d41cc2d38630@group-C6AEA7A4B82B, cid=828, SUCCESS, logIndex=1455, commits[5d71e5de-6d45-4480-a1f1-d41cc2d38630:c1455]
2019-06-13 13:50:30,219 INFO  client.GrpcClientProtocolClient (GrpcClientProtocolClient.java:onNext(254)) - client-D47EFDF0E133->5d71e5de-6d45-4480-a1f1-d41cc2d38630: receive RaftClientReply:client-D47EFDF0E133->5d71e5de-6d45-4480-a1f1-d41cc2d38630@group-C6AEA7A4B82B, cid=829, SUCCESS, logIndex=1457, commits[5d71e5de-6d45-4480-a1f1-d41cc2d38630:c1457]
2019-06-13 13:50:30,220 INFO  client.GrpcClientProtocolClient (GrpcClientProtocolClient.java:onNext(254)) - client-D47EFDF0E133->5d71e5de-6d45-4480-a1f1-d41cc2d38630: receive RaftClientReply:client-D47EFDF0E133->5d71e5de-6d45-4480-a1f1-d41cc2d38630@group-C6AEA7A4B82B, cid=830, SUCCESS, logIndex=1459, commits[5d71e5de-6d45-4480-a1f1-d41cc2d38630:c1459]
2019-06-13 13:50:30,223 INFO  client.GrpcClientProtocolClient (GrpcClientProtocolClient.java:onNext(254)) - client-D47EFDF0E133->5d71e5de-6d45-4480-a1f1-d41cc2d38630: receive RaftClientReply:client-D47EFDF0E133->5d71e5de-6d45-4480-a1f1-d41cc2d38630@group-C6AEA7A4B82B, cid=831, SUCCESS, logIndex=1461, commits[5d71e5de-6d45-4480-a1f1-d41cc2d38630:c1462]
2019-06-13 13:50:30,223 INFO  client.GrpcClientProtocolClient (GrpcClientProtocolClient.java:onNext(254)) - client-D47EFDF0E133->5d71e5de-6d45-4480-a1f1-d41cc2d38630: receive RaftClientReply:client-D47EFDF0E133->5d71e5de-6d45-4480-a1f1-d41cc2d38630@group-C6AEA7A4B82B, cid=832, SUCCESS, logIndex=1462, commits[5d71e5de-6d45-4480-a1f1-d41cc2d38630:c1462]
2019-06-13 13:50:30,233 INFO  client.GrpcClientProtocolClient (GrpcClientProtocolClient.java:onNext(254)) - client-D47EFDF0E133->5d71e5de-6d45-4480-a1f1-d41cc2d38630: receive RaftClientReply:client-D47EFDF0E133->5d71e5de-6d45-4480-a1f1-d41cc2d38630@group-C6AEA7A4B82B, cid=833, SUCCESS, logIndex=1464, commits[5d71e5de-6d45-4480-a1f1-d41cc2d38630:c1464]
2019-06-13 13:50:30,240 INFO  client.GrpcClientProtocolClient (GrpcClientProtocolClient.java:onNext(254)) - client-D47EFDF0E133->5d71e5de-6d45-4480-a1f1-d41cc2d38630: receive RaftClientReply:client-D47EFDF0E133->5d71e5de-6d45-4480-a1f1-d41cc2d38630@group-C6AEA7A4B82B, cid=834, SUCCESS, logIndex=1466, commits[5d71e5de-6d45-4480-a1f1-d41cc2d38630:c1466]
2019-06-13 13:50:30,241 INFO  client.GrpcClientProtocolClient (GrpcClientProtocolClient.java:onNext(254)) - client-D47EFDF0E133->5d71e5de-6d45-4480-a1f1-d41cc2d38630: receive RaftClientReply:client-D47EFDF0E133->5d71e5de-6d45-4480-a1f1-d41cc2d38630@group-C6AEA7A4B82B, cid=835, SUCCESS, logIndex=1467, commits[5d71e5de-6d45-4480-a1f1-d41cc2d38630:c1470]
2019-06-13 13:50:30,242 INFO  client.GrpcClientProtocolClient (GrpcClientProtocolClient.java:onNext(254)) - client-D47EFDF0E133->5d71e5de-6d45-4480-a1f1-d41cc2d38630: receive RaftClientReply:client-D47EFDF0E133->5d71e5de-6d45-4480-a1f1-d41cc2d38630@group-C6AEA7A4B82B, cid=836, SUCCESS, logIndex=1468, commits[5d71e5de-6d45-4480-a1f1-d41cc2d38630:c1470]
2019-06-13 13:50:30,248 INFO  client.GrpcClientProtocolClient (GrpcClientProtocolClient.java:onNext(254)) - client-D47EFDF0E133->5d71e5de-6d45-4480-a1f1-d41cc2d38630: receive RaftClientReply:client-D47EFDF0E133->5d71e5de-6d45-4480-a1f1-d41cc2d38630@group-C6AEA7A4B82B, cid=837, SUCCESS, logIndex=1471, commits[5d71e5de-6d45-4480-a1f1-d41cc2d38630:c1471]
2019-06-13 13:50:30,250 INFO  client.GrpcClientProtocolClient (GrpcClientProtocolClient.java:onNext(254)) - client-D47EFDF0E133->5d71e5de-6d45-4480-a1f1-d41cc2d38630: receive RaftClientReply:client-D47EFDF0E133->5d71e5de-6d45-4480-a1f1-d41cc2d38630@group-C6AEA7A4B82B, cid=838, SUCCESS, logIndex=1473, commits[5d71e5de-6d45-4480-a1f1-d41cc2d38630:c1473]
2019-06-13 13:50:30,270 DEBUG block.SCMBlockDeletingService (SCMBlockDeletingService.java:call(138)) - Running DeletedBlockTransactionScanner
2019-06-13 13:50:30,270 DEBUG block.SCMBlockDeletingService (SCMBlockDeletingService.java:call(155)) - Scanned deleted blocks log and got 0 delTX to process.
2019-06-13 13:50:30,372 DEBUG block.SCMBlockDeletingService (SCMBlockDeletingService.java:call(138)) - Running DeletedBlockTransactionScanner
2019-06-13 13:50:30,372 DEBUG block.SCMBlockDeletingService (SCMBlockDeletingService.java:call(155)) - Scanned deleted blocks log and got 0 delTX to process.
2019-06-13 13:50:30,380 INFO  client.GrpcClientProtocolClient (GrpcClientProtocolClient.java:onNext(254)) - client-D47EFDF0E133->5d71e5de-6d45-4480-a1f1-d41cc2d38630: receive RaftClientReply:client-D47EFDF0E133->5d71e5de-6d45-4480-a1f1-d41cc2d38630@group-C6AEA7A4B82B, cid=839, SUCCESS, logIndex=1475, commits[5d71e5de-6d45-4480-a1f1-d41cc2d38630:c1475]
2019-06-13 13:50:30,381 INFO  client.GrpcClientProtocolClient (GrpcClientProtocolClient.java:onNext(254)) - client-D47EFDF0E133->5d71e5de-6d45-4480-a1f1-d41cc2d38630: receive RaftClientReply:client-D47EFDF0E133->5d71e5de-6d45-4480-a1f1-d41cc2d38630@group-C6AEA7A4B82B, cid=840, SUCCESS, logIndex=1477, commits[5d71e5de-6d45-4480-a1f1-d41cc2d38630:c1477]
2019-06-13 13:50:30,394 INFO  client.GrpcClientProtocolClient (GrpcClientProtocolClient.java:onNext(254)) - client-D47EFDF0E133->5d71e5de-6d45-4480-a1f1-d41cc2d38630: receive RaftClientReply:client-D47EFDF0E133->5d71e5de-6d45-4480-a1f1-d41cc2d38630@group-C6AEA7A4B82B, cid=841, SUCCESS, logIndex=1479, commits[5d71e5de-6d45-4480-a1f1-d41cc2d38630:c1479]
2019-06-13 13:50:30,396 INFO  client.GrpcClientProtocolClient (GrpcClientProtocolClient.java:onNext(254)) - client-D47EFDF0E133->5d71e5de-6d45-4480-a1f1-d41cc2d38630: receive RaftClientReply:client-D47EFDF0E133->5d71e5de-6d45-4480-a1f1-d41cc2d38630@group-C6AEA7A4B82B, cid=842, SUCCESS, logIndex=1481, commits[5d71e5de-6d45-4480-a1f1-d41cc2d38630:c1481]
2019-06-13 13:50:30,397 INFO  client.GrpcClientProtocolClient (GrpcClientProtocolClient.java:onNext(254)) - client-D47EFDF0E133->5d71e5de-6d45-4480-a1f1-d41cc2d38630: receive RaftClientReply:client-D47EFDF0E133->5d71e5de-6d45-4480-a1f1-d41cc2d38630@group-C6AEA7A4B82B, cid=843, SUCCESS, logIndex=1482, commits[5d71e5de-6d45-4480-a1f1-d41cc2d38630:c1484]
2019-06-13 13:50:30,397 INFO  client.GrpcClientProtocolClient (GrpcClientProtocolClient.java:onNext(254)) - client-D47EFDF0E133->5d71e5de-6d45-4480-a1f1-d41cc2d38630: receive RaftClientReply:client-D47EFDF0E133->5d71e5de-6d45-4480-a1f1-d41cc2d38630@group-C6AEA7A4B82B, cid=844, SUCCESS, logIndex=1484, commits[5d71e5de-6d45-4480-a1f1-d41cc2d38630:c1484]
2019-06-13 13:50:30,402 INFO  client.GrpcClientProtocolClient (GrpcClientProtocolClient.java:onNext(254)) - client-D47EFDF0E133->5d71e5de-6d45-4480-a1f1-d41cc2d38630: receive RaftClientReply:client-D47EFDF0E133->5d71e5de-6d45-4480-a1f1-d41cc2d38630@group-C6AEA7A4B82B, cid=845, SUCCESS, logIndex=1486, commits[5d71e5de-6d45-4480-a1f1-d41cc2d38630:c1486]
2019-06-13 13:50:30,405 INFO  client.GrpcClientProtocolClient (GrpcClientProtocolClient.java:onNext(254)) - client-D47EFDF0E133->5d71e5de-6d45-4480-a1f1-d41cc2d38630: receive RaftClientReply:client-D47EFDF0E133->5d71e5de-6d45-4480-a1f1-d41cc2d38630@group-C6AEA7A4B82B, cid=846, SUCCESS, logIndex=1488, commits[5d71e5de-6d45-4480-a1f1-d41cc2d38630:c1488]
2019-06-13 13:50:30,405 INFO  client.GrpcClientProtocolClient (GrpcClientProtocolClient.java:onNext(254)) - client-D47EFDF0E133->5d71e5de-6d45-4480-a1f1-d41cc2d38630: receive RaftClientReply:client-D47EFDF0E133->5d71e5de-6d45-4480-a1f1-d41cc2d38630@group-C6AEA7A4B82B, cid=847, SUCCESS, logIndex=1489, commits[5d71e5de-6d45-4480-a1f1-d41cc2d38630:c1491]
2019-06-13 13:50:30,405 INFO  client.GrpcClientProtocolClient (GrpcClientProtocolClient.java:onNext(254)) - client-D47EFDF0E133->5d71e5de-6d45-4480-a1f1-d41cc2d38630: receive RaftClientReply:client-D47EFDF0E133->5d71e5de-6d45-4480-a1f1-d41cc2d38630@group-C6AEA7A4B82B, cid=848, SUCCESS, logIndex=1490, commits[5d71e5de-6d45-4480-a1f1-d41cc2d38630:c1491]
2019-06-13 13:50:30,415 INFO  client.GrpcClientProtocolClient (GrpcClientProtocolClient.java:onNext(254)) - client-D47EFDF0E133->5d71e5de-6d45-4480-a1f1-d41cc2d38630: receive RaftClientReply:client-D47EFDF0E133->5d71e5de-6d45-4480-a1f1-d41cc2d38630@group-C6AEA7A4B82B, cid=849, SUCCESS, logIndex=1492, commits[5d71e5de-6d45-4480-a1f1-d41cc2d38630:c1492]
2019-06-13 13:50:30,416 INFO  client.GrpcClientProtocolClient (GrpcClientProtocolClient.java:onNext(254)) - client-D47EFDF0E133->5d71e5de-6d45-4480-a1f1-d41cc2d38630: receive RaftClientReply:client-D47EFDF0E133->5d71e5de-6d45-4480-a1f1-d41cc2d38630@group-C6AEA7A4B82B, cid=850, SUCCESS, logIndex=1494, commits[5d71e5de-6d45-4480-a1f1-d41cc2d38630:c1494]
2019-06-13 13:50:30,419 INFO  client.GrpcClientProtocolClient (GrpcClientProtocolClient.java:onNext(254)) - client-D47EFDF0E133->5d71e5de-6d45-4480-a1f1-d41cc2d38630: receive RaftClientReply:client-D47EFDF0E133->5d71e5de-6d45-4480-a1f1-d41cc2d38630@group-C6AEA7A4B82B, cid=851, SUCCESS, logIndex=1496, commits[5d71e5de-6d45-4480-a1f1-d41cc2d38630:c1497]
2019-06-13 13:50:30,419 INFO  client.GrpcClientProtocolClient (GrpcClientProtocolClient.java:onNext(254)) - client-D47EFDF0E133->5d71e5de-6d45-4480-a1f1-d41cc2d38630: receive RaftClientReply:client-D47EFDF0E133->5d71e5de-6d45-4480-a1f1-d41cc2d38630@group-C6AEA7A4B82B, cid=852, SUCCESS, logIndex=1497, commits[5d71e5de-6d45-4480-a1f1-d41cc2d38630:c1498]
2019-06-13 13:50:30,425 INFO  client.GrpcClientProtocolClient (GrpcClientProtocolClient.java:onNext(254)) - client-D47EFDF0E133->5d71e5de-6d45-4480-a1f1-d41cc2d38630: receive RaftClientReply:client-D47EFDF0E133->5d71e5de-6d45-4480-a1f1-d41cc2d38630@group-C6AEA7A4B82B, cid=853, SUCCESS, logIndex=1499, commits[5d71e5de-6d45-4480-a1f1-d41cc2d38630:c1499]
2019-06-13 13:50:30,426 INFO  storage.RaftLogWorker (RaftLogWorker.java:rollLogSegment(303)) - 5d71e5de-6d45-4480-a1f1-d41cc2d38630-RaftLogWorker: Rolling segment log-1430_1503 to index:1503
2019-06-13 13:50:30,427 INFO  storage.RaftLogWorker (RaftLogWorker.java:execute(433)) - 5d71e5de-6d45-4480-a1f1-d41cc2d38630-RaftLogWorker: Rolled log segment from /opt/src/hadoop-ozone/integration-test/target/test-dir/MiniOzoneClusterImpl-c05bfa39-b333-4767-bc96-5a78f3430938/datanode-0/data/ratis/3aee30eb-3db1-472a-b851-c6aea7a4b82b/current/log_inprogress_1430 to /opt/src/hadoop-ozone/integration-test/target/test-dir/MiniOzoneClusterImpl-c05bfa39-b333-4767-bc96-5a78f3430938/datanode-0/data/ratis/3aee30eb-3db1-472a-b851-c6aea7a4b82b/current/log_1430-1503
2019-06-13 13:50:30,427 INFO  client.GrpcClientProtocolClient (GrpcClientProtocolClient.java:onNext(254)) - client-D47EFDF0E133->5d71e5de-6d45-4480-a1f1-d41cc2d38630: receive RaftClientReply:client-D47EFDF0E133->5d71e5de-6d45-4480-a1f1-d41cc2d38630@group-C6AEA7A4B82B, cid=854, SUCCESS, logIndex=1501, commits[5d71e5de-6d45-4480-a1f1-d41cc2d38630:c1501]
2019-06-13 13:50:30,430 INFO  client.GrpcClientProtocolClient (GrpcClientProtocolClient.java:onNext(254)) - client-D47EFDF0E133->5d71e5de-6d45-4480-a1f1-d41cc2d38630: receive RaftClientReply:client-D47EFDF0E133->5d71e5de-6d45-4480-a1f1-d41cc2d38630@group-C6AEA7A4B82B, cid=855, SUCCESS, logIndex=1502, commits[5d71e5de-6d45-4480-a1f1-d41cc2d38630:c1503]
2019-06-13 13:50:30,467 INFO  storage.RaftLogWorker (RaftLogWorker.java:execute(469)) - 5d71e5de-6d45-4480-a1f1-d41cc2d38630-RaftLogWorker: created new log segment /opt/src/hadoop-ozone/integration-test/target/test-dir/MiniOzoneClusterImpl-c05bfa39-b333-4767-bc96-5a78f3430938/datanode-0/data/ratis/3aee30eb-3db1-472a-b851-c6aea7a4b82b/current/log_inprogress_1504
2019-06-13 13:50:30,471 INFO  client.GrpcClientProtocolClient (GrpcClientProtocolClient.java:onNext(254)) - client-D47EFDF0E133->5d71e5de-6d45-4480-a1f1-d41cc2d38630: receive RaftClientReply:client-D47EFDF0E133->5d71e5de-6d45-4480-a1f1-d41cc2d38630@group-C6AEA7A4B82B, cid=856, SUCCESS, logIndex=1504, commits[5d71e5de-6d45-4480-a1f1-d41cc2d38630:c1504]
2019-06-13 13:50:30,472 DEBUG block.SCMBlockDeletingService (SCMBlockDeletingService.java:call(138)) - Running DeletedBlockTransactionScanner
2019-06-13 13:50:30,472 DEBUG block.SCMBlockDeletingService (SCMBlockDeletingService.java:call(155)) - Scanned deleted blocks log and got 0 delTX to process.
2019-06-13 13:50:30,483 INFO  client.GrpcClientProtocolClient (GrpcClientProtocolClient.java:onNext(254)) - client-D47EFDF0E133->5d71e5de-6d45-4480-a1f1-d41cc2d38630: receive RaftClientReply:client-D47EFDF0E133->5d71e5de-6d45-4480-a1f1-d41cc2d38630@group-C6AEA7A4B82B, cid=857, SUCCESS, logIndex=1506, commits[5d71e5de-6d45-4480-a1f1-d41cc2d38630:c1506]
2019-06-13 13:50:30,486 INFO  client.GrpcClientProtocolClient (GrpcClientProtocolClient.java:onNext(254)) - client-D47EFDF0E133->5d71e5de-6d45-4480-a1f1-d41cc2d38630: receive RaftClientReply:client-D47EFDF0E133->5d71e5de-6d45-4480-a1f1-d41cc2d38630@group-C6AEA7A4B82B, cid=858, SUCCESS, logIndex=1508, commits[5d71e5de-6d45-4480-a1f1-d41cc2d38630:c1508]
2019-06-13 13:50:30,490 INFO  client.GrpcClientProtocolClient (GrpcClientProtocolClient.java:onNext(254)) - client-D47EFDF0E133->5d71e5de-6d45-4480-a1f1-d41cc2d38630: receive RaftClientReply:client-D47EFDF0E133->5d71e5de-6d45-4480-a1f1-d41cc2d38630@group-C6AEA7A4B82B, cid=859, SUCCESS, logIndex=1509, commits[5d71e5de-6d45-4480-a1f1-d41cc2d38630:c1510]
2019-06-13 13:50:30,491 INFO  client.GrpcClientProtocolClient (GrpcClientProtocolClient.java:onNext(254)) - client-D47EFDF0E133->5d71e5de-6d45-4480-a1f1-d41cc2d38630: receive RaftClientReply:client-D47EFDF0E133->5d71e5de-6d45-4480-a1f1-d41cc2d38630@group-C6AEA7A4B82B, cid=860, SUCCESS, logIndex=1511, commits[5d71e5de-6d45-4480-a1f1-d41cc2d38630:c1511]
2019-06-13 13:50:30,497 INFO  client.GrpcClientProtocolClient (GrpcClientProtocolClient.java:onNext(254)) - client-D47EFDF0E133->5d71e5de-6d45-4480-a1f1-d41cc2d38630: receive RaftClientReply:client-D47EFDF0E133->5d71e5de-6d45-4480-a1f1-d41cc2d38630@group-C6AEA7A4B82B, cid=861, SUCCESS, logIndex=1513, commits[5d71e5de-6d45-4480-a1f1-d41cc2d38630:c1513]
2019-06-13 13:50:30,499 INFO  client.GrpcClientProtocolClient (GrpcClientProtocolClient.java:onNext(254)) - client-D47EFDF0E133->5d71e5de-6d45-4480-a1f1-d41cc2d38630: receive RaftClientReply:client-D47EFDF0E133->5d71e5de-6d45-4480-a1f1-d41cc2d38630@group-C6AEA7A4B82B, cid=862, SUCCESS, logIndex=1515, commits[5d71e5de-6d45-4480-a1f1-d41cc2d38630:c1515]
2019-06-13 13:50:30,500 INFO  client.GrpcClientProtocolClient (GrpcClientProtocolClient.java:onNext(254)) - client-D47EFDF0E133->5d71e5de-6d45-4480-a1f1-d41cc2d38630: receive RaftClientReply:client-D47EFDF0E133->5d71e5de-6d45-4480-a1f1-d41cc2d38630@group-C6AEA7A4B82B, cid=863, SUCCESS, logIndex=1516, commits[5d71e5de-6d45-4480-a1f1-d41cc2d38630:c1518]
2019-06-13 13:50:30,500 INFO  client.GrpcClientProtocolClient (GrpcClientProtocolClient.java:onNext(254)) - client-D47EFDF0E133->5d71e5de-6d45-4480-a1f1-d41cc2d38630: receive RaftClientReply:client-D47EFDF0E133->5d71e5de-6d45-4480-a1f1-d41cc2d38630@group-C6AEA7A4B82B, cid=864, SUCCESS, logIndex=1517, commits[5d71e5de-6d45-4480-a1f1-d41cc2d38630:c1518]
2019-06-13 13:50:30,510 INFO  client.GrpcClientProtocolClient (GrpcClientProtocolClient.java:onNext(254)) - client-D47EFDF0E133->5d71e5de-6d45-4480-a1f1-d41cc2d38630: receive RaftClientReply:client-D47EFDF0E133->5d71e5de-6d45-4480-a1f1-d41cc2d38630@group-C6AEA7A4B82B, cid=865, SUCCESS, logIndex=1519, commits[5d71e5de-6d45-4480-a1f1-d41cc2d38630:c1519]
2019-06-13 13:50:30,512 INFO  client.GrpcClientProtocolClient (GrpcClientProtocolClient.java:onNext(254)) - client-D47EFDF0E133->5d71e5de-6d45-4480-a1f1-d41cc2d38630: receive RaftClientReply:client-D47EFDF0E133->5d71e5de-6d45-4480-a1f1-d41cc2d38630@group-C6AEA7A4B82B, cid=866, SUCCESS, logIndex=1521, commits[5d71e5de-6d45-4480-a1f1-d41cc2d38630:c1521]
2019-06-13 13:50:30,512 INFO  client.GrpcClientProtocolClient (GrpcClientProtocolClient.java:onNext(254)) - client-D47EFDF0E133->5d71e5de-6d45-4480-a1f1-d41cc2d38630: receive RaftClientReply:client-D47EFDF0E133->5d71e5de-6d45-4480-a1f1-d41cc2d38630@group-C6AEA7A4B82B, cid=867, SUCCESS, logIndex=1522, commits[5d71e5de-6d45-4480-a1f1-d41cc2d38630:c1524]
2019-06-13 13:50:30,513 INFO  client.GrpcClientProtocolClient (GrpcClientProtocolClient.java:onNext(254)) - client-D47EFDF0E133->5d71e5de-6d45-4480-a1f1-d41cc2d38630: receive RaftClientReply:client-D47EFDF0E133->5d71e5de-6d45-4480-a1f1-d41cc2d38630@group-C6AEA7A4B82B, cid=868, SUCCESS, logIndex=1523, commits[5d71e5de-6d45-4480-a1f1-d41cc2d38630:c1524]
2019-06-13 13:50:30,518 INFO  client.GrpcClientProtocolClient (GrpcClientProtocolClient.java:onNext(254)) - client-D47EFDF0E133->5d71e5de-6d45-4480-a1f1-d41cc2d38630: receive RaftClientReply:client-D47EFDF0E133->5d71e5de-6d45-4480-a1f1-d41cc2d38630@group-C6AEA7A4B82B, cid=869, SUCCESS, logIndex=1525, commits[5d71e5de-6d45-4480-a1f1-d41cc2d38630:c1525]
2019-06-13 13:50:30,521 INFO  client.GrpcClientProtocolClient (GrpcClientProtocolClient.java:onNext(254)) - client-D47EFDF0E133->5d71e5de-6d45-4480-a1f1-d41cc2d38630: receive RaftClientReply:client-D47EFDF0E133->5d71e5de-6d45-4480-a1f1-d41cc2d38630@group-C6AEA7A4B82B, cid=870, SUCCESS, logIndex=1527, commits[5d71e5de-6d45-4480-a1f1-d41cc2d38630:c1527]
2019-06-13 13:50:30,521 INFO  client.GrpcClientProtocolClient (GrpcClientProtocolClient.java:onNext(254)) - client-D47EFDF0E133->5d71e5de-6d45-4480-a1f1-d41cc2d38630: receive RaftClientReply:client-D47EFDF0E133->5d71e5de-6d45-4480-a1f1-d41cc2d38630@group-C6AEA7A4B82B, cid=871, SUCCESS, logIndex=1528, commits[5d71e5de-6d45-4480-a1f1-d41cc2d38630:c1528]
2019-06-13 13:50:30,522 INFO  client.GrpcClientProtocolClient (GrpcClientProtocolClient.java:onNext(254)) - client-D47EFDF0E133->5d71e5de-6d45-4480-a1f1-d41cc2d38630: receive RaftClientReply:client-D47EFDF0E133->5d71e5de-6d45-4480-a1f1-d41cc2d38630@group-C6AEA7A4B82B, cid=872, SUCCESS, logIndex=1531, commits[5d71e5de-6d45-4480-a1f1-d41cc2d38630:c1531]
2019-06-13 13:50:30,533 INFO  client.GrpcClientProtocolClient (GrpcClientProtocolClient.java:onNext(254)) - client-D47EFDF0E133->5d71e5de-6d45-4480-a1f1-d41cc2d38630: receive RaftClientReply:client-D47EFDF0E133->5d71e5de-6d45-4480-a1f1-d41cc2d38630@group-C6AEA7A4B82B, cid=873, SUCCESS, logIndex=1533, commits[5d71e5de-6d45-4480-a1f1-d41cc2d38630:c1533]
2019-06-13 13:50:30,535 INFO  client.GrpcClientProtocolClient (GrpcClientProtocolClient.java:onNext(254)) - client-D47EFDF0E133->5d71e5de-6d45-4480-a1f1-d41cc2d38630: receive RaftClientReply:client-D47EFDF0E133->5d71e5de-6d45-4480-a1f1-d41cc2d38630@group-C6AEA7A4B82B, cid=874, SUCCESS, logIndex=1535, commits[5d71e5de-6d45-4480-a1f1-d41cc2d38630:c1535]
2019-06-13 13:50:30,536 INFO  client.GrpcClientProtocolClient (GrpcClientProtocolClient.java:onNext(254)) - client-D47EFDF0E133->5d71e5de-6d45-4480-a1f1-d41cc2d38630: receive RaftClientReply:client-D47EFDF0E133->5d71e5de-6d45-4480-a1f1-d41cc2d38630@group-C6AEA7A4B82B, cid=875, SUCCESS, logIndex=1536, commits[5d71e5de-6d45-4480-a1f1-d41cc2d38630:c1536]
2019-06-13 13:50:30,536 INFO  client.GrpcClientProtocolClient (GrpcClientProtocolClient.java:onNext(254)) - client-D47EFDF0E133->5d71e5de-6d45-4480-a1f1-d41cc2d38630: receive RaftClientReply:client-D47EFDF0E133->5d71e5de-6d45-4480-a1f1-d41cc2d38630@group-C6AEA7A4B82B, cid=876, SUCCESS, logIndex=1538, commits[5d71e5de-6d45-4480-a1f1-d41cc2d38630:c1538]
2019-06-13 13:50:30,541 INFO  client.GrpcClientProtocolClient (GrpcClientProtocolClient.java:onNext(254)) - client-D47EFDF0E133->5d71e5de-6d45-4480-a1f1-d41cc2d38630: receive RaftClientReply:client-D47EFDF0E133->5d71e5de-6d45-4480-a1f1-d41cc2d38630@group-C6AEA7A4B82B, cid=877, SUCCESS, logIndex=1541, commits[5d71e5de-6d45-4480-a1f1-d41cc2d38630:c1541]
2019-06-13 13:50:30,543 INFO  client.GrpcClientProtocolClient (GrpcClientProtocolClient.java:onNext(254)) - client-D47EFDF0E133->5d71e5de-6d45-4480-a1f1-d41cc2d38630: receive RaftClientReply:client-D47EFDF0E133->5d71e5de-6d45-4480-a1f1-d41cc2d38630@group-C6AEA7A4B82B, cid=878, SUCCESS, logIndex=1543, commits[5d71e5de-6d45-4480-a1f1-d41cc2d38630:c1543]
2019-06-13 13:50:30,544 INFO  client.GrpcClientProtocolClient (GrpcClientProtocolClient.java:onNext(254)) - client-D47EFDF0E133->5d71e5de-6d45-4480-a1f1-d41cc2d38630: receive RaftClientReply:client-D47EFDF0E133->5d71e5de-6d45-4480-a1f1-d41cc2d38630@group-C6AEA7A4B82B, cid=879, SUCCESS, logIndex=1544, commits[5d71e5de-6d45-4480-a1f1-d41cc2d38630:c1546]
2019-06-13 13:50:30,545 INFO  client.GrpcClientProtocolClient (GrpcClientProtocolClient.java:onNext(254)) - client-D47EFDF0E133->5d71e5de-6d45-4480-a1f1-d41cc2d38630: receive RaftClientReply:client-D47EFDF0E133->5d71e5de-6d45-4480-a1f1-d41cc2d38630@group-C6AEA7A4B82B, cid=880, SUCCESS, logIndex=1545, commits[5d71e5de-6d45-4480-a1f1-d41cc2d38630:c1546]
2019-06-13 13:50:30,555 INFO  client.GrpcClientProtocolClient (GrpcClientProtocolClient.java:onNext(254)) - client-D47EFDF0E133->5d71e5de-6d45-4480-a1f1-d41cc2d38630: receive RaftClientReply:client-D47EFDF0E133->5d71e5de-6d45-4480-a1f1-d41cc2d38630@group-C6AEA7A4B82B, cid=881, SUCCESS, logIndex=1547, commits[5d71e5de-6d45-4480-a1f1-d41cc2d38630:c1547]
2019-06-13 13:50:30,558 INFO  client.GrpcClientProtocolClient (GrpcClientProtocolClient.java:onNext(254)) - client-D47EFDF0E133->5d71e5de-6d45-4480-a1f1-d41cc2d38630: receive RaftClientReply:client-D47EFDF0E133->5d71e5de-6d45-4480-a1f1-d41cc2d38630@group-C6AEA7A4B82B, cid=882, SUCCESS, logIndex=1549, commits[5d71e5de-6d45-4480-a1f1-d41cc2d38630:c1549]
2019-06-13 13:50:30,559 INFO  client.GrpcClientProtocolClient (GrpcClientProtocolClient.java:onNext(254)) - client-D47EFDF0E133->5d71e5de-6d45-4480-a1f1-d41cc2d38630: receive RaftClientReply:client-D47EFDF0E133->5d71e5de-6d45-4480-a1f1-d41cc2d38630@group-C6AEA7A4B82B, cid=883, SUCCESS, logIndex=1550, commits[5d71e5de-6d45-4480-a1f1-d41cc2d38630:c1552]
2019-06-13 13:50:30,559 INFO  client.GrpcClientProtocolClient (GrpcClientProtocolClient.java:onNext(254)) - client-D47EFDF0E133->5d71e5de-6d45-4480-a1f1-d41cc2d38630: receive RaftClientReply:client-D47EFDF0E133->5d71e5de-6d45-4480-a1f1-d41cc2d38630@group-C6AEA7A4B82B, cid=884, SUCCESS, logIndex=1551, commits[5d71e5de-6d45-4480-a1f1-d41cc2d38630:c1552]
2019-06-13 13:50:30,572 DEBUG block.SCMBlockDeletingService (SCMBlockDeletingService.java:call(138)) - Running DeletedBlockTransactionScanner
2019-06-13 13:50:30,572 DEBUG block.SCMBlockDeletingService (SCMBlockDeletingService.java:call(155)) - Scanned deleted blocks log and got 0 delTX to process.
2019-06-13 13:50:30,632 INFO  client.GrpcClientProtocolClient (GrpcClientProtocolClient.java:onNext(254)) - client-D47EFDF0E133->5d71e5de-6d45-4480-a1f1-d41cc2d38630: receive RaftClientReply:client-D47EFDF0E133->5d71e5de-6d45-4480-a1f1-d41cc2d38630@group-C6AEA7A4B82B, cid=885, SUCCESS, logIndex=1553, commits[5d71e5de-6d45-4480-a1f1-d41cc2d38630:c1553]
2019-06-13 13:50:30,634 INFO  client.GrpcClientProtocolClient (GrpcClientProtocolClient.java:onNext(254)) - client-D47EFDF0E133->5d71e5de-6d45-4480-a1f1-d41cc2d38630: receive RaftClientReply:client-D47EFDF0E133->5d71e5de-6d45-4480-a1f1-d41cc2d38630@group-C6AEA7A4B82B, cid=886, SUCCESS, logIndex=1555, commits[5d71e5de-6d45-4480-a1f1-d41cc2d38630:c1555]
2019-06-13 13:50:30,635 INFO  client.GrpcClientProtocolClient (GrpcClientProtocolClient.java:onNext(254)) - client-D47EFDF0E133->5d71e5de-6d45-4480-a1f1-d41cc2d38630: receive RaftClientReply:client-D47EFDF0E133->5d71e5de-6d45-4480-a1f1-d41cc2d38630@group-C6AEA7A4B82B, cid=887, SUCCESS, logIndex=1556, commits[5d71e5de-6d45-4480-a1f1-d41cc2d38630:c1558]
2019-06-13 13:50:30,635 INFO  client.GrpcClientProtocolClient (GrpcClientProtocolClient.java:onNext(254)) - client-D47EFDF0E133->5d71e5de-6d45-4480-a1f1-d41cc2d38630: receive RaftClientReply:client-D47EFDF0E133->5d71e5de-6d45-4480-a1f1-d41cc2d38630@group-C6AEA7A4B82B, cid=888, SUCCESS, logIndex=1557, commits[5d71e5de-6d45-4480-a1f1-d41cc2d38630:c1558]
2019-06-13 13:50:30,644 INFO  client.GrpcClientProtocolClient (GrpcClientProtocolClient.java:onNext(254)) - client-D47EFDF0E133->5d71e5de-6d45-4480-a1f1-d41cc2d38630: receive RaftClientReply:client-D47EFDF0E133->5d71e5de-6d45-4480-a1f1-d41cc2d38630@group-C6AEA7A4B82B, cid=889, SUCCESS, logIndex=1560, commits[5d71e5de-6d45-4480-a1f1-d41cc2d38630:c1560]
2019-06-13 13:50:30,646 INFO  client.GrpcClientProtocolClient (GrpcClientProtocolClient.java:onNext(254)) - client-D47EFDF0E133->5d71e5de-6d45-4480-a1f1-d41cc2d38630: receive RaftClientReply:client-D47EFDF0E133->5d71e5de-6d45-4480-a1f1-d41cc2d38630@group-C6AEA7A4B82B, cid=890, SUCCESS, logIndex=1562, commits[5d71e5de-6d45-4480-a1f1-d41cc2d38630:c1562]
2019-06-13 13:50:30,647 INFO  client.GrpcClientProtocolClient (GrpcClientProtocolClient.java:onNext(254)) - client-D47EFDF0E133->5d71e5de-6d45-4480-a1f1-d41cc2d38630: receive RaftClientReply:client-D47EFDF0E133->5d71e5de-6d45-4480-a1f1-d41cc2d38630@group-C6AEA7A4B82B, cid=891, SUCCESS, logIndex=1563, commits[5d71e5de-6d45-4480-a1f1-d41cc2d38630:c1565]
2019-06-13 13:50:30,648 INFO  client.GrpcClientProtocolClient (GrpcClientProtocolClient.java:onNext(254)) - client-D47EFDF0E133->5d71e5de-6d45-4480-a1f1-d41cc2d38630: receive RaftClientReply:client-D47EFDF0E133->5d71e5de-6d45-4480-a1f1-d41cc2d38630@group-C6AEA7A4B82B, cid=892, SUCCESS, logIndex=1565, commits[5d71e5de-6d45-4480-a1f1-d41cc2d38630:c1565]
2019-06-13 13:50:30,654 INFO  client.GrpcClientProtocolClient (GrpcClientProtocolClient.java:onNext(254)) - client-D47EFDF0E133->5d71e5de-6d45-4480-a1f1-d41cc2d38630: receive RaftClientReply:client-D47EFDF0E133->5d71e5de-6d45-4480-a1f1-d41cc2d38630@group-C6AEA7A4B82B, cid=893, SUCCESS, logIndex=1567, commits[5d71e5de-6d45-4480-a1f1-d41cc2d38630:c1568]
2019-06-13 13:50:30,659 INFO  client.GrpcClientProtocolClient (GrpcClientProtocolClient.java:onNext(254)) - client-D47EFDF0E133->5d71e5de-6d45-4480-a1f1-d41cc2d38630: receive RaftClientReply:client-D47EFDF0E133->5d71e5de-6d45-4480-a1f1-d41cc2d38630@group-C6AEA7A4B82B, cid=894, SUCCESS, logIndex=1569, commits[5d71e5de-6d45-4480-a1f1-d41cc2d38630:c1569]
2019-06-13 13:50:30,659 INFO  client.GrpcClientProtocolClient (GrpcClientProtocolClient.java:onNext(254)) - client-D47EFDF0E133->5d71e5de-6d45-4480-a1f1-d41cc2d38630: receive RaftClientReply:client-D47EFDF0E133->5d71e5de-6d45-4480-a1f1-d41cc2d38630@group-C6AEA7A4B82B, cid=895, SUCCESS, logIndex=1570, commits[5d71e5de-6d45-4480-a1f1-d41cc2d38630:c1571]
2019-06-13 13:50:30,662 INFO  client.GrpcClientProtocolClient (GrpcClientProtocolClient.java:onNext(254)) - client-D47EFDF0E133->5d71e5de-6d45-4480-a1f1-d41cc2d38630: receive RaftClientReply:client-D47EFDF0E133->5d71e5de-6d45-4480-a1f1-d41cc2d38630@group-C6AEA7A4B82B, cid=896, SUCCESS, logIndex=1572, commits[5d71e5de-6d45-4480-a1f1-d41cc2d38630:c1572]
2019-06-13 13:50:30,673 DEBUG block.SCMBlockDeletingService (SCMBlockDeletingService.java:call(138)) - Running DeletedBlockTransactionScanner
2019-06-13 13:50:30,673 DEBUG block.SCMBlockDeletingService (SCMBlockDeletingService.java:call(155)) - Scanned deleted blocks log and got 0 delTX to process.
2019-06-13 13:50:30,674 INFO  client.GrpcClientProtocolClient (GrpcClientProtocolClient.java:onNext(254)) - client-D47EFDF0E133->5d71e5de-6d45-4480-a1f1-d41cc2d38630: receive RaftClientReply:client-D47EFDF0E133->5d71e5de-6d45-4480-a1f1-d41cc2d38630@group-C6AEA7A4B82B, cid=897, SUCCESS, logIndex=1574, commits[5d71e5de-6d45-4480-a1f1-d41cc2d38630:c1574]
2019-06-13 13:50:30,674 INFO  storage.RaftLogWorker (RaftLogWorker.java:rollLogSegment(303)) - 5d71e5de-6d45-4480-a1f1-d41cc2d38630-RaftLogWorker: Rolling segment log-1504_1576 to index:1576
2019-06-13 13:50:30,675 INFO  storage.RaftLogWorker (RaftLogWorker.java:execute(433)) - 5d71e5de-6d45-4480-a1f1-d41cc2d38630-RaftLogWorker: Rolled log segment from /opt/src/hadoop-ozone/integration-test/target/test-dir/MiniOzoneClusterImpl-c05bfa39-b333-4767-bc96-5a78f3430938/datanode-0/data/ratis/3aee30eb-3db1-472a-b851-c6aea7a4b82b/current/log_inprogress_1504 to /opt/src/hadoop-ozone/integration-test/target/test-dir/MiniOzoneClusterImpl-c05bfa39-b333-4767-bc96-5a78f3430938/datanode-0/data/ratis/3aee30eb-3db1-472a-b851-c6aea7a4b82b/current/log_1504-1576
2019-06-13 13:50:30,677 INFO  client.GrpcClientProtocolClient (GrpcClientProtocolClient.java:onNext(254)) - client-D47EFDF0E133->5d71e5de-6d45-4480-a1f1-d41cc2d38630: receive RaftClientReply:client-D47EFDF0E133->5d71e5de-6d45-4480-a1f1-d41cc2d38630@group-C6AEA7A4B82B, cid=898, SUCCESS, logIndex=1576, commits[5d71e5de-6d45-4480-a1f1-d41cc2d38630:c1576]
2019-06-13 13:50:30,711 INFO  storage.RaftLogWorker (RaftLogWorker.java:execute(469)) - 5d71e5de-6d45-4480-a1f1-d41cc2d38630-RaftLogWorker: created new log segment /opt/src/hadoop-ozone/integration-test/target/test-dir/MiniOzoneClusterImpl-c05bfa39-b333-4767-bc96-5a78f3430938/datanode-0/data/ratis/3aee30eb-3db1-472a-b851-c6aea7a4b82b/current/log_inprogress_1577
2019-06-13 13:50:30,713 INFO  client.GrpcClientProtocolClient (GrpcClientProtocolClient.java:onNext(254)) - client-D47EFDF0E133->5d71e5de-6d45-4480-a1f1-d41cc2d38630: receive RaftClientReply:client-D47EFDF0E133->5d71e5de-6d45-4480-a1f1-d41cc2d38630@group-C6AEA7A4B82B, cid=899, SUCCESS, logIndex=1577, commits[5d71e5de-6d45-4480-a1f1-d41cc2d38630:c1579]
2019-06-13 13:50:30,714 INFO  client.GrpcClientProtocolClient (GrpcClientProtocolClient.java:onNext(254)) - client-D47EFDF0E133->5d71e5de-6d45-4480-a1f1-d41cc2d38630: receive RaftClientReply:client-D47EFDF0E133->5d71e5de-6d45-4480-a1f1-d41cc2d38630@group-C6AEA7A4B82B, cid=900, SUCCESS, logIndex=1578, commits[5d71e5de-6d45-4480-a1f1-d41cc2d38630:c1579]
2019-06-13 13:50:30,720 INFO  client.GrpcClientProtocolClient (GrpcClientProtocolClient.java:onNext(254)) - client-D47EFDF0E133->5d71e5de-6d45-4480-a1f1-d41cc2d38630: receive RaftClientReply:client-D47EFDF0E133->5d71e5de-6d45-4480-a1f1-d41cc2d38630@group-C6AEA7A4B82B, cid=901, SUCCESS, logIndex=1580, commits[5d71e5de-6d45-4480-a1f1-d41cc2d38630:c1580]
2019-06-13 13:50:30,722 INFO  client.GrpcClientProtocolClient (GrpcClientProtocolClient.java:onNext(254)) - client-D47EFDF0E133->5d71e5de-6d45-4480-a1f1-d41cc2d38630: receive RaftClientReply:client-D47EFDF0E133->5d71e5de-6d45-4480-a1f1-d41cc2d38630@group-C6AEA7A4B82B, cid=902, SUCCESS, logIndex=1582, commits[5d71e5de-6d45-4480-a1f1-d41cc2d38630:c1582]
2019-06-13 13:50:30,723 INFO  client.GrpcClientProtocolClient (GrpcClientProtocolClient.java:onNext(254)) - client-D47EFDF0E133->5d71e5de-6d45-4480-a1f1-d41cc2d38630: receive RaftClientReply:client-D47EFDF0E133->5d71e5de-6d45-4480-a1f1-d41cc2d38630@group-C6AEA7A4B82B, cid=903, SUCCESS, logIndex=1583, commits[5d71e5de-6d45-4480-a1f1-d41cc2d38630:c1585]
2019-06-13 13:50:30,723 INFO  client.GrpcClientProtocolClient (GrpcClientProtocolClient.java:onNext(254)) - client-D47EFDF0E133->5d71e5de-6d45-4480-a1f1-d41cc2d38630: receive RaftClientReply:client-D47EFDF0E133->5d71e5de-6d45-4480-a1f1-d41cc2d38630@group-C6AEA7A4B82B, cid=904, SUCCESS, logIndex=1584, commits[5d71e5de-6d45-4480-a1f1-d41cc2d38630:c1585]
2019-06-13 13:50:30,732 INFO  client.GrpcClientProtocolClient (GrpcClientProtocolClient.java:onNext(254)) - client-D47EFDF0E133->5d71e5de-6d45-4480-a1f1-d41cc2d38630: receive RaftClientReply:client-D47EFDF0E133->5d71e5de-6d45-4480-a1f1-d41cc2d38630@group-C6AEA7A4B82B, cid=905, SUCCESS, logIndex=1586, commits[5d71e5de-6d45-4480-a1f1-d41cc2d38630:c1586]
2019-06-13 13:50:30,734 INFO  client.GrpcClientProtocolClient (GrpcClientProtocolClient.java:onNext(254)) - client-D47EFDF0E133->5d71e5de-6d45-4480-a1f1-d41cc2d38630: receive RaftClientReply:client-D47EFDF0E133->5d71e5de-6d45-4480-a1f1-d41cc2d38630@group-C6AEA7A4B82B, cid=906, SUCCESS, logIndex=1588, commits[5d71e5de-6d45-4480-a1f1-d41cc2d38630:c1588]
2019-06-13 13:50:30,735 INFO  client.GrpcClientProtocolClient (GrpcClientProtocolClient.java:onNext(254)) - client-D47EFDF0E133->5d71e5de-6d45-4480-a1f1-d41cc2d38630: receive RaftClientReply:client-D47EFDF0E133->5d71e5de-6d45-4480-a1f1-d41cc2d38630@group-C6AEA7A4B82B, cid=907, SUCCESS, logIndex=1589, commits[5d71e5de-6d45-4480-a1f1-d41cc2d38630:c1591]
2019-06-13 13:50:30,735 INFO  client.GrpcClientProtocolClient (GrpcClientProtocolClient.java:onNext(254)) - client-D47EFDF0E133->5d71e5de-6d45-4480-a1f1-d41cc2d38630: receive RaftClientReply:client-D47EFDF0E133->5d71e5de-6d45-4480-a1f1-d41cc2d38630@group-C6AEA7A4B82B, cid=908, SUCCESS, logIndex=1591, commits[5d71e5de-6d45-4480-a1f1-d41cc2d38630:c1591]
2019-06-13 13:50:30,740 INFO  client.GrpcClientProtocolClient (GrpcClientProtocolClient.java:onNext(254)) - client-D47EFDF0E133->5d71e5de-6d45-4480-a1f1-d41cc2d38630: receive RaftClientReply:client-D47EFDF0E133->5d71e5de-6d45-4480-a1f1-d41cc2d38630@group-C6AEA7A4B82B, cid=909, SUCCESS, logIndex=1593, commits[5d71e5de-6d45-4480-a1f1-d41cc2d38630:c1593]
2019-06-13 13:50:30,742 INFO  client.GrpcClientProtocolClient (GrpcClientProtocolClient.java:onNext(254)) - client-D47EFDF0E133->5d71e5de-6d45-4480-a1f1-d41cc2d38630: receive RaftClientReply:client-D47EFDF0E133->5d71e5de-6d45-4480-a1f1-d41cc2d38630@group-C6AEA7A4B82B, cid=910, SUCCESS, logIndex=1595, commits[5d71e5de-6d45-4480-a1f1-d41cc2d38630:c1595]
2019-06-13 13:50:30,743 INFO  client.GrpcClientProtocolClient (GrpcClientProtocolClient.java:onNext(254)) - client-D47EFDF0E133->5d71e5de-6d45-4480-a1f1-d41cc2d38630: receive RaftClientReply:client-D47EFDF0E133->5d71e5de-6d45-4480-a1f1-d41cc2d38630@group-C6AEA7A4B82B, cid=911, SUCCESS, logIndex=1596, commits[5d71e5de-6d45-4480-a1f1-d41cc2d38630:c1598]
2019-06-13 13:50:30,744 INFO  client.GrpcClientProtocolClient (GrpcClientProtocolClient.java:onNext(254)) - client-D47EFDF0E133->5d71e5de-6d45-4480-a1f1-d41cc2d38630: receive RaftClientReply:client-D47EFDF0E133->5d71e5de-6d45-4480-a1f1-d41cc2d38630@group-C6AEA7A4B82B, cid=912, SUCCESS, logIndex=1597, commits[5d71e5de-6d45-4480-a1f1-d41cc2d38630:c1598]
2019-06-13 13:50:30,753 INFO  client.GrpcClientProtocolClient (GrpcClientProtocolClient.java:onNext(254)) - client-D47EFDF0E133->5d71e5de-6d45-4480-a1f1-d41cc2d38630: receive RaftClientReply:client-D47EFDF0E133->5d71e5de-6d45-4480-a1f1-d41cc2d38630@group-C6AEA7A4B82B, cid=913, SUCCESS, logIndex=1599, commits[5d71e5de-6d45-4480-a1f1-d41cc2d38630:c1599]
2019-06-13 13:50:30,756 INFO  client.GrpcClientProtocolClient (GrpcClientProtocolClient.java:onNext(254)) - client-D47EFDF0E133->5d71e5de-6d45-4480-a1f1-d41cc2d38630: receive RaftClientReply:client-D47EFDF0E133->5d71e5de-6d45-4480-a1f1-d41cc2d38630@group-C6AEA7A4B82B, cid=914, SUCCESS, logIndex=1601, commits[5d71e5de-6d45-4480-a1f1-d41cc2d38630:c1601]
2019-06-13 13:50:30,756 INFO  client.GrpcClientProtocolClient (GrpcClientProtocolClient.java:onNext(254)) - client-D47EFDF0E133->5d71e5de-6d45-4480-a1f1-d41cc2d38630: receive RaftClientReply:client-D47EFDF0E133->5d71e5de-6d45-4480-a1f1-d41cc2d38630@group-C6AEA7A4B82B, cid=915, SUCCESS, logIndex=1602, commits[5d71e5de-6d45-4480-a1f1-d41cc2d38630:c1603]
2019-06-13 13:50:30,757 INFO  client.GrpcClientProtocolClient (GrpcClientProtocolClient.java:onNext(254)) - client-D47EFDF0E133->5d71e5de-6d45-4480-a1f1-d41cc2d38630: receive RaftClientReply:client-D47EFDF0E133->5d71e5de-6d45-4480-a1f1-d41cc2d38630@group-C6AEA7A4B82B, cid=916, SUCCESS, logIndex=1603, commits[5d71e5de-6d45-4480-a1f1-d41cc2d38630:c1604]
2019-06-13 13:50:30,762 INFO  client.GrpcClientProtocolClient (GrpcClientProtocolClient.java:onNext(254)) - client-D47EFDF0E133->5d71e5de-6d45-4480-a1f1-d41cc2d38630: receive RaftClientReply:client-D47EFDF0E133->5d71e5de-6d45-4480-a1f1-d41cc2d38630@group-C6AEA7A4B82B, cid=917, SUCCESS, logIndex=1606, commits[5d71e5de-6d45-4480-a1f1-d41cc2d38630:c1606]
2019-06-13 13:50:30,764 INFO  client.GrpcClientProtocolClient (GrpcClientProtocolClient.java:onNext(254)) - client-D47EFDF0E133->5d71e5de-6d45-4480-a1f1-d41cc2d38630: receive RaftClientReply:client-D47EFDF0E133->5d71e5de-6d45-4480-a1f1-d41cc2d38630@group-C6AEA7A4B82B, cid=918, SUCCESS, logIndex=1608, commits[5d71e5de-6d45-4480-a1f1-d41cc2d38630:c1608]
2019-06-13 13:50:30,765 INFO  client.GrpcClientProtocolClient (GrpcClientProtocolClient.java:onNext(254)) - client-D47EFDF0E133->5d71e5de-6d45-4480-a1f1-d41cc2d38630: receive RaftClientReply:client-D47EFDF0E133->5d71e5de-6d45-4480-a1f1-d41cc2d38630@group-C6AEA7A4B82B, cid=919, SUCCESS, logIndex=1609, commits[5d71e5de-6d45-4480-a1f1-d41cc2d38630:c1611]
2019-06-13 13:50:30,766 INFO  client.GrpcClientProtocolClient (GrpcClientProtocolClient.java:onNext(254)) - client-D47EFDF0E133->5d71e5de-6d45-4480-a1f1-d41cc2d38630: receive RaftClientReply:client-D47EFDF0E133->5d71e5de-6d45-4480-a1f1-d41cc2d38630@group-C6AEA7A4B82B, cid=920, SUCCESS, logIndex=1611, commits[5d71e5de-6d45-4480-a1f1-d41cc2d38630:c1612]
2019-06-13 13:50:30,773 DEBUG block.SCMBlockDeletingService (SCMBlockDeletingService.java:call(138)) - Running DeletedBlockTransactionScanner
2019-06-13 13:50:30,774 DEBUG block.SCMBlockDeletingService (SCMBlockDeletingService.java:call(155)) - Scanned deleted blocks log and got 0 delTX to process.
2019-06-13 13:50:30,776 INFO  client.GrpcClientProtocolClient (GrpcClientProtocolClient.java:onNext(254)) - client-D47EFDF0E133->5d71e5de-6d45-4480-a1f1-d41cc2d38630: receive RaftClientReply:client-D47EFDF0E133->5d71e5de-6d45-4480-a1f1-d41cc2d38630@group-C6AEA7A4B82B, cid=921, SUCCESS, logIndex=1613, commits[5d71e5de-6d45-4480-a1f1-d41cc2d38630:c1613]
2019-06-13 13:50:30,778 INFO  client.GrpcClientProtocolClient (GrpcClientProtocolClient.java:onNext(254)) - client-D47EFDF0E133->5d71e5de-6d45-4480-a1f1-d41cc2d38630: receive RaftClientReply:client-D47EFDF0E133->5d71e5de-6d45-4480-a1f1-d41cc2d38630@group-C6AEA7A4B82B, cid=922, SUCCESS, logIndex=1615, commits[5d71e5de-6d45-4480-a1f1-d41cc2d38630:c1615]
2019-06-13 13:50:30,779 INFO  client.GrpcClientProtocolClient (GrpcClientProtocolClient.java:onNext(254)) - client-D47EFDF0E133->5d71e5de-6d45-4480-a1f1-d41cc2d38630: receive RaftClientReply:client-D47EFDF0E133->5d71e5de-6d45-4480-a1f1-d41cc2d38630@group-C6AEA7A4B82B, cid=923, SUCCESS, logIndex=1616, commits[5d71e5de-6d45-4480-a1f1-d41cc2d38630:c1618]
2019-06-13 13:50:30,779 INFO  client.GrpcClientProtocolClient (GrpcClientProtocolClient.java:onNext(254)) - client-D47EFDF0E133->5d71e5de-6d45-4480-a1f1-d41cc2d38630: receive RaftClientReply:client-D47EFDF0E133->5d71e5de-6d45-4480-a1f1-d41cc2d38630@group-C6AEA7A4B82B, cid=924, SUCCESS, logIndex=1617, commits[5d71e5de-6d45-4480-a1f1-d41cc2d38630:c1618]
2019-06-13 13:50:30,785 INFO  client.GrpcClientProtocolClient (GrpcClientProtocolClient.java:onNext(254)) - client-D47EFDF0E133->5d71e5de-6d45-4480-a1f1-d41cc2d38630: receive RaftClientReply:client-D47EFDF0E133->5d71e5de-6d45-4480-a1f1-d41cc2d38630@group-C6AEA7A4B82B, cid=925, SUCCESS, logIndex=1619, commits[5d71e5de-6d45-4480-a1f1-d41cc2d38630:c1619]
2019-06-13 13:50:30,788 INFO  client.GrpcClientProtocolClient (GrpcClientProtocolClient.java:onNext(254)) - client-D47EFDF0E133->5d71e5de-6d45-4480-a1f1-d41cc2d38630: receive RaftClientReply:client-D47EFDF0E133->5d71e5de-6d45-4480-a1f1-d41cc2d38630@group-C6AEA7A4B82B, cid=926, SUCCESS, logIndex=1621, commits[5d71e5de-6d45-4480-a1f1-d41cc2d38630:c1621]
2019-06-13 13:50:30,788 INFO  client.GrpcClientProtocolClient (GrpcClientProtocolClient.java:onNext(254)) - client-D47EFDF0E133->5d71e5de-6d45-4480-a1f1-d41cc2d38630: receive RaftClientReply:client-D47EFDF0E133->5d71e5de-6d45-4480-a1f1-d41cc2d38630@group-C6AEA7A4B82B, cid=927, SUCCESS, logIndex=1622, commits[5d71e5de-6d45-4480-a1f1-d41cc2d38630:c1624]
2019-06-13 13:50:30,788 INFO  client.GrpcClientProtocolClient (GrpcClientProtocolClient.java:onNext(254)) - client-D47EFDF0E133->5d71e5de-6d45-4480-a1f1-d41cc2d38630: receive RaftClientReply:client-D47EFDF0E133->5d71e5de-6d45-4480-a1f1-d41cc2d38630@group-C6AEA7A4B82B, cid=928, SUCCESS, logIndex=1624, commits[5d71e5de-6d45-4480-a1f1-d41cc2d38630:c1624]
2019-06-13 13:50:30,874 DEBUG block.SCMBlockDeletingService (SCMBlockDeletingService.java:call(138)) - Running DeletedBlockTransactionScanner
2019-06-13 13:50:30,874 DEBUG block.SCMBlockDeletingService (SCMBlockDeletingService.java:call(155)) - Scanned deleted blocks log and got 0 delTX to process.
2019-06-13 13:50:30,906 INFO  client.GrpcClientProtocolClient (GrpcClientProtocolClient.java:onNext(254)) - client-D47EFDF0E133->5d71e5de-6d45-4480-a1f1-d41cc2d38630: receive RaftClientReply:client-D47EFDF0E133->5d71e5de-6d45-4480-a1f1-d41cc2d38630@group-C6AEA7A4B82B, cid=929, SUCCESS, logIndex=1626, commits[5d71e5de-6d45-4480-a1f1-d41cc2d38630:c1626]
2019-06-13 13:50:30,908 INFO  client.GrpcClientProtocolClient (GrpcClientProtocolClient.java:onNext(254)) - client-D47EFDF0E133->5d71e5de-6d45-4480-a1f1-d41cc2d38630: receive RaftClientReply:client-D47EFDF0E133->5d71e5de-6d45-4480-a1f1-d41cc2d38630@group-C6AEA7A4B82B, cid=930, SUCCESS, logIndex=1628, commits[5d71e5de-6d45-4480-a1f1-d41cc2d38630:c1628]
2019-06-13 13:50:30,909 INFO  client.GrpcClientProtocolClient (GrpcClientProtocolClient.java:onNext(254)) - client-D47EFDF0E133->5d71e5de-6d45-4480-a1f1-d41cc2d38630: receive RaftClientReply:client-D47EFDF0E133->5d71e5de-6d45-4480-a1f1-d41cc2d38630@group-C6AEA7A4B82B, cid=931, SUCCESS, logIndex=1629, commits[5d71e5de-6d45-4480-a1f1-d41cc2d38630:c1631]
2019-06-13 13:50:30,910 INFO  client.GrpcClientProtocolClient (GrpcClientProtocolClient.java:onNext(254)) - client-D47EFDF0E133->5d71e5de-6d45-4480-a1f1-d41cc2d38630: receive RaftClientReply:client-D47EFDF0E133->5d71e5de-6d45-4480-a1f1-d41cc2d38630@group-C6AEA7A4B82B, cid=932, SUCCESS, logIndex=1631, commits[5d71e5de-6d45-4480-a1f1-d41cc2d38630:c1631]
2019-06-13 13:50:30,916 INFO  client.GrpcClientProtocolClient (GrpcClientProtocolClient.java:onNext(254)) - client-D47EFDF0E133->5d71e5de-6d45-4480-a1f1-d41cc2d38630: receive RaftClientReply:client-D47EFDF0E133->5d71e5de-6d45-4480-a1f1-d41cc2d38630@group-C6AEA7A4B82B, cid=933, SUCCESS, logIndex=1633, commits[5d71e5de-6d45-4480-a1f1-d41cc2d38630:c1633]
2019-06-13 13:50:30,918 INFO  client.GrpcClientProtocolClient (GrpcClientProtocolClient.java:onNext(254)) - client-D47EFDF0E133->5d71e5de-6d45-4480-a1f1-d41cc2d38630: receive RaftClientReply:client-D47EFDF0E133->5d71e5de-6d45-4480-a1f1-d41cc2d38630@group-C6AEA7A4B82B, cid=934, SUCCESS, logIndex=1635, commits[5d71e5de-6d45-4480-a1f1-d41cc2d38630:c1635]
2019-06-13 13:50:30,919 INFO  client.GrpcClientProtocolClient (GrpcClientProtocolClient.java:onNext(254)) - client-D47EFDF0E133->5d71e5de-6d45-4480-a1f1-d41cc2d38630: receive RaftClientReply:client-D47EFDF0E133->5d71e5de-6d45-4480-a1f1-d41cc2d38630@group-C6AEA7A4B82B, cid=935, SUCCESS, logIndex=1636, commits[5d71e5de-6d45-4480-a1f1-d41cc2d38630:c1637]
2019-06-13 13:50:30,925 INFO  client.GrpcClientProtocolClient (GrpcClientProtocolClient.java:onNext(254)) - client-D47EFDF0E133->5d71e5de-6d45-4480-a1f1-d41cc2d38630: receive RaftClientReply:client-D47EFDF0E133->5d71e5de-6d45-4480-a1f1-d41cc2d38630@group-C6AEA7A4B82B, cid=936, SUCCESS, logIndex=1637, commits[5d71e5de-6d45-4480-a1f1-d41cc2d38630:c1637]
2019-06-13 13:50:30,934 INFO  client.GrpcClientProtocolClient (GrpcClientProtocolClient.java:onNext(254)) - client-D47EFDF0E133->5d71e5de-6d45-4480-a1f1-d41cc2d38630: receive RaftClientReply:client-D47EFDF0E133->5d71e5de-6d45-4480-a1f1-d41cc2d38630@group-C6AEA7A4B82B, cid=937, SUCCESS, logIndex=1640, commits[5d71e5de-6d45-4480-a1f1-d41cc2d38630:c1640]
2019-06-13 13:50:30,937 INFO  client.GrpcClientProtocolClient (GrpcClientProtocolClient.java:onNext(254)) - client-D47EFDF0E133->5d71e5de-6d45-4480-a1f1-d41cc2d38630: receive RaftClientReply:client-D47EFDF0E133->5d71e5de-6d45-4480-a1f1-d41cc2d38630@group-C6AEA7A4B82B, cid=938, SUCCESS, logIndex=1642, commits[5d71e5de-6d45-4480-a1f1-d41cc2d38630:c1642]
2019-06-13 13:50:30,938 INFO  client.GrpcClientProtocolClient (GrpcClientProtocolClient.java:onNext(254)) - client-D47EFDF0E133->5d71e5de-6d45-4480-a1f1-d41cc2d38630: receive RaftClientReply:client-D47EFDF0E133->5d71e5de-6d45-4480-a1f1-d41cc2d38630@group-C6AEA7A4B82B, cid=939, SUCCESS, logIndex=1643, commits[5d71e5de-6d45-4480-a1f1-d41cc2d38630:c1644]
2019-06-13 13:50:30,938 INFO  client.GrpcClientProtocolClient (GrpcClientProtocolClient.java:onNext(254)) - client-D47EFDF0E133->5d71e5de-6d45-4480-a1f1-d41cc2d38630: receive RaftClientReply:client-D47EFDF0E133->5d71e5de-6d45-4480-a1f1-d41cc2d38630@group-C6AEA7A4B82B, cid=940, SUCCESS, logIndex=1644, commits[5d71e5de-6d45-4480-a1f1-d41cc2d38630:c1645]
2019-06-13 13:50:30,946 INFO  storage.RaftLogWorker (RaftLogWorker.java:rollLogSegment(303)) - 5d71e5de-6d45-4480-a1f1-d41cc2d38630-RaftLogWorker: Rolling segment log-1577_1648 to index:1648
2019-06-13 13:50:30,946 INFO  client.GrpcClientProtocolClient (GrpcClientProtocolClient.java:onNext(254)) - client-D47EFDF0E133->5d71e5de-6d45-4480-a1f1-d41cc2d38630: receive RaftClientReply:client-D47EFDF0E133->5d71e5de-6d45-4480-a1f1-d41cc2d38630@group-C6AEA7A4B82B, cid=941, SUCCESS, logIndex=1647, commits[5d71e5de-6d45-4480-a1f1-d41cc2d38630:c1647]
2019-06-13 13:50:30,946 INFO  storage.RaftLogWorker (RaftLogWorker.java:execute(433)) - 5d71e5de-6d45-4480-a1f1-d41cc2d38630-RaftLogWorker: Rolled log segment from /opt/src/hadoop-ozone/integration-test/target/test-dir/MiniOzoneClusterImpl-c05bfa39-b333-4767-bc96-5a78f3430938/datanode-0/data/ratis/3aee30eb-3db1-472a-b851-c6aea7a4b82b/current/log_inprogress_1577 to /opt/src/hadoop-ozone/integration-test/target/test-dir/MiniOzoneClusterImpl-c05bfa39-b333-4767-bc96-5a78f3430938/datanode-0/data/ratis/3aee30eb-3db1-472a-b851-c6aea7a4b82b/current/log_1577-1648
2019-06-13 13:50:30,974 DEBUG block.SCMBlockDeletingService (SCMBlockDeletingService.java:call(138)) - Running DeletedBlockTransactionScanner
2019-06-13 13:50:30,974 DEBUG block.SCMBlockDeletingService (SCMBlockDeletingService.java:call(155)) - Scanned deleted blocks log and got 0 delTX to process.
2019-06-13 13:50:30,983 INFO  storage.RaftLogWorker (RaftLogWorker.java:execute(469)) - 5d71e5de-6d45-4480-a1f1-d41cc2d38630-RaftLogWorker: created new log segment /opt/src/hadoop-ozone/integration-test/target/test-dir/MiniOzoneClusterImpl-c05bfa39-b333-4767-bc96-5a78f3430938/datanode-0/data/ratis/3aee30eb-3db1-472a-b851-c6aea7a4b82b/current/log_inprogress_1649
2019-06-13 13:50:30,986 INFO  client.GrpcClientProtocolClient (GrpcClientProtocolClient.java:onNext(254)) - client-D47EFDF0E133->5d71e5de-6d45-4480-a1f1-d41cc2d38630: receive RaftClientReply:client-D47EFDF0E133->5d71e5de-6d45-4480-a1f1-d41cc2d38630@group-C6AEA7A4B82B, cid=942, SUCCESS, logIndex=1649, commits[5d71e5de-6d45-4480-a1f1-d41cc2d38630:c1651]
2019-06-13 13:50:30,986 INFO  client.GrpcClientProtocolClient (GrpcClientProtocolClient.java:onNext(254)) - client-D47EFDF0E133->5d71e5de-6d45-4480-a1f1-d41cc2d38630: receive RaftClientReply:client-D47EFDF0E133->5d71e5de-6d45-4480-a1f1-d41cc2d38630@group-C6AEA7A4B82B, cid=943, SUCCESS, logIndex=1650, commits[5d71e5de-6d45-4480-a1f1-d41cc2d38630:c1652]
2019-06-13 13:50:30,987 INFO  client.GrpcClientProtocolClient (GrpcClientProtocolClient.java:onNext(254)) - client-D47EFDF0E133->5d71e5de-6d45-4480-a1f1-d41cc2d38630: receive RaftClientReply:client-D47EFDF0E133->5d71e5de-6d45-4480-a1f1-d41cc2d38630@group-C6AEA7A4B82B, cid=944, SUCCESS, logIndex=1651, commits[5d71e5de-6d45-4480-a1f1-d41cc2d38630:c1652]
2019-06-13 13:50:30,997 INFO  client.GrpcClientProtocolClient (GrpcClientProtocolClient.java:onNext(254)) - client-D47EFDF0E133->5d71e5de-6d45-4480-a1f1-d41cc2d38630: receive RaftClientReply:client-D47EFDF0E133->5d71e5de-6d45-4480-a1f1-d41cc2d38630@group-C6AEA7A4B82B, cid=945, SUCCESS, logIndex=1653, commits[5d71e5de-6d45-4480-a1f1-d41cc2d38630:c1653]
2019-06-13 13:50:30,999 INFO  client.GrpcClientProtocolClient (GrpcClientProtocolClient.java:onNext(254)) - client-D47EFDF0E133->5d71e5de-6d45-4480-a1f1-d41cc2d38630: receive RaftClientReply:client-D47EFDF0E133->5d71e5de-6d45-4480-a1f1-d41cc2d38630@group-C6AEA7A4B82B, cid=946, SUCCESS, logIndex=1655, commits[5d71e5de-6d45-4480-a1f1-d41cc2d38630:c1655]
2019-06-13 13:50:31,000 INFO  client.GrpcClientProtocolClient (GrpcClientProtocolClient.java:onNext(254)) - client-D47EFDF0E133->5d71e5de-6d45-4480-a1f1-d41cc2d38630: receive RaftClientReply:client-D47EFDF0E133->5d71e5de-6d45-4480-a1f1-d41cc2d38630@group-C6AEA7A4B82B, cid=947, SUCCESS, logIndex=1656, commits[5d71e5de-6d45-4480-a1f1-d41cc2d38630:c1656]
2019-06-13 13:50:31,000 INFO  client.GrpcClientProtocolClient (GrpcClientProtocolClient.java:onNext(254)) - client-D47EFDF0E133->5d71e5de-6d45-4480-a1f1-d41cc2d38630: receive RaftClientReply:client-D47EFDF0E133->5d71e5de-6d45-4480-a1f1-d41cc2d38630@group-C6AEA7A4B82B, cid=948, SUCCESS, logIndex=1658, commits[5d71e5de-6d45-4480-a1f1-d41cc2d38630:c1658]
2019-06-13 13:50:31,007 INFO  client.GrpcClientProtocolClient (GrpcClientProtocolClient.java:onNext(254)) - client-D47EFDF0E133->5d71e5de-6d45-4480-a1f1-d41cc2d38630: receive RaftClientReply:client-D47EFDF0E133->5d71e5de-6d45-4480-a1f1-d41cc2d38630@group-C6AEA7A4B82B, cid=949, SUCCESS, logIndex=1661, commits[5d71e5de-6d45-4480-a1f1-d41cc2d38630:c1661]
2019-06-13 13:50:31,009 INFO  client.GrpcClientProtocolClient (GrpcClientProtocolClient.java:onNext(254)) - client-D47EFDF0E133->5d71e5de-6d45-4480-a1f1-d41cc2d38630: receive RaftClientReply:client-D47EFDF0E133->5d71e5de-6d45-4480-a1f1-d41cc2d38630@group-C6AEA7A4B82B, cid=950, SUCCESS, logIndex=1663, commits[5d71e5de-6d45-4480-a1f1-d41cc2d38630:c1663]
2019-06-13 13:50:31,010 INFO  client.GrpcClientProtocolClient (GrpcClientProtocolClient.java:onNext(254)) - client-D47EFDF0E133->5d71e5de-6d45-4480-a1f1-d41cc2d38630: receive RaftClientReply:client-D47EFDF0E133->5d71e5de-6d45-4480-a1f1-d41cc2d38630@group-C6AEA7A4B82B, cid=951, SUCCESS, logIndex=1664, commits[5d71e5de-6d45-4480-a1f1-d41cc2d38630:c1666]
2019-06-13 13:50:31,010 INFO  client.GrpcClientProtocolClient (GrpcClientProtocolClient.java:onNext(254)) - client-D47EFDF0E133->5d71e5de-6d45-4480-a1f1-d41cc2d38630: receive RaftClientReply:client-D47EFDF0E133->5d71e5de-6d45-4480-a1f1-d41cc2d38630@group-C6AEA7A4B82B, cid=952, SUCCESS, logIndex=1665, commits[5d71e5de-6d45-4480-a1f1-d41cc2d38630:c1666]
2019-06-13 13:50:31,021 INFO  client.GrpcClientProtocolClient (GrpcClientProtocolClient.java:onNext(254)) - client-D47EFDF0E133->5d71e5de-6d45-4480-a1f1-d41cc2d38630: receive RaftClientReply:client-D47EFDF0E133->5d71e5de-6d45-4480-a1f1-d41cc2d38630@group-C6AEA7A4B82B, cid=953, SUCCESS, logIndex=1667, commits[5d71e5de-6d45-4480-a1f1-d41cc2d38630:c1667]
2019-06-13 13:50:31,023 INFO  client.GrpcClientProtocolClient (GrpcClientProtocolClient.java:onNext(254)) - client-D47EFDF0E133->5d71e5de-6d45-4480-a1f1-d41cc2d38630: receive RaftClientReply:client-D47EFDF0E133->5d71e5de-6d45-4480-a1f1-d41cc2d38630@group-C6AEA7A4B82B, cid=954, SUCCESS, logIndex=1669, commits[5d71e5de-6d45-4480-a1f1-d41cc2d38630:c1669]
2019-06-13 13:50:31,023 INFO  client.GrpcClientProtocolClient (GrpcClientProtocolClient.java:onNext(254)) - client-D47EFDF0E133->5d71e5de-6d45-4480-a1f1-d41cc2d38630: receive RaftClientReply:client-D47EFDF0E133->5d71e5de-6d45-4480-a1f1-d41cc2d38630@group-C6AEA7A4B82B, cid=955, SUCCESS, logIndex=1670, commits[5d71e5de-6d45-4480-a1f1-d41cc2d38630:c1672]
2019-06-13 13:50:31,024 INFO  client.GrpcClientProtocolClient (GrpcClientProtocolClient.java:onNext(254)) - client-D47EFDF0E133->5d71e5de-6d45-4480-a1f1-d41cc2d38630: receive RaftClientReply:client-D47EFDF0E133->5d71e5de-6d45-4480-a1f1-d41cc2d38630@group-C6AEA7A4B82B, cid=956, SUCCESS, logIndex=1672, commits[5d71e5de-6d45-4480-a1f1-d41cc2d38630:c1672]
2019-06-13 13:50:31,030 INFO  client.GrpcClientProtocolClient (GrpcClientProtocolClient.java:onNext(254)) - client-D47EFDF0E133->5d71e5de-6d45-4480-a1f1-d41cc2d38630: receive RaftClientReply:client-D47EFDF0E133->5d71e5de-6d45-4480-a1f1-d41cc2d38630@group-C6AEA7A4B82B, cid=957, SUCCESS, logIndex=1674, commits[5d71e5de-6d45-4480-a1f1-d41cc2d38630:c1674]
2019-06-13 13:50:31,032 INFO  client.GrpcClientProtocolClient (GrpcClientProtocolClient.java:onNext(254)) - client-D47EFDF0E133->5d71e5de-6d45-4480-a1f1-d41cc2d38630: receive RaftClientReply:client-D47EFDF0E133->5d71e5de-6d45-4480-a1f1-d41cc2d38630@group-C6AEA7A4B82B, cid=958, SUCCESS, logIndex=1676, commits[5d71e5de-6d45-4480-a1f1-d41cc2d38630:c1676]
2019-06-13 13:50:31,032 INFO  client.GrpcClientProtocolClient (GrpcClientProtocolClient.java:onNext(254)) - client-D47EFDF0E133->5d71e5de-6d45-4480-a1f1-d41cc2d38630: receive RaftClientReply:client-D47EFDF0E133->5d71e5de-6d45-4480-a1f1-d41cc2d38630@group-C6AEA7A4B82B, cid=959, SUCCESS, logIndex=1677, commits[5d71e5de-6d45-4480-a1f1-d41cc2d38630:c1677]
2019-06-13 13:50:31,034 INFO  client.GrpcClientProtocolClient (GrpcClientProtocolClient.java:onNext(254)) - client-D47EFDF0E133->5d71e5de-6d45-4480-a1f1-d41cc2d38630: receive RaftClientReply:client-D47EFDF0E133->5d71e5de-6d45-4480-a1f1-d41cc2d38630@group-C6AEA7A4B82B, cid=960, SUCCESS, logIndex=1680, commits[5d71e5de-6d45-4480-a1f1-d41cc2d38630:c1680]
2019-06-13 13:50:31,043 INFO  client.GrpcClientProtocolClient (GrpcClientProtocolClient.java:onNext(254)) - client-D47EFDF0E133->5d71e5de-6d45-4480-a1f1-d41cc2d38630: receive RaftClientReply:client-D47EFDF0E133->5d71e5de-6d45-4480-a1f1-d41cc2d38630@group-C6AEA7A4B82B, cid=961, SUCCESS, logIndex=1682, commits[5d71e5de-6d45-4480-a1f1-d41cc2d38630:c1682]
2019-06-13 13:50:31,046 INFO  client.GrpcClientProtocolClient (GrpcClientProtocolClient.java:onNext(254)) - client-D47EFDF0E133->5d71e5de-6d45-4480-a1f1-d41cc2d38630: receive RaftClientReply:client-D47EFDF0E133->5d71e5de-6d45-4480-a1f1-d41cc2d38630@group-C6AEA7A4B82B, cid=962, SUCCESS, logIndex=1684, commits[5d71e5de-6d45-4480-a1f1-d41cc2d38630:c1686]
2019-06-13 13:50:31,046 INFO  client.GrpcClientProtocolClient (GrpcClientProtocolClient.java:onNext(254)) - client-D47EFDF0E133->5d71e5de-6d45-4480-a1f1-d41cc2d38630: receive RaftClientReply:client-D47EFDF0E133->5d71e5de-6d45-4480-a1f1-d41cc2d38630@group-C6AEA7A4B82B, cid=963, SUCCESS, logIndex=1685, commits[5d71e5de-6d45-4480-a1f1-d41cc2d38630:c1686]
2019-06-13 13:50:31,047 INFO  client.GrpcClientProtocolClient (GrpcClientProtocolClient.java:onNext(254)) - client-D47EFDF0E133->5d71e5de-6d45-4480-a1f1-d41cc2d38630: receive RaftClientReply:client-D47EFDF0E133->5d71e5de-6d45-4480-a1f1-d41cc2d38630@group-C6AEA7A4B82B, cid=964, SUCCESS, logIndex=1686, commits[5d71e5de-6d45-4480-a1f1-d41cc2d38630:c1686]
2019-06-13 13:50:31,052 INFO  client.GrpcClientProtocolClient (GrpcClientProtocolClient.java:onNext(254)) - client-D47EFDF0E133->5d71e5de-6d45-4480-a1f1-d41cc2d38630: receive RaftClientReply:client-D47EFDF0E133->5d71e5de-6d45-4480-a1f1-d41cc2d38630@group-C6AEA7A4B82B, cid=965, SUCCESS, logIndex=1688, commits[5d71e5de-6d45-4480-a1f1-d41cc2d38630:c1688]
2019-06-13 13:50:31,054 INFO  client.GrpcClientProtocolClient (GrpcClientProtocolClient.java:onNext(254)) - client-D47EFDF0E133->5d71e5de-6d45-4480-a1f1-d41cc2d38630: receive RaftClientReply:client-D47EFDF0E133->5d71e5de-6d45-4480-a1f1-d41cc2d38630@group-C6AEA7A4B82B, cid=966, SUCCESS, logIndex=1690, commits[5d71e5de-6d45-4480-a1f1-d41cc2d38630:c1690]
2019-06-13 13:50:31,055 INFO  client.GrpcClientProtocolClient (GrpcClientProtocolClient.java:onNext(254)) - client-D47EFDF0E133->5d71e5de-6d45-4480-a1f1-d41cc2d38630: receive RaftClientReply:client-D47EFDF0E133->5d71e5de-6d45-4480-a1f1-d41cc2d38630@group-C6AEA7A4B82B, cid=967, SUCCESS, logIndex=1691, commits[5d71e5de-6d45-4480-a1f1-d41cc2d38630:c1693]
2019-06-13 13:50:31,055 INFO  client.GrpcClientProtocolClient (GrpcClientProtocolClient.java:onNext(254)) - client-D47EFDF0E133->5d71e5de-6d45-4480-a1f1-d41cc2d38630: receive RaftClientReply:client-D47EFDF0E133->5d71e5de-6d45-4480-a1f1-d41cc2d38630@group-C6AEA7A4B82B, cid=968, SUCCESS, logIndex=1692, commits[5d71e5de-6d45-4480-a1f1-d41cc2d38630:c1693]
2019-06-13 13:50:31,064 INFO  client.GrpcClientProtocolClient (GrpcClientProtocolClient.java:onNext(254)) - client-D47EFDF0E133->5d71e5de-6d45-4480-a1f1-d41cc2d38630: receive RaftClientReply:client-D47EFDF0E133->5d71e5de-6d45-4480-a1f1-d41cc2d38630@group-C6AEA7A4B82B, cid=969, SUCCESS, logIndex=1694, commits[5d71e5de-6d45-4480-a1f1-d41cc2d38630:c1694]
2019-06-13 13:50:31,067 INFO  client.GrpcClientProtocolClient (GrpcClientProtocolClient.java:onNext(254)) - client-D47EFDF0E133->5d71e5de-6d45-4480-a1f1-d41cc2d38630: receive RaftClientReply:client-D47EFDF0E133->5d71e5de-6d45-4480-a1f1-d41cc2d38630@group-C6AEA7A4B82B, cid=970, SUCCESS, logIndex=1696, commits[5d71e5de-6d45-4480-a1f1-d41cc2d38630:c1696]
2019-06-13 13:50:31,068 INFO  client.GrpcClientProtocolClient (GrpcClientProtocolClient.java:onNext(254)) - client-D47EFDF0E133->5d71e5de-6d45-4480-a1f1-d41cc2d38630: receive RaftClientReply:client-D47EFDF0E133->5d71e5de-6d45-4480-a1f1-d41cc2d38630@group-C6AEA7A4B82B, cid=971, SUCCESS, logIndex=1697, commits[5d71e5de-6d45-4480-a1f1-d41cc2d38630:c1699]
2019-06-13 13:50:31,069 INFO  client.GrpcClientProtocolClient (GrpcClientProtocolClient.java:onNext(254)) - client-D47EFDF0E133->5d71e5de-6d45-4480-a1f1-d41cc2d38630: receive RaftClientReply:client-D47EFDF0E133->5d71e5de-6d45-4480-a1f1-d41cc2d38630@group-C6AEA7A4B82B, cid=972, SUCCESS, logIndex=1698, commits[5d71e5de-6d45-4480-a1f1-d41cc2d38630:c1699]
2019-06-13 13:50:31,075 DEBUG block.SCMBlockDeletingService (SCMBlockDeletingService.java:call(138)) - Running DeletedBlockTransactionScanner
2019-06-13 13:50:31,075 DEBUG block.SCMBlockDeletingService (SCMBlockDeletingService.java:call(155)) - Scanned deleted blocks log and got 0 delTX to process.
2019-06-13 13:50:31,142 INFO  client.GrpcClientProtocolClient (GrpcClientProtocolClient.java:onNext(254)) - client-D47EFDF0E133->5d71e5de-6d45-4480-a1f1-d41cc2d38630: receive RaftClientReply:client-D47EFDF0E133->5d71e5de-6d45-4480-a1f1-d41cc2d38630@group-C6AEA7A4B82B, cid=973, SUCCESS, logIndex=1700, commits[5d71e5de-6d45-4480-a1f1-d41cc2d38630:c1700]
2019-06-13 13:50:31,143 INFO  client.GrpcClientProtocolClient (GrpcClientProtocolClient.java:onNext(254)) - client-D47EFDF0E133->5d71e5de-6d45-4480-a1f1-d41cc2d38630: receive RaftClientReply:client-D47EFDF0E133->5d71e5de-6d45-4480-a1f1-d41cc2d38630@group-C6AEA7A4B82B, cid=974, SUCCESS, logIndex=1702, commits[5d71e5de-6d45-4480-a1f1-d41cc2d38630:c1702]
2019-06-13 13:50:31,144 INFO  client.GrpcClientProtocolClient (GrpcClientProtocolClient.java:onNext(254)) - client-D47EFDF0E133->5d71e5de-6d45-4480-a1f1-d41cc2d38630: receive RaftClientReply:client-D47EFDF0E133->5d71e5de-6d45-4480-a1f1-d41cc2d38630@group-C6AEA7A4B82B, cid=975, SUCCESS, logIndex=1703, commits[5d71e5de-6d45-4480-a1f1-d41cc2d38630:c1705]
2019-06-13 13:50:31,145 INFO  client.GrpcClientProtocolClient (GrpcClientProtocolClient.java:onNext(254)) - client-D47EFDF0E133->5d71e5de-6d45-4480-a1f1-d41cc2d38630: receive RaftClientReply:client-D47EFDF0E133->5d71e5de-6d45-4480-a1f1-d41cc2d38630@group-C6AEA7A4B82B, cid=976, SUCCESS, logIndex=1704, commits[5d71e5de-6d45-4480-a1f1-d41cc2d38630:c1705]
2019-06-13 13:50:31,154 INFO  client.GrpcClientProtocolClient (GrpcClientProtocolClient.java:onNext(254)) - client-D47EFDF0E133->5d71e5de-6d45-4480-a1f1-d41cc2d38630: receive RaftClientReply:client-D47EFDF0E133->5d71e5de-6d45-4480-a1f1-d41cc2d38630@group-C6AEA7A4B82B, cid=977, SUCCESS, logIndex=1706, commits[5d71e5de-6d45-4480-a1f1-d41cc2d38630:c1706]
2019-06-13 13:50:31,157 INFO  client.GrpcClientProtocolClient (GrpcClientProtocolClient.java:onNext(254)) - client-D47EFDF0E133->5d71e5de-6d45-4480-a1f1-d41cc2d38630: receive RaftClientReply:client-D47EFDF0E133->5d71e5de-6d45-4480-a1f1-d41cc2d38630@group-C6AEA7A4B82B, cid=978, SUCCESS, logIndex=1708, commits[5d71e5de-6d45-4480-a1f1-d41cc2d38630:c1708]
2019-06-13 13:50:31,157 INFO  client.GrpcClientProtocolClient (GrpcClientProtocolClient.java:onNext(254)) - client-D47EFDF0E133->5d71e5de-6d45-4480-a1f1-d41cc2d38630: receive RaftClientReply:client-D47EFDF0E133->5d71e5de-6d45-4480-a1f1-d41cc2d38630@group-C6AEA7A4B82B, cid=979, SUCCESS, logIndex=1709, commits[5d71e5de-6d45-4480-a1f1-d41cc2d38630:c1710]
2019-06-13 13:50:31,158 INFO  client.GrpcClientProtocolClient (GrpcClientProtocolClient.java:onNext(254)) - client-D47EFDF0E133->5d71e5de-6d45-4480-a1f1-d41cc2d38630: receive RaftClientReply:client-D47EFDF0E133->5d71e5de-6d45-4480-a1f1-d41cc2d38630@group-C6AEA7A4B82B, cid=980, SUCCESS, logIndex=1710, commits[5d71e5de-6d45-4480-a1f1-d41cc2d38630:c1710]
2019-06-13 13:50:31,164 INFO  client.GrpcClientProtocolClient (GrpcClientProtocolClient.java:onNext(254)) - client-D47EFDF0E133->5d71e5de-6d45-4480-a1f1-d41cc2d38630: receive RaftClientReply:client-D47EFDF0E133->5d71e5de-6d45-4480-a1f1-d41cc2d38630@group-C6AEA7A4B82B, cid=981, SUCCESS, logIndex=1713, commits[5d71e5de-6d45-4480-a1f1-d41cc2d38630:c1713]
2019-06-13 13:50:31,171 INFO  storage.RaftLogWorker (RaftLogWorker.java:rollLogSegment(303)) - 5d71e5de-6d45-4480-a1f1-d41cc2d38630-RaftLogWorker: Rolling segment log-1649_1717 to index:1717
2019-06-13 13:50:31,171 INFO  storage.RaftLogWorker (RaftLogWorker.java:execute(433)) - 5d71e5de-6d45-4480-a1f1-d41cc2d38630-RaftLogWorker: Rolled log segment from /opt/src/hadoop-ozone/integration-test/target/test-dir/MiniOzoneClusterImpl-c05bfa39-b333-4767-bc96-5a78f3430938/datanode-0/data/ratis/3aee30eb-3db1-472a-b851-c6aea7a4b82b/current/log_inprogress_1649 to /opt/src/hadoop-ozone/integration-test/target/test-dir/MiniOzoneClusterImpl-c05bfa39-b333-4767-bc96-5a78f3430938/datanode-0/data/ratis/3aee30eb-3db1-472a-b851-c6aea7a4b82b/current/log_1649-1717
2019-06-13 13:50:31,175 DEBUG block.SCMBlockDeletingService (SCMBlockDeletingService.java:call(138)) - Running DeletedBlockTransactionScanner
2019-06-13 13:50:31,175 DEBUG block.SCMBlockDeletingService (SCMBlockDeletingService.java:call(155)) - Scanned deleted blocks log and got 0 delTX to process.
2019-06-13 13:50:31,178 INFO  client.GrpcClientProtocolClient (GrpcClientProtocolClient.java:onNext(254)) - client-D47EFDF0E133->5d71e5de-6d45-4480-a1f1-d41cc2d38630: receive RaftClientReply:client-D47EFDF0E133->5d71e5de-6d45-4480-a1f1-d41cc2d38630@group-C6AEA7A4B82B, cid=982, SUCCESS, logIndex=1715, commits[5d71e5de-6d45-4480-a1f1-d41cc2d38630:c1715]
2019-06-13 13:50:31,190 INFO  client.GrpcClientProtocolClient (GrpcClientProtocolClient.java:onNext(254)) - client-D47EFDF0E133->5d71e5de-6d45-4480-a1f1-d41cc2d38630: receive RaftClientReply:client-D47EFDF0E133->5d71e5de-6d45-4480-a1f1-d41cc2d38630@group-C6AEA7A4B82B, cid=983, SUCCESS, logIndex=1716, commits[5d71e5de-6d45-4480-a1f1-d41cc2d38630:c1717]
2019-06-13 13:50:31,214 INFO  storage.RaftLogWorker (RaftLogWorker.java:execute(469)) - 5d71e5de-6d45-4480-a1f1-d41cc2d38630-RaftLogWorker: created new log segment /opt/src/hadoop-ozone/integration-test/target/test-dir/MiniOzoneClusterImpl-c05bfa39-b333-4767-bc96-5a78f3430938/datanode-0/data/ratis/3aee30eb-3db1-472a-b851-c6aea7a4b82b/current/log_inprogress_1718
2019-06-13 13:50:31,215 INFO  client.GrpcClientProtocolClient (GrpcClientProtocolClient.java:onNext(254)) - client-D47EFDF0E133->5d71e5de-6d45-4480-a1f1-d41cc2d38630: receive RaftClientReply:client-D47EFDF0E133->5d71e5de-6d45-4480-a1f1-d41cc2d38630@group-C6AEA7A4B82B, cid=984, SUCCESS, logIndex=1718, commits[5d71e5de-6d45-4480-a1f1-d41cc2d38630:c1719]
2019-06-13 13:50:31,226 INFO  client.GrpcClientProtocolClient (GrpcClientProtocolClient.java:onNext(254)) - client-D47EFDF0E133->5d71e5de-6d45-4480-a1f1-d41cc2d38630: receive RaftClientReply:client-D47EFDF0E133->5d71e5de-6d45-4480-a1f1-d41cc2d38630@group-C6AEA7A4B82B, cid=985, SUCCESS, logIndex=1720, commits[5d71e5de-6d45-4480-a1f1-d41cc2d38630:c1720]
2019-06-13 13:50:31,228 INFO  client.GrpcClientProtocolClient (GrpcClientProtocolClient.java:onNext(254)) - client-D47EFDF0E133->5d71e5de-6d45-4480-a1f1-d41cc2d38630: receive RaftClientReply:client-D47EFDF0E133->5d71e5de-6d45-4480-a1f1-d41cc2d38630@group-C6AEA7A4B82B, cid=986, SUCCESS, logIndex=1722, commits[5d71e5de-6d45-4480-a1f1-d41cc2d38630:c1722]
2019-06-13 13:50:31,229 INFO  client.GrpcClientProtocolClient (GrpcClientProtocolClient.java:onNext(254)) - client-D47EFDF0E133->5d71e5de-6d45-4480-a1f1-d41cc2d38630: receive RaftClientReply:client-D47EFDF0E133->5d71e5de-6d45-4480-a1f1-d41cc2d38630@group-C6AEA7A4B82B, cid=987, SUCCESS, logIndex=1723, commits[5d71e5de-6d45-4480-a1f1-d41cc2d38630:c1724]
2019-06-13 13:50:31,231 INFO  client.GrpcClientProtocolClient (GrpcClientProtocolClient.java:onNext(254)) - client-D47EFDF0E133->5d71e5de-6d45-4480-a1f1-d41cc2d38630: receive RaftClientReply:client-D47EFDF0E133->5d71e5de-6d45-4480-a1f1-d41cc2d38630@group-C6AEA7A4B82B, cid=988, SUCCESS, logIndex=1725, commits[5d71e5de-6d45-4480-a1f1-d41cc2d38630:c1725]
2019-06-13 13:50:31,237 INFO  client.GrpcClientProtocolClient (GrpcClientProtocolClient.java:onNext(254)) - client-D47EFDF0E133->5d71e5de-6d45-4480-a1f1-d41cc2d38630: receive RaftClientReply:client-D47EFDF0E133->5d71e5de-6d45-4480-a1f1-d41cc2d38630@group-C6AEA7A4B82B, cid=989, SUCCESS, logIndex=1727, commits[5d71e5de-6d45-4480-a1f1-d41cc2d38630:c1727]
2019-06-13 13:50:31,238 INFO  client.GrpcClientProtocolClient (GrpcClientProtocolClient.java:onNext(254)) - client-D47EFDF0E133->5d71e5de-6d45-4480-a1f1-d41cc2d38630: receive RaftClientReply:client-D47EFDF0E133->5d71e5de-6d45-4480-a1f1-d41cc2d38630@group-C6AEA7A4B82B, cid=990, SUCCESS, logIndex=1729, commits[5d71e5de-6d45-4480-a1f1-d41cc2d38630:c1729]
2019-06-13 13:50:31,241 INFO  client.GrpcClientProtocolClient (GrpcClientProtocolClient.java:onNext(254)) - client-D47EFDF0E133->5d71e5de-6d45-4480-a1f1-d41cc2d38630: receive RaftClientReply:client-D47EFDF0E133->5d71e5de-6d45-4480-a1f1-d41cc2d38630@group-C6AEA7A4B82B, cid=991, SUCCESS, logIndex=1731, commits[5d71e5de-6d45-4480-a1f1-d41cc2d38630:c1732]
2019-06-13 13:50:31,241 INFO  client.GrpcClientProtocolClient (GrpcClientProtocolClient.java:onNext(254)) - client-D47EFDF0E133->5d71e5de-6d45-4480-a1f1-d41cc2d38630: receive RaftClientReply:client-D47EFDF0E133->5d71e5de-6d45-4480-a1f1-d41cc2d38630@group-C6AEA7A4B82B, cid=992, SUCCESS, logIndex=1732, commits[5d71e5de-6d45-4480-a1f1-d41cc2d38630:c1733]
2019-06-13 13:50:31,251 INFO  client.GrpcClientProtocolClient (GrpcClientProtocolClient.java:onNext(254)) - client-D47EFDF0E133->5d71e5de-6d45-4480-a1f1-d41cc2d38630: receive RaftClientReply:client-D47EFDF0E133->5d71e5de-6d45-4480-a1f1-d41cc2d38630@group-C6AEA7A4B82B, cid=993, SUCCESS, logIndex=1734, commits[5d71e5de-6d45-4480-a1f1-d41cc2d38630:c1734]
2019-06-13 13:50:31,253 INFO  client.GrpcClientProtocolClient (GrpcClientProtocolClient.java:onNext(254)) - client-D47EFDF0E133->5d71e5de-6d45-4480-a1f1-d41cc2d38630: receive RaftClientReply:client-D47EFDF0E133->5d71e5de-6d45-4480-a1f1-d41cc2d38630@group-C6AEA7A4B82B, cid=994, SUCCESS, logIndex=1736, commits[5d71e5de-6d45-4480-a1f1-d41cc2d38630:c1736]
2019-06-13 13:50:31,254 INFO  client.GrpcClientProtocolClient (GrpcClientProtocolClient.java:onNext(254)) - client-D47EFDF0E133->5d71e5de-6d45-4480-a1f1-d41cc2d38630: receive RaftClientReply:client-D47EFDF0E133->5d71e5de-6d45-4480-a1f1-d41cc2d38630@group-C6AEA7A4B82B, cid=995, SUCCESS, logIndex=1737, commits[5d71e5de-6d45-4480-a1f1-d41cc2d38630:c1738]
2019-06-13 13:50:31,254 INFO  client.GrpcClientProtocolClient (GrpcClientProtocolClient.java:onNext(254)) - client-D47EFDF0E133->5d71e5de-6d45-4480-a1f1-d41cc2d38630: receive RaftClientReply:client-D47EFDF0E133->5d71e5de-6d45-4480-a1f1-d41cc2d38630@group-C6AEA7A4B82B, cid=996, SUCCESS, logIndex=1738, commits[5d71e5de-6d45-4480-a1f1-d41cc2d38630:c1738]
2019-06-13 13:50:31,480 DEBUG block.SCMBlockDeletingService (SCMBlockDeletingService.java:call(138)) - Running DeletedBlockTransactionScanner
2019-06-13 13:50:31,480 DEBUG block.SCMBlockDeletingService (SCMBlockDeletingService.java:call(155)) - Scanned deleted blocks log and got 0 delTX to process.
2019-06-13 13:50:31,493 INFO  client.GrpcClientProtocolClient (GrpcClientProtocolClient.java:onNext(254)) - client-D47EFDF0E133->5d71e5de-6d45-4480-a1f1-d41cc2d38630: receive RaftClientReply:client-D47EFDF0E133->5d71e5de-6d45-4480-a1f1-d41cc2d38630@group-C6AEA7A4B82B, cid=997, SUCCESS, logIndex=1741, commits[5d71e5de-6d45-4480-a1f1-d41cc2d38630:c1741]
2019-06-13 13:50:31,496 INFO  client.GrpcClientProtocolClient (GrpcClientProtocolClient.java:onNext(254)) - client-D47EFDF0E133->5d71e5de-6d45-4480-a1f1-d41cc2d38630: receive RaftClientReply:client-D47EFDF0E133->5d71e5de-6d45-4480-a1f1-d41cc2d38630@group-C6AEA7A4B82B, cid=998, SUCCESS, logIndex=1743, commits[5d71e5de-6d45-4480-a1f1-d41cc2d38630:c1743]
2019-06-13 13:50:31,496 INFO  client.GrpcClientProtocolClient (GrpcClientProtocolClient.java:onNext(254)) - client-D47EFDF0E133->5d71e5de-6d45-4480-a1f1-d41cc2d38630: receive RaftClientReply:client-D47EFDF0E133->5d71e5de-6d45-4480-a1f1-d41cc2d38630@group-C6AEA7A4B82B, cid=999, SUCCESS, logIndex=1744, commits[5d71e5de-6d45-4480-a1f1-d41cc2d38630:c1746]
2019-06-13 13:50:31,497 INFO  client.GrpcClientProtocolClient (GrpcClientProtocolClient.java:onNext(254)) - client-D47EFDF0E133->5d71e5de-6d45-4480-a1f1-d41cc2d38630: receive RaftClientReply:client-D47EFDF0E133->5d71e5de-6d45-4480-a1f1-d41cc2d38630@group-C6AEA7A4B82B, cid=1000, SUCCESS, logIndex=1746, commits[5d71e5de-6d45-4480-a1f1-d41cc2d38630:c1747]
2019-06-13 13:50:31,507 INFO  client.GrpcClientProtocolClient (GrpcClientProtocolClient.java:onNext(254)) - client-D47EFDF0E133->5d71e5de-6d45-4480-a1f1-d41cc2d38630: receive RaftClientReply:client-D47EFDF0E133->5d71e5de-6d45-4480-a1f1-d41cc2d38630@group-C6AEA7A4B82B, cid=1001, SUCCESS, logIndex=1748, commits[5d71e5de-6d45-4480-a1f1-d41cc2d38630:c1748]
2019-06-13 13:50:31,509 INFO  client.GrpcClientProtocolClient (GrpcClientProtocolClient.java:onNext(254)) - client-D47EFDF0E133->5d71e5de-6d45-4480-a1f1-d41cc2d38630: receive RaftClientReply:client-D47EFDF0E133->5d71e5de-6d45-4480-a1f1-d41cc2d38630@group-C6AEA7A4B82B, cid=1002, SUCCESS, logIndex=1750, commits[5d71e5de-6d45-4480-a1f1-d41cc2d38630:c1750]
2019-06-13 13:50:31,510 INFO  client.GrpcClientProtocolClient (GrpcClientProtocolClient.java:onNext(254)) - client-D47EFDF0E133->5d71e5de-6d45-4480-a1f1-d41cc2d38630: receive RaftClientReply:client-D47EFDF0E133->5d71e5de-6d45-4480-a1f1-d41cc2d38630@group-C6AEA7A4B82B, cid=1003, SUCCESS, logIndex=1751, commits[5d71e5de-6d45-4480-a1f1-d41cc2d38630:c1753]
2019-06-13 13:50:31,510 INFO  client.GrpcClientProtocolClient (GrpcClientProtocolClient.java:onNext(254)) - client-D47EFDF0E133->5d71e5de-6d45-4480-a1f1-d41cc2d38630: receive RaftClientReply:client-D47EFDF0E133->5d71e5de-6d45-4480-a1f1-d41cc2d38630@group-C6AEA7A4B82B, cid=1004, SUCCESS, logIndex=1753, commits[5d71e5de-6d45-4480-a1f1-d41cc2d38630:c1753]
2019-06-13 13:50:31,516 INFO  client.GrpcClientProtocolClient (GrpcClientProtocolClient.java:onNext(254)) - client-D47EFDF0E133->5d71e5de-6d45-4480-a1f1-d41cc2d38630: receive RaftClientReply:client-D47EFDF0E133->5d71e5de-6d45-4480-a1f1-d41cc2d38630@group-C6AEA7A4B82B, cid=1005, SUCCESS, logIndex=1755, commits[5d71e5de-6d45-4480-a1f1-d41cc2d38630:c1755]
2019-06-13 13:50:31,518 INFO  client.GrpcClientProtocolClient (GrpcClientProtocolClient.java:onNext(254)) - client-D47EFDF0E133->5d71e5de-6d45-4480-a1f1-d41cc2d38630: receive RaftClientReply:client-D47EFDF0E133->5d71e5de-6d45-4480-a1f1-d41cc2d38630@group-C6AEA7A4B82B, cid=1006, SUCCESS, logIndex=1757, commits[5d71e5de-6d45-4480-a1f1-d41cc2d38630:c1757]
2019-06-13 13:50:31,518 INFO  client.GrpcClientProtocolClient (GrpcClientProtocolClient.java:onNext(254)) - client-D47EFDF0E133->5d71e5de-6d45-4480-a1f1-d41cc2d38630: receive RaftClientReply:client-D47EFDF0E133->5d71e5de-6d45-4480-a1f1-d41cc2d38630@group-C6AEA7A4B82B, cid=1007, SUCCESS, logIndex=1758, commits[5d71e5de-6d45-4480-a1f1-d41cc2d38630:c1760]
2019-06-13 13:50:31,519 INFO  client.GrpcClientProtocolClient (GrpcClientProtocolClient.java:onNext(254)) - client-D47EFDF0E133->5d71e5de-6d45-4480-a1f1-d41cc2d38630: receive RaftClientReply:client-D47EFDF0E133->5d71e5de-6d45-4480-a1f1-d41cc2d38630@group-C6AEA7A4B82B, cid=1008, SUCCESS, logIndex=1760, commits[5d71e5de-6d45-4480-a1f1-d41cc2d38630:c1760]
2019-06-13 13:50:31,529 INFO  client.GrpcClientProtocolClient (GrpcClientProtocolClient.java:onNext(254)) - client-D47EFDF0E133->5d71e5de-6d45-4480-a1f1-d41cc2d38630: receive RaftClientReply:client-D47EFDF0E133->5d71e5de-6d45-4480-a1f1-d41cc2d38630@group-C6AEA7A4B82B, cid=1009, SUCCESS, logIndex=1762, commits[5d71e5de-6d45-4480-a1f1-d41cc2d38630:c1762]
2019-06-13 13:50:31,531 INFO  client.GrpcClientProtocolClient (GrpcClientProtocolClient.java:onNext(254)) - client-D47EFDF0E133->5d71e5de-6d45-4480-a1f1-d41cc2d38630: receive RaftClientReply:client-D47EFDF0E133->5d71e5de-6d45-4480-a1f1-d41cc2d38630@group-C6AEA7A4B82B, cid=1010, SUCCESS, logIndex=1764, commits[5d71e5de-6d45-4480-a1f1-d41cc2d38630:c1764]
2019-06-13 13:50:31,532 INFO  client.GrpcClientProtocolClient (GrpcClientProtocolClient.java:onNext(254)) - client-D47EFDF0E133->5d71e5de-6d45-4480-a1f1-d41cc2d38630: receive RaftClientReply:client-D47EFDF0E133->5d71e5de-6d45-4480-a1f1-d41cc2d38630@group-C6AEA7A4B82B, cid=1011, SUCCESS, logIndex=1765, commits[5d71e5de-6d45-4480-a1f1-d41cc2d38630:c1767]
2019-06-13 13:50:31,532 INFO  client.GrpcClientProtocolClient (GrpcClientProtocolClient.java:onNext(254)) - client-D47EFDF0E133->5d71e5de-6d45-4480-a1f1-d41cc2d38630: receive RaftClientReply:client-D47EFDF0E133->5d71e5de-6d45-4480-a1f1-d41cc2d38630@group-C6AEA7A4B82B, cid=1012, SUCCESS, logIndex=1766, commits[5d71e5de-6d45-4480-a1f1-d41cc2d38630:c1767]
2019-06-13 13:50:31,538 INFO  client.GrpcClientProtocolClient (GrpcClientProtocolClient.java:onNext(254)) - client-D47EFDF0E133->5d71e5de-6d45-4480-a1f1-d41cc2d38630: receive RaftClientReply:client-D47EFDF0E133->5d71e5de-6d45-4480-a1f1-d41cc2d38630@group-C6AEA7A4B82B, cid=1013, SUCCESS, logIndex=1768, commits[5d71e5de-6d45-4480-a1f1-d41cc2d38630:c1768]
2019-06-13 13:50:31,540 INFO  client.GrpcClientProtocolClient (GrpcClientProtocolClient.java:onNext(254)) - client-D47EFDF0E133->5d71e5de-6d45-4480-a1f1-d41cc2d38630: receive RaftClientReply:client-D47EFDF0E133->5d71e5de-6d45-4480-a1f1-d41cc2d38630@group-C6AEA7A4B82B, cid=1014, SUCCESS, logIndex=1770, commits[5d71e5de-6d45-4480-a1f1-d41cc2d38630:c1770]
2019-06-13 13:50:31,540 INFO  client.GrpcClientProtocolClient (GrpcClientProtocolClient.java:onNext(254)) - client-D47EFDF0E133->5d71e5de-6d45-4480-a1f1-d41cc2d38630: receive RaftClientReply:client-D47EFDF0E133->5d71e5de-6d45-4480-a1f1-d41cc2d38630@group-C6AEA7A4B82B, cid=1015, SUCCESS, logIndex=1771, commits[5d71e5de-6d45-4480-a1f1-d41cc2d38630:c1773]
2019-06-13 13:50:31,541 INFO  client.GrpcClientProtocolClient (GrpcClientProtocolClient.java:onNext(254)) - client-D47EFDF0E133->5d71e5de-6d45-4480-a1f1-d41cc2d38630: receive RaftClientReply:client-D47EFDF0E133->5d71e5de-6d45-4480-a1f1-d41cc2d38630@group-C6AEA7A4B82B, cid=1016, SUCCESS, logIndex=1772, commits[5d71e5de-6d45-4480-a1f1-d41cc2d38630:c1773]
2019-06-13 13:50:31,581 DEBUG block.SCMBlockDeletingService (SCMBlockDeletingService.java:call(138)) - Running DeletedBlockTransactionScanner
2019-06-13 13:50:31,581 DEBUG block.SCMBlockDeletingService (SCMBlockDeletingService.java:call(155)) - Scanned deleted blocks log and got 0 delTX to process.
2019-06-13 13:50:31,618 INFO  client.GrpcClientProtocolClient (GrpcClientProtocolClient.java:onNext(254)) - client-D47EFDF0E133->5d71e5de-6d45-4480-a1f1-d41cc2d38630: receive RaftClientReply:client-D47EFDF0E133->5d71e5de-6d45-4480-a1f1-d41cc2d38630@group-C6AEA7A4B82B, cid=1017, SUCCESS, logIndex=1774, commits[5d71e5de-6d45-4480-a1f1-d41cc2d38630:c1774]
2019-06-13 13:50:31,620 INFO  client.GrpcClientProtocolClient (GrpcClientProtocolClient.java:onNext(254)) - client-D47EFDF0E133->5d71e5de-6d45-4480-a1f1-d41cc2d38630: receive RaftClientReply:client-D47EFDF0E133->5d71e5de-6d45-4480-a1f1-d41cc2d38630@group-C6AEA7A4B82B, cid=1018, SUCCESS, logIndex=1776, commits[5d71e5de-6d45-4480-a1f1-d41cc2d38630:c1776]
2019-06-13 13:50:31,621 INFO  client.GrpcClientProtocolClient (GrpcClientProtocolClient.java:onNext(254)) - client-D47EFDF0E133->5d71e5de-6d45-4480-a1f1-d41cc2d38630: receive RaftClientReply:client-D47EFDF0E133->5d71e5de-6d45-4480-a1f1-d41cc2d38630@group-C6AEA7A4B82B, cid=1019, SUCCESS, logIndex=1777, commits[5d71e5de-6d45-4480-a1f1-d41cc2d38630:c1779]
2019-06-13 13:50:31,621 INFO  client.GrpcClientProtocolClient (GrpcClientProtocolClient.java:onNext(254)) - client-D47EFDF0E133->5d71e5de-6d45-4480-a1f1-d41cc2d38630: receive RaftClientReply:client-D47EFDF0E133->5d71e5de-6d45-4480-a1f1-d41cc2d38630@group-C6AEA7A4B82B, cid=1020, SUCCESS, logIndex=1779, commits[5d71e5de-6d45-4480-a1f1-d41cc2d38630:c1780]
2019-06-13 13:50:31,627 INFO  client.GrpcClientProtocolClient (GrpcClientProtocolClient.java:onNext(254)) - client-D47EFDF0E133->5d71e5de-6d45-4480-a1f1-d41cc2d38630: receive RaftClientReply:client-D47EFDF0E133->5d71e5de-6d45-4480-a1f1-d41cc2d38630@group-C6AEA7A4B82B, cid=1021, SUCCESS, logIndex=1781, commits[5d71e5de-6d45-4480-a1f1-d41cc2d38630:c1781]
2019-06-13 13:50:31,633 INFO  client.GrpcClientProtocolClient (GrpcClientProtocolClient.java:onNext(254)) - client-D47EFDF0E133->5d71e5de-6d45-4480-a1f1-d41cc2d38630: receive RaftClientReply:client-D47EFDF0E133->5d71e5de-6d45-4480-a1f1-d41cc2d38630@group-C6AEA7A4B82B, cid=1022, SUCCESS, logIndex=1783, commits[5d71e5de-6d45-4480-a1f1-d41cc2d38630:c1783]
2019-06-13 13:50:31,634 INFO  client.GrpcClientProtocolClient (GrpcClientProtocolClient.java:onNext(254)) - client-D47EFDF0E133->5d71e5de-6d45-4480-a1f1-d41cc2d38630: receive RaftClientReply:client-D47EFDF0E133->5d71e5de-6d45-4480-a1f1-d41cc2d38630@group-C6AEA7A4B82B, cid=1023, SUCCESS, logIndex=1785, commits[5d71e5de-6d45-4480-a1f1-d41cc2d38630:c1786]
2019-06-13 13:50:31,634 INFO  client.GrpcClientProtocolClient (GrpcClientProtocolClient.java:onNext(254)) - client-D47EFDF0E133->5d71e5de-6d45-4480-a1f1-d41cc2d38630: receive RaftClientReply:client-D47EFDF0E133->5d71e5de-6d45-4480-a1f1-d41cc2d38630@group-C6AEA7A4B82B, cid=1024, SUCCESS, logIndex=1786, commits[5d71e5de-6d45-4480-a1f1-d41cc2d38630:c1787]
2019-06-13 13:50:31,647 INFO  client.GrpcClientProtocolClient (GrpcClientProtocolClient.java:onNext(254)) - client-D47EFDF0E133->5d71e5de-6d45-4480-a1f1-d41cc2d38630: receive RaftClientReply:client-D47EFDF0E133->5d71e5de-6d45-4480-a1f1-d41cc2d38630@group-C6AEA7A4B82B, cid=1025, SUCCESS, logIndex=1788, commits[5d71e5de-6d45-4480-a1f1-d41cc2d38630:c1788]
2019-06-13 13:50:31,647 INFO  storage.RaftLogWorker (RaftLogWorker.java:rollLogSegment(303)) - 5d71e5de-6d45-4480-a1f1-d41cc2d38630-RaftLogWorker: Rolling segment log-1718_1790 to index:1790
2019-06-13 13:50:31,648 INFO  storage.RaftLogWorker (RaftLogWorker.java:execute(433)) - 5d71e5de-6d45-4480-a1f1-d41cc2d38630-RaftLogWorker: Rolled log segment from /opt/src/hadoop-ozone/integration-test/target/test-dir/MiniOzoneClusterImpl-c05bfa39-b333-4767-bc96-5a78f3430938/datanode-0/data/ratis/3aee30eb-3db1-472a-b851-c6aea7a4b82b/current/log_inprogress_1718 to /opt/src/hadoop-ozone/integration-test/target/test-dir/MiniOzoneClusterImpl-c05bfa39-b333-4767-bc96-5a78f3430938/datanode-0/data/ratis/3aee30eb-3db1-472a-b851-c6aea7a4b82b/current/log_1718-1790
2019-06-13 13:50:31,653 INFO  client.GrpcClientProtocolClient (GrpcClientProtocolClient.java:onNext(254)) - client-D47EFDF0E133->5d71e5de-6d45-4480-a1f1-d41cc2d38630: receive RaftClientReply:client-D47EFDF0E133->5d71e5de-6d45-4480-a1f1-d41cc2d38630@group-C6AEA7A4B82B, cid=1026, SUCCESS, logIndex=1790, commits[5d71e5de-6d45-4480-a1f1-d41cc2d38630:c1790]
2019-06-13 13:50:31,681 DEBUG block.SCMBlockDeletingService (SCMBlockDeletingService.java:call(138)) - Running DeletedBlockTransactionScanner
2019-06-13 13:50:31,683 DEBUG block.SCMBlockDeletingService (SCMBlockDeletingService.java:call(155)) - Scanned deleted blocks log and got 0 delTX to process.
2019-06-13 13:50:31,685 INFO  storage.RaftLogWorker (RaftLogWorker.java:execute(469)) - 5d71e5de-6d45-4480-a1f1-d41cc2d38630-RaftLogWorker: created new log segment /opt/src/hadoop-ozone/integration-test/target/test-dir/MiniOzoneClusterImpl-c05bfa39-b333-4767-bc96-5a78f3430938/datanode-0/data/ratis/3aee30eb-3db1-472a-b851-c6aea7a4b82b/current/log_inprogress_1791
2019-06-13 13:50:31,687 INFO  client.GrpcClientProtocolClient (GrpcClientProtocolClient.java:onNext(254)) - client-D47EFDF0E133->5d71e5de-6d45-4480-a1f1-d41cc2d38630: receive RaftClientReply:client-D47EFDF0E133->5d71e5de-6d45-4480-a1f1-d41cc2d38630@group-C6AEA7A4B82B, cid=1027, SUCCESS, logIndex=1791, commits[5d71e5de-6d45-4480-a1f1-d41cc2d38630:c1793]
2019-06-13 13:50:31,687 INFO  client.GrpcClientProtocolClient (GrpcClientProtocolClient.java:onNext(254)) - client-D47EFDF0E133->5d71e5de-6d45-4480-a1f1-d41cc2d38630: receive RaftClientReply:client-D47EFDF0E133->5d71e5de-6d45-4480-a1f1-d41cc2d38630@group-C6AEA7A4B82B, cid=1028, SUCCESS, logIndex=1792, commits[5d71e5de-6d45-4480-a1f1-d41cc2d38630:c1793]
2019-06-13 13:50:31,693 INFO  client.GrpcClientProtocolClient (GrpcClientProtocolClient.java:onNext(254)) - client-D47EFDF0E133->5d71e5de-6d45-4480-a1f1-d41cc2d38630: receive RaftClientReply:client-D47EFDF0E133->5d71e5de-6d45-4480-a1f1-d41cc2d38630@group-C6AEA7A4B82B, cid=1029, SUCCESS, logIndex=1794, commits[5d71e5de-6d45-4480-a1f1-d41cc2d38630:c1794]
2019-06-13 13:50:31,695 INFO  client.GrpcClientProtocolClient (GrpcClientProtocolClient.java:onNext(254)) - client-D47EFDF0E133->5d71e5de-6d45-4480-a1f1-d41cc2d38630: receive RaftClientReply:client-D47EFDF0E133->5d71e5de-6d45-4480-a1f1-d41cc2d38630@group-C6AEA7A4B82B, cid=1030, SUCCESS, logIndex=1796, commits[5d71e5de-6d45-4480-a1f1-d41cc2d38630:c1796]
2019-06-13 13:50:31,697 INFO  client.GrpcClientProtocolClient (GrpcClientProtocolClient.java:onNext(254)) - client-D47EFDF0E133->5d71e5de-6d45-4480-a1f1-d41cc2d38630: receive RaftClientReply:client-D47EFDF0E133->5d71e5de-6d45-4480-a1f1-d41cc2d38630@group-C6AEA7A4B82B, cid=1031, SUCCESS, logIndex=1798, commits[5d71e5de-6d45-4480-a1f1-d41cc2d38630:c1799]
2019-06-13 13:50:31,698 INFO  client.GrpcClientProtocolClient (GrpcClientProtocolClient.java:onNext(254)) - client-D47EFDF0E133->5d71e5de-6d45-4480-a1f1-d41cc2d38630: receive RaftClientReply:client-D47EFDF0E133->5d71e5de-6d45-4480-a1f1-d41cc2d38630@group-C6AEA7A4B82B, cid=1032, SUCCESS, logIndex=1799, commits[5d71e5de-6d45-4480-a1f1-d41cc2d38630:c1799]
2019-06-13 13:50:31,707 INFO  client.GrpcClientProtocolClient (GrpcClientProtocolClient.java:onNext(254)) - client-D47EFDF0E133->5d71e5de-6d45-4480-a1f1-d41cc2d38630: receive RaftClientReply:client-D47EFDF0E133->5d71e5de-6d45-4480-a1f1-d41cc2d38630@group-C6AEA7A4B82B, cid=1033, SUCCESS, logIndex=1801, commits[5d71e5de-6d45-4480-a1f1-d41cc2d38630:c1801]
2019-06-13 13:50:31,709 INFO  client.GrpcClientProtocolClient (GrpcClientProtocolClient.java:onNext(254)) - client-D47EFDF0E133->5d71e5de-6d45-4480-a1f1-d41cc2d38630: receive RaftClientReply:client-D47EFDF0E133->5d71e5de-6d45-4480-a1f1-d41cc2d38630@group-C6AEA7A4B82B, cid=1034, SUCCESS, logIndex=1803, commits[5d71e5de-6d45-4480-a1f1-d41cc2d38630:c1803]
2019-06-13 13:50:31,710 INFO  client.GrpcClientProtocolClient (GrpcClientProtocolClient.java:onNext(254)) - client-D47EFDF0E133->5d71e5de-6d45-4480-a1f1-d41cc2d38630: receive RaftClientReply:client-D47EFDF0E133->5d71e5de-6d45-4480-a1f1-d41cc2d38630@group-C6AEA7A4B82B, cid=1035, SUCCESS, logIndex=1804, commits[5d71e5de-6d45-4480-a1f1-d41cc2d38630:c1806]
2019-06-13 13:50:31,710 INFO  client.GrpcClientProtocolClient (GrpcClientProtocolClient.java:onNext(254)) - client-D47EFDF0E133->5d71e5de-6d45-4480-a1f1-d41cc2d38630: receive RaftClientReply:client-D47EFDF0E133->5d71e5de-6d45-4480-a1f1-d41cc2d38630@group-C6AEA7A4B82B, cid=1036, SUCCESS, logIndex=1805, commits[5d71e5de-6d45-4480-a1f1-d41cc2d38630:c1806]
2019-06-13 13:50:31,717 INFO  client.GrpcClientProtocolClient (GrpcClientProtocolClient.java:onNext(254)) - client-D47EFDF0E133->5d71e5de-6d45-4480-a1f1-d41cc2d38630: receive RaftClientReply:client-D47EFDF0E133->5d71e5de-6d45-4480-a1f1-d41cc2d38630@group-C6AEA7A4B82B, cid=1037, SUCCESS, logIndex=1807, commits[5d71e5de-6d45-4480-a1f1-d41cc2d38630:c1807]
2019-06-13 13:50:31,718 INFO  client.GrpcClientProtocolClient (GrpcClientProtocolClient.java:onNext(254)) - client-D47EFDF0E133->5d71e5de-6d45-4480-a1f1-d41cc2d38630: receive RaftClientReply:client-D47EFDF0E133->5d71e5de-6d45-4480-a1f1-d41cc2d38630@group-C6AEA7A4B82B, cid=1038, SUCCESS, logIndex=1809, commits[5d71e5de-6d45-4480-a1f1-d41cc2d38630:c1809]
2019-06-13 13:50:31,719 INFO  client.GrpcClientProtocolClient (GrpcClientProtocolClient.java:onNext(254)) - client-D47EFDF0E133->5d71e5de-6d45-4480-a1f1-d41cc2d38630: receive RaftClientReply:client-D47EFDF0E133->5d71e5de-6d45-4480-a1f1-d41cc2d38630@group-C6AEA7A4B82B, cid=1039, SUCCESS, logIndex=1810, commits[5d71e5de-6d45-4480-a1f1-d41cc2d38630:c1812]
2019-06-13 13:50:31,720 INFO  client.GrpcClientProtocolClient (GrpcClientProtocolClient.java:onNext(254)) - client-D47EFDF0E133->5d71e5de-6d45-4480-a1f1-d41cc2d38630: receive RaftClientReply:client-D47EFDF0E133->5d71e5de-6d45-4480-a1f1-d41cc2d38630@group-C6AEA7A4B82B, cid=1040, SUCCESS, logIndex=1811, commits[5d71e5de-6d45-4480-a1f1-d41cc2d38630:c1812]
2019-06-13 13:50:31,729 INFO  client.GrpcClientProtocolClient (GrpcClientProtocolClient.java:onNext(254)) - client-D47EFDF0E133->5d71e5de-6d45-4480-a1f1-d41cc2d38630: receive RaftClientReply:client-D47EFDF0E133->5d71e5de-6d45-4480-a1f1-d41cc2d38630@group-C6AEA7A4B82B, cid=1041, SUCCESS, logIndex=1813, commits[5d71e5de-6d45-4480-a1f1-d41cc2d38630:c1813]
2019-06-13 13:50:31,730 INFO  client.GrpcClientProtocolClient (GrpcClientProtocolClient.java:onNext(254)) - client-D47EFDF0E133->5d71e5de-6d45-4480-a1f1-d41cc2d38630: receive RaftClientReply:client-D47EFDF0E133->5d71e5de-6d45-4480-a1f1-d41cc2d38630@group-C6AEA7A4B82B, cid=1042, SUCCESS, logIndex=1815, commits[5d71e5de-6d45-4480-a1f1-d41cc2d38630:c1815]
2019-06-13 13:50:31,732 INFO  client.GrpcClientProtocolClient (GrpcClientProtocolClient.java:onNext(254)) - client-D47EFDF0E133->5d71e5de-6d45-4480-a1f1-d41cc2d38630: receive RaftClientReply:client-D47EFDF0E133->5d71e5de-6d45-4480-a1f1-d41cc2d38630@group-C6AEA7A4B82B, cid=1043, SUCCESS, logIndex=1816, commits[5d71e5de-6d45-4480-a1f1-d41cc2d38630:c1818]
2019-06-13 13:50:31,732 INFO  client.GrpcClientProtocolClient (GrpcClientProtocolClient.java:onNext(254)) - client-D47EFDF0E133->5d71e5de-6d45-4480-a1f1-d41cc2d38630: receive RaftClientReply:client-D47EFDF0E133->5d71e5de-6d45-4480-a1f1-d41cc2d38630@group-C6AEA7A4B82B, cid=1044, SUCCESS, logIndex=1817, commits[5d71e5de-6d45-4480-a1f1-d41cc2d38630:c1818]
2019-06-13 13:50:31,737 INFO  client.GrpcClientProtocolClient (GrpcClientProtocolClient.java:onNext(254)) - client-D47EFDF0E133->5d71e5de-6d45-4480-a1f1-d41cc2d38630: receive RaftClientReply:client-D47EFDF0E133->5d71e5de-6d45-4480-a1f1-d41cc2d38630@group-C6AEA7A4B82B, cid=1045, SUCCESS, logIndex=1819, commits[5d71e5de-6d45-4480-a1f1-d41cc2d38630:c1819]
2019-06-13 13:50:31,739 INFO  client.GrpcClientProtocolClient (GrpcClientProtocolClient.java:onNext(254)) - client-D47EFDF0E133->5d71e5de-6d45-4480-a1f1-d41cc2d38630: receive RaftClientReply:client-D47EFDF0E133->5d71e5de-6d45-4480-a1f1-d41cc2d38630@group-C6AEA7A4B82B, cid=1046, SUCCESS, logIndex=1821, commits[5d71e5de-6d45-4480-a1f1-d41cc2d38630:c1821]
2019-06-13 13:50:31,740 INFO  client.GrpcClientProtocolClient (GrpcClientProtocolClient.java:onNext(254)) - client-D47EFDF0E133->5d71e5de-6d45-4480-a1f1-d41cc2d38630: receive RaftClientReply:client-D47EFDF0E133->5d71e5de-6d45-4480-a1f1-d41cc2d38630@group-C6AEA7A4B82B, cid=1047, SUCCESS, logIndex=1822, commits[5d71e5de-6d45-4480-a1f1-d41cc2d38630:c1823]
2019-06-13 13:50:31,741 INFO  client.GrpcClientProtocolClient (GrpcClientProtocolClient.java:onNext(254)) - client-D47EFDF0E133->5d71e5de-6d45-4480-a1f1-d41cc2d38630: receive RaftClientReply:client-D47EFDF0E133->5d71e5de-6d45-4480-a1f1-d41cc2d38630@group-C6AEA7A4B82B, cid=1048, SUCCESS, logIndex=1823, commits[5d71e5de-6d45-4480-a1f1-d41cc2d38630:c1824]
2019-06-13 13:50:31,750 INFO  client.GrpcClientProtocolClient (GrpcClientProtocolClient.java:onNext(254)) - client-D47EFDF0E133->5d71e5de-6d45-4480-a1f1-d41cc2d38630: receive RaftClientReply:client-D47EFDF0E133->5d71e5de-6d45-4480-a1f1-d41cc2d38630@group-C6AEA7A4B82B, cid=1049, SUCCESS, logIndex=1826, commits[5d71e5de-6d45-4480-a1f1-d41cc2d38630:c1826]
2019-06-13 13:50:31,752 INFO  client.GrpcClientProtocolClient (GrpcClientProtocolClient.java:onNext(254)) - client-D47EFDF0E133->5d71e5de-6d45-4480-a1f1-d41cc2d38630: receive RaftClientReply:client-D47EFDF0E133->5d71e5de-6d45-4480-a1f1-d41cc2d38630@group-C6AEA7A4B82B, cid=1050, SUCCESS, logIndex=1828, commits[5d71e5de-6d45-4480-a1f1-d41cc2d38630:c1828]
2019-06-13 13:50:31,753 INFO  client.GrpcClientProtocolClient (GrpcClientProtocolClient.java:onNext(254)) - client-D47EFDF0E133->5d71e5de-6d45-4480-a1f1-d41cc2d38630: receive RaftClientReply:client-D47EFDF0E133->5d71e5de-6d45-4480-a1f1-d41cc2d38630@group-C6AEA7A4B82B, cid=1051, SUCCESS, logIndex=1829, commits[5d71e5de-6d45-4480-a1f1-d41cc2d38630:c1831]
2019-06-13 13:50:31,753 INFO  client.GrpcClientProtocolClient (GrpcClientProtocolClient.java:onNext(254)) - client-D47EFDF0E133->5d71e5de-6d45-4480-a1f1-d41cc2d38630: receive RaftClientReply:client-D47EFDF0E133->5d71e5de-6d45-4480-a1f1-d41cc2d38630@group-C6AEA7A4B82B, cid=1052, SUCCESS, logIndex=1831, commits[5d71e5de-6d45-4480-a1f1-d41cc2d38630:c1831]
2019-06-13 13:50:31,759 INFO  client.GrpcClientProtocolClient (GrpcClientProtocolClient.java:onNext(254)) - client-D47EFDF0E133->5d71e5de-6d45-4480-a1f1-d41cc2d38630: receive RaftClientReply:client-D47EFDF0E133->5d71e5de-6d45-4480-a1f1-d41cc2d38630@group-C6AEA7A4B82B, cid=1053, SUCCESS, logIndex=1834, commits[5d71e5de-6d45-4480-a1f1-d41cc2d38630:c1834]
2019-06-13 13:50:31,761 INFO  client.GrpcClientProtocolClient (GrpcClientProtocolClient.java:onNext(254)) - client-D47EFDF0E133->5d71e5de-6d45-4480-a1f1-d41cc2d38630: receive RaftClientReply:client-D47EFDF0E133->5d71e5de-6d45-4480-a1f1-d41cc2d38630@group-C6AEA7A4B82B, cid=1054, SUCCESS, logIndex=1836, commits[5d71e5de-6d45-4480-a1f1-d41cc2d38630:c1836]
2019-06-13 13:50:31,762 INFO  client.GrpcClientProtocolClient (GrpcClientProtocolClient.java:onNext(254)) - client-D47EFDF0E133->5d71e5de-6d45-4480-a1f1-d41cc2d38630: receive RaftClientReply:client-D47EFDF0E133->5d71e5de-6d45-4480-a1f1-d41cc2d38630@group-C6AEA7A4B82B, cid=1055, SUCCESS, logIndex=1837, commits[5d71e5de-6d45-4480-a1f1-d41cc2d38630:c1839]
2019-06-13 13:50:31,762 INFO  client.GrpcClientProtocolClient (GrpcClientProtocolClient.java:onNext(254)) - client-D47EFDF0E133->5d71e5de-6d45-4480-a1f1-d41cc2d38630: receive RaftClientReply:client-D47EFDF0E133->5d71e5de-6d45-4480-a1f1-d41cc2d38630@group-C6AEA7A4B82B, cid=1056, SUCCESS, logIndex=1838, commits[5d71e5de-6d45-4480-a1f1-d41cc2d38630:c1839]
2019-06-13 13:50:31,774 INFO  client.GrpcClientProtocolClient (GrpcClientProtocolClient.java:onNext(254)) - client-D47EFDF0E133->5d71e5de-6d45-4480-a1f1-d41cc2d38630: receive RaftClientReply:client-D47EFDF0E133->5d71e5de-6d45-4480-a1f1-d41cc2d38630@group-C6AEA7A4B82B, cid=1057, SUCCESS, logIndex=1840, commits[5d71e5de-6d45-4480-a1f1-d41cc2d38630:c1840]
2019-06-13 13:50:31,775 INFO  client.GrpcClientProtocolClient (GrpcClientProtocolClient.java:onNext(254)) - client-D47EFDF0E133->5d71e5de-6d45-4480-a1f1-d41cc2d38630: receive RaftClientReply:client-D47EFDF0E133->5d71e5de-6d45-4480-a1f1-d41cc2d38630@group-C6AEA7A4B82B, cid=1058, SUCCESS, logIndex=1842, commits[5d71e5de-6d45-4480-a1f1-d41cc2d38630:c1842]
2019-06-13 13:50:31,778 INFO  client.GrpcClientProtocolClient (GrpcClientProtocolClient.java:onNext(254)) - client-D47EFDF0E133->5d71e5de-6d45-4480-a1f1-d41cc2d38630: receive RaftClientReply:client-D47EFDF0E133->5d71e5de-6d45-4480-a1f1-d41cc2d38630@group-C6AEA7A4B82B, cid=1059, SUCCESS, logIndex=1844, commits[5d71e5de-6d45-4480-a1f1-d41cc2d38630:c1845]
2019-06-13 13:50:31,778 INFO  client.GrpcClientProtocolClient (GrpcClientProtocolClient.java:onNext(254)) - client-D47EFDF0E133->5d71e5de-6d45-4480-a1f1-d41cc2d38630: receive RaftClientReply:client-D47EFDF0E133->5d71e5de-6d45-4480-a1f1-d41cc2d38630@group-C6AEA7A4B82B, cid=1060, SUCCESS, logIndex=1845, commits[5d71e5de-6d45-4480-a1f1-d41cc2d38630:c1845]
2019-06-13 13:50:31,783 DEBUG block.SCMBlockDeletingService (SCMBlockDeletingService.java:call(138)) - Running DeletedBlockTransactionScanner
2019-06-13 13:50:31,783 DEBUG block.SCMBlockDeletingService (SCMBlockDeletingService.java:call(155)) - Scanned deleted blocks log and got 0 delTX to process.
2019-06-13 13:50:31,851 INFO  client.GrpcClientProtocolClient (GrpcClientProtocolClient.java:onNext(254)) - client-D47EFDF0E133->5d71e5de-6d45-4480-a1f1-d41cc2d38630: receive RaftClientReply:client-D47EFDF0E133->5d71e5de-6d45-4480-a1f1-d41cc2d38630@group-C6AEA7A4B82B, cid=1061, SUCCESS, logIndex=1847, commits[5d71e5de-6d45-4480-a1f1-d41cc2d38630:c1847]
2019-06-13 13:50:31,854 INFO  client.GrpcClientProtocolClient (GrpcClientProtocolClient.java:onNext(254)) - client-D47EFDF0E133->5d71e5de-6d45-4480-a1f1-d41cc2d38630: receive RaftClientReply:client-D47EFDF0E133->5d71e5de-6d45-4480-a1f1-d41cc2d38630@group-C6AEA7A4B82B, cid=1062, SUCCESS, logIndex=1849, commits[5d71e5de-6d45-4480-a1f1-d41cc2d38630:c1849]
2019-06-13 13:50:31,854 INFO  client.GrpcClientProtocolClient (GrpcClientProtocolClient.java:onNext(254)) - client-D47EFDF0E133->5d71e5de-6d45-4480-a1f1-d41cc2d38630: receive RaftClientReply:client-D47EFDF0E133->5d71e5de-6d45-4480-a1f1-d41cc2d38630@group-C6AEA7A4B82B, cid=1063, SUCCESS, logIndex=1850, commits[5d71e5de-6d45-4480-a1f1-d41cc2d38630:c1852]
2019-06-13 13:50:31,854 INFO  client.GrpcClientProtocolClient (GrpcClientProtocolClient.java:onNext(254)) - client-D47EFDF0E133->5d71e5de-6d45-4480-a1f1-d41cc2d38630: receive RaftClientReply:client-D47EFDF0E133->5d71e5de-6d45-4480-a1f1-d41cc2d38630@group-C6AEA7A4B82B, cid=1064, SUCCESS, logIndex=1852, commits[5d71e5de-6d45-4480-a1f1-d41cc2d38630:c1852]
2019-06-13 13:50:31,895 DEBUG block.SCMBlockDeletingService (SCMBlockDeletingService.java:call(138)) - Running DeletedBlockTransactionScanner
2019-06-13 13:50:31,896 DEBUG block.SCMBlockDeletingService (SCMBlockDeletingService.java:call(155)) - Scanned deleted blocks log and got 0 delTX to process.
2019-06-13 13:50:31,902 INFO  client.GrpcClientProtocolClient (GrpcClientProtocolClient.java:onNext(254)) - client-D47EFDF0E133->5d71e5de-6d45-4480-a1f1-d41cc2d38630: receive RaftClientReply:client-D47EFDF0E133->5d71e5de-6d45-4480-a1f1-d41cc2d38630@group-C6AEA7A4B82B, cid=1065, SUCCESS, logIndex=1854, commits[5d71e5de-6d45-4480-a1f1-d41cc2d38630:c1854]
2019-06-13 13:50:31,904 INFO  client.GrpcClientProtocolClient (GrpcClientProtocolClient.java:onNext(254)) - client-D47EFDF0E133->5d71e5de-6d45-4480-a1f1-d41cc2d38630: receive RaftClientReply:client-D47EFDF0E133->5d71e5de-6d45-4480-a1f1-d41cc2d38630@group-C6AEA7A4B82B, cid=1066, SUCCESS, logIndex=1856, commits[5d71e5de-6d45-4480-a1f1-d41cc2d38630:c1856]
2019-06-13 13:50:31,905 INFO  client.GrpcClientProtocolClient (GrpcClientProtocolClient.java:onNext(254)) - client-D47EFDF0E133->5d71e5de-6d45-4480-a1f1-d41cc2d38630: receive RaftClientReply:client-D47EFDF0E133->5d71e5de-6d45-4480-a1f1-d41cc2d38630@group-C6AEA7A4B82B, cid=1067, SUCCESS, logIndex=1857, commits[5d71e5de-6d45-4480-a1f1-d41cc2d38630:c1859]
2019-06-13 13:50:31,905 INFO  client.GrpcClientProtocolClient (GrpcClientProtocolClient.java:onNext(254)) - client-D47EFDF0E133->5d71e5de-6d45-4480-a1f1-d41cc2d38630: receive RaftClientReply:client-D47EFDF0E133->5d71e5de-6d45-4480-a1f1-d41cc2d38630@group-C6AEA7A4B82B, cid=1068, SUCCESS, logIndex=1859, commits[5d71e5de-6d45-4480-a1f1-d41cc2d38630:c1860]
2019-06-13 13:50:31,911 INFO  client.GrpcClientProtocolClient (GrpcClientProtocolClient.java:onNext(254)) - client-D47EFDF0E133->5d71e5de-6d45-4480-a1f1-d41cc2d38630: receive RaftClientReply:client-D47EFDF0E133->5d71e5de-6d45-4480-a1f1-d41cc2d38630@group-C6AEA7A4B82B, cid=1069, SUCCESS, logIndex=1861, commits[5d71e5de-6d45-4480-a1f1-d41cc2d38630:c1861]
2019-06-13 13:50:31,911 INFO  storage.RaftLogWorker (RaftLogWorker.java:rollLogSegment(303)) - 5d71e5de-6d45-4480-a1f1-d41cc2d38630-RaftLogWorker: Rolling segment log-1791_1862 to index:1862
2019-06-13 13:50:31,912 INFO  storage.RaftLogWorker (RaftLogWorker.java:execute(433)) - 5d71e5de-6d45-4480-a1f1-d41cc2d38630-RaftLogWorker: Rolled log segment from /opt/src/hadoop-ozone/integration-test/target/test-dir/MiniOzoneClusterImpl-c05bfa39-b333-4767-bc96-5a78f3430938/datanode-0/data/ratis/3aee30eb-3db1-472a-b851-c6aea7a4b82b/current/log_inprogress_1791 to /opt/src/hadoop-ozone/integration-test/target/test-dir/MiniOzoneClusterImpl-c05bfa39-b333-4767-bc96-5a78f3430938/datanode-0/data/ratis/3aee30eb-3db1-472a-b851-c6aea7a4b82b/current/log_1791-1862
2019-06-13 13:50:31,948 INFO  storage.RaftLogWorker (RaftLogWorker.java:execute(469)) - 5d71e5de-6d45-4480-a1f1-d41cc2d38630-RaftLogWorker: created new log segment /opt/src/hadoop-ozone/integration-test/target/test-dir/MiniOzoneClusterImpl-c05bfa39-b333-4767-bc96-5a78f3430938/datanode-0/data/ratis/3aee30eb-3db1-472a-b851-c6aea7a4b82b/current/log_inprogress_1863
2019-06-13 13:50:31,950 INFO  client.GrpcClientProtocolClient (GrpcClientProtocolClient.java:onNext(254)) - client-D47EFDF0E133->5d71e5de-6d45-4480-a1f1-d41cc2d38630: receive RaftClientReply:client-D47EFDF0E133->5d71e5de-6d45-4480-a1f1-d41cc2d38630@group-C6AEA7A4B82B, cid=1070, SUCCESS, logIndex=1863, commits[5d71e5de-6d45-4480-a1f1-d41cc2d38630:c1865]
2019-06-13 13:50:31,951 INFO  client.GrpcClientProtocolClient (GrpcClientProtocolClient.java:onNext(254)) - client-D47EFDF0E133->5d71e5de-6d45-4480-a1f1-d41cc2d38630: receive RaftClientReply:client-D47EFDF0E133->5d71e5de-6d45-4480-a1f1-d41cc2d38630@group-C6AEA7A4B82B, cid=1071, SUCCESS, logIndex=1864, commits[5d71e5de-6d45-4480-a1f1-d41cc2d38630:c1866]
2019-06-13 13:50:31,951 INFO  client.GrpcClientProtocolClient (GrpcClientProtocolClient.java:onNext(254)) - client-D47EFDF0E133->5d71e5de-6d45-4480-a1f1-d41cc2d38630: receive RaftClientReply:client-D47EFDF0E133->5d71e5de-6d45-4480-a1f1-d41cc2d38630@group-C6AEA7A4B82B, cid=1072, SUCCESS, logIndex=1865, commits[5d71e5de-6d45-4480-a1f1-d41cc2d38630:c1866]
2019-06-13 13:50:31,963 INFO  client.GrpcClientProtocolClient (GrpcClientProtocolClient.java:onNext(254)) - client-D47EFDF0E133->5d71e5de-6d45-4480-a1f1-d41cc2d38630: receive RaftClientReply:client-D47EFDF0E133->5d71e5de-6d45-4480-a1f1-d41cc2d38630@group-C6AEA7A4B82B, cid=1073, SUCCESS, logIndex=1867, commits[5d71e5de-6d45-4480-a1f1-d41cc2d38630:c1867]
2019-06-13 13:50:31,965 INFO  client.GrpcClientProtocolClient (GrpcClientProtocolClient.java:onNext(254)) - client-D47EFDF0E133->5d71e5de-6d45-4480-a1f1-d41cc2d38630: receive RaftClientReply:client-D47EFDF0E133->5d71e5de-6d45-4480-a1f1-d41cc2d38630@group-C6AEA7A4B82B, cid=1074, SUCCESS, logIndex=1869, commits[5d71e5de-6d45-4480-a1f1-d41cc2d38630:c1869]
2019-06-13 13:50:31,965 INFO  client.GrpcClientProtocolClient (GrpcClientProtocolClient.java:onNext(254)) - client-D47EFDF0E133->5d71e5de-6d45-4480-a1f1-d41cc2d38630: receive RaftClientReply:client-D47EFDF0E133->5d71e5de-6d45-4480-a1f1-d41cc2d38630@group-C6AEA7A4B82B, cid=1075, SUCCESS, logIndex=1870, commits[5d71e5de-6d45-4480-a1f1-d41cc2d38630:c1872]
2019-06-13 13:50:31,966 INFO  client.GrpcClientProtocolClient (GrpcClientProtocolClient.java:onNext(254)) - client-D47EFDF0E133->5d71e5de-6d45-4480-a1f1-d41cc2d38630: receive RaftClientReply:client-D47EFDF0E133->5d71e5de-6d45-4480-a1f1-d41cc2d38630@group-C6AEA7A4B82B, cid=1076, SUCCESS, logIndex=1871, commits[5d71e5de-6d45-4480-a1f1-d41cc2d38630:c1872]
2019-06-13 13:50:31,971 INFO  client.GrpcClientProtocolClient (GrpcClientProtocolClient.java:onNext(254)) - client-D47EFDF0E133->5d71e5de-6d45-4480-a1f1-d41cc2d38630: receive RaftClientReply:client-D47EFDF0E133->5d71e5de-6d45-4480-a1f1-d41cc2d38630@group-C6AEA7A4B82B, cid=1077, SUCCESS, logIndex=1873, commits[5d71e5de-6d45-4480-a1f1-d41cc2d38630:c1873]
2019-06-13 13:50:31,973 INFO  client.GrpcClientProtocolClient (GrpcClientProtocolClient.java:onNext(254)) - client-D47EFDF0E133->5d71e5de-6d45-4480-a1f1-d41cc2d38630: receive RaftClientReply:client-D47EFDF0E133->5d71e5de-6d45-4480-a1f1-d41cc2d38630@group-C6AEA7A4B82B, cid=1078, SUCCESS, logIndex=1875, commits[5d71e5de-6d45-4480-a1f1-d41cc2d38630:c1875]
2019-06-13 13:50:31,974 INFO  client.GrpcClientProtocolClient (GrpcClientProtocolClient.java:onNext(254)) - client-D47EFDF0E133->5d71e5de-6d45-4480-a1f1-d41cc2d38630: receive RaftClientReply:client-D47EFDF0E133->5d71e5de-6d45-4480-a1f1-d41cc2d38630@group-C6AEA7A4B82B, cid=1079, SUCCESS, logIndex=1876, commits[5d71e5de-6d45-4480-a1f1-d41cc2d38630:c1878]
2019-06-13 13:50:31,976 INFO  client.GrpcClientProtocolClient (GrpcClientProtocolClient.java:onNext(254)) - client-D47EFDF0E133->5d71e5de-6d45-4480-a1f1-d41cc2d38630: receive RaftClientReply:client-D47EFDF0E133->5d71e5de-6d45-4480-a1f1-d41cc2d38630@group-C6AEA7A4B82B, cid=1080, SUCCESS, logIndex=1877, commits[5d71e5de-6d45-4480-a1f1-d41cc2d38630:c1878]
2019-06-13 13:50:31,986 INFO  client.GrpcClientProtocolClient (GrpcClientProtocolClient.java:onNext(254)) - client-D47EFDF0E133->5d71e5de-6d45-4480-a1f1-d41cc2d38630: receive RaftClientReply:client-D47EFDF0E133->5d71e5de-6d45-4480-a1f1-d41cc2d38630@group-C6AEA7A4B82B, cid=1081, SUCCESS, logIndex=1879, commits[5d71e5de-6d45-4480-a1f1-d41cc2d38630:c1879]
2019-06-13 13:50:31,988 INFO  client.GrpcClientProtocolClient (GrpcClientProtocolClient.java:onNext(254)) - client-D47EFDF0E133->5d71e5de-6d45-4480-a1f1-d41cc2d38630: receive RaftClientReply:client-D47EFDF0E133->5d71e5de-6d45-4480-a1f1-d41cc2d38630@group-C6AEA7A4B82B, cid=1082, SUCCESS, logIndex=1881, commits[5d71e5de-6d45-4480-a1f1-d41cc2d38630:c1881]
2019-06-13 13:50:31,989 INFO  client.GrpcClientProtocolClient (GrpcClientProtocolClient.java:onNext(254)) - client-D47EFDF0E133->5d71e5de-6d45-4480-a1f1-d41cc2d38630: receive RaftClientReply:client-D47EFDF0E133->5d71e5de-6d45-4480-a1f1-d41cc2d38630@group-C6AEA7A4B82B, cid=1083, SUCCESS, logIndex=1882, commits[5d71e5de-6d45-4480-a1f1-d41cc2d38630:c1882]
2019-06-13 13:50:31,989 INFO  client.GrpcClientProtocolClient (GrpcClientProtocolClient.java:onNext(254)) - client-D47EFDF0E133->5d71e5de-6d45-4480-a1f1-d41cc2d38630: receive RaftClientReply:client-D47EFDF0E133->5d71e5de-6d45-4480-a1f1-d41cc2d38630@group-C6AEA7A4B82B, cid=1084, SUCCESS, logIndex=1884, commits[5d71e5de-6d45-4480-a1f1-d41cc2d38630:c1884]
2019-06-13 13:50:31,994 INFO  client.GrpcClientProtocolClient (GrpcClientProtocolClient.java:onNext(254)) - client-D47EFDF0E133->5d71e5de-6d45-4480-a1f1-d41cc2d38630: receive RaftClientReply:client-D47EFDF0E133->5d71e5de-6d45-4480-a1f1-d41cc2d38630@group-C6AEA7A4B82B, cid=1085, SUCCESS, logIndex=1887, commits[5d71e5de-6d45-4480-a1f1-d41cc2d38630:c1887]
2019-06-13 13:50:31,996 DEBUG block.SCMBlockDeletingService (SCMBlockDeletingService.java:call(138)) - Running DeletedBlockTransactionScanner
2019-06-13 13:50:31,996 DEBUG block.SCMBlockDeletingService (SCMBlockDeletingService.java:call(155)) - Scanned deleted blocks log and got 0 delTX to process.
2019-06-13 13:50:31,997 INFO  client.GrpcClientProtocolClient (GrpcClientProtocolClient.java:onNext(254)) - client-D47EFDF0E133->5d71e5de-6d45-4480-a1f1-d41cc2d38630: receive RaftClientReply:client-D47EFDF0E133->5d71e5de-6d45-4480-a1f1-d41cc2d38630@group-C6AEA7A4B82B, cid=1086, SUCCESS, logIndex=1889, commits[5d71e5de-6d45-4480-a1f1-d41cc2d38630:c1889]
2019-06-13 13:50:31,997 INFO  client.GrpcClientProtocolClient (GrpcClientProtocolClient.java:onNext(254)) - client-D47EFDF0E133->5d71e5de-6d45-4480-a1f1-d41cc2d38630: receive RaftClientReply:client-D47EFDF0E133->5d71e5de-6d45-4480-a1f1-d41cc2d38630@group-C6AEA7A4B82B, cid=1087, SUCCESS, logIndex=1890, commits[5d71e5de-6d45-4480-a1f1-d41cc2d38630:c1891]
2019-06-13 13:50:31,998 INFO  client.GrpcClientProtocolClient (GrpcClientProtocolClient.java:onNext(254)) - client-D47EFDF0E133->5d71e5de-6d45-4480-a1f1-d41cc2d38630: receive RaftClientReply:client-D47EFDF0E133->5d71e5de-6d45-4480-a1f1-d41cc2d38630@group-C6AEA7A4B82B, cid=1088, SUCCESS, logIndex=1891, commits[5d71e5de-6d45-4480-a1f1-d41cc2d38630:c1892]
2019-06-13 13:50:32,007 INFO  client.GrpcClientProtocolClient (GrpcClientProtocolClient.java:onNext(254)) - client-D47EFDF0E133->5d71e5de-6d45-4480-a1f1-d41cc2d38630: receive RaftClientReply:client-D47EFDF0E133->5d71e5de-6d45-4480-a1f1-d41cc2d38630@group-C6AEA7A4B82B, cid=1089, SUCCESS, logIndex=1894, commits[5d71e5de-6d45-4480-a1f1-d41cc2d38630:c1894]
2019-06-13 13:50:32,009 INFO  client.GrpcClientProtocolClient (GrpcClientProtocolClient.java:onNext(254)) - client-D47EFDF0E133->5d71e5de-6d45-4480-a1f1-d41cc2d38630: receive RaftClientReply:client-D47EFDF0E133->5d71e5de-6d45-4480-a1f1-d41cc2d38630@group-C6AEA7A4B82B, cid=1090, SUCCESS, logIndex=1896, commits[5d71e5de-6d45-4480-a1f1-d41cc2d38630:c1896]
2019-06-13 13:50:32,009 INFO  client.GrpcClientProtocolClient (GrpcClientProtocolClient.java:onNext(254)) - client-D47EFDF0E133->5d71e5de-6d45-4480-a1f1-d41cc2d38630: receive RaftClientReply:client-D47EFDF0E133->5d71e5de-6d45-4480-a1f1-d41cc2d38630@group-C6AEA7A4B82B, cid=1091, SUCCESS, logIndex=1897, commits[5d71e5de-6d45-4480-a1f1-d41cc2d38630:c1898]
2019-06-13 13:50:32,010 INFO  client.GrpcClientProtocolClient (GrpcClientProtocolClient.java:onNext(254)) - client-D47EFDF0E133->5d71e5de-6d45-4480-a1f1-d41cc2d38630: receive RaftClientReply:client-D47EFDF0E133->5d71e5de-6d45-4480-a1f1-d41cc2d38630@group-C6AEA7A4B82B, cid=1092, SUCCESS, logIndex=1898, commits[5d71e5de-6d45-4480-a1f1-d41cc2d38630:c1898]
2019-06-13 13:50:32,015 INFO  client.GrpcClientProtocolClient (GrpcClientProtocolClient.java:onNext(254)) - client-D47EFDF0E133->5d71e5de-6d45-4480-a1f1-d41cc2d38630: receive RaftClientReply:client-D47EFDF0E133->5d71e5de-6d45-4480-a1f1-d41cc2d38630@group-C6AEA7A4B82B, cid=1093, SUCCESS, logIndex=1901, commits[5d71e5de-6d45-4480-a1f1-d41cc2d38630:c1901]
2019-06-13 13:50:32,017 INFO  client.GrpcClientProtocolClient (GrpcClientProtocolClient.java:onNext(254)) - client-D47EFDF0E133->5d71e5de-6d45-4480-a1f1-d41cc2d38630: receive RaftClientReply:client-D47EFDF0E133->5d71e5de-6d45-4480-a1f1-d41cc2d38630@group-C6AEA7A4B82B, cid=1094, SUCCESS, logIndex=1903, commits[5d71e5de-6d45-4480-a1f1-d41cc2d38630:c1903]
2019-06-13 13:50:32,018 INFO  client.GrpcClientProtocolClient (GrpcClientProtocolClient.java:onNext(254)) - client-D47EFDF0E133->5d71e5de-6d45-4480-a1f1-d41cc2d38630: receive RaftClientReply:client-D47EFDF0E133->5d71e5de-6d45-4480-a1f1-d41cc2d38630@group-C6AEA7A4B82B, cid=1095, SUCCESS, logIndex=1904, commits[5d71e5de-6d45-4480-a1f1-d41cc2d38630:c1906]
2019-06-13 13:50:32,018 INFO  client.GrpcClientProtocolClient (GrpcClientProtocolClient.java:onNext(254)) - client-D47EFDF0E133->5d71e5de-6d45-4480-a1f1-d41cc2d38630: receive RaftClientReply:client-D47EFDF0E133->5d71e5de-6d45-4480-a1f1-d41cc2d38630@group-C6AEA7A4B82B, cid=1096, SUCCESS, logIndex=1906, commits[5d71e5de-6d45-4480-a1f1-d41cc2d38630:c1906]
2019-06-13 13:50:32,028 INFO  client.GrpcClientProtocolClient (GrpcClientProtocolClient.java:onNext(254)) - client-D47EFDF0E133->5d71e5de-6d45-4480-a1f1-d41cc2d38630: receive RaftClientReply:client-D47EFDF0E133->5d71e5de-6d45-4480-a1f1-d41cc2d38630@group-C6AEA7A4B82B, cid=1097, SUCCESS, logIndex=1908, commits[5d71e5de-6d45-4480-a1f1-d41cc2d38630:c1908]
2019-06-13 13:50:32,030 INFO  client.GrpcClientProtocolClient (GrpcClientProtocolClient.java:onNext(254)) - client-D47EFDF0E133->5d71e5de-6d45-4480-a1f1-d41cc2d38630: receive RaftClientReply:client-D47EFDF0E133->5d71e5de-6d45-4480-a1f1-d41cc2d38630@group-C6AEA7A4B82B, cid=1098, SUCCESS, logIndex=1910, commits[5d71e5de-6d45-4480-a1f1-d41cc2d38630:c1910]
2019-06-13 13:50:32,031 INFO  client.GrpcClientProtocolClient (GrpcClientProtocolClient.java:onNext(254)) - client-D47EFDF0E133->5d71e5de-6d45-4480-a1f1-d41cc2d38630: receive RaftClientReply:client-D47EFDF0E133->5d71e5de-6d45-4480-a1f1-d41cc2d38630@group-C6AEA7A4B82B, cid=1099, SUCCESS, logIndex=1911, commits[5d71e5de-6d45-4480-a1f1-d41cc2d38630:c1913]
2019-06-13 13:50:32,032 INFO  client.GrpcClientProtocolClient (GrpcClientProtocolClient.java:onNext(254)) - client-D47EFDF0E133->5d71e5de-6d45-4480-a1f1-d41cc2d38630: receive RaftClientReply:client-D47EFDF0E133->5d71e5de-6d45-4480-a1f1-d41cc2d38630@group-C6AEA7A4B82B, cid=1100, SUCCESS, logIndex=1912, commits[5d71e5de-6d45-4480-a1f1-d41cc2d38630:c1913]
2019-06-13 13:50:32,039 INFO  client.GrpcClientProtocolClient (GrpcClientProtocolClient.java:onNext(254)) - client-D47EFDF0E133->5d71e5de-6d45-4480-a1f1-d41cc2d38630: receive RaftClientReply:client-D47EFDF0E133->5d71e5de-6d45-4480-a1f1-d41cc2d38630@group-C6AEA7A4B82B, cid=1101, SUCCESS, logIndex=1914, commits[5d71e5de-6d45-4480-a1f1-d41cc2d38630:c1914]
2019-06-13 13:50:32,041 INFO  client.GrpcClientProtocolClient (GrpcClientProtocolClient.java:onNext(254)) - client-D47EFDF0E133->5d71e5de-6d45-4480-a1f1-d41cc2d38630: receive RaftClientReply:client-D47EFDF0E133->5d71e5de-6d45-4480-a1f1-d41cc2d38630@group-C6AEA7A4B82B, cid=1102, SUCCESS, logIndex=1916, commits[5d71e5de-6d45-4480-a1f1-d41cc2d38630:c1916]
2019-06-13 13:50:32,042 INFO  client.GrpcClientProtocolClient (GrpcClientProtocolClient.java:onNext(254)) - client-D47EFDF0E133->5d71e5de-6d45-4480-a1f1-d41cc2d38630: receive RaftClientReply:client-D47EFDF0E133->5d71e5de-6d45-4480-a1f1-d41cc2d38630@group-C6AEA7A4B82B, cid=1103, SUCCESS, logIndex=1917, commits[5d71e5de-6d45-4480-a1f1-d41cc2d38630:c1918]
2019-06-13 13:50:32,042 INFO  client.GrpcClientProtocolClient (GrpcClientProtocolClient.java:onNext(254)) - client-D47EFDF0E133->5d71e5de-6d45-4480-a1f1-d41cc2d38630: receive RaftClientReply:client-D47EFDF0E133->5d71e5de-6d45-4480-a1f1-d41cc2d38630@group-C6AEA7A4B82B, cid=1104, SUCCESS, logIndex=1918, commits[5d71e5de-6d45-4480-a1f1-d41cc2d38630:c1919]
2019-06-13 13:50:32,096 DEBUG block.SCMBlockDeletingService (SCMBlockDeletingService.java:call(138)) - Running DeletedBlockTransactionScanner
2019-06-13 13:50:32,097 DEBUG block.SCMBlockDeletingService (SCMBlockDeletingService.java:call(155)) - Scanned deleted blocks log and got 0 delTX to process.
2019-06-13 13:50:32,119 INFO  client.GrpcClientProtocolClient (GrpcClientProtocolClient.java:onNext(254)) - client-D47EFDF0E133->5d71e5de-6d45-4480-a1f1-d41cc2d38630: receive RaftClientReply:client-D47EFDF0E133->5d71e5de-6d45-4480-a1f1-d41cc2d38630@group-C6AEA7A4B82B, cid=1105, SUCCESS, logIndex=1921, commits[5d71e5de-6d45-4480-a1f1-d41cc2d38630:c1921]
2019-06-13 13:50:32,121 INFO  client.GrpcClientProtocolClient (GrpcClientProtocolClient.java:onNext(254)) - client-D47EFDF0E133->5d71e5de-6d45-4480-a1f1-d41cc2d38630: receive RaftClientReply:client-D47EFDF0E133->5d71e5de-6d45-4480-a1f1-d41cc2d38630@group-C6AEA7A4B82B, cid=1106, SUCCESS, logIndex=1923, commits[5d71e5de-6d45-4480-a1f1-d41cc2d38630:c1923]
2019-06-13 13:50:32,122 INFO  client.GrpcClientProtocolClient (GrpcClientProtocolClient.java:onNext(254)) - client-D47EFDF0E133->5d71e5de-6d45-4480-a1f1-d41cc2d38630: receive RaftClientReply:client-D47EFDF0E133->5d71e5de-6d45-4480-a1f1-d41cc2d38630@group-C6AEA7A4B82B, cid=1107, SUCCESS, logIndex=1924, commits[5d71e5de-6d45-4480-a1f1-d41cc2d38630:c1926]
2019-06-13 13:50:32,122 INFO  client.GrpcClientProtocolClient (GrpcClientProtocolClient.java:onNext(254)) - client-D47EFDF0E133->5d71e5de-6d45-4480-a1f1-d41cc2d38630: receive RaftClientReply:client-D47EFDF0E133->5d71e5de-6d45-4480-a1f1-d41cc2d38630@group-C6AEA7A4B82B, cid=1108, SUCCESS, logIndex=1926, commits[5d71e5de-6d45-4480-a1f1-d41cc2d38630:c1926]
2019-06-13 13:50:32,128 INFO  client.GrpcClientProtocolClient (GrpcClientProtocolClient.java:onNext(254)) - client-D47EFDF0E133->5d71e5de-6d45-4480-a1f1-d41cc2d38630: receive RaftClientReply:client-D47EFDF0E133->5d71e5de-6d45-4480-a1f1-d41cc2d38630@group-C6AEA7A4B82B, cid=1109, SUCCESS, logIndex=1928, commits[5d71e5de-6d45-4480-a1f1-d41cc2d38630:c1928]
2019-06-13 13:50:32,128 INFO  storage.RaftLogWorker (RaftLogWorker.java:rollLogSegment(303)) - 5d71e5de-6d45-4480-a1f1-d41cc2d38630-RaftLogWorker: Rolling segment log-1863_1931 to index:1931
2019-06-13 13:50:32,129 INFO  storage.RaftLogWorker (RaftLogWorker.java:execute(433)) - 5d71e5de-6d45-4480-a1f1-d41cc2d38630-RaftLogWorker: Rolled log segment from /opt/src/hadoop-ozone/integration-test/target/test-dir/MiniOzoneClusterImpl-c05bfa39-b333-4767-bc96-5a78f3430938/datanode-0/data/ratis/3aee30eb-3db1-472a-b851-c6aea7a4b82b/current/log_inprogress_1863 to /opt/src/hadoop-ozone/integration-test/target/test-dir/MiniOzoneClusterImpl-c05bfa39-b333-4767-bc96-5a78f3430938/datanode-0/data/ratis/3aee30eb-3db1-472a-b851-c6aea7a4b82b/current/log_1863-1931
2019-06-13 13:50:32,130 INFO  client.GrpcClientProtocolClient (GrpcClientProtocolClient.java:onNext(254)) - client-D47EFDF0E133->5d71e5de-6d45-4480-a1f1-d41cc2d38630: receive RaftClientReply:client-D47EFDF0E133->5d71e5de-6d45-4480-a1f1-d41cc2d38630@group-C6AEA7A4B82B, cid=1110, SUCCESS, logIndex=1930, commits[5d71e5de-6d45-4480-a1f1-d41cc2d38630:c1930]
2019-06-13 13:50:32,134 INFO  client.GrpcClientProtocolClient (GrpcClientProtocolClient.java:onNext(254)) - client-D47EFDF0E133->5d71e5de-6d45-4480-a1f1-d41cc2d38630: receive RaftClientReply:client-D47EFDF0E133->5d71e5de-6d45-4480-a1f1-d41cc2d38630@group-C6AEA7A4B82B, cid=1111, SUCCESS, logIndex=1931, commits[5d71e5de-6d45-4480-a1f1-d41cc2d38630:c1931]
2019-06-13 13:50:32,165 INFO  storage.RaftLogWorker (RaftLogWorker.java:execute(469)) - 5d71e5de-6d45-4480-a1f1-d41cc2d38630-RaftLogWorker: created new log segment /opt/src/hadoop-ozone/integration-test/target/test-dir/MiniOzoneClusterImpl-c05bfa39-b333-4767-bc96-5a78f3430938/datanode-0/data/ratis/3aee30eb-3db1-472a-b851-c6aea7a4b82b/current/log_inprogress_1932
2019-06-13 13:50:32,167 INFO  client.GrpcClientProtocolClient (GrpcClientProtocolClient.java:onNext(254)) - client-D47EFDF0E133->5d71e5de-6d45-4480-a1f1-d41cc2d38630: receive RaftClientReply:client-D47EFDF0E133->5d71e5de-6d45-4480-a1f1-d41cc2d38630@group-C6AEA7A4B82B, cid=1112, SUCCESS, logIndex=1932, commits[5d71e5de-6d45-4480-a1f1-d41cc2d38630:c1934]
2019-06-13 13:50:32,180 INFO  client.GrpcClientProtocolClient (GrpcClientProtocolClient.java:onNext(254)) - client-D47EFDF0E133->5d71e5de-6d45-4480-a1f1-d41cc2d38630: receive RaftClientReply:client-D47EFDF0E133->5d71e5de-6d45-4480-a1f1-d41cc2d38630@group-C6AEA7A4B82B, cid=1113, SUCCESS, logIndex=1935, commits[5d71e5de-6d45-4480-a1f1-d41cc2d38630:c1935]
2019-06-13 13:50:32,182 INFO  client.GrpcClientProtocolClient (GrpcClientProtocolClient.java:onNext(254)) - client-D47EFDF0E133->5d71e5de-6d45-4480-a1f1-d41cc2d38630: receive RaftClientReply:client-D47EFDF0E133->5d71e5de-6d45-4480-a1f1-d41cc2d38630@group-C6AEA7A4B82B, cid=1114, SUCCESS, logIndex=1937, commits[5d71e5de-6d45-4480-a1f1-d41cc2d38630:c1937]
2019-06-13 13:50:32,182 INFO  client.GrpcClientProtocolClient (GrpcClientProtocolClient.java:onNext(254)) - client-D47EFDF0E133->5d71e5de-6d45-4480-a1f1-d41cc2d38630: receive RaftClientReply:client-D47EFDF0E133->5d71e5de-6d45-4480-a1f1-d41cc2d38630@group-C6AEA7A4B82B, cid=1115, SUCCESS, logIndex=1938, commits[5d71e5de-6d45-4480-a1f1-d41cc2d38630:c1940]
2019-06-13 13:50:32,183 INFO  client.GrpcClientProtocolClient (GrpcClientProtocolClient.java:onNext(254)) - client-D47EFDF0E133->5d71e5de-6d45-4480-a1f1-d41cc2d38630: receive RaftClientReply:client-D47EFDF0E133->5d71e5de-6d45-4480-a1f1-d41cc2d38630@group-C6AEA7A4B82B, cid=1116, SUCCESS, logIndex=1940, commits[5d71e5de-6d45-4480-a1f1-d41cc2d38630:c1940]
2019-06-13 13:50:32,188 INFO  client.GrpcClientProtocolClient (GrpcClientProtocolClient.java:onNext(254)) - client-D47EFDF0E133->5d71e5de-6d45-4480-a1f1-d41cc2d38630: receive RaftClientReply:client-D47EFDF0E133->5d71e5de-6d45-4480-a1f1-d41cc2d38630@group-C6AEA7A4B82B, cid=1117, SUCCESS, logIndex=1942, commits[5d71e5de-6d45-4480-a1f1-d41cc2d38630:c1942]
2019-06-13 13:50:32,190 INFO  client.GrpcClientProtocolClient (GrpcClientProtocolClient.java:onNext(254)) - client-D47EFDF0E133->5d71e5de-6d45-4480-a1f1-d41cc2d38630: receive RaftClientReply:client-D47EFDF0E133->5d71e5de-6d45-4480-a1f1-d41cc2d38630@group-C6AEA7A4B82B, cid=1118, SUCCESS, logIndex=1944, commits[5d71e5de-6d45-4480-a1f1-d41cc2d38630:c1944]
2019-06-13 13:50:32,191 INFO  client.GrpcClientProtocolClient (GrpcClientProtocolClient.java:onNext(254)) - client-D47EFDF0E133->5d71e5de-6d45-4480-a1f1-d41cc2d38630: receive RaftClientReply:client-D47EFDF0E133->5d71e5de-6d45-4480-a1f1-d41cc2d38630@group-C6AEA7A4B82B, cid=1119, SUCCESS, logIndex=1945, commits[5d71e5de-6d45-4480-a1f1-d41cc2d38630:c1947]
2019-06-13 13:50:32,191 INFO  client.GrpcClientProtocolClient (GrpcClientProtocolClient.java:onNext(254)) - client-D47EFDF0E133->5d71e5de-6d45-4480-a1f1-d41cc2d38630: receive RaftClientReply:client-D47EFDF0E133->5d71e5de-6d45-4480-a1f1-d41cc2d38630@group-C6AEA7A4B82B, cid=1120, SUCCESS, logIndex=1946, commits[5d71e5de-6d45-4480-a1f1-d41cc2d38630:c1947]
2019-06-13 13:50:32,197 DEBUG block.SCMBlockDeletingService (SCMBlockDeletingService.java:call(138)) - Running DeletedBlockTransactionScanner
2019-06-13 13:50:32,197 DEBUG block.SCMBlockDeletingService (SCMBlockDeletingService.java:call(155)) - Scanned deleted blocks log and got 0 delTX to process.
2019-06-13 13:50:32,200 INFO  client.GrpcClientProtocolClient (GrpcClientProtocolClient.java:onNext(254)) - client-D47EFDF0E133->5d71e5de-6d45-4480-a1f1-d41cc2d38630: receive RaftClientReply:client-D47EFDF0E133->5d71e5de-6d45-4480-a1f1-d41cc2d38630@group-C6AEA7A4B82B, cid=1121, SUCCESS, logIndex=1948, commits[5d71e5de-6d45-4480-a1f1-d41cc2d38630:c1948]
2019-06-13 13:50:32,202 INFO  client.GrpcClientProtocolClient (GrpcClientProtocolClient.java:onNext(254)) - client-D47EFDF0E133->5d71e5de-6d45-4480-a1f1-d41cc2d38630: receive RaftClientReply:client-D47EFDF0E133->5d71e5de-6d45-4480-a1f1-d41cc2d38630@group-C6AEA7A4B82B, cid=1122, SUCCESS, logIndex=1950, commits[5d71e5de-6d45-4480-a1f1-d41cc2d38630:c1950]
2019-06-13 13:50:32,203 INFO  client.GrpcClientProtocolClient (GrpcClientProtocolClient.java:onNext(254)) - client-D47EFDF0E133->5d71e5de-6d45-4480-a1f1-d41cc2d38630: receive RaftClientReply:client-D47EFDF0E133->5d71e5de-6d45-4480-a1f1-d41cc2d38630@group-C6AEA7A4B82B, cid=1123, SUCCESS, logIndex=1951, commits[5d71e5de-6d45-4480-a1f1-d41cc2d38630:c1953]
2019-06-13 13:50:32,203 INFO  client.GrpcClientProtocolClient (GrpcClientProtocolClient.java:onNext(254)) - client-D47EFDF0E133->5d71e5de-6d45-4480-a1f1-d41cc2d38630: receive RaftClientReply:client-D47EFDF0E133->5d71e5de-6d45-4480-a1f1-d41cc2d38630@group-C6AEA7A4B82B, cid=1124, SUCCESS, logIndex=1953, commits[5d71e5de-6d45-4480-a1f1-d41cc2d38630:c1953]
2019-06-13 13:50:32,210 INFO  client.GrpcClientProtocolClient (GrpcClientProtocolClient.java:onNext(254)) - client-D47EFDF0E133->5d71e5de-6d45-4480-a1f1-d41cc2d38630: receive RaftClientReply:client-D47EFDF0E133->5d71e5de-6d45-4480-a1f1-d41cc2d38630@group-C6AEA7A4B82B, cid=1125, SUCCESS, logIndex=1955, commits[5d71e5de-6d45-4480-a1f1-d41cc2d38630:c1955]
2019-06-13 13:50:32,211 INFO  client.GrpcClientProtocolClient (GrpcClientProtocolClient.java:onNext(254)) - client-D47EFDF0E133->5d71e5de-6d45-4480-a1f1-d41cc2d38630: receive RaftClientReply:client-D47EFDF0E133->5d71e5de-6d45-4480-a1f1-d41cc2d38630@group-C6AEA7A4B82B, cid=1126, SUCCESS, logIndex=1957, commits[5d71e5de-6d45-4480-a1f1-d41cc2d38630:c1958]
2019-06-13 13:50:32,214 INFO  client.GrpcClientProtocolClient (GrpcClientProtocolClient.java:onNext(254)) - client-D47EFDF0E133->5d71e5de-6d45-4480-a1f1-d41cc2d38630: receive RaftClientReply:client-D47EFDF0E133->5d71e5de-6d45-4480-a1f1-d41cc2d38630@group-C6AEA7A4B82B, cid=1127, SUCCESS, logIndex=1959, commits[5d71e5de-6d45-4480-a1f1-d41cc2d38630:c1960]
2019-06-13 13:50:32,214 INFO  client.GrpcClientProtocolClient (GrpcClientProtocolClient.java:onNext(254)) - client-D47EFDF0E133->5d71e5de-6d45-4480-a1f1-d41cc2d38630: receive RaftClientReply:client-D47EFDF0E133->5d71e5de-6d45-4480-a1f1-d41cc2d38630@group-C6AEA7A4B82B, cid=1128, SUCCESS, logIndex=1960, commits[5d71e5de-6d45-4480-a1f1-d41cc2d38630:c1960]
2019-06-13 13:50:32,223 INFO  client.GrpcClientProtocolClient (GrpcClientProtocolClient.java:onNext(254)) - client-D47EFDF0E133->5d71e5de-6d45-4480-a1f1-d41cc2d38630: receive RaftClientReply:client-D47EFDF0E133->5d71e5de-6d45-4480-a1f1-d41cc2d38630@group-C6AEA7A4B82B, cid=1129, SUCCESS, logIndex=1962, commits[5d71e5de-6d45-4480-a1f1-d41cc2d38630:c1962]
2019-06-13 13:50:32,226 INFO  client.GrpcClientProtocolClient (GrpcClientProtocolClient.java:onNext(254)) - client-D47EFDF0E133->5d71e5de-6d45-4480-a1f1-d41cc2d38630: receive RaftClientReply:client-D47EFDF0E133->5d71e5de-6d45-4480-a1f1-d41cc2d38630@group-C6AEA7A4B82B, cid=1130, SUCCESS, logIndex=1964, commits[5d71e5de-6d45-4480-a1f1-d41cc2d38630:c1966]
2019-06-13 13:50:32,226 INFO  client.GrpcClientProtocolClient (GrpcClientProtocolClient.java:onNext(254)) - client-D47EFDF0E133->5d71e5de-6d45-4480-a1f1-d41cc2d38630: receive RaftClientReply:client-D47EFDF0E133->5d71e5de-6d45-4480-a1f1-d41cc2d38630@group-C6AEA7A4B82B, cid=1131, SUCCESS, logIndex=1965, commits[5d71e5de-6d45-4480-a1f1-d41cc2d38630:c1967]
2019-06-13 13:50:32,227 INFO  client.GrpcClientProtocolClient (GrpcClientProtocolClient.java:onNext(254)) - client-D47EFDF0E133->5d71e5de-6d45-4480-a1f1-d41cc2d38630: receive RaftClientReply:client-D47EFDF0E133->5d71e5de-6d45-4480-a1f1-d41cc2d38630@group-C6AEA7A4B82B, cid=1132, SUCCESS, logIndex=1966, commits[5d71e5de-6d45-4480-a1f1-d41cc2d38630:c1967]
2019-06-13 13:50:32,232 INFO  client.GrpcClientProtocolClient (GrpcClientProtocolClient.java:onNext(254)) - client-D47EFDF0E133->5d71e5de-6d45-4480-a1f1-d41cc2d38630: receive RaftClientReply:client-D47EFDF0E133->5d71e5de-6d45-4480-a1f1-d41cc2d38630@group-C6AEA7A4B82B, cid=1133, SUCCESS, logIndex=1968, commits[5d71e5de-6d45-4480-a1f1-d41cc2d38630:c1968]
2019-06-13 13:50:32,234 INFO  client.GrpcClientProtocolClient (GrpcClientProtocolClient.java:onNext(254)) - client-D47EFDF0E133->5d71e5de-6d45-4480-a1f1-d41cc2d38630: receive RaftClientReply:client-D47EFDF0E133->5d71e5de-6d45-4480-a1f1-d41cc2d38630@group-C6AEA7A4B82B, cid=1134, SUCCESS, logIndex=1970, commits[5d71e5de-6d45-4480-a1f1-d41cc2d38630:c1970]
2019-06-13 13:50:32,235 INFO  client.GrpcClientProtocolClient (GrpcClientProtocolClient.java:onNext(254)) - client-D47EFDF0E133->5d71e5de-6d45-4480-a1f1-d41cc2d38630: receive RaftClientReply:client-D47EFDF0E133->5d71e5de-6d45-4480-a1f1-d41cc2d38630@group-C6AEA7A4B82B, cid=1135, SUCCESS, logIndex=1971, commits[5d71e5de-6d45-4480-a1f1-d41cc2d38630:c1972]
2019-06-13 13:50:32,235 INFO  client.GrpcClientProtocolClient (GrpcClientProtocolClient.java:onNext(254)) - client-D47EFDF0E133->5d71e5de-6d45-4480-a1f1-d41cc2d38630: receive RaftClientReply:client-D47EFDF0E133->5d71e5de-6d45-4480-a1f1-d41cc2d38630@group-C6AEA7A4B82B, cid=1136, SUCCESS, logIndex=1972, commits[5d71e5de-6d45-4480-a1f1-d41cc2d38630:c1973]
2019-06-13 13:50:32,245 INFO  client.GrpcClientProtocolClient (GrpcClientProtocolClient.java:onNext(254)) - client-D47EFDF0E133->5d71e5de-6d45-4480-a1f1-d41cc2d38630: receive RaftClientReply:client-D47EFDF0E133->5d71e5de-6d45-4480-a1f1-d41cc2d38630@group-C6AEA7A4B82B, cid=1137, SUCCESS, logIndex=1975, commits[5d71e5de-6d45-4480-a1f1-d41cc2d38630:c1975]
2019-06-13 13:50:32,246 INFO  client.GrpcClientProtocolClient (GrpcClientProtocolClient.java:onNext(254)) - client-D47EFDF0E133->5d71e5de-6d45-4480-a1f1-d41cc2d38630: receive RaftClientReply:client-D47EFDF0E133->5d71e5de-6d45-4480-a1f1-d41cc2d38630@group-C6AEA7A4B82B, cid=1138, SUCCESS, logIndex=1977, commits[5d71e5de-6d45-4480-a1f1-d41cc2d38630:c1977]
2019-06-13 13:50:32,247 INFO  client.GrpcClientProtocolClient (GrpcClientProtocolClient.java:onNext(254)) - client-D47EFDF0E133->5d71e5de-6d45-4480-a1f1-d41cc2d38630: receive RaftClientReply:client-D47EFDF0E133->5d71e5de-6d45-4480-a1f1-d41cc2d38630@group-C6AEA7A4B82B, cid=1139, SUCCESS, logIndex=1978, commits[5d71e5de-6d45-4480-a1f1-d41cc2d38630:c1980]
2019-06-13 13:50:32,248 INFO  client.GrpcClientProtocolClient (GrpcClientProtocolClient.java:onNext(254)) - client-D47EFDF0E133->5d71e5de-6d45-4480-a1f1-d41cc2d38630: receive RaftClientReply:client-D47EFDF0E133->5d71e5de-6d45-4480-a1f1-d41cc2d38630@group-C6AEA7A4B82B, cid=1140, SUCCESS, logIndex=1979, commits[5d71e5de-6d45-4480-a1f1-d41cc2d38630:c1980]
2019-06-13 13:50:32,253 INFO  client.GrpcClientProtocolClient (GrpcClientProtocolClient.java:onNext(254)) - client-D47EFDF0E133->5d71e5de-6d45-4480-a1f1-d41cc2d38630: receive RaftClientReply:client-D47EFDF0E133->5d71e5de-6d45-4480-a1f1-d41cc2d38630@group-C6AEA7A4B82B, cid=1141, SUCCESS, logIndex=1981, commits[5d71e5de-6d45-4480-a1f1-d41cc2d38630:c1981]
2019-06-13 13:50:32,255 INFO  client.GrpcClientProtocolClient (GrpcClientProtocolClient.java:onNext(254)) - client-D47EFDF0E133->5d71e5de-6d45-4480-a1f1-d41cc2d38630: receive RaftClientReply:client-D47EFDF0E133->5d71e5de-6d45-4480-a1f1-d41cc2d38630@group-C6AEA7A4B82B, cid=1142, SUCCESS, logIndex=1983, commits[5d71e5de-6d45-4480-a1f1-d41cc2d38630:c1983]
2019-06-13 13:50:32,256 INFO  client.GrpcClientProtocolClient (GrpcClientProtocolClient.java:onNext(254)) - client-D47EFDF0E133->5d71e5de-6d45-4480-a1f1-d41cc2d38630: receive RaftClientReply:client-D47EFDF0E133->5d71e5de-6d45-4480-a1f1-d41cc2d38630@group-C6AEA7A4B82B, cid=1143, SUCCESS, logIndex=1984, commits[5d71e5de-6d45-4480-a1f1-d41cc2d38630:c1986]
2019-06-13 13:50:32,256 INFO  client.GrpcClientProtocolClient (GrpcClientProtocolClient.java:onNext(254)) - client-D47EFDF0E133->5d71e5de-6d45-4480-a1f1-d41cc2d38630: receive RaftClientReply:client-D47EFDF0E133->5d71e5de-6d45-4480-a1f1-d41cc2d38630@group-C6AEA7A4B82B, cid=1144, SUCCESS, logIndex=1986, commits[5d71e5de-6d45-4480-a1f1-d41cc2d38630:c1986]
2019-06-13 13:50:32,266 INFO  client.GrpcClientProtocolClient (GrpcClientProtocolClient.java:onNext(254)) - client-D47EFDF0E133->5d71e5de-6d45-4480-a1f1-d41cc2d38630: receive RaftClientReply:client-D47EFDF0E133->5d71e5de-6d45-4480-a1f1-d41cc2d38630@group-C6AEA7A4B82B, cid=1145, SUCCESS, logIndex=1988, commits[5d71e5de-6d45-4480-a1f1-d41cc2d38630:c1988]
2019-06-13 13:50:32,268 INFO  client.GrpcClientProtocolClient (GrpcClientProtocolClient.java:onNext(254)) - client-D47EFDF0E133->5d71e5de-6d45-4480-a1f1-d41cc2d38630: receive RaftClientReply:client-D47EFDF0E133->5d71e5de-6d45-4480-a1f1-d41cc2d38630@group-C6AEA7A4B82B, cid=1146, SUCCESS, logIndex=1990, commits[5d71e5de-6d45-4480-a1f1-d41cc2d38630:c1990]
2019-06-13 13:50:32,268 INFO  client.GrpcClientProtocolClient (GrpcClientProtocolClient.java:onNext(254)) - client-D47EFDF0E133->5d71e5de-6d45-4480-a1f1-d41cc2d38630: receive RaftClientReply:client-D47EFDF0E133->5d71e5de-6d45-4480-a1f1-d41cc2d38630@group-C6AEA7A4B82B, cid=1147, SUCCESS, logIndex=1991, commits[5d71e5de-6d45-4480-a1f1-d41cc2d38630:c1993]
2019-06-13 13:50:32,269 INFO  client.GrpcClientProtocolClient (GrpcClientProtocolClient.java:onNext(254)) - client-D47EFDF0E133->5d71e5de-6d45-4480-a1f1-d41cc2d38630: receive RaftClientReply:client-D47EFDF0E133->5d71e5de-6d45-4480-a1f1-d41cc2d38630@group-C6AEA7A4B82B, cid=1148, SUCCESS, logIndex=1993, commits[5d71e5de-6d45-4480-a1f1-d41cc2d38630:c1994]
2019-06-13 13:50:32,306 DEBUG block.SCMBlockDeletingService (SCMBlockDeletingService.java:call(138)) - Running DeletedBlockTransactionScanner
2019-06-13 13:50:32,306 DEBUG block.SCMBlockDeletingService (SCMBlockDeletingService.java:call(155)) - Scanned deleted blocks log and got 0 delTX to process.
2019-06-13 13:50:32,386 INFO  client.GrpcClientProtocolClient (GrpcClientProtocolClient.java:onNext(254)) - client-D47EFDF0E133->5d71e5de-6d45-4480-a1f1-d41cc2d38630: receive RaftClientReply:client-D47EFDF0E133->5d71e5de-6d45-4480-a1f1-d41cc2d38630@group-C6AEA7A4B82B, cid=1149, SUCCESS, logIndex=1995, commits[5d71e5de-6d45-4480-a1f1-d41cc2d38630:c1995]
2019-06-13 13:50:32,390 INFO  client.GrpcClientProtocolClient (GrpcClientProtocolClient.java:onNext(254)) - client-D47EFDF0E133->5d71e5de-6d45-4480-a1f1-d41cc2d38630: receive RaftClientReply:client-D47EFDF0E133->5d71e5de-6d45-4480-a1f1-d41cc2d38630@group-C6AEA7A4B82B, cid=1150, SUCCESS, logIndex=1997, commits[5d71e5de-6d45-4480-a1f1-d41cc2d38630:c1997]
2019-06-13 13:50:32,391 INFO  client.GrpcClientProtocolClient (GrpcClientProtocolClient.java:onNext(254)) - client-D47EFDF0E133->5d71e5de-6d45-4480-a1f1-d41cc2d38630: receive RaftClientReply:client-D47EFDF0E133->5d71e5de-6d45-4480-a1f1-d41cc2d38630@group-C6AEA7A4B82B, cid=1151, SUCCESS, logIndex=1998, commits[5d71e5de-6d45-4480-a1f1-d41cc2d38630:c2000]
2019-06-13 13:50:32,391 INFO  client.GrpcClientProtocolClient (GrpcClientProtocolClient.java:onNext(254)) - client-D47EFDF0E133->5d71e5de-6d45-4480-a1f1-d41cc2d38630: receive RaftClientReply:client-D47EFDF0E133->5d71e5de-6d45-4480-a1f1-d41cc2d38630@group-C6AEA7A4B82B, cid=1152, SUCCESS, logIndex=1999, commits[5d71e5de-6d45-4480-a1f1-d41cc2d38630:c2000]
2019-06-13 13:50:32,406 DEBUG block.SCMBlockDeletingService (SCMBlockDeletingService.java:call(138)) - Running DeletedBlockTransactionScanner
2019-06-13 13:50:32,406 DEBUG block.SCMBlockDeletingService (SCMBlockDeletingService.java:call(155)) - Scanned deleted blocks log and got 0 delTX to process.
2019-06-13 13:50:32,407 INFO  client.GrpcClientProtocolClient (GrpcClientProtocolClient.java:onNext(254)) - client-D47EFDF0E133->5d71e5de-6d45-4480-a1f1-d41cc2d38630: receive RaftClientReply:client-D47EFDF0E133->5d71e5de-6d45-4480-a1f1-d41cc2d38630@group-C6AEA7A4B82B, cid=1153, SUCCESS, logIndex=2001, commits[5d71e5de-6d45-4480-a1f1-d41cc2d38630:c2001]
2019-06-13 13:50:32,407 INFO  storage.RaftLogWorker (RaftLogWorker.java:rollLogSegment(303)) - 5d71e5de-6d45-4480-a1f1-d41cc2d38630-RaftLogWorker: Rolling segment log-1932_2003 to index:2003
2019-06-13 13:50:32,408 INFO  storage.RaftLogWorker (RaftLogWorker.java:execute(433)) - 5d71e5de-6d45-4480-a1f1-d41cc2d38630-RaftLogWorker: Rolled log segment from /opt/src/hadoop-ozone/integration-test/target/test-dir/MiniOzoneClusterImpl-c05bfa39-b333-4767-bc96-5a78f3430938/datanode-0/data/ratis/3aee30eb-3db1-472a-b851-c6aea7a4b82b/current/log_inprogress_1932 to /opt/src/hadoop-ozone/integration-test/target/test-dir/MiniOzoneClusterImpl-c05bfa39-b333-4767-bc96-5a78f3430938/datanode-0/data/ratis/3aee30eb-3db1-472a-b851-c6aea7a4b82b/current/log_1932-2003
2019-06-13 13:50:32,418 INFO  client.GrpcClientProtocolClient (GrpcClientProtocolClient.java:onNext(254)) - client-D47EFDF0E133->5d71e5de-6d45-4480-a1f1-d41cc2d38630: receive RaftClientReply:client-D47EFDF0E133->5d71e5de-6d45-4480-a1f1-d41cc2d38630@group-C6AEA7A4B82B, cid=1154, SUCCESS, logIndex=2003, commits[5d71e5de-6d45-4480-a1f1-d41cc2d38630:c2003]
2019-06-13 13:50:32,445 INFO  storage.RaftLogWorker (RaftLogWorker.java:execute(469)) - 5d71e5de-6d45-4480-a1f1-d41cc2d38630-RaftLogWorker: created new log segment /opt/src/hadoop-ozone/integration-test/target/test-dir/MiniOzoneClusterImpl-c05bfa39-b333-4767-bc96-5a78f3430938/datanode-0/data/ratis/3aee30eb-3db1-472a-b851-c6aea7a4b82b/current/log_inprogress_2004
2019-06-13 13:50:32,449 INFO  client.GrpcClientProtocolClient (GrpcClientProtocolClient.java:onNext(254)) - client-D47EFDF0E133->5d71e5de-6d45-4480-a1f1-d41cc2d38630: receive RaftClientReply:client-D47EFDF0E133->5d71e5de-6d45-4480-a1f1-d41cc2d38630@group-C6AEA7A4B82B, cid=1155, SUCCESS, logIndex=2004, commits[5d71e5de-6d45-4480-a1f1-d41cc2d38630:c2006]
2019-06-13 13:50:32,449 INFO  client.GrpcClientProtocolClient (GrpcClientProtocolClient.java:onNext(254)) - client-D47EFDF0E133->5d71e5de-6d45-4480-a1f1-d41cc2d38630: receive RaftClientReply:client-D47EFDF0E133->5d71e5de-6d45-4480-a1f1-d41cc2d38630@group-C6AEA7A4B82B, cid=1156, SUCCESS, logIndex=2005, commits[5d71e5de-6d45-4480-a1f1-d41cc2d38630:c2006]
2019-06-13 13:50:32,466 INFO  client.GrpcClientProtocolClient (GrpcClientProtocolClient.java:onNext(254)) - client-D47EFDF0E133->5d71e5de-6d45-4480-a1f1-d41cc2d38630: receive RaftClientReply:client-D47EFDF0E133->5d71e5de-6d45-4480-a1f1-d41cc2d38630@group-C6AEA7A4B82B, cid=1157, SUCCESS, logIndex=2007, commits[5d71e5de-6d45-4480-a1f1-d41cc2d38630:c2007]
2019-06-13 13:50:32,466 INFO  client.GrpcClientProtocolClient (GrpcClientProtocolClient.java:onNext(254)) - client-D47EFDF0E133->5d71e5de-6d45-4480-a1f1-d41cc2d38630: receive RaftClientReply:client-D47EFDF0E133->5d71e5de-6d45-4480-a1f1-d41cc2d38630@group-C6AEA7A4B82B, cid=1158, SUCCESS, logIndex=2009, commits[5d71e5de-6d45-4480-a1f1-d41cc2d38630:c2009]
2019-06-13 13:50:32,470 INFO  client.GrpcClientProtocolClient (GrpcClientProtocolClient.java:onNext(254)) - client-D47EFDF0E133->5d71e5de-6d45-4480-a1f1-d41cc2d38630: receive RaftClientReply:client-D47EFDF0E133->5d71e5de-6d45-4480-a1f1-d41cc2d38630@group-C6AEA7A4B82B, cid=1159, SUCCESS, logIndex=2011, commits[5d71e5de-6d45-4480-a1f1-d41cc2d38630:c2012]
2019-06-13 13:50:32,472 INFO  client.GrpcClientProtocolClient (GrpcClientProtocolClient.java:onNext(254)) - client-D47EFDF0E133->5d71e5de-6d45-4480-a1f1-d41cc2d38630: receive RaftClientReply:client-D47EFDF0E133->5d71e5de-6d45-4480-a1f1-d41cc2d38630@group-C6AEA7A4B82B, cid=1160, SUCCESS, logIndex=2013, commits[5d71e5de-6d45-4480-a1f1-d41cc2d38630:c2013]
2019-06-13 13:50:32,496 INFO  client.GrpcClientProtocolClient (GrpcClientProtocolClient.java:onNext(254)) - client-D47EFDF0E133->5d71e5de-6d45-4480-a1f1-d41cc2d38630: receive RaftClientReply:client-D47EFDF0E133->5d71e5de-6d45-4480-a1f1-d41cc2d38630@group-C6AEA7A4B82B, cid=1161, SUCCESS, logIndex=2015, commits[5d71e5de-6d45-4480-a1f1-d41cc2d38630:c2015]
2019-06-13 13:50:32,501 INFO  client.GrpcClientProtocolClient (GrpcClientProtocolClient.java:onNext(254)) - client-D47EFDF0E133->5d71e5de-6d45-4480-a1f1-d41cc2d38630: receive RaftClientReply:client-D47EFDF0E133->5d71e5de-6d45-4480-a1f1-d41cc2d38630@group-C6AEA7A4B82B, cid=1162, SUCCESS, logIndex=2017, commits[5d71e5de-6d45-4480-a1f1-d41cc2d38630:c2017]
2019-06-13 13:50:32,503 INFO  client.GrpcClientProtocolClient (GrpcClientProtocolClient.java:onNext(254)) - client-D47EFDF0E133->5d71e5de-6d45-4480-a1f1-d41cc2d38630: receive RaftClientReply:client-D47EFDF0E133->5d71e5de-6d45-4480-a1f1-d41cc2d38630@group-C6AEA7A4B82B, cid=1163, SUCCESS, logIndex=2018, commits[5d71e5de-6d45-4480-a1f1-d41cc2d38630:c2019]
2019-06-13 13:50:32,503 INFO  client.GrpcClientProtocolClient (GrpcClientProtocolClient.java:onNext(254)) - client-D47EFDF0E133->5d71e5de-6d45-4480-a1f1-d41cc2d38630: receive RaftClientReply:client-D47EFDF0E133->5d71e5de-6d45-4480-a1f1-d41cc2d38630@group-C6AEA7A4B82B, cid=1164, SUCCESS, logIndex=2019, commits[5d71e5de-6d45-4480-a1f1-d41cc2d38630:c2021]
2019-06-13 13:50:32,507 DEBUG block.SCMBlockDeletingService (SCMBlockDeletingService.java:call(138)) - Running DeletedBlockTransactionScanner
2019-06-13 13:50:32,507 DEBUG block.SCMBlockDeletingService (SCMBlockDeletingService.java:call(155)) - Scanned deleted blocks log and got 0 delTX to process.
2019-06-13 13:50:32,511 INFO  client.GrpcClientProtocolClient (GrpcClientProtocolClient.java:onNext(254)) - client-D47EFDF0E133->5d71e5de-6d45-4480-a1f1-d41cc2d38630: receive RaftClientReply:client-D47EFDF0E133->5d71e5de-6d45-4480-a1f1-d41cc2d38630@group-C6AEA7A4B82B, cid=1165, SUCCESS, logIndex=2022, commits[5d71e5de-6d45-4480-a1f1-d41cc2d38630:c2023]
2019-06-13 13:50:32,513 INFO  client.GrpcClientProtocolClient (GrpcClientProtocolClient.java:onNext(254)) - client-D47EFDF0E133->5d71e5de-6d45-4480-a1f1-d41cc2d38630: receive RaftClientReply:client-D47EFDF0E133->5d71e5de-6d45-4480-a1f1-d41cc2d38630@group-C6AEA7A4B82B, cid=1166, SUCCESS, logIndex=2024, commits[5d71e5de-6d45-4480-a1f1-d41cc2d38630:c2024]
2019-06-13 13:50:32,514 INFO  client.GrpcClientProtocolClient (GrpcClientProtocolClient.java:onNext(254)) - client-D47EFDF0E133->5d71e5de-6d45-4480-a1f1-d41cc2d38630: receive RaftClientReply:client-D47EFDF0E133->5d71e5de-6d45-4480-a1f1-d41cc2d38630@group-C6AEA7A4B82B, cid=1167, SUCCESS, logIndex=2025, commits[5d71e5de-6d45-4480-a1f1-d41cc2d38630:c2027]
2019-06-13 13:50:32,514 INFO  client.GrpcClientProtocolClient (GrpcClientProtocolClient.java:onNext(254)) - client-D47EFDF0E133->5d71e5de-6d45-4480-a1f1-d41cc2d38630: receive RaftClientReply:client-D47EFDF0E133->5d71e5de-6d45-4480-a1f1-d41cc2d38630@group-C6AEA7A4B82B, cid=1168, SUCCESS, logIndex=2026, commits[5d71e5de-6d45-4480-a1f1-d41cc2d38630:c2027]
2019-06-13 13:50:32,524 INFO  client.GrpcClientProtocolClient (GrpcClientProtocolClient.java:onNext(254)) - client-D47EFDF0E133->5d71e5de-6d45-4480-a1f1-d41cc2d38630: receive RaftClientReply:client-D47EFDF0E133->5d71e5de-6d45-4480-a1f1-d41cc2d38630@group-C6AEA7A4B82B, cid=1169, SUCCESS, logIndex=2028, commits[5d71e5de-6d45-4480-a1f1-d41cc2d38630:c2028]
2019-06-13 13:50:32,526 INFO  client.GrpcClientProtocolClient (GrpcClientProtocolClient.java:onNext(254)) - client-D47EFDF0E133->5d71e5de-6d45-4480-a1f1-d41cc2d38630: receive RaftClientReply:client-D47EFDF0E133->5d71e5de-6d45-4480-a1f1-d41cc2d38630@group-C6AEA7A4B82B, cid=1170, SUCCESS, logIndex=2030, commits[5d71e5de-6d45-4480-a1f1-d41cc2d38630:c2030]
2019-06-13 13:50:32,527 INFO  client.GrpcClientProtocolClient (GrpcClientProtocolClient.java:onNext(254)) - client-D47EFDF0E133->5d71e5de-6d45-4480-a1f1-d41cc2d38630: receive RaftClientReply:client-D47EFDF0E133->5d71e5de-6d45-4480-a1f1-d41cc2d38630@group-C6AEA7A4B82B, cid=1171, SUCCESS, logIndex=2031, commits[5d71e5de-6d45-4480-a1f1-d41cc2d38630:c2033]
2019-06-13 13:50:32,527 INFO  client.GrpcClientProtocolClient (GrpcClientProtocolClient.java:onNext(254)) - client-D47EFDF0E133->5d71e5de-6d45-4480-a1f1-d41cc2d38630: receive RaftClientReply:client-D47EFDF0E133->5d71e5de-6d45-4480-a1f1-d41cc2d38630@group-C6AEA7A4B82B, cid=1172, SUCCESS, logIndex=2032, commits[5d71e5de-6d45-4480-a1f1-d41cc2d38630:c2033]
2019-06-13 13:50:32,533 INFO  client.GrpcClientProtocolClient (GrpcClientProtocolClient.java:onNext(254)) - client-D47EFDF0E133->5d71e5de-6d45-4480-a1f1-d41cc2d38630: receive RaftClientReply:client-D47EFDF0E133->5d71e5de-6d45-4480-a1f1-d41cc2d38630@group-C6AEA7A4B82B, cid=1173, SUCCESS, logIndex=2034, commits[5d71e5de-6d45-4480-a1f1-d41cc2d38630:c2034]
2019-06-13 13:50:32,534 INFO  client.GrpcClientProtocolClient (GrpcClientProtocolClient.java:onNext(254)) - client-D47EFDF0E133->5d71e5de-6d45-4480-a1f1-d41cc2d38630: receive RaftClientReply:client-D47EFDF0E133->5d71e5de-6d45-4480-a1f1-d41cc2d38630@group-C6AEA7A4B82B, cid=1174, SUCCESS, logIndex=2036, commits[5d71e5de-6d45-4480-a1f1-d41cc2d38630:c2036]
2019-06-13 13:50:32,536 INFO  client.GrpcClientProtocolClient (GrpcClientProtocolClient.java:onNext(254)) - client-D47EFDF0E133->5d71e5de-6d45-4480-a1f1-d41cc2d38630: receive RaftClientReply:client-D47EFDF0E133->5d71e5de-6d45-4480-a1f1-d41cc2d38630@group-C6AEA7A4B82B, cid=1175, SUCCESS, logIndex=2037, commits[5d71e5de-6d45-4480-a1f1-d41cc2d38630:c2039]
2019-06-13 13:50:32,536 INFO  client.GrpcClientProtocolClient (GrpcClientProtocolClient.java:onNext(254)) - client-D47EFDF0E133->5d71e5de-6d45-4480-a1f1-d41cc2d38630: receive RaftClientReply:client-D47EFDF0E133->5d71e5de-6d45-4480-a1f1-d41cc2d38630@group-C6AEA7A4B82B, cid=1176, SUCCESS, logIndex=2039, commits[5d71e5de-6d45-4480-a1f1-d41cc2d38630:c2039]
2019-06-13 13:50:32,544 INFO  client.GrpcClientProtocolClient (GrpcClientProtocolClient.java:onNext(254)) - client-D47EFDF0E133->5d71e5de-6d45-4480-a1f1-d41cc2d38630: receive RaftClientReply:client-D47EFDF0E133->5d71e5de-6d45-4480-a1f1-d41cc2d38630@group-C6AEA7A4B82B, cid=1177, SUCCESS, logIndex=2041, commits[5d71e5de-6d45-4480-a1f1-d41cc2d38630:c2041]
2019-06-13 13:50:32,547 INFO  client.GrpcClientProtocolClient (GrpcClientProtocolClient.java:onNext(254)) - client-D47EFDF0E133->5d71e5de-6d45-4480-a1f1-d41cc2d38630: receive RaftClientReply:client-D47EFDF0E133->5d71e5de-6d45-4480-a1f1-d41cc2d38630@group-C6AEA7A4B82B, cid=1178, SUCCESS, logIndex=2043, commits[5d71e5de-6d45-4480-a1f1-d41cc2d38630:c2043]
2019-06-13 13:50:32,549 INFO  client.GrpcClientProtocolClient (GrpcClientProtocolClient.java:onNext(254)) - client-D47EFDF0E133->5d71e5de-6d45-4480-a1f1-d41cc2d38630: receive RaftClientReply:client-D47EFDF0E133->5d71e5de-6d45-4480-a1f1-d41cc2d38630@group-C6AEA7A4B82B, cid=1179, SUCCESS, logIndex=2044, commits[5d71e5de-6d45-4480-a1f1-d41cc2d38630:c2046]
2019-06-13 13:50:32,550 INFO  client.GrpcClientProtocolClient (GrpcClientProtocolClient.java:onNext(254)) - client-D47EFDF0E133->5d71e5de-6d45-4480-a1f1-d41cc2d38630: receive RaftClientReply:client-D47EFDF0E133->5d71e5de-6d45-4480-a1f1-d41cc2d38630@group-C6AEA7A4B82B, cid=1180, SUCCESS, logIndex=2045, commits[5d71e5de-6d45-4480-a1f1-d41cc2d38630:c2046]
2019-06-13 13:50:32,555 INFO  client.GrpcClientProtocolClient (GrpcClientProtocolClient.java:onNext(254)) - client-D47EFDF0E133->5d71e5de-6d45-4480-a1f1-d41cc2d38630: receive RaftClientReply:client-D47EFDF0E133->5d71e5de-6d45-4480-a1f1-d41cc2d38630@group-C6AEA7A4B82B, cid=1181, SUCCESS, logIndex=2047, commits[5d71e5de-6d45-4480-a1f1-d41cc2d38630:c2047]
2019-06-13 13:50:32,558 INFO  client.GrpcClientProtocolClient (GrpcClientProtocolClient.java:onNext(254)) - client-D47EFDF0E133->5d71e5de-6d45-4480-a1f1-d41cc2d38630: receive RaftClientReply:client-D47EFDF0E133->5d71e5de-6d45-4480-a1f1-d41cc2d38630@group-C6AEA7A4B82B, cid=1182, SUCCESS, logIndex=2049, commits[5d71e5de-6d45-4480-a1f1-d41cc2d38630:c2049]
2019-06-13 13:50:32,558 INFO  client.GrpcClientProtocolClient (GrpcClientProtocolClient.java:onNext(254)) - client-D47EFDF0E133->5d71e5de-6d45-4480-a1f1-d41cc2d38630: receive RaftClientReply:client-D47EFDF0E133->5d71e5de-6d45-4480-a1f1-d41cc2d38630@group-C6AEA7A4B82B, cid=1183, SUCCESS, logIndex=2050, commits[5d71e5de-6d45-4480-a1f1-d41cc2d38630:c2052]
2019-06-13 13:50:32,559 INFO  client.GrpcClientProtocolClient (GrpcClientProtocolClient.java:onNext(254)) - client-D47EFDF0E133->5d71e5de-6d45-4480-a1f1-d41cc2d38630: receive RaftClientReply:client-D47EFDF0E133->5d71e5de-6d45-4480-a1f1-d41cc2d38630@group-C6AEA7A4B82B, cid=1184, SUCCESS, logIndex=2051, commits[5d71e5de-6d45-4480-a1f1-d41cc2d38630:c2052]
2019-06-13 13:50:32,568 INFO  client.GrpcClientProtocolClient (GrpcClientProtocolClient.java:onNext(254)) - client-D47EFDF0E133->5d71e5de-6d45-4480-a1f1-d41cc2d38630: receive RaftClientReply:client-D47EFDF0E133->5d71e5de-6d45-4480-a1f1-d41cc2d38630@group-C6AEA7A4B82B, cid=1185, SUCCESS, logIndex=2053, commits[5d71e5de-6d45-4480-a1f1-d41cc2d38630:c2053]
2019-06-13 13:50:32,570 INFO  client.GrpcClientProtocolClient (GrpcClientProtocolClient.java:onNext(254)) - client-D47EFDF0E133->5d71e5de-6d45-4480-a1f1-d41cc2d38630: receive RaftClientReply:client-D47EFDF0E133->5d71e5de-6d45-4480-a1f1-d41cc2d38630@group-C6AEA7A4B82B, cid=1186, SUCCESS, logIndex=2055, commits[5d71e5de-6d45-4480-a1f1-d41cc2d38630:c2055]
2019-06-13 13:50:32,570 INFO  client.GrpcClientProtocolClient (GrpcClientProtocolClient.java:onNext(254)) - client-D47EFDF0E133->5d71e5de-6d45-4480-a1f1-d41cc2d38630: receive RaftClientReply:client-D47EFDF0E133->5d71e5de-6d45-4480-a1f1-d41cc2d38630@group-C6AEA7A4B82B, cid=1187, SUCCESS, logIndex=2056, commits[5d71e5de-6d45-4480-a1f1-d41cc2d38630:c2058]
2019-06-13 13:50:32,570 INFO  client.GrpcClientProtocolClient (GrpcClientProtocolClient.java:onNext(254)) - client-D47EFDF0E133->5d71e5de-6d45-4480-a1f1-d41cc2d38630: receive RaftClientReply:client-D47EFDF0E133->5d71e5de-6d45-4480-a1f1-d41cc2d38630@group-C6AEA7A4B82B, cid=1188, SUCCESS, logIndex=2057, commits[5d71e5de-6d45-4480-a1f1-d41cc2d38630:c2058]
2019-06-13 13:50:32,576 INFO  client.GrpcClientProtocolClient (GrpcClientProtocolClient.java:onNext(254)) - client-D47EFDF0E133->5d71e5de-6d45-4480-a1f1-d41cc2d38630: receive RaftClientReply:client-D47EFDF0E133->5d71e5de-6d45-4480-a1f1-d41cc2d38630@group-C6AEA7A4B82B, cid=1189, SUCCESS, logIndex=2059, commits[5d71e5de-6d45-4480-a1f1-d41cc2d38630:c2059]
2019-06-13 13:50:32,578 INFO  client.GrpcClientProtocolClient (GrpcClientProtocolClient.java:onNext(254)) - client-D47EFDF0E133->5d71e5de-6d45-4480-a1f1-d41cc2d38630: receive RaftClientReply:client-D47EFDF0E133->5d71e5de-6d45-4480-a1f1-d41cc2d38630@group-C6AEA7A4B82B, cid=1190, SUCCESS, logIndex=2061, commits[5d71e5de-6d45-4480-a1f1-d41cc2d38630:c2061]
2019-06-13 13:50:32,581 INFO  client.GrpcClientProtocolClient (GrpcClientProtocolClient.java:onNext(254)) - client-D47EFDF0E133->5d71e5de-6d45-4480-a1f1-d41cc2d38630: receive RaftClientReply:client-D47EFDF0E133->5d71e5de-6d45-4480-a1f1-d41cc2d38630@group-C6AEA7A4B82B, cid=1191, SUCCESS, logIndex=2062, commits[5d71e5de-6d45-4480-a1f1-d41cc2d38630:c2063]
2019-06-13 13:50:32,582 INFO  client.GrpcClientProtocolClient (GrpcClientProtocolClient.java:onNext(254)) - client-D47EFDF0E133->5d71e5de-6d45-4480-a1f1-d41cc2d38630: receive RaftClientReply:client-D47EFDF0E133->5d71e5de-6d45-4480-a1f1-d41cc2d38630@group-C6AEA7A4B82B, cid=1192, SUCCESS, logIndex=2063, commits[5d71e5de-6d45-4480-a1f1-d41cc2d38630:c2063]
2019-06-13 13:50:32,607 DEBUG block.SCMBlockDeletingService (SCMBlockDeletingService.java:call(138)) - Running DeletedBlockTransactionScanner
2019-06-13 13:50:32,607 DEBUG block.SCMBlockDeletingService (SCMBlockDeletingService.java:call(155)) - Scanned deleted blocks log and got 0 delTX to process.
2019-06-13 13:50:32,666 INFO  client.GrpcClientProtocolClient (GrpcClientProtocolClient.java:onNext(254)) - client-D47EFDF0E133->5d71e5de-6d45-4480-a1f1-d41cc2d38630: receive RaftClientReply:client-D47EFDF0E133->5d71e5de-6d45-4480-a1f1-d41cc2d38630@group-C6AEA7A4B82B, cid=1193, SUCCESS, logIndex=2066, commits[5d71e5de-6d45-4480-a1f1-d41cc2d38630:c2066]
2019-06-13 13:50:32,668 INFO  client.GrpcClientProtocolClient (GrpcClientProtocolClient.java:onNext(254)) - client-D47EFDF0E133->5d71e5de-6d45-4480-a1f1-d41cc2d38630: receive RaftClientReply:client-D47EFDF0E133->5d71e5de-6d45-4480-a1f1-d41cc2d38630@group-C6AEA7A4B82B, cid=1194, SUCCESS, logIndex=2068, commits[5d71e5de-6d45-4480-a1f1-d41cc2d38630:c2068]
2019-06-13 13:50:32,669 INFO  client.GrpcClientProtocolClient (GrpcClientProtocolClient.java:onNext(254)) - client-D47EFDF0E133->5d71e5de-6d45-4480-a1f1-d41cc2d38630: receive RaftClientReply:client-D47EFDF0E133->5d71e5de-6d45-4480-a1f1-d41cc2d38630@group-C6AEA7A4B82B, cid=1195, SUCCESS, logIndex=2069, commits[5d71e5de-6d45-4480-a1f1-d41cc2d38630:c2071]
2019-06-13 13:50:32,669 INFO  client.GrpcClientProtocolClient (GrpcClientProtocolClient.java:onNext(254)) - client-D47EFDF0E133->5d71e5de-6d45-4480-a1f1-d41cc2d38630: receive RaftClientReply:client-D47EFDF0E133->5d71e5de-6d45-4480-a1f1-d41cc2d38630@group-C6AEA7A4B82B, cid=1196, SUCCESS, logIndex=2071, commits[5d71e5de-6d45-4480-a1f1-d41cc2d38630:c2072]
2019-06-13 13:50:32,675 INFO  storage.RaftLogWorker (RaftLogWorker.java:rollLogSegment(303)) - 5d71e5de-6d45-4480-a1f1-d41cc2d38630-RaftLogWorker: Rolling segment log-2004_2074 to index:2074
2019-06-13 13:50:32,675 INFO  storage.RaftLogWorker (RaftLogWorker.java:execute(433)) - 5d71e5de-6d45-4480-a1f1-d41cc2d38630-RaftLogWorker: Rolled log segment from /opt/src/hadoop-ozone/integration-test/target/test-dir/MiniOzoneClusterImpl-c05bfa39-b333-4767-bc96-5a78f3430938/datanode-0/data/ratis/3aee30eb-3db1-472a-b851-c6aea7a4b82b/current/log_inprogress_2004 to /opt/src/hadoop-ozone/integration-test/target/test-dir/MiniOzoneClusterImpl-c05bfa39-b333-4767-bc96-5a78f3430938/datanode-0/data/ratis/3aee30eb-3db1-472a-b851-c6aea7a4b82b/current/log_2004-2074
2019-06-13 13:50:32,675 INFO  client.GrpcClientProtocolClient (GrpcClientProtocolClient.java:onNext(254)) - client-D47EFDF0E133->5d71e5de-6d45-4480-a1f1-d41cc2d38630: receive RaftClientReply:client-D47EFDF0E133->5d71e5de-6d45-4480-a1f1-d41cc2d38630@group-C6AEA7A4B82B, cid=1197, SUCCESS, logIndex=2073, commits[5d71e5de-6d45-4480-a1f1-d41cc2d38630:c2073]
2019-06-13 13:50:32,707 DEBUG block.SCMBlockDeletingService (SCMBlockDeletingService.java:call(138)) - Running DeletedBlockTransactionScanner
2019-06-13 13:50:32,712 DEBUG block.SCMBlockDeletingService (SCMBlockDeletingService.java:call(155)) - Scanned deleted blocks log and got 0 delTX to process.
2019-06-13 13:50:32,714 INFO  storage.RaftLogWorker (RaftLogWorker.java:execute(469)) - 5d71e5de-6d45-4480-a1f1-d41cc2d38630-RaftLogWorker: created new log segment /opt/src/hadoop-ozone/integration-test/target/test-dir/MiniOzoneClusterImpl-c05bfa39-b333-4767-bc96-5a78f3430938/datanode-0/data/ratis/3aee30eb-3db1-472a-b851-c6aea7a4b82b/current/log_inprogress_2075
2019-06-13 13:50:32,716 INFO  client.GrpcClientProtocolClient (GrpcClientProtocolClient.java:onNext(254)) - client-D47EFDF0E133->5d71e5de-6d45-4480-a1f1-d41cc2d38630: receive RaftClientReply:client-D47EFDF0E133->5d71e5de-6d45-4480-a1f1-d41cc2d38630@group-C6AEA7A4B82B, cid=1198, SUCCESS, logIndex=2075, commits[5d71e5de-6d45-4480-a1f1-d41cc2d38630:c2077]
2019-06-13 13:50:32,717 INFO  client.GrpcClientProtocolClient (GrpcClientProtocolClient.java:onNext(254)) - client-D47EFDF0E133->5d71e5de-6d45-4480-a1f1-d41cc2d38630: receive RaftClientReply:client-D47EFDF0E133->5d71e5de-6d45-4480-a1f1-d41cc2d38630@group-C6AEA7A4B82B, cid=1199, SUCCESS, logIndex=2076, commits[5d71e5de-6d45-4480-a1f1-d41cc2d38630:c2078]
2019-06-13 13:50:32,717 INFO  client.GrpcClientProtocolClient (GrpcClientProtocolClient.java:onNext(254)) - client-D47EFDF0E133->5d71e5de-6d45-4480-a1f1-d41cc2d38630: receive RaftClientReply:client-D47EFDF0E133->5d71e5de-6d45-4480-a1f1-d41cc2d38630@group-C6AEA7A4B82B, cid=1200, SUCCESS, logIndex=2077, commits[5d71e5de-6d45-4480-a1f1-d41cc2d38630:c2078]
2019-06-13 13:50:32,726 INFO  client.GrpcClientProtocolClient (GrpcClientProtocolClient.java:onNext(254)) - client-D47EFDF0E133->5d71e5de-6d45-4480-a1f1-d41cc2d38630: receive RaftClientReply:client-D47EFDF0E133->5d71e5de-6d45-4480-a1f1-d41cc2d38630@group-C6AEA7A4B82B, cid=1201, SUCCESS, logIndex=2079, commits[5d71e5de-6d45-4480-a1f1-d41cc2d38630:c2079]
2019-06-13 13:50:32,728 INFO  client.GrpcClientProtocolClient (GrpcClientProtocolClient.java:onNext(254)) - client-D47EFDF0E133->5d71e5de-6d45-4480-a1f1-d41cc2d38630: receive RaftClientReply:client-D47EFDF0E133->5d71e5de-6d45-4480-a1f1-d41cc2d38630@group-C6AEA7A4B82B, cid=1202, SUCCESS, logIndex=2081, commits[5d71e5de-6d45-4480-a1f1-d41cc2d38630:c2081]
2019-06-13 13:50:32,729 INFO  client.GrpcClientProtocolClient (GrpcClientProtocolClient.java:onNext(254)) - client-D47EFDF0E133->5d71e5de-6d45-4480-a1f1-d41cc2d38630: receive RaftClientReply:client-D47EFDF0E133->5d71e5de-6d45-4480-a1f1-d41cc2d38630@group-C6AEA7A4B82B, cid=1203, SUCCESS, logIndex=2082, commits[5d71e5de-6d45-4480-a1f1-d41cc2d38630:c2082]
2019-06-13 13:50:32,729 INFO  client.GrpcClientProtocolClient (GrpcClientProtocolClient.java:onNext(254)) - client-D47EFDF0E133->5d71e5de-6d45-4480-a1f1-d41cc2d38630: receive RaftClientReply:client-D47EFDF0E133->5d71e5de-6d45-4480-a1f1-d41cc2d38630@group-C6AEA7A4B82B, cid=1204, SUCCESS, logIndex=2084, commits[5d71e5de-6d45-4480-a1f1-d41cc2d38630:c2084]
2019-06-13 13:50:32,734 INFO  client.GrpcClientProtocolClient (GrpcClientProtocolClient.java:onNext(254)) - client-D47EFDF0E133->5d71e5de-6d45-4480-a1f1-d41cc2d38630: receive RaftClientReply:client-D47EFDF0E133->5d71e5de-6d45-4480-a1f1-d41cc2d38630@group-C6AEA7A4B82B, cid=1205, SUCCESS, logIndex=2087, commits[5d71e5de-6d45-4480-a1f1-d41cc2d38630:c2087]
2019-06-13 13:50:32,737 INFO  client.GrpcClientProtocolClient (GrpcClientProtocolClient.java:onNext(254)) - client-D47EFDF0E133->5d71e5de-6d45-4480-a1f1-d41cc2d38630: receive RaftClientReply:client-D47EFDF0E133->5d71e5de-6d45-4480-a1f1-d41cc2d38630@group-C6AEA7A4B82B, cid=1206, SUCCESS, logIndex=2089, commits[5d71e5de-6d45-4480-a1f1-d41cc2d38630:c2089]
2019-06-13 13:50:32,737 INFO  client.GrpcClientProtocolClient (GrpcClientProtocolClient.java:onNext(254)) - client-D47EFDF0E133->5d71e5de-6d45-4480-a1f1-d41cc2d38630: receive RaftClientReply:client-D47EFDF0E133->5d71e5de-6d45-4480-a1f1-d41cc2d38630@group-C6AEA7A4B82B, cid=1207, SUCCESS, logIndex=2090, commits[5d71e5de-6d45-4480-a1f1-d41cc2d38630:c2090]
2019-06-13 13:50:32,739 INFO  client.GrpcClientProtocolClient (GrpcClientProtocolClient.java:onNext(254)) - client-D47EFDF0E133->5d71e5de-6d45-4480-a1f1-d41cc2d38630: receive RaftClientReply:client-D47EFDF0E133->5d71e5de-6d45-4480-a1f1-d41cc2d38630@group-C6AEA7A4B82B, cid=1208, SUCCESS, logIndex=2093, commits[5d71e5de-6d45-4480-a1f1-d41cc2d38630:c2093]
2019-06-13 13:50:32,748 INFO  client.GrpcClientProtocolClient (GrpcClientProtocolClient.java:onNext(254)) - client-D47EFDF0E133->5d71e5de-6d45-4480-a1f1-d41cc2d38630: receive RaftClientReply:client-D47EFDF0E133->5d71e5de-6d45-4480-a1f1-d41cc2d38630@group-C6AEA7A4B82B, cid=1209, SUCCESS, logIndex=2095, commits[5d71e5de-6d45-4480-a1f1-d41cc2d38630:c2095]
2019-06-13 13:50:32,749 INFO  client.GrpcClientProtocolClient (GrpcClientProtocolClient.java:onNext(254)) - client-D47EFDF0E133->5d71e5de-6d45-4480-a1f1-d41cc2d38630: receive RaftClientReply:client-D47EFDF0E133->5d71e5de-6d45-4480-a1f1-d41cc2d38630@group-C6AEA7A4B82B, cid=1210, SUCCESS, logIndex=2097, commits[5d71e5de-6d45-4480-a1f1-d41cc2d38630:c2097]
2019-06-13 13:50:32,750 INFO  client.GrpcClientProtocolClient (GrpcClientProtocolClient.java:onNext(254)) - client-D47EFDF0E133->5d71e5de-6d45-4480-a1f1-d41cc2d38630: receive RaftClientReply:client-D47EFDF0E133->5d71e5de-6d45-4480-a1f1-d41cc2d38630@group-C6AEA7A4B82B, cid=1211, SUCCESS, logIndex=2098, commits[5d71e5de-6d45-4480-a1f1-d41cc2d38630:c2100]
2019-06-13 13:50:32,751 INFO  client.GrpcClientProtocolClient (GrpcClientProtocolClient.java:onNext(254)) - client-D47EFDF0E133->5d71e5de-6d45-4480-a1f1-d41cc2d38630: receive RaftClientReply:client-D47EFDF0E133->5d71e5de-6d45-4480-a1f1-d41cc2d38630@group-C6AEA7A4B82B, cid=1212, SUCCESS, logIndex=2099, commits[5d71e5de-6d45-4480-a1f1-d41cc2d38630:c2100]
2019-06-13 13:50:32,756 INFO  client.GrpcClientProtocolClient (GrpcClientProtocolClient.java:onNext(254)) - client-D47EFDF0E133->5d71e5de-6d45-4480-a1f1-d41cc2d38630: receive RaftClientReply:client-D47EFDF0E133->5d71e5de-6d45-4480-a1f1-d41cc2d38630@group-C6AEA7A4B82B, cid=1213, SUCCESS, logIndex=2101, commits[5d71e5de-6d45-4480-a1f1-d41cc2d38630:c2101]
2019-06-13 13:50:32,757 INFO  client.GrpcClientProtocolClient (GrpcClientProtocolClient.java:onNext(254)) - client-D47EFDF0E133->5d71e5de-6d45-4480-a1f1-d41cc2d38630: receive RaftClientReply:client-D47EFDF0E133->5d71e5de-6d45-4480-a1f1-d41cc2d38630@group-C6AEA7A4B82B, cid=1214, SUCCESS, logIndex=2103, commits[5d71e5de-6d45-4480-a1f1-d41cc2d38630:c2103]
2019-06-13 13:50:32,802 INFO  client.GrpcClientProtocolClient (GrpcClientProtocolClient.java:onNext(254)) - client-D47EFDF0E133->5d71e5de-6d45-4480-a1f1-d41cc2d38630: receive RaftClientReply:client-D47EFDF0E133->5d71e5de-6d45-4480-a1f1-d41cc2d38630@group-C6AEA7A4B82B, cid=1215, SUCCESS, logIndex=2104, commits[5d71e5de-6d45-4480-a1f1-d41cc2d38630:c2106]
2019-06-13 13:50:32,802 INFO  client.GrpcClientProtocolClient (GrpcClientProtocolClient.java:onNext(254)) - client-D47EFDF0E133->5d71e5de-6d45-4480-a1f1-d41cc2d38630: receive RaftClientReply:client-D47EFDF0E133->5d71e5de-6d45-4480-a1f1-d41cc2d38630@group-C6AEA7A4B82B, cid=1216, SUCCESS, logIndex=2105, commits[5d71e5de-6d45-4480-a1f1-d41cc2d38630:c2106]
2019-06-13 13:50:32,812 INFO  client.GrpcClientProtocolClient (GrpcClientProtocolClient.java:onNext(254)) - client-D47EFDF0E133->5d71e5de-6d45-4480-a1f1-d41cc2d38630: receive RaftClientReply:client-D47EFDF0E133->5d71e5de-6d45-4480-a1f1-d41cc2d38630@group-C6AEA7A4B82B, cid=1217, SUCCESS, logIndex=2107, commits[5d71e5de-6d45-4480-a1f1-d41cc2d38630:c2107]
2019-06-13 13:50:32,812 DEBUG block.SCMBlockDeletingService (SCMBlockDeletingService.java:call(138)) - Running DeletedBlockTransactionScanner
2019-06-13 13:50:32,813 DEBUG block.SCMBlockDeletingService (SCMBlockDeletingService.java:call(155)) - Scanned deleted blocks log and got 0 delTX to process.
2019-06-13 13:50:32,814 INFO  client.GrpcClientProtocolClient (GrpcClientProtocolClient.java:onNext(254)) - client-D47EFDF0E133->5d71e5de-6d45-4480-a1f1-d41cc2d38630: receive RaftClientReply:client-D47EFDF0E133->5d71e5de-6d45-4480-a1f1-d41cc2d38630@group-C6AEA7A4B82B, cid=1218, SUCCESS, logIndex=2109, commits[5d71e5de-6d45-4480-a1f1-d41cc2d38630:c2109]
2019-06-13 13:50:32,815 INFO  client.GrpcClientProtocolClient (GrpcClientProtocolClient.java:onNext(254)) - client-D47EFDF0E133->5d71e5de-6d45-4480-a1f1-d41cc2d38630: receive RaftClientReply:client-D47EFDF0E133->5d71e5de-6d45-4480-a1f1-d41cc2d38630@group-C6AEA7A4B82B, cid=1219, SUCCESS, logIndex=2110, commits[5d71e5de-6d45-4480-a1f1-d41cc2d38630:c2112]
2019-06-13 13:50:32,815 INFO  client.GrpcClientProtocolClient (GrpcClientProtocolClient.java:onNext(254)) - client-D47EFDF0E133->5d71e5de-6d45-4480-a1f1-d41cc2d38630: receive RaftClientReply:client-D47EFDF0E133->5d71e5de-6d45-4480-a1f1-d41cc2d38630@group-C6AEA7A4B82B, cid=1220, SUCCESS, logIndex=2111, commits[5d71e5de-6d45-4480-a1f1-d41cc2d38630:c2112]
2019-06-13 13:50:32,821 INFO  client.GrpcClientProtocolClient (GrpcClientProtocolClient.java:onNext(254)) - client-D47EFDF0E133->5d71e5de-6d45-4480-a1f1-d41cc2d38630: receive RaftClientReply:client-D47EFDF0E133->5d71e5de-6d45-4480-a1f1-d41cc2d38630@group-C6AEA7A4B82B, cid=1221, SUCCESS, logIndex=2113, commits[5d71e5de-6d45-4480-a1f1-d41cc2d38630:c2113]
2019-06-13 13:50:32,823 INFO  client.GrpcClientProtocolClient (GrpcClientProtocolClient.java:onNext(254)) - client-D47EFDF0E133->5d71e5de-6d45-4480-a1f1-d41cc2d38630: receive RaftClientReply:client-D47EFDF0E133->5d71e5de-6d45-4480-a1f1-d41cc2d38630@group-C6AEA7A4B82B, cid=1222, SUCCESS, logIndex=2115, commits[5d71e5de-6d45-4480-a1f1-d41cc2d38630:c2115]
2019-06-13 13:50:32,824 INFO  client.GrpcClientProtocolClient (GrpcClientProtocolClient.java:onNext(254)) - client-D47EFDF0E133->5d71e5de-6d45-4480-a1f1-d41cc2d38630: receive RaftClientReply:client-D47EFDF0E133->5d71e5de-6d45-4480-a1f1-d41cc2d38630@group-C6AEA7A4B82B, cid=1223, SUCCESS, logIndex=2116, commits[5d71e5de-6d45-4480-a1f1-d41cc2d38630:c2116]
2019-06-13 13:50:32,825 INFO  client.GrpcClientProtocolClient (GrpcClientProtocolClient.java:onNext(254)) - client-D47EFDF0E133->5d71e5de-6d45-4480-a1f1-d41cc2d38630: receive RaftClientReply:client-D47EFDF0E133->5d71e5de-6d45-4480-a1f1-d41cc2d38630@group-C6AEA7A4B82B, cid=1224, SUCCESS, logIndex=2119, commits[5d71e5de-6d45-4480-a1f1-d41cc2d38630:c2119]
2019-06-13 13:50:32,835 INFO  client.GrpcClientProtocolClient (GrpcClientProtocolClient.java:onNext(254)) - client-D47EFDF0E133->5d71e5de-6d45-4480-a1f1-d41cc2d38630: receive RaftClientReply:client-D47EFDF0E133->5d71e5de-6d45-4480-a1f1-d41cc2d38630@group-C6AEA7A4B82B, cid=1225, SUCCESS, logIndex=2121, commits[5d71e5de-6d45-4480-a1f1-d41cc2d38630:c2121]
2019-06-13 13:50:32,837 INFO  client.GrpcClientProtocolClient (GrpcClientProtocolClient.java:onNext(254)) - client-D47EFDF0E133->5d71e5de-6d45-4480-a1f1-d41cc2d38630: receive RaftClientReply:client-D47EFDF0E133->5d71e5de-6d45-4480-a1f1-d41cc2d38630@group-C6AEA7A4B82B, cid=1226, SUCCESS, logIndex=2123, commits[5d71e5de-6d45-4480-a1f1-d41cc2d38630:c2123]
2019-06-13 13:50:32,838 INFO  client.GrpcClientProtocolClient (GrpcClientProtocolClient.java:onNext(254)) - client-D47EFDF0E133->5d71e5de-6d45-4480-a1f1-d41cc2d38630: receive RaftClientReply:client-D47EFDF0E133->5d71e5de-6d45-4480-a1f1-d41cc2d38630@group-C6AEA7A4B82B, cid=1227, SUCCESS, logIndex=2124, commits[5d71e5de-6d45-4480-a1f1-d41cc2d38630:c2125]
2019-06-13 13:50:32,838 INFO  client.GrpcClientProtocolClient (GrpcClientProtocolClient.java:onNext(254)) - client-D47EFDF0E133->5d71e5de-6d45-4480-a1f1-d41cc2d38630: receive RaftClientReply:client-D47EFDF0E133->5d71e5de-6d45-4480-a1f1-d41cc2d38630@group-C6AEA7A4B82B, cid=1228, SUCCESS, logIndex=2125, commits[5d71e5de-6d45-4480-a1f1-d41cc2d38630:c2126]
2019-06-13 13:50:32,845 INFO  client.GrpcClientProtocolClient (GrpcClientProtocolClient.java:onNext(254)) - client-D47EFDF0E133->5d71e5de-6d45-4480-a1f1-d41cc2d38630: receive RaftClientReply:client-D47EFDF0E133->5d71e5de-6d45-4480-a1f1-d41cc2d38630@group-C6AEA7A4B82B, cid=1229, SUCCESS, logIndex=2128, commits[5d71e5de-6d45-4480-a1f1-d41cc2d38630:c2128]
2019-06-13 13:50:32,847 INFO  client.GrpcClientProtocolClient (GrpcClientProtocolClient.java:onNext(254)) - client-D47EFDF0E133->5d71e5de-6d45-4480-a1f1-d41cc2d38630: receive RaftClientReply:client-D47EFDF0E133->5d71e5de-6d45-4480-a1f1-d41cc2d38630@group-C6AEA7A4B82B, cid=1230, SUCCESS, logIndex=2130, commits[5d71e5de-6d45-4480-a1f1-d41cc2d38630:c2130]
2019-06-13 13:50:32,848 INFO  client.GrpcClientProtocolClient (GrpcClientProtocolClient.java:onNext(254)) - client-D47EFDF0E133->5d71e5de-6d45-4480-a1f1-d41cc2d38630: receive RaftClientReply:client-D47EFDF0E133->5d71e5de-6d45-4480-a1f1-d41cc2d38630@group-C6AEA7A4B82B, cid=1231, SUCCESS, logIndex=2131, commits[5d71e5de-6d45-4480-a1f1-d41cc2d38630:c2133]
2019-06-13 13:50:32,848 INFO  client.GrpcClientProtocolClient (GrpcClientProtocolClient.java:onNext(254)) - client-D47EFDF0E133->5d71e5de-6d45-4480-a1f1-d41cc2d38630: receive RaftClientReply:client-D47EFDF0E133->5d71e5de-6d45-4480-a1f1-d41cc2d38630@group-C6AEA7A4B82B, cid=1232, SUCCESS, logIndex=2132, commits[5d71e5de-6d45-4480-a1f1-d41cc2d38630:c2133]
2019-06-13 13:50:32,858 INFO  client.GrpcClientProtocolClient (GrpcClientProtocolClient.java:onNext(254)) - client-D47EFDF0E133->5d71e5de-6d45-4480-a1f1-d41cc2d38630: receive RaftClientReply:client-D47EFDF0E133->5d71e5de-6d45-4480-a1f1-d41cc2d38630@group-C6AEA7A4B82B, cid=1233, SUCCESS, logIndex=2134, commits[5d71e5de-6d45-4480-a1f1-d41cc2d38630:c2134]
2019-06-13 13:50:32,859 INFO  client.GrpcClientProtocolClient (GrpcClientProtocolClient.java:onNext(254)) - client-D47EFDF0E133->5d71e5de-6d45-4480-a1f1-d41cc2d38630: receive RaftClientReply:client-D47EFDF0E133->5d71e5de-6d45-4480-a1f1-d41cc2d38630@group-C6AEA7A4B82B, cid=1234, SUCCESS, logIndex=2136, commits[5d71e5de-6d45-4480-a1f1-d41cc2d38630:c2136]
2019-06-13 13:50:32,862 INFO  client.GrpcClientProtocolClient (GrpcClientProtocolClient.java:onNext(254)) - client-D47EFDF0E133->5d71e5de-6d45-4480-a1f1-d41cc2d38630: receive RaftClientReply:client-D47EFDF0E133->5d71e5de-6d45-4480-a1f1-d41cc2d38630@group-C6AEA7A4B82B, cid=1235, SUCCESS, logIndex=2138, commits[5d71e5de-6d45-4480-a1f1-d41cc2d38630:c2139]
2019-06-13 13:50:32,862 INFO  client.GrpcClientProtocolClient (GrpcClientProtocolClient.java:onNext(254)) - client-D47EFDF0E133->5d71e5de-6d45-4480-a1f1-d41cc2d38630: receive RaftClientReply:client-D47EFDF0E133->5d71e5de-6d45-4480-a1f1-d41cc2d38630@group-C6AEA7A4B82B, cid=1236, SUCCESS, logIndex=2139, commits[5d71e5de-6d45-4480-a1f1-d41cc2d38630:c2140]
2019-06-13 13:50:32,913 DEBUG block.SCMBlockDeletingService (SCMBlockDeletingService.java:call(138)) - Running DeletedBlockTransactionScanner
2019-06-13 13:50:32,913 DEBUG block.SCMBlockDeletingService (SCMBlockDeletingService.java:call(155)) - Scanned deleted blocks log and got 0 delTX to process.
2019-06-13 13:50:32,936 INFO  client.GrpcClientProtocolClient (GrpcClientProtocolClient.java:onNext(254)) - client-D47EFDF0E133->5d71e5de-6d45-4480-a1f1-d41cc2d38630: receive RaftClientReply:client-D47EFDF0E133->5d71e5de-6d45-4480-a1f1-d41cc2d38630@group-C6AEA7A4B82B, cid=1237, SUCCESS, logIndex=2141, commits[5d71e5de-6d45-4480-a1f1-d41cc2d38630:c2141]
2019-06-13 13:50:32,936 INFO  storage.RaftLogWorker (RaftLogWorker.java:rollLogSegment(303)) - 5d71e5de-6d45-4480-a1f1-d41cc2d38630-RaftLogWorker: Rolling segment log-2075_2144 to index:2144
2019-06-13 13:50:32,937 INFO  storage.RaftLogWorker (RaftLogWorker.java:execute(433)) - 5d71e5de-6d45-4480-a1f1-d41cc2d38630-RaftLogWorker: Rolled log segment from /opt/src/hadoop-ozone/integration-test/target/test-dir/MiniOzoneClusterImpl-c05bfa39-b333-4767-bc96-5a78f3430938/datanode-0/data/ratis/3aee30eb-3db1-472a-b851-c6aea7a4b82b/current/log_inprogress_2075 to /opt/src/hadoop-ozone/integration-test/target/test-dir/MiniOzoneClusterImpl-c05bfa39-b333-4767-bc96-5a78f3430938/datanode-0/data/ratis/3aee30eb-3db1-472a-b851-c6aea7a4b82b/current/log_2075-2144
2019-06-13 13:50:32,937 INFO  client.GrpcClientProtocolClient (GrpcClientProtocolClient.java:onNext(254)) - client-D47EFDF0E133->5d71e5de-6d45-4480-a1f1-d41cc2d38630: receive RaftClientReply:client-D47EFDF0E133->5d71e5de-6d45-4480-a1f1-d41cc2d38630@group-C6AEA7A4B82B, cid=1238, SUCCESS, logIndex=2143, commits[5d71e5de-6d45-4480-a1f1-d41cc2d38630:c2143]
2019-06-13 13:50:32,944 INFO  client.GrpcClientProtocolClient (GrpcClientProtocolClient.java:onNext(254)) - client-D47EFDF0E133->5d71e5de-6d45-4480-a1f1-d41cc2d38630: receive RaftClientReply:client-D47EFDF0E133->5d71e5de-6d45-4480-a1f1-d41cc2d38630@group-C6AEA7A4B82B, cid=1239, SUCCESS, logIndex=2144, commits[5d71e5de-6d45-4480-a1f1-d41cc2d38630:c2144]
2019-06-13 13:50:32,974 INFO  storage.RaftLogWorker (RaftLogWorker.java:execute(469)) - 5d71e5de-6d45-4480-a1f1-d41cc2d38630-RaftLogWorker: created new log segment /opt/src/hadoop-ozone/integration-test/target/test-dir/MiniOzoneClusterImpl-c05bfa39-b333-4767-bc96-5a78f3430938/datanode-0/data/ratis/3aee30eb-3db1-472a-b851-c6aea7a4b82b/current/log_inprogress_2145
2019-06-13 13:50:32,976 INFO  client.GrpcClientProtocolClient (GrpcClientProtocolClient.java:onNext(254)) - client-D47EFDF0E133->5d71e5de-6d45-4480-a1f1-d41cc2d38630: receive RaftClientReply:client-D47EFDF0E133->5d71e5de-6d45-4480-a1f1-d41cc2d38630@group-C6AEA7A4B82B, cid=1240, SUCCESS, logIndex=2145, commits[5d71e5de-6d45-4480-a1f1-d41cc2d38630:c2147]
2019-06-13 13:50:32,986 INFO  client.GrpcClientProtocolClient (GrpcClientProtocolClient.java:onNext(254)) - client-D47EFDF0E133->5d71e5de-6d45-4480-a1f1-d41cc2d38630: receive RaftClientReply:client-D47EFDF0E133->5d71e5de-6d45-4480-a1f1-d41cc2d38630@group-C6AEA7A4B82B, cid=1241, SUCCESS, logIndex=2148, commits[5d71e5de-6d45-4480-a1f1-d41cc2d38630:c2148]
2019-06-13 13:50:32,988 INFO  client.GrpcClientProtocolClient (GrpcClientProtocolClient.java:onNext(254)) - client-D47EFDF0E133->5d71e5de-6d45-4480-a1f1-d41cc2d38630: receive RaftClientReply:client-D47EFDF0E133->5d71e5de-6d45-4480-a1f1-d41cc2d38630@group-C6AEA7A4B82B, cid=1242, SUCCESS, logIndex=2150, commits[5d71e5de-6d45-4480-a1f1-d41cc2d38630:c2150]
2019-06-13 13:50:32,989 INFO  client.GrpcClientProtocolClient (GrpcClientProtocolClient.java:onNext(254)) - client-D47EFDF0E133->5d71e5de-6d45-4480-a1f1-d41cc2d38630: receive RaftClientReply:client-D47EFDF0E133->5d71e5de-6d45-4480-a1f1-d41cc2d38630@group-C6AEA7A4B82B, cid=1243, SUCCESS, logIndex=2151, commits[5d71e5de-6d45-4480-a1f1-d41cc2d38630:c2153]
2019-06-13 13:50:32,989 INFO  client.GrpcClientProtocolClient (GrpcClientProtocolClient.java:onNext(254)) - client-D47EFDF0E133->5d71e5de-6d45-4480-a1f1-d41cc2d38630: receive RaftClientReply:client-D47EFDF0E133->5d71e5de-6d45-4480-a1f1-d41cc2d38630@group-C6AEA7A4B82B, cid=1244, SUCCESS, logIndex=2152, commits[5d71e5de-6d45-4480-a1f1-d41cc2d38630:c2153]
2019-06-13 13:50:32,996 INFO  client.GrpcClientProtocolClient (GrpcClientProtocolClient.java:onNext(254)) - client-D47EFDF0E133->5d71e5de-6d45-4480-a1f1-d41cc2d38630: receive RaftClientReply:client-D47EFDF0E133->5d71e5de-6d45-4480-a1f1-d41cc2d38630@group-C6AEA7A4B82B, cid=1245, SUCCESS, logIndex=2154, commits[5d71e5de-6d45-4480-a1f1-d41cc2d38630:c2154]
2019-06-13 13:50:32,997 INFO  client.GrpcClientProtocolClient (GrpcClientProtocolClient.java:onNext(254)) - client-D47EFDF0E133->5d71e5de-6d45-4480-a1f1-d41cc2d38630: receive RaftClientReply:client-D47EFDF0E133->5d71e5de-6d45-4480-a1f1-d41cc2d38630@group-C6AEA7A4B82B, cid=1246, SUCCESS, logIndex=2156, commits[5d71e5de-6d45-4480-a1f1-d41cc2d38630:c2156]
2019-06-13 13:50:32,998 INFO  client.GrpcClientProtocolClient (GrpcClientProtocolClient.java:onNext(254)) - client-D47EFDF0E133->5d71e5de-6d45-4480-a1f1-d41cc2d38630: receive RaftClientReply:client-D47EFDF0E133->5d71e5de-6d45-4480-a1f1-d41cc2d38630@group-C6AEA7A4B82B, cid=1247, SUCCESS, logIndex=2157, commits[5d71e5de-6d45-4480-a1f1-d41cc2d38630:c2159]
2019-06-13 13:50:32,999 INFO  client.GrpcClientProtocolClient (GrpcClientProtocolClient.java:onNext(254)) - client-D47EFDF0E133->5d71e5de-6d45-4480-a1f1-d41cc2d38630: receive RaftClientReply:client-D47EFDF0E133->5d71e5de-6d45-4480-a1f1-d41cc2d38630@group-C6AEA7A4B82B, cid=1248, SUCCESS, logIndex=2159, commits[5d71e5de-6d45-4480-a1f1-d41cc2d38630:c2159]
2019-06-13 13:50:33,010 INFO  client.GrpcClientProtocolClient (GrpcClientProtocolClient.java:onNext(254)) - client-D47EFDF0E133->5d71e5de-6d45-4480-a1f1-d41cc2d38630: receive RaftClientReply:client-D47EFDF0E133->5d71e5de-6d45-4480-a1f1-d41cc2d38630@group-C6AEA7A4B82B, cid=1249, SUCCESS, logIndex=2161, commits[5d71e5de-6d45-4480-a1f1-d41cc2d38630:c2161]
2019-06-13 13:50:33,011 INFO  client.GrpcClientProtocolClient (GrpcClientProtocolClient.java:onNext(254)) - client-D47EFDF0E133->5d71e5de-6d45-4480-a1f1-d41cc2d38630: receive RaftClientReply:client-D47EFDF0E133->5d71e5de-6d45-4480-a1f1-d41cc2d38630@group-C6AEA7A4B82B, cid=1250, SUCCESS, logIndex=2163, commits[5d71e5de-6d45-4480-a1f1-d41cc2d38630:c2163]
2019-06-13 13:50:33,012 INFO  client.GrpcClientProtocolClient (GrpcClientProtocolClient.java:onNext(254)) - client-D47EFDF0E133->5d71e5de-6d45-4480-a1f1-d41cc2d38630: receive RaftClientReply:client-D47EFDF0E133->5d71e5de-6d45-4480-a1f1-d41cc2d38630@group-C6AEA7A4B82B, cid=1251, SUCCESS, logIndex=2164, commits[5d71e5de-6d45-4480-a1f1-d41cc2d38630:c2166]
2019-06-13 13:50:33,013 INFO  client.GrpcClientProtocolClient (GrpcClientProtocolClient.java:onNext(254)) - client-D47EFDF0E133->5d71e5de-6d45-4480-a1f1-d41cc2d38630: receive RaftClientReply:client-D47EFDF0E133->5d71e5de-6d45-4480-a1f1-d41cc2d38630@group-C6AEA7A4B82B, cid=1252, SUCCESS, logIndex=2165, commits[5d71e5de-6d45-4480-a1f1-d41cc2d38630:c2166]
2019-06-13 13:50:33,013 DEBUG block.SCMBlockDeletingService (SCMBlockDeletingService.java:call(138)) - Running DeletedBlockTransactionScanner
2019-06-13 13:50:33,013 DEBUG block.SCMBlockDeletingService (SCMBlockDeletingService.java:call(155)) - Scanned deleted blocks log and got 0 delTX to process.
2019-06-13 13:50:33,019 INFO  client.GrpcClientProtocolClient (GrpcClientProtocolClient.java:onNext(254)) - client-D47EFDF0E133->5d71e5de-6d45-4480-a1f1-d41cc2d38630: receive RaftClientReply:client-D47EFDF0E133->5d71e5de-6d45-4480-a1f1-d41cc2d38630@group-C6AEA7A4B82B, cid=1253, SUCCESS, logIndex=2167, commits[5d71e5de-6d45-4480-a1f1-d41cc2d38630:c2167]
2019-06-13 13:50:33,021 INFO  client.GrpcClientProtocolClient (GrpcClientProtocolClient.java:onNext(254)) - client-D47EFDF0E133->5d71e5de-6d45-4480-a1f1-d41cc2d38630: receive RaftClientReply:client-D47EFDF0E133->5d71e5de-6d45-4480-a1f1-d41cc2d38630@group-C6AEA7A4B82B, cid=1254, SUCCESS, logIndex=2169, commits[5d71e5de-6d45-4480-a1f1-d41cc2d38630:c2169]
2019-06-13 13:50:33,022 INFO  client.GrpcClientProtocolClient (GrpcClientProtocolClient.java:onNext(254)) - client-D47EFDF0E133->5d71e5de-6d45-4480-a1f1-d41cc2d38630: receive RaftClientReply:client-D47EFDF0E133->5d71e5de-6d45-4480-a1f1-d41cc2d38630@group-C6AEA7A4B82B, cid=1255, SUCCESS, logIndex=2170, commits[5d71e5de-6d45-4480-a1f1-d41cc2d38630:c2172]
2019-06-13 13:50:33,023 INFO  client.GrpcClientProtocolClient (GrpcClientProtocolClient.java:onNext(254)) - client-D47EFDF0E133->5d71e5de-6d45-4480-a1f1-d41cc2d38630: receive RaftClientReply:client-D47EFDF0E133->5d71e5de-6d45-4480-a1f1-d41cc2d38630@group-C6AEA7A4B82B, cid=1256, SUCCESS, logIndex=2171, commits[5d71e5de-6d45-4480-a1f1-d41cc2d38630:c2172]
2019-06-13 13:50:33,032 INFO  client.GrpcClientProtocolClient (GrpcClientProtocolClient.java:onNext(254)) - client-D47EFDF0E133->5d71e5de-6d45-4480-a1f1-d41cc2d38630: receive RaftClientReply:client-D47EFDF0E133->5d71e5de-6d45-4480-a1f1-d41cc2d38630@group-C6AEA7A4B82B, cid=1257, SUCCESS, logIndex=2173, commits[5d71e5de-6d45-4480-a1f1-d41cc2d38630:c2173]
2019-06-13 13:50:33,034 INFO  client.GrpcClientProtocolClient (GrpcClientProtocolClient.java:onNext(254)) - client-D47EFDF0E133->5d71e5de-6d45-4480-a1f1-d41cc2d38630: receive RaftClientReply:client-D47EFDF0E133->5d71e5de-6d45-4480-a1f1-d41cc2d38630@group-C6AEA7A4B82B, cid=1258, SUCCESS, logIndex=2175, commits[5d71e5de-6d45-4480-a1f1-d41cc2d38630:c2175]
2019-06-13 13:50:33,035 INFO  client.GrpcClientProtocolClient (GrpcClientProtocolClient.java:onNext(254)) - client-D47EFDF0E133->5d71e5de-6d45-4480-a1f1-d41cc2d38630: receive RaftClientReply:client-D47EFDF0E133->5d71e5de-6d45-4480-a1f1-d41cc2d38630@group-C6AEA7A4B82B, cid=1259, SUCCESS, logIndex=2176, commits[5d71e5de-6d45-4480-a1f1-d41cc2d38630:c2178]
2019-06-13 13:50:33,035 INFO  client.GrpcClientProtocolClient (GrpcClientProtocolClient.java:onNext(254)) - client-D47EFDF0E133->5d71e5de-6d45-4480-a1f1-d41cc2d38630: receive RaftClientReply:client-D47EFDF0E133->5d71e5de-6d45-4480-a1f1-d41cc2d38630@group-C6AEA7A4B82B, cid=1260, SUCCESS, logIndex=2177, commits[5d71e5de-6d45-4480-a1f1-d41cc2d38630:c2178]
2019-06-13 13:50:33,043 INFO  client.GrpcClientProtocolClient (GrpcClientProtocolClient.java:onNext(254)) - client-D47EFDF0E133->5d71e5de-6d45-4480-a1f1-d41cc2d38630: receive RaftClientReply:client-D47EFDF0E133->5d71e5de-6d45-4480-a1f1-d41cc2d38630@group-C6AEA7A4B82B, cid=1261, SUCCESS, logIndex=2179, commits[5d71e5de-6d45-4480-a1f1-d41cc2d38630:c2179]
2019-06-13 13:50:33,044 INFO  client.GrpcClientProtocolClient (GrpcClientProtocolClient.java:onNext(254)) - client-D47EFDF0E133->5d71e5de-6d45-4480-a1f1-d41cc2d38630: receive RaftClientReply:client-D47EFDF0E133->5d71e5de-6d45-4480-a1f1-d41cc2d38630@group-C6AEA7A4B82B, cid=1262, SUCCESS, logIndex=2181, commits[5d71e5de-6d45-4480-a1f1-d41cc2d38630:c2181]
2019-06-13 13:50:33,047 INFO  client.GrpcClientProtocolClient (GrpcClientProtocolClient.java:onNext(254)) - client-D47EFDF0E133->5d71e5de-6d45-4480-a1f1-d41cc2d38630: receive RaftClientReply:client-D47EFDF0E133->5d71e5de-6d45-4480-a1f1-d41cc2d38630@group-C6AEA7A4B82B, cid=1263, SUCCESS, logIndex=2183, commits[5d71e5de-6d45-4480-a1f1-d41cc2d38630:c2184]
2019-06-13 13:50:33,047 INFO  client.GrpcClientProtocolClient (GrpcClientProtocolClient.java:onNext(254)) - client-D47EFDF0E133->5d71e5de-6d45-4480-a1f1-d41cc2d38630: receive RaftClientReply:client-D47EFDF0E133->5d71e5de-6d45-4480-a1f1-d41cc2d38630@group-C6AEA7A4B82B, cid=1264, SUCCESS, logIndex=2184, commits[5d71e5de-6d45-4480-a1f1-d41cc2d38630:c2184]
2019-06-13 13:50:33,056 INFO  client.GrpcClientProtocolClient (GrpcClientProtocolClient.java:onNext(254)) - client-D47EFDF0E133->5d71e5de-6d45-4480-a1f1-d41cc2d38630: receive RaftClientReply:client-D47EFDF0E133->5d71e5de-6d45-4480-a1f1-d41cc2d38630@group-C6AEA7A4B82B, cid=1265, SUCCESS, logIndex=2186, commits[5d71e5de-6d45-4480-a1f1-d41cc2d38630:c2186]
2019-06-13 13:50:33,059 INFO  client.GrpcClientProtocolClient (GrpcClientProtocolClient.java:onNext(254)) - client-D47EFDF0E133->5d71e5de-6d45-4480-a1f1-d41cc2d38630: receive RaftClientReply:client-D47EFDF0E133->5d71e5de-6d45-4480-a1f1-d41cc2d38630@group-C6AEA7A4B82B, cid=1266, SUCCESS, logIndex=2188, commits[5d71e5de-6d45-4480-a1f1-d41cc2d38630:c2190]
2019-06-13 13:50:33,059 INFO  client.GrpcClientProtocolClient (GrpcClientProtocolClient.java:onNext(254)) - client-D47EFDF0E133->5d71e5de-6d45-4480-a1f1-d41cc2d38630: receive RaftClientReply:client-D47EFDF0E133->5d71e5de-6d45-4480-a1f1-d41cc2d38630@group-C6AEA7A4B82B, cid=1267, SUCCESS, logIndex=2189, commits[5d71e5de-6d45-4480-a1f1-d41cc2d38630:c2190]
2019-06-13 13:50:33,060 INFO  client.GrpcClientProtocolClient (GrpcClientProtocolClient.java:onNext(254)) - client-D47EFDF0E133->5d71e5de-6d45-4480-a1f1-d41cc2d38630: receive RaftClientReply:client-D47EFDF0E133->5d71e5de-6d45-4480-a1f1-d41cc2d38630@group-C6AEA7A4B82B, cid=1268, SUCCESS, logIndex=2190, commits[5d71e5de-6d45-4480-a1f1-d41cc2d38630:c2190]
2019-06-13 13:50:33,065 INFO  client.GrpcClientProtocolClient (GrpcClientProtocolClient.java:onNext(254)) - client-D47EFDF0E133->5d71e5de-6d45-4480-a1f1-d41cc2d38630: receive RaftClientReply:client-D47EFDF0E133->5d71e5de-6d45-4480-a1f1-d41cc2d38630@group-C6AEA7A4B82B, cid=1269, SUCCESS, logIndex=2192, commits[5d71e5de-6d45-4480-a1f1-d41cc2d38630:c2192]
2019-06-13 13:50:33,067 INFO  client.GrpcClientProtocolClient (GrpcClientProtocolClient.java:onNext(254)) - client-D47EFDF0E133->5d71e5de-6d45-4480-a1f1-d41cc2d38630: receive RaftClientReply:client-D47EFDF0E133->5d71e5de-6d45-4480-a1f1-d41cc2d38630@group-C6AEA7A4B82B, cid=1270, SUCCESS, logIndex=2194, commits[5d71e5de-6d45-4480-a1f1-d41cc2d38630:c2194]
2019-06-13 13:50:33,068 INFO  client.GrpcClientProtocolClient (GrpcClientProtocolClient.java:onNext(254)) - client-D47EFDF0E133->5d71e5de-6d45-4480-a1f1-d41cc2d38630: receive RaftClientReply:client-D47EFDF0E133->5d71e5de-6d45-4480-a1f1-d41cc2d38630@group-C6AEA7A4B82B, cid=1271, SUCCESS, logIndex=2195, commits[5d71e5de-6d45-4480-a1f1-d41cc2d38630:c2197]
2019-06-13 13:50:33,068 INFO  client.GrpcClientProtocolClient (GrpcClientProtocolClient.java:onNext(254)) - client-D47EFDF0E133->5d71e5de-6d45-4480-a1f1-d41cc2d38630: receive RaftClientReply:client-D47EFDF0E133->5d71e5de-6d45-4480-a1f1-d41cc2d38630@group-C6AEA7A4B82B, cid=1272, SUCCESS, logIndex=2196, commits[5d71e5de-6d45-4480-a1f1-d41cc2d38630:c2197]
2019-06-13 13:50:33,076 INFO  client.GrpcClientProtocolClient (GrpcClientProtocolClient.java:onNext(254)) - client-D47EFDF0E133->5d71e5de-6d45-4480-a1f1-d41cc2d38630: receive RaftClientReply:client-D47EFDF0E133->5d71e5de-6d45-4480-a1f1-d41cc2d38630@group-C6AEA7A4B82B, cid=1273, SUCCESS, logIndex=2198, commits[5d71e5de-6d45-4480-a1f1-d41cc2d38630:c2198]
2019-06-13 13:50:33,078 INFO  client.GrpcClientProtocolClient (GrpcClientProtocolClient.java:onNext(254)) - client-D47EFDF0E133->5d71e5de-6d45-4480-a1f1-d41cc2d38630: receive RaftClientReply:client-D47EFDF0E133->5d71e5de-6d45-4480-a1f1-d41cc2d38630@group-C6AEA7A4B82B, cid=1274, SUCCESS, logIndex=2200, commits[5d71e5de-6d45-4480-a1f1-d41cc2d38630:c2200]
2019-06-13 13:50:33,079 INFO  client.GrpcClientProtocolClient (GrpcClientProtocolClient.java:onNext(254)) - client-D47EFDF0E133->5d71e5de-6d45-4480-a1f1-d41cc2d38630: receive RaftClientReply:client-D47EFDF0E133->5d71e5de-6d45-4480-a1f1-d41cc2d38630@group-C6AEA7A4B82B, cid=1275, SUCCESS, logIndex=2201, commits[5d71e5de-6d45-4480-a1f1-d41cc2d38630:c2203]
2019-06-13 13:50:33,079 INFO  client.GrpcClientProtocolClient (GrpcClientProtocolClient.java:onNext(254)) - client-D47EFDF0E133->5d71e5de-6d45-4480-a1f1-d41cc2d38630: receive RaftClientReply:client-D47EFDF0E133->5d71e5de-6d45-4480-a1f1-d41cc2d38630@group-C6AEA7A4B82B, cid=1276, SUCCESS, logIndex=2203, commits[5d71e5de-6d45-4480-a1f1-d41cc2d38630:c2203]
2019-06-13 13:50:33,097 INFO  client.GrpcClientProtocolClient (GrpcClientProtocolClient.java:onNext(254)) - client-D47EFDF0E133->5d71e5de-6d45-4480-a1f1-d41cc2d38630: receive RaftClientReply:client-D47EFDF0E133->5d71e5de-6d45-4480-a1f1-d41cc2d38630@group-C6AEA7A4B82B, cid=1277, SUCCESS, logIndex=2205, commits[5d71e5de-6d45-4480-a1f1-d41cc2d38630:c2205]
2019-06-13 13:50:33,098 INFO  client.GrpcClientProtocolClient (GrpcClientProtocolClient.java:onNext(254)) - client-D47EFDF0E133->5d71e5de-6d45-4480-a1f1-d41cc2d38630: receive RaftClientReply:client-D47EFDF0E133->5d71e5de-6d45-4480-a1f1-d41cc2d38630@group-C6AEA7A4B82B, cid=1278, SUCCESS, logIndex=2207, commits[5d71e5de-6d45-4480-a1f1-d41cc2d38630:c2207]
2019-06-13 13:50:33,098 INFO  client.GrpcClientProtocolClient (GrpcClientProtocolClient.java:onNext(254)) - client-D47EFDF0E133->5d71e5de-6d45-4480-a1f1-d41cc2d38630: receive RaftClientReply:client-D47EFDF0E133->5d71e5de-6d45-4480-a1f1-d41cc2d38630@group-C6AEA7A4B82B, cid=1279, SUCCESS, logIndex=2208, commits[5d71e5de-6d45-4480-a1f1-d41cc2d38630:c2210]
2019-06-13 13:50:33,098 INFO  client.GrpcClientProtocolClient (GrpcClientProtocolClient.java:onNext(254)) - client-D47EFDF0E133->5d71e5de-6d45-4480-a1f1-d41cc2d38630: receive RaftClientReply:client-D47EFDF0E133->5d71e5de-6d45-4480-a1f1-d41cc2d38630@group-C6AEA7A4B82B, cid=1280, SUCCESS, logIndex=2209, commits[5d71e5de-6d45-4480-a1f1-d41cc2d38630:c2210]
2019-06-13 13:50:33,114 DEBUG block.SCMBlockDeletingService (SCMBlockDeletingService.java:call(138)) - Running DeletedBlockTransactionScanner
2019-06-13 13:50:33,114 DEBUG block.SCMBlockDeletingService (SCMBlockDeletingService.java:call(155)) - Scanned deleted blocks log and got 0 delTX to process.
2019-06-13 13:50:33,415 DEBUG block.SCMBlockDeletingService (SCMBlockDeletingService.java:call(138)) - Running DeletedBlockTransactionScanner
2019-06-13 13:50:33,415 DEBUG block.SCMBlockDeletingService (SCMBlockDeletingService.java:call(155)) - Scanned deleted blocks log and got 0 delTX to process.
2019-06-13 13:50:33,427 INFO  client.GrpcClientProtocolClient (GrpcClientProtocolClient.java:onNext(254)) - client-D47EFDF0E133->5d71e5de-6d45-4480-a1f1-d41cc2d38630: receive RaftClientReply:client-D47EFDF0E133->5d71e5de-6d45-4480-a1f1-d41cc2d38630@group-C6AEA7A4B82B, cid=1281, SUCCESS, logIndex=2211, commits[5d71e5de-6d45-4480-a1f1-d41cc2d38630:c2211]
2019-06-13 13:50:33,428 INFO  storage.RaftLogWorker (RaftLogWorker.java:rollLogSegment(303)) - 5d71e5de-6d45-4480-a1f1-d41cc2d38630-RaftLogWorker: Rolling segment log-2145_2213 to index:2213
2019-06-13 13:50:33,428 INFO  storage.RaftLogWorker (RaftLogWorker.java:execute(433)) - 5d71e5de-6d45-4480-a1f1-d41cc2d38630-RaftLogWorker: Rolled log segment from /opt/src/hadoop-ozone/integration-test/target/test-dir/MiniOzoneClusterImpl-c05bfa39-b333-4767-bc96-5a78f3430938/datanode-0/data/ratis/3aee30eb-3db1-472a-b851-c6aea7a4b82b/current/log_inprogress_2145 to /opt/src/hadoop-ozone/integration-test/target/test-dir/MiniOzoneClusterImpl-c05bfa39-b333-4767-bc96-5a78f3430938/datanode-0/data/ratis/3aee30eb-3db1-472a-b851-c6aea7a4b82b/current/log_2145-2213
2019-06-13 13:50:33,430 INFO  client.GrpcClientProtocolClient (GrpcClientProtocolClient.java:onNext(254)) - client-D47EFDF0E133->5d71e5de-6d45-4480-a1f1-d41cc2d38630: receive RaftClientReply:client-D47EFDF0E133->5d71e5de-6d45-4480-a1f1-d41cc2d38630@group-C6AEA7A4B82B, cid=1282, SUCCESS, logIndex=2213, commits[5d71e5de-6d45-4480-a1f1-d41cc2d38630:c2213]
2019-06-13 13:50:33,465 INFO  storage.RaftLogWorker (RaftLogWorker.java:execute(469)) - 5d71e5de-6d45-4480-a1f1-d41cc2d38630-RaftLogWorker: created new log segment /opt/src/hadoop-ozone/integration-test/target/test-dir/MiniOzoneClusterImpl-c05bfa39-b333-4767-bc96-5a78f3430938/datanode-0/data/ratis/3aee30eb-3db1-472a-b851-c6aea7a4b82b/current/log_inprogress_2214
2019-06-13 13:50:33,467 INFO  client.GrpcClientProtocolClient (GrpcClientProtocolClient.java:onNext(254)) - client-D47EFDF0E133->5d71e5de-6d45-4480-a1f1-d41cc2d38630: receive RaftClientReply:client-D47EFDF0E133->5d71e5de-6d45-4480-a1f1-d41cc2d38630@group-C6AEA7A4B82B, cid=1283, SUCCESS, logIndex=2214, commits[5d71e5de-6d45-4480-a1f1-d41cc2d38630:c2216]
2019-06-13 13:50:33,467 INFO  client.GrpcClientProtocolClient (GrpcClientProtocolClient.java:onNext(254)) - client-D47EFDF0E133->5d71e5de-6d45-4480-a1f1-d41cc2d38630: receive RaftClientReply:client-D47EFDF0E133->5d71e5de-6d45-4480-a1f1-d41cc2d38630@group-C6AEA7A4B82B, cid=1284, SUCCESS, logIndex=2216, commits[5d71e5de-6d45-4480-a1f1-d41cc2d38630:c2217]
2019-06-13 13:50:33,473 INFO  client.GrpcClientProtocolClient (GrpcClientProtocolClient.java:onNext(254)) - client-D47EFDF0E133->5d71e5de-6d45-4480-a1f1-d41cc2d38630: receive RaftClientReply:client-D47EFDF0E133->5d71e5de-6d45-4480-a1f1-d41cc2d38630@group-C6AEA7A4B82B, cid=1285, SUCCESS, logIndex=2218, commits[5d71e5de-6d45-4480-a1f1-d41cc2d38630:c2218]
2019-06-13 13:50:33,475 INFO  client.GrpcClientProtocolClient (GrpcClientProtocolClient.java:onNext(254)) - client-D47EFDF0E133->5d71e5de-6d45-4480-a1f1-d41cc2d38630: receive RaftClientReply:client-D47EFDF0E133->5d71e5de-6d45-4480-a1f1-d41cc2d38630@group-C6AEA7A4B82B, cid=1286, SUCCESS, logIndex=2220, commits[5d71e5de-6d45-4480-a1f1-d41cc2d38630:c2220]
2019-06-13 13:50:33,476 INFO  client.GrpcClientProtocolClient (GrpcClientProtocolClient.java:onNext(254)) - client-D47EFDF0E133->5d71e5de-6d45-4480-a1f1-d41cc2d38630: receive RaftClientReply:client-D47EFDF0E133->5d71e5de-6d45-4480-a1f1-d41cc2d38630@group-C6AEA7A4B82B, cid=1287, SUCCESS, logIndex=2221, commits[5d71e5de-6d45-4480-a1f1-d41cc2d38630:c2223]
2019-06-13 13:50:33,476 INFO  client.GrpcClientProtocolClient (GrpcClientProtocolClient.java:onNext(254)) - client-D47EFDF0E133->5d71e5de-6d45-4480-a1f1-d41cc2d38630: receive RaftClientReply:client-D47EFDF0E133->5d71e5de-6d45-4480-a1f1-d41cc2d38630@group-C6AEA7A4B82B, cid=1288, SUCCESS, logIndex=2222, commits[5d71e5de-6d45-4480-a1f1-d41cc2d38630:c2223]
2019-06-13 13:50:33,489 INFO  client.GrpcClientProtocolClient (GrpcClientProtocolClient.java:onNext(254)) - client-D47EFDF0E133->5d71e5de-6d45-4480-a1f1-d41cc2d38630: receive RaftClientReply:client-D47EFDF0E133->5d71e5de-6d45-4480-a1f1-d41cc2d38630@group-C6AEA7A4B82B, cid=1289, SUCCESS, logIndex=2224, commits[5d71e5de-6d45-4480-a1f1-d41cc2d38630:c2224]
2019-06-13 13:50:33,491 INFO  client.GrpcClientProtocolClient (GrpcClientProtocolClient.java:onNext(254)) - client-D47EFDF0E133->5d71e5de-6d45-4480-a1f1-d41cc2d38630: receive RaftClientReply:client-D47EFDF0E133->5d71e5de-6d45-4480-a1f1-d41cc2d38630@group-C6AEA7A4B82B, cid=1290, SUCCESS, logIndex=2226, commits[5d71e5de-6d45-4480-a1f1-d41cc2d38630:c2226]
2019-06-13 13:50:33,492 INFO  client.GrpcClientProtocolClient (GrpcClientProtocolClient.java:onNext(254)) - client-D47EFDF0E133->5d71e5de-6d45-4480-a1f1-d41cc2d38630: receive RaftClientReply:client-D47EFDF0E133->5d71e5de-6d45-4480-a1f1-d41cc2d38630@group-C6AEA7A4B82B, cid=1291, SUCCESS, logIndex=2227, commits[5d71e5de-6d45-4480-a1f1-d41cc2d38630:c2228]
2019-06-13 13:50:33,492 INFO  client.GrpcClientProtocolClient (GrpcClientProtocolClient.java:onNext(254)) - client-D47EFDF0E133->5d71e5de-6d45-4480-a1f1-d41cc2d38630: receive RaftClientReply:client-D47EFDF0E133->5d71e5de-6d45-4480-a1f1-d41cc2d38630@group-C6AEA7A4B82B, cid=1292, SUCCESS, logIndex=2228, commits[5d71e5de-6d45-4480-a1f1-d41cc2d38630:c2228]
2019-06-13 13:50:33,498 INFO  client.GrpcClientProtocolClient (GrpcClientProtocolClient.java:onNext(254)) - client-D47EFDF0E133->5d71e5de-6d45-4480-a1f1-d41cc2d38630: receive RaftClientReply:client-D47EFDF0E133->5d71e5de-6d45-4480-a1f1-d41cc2d38630@group-C6AEA7A4B82B, cid=1293, SUCCESS, logIndex=2231, commits[5d71e5de-6d45-4480-a1f1-d41cc2d38630:c2231]
2019-06-13 13:50:33,499 INFO  client.GrpcClientProtocolClient (GrpcClientProtocolClient.java:onNext(254)) - client-D47EFDF0E133->5d71e5de-6d45-4480-a1f1-d41cc2d38630: receive RaftClientReply:client-D47EFDF0E133->5d71e5de-6d45-4480-a1f1-d41cc2d38630@group-C6AEA7A4B82B, cid=1294, SUCCESS, logIndex=2233, commits[5d71e5de-6d45-4480-a1f1-d41cc2d38630:c2233]
2019-06-13 13:50:33,501 INFO  client.GrpcClientProtocolClient (GrpcClientProtocolClient.java:onNext(254)) - client-D47EFDF0E133->5d71e5de-6d45-4480-a1f1-d41cc2d38630: receive RaftClientReply:client-D47EFDF0E133->5d71e5de-6d45-4480-a1f1-d41cc2d38630@group-C6AEA7A4B82B, cid=1295, SUCCESS, logIndex=2235, commits[5d71e5de-6d45-4480-a1f1-d41cc2d38630:c2236]
2019-06-13 13:50:33,501 INFO  client.GrpcClientProtocolClient (GrpcClientProtocolClient.java:onNext(254)) - client-D47EFDF0E133->5d71e5de-6d45-4480-a1f1-d41cc2d38630: receive RaftClientReply:client-D47EFDF0E133->5d71e5de-6d45-4480-a1f1-d41cc2d38630@group-C6AEA7A4B82B, cid=1296, SUCCESS, logIndex=2236, commits[5d71e5de-6d45-4480-a1f1-d41cc2d38630:c2236]
2019-06-13 13:50:33,512 INFO  client.GrpcClientProtocolClient (GrpcClientProtocolClient.java:onNext(254)) - client-D47EFDF0E133->5d71e5de-6d45-4480-a1f1-d41cc2d38630: receive RaftClientReply:client-D47EFDF0E133->5d71e5de-6d45-4480-a1f1-d41cc2d38630@group-C6AEA7A4B82B, cid=1297, SUCCESS, logIndex=2238, commits[5d71e5de-6d45-4480-a1f1-d41cc2d38630:c2238]
2019-06-13 13:50:33,514 INFO  client.GrpcClientProtocolClient (GrpcClientProtocolClient.java:onNext(254)) - client-D47EFDF0E133->5d71e5de-6d45-4480-a1f1-d41cc2d38630: receive RaftClientReply:client-D47EFDF0E133->5d71e5de-6d45-4480-a1f1-d41cc2d38630@group-C6AEA7A4B82B, cid=1298, SUCCESS, logIndex=2240, commits[5d71e5de-6d45-4480-a1f1-d41cc2d38630:c2240]
2019-06-13 13:50:33,514 INFO  client.GrpcClientProtocolClient (GrpcClientProtocolClient.java:onNext(254)) - client-D47EFDF0E133->5d71e5de-6d45-4480-a1f1-d41cc2d38630: receive RaftClientReply:client-D47EFDF0E133->5d71e5de-6d45-4480-a1f1-d41cc2d38630@group-C6AEA7A4B82B, cid=1299, SUCCESS, logIndex=2241, commits[5d71e5de-6d45-4480-a1f1-d41cc2d38630:c2243]
2019-06-13 13:50:33,515 DEBUG block.SCMBlockDeletingService (SCMBlockDeletingService.java:call(138)) - Running DeletedBlockTransactionScanner
2019-06-13 13:50:33,515 DEBUG block.SCMBlockDeletingService (SCMBlockDeletingService.java:call(155)) - Scanned deleted blocks log and got 0 delTX to process.
2019-06-13 13:50:33,518 INFO  client.GrpcClientProtocolClient (GrpcClientProtocolClient.java:onNext(254)) - client-D47EFDF0E133->5d71e5de-6d45-4480-a1f1-d41cc2d38630: receive RaftClientReply:client-D47EFDF0E133->5d71e5de-6d45-4480-a1f1-d41cc2d38630@group-C6AEA7A4B82B, cid=1300, SUCCESS, logIndex=2242, commits[5d71e5de-6d45-4480-a1f1-d41cc2d38630:c2243]
2019-06-13 13:50:33,523 INFO  client.GrpcClientProtocolClient (GrpcClientProtocolClient.java:onNext(254)) - client-D47EFDF0E133->5d71e5de-6d45-4480-a1f1-d41cc2d38630: receive RaftClientReply:client-D47EFDF0E133->5d71e5de-6d45-4480-a1f1-d41cc2d38630@group-C6AEA7A4B82B, cid=1301, SUCCESS, logIndex=2244, commits[5d71e5de-6d45-4480-a1f1-d41cc2d38630:c2244]
2019-06-13 13:50:33,525 INFO  client.GrpcClientProtocolClient (GrpcClientProtocolClient.java:onNext(254)) - client-D47EFDF0E133->5d71e5de-6d45-4480-a1f1-d41cc2d38630: receive RaftClientReply:client-D47EFDF0E133->5d71e5de-6d45-4480-a1f1-d41cc2d38630@group-C6AEA7A4B82B, cid=1302, SUCCESS, logIndex=2246, commits[5d71e5de-6d45-4480-a1f1-d41cc2d38630:c2246]
2019-06-13 13:50:33,526 INFO  client.GrpcClientProtocolClient (GrpcClientProtocolClient.java:onNext(254)) - client-D47EFDF0E133->5d71e5de-6d45-4480-a1f1-d41cc2d38630: receive RaftClientReply:client-D47EFDF0E133->5d71e5de-6d45-4480-a1f1-d41cc2d38630@group-C6AEA7A4B82B, cid=1303, SUCCESS, logIndex=2247, commits[5d71e5de-6d45-4480-a1f1-d41cc2d38630:c2248]
2019-06-13 13:50:33,530 INFO  client.GrpcClientProtocolClient (GrpcClientProtocolClient.java:onNext(254)) - client-D47EFDF0E133->5d71e5de-6d45-4480-a1f1-d41cc2d38630: receive RaftClientReply:client-D47EFDF0E133->5d71e5de-6d45-4480-a1f1-d41cc2d38630@group-C6AEA7A4B82B, cid=1304, SUCCESS, logIndex=2248, commits[5d71e5de-6d45-4480-a1f1-d41cc2d38630:c2248]
2019-06-13 13:50:33,540 INFO  client.GrpcClientProtocolClient (GrpcClientProtocolClient.java:onNext(254)) - client-D47EFDF0E133->5d71e5de-6d45-4480-a1f1-d41cc2d38630: receive RaftClientReply:client-D47EFDF0E133->5d71e5de-6d45-4480-a1f1-d41cc2d38630@group-C6AEA7A4B82B, cid=1305, SUCCESS, logIndex=2251, commits[5d71e5de-6d45-4480-a1f1-d41cc2d38630:c2251]
2019-06-13 13:50:33,541 INFO  client.GrpcClientProtocolClient (GrpcClientProtocolClient.java:onNext(254)) - client-D47EFDF0E133->5d71e5de-6d45-4480-a1f1-d41cc2d38630: receive RaftClientReply:client-D47EFDF0E133->5d71e5de-6d45-4480-a1f1-d41cc2d38630@group-C6AEA7A4B82B, cid=1306, SUCCESS, logIndex=2253, commits[5d71e5de-6d45-4480-a1f1-d41cc2d38630:c2253]
2019-06-13 13:50:33,544 INFO  client.GrpcClientProtocolClient (GrpcClientProtocolClient.java:onNext(254)) - client-D47EFDF0E133->5d71e5de-6d45-4480-a1f1-d41cc2d38630: receive RaftClientReply:client-D47EFDF0E133->5d71e5de-6d45-4480-a1f1-d41cc2d38630@group-C6AEA7A4B82B, cid=1307, SUCCESS, logIndex=2255, commits[5d71e5de-6d45-4480-a1f1-d41cc2d38630:c2256]
2019-06-13 13:50:33,544 INFO  client.GrpcClientProtocolClient (GrpcClientProtocolClient.java:onNext(254)) - client-D47EFDF0E133->5d71e5de-6d45-4480-a1f1-d41cc2d38630: receive RaftClientReply:client-D47EFDF0E133->5d71e5de-6d45-4480-a1f1-d41cc2d38630@group-C6AEA7A4B82B, cid=1308, SUCCESS, logIndex=2256, commits[5d71e5de-6d45-4480-a1f1-d41cc2d38630:c2256]
2019-06-13 13:50:33,550 INFO  client.GrpcClientProtocolClient (GrpcClientProtocolClient.java:onNext(254)) - client-D47EFDF0E133->5d71e5de-6d45-4480-a1f1-d41cc2d38630: receive RaftClientReply:client-D47EFDF0E133->5d71e5de-6d45-4480-a1f1-d41cc2d38630@group-C6AEA7A4B82B, cid=1309, SUCCESS, logIndex=2258, commits[5d71e5de-6d45-4480-a1f1-d41cc2d38630:c2258]
2019-06-13 13:50:33,552 INFO  client.GrpcClientProtocolClient (GrpcClientProtocolClient.java:onNext(254)) - client-D47EFDF0E133->5d71e5de-6d45-4480-a1f1-d41cc2d38630: receive RaftClientReply:client-D47EFDF0E133->5d71e5de-6d45-4480-a1f1-d41cc2d38630@group-C6AEA7A4B82B, cid=1310, SUCCESS, logIndex=2260, commits[5d71e5de-6d45-4480-a1f1-d41cc2d38630:c2260]
2019-06-13 13:50:33,553 INFO  client.GrpcClientProtocolClient (GrpcClientProtocolClient.java:onNext(254)) - client-D47EFDF0E133->5d71e5de-6d45-4480-a1f1-d41cc2d38630: receive RaftClientReply:client-D47EFDF0E133->5d71e5de-6d45-4480-a1f1-d41cc2d38630@group-C6AEA7A4B82B, cid=1311, SUCCESS, logIndex=2261, commits[5d71e5de-6d45-4480-a1f1-d41cc2d38630:c2263]
2019-06-13 13:50:33,553 INFO  client.GrpcClientProtocolClient (GrpcClientProtocolClient.java:onNext(254)) - client-D47EFDF0E133->5d71e5de-6d45-4480-a1f1-d41cc2d38630: receive RaftClientReply:client-D47EFDF0E133->5d71e5de-6d45-4480-a1f1-d41cc2d38630@group-C6AEA7A4B82B, cid=1312, SUCCESS, logIndex=2262, commits[5d71e5de-6d45-4480-a1f1-d41cc2d38630:c2263]
2019-06-13 13:50:33,563 INFO  client.GrpcClientProtocolClient (GrpcClientProtocolClient.java:onNext(254)) - client-D47EFDF0E133->5d71e5de-6d45-4480-a1f1-d41cc2d38630: receive RaftClientReply:client-D47EFDF0E133->5d71e5de-6d45-4480-a1f1-d41cc2d38630@group-C6AEA7A4B82B, cid=1313, SUCCESS, logIndex=2264, commits[5d71e5de-6d45-4480-a1f1-d41cc2d38630:c2264]
2019-06-13 13:50:33,565 INFO  client.GrpcClientProtocolClient (GrpcClientProtocolClient.java:onNext(254)) - client-D47EFDF0E133->5d71e5de-6d45-4480-a1f1-d41cc2d38630: receive RaftClientReply:client-D47EFDF0E133->5d71e5de-6d45-4480-a1f1-d41cc2d38630@group-C6AEA7A4B82B, cid=1314, SUCCESS, logIndex=2266, commits[5d71e5de-6d45-4480-a1f1-d41cc2d38630:c2266]
2019-06-13 13:50:33,566 INFO  client.GrpcClientProtocolClient (GrpcClientProtocolClient.java:onNext(254)) - client-D47EFDF0E133->5d71e5de-6d45-4480-a1f1-d41cc2d38630: receive RaftClientReply:client-D47EFDF0E133->5d71e5de-6d45-4480-a1f1-d41cc2d38630@group-C6AEA7A4B82B, cid=1315, SUCCESS, logIndex=2267, commits[5d71e5de-6d45-4480-a1f1-d41cc2d38630:c2269]
2019-06-13 13:50:33,566 INFO  client.GrpcClientProtocolClient (GrpcClientProtocolClient.java:onNext(254)) - client-D47EFDF0E133->5d71e5de-6d45-4480-a1f1-d41cc2d38630: receive RaftClientReply:client-D47EFDF0E133->5d71e5de-6d45-4480-a1f1-d41cc2d38630@group-C6AEA7A4B82B, cid=1316, SUCCESS, logIndex=2268, commits[5d71e5de-6d45-4480-a1f1-d41cc2d38630:c2269]
2019-06-13 13:50:33,572 INFO  client.GrpcClientProtocolClient (GrpcClientProtocolClient.java:onNext(254)) - client-D47EFDF0E133->5d71e5de-6d45-4480-a1f1-d41cc2d38630: receive RaftClientReply:client-D47EFDF0E133->5d71e5de-6d45-4480-a1f1-d41cc2d38630@group-C6AEA7A4B82B, cid=1317, SUCCESS, logIndex=2270, commits[5d71e5de-6d45-4480-a1f1-d41cc2d38630:c2270]
2019-06-13 13:50:33,573 INFO  client.GrpcClientProtocolClient (GrpcClientProtocolClient.java:onNext(254)) - client-D47EFDF0E133->5d71e5de-6d45-4480-a1f1-d41cc2d38630: receive RaftClientReply:client-D47EFDF0E133->5d71e5de-6d45-4480-a1f1-d41cc2d38630@group-C6AEA7A4B82B, cid=1318, SUCCESS, logIndex=2272, commits[5d71e5de-6d45-4480-a1f1-d41cc2d38630:c2272]
2019-06-13 13:50:33,574 INFO  client.GrpcClientProtocolClient (GrpcClientProtocolClient.java:onNext(254)) - client-D47EFDF0E133->5d71e5de-6d45-4480-a1f1-d41cc2d38630: receive RaftClientReply:client-D47EFDF0E133->5d71e5de-6d45-4480-a1f1-d41cc2d38630@group-C6AEA7A4B82B, cid=1319, SUCCESS, logIndex=2273, commits[5d71e5de-6d45-4480-a1f1-d41cc2d38630:c2275]
2019-06-13 13:50:33,574 INFO  client.GrpcClientProtocolClient (GrpcClientProtocolClient.java:onNext(254)) - client-D47EFDF0E133->5d71e5de-6d45-4480-a1f1-d41cc2d38630: receive RaftClientReply:client-D47EFDF0E133->5d71e5de-6d45-4480-a1f1-d41cc2d38630@group-C6AEA7A4B82B, cid=1320, SUCCESS, logIndex=2274, commits[5d71e5de-6d45-4480-a1f1-d41cc2d38630:c2275]
2019-06-13 13:50:33,584 INFO  client.GrpcClientProtocolClient (GrpcClientProtocolClient.java:onNext(254)) - client-D47EFDF0E133->5d71e5de-6d45-4480-a1f1-d41cc2d38630: receive RaftClientReply:client-D47EFDF0E133->5d71e5de-6d45-4480-a1f1-d41cc2d38630@group-C6AEA7A4B82B, cid=1321, SUCCESS, logIndex=2276, commits[5d71e5de-6d45-4480-a1f1-d41cc2d38630:c2276]
2019-06-13 13:50:33,590 INFO  client.GrpcClientProtocolClient (GrpcClientProtocolClient.java:onNext(254)) - client-D47EFDF0E133->5d71e5de-6d45-4480-a1f1-d41cc2d38630: receive RaftClientReply:client-D47EFDF0E133->5d71e5de-6d45-4480-a1f1-d41cc2d38630@group-C6AEA7A4B82B, cid=1322, SUCCESS, logIndex=2278, commits[5d71e5de-6d45-4480-a1f1-d41cc2d38630:c2278]
2019-06-13 13:50:33,590 INFO  client.GrpcClientProtocolClient (GrpcClientProtocolClient.java:onNext(254)) - client-D47EFDF0E133->5d71e5de-6d45-4480-a1f1-d41cc2d38630: receive RaftClientReply:client-D47EFDF0E133->5d71e5de-6d45-4480-a1f1-d41cc2d38630@group-C6AEA7A4B82B, cid=1323, SUCCESS, logIndex=2279, commits[5d71e5de-6d45-4480-a1f1-d41cc2d38630:c2281]
2019-06-13 13:50:33,590 INFO  client.GrpcClientProtocolClient (GrpcClientProtocolClient.java:onNext(254)) - client-D47EFDF0E133->5d71e5de-6d45-4480-a1f1-d41cc2d38630: receive RaftClientReply:client-D47EFDF0E133->5d71e5de-6d45-4480-a1f1-d41cc2d38630@group-C6AEA7A4B82B, cid=1324, SUCCESS, logIndex=2280, commits[5d71e5de-6d45-4480-a1f1-d41cc2d38630:c2281]
2019-06-13 13:50:33,596 INFO  storage.RaftLogWorker (RaftLogWorker.java:rollLogSegment(303)) - 5d71e5de-6d45-4480-a1f1-d41cc2d38630-RaftLogWorker: Rolling segment log-2214_2283 to index:2283
2019-06-13 13:50:33,596 INFO  storage.RaftLogWorker (RaftLogWorker.java:execute(433)) - 5d71e5de-6d45-4480-a1f1-d41cc2d38630-RaftLogWorker: Rolled log segment from /opt/src/hadoop-ozone/integration-test/target/test-dir/MiniOzoneClusterImpl-c05bfa39-b333-4767-bc96-5a78f3430938/datanode-0/data/ratis/3aee30eb-3db1-472a-b851-c6aea7a4b82b/current/log_inprogress_2214 to /opt/src/hadoop-ozone/integration-test/target/test-dir/MiniOzoneClusterImpl-c05bfa39-b333-4767-bc96-5a78f3430938/datanode-0/data/ratis/3aee30eb-3db1-472a-b851-c6aea7a4b82b/current/log_2214-2283
2019-06-13 13:50:33,597 INFO  client.GrpcClientProtocolClient (GrpcClientProtocolClient.java:onNext(254)) - client-D47EFDF0E133->5d71e5de-6d45-4480-a1f1-d41cc2d38630: receive RaftClientReply:client-D47EFDF0E133->5d71e5de-6d45-4480-a1f1-d41cc2d38630@group-C6AEA7A4B82B, cid=1325, SUCCESS, logIndex=2282, commits[5d71e5de-6d45-4480-a1f1-d41cc2d38630:c2282]
2019-06-13 13:50:33,616 DEBUG block.SCMBlockDeletingService (SCMBlockDeletingService.java:call(138)) - Running DeletedBlockTransactionScanner
2019-06-13 13:50:33,617 DEBUG block.SCMBlockDeletingService (SCMBlockDeletingService.java:call(155)) - Scanned deleted blocks log and got 0 delTX to process.
2019-06-13 13:50:33,640 INFO  storage.RaftLogWorker (RaftLogWorker.java:execute(469)) - 5d71e5de-6d45-4480-a1f1-d41cc2d38630-RaftLogWorker: created new log segment /opt/src/hadoop-ozone/integration-test/target/test-dir/MiniOzoneClusterImpl-c05bfa39-b333-4767-bc96-5a78f3430938/datanode-0/data/ratis/3aee30eb-3db1-472a-b851-c6aea7a4b82b/current/log_inprogress_2284
2019-06-13 13:50:33,641 INFO  client.GrpcClientProtocolClient (GrpcClientProtocolClient.java:onNext(254)) - client-D47EFDF0E133->5d71e5de-6d45-4480-a1f1-d41cc2d38630: receive RaftClientReply:client-D47EFDF0E133->5d71e5de-6d45-4480-a1f1-d41cc2d38630@group-C6AEA7A4B82B, cid=1326, SUCCESS, logIndex=2284, commits[5d71e5de-6d45-4480-a1f1-d41cc2d38630:c2284]
2019-06-13 13:50:33,675 INFO  client.GrpcClientProtocolClient (GrpcClientProtocolClient.java:onNext(254)) - client-D47EFDF0E133->5d71e5de-6d45-4480-a1f1-d41cc2d38630: receive RaftClientReply:client-D47EFDF0E133->5d71e5de-6d45-4480-a1f1-d41cc2d38630@group-C6AEA7A4B82B, cid=1327, SUCCESS, logIndex=2286, commits[5d71e5de-6d45-4480-a1f1-d41cc2d38630:c2286]
2019-06-13 13:50:33,676 INFO  client.GrpcClientProtocolClient (GrpcClientProtocolClient.java:onNext(254)) - client-D47EFDF0E133->5d71e5de-6d45-4480-a1f1-d41cc2d38630: receive RaftClientReply:client-D47EFDF0E133->5d71e5de-6d45-4480-a1f1-d41cc2d38630@group-C6AEA7A4B82B, cid=1328, SUCCESS, logIndex=2288, commits[5d71e5de-6d45-4480-a1f1-d41cc2d38630:c2288]
2019-06-13 13:50:33,685 INFO  client.GrpcClientProtocolClient (GrpcClientProtocolClient.java:onNext(254)) - client-D47EFDF0E133->5d71e5de-6d45-4480-a1f1-d41cc2d38630: receive RaftClientReply:client-D47EFDF0E133->5d71e5de-6d45-4480-a1f1-d41cc2d38630@group-C6AEA7A4B82B, cid=1329, SUCCESS, logIndex=2290, commits[5d71e5de-6d45-4480-a1f1-d41cc2d38630:c2290]
2019-06-13 13:50:33,686 INFO  client.GrpcClientProtocolClient (GrpcClientProtocolClient.java:onNext(254)) - client-D47EFDF0E133->5d71e5de-6d45-4480-a1f1-d41cc2d38630: receive RaftClientReply:client-D47EFDF0E133->5d71e5de-6d45-4480-a1f1-d41cc2d38630@group-C6AEA7A4B82B, cid=1330, SUCCESS, logIndex=2292, commits[5d71e5de-6d45-4480-a1f1-d41cc2d38630:c2292]
2019-06-13 13:50:33,687 INFO  client.GrpcClientProtocolClient (GrpcClientProtocolClient.java:onNext(254)) - client-D47EFDF0E133->5d71e5de-6d45-4480-a1f1-d41cc2d38630: receive RaftClientReply:client-D47EFDF0E133->5d71e5de-6d45-4480-a1f1-d41cc2d38630@group-C6AEA7A4B82B, cid=1331, SUCCESS, logIndex=2293, commits[5d71e5de-6d45-4480-a1f1-d41cc2d38630:c2295]
2019-06-13 13:50:33,687 INFO  client.GrpcClientProtocolClient (GrpcClientProtocolClient.java:onNext(254)) - client-D47EFDF0E133->5d71e5de-6d45-4480-a1f1-d41cc2d38630: receive RaftClientReply:client-D47EFDF0E133->5d71e5de-6d45-4480-a1f1-d41cc2d38630@group-C6AEA7A4B82B, cid=1332, SUCCESS, logIndex=2294, commits[5d71e5de-6d45-4480-a1f1-d41cc2d38630:c2295]
2019-06-13 13:50:33,693 INFO  client.GrpcClientProtocolClient (GrpcClientProtocolClient.java:onNext(254)) - client-D47EFDF0E133->5d71e5de-6d45-4480-a1f1-d41cc2d38630: receive RaftClientReply:client-D47EFDF0E133->5d71e5de-6d45-4480-a1f1-d41cc2d38630@group-C6AEA7A4B82B, cid=1333, SUCCESS, logIndex=2296, commits[5d71e5de-6d45-4480-a1f1-d41cc2d38630:c2296]
2019-06-13 13:50:33,695 INFO  client.GrpcClientProtocolClient (GrpcClientProtocolClient.java:onNext(254)) - client-D47EFDF0E133->5d71e5de-6d45-4480-a1f1-d41cc2d38630: receive RaftClientReply:client-D47EFDF0E133->5d71e5de-6d45-4480-a1f1-d41cc2d38630@group-C6AEA7A4B82B, cid=1334, SUCCESS, logIndex=2298, commits[5d71e5de-6d45-4480-a1f1-d41cc2d38630:c2298]
2019-06-13 13:50:33,696 INFO  client.GrpcClientProtocolClient (GrpcClientProtocolClient.java:onNext(254)) - client-D47EFDF0E133->5d71e5de-6d45-4480-a1f1-d41cc2d38630: receive RaftClientReply:client-D47EFDF0E133->5d71e5de-6d45-4480-a1f1-d41cc2d38630@group-C6AEA7A4B82B, cid=1335, SUCCESS, logIndex=2299, commits[5d71e5de-6d45-4480-a1f1-d41cc2d38630:c2301]
2019-06-13 13:50:33,696 INFO  client.GrpcClientProtocolClient (GrpcClientProtocolClient.java:onNext(254)) - client-D47EFDF0E133->5d71e5de-6d45-4480-a1f1-d41cc2d38630: receive RaftClientReply:client-D47EFDF0E133->5d71e5de-6d45-4480-a1f1-d41cc2d38630@group-C6AEA7A4B82B, cid=1336, SUCCESS, logIndex=2300, commits[5d71e5de-6d45-4480-a1f1-d41cc2d38630:c2301]
2019-06-13 13:50:33,705 INFO  client.GrpcClientProtocolClient (GrpcClientProtocolClient.java:onNext(254)) - client-D47EFDF0E133->5d71e5de-6d45-4480-a1f1-d41cc2d38630: receive RaftClientReply:client-D47EFDF0E133->5d71e5de-6d45-4480-a1f1-d41cc2d38630@group-C6AEA7A4B82B, cid=1337, SUCCESS, logIndex=2302, commits[5d71e5de-6d45-4480-a1f1-d41cc2d38630:c2302]
2019-06-13 13:50:33,707 INFO  client.GrpcClientProtocolClient (GrpcClientProtocolClient.java:onNext(254)) - client-D47EFDF0E133->5d71e5de-6d45-4480-a1f1-d41cc2d38630: receive RaftClientReply:client-D47EFDF0E133->5d71e5de-6d45-4480-a1f1-d41cc2d38630@group-C6AEA7A4B82B, cid=1338, SUCCESS, logIndex=2304, commits[5d71e5de-6d45-4480-a1f1-d41cc2d38630:c2304]
2019-06-13 13:50:33,707 INFO  client.GrpcClientProtocolClient (GrpcClientProtocolClient.java:onNext(254)) - client-D47EFDF0E133->5d71e5de-6d45-4480-a1f1-d41cc2d38630: receive RaftClientReply:client-D47EFDF0E133->5d71e5de-6d45-4480-a1f1-d41cc2d38630@group-C6AEA7A4B82B, cid=1339, SUCCESS, logIndex=2305, commits[5d71e5de-6d45-4480-a1f1-d41cc2d38630:c2307]
2019-06-13 13:50:33,708 INFO  client.GrpcClientProtocolClient (GrpcClientProtocolClient.java:onNext(254)) - client-D47EFDF0E133->5d71e5de-6d45-4480-a1f1-d41cc2d38630: receive RaftClientReply:client-D47EFDF0E133->5d71e5de-6d45-4480-a1f1-d41cc2d38630@group-C6AEA7A4B82B, cid=1340, SUCCESS, logIndex=2306, commits[5d71e5de-6d45-4480-a1f1-d41cc2d38630:c2307]
2019-06-13 13:50:33,713 INFO  client.GrpcClientProtocolClient (GrpcClientProtocolClient.java:onNext(254)) - client-D47EFDF0E133->5d71e5de-6d45-4480-a1f1-d41cc2d38630: receive RaftClientReply:client-D47EFDF0E133->5d71e5de-6d45-4480-a1f1-d41cc2d38630@group-C6AEA7A4B82B, cid=1341, SUCCESS, logIndex=2308, commits[5d71e5de-6d45-4480-a1f1-d41cc2d38630:c2308]
2019-06-13 13:50:33,716 INFO  client.GrpcClientProtocolClient (GrpcClientProtocolClient.java:onNext(254)) - client-D47EFDF0E133->5d71e5de-6d45-4480-a1f1-d41cc2d38630: receive RaftClientReply:client-D47EFDF0E133->5d71e5de-6d45-4480-a1f1-d41cc2d38630@group-C6AEA7A4B82B, cid=1342, SUCCESS, logIndex=2310, commits[5d71e5de-6d45-4480-a1f1-d41cc2d38630:c2310]
2019-06-13 13:50:33,716 INFO  client.GrpcClientProtocolClient (GrpcClientProtocolClient.java:onNext(254)) - client-D47EFDF0E133->5d71e5de-6d45-4480-a1f1-d41cc2d38630: receive RaftClientReply:client-D47EFDF0E133->5d71e5de-6d45-4480-a1f1-d41cc2d38630@group-C6AEA7A4B82B, cid=1343, SUCCESS, logIndex=2311, commits[5d71e5de-6d45-4480-a1f1-d41cc2d38630:c2313]
2019-06-13 13:50:33,718 DEBUG block.SCMBlockDeletingService (SCMBlockDeletingService.java:call(138)) - Running DeletedBlockTransactionScanner
2019-06-13 13:50:33,718 DEBUG block.SCMBlockDeletingService (SCMBlockDeletingService.java:call(155)) - Scanned deleted blocks log and got 0 delTX to process.
2019-06-13 13:50:33,718 INFO  client.GrpcClientProtocolClient (GrpcClientProtocolClient.java:onNext(254)) - client-D47EFDF0E133->5d71e5de-6d45-4480-a1f1-d41cc2d38630: receive RaftClientReply:client-D47EFDF0E133->5d71e5de-6d45-4480-a1f1-d41cc2d38630@group-C6AEA7A4B82B, cid=1344, SUCCESS, logIndex=2312, commits[5d71e5de-6d45-4480-a1f1-d41cc2d38630:c2313]
2019-06-13 13:50:33,729 INFO  client.GrpcClientProtocolClient (GrpcClientProtocolClient.java:onNext(254)) - client-D47EFDF0E133->5d71e5de-6d45-4480-a1f1-d41cc2d38630: receive RaftClientReply:client-D47EFDF0E133->5d71e5de-6d45-4480-a1f1-d41cc2d38630@group-C6AEA7A4B82B, cid=1345, SUCCESS, logIndex=2314, commits[5d71e5de-6d45-4480-a1f1-d41cc2d38630:c2314]
2019-06-13 13:50:33,731 INFO  client.GrpcClientProtocolClient (GrpcClientProtocolClient.java:onNext(254)) - client-D47EFDF0E133->5d71e5de-6d45-4480-a1f1-d41cc2d38630: receive RaftClientReply:client-D47EFDF0E133->5d71e5de-6d45-4480-a1f1-d41cc2d38630@group-C6AEA7A4B82B, cid=1346, SUCCESS, logIndex=2316, commits[5d71e5de-6d45-4480-a1f1-d41cc2d38630:c2316]
2019-06-13 13:50:33,732 INFO  client.GrpcClientProtocolClient (GrpcClientProtocolClient.java:onNext(254)) - client-D47EFDF0E133->5d71e5de-6d45-4480-a1f1-d41cc2d38630: receive RaftClientReply:client-D47EFDF0E133->5d71e5de-6d45-4480-a1f1-d41cc2d38630@group-C6AEA7A4B82B, cid=1347, SUCCESS, logIndex=2317, commits[5d71e5de-6d45-4480-a1f1-d41cc2d38630:c2318]
2019-06-13 13:50:33,734 INFO  client.GrpcClientProtocolClient (GrpcClientProtocolClient.java:onNext(254)) - client-D47EFDF0E133->5d71e5de-6d45-4480-a1f1-d41cc2d38630: receive RaftClientReply:client-D47EFDF0E133->5d71e5de-6d45-4480-a1f1-d41cc2d38630@group-C6AEA7A4B82B, cid=1348, SUCCESS, logIndex=2318, commits[5d71e5de-6d45-4480-a1f1-d41cc2d38630:c2318]
2019-06-13 13:50:33,739 INFO  client.GrpcClientProtocolClient (GrpcClientProtocolClient.java:onNext(254)) - client-D47EFDF0E133->5d71e5de-6d45-4480-a1f1-d41cc2d38630: receive RaftClientReply:client-D47EFDF0E133->5d71e5de-6d45-4480-a1f1-d41cc2d38630@group-C6AEA7A4B82B, cid=1349, SUCCESS, logIndex=2321, commits[5d71e5de-6d45-4480-a1f1-d41cc2d38630:c2321]
2019-06-13 13:50:33,742 INFO  client.GrpcClientProtocolClient (GrpcClientProtocolClient.java:onNext(254)) - client-D47EFDF0E133->5d71e5de-6d45-4480-a1f1-d41cc2d38630: receive RaftClientReply:client-D47EFDF0E133->5d71e5de-6d45-4480-a1f1-d41cc2d38630@group-C6AEA7A4B82B, cid=1350, SUCCESS, logIndex=2323, commits[5d71e5de-6d45-4480-a1f1-d41cc2d38630:c2323]
2019-06-13 13:50:33,742 INFO  client.GrpcClientProtocolClient (GrpcClientProtocolClient.java:onNext(254)) - client-D47EFDF0E133->5d71e5de-6d45-4480-a1f1-d41cc2d38630: receive RaftClientReply:client-D47EFDF0E133->5d71e5de-6d45-4480-a1f1-d41cc2d38630@group-C6AEA7A4B82B, cid=1351, SUCCESS, logIndex=2324, commits[5d71e5de-6d45-4480-a1f1-d41cc2d38630:c2324]
2019-06-13 13:50:33,743 INFO  client.GrpcClientProtocolClient (GrpcClientProtocolClient.java:onNext(254)) - client-D47EFDF0E133->5d71e5de-6d45-4480-a1f1-d41cc2d38630: receive RaftClientReply:client-D47EFDF0E133->5d71e5de-6d45-4480-a1f1-d41cc2d38630@group-C6AEA7A4B82B, cid=1352, SUCCESS, logIndex=2326, commits[5d71e5de-6d45-4480-a1f1-d41cc2d38630:c2326]
2019-06-13 13:50:33,753 INFO  client.GrpcClientProtocolClient (GrpcClientProtocolClient.java:onNext(254)) - client-D47EFDF0E133->5d71e5de-6d45-4480-a1f1-d41cc2d38630: receive RaftClientReply:client-D47EFDF0E133->5d71e5de-6d45-4480-a1f1-d41cc2d38630@group-C6AEA7A4B82B, cid=1353, SUCCESS, logIndex=2329, commits[5d71e5de-6d45-4480-a1f1-d41cc2d38630:c2329]
2019-06-13 13:50:33,754 INFO  client.GrpcClientProtocolClient (GrpcClientProtocolClient.java:onNext(254)) - client-D47EFDF0E133->5d71e5de-6d45-4480-a1f1-d41cc2d38630: receive RaftClientReply:client-D47EFDF0E133->5d71e5de-6d45-4480-a1f1-d41cc2d38630@group-C6AEA7A4B82B, cid=1354, SUCCESS, logIndex=2331, commits[5d71e5de-6d45-4480-a1f1-d41cc2d38630:c2331]
2019-06-13 13:50:33,757 INFO  client.GrpcClientProtocolClient (GrpcClientProtocolClient.java:onNext(254)) - client-D47EFDF0E133->5d71e5de-6d45-4480-a1f1-d41cc2d38630: receive RaftClientReply:client-D47EFDF0E133->5d71e5de-6d45-4480-a1f1-d41cc2d38630@group-C6AEA7A4B82B, cid=1355, SUCCESS, logIndex=2333, commits[5d71e5de-6d45-4480-a1f1-d41cc2d38630:c2334]
2019-06-13 13:50:33,757 INFO  client.GrpcClientProtocolClient (GrpcClientProtocolClient.java:onNext(254)) - client-D47EFDF0E133->5d71e5de-6d45-4480-a1f1-d41cc2d38630: receive RaftClientReply:client-D47EFDF0E133->5d71e5de-6d45-4480-a1f1-d41cc2d38630@group-C6AEA7A4B82B, cid=1356, SUCCESS, logIndex=2334, commits[5d71e5de-6d45-4480-a1f1-d41cc2d38630:c2334]
2019-06-13 13:50:33,763 INFO  client.GrpcClientProtocolClient (GrpcClientProtocolClient.java:onNext(254)) - client-D47EFDF0E133->5d71e5de-6d45-4480-a1f1-d41cc2d38630: receive RaftClientReply:client-D47EFDF0E133->5d71e5de-6d45-4480-a1f1-d41cc2d38630@group-C6AEA7A4B82B, cid=1357, SUCCESS, logIndex=2336, commits[5d71e5de-6d45-4480-a1f1-d41cc2d38630:c2336]
2019-06-13 13:50:33,765 INFO  client.GrpcClientProtocolClient (GrpcClientProtocolClient.java:onNext(254)) - client-D47EFDF0E133->5d71e5de-6d45-4480-a1f1-d41cc2d38630: receive RaftClientReply:client-D47EFDF0E133->5d71e5de-6d45-4480-a1f1-d41cc2d38630@group-C6AEA7A4B82B, cid=1358, SUCCESS, logIndex=2338, commits[5d71e5de-6d45-4480-a1f1-d41cc2d38630:c2338]
2019-06-13 13:50:33,765 INFO  client.GrpcClientProtocolClient (GrpcClientProtocolClient.java:onNext(254)) - client-D47EFDF0E133->5d71e5de-6d45-4480-a1f1-d41cc2d38630: receive RaftClientReply:client-D47EFDF0E133->5d71e5de-6d45-4480-a1f1-d41cc2d38630@group-C6AEA7A4B82B, cid=1359, SUCCESS, logIndex=2339, commits[5d71e5de-6d45-4480-a1f1-d41cc2d38630:c2340]
2019-06-13 13:50:33,766 INFO  client.GrpcClientProtocolClient (GrpcClientProtocolClient.java:onNext(254)) - client-D47EFDF0E133->5d71e5de-6d45-4480-a1f1-d41cc2d38630: receive RaftClientReply:client-D47EFDF0E133->5d71e5de-6d45-4480-a1f1-d41cc2d38630@group-C6AEA7A4B82B, cid=1360, SUCCESS, logIndex=2340, commits[5d71e5de-6d45-4480-a1f1-d41cc2d38630:c2340]
2019-06-13 13:50:33,775 INFO  client.GrpcClientProtocolClient (GrpcClientProtocolClient.java:onNext(254)) - client-D47EFDF0E133->5d71e5de-6d45-4480-a1f1-d41cc2d38630: receive RaftClientReply:client-D47EFDF0E133->5d71e5de-6d45-4480-a1f1-d41cc2d38630@group-C6AEA7A4B82B, cid=1361, SUCCESS, logIndex=2343, commits[5d71e5de-6d45-4480-a1f1-d41cc2d38630:c2343]
2019-06-13 13:50:33,776 INFO  client.GrpcClientProtocolClient (GrpcClientProtocolClient.java:onNext(254)) - client-D47EFDF0E133->5d71e5de-6d45-4480-a1f1-d41cc2d38630: receive RaftClientReply:client-D47EFDF0E133->5d71e5de-6d45-4480-a1f1-d41cc2d38630@group-C6AEA7A4B82B, cid=1362, SUCCESS, logIndex=2345, commits[5d71e5de-6d45-4480-a1f1-d41cc2d38630:c2345]
2019-06-13 13:50:33,777 INFO  client.GrpcClientProtocolClient (GrpcClientProtocolClient.java:onNext(254)) - client-D47EFDF0E133->5d71e5de-6d45-4480-a1f1-d41cc2d38630: receive RaftClientReply:client-D47EFDF0E133->5d71e5de-6d45-4480-a1f1-d41cc2d38630@group-C6AEA7A4B82B, cid=1363, SUCCESS, logIndex=2346, commits[5d71e5de-6d45-4480-a1f1-d41cc2d38630:c2348]
2019-06-13 13:50:33,778 INFO  client.GrpcClientProtocolClient (GrpcClientProtocolClient.java:onNext(254)) - client-D47EFDF0E133->5d71e5de-6d45-4480-a1f1-d41cc2d38630: receive RaftClientReply:client-D47EFDF0E133->5d71e5de-6d45-4480-a1f1-d41cc2d38630@group-C6AEA7A4B82B, cid=1364, SUCCESS, logIndex=2347, commits[5d71e5de-6d45-4480-a1f1-d41cc2d38630:c2348]
2019-06-13 13:50:33,783 INFO  client.GrpcClientProtocolClient (GrpcClientProtocolClient.java:onNext(254)) - client-D47EFDF0E133->5d71e5de-6d45-4480-a1f1-d41cc2d38630: receive RaftClientReply:client-D47EFDF0E133->5d71e5de-6d45-4480-a1f1-d41cc2d38630@group-C6AEA7A4B82B, cid=1365, SUCCESS, logIndex=2349, commits[5d71e5de-6d45-4480-a1f1-d41cc2d38630:c2349]
2019-06-13 13:50:33,784 INFO  storage.RaftLogWorker (RaftLogWorker.java:rollLogSegment(303)) - 5d71e5de-6d45-4480-a1f1-d41cc2d38630-RaftLogWorker: Rolling segment log-2284_2352 to index:2352
2019-06-13 13:50:33,785 INFO  storage.RaftLogWorker (RaftLogWorker.java:execute(433)) - 5d71e5de-6d45-4480-a1f1-d41cc2d38630-RaftLogWorker: Rolled log segment from /opt/src/hadoop-ozone/integration-test/target/test-dir/MiniOzoneClusterImpl-c05bfa39-b333-4767-bc96-5a78f3430938/datanode-0/data/ratis/3aee30eb-3db1-472a-b851-c6aea7a4b82b/current/log_inprogress_2284 to /opt/src/hadoop-ozone/integration-test/target/test-dir/MiniOzoneClusterImpl-c05bfa39-b333-4767-bc96-5a78f3430938/datanode-0/data/ratis/3aee30eb-3db1-472a-b851-c6aea7a4b82b/current/log_2284-2352
2019-06-13 13:50:33,786 INFO  client.GrpcClientProtocolClient (GrpcClientProtocolClient.java:onNext(254)) - client-D47EFDF0E133->5d71e5de-6d45-4480-a1f1-d41cc2d38630: receive RaftClientReply:client-D47EFDF0E133->5d71e5de-6d45-4480-a1f1-d41cc2d38630@group-C6AEA7A4B82B, cid=1366, SUCCESS, logIndex=2351, commits[5d71e5de-6d45-4480-a1f1-d41cc2d38630:c2351]
2019-06-13 13:50:33,790 INFO  client.GrpcClientProtocolClient (GrpcClientProtocolClient.java:onNext(254)) - client-D47EFDF0E133->5d71e5de-6d45-4480-a1f1-d41cc2d38630: receive RaftClientReply:client-D47EFDF0E133->5d71e5de-6d45-4480-a1f1-d41cc2d38630@group-C6AEA7A4B82B, cid=1367, SUCCESS, logIndex=2352, commits[5d71e5de-6d45-4480-a1f1-d41cc2d38630:c2352]
2019-06-13 13:50:33,818 DEBUG block.SCMBlockDeletingService (SCMBlockDeletingService.java:call(138)) - Running DeletedBlockTransactionScanner
2019-06-13 13:50:33,826 DEBUG block.SCMBlockDeletingService (SCMBlockDeletingService.java:call(155)) - Scanned deleted blocks log and got 0 delTX to process.
2019-06-13 13:50:33,828 INFO  storage.RaftLogWorker (RaftLogWorker.java:execute(469)) - 5d71e5de-6d45-4480-a1f1-d41cc2d38630-RaftLogWorker: created new log segment /opt/src/hadoop-ozone/integration-test/target/test-dir/MiniOzoneClusterImpl-c05bfa39-b333-4767-bc96-5a78f3430938/datanode-0/data/ratis/3aee30eb-3db1-472a-b851-c6aea7a4b82b/current/log_inprogress_2353
2019-06-13 13:50:33,830 INFO  client.GrpcClientProtocolClient (GrpcClientProtocolClient.java:onNext(254)) - client-D47EFDF0E133->5d71e5de-6d45-4480-a1f1-d41cc2d38630: receive RaftClientReply:client-D47EFDF0E133->5d71e5de-6d45-4480-a1f1-d41cc2d38630@group-C6AEA7A4B82B, cid=1368, SUCCESS, logIndex=2353, commits[5d71e5de-6d45-4480-a1f1-d41cc2d38630:c2355]
2019-06-13 13:50:33,843 INFO  client.GrpcClientProtocolClient (GrpcClientProtocolClient.java:onNext(254)) - client-D47EFDF0E133->5d71e5de-6d45-4480-a1f1-d41cc2d38630: receive RaftClientReply:client-D47EFDF0E133->5d71e5de-6d45-4480-a1f1-d41cc2d38630@group-C6AEA7A4B82B, cid=1369, SUCCESS, logIndex=2356, commits[5d71e5de-6d45-4480-a1f1-d41cc2d38630:c2356]
2019-06-13 13:50:33,844 INFO  client.GrpcClientProtocolClient (GrpcClientProtocolClient.java:onNext(254)) - client-D47EFDF0E133->5d71e5de-6d45-4480-a1f1-d41cc2d38630: receive RaftClientReply:client-D47EFDF0E133->5d71e5de-6d45-4480-a1f1-d41cc2d38630@group-C6AEA7A4B82B, cid=1370, SUCCESS, logIndex=2358, commits[5d71e5de-6d45-4480-a1f1-d41cc2d38630:c2358]
2019-06-13 13:50:33,958 DEBUG block.SCMBlockDeletingService (SCMBlockDeletingService.java:call(138)) - Running DeletedBlockTransactionScanner
2019-06-13 13:50:33,958 DEBUG block.SCMBlockDeletingService (SCMBlockDeletingService.java:call(155)) - Scanned deleted blocks log and got 0 delTX to process.
2019-06-13 13:50:33,972 INFO  client.GrpcClientProtocolClient (GrpcClientProtocolClient.java:onNext(254)) - client-D47EFDF0E133->5d71e5de-6d45-4480-a1f1-d41cc2d38630: receive RaftClientReply:client-D47EFDF0E133->5d71e5de-6d45-4480-a1f1-d41cc2d38630@group-C6AEA7A4B82B, cid=1371, SUCCESS, logIndex=2360, commits[5d71e5de-6d45-4480-a1f1-d41cc2d38630:c2360]
2019-06-13 13:50:33,973 INFO  client.GrpcClientProtocolClient (GrpcClientProtocolClient.java:onNext(254)) - client-D47EFDF0E133->5d71e5de-6d45-4480-a1f1-d41cc2d38630: receive RaftClientReply:client-D47EFDF0E133->5d71e5de-6d45-4480-a1f1-d41cc2d38630@group-C6AEA7A4B82B, cid=1372, SUCCESS, logIndex=2362, commits[5d71e5de-6d45-4480-a1f1-d41cc2d38630:c2362]
2019-06-13 13:50:33,979 INFO  client.GrpcClientProtocolClient (GrpcClientProtocolClient.java:onNext(254)) - client-D47EFDF0E133->5d71e5de-6d45-4480-a1f1-d41cc2d38630: receive RaftClientReply:client-D47EFDF0E133->5d71e5de-6d45-4480-a1f1-d41cc2d38630@group-C6AEA7A4B82B, cid=1373, SUCCESS, logIndex=2364, commits[5d71e5de-6d45-4480-a1f1-d41cc2d38630:c2364]
2019-06-13 13:50:33,981 INFO  client.GrpcClientProtocolClient (GrpcClientProtocolClient.java:onNext(254)) - client-D47EFDF0E133->5d71e5de-6d45-4480-a1f1-d41cc2d38630: receive RaftClientReply:client-D47EFDF0E133->5d71e5de-6d45-4480-a1f1-d41cc2d38630@group-C6AEA7A4B82B, cid=1374, SUCCESS, logIndex=2366, commits[5d71e5de-6d45-4480-a1f1-d41cc2d38630:c2366]
2019-06-13 13:50:33,982 INFO  client.GrpcClientProtocolClient (GrpcClientProtocolClient.java:onNext(254)) - client-D47EFDF0E133->5d71e5de-6d45-4480-a1f1-d41cc2d38630: receive RaftClientReply:client-D47EFDF0E133->5d71e5de-6d45-4480-a1f1-d41cc2d38630@group-C6AEA7A4B82B, cid=1375, SUCCESS, logIndex=2367, commits[5d71e5de-6d45-4480-a1f1-d41cc2d38630:c2367]
2019-06-13 13:50:33,983 INFO  client.GrpcClientProtocolClient (GrpcClientProtocolClient.java:onNext(254)) - client-D47EFDF0E133->5d71e5de-6d45-4480-a1f1-d41cc2d38630: receive RaftClientReply:client-D47EFDF0E133->5d71e5de-6d45-4480-a1f1-d41cc2d38630@group-C6AEA7A4B82B, cid=1376, SUCCESS, logIndex=2370, commits[5d71e5de-6d45-4480-a1f1-d41cc2d38630:c2370]
2019-06-13 13:50:33,992 INFO  client.GrpcClientProtocolClient (GrpcClientProtocolClient.java:onNext(254)) - client-D47EFDF0E133->5d71e5de-6d45-4480-a1f1-d41cc2d38630: receive RaftClientReply:client-D47EFDF0E133->5d71e5de-6d45-4480-a1f1-d41cc2d38630@group-C6AEA7A4B82B, cid=1377, SUCCESS, logIndex=2372, commits[5d71e5de-6d45-4480-a1f1-d41cc2d38630:c2372]
2019-06-13 13:50:33,995 INFO  client.GrpcClientProtocolClient (GrpcClientProtocolClient.java:onNext(254)) - client-D47EFDF0E133->5d71e5de-6d45-4480-a1f1-d41cc2d38630: receive RaftClientReply:client-D47EFDF0E133->5d71e5de-6d45-4480-a1f1-d41cc2d38630@group-C6AEA7A4B82B, cid=1378, SUCCESS, logIndex=2374, commits[5d71e5de-6d45-4480-a1f1-d41cc2d38630:c2375]
2019-06-13 13:50:33,995 INFO  client.GrpcClientProtocolClient (GrpcClientProtocolClient.java:onNext(254)) - client-D47EFDF0E133->5d71e5de-6d45-4480-a1f1-d41cc2d38630: receive RaftClientReply:client-D47EFDF0E133->5d71e5de-6d45-4480-a1f1-d41cc2d38630@group-C6AEA7A4B82B, cid=1379, SUCCESS, logIndex=2375, commits[5d71e5de-6d45-4480-a1f1-d41cc2d38630:c2375]
2019-06-13 13:50:33,996 INFO  client.GrpcClientProtocolClient (GrpcClientProtocolClient.java:onNext(254)) - client-D47EFDF0E133->5d71e5de-6d45-4480-a1f1-d41cc2d38630: receive RaftClientReply:client-D47EFDF0E133->5d71e5de-6d45-4480-a1f1-d41cc2d38630@group-C6AEA7A4B82B, cid=1380, SUCCESS, logIndex=2377, commits[5d71e5de-6d45-4480-a1f1-d41cc2d38630:c2377]
2019-06-13 13:50:34,001 INFO  client.GrpcClientProtocolClient (GrpcClientProtocolClient.java:onNext(254)) - client-D47EFDF0E133->5d71e5de-6d45-4480-a1f1-d41cc2d38630: receive RaftClientReply:client-D47EFDF0E133->5d71e5de-6d45-4480-a1f1-d41cc2d38630@group-C6AEA7A4B82B, cid=1381, SUCCESS, logIndex=2379, commits[5d71e5de-6d45-4480-a1f1-d41cc2d38630:c2379]
2019-06-13 13:50:34,003 INFO  client.GrpcClientProtocolClient (GrpcClientProtocolClient.java:onNext(254)) - client-D47EFDF0E133->5d71e5de-6d45-4480-a1f1-d41cc2d38630: receive RaftClientReply:client-D47EFDF0E133->5d71e5de-6d45-4480-a1f1-d41cc2d38630@group-C6AEA7A4B82B, cid=1382, SUCCESS, logIndex=2381, commits[5d71e5de-6d45-4480-a1f1-d41cc2d38630:c2381]
2019-06-13 13:50:34,005 INFO  client.GrpcClientProtocolClient (GrpcClientProtocolClient.java:onNext(254)) - client-D47EFDF0E133->5d71e5de-6d45-4480-a1f1-d41cc2d38630: receive RaftClientReply:client-D47EFDF0E133->5d71e5de-6d45-4480-a1f1-d41cc2d38630@group-C6AEA7A4B82B, cid=1383, SUCCESS, logIndex=2383, commits[5d71e5de-6d45-4480-a1f1-d41cc2d38630:c2384]
2019-06-13 13:50:34,006 INFO  client.GrpcClientProtocolClient (GrpcClientProtocolClient.java:onNext(254)) - client-D47EFDF0E133->5d71e5de-6d45-4480-a1f1-d41cc2d38630: receive RaftClientReply:client-D47EFDF0E133->5d71e5de-6d45-4480-a1f1-d41cc2d38630@group-C6AEA7A4B82B, cid=1384, SUCCESS, logIndex=2384, commits[5d71e5de-6d45-4480-a1f1-d41cc2d38630:c2384]
2019-06-13 13:50:34,014 INFO  client.GrpcClientProtocolClient (GrpcClientProtocolClient.java:onNext(254)) - client-D47EFDF0E133->5d71e5de-6d45-4480-a1f1-d41cc2d38630: receive RaftClientReply:client-D47EFDF0E133->5d71e5de-6d45-4480-a1f1-d41cc2d38630@group-C6AEA7A4B82B, cid=1385, SUCCESS, logIndex=2386, commits[5d71e5de-6d45-4480-a1f1-d41cc2d38630:c2386]
2019-06-13 13:50:34,016 INFO  client.GrpcClientProtocolClient (GrpcClientProtocolClient.java:onNext(254)) - client-D47EFDF0E133->5d71e5de-6d45-4480-a1f1-d41cc2d38630: receive RaftClientReply:client-D47EFDF0E133->5d71e5de-6d45-4480-a1f1-d41cc2d38630@group-C6AEA7A4B82B, cid=1386, SUCCESS, logIndex=2388, commits[5d71e5de-6d45-4480-a1f1-d41cc2d38630:c2388]
2019-06-13 13:50:34,017 INFO  client.GrpcClientProtocolClient (GrpcClientProtocolClient.java:onNext(254)) - client-D47EFDF0E133->5d71e5de-6d45-4480-a1f1-d41cc2d38630: receive RaftClientReply:client-D47EFDF0E133->5d71e5de-6d45-4480-a1f1-d41cc2d38630@group-C6AEA7A4B82B, cid=1387, SUCCESS, logIndex=2389, commits[5d71e5de-6d45-4480-a1f1-d41cc2d38630:c2391]
2019-06-13 13:50:34,018 INFO  client.GrpcClientProtocolClient (GrpcClientProtocolClient.java:onNext(254)) - client-D47EFDF0E133->5d71e5de-6d45-4480-a1f1-d41cc2d38630: receive RaftClientReply:client-D47EFDF0E133->5d71e5de-6d45-4480-a1f1-d41cc2d38630@group-C6AEA7A4B82B, cid=1388, SUCCESS, logIndex=2390, commits[5d71e5de-6d45-4480-a1f1-d41cc2d38630:c2391]
2019-06-13 13:50:34,023 INFO  client.GrpcClientProtocolClient (GrpcClientProtocolClient.java:onNext(254)) - client-D47EFDF0E133->5d71e5de-6d45-4480-a1f1-d41cc2d38630: receive RaftClientReply:client-D47EFDF0E133->5d71e5de-6d45-4480-a1f1-d41cc2d38630@group-C6AEA7A4B82B, cid=1389, SUCCESS, logIndex=2392, commits[5d71e5de-6d45-4480-a1f1-d41cc2d38630:c2392]
2019-06-13 13:50:34,025 INFO  client.GrpcClientProtocolClient (GrpcClientProtocolClient.java:onNext(254)) - client-D47EFDF0E133->5d71e5de-6d45-4480-a1f1-d41cc2d38630: receive RaftClientReply:client-D47EFDF0E133->5d71e5de-6d45-4480-a1f1-d41cc2d38630@group-C6AEA7A4B82B, cid=1390, SUCCESS, logIndex=2394, commits[5d71e5de-6d45-4480-a1f1-d41cc2d38630:c2394]
2019-06-13 13:50:34,026 INFO  client.GrpcClientProtocolClient (GrpcClientProtocolClient.java:onNext(254)) - client-D47EFDF0E133->5d71e5de-6d45-4480-a1f1-d41cc2d38630: receive RaftClientReply:client-D47EFDF0E133->5d71e5de-6d45-4480-a1f1-d41cc2d38630@group-C6AEA7A4B82B, cid=1391, SUCCESS, logIndex=2395, commits[5d71e5de-6d45-4480-a1f1-d41cc2d38630:c2396]
2019-06-13 13:50:34,026 INFO  client.GrpcClientProtocolClient (GrpcClientProtocolClient.java:onNext(254)) - client-D47EFDF0E133->5d71e5de-6d45-4480-a1f1-d41cc2d38630: receive RaftClientReply:client-D47EFDF0E133->5d71e5de-6d45-4480-a1f1-d41cc2d38630@group-C6AEA7A4B82B, cid=1392, SUCCESS, logIndex=2396, commits[5d71e5de-6d45-4480-a1f1-d41cc2d38630:c2396]
2019-06-13 13:50:34,035 INFO  client.GrpcClientProtocolClient (GrpcClientProtocolClient.java:onNext(254)) - client-D47EFDF0E133->5d71e5de-6d45-4480-a1f1-d41cc2d38630: receive RaftClientReply:client-D47EFDF0E133->5d71e5de-6d45-4480-a1f1-d41cc2d38630@group-C6AEA7A4B82B, cid=1393, SUCCESS, logIndex=2399, commits[5d71e5de-6d45-4480-a1f1-d41cc2d38630:c2399]
2019-06-13 13:50:34,036 INFO  client.GrpcClientProtocolClient (GrpcClientProtocolClient.java:onNext(254)) - client-D47EFDF0E133->5d71e5de-6d45-4480-a1f1-d41cc2d38630: receive RaftClientReply:client-D47EFDF0E133->5d71e5de-6d45-4480-a1f1-d41cc2d38630@group-C6AEA7A4B82B, cid=1394, SUCCESS, logIndex=2401, commits[5d71e5de-6d45-4480-a1f1-d41cc2d38630:c2401]
2019-06-13 13:50:34,038 INFO  client.GrpcClientProtocolClient (GrpcClientProtocolClient.java:onNext(254)) - client-D47EFDF0E133->5d71e5de-6d45-4480-a1f1-d41cc2d38630: receive RaftClientReply:client-D47EFDF0E133->5d71e5de-6d45-4480-a1f1-d41cc2d38630@group-C6AEA7A4B82B, cid=1395, SUCCESS, logIndex=2403, commits[5d71e5de-6d45-4480-a1f1-d41cc2d38630:c2403]
2019-06-13 13:50:34,039 INFO  client.GrpcClientProtocolClient (GrpcClientProtocolClient.java:onNext(254)) - client-D47EFDF0E133->5d71e5de-6d45-4480-a1f1-d41cc2d38630: receive RaftClientReply:client-D47EFDF0E133->5d71e5de-6d45-4480-a1f1-d41cc2d38630@group-C6AEA7A4B82B, cid=1396, SUCCESS, logIndex=2404, commits[5d71e5de-6d45-4480-a1f1-d41cc2d38630:c2404]
2019-06-13 13:50:34,045 INFO  client.GrpcClientProtocolClient (GrpcClientProtocolClient.java:onNext(254)) - client-D47EFDF0E133->5d71e5de-6d45-4480-a1f1-d41cc2d38630: receive RaftClientReply:client-D47EFDF0E133->5d71e5de-6d45-4480-a1f1-d41cc2d38630@group-C6AEA7A4B82B, cid=1397, SUCCESS, logIndex=2407, commits[5d71e5de-6d45-4480-a1f1-d41cc2d38630:c2407]
2019-06-13 13:50:34,046 INFO  client.GrpcClientProtocolClient (GrpcClientProtocolClient.java:onNext(254)) - client-D47EFDF0E133->5d71e5de-6d45-4480-a1f1-d41cc2d38630: receive RaftClientReply:client-D47EFDF0E133->5d71e5de-6d45-4480-a1f1-d41cc2d38630@group-C6AEA7A4B82B, cid=1398, SUCCESS, logIndex=2409, commits[5d71e5de-6d45-4480-a1f1-d41cc2d38630:c2409]
2019-06-13 13:50:34,048 INFO  client.GrpcClientProtocolClient (GrpcClientProtocolClient.java:onNext(254)) - client-D47EFDF0E133->5d71e5de-6d45-4480-a1f1-d41cc2d38630: receive RaftClientReply:client-D47EFDF0E133->5d71e5de-6d45-4480-a1f1-d41cc2d38630@group-C6AEA7A4B82B, cid=1399, SUCCESS, logIndex=2410, commits[5d71e5de-6d45-4480-a1f1-d41cc2d38630:c2412]
2019-06-13 13:50:34,048 INFO  client.GrpcClientProtocolClient (GrpcClientProtocolClient.java:onNext(254)) - client-D47EFDF0E133->5d71e5de-6d45-4480-a1f1-d41cc2d38630: receive RaftClientReply:client-D47EFDF0E133->5d71e5de-6d45-4480-a1f1-d41cc2d38630@group-C6AEA7A4B82B, cid=1400, SUCCESS, logIndex=2411, commits[5d71e5de-6d45-4480-a1f1-d41cc2d38630:c2412]
2019-06-13 13:50:34,057 INFO  client.GrpcClientProtocolClient (GrpcClientProtocolClient.java:onNext(254)) - client-D47EFDF0E133->5d71e5de-6d45-4480-a1f1-d41cc2d38630: receive RaftClientReply:client-D47EFDF0E133->5d71e5de-6d45-4480-a1f1-d41cc2d38630@group-C6AEA7A4B82B, cid=1401, SUCCESS, logIndex=2413, commits[5d71e5de-6d45-4480-a1f1-d41cc2d38630:c2413]
2019-06-13 13:50:34,059 DEBUG block.SCMBlockDeletingService (SCMBlockDeletingService.java:call(138)) - Running DeletedBlockTransactionScanner
2019-06-13 13:50:34,059 DEBUG block.SCMBlockDeletingService (SCMBlockDeletingService.java:call(155)) - Scanned deleted blocks log and got 0 delTX to process.
2019-06-13 13:50:34,060 INFO  client.GrpcClientProtocolClient (GrpcClientProtocolClient.java:onNext(254)) - client-D47EFDF0E133->5d71e5de-6d45-4480-a1f1-d41cc2d38630: receive RaftClientReply:client-D47EFDF0E133->5d71e5de-6d45-4480-a1f1-d41cc2d38630@group-C6AEA7A4B82B, cid=1402, SUCCESS, logIndex=2415, commits[5d71e5de-6d45-4480-a1f1-d41cc2d38630:c2415]
2019-06-13 13:50:34,061 INFO  client.GrpcClientProtocolClient (GrpcClientProtocolClient.java:onNext(254)) - client-D47EFDF0E133->5d71e5de-6d45-4480-a1f1-d41cc2d38630: receive RaftClientReply:client-D47EFDF0E133->5d71e5de-6d45-4480-a1f1-d41cc2d38630@group-C6AEA7A4B82B, cid=1403, SUCCESS, logIndex=2416, commits[5d71e5de-6d45-4480-a1f1-d41cc2d38630:c2418]
2019-06-13 13:50:34,061 INFO  client.GrpcClientProtocolClient (GrpcClientProtocolClient.java:onNext(254)) - client-D47EFDF0E133->5d71e5de-6d45-4480-a1f1-d41cc2d38630: receive RaftClientReply:client-D47EFDF0E133->5d71e5de-6d45-4480-a1f1-d41cc2d38630@group-C6AEA7A4B82B, cid=1404, SUCCESS, logIndex=2417, commits[5d71e5de-6d45-4480-a1f1-d41cc2d38630:c2418]
2019-06-13 13:50:34,067 INFO  client.GrpcClientProtocolClient (GrpcClientProtocolClient.java:onNext(254)) - client-D47EFDF0E133->5d71e5de-6d45-4480-a1f1-d41cc2d38630: receive RaftClientReply:client-D47EFDF0E133->5d71e5de-6d45-4480-a1f1-d41cc2d38630@group-C6AEA7A4B82B, cid=1405, SUCCESS, logIndex=2419, commits[5d71e5de-6d45-4480-a1f1-d41cc2d38630:c2420]
2019-06-13 13:50:34,069 INFO  client.GrpcClientProtocolClient (GrpcClientProtocolClient.java:onNext(254)) - client-D47EFDF0E133->5d71e5de-6d45-4480-a1f1-d41cc2d38630: receive RaftClientReply:client-D47EFDF0E133->5d71e5de-6d45-4480-a1f1-d41cc2d38630@group-C6AEA7A4B82B, cid=1406, SUCCESS, logIndex=2421, commits[5d71e5de-6d45-4480-a1f1-d41cc2d38630:c2421]
2019-06-13 13:50:34,074 INFO  client.GrpcClientProtocolClient (GrpcClientProtocolClient.java:onNext(254)) - client-D47EFDF0E133->5d71e5de-6d45-4480-a1f1-d41cc2d38630: receive RaftClientReply:client-D47EFDF0E133->5d71e5de-6d45-4480-a1f1-d41cc2d38630@group-C6AEA7A4B82B, cid=1407, SUCCESS, logIndex=2422, commits[5d71e5de-6d45-4480-a1f1-d41cc2d38630:c2423]
2019-06-13 13:50:34,078 INFO  client.GrpcClientProtocolClient (GrpcClientProtocolClient.java:onNext(254)) - client-D47EFDF0E133->5d71e5de-6d45-4480-a1f1-d41cc2d38630: receive RaftClientReply:client-D47EFDF0E133->5d71e5de-6d45-4480-a1f1-d41cc2d38630@group-C6AEA7A4B82B, cid=1408, SUCCESS, logIndex=2424, commits[5d71e5de-6d45-4480-a1f1-d41cc2d38630:c2424]
2019-06-13 13:50:34,090 INFO  client.GrpcClientProtocolClient (GrpcClientProtocolClient.java:onNext(254)) - client-D47EFDF0E133->5d71e5de-6d45-4480-a1f1-d41cc2d38630: receive RaftClientReply:client-D47EFDF0E133->5d71e5de-6d45-4480-a1f1-d41cc2d38630@group-C6AEA7A4B82B, cid=1409, SUCCESS, logIndex=2426, commits[5d71e5de-6d45-4480-a1f1-d41cc2d38630:c2426]
2019-06-13 13:50:34,090 INFO  storage.RaftLogWorker (RaftLogWorker.java:rollLogSegment(303)) - 5d71e5de-6d45-4480-a1f1-d41cc2d38630-RaftLogWorker: Rolling segment log-2353_2428 to index:2428
2019-06-13 13:50:34,091 INFO  storage.RaftLogWorker (RaftLogWorker.java:execute(433)) - 5d71e5de-6d45-4480-a1f1-d41cc2d38630-RaftLogWorker: Rolled log segment from /opt/src/hadoop-ozone/integration-test/target/test-dir/MiniOzoneClusterImpl-c05bfa39-b333-4767-bc96-5a78f3430938/datanode-0/data/ratis/3aee30eb-3db1-472a-b851-c6aea7a4b82b/current/log_inprogress_2353 to /opt/src/hadoop-ozone/integration-test/target/test-dir/MiniOzoneClusterImpl-c05bfa39-b333-4767-bc96-5a78f3430938/datanode-0/data/ratis/3aee30eb-3db1-472a-b851-c6aea7a4b82b/current/log_2353-2428
2019-06-13 13:50:34,098 INFO  client.GrpcClientProtocolClient (GrpcClientProtocolClient.java:onNext(254)) - client-D47EFDF0E133->5d71e5de-6d45-4480-a1f1-d41cc2d38630: receive RaftClientReply:client-D47EFDF0E133->5d71e5de-6d45-4480-a1f1-d41cc2d38630@group-C6AEA7A4B82B, cid=1410, SUCCESS, logIndex=2428, commits[5d71e5de-6d45-4480-a1f1-d41cc2d38630:c2428]
2019-06-13 13:50:34,129 INFO  storage.RaftLogWorker (RaftLogWorker.java:execute(469)) - 5d71e5de-6d45-4480-a1f1-d41cc2d38630-RaftLogWorker: created new log segment /opt/src/hadoop-ozone/integration-test/target/test-dir/MiniOzoneClusterImpl-c05bfa39-b333-4767-bc96-5a78f3430938/datanode-0/data/ratis/3aee30eb-3db1-472a-b851-c6aea7a4b82b/current/log_inprogress_2429
2019-06-13 13:50:34,131 INFO  client.GrpcClientProtocolClient (GrpcClientProtocolClient.java:onNext(254)) - client-D47EFDF0E133->5d71e5de-6d45-4480-a1f1-d41cc2d38630: receive RaftClientReply:client-D47EFDF0E133->5d71e5de-6d45-4480-a1f1-d41cc2d38630@group-C6AEA7A4B82B, cid=1411, SUCCESS, logIndex=2429, commits[5d71e5de-6d45-4480-a1f1-d41cc2d38630:c2431]
2019-06-13 13:50:34,132 INFO  client.GrpcClientProtocolClient (GrpcClientProtocolClient.java:onNext(254)) - client-D47EFDF0E133->5d71e5de-6d45-4480-a1f1-d41cc2d38630: receive RaftClientReply:client-D47EFDF0E133->5d71e5de-6d45-4480-a1f1-d41cc2d38630@group-C6AEA7A4B82B, cid=1412, SUCCESS, logIndex=2431, commits[5d71e5de-6d45-4480-a1f1-d41cc2d38630:c2432]
2019-06-13 13:50:34,137 INFO  client.GrpcClientProtocolClient (GrpcClientProtocolClient.java:onNext(254)) - client-D47EFDF0E133->5d71e5de-6d45-4480-a1f1-d41cc2d38630: receive RaftClientReply:client-D47EFDF0E133->5d71e5de-6d45-4480-a1f1-d41cc2d38630@group-C6AEA7A4B82B, cid=1413, SUCCESS, logIndex=2433, commits[5d71e5de-6d45-4480-a1f1-d41cc2d38630:c2433]
2019-06-13 13:50:34,139 INFO  client.GrpcClientProtocolClient (GrpcClientProtocolClient.java:onNext(254)) - client-D47EFDF0E133->5d71e5de-6d45-4480-a1f1-d41cc2d38630: receive RaftClientReply:client-D47EFDF0E133->5d71e5de-6d45-4480-a1f1-d41cc2d38630@group-C6AEA7A4B82B, cid=1414, SUCCESS, logIndex=2435, commits[5d71e5de-6d45-4480-a1f1-d41cc2d38630:c2435]
2019-06-13 13:50:34,159 DEBUG block.SCMBlockDeletingService (SCMBlockDeletingService.java:call(138)) - Running DeletedBlockTransactionScanner
2019-06-13 13:50:34,159 DEBUG block.SCMBlockDeletingService (SCMBlockDeletingService.java:call(155)) - Scanned deleted blocks log and got 0 delTX to process.
2019-06-13 13:50:34,206 INFO  client.GrpcClientProtocolClient (GrpcClientProtocolClient.java:onNext(254)) - client-D47EFDF0E133->5d71e5de-6d45-4480-a1f1-d41cc2d38630: receive RaftClientReply:client-D47EFDF0E133->5d71e5de-6d45-4480-a1f1-d41cc2d38630@group-C6AEA7A4B82B, cid=1415, SUCCESS, logIndex=2437, commits[5d71e5de-6d45-4480-a1f1-d41cc2d38630:c2437]
2019-06-13 13:50:34,207 INFO  client.GrpcClientProtocolClient (GrpcClientProtocolClient.java:onNext(254)) - client-D47EFDF0E133->5d71e5de-6d45-4480-a1f1-d41cc2d38630: receive RaftClientReply:client-D47EFDF0E133->5d71e5de-6d45-4480-a1f1-d41cc2d38630@group-C6AEA7A4B82B, cid=1416, SUCCESS, logIndex=2439, commits[5d71e5de-6d45-4480-a1f1-d41cc2d38630:c2439]
2019-06-13 13:50:34,216 INFO  client.GrpcClientProtocolClient (GrpcClientProtocolClient.java:onNext(254)) - client-D47EFDF0E133->5d71e5de-6d45-4480-a1f1-d41cc2d38630: receive RaftClientReply:client-D47EFDF0E133->5d71e5de-6d45-4480-a1f1-d41cc2d38630@group-C6AEA7A4B82B, cid=1417, SUCCESS, logIndex=2441, commits[5d71e5de-6d45-4480-a1f1-d41cc2d38630:c2441]
2019-06-13 13:50:34,218 INFO  client.GrpcClientProtocolClient (GrpcClientProtocolClient.java:onNext(254)) - client-D47EFDF0E133->5d71e5de-6d45-4480-a1f1-d41cc2d38630: receive RaftClientReply:client-D47EFDF0E133->5d71e5de-6d45-4480-a1f1-d41cc2d38630@group-C6AEA7A4B82B, cid=1418, SUCCESS, logIndex=2443, commits[5d71e5de-6d45-4480-a1f1-d41cc2d38630:c2443]
2019-06-13 13:50:34,218 INFO  client.GrpcClientProtocolClient (GrpcClientProtocolClient.java:onNext(254)) - client-D47EFDF0E133->5d71e5de-6d45-4480-a1f1-d41cc2d38630: receive RaftClientReply:client-D47EFDF0E133->5d71e5de-6d45-4480-a1f1-d41cc2d38630@group-C6AEA7A4B82B, cid=1419, SUCCESS, logIndex=2444, commits[5d71e5de-6d45-4480-a1f1-d41cc2d38630:c2446]
2019-06-13 13:50:34,219 INFO  client.GrpcClientProtocolClient (GrpcClientProtocolClient.java:onNext(254)) - client-D47EFDF0E133->5d71e5de-6d45-4480-a1f1-d41cc2d38630: receive RaftClientReply:client-D47EFDF0E133->5d71e5de-6d45-4480-a1f1-d41cc2d38630@group-C6AEA7A4B82B, cid=1420, SUCCESS, logIndex=2445, commits[5d71e5de-6d45-4480-a1f1-d41cc2d38630:c2446]
2019-06-13 13:50:34,224 INFO  client.GrpcClientProtocolClient (GrpcClientProtocolClient.java:onNext(254)) - client-D47EFDF0E133->5d71e5de-6d45-4480-a1f1-d41cc2d38630: receive RaftClientReply:client-D47EFDF0E133->5d71e5de-6d45-4480-a1f1-d41cc2d38630@group-C6AEA7A4B82B, cid=1421, SUCCESS, logIndex=2447, commits[5d71e5de-6d45-4480-a1f1-d41cc2d38630:c2447]
2019-06-13 13:50:34,226 INFO  client.GrpcClientProtocolClient (GrpcClientProtocolClient.java:onNext(254)) - client-D47EFDF0E133->5d71e5de-6d45-4480-a1f1-d41cc2d38630: receive RaftClientReply:client-D47EFDF0E133->5d71e5de-6d45-4480-a1f1-d41cc2d38630@group-C6AEA7A4B82B, cid=1422, SUCCESS, logIndex=2449, commits[5d71e5de-6d45-4480-a1f1-d41cc2d38630:c2451]
2019-06-13 13:50:34,234 INFO  client.GrpcClientProtocolClient (GrpcClientProtocolClient.java:onNext(254)) - client-D47EFDF0E133->5d71e5de-6d45-4480-a1f1-d41cc2d38630: receive RaftClientReply:client-D47EFDF0E133->5d71e5de-6d45-4480-a1f1-d41cc2d38630@group-C6AEA7A4B82B, cid=1423, SUCCESS, logIndex=2450, commits[5d71e5de-6d45-4480-a1f1-d41cc2d38630:c2451]
2019-06-13 13:50:34,234 INFO  client.GrpcClientProtocolClient (GrpcClientProtocolClient.java:onNext(254)) - client-D47EFDF0E133->5d71e5de-6d45-4480-a1f1-d41cc2d38630: receive RaftClientReply:client-D47EFDF0E133->5d71e5de-6d45-4480-a1f1-d41cc2d38630@group-C6AEA7A4B82B, cid=1424, SUCCESS, logIndex=2451, commits[5d71e5de-6d45-4480-a1f1-d41cc2d38630:c2452]
2019-06-13 13:50:34,243 INFO  client.GrpcClientProtocolClient (GrpcClientProtocolClient.java:onNext(254)) - client-D47EFDF0E133->5d71e5de-6d45-4480-a1f1-d41cc2d38630: receive RaftClientReply:client-D47EFDF0E133->5d71e5de-6d45-4480-a1f1-d41cc2d38630@group-C6AEA7A4B82B, cid=1425, SUCCESS, logIndex=2453, commits[5d71e5de-6d45-4480-a1f1-d41cc2d38630:c2453]
2019-06-13 13:50:34,244 INFO  client.GrpcClientProtocolClient (GrpcClientProtocolClient.java:onNext(254)) - client-D47EFDF0E133->5d71e5de-6d45-4480-a1f1-d41cc2d38630: receive RaftClientReply:client-D47EFDF0E133->5d71e5de-6d45-4480-a1f1-d41cc2d38630@group-C6AEA7A4B82B, cid=1426, SUCCESS, logIndex=2455, commits[5d71e5de-6d45-4480-a1f1-d41cc2d38630:c2455]
2019-06-13 13:50:34,245 INFO  client.GrpcClientProtocolClient (GrpcClientProtocolClient.java:onNext(254)) - client-D47EFDF0E133->5d71e5de-6d45-4480-a1f1-d41cc2d38630: receive RaftClientReply:client-D47EFDF0E133->5d71e5de-6d45-4480-a1f1-d41cc2d38630@group-C6AEA7A4B82B, cid=1427, SUCCESS, logIndex=2456, commits[5d71e5de-6d45-4480-a1f1-d41cc2d38630:c2458]
2019-06-13 13:50:34,246 INFO  client.GrpcClientProtocolClient (GrpcClientProtocolClient.java:onNext(254)) - client-D47EFDF0E133->5d71e5de-6d45-4480-a1f1-d41cc2d38630: receive RaftClientReply:client-D47EFDF0E133->5d71e5de-6d45-4480-a1f1-d41cc2d38630@group-C6AEA7A4B82B, cid=1428, SUCCESS, logIndex=2457, commits[5d71e5de-6d45-4480-a1f1-d41cc2d38630:c2458]
2019-06-13 13:50:34,251 INFO  client.GrpcClientProtocolClient (GrpcClientProtocolClient.java:onNext(254)) - client-D47EFDF0E133->5d71e5de-6d45-4480-a1f1-d41cc2d38630: receive RaftClientReply:client-D47EFDF0E133->5d71e5de-6d45-4480-a1f1-d41cc2d38630@group-C6AEA7A4B82B, cid=1429, SUCCESS, logIndex=2459, commits[5d71e5de-6d45-4480-a1f1-d41cc2d38630:c2459]
2019-06-13 13:50:34,253 INFO  client.GrpcClientProtocolClient (GrpcClientProtocolClient.java:onNext(254)) - client-D47EFDF0E133->5d71e5de-6d45-4480-a1f1-d41cc2d38630: receive RaftClientReply:client-D47EFDF0E133->5d71e5de-6d45-4480-a1f1-d41cc2d38630@group-C6AEA7A4B82B, cid=1430, SUCCESS, logIndex=2461, commits[5d71e5de-6d45-4480-a1f1-d41cc2d38630:c2461]
2019-06-13 13:50:34,254 INFO  client.GrpcClientProtocolClient (GrpcClientProtocolClient.java:onNext(254)) - client-D47EFDF0E133->5d71e5de-6d45-4480-a1f1-d41cc2d38630: receive RaftClientReply:client-D47EFDF0E133->5d71e5de-6d45-4480-a1f1-d41cc2d38630@group-C6AEA7A4B82B, cid=1431, SUCCESS, logIndex=2462, commits[5d71e5de-6d45-4480-a1f1-d41cc2d38630:c2463]
2019-06-13 13:50:34,254 INFO  client.GrpcClientProtocolClient (GrpcClientProtocolClient.java:onNext(254)) - client-D47EFDF0E133->5d71e5de-6d45-4480-a1f1-d41cc2d38630: receive RaftClientReply:client-D47EFDF0E133->5d71e5de-6d45-4480-a1f1-d41cc2d38630@group-C6AEA7A4B82B, cid=1432, SUCCESS, logIndex=2463, commits[5d71e5de-6d45-4480-a1f1-d41cc2d38630:c2463]
2019-06-13 13:50:34,259 DEBUG block.SCMBlockDeletingService (SCMBlockDeletingService.java:call(138)) - Running DeletedBlockTransactionScanner
2019-06-13 13:50:34,259 DEBUG block.SCMBlockDeletingService (SCMBlockDeletingService.java:call(155)) - Scanned deleted blocks log and got 0 delTX to process.
2019-06-13 13:50:34,264 INFO  client.GrpcClientProtocolClient (GrpcClientProtocolClient.java:onNext(254)) - client-D47EFDF0E133->5d71e5de-6d45-4480-a1f1-d41cc2d38630: receive RaftClientReply:client-D47EFDF0E133->5d71e5de-6d45-4480-a1f1-d41cc2d38630@group-C6AEA7A4B82B, cid=1433, SUCCESS, logIndex=2466, commits[5d71e5de-6d45-4480-a1f1-d41cc2d38630:c2466]
2019-06-13 13:50:34,265 INFO  client.GrpcClientProtocolClient (GrpcClientProtocolClient.java:onNext(254)) - client-D47EFDF0E133->5d71e5de-6d45-4480-a1f1-d41cc2d38630: receive RaftClientReply:client-D47EFDF0E133->5d71e5de-6d45-4480-a1f1-d41cc2d38630@group-C6AEA7A4B82B, cid=1434, SUCCESS, logIndex=2468, commits[5d71e5de-6d45-4480-a1f1-d41cc2d38630:c2468]
2019-06-13 13:50:34,266 INFO  client.GrpcClientProtocolClient (GrpcClientProtocolClient.java:onNext(254)) - client-D47EFDF0E133->5d71e5de-6d45-4480-a1f1-d41cc2d38630: receive RaftClientReply:client-D47EFDF0E133->5d71e5de-6d45-4480-a1f1-d41cc2d38630@group-C6AEA7A4B82B, cid=1435, SUCCESS, logIndex=2469, commits[5d71e5de-6d45-4480-a1f1-d41cc2d38630:c2471]
2019-06-13 13:50:34,266 INFO  client.GrpcClientProtocolClient (GrpcClientProtocolClient.java:onNext(254)) - client-D47EFDF0E133->5d71e5de-6d45-4480-a1f1-d41cc2d38630: receive RaftClientReply:client-D47EFDF0E133->5d71e5de-6d45-4480-a1f1-d41cc2d38630@group-C6AEA7A4B82B, cid=1436, SUCCESS, logIndex=2470, commits[5d71e5de-6d45-4480-a1f1-d41cc2d38630:c2471]
2019-06-13 13:50:34,272 INFO  client.GrpcClientProtocolClient (GrpcClientProtocolClient.java:onNext(254)) - client-D47EFDF0E133->5d71e5de-6d45-4480-a1f1-d41cc2d38630: receive RaftClientReply:client-D47EFDF0E133->5d71e5de-6d45-4480-a1f1-d41cc2d38630@group-C6AEA7A4B82B, cid=1437, SUCCESS, logIndex=2472, commits[5d71e5de-6d45-4480-a1f1-d41cc2d38630:c2472]
2019-06-13 13:50:34,273 INFO  client.GrpcClientProtocolClient (GrpcClientProtocolClient.java:onNext(254)) - client-D47EFDF0E133->5d71e5de-6d45-4480-a1f1-d41cc2d38630: receive RaftClientReply:client-D47EFDF0E133->5d71e5de-6d45-4480-a1f1-d41cc2d38630@group-C6AEA7A4B82B, cid=1438, SUCCESS, logIndex=2474, commits[5d71e5de-6d45-4480-a1f1-d41cc2d38630:c2474]
2019-06-13 13:50:34,274 INFO  client.GrpcClientProtocolClient (GrpcClientProtocolClient.java:onNext(254)) - client-D47EFDF0E133->5d71e5de-6d45-4480-a1f1-d41cc2d38630: receive RaftClientReply:client-D47EFDF0E133->5d71e5de-6d45-4480-a1f1-d41cc2d38630@group-C6AEA7A4B82B, cid=1439, SUCCESS, logIndex=2475, commits[5d71e5de-6d45-4480-a1f1-d41cc2d38630:c2477]
2019-06-13 13:50:34,275 INFO  client.GrpcClientProtocolClient (GrpcClientProtocolClient.java:onNext(254)) - client-D47EFDF0E133->5d71e5de-6d45-4480-a1f1-d41cc2d38630: receive RaftClientReply:client-D47EFDF0E133->5d71e5de-6d45-4480-a1f1-d41cc2d38630@group-C6AEA7A4B82B, cid=1440, SUCCESS, logIndex=2476, commits[5d71e5de-6d45-4480-a1f1-d41cc2d38630:c2477]
2019-06-13 13:50:34,283 INFO  client.GrpcClientProtocolClient (GrpcClientProtocolClient.java:onNext(254)) - client-D47EFDF0E133->5d71e5de-6d45-4480-a1f1-d41cc2d38630: receive RaftClientReply:client-D47EFDF0E133->5d71e5de-6d45-4480-a1f1-d41cc2d38630@group-C6AEA7A4B82B, cid=1441, SUCCESS, logIndex=2478, commits[5d71e5de-6d45-4480-a1f1-d41cc2d38630:c2478]
2019-06-13 13:50:34,284 INFO  client.GrpcClientProtocolClient (GrpcClientProtocolClient.java:onNext(254)) - client-D47EFDF0E133->5d71e5de-6d45-4480-a1f1-d41cc2d38630: receive RaftClientReply:client-D47EFDF0E133->5d71e5de-6d45-4480-a1f1-d41cc2d38630@group-C6AEA7A4B82B, cid=1442, SUCCESS, logIndex=2480, commits[5d71e5de-6d45-4480-a1f1-d41cc2d38630:c2480]
2019-06-13 13:50:34,286 INFO  client.GrpcClientProtocolClient (GrpcClientProtocolClient.java:onNext(254)) - client-D47EFDF0E133->5d71e5de-6d45-4480-a1f1-d41cc2d38630: receive RaftClientReply:client-D47EFDF0E133->5d71e5de-6d45-4480-a1f1-d41cc2d38630@group-C6AEA7A4B82B, cid=1443, SUCCESS, logIndex=2481, commits[5d71e5de-6d45-4480-a1f1-d41cc2d38630:c2483]
2019-06-13 13:50:34,286 INFO  client.GrpcClientProtocolClient (GrpcClientProtocolClient.java:onNext(254)) - client-D47EFDF0E133->5d71e5de-6d45-4480-a1f1-d41cc2d38630: receive RaftClientReply:client-D47EFDF0E133->5d71e5de-6d45-4480-a1f1-d41cc2d38630@group-C6AEA7A4B82B, cid=1444, SUCCESS, logIndex=2482, commits[5d71e5de-6d45-4480-a1f1-d41cc2d38630:c2483]
2019-06-13 13:50:34,291 INFO  client.GrpcClientProtocolClient (GrpcClientProtocolClient.java:onNext(254)) - client-D47EFDF0E133->5d71e5de-6d45-4480-a1f1-d41cc2d38630: receive RaftClientReply:client-D47EFDF0E133->5d71e5de-6d45-4480-a1f1-d41cc2d38630@group-C6AEA7A4B82B, cid=1445, SUCCESS, logIndex=2484, commits[5d71e5de-6d45-4480-a1f1-d41cc2d38630:c2484]
2019-06-13 13:50:34,293 INFO  client.GrpcClientProtocolClient (GrpcClientProtocolClient.java:onNext(254)) - client-D47EFDF0E133->5d71e5de-6d45-4480-a1f1-d41cc2d38630: receive RaftClientReply:client-D47EFDF0E133->5d71e5de-6d45-4480-a1f1-d41cc2d38630@group-C6AEA7A4B82B, cid=1446, SUCCESS, logIndex=2486, commits[5d71e5de-6d45-4480-a1f1-d41cc2d38630:c2486]
2019-06-13 13:50:34,294 INFO  client.GrpcClientProtocolClient (GrpcClientProtocolClient.java:onNext(254)) - client-D47EFDF0E133->5d71e5de-6d45-4480-a1f1-d41cc2d38630: receive RaftClientReply:client-D47EFDF0E133->5d71e5de-6d45-4480-a1f1-d41cc2d38630@group-C6AEA7A4B82B, cid=1447, SUCCESS, logIndex=2487, commits[5d71e5de-6d45-4480-a1f1-d41cc2d38630:c2488]
2019-06-13 13:50:34,294 INFO  client.GrpcClientProtocolClient (GrpcClientProtocolClient.java:onNext(254)) - client-D47EFDF0E133->5d71e5de-6d45-4480-a1f1-d41cc2d38630: receive RaftClientReply:client-D47EFDF0E133->5d71e5de-6d45-4480-a1f1-d41cc2d38630@group-C6AEA7A4B82B, cid=1448, SUCCESS, logIndex=2488, commits[5d71e5de-6d45-4480-a1f1-d41cc2d38630:c2488]
2019-06-13 13:50:34,304 INFO  client.GrpcClientProtocolClient (GrpcClientProtocolClient.java:onNext(254)) - client-D47EFDF0E133->5d71e5de-6d45-4480-a1f1-d41cc2d38630: receive RaftClientReply:client-D47EFDF0E133->5d71e5de-6d45-4480-a1f1-d41cc2d38630@group-C6AEA7A4B82B, cid=1449, SUCCESS, logIndex=2491, commits[5d71e5de-6d45-4480-a1f1-d41cc2d38630:c2491]
2019-06-13 13:50:34,305 INFO  client.GrpcClientProtocolClient (GrpcClientProtocolClient.java:onNext(254)) - client-D47EFDF0E133->5d71e5de-6d45-4480-a1f1-d41cc2d38630: receive RaftClientReply:client-D47EFDF0E133->5d71e5de-6d45-4480-a1f1-d41cc2d38630@group-C6AEA7A4B82B, cid=1450, SUCCESS, logIndex=2493, commits[5d71e5de-6d45-4480-a1f1-d41cc2d38630:c2493]
2019-06-13 13:50:34,306 INFO  client.GrpcClientProtocolClient (GrpcClientProtocolClient.java:onNext(254)) - client-D47EFDF0E133->5d71e5de-6d45-4480-a1f1-d41cc2d38630: receive RaftClientReply:client-D47EFDF0E133->5d71e5de-6d45-4480-a1f1-d41cc2d38630@group-C6AEA7A4B82B, cid=1451, SUCCESS, logIndex=2494, commits[5d71e5de-6d45-4480-a1f1-d41cc2d38630:c2496]
2019-06-13 13:50:34,307 INFO  client.GrpcClientProtocolClient (GrpcClientProtocolClient.java:onNext(254)) - client-D47EFDF0E133->5d71e5de-6d45-4480-a1f1-d41cc2d38630: receive RaftClientReply:client-D47EFDF0E133->5d71e5de-6d45-4480-a1f1-d41cc2d38630@group-C6AEA7A4B82B, cid=1452, SUCCESS, logIndex=2495, commits[5d71e5de-6d45-4480-a1f1-d41cc2d38630:c2496]
2019-06-13 13:50:34,312 INFO  client.GrpcClientProtocolClient (GrpcClientProtocolClient.java:onNext(254)) - client-D47EFDF0E133->5d71e5de-6d45-4480-a1f1-d41cc2d38630: receive RaftClientReply:client-D47EFDF0E133->5d71e5de-6d45-4480-a1f1-d41cc2d38630@group-C6AEA7A4B82B, cid=1453, SUCCESS, logIndex=2497, commits[5d71e5de-6d45-4480-a1f1-d41cc2d38630:c2497]
2019-06-13 13:50:34,312 INFO  storage.RaftLogWorker (RaftLogWorker.java:rollLogSegment(303)) - 5d71e5de-6d45-4480-a1f1-d41cc2d38630-RaftLogWorker: Rolling segment log-2429_2498 to index:2498
2019-06-13 13:50:34,313 INFO  storage.RaftLogWorker (RaftLogWorker.java:execute(433)) - 5d71e5de-6d45-4480-a1f1-d41cc2d38630-RaftLogWorker: Rolled log segment from /opt/src/hadoop-ozone/integration-test/target/test-dir/MiniOzoneClusterImpl-c05bfa39-b333-4767-bc96-5a78f3430938/datanode-0/data/ratis/3aee30eb-3db1-472a-b851-c6aea7a4b82b/current/log_inprogress_2429 to /opt/src/hadoop-ozone/integration-test/target/test-dir/MiniOzoneClusterImpl-c05bfa39-b333-4767-bc96-5a78f3430938/datanode-0/data/ratis/3aee30eb-3db1-472a-b851-c6aea7a4b82b/current/log_2429-2498
2019-06-13 13:50:34,349 INFO  storage.RaftLogWorker (RaftLogWorker.java:execute(469)) - 5d71e5de-6d45-4480-a1f1-d41cc2d38630-RaftLogWorker: created new log segment /opt/src/hadoop-ozone/integration-test/target/test-dir/MiniOzoneClusterImpl-c05bfa39-b333-4767-bc96-5a78f3430938/datanode-0/data/ratis/3aee30eb-3db1-472a-b851-c6aea7a4b82b/current/log_inprogress_2499
2019-06-13 13:50:34,351 INFO  client.GrpcClientProtocolClient (GrpcClientProtocolClient.java:onNext(254)) - client-D47EFDF0E133->5d71e5de-6d45-4480-a1f1-d41cc2d38630: receive RaftClientReply:client-D47EFDF0E133->5d71e5de-6d45-4480-a1f1-d41cc2d38630@group-C6AEA7A4B82B, cid=1454, SUCCESS, logIndex=2499, commits[5d71e5de-6d45-4480-a1f1-d41cc2d38630:c2501]
2019-06-13 13:50:34,352 INFO  client.GrpcClientProtocolClient (GrpcClientProtocolClient.java:onNext(254)) - client-D47EFDF0E133->5d71e5de-6d45-4480-a1f1-d41cc2d38630: receive RaftClientReply:client-D47EFDF0E133->5d71e5de-6d45-4480-a1f1-d41cc2d38630@group-C6AEA7A4B82B, cid=1455, SUCCESS, logIndex=2500, commits[5d71e5de-6d45-4480-a1f1-d41cc2d38630:c2502]
2019-06-13 13:50:34,352 INFO  client.GrpcClientProtocolClient (GrpcClientProtocolClient.java:onNext(254)) - client-D47EFDF0E133->5d71e5de-6d45-4480-a1f1-d41cc2d38630: receive RaftClientReply:client-D47EFDF0E133->5d71e5de-6d45-4480-a1f1-d41cc2d38630@group-C6AEA7A4B82B, cid=1456, SUCCESS, logIndex=2501, commits[5d71e5de-6d45-4480-a1f1-d41cc2d38630:c2502]
2019-06-13 13:50:34,397 DEBUG block.SCMBlockDeletingService (SCMBlockDeletingService.java:call(138)) - Running DeletedBlockTransactionScanner
2019-06-13 13:50:34,406 INFO  client.GrpcClientProtocolClient (GrpcClientProtocolClient.java:onNext(254)) - client-D47EFDF0E133->5d71e5de-6d45-4480-a1f1-d41cc2d38630: receive RaftClientReply:client-D47EFDF0E133->5d71e5de-6d45-4480-a1f1-d41cc2d38630@group-C6AEA7A4B82B, cid=1457, SUCCESS, logIndex=2503, commits[5d71e5de-6d45-4480-a1f1-d41cc2d38630:c2503]
2019-06-13 13:50:34,407 INFO  client.GrpcClientProtocolClient (GrpcClientProtocolClient.java:onNext(254)) - client-D47EFDF0E133->5d71e5de-6d45-4480-a1f1-d41cc2d38630: receive RaftClientReply:client-D47EFDF0E133->5d71e5de-6d45-4480-a1f1-d41cc2d38630@group-C6AEA7A4B82B, cid=1458, SUCCESS, logIndex=2505, commits[5d71e5de-6d45-4480-a1f1-d41cc2d38630:c2505]
2019-06-13 13:50:34,410 DEBUG block.SCMBlockDeletingService (SCMBlockDeletingService.java:call(155)) - Scanned deleted blocks log and got 0 delTX to process.
2019-06-13 13:50:34,477 INFO  client.GrpcClientProtocolClient (GrpcClientProtocolClient.java:onNext(254)) - client-D47EFDF0E133->5d71e5de-6d45-4480-a1f1-d41cc2d38630: receive RaftClientReply:client-D47EFDF0E133->5d71e5de-6d45-4480-a1f1-d41cc2d38630@group-C6AEA7A4B82B, cid=1459, SUCCESS, logIndex=2507, commits[5d71e5de-6d45-4480-a1f1-d41cc2d38630:c2507]
2019-06-13 13:50:34,478 INFO  client.GrpcClientProtocolClient (GrpcClientProtocolClient.java:onNext(254)) - client-D47EFDF0E133->5d71e5de-6d45-4480-a1f1-d41cc2d38630: receive RaftClientReply:client-D47EFDF0E133->5d71e5de-6d45-4480-a1f1-d41cc2d38630@group-C6AEA7A4B82B, cid=1460, SUCCESS, logIndex=2509, commits[5d71e5de-6d45-4480-a1f1-d41cc2d38630:c2509]
2019-06-13 13:50:34,484 INFO  client.GrpcClientProtocolClient (GrpcClientProtocolClient.java:onNext(254)) - client-D47EFDF0E133->5d71e5de-6d45-4480-a1f1-d41cc2d38630: receive RaftClientReply:client-D47EFDF0E133->5d71e5de-6d45-4480-a1f1-d41cc2d38630@group-C6AEA7A4B82B, cid=1461, SUCCESS, logIndex=2511, commits[5d71e5de-6d45-4480-a1f1-d41cc2d38630:c2512]
2019-06-13 13:50:34,485 INFO  client.GrpcClientProtocolClient (GrpcClientProtocolClient.java:onNext(254)) - client-D47EFDF0E133->5d71e5de-6d45-4480-a1f1-d41cc2d38630: receive RaftClientReply:client-D47EFDF0E133->5d71e5de-6d45-4480-a1f1-d41cc2d38630@group-C6AEA7A4B82B, cid=1462, SUCCESS, logIndex=2513, commits[5d71e5de-6d45-4480-a1f1-d41cc2d38630:c2513]
2019-06-13 13:50:34,486 INFO  client.GrpcClientProtocolClient (GrpcClientProtocolClient.java:onNext(254)) - client-D47EFDF0E133->5d71e5de-6d45-4480-a1f1-d41cc2d38630: receive RaftClientReply:client-D47EFDF0E133->5d71e5de-6d45-4480-a1f1-d41cc2d38630@group-C6AEA7A4B82B, cid=1463, SUCCESS, logIndex=2514, commits[5d71e5de-6d45-4480-a1f1-d41cc2d38630:c2516]
2019-06-13 13:50:34,487 INFO  client.GrpcClientProtocolClient (GrpcClientProtocolClient.java:onNext(254)) - client-D47EFDF0E133->5d71e5de-6d45-4480-a1f1-d41cc2d38630: receive RaftClientReply:client-D47EFDF0E133->5d71e5de-6d45-4480-a1f1-d41cc2d38630@group-C6AEA7A4B82B, cid=1464, SUCCESS, logIndex=2515, commits[5d71e5de-6d45-4480-a1f1-d41cc2d38630:c2516]
2019-06-13 13:50:34,495 INFO  client.GrpcClientProtocolClient (GrpcClientProtocolClient.java:onNext(254)) - client-D47EFDF0E133->5d71e5de-6d45-4480-a1f1-d41cc2d38630: receive RaftClientReply:client-D47EFDF0E133->5d71e5de-6d45-4480-a1f1-d41cc2d38630@group-C6AEA7A4B82B, cid=1465, SUCCESS, logIndex=2517, commits[5d71e5de-6d45-4480-a1f1-d41cc2d38630:c2517]
2019-06-13 13:50:34,498 INFO  client.GrpcClientProtocolClient (GrpcClientProtocolClient.java:onNext(254)) - client-D47EFDF0E133->5d71e5de-6d45-4480-a1f1-d41cc2d38630: receive RaftClientReply:client-D47EFDF0E133->5d71e5de-6d45-4480-a1f1-d41cc2d38630@group-C6AEA7A4B82B, cid=1466, SUCCESS, logIndex=2519, commits[5d71e5de-6d45-4480-a1f1-d41cc2d38630:c2519]
2019-06-13 13:50:34,498 INFO  client.GrpcClientProtocolClient (GrpcClientProtocolClient.java:onNext(254)) - client-D47EFDF0E133->5d71e5de-6d45-4480-a1f1-d41cc2d38630: receive RaftClientReply:client-D47EFDF0E133->5d71e5de-6d45-4480-a1f1-d41cc2d38630@group-C6AEA7A4B82B, cid=1467, SUCCESS, logIndex=2520, commits[5d71e5de-6d45-4480-a1f1-d41cc2d38630:c2522]
2019-06-13 13:50:34,498 INFO  client.GrpcClientProtocolClient (GrpcClientProtocolClient.java:onNext(254)) - client-D47EFDF0E133->5d71e5de-6d45-4480-a1f1-d41cc2d38630: receive RaftClientReply:client-D47EFDF0E133->5d71e5de-6d45-4480-a1f1-d41cc2d38630@group-C6AEA7A4B82B, cid=1468, SUCCESS, logIndex=2521, commits[5d71e5de-6d45-4480-a1f1-d41cc2d38630:c2522]
2019-06-13 13:50:34,503 INFO  client.GrpcClientProtocolClient (GrpcClientProtocolClient.java:onNext(254)) - client-D47EFDF0E133->5d71e5de-6d45-4480-a1f1-d41cc2d38630: receive RaftClientReply:client-D47EFDF0E133->5d71e5de-6d45-4480-a1f1-d41cc2d38630@group-C6AEA7A4B82B, cid=1469, SUCCESS, logIndex=2523, commits[5d71e5de-6d45-4480-a1f1-d41cc2d38630:c2523]
2019-06-13 13:50:34,505 INFO  client.GrpcClientProtocolClient (GrpcClientProtocolClient.java:onNext(254)) - client-D47EFDF0E133->5d71e5de-6d45-4480-a1f1-d41cc2d38630: receive RaftClientReply:client-D47EFDF0E133->5d71e5de-6d45-4480-a1f1-d41cc2d38630@group-C6AEA7A4B82B, cid=1470, SUCCESS, logIndex=2525, commits[5d71e5de-6d45-4480-a1f1-d41cc2d38630:c2525]
2019-06-13 13:50:34,506 INFO  client.GrpcClientProtocolClient (GrpcClientProtocolClient.java:onNext(254)) - client-D47EFDF0E133->5d71e5de-6d45-4480-a1f1-d41cc2d38630: receive RaftClientReply:client-D47EFDF0E133->5d71e5de-6d45-4480-a1f1-d41cc2d38630@group-C6AEA7A4B82B, cid=1471, SUCCESS, logIndex=2526, commits[5d71e5de-6d45-4480-a1f1-d41cc2d38630:c2528]
2019-06-13 13:50:34,506 INFO  client.GrpcClientProtocolClient (GrpcClientProtocolClient.java:onNext(254)) - client-D47EFDF0E133->5d71e5de-6d45-4480-a1f1-d41cc2d38630: receive RaftClientReply:client-D47EFDF0E133->5d71e5de-6d45-4480-a1f1-d41cc2d38630@group-C6AEA7A4B82B, cid=1472, SUCCESS, logIndex=2527, commits[5d71e5de-6d45-4480-a1f1-d41cc2d38630:c2528]
2019-06-13 13:50:34,510 DEBUG block.SCMBlockDeletingService (SCMBlockDeletingService.java:call(138)) - Running DeletedBlockTransactionScanner
2019-06-13 13:50:34,510 DEBUG block.SCMBlockDeletingService (SCMBlockDeletingService.java:call(155)) - Scanned deleted blocks log and got 0 delTX to process.
2019-06-13 13:50:34,515 INFO  client.GrpcClientProtocolClient (GrpcClientProtocolClient.java:onNext(254)) - client-D47EFDF0E133->5d71e5de-6d45-4480-a1f1-d41cc2d38630: receive RaftClientReply:client-D47EFDF0E133->5d71e5de-6d45-4480-a1f1-d41cc2d38630@group-C6AEA7A4B82B, cid=1473, SUCCESS, logIndex=2529, commits[5d71e5de-6d45-4480-a1f1-d41cc2d38630:c2529]
2019-06-13 13:50:34,516 INFO  client.GrpcClientProtocolClient (GrpcClientProtocolClient.java:onNext(254)) - client-D47EFDF0E133->5d71e5de-6d45-4480-a1f1-d41cc2d38630: receive RaftClientReply:client-D47EFDF0E133->5d71e5de-6d45-4480-a1f1-d41cc2d38630@group-C6AEA7A4B82B, cid=1474, SUCCESS, logIndex=2531, commits[5d71e5de-6d45-4480-a1f1-d41cc2d38630:c2531]
2019-06-13 13:50:34,517 INFO  client.GrpcClientProtocolClient (GrpcClientProtocolClient.java:onNext(254)) - client-D47EFDF0E133->5d71e5de-6d45-4480-a1f1-d41cc2d38630: receive RaftClientReply:client-D47EFDF0E133->5d71e5de-6d45-4480-a1f1-d41cc2d38630@group-C6AEA7A4B82B, cid=1475, SUCCESS, logIndex=2532, commits[5d71e5de-6d45-4480-a1f1-d41cc2d38630:c2533]
2019-06-13 13:50:34,517 INFO  client.GrpcClientProtocolClient (GrpcClientProtocolClient.java:onNext(254)) - client-D47EFDF0E133->5d71e5de-6d45-4480-a1f1-d41cc2d38630: receive RaftClientReply:client-D47EFDF0E133->5d71e5de-6d45-4480-a1f1-d41cc2d38630@group-C6AEA7A4B82B, cid=1476, SUCCESS, logIndex=2533, commits[5d71e5de-6d45-4480-a1f1-d41cc2d38630:c2533]
2019-06-13 13:50:34,522 INFO  client.GrpcClientProtocolClient (GrpcClientProtocolClient.java:onNext(254)) - client-D47EFDF0E133->5d71e5de-6d45-4480-a1f1-d41cc2d38630: receive RaftClientReply:client-D47EFDF0E133->5d71e5de-6d45-4480-a1f1-d41cc2d38630@group-C6AEA7A4B82B, cid=1477, SUCCESS, logIndex=2536, commits[5d71e5de-6d45-4480-a1f1-d41cc2d38630:c2536]
2019-06-13 13:50:34,524 INFO  client.GrpcClientProtocolClient (GrpcClientProtocolClient.java:onNext(254)) - client-D47EFDF0E133->5d71e5de-6d45-4480-a1f1-d41cc2d38630: receive RaftClientReply:client-D47EFDF0E133->5d71e5de-6d45-4480-a1f1-d41cc2d38630@group-C6AEA7A4B82B, cid=1478, SUCCESS, logIndex=2538, commits[5d71e5de-6d45-4480-a1f1-d41cc2d38630:c2538]
2019-06-13 13:50:34,525 INFO  client.GrpcClientProtocolClient (GrpcClientProtocolClient.java:onNext(254)) - client-D47EFDF0E133->5d71e5de-6d45-4480-a1f1-d41cc2d38630: receive RaftClientReply:client-D47EFDF0E133->5d71e5de-6d45-4480-a1f1-d41cc2d38630@group-C6AEA7A4B82B, cid=1479, SUCCESS, logIndex=2539, commits[5d71e5de-6d45-4480-a1f1-d41cc2d38630:c2541]
2019-06-13 13:50:34,526 INFO  client.GrpcClientProtocolClient (GrpcClientProtocolClient.java:onNext(254)) - client-D47EFDF0E133->5d71e5de-6d45-4480-a1f1-d41cc2d38630: receive RaftClientReply:client-D47EFDF0E133->5d71e5de-6d45-4480-a1f1-d41cc2d38630@group-C6AEA7A4B82B, cid=1480, SUCCESS, logIndex=2540, commits[5d71e5de-6d45-4480-a1f1-d41cc2d38630:c2541]
2019-06-13 13:50:34,534 INFO  client.GrpcClientProtocolClient (GrpcClientProtocolClient.java:onNext(254)) - client-D47EFDF0E133->5d71e5de-6d45-4480-a1f1-d41cc2d38630: receive RaftClientReply:client-D47EFDF0E133->5d71e5de-6d45-4480-a1f1-d41cc2d38630@group-C6AEA7A4B82B, cid=1481, SUCCESS, logIndex=2542, commits[5d71e5de-6d45-4480-a1f1-d41cc2d38630:c2542]
2019-06-13 13:50:34,536 INFO  client.GrpcClientProtocolClient (GrpcClientProtocolClient.java:onNext(254)) - client-D47EFDF0E133->5d71e5de-6d45-4480-a1f1-d41cc2d38630: receive RaftClientReply:client-D47EFDF0E133->5d71e5de-6d45-4480-a1f1-d41cc2d38630@group-C6AEA7A4B82B, cid=1482, SUCCESS, logIndex=2544, commits[5d71e5de-6d45-4480-a1f1-d41cc2d38630:c2544]
2019-06-13 13:50:34,537 INFO  client.GrpcClientProtocolClient (GrpcClientProtocolClient.java:onNext(254)) - client-D47EFDF0E133->5d71e5de-6d45-4480-a1f1-d41cc2d38630: receive RaftClientReply:client-D47EFDF0E133->5d71e5de-6d45-4480-a1f1-d41cc2d38630@group-C6AEA7A4B82B, cid=1483, SUCCESS, logIndex=2545, commits[5d71e5de-6d45-4480-a1f1-d41cc2d38630:c2547]
2019-06-13 13:50:34,537 INFO  client.GrpcClientProtocolClient (GrpcClientProtocolClient.java:onNext(254)) - client-D47EFDF0E133->5d71e5de-6d45-4480-a1f1-d41cc2d38630: receive RaftClientReply:client-D47EFDF0E133->5d71e5de-6d45-4480-a1f1-d41cc2d38630@group-C6AEA7A4B82B, cid=1484, SUCCESS, logIndex=2546, commits[5d71e5de-6d45-4480-a1f1-d41cc2d38630:c2547]
2019-06-13 13:50:34,542 INFO  client.GrpcClientProtocolClient (GrpcClientProtocolClient.java:onNext(254)) - client-D47EFDF0E133->5d71e5de-6d45-4480-a1f1-d41cc2d38630: receive RaftClientReply:client-D47EFDF0E133->5d71e5de-6d45-4480-a1f1-d41cc2d38630@group-C6AEA7A4B82B, cid=1485, SUCCESS, logIndex=2548, commits[5d71e5de-6d45-4480-a1f1-d41cc2d38630:c2548]
2019-06-13 13:50:34,544 INFO  client.GrpcClientProtocolClient (GrpcClientProtocolClient.java:onNext(254)) - client-D47EFDF0E133->5d71e5de-6d45-4480-a1f1-d41cc2d38630: receive RaftClientReply:client-D47EFDF0E133->5d71e5de-6d45-4480-a1f1-d41cc2d38630@group-C6AEA7A4B82B, cid=1486, SUCCESS, logIndex=2550, commits[5d71e5de-6d45-4480-a1f1-d41cc2d38630:c2550]
2019-06-13 13:50:34,545 INFO  client.GrpcClientProtocolClient (GrpcClientProtocolClient.java:onNext(254)) - client-D47EFDF0E133->5d71e5de-6d45-4480-a1f1-d41cc2d38630: receive RaftClientReply:client-D47EFDF0E133->5d71e5de-6d45-4480-a1f1-d41cc2d38630@group-C6AEA7A4B82B, cid=1487, SUCCESS, logIndex=2551, commits[5d71e5de-6d45-4480-a1f1-d41cc2d38630:c2552]
2019-06-13 13:50:34,546 INFO  client.GrpcClientProtocolClient (GrpcClientProtocolClient.java:onNext(254)) - client-D47EFDF0E133->5d71e5de-6d45-4480-a1f1-d41cc2d38630: receive RaftClientReply:client-D47EFDF0E133->5d71e5de-6d45-4480-a1f1-d41cc2d38630@group-C6AEA7A4B82B, cid=1488, SUCCESS, logIndex=2552, commits[5d71e5de-6d45-4480-a1f1-d41cc2d38630:c2552]
2019-06-13 13:50:34,554 INFO  client.GrpcClientProtocolClient (GrpcClientProtocolClient.java:onNext(254)) - client-D47EFDF0E133->5d71e5de-6d45-4480-a1f1-d41cc2d38630: receive RaftClientReply:client-D47EFDF0E133->5d71e5de-6d45-4480-a1f1-d41cc2d38630@group-C6AEA7A4B82B, cid=1489, SUCCESS, logIndex=2555, commits[5d71e5de-6d45-4480-a1f1-d41cc2d38630:c2555]
2019-06-13 13:50:34,556 INFO  client.GrpcClientProtocolClient (GrpcClientProtocolClient.java:onNext(254)) - client-D47EFDF0E133->5d71e5de-6d45-4480-a1f1-d41cc2d38630: receive RaftClientReply:client-D47EFDF0E133->5d71e5de-6d45-4480-a1f1-d41cc2d38630@group-C6AEA7A4B82B, cid=1490, SUCCESS, logIndex=2557, commits[5d71e5de-6d45-4480-a1f1-d41cc2d38630:c2557]
2019-06-13 13:50:34,557 INFO  client.GrpcClientProtocolClient (GrpcClientProtocolClient.java:onNext(254)) - client-D47EFDF0E133->5d71e5de-6d45-4480-a1f1-d41cc2d38630: receive RaftClientReply:client-D47EFDF0E133->5d71e5de-6d45-4480-a1f1-d41cc2d38630@group-C6AEA7A4B82B, cid=1491, SUCCESS, logIndex=2558, commits[5d71e5de-6d45-4480-a1f1-d41cc2d38630:c2560]
2019-06-13 13:50:34,557 INFO  client.GrpcClientProtocolClient (GrpcClientProtocolClient.java:onNext(254)) - client-D47EFDF0E133->5d71e5de-6d45-4480-a1f1-d41cc2d38630: receive RaftClientReply:client-D47EFDF0E133->5d71e5de-6d45-4480-a1f1-d41cc2d38630@group-C6AEA7A4B82B, cid=1492, SUCCESS, logIndex=2559, commits[5d71e5de-6d45-4480-a1f1-d41cc2d38630:c2560]
2019-06-13 13:50:34,563 INFO  client.GrpcClientProtocolClient (GrpcClientProtocolClient.java:onNext(254)) - client-D47EFDF0E133->5d71e5de-6d45-4480-a1f1-d41cc2d38630: receive RaftClientReply:client-D47EFDF0E133->5d71e5de-6d45-4480-a1f1-d41cc2d38630@group-C6AEA7A4B82B, cid=1493, SUCCESS, logIndex=2561, commits[5d71e5de-6d45-4480-a1f1-d41cc2d38630:c2561]
2019-06-13 13:50:34,564 INFO  client.GrpcClientProtocolClient (GrpcClientProtocolClient.java:onNext(254)) - client-D47EFDF0E133->5d71e5de-6d45-4480-a1f1-d41cc2d38630: receive RaftClientReply:client-D47EFDF0E133->5d71e5de-6d45-4480-a1f1-d41cc2d38630@group-C6AEA7A4B82B, cid=1494, SUCCESS, logIndex=2563, commits[5d71e5de-6d45-4480-a1f1-d41cc2d38630:c2563]
2019-06-13 13:50:34,565 INFO  client.GrpcClientProtocolClient (GrpcClientProtocolClient.java:onNext(254)) - client-D47EFDF0E133->5d71e5de-6d45-4480-a1f1-d41cc2d38630: receive RaftClientReply:client-D47EFDF0E133->5d71e5de-6d45-4480-a1f1-d41cc2d38630@group-C6AEA7A4B82B, cid=1495, SUCCESS, logIndex=2564, commits[5d71e5de-6d45-4480-a1f1-d41cc2d38630:c2565]
2019-06-13 13:50:34,566 INFO  client.GrpcClientProtocolClient (GrpcClientProtocolClient.java:onNext(254)) - client-D47EFDF0E133->5d71e5de-6d45-4480-a1f1-d41cc2d38630: receive RaftClientReply:client-D47EFDF0E133->5d71e5de-6d45-4480-a1f1-d41cc2d38630@group-C6AEA7A4B82B, cid=1496, SUCCESS, logIndex=2566, commits[5d71e5de-6d45-4480-a1f1-d41cc2d38630:c2566]
2019-06-13 13:50:34,572 INFO  storage.RaftLogWorker (RaftLogWorker.java:rollLogSegment(303)) - 5d71e5de-6d45-4480-a1f1-d41cc2d38630-RaftLogWorker: Rolling segment log-2499_2567 to index:2567
2019-06-13 13:50:34,573 INFO  storage.RaftLogWorker (RaftLogWorker.java:execute(433)) - 5d71e5de-6d45-4480-a1f1-d41cc2d38630-RaftLogWorker: Rolled log segment from /opt/src/hadoop-ozone/integration-test/target/test-dir/MiniOzoneClusterImpl-c05bfa39-b333-4767-bc96-5a78f3430938/datanode-0/data/ratis/3aee30eb-3db1-472a-b851-c6aea7a4b82b/current/log_inprogress_2499 to /opt/src/hadoop-ozone/integration-test/target/test-dir/MiniOzoneClusterImpl-c05bfa39-b333-4767-bc96-5a78f3430938/datanode-0/data/ratis/3aee30eb-3db1-472a-b851-c6aea7a4b82b/current/log_2499-2567
2019-06-13 13:50:34,609 INFO  storage.RaftLogWorker (RaftLogWorker.java:execute(469)) - 5d71e5de-6d45-4480-a1f1-d41cc2d38630-RaftLogWorker: created new log segment /opt/src/hadoop-ozone/integration-test/target/test-dir/MiniOzoneClusterImpl-c05bfa39-b333-4767-bc96-5a78f3430938/datanode-0/data/ratis/3aee30eb-3db1-472a-b851-c6aea7a4b82b/current/log_inprogress_2568
2019-06-13 13:50:34,610 DEBUG block.SCMBlockDeletingService (SCMBlockDeletingService.java:call(138)) - Running DeletedBlockTransactionScanner
2019-06-13 13:50:34,611 DEBUG block.SCMBlockDeletingService (SCMBlockDeletingService.java:call(155)) - Scanned deleted blocks log and got 0 delTX to process.
2019-06-13 13:50:34,611 INFO  client.GrpcClientProtocolClient (GrpcClientProtocolClient.java:onNext(254)) - client-D47EFDF0E133->5d71e5de-6d45-4480-a1f1-d41cc2d38630: receive RaftClientReply:client-D47EFDF0E133->5d71e5de-6d45-4480-a1f1-d41cc2d38630@group-C6AEA7A4B82B, cid=1497, SUCCESS, logIndex=2568, commits[5d71e5de-6d45-4480-a1f1-d41cc2d38630:c2568]
2019-06-13 13:50:34,613 INFO  client.GrpcClientProtocolClient (GrpcClientProtocolClient.java:onNext(254)) - client-D47EFDF0E133->5d71e5de-6d45-4480-a1f1-d41cc2d38630: receive RaftClientReply:client-D47EFDF0E133->5d71e5de-6d45-4480-a1f1-d41cc2d38630@group-C6AEA7A4B82B, cid=1498, SUCCESS, logIndex=2570, commits[5d71e5de-6d45-4480-a1f1-d41cc2d38630:c2570]
2019-06-13 13:50:34,614 INFO  client.GrpcClientProtocolClient (GrpcClientProtocolClient.java:onNext(254)) - client-D47EFDF0E133->5d71e5de-6d45-4480-a1f1-d41cc2d38630: receive RaftClientReply:client-D47EFDF0E133->5d71e5de-6d45-4480-a1f1-d41cc2d38630@group-C6AEA7A4B82B, cid=1499, SUCCESS, logIndex=2571, commits[5d71e5de-6d45-4480-a1f1-d41cc2d38630:c2573]
2019-06-13 13:50:34,615 INFO  client.GrpcClientProtocolClient (GrpcClientProtocolClient.java:onNext(254)) - client-D47EFDF0E133->5d71e5de-6d45-4480-a1f1-d41cc2d38630: receive RaftClientReply:client-D47EFDF0E133->5d71e5de-6d45-4480-a1f1-d41cc2d38630@group-C6AEA7A4B82B, cid=1500, SUCCESS, logIndex=2573, commits[5d71e5de-6d45-4480-a1f1-d41cc2d38630:c2573]
2019-06-13 13:50:34,620 INFO  client.GrpcClientProtocolClient (GrpcClientProtocolClient.java:onNext(254)) - client-D47EFDF0E133->5d71e5de-6d45-4480-a1f1-d41cc2d38630: receive RaftClientReply:client-D47EFDF0E133->5d71e5de-6d45-4480-a1f1-d41cc2d38630@group-C6AEA7A4B82B, cid=1501, SUCCESS, logIndex=2575, commits[5d71e5de-6d45-4480-a1f1-d41cc2d38630:c2575]
2019-06-13 13:50:34,621 INFO  client.GrpcClientProtocolClient (GrpcClientProtocolClient.java:onNext(254)) - client-D47EFDF0E133->5d71e5de-6d45-4480-a1f1-d41cc2d38630: receive RaftClientReply:client-D47EFDF0E133->5d71e5de-6d45-4480-a1f1-d41cc2d38630@group-C6AEA7A4B82B, cid=1502, SUCCESS, logIndex=2577, commits[5d71e5de-6d45-4480-a1f1-d41cc2d38630:c2577]
2019-06-13 13:50:34,690 INFO  client.GrpcClientProtocolClient (GrpcClientProtocolClient.java:onNext(254)) - client-D47EFDF0E133->5d71e5de-6d45-4480-a1f1-d41cc2d38630: receive RaftClientReply:client-D47EFDF0E133->5d71e5de-6d45-4480-a1f1-d41cc2d38630@group-C6AEA7A4B82B, cid=1503, SUCCESS, logIndex=2579, commits[5d71e5de-6d45-4480-a1f1-d41cc2d38630:c2579]
2019-06-13 13:50:34,691 INFO  client.GrpcClientProtocolClient (GrpcClientProtocolClient.java:onNext(254)) - client-D47EFDF0E133->5d71e5de-6d45-4480-a1f1-d41cc2d38630: receive RaftClientReply:client-D47EFDF0E133->5d71e5de-6d45-4480-a1f1-d41cc2d38630@group-C6AEA7A4B82B, cid=1504, SUCCESS, logIndex=2581, commits[5d71e5de-6d45-4480-a1f1-d41cc2d38630:c2581]
2019-06-13 13:50:34,701 INFO  client.GrpcClientProtocolClient (GrpcClientProtocolClient.java:onNext(254)) - client-D47EFDF0E133->5d71e5de-6d45-4480-a1f1-d41cc2d38630: receive RaftClientReply:client-D47EFDF0E133->5d71e5de-6d45-4480-a1f1-d41cc2d38630@group-C6AEA7A4B82B, cid=1505, SUCCESS, logIndex=2583, commits[5d71e5de-6d45-4480-a1f1-d41cc2d38630:c2583]
2019-06-13 13:50:34,703 INFO  client.GrpcClientProtocolClient (GrpcClientProtocolClient.java:onNext(254)) - client-D47EFDF0E133->5d71e5de-6d45-4480-a1f1-d41cc2d38630: receive RaftClientReply:client-D47EFDF0E133->5d71e5de-6d45-4480-a1f1-d41cc2d38630@group-C6AEA7A4B82B, cid=1506, SUCCESS, logIndex=2585, commits[5d71e5de-6d45-4480-a1f1-d41cc2d38630:c2585]
2019-06-13 13:50:34,703 INFO  client.GrpcClientProtocolClient (GrpcClientProtocolClient.java:onNext(254)) - client-D47EFDF0E133->5d71e5de-6d45-4480-a1f1-d41cc2d38630: receive RaftClientReply:client-D47EFDF0E133->5d71e5de-6d45-4480-a1f1-d41cc2d38630@group-C6AEA7A4B82B, cid=1507, SUCCESS, logIndex=2586, commits[5d71e5de-6d45-4480-a1f1-d41cc2d38630:c2588]
2019-06-13 13:50:34,706 INFO  client.GrpcClientProtocolClient (GrpcClientProtocolClient.java:onNext(254)) - client-D47EFDF0E133->5d71e5de-6d45-4480-a1f1-d41cc2d38630: receive RaftClientReply:client-D47EFDF0E133->5d71e5de-6d45-4480-a1f1-d41cc2d38630@group-C6AEA7A4B82B, cid=1508, SUCCESS, logIndex=2587, commits[5d71e5de-6d45-4480-a1f1-d41cc2d38630:c2588]
2019-06-13 13:50:34,711 DEBUG block.SCMBlockDeletingService (SCMBlockDeletingService.java:call(138)) - Running DeletedBlockTransactionScanner
2019-06-13 13:50:34,712 DEBUG block.SCMBlockDeletingService (SCMBlockDeletingService.java:call(155)) - Scanned deleted blocks log and got 0 delTX to process.
2019-06-13 13:50:34,712 INFO  client.GrpcClientProtocolClient (GrpcClientProtocolClient.java:onNext(254)) - client-D47EFDF0E133->5d71e5de-6d45-4480-a1f1-d41cc2d38630: receive RaftClientReply:client-D47EFDF0E133->5d71e5de-6d45-4480-a1f1-d41cc2d38630@group-C6AEA7A4B82B, cid=1509, SUCCESS, logIndex=2589, commits[5d71e5de-6d45-4480-a1f1-d41cc2d38630:c2589]
2019-06-13 13:50:34,714 INFO  client.GrpcClientProtocolClient (GrpcClientProtocolClient.java:onNext(254)) - client-D47EFDF0E133->5d71e5de-6d45-4480-a1f1-d41cc2d38630: receive RaftClientReply:client-D47EFDF0E133->5d71e5de-6d45-4480-a1f1-d41cc2d38630@group-C6AEA7A4B82B, cid=1510, SUCCESS, logIndex=2591, commits[5d71e5de-6d45-4480-a1f1-d41cc2d38630:c2591]
2019-06-13 13:50:34,715 INFO  client.GrpcClientProtocolClient (GrpcClientProtocolClient.java:onNext(254)) - client-D47EFDF0E133->5d71e5de-6d45-4480-a1f1-d41cc2d38630: receive RaftClientReply:client-D47EFDF0E133->5d71e5de-6d45-4480-a1f1-d41cc2d38630@group-C6AEA7A4B82B, cid=1511, SUCCESS, logIndex=2592, commits[5d71e5de-6d45-4480-a1f1-d41cc2d38630:c2594]
2019-06-13 13:50:34,715 INFO  client.GrpcClientProtocolClient (GrpcClientProtocolClient.java:onNext(254)) - client-D47EFDF0E133->5d71e5de-6d45-4480-a1f1-d41cc2d38630: receive RaftClientReply:client-D47EFDF0E133->5d71e5de-6d45-4480-a1f1-d41cc2d38630@group-C6AEA7A4B82B, cid=1512, SUCCESS, logIndex=2593, commits[5d71e5de-6d45-4480-a1f1-d41cc2d38630:c2594]
2019-06-13 13:50:34,725 INFO  client.GrpcClientProtocolClient (GrpcClientProtocolClient.java:onNext(254)) - client-D47EFDF0E133->5d71e5de-6d45-4480-a1f1-d41cc2d38630: receive RaftClientReply:client-D47EFDF0E133->5d71e5de-6d45-4480-a1f1-d41cc2d38630@group-C6AEA7A4B82B, cid=1513, SUCCESS, logIndex=2595, commits[5d71e5de-6d45-4480-a1f1-d41cc2d38630:c2595]
2019-06-13 13:50:34,726 INFO  client.GrpcClientProtocolClient (GrpcClientProtocolClient.java:onNext(254)) - client-D47EFDF0E133->5d71e5de-6d45-4480-a1f1-d41cc2d38630: receive RaftClientReply:client-D47EFDF0E133->5d71e5de-6d45-4480-a1f1-d41cc2d38630@group-C6AEA7A4B82B, cid=1514, SUCCESS, logIndex=2597, commits[5d71e5de-6d45-4480-a1f1-d41cc2d38630:c2597]
2019-06-13 13:50:34,728 INFO  client.GrpcClientProtocolClient (GrpcClientProtocolClient.java:onNext(254)) - client-D47EFDF0E133->5d71e5de-6d45-4480-a1f1-d41cc2d38630: receive RaftClientReply:client-D47EFDF0E133->5d71e5de-6d45-4480-a1f1-d41cc2d38630@group-C6AEA7A4B82B, cid=1515, SUCCESS, logIndex=2598, commits[5d71e5de-6d45-4480-a1f1-d41cc2d38630:c2600]
2019-06-13 13:50:34,728 INFO  client.GrpcClientProtocolClient (GrpcClientProtocolClient.java:onNext(254)) - client-D47EFDF0E133->5d71e5de-6d45-4480-a1f1-d41cc2d38630: receive RaftClientReply:client-D47EFDF0E133->5d71e5de-6d45-4480-a1f1-d41cc2d38630@group-C6AEA7A4B82B, cid=1516, SUCCESS, logIndex=2600, commits[5d71e5de-6d45-4480-a1f1-d41cc2d38630:c2600]
2019-06-13 13:50:34,733 INFO  client.GrpcClientProtocolClient (GrpcClientProtocolClient.java:onNext(254)) - client-D47EFDF0E133->5d71e5de-6d45-4480-a1f1-d41cc2d38630: receive RaftClientReply:client-D47EFDF0E133->5d71e5de-6d45-4480-a1f1-d41cc2d38630@group-C6AEA7A4B82B, cid=1517, SUCCESS, logIndex=2602, commits[5d71e5de-6d45-4480-a1f1-d41cc2d38630:c2602]
2019-06-13 13:50:34,734 INFO  client.GrpcClientProtocolClient (GrpcClientProtocolClient.java:onNext(254)) - client-D47EFDF0E133->5d71e5de-6d45-4480-a1f1-d41cc2d38630: receive RaftClientReply:client-D47EFDF0E133->5d71e5de-6d45-4480-a1f1-d41cc2d38630@group-C6AEA7A4B82B, cid=1518, SUCCESS, logIndex=2604, commits[5d71e5de-6d45-4480-a1f1-d41cc2d38630:c2604]
2019-06-13 13:50:34,736 INFO  client.GrpcClientProtocolClient (GrpcClientProtocolClient.java:onNext(254)) - client-D47EFDF0E133->5d71e5de-6d45-4480-a1f1-d41cc2d38630: receive RaftClientReply:client-D47EFDF0E133->5d71e5de-6d45-4480-a1f1-d41cc2d38630@group-C6AEA7A4B82B, cid=1519, SUCCESS, logIndex=2605, commits[5d71e5de-6d45-4480-a1f1-d41cc2d38630:c2607]
2019-06-13 13:50:34,736 INFO  client.GrpcClientProtocolClient (GrpcClientProtocolClient.java:onNext(254)) - client-D47EFDF0E133->5d71e5de-6d45-4480-a1f1-d41cc2d38630: receive RaftClientReply:client-D47EFDF0E133->5d71e5de-6d45-4480-a1f1-d41cc2d38630@group-C6AEA7A4B82B, cid=1520, SUCCESS, logIndex=2606, commits[5d71e5de-6d45-4480-a1f1-d41cc2d38630:c2607]
2019-06-13 13:50:34,744 INFO  client.GrpcClientProtocolClient (GrpcClientProtocolClient.java:onNext(254)) - client-D47EFDF0E133->5d71e5de-6d45-4480-a1f1-d41cc2d38630: receive RaftClientReply:client-D47EFDF0E133->5d71e5de-6d45-4480-a1f1-d41cc2d38630@group-C6AEA7A4B82B, cid=1521, SUCCESS, logIndex=2608, commits[5d71e5de-6d45-4480-a1f1-d41cc2d38630:c2608]
2019-06-13 13:50:34,746 INFO  client.GrpcClientProtocolClient (GrpcClientProtocolClient.java:onNext(254)) - client-D47EFDF0E133->5d71e5de-6d45-4480-a1f1-d41cc2d38630: receive RaftClientReply:client-D47EFDF0E133->5d71e5de-6d45-4480-a1f1-d41cc2d38630@group-C6AEA7A4B82B, cid=1522, SUCCESS, logIndex=2610, commits[5d71e5de-6d45-4480-a1f1-d41cc2d38630:c2610]
2019-06-13 13:50:34,747 INFO  client.GrpcClientProtocolClient (GrpcClientProtocolClient.java:onNext(254)) - client-D47EFDF0E133->5d71e5de-6d45-4480-a1f1-d41cc2d38630: receive RaftClientReply:client-D47EFDF0E133->5d71e5de-6d45-4480-a1f1-d41cc2d38630@group-C6AEA7A4B82B, cid=1523, SUCCESS, logIndex=2611, commits[5d71e5de-6d45-4480-a1f1-d41cc2d38630:c2613]
2019-06-13 13:50:34,747 INFO  client.GrpcClientProtocolClient (GrpcClientProtocolClient.java:onNext(254)) - client-D47EFDF0E133->5d71e5de-6d45-4480-a1f1-d41cc2d38630: receive RaftClientReply:client-D47EFDF0E133->5d71e5de-6d45-4480-a1f1-d41cc2d38630@group-C6AEA7A4B82B, cid=1524, SUCCESS, logIndex=2612, commits[5d71e5de-6d45-4480-a1f1-d41cc2d38630:c2613]
2019-06-13 13:50:34,754 INFO  client.GrpcClientProtocolClient (GrpcClientProtocolClient.java:onNext(254)) - client-D47EFDF0E133->5d71e5de-6d45-4480-a1f1-d41cc2d38630: receive RaftClientReply:client-D47EFDF0E133->5d71e5de-6d45-4480-a1f1-d41cc2d38630@group-C6AEA7A4B82B, cid=1525, SUCCESS, logIndex=2614, commits[5d71e5de-6d45-4480-a1f1-d41cc2d38630:c2614]
2019-06-13 13:50:34,756 INFO  client.GrpcClientProtocolClient (GrpcClientProtocolClient.java:onNext(254)) - client-D47EFDF0E133->5d71e5de-6d45-4480-a1f1-d41cc2d38630: receive RaftClientReply:client-D47EFDF0E133->5d71e5de-6d45-4480-a1f1-d41cc2d38630@group-C6AEA7A4B82B, cid=1526, SUCCESS, logIndex=2616, commits[5d71e5de-6d45-4480-a1f1-d41cc2d38630:c2617]
2019-06-13 13:50:34,757 INFO  client.GrpcClientProtocolClient (GrpcClientProtocolClient.java:onNext(254)) - client-D47EFDF0E133->5d71e5de-6d45-4480-a1f1-d41cc2d38630: receive RaftClientReply:client-D47EFDF0E133->5d71e5de-6d45-4480-a1f1-d41cc2d38630@group-C6AEA7A4B82B, cid=1527, SUCCESS, logIndex=2618, commits[5d71e5de-6d45-4480-a1f1-d41cc2d38630:c2619]
2019-06-13 13:50:34,757 INFO  client.GrpcClientProtocolClient (GrpcClientProtocolClient.java:onNext(254)) - client-D47EFDF0E133->5d71e5de-6d45-4480-a1f1-d41cc2d38630: receive RaftClientReply:client-D47EFDF0E133->5d71e5de-6d45-4480-a1f1-d41cc2d38630@group-C6AEA7A4B82B, cid=1528, SUCCESS, logIndex=2619, commits[5d71e5de-6d45-4480-a1f1-d41cc2d38630:c2620]
2019-06-13 13:50:34,767 INFO  client.GrpcClientProtocolClient (GrpcClientProtocolClient.java:onNext(254)) - client-D47EFDF0E133->5d71e5de-6d45-4480-a1f1-d41cc2d38630: receive RaftClientReply:client-D47EFDF0E133->5d71e5de-6d45-4480-a1f1-d41cc2d38630@group-C6AEA7A4B82B, cid=1529, SUCCESS, logIndex=2621, commits[5d71e5de-6d45-4480-a1f1-d41cc2d38630:c2621]
2019-06-13 13:50:34,770 INFO  client.GrpcClientProtocolClient (GrpcClientProtocolClient.java:onNext(254)) - client-D47EFDF0E133->5d71e5de-6d45-4480-a1f1-d41cc2d38630: receive RaftClientReply:client-D47EFDF0E133->5d71e5de-6d45-4480-a1f1-d41cc2d38630@group-C6AEA7A4B82B, cid=1530, SUCCESS, logIndex=2623, commits[5d71e5de-6d45-4480-a1f1-d41cc2d38630:c2623]
2019-06-13 13:50:34,770 INFO  client.GrpcClientProtocolClient (GrpcClientProtocolClient.java:onNext(254)) - client-D47EFDF0E133->5d71e5de-6d45-4480-a1f1-d41cc2d38630: receive RaftClientReply:client-D47EFDF0E133->5d71e5de-6d45-4480-a1f1-d41cc2d38630@group-C6AEA7A4B82B, cid=1531, SUCCESS, logIndex=2624, commits[5d71e5de-6d45-4480-a1f1-d41cc2d38630:c2625]
2019-06-13 13:50:34,770 INFO  client.GrpcClientProtocolClient (GrpcClientProtocolClient.java:onNext(254)) - client-D47EFDF0E133->5d71e5de-6d45-4480-a1f1-d41cc2d38630: receive RaftClientReply:client-D47EFDF0E133->5d71e5de-6d45-4480-a1f1-d41cc2d38630@group-C6AEA7A4B82B, cid=1532, SUCCESS, logIndex=2625, commits[5d71e5de-6d45-4480-a1f1-d41cc2d38630:c2625]
2019-06-13 13:50:34,778 INFO  client.GrpcClientProtocolClient (GrpcClientProtocolClient.java:onNext(254)) - client-D47EFDF0E133->5d71e5de-6d45-4480-a1f1-d41cc2d38630: receive RaftClientReply:client-D47EFDF0E133->5d71e5de-6d45-4480-a1f1-d41cc2d38630@group-C6AEA7A4B82B, cid=1533, SUCCESS, logIndex=2628, commits[5d71e5de-6d45-4480-a1f1-d41cc2d38630:c2628]
2019-06-13 13:50:34,997 DEBUG block.SCMBlockDeletingService (SCMBlockDeletingService.java:call(138)) - Running DeletedBlockTransactionScanner
2019-06-13 13:50:34,997 DEBUG block.SCMBlockDeletingService (SCMBlockDeletingService.java:call(155)) - Scanned deleted blocks log and got 0 delTX to process.
2019-06-13 13:50:34,998 INFO  client.GrpcClientProtocolClient (GrpcClientProtocolClient.java:onNext(254)) - client-D47EFDF0E133->5d71e5de-6d45-4480-a1f1-d41cc2d38630: receive RaftClientReply:client-D47EFDF0E133->5d71e5de-6d45-4480-a1f1-d41cc2d38630@group-C6AEA7A4B82B, cid=1534, SUCCESS, logIndex=2630, commits[5d71e5de-6d45-4480-a1f1-d41cc2d38630:c2630]
2019-06-13 13:50:35,004 INFO  client.GrpcClientProtocolClient (GrpcClientProtocolClient.java:onNext(254)) - client-D47EFDF0E133->5d71e5de-6d45-4480-a1f1-d41cc2d38630: receive RaftClientReply:client-D47EFDF0E133->5d71e5de-6d45-4480-a1f1-d41cc2d38630@group-C6AEA7A4B82B, cid=1535, SUCCESS, logIndex=2631, commits[5d71e5de-6d45-4480-a1f1-d41cc2d38630:c2634]
2019-06-13 13:50:35,005 INFO  client.GrpcClientProtocolClient (GrpcClientProtocolClient.java:onNext(254)) - client-D47EFDF0E133->5d71e5de-6d45-4480-a1f1-d41cc2d38630: receive RaftClientReply:client-D47EFDF0E133->5d71e5de-6d45-4480-a1f1-d41cc2d38630@group-C6AEA7A4B82B, cid=1536, SUCCESS, logIndex=2632, commits[5d71e5de-6d45-4480-a1f1-d41cc2d38630:c2634]
2019-06-13 13:50:35,018 INFO  client.GrpcClientProtocolClient (GrpcClientProtocolClient.java:onNext(254)) - client-D47EFDF0E133->5d71e5de-6d45-4480-a1f1-d41cc2d38630: receive RaftClientReply:client-D47EFDF0E133->5d71e5de-6d45-4480-a1f1-d41cc2d38630@group-C6AEA7A4B82B, cid=1537, SUCCESS, logIndex=2635, commits[5d71e5de-6d45-4480-a1f1-d41cc2d38630:c2635]
2019-06-13 13:50:35,020 INFO  client.GrpcClientProtocolClient (GrpcClientProtocolClient.java:onNext(254)) - client-D47EFDF0E133->5d71e5de-6d45-4480-a1f1-d41cc2d38630: receive RaftClientReply:client-D47EFDF0E133->5d71e5de-6d45-4480-a1f1-d41cc2d38630@group-C6AEA7A4B82B, cid=1538, SUCCESS, logIndex=2637, commits[5d71e5de-6d45-4480-a1f1-d41cc2d38630:c2637]
2019-06-13 13:50:35,021 INFO  client.GrpcClientProtocolClient (GrpcClientProtocolClient.java:onNext(254)) - client-D47EFDF0E133->5d71e5de-6d45-4480-a1f1-d41cc2d38630: receive RaftClientReply:client-D47EFDF0E133->5d71e5de-6d45-4480-a1f1-d41cc2d38630@group-C6AEA7A4B82B, cid=1539, SUCCESS, logIndex=2638, commits[5d71e5de-6d45-4480-a1f1-d41cc2d38630:c2640]
2019-06-13 13:50:35,021 INFO  client.GrpcClientProtocolClient (GrpcClientProtocolClient.java:onNext(254)) - client-D47EFDF0E133->5d71e5de-6d45-4480-a1f1-d41cc2d38630: receive RaftClientReply:client-D47EFDF0E133->5d71e5de-6d45-4480-a1f1-d41cc2d38630@group-C6AEA7A4B82B, cid=1540, SUCCESS, logIndex=2640, commits[5d71e5de-6d45-4480-a1f1-d41cc2d38630:c2640]
2019-06-13 13:50:35,025 INFO  storage.RaftLogWorker (RaftLogWorker.java:rollLogSegment(303)) - 5d71e5de-6d45-4480-a1f1-d41cc2d38630-RaftLogWorker: Rolling segment log-2568_2641 to index:2641
2019-06-13 13:50:35,025 INFO  storage.RaftLogWorker (RaftLogWorker.java:execute(433)) - 5d71e5de-6d45-4480-a1f1-d41cc2d38630-RaftLogWorker: Rolled log segment from /opt/src/hadoop-ozone/integration-test/target/test-dir/MiniOzoneClusterImpl-c05bfa39-b333-4767-bc96-5a78f3430938/datanode-0/data/ratis/3aee30eb-3db1-472a-b851-c6aea7a4b82b/current/log_inprogress_2568 to /opt/src/hadoop-ozone/integration-test/target/test-dir/MiniOzoneClusterImpl-c05bfa39-b333-4767-bc96-5a78f3430938/datanode-0/data/ratis/3aee30eb-3db1-472a-b851-c6aea7a4b82b/current/log_2568-2641
2019-06-13 13:50:35,064 INFO  storage.RaftLogWorker (RaftLogWorker.java:execute(469)) - 5d71e5de-6d45-4480-a1f1-d41cc2d38630-RaftLogWorker: created new log segment /opt/src/hadoop-ozone/integration-test/target/test-dir/MiniOzoneClusterImpl-c05bfa39-b333-4767-bc96-5a78f3430938/datanode-0/data/ratis/3aee30eb-3db1-472a-b851-c6aea7a4b82b/current/log_inprogress_2642
2019-06-13 13:50:35,066 INFO  client.GrpcClientProtocolClient (GrpcClientProtocolClient.java:onNext(254)) - client-D47EFDF0E133->5d71e5de-6d45-4480-a1f1-d41cc2d38630: receive RaftClientReply:client-D47EFDF0E133->5d71e5de-6d45-4480-a1f1-d41cc2d38630@group-C6AEA7A4B82B, cid=1541, SUCCESS, logIndex=2642, commits[5d71e5de-6d45-4480-a1f1-d41cc2d38630:c2642]
2019-06-13 13:50:35,067 INFO  client.GrpcClientProtocolClient (GrpcClientProtocolClient.java:onNext(254)) - client-D47EFDF0E133->5d71e5de-6d45-4480-a1f1-d41cc2d38630: receive RaftClientReply:client-D47EFDF0E133->5d71e5de-6d45-4480-a1f1-d41cc2d38630@group-C6AEA7A4B82B, cid=1542, SUCCESS, logIndex=2644, commits[5d71e5de-6d45-4480-a1f1-d41cc2d38630:c2644]
2019-06-13 13:50:35,069 INFO  client.GrpcClientProtocolClient (GrpcClientProtocolClient.java:onNext(254)) - client-D47EFDF0E133->5d71e5de-6d45-4480-a1f1-d41cc2d38630: receive RaftClientReply:client-D47EFDF0E133->5d71e5de-6d45-4480-a1f1-d41cc2d38630@group-C6AEA7A4B82B, cid=1543, SUCCESS, logIndex=2646, commits[5d71e5de-6d45-4480-a1f1-d41cc2d38630:c2647]
2019-06-13 13:50:35,069 INFO  client.GrpcClientProtocolClient (GrpcClientProtocolClient.java:onNext(254)) - client-D47EFDF0E133->5d71e5de-6d45-4480-a1f1-d41cc2d38630: receive RaftClientReply:client-D47EFDF0E133->5d71e5de-6d45-4480-a1f1-d41cc2d38630@group-C6AEA7A4B82B, cid=1544, SUCCESS, logIndex=2647, commits[5d71e5de-6d45-4480-a1f1-d41cc2d38630:c2647]
2019-06-13 13:50:35,079 INFO  client.GrpcClientProtocolClient (GrpcClientProtocolClient.java:onNext(254)) - client-D47EFDF0E133->5d71e5de-6d45-4480-a1f1-d41cc2d38630: receive RaftClientReply:client-D47EFDF0E133->5d71e5de-6d45-4480-a1f1-d41cc2d38630@group-C6AEA7A4B82B, cid=1545, SUCCESS, logIndex=2649, commits[5d71e5de-6d45-4480-a1f1-d41cc2d38630:c2649]
2019-06-13 13:50:35,081 INFO  client.GrpcClientProtocolClient (GrpcClientProtocolClient.java:onNext(254)) - client-D47EFDF0E133->5d71e5de-6d45-4480-a1f1-d41cc2d38630: receive RaftClientReply:client-D47EFDF0E133->5d71e5de-6d45-4480-a1f1-d41cc2d38630@group-C6AEA7A4B82B, cid=1546, SUCCESS, logIndex=2651, commits[5d71e5de-6d45-4480-a1f1-d41cc2d38630:c2651]
2019-06-13 13:50:35,097 DEBUG block.SCMBlockDeletingService (SCMBlockDeletingService.java:call(138)) - Running DeletedBlockTransactionScanner
2019-06-13 13:50:35,097 DEBUG block.SCMBlockDeletingService (SCMBlockDeletingService.java:call(155)) - Scanned deleted blocks log and got 0 delTX to process.
2019-06-13 13:50:35,149 INFO  client.GrpcClientProtocolClient (GrpcClientProtocolClient.java:onNext(254)) - client-D47EFDF0E133->5d71e5de-6d45-4480-a1f1-d41cc2d38630: receive RaftClientReply:client-D47EFDF0E133->5d71e5de-6d45-4480-a1f1-d41cc2d38630@group-C6AEA7A4B82B, cid=1547, SUCCESS, logIndex=2653, commits[5d71e5de-6d45-4480-a1f1-d41cc2d38630:c2653]
2019-06-13 13:50:35,151 INFO  client.GrpcClientProtocolClient (GrpcClientProtocolClient.java:onNext(254)) - client-D47EFDF0E133->5d71e5de-6d45-4480-a1f1-d41cc2d38630: receive RaftClientReply:client-D47EFDF0E133->5d71e5de-6d45-4480-a1f1-d41cc2d38630@group-C6AEA7A4B82B, cid=1548, SUCCESS, logIndex=2655, commits[5d71e5de-6d45-4480-a1f1-d41cc2d38630:c2655]
2019-06-13 13:50:35,156 INFO  client.GrpcClientProtocolClient (GrpcClientProtocolClient.java:onNext(254)) - client-D47EFDF0E133->5d71e5de-6d45-4480-a1f1-d41cc2d38630: receive RaftClientReply:client-D47EFDF0E133->5d71e5de-6d45-4480-a1f1-d41cc2d38630@group-C6AEA7A4B82B, cid=1549, SUCCESS, logIndex=2657, commits[5d71e5de-6d45-4480-a1f1-d41cc2d38630:c2657]
2019-06-13 13:50:35,157 INFO  client.GrpcClientProtocolClient (GrpcClientProtocolClient.java:onNext(254)) - client-D47EFDF0E133->5d71e5de-6d45-4480-a1f1-d41cc2d38630: receive RaftClientReply:client-D47EFDF0E133->5d71e5de-6d45-4480-a1f1-d41cc2d38630@group-C6AEA7A4B82B, cid=1550, SUCCESS, logIndex=2659, commits[5d71e5de-6d45-4480-a1f1-d41cc2d38630:c2659]
2019-06-13 13:50:35,158 INFO  client.GrpcClientProtocolClient (GrpcClientProtocolClient.java:onNext(254)) - client-D47EFDF0E133->5d71e5de-6d45-4480-a1f1-d41cc2d38630: receive RaftClientReply:client-D47EFDF0E133->5d71e5de-6d45-4480-a1f1-d41cc2d38630@group-C6AEA7A4B82B, cid=1551, SUCCESS, logIndex=2660, commits[5d71e5de-6d45-4480-a1f1-d41cc2d38630:c2662]
2019-06-13 13:50:35,159 INFO  client.GrpcClientProtocolClient (GrpcClientProtocolClient.java:onNext(254)) - client-D47EFDF0E133->5d71e5de-6d45-4480-a1f1-d41cc2d38630: receive RaftClientReply:client-D47EFDF0E133->5d71e5de-6d45-4480-a1f1-d41cc2d38630@group-C6AEA7A4B82B, cid=1552, SUCCESS, logIndex=2661, commits[5d71e5de-6d45-4480-a1f1-d41cc2d38630:c2662]
2019-06-13 13:50:35,167 INFO  client.GrpcClientProtocolClient (GrpcClientProtocolClient.java:onNext(254)) - client-D47EFDF0E133->5d71e5de-6d45-4480-a1f1-d41cc2d38630: receive RaftClientReply:client-D47EFDF0E133->5d71e5de-6d45-4480-a1f1-d41cc2d38630@group-C6AEA7A4B82B, cid=1553, SUCCESS, logIndex=2663, commits[5d71e5de-6d45-4480-a1f1-d41cc2d38630:c2663]
2019-06-13 13:50:35,169 INFO  client.GrpcClientProtocolClient (GrpcClientProtocolClient.java:onNext(254)) - client-D47EFDF0E133->5d71e5de-6d45-4480-a1f1-d41cc2d38630: receive RaftClientReply:client-D47EFDF0E133->5d71e5de-6d45-4480-a1f1-d41cc2d38630@group-C6AEA7A4B82B, cid=1554, SUCCESS, logIndex=2665, commits[5d71e5de-6d45-4480-a1f1-d41cc2d38630:c2665]
2019-06-13 13:50:35,170 INFO  client.GrpcClientProtocolClient (GrpcClientProtocolClient.java:onNext(254)) - client-D47EFDF0E133->5d71e5de-6d45-4480-a1f1-d41cc2d38630: receive RaftClientReply:client-D47EFDF0E133->5d71e5de-6d45-4480-a1f1-d41cc2d38630@group-C6AEA7A4B82B, cid=1555, SUCCESS, logIndex=2666, commits[5d71e5de-6d45-4480-a1f1-d41cc2d38630:c2667]
2019-06-13 13:50:35,170 INFO  client.GrpcClientProtocolClient (GrpcClientProtocolClient.java:onNext(254)) - client-D47EFDF0E133->5d71e5de-6d45-4480-a1f1-d41cc2d38630: receive RaftClientReply:client-D47EFDF0E133->5d71e5de-6d45-4480-a1f1-d41cc2d38630@group-C6AEA7A4B82B, cid=1556, SUCCESS, logIndex=2667, commits[5d71e5de-6d45-4480-a1f1-d41cc2d38630:c2668]
2019-06-13 13:50:35,175 INFO  client.GrpcClientProtocolClient (GrpcClientProtocolClient.java:onNext(254)) - client-D47EFDF0E133->5d71e5de-6d45-4480-a1f1-d41cc2d38630: receive RaftClientReply:client-D47EFDF0E133->5d71e5de-6d45-4480-a1f1-d41cc2d38630@group-C6AEA7A4B82B, cid=1557, SUCCESS, logIndex=2670, commits[5d71e5de-6d45-4480-a1f1-d41cc2d38630:c2670]
2019-06-13 13:50:35,176 INFO  client.GrpcClientProtocolClient (GrpcClientProtocolClient.java:onNext(254)) - client-D47EFDF0E133->5d71e5de-6d45-4480-a1f1-d41cc2d38630: receive RaftClientReply:client-D47EFDF0E133->5d71e5de-6d45-4480-a1f1-d41cc2d38630@group-C6AEA7A4B82B, cid=1558, SUCCESS, logIndex=2672, commits[5d71e5de-6d45-4480-a1f1-d41cc2d38630:c2672]
2019-06-13 13:50:35,178 INFO  client.GrpcClientProtocolClient (GrpcClientProtocolClient.java:onNext(254)) - client-D47EFDF0E133->5d71e5de-6d45-4480-a1f1-d41cc2d38630: receive RaftClientReply:client-D47EFDF0E133->5d71e5de-6d45-4480-a1f1-d41cc2d38630@group-C6AEA7A4B82B, cid=1559, SUCCESS, logIndex=2674, commits[5d71e5de-6d45-4480-a1f1-d41cc2d38630:c2675]
2019-06-13 13:50:35,178 INFO  client.GrpcClientProtocolClient (GrpcClientProtocolClient.java:onNext(254)) - client-D47EFDF0E133->5d71e5de-6d45-4480-a1f1-d41cc2d38630: receive RaftClientReply:client-D47EFDF0E133->5d71e5de-6d45-4480-a1f1-d41cc2d38630@group-C6AEA7A4B82B, cid=1560, SUCCESS, logIndex=2675, commits[5d71e5de-6d45-4480-a1f1-d41cc2d38630:c2675]
2019-06-13 13:50:35,186 INFO  client.GrpcClientProtocolClient (GrpcClientProtocolClient.java:onNext(254)) - client-D47EFDF0E133->5d71e5de-6d45-4480-a1f1-d41cc2d38630: receive RaftClientReply:client-D47EFDF0E133->5d71e5de-6d45-4480-a1f1-d41cc2d38630@group-C6AEA7A4B82B, cid=1561, SUCCESS, logIndex=2677, commits[5d71e5de-6d45-4480-a1f1-d41cc2d38630:c2677]
2019-06-13 13:50:35,188 INFO  client.GrpcClientProtocolClient (GrpcClientProtocolClient.java:onNext(254)) - client-D47EFDF0E133->5d71e5de-6d45-4480-a1f1-d41cc2d38630: receive RaftClientReply:client-D47EFDF0E133->5d71e5de-6d45-4480-a1f1-d41cc2d38630@group-C6AEA7A4B82B, cid=1562, SUCCESS, logIndex=2679, commits[5d71e5de-6d45-4480-a1f1-d41cc2d38630:c2679]
2019-06-13 13:50:35,189 INFO  client.GrpcClientProtocolClient (GrpcClientProtocolClient.java:onNext(254)) - client-D47EFDF0E133->5d71e5de-6d45-4480-a1f1-d41cc2d38630: receive RaftClientReply:client-D47EFDF0E133->5d71e5de-6d45-4480-a1f1-d41cc2d38630@group-C6AEA7A4B82B, cid=1563, SUCCESS, logIndex=2680, commits[5d71e5de-6d45-4480-a1f1-d41cc2d38630:c2682]
2019-06-13 13:50:35,189 INFO  client.GrpcClientProtocolClient (GrpcClientProtocolClient.java:onNext(254)) - client-D47EFDF0E133->5d71e5de-6d45-4480-a1f1-d41cc2d38630: receive RaftClientReply:client-D47EFDF0E133->5d71e5de-6d45-4480-a1f1-d41cc2d38630@group-C6AEA7A4B82B, cid=1564, SUCCESS, logIndex=2681, commits[5d71e5de-6d45-4480-a1f1-d41cc2d38630:c2682]
2019-06-13 13:50:35,195 INFO  client.GrpcClientProtocolClient (GrpcClientProtocolClient.java:onNext(254)) - client-D47EFDF0E133->5d71e5de-6d45-4480-a1f1-d41cc2d38630: receive RaftClientReply:client-D47EFDF0E133->5d71e5de-6d45-4480-a1f1-d41cc2d38630@group-C6AEA7A4B82B, cid=1565, SUCCESS, logIndex=2683, commits[5d71e5de-6d45-4480-a1f1-d41cc2d38630:c2683]
2019-06-13 13:50:35,197 INFO  client.GrpcClientProtocolClient (GrpcClientProtocolClient.java:onNext(254)) - client-D47EFDF0E133->5d71e5de-6d45-4480-a1f1-d41cc2d38630: receive RaftClientReply:client-D47EFDF0E133->5d71e5de-6d45-4480-a1f1-d41cc2d38630@group-C6AEA7A4B82B, cid=1566, SUCCESS, logIndex=2685, commits[5d71e5de-6d45-4480-a1f1-d41cc2d38630:c2685]
2019-06-13 13:50:35,197 DEBUG block.SCMBlockDeletingService (SCMBlockDeletingService.java:call(138)) - Running DeletedBlockTransactionScanner
2019-06-13 13:50:35,198 DEBUG block.SCMBlockDeletingService (SCMBlockDeletingService.java:call(155)) - Scanned deleted blocks log and got 0 delTX to process.
2019-06-13 13:50:35,198 INFO  client.GrpcClientProtocolClient (GrpcClientProtocolClient.java:onNext(254)) - client-D47EFDF0E133->5d71e5de-6d45-4480-a1f1-d41cc2d38630: receive RaftClientReply:client-D47EFDF0E133->5d71e5de-6d45-4480-a1f1-d41cc2d38630@group-C6AEA7A4B82B, cid=1567, SUCCESS, logIndex=2686, commits[5d71e5de-6d45-4480-a1f1-d41cc2d38630:c2687]
2019-06-13 13:50:35,201 INFO  client.GrpcClientProtocolClient (GrpcClientProtocolClient.java:onNext(254)) - client-D47EFDF0E133->5d71e5de-6d45-4480-a1f1-d41cc2d38630: receive RaftClientReply:client-D47EFDF0E133->5d71e5de-6d45-4480-a1f1-d41cc2d38630@group-C6AEA7A4B82B, cid=1568, SUCCESS, logIndex=2687, commits[5d71e5de-6d45-4480-a1f1-d41cc2d38630:c2687]
2019-06-13 13:50:35,210 INFO  client.GrpcClientProtocolClient (GrpcClientProtocolClient.java:onNext(254)) - client-D47EFDF0E133->5d71e5de-6d45-4480-a1f1-d41cc2d38630: receive RaftClientReply:client-D47EFDF0E133->5d71e5de-6d45-4480-a1f1-d41cc2d38630@group-C6AEA7A4B82B, cid=1569, SUCCESS, logIndex=2690, commits[5d71e5de-6d45-4480-a1f1-d41cc2d38630:c2690]
2019-06-13 13:50:35,212 INFO  client.GrpcClientProtocolClient (GrpcClientProtocolClient.java:onNext(254)) - client-D47EFDF0E133->5d71e5de-6d45-4480-a1f1-d41cc2d38630: receive RaftClientReply:client-D47EFDF0E133->5d71e5de-6d45-4480-a1f1-d41cc2d38630@group-C6AEA7A4B82B, cid=1570, SUCCESS, logIndex=2692, commits[5d71e5de-6d45-4480-a1f1-d41cc2d38630:c2692]
2019-06-13 13:50:35,214 INFO  client.GrpcClientProtocolClient (GrpcClientProtocolClient.java:onNext(254)) - client-D47EFDF0E133->5d71e5de-6d45-4480-a1f1-d41cc2d38630: receive RaftClientReply:client-D47EFDF0E133->5d71e5de-6d45-4480-a1f1-d41cc2d38630@group-C6AEA7A4B82B, cid=1571, SUCCESS, logIndex=2694, commits[5d71e5de-6d45-4480-a1f1-d41cc2d38630:c2694]
2019-06-13 13:50:35,215 INFO  client.GrpcClientProtocolClient (GrpcClientProtocolClient.java:onNext(254)) - client-D47EFDF0E133->5d71e5de-6d45-4480-a1f1-d41cc2d38630: receive RaftClientReply:client-D47EFDF0E133->5d71e5de-6d45-4480-a1f1-d41cc2d38630@group-C6AEA7A4B82B, cid=1572, SUCCESS, logIndex=2695, commits[5d71e5de-6d45-4480-a1f1-d41cc2d38630:c2695]
2019-06-13 13:50:35,221 INFO  client.GrpcClientProtocolClient (GrpcClientProtocolClient.java:onNext(254)) - client-D47EFDF0E133->5d71e5de-6d45-4480-a1f1-d41cc2d38630: receive RaftClientReply:client-D47EFDF0E133->5d71e5de-6d45-4480-a1f1-d41cc2d38630@group-C6AEA7A4B82B, cid=1573, SUCCESS, logIndex=2698, commits[5d71e5de-6d45-4480-a1f1-d41cc2d38630:c2698]
2019-06-13 13:50:35,223 INFO  client.GrpcClientProtocolClient (GrpcClientProtocolClient.java:onNext(254)) - client-D47EFDF0E133->5d71e5de-6d45-4480-a1f1-d41cc2d38630: receive RaftClientReply:client-D47EFDF0E133->5d71e5de-6d45-4480-a1f1-d41cc2d38630@group-C6AEA7A4B82B, cid=1574, SUCCESS, logIndex=2700, commits[5d71e5de-6d45-4480-a1f1-d41cc2d38630:c2700]
2019-06-13 13:50:35,224 INFO  client.GrpcClientProtocolClient (GrpcClientProtocolClient.java:onNext(254)) - client-D47EFDF0E133->5d71e5de-6d45-4480-a1f1-d41cc2d38630: receive RaftClientReply:client-D47EFDF0E133->5d71e5de-6d45-4480-a1f1-d41cc2d38630@group-C6AEA7A4B82B, cid=1575, SUCCESS, logIndex=2701, commits[5d71e5de-6d45-4480-a1f1-d41cc2d38630:c2702]
2019-06-13 13:50:35,224 INFO  client.GrpcClientProtocolClient (GrpcClientProtocolClient.java:onNext(254)) - client-D47EFDF0E133->5d71e5de-6d45-4480-a1f1-d41cc2d38630: receive RaftClientReply:client-D47EFDF0E133->5d71e5de-6d45-4480-a1f1-d41cc2d38630@group-C6AEA7A4B82B, cid=1576, SUCCESS, logIndex=2702, commits[5d71e5de-6d45-4480-a1f1-d41cc2d38630:c2702]
2019-06-13 13:50:35,235 INFO  client.GrpcClientProtocolClient (GrpcClientProtocolClient.java:onNext(254)) - client-D47EFDF0E133->5d71e5de-6d45-4480-a1f1-d41cc2d38630: receive RaftClientReply:client-D47EFDF0E133->5d71e5de-6d45-4480-a1f1-d41cc2d38630@group-C6AEA7A4B82B, cid=1577, SUCCESS, logIndex=2705, commits[5d71e5de-6d45-4480-a1f1-d41cc2d38630:c2705]
2019-06-13 13:50:35,237 INFO  client.GrpcClientProtocolClient (GrpcClientProtocolClient.java:onNext(254)) - client-D47EFDF0E133->5d71e5de-6d45-4480-a1f1-d41cc2d38630: receive RaftClientReply:client-D47EFDF0E133->5d71e5de-6d45-4480-a1f1-d41cc2d38630@group-C6AEA7A4B82B, cid=1578, SUCCESS, logIndex=2707, commits[5d71e5de-6d45-4480-a1f1-d41cc2d38630:c2707]
2019-06-13 13:50:35,237 INFO  client.GrpcClientProtocolClient (GrpcClientProtocolClient.java:onNext(254)) - client-D47EFDF0E133->5d71e5de-6d45-4480-a1f1-d41cc2d38630: receive RaftClientReply:client-D47EFDF0E133->5d71e5de-6d45-4480-a1f1-d41cc2d38630@group-C6AEA7A4B82B, cid=1579, SUCCESS, logIndex=2708, commits[5d71e5de-6d45-4480-a1f1-d41cc2d38630:c2709]
2019-06-13 13:50:35,238 INFO  client.GrpcClientProtocolClient (GrpcClientProtocolClient.java:onNext(254)) - client-D47EFDF0E133->5d71e5de-6d45-4480-a1f1-d41cc2d38630: receive RaftClientReply:client-D47EFDF0E133->5d71e5de-6d45-4480-a1f1-d41cc2d38630@group-C6AEA7A4B82B, cid=1580, SUCCESS, logIndex=2709, commits[5d71e5de-6d45-4480-a1f1-d41cc2d38630:c2709]
2019-06-13 13:50:35,243 INFO  client.GrpcClientProtocolClient (GrpcClientProtocolClient.java:onNext(254)) - client-D47EFDF0E133->5d71e5de-6d45-4480-a1f1-d41cc2d38630: receive RaftClientReply:client-D47EFDF0E133->5d71e5de-6d45-4480-a1f1-d41cc2d38630@group-C6AEA7A4B82B, cid=1581, SUCCESS, logIndex=2712, commits[5d71e5de-6d45-4480-a1f1-d41cc2d38630:c2712]
2019-06-13 13:50:35,244 INFO  storage.RaftLogWorker (RaftLogWorker.java:rollLogSegment(303)) - 5d71e5de-6d45-4480-a1f1-d41cc2d38630-RaftLogWorker: Rolling segment log-2642_2715 to index:2715
2019-06-13 13:50:35,245 INFO  client.GrpcClientProtocolClient (GrpcClientProtocolClient.java:onNext(254)) - client-D47EFDF0E133->5d71e5de-6d45-4480-a1f1-d41cc2d38630: receive RaftClientReply:client-D47EFDF0E133->5d71e5de-6d45-4480-a1f1-d41cc2d38630@group-C6AEA7A4B82B, cid=1582, SUCCESS, logIndex=2714, commits[5d71e5de-6d45-4480-a1f1-d41cc2d38630:c2714]
2019-06-13 13:50:35,245 INFO  storage.RaftLogWorker (RaftLogWorker.java:execute(433)) - 5d71e5de-6d45-4480-a1f1-d41cc2d38630-RaftLogWorker: Rolled log segment from /opt/src/hadoop-ozone/integration-test/target/test-dir/MiniOzoneClusterImpl-c05bfa39-b333-4767-bc96-5a78f3430938/datanode-0/data/ratis/3aee30eb-3db1-472a-b851-c6aea7a4b82b/current/log_inprogress_2642 to /opt/src/hadoop-ozone/integration-test/target/test-dir/MiniOzoneClusterImpl-c05bfa39-b333-4767-bc96-5a78f3430938/datanode-0/data/ratis/3aee30eb-3db1-472a-b851-c6aea7a4b82b/current/log_2642-2715
2019-06-13 13:50:35,254 INFO  client.GrpcClientProtocolClient (GrpcClientProtocolClient.java:onNext(254)) - client-D47EFDF0E133->5d71e5de-6d45-4480-a1f1-d41cc2d38630: receive RaftClientReply:client-D47EFDF0E133->5d71e5de-6d45-4480-a1f1-d41cc2d38630@group-C6AEA7A4B82B, cid=1583, SUCCESS, logIndex=2715, commits[5d71e5de-6d45-4480-a1f1-d41cc2d38630:c2715]
2019-06-13 13:50:35,280 INFO  storage.RaftLogWorker (RaftLogWorker.java:execute(469)) - 5d71e5de-6d45-4480-a1f1-d41cc2d38630-RaftLogWorker: created new log segment /opt/src/hadoop-ozone/integration-test/target/test-dir/MiniOzoneClusterImpl-c05bfa39-b333-4767-bc96-5a78f3430938/datanode-0/data/ratis/3aee30eb-3db1-472a-b851-c6aea7a4b82b/current/log_inprogress_2716
2019-06-13 13:50:35,282 INFO  client.GrpcClientProtocolClient (GrpcClientProtocolClient.java:onNext(254)) - client-D47EFDF0E133->5d71e5de-6d45-4480-a1f1-d41cc2d38630: receive RaftClientReply:client-D47EFDF0E133->5d71e5de-6d45-4480-a1f1-d41cc2d38630@group-C6AEA7A4B82B, cid=1584, SUCCESS, logIndex=2716, commits[5d71e5de-6d45-4480-a1f1-d41cc2d38630:c2718]
2019-06-13 13:50:35,291 INFO  client.GrpcClientProtocolClient (GrpcClientProtocolClient.java:onNext(254)) - client-D47EFDF0E133->5d71e5de-6d45-4480-a1f1-d41cc2d38630: receive RaftClientReply:client-D47EFDF0E133->5d71e5de-6d45-4480-a1f1-d41cc2d38630@group-C6AEA7A4B82B, cid=1585, SUCCESS, logIndex=2719, commits[5d71e5de-6d45-4480-a1f1-d41cc2d38630:c2719]
2019-06-13 13:50:35,293 INFO  client.GrpcClientProtocolClient (GrpcClientProtocolClient.java:onNext(254)) - client-D47EFDF0E133->5d71e5de-6d45-4480-a1f1-d41cc2d38630: receive RaftClientReply:client-D47EFDF0E133->5d71e5de-6d45-4480-a1f1-d41cc2d38630@group-C6AEA7A4B82B, cid=1586, SUCCESS, logIndex=2721, commits[5d71e5de-6d45-4480-a1f1-d41cc2d38630:c2721]
2019-06-13 13:50:35,294 INFO  client.GrpcClientProtocolClient (GrpcClientProtocolClient.java:onNext(254)) - client-D47EFDF0E133->5d71e5de-6d45-4480-a1f1-d41cc2d38630: receive RaftClientReply:client-D47EFDF0E133->5d71e5de-6d45-4480-a1f1-d41cc2d38630@group-C6AEA7A4B82B, cid=1587, SUCCESS, logIndex=2722, commits[5d71e5de-6d45-4480-a1f1-d41cc2d38630:c2724]
2019-06-13 13:50:35,294 INFO  client.GrpcClientProtocolClient (GrpcClientProtocolClient.java:onNext(254)) - client-D47EFDF0E133->5d71e5de-6d45-4480-a1f1-d41cc2d38630: receive RaftClientReply:client-D47EFDF0E133->5d71e5de-6d45-4480-a1f1-d41cc2d38630@group-C6AEA7A4B82B, cid=1588, SUCCESS, logIndex=2723, commits[5d71e5de-6d45-4480-a1f1-d41cc2d38630:c2724]
2019-06-13 13:50:35,298 DEBUG block.SCMBlockDeletingService (SCMBlockDeletingService.java:call(138)) - Running DeletedBlockTransactionScanner
2019-06-13 13:50:35,298 DEBUG block.SCMBlockDeletingService (SCMBlockDeletingService.java:call(155)) - Scanned deleted blocks log and got 0 delTX to process.
2019-06-13 13:50:35,299 INFO  client.GrpcClientProtocolClient (GrpcClientProtocolClient.java:onNext(254)) - client-D47EFDF0E133->5d71e5de-6d45-4480-a1f1-d41cc2d38630: receive RaftClientReply:client-D47EFDF0E133->5d71e5de-6d45-4480-a1f1-d41cc2d38630@group-C6AEA7A4B82B, cid=1589, SUCCESS, logIndex=2725, commits[5d71e5de-6d45-4480-a1f1-d41cc2d38630:c2725]
2019-06-13 13:50:35,300 INFO  client.GrpcClientProtocolClient (GrpcClientProtocolClient.java:onNext(254)) - client-D47EFDF0E133->5d71e5de-6d45-4480-a1f1-d41cc2d38630: receive RaftClientReply:client-D47EFDF0E133->5d71e5de-6d45-4480-a1f1-d41cc2d38630@group-C6AEA7A4B82B, cid=1590, SUCCESS, logIndex=2727, commits[5d71e5de-6d45-4480-a1f1-d41cc2d38630:c2727]
2019-06-13 13:50:35,375 INFO  client.GrpcClientProtocolClient (GrpcClientProtocolClient.java:onNext(254)) - client-D47EFDF0E133->5d71e5de-6d45-4480-a1f1-d41cc2d38630: receive RaftClientReply:client-D47EFDF0E133->5d71e5de-6d45-4480-a1f1-d41cc2d38630@group-C6AEA7A4B82B, cid=1591, SUCCESS, logIndex=2729, commits[5d71e5de-6d45-4480-a1f1-d41cc2d38630:c2729]
2019-06-13 13:50:35,377 INFO  client.GrpcClientProtocolClient (GrpcClientProtocolClient.java:onNext(254)) - client-D47EFDF0E133->5d71e5de-6d45-4480-a1f1-d41cc2d38630: receive RaftClientReply:client-D47EFDF0E133->5d71e5de-6d45-4480-a1f1-d41cc2d38630@group-C6AEA7A4B82B, cid=1592, SUCCESS, logIndex=2731, commits[5d71e5de-6d45-4480-a1f1-d41cc2d38630:c2731]
2019-06-13 13:50:35,394 INFO  client.GrpcClientProtocolClient (GrpcClientProtocolClient.java:onNext(254)) - client-D47EFDF0E133->5d71e5de-6d45-4480-a1f1-d41cc2d38630: receive RaftClientReply:client-D47EFDF0E133->5d71e5de-6d45-4480-a1f1-d41cc2d38630@group-C6AEA7A4B82B, cid=1593, SUCCESS, logIndex=2733, commits[5d71e5de-6d45-4480-a1f1-d41cc2d38630:c2733]
2019-06-13 13:50:35,405 DEBUG block.SCMBlockDeletingService (SCMBlockDeletingService.java:call(138)) - Running DeletedBlockTransactionScanner
2019-06-13 13:50:35,405 DEBUG block.SCMBlockDeletingService (SCMBlockDeletingService.java:call(155)) - Scanned deleted blocks log and got 0 delTX to process.
2019-06-13 13:50:35,406 INFO  client.GrpcClientProtocolClient (GrpcClientProtocolClient.java:onNext(254)) - client-D47EFDF0E133->5d71e5de-6d45-4480-a1f1-d41cc2d38630: receive RaftClientReply:client-D47EFDF0E133->5d71e5de-6d45-4480-a1f1-d41cc2d38630@group-C6AEA7A4B82B, cid=1594, SUCCESS, logIndex=2735, commits[5d71e5de-6d45-4480-a1f1-d41cc2d38630:c2738]
2019-06-13 13:50:35,408 INFO  client.GrpcClientProtocolClient (GrpcClientProtocolClient.java:onNext(254)) - client-D47EFDF0E133->5d71e5de-6d45-4480-a1f1-d41cc2d38630: receive RaftClientReply:client-D47EFDF0E133->5d71e5de-6d45-4480-a1f1-d41cc2d38630@group-C6AEA7A4B82B, cid=1595, SUCCESS, logIndex=2736, commits[5d71e5de-6d45-4480-a1f1-d41cc2d38630:c2738]
2019-06-13 13:50:35,409 INFO  client.GrpcClientProtocolClient (GrpcClientProtocolClient.java:onNext(254)) - client-D47EFDF0E133->5d71e5de-6d45-4480-a1f1-d41cc2d38630: receive RaftClientReply:client-D47EFDF0E133->5d71e5de-6d45-4480-a1f1-d41cc2d38630@group-C6AEA7A4B82B, cid=1596, SUCCESS, logIndex=2737, commits[5d71e5de-6d45-4480-a1f1-d41cc2d38630:c2738]
2019-06-13 13:50:35,415 INFO  client.GrpcClientProtocolClient (GrpcClientProtocolClient.java:onNext(254)) - client-D47EFDF0E133->5d71e5de-6d45-4480-a1f1-d41cc2d38630: receive RaftClientReply:client-D47EFDF0E133->5d71e5de-6d45-4480-a1f1-d41cc2d38630@group-C6AEA7A4B82B, cid=1597, SUCCESS, logIndex=2739, commits[5d71e5de-6d45-4480-a1f1-d41cc2d38630:c2739]
2019-06-13 13:50:35,417 INFO  client.GrpcClientProtocolClient (GrpcClientProtocolClient.java:onNext(254)) - client-D47EFDF0E133->5d71e5de-6d45-4480-a1f1-d41cc2d38630: receive RaftClientReply:client-D47EFDF0E133->5d71e5de-6d45-4480-a1f1-d41cc2d38630@group-C6AEA7A4B82B, cid=1598, SUCCESS, logIndex=2741, commits[5d71e5de-6d45-4480-a1f1-d41cc2d38630:c2741]
2019-06-13 13:50:35,418 INFO  client.GrpcClientProtocolClient (GrpcClientProtocolClient.java:onNext(254)) - client-D47EFDF0E133->5d71e5de-6d45-4480-a1f1-d41cc2d38630: receive RaftClientReply:client-D47EFDF0E133->5d71e5de-6d45-4480-a1f1-d41cc2d38630@group-C6AEA7A4B82B, cid=1599, SUCCESS, logIndex=2742, commits[5d71e5de-6d45-4480-a1f1-d41cc2d38630:c2744]
2019-06-13 13:50:35,418 INFO  client.GrpcClientProtocolClient (GrpcClientProtocolClient.java:onNext(254)) - client-D47EFDF0E133->5d71e5de-6d45-4480-a1f1-d41cc2d38630: receive RaftClientReply:client-D47EFDF0E133->5d71e5de-6d45-4480-a1f1-d41cc2d38630@group-C6AEA7A4B82B, cid=1600, SUCCESS, logIndex=2743, commits[5d71e5de-6d45-4480-a1f1-d41cc2d38630:c2744]
2019-06-13 13:50:35,427 INFO  client.GrpcClientProtocolClient (GrpcClientProtocolClient.java:onNext(254)) - client-D47EFDF0E133->5d71e5de-6d45-4480-a1f1-d41cc2d38630: receive RaftClientReply:client-D47EFDF0E133->5d71e5de-6d45-4480-a1f1-d41cc2d38630@group-C6AEA7A4B82B, cid=1601, SUCCESS, logIndex=2745, commits[5d71e5de-6d45-4480-a1f1-d41cc2d38630:c2745]
2019-06-13 13:50:35,428 INFO  client.GrpcClientProtocolClient (GrpcClientProtocolClient.java:onNext(254)) - client-D47EFDF0E133->5d71e5de-6d45-4480-a1f1-d41cc2d38630: receive RaftClientReply:client-D47EFDF0E133->5d71e5de-6d45-4480-a1f1-d41cc2d38630@group-C6AEA7A4B82B, cid=1602, SUCCESS, logIndex=2747, commits[5d71e5de-6d45-4480-a1f1-d41cc2d38630:c2747]
2019-06-13 13:50:35,429 INFO  client.GrpcClientProtocolClient (GrpcClientProtocolClient.java:onNext(254)) - client-D47EFDF0E133->5d71e5de-6d45-4480-a1f1-d41cc2d38630: receive RaftClientReply:client-D47EFDF0E133->5d71e5de-6d45-4480-a1f1-d41cc2d38630@group-C6AEA7A4B82B, cid=1603, SUCCESS, logIndex=2748, commits[5d71e5de-6d45-4480-a1f1-d41cc2d38630:c2750]
2019-06-13 13:50:35,430 INFO  client.GrpcClientProtocolClient (GrpcClientProtocolClient.java:onNext(254)) - client-D47EFDF0E133->5d71e5de-6d45-4480-a1f1-d41cc2d38630: receive RaftClientReply:client-D47EFDF0E133->5d71e5de-6d45-4480-a1f1-d41cc2d38630@group-C6AEA7A4B82B, cid=1604, SUCCESS, logIndex=2749, commits[5d71e5de-6d45-4480-a1f1-d41cc2d38630:c2750]
2019-06-13 13:50:35,438 INFO  client.GrpcClientProtocolClient (GrpcClientProtocolClient.java:onNext(254)) - client-D47EFDF0E133->5d71e5de-6d45-4480-a1f1-d41cc2d38630: receive RaftClientReply:client-D47EFDF0E133->5d71e5de-6d45-4480-a1f1-d41cc2d38630@group-C6AEA7A4B82B, cid=1605, SUCCESS, logIndex=2751, commits[5d71e5de-6d45-4480-a1f1-d41cc2d38630:c2751]
2019-06-13 13:50:35,438 INFO  client.GrpcClientProtocolClient (GrpcClientProtocolClient.java:onNext(254)) - client-D47EFDF0E133->5d71e5de-6d45-4480-a1f1-d41cc2d38630: receive RaftClientReply:client-D47EFDF0E133->5d71e5de-6d45-4480-a1f1-d41cc2d38630@group-C6AEA7A4B82B, cid=1606, SUCCESS, logIndex=2753, commits[5d71e5de-6d45-4480-a1f1-d41cc2d38630:c2753]
2019-06-13 13:50:35,441 INFO  client.GrpcClientProtocolClient (GrpcClientProtocolClient.java:onNext(254)) - client-D47EFDF0E133->5d71e5de-6d45-4480-a1f1-d41cc2d38630: receive RaftClientReply:client-D47EFDF0E133->5d71e5de-6d45-4480-a1f1-d41cc2d38630@group-C6AEA7A4B82B, cid=1607, SUCCESS, logIndex=2755, commits[5d71e5de-6d45-4480-a1f1-d41cc2d38630:c2755]
2019-06-13 13:50:35,442 INFO  client.GrpcClientProtocolClient (GrpcClientProtocolClient.java:onNext(254)) - client-D47EFDF0E133->5d71e5de-6d45-4480-a1f1-d41cc2d38630: receive RaftClientReply:client-D47EFDF0E133->5d71e5de-6d45-4480-a1f1-d41cc2d38630@group-C6AEA7A4B82B, cid=1608, SUCCESS, logIndex=2757, commits[5d71e5de-6d45-4480-a1f1-d41cc2d38630:c2757]
2019-06-13 13:50:35,450 INFO  client.GrpcClientProtocolClient (GrpcClientProtocolClient.java:onNext(254)) - client-D47EFDF0E133->5d71e5de-6d45-4480-a1f1-d41cc2d38630: receive RaftClientReply:client-D47EFDF0E133->5d71e5de-6d45-4480-a1f1-d41cc2d38630@group-C6AEA7A4B82B, cid=1609, SUCCESS, logIndex=2759, commits[5d71e5de-6d45-4480-a1f1-d41cc2d38630:c2759]
2019-06-13 13:50:35,452 INFO  client.GrpcClientProtocolClient (GrpcClientProtocolClient.java:onNext(254)) - client-D47EFDF0E133->5d71e5de-6d45-4480-a1f1-d41cc2d38630: receive RaftClientReply:client-D47EFDF0E133->5d71e5de-6d45-4480-a1f1-d41cc2d38630@group-C6AEA7A4B82B, cid=1610, SUCCESS, logIndex=2761, commits[5d71e5de-6d45-4480-a1f1-d41cc2d38630:c2761]
2019-06-13 13:50:35,453 INFO  client.GrpcClientProtocolClient (GrpcClientProtocolClient.java:onNext(254)) - client-D47EFDF0E133->5d71e5de-6d45-4480-a1f1-d41cc2d38630: receive RaftClientReply:client-D47EFDF0E133->5d71e5de-6d45-4480-a1f1-d41cc2d38630@group-C6AEA7A4B82B, cid=1611, SUCCESS, logIndex=2762, commits[5d71e5de-6d45-4480-a1f1-d41cc2d38630:c2764]
2019-06-13 13:50:35,453 INFO  client.GrpcClientProtocolClient (GrpcClientProtocolClient.java:onNext(254)) - client-D47EFDF0E133->5d71e5de-6d45-4480-a1f1-d41cc2d38630: receive RaftClientReply:client-D47EFDF0E133->5d71e5de-6d45-4480-a1f1-d41cc2d38630@group-C6AEA7A4B82B, cid=1612, SUCCESS, logIndex=2763, commits[5d71e5de-6d45-4480-a1f1-d41cc2d38630:c2764]
2019-06-13 13:50:35,458 INFO  client.GrpcClientProtocolClient (GrpcClientProtocolClient.java:onNext(254)) - client-D47EFDF0E133->5d71e5de-6d45-4480-a1f1-d41cc2d38630: receive RaftClientReply:client-D47EFDF0E133->5d71e5de-6d45-4480-a1f1-d41cc2d38630@group-C6AEA7A4B82B, cid=1613, SUCCESS, logIndex=2765, commits[5d71e5de-6d45-4480-a1f1-d41cc2d38630:c2765]
2019-06-13 13:50:35,461 INFO  client.GrpcClientProtocolClient (GrpcClientProtocolClient.java:onNext(254)) - client-D47EFDF0E133->5d71e5de-6d45-4480-a1f1-d41cc2d38630: receive RaftClientReply:client-D47EFDF0E133->5d71e5de-6d45-4480-a1f1-d41cc2d38630@group-C6AEA7A4B82B, cid=1614, SUCCESS, logIndex=2767, commits[5d71e5de-6d45-4480-a1f1-d41cc2d38630:c2767]
2019-06-13 13:50:35,461 INFO  client.GrpcClientProtocolClient (GrpcClientProtocolClient.java:onNext(254)) - client-D47EFDF0E133->5d71e5de-6d45-4480-a1f1-d41cc2d38630: receive RaftClientReply:client-D47EFDF0E133->5d71e5de-6d45-4480-a1f1-d41cc2d38630@group-C6AEA7A4B82B, cid=1615, SUCCESS, logIndex=2768, commits[5d71e5de-6d45-4480-a1f1-d41cc2d38630:c2770]
2019-06-13 13:50:35,462 INFO  client.GrpcClientProtocolClient (GrpcClientProtocolClient.java:onNext(254)) - client-D47EFDF0E133->5d71e5de-6d45-4480-a1f1-d41cc2d38630: receive RaftClientReply:client-D47EFDF0E133->5d71e5de-6d45-4480-a1f1-d41cc2d38630@group-C6AEA7A4B82B, cid=1616, SUCCESS, logIndex=2769, commits[5d71e5de-6d45-4480-a1f1-d41cc2d38630:c2770]
2019-06-13 13:50:35,506 DEBUG block.SCMBlockDeletingService (SCMBlockDeletingService.java:call(138)) - Running DeletedBlockTransactionScanner
2019-06-13 13:50:35,506 DEBUG block.SCMBlockDeletingService (SCMBlockDeletingService.java:call(155)) - Scanned deleted blocks log and got 0 delTX to process.
2019-06-13 13:50:35,517 INFO  client.GrpcClientProtocolClient (GrpcClientProtocolClient.java:onNext(254)) - client-D47EFDF0E133->5d71e5de-6d45-4480-a1f1-d41cc2d38630: receive RaftClientReply:client-D47EFDF0E133->5d71e5de-6d45-4480-a1f1-d41cc2d38630@group-C6AEA7A4B82B, cid=1617, SUCCESS, logIndex=2771, commits[5d71e5de-6d45-4480-a1f1-d41cc2d38630:c2771]
2019-06-13 13:50:35,519 INFO  client.GrpcClientProtocolClient (GrpcClientProtocolClient.java:onNext(254)) - client-D47EFDF0E133->5d71e5de-6d45-4480-a1f1-d41cc2d38630: receive RaftClientReply:client-D47EFDF0E133->5d71e5de-6d45-4480-a1f1-d41cc2d38630@group-C6AEA7A4B82B, cid=1618, SUCCESS, logIndex=2773, commits[5d71e5de-6d45-4480-a1f1-d41cc2d38630:c2773]
2019-06-13 13:50:35,519 INFO  client.GrpcClientProtocolClient (GrpcClientProtocolClient.java:onNext(254)) - client-D47EFDF0E133->5d71e5de-6d45-4480-a1f1-d41cc2d38630: receive RaftClientReply:client-D47EFDF0E133->5d71e5de-6d45-4480-a1f1-d41cc2d38630@group-C6AEA7A4B82B, cid=1619, SUCCESS, logIndex=2774, commits[5d71e5de-6d45-4480-a1f1-d41cc2d38630:c2776]
2019-06-13 13:50:35,520 INFO  client.GrpcClientProtocolClient (GrpcClientProtocolClient.java:onNext(254)) - client-D47EFDF0E133->5d71e5de-6d45-4480-a1f1-d41cc2d38630: receive RaftClientReply:client-D47EFDF0E133->5d71e5de-6d45-4480-a1f1-d41cc2d38630@group-C6AEA7A4B82B, cid=1620, SUCCESS, logIndex=2775, commits[5d71e5de-6d45-4480-a1f1-d41cc2d38630:c2776]
2019-06-13 13:50:35,525 INFO  client.GrpcClientProtocolClient (GrpcClientProtocolClient.java:onNext(254)) - client-D47EFDF0E133->5d71e5de-6d45-4480-a1f1-d41cc2d38630: receive RaftClientReply:client-D47EFDF0E133->5d71e5de-6d45-4480-a1f1-d41cc2d38630@group-C6AEA7A4B82B, cid=1621, SUCCESS, logIndex=2777, commits[5d71e5de-6d45-4480-a1f1-d41cc2d38630:c2777]
2019-06-13 13:50:35,527 INFO  client.GrpcClientProtocolClient (GrpcClientProtocolClient.java:onNext(254)) - client-D47EFDF0E133->5d71e5de-6d45-4480-a1f1-d41cc2d38630: receive RaftClientReply:client-D47EFDF0E133->5d71e5de-6d45-4480-a1f1-d41cc2d38630@group-C6AEA7A4B82B, cid=1622, SUCCESS, logIndex=2779, commits[5d71e5de-6d45-4480-a1f1-d41cc2d38630:c2779]
2019-06-13 13:50:35,528 INFO  client.GrpcClientProtocolClient (GrpcClientProtocolClient.java:onNext(254)) - client-D47EFDF0E133->5d71e5de-6d45-4480-a1f1-d41cc2d38630: receive RaftClientReply:client-D47EFDF0E133->5d71e5de-6d45-4480-a1f1-d41cc2d38630@group-C6AEA7A4B82B, cid=1623, SUCCESS, logIndex=2780, commits[5d71e5de-6d45-4480-a1f1-d41cc2d38630:c2781]
2019-06-13 13:50:35,528 INFO  client.GrpcClientProtocolClient (GrpcClientProtocolClient.java:onNext(254)) - client-D47EFDF0E133->5d71e5de-6d45-4480-a1f1-d41cc2d38630: receive RaftClientReply:client-D47EFDF0E133->5d71e5de-6d45-4480-a1f1-d41cc2d38630@group-C6AEA7A4B82B, cid=1624, SUCCESS, logIndex=2781, commits[5d71e5de-6d45-4480-a1f1-d41cc2d38630:c2781]
2019-06-13 13:50:35,536 INFO  client.GrpcClientProtocolClient (GrpcClientProtocolClient.java:onNext(254)) - client-D47EFDF0E133->5d71e5de-6d45-4480-a1f1-d41cc2d38630: receive RaftClientReply:client-D47EFDF0E133->5d71e5de-6d45-4480-a1f1-d41cc2d38630@group-C6AEA7A4B82B, cid=1625, SUCCESS, logIndex=2784, commits[5d71e5de-6d45-4480-a1f1-d41cc2d38630:c2784]
2019-06-13 13:50:35,536 INFO  storage.RaftLogWorker (RaftLogWorker.java:rollLogSegment(303)) - 5d71e5de-6d45-4480-a1f1-d41cc2d38630-RaftLogWorker: Rolling segment log-2716_2786 to index:2786
2019-06-13 13:50:35,537 INFO  storage.RaftLogWorker (RaftLogWorker.java:execute(433)) - 5d71e5de-6d45-4480-a1f1-d41cc2d38630-RaftLogWorker: Rolled log segment from /opt/src/hadoop-ozone/integration-test/target/test-dir/MiniOzoneClusterImpl-c05bfa39-b333-4767-bc96-5a78f3430938/datanode-0/data/ratis/3aee30eb-3db1-472a-b851-c6aea7a4b82b/current/log_inprogress_2716 to /opt/src/hadoop-ozone/integration-test/target/test-dir/MiniOzoneClusterImpl-c05bfa39-b333-4767-bc96-5a78f3430938/datanode-0/data/ratis/3aee30eb-3db1-472a-b851-c6aea7a4b82b/current/log_2716-2786
2019-06-13 13:50:35,538 INFO  client.GrpcClientProtocolClient (GrpcClientProtocolClient.java:onNext(254)) - client-D47EFDF0E133->5d71e5de-6d45-4480-a1f1-d41cc2d38630: receive RaftClientReply:client-D47EFDF0E133->5d71e5de-6d45-4480-a1f1-d41cc2d38630@group-C6AEA7A4B82B, cid=1626, SUCCESS, logIndex=2786, commits[5d71e5de-6d45-4480-a1f1-d41cc2d38630:c2786]
2019-06-13 13:50:35,573 INFO  storage.RaftLogWorker (RaftLogWorker.java:execute(469)) - 5d71e5de-6d45-4480-a1f1-d41cc2d38630-RaftLogWorker: created new log segment /opt/src/hadoop-ozone/integration-test/target/test-dir/MiniOzoneClusterImpl-c05bfa39-b333-4767-bc96-5a78f3430938/datanode-0/data/ratis/3aee30eb-3db1-472a-b851-c6aea7a4b82b/current/log_inprogress_2787
2019-06-13 13:50:35,575 INFO  client.GrpcClientProtocolClient (GrpcClientProtocolClient.java:onNext(254)) - client-D47EFDF0E133->5d71e5de-6d45-4480-a1f1-d41cc2d38630: receive RaftClientReply:client-D47EFDF0E133->5d71e5de-6d45-4480-a1f1-d41cc2d38630@group-C6AEA7A4B82B, cid=1627, SUCCESS, logIndex=2787, commits[5d71e5de-6d45-4480-a1f1-d41cc2d38630:c2789]
2019-06-13 13:50:35,575 INFO  client.GrpcClientProtocolClient (GrpcClientProtocolClient.java:onNext(254)) - client-D47EFDF0E133->5d71e5de-6d45-4480-a1f1-d41cc2d38630: receive RaftClientReply:client-D47EFDF0E133->5d71e5de-6d45-4480-a1f1-d41cc2d38630@group-C6AEA7A4B82B, cid=1628, SUCCESS, logIndex=2788, commits[5d71e5de-6d45-4480-a1f1-d41cc2d38630:c2789]
2019-06-13 13:50:35,581 INFO  client.GrpcClientProtocolClient (GrpcClientProtocolClient.java:onNext(254)) - client-D47EFDF0E133->5d71e5de-6d45-4480-a1f1-d41cc2d38630: receive RaftClientReply:client-D47EFDF0E133->5d71e5de-6d45-4480-a1f1-d41cc2d38630@group-C6AEA7A4B82B, cid=1629, SUCCESS, logIndex=2790, commits[5d71e5de-6d45-4480-a1f1-d41cc2d38630:c2790]
2019-06-13 13:50:35,583 INFO  client.GrpcClientProtocolClient (GrpcClientProtocolClient.java:onNext(254)) - client-D47EFDF0E133->5d71e5de-6d45-4480-a1f1-d41cc2d38630: receive RaftClientReply:client-D47EFDF0E133->5d71e5de-6d45-4480-a1f1-d41cc2d38630@group-C6AEA7A4B82B, cid=1630, SUCCESS, logIndex=2792, commits[5d71e5de-6d45-4480-a1f1-d41cc2d38630:c2792]
2019-06-13 13:50:35,583 INFO  client.GrpcClientProtocolClient (GrpcClientProtocolClient.java:onNext(254)) - client-D47EFDF0E133->5d71e5de-6d45-4480-a1f1-d41cc2d38630: receive RaftClientReply:client-D47EFDF0E133->5d71e5de-6d45-4480-a1f1-d41cc2d38630@group-C6AEA7A4B82B, cid=1631, SUCCESS, logIndex=2793, commits[5d71e5de-6d45-4480-a1f1-d41cc2d38630:c2794]
2019-06-13 13:50:35,584 INFO  client.GrpcClientProtocolClient (GrpcClientProtocolClient.java:onNext(254)) - client-D47EFDF0E133->5d71e5de-6d45-4480-a1f1-d41cc2d38630: receive RaftClientReply:client-D47EFDF0E133->5d71e5de-6d45-4480-a1f1-d41cc2d38630@group-C6AEA7A4B82B, cid=1632, SUCCESS, logIndex=2794, commits[5d71e5de-6d45-4480-a1f1-d41cc2d38630:c2794]
2019-06-13 13:50:35,593 INFO  client.GrpcClientProtocolClient (GrpcClientProtocolClient.java:onNext(254)) - client-D47EFDF0E133->5d71e5de-6d45-4480-a1f1-d41cc2d38630: receive RaftClientReply:client-D47EFDF0E133->5d71e5de-6d45-4480-a1f1-d41cc2d38630@group-C6AEA7A4B82B, cid=1633, SUCCESS, logIndex=2797, commits[5d71e5de-6d45-4480-a1f1-d41cc2d38630:c2797]
2019-06-13 13:50:35,594 INFO  client.GrpcClientProtocolClient (GrpcClientProtocolClient.java:onNext(254)) - client-D47EFDF0E133->5d71e5de-6d45-4480-a1f1-d41cc2d38630: receive RaftClientReply:client-D47EFDF0E133->5d71e5de-6d45-4480-a1f1-d41cc2d38630@group-C6AEA7A4B82B, cid=1634, SUCCESS, logIndex=2799, commits[5d71e5de-6d45-4480-a1f1-d41cc2d38630:c2799]
2019-06-13 13:50:35,607 DEBUG block.SCMBlockDeletingService (SCMBlockDeletingService.java:call(138)) - Running DeletedBlockTransactionScanner
2019-06-13 13:50:35,607 DEBUG block.SCMBlockDeletingService (SCMBlockDeletingService.java:call(155)) - Scanned deleted blocks log and got 0 delTX to process.
2019-06-13 13:50:35,663 INFO  client.GrpcClientProtocolClient (GrpcClientProtocolClient.java:onNext(254)) - client-D47EFDF0E133->5d71e5de-6d45-4480-a1f1-d41cc2d38630: receive RaftClientReply:client-D47EFDF0E133->5d71e5de-6d45-4480-a1f1-d41cc2d38630@group-C6AEA7A4B82B, cid=1635, SUCCESS, logIndex=2801, commits[5d71e5de-6d45-4480-a1f1-d41cc2d38630:c2801]
2019-06-13 13:50:35,664 INFO  client.GrpcClientProtocolClient (GrpcClientProtocolClient.java:onNext(254)) - client-D47EFDF0E133->5d71e5de-6d45-4480-a1f1-d41cc2d38630: receive RaftClientReply:client-D47EFDF0E133->5d71e5de-6d45-4480-a1f1-d41cc2d38630@group-C6AEA7A4B82B, cid=1636, SUCCESS, logIndex=2803, commits[5d71e5de-6d45-4480-a1f1-d41cc2d38630:c2803]
2019-06-13 13:50:35,670 INFO  client.GrpcClientProtocolClient (GrpcClientProtocolClient.java:onNext(254)) - client-D47EFDF0E133->5d71e5de-6d45-4480-a1f1-d41cc2d38630: receive RaftClientReply:client-D47EFDF0E133->5d71e5de-6d45-4480-a1f1-d41cc2d38630@group-C6AEA7A4B82B, cid=1637, SUCCESS, logIndex=2805, commits[5d71e5de-6d45-4480-a1f1-d41cc2d38630:c2805]
2019-06-13 13:50:35,672 INFO  client.GrpcClientProtocolClient (GrpcClientProtocolClient.java:onNext(254)) - client-D47EFDF0E133->5d71e5de-6d45-4480-a1f1-d41cc2d38630: receive RaftClientReply:client-D47EFDF0E133->5d71e5de-6d45-4480-a1f1-d41cc2d38630@group-C6AEA7A4B82B, cid=1638, SUCCESS, logIndex=2807, commits[5d71e5de-6d45-4480-a1f1-d41cc2d38630:c2807]
2019-06-13 13:50:35,672 INFO  client.GrpcClientProtocolClient (GrpcClientProtocolClient.java:onNext(254)) - client-D47EFDF0E133->5d71e5de-6d45-4480-a1f1-d41cc2d38630: receive RaftClientReply:client-D47EFDF0E133->5d71e5de-6d45-4480-a1f1-d41cc2d38630@group-C6AEA7A4B82B, cid=1639, SUCCESS, logIndex=2808, commits[5d71e5de-6d45-4480-a1f1-d41cc2d38630:c2810]
2019-06-13 13:50:35,673 INFO  client.GrpcClientProtocolClient (GrpcClientProtocolClient.java:onNext(254)) - client-D47EFDF0E133->5d71e5de-6d45-4480-a1f1-d41cc2d38630: receive RaftClientReply:client-D47EFDF0E133->5d71e5de-6d45-4480-a1f1-d41cc2d38630@group-C6AEA7A4B82B, cid=1640, SUCCESS, logIndex=2809, commits[5d71e5de-6d45-4480-a1f1-d41cc2d38630:c2810]
2019-06-13 13:50:35,682 INFO  client.GrpcClientProtocolClient (GrpcClientProtocolClient.java:onNext(254)) - client-D47EFDF0E133->5d71e5de-6d45-4480-a1f1-d41cc2d38630: receive RaftClientReply:client-D47EFDF0E133->5d71e5de-6d45-4480-a1f1-d41cc2d38630@group-C6AEA7A4B82B, cid=1641, SUCCESS, logIndex=2811, commits[5d71e5de-6d45-4480-a1f1-d41cc2d38630:c2811]
2019-06-13 13:50:35,686 INFO  client.GrpcClientProtocolClient (GrpcClientProtocolClient.java:onNext(254)) - client-D47EFDF0E133->5d71e5de-6d45-4480-a1f1-d41cc2d38630: receive RaftClientReply:client-D47EFDF0E133->5d71e5de-6d45-4480-a1f1-d41cc2d38630@group-C6AEA7A4B82B, cid=1642, SUCCESS, logIndex=2813, commits[5d71e5de-6d45-4480-a1f1-d41cc2d38630:c2813]
2019-06-13 13:50:35,686 INFO  client.GrpcClientProtocolClient (GrpcClientProtocolClient.java:onNext(254)) - client-D47EFDF0E133->5d71e5de-6d45-4480-a1f1-d41cc2d38630: receive RaftClientReply:client-D47EFDF0E133->5d71e5de-6d45-4480-a1f1-d41cc2d38630@group-C6AEA7A4B82B, cid=1643, SUCCESS, logIndex=2814, commits[5d71e5de-6d45-4480-a1f1-d41cc2d38630:c2816]
2019-06-13 13:50:35,687 INFO  client.GrpcClientProtocolClient (GrpcClientProtocolClient.java:onNext(254)) - client-D47EFDF0E133->5d71e5de-6d45-4480-a1f1-d41cc2d38630: receive RaftClientReply:client-D47EFDF0E133->5d71e5de-6d45-4480-a1f1-d41cc2d38630@group-C6AEA7A4B82B, cid=1644, SUCCESS, logIndex=2815, commits[5d71e5de-6d45-4480-a1f1-d41cc2d38630:c2816]
2019-06-13 13:50:35,692 INFO  client.GrpcClientProtocolClient (GrpcClientProtocolClient.java:onNext(254)) - client-D47EFDF0E133->5d71e5de-6d45-4480-a1f1-d41cc2d38630: receive RaftClientReply:client-D47EFDF0E133->5d71e5de-6d45-4480-a1f1-d41cc2d38630@group-C6AEA7A4B82B, cid=1645, SUCCESS, logIndex=2817, commits[5d71e5de-6d45-4480-a1f1-d41cc2d38630:c2817]
2019-06-13 13:50:35,693 INFO  client.GrpcClientProtocolClient (GrpcClientProtocolClient.java:onNext(254)) - client-D47EFDF0E133->5d71e5de-6d45-4480-a1f1-d41cc2d38630: receive RaftClientReply:client-D47EFDF0E133->5d71e5de-6d45-4480-a1f1-d41cc2d38630@group-C6AEA7A4B82B, cid=1646, SUCCESS, logIndex=2819, commits[5d71e5de-6d45-4480-a1f1-d41cc2d38630:c2819]
2019-06-13 13:50:35,695 INFO  client.GrpcClientProtocolClient (GrpcClientProtocolClient.java:onNext(254)) - client-D47EFDF0E133->5d71e5de-6d45-4480-a1f1-d41cc2d38630: receive RaftClientReply:client-D47EFDF0E133->5d71e5de-6d45-4480-a1f1-d41cc2d38630@group-C6AEA7A4B82B, cid=1647, SUCCESS, logIndex=2820, commits[5d71e5de-6d45-4480-a1f1-d41cc2d38630:c2822]
2019-06-13 13:50:35,695 INFO  client.GrpcClientProtocolClient (GrpcClientProtocolClient.java:onNext(254)) - client-D47EFDF0E133->5d71e5de-6d45-4480-a1f1-d41cc2d38630: receive RaftClientReply:client-D47EFDF0E133->5d71e5de-6d45-4480-a1f1-d41cc2d38630@group-C6AEA7A4B82B, cid=1648, SUCCESS, logIndex=2821, commits[5d71e5de-6d45-4480-a1f1-d41cc2d38630:c2822]
2019-06-13 13:50:35,704 INFO  client.GrpcClientProtocolClient (GrpcClientProtocolClient.java:onNext(254)) - client-D47EFDF0E133->5d71e5de-6d45-4480-a1f1-d41cc2d38630: receive RaftClientReply:client-D47EFDF0E133->5d71e5de-6d45-4480-a1f1-d41cc2d38630@group-C6AEA7A4B82B, cid=1649, SUCCESS, logIndex=2823, commits[5d71e5de-6d45-4480-a1f1-d41cc2d38630:c2823]
2019-06-13 13:50:35,706 INFO  client.GrpcClientProtocolClient (GrpcClientProtocolClient.java:onNext(254)) - client-D47EFDF0E133->5d71e5de-6d45-4480-a1f1-d41cc2d38630: receive RaftClientReply:client-D47EFDF0E133->5d71e5de-6d45-4480-a1f1-d41cc2d38630@group-C6AEA7A4B82B, cid=1650, SUCCESS, logIndex=2825, commits[5d71e5de-6d45-4480-a1f1-d41cc2d38630:c2825]
2019-06-13 13:50:35,707 INFO  client.GrpcClientProtocolClient (GrpcClientProtocolClient.java:onNext(254)) - client-D47EFDF0E133->5d71e5de-6d45-4480-a1f1-d41cc2d38630: receive RaftClientReply:client-D47EFDF0E133->5d71e5de-6d45-4480-a1f1-d41cc2d38630@group-C6AEA7A4B82B, cid=1651, SUCCESS, logIndex=2826, commits[5d71e5de-6d45-4480-a1f1-d41cc2d38630:c2826]
2019-06-13 13:50:35,707 INFO  client.GrpcClientProtocolClient (GrpcClientProtocolClient.java:onNext(254)) - client-D47EFDF0E133->5d71e5de-6d45-4480-a1f1-d41cc2d38630: receive RaftClientReply:client-D47EFDF0E133->5d71e5de-6d45-4480-a1f1-d41cc2d38630@group-C6AEA7A4B82B, cid=1652, SUCCESS, logIndex=2828, commits[5d71e5de-6d45-4480-a1f1-d41cc2d38630:c2828]
2019-06-13 13:50:35,707 DEBUG block.SCMBlockDeletingService (SCMBlockDeletingService.java:call(138)) - Running DeletedBlockTransactionScanner
2019-06-13 13:50:35,708 DEBUG block.SCMBlockDeletingService (SCMBlockDeletingService.java:call(155)) - Scanned deleted blocks log and got 0 delTX to process.
2019-06-13 13:50:35,713 INFO  client.GrpcClientProtocolClient (GrpcClientProtocolClient.java:onNext(254)) - client-D47EFDF0E133->5d71e5de-6d45-4480-a1f1-d41cc2d38630: receive RaftClientReply:client-D47EFDF0E133->5d71e5de-6d45-4480-a1f1-d41cc2d38630@group-C6AEA7A4B82B, cid=1653, SUCCESS, logIndex=2831, commits[5d71e5de-6d45-4480-a1f1-d41cc2d38630:c2831]
2019-06-13 13:50:35,715 INFO  client.GrpcClientProtocolClient (GrpcClientProtocolClient.java:onNext(254)) - client-D47EFDF0E133->5d71e5de-6d45-4480-a1f1-d41cc2d38630: receive RaftClientReply:client-D47EFDF0E133->5d71e5de-6d45-4480-a1f1-d41cc2d38630@group-C6AEA7A4B82B, cid=1654, SUCCESS, logIndex=2833, commits[5d71e5de-6d45-4480-a1f1-d41cc2d38630:c2833]
2019-06-13 13:50:35,715 INFO  client.GrpcClientProtocolClient (GrpcClientProtocolClient.java:onNext(254)) - client-D47EFDF0E133->5d71e5de-6d45-4480-a1f1-d41cc2d38630: receive RaftClientReply:client-D47EFDF0E133->5d71e5de-6d45-4480-a1f1-d41cc2d38630@group-C6AEA7A4B82B, cid=1655, SUCCESS, logIndex=2834, commits[5d71e5de-6d45-4480-a1f1-d41cc2d38630:c2835]
2019-06-13 13:50:35,715 INFO  client.GrpcClientProtocolClient (GrpcClientProtocolClient.java:onNext(254)) - client-D47EFDF0E133->5d71e5de-6d45-4480-a1f1-d41cc2d38630: receive RaftClientReply:client-D47EFDF0E133->5d71e5de-6d45-4480-a1f1-d41cc2d38630@group-C6AEA7A4B82B, cid=1656, SUCCESS, logIndex=2835, commits[5d71e5de-6d45-4480-a1f1-d41cc2d38630:c2835]
2019-06-13 13:50:35,725 INFO  client.GrpcClientProtocolClient (GrpcClientProtocolClient.java:onNext(254)) - client-D47EFDF0E133->5d71e5de-6d45-4480-a1f1-d41cc2d38630: receive RaftClientReply:client-D47EFDF0E133->5d71e5de-6d45-4480-a1f1-d41cc2d38630@group-C6AEA7A4B82B, cid=1657, SUCCESS, logIndex=2838, commits[5d71e5de-6d45-4480-a1f1-d41cc2d38630:c2838]
2019-06-13 13:50:35,726 INFO  client.GrpcClientProtocolClient (GrpcClientProtocolClient.java:onNext(254)) - client-D47EFDF0E133->5d71e5de-6d45-4480-a1f1-d41cc2d38630: receive RaftClientReply:client-D47EFDF0E133->5d71e5de-6d45-4480-a1f1-d41cc2d38630@group-C6AEA7A4B82B, cid=1658, SUCCESS, logIndex=2840, commits[5d71e5de-6d45-4480-a1f1-d41cc2d38630:c2840]
2019-06-13 13:50:35,727 INFO  client.GrpcClientProtocolClient (GrpcClientProtocolClient.java:onNext(254)) - client-D47EFDF0E133->5d71e5de-6d45-4480-a1f1-d41cc2d38630: receive RaftClientReply:client-D47EFDF0E133->5d71e5de-6d45-4480-a1f1-d41cc2d38630@group-C6AEA7A4B82B, cid=1659, SUCCESS, logIndex=2841, commits[5d71e5de-6d45-4480-a1f1-d41cc2d38630:c2843]
2019-06-13 13:50:35,728 INFO  client.GrpcClientProtocolClient (GrpcClientProtocolClient.java:onNext(254)) - client-D47EFDF0E133->5d71e5de-6d45-4480-a1f1-d41cc2d38630: receive RaftClientReply:client-D47EFDF0E133->5d71e5de-6d45-4480-a1f1-d41cc2d38630@group-C6AEA7A4B82B, cid=1660, SUCCESS, logIndex=2842, commits[5d71e5de-6d45-4480-a1f1-d41cc2d38630:c2843]
2019-06-13 13:50:35,733 INFO  client.GrpcClientProtocolClient (GrpcClientProtocolClient.java:onNext(254)) - client-D47EFDF0E133->5d71e5de-6d45-4480-a1f1-d41cc2d38630: receive RaftClientReply:client-D47EFDF0E133->5d71e5de-6d45-4480-a1f1-d41cc2d38630@group-C6AEA7A4B82B, cid=1661, SUCCESS, logIndex=2844, commits[5d71e5de-6d45-4480-a1f1-d41cc2d38630:c2844]
2019-06-13 13:50:35,742 INFO  client.GrpcClientProtocolClient (GrpcClientProtocolClient.java:onNext(254)) - client-D47EFDF0E133->5d71e5de-6d45-4480-a1f1-d41cc2d38630: receive RaftClientReply:client-D47EFDF0E133->5d71e5de-6d45-4480-a1f1-d41cc2d38630@group-C6AEA7A4B82B, cid=1662, SUCCESS, logIndex=2846, commits[5d71e5de-6d45-4480-a1f1-d41cc2d38630:c2848]
2019-06-13 13:50:35,743 INFO  client.GrpcClientProtocolClient (GrpcClientProtocolClient.java:onNext(254)) - client-D47EFDF0E133->5d71e5de-6d45-4480-a1f1-d41cc2d38630: receive RaftClientReply:client-D47EFDF0E133->5d71e5de-6d45-4480-a1f1-d41cc2d38630@group-C6AEA7A4B82B, cid=1663, SUCCESS, logIndex=2847, commits[5d71e5de-6d45-4480-a1f1-d41cc2d38630:c2848]
2019-06-13 13:50:35,743 INFO  client.GrpcClientProtocolClient (GrpcClientProtocolClient.java:onNext(254)) - client-D47EFDF0E133->5d71e5de-6d45-4480-a1f1-d41cc2d38630: receive RaftClientReply:client-D47EFDF0E133->5d71e5de-6d45-4480-a1f1-d41cc2d38630@group-C6AEA7A4B82B, cid=1664, SUCCESS, logIndex=2848, commits[5d71e5de-6d45-4480-a1f1-d41cc2d38630:c2848]
2019-06-13 13:50:35,752 INFO  client.GrpcClientProtocolClient (GrpcClientProtocolClient.java:onNext(254)) - client-D47EFDF0E133->5d71e5de-6d45-4480-a1f1-d41cc2d38630: receive RaftClientReply:client-D47EFDF0E133->5d71e5de-6d45-4480-a1f1-d41cc2d38630@group-C6AEA7A4B82B, cid=1665, SUCCESS, logIndex=2850, commits[5d71e5de-6d45-4480-a1f1-d41cc2d38630:c2850]
2019-06-13 13:50:35,754 INFO  client.GrpcClientProtocolClient (GrpcClientProtocolClient.java:onNext(254)) - client-D47EFDF0E133->5d71e5de-6d45-4480-a1f1-d41cc2d38630: receive RaftClientReply:client-D47EFDF0E133->5d71e5de-6d45-4480-a1f1-d41cc2d38630@group-C6AEA7A4B82B, cid=1666, SUCCESS, logIndex=2852, commits[5d71e5de-6d45-4480-a1f1-d41cc2d38630:c2852]
2019-06-13 13:50:35,755 INFO  client.GrpcClientProtocolClient (GrpcClientProtocolClient.java:onNext(254)) - client-D47EFDF0E133->5d71e5de-6d45-4480-a1f1-d41cc2d38630: receive RaftClientReply:client-D47EFDF0E133->5d71e5de-6d45-4480-a1f1-d41cc2d38630@group-C6AEA7A4B82B, cid=1667, SUCCESS, logIndex=2853, commits[5d71e5de-6d45-4480-a1f1-d41cc2d38630:c2855]
2019-06-13 13:50:35,758 INFO  client.GrpcClientProtocolClient (GrpcClientProtocolClient.java:onNext(254)) - client-D47EFDF0E133->5d71e5de-6d45-4480-a1f1-d41cc2d38630: receive RaftClientReply:client-D47EFDF0E133->5d71e5de-6d45-4480-a1f1-d41cc2d38630@group-C6AEA7A4B82B, cid=1668, SUCCESS, logIndex=2854, commits[5d71e5de-6d45-4480-a1f1-d41cc2d38630:c2855]
2019-06-13 13:50:35,766 INFO  client.GrpcClientProtocolClient (GrpcClientProtocolClient.java:onNext(254)) - client-D47EFDF0E133->5d71e5de-6d45-4480-a1f1-d41cc2d38630: receive RaftClientReply:client-D47EFDF0E133->5d71e5de-6d45-4480-a1f1-d41cc2d38630@group-C6AEA7A4B82B, cid=1669, SUCCESS, logIndex=2856, commits[5d71e5de-6d45-4480-a1f1-d41cc2d38630:c2856]
2019-06-13 13:50:35,766 INFO  storage.RaftLogWorker (RaftLogWorker.java:rollLogSegment(303)) - 5d71e5de-6d45-4480-a1f1-d41cc2d38630-RaftLogWorker: Rolling segment log-2787_2857 to index:2857
2019-06-13 13:50:35,766 INFO  storage.RaftLogWorker (RaftLogWorker.java:execute(433)) - 5d71e5de-6d45-4480-a1f1-d41cc2d38630-RaftLogWorker: Rolled log segment from /opt/src/hadoop-ozone/integration-test/target/test-dir/MiniOzoneClusterImpl-c05bfa39-b333-4767-bc96-5a78f3430938/datanode-0/data/ratis/3aee30eb-3db1-472a-b851-c6aea7a4b82b/current/log_inprogress_2787 to /opt/src/hadoop-ozone/integration-test/target/test-dir/MiniOzoneClusterImpl-c05bfa39-b333-4767-bc96-5a78f3430938/datanode-0/data/ratis/3aee30eb-3db1-472a-b851-c6aea7a4b82b/current/log_2787-2857
2019-06-13 13:50:35,803 INFO  storage.RaftLogWorker (RaftLogWorker.java:execute(469)) - 5d71e5de-6d45-4480-a1f1-d41cc2d38630-RaftLogWorker: created new log segment /opt/src/hadoop-ozone/integration-test/target/test-dir/MiniOzoneClusterImpl-c05bfa39-b333-4767-bc96-5a78f3430938/datanode-0/data/ratis/3aee30eb-3db1-472a-b851-c6aea7a4b82b/current/log_inprogress_2858
2019-06-13 13:50:35,804 INFO  client.GrpcClientProtocolClient (GrpcClientProtocolClient.java:onNext(254)) - client-D47EFDF0E133->5d71e5de-6d45-4480-a1f1-d41cc2d38630: receive RaftClientReply:client-D47EFDF0E133->5d71e5de-6d45-4480-a1f1-d41cc2d38630@group-C6AEA7A4B82B, cid=1670, SUCCESS, logIndex=2858, commits[5d71e5de-6d45-4480-a1f1-d41cc2d38630:c2860]
2019-06-13 13:50:35,807 INFO  client.GrpcClientProtocolClient (GrpcClientProtocolClient.java:onNext(254)) - client-D47EFDF0E133->5d71e5de-6d45-4480-a1f1-d41cc2d38630: receive RaftClientReply:client-D47EFDF0E133->5d71e5de-6d45-4480-a1f1-d41cc2d38630@group-C6AEA7A4B82B, cid=1671, SUCCESS, logIndex=2859, commits[5d71e5de-6d45-4480-a1f1-d41cc2d38630:c2860]
2019-06-13 13:50:35,808 INFO  client.GrpcClientProtocolClient (GrpcClientProtocolClient.java:onNext(254)) - client-D47EFDF0E133->5d71e5de-6d45-4480-a1f1-d41cc2d38630: receive RaftClientReply:client-D47EFDF0E133->5d71e5de-6d45-4480-a1f1-d41cc2d38630@group-C6AEA7A4B82B, cid=1672, SUCCESS, logIndex=2860, commits[5d71e5de-6d45-4480-a1f1-d41cc2d38630:c2861]
2019-06-13 13:50:35,808 DEBUG block.SCMBlockDeletingService (SCMBlockDeletingService.java:call(138)) - Running DeletedBlockTransactionScanner
2019-06-13 13:50:35,808 DEBUG block.SCMBlockDeletingService (SCMBlockDeletingService.java:call(155)) - Scanned deleted blocks log and got 0 delTX to process.
2019-06-13 13:50:35,818 INFO  client.GrpcClientProtocolClient (GrpcClientProtocolClient.java:onNext(254)) - client-D47EFDF0E133->5d71e5de-6d45-4480-a1f1-d41cc2d38630: receive RaftClientReply:client-D47EFDF0E133->5d71e5de-6d45-4480-a1f1-d41cc2d38630@group-C6AEA7A4B82B, cid=1673, SUCCESS, logIndex=2862, commits[5d71e5de-6d45-4480-a1f1-d41cc2d38630:c2862]
2019-06-13 13:50:35,819 INFO  client.GrpcClientProtocolClient (GrpcClientProtocolClient.java:onNext(254)) - client-D47EFDF0E133->5d71e5de-6d45-4480-a1f1-d41cc2d38630: receive RaftClientReply:client-D47EFDF0E133->5d71e5de-6d45-4480-a1f1-d41cc2d38630@group-C6AEA7A4B82B, cid=1674, SUCCESS, logIndex=2864, commits[5d71e5de-6d45-4480-a1f1-d41cc2d38630:c2864]
2019-06-13 13:50:35,820 INFO  client.GrpcClientProtocolClient (GrpcClientProtocolClient.java:onNext(254)) - client-D47EFDF0E133->5d71e5de-6d45-4480-a1f1-d41cc2d38630: receive RaftClientReply:client-D47EFDF0E133->5d71e5de-6d45-4480-a1f1-d41cc2d38630@group-C6AEA7A4B82B, cid=1675, SUCCESS, logIndex=2865, commits[5d71e5de-6d45-4480-a1f1-d41cc2d38630:c2867]
2019-06-13 13:50:35,821 INFO  client.GrpcClientProtocolClient (GrpcClientProtocolClient.java:onNext(254)) - client-D47EFDF0E133->5d71e5de-6d45-4480-a1f1-d41cc2d38630: receive RaftClientReply:client-D47EFDF0E133->5d71e5de-6d45-4480-a1f1-d41cc2d38630@group-C6AEA7A4B82B, cid=1676, SUCCESS, logIndex=2866, commits[5d71e5de-6d45-4480-a1f1-d41cc2d38630:c2867]
2019-06-13 13:50:35,826 INFO  client.GrpcClientProtocolClient (GrpcClientProtocolClient.java:onNext(254)) - client-D47EFDF0E133->5d71e5de-6d45-4480-a1f1-d41cc2d38630: receive RaftClientReply:client-D47EFDF0E133->5d71e5de-6d45-4480-a1f1-d41cc2d38630@group-C6AEA7A4B82B, cid=1677, SUCCESS, logIndex=2868, commits[5d71e5de-6d45-4480-a1f1-d41cc2d38630:c2868]
2019-06-13 13:50:35,827 INFO  client.GrpcClientProtocolClient (GrpcClientProtocolClient.java:onNext(254)) - client-D47EFDF0E133->5d71e5de-6d45-4480-a1f1-d41cc2d38630: receive RaftClientReply:client-D47EFDF0E133->5d71e5de-6d45-4480-a1f1-d41cc2d38630@group-C6AEA7A4B82B, cid=1678, SUCCESS, logIndex=2870, commits[5d71e5de-6d45-4480-a1f1-d41cc2d38630:c2870]
2019-06-13 13:50:35,895 INFO  client.GrpcClientProtocolClient (GrpcClientProtocolClient.java:onNext(254)) - client-D47EFDF0E133->5d71e5de-6d45-4480-a1f1-d41cc2d38630: receive RaftClientReply:client-D47EFDF0E133->5d71e5de-6d45-4480-a1f1-d41cc2d38630@group-C6AEA7A4B82B, cid=1679, SUCCESS, logIndex=2872, commits[5d71e5de-6d45-4480-a1f1-d41cc2d38630:c2872]
2019-06-13 13:50:35,896 INFO  client.GrpcClientProtocolClient (GrpcClientProtocolClient.java:onNext(254)) - client-D47EFDF0E133->5d71e5de-6d45-4480-a1f1-d41cc2d38630: receive RaftClientReply:client-D47EFDF0E133->5d71e5de-6d45-4480-a1f1-d41cc2d38630@group-C6AEA7A4B82B, cid=1680, SUCCESS, logIndex=2874, commits[5d71e5de-6d45-4480-a1f1-d41cc2d38630:c2874]
2019-06-13 13:50:35,904 INFO  client.GrpcClientProtocolClient (GrpcClientProtocolClient.java:onNext(254)) - client-D47EFDF0E133->5d71e5de-6d45-4480-a1f1-d41cc2d38630: receive RaftClientReply:client-D47EFDF0E133->5d71e5de-6d45-4480-a1f1-d41cc2d38630@group-C6AEA7A4B82B, cid=1681, SUCCESS, logIndex=2876, commits[5d71e5de-6d45-4480-a1f1-d41cc2d38630:c2876]
2019-06-13 13:50:35,906 INFO  client.GrpcClientProtocolClient (GrpcClientProtocolClient.java:onNext(254)) - client-D47EFDF0E133->5d71e5de-6d45-4480-a1f1-d41cc2d38630: receive RaftClientReply:client-D47EFDF0E133->5d71e5de-6d45-4480-a1f1-d41cc2d38630@group-C6AEA7A4B82B, cid=1682, SUCCESS, logIndex=2878, commits[5d71e5de-6d45-4480-a1f1-d41cc2d38630:c2878]
2019-06-13 13:50:35,907 INFO  client.GrpcClientProtocolClient (GrpcClientProtocolClient.java:onNext(254)) - client-D47EFDF0E133->5d71e5de-6d45-4480-a1f1-d41cc2d38630: receive RaftClientReply:client-D47EFDF0E133->5d71e5de-6d45-4480-a1f1-d41cc2d38630@group-C6AEA7A4B82B, cid=1683, SUCCESS, logIndex=2879, commits[5d71e5de-6d45-4480-a1f1-d41cc2d38630:c2881]
2019-06-13 13:50:35,908 INFO  client.GrpcClientProtocolClient (GrpcClientProtocolClient.java:onNext(254)) - client-D47EFDF0E133->5d71e5de-6d45-4480-a1f1-d41cc2d38630: receive RaftClientReply:client-D47EFDF0E133->5d71e5de-6d45-4480-a1f1-d41cc2d38630@group-C6AEA7A4B82B, cid=1684, SUCCESS, logIndex=2880, commits[5d71e5de-6d45-4480-a1f1-d41cc2d38630:c2881]
2019-06-13 13:50:35,908 DEBUG block.SCMBlockDeletingService (SCMBlockDeletingService.java:call(138)) - Running DeletedBlockTransactionScanner
2019-06-13 13:50:35,908 DEBUG block.SCMBlockDeletingService (SCMBlockDeletingService.java:call(155)) - Scanned deleted blocks log and got 0 delTX to process.
2019-06-13 13:50:35,913 INFO  client.GrpcClientProtocolClient (GrpcClientProtocolClient.java:onNext(254)) - client-D47EFDF0E133->5d71e5de-6d45-4480-a1f1-d41cc2d38630: receive RaftClientReply:client-D47EFDF0E133->5d71e5de-6d45-4480-a1f1-d41cc2d38630@group-C6AEA7A4B82B, cid=1685, SUCCESS, logIndex=2882, commits[5d71e5de-6d45-4480-a1f1-d41cc2d38630:c2882]
2019-06-13 13:50:35,915 INFO  client.GrpcClientProtocolClient (GrpcClientProtocolClient.java:onNext(254)) - client-D47EFDF0E133->5d71e5de-6d45-4480-a1f1-d41cc2d38630: receive RaftClientReply:client-D47EFDF0E133->5d71e5de-6d45-4480-a1f1-d41cc2d38630@group-C6AEA7A4B82B, cid=1686, SUCCESS, logIndex=2884, commits[5d71e5de-6d45-4480-a1f1-d41cc2d38630:c2884]
2019-06-13 13:50:35,916 INFO  client.GrpcClientProtocolClient (GrpcClientProtocolClient.java:onNext(254)) - client-D47EFDF0E133->5d71e5de-6d45-4480-a1f1-d41cc2d38630: receive RaftClientReply:client-D47EFDF0E133->5d71e5de-6d45-4480-a1f1-d41cc2d38630@group-C6AEA7A4B82B, cid=1687, SUCCESS, logIndex=2885, commits[5d71e5de-6d45-4480-a1f1-d41cc2d38630:c2887]
2019-06-13 13:50:35,916 INFO  client.GrpcClientProtocolClient (GrpcClientProtocolClient.java:onNext(254)) - client-D47EFDF0E133->5d71e5de-6d45-4480-a1f1-d41cc2d38630: receive RaftClientReply:client-D47EFDF0E133->5d71e5de-6d45-4480-a1f1-d41cc2d38630@group-C6AEA7A4B82B, cid=1688, SUCCESS, logIndex=2886, commits[5d71e5de-6d45-4480-a1f1-d41cc2d38630:c2887]
2019-06-13 13:50:35,925 INFO  client.GrpcClientProtocolClient (GrpcClientProtocolClient.java:onNext(254)) - client-D47EFDF0E133->5d71e5de-6d45-4480-a1f1-d41cc2d38630: receive RaftClientReply:client-D47EFDF0E133->5d71e5de-6d45-4480-a1f1-d41cc2d38630@group-C6AEA7A4B82B, cid=1689, SUCCESS, logIndex=2888, commits[5d71e5de-6d45-4480-a1f1-d41cc2d38630:c2888]
2019-06-13 13:50:35,926 INFO  client.GrpcClientProtocolClient (GrpcClientProtocolClient.java:onNext(254)) - client-D47EFDF0E133->5d71e5de-6d45-4480-a1f1-d41cc2d38630: receive RaftClientReply:client-D47EFDF0E133->5d71e5de-6d45-4480-a1f1-d41cc2d38630@group-C6AEA7A4B82B, cid=1690, SUCCESS, logIndex=2890, commits[5d71e5de-6d45-4480-a1f1-d41cc2d38630:c2890]
2019-06-13 13:50:35,927 INFO  client.GrpcClientProtocolClient (GrpcClientProtocolClient.java:onNext(254)) - client-D47EFDF0E133->5d71e5de-6d45-4480-a1f1-d41cc2d38630: receive RaftClientReply:client-D47EFDF0E133->5d71e5de-6d45-4480-a1f1-d41cc2d38630@group-C6AEA7A4B82B, cid=1691, SUCCESS, logIndex=2891, commits[5d71e5de-6d45-4480-a1f1-d41cc2d38630:c2893]
2019-06-13 13:50:35,927 INFO  client.GrpcClientProtocolClient (GrpcClientProtocolClient.java:onNext(254)) - client-D47EFDF0E133->5d71e5de-6d45-4480-a1f1-d41cc2d38630: receive RaftClientReply:client-D47EFDF0E133->5d71e5de-6d45-4480-a1f1-d41cc2d38630@group-C6AEA7A4B82B, cid=1692, SUCCESS, logIndex=2892, commits[5d71e5de-6d45-4480-a1f1-d41cc2d38630:c2893]
2019-06-13 13:50:35,932 INFO  client.GrpcClientProtocolClient (GrpcClientProtocolClient.java:onNext(254)) - client-D47EFDF0E133->5d71e5de-6d45-4480-a1f1-d41cc2d38630: receive RaftClientReply:client-D47EFDF0E133->5d71e5de-6d45-4480-a1f1-d41cc2d38630@group-C6AEA7A4B82B, cid=1693, SUCCESS, logIndex=2894, commits[5d71e5de-6d45-4480-a1f1-d41cc2d38630:c2894]
2019-06-13 13:50:35,933 INFO  client.GrpcClientProtocolClient (GrpcClientProtocolClient.java:onNext(254)) - client-D47EFDF0E133->5d71e5de-6d45-4480-a1f1-d41cc2d38630: receive RaftClientReply:client-D47EFDF0E133->5d71e5de-6d45-4480-a1f1-d41cc2d38630@group-C6AEA7A4B82B, cid=1694, SUCCESS, logIndex=2896, commits[5d71e5de-6d45-4480-a1f1-d41cc2d38630:c2896]
2019-06-13 13:50:35,935 INFO  client.GrpcClientProtocolClient (GrpcClientProtocolClient.java:onNext(254)) - client-D47EFDF0E133->5d71e5de-6d45-4480-a1f1-d41cc2d38630: receive RaftClientReply:client-D47EFDF0E133->5d71e5de-6d45-4480-a1f1-d41cc2d38630@group-C6AEA7A4B82B, cid=1695, SUCCESS, logIndex=2897, commits[5d71e5de-6d45-4480-a1f1-d41cc2d38630:c2899]
2019-06-13 13:50:35,935 INFO  client.GrpcClientProtocolClient (GrpcClientProtocolClient.java:onNext(254)) - client-D47EFDF0E133->5d71e5de-6d45-4480-a1f1-d41cc2d38630: receive RaftClientReply:client-D47EFDF0E133->5d71e5de-6d45-4480-a1f1-d41cc2d38630@group-C6AEA7A4B82B, cid=1696, SUCCESS, logIndex=2899, commits[5d71e5de-6d45-4480-a1f1-d41cc2d38630:c2899]
2019-06-13 13:50:35,989 INFO  client.GrpcClientProtocolClient (GrpcClientProtocolClient.java:onNext(254)) - client-D47EFDF0E133->5d71e5de-6d45-4480-a1f1-d41cc2d38630: receive RaftClientReply:client-D47EFDF0E133->5d71e5de-6d45-4480-a1f1-d41cc2d38630@group-C6AEA7A4B82B, cid=1697, SUCCESS, logIndex=2901, commits[5d71e5de-6d45-4480-a1f1-d41cc2d38630:c2901]
2019-06-13 13:50:35,991 INFO  client.GrpcClientProtocolClient (GrpcClientProtocolClient.java:onNext(254)) - client-D47EFDF0E133->5d71e5de-6d45-4480-a1f1-d41cc2d38630: receive RaftClientReply:client-D47EFDF0E133->5d71e5de-6d45-4480-a1f1-d41cc2d38630@group-C6AEA7A4B82B, cid=1698, SUCCESS, logIndex=2903, commits[5d71e5de-6d45-4480-a1f1-d41cc2d38630:c2903]
2019-06-13 13:50:35,992 INFO  client.GrpcClientProtocolClient (GrpcClientProtocolClient.java:onNext(254)) - client-D47EFDF0E133->5d71e5de-6d45-4480-a1f1-d41cc2d38630: receive RaftClientReply:client-D47EFDF0E133->5d71e5de-6d45-4480-a1f1-d41cc2d38630@group-C6AEA7A4B82B, cid=1699, SUCCESS, logIndex=2904, commits[5d71e5de-6d45-4480-a1f1-d41cc2d38630:c2906]
2019-06-13 13:50:35,992 INFO  client.GrpcClientProtocolClient (GrpcClientProtocolClient.java:onNext(254)) - client-D47EFDF0E133->5d71e5de-6d45-4480-a1f1-d41cc2d38630: receive RaftClientReply:client-D47EFDF0E133->5d71e5de-6d45-4480-a1f1-d41cc2d38630@group-C6AEA7A4B82B, cid=1700, SUCCESS, logIndex=2905, commits[5d71e5de-6d45-4480-a1f1-d41cc2d38630:c2906]
2019-06-13 13:50:35,997 INFO  client.GrpcClientProtocolClient (GrpcClientProtocolClient.java:onNext(254)) - client-D47EFDF0E133->5d71e5de-6d45-4480-a1f1-d41cc2d38630: receive RaftClientReply:client-D47EFDF0E133->5d71e5de-6d45-4480-a1f1-d41cc2d38630@group-C6AEA7A4B82B, cid=1701, SUCCESS, logIndex=2907, commits[5d71e5de-6d45-4480-a1f1-d41cc2d38630:c2907]
2019-06-13 13:50:35,999 INFO  client.GrpcClientProtocolClient (GrpcClientProtocolClient.java:onNext(254)) - client-D47EFDF0E133->5d71e5de-6d45-4480-a1f1-d41cc2d38630: receive RaftClientReply:client-D47EFDF0E133->5d71e5de-6d45-4480-a1f1-d41cc2d38630@group-C6AEA7A4B82B, cid=1702, SUCCESS, logIndex=2909, commits[5d71e5de-6d45-4480-a1f1-d41cc2d38630:c2909]
2019-06-13 13:50:36,000 INFO  client.GrpcClientProtocolClient (GrpcClientProtocolClient.java:onNext(254)) - client-D47EFDF0E133->5d71e5de-6d45-4480-a1f1-d41cc2d38630: receive RaftClientReply:client-D47EFDF0E133->5d71e5de-6d45-4480-a1f1-d41cc2d38630@group-C6AEA7A4B82B, cid=1703, SUCCESS, logIndex=2910, commits[5d71e5de-6d45-4480-a1f1-d41cc2d38630:c2912]
2019-06-13 13:50:36,000 INFO  client.GrpcClientProtocolClient (GrpcClientProtocolClient.java:onNext(254)) - client-D47EFDF0E133->5d71e5de-6d45-4480-a1f1-d41cc2d38630: receive RaftClientReply:client-D47EFDF0E133->5d71e5de-6d45-4480-a1f1-d41cc2d38630@group-C6AEA7A4B82B, cid=1704, SUCCESS, logIndex=2911, commits[5d71e5de-6d45-4480-a1f1-d41cc2d38630:c2912]
2019-06-13 13:50:36,009 DEBUG block.SCMBlockDeletingService (SCMBlockDeletingService.java:call(138)) - Running DeletedBlockTransactionScanner
2019-06-13 13:50:36,009 INFO  client.GrpcClientProtocolClient (GrpcClientProtocolClient.java:onNext(254)) - client-D47EFDF0E133->5d71e5de-6d45-4480-a1f1-d41cc2d38630: receive RaftClientReply:client-D47EFDF0E133->5d71e5de-6d45-4480-a1f1-d41cc2d38630@group-C6AEA7A4B82B, cid=1705, SUCCESS, logIndex=2913, commits[5d71e5de-6d45-4480-a1f1-d41cc2d38630:c2913]
2019-06-13 13:50:36,009 DEBUG block.SCMBlockDeletingService (SCMBlockDeletingService.java:call(155)) - Scanned deleted blocks log and got 0 delTX to process.
2019-06-13 13:50:36,010 INFO  client.GrpcClientProtocolClient (GrpcClientProtocolClient.java:onNext(254)) - client-D47EFDF0E133->5d71e5de-6d45-4480-a1f1-d41cc2d38630: receive RaftClientReply:client-D47EFDF0E133->5d71e5de-6d45-4480-a1f1-d41cc2d38630@group-C6AEA7A4B82B, cid=1706, SUCCESS, logIndex=2915, commits[5d71e5de-6d45-4480-a1f1-d41cc2d38630:c2915]
2019-06-13 13:50:36,012 INFO  client.GrpcClientProtocolClient (GrpcClientProtocolClient.java:onNext(254)) - client-D47EFDF0E133->5d71e5de-6d45-4480-a1f1-d41cc2d38630: receive RaftClientReply:client-D47EFDF0E133->5d71e5de-6d45-4480-a1f1-d41cc2d38630@group-C6AEA7A4B82B, cid=1707, SUCCESS, logIndex=2916, commits[5d71e5de-6d45-4480-a1f1-d41cc2d38630:c2918]
2019-06-13 13:50:36,012 INFO  client.GrpcClientProtocolClient (GrpcClientProtocolClient.java:onNext(254)) - client-D47EFDF0E133->5d71e5de-6d45-4480-a1f1-d41cc2d38630: receive RaftClientReply:client-D47EFDF0E133->5d71e5de-6d45-4480-a1f1-d41cc2d38630@group-C6AEA7A4B82B, cid=1708, SUCCESS, logIndex=2917, commits[5d71e5de-6d45-4480-a1f1-d41cc2d38630:c2918]
2019-06-13 13:50:36,017 INFO  client.GrpcClientProtocolClient (GrpcClientProtocolClient.java:onNext(254)) - client-D47EFDF0E133->5d71e5de-6d45-4480-a1f1-d41cc2d38630: receive RaftClientReply:client-D47EFDF0E133->5d71e5de-6d45-4480-a1f1-d41cc2d38630@group-C6AEA7A4B82B, cid=1709, SUCCESS, logIndex=2919, commits[5d71e5de-6d45-4480-a1f1-d41cc2d38630:c2919]
2019-06-13 13:50:36,018 INFO  client.GrpcClientProtocolClient (GrpcClientProtocolClient.java:onNext(254)) - client-D47EFDF0E133->5d71e5de-6d45-4480-a1f1-d41cc2d38630: receive RaftClientReply:client-D47EFDF0E133->5d71e5de-6d45-4480-a1f1-d41cc2d38630@group-C6AEA7A4B82B, cid=1710, SUCCESS, logIndex=2921, commits[5d71e5de-6d45-4480-a1f1-d41cc2d38630:c2921]
2019-06-13 13:50:36,019 INFO  client.GrpcClientProtocolClient (GrpcClientProtocolClient.java:onNext(254)) - client-D47EFDF0E133->5d71e5de-6d45-4480-a1f1-d41cc2d38630: receive RaftClientReply:client-D47EFDF0E133->5d71e5de-6d45-4480-a1f1-d41cc2d38630@group-C6AEA7A4B82B, cid=1711, SUCCESS, logIndex=2922, commits[5d71e5de-6d45-4480-a1f1-d41cc2d38630:c2924]
2019-06-13 13:50:36,020 INFO  client.GrpcClientProtocolClient (GrpcClientProtocolClient.java:onNext(254)) - client-D47EFDF0E133->5d71e5de-6d45-4480-a1f1-d41cc2d38630: receive RaftClientReply:client-D47EFDF0E133->5d71e5de-6d45-4480-a1f1-d41cc2d38630@group-C6AEA7A4B82B, cid=1712, SUCCESS, logIndex=2923, commits[5d71e5de-6d45-4480-a1f1-d41cc2d38630:c2924]
2019-06-13 13:50:36,026 INFO  storage.RaftLogWorker (RaftLogWorker.java:rollLogSegment(303)) - 5d71e5de-6d45-4480-a1f1-d41cc2d38630-RaftLogWorker: Rolling segment log-2858_2924 to index:2924
2019-06-13 13:50:36,026 INFO  storage.RaftLogWorker (RaftLogWorker.java:execute(433)) - 5d71e5de-6d45-4480-a1f1-d41cc2d38630-RaftLogWorker: Rolled log segment from /opt/src/hadoop-ozone/integration-test/target/test-dir/MiniOzoneClusterImpl-c05bfa39-b333-4767-bc96-5a78f3430938/datanode-0/data/ratis/3aee30eb-3db1-472a-b851-c6aea7a4b82b/current/log_inprogress_2858 to /opt/src/hadoop-ozone/integration-test/target/test-dir/MiniOzoneClusterImpl-c05bfa39-b333-4767-bc96-5a78f3430938/datanode-0/data/ratis/3aee30eb-3db1-472a-b851-c6aea7a4b82b/current/log_2858-2924
2019-06-13 13:50:36,062 INFO  storage.RaftLogWorker (RaftLogWorker.java:execute(469)) - 5d71e5de-6d45-4480-a1f1-d41cc2d38630-RaftLogWorker: created new log segment /opt/src/hadoop-ozone/integration-test/target/test-dir/MiniOzoneClusterImpl-c05bfa39-b333-4767-bc96-5a78f3430938/datanode-0/data/ratis/3aee30eb-3db1-472a-b851-c6aea7a4b82b/current/log_inprogress_2925
2019-06-13 13:50:36,064 INFO  client.GrpcClientProtocolClient (GrpcClientProtocolClient.java:onNext(254)) - client-D47EFDF0E133->5d71e5de-6d45-4480-a1f1-d41cc2d38630: receive RaftClientReply:client-D47EFDF0E133->5d71e5de-6d45-4480-a1f1-d41cc2d38630@group-C6AEA7A4B82B, cid=1713, SUCCESS, logIndex=2925, commits[5d71e5de-6d45-4480-a1f1-d41cc2d38630:c2925]
2019-06-13 13:50:36,065 INFO  client.GrpcClientProtocolClient (GrpcClientProtocolClient.java:onNext(254)) - client-D47EFDF0E133->5d71e5de-6d45-4480-a1f1-d41cc2d38630: receive RaftClientReply:client-D47EFDF0E133->5d71e5de-6d45-4480-a1f1-d41cc2d38630@group-C6AEA7A4B82B, cid=1714, SUCCESS, logIndex=2927, commits[5d71e5de-6d45-4480-a1f1-d41cc2d38630:c2927]
2019-06-13 13:50:36,066 INFO  client.GrpcClientProtocolClient (GrpcClientProtocolClient.java:onNext(254)) - client-D47EFDF0E133->5d71e5de-6d45-4480-a1f1-d41cc2d38630: receive RaftClientReply:client-D47EFDF0E133->5d71e5de-6d45-4480-a1f1-d41cc2d38630@group-C6AEA7A4B82B, cid=1715, SUCCESS, logIndex=2928, commits[5d71e5de-6d45-4480-a1f1-d41cc2d38630:c2930]
2019-06-13 13:50:36,067 INFO  client.GrpcClientProtocolClient (GrpcClientProtocolClient.java:onNext(254)) - client-D47EFDF0E133->5d71e5de-6d45-4480-a1f1-d41cc2d38630: receive RaftClientReply:client-D47EFDF0E133->5d71e5de-6d45-4480-a1f1-d41cc2d38630@group-C6AEA7A4B82B, cid=1716, SUCCESS, logIndex=2930, commits[5d71e5de-6d45-4480-a1f1-d41cc2d38630:c2930]
2019-06-13 13:50:36,072 INFO  client.GrpcClientProtocolClient (GrpcClientProtocolClient.java:onNext(254)) - client-D47EFDF0E133->5d71e5de-6d45-4480-a1f1-d41cc2d38630: receive RaftClientReply:client-D47EFDF0E133->5d71e5de-6d45-4480-a1f1-d41cc2d38630@group-C6AEA7A4B82B, cid=1717, SUCCESS, logIndex=2932, commits[5d71e5de-6d45-4480-a1f1-d41cc2d38630:c2932]
2019-06-13 13:50:36,073 INFO  client.GrpcClientProtocolClient (GrpcClientProtocolClient.java:onNext(254)) - client-D47EFDF0E133->5d71e5de-6d45-4480-a1f1-d41cc2d38630: receive RaftClientReply:client-D47EFDF0E133->5d71e5de-6d45-4480-a1f1-d41cc2d38630@group-C6AEA7A4B82B, cid=1718, SUCCESS, logIndex=2934, commits[5d71e5de-6d45-4480-a1f1-d41cc2d38630:c2934]
2019-06-13 13:50:36,074 INFO  client.GrpcClientProtocolClient (GrpcClientProtocolClient.java:onNext(254)) - client-D47EFDF0E133->5d71e5de-6d45-4480-a1f1-d41cc2d38630: receive RaftClientReply:client-D47EFDF0E133->5d71e5de-6d45-4480-a1f1-d41cc2d38630@group-C6AEA7A4B82B, cid=1719, SUCCESS, logIndex=2935, commits[5d71e5de-6d45-4480-a1f1-d41cc2d38630:c2937]
2019-06-13 13:50:36,075 INFO  client.GrpcClientProtocolClient (GrpcClientProtocolClient.java:onNext(254)) - client-D47EFDF0E133->5d71e5de-6d45-4480-a1f1-d41cc2d38630: receive RaftClientReply:client-D47EFDF0E133->5d71e5de-6d45-4480-a1f1-d41cc2d38630@group-C6AEA7A4B82B, cid=1720, SUCCESS, logIndex=2936, commits[5d71e5de-6d45-4480-a1f1-d41cc2d38630:c2937]
2019-06-13 13:50:36,085 INFO  client.GrpcClientProtocolClient (GrpcClientProtocolClient.java:onNext(254)) - client-D47EFDF0E133->5d71e5de-6d45-4480-a1f1-d41cc2d38630: receive RaftClientReply:client-D47EFDF0E133->5d71e5de-6d45-4480-a1f1-d41cc2d38630@group-C6AEA7A4B82B, cid=1721, SUCCESS, logIndex=2938, commits[5d71e5de-6d45-4480-a1f1-d41cc2d38630:c2938]
2019-06-13 13:50:36,087 INFO  client.GrpcClientProtocolClient (GrpcClientProtocolClient.java:onNext(254)) - client-D47EFDF0E133->5d71e5de-6d45-4480-a1f1-d41cc2d38630: receive RaftClientReply:client-D47EFDF0E133->5d71e5de-6d45-4480-a1f1-d41cc2d38630@group-C6AEA7A4B82B, cid=1722, SUCCESS, logIndex=2940, commits[5d71e5de-6d45-4480-a1f1-d41cc2d38630:c2940]
2019-06-13 13:50:36,088 INFO  client.GrpcClientProtocolClient (GrpcClientProtocolClient.java:onNext(254)) - client-D47EFDF0E133->5d71e5de-6d45-4480-a1f1-d41cc2d38630: receive RaftClientReply:client-D47EFDF0E133->5d71e5de-6d45-4480-a1f1-d41cc2d38630@group-C6AEA7A4B82B, cid=1723, SUCCESS, logIndex=2941, commits[5d71e5de-6d45-4480-a1f1-d41cc2d38630:c2942]
2019-06-13 13:50:36,088 INFO  client.GrpcClientProtocolClient (GrpcClientProtocolClient.java:onNext(254)) - client-D47EFDF0E133->5d71e5de-6d45-4480-a1f1-d41cc2d38630: receive RaftClientReply:client-D47EFDF0E133->5d71e5de-6d45-4480-a1f1-d41cc2d38630@group-C6AEA7A4B82B, cid=1724, SUCCESS, logIndex=2942, commits[5d71e5de-6d45-4480-a1f1-d41cc2d38630:c2943]
2019-06-13 13:50:36,109 DEBUG block.SCMBlockDeletingService (SCMBlockDeletingService.java:call(138)) - Running DeletedBlockTransactionScanner
2019-06-13 13:50:36,109 DEBUG block.SCMBlockDeletingService (SCMBlockDeletingService.java:call(155)) - Scanned deleted blocks log and got 0 delTX to process.
2019-06-13 13:50:36,161 INFO  client.GrpcClientProtocolClient (GrpcClientProtocolClient.java:onNext(254)) - client-D47EFDF0E133->5d71e5de-6d45-4480-a1f1-d41cc2d38630: receive RaftClientReply:client-D47EFDF0E133->5d71e5de-6d45-4480-a1f1-d41cc2d38630@group-C6AEA7A4B82B, cid=1725, SUCCESS, logIndex=2945, commits[5d71e5de-6d45-4480-a1f1-d41cc2d38630:c2945]
2019-06-13 13:50:36,162 INFO  client.GrpcClientProtocolClient (GrpcClientProtocolClient.java:onNext(254)) - client-D47EFDF0E133->5d71e5de-6d45-4480-a1f1-d41cc2d38630: receive RaftClientReply:client-D47EFDF0E133->5d71e5de-6d45-4480-a1f1-d41cc2d38630@group-C6AEA7A4B82B, cid=1726, SUCCESS, logIndex=2947, commits[5d71e5de-6d45-4480-a1f1-d41cc2d38630:c2947]
2019-06-13 13:50:36,163 INFO  client.GrpcClientProtocolClient (GrpcClientProtocolClient.java:onNext(254)) - client-D47EFDF0E133->5d71e5de-6d45-4480-a1f1-d41cc2d38630: receive RaftClientReply:client-D47EFDF0E133->5d71e5de-6d45-4480-a1f1-d41cc2d38630@group-C6AEA7A4B82B, cid=1727, SUCCESS, logIndex=2948, commits[5d71e5de-6d45-4480-a1f1-d41cc2d38630:c2950]
2019-06-13 13:50:36,163 INFO  client.GrpcClientProtocolClient (GrpcClientProtocolClient.java:onNext(254)) - client-D47EFDF0E133->5d71e5de-6d45-4480-a1f1-d41cc2d38630: receive RaftClientReply:client-D47EFDF0E133->5d71e5de-6d45-4480-a1f1-d41cc2d38630@group-C6AEA7A4B82B, cid=1728, SUCCESS, logIndex=2949, commits[5d71e5de-6d45-4480-a1f1-d41cc2d38630:c2950]
2019-06-13 13:50:36,173 INFO  client.GrpcClientProtocolClient (GrpcClientProtocolClient.java:onNext(254)) - client-D47EFDF0E133->5d71e5de-6d45-4480-a1f1-d41cc2d38630: receive RaftClientReply:client-D47EFDF0E133->5d71e5de-6d45-4480-a1f1-d41cc2d38630@group-C6AEA7A4B82B, cid=1729, SUCCESS, logIndex=2951, commits[5d71e5de-6d45-4480-a1f1-d41cc2d38630:c2951]
2019-06-13 13:50:36,175 INFO  client.GrpcClientProtocolClient (GrpcClientProtocolClient.java:onNext(254)) - client-D47EFDF0E133->5d71e5de-6d45-4480-a1f1-d41cc2d38630: receive RaftClientReply:client-D47EFDF0E133->5d71e5de-6d45-4480-a1f1-d41cc2d38630@group-C6AEA7A4B82B, cid=1730, SUCCESS, logIndex=2953, commits[5d71e5de-6d45-4480-a1f1-d41cc2d38630:c2953]
2019-06-13 13:50:36,175 INFO  client.GrpcClientProtocolClient (GrpcClientProtocolClient.java:onNext(254)) - client-D47EFDF0E133->5d71e5de-6d45-4480-a1f1-d41cc2d38630: receive RaftClientReply:client-D47EFDF0E133->5d71e5de-6d45-4480-a1f1-d41cc2d38630@group-C6AEA7A4B82B, cid=1731, SUCCESS, logIndex=2954, commits[5d71e5de-6d45-4480-a1f1-d41cc2d38630:c2955]
2019-06-13 13:50:36,176 INFO  client.GrpcClientProtocolClient (GrpcClientProtocolClient.java:onNext(254)) - client-D47EFDF0E133->5d71e5de-6d45-4480-a1f1-d41cc2d38630: receive RaftClientReply:client-D47EFDF0E133->5d71e5de-6d45-4480-a1f1-d41cc2d38630@group-C6AEA7A4B82B, cid=1732, SUCCESS, logIndex=2955, commits[5d71e5de-6d45-4480-a1f1-d41cc2d38630:c2955]
2019-06-13 13:50:36,180 INFO  client.GrpcClientProtocolClient (GrpcClientProtocolClient.java:onNext(254)) - client-D47EFDF0E133->5d71e5de-6d45-4480-a1f1-d41cc2d38630: receive RaftClientReply:client-D47EFDF0E133->5d71e5de-6d45-4480-a1f1-d41cc2d38630@group-C6AEA7A4B82B, cid=1733, SUCCESS, logIndex=2958, commits[5d71e5de-6d45-4480-a1f1-d41cc2d38630:c2958]
2019-06-13 13:50:36,182 INFO  client.GrpcClientProtocolClient (GrpcClientProtocolClient.java:onNext(254)) - client-D47EFDF0E133->5d71e5de-6d45-4480-a1f1-d41cc2d38630: receive RaftClientReply:client-D47EFDF0E133->5d71e5de-6d45-4480-a1f1-d41cc2d38630@group-C6AEA7A4B82B, cid=1734, SUCCESS, logIndex=2960, commits[5d71e5de-6d45-4480-a1f1-d41cc2d38630:c2960]
2019-06-13 13:50:36,183 INFO  client.GrpcClientProtocolClient (GrpcClientProtocolClient.java:onNext(254)) - client-D47EFDF0E133->5d71e5de-6d45-4480-a1f1-d41cc2d38630: receive RaftClientReply:client-D47EFDF0E133->5d71e5de-6d45-4480-a1f1-d41cc2d38630@group-C6AEA7A4B82B, cid=1735, SUCCESS, logIndex=2961, commits[5d71e5de-6d45-4480-a1f1-d41cc2d38630:c2963]
2019-06-13 13:50:36,183 INFO  client.GrpcClientProtocolClient (GrpcClientProtocolClient.java:onNext(254)) - client-D47EFDF0E133->5d71e5de-6d45-4480-a1f1-d41cc2d38630: receive RaftClientReply:client-D47EFDF0E133->5d71e5de-6d45-4480-a1f1-d41cc2d38630@group-C6AEA7A4B82B, cid=1736, SUCCESS, logIndex=2962, commits[5d71e5de-6d45-4480-a1f1-d41cc2d38630:c2963]
2019-06-13 13:50:36,192 INFO  client.GrpcClientProtocolClient (GrpcClientProtocolClient.java:onNext(254)) - client-D47EFDF0E133->5d71e5de-6d45-4480-a1f1-d41cc2d38630: receive RaftClientReply:client-D47EFDF0E133->5d71e5de-6d45-4480-a1f1-d41cc2d38630@group-C6AEA7A4B82B, cid=1737, SUCCESS, logIndex=2964, commits[5d71e5de-6d45-4480-a1f1-d41cc2d38630:c2964]
2019-06-13 13:50:36,193 INFO  client.GrpcClientProtocolClient (GrpcClientProtocolClient.java:onNext(254)) - client-D47EFDF0E133->5d71e5de-6d45-4480-a1f1-d41cc2d38630: receive RaftClientReply:client-D47EFDF0E133->5d71e5de-6d45-4480-a1f1-d41cc2d38630@group-C6AEA7A4B82B, cid=1738, SUCCESS, logIndex=2966, commits[5d71e5de-6d45-4480-a1f1-d41cc2d38630:c2966]
2019-06-13 13:50:36,194 INFO  client.GrpcClientProtocolClient (GrpcClientProtocolClient.java:onNext(254)) - client-D47EFDF0E133->5d71e5de-6d45-4480-a1f1-d41cc2d38630: receive RaftClientReply:client-D47EFDF0E133->5d71e5de-6d45-4480-a1f1-d41cc2d38630@group-C6AEA7A4B82B, cid=1739, SUCCESS, logIndex=2967, commits[5d71e5de-6d45-4480-a1f1-d41cc2d38630:c2969]
2019-06-13 13:50:36,195 INFO  client.GrpcClientProtocolClient (GrpcClientProtocolClient.java:onNext(254)) - client-D47EFDF0E133->5d71e5de-6d45-4480-a1f1-d41cc2d38630: receive RaftClientReply:client-D47EFDF0E133->5d71e5de-6d45-4480-a1f1-d41cc2d38630@group-C6AEA7A4B82B, cid=1740, SUCCESS, logIndex=2968, commits[5d71e5de-6d45-4480-a1f1-d41cc2d38630:c2969]
2019-06-13 13:50:36,202 INFO  client.GrpcClientProtocolClient (GrpcClientProtocolClient.java:onNext(254)) - client-D47EFDF0E133->5d71e5de-6d45-4480-a1f1-d41cc2d38630: receive RaftClientReply:client-D47EFDF0E133->5d71e5de-6d45-4480-a1f1-d41cc2d38630@group-C6AEA7A4B82B, cid=1741, SUCCESS, logIndex=2970, commits[5d71e5de-6d45-4480-a1f1-d41cc2d38630:c2970]
2019-06-13 13:50:36,203 INFO  client.GrpcClientProtocolClient (GrpcClientProtocolClient.java:onNext(254)) - client-D47EFDF0E133->5d71e5de-6d45-4480-a1f1-d41cc2d38630: receive RaftClientReply:client-D47EFDF0E133->5d71e5de-6d45-4480-a1f1-d41cc2d38630@group-C6AEA7A4B82B, cid=1742, SUCCESS, logIndex=2972, commits[5d71e5de-6d45-4480-a1f1-d41cc2d38630:c2972]
2019-06-13 13:50:36,204 INFO  client.GrpcClientProtocolClient (GrpcClientProtocolClient.java:onNext(254)) - client-D47EFDF0E133->5d71e5de-6d45-4480-a1f1-d41cc2d38630: receive RaftClientReply:client-D47EFDF0E133->5d71e5de-6d45-4480-a1f1-d41cc2d38630@group-C6AEA7A4B82B, cid=1743, SUCCESS, logIndex=2973, commits[5d71e5de-6d45-4480-a1f1-d41cc2d38630:c2975]
2019-06-13 13:50:36,205 INFO  client.GrpcClientProtocolClient (GrpcClientProtocolClient.java:onNext(254)) - client-D47EFDF0E133->5d71e5de-6d45-4480-a1f1-d41cc2d38630: receive RaftClientReply:client-D47EFDF0E133->5d71e5de-6d45-4480-a1f1-d41cc2d38630@group-C6AEA7A4B82B, cid=1744, SUCCESS, logIndex=2974, commits[5d71e5de-6d45-4480-a1f1-d41cc2d38630:c2975]
2019-06-13 13:50:36,209 DEBUG block.SCMBlockDeletingService (SCMBlockDeletingService.java:call(138)) - Running DeletedBlockTransactionScanner
2019-06-13 13:50:36,210 DEBUG block.SCMBlockDeletingService (SCMBlockDeletingService.java:call(155)) - Scanned deleted blocks log and got 0 delTX to process.
2019-06-13 13:50:36,214 INFO  client.GrpcClientProtocolClient (GrpcClientProtocolClient.java:onNext(254)) - client-D47EFDF0E133->5d71e5de-6d45-4480-a1f1-d41cc2d38630: receive RaftClientReply:client-D47EFDF0E133->5d71e5de-6d45-4480-a1f1-d41cc2d38630@group-C6AEA7A4B82B, cid=1745, SUCCESS, logIndex=2976, commits[5d71e5de-6d45-4480-a1f1-d41cc2d38630:c2976]
2019-06-13 13:50:36,215 INFO  client.GrpcClientProtocolClient (GrpcClientProtocolClient.java:onNext(254)) - client-D47EFDF0E133->5d71e5de-6d45-4480-a1f1-d41cc2d38630: receive RaftClientReply:client-D47EFDF0E133->5d71e5de-6d45-4480-a1f1-d41cc2d38630@group-C6AEA7A4B82B, cid=1746, SUCCESS, logIndex=2978, commits[5d71e5de-6d45-4480-a1f1-d41cc2d38630:c2978]
2019-06-13 13:50:36,216 INFO  client.GrpcClientProtocolClient (GrpcClientProtocolClient.java:onNext(254)) - client-D47EFDF0E133->5d71e5de-6d45-4480-a1f1-d41cc2d38630: receive RaftClientReply:client-D47EFDF0E133->5d71e5de-6d45-4480-a1f1-d41cc2d38630@group-C6AEA7A4B82B, cid=1747, SUCCESS, logIndex=2979, commits[5d71e5de-6d45-4480-a1f1-d41cc2d38630:c2981]
2019-06-13 13:50:36,217 INFO  client.GrpcClientProtocolClient (GrpcClientProtocolClient.java:onNext(254)) - client-D47EFDF0E133->5d71e5de-6d45-4480-a1f1-d41cc2d38630: receive RaftClientReply:client-D47EFDF0E133->5d71e5de-6d45-4480-a1f1-d41cc2d38630@group-C6AEA7A4B82B, cid=1748, SUCCESS, logIndex=2981, commits[5d71e5de-6d45-4480-a1f1-d41cc2d38630:c2981]
2019-06-13 13:50:36,221 INFO  client.GrpcClientProtocolClient (GrpcClientProtocolClient.java:onNext(254)) - client-D47EFDF0E133->5d71e5de-6d45-4480-a1f1-d41cc2d38630: receive RaftClientReply:client-D47EFDF0E133->5d71e5de-6d45-4480-a1f1-d41cc2d38630@group-C6AEA7A4B82B, cid=1749, SUCCESS, logIndex=2983, commits[5d71e5de-6d45-4480-a1f1-d41cc2d38630:c2983]
2019-06-13 13:50:36,223 INFO  client.GrpcClientProtocolClient (GrpcClientProtocolClient.java:onNext(254)) - client-D47EFDF0E133->5d71e5de-6d45-4480-a1f1-d41cc2d38630: receive RaftClientReply:client-D47EFDF0E133->5d71e5de-6d45-4480-a1f1-d41cc2d38630@group-C6AEA7A4B82B, cid=1750, SUCCESS, logIndex=2985, commits[5d71e5de-6d45-4480-a1f1-d41cc2d38630:c2985]
2019-06-13 13:50:36,224 INFO  client.GrpcClientProtocolClient (GrpcClientProtocolClient.java:onNext(254)) - client-D47EFDF0E133->5d71e5de-6d45-4480-a1f1-d41cc2d38630: receive RaftClientReply:client-D47EFDF0E133->5d71e5de-6d45-4480-a1f1-d41cc2d38630@group-C6AEA7A4B82B, cid=1751, SUCCESS, logIndex=2986, commits[5d71e5de-6d45-4480-a1f1-d41cc2d38630:c2988]
2019-06-13 13:50:36,224 INFO  client.GrpcClientProtocolClient (GrpcClientProtocolClient.java:onNext(254)) - client-D47EFDF0E133->5d71e5de-6d45-4480-a1f1-d41cc2d38630: receive RaftClientReply:client-D47EFDF0E133->5d71e5de-6d45-4480-a1f1-d41cc2d38630@group-C6AEA7A4B82B, cid=1752, SUCCESS, logIndex=2987, commits[5d71e5de-6d45-4480-a1f1-d41cc2d38630:c2988]
2019-06-13 13:50:36,234 INFO  client.GrpcClientProtocolClient (GrpcClientProtocolClient.java:onNext(254)) - client-D47EFDF0E133->5d71e5de-6d45-4480-a1f1-d41cc2d38630: receive RaftClientReply:client-D47EFDF0E133->5d71e5de-6d45-4480-a1f1-d41cc2d38630@group-C6AEA7A4B82B, cid=1753, SUCCESS, logIndex=2989, commits[5d71e5de-6d45-4480-a1f1-d41cc2d38630:c2989]
2019-06-13 13:50:36,235 INFO  client.GrpcClientProtocolClient (GrpcClientProtocolClient.java:onNext(254)) - client-D47EFDF0E133->5d71e5de-6d45-4480-a1f1-d41cc2d38630: receive RaftClientReply:client-D47EFDF0E133->5d71e5de-6d45-4480-a1f1-d41cc2d38630@group-C6AEA7A4B82B, cid=1754, SUCCESS, logIndex=2991, commits[5d71e5de-6d45-4480-a1f1-d41cc2d38630:c2991]
2019-06-13 13:50:36,236 INFO  client.GrpcClientProtocolClient (GrpcClientProtocolClient.java:onNext(254)) - client-D47EFDF0E133->5d71e5de-6d45-4480-a1f1-d41cc2d38630: receive RaftClientReply:client-D47EFDF0E133->5d71e5de-6d45-4480-a1f1-d41cc2d38630@group-C6AEA7A4B82B, cid=1755, SUCCESS, logIndex=2992, commits[5d71e5de-6d45-4480-a1f1-d41cc2d38630:c2994]
2019-06-13 13:50:36,237 INFO  client.GrpcClientProtocolClient (GrpcClientProtocolClient.java:onNext(254)) - client-D47EFDF0E133->5d71e5de-6d45-4480-a1f1-d41cc2d38630: receive RaftClientReply:client-D47EFDF0E133->5d71e5de-6d45-4480-a1f1-d41cc2d38630@group-C6AEA7A4B82B, cid=1756, SUCCESS, logIndex=2994, commits[5d71e5de-6d45-4480-a1f1-d41cc2d38630:c2994]
2019-06-13 13:50:36,239 INFO  storage.RaftLogWorker (RaftLogWorker.java:rollLogSegment(303)) - 5d71e5de-6d45-4480-a1f1-d41cc2d38630-RaftLogWorker: Rolling segment log-2925_2995 to index:2995
2019-06-13 13:50:36,240 INFO  storage.RaftLogWorker (RaftLogWorker.java:execute(433)) - 5d71e5de-6d45-4480-a1f1-d41cc2d38630-RaftLogWorker: Rolled log segment from /opt/src/hadoop-ozone/integration-test/target/test-dir/MiniOzoneClusterImpl-c05bfa39-b333-4767-bc96-5a78f3430938/datanode-0/data/ratis/3aee30eb-3db1-472a-b851-c6aea7a4b82b/current/log_inprogress_2925 to /opt/src/hadoop-ozone/integration-test/target/test-dir/MiniOzoneClusterImpl-c05bfa39-b333-4767-bc96-5a78f3430938/datanode-0/data/ratis/3aee30eb-3db1-472a-b851-c6aea7a4b82b/current/log_2925-2995
2019-06-13 13:50:36,275 INFO  storage.RaftLogWorker (RaftLogWorker.java:execute(469)) - 5d71e5de-6d45-4480-a1f1-d41cc2d38630-RaftLogWorker: created new log segment /opt/src/hadoop-ozone/integration-test/target/test-dir/MiniOzoneClusterImpl-c05bfa39-b333-4767-bc96-5a78f3430938/datanode-0/data/ratis/3aee30eb-3db1-472a-b851-c6aea7a4b82b/current/log_inprogress_2996
2019-06-13 13:50:36,277 INFO  client.GrpcClientProtocolClient (GrpcClientProtocolClient.java:onNext(254)) - client-D47EFDF0E133->5d71e5de-6d45-4480-a1f1-d41cc2d38630: receive RaftClientReply:client-D47EFDF0E133->5d71e5de-6d45-4480-a1f1-d41cc2d38630@group-C6AEA7A4B82B, cid=1757, SUCCESS, logIndex=2996, commits[5d71e5de-6d45-4480-a1f1-d41cc2d38630:c2996]
2019-06-13 13:50:36,278 INFO  client.GrpcClientProtocolClient (GrpcClientProtocolClient.java:onNext(254)) - client-D47EFDF0E133->5d71e5de-6d45-4480-a1f1-d41cc2d38630: receive RaftClientReply:client-D47EFDF0E133->5d71e5de-6d45-4480-a1f1-d41cc2d38630@group-C6AEA7A4B82B, cid=1758, SUCCESS, logIndex=2998, commits[5d71e5de-6d45-4480-a1f1-d41cc2d38630:c2998]
2019-06-13 13:50:36,279 INFO  client.GrpcClientProtocolClient (GrpcClientProtocolClient.java:onNext(254)) - client-D47EFDF0E133->5d71e5de-6d45-4480-a1f1-d41cc2d38630: receive RaftClientReply:client-D47EFDF0E133->5d71e5de-6d45-4480-a1f1-d41cc2d38630@group-C6AEA7A4B82B, cid=1759, SUCCESS, logIndex=2999, commits[5d71e5de-6d45-4480-a1f1-d41cc2d38630:c3001]
2019-06-13 13:50:36,280 INFO  client.GrpcClientProtocolClient (GrpcClientProtocolClient.java:onNext(254)) - client-D47EFDF0E133->5d71e5de-6d45-4480-a1f1-d41cc2d38630: receive RaftClientReply:client-D47EFDF0E133->5d71e5de-6d45-4480-a1f1-d41cc2d38630@group-C6AEA7A4B82B, cid=1760, SUCCESS, logIndex=3000, commits[5d71e5de-6d45-4480-a1f1-d41cc2d38630:c3001]
2019-06-13 13:50:36,291 INFO  client.GrpcClientProtocolClient (GrpcClientProtocolClient.java:onNext(254)) - client-D47EFDF0E133->5d71e5de-6d45-4480-a1f1-d41cc2d38630: receive RaftClientReply:client-D47EFDF0E133->5d71e5de-6d45-4480-a1f1-d41cc2d38630@group-C6AEA7A4B82B, cid=1761, SUCCESS, logIndex=3002, commits[5d71e5de-6d45-4480-a1f1-d41cc2d38630:c3003]
2019-06-13 13:50:36,293 INFO  client.GrpcClientProtocolClient (GrpcClientProtocolClient.java:onNext(254)) - client-D47EFDF0E133->5d71e5de-6d45-4480-a1f1-d41cc2d38630: receive RaftClientReply:client-D47EFDF0E133->5d71e5de-6d45-4480-a1f1-d41cc2d38630@group-C6AEA7A4B82B, cid=1762, SUCCESS, logIndex=3004, commits[5d71e5de-6d45-4480-a1f1-d41cc2d38630:c3006]
2019-06-13 13:50:36,294 INFO  client.GrpcClientProtocolClient (GrpcClientProtocolClient.java:onNext(254)) - client-D47EFDF0E133->5d71e5de-6d45-4480-a1f1-d41cc2d38630: receive RaftClientReply:client-D47EFDF0E133->5d71e5de-6d45-4480-a1f1-d41cc2d38630@group-C6AEA7A4B82B, cid=1763, SUCCESS, logIndex=3005, commits[5d71e5de-6d45-4480-a1f1-d41cc2d38630:c3006]
2019-06-13 13:50:36,294 INFO  client.GrpcClientProtocolClient (GrpcClientProtocolClient.java:onNext(254)) - client-D47EFDF0E133->5d71e5de-6d45-4480-a1f1-d41cc2d38630: receive RaftClientReply:client-D47EFDF0E133->5d71e5de-6d45-4480-a1f1-d41cc2d38630@group-C6AEA7A4B82B, cid=1764, SUCCESS, logIndex=3006, commits[5d71e5de-6d45-4480-a1f1-d41cc2d38630:c3007]
2019-06-13 13:50:36,300 INFO  client.GrpcClientProtocolClient (GrpcClientProtocolClient.java:onNext(254)) - client-D47EFDF0E133->5d71e5de-6d45-4480-a1f1-d41cc2d38630: receive RaftClientReply:client-D47EFDF0E133->5d71e5de-6d45-4480-a1f1-d41cc2d38630@group-C6AEA7A4B82B, cid=1765, SUCCESS, logIndex=3008, commits[5d71e5de-6d45-4480-a1f1-d41cc2d38630:c3008]
2019-06-13 13:50:36,301 INFO  client.GrpcClientProtocolClient (GrpcClientProtocolClient.java:onNext(254)) - client-D47EFDF0E133->5d71e5de-6d45-4480-a1f1-d41cc2d38630: receive RaftClientReply:client-D47EFDF0E133->5d71e5de-6d45-4480-a1f1-d41cc2d38630@group-C6AEA7A4B82B, cid=1766, SUCCESS, logIndex=3010, commits[5d71e5de-6d45-4480-a1f1-d41cc2d38630:c3010]
2019-06-13 13:50:36,302 INFO  client.GrpcClientProtocolClient (GrpcClientProtocolClient.java:onNext(254)) - client-D47EFDF0E133->5d71e5de-6d45-4480-a1f1-d41cc2d38630: receive RaftClientReply:client-D47EFDF0E133->5d71e5de-6d45-4480-a1f1-d41cc2d38630@group-C6AEA7A4B82B, cid=1767, SUCCESS, logIndex=3011, commits[5d71e5de-6d45-4480-a1f1-d41cc2d38630:c3013]
2019-06-13 13:50:36,302 INFO  client.GrpcClientProtocolClient (GrpcClientProtocolClient.java:onNext(254)) - client-D47EFDF0E133->5d71e5de-6d45-4480-a1f1-d41cc2d38630: receive RaftClientReply:client-D47EFDF0E133->5d71e5de-6d45-4480-a1f1-d41cc2d38630@group-C6AEA7A4B82B, cid=1768, SUCCESS, logIndex=3012, commits[5d71e5de-6d45-4480-a1f1-d41cc2d38630:c3013]
2019-06-13 13:50:36,310 DEBUG block.SCMBlockDeletingService (SCMBlockDeletingService.java:call(138)) - Running DeletedBlockTransactionScanner
2019-06-13 13:50:36,310 DEBUG block.SCMBlockDeletingService (SCMBlockDeletingService.java:call(155)) - Scanned deleted blocks log and got 0 delTX to process.
2019-06-13 13:50:36,378 INFO  client.GrpcClientProtocolClient (GrpcClientProtocolClient.java:onNext(254)) - client-D47EFDF0E133->5d71e5de-6d45-4480-a1f1-d41cc2d38630: receive RaftClientReply:client-D47EFDF0E133->5d71e5de-6d45-4480-a1f1-d41cc2d38630@group-C6AEA7A4B82B, cid=1769, SUCCESS, logIndex=3014, commits[5d71e5de-6d45-4480-a1f1-d41cc2d38630:c3014]
2019-06-13 13:50:36,379 INFO  client.GrpcClientProtocolClient (GrpcClientProtocolClient.java:onNext(254)) - client-D47EFDF0E133->5d71e5de-6d45-4480-a1f1-d41cc2d38630: receive RaftClientReply:client-D47EFDF0E133->5d71e5de-6d45-4480-a1f1-d41cc2d38630@group-C6AEA7A4B82B, cid=1770, SUCCESS, logIndex=3016, commits[5d71e5de-6d45-4480-a1f1-d41cc2d38630:c3016]
2019-06-13 13:50:36,381 INFO  client.GrpcClientProtocolClient (GrpcClientProtocolClient.java:onNext(254)) - client-D47EFDF0E133->5d71e5de-6d45-4480-a1f1-d41cc2d38630: receive RaftClientReply:client-D47EFDF0E133->5d71e5de-6d45-4480-a1f1-d41cc2d38630@group-C6AEA7A4B82B, cid=1771, SUCCESS, logIndex=3017, commits[5d71e5de-6d45-4480-a1f1-d41cc2d38630:c3019]
2019-06-13 13:50:36,381 INFO  client.GrpcClientProtocolClient (GrpcClientProtocolClient.java:onNext(254)) - client-D47EFDF0E133->5d71e5de-6d45-4480-a1f1-d41cc2d38630: receive RaftClientReply:client-D47EFDF0E133->5d71e5de-6d45-4480-a1f1-d41cc2d38630@group-C6AEA7A4B82B, cid=1772, SUCCESS, logIndex=3018, commits[5d71e5de-6d45-4480-a1f1-d41cc2d38630:c3019]
2019-06-13 13:50:36,423 DEBUG block.SCMBlockDeletingService (SCMBlockDeletingService.java:call(138)) - Running DeletedBlockTransactionScanner
2019-06-13 13:50:36,424 DEBUG block.SCMBlockDeletingService (SCMBlockDeletingService.java:call(155)) - Scanned deleted blocks log and got 0 delTX to process.
2019-06-13 13:50:36,430 INFO  client.GrpcClientProtocolClient (GrpcClientProtocolClient.java:onNext(254)) - client-D47EFDF0E133->5d71e5de-6d45-4480-a1f1-d41cc2d38630: receive RaftClientReply:client-D47EFDF0E133->5d71e5de-6d45-4480-a1f1-d41cc2d38630@group-C6AEA7A4B82B, cid=1773, SUCCESS, logIndex=3020, commits[5d71e5de-6d45-4480-a1f1-d41cc2d38630:c3020]
2019-06-13 13:50:36,432 INFO  client.GrpcClientProtocolClient (GrpcClientProtocolClient.java:onNext(254)) - client-D47EFDF0E133->5d71e5de-6d45-4480-a1f1-d41cc2d38630: receive RaftClientReply:client-D47EFDF0E133->5d71e5de-6d45-4480-a1f1-d41cc2d38630@group-C6AEA7A4B82B, cid=1774, SUCCESS, logIndex=3022, commits[5d71e5de-6d45-4480-a1f1-d41cc2d38630:c3022]
2019-06-13 13:50:36,434 INFO  client.GrpcClientProtocolClient (GrpcClientProtocolClient.java:onNext(254)) - client-D47EFDF0E133->5d71e5de-6d45-4480-a1f1-d41cc2d38630: receive RaftClientReply:client-D47EFDF0E133->5d71e5de-6d45-4480-a1f1-d41cc2d38630@group-C6AEA7A4B82B, cid=1775, SUCCESS, logIndex=3023, commits[5d71e5de-6d45-4480-a1f1-d41cc2d38630:c3025]
2019-06-13 13:50:36,435 INFO  client.GrpcClientProtocolClient (GrpcClientProtocolClient.java:onNext(254)) - client-D47EFDF0E133->5d71e5de-6d45-4480-a1f1-d41cc2d38630: receive RaftClientReply:client-D47EFDF0E133->5d71e5de-6d45-4480-a1f1-d41cc2d38630@group-C6AEA7A4B82B, cid=1776, SUCCESS, logIndex=3024, commits[5d71e5de-6d45-4480-a1f1-d41cc2d38630:c3025]
2019-06-13 13:50:36,446 INFO  client.GrpcClientProtocolClient (GrpcClientProtocolClient.java:onNext(254)) - client-D47EFDF0E133->5d71e5de-6d45-4480-a1f1-d41cc2d38630: receive RaftClientReply:client-D47EFDF0E133->5d71e5de-6d45-4480-a1f1-d41cc2d38630@group-C6AEA7A4B82B, cid=1777, SUCCESS, logIndex=3026, commits[5d71e5de-6d45-4480-a1f1-d41cc2d38630:c3026]
2019-06-13 13:50:36,447 INFO  client.GrpcClientProtocolClient (GrpcClientProtocolClient.java:onNext(254)) - client-D47EFDF0E133->5d71e5de-6d45-4480-a1f1-d41cc2d38630: receive RaftClientReply:client-D47EFDF0E133->5d71e5de-6d45-4480-a1f1-d41cc2d38630@group-C6AEA7A4B82B, cid=1778, SUCCESS, logIndex=3028, commits[5d71e5de-6d45-4480-a1f1-d41cc2d38630:c3028]
2019-06-13 13:50:36,450 INFO  client.GrpcClientProtocolClient (GrpcClientProtocolClient.java:onNext(254)) - client-D47EFDF0E133->5d71e5de-6d45-4480-a1f1-d41cc2d38630: receive RaftClientReply:client-D47EFDF0E133->5d71e5de-6d45-4480-a1f1-d41cc2d38630@group-C6AEA7A4B82B, cid=1779, SUCCESS, logIndex=3030, commits[5d71e5de-6d45-4480-a1f1-d41cc2d38630:c3031]
2019-06-13 13:50:36,450 INFO  client.GrpcClientProtocolClient (GrpcClientProtocolClient.java:onNext(254)) - client-D47EFDF0E133->5d71e5de-6d45-4480-a1f1-d41cc2d38630: receive RaftClientReply:client-D47EFDF0E133->5d71e5de-6d45-4480-a1f1-d41cc2d38630@group-C6AEA7A4B82B, cid=1780, SUCCESS, logIndex=3031, commits[5d71e5de-6d45-4480-a1f1-d41cc2d38630:c3031]
2019-06-13 13:50:36,455 INFO  client.GrpcClientProtocolClient (GrpcClientProtocolClient.java:onNext(254)) - client-D47EFDF0E133->5d71e5de-6d45-4480-a1f1-d41cc2d38630: receive RaftClientReply:client-D47EFDF0E133->5d71e5de-6d45-4480-a1f1-d41cc2d38630@group-C6AEA7A4B82B, cid=1781, SUCCESS, logIndex=3033, commits[5d71e5de-6d45-4480-a1f1-d41cc2d38630:c3033]
2019-06-13 13:50:36,457 INFO  client.GrpcClientProtocolClient (GrpcClientProtocolClient.java:onNext(254)) - client-D47EFDF0E133->5d71e5de-6d45-4480-a1f1-d41cc2d38630: receive RaftClientReply:client-D47EFDF0E133->5d71e5de-6d45-4480-a1f1-d41cc2d38630@group-C6AEA7A4B82B, cid=1782, SUCCESS, logIndex=3035, commits[5d71e5de-6d45-4480-a1f1-d41cc2d38630:c3035]
2019-06-13 13:50:36,458 INFO  client.GrpcClientProtocolClient (GrpcClientProtocolClient.java:onNext(254)) - client-D47EFDF0E133->5d71e5de-6d45-4480-a1f1-d41cc2d38630: receive RaftClientReply:client-D47EFDF0E133->5d71e5de-6d45-4480-a1f1-d41cc2d38630@group-C6AEA7A4B82B, cid=1783, SUCCESS, logIndex=3036, commits[5d71e5de-6d45-4480-a1f1-d41cc2d38630:c3037]
2019-06-13 13:50:36,458 INFO  client.GrpcClientProtocolClient (GrpcClientProtocolClient.java:onNext(254)) - client-D47EFDF0E133->5d71e5de-6d45-4480-a1f1-d41cc2d38630: receive RaftClientReply:client-D47EFDF0E133->5d71e5de-6d45-4480-a1f1-d41cc2d38630@group-C6AEA7A4B82B, cid=1784, SUCCESS, logIndex=3037, commits[5d71e5de-6d45-4480-a1f1-d41cc2d38630:c3037]
2019-06-13 13:50:36,467 INFO  client.GrpcClientProtocolClient (GrpcClientProtocolClient.java:onNext(254)) - client-D47EFDF0E133->5d71e5de-6d45-4480-a1f1-d41cc2d38630: receive RaftClientReply:client-D47EFDF0E133->5d71e5de-6d45-4480-a1f1-d41cc2d38630@group-C6AEA7A4B82B, cid=1785, SUCCESS, logIndex=3040, commits[5d71e5de-6d45-4480-a1f1-d41cc2d38630:c3040]
2019-06-13 13:50:36,469 INFO  client.GrpcClientProtocolClient (GrpcClientProtocolClient.java:onNext(254)) - client-D47EFDF0E133->5d71e5de-6d45-4480-a1f1-d41cc2d38630: receive RaftClientReply:client-D47EFDF0E133->5d71e5de-6d45-4480-a1f1-d41cc2d38630@group-C6AEA7A4B82B, cid=1786, SUCCESS, logIndex=3042, commits[5d71e5de-6d45-4480-a1f1-d41cc2d38630:c3042]
2019-06-13 13:50:36,469 INFO  client.GrpcClientProtocolClient (GrpcClientProtocolClient.java:onNext(254)) - client-D47EFDF0E133->5d71e5de-6d45-4480-a1f1-d41cc2d38630: receive RaftClientReply:client-D47EFDF0E133->5d71e5de-6d45-4480-a1f1-d41cc2d38630@group-C6AEA7A4B82B, cid=1787, SUCCESS, logIndex=3043, commits[5d71e5de-6d45-4480-a1f1-d41cc2d38630:c3044]
2019-06-13 13:50:36,470 INFO  client.GrpcClientProtocolClient (GrpcClientProtocolClient.java:onNext(254)) - client-D47EFDF0E133->5d71e5de-6d45-4480-a1f1-d41cc2d38630: receive RaftClientReply:client-D47EFDF0E133->5d71e5de-6d45-4480-a1f1-d41cc2d38630@group-C6AEA7A4B82B, cid=1788, SUCCESS, logIndex=3044, commits[5d71e5de-6d45-4480-a1f1-d41cc2d38630:c3044]
2019-06-13 13:50:36,475 INFO  client.GrpcClientProtocolClient (GrpcClientProtocolClient.java:onNext(254)) - client-D47EFDF0E133->5d71e5de-6d45-4480-a1f1-d41cc2d38630: receive RaftClientReply:client-D47EFDF0E133->5d71e5de-6d45-4480-a1f1-d41cc2d38630@group-C6AEA7A4B82B, cid=1789, SUCCESS, logIndex=3047, commits[5d71e5de-6d45-4480-a1f1-d41cc2d38630:c3047]
2019-06-13 13:50:36,478 INFO  client.GrpcClientProtocolClient (GrpcClientProtocolClient.java:onNext(254)) - client-D47EFDF0E133->5d71e5de-6d45-4480-a1f1-d41cc2d38630: receive RaftClientReply:client-D47EFDF0E133->5d71e5de-6d45-4480-a1f1-d41cc2d38630@group-C6AEA7A4B82B, cid=1790, SUCCESS, logIndex=3049, commits[5d71e5de-6d45-4480-a1f1-d41cc2d38630:c3049]
2019-06-13 13:50:36,478 INFO  client.GrpcClientProtocolClient (GrpcClientProtocolClient.java:onNext(254)) - client-D47EFDF0E133->5d71e5de-6d45-4480-a1f1-d41cc2d38630: receive RaftClientReply:client-D47EFDF0E133->5d71e5de-6d45-4480-a1f1-d41cc2d38630@group-C6AEA7A4B82B, cid=1791, SUCCESS, logIndex=3050, commits[5d71e5de-6d45-4480-a1f1-d41cc2d38630:c3051]
2019-06-13 13:50:36,479 INFO  client.GrpcClientProtocolClient (GrpcClientProtocolClient.java:onNext(254)) - client-D47EFDF0E133->5d71e5de-6d45-4480-a1f1-d41cc2d38630: receive RaftClientReply:client-D47EFDF0E133->5d71e5de-6d45-4480-a1f1-d41cc2d38630@group-C6AEA7A4B82B, cid=1792, SUCCESS, logIndex=3051, commits[5d71e5de-6d45-4480-a1f1-d41cc2d38630:c3052]
2019-06-13 13:50:36,491 INFO  client.GrpcClientProtocolClient (GrpcClientProtocolClient.java:onNext(254)) - client-D47EFDF0E133->5d71e5de-6d45-4480-a1f1-d41cc2d38630: receive RaftClientReply:client-D47EFDF0E133->5d71e5de-6d45-4480-a1f1-d41cc2d38630@group-C6AEA7A4B82B, cid=1793, SUCCESS, logIndex=3054, commits[5d71e5de-6d45-4480-a1f1-d41cc2d38630:c3054]
2019-06-13 13:50:36,494 INFO  client.GrpcClientProtocolClient (GrpcClientProtocolClient.java:onNext(254)) - client-D47EFDF0E133->5d71e5de-6d45-4480-a1f1-d41cc2d38630: receive RaftClientReply:client-D47EFDF0E133->5d71e5de-6d45-4480-a1f1-d41cc2d38630@group-C6AEA7A4B82B, cid=1794, SUCCESS, logIndex=3056, commits[5d71e5de-6d45-4480-a1f1-d41cc2d38630:c3056]
2019-06-13 13:50:36,498 INFO  client.GrpcClientProtocolClient (GrpcClientProtocolClient.java:onNext(254)) - client-D47EFDF0E133->5d71e5de-6d45-4480-a1f1-d41cc2d38630: receive RaftClientReply:client-D47EFDF0E133->5d71e5de-6d45-4480-a1f1-d41cc2d38630@group-C6AEA7A4B82B, cid=1795, SUCCESS, logIndex=3058, commits[5d71e5de-6d45-4480-a1f1-d41cc2d38630:c3058]
2019-06-13 13:50:36,499 INFO  client.GrpcClientProtocolClient (GrpcClientProtocolClient.java:onNext(254)) - client-D47EFDF0E133->5d71e5de-6d45-4480-a1f1-d41cc2d38630: receive RaftClientReply:client-D47EFDF0E133->5d71e5de-6d45-4480-a1f1-d41cc2d38630@group-C6AEA7A4B82B, cid=1796, SUCCESS, logIndex=3060, commits[5d71e5de-6d45-4480-a1f1-d41cc2d38630:c3060]
2019-06-13 13:50:36,505 INFO  client.GrpcClientProtocolClient (GrpcClientProtocolClient.java:onNext(254)) - client-D47EFDF0E133->5d71e5de-6d45-4480-a1f1-d41cc2d38630: receive RaftClientReply:client-D47EFDF0E133->5d71e5de-6d45-4480-a1f1-d41cc2d38630@group-C6AEA7A4B82B, cid=1797, SUCCESS, logIndex=3062, commits[5d71e5de-6d45-4480-a1f1-d41cc2d38630:c3062]
2019-06-13 13:50:36,505 INFO  storage.RaftLogWorker (RaftLogWorker.java:rollLogSegment(303)) - 5d71e5de-6d45-4480-a1f1-d41cc2d38630-RaftLogWorker: Rolling segment log-2996_3065 to index:3065
2019-06-13 13:50:36,506 INFO  client.GrpcClientProtocolClient (GrpcClientProtocolClient.java:onNext(254)) - client-D47EFDF0E133->5d71e5de-6d45-4480-a1f1-d41cc2d38630: receive RaftClientReply:client-D47EFDF0E133->5d71e5de-6d45-4480-a1f1-d41cc2d38630@group-C6AEA7A4B82B, cid=1798, SUCCESS, logIndex=3064, commits[5d71e5de-6d45-4480-a1f1-d41cc2d38630:c3064]
2019-06-13 13:50:36,506 INFO  storage.RaftLogWorker (RaftLogWorker.java:execute(433)) - 5d71e5de-6d45-4480-a1f1-d41cc2d38630-RaftLogWorker: Rolled log segment from /opt/src/hadoop-ozone/integration-test/target/test-dir/MiniOzoneClusterImpl-c05bfa39-b333-4767-bc96-5a78f3430938/datanode-0/data/ratis/3aee30eb-3db1-472a-b851-c6aea7a4b82b/current/log_inprogress_2996 to /opt/src/hadoop-ozone/integration-test/target/test-dir/MiniOzoneClusterImpl-c05bfa39-b333-4767-bc96-5a78f3430938/datanode-0/data/ratis/3aee30eb-3db1-472a-b851-c6aea7a4b82b/current/log_2996-3065
2019-06-13 13:50:36,507 INFO  client.GrpcClientProtocolClient (GrpcClientProtocolClient.java:onNext(254)) - client-D47EFDF0E133->5d71e5de-6d45-4480-a1f1-d41cc2d38630: receive RaftClientReply:client-D47EFDF0E133->5d71e5de-6d45-4480-a1f1-d41cc2d38630@group-C6AEA7A4B82B, cid=1799, SUCCESS, logIndex=3065, commits[5d71e5de-6d45-4480-a1f1-d41cc2d38630:c3065]
2019-06-13 13:50:36,525 DEBUG block.SCMBlockDeletingService (SCMBlockDeletingService.java:call(138)) - Running DeletedBlockTransactionScanner
2019-06-13 13:50:36,525 DEBUG block.SCMBlockDeletingService (SCMBlockDeletingService.java:call(155)) - Scanned deleted blocks log and got 0 delTX to process.
2019-06-13 13:50:36,542 INFO  storage.RaftLogWorker (RaftLogWorker.java:execute(469)) - 5d71e5de-6d45-4480-a1f1-d41cc2d38630-RaftLogWorker: created new log segment /opt/src/hadoop-ozone/integration-test/target/test-dir/MiniOzoneClusterImpl-c05bfa39-b333-4767-bc96-5a78f3430938/datanode-0/data/ratis/3aee30eb-3db1-472a-b851-c6aea7a4b82b/current/log_inprogress_3066
2019-06-13 13:50:36,544 INFO  client.GrpcClientProtocolClient (GrpcClientProtocolClient.java:onNext(254)) - client-D47EFDF0E133->5d71e5de-6d45-4480-a1f1-d41cc2d38630: receive RaftClientReply:client-D47EFDF0E133->5d71e5de-6d45-4480-a1f1-d41cc2d38630@group-C6AEA7A4B82B, cid=1800, SUCCESS, logIndex=3066, commits[5d71e5de-6d45-4480-a1f1-d41cc2d38630:c3068]
2019-06-13 13:50:36,553 INFO  client.GrpcClientProtocolClient (GrpcClientProtocolClient.java:onNext(254)) - client-D47EFDF0E133->5d71e5de-6d45-4480-a1f1-d41cc2d38630: receive RaftClientReply:client-D47EFDF0E133->5d71e5de-6d45-4480-a1f1-d41cc2d38630@group-C6AEA7A4B82B, cid=1801, SUCCESS, logIndex=3069, commits[5d71e5de-6d45-4480-a1f1-d41cc2d38630:c3069]
2019-06-13 13:50:36,554 INFO  client.GrpcClientProtocolClient (GrpcClientProtocolClient.java:onNext(254)) - client-D47EFDF0E133->5d71e5de-6d45-4480-a1f1-d41cc2d38630: receive RaftClientReply:client-D47EFDF0E133->5d71e5de-6d45-4480-a1f1-d41cc2d38630@group-C6AEA7A4B82B, cid=1802, SUCCESS, logIndex=3071, commits[5d71e5de-6d45-4480-a1f1-d41cc2d38630:c3071]
2019-06-13 13:50:36,555 INFO  client.GrpcClientProtocolClient (GrpcClientProtocolClient.java:onNext(254)) - client-D47EFDF0E133->5d71e5de-6d45-4480-a1f1-d41cc2d38630: receive RaftClientReply:client-D47EFDF0E133->5d71e5de-6d45-4480-a1f1-d41cc2d38630@group-C6AEA7A4B82B, cid=1803, SUCCESS, logIndex=3072, commits[5d71e5de-6d45-4480-a1f1-d41cc2d38630:c3074]
2019-06-13 13:50:36,555 INFO  client.GrpcClientProtocolClient (GrpcClientProtocolClient.java:onNext(254)) - client-D47EFDF0E133->5d71e5de-6d45-4480-a1f1-d41cc2d38630: receive RaftClientReply:client-D47EFDF0E133->5d71e5de-6d45-4480-a1f1-d41cc2d38630@group-C6AEA7A4B82B, cid=1804, SUCCESS, logIndex=3073, commits[5d71e5de-6d45-4480-a1f1-d41cc2d38630:c3074]
2019-06-13 13:50:36,560 INFO  client.GrpcClientProtocolClient (GrpcClientProtocolClient.java:onNext(254)) - client-D47EFDF0E133->5d71e5de-6d45-4480-a1f1-d41cc2d38630: receive RaftClientReply:client-D47EFDF0E133->5d71e5de-6d45-4480-a1f1-d41cc2d38630@group-C6AEA7A4B82B, cid=1805, SUCCESS, logIndex=3075, commits[5d71e5de-6d45-4480-a1f1-d41cc2d38630:c3075]
2019-06-13 13:50:36,561 INFO  client.GrpcClientProtocolClient (GrpcClientProtocolClient.java:onNext(254)) - client-D47EFDF0E133->5d71e5de-6d45-4480-a1f1-d41cc2d38630: receive RaftClientReply:client-D47EFDF0E133->5d71e5de-6d45-4480-a1f1-d41cc2d38630@group-C6AEA7A4B82B, cid=1806, SUCCESS, logIndex=3077, commits[5d71e5de-6d45-4480-a1f1-d41cc2d38630:c3077]
2019-06-13 13:50:36,562 INFO  client.GrpcClientProtocolClient (GrpcClientProtocolClient.java:onNext(254)) - client-D47EFDF0E133->5d71e5de-6d45-4480-a1f1-d41cc2d38630: receive RaftClientReply:client-D47EFDF0E133->5d71e5de-6d45-4480-a1f1-d41cc2d38630@group-C6AEA7A4B82B, cid=1807, SUCCESS, logIndex=3078, commits[5d71e5de-6d45-4480-a1f1-d41cc2d38630:c3080]
2019-06-13 13:50:36,563 INFO  client.GrpcClientProtocolClient (GrpcClientProtocolClient.java:onNext(254)) - client-D47EFDF0E133->5d71e5de-6d45-4480-a1f1-d41cc2d38630: receive RaftClientReply:client-D47EFDF0E133->5d71e5de-6d45-4480-a1f1-d41cc2d38630@group-C6AEA7A4B82B, cid=1808, SUCCESS, logIndex=3079, commits[5d71e5de-6d45-4480-a1f1-d41cc2d38630:c3080]
2019-06-13 13:50:36,571 INFO  client.GrpcClientProtocolClient (GrpcClientProtocolClient.java:onNext(254)) - client-D47EFDF0E133->5d71e5de-6d45-4480-a1f1-d41cc2d38630: receive RaftClientReply:client-D47EFDF0E133->5d71e5de-6d45-4480-a1f1-d41cc2d38630@group-C6AEA7A4B82B, cid=1809, SUCCESS, logIndex=3081, commits[5d71e5de-6d45-4480-a1f1-d41cc2d38630:c3081]
2019-06-13 13:50:36,572 INFO  client.GrpcClientProtocolClient (GrpcClientProtocolClient.java:onNext(254)) - client-D47EFDF0E133->5d71e5de-6d45-4480-a1f1-d41cc2d38630: receive RaftClientReply:client-D47EFDF0E133->5d71e5de-6d45-4480-a1f1-d41cc2d38630@group-C6AEA7A4B82B, cid=1810, SUCCESS, logIndex=3083, commits[5d71e5de-6d45-4480-a1f1-d41cc2d38630:c3083]
2019-06-13 13:50:36,573 INFO  client.GrpcClientProtocolClient (GrpcClientProtocolClient.java:onNext(254)) - client-D47EFDF0E133->5d71e5de-6d45-4480-a1f1-d41cc2d38630: receive RaftClientReply:client-D47EFDF0E133->5d71e5de-6d45-4480-a1f1-d41cc2d38630@group-C6AEA7A4B82B, cid=1811, SUCCESS, logIndex=3084, commits[5d71e5de-6d45-4480-a1f1-d41cc2d38630:c3086]
2019-06-13 13:50:36,574 INFO  client.GrpcClientProtocolClient (GrpcClientProtocolClient.java:onNext(254)) - client-D47EFDF0E133->5d71e5de-6d45-4480-a1f1-d41cc2d38630: receive RaftClientReply:client-D47EFDF0E133->5d71e5de-6d45-4480-a1f1-d41cc2d38630@group-C6AEA7A4B82B, cid=1812, SUCCESS, logIndex=3085, commits[5d71e5de-6d45-4480-a1f1-d41cc2d38630:c3086]
2019-06-13 13:50:36,625 DEBUG block.SCMBlockDeletingService (SCMBlockDeletingService.java:call(138)) - Running DeletedBlockTransactionScanner
2019-06-13 13:50:36,625 DEBUG block.SCMBlockDeletingService (SCMBlockDeletingService.java:call(155)) - Scanned deleted blocks log and got 0 delTX to process.
2019-06-13 13:50:36,646 INFO  client.GrpcClientProtocolClient (GrpcClientProtocolClient.java:onNext(254)) - client-D47EFDF0E133->5d71e5de-6d45-4480-a1f1-d41cc2d38630: receive RaftClientReply:client-D47EFDF0E133->5d71e5de-6d45-4480-a1f1-d41cc2d38630@group-C6AEA7A4B82B, cid=1813, SUCCESS, logIndex=3087, commits[5d71e5de-6d45-4480-a1f1-d41cc2d38630:c3087]
2019-06-13 13:50:36,647 INFO  client.GrpcClientProtocolClient (GrpcClientProtocolClient.java:onNext(254)) - client-D47EFDF0E133->5d71e5de-6d45-4480-a1f1-d41cc2d38630: receive RaftClientReply:client-D47EFDF0E133->5d71e5de-6d45-4480-a1f1-d41cc2d38630@group-C6AEA7A4B82B, cid=1814, SUCCESS, logIndex=3089, commits[5d71e5de-6d45-4480-a1f1-d41cc2d38630:c3089]
2019-06-13 13:50:36,648 INFO  client.GrpcClientProtocolClient (GrpcClientProtocolClient.java:onNext(254)) - client-D47EFDF0E133->5d71e5de-6d45-4480-a1f1-d41cc2d38630: receive RaftClientReply:client-D47EFDF0E133->5d71e5de-6d45-4480-a1f1-d41cc2d38630@group-C6AEA7A4B82B, cid=1815, SUCCESS, logIndex=3090, commits[5d71e5de-6d45-4480-a1f1-d41cc2d38630:c3092]
2019-06-13 13:50:36,648 INFO  client.GrpcClientProtocolClient (GrpcClientProtocolClient.java:onNext(254)) - client-D47EFDF0E133->5d71e5de-6d45-4480-a1f1-d41cc2d38630: receive RaftClientReply:client-D47EFDF0E133->5d71e5de-6d45-4480-a1f1-d41cc2d38630@group-C6AEA7A4B82B, cid=1816, SUCCESS, logIndex=3091, commits[5d71e5de-6d45-4480-a1f1-d41cc2d38630:c3092]
2019-06-13 13:50:36,657 INFO  client.GrpcClientProtocolClient (GrpcClientProtocolClient.java:onNext(254)) - client-D47EFDF0E133->5d71e5de-6d45-4480-a1f1-d41cc2d38630: receive RaftClientReply:client-D47EFDF0E133->5d71e5de-6d45-4480-a1f1-d41cc2d38630@group-C6AEA7A4B82B, cid=1817, SUCCESS, logIndex=3093, commits[5d71e5de-6d45-4480-a1f1-d41cc2d38630:c3093]
2019-06-13 13:50:36,658 INFO  client.GrpcClientProtocolClient (GrpcClientProtocolClient.java:onNext(254)) - client-D47EFDF0E133->5d71e5de-6d45-4480-a1f1-d41cc2d38630: receive RaftClientReply:client-D47EFDF0E133->5d71e5de-6d45-4480-a1f1-d41cc2d38630@group-C6AEA7A4B82B, cid=1818, SUCCESS, logIndex=3095, commits[5d71e5de-6d45-4480-a1f1-d41cc2d38630:c3095]
2019-06-13 13:50:36,660 INFO  client.GrpcClientProtocolClient (GrpcClientProtocolClient.java:onNext(254)) - client-D47EFDF0E133->5d71e5de-6d45-4480-a1f1-d41cc2d38630: receive RaftClientReply:client-D47EFDF0E133->5d71e5de-6d45-4480-a1f1-d41cc2d38630@group-C6AEA7A4B82B, cid=1819, SUCCESS, logIndex=3096, commits[5d71e5de-6d45-4480-a1f1-d41cc2d38630:c3098]
2019-06-13 13:50:36,660 INFO  client.GrpcClientProtocolClient (GrpcClientProtocolClient.java:onNext(254)) - client-D47EFDF0E133->5d71e5de-6d45-4480-a1f1-d41cc2d38630: receive RaftClientReply:client-D47EFDF0E133->5d71e5de-6d45-4480-a1f1-d41cc2d38630@group-C6AEA7A4B82B, cid=1820, SUCCESS, logIndex=3097, commits[5d71e5de-6d45-4480-a1f1-d41cc2d38630:c3098]
2019-06-13 13:50:36,666 INFO  client.GrpcClientProtocolClient (GrpcClientProtocolClient.java:onNext(254)) - client-D47EFDF0E133->5d71e5de-6d45-4480-a1f1-d41cc2d38630: receive RaftClientReply:client-D47EFDF0E133->5d71e5de-6d45-4480-a1f1-d41cc2d38630@group-C6AEA7A4B82B, cid=1821, SUCCESS, logIndex=3099, commits[5d71e5de-6d45-4480-a1f1-d41cc2d38630:c3099]
2019-06-13 13:50:36,667 INFO  client.GrpcClientProtocolClient (GrpcClientProtocolClient.java:onNext(254)) - client-D47EFDF0E133->5d71e5de-6d45-4480-a1f1-d41cc2d38630: receive RaftClientReply:client-D47EFDF0E133->5d71e5de-6d45-4480-a1f1-d41cc2d38630@group-C6AEA7A4B82B, cid=1822, SUCCESS, logIndex=3101, commits[5d71e5de-6d45-4480-a1f1-d41cc2d38630:c3101]
2019-06-13 13:50:36,668 INFO  client.GrpcClientProtocolClient (GrpcClientProtocolClient.java:onNext(254)) - client-D47EFDF0E133->5d71e5de-6d45-4480-a1f1-d41cc2d38630: receive RaftClientReply:client-D47EFDF0E133->5d71e5de-6d45-4480-a1f1-d41cc2d38630@group-C6AEA7A4B82B, cid=1823, SUCCESS, logIndex=3102, commits[5d71e5de-6d45-4480-a1f1-d41cc2d38630:c3104]
2019-06-13 13:50:36,669 INFO  client.GrpcClientProtocolClient (GrpcClientProtocolClient.java:onNext(254)) - client-D47EFDF0E133->5d71e5de-6d45-4480-a1f1-d41cc2d38630: receive RaftClientReply:client-D47EFDF0E133->5d71e5de-6d45-4480-a1f1-d41cc2d38630@group-C6AEA7A4B82B, cid=1824, SUCCESS, logIndex=3103, commits[5d71e5de-6d45-4480-a1f1-d41cc2d38630:c3104]
2019-06-13 13:50:36,677 INFO  client.GrpcClientProtocolClient (GrpcClientProtocolClient.java:onNext(254)) - client-D47EFDF0E133->5d71e5de-6d45-4480-a1f1-d41cc2d38630: receive RaftClientReply:client-D47EFDF0E133->5d71e5de-6d45-4480-a1f1-d41cc2d38630@group-C6AEA7A4B82B, cid=1825, SUCCESS, logIndex=3105, commits[5d71e5de-6d45-4480-a1f1-d41cc2d38630:c3105]
2019-06-13 13:50:36,678 INFO  client.GrpcClientProtocolClient (GrpcClientProtocolClient.java:onNext(254)) - client-D47EFDF0E133->5d71e5de-6d45-4480-a1f1-d41cc2d38630: receive RaftClientReply:client-D47EFDF0E133->5d71e5de-6d45-4480-a1f1-d41cc2d38630@group-C6AEA7A4B82B, cid=1826, SUCCESS, logIndex=3107, commits[5d71e5de-6d45-4480-a1f1-d41cc2d38630:c3107]
2019-06-13 13:50:36,679 INFO  client.GrpcClientProtocolClient (GrpcClientProtocolClient.java:onNext(254)) - client-D47EFDF0E133->5d71e5de-6d45-4480-a1f1-d41cc2d38630: receive RaftClientReply:client-D47EFDF0E133->5d71e5de-6d45-4480-a1f1-d41cc2d38630@group-C6AEA7A4B82B, cid=1827, SUCCESS, logIndex=3108, commits[5d71e5de-6d45-4480-a1f1-d41cc2d38630:c3110]
2019-06-13 13:50:36,679 INFO  client.GrpcClientProtocolClient (GrpcClientProtocolClient.java:onNext(254)) - client-D47EFDF0E133->5d71e5de-6d45-4480-a1f1-d41cc2d38630: receive RaftClientReply:client-D47EFDF0E133->5d71e5de-6d45-4480-a1f1-d41cc2d38630@group-C6AEA7A4B82B, cid=1828, SUCCESS, logIndex=3109, commits[5d71e5de-6d45-4480-a1f1-d41cc2d38630:c3110]
2019-06-13 13:50:36,684 INFO  client.GrpcClientProtocolClient (GrpcClientProtocolClient.java:onNext(254)) - client-D47EFDF0E133->5d71e5de-6d45-4480-a1f1-d41cc2d38630: receive RaftClientReply:client-D47EFDF0E133->5d71e5de-6d45-4480-a1f1-d41cc2d38630@group-C6AEA7A4B82B, cid=1829, SUCCESS, logIndex=3111, commits[5d71e5de-6d45-4480-a1f1-d41cc2d38630:c3111]
2019-06-13 13:50:36,686 INFO  client.GrpcClientProtocolClient (GrpcClientProtocolClient.java:onNext(254)) - client-D47EFDF0E133->5d71e5de-6d45-4480-a1f1-d41cc2d38630: receive RaftClientReply:client-D47EFDF0E133->5d71e5de-6d45-4480-a1f1-d41cc2d38630@group-C6AEA7A4B82B, cid=1830, SUCCESS, logIndex=3113, commits[5d71e5de-6d45-4480-a1f1-d41cc2d38630:c3113]
2019-06-13 13:50:36,687 INFO  client.GrpcClientProtocolClient (GrpcClientProtocolClient.java:onNext(254)) - client-D47EFDF0E133->5d71e5de-6d45-4480-a1f1-d41cc2d38630: receive RaftClientReply:client-D47EFDF0E133->5d71e5de-6d45-4480-a1f1-d41cc2d38630@group-C6AEA7A4B82B, cid=1831, SUCCESS, logIndex=3114, commits[5d71e5de-6d45-4480-a1f1-d41cc2d38630:c3116]
2019-06-13 13:50:36,687 INFO  client.GrpcClientProtocolClient (GrpcClientProtocolClient.java:onNext(254)) - client-D47EFDF0E133->5d71e5de-6d45-4480-a1f1-d41cc2d38630: receive RaftClientReply:client-D47EFDF0E133->5d71e5de-6d45-4480-a1f1-d41cc2d38630@group-C6AEA7A4B82B, cid=1832, SUCCESS, logIndex=3115, commits[5d71e5de-6d45-4480-a1f1-d41cc2d38630:c3116]
2019-06-13 13:50:36,695 INFO  client.GrpcClientProtocolClient (GrpcClientProtocolClient.java:onNext(254)) - client-D47EFDF0E133->5d71e5de-6d45-4480-a1f1-d41cc2d38630: receive RaftClientReply:client-D47EFDF0E133->5d71e5de-6d45-4480-a1f1-d41cc2d38630@group-C6AEA7A4B82B, cid=1833, SUCCESS, logIndex=3117, commits[5d71e5de-6d45-4480-a1f1-d41cc2d38630:c3117]
2019-06-13 13:50:36,696 INFO  client.GrpcClientProtocolClient (GrpcClientProtocolClient.java:onNext(254)) - client-D47EFDF0E133->5d71e5de-6d45-4480-a1f1-d41cc2d38630: receive RaftClientReply:client-D47EFDF0E133->5d71e5de-6d45-4480-a1f1-d41cc2d38630@group-C6AEA7A4B82B, cid=1834, SUCCESS, logIndex=3119, commits[5d71e5de-6d45-4480-a1f1-d41cc2d38630:c3119]
2019-06-13 13:50:36,698 INFO  client.GrpcClientProtocolClient (GrpcClientProtocolClient.java:onNext(254)) - client-D47EFDF0E133->5d71e5de-6d45-4480-a1f1-d41cc2d38630: receive RaftClientReply:client-D47EFDF0E133->5d71e5de-6d45-4480-a1f1-d41cc2d38630@group-C6AEA7A4B82B, cid=1835, SUCCESS, logIndex=3121, commits[5d71e5de-6d45-4480-a1f1-d41cc2d38630:c3122]
2019-06-13 13:50:36,699 INFO  client.GrpcClientProtocolClient (GrpcClientProtocolClient.java:onNext(254)) - client-D47EFDF0E133->5d71e5de-6d45-4480-a1f1-d41cc2d38630: receive RaftClientReply:client-D47EFDF0E133->5d71e5de-6d45-4480-a1f1-d41cc2d38630@group-C6AEA7A4B82B, cid=1836, SUCCESS, logIndex=3122, commits[5d71e5de-6d45-4480-a1f1-d41cc2d38630:c3122]
2019-06-13 13:50:36,704 INFO  client.GrpcClientProtocolClient (GrpcClientProtocolClient.java:onNext(254)) - client-D47EFDF0E133->5d71e5de-6d45-4480-a1f1-d41cc2d38630: receive RaftClientReply:client-D47EFDF0E133->5d71e5de-6d45-4480-a1f1-d41cc2d38630@group-C6AEA7A4B82B, cid=1837, SUCCESS, logIndex=3124, commits[5d71e5de-6d45-4480-a1f1-d41cc2d38630:c3124]
2019-06-13 13:50:36,706 INFO  client.GrpcClientProtocolClient (GrpcClientProtocolClient.java:onNext(254)) - client-D47EFDF0E133->5d71e5de-6d45-4480-a1f1-d41cc2d38630: receive RaftClientReply:client-D47EFDF0E133->5d71e5de-6d45-4480-a1f1-d41cc2d38630@group-C6AEA7A4B82B, cid=1838, SUCCESS, logIndex=3126, commits[5d71e5de-6d45-4480-a1f1-d41cc2d38630:c3126]
2019-06-13 13:50:36,707 INFO  client.GrpcClientProtocolClient (GrpcClientProtocolClient.java:onNext(254)) - client-D47EFDF0E133->5d71e5de-6d45-4480-a1f1-d41cc2d38630: receive RaftClientReply:client-D47EFDF0E133->5d71e5de-6d45-4480-a1f1-d41cc2d38630@group-C6AEA7A4B82B, cid=1839, SUCCESS, logIndex=3127, commits[5d71e5de-6d45-4480-a1f1-d41cc2d38630:c3128]
2019-06-13 13:50:36,707 INFO  client.GrpcClientProtocolClient (GrpcClientProtocolClient.java:onNext(254)) - client-D47EFDF0E133->5d71e5de-6d45-4480-a1f1-d41cc2d38630: receive RaftClientReply:client-D47EFDF0E133->5d71e5de-6d45-4480-a1f1-d41cc2d38630@group-C6AEA7A4B82B, cid=1840, SUCCESS, logIndex=3128, commits[5d71e5de-6d45-4480-a1f1-d41cc2d38630:c3129]
2019-06-13 13:50:36,716 INFO  client.GrpcClientProtocolClient (GrpcClientProtocolClient.java:onNext(254)) - client-D47EFDF0E133->5d71e5de-6d45-4480-a1f1-d41cc2d38630: receive RaftClientReply:client-D47EFDF0E133->5d71e5de-6d45-4480-a1f1-d41cc2d38630@group-C6AEA7A4B82B, cid=1841, SUCCESS, logIndex=3131, commits[5d71e5de-6d45-4480-a1f1-d41cc2d38630:c3131]
2019-06-13 13:50:36,716 INFO  storage.RaftLogWorker (RaftLogWorker.java:rollLogSegment(303)) - 5d71e5de-6d45-4480-a1f1-d41cc2d38630-RaftLogWorker: Rolling segment log-3066_3133 to index:3133
2019-06-13 13:50:36,717 INFO  storage.RaftLogWorker (RaftLogWorker.java:execute(433)) - 5d71e5de-6d45-4480-a1f1-d41cc2d38630-RaftLogWorker: Rolled log segment from /opt/src/hadoop-ozone/integration-test/target/test-dir/MiniOzoneClusterImpl-c05bfa39-b333-4767-bc96-5a78f3430938/datanode-0/data/ratis/3aee30eb-3db1-472a-b851-c6aea7a4b82b/current/log_inprogress_3066 to /opt/src/hadoop-ozone/integration-test/target/test-dir/MiniOzoneClusterImpl-c05bfa39-b333-4767-bc96-5a78f3430938/datanode-0/data/ratis/3aee30eb-3db1-472a-b851-c6aea7a4b82b/current/log_3066-3133
2019-06-13 13:50:36,723 INFO  client.GrpcClientProtocolClient (GrpcClientProtocolClient.java:onNext(254)) - client-D47EFDF0E133->5d71e5de-6d45-4480-a1f1-d41cc2d38630: receive RaftClientReply:client-D47EFDF0E133->5d71e5de-6d45-4480-a1f1-d41cc2d38630@group-C6AEA7A4B82B, cid=1842, SUCCESS, logIndex=3133, commits[5d71e5de-6d45-4480-a1f1-d41cc2d38630:c3133]
2019-06-13 13:50:36,725 DEBUG block.SCMBlockDeletingService (SCMBlockDeletingService.java:call(138)) - Running DeletedBlockTransactionScanner
2019-06-13 13:50:36,726 DEBUG block.SCMBlockDeletingService (SCMBlockDeletingService.java:call(155)) - Scanned deleted blocks log and got 0 delTX to process.
2019-06-13 13:50:36,754 INFO  storage.RaftLogWorker (RaftLogWorker.java:execute(469)) - 5d71e5de-6d45-4480-a1f1-d41cc2d38630-RaftLogWorker: created new log segment /opt/src/hadoop-ozone/integration-test/target/test-dir/MiniOzoneClusterImpl-c05bfa39-b333-4767-bc96-5a78f3430938/datanode-0/data/ratis/3aee30eb-3db1-472a-b851-c6aea7a4b82b/current/log_inprogress_3134
2019-06-13 13:50:36,755 INFO  client.GrpcClientProtocolClient (GrpcClientProtocolClient.java:onNext(254)) - client-D47EFDF0E133->5d71e5de-6d45-4480-a1f1-d41cc2d38630: receive RaftClientReply:client-D47EFDF0E133->5d71e5de-6d45-4480-a1f1-d41cc2d38630@group-C6AEA7A4B82B, cid=1843, SUCCESS, logIndex=3134, commits[5d71e5de-6d45-4480-a1f1-d41cc2d38630:c3136]
2019-06-13 13:50:36,755 INFO  client.GrpcClientProtocolClient (GrpcClientProtocolClient.java:onNext(254)) - client-D47EFDF0E133->5d71e5de-6d45-4480-a1f1-d41cc2d38630: receive RaftClientReply:client-D47EFDF0E133->5d71e5de-6d45-4480-a1f1-d41cc2d38630@group-C6AEA7A4B82B, cid=1844, SUCCESS, logIndex=3135, commits[5d71e5de-6d45-4480-a1f1-d41cc2d38630:c3136]
2019-06-13 13:50:36,761 INFO  client.GrpcClientProtocolClient (GrpcClientProtocolClient.java:onNext(254)) - client-D47EFDF0E133->5d71e5de-6d45-4480-a1f1-d41cc2d38630: receive RaftClientReply:client-D47EFDF0E133->5d71e5de-6d45-4480-a1f1-d41cc2d38630@group-C6AEA7A4B82B, cid=1845, SUCCESS, logIndex=3137, commits[5d71e5de-6d45-4480-a1f1-d41cc2d38630:c3137]
2019-06-13 13:50:36,762 INFO  client.GrpcClientProtocolClient (GrpcClientProtocolClient.java:onNext(254)) - client-D47EFDF0E133->5d71e5de-6d45-4480-a1f1-d41cc2d38630: receive RaftClientReply:client-D47EFDF0E133->5d71e5de-6d45-4480-a1f1-d41cc2d38630@group-C6AEA7A4B82B, cid=1846, SUCCESS, logIndex=3139, commits[5d71e5de-6d45-4480-a1f1-d41cc2d38630:c3139]
2019-06-13 13:50:36,763 INFO  client.GrpcClientProtocolClient (GrpcClientProtocolClient.java:onNext(254)) - client-D47EFDF0E133->5d71e5de-6d45-4480-a1f1-d41cc2d38630: receive RaftClientReply:client-D47EFDF0E133->5d71e5de-6d45-4480-a1f1-d41cc2d38630@group-C6AEA7A4B82B, cid=1847, SUCCESS, logIndex=3140, commits[5d71e5de-6d45-4480-a1f1-d41cc2d38630:c3142]
2019-06-13 13:50:36,764 INFO  client.GrpcClientProtocolClient (GrpcClientProtocolClient.java:onNext(254)) - client-D47EFDF0E133->5d71e5de-6d45-4480-a1f1-d41cc2d38630: receive RaftClientReply:client-D47EFDF0E133->5d71e5de-6d45-4480-a1f1-d41cc2d38630@group-C6AEA7A4B82B, cid=1848, SUCCESS, logIndex=3141, commits[5d71e5de-6d45-4480-a1f1-d41cc2d38630:c3142]
2019-06-13 13:50:36,772 INFO  client.GrpcClientProtocolClient (GrpcClientProtocolClient.java:onNext(254)) - client-D47EFDF0E133->5d71e5de-6d45-4480-a1f1-d41cc2d38630: receive RaftClientReply:client-D47EFDF0E133->5d71e5de-6d45-4480-a1f1-d41cc2d38630@group-C6AEA7A4B82B, cid=1849, SUCCESS, logIndex=3143, commits[5d71e5de-6d45-4480-a1f1-d41cc2d38630:c3143]
2019-06-13 13:50:36,773 INFO  client.GrpcClientProtocolClient (GrpcClientProtocolClient.java:onNext(254)) - client-D47EFDF0E133->5d71e5de-6d45-4480-a1f1-d41cc2d38630: receive RaftClientReply:client-D47EFDF0E133->5d71e5de-6d45-4480-a1f1-d41cc2d38630@group-C6AEA7A4B82B, cid=1850, SUCCESS, logIndex=3145, commits[5d71e5de-6d45-4480-a1f1-d41cc2d38630:c3145]
2019-06-13 13:50:36,775 INFO  client.GrpcClientProtocolClient (GrpcClientProtocolClient.java:onNext(254)) - client-D47EFDF0E133->5d71e5de-6d45-4480-a1f1-d41cc2d38630: receive RaftClientReply:client-D47EFDF0E133->5d71e5de-6d45-4480-a1f1-d41cc2d38630@group-C6AEA7A4B82B, cid=1851, SUCCESS, logIndex=3146, commits[5d71e5de-6d45-4480-a1f1-d41cc2d38630:c3148]
2019-06-13 13:50:36,775 INFO  client.GrpcClientProtocolClient (GrpcClientProtocolClient.java:onNext(254)) - client-D47EFDF0E133->5d71e5de-6d45-4480-a1f1-d41cc2d38630: receive RaftClientReply:client-D47EFDF0E133->5d71e5de-6d45-4480-a1f1-d41cc2d38630@group-C6AEA7A4B82B, cid=1852, SUCCESS, logIndex=3147, commits[5d71e5de-6d45-4480-a1f1-d41cc2d38630:c3148]
2019-06-13 13:50:36,780 INFO  client.GrpcClientProtocolClient (GrpcClientProtocolClient.java:onNext(254)) - client-D47EFDF0E133->5d71e5de-6d45-4480-a1f1-d41cc2d38630: receive RaftClientReply:client-D47EFDF0E133->5d71e5de-6d45-4480-a1f1-d41cc2d38630@group-C6AEA7A4B82B, cid=1853, SUCCESS, logIndex=3149, commits[5d71e5de-6d45-4480-a1f1-d41cc2d38630:c3149]
2019-06-13 13:50:36,781 INFO  client.GrpcClientProtocolClient (GrpcClientProtocolClient.java:onNext(254)) - client-D47EFDF0E133->5d71e5de-6d45-4480-a1f1-d41cc2d38630: receive RaftClientReply:client-D47EFDF0E133->5d71e5de-6d45-4480-a1f1-d41cc2d38630@group-C6AEA7A4B82B, cid=1854, SUCCESS, logIndex=3151, commits[5d71e5de-6d45-4480-a1f1-d41cc2d38630:c3151]
2019-06-13 13:50:36,782 INFO  client.GrpcClientProtocolClient (GrpcClientProtocolClient.java:onNext(254)) - client-D47EFDF0E133->5d71e5de-6d45-4480-a1f1-d41cc2d38630: receive RaftClientReply:client-D47EFDF0E133->5d71e5de-6d45-4480-a1f1-d41cc2d38630@group-C6AEA7A4B82B, cid=1855, SUCCESS, logIndex=3152, commits[5d71e5de-6d45-4480-a1f1-d41cc2d38630:c3154]
2019-06-13 13:50:36,782 INFO  client.GrpcClientProtocolClient (GrpcClientProtocolClient.java:onNext(254)) - client-D47EFDF0E133->5d71e5de-6d45-4480-a1f1-d41cc2d38630: receive RaftClientReply:client-D47EFDF0E133->5d71e5de-6d45-4480-a1f1-d41cc2d38630@group-C6AEA7A4B82B, cid=1856, SUCCESS, logIndex=3153, commits[5d71e5de-6d45-4480-a1f1-d41cc2d38630:c3154]
2019-06-13 13:50:36,826 DEBUG block.SCMBlockDeletingService (SCMBlockDeletingService.java:call(138)) - Running DeletedBlockTransactionScanner
2019-06-13 13:50:36,826 DEBUG block.SCMBlockDeletingService (SCMBlockDeletingService.java:call(155)) - Scanned deleted blocks log and got 0 delTX to process.
2019-06-13 13:50:37,117 DEBUG block.SCMBlockDeletingService (SCMBlockDeletingService.java:call(138)) - Running DeletedBlockTransactionScanner
2019-06-13 13:50:37,117 DEBUG block.SCMBlockDeletingService (SCMBlockDeletingService.java:call(155)) - Scanned deleted blocks log and got 0 delTX to process.
2019-06-13 13:50:37,129 INFO  client.GrpcClientProtocolClient (GrpcClientProtocolClient.java:onNext(254)) - client-D47EFDF0E133->5d71e5de-6d45-4480-a1f1-d41cc2d38630: receive RaftClientReply:client-D47EFDF0E133->5d71e5de-6d45-4480-a1f1-d41cc2d38630@group-C6AEA7A4B82B, cid=1857, SUCCESS, logIndex=3155, commits[5d71e5de-6d45-4480-a1f1-d41cc2d38630:c3155]
2019-06-13 13:50:37,130 INFO  client.GrpcClientProtocolClient (GrpcClientProtocolClient.java:onNext(254)) - client-D47EFDF0E133->5d71e5de-6d45-4480-a1f1-d41cc2d38630: receive RaftClientReply:client-D47EFDF0E133->5d71e5de-6d45-4480-a1f1-d41cc2d38630@group-C6AEA7A4B82B, cid=1858, SUCCESS, logIndex=3157, commits[5d71e5de-6d45-4480-a1f1-d41cc2d38630:c3157]
2019-06-13 13:50:37,132 INFO  client.GrpcClientProtocolClient (GrpcClientProtocolClient.java:onNext(254)) - client-D47EFDF0E133->5d71e5de-6d45-4480-a1f1-d41cc2d38630: receive RaftClientReply:client-D47EFDF0E133->5d71e5de-6d45-4480-a1f1-d41cc2d38630@group-C6AEA7A4B82B, cid=1859, SUCCESS, logIndex=3158, commits[5d71e5de-6d45-4480-a1f1-d41cc2d38630:c3160]
2019-06-13 13:50:37,132 INFO  client.GrpcClientProtocolClient (GrpcClientProtocolClient.java:onNext(254)) - client-D47EFDF0E133->5d71e5de-6d45-4480-a1f1-d41cc2d38630: receive RaftClientReply:client-D47EFDF0E133->5d71e5de-6d45-4480-a1f1-d41cc2d38630@group-C6AEA7A4B82B, cid=1860, SUCCESS, logIndex=3159, commits[5d71e5de-6d45-4480-a1f1-d41cc2d38630:c3160]
2019-06-13 13:50:37,137 INFO  client.GrpcClientProtocolClient (GrpcClientProtocolClient.java:onNext(254)) - client-D47EFDF0E133->5d71e5de-6d45-4480-a1f1-d41cc2d38630: receive RaftClientReply:client-D47EFDF0E133->5d71e5de-6d45-4480-a1f1-d41cc2d38630@group-C6AEA7A4B82B, cid=1861, SUCCESS, logIndex=3161, commits[5d71e5de-6d45-4480-a1f1-d41cc2d38630:c3161]
2019-06-13 13:50:37,138 INFO  client.GrpcClientProtocolClient (GrpcClientProtocolClient.java:onNext(254)) - client-D47EFDF0E133->5d71e5de-6d45-4480-a1f1-d41cc2d38630: receive RaftClientReply:client-D47EFDF0E133->5d71e5de-6d45-4480-a1f1-d41cc2d38630@group-C6AEA7A4B82B, cid=1862, SUCCESS, logIndex=3163, commits[5d71e5de-6d45-4480-a1f1-d41cc2d38630:c3163]
2019-06-13 13:50:37,139 INFO  client.GrpcClientProtocolClient (GrpcClientProtocolClient.java:onNext(254)) - client-D47EFDF0E133->5d71e5de-6d45-4480-a1f1-d41cc2d38630: receive RaftClientReply:client-D47EFDF0E133->5d71e5de-6d45-4480-a1f1-d41cc2d38630@group-C6AEA7A4B82B, cid=1863, SUCCESS, logIndex=3164, commits[5d71e5de-6d45-4480-a1f1-d41cc2d38630:c3166]
2019-06-13 13:50:37,139 INFO  client.GrpcClientProtocolClient (GrpcClientProtocolClient.java:onNext(254)) - client-D47EFDF0E133->5d71e5de-6d45-4480-a1f1-d41cc2d38630: receive RaftClientReply:client-D47EFDF0E133->5d71e5de-6d45-4480-a1f1-d41cc2d38630@group-C6AEA7A4B82B, cid=1864, SUCCESS, logIndex=3165, commits[5d71e5de-6d45-4480-a1f1-d41cc2d38630:c3166]
2019-06-13 13:50:37,149 INFO  client.GrpcClientProtocolClient (GrpcClientProtocolClient.java:onNext(254)) - client-D47EFDF0E133->5d71e5de-6d45-4480-a1f1-d41cc2d38630: receive RaftClientReply:client-D47EFDF0E133->5d71e5de-6d45-4480-a1f1-d41cc2d38630@group-C6AEA7A4B82B, cid=1865, SUCCESS, logIndex=3167, commits[5d71e5de-6d45-4480-a1f1-d41cc2d38630:c3167]
2019-06-13 13:50:37,154 INFO  client.GrpcClientProtocolClient (GrpcClientProtocolClient.java:onNext(254)) - client-D47EFDF0E133->5d71e5de-6d45-4480-a1f1-d41cc2d38630: receive RaftClientReply:client-D47EFDF0E133->5d71e5de-6d45-4480-a1f1-d41cc2d38630@group-C6AEA7A4B82B, cid=1866, SUCCESS, logIndex=3169, commits[5d71e5de-6d45-4480-a1f1-d41cc2d38630:c3169]
2019-06-13 13:50:37,154 INFO  client.GrpcClientProtocolClient (GrpcClientProtocolClient.java:onNext(254)) - client-D47EFDF0E133->5d71e5de-6d45-4480-a1f1-d41cc2d38630: receive RaftClientReply:client-D47EFDF0E133->5d71e5de-6d45-4480-a1f1-d41cc2d38630@group-C6AEA7A4B82B, cid=1867, SUCCESS, logIndex=3170, commits[5d71e5de-6d45-4480-a1f1-d41cc2d38630:c3172]
2019-06-13 13:50:37,155 INFO  client.GrpcClientProtocolClient (GrpcClientProtocolClient.java:onNext(254)) - client-D47EFDF0E133->5d71e5de-6d45-4480-a1f1-d41cc2d38630: receive RaftClientReply:client-D47EFDF0E133->5d71e5de-6d45-4480-a1f1-d41cc2d38630@group-C6AEA7A4B82B, cid=1868, SUCCESS, logIndex=3171, commits[5d71e5de-6d45-4480-a1f1-d41cc2d38630:c3172]
2019-06-13 13:50:37,160 INFO  client.GrpcClientProtocolClient (GrpcClientProtocolClient.java:onNext(254)) - client-D47EFDF0E133->5d71e5de-6d45-4480-a1f1-d41cc2d38630: receive RaftClientReply:client-D47EFDF0E133->5d71e5de-6d45-4480-a1f1-d41cc2d38630@group-C6AEA7A4B82B, cid=1869, SUCCESS, logIndex=3173, commits[5d71e5de-6d45-4480-a1f1-d41cc2d38630:c3173]
2019-06-13 13:50:37,161 INFO  client.GrpcClientProtocolClient (GrpcClientProtocolClient.java:onNext(254)) - client-D47EFDF0E133->5d71e5de-6d45-4480-a1f1-d41cc2d38630: receive RaftClientReply:client-D47EFDF0E133->5d71e5de-6d45-4480-a1f1-d41cc2d38630@group-C6AEA7A4B82B, cid=1870, SUCCESS, logIndex=3175, commits[5d71e5de-6d45-4480-a1f1-d41cc2d38630:c3175]
2019-06-13 13:50:37,162 INFO  client.GrpcClientProtocolClient (GrpcClientProtocolClient.java:onNext(254)) - client-D47EFDF0E133->5d71e5de-6d45-4480-a1f1-d41cc2d38630: receive RaftClientReply:client-D47EFDF0E133->5d71e5de-6d45-4480-a1f1-d41cc2d38630@group-C6AEA7A4B82B, cid=1871, SUCCESS, logIndex=3176, commits[5d71e5de-6d45-4480-a1f1-d41cc2d38630:c3178]
2019-06-13 13:50:37,162 INFO  client.GrpcClientProtocolClient (GrpcClientProtocolClient.java:onNext(254)) - client-D47EFDF0E133->5d71e5de-6d45-4480-a1f1-d41cc2d38630: receive RaftClientReply:client-D47EFDF0E133->5d71e5de-6d45-4480-a1f1-d41cc2d38630@group-C6AEA7A4B82B, cid=1872, SUCCESS, logIndex=3177, commits[5d71e5de-6d45-4480-a1f1-d41cc2d38630:c3178]
2019-06-13 13:50:37,171 INFO  client.GrpcClientProtocolClient (GrpcClientProtocolClient.java:onNext(254)) - client-D47EFDF0E133->5d71e5de-6d45-4480-a1f1-d41cc2d38630: receive RaftClientReply:client-D47EFDF0E133->5d71e5de-6d45-4480-a1f1-d41cc2d38630@group-C6AEA7A4B82B, cid=1873, SUCCESS, logIndex=3179, commits[5d71e5de-6d45-4480-a1f1-d41cc2d38630:c3179]
2019-06-13 13:50:37,172 INFO  client.GrpcClientProtocolClient (GrpcClientProtocolClient.java:onNext(254)) - client-D47EFDF0E133->5d71e5de-6d45-4480-a1f1-d41cc2d38630: receive RaftClientReply:client-D47EFDF0E133->5d71e5de-6d45-4480-a1f1-d41cc2d38630@group-C6AEA7A4B82B, cid=1874, SUCCESS, logIndex=3181, commits[5d71e5de-6d45-4480-a1f1-d41cc2d38630:c3181]
2019-06-13 13:50:37,173 INFO  client.GrpcClientProtocolClient (GrpcClientProtocolClient.java:onNext(254)) - client-D47EFDF0E133->5d71e5de-6d45-4480-a1f1-d41cc2d38630: receive RaftClientReply:client-D47EFDF0E133->5d71e5de-6d45-4480-a1f1-d41cc2d38630@group-C6AEA7A4B82B, cid=1875, SUCCESS, logIndex=3182, commits[5d71e5de-6d45-4480-a1f1-d41cc2d38630:c3184]
2019-06-13 13:50:37,174 INFO  client.GrpcClientProtocolClient (GrpcClientProtocolClient.java:onNext(254)) - client-D47EFDF0E133->5d71e5de-6d45-4480-a1f1-d41cc2d38630: receive RaftClientReply:client-D47EFDF0E133->5d71e5de-6d45-4480-a1f1-d41cc2d38630@group-C6AEA7A4B82B, cid=1876, SUCCESS, logIndex=3183, commits[5d71e5de-6d45-4480-a1f1-d41cc2d38630:c3184]
2019-06-13 13:50:37,180 INFO  client.GrpcClientProtocolClient (GrpcClientProtocolClient.java:onNext(254)) - client-D47EFDF0E133->5d71e5de-6d45-4480-a1f1-d41cc2d38630: receive RaftClientReply:client-D47EFDF0E133->5d71e5de-6d45-4480-a1f1-d41cc2d38630@group-C6AEA7A4B82B, cid=1877, SUCCESS, logIndex=3185, commits[5d71e5de-6d45-4480-a1f1-d41cc2d38630:c3185]
2019-06-13 13:50:37,182 INFO  client.GrpcClientProtocolClient (GrpcClientProtocolClient.java:onNext(254)) - client-D47EFDF0E133->5d71e5de-6d45-4480-a1f1-d41cc2d38630: receive RaftClientReply:client-D47EFDF0E133->5d71e5de-6d45-4480-a1f1-d41cc2d38630@group-C6AEA7A4B82B, cid=1878, SUCCESS, logIndex=3187, commits[5d71e5de-6d45-4480-a1f1-d41cc2d38630:c3187]
2019-06-13 13:50:37,182 INFO  client.GrpcClientProtocolClient (GrpcClientProtocolClient.java:onNext(254)) - client-D47EFDF0E133->5d71e5de-6d45-4480-a1f1-d41cc2d38630: receive RaftClientReply:client-D47EFDF0E133->5d71e5de-6d45-4480-a1f1-d41cc2d38630@group-C6AEA7A4B82B, cid=1879, SUCCESS, logIndex=3188, commits[5d71e5de-6d45-4480-a1f1-d41cc2d38630:c3190]
2019-06-13 13:50:37,183 INFO  client.GrpcClientProtocolClient (GrpcClientProtocolClient.java:onNext(254)) - client-D47EFDF0E133->5d71e5de-6d45-4480-a1f1-d41cc2d38630: receive RaftClientReply:client-D47EFDF0E133->5d71e5de-6d45-4480-a1f1-d41cc2d38630@group-C6AEA7A4B82B, cid=1880, SUCCESS, logIndex=3189, commits[5d71e5de-6d45-4480-a1f1-d41cc2d38630:c3190]
2019-06-13 13:50:37,194 INFO  client.GrpcClientProtocolClient (GrpcClientProtocolClient.java:onNext(254)) - client-D47EFDF0E133->5d71e5de-6d45-4480-a1f1-d41cc2d38630: receive RaftClientReply:client-D47EFDF0E133->5d71e5de-6d45-4480-a1f1-d41cc2d38630@group-C6AEA7A4B82B, cid=1881, SUCCESS, logIndex=3191, commits[5d71e5de-6d45-4480-a1f1-d41cc2d38630:c3191]
2019-06-13 13:50:37,198 INFO  client.GrpcClientProtocolClient (GrpcClientProtocolClient.java:onNext(254)) - client-D47EFDF0E133->5d71e5de-6d45-4480-a1f1-d41cc2d38630: receive RaftClientReply:client-D47EFDF0E133->5d71e5de-6d45-4480-a1f1-d41cc2d38630@group-C6AEA7A4B82B, cid=1882, SUCCESS, logIndex=3193, commits[5d71e5de-6d45-4480-a1f1-d41cc2d38630:c3195]
2019-06-13 13:50:37,199 INFO  client.GrpcClientProtocolClient (GrpcClientProtocolClient.java:onNext(254)) - client-D47EFDF0E133->5d71e5de-6d45-4480-a1f1-d41cc2d38630: receive RaftClientReply:client-D47EFDF0E133->5d71e5de-6d45-4480-a1f1-d41cc2d38630@group-C6AEA7A4B82B, cid=1883, SUCCESS, logIndex=3194, commits[5d71e5de-6d45-4480-a1f1-d41cc2d38630:c3195]
2019-06-13 13:50:37,199 INFO  client.GrpcClientProtocolClient (GrpcClientProtocolClient.java:onNext(254)) - client-D47EFDF0E133->5d71e5de-6d45-4480-a1f1-d41cc2d38630: receive RaftClientReply:client-D47EFDF0E133->5d71e5de-6d45-4480-a1f1-d41cc2d38630@group-C6AEA7A4B82B, cid=1884, SUCCESS, logIndex=3195, commits[5d71e5de-6d45-4480-a1f1-d41cc2d38630:c3196]
2019-06-13 13:50:37,204 INFO  client.GrpcClientProtocolClient (GrpcClientProtocolClient.java:onNext(254)) - client-D47EFDF0E133->5d71e5de-6d45-4480-a1f1-d41cc2d38630: receive RaftClientReply:client-D47EFDF0E133->5d71e5de-6d45-4480-a1f1-d41cc2d38630@group-C6AEA7A4B82B, cid=1885, SUCCESS, logIndex=3197, commits[5d71e5de-6d45-4480-a1f1-d41cc2d38630:c3197]
2019-06-13 13:50:37,205 INFO  storage.RaftLogWorker (RaftLogWorker.java:rollLogSegment(303)) - 5d71e5de-6d45-4480-a1f1-d41cc2d38630-RaftLogWorker: Rolling segment log-3134_3199 to index:3199
2019-06-13 13:50:37,205 INFO  storage.RaftLogWorker (RaftLogWorker.java:execute(433)) - 5d71e5de-6d45-4480-a1f1-d41cc2d38630-RaftLogWorker: Rolled log segment from /opt/src/hadoop-ozone/integration-test/target/test-dir/MiniOzoneClusterImpl-c05bfa39-b333-4767-bc96-5a78f3430938/datanode-0/data/ratis/3aee30eb-3db1-472a-b851-c6aea7a4b82b/current/log_inprogress_3134 to /opt/src/hadoop-ozone/integration-test/target/test-dir/MiniOzoneClusterImpl-c05bfa39-b333-4767-bc96-5a78f3430938/datanode-0/data/ratis/3aee30eb-3db1-472a-b851-c6aea7a4b82b/current/log_3134-3199
2019-06-13 13:50:37,207 INFO  client.GrpcClientProtocolClient (GrpcClientProtocolClient.java:onNext(254)) - client-D47EFDF0E133->5d71e5de-6d45-4480-a1f1-d41cc2d38630: receive RaftClientReply:client-D47EFDF0E133->5d71e5de-6d45-4480-a1f1-d41cc2d38630@group-C6AEA7A4B82B, cid=1886, SUCCESS, logIndex=3199, commits[5d71e5de-6d45-4480-a1f1-d41cc2d38630:c3199]
2019-06-13 13:50:37,218 DEBUG block.SCMBlockDeletingService (SCMBlockDeletingService.java:call(138)) - Running DeletedBlockTransactionScanner
2019-06-13 13:50:37,218 DEBUG block.SCMBlockDeletingService (SCMBlockDeletingService.java:call(155)) - Scanned deleted blocks log and got 0 delTX to process.
2019-06-13 13:50:37,242 INFO  storage.RaftLogWorker (RaftLogWorker.java:execute(469)) - 5d71e5de-6d45-4480-a1f1-d41cc2d38630-RaftLogWorker: created new log segment /opt/src/hadoop-ozone/integration-test/target/test-dir/MiniOzoneClusterImpl-c05bfa39-b333-4767-bc96-5a78f3430938/datanode-0/data/ratis/3aee30eb-3db1-472a-b851-c6aea7a4b82b/current/log_inprogress_3200
2019-06-13 13:50:37,243 INFO  client.GrpcClientProtocolClient (GrpcClientProtocolClient.java:onNext(254)) - client-D47EFDF0E133->5d71e5de-6d45-4480-a1f1-d41cc2d38630: receive RaftClientReply:client-D47EFDF0E133->5d71e5de-6d45-4480-a1f1-d41cc2d38630@group-C6AEA7A4B82B, cid=1887, SUCCESS, logIndex=3200, commits[5d71e5de-6d45-4480-a1f1-d41cc2d38630:c3202]
2019-06-13 13:50:37,244 INFO  client.GrpcClientProtocolClient (GrpcClientProtocolClient.java:onNext(254)) - client-D47EFDF0E133->5d71e5de-6d45-4480-a1f1-d41cc2d38630: receive RaftClientReply:client-D47EFDF0E133->5d71e5de-6d45-4480-a1f1-d41cc2d38630@group-C6AEA7A4B82B, cid=1888, SUCCESS, logIndex=3202, commits[5d71e5de-6d45-4480-a1f1-d41cc2d38630:c3203]
2019-06-13 13:50:37,253 INFO  client.GrpcClientProtocolClient (GrpcClientProtocolClient.java:onNext(254)) - client-D47EFDF0E133->5d71e5de-6d45-4480-a1f1-d41cc2d38630: receive RaftClientReply:client-D47EFDF0E133->5d71e5de-6d45-4480-a1f1-d41cc2d38630@group-C6AEA7A4B82B, cid=1889, SUCCESS, logIndex=3204, commits[5d71e5de-6d45-4480-a1f1-d41cc2d38630:c3205]
2019-06-13 13:50:37,255 INFO  client.GrpcClientProtocolClient (GrpcClientProtocolClient.java:onNext(254)) - client-D47EFDF0E133->5d71e5de-6d45-4480-a1f1-d41cc2d38630: receive RaftClientReply:client-D47EFDF0E133->5d71e5de-6d45-4480-a1f1-d41cc2d38630@group-C6AEA7A4B82B, cid=1890, SUCCESS, logIndex=3206, commits[5d71e5de-6d45-4480-a1f1-d41cc2d38630:c3206]
2019-06-13 13:50:37,255 INFO  client.GrpcClientProtocolClient (GrpcClientProtocolClient.java:onNext(254)) - client-D47EFDF0E133->5d71e5de-6d45-4480-a1f1-d41cc2d38630: receive RaftClientReply:client-D47EFDF0E133->5d71e5de-6d45-4480-a1f1-d41cc2d38630@group-C6AEA7A4B82B, cid=1891, SUCCESS, logIndex=3207, commits[5d71e5de-6d45-4480-a1f1-d41cc2d38630:c3209]
2019-06-13 13:50:37,256 INFO  client.GrpcClientProtocolClient (GrpcClientProtocolClient.java:onNext(254)) - client-D47EFDF0E133->5d71e5de-6d45-4480-a1f1-d41cc2d38630: receive RaftClientReply:client-D47EFDF0E133->5d71e5de-6d45-4480-a1f1-d41cc2d38630@group-C6AEA7A4B82B, cid=1892, SUCCESS, logIndex=3208, commits[5d71e5de-6d45-4480-a1f1-d41cc2d38630:c3209]
2019-06-13 13:50:37,261 INFO  client.GrpcClientProtocolClient (GrpcClientProtocolClient.java:onNext(254)) - client-D47EFDF0E133->5d71e5de-6d45-4480-a1f1-d41cc2d38630: receive RaftClientReply:client-D47EFDF0E133->5d71e5de-6d45-4480-a1f1-d41cc2d38630@group-C6AEA7A4B82B, cid=1893, SUCCESS, logIndex=3210, commits[5d71e5de-6d45-4480-a1f1-d41cc2d38630:c3211]
2019-06-13 13:50:37,263 INFO  client.GrpcClientProtocolClient (GrpcClientProtocolClient.java:onNext(254)) - client-D47EFDF0E133->5d71e5de-6d45-4480-a1f1-d41cc2d38630: receive RaftClientReply:client-D47EFDF0E133->5d71e5de-6d45-4480-a1f1-d41cc2d38630@group-C6AEA7A4B82B, cid=1894, SUCCESS, logIndex=3212, commits[5d71e5de-6d45-4480-a1f1-d41cc2d38630:c3212]
2019-06-13 13:50:37,264 INFO  client.GrpcClientProtocolClient (GrpcClientProtocolClient.java:onNext(254)) - client-D47EFDF0E133->5d71e5de-6d45-4480-a1f1-d41cc2d38630: receive RaftClientReply:client-D47EFDF0E133->5d71e5de-6d45-4480-a1f1-d41cc2d38630@group-C6AEA7A4B82B, cid=1895, SUCCESS, logIndex=3213, commits[5d71e5de-6d45-4480-a1f1-d41cc2d38630:c3214]
2019-06-13 13:50:37,264 INFO  client.GrpcClientProtocolClient (GrpcClientProtocolClient.java:onNext(254)) - client-D47EFDF0E133->5d71e5de-6d45-4480-a1f1-d41cc2d38630: receive RaftClientReply:client-D47EFDF0E133->5d71e5de-6d45-4480-a1f1-d41cc2d38630@group-C6AEA7A4B82B, cid=1896, SUCCESS, logIndex=3214, commits[5d71e5de-6d45-4480-a1f1-d41cc2d38630:c3215]
2019-06-13 13:50:37,275 INFO  client.GrpcClientProtocolClient (GrpcClientProtocolClient.java:onNext(254)) - client-D47EFDF0E133->5d71e5de-6d45-4480-a1f1-d41cc2d38630: receive RaftClientReply:client-D47EFDF0E133->5d71e5de-6d45-4480-a1f1-d41cc2d38630@group-C6AEA7A4B82B, cid=1897, SUCCESS, logIndex=3217, commits[5d71e5de-6d45-4480-a1f1-d41cc2d38630:c3217]
2019-06-13 13:50:37,277 INFO  client.GrpcClientProtocolClient (GrpcClientProtocolClient.java:onNext(254)) - client-D47EFDF0E133->5d71e5de-6d45-4480-a1f1-d41cc2d38630: receive RaftClientReply:client-D47EFDF0E133->5d71e5de-6d45-4480-a1f1-d41cc2d38630@group-C6AEA7A4B82B, cid=1898, SUCCESS, logIndex=3219, commits[5d71e5de-6d45-4480-a1f1-d41cc2d38630:c3219]
2019-06-13 13:50:37,277 INFO  client.GrpcClientProtocolClient (GrpcClientProtocolClient.java:onNext(254)) - client-D47EFDF0E133->5d71e5de-6d45-4480-a1f1-d41cc2d38630: receive RaftClientReply:client-D47EFDF0E133->5d71e5de-6d45-4480-a1f1-d41cc2d38630@group-C6AEA7A4B82B, cid=1899, SUCCESS, logIndex=3220, commits[5d71e5de-6d45-4480-a1f1-d41cc2d38630:c3222]
2019-06-13 13:50:37,278 INFO  client.GrpcClientProtocolClient (GrpcClientProtocolClient.java:onNext(254)) - client-D47EFDF0E133->5d71e5de-6d45-4480-a1f1-d41cc2d38630: receive RaftClientReply:client-D47EFDF0E133->5d71e5de-6d45-4480-a1f1-d41cc2d38630@group-C6AEA7A4B82B, cid=1900, SUCCESS, logIndex=3221, commits[5d71e5de-6d45-4480-a1f1-d41cc2d38630:c3222]
2019-06-13 13:50:37,318 DEBUG block.SCMBlockDeletingService (SCMBlockDeletingService.java:call(138)) - Running DeletedBlockTransactionScanner
2019-06-13 13:50:37,318 DEBUG block.SCMBlockDeletingService (SCMBlockDeletingService.java:call(155)) - Scanned deleted blocks log and got 0 delTX to process.
2019-06-13 13:50:37,350 INFO  client.GrpcClientProtocolClient (GrpcClientProtocolClient.java:onNext(254)) - client-D47EFDF0E133->5d71e5de-6d45-4480-a1f1-d41cc2d38630: receive RaftClientReply:client-D47EFDF0E133->5d71e5de-6d45-4480-a1f1-d41cc2d38630@group-C6AEA7A4B82B, cid=1901, SUCCESS, logIndex=3223, commits[5d71e5de-6d45-4480-a1f1-d41cc2d38630:c3223]
2019-06-13 13:50:37,351 INFO  client.GrpcClientProtocolClient (GrpcClientProtocolClient.java:onNext(254)) - client-D47EFDF0E133->5d71e5de-6d45-4480-a1f1-d41cc2d38630: receive RaftClientReply:client-D47EFDF0E133->5d71e5de-6d45-4480-a1f1-d41cc2d38630@group-C6AEA7A4B82B, cid=1902, SUCCESS, logIndex=3225, commits[5d71e5de-6d45-4480-a1f1-d41cc2d38630:c3225]
2019-06-13 13:50:37,353 INFO  client.GrpcClientProtocolClient (GrpcClientProtocolClient.java:onNext(254)) - client-D47EFDF0E133->5d71e5de-6d45-4480-a1f1-d41cc2d38630: receive RaftClientReply:client-D47EFDF0E133->5d71e5de-6d45-4480-a1f1-d41cc2d38630@group-C6AEA7A4B82B, cid=1903, SUCCESS, logIndex=3226, commits[5d71e5de-6d45-4480-a1f1-d41cc2d38630:c3228]
2019-06-13 13:50:37,353 INFO  client.GrpcClientProtocolClient (GrpcClientProtocolClient.java:onNext(254)) - client-D47EFDF0E133->5d71e5de-6d45-4480-a1f1-d41cc2d38630: receive RaftClientReply:client-D47EFDF0E133->5d71e5de-6d45-4480-a1f1-d41cc2d38630@group-C6AEA7A4B82B, cid=1904, SUCCESS, logIndex=3227, commits[5d71e5de-6d45-4480-a1f1-d41cc2d38630:c3228]
2019-06-13 13:50:37,365 INFO  client.GrpcClientProtocolClient (GrpcClientProtocolClient.java:onNext(254)) - client-D47EFDF0E133->5d71e5de-6d45-4480-a1f1-d41cc2d38630: receive RaftClientReply:client-D47EFDF0E133->5d71e5de-6d45-4480-a1f1-d41cc2d38630@group-C6AEA7A4B82B, cid=1905, SUCCESS, logIndex=3229, commits[5d71e5de-6d45-4480-a1f1-d41cc2d38630:c3229]
2019-06-13 13:50:37,367 INFO  client.GrpcClientProtocolClient (GrpcClientProtocolClient.java:onNext(254)) - client-D47EFDF0E133->5d71e5de-6d45-4480-a1f1-d41cc2d38630: receive RaftClientReply:client-D47EFDF0E133->5d71e5de-6d45-4480-a1f1-d41cc2d38630@group-C6AEA7A4B82B, cid=1906, SUCCESS, logIndex=3231, commits[5d71e5de-6d45-4480-a1f1-d41cc2d38630:c3231]
2019-06-13 13:50:37,367 INFO  client.GrpcClientProtocolClient (GrpcClientProtocolClient.java:onNext(254)) - client-D47EFDF0E133->5d71e5de-6d45-4480-a1f1-d41cc2d38630: receive RaftClientReply:client-D47EFDF0E133->5d71e5de-6d45-4480-a1f1-d41cc2d38630@group-C6AEA7A4B82B, cid=1907, SUCCESS, logIndex=3232, commits[5d71e5de-6d45-4480-a1f1-d41cc2d38630:c3233]
2019-06-13 13:50:37,372 INFO  client.GrpcClientProtocolClient (GrpcClientProtocolClient.java:onNext(254)) - client-D47EFDF0E133->5d71e5de-6d45-4480-a1f1-d41cc2d38630: receive RaftClientReply:client-D47EFDF0E133->5d71e5de-6d45-4480-a1f1-d41cc2d38630@group-C6AEA7A4B82B, cid=1908, SUCCESS, logIndex=3233, commits[5d71e5de-6d45-4480-a1f1-d41cc2d38630:c3233]
2019-06-13 13:50:37,386 INFO  client.GrpcClientProtocolClient (GrpcClientProtocolClient.java:onNext(254)) - client-D47EFDF0E133->5d71e5de-6d45-4480-a1f1-d41cc2d38630: receive RaftClientReply:client-D47EFDF0E133->5d71e5de-6d45-4480-a1f1-d41cc2d38630@group-C6AEA7A4B82B, cid=1909, SUCCESS, logIndex=3236, commits[5d71e5de-6d45-4480-a1f1-d41cc2d38630:c3237]
2019-06-13 13:50:37,387 INFO  client.GrpcClientProtocolClient (GrpcClientProtocolClient.java:onNext(254)) - client-D47EFDF0E133->5d71e5de-6d45-4480-a1f1-d41cc2d38630: receive RaftClientReply:client-D47EFDF0E133->5d71e5de-6d45-4480-a1f1-d41cc2d38630@group-C6AEA7A4B82B, cid=1910, SUCCESS, logIndex=3238, commits[5d71e5de-6d45-4480-a1f1-d41cc2d38630:c3238]
2019-06-13 13:50:37,388 INFO  client.GrpcClientProtocolClient (GrpcClientProtocolClient.java:onNext(254)) - client-D47EFDF0E133->5d71e5de-6d45-4480-a1f1-d41cc2d38630: receive RaftClientReply:client-D47EFDF0E133->5d71e5de-6d45-4480-a1f1-d41cc2d38630@group-C6AEA7A4B82B, cid=1911, SUCCESS, logIndex=3239, commits[5d71e5de-6d45-4480-a1f1-d41cc2d38630:c3241]
2019-06-13 13:50:37,388 INFO  client.GrpcClientProtocolClient (GrpcClientProtocolClient.java:onNext(254)) - client-D47EFDF0E133->5d71e5de-6d45-4480-a1f1-d41cc2d38630: receive RaftClientReply:client-D47EFDF0E133->5d71e5de-6d45-4480-a1f1-d41cc2d38630@group-C6AEA7A4B82B, cid=1912, SUCCESS, logIndex=3240, commits[5d71e5de-6d45-4480-a1f1-d41cc2d38630:c3241]
2019-06-13 13:50:37,397 INFO  client.GrpcClientProtocolClient (GrpcClientProtocolClient.java:onNext(254)) - client-D47EFDF0E133->5d71e5de-6d45-4480-a1f1-d41cc2d38630: receive RaftClientReply:client-D47EFDF0E133->5d71e5de-6d45-4480-a1f1-d41cc2d38630@group-C6AEA7A4B82B, cid=1913, SUCCESS, logIndex=3242, commits[5d71e5de-6d45-4480-a1f1-d41cc2d38630:c3242]
2019-06-13 13:50:37,398 INFO  client.GrpcClientProtocolClient (GrpcClientProtocolClient.java:onNext(254)) - client-D47EFDF0E133->5d71e5de-6d45-4480-a1f1-d41cc2d38630: receive RaftClientReply:client-D47EFDF0E133->5d71e5de-6d45-4480-a1f1-d41cc2d38630@group-C6AEA7A4B82B, cid=1914, SUCCESS, logIndex=3244, commits[5d71e5de-6d45-4480-a1f1-d41cc2d38630:c3244]
2019-06-13 13:50:37,399 INFO  client.GrpcClientProtocolClient (GrpcClientProtocolClient.java:onNext(254)) - client-D47EFDF0E133->5d71e5de-6d45-4480-a1f1-d41cc2d38630: receive RaftClientReply:client-D47EFDF0E133->5d71e5de-6d45-4480-a1f1-d41cc2d38630@group-C6AEA7A4B82B, cid=1915, SUCCESS, logIndex=3245, commits[5d71e5de-6d45-4480-a1f1-d41cc2d38630:c3247]
2019-06-13 13:50:37,399 INFO  client.GrpcClientProtocolClient (GrpcClientProtocolClient.java:onNext(254)) - client-D47EFDF0E133->5d71e5de-6d45-4480-a1f1-d41cc2d38630: receive RaftClientReply:client-D47EFDF0E133->5d71e5de-6d45-4480-a1f1-d41cc2d38630@group-C6AEA7A4B82B, cid=1916, SUCCESS, logIndex=3246, commits[5d71e5de-6d45-4480-a1f1-d41cc2d38630:c3247]
2019-06-13 13:50:37,404 INFO  client.GrpcClientProtocolClient (GrpcClientProtocolClient.java:onNext(254)) - client-D47EFDF0E133->5d71e5de-6d45-4480-a1f1-d41cc2d38630: receive RaftClientReply:client-D47EFDF0E133->5d71e5de-6d45-4480-a1f1-d41cc2d38630@group-C6AEA7A4B82B, cid=1917, SUCCESS, logIndex=3248, commits[5d71e5de-6d45-4480-a1f1-d41cc2d38630:c3248]
2019-06-13 13:50:37,405 INFO  client.GrpcClientProtocolClient (GrpcClientProtocolClient.java:onNext(254)) - client-D47EFDF0E133->5d71e5de-6d45-4480-a1f1-d41cc2d38630: receive RaftClientReply:client-D47EFDF0E133->5d71e5de-6d45-4480-a1f1-d41cc2d38630@group-C6AEA7A4B82B, cid=1918, SUCCESS, logIndex=3250, commits[5d71e5de-6d45-4480-a1f1-d41cc2d38630:c3250]
2019-06-13 13:50:37,406 INFO  client.GrpcClientProtocolClient (GrpcClientProtocolClient.java:onNext(254)) - client-D47EFDF0E133->5d71e5de-6d45-4480-a1f1-d41cc2d38630: receive RaftClientReply:client-D47EFDF0E133->5d71e5de-6d45-4480-a1f1-d41cc2d38630@group-C6AEA7A4B82B, cid=1919, SUCCESS, logIndex=3251, commits[5d71e5de-6d45-4480-a1f1-d41cc2d38630:c3253]
2019-06-13 13:50:37,407 INFO  client.GrpcClientProtocolClient (GrpcClientProtocolClient.java:onNext(254)) - client-D47EFDF0E133->5d71e5de-6d45-4480-a1f1-d41cc2d38630: receive RaftClientReply:client-D47EFDF0E133->5d71e5de-6d45-4480-a1f1-d41cc2d38630@group-C6AEA7A4B82B, cid=1920, SUCCESS, logIndex=3252, commits[5d71e5de-6d45-4480-a1f1-d41cc2d38630:c3253]
2019-06-13 13:50:37,419 DEBUG block.SCMBlockDeletingService (SCMBlockDeletingService.java:call(138)) - Running DeletedBlockTransactionScanner
2019-06-13 13:50:37,419 DEBUG block.SCMBlockDeletingService (SCMBlockDeletingService.java:call(155)) - Scanned deleted blocks log and got 0 delTX to process.
2019-06-13 13:50:37,419 INFO  client.GrpcClientProtocolClient (GrpcClientProtocolClient.java:onNext(254)) - client-D47EFDF0E133->5d71e5de-6d45-4480-a1f1-d41cc2d38630: receive RaftClientReply:client-D47EFDF0E133->5d71e5de-6d45-4480-a1f1-d41cc2d38630@group-C6AEA7A4B82B, cid=1921, SUCCESS, logIndex=3254, commits[5d71e5de-6d45-4480-a1f1-d41cc2d38630:c3254]
2019-06-13 13:50:37,421 INFO  client.GrpcClientProtocolClient (GrpcClientProtocolClient.java:onNext(254)) - client-D47EFDF0E133->5d71e5de-6d45-4480-a1f1-d41cc2d38630: receive RaftClientReply:client-D47EFDF0E133->5d71e5de-6d45-4480-a1f1-d41cc2d38630@group-C6AEA7A4B82B, cid=1922, SUCCESS, logIndex=3256, commits[5d71e5de-6d45-4480-a1f1-d41cc2d38630:c3256]
2019-06-13 13:50:37,423 INFO  client.GrpcClientProtocolClient (GrpcClientProtocolClient.java:onNext(254)) - client-D47EFDF0E133->5d71e5de-6d45-4480-a1f1-d41cc2d38630: receive RaftClientReply:client-D47EFDF0E133->5d71e5de-6d45-4480-a1f1-d41cc2d38630@group-C6AEA7A4B82B, cid=1923, SUCCESS, logIndex=3258, commits[5d71e5de-6d45-4480-a1f1-d41cc2d38630:c3259]
2019-06-13 13:50:37,423 INFO  client.GrpcClientProtocolClient (GrpcClientProtocolClient.java:onNext(254)) - client-D47EFDF0E133->5d71e5de-6d45-4480-a1f1-d41cc2d38630: receive RaftClientReply:client-D47EFDF0E133->5d71e5de-6d45-4480-a1f1-d41cc2d38630@group-C6AEA7A4B82B, cid=1924, SUCCESS, logIndex=3259, commits[5d71e5de-6d45-4480-a1f1-d41cc2d38630:c3259]
2019-06-13 13:50:37,428 INFO  client.GrpcClientProtocolClient (GrpcClientProtocolClient.java:onNext(254)) - client-D47EFDF0E133->5d71e5de-6d45-4480-a1f1-d41cc2d38630: receive RaftClientReply:client-D47EFDF0E133->5d71e5de-6d45-4480-a1f1-d41cc2d38630@group-C6AEA7A4B82B, cid=1925, SUCCESS, logIndex=3261, commits[5d71e5de-6d45-4480-a1f1-d41cc2d38630:c3261]
2019-06-13 13:50:37,429 INFO  client.GrpcClientProtocolClient (GrpcClientProtocolClient.java:onNext(254)) - client-D47EFDF0E133->5d71e5de-6d45-4480-a1f1-d41cc2d38630: receive RaftClientReply:client-D47EFDF0E133->5d71e5de-6d45-4480-a1f1-d41cc2d38630@group-C6AEA7A4B82B, cid=1926, SUCCESS, logIndex=3263, commits[5d71e5de-6d45-4480-a1f1-d41cc2d38630:c3263]
2019-06-13 13:50:37,438 INFO  client.GrpcClientProtocolClient (GrpcClientProtocolClient.java:onNext(254)) - client-D47EFDF0E133->5d71e5de-6d45-4480-a1f1-d41cc2d38630: receive RaftClientReply:client-D47EFDF0E133->5d71e5de-6d45-4480-a1f1-d41cc2d38630@group-C6AEA7A4B82B, cid=1927, SUCCESS, logIndex=3265, commits[5d71e5de-6d45-4480-a1f1-d41cc2d38630:c3266]
2019-06-13 13:50:37,439 INFO  client.GrpcClientProtocolClient (GrpcClientProtocolClient.java:onNext(254)) - client-D47EFDF0E133->5d71e5de-6d45-4480-a1f1-d41cc2d38630: receive RaftClientReply:client-D47EFDF0E133->5d71e5de-6d45-4480-a1f1-d41cc2d38630@group-C6AEA7A4B82B, cid=1928, SUCCESS, logIndex=3266, commits[5d71e5de-6d45-4480-a1f1-d41cc2d38630:c3266]
2019-06-13 13:50:37,449 INFO  client.GrpcClientProtocolClient (GrpcClientProtocolClient.java:onNext(254)) - client-D47EFDF0E133->5d71e5de-6d45-4480-a1f1-d41cc2d38630: receive RaftClientReply:client-D47EFDF0E133->5d71e5de-6d45-4480-a1f1-d41cc2d38630@group-C6AEA7A4B82B, cid=1929, SUCCESS, logIndex=3268, commits[5d71e5de-6d45-4480-a1f1-d41cc2d38630:c3269]
2019-06-13 13:50:37,449 INFO  storage.RaftLogWorker (RaftLogWorker.java:rollLogSegment(303)) - 5d71e5de-6d45-4480-a1f1-d41cc2d38630-RaftLogWorker: Rolling segment log-3200_3269 to index:3269
2019-06-13 13:50:37,449 INFO  storage.RaftLogWorker (RaftLogWorker.java:execute(433)) - 5d71e5de-6d45-4480-a1f1-d41cc2d38630-RaftLogWorker: Rolled log segment from /opt/src/hadoop-ozone/integration-test/target/test-dir/MiniOzoneClusterImpl-c05bfa39-b333-4767-bc96-5a78f3430938/datanode-0/data/ratis/3aee30eb-3db1-472a-b851-c6aea7a4b82b/current/log_inprogress_3200 to /opt/src/hadoop-ozone/integration-test/target/test-dir/MiniOzoneClusterImpl-c05bfa39-b333-4767-bc96-5a78f3430938/datanode-0/data/ratis/3aee30eb-3db1-472a-b851-c6aea7a4b82b/current/log_3200-3269
2019-06-13 13:50:37,485 INFO  storage.RaftLogWorker (RaftLogWorker.java:execute(469)) - 5d71e5de-6d45-4480-a1f1-d41cc2d38630-RaftLogWorker: created new log segment /opt/src/hadoop-ozone/integration-test/target/test-dir/MiniOzoneClusterImpl-c05bfa39-b333-4767-bc96-5a78f3430938/datanode-0/data/ratis/3aee30eb-3db1-472a-b851-c6aea7a4b82b/current/log_inprogress_3270
2019-06-13 13:50:37,487 INFO  client.GrpcClientProtocolClient (GrpcClientProtocolClient.java:onNext(254)) - client-D47EFDF0E133->5d71e5de-6d45-4480-a1f1-d41cc2d38630: receive RaftClientReply:client-D47EFDF0E133->5d71e5de-6d45-4480-a1f1-d41cc2d38630@group-C6AEA7A4B82B, cid=1930, SUCCESS, logIndex=3270, commits[5d71e5de-6d45-4480-a1f1-d41cc2d38630:c3272]
2019-06-13 13:50:37,487 INFO  client.GrpcClientProtocolClient (GrpcClientProtocolClient.java:onNext(254)) - client-D47EFDF0E133->5d71e5de-6d45-4480-a1f1-d41cc2d38630: receive RaftClientReply:client-D47EFDF0E133->5d71e5de-6d45-4480-a1f1-d41cc2d38630@group-C6AEA7A4B82B, cid=1931, SUCCESS, logIndex=3271, commits[5d71e5de-6d45-4480-a1f1-d41cc2d38630:c3273]
2019-06-13 13:50:37,487 INFO  client.GrpcClientProtocolClient (GrpcClientProtocolClient.java:onNext(254)) - client-D47EFDF0E133->5d71e5de-6d45-4480-a1f1-d41cc2d38630: receive RaftClientReply:client-D47EFDF0E133->5d71e5de-6d45-4480-a1f1-d41cc2d38630@group-C6AEA7A4B82B, cid=1932, SUCCESS, logIndex=3272, commits[5d71e5de-6d45-4480-a1f1-d41cc2d38630:c3273]
2019-06-13 13:50:37,493 INFO  client.GrpcClientProtocolClient (GrpcClientProtocolClient.java:onNext(254)) - client-D47EFDF0E133->5d71e5de-6d45-4480-a1f1-d41cc2d38630: receive RaftClientReply:client-D47EFDF0E133->5d71e5de-6d45-4480-a1f1-d41cc2d38630@group-C6AEA7A4B82B, cid=1933, SUCCESS, logIndex=3274, commits[5d71e5de-6d45-4480-a1f1-d41cc2d38630:c3274]
2019-06-13 13:50:37,495 INFO  client.GrpcClientProtocolClient (GrpcClientProtocolClient.java:onNext(254)) - client-D47EFDF0E133->5d71e5de-6d45-4480-a1f1-d41cc2d38630: receive RaftClientReply:client-D47EFDF0E133->5d71e5de-6d45-4480-a1f1-d41cc2d38630@group-C6AEA7A4B82B, cid=1934, SUCCESS, logIndex=3276, commits[5d71e5de-6d45-4480-a1f1-d41cc2d38630:c3276]
2019-06-13 13:50:37,495 INFO  client.GrpcClientProtocolClient (GrpcClientProtocolClient.java:onNext(254)) - client-D47EFDF0E133->5d71e5de-6d45-4480-a1f1-d41cc2d38630: receive RaftClientReply:client-D47EFDF0E133->5d71e5de-6d45-4480-a1f1-d41cc2d38630@group-C6AEA7A4B82B, cid=1935, SUCCESS, logIndex=3277, commits[5d71e5de-6d45-4480-a1f1-d41cc2d38630:c3278]
2019-06-13 13:50:37,495 INFO  client.GrpcClientProtocolClient (GrpcClientProtocolClient.java:onNext(254)) - client-D47EFDF0E133->5d71e5de-6d45-4480-a1f1-d41cc2d38630: receive RaftClientReply:client-D47EFDF0E133->5d71e5de-6d45-4480-a1f1-d41cc2d38630@group-C6AEA7A4B82B, cid=1936, SUCCESS, logIndex=3278, commits[5d71e5de-6d45-4480-a1f1-d41cc2d38630:c3278]
2019-06-13 13:50:37,504 INFO  client.GrpcClientProtocolClient (GrpcClientProtocolClient.java:onNext(254)) - client-D47EFDF0E133->5d71e5de-6d45-4480-a1f1-d41cc2d38630: receive RaftClientReply:client-D47EFDF0E133->5d71e5de-6d45-4480-a1f1-d41cc2d38630@group-C6AEA7A4B82B, cid=1937, SUCCESS, logIndex=3281, commits[5d71e5de-6d45-4480-a1f1-d41cc2d38630:c3281]
2019-06-13 13:50:37,505 INFO  client.GrpcClientProtocolClient (GrpcClientProtocolClient.java:onNext(254)) - client-D47EFDF0E133->5d71e5de-6d45-4480-a1f1-d41cc2d38630: receive RaftClientReply:client-D47EFDF0E133->5d71e5de-6d45-4480-a1f1-d41cc2d38630@group-C6AEA7A4B82B, cid=1938, SUCCESS, logIndex=3283, commits[5d71e5de-6d45-4480-a1f1-d41cc2d38630:c3283]
2019-06-13 13:50:37,507 INFO  client.GrpcClientProtocolClient (GrpcClientProtocolClient.java:onNext(254)) - client-D47EFDF0E133->5d71e5de-6d45-4480-a1f1-d41cc2d38630: receive RaftClientReply:client-D47EFDF0E133->5d71e5de-6d45-4480-a1f1-d41cc2d38630@group-C6AEA7A4B82B, cid=1939, SUCCESS, logIndex=3284, commits[5d71e5de-6d45-4480-a1f1-d41cc2d38630:c3286]
2019-06-13 13:50:37,507 INFO  client.GrpcClientProtocolClient (GrpcClientProtocolClient.java:onNext(254)) - client-D47EFDF0E133->5d71e5de-6d45-4480-a1f1-d41cc2d38630: receive RaftClientReply:client-D47EFDF0E133->5d71e5de-6d45-4480-a1f1-d41cc2d38630@group-C6AEA7A4B82B, cid=1940, SUCCESS, logIndex=3285, commits[5d71e5de-6d45-4480-a1f1-d41cc2d38630:c3286]
2019-06-13 13:50:37,514 INFO  client.GrpcClientProtocolClient (GrpcClientProtocolClient.java:onNext(254)) - client-D47EFDF0E133->5d71e5de-6d45-4480-a1f1-d41cc2d38630: receive RaftClientReply:client-D47EFDF0E133->5d71e5de-6d45-4480-a1f1-d41cc2d38630@group-C6AEA7A4B82B, cid=1941, SUCCESS, logIndex=3287, commits[5d71e5de-6d45-4480-a1f1-d41cc2d38630:c3287]
2019-06-13 13:50:37,515 INFO  client.GrpcClientProtocolClient (GrpcClientProtocolClient.java:onNext(254)) - client-D47EFDF0E133->5d71e5de-6d45-4480-a1f1-d41cc2d38630: receive RaftClientReply:client-D47EFDF0E133->5d71e5de-6d45-4480-a1f1-d41cc2d38630@group-C6AEA7A4B82B, cid=1942, SUCCESS, logIndex=3289, commits[5d71e5de-6d45-4480-a1f1-d41cc2d38630:c3289]
2019-06-13 13:50:37,516 INFO  client.GrpcClientProtocolClient (GrpcClientProtocolClient.java:onNext(254)) - client-D47EFDF0E133->5d71e5de-6d45-4480-a1f1-d41cc2d38630: receive RaftClientReply:client-D47EFDF0E133->5d71e5de-6d45-4480-a1f1-d41cc2d38630@group-C6AEA7A4B82B, cid=1943, SUCCESS, logIndex=3290, commits[5d71e5de-6d45-4480-a1f1-d41cc2d38630:c3291]
2019-06-13 13:50:37,517 INFO  client.GrpcClientProtocolClient (GrpcClientProtocolClient.java:onNext(254)) - client-D47EFDF0E133->5d71e5de-6d45-4480-a1f1-d41cc2d38630: receive RaftClientReply:client-D47EFDF0E133->5d71e5de-6d45-4480-a1f1-d41cc2d38630@group-C6AEA7A4B82B, cid=1944, SUCCESS, logIndex=3291, commits[5d71e5de-6d45-4480-a1f1-d41cc2d38630:c3291]
2019-06-13 13:50:37,521 DEBUG block.SCMBlockDeletingService (SCMBlockDeletingService.java:call(138)) - Running DeletedBlockTransactionScanner
2019-06-13 13:50:37,521 DEBUG block.SCMBlockDeletingService (SCMBlockDeletingService.java:call(155)) - Scanned deleted blocks log and got 0 delTX to process.
2019-06-13 13:50:37,622 DEBUG block.SCMBlockDeletingService (SCMBlockDeletingService.java:call(138)) - Running DeletedBlockTransactionScanner
2019-06-13 13:50:37,622 DEBUG block.SCMBlockDeletingService (SCMBlockDeletingService.java:call(155)) - Scanned deleted blocks log and got 0 delTX to process.
2019-06-13 13:50:37,651 INFO  client.GrpcClientProtocolClient (GrpcClientProtocolClient.java:onNext(254)) - client-D47EFDF0E133->5d71e5de-6d45-4480-a1f1-d41cc2d38630: receive RaftClientReply:client-D47EFDF0E133->5d71e5de-6d45-4480-a1f1-d41cc2d38630@group-C6AEA7A4B82B, cid=1945, SUCCESS, logIndex=3294, commits[5d71e5de-6d45-4480-a1f1-d41cc2d38630:c3294]
2019-06-13 13:50:37,652 INFO  client.GrpcClientProtocolClient (GrpcClientProtocolClient.java:onNext(254)) - client-D47EFDF0E133->5d71e5de-6d45-4480-a1f1-d41cc2d38630: receive RaftClientReply:client-D47EFDF0E133->5d71e5de-6d45-4480-a1f1-d41cc2d38630@group-C6AEA7A4B82B, cid=1946, SUCCESS, logIndex=3296, commits[5d71e5de-6d45-4480-a1f1-d41cc2d38630:c3296]
2019-06-13 13:50:37,653 INFO  client.GrpcClientProtocolClient (GrpcClientProtocolClient.java:onNext(254)) - client-D47EFDF0E133->5d71e5de-6d45-4480-a1f1-d41cc2d38630: receive RaftClientReply:client-D47EFDF0E133->5d71e5de-6d45-4480-a1f1-d41cc2d38630@group-C6AEA7A4B82B, cid=1947, SUCCESS, logIndex=3297, commits[5d71e5de-6d45-4480-a1f1-d41cc2d38630:c3299]
2019-06-13 13:50:37,653 INFO  client.GrpcClientProtocolClient (GrpcClientProtocolClient.java:onNext(254)) - client-D47EFDF0E133->5d71e5de-6d45-4480-a1f1-d41cc2d38630: receive RaftClientReply:client-D47EFDF0E133->5d71e5de-6d45-4480-a1f1-d41cc2d38630@group-C6AEA7A4B82B, cid=1948, SUCCESS, logIndex=3298, commits[5d71e5de-6d45-4480-a1f1-d41cc2d38630:c3299]
2019-06-13 13:50:37,658 INFO  client.GrpcClientProtocolClient (GrpcClientProtocolClient.java:onNext(254)) - client-D47EFDF0E133->5d71e5de-6d45-4480-a1f1-d41cc2d38630: receive RaftClientReply:client-D47EFDF0E133->5d71e5de-6d45-4480-a1f1-d41cc2d38630@group-C6AEA7A4B82B, cid=1949, SUCCESS, logIndex=3300, commits[5d71e5de-6d45-4480-a1f1-d41cc2d38630:c3300]
2019-06-13 13:50:37,660 INFO  client.GrpcClientProtocolClient (GrpcClientProtocolClient.java:onNext(254)) - client-D47EFDF0E133->5d71e5de-6d45-4480-a1f1-d41cc2d38630: receive RaftClientReply:client-D47EFDF0E133->5d71e5de-6d45-4480-a1f1-d41cc2d38630@group-C6AEA7A4B82B, cid=1950, SUCCESS, logIndex=3302, commits[5d71e5de-6d45-4480-a1f1-d41cc2d38630:c3302]
2019-06-13 13:50:37,661 INFO  client.GrpcClientProtocolClient (GrpcClientProtocolClient.java:onNext(254)) - client-D47EFDF0E133->5d71e5de-6d45-4480-a1f1-d41cc2d38630: receive RaftClientReply:client-D47EFDF0E133->5d71e5de-6d45-4480-a1f1-d41cc2d38630@group-C6AEA7A4B82B, cid=1951, SUCCESS, logIndex=3303, commits[5d71e5de-6d45-4480-a1f1-d41cc2d38630:c3305]
2019-06-13 13:50:37,662 INFO  client.GrpcClientProtocolClient (GrpcClientProtocolClient.java:onNext(254)) - client-D47EFDF0E133->5d71e5de-6d45-4480-a1f1-d41cc2d38630: receive RaftClientReply:client-D47EFDF0E133->5d71e5de-6d45-4480-a1f1-d41cc2d38630@group-C6AEA7A4B82B, cid=1952, SUCCESS, logIndex=3304, commits[5d71e5de-6d45-4480-a1f1-d41cc2d38630:c3305]
2019-06-13 13:50:37,671 INFO  client.GrpcClientProtocolClient (GrpcClientProtocolClient.java:onNext(254)) - client-D47EFDF0E133->5d71e5de-6d45-4480-a1f1-d41cc2d38630: receive RaftClientReply:client-D47EFDF0E133->5d71e5de-6d45-4480-a1f1-d41cc2d38630@group-C6AEA7A4B82B, cid=1953, SUCCESS, logIndex=3306, commits[5d71e5de-6d45-4480-a1f1-d41cc2d38630:c3306]
2019-06-13 13:50:37,672 INFO  client.GrpcClientProtocolClient (GrpcClientProtocolClient.java:onNext(254)) - client-D47EFDF0E133->5d71e5de-6d45-4480-a1f1-d41cc2d38630: receive RaftClientReply:client-D47EFDF0E133->5d71e5de-6d45-4480-a1f1-d41cc2d38630@group-C6AEA7A4B82B, cid=1954, SUCCESS, logIndex=3308, commits[5d71e5de-6d45-4480-a1f1-d41cc2d38630:c3308]
2019-06-13 13:50:37,673 INFO  client.GrpcClientProtocolClient (GrpcClientProtocolClient.java:onNext(254)) - client-D47EFDF0E133->5d71e5de-6d45-4480-a1f1-d41cc2d38630: receive RaftClientReply:client-D47EFDF0E133->5d71e5de-6d45-4480-a1f1-d41cc2d38630@group-C6AEA7A4B82B, cid=1955, SUCCESS, logIndex=3309, commits[5d71e5de-6d45-4480-a1f1-d41cc2d38630:c3311]
2019-06-13 13:50:37,673 INFO  client.GrpcClientProtocolClient (GrpcClientProtocolClient.java:onNext(254)) - client-D47EFDF0E133->5d71e5de-6d45-4480-a1f1-d41cc2d38630: receive RaftClientReply:client-D47EFDF0E133->5d71e5de-6d45-4480-a1f1-d41cc2d38630@group-C6AEA7A4B82B, cid=1956, SUCCESS, logIndex=3310, commits[5d71e5de-6d45-4480-a1f1-d41cc2d38630:c3311]
2019-06-13 13:50:37,678 INFO  client.GrpcClientProtocolClient (GrpcClientProtocolClient.java:onNext(254)) - client-D47EFDF0E133->5d71e5de-6d45-4480-a1f1-d41cc2d38630: receive RaftClientReply:client-D47EFDF0E133->5d71e5de-6d45-4480-a1f1-d41cc2d38630@group-C6AEA7A4B82B, cid=1957, SUCCESS, logIndex=3312, commits[5d71e5de-6d45-4480-a1f1-d41cc2d38630:c3312]
2019-06-13 13:50:37,680 INFO  client.GrpcClientProtocolClient (GrpcClientProtocolClient.java:onNext(254)) - client-D47EFDF0E133->5d71e5de-6d45-4480-a1f1-d41cc2d38630: receive RaftClientReply:client-D47EFDF0E133->5d71e5de-6d45-4480-a1f1-d41cc2d38630@group-C6AEA7A4B82B, cid=1958, SUCCESS, logIndex=3314, commits[5d71e5de-6d45-4480-a1f1-d41cc2d38630:c3314]
2019-06-13 13:50:37,682 INFO  client.GrpcClientProtocolClient (GrpcClientProtocolClient.java:onNext(254)) - client-D47EFDF0E133->5d71e5de-6d45-4480-a1f1-d41cc2d38630: receive RaftClientReply:client-D47EFDF0E133->5d71e5de-6d45-4480-a1f1-d41cc2d38630@group-C6AEA7A4B82B, cid=1959, SUCCESS, logIndex=3316, commits[5d71e5de-6d45-4480-a1f1-d41cc2d38630:c3316]
2019-06-13 13:50:37,683 INFO  client.GrpcClientProtocolClient (GrpcClientProtocolClient.java:onNext(254)) - client-D47EFDF0E133->5d71e5de-6d45-4480-a1f1-d41cc2d38630: receive RaftClientReply:client-D47EFDF0E133->5d71e5de-6d45-4480-a1f1-d41cc2d38630@group-C6AEA7A4B82B, cid=1960, SUCCESS, logIndex=3318, commits[5d71e5de-6d45-4480-a1f1-d41cc2d38630:c3318]
2019-06-13 13:50:37,691 INFO  client.GrpcClientProtocolClient (GrpcClientProtocolClient.java:onNext(254)) - client-D47EFDF0E133->5d71e5de-6d45-4480-a1f1-d41cc2d38630: receive RaftClientReply:client-D47EFDF0E133->5d71e5de-6d45-4480-a1f1-d41cc2d38630@group-C6AEA7A4B82B, cid=1961, SUCCESS, logIndex=3320, commits[5d71e5de-6d45-4480-a1f1-d41cc2d38630:c3320]
2019-06-13 13:50:37,692 INFO  client.GrpcClientProtocolClient (GrpcClientProtocolClient.java:onNext(254)) - client-D47EFDF0E133->5d71e5de-6d45-4480-a1f1-d41cc2d38630: receive RaftClientReply:client-D47EFDF0E133->5d71e5de-6d45-4480-a1f1-d41cc2d38630@group-C6AEA7A4B82B, cid=1962, SUCCESS, logIndex=3322, commits[5d71e5de-6d45-4480-a1f1-d41cc2d38630:c3322]
2019-06-13 13:50:37,694 INFO  client.GrpcClientProtocolClient (GrpcClientProtocolClient.java:onNext(254)) - client-D47EFDF0E133->5d71e5de-6d45-4480-a1f1-d41cc2d38630: receive RaftClientReply:client-D47EFDF0E133->5d71e5de-6d45-4480-a1f1-d41cc2d38630@group-C6AEA7A4B82B, cid=1963, SUCCESS, logIndex=3323, commits[5d71e5de-6d45-4480-a1f1-d41cc2d38630:c3325]
2019-06-13 13:50:37,694 INFO  client.GrpcClientProtocolClient (GrpcClientProtocolClient.java:onNext(254)) - client-D47EFDF0E133->5d71e5de-6d45-4480-a1f1-d41cc2d38630: receive RaftClientReply:client-D47EFDF0E133->5d71e5de-6d45-4480-a1f1-d41cc2d38630@group-C6AEA7A4B82B, cid=1964, SUCCESS, logIndex=3324, commits[5d71e5de-6d45-4480-a1f1-d41cc2d38630:c3325]
2019-06-13 13:50:37,699 INFO  client.GrpcClientProtocolClient (GrpcClientProtocolClient.java:onNext(254)) - client-D47EFDF0E133->5d71e5de-6d45-4480-a1f1-d41cc2d38630: receive RaftClientReply:client-D47EFDF0E133->5d71e5de-6d45-4480-a1f1-d41cc2d38630@group-C6AEA7A4B82B, cid=1965, SUCCESS, logIndex=3326, commits[5d71e5de-6d45-4480-a1f1-d41cc2d38630:c3326]
2019-06-13 13:50:37,702 INFO  client.GrpcClientProtocolClient (GrpcClientProtocolClient.java:onNext(254)) - client-D47EFDF0E133->5d71e5de-6d45-4480-a1f1-d41cc2d38630: receive RaftClientReply:client-D47EFDF0E133->5d71e5de-6d45-4480-a1f1-d41cc2d38630@group-C6AEA7A4B82B, cid=1966, SUCCESS, logIndex=3328, commits[5d71e5de-6d45-4480-a1f1-d41cc2d38630:c3328]
2019-06-13 13:50:37,702 INFO  client.GrpcClientProtocolClient (GrpcClientProtocolClient.java:onNext(254)) - client-D47EFDF0E133->5d71e5de-6d45-4480-a1f1-d41cc2d38630: receive RaftClientReply:client-D47EFDF0E133->5d71e5de-6d45-4480-a1f1-d41cc2d38630@group-C6AEA7A4B82B, cid=1967, SUCCESS, logIndex=3329, commits[5d71e5de-6d45-4480-a1f1-d41cc2d38630:c3331]
2019-06-13 13:50:37,702 INFO  client.GrpcClientProtocolClient (GrpcClientProtocolClient.java:onNext(254)) - client-D47EFDF0E133->5d71e5de-6d45-4480-a1f1-d41cc2d38630: receive RaftClientReply:client-D47EFDF0E133->5d71e5de-6d45-4480-a1f1-d41cc2d38630@group-C6AEA7A4B82B, cid=1968, SUCCESS, logIndex=3330, commits[5d71e5de-6d45-4480-a1f1-d41cc2d38630:c3331]
2019-06-13 13:50:37,710 INFO  client.GrpcClientProtocolClient (GrpcClientProtocolClient.java:onNext(254)) - client-D47EFDF0E133->5d71e5de-6d45-4480-a1f1-d41cc2d38630: receive RaftClientReply:client-D47EFDF0E133->5d71e5de-6d45-4480-a1f1-d41cc2d38630@group-C6AEA7A4B82B, cid=1969, SUCCESS, logIndex=3332, commits[5d71e5de-6d45-4480-a1f1-d41cc2d38630:c3332]
2019-06-13 13:50:37,712 INFO  client.GrpcClientProtocolClient (GrpcClientProtocolClient.java:onNext(254)) - client-D47EFDF0E133->5d71e5de-6d45-4480-a1f1-d41cc2d38630: receive RaftClientReply:client-D47EFDF0E133->5d71e5de-6d45-4480-a1f1-d41cc2d38630@group-C6AEA7A4B82B, cid=1970, SUCCESS, logIndex=3334, commits[5d71e5de-6d45-4480-a1f1-d41cc2d38630:c3334]
2019-06-13 13:50:37,713 INFO  client.GrpcClientProtocolClient (GrpcClientProtocolClient.java:onNext(254)) - client-D47EFDF0E133->5d71e5de-6d45-4480-a1f1-d41cc2d38630: receive RaftClientReply:client-D47EFDF0E133->5d71e5de-6d45-4480-a1f1-d41cc2d38630@group-C6AEA7A4B82B, cid=1971, SUCCESS, logIndex=3335, commits[5d71e5de-6d45-4480-a1f1-d41cc2d38630:c3337]
2019-06-13 13:50:37,713 INFO  client.GrpcClientProtocolClient (GrpcClientProtocolClient.java:onNext(254)) - client-D47EFDF0E133->5d71e5de-6d45-4480-a1f1-d41cc2d38630: receive RaftClientReply:client-D47EFDF0E133->5d71e5de-6d45-4480-a1f1-d41cc2d38630@group-C6AEA7A4B82B, cid=1972, SUCCESS, logIndex=3336, commits[5d71e5de-6d45-4480-a1f1-d41cc2d38630:c3337]
2019-06-13 13:50:37,718 INFO  storage.RaftLogWorker (RaftLogWorker.java:rollLogSegment(303)) - 5d71e5de-6d45-4480-a1f1-d41cc2d38630-RaftLogWorker: Rolling segment log-3270_3339 to index:3339
2019-06-13 13:50:37,718 INFO  client.GrpcClientProtocolClient (GrpcClientProtocolClient.java:onNext(254)) - client-D47EFDF0E133->5d71e5de-6d45-4480-a1f1-d41cc2d38630: receive RaftClientReply:client-D47EFDF0E133->5d71e5de-6d45-4480-a1f1-d41cc2d38630@group-C6AEA7A4B82B, cid=1973, SUCCESS, logIndex=3338, commits[5d71e5de-6d45-4480-a1f1-d41cc2d38630:c3338]
2019-06-13 13:50:37,719 INFO  storage.RaftLogWorker (RaftLogWorker.java:execute(433)) - 5d71e5de-6d45-4480-a1f1-d41cc2d38630-RaftLogWorker: Rolled log segment from /opt/src/hadoop-ozone/integration-test/target/test-dir/MiniOzoneClusterImpl-c05bfa39-b333-4767-bc96-5a78f3430938/datanode-0/data/ratis/3aee30eb-3db1-472a-b851-c6aea7a4b82b/current/log_inprogress_3270 to /opt/src/hadoop-ozone/integration-test/target/test-dir/MiniOzoneClusterImpl-c05bfa39-b333-4767-bc96-5a78f3430938/datanode-0/data/ratis/3aee30eb-3db1-472a-b851-c6aea7a4b82b/current/log_3270-3339
2019-06-13 13:50:37,722 DEBUG block.SCMBlockDeletingService (SCMBlockDeletingService.java:call(138)) - Running DeletedBlockTransactionScanner
2019-06-13 13:50:37,722 DEBUG block.SCMBlockDeletingService (SCMBlockDeletingService.java:call(155)) - Scanned deleted blocks log and got 0 delTX to process.
2019-06-13 13:50:37,755 INFO  storage.RaftLogWorker (RaftLogWorker.java:execute(469)) - 5d71e5de-6d45-4480-a1f1-d41cc2d38630-RaftLogWorker: created new log segment /opt/src/hadoop-ozone/integration-test/target/test-dir/MiniOzoneClusterImpl-c05bfa39-b333-4767-bc96-5a78f3430938/datanode-0/data/ratis/3aee30eb-3db1-472a-b851-c6aea7a4b82b/current/log_inprogress_3340
2019-06-13 13:50:37,756 INFO  client.GrpcClientProtocolClient (GrpcClientProtocolClient.java:onNext(254)) - client-D47EFDF0E133->5d71e5de-6d45-4480-a1f1-d41cc2d38630: receive RaftClientReply:client-D47EFDF0E133->5d71e5de-6d45-4480-a1f1-d41cc2d38630@group-C6AEA7A4B82B, cid=1974, SUCCESS, logIndex=3340, commits[5d71e5de-6d45-4480-a1f1-d41cc2d38630:c3342]
2019-06-13 13:50:37,757 INFO  client.GrpcClientProtocolClient (GrpcClientProtocolClient.java:onNext(254)) - client-D47EFDF0E133->5d71e5de-6d45-4480-a1f1-d41cc2d38630: receive RaftClientReply:client-D47EFDF0E133->5d71e5de-6d45-4480-a1f1-d41cc2d38630@group-C6AEA7A4B82B, cid=1975, SUCCESS, logIndex=3341, commits[5d71e5de-6d45-4480-a1f1-d41cc2d38630:c3342]
2019-06-13 13:50:37,757 INFO  client.GrpcClientProtocolClient (GrpcClientProtocolClient.java:onNext(254)) - client-D47EFDF0E133->5d71e5de-6d45-4480-a1f1-d41cc2d38630: receive RaftClientReply:client-D47EFDF0E133->5d71e5de-6d45-4480-a1f1-d41cc2d38630@group-C6AEA7A4B82B, cid=1976, SUCCESS, logIndex=3342, commits[5d71e5de-6d45-4480-a1f1-d41cc2d38630:c3343]
2019-06-13 13:50:37,766 INFO  client.GrpcClientProtocolClient (GrpcClientProtocolClient.java:onNext(254)) - client-D47EFDF0E133->5d71e5de-6d45-4480-a1f1-d41cc2d38630: receive RaftClientReply:client-D47EFDF0E133->5d71e5de-6d45-4480-a1f1-d41cc2d38630@group-C6AEA7A4B82B, cid=1977, SUCCESS, logIndex=3344, commits[5d71e5de-6d45-4480-a1f1-d41cc2d38630:c3344]
2019-06-13 13:50:37,767 INFO  client.GrpcClientProtocolClient (GrpcClientProtocolClient.java:onNext(254)) - client-D47EFDF0E133->5d71e5de-6d45-4480-a1f1-d41cc2d38630: receive RaftClientReply:client-D47EFDF0E133->5d71e5de-6d45-4480-a1f1-d41cc2d38630@group-C6AEA7A4B82B, cid=1978, SUCCESS, logIndex=3346, commits[5d71e5de-6d45-4480-a1f1-d41cc2d38630:c3346]
2019-06-13 13:50:37,768 INFO  client.GrpcClientProtocolClient (GrpcClientProtocolClient.java:onNext(254)) - client-D47EFDF0E133->5d71e5de-6d45-4480-a1f1-d41cc2d38630: receive RaftClientReply:client-D47EFDF0E133->5d71e5de-6d45-4480-a1f1-d41cc2d38630@group-C6AEA7A4B82B, cid=1979, SUCCESS, logIndex=3347, commits[5d71e5de-6d45-4480-a1f1-d41cc2d38630:c3349]
2019-06-13 13:50:37,768 INFO  client.GrpcClientProtocolClient (GrpcClientProtocolClient.java:onNext(254)) - client-D47EFDF0E133->5d71e5de-6d45-4480-a1f1-d41cc2d38630: receive RaftClientReply:client-D47EFDF0E133->5d71e5de-6d45-4480-a1f1-d41cc2d38630@group-C6AEA7A4B82B, cid=1980, SUCCESS, logIndex=3348, commits[5d71e5de-6d45-4480-a1f1-d41cc2d38630:c3349]
2019-06-13 13:50:37,773 INFO  client.GrpcClientProtocolClient (GrpcClientProtocolClient.java:onNext(254)) - client-D47EFDF0E133->5d71e5de-6d45-4480-a1f1-d41cc2d38630: receive RaftClientReply:client-D47EFDF0E133->5d71e5de-6d45-4480-a1f1-d41cc2d38630@group-C6AEA7A4B82B, cid=1981, SUCCESS, logIndex=3350, commits[5d71e5de-6d45-4480-a1f1-d41cc2d38630:c3350]
2019-06-13 13:50:37,775 INFO  client.GrpcClientProtocolClient (GrpcClientProtocolClient.java:onNext(254)) - client-D47EFDF0E133->5d71e5de-6d45-4480-a1f1-d41cc2d38630: receive RaftClientReply:client-D47EFDF0E133->5d71e5de-6d45-4480-a1f1-d41cc2d38630@group-C6AEA7A4B82B, cid=1982, SUCCESS, logIndex=3352, commits[5d71e5de-6d45-4480-a1f1-d41cc2d38630:c3352]
2019-06-13 13:50:37,776 INFO  client.GrpcClientProtocolClient (GrpcClientProtocolClient.java:onNext(254)) - client-D47EFDF0E133->5d71e5de-6d45-4480-a1f1-d41cc2d38630: receive RaftClientReply:client-D47EFDF0E133->5d71e5de-6d45-4480-a1f1-d41cc2d38630@group-C6AEA7A4B82B, cid=1983, SUCCESS, logIndex=3353, commits[5d71e5de-6d45-4480-a1f1-d41cc2d38630:c3355]
2019-06-13 13:50:37,776 INFO  client.GrpcClientProtocolClient (GrpcClientProtocolClient.java:onNext(254)) - client-D47EFDF0E133->5d71e5de-6d45-4480-a1f1-d41cc2d38630: receive RaftClientReply:client-D47EFDF0E133->5d71e5de-6d45-4480-a1f1-d41cc2d38630@group-C6AEA7A4B82B, cid=1984, SUCCESS, logIndex=3354, commits[5d71e5de-6d45-4480-a1f1-d41cc2d38630:c3355]
2019-06-13 13:50:37,784 INFO  client.GrpcClientProtocolClient (GrpcClientProtocolClient.java:onNext(254)) - client-D47EFDF0E133->5d71e5de-6d45-4480-a1f1-d41cc2d38630: receive RaftClientReply:client-D47EFDF0E133->5d71e5de-6d45-4480-a1f1-d41cc2d38630@group-C6AEA7A4B82B, cid=1985, SUCCESS, logIndex=3356, commits[5d71e5de-6d45-4480-a1f1-d41cc2d38630:c3356]
2019-06-13 13:50:37,786 INFO  client.GrpcClientProtocolClient (GrpcClientProtocolClient.java:onNext(254)) - client-D47EFDF0E133->5d71e5de-6d45-4480-a1f1-d41cc2d38630: receive RaftClientReply:client-D47EFDF0E133->5d71e5de-6d45-4480-a1f1-d41cc2d38630@group-C6AEA7A4B82B, cid=1986, SUCCESS, logIndex=3358, commits[5d71e5de-6d45-4480-a1f1-d41cc2d38630:c3358]
2019-06-13 13:50:37,787 INFO  client.GrpcClientProtocolClient (GrpcClientProtocolClient.java:onNext(254)) - client-D47EFDF0E133->5d71e5de-6d45-4480-a1f1-d41cc2d38630: receive RaftClientReply:client-D47EFDF0E133->5d71e5de-6d45-4480-a1f1-d41cc2d38630@group-C6AEA7A4B82B, cid=1987, SUCCESS, logIndex=3359, commits[5d71e5de-6d45-4480-a1f1-d41cc2d38630:c3361]
2019-06-13 13:50:37,787 INFO  client.GrpcClientProtocolClient (GrpcClientProtocolClient.java:onNext(254)) - client-D47EFDF0E133->5d71e5de-6d45-4480-a1f1-d41cc2d38630: receive RaftClientReply:client-D47EFDF0E133->5d71e5de-6d45-4480-a1f1-d41cc2d38630@group-C6AEA7A4B82B, cid=1988, SUCCESS, logIndex=3360, commits[5d71e5de-6d45-4480-a1f1-d41cc2d38630:c3361]
2019-06-13 13:50:37,822 DEBUG block.SCMBlockDeletingService (SCMBlockDeletingService.java:call(138)) - Running DeletedBlockTransactionScanner
2019-06-13 13:50:37,823 DEBUG block.SCMBlockDeletingService (SCMBlockDeletingService.java:call(155)) - Scanned deleted blocks log and got 0 delTX to process.
2019-06-13 13:50:37,858 INFO  client.GrpcClientProtocolClient (GrpcClientProtocolClient.java:onNext(254)) - client-D47EFDF0E133->5d71e5de-6d45-4480-a1f1-d41cc2d38630: receive RaftClientReply:client-D47EFDF0E133->5d71e5de-6d45-4480-a1f1-d41cc2d38630@group-C6AEA7A4B82B, cid=1989, SUCCESS, logIndex=3362, commits[5d71e5de-6d45-4480-a1f1-d41cc2d38630:c3362]
2019-06-13 13:50:37,860 INFO  client.GrpcClientProtocolClient (GrpcClientProtocolClient.java:onNext(254)) - client-D47EFDF0E133->5d71e5de-6d45-4480-a1f1-d41cc2d38630: receive RaftClientReply:client-D47EFDF0E133->5d71e5de-6d45-4480-a1f1-d41cc2d38630@group-C6AEA7A4B82B, cid=1990, SUCCESS, logIndex=3364, commits[5d71e5de-6d45-4480-a1f1-d41cc2d38630:c3364]
2019-06-13 13:50:37,861 INFO  client.GrpcClientProtocolClient (GrpcClientProtocolClient.java:onNext(254)) - client-D47EFDF0E133->5d71e5de-6d45-4480-a1f1-d41cc2d38630: receive RaftClientReply:client-D47EFDF0E133->5d71e5de-6d45-4480-a1f1-d41cc2d38630@group-C6AEA7A4B82B, cid=1991, SUCCESS, logIndex=3365, commits[5d71e5de-6d45-4480-a1f1-d41cc2d38630:c3367]
2019-06-13 13:50:37,861 INFO  client.GrpcClientProtocolClient (GrpcClientProtocolClient.java:onNext(254)) - client-D47EFDF0E133->5d71e5de-6d45-4480-a1f1-d41cc2d38630: receive RaftClientReply:client-D47EFDF0E133->5d71e5de-6d45-4480-a1f1-d41cc2d38630@group-C6AEA7A4B82B, cid=1992, SUCCESS, logIndex=3366, commits[5d71e5de-6d45-4480-a1f1-d41cc2d38630:c3367]
2019-06-13 13:50:37,869 INFO  client.GrpcClientProtocolClient (GrpcClientProtocolClient.java:onNext(254)) - client-D47EFDF0E133->5d71e5de-6d45-4480-a1f1-d41cc2d38630: receive RaftClientReply:client-D47EFDF0E133->5d71e5de-6d45-4480-a1f1-d41cc2d38630@group-C6AEA7A4B82B, cid=1993, SUCCESS, logIndex=3368, commits[5d71e5de-6d45-4480-a1f1-d41cc2d38630:c3368]
2019-06-13 13:50:37,870 INFO  client.GrpcClientProtocolClient (GrpcClientProtocolClient.java:onNext(254)) - client-D47EFDF0E133->5d71e5de-6d45-4480-a1f1-d41cc2d38630: receive RaftClientReply:client-D47EFDF0E133->5d71e5de-6d45-4480-a1f1-d41cc2d38630@group-C6AEA7A4B82B, cid=1994, SUCCESS, logIndex=3370, commits[5d71e5de-6d45-4480-a1f1-d41cc2d38630:c3370]
2019-06-13 13:50:37,872 INFO  client.GrpcClientProtocolClient (GrpcClientProtocolClient.java:onNext(254)) - client-D47EFDF0E133->5d71e5de-6d45-4480-a1f1-d41cc2d38630: receive RaftClientReply:client-D47EFDF0E133->5d71e5de-6d45-4480-a1f1-d41cc2d38630@group-C6AEA7A4B82B, cid=1995, SUCCESS, logIndex=3371, commits[5d71e5de-6d45-4480-a1f1-d41cc2d38630:c3373]
2019-06-13 13:50:37,872 INFO  client.GrpcClientProtocolClient (GrpcClientProtocolClient.java:onNext(254)) - client-D47EFDF0E133->5d71e5de-6d45-4480-a1f1-d41cc2d38630: receive RaftClientReply:client-D47EFDF0E133->5d71e5de-6d45-4480-a1f1-d41cc2d38630@group-C6AEA7A4B82B, cid=1996, SUCCESS, logIndex=3372, commits[5d71e5de-6d45-4480-a1f1-d41cc2d38630:c3373]
2019-06-13 13:50:37,877 INFO  client.GrpcClientProtocolClient (GrpcClientProtocolClient.java:onNext(254)) - client-D47EFDF0E133->5d71e5de-6d45-4480-a1f1-d41cc2d38630: receive RaftClientReply:client-D47EFDF0E133->5d71e5de-6d45-4480-a1f1-d41cc2d38630@group-C6AEA7A4B82B, cid=1997, SUCCESS, logIndex=3374, commits[5d71e5de-6d45-4480-a1f1-d41cc2d38630:c3374]
2019-06-13 13:50:37,878 INFO  client.GrpcClientProtocolClient (GrpcClientProtocolClient.java:onNext(254)) - client-D47EFDF0E133->5d71e5de-6d45-4480-a1f1-d41cc2d38630: receive RaftClientReply:client-D47EFDF0E133->5d71e5de-6d45-4480-a1f1-d41cc2d38630@group-C6AEA7A4B82B, cid=1998, SUCCESS, logIndex=3376, commits[5d71e5de-6d45-4480-a1f1-d41cc2d38630:c3376]
2019-06-13 13:50:37,879 INFO  client.GrpcClientProtocolClient (GrpcClientProtocolClient.java:onNext(254)) - client-D47EFDF0E133->5d71e5de-6d45-4480-a1f1-d41cc2d38630: receive RaftClientReply:client-D47EFDF0E133->5d71e5de-6d45-4480-a1f1-d41cc2d38630@group-C6AEA7A4B82B, cid=1999, SUCCESS, logIndex=3377, commits[5d71e5de-6d45-4480-a1f1-d41cc2d38630:c3379]
2019-06-13 13:50:37,879 INFO  client.GrpcClientProtocolClient (GrpcClientProtocolClient.java:onNext(254)) - client-D47EFDF0E133->5d71e5de-6d45-4480-a1f1-d41cc2d38630: receive RaftClientReply:client-D47EFDF0E133->5d71e5de-6d45-4480-a1f1-d41cc2d38630@group-C6AEA7A4B82B, cid=2000, SUCCESS, logIndex=3378, commits[5d71e5de-6d45-4480-a1f1-d41cc2d38630:c3379]
2019-06-13 13:50:37,891 INFO  client.GrpcClientProtocolClient (GrpcClientProtocolClient.java:onNext(254)) - client-D47EFDF0E133->5d71e5de-6d45-4480-a1f1-d41cc2d38630: receive RaftClientReply:client-D47EFDF0E133->5d71e5de-6d45-4480-a1f1-d41cc2d38630@group-C6AEA7A4B82B, cid=2001, SUCCESS, logIndex=3380, commits[5d71e5de-6d45-4480-a1f1-d41cc2d38630:c3380]
2019-06-13 13:50:37,894 INFO  client.GrpcClientProtocolClient (GrpcClientProtocolClient.java:onNext(254)) - client-D47EFDF0E133->5d71e5de-6d45-4480-a1f1-d41cc2d38630: receive RaftClientReply:client-D47EFDF0E133->5d71e5de-6d45-4480-a1f1-d41cc2d38630@group-C6AEA7A4B82B, cid=2002, SUCCESS, logIndex=3382, commits[5d71e5de-6d45-4480-a1f1-d41cc2d38630:c3382]
2019-06-13 13:50:37,894 INFO  client.GrpcClientProtocolClient (GrpcClientProtocolClient.java:onNext(254)) - client-D47EFDF0E133->5d71e5de-6d45-4480-a1f1-d41cc2d38630: receive RaftClientReply:client-D47EFDF0E133->5d71e5de-6d45-4480-a1f1-d41cc2d38630@group-C6AEA7A4B82B, cid=2003, SUCCESS, logIndex=3383, commits[5d71e5de-6d45-4480-a1f1-d41cc2d38630:c3385]
2019-06-13 13:50:37,894 INFO  client.GrpcClientProtocolClient (GrpcClientProtocolClient.java:onNext(254)) - client-D47EFDF0E133->5d71e5de-6d45-4480-a1f1-d41cc2d38630: receive RaftClientReply:client-D47EFDF0E133->5d71e5de-6d45-4480-a1f1-d41cc2d38630@group-C6AEA7A4B82B, cid=2004, SUCCESS, logIndex=3384, commits[5d71e5de-6d45-4480-a1f1-d41cc2d38630:c3385]
2019-06-13 13:50:37,899 INFO  client.GrpcClientProtocolClient (GrpcClientProtocolClient.java:onNext(254)) - client-D47EFDF0E133->5d71e5de-6d45-4480-a1f1-d41cc2d38630: receive RaftClientReply:client-D47EFDF0E133->5d71e5de-6d45-4480-a1f1-d41cc2d38630@group-C6AEA7A4B82B, cid=2005, SUCCESS, logIndex=3386, commits[5d71e5de-6d45-4480-a1f1-d41cc2d38630:c3386]
2019-06-13 13:50:37,901 INFO  client.GrpcClientProtocolClient (GrpcClientProtocolClient.java:onNext(254)) - client-D47EFDF0E133->5d71e5de-6d45-4480-a1f1-d41cc2d38630: receive RaftClientReply:client-D47EFDF0E133->5d71e5de-6d45-4480-a1f1-d41cc2d38630@group-C6AEA7A4B82B, cid=2006, SUCCESS, logIndex=3388, commits[5d71e5de-6d45-4480-a1f1-d41cc2d38630:c3388]
2019-06-13 13:50:37,902 INFO  client.GrpcClientProtocolClient (GrpcClientProtocolClient.java:onNext(254)) - client-D47EFDF0E133->5d71e5de-6d45-4480-a1f1-d41cc2d38630: receive RaftClientReply:client-D47EFDF0E133->5d71e5de-6d45-4480-a1f1-d41cc2d38630@group-C6AEA7A4B82B, cid=2007, SUCCESS, logIndex=3389, commits[5d71e5de-6d45-4480-a1f1-d41cc2d38630:c3391]
2019-06-13 13:50:37,902 INFO  client.GrpcClientProtocolClient (GrpcClientProtocolClient.java:onNext(254)) - client-D47EFDF0E133->5d71e5de-6d45-4480-a1f1-d41cc2d38630: receive RaftClientReply:client-D47EFDF0E133->5d71e5de-6d45-4480-a1f1-d41cc2d38630@group-C6AEA7A4B82B, cid=2008, SUCCESS, logIndex=3390, commits[5d71e5de-6d45-4480-a1f1-d41cc2d38630:c3391]
2019-06-13 13:50:37,911 INFO  client.GrpcClientProtocolClient (GrpcClientProtocolClient.java:onNext(254)) - client-D47EFDF0E133->5d71e5de-6d45-4480-a1f1-d41cc2d38630: receive RaftClientReply:client-D47EFDF0E133->5d71e5de-6d45-4480-a1f1-d41cc2d38630@group-C6AEA7A4B82B, cid=2009, SUCCESS, logIndex=3392, commits[5d71e5de-6d45-4480-a1f1-d41cc2d38630:c3392]
2019-06-13 13:50:37,912 INFO  client.GrpcClientProtocolClient (GrpcClientProtocolClient.java:onNext(254)) - client-D47EFDF0E133->5d71e5de-6d45-4480-a1f1-d41cc2d38630: receive RaftClientReply:client-D47EFDF0E133->5d71e5de-6d45-4480-a1f1-d41cc2d38630@group-C6AEA7A4B82B, cid=2010, SUCCESS, logIndex=3394, commits[5d71e5de-6d45-4480-a1f1-d41cc2d38630:c3394]
2019-06-13 13:50:37,913 INFO  client.GrpcClientProtocolClient (GrpcClientProtocolClient.java:onNext(254)) - client-D47EFDF0E133->5d71e5de-6d45-4480-a1f1-d41cc2d38630: receive RaftClientReply:client-D47EFDF0E133->5d71e5de-6d45-4480-a1f1-d41cc2d38630@group-C6AEA7A4B82B, cid=2011, SUCCESS, logIndex=3395, commits[5d71e5de-6d45-4480-a1f1-d41cc2d38630:c3396]
2019-06-13 13:50:37,913 INFO  client.GrpcClientProtocolClient (GrpcClientProtocolClient.java:onNext(254)) - client-D47EFDF0E133->5d71e5de-6d45-4480-a1f1-d41cc2d38630: receive RaftClientReply:client-D47EFDF0E133->5d71e5de-6d45-4480-a1f1-d41cc2d38630@group-C6AEA7A4B82B, cid=2012, SUCCESS, logIndex=3396, commits[5d71e5de-6d45-4480-a1f1-d41cc2d38630:c3396]
2019-06-13 13:50:37,918 INFO  client.GrpcClientProtocolClient (GrpcClientProtocolClient.java:onNext(254)) - client-D47EFDF0E133->5d71e5de-6d45-4480-a1f1-d41cc2d38630: receive RaftClientReply:client-D47EFDF0E133->5d71e5de-6d45-4480-a1f1-d41cc2d38630@group-C6AEA7A4B82B, cid=2013, SUCCESS, logIndex=3399, commits[5d71e5de-6d45-4480-a1f1-d41cc2d38630:c3399]
2019-06-13 13:50:37,919 INFO  client.GrpcClientProtocolClient (GrpcClientProtocolClient.java:onNext(254)) - client-D47EFDF0E133->5d71e5de-6d45-4480-a1f1-d41cc2d38630: receive RaftClientReply:client-D47EFDF0E133->5d71e5de-6d45-4480-a1f1-d41cc2d38630@group-C6AEA7A4B82B, cid=2014, SUCCESS, logIndex=3401, commits[5d71e5de-6d45-4480-a1f1-d41cc2d38630:c3401]
2019-06-13 13:50:37,920 INFO  client.GrpcClientProtocolClient (GrpcClientProtocolClient.java:onNext(254)) - client-D47EFDF0E133->5d71e5de-6d45-4480-a1f1-d41cc2d38630: receive RaftClientReply:client-D47EFDF0E133->5d71e5de-6d45-4480-a1f1-d41cc2d38630@group-C6AEA7A4B82B, cid=2015, SUCCESS, logIndex=3402, commits[5d71e5de-6d45-4480-a1f1-d41cc2d38630:c3404]
2019-06-13 13:50:37,920 INFO  client.GrpcClientProtocolClient (GrpcClientProtocolClient.java:onNext(254)) - client-D47EFDF0E133->5d71e5de-6d45-4480-a1f1-d41cc2d38630: receive RaftClientReply:client-D47EFDF0E133->5d71e5de-6d45-4480-a1f1-d41cc2d38630@group-C6AEA7A4B82B, cid=2016, SUCCESS, logIndex=3403, commits[5d71e5de-6d45-4480-a1f1-d41cc2d38630:c3404]
2019-06-13 13:50:37,923 DEBUG block.SCMBlockDeletingService (SCMBlockDeletingService.java:call(138)) - Running DeletedBlockTransactionScanner
2019-06-13 13:50:37,923 DEBUG block.SCMBlockDeletingService (SCMBlockDeletingService.java:call(155)) - Scanned deleted blocks log and got 0 delTX to process.
2019-06-13 13:50:37,927 INFO  storage.RaftLogWorker (RaftLogWorker.java:rollLogSegment(303)) - 5d71e5de-6d45-4480-a1f1-d41cc2d38630-RaftLogWorker: Rolling segment log-3340_3404 to index:3404
2019-06-13 13:50:37,927 INFO  storage.RaftLogWorker (RaftLogWorker.java:execute(433)) - 5d71e5de-6d45-4480-a1f1-d41cc2d38630-RaftLogWorker: Rolled log segment from /opt/src/hadoop-ozone/integration-test/target/test-dir/MiniOzoneClusterImpl-c05bfa39-b333-4767-bc96-5a78f3430938/datanode-0/data/ratis/3aee30eb-3db1-472a-b851-c6aea7a4b82b/current/log_inprogress_3340 to /opt/src/hadoop-ozone/integration-test/target/test-dir/MiniOzoneClusterImpl-c05bfa39-b333-4767-bc96-5a78f3430938/datanode-0/data/ratis/3aee30eb-3db1-472a-b851-c6aea7a4b82b/current/log_3340-3404
2019-06-13 13:50:37,963 INFO  storage.RaftLogWorker (RaftLogWorker.java:execute(469)) - 5d71e5de-6d45-4480-a1f1-d41cc2d38630-RaftLogWorker: created new log segment /opt/src/hadoop-ozone/integration-test/target/test-dir/MiniOzoneClusterImpl-c05bfa39-b333-4767-bc96-5a78f3430938/datanode-0/data/ratis/3aee30eb-3db1-472a-b851-c6aea7a4b82b/current/log_inprogress_3405
2019-06-13 13:50:37,964 INFO  client.GrpcClientProtocolClient (GrpcClientProtocolClient.java:onNext(254)) - client-D47EFDF0E133->5d71e5de-6d45-4480-a1f1-d41cc2d38630: receive RaftClientReply:client-D47EFDF0E133->5d71e5de-6d45-4480-a1f1-d41cc2d38630@group-C6AEA7A4B82B, cid=2017, SUCCESS, logIndex=3405, commits[5d71e5de-6d45-4480-a1f1-d41cc2d38630:c3405]
2019-06-13 13:50:37,966 INFO  client.GrpcClientProtocolClient (GrpcClientProtocolClient.java:onNext(254)) - client-D47EFDF0E133->5d71e5de-6d45-4480-a1f1-d41cc2d38630: receive RaftClientReply:client-D47EFDF0E133->5d71e5de-6d45-4480-a1f1-d41cc2d38630@group-C6AEA7A4B82B, cid=2018, SUCCESS, logIndex=3407, commits[5d71e5de-6d45-4480-a1f1-d41cc2d38630:c3407]
2019-06-13 13:50:37,967 INFO  client.GrpcClientProtocolClient (GrpcClientProtocolClient.java:onNext(254)) - client-D47EFDF0E133->5d71e5de-6d45-4480-a1f1-d41cc2d38630: receive RaftClientReply:client-D47EFDF0E133->5d71e5de-6d45-4480-a1f1-d41cc2d38630@group-C6AEA7A4B82B, cid=2019, SUCCESS, logIndex=3408, commits[5d71e5de-6d45-4480-a1f1-d41cc2d38630:c3410]
2019-06-13 13:50:37,967 INFO  client.GrpcClientProtocolClient (GrpcClientProtocolClient.java:onNext(254)) - client-D47EFDF0E133->5d71e5de-6d45-4480-a1f1-d41cc2d38630: receive RaftClientReply:client-D47EFDF0E133->5d71e5de-6d45-4480-a1f1-d41cc2d38630@group-C6AEA7A4B82B, cid=2020, SUCCESS, logIndex=3409, commits[5d71e5de-6d45-4480-a1f1-d41cc2d38630:c3410]
2019-06-13 13:50:37,972 INFO  client.GrpcClientProtocolClient (GrpcClientProtocolClient.java:onNext(254)) - client-D47EFDF0E133->5d71e5de-6d45-4480-a1f1-d41cc2d38630: receive RaftClientReply:client-D47EFDF0E133->5d71e5de-6d45-4480-a1f1-d41cc2d38630@group-C6AEA7A4B82B, cid=2021, SUCCESS, logIndex=3411, commits[5d71e5de-6d45-4480-a1f1-d41cc2d38630:c3411]
2019-06-13 13:50:37,974 INFO  client.GrpcClientProtocolClient (GrpcClientProtocolClient.java:onNext(254)) - client-D47EFDF0E133->5d71e5de-6d45-4480-a1f1-d41cc2d38630: receive RaftClientReply:client-D47EFDF0E133->5d71e5de-6d45-4480-a1f1-d41cc2d38630@group-C6AEA7A4B82B, cid=2022, SUCCESS, logIndex=3413, commits[5d71e5de-6d45-4480-a1f1-d41cc2d38630:c3413]
2019-06-13 13:50:37,975 INFO  client.GrpcClientProtocolClient (GrpcClientProtocolClient.java:onNext(254)) - client-D47EFDF0E133->5d71e5de-6d45-4480-a1f1-d41cc2d38630: receive RaftClientReply:client-D47EFDF0E133->5d71e5de-6d45-4480-a1f1-d41cc2d38630@group-C6AEA7A4B82B, cid=2023, SUCCESS, logIndex=3414, commits[5d71e5de-6d45-4480-a1f1-d41cc2d38630:c3416]
2019-06-13 13:50:37,975 INFO  client.GrpcClientProtocolClient (GrpcClientProtocolClient.java:onNext(254)) - client-D47EFDF0E133->5d71e5de-6d45-4480-a1f1-d41cc2d38630: receive RaftClientReply:client-D47EFDF0E133->5d71e5de-6d45-4480-a1f1-d41cc2d38630@group-C6AEA7A4B82B, cid=2024, SUCCESS, logIndex=3415, commits[5d71e5de-6d45-4480-a1f1-d41cc2d38630:c3416]
2019-06-13 13:50:37,984 INFO  client.GrpcClientProtocolClient (GrpcClientProtocolClient.java:onNext(254)) - client-D47EFDF0E133->5d71e5de-6d45-4480-a1f1-d41cc2d38630: receive RaftClientReply:client-D47EFDF0E133->5d71e5de-6d45-4480-a1f1-d41cc2d38630@group-C6AEA7A4B82B, cid=2025, SUCCESS, logIndex=3417, commits[5d71e5de-6d45-4480-a1f1-d41cc2d38630:c3417]
2019-06-13 13:50:37,985 INFO  client.GrpcClientProtocolClient (GrpcClientProtocolClient.java:onNext(254)) - client-D47EFDF0E133->5d71e5de-6d45-4480-a1f1-d41cc2d38630: receive RaftClientReply:client-D47EFDF0E133->5d71e5de-6d45-4480-a1f1-d41cc2d38630@group-C6AEA7A4B82B, cid=2026, SUCCESS, logIndex=3419, commits[5d71e5de-6d45-4480-a1f1-d41cc2d38630:c3419]
2019-06-13 13:50:37,986 INFO  client.GrpcClientProtocolClient (GrpcClientProtocolClient.java:onNext(254)) - client-D47EFDF0E133->5d71e5de-6d45-4480-a1f1-d41cc2d38630: receive RaftClientReply:client-D47EFDF0E133->5d71e5de-6d45-4480-a1f1-d41cc2d38630@group-C6AEA7A4B82B, cid=2027, SUCCESS, logIndex=3420, commits[5d71e5de-6d45-4480-a1f1-d41cc2d38630:c3422]
2019-06-13 13:50:37,987 INFO  client.GrpcClientProtocolClient (GrpcClientProtocolClient.java:onNext(254)) - client-D47EFDF0E133->5d71e5de-6d45-4480-a1f1-d41cc2d38630: receive RaftClientReply:client-D47EFDF0E133->5d71e5de-6d45-4480-a1f1-d41cc2d38630@group-C6AEA7A4B82B, cid=2028, SUCCESS, logIndex=3421, commits[5d71e5de-6d45-4480-a1f1-d41cc2d38630:c3422]
2019-06-13 13:50:37,991 INFO  client.GrpcClientProtocolClient (GrpcClientProtocolClient.java:onNext(254)) - client-D47EFDF0E133->5d71e5de-6d45-4480-a1f1-d41cc2d38630: receive RaftClientReply:client-D47EFDF0E133->5d71e5de-6d45-4480-a1f1-d41cc2d38630@group-C6AEA7A4B82B, cid=2029, SUCCESS, logIndex=3423, commits[5d71e5de-6d45-4480-a1f1-d41cc2d38630:c3423]
2019-06-13 13:50:37,993 INFO  client.GrpcClientProtocolClient (GrpcClientProtocolClient.java:onNext(254)) - client-D47EFDF0E133->5d71e5de-6d45-4480-a1f1-d41cc2d38630: receive RaftClientReply:client-D47EFDF0E133->5d71e5de-6d45-4480-a1f1-d41cc2d38630@group-C6AEA7A4B82B, cid=2030, SUCCESS, logIndex=3425, commits[5d71e5de-6d45-4480-a1f1-d41cc2d38630:c3425]
2019-06-13 13:50:37,994 INFO  client.GrpcClientProtocolClient (GrpcClientProtocolClient.java:onNext(254)) - client-D47EFDF0E133->5d71e5de-6d45-4480-a1f1-d41cc2d38630: receive RaftClientReply:client-D47EFDF0E133->5d71e5de-6d45-4480-a1f1-d41cc2d38630@group-C6AEA7A4B82B, cid=2031, SUCCESS, logIndex=3426, commits[5d71e5de-6d45-4480-a1f1-d41cc2d38630:c3428]
2019-06-13 13:50:37,994 INFO  client.GrpcClientProtocolClient (GrpcClientProtocolClient.java:onNext(254)) - client-D47EFDF0E133->5d71e5de-6d45-4480-a1f1-d41cc2d38630: receive RaftClientReply:client-D47EFDF0E133->5d71e5de-6d45-4480-a1f1-d41cc2d38630@group-C6AEA7A4B82B, cid=2032, SUCCESS, logIndex=3427, commits[5d71e5de-6d45-4480-a1f1-d41cc2d38630:c3428]
2019-06-13 13:50:38,040 DEBUG block.SCMBlockDeletingService (SCMBlockDeletingService.java:call(138)) - Running DeletedBlockTransactionScanner
2019-06-13 13:50:38,040 DEBUG block.SCMBlockDeletingService (SCMBlockDeletingService.java:call(155)) - Scanned deleted blocks log and got 0 delTX to process.
2019-06-13 13:50:38,119 INFO  client.GrpcClientProtocolClient (GrpcClientProtocolClient.java:onNext(254)) - client-D47EFDF0E133->5d71e5de-6d45-4480-a1f1-d41cc2d38630: receive RaftClientReply:client-D47EFDF0E133->5d71e5de-6d45-4480-a1f1-d41cc2d38630@group-C6AEA7A4B82B, cid=2033, SUCCESS, logIndex=3429, commits[5d71e5de-6d45-4480-a1f1-d41cc2d38630:c3429]
2019-06-13 13:50:38,121 INFO  client.GrpcClientProtocolClient (GrpcClientProtocolClient.java:onNext(254)) - client-D47EFDF0E133->5d71e5de-6d45-4480-a1f1-d41cc2d38630: receive RaftClientReply:client-D47EFDF0E133->5d71e5de-6d45-4480-a1f1-d41cc2d38630@group-C6AEA7A4B82B, cid=2034, SUCCESS, logIndex=3431, commits[5d71e5de-6d45-4480-a1f1-d41cc2d38630:c3431]
2019-06-13 13:50:38,122 INFO  client.GrpcClientProtocolClient (GrpcClientProtocolClient.java:onNext(254)) - client-D47EFDF0E133->5d71e5de-6d45-4480-a1f1-d41cc2d38630: receive RaftClientReply:client-D47EFDF0E133->5d71e5de-6d45-4480-a1f1-d41cc2d38630@group-C6AEA7A4B82B, cid=2035, SUCCESS, logIndex=3432, commits[5d71e5de-6d45-4480-a1f1-d41cc2d38630:c3433]
2019-06-13 13:50:38,122 INFO  client.GrpcClientProtocolClient (GrpcClientProtocolClient.java:onNext(254)) - client-D47EFDF0E133->5d71e5de-6d45-4480-a1f1-d41cc2d38630: receive RaftClientReply:client-D47EFDF0E133->5d71e5de-6d45-4480-a1f1-d41cc2d38630@group-C6AEA7A4B82B, cid=2036, SUCCESS, logIndex=3433, commits[5d71e5de-6d45-4480-a1f1-d41cc2d38630:c3433]
2019-06-13 13:50:38,127 INFO  client.GrpcClientProtocolClient (GrpcClientProtocolClient.java:onNext(254)) - client-D47EFDF0E133->5d71e5de-6d45-4480-a1f1-d41cc2d38630: receive RaftClientReply:client-D47EFDF0E133->5d71e5de-6d45-4480-a1f1-d41cc2d38630@group-C6AEA7A4B82B, cid=2037, SUCCESS, logIndex=3436, commits[5d71e5de-6d45-4480-a1f1-d41cc2d38630:c3436]
2019-06-13 13:50:38,128 INFO  client.GrpcClientProtocolClient (GrpcClientProtocolClient.java:onNext(254)) - client-D47EFDF0E133->5d71e5de-6d45-4480-a1f1-d41cc2d38630: receive RaftClientReply:client-D47EFDF0E133->5d71e5de-6d45-4480-a1f1-d41cc2d38630@group-C6AEA7A4B82B, cid=2038, SUCCESS, logIndex=3438, commits[5d71e5de-6d45-4480-a1f1-d41cc2d38630:c3438]
2019-06-13 13:50:38,130 INFO  client.GrpcClientProtocolClient (GrpcClientProtocolClient.java:onNext(254)) - client-D47EFDF0E133->5d71e5de-6d45-4480-a1f1-d41cc2d38630: receive RaftClientReply:client-D47EFDF0E133->5d71e5de-6d45-4480-a1f1-d41cc2d38630@group-C6AEA7A4B82B, cid=2039, SUCCESS, logIndex=3439, commits[5d71e5de-6d45-4480-a1f1-d41cc2d38630:c3441]
2019-06-13 13:50:38,131 INFO  client.GrpcClientProtocolClient (GrpcClientProtocolClient.java:onNext(254)) - client-D47EFDF0E133->5d71e5de-6d45-4480-a1f1-d41cc2d38630: receive RaftClientReply:client-D47EFDF0E133->5d71e5de-6d45-4480-a1f1-d41cc2d38630@group-C6AEA7A4B82B, cid=2040, SUCCESS, logIndex=3440, commits[5d71e5de-6d45-4480-a1f1-d41cc2d38630:c3441]
2019-06-13 13:50:38,140 DEBUG block.SCMBlockDeletingService (SCMBlockDeletingService.java:call(138)) - Running DeletedBlockTransactionScanner
2019-06-13 13:50:38,140 DEBUG block.SCMBlockDeletingService (SCMBlockDeletingService.java:call(155)) - Scanned deleted blocks log and got 0 delTX to process.
2019-06-13 13:50:38,145 INFO  client.GrpcClientProtocolClient (GrpcClientProtocolClient.java:onNext(254)) - client-D47EFDF0E133->5d71e5de-6d45-4480-a1f1-d41cc2d38630: receive RaftClientReply:client-D47EFDF0E133->5d71e5de-6d45-4480-a1f1-d41cc2d38630@group-C6AEA7A4B82B, cid=2041, SUCCESS, logIndex=3442, commits[5d71e5de-6d45-4480-a1f1-d41cc2d38630:c3442]
2019-06-13 13:50:38,147 INFO  client.GrpcClientProtocolClient (GrpcClientProtocolClient.java:onNext(254)) - client-D47EFDF0E133->5d71e5de-6d45-4480-a1f1-d41cc2d38630: receive RaftClientReply:client-D47EFDF0E133->5d71e5de-6d45-4480-a1f1-d41cc2d38630@group-C6AEA7A4B82B, cid=2042, SUCCESS, logIndex=3444, commits[5d71e5de-6d45-4480-a1f1-d41cc2d38630:c3444]
2019-06-13 13:50:38,149 INFO  client.GrpcClientProtocolClient (GrpcClientProtocolClient.java:onNext(254)) - client-D47EFDF0E133->5d71e5de-6d45-4480-a1f1-d41cc2d38630: receive RaftClientReply:client-D47EFDF0E133->5d71e5de-6d45-4480-a1f1-d41cc2d38630@group-C6AEA7A4B82B, cid=2043, SUCCESS, logIndex=3445, commits[5d71e5de-6d45-4480-a1f1-d41cc2d38630:c3447]
2019-06-13 13:50:38,150 INFO  client.GrpcClientProtocolClient (GrpcClientProtocolClient.java:onNext(254)) - client-D47EFDF0E133->5d71e5de-6d45-4480-a1f1-d41cc2d38630: receive RaftClientReply:client-D47EFDF0E133->5d71e5de-6d45-4480-a1f1-d41cc2d38630@group-C6AEA7A4B82B, cid=2044, SUCCESS, logIndex=3446, commits[5d71e5de-6d45-4480-a1f1-d41cc2d38630:c3447]
2019-06-13 13:50:38,155 INFO  client.GrpcClientProtocolClient (GrpcClientProtocolClient.java:onNext(254)) - client-D47EFDF0E133->5d71e5de-6d45-4480-a1f1-d41cc2d38630: receive RaftClientReply:client-D47EFDF0E133->5d71e5de-6d45-4480-a1f1-d41cc2d38630@group-C6AEA7A4B82B, cid=2045, SUCCESS, logIndex=3448, commits[5d71e5de-6d45-4480-a1f1-d41cc2d38630:c3448]
2019-06-13 13:50:38,161 INFO  client.GrpcClientProtocolClient (GrpcClientProtocolClient.java:onNext(254)) - client-D47EFDF0E133->5d71e5de-6d45-4480-a1f1-d41cc2d38630: receive RaftClientReply:client-D47EFDF0E133->5d71e5de-6d45-4480-a1f1-d41cc2d38630@group-C6AEA7A4B82B, cid=2046, SUCCESS, logIndex=3450, commits[5d71e5de-6d45-4480-a1f1-d41cc2d38630:c3451]
2019-06-13 13:50:38,165 INFO  client.GrpcClientProtocolClient (GrpcClientProtocolClient.java:onNext(254)) - client-D47EFDF0E133->5d71e5de-6d45-4480-a1f1-d41cc2d38630: receive RaftClientReply:client-D47EFDF0E133->5d71e5de-6d45-4480-a1f1-d41cc2d38630@group-C6AEA7A4B82B, cid=2047, SUCCESS, logIndex=3452, commits[5d71e5de-6d45-4480-a1f1-d41cc2d38630:c3453]
2019-06-13 13:50:38,165 INFO  client.GrpcClientProtocolClient (GrpcClientProtocolClient.java:onNext(254)) - client-D47EFDF0E133->5d71e5de-6d45-4480-a1f1-d41cc2d38630: receive RaftClientReply:client-D47EFDF0E133->5d71e5de-6d45-4480-a1f1-d41cc2d38630@group-C6AEA7A4B82B, cid=2048, SUCCESS, logIndex=3453, commits[5d71e5de-6d45-4480-a1f1-d41cc2d38630:c3454]
2019-06-13 13:50:38,175 INFO  client.GrpcClientProtocolClient (GrpcClientProtocolClient.java:onNext(254)) - client-D47EFDF0E133->5d71e5de-6d45-4480-a1f1-d41cc2d38630: receive RaftClientReply:client-D47EFDF0E133->5d71e5de-6d45-4480-a1f1-d41cc2d38630@group-C6AEA7A4B82B, cid=2049, SUCCESS, logIndex=3455, commits[5d71e5de-6d45-4480-a1f1-d41cc2d38630:c3455]
2019-06-13 13:50:38,178 INFO  client.GrpcClientProtocolClient (GrpcClientProtocolClient.java:onNext(254)) - client-D47EFDF0E133->5d71e5de-6d45-4480-a1f1-d41cc2d38630: receive RaftClientReply:client-D47EFDF0E133->5d71e5de-6d45-4480-a1f1-d41cc2d38630@group-C6AEA7A4B82B, cid=2050, SUCCESS, logIndex=3457, commits[5d71e5de-6d45-4480-a1f1-d41cc2d38630:c3458]
2019-06-13 13:50:38,180 INFO  client.GrpcClientProtocolClient (GrpcClientProtocolClient.java:onNext(254)) - client-D47EFDF0E133->5d71e5de-6d45-4480-a1f1-d41cc2d38630: receive RaftClientReply:client-D47EFDF0E133->5d71e5de-6d45-4480-a1f1-d41cc2d38630@group-C6AEA7A4B82B, cid=2051, SUCCESS, logIndex=3459, commits[5d71e5de-6d45-4480-a1f1-d41cc2d38630:c3460]
2019-06-13 13:50:38,181 INFO  client.GrpcClientProtocolClient (GrpcClientProtocolClient.java:onNext(254)) - client-D47EFDF0E133->5d71e5de-6d45-4480-a1f1-d41cc2d38630: receive RaftClientReply:client-D47EFDF0E133->5d71e5de-6d45-4480-a1f1-d41cc2d38630@group-C6AEA7A4B82B, cid=2052, SUCCESS, logIndex=3460, commits[5d71e5de-6d45-4480-a1f1-d41cc2d38630:c3460]
2019-06-13 13:50:38,185 INFO  client.GrpcClientProtocolClient (GrpcClientProtocolClient.java:onNext(254)) - client-D47EFDF0E133->5d71e5de-6d45-4480-a1f1-d41cc2d38630: receive RaftClientReply:client-D47EFDF0E133->5d71e5de-6d45-4480-a1f1-d41cc2d38630@group-C6AEA7A4B82B, cid=2053, SUCCESS, logIndex=3462, commits[5d71e5de-6d45-4480-a1f1-d41cc2d38630:c3462]
2019-06-13 13:50:38,186 INFO  client.GrpcClientProtocolClient (GrpcClientProtocolClient.java:onNext(254)) - client-D47EFDF0E133->5d71e5de-6d45-4480-a1f1-d41cc2d38630: receive RaftClientReply:client-D47EFDF0E133->5d71e5de-6d45-4480-a1f1-d41cc2d38630@group-C6AEA7A4B82B, cid=2054, SUCCESS, logIndex=3464, commits[5d71e5de-6d45-4480-a1f1-d41cc2d38630:c3464]
2019-06-13 13:50:38,188 INFO  client.GrpcClientProtocolClient (GrpcClientProtocolClient.java:onNext(254)) - client-D47EFDF0E133->5d71e5de-6d45-4480-a1f1-d41cc2d38630: receive RaftClientReply:client-D47EFDF0E133->5d71e5de-6d45-4480-a1f1-d41cc2d38630@group-C6AEA7A4B82B, cid=2055, SUCCESS, logIndex=3465, commits[5d71e5de-6d45-4480-a1f1-d41cc2d38630:c3467]
2019-06-13 13:50:38,188 INFO  client.GrpcClientProtocolClient (GrpcClientProtocolClient.java:onNext(254)) - client-D47EFDF0E133->5d71e5de-6d45-4480-a1f1-d41cc2d38630: receive RaftClientReply:client-D47EFDF0E133->5d71e5de-6d45-4480-a1f1-d41cc2d38630@group-C6AEA7A4B82B, cid=2056, SUCCESS, logIndex=3466, commits[5d71e5de-6d45-4480-a1f1-d41cc2d38630:c3467]
2019-06-13 13:50:38,196 INFO  client.GrpcClientProtocolClient (GrpcClientProtocolClient.java:onNext(254)) - client-D47EFDF0E133->5d71e5de-6d45-4480-a1f1-d41cc2d38630: receive RaftClientReply:client-D47EFDF0E133->5d71e5de-6d45-4480-a1f1-d41cc2d38630@group-C6AEA7A4B82B, cid=2057, SUCCESS, logIndex=3468, commits[5d71e5de-6d45-4480-a1f1-d41cc2d38630:c3468]
2019-06-13 13:50:38,197 INFO  client.GrpcClientProtocolClient (GrpcClientProtocolClient.java:onNext(254)) - client-D47EFDF0E133->5d71e5de-6d45-4480-a1f1-d41cc2d38630: receive RaftClientReply:client-D47EFDF0E133->5d71e5de-6d45-4480-a1f1-d41cc2d38630@group-C6AEA7A4B82B, cid=2058, SUCCESS, logIndex=3470, commits[5d71e5de-6d45-4480-a1f1-d41cc2d38630:c3470]
2019-06-13 13:50:38,198 INFO  client.GrpcClientProtocolClient (GrpcClientProtocolClient.java:onNext(254)) - client-D47EFDF0E133->5d71e5de-6d45-4480-a1f1-d41cc2d38630: receive RaftClientReply:client-D47EFDF0E133->5d71e5de-6d45-4480-a1f1-d41cc2d38630@group-C6AEA7A4B82B, cid=2059, SUCCESS, logIndex=3471, commits[5d71e5de-6d45-4480-a1f1-d41cc2d38630:c3473]
2019-06-13 13:50:38,199 INFO  client.GrpcClientProtocolClient (GrpcClientProtocolClient.java:onNext(254)) - client-D47EFDF0E133->5d71e5de-6d45-4480-a1f1-d41cc2d38630: receive RaftClientReply:client-D47EFDF0E133->5d71e5de-6d45-4480-a1f1-d41cc2d38630@group-C6AEA7A4B82B, cid=2060, SUCCESS, logIndex=3472, commits[5d71e5de-6d45-4480-a1f1-d41cc2d38630:c3473]
2019-06-13 13:50:38,201 INFO  storage.RaftLogWorker (RaftLogWorker.java:rollLogSegment(303)) - 5d71e5de-6d45-4480-a1f1-d41cc2d38630-RaftLogWorker: Rolling segment log-3405_3473 to index:3473
2019-06-13 13:50:38,202 INFO  storage.RaftLogWorker (RaftLogWorker.java:execute(433)) - 5d71e5de-6d45-4480-a1f1-d41cc2d38630-RaftLogWorker: Rolled log segment from /opt/src/hadoop-ozone/integration-test/target/test-dir/MiniOzoneClusterImpl-c05bfa39-b333-4767-bc96-5a78f3430938/datanode-0/data/ratis/3aee30eb-3db1-472a-b851-c6aea7a4b82b/current/log_inprogress_3405 to /opt/src/hadoop-ozone/integration-test/target/test-dir/MiniOzoneClusterImpl-c05bfa39-b333-4767-bc96-5a78f3430938/datanode-0/data/ratis/3aee30eb-3db1-472a-b851-c6aea7a4b82b/current/log_3405-3473
2019-06-13 13:50:38,238 INFO  storage.RaftLogWorker (RaftLogWorker.java:execute(469)) - 5d71e5de-6d45-4480-a1f1-d41cc2d38630-RaftLogWorker: created new log segment /opt/src/hadoop-ozone/integration-test/target/test-dir/MiniOzoneClusterImpl-c05bfa39-b333-4767-bc96-5a78f3430938/datanode-0/data/ratis/3aee30eb-3db1-472a-b851-c6aea7a4b82b/current/log_inprogress_3474
2019-06-13 13:50:38,239 INFO  client.GrpcClientProtocolClient (GrpcClientProtocolClient.java:onNext(254)) - client-D47EFDF0E133->5d71e5de-6d45-4480-a1f1-d41cc2d38630: receive RaftClientReply:client-D47EFDF0E133->5d71e5de-6d45-4480-a1f1-d41cc2d38630@group-C6AEA7A4B82B, cid=2061, SUCCESS, logIndex=3474, commits[5d71e5de-6d45-4480-a1f1-d41cc2d38630:c3474]
2019-06-13 13:50:38,241 DEBUG block.SCMBlockDeletingService (SCMBlockDeletingService.java:call(138)) - Running DeletedBlockTransactionScanner
2019-06-13 13:50:38,241 INFO  client.GrpcClientProtocolClient (GrpcClientProtocolClient.java:onNext(254)) - client-D47EFDF0E133->5d71e5de-6d45-4480-a1f1-d41cc2d38630: receive RaftClientReply:client-D47EFDF0E133->5d71e5de-6d45-4480-a1f1-d41cc2d38630@group-C6AEA7A4B82B, cid=2062, SUCCESS, logIndex=3476, commits[5d71e5de-6d45-4480-a1f1-d41cc2d38630:c3476]
2019-06-13 13:50:38,241 DEBUG block.SCMBlockDeletingService (SCMBlockDeletingService.java:call(155)) - Scanned deleted blocks log and got 0 delTX to process.
2019-06-13 13:50:38,242 INFO  client.GrpcClientProtocolClient (GrpcClientProtocolClient.java:onNext(254)) - client-D47EFDF0E133->5d71e5de-6d45-4480-a1f1-d41cc2d38630: receive RaftClientReply:client-D47EFDF0E133->5d71e5de-6d45-4480-a1f1-d41cc2d38630@group-C6AEA7A4B82B, cid=2063, SUCCESS, logIndex=3477, commits[5d71e5de-6d45-4480-a1f1-d41cc2d38630:c3479]
2019-06-13 13:50:38,242 INFO  client.GrpcClientProtocolClient (GrpcClientProtocolClient.java:onNext(254)) - client-D47EFDF0E133->5d71e5de-6d45-4480-a1f1-d41cc2d38630: receive RaftClientReply:client-D47EFDF0E133->5d71e5de-6d45-4480-a1f1-d41cc2d38630@group-C6AEA7A4B82B, cid=2064, SUCCESS, logIndex=3478, commits[5d71e5de-6d45-4480-a1f1-d41cc2d38630:c3479]
2019-06-13 13:50:38,251 INFO  client.GrpcClientProtocolClient (GrpcClientProtocolClient.java:onNext(254)) - client-D47EFDF0E133->5d71e5de-6d45-4480-a1f1-d41cc2d38630: receive RaftClientReply:client-D47EFDF0E133->5d71e5de-6d45-4480-a1f1-d41cc2d38630@group-C6AEA7A4B82B, cid=2065, SUCCESS, logIndex=3480, commits[5d71e5de-6d45-4480-a1f1-d41cc2d38630:c3480]
2019-06-13 13:50:38,253 INFO  client.GrpcClientProtocolClient (GrpcClientProtocolClient.java:onNext(254)) - client-D47EFDF0E133->5d71e5de-6d45-4480-a1f1-d41cc2d38630: receive RaftClientReply:client-D47EFDF0E133->5d71e5de-6d45-4480-a1f1-d41cc2d38630@group-C6AEA7A4B82B, cid=2066, SUCCESS, logIndex=3482, commits[5d71e5de-6d45-4480-a1f1-d41cc2d38630:c3482]
2019-06-13 13:50:38,253 INFO  client.GrpcClientProtocolClient (GrpcClientProtocolClient.java:onNext(254)) - client-D47EFDF0E133->5d71e5de-6d45-4480-a1f1-d41cc2d38630: receive RaftClientReply:client-D47EFDF0E133->5d71e5de-6d45-4480-a1f1-d41cc2d38630@group-C6AEA7A4B82B, cid=2067, SUCCESS, logIndex=3483, commits[5d71e5de-6d45-4480-a1f1-d41cc2d38630:c3484]
2019-06-13 13:50:38,254 INFO  client.GrpcClientProtocolClient (GrpcClientProtocolClient.java:onNext(254)) - client-D47EFDF0E133->5d71e5de-6d45-4480-a1f1-d41cc2d38630: receive RaftClientReply:client-D47EFDF0E133->5d71e5de-6d45-4480-a1f1-d41cc2d38630@group-C6AEA7A4B82B, cid=2068, SUCCESS, logIndex=3484, commits[5d71e5de-6d45-4480-a1f1-d41cc2d38630:c3484]
2019-06-13 13:50:38,258 INFO  client.GrpcClientProtocolClient (GrpcClientProtocolClient.java:onNext(254)) - client-D47EFDF0E133->5d71e5de-6d45-4480-a1f1-d41cc2d38630: receive RaftClientReply:client-D47EFDF0E133->5d71e5de-6d45-4480-a1f1-d41cc2d38630@group-C6AEA7A4B82B, cid=2069, SUCCESS, logIndex=3487, commits[5d71e5de-6d45-4480-a1f1-d41cc2d38630:c3487]
2019-06-13 13:50:38,260 INFO  client.GrpcClientProtocolClient (GrpcClientProtocolClient.java:onNext(254)) - client-D47EFDF0E133->5d71e5de-6d45-4480-a1f1-d41cc2d38630: receive RaftClientReply:client-D47EFDF0E133->5d71e5de-6d45-4480-a1f1-d41cc2d38630@group-C6AEA7A4B82B, cid=2070, SUCCESS, logIndex=3489, commits[5d71e5de-6d45-4480-a1f1-d41cc2d38630:c3489]
2019-06-13 13:50:38,261 INFO  client.GrpcClientProtocolClient (GrpcClientProtocolClient.java:onNext(254)) - client-D47EFDF0E133->5d71e5de-6d45-4480-a1f1-d41cc2d38630: receive RaftClientReply:client-D47EFDF0E133->5d71e5de-6d45-4480-a1f1-d41cc2d38630@group-C6AEA7A4B82B, cid=2071, SUCCESS, logIndex=3490, commits[5d71e5de-6d45-4480-a1f1-d41cc2d38630:c3492]
2019-06-13 13:50:38,261 INFO  client.GrpcClientProtocolClient (GrpcClientProtocolClient.java:onNext(254)) - client-D47EFDF0E133->5d71e5de-6d45-4480-a1f1-d41cc2d38630: receive RaftClientReply:client-D47EFDF0E133->5d71e5de-6d45-4480-a1f1-d41cc2d38630@group-C6AEA7A4B82B, cid=2072, SUCCESS, logIndex=3491, commits[5d71e5de-6d45-4480-a1f1-d41cc2d38630:c3492]
2019-06-13 13:50:38,271 INFO  client.GrpcClientProtocolClient (GrpcClientProtocolClient.java:onNext(254)) - client-D47EFDF0E133->5d71e5de-6d45-4480-a1f1-d41cc2d38630: receive RaftClientReply:client-D47EFDF0E133->5d71e5de-6d45-4480-a1f1-d41cc2d38630@group-C6AEA7A4B82B, cid=2073, SUCCESS, logIndex=3493, commits[5d71e5de-6d45-4480-a1f1-d41cc2d38630:c3493]
2019-06-13 13:50:38,272 INFO  client.GrpcClientProtocolClient (GrpcClientProtocolClient.java:onNext(254)) - client-D47EFDF0E133->5d71e5de-6d45-4480-a1f1-d41cc2d38630: receive RaftClientReply:client-D47EFDF0E133->5d71e5de-6d45-4480-a1f1-d41cc2d38630@group-C6AEA7A4B82B, cid=2074, SUCCESS, logIndex=3495, commits[5d71e5de-6d45-4480-a1f1-d41cc2d38630:c3495]
2019-06-13 13:50:38,273 INFO  client.GrpcClientProtocolClient (GrpcClientProtocolClient.java:onNext(254)) - client-D47EFDF0E133->5d71e5de-6d45-4480-a1f1-d41cc2d38630: receive RaftClientReply:client-D47EFDF0E133->5d71e5de-6d45-4480-a1f1-d41cc2d38630@group-C6AEA7A4B82B, cid=2075, SUCCESS, logIndex=3496, commits[5d71e5de-6d45-4480-a1f1-d41cc2d38630:c3498]
2019-06-13 13:50:38,273 INFO  client.GrpcClientProtocolClient (GrpcClientProtocolClient.java:onNext(254)) - client-D47EFDF0E133->5d71e5de-6d45-4480-a1f1-d41cc2d38630: receive RaftClientReply:client-D47EFDF0E133->5d71e5de-6d45-4480-a1f1-d41cc2d38630@group-C6AEA7A4B82B, cid=2076, SUCCESS, logIndex=3497, commits[5d71e5de-6d45-4480-a1f1-d41cc2d38630:c3498]
2019-06-13 13:50:38,341 DEBUG block.SCMBlockDeletingService (SCMBlockDeletingService.java:call(138)) - Running DeletedBlockTransactionScanner
2019-06-13 13:50:38,341 DEBUG block.SCMBlockDeletingService (SCMBlockDeletingService.java:call(155)) - Scanned deleted blocks log and got 0 delTX to process.
2019-06-13 13:50:38,346 INFO  client.GrpcClientProtocolClient (GrpcClientProtocolClient.java:onNext(254)) - client-D47EFDF0E133->5d71e5de-6d45-4480-a1f1-d41cc2d38630: receive RaftClientReply:client-D47EFDF0E133->5d71e5de-6d45-4480-a1f1-d41cc2d38630@group-C6AEA7A4B82B, cid=2077, SUCCESS, logIndex=3499, commits[5d71e5de-6d45-4480-a1f1-d41cc2d38630:c3499]
2019-06-13 13:50:38,347 INFO  client.GrpcClientProtocolClient (GrpcClientProtocolClient.java:onNext(254)) - client-D47EFDF0E133->5d71e5de-6d45-4480-a1f1-d41cc2d38630: receive RaftClientReply:client-D47EFDF0E133->5d71e5de-6d45-4480-a1f1-d41cc2d38630@group-C6AEA7A4B82B, cid=2078, SUCCESS, logIndex=3501, commits[5d71e5de-6d45-4480-a1f1-d41cc2d38630:c3501]
2019-06-13 13:50:38,349 INFO  client.GrpcClientProtocolClient (GrpcClientProtocolClient.java:onNext(254)) - client-D47EFDF0E133->5d71e5de-6d45-4480-a1f1-d41cc2d38630: receive RaftClientReply:client-D47EFDF0E133->5d71e5de-6d45-4480-a1f1-d41cc2d38630@group-C6AEA7A4B82B, cid=2079, SUCCESS, logIndex=3503, commits[5d71e5de-6d45-4480-a1f1-d41cc2d38630:c3504]
2019-06-13 13:50:38,349 INFO  client.GrpcClientProtocolClient (GrpcClientProtocolClient.java:onNext(254)) - client-D47EFDF0E133->5d71e5de-6d45-4480-a1f1-d41cc2d38630: receive RaftClientReply:client-D47EFDF0E133->5d71e5de-6d45-4480-a1f1-d41cc2d38630@group-C6AEA7A4B82B, cid=2080, SUCCESS, logIndex=3504, commits[5d71e5de-6d45-4480-a1f1-d41cc2d38630:c3504]
2019-06-13 13:50:38,358 INFO  client.GrpcClientProtocolClient (GrpcClientProtocolClient.java:onNext(254)) - client-D47EFDF0E133->5d71e5de-6d45-4480-a1f1-d41cc2d38630: receive RaftClientReply:client-D47EFDF0E133->5d71e5de-6d45-4480-a1f1-d41cc2d38630@group-C6AEA7A4B82B, cid=2081, SUCCESS, logIndex=3506, commits[5d71e5de-6d45-4480-a1f1-d41cc2d38630:c3506]
2019-06-13 13:50:38,359 INFO  client.GrpcClientProtocolClient (GrpcClientProtocolClient.java:onNext(254)) - client-D47EFDF0E133->5d71e5de-6d45-4480-a1f1-d41cc2d38630: receive RaftClientReply:client-D47EFDF0E133->5d71e5de-6d45-4480-a1f1-d41cc2d38630@group-C6AEA7A4B82B, cid=2082, SUCCESS, logIndex=3508, commits[5d71e5de-6d45-4480-a1f1-d41cc2d38630:c3508]
2019-06-13 13:50:38,360 INFO  client.GrpcClientProtocolClient (GrpcClientProtocolClient.java:onNext(254)) - client-D47EFDF0E133->5d71e5de-6d45-4480-a1f1-d41cc2d38630: receive RaftClientReply:client-D47EFDF0E133->5d71e5de-6d45-4480-a1f1-d41cc2d38630@group-C6AEA7A4B82B, cid=2083, SUCCESS, logIndex=3509, commits[5d71e5de-6d45-4480-a1f1-d41cc2d38630:c3511]
2019-06-13 13:50:38,360 INFO  client.GrpcClientProtocolClient (GrpcClientProtocolClient.java:onNext(254)) - client-D47EFDF0E133->5d71e5de-6d45-4480-a1f1-d41cc2d38630: receive RaftClientReply:client-D47EFDF0E133->5d71e5de-6d45-4480-a1f1-d41cc2d38630@group-C6AEA7A4B82B, cid=2084, SUCCESS, logIndex=3510, commits[5d71e5de-6d45-4480-a1f1-d41cc2d38630:c3511]
2019-06-13 13:50:38,365 INFO  client.GrpcClientProtocolClient (GrpcClientProtocolClient.java:onNext(254)) - client-D47EFDF0E133->5d71e5de-6d45-4480-a1f1-d41cc2d38630: receive RaftClientReply:client-D47EFDF0E133->5d71e5de-6d45-4480-a1f1-d41cc2d38630@group-C6AEA7A4B82B, cid=2085, SUCCESS, logIndex=3512, commits[5d71e5de-6d45-4480-a1f1-d41cc2d38630:c3512]
2019-06-13 13:50:38,366 INFO  client.GrpcClientProtocolClient (GrpcClientProtocolClient.java:onNext(254)) - client-D47EFDF0E133->5d71e5de-6d45-4480-a1f1-d41cc2d38630: receive RaftClientReply:client-D47EFDF0E133->5d71e5de-6d45-4480-a1f1-d41cc2d38630@group-C6AEA7A4B82B, cid=2086, SUCCESS, logIndex=3514, commits[5d71e5de-6d45-4480-a1f1-d41cc2d38630:c3514]
2019-06-13 13:50:38,367 INFO  client.GrpcClientProtocolClient (GrpcClientProtocolClient.java:onNext(254)) - client-D47EFDF0E133->5d71e5de-6d45-4480-a1f1-d41cc2d38630: receive RaftClientReply:client-D47EFDF0E133->5d71e5de-6d45-4480-a1f1-d41cc2d38630@group-C6AEA7A4B82B, cid=2087, SUCCESS, logIndex=3515, commits[5d71e5de-6d45-4480-a1f1-d41cc2d38630:c3517]
2019-06-13 13:50:38,368 INFO  client.GrpcClientProtocolClient (GrpcClientProtocolClient.java:onNext(254)) - client-D47EFDF0E133->5d71e5de-6d45-4480-a1f1-d41cc2d38630: receive RaftClientReply:client-D47EFDF0E133->5d71e5de-6d45-4480-a1f1-d41cc2d38630@group-C6AEA7A4B82B, cid=2088, SUCCESS, logIndex=3516, commits[5d71e5de-6d45-4480-a1f1-d41cc2d38630:c3517]
2019-06-13 13:50:38,378 INFO  client.GrpcClientProtocolClient (GrpcClientProtocolClient.java:onNext(254)) - client-D47EFDF0E133->5d71e5de-6d45-4480-a1f1-d41cc2d38630: receive RaftClientReply:client-D47EFDF0E133->5d71e5de-6d45-4480-a1f1-d41cc2d38630@group-C6AEA7A4B82B, cid=2089, SUCCESS, logIndex=3518, commits[5d71e5de-6d45-4480-a1f1-d41cc2d38630:c3518]
2019-06-13 13:50:38,380 INFO  client.GrpcClientProtocolClient (GrpcClientProtocolClient.java:onNext(254)) - client-D47EFDF0E133->5d71e5de-6d45-4480-a1f1-d41cc2d38630: receive RaftClientReply:client-D47EFDF0E133->5d71e5de-6d45-4480-a1f1-d41cc2d38630@group-C6AEA7A4B82B, cid=2090, SUCCESS, logIndex=3520, commits[5d71e5de-6d45-4480-a1f1-d41cc2d38630:c3520]
2019-06-13 13:50:38,381 INFO  client.GrpcClientProtocolClient (GrpcClientProtocolClient.java:onNext(254)) - client-D47EFDF0E133->5d71e5de-6d45-4480-a1f1-d41cc2d38630: receive RaftClientReply:client-D47EFDF0E133->5d71e5de-6d45-4480-a1f1-d41cc2d38630@group-C6AEA7A4B82B, cid=2091, SUCCESS, logIndex=3521, commits[5d71e5de-6d45-4480-a1f1-d41cc2d38630:c3523]
2019-06-13 13:50:38,381 INFO  client.GrpcClientProtocolClient (GrpcClientProtocolClient.java:onNext(254)) - client-D47EFDF0E133->5d71e5de-6d45-4480-a1f1-d41cc2d38630: receive RaftClientReply:client-D47EFDF0E133->5d71e5de-6d45-4480-a1f1-d41cc2d38630@group-C6AEA7A4B82B, cid=2092, SUCCESS, logIndex=3522, commits[5d71e5de-6d45-4480-a1f1-d41cc2d38630:c3523]
2019-06-13 13:50:38,386 INFO  client.GrpcClientProtocolClient (GrpcClientProtocolClient.java:onNext(254)) - client-D47EFDF0E133->5d71e5de-6d45-4480-a1f1-d41cc2d38630: receive RaftClientReply:client-D47EFDF0E133->5d71e5de-6d45-4480-a1f1-d41cc2d38630@group-C6AEA7A4B82B, cid=2093, SUCCESS, logIndex=3524, commits[5d71e5de-6d45-4480-a1f1-d41cc2d38630:c3524]
2019-06-13 13:50:38,387 INFO  client.GrpcClientProtocolClient (GrpcClientProtocolClient.java:onNext(254)) - client-D47EFDF0E133->5d71e5de-6d45-4480-a1f1-d41cc2d38630: receive RaftClientReply:client-D47EFDF0E133->5d71e5de-6d45-4480-a1f1-d41cc2d38630@group-C6AEA7A4B82B, cid=2094, SUCCESS, logIndex=3526, commits[5d71e5de-6d45-4480-a1f1-d41cc2d38630:c3526]
2019-06-13 13:50:38,388 INFO  client.GrpcClientProtocolClient (GrpcClientProtocolClient.java:onNext(254)) - client-D47EFDF0E133->5d71e5de-6d45-4480-a1f1-d41cc2d38630: receive RaftClientReply:client-D47EFDF0E133->5d71e5de-6d45-4480-a1f1-d41cc2d38630@group-C6AEA7A4B82B, cid=2095, SUCCESS, logIndex=3527, commits[5d71e5de-6d45-4480-a1f1-d41cc2d38630:c3528]
2019-06-13 13:50:38,389 INFO  client.GrpcClientProtocolClient (GrpcClientProtocolClient.java:onNext(254)) - client-D47EFDF0E133->5d71e5de-6d45-4480-a1f1-d41cc2d38630: receive RaftClientReply:client-D47EFDF0E133->5d71e5de-6d45-4480-a1f1-d41cc2d38630@group-C6AEA7A4B82B, cid=2096, SUCCESS, logIndex=3529, commits[5d71e5de-6d45-4480-a1f1-d41cc2d38630:c3529]
2019-06-13 13:50:38,397 INFO  client.GrpcClientProtocolClient (GrpcClientProtocolClient.java:onNext(254)) - client-D47EFDF0E133->5d71e5de-6d45-4480-a1f1-d41cc2d38630: receive RaftClientReply:client-D47EFDF0E133->5d71e5de-6d45-4480-a1f1-d41cc2d38630@group-C6AEA7A4B82B, cid=2097, SUCCESS, logIndex=3531, commits[5d71e5de-6d45-4480-a1f1-d41cc2d38630:c3531]
2019-06-13 13:50:38,398 INFO  client.GrpcClientProtocolClient (GrpcClientProtocolClient.java:onNext(254)) - client-D47EFDF0E133->5d71e5de-6d45-4480-a1f1-d41cc2d38630: receive RaftClientReply:client-D47EFDF0E133->5d71e5de-6d45-4480-a1f1-d41cc2d38630@group-C6AEA7A4B82B, cid=2098, SUCCESS, logIndex=3533, commits[5d71e5de-6d45-4480-a1f1-d41cc2d38630:c3533]
2019-06-13 13:50:38,399 INFO  client.GrpcClientProtocolClient (GrpcClientProtocolClient.java:onNext(254)) - client-D47EFDF0E133->5d71e5de-6d45-4480-a1f1-d41cc2d38630: receive RaftClientReply:client-D47EFDF0E133->5d71e5de-6d45-4480-a1f1-d41cc2d38630@group-C6AEA7A4B82B, cid=2099, SUCCESS, logIndex=3534, commits[5d71e5de-6d45-4480-a1f1-d41cc2d38630:c3536]
2019-06-13 13:50:38,400 INFO  client.GrpcClientProtocolClient (GrpcClientProtocolClient.java:onNext(254)) - client-D47EFDF0E133->5d71e5de-6d45-4480-a1f1-d41cc2d38630: receive RaftClientReply:client-D47EFDF0E133->5d71e5de-6d45-4480-a1f1-d41cc2d38630@group-C6AEA7A4B82B, cid=2100, SUCCESS, logIndex=3535, commits[5d71e5de-6d45-4480-a1f1-d41cc2d38630:c3536]
2019-06-13 13:50:38,404 INFO  client.GrpcClientProtocolClient (GrpcClientProtocolClient.java:onNext(254)) - client-D47EFDF0E133->5d71e5de-6d45-4480-a1f1-d41cc2d38630: receive RaftClientReply:client-D47EFDF0E133->5d71e5de-6d45-4480-a1f1-d41cc2d38630@group-C6AEA7A4B82B, cid=2101, SUCCESS, logIndex=3537, commits[5d71e5de-6d45-4480-a1f1-d41cc2d38630:c3537]
2019-06-13 13:50:38,405 INFO  storage.RaftLogWorker (RaftLogWorker.java:rollLogSegment(303)) - 5d71e5de-6d45-4480-a1f1-d41cc2d38630-RaftLogWorker: Rolling segment log-3474_3540 to index:3540
2019-06-13 13:50:38,406 INFO  storage.RaftLogWorker (RaftLogWorker.java:execute(433)) - 5d71e5de-6d45-4480-a1f1-d41cc2d38630-RaftLogWorker: Rolled log segment from /opt/src/hadoop-ozone/integration-test/target/test-dir/MiniOzoneClusterImpl-c05bfa39-b333-4767-bc96-5a78f3430938/datanode-0/data/ratis/3aee30eb-3db1-472a-b851-c6aea7a4b82b/current/log_inprogress_3474 to /opt/src/hadoop-ozone/integration-test/target/test-dir/MiniOzoneClusterImpl-c05bfa39-b333-4767-bc96-5a78f3430938/datanode-0/data/ratis/3aee30eb-3db1-472a-b851-c6aea7a4b82b/current/log_3474-3540
2019-06-13 13:50:38,406 INFO  client.GrpcClientProtocolClient (GrpcClientProtocolClient.java:onNext(254)) - client-D47EFDF0E133->5d71e5de-6d45-4480-a1f1-d41cc2d38630: receive RaftClientReply:client-D47EFDF0E133->5d71e5de-6d45-4480-a1f1-d41cc2d38630@group-C6AEA7A4B82B, cid=2102, SUCCESS, logIndex=3539, commits[5d71e5de-6d45-4480-a1f1-d41cc2d38630:c3540]
2019-06-13 13:50:38,407 INFO  client.GrpcClientProtocolClient (GrpcClientProtocolClient.java:onNext(254)) - client-D47EFDF0E133->5d71e5de-6d45-4480-a1f1-d41cc2d38630: receive RaftClientReply:client-D47EFDF0E133->5d71e5de-6d45-4480-a1f1-d41cc2d38630@group-C6AEA7A4B82B, cid=2103, SUCCESS, logIndex=3540, commits[5d71e5de-6d45-4480-a1f1-d41cc2d38630:c3540]
2019-06-13 13:50:38,442 DEBUG block.SCMBlockDeletingService (SCMBlockDeletingService.java:call(138)) - Running DeletedBlockTransactionScanner
2019-06-13 13:50:38,442 INFO  storage.RaftLogWorker (RaftLogWorker.java:execute(469)) - 5d71e5de-6d45-4480-a1f1-d41cc2d38630-RaftLogWorker: created new log segment /opt/src/hadoop-ozone/integration-test/target/test-dir/MiniOzoneClusterImpl-c05bfa39-b333-4767-bc96-5a78f3430938/datanode-0/data/ratis/3aee30eb-3db1-472a-b851-c6aea7a4b82b/current/log_inprogress_3541
2019-06-13 13:50:38,442 DEBUG block.SCMBlockDeletingService (SCMBlockDeletingService.java:call(155)) - Scanned deleted blocks log and got 0 delTX to process.
2019-06-13 13:50:38,443 INFO  client.GrpcClientProtocolClient (GrpcClientProtocolClient.java:onNext(254)) - client-D47EFDF0E133->5d71e5de-6d45-4480-a1f1-d41cc2d38630: receive RaftClientReply:client-D47EFDF0E133->5d71e5de-6d45-4480-a1f1-d41cc2d38630@group-C6AEA7A4B82B, cid=2104, SUCCESS, logIndex=3541, commits[5d71e5de-6d45-4480-a1f1-d41cc2d38630:c3543]
2019-06-13 13:50:38,457 INFO  client.GrpcClientProtocolClient (GrpcClientProtocolClient.java:onNext(254)) - client-D47EFDF0E133->5d71e5de-6d45-4480-a1f1-d41cc2d38630: receive RaftClientReply:client-D47EFDF0E133->5d71e5de-6d45-4480-a1f1-d41cc2d38630@group-C6AEA7A4B82B, cid=2105, SUCCESS, logIndex=3544, commits[5d71e5de-6d45-4480-a1f1-d41cc2d38630:c3544]
2019-06-13 13:50:38,458 INFO  client.GrpcClientProtocolClient (GrpcClientProtocolClient.java:onNext(254)) - client-D47EFDF0E133->5d71e5de-6d45-4480-a1f1-d41cc2d38630: receive RaftClientReply:client-D47EFDF0E133->5d71e5de-6d45-4480-a1f1-d41cc2d38630@group-C6AEA7A4B82B, cid=2106, SUCCESS, logIndex=3546, commits[5d71e5de-6d45-4480-a1f1-d41cc2d38630:c3546]
2019-06-13 13:50:38,461 INFO  client.GrpcClientProtocolClient (GrpcClientProtocolClient.java:onNext(254)) - client-D47EFDF0E133->5d71e5de-6d45-4480-a1f1-d41cc2d38630: receive RaftClientReply:client-D47EFDF0E133->5d71e5de-6d45-4480-a1f1-d41cc2d38630@group-C6AEA7A4B82B, cid=2107, SUCCESS, logIndex=3548, commits[5d71e5de-6d45-4480-a1f1-d41cc2d38630:c3549]
2019-06-13 13:50:38,461 INFO  client.GrpcClientProtocolClient (GrpcClientProtocolClient.java:onNext(254)) - client-D47EFDF0E133->5d71e5de-6d45-4480-a1f1-d41cc2d38630: receive RaftClientReply:client-D47EFDF0E133->5d71e5de-6d45-4480-a1f1-d41cc2d38630@group-C6AEA7A4B82B, cid=2108, SUCCESS, logIndex=3549, commits[5d71e5de-6d45-4480-a1f1-d41cc2d38630:c3549]
2019-06-13 13:50:38,466 INFO  client.GrpcClientProtocolClient (GrpcClientProtocolClient.java:onNext(254)) - client-D47EFDF0E133->5d71e5de-6d45-4480-a1f1-d41cc2d38630: receive RaftClientReply:client-D47EFDF0E133->5d71e5de-6d45-4480-a1f1-d41cc2d38630@group-C6AEA7A4B82B, cid=2109, SUCCESS, logIndex=3551, commits[5d71e5de-6d45-4480-a1f1-d41cc2d38630:c3551]
2019-06-13 13:50:38,467 INFO  client.GrpcClientProtocolClient (GrpcClientProtocolClient.java:onNext(254)) - client-D47EFDF0E133->5d71e5de-6d45-4480-a1f1-d41cc2d38630: receive RaftClientReply:client-D47EFDF0E133->5d71e5de-6d45-4480-a1f1-d41cc2d38630@group-C6AEA7A4B82B, cid=2110, SUCCESS, logIndex=3553, commits[5d71e5de-6d45-4480-a1f1-d41cc2d38630:c3553]
2019-06-13 13:50:38,468 INFO  client.GrpcClientProtocolClient (GrpcClientProtocolClient.java:onNext(254)) - client-D47EFDF0E133->5d71e5de-6d45-4480-a1f1-d41cc2d38630: receive RaftClientReply:client-D47EFDF0E133->5d71e5de-6d45-4480-a1f1-d41cc2d38630@group-C6AEA7A4B82B, cid=2111, SUCCESS, logIndex=3554, commits[5d71e5de-6d45-4480-a1f1-d41cc2d38630:c3556]
2019-06-13 13:50:38,468 INFO  client.GrpcClientProtocolClient (GrpcClientProtocolClient.java:onNext(254)) - client-D47EFDF0E133->5d71e5de-6d45-4480-a1f1-d41cc2d38630: receive RaftClientReply:client-D47EFDF0E133->5d71e5de-6d45-4480-a1f1-d41cc2d38630@group-C6AEA7A4B82B, cid=2112, SUCCESS, logIndex=3555, commits[5d71e5de-6d45-4480-a1f1-d41cc2d38630:c3556]
2019-06-13 13:50:38,478 INFO  client.GrpcClientProtocolClient (GrpcClientProtocolClient.java:onNext(254)) - client-D47EFDF0E133->5d71e5de-6d45-4480-a1f1-d41cc2d38630: receive RaftClientReply:client-D47EFDF0E133->5d71e5de-6d45-4480-a1f1-d41cc2d38630@group-C6AEA7A4B82B, cid=2113, SUCCESS, logIndex=3557, commits[5d71e5de-6d45-4480-a1f1-d41cc2d38630:c3557]
2019-06-13 13:50:38,479 INFO  client.GrpcClientProtocolClient (GrpcClientProtocolClient.java:onNext(254)) - client-D47EFDF0E133->5d71e5de-6d45-4480-a1f1-d41cc2d38630: receive RaftClientReply:client-D47EFDF0E133->5d71e5de-6d45-4480-a1f1-d41cc2d38630@group-C6AEA7A4B82B, cid=2114, SUCCESS, logIndex=3559, commits[5d71e5de-6d45-4480-a1f1-d41cc2d38630:c3559]
2019-06-13 13:50:38,480 INFO  client.GrpcClientProtocolClient (GrpcClientProtocolClient.java:onNext(254)) - client-D47EFDF0E133->5d71e5de-6d45-4480-a1f1-d41cc2d38630: receive RaftClientReply:client-D47EFDF0E133->5d71e5de-6d45-4480-a1f1-d41cc2d38630@group-C6AEA7A4B82B, cid=2115, SUCCESS, logIndex=3560, commits[5d71e5de-6d45-4480-a1f1-d41cc2d38630:c3562]
2019-06-13 13:50:38,481 INFO  client.GrpcClientProtocolClient (GrpcClientProtocolClient.java:onNext(254)) - client-D47EFDF0E133->5d71e5de-6d45-4480-a1f1-d41cc2d38630: receive RaftClientReply:client-D47EFDF0E133->5d71e5de-6d45-4480-a1f1-d41cc2d38630@group-C6AEA7A4B82B, cid=2116, SUCCESS, logIndex=3562, commits[5d71e5de-6d45-4480-a1f1-d41cc2d38630:c3562]
2019-06-13 13:50:38,486 INFO  client.GrpcClientProtocolClient (GrpcClientProtocolClient.java:onNext(254)) - client-D47EFDF0E133->5d71e5de-6d45-4480-a1f1-d41cc2d38630: receive RaftClientReply:client-D47EFDF0E133->5d71e5de-6d45-4480-a1f1-d41cc2d38630@group-C6AEA7A4B82B, cid=2117, SUCCESS, logIndex=3564, commits[5d71e5de-6d45-4480-a1f1-d41cc2d38630:c3564]
2019-06-13 13:50:38,536 INFO  client.GrpcClientProtocolClient (GrpcClientProtocolClient.java:onNext(254)) - client-D47EFDF0E133->5d71e5de-6d45-4480-a1f1-d41cc2d38630: receive RaftClientReply:client-D47EFDF0E133->5d71e5de-6d45-4480-a1f1-d41cc2d38630@group-C6AEA7A4B82B, cid=2118, SUCCESS, logIndex=3566, commits[5d71e5de-6d45-4480-a1f1-d41cc2d38630:c3566]
2019-06-13 13:50:38,537 INFO  client.GrpcClientProtocolClient (GrpcClientProtocolClient.java:onNext(254)) - client-D47EFDF0E133->5d71e5de-6d45-4480-a1f1-d41cc2d38630: receive RaftClientReply:client-D47EFDF0E133->5d71e5de-6d45-4480-a1f1-d41cc2d38630@group-C6AEA7A4B82B, cid=2119, SUCCESS, logIndex=3567, commits[5d71e5de-6d45-4480-a1f1-d41cc2d38630:c3568]
2019-06-13 13:50:38,537 INFO  client.GrpcClientProtocolClient (GrpcClientProtocolClient.java:onNext(254)) - client-D47EFDF0E133->5d71e5de-6d45-4480-a1f1-d41cc2d38630: receive RaftClientReply:client-D47EFDF0E133->5d71e5de-6d45-4480-a1f1-d41cc2d38630@group-C6AEA7A4B82B, cid=2120, SUCCESS, logIndex=3568, commits[5d71e5de-6d45-4480-a1f1-d41cc2d38630:c3569]
2019-06-13 13:50:38,542 DEBUG block.SCMBlockDeletingService (SCMBlockDeletingService.java:call(138)) - Running DeletedBlockTransactionScanner
2019-06-13 13:50:38,542 DEBUG block.SCMBlockDeletingService (SCMBlockDeletingService.java:call(155)) - Scanned deleted blocks log and got 0 delTX to process.
2019-06-13 13:50:38,615 INFO  client.GrpcClientProtocolClient (GrpcClientProtocolClient.java:onNext(254)) - client-D47EFDF0E133->5d71e5de-6d45-4480-a1f1-d41cc2d38630: receive RaftClientReply:client-D47EFDF0E133->5d71e5de-6d45-4480-a1f1-d41cc2d38630@group-C6AEA7A4B82B, cid=2121, SUCCESS, logIndex=3571, commits[5d71e5de-6d45-4480-a1f1-d41cc2d38630:c3571]
2019-06-13 13:50:38,617 INFO  client.GrpcClientProtocolClient (GrpcClientProtocolClient.java:onNext(254)) - client-D47EFDF0E133->5d71e5de-6d45-4480-a1f1-d41cc2d38630: receive RaftClientReply:client-D47EFDF0E133->5d71e5de-6d45-4480-a1f1-d41cc2d38630@group-C6AEA7A4B82B, cid=2122, SUCCESS, logIndex=3573, commits[5d71e5de-6d45-4480-a1f1-d41cc2d38630:c3573]
2019-06-13 13:50:38,617 INFO  client.GrpcClientProtocolClient (GrpcClientProtocolClient.java:onNext(254)) - client-D47EFDF0E133->5d71e5de-6d45-4480-a1f1-d41cc2d38630: receive RaftClientReply:client-D47EFDF0E133->5d71e5de-6d45-4480-a1f1-d41cc2d38630@group-C6AEA7A4B82B, cid=2123, SUCCESS, logIndex=3574, commits[5d71e5de-6d45-4480-a1f1-d41cc2d38630:c3576]
2019-06-13 13:50:38,618 INFO  client.GrpcClientProtocolClient (GrpcClientProtocolClient.java:onNext(254)) - client-D47EFDF0E133->5d71e5de-6d45-4480-a1f1-d41cc2d38630: receive RaftClientReply:client-D47EFDF0E133->5d71e5de-6d45-4480-a1f1-d41cc2d38630@group-C6AEA7A4B82B, cid=2124, SUCCESS, logIndex=3575, commits[5d71e5de-6d45-4480-a1f1-d41cc2d38630:c3576]
2019-06-13 13:50:38,623 INFO  client.GrpcClientProtocolClient (GrpcClientProtocolClient.java:onNext(254)) - client-D47EFDF0E133->5d71e5de-6d45-4480-a1f1-d41cc2d38630: receive RaftClientReply:client-D47EFDF0E133->5d71e5de-6d45-4480-a1f1-d41cc2d38630@group-C6AEA7A4B82B, cid=2125, SUCCESS, logIndex=3577, commits[5d71e5de-6d45-4480-a1f1-d41cc2d38630:c3577]
2019-06-13 13:50:38,624 INFO  client.GrpcClientProtocolClient (GrpcClientProtocolClient.java:onNext(254)) - client-D47EFDF0E133->5d71e5de-6d45-4480-a1f1-d41cc2d38630: receive RaftClientReply:client-D47EFDF0E133->5d71e5de-6d45-4480-a1f1-d41cc2d38630@group-C6AEA7A4B82B, cid=2126, SUCCESS, logIndex=3579, commits[5d71e5de-6d45-4480-a1f1-d41cc2d38630:c3579]
2019-06-13 13:50:38,625 INFO  client.GrpcClientProtocolClient (GrpcClientProtocolClient.java:onNext(254)) - client-D47EFDF0E133->5d71e5de-6d45-4480-a1f1-d41cc2d38630: receive RaftClientReply:client-D47EFDF0E133->5d71e5de-6d45-4480-a1f1-d41cc2d38630@group-C6AEA7A4B82B, cid=2127, SUCCESS, logIndex=3580, commits[5d71e5de-6d45-4480-a1f1-d41cc2d38630:c3582]
2019-06-13 13:50:38,626 INFO  client.GrpcClientProtocolClient (GrpcClientProtocolClient.java:onNext(254)) - client-D47EFDF0E133->5d71e5de-6d45-4480-a1f1-d41cc2d38630: receive RaftClientReply:client-D47EFDF0E133->5d71e5de-6d45-4480-a1f1-d41cc2d38630@group-C6AEA7A4B82B, cid=2128, SUCCESS, logIndex=3581, commits[5d71e5de-6d45-4480-a1f1-d41cc2d38630:c3582]
2019-06-13 13:50:38,634 INFO  client.GrpcClientProtocolClient (GrpcClientProtocolClient.java:onNext(254)) - client-D47EFDF0E133->5d71e5de-6d45-4480-a1f1-d41cc2d38630: receive RaftClientReply:client-D47EFDF0E133->5d71e5de-6d45-4480-a1f1-d41cc2d38630@group-C6AEA7A4B82B, cid=2129, SUCCESS, logIndex=3583, commits[5d71e5de-6d45-4480-a1f1-d41cc2d38630:c3583]
2019-06-13 13:50:38,635 INFO  client.GrpcClientProtocolClient (GrpcClientProtocolClient.java:onNext(254)) - client-D47EFDF0E133->5d71e5de-6d45-4480-a1f1-d41cc2d38630: receive RaftClientReply:client-D47EFDF0E133->5d71e5de-6d45-4480-a1f1-d41cc2d38630@group-C6AEA7A4B82B, cid=2130, SUCCESS, logIndex=3585, commits[5d71e5de-6d45-4480-a1f1-d41cc2d38630:c3585]
2019-06-13 13:50:38,636 INFO  client.GrpcClientProtocolClient (GrpcClientProtocolClient.java:onNext(254)) - client-D47EFDF0E133->5d71e5de-6d45-4480-a1f1-d41cc2d38630: receive RaftClientReply:client-D47EFDF0E133->5d71e5de-6d45-4480-a1f1-d41cc2d38630@group-C6AEA7A4B82B, cid=2131, SUCCESS, logIndex=3586, commits[5d71e5de-6d45-4480-a1f1-d41cc2d38630:c3588]
2019-06-13 13:50:38,636 INFO  client.GrpcClientProtocolClient (GrpcClientProtocolClient.java:onNext(254)) - client-D47EFDF0E133->5d71e5de-6d45-4480-a1f1-d41cc2d38630: receive RaftClientReply:client-D47EFDF0E133->5d71e5de-6d45-4480-a1f1-d41cc2d38630@group-C6AEA7A4B82B, cid=2132, SUCCESS, logIndex=3587, commits[5d71e5de-6d45-4480-a1f1-d41cc2d38630:c3588]
2019-06-13 13:50:38,641 INFO  client.GrpcClientProtocolClient (GrpcClientProtocolClient.java:onNext(254)) - client-D47EFDF0E133->5d71e5de-6d45-4480-a1f1-d41cc2d38630: receive RaftClientReply:client-D47EFDF0E133->5d71e5de-6d45-4480-a1f1-d41cc2d38630@group-C6AEA7A4B82B, cid=2133, SUCCESS, logIndex=3589, commits[5d71e5de-6d45-4480-a1f1-d41cc2d38630:c3589]
2019-06-13 13:50:38,642 INFO  client.GrpcClientProtocolClient (GrpcClientProtocolClient.java:onNext(254)) - client-D47EFDF0E133->5d71e5de-6d45-4480-a1f1-d41cc2d38630: receive RaftClientReply:client-D47EFDF0E133->5d71e5de-6d45-4480-a1f1-d41cc2d38630@group-C6AEA7A4B82B, cid=2134, SUCCESS, logIndex=3591, commits[5d71e5de-6d45-4480-a1f1-d41cc2d38630:c3591]
2019-06-13 13:50:38,642 DEBUG block.SCMBlockDeletingService (SCMBlockDeletingService.java:call(138)) - Running DeletedBlockTransactionScanner
2019-06-13 13:50:38,643 DEBUG block.SCMBlockDeletingService (SCMBlockDeletingService.java:call(155)) - Scanned deleted blocks log and got 0 delTX to process.
2019-06-13 13:50:38,643 INFO  client.GrpcClientProtocolClient (GrpcClientProtocolClient.java:onNext(254)) - client-D47EFDF0E133->5d71e5de-6d45-4480-a1f1-d41cc2d38630: receive RaftClientReply:client-D47EFDF0E133->5d71e5de-6d45-4480-a1f1-d41cc2d38630@group-C6AEA7A4B82B, cid=2135, SUCCESS, logIndex=3592, commits[5d71e5de-6d45-4480-a1f1-d41cc2d38630:c3594]
2019-06-13 13:50:38,644 INFO  client.GrpcClientProtocolClient (GrpcClientProtocolClient.java:onNext(254)) - client-D47EFDF0E133->5d71e5de-6d45-4480-a1f1-d41cc2d38630: receive RaftClientReply:client-D47EFDF0E133->5d71e5de-6d45-4480-a1f1-d41cc2d38630@group-C6AEA7A4B82B, cid=2136, SUCCESS, logIndex=3593, commits[5d71e5de-6d45-4480-a1f1-d41cc2d38630:c3594]
2019-06-13 13:50:38,652 INFO  client.GrpcClientProtocolClient (GrpcClientProtocolClient.java:onNext(254)) - client-D47EFDF0E133->5d71e5de-6d45-4480-a1f1-d41cc2d38630: receive RaftClientReply:client-D47EFDF0E133->5d71e5de-6d45-4480-a1f1-d41cc2d38630@group-C6AEA7A4B82B, cid=2137, SUCCESS, logIndex=3595, commits[5d71e5de-6d45-4480-a1f1-d41cc2d38630:c3595]
2019-06-13 13:50:38,653 INFO  client.GrpcClientProtocolClient (GrpcClientProtocolClient.java:onNext(254)) - client-D47EFDF0E133->5d71e5de-6d45-4480-a1f1-d41cc2d38630: receive RaftClientReply:client-D47EFDF0E133->5d71e5de-6d45-4480-a1f1-d41cc2d38630@group-C6AEA7A4B82B, cid=2138, SUCCESS, logIndex=3597, commits[5d71e5de-6d45-4480-a1f1-d41cc2d38630:c3597]
2019-06-13 13:50:38,654 INFO  client.GrpcClientProtocolClient (GrpcClientProtocolClient.java:onNext(254)) - client-D47EFDF0E133->5d71e5de-6d45-4480-a1f1-d41cc2d38630: receive RaftClientReply:client-D47EFDF0E133->5d71e5de-6d45-4480-a1f1-d41cc2d38630@group-C6AEA7A4B82B, cid=2139, SUCCESS, logIndex=3598, commits[5d71e5de-6d45-4480-a1f1-d41cc2d38630:c3600]
2019-06-13 13:50:38,654 INFO  client.GrpcClientProtocolClient (GrpcClientProtocolClient.java:onNext(254)) - client-D47EFDF0E133->5d71e5de-6d45-4480-a1f1-d41cc2d38630: receive RaftClientReply:client-D47EFDF0E133->5d71e5de-6d45-4480-a1f1-d41cc2d38630@group-C6AEA7A4B82B, cid=2140, SUCCESS, logIndex=3599, commits[5d71e5de-6d45-4480-a1f1-d41cc2d38630:c3600]
2019-06-13 13:50:38,661 INFO  client.GrpcClientProtocolClient (GrpcClientProtocolClient.java:onNext(254)) - client-D47EFDF0E133->5d71e5de-6d45-4480-a1f1-d41cc2d38630: receive RaftClientReply:client-D47EFDF0E133->5d71e5de-6d45-4480-a1f1-d41cc2d38630@group-C6AEA7A4B82B, cid=2141, SUCCESS, logIndex=3601, commits[5d71e5de-6d45-4480-a1f1-d41cc2d38630:c3601]
2019-06-13 13:50:38,662 INFO  client.GrpcClientProtocolClient (GrpcClientProtocolClient.java:onNext(254)) - client-D47EFDF0E133->5d71e5de-6d45-4480-a1f1-d41cc2d38630: receive RaftClientReply:client-D47EFDF0E133->5d71e5de-6d45-4480-a1f1-d41cc2d38630@group-C6AEA7A4B82B, cid=2142, SUCCESS, logIndex=3603, commits[5d71e5de-6d45-4480-a1f1-d41cc2d38630:c3603]
2019-06-13 13:50:38,666 INFO  client.GrpcClientProtocolClient (GrpcClientProtocolClient.java:onNext(254)) - client-D47EFDF0E133->5d71e5de-6d45-4480-a1f1-d41cc2d38630: receive RaftClientReply:client-D47EFDF0E133->5d71e5de-6d45-4480-a1f1-d41cc2d38630@group-C6AEA7A4B82B, cid=2143, SUCCESS, logIndex=3604, commits[5d71e5de-6d45-4480-a1f1-d41cc2d38630:c3606]
2019-06-13 13:50:38,666 INFO  client.GrpcClientProtocolClient (GrpcClientProtocolClient.java:onNext(254)) - client-D47EFDF0E133->5d71e5de-6d45-4480-a1f1-d41cc2d38630: receive RaftClientReply:client-D47EFDF0E133->5d71e5de-6d45-4480-a1f1-d41cc2d38630@group-C6AEA7A4B82B, cid=2144, SUCCESS, logIndex=3605, commits[5d71e5de-6d45-4480-a1f1-d41cc2d38630:c3606]
2019-06-13 13:50:38,675 INFO  client.GrpcClientProtocolClient (GrpcClientProtocolClient.java:onNext(254)) - client-D47EFDF0E133->5d71e5de-6d45-4480-a1f1-d41cc2d38630: receive RaftClientReply:client-D47EFDF0E133->5d71e5de-6d45-4480-a1f1-d41cc2d38630@group-C6AEA7A4B82B, cid=2145, SUCCESS, logIndex=3607, commits[5d71e5de-6d45-4480-a1f1-d41cc2d38630:c3607]
2019-06-13 13:50:38,677 INFO  client.GrpcClientProtocolClient (GrpcClientProtocolClient.java:onNext(254)) - client-D47EFDF0E133->5d71e5de-6d45-4480-a1f1-d41cc2d38630: receive RaftClientReply:client-D47EFDF0E133->5d71e5de-6d45-4480-a1f1-d41cc2d38630@group-C6AEA7A4B82B, cid=2146, SUCCESS, logIndex=3609, commits[5d71e5de-6d45-4480-a1f1-d41cc2d38630:c3609]
2019-06-13 13:50:38,677 INFO  storage.RaftLogWorker (RaftLogWorker.java:rollLogSegment(303)) - 5d71e5de-6d45-4480-a1f1-d41cc2d38630-RaftLogWorker: Rolling segment log-3541_3610 to index:3610
2019-06-13 13:50:38,677 INFO  storage.RaftLogWorker (RaftLogWorker.java:execute(433)) - 5d71e5de-6d45-4480-a1f1-d41cc2d38630-RaftLogWorker: Rolled log segment from /opt/src/hadoop-ozone/integration-test/target/test-dir/MiniOzoneClusterImpl-c05bfa39-b333-4767-bc96-5a78f3430938/datanode-0/data/ratis/3aee30eb-3db1-472a-b851-c6aea7a4b82b/current/log_inprogress_3541 to /opt/src/hadoop-ozone/integration-test/target/test-dir/MiniOzoneClusterImpl-c05bfa39-b333-4767-bc96-5a78f3430938/datanode-0/data/ratis/3aee30eb-3db1-472a-b851-c6aea7a4b82b/current/log_3541-3610
2019-06-13 13:50:38,716 INFO  storage.RaftLogWorker (RaftLogWorker.java:execute(469)) - 5d71e5de-6d45-4480-a1f1-d41cc2d38630-RaftLogWorker: created new log segment /opt/src/hadoop-ozone/integration-test/target/test-dir/MiniOzoneClusterImpl-c05bfa39-b333-4767-bc96-5a78f3430938/datanode-0/data/ratis/3aee30eb-3db1-472a-b851-c6aea7a4b82b/current/log_inprogress_3611
2019-06-13 13:50:38,717 INFO  client.GrpcClientProtocolClient (GrpcClientProtocolClient.java:onNext(254)) - client-D47EFDF0E133->5d71e5de-6d45-4480-a1f1-d41cc2d38630: receive RaftClientReply:client-D47EFDF0E133->5d71e5de-6d45-4480-a1f1-d41cc2d38630@group-C6AEA7A4B82B, cid=2147, SUCCESS, logIndex=3611, commits[5d71e5de-6d45-4480-a1f1-d41cc2d38630:c3612]
2019-06-13 13:50:38,718 INFO  client.GrpcClientProtocolClient (GrpcClientProtocolClient.java:onNext(254)) - client-D47EFDF0E133->5d71e5de-6d45-4480-a1f1-d41cc2d38630: receive RaftClientReply:client-D47EFDF0E133->5d71e5de-6d45-4480-a1f1-d41cc2d38630@group-C6AEA7A4B82B, cid=2148, SUCCESS, logIndex=3612, commits[5d71e5de-6d45-4480-a1f1-d41cc2d38630:c3612]
2019-06-13 13:50:38,723 INFO  client.GrpcClientProtocolClient (GrpcClientProtocolClient.java:onNext(254)) - client-D47EFDF0E133->5d71e5de-6d45-4480-a1f1-d41cc2d38630: receive RaftClientReply:client-D47EFDF0E133->5d71e5de-6d45-4480-a1f1-d41cc2d38630@group-C6AEA7A4B82B, cid=2149, SUCCESS, logIndex=3614, commits[5d71e5de-6d45-4480-a1f1-d41cc2d38630:c3614]
2019-06-13 13:50:38,725 INFO  client.GrpcClientProtocolClient (GrpcClientProtocolClient.java:onNext(254)) - client-D47EFDF0E133->5d71e5de-6d45-4480-a1f1-d41cc2d38630: receive RaftClientReply:client-D47EFDF0E133->5d71e5de-6d45-4480-a1f1-d41cc2d38630@group-C6AEA7A4B82B, cid=2150, SUCCESS, logIndex=3616, commits[5d71e5de-6d45-4480-a1f1-d41cc2d38630:c3618]
2019-06-13 13:50:38,726 INFO  client.GrpcClientProtocolClient (GrpcClientProtocolClient.java:onNext(254)) - client-D47EFDF0E133->5d71e5de-6d45-4480-a1f1-d41cc2d38630: receive RaftClientReply:client-D47EFDF0E133->5d71e5de-6d45-4480-a1f1-d41cc2d38630@group-C6AEA7A4B82B, cid=2151, SUCCESS, logIndex=3617, commits[5d71e5de-6d45-4480-a1f1-d41cc2d38630:c3618]
2019-06-13 13:50:38,726 INFO  client.GrpcClientProtocolClient (GrpcClientProtocolClient.java:onNext(254)) - client-D47EFDF0E133->5d71e5de-6d45-4480-a1f1-d41cc2d38630: receive RaftClientReply:client-D47EFDF0E133->5d71e5de-6d45-4480-a1f1-d41cc2d38630@group-C6AEA7A4B82B, cid=2152, SUCCESS, logIndex=3618, commits[5d71e5de-6d45-4480-a1f1-d41cc2d38630:c3619]
2019-06-13 13:50:38,737 INFO  client.GrpcClientProtocolClient (GrpcClientProtocolClient.java:onNext(254)) - client-D47EFDF0E133->5d71e5de-6d45-4480-a1f1-d41cc2d38630: receive RaftClientReply:client-D47EFDF0E133->5d71e5de-6d45-4480-a1f1-d41cc2d38630@group-C6AEA7A4B82B, cid=2153, SUCCESS, logIndex=3620, commits[5d71e5de-6d45-4480-a1f1-d41cc2d38630:c3620]
2019-06-13 13:50:38,739 INFO  client.GrpcClientProtocolClient (GrpcClientProtocolClient.java:onNext(254)) - client-D47EFDF0E133->5d71e5de-6d45-4480-a1f1-d41cc2d38630: receive RaftClientReply:client-D47EFDF0E133->5d71e5de-6d45-4480-a1f1-d41cc2d38630@group-C6AEA7A4B82B, cid=2154, SUCCESS, logIndex=3622, commits[5d71e5de-6d45-4480-a1f1-d41cc2d38630:c3622]
2019-06-13 13:50:38,739 INFO  client.GrpcClientProtocolClient (GrpcClientProtocolClient.java:onNext(254)) - client-D47EFDF0E133->5d71e5de-6d45-4480-a1f1-d41cc2d38630: receive RaftClientReply:client-D47EFDF0E133->5d71e5de-6d45-4480-a1f1-d41cc2d38630@group-C6AEA7A4B82B, cid=2155, SUCCESS, logIndex=3623, commits[5d71e5de-6d45-4480-a1f1-d41cc2d38630:c3624]
2019-06-13 13:50:38,740 INFO  client.GrpcClientProtocolClient (GrpcClientProtocolClient.java:onNext(254)) - client-D47EFDF0E133->5d71e5de-6d45-4480-a1f1-d41cc2d38630: receive RaftClientReply:client-D47EFDF0E133->5d71e5de-6d45-4480-a1f1-d41cc2d38630@group-C6AEA7A4B82B, cid=2156, SUCCESS, logIndex=3624, commits[5d71e5de-6d45-4480-a1f1-d41cc2d38630:c3624]
2019-06-13 13:50:38,744 DEBUG block.SCMBlockDeletingService (SCMBlockDeletingService.java:call(138)) - Running DeletedBlockTransactionScanner
2019-06-13 13:50:38,744 DEBUG block.SCMBlockDeletingService (SCMBlockDeletingService.java:call(155)) - Scanned deleted blocks log and got 0 delTX to process.
2019-06-13 13:50:38,745 INFO  client.GrpcClientProtocolClient (GrpcClientProtocolClient.java:onNext(254)) - client-D47EFDF0E133->5d71e5de-6d45-4480-a1f1-d41cc2d38630: receive RaftClientReply:client-D47EFDF0E133->5d71e5de-6d45-4480-a1f1-d41cc2d38630@group-C6AEA7A4B82B, cid=2157, SUCCESS, logIndex=3627, commits[5d71e5de-6d45-4480-a1f1-d41cc2d38630:c3627]
2019-06-13 13:50:38,750 INFO  client.GrpcClientProtocolClient (GrpcClientProtocolClient.java:onNext(254)) - client-D47EFDF0E133->5d71e5de-6d45-4480-a1f1-d41cc2d38630: receive RaftClientReply:client-D47EFDF0E133->5d71e5de-6d45-4480-a1f1-d41cc2d38630@group-C6AEA7A4B82B, cid=2158, SUCCESS, logIndex=3629, commits[5d71e5de-6d45-4480-a1f1-d41cc2d38630:c3629]
2019-06-13 13:50:38,750 INFO  client.GrpcClientProtocolClient (GrpcClientProtocolClient.java:onNext(254)) - client-D47EFDF0E133->5d71e5de-6d45-4480-a1f1-d41cc2d38630: receive RaftClientReply:client-D47EFDF0E133->5d71e5de-6d45-4480-a1f1-d41cc2d38630@group-C6AEA7A4B82B, cid=2159, SUCCESS, logIndex=3630, commits[5d71e5de-6d45-4480-a1f1-d41cc2d38630:c3632]
2019-06-13 13:50:38,750 INFO  client.GrpcClientProtocolClient (GrpcClientProtocolClient.java:onNext(254)) - client-D47EFDF0E133->5d71e5de-6d45-4480-a1f1-d41cc2d38630: receive RaftClientReply:client-D47EFDF0E133->5d71e5de-6d45-4480-a1f1-d41cc2d38630@group-C6AEA7A4B82B, cid=2160, SUCCESS, logIndex=3631, commits[5d71e5de-6d45-4480-a1f1-d41cc2d38630:c3632]
2019-06-13 13:50:38,761 INFO  client.GrpcClientProtocolClient (GrpcClientProtocolClient.java:onNext(254)) - client-D47EFDF0E133->5d71e5de-6d45-4480-a1f1-d41cc2d38630: receive RaftClientReply:client-D47EFDF0E133->5d71e5de-6d45-4480-a1f1-d41cc2d38630@group-C6AEA7A4B82B, cid=2161, SUCCESS, logIndex=3633, commits[5d71e5de-6d45-4480-a1f1-d41cc2d38630:c3633]
2019-06-13 13:50:38,765 INFO  client.GrpcClientProtocolClient (GrpcClientProtocolClient.java:onNext(254)) - client-D47EFDF0E133->5d71e5de-6d45-4480-a1f1-d41cc2d38630: receive RaftClientReply:client-D47EFDF0E133->5d71e5de-6d45-4480-a1f1-d41cc2d38630@group-C6AEA7A4B82B, cid=2162, SUCCESS, logIndex=3635, commits[5d71e5de-6d45-4480-a1f1-d41cc2d38630:c3635]
2019-06-13 13:50:38,768 INFO  client.GrpcClientProtocolClient (GrpcClientProtocolClient.java:onNext(254)) - client-D47EFDF0E133->5d71e5de-6d45-4480-a1f1-d41cc2d38630: receive RaftClientReply:client-D47EFDF0E133->5d71e5de-6d45-4480-a1f1-d41cc2d38630@group-C6AEA7A4B82B, cid=2163, SUCCESS, logIndex=3637, commits[5d71e5de-6d45-4480-a1f1-d41cc2d38630:c3638]
2019-06-13 13:50:38,769 INFO  client.GrpcClientProtocolClient (GrpcClientProtocolClient.java:onNext(254)) - client-D47EFDF0E133->5d71e5de-6d45-4480-a1f1-d41cc2d38630: receive RaftClientReply:client-D47EFDF0E133->5d71e5de-6d45-4480-a1f1-d41cc2d38630@group-C6AEA7A4B82B, cid=2164, SUCCESS, logIndex=3638, commits[5d71e5de-6d45-4480-a1f1-d41cc2d38630:c3638]
2019-06-13 13:50:38,778 INFO  client.GrpcClientProtocolClient (GrpcClientProtocolClient.java:onNext(254)) - client-D47EFDF0E133->5d71e5de-6d45-4480-a1f1-d41cc2d38630: receive RaftClientReply:client-D47EFDF0E133->5d71e5de-6d45-4480-a1f1-d41cc2d38630@group-C6AEA7A4B82B, cid=2165, SUCCESS, logIndex=3640, commits[5d71e5de-6d45-4480-a1f1-d41cc2d38630:c3640]
2019-06-13 13:50:38,786 INFO  client.GrpcClientProtocolClient (GrpcClientProtocolClient.java:onNext(254)) - client-D47EFDF0E133->5d71e5de-6d45-4480-a1f1-d41cc2d38630: receive RaftClientReply:client-D47EFDF0E133->5d71e5de-6d45-4480-a1f1-d41cc2d38630@group-C6AEA7A4B82B, cid=2166, SUCCESS, logIndex=3642, commits[5d71e5de-6d45-4480-a1f1-d41cc2d38630:c3642]
2019-06-13 13:50:38,845 DEBUG block.SCMBlockDeletingService (SCMBlockDeletingService.java:call(138)) - Running DeletedBlockTransactionScanner
2019-06-13 13:50:38,846 DEBUG block.SCMBlockDeletingService (SCMBlockDeletingService.java:call(155)) - Scanned deleted blocks log and got 0 delTX to process.
2019-06-13 13:50:38,860 INFO  client.GrpcClientProtocolClient (GrpcClientProtocolClient.java:onNext(254)) - client-D47EFDF0E133->5d71e5de-6d45-4480-a1f1-d41cc2d38630: receive RaftClientReply:client-D47EFDF0E133->5d71e5de-6d45-4480-a1f1-d41cc2d38630@group-C6AEA7A4B82B, cid=2167, SUCCESS, logIndex=3644, commits[5d71e5de-6d45-4480-a1f1-d41cc2d38630:c3644]
2019-06-13 13:50:38,861 INFO  client.GrpcClientProtocolClient (GrpcClientProtocolClient.java:onNext(254)) - client-D47EFDF0E133->5d71e5de-6d45-4480-a1f1-d41cc2d38630: receive RaftClientReply:client-D47EFDF0E133->5d71e5de-6d45-4480-a1f1-d41cc2d38630@group-C6AEA7A4B82B, cid=2168, SUCCESS, logIndex=3646, commits[5d71e5de-6d45-4480-a1f1-d41cc2d38630:c3646]
2019-06-13 13:50:38,874 INFO  client.GrpcClientProtocolClient (GrpcClientProtocolClient.java:onNext(254)) - client-D47EFDF0E133->5d71e5de-6d45-4480-a1f1-d41cc2d38630: receive RaftClientReply:client-D47EFDF0E133->5d71e5de-6d45-4480-a1f1-d41cc2d38630@group-C6AEA7A4B82B, cid=2169, SUCCESS, logIndex=3648, commits[5d71e5de-6d45-4480-a1f1-d41cc2d38630:c3648]
2019-06-13 13:50:38,876 INFO  client.GrpcClientProtocolClient (GrpcClientProtocolClient.java:onNext(254)) - client-D47EFDF0E133->5d71e5de-6d45-4480-a1f1-d41cc2d38630: receive RaftClientReply:client-D47EFDF0E133->5d71e5de-6d45-4480-a1f1-d41cc2d38630@group-C6AEA7A4B82B, cid=2170, SUCCESS, logIndex=3650, commits[5d71e5de-6d45-4480-a1f1-d41cc2d38630:c3650]
2019-06-13 13:50:38,876 INFO  client.GrpcClientProtocolClient (GrpcClientProtocolClient.java:onNext(254)) - client-D47EFDF0E133->5d71e5de-6d45-4480-a1f1-d41cc2d38630: receive RaftClientReply:client-D47EFDF0E133->5d71e5de-6d45-4480-a1f1-d41cc2d38630@group-C6AEA7A4B82B, cid=2171, SUCCESS, logIndex=3651, commits[5d71e5de-6d45-4480-a1f1-d41cc2d38630:c3651]
2019-06-13 13:50:38,877 INFO  client.GrpcClientProtocolClient (GrpcClientProtocolClient.java:onNext(254)) - client-D47EFDF0E133->5d71e5de-6d45-4480-a1f1-d41cc2d38630: receive RaftClientReply:client-D47EFDF0E133->5d71e5de-6d45-4480-a1f1-d41cc2d38630@group-C6AEA7A4B82B, cid=2172, SUCCESS, logIndex=3653, commits[5d71e5de-6d45-4480-a1f1-d41cc2d38630:c3653]
2019-06-13 13:50:38,886 INFO  client.GrpcClientProtocolClient (GrpcClientProtocolClient.java:onNext(254)) - client-D47EFDF0E133->5d71e5de-6d45-4480-a1f1-d41cc2d38630: receive RaftClientReply:client-D47EFDF0E133->5d71e5de-6d45-4480-a1f1-d41cc2d38630@group-C6AEA7A4B82B, cid=2173, SUCCESS, logIndex=3656, commits[5d71e5de-6d45-4480-a1f1-d41cc2d38630:c3656]
2019-06-13 13:50:38,888 INFO  client.GrpcClientProtocolClient (GrpcClientProtocolClient.java:onNext(254)) - client-D47EFDF0E133->5d71e5de-6d45-4480-a1f1-d41cc2d38630: receive RaftClientReply:client-D47EFDF0E133->5d71e5de-6d45-4480-a1f1-d41cc2d38630@group-C6AEA7A4B82B, cid=2174, SUCCESS, logIndex=3658, commits[5d71e5de-6d45-4480-a1f1-d41cc2d38630:c3658]
2019-06-13 13:50:38,890 INFO  client.GrpcClientProtocolClient (GrpcClientProtocolClient.java:onNext(254)) - client-D47EFDF0E133->5d71e5de-6d45-4480-a1f1-d41cc2d38630: receive RaftClientReply:client-D47EFDF0E133->5d71e5de-6d45-4480-a1f1-d41cc2d38630@group-C6AEA7A4B82B, cid=2175, SUCCESS, logIndex=3659, commits[5d71e5de-6d45-4480-a1f1-d41cc2d38630:c3661]
2019-06-13 13:50:38,897 INFO  client.GrpcClientProtocolClient (GrpcClientProtocolClient.java:onNext(254)) - client-D47EFDF0E133->5d71e5de-6d45-4480-a1f1-d41cc2d38630: receive RaftClientReply:client-D47EFDF0E133->5d71e5de-6d45-4480-a1f1-d41cc2d38630@group-C6AEA7A4B82B, cid=2176, SUCCESS, logIndex=3661, commits[5d71e5de-6d45-4480-a1f1-d41cc2d38630:c3662]
2019-06-13 13:50:38,910 INFO  client.GrpcClientProtocolClient (GrpcClientProtocolClient.java:onNext(254)) - client-D47EFDF0E133->5d71e5de-6d45-4480-a1f1-d41cc2d38630: receive RaftClientReply:client-D47EFDF0E133->5d71e5de-6d45-4480-a1f1-d41cc2d38630@group-C6AEA7A4B82B, cid=2177, SUCCESS, logIndex=3663, commits[5d71e5de-6d45-4480-a1f1-d41cc2d38630:c3663]
2019-06-13 13:50:38,914 INFO  client.GrpcClientProtocolClient (GrpcClientProtocolClient.java:onNext(254)) - client-D47EFDF0E133->5d71e5de-6d45-4480-a1f1-d41cc2d38630: receive RaftClientReply:client-D47EFDF0E133->5d71e5de-6d45-4480-a1f1-d41cc2d38630@group-C6AEA7A4B82B, cid=2178, SUCCESS, logIndex=3665, commits[5d71e5de-6d45-4480-a1f1-d41cc2d38630:c3665]
2019-06-13 13:50:38,914 INFO  client.GrpcClientProtocolClient (GrpcClientProtocolClient.java:onNext(254)) - client-D47EFDF0E133->5d71e5de-6d45-4480-a1f1-d41cc2d38630: receive RaftClientReply:client-D47EFDF0E133->5d71e5de-6d45-4480-a1f1-d41cc2d38630@group-C6AEA7A4B82B, cid=2179, SUCCESS, logIndex=3666, commits[5d71e5de-6d45-4480-a1f1-d41cc2d38630:c3668]
2019-06-13 13:50:38,917 INFO  client.GrpcClientProtocolClient (GrpcClientProtocolClient.java:onNext(254)) - client-D47EFDF0E133->5d71e5de-6d45-4480-a1f1-d41cc2d38630: receive RaftClientReply:client-D47EFDF0E133->5d71e5de-6d45-4480-a1f1-d41cc2d38630@group-C6AEA7A4B82B, cid=2180, SUCCESS, logIndex=3667, commits[5d71e5de-6d45-4480-a1f1-d41cc2d38630:c3668]
2019-06-13 13:50:38,927 INFO  client.GrpcClientProtocolClient (GrpcClientProtocolClient.java:onNext(254)) - client-D47EFDF0E133->5d71e5de-6d45-4480-a1f1-d41cc2d38630: receive RaftClientReply:client-D47EFDF0E133->5d71e5de-6d45-4480-a1f1-d41cc2d38630@group-C6AEA7A4B82B, cid=2181, SUCCESS, logIndex=3669, commits[5d71e5de-6d45-4480-a1f1-d41cc2d38630:c3669]
2019-06-13 13:50:38,931 INFO  client.GrpcClientProtocolClient (GrpcClientProtocolClient.java:onNext(254)) - client-D47EFDF0E133->5d71e5de-6d45-4480-a1f1-d41cc2d38630: receive RaftClientReply:client-D47EFDF0E133->5d71e5de-6d45-4480-a1f1-d41cc2d38630@group-C6AEA7A4B82B, cid=2182, SUCCESS, logIndex=3671, commits[5d71e5de-6d45-4480-a1f1-d41cc2d38630:c3671]
2019-06-13 13:50:38,931 INFO  client.GrpcClientProtocolClient (GrpcClientProtocolClient.java:onNext(254)) - client-D47EFDF0E133->5d71e5de-6d45-4480-a1f1-d41cc2d38630: receive RaftClientReply:client-D47EFDF0E133->5d71e5de-6d45-4480-a1f1-d41cc2d38630@group-C6AEA7A4B82B, cid=2183, SUCCESS, logIndex=3672, commits[5d71e5de-6d45-4480-a1f1-d41cc2d38630:c3673]
2019-06-13 13:50:38,931 INFO  client.GrpcClientProtocolClient (GrpcClientProtocolClient.java:onNext(254)) - client-D47EFDF0E133->5d71e5de-6d45-4480-a1f1-d41cc2d38630: receive RaftClientReply:client-D47EFDF0E133->5d71e5de-6d45-4480-a1f1-d41cc2d38630@group-C6AEA7A4B82B, cid=2184, SUCCESS, logIndex=3673, commits[5d71e5de-6d45-4480-a1f1-d41cc2d38630:c3673]
2019-06-13 13:50:38,946 DEBUG block.SCMBlockDeletingService (SCMBlockDeletingService.java:call(138)) - Running DeletedBlockTransactionScanner
2019-06-13 13:50:38,946 DEBUG block.SCMBlockDeletingService (SCMBlockDeletingService.java:call(155)) - Scanned deleted blocks log and got 0 delTX to process.
2019-06-13 13:50:38,950 INFO  client.GrpcClientProtocolClient (GrpcClientProtocolClient.java:onNext(254)) - client-D47EFDF0E133->5d71e5de-6d45-4480-a1f1-d41cc2d38630: receive RaftClientReply:client-D47EFDF0E133->5d71e5de-6d45-4480-a1f1-d41cc2d38630@group-C6AEA7A4B82B, cid=2185, SUCCESS, logIndex=3676, commits[5d71e5de-6d45-4480-a1f1-d41cc2d38630:c3676]
2019-06-13 13:50:38,952 INFO  client.GrpcClientProtocolClient (GrpcClientProtocolClient.java:onNext(254)) - client-D47EFDF0E133->5d71e5de-6d45-4480-a1f1-d41cc2d38630: receive RaftClientReply:client-D47EFDF0E133->5d71e5de-6d45-4480-a1f1-d41cc2d38630@group-C6AEA7A4B82B, cid=2186, SUCCESS, logIndex=3678, commits[5d71e5de-6d45-4480-a1f1-d41cc2d38630:c3678]
2019-06-13 13:50:38,953 INFO  client.GrpcClientProtocolClient (GrpcClientProtocolClient.java:onNext(254)) - client-D47EFDF0E133->5d71e5de-6d45-4480-a1f1-d41cc2d38630: receive RaftClientReply:client-D47EFDF0E133->5d71e5de-6d45-4480-a1f1-d41cc2d38630@group-C6AEA7A4B82B, cid=2187, SUCCESS, logIndex=3679, commits[5d71e5de-6d45-4480-a1f1-d41cc2d38630:c3680]
2019-06-13 13:50:38,954 INFO  client.GrpcClientProtocolClient (GrpcClientProtocolClient.java:onNext(254)) - client-D47EFDF0E133->5d71e5de-6d45-4480-a1f1-d41cc2d38630: receive RaftClientReply:client-D47EFDF0E133->5d71e5de-6d45-4480-a1f1-d41cc2d38630@group-C6AEA7A4B82B, cid=2188, SUCCESS, logIndex=3680, commits[5d71e5de-6d45-4480-a1f1-d41cc2d38630:c3681]
2019-06-13 13:50:38,960 INFO  storage.RaftLogWorker (RaftLogWorker.java:rollLogSegment(303)) - 5d71e5de-6d45-4480-a1f1-d41cc2d38630-RaftLogWorker: Rolling segment log-3611_3684 to index:3684
2019-06-13 13:50:38,961 INFO  storage.RaftLogWorker (RaftLogWorker.java:execute(433)) - 5d71e5de-6d45-4480-a1f1-d41cc2d38630-RaftLogWorker: Rolled log segment from /opt/src/hadoop-ozone/integration-test/target/test-dir/MiniOzoneClusterImpl-c05bfa39-b333-4767-bc96-5a78f3430938/datanode-0/data/ratis/3aee30eb-3db1-472a-b851-c6aea7a4b82b/current/log_inprogress_3611 to /opt/src/hadoop-ozone/integration-test/target/test-dir/MiniOzoneClusterImpl-c05bfa39-b333-4767-bc96-5a78f3430938/datanode-0/data/ratis/3aee30eb-3db1-472a-b851-c6aea7a4b82b/current/log_3611-3684
2019-06-13 13:50:38,961 INFO  client.GrpcClientProtocolClient (GrpcClientProtocolClient.java:onNext(254)) - client-D47EFDF0E133->5d71e5de-6d45-4480-a1f1-d41cc2d38630: receive RaftClientReply:client-D47EFDF0E133->5d71e5de-6d45-4480-a1f1-d41cc2d38630@group-C6AEA7A4B82B, cid=2189, SUCCESS, logIndex=3683, commits[5d71e5de-6d45-4480-a1f1-d41cc2d38630:c3683]
2019-06-13 13:50:39,007 INFO  storage.RaftLogWorker (RaftLogWorker.java:execute(469)) - 5d71e5de-6d45-4480-a1f1-d41cc2d38630-RaftLogWorker: created new log segment /opt/src/hadoop-ozone/integration-test/target/test-dir/MiniOzoneClusterImpl-c05bfa39-b333-4767-bc96-5a78f3430938/datanode-0/data/ratis/3aee30eb-3db1-472a-b851-c6aea7a4b82b/current/log_inprogress_3685
2019-06-13 13:50:39,008 INFO  client.GrpcClientProtocolClient (GrpcClientProtocolClient.java:onNext(254)) - client-D47EFDF0E133->5d71e5de-6d45-4480-a1f1-d41cc2d38630: receive RaftClientReply:client-D47EFDF0E133->5d71e5de-6d45-4480-a1f1-d41cc2d38630@group-C6AEA7A4B82B, cid=2190, SUCCESS, logIndex=3685, commits[5d71e5de-6d45-4480-a1f1-d41cc2d38630:c3687]
2019-06-13 13:50:39,009 INFO  client.GrpcClientProtocolClient (GrpcClientProtocolClient.java:onNext(254)) - client-D47EFDF0E133->5d71e5de-6d45-4480-a1f1-d41cc2d38630: receive RaftClientReply:client-D47EFDF0E133->5d71e5de-6d45-4480-a1f1-d41cc2d38630@group-C6AEA7A4B82B, cid=2191, SUCCESS, logIndex=3686, commits[5d71e5de-6d45-4480-a1f1-d41cc2d38630:c3687]
2019-06-13 13:50:39,009 INFO  client.GrpcClientProtocolClient (GrpcClientProtocolClient.java:onNext(254)) - client-D47EFDF0E133->5d71e5de-6d45-4480-a1f1-d41cc2d38630: receive RaftClientReply:client-D47EFDF0E133->5d71e5de-6d45-4480-a1f1-d41cc2d38630@group-C6AEA7A4B82B, cid=2192, SUCCESS, logIndex=3687, commits[5d71e5de-6d45-4480-a1f1-d41cc2d38630:c3687]
2019-06-13 13:50:39,020 INFO  client.GrpcClientProtocolClient (GrpcClientProtocolClient.java:onNext(254)) - client-D47EFDF0E133->5d71e5de-6d45-4480-a1f1-d41cc2d38630: receive RaftClientReply:client-D47EFDF0E133->5d71e5de-6d45-4480-a1f1-d41cc2d38630@group-C6AEA7A4B82B, cid=2193, SUCCESS, logIndex=3689, commits[5d71e5de-6d45-4480-a1f1-d41cc2d38630:c3689]
2019-06-13 13:50:39,022 INFO  client.GrpcClientProtocolClient (GrpcClientProtocolClient.java:onNext(254)) - client-D47EFDF0E133->5d71e5de-6d45-4480-a1f1-d41cc2d38630: receive RaftClientReply:client-D47EFDF0E133->5d71e5de-6d45-4480-a1f1-d41cc2d38630@group-C6AEA7A4B82B, cid=2194, SUCCESS, logIndex=3691, commits[5d71e5de-6d45-4480-a1f1-d41cc2d38630:c3691]
2019-06-13 13:50:39,023 INFO  client.GrpcClientProtocolClient (GrpcClientProtocolClient.java:onNext(254)) - client-D47EFDF0E133->5d71e5de-6d45-4480-a1f1-d41cc2d38630: receive RaftClientReply:client-D47EFDF0E133->5d71e5de-6d45-4480-a1f1-d41cc2d38630@group-C6AEA7A4B82B, cid=2195, SUCCESS, logIndex=3692, commits[5d71e5de-6d45-4480-a1f1-d41cc2d38630:c3693]
2019-06-13 13:50:39,023 INFO  client.GrpcClientProtocolClient (GrpcClientProtocolClient.java:onNext(254)) - client-D47EFDF0E133->5d71e5de-6d45-4480-a1f1-d41cc2d38630: receive RaftClientReply:client-D47EFDF0E133->5d71e5de-6d45-4480-a1f1-d41cc2d38630@group-C6AEA7A4B82B, cid=2196, SUCCESS, logIndex=3693, commits[5d71e5de-6d45-4480-a1f1-d41cc2d38630:c3693]
2019-06-13 13:50:39,028 INFO  client.GrpcClientProtocolClient (GrpcClientProtocolClient.java:onNext(254)) - client-D47EFDF0E133->5d71e5de-6d45-4480-a1f1-d41cc2d38630: receive RaftClientReply:client-D47EFDF0E133->5d71e5de-6d45-4480-a1f1-d41cc2d38630@group-C6AEA7A4B82B, cid=2197, SUCCESS, logIndex=3696, commits[5d71e5de-6d45-4480-a1f1-d41cc2d38630:c3696]
2019-06-13 13:50:39,030 INFO  client.GrpcClientProtocolClient (GrpcClientProtocolClient.java:onNext(254)) - client-D47EFDF0E133->5d71e5de-6d45-4480-a1f1-d41cc2d38630: receive RaftClientReply:client-D47EFDF0E133->5d71e5de-6d45-4480-a1f1-d41cc2d38630@group-C6AEA7A4B82B, cid=2198, SUCCESS, logIndex=3698, commits[5d71e5de-6d45-4480-a1f1-d41cc2d38630:c3698]
2019-06-13 13:50:39,031 INFO  client.GrpcClientProtocolClient (GrpcClientProtocolClient.java:onNext(254)) - client-D47EFDF0E133->5d71e5de-6d45-4480-a1f1-d41cc2d38630: receive RaftClientReply:client-D47EFDF0E133->5d71e5de-6d45-4480-a1f1-d41cc2d38630@group-C6AEA7A4B82B, cid=2199, SUCCESS, logIndex=3699, commits[5d71e5de-6d45-4480-a1f1-d41cc2d38630:c3701]
2019-06-13 13:50:39,031 INFO  client.GrpcClientProtocolClient (GrpcClientProtocolClient.java:onNext(254)) - client-D47EFDF0E133->5d71e5de-6d45-4480-a1f1-d41cc2d38630: receive RaftClientReply:client-D47EFDF0E133->5d71e5de-6d45-4480-a1f1-d41cc2d38630@group-C6AEA7A4B82B, cid=2200, SUCCESS, logIndex=3700, commits[5d71e5de-6d45-4480-a1f1-d41cc2d38630:c3701]
2019-06-13 13:50:39,040 INFO  client.GrpcClientProtocolClient (GrpcClientProtocolClient.java:onNext(254)) - client-D47EFDF0E133->5d71e5de-6d45-4480-a1f1-d41cc2d38630: receive RaftClientReply:client-D47EFDF0E133->5d71e5de-6d45-4480-a1f1-d41cc2d38630@group-C6AEA7A4B82B, cid=2201, SUCCESS, logIndex=3702, commits[5d71e5de-6d45-4480-a1f1-d41cc2d38630:c3702]
2019-06-13 13:50:39,042 INFO  client.GrpcClientProtocolClient (GrpcClientProtocolClient.java:onNext(254)) - client-D47EFDF0E133->5d71e5de-6d45-4480-a1f1-d41cc2d38630: receive RaftClientReply:client-D47EFDF0E133->5d71e5de-6d45-4480-a1f1-d41cc2d38630@group-C6AEA7A4B82B, cid=2202, SUCCESS, logIndex=3704, commits[5d71e5de-6d45-4480-a1f1-d41cc2d38630:c3704]
2019-06-13 13:50:39,042 INFO  client.GrpcClientProtocolClient (GrpcClientProtocolClient.java:onNext(254)) - client-D47EFDF0E133->5d71e5de-6d45-4480-a1f1-d41cc2d38630: receive RaftClientReply:client-D47EFDF0E133->5d71e5de-6d45-4480-a1f1-d41cc2d38630@group-C6AEA7A4B82B, cid=2203, SUCCESS, logIndex=3705, commits[5d71e5de-6d45-4480-a1f1-d41cc2d38630:c3705]
2019-06-13 13:50:39,043 INFO  client.GrpcClientProtocolClient (GrpcClientProtocolClient.java:onNext(254)) - client-D47EFDF0E133->5d71e5de-6d45-4480-a1f1-d41cc2d38630: receive RaftClientReply:client-D47EFDF0E133->5d71e5de-6d45-4480-a1f1-d41cc2d38630@group-C6AEA7A4B82B, cid=2204, SUCCESS, logIndex=3707, commits[5d71e5de-6d45-4480-a1f1-d41cc2d38630:c3707]
2019-06-13 13:50:39,344 DEBUG block.SCMBlockDeletingService (SCMBlockDeletingService.java:call(138)) - Running DeletedBlockTransactionScanner
2019-06-13 13:50:39,344 DEBUG block.SCMBlockDeletingService (SCMBlockDeletingService.java:call(155)) - Scanned deleted blocks log and got 0 delTX to process.
2019-06-13 13:50:39,356 INFO  client.GrpcClientProtocolClient (GrpcClientProtocolClient.java:onNext(254)) - client-D47EFDF0E133->5d71e5de-6d45-4480-a1f1-d41cc2d38630: receive RaftClientReply:client-D47EFDF0E133->5d71e5de-6d45-4480-a1f1-d41cc2d38630@group-C6AEA7A4B82B, cid=2205, SUCCESS, logIndex=3710, commits[5d71e5de-6d45-4480-a1f1-d41cc2d38630:c3710]
2019-06-13 13:50:39,358 INFO  client.GrpcClientProtocolClient (GrpcClientProtocolClient.java:onNext(254)) - client-D47EFDF0E133->5d71e5de-6d45-4480-a1f1-d41cc2d38630: receive RaftClientReply:client-D47EFDF0E133->5d71e5de-6d45-4480-a1f1-d41cc2d38630@group-C6AEA7A4B82B, cid=2206, SUCCESS, logIndex=3712, commits[5d71e5de-6d45-4480-a1f1-d41cc2d38630:c3712]
2019-06-13 13:50:39,359 INFO  client.GrpcClientProtocolClient (GrpcClientProtocolClient.java:onNext(254)) - client-D47EFDF0E133->5d71e5de-6d45-4480-a1f1-d41cc2d38630: receive RaftClientReply:client-D47EFDF0E133->5d71e5de-6d45-4480-a1f1-d41cc2d38630@group-C6AEA7A4B82B, cid=2207, SUCCESS, logIndex=3713, commits[5d71e5de-6d45-4480-a1f1-d41cc2d38630:c3715]
2019-06-13 13:50:39,359 INFO  client.GrpcClientProtocolClient (GrpcClientProtocolClient.java:onNext(254)) - client-D47EFDF0E133->5d71e5de-6d45-4480-a1f1-d41cc2d38630: receive RaftClientReply:client-D47EFDF0E133->5d71e5de-6d45-4480-a1f1-d41cc2d38630@group-C6AEA7A4B82B, cid=2208, SUCCESS, logIndex=3714, commits[5d71e5de-6d45-4480-a1f1-d41cc2d38630:c3715]
2019-06-13 13:50:39,378 INFO  client.GrpcClientProtocolClient (GrpcClientProtocolClient.java:onNext(254)) - client-D47EFDF0E133->5d71e5de-6d45-4480-a1f1-d41cc2d38630: receive RaftClientReply:client-D47EFDF0E133->5d71e5de-6d45-4480-a1f1-d41cc2d38630@group-C6AEA7A4B82B, cid=2209, SUCCESS, logIndex=3716, commits[5d71e5de-6d45-4480-a1f1-d41cc2d38630:c3716]
2019-06-13 13:50:39,386 INFO  client.GrpcClientProtocolClient (GrpcClientProtocolClient.java:onNext(254)) - client-D47EFDF0E133->5d71e5de-6d45-4480-a1f1-d41cc2d38630: receive RaftClientReply:client-D47EFDF0E133->5d71e5de-6d45-4480-a1f1-d41cc2d38630@group-C6AEA7A4B82B, cid=2210, SUCCESS, logIndex=3718, commits[5d71e5de-6d45-4480-a1f1-d41cc2d38630:c3718]
2019-06-13 13:50:39,445 DEBUG block.SCMBlockDeletingService (SCMBlockDeletingService.java:call(138)) - Running DeletedBlockTransactionScanner
2019-06-13 13:50:39,446 DEBUG block.SCMBlockDeletingService (SCMBlockDeletingService.java:call(155)) - Scanned deleted blocks log and got 0 delTX to process.
2019-06-13 13:50:39,459 INFO  client.GrpcClientProtocolClient (GrpcClientProtocolClient.java:onNext(254)) - client-D47EFDF0E133->5d71e5de-6d45-4480-a1f1-d41cc2d38630: receive RaftClientReply:client-D47EFDF0E133->5d71e5de-6d45-4480-a1f1-d41cc2d38630@group-C6AEA7A4B82B, cid=2211, SUCCESS, logIndex=3720, commits[5d71e5de-6d45-4480-a1f1-d41cc2d38630:c3720]
2019-06-13 13:50:39,462 INFO  client.GrpcClientProtocolClient (GrpcClientProtocolClient.java:onNext(254)) - client-D47EFDF0E133->5d71e5de-6d45-4480-a1f1-d41cc2d38630: receive RaftClientReply:client-D47EFDF0E133->5d71e5de-6d45-4480-a1f1-d41cc2d38630@group-C6AEA7A4B82B, cid=2212, SUCCESS, logIndex=3722, commits[5d71e5de-6d45-4480-a1f1-d41cc2d38630:c3723]
2019-06-13 13:50:39,468 INFO  client.GrpcClientProtocolClient (GrpcClientProtocolClient.java:onNext(254)) - client-D47EFDF0E133->5d71e5de-6d45-4480-a1f1-d41cc2d38630: receive RaftClientReply:client-D47EFDF0E133->5d71e5de-6d45-4480-a1f1-d41cc2d38630@group-C6AEA7A4B82B, cid=2213, SUCCESS, logIndex=3724, commits[5d71e5de-6d45-4480-a1f1-d41cc2d38630:c3724]
2019-06-13 13:50:39,469 INFO  client.GrpcClientProtocolClient (GrpcClientProtocolClient.java:onNext(254)) - client-D47EFDF0E133->5d71e5de-6d45-4480-a1f1-d41cc2d38630: receive RaftClientReply:client-D47EFDF0E133->5d71e5de-6d45-4480-a1f1-d41cc2d38630@group-C6AEA7A4B82B, cid=2214, SUCCESS, logIndex=3726, commits[5d71e5de-6d45-4480-a1f1-d41cc2d38630:c3726]
2019-06-13 13:50:39,470 INFO  client.GrpcClientProtocolClient (GrpcClientProtocolClient.java:onNext(254)) - client-D47EFDF0E133->5d71e5de-6d45-4480-a1f1-d41cc2d38630: receive RaftClientReply:client-D47EFDF0E133->5d71e5de-6d45-4480-a1f1-d41cc2d38630@group-C6AEA7A4B82B, cid=2215, SUCCESS, logIndex=3727, commits[5d71e5de-6d45-4480-a1f1-d41cc2d38630:c3729]
2019-06-13 13:50:39,471 INFO  client.GrpcClientProtocolClient (GrpcClientProtocolClient.java:onNext(254)) - client-D47EFDF0E133->5d71e5de-6d45-4480-a1f1-d41cc2d38630: receive RaftClientReply:client-D47EFDF0E133->5d71e5de-6d45-4480-a1f1-d41cc2d38630@group-C6AEA7A4B82B, cid=2216, SUCCESS, logIndex=3728, commits[5d71e5de-6d45-4480-a1f1-d41cc2d38630:c3729]
2019-06-13 13:50:39,480 INFO  client.GrpcClientProtocolClient (GrpcClientProtocolClient.java:onNext(254)) - client-D47EFDF0E133->5d71e5de-6d45-4480-a1f1-d41cc2d38630: receive RaftClientReply:client-D47EFDF0E133->5d71e5de-6d45-4480-a1f1-d41cc2d38630@group-C6AEA7A4B82B, cid=2217, SUCCESS, logIndex=3730, commits[5d71e5de-6d45-4480-a1f1-d41cc2d38630:c3730]
2019-06-13 13:50:39,487 INFO  client.GrpcClientProtocolClient (GrpcClientProtocolClient.java:onNext(254)) - client-D47EFDF0E133->5d71e5de-6d45-4480-a1f1-d41cc2d38630: receive RaftClientReply:client-D47EFDF0E133->5d71e5de-6d45-4480-a1f1-d41cc2d38630@group-C6AEA7A4B82B, cid=2218, SUCCESS, logIndex=3732, commits[5d71e5de-6d45-4480-a1f1-d41cc2d38630:c3732]
2019-06-13 13:50:39,488 INFO  client.GrpcClientProtocolClient (GrpcClientProtocolClient.java:onNext(254)) - client-D47EFDF0E133->5d71e5de-6d45-4480-a1f1-d41cc2d38630: receive RaftClientReply:client-D47EFDF0E133->5d71e5de-6d45-4480-a1f1-d41cc2d38630@group-C6AEA7A4B82B, cid=2219, SUCCESS, logIndex=3733, commits[5d71e5de-6d45-4480-a1f1-d41cc2d38630:c3735]
2019-06-13 13:50:39,488 INFO  client.GrpcClientProtocolClient (GrpcClientProtocolClient.java:onNext(254)) - client-D47EFDF0E133->5d71e5de-6d45-4480-a1f1-d41cc2d38630: receive RaftClientReply:client-D47EFDF0E133->5d71e5de-6d45-4480-a1f1-d41cc2d38630@group-C6AEA7A4B82B, cid=2220, SUCCESS, logIndex=3735, commits[5d71e5de-6d45-4480-a1f1-d41cc2d38630:c3736]
2019-06-13 13:50:39,493 INFO  client.GrpcClientProtocolClient (GrpcClientProtocolClient.java:onNext(254)) - client-D47EFDF0E133->5d71e5de-6d45-4480-a1f1-d41cc2d38630: receive RaftClientReply:client-D47EFDF0E133->5d71e5de-6d45-4480-a1f1-d41cc2d38630@group-C6AEA7A4B82B, cid=2221, SUCCESS, logIndex=3737, commits[5d71e5de-6d45-4480-a1f1-d41cc2d38630:c3737]
2019-06-13 13:50:39,495 INFO  client.GrpcClientProtocolClient (GrpcClientProtocolClient.java:onNext(254)) - client-D47EFDF0E133->5d71e5de-6d45-4480-a1f1-d41cc2d38630: receive RaftClientReply:client-D47EFDF0E133->5d71e5de-6d45-4480-a1f1-d41cc2d38630@group-C6AEA7A4B82B, cid=2222, SUCCESS, logIndex=3739, commits[5d71e5de-6d45-4480-a1f1-d41cc2d38630:c3739]
2019-06-13 13:50:39,497 INFO  client.GrpcClientProtocolClient (GrpcClientProtocolClient.java:onNext(254)) - client-D47EFDF0E133->5d71e5de-6d45-4480-a1f1-d41cc2d38630: receive RaftClientReply:client-D47EFDF0E133->5d71e5de-6d45-4480-a1f1-d41cc2d38630@group-C6AEA7A4B82B, cid=2223, SUCCESS, logIndex=3741, commits[5d71e5de-6d45-4480-a1f1-d41cc2d38630:c3742]
2019-06-13 13:50:39,497 INFO  client.GrpcClientProtocolClient (GrpcClientProtocolClient.java:onNext(254)) - client-D47EFDF0E133->5d71e5de-6d45-4480-a1f1-d41cc2d38630: receive RaftClientReply:client-D47EFDF0E133->5d71e5de-6d45-4480-a1f1-d41cc2d38630@group-C6AEA7A4B82B, cid=2224, SUCCESS, logIndex=3742, commits[5d71e5de-6d45-4480-a1f1-d41cc2d38630:c3742]
2019-06-13 13:50:39,508 INFO  client.GrpcClientProtocolClient (GrpcClientProtocolClient.java:onNext(254)) - client-D47EFDF0E133->5d71e5de-6d45-4480-a1f1-d41cc2d38630: receive RaftClientReply:client-D47EFDF0E133->5d71e5de-6d45-4480-a1f1-d41cc2d38630@group-C6AEA7A4B82B, cid=2225, SUCCESS, logIndex=3744, commits[5d71e5de-6d45-4480-a1f1-d41cc2d38630:c3744]
2019-06-13 13:50:39,510 INFO  client.GrpcClientProtocolClient (GrpcClientProtocolClient.java:onNext(254)) - client-D47EFDF0E133->5d71e5de-6d45-4480-a1f1-d41cc2d38630: receive RaftClientReply:client-D47EFDF0E133->5d71e5de-6d45-4480-a1f1-d41cc2d38630@group-C6AEA7A4B82B, cid=2226, SUCCESS, logIndex=3746, commits[5d71e5de-6d45-4480-a1f1-d41cc2d38630:c3746]
2019-06-13 13:50:39,511 INFO  client.GrpcClientProtocolClient (GrpcClientProtocolClient.java:onNext(254)) - client-D47EFDF0E133->5d71e5de-6d45-4480-a1f1-d41cc2d38630: receive RaftClientReply:client-D47EFDF0E133->5d71e5de-6d45-4480-a1f1-d41cc2d38630@group-C6AEA7A4B82B, cid=2227, SUCCESS, logIndex=3747, commits[5d71e5de-6d45-4480-a1f1-d41cc2d38630:c3748]
2019-06-13 13:50:39,511 INFO  client.GrpcClientProtocolClient (GrpcClientProtocolClient.java:onNext(254)) - client-D47EFDF0E133->5d71e5de-6d45-4480-a1f1-d41cc2d38630: receive RaftClientReply:client-D47EFDF0E133->5d71e5de-6d45-4480-a1f1-d41cc2d38630@group-C6AEA7A4B82B, cid=2228, SUCCESS, logIndex=3748, commits[5d71e5de-6d45-4480-a1f1-d41cc2d38630:c3750]
2019-06-13 13:50:39,517 INFO  client.GrpcClientProtocolClient (GrpcClientProtocolClient.java:onNext(254)) - client-D47EFDF0E133->5d71e5de-6d45-4480-a1f1-d41cc2d38630: receive RaftClientReply:client-D47EFDF0E133->5d71e5de-6d45-4480-a1f1-d41cc2d38630@group-C6AEA7A4B82B, cid=2229, SUCCESS, logIndex=3751, commits[5d71e5de-6d45-4480-a1f1-d41cc2d38630:c3751]
2019-06-13 13:50:39,522 INFO  client.GrpcClientProtocolClient (GrpcClientProtocolClient.java:onNext(254)) - client-D47EFDF0E133->5d71e5de-6d45-4480-a1f1-d41cc2d38630: receive RaftClientReply:client-D47EFDF0E133->5d71e5de-6d45-4480-a1f1-d41cc2d38630@group-C6AEA7A4B82B, cid=2230, SUCCESS, logIndex=3753, commits[5d71e5de-6d45-4480-a1f1-d41cc2d38630:c3753]
2019-06-13 13:50:39,522 INFO  storage.RaftLogWorker (RaftLogWorker.java:rollLogSegment(303)) - 5d71e5de-6d45-4480-a1f1-d41cc2d38630-RaftLogWorker: Rolling segment log-3685_3755 to index:3755
2019-06-13 13:50:39,523 INFO  storage.RaftLogWorker (RaftLogWorker.java:execute(433)) - 5d71e5de-6d45-4480-a1f1-d41cc2d38630-RaftLogWorker: Rolled log segment from /opt/src/hadoop-ozone/integration-test/target/test-dir/MiniOzoneClusterImpl-c05bfa39-b333-4767-bc96-5a78f3430938/datanode-0/data/ratis/3aee30eb-3db1-472a-b851-c6aea7a4b82b/current/log_inprogress_3685 to /opt/src/hadoop-ozone/integration-test/target/test-dir/MiniOzoneClusterImpl-c05bfa39-b333-4767-bc96-5a78f3430938/datanode-0/data/ratis/3aee30eb-3db1-472a-b851-c6aea7a4b82b/current/log_3685-3755
2019-06-13 13:50:39,524 INFO  client.GrpcClientProtocolClient (GrpcClientProtocolClient.java:onNext(254)) - client-D47EFDF0E133->5d71e5de-6d45-4480-a1f1-d41cc2d38630: receive RaftClientReply:client-D47EFDF0E133->5d71e5de-6d45-4480-a1f1-d41cc2d38630@group-C6AEA7A4B82B, cid=2231, SUCCESS, logIndex=3755, commits[5d71e5de-6d45-4480-a1f1-d41cc2d38630:c3755]
2019-06-13 13:50:39,546 DEBUG block.SCMBlockDeletingService (SCMBlockDeletingService.java:call(138)) - Running DeletedBlockTransactionScanner
2019-06-13 13:50:39,546 DEBUG block.SCMBlockDeletingService (SCMBlockDeletingService.java:call(155)) - Scanned deleted blocks log and got 0 delTX to process.
2019-06-13 13:50:39,559 INFO  storage.RaftLogWorker (RaftLogWorker.java:execute(469)) - 5d71e5de-6d45-4480-a1f1-d41cc2d38630-RaftLogWorker: created new log segment /opt/src/hadoop-ozone/integration-test/target/test-dir/MiniOzoneClusterImpl-c05bfa39-b333-4767-bc96-5a78f3430938/datanode-0/data/ratis/3aee30eb-3db1-472a-b851-c6aea7a4b82b/current/log_inprogress_3756
2019-06-13 13:50:39,560 INFO  client.GrpcClientProtocolClient (GrpcClientProtocolClient.java:onNext(254)) - client-D47EFDF0E133->5d71e5de-6d45-4480-a1f1-d41cc2d38630: receive RaftClientReply:client-D47EFDF0E133->5d71e5de-6d45-4480-a1f1-d41cc2d38630@group-C6AEA7A4B82B, cid=2232, SUCCESS, logIndex=3756, commits[5d71e5de-6d45-4480-a1f1-d41cc2d38630:c3757]
2019-06-13 13:50:39,570 INFO  client.GrpcClientProtocolClient (GrpcClientProtocolClient.java:onNext(254)) - client-D47EFDF0E133->5d71e5de-6d45-4480-a1f1-d41cc2d38630: receive RaftClientReply:client-D47EFDF0E133->5d71e5de-6d45-4480-a1f1-d41cc2d38630@group-C6AEA7A4B82B, cid=2233, SUCCESS, logIndex=3758, commits[5d71e5de-6d45-4480-a1f1-d41cc2d38630:c3758]
2019-06-13 13:50:39,571 INFO  client.GrpcClientProtocolClient (GrpcClientProtocolClient.java:onNext(254)) - client-D47EFDF0E133->5d71e5de-6d45-4480-a1f1-d41cc2d38630: receive RaftClientReply:client-D47EFDF0E133->5d71e5de-6d45-4480-a1f1-d41cc2d38630@group-C6AEA7A4B82B, cid=2234, SUCCESS, logIndex=3760, commits[5d71e5de-6d45-4480-a1f1-d41cc2d38630:c3760]
2019-06-13 13:50:39,572 INFO  client.GrpcClientProtocolClient (GrpcClientProtocolClient.java:onNext(254)) - client-D47EFDF0E133->5d71e5de-6d45-4480-a1f1-d41cc2d38630: receive RaftClientReply:client-D47EFDF0E133->5d71e5de-6d45-4480-a1f1-d41cc2d38630@group-C6AEA7A4B82B, cid=2235, SUCCESS, logIndex=3761, commits[5d71e5de-6d45-4480-a1f1-d41cc2d38630:c3763]
2019-06-13 13:50:39,572 INFO  client.GrpcClientProtocolClient (GrpcClientProtocolClient.java:onNext(254)) - client-D47EFDF0E133->5d71e5de-6d45-4480-a1f1-d41cc2d38630: receive RaftClientReply:client-D47EFDF0E133->5d71e5de-6d45-4480-a1f1-d41cc2d38630@group-C6AEA7A4B82B, cid=2236, SUCCESS, logIndex=3762, commits[5d71e5de-6d45-4480-a1f1-d41cc2d38630:c3763]
2019-06-13 13:50:39,577 INFO  client.GrpcClientProtocolClient (GrpcClientProtocolClient.java:onNext(254)) - client-D47EFDF0E133->5d71e5de-6d45-4480-a1f1-d41cc2d38630: receive RaftClientReply:client-D47EFDF0E133->5d71e5de-6d45-4480-a1f1-d41cc2d38630@group-C6AEA7A4B82B, cid=2237, SUCCESS, logIndex=3764, commits[5d71e5de-6d45-4480-a1f1-d41cc2d38630:c3764]
2019-06-13 13:50:39,579 INFO  client.GrpcClientProtocolClient (GrpcClientProtocolClient.java:onNext(254)) - client-D47EFDF0E133->5d71e5de-6d45-4480-a1f1-d41cc2d38630: receive RaftClientReply:client-D47EFDF0E133->5d71e5de-6d45-4480-a1f1-d41cc2d38630@group-C6AEA7A4B82B, cid=2238, SUCCESS, logIndex=3766, commits[5d71e5de-6d45-4480-a1f1-d41cc2d38630:c3766]
2019-06-13 13:50:39,579 INFO  client.GrpcClientProtocolClient (GrpcClientProtocolClient.java:onNext(254)) - client-D47EFDF0E133->5d71e5de-6d45-4480-a1f1-d41cc2d38630: receive RaftClientReply:client-D47EFDF0E133->5d71e5de-6d45-4480-a1f1-d41cc2d38630@group-C6AEA7A4B82B, cid=2239, SUCCESS, logIndex=3767, commits[5d71e5de-6d45-4480-a1f1-d41cc2d38630:c3768]
2019-06-13 13:50:39,580 INFO  client.GrpcClientProtocolClient (GrpcClientProtocolClient.java:onNext(254)) - client-D47EFDF0E133->5d71e5de-6d45-4480-a1f1-d41cc2d38630: receive RaftClientReply:client-D47EFDF0E133->5d71e5de-6d45-4480-a1f1-d41cc2d38630@group-C6AEA7A4B82B, cid=2240, SUCCESS, logIndex=3768, commits[5d71e5de-6d45-4480-a1f1-d41cc2d38630:c3768]
2019-06-13 13:50:39,588 INFO  client.GrpcClientProtocolClient (GrpcClientProtocolClient.java:onNext(254)) - client-D47EFDF0E133->5d71e5de-6d45-4480-a1f1-d41cc2d38630: receive RaftClientReply:client-D47EFDF0E133->5d71e5de-6d45-4480-a1f1-d41cc2d38630@group-C6AEA7A4B82B, cid=2241, SUCCESS, logIndex=3771, commits[5d71e5de-6d45-4480-a1f1-d41cc2d38630:c3771]
2019-06-13 13:50:39,589 INFO  client.GrpcClientProtocolClient (GrpcClientProtocolClient.java:onNext(254)) - client-D47EFDF0E133->5d71e5de-6d45-4480-a1f1-d41cc2d38630: receive RaftClientReply:client-D47EFDF0E133->5d71e5de-6d45-4480-a1f1-d41cc2d38630@group-C6AEA7A4B82B, cid=2242, SUCCESS, logIndex=3773, commits[5d71e5de-6d45-4480-a1f1-d41cc2d38630:c3773]
2019-06-13 13:50:39,590 INFO  client.GrpcClientProtocolClient (GrpcClientProtocolClient.java:onNext(254)) - client-D47EFDF0E133->5d71e5de-6d45-4480-a1f1-d41cc2d38630: receive RaftClientReply:client-D47EFDF0E133->5d71e5de-6d45-4480-a1f1-d41cc2d38630@group-C6AEA7A4B82B, cid=2243, SUCCESS, logIndex=3774, commits[5d71e5de-6d45-4480-a1f1-d41cc2d38630:c3776]
2019-06-13 13:50:39,591 INFO  client.GrpcClientProtocolClient (GrpcClientProtocolClient.java:onNext(254)) - client-D47EFDF0E133->5d71e5de-6d45-4480-a1f1-d41cc2d38630: receive RaftClientReply:client-D47EFDF0E133->5d71e5de-6d45-4480-a1f1-d41cc2d38630@group-C6AEA7A4B82B, cid=2244, SUCCESS, logIndex=3775, commits[5d71e5de-6d45-4480-a1f1-d41cc2d38630:c3776]
2019-06-13 13:50:39,595 INFO  client.GrpcClientProtocolClient (GrpcClientProtocolClient.java:onNext(254)) - client-D47EFDF0E133->5d71e5de-6d45-4480-a1f1-d41cc2d38630: receive RaftClientReply:client-D47EFDF0E133->5d71e5de-6d45-4480-a1f1-d41cc2d38630@group-C6AEA7A4B82B, cid=2245, SUCCESS, logIndex=3777, commits[5d71e5de-6d45-4480-a1f1-d41cc2d38630:c3777]
2019-06-13 13:50:39,596 INFO  client.GrpcClientProtocolClient (GrpcClientProtocolClient.java:onNext(254)) - client-D47EFDF0E133->5d71e5de-6d45-4480-a1f1-d41cc2d38630: receive RaftClientReply:client-D47EFDF0E133->5d71e5de-6d45-4480-a1f1-d41cc2d38630@group-C6AEA7A4B82B, cid=2246, SUCCESS, logIndex=3779, commits[5d71e5de-6d45-4480-a1f1-d41cc2d38630:c3779]
2019-06-13 13:50:39,597 INFO  client.GrpcClientProtocolClient (GrpcClientProtocolClient.java:onNext(254)) - client-D47EFDF0E133->5d71e5de-6d45-4480-a1f1-d41cc2d38630: receive RaftClientReply:client-D47EFDF0E133->5d71e5de-6d45-4480-a1f1-d41cc2d38630@group-C6AEA7A4B82B, cid=2247, SUCCESS, logIndex=3780, commits[5d71e5de-6d45-4480-a1f1-d41cc2d38630:c3782]
2019-06-13 13:50:39,598 INFO  client.GrpcClientProtocolClient (GrpcClientProtocolClient.java:onNext(254)) - client-D47EFDF0E133->5d71e5de-6d45-4480-a1f1-d41cc2d38630: receive RaftClientReply:client-D47EFDF0E133->5d71e5de-6d45-4480-a1f1-d41cc2d38630@group-C6AEA7A4B82B, cid=2248, SUCCESS, logIndex=3781, commits[5d71e5de-6d45-4480-a1f1-d41cc2d38630:c3782]
2019-06-13 13:50:39,606 INFO  client.GrpcClientProtocolClient (GrpcClientProtocolClient.java:onNext(254)) - client-D47EFDF0E133->5d71e5de-6d45-4480-a1f1-d41cc2d38630: receive RaftClientReply:client-D47EFDF0E133->5d71e5de-6d45-4480-a1f1-d41cc2d38630@group-C6AEA7A4B82B, cid=2249, SUCCESS, logIndex=3783, commits[5d71e5de-6d45-4480-a1f1-d41cc2d38630:c3783]
2019-06-13 13:50:39,607 INFO  client.GrpcClientProtocolClient (GrpcClientProtocolClient.java:onNext(254)) - client-D47EFDF0E133->5d71e5de-6d45-4480-a1f1-d41cc2d38630: receive RaftClientReply:client-D47EFDF0E133->5d71e5de-6d45-4480-a1f1-d41cc2d38630@group-C6AEA7A4B82B, cid=2250, SUCCESS, logIndex=3785, commits[5d71e5de-6d45-4480-a1f1-d41cc2d38630:c3785]
2019-06-13 13:50:39,609 INFO  client.GrpcClientProtocolClient (GrpcClientProtocolClient.java:onNext(254)) - client-D47EFDF0E133->5d71e5de-6d45-4480-a1f1-d41cc2d38630: receive RaftClientReply:client-D47EFDF0E133->5d71e5de-6d45-4480-a1f1-d41cc2d38630@group-C6AEA7A4B82B, cid=2251, SUCCESS, logIndex=3786, commits[5d71e5de-6d45-4480-a1f1-d41cc2d38630:c3788]
2019-06-13 13:50:39,609 INFO  client.GrpcClientProtocolClient (GrpcClientProtocolClient.java:onNext(254)) - client-D47EFDF0E133->5d71e5de-6d45-4480-a1f1-d41cc2d38630: receive RaftClientReply:client-D47EFDF0E133->5d71e5de-6d45-4480-a1f1-d41cc2d38630@group-C6AEA7A4B82B, cid=2252, SUCCESS, logIndex=3787, commits[5d71e5de-6d45-4480-a1f1-d41cc2d38630:c3788]
2019-06-13 13:50:39,615 INFO  client.GrpcClientProtocolClient (GrpcClientProtocolClient.java:onNext(254)) - client-D47EFDF0E133->5d71e5de-6d45-4480-a1f1-d41cc2d38630: receive RaftClientReply:client-D47EFDF0E133->5d71e5de-6d45-4480-a1f1-d41cc2d38630@group-C6AEA7A4B82B, cid=2253, SUCCESS, logIndex=3789, commits[5d71e5de-6d45-4480-a1f1-d41cc2d38630:c3789]
2019-06-13 13:50:39,616 INFO  client.GrpcClientProtocolClient (GrpcClientProtocolClient.java:onNext(254)) - client-D47EFDF0E133->5d71e5de-6d45-4480-a1f1-d41cc2d38630: receive RaftClientReply:client-D47EFDF0E133->5d71e5de-6d45-4480-a1f1-d41cc2d38630@group-C6AEA7A4B82B, cid=2254, SUCCESS, logIndex=3791, commits[5d71e5de-6d45-4480-a1f1-d41cc2d38630:c3791]
2019-06-13 13:50:39,646 DEBUG block.SCMBlockDeletingService (SCMBlockDeletingService.java:call(138)) - Running DeletedBlockTransactionScanner
2019-06-13 13:50:39,646 DEBUG block.SCMBlockDeletingService (SCMBlockDeletingService.java:call(155)) - Scanned deleted blocks log and got 0 delTX to process.
2019-06-13 13:50:39,684 INFO  client.GrpcClientProtocolClient (GrpcClientProtocolClient.java:onNext(254)) - client-D47EFDF0E133->5d71e5de-6d45-4480-a1f1-d41cc2d38630: receive RaftClientReply:client-D47EFDF0E133->5d71e5de-6d45-4480-a1f1-d41cc2d38630@group-C6AEA7A4B82B, cid=2255, SUCCESS, logIndex=3793, commits[5d71e5de-6d45-4480-a1f1-d41cc2d38630:c3793]
2019-06-13 13:50:39,685 INFO  client.GrpcClientProtocolClient (GrpcClientProtocolClient.java:onNext(254)) - client-D47EFDF0E133->5d71e5de-6d45-4480-a1f1-d41cc2d38630: receive RaftClientReply:client-D47EFDF0E133->5d71e5de-6d45-4480-a1f1-d41cc2d38630@group-C6AEA7A4B82B, cid=2256, SUCCESS, logIndex=3795, commits[5d71e5de-6d45-4480-a1f1-d41cc2d38630:c3795]
2019-06-13 13:50:39,694 INFO  client.GrpcClientProtocolClient (GrpcClientProtocolClient.java:onNext(254)) - client-D47EFDF0E133->5d71e5de-6d45-4480-a1f1-d41cc2d38630: receive RaftClientReply:client-D47EFDF0E133->5d71e5de-6d45-4480-a1f1-d41cc2d38630@group-C6AEA7A4B82B, cid=2257, SUCCESS, logIndex=3797, commits[5d71e5de-6d45-4480-a1f1-d41cc2d38630:c3797]
2019-06-13 13:50:39,695 INFO  client.GrpcClientProtocolClient (GrpcClientProtocolClient.java:onNext(254)) - client-D47EFDF0E133->5d71e5de-6d45-4480-a1f1-d41cc2d38630: receive RaftClientReply:client-D47EFDF0E133->5d71e5de-6d45-4480-a1f1-d41cc2d38630@group-C6AEA7A4B82B, cid=2258, SUCCESS, logIndex=3799, commits[5d71e5de-6d45-4480-a1f1-d41cc2d38630:c3799]
2019-06-13 13:50:39,696 INFO  client.GrpcClientProtocolClient (GrpcClientProtocolClient.java:onNext(254)) - client-D47EFDF0E133->5d71e5de-6d45-4480-a1f1-d41cc2d38630: receive RaftClientReply:client-D47EFDF0E133->5d71e5de-6d45-4480-a1f1-d41cc2d38630@group-C6AEA7A4B82B, cid=2259, SUCCESS, logIndex=3800, commits[5d71e5de-6d45-4480-a1f1-d41cc2d38630:c3802]
2019-06-13 13:50:39,696 INFO  client.GrpcClientProtocolClient (GrpcClientProtocolClient.java:onNext(254)) - client-D47EFDF0E133->5d71e5de-6d45-4480-a1f1-d41cc2d38630: receive RaftClientReply:client-D47EFDF0E133->5d71e5de-6d45-4480-a1f1-d41cc2d38630@group-C6AEA7A4B82B, cid=2260, SUCCESS, logIndex=3801, commits[5d71e5de-6d45-4480-a1f1-d41cc2d38630:c3802]
2019-06-13 13:50:39,702 INFO  client.GrpcClientProtocolClient (GrpcClientProtocolClient.java:onNext(254)) - client-D47EFDF0E133->5d71e5de-6d45-4480-a1f1-d41cc2d38630: receive RaftClientReply:client-D47EFDF0E133->5d71e5de-6d45-4480-a1f1-d41cc2d38630@group-C6AEA7A4B82B, cid=2261, SUCCESS, logIndex=3803, commits[5d71e5de-6d45-4480-a1f1-d41cc2d38630:c3803]
2019-06-13 13:50:39,703 INFO  client.GrpcClientProtocolClient (GrpcClientProtocolClient.java:onNext(254)) - client-D47EFDF0E133->5d71e5de-6d45-4480-a1f1-d41cc2d38630: receive RaftClientReply:client-D47EFDF0E133->5d71e5de-6d45-4480-a1f1-d41cc2d38630@group-C6AEA7A4B82B, cid=2262, SUCCESS, logIndex=3805, commits[5d71e5de-6d45-4480-a1f1-d41cc2d38630:c3805]
2019-06-13 13:50:39,705 INFO  client.GrpcClientProtocolClient (GrpcClientProtocolClient.java:onNext(254)) - client-D47EFDF0E133->5d71e5de-6d45-4480-a1f1-d41cc2d38630: receive RaftClientReply:client-D47EFDF0E133->5d71e5de-6d45-4480-a1f1-d41cc2d38630@group-C6AEA7A4B82B, cid=2263, SUCCESS, logIndex=3806, commits[5d71e5de-6d45-4480-a1f1-d41cc2d38630:c3808]
2019-06-13 13:50:39,705 INFO  client.GrpcClientProtocolClient (GrpcClientProtocolClient.java:onNext(254)) - client-D47EFDF0E133->5d71e5de-6d45-4480-a1f1-d41cc2d38630: receive RaftClientReply:client-D47EFDF0E133->5d71e5de-6d45-4480-a1f1-d41cc2d38630@group-C6AEA7A4B82B, cid=2264, SUCCESS, logIndex=3807, commits[5d71e5de-6d45-4480-a1f1-d41cc2d38630:c3808]
2019-06-13 13:50:39,715 INFO  client.GrpcClientProtocolClient (GrpcClientProtocolClient.java:onNext(254)) - client-D47EFDF0E133->5d71e5de-6d45-4480-a1f1-d41cc2d38630: receive RaftClientReply:client-D47EFDF0E133->5d71e5de-6d45-4480-a1f1-d41cc2d38630@group-C6AEA7A4B82B, cid=2265, SUCCESS, logIndex=3809, commits[5d71e5de-6d45-4480-a1f1-d41cc2d38630:c3809]
2019-06-13 13:50:39,717 INFO  client.GrpcClientProtocolClient (GrpcClientProtocolClient.java:onNext(254)) - client-D47EFDF0E133->5d71e5de-6d45-4480-a1f1-d41cc2d38630: receive RaftClientReply:client-D47EFDF0E133->5d71e5de-6d45-4480-a1f1-d41cc2d38630@group-C6AEA7A4B82B, cid=2266, SUCCESS, logIndex=3811, commits[5d71e5de-6d45-4480-a1f1-d41cc2d38630:c3813]
2019-06-13 13:50:39,718 INFO  client.GrpcClientProtocolClient (GrpcClientProtocolClient.java:onNext(254)) - client-D47EFDF0E133->5d71e5de-6d45-4480-a1f1-d41cc2d38630: receive RaftClientReply:client-D47EFDF0E133->5d71e5de-6d45-4480-a1f1-d41cc2d38630@group-C6AEA7A4B82B, cid=2267, SUCCESS, logIndex=3812, commits[5d71e5de-6d45-4480-a1f1-d41cc2d38630:c3813]
2019-06-13 13:50:39,718 INFO  client.GrpcClientProtocolClient (GrpcClientProtocolClient.java:onNext(254)) - client-D47EFDF0E133->5d71e5de-6d45-4480-a1f1-d41cc2d38630: receive RaftClientReply:client-D47EFDF0E133->5d71e5de-6d45-4480-a1f1-d41cc2d38630@group-C6AEA7A4B82B, cid=2268, SUCCESS, logIndex=3813, commits[5d71e5de-6d45-4480-a1f1-d41cc2d38630:c3814]
2019-06-13 13:50:39,723 INFO  client.GrpcClientProtocolClient (GrpcClientProtocolClient.java:onNext(254)) - client-D47EFDF0E133->5d71e5de-6d45-4480-a1f1-d41cc2d38630: receive RaftClientReply:client-D47EFDF0E133->5d71e5de-6d45-4480-a1f1-d41cc2d38630@group-C6AEA7A4B82B, cid=2269, SUCCESS, logIndex=3815, commits[5d71e5de-6d45-4480-a1f1-d41cc2d38630:c3815]
2019-06-13 13:50:39,724 INFO  client.GrpcClientProtocolClient (GrpcClientProtocolClient.java:onNext(254)) - client-D47EFDF0E133->5d71e5de-6d45-4480-a1f1-d41cc2d38630: receive RaftClientReply:client-D47EFDF0E133->5d71e5de-6d45-4480-a1f1-d41cc2d38630@group-C6AEA7A4B82B, cid=2270, SUCCESS, logIndex=3817, commits[5d71e5de-6d45-4480-a1f1-d41cc2d38630:c3817]
2019-06-13 13:50:39,725 INFO  client.GrpcClientProtocolClient (GrpcClientProtocolClient.java:onNext(254)) - client-D47EFDF0E133->5d71e5de-6d45-4480-a1f1-d41cc2d38630: receive RaftClientReply:client-D47EFDF0E133->5d71e5de-6d45-4480-a1f1-d41cc2d38630@group-C6AEA7A4B82B, cid=2271, SUCCESS, logIndex=3818, commits[5d71e5de-6d45-4480-a1f1-d41cc2d38630:c3820]
2019-06-13 13:50:39,725 INFO  client.GrpcClientProtocolClient (GrpcClientProtocolClient.java:onNext(254)) - client-D47EFDF0E133->5d71e5de-6d45-4480-a1f1-d41cc2d38630: receive RaftClientReply:client-D47EFDF0E133->5d71e5de-6d45-4480-a1f1-d41cc2d38630@group-C6AEA7A4B82B, cid=2272, SUCCESS, logIndex=3819, commits[5d71e5de-6d45-4480-a1f1-d41cc2d38630:c3820]
2019-06-13 13:50:39,733 INFO  client.GrpcClientProtocolClient (GrpcClientProtocolClient.java:onNext(254)) - client-D47EFDF0E133->5d71e5de-6d45-4480-a1f1-d41cc2d38630: receive RaftClientReply:client-D47EFDF0E133->5d71e5de-6d45-4480-a1f1-d41cc2d38630@group-C6AEA7A4B82B, cid=2273, SUCCESS, logIndex=3821, commits[5d71e5de-6d45-4480-a1f1-d41cc2d38630:c3821]
2019-06-13 13:50:39,734 INFO  storage.RaftLogWorker (RaftLogWorker.java:rollLogSegment(303)) - 5d71e5de-6d45-4480-a1f1-d41cc2d38630-RaftLogWorker: Rolling segment log-3756_3823 to index:3823
2019-06-13 13:50:39,734 INFO  storage.RaftLogWorker (RaftLogWorker.java:execute(433)) - 5d71e5de-6d45-4480-a1f1-d41cc2d38630-RaftLogWorker: Rolled log segment from /opt/src/hadoop-ozone/integration-test/target/test-dir/MiniOzoneClusterImpl-c05bfa39-b333-4767-bc96-5a78f3430938/datanode-0/data/ratis/3aee30eb-3db1-472a-b851-c6aea7a4b82b/current/log_inprogress_3756 to /opt/src/hadoop-ozone/integration-test/target/test-dir/MiniOzoneClusterImpl-c05bfa39-b333-4767-bc96-5a78f3430938/datanode-0/data/ratis/3aee30eb-3db1-472a-b851-c6aea7a4b82b/current/log_3756-3823
2019-06-13 13:50:39,735 INFO  client.GrpcClientProtocolClient (GrpcClientProtocolClient.java:onNext(254)) - client-D47EFDF0E133->5d71e5de-6d45-4480-a1f1-d41cc2d38630: receive RaftClientReply:client-D47EFDF0E133->5d71e5de-6d45-4480-a1f1-d41cc2d38630@group-C6AEA7A4B82B, cid=2274, SUCCESS, logIndex=3823, commits[5d71e5de-6d45-4480-a1f1-d41cc2d38630:c3823]
2019-06-13 13:50:39,747 DEBUG block.SCMBlockDeletingService (SCMBlockDeletingService.java:call(138)) - Running DeletedBlockTransactionScanner
2019-06-13 13:50:39,747 DEBUG block.SCMBlockDeletingService (SCMBlockDeletingService.java:call(155)) - Scanned deleted blocks log and got 0 delTX to process.
2019-06-13 13:50:39,770 INFO  storage.RaftLogWorker (RaftLogWorker.java:execute(469)) - 5d71e5de-6d45-4480-a1f1-d41cc2d38630-RaftLogWorker: created new log segment /opt/src/hadoop-ozone/integration-test/target/test-dir/MiniOzoneClusterImpl-c05bfa39-b333-4767-bc96-5a78f3430938/datanode-0/data/ratis/3aee30eb-3db1-472a-b851-c6aea7a4b82b/current/log_inprogress_3824
2019-06-13 13:50:39,771 INFO  client.GrpcClientProtocolClient (GrpcClientProtocolClient.java:onNext(254)) - client-D47EFDF0E133->5d71e5de-6d45-4480-a1f1-d41cc2d38630: receive RaftClientReply:client-D47EFDF0E133->5d71e5de-6d45-4480-a1f1-d41cc2d38630@group-C6AEA7A4B82B, cid=2275, SUCCESS, logIndex=3824, commits[5d71e5de-6d45-4480-a1f1-d41cc2d38630:c3826]
2019-06-13 13:50:39,771 INFO  client.GrpcClientProtocolClient (GrpcClientProtocolClient.java:onNext(254)) - client-D47EFDF0E133->5d71e5de-6d45-4480-a1f1-d41cc2d38630: receive RaftClientReply:client-D47EFDF0E133->5d71e5de-6d45-4480-a1f1-d41cc2d38630@group-C6AEA7A4B82B, cid=2276, SUCCESS, logIndex=3826, commits[5d71e5de-6d45-4480-a1f1-d41cc2d38630:c3826]
2019-06-13 13:50:39,777 INFO  client.GrpcClientProtocolClient (GrpcClientProtocolClient.java:onNext(254)) - client-D47EFDF0E133->5d71e5de-6d45-4480-a1f1-d41cc2d38630: receive RaftClientReply:client-D47EFDF0E133->5d71e5de-6d45-4480-a1f1-d41cc2d38630@group-C6AEA7A4B82B, cid=2277, SUCCESS, logIndex=3828, commits[5d71e5de-6d45-4480-a1f1-d41cc2d38630:c3828]
2019-06-13 13:50:39,778 INFO  client.GrpcClientProtocolClient (GrpcClientProtocolClient.java:onNext(254)) - client-D47EFDF0E133->5d71e5de-6d45-4480-a1f1-d41cc2d38630: receive RaftClientReply:client-D47EFDF0E133->5d71e5de-6d45-4480-a1f1-d41cc2d38630@group-C6AEA7A4B82B, cid=2278, SUCCESS, logIndex=3830, commits[5d71e5de-6d45-4480-a1f1-d41cc2d38630:c3830]
2019-06-13 13:50:39,780 INFO  client.GrpcClientProtocolClient (GrpcClientProtocolClient.java:onNext(254)) - client-D47EFDF0E133->5d71e5de-6d45-4480-a1f1-d41cc2d38630: receive RaftClientReply:client-D47EFDF0E133->5d71e5de-6d45-4480-a1f1-d41cc2d38630@group-C6AEA7A4B82B, cid=2279, SUCCESS, logIndex=3832, commits[5d71e5de-6d45-4480-a1f1-d41cc2d38630:c3833]
2019-06-13 13:50:39,781 INFO  client.GrpcClientProtocolClient (GrpcClientProtocolClient.java:onNext(254)) - client-D47EFDF0E133->5d71e5de-6d45-4480-a1f1-d41cc2d38630: receive RaftClientReply:client-D47EFDF0E133->5d71e5de-6d45-4480-a1f1-d41cc2d38630@group-C6AEA7A4B82B, cid=2280, SUCCESS, logIndex=3833, commits[5d71e5de-6d45-4480-a1f1-d41cc2d38630:c3833]
2019-06-13 13:50:39,790 INFO  client.GrpcClientProtocolClient (GrpcClientProtocolClient.java:onNext(254)) - client-D47EFDF0E133->5d71e5de-6d45-4480-a1f1-d41cc2d38630: receive RaftClientReply:client-D47EFDF0E133->5d71e5de-6d45-4480-a1f1-d41cc2d38630@group-C6AEA7A4B82B, cid=2281, SUCCESS, logIndex=3835, commits[5d71e5de-6d45-4480-a1f1-d41cc2d38630:c3835]
2019-06-13 13:50:39,791 INFO  client.GrpcClientProtocolClient (GrpcClientProtocolClient.java:onNext(254)) - client-D47EFDF0E133->5d71e5de-6d45-4480-a1f1-d41cc2d38630: receive RaftClientReply:client-D47EFDF0E133->5d71e5de-6d45-4480-a1f1-d41cc2d38630@group-C6AEA7A4B82B, cid=2282, SUCCESS, logIndex=3837, commits[5d71e5de-6d45-4480-a1f1-d41cc2d38630:c3837]
2019-06-13 13:50:39,792 INFO  client.GrpcClientProtocolClient (GrpcClientProtocolClient.java:onNext(254)) - client-D47EFDF0E133->5d71e5de-6d45-4480-a1f1-d41cc2d38630: receive RaftClientReply:client-D47EFDF0E133->5d71e5de-6d45-4480-a1f1-d41cc2d38630@group-C6AEA7A4B82B, cid=2283, SUCCESS, logIndex=3838, commits[5d71e5de-6d45-4480-a1f1-d41cc2d38630:c3840]
2019-06-13 13:50:39,792 INFO  client.GrpcClientProtocolClient (GrpcClientProtocolClient.java:onNext(254)) - client-D47EFDF0E133->5d71e5de-6d45-4480-a1f1-d41cc2d38630: receive RaftClientReply:client-D47EFDF0E133->5d71e5de-6d45-4480-a1f1-d41cc2d38630@group-C6AEA7A4B82B, cid=2284, SUCCESS, logIndex=3839, commits[5d71e5de-6d45-4480-a1f1-d41cc2d38630:c3840]
2019-06-13 13:50:39,797 INFO  client.GrpcClientProtocolClient (GrpcClientProtocolClient.java:onNext(254)) - client-D47EFDF0E133->5d71e5de-6d45-4480-a1f1-d41cc2d38630: receive RaftClientReply:client-D47EFDF0E133->5d71e5de-6d45-4480-a1f1-d41cc2d38630@group-C6AEA7A4B82B, cid=2285, SUCCESS, logIndex=3841, commits[5d71e5de-6d45-4480-a1f1-d41cc2d38630:c3841]
2019-06-13 13:50:39,798 INFO  client.GrpcClientProtocolClient (GrpcClientProtocolClient.java:onNext(254)) - client-D47EFDF0E133->5d71e5de-6d45-4480-a1f1-d41cc2d38630: receive RaftClientReply:client-D47EFDF0E133->5d71e5de-6d45-4480-a1f1-d41cc2d38630@group-C6AEA7A4B82B, cid=2286, SUCCESS, logIndex=3843, commits[5d71e5de-6d45-4480-a1f1-d41cc2d38630:c3843]
2019-06-13 13:50:39,799 INFO  client.GrpcClientProtocolClient (GrpcClientProtocolClient.java:onNext(254)) - client-D47EFDF0E133->5d71e5de-6d45-4480-a1f1-d41cc2d38630: receive RaftClientReply:client-D47EFDF0E133->5d71e5de-6d45-4480-a1f1-d41cc2d38630@group-C6AEA7A4B82B, cid=2287, SUCCESS, logIndex=3844, commits[5d71e5de-6d45-4480-a1f1-d41cc2d38630:c3846]
2019-06-13 13:50:39,799 INFO  client.GrpcClientProtocolClient (GrpcClientProtocolClient.java:onNext(254)) - client-D47EFDF0E133->5d71e5de-6d45-4480-a1f1-d41cc2d38630: receive RaftClientReply:client-D47EFDF0E133->5d71e5de-6d45-4480-a1f1-d41cc2d38630@group-C6AEA7A4B82B, cid=2288, SUCCESS, logIndex=3845, commits[5d71e5de-6d45-4480-a1f1-d41cc2d38630:c3846]
2019-06-13 13:50:39,847 DEBUG block.SCMBlockDeletingService (SCMBlockDeletingService.java:call(138)) - Running DeletedBlockTransactionScanner
2019-06-13 13:50:39,847 DEBUG block.SCMBlockDeletingService (SCMBlockDeletingService.java:call(155)) - Scanned deleted blocks log and got 0 delTX to process.
2019-06-13 13:50:39,853 INFO  client.GrpcClientProtocolClient (GrpcClientProtocolClient.java:onNext(254)) - client-D47EFDF0E133->5d71e5de-6d45-4480-a1f1-d41cc2d38630: receive RaftClientReply:client-D47EFDF0E133->5d71e5de-6d45-4480-a1f1-d41cc2d38630@group-C6AEA7A4B82B, cid=2289, SUCCESS, logIndex=3847, commits[5d71e5de-6d45-4480-a1f1-d41cc2d38630:c3848]
2019-06-13 13:50:39,855 INFO  client.GrpcClientProtocolClient (GrpcClientProtocolClient.java:onNext(254)) - client-D47EFDF0E133->5d71e5de-6d45-4480-a1f1-d41cc2d38630: receive RaftClientReply:client-D47EFDF0E133->5d71e5de-6d45-4480-a1f1-d41cc2d38630@group-C6AEA7A4B82B, cid=2290, SUCCESS, logIndex=3849, commits[5d71e5de-6d45-4480-a1f1-d41cc2d38630:c3849]
2019-06-13 13:50:39,856 INFO  client.GrpcClientProtocolClient (GrpcClientProtocolClient.java:onNext(254)) - client-D47EFDF0E133->5d71e5de-6d45-4480-a1f1-d41cc2d38630: receive RaftClientReply:client-D47EFDF0E133->5d71e5de-6d45-4480-a1f1-d41cc2d38630@group-C6AEA7A4B82B, cid=2291, SUCCESS, logIndex=3850, commits[5d71e5de-6d45-4480-a1f1-d41cc2d38630:c3852]
2019-06-13 13:50:39,856 INFO  client.GrpcClientProtocolClient (GrpcClientProtocolClient.java:onNext(254)) - client-D47EFDF0E133->5d71e5de-6d45-4480-a1f1-d41cc2d38630: receive RaftClientReply:client-D47EFDF0E133->5d71e5de-6d45-4480-a1f1-d41cc2d38630@group-C6AEA7A4B82B, cid=2292, SUCCESS, logIndex=3851, commits[5d71e5de-6d45-4480-a1f1-d41cc2d38630:c3852]
2019-06-13 13:50:39,861 INFO  client.GrpcClientProtocolClient (GrpcClientProtocolClient.java:onNext(254)) - client-D47EFDF0E133->5d71e5de-6d45-4480-a1f1-d41cc2d38630: receive RaftClientReply:client-D47EFDF0E133->5d71e5de-6d45-4480-a1f1-d41cc2d38630@group-C6AEA7A4B82B, cid=2293, SUCCESS, logIndex=3853, commits[5d71e5de-6d45-4480-a1f1-d41cc2d38630:c3853]
2019-06-13 13:50:39,863 INFO  client.GrpcClientProtocolClient (GrpcClientProtocolClient.java:onNext(254)) - client-D47EFDF0E133->5d71e5de-6d45-4480-a1f1-d41cc2d38630: receive RaftClientReply:client-D47EFDF0E133->5d71e5de-6d45-4480-a1f1-d41cc2d38630@group-C6AEA7A4B82B, cid=2294, SUCCESS, logIndex=3855, commits[5d71e5de-6d45-4480-a1f1-d41cc2d38630:c3855]
2019-06-13 13:50:39,864 INFO  client.GrpcClientProtocolClient (GrpcClientProtocolClient.java:onNext(254)) - client-D47EFDF0E133->5d71e5de-6d45-4480-a1f1-d41cc2d38630: receive RaftClientReply:client-D47EFDF0E133->5d71e5de-6d45-4480-a1f1-d41cc2d38630@group-C6AEA7A4B82B, cid=2295, SUCCESS, logIndex=3856, commits[5d71e5de-6d45-4480-a1f1-d41cc2d38630:c3858]
2019-06-13 13:50:39,864 INFO  client.GrpcClientProtocolClient (GrpcClientProtocolClient.java:onNext(254)) - client-D47EFDF0E133->5d71e5de-6d45-4480-a1f1-d41cc2d38630: receive RaftClientReply:client-D47EFDF0E133->5d71e5de-6d45-4480-a1f1-d41cc2d38630@group-C6AEA7A4B82B, cid=2296, SUCCESS, logIndex=3857, commits[5d71e5de-6d45-4480-a1f1-d41cc2d38630:c3858]
2019-06-13 13:50:39,873 INFO  client.GrpcClientProtocolClient (GrpcClientProtocolClient.java:onNext(254)) - client-D47EFDF0E133->5d71e5de-6d45-4480-a1f1-d41cc2d38630: receive RaftClientReply:client-D47EFDF0E133->5d71e5de-6d45-4480-a1f1-d41cc2d38630@group-C6AEA7A4B82B, cid=2297, SUCCESS, logIndex=3859, commits[5d71e5de-6d45-4480-a1f1-d41cc2d38630:c3859]
2019-06-13 13:50:39,874 INFO  client.GrpcClientProtocolClient (GrpcClientProtocolClient.java:onNext(254)) - client-D47EFDF0E133->5d71e5de-6d45-4480-a1f1-d41cc2d38630: receive RaftClientReply:client-D47EFDF0E133->5d71e5de-6d45-4480-a1f1-d41cc2d38630@group-C6AEA7A4B82B, cid=2298, SUCCESS, logIndex=3861, commits[5d71e5de-6d45-4480-a1f1-d41cc2d38630:c3861]
2019-06-13 13:50:39,942 INFO  client.GrpcClientProtocolClient (GrpcClientProtocolClient.java:onNext(254)) - client-D47EFDF0E133->5d71e5de-6d45-4480-a1f1-d41cc2d38630: receive RaftClientReply:client-D47EFDF0E133->5d71e5de-6d45-4480-a1f1-d41cc2d38630@group-C6AEA7A4B82B, cid=2299, SUCCESS, logIndex=3863, commits[5d71e5de-6d45-4480-a1f1-d41cc2d38630:c3863]
2019-06-13 13:50:39,944 INFO  client.GrpcClientProtocolClient (GrpcClientProtocolClient.java:onNext(254)) - client-D47EFDF0E133->5d71e5de-6d45-4480-a1f1-d41cc2d38630: receive RaftClientReply:client-D47EFDF0E133->5d71e5de-6d45-4480-a1f1-d41cc2d38630@group-C6AEA7A4B82B, cid=2300, SUCCESS, logIndex=3865, commits[5d71e5de-6d45-4480-a1f1-d41cc2d38630:c3865]
2019-06-13 13:50:39,947 DEBUG block.SCMBlockDeletingService (SCMBlockDeletingService.java:call(138)) - Running DeletedBlockTransactionScanner
2019-06-13 13:50:39,948 DEBUG block.SCMBlockDeletingService (SCMBlockDeletingService.java:call(155)) - Scanned deleted blocks log and got 0 delTX to process.
2019-06-13 13:50:39,948 INFO  client.GrpcClientProtocolClient (GrpcClientProtocolClient.java:onNext(254)) - client-D47EFDF0E133->5d71e5de-6d45-4480-a1f1-d41cc2d38630: receive RaftClientReply:client-D47EFDF0E133->5d71e5de-6d45-4480-a1f1-d41cc2d38630@group-C6AEA7A4B82B, cid=2301, SUCCESS, logIndex=3867, commits[5d71e5de-6d45-4480-a1f1-d41cc2d38630:c3867]
2019-06-13 13:50:39,950 INFO  client.GrpcClientProtocolClient (GrpcClientProtocolClient.java:onNext(254)) - client-D47EFDF0E133->5d71e5de-6d45-4480-a1f1-d41cc2d38630: receive RaftClientReply:client-D47EFDF0E133->5d71e5de-6d45-4480-a1f1-d41cc2d38630@group-C6AEA7A4B82B, cid=2302, SUCCESS, logIndex=3869, commits[5d71e5de-6d45-4480-a1f1-d41cc2d38630:c3869]
2019-06-13 13:50:39,951 INFO  client.GrpcClientProtocolClient (GrpcClientProtocolClient.java:onNext(254)) - client-D47EFDF0E133->5d71e5de-6d45-4480-a1f1-d41cc2d38630: receive RaftClientReply:client-D47EFDF0E133->5d71e5de-6d45-4480-a1f1-d41cc2d38630@group-C6AEA7A4B82B, cid=2303, SUCCESS, logIndex=3870, commits[5d71e5de-6d45-4480-a1f1-d41cc2d38630:c3872]
2019-06-13 13:50:39,951 INFO  client.GrpcClientProtocolClient (GrpcClientProtocolClient.java:onNext(254)) - client-D47EFDF0E133->5d71e5de-6d45-4480-a1f1-d41cc2d38630: receive RaftClientReply:client-D47EFDF0E133->5d71e5de-6d45-4480-a1f1-d41cc2d38630@group-C6AEA7A4B82B, cid=2304, SUCCESS, logIndex=3871, commits[5d71e5de-6d45-4480-a1f1-d41cc2d38630:c3872]
2019-06-13 13:50:39,963 INFO  client.GrpcClientProtocolClient (GrpcClientProtocolClient.java:onNext(254)) - client-D47EFDF0E133->5d71e5de-6d45-4480-a1f1-d41cc2d38630: receive RaftClientReply:client-D47EFDF0E133->5d71e5de-6d45-4480-a1f1-d41cc2d38630@group-C6AEA7A4B82B, cid=2305, SUCCESS, logIndex=3873, commits[5d71e5de-6d45-4480-a1f1-d41cc2d38630:c3873]
2019-06-13 13:50:39,964 INFO  client.GrpcClientProtocolClient (GrpcClientProtocolClient.java:onNext(254)) - client-D47EFDF0E133->5d71e5de-6d45-4480-a1f1-d41cc2d38630: receive RaftClientReply:client-D47EFDF0E133->5d71e5de-6d45-4480-a1f1-d41cc2d38630@group-C6AEA7A4B82B, cid=2306, SUCCESS, logIndex=3875, commits[5d71e5de-6d45-4480-a1f1-d41cc2d38630:c3875]
2019-06-13 13:50:39,965 INFO  client.GrpcClientProtocolClient (GrpcClientProtocolClient.java:onNext(254)) - client-D47EFDF0E133->5d71e5de-6d45-4480-a1f1-d41cc2d38630: receive RaftClientReply:client-D47EFDF0E133->5d71e5de-6d45-4480-a1f1-d41cc2d38630@group-C6AEA7A4B82B, cid=2307, SUCCESS, logIndex=3876, commits[5d71e5de-6d45-4480-a1f1-d41cc2d38630:c3878]
2019-06-13 13:50:39,966 INFO  client.GrpcClientProtocolClient (GrpcClientProtocolClient.java:onNext(254)) - client-D47EFDF0E133->5d71e5de-6d45-4480-a1f1-d41cc2d38630: receive RaftClientReply:client-D47EFDF0E133->5d71e5de-6d45-4480-a1f1-d41cc2d38630@group-C6AEA7A4B82B, cid=2308, SUCCESS, logIndex=3877, commits[5d71e5de-6d45-4480-a1f1-d41cc2d38630:c3878]
2019-06-13 13:50:39,970 INFO  client.GrpcClientProtocolClient (GrpcClientProtocolClient.java:onNext(254)) - client-D47EFDF0E133->5d71e5de-6d45-4480-a1f1-d41cc2d38630: receive RaftClientReply:client-D47EFDF0E133->5d71e5de-6d45-4480-a1f1-d41cc2d38630@group-C6AEA7A4B82B, cid=2309, SUCCESS, logIndex=3879, commits[5d71e5de-6d45-4480-a1f1-d41cc2d38630:c3879]
2019-06-13 13:50:39,971 INFO  client.GrpcClientProtocolClient (GrpcClientProtocolClient.java:onNext(254)) - client-D47EFDF0E133->5d71e5de-6d45-4480-a1f1-d41cc2d38630: receive RaftClientReply:client-D47EFDF0E133->5d71e5de-6d45-4480-a1f1-d41cc2d38630@group-C6AEA7A4B82B, cid=2310, SUCCESS, logIndex=3881, commits[5d71e5de-6d45-4480-a1f1-d41cc2d38630:c3881]
2019-06-13 13:50:39,973 INFO  client.GrpcClientProtocolClient (GrpcClientProtocolClient.java:onNext(254)) - client-D47EFDF0E133->5d71e5de-6d45-4480-a1f1-d41cc2d38630: receive RaftClientReply:client-D47EFDF0E133->5d71e5de-6d45-4480-a1f1-d41cc2d38630@group-C6AEA7A4B82B, cid=2311, SUCCESS, logIndex=3882, commits[5d71e5de-6d45-4480-a1f1-d41cc2d38630:c3884]
2019-06-13 13:50:39,973 INFO  client.GrpcClientProtocolClient (GrpcClientProtocolClient.java:onNext(254)) - client-D47EFDF0E133->5d71e5de-6d45-4480-a1f1-d41cc2d38630: receive RaftClientReply:client-D47EFDF0E133->5d71e5de-6d45-4480-a1f1-d41cc2d38630@group-C6AEA7A4B82B, cid=2312, SUCCESS, logIndex=3883, commits[5d71e5de-6d45-4480-a1f1-d41cc2d38630:c3884]
2019-06-13 13:50:39,981 INFO  client.GrpcClientProtocolClient (GrpcClientProtocolClient.java:onNext(254)) - client-D47EFDF0E133->5d71e5de-6d45-4480-a1f1-d41cc2d38630: receive RaftClientReply:client-D47EFDF0E133->5d71e5de-6d45-4480-a1f1-d41cc2d38630@group-C6AEA7A4B82B, cid=2313, SUCCESS, logIndex=3885, commits[5d71e5de-6d45-4480-a1f1-d41cc2d38630:c3885]
2019-06-13 13:50:39,982 INFO  client.GrpcClientProtocolClient (GrpcClientProtocolClient.java:onNext(254)) - client-D47EFDF0E133->5d71e5de-6d45-4480-a1f1-d41cc2d38630: receive RaftClientReply:client-D47EFDF0E133->5d71e5de-6d45-4480-a1f1-d41cc2d38630@group-C6AEA7A4B82B, cid=2314, SUCCESS, logIndex=3887, commits[5d71e5de-6d45-4480-a1f1-d41cc2d38630:c3887]
2019-06-13 13:50:39,983 INFO  client.GrpcClientProtocolClient (GrpcClientProtocolClient.java:onNext(254)) - client-D47EFDF0E133->5d71e5de-6d45-4480-a1f1-d41cc2d38630: receive RaftClientReply:client-D47EFDF0E133->5d71e5de-6d45-4480-a1f1-d41cc2d38630@group-C6AEA7A4B82B, cid=2315, SUCCESS, logIndex=3888, commits[5d71e5de-6d45-4480-a1f1-d41cc2d38630:c3890]
2019-06-13 13:50:39,984 INFO  client.GrpcClientProtocolClient (GrpcClientProtocolClient.java:onNext(254)) - client-D47EFDF0E133->5d71e5de-6d45-4480-a1f1-d41cc2d38630: receive RaftClientReply:client-D47EFDF0E133->5d71e5de-6d45-4480-a1f1-d41cc2d38630@group-C6AEA7A4B82B, cid=2316, SUCCESS, logIndex=3889, commits[5d71e5de-6d45-4480-a1f1-d41cc2d38630:c3890]
2019-06-13 13:50:39,988 INFO  client.GrpcClientProtocolClient (GrpcClientProtocolClient.java:onNext(254)) - client-D47EFDF0E133->5d71e5de-6d45-4480-a1f1-d41cc2d38630: receive RaftClientReply:client-D47EFDF0E133->5d71e5de-6d45-4480-a1f1-d41cc2d38630@group-C6AEA7A4B82B, cid=2317, SUCCESS, logIndex=3891, commits[5d71e5de-6d45-4480-a1f1-d41cc2d38630:c3891]
2019-06-13 13:50:39,988 INFO  storage.RaftLogWorker (RaftLogWorker.java:rollLogSegment(303)) - 5d71e5de-6d45-4480-a1f1-d41cc2d38630-RaftLogWorker: Rolling segment log-3824_3892 to index:3892
2019-06-13 13:50:39,989 INFO  storage.RaftLogWorker (RaftLogWorker.java:execute(433)) - 5d71e5de-6d45-4480-a1f1-d41cc2d38630-RaftLogWorker: Rolled log segment from /opt/src/hadoop-ozone/integration-test/target/test-dir/MiniOzoneClusterImpl-c05bfa39-b333-4767-bc96-5a78f3430938/datanode-0/data/ratis/3aee30eb-3db1-472a-b851-c6aea7a4b82b/current/log_inprogress_3824 to /opt/src/hadoop-ozone/integration-test/target/test-dir/MiniOzoneClusterImpl-c05bfa39-b333-4767-bc96-5a78f3430938/datanode-0/data/ratis/3aee30eb-3db1-472a-b851-c6aea7a4b82b/current/log_3824-3892
2019-06-13 13:50:40,024 INFO  storage.RaftLogWorker (RaftLogWorker.java:execute(469)) - 5d71e5de-6d45-4480-a1f1-d41cc2d38630-RaftLogWorker: created new log segment /opt/src/hadoop-ozone/integration-test/target/test-dir/MiniOzoneClusterImpl-c05bfa39-b333-4767-bc96-5a78f3430938/datanode-0/data/ratis/3aee30eb-3db1-472a-b851-c6aea7a4b82b/current/log_inprogress_3893
2019-06-13 13:50:40,026 INFO  client.GrpcClientProtocolClient (GrpcClientProtocolClient.java:onNext(254)) - client-D47EFDF0E133->5d71e5de-6d45-4480-a1f1-d41cc2d38630: receive RaftClientReply:client-D47EFDF0E133->5d71e5de-6d45-4480-a1f1-d41cc2d38630@group-C6AEA7A4B82B, cid=2318, SUCCESS, logIndex=3893, commits[5d71e5de-6d45-4480-a1f1-d41cc2d38630:c3895]
2019-06-13 13:50:40,026 INFO  client.GrpcClientProtocolClient (GrpcClientProtocolClient.java:onNext(254)) - client-D47EFDF0E133->5d71e5de-6d45-4480-a1f1-d41cc2d38630: receive RaftClientReply:client-D47EFDF0E133->5d71e5de-6d45-4480-a1f1-d41cc2d38630@group-C6AEA7A4B82B, cid=2319, SUCCESS, logIndex=3894, commits[5d71e5de-6d45-4480-a1f1-d41cc2d38630:c3896]
2019-06-13 13:50:40,026 INFO  client.GrpcClientProtocolClient (GrpcClientProtocolClient.java:onNext(254)) - client-D47EFDF0E133->5d71e5de-6d45-4480-a1f1-d41cc2d38630: receive RaftClientReply:client-D47EFDF0E133->5d71e5de-6d45-4480-a1f1-d41cc2d38630@group-C6AEA7A4B82B, cid=2320, SUCCESS, logIndex=3895, commits[5d71e5de-6d45-4480-a1f1-d41cc2d38630:c3896]
2019-06-13 13:50:40,035 INFO  client.GrpcClientProtocolClient (GrpcClientProtocolClient.java:onNext(254)) - client-D47EFDF0E133->5d71e5de-6d45-4480-a1f1-d41cc2d38630: receive RaftClientReply:client-D47EFDF0E133->5d71e5de-6d45-4480-a1f1-d41cc2d38630@group-C6AEA7A4B82B, cid=2321, SUCCESS, logIndex=3897, commits[5d71e5de-6d45-4480-a1f1-d41cc2d38630:c3897]
2019-06-13 13:50:40,036 INFO  client.GrpcClientProtocolClient (GrpcClientProtocolClient.java:onNext(254)) - client-D47EFDF0E133->5d71e5de-6d45-4480-a1f1-d41cc2d38630: receive RaftClientReply:client-D47EFDF0E133->5d71e5de-6d45-4480-a1f1-d41cc2d38630@group-C6AEA7A4B82B, cid=2322, SUCCESS, logIndex=3899, commits[5d71e5de-6d45-4480-a1f1-d41cc2d38630:c3899]
2019-06-13 13:50:40,038 INFO  client.GrpcClientProtocolClient (GrpcClientProtocolClient.java:onNext(254)) - client-D47EFDF0E133->5d71e5de-6d45-4480-a1f1-d41cc2d38630: receive RaftClientReply:client-D47EFDF0E133->5d71e5de-6d45-4480-a1f1-d41cc2d38630@group-C6AEA7A4B82B, cid=2323, SUCCESS, logIndex=3900, commits[5d71e5de-6d45-4480-a1f1-d41cc2d38630:c3902]
2019-06-13 13:50:40,038 INFO  client.GrpcClientProtocolClient (GrpcClientProtocolClient.java:onNext(254)) - client-D47EFDF0E133->5d71e5de-6d45-4480-a1f1-d41cc2d38630: receive RaftClientReply:client-D47EFDF0E133->5d71e5de-6d45-4480-a1f1-d41cc2d38630@group-C6AEA7A4B82B, cid=2324, SUCCESS, logIndex=3901, commits[5d71e5de-6d45-4480-a1f1-d41cc2d38630:c3902]
2019-06-13 13:50:40,043 INFO  client.GrpcClientProtocolClient (GrpcClientProtocolClient.java:onNext(254)) - client-D47EFDF0E133->5d71e5de-6d45-4480-a1f1-d41cc2d38630: receive RaftClientReply:client-D47EFDF0E133->5d71e5de-6d45-4480-a1f1-d41cc2d38630@group-C6AEA7A4B82B, cid=2325, SUCCESS, logIndex=3903, commits[5d71e5de-6d45-4480-a1f1-d41cc2d38630:c3903]
2019-06-13 13:50:40,044 INFO  client.GrpcClientProtocolClient (GrpcClientProtocolClient.java:onNext(254)) - client-D47EFDF0E133->5d71e5de-6d45-4480-a1f1-d41cc2d38630: receive RaftClientReply:client-D47EFDF0E133->5d71e5de-6d45-4480-a1f1-d41cc2d38630@group-C6AEA7A4B82B, cid=2326, SUCCESS, logIndex=3905, commits[5d71e5de-6d45-4480-a1f1-d41cc2d38630:c3905]
2019-06-13 13:50:40,045 INFO  client.GrpcClientProtocolClient (GrpcClientProtocolClient.java:onNext(254)) - client-D47EFDF0E133->5d71e5de-6d45-4480-a1f1-d41cc2d38630: receive RaftClientReply:client-D47EFDF0E133->5d71e5de-6d45-4480-a1f1-d41cc2d38630@group-C6AEA7A4B82B, cid=2327, SUCCESS, logIndex=3906, commits[5d71e5de-6d45-4480-a1f1-d41cc2d38630:c3908]
2019-06-13 13:50:40,045 INFO  client.GrpcClientProtocolClient (GrpcClientProtocolClient.java:onNext(254)) - client-D47EFDF0E133->5d71e5de-6d45-4480-a1f1-d41cc2d38630: receive RaftClientReply:client-D47EFDF0E133->5d71e5de-6d45-4480-a1f1-d41cc2d38630@group-C6AEA7A4B82B, cid=2328, SUCCESS, logIndex=3907, commits[5d71e5de-6d45-4480-a1f1-d41cc2d38630:c3908]
2019-06-13 13:50:40,048 DEBUG block.SCMBlockDeletingService (SCMBlockDeletingService.java:call(138)) - Running DeletedBlockTransactionScanner
2019-06-13 13:50:40,048 DEBUG block.SCMBlockDeletingService (SCMBlockDeletingService.java:call(155)) - Scanned deleted blocks log and got 0 delTX to process.
2019-06-13 13:50:40,054 INFO  client.GrpcClientProtocolClient (GrpcClientProtocolClient.java:onNext(254)) - client-D47EFDF0E133->5d71e5de-6d45-4480-a1f1-d41cc2d38630: receive RaftClientReply:client-D47EFDF0E133->5d71e5de-6d45-4480-a1f1-d41cc2d38630@group-C6AEA7A4B82B, cid=2329, SUCCESS, logIndex=3909, commits[5d71e5de-6d45-4480-a1f1-d41cc2d38630:c3909]
2019-06-13 13:50:40,055 INFO  client.GrpcClientProtocolClient (GrpcClientProtocolClient.java:onNext(254)) - client-D47EFDF0E133->5d71e5de-6d45-4480-a1f1-d41cc2d38630: receive RaftClientReply:client-D47EFDF0E133->5d71e5de-6d45-4480-a1f1-d41cc2d38630@group-C6AEA7A4B82B, cid=2330, SUCCESS, logIndex=3911, commits[5d71e5de-6d45-4480-a1f1-d41cc2d38630:c3911]
2019-06-13 13:50:40,056 INFO  client.GrpcClientProtocolClient (GrpcClientProtocolClient.java:onNext(254)) - client-D47EFDF0E133->5d71e5de-6d45-4480-a1f1-d41cc2d38630: receive RaftClientReply:client-D47EFDF0E133->5d71e5de-6d45-4480-a1f1-d41cc2d38630@group-C6AEA7A4B82B, cid=2331, SUCCESS, logIndex=3912, commits[5d71e5de-6d45-4480-a1f1-d41cc2d38630:c3914]
2019-06-13 13:50:40,056 INFO  client.GrpcClientProtocolClient (GrpcClientProtocolClient.java:onNext(254)) - client-D47EFDF0E133->5d71e5de-6d45-4480-a1f1-d41cc2d38630: receive RaftClientReply:client-D47EFDF0E133->5d71e5de-6d45-4480-a1f1-d41cc2d38630@group-C6AEA7A4B82B, cid=2332, SUCCESS, logIndex=3913, commits[5d71e5de-6d45-4480-a1f1-d41cc2d38630:c3914]
2019-06-13 13:50:40,061 INFO  client.GrpcClientProtocolClient (GrpcClientProtocolClient.java:onNext(254)) - client-D47EFDF0E133->5d71e5de-6d45-4480-a1f1-d41cc2d38630: receive RaftClientReply:client-D47EFDF0E133->5d71e5de-6d45-4480-a1f1-d41cc2d38630@group-C6AEA7A4B82B, cid=2333, SUCCESS, logIndex=3915, commits[5d71e5de-6d45-4480-a1f1-d41cc2d38630:c3915]
2019-06-13 13:50:40,062 INFO  client.GrpcClientProtocolClient (GrpcClientProtocolClient.java:onNext(254)) - client-D47EFDF0E133->5d71e5de-6d45-4480-a1f1-d41cc2d38630: receive RaftClientReply:client-D47EFDF0E133->5d71e5de-6d45-4480-a1f1-d41cc2d38630@group-C6AEA7A4B82B, cid=2334, SUCCESS, logIndex=3917, commits[5d71e5de-6d45-4480-a1f1-d41cc2d38630:c3917]
2019-06-13 13:50:40,063 INFO  client.GrpcClientProtocolClient (GrpcClientProtocolClient.java:onNext(254)) - client-D47EFDF0E133->5d71e5de-6d45-4480-a1f1-d41cc2d38630: receive RaftClientReply:client-D47EFDF0E133->5d71e5de-6d45-4480-a1f1-d41cc2d38630@group-C6AEA7A4B82B, cid=2335, SUCCESS, logIndex=3918, commits[5d71e5de-6d45-4480-a1f1-d41cc2d38630:c3920]
2019-06-13 13:50:40,063 INFO  client.GrpcClientProtocolClient (GrpcClientProtocolClient.java:onNext(254)) - client-D47EFDF0E133->5d71e5de-6d45-4480-a1f1-d41cc2d38630: receive RaftClientReply:client-D47EFDF0E133->5d71e5de-6d45-4480-a1f1-d41cc2d38630@group-C6AEA7A4B82B, cid=2336, SUCCESS, logIndex=3919, commits[5d71e5de-6d45-4480-a1f1-d41cc2d38630:c3920]
2019-06-13 13:50:40,071 INFO  client.GrpcClientProtocolClient (GrpcClientProtocolClient.java:onNext(254)) - client-D47EFDF0E133->5d71e5de-6d45-4480-a1f1-d41cc2d38630: receive RaftClientReply:client-D47EFDF0E133->5d71e5de-6d45-4480-a1f1-d41cc2d38630@group-C6AEA7A4B82B, cid=2337, SUCCESS, logIndex=3921, commits[5d71e5de-6d45-4480-a1f1-d41cc2d38630:c3921]
2019-06-13 13:50:40,073 INFO  client.GrpcClientProtocolClient (GrpcClientProtocolClient.java:onNext(254)) - client-D47EFDF0E133->5d71e5de-6d45-4480-a1f1-d41cc2d38630: receive RaftClientReply:client-D47EFDF0E133->5d71e5de-6d45-4480-a1f1-d41cc2d38630@group-C6AEA7A4B82B, cid=2338, SUCCESS, logIndex=3923, commits[5d71e5de-6d45-4480-a1f1-d41cc2d38630:c3923]
2019-06-13 13:50:40,074 INFO  client.GrpcClientProtocolClient (GrpcClientProtocolClient.java:onNext(254)) - client-D47EFDF0E133->5d71e5de-6d45-4480-a1f1-d41cc2d38630: receive RaftClientReply:client-D47EFDF0E133->5d71e5de-6d45-4480-a1f1-d41cc2d38630@group-C6AEA7A4B82B, cid=2339, SUCCESS, logIndex=3924, commits[5d71e5de-6d45-4480-a1f1-d41cc2d38630:c3926]
2019-06-13 13:50:40,074 INFO  client.GrpcClientProtocolClient (GrpcClientProtocolClient.java:onNext(254)) - client-D47EFDF0E133->5d71e5de-6d45-4480-a1f1-d41cc2d38630: receive RaftClientReply:client-D47EFDF0E133->5d71e5de-6d45-4480-a1f1-d41cc2d38630@group-C6AEA7A4B82B, cid=2340, SUCCESS, logIndex=3925, commits[5d71e5de-6d45-4480-a1f1-d41cc2d38630:c3926]
2019-06-13 13:50:40,078 INFO  client.GrpcClientProtocolClient (GrpcClientProtocolClient.java:onNext(254)) - client-D47EFDF0E133->5d71e5de-6d45-4480-a1f1-d41cc2d38630: receive RaftClientReply:client-D47EFDF0E133->5d71e5de-6d45-4480-a1f1-d41cc2d38630@group-C6AEA7A4B82B, cid=2341, SUCCESS, logIndex=3927, commits[5d71e5de-6d45-4480-a1f1-d41cc2d38630:c3927]
2019-06-13 13:50:40,079 INFO  client.GrpcClientProtocolClient (GrpcClientProtocolClient.java:onNext(254)) - client-D47EFDF0E133->5d71e5de-6d45-4480-a1f1-d41cc2d38630: receive RaftClientReply:client-D47EFDF0E133->5d71e5de-6d45-4480-a1f1-d41cc2d38630@group-C6AEA7A4B82B, cid=2342, SUCCESS, logIndex=3929, commits[5d71e5de-6d45-4480-a1f1-d41cc2d38630:c3929]
2019-06-13 13:50:40,148 DEBUG block.SCMBlockDeletingService (SCMBlockDeletingService.java:call(138)) - Running DeletedBlockTransactionScanner
2019-06-13 13:50:40,148 DEBUG block.SCMBlockDeletingService (SCMBlockDeletingService.java:call(155)) - Scanned deleted blocks log and got 0 delTX to process.
2019-06-13 13:50:40,150 INFO  client.GrpcClientProtocolClient (GrpcClientProtocolClient.java:onNext(254)) - client-D47EFDF0E133->5d71e5de-6d45-4480-a1f1-d41cc2d38630: receive RaftClientReply:client-D47EFDF0E133->5d71e5de-6d45-4480-a1f1-d41cc2d38630@group-C6AEA7A4B82B, cid=2343, SUCCESS, logIndex=3931, commits[5d71e5de-6d45-4480-a1f1-d41cc2d38630:c3931]
2019-06-13 13:50:40,151 INFO  client.GrpcClientProtocolClient (GrpcClientProtocolClient.java:onNext(254)) - client-D47EFDF0E133->5d71e5de-6d45-4480-a1f1-d41cc2d38630: receive RaftClientReply:client-D47EFDF0E133->5d71e5de-6d45-4480-a1f1-d41cc2d38630@group-C6AEA7A4B82B, cid=2344, SUCCESS, logIndex=3933, commits[5d71e5de-6d45-4480-a1f1-d41cc2d38630:c3933]
2019-06-13 13:50:40,162 INFO  client.GrpcClientProtocolClient (GrpcClientProtocolClient.java:onNext(254)) - client-D47EFDF0E133->5d71e5de-6d45-4480-a1f1-d41cc2d38630: receive RaftClientReply:client-D47EFDF0E133->5d71e5de-6d45-4480-a1f1-d41cc2d38630@group-C6AEA7A4B82B, cid=2345, SUCCESS, logIndex=3935, commits[5d71e5de-6d45-4480-a1f1-d41cc2d38630:c3935]
2019-06-13 13:50:40,163 INFO  client.GrpcClientProtocolClient (GrpcClientProtocolClient.java:onNext(254)) - client-D47EFDF0E133->5d71e5de-6d45-4480-a1f1-d41cc2d38630: receive RaftClientReply:client-D47EFDF0E133->5d71e5de-6d45-4480-a1f1-d41cc2d38630@group-C6AEA7A4B82B, cid=2346, SUCCESS, logIndex=3937, commits[5d71e5de-6d45-4480-a1f1-d41cc2d38630:c3937]
2019-06-13 13:50:40,164 INFO  client.GrpcClientProtocolClient (GrpcClientProtocolClient.java:onNext(254)) - client-D47EFDF0E133->5d71e5de-6d45-4480-a1f1-d41cc2d38630: receive RaftClientReply:client-D47EFDF0E133->5d71e5de-6d45-4480-a1f1-d41cc2d38630@group-C6AEA7A4B82B, cid=2347, SUCCESS, logIndex=3938, commits[5d71e5de-6d45-4480-a1f1-d41cc2d38630:c3940]
2019-06-13 13:50:40,164 INFO  client.GrpcClientProtocolClient (GrpcClientProtocolClient.java:onNext(254)) - client-D47EFDF0E133->5d71e5de-6d45-4480-a1f1-d41cc2d38630: receive RaftClientReply:client-D47EFDF0E133->5d71e5de-6d45-4480-a1f1-d41cc2d38630@group-C6AEA7A4B82B, cid=2348, SUCCESS, logIndex=3939, commits[5d71e5de-6d45-4480-a1f1-d41cc2d38630:c3940]
2019-06-13 13:50:40,169 INFO  client.GrpcClientProtocolClient (GrpcClientProtocolClient.java:onNext(254)) - client-D47EFDF0E133->5d71e5de-6d45-4480-a1f1-d41cc2d38630: receive RaftClientReply:client-D47EFDF0E133->5d71e5de-6d45-4480-a1f1-d41cc2d38630@group-C6AEA7A4B82B, cid=2349, SUCCESS, logIndex=3941, commits[5d71e5de-6d45-4480-a1f1-d41cc2d38630:c3941]
2019-06-13 13:50:40,170 INFO  client.GrpcClientProtocolClient (GrpcClientProtocolClient.java:onNext(254)) - client-D47EFDF0E133->5d71e5de-6d45-4480-a1f1-d41cc2d38630: receive RaftClientReply:client-D47EFDF0E133->5d71e5de-6d45-4480-a1f1-d41cc2d38630@group-C6AEA7A4B82B, cid=2350, SUCCESS, logIndex=3943, commits[5d71e5de-6d45-4480-a1f1-d41cc2d38630:c3943]
2019-06-13 13:50:40,171 INFO  client.GrpcClientProtocolClient (GrpcClientProtocolClient.java:onNext(254)) - client-D47EFDF0E133->5d71e5de-6d45-4480-a1f1-d41cc2d38630: receive RaftClientReply:client-D47EFDF0E133->5d71e5de-6d45-4480-a1f1-d41cc2d38630@group-C6AEA7A4B82B, cid=2351, SUCCESS, logIndex=3944, commits[5d71e5de-6d45-4480-a1f1-d41cc2d38630:c3946]
2019-06-13 13:50:40,171 INFO  client.GrpcClientProtocolClient (GrpcClientProtocolClient.java:onNext(254)) - client-D47EFDF0E133->5d71e5de-6d45-4480-a1f1-d41cc2d38630: receive RaftClientReply:client-D47EFDF0E133->5d71e5de-6d45-4480-a1f1-d41cc2d38630@group-C6AEA7A4B82B, cid=2352, SUCCESS, logIndex=3945, commits[5d71e5de-6d45-4480-a1f1-d41cc2d38630:c3946]
2019-06-13 13:50:40,180 INFO  client.GrpcClientProtocolClient (GrpcClientProtocolClient.java:onNext(254)) - client-D47EFDF0E133->5d71e5de-6d45-4480-a1f1-d41cc2d38630: receive RaftClientReply:client-D47EFDF0E133->5d71e5de-6d45-4480-a1f1-d41cc2d38630@group-C6AEA7A4B82B, cid=2353, SUCCESS, logIndex=3947, commits[5d71e5de-6d45-4480-a1f1-d41cc2d38630:c3947]
2019-06-13 13:50:40,181 INFO  client.GrpcClientProtocolClient (GrpcClientProtocolClient.java:onNext(254)) - client-D47EFDF0E133->5d71e5de-6d45-4480-a1f1-d41cc2d38630: receive RaftClientReply:client-D47EFDF0E133->5d71e5de-6d45-4480-a1f1-d41cc2d38630@group-C6AEA7A4B82B, cid=2354, SUCCESS, logIndex=3949, commits[5d71e5de-6d45-4480-a1f1-d41cc2d38630:c3949]
2019-06-13 13:50:40,182 INFO  client.GrpcClientProtocolClient (GrpcClientProtocolClient.java:onNext(254)) - client-D47EFDF0E133->5d71e5de-6d45-4480-a1f1-d41cc2d38630: receive RaftClientReply:client-D47EFDF0E133->5d71e5de-6d45-4480-a1f1-d41cc2d38630@group-C6AEA7A4B82B, cid=2355, SUCCESS, logIndex=3950, commits[5d71e5de-6d45-4480-a1f1-d41cc2d38630:c3952]
2019-06-13 13:50:40,182 INFO  client.GrpcClientProtocolClient (GrpcClientProtocolClient.java:onNext(254)) - client-D47EFDF0E133->5d71e5de-6d45-4480-a1f1-d41cc2d38630: receive RaftClientReply:client-D47EFDF0E133->5d71e5de-6d45-4480-a1f1-d41cc2d38630@group-C6AEA7A4B82B, cid=2356, SUCCESS, logIndex=3951, commits[5d71e5de-6d45-4480-a1f1-d41cc2d38630:c3952]
2019-06-13 13:50:40,188 INFO  client.GrpcClientProtocolClient (GrpcClientProtocolClient.java:onNext(254)) - client-D47EFDF0E133->5d71e5de-6d45-4480-a1f1-d41cc2d38630: receive RaftClientReply:client-D47EFDF0E133->5d71e5de-6d45-4480-a1f1-d41cc2d38630@group-C6AEA7A4B82B, cid=2357, SUCCESS, logIndex=3953, commits[5d71e5de-6d45-4480-a1f1-d41cc2d38630:c3953]
2019-06-13 13:50:40,189 INFO  client.GrpcClientProtocolClient (GrpcClientProtocolClient.java:onNext(254)) - client-D47EFDF0E133->5d71e5de-6d45-4480-a1f1-d41cc2d38630: receive RaftClientReply:client-D47EFDF0E133->5d71e5de-6d45-4480-a1f1-d41cc2d38630@group-C6AEA7A4B82B, cid=2358, SUCCESS, logIndex=3955, commits[5d71e5de-6d45-4480-a1f1-d41cc2d38630:c3955]
2019-06-13 13:50:40,190 INFO  client.GrpcClientProtocolClient (GrpcClientProtocolClient.java:onNext(254)) - client-D47EFDF0E133->5d71e5de-6d45-4480-a1f1-d41cc2d38630: receive RaftClientReply:client-D47EFDF0E133->5d71e5de-6d45-4480-a1f1-d41cc2d38630@group-C6AEA7A4B82B, cid=2359, SUCCESS, logIndex=3956, commits[5d71e5de-6d45-4480-a1f1-d41cc2d38630:c3958]
2019-06-13 13:50:40,190 INFO  client.GrpcClientProtocolClient (GrpcClientProtocolClient.java:onNext(254)) - client-D47EFDF0E133->5d71e5de-6d45-4480-a1f1-d41cc2d38630: receive RaftClientReply:client-D47EFDF0E133->5d71e5de-6d45-4480-a1f1-d41cc2d38630@group-C6AEA7A4B82B, cid=2360, SUCCESS, logIndex=3957, commits[5d71e5de-6d45-4480-a1f1-d41cc2d38630:c3958]
2019-06-13 13:50:40,197 INFO  storage.RaftLogWorker (RaftLogWorker.java:rollLogSegment(303)) - 5d71e5de-6d45-4480-a1f1-d41cc2d38630-RaftLogWorker: Rolling segment log-3893_3958 to index:3958
2019-06-13 13:50:40,197 INFO  storage.RaftLogWorker (RaftLogWorker.java:execute(433)) - 5d71e5de-6d45-4480-a1f1-d41cc2d38630-RaftLogWorker: Rolled log segment from /opt/src/hadoop-ozone/integration-test/target/test-dir/MiniOzoneClusterImpl-c05bfa39-b333-4767-bc96-5a78f3430938/datanode-0/data/ratis/3aee30eb-3db1-472a-b851-c6aea7a4b82b/current/log_inprogress_3893 to /opt/src/hadoop-ozone/integration-test/target/test-dir/MiniOzoneClusterImpl-c05bfa39-b333-4767-bc96-5a78f3430938/datanode-0/data/ratis/3aee30eb-3db1-472a-b851-c6aea7a4b82b/current/log_3893-3958
2019-06-13 13:50:40,233 INFO  storage.RaftLogWorker (RaftLogWorker.java:execute(469)) - 5d71e5de-6d45-4480-a1f1-d41cc2d38630-RaftLogWorker: created new log segment /opt/src/hadoop-ozone/integration-test/target/test-dir/MiniOzoneClusterImpl-c05bfa39-b333-4767-bc96-5a78f3430938/datanode-0/data/ratis/3aee30eb-3db1-472a-b851-c6aea7a4b82b/current/log_inprogress_3959
2019-06-13 13:50:40,234 INFO  client.GrpcClientProtocolClient (GrpcClientProtocolClient.java:onNext(254)) - client-D47EFDF0E133->5d71e5de-6d45-4480-a1f1-d41cc2d38630: receive RaftClientReply:client-D47EFDF0E133->5d71e5de-6d45-4480-a1f1-d41cc2d38630@group-C6AEA7A4B82B, cid=2361, SUCCESS, logIndex=3959, commits[5d71e5de-6d45-4480-a1f1-d41cc2d38630:c3959]
2019-06-13 13:50:40,235 INFO  client.GrpcClientProtocolClient (GrpcClientProtocolClient.java:onNext(254)) - client-D47EFDF0E133->5d71e5de-6d45-4480-a1f1-d41cc2d38630: receive RaftClientReply:client-D47EFDF0E133->5d71e5de-6d45-4480-a1f1-d41cc2d38630@group-C6AEA7A4B82B, cid=2362, SUCCESS, logIndex=3961, commits[5d71e5de-6d45-4480-a1f1-d41cc2d38630:c3961]
2019-06-13 13:50:40,237 INFO  client.GrpcClientProtocolClient (GrpcClientProtocolClient.java:onNext(254)) - client-D47EFDF0E133->5d71e5de-6d45-4480-a1f1-d41cc2d38630: receive RaftClientReply:client-D47EFDF0E133->5d71e5de-6d45-4480-a1f1-d41cc2d38630@group-C6AEA7A4B82B, cid=2363, SUCCESS, logIndex=3962, commits[5d71e5de-6d45-4480-a1f1-d41cc2d38630:c3964]
2019-06-13 13:50:40,237 INFO  client.GrpcClientProtocolClient (GrpcClientProtocolClient.java:onNext(254)) - client-D47EFDF0E133->5d71e5de-6d45-4480-a1f1-d41cc2d38630: receive RaftClientReply:client-D47EFDF0E133->5d71e5de-6d45-4480-a1f1-d41cc2d38630@group-C6AEA7A4B82B, cid=2364, SUCCESS, logIndex=3963, commits[5d71e5de-6d45-4480-a1f1-d41cc2d38630:c3964]
2019-06-13 13:50:40,242 INFO  client.GrpcClientProtocolClient (GrpcClientProtocolClient.java:onNext(254)) - client-D47EFDF0E133->5d71e5de-6d45-4480-a1f1-d41cc2d38630: receive RaftClientReply:client-D47EFDF0E133->5d71e5de-6d45-4480-a1f1-d41cc2d38630@group-C6AEA7A4B82B, cid=2365, SUCCESS, logIndex=3965, commits[5d71e5de-6d45-4480-a1f1-d41cc2d38630:c3965]
2019-06-13 13:50:40,243 INFO  client.GrpcClientProtocolClient (GrpcClientProtocolClient.java:onNext(254)) - client-D47EFDF0E133->5d71e5de-6d45-4480-a1f1-d41cc2d38630: receive RaftClientReply:client-D47EFDF0E133->5d71e5de-6d45-4480-a1f1-d41cc2d38630@group-C6AEA7A4B82B, cid=2366, SUCCESS, logIndex=3967, commits[5d71e5de-6d45-4480-a1f1-d41cc2d38630:c3967]
2019-06-13 13:50:40,244 INFO  client.GrpcClientProtocolClient (GrpcClientProtocolClient.java:onNext(254)) - client-D47EFDF0E133->5d71e5de-6d45-4480-a1f1-d41cc2d38630: receive RaftClientReply:client-D47EFDF0E133->5d71e5de-6d45-4480-a1f1-d41cc2d38630@group-C6AEA7A4B82B, cid=2367, SUCCESS, logIndex=3968, commits[5d71e5de-6d45-4480-a1f1-d41cc2d38630:c3970]
2019-06-13 13:50:40,244 INFO  client.GrpcClientProtocolClient (GrpcClientProtocolClient.java:onNext(254)) - client-D47EFDF0E133->5d71e5de-6d45-4480-a1f1-d41cc2d38630: receive RaftClientReply:client-D47EFDF0E133->5d71e5de-6d45-4480-a1f1-d41cc2d38630@group-C6AEA7A4B82B, cid=2368, SUCCESS, logIndex=3969, commits[5d71e5de-6d45-4480-a1f1-d41cc2d38630:c3970]
2019-06-13 13:50:40,252 DEBUG block.SCMBlockDeletingService (SCMBlockDeletingService.java:call(138)) - Running DeletedBlockTransactionScanner
2019-06-13 13:50:40,253 DEBUG block.SCMBlockDeletingService (SCMBlockDeletingService.java:call(155)) - Scanned deleted blocks log and got 0 delTX to process.
2019-06-13 13:50:40,255 INFO  client.GrpcClientProtocolClient (GrpcClientProtocolClient.java:onNext(254)) - client-D47EFDF0E133->5d71e5de-6d45-4480-a1f1-d41cc2d38630: receive RaftClientReply:client-D47EFDF0E133->5d71e5de-6d45-4480-a1f1-d41cc2d38630@group-C6AEA7A4B82B, cid=2369, SUCCESS, logIndex=3971, commits[5d71e5de-6d45-4480-a1f1-d41cc2d38630:c3971]
2019-06-13 13:50:40,256 INFO  client.GrpcClientProtocolClient (GrpcClientProtocolClient.java:onNext(254)) - client-D47EFDF0E133->5d71e5de-6d45-4480-a1f1-d41cc2d38630: receive RaftClientReply:client-D47EFDF0E133->5d71e5de-6d45-4480-a1f1-d41cc2d38630@group-C6AEA7A4B82B, cid=2370, SUCCESS, logIndex=3973, commits[5d71e5de-6d45-4480-a1f1-d41cc2d38630:c3973]
2019-06-13 13:50:40,257 INFO  client.GrpcClientProtocolClient (GrpcClientProtocolClient.java:onNext(254)) - client-D47EFDF0E133->5d71e5de-6d45-4480-a1f1-d41cc2d38630: receive RaftClientReply:client-D47EFDF0E133->5d71e5de-6d45-4480-a1f1-d41cc2d38630@group-C6AEA7A4B82B, cid=2371, SUCCESS, logIndex=3974, commits[5d71e5de-6d45-4480-a1f1-d41cc2d38630:c3976]
2019-06-13 13:50:40,257 INFO  client.GrpcClientProtocolClient (GrpcClientProtocolClient.java:onNext(254)) - client-D47EFDF0E133->5d71e5de-6d45-4480-a1f1-d41cc2d38630: receive RaftClientReply:client-D47EFDF0E133->5d71e5de-6d45-4480-a1f1-d41cc2d38630@group-C6AEA7A4B82B, cid=2372, SUCCESS, logIndex=3975, commits[5d71e5de-6d45-4480-a1f1-d41cc2d38630:c3976]
2019-06-13 13:50:40,262 INFO  client.GrpcClientProtocolClient (GrpcClientProtocolClient.java:onNext(254)) - client-D47EFDF0E133->5d71e5de-6d45-4480-a1f1-d41cc2d38630: receive RaftClientReply:client-D47EFDF0E133->5d71e5de-6d45-4480-a1f1-d41cc2d38630@group-C6AEA7A4B82B, cid=2373, SUCCESS, logIndex=3977, commits[5d71e5de-6d45-4480-a1f1-d41cc2d38630:c3977]
2019-06-13 13:50:40,263 INFO  client.GrpcClientProtocolClient (GrpcClientProtocolClient.java:onNext(254)) - client-D47EFDF0E133->5d71e5de-6d45-4480-a1f1-d41cc2d38630: receive RaftClientReply:client-D47EFDF0E133->5d71e5de-6d45-4480-a1f1-d41cc2d38630@group-C6AEA7A4B82B, cid=2374, SUCCESS, logIndex=3979, commits[5d71e5de-6d45-4480-a1f1-d41cc2d38630:c3979]
2019-06-13 13:50:40,264 INFO  client.GrpcClientProtocolClient (GrpcClientProtocolClient.java:onNext(254)) - client-D47EFDF0E133->5d71e5de-6d45-4480-a1f1-d41cc2d38630: receive RaftClientReply:client-D47EFDF0E133->5d71e5de-6d45-4480-a1f1-d41cc2d38630@group-C6AEA7A4B82B, cid=2375, SUCCESS, logIndex=3980, commits[5d71e5de-6d45-4480-a1f1-d41cc2d38630:c3982]
2019-06-13 13:50:40,309 INFO  client.GrpcClientProtocolClient (GrpcClientProtocolClient.java:onNext(254)) - client-D47EFDF0E133->5d71e5de-6d45-4480-a1f1-d41cc2d38630: receive RaftClientReply:client-D47EFDF0E133->5d71e5de-6d45-4480-a1f1-d41cc2d38630@group-C6AEA7A4B82B, cid=2376, SUCCESS, logIndex=3981, commits[5d71e5de-6d45-4480-a1f1-d41cc2d38630:c3982]
2019-06-13 13:50:40,320 INFO  client.GrpcClientProtocolClient (GrpcClientProtocolClient.java:onNext(254)) - client-D47EFDF0E133->5d71e5de-6d45-4480-a1f1-d41cc2d38630: receive RaftClientReply:client-D47EFDF0E133->5d71e5de-6d45-4480-a1f1-d41cc2d38630@group-C6AEA7A4B82B, cid=2377, SUCCESS, logIndex=3983, commits[5d71e5de-6d45-4480-a1f1-d41cc2d38630:c3983]
2019-06-13 13:50:40,322 INFO  client.GrpcClientProtocolClient (GrpcClientProtocolClient.java:onNext(254)) - client-D47EFDF0E133->5d71e5de-6d45-4480-a1f1-d41cc2d38630: receive RaftClientReply:client-D47EFDF0E133->5d71e5de-6d45-4480-a1f1-d41cc2d38630@group-C6AEA7A4B82B, cid=2378, SUCCESS, logIndex=3985, commits[5d71e5de-6d45-4480-a1f1-d41cc2d38630:c3985]
2019-06-13 13:50:40,323 INFO  client.GrpcClientProtocolClient (GrpcClientProtocolClient.java:onNext(254)) - client-D47EFDF0E133->5d71e5de-6d45-4480-a1f1-d41cc2d38630: receive RaftClientReply:client-D47EFDF0E133->5d71e5de-6d45-4480-a1f1-d41cc2d38630@group-C6AEA7A4B82B, cid=2379, SUCCESS, logIndex=3986, commits[5d71e5de-6d45-4480-a1f1-d41cc2d38630:c3988]
2019-06-13 13:50:40,323 INFO  client.GrpcClientProtocolClient (GrpcClientProtocolClient.java:onNext(254)) - client-D47EFDF0E133->5d71e5de-6d45-4480-a1f1-d41cc2d38630: receive RaftClientReply:client-D47EFDF0E133->5d71e5de-6d45-4480-a1f1-d41cc2d38630@group-C6AEA7A4B82B, cid=2380, SUCCESS, logIndex=3987, commits[5d71e5de-6d45-4480-a1f1-d41cc2d38630:c3988]
2019-06-13 13:50:40,328 INFO  client.GrpcClientProtocolClient (GrpcClientProtocolClient.java:onNext(254)) - client-D47EFDF0E133->5d71e5de-6d45-4480-a1f1-d41cc2d38630: receive RaftClientReply:client-D47EFDF0E133->5d71e5de-6d45-4480-a1f1-d41cc2d38630@group-C6AEA7A4B82B, cid=2381, SUCCESS, logIndex=3989, commits[5d71e5de-6d45-4480-a1f1-d41cc2d38630:c3989]
2019-06-13 13:50:40,329 INFO  client.GrpcClientProtocolClient (GrpcClientProtocolClient.java:onNext(254)) - client-D47EFDF0E133->5d71e5de-6d45-4480-a1f1-d41cc2d38630: receive RaftClientReply:client-D47EFDF0E133->5d71e5de-6d45-4480-a1f1-d41cc2d38630@group-C6AEA7A4B82B, cid=2382, SUCCESS, logIndex=3991, commits[5d71e5de-6d45-4480-a1f1-d41cc2d38630:c3991]
2019-06-13 13:50:40,331 INFO  client.GrpcClientProtocolClient (GrpcClientProtocolClient.java:onNext(254)) - client-D47EFDF0E133->5d71e5de-6d45-4480-a1f1-d41cc2d38630: receive RaftClientReply:client-D47EFDF0E133->5d71e5de-6d45-4480-a1f1-d41cc2d38630@group-C6AEA7A4B82B, cid=2383, SUCCESS, logIndex=3992, commits[5d71e5de-6d45-4480-a1f1-d41cc2d38630:c3994]
2019-06-13 13:50:40,331 INFO  client.GrpcClientProtocolClient (GrpcClientProtocolClient.java:onNext(254)) - client-D47EFDF0E133->5d71e5de-6d45-4480-a1f1-d41cc2d38630: receive RaftClientReply:client-D47EFDF0E133->5d71e5de-6d45-4480-a1f1-d41cc2d38630@group-C6AEA7A4B82B, cid=2384, SUCCESS, logIndex=3993, commits[5d71e5de-6d45-4480-a1f1-d41cc2d38630:c3994]
2019-06-13 13:50:40,339 INFO  client.GrpcClientProtocolClient (GrpcClientProtocolClient.java:onNext(254)) - client-D47EFDF0E133->5d71e5de-6d45-4480-a1f1-d41cc2d38630: receive RaftClientReply:client-D47EFDF0E133->5d71e5de-6d45-4480-a1f1-d41cc2d38630@group-C6AEA7A4B82B, cid=2385, SUCCESS, logIndex=3995, commits[5d71e5de-6d45-4480-a1f1-d41cc2d38630:c3995]
2019-06-13 13:50:40,340 INFO  client.GrpcClientProtocolClient (GrpcClientProtocolClient.java:onNext(254)) - client-D47EFDF0E133->5d71e5de-6d45-4480-a1f1-d41cc2d38630: receive RaftClientReply:client-D47EFDF0E133->5d71e5de-6d45-4480-a1f1-d41cc2d38630@group-C6AEA7A4B82B, cid=2386, SUCCESS, logIndex=3997, commits[5d71e5de-6d45-4480-a1f1-d41cc2d38630:c3997]
2019-06-13 13:50:40,353 DEBUG block.SCMBlockDeletingService (SCMBlockDeletingService.java:call(138)) - Running DeletedBlockTransactionScanner
2019-06-13 13:50:40,353 DEBUG block.SCMBlockDeletingService (SCMBlockDeletingService.java:call(155)) - Scanned deleted blocks log and got 0 delTX to process.
2019-06-13 13:50:40,409 INFO  client.GrpcClientProtocolClient (GrpcClientProtocolClient.java:onNext(254)) - client-D47EFDF0E133->5d71e5de-6d45-4480-a1f1-d41cc2d38630: receive RaftClientReply:client-D47EFDF0E133->5d71e5de-6d45-4480-a1f1-d41cc2d38630@group-C6AEA7A4B82B, cid=2387, SUCCESS, logIndex=3999, commits[5d71e5de-6d45-4480-a1f1-d41cc2d38630:c3999]
2019-06-13 13:50:40,410 INFO  client.GrpcClientProtocolClient (GrpcClientProtocolClient.java:onNext(254)) - client-D47EFDF0E133->5d71e5de-6d45-4480-a1f1-d41cc2d38630: receive RaftClientReply:client-D47EFDF0E133->5d71e5de-6d45-4480-a1f1-d41cc2d38630@group-C6AEA7A4B82B, cid=2388, SUCCESS, logIndex=4001, commits[5d71e5de-6d45-4480-a1f1-d41cc2d38630:c4001]
2019-06-13 13:50:40,418 INFO  client.GrpcClientProtocolClient (GrpcClientProtocolClient.java:onNext(254)) - client-D47EFDF0E133->5d71e5de-6d45-4480-a1f1-d41cc2d38630: receive RaftClientReply:client-D47EFDF0E133->5d71e5de-6d45-4480-a1f1-d41cc2d38630@group-C6AEA7A4B82B, cid=2389, SUCCESS, logIndex=4003, commits[5d71e5de-6d45-4480-a1f1-d41cc2d38630:c4003]
2019-06-13 13:50:40,419 INFO  client.GrpcClientProtocolClient (GrpcClientProtocolClient.java:onNext(254)) - client-D47EFDF0E133->5d71e5de-6d45-4480-a1f1-d41cc2d38630: receive RaftClientReply:client-D47EFDF0E133->5d71e5de-6d45-4480-a1f1-d41cc2d38630@group-C6AEA7A4B82B, cid=2390, SUCCESS, logIndex=4005, commits[5d71e5de-6d45-4480-a1f1-d41cc2d38630:c4005]
2019-06-13 13:50:40,420 INFO  client.GrpcClientProtocolClient (GrpcClientProtocolClient.java:onNext(254)) - client-D47EFDF0E133->5d71e5de-6d45-4480-a1f1-d41cc2d38630: receive RaftClientReply:client-D47EFDF0E133->5d71e5de-6d45-4480-a1f1-d41cc2d38630@group-C6AEA7A4B82B, cid=2391, SUCCESS, logIndex=4006, commits[5d71e5de-6d45-4480-a1f1-d41cc2d38630:c4008]
2019-06-13 13:50:40,420 INFO  client.GrpcClientProtocolClient (GrpcClientProtocolClient.java:onNext(254)) - client-D47EFDF0E133->5d71e5de-6d45-4480-a1f1-d41cc2d38630: receive RaftClientReply:client-D47EFDF0E133->5d71e5de-6d45-4480-a1f1-d41cc2d38630@group-C6AEA7A4B82B, cid=2392, SUCCESS, logIndex=4007, commits[5d71e5de-6d45-4480-a1f1-d41cc2d38630:c4008]
2019-06-13 13:50:40,429 INFO  client.GrpcClientProtocolClient (GrpcClientProtocolClient.java:onNext(254)) - client-D47EFDF0E133->5d71e5de-6d45-4480-a1f1-d41cc2d38630: receive RaftClientReply:client-D47EFDF0E133->5d71e5de-6d45-4480-a1f1-d41cc2d38630@group-C6AEA7A4B82B, cid=2393, SUCCESS, logIndex=4009, commits[5d71e5de-6d45-4480-a1f1-d41cc2d38630:c4009]
2019-06-13 13:50:40,430 INFO  client.GrpcClientProtocolClient (GrpcClientProtocolClient.java:onNext(254)) - client-D47EFDF0E133->5d71e5de-6d45-4480-a1f1-d41cc2d38630: receive RaftClientReply:client-D47EFDF0E133->5d71e5de-6d45-4480-a1f1-d41cc2d38630@group-C6AEA7A4B82B, cid=2394, SUCCESS, logIndex=4011, commits[5d71e5de-6d45-4480-a1f1-d41cc2d38630:c4011]
2019-06-13 13:50:40,431 INFO  client.GrpcClientProtocolClient (GrpcClientProtocolClient.java:onNext(254)) - client-D47EFDF0E133->5d71e5de-6d45-4480-a1f1-d41cc2d38630: receive RaftClientReply:client-D47EFDF0E133->5d71e5de-6d45-4480-a1f1-d41cc2d38630@group-C6AEA7A4B82B, cid=2395, SUCCESS, logIndex=4012, commits[5d71e5de-6d45-4480-a1f1-d41cc2d38630:c4014]
2019-06-13 13:50:40,431 INFO  client.GrpcClientProtocolClient (GrpcClientProtocolClient.java:onNext(254)) - client-D47EFDF0E133->5d71e5de-6d45-4480-a1f1-d41cc2d38630: receive RaftClientReply:client-D47EFDF0E133->5d71e5de-6d45-4480-a1f1-d41cc2d38630@group-C6AEA7A4B82B, cid=2396, SUCCESS, logIndex=4013, commits[5d71e5de-6d45-4480-a1f1-d41cc2d38630:c4014]
2019-06-13 13:50:40,436 INFO  client.GrpcClientProtocolClient (GrpcClientProtocolClient.java:onNext(254)) - client-D47EFDF0E133->5d71e5de-6d45-4480-a1f1-d41cc2d38630: receive RaftClientReply:client-D47EFDF0E133->5d71e5de-6d45-4480-a1f1-d41cc2d38630@group-C6AEA7A4B82B, cid=2397, SUCCESS, logIndex=4015, commits[5d71e5de-6d45-4480-a1f1-d41cc2d38630:c4015]
2019-06-13 13:50:40,437 INFO  client.GrpcClientProtocolClient (GrpcClientProtocolClient.java:onNext(254)) - client-D47EFDF0E133->5d71e5de-6d45-4480-a1f1-d41cc2d38630: receive RaftClientReply:client-D47EFDF0E133->5d71e5de-6d45-4480-a1f1-d41cc2d38630@group-C6AEA7A4B82B, cid=2398, SUCCESS, logIndex=4017, commits[5d71e5de-6d45-4480-a1f1-d41cc2d38630:c4017]
2019-06-13 13:50:40,438 INFO  client.GrpcClientProtocolClient (GrpcClientProtocolClient.java:onNext(254)) - client-D47EFDF0E133->5d71e5de-6d45-4480-a1f1-d41cc2d38630: receive RaftClientReply:client-D47EFDF0E133->5d71e5de-6d45-4480-a1f1-d41cc2d38630@group-C6AEA7A4B82B, cid=2399, SUCCESS, logIndex=4018, commits[5d71e5de-6d45-4480-a1f1-d41cc2d38630:c4020]
2019-06-13 13:50:40,438 INFO  client.GrpcClientProtocolClient (GrpcClientProtocolClient.java:onNext(254)) - client-D47EFDF0E133->5d71e5de-6d45-4480-a1f1-d41cc2d38630: receive RaftClientReply:client-D47EFDF0E133->5d71e5de-6d45-4480-a1f1-d41cc2d38630@group-C6AEA7A4B82B, cid=2400, SUCCESS, logIndex=4019, commits[5d71e5de-6d45-4480-a1f1-d41cc2d38630:c4020]
2019-06-13 13:50:40,447 INFO  client.GrpcClientProtocolClient (GrpcClientProtocolClient.java:onNext(254)) - client-D47EFDF0E133->5d71e5de-6d45-4480-a1f1-d41cc2d38630: receive RaftClientReply:client-D47EFDF0E133->5d71e5de-6d45-4480-a1f1-d41cc2d38630@group-C6AEA7A4B82B, cid=2401, SUCCESS, logIndex=4021, commits[5d71e5de-6d45-4480-a1f1-d41cc2d38630:c4021]
2019-06-13 13:50:40,449 INFO  client.GrpcClientProtocolClient (GrpcClientProtocolClient.java:onNext(254)) - client-D47EFDF0E133->5d71e5de-6d45-4480-a1f1-d41cc2d38630: receive RaftClientReply:client-D47EFDF0E133->5d71e5de-6d45-4480-a1f1-d41cc2d38630@group-C6AEA7A4B82B, cid=2402, SUCCESS, logIndex=4023, commits[5d71e5de-6d45-4480-a1f1-d41cc2d38630:c4023]
2019-06-13 13:50:40,450 INFO  client.GrpcClientProtocolClient (GrpcClientProtocolClient.java:onNext(254)) - client-D47EFDF0E133->5d71e5de-6d45-4480-a1f1-d41cc2d38630: receive RaftClientReply:client-D47EFDF0E133->5d71e5de-6d45-4480-a1f1-d41cc2d38630@group-C6AEA7A4B82B, cid=2403, SUCCESS, logIndex=4024, commits[5d71e5de-6d45-4480-a1f1-d41cc2d38630:c4026]
2019-06-13 13:50:40,450 INFO  client.GrpcClientProtocolClient (GrpcClientProtocolClient.java:onNext(254)) - client-D47EFDF0E133->5d71e5de-6d45-4480-a1f1-d41cc2d38630: receive RaftClientReply:client-D47EFDF0E133->5d71e5de-6d45-4480-a1f1-d41cc2d38630@group-C6AEA7A4B82B, cid=2404, SUCCESS, logIndex=4025, commits[5d71e5de-6d45-4480-a1f1-d41cc2d38630:c4026]
2019-06-13 13:50:40,454 DEBUG block.SCMBlockDeletingService (SCMBlockDeletingService.java:call(138)) - Running DeletedBlockTransactionScanner
2019-06-13 13:50:40,454 DEBUG block.SCMBlockDeletingService (SCMBlockDeletingService.java:call(155)) - Scanned deleted blocks log and got 0 delTX to process.
2019-06-13 13:50:40,455 INFO  storage.RaftLogWorker (RaftLogWorker.java:rollLogSegment(303)) - 5d71e5de-6d45-4480-a1f1-d41cc2d38630-RaftLogWorker: Rolling segment log-3959_4026 to index:4026
2019-06-13 13:50:40,455 INFO  storage.RaftLogWorker (RaftLogWorker.java:execute(433)) - 5d71e5de-6d45-4480-a1f1-d41cc2d38630-RaftLogWorker: Rolled log segment from /opt/src/hadoop-ozone/integration-test/target/test-dir/MiniOzoneClusterImpl-c05bfa39-b333-4767-bc96-5a78f3430938/datanode-0/data/ratis/3aee30eb-3db1-472a-b851-c6aea7a4b82b/current/log_inprogress_3959 to /opt/src/hadoop-ozone/integration-test/target/test-dir/MiniOzoneClusterImpl-c05bfa39-b333-4767-bc96-5a78f3430938/datanode-0/data/ratis/3aee30eb-3db1-472a-b851-c6aea7a4b82b/current/log_3959-4026
2019-06-13 13:50:40,494 INFO  storage.RaftLogWorker (RaftLogWorker.java:execute(469)) - 5d71e5de-6d45-4480-a1f1-d41cc2d38630-RaftLogWorker: created new log segment /opt/src/hadoop-ozone/integration-test/target/test-dir/MiniOzoneClusterImpl-c05bfa39-b333-4767-bc96-5a78f3430938/datanode-0/data/ratis/3aee30eb-3db1-472a-b851-c6aea7a4b82b/current/log_inprogress_4027
2019-06-13 13:50:40,495 INFO  client.GrpcClientProtocolClient (GrpcClientProtocolClient.java:onNext(254)) - client-D47EFDF0E133->5d71e5de-6d45-4480-a1f1-d41cc2d38630: receive RaftClientReply:client-D47EFDF0E133->5d71e5de-6d45-4480-a1f1-d41cc2d38630@group-C6AEA7A4B82B, cid=2405, SUCCESS, logIndex=4027, commits[5d71e5de-6d45-4480-a1f1-d41cc2d38630:c4027]
2019-06-13 13:50:40,497 INFO  client.GrpcClientProtocolClient (GrpcClientProtocolClient.java:onNext(254)) - client-D47EFDF0E133->5d71e5de-6d45-4480-a1f1-d41cc2d38630: receive RaftClientReply:client-D47EFDF0E133->5d71e5de-6d45-4480-a1f1-d41cc2d38630@group-C6AEA7A4B82B, cid=2406, SUCCESS, logIndex=4029, commits[5d71e5de-6d45-4480-a1f1-d41cc2d38630:c4029]
2019-06-13 13:50:40,498 INFO  client.GrpcClientProtocolClient (GrpcClientProtocolClient.java:onNext(254)) - client-D47EFDF0E133->5d71e5de-6d45-4480-a1f1-d41cc2d38630: receive RaftClientReply:client-D47EFDF0E133->5d71e5de-6d45-4480-a1f1-d41cc2d38630@group-C6AEA7A4B82B, cid=2407, SUCCESS, logIndex=4030, commits[5d71e5de-6d45-4480-a1f1-d41cc2d38630:c4031]
2019-06-13 13:50:40,499 INFO  client.GrpcClientProtocolClient (GrpcClientProtocolClient.java:onNext(254)) - client-D47EFDF0E133->5d71e5de-6d45-4480-a1f1-d41cc2d38630: receive RaftClientReply:client-D47EFDF0E133->5d71e5de-6d45-4480-a1f1-d41cc2d38630@group-C6AEA7A4B82B, cid=2408, SUCCESS, logIndex=4031, commits[5d71e5de-6d45-4480-a1f1-d41cc2d38630:c4031]
2019-06-13 13:50:40,509 INFO  client.GrpcClientProtocolClient (GrpcClientProtocolClient.java:onNext(254)) - client-D47EFDF0E133->5d71e5de-6d45-4480-a1f1-d41cc2d38630: receive RaftClientReply:client-D47EFDF0E133->5d71e5de-6d45-4480-a1f1-d41cc2d38630@group-C6AEA7A4B82B, cid=2409, SUCCESS, logIndex=4034, commits[5d71e5de-6d45-4480-a1f1-d41cc2d38630:c4034]
2019-06-13 13:50:40,510 INFO  client.GrpcClientProtocolClient (GrpcClientProtocolClient.java:onNext(254)) - client-D47EFDF0E133->5d71e5de-6d45-4480-a1f1-d41cc2d38630: receive RaftClientReply:client-D47EFDF0E133->5d71e5de-6d45-4480-a1f1-d41cc2d38630@group-C6AEA7A4B82B, cid=2410, SUCCESS, logIndex=4036, commits[5d71e5de-6d45-4480-a1f1-d41cc2d38630:c4036]
2019-06-13 13:50:40,512 INFO  client.GrpcClientProtocolClient (GrpcClientProtocolClient.java:onNext(254)) - client-D47EFDF0E133->5d71e5de-6d45-4480-a1f1-d41cc2d38630: receive RaftClientReply:client-D47EFDF0E133->5d71e5de-6d45-4480-a1f1-d41cc2d38630@group-C6AEA7A4B82B, cid=2411, SUCCESS, logIndex=4038, commits[5d71e5de-6d45-4480-a1f1-d41cc2d38630:c4039]
2019-06-13 13:50:40,513 INFO  client.GrpcClientProtocolClient (GrpcClientProtocolClient.java:onNext(254)) - client-D47EFDF0E133->5d71e5de-6d45-4480-a1f1-d41cc2d38630: receive RaftClientReply:client-D47EFDF0E133->5d71e5de-6d45-4480-a1f1-d41cc2d38630@group-C6AEA7A4B82B, cid=2412, SUCCESS, logIndex=4039, commits[5d71e5de-6d45-4480-a1f1-d41cc2d38630:c4039]
2019-06-13 13:50:40,520 INFO  client.GrpcClientProtocolClient (GrpcClientProtocolClient.java:onNext(254)) - client-D47EFDF0E133->5d71e5de-6d45-4480-a1f1-d41cc2d38630: receive RaftClientReply:client-D47EFDF0E133->5d71e5de-6d45-4480-a1f1-d41cc2d38630@group-C6AEA7A4B82B, cid=2413, SUCCESS, logIndex=4041, commits[5d71e5de-6d45-4480-a1f1-d41cc2d38630:c4041]
2019-06-13 13:50:40,522 INFO  client.GrpcClientProtocolClient (GrpcClientProtocolClient.java:onNext(254)) - client-D47EFDF0E133->5d71e5de-6d45-4480-a1f1-d41cc2d38630: receive RaftClientReply:client-D47EFDF0E133->5d71e5de-6d45-4480-a1f1-d41cc2d38630@group-C6AEA7A4B82B, cid=2414, SUCCESS, logIndex=4043, commits[5d71e5de-6d45-4480-a1f1-d41cc2d38630:c4043]
2019-06-13 13:50:40,523 INFO  client.GrpcClientProtocolClient (GrpcClientProtocolClient.java:onNext(254)) - client-D47EFDF0E133->5d71e5de-6d45-4480-a1f1-d41cc2d38630: receive RaftClientReply:client-D47EFDF0E133->5d71e5de-6d45-4480-a1f1-d41cc2d38630@group-C6AEA7A4B82B, cid=2415, SUCCESS, logIndex=4044, commits[5d71e5de-6d45-4480-a1f1-d41cc2d38630:c4046]
2019-06-13 13:50:40,523 INFO  client.GrpcClientProtocolClient (GrpcClientProtocolClient.java:onNext(254)) - client-D47EFDF0E133->5d71e5de-6d45-4480-a1f1-d41cc2d38630: receive RaftClientReply:client-D47EFDF0E133->5d71e5de-6d45-4480-a1f1-d41cc2d38630@group-C6AEA7A4B82B, cid=2416, SUCCESS, logIndex=4045, commits[5d71e5de-6d45-4480-a1f1-d41cc2d38630:c4046]
2019-06-13 13:50:40,532 INFO  client.GrpcClientProtocolClient (GrpcClientProtocolClient.java:onNext(254)) - client-D47EFDF0E133->5d71e5de-6d45-4480-a1f1-d41cc2d38630: receive RaftClientReply:client-D47EFDF0E133->5d71e5de-6d45-4480-a1f1-d41cc2d38630@group-C6AEA7A4B82B, cid=2417, SUCCESS, logIndex=4047, commits[5d71e5de-6d45-4480-a1f1-d41cc2d38630:c4047]
2019-06-13 13:50:40,534 INFO  client.GrpcClientProtocolClient (GrpcClientProtocolClient.java:onNext(254)) - client-D47EFDF0E133->5d71e5de-6d45-4480-a1f1-d41cc2d38630: receive RaftClientReply:client-D47EFDF0E133->5d71e5de-6d45-4480-a1f1-d41cc2d38630@group-C6AEA7A4B82B, cid=2418, SUCCESS, logIndex=4049, commits[5d71e5de-6d45-4480-a1f1-d41cc2d38630:c4049]
2019-06-13 13:50:40,534 INFO  client.GrpcClientProtocolClient (GrpcClientProtocolClient.java:onNext(254)) - client-D47EFDF0E133->5d71e5de-6d45-4480-a1f1-d41cc2d38630: receive RaftClientReply:client-D47EFDF0E133->5d71e5de-6d45-4480-a1f1-d41cc2d38630@group-C6AEA7A4B82B, cid=2419, SUCCESS, logIndex=4050, commits[5d71e5de-6d45-4480-a1f1-d41cc2d38630:c4050]
2019-06-13 13:50:40,535 INFO  client.GrpcClientProtocolClient (GrpcClientProtocolClient.java:onNext(254)) - client-D47EFDF0E133->5d71e5de-6d45-4480-a1f1-d41cc2d38630: receive RaftClientReply:client-D47EFDF0E133->5d71e5de-6d45-4480-a1f1-d41cc2d38630@group-C6AEA7A4B82B, cid=2420, SUCCESS, logIndex=4052, commits[5d71e5de-6d45-4480-a1f1-d41cc2d38630:c4052]
2019-06-13 13:50:40,540 INFO  client.GrpcClientProtocolClient (GrpcClientProtocolClient.java:onNext(254)) - client-D47EFDF0E133->5d71e5de-6d45-4480-a1f1-d41cc2d38630: receive RaftClientReply:client-D47EFDF0E133->5d71e5de-6d45-4480-a1f1-d41cc2d38630@group-C6AEA7A4B82B, cid=2421, SUCCESS, logIndex=4055, commits[5d71e5de-6d45-4480-a1f1-d41cc2d38630:c4055]
2019-06-13 13:50:40,541 INFO  client.GrpcClientProtocolClient (GrpcClientProtocolClient.java:onNext(254)) - client-D47EFDF0E133->5d71e5de-6d45-4480-a1f1-d41cc2d38630: receive RaftClientReply:client-D47EFDF0E133->5d71e5de-6d45-4480-a1f1-d41cc2d38630@group-C6AEA7A4B82B, cid=2422, SUCCESS, logIndex=4057, commits[5d71e5de-6d45-4480-a1f1-d41cc2d38630:c4057]
2019-06-13 13:50:40,542 INFO  client.GrpcClientProtocolClient (GrpcClientProtocolClient.java:onNext(254)) - client-D47EFDF0E133->5d71e5de-6d45-4480-a1f1-d41cc2d38630: receive RaftClientReply:client-D47EFDF0E133->5d71e5de-6d45-4480-a1f1-d41cc2d38630@group-C6AEA7A4B82B, cid=2423, SUCCESS, logIndex=4058, commits[5d71e5de-6d45-4480-a1f1-d41cc2d38630:c4060]
2019-06-13 13:50:40,542 INFO  client.GrpcClientProtocolClient (GrpcClientProtocolClient.java:onNext(254)) - client-D47EFDF0E133->5d71e5de-6d45-4480-a1f1-d41cc2d38630: receive RaftClientReply:client-D47EFDF0E133->5d71e5de-6d45-4480-a1f1-d41cc2d38630@group-C6AEA7A4B82B, cid=2424, SUCCESS, logIndex=4059, commits[5d71e5de-6d45-4480-a1f1-d41cc2d38630:c4060]
2019-06-13 13:50:40,551 INFO  client.GrpcClientProtocolClient (GrpcClientProtocolClient.java:onNext(254)) - client-D47EFDF0E133->5d71e5de-6d45-4480-a1f1-d41cc2d38630: receive RaftClientReply:client-D47EFDF0E133->5d71e5de-6d45-4480-a1f1-d41cc2d38630@group-C6AEA7A4B82B, cid=2425, SUCCESS, logIndex=4061, commits[5d71e5de-6d45-4480-a1f1-d41cc2d38630:c4061]
2019-06-13 13:50:40,553 INFO  client.GrpcClientProtocolClient (GrpcClientProtocolClient.java:onNext(254)) - client-D47EFDF0E133->5d71e5de-6d45-4480-a1f1-d41cc2d38630: receive RaftClientReply:client-D47EFDF0E133->5d71e5de-6d45-4480-a1f1-d41cc2d38630@group-C6AEA7A4B82B, cid=2426, SUCCESS, logIndex=4063, commits[5d71e5de-6d45-4480-a1f1-d41cc2d38630:c4063]
2019-06-13 13:50:40,553 INFO  client.GrpcClientProtocolClient (GrpcClientProtocolClient.java:onNext(254)) - client-D47EFDF0E133->5d71e5de-6d45-4480-a1f1-d41cc2d38630: receive RaftClientReply:client-D47EFDF0E133->5d71e5de-6d45-4480-a1f1-d41cc2d38630@group-C6AEA7A4B82B, cid=2427, SUCCESS, logIndex=4064, commits[5d71e5de-6d45-4480-a1f1-d41cc2d38630:c4066]
2019-06-13 13:50:40,554 INFO  client.GrpcClientProtocolClient (GrpcClientProtocolClient.java:onNext(254)) - client-D47EFDF0E133->5d71e5de-6d45-4480-a1f1-d41cc2d38630: receive RaftClientReply:client-D47EFDF0E133->5d71e5de-6d45-4480-a1f1-d41cc2d38630@group-C6AEA7A4B82B, cid=2428, SUCCESS, logIndex=4065, commits[5d71e5de-6d45-4480-a1f1-d41cc2d38630:c4066]
2019-06-13 13:50:40,554 DEBUG block.SCMBlockDeletingService (SCMBlockDeletingService.java:call(138)) - Running DeletedBlockTransactionScanner
2019-06-13 13:50:40,554 DEBUG block.SCMBlockDeletingService (SCMBlockDeletingService.java:call(155)) - Scanned deleted blocks log and got 0 delTX to process.
2019-06-13 13:50:40,561 INFO  client.GrpcClientProtocolClient (GrpcClientProtocolClient.java:onNext(254)) - client-D47EFDF0E133->5d71e5de-6d45-4480-a1f1-d41cc2d38630: receive RaftClientReply:client-D47EFDF0E133->5d71e5de-6d45-4480-a1f1-d41cc2d38630@group-C6AEA7A4B82B, cid=2429, SUCCESS, logIndex=4067, commits[5d71e5de-6d45-4480-a1f1-d41cc2d38630:c4067]
2019-06-13 13:50:40,561 INFO  client.GrpcClientProtocolClient (GrpcClientProtocolClient.java:onNext(254)) - client-D47EFDF0E133->5d71e5de-6d45-4480-a1f1-d41cc2d38630: receive RaftClientReply:client-D47EFDF0E133->5d71e5de-6d45-4480-a1f1-d41cc2d38630@group-C6AEA7A4B82B, cid=2430, SUCCESS, logIndex=4069, commits[5d71e5de-6d45-4480-a1f1-d41cc2d38630:c4069]
2019-06-13 13:50:40,628 INFO  client.GrpcClientProtocolClient (GrpcClientProtocolClient.java:onNext(254)) - client-D47EFDF0E133->5d71e5de-6d45-4480-a1f1-d41cc2d38630: receive RaftClientReply:client-D47EFDF0E133->5d71e5de-6d45-4480-a1f1-d41cc2d38630@group-C6AEA7A4B82B, cid=2431, SUCCESS, logIndex=4071, commits[5d71e5de-6d45-4480-a1f1-d41cc2d38630:c4071]
2019-06-13 13:50:40,629 INFO  client.GrpcClientProtocolClient (GrpcClientProtocolClient.java:onNext(254)) - client-D47EFDF0E133->5d71e5de-6d45-4480-a1f1-d41cc2d38630: receive RaftClientReply:client-D47EFDF0E133->5d71e5de-6d45-4480-a1f1-d41cc2d38630@group-C6AEA7A4B82B, cid=2432, SUCCESS, logIndex=4073, commits[5d71e5de-6d45-4480-a1f1-d41cc2d38630:c4073]
2019-06-13 13:50:40,638 INFO  client.GrpcClientProtocolClient (GrpcClientProtocolClient.java:onNext(254)) - client-D47EFDF0E133->5d71e5de-6d45-4480-a1f1-d41cc2d38630: receive RaftClientReply:client-D47EFDF0E133->5d71e5de-6d45-4480-a1f1-d41cc2d38630@group-C6AEA7A4B82B, cid=2433, SUCCESS, logIndex=4075, commits[5d71e5de-6d45-4480-a1f1-d41cc2d38630:c4075]
2019-06-13 13:50:40,639 INFO  client.GrpcClientProtocolClient (GrpcClientProtocolClient.java:onNext(254)) - client-D47EFDF0E133->5d71e5de-6d45-4480-a1f1-d41cc2d38630: receive RaftClientReply:client-D47EFDF0E133->5d71e5de-6d45-4480-a1f1-d41cc2d38630@group-C6AEA7A4B82B, cid=2434, SUCCESS, logIndex=4077, commits[5d71e5de-6d45-4480-a1f1-d41cc2d38630:c4077]
2019-06-13 13:50:40,640 INFO  client.GrpcClientProtocolClient (GrpcClientProtocolClient.java:onNext(254)) - client-D47EFDF0E133->5d71e5de-6d45-4480-a1f1-d41cc2d38630: receive RaftClientReply:client-D47EFDF0E133->5d71e5de-6d45-4480-a1f1-d41cc2d38630@group-C6AEA7A4B82B, cid=2435, SUCCESS, logIndex=4078, commits[5d71e5de-6d45-4480-a1f1-d41cc2d38630:c4080]
2019-06-13 13:50:40,640 INFO  client.GrpcClientProtocolClient (GrpcClientProtocolClient.java:onNext(254)) - client-D47EFDF0E133->5d71e5de-6d45-4480-a1f1-d41cc2d38630: receive RaftClientReply:client-D47EFDF0E133->5d71e5de-6d45-4480-a1f1-d41cc2d38630@group-C6AEA7A4B82B, cid=2436, SUCCESS, logIndex=4079, commits[5d71e5de-6d45-4480-a1f1-d41cc2d38630:c4080]
2019-06-13 13:50:40,645 INFO  client.GrpcClientProtocolClient (GrpcClientProtocolClient.java:onNext(254)) - client-D47EFDF0E133->5d71e5de-6d45-4480-a1f1-d41cc2d38630: receive RaftClientReply:client-D47EFDF0E133->5d71e5de-6d45-4480-a1f1-d41cc2d38630@group-C6AEA7A4B82B, cid=2437, SUCCESS, logIndex=4081, commits[5d71e5de-6d45-4480-a1f1-d41cc2d38630:c4081]
2019-06-13 13:50:40,646 INFO  client.GrpcClientProtocolClient (GrpcClientProtocolClient.java:onNext(254)) - client-D47EFDF0E133->5d71e5de-6d45-4480-a1f1-d41cc2d38630: receive RaftClientReply:client-D47EFDF0E133->5d71e5de-6d45-4480-a1f1-d41cc2d38630@group-C6AEA7A4B82B, cid=2438, SUCCESS, logIndex=4083, commits[5d71e5de-6d45-4480-a1f1-d41cc2d38630:c4083]
2019-06-13 13:50:40,647 INFO  client.GrpcClientProtocolClient (GrpcClientProtocolClient.java:onNext(254)) - client-D47EFDF0E133->5d71e5de-6d45-4480-a1f1-d41cc2d38630: receive RaftClientReply:client-D47EFDF0E133->5d71e5de-6d45-4480-a1f1-d41cc2d38630@group-C6AEA7A4B82B, cid=2439, SUCCESS, logIndex=4084, commits[5d71e5de-6d45-4480-a1f1-d41cc2d38630:c4086]
2019-06-13 13:50:40,647 INFO  client.GrpcClientProtocolClient (GrpcClientProtocolClient.java:onNext(254)) - client-D47EFDF0E133->5d71e5de-6d45-4480-a1f1-d41cc2d38630: receive RaftClientReply:client-D47EFDF0E133->5d71e5de-6d45-4480-a1f1-d41cc2d38630@group-C6AEA7A4B82B, cid=2440, SUCCESS, logIndex=4085, commits[5d71e5de-6d45-4480-a1f1-d41cc2d38630:c4086]
2019-06-13 13:50:40,655 DEBUG block.SCMBlockDeletingService (SCMBlockDeletingService.java:call(138)) - Running DeletedBlockTransactionScanner
2019-06-13 13:50:40,655 DEBUG block.SCMBlockDeletingService (SCMBlockDeletingService.java:call(155)) - Scanned deleted blocks log and got 0 delTX to process.
2019-06-13 13:50:40,657 INFO  client.GrpcClientProtocolClient (GrpcClientProtocolClient.java:onNext(254)) - client-D47EFDF0E133->5d71e5de-6d45-4480-a1f1-d41cc2d38630: receive RaftClientReply:client-D47EFDF0E133->5d71e5de-6d45-4480-a1f1-d41cc2d38630@group-C6AEA7A4B82B, cid=2441, SUCCESS, logIndex=4087, commits[5d71e5de-6d45-4480-a1f1-d41cc2d38630:c4087]
2019-06-13 13:50:40,659 INFO  client.GrpcClientProtocolClient (GrpcClientProtocolClient.java:onNext(254)) - client-D47EFDF0E133->5d71e5de-6d45-4480-a1f1-d41cc2d38630: receive RaftClientReply:client-D47EFDF0E133->5d71e5de-6d45-4480-a1f1-d41cc2d38630@group-C6AEA7A4B82B, cid=2442, SUCCESS, logIndex=4089, commits[5d71e5de-6d45-4480-a1f1-d41cc2d38630:c4089]
2019-06-13 13:50:40,660 INFO  client.GrpcClientProtocolClient (GrpcClientProtocolClient.java:onNext(254)) - client-D47EFDF0E133->5d71e5de-6d45-4480-a1f1-d41cc2d38630: receive RaftClientReply:client-D47EFDF0E133->5d71e5de-6d45-4480-a1f1-d41cc2d38630@group-C6AEA7A4B82B, cid=2443, SUCCESS, logIndex=4090, commits[5d71e5de-6d45-4480-a1f1-d41cc2d38630:c4092]
2019-06-13 13:50:40,660 INFO  client.GrpcClientProtocolClient (GrpcClientProtocolClient.java:onNext(254)) - client-D47EFDF0E133->5d71e5de-6d45-4480-a1f1-d41cc2d38630: receive RaftClientReply:client-D47EFDF0E133->5d71e5de-6d45-4480-a1f1-d41cc2d38630@group-C6AEA7A4B82B, cid=2444, SUCCESS, logIndex=4091, commits[5d71e5de-6d45-4480-a1f1-d41cc2d38630:c4092]
2019-06-13 13:50:40,665 INFO  client.GrpcClientProtocolClient (GrpcClientProtocolClient.java:onNext(254)) - client-D47EFDF0E133->5d71e5de-6d45-4480-a1f1-d41cc2d38630: receive RaftClientReply:client-D47EFDF0E133->5d71e5de-6d45-4480-a1f1-d41cc2d38630@group-C6AEA7A4B82B, cid=2445, SUCCESS, logIndex=4093, commits[5d71e5de-6d45-4480-a1f1-d41cc2d38630:c4093]
2019-06-13 13:50:40,665 INFO  storage.RaftLogWorker (RaftLogWorker.java:rollLogSegment(303)) - 5d71e5de-6d45-4480-a1f1-d41cc2d38630-RaftLogWorker: Rolling segment log-4027_4096 to index:4096
2019-06-13 13:50:40,666 INFO  storage.RaftLogWorker (RaftLogWorker.java:execute(433)) - 5d71e5de-6d45-4480-a1f1-d41cc2d38630-RaftLogWorker: Rolled log segment from /opt/src/hadoop-ozone/integration-test/target/test-dir/MiniOzoneClusterImpl-c05bfa39-b333-4767-bc96-5a78f3430938/datanode-0/data/ratis/3aee30eb-3db1-472a-b851-c6aea7a4b82b/current/log_inprogress_4027 to /opt/src/hadoop-ozone/integration-test/target/test-dir/MiniOzoneClusterImpl-c05bfa39-b333-4767-bc96-5a78f3430938/datanode-0/data/ratis/3aee30eb-3db1-472a-b851-c6aea7a4b82b/current/log_4027-4096
2019-06-13 13:50:40,667 INFO  client.GrpcClientProtocolClient (GrpcClientProtocolClient.java:onNext(254)) - client-D47EFDF0E133->5d71e5de-6d45-4480-a1f1-d41cc2d38630: receive RaftClientReply:client-D47EFDF0E133->5d71e5de-6d45-4480-a1f1-d41cc2d38630@group-C6AEA7A4B82B, cid=2446, SUCCESS, logIndex=4095, commits[5d71e5de-6d45-4480-a1f1-d41cc2d38630:c4095]
2019-06-13 13:50:40,667 INFO  client.GrpcClientProtocolClient (GrpcClientProtocolClient.java:onNext(254)) - client-D47EFDF0E133->5d71e5de-6d45-4480-a1f1-d41cc2d38630: receive RaftClientReply:client-D47EFDF0E133->5d71e5de-6d45-4480-a1f1-d41cc2d38630@group-C6AEA7A4B82B, cid=2447, SUCCESS, logIndex=4096, commits[5d71e5de-6d45-4480-a1f1-d41cc2d38630:c4096]
2019-06-13 13:50:40,702 INFO  storage.RaftLogWorker (RaftLogWorker.java:execute(469)) - 5d71e5de-6d45-4480-a1f1-d41cc2d38630-RaftLogWorker: created new log segment /opt/src/hadoop-ozone/integration-test/target/test-dir/MiniOzoneClusterImpl-c05bfa39-b333-4767-bc96-5a78f3430938/datanode-0/data/ratis/3aee30eb-3db1-472a-b851-c6aea7a4b82b/current/log_inprogress_4097
2019-06-13 13:50:40,704 INFO  client.GrpcClientProtocolClient (GrpcClientProtocolClient.java:onNext(254)) - client-D47EFDF0E133->5d71e5de-6d45-4480-a1f1-d41cc2d38630: receive RaftClientReply:client-D47EFDF0E133->5d71e5de-6d45-4480-a1f1-d41cc2d38630@group-C6AEA7A4B82B, cid=2448, SUCCESS, logIndex=4097, commits[5d71e5de-6d45-4480-a1f1-d41cc2d38630:c4099]
2019-06-13 13:50:40,713 INFO  client.GrpcClientProtocolClient (GrpcClientProtocolClient.java:onNext(254)) - client-D47EFDF0E133->5d71e5de-6d45-4480-a1f1-d41cc2d38630: receive RaftClientReply:client-D47EFDF0E133->5d71e5de-6d45-4480-a1f1-d41cc2d38630@group-C6AEA7A4B82B, cid=2449, SUCCESS, logIndex=4100, commits[5d71e5de-6d45-4480-a1f1-d41cc2d38630:c4100]
2019-06-13 13:50:40,714 INFO  client.GrpcClientProtocolClient (GrpcClientProtocolClient.java:onNext(254)) - client-D47EFDF0E133->5d71e5de-6d45-4480-a1f1-d41cc2d38630: receive RaftClientReply:client-D47EFDF0E133->5d71e5de-6d45-4480-a1f1-d41cc2d38630@group-C6AEA7A4B82B, cid=2450, SUCCESS, logIndex=4102, commits[5d71e5de-6d45-4480-a1f1-d41cc2d38630:c4102]
2019-06-13 13:50:40,715 INFO  client.GrpcClientProtocolClient (GrpcClientProtocolClient.java:onNext(254)) - client-D47EFDF0E133->5d71e5de-6d45-4480-a1f1-d41cc2d38630: receive RaftClientReply:client-D47EFDF0E133->5d71e5de-6d45-4480-a1f1-d41cc2d38630@group-C6AEA7A4B82B, cid=2451, SUCCESS, logIndex=4103, commits[5d71e5de-6d45-4480-a1f1-d41cc2d38630:c4105]
2019-06-13 13:50:40,716 INFO  client.GrpcClientProtocolClient (GrpcClientProtocolClient.java:onNext(254)) - client-D47EFDF0E133->5d71e5de-6d45-4480-a1f1-d41cc2d38630: receive RaftClientReply:client-D47EFDF0E133->5d71e5de-6d45-4480-a1f1-d41cc2d38630@group-C6AEA7A4B82B, cid=2452, SUCCESS, logIndex=4104, commits[5d71e5de-6d45-4480-a1f1-d41cc2d38630:c4105]
2019-06-13 13:50:40,720 INFO  client.GrpcClientProtocolClient (GrpcClientProtocolClient.java:onNext(254)) - client-D47EFDF0E133->5d71e5de-6d45-4480-a1f1-d41cc2d38630: receive RaftClientReply:client-D47EFDF0E133->5d71e5de-6d45-4480-a1f1-d41cc2d38630@group-C6AEA7A4B82B, cid=2453, SUCCESS, logIndex=4106, commits[5d71e5de-6d45-4480-a1f1-d41cc2d38630:c4106]
2019-06-13 13:50:40,721 INFO  client.GrpcClientProtocolClient (GrpcClientProtocolClient.java:onNext(254)) - client-D47EFDF0E133->5d71e5de-6d45-4480-a1f1-d41cc2d38630: receive RaftClientReply:client-D47EFDF0E133->5d71e5de-6d45-4480-a1f1-d41cc2d38630@group-C6AEA7A4B82B, cid=2454, SUCCESS, logIndex=4108, commits[5d71e5de-6d45-4480-a1f1-d41cc2d38630:c4108]
2019-06-13 13:50:40,723 INFO  client.GrpcClientProtocolClient (GrpcClientProtocolClient.java:onNext(254)) - client-D47EFDF0E133->5d71e5de-6d45-4480-a1f1-d41cc2d38630: receive RaftClientReply:client-D47EFDF0E133->5d71e5de-6d45-4480-a1f1-d41cc2d38630@group-C6AEA7A4B82B, cid=2455, SUCCESS, logIndex=4109, commits[5d71e5de-6d45-4480-a1f1-d41cc2d38630:c4111]
2019-06-13 13:50:40,723 INFO  client.GrpcClientProtocolClient (GrpcClientProtocolClient.java:onNext(254)) - client-D47EFDF0E133->5d71e5de-6d45-4480-a1f1-d41cc2d38630: receive RaftClientReply:client-D47EFDF0E133->5d71e5de-6d45-4480-a1f1-d41cc2d38630@group-C6AEA7A4B82B, cid=2456, SUCCESS, logIndex=4110, commits[5d71e5de-6d45-4480-a1f1-d41cc2d38630:c4111]
2019-06-13 13:50:40,731 INFO  client.GrpcClientProtocolClient (GrpcClientProtocolClient.java:onNext(254)) - client-D47EFDF0E133->5d71e5de-6d45-4480-a1f1-d41cc2d38630: receive RaftClientReply:client-D47EFDF0E133->5d71e5de-6d45-4480-a1f1-d41cc2d38630@group-C6AEA7A4B82B, cid=2457, SUCCESS, logIndex=4112, commits[5d71e5de-6d45-4480-a1f1-d41cc2d38630:c4112]
2019-06-13 13:50:40,772 DEBUG block.SCMBlockDeletingService (SCMBlockDeletingService.java:call(138)) - Running DeletedBlockTransactionScanner
2019-06-13 13:50:40,774 DEBUG block.SCMBlockDeletingService (SCMBlockDeletingService.java:call(155)) - Scanned deleted blocks log and got 0 delTX to process.
2019-06-13 13:50:40,779 INFO  client.GrpcClientProtocolClient (GrpcClientProtocolClient.java:onNext(254)) - client-D47EFDF0E133->5d71e5de-6d45-4480-a1f1-d41cc2d38630: receive RaftClientReply:client-D47EFDF0E133->5d71e5de-6d45-4480-a1f1-d41cc2d38630@group-C6AEA7A4B82B, cid=2458, SUCCESS, logIndex=4114, commits[5d71e5de-6d45-4480-a1f1-d41cc2d38630:c4118]
2019-06-13 13:50:40,780 INFO  client.GrpcClientProtocolClient (GrpcClientProtocolClient.java:onNext(254)) - client-D47EFDF0E133->5d71e5de-6d45-4480-a1f1-d41cc2d38630: receive RaftClientReply:client-D47EFDF0E133->5d71e5de-6d45-4480-a1f1-d41cc2d38630@group-C6AEA7A4B82B, cid=2459, SUCCESS, logIndex=4115, commits[5d71e5de-6d45-4480-a1f1-d41cc2d38630:c4118]
2019-06-13 13:50:40,780 INFO  client.GrpcClientProtocolClient (GrpcClientProtocolClient.java:onNext(254)) - client-D47EFDF0E133->5d71e5de-6d45-4480-a1f1-d41cc2d38630: receive RaftClientReply:client-D47EFDF0E133->5d71e5de-6d45-4480-a1f1-d41cc2d38630@group-C6AEA7A4B82B, cid=2460, SUCCESS, logIndex=4116, commits[5d71e5de-6d45-4480-a1f1-d41cc2d38630:c4118]
2019-06-13 13:50:40,786 INFO  client.GrpcClientProtocolClient (GrpcClientProtocolClient.java:onNext(254)) - client-D47EFDF0E133->5d71e5de-6d45-4480-a1f1-d41cc2d38630: receive RaftClientReply:client-D47EFDF0E133->5d71e5de-6d45-4480-a1f1-d41cc2d38630@group-C6AEA7A4B82B, cid=2461, SUCCESS, logIndex=4119, commits[5d71e5de-6d45-4480-a1f1-d41cc2d38630:c4119]
2019-06-13 13:50:40,787 INFO  client.GrpcClientProtocolClient (GrpcClientProtocolClient.java:onNext(254)) - client-D47EFDF0E133->5d71e5de-6d45-4480-a1f1-d41cc2d38630: receive RaftClientReply:client-D47EFDF0E133->5d71e5de-6d45-4480-a1f1-d41cc2d38630@group-C6AEA7A4B82B, cid=2462, SUCCESS, logIndex=4121, commits[5d71e5de-6d45-4480-a1f1-d41cc2d38630:c4121]
2019-06-13 13:50:40,788 INFO  client.GrpcClientProtocolClient (GrpcClientProtocolClient.java:onNext(254)) - client-D47EFDF0E133->5d71e5de-6d45-4480-a1f1-d41cc2d38630: receive RaftClientReply:client-D47EFDF0E133->5d71e5de-6d45-4480-a1f1-d41cc2d38630@group-C6AEA7A4B82B, cid=2463, SUCCESS, logIndex=4122, commits[5d71e5de-6d45-4480-a1f1-d41cc2d38630:c4124]
2019-06-13 13:50:40,789 INFO  client.GrpcClientProtocolClient (GrpcClientProtocolClient.java:onNext(254)) - client-D47EFDF0E133->5d71e5de-6d45-4480-a1f1-d41cc2d38630: receive RaftClientReply:client-D47EFDF0E133->5d71e5de-6d45-4480-a1f1-d41cc2d38630@group-C6AEA7A4B82B, cid=2464, SUCCESS, logIndex=4123, commits[5d71e5de-6d45-4480-a1f1-d41cc2d38630:c4124]
2019-06-13 13:50:40,799 INFO  client.GrpcClientProtocolClient (GrpcClientProtocolClient.java:onNext(254)) - client-D47EFDF0E133->5d71e5de-6d45-4480-a1f1-d41cc2d38630: receive RaftClientReply:client-D47EFDF0E133->5d71e5de-6d45-4480-a1f1-d41cc2d38630@group-C6AEA7A4B82B, cid=2465, SUCCESS, logIndex=4125, commits[5d71e5de-6d45-4480-a1f1-d41cc2d38630:c4125]
2019-06-13 13:50:40,800 INFO  client.GrpcClientProtocolClient (GrpcClientProtocolClient.java:onNext(254)) - client-D47EFDF0E133->5d71e5de-6d45-4480-a1f1-d41cc2d38630: receive RaftClientReply:client-D47EFDF0E133->5d71e5de-6d45-4480-a1f1-d41cc2d38630@group-C6AEA7A4B82B, cid=2466, SUCCESS, logIndex=4127, commits[5d71e5de-6d45-4480-a1f1-d41cc2d38630:c4127]
2019-06-13 13:50:40,801 INFO  client.GrpcClientProtocolClient (GrpcClientProtocolClient.java:onNext(254)) - client-D47EFDF0E133->5d71e5de-6d45-4480-a1f1-d41cc2d38630: receive RaftClientReply:client-D47EFDF0E133->5d71e5de-6d45-4480-a1f1-d41cc2d38630@group-C6AEA7A4B82B, cid=2467, SUCCESS, logIndex=4128, commits[5d71e5de-6d45-4480-a1f1-d41cc2d38630:c4130]
2019-06-13 13:50:40,802 INFO  client.GrpcClientProtocolClient (GrpcClientProtocolClient.java:onNext(254)) - client-D47EFDF0E133->5d71e5de-6d45-4480-a1f1-d41cc2d38630: receive RaftClientReply:client-D47EFDF0E133->5d71e5de-6d45-4480-a1f1-d41cc2d38630@group-C6AEA7A4B82B, cid=2468, SUCCESS, logIndex=4129, commits[5d71e5de-6d45-4480-a1f1-d41cc2d38630:c4130]
2019-06-13 13:50:40,807 INFO  client.GrpcClientProtocolClient (GrpcClientProtocolClient.java:onNext(254)) - client-D47EFDF0E133->5d71e5de-6d45-4480-a1f1-d41cc2d38630: receive RaftClientReply:client-D47EFDF0E133->5d71e5de-6d45-4480-a1f1-d41cc2d38630@group-C6AEA7A4B82B, cid=2469, SUCCESS, logIndex=4131, commits[5d71e5de-6d45-4480-a1f1-d41cc2d38630:c4131]
2019-06-13 13:50:40,809 INFO  client.GrpcClientProtocolClient (GrpcClientProtocolClient.java:onNext(254)) - client-D47EFDF0E133->5d71e5de-6d45-4480-a1f1-d41cc2d38630: receive RaftClientReply:client-D47EFDF0E133->5d71e5de-6d45-4480-a1f1-d41cc2d38630@group-C6AEA7A4B82B, cid=2470, SUCCESS, logIndex=4133, commits[5d71e5de-6d45-4480-a1f1-d41cc2d38630:c4133]
2019-06-13 13:50:40,810 INFO  client.GrpcClientProtocolClient (GrpcClientProtocolClient.java:onNext(254)) - client-D47EFDF0E133->5d71e5de-6d45-4480-a1f1-d41cc2d38630: receive RaftClientReply:client-D47EFDF0E133->5d71e5de-6d45-4480-a1f1-d41cc2d38630@group-C6AEA7A4B82B, cid=2471, SUCCESS, logIndex=4134, commits[5d71e5de-6d45-4480-a1f1-d41cc2d38630:c4136]
2019-06-13 13:50:40,810 INFO  client.GrpcClientProtocolClient (GrpcClientProtocolClient.java:onNext(254)) - client-D47EFDF0E133->5d71e5de-6d45-4480-a1f1-d41cc2d38630: receive RaftClientReply:client-D47EFDF0E133->5d71e5de-6d45-4480-a1f1-d41cc2d38630@group-C6AEA7A4B82B, cid=2472, SUCCESS, logIndex=4135, commits[5d71e5de-6d45-4480-a1f1-d41cc2d38630:c4136]
2019-06-13 13:50:40,819 INFO  client.GrpcClientProtocolClient (GrpcClientProtocolClient.java:onNext(254)) - client-D47EFDF0E133->5d71e5de-6d45-4480-a1f1-d41cc2d38630: receive RaftClientReply:client-D47EFDF0E133->5d71e5de-6d45-4480-a1f1-d41cc2d38630@group-C6AEA7A4B82B, cid=2473, SUCCESS, logIndex=4137, commits[5d71e5de-6d45-4480-a1f1-d41cc2d38630:c4137]
2019-06-13 13:50:40,820 INFO  client.GrpcClientProtocolClient (GrpcClientProtocolClient.java:onNext(254)) - client-D47EFDF0E133->5d71e5de-6d45-4480-a1f1-d41cc2d38630: receive RaftClientReply:client-D47EFDF0E133->5d71e5de-6d45-4480-a1f1-d41cc2d38630@group-C6AEA7A4B82B, cid=2474, SUCCESS, logIndex=4139, commits[5d71e5de-6d45-4480-a1f1-d41cc2d38630:c4139]
2019-06-13 13:50:40,874 DEBUG block.SCMBlockDeletingService (SCMBlockDeletingService.java:call(138)) - Running DeletedBlockTransactionScanner
2019-06-13 13:50:40,874 DEBUG block.SCMBlockDeletingService (SCMBlockDeletingService.java:call(155)) - Scanned deleted blocks log and got 0 delTX to process.
2019-06-13 13:50:40,892 INFO  client.GrpcClientProtocolClient (GrpcClientProtocolClient.java:onNext(254)) - client-D47EFDF0E133->5d71e5de-6d45-4480-a1f1-d41cc2d38630: receive RaftClientReply:client-D47EFDF0E133->5d71e5de-6d45-4480-a1f1-d41cc2d38630@group-C6AEA7A4B82B, cid=2475, SUCCESS, logIndex=4141, commits[5d71e5de-6d45-4480-a1f1-d41cc2d38630:c4141]
2019-06-13 13:50:40,893 INFO  client.GrpcClientProtocolClient (GrpcClientProtocolClient.java:onNext(254)) - client-D47EFDF0E133->5d71e5de-6d45-4480-a1f1-d41cc2d38630: receive RaftClientReply:client-D47EFDF0E133->5d71e5de-6d45-4480-a1f1-d41cc2d38630@group-C6AEA7A4B82B, cid=2476, SUCCESS, logIndex=4143, commits[5d71e5de-6d45-4480-a1f1-d41cc2d38630:c4143]
2019-06-13 13:50:40,898 INFO  client.GrpcClientProtocolClient (GrpcClientProtocolClient.java:onNext(254)) - client-D47EFDF0E133->5d71e5de-6d45-4480-a1f1-d41cc2d38630: receive RaftClientReply:client-D47EFDF0E133->5d71e5de-6d45-4480-a1f1-d41cc2d38630@group-C6AEA7A4B82B, cid=2477, SUCCESS, logIndex=4145, commits[5d71e5de-6d45-4480-a1f1-d41cc2d38630:c4145]
2019-06-13 13:50:40,899 INFO  client.GrpcClientProtocolClient (GrpcClientProtocolClient.java:onNext(254)) - client-D47EFDF0E133->5d71e5de-6d45-4480-a1f1-d41cc2d38630: receive RaftClientReply:client-D47EFDF0E133->5d71e5de-6d45-4480-a1f1-d41cc2d38630@group-C6AEA7A4B82B, cid=2478, SUCCESS, logIndex=4147, commits[5d71e5de-6d45-4480-a1f1-d41cc2d38630:c4147]
2019-06-13 13:50:40,900 INFO  client.GrpcClientProtocolClient (GrpcClientProtocolClient.java:onNext(254)) - client-D47EFDF0E133->5d71e5de-6d45-4480-a1f1-d41cc2d38630: receive RaftClientReply:client-D47EFDF0E133->5d71e5de-6d45-4480-a1f1-d41cc2d38630@group-C6AEA7A4B82B, cid=2479, SUCCESS, logIndex=4148, commits[5d71e5de-6d45-4480-a1f1-d41cc2d38630:c4150]
2019-06-13 13:50:40,901 INFO  client.GrpcClientProtocolClient (GrpcClientProtocolClient.java:onNext(254)) - client-D47EFDF0E133->5d71e5de-6d45-4480-a1f1-d41cc2d38630: receive RaftClientReply:client-D47EFDF0E133->5d71e5de-6d45-4480-a1f1-d41cc2d38630@group-C6AEA7A4B82B, cid=2480, SUCCESS, logIndex=4149, commits[5d71e5de-6d45-4480-a1f1-d41cc2d38630:c4150]
2019-06-13 13:50:40,910 INFO  client.GrpcClientProtocolClient (GrpcClientProtocolClient.java:onNext(254)) - client-D47EFDF0E133->5d71e5de-6d45-4480-a1f1-d41cc2d38630: receive RaftClientReply:client-D47EFDF0E133->5d71e5de-6d45-4480-a1f1-d41cc2d38630@group-C6AEA7A4B82B, cid=2481, SUCCESS, logIndex=4151, commits[5d71e5de-6d45-4480-a1f1-d41cc2d38630:c4151]
2019-06-13 13:50:40,910 INFO  client.GrpcClientProtocolClient (GrpcClientProtocolClient.java:onNext(254)) - client-D47EFDF0E133->5d71e5de-6d45-4480-a1f1-d41cc2d38630: receive RaftClientReply:client-D47EFDF0E133->5d71e5de-6d45-4480-a1f1-d41cc2d38630@group-C6AEA7A4B82B, cid=2482, SUCCESS, logIndex=4153, commits[5d71e5de-6d45-4480-a1f1-d41cc2d38630:c4153]
2019-06-13 13:50:40,912 INFO  client.GrpcClientProtocolClient (GrpcClientProtocolClient.java:onNext(254)) - client-D47EFDF0E133->5d71e5de-6d45-4480-a1f1-d41cc2d38630: receive RaftClientReply:client-D47EFDF0E133->5d71e5de-6d45-4480-a1f1-d41cc2d38630@group-C6AEA7A4B82B, cid=2483, SUCCESS, logIndex=4154, commits[5d71e5de-6d45-4480-a1f1-d41cc2d38630:c4156]
2019-06-13 13:50:40,913 INFO  client.GrpcClientProtocolClient (GrpcClientProtocolClient.java:onNext(254)) - client-D47EFDF0E133->5d71e5de-6d45-4480-a1f1-d41cc2d38630: receive RaftClientReply:client-D47EFDF0E133->5d71e5de-6d45-4480-a1f1-d41cc2d38630@group-C6AEA7A4B82B, cid=2484, SUCCESS, logIndex=4155, commits[5d71e5de-6d45-4480-a1f1-d41cc2d38630:c4156]
2019-06-13 13:50:40,917 INFO  client.GrpcClientProtocolClient (GrpcClientProtocolClient.java:onNext(254)) - client-D47EFDF0E133->5d71e5de-6d45-4480-a1f1-d41cc2d38630: receive RaftClientReply:client-D47EFDF0E133->5d71e5de-6d45-4480-a1f1-d41cc2d38630@group-C6AEA7A4B82B, cid=2485, SUCCESS, logIndex=4157, commits[5d71e5de-6d45-4480-a1f1-d41cc2d38630:c4157]
2019-06-13 13:50:40,918 INFO  client.GrpcClientProtocolClient (GrpcClientProtocolClient.java:onNext(254)) - client-D47EFDF0E133->5d71e5de-6d45-4480-a1f1-d41cc2d38630: receive RaftClientReply:client-D47EFDF0E133->5d71e5de-6d45-4480-a1f1-d41cc2d38630@group-C6AEA7A4B82B, cid=2486, SUCCESS, logIndex=4159, commits[5d71e5de-6d45-4480-a1f1-d41cc2d38630:c4159]
2019-06-13 13:50:40,920 INFO  client.GrpcClientProtocolClient (GrpcClientProtocolClient.java:onNext(254)) - client-D47EFDF0E133->5d71e5de-6d45-4480-a1f1-d41cc2d38630: receive RaftClientReply:client-D47EFDF0E133->5d71e5de-6d45-4480-a1f1-d41cc2d38630@group-C6AEA7A4B82B, cid=2487, SUCCESS, logIndex=4160, commits[5d71e5de-6d45-4480-a1f1-d41cc2d38630:c4162]
2019-06-13 13:50:40,920 INFO  client.GrpcClientProtocolClient (GrpcClientProtocolClient.java:onNext(254)) - client-D47EFDF0E133->5d71e5de-6d45-4480-a1f1-d41cc2d38630: receive RaftClientReply:client-D47EFDF0E133->5d71e5de-6d45-4480-a1f1-d41cc2d38630@group-C6AEA7A4B82B, cid=2488, SUCCESS, logIndex=4161, commits[5d71e5de-6d45-4480-a1f1-d41cc2d38630:c4162]
2019-06-13 13:50:40,928 INFO  client.GrpcClientProtocolClient (GrpcClientProtocolClient.java:onNext(254)) - client-D47EFDF0E133->5d71e5de-6d45-4480-a1f1-d41cc2d38630: receive RaftClientReply:client-D47EFDF0E133->5d71e5de-6d45-4480-a1f1-d41cc2d38630@group-C6AEA7A4B82B, cid=2489, SUCCESS, logIndex=4163, commits[5d71e5de-6d45-4480-a1f1-d41cc2d38630:c4163]
2019-06-13 13:50:40,929 INFO  storage.RaftLogWorker (RaftLogWorker.java:rollLogSegment(303)) - 5d71e5de-6d45-4480-a1f1-d41cc2d38630-RaftLogWorker: Rolling segment log-4097_4165 to index:4165
2019-06-13 13:50:40,929 INFO  storage.RaftLogWorker (RaftLogWorker.java:execute(433)) - 5d71e5de-6d45-4480-a1f1-d41cc2d38630-RaftLogWorker: Rolled log segment from /opt/src/hadoop-ozone/integration-test/target/test-dir/MiniOzoneClusterImpl-c05bfa39-b333-4767-bc96-5a78f3430938/datanode-0/data/ratis/3aee30eb-3db1-472a-b851-c6aea7a4b82b/current/log_inprogress_4097 to /opt/src/hadoop-ozone/integration-test/target/test-dir/MiniOzoneClusterImpl-c05bfa39-b333-4767-bc96-5a78f3430938/datanode-0/data/ratis/3aee30eb-3db1-472a-b851-c6aea7a4b82b/current/log_4097-4165
2019-06-13 13:50:40,930 INFO  client.GrpcClientProtocolClient (GrpcClientProtocolClient.java:onNext(254)) - client-D47EFDF0E133->5d71e5de-6d45-4480-a1f1-d41cc2d38630: receive RaftClientReply:client-D47EFDF0E133->5d71e5de-6d45-4480-a1f1-d41cc2d38630@group-C6AEA7A4B82B, cid=2490, SUCCESS, logIndex=4165, commits[5d71e5de-6d45-4480-a1f1-d41cc2d38630:c4165]
2019-06-13 13:50:40,964 INFO  storage.RaftLogWorker (RaftLogWorker.java:execute(469)) - 5d71e5de-6d45-4480-a1f1-d41cc2d38630-RaftLogWorker: created new log segment /opt/src/hadoop-ozone/integration-test/target/test-dir/MiniOzoneClusterImpl-c05bfa39-b333-4767-bc96-5a78f3430938/datanode-0/data/ratis/3aee30eb-3db1-472a-b851-c6aea7a4b82b/current/log_inprogress_4166
2019-06-13 13:50:40,966 INFO  client.GrpcClientProtocolClient (GrpcClientProtocolClient.java:onNext(254)) - client-D47EFDF0E133->5d71e5de-6d45-4480-a1f1-d41cc2d38630: receive RaftClientReply:client-D47EFDF0E133->5d71e5de-6d45-4480-a1f1-d41cc2d38630@group-C6AEA7A4B82B, cid=2491, SUCCESS, logIndex=4166, commits[5d71e5de-6d45-4480-a1f1-d41cc2d38630:c4168]
2019-06-13 13:50:40,966 INFO  client.GrpcClientProtocolClient (GrpcClientProtocolClient.java:onNext(254)) - client-D47EFDF0E133->5d71e5de-6d45-4480-a1f1-d41cc2d38630: receive RaftClientReply:client-D47EFDF0E133->5d71e5de-6d45-4480-a1f1-d41cc2d38630@group-C6AEA7A4B82B, cid=2492, SUCCESS, logIndex=4168, commits[5d71e5de-6d45-4480-a1f1-d41cc2d38630:c4168]
2019-06-13 13:50:40,971 INFO  client.GrpcClientProtocolClient (GrpcClientProtocolClient.java:onNext(254)) - client-D47EFDF0E133->5d71e5de-6d45-4480-a1f1-d41cc2d38630: receive RaftClientReply:client-D47EFDF0E133->5d71e5de-6d45-4480-a1f1-d41cc2d38630@group-C6AEA7A4B82B, cid=2493, SUCCESS, logIndex=4170, commits[5d71e5de-6d45-4480-a1f1-d41cc2d38630:c4170]
2019-06-13 13:50:40,973 INFO  client.GrpcClientProtocolClient (GrpcClientProtocolClient.java:onNext(254)) - client-D47EFDF0E133->5d71e5de-6d45-4480-a1f1-d41cc2d38630: receive RaftClientReply:client-D47EFDF0E133->5d71e5de-6d45-4480-a1f1-d41cc2d38630@group-C6AEA7A4B82B, cid=2494, SUCCESS, logIndex=4172, commits[5d71e5de-6d45-4480-a1f1-d41cc2d38630:c4172]
2019-06-13 13:50:40,974 DEBUG block.SCMBlockDeletingService (SCMBlockDeletingService.java:call(138)) - Running DeletedBlockTransactionScanner
2019-06-13 13:50:40,974 DEBUG block.SCMBlockDeletingService (SCMBlockDeletingService.java:call(155)) - Scanned deleted blocks log and got 0 delTX to process.
2019-06-13 13:50:40,975 INFO  client.GrpcClientProtocolClient (GrpcClientProtocolClient.java:onNext(254)) - client-D47EFDF0E133->5d71e5de-6d45-4480-a1f1-d41cc2d38630: receive RaftClientReply:client-D47EFDF0E133->5d71e5de-6d45-4480-a1f1-d41cc2d38630@group-C6AEA7A4B82B, cid=2495, SUCCESS, logIndex=4173, commits[5d71e5de-6d45-4480-a1f1-d41cc2d38630:c4174]
2019-06-13 13:50:40,975 INFO  client.GrpcClientProtocolClient (GrpcClientProtocolClient.java:onNext(254)) - client-D47EFDF0E133->5d71e5de-6d45-4480-a1f1-d41cc2d38630: receive RaftClientReply:client-D47EFDF0E133->5d71e5de-6d45-4480-a1f1-d41cc2d38630@group-C6AEA7A4B82B, cid=2496, SUCCESS, logIndex=4174, commits[5d71e5de-6d45-4480-a1f1-d41cc2d38630:c4176]
2019-06-13 13:50:40,983 INFO  client.GrpcClientProtocolClient (GrpcClientProtocolClient.java:onNext(254)) - client-D47EFDF0E133->5d71e5de-6d45-4480-a1f1-d41cc2d38630: receive RaftClientReply:client-D47EFDF0E133->5d71e5de-6d45-4480-a1f1-d41cc2d38630@group-C6AEA7A4B82B, cid=2497, SUCCESS, logIndex=4177, commits[5d71e5de-6d45-4480-a1f1-d41cc2d38630:c4177]
2019-06-13 13:50:40,985 INFO  client.GrpcClientProtocolClient (GrpcClientProtocolClient.java:onNext(254)) - client-D47EFDF0E133->5d71e5de-6d45-4480-a1f1-d41cc2d38630: receive RaftClientReply:client-D47EFDF0E133->5d71e5de-6d45-4480-a1f1-d41cc2d38630@group-C6AEA7A4B82B, cid=2498, SUCCESS, logIndex=4179, commits[5d71e5de-6d45-4480-a1f1-d41cc2d38630:c4179]
2019-06-13 13:50:40,986 INFO  client.GrpcClientProtocolClient (GrpcClientProtocolClient.java:onNext(254)) - client-D47EFDF0E133->5d71e5de-6d45-4480-a1f1-d41cc2d38630: receive RaftClientReply:client-D47EFDF0E133->5d71e5de-6d45-4480-a1f1-d41cc2d38630@group-C6AEA7A4B82B, cid=2499, SUCCESS, logIndex=4180, commits[5d71e5de-6d45-4480-a1f1-d41cc2d38630:c4182]
2019-06-13 13:50:40,986 INFO  client.GrpcClientProtocolClient (GrpcClientProtocolClient.java:onNext(254)) - client-D47EFDF0E133->5d71e5de-6d45-4480-a1f1-d41cc2d38630: receive RaftClientReply:client-D47EFDF0E133->5d71e5de-6d45-4480-a1f1-d41cc2d38630@group-C6AEA7A4B82B, cid=2500, SUCCESS, logIndex=4181, commits[5d71e5de-6d45-4480-a1f1-d41cc2d38630:c4182]
2019-06-13 13:50:40,991 INFO  client.GrpcClientProtocolClient (GrpcClientProtocolClient.java:onNext(254)) - client-D47EFDF0E133->5d71e5de-6d45-4480-a1f1-d41cc2d38630: receive RaftClientReply:client-D47EFDF0E133->5d71e5de-6d45-4480-a1f1-d41cc2d38630@group-C6AEA7A4B82B, cid=2501, SUCCESS, logIndex=4183, commits[5d71e5de-6d45-4480-a1f1-d41cc2d38630:c4183]
2019-06-13 13:50:40,992 INFO  client.GrpcClientProtocolClient (GrpcClientProtocolClient.java:onNext(254)) - client-D47EFDF0E133->5d71e5de-6d45-4480-a1f1-d41cc2d38630: receive RaftClientReply:client-D47EFDF0E133->5d71e5de-6d45-4480-a1f1-d41cc2d38630@group-C6AEA7A4B82B, cid=2502, SUCCESS, logIndex=4185, commits[5d71e5de-6d45-4480-a1f1-d41cc2d38630:c4185]
2019-06-13 13:50:40,993 INFO  client.GrpcClientProtocolClient (GrpcClientProtocolClient.java:onNext(254)) - client-D47EFDF0E133->5d71e5de-6d45-4480-a1f1-d41cc2d38630: receive RaftClientReply:client-D47EFDF0E133->5d71e5de-6d45-4480-a1f1-d41cc2d38630@group-C6AEA7A4B82B, cid=2503, SUCCESS, logIndex=4186, commits[5d71e5de-6d45-4480-a1f1-d41cc2d38630:c4188]
2019-06-13 13:50:40,993 INFO  client.GrpcClientProtocolClient (GrpcClientProtocolClient.java:onNext(254)) - client-D47EFDF0E133->5d71e5de-6d45-4480-a1f1-d41cc2d38630: receive RaftClientReply:client-D47EFDF0E133->5d71e5de-6d45-4480-a1f1-d41cc2d38630@group-C6AEA7A4B82B, cid=2504, SUCCESS, logIndex=4187, commits[5d71e5de-6d45-4480-a1f1-d41cc2d38630:c4188]
2019-06-13 13:50:41,003 INFO  client.GrpcClientProtocolClient (GrpcClientProtocolClient.java:onNext(254)) - client-D47EFDF0E133->5d71e5de-6d45-4480-a1f1-d41cc2d38630: receive RaftClientReply:client-D47EFDF0E133->5d71e5de-6d45-4480-a1f1-d41cc2d38630@group-C6AEA7A4B82B, cid=2505, SUCCESS, logIndex=4189, commits[5d71e5de-6d45-4480-a1f1-d41cc2d38630:c4189]
2019-06-13 13:50:41,004 INFO  client.GrpcClientProtocolClient (GrpcClientProtocolClient.java:onNext(254)) - client-D47EFDF0E133->5d71e5de-6d45-4480-a1f1-d41cc2d38630: receive RaftClientReply:client-D47EFDF0E133->5d71e5de-6d45-4480-a1f1-d41cc2d38630@group-C6AEA7A4B82B, cid=2506, SUCCESS, logIndex=4191, commits[5d71e5de-6d45-4480-a1f1-d41cc2d38630:c4191]
2019-06-13 13:50:41,006 INFO  client.GrpcClientProtocolClient (GrpcClientProtocolClient.java:onNext(254)) - client-D47EFDF0E133->5d71e5de-6d45-4480-a1f1-d41cc2d38630: receive RaftClientReply:client-D47EFDF0E133->5d71e5de-6d45-4480-a1f1-d41cc2d38630@group-C6AEA7A4B82B, cid=2507, SUCCESS, logIndex=4193, commits[5d71e5de-6d45-4480-a1f1-d41cc2d38630:c4193]
2019-06-13 13:50:41,006 INFO  client.GrpcClientProtocolClient (GrpcClientProtocolClient.java:onNext(254)) - client-D47EFDF0E133->5d71e5de-6d45-4480-a1f1-d41cc2d38630: receive RaftClientReply:client-D47EFDF0E133->5d71e5de-6d45-4480-a1f1-d41cc2d38630@group-C6AEA7A4B82B, cid=2508, SUCCESS, logIndex=4194, commits[5d71e5de-6d45-4480-a1f1-d41cc2d38630:c4194]
2019-06-13 13:50:41,012 INFO  client.GrpcClientProtocolClient (GrpcClientProtocolClient.java:onNext(254)) - client-D47EFDF0E133->5d71e5de-6d45-4480-a1f1-d41cc2d38630: receive RaftClientReply:client-D47EFDF0E133->5d71e5de-6d45-4480-a1f1-d41cc2d38630@group-C6AEA7A4B82B, cid=2509, SUCCESS, logIndex=4197, commits[5d71e5de-6d45-4480-a1f1-d41cc2d38630:c4197]
2019-06-13 13:50:41,013 INFO  client.GrpcClientProtocolClient (GrpcClientProtocolClient.java:onNext(254)) - client-D47EFDF0E133->5d71e5de-6d45-4480-a1f1-d41cc2d38630: receive RaftClientReply:client-D47EFDF0E133->5d71e5de-6d45-4480-a1f1-d41cc2d38630@group-C6AEA7A4B82B, cid=2510, SUCCESS, logIndex=4199, commits[5d71e5de-6d45-4480-a1f1-d41cc2d38630:c4199]
2019-06-13 13:50:41,015 INFO  client.GrpcClientProtocolClient (GrpcClientProtocolClient.java:onNext(254)) - client-D47EFDF0E133->5d71e5de-6d45-4480-a1f1-d41cc2d38630: receive RaftClientReply:client-D47EFDF0E133->5d71e5de-6d45-4480-a1f1-d41cc2d38630@group-C6AEA7A4B82B, cid=2511, SUCCESS, logIndex=4201, commits[5d71e5de-6d45-4480-a1f1-d41cc2d38630:c4201]
2019-06-13 13:50:41,016 INFO  client.GrpcClientProtocolClient (GrpcClientProtocolClient.java:onNext(254)) - client-D47EFDF0E133->5d71e5de-6d45-4480-a1f1-d41cc2d38630: receive RaftClientReply:client-D47EFDF0E133->5d71e5de-6d45-4480-a1f1-d41cc2d38630@group-C6AEA7A4B82B, cid=2512, SUCCESS, logIndex=4202, commits[5d71e5de-6d45-4480-a1f1-d41cc2d38630:c4202]
2019-06-13 13:50:41,026 INFO  client.GrpcClientProtocolClient (GrpcClientProtocolClient.java:onNext(254)) - client-D47EFDF0E133->5d71e5de-6d45-4480-a1f1-d41cc2d38630: receive RaftClientReply:client-D47EFDF0E133->5d71e5de-6d45-4480-a1f1-d41cc2d38630@group-C6AEA7A4B82B, cid=2513, SUCCESS, logIndex=4205, commits[5d71e5de-6d45-4480-a1f1-d41cc2d38630:c4205]
2019-06-13 13:50:41,028 INFO  client.GrpcClientProtocolClient (GrpcClientProtocolClient.java:onNext(254)) - client-D47EFDF0E133->5d71e5de-6d45-4480-a1f1-d41cc2d38630: receive RaftClientReply:client-D47EFDF0E133->5d71e5de-6d45-4480-a1f1-d41cc2d38630@group-C6AEA7A4B82B, cid=2514, SUCCESS, logIndex=4207, commits[5d71e5de-6d45-4480-a1f1-d41cc2d38630:c4207]
2019-06-13 13:50:41,029 INFO  client.GrpcClientProtocolClient (GrpcClientProtocolClient.java:onNext(254)) - client-D47EFDF0E133->5d71e5de-6d45-4480-a1f1-d41cc2d38630: receive RaftClientReply:client-D47EFDF0E133->5d71e5de-6d45-4480-a1f1-d41cc2d38630@group-C6AEA7A4B82B, cid=2515, SUCCESS, logIndex=4208, commits[5d71e5de-6d45-4480-a1f1-d41cc2d38630:c4208]
2019-06-13 13:50:41,030 INFO  client.GrpcClientProtocolClient (GrpcClientProtocolClient.java:onNext(254)) - client-D47EFDF0E133->5d71e5de-6d45-4480-a1f1-d41cc2d38630: receive RaftClientReply:client-D47EFDF0E133->5d71e5de-6d45-4480-a1f1-d41cc2d38630@group-C6AEA7A4B82B, cid=2516, SUCCESS, logIndex=4210, commits[5d71e5de-6d45-4480-a1f1-d41cc2d38630:c4211]
2019-06-13 13:50:41,035 INFO  client.GrpcClientProtocolClient (GrpcClientProtocolClient.java:onNext(254)) - client-D47EFDF0E133->5d71e5de-6d45-4480-a1f1-d41cc2d38630: receive RaftClientReply:client-D47EFDF0E133->5d71e5de-6d45-4480-a1f1-d41cc2d38630@group-C6AEA7A4B82B, cid=2517, SUCCESS, logIndex=4213, commits[5d71e5de-6d45-4480-a1f1-d41cc2d38630:c4213]
2019-06-13 13:50:41,036 INFO  client.GrpcClientProtocolClient (GrpcClientProtocolClient.java:onNext(254)) - client-D47EFDF0E133->5d71e5de-6d45-4480-a1f1-d41cc2d38630: receive RaftClientReply:client-D47EFDF0E133->5d71e5de-6d45-4480-a1f1-d41cc2d38630@group-C6AEA7A4B82B, cid=2518, SUCCESS, logIndex=4215, commits[5d71e5de-6d45-4480-a1f1-d41cc2d38630:c4215]
2019-06-13 13:50:41,075 DEBUG block.SCMBlockDeletingService (SCMBlockDeletingService.java:call(138)) - Running DeletedBlockTransactionScanner
2019-06-13 13:50:41,075 DEBUG block.SCMBlockDeletingService (SCMBlockDeletingService.java:call(155)) - Scanned deleted blocks log and got 0 delTX to process.
2019-06-13 13:50:41,118 INFO  client.GrpcClientProtocolClient (GrpcClientProtocolClient.java:onNext(254)) - client-D47EFDF0E133->5d71e5de-6d45-4480-a1f1-d41cc2d38630: receive RaftClientReply:client-D47EFDF0E133->5d71e5de-6d45-4480-a1f1-d41cc2d38630@group-C6AEA7A4B82B, cid=2519, SUCCESS, logIndex=4217, commits[5d71e5de-6d45-4480-a1f1-d41cc2d38630:c4217]
2019-06-13 13:50:41,123 INFO  client.GrpcClientProtocolClient (GrpcClientProtocolClient.java:onNext(254)) - client-D47EFDF0E133->5d71e5de-6d45-4480-a1f1-d41cc2d38630: receive RaftClientReply:client-D47EFDF0E133->5d71e5de-6d45-4480-a1f1-d41cc2d38630@group-C6AEA7A4B82B, cid=2520, SUCCESS, logIndex=4219, commits[5d71e5de-6d45-4480-a1f1-d41cc2d38630:c4219]
2019-06-13 13:50:41,134 INFO  client.GrpcClientProtocolClient (GrpcClientProtocolClient.java:onNext(254)) - client-D47EFDF0E133->5d71e5de-6d45-4480-a1f1-d41cc2d38630: receive RaftClientReply:client-D47EFDF0E133->5d71e5de-6d45-4480-a1f1-d41cc2d38630@group-C6AEA7A4B82B, cid=2521, SUCCESS, logIndex=4221, commits[5d71e5de-6d45-4480-a1f1-d41cc2d38630:c4221]
2019-06-13 13:50:41,138 INFO  client.GrpcClientProtocolClient (GrpcClientProtocolClient.java:onNext(254)) - client-D47EFDF0E133->5d71e5de-6d45-4480-a1f1-d41cc2d38630: receive RaftClientReply:client-D47EFDF0E133->5d71e5de-6d45-4480-a1f1-d41cc2d38630@group-C6AEA7A4B82B, cid=2522, SUCCESS, logIndex=4223, commits[5d71e5de-6d45-4480-a1f1-d41cc2d38630:c4223]
2019-06-13 13:50:41,138 INFO  client.GrpcClientProtocolClient (GrpcClientProtocolClient.java:onNext(254)) - client-D47EFDF0E133->5d71e5de-6d45-4480-a1f1-d41cc2d38630: receive RaftClientReply:client-D47EFDF0E133->5d71e5de-6d45-4480-a1f1-d41cc2d38630@group-C6AEA7A4B82B, cid=2523, SUCCESS, logIndex=4225, commits[5d71e5de-6d45-4480-a1f1-d41cc2d38630:c4225]
2019-06-13 13:50:41,138 INFO  client.GrpcClientProtocolClient (GrpcClientProtocolClient.java:onNext(254)) - client-D47EFDF0E133->5d71e5de-6d45-4480-a1f1-d41cc2d38630: receive RaftClientReply:client-D47EFDF0E133->5d71e5de-6d45-4480-a1f1-d41cc2d38630@group-C6AEA7A4B82B, cid=2524, SUCCESS, logIndex=4226, commits[5d71e5de-6d45-4480-a1f1-d41cc2d38630:c4227]
2019-06-13 13:50:41,144 INFO  client.GrpcClientProtocolClient (GrpcClientProtocolClient.java:onNext(254)) - client-D47EFDF0E133->5d71e5de-6d45-4480-a1f1-d41cc2d38630: receive RaftClientReply:client-D47EFDF0E133->5d71e5de-6d45-4480-a1f1-d41cc2d38630@group-C6AEA7A4B82B, cid=2525, SUCCESS, logIndex=4228, commits[5d71e5de-6d45-4480-a1f1-d41cc2d38630:c4228]
2019-06-13 13:50:41,145 INFO  client.GrpcClientProtocolClient (GrpcClientProtocolClient.java:onNext(254)) - client-D47EFDF0E133->5d71e5de-6d45-4480-a1f1-d41cc2d38630: receive RaftClientReply:client-D47EFDF0E133->5d71e5de-6d45-4480-a1f1-d41cc2d38630@group-C6AEA7A4B82B, cid=2526, SUCCESS, logIndex=4230, commits[5d71e5de-6d45-4480-a1f1-d41cc2d38630:c4230]
2019-06-13 13:50:41,147 INFO  client.GrpcClientProtocolClient (GrpcClientProtocolClient.java:onNext(254)) - client-D47EFDF0E133->5d71e5de-6d45-4480-a1f1-d41cc2d38630: receive RaftClientReply:client-D47EFDF0E133->5d71e5de-6d45-4480-a1f1-d41cc2d38630@group-C6AEA7A4B82B, cid=2527, SUCCESS, logIndex=4231, commits[5d71e5de-6d45-4480-a1f1-d41cc2d38630:c4233]
2019-06-13 13:50:41,147 INFO  client.GrpcClientProtocolClient (GrpcClientProtocolClient.java:onNext(254)) - client-D47EFDF0E133->5d71e5de-6d45-4480-a1f1-d41cc2d38630: receive RaftClientReply:client-D47EFDF0E133->5d71e5de-6d45-4480-a1f1-d41cc2d38630@group-C6AEA7A4B82B, cid=2528, SUCCESS, logIndex=4232, commits[5d71e5de-6d45-4480-a1f1-d41cc2d38630:c4233]
2019-06-13 13:50:41,158 INFO  client.GrpcClientProtocolClient (GrpcClientProtocolClient.java:onNext(254)) - client-D47EFDF0E133->5d71e5de-6d45-4480-a1f1-d41cc2d38630: receive RaftClientReply:client-D47EFDF0E133->5d71e5de-6d45-4480-a1f1-d41cc2d38630@group-C6AEA7A4B82B, cid=2529, SUCCESS, logIndex=4234, commits[5d71e5de-6d45-4480-a1f1-d41cc2d38630:c4234]
2019-06-13 13:50:41,160 INFO  client.GrpcClientProtocolClient (GrpcClientProtocolClient.java:onNext(254)) - client-D47EFDF0E133->5d71e5de-6d45-4480-a1f1-d41cc2d38630: receive RaftClientReply:client-D47EFDF0E133->5d71e5de-6d45-4480-a1f1-d41cc2d38630@group-C6AEA7A4B82B, cid=2530, SUCCESS, logIndex=4236, commits[5d71e5de-6d45-4480-a1f1-d41cc2d38630:c4236]
2019-06-13 13:50:41,160 INFO  client.GrpcClientProtocolClient (GrpcClientProtocolClient.java:onNext(254)) - client-D47EFDF0E133->5d71e5de-6d45-4480-a1f1-d41cc2d38630: receive RaftClientReply:client-D47EFDF0E133->5d71e5de-6d45-4480-a1f1-d41cc2d38630@group-C6AEA7A4B82B, cid=2531, SUCCESS, logIndex=4237, commits[5d71e5de-6d45-4480-a1f1-d41cc2d38630:c4239]
2019-06-13 13:50:41,162 INFO  client.GrpcClientProtocolClient (GrpcClientProtocolClient.java:onNext(254)) - client-D47EFDF0E133->5d71e5de-6d45-4480-a1f1-d41cc2d38630: receive RaftClientReply:client-D47EFDF0E133->5d71e5de-6d45-4480-a1f1-d41cc2d38630@group-C6AEA7A4B82B, cid=2532, SUCCESS, logIndex=4238, commits[5d71e5de-6d45-4480-a1f1-d41cc2d38630:c4239]
2019-06-13 13:50:41,167 INFO  client.GrpcClientProtocolClient (GrpcClientProtocolClient.java:onNext(254)) - client-D47EFDF0E133->5d71e5de-6d45-4480-a1f1-d41cc2d38630: receive RaftClientReply:client-D47EFDF0E133->5d71e5de-6d45-4480-a1f1-d41cc2d38630@group-C6AEA7A4B82B, cid=2533, SUCCESS, logIndex=4240, commits[5d71e5de-6d45-4480-a1f1-d41cc2d38630:c4240]
2019-06-13 13:50:41,167 INFO  storage.RaftLogWorker (RaftLogWorker.java:rollLogSegment(303)) - 5d71e5de-6d45-4480-a1f1-d41cc2d38630-RaftLogWorker: Rolling segment log-4166_4241 to index:4241
2019-06-13 13:50:41,168 INFO  storage.RaftLogWorker (RaftLogWorker.java:execute(433)) - 5d71e5de-6d45-4480-a1f1-d41cc2d38630-RaftLogWorker: Rolled log segment from /opt/src/hadoop-ozone/integration-test/target/test-dir/MiniOzoneClusterImpl-c05bfa39-b333-4767-bc96-5a78f3430938/datanode-0/data/ratis/3aee30eb-3db1-472a-b851-c6aea7a4b82b/current/log_inprogress_4166 to /opt/src/hadoop-ozone/integration-test/target/test-dir/MiniOzoneClusterImpl-c05bfa39-b333-4767-bc96-5a78f3430938/datanode-0/data/ratis/3aee30eb-3db1-472a-b851-c6aea7a4b82b/current/log_4166-4241
2019-06-13 13:50:41,175 DEBUG block.SCMBlockDeletingService (SCMBlockDeletingService.java:call(138)) - Running DeletedBlockTransactionScanner
2019-06-13 13:50:41,175 DEBUG block.SCMBlockDeletingService (SCMBlockDeletingService.java:call(155)) - Scanned deleted blocks log and got 0 delTX to process.
2019-06-13 13:50:41,204 INFO  storage.RaftLogWorker (RaftLogWorker.java:execute(469)) - 5d71e5de-6d45-4480-a1f1-d41cc2d38630-RaftLogWorker: created new log segment /opt/src/hadoop-ozone/integration-test/target/test-dir/MiniOzoneClusterImpl-c05bfa39-b333-4767-bc96-5a78f3430938/datanode-0/data/ratis/3aee30eb-3db1-472a-b851-c6aea7a4b82b/current/log_inprogress_4242
2019-06-13 13:50:41,206 INFO  client.GrpcClientProtocolClient (GrpcClientProtocolClient.java:onNext(254)) - client-D47EFDF0E133->5d71e5de-6d45-4480-a1f1-d41cc2d38630: receive RaftClientReply:client-D47EFDF0E133->5d71e5de-6d45-4480-a1f1-d41cc2d38630@group-C6AEA7A4B82B, cid=2534, SUCCESS, logIndex=4242, commits[5d71e5de-6d45-4480-a1f1-d41cc2d38630:c4244]
2019-06-13 13:50:41,206 INFO  client.GrpcClientProtocolClient (GrpcClientProtocolClient.java:onNext(254)) - client-D47EFDF0E133->5d71e5de-6d45-4480-a1f1-d41cc2d38630: receive RaftClientReply:client-D47EFDF0E133->5d71e5de-6d45-4480-a1f1-d41cc2d38630@group-C6AEA7A4B82B, cid=2535, SUCCESS, logIndex=4243, commits[5d71e5de-6d45-4480-a1f1-d41cc2d38630:c4245]
2019-06-13 13:50:41,206 INFO  client.GrpcClientProtocolClient (GrpcClientProtocolClient.java:onNext(254)) - client-D47EFDF0E133->5d71e5de-6d45-4480-a1f1-d41cc2d38630: receive RaftClientReply:client-D47EFDF0E133->5d71e5de-6d45-4480-a1f1-d41cc2d38630@group-C6AEA7A4B82B, cid=2536, SUCCESS, logIndex=4244, commits[5d71e5de-6d45-4480-a1f1-d41cc2d38630:c4245]
2019-06-13 13:50:41,216 INFO  client.GrpcClientProtocolClient (GrpcClientProtocolClient.java:onNext(254)) - client-D47EFDF0E133->5d71e5de-6d45-4480-a1f1-d41cc2d38630: receive RaftClientReply:client-D47EFDF0E133->5d71e5de-6d45-4480-a1f1-d41cc2d38630@group-C6AEA7A4B82B, cid=2537, SUCCESS, logIndex=4246, commits[5d71e5de-6d45-4480-a1f1-d41cc2d38630:c4246]
2019-06-13 13:50:41,218 INFO  client.GrpcClientProtocolClient (GrpcClientProtocolClient.java:onNext(254)) - client-D47EFDF0E133->5d71e5de-6d45-4480-a1f1-d41cc2d38630: receive RaftClientReply:client-D47EFDF0E133->5d71e5de-6d45-4480-a1f1-d41cc2d38630@group-C6AEA7A4B82B, cid=2538, SUCCESS, logIndex=4248, commits[5d71e5de-6d45-4480-a1f1-d41cc2d38630:c4248]
2019-06-13 13:50:41,219 INFO  client.GrpcClientProtocolClient (GrpcClientProtocolClient.java:onNext(254)) - client-D47EFDF0E133->5d71e5de-6d45-4480-a1f1-d41cc2d38630: receive RaftClientReply:client-D47EFDF0E133->5d71e5de-6d45-4480-a1f1-d41cc2d38630@group-C6AEA7A4B82B, cid=2539, SUCCESS, logIndex=4249, commits[5d71e5de-6d45-4480-a1f1-d41cc2d38630:c4251]
2019-06-13 13:50:41,219 INFO  client.GrpcClientProtocolClient (GrpcClientProtocolClient.java:onNext(254)) - client-D47EFDF0E133->5d71e5de-6d45-4480-a1f1-d41cc2d38630: receive RaftClientReply:client-D47EFDF0E133->5d71e5de-6d45-4480-a1f1-d41cc2d38630@group-C6AEA7A4B82B, cid=2540, SUCCESS, logIndex=4250, commits[5d71e5de-6d45-4480-a1f1-d41cc2d38630:c4251]
2019-06-13 13:50:41,224 INFO  client.GrpcClientProtocolClient (GrpcClientProtocolClient.java:onNext(254)) - client-D47EFDF0E133->5d71e5de-6d45-4480-a1f1-d41cc2d38630: receive RaftClientReply:client-D47EFDF0E133->5d71e5de-6d45-4480-a1f1-d41cc2d38630@group-C6AEA7A4B82B, cid=2541, SUCCESS, logIndex=4252, commits[5d71e5de-6d45-4480-a1f1-d41cc2d38630:c4252]
2019-06-13 13:50:41,226 INFO  client.GrpcClientProtocolClient (GrpcClientProtocolClient.java:onNext(254)) - client-D47EFDF0E133->5d71e5de-6d45-4480-a1f1-d41cc2d38630: receive RaftClientReply:client-D47EFDF0E133->5d71e5de-6d45-4480-a1f1-d41cc2d38630@group-C6AEA7A4B82B, cid=2542, SUCCESS, logIndex=4254, commits[5d71e5de-6d45-4480-a1f1-d41cc2d38630:c4254]
2019-06-13 13:50:41,227 INFO  client.GrpcClientProtocolClient (GrpcClientProtocolClient.java:onNext(254)) - client-D47EFDF0E133->5d71e5de-6d45-4480-a1f1-d41cc2d38630: receive RaftClientReply:client-D47EFDF0E133->5d71e5de-6d45-4480-a1f1-d41cc2d38630@group-C6AEA7A4B82B, cid=2543, SUCCESS, logIndex=4255, commits[5d71e5de-6d45-4480-a1f1-d41cc2d38630:c4256]
2019-06-13 13:50:41,227 INFO  client.GrpcClientProtocolClient (GrpcClientProtocolClient.java:onNext(254)) - client-D47EFDF0E133->5d71e5de-6d45-4480-a1f1-d41cc2d38630: receive RaftClientReply:client-D47EFDF0E133->5d71e5de-6d45-4480-a1f1-d41cc2d38630@group-C6AEA7A4B82B, cid=2544, SUCCESS, logIndex=4256, commits[5d71e5de-6d45-4480-a1f1-d41cc2d38630:c4257]
2019-06-13 13:50:41,501 DEBUG block.SCMBlockDeletingService (SCMBlockDeletingService.java:call(138)) - Running DeletedBlockTransactionScanner
2019-06-13 13:50:41,502 DEBUG block.SCMBlockDeletingService (SCMBlockDeletingService.java:call(155)) - Scanned deleted blocks log and got 0 delTX to process.
2019-06-13 13:50:41,521 INFO  client.GrpcClientProtocolClient (GrpcClientProtocolClient.java:onNext(254)) - client-D47EFDF0E133->5d71e5de-6d45-4480-a1f1-d41cc2d38630: receive RaftClientReply:client-D47EFDF0E133->5d71e5de-6d45-4480-a1f1-d41cc2d38630@group-C6AEA7A4B82B, cid=2545, SUCCESS, logIndex=4259, commits[5d71e5de-6d45-4480-a1f1-d41cc2d38630:c4259]
2019-06-13 13:50:41,522 INFO  client.GrpcClientProtocolClient (GrpcClientProtocolClient.java:onNext(254)) - client-D47EFDF0E133->5d71e5de-6d45-4480-a1f1-d41cc2d38630: receive RaftClientReply:client-D47EFDF0E133->5d71e5de-6d45-4480-a1f1-d41cc2d38630@group-C6AEA7A4B82B, cid=2546, SUCCESS, logIndex=4261, commits[5d71e5de-6d45-4480-a1f1-d41cc2d38630:c4261]
2019-06-13 13:50:41,524 INFO  client.GrpcClientProtocolClient (GrpcClientProtocolClient.java:onNext(254)) - client-D47EFDF0E133->5d71e5de-6d45-4480-a1f1-d41cc2d38630: receive RaftClientReply:client-D47EFDF0E133->5d71e5de-6d45-4480-a1f1-d41cc2d38630@group-C6AEA7A4B82B, cid=2547, SUCCESS, logIndex=4262, commits[5d71e5de-6d45-4480-a1f1-d41cc2d38630:c4264]
2019-06-13 13:50:41,524 INFO  client.GrpcClientProtocolClient (GrpcClientProtocolClient.java:onNext(254)) - client-D47EFDF0E133->5d71e5de-6d45-4480-a1f1-d41cc2d38630: receive RaftClientReply:client-D47EFDF0E133->5d71e5de-6d45-4480-a1f1-d41cc2d38630@group-C6AEA7A4B82B, cid=2548, SUCCESS, logIndex=4263, commits[5d71e5de-6d45-4480-a1f1-d41cc2d38630:c4264]
2019-06-13 13:50:41,529 INFO  client.GrpcClientProtocolClient (GrpcClientProtocolClient.java:onNext(254)) - client-D47EFDF0E133->5d71e5de-6d45-4480-a1f1-d41cc2d38630: receive RaftClientReply:client-D47EFDF0E133->5d71e5de-6d45-4480-a1f1-d41cc2d38630@group-C6AEA7A4B82B, cid=2549, SUCCESS, logIndex=4265, commits[5d71e5de-6d45-4480-a1f1-d41cc2d38630:c4265]
2019-06-13 13:50:41,530 INFO  client.GrpcClientProtocolClient (GrpcClientProtocolClient.java:onNext(254)) - client-D47EFDF0E133->5d71e5de-6d45-4480-a1f1-d41cc2d38630: receive RaftClientReply:client-D47EFDF0E133->5d71e5de-6d45-4480-a1f1-d41cc2d38630@group-C6AEA7A4B82B, cid=2550, SUCCESS, logIndex=4267, commits[5d71e5de-6d45-4480-a1f1-d41cc2d38630:c4267]
2019-06-13 13:50:41,532 INFO  client.GrpcClientProtocolClient (GrpcClientProtocolClient.java:onNext(254)) - client-D47EFDF0E133->5d71e5de-6d45-4480-a1f1-d41cc2d38630: receive RaftClientReply:client-D47EFDF0E133->5d71e5de-6d45-4480-a1f1-d41cc2d38630@group-C6AEA7A4B82B, cid=2551, SUCCESS, logIndex=4268, commits[5d71e5de-6d45-4480-a1f1-d41cc2d38630:c4270]
2019-06-13 13:50:41,532 INFO  client.GrpcClientProtocolClient (GrpcClientProtocolClient.java:onNext(254)) - client-D47EFDF0E133->5d71e5de-6d45-4480-a1f1-d41cc2d38630: receive RaftClientReply:client-D47EFDF0E133->5d71e5de-6d45-4480-a1f1-d41cc2d38630@group-C6AEA7A4B82B, cid=2552, SUCCESS, logIndex=4269, commits[5d71e5de-6d45-4480-a1f1-d41cc2d38630:c4270]
2019-06-13 13:50:41,543 INFO  client.GrpcClientProtocolClient (GrpcClientProtocolClient.java:onNext(254)) - client-D47EFDF0E133->5d71e5de-6d45-4480-a1f1-d41cc2d38630: receive RaftClientReply:client-D47EFDF0E133->5d71e5de-6d45-4480-a1f1-d41cc2d38630@group-C6AEA7A4B82B, cid=2553, SUCCESS, logIndex=4271, commits[5d71e5de-6d45-4480-a1f1-d41cc2d38630:c4271]
2019-06-13 13:50:41,546 INFO  client.GrpcClientProtocolClient (GrpcClientProtocolClient.java:onNext(254)) - client-D47EFDF0E133->5d71e5de-6d45-4480-a1f1-d41cc2d38630: receive RaftClientReply:client-D47EFDF0E133->5d71e5de-6d45-4480-a1f1-d41cc2d38630@group-C6AEA7A4B82B, cid=2554, SUCCESS, logIndex=4273, commits[5d71e5de-6d45-4480-a1f1-d41cc2d38630:c4273]
2019-06-13 13:50:41,546 INFO  client.GrpcClientProtocolClient (GrpcClientProtocolClient.java:onNext(254)) - client-D47EFDF0E133->5d71e5de-6d45-4480-a1f1-d41cc2d38630: receive RaftClientReply:client-D47EFDF0E133->5d71e5de-6d45-4480-a1f1-d41cc2d38630@group-C6AEA7A4B82B, cid=2555, SUCCESS, logIndex=4274, commits[5d71e5de-6d45-4480-a1f1-d41cc2d38630:c4276]
2019-06-13 13:50:41,547 INFO  client.GrpcClientProtocolClient (GrpcClientProtocolClient.java:onNext(254)) - client-D47EFDF0E133->5d71e5de-6d45-4480-a1f1-d41cc2d38630: receive RaftClientReply:client-D47EFDF0E133->5d71e5de-6d45-4480-a1f1-d41cc2d38630@group-C6AEA7A4B82B, cid=2556, SUCCESS, logIndex=4276, commits[5d71e5de-6d45-4480-a1f1-d41cc2d38630:c4277]
2019-06-13 13:50:41,552 INFO  client.GrpcClientProtocolClient (GrpcClientProtocolClient.java:onNext(254)) - client-D47EFDF0E133->5d71e5de-6d45-4480-a1f1-d41cc2d38630: receive RaftClientReply:client-D47EFDF0E133->5d71e5de-6d45-4480-a1f1-d41cc2d38630@group-C6AEA7A4B82B, cid=2557, SUCCESS, logIndex=4278, commits[5d71e5de-6d45-4480-a1f1-d41cc2d38630:c4278]
2019-06-13 13:50:41,554 INFO  client.GrpcClientProtocolClient (GrpcClientProtocolClient.java:onNext(254)) - client-D47EFDF0E133->5d71e5de-6d45-4480-a1f1-d41cc2d38630: receive RaftClientReply:client-D47EFDF0E133->5d71e5de-6d45-4480-a1f1-d41cc2d38630@group-C6AEA7A4B82B, cid=2558, SUCCESS, logIndex=4280, commits[5d71e5de-6d45-4480-a1f1-d41cc2d38630:c4280]
2019-06-13 13:50:41,555 INFO  client.GrpcClientProtocolClient (GrpcClientProtocolClient.java:onNext(254)) - client-D47EFDF0E133->5d71e5de-6d45-4480-a1f1-d41cc2d38630: receive RaftClientReply:client-D47EFDF0E133->5d71e5de-6d45-4480-a1f1-d41cc2d38630@group-C6AEA7A4B82B, cid=2559, SUCCESS, logIndex=4281, commits[5d71e5de-6d45-4480-a1f1-d41cc2d38630:c4283]
2019-06-13 13:50:41,555 INFO  client.GrpcClientProtocolClient (GrpcClientProtocolClient.java:onNext(254)) - client-D47EFDF0E133->5d71e5de-6d45-4480-a1f1-d41cc2d38630: receive RaftClientReply:client-D47EFDF0E133->5d71e5de-6d45-4480-a1f1-d41cc2d38630@group-C6AEA7A4B82B, cid=2560, SUCCESS, logIndex=4282, commits[5d71e5de-6d45-4480-a1f1-d41cc2d38630:c4283]
2019-06-13 13:50:41,568 INFO  client.GrpcClientProtocolClient (GrpcClientProtocolClient.java:onNext(254)) - client-D47EFDF0E133->5d71e5de-6d45-4480-a1f1-d41cc2d38630: receive RaftClientReply:client-D47EFDF0E133->5d71e5de-6d45-4480-a1f1-d41cc2d38630@group-C6AEA7A4B82B, cid=2561, SUCCESS, logIndex=4284, commits[5d71e5de-6d45-4480-a1f1-d41cc2d38630:c4284]
2019-06-13 13:50:41,569 INFO  client.GrpcClientProtocolClient (GrpcClientProtocolClient.java:onNext(254)) - client-D47EFDF0E133->5d71e5de-6d45-4480-a1f1-d41cc2d38630: receive RaftClientReply:client-D47EFDF0E133->5d71e5de-6d45-4480-a1f1-d41cc2d38630@group-C6AEA7A4B82B, cid=2562, SUCCESS, logIndex=4286, commits[5d71e5de-6d45-4480-a1f1-d41cc2d38630:c4286]
2019-06-13 13:50:41,602 DEBUG block.SCMBlockDeletingService (SCMBlockDeletingService.java:call(138)) - Running DeletedBlockTransactionScanner
2019-06-13 13:50:41,602 DEBUG block.SCMBlockDeletingService (SCMBlockDeletingService.java:call(155)) - Scanned deleted blocks log and got 0 delTX to process.
2019-06-13 13:50:41,636 INFO  client.GrpcClientProtocolClient (GrpcClientProtocolClient.java:onNext(254)) - client-D47EFDF0E133->5d71e5de-6d45-4480-a1f1-d41cc2d38630: receive RaftClientReply:client-D47EFDF0E133->5d71e5de-6d45-4480-a1f1-d41cc2d38630@group-C6AEA7A4B82B, cid=2563, SUCCESS, logIndex=4288, commits[5d71e5de-6d45-4480-a1f1-d41cc2d38630:c4288]
2019-06-13 13:50:41,637 INFO  client.GrpcClientProtocolClient (GrpcClientProtocolClient.java:onNext(254)) - client-D47EFDF0E133->5d71e5de-6d45-4480-a1f1-d41cc2d38630: receive RaftClientReply:client-D47EFDF0E133->5d71e5de-6d45-4480-a1f1-d41cc2d38630@group-C6AEA7A4B82B, cid=2564, SUCCESS, logIndex=4290, commits[5d71e5de-6d45-4480-a1f1-d41cc2d38630:c4290]
2019-06-13 13:50:41,643 INFO  client.GrpcClientProtocolClient (GrpcClientProtocolClient.java:onNext(254)) - client-D47EFDF0E133->5d71e5de-6d45-4480-a1f1-d41cc2d38630: receive RaftClientReply:client-D47EFDF0E133->5d71e5de-6d45-4480-a1f1-d41cc2d38630@group-C6AEA7A4B82B, cid=2565, SUCCESS, logIndex=4292, commits[5d71e5de-6d45-4480-a1f1-d41cc2d38630:c4292]
2019-06-13 13:50:41,644 INFO  client.GrpcClientProtocolClient (GrpcClientProtocolClient.java:onNext(254)) - client-D47EFDF0E133->5d71e5de-6d45-4480-a1f1-d41cc2d38630: receive RaftClientReply:client-D47EFDF0E133->5d71e5de-6d45-4480-a1f1-d41cc2d38630@group-C6AEA7A4B82B, cid=2566, SUCCESS, logIndex=4294, commits[5d71e5de-6d45-4480-a1f1-d41cc2d38630:c4294]
2019-06-13 13:50:41,645 INFO  client.GrpcClientProtocolClient (GrpcClientProtocolClient.java:onNext(254)) - client-D47EFDF0E133->5d71e5de-6d45-4480-a1f1-d41cc2d38630: receive RaftClientReply:client-D47EFDF0E133->5d71e5de-6d45-4480-a1f1-d41cc2d38630@group-C6AEA7A4B82B, cid=2567, SUCCESS, logIndex=4295, commits[5d71e5de-6d45-4480-a1f1-d41cc2d38630:c4297]
2019-06-13 13:50:41,646 INFO  client.GrpcClientProtocolClient (GrpcClientProtocolClient.java:onNext(254)) - client-D47EFDF0E133->5d71e5de-6d45-4480-a1f1-d41cc2d38630: receive RaftClientReply:client-D47EFDF0E133->5d71e5de-6d45-4480-a1f1-d41cc2d38630@group-C6AEA7A4B82B, cid=2568, SUCCESS, logIndex=4296, commits[5d71e5de-6d45-4480-a1f1-d41cc2d38630:c4297]
2019-06-13 13:50:41,659 INFO  client.GrpcClientProtocolClient (GrpcClientProtocolClient.java:onNext(254)) - client-D47EFDF0E133->5d71e5de-6d45-4480-a1f1-d41cc2d38630: receive RaftClientReply:client-D47EFDF0E133->5d71e5de-6d45-4480-a1f1-d41cc2d38630@group-C6AEA7A4B82B, cid=2569, SUCCESS, logIndex=4298, commits[5d71e5de-6d45-4480-a1f1-d41cc2d38630:c4298]
2019-06-13 13:50:41,662 INFO  client.GrpcClientProtocolClient (GrpcClientProtocolClient.java:onNext(254)) - client-D47EFDF0E133->5d71e5de-6d45-4480-a1f1-d41cc2d38630: receive RaftClientReply:client-D47EFDF0E133->5d71e5de-6d45-4480-a1f1-d41cc2d38630@group-C6AEA7A4B82B, cid=2570, SUCCESS, logIndex=4300, commits[5d71e5de-6d45-4480-a1f1-d41cc2d38630:c4300]
2019-06-13 13:50:41,662 INFO  client.GrpcClientProtocolClient (GrpcClientProtocolClient.java:onNext(254)) - client-D47EFDF0E133->5d71e5de-6d45-4480-a1f1-d41cc2d38630: receive RaftClientReply:client-D47EFDF0E133->5d71e5de-6d45-4480-a1f1-d41cc2d38630@group-C6AEA7A4B82B, cid=2571, SUCCESS, logIndex=4301, commits[5d71e5de-6d45-4480-a1f1-d41cc2d38630:c4303]
2019-06-13 13:50:41,666 INFO  client.GrpcClientProtocolClient (GrpcClientProtocolClient.java:onNext(254)) - client-D47EFDF0E133->5d71e5de-6d45-4480-a1f1-d41cc2d38630: receive RaftClientReply:client-D47EFDF0E133->5d71e5de-6d45-4480-a1f1-d41cc2d38630@group-C6AEA7A4B82B, cid=2572, SUCCESS, logIndex=4302, commits[5d71e5de-6d45-4480-a1f1-d41cc2d38630:c4303]
2019-06-13 13:50:41,671 INFO  client.GrpcClientProtocolClient (GrpcClientProtocolClient.java:onNext(254)) - client-D47EFDF0E133->5d71e5de-6d45-4480-a1f1-d41cc2d38630: receive RaftClientReply:client-D47EFDF0E133->5d71e5de-6d45-4480-a1f1-d41cc2d38630@group-C6AEA7A4B82B, cid=2573, SUCCESS, logIndex=4304, commits[5d71e5de-6d45-4480-a1f1-d41cc2d38630:c4304]
2019-06-13 13:50:41,673 INFO  client.GrpcClientProtocolClient (GrpcClientProtocolClient.java:onNext(254)) - client-D47EFDF0E133->5d71e5de-6d45-4480-a1f1-d41cc2d38630: receive RaftClientReply:client-D47EFDF0E133->5d71e5de-6d45-4480-a1f1-d41cc2d38630@group-C6AEA7A4B82B, cid=2574, SUCCESS, logIndex=4306, commits[5d71e5de-6d45-4480-a1f1-d41cc2d38630:c4306]
2019-06-13 13:50:41,674 INFO  client.GrpcClientProtocolClient (GrpcClientProtocolClient.java:onNext(254)) - client-D47EFDF0E133->5d71e5de-6d45-4480-a1f1-d41cc2d38630: receive RaftClientReply:client-D47EFDF0E133->5d71e5de-6d45-4480-a1f1-d41cc2d38630@group-C6AEA7A4B82B, cid=2575, SUCCESS, logIndex=4307, commits[5d71e5de-6d45-4480-a1f1-d41cc2d38630:c4309]
2019-06-13 13:50:41,674 INFO  client.GrpcClientProtocolClient (GrpcClientProtocolClient.java:onNext(254)) - client-D47EFDF0E133->5d71e5de-6d45-4480-a1f1-d41cc2d38630: receive RaftClientReply:client-D47EFDF0E133->5d71e5de-6d45-4480-a1f1-d41cc2d38630@group-C6AEA7A4B82B, cid=2576, SUCCESS, logIndex=4308, commits[5d71e5de-6d45-4480-a1f1-d41cc2d38630:c4309]
2019-06-13 13:50:41,682 INFO  storage.RaftLogWorker (RaftLogWorker.java:rollLogSegment(303)) - 5d71e5de-6d45-4480-a1f1-d41cc2d38630-RaftLogWorker: Rolling segment log-4242_4309 to index:4309
2019-06-13 13:50:41,683 INFO  storage.RaftLogWorker (RaftLogWorker.java:execute(433)) - 5d71e5de-6d45-4480-a1f1-d41cc2d38630-RaftLogWorker: Rolled log segment from /opt/src/hadoop-ozone/integration-test/target/test-dir/MiniOzoneClusterImpl-c05bfa39-b333-4767-bc96-5a78f3430938/datanode-0/data/ratis/3aee30eb-3db1-472a-b851-c6aea7a4b82b/current/log_inprogress_4242 to /opt/src/hadoop-ozone/integration-test/target/test-dir/MiniOzoneClusterImpl-c05bfa39-b333-4767-bc96-5a78f3430938/datanode-0/data/ratis/3aee30eb-3db1-472a-b851-c6aea7a4b82b/current/log_4242-4309
2019-06-13 13:50:41,702 DEBUG block.SCMBlockDeletingService (SCMBlockDeletingService.java:call(138)) - Running DeletedBlockTransactionScanner
2019-06-13 13:50:41,703 DEBUG block.SCMBlockDeletingService (SCMBlockDeletingService.java:call(155)) - Scanned deleted blocks log and got 0 delTX to process.
2019-06-13 13:50:41,719 INFO  storage.RaftLogWorker (RaftLogWorker.java:execute(469)) - 5d71e5de-6d45-4480-a1f1-d41cc2d38630-RaftLogWorker: created new log segment /opt/src/hadoop-ozone/integration-test/target/test-dir/MiniOzoneClusterImpl-c05bfa39-b333-4767-bc96-5a78f3430938/datanode-0/data/ratis/3aee30eb-3db1-472a-b851-c6aea7a4b82b/current/log_inprogress_4310
2019-06-13 13:50:41,721 INFO  client.GrpcClientProtocolClient (GrpcClientProtocolClient.java:onNext(254)) - client-D47EFDF0E133->5d71e5de-6d45-4480-a1f1-d41cc2d38630: receive RaftClientReply:client-D47EFDF0E133->5d71e5de-6d45-4480-a1f1-d41cc2d38630@group-C6AEA7A4B82B, cid=2577, SUCCESS, logIndex=4310, commits[5d71e5de-6d45-4480-a1f1-d41cc2d38630:c4310]
2019-06-13 13:50:41,723 INFO  client.GrpcClientProtocolClient (GrpcClientProtocolClient.java:onNext(254)) - client-D47EFDF0E133->5d71e5de-6d45-4480-a1f1-d41cc2d38630: receive RaftClientReply:client-D47EFDF0E133->5d71e5de-6d45-4480-a1f1-d41cc2d38630@group-C6AEA7A4B82B, cid=2578, SUCCESS, logIndex=4312, commits[5d71e5de-6d45-4480-a1f1-d41cc2d38630:c4312]
2019-06-13 13:50:41,724 INFO  client.GrpcClientProtocolClient (GrpcClientProtocolClient.java:onNext(254)) - client-D47EFDF0E133->5d71e5de-6d45-4480-a1f1-d41cc2d38630: receive RaftClientReply:client-D47EFDF0E133->5d71e5de-6d45-4480-a1f1-d41cc2d38630@group-C6AEA7A4B82B, cid=2579, SUCCESS, logIndex=4313, commits[5d71e5de-6d45-4480-a1f1-d41cc2d38630:c4315]
2019-06-13 13:50:41,724 INFO  client.GrpcClientProtocolClient (GrpcClientProtocolClient.java:onNext(254)) - client-D47EFDF0E133->5d71e5de-6d45-4480-a1f1-d41cc2d38630: receive RaftClientReply:client-D47EFDF0E133->5d71e5de-6d45-4480-a1f1-d41cc2d38630@group-C6AEA7A4B82B, cid=2580, SUCCESS, logIndex=4315, commits[5d71e5de-6d45-4480-a1f1-d41cc2d38630:c4315]
2019-06-13 13:50:41,729 INFO  client.GrpcClientProtocolClient (GrpcClientProtocolClient.java:onNext(254)) - client-D47EFDF0E133->5d71e5de-6d45-4480-a1f1-d41cc2d38630: receive RaftClientReply:client-D47EFDF0E133->5d71e5de-6d45-4480-a1f1-d41cc2d38630@group-C6AEA7A4B82B, cid=2581, SUCCESS, logIndex=4317, commits[5d71e5de-6d45-4480-a1f1-d41cc2d38630:c4317]
2019-06-13 13:50:41,730 INFO  client.GrpcClientProtocolClient (GrpcClientProtocolClient.java:onNext(254)) - client-D47EFDF0E133->5d71e5de-6d45-4480-a1f1-d41cc2d38630: receive RaftClientReply:client-D47EFDF0E133->5d71e5de-6d45-4480-a1f1-d41cc2d38630@group-C6AEA7A4B82B, cid=2582, SUCCESS, logIndex=4319, commits[5d71e5de-6d45-4480-a1f1-d41cc2d38630:c4319]
2019-06-13 13:50:41,732 INFO  client.GrpcClientProtocolClient (GrpcClientProtocolClient.java:onNext(254)) - client-D47EFDF0E133->5d71e5de-6d45-4480-a1f1-d41cc2d38630: receive RaftClientReply:client-D47EFDF0E133->5d71e5de-6d45-4480-a1f1-d41cc2d38630@group-C6AEA7A4B82B, cid=2583, SUCCESS, logIndex=4320, commits[5d71e5de-6d45-4480-a1f1-d41cc2d38630:c4322]
2019-06-13 13:50:41,732 INFO  client.GrpcClientProtocolClient (GrpcClientProtocolClient.java:onNext(254)) - client-D47EFDF0E133->5d71e5de-6d45-4480-a1f1-d41cc2d38630: receive RaftClientReply:client-D47EFDF0E133->5d71e5de-6d45-4480-a1f1-d41cc2d38630@group-C6AEA7A4B82B, cid=2584, SUCCESS, logIndex=4321, commits[5d71e5de-6d45-4480-a1f1-d41cc2d38630:c4322]
2019-06-13 13:50:41,743 INFO  client.GrpcClientProtocolClient (GrpcClientProtocolClient.java:onNext(254)) - client-D47EFDF0E133->5d71e5de-6d45-4480-a1f1-d41cc2d38630: receive RaftClientReply:client-D47EFDF0E133->5d71e5de-6d45-4480-a1f1-d41cc2d38630@group-C6AEA7A4B82B, cid=2585, SUCCESS, logIndex=4323, commits[5d71e5de-6d45-4480-a1f1-d41cc2d38630:c4323]
2019-06-13 13:50:41,744 INFO  client.GrpcClientProtocolClient (GrpcClientProtocolClient.java:onNext(254)) - client-D47EFDF0E133->5d71e5de-6d45-4480-a1f1-d41cc2d38630: receive RaftClientReply:client-D47EFDF0E133->5d71e5de-6d45-4480-a1f1-d41cc2d38630@group-C6AEA7A4B82B, cid=2586, SUCCESS, logIndex=4325, commits[5d71e5de-6d45-4480-a1f1-d41cc2d38630:c4325]
2019-06-13 13:50:41,745 INFO  client.GrpcClientProtocolClient (GrpcClientProtocolClient.java:onNext(254)) - client-D47EFDF0E133->5d71e5de-6d45-4480-a1f1-d41cc2d38630: receive RaftClientReply:client-D47EFDF0E133->5d71e5de-6d45-4480-a1f1-d41cc2d38630@group-C6AEA7A4B82B, cid=2587, SUCCESS, logIndex=4326, commits[5d71e5de-6d45-4480-a1f1-d41cc2d38630:c4327]
2019-06-13 13:50:41,746 INFO  client.GrpcClientProtocolClient (GrpcClientProtocolClient.java:onNext(254)) - client-D47EFDF0E133->5d71e5de-6d45-4480-a1f1-d41cc2d38630: receive RaftClientReply:client-D47EFDF0E133->5d71e5de-6d45-4480-a1f1-d41cc2d38630@group-C6AEA7A4B82B, cid=2588, SUCCESS, logIndex=4328, commits[5d71e5de-6d45-4480-a1f1-d41cc2d38630:c4328]
2019-06-13 13:50:41,751 INFO  client.GrpcClientProtocolClient (GrpcClientProtocolClient.java:onNext(254)) - client-D47EFDF0E133->5d71e5de-6d45-4480-a1f1-d41cc2d38630: receive RaftClientReply:client-D47EFDF0E133->5d71e5de-6d45-4480-a1f1-d41cc2d38630@group-C6AEA7A4B82B, cid=2589, SUCCESS, logIndex=4330, commits[5d71e5de-6d45-4480-a1f1-d41cc2d38630:c4330]
2019-06-13 13:50:41,753 INFO  client.GrpcClientProtocolClient (GrpcClientProtocolClient.java:onNext(254)) - client-D47EFDF0E133->5d71e5de-6d45-4480-a1f1-d41cc2d38630: receive RaftClientReply:client-D47EFDF0E133->5d71e5de-6d45-4480-a1f1-d41cc2d38630@group-C6AEA7A4B82B, cid=2590, SUCCESS, logIndex=4332, commits[5d71e5de-6d45-4480-a1f1-d41cc2d38630:c4332]
2019-06-13 13:50:41,753 INFO  client.GrpcClientProtocolClient (GrpcClientProtocolClient.java:onNext(254)) - client-D47EFDF0E133->5d71e5de-6d45-4480-a1f1-d41cc2d38630: receive RaftClientReply:client-D47EFDF0E133->5d71e5de-6d45-4480-a1f1-d41cc2d38630@group-C6AEA7A4B82B, cid=2591, SUCCESS, logIndex=4333, commits[5d71e5de-6d45-4480-a1f1-d41cc2d38630:c4333]
2019-06-13 13:50:41,754 INFO  client.GrpcClientProtocolClient (GrpcClientProtocolClient.java:onNext(254)) - client-D47EFDF0E133->5d71e5de-6d45-4480-a1f1-d41cc2d38630: receive RaftClientReply:client-D47EFDF0E133->5d71e5de-6d45-4480-a1f1-d41cc2d38630@group-C6AEA7A4B82B, cid=2592, SUCCESS, logIndex=4335, commits[5d71e5de-6d45-4480-a1f1-d41cc2d38630:c4335]
2019-06-13 13:50:41,764 INFO  client.GrpcClientProtocolClient (GrpcClientProtocolClient.java:onNext(254)) - client-D47EFDF0E133->5d71e5de-6d45-4480-a1f1-d41cc2d38630: receive RaftClientReply:client-D47EFDF0E133->5d71e5de-6d45-4480-a1f1-d41cc2d38630@group-C6AEA7A4B82B, cid=2593, SUCCESS, logIndex=4338, commits[5d71e5de-6d45-4480-a1f1-d41cc2d38630:c4338]
2019-06-13 13:50:41,766 INFO  client.GrpcClientProtocolClient (GrpcClientProtocolClient.java:onNext(254)) - client-D47EFDF0E133->5d71e5de-6d45-4480-a1f1-d41cc2d38630: receive RaftClientReply:client-D47EFDF0E133->5d71e5de-6d45-4480-a1f1-d41cc2d38630@group-C6AEA7A4B82B, cid=2594, SUCCESS, logIndex=4340, commits[5d71e5de-6d45-4480-a1f1-d41cc2d38630:c4340]
2019-06-13 13:50:41,767 INFO  client.GrpcClientProtocolClient (GrpcClientProtocolClient.java:onNext(254)) - client-D47EFDF0E133->5d71e5de-6d45-4480-a1f1-d41cc2d38630: receive RaftClientReply:client-D47EFDF0E133->5d71e5de-6d45-4480-a1f1-d41cc2d38630@group-C6AEA7A4B82B, cid=2595, SUCCESS, logIndex=4341, commits[5d71e5de-6d45-4480-a1f1-d41cc2d38630:c4342]
2019-06-13 13:50:41,767 INFO  client.GrpcClientProtocolClient (GrpcClientProtocolClient.java:onNext(254)) - client-D47EFDF0E133->5d71e5de-6d45-4480-a1f1-d41cc2d38630: receive RaftClientReply:client-D47EFDF0E133->5d71e5de-6d45-4480-a1f1-d41cc2d38630@group-C6AEA7A4B82B, cid=2596, SUCCESS, logIndex=4342, commits[5d71e5de-6d45-4480-a1f1-d41cc2d38630:c4343]
2019-06-13 13:50:41,772 INFO  client.GrpcClientProtocolClient (GrpcClientProtocolClient.java:onNext(254)) - client-D47EFDF0E133->5d71e5de-6d45-4480-a1f1-d41cc2d38630: receive RaftClientReply:client-D47EFDF0E133->5d71e5de-6d45-4480-a1f1-d41cc2d38630@group-C6AEA7A4B82B, cid=2597, SUCCESS, logIndex=4345, commits[5d71e5de-6d45-4480-a1f1-d41cc2d38630:c4345]
2019-06-13 13:50:41,774 INFO  client.GrpcClientProtocolClient (GrpcClientProtocolClient.java:onNext(254)) - client-D47EFDF0E133->5d71e5de-6d45-4480-a1f1-d41cc2d38630: receive RaftClientReply:client-D47EFDF0E133->5d71e5de-6d45-4480-a1f1-d41cc2d38630@group-C6AEA7A4B82B, cid=2598, SUCCESS, logIndex=4347, commits[5d71e5de-6d45-4480-a1f1-d41cc2d38630:c4347]
2019-06-13 13:50:41,775 INFO  client.GrpcClientProtocolClient (GrpcClientProtocolClient.java:onNext(254)) - client-D47EFDF0E133->5d71e5de-6d45-4480-a1f1-d41cc2d38630: receive RaftClientReply:client-D47EFDF0E133->5d71e5de-6d45-4480-a1f1-d41cc2d38630@group-C6AEA7A4B82B, cid=2599, SUCCESS, logIndex=4348, commits[5d71e5de-6d45-4480-a1f1-d41cc2d38630:c4350]
2019-06-13 13:50:41,775 INFO  client.GrpcClientProtocolClient (GrpcClientProtocolClient.java:onNext(254)) - client-D47EFDF0E133->5d71e5de-6d45-4480-a1f1-d41cc2d38630: receive RaftClientReply:client-D47EFDF0E133->5d71e5de-6d45-4480-a1f1-d41cc2d38630@group-C6AEA7A4B82B, cid=2600, SUCCESS, logIndex=4349, commits[5d71e5de-6d45-4480-a1f1-d41cc2d38630:c4350]
2019-06-13 13:50:41,783 INFO  client.GrpcClientProtocolClient (GrpcClientProtocolClient.java:onNext(254)) - client-D47EFDF0E133->5d71e5de-6d45-4480-a1f1-d41cc2d38630: receive RaftClientReply:client-D47EFDF0E133->5d71e5de-6d45-4480-a1f1-d41cc2d38630@group-C6AEA7A4B82B, cid=2601, SUCCESS, logIndex=4351, commits[5d71e5de-6d45-4480-a1f1-d41cc2d38630:c4351]
2019-06-13 13:50:41,785 INFO  client.GrpcClientProtocolClient (GrpcClientProtocolClient.java:onNext(254)) - client-D47EFDF0E133->5d71e5de-6d45-4480-a1f1-d41cc2d38630: receive RaftClientReply:client-D47EFDF0E133->5d71e5de-6d45-4480-a1f1-d41cc2d38630@group-C6AEA7A4B82B, cid=2602, SUCCESS, logIndex=4353, commits[5d71e5de-6d45-4480-a1f1-d41cc2d38630:c4353]
2019-06-13 13:50:41,786 INFO  client.GrpcClientProtocolClient (GrpcClientProtocolClient.java:onNext(254)) - client-D47EFDF0E133->5d71e5de-6d45-4480-a1f1-d41cc2d38630: receive RaftClientReply:client-D47EFDF0E133->5d71e5de-6d45-4480-a1f1-d41cc2d38630@group-C6AEA7A4B82B, cid=2603, SUCCESS, logIndex=4354, commits[5d71e5de-6d45-4480-a1f1-d41cc2d38630:c4355]
2019-06-13 13:50:41,786 INFO  client.GrpcClientProtocolClient (GrpcClientProtocolClient.java:onNext(254)) - client-D47EFDF0E133->5d71e5de-6d45-4480-a1f1-d41cc2d38630: receive RaftClientReply:client-D47EFDF0E133->5d71e5de-6d45-4480-a1f1-d41cc2d38630@group-C6AEA7A4B82B, cid=2604, SUCCESS, logIndex=4355, commits[5d71e5de-6d45-4480-a1f1-d41cc2d38630:c4355]
2019-06-13 13:50:41,791 INFO  client.GrpcClientProtocolClient (GrpcClientProtocolClient.java:onNext(254)) - client-D47EFDF0E133->5d71e5de-6d45-4480-a1f1-d41cc2d38630: receive RaftClientReply:client-D47EFDF0E133->5d71e5de-6d45-4480-a1f1-d41cc2d38630@group-C6AEA7A4B82B, cid=2605, SUCCESS, logIndex=4358, commits[5d71e5de-6d45-4480-a1f1-d41cc2d38630:c4358]
2019-06-13 13:50:41,792 INFO  client.GrpcClientProtocolClient (GrpcClientProtocolClient.java:onNext(254)) - client-D47EFDF0E133->5d71e5de-6d45-4480-a1f1-d41cc2d38630: receive RaftClientReply:client-D47EFDF0E133->5d71e5de-6d45-4480-a1f1-d41cc2d38630@group-C6AEA7A4B82B, cid=2606, SUCCESS, logIndex=4360, commits[5d71e5de-6d45-4480-a1f1-d41cc2d38630:c4360]
2019-06-13 13:50:41,793 INFO  client.GrpcClientProtocolClient (GrpcClientProtocolClient.java:onNext(254)) - client-D47EFDF0E133->5d71e5de-6d45-4480-a1f1-d41cc2d38630: receive RaftClientReply:client-D47EFDF0E133->5d71e5de-6d45-4480-a1f1-d41cc2d38630@group-C6AEA7A4B82B, cid=2607, SUCCESS, logIndex=4361, commits[5d71e5de-6d45-4480-a1f1-d41cc2d38630:c4363]
2019-06-13 13:50:41,793 INFO  client.GrpcClientProtocolClient (GrpcClientProtocolClient.java:onNext(254)) - client-D47EFDF0E133->5d71e5de-6d45-4480-a1f1-d41cc2d38630: receive RaftClientReply:client-D47EFDF0E133->5d71e5de-6d45-4480-a1f1-d41cc2d38630@group-C6AEA7A4B82B, cid=2608, SUCCESS, logIndex=4362, commits[5d71e5de-6d45-4480-a1f1-d41cc2d38630:c4363]
2019-06-13 13:50:41,803 DEBUG block.SCMBlockDeletingService (SCMBlockDeletingService.java:call(138)) - Running DeletedBlockTransactionScanner
2019-06-13 13:50:41,803 DEBUG block.SCMBlockDeletingService (SCMBlockDeletingService.java:call(155)) - Scanned deleted blocks log and got 0 delTX to process.
2019-06-13 13:50:41,870 INFO  client.GrpcClientProtocolClient (GrpcClientProtocolClient.java:onNext(254)) - client-D47EFDF0E133->5d71e5de-6d45-4480-a1f1-d41cc2d38630: receive RaftClientReply:client-D47EFDF0E133->5d71e5de-6d45-4480-a1f1-d41cc2d38630@group-C6AEA7A4B82B, cid=2609, SUCCESS, logIndex=4364, commits[5d71e5de-6d45-4480-a1f1-d41cc2d38630:c4364]
2019-06-13 13:50:41,871 INFO  client.GrpcClientProtocolClient (GrpcClientProtocolClient.java:onNext(254)) - client-D47EFDF0E133->5d71e5de-6d45-4480-a1f1-d41cc2d38630: receive RaftClientReply:client-D47EFDF0E133->5d71e5de-6d45-4480-a1f1-d41cc2d38630@group-C6AEA7A4B82B, cid=2610, SUCCESS, logIndex=4366, commits[5d71e5de-6d45-4480-a1f1-d41cc2d38630:c4366]
2019-06-13 13:50:41,872 INFO  client.GrpcClientProtocolClient (GrpcClientProtocolClient.java:onNext(254)) - client-D47EFDF0E133->5d71e5de-6d45-4480-a1f1-d41cc2d38630: receive RaftClientReply:client-D47EFDF0E133->5d71e5de-6d45-4480-a1f1-d41cc2d38630@group-C6AEA7A4B82B, cid=2611, SUCCESS, logIndex=4367, commits[5d71e5de-6d45-4480-a1f1-d41cc2d38630:c4369]
2019-06-13 13:50:41,873 INFO  client.GrpcClientProtocolClient (GrpcClientProtocolClient.java:onNext(254)) - client-D47EFDF0E133->5d71e5de-6d45-4480-a1f1-d41cc2d38630: receive RaftClientReply:client-D47EFDF0E133->5d71e5de-6d45-4480-a1f1-d41cc2d38630@group-C6AEA7A4B82B, cid=2612, SUCCESS, logIndex=4368, commits[5d71e5de-6d45-4480-a1f1-d41cc2d38630:c4369]
2019-06-13 13:50:41,878 INFO  client.GrpcClientProtocolClient (GrpcClientProtocolClient.java:onNext(254)) - client-D47EFDF0E133->5d71e5de-6d45-4480-a1f1-d41cc2d38630: receive RaftClientReply:client-D47EFDF0E133->5d71e5de-6d45-4480-a1f1-d41cc2d38630@group-C6AEA7A4B82B, cid=2613, SUCCESS, logIndex=4370, commits[5d71e5de-6d45-4480-a1f1-d41cc2d38630:c4370]
2019-06-13 13:50:41,880 INFO  client.GrpcClientProtocolClient (GrpcClientProtocolClient.java:onNext(254)) - client-D47EFDF0E133->5d71e5de-6d45-4480-a1f1-d41cc2d38630: receive RaftClientReply:client-D47EFDF0E133->5d71e5de-6d45-4480-a1f1-d41cc2d38630@group-C6AEA7A4B82B, cid=2614, SUCCESS, logIndex=4372, commits[5d71e5de-6d45-4480-a1f1-d41cc2d38630:c4372]
2019-06-13 13:50:41,881 INFO  client.GrpcClientProtocolClient (GrpcClientProtocolClient.java:onNext(254)) - client-D47EFDF0E133->5d71e5de-6d45-4480-a1f1-d41cc2d38630: receive RaftClientReply:client-D47EFDF0E133->5d71e5de-6d45-4480-a1f1-d41cc2d38630@group-C6AEA7A4B82B, cid=2615, SUCCESS, logIndex=4373, commits[5d71e5de-6d45-4480-a1f1-d41cc2d38630:c4374]
2019-06-13 13:50:41,881 INFO  client.GrpcClientProtocolClient (GrpcClientProtocolClient.java:onNext(254)) - client-D47EFDF0E133->5d71e5de-6d45-4480-a1f1-d41cc2d38630: receive RaftClientReply:client-D47EFDF0E133->5d71e5de-6d45-4480-a1f1-d41cc2d38630@group-C6AEA7A4B82B, cid=2616, SUCCESS, logIndex=4374, commits[5d71e5de-6d45-4480-a1f1-d41cc2d38630:c4375]
2019-06-13 13:50:41,889 INFO  client.GrpcClientProtocolClient (GrpcClientProtocolClient.java:onNext(254)) - client-D47EFDF0E133->5d71e5de-6d45-4480-a1f1-d41cc2d38630: receive RaftClientReply:client-D47EFDF0E133->5d71e5de-6d45-4480-a1f1-d41cc2d38630@group-C6AEA7A4B82B, cid=2617, SUCCESS, logIndex=4377, commits[5d71e5de-6d45-4480-a1f1-d41cc2d38630:c4377]
2019-06-13 13:50:41,891 INFO  client.GrpcClientProtocolClient (GrpcClientProtocolClient.java:onNext(254)) - client-D47EFDF0E133->5d71e5de-6d45-4480-a1f1-d41cc2d38630: receive RaftClientReply:client-D47EFDF0E133->5d71e5de-6d45-4480-a1f1-d41cc2d38630@group-C6AEA7A4B82B, cid=2618, SUCCESS, logIndex=4379, commits[5d71e5de-6d45-4480-a1f1-d41cc2d38630:c4379]
2019-06-13 13:50:41,892 INFO  client.GrpcClientProtocolClient (GrpcClientProtocolClient.java:onNext(254)) - client-D47EFDF0E133->5d71e5de-6d45-4480-a1f1-d41cc2d38630: receive RaftClientReply:client-D47EFDF0E133->5d71e5de-6d45-4480-a1f1-d41cc2d38630@group-C6AEA7A4B82B, cid=2619, SUCCESS, logIndex=4380, commits[5d71e5de-6d45-4480-a1f1-d41cc2d38630:c4382]
2019-06-13 13:50:41,892 INFO  client.GrpcClientProtocolClient (GrpcClientProtocolClient.java:onNext(254)) - client-D47EFDF0E133->5d71e5de-6d45-4480-a1f1-d41cc2d38630: receive RaftClientReply:client-D47EFDF0E133->5d71e5de-6d45-4480-a1f1-d41cc2d38630@group-C6AEA7A4B82B, cid=2620, SUCCESS, logIndex=4381, commits[5d71e5de-6d45-4480-a1f1-d41cc2d38630:c4382]
2019-06-13 13:50:41,895 INFO  storage.RaftLogWorker (RaftLogWorker.java:rollLogSegment(303)) - 5d71e5de-6d45-4480-a1f1-d41cc2d38630-RaftLogWorker: Rolling segment log-4310_4382 to index:4382
2019-06-13 13:50:41,895 INFO  storage.RaftLogWorker (RaftLogWorker.java:execute(433)) - 5d71e5de-6d45-4480-a1f1-d41cc2d38630-RaftLogWorker: Rolled log segment from /opt/src/hadoop-ozone/integration-test/target/test-dir/MiniOzoneClusterImpl-c05bfa39-b333-4767-bc96-5a78f3430938/datanode-0/data/ratis/3aee30eb-3db1-472a-b851-c6aea7a4b82b/current/log_inprogress_4310 to /opt/src/hadoop-ozone/integration-test/target/test-dir/MiniOzoneClusterImpl-c05bfa39-b333-4767-bc96-5a78f3430938/datanode-0/data/ratis/3aee30eb-3db1-472a-b851-c6aea7a4b82b/current/log_4310-4382
2019-06-13 13:50:41,903 DEBUG block.SCMBlockDeletingService (SCMBlockDeletingService.java:call(138)) - Running DeletedBlockTransactionScanner
2019-06-13 13:50:41,903 DEBUG block.SCMBlockDeletingService (SCMBlockDeletingService.java:call(155)) - Scanned deleted blocks log and got 0 delTX to process.
2019-06-13 13:50:41,931 INFO  storage.RaftLogWorker (RaftLogWorker.java:execute(469)) - 5d71e5de-6d45-4480-a1f1-d41cc2d38630-RaftLogWorker: created new log segment /opt/src/hadoop-ozone/integration-test/target/test-dir/MiniOzoneClusterImpl-c05bfa39-b333-4767-bc96-5a78f3430938/datanode-0/data/ratis/3aee30eb-3db1-472a-b851-c6aea7a4b82b/current/log_inprogress_4383
2019-06-13 13:50:41,932 INFO  client.GrpcClientProtocolClient (GrpcClientProtocolClient.java:onNext(254)) - client-D47EFDF0E133->5d71e5de-6d45-4480-a1f1-d41cc2d38630: receive RaftClientReply:client-D47EFDF0E133->5d71e5de-6d45-4480-a1f1-d41cc2d38630@group-C6AEA7A4B82B, cid=2621, SUCCESS, logIndex=4383, commits[5d71e5de-6d45-4480-a1f1-d41cc2d38630:c4383]
2019-06-13 13:50:41,934 INFO  client.GrpcClientProtocolClient (GrpcClientProtocolClient.java:onNext(254)) - client-D47EFDF0E133->5d71e5de-6d45-4480-a1f1-d41cc2d38630: receive RaftClientReply:client-D47EFDF0E133->5d71e5de-6d45-4480-a1f1-d41cc2d38630@group-C6AEA7A4B82B, cid=2622, SUCCESS, logIndex=4385, commits[5d71e5de-6d45-4480-a1f1-d41cc2d38630:c4385]
2019-06-13 13:50:41,935 INFO  client.GrpcClientProtocolClient (GrpcClientProtocolClient.java:onNext(254)) - client-D47EFDF0E133->5d71e5de-6d45-4480-a1f1-d41cc2d38630: receive RaftClientReply:client-D47EFDF0E133->5d71e5de-6d45-4480-a1f1-d41cc2d38630@group-C6AEA7A4B82B, cid=2623, SUCCESS, logIndex=4386, commits[5d71e5de-6d45-4480-a1f1-d41cc2d38630:c4388]
2019-06-13 13:50:41,935 INFO  client.GrpcClientProtocolClient (GrpcClientProtocolClient.java:onNext(254)) - client-D47EFDF0E133->5d71e5de-6d45-4480-a1f1-d41cc2d38630: receive RaftClientReply:client-D47EFDF0E133->5d71e5de-6d45-4480-a1f1-d41cc2d38630@group-C6AEA7A4B82B, cid=2624, SUCCESS, logIndex=4387, commits[5d71e5de-6d45-4480-a1f1-d41cc2d38630:c4388]
2019-06-13 13:50:41,991 INFO  client.GrpcClientProtocolClient (GrpcClientProtocolClient.java:onNext(254)) - client-D47EFDF0E133->5d71e5de-6d45-4480-a1f1-d41cc2d38630: receive RaftClientReply:client-D47EFDF0E133->5d71e5de-6d45-4480-a1f1-d41cc2d38630@group-C6AEA7A4B82B, cid=2625, SUCCESS, logIndex=4389, commits[5d71e5de-6d45-4480-a1f1-d41cc2d38630:c4389]
2019-06-13 13:50:41,992 INFO  client.GrpcClientProtocolClient (GrpcClientProtocolClient.java:onNext(254)) - client-D47EFDF0E133->5d71e5de-6d45-4480-a1f1-d41cc2d38630: receive RaftClientReply:client-D47EFDF0E133->5d71e5de-6d45-4480-a1f1-d41cc2d38630@group-C6AEA7A4B82B, cid=2626, SUCCESS, logIndex=4391, commits[5d71e5de-6d45-4480-a1f1-d41cc2d38630:c4391]
2019-06-13 13:50:41,994 INFO  client.GrpcClientProtocolClient (GrpcClientProtocolClient.java:onNext(254)) - client-D47EFDF0E133->5d71e5de-6d45-4480-a1f1-d41cc2d38630: receive RaftClientReply:client-D47EFDF0E133->5d71e5de-6d45-4480-a1f1-d41cc2d38630@group-C6AEA7A4B82B, cid=2627, SUCCESS, logIndex=4393, commits[5d71e5de-6d45-4480-a1f1-d41cc2d38630:c4394]
2019-06-13 13:50:41,994 INFO  client.GrpcClientProtocolClient (GrpcClientProtocolClient.java:onNext(254)) - client-D47EFDF0E133->5d71e5de-6d45-4480-a1f1-d41cc2d38630: receive RaftClientReply:client-D47EFDF0E133->5d71e5de-6d45-4480-a1f1-d41cc2d38630@group-C6AEA7A4B82B, cid=2628, SUCCESS, logIndex=4394, commits[5d71e5de-6d45-4480-a1f1-d41cc2d38630:c4394]
2019-06-13 13:50:41,999 INFO  client.GrpcClientProtocolClient (GrpcClientProtocolClient.java:onNext(254)) - client-D47EFDF0E133->5d71e5de-6d45-4480-a1f1-d41cc2d38630: receive RaftClientReply:client-D47EFDF0E133->5d71e5de-6d45-4480-a1f1-d41cc2d38630@group-C6AEA7A4B82B, cid=2629, SUCCESS, logIndex=4396, commits[5d71e5de-6d45-4480-a1f1-d41cc2d38630:c4396]
2019-06-13 13:50:42,001 INFO  client.GrpcClientProtocolClient (GrpcClientProtocolClient.java:onNext(254)) - client-D47EFDF0E133->5d71e5de-6d45-4480-a1f1-d41cc2d38630: receive RaftClientReply:client-D47EFDF0E133->5d71e5de-6d45-4480-a1f1-d41cc2d38630@group-C6AEA7A4B82B, cid=2630, SUCCESS, logIndex=4398, commits[5d71e5de-6d45-4480-a1f1-d41cc2d38630:c4398]
2019-06-13 13:50:42,002 INFO  client.GrpcClientProtocolClient (GrpcClientProtocolClient.java:onNext(254)) - client-D47EFDF0E133->5d71e5de-6d45-4480-a1f1-d41cc2d38630: receive RaftClientReply:client-D47EFDF0E133->5d71e5de-6d45-4480-a1f1-d41cc2d38630@group-C6AEA7A4B82B, cid=2631, SUCCESS, logIndex=4399, commits[5d71e5de-6d45-4480-a1f1-d41cc2d38630:c4401]
2019-06-13 13:50:42,002 INFO  client.GrpcClientProtocolClient (GrpcClientProtocolClient.java:onNext(254)) - client-D47EFDF0E133->5d71e5de-6d45-4480-a1f1-d41cc2d38630: receive RaftClientReply:client-D47EFDF0E133->5d71e5de-6d45-4480-a1f1-d41cc2d38630@group-C6AEA7A4B82B, cid=2632, SUCCESS, logIndex=4400, commits[5d71e5de-6d45-4480-a1f1-d41cc2d38630:c4401]
2019-06-13 13:50:42,004 DEBUG block.SCMBlockDeletingService (SCMBlockDeletingService.java:call(138)) - Running DeletedBlockTransactionScanner
2019-06-13 13:50:42,004 DEBUG block.SCMBlockDeletingService (SCMBlockDeletingService.java:call(155)) - Scanned deleted blocks log and got 0 delTX to process.
2019-06-13 13:50:42,011 INFO  client.GrpcClientProtocolClient (GrpcClientProtocolClient.java:onNext(254)) - client-D47EFDF0E133->5d71e5de-6d45-4480-a1f1-d41cc2d38630: receive RaftClientReply:client-D47EFDF0E133->5d71e5de-6d45-4480-a1f1-d41cc2d38630@group-C6AEA7A4B82B, cid=2633, SUCCESS, logIndex=4402, commits[5d71e5de-6d45-4480-a1f1-d41cc2d38630:c4402]
2019-06-13 13:50:42,012 INFO  client.GrpcClientProtocolClient (GrpcClientProtocolClient.java:onNext(254)) - client-D47EFDF0E133->5d71e5de-6d45-4480-a1f1-d41cc2d38630: receive RaftClientReply:client-D47EFDF0E133->5d71e5de-6d45-4480-a1f1-d41cc2d38630@group-C6AEA7A4B82B, cid=2634, SUCCESS, logIndex=4404, commits[5d71e5de-6d45-4480-a1f1-d41cc2d38630:c4404]
2019-06-13 13:50:42,014 INFO  client.GrpcClientProtocolClient (GrpcClientProtocolClient.java:onNext(254)) - client-D47EFDF0E133->5d71e5de-6d45-4480-a1f1-d41cc2d38630: receive RaftClientReply:client-D47EFDF0E133->5d71e5de-6d45-4480-a1f1-d41cc2d38630@group-C6AEA7A4B82B, cid=2635, SUCCESS, logIndex=4405, commits[5d71e5de-6d45-4480-a1f1-d41cc2d38630:c4407]
2019-06-13 13:50:42,014 INFO  client.GrpcClientProtocolClient (GrpcClientProtocolClient.java:onNext(254)) - client-D47EFDF0E133->5d71e5de-6d45-4480-a1f1-d41cc2d38630: receive RaftClientReply:client-D47EFDF0E133->5d71e5de-6d45-4480-a1f1-d41cc2d38630@group-C6AEA7A4B82B, cid=2636, SUCCESS, logIndex=4406, commits[5d71e5de-6d45-4480-a1f1-d41cc2d38630:c4407]
2019-06-13 13:50:42,021 INFO  client.GrpcClientProtocolClient (GrpcClientProtocolClient.java:onNext(254)) - client-D47EFDF0E133->5d71e5de-6d45-4480-a1f1-d41cc2d38630: receive RaftClientReply:client-D47EFDF0E133->5d71e5de-6d45-4480-a1f1-d41cc2d38630@group-C6AEA7A4B82B, cid=2637, SUCCESS, logIndex=4408, commits[5d71e5de-6d45-4480-a1f1-d41cc2d38630:c4408]
2019-06-13 13:50:42,022 INFO  client.GrpcClientProtocolClient (GrpcClientProtocolClient.java:onNext(254)) - client-D47EFDF0E133->5d71e5de-6d45-4480-a1f1-d41cc2d38630: receive RaftClientReply:client-D47EFDF0E133->5d71e5de-6d45-4480-a1f1-d41cc2d38630@group-C6AEA7A4B82B, cid=2638, SUCCESS, logIndex=4410, commits[5d71e5de-6d45-4480-a1f1-d41cc2d38630:c4410]
2019-06-13 13:50:42,024 INFO  client.GrpcClientProtocolClient (GrpcClientProtocolClient.java:onNext(254)) - client-D47EFDF0E133->5d71e5de-6d45-4480-a1f1-d41cc2d38630: receive RaftClientReply:client-D47EFDF0E133->5d71e5de-6d45-4480-a1f1-d41cc2d38630@group-C6AEA7A4B82B, cid=2639, SUCCESS, logIndex=4412, commits[5d71e5de-6d45-4480-a1f1-d41cc2d38630:c4412]
2019-06-13 13:50:42,025 INFO  client.GrpcClientProtocolClient (GrpcClientProtocolClient.java:onNext(254)) - client-D47EFDF0E133->5d71e5de-6d45-4480-a1f1-d41cc2d38630: receive RaftClientReply:client-D47EFDF0E133->5d71e5de-6d45-4480-a1f1-d41cc2d38630@group-C6AEA7A4B82B, cid=2640, SUCCESS, logIndex=4414, commits[5d71e5de-6d45-4480-a1f1-d41cc2d38630:c4414]
2019-06-13 13:50:42,034 INFO  client.GrpcClientProtocolClient (GrpcClientProtocolClient.java:onNext(254)) - client-D47EFDF0E133->5d71e5de-6d45-4480-a1f1-d41cc2d38630: receive RaftClientReply:client-D47EFDF0E133->5d71e5de-6d45-4480-a1f1-d41cc2d38630@group-C6AEA7A4B82B, cid=2641, SUCCESS, logIndex=4416, commits[5d71e5de-6d45-4480-a1f1-d41cc2d38630:c4416]
2019-06-13 13:50:42,036 INFO  client.GrpcClientProtocolClient (GrpcClientProtocolClient.java:onNext(254)) - client-D47EFDF0E133->5d71e5de-6d45-4480-a1f1-d41cc2d38630: receive RaftClientReply:client-D47EFDF0E133->5d71e5de-6d45-4480-a1f1-d41cc2d38630@group-C6AEA7A4B82B, cid=2642, SUCCESS, logIndex=4418, commits[5d71e5de-6d45-4480-a1f1-d41cc2d38630:c4418]
2019-06-13 13:50:42,037 INFO  client.GrpcClientProtocolClient (GrpcClientProtocolClient.java:onNext(254)) - client-D47EFDF0E133->5d71e5de-6d45-4480-a1f1-d41cc2d38630: receive RaftClientReply:client-D47EFDF0E133->5d71e5de-6d45-4480-a1f1-d41cc2d38630@group-C6AEA7A4B82B, cid=2643, SUCCESS, logIndex=4419, commits[5d71e5de-6d45-4480-a1f1-d41cc2d38630:c4421]
2019-06-13 13:50:42,038 INFO  client.GrpcClientProtocolClient (GrpcClientProtocolClient.java:onNext(254)) - client-D47EFDF0E133->5d71e5de-6d45-4480-a1f1-d41cc2d38630: receive RaftClientReply:client-D47EFDF0E133->5d71e5de-6d45-4480-a1f1-d41cc2d38630@group-C6AEA7A4B82B, cid=2644, SUCCESS, logIndex=4420, commits[5d71e5de-6d45-4480-a1f1-d41cc2d38630:c4421]
2019-06-13 13:50:42,043 INFO  client.GrpcClientProtocolClient (GrpcClientProtocolClient.java:onNext(254)) - client-D47EFDF0E133->5d71e5de-6d45-4480-a1f1-d41cc2d38630: receive RaftClientReply:client-D47EFDF0E133->5d71e5de-6d45-4480-a1f1-d41cc2d38630@group-C6AEA7A4B82B, cid=2645, SUCCESS, logIndex=4422, commits[5d71e5de-6d45-4480-a1f1-d41cc2d38630:c4422]
2019-06-13 13:50:42,045 INFO  client.GrpcClientProtocolClient (GrpcClientProtocolClient.java:onNext(254)) - client-D47EFDF0E133->5d71e5de-6d45-4480-a1f1-d41cc2d38630: receive RaftClientReply:client-D47EFDF0E133->5d71e5de-6d45-4480-a1f1-d41cc2d38630@group-C6AEA7A4B82B, cid=2646, SUCCESS, logIndex=4424, commits[5d71e5de-6d45-4480-a1f1-d41cc2d38630:c4424]
2019-06-13 13:50:42,046 INFO  client.GrpcClientProtocolClient (GrpcClientProtocolClient.java:onNext(254)) - client-D47EFDF0E133->5d71e5de-6d45-4480-a1f1-d41cc2d38630: receive RaftClientReply:client-D47EFDF0E133->5d71e5de-6d45-4480-a1f1-d41cc2d38630@group-C6AEA7A4B82B, cid=2647, SUCCESS, logIndex=4425, commits[5d71e5de-6d45-4480-a1f1-d41cc2d38630:c4426]
2019-06-13 13:50:42,046 INFO  client.GrpcClientProtocolClient (GrpcClientProtocolClient.java:onNext(254)) - client-D47EFDF0E133->5d71e5de-6d45-4480-a1f1-d41cc2d38630: receive RaftClientReply:client-D47EFDF0E133->5d71e5de-6d45-4480-a1f1-d41cc2d38630@group-C6AEA7A4B82B, cid=2648, SUCCESS, logIndex=4426, commits[5d71e5de-6d45-4480-a1f1-d41cc2d38630:c4427]
2019-06-13 13:50:42,056 INFO  client.GrpcClientProtocolClient (GrpcClientProtocolClient.java:onNext(254)) - client-D47EFDF0E133->5d71e5de-6d45-4480-a1f1-d41cc2d38630: receive RaftClientReply:client-D47EFDF0E133->5d71e5de-6d45-4480-a1f1-d41cc2d38630@group-C6AEA7A4B82B, cid=2649, SUCCESS, logIndex=4429, commits[5d71e5de-6d45-4480-a1f1-d41cc2d38630:c4429]
2019-06-13 13:50:42,057 INFO  client.GrpcClientProtocolClient (GrpcClientProtocolClient.java:onNext(254)) - client-D47EFDF0E133->5d71e5de-6d45-4480-a1f1-d41cc2d38630: receive RaftClientReply:client-D47EFDF0E133->5d71e5de-6d45-4480-a1f1-d41cc2d38630@group-C6AEA7A4B82B, cid=2650, SUCCESS, logIndex=4431, commits[5d71e5de-6d45-4480-a1f1-d41cc2d38630:c4431]
2019-06-13 13:50:42,058 INFO  client.GrpcClientProtocolClient (GrpcClientProtocolClient.java:onNext(254)) - client-D47EFDF0E133->5d71e5de-6d45-4480-a1f1-d41cc2d38630: receive RaftClientReply:client-D47EFDF0E133->5d71e5de-6d45-4480-a1f1-d41cc2d38630@group-C6AEA7A4B82B, cid=2651, SUCCESS, logIndex=4432, commits[5d71e5de-6d45-4480-a1f1-d41cc2d38630:c4434]
2019-06-13 13:50:42,058 INFO  client.GrpcClientProtocolClient (GrpcClientProtocolClient.java:onNext(254)) - client-D47EFDF0E133->5d71e5de-6d45-4480-a1f1-d41cc2d38630: receive RaftClientReply:client-D47EFDF0E133->5d71e5de-6d45-4480-a1f1-d41cc2d38630@group-C6AEA7A4B82B, cid=2652, SUCCESS, logIndex=4433, commits[5d71e5de-6d45-4480-a1f1-d41cc2d38630:c4434]
2019-06-13 13:50:42,104 DEBUG block.SCMBlockDeletingService (SCMBlockDeletingService.java:call(138)) - Running DeletedBlockTransactionScanner
2019-06-13 13:50:42,104 DEBUG block.SCMBlockDeletingService (SCMBlockDeletingService.java:call(155)) - Scanned deleted blocks log and got 0 delTX to process.
2019-06-13 13:50:42,130 INFO  client.GrpcClientProtocolClient (GrpcClientProtocolClient.java:onNext(254)) - client-D47EFDF0E133->5d71e5de-6d45-4480-a1f1-d41cc2d38630: receive RaftClientReply:client-D47EFDF0E133->5d71e5de-6d45-4480-a1f1-d41cc2d38630@group-C6AEA7A4B82B, cid=2653, SUCCESS, logIndex=4435, commits[5d71e5de-6d45-4480-a1f1-d41cc2d38630:c4435]
2019-06-13 13:50:42,131 INFO  client.GrpcClientProtocolClient (GrpcClientProtocolClient.java:onNext(254)) - client-D47EFDF0E133->5d71e5de-6d45-4480-a1f1-d41cc2d38630: receive RaftClientReply:client-D47EFDF0E133->5d71e5de-6d45-4480-a1f1-d41cc2d38630@group-C6AEA7A4B82B, cid=2654, SUCCESS, logIndex=4437, commits[5d71e5de-6d45-4480-a1f1-d41cc2d38630:c4437]
2019-06-13 13:50:42,132 INFO  client.GrpcClientProtocolClient (GrpcClientProtocolClient.java:onNext(254)) - client-D47EFDF0E133->5d71e5de-6d45-4480-a1f1-d41cc2d38630: receive RaftClientReply:client-D47EFDF0E133->5d71e5de-6d45-4480-a1f1-d41cc2d38630@group-C6AEA7A4B82B, cid=2655, SUCCESS, logIndex=4438, commits[5d71e5de-6d45-4480-a1f1-d41cc2d38630:c4440]
2019-06-13 13:50:42,132 INFO  client.GrpcClientProtocolClient (GrpcClientProtocolClient.java:onNext(254)) - client-D47EFDF0E133->5d71e5de-6d45-4480-a1f1-d41cc2d38630: receive RaftClientReply:client-D47EFDF0E133->5d71e5de-6d45-4480-a1f1-d41cc2d38630@group-C6AEA7A4B82B, cid=2656, SUCCESS, logIndex=4439, commits[5d71e5de-6d45-4480-a1f1-d41cc2d38630:c4440]
2019-06-13 13:50:42,142 INFO  client.GrpcClientProtocolClient (GrpcClientProtocolClient.java:onNext(254)) - client-D47EFDF0E133->5d71e5de-6d45-4480-a1f1-d41cc2d38630: receive RaftClientReply:client-D47EFDF0E133->5d71e5de-6d45-4480-a1f1-d41cc2d38630@group-C6AEA7A4B82B, cid=2657, SUCCESS, logIndex=4441, commits[5d71e5de-6d45-4480-a1f1-d41cc2d38630:c4441]
2019-06-13 13:50:42,144 INFO  client.GrpcClientProtocolClient (GrpcClientProtocolClient.java:onNext(254)) - client-D47EFDF0E133->5d71e5de-6d45-4480-a1f1-d41cc2d38630: receive RaftClientReply:client-D47EFDF0E133->5d71e5de-6d45-4480-a1f1-d41cc2d38630@group-C6AEA7A4B82B, cid=2658, SUCCESS, logIndex=4443, commits[5d71e5de-6d45-4480-a1f1-d41cc2d38630:c4443]
2019-06-13 13:50:42,144 INFO  client.GrpcClientProtocolClient (GrpcClientProtocolClient.java:onNext(254)) - client-D47EFDF0E133->5d71e5de-6d45-4480-a1f1-d41cc2d38630: receive RaftClientReply:client-D47EFDF0E133->5d71e5de-6d45-4480-a1f1-d41cc2d38630@group-C6AEA7A4B82B, cid=2659, SUCCESS, logIndex=4444, commits[5d71e5de-6d45-4480-a1f1-d41cc2d38630:c4446]
2019-06-13 13:50:42,147 INFO  client.GrpcClientProtocolClient (GrpcClientProtocolClient.java:onNext(254)) - client-D47EFDF0E133->5d71e5de-6d45-4480-a1f1-d41cc2d38630: receive RaftClientReply:client-D47EFDF0E133->5d71e5de-6d45-4480-a1f1-d41cc2d38630@group-C6AEA7A4B82B, cid=2660, SUCCESS, logIndex=4445, commits[5d71e5de-6d45-4480-a1f1-d41cc2d38630:c4446]
2019-06-13 13:50:42,158 INFO  client.GrpcClientProtocolClient (GrpcClientProtocolClient.java:onNext(254)) - client-D47EFDF0E133->5d71e5de-6d45-4480-a1f1-d41cc2d38630: receive RaftClientReply:client-D47EFDF0E133->5d71e5de-6d45-4480-a1f1-d41cc2d38630@group-C6AEA7A4B82B, cid=2661, SUCCESS, logIndex=4447, commits[5d71e5de-6d45-4480-a1f1-d41cc2d38630:c4447]
2019-06-13 13:50:42,159 INFO  client.GrpcClientProtocolClient (GrpcClientProtocolClient.java:onNext(254)) - client-D47EFDF0E133->5d71e5de-6d45-4480-a1f1-d41cc2d38630: receive RaftClientReply:client-D47EFDF0E133->5d71e5de-6d45-4480-a1f1-d41cc2d38630@group-C6AEA7A4B82B, cid=2662, SUCCESS, logIndex=4449, commits[5d71e5de-6d45-4480-a1f1-d41cc2d38630:c4449]
2019-06-13 13:50:42,160 INFO  client.GrpcClientProtocolClient (GrpcClientProtocolClient.java:onNext(254)) - client-D47EFDF0E133->5d71e5de-6d45-4480-a1f1-d41cc2d38630: receive RaftClientReply:client-D47EFDF0E133->5d71e5de-6d45-4480-a1f1-d41cc2d38630@group-C6AEA7A4B82B, cid=2663, SUCCESS, logIndex=4451, commits[5d71e5de-6d45-4480-a1f1-d41cc2d38630:c4451]
2019-06-13 13:50:42,160 INFO  storage.RaftLogWorker (RaftLogWorker.java:rollLogSegment(303)) - 5d71e5de-6d45-4480-a1f1-d41cc2d38630-RaftLogWorker: Rolling segment log-4383_4452 to index:4452
2019-06-13 13:50:42,161 INFO  storage.RaftLogWorker (RaftLogWorker.java:execute(433)) - 5d71e5de-6d45-4480-a1f1-d41cc2d38630-RaftLogWorker: Rolled log segment from /opt/src/hadoop-ozone/integration-test/target/test-dir/MiniOzoneClusterImpl-c05bfa39-b333-4767-bc96-5a78f3430938/datanode-0/data/ratis/3aee30eb-3db1-472a-b851-c6aea7a4b82b/current/log_inprogress_4383 to /opt/src/hadoop-ozone/integration-test/target/test-dir/MiniOzoneClusterImpl-c05bfa39-b333-4767-bc96-5a78f3430938/datanode-0/data/ratis/3aee30eb-3db1-472a-b851-c6aea7a4b82b/current/log_4383-4452
2019-06-13 13:50:42,197 INFO  storage.RaftLogWorker (RaftLogWorker.java:execute(469)) - 5d71e5de-6d45-4480-a1f1-d41cc2d38630-RaftLogWorker: created new log segment /opt/src/hadoop-ozone/integration-test/target/test-dir/MiniOzoneClusterImpl-c05bfa39-b333-4767-bc96-5a78f3430938/datanode-0/data/ratis/3aee30eb-3db1-472a-b851-c6aea7a4b82b/current/log_inprogress_4453
2019-06-13 13:50:42,198 INFO  client.GrpcClientProtocolClient (GrpcClientProtocolClient.java:onNext(254)) - client-D47EFDF0E133->5d71e5de-6d45-4480-a1f1-d41cc2d38630: receive RaftClientReply:client-D47EFDF0E133->5d71e5de-6d45-4480-a1f1-d41cc2d38630@group-C6AEA7A4B82B, cid=2664, SUCCESS, logIndex=4453, commits[5d71e5de-6d45-4480-a1f1-d41cc2d38630:c4453]
2019-06-13 13:50:42,205 DEBUG block.SCMBlockDeletingService (SCMBlockDeletingService.java:call(138)) - Running DeletedBlockTransactionScanner
2019-06-13 13:50:42,205 DEBUG block.SCMBlockDeletingService (SCMBlockDeletingService.java:call(155)) - Scanned deleted blocks log and got 0 delTX to process.
2019-06-13 13:50:42,209 INFO  client.GrpcClientProtocolClient (GrpcClientProtocolClient.java:onNext(254)) - client-D47EFDF0E133->5d71e5de-6d45-4480-a1f1-d41cc2d38630: receive RaftClientReply:client-D47EFDF0E133->5d71e5de-6d45-4480-a1f1-d41cc2d38630@group-C6AEA7A4B82B, cid=2665, SUCCESS, logIndex=4455, commits[5d71e5de-6d45-4480-a1f1-d41cc2d38630:c4455]
2019-06-13 13:50:42,210 INFO  client.GrpcClientProtocolClient (GrpcClientProtocolClient.java:onNext(254)) - client-D47EFDF0E133->5d71e5de-6d45-4480-a1f1-d41cc2d38630: receive RaftClientReply:client-D47EFDF0E133->5d71e5de-6d45-4480-a1f1-d41cc2d38630@group-C6AEA7A4B82B, cid=2666, SUCCESS, logIndex=4457, commits[5d71e5de-6d45-4480-a1f1-d41cc2d38630:c4457]
2019-06-13 13:50:42,211 INFO  client.GrpcClientProtocolClient (GrpcClientProtocolClient.java:onNext(254)) - client-D47EFDF0E133->5d71e5de-6d45-4480-a1f1-d41cc2d38630: receive RaftClientReply:client-D47EFDF0E133->5d71e5de-6d45-4480-a1f1-d41cc2d38630@group-C6AEA7A4B82B, cid=2667, SUCCESS, logIndex=4458, commits[5d71e5de-6d45-4480-a1f1-d41cc2d38630:c4460]
2019-06-13 13:50:42,211 INFO  client.GrpcClientProtocolClient (GrpcClientProtocolClient.java:onNext(254)) - client-D47EFDF0E133->5d71e5de-6d45-4480-a1f1-d41cc2d38630: receive RaftClientReply:client-D47EFDF0E133->5d71e5de-6d45-4480-a1f1-d41cc2d38630@group-C6AEA7A4B82B, cid=2668, SUCCESS, logIndex=4459, commits[5d71e5de-6d45-4480-a1f1-d41cc2d38630:c4460]
2019-06-13 13:50:42,217 INFO  client.GrpcClientProtocolClient (GrpcClientProtocolClient.java:onNext(254)) - client-D47EFDF0E133->5d71e5de-6d45-4480-a1f1-d41cc2d38630: receive RaftClientReply:client-D47EFDF0E133->5d71e5de-6d45-4480-a1f1-d41cc2d38630@group-C6AEA7A4B82B, cid=2669, SUCCESS, logIndex=4461, commits[5d71e5de-6d45-4480-a1f1-d41cc2d38630:c4461]
2019-06-13 13:50:42,218 INFO  client.GrpcClientProtocolClient (GrpcClientProtocolClient.java:onNext(254)) - client-D47EFDF0E133->5d71e5de-6d45-4480-a1f1-d41cc2d38630: receive RaftClientReply:client-D47EFDF0E133->5d71e5de-6d45-4480-a1f1-d41cc2d38630@group-C6AEA7A4B82B, cid=2670, SUCCESS, logIndex=4463, commits[5d71e5de-6d45-4480-a1f1-d41cc2d38630:c4463]
2019-06-13 13:50:42,219 INFO  client.GrpcClientProtocolClient (GrpcClientProtocolClient.java:onNext(254)) - client-D47EFDF0E133->5d71e5de-6d45-4480-a1f1-d41cc2d38630: receive RaftClientReply:client-D47EFDF0E133->5d71e5de-6d45-4480-a1f1-d41cc2d38630@group-C6AEA7A4B82B, cid=2671, SUCCESS, logIndex=4464, commits[5d71e5de-6d45-4480-a1f1-d41cc2d38630:c4466]
2019-06-13 13:50:42,220 INFO  client.GrpcClientProtocolClient (GrpcClientProtocolClient.java:onNext(254)) - client-D47EFDF0E133->5d71e5de-6d45-4480-a1f1-d41cc2d38630: receive RaftClientReply:client-D47EFDF0E133->5d71e5de-6d45-4480-a1f1-d41cc2d38630@group-C6AEA7A4B82B, cid=2672, SUCCESS, logIndex=4465, commits[5d71e5de-6d45-4480-a1f1-d41cc2d38630:c4466]
2019-06-13 13:50:42,230 INFO  client.GrpcClientProtocolClient (GrpcClientProtocolClient.java:onNext(254)) - client-D47EFDF0E133->5d71e5de-6d45-4480-a1f1-d41cc2d38630: receive RaftClientReply:client-D47EFDF0E133->5d71e5de-6d45-4480-a1f1-d41cc2d38630@group-C6AEA7A4B82B, cid=2673, SUCCESS, logIndex=4467, commits[5d71e5de-6d45-4480-a1f1-d41cc2d38630:c4467]
2019-06-13 13:50:42,231 INFO  client.GrpcClientProtocolClient (GrpcClientProtocolClient.java:onNext(254)) - client-D47EFDF0E133->5d71e5de-6d45-4480-a1f1-d41cc2d38630: receive RaftClientReply:client-D47EFDF0E133->5d71e5de-6d45-4480-a1f1-d41cc2d38630@group-C6AEA7A4B82B, cid=2674, SUCCESS, logIndex=4469, commits[5d71e5de-6d45-4480-a1f1-d41cc2d38630:c4469]
2019-06-13 13:50:42,233 INFO  client.GrpcClientProtocolClient (GrpcClientProtocolClient.java:onNext(254)) - client-D47EFDF0E133->5d71e5de-6d45-4480-a1f1-d41cc2d38630: receive RaftClientReply:client-D47EFDF0E133->5d71e5de-6d45-4480-a1f1-d41cc2d38630@group-C6AEA7A4B82B, cid=2675, SUCCESS, logIndex=4471, commits[5d71e5de-6d45-4480-a1f1-d41cc2d38630:c4471]
2019-06-13 13:50:42,234 INFO  client.GrpcClientProtocolClient (GrpcClientProtocolClient.java:onNext(254)) - client-D47EFDF0E133->5d71e5de-6d45-4480-a1f1-d41cc2d38630: receive RaftClientReply:client-D47EFDF0E133->5d71e5de-6d45-4480-a1f1-d41cc2d38630@group-C6AEA7A4B82B, cid=2676, SUCCESS, logIndex=4472, commits[5d71e5de-6d45-4480-a1f1-d41cc2d38630:c4472]
2019-06-13 13:50:42,239 INFO  client.GrpcClientProtocolClient (GrpcClientProtocolClient.java:onNext(254)) - client-D47EFDF0E133->5d71e5de-6d45-4480-a1f1-d41cc2d38630: receive RaftClientReply:client-D47EFDF0E133->5d71e5de-6d45-4480-a1f1-d41cc2d38630@group-C6AEA7A4B82B, cid=2677, SUCCESS, logIndex=4475, commits[5d71e5de-6d45-4480-a1f1-d41cc2d38630:c4475]
2019-06-13 13:50:42,240 INFO  client.GrpcClientProtocolClient (GrpcClientProtocolClient.java:onNext(254)) - client-D47EFDF0E133->5d71e5de-6d45-4480-a1f1-d41cc2d38630: receive RaftClientReply:client-D47EFDF0E133->5d71e5de-6d45-4480-a1f1-d41cc2d38630@group-C6AEA7A4B82B, cid=2678, SUCCESS, logIndex=4477, commits[5d71e5de-6d45-4480-a1f1-d41cc2d38630:c4477]
2019-06-13 13:50:42,241 INFO  client.GrpcClientProtocolClient (GrpcClientProtocolClient.java:onNext(254)) - client-D47EFDF0E133->5d71e5de-6d45-4480-a1f1-d41cc2d38630: receive RaftClientReply:client-D47EFDF0E133->5d71e5de-6d45-4480-a1f1-d41cc2d38630@group-C6AEA7A4B82B, cid=2679, SUCCESS, logIndex=4478, commits[5d71e5de-6d45-4480-a1f1-d41cc2d38630:c4480]
2019-06-13 13:50:42,241 INFO  client.GrpcClientProtocolClient (GrpcClientProtocolClient.java:onNext(254)) - client-D47EFDF0E133->5d71e5de-6d45-4480-a1f1-d41cc2d38630: receive RaftClientReply:client-D47EFDF0E133->5d71e5de-6d45-4480-a1f1-d41cc2d38630@group-C6AEA7A4B82B, cid=2680, SUCCESS, logIndex=4479, commits[5d71e5de-6d45-4480-a1f1-d41cc2d38630:c4480]
2019-06-13 13:50:42,252 INFO  client.GrpcClientProtocolClient (GrpcClientProtocolClient.java:onNext(254)) - client-D47EFDF0E133->5d71e5de-6d45-4480-a1f1-d41cc2d38630: receive RaftClientReply:client-D47EFDF0E133->5d71e5de-6d45-4480-a1f1-d41cc2d38630@group-C6AEA7A4B82B, cid=2681, SUCCESS, logIndex=4481, commits[5d71e5de-6d45-4480-a1f1-d41cc2d38630:c4481]
2019-06-13 13:50:42,253 INFO  client.GrpcClientProtocolClient (GrpcClientProtocolClient.java:onNext(254)) - client-D47EFDF0E133->5d71e5de-6d45-4480-a1f1-d41cc2d38630: receive RaftClientReply:client-D47EFDF0E133->5d71e5de-6d45-4480-a1f1-d41cc2d38630@group-C6AEA7A4B82B, cid=2682, SUCCESS, logIndex=4483, commits[5d71e5de-6d45-4480-a1f1-d41cc2d38630:c4483]
2019-06-13 13:50:42,255 INFO  client.GrpcClientProtocolClient (GrpcClientProtocolClient.java:onNext(254)) - client-D47EFDF0E133->5d71e5de-6d45-4480-a1f1-d41cc2d38630: receive RaftClientReply:client-D47EFDF0E133->5d71e5de-6d45-4480-a1f1-d41cc2d38630@group-C6AEA7A4B82B, cid=2683, SUCCESS, logIndex=4484, commits[5d71e5de-6d45-4480-a1f1-d41cc2d38630:c4486]
2019-06-13 13:50:42,255 INFO  client.GrpcClientProtocolClient (GrpcClientProtocolClient.java:onNext(254)) - client-D47EFDF0E133->5d71e5de-6d45-4480-a1f1-d41cc2d38630: receive RaftClientReply:client-D47EFDF0E133->5d71e5de-6d45-4480-a1f1-d41cc2d38630@group-C6AEA7A4B82B, cid=2684, SUCCESS, logIndex=4485, commits[5d71e5de-6d45-4480-a1f1-d41cc2d38630:c4486]
2019-06-13 13:50:42,262 INFO  client.GrpcClientProtocolClient (GrpcClientProtocolClient.java:onNext(254)) - client-D47EFDF0E133->5d71e5de-6d45-4480-a1f1-d41cc2d38630: receive RaftClientReply:client-D47EFDF0E133->5d71e5de-6d45-4480-a1f1-d41cc2d38630@group-C6AEA7A4B82B, cid=2685, SUCCESS, logIndex=4487, commits[5d71e5de-6d45-4480-a1f1-d41cc2d38630:c4487]
2019-06-13 13:50:42,264 INFO  client.GrpcClientProtocolClient (GrpcClientProtocolClient.java:onNext(254)) - client-D47EFDF0E133->5d71e5de-6d45-4480-a1f1-d41cc2d38630: receive RaftClientReply:client-D47EFDF0E133->5d71e5de-6d45-4480-a1f1-d41cc2d38630@group-C6AEA7A4B82B, cid=2686, SUCCESS, logIndex=4489, commits[5d71e5de-6d45-4480-a1f1-d41cc2d38630:c4489]
2019-06-13 13:50:42,265 INFO  client.GrpcClientProtocolClient (GrpcClientProtocolClient.java:onNext(254)) - client-D47EFDF0E133->5d71e5de-6d45-4480-a1f1-d41cc2d38630: receive RaftClientReply:client-D47EFDF0E133->5d71e5de-6d45-4480-a1f1-d41cc2d38630@group-C6AEA7A4B82B, cid=2687, SUCCESS, logIndex=4490, commits[5d71e5de-6d45-4480-a1f1-d41cc2d38630:c4492]
2019-06-13 13:50:42,265 INFO  client.GrpcClientProtocolClient (GrpcClientProtocolClient.java:onNext(254)) - client-D47EFDF0E133->5d71e5de-6d45-4480-a1f1-d41cc2d38630: receive RaftClientReply:client-D47EFDF0E133->5d71e5de-6d45-4480-a1f1-d41cc2d38630@group-C6AEA7A4B82B, cid=2688, SUCCESS, logIndex=4491, commits[5d71e5de-6d45-4480-a1f1-d41cc2d38630:c4492]
2019-06-13 13:50:42,275 INFO  client.GrpcClientProtocolClient (GrpcClientProtocolClient.java:onNext(254)) - client-D47EFDF0E133->5d71e5de-6d45-4480-a1f1-d41cc2d38630: receive RaftClientReply:client-D47EFDF0E133->5d71e5de-6d45-4480-a1f1-d41cc2d38630@group-C6AEA7A4B82B, cid=2689, SUCCESS, logIndex=4493, commits[5d71e5de-6d45-4480-a1f1-d41cc2d38630:c4493]
2019-06-13 13:50:42,276 INFO  client.GrpcClientProtocolClient (GrpcClientProtocolClient.java:onNext(254)) - client-D47EFDF0E133->5d71e5de-6d45-4480-a1f1-d41cc2d38630: receive RaftClientReply:client-D47EFDF0E133->5d71e5de-6d45-4480-a1f1-d41cc2d38630@group-C6AEA7A4B82B, cid=2690, SUCCESS, logIndex=4495, commits[5d71e5de-6d45-4480-a1f1-d41cc2d38630:c4495]
2019-06-13 13:50:42,282 INFO  client.GrpcClientProtocolClient (GrpcClientProtocolClient.java:onNext(254)) - client-D47EFDF0E133->5d71e5de-6d45-4480-a1f1-d41cc2d38630: receive RaftClientReply:client-D47EFDF0E133->5d71e5de-6d45-4480-a1f1-d41cc2d38630@group-C6AEA7A4B82B, cid=2691, SUCCESS, logIndex=4497, commits[5d71e5de-6d45-4480-a1f1-d41cc2d38630:c4498]
2019-06-13 13:50:42,283 INFO  client.GrpcClientProtocolClient (GrpcClientProtocolClient.java:onNext(254)) - client-D47EFDF0E133->5d71e5de-6d45-4480-a1f1-d41cc2d38630: receive RaftClientReply:client-D47EFDF0E133->5d71e5de-6d45-4480-a1f1-d41cc2d38630@group-C6AEA7A4B82B, cid=2692, SUCCESS, logIndex=4498, commits[5d71e5de-6d45-4480-a1f1-d41cc2d38630:c4498]
2019-06-13 13:50:42,288 INFO  client.GrpcClientProtocolClient (GrpcClientProtocolClient.java:onNext(254)) - client-D47EFDF0E133->5d71e5de-6d45-4480-a1f1-d41cc2d38630: receive RaftClientReply:client-D47EFDF0E133->5d71e5de-6d45-4480-a1f1-d41cc2d38630@group-C6AEA7A4B82B, cid=2693, SUCCESS, logIndex=4500, commits[5d71e5de-6d45-4480-a1f1-d41cc2d38630:c4500]
2019-06-13 13:50:42,290 INFO  client.GrpcClientProtocolClient (GrpcClientProtocolClient.java:onNext(254)) - client-D47EFDF0E133->5d71e5de-6d45-4480-a1f1-d41cc2d38630: receive RaftClientReply:client-D47EFDF0E133->5d71e5de-6d45-4480-a1f1-d41cc2d38630@group-C6AEA7A4B82B, cid=2694, SUCCESS, logIndex=4502, commits[5d71e5de-6d45-4480-a1f1-d41cc2d38630:c4502]
2019-06-13 13:50:42,290 INFO  client.GrpcClientProtocolClient (GrpcClientProtocolClient.java:onNext(254)) - client-D47EFDF0E133->5d71e5de-6d45-4480-a1f1-d41cc2d38630: receive RaftClientReply:client-D47EFDF0E133->5d71e5de-6d45-4480-a1f1-d41cc2d38630@group-C6AEA7A4B82B, cid=2695, SUCCESS, logIndex=4503, commits[5d71e5de-6d45-4480-a1f1-d41cc2d38630:c4505]
2019-06-13 13:50:42,291 INFO  client.GrpcClientProtocolClient (GrpcClientProtocolClient.java:onNext(254)) - client-D47EFDF0E133->5d71e5de-6d45-4480-a1f1-d41cc2d38630: receive RaftClientReply:client-D47EFDF0E133->5d71e5de-6d45-4480-a1f1-d41cc2d38630@group-C6AEA7A4B82B, cid=2696, SUCCESS, logIndex=4504, commits[5d71e5de-6d45-4480-a1f1-d41cc2d38630:c4505]
2019-06-13 13:50:42,305 DEBUG block.SCMBlockDeletingService (SCMBlockDeletingService.java:call(138)) - Running DeletedBlockTransactionScanner
2019-06-13 13:50:42,305 DEBUG block.SCMBlockDeletingService (SCMBlockDeletingService.java:call(155)) - Scanned deleted blocks log and got 0 delTX to process.
2019-06-13 13:50:42,375 INFO  client.GrpcClientProtocolClient (GrpcClientProtocolClient.java:onNext(254)) - client-D47EFDF0E133->5d71e5de-6d45-4480-a1f1-d41cc2d38630: receive RaftClientReply:client-D47EFDF0E133->5d71e5de-6d45-4480-a1f1-d41cc2d38630@group-C6AEA7A4B82B, cid=2697, SUCCESS, logIndex=4506, commits[5d71e5de-6d45-4480-a1f1-d41cc2d38630:c4506]
2019-06-13 13:50:42,377 INFO  client.GrpcClientProtocolClient (GrpcClientProtocolClient.java:onNext(254)) - client-D47EFDF0E133->5d71e5de-6d45-4480-a1f1-d41cc2d38630: receive RaftClientReply:client-D47EFDF0E133->5d71e5de-6d45-4480-a1f1-d41cc2d38630@group-C6AEA7A4B82B, cid=2698, SUCCESS, logIndex=4508, commits[5d71e5de-6d45-4480-a1f1-d41cc2d38630:c4508]
2019-06-13 13:50:42,378 INFO  client.GrpcClientProtocolClient (GrpcClientProtocolClient.java:onNext(254)) - client-D47EFDF0E133->5d71e5de-6d45-4480-a1f1-d41cc2d38630: receive RaftClientReply:client-D47EFDF0E133->5d71e5de-6d45-4480-a1f1-d41cc2d38630@group-C6AEA7A4B82B, cid=2699, SUCCESS, logIndex=4509, commits[5d71e5de-6d45-4480-a1f1-d41cc2d38630:c4511]
2019-06-13 13:50:42,378 INFO  client.GrpcClientProtocolClient (GrpcClientProtocolClient.java:onNext(254)) - client-D47EFDF0E133->5d71e5de-6d45-4480-a1f1-d41cc2d38630: receive RaftClientReply:client-D47EFDF0E133->5d71e5de-6d45-4480-a1f1-d41cc2d38630@group-C6AEA7A4B82B, cid=2700, SUCCESS, logIndex=4510, commits[5d71e5de-6d45-4480-a1f1-d41cc2d38630:c4511]
2019-06-13 13:50:42,383 INFO  client.GrpcClientProtocolClient (GrpcClientProtocolClient.java:onNext(254)) - client-D47EFDF0E133->5d71e5de-6d45-4480-a1f1-d41cc2d38630: receive RaftClientReply:client-D47EFDF0E133->5d71e5de-6d45-4480-a1f1-d41cc2d38630@group-C6AEA7A4B82B, cid=2701, SUCCESS, logIndex=4512, commits[5d71e5de-6d45-4480-a1f1-d41cc2d38630:c4512]
2019-06-13 13:50:42,386 INFO  client.GrpcClientProtocolClient (GrpcClientProtocolClient.java:onNext(254)) - client-D47EFDF0E133->5d71e5de-6d45-4480-a1f1-d41cc2d38630: receive RaftClientReply:client-D47EFDF0E133->5d71e5de-6d45-4480-a1f1-d41cc2d38630@group-C6AEA7A4B82B, cid=2702, SUCCESS, logIndex=4514, commits[5d71e5de-6d45-4480-a1f1-d41cc2d38630:c4516]
2019-06-13 13:50:42,386 INFO  client.GrpcClientProtocolClient (GrpcClientProtocolClient.java:onNext(254)) - client-D47EFDF0E133->5d71e5de-6d45-4480-a1f1-d41cc2d38630: receive RaftClientReply:client-D47EFDF0E133->5d71e5de-6d45-4480-a1f1-d41cc2d38630@group-C6AEA7A4B82B, cid=2703, SUCCESS, logIndex=4515, commits[5d71e5de-6d45-4480-a1f1-d41cc2d38630:c4516]
2019-06-13 13:50:42,387 INFO  client.GrpcClientProtocolClient (GrpcClientProtocolClient.java:onNext(254)) - client-D47EFDF0E133->5d71e5de-6d45-4480-a1f1-d41cc2d38630: receive RaftClientReply:client-D47EFDF0E133->5d71e5de-6d45-4480-a1f1-d41cc2d38630@group-C6AEA7A4B82B, cid=2704, SUCCESS, logIndex=4516, commits[5d71e5de-6d45-4480-a1f1-d41cc2d38630:c4517]
2019-06-13 13:50:42,396 INFO  client.GrpcClientProtocolClient (GrpcClientProtocolClient.java:onNext(254)) - client-D47EFDF0E133->5d71e5de-6d45-4480-a1f1-d41cc2d38630: receive RaftClientReply:client-D47EFDF0E133->5d71e5de-6d45-4480-a1f1-d41cc2d38630@group-C6AEA7A4B82B, cid=2705, SUCCESS, logIndex=4518, commits[5d71e5de-6d45-4480-a1f1-d41cc2d38630:c4518]
2019-06-13 13:50:42,396 INFO  storage.RaftLogWorker (RaftLogWorker.java:rollLogSegment(303)) - 5d71e5de-6d45-4480-a1f1-d41cc2d38630-RaftLogWorker: Rolling segment log-4453_4520 to index:4520
2019-06-13 13:50:42,397 INFO  storage.RaftLogWorker (RaftLogWorker.java:execute(433)) - 5d71e5de-6d45-4480-a1f1-d41cc2d38630-RaftLogWorker: Rolled log segment from /opt/src/hadoop-ozone/integration-test/target/test-dir/MiniOzoneClusterImpl-c05bfa39-b333-4767-bc96-5a78f3430938/datanode-0/data/ratis/3aee30eb-3db1-472a-b851-c6aea7a4b82b/current/log_inprogress_4453 to /opt/src/hadoop-ozone/integration-test/target/test-dir/MiniOzoneClusterImpl-c05bfa39-b333-4767-bc96-5a78f3430938/datanode-0/data/ratis/3aee30eb-3db1-472a-b851-c6aea7a4b82b/current/log_4453-4520
2019-06-13 13:50:42,400 INFO  client.GrpcClientProtocolClient (GrpcClientProtocolClient.java:onNext(254)) - client-D47EFDF0E133->5d71e5de-6d45-4480-a1f1-d41cc2d38630: receive RaftClientReply:client-D47EFDF0E133->5d71e5de-6d45-4480-a1f1-d41cc2d38630@group-C6AEA7A4B82B, cid=2706, SUCCESS, logIndex=4520, commits[5d71e5de-6d45-4480-a1f1-d41cc2d38630:c4520]
2019-06-13 13:50:42,405 DEBUG block.SCMBlockDeletingService (SCMBlockDeletingService.java:call(138)) - Running DeletedBlockTransactionScanner
2019-06-13 13:50:42,405 DEBUG block.SCMBlockDeletingService (SCMBlockDeletingService.java:call(155)) - Scanned deleted blocks log and got 0 delTX to process.
2019-06-13 13:50:42,432 INFO  storage.RaftLogWorker (RaftLogWorker.java:execute(469)) - 5d71e5de-6d45-4480-a1f1-d41cc2d38630-RaftLogWorker: created new log segment /opt/src/hadoop-ozone/integration-test/target/test-dir/MiniOzoneClusterImpl-c05bfa39-b333-4767-bc96-5a78f3430938/datanode-0/data/ratis/3aee30eb-3db1-472a-b851-c6aea7a4b82b/current/log_inprogress_4521
2019-06-13 13:50:42,434 INFO  client.GrpcClientProtocolClient (GrpcClientProtocolClient.java:onNext(254)) - client-D47EFDF0E133->5d71e5de-6d45-4480-a1f1-d41cc2d38630: receive RaftClientReply:client-D47EFDF0E133->5d71e5de-6d45-4480-a1f1-d41cc2d38630@group-C6AEA7A4B82B, cid=2707, SUCCESS, logIndex=4521, commits[5d71e5de-6d45-4480-a1f1-d41cc2d38630:c4523]
2019-06-13 13:50:42,434 INFO  client.GrpcClientProtocolClient (GrpcClientProtocolClient.java:onNext(254)) - client-D47EFDF0E133->5d71e5de-6d45-4480-a1f1-d41cc2d38630: receive RaftClientReply:client-D47EFDF0E133->5d71e5de-6d45-4480-a1f1-d41cc2d38630@group-C6AEA7A4B82B, cid=2708, SUCCESS, logIndex=4522, commits[5d71e5de-6d45-4480-a1f1-d41cc2d38630:c4523]
2019-06-13 13:50:42,444 INFO  client.GrpcClientProtocolClient (GrpcClientProtocolClient.java:onNext(254)) - client-D47EFDF0E133->5d71e5de-6d45-4480-a1f1-d41cc2d38630: receive RaftClientReply:client-D47EFDF0E133->5d71e5de-6d45-4480-a1f1-d41cc2d38630@group-C6AEA7A4B82B, cid=2709, SUCCESS, logIndex=4524, commits[5d71e5de-6d45-4480-a1f1-d41cc2d38630:c4524]
2019-06-13 13:50:42,496 INFO  client.GrpcClientProtocolClient (GrpcClientProtocolClient.java:onNext(254)) - client-D47EFDF0E133->5d71e5de-6d45-4480-a1f1-d41cc2d38630: receive RaftClientReply:client-D47EFDF0E133->5d71e5de-6d45-4480-a1f1-d41cc2d38630@group-C6AEA7A4B82B, cid=2710, SUCCESS, logIndex=4526, commits[5d71e5de-6d45-4480-a1f1-d41cc2d38630:c4526]
2019-06-13 13:50:42,500 INFO  client.GrpcClientProtocolClient (GrpcClientProtocolClient.java:onNext(254)) - client-D47EFDF0E133->5d71e5de-6d45-4480-a1f1-d41cc2d38630: receive RaftClientReply:client-D47EFDF0E133->5d71e5de-6d45-4480-a1f1-d41cc2d38630@group-C6AEA7A4B82B, cid=2711, SUCCESS, logIndex=4527, commits[5d71e5de-6d45-4480-a1f1-d41cc2d38630:c4529]
2019-06-13 13:50:42,505 INFO  client.GrpcClientProtocolClient (GrpcClientProtocolClient.java:onNext(254)) - client-D47EFDF0E133->5d71e5de-6d45-4480-a1f1-d41cc2d38630: receive RaftClientReply:client-D47EFDF0E133->5d71e5de-6d45-4480-a1f1-d41cc2d38630@group-C6AEA7A4B82B, cid=2712, SUCCESS, logIndex=4528, commits[5d71e5de-6d45-4480-a1f1-d41cc2d38630:c4529]
2019-06-13 13:50:42,506 DEBUG block.SCMBlockDeletingService (SCMBlockDeletingService.java:call(138)) - Running DeletedBlockTransactionScanner
2019-06-13 13:50:42,506 DEBUG block.SCMBlockDeletingService (SCMBlockDeletingService.java:call(155)) - Scanned deleted blocks log and got 0 delTX to process.
2019-06-13 13:50:42,517 INFO  client.GrpcClientProtocolClient (GrpcClientProtocolClient.java:onNext(254)) - client-D47EFDF0E133->5d71e5de-6d45-4480-a1f1-d41cc2d38630: receive RaftClientReply:client-D47EFDF0E133->5d71e5de-6d45-4480-a1f1-d41cc2d38630@group-C6AEA7A4B82B, cid=2713, SUCCESS, logIndex=4530, commits[5d71e5de-6d45-4480-a1f1-d41cc2d38630:c4530]
2019-06-13 13:50:42,518 INFO  client.GrpcClientProtocolClient (GrpcClientProtocolClient.java:onNext(254)) - client-D47EFDF0E133->5d71e5de-6d45-4480-a1f1-d41cc2d38630: receive RaftClientReply:client-D47EFDF0E133->5d71e5de-6d45-4480-a1f1-d41cc2d38630@group-C6AEA7A4B82B, cid=2714, SUCCESS, logIndex=4532, commits[5d71e5de-6d45-4480-a1f1-d41cc2d38630:c4532]
2019-06-13 13:50:42,523 INFO  client.GrpcClientProtocolClient (GrpcClientProtocolClient.java:onNext(254)) - client-D47EFDF0E133->5d71e5de-6d45-4480-a1f1-d41cc2d38630: receive RaftClientReply:client-D47EFDF0E133->5d71e5de-6d45-4480-a1f1-d41cc2d38630@group-C6AEA7A4B82B, cid=2715, SUCCESS, logIndex=4533, commits[5d71e5de-6d45-4480-a1f1-d41cc2d38630:c4535]
2019-06-13 13:50:42,523 INFO  client.GrpcClientProtocolClient (GrpcClientProtocolClient.java:onNext(254)) - client-D47EFDF0E133->5d71e5de-6d45-4480-a1f1-d41cc2d38630: receive RaftClientReply:client-D47EFDF0E133->5d71e5de-6d45-4480-a1f1-d41cc2d38630@group-C6AEA7A4B82B, cid=2716, SUCCESS, logIndex=4534, commits[5d71e5de-6d45-4480-a1f1-d41cc2d38630:c4535]
2019-06-13 13:50:42,529 INFO  client.GrpcClientProtocolClient (GrpcClientProtocolClient.java:onNext(254)) - client-D47EFDF0E133->5d71e5de-6d45-4480-a1f1-d41cc2d38630: receive RaftClientReply:client-D47EFDF0E133->5d71e5de-6d45-4480-a1f1-d41cc2d38630@group-C6AEA7A4B82B, cid=2717, SUCCESS, logIndex=4536, commits[5d71e5de-6d45-4480-a1f1-d41cc2d38630:c4536]
2019-06-13 13:50:42,530 INFO  client.GrpcClientProtocolClient (GrpcClientProtocolClient.java:onNext(254)) - client-D47EFDF0E133->5d71e5de-6d45-4480-a1f1-d41cc2d38630: receive RaftClientReply:client-D47EFDF0E133->5d71e5de-6d45-4480-a1f1-d41cc2d38630@group-C6AEA7A4B82B, cid=2718, SUCCESS, logIndex=4538, commits[5d71e5de-6d45-4480-a1f1-d41cc2d38630:c4538]
2019-06-13 13:50:42,533 INFO  client.GrpcClientProtocolClient (GrpcClientProtocolClient.java:onNext(254)) - client-D47EFDF0E133->5d71e5de-6d45-4480-a1f1-d41cc2d38630: receive RaftClientReply:client-D47EFDF0E133->5d71e5de-6d45-4480-a1f1-d41cc2d38630@group-C6AEA7A4B82B, cid=2719, SUCCESS, logIndex=4540, commits[5d71e5de-6d45-4480-a1f1-d41cc2d38630:c4540]
2019-06-13 13:50:42,534 INFO  client.GrpcClientProtocolClient (GrpcClientProtocolClient.java:onNext(254)) - client-D47EFDF0E133->5d71e5de-6d45-4480-a1f1-d41cc2d38630: receive RaftClientReply:client-D47EFDF0E133->5d71e5de-6d45-4480-a1f1-d41cc2d38630@group-C6AEA7A4B82B, cid=2720, SUCCESS, logIndex=4542, commits[5d71e5de-6d45-4480-a1f1-d41cc2d38630:c4542]
2019-06-13 13:50:42,544 INFO  client.GrpcClientProtocolClient (GrpcClientProtocolClient.java:onNext(254)) - client-D47EFDF0E133->5d71e5de-6d45-4480-a1f1-d41cc2d38630: receive RaftClientReply:client-D47EFDF0E133->5d71e5de-6d45-4480-a1f1-d41cc2d38630@group-C6AEA7A4B82B, cid=2721, SUCCESS, logIndex=4544, commits[5d71e5de-6d45-4480-a1f1-d41cc2d38630:c4544]
2019-06-13 13:50:42,546 INFO  client.GrpcClientProtocolClient (GrpcClientProtocolClient.java:onNext(254)) - client-D47EFDF0E133->5d71e5de-6d45-4480-a1f1-d41cc2d38630: receive RaftClientReply:client-D47EFDF0E133->5d71e5de-6d45-4480-a1f1-d41cc2d38630@group-C6AEA7A4B82B, cid=2722, SUCCESS, logIndex=4546, commits[5d71e5de-6d45-4480-a1f1-d41cc2d38630:c4546]
2019-06-13 13:50:42,547 INFO  client.GrpcClientProtocolClient (GrpcClientProtocolClient.java:onNext(254)) - client-D47EFDF0E133->5d71e5de-6d45-4480-a1f1-d41cc2d38630: receive RaftClientReply:client-D47EFDF0E133->5d71e5de-6d45-4480-a1f1-d41cc2d38630@group-C6AEA7A4B82B, cid=2723, SUCCESS, logIndex=4547, commits[5d71e5de-6d45-4480-a1f1-d41cc2d38630:c4549]
2019-06-13 13:50:42,547 INFO  client.GrpcClientProtocolClient (GrpcClientProtocolClient.java:onNext(254)) - client-D47EFDF0E133->5d71e5de-6d45-4480-a1f1-d41cc2d38630: receive RaftClientReply:client-D47EFDF0E133->5d71e5de-6d45-4480-a1f1-d41cc2d38630@group-C6AEA7A4B82B, cid=2724, SUCCESS, logIndex=4548, commits[5d71e5de-6d45-4480-a1f1-d41cc2d38630:c4549]
2019-06-13 13:50:42,552 INFO  client.GrpcClientProtocolClient (GrpcClientProtocolClient.java:onNext(254)) - client-D47EFDF0E133->5d71e5de-6d45-4480-a1f1-d41cc2d38630: receive RaftClientReply:client-D47EFDF0E133->5d71e5de-6d45-4480-a1f1-d41cc2d38630@group-C6AEA7A4B82B, cid=2725, SUCCESS, logIndex=4550, commits[5d71e5de-6d45-4480-a1f1-d41cc2d38630:c4550]
2019-06-13 13:50:42,553 INFO  client.GrpcClientProtocolClient (GrpcClientProtocolClient.java:onNext(254)) - client-D47EFDF0E133->5d71e5de-6d45-4480-a1f1-d41cc2d38630: receive RaftClientReply:client-D47EFDF0E133->5d71e5de-6d45-4480-a1f1-d41cc2d38630@group-C6AEA7A4B82B, cid=2726, SUCCESS, logIndex=4552, commits[5d71e5de-6d45-4480-a1f1-d41cc2d38630:c4552]
2019-06-13 13:50:42,554 INFO  client.GrpcClientProtocolClient (GrpcClientProtocolClient.java:onNext(254)) - client-D47EFDF0E133->5d71e5de-6d45-4480-a1f1-d41cc2d38630: receive RaftClientReply:client-D47EFDF0E133->5d71e5de-6d45-4480-a1f1-d41cc2d38630@group-C6AEA7A4B82B, cid=2727, SUCCESS, logIndex=4553, commits[5d71e5de-6d45-4480-a1f1-d41cc2d38630:c4555]
2019-06-13 13:50:42,555 INFO  client.GrpcClientProtocolClient (GrpcClientProtocolClient.java:onNext(254)) - client-D47EFDF0E133->5d71e5de-6d45-4480-a1f1-d41cc2d38630: receive RaftClientReply:client-D47EFDF0E133->5d71e5de-6d45-4480-a1f1-d41cc2d38630@group-C6AEA7A4B82B, cid=2728, SUCCESS, logIndex=4554, commits[5d71e5de-6d45-4480-a1f1-d41cc2d38630:c4555]
2019-06-13 13:50:42,564 INFO  client.GrpcClientProtocolClient (GrpcClientProtocolClient.java:onNext(254)) - client-D47EFDF0E133->5d71e5de-6d45-4480-a1f1-d41cc2d38630: receive RaftClientReply:client-D47EFDF0E133->5d71e5de-6d45-4480-a1f1-d41cc2d38630@group-C6AEA7A4B82B, cid=2729, SUCCESS, logIndex=4556, commits[5d71e5de-6d45-4480-a1f1-d41cc2d38630:c4556]
2019-06-13 13:50:42,565 INFO  client.GrpcClientProtocolClient (GrpcClientProtocolClient.java:onNext(254)) - client-D47EFDF0E133->5d71e5de-6d45-4480-a1f1-d41cc2d38630: receive RaftClientReply:client-D47EFDF0E133->5d71e5de-6d45-4480-a1f1-d41cc2d38630@group-C6AEA7A4B82B, cid=2730, SUCCESS, logIndex=4558, commits[5d71e5de-6d45-4480-a1f1-d41cc2d38630:c4558]
2019-06-13 13:50:42,566 INFO  client.GrpcClientProtocolClient (GrpcClientProtocolClient.java:onNext(254)) - client-D47EFDF0E133->5d71e5de-6d45-4480-a1f1-d41cc2d38630: receive RaftClientReply:client-D47EFDF0E133->5d71e5de-6d45-4480-a1f1-d41cc2d38630@group-C6AEA7A4B82B, cid=2731, SUCCESS, logIndex=4559, commits[5d71e5de-6d45-4480-a1f1-d41cc2d38630:c4561]
2019-06-13 13:50:42,567 INFO  client.GrpcClientProtocolClient (GrpcClientProtocolClient.java:onNext(254)) - client-D47EFDF0E133->5d71e5de-6d45-4480-a1f1-d41cc2d38630: receive RaftClientReply:client-D47EFDF0E133->5d71e5de-6d45-4480-a1f1-d41cc2d38630@group-C6AEA7A4B82B, cid=2732, SUCCESS, logIndex=4560, commits[5d71e5de-6d45-4480-a1f1-d41cc2d38630:c4561]
2019-06-13 13:50:42,574 INFO  client.GrpcClientProtocolClient (GrpcClientProtocolClient.java:onNext(254)) - client-D47EFDF0E133->5d71e5de-6d45-4480-a1f1-d41cc2d38630: receive RaftClientReply:client-D47EFDF0E133->5d71e5de-6d45-4480-a1f1-d41cc2d38630@group-C6AEA7A4B82B, cid=2733, SUCCESS, logIndex=4562, commits[5d71e5de-6d45-4480-a1f1-d41cc2d38630:c4562]
2019-06-13 13:50:42,576 INFO  client.GrpcClientProtocolClient (GrpcClientProtocolClient.java:onNext(254)) - client-D47EFDF0E133->5d71e5de-6d45-4480-a1f1-d41cc2d38630: receive RaftClientReply:client-D47EFDF0E133->5d71e5de-6d45-4480-a1f1-d41cc2d38630@group-C6AEA7A4B82B, cid=2734, SUCCESS, logIndex=4564, commits[5d71e5de-6d45-4480-a1f1-d41cc2d38630:c4564]
2019-06-13 13:50:42,577 INFO  client.GrpcClientProtocolClient (GrpcClientProtocolClient.java:onNext(254)) - client-D47EFDF0E133->5d71e5de-6d45-4480-a1f1-d41cc2d38630: receive RaftClientReply:client-D47EFDF0E133->5d71e5de-6d45-4480-a1f1-d41cc2d38630@group-C6AEA7A4B82B, cid=2735, SUCCESS, logIndex=4565, commits[5d71e5de-6d45-4480-a1f1-d41cc2d38630:c4567]
2019-06-13 13:50:42,577 INFO  client.GrpcClientProtocolClient (GrpcClientProtocolClient.java:onNext(254)) - client-D47EFDF0E133->5d71e5de-6d45-4480-a1f1-d41cc2d38630: receive RaftClientReply:client-D47EFDF0E133->5d71e5de-6d45-4480-a1f1-d41cc2d38630@group-C6AEA7A4B82B, cid=2736, SUCCESS, logIndex=4566, commits[5d71e5de-6d45-4480-a1f1-d41cc2d38630:c4567]
2019-06-13 13:50:42,586 INFO  client.GrpcClientProtocolClient (GrpcClientProtocolClient.java:onNext(254)) - client-D47EFDF0E133->5d71e5de-6d45-4480-a1f1-d41cc2d38630: receive RaftClientReply:client-D47EFDF0E133->5d71e5de-6d45-4480-a1f1-d41cc2d38630@group-C6AEA7A4B82B, cid=2737, SUCCESS, logIndex=4568, commits[5d71e5de-6d45-4480-a1f1-d41cc2d38630:c4568]
2019-06-13 13:50:42,587 INFO  client.GrpcClientProtocolClient (GrpcClientProtocolClient.java:onNext(254)) - client-D47EFDF0E133->5d71e5de-6d45-4480-a1f1-d41cc2d38630: receive RaftClientReply:client-D47EFDF0E133->5d71e5de-6d45-4480-a1f1-d41cc2d38630@group-C6AEA7A4B82B, cid=2738, SUCCESS, logIndex=4570, commits[5d71e5de-6d45-4480-a1f1-d41cc2d38630:c4570]
2019-06-13 13:50:42,588 INFO  client.GrpcClientProtocolClient (GrpcClientProtocolClient.java:onNext(254)) - client-D47EFDF0E133->5d71e5de-6d45-4480-a1f1-d41cc2d38630: receive RaftClientReply:client-D47EFDF0E133->5d71e5de-6d45-4480-a1f1-d41cc2d38630@group-C6AEA7A4B82B, cid=2739, SUCCESS, logIndex=4571, commits[5d71e5de-6d45-4480-a1f1-d41cc2d38630:c4573]
2019-06-13 13:50:42,589 INFO  client.GrpcClientProtocolClient (GrpcClientProtocolClient.java:onNext(254)) - client-D47EFDF0E133->5d71e5de-6d45-4480-a1f1-d41cc2d38630: receive RaftClientReply:client-D47EFDF0E133->5d71e5de-6d45-4480-a1f1-d41cc2d38630@group-C6AEA7A4B82B, cid=2740, SUCCESS, logIndex=4572, commits[5d71e5de-6d45-4480-a1f1-d41cc2d38630:c4573]
2019-06-13 13:50:42,608 DEBUG block.SCMBlockDeletingService (SCMBlockDeletingService.java:call(138)) - Running DeletedBlockTransactionScanner
2019-06-13 13:50:42,608 DEBUG block.SCMBlockDeletingService (SCMBlockDeletingService.java:call(155)) - Scanned deleted blocks log and got 0 delTX to process.
2019-06-13 13:50:42,661 INFO  client.GrpcClientProtocolClient (GrpcClientProtocolClient.java:onNext(254)) - client-D47EFDF0E133->5d71e5de-6d45-4480-a1f1-d41cc2d38630: receive RaftClientReply:client-D47EFDF0E133->5d71e5de-6d45-4480-a1f1-d41cc2d38630@group-C6AEA7A4B82B, cid=2741, SUCCESS, logIndex=4574, commits[5d71e5de-6d45-4480-a1f1-d41cc2d38630:c4574]
2019-06-13 13:50:42,662 INFO  client.GrpcClientProtocolClient (GrpcClientProtocolClient.java:onNext(254)) - client-D47EFDF0E133->5d71e5de-6d45-4480-a1f1-d41cc2d38630: receive RaftClientReply:client-D47EFDF0E133->5d71e5de-6d45-4480-a1f1-d41cc2d38630@group-C6AEA7A4B82B, cid=2742, SUCCESS, logIndex=4576, commits[5d71e5de-6d45-4480-a1f1-d41cc2d38630:c4576]
2019-06-13 13:50:42,663 INFO  client.GrpcClientProtocolClient (GrpcClientProtocolClient.java:onNext(254)) - client-D47EFDF0E133->5d71e5de-6d45-4480-a1f1-d41cc2d38630: receive RaftClientReply:client-D47EFDF0E133->5d71e5de-6d45-4480-a1f1-d41cc2d38630@group-C6AEA7A4B82B, cid=2743, SUCCESS, logIndex=4577, commits[5d71e5de-6d45-4480-a1f1-d41cc2d38630:c4579]
2019-06-13 13:50:42,663 INFO  client.GrpcClientProtocolClient (GrpcClientProtocolClient.java:onNext(254)) - client-D47EFDF0E133->5d71e5de-6d45-4480-a1f1-d41cc2d38630: receive RaftClientReply:client-D47EFDF0E133->5d71e5de-6d45-4480-a1f1-d41cc2d38630@group-C6AEA7A4B82B, cid=2744, SUCCESS, logIndex=4578, commits[5d71e5de-6d45-4480-a1f1-d41cc2d38630:c4579]
2019-06-13 13:50:42,672 INFO  client.GrpcClientProtocolClient (GrpcClientProtocolClient.java:onNext(254)) - client-D47EFDF0E133->5d71e5de-6d45-4480-a1f1-d41cc2d38630: receive RaftClientReply:client-D47EFDF0E133->5d71e5de-6d45-4480-a1f1-d41cc2d38630@group-C6AEA7A4B82B, cid=2745, SUCCESS, logIndex=4580, commits[5d71e5de-6d45-4480-a1f1-d41cc2d38630:c4580]
2019-06-13 13:50:42,673 INFO  client.GrpcClientProtocolClient (GrpcClientProtocolClient.java:onNext(254)) - client-D47EFDF0E133->5d71e5de-6d45-4480-a1f1-d41cc2d38630: receive RaftClientReply:client-D47EFDF0E133->5d71e5de-6d45-4480-a1f1-d41cc2d38630@group-C6AEA7A4B82B, cid=2746, SUCCESS, logIndex=4582, commits[5d71e5de-6d45-4480-a1f1-d41cc2d38630:c4582]
2019-06-13 13:50:42,674 INFO  client.GrpcClientProtocolClient (GrpcClientProtocolClient.java:onNext(254)) - client-D47EFDF0E133->5d71e5de-6d45-4480-a1f1-d41cc2d38630: receive RaftClientReply:client-D47EFDF0E133->5d71e5de-6d45-4480-a1f1-d41cc2d38630@group-C6AEA7A4B82B, cid=2747, SUCCESS, logIndex=4583, commits[5d71e5de-6d45-4480-a1f1-d41cc2d38630:c4585]
2019-06-13 13:50:42,674 INFO  client.GrpcClientProtocolClient (GrpcClientProtocolClient.java:onNext(254)) - client-D47EFDF0E133->5d71e5de-6d45-4480-a1f1-d41cc2d38630: receive RaftClientReply:client-D47EFDF0E133->5d71e5de-6d45-4480-a1f1-d41cc2d38630@group-C6AEA7A4B82B, cid=2748, SUCCESS, logIndex=4584, commits[5d71e5de-6d45-4480-a1f1-d41cc2d38630:c4585]
2019-06-13 13:50:42,679 INFO  client.GrpcClientProtocolClient (GrpcClientProtocolClient.java:onNext(254)) - client-D47EFDF0E133->5d71e5de-6d45-4480-a1f1-d41cc2d38630: receive RaftClientReply:client-D47EFDF0E133->5d71e5de-6d45-4480-a1f1-d41cc2d38630@group-C6AEA7A4B82B, cid=2749, SUCCESS, logIndex=4586, commits[5d71e5de-6d45-4480-a1f1-d41cc2d38630:c4586]
2019-06-13 13:50:42,679 INFO  storage.RaftLogWorker (RaftLogWorker.java:rollLogSegment(303)) - 5d71e5de-6d45-4480-a1f1-d41cc2d38630-RaftLogWorker: Rolling segment log-4521_4587 to index:4587
2019-06-13 13:50:42,680 INFO  storage.RaftLogWorker (RaftLogWorker.java:execute(433)) - 5d71e5de-6d45-4480-a1f1-d41cc2d38630-RaftLogWorker: Rolled log segment from /opt/src/hadoop-ozone/integration-test/target/test-dir/MiniOzoneClusterImpl-c05bfa39-b333-4767-bc96-5a78f3430938/datanode-0/data/ratis/3aee30eb-3db1-472a-b851-c6aea7a4b82b/current/log_inprogress_4521 to /opt/src/hadoop-ozone/integration-test/target/test-dir/MiniOzoneClusterImpl-c05bfa39-b333-4767-bc96-5a78f3430938/datanode-0/data/ratis/3aee30eb-3db1-472a-b851-c6aea7a4b82b/current/log_4521-4587
2019-06-13 13:50:42,708 DEBUG block.SCMBlockDeletingService (SCMBlockDeletingService.java:call(138)) - Running DeletedBlockTransactionScanner
2019-06-13 13:50:42,709 DEBUG block.SCMBlockDeletingService (SCMBlockDeletingService.java:call(155)) - Scanned deleted blocks log and got 0 delTX to process.
2019-06-13 13:50:42,720 INFO  storage.RaftLogWorker (RaftLogWorker.java:execute(469)) - 5d71e5de-6d45-4480-a1f1-d41cc2d38630-RaftLogWorker: created new log segment /opt/src/hadoop-ozone/integration-test/target/test-dir/MiniOzoneClusterImpl-c05bfa39-b333-4767-bc96-5a78f3430938/datanode-0/data/ratis/3aee30eb-3db1-472a-b851-c6aea7a4b82b/current/log_inprogress_4588
2019-06-13 13:50:42,721 INFO  client.GrpcClientProtocolClient (GrpcClientProtocolClient.java:onNext(254)) - client-D47EFDF0E133->5d71e5de-6d45-4480-a1f1-d41cc2d38630: receive RaftClientReply:client-D47EFDF0E133->5d71e5de-6d45-4480-a1f1-d41cc2d38630@group-C6AEA7A4B82B, cid=2750, SUCCESS, logIndex=4588, commits[5d71e5de-6d45-4480-a1f1-d41cc2d38630:c4590]
2019-06-13 13:50:42,721 INFO  client.GrpcClientProtocolClient (GrpcClientProtocolClient.java:onNext(254)) - client-D47EFDF0E133->5d71e5de-6d45-4480-a1f1-d41cc2d38630: receive RaftClientReply:client-D47EFDF0E133->5d71e5de-6d45-4480-a1f1-d41cc2d38630@group-C6AEA7A4B82B, cid=2751, SUCCESS, logIndex=4589, commits[5d71e5de-6d45-4480-a1f1-d41cc2d38630:c4590]
2019-06-13 13:50:42,722 INFO  client.GrpcClientProtocolClient (GrpcClientProtocolClient.java:onNext(254)) - client-D47EFDF0E133->5d71e5de-6d45-4480-a1f1-d41cc2d38630: receive RaftClientReply:client-D47EFDF0E133->5d71e5de-6d45-4480-a1f1-d41cc2d38630@group-C6AEA7A4B82B, cid=2752, SUCCESS, logIndex=4590, commits[5d71e5de-6d45-4480-a1f1-d41cc2d38630:c4591]
2019-06-13 13:50:42,733 INFO  client.GrpcClientProtocolClient (GrpcClientProtocolClient.java:onNext(254)) - client-D47EFDF0E133->5d71e5de-6d45-4480-a1f1-d41cc2d38630: receive RaftClientReply:client-D47EFDF0E133->5d71e5de-6d45-4480-a1f1-d41cc2d38630@group-C6AEA7A4B82B, cid=2753, SUCCESS, logIndex=4592, commits[5d71e5de-6d45-4480-a1f1-d41cc2d38630:c4592]
2019-06-13 13:50:42,735 INFO  client.GrpcClientProtocolClient (GrpcClientProtocolClient.java:onNext(254)) - client-D47EFDF0E133->5d71e5de-6d45-4480-a1f1-d41cc2d38630: receive RaftClientReply:client-D47EFDF0E133->5d71e5de-6d45-4480-a1f1-d41cc2d38630@group-C6AEA7A4B82B, cid=2754, SUCCESS, logIndex=4594, commits[5d71e5de-6d45-4480-a1f1-d41cc2d38630:c4594]
2019-06-13 13:50:42,736 INFO  client.GrpcClientProtocolClient (GrpcClientProtocolClient.java:onNext(254)) - client-D47EFDF0E133->5d71e5de-6d45-4480-a1f1-d41cc2d38630: receive RaftClientReply:client-D47EFDF0E133->5d71e5de-6d45-4480-a1f1-d41cc2d38630@group-C6AEA7A4B82B, cid=2755, SUCCESS, logIndex=4595, commits[5d71e5de-6d45-4480-a1f1-d41cc2d38630:c4597]
2019-06-13 13:50:42,736 INFO  client.GrpcClientProtocolClient (GrpcClientProtocolClient.java:onNext(254)) - client-D47EFDF0E133->5d71e5de-6d45-4480-a1f1-d41cc2d38630: receive RaftClientReply:client-D47EFDF0E133->5d71e5de-6d45-4480-a1f1-d41cc2d38630@group-C6AEA7A4B82B, cid=2756, SUCCESS, logIndex=4596, commits[5d71e5de-6d45-4480-a1f1-d41cc2d38630:c4597]
2019-06-13 13:50:42,741 INFO  client.GrpcClientProtocolClient (GrpcClientProtocolClient.java:onNext(254)) - client-D47EFDF0E133->5d71e5de-6d45-4480-a1f1-d41cc2d38630: receive RaftClientReply:client-D47EFDF0E133->5d71e5de-6d45-4480-a1f1-d41cc2d38630@group-C6AEA7A4B82B, cid=2757, SUCCESS, logIndex=4598, commits[5d71e5de-6d45-4480-a1f1-d41cc2d38630:c4598]
2019-06-13 13:50:42,743 INFO  client.GrpcClientProtocolClient (GrpcClientProtocolClient.java:onNext(254)) - client-D47EFDF0E133->5d71e5de-6d45-4480-a1f1-d41cc2d38630: receive RaftClientReply:client-D47EFDF0E133->5d71e5de-6d45-4480-a1f1-d41cc2d38630@group-C6AEA7A4B82B, cid=2758, SUCCESS, logIndex=4600, commits[5d71e5de-6d45-4480-a1f1-d41cc2d38630:c4600]
2019-06-13 13:50:42,744 INFO  client.GrpcClientProtocolClient (GrpcClientProtocolClient.java:onNext(254)) - client-D47EFDF0E133->5d71e5de-6d45-4480-a1f1-d41cc2d38630: receive RaftClientReply:client-D47EFDF0E133->5d71e5de-6d45-4480-a1f1-d41cc2d38630@group-C6AEA7A4B82B, cid=2759, SUCCESS, logIndex=4601, commits[5d71e5de-6d45-4480-a1f1-d41cc2d38630:c4602]
2019-06-13 13:50:42,744 INFO  client.GrpcClientProtocolClient (GrpcClientProtocolClient.java:onNext(254)) - client-D47EFDF0E133->5d71e5de-6d45-4480-a1f1-d41cc2d38630: receive RaftClientReply:client-D47EFDF0E133->5d71e5de-6d45-4480-a1f1-d41cc2d38630@group-C6AEA7A4B82B, cid=2760, SUCCESS, logIndex=4602, commits[5d71e5de-6d45-4480-a1f1-d41cc2d38630:c4602]
2019-06-13 13:50:42,753 INFO  client.GrpcClientProtocolClient (GrpcClientProtocolClient.java:onNext(254)) - client-D47EFDF0E133->5d71e5de-6d45-4480-a1f1-d41cc2d38630: receive RaftClientReply:client-D47EFDF0E133->5d71e5de-6d45-4480-a1f1-d41cc2d38630@group-C6AEA7A4B82B, cid=2761, SUCCESS, logIndex=4605, commits[5d71e5de-6d45-4480-a1f1-d41cc2d38630:c4605]
2019-06-13 13:50:42,754 INFO  client.GrpcClientProtocolClient (GrpcClientProtocolClient.java:onNext(254)) - client-D47EFDF0E133->5d71e5de-6d45-4480-a1f1-d41cc2d38630: receive RaftClientReply:client-D47EFDF0E133->5d71e5de-6d45-4480-a1f1-d41cc2d38630@group-C6AEA7A4B82B, cid=2762, SUCCESS, logIndex=4607, commits[5d71e5de-6d45-4480-a1f1-d41cc2d38630:c4607]
2019-06-13 13:50:42,755 INFO  client.GrpcClientProtocolClient (GrpcClientProtocolClient.java:onNext(254)) - client-D47EFDF0E133->5d71e5de-6d45-4480-a1f1-d41cc2d38630: receive RaftClientReply:client-D47EFDF0E133->5d71e5de-6d45-4480-a1f1-d41cc2d38630@group-C6AEA7A4B82B, cid=2763, SUCCESS, logIndex=4608, commits[5d71e5de-6d45-4480-a1f1-d41cc2d38630:c4610]
2019-06-13 13:50:42,756 INFO  client.GrpcClientProtocolClient (GrpcClientProtocolClient.java:onNext(254)) - client-D47EFDF0E133->5d71e5de-6d45-4480-a1f1-d41cc2d38630: receive RaftClientReply:client-D47EFDF0E133->5d71e5de-6d45-4480-a1f1-d41cc2d38630@group-C6AEA7A4B82B, cid=2764, SUCCESS, logIndex=4609, commits[5d71e5de-6d45-4480-a1f1-d41cc2d38630:c4610]
2019-06-13 13:50:42,760 INFO  client.GrpcClientProtocolClient (GrpcClientProtocolClient.java:onNext(254)) - client-D47EFDF0E133->5d71e5de-6d45-4480-a1f1-d41cc2d38630: receive RaftClientReply:client-D47EFDF0E133->5d71e5de-6d45-4480-a1f1-d41cc2d38630@group-C6AEA7A4B82B, cid=2765, SUCCESS, logIndex=4611, commits[5d71e5de-6d45-4480-a1f1-d41cc2d38630:c4611]
2019-06-13 13:50:42,761 INFO  client.GrpcClientProtocolClient (GrpcClientProtocolClient.java:onNext(254)) - client-D47EFDF0E133->5d71e5de-6d45-4480-a1f1-d41cc2d38630: receive RaftClientReply:client-D47EFDF0E133->5d71e5de-6d45-4480-a1f1-d41cc2d38630@group-C6AEA7A4B82B, cid=2766, SUCCESS, logIndex=4613, commits[5d71e5de-6d45-4480-a1f1-d41cc2d38630:c4613]
2019-06-13 13:50:42,762 INFO  client.GrpcClientProtocolClient (GrpcClientProtocolClient.java:onNext(254)) - client-D47EFDF0E133->5d71e5de-6d45-4480-a1f1-d41cc2d38630: receive RaftClientReply:client-D47EFDF0E133->5d71e5de-6d45-4480-a1f1-d41cc2d38630@group-C6AEA7A4B82B, cid=2767, SUCCESS, logIndex=4614, commits[5d71e5de-6d45-4480-a1f1-d41cc2d38630:c4616]
2019-06-13 13:50:42,763 INFO  client.GrpcClientProtocolClient (GrpcClientProtocolClient.java:onNext(254)) - client-D47EFDF0E133->5d71e5de-6d45-4480-a1f1-d41cc2d38630: receive RaftClientReply:client-D47EFDF0E133->5d71e5de-6d45-4480-a1f1-d41cc2d38630@group-C6AEA7A4B82B, cid=2768, SUCCESS, logIndex=4615, commits[5d71e5de-6d45-4480-a1f1-d41cc2d38630:c4616]
2019-06-13 13:50:42,774 INFO  client.GrpcClientProtocolClient (GrpcClientProtocolClient.java:onNext(254)) - client-D47EFDF0E133->5d71e5de-6d45-4480-a1f1-d41cc2d38630: receive RaftClientReply:client-D47EFDF0E133->5d71e5de-6d45-4480-a1f1-d41cc2d38630@group-C6AEA7A4B82B, cid=2769, SUCCESS, logIndex=4617, commits[5d71e5de-6d45-4480-a1f1-d41cc2d38630:c4617]
2019-06-13 13:50:42,775 INFO  client.GrpcClientProtocolClient (GrpcClientProtocolClient.java:onNext(254)) - client-D47EFDF0E133->5d71e5de-6d45-4480-a1f1-d41cc2d38630: receive RaftClientReply:client-D47EFDF0E133->5d71e5de-6d45-4480-a1f1-d41cc2d38630@group-C6AEA7A4B82B, cid=2770, SUCCESS, logIndex=4619, commits[5d71e5de-6d45-4480-a1f1-d41cc2d38630:c4619]
2019-06-13 13:50:42,776 INFO  client.GrpcClientProtocolClient (GrpcClientProtocolClient.java:onNext(254)) - client-D47EFDF0E133->5d71e5de-6d45-4480-a1f1-d41cc2d38630: receive RaftClientReply:client-D47EFDF0E133->5d71e5de-6d45-4480-a1f1-d41cc2d38630@group-C6AEA7A4B82B, cid=2771, SUCCESS, logIndex=4620, commits[5d71e5de-6d45-4480-a1f1-d41cc2d38630:c4622]
2019-06-13 13:50:42,777 INFO  client.GrpcClientProtocolClient (GrpcClientProtocolClient.java:onNext(254)) - client-D47EFDF0E133->5d71e5de-6d45-4480-a1f1-d41cc2d38630: receive RaftClientReply:client-D47EFDF0E133->5d71e5de-6d45-4480-a1f1-d41cc2d38630@group-C6AEA7A4B82B, cid=2772, SUCCESS, logIndex=4621, commits[5d71e5de-6d45-4480-a1f1-d41cc2d38630:c4622]
2019-06-13 13:50:42,782 INFO  client.GrpcClientProtocolClient (GrpcClientProtocolClient.java:onNext(254)) - client-D47EFDF0E133->5d71e5de-6d45-4480-a1f1-d41cc2d38630: receive RaftClientReply:client-D47EFDF0E133->5d71e5de-6d45-4480-a1f1-d41cc2d38630@group-C6AEA7A4B82B, cid=2773, SUCCESS, logIndex=4623, commits[5d71e5de-6d45-4480-a1f1-d41cc2d38630:c4623]
2019-06-13 13:50:42,783 INFO  client.GrpcClientProtocolClient (GrpcClientProtocolClient.java:onNext(254)) - client-D47EFDF0E133->5d71e5de-6d45-4480-a1f1-d41cc2d38630: receive RaftClientReply:client-D47EFDF0E133->5d71e5de-6d45-4480-a1f1-d41cc2d38630@group-C6AEA7A4B82B, cid=2774, SUCCESS, logIndex=4625, commits[5d71e5de-6d45-4480-a1f1-d41cc2d38630:c4625]
2019-06-13 13:50:42,784 INFO  client.GrpcClientProtocolClient (GrpcClientProtocolClient.java:onNext(254)) - client-D47EFDF0E133->5d71e5de-6d45-4480-a1f1-d41cc2d38630: receive RaftClientReply:client-D47EFDF0E133->5d71e5de-6d45-4480-a1f1-d41cc2d38630@group-C6AEA7A4B82B, cid=2775, SUCCESS, logIndex=4626, commits[5d71e5de-6d45-4480-a1f1-d41cc2d38630:c4628]
2019-06-13 13:50:42,784 INFO  client.GrpcClientProtocolClient (GrpcClientProtocolClient.java:onNext(254)) - client-D47EFDF0E133->5d71e5de-6d45-4480-a1f1-d41cc2d38630: receive RaftClientReply:client-D47EFDF0E133->5d71e5de-6d45-4480-a1f1-d41cc2d38630@group-C6AEA7A4B82B, cid=2776, SUCCESS, logIndex=4627, commits[5d71e5de-6d45-4480-a1f1-d41cc2d38630:c4628]
2019-06-13 13:50:42,793 INFO  client.GrpcClientProtocolClient (GrpcClientProtocolClient.java:onNext(254)) - client-D47EFDF0E133->5d71e5de-6d45-4480-a1f1-d41cc2d38630: receive RaftClientReply:client-D47EFDF0E133->5d71e5de-6d45-4480-a1f1-d41cc2d38630@group-C6AEA7A4B82B, cid=2777, SUCCESS, logIndex=4629, commits[5d71e5de-6d45-4480-a1f1-d41cc2d38630:c4629]
2019-06-13 13:50:42,795 INFO  client.GrpcClientProtocolClient (GrpcClientProtocolClient.java:onNext(254)) - client-D47EFDF0E133->5d71e5de-6d45-4480-a1f1-d41cc2d38630: receive RaftClientReply:client-D47EFDF0E133->5d71e5de-6d45-4480-a1f1-d41cc2d38630@group-C6AEA7A4B82B, cid=2778, SUCCESS, logIndex=4631, commits[5d71e5de-6d45-4480-a1f1-d41cc2d38630:c4631]
2019-06-13 13:50:42,796 INFO  client.GrpcClientProtocolClient (GrpcClientProtocolClient.java:onNext(254)) - client-D47EFDF0E133->5d71e5de-6d45-4480-a1f1-d41cc2d38630: receive RaftClientReply:client-D47EFDF0E133->5d71e5de-6d45-4480-a1f1-d41cc2d38630@group-C6AEA7A4B82B, cid=2779, SUCCESS, logIndex=4632, commits[5d71e5de-6d45-4480-a1f1-d41cc2d38630:c4634]
2019-06-13 13:50:42,796 INFO  client.GrpcClientProtocolClient (GrpcClientProtocolClient.java:onNext(254)) - client-D47EFDF0E133->5d71e5de-6d45-4480-a1f1-d41cc2d38630: receive RaftClientReply:client-D47EFDF0E133->5d71e5de-6d45-4480-a1f1-d41cc2d38630@group-C6AEA7A4B82B, cid=2780, SUCCESS, logIndex=4633, commits[5d71e5de-6d45-4480-a1f1-d41cc2d38630:c4634]
2019-06-13 13:50:42,800 INFO  client.GrpcClientProtocolClient (GrpcClientProtocolClient.java:onNext(254)) - client-D47EFDF0E133->5d71e5de-6d45-4480-a1f1-d41cc2d38630: receive RaftClientReply:client-D47EFDF0E133->5d71e5de-6d45-4480-a1f1-d41cc2d38630@group-C6AEA7A4B82B, cid=2781, SUCCESS, logIndex=4635, commits[5d71e5de-6d45-4480-a1f1-d41cc2d38630:c4635]
2019-06-13 13:50:42,802 INFO  client.GrpcClientProtocolClient (GrpcClientProtocolClient.java:onNext(254)) - client-D47EFDF0E133->5d71e5de-6d45-4480-a1f1-d41cc2d38630: receive RaftClientReply:client-D47EFDF0E133->5d71e5de-6d45-4480-a1f1-d41cc2d38630@group-C6AEA7A4B82B, cid=2782, SUCCESS, logIndex=4637, commits[5d71e5de-6d45-4480-a1f1-d41cc2d38630:c4637]
2019-06-13 13:50:42,803 INFO  client.GrpcClientProtocolClient (GrpcClientProtocolClient.java:onNext(254)) - client-D47EFDF0E133->5d71e5de-6d45-4480-a1f1-d41cc2d38630: receive RaftClientReply:client-D47EFDF0E133->5d71e5de-6d45-4480-a1f1-d41cc2d38630@group-C6AEA7A4B82B, cid=2783, SUCCESS, logIndex=4638, commits[5d71e5de-6d45-4480-a1f1-d41cc2d38630:c4640]
2019-06-13 13:50:42,803 INFO  client.GrpcClientProtocolClient (GrpcClientProtocolClient.java:onNext(254)) - client-D47EFDF0E133->5d71e5de-6d45-4480-a1f1-d41cc2d38630: receive RaftClientReply:client-D47EFDF0E133->5d71e5de-6d45-4480-a1f1-d41cc2d38630@group-C6AEA7A4B82B, cid=2784, SUCCESS, logIndex=4639, commits[5d71e5de-6d45-4480-a1f1-d41cc2d38630:c4640]
2019-06-13 13:50:42,809 DEBUG block.SCMBlockDeletingService (SCMBlockDeletingService.java:call(138)) - Running DeletedBlockTransactionScanner
2019-06-13 13:50:42,809 DEBUG block.SCMBlockDeletingService (SCMBlockDeletingService.java:call(155)) - Scanned deleted blocks log and got 0 delTX to process.
2019-06-13 13:50:42,879 INFO  client.GrpcClientProtocolClient (GrpcClientProtocolClient.java:onNext(254)) - client-D47EFDF0E133->5d71e5de-6d45-4480-a1f1-d41cc2d38630: receive RaftClientReply:client-D47EFDF0E133->5d71e5de-6d45-4480-a1f1-d41cc2d38630@group-C6AEA7A4B82B, cid=2785, SUCCESS, logIndex=4641, commits[5d71e5de-6d45-4480-a1f1-d41cc2d38630:c4641]
2019-06-13 13:50:42,881 INFO  client.GrpcClientProtocolClient (GrpcClientProtocolClient.java:onNext(254)) - client-D47EFDF0E133->5d71e5de-6d45-4480-a1f1-d41cc2d38630: receive RaftClientReply:client-D47EFDF0E133->5d71e5de-6d45-4480-a1f1-d41cc2d38630@group-C6AEA7A4B82B, cid=2786, SUCCESS, logIndex=4643, commits[5d71e5de-6d45-4480-a1f1-d41cc2d38630:c4643]
2019-06-13 13:50:42,882 INFO  client.GrpcClientProtocolClient (GrpcClientProtocolClient.java:onNext(254)) - client-D47EFDF0E133->5d71e5de-6d45-4480-a1f1-d41cc2d38630: receive RaftClientReply:client-D47EFDF0E133->5d71e5de-6d45-4480-a1f1-d41cc2d38630@group-C6AEA7A4B82B, cid=2787, SUCCESS, logIndex=4644, commits[5d71e5de-6d45-4480-a1f1-d41cc2d38630:c4646]
2019-06-13 13:50:42,882 INFO  client.GrpcClientProtocolClient (GrpcClientProtocolClient.java:onNext(254)) - client-D47EFDF0E133->5d71e5de-6d45-4480-a1f1-d41cc2d38630: receive RaftClientReply:client-D47EFDF0E133->5d71e5de-6d45-4480-a1f1-d41cc2d38630@group-C6AEA7A4B82B, cid=2788, SUCCESS, logIndex=4645, commits[5d71e5de-6d45-4480-a1f1-d41cc2d38630:c4646]
2019-06-13 13:50:42,887 INFO  client.GrpcClientProtocolClient (GrpcClientProtocolClient.java:onNext(254)) - client-D47EFDF0E133->5d71e5de-6d45-4480-a1f1-d41cc2d38630: receive RaftClientReply:client-D47EFDF0E133->5d71e5de-6d45-4480-a1f1-d41cc2d38630@group-C6AEA7A4B82B, cid=2789, SUCCESS, logIndex=4647, commits[5d71e5de-6d45-4480-a1f1-d41cc2d38630:c4647]
2019-06-13 13:50:42,888 INFO  client.GrpcClientProtocolClient (GrpcClientProtocolClient.java:onNext(254)) - client-D47EFDF0E133->5d71e5de-6d45-4480-a1f1-d41cc2d38630: receive RaftClientReply:client-D47EFDF0E133->5d71e5de-6d45-4480-a1f1-d41cc2d38630@group-C6AEA7A4B82B, cid=2790, SUCCESS, logIndex=4649, commits[5d71e5de-6d45-4480-a1f1-d41cc2d38630:c4649]
2019-06-13 13:50:42,889 INFO  client.GrpcClientProtocolClient (GrpcClientProtocolClient.java:onNext(254)) - client-D47EFDF0E133->5d71e5de-6d45-4480-a1f1-d41cc2d38630: receive RaftClientReply:client-D47EFDF0E133->5d71e5de-6d45-4480-a1f1-d41cc2d38630@group-C6AEA7A4B82B, cid=2791, SUCCESS, logIndex=4650, commits[5d71e5de-6d45-4480-a1f1-d41cc2d38630:c4652]
2019-06-13 13:50:42,890 INFO  client.GrpcClientProtocolClient (GrpcClientProtocolClient.java:onNext(254)) - client-D47EFDF0E133->5d71e5de-6d45-4480-a1f1-d41cc2d38630: receive RaftClientReply:client-D47EFDF0E133->5d71e5de-6d45-4480-a1f1-d41cc2d38630@group-C6AEA7A4B82B, cid=2792, SUCCESS, logIndex=4651, commits[5d71e5de-6d45-4480-a1f1-d41cc2d38630:c4652]
2019-06-13 13:50:42,937 DEBUG block.SCMBlockDeletingService (SCMBlockDeletingService.java:call(138)) - Running DeletedBlockTransactionScanner
2019-06-13 13:50:42,937 DEBUG block.SCMBlockDeletingService (SCMBlockDeletingService.java:call(155)) - Scanned deleted blocks log and got 0 delTX to process.
2019-06-13 13:50:42,938 INFO  storage.RaftLogWorker (RaftLogWorker.java:rollLogSegment(303)) - 5d71e5de-6d45-4480-a1f1-d41cc2d38630-RaftLogWorker: Rolling segment log-4588_4652 to index:4652
2019-06-13 13:50:42,939 INFO  storage.RaftLogWorker (RaftLogWorker.java:execute(433)) - 5d71e5de-6d45-4480-a1f1-d41cc2d38630-RaftLogWorker: Rolled log segment from /opt/src/hadoop-ozone/integration-test/target/test-dir/MiniOzoneClusterImpl-c05bfa39-b333-4767-bc96-5a78f3430938/datanode-0/data/ratis/3aee30eb-3db1-472a-b851-c6aea7a4b82b/current/log_inprogress_4588 to /opt/src/hadoop-ozone/integration-test/target/test-dir/MiniOzoneClusterImpl-c05bfa39-b333-4767-bc96-5a78f3430938/datanode-0/data/ratis/3aee30eb-3db1-472a-b851-c6aea7a4b82b/current/log_4588-4652
2019-06-13 13:50:42,975 INFO  storage.RaftLogWorker (RaftLogWorker.java:execute(469)) - 5d71e5de-6d45-4480-a1f1-d41cc2d38630-RaftLogWorker: created new log segment /opt/src/hadoop-ozone/integration-test/target/test-dir/MiniOzoneClusterImpl-c05bfa39-b333-4767-bc96-5a78f3430938/datanode-0/data/ratis/3aee30eb-3db1-472a-b851-c6aea7a4b82b/current/log_inprogress_4653
2019-06-13 13:50:42,976 INFO  client.GrpcClientProtocolClient (GrpcClientProtocolClient.java:onNext(254)) - client-D47EFDF0E133->5d71e5de-6d45-4480-a1f1-d41cc2d38630: receive RaftClientReply:client-D47EFDF0E133->5d71e5de-6d45-4480-a1f1-d41cc2d38630@group-C6AEA7A4B82B, cid=2793, SUCCESS, logIndex=4653, commits[5d71e5de-6d45-4480-a1f1-d41cc2d38630:c4653]
2019-06-13 13:50:42,979 INFO  client.GrpcClientProtocolClient (GrpcClientProtocolClient.java:onNext(254)) - client-D47EFDF0E133->5d71e5de-6d45-4480-a1f1-d41cc2d38630: receive RaftClientReply:client-D47EFDF0E133->5d71e5de-6d45-4480-a1f1-d41cc2d38630@group-C6AEA7A4B82B, cid=2794, SUCCESS, logIndex=4655, commits[5d71e5de-6d45-4480-a1f1-d41cc2d38630:c4657]
2019-06-13 13:50:42,979 INFO  client.GrpcClientProtocolClient (GrpcClientProtocolClient.java:onNext(254)) - client-D47EFDF0E133->5d71e5de-6d45-4480-a1f1-d41cc2d38630: receive RaftClientReply:client-D47EFDF0E133->5d71e5de-6d45-4480-a1f1-d41cc2d38630@group-C6AEA7A4B82B, cid=2795, SUCCESS, logIndex=4656, commits[5d71e5de-6d45-4480-a1f1-d41cc2d38630:c4657]
2019-06-13 13:50:42,979 INFO  client.GrpcClientProtocolClient (GrpcClientProtocolClient.java:onNext(254)) - client-D47EFDF0E133->5d71e5de-6d45-4480-a1f1-d41cc2d38630: receive RaftClientReply:client-D47EFDF0E133->5d71e5de-6d45-4480-a1f1-d41cc2d38630@group-C6AEA7A4B82B, cid=2796, SUCCESS, logIndex=4657, commits[5d71e5de-6d45-4480-a1f1-d41cc2d38630:c4658]
2019-06-13 13:50:42,984 INFO  client.GrpcClientProtocolClient (GrpcClientProtocolClient.java:onNext(254)) - client-D47EFDF0E133->5d71e5de-6d45-4480-a1f1-d41cc2d38630: receive RaftClientReply:client-D47EFDF0E133->5d71e5de-6d45-4480-a1f1-d41cc2d38630@group-C6AEA7A4B82B, cid=2797, SUCCESS, logIndex=4659, commits[5d71e5de-6d45-4480-a1f1-d41cc2d38630:c4659]
2019-06-13 13:50:42,985 INFO  client.GrpcClientProtocolClient (GrpcClientProtocolClient.java:onNext(254)) - client-D47EFDF0E133->5d71e5de-6d45-4480-a1f1-d41cc2d38630: receive RaftClientReply:client-D47EFDF0E133->5d71e5de-6d45-4480-a1f1-d41cc2d38630@group-C6AEA7A4B82B, cid=2798, SUCCESS, logIndex=4661, commits[5d71e5de-6d45-4480-a1f1-d41cc2d38630:c4661]
2019-06-13 13:50:42,987 INFO  client.GrpcClientProtocolClient (GrpcClientProtocolClient.java:onNext(254)) - client-D47EFDF0E133->5d71e5de-6d45-4480-a1f1-d41cc2d38630: receive RaftClientReply:client-D47EFDF0E133->5d71e5de-6d45-4480-a1f1-d41cc2d38630@group-C6AEA7A4B82B, cid=2799, SUCCESS, logIndex=4662, commits[5d71e5de-6d45-4480-a1f1-d41cc2d38630:c4664]
2019-06-13 13:50:42,987 INFO  client.GrpcClientProtocolClient (GrpcClientProtocolClient.java:onNext(254)) - client-D47EFDF0E133->5d71e5de-6d45-4480-a1f1-d41cc2d38630: receive RaftClientReply:client-D47EFDF0E133->5d71e5de-6d45-4480-a1f1-d41cc2d38630@group-C6AEA7A4B82B, cid=2800, SUCCESS, logIndex=4663, commits[5d71e5de-6d45-4480-a1f1-d41cc2d38630:c4664]
2019-06-13 13:50:42,996 INFO  client.GrpcClientProtocolClient (GrpcClientProtocolClient.java:onNext(254)) - client-D47EFDF0E133->5d71e5de-6d45-4480-a1f1-d41cc2d38630: receive RaftClientReply:client-D47EFDF0E133->5d71e5de-6d45-4480-a1f1-d41cc2d38630@group-C6AEA7A4B82B, cid=2801, SUCCESS, logIndex=4665, commits[5d71e5de-6d45-4480-a1f1-d41cc2d38630:c4665]
2019-06-13 13:50:42,997 INFO  client.GrpcClientProtocolClient (GrpcClientProtocolClient.java:onNext(254)) - client-D47EFDF0E133->5d71e5de-6d45-4480-a1f1-d41cc2d38630: receive RaftClientReply:client-D47EFDF0E133->5d71e5de-6d45-4480-a1f1-d41cc2d38630@group-C6AEA7A4B82B, cid=2802, SUCCESS, logIndex=4667, commits[5d71e5de-6d45-4480-a1f1-d41cc2d38630:c4667]
2019-06-13 13:50:42,998 INFO  client.GrpcClientProtocolClient (GrpcClientProtocolClient.java:onNext(254)) - client-D47EFDF0E133->5d71e5de-6d45-4480-a1f1-d41cc2d38630: receive RaftClientReply:client-D47EFDF0E133->5d71e5de-6d45-4480-a1f1-d41cc2d38630@group-C6AEA7A4B82B, cid=2803, SUCCESS, logIndex=4668, commits[5d71e5de-6d45-4480-a1f1-d41cc2d38630:c4670]
2019-06-13 13:50:42,998 INFO  client.GrpcClientProtocolClient (GrpcClientProtocolClient.java:onNext(254)) - client-D47EFDF0E133->5d71e5de-6d45-4480-a1f1-d41cc2d38630: receive RaftClientReply:client-D47EFDF0E133->5d71e5de-6d45-4480-a1f1-d41cc2d38630@group-C6AEA7A4B82B, cid=2804, SUCCESS, logIndex=4669, commits[5d71e5de-6d45-4480-a1f1-d41cc2d38630:c4670]
2019-06-13 13:50:43,003 INFO  client.GrpcClientProtocolClient (GrpcClientProtocolClient.java:onNext(254)) - client-D47EFDF0E133->5d71e5de-6d45-4480-a1f1-d41cc2d38630: receive RaftClientReply:client-D47EFDF0E133->5d71e5de-6d45-4480-a1f1-d41cc2d38630@group-C6AEA7A4B82B, cid=2805, SUCCESS, logIndex=4671, commits[5d71e5de-6d45-4480-a1f1-d41cc2d38630:c4671]
2019-06-13 13:50:43,004 INFO  client.GrpcClientProtocolClient (GrpcClientProtocolClient.java:onNext(254)) - client-D47EFDF0E133->5d71e5de-6d45-4480-a1f1-d41cc2d38630: receive RaftClientReply:client-D47EFDF0E133->5d71e5de-6d45-4480-a1f1-d41cc2d38630@group-C6AEA7A4B82B, cid=2806, SUCCESS, logIndex=4673, commits[5d71e5de-6d45-4480-a1f1-d41cc2d38630:c4673]
2019-06-13 13:50:43,006 INFO  client.GrpcClientProtocolClient (GrpcClientProtocolClient.java:onNext(254)) - client-D47EFDF0E133->5d71e5de-6d45-4480-a1f1-d41cc2d38630: receive RaftClientReply:client-D47EFDF0E133->5d71e5de-6d45-4480-a1f1-d41cc2d38630@group-C6AEA7A4B82B, cid=2807, SUCCESS, logIndex=4674, commits[5d71e5de-6d45-4480-a1f1-d41cc2d38630:c4676]
2019-06-13 13:50:43,006 INFO  client.GrpcClientProtocolClient (GrpcClientProtocolClient.java:onNext(254)) - client-D47EFDF0E133->5d71e5de-6d45-4480-a1f1-d41cc2d38630: receive RaftClientReply:client-D47EFDF0E133->5d71e5de-6d45-4480-a1f1-d41cc2d38630@group-C6AEA7A4B82B, cid=2808, SUCCESS, logIndex=4675, commits[5d71e5de-6d45-4480-a1f1-d41cc2d38630:c4676]
2019-06-13 13:50:43,020 INFO  client.GrpcClientProtocolClient (GrpcClientProtocolClient.java:onNext(254)) - client-D47EFDF0E133->5d71e5de-6d45-4480-a1f1-d41cc2d38630: receive RaftClientReply:client-D47EFDF0E133->5d71e5de-6d45-4480-a1f1-d41cc2d38630@group-C6AEA7A4B82B, cid=2809, SUCCESS, logIndex=4677, commits[5d71e5de-6d45-4480-a1f1-d41cc2d38630:c4677]
2019-06-13 13:50:43,022 INFO  client.GrpcClientProtocolClient (GrpcClientProtocolClient.java:onNext(254)) - client-D47EFDF0E133->5d71e5de-6d45-4480-a1f1-d41cc2d38630: receive RaftClientReply:client-D47EFDF0E133->5d71e5de-6d45-4480-a1f1-d41cc2d38630@group-C6AEA7A4B82B, cid=2810, SUCCESS, logIndex=4679, commits[5d71e5de-6d45-4480-a1f1-d41cc2d38630:c4679]
2019-06-13 13:50:43,022 INFO  client.GrpcClientProtocolClient (GrpcClientProtocolClient.java:onNext(254)) - client-D47EFDF0E133->5d71e5de-6d45-4480-a1f1-d41cc2d38630: receive RaftClientReply:client-D47EFDF0E133->5d71e5de-6d45-4480-a1f1-d41cc2d38630@group-C6AEA7A4B82B, cid=2811, SUCCESS, logIndex=4680, commits[5d71e5de-6d45-4480-a1f1-d41cc2d38630:c4682]
2019-06-13 13:50:43,022 INFO  client.GrpcClientProtocolClient (GrpcClientProtocolClient.java:onNext(254)) - client-D47EFDF0E133->5d71e5de-6d45-4480-a1f1-d41cc2d38630: receive RaftClientReply:client-D47EFDF0E133->5d71e5de-6d45-4480-a1f1-d41cc2d38630@group-C6AEA7A4B82B, cid=2812, SUCCESS, logIndex=4681, commits[5d71e5de-6d45-4480-a1f1-d41cc2d38630:c4682]
2019-06-13 13:50:43,028 INFO  client.GrpcClientProtocolClient (GrpcClientProtocolClient.java:onNext(254)) - client-D47EFDF0E133->5d71e5de-6d45-4480-a1f1-d41cc2d38630: receive RaftClientReply:client-D47EFDF0E133->5d71e5de-6d45-4480-a1f1-d41cc2d38630@group-C6AEA7A4B82B, cid=2813, SUCCESS, logIndex=4683, commits[5d71e5de-6d45-4480-a1f1-d41cc2d38630:c4683]
2019-06-13 13:50:43,029 INFO  client.GrpcClientProtocolClient (GrpcClientProtocolClient.java:onNext(254)) - client-D47EFDF0E133->5d71e5de-6d45-4480-a1f1-d41cc2d38630: receive RaftClientReply:client-D47EFDF0E133->5d71e5de-6d45-4480-a1f1-d41cc2d38630@group-C6AEA7A4B82B, cid=2814, SUCCESS, logIndex=4685, commits[5d71e5de-6d45-4480-a1f1-d41cc2d38630:c4685]
2019-06-13 13:50:43,030 INFO  client.GrpcClientProtocolClient (GrpcClientProtocolClient.java:onNext(254)) - client-D47EFDF0E133->5d71e5de-6d45-4480-a1f1-d41cc2d38630: receive RaftClientReply:client-D47EFDF0E133->5d71e5de-6d45-4480-a1f1-d41cc2d38630@group-C6AEA7A4B82B, cid=2815, SUCCESS, logIndex=4686, commits[5d71e5de-6d45-4480-a1f1-d41cc2d38630:c4688]
2019-06-13 13:50:43,030 INFO  client.GrpcClientProtocolClient (GrpcClientProtocolClient.java:onNext(254)) - client-D47EFDF0E133->5d71e5de-6d45-4480-a1f1-d41cc2d38630: receive RaftClientReply:client-D47EFDF0E133->5d71e5de-6d45-4480-a1f1-d41cc2d38630@group-C6AEA7A4B82B, cid=2816, SUCCESS, logIndex=4687, commits[5d71e5de-6d45-4480-a1f1-d41cc2d38630:c4688]
2019-06-13 13:50:43,039 DEBUG block.SCMBlockDeletingService (SCMBlockDeletingService.java:call(138)) - Running DeletedBlockTransactionScanner
2019-06-13 13:50:43,039 DEBUG block.SCMBlockDeletingService (SCMBlockDeletingService.java:call(155)) - Scanned deleted blocks log and got 0 delTX to process.
2019-06-13 13:50:43,040 INFO  client.GrpcClientProtocolClient (GrpcClientProtocolClient.java:onNext(254)) - client-D47EFDF0E133->5d71e5de-6d45-4480-a1f1-d41cc2d38630: receive RaftClientReply:client-D47EFDF0E133->5d71e5de-6d45-4480-a1f1-d41cc2d38630@group-C6AEA7A4B82B, cid=2817, SUCCESS, logIndex=4689, commits[5d71e5de-6d45-4480-a1f1-d41cc2d38630:c4689]
2019-06-13 13:50:43,041 INFO  client.GrpcClientProtocolClient (GrpcClientProtocolClient.java:onNext(254)) - client-D47EFDF0E133->5d71e5de-6d45-4480-a1f1-d41cc2d38630: receive RaftClientReply:client-D47EFDF0E133->5d71e5de-6d45-4480-a1f1-d41cc2d38630@group-C6AEA7A4B82B, cid=2818, SUCCESS, logIndex=4691, commits[5d71e5de-6d45-4480-a1f1-d41cc2d38630:c4691]
2019-06-13 13:50:43,042 INFO  client.GrpcClientProtocolClient (GrpcClientProtocolClient.java:onNext(254)) - client-D47EFDF0E133->5d71e5de-6d45-4480-a1f1-d41cc2d38630: receive RaftClientReply:client-D47EFDF0E133->5d71e5de-6d45-4480-a1f1-d41cc2d38630@group-C6AEA7A4B82B, cid=2819, SUCCESS, logIndex=4692, commits[5d71e5de-6d45-4480-a1f1-d41cc2d38630:c4694]
2019-06-13 13:50:43,042 INFO  client.GrpcClientProtocolClient (GrpcClientProtocolClient.java:onNext(254)) - client-D47EFDF0E133->5d71e5de-6d45-4480-a1f1-d41cc2d38630: receive RaftClientReply:client-D47EFDF0E133->5d71e5de-6d45-4480-a1f1-d41cc2d38630@group-C6AEA7A4B82B, cid=2820, SUCCESS, logIndex=4693, commits[5d71e5de-6d45-4480-a1f1-d41cc2d38630:c4694]
2019-06-13 13:50:43,047 INFO  client.GrpcClientProtocolClient (GrpcClientProtocolClient.java:onNext(254)) - client-D47EFDF0E133->5d71e5de-6d45-4480-a1f1-d41cc2d38630: receive RaftClientReply:client-D47EFDF0E133->5d71e5de-6d45-4480-a1f1-d41cc2d38630@group-C6AEA7A4B82B, cid=2821, SUCCESS, logIndex=4695, commits[5d71e5de-6d45-4480-a1f1-d41cc2d38630:c4695]
2019-06-13 13:50:43,049 INFO  client.GrpcClientProtocolClient (GrpcClientProtocolClient.java:onNext(254)) - client-D47EFDF0E133->5d71e5de-6d45-4480-a1f1-d41cc2d38630: receive RaftClientReply:client-D47EFDF0E133->5d71e5de-6d45-4480-a1f1-d41cc2d38630@group-C6AEA7A4B82B, cid=2822, SUCCESS, logIndex=4697, commits[5d71e5de-6d45-4480-a1f1-d41cc2d38630:c4697]
2019-06-13 13:50:43,049 INFO  client.GrpcClientProtocolClient (GrpcClientProtocolClient.java:onNext(254)) - client-D47EFDF0E133->5d71e5de-6d45-4480-a1f1-d41cc2d38630: receive RaftClientReply:client-D47EFDF0E133->5d71e5de-6d45-4480-a1f1-d41cc2d38630@group-C6AEA7A4B82B, cid=2823, SUCCESS, logIndex=4698, commits[5d71e5de-6d45-4480-a1f1-d41cc2d38630:c4698]
2019-06-13 13:50:43,050 INFO  client.GrpcClientProtocolClient (GrpcClientProtocolClient.java:onNext(254)) - client-D47EFDF0E133->5d71e5de-6d45-4480-a1f1-d41cc2d38630: receive RaftClientReply:client-D47EFDF0E133->5d71e5de-6d45-4480-a1f1-d41cc2d38630@group-C6AEA7A4B82B, cid=2824, SUCCESS, logIndex=4700, commits[5d71e5de-6d45-4480-a1f1-d41cc2d38630:c4700]
2019-06-13 13:50:43,059 INFO  client.GrpcClientProtocolClient (GrpcClientProtocolClient.java:onNext(254)) - client-D47EFDF0E133->5d71e5de-6d45-4480-a1f1-d41cc2d38630: receive RaftClientReply:client-D47EFDF0E133->5d71e5de-6d45-4480-a1f1-d41cc2d38630@group-C6AEA7A4B82B, cid=2825, SUCCESS, logIndex=4703, commits[5d71e5de-6d45-4480-a1f1-d41cc2d38630:c4703]
2019-06-13 13:50:43,060 INFO  client.GrpcClientProtocolClient (GrpcClientProtocolClient.java:onNext(254)) - client-D47EFDF0E133->5d71e5de-6d45-4480-a1f1-d41cc2d38630: receive RaftClientReply:client-D47EFDF0E133->5d71e5de-6d45-4480-a1f1-d41cc2d38630@group-C6AEA7A4B82B, cid=2826, SUCCESS, logIndex=4705, commits[5d71e5de-6d45-4480-a1f1-d41cc2d38630:c4705]
2019-06-13 13:50:43,061 INFO  client.GrpcClientProtocolClient (GrpcClientProtocolClient.java:onNext(254)) - client-D47EFDF0E133->5d71e5de-6d45-4480-a1f1-d41cc2d38630: receive RaftClientReply:client-D47EFDF0E133->5d71e5de-6d45-4480-a1f1-d41cc2d38630@group-C6AEA7A4B82B, cid=2827, SUCCESS, logIndex=4706, commits[5d71e5de-6d45-4480-a1f1-d41cc2d38630:c4708]
2019-06-13 13:50:43,062 INFO  client.GrpcClientProtocolClient (GrpcClientProtocolClient.java:onNext(254)) - client-D47EFDF0E133->5d71e5de-6d45-4480-a1f1-d41cc2d38630: receive RaftClientReply:client-D47EFDF0E133->5d71e5de-6d45-4480-a1f1-d41cc2d38630@group-C6AEA7A4B82B, cid=2828, SUCCESS, logIndex=4707, commits[5d71e5de-6d45-4480-a1f1-d41cc2d38630:c4708]
2019-06-13 13:50:43,133 INFO  client.GrpcClientProtocolClient (GrpcClientProtocolClient.java:onNext(254)) - client-D47EFDF0E133->5d71e5de-6d45-4480-a1f1-d41cc2d38630: receive RaftClientReply:client-D47EFDF0E133->5d71e5de-6d45-4480-a1f1-d41cc2d38630@group-C6AEA7A4B82B, cid=2829, SUCCESS, logIndex=4709, commits[5d71e5de-6d45-4480-a1f1-d41cc2d38630:c4709]
2019-06-13 13:50:43,135 INFO  client.GrpcClientProtocolClient (GrpcClientProtocolClient.java:onNext(254)) - client-D47EFDF0E133->5d71e5de-6d45-4480-a1f1-d41cc2d38630: receive RaftClientReply:client-D47EFDF0E133->5d71e5de-6d45-4480-a1f1-d41cc2d38630@group-C6AEA7A4B82B, cid=2830, SUCCESS, logIndex=4711, commits[5d71e5de-6d45-4480-a1f1-d41cc2d38630:c4711]
2019-06-13 13:50:43,136 INFO  client.GrpcClientProtocolClient (GrpcClientProtocolClient.java:onNext(254)) - client-D47EFDF0E133->5d71e5de-6d45-4480-a1f1-d41cc2d38630: receive RaftClientReply:client-D47EFDF0E133->5d71e5de-6d45-4480-a1f1-d41cc2d38630@group-C6AEA7A4B82B, cid=2831, SUCCESS, logIndex=4712, commits[5d71e5de-6d45-4480-a1f1-d41cc2d38630:c4714]
2019-06-13 13:50:43,136 INFO  client.GrpcClientProtocolClient (GrpcClientProtocolClient.java:onNext(254)) - client-D47EFDF0E133->5d71e5de-6d45-4480-a1f1-d41cc2d38630: receive RaftClientReply:client-D47EFDF0E133->5d71e5de-6d45-4480-a1f1-d41cc2d38630@group-C6AEA7A4B82B, cid=2832, SUCCESS, logIndex=4713, commits[5d71e5de-6d45-4480-a1f1-d41cc2d38630:c4714]
2019-06-13 13:50:43,139 DEBUG block.SCMBlockDeletingService (SCMBlockDeletingService.java:call(138)) - Running DeletedBlockTransactionScanner
2019-06-13 13:50:43,139 DEBUG block.SCMBlockDeletingService (SCMBlockDeletingService.java:call(155)) - Scanned deleted blocks log and got 0 delTX to process.
2019-06-13 13:50:43,147 INFO  client.GrpcClientProtocolClient (GrpcClientProtocolClient.java:onNext(254)) - client-D47EFDF0E133->5d71e5de-6d45-4480-a1f1-d41cc2d38630: receive RaftClientReply:client-D47EFDF0E133->5d71e5de-6d45-4480-a1f1-d41cc2d38630@group-C6AEA7A4B82B, cid=2833, SUCCESS, logIndex=4715, commits[5d71e5de-6d45-4480-a1f1-d41cc2d38630:c4715]
2019-06-13 13:50:43,148 INFO  client.GrpcClientProtocolClient (GrpcClientProtocolClient.java:onNext(254)) - client-D47EFDF0E133->5d71e5de-6d45-4480-a1f1-d41cc2d38630: receive RaftClientReply:client-D47EFDF0E133->5d71e5de-6d45-4480-a1f1-d41cc2d38630@group-C6AEA7A4B82B, cid=2834, SUCCESS, logIndex=4717, commits[5d71e5de-6d45-4480-a1f1-d41cc2d38630:c4717]
2019-06-13 13:50:43,149 INFO  client.GrpcClientProtocolClient (GrpcClientProtocolClient.java:onNext(254)) - client-D47EFDF0E133->5d71e5de-6d45-4480-a1f1-d41cc2d38630: receive RaftClientReply:client-D47EFDF0E133->5d71e5de-6d45-4480-a1f1-d41cc2d38630@group-C6AEA7A4B82B, cid=2835, SUCCESS, logIndex=4718, commits[5d71e5de-6d45-4480-a1f1-d41cc2d38630:c4720]
2019-06-13 13:50:43,150 INFO  client.GrpcClientProtocolClient (GrpcClientProtocolClient.java:onNext(254)) - client-D47EFDF0E133->5d71e5de-6d45-4480-a1f1-d41cc2d38630: receive RaftClientReply:client-D47EFDF0E133->5d71e5de-6d45-4480-a1f1-d41cc2d38630@group-C6AEA7A4B82B, cid=2836, SUCCESS, logIndex=4719, commits[5d71e5de-6d45-4480-a1f1-d41cc2d38630:c4720]
2019-06-13 13:50:43,152 INFO  storage.RaftLogWorker (RaftLogWorker.java:rollLogSegment(303)) - 5d71e5de-6d45-4480-a1f1-d41cc2d38630-RaftLogWorker: Rolling segment log-4653_4720 to index:4720
2019-06-13 13:50:43,153 INFO  storage.RaftLogWorker (RaftLogWorker.java:execute(433)) - 5d71e5de-6d45-4480-a1f1-d41cc2d38630-RaftLogWorker: Rolled log segment from /opt/src/hadoop-ozone/integration-test/target/test-dir/MiniOzoneClusterImpl-c05bfa39-b333-4767-bc96-5a78f3430938/datanode-0/data/ratis/3aee30eb-3db1-472a-b851-c6aea7a4b82b/current/log_inprogress_4653 to /opt/src/hadoop-ozone/integration-test/target/test-dir/MiniOzoneClusterImpl-c05bfa39-b333-4767-bc96-5a78f3430938/datanode-0/data/ratis/3aee30eb-3db1-472a-b851-c6aea7a4b82b/current/log_4653-4720
2019-06-13 13:50:43,189 INFO  storage.RaftLogWorker (RaftLogWorker.java:execute(469)) - 5d71e5de-6d45-4480-a1f1-d41cc2d38630-RaftLogWorker: created new log segment /opt/src/hadoop-ozone/integration-test/target/test-dir/MiniOzoneClusterImpl-c05bfa39-b333-4767-bc96-5a78f3430938/datanode-0/data/ratis/3aee30eb-3db1-472a-b851-c6aea7a4b82b/current/log_inprogress_4721
2019-06-13 13:50:43,191 INFO  client.GrpcClientProtocolClient (GrpcClientProtocolClient.java:onNext(254)) - client-D47EFDF0E133->5d71e5de-6d45-4480-a1f1-d41cc2d38630: receive RaftClientReply:client-D47EFDF0E133->5d71e5de-6d45-4480-a1f1-d41cc2d38630@group-C6AEA7A4B82B, cid=2837, SUCCESS, logIndex=4721, commits[5d71e5de-6d45-4480-a1f1-d41cc2d38630:c4721]
2019-06-13 13:50:43,193 INFO  client.GrpcClientProtocolClient (GrpcClientProtocolClient.java:onNext(254)) - client-D47EFDF0E133->5d71e5de-6d45-4480-a1f1-d41cc2d38630: receive RaftClientReply:client-D47EFDF0E133->5d71e5de-6d45-4480-a1f1-d41cc2d38630@group-C6AEA7A4B82B, cid=2838, SUCCESS, logIndex=4723, commits[5d71e5de-6d45-4480-a1f1-d41cc2d38630:c4723]
2019-06-13 13:50:43,194 INFO  client.GrpcClientProtocolClient (GrpcClientProtocolClient.java:onNext(254)) - client-D47EFDF0E133->5d71e5de-6d45-4480-a1f1-d41cc2d38630: receive RaftClientReply:client-D47EFDF0E133->5d71e5de-6d45-4480-a1f1-d41cc2d38630@group-C6AEA7A4B82B, cid=2839, SUCCESS, logIndex=4724, commits[5d71e5de-6d45-4480-a1f1-d41cc2d38630:c4725]
2019-06-13 13:50:43,194 INFO  client.GrpcClientProtocolClient (GrpcClientProtocolClient.java:onNext(254)) - client-D47EFDF0E133->5d71e5de-6d45-4480-a1f1-d41cc2d38630: receive RaftClientReply:client-D47EFDF0E133->5d71e5de-6d45-4480-a1f1-d41cc2d38630@group-C6AEA7A4B82B, cid=2840, SUCCESS, logIndex=4725, commits[5d71e5de-6d45-4480-a1f1-d41cc2d38630:c4726]
2019-06-13 13:50:43,205 INFO  client.GrpcClientProtocolClient (GrpcClientProtocolClient.java:onNext(254)) - client-D47EFDF0E133->5d71e5de-6d45-4480-a1f1-d41cc2d38630: receive RaftClientReply:client-D47EFDF0E133->5d71e5de-6d45-4480-a1f1-d41cc2d38630@group-C6AEA7A4B82B, cid=2841, SUCCESS, logIndex=4728, commits[5d71e5de-6d45-4480-a1f1-d41cc2d38630:c4728]
2019-06-13 13:50:43,207 INFO  client.GrpcClientProtocolClient (GrpcClientProtocolClient.java:onNext(254)) - client-D47EFDF0E133->5d71e5de-6d45-4480-a1f1-d41cc2d38630: receive RaftClientReply:client-D47EFDF0E133->5d71e5de-6d45-4480-a1f1-d41cc2d38630@group-C6AEA7A4B82B, cid=2842, SUCCESS, logIndex=4730, commits[5d71e5de-6d45-4480-a1f1-d41cc2d38630:c4732]
2019-06-13 13:50:43,208 INFO  client.GrpcClientProtocolClient (GrpcClientProtocolClient.java:onNext(254)) - client-D47EFDF0E133->5d71e5de-6d45-4480-a1f1-d41cc2d38630: receive RaftClientReply:client-D47EFDF0E133->5d71e5de-6d45-4480-a1f1-d41cc2d38630@group-C6AEA7A4B82B, cid=2843, SUCCESS, logIndex=4731, commits[5d71e5de-6d45-4480-a1f1-d41cc2d38630:c4732]
2019-06-13 13:50:43,208 INFO  client.GrpcClientProtocolClient (GrpcClientProtocolClient.java:onNext(254)) - client-D47EFDF0E133->5d71e5de-6d45-4480-a1f1-d41cc2d38630: receive RaftClientReply:client-D47EFDF0E133->5d71e5de-6d45-4480-a1f1-d41cc2d38630@group-C6AEA7A4B82B, cid=2844, SUCCESS, logIndex=4732, commits[5d71e5de-6d45-4480-a1f1-d41cc2d38630:c4733]
2019-06-13 13:50:43,214 INFO  client.GrpcClientProtocolClient (GrpcClientProtocolClient.java:onNext(254)) - client-D47EFDF0E133->5d71e5de-6d45-4480-a1f1-d41cc2d38630: receive RaftClientReply:client-D47EFDF0E133->5d71e5de-6d45-4480-a1f1-d41cc2d38630@group-C6AEA7A4B82B, cid=2845, SUCCESS, logIndex=4734, commits[5d71e5de-6d45-4480-a1f1-d41cc2d38630:c4735]
2019-06-13 13:50:43,216 INFO  client.GrpcClientProtocolClient (GrpcClientProtocolClient.java:onNext(254)) - client-D47EFDF0E133->5d71e5de-6d45-4480-a1f1-d41cc2d38630: receive RaftClientReply:client-D47EFDF0E133->5d71e5de-6d45-4480-a1f1-d41cc2d38630@group-C6AEA7A4B82B, cid=2846, SUCCESS, logIndex=4736, commits[5d71e5de-6d45-4480-a1f1-d41cc2d38630:c4736]
2019-06-13 13:50:43,216 INFO  client.GrpcClientProtocolClient (GrpcClientProtocolClient.java:onNext(254)) - client-D47EFDF0E133->5d71e5de-6d45-4480-a1f1-d41cc2d38630: receive RaftClientReply:client-D47EFDF0E133->5d71e5de-6d45-4480-a1f1-d41cc2d38630@group-C6AEA7A4B82B, cid=2847, SUCCESS, logIndex=4737, commits[5d71e5de-6d45-4480-a1f1-d41cc2d38630:c4737]
2019-06-13 13:50:43,217 INFO  client.GrpcClientProtocolClient (GrpcClientProtocolClient.java:onNext(254)) - client-D47EFDF0E133->5d71e5de-6d45-4480-a1f1-d41cc2d38630: receive RaftClientReply:client-D47EFDF0E133->5d71e5de-6d45-4480-a1f1-d41cc2d38630@group-C6AEA7A4B82B, cid=2848, SUCCESS, logIndex=4739, commits[5d71e5de-6d45-4480-a1f1-d41cc2d38630:c4739]
2019-06-13 13:50:43,227 INFO  client.GrpcClientProtocolClient (GrpcClientProtocolClient.java:onNext(254)) - client-D47EFDF0E133->5d71e5de-6d45-4480-a1f1-d41cc2d38630: receive RaftClientReply:client-D47EFDF0E133->5d71e5de-6d45-4480-a1f1-d41cc2d38630@group-C6AEA7A4B82B, cid=2849, SUCCESS, logIndex=4742, commits[5d71e5de-6d45-4480-a1f1-d41cc2d38630:c4742]
2019-06-13 13:50:43,228 INFO  client.GrpcClientProtocolClient (GrpcClientProtocolClient.java:onNext(254)) - client-D47EFDF0E133->5d71e5de-6d45-4480-a1f1-d41cc2d38630: receive RaftClientReply:client-D47EFDF0E133->5d71e5de-6d45-4480-a1f1-d41cc2d38630@group-C6AEA7A4B82B, cid=2850, SUCCESS, logIndex=4744, commits[5d71e5de-6d45-4480-a1f1-d41cc2d38630:c4744]
2019-06-13 13:50:43,229 INFO  client.GrpcClientProtocolClient (GrpcClientProtocolClient.java:onNext(254)) - client-D47EFDF0E133->5d71e5de-6d45-4480-a1f1-d41cc2d38630: receive RaftClientReply:client-D47EFDF0E133->5d71e5de-6d45-4480-a1f1-d41cc2d38630@group-C6AEA7A4B82B, cid=2851, SUCCESS, logIndex=4745, commits[5d71e5de-6d45-4480-a1f1-d41cc2d38630:c4747]
2019-06-13 13:50:43,229 INFO  client.GrpcClientProtocolClient (GrpcClientProtocolClient.java:onNext(254)) - client-D47EFDF0E133->5d71e5de-6d45-4480-a1f1-d41cc2d38630: receive RaftClientReply:client-D47EFDF0E133->5d71e5de-6d45-4480-a1f1-d41cc2d38630@group-C6AEA7A4B82B, cid=2852, SUCCESS, logIndex=4746, commits[5d71e5de-6d45-4480-a1f1-d41cc2d38630:c4747]
2019-06-13 13:50:43,234 INFO  client.GrpcClientProtocolClient (GrpcClientProtocolClient.java:onNext(254)) - client-D47EFDF0E133->5d71e5de-6d45-4480-a1f1-d41cc2d38630: receive RaftClientReply:client-D47EFDF0E133->5d71e5de-6d45-4480-a1f1-d41cc2d38630@group-C6AEA7A4B82B, cid=2853, SUCCESS, logIndex=4748, commits[5d71e5de-6d45-4480-a1f1-d41cc2d38630:c4748]
2019-06-13 13:50:43,236 INFO  client.GrpcClientProtocolClient (GrpcClientProtocolClient.java:onNext(254)) - client-D47EFDF0E133->5d71e5de-6d45-4480-a1f1-d41cc2d38630: receive RaftClientReply:client-D47EFDF0E133->5d71e5de-6d45-4480-a1f1-d41cc2d38630@group-C6AEA7A4B82B, cid=2854, SUCCESS, logIndex=4750, commits[5d71e5de-6d45-4480-a1f1-d41cc2d38630:c4750]
2019-06-13 13:50:43,237 INFO  client.GrpcClientProtocolClient (GrpcClientProtocolClient.java:onNext(254)) - client-D47EFDF0E133->5d71e5de-6d45-4480-a1f1-d41cc2d38630: receive RaftClientReply:client-D47EFDF0E133->5d71e5de-6d45-4480-a1f1-d41cc2d38630@group-C6AEA7A4B82B, cid=2855, SUCCESS, logIndex=4751, commits[5d71e5de-6d45-4480-a1f1-d41cc2d38630:c4753]
2019-06-13 13:50:43,237 INFO  client.GrpcClientProtocolClient (GrpcClientProtocolClient.java:onNext(254)) - client-D47EFDF0E133->5d71e5de-6d45-4480-a1f1-d41cc2d38630: receive RaftClientReply:client-D47EFDF0E133->5d71e5de-6d45-4480-a1f1-d41cc2d38630@group-C6AEA7A4B82B, cid=2856, SUCCESS, logIndex=4752, commits[5d71e5de-6d45-4480-a1f1-d41cc2d38630:c4753]
2019-06-13 13:50:43,239 DEBUG block.SCMBlockDeletingService (SCMBlockDeletingService.java:call(138)) - Running DeletedBlockTransactionScanner
2019-06-13 13:50:43,239 DEBUG block.SCMBlockDeletingService (SCMBlockDeletingService.java:call(155)) - Scanned deleted blocks log and got 0 delTX to process.
2019-06-13 13:50:43,248 INFO  client.GrpcClientProtocolClient (GrpcClientProtocolClient.java:onNext(254)) - client-D47EFDF0E133->5d71e5de-6d45-4480-a1f1-d41cc2d38630: receive RaftClientReply:client-D47EFDF0E133->5d71e5de-6d45-4480-a1f1-d41cc2d38630@group-C6AEA7A4B82B, cid=2857, SUCCESS, logIndex=4754, commits[5d71e5de-6d45-4480-a1f1-d41cc2d38630:c4754]
2019-06-13 13:50:43,250 INFO  client.GrpcClientProtocolClient (GrpcClientProtocolClient.java:onNext(254)) - client-D47EFDF0E133->5d71e5de-6d45-4480-a1f1-d41cc2d38630: receive RaftClientReply:client-D47EFDF0E133->5d71e5de-6d45-4480-a1f1-d41cc2d38630@group-C6AEA7A4B82B, cid=2858, SUCCESS, logIndex=4756, commits[5d71e5de-6d45-4480-a1f1-d41cc2d38630:c4756]
2019-06-13 13:50:43,250 INFO  client.GrpcClientProtocolClient (GrpcClientProtocolClient.java:onNext(254)) - client-D47EFDF0E133->5d71e5de-6d45-4480-a1f1-d41cc2d38630: receive RaftClientReply:client-D47EFDF0E133->5d71e5de-6d45-4480-a1f1-d41cc2d38630@group-C6AEA7A4B82B, cid=2859, SUCCESS, logIndex=4757, commits[5d71e5de-6d45-4480-a1f1-d41cc2d38630:c4759]
2019-06-13 13:50:43,250 INFO  client.GrpcClientProtocolClient (GrpcClientProtocolClient.java:onNext(254)) - client-D47EFDF0E133->5d71e5de-6d45-4480-a1f1-d41cc2d38630: receive RaftClientReply:client-D47EFDF0E133->5d71e5de-6d45-4480-a1f1-d41cc2d38630@group-C6AEA7A4B82B, cid=2860, SUCCESS, logIndex=4758, commits[5d71e5de-6d45-4480-a1f1-d41cc2d38630:c4759]
2019-06-13 13:50:43,256 INFO  client.GrpcClientProtocolClient (GrpcClientProtocolClient.java:onNext(254)) - client-D47EFDF0E133->5d71e5de-6d45-4480-a1f1-d41cc2d38630: receive RaftClientReply:client-D47EFDF0E133->5d71e5de-6d45-4480-a1f1-d41cc2d38630@group-C6AEA7A4B82B, cid=2861, SUCCESS, logIndex=4760, commits[5d71e5de-6d45-4480-a1f1-d41cc2d38630:c4760]
2019-06-13 13:50:43,257 INFO  client.GrpcClientProtocolClient (GrpcClientProtocolClient.java:onNext(254)) - client-D47EFDF0E133->5d71e5de-6d45-4480-a1f1-d41cc2d38630: receive RaftClientReply:client-D47EFDF0E133->5d71e5de-6d45-4480-a1f1-d41cc2d38630@group-C6AEA7A4B82B, cid=2862, SUCCESS, logIndex=4762, commits[5d71e5de-6d45-4480-a1f1-d41cc2d38630:c4762]
2019-06-13 13:50:43,259 INFO  client.GrpcClientProtocolClient (GrpcClientProtocolClient.java:onNext(254)) - client-D47EFDF0E133->5d71e5de-6d45-4480-a1f1-d41cc2d38630: receive RaftClientReply:client-D47EFDF0E133->5d71e5de-6d45-4480-a1f1-d41cc2d38630@group-C6AEA7A4B82B, cid=2863, SUCCESS, logIndex=4763, commits[5d71e5de-6d45-4480-a1f1-d41cc2d38630:c4765]
2019-06-13 13:50:43,259 INFO  client.GrpcClientProtocolClient (GrpcClientProtocolClient.java:onNext(254)) - client-D47EFDF0E133->5d71e5de-6d45-4480-a1f1-d41cc2d38630: receive RaftClientReply:client-D47EFDF0E133->5d71e5de-6d45-4480-a1f1-d41cc2d38630@group-C6AEA7A4B82B, cid=2864, SUCCESS, logIndex=4764, commits[5d71e5de-6d45-4480-a1f1-d41cc2d38630:c4765]
2019-06-13 13:50:43,268 INFO  client.GrpcClientProtocolClient (GrpcClientProtocolClient.java:onNext(254)) - client-D47EFDF0E133->5d71e5de-6d45-4480-a1f1-d41cc2d38630: receive RaftClientReply:client-D47EFDF0E133->5d71e5de-6d45-4480-a1f1-d41cc2d38630@group-C6AEA7A4B82B, cid=2865, SUCCESS, logIndex=4766, commits[5d71e5de-6d45-4480-a1f1-d41cc2d38630:c4766]
2019-06-13 13:50:43,270 INFO  client.GrpcClientProtocolClient (GrpcClientProtocolClient.java:onNext(254)) - client-D47EFDF0E133->5d71e5de-6d45-4480-a1f1-d41cc2d38630: receive RaftClientReply:client-D47EFDF0E133->5d71e5de-6d45-4480-a1f1-d41cc2d38630@group-C6AEA7A4B82B, cid=2866, SUCCESS, logIndex=4768, commits[5d71e5de-6d45-4480-a1f1-d41cc2d38630:c4768]
2019-06-13 13:50:43,271 INFO  client.GrpcClientProtocolClient (GrpcClientProtocolClient.java:onNext(254)) - client-D47EFDF0E133->5d71e5de-6d45-4480-a1f1-d41cc2d38630: receive RaftClientReply:client-D47EFDF0E133->5d71e5de-6d45-4480-a1f1-d41cc2d38630@group-C6AEA7A4B82B, cid=2867, SUCCESS, logIndex=4769, commits[5d71e5de-6d45-4480-a1f1-d41cc2d38630:c4771]
2019-06-13 13:50:43,271 INFO  client.GrpcClientProtocolClient (GrpcClientProtocolClient.java:onNext(254)) - client-D47EFDF0E133->5d71e5de-6d45-4480-a1f1-d41cc2d38630: receive RaftClientReply:client-D47EFDF0E133->5d71e5de-6d45-4480-a1f1-d41cc2d38630@group-C6AEA7A4B82B, cid=2868, SUCCESS, logIndex=4770, commits[5d71e5de-6d45-4480-a1f1-d41cc2d38630:c4771]
2019-06-13 13:50:43,276 INFO  client.GrpcClientProtocolClient (GrpcClientProtocolClient.java:onNext(254)) - client-D47EFDF0E133->5d71e5de-6d45-4480-a1f1-d41cc2d38630: receive RaftClientReply:client-D47EFDF0E133->5d71e5de-6d45-4480-a1f1-d41cc2d38630@group-C6AEA7A4B82B, cid=2869, SUCCESS, logIndex=4772, commits[5d71e5de-6d45-4480-a1f1-d41cc2d38630:c4772]
2019-06-13 13:50:43,278 INFO  client.GrpcClientProtocolClient (GrpcClientProtocolClient.java:onNext(254)) - client-D47EFDF0E133->5d71e5de-6d45-4480-a1f1-d41cc2d38630: receive RaftClientReply:client-D47EFDF0E133->5d71e5de-6d45-4480-a1f1-d41cc2d38630@group-C6AEA7A4B82B, cid=2870, SUCCESS, logIndex=4774, commits[5d71e5de-6d45-4480-a1f1-d41cc2d38630:c4774]
2019-06-13 13:50:43,279 INFO  client.GrpcClientProtocolClient (GrpcClientProtocolClient.java:onNext(254)) - client-D47EFDF0E133->5d71e5de-6d45-4480-a1f1-d41cc2d38630: receive RaftClientReply:client-D47EFDF0E133->5d71e5de-6d45-4480-a1f1-d41cc2d38630@group-C6AEA7A4B82B, cid=2871, SUCCESS, logIndex=4775, commits[5d71e5de-6d45-4480-a1f1-d41cc2d38630:c4777]
2019-06-13 13:50:43,279 INFO  client.GrpcClientProtocolClient (GrpcClientProtocolClient.java:onNext(254)) - client-D47EFDF0E133->5d71e5de-6d45-4480-a1f1-d41cc2d38630: receive RaftClientReply:client-D47EFDF0E133->5d71e5de-6d45-4480-a1f1-d41cc2d38630@group-C6AEA7A4B82B, cid=2872, SUCCESS, logIndex=4776, commits[5d71e5de-6d45-4480-a1f1-d41cc2d38630:c4777]
2019-06-13 13:50:43,340 DEBUG block.SCMBlockDeletingService (SCMBlockDeletingService.java:call(138)) - Running DeletedBlockTransactionScanner
2019-06-13 13:50:43,340 DEBUG block.SCMBlockDeletingService (SCMBlockDeletingService.java:call(155)) - Scanned deleted blocks log and got 0 delTX to process.
2019-06-13 13:50:43,362 INFO  client.GrpcClientProtocolClient (GrpcClientProtocolClient.java:onNext(254)) - client-D47EFDF0E133->5d71e5de-6d45-4480-a1f1-d41cc2d38630: receive RaftClientReply:client-D47EFDF0E133->5d71e5de-6d45-4480-a1f1-d41cc2d38630@group-C6AEA7A4B82B, cid=2873, SUCCESS, logIndex=4778, commits[5d71e5de-6d45-4480-a1f1-d41cc2d38630:c4778]
2019-06-13 13:50:43,363 INFO  client.GrpcClientProtocolClient (GrpcClientProtocolClient.java:onNext(254)) - client-D47EFDF0E133->5d71e5de-6d45-4480-a1f1-d41cc2d38630: receive RaftClientReply:client-D47EFDF0E133->5d71e5de-6d45-4480-a1f1-d41cc2d38630@group-C6AEA7A4B82B, cid=2874, SUCCESS, logIndex=4780, commits[5d71e5de-6d45-4480-a1f1-d41cc2d38630:c4780]
2019-06-13 13:50:43,365 INFO  client.GrpcClientProtocolClient (GrpcClientProtocolClient.java:onNext(254)) - client-D47EFDF0E133->5d71e5de-6d45-4480-a1f1-d41cc2d38630: receive RaftClientReply:client-D47EFDF0E133->5d71e5de-6d45-4480-a1f1-d41cc2d38630@group-C6AEA7A4B82B, cid=2875, SUCCESS, logIndex=4781, commits[5d71e5de-6d45-4480-a1f1-d41cc2d38630:c4783]
2019-06-13 13:50:43,365 INFO  client.GrpcClientProtocolClient (GrpcClientProtocolClient.java:onNext(254)) - client-D47EFDF0E133->5d71e5de-6d45-4480-a1f1-d41cc2d38630: receive RaftClientReply:client-D47EFDF0E133->5d71e5de-6d45-4480-a1f1-d41cc2d38630@group-C6AEA7A4B82B, cid=2876, SUCCESS, logIndex=4782, commits[5d71e5de-6d45-4480-a1f1-d41cc2d38630:c4783]
2019-06-13 13:50:43,651 DEBUG block.SCMBlockDeletingService (SCMBlockDeletingService.java:call(138)) - Running DeletedBlockTransactionScanner
2019-06-13 13:50:43,651 DEBUG block.SCMBlockDeletingService (SCMBlockDeletingService.java:call(155)) - Scanned deleted blocks log and got 0 delTX to process.
2019-06-13 13:50:43,661 INFO  client.GrpcClientProtocolClient (GrpcClientProtocolClient.java:onNext(254)) - client-D47EFDF0E133->5d71e5de-6d45-4480-a1f1-d41cc2d38630: receive RaftClientReply:client-D47EFDF0E133->5d71e5de-6d45-4480-a1f1-d41cc2d38630@group-C6AEA7A4B82B, cid=2877, SUCCESS, logIndex=4784, commits[5d71e5de-6d45-4480-a1f1-d41cc2d38630:c4784]
2019-06-13 13:50:43,665 INFO  client.GrpcClientProtocolClient (GrpcClientProtocolClient.java:onNext(254)) - client-D47EFDF0E133->5d71e5de-6d45-4480-a1f1-d41cc2d38630: receive RaftClientReply:client-D47EFDF0E133->5d71e5de-6d45-4480-a1f1-d41cc2d38630@group-C6AEA7A4B82B, cid=2878, SUCCESS, logIndex=4786, commits[5d71e5de-6d45-4480-a1f1-d41cc2d38630:c4787]
2019-06-13 13:50:43,665 INFO  storage.RaftLogWorker (RaftLogWorker.java:rollLogSegment(303)) - 5d71e5de-6d45-4480-a1f1-d41cc2d38630-RaftLogWorker: Rolling segment log-4721_4788 to index:4788
2019-06-13 13:50:43,668 INFO  storage.RaftLogWorker (RaftLogWorker.java:execute(433)) - 5d71e5de-6d45-4480-a1f1-d41cc2d38630-RaftLogWorker: Rolled log segment from /opt/src/hadoop-ozone/integration-test/target/test-dir/MiniOzoneClusterImpl-c05bfa39-b333-4767-bc96-5a78f3430938/datanode-0/data/ratis/3aee30eb-3db1-472a-b851-c6aea7a4b82b/current/log_inprogress_4721 to /opt/src/hadoop-ozone/integration-test/target/test-dir/MiniOzoneClusterImpl-c05bfa39-b333-4767-bc96-5a78f3430938/datanode-0/data/ratis/3aee30eb-3db1-472a-b851-c6aea7a4b82b/current/log_4721-4788
2019-06-13 13:50:43,669 INFO  client.GrpcClientProtocolClient (GrpcClientProtocolClient.java:onNext(254)) - client-D47EFDF0E133->5d71e5de-6d45-4480-a1f1-d41cc2d38630: receive RaftClientReply:client-D47EFDF0E133->5d71e5de-6d45-4480-a1f1-d41cc2d38630@group-C6AEA7A4B82B, cid=2879, SUCCESS, logIndex=4788, commits[5d71e5de-6d45-4480-a1f1-d41cc2d38630:c4788]
2019-06-13 13:50:43,706 INFO  storage.RaftLogWorker (RaftLogWorker.java:execute(469)) - 5d71e5de-6d45-4480-a1f1-d41cc2d38630-RaftLogWorker: created new log segment /opt/src/hadoop-ozone/integration-test/target/test-dir/MiniOzoneClusterImpl-c05bfa39-b333-4767-bc96-5a78f3430938/datanode-0/data/ratis/3aee30eb-3db1-472a-b851-c6aea7a4b82b/current/log_inprogress_4789
2019-06-13 13:50:43,707 INFO  client.GrpcClientProtocolClient (GrpcClientProtocolClient.java:onNext(254)) - client-D47EFDF0E133->5d71e5de-6d45-4480-a1f1-d41cc2d38630: receive RaftClientReply:client-D47EFDF0E133->5d71e5de-6d45-4480-a1f1-d41cc2d38630@group-C6AEA7A4B82B, cid=2880, SUCCESS, logIndex=4789, commits[5d71e5de-6d45-4480-a1f1-d41cc2d38630:c4790]
2019-06-13 13:50:43,718 INFO  client.GrpcClientProtocolClient (GrpcClientProtocolClient.java:onNext(254)) - client-D47EFDF0E133->5d71e5de-6d45-4480-a1f1-d41cc2d38630: receive RaftClientReply:client-D47EFDF0E133->5d71e5de-6d45-4480-a1f1-d41cc2d38630@group-C6AEA7A4B82B, cid=2881, SUCCESS, logIndex=4791, commits[5d71e5de-6d45-4480-a1f1-d41cc2d38630:c4791]
2019-06-13 13:50:43,720 INFO  client.GrpcClientProtocolClient (GrpcClientProtocolClient.java:onNext(254)) - client-D47EFDF0E133->5d71e5de-6d45-4480-a1f1-d41cc2d38630: receive RaftClientReply:client-D47EFDF0E133->5d71e5de-6d45-4480-a1f1-d41cc2d38630@group-C6AEA7A4B82B, cid=2882, SUCCESS, logIndex=4793, commits[5d71e5de-6d45-4480-a1f1-d41cc2d38630:c4793]
2019-06-13 13:50:43,720 INFO  client.GrpcClientProtocolClient (GrpcClientProtocolClient.java:onNext(254)) - client-D47EFDF0E133->5d71e5de-6d45-4480-a1f1-d41cc2d38630: receive RaftClientReply:client-D47EFDF0E133->5d71e5de-6d45-4480-a1f1-d41cc2d38630@group-C6AEA7A4B82B, cid=2883, SUCCESS, logIndex=4794, commits[5d71e5de-6d45-4480-a1f1-d41cc2d38630:c4796]
2019-06-13 13:50:43,721 INFO  client.GrpcClientProtocolClient (GrpcClientProtocolClient.java:onNext(254)) - client-D47EFDF0E133->5d71e5de-6d45-4480-a1f1-d41cc2d38630: receive RaftClientReply:client-D47EFDF0E133->5d71e5de-6d45-4480-a1f1-d41cc2d38630@group-C6AEA7A4B82B, cid=2884, SUCCESS, logIndex=4795, commits[5d71e5de-6d45-4480-a1f1-d41cc2d38630:c4796]
2019-06-13 13:50:43,726 INFO  client.GrpcClientProtocolClient (GrpcClientProtocolClient.java:onNext(254)) - client-D47EFDF0E133->5d71e5de-6d45-4480-a1f1-d41cc2d38630: receive RaftClientReply:client-D47EFDF0E133->5d71e5de-6d45-4480-a1f1-d41cc2d38630@group-C6AEA7A4B82B, cid=2885, SUCCESS, logIndex=4797, commits[5d71e5de-6d45-4480-a1f1-d41cc2d38630:c4797]
2019-06-13 13:50:43,728 INFO  client.GrpcClientProtocolClient (GrpcClientProtocolClient.java:onNext(254)) - client-D47EFDF0E133->5d71e5de-6d45-4480-a1f1-d41cc2d38630: receive RaftClientReply:client-D47EFDF0E133->5d71e5de-6d45-4480-a1f1-d41cc2d38630@group-C6AEA7A4B82B, cid=2886, SUCCESS, logIndex=4799, commits[5d71e5de-6d45-4480-a1f1-d41cc2d38630:c4799]
2019-06-13 13:50:43,728 INFO  client.GrpcClientProtocolClient (GrpcClientProtocolClient.java:onNext(254)) - client-D47EFDF0E133->5d71e5de-6d45-4480-a1f1-d41cc2d38630: receive RaftClientReply:client-D47EFDF0E133->5d71e5de-6d45-4480-a1f1-d41cc2d38630@group-C6AEA7A4B82B, cid=2887, SUCCESS, logIndex=4800, commits[5d71e5de-6d45-4480-a1f1-d41cc2d38630:c4801]
2019-06-13 13:50:43,729 INFO  client.GrpcClientProtocolClient (GrpcClientProtocolClient.java:onNext(254)) - client-D47EFDF0E133->5d71e5de-6d45-4480-a1f1-d41cc2d38630: receive RaftClientReply:client-D47EFDF0E133->5d71e5de-6d45-4480-a1f1-d41cc2d38630@group-C6AEA7A4B82B, cid=2888, SUCCESS, logIndex=4801, commits[5d71e5de-6d45-4480-a1f1-d41cc2d38630:c4801]
2019-06-13 13:50:43,739 INFO  client.GrpcClientProtocolClient (GrpcClientProtocolClient.java:onNext(254)) - client-D47EFDF0E133->5d71e5de-6d45-4480-a1f1-d41cc2d38630: receive RaftClientReply:client-D47EFDF0E133->5d71e5de-6d45-4480-a1f1-d41cc2d38630@group-C6AEA7A4B82B, cid=2889, SUCCESS, logIndex=4804, commits[5d71e5de-6d45-4480-a1f1-d41cc2d38630:c4804]
2019-06-13 13:50:43,740 INFO  client.GrpcClientProtocolClient (GrpcClientProtocolClient.java:onNext(254)) - client-D47EFDF0E133->5d71e5de-6d45-4480-a1f1-d41cc2d38630: receive RaftClientReply:client-D47EFDF0E133->5d71e5de-6d45-4480-a1f1-d41cc2d38630@group-C6AEA7A4B82B, cid=2890, SUCCESS, logIndex=4806, commits[5d71e5de-6d45-4480-a1f1-d41cc2d38630:c4806]
2019-06-13 13:50:43,741 INFO  client.GrpcClientProtocolClient (GrpcClientProtocolClient.java:onNext(254)) - client-D47EFDF0E133->5d71e5de-6d45-4480-a1f1-d41cc2d38630: receive RaftClientReply:client-D47EFDF0E133->5d71e5de-6d45-4480-a1f1-d41cc2d38630@group-C6AEA7A4B82B, cid=2891, SUCCESS, logIndex=4807, commits[5d71e5de-6d45-4480-a1f1-d41cc2d38630:c4809]
2019-06-13 13:50:43,742 INFO  client.GrpcClientProtocolClient (GrpcClientProtocolClient.java:onNext(254)) - client-D47EFDF0E133->5d71e5de-6d45-4480-a1f1-d41cc2d38630: receive RaftClientReply:client-D47EFDF0E133->5d71e5de-6d45-4480-a1f1-d41cc2d38630@group-C6AEA7A4B82B, cid=2892, SUCCESS, logIndex=4808, commits[5d71e5de-6d45-4480-a1f1-d41cc2d38630:c4809]
2019-06-13 13:50:43,746 INFO  client.GrpcClientProtocolClient (GrpcClientProtocolClient.java:onNext(254)) - client-D47EFDF0E133->5d71e5de-6d45-4480-a1f1-d41cc2d38630: receive RaftClientReply:client-D47EFDF0E133->5d71e5de-6d45-4480-a1f1-d41cc2d38630@group-C6AEA7A4B82B, cid=2893, SUCCESS, logIndex=4810, commits[5d71e5de-6d45-4480-a1f1-d41cc2d38630:c4810]
2019-06-13 13:50:43,747 INFO  client.GrpcClientProtocolClient (GrpcClientProtocolClient.java:onNext(254)) - client-D47EFDF0E133->5d71e5de-6d45-4480-a1f1-d41cc2d38630: receive RaftClientReply:client-D47EFDF0E133->5d71e5de-6d45-4480-a1f1-d41cc2d38630@group-C6AEA7A4B82B, cid=2894, SUCCESS, logIndex=4812, commits[5d71e5de-6d45-4480-a1f1-d41cc2d38630:c4812]
2019-06-13 13:50:43,749 INFO  client.GrpcClientProtocolClient (GrpcClientProtocolClient.java:onNext(254)) - client-D47EFDF0E133->5d71e5de-6d45-4480-a1f1-d41cc2d38630: receive RaftClientReply:client-D47EFDF0E133->5d71e5de-6d45-4480-a1f1-d41cc2d38630@group-C6AEA7A4B82B, cid=2895, SUCCESS, logIndex=4813, commits[5d71e5de-6d45-4480-a1f1-d41cc2d38630:c4815]
2019-06-13 13:50:43,749 INFO  client.GrpcClientProtocolClient (GrpcClientProtocolClient.java:onNext(254)) - client-D47EFDF0E133->5d71e5de-6d45-4480-a1f1-d41cc2d38630: receive RaftClientReply:client-D47EFDF0E133->5d71e5de-6d45-4480-a1f1-d41cc2d38630@group-C6AEA7A4B82B, cid=2896, SUCCESS, logIndex=4814, commits[5d71e5de-6d45-4480-a1f1-d41cc2d38630:c4815]
2019-06-13 13:50:43,751 DEBUG block.SCMBlockDeletingService (SCMBlockDeletingService.java:call(138)) - Running DeletedBlockTransactionScanner
2019-06-13 13:50:43,751 DEBUG block.SCMBlockDeletingService (SCMBlockDeletingService.java:call(155)) - Scanned deleted blocks log and got 0 delTX to process.
2019-06-13 13:50:43,759 INFO  client.GrpcClientProtocolClient (GrpcClientProtocolClient.java:onNext(254)) - client-D47EFDF0E133->5d71e5de-6d45-4480-a1f1-d41cc2d38630: receive RaftClientReply:client-D47EFDF0E133->5d71e5de-6d45-4480-a1f1-d41cc2d38630@group-C6AEA7A4B82B, cid=2897, SUCCESS, logIndex=4816, commits[5d71e5de-6d45-4480-a1f1-d41cc2d38630:c4816]
2019-06-13 13:50:43,760 INFO  client.GrpcClientProtocolClient (GrpcClientProtocolClient.java:onNext(254)) - client-D47EFDF0E133->5d71e5de-6d45-4480-a1f1-d41cc2d38630: receive RaftClientReply:client-D47EFDF0E133->5d71e5de-6d45-4480-a1f1-d41cc2d38630@group-C6AEA7A4B82B, cid=2898, SUCCESS, logIndex=4818, commits[5d71e5de-6d45-4480-a1f1-d41cc2d38630:c4818]
2019-06-13 13:50:43,761 INFO  client.GrpcClientProtocolClient (GrpcClientProtocolClient.java:onNext(254)) - client-D47EFDF0E133->5d71e5de-6d45-4480-a1f1-d41cc2d38630: receive RaftClientReply:client-D47EFDF0E133->5d71e5de-6d45-4480-a1f1-d41cc2d38630@group-C6AEA7A4B82B, cid=2899, SUCCESS, logIndex=4819, commits[5d71e5de-6d45-4480-a1f1-d41cc2d38630:c4821]
2019-06-13 13:50:43,762 INFO  client.GrpcClientProtocolClient (GrpcClientProtocolClient.java:onNext(254)) - client-D47EFDF0E133->5d71e5de-6d45-4480-a1f1-d41cc2d38630: receive RaftClientReply:client-D47EFDF0E133->5d71e5de-6d45-4480-a1f1-d41cc2d38630@group-C6AEA7A4B82B, cid=2900, SUCCESS, logIndex=4820, commits[5d71e5de-6d45-4480-a1f1-d41cc2d38630:c4821]
2019-06-13 13:50:43,766 INFO  client.GrpcClientProtocolClient (GrpcClientProtocolClient.java:onNext(254)) - client-D47EFDF0E133->5d71e5de-6d45-4480-a1f1-d41cc2d38630: receive RaftClientReply:client-D47EFDF0E133->5d71e5de-6d45-4480-a1f1-d41cc2d38630@group-C6AEA7A4B82B, cid=2901, SUCCESS, logIndex=4822, commits[5d71e5de-6d45-4480-a1f1-d41cc2d38630:c4822]
2019-06-13 13:50:43,768 INFO  client.GrpcClientProtocolClient (GrpcClientProtocolClient.java:onNext(254)) - client-D47EFDF0E133->5d71e5de-6d45-4480-a1f1-d41cc2d38630: receive RaftClientReply:client-D47EFDF0E133->5d71e5de-6d45-4480-a1f1-d41cc2d38630@group-C6AEA7A4B82B, cid=2902, SUCCESS, logIndex=4824, commits[5d71e5de-6d45-4480-a1f1-d41cc2d38630:c4824]
2019-06-13 13:50:43,769 INFO  client.GrpcClientProtocolClient (GrpcClientProtocolClient.java:onNext(254)) - client-D47EFDF0E133->5d71e5de-6d45-4480-a1f1-d41cc2d38630: receive RaftClientReply:client-D47EFDF0E133->5d71e5de-6d45-4480-a1f1-d41cc2d38630@group-C6AEA7A4B82B, cid=2903, SUCCESS, logIndex=4825, commits[5d71e5de-6d45-4480-a1f1-d41cc2d38630:c4826]
2019-06-13 13:50:43,771 INFO  client.GrpcClientProtocolClient (GrpcClientProtocolClient.java:onNext(254)) - client-D47EFDF0E133->5d71e5de-6d45-4480-a1f1-d41cc2d38630: receive RaftClientReply:client-D47EFDF0E133->5d71e5de-6d45-4480-a1f1-d41cc2d38630@group-C6AEA7A4B82B, cid=2904, SUCCESS, logIndex=4827, commits[5d71e5de-6d45-4480-a1f1-d41cc2d38630:c4827]
2019-06-13 13:50:43,780 INFO  client.GrpcClientProtocolClient (GrpcClientProtocolClient.java:onNext(254)) - client-D47EFDF0E133->5d71e5de-6d45-4480-a1f1-d41cc2d38630: receive RaftClientReply:client-D47EFDF0E133->5d71e5de-6d45-4480-a1f1-d41cc2d38630@group-C6AEA7A4B82B, cid=2905, SUCCESS, logIndex=4829, commits[5d71e5de-6d45-4480-a1f1-d41cc2d38630:c4829]
2019-06-13 13:50:43,782 INFO  client.GrpcClientProtocolClient (GrpcClientProtocolClient.java:onNext(254)) - client-D47EFDF0E133->5d71e5de-6d45-4480-a1f1-d41cc2d38630: receive RaftClientReply:client-D47EFDF0E133->5d71e5de-6d45-4480-a1f1-d41cc2d38630@group-C6AEA7A4B82B, cid=2906, SUCCESS, logIndex=4831, commits[5d71e5de-6d45-4480-a1f1-d41cc2d38630:c4831]
2019-06-13 13:50:43,782 INFO  client.GrpcClientProtocolClient (GrpcClientProtocolClient.java:onNext(254)) - client-D47EFDF0E133->5d71e5de-6d45-4480-a1f1-d41cc2d38630: receive RaftClientReply:client-D47EFDF0E133->5d71e5de-6d45-4480-a1f1-d41cc2d38630@group-C6AEA7A4B82B, cid=2907, SUCCESS, logIndex=4832, commits[5d71e5de-6d45-4480-a1f1-d41cc2d38630:c4834]
2019-06-13 13:50:43,783 INFO  client.GrpcClientProtocolClient (GrpcClientProtocolClient.java:onNext(254)) - client-D47EFDF0E133->5d71e5de-6d45-4480-a1f1-d41cc2d38630: receive RaftClientReply:client-D47EFDF0E133->5d71e5de-6d45-4480-a1f1-d41cc2d38630@group-C6AEA7A4B82B, cid=2908, SUCCESS, logIndex=4833, commits[5d71e5de-6d45-4480-a1f1-d41cc2d38630:c4834]
2019-06-13 13:50:43,789 INFO  client.GrpcClientProtocolClient (GrpcClientProtocolClient.java:onNext(254)) - client-D47EFDF0E133->5d71e5de-6d45-4480-a1f1-d41cc2d38630: receive RaftClientReply:client-D47EFDF0E133->5d71e5de-6d45-4480-a1f1-d41cc2d38630@group-C6AEA7A4B82B, cid=2909, SUCCESS, logIndex=4835, commits[5d71e5de-6d45-4480-a1f1-d41cc2d38630:c4835]
2019-06-13 13:50:43,790 INFO  client.GrpcClientProtocolClient (GrpcClientProtocolClient.java:onNext(254)) - client-D47EFDF0E133->5d71e5de-6d45-4480-a1f1-d41cc2d38630: receive RaftClientReply:client-D47EFDF0E133->5d71e5de-6d45-4480-a1f1-d41cc2d38630@group-C6AEA7A4B82B, cid=2910, SUCCESS, logIndex=4837, commits[5d71e5de-6d45-4480-a1f1-d41cc2d38630:c4837]
2019-06-13 13:50:43,792 INFO  client.GrpcClientProtocolClient (GrpcClientProtocolClient.java:onNext(254)) - client-D47EFDF0E133->5d71e5de-6d45-4480-a1f1-d41cc2d38630: receive RaftClientReply:client-D47EFDF0E133->5d71e5de-6d45-4480-a1f1-d41cc2d38630@group-C6AEA7A4B82B, cid=2911, SUCCESS, logIndex=4838, commits[5d71e5de-6d45-4480-a1f1-d41cc2d38630:c4840]
2019-06-13 13:50:43,792 INFO  client.GrpcClientProtocolClient (GrpcClientProtocolClient.java:onNext(254)) - client-D47EFDF0E133->5d71e5de-6d45-4480-a1f1-d41cc2d38630: receive RaftClientReply:client-D47EFDF0E133->5d71e5de-6d45-4480-a1f1-d41cc2d38630@group-C6AEA7A4B82B, cid=2912, SUCCESS, logIndex=4839, commits[5d71e5de-6d45-4480-a1f1-d41cc2d38630:c4840]
2019-06-13 13:50:43,803 INFO  client.GrpcClientProtocolClient (GrpcClientProtocolClient.java:onNext(254)) - client-D47EFDF0E133->5d71e5de-6d45-4480-a1f1-d41cc2d38630: receive RaftClientReply:client-D47EFDF0E133->5d71e5de-6d45-4480-a1f1-d41cc2d38630@group-C6AEA7A4B82B, cid=2913, SUCCESS, logIndex=4841, commits[5d71e5de-6d45-4480-a1f1-d41cc2d38630:c4841]
2019-06-13 13:50:43,804 INFO  client.GrpcClientProtocolClient (GrpcClientProtocolClient.java:onNext(254)) - client-D47EFDF0E133->5d71e5de-6d45-4480-a1f1-d41cc2d38630: receive RaftClientReply:client-D47EFDF0E133->5d71e5de-6d45-4480-a1f1-d41cc2d38630@group-C6AEA7A4B82B, cid=2914, SUCCESS, logIndex=4843, commits[5d71e5de-6d45-4480-a1f1-d41cc2d38630:c4843]
2019-06-13 13:50:43,805 INFO  client.GrpcClientProtocolClient (GrpcClientProtocolClient.java:onNext(254)) - client-D47EFDF0E133->5d71e5de-6d45-4480-a1f1-d41cc2d38630: receive RaftClientReply:client-D47EFDF0E133->5d71e5de-6d45-4480-a1f1-d41cc2d38630@group-C6AEA7A4B82B, cid=2915, SUCCESS, logIndex=4844, commits[5d71e5de-6d45-4480-a1f1-d41cc2d38630:c4846]
2019-06-13 13:50:43,806 INFO  client.GrpcClientProtocolClient (GrpcClientProtocolClient.java:onNext(254)) - client-D47EFDF0E133->5d71e5de-6d45-4480-a1f1-d41cc2d38630: receive RaftClientReply:client-D47EFDF0E133->5d71e5de-6d45-4480-a1f1-d41cc2d38630@group-C6AEA7A4B82B, cid=2916, SUCCESS, logIndex=4846, commits[5d71e5de-6d45-4480-a1f1-d41cc2d38630:c4846]
2019-06-13 13:50:43,852 DEBUG block.SCMBlockDeletingService (SCMBlockDeletingService.java:call(138)) - Running DeletedBlockTransactionScanner
2019-06-13 13:50:43,852 DEBUG block.SCMBlockDeletingService (SCMBlockDeletingService.java:call(155)) - Scanned deleted blocks log and got 0 delTX to process.
2019-06-13 13:50:43,879 INFO  client.GrpcClientProtocolClient (GrpcClientProtocolClient.java:onNext(254)) - client-D47EFDF0E133->5d71e5de-6d45-4480-a1f1-d41cc2d38630: receive RaftClientReply:client-D47EFDF0E133->5d71e5de-6d45-4480-a1f1-d41cc2d38630@group-C6AEA7A4B82B, cid=2917, SUCCESS, logIndex=4848, commits[5d71e5de-6d45-4480-a1f1-d41cc2d38630:c4848]
2019-06-13 13:50:43,881 INFO  client.GrpcClientProtocolClient (GrpcClientProtocolClient.java:onNext(254)) - client-D47EFDF0E133->5d71e5de-6d45-4480-a1f1-d41cc2d38630: receive RaftClientReply:client-D47EFDF0E133->5d71e5de-6d45-4480-a1f1-d41cc2d38630@group-C6AEA7A4B82B, cid=2918, SUCCESS, logIndex=4850, commits[5d71e5de-6d45-4480-a1f1-d41cc2d38630:c4850]
2019-06-13 13:50:43,882 INFO  client.GrpcClientProtocolClient (GrpcClientProtocolClient.java:onNext(254)) - client-D47EFDF0E133->5d71e5de-6d45-4480-a1f1-d41cc2d38630: receive RaftClientReply:client-D47EFDF0E133->5d71e5de-6d45-4480-a1f1-d41cc2d38630@group-C6AEA7A4B82B, cid=2919, SUCCESS, logIndex=4851, commits[5d71e5de-6d45-4480-a1f1-d41cc2d38630:c4852]
2019-06-13 13:50:43,882 INFO  client.GrpcClientProtocolClient (GrpcClientProtocolClient.java:onNext(254)) - client-D47EFDF0E133->5d71e5de-6d45-4480-a1f1-d41cc2d38630: receive RaftClientReply:client-D47EFDF0E133->5d71e5de-6d45-4480-a1f1-d41cc2d38630@group-C6AEA7A4B82B, cid=2920, SUCCESS, logIndex=4852, commits[5d71e5de-6d45-4480-a1f1-d41cc2d38630:c4852]
2019-06-13 13:50:43,891 INFO  client.GrpcClientProtocolClient (GrpcClientProtocolClient.java:onNext(254)) - client-D47EFDF0E133->5d71e5de-6d45-4480-a1f1-d41cc2d38630: receive RaftClientReply:client-D47EFDF0E133->5d71e5de-6d45-4480-a1f1-d41cc2d38630@group-C6AEA7A4B82B, cid=2921, SUCCESS, logIndex=4855, commits[5d71e5de-6d45-4480-a1f1-d41cc2d38630:c4855]
2019-06-13 13:50:43,891 INFO  storage.RaftLogWorker (RaftLogWorker.java:rollLogSegment(303)) - 5d71e5de-6d45-4480-a1f1-d41cc2d38630-RaftLogWorker: Rolling segment log-4789_4857 to index:4857
2019-06-13 13:50:43,893 INFO  storage.RaftLogWorker (RaftLogWorker.java:execute(433)) - 5d71e5de-6d45-4480-a1f1-d41cc2d38630-RaftLogWorker: Rolled log segment from /opt/src/hadoop-ozone/integration-test/target/test-dir/MiniOzoneClusterImpl-c05bfa39-b333-4767-bc96-5a78f3430938/datanode-0/data/ratis/3aee30eb-3db1-472a-b851-c6aea7a4b82b/current/log_inprogress_4789 to /opt/src/hadoop-ozone/integration-test/target/test-dir/MiniOzoneClusterImpl-c05bfa39-b333-4767-bc96-5a78f3430938/datanode-0/data/ratis/3aee30eb-3db1-472a-b851-c6aea7a4b82b/current/log_4789-4857
2019-06-13 13:50:43,893 INFO  client.GrpcClientProtocolClient (GrpcClientProtocolClient.java:onNext(254)) - client-D47EFDF0E133->5d71e5de-6d45-4480-a1f1-d41cc2d38630: receive RaftClientReply:client-D47EFDF0E133->5d71e5de-6d45-4480-a1f1-d41cc2d38630@group-C6AEA7A4B82B, cid=2922, SUCCESS, logIndex=4857, commits[5d71e5de-6d45-4480-a1f1-d41cc2d38630:c4857]
2019-06-13 13:50:43,930 INFO  storage.RaftLogWorker (RaftLogWorker.java:execute(469)) - 5d71e5de-6d45-4480-a1f1-d41cc2d38630-RaftLogWorker: created new log segment /opt/src/hadoop-ozone/integration-test/target/test-dir/MiniOzoneClusterImpl-c05bfa39-b333-4767-bc96-5a78f3430938/datanode-0/data/ratis/3aee30eb-3db1-472a-b851-c6aea7a4b82b/current/log_inprogress_4858
2019-06-13 13:50:43,931 INFO  client.GrpcClientProtocolClient (GrpcClientProtocolClient.java:onNext(254)) - client-D47EFDF0E133->5d71e5de-6d45-4480-a1f1-d41cc2d38630: receive RaftClientReply:client-D47EFDF0E133->5d71e5de-6d45-4480-a1f1-d41cc2d38630@group-C6AEA7A4B82B, cid=2923, SUCCESS, logIndex=4858, commits[5d71e5de-6d45-4480-a1f1-d41cc2d38630:c4860]
2019-06-13 13:50:43,931 INFO  client.GrpcClientProtocolClient (GrpcClientProtocolClient.java:onNext(254)) - client-D47EFDF0E133->5d71e5de-6d45-4480-a1f1-d41cc2d38630: receive RaftClientReply:client-D47EFDF0E133->5d71e5de-6d45-4480-a1f1-d41cc2d38630@group-C6AEA7A4B82B, cid=2924, SUCCESS, logIndex=4859, commits[5d71e5de-6d45-4480-a1f1-d41cc2d38630:c4860]
2019-06-13 13:50:43,936 INFO  client.GrpcClientProtocolClient (GrpcClientProtocolClient.java:onNext(254)) - client-D47EFDF0E133->5d71e5de-6d45-4480-a1f1-d41cc2d38630: receive RaftClientReply:client-D47EFDF0E133->5d71e5de-6d45-4480-a1f1-d41cc2d38630@group-C6AEA7A4B82B, cid=2925, SUCCESS, logIndex=4861, commits[5d71e5de-6d45-4480-a1f1-d41cc2d38630:c4861]
2019-06-13 13:50:43,937 INFO  client.GrpcClientProtocolClient (GrpcClientProtocolClient.java:onNext(254)) - client-D47EFDF0E133->5d71e5de-6d45-4480-a1f1-d41cc2d38630: receive RaftClientReply:client-D47EFDF0E133->5d71e5de-6d45-4480-a1f1-d41cc2d38630@group-C6AEA7A4B82B, cid=2926, SUCCESS, logIndex=4863, commits[5d71e5de-6d45-4480-a1f1-d41cc2d38630:c4863]
2019-06-13 13:50:43,942 INFO  client.GrpcClientProtocolClient (GrpcClientProtocolClient.java:onNext(254)) - client-D47EFDF0E133->5d71e5de-6d45-4480-a1f1-d41cc2d38630: receive RaftClientReply:client-D47EFDF0E133->5d71e5de-6d45-4480-a1f1-d41cc2d38630@group-C6AEA7A4B82B, cid=2927, SUCCESS, logIndex=4865, commits[5d71e5de-6d45-4480-a1f1-d41cc2d38630:c4865]
2019-06-13 13:50:43,943 INFO  client.GrpcClientProtocolClient (GrpcClientProtocolClient.java:onNext(254)) - client-D47EFDF0E133->5d71e5de-6d45-4480-a1f1-d41cc2d38630: receive RaftClientReply:client-D47EFDF0E133->5d71e5de-6d45-4480-a1f1-d41cc2d38630@group-C6AEA7A4B82B, cid=2928, SUCCESS, logIndex=4867, commits[5d71e5de-6d45-4480-a1f1-d41cc2d38630:c4867]
2019-06-13 13:50:43,953 DEBUG block.SCMBlockDeletingService (SCMBlockDeletingService.java:call(138)) - Running DeletedBlockTransactionScanner
2019-06-13 13:50:43,954 DEBUG block.SCMBlockDeletingService (SCMBlockDeletingService.java:call(155)) - Scanned deleted blocks log and got 0 delTX to process.
2019-06-13 13:50:43,955 INFO  client.GrpcClientProtocolClient (GrpcClientProtocolClient.java:onNext(254)) - client-D47EFDF0E133->5d71e5de-6d45-4480-a1f1-d41cc2d38630: receive RaftClientReply:client-D47EFDF0E133->5d71e5de-6d45-4480-a1f1-d41cc2d38630@group-C6AEA7A4B82B, cid=2929, SUCCESS, logIndex=4869, commits[5d71e5de-6d45-4480-a1f1-d41cc2d38630:c4869]
2019-06-13 13:50:43,957 INFO  client.GrpcClientProtocolClient (GrpcClientProtocolClient.java:onNext(254)) - client-D47EFDF0E133->5d71e5de-6d45-4480-a1f1-d41cc2d38630: receive RaftClientReply:client-D47EFDF0E133->5d71e5de-6d45-4480-a1f1-d41cc2d38630@group-C6AEA7A4B82B, cid=2930, SUCCESS, logIndex=4871, commits[5d71e5de-6d45-4480-a1f1-d41cc2d38630:c4871]
2019-06-13 13:50:43,958 INFO  client.GrpcClientProtocolClient (GrpcClientProtocolClient.java:onNext(254)) - client-D47EFDF0E133->5d71e5de-6d45-4480-a1f1-d41cc2d38630: receive RaftClientReply:client-D47EFDF0E133->5d71e5de-6d45-4480-a1f1-d41cc2d38630@group-C6AEA7A4B82B, cid=2931, SUCCESS, logIndex=4872, commits[5d71e5de-6d45-4480-a1f1-d41cc2d38630:c4873]
2019-06-13 13:50:43,958 INFO  client.GrpcClientProtocolClient (GrpcClientProtocolClient.java:onNext(254)) - client-D47EFDF0E133->5d71e5de-6d45-4480-a1f1-d41cc2d38630: receive RaftClientReply:client-D47EFDF0E133->5d71e5de-6d45-4480-a1f1-d41cc2d38630@group-C6AEA7A4B82B, cid=2932, SUCCESS, logIndex=4873, commits[5d71e5de-6d45-4480-a1f1-d41cc2d38630:c4873]
2019-06-13 13:50:43,964 INFO  client.GrpcClientProtocolClient (GrpcClientProtocolClient.java:onNext(254)) - client-D47EFDF0E133->5d71e5de-6d45-4480-a1f1-d41cc2d38630: receive RaftClientReply:client-D47EFDF0E133->5d71e5de-6d45-4480-a1f1-d41cc2d38630@group-C6AEA7A4B82B, cid=2933, SUCCESS, logIndex=4876, commits[5d71e5de-6d45-4480-a1f1-d41cc2d38630:c4876]
2019-06-13 13:50:43,965 INFO  client.GrpcClientProtocolClient (GrpcClientProtocolClient.java:onNext(254)) - client-D47EFDF0E133->5d71e5de-6d45-4480-a1f1-d41cc2d38630: receive RaftClientReply:client-D47EFDF0E133->5d71e5de-6d45-4480-a1f1-d41cc2d38630@group-C6AEA7A4B82B, cid=2934, SUCCESS, logIndex=4878, commits[5d71e5de-6d45-4480-a1f1-d41cc2d38630:c4878]
2019-06-13 13:50:43,966 INFO  client.GrpcClientProtocolClient (GrpcClientProtocolClient.java:onNext(254)) - client-D47EFDF0E133->5d71e5de-6d45-4480-a1f1-d41cc2d38630: receive RaftClientReply:client-D47EFDF0E133->5d71e5de-6d45-4480-a1f1-d41cc2d38630@group-C6AEA7A4B82B, cid=2935, SUCCESS, logIndex=4879, commits[5d71e5de-6d45-4480-a1f1-d41cc2d38630:c4881]
2019-06-13 13:50:43,967 INFO  client.GrpcClientProtocolClient (GrpcClientProtocolClient.java:onNext(254)) - client-D47EFDF0E133->5d71e5de-6d45-4480-a1f1-d41cc2d38630: receive RaftClientReply:client-D47EFDF0E133->5d71e5de-6d45-4480-a1f1-d41cc2d38630@group-C6AEA7A4B82B, cid=2936, SUCCESS, logIndex=4880, commits[5d71e5de-6d45-4480-a1f1-d41cc2d38630:c4881]
2019-06-13 13:50:43,977 INFO  client.GrpcClientProtocolClient (GrpcClientProtocolClient.java:onNext(254)) - client-D47EFDF0E133->5d71e5de-6d45-4480-a1f1-d41cc2d38630: receive RaftClientReply:client-D47EFDF0E133->5d71e5de-6d45-4480-a1f1-d41cc2d38630@group-C6AEA7A4B82B, cid=2937, SUCCESS, logIndex=4882, commits[5d71e5de-6d45-4480-a1f1-d41cc2d38630:c4882]
2019-06-13 13:50:43,978 INFO  client.GrpcClientProtocolClient (GrpcClientProtocolClient.java:onNext(254)) - client-D47EFDF0E133->5d71e5de-6d45-4480-a1f1-d41cc2d38630: receive RaftClientReply:client-D47EFDF0E133->5d71e5de-6d45-4480-a1f1-d41cc2d38630@group-C6AEA7A4B82B, cid=2938, SUCCESS, logIndex=4884, commits[5d71e5de-6d45-4480-a1f1-d41cc2d38630:c4884]
2019-06-13 13:50:43,979 INFO  client.GrpcClientProtocolClient (GrpcClientProtocolClient.java:onNext(254)) - client-D47EFDF0E133->5d71e5de-6d45-4480-a1f1-d41cc2d38630: receive RaftClientReply:client-D47EFDF0E133->5d71e5de-6d45-4480-a1f1-d41cc2d38630@group-C6AEA7A4B82B, cid=2939, SUCCESS, logIndex=4885, commits[5d71e5de-6d45-4480-a1f1-d41cc2d38630:c4887]
2019-06-13 13:50:43,979 INFO  client.GrpcClientProtocolClient (GrpcClientProtocolClient.java:onNext(254)) - client-D47EFDF0E133->5d71e5de-6d45-4480-a1f1-d41cc2d38630: receive RaftClientReply:client-D47EFDF0E133->5d71e5de-6d45-4480-a1f1-d41cc2d38630@group-C6AEA7A4B82B, cid=2940, SUCCESS, logIndex=4886, commits[5d71e5de-6d45-4480-a1f1-d41cc2d38630:c4887]
2019-06-13 13:50:43,985 INFO  client.GrpcClientProtocolClient (GrpcClientProtocolClient.java:onNext(254)) - client-D47EFDF0E133->5d71e5de-6d45-4480-a1f1-d41cc2d38630: receive RaftClientReply:client-D47EFDF0E133->5d71e5de-6d45-4480-a1f1-d41cc2d38630@group-C6AEA7A4B82B, cid=2941, SUCCESS, logIndex=4888, commits[5d71e5de-6d45-4480-a1f1-d41cc2d38630:c4888]
2019-06-13 13:50:43,986 INFO  client.GrpcClientProtocolClient (GrpcClientProtocolClient.java:onNext(254)) - client-D47EFDF0E133->5d71e5de-6d45-4480-a1f1-d41cc2d38630: receive RaftClientReply:client-D47EFDF0E133->5d71e5de-6d45-4480-a1f1-d41cc2d38630@group-C6AEA7A4B82B, cid=2942, SUCCESS, logIndex=4890, commits[5d71e5de-6d45-4480-a1f1-d41cc2d38630:c4890]
2019-06-13 13:50:43,988 INFO  client.GrpcClientProtocolClient (GrpcClientProtocolClient.java:onNext(254)) - client-D47EFDF0E133->5d71e5de-6d45-4480-a1f1-d41cc2d38630: receive RaftClientReply:client-D47EFDF0E133->5d71e5de-6d45-4480-a1f1-d41cc2d38630@group-C6AEA7A4B82B, cid=2943, SUCCESS, logIndex=4892, commits[5d71e5de-6d45-4480-a1f1-d41cc2d38630:c4893]
2019-06-13 13:50:43,989 INFO  client.GrpcClientProtocolClient (GrpcClientProtocolClient.java:onNext(254)) - client-D47EFDF0E133->5d71e5de-6d45-4480-a1f1-d41cc2d38630: receive RaftClientReply:client-D47EFDF0E133->5d71e5de-6d45-4480-a1f1-d41cc2d38630@group-C6AEA7A4B82B, cid=2944, SUCCESS, logIndex=4893, commits[5d71e5de-6d45-4480-a1f1-d41cc2d38630:c4893]
2019-06-13 13:50:43,998 INFO  client.GrpcClientProtocolClient (GrpcClientProtocolClient.java:onNext(254)) - client-D47EFDF0E133->5d71e5de-6d45-4480-a1f1-d41cc2d38630: receive RaftClientReply:client-D47EFDF0E133->5d71e5de-6d45-4480-a1f1-d41cc2d38630@group-C6AEA7A4B82B, cid=2945, SUCCESS, logIndex=4895, commits[5d71e5de-6d45-4480-a1f1-d41cc2d38630:c4895]
2019-06-13 13:50:43,999 INFO  client.GrpcClientProtocolClient (GrpcClientProtocolClient.java:onNext(254)) - client-D47EFDF0E133->5d71e5de-6d45-4480-a1f1-d41cc2d38630: receive RaftClientReply:client-D47EFDF0E133->5d71e5de-6d45-4480-a1f1-d41cc2d38630@group-C6AEA7A4B82B, cid=2946, SUCCESS, logIndex=4897, commits[5d71e5de-6d45-4480-a1f1-d41cc2d38630:c4897]
2019-06-13 13:50:44,000 INFO  client.GrpcClientProtocolClient (GrpcClientProtocolClient.java:onNext(254)) - client-D47EFDF0E133->5d71e5de-6d45-4480-a1f1-d41cc2d38630: receive RaftClientReply:client-D47EFDF0E133->5d71e5de-6d45-4480-a1f1-d41cc2d38630@group-C6AEA7A4B82B, cid=2947, SUCCESS, logIndex=4898, commits[5d71e5de-6d45-4480-a1f1-d41cc2d38630:c4900]
2019-06-13 13:50:44,000 INFO  client.GrpcClientProtocolClient (GrpcClientProtocolClient.java:onNext(254)) - client-D47EFDF0E133->5d71e5de-6d45-4480-a1f1-d41cc2d38630: receive RaftClientReply:client-D47EFDF0E133->5d71e5de-6d45-4480-a1f1-d41cc2d38630@group-C6AEA7A4B82B, cid=2948, SUCCESS, logIndex=4899, commits[5d71e5de-6d45-4480-a1f1-d41cc2d38630:c4900]
2019-06-13 13:50:44,005 INFO  client.GrpcClientProtocolClient (GrpcClientProtocolClient.java:onNext(254)) - client-D47EFDF0E133->5d71e5de-6d45-4480-a1f1-d41cc2d38630: receive RaftClientReply:client-D47EFDF0E133->5d71e5de-6d45-4480-a1f1-d41cc2d38630@group-C6AEA7A4B82B, cid=2949, SUCCESS, logIndex=4901, commits[5d71e5de-6d45-4480-a1f1-d41cc2d38630:c4901]
2019-06-13 13:50:44,006 INFO  client.GrpcClientProtocolClient (GrpcClientProtocolClient.java:onNext(254)) - client-D47EFDF0E133->5d71e5de-6d45-4480-a1f1-d41cc2d38630: receive RaftClientReply:client-D47EFDF0E133->5d71e5de-6d45-4480-a1f1-d41cc2d38630@group-C6AEA7A4B82B, cid=2950, SUCCESS, logIndex=4903, commits[5d71e5de-6d45-4480-a1f1-d41cc2d38630:c4903]
2019-06-13 13:50:44,007 INFO  client.GrpcClientProtocolClient (GrpcClientProtocolClient.java:onNext(254)) - client-D47EFDF0E133->5d71e5de-6d45-4480-a1f1-d41cc2d38630: receive RaftClientReply:client-D47EFDF0E133->5d71e5de-6d45-4480-a1f1-d41cc2d38630@group-C6AEA7A4B82B, cid=2951, SUCCESS, logIndex=4904, commits[5d71e5de-6d45-4480-a1f1-d41cc2d38630:c4906]
2019-06-13 13:50:44,007 INFO  client.GrpcClientProtocolClient (GrpcClientProtocolClient.java:onNext(254)) - client-D47EFDF0E133->5d71e5de-6d45-4480-a1f1-d41cc2d38630: receive RaftClientReply:client-D47EFDF0E133->5d71e5de-6d45-4480-a1f1-d41cc2d38630@group-C6AEA7A4B82B, cid=2952, SUCCESS, logIndex=4905, commits[5d71e5de-6d45-4480-a1f1-d41cc2d38630:c4906]
2019-06-13 13:50:44,016 INFO  client.GrpcClientProtocolClient (GrpcClientProtocolClient.java:onNext(254)) - client-D47EFDF0E133->5d71e5de-6d45-4480-a1f1-d41cc2d38630: receive RaftClientReply:client-D47EFDF0E133->5d71e5de-6d45-4480-a1f1-d41cc2d38630@group-C6AEA7A4B82B, cid=2953, SUCCESS, logIndex=4907, commits[5d71e5de-6d45-4480-a1f1-d41cc2d38630:c4907]
2019-06-13 13:50:44,017 INFO  client.GrpcClientProtocolClient (GrpcClientProtocolClient.java:onNext(254)) - client-D47EFDF0E133->5d71e5de-6d45-4480-a1f1-d41cc2d38630: receive RaftClientReply:client-D47EFDF0E133->5d71e5de-6d45-4480-a1f1-d41cc2d38630@group-C6AEA7A4B82B, cid=2954, SUCCESS, logIndex=4909, commits[5d71e5de-6d45-4480-a1f1-d41cc2d38630:c4909]
2019-06-13 13:50:44,018 INFO  client.GrpcClientProtocolClient (GrpcClientProtocolClient.java:onNext(254)) - client-D47EFDF0E133->5d71e5de-6d45-4480-a1f1-d41cc2d38630: receive RaftClientReply:client-D47EFDF0E133->5d71e5de-6d45-4480-a1f1-d41cc2d38630@group-C6AEA7A4B82B, cid=2955, SUCCESS, logIndex=4910, commits[5d71e5de-6d45-4480-a1f1-d41cc2d38630:c4912]
2019-06-13 13:50:44,019 INFO  client.GrpcClientProtocolClient (GrpcClientProtocolClient.java:onNext(254)) - client-D47EFDF0E133->5d71e5de-6d45-4480-a1f1-d41cc2d38630: receive RaftClientReply:client-D47EFDF0E133->5d71e5de-6d45-4480-a1f1-d41cc2d38630@group-C6AEA7A4B82B, cid=2956, SUCCESS, logIndex=4911, commits[5d71e5de-6d45-4480-a1f1-d41cc2d38630:c4912]
2019-06-13 13:50:44,023 INFO  client.GrpcClientProtocolClient (GrpcClientProtocolClient.java:onNext(254)) - client-D47EFDF0E133->5d71e5de-6d45-4480-a1f1-d41cc2d38630: receive RaftClientReply:client-D47EFDF0E133->5d71e5de-6d45-4480-a1f1-d41cc2d38630@group-C6AEA7A4B82B, cid=2957, SUCCESS, logIndex=4913, commits[5d71e5de-6d45-4480-a1f1-d41cc2d38630:c4913]
2019-06-13 13:50:44,024 INFO  client.GrpcClientProtocolClient (GrpcClientProtocolClient.java:onNext(254)) - client-D47EFDF0E133->5d71e5de-6d45-4480-a1f1-d41cc2d38630: receive RaftClientReply:client-D47EFDF0E133->5d71e5de-6d45-4480-a1f1-d41cc2d38630@group-C6AEA7A4B82B, cid=2958, SUCCESS, logIndex=4915, commits[5d71e5de-6d45-4480-a1f1-d41cc2d38630:c4915]
2019-06-13 13:50:44,025 INFO  client.GrpcClientProtocolClient (GrpcClientProtocolClient.java:onNext(254)) - client-D47EFDF0E133->5d71e5de-6d45-4480-a1f1-d41cc2d38630: receive RaftClientReply:client-D47EFDF0E133->5d71e5de-6d45-4480-a1f1-d41cc2d38630@group-C6AEA7A4B82B, cid=2959, SUCCESS, logIndex=4916, commits[5d71e5de-6d45-4480-a1f1-d41cc2d38630:c4918]
2019-06-13 13:50:44,026 INFO  client.GrpcClientProtocolClient (GrpcClientProtocolClient.java:onNext(254)) - client-D47EFDF0E133->5d71e5de-6d45-4480-a1f1-d41cc2d38630: receive RaftClientReply:client-D47EFDF0E133->5d71e5de-6d45-4480-a1f1-d41cc2d38630@group-C6AEA7A4B82B, cid=2960, SUCCESS, logIndex=4917, commits[5d71e5de-6d45-4480-a1f1-d41cc2d38630:c4918]
2019-06-13 13:50:44,054 DEBUG block.SCMBlockDeletingService (SCMBlockDeletingService.java:call(138)) - Running DeletedBlockTransactionScanner
2019-06-13 13:50:44,054 DEBUG block.SCMBlockDeletingService (SCMBlockDeletingService.java:call(155)) - Scanned deleted blocks log and got 0 delTX to process.
2019-06-13 13:50:44,142 INFO  client.GrpcClientProtocolClient (GrpcClientProtocolClient.java:onNext(254)) - client-D47EFDF0E133->5d71e5de-6d45-4480-a1f1-d41cc2d38630: receive RaftClientReply:client-D47EFDF0E133->5d71e5de-6d45-4480-a1f1-d41cc2d38630@group-C6AEA7A4B82B, cid=2961, SUCCESS, logIndex=4919, commits[5d71e5de-6d45-4480-a1f1-d41cc2d38630:c4919]
2019-06-13 13:50:44,144 INFO  client.GrpcClientProtocolClient (GrpcClientProtocolClient.java:onNext(254)) - client-D47EFDF0E133->5d71e5de-6d45-4480-a1f1-d41cc2d38630: receive RaftClientReply:client-D47EFDF0E133->5d71e5de-6d45-4480-a1f1-d41cc2d38630@group-C6AEA7A4B82B, cid=2962, SUCCESS, logIndex=4921, commits[5d71e5de-6d45-4480-a1f1-d41cc2d38630:c4921]
2019-06-13 13:50:44,144 INFO  client.GrpcClientProtocolClient (GrpcClientProtocolClient.java:onNext(254)) - client-D47EFDF0E133->5d71e5de-6d45-4480-a1f1-d41cc2d38630: receive RaftClientReply:client-D47EFDF0E133->5d71e5de-6d45-4480-a1f1-d41cc2d38630@group-C6AEA7A4B82B, cid=2963, SUCCESS, logIndex=4922, commits[5d71e5de-6d45-4480-a1f1-d41cc2d38630:c4923]
2019-06-13 13:50:44,145 INFO  client.GrpcClientProtocolClient (GrpcClientProtocolClient.java:onNext(254)) - client-D47EFDF0E133->5d71e5de-6d45-4480-a1f1-d41cc2d38630: receive RaftClientReply:client-D47EFDF0E133->5d71e5de-6d45-4480-a1f1-d41cc2d38630@group-C6AEA7A4B82B, cid=2964, SUCCESS, logIndex=4923, commits[5d71e5de-6d45-4480-a1f1-d41cc2d38630:c4923]
2019-06-13 13:50:44,149 INFO  storage.RaftLogWorker (RaftLogWorker.java:rollLogSegment(303)) - 5d71e5de-6d45-4480-a1f1-d41cc2d38630-RaftLogWorker: Rolling segment log-4858_4927 to index:4927
2019-06-13 13:50:44,149 INFO  client.GrpcClientProtocolClient (GrpcClientProtocolClient.java:onNext(254)) - client-D47EFDF0E133->5d71e5de-6d45-4480-a1f1-d41cc2d38630: receive RaftClientReply:client-D47EFDF0E133->5d71e5de-6d45-4480-a1f1-d41cc2d38630@group-C6AEA7A4B82B, cid=2965, SUCCESS, logIndex=4926, commits[5d71e5de-6d45-4480-a1f1-d41cc2d38630:c4926]
2019-06-13 13:50:44,150 INFO  storage.RaftLogWorker (RaftLogWorker.java:execute(433)) - 5d71e5de-6d45-4480-a1f1-d41cc2d38630-RaftLogWorker: Rolled log segment from /opt/src/hadoop-ozone/integration-test/target/test-dir/MiniOzoneClusterImpl-c05bfa39-b333-4767-bc96-5a78f3430938/datanode-0/data/ratis/3aee30eb-3db1-472a-b851-c6aea7a4b82b/current/log_inprogress_4858 to /opt/src/hadoop-ozone/integration-test/target/test-dir/MiniOzoneClusterImpl-c05bfa39-b333-4767-bc96-5a78f3430938/datanode-0/data/ratis/3aee30eb-3db1-472a-b851-c6aea7a4b82b/current/log_4858-4927
2019-06-13 13:50:44,154 DEBUG block.SCMBlockDeletingService (SCMBlockDeletingService.java:call(138)) - Running DeletedBlockTransactionScanner
2019-06-13 13:50:44,154 DEBUG block.SCMBlockDeletingService (SCMBlockDeletingService.java:call(155)) - Scanned deleted blocks log and got 0 delTX to process.
2019-06-13 13:50:44,185 INFO  storage.RaftLogWorker (RaftLogWorker.java:execute(469)) - 5d71e5de-6d45-4480-a1f1-d41cc2d38630-RaftLogWorker: created new log segment /opt/src/hadoop-ozone/integration-test/target/test-dir/MiniOzoneClusterImpl-c05bfa39-b333-4767-bc96-5a78f3430938/datanode-0/data/ratis/3aee30eb-3db1-472a-b851-c6aea7a4b82b/current/log_inprogress_4928
2019-06-13 13:50:44,187 INFO  client.GrpcClientProtocolClient (GrpcClientProtocolClient.java:onNext(254)) - client-D47EFDF0E133->5d71e5de-6d45-4480-a1f1-d41cc2d38630: receive RaftClientReply:client-D47EFDF0E133->5d71e5de-6d45-4480-a1f1-d41cc2d38630@group-C6AEA7A4B82B, cid=2966, SUCCESS, logIndex=4928, commits[5d71e5de-6d45-4480-a1f1-d41cc2d38630:c4930]
2019-06-13 13:50:44,187 INFO  client.GrpcClientProtocolClient (GrpcClientProtocolClient.java:onNext(254)) - client-D47EFDF0E133->5d71e5de-6d45-4480-a1f1-d41cc2d38630: receive RaftClientReply:client-D47EFDF0E133->5d71e5de-6d45-4480-a1f1-d41cc2d38630@group-C6AEA7A4B82B, cid=2967, SUCCESS, logIndex=4929, commits[5d71e5de-6d45-4480-a1f1-d41cc2d38630:c4931]
2019-06-13 13:50:44,187 INFO  client.GrpcClientProtocolClient (GrpcClientProtocolClient.java:onNext(254)) - client-D47EFDF0E133->5d71e5de-6d45-4480-a1f1-d41cc2d38630: receive RaftClientReply:client-D47EFDF0E133->5d71e5de-6d45-4480-a1f1-d41cc2d38630@group-C6AEA7A4B82B, cid=2968, SUCCESS, logIndex=4930, commits[5d71e5de-6d45-4480-a1f1-d41cc2d38630:c4931]
2019-06-13 13:50:44,196 INFO  client.GrpcClientProtocolClient (GrpcClientProtocolClient.java:onNext(254)) - client-D47EFDF0E133->5d71e5de-6d45-4480-a1f1-d41cc2d38630: receive RaftClientReply:client-D47EFDF0E133->5d71e5de-6d45-4480-a1f1-d41cc2d38630@group-C6AEA7A4B82B, cid=2969, SUCCESS, logIndex=4932, commits[5d71e5de-6d45-4480-a1f1-d41cc2d38630:c4932]
2019-06-13 13:50:44,199 INFO  client.GrpcClientProtocolClient (GrpcClientProtocolClient.java:onNext(254)) - client-D47EFDF0E133->5d71e5de-6d45-4480-a1f1-d41cc2d38630: receive RaftClientReply:client-D47EFDF0E133->5d71e5de-6d45-4480-a1f1-d41cc2d38630@group-C6AEA7A4B82B, cid=2970, SUCCESS, logIndex=4934, commits[5d71e5de-6d45-4480-a1f1-d41cc2d38630:c4934]
2019-06-13 13:50:44,199 INFO  client.GrpcClientProtocolClient (GrpcClientProtocolClient.java:onNext(254)) - client-D47EFDF0E133->5d71e5de-6d45-4480-a1f1-d41cc2d38630: receive RaftClientReply:client-D47EFDF0E133->5d71e5de-6d45-4480-a1f1-d41cc2d38630@group-C6AEA7A4B82B, cid=2971, SUCCESS, logIndex=4935, commits[5d71e5de-6d45-4480-a1f1-d41cc2d38630:c4936]
2019-06-13 13:50:44,200 INFO  client.GrpcClientProtocolClient (GrpcClientProtocolClient.java:onNext(254)) - client-D47EFDF0E133->5d71e5de-6d45-4480-a1f1-d41cc2d38630: receive RaftClientReply:client-D47EFDF0E133->5d71e5de-6d45-4480-a1f1-d41cc2d38630@group-C6AEA7A4B82B, cid=2972, SUCCESS, logIndex=4936, commits[5d71e5de-6d45-4480-a1f1-d41cc2d38630:c4936]
2019-06-13 13:50:44,204 INFO  client.GrpcClientProtocolClient (GrpcClientProtocolClient.java:onNext(254)) - client-D47EFDF0E133->5d71e5de-6d45-4480-a1f1-d41cc2d38630: receive RaftClientReply:client-D47EFDF0E133->5d71e5de-6d45-4480-a1f1-d41cc2d38630@group-C6AEA7A4B82B, cid=2973, SUCCESS, logIndex=4939, commits[5d71e5de-6d45-4480-a1f1-d41cc2d38630:c4939]
2019-06-13 13:50:44,205 INFO  client.GrpcClientProtocolClient (GrpcClientProtocolClient.java:onNext(254)) - client-D47EFDF0E133->5d71e5de-6d45-4480-a1f1-d41cc2d38630: receive RaftClientReply:client-D47EFDF0E133->5d71e5de-6d45-4480-a1f1-d41cc2d38630@group-C6AEA7A4B82B, cid=2974, SUCCESS, logIndex=4941, commits[5d71e5de-6d45-4480-a1f1-d41cc2d38630:c4941]
2019-06-13 13:50:44,206 INFO  client.GrpcClientProtocolClient (GrpcClientProtocolClient.java:onNext(254)) - client-D47EFDF0E133->5d71e5de-6d45-4480-a1f1-d41cc2d38630: receive RaftClientReply:client-D47EFDF0E133->5d71e5de-6d45-4480-a1f1-d41cc2d38630@group-C6AEA7A4B82B, cid=2975, SUCCESS, logIndex=4942, commits[5d71e5de-6d45-4480-a1f1-d41cc2d38630:c4944]
2019-06-13 13:50:44,207 INFO  client.GrpcClientProtocolClient (GrpcClientProtocolClient.java:onNext(254)) - client-D47EFDF0E133->5d71e5de-6d45-4480-a1f1-d41cc2d38630: receive RaftClientReply:client-D47EFDF0E133->5d71e5de-6d45-4480-a1f1-d41cc2d38630@group-C6AEA7A4B82B, cid=2976, SUCCESS, logIndex=4943, commits[5d71e5de-6d45-4480-a1f1-d41cc2d38630:c4944]
2019-06-13 13:50:44,216 INFO  client.GrpcClientProtocolClient (GrpcClientProtocolClient.java:onNext(254)) - client-D47EFDF0E133->5d71e5de-6d45-4480-a1f1-d41cc2d38630: receive RaftClientReply:client-D47EFDF0E133->5d71e5de-6d45-4480-a1f1-d41cc2d38630@group-C6AEA7A4B82B, cid=2977, SUCCESS, logIndex=4945, commits[5d71e5de-6d45-4480-a1f1-d41cc2d38630:c4945]
2019-06-13 13:50:44,217 INFO  client.GrpcClientProtocolClient (GrpcClientProtocolClient.java:onNext(254)) - client-D47EFDF0E133->5d71e5de-6d45-4480-a1f1-d41cc2d38630: receive RaftClientReply:client-D47EFDF0E133->5d71e5de-6d45-4480-a1f1-d41cc2d38630@group-C6AEA7A4B82B, cid=2978, SUCCESS, logIndex=4947, commits[5d71e5de-6d45-4480-a1f1-d41cc2d38630:c4947]
2019-06-13 13:50:44,218 INFO  client.GrpcClientProtocolClient (GrpcClientProtocolClient.java:onNext(254)) - client-D47EFDF0E133->5d71e5de-6d45-4480-a1f1-d41cc2d38630: receive RaftClientReply:client-D47EFDF0E133->5d71e5de-6d45-4480-a1f1-d41cc2d38630@group-C6AEA7A4B82B, cid=2979, SUCCESS, logIndex=4948, commits[5d71e5de-6d45-4480-a1f1-d41cc2d38630:c4950]
2019-06-13 13:50:44,219 INFO  client.GrpcClientProtocolClient (GrpcClientProtocolClient.java:onNext(254)) - client-D47EFDF0E133->5d71e5de-6d45-4480-a1f1-d41cc2d38630: receive RaftClientReply:client-D47EFDF0E133->5d71e5de-6d45-4480-a1f1-d41cc2d38630@group-C6AEA7A4B82B, cid=2980, SUCCESS, logIndex=4949, commits[5d71e5de-6d45-4480-a1f1-d41cc2d38630:c4950]
2019-06-13 13:50:44,224 INFO  client.GrpcClientProtocolClient (GrpcClientProtocolClient.java:onNext(254)) - client-D47EFDF0E133->5d71e5de-6d45-4480-a1f1-d41cc2d38630: receive RaftClientReply:client-D47EFDF0E133->5d71e5de-6d45-4480-a1f1-d41cc2d38630@group-C6AEA7A4B82B, cid=2981, SUCCESS, logIndex=4951, commits[5d71e5de-6d45-4480-a1f1-d41cc2d38630:c4951]
2019-06-13 13:50:44,225 INFO  client.GrpcClientProtocolClient (GrpcClientProtocolClient.java:onNext(254)) - client-D47EFDF0E133->5d71e5de-6d45-4480-a1f1-d41cc2d38630: receive RaftClientReply:client-D47EFDF0E133->5d71e5de-6d45-4480-a1f1-d41cc2d38630@group-C6AEA7A4B82B, cid=2982, SUCCESS, logIndex=4953, commits[5d71e5de-6d45-4480-a1f1-d41cc2d38630:c4953]
2019-06-13 13:50:44,226 INFO  client.GrpcClientProtocolClient (GrpcClientProtocolClient.java:onNext(254)) - client-D47EFDF0E133->5d71e5de-6d45-4480-a1f1-d41cc2d38630: receive RaftClientReply:client-D47EFDF0E133->5d71e5de-6d45-4480-a1f1-d41cc2d38630@group-C6AEA7A4B82B, cid=2983, SUCCESS, logIndex=4954, commits[5d71e5de-6d45-4480-a1f1-d41cc2d38630:c4956]
2019-06-13 13:50:44,226 INFO  client.GrpcClientProtocolClient (GrpcClientProtocolClient.java:onNext(254)) - client-D47EFDF0E133->5d71e5de-6d45-4480-a1f1-d41cc2d38630: receive RaftClientReply:client-D47EFDF0E133->5d71e5de-6d45-4480-a1f1-d41cc2d38630@group-C6AEA7A4B82B, cid=2984, SUCCESS, logIndex=4955, commits[5d71e5de-6d45-4480-a1f1-d41cc2d38630:c4956]
2019-06-13 13:50:44,235 INFO  client.GrpcClientProtocolClient (GrpcClientProtocolClient.java:onNext(254)) - client-D47EFDF0E133->5d71e5de-6d45-4480-a1f1-d41cc2d38630: receive RaftClientReply:client-D47EFDF0E133->5d71e5de-6d45-4480-a1f1-d41cc2d38630@group-C6AEA7A4B82B, cid=2985, SUCCESS, logIndex=4957, commits[5d71e5de-6d45-4480-a1f1-d41cc2d38630:c4957]
2019-06-13 13:50:44,236 INFO  client.GrpcClientProtocolClient (GrpcClientProtocolClient.java:onNext(254)) - client-D47EFDF0E133->5d71e5de-6d45-4480-a1f1-d41cc2d38630: receive RaftClientReply:client-D47EFDF0E133->5d71e5de-6d45-4480-a1f1-d41cc2d38630@group-C6AEA7A4B82B, cid=2986, SUCCESS, logIndex=4959, commits[5d71e5de-6d45-4480-a1f1-d41cc2d38630:c4959]
2019-06-13 13:50:44,237 INFO  client.GrpcClientProtocolClient (GrpcClientProtocolClient.java:onNext(254)) - client-D47EFDF0E133->5d71e5de-6d45-4480-a1f1-d41cc2d38630: receive RaftClientReply:client-D47EFDF0E133->5d71e5de-6d45-4480-a1f1-d41cc2d38630@group-C6AEA7A4B82B, cid=2987, SUCCESS, logIndex=4960, commits[5d71e5de-6d45-4480-a1f1-d41cc2d38630:c4962]
2019-06-13 13:50:44,237 INFO  client.GrpcClientProtocolClient (GrpcClientProtocolClient.java:onNext(254)) - client-D47EFDF0E133->5d71e5de-6d45-4480-a1f1-d41cc2d38630: receive RaftClientReply:client-D47EFDF0E133->5d71e5de-6d45-4480-a1f1-d41cc2d38630@group-C6AEA7A4B82B, cid=2988, SUCCESS, logIndex=4961, commits[5d71e5de-6d45-4480-a1f1-d41cc2d38630:c4962]
2019-06-13 13:50:44,242 INFO  client.GrpcClientProtocolClient (GrpcClientProtocolClient.java:onNext(254)) - client-D47EFDF0E133->5d71e5de-6d45-4480-a1f1-d41cc2d38630: receive RaftClientReply:client-D47EFDF0E133->5d71e5de-6d45-4480-a1f1-d41cc2d38630@group-C6AEA7A4B82B, cid=2989, SUCCESS, logIndex=4963, commits[5d71e5de-6d45-4480-a1f1-d41cc2d38630:c4963]
2019-06-13 13:50:44,243 INFO  client.GrpcClientProtocolClient (GrpcClientProtocolClient.java:onNext(254)) - client-D47EFDF0E133->5d71e5de-6d45-4480-a1f1-d41cc2d38630: receive RaftClientReply:client-D47EFDF0E133->5d71e5de-6d45-4480-a1f1-d41cc2d38630@group-C6AEA7A4B82B, cid=2990, SUCCESS, logIndex=4965, commits[5d71e5de-6d45-4480-a1f1-d41cc2d38630:c4965]
2019-06-13 13:50:44,244 INFO  client.GrpcClientProtocolClient (GrpcClientProtocolClient.java:onNext(254)) - client-D47EFDF0E133->5d71e5de-6d45-4480-a1f1-d41cc2d38630: receive RaftClientReply:client-D47EFDF0E133->5d71e5de-6d45-4480-a1f1-d41cc2d38630@group-C6AEA7A4B82B, cid=2991, SUCCESS, logIndex=4966, commits[5d71e5de-6d45-4480-a1f1-d41cc2d38630:c4968]
2019-06-13 13:50:44,244 INFO  client.GrpcClientProtocolClient (GrpcClientProtocolClient.java:onNext(254)) - client-D47EFDF0E133->5d71e5de-6d45-4480-a1f1-d41cc2d38630: receive RaftClientReply:client-D47EFDF0E133->5d71e5de-6d45-4480-a1f1-d41cc2d38630@group-C6AEA7A4B82B, cid=2992, SUCCESS, logIndex=4967, commits[5d71e5de-6d45-4480-a1f1-d41cc2d38630:c4968]
2019-06-13 13:50:44,253 INFO  client.GrpcClientProtocolClient (GrpcClientProtocolClient.java:onNext(254)) - client-D47EFDF0E133->5d71e5de-6d45-4480-a1f1-d41cc2d38630: receive RaftClientReply:client-D47EFDF0E133->5d71e5de-6d45-4480-a1f1-d41cc2d38630@group-C6AEA7A4B82B, cid=2993, SUCCESS, logIndex=4969, commits[5d71e5de-6d45-4480-a1f1-d41cc2d38630:c4969]
2019-06-13 13:50:44,255 INFO  client.GrpcClientProtocolClient (GrpcClientProtocolClient.java:onNext(254)) - client-D47EFDF0E133->5d71e5de-6d45-4480-a1f1-d41cc2d38630: receive RaftClientReply:client-D47EFDF0E133->5d71e5de-6d45-4480-a1f1-d41cc2d38630@group-C6AEA7A4B82B, cid=2994, SUCCESS, logIndex=4971, commits[5d71e5de-6d45-4480-a1f1-d41cc2d38630:c4971]
2019-06-13 13:50:44,255 DEBUG block.SCMBlockDeletingService (SCMBlockDeletingService.java:call(138)) - Running DeletedBlockTransactionScanner
2019-06-13 13:50:44,255 DEBUG block.SCMBlockDeletingService (SCMBlockDeletingService.java:call(155)) - Scanned deleted blocks log and got 0 delTX to process.
2019-06-13 13:50:44,256 INFO  client.GrpcClientProtocolClient (GrpcClientProtocolClient.java:onNext(254)) - client-D47EFDF0E133->5d71e5de-6d45-4480-a1f1-d41cc2d38630: receive RaftClientReply:client-D47EFDF0E133->5d71e5de-6d45-4480-a1f1-d41cc2d38630@group-C6AEA7A4B82B, cid=2995, SUCCESS, logIndex=4972, commits[5d71e5de-6d45-4480-a1f1-d41cc2d38630:c4974]
2019-06-13 13:50:44,256 INFO  client.GrpcClientProtocolClient (GrpcClientProtocolClient.java:onNext(254)) - client-D47EFDF0E133->5d71e5de-6d45-4480-a1f1-d41cc2d38630: receive RaftClientReply:client-D47EFDF0E133->5d71e5de-6d45-4480-a1f1-d41cc2d38630@group-C6AEA7A4B82B, cid=2996, SUCCESS, logIndex=4973, commits[5d71e5de-6d45-4480-a1f1-d41cc2d38630:c4974]
2019-06-13 13:50:44,260 INFO  client.GrpcClientProtocolClient (GrpcClientProtocolClient.java:onNext(254)) - client-D47EFDF0E133->5d71e5de-6d45-4480-a1f1-d41cc2d38630: receive RaftClientReply:client-D47EFDF0E133->5d71e5de-6d45-4480-a1f1-d41cc2d38630@group-C6AEA7A4B82B, cid=2997, SUCCESS, logIndex=4975, commits[5d71e5de-6d45-4480-a1f1-d41cc2d38630:c4975]
2019-06-13 13:50:44,262 INFO  client.GrpcClientProtocolClient (GrpcClientProtocolClient.java:onNext(254)) - client-D47EFDF0E133->5d71e5de-6d45-4480-a1f1-d41cc2d38630: receive RaftClientReply:client-D47EFDF0E133->5d71e5de-6d45-4480-a1f1-d41cc2d38630@group-C6AEA7A4B82B, cid=2998, SUCCESS, logIndex=4977, commits[5d71e5de-6d45-4480-a1f1-d41cc2d38630:c4977]
2019-06-13 13:50:44,263 INFO  client.GrpcClientProtocolClient (GrpcClientProtocolClient.java:onNext(254)) - client-D47EFDF0E133->5d71e5de-6d45-4480-a1f1-d41cc2d38630: receive RaftClientReply:client-D47EFDF0E133->5d71e5de-6d45-4480-a1f1-d41cc2d38630@group-C6AEA7A4B82B, cid=2999, SUCCESS, logIndex=4978, commits[5d71e5de-6d45-4480-a1f1-d41cc2d38630:c4980]
2019-06-13 13:50:44,263 INFO  client.GrpcClientProtocolClient (GrpcClientProtocolClient.java:onNext(254)) - client-D47EFDF0E133->5d71e5de-6d45-4480-a1f1-d41cc2d38630: receive RaftClientReply:client-D47EFDF0E133->5d71e5de-6d45-4480-a1f1-d41cc2d38630@group-C6AEA7A4B82B, cid=3000, SUCCESS, logIndex=4979, commits[5d71e5de-6d45-4480-a1f1-d41cc2d38630:c4980]
2019-06-13 13:50:44,272 INFO  client.GrpcClientProtocolClient (GrpcClientProtocolClient.java:onNext(254)) - client-D47EFDF0E133->5d71e5de-6d45-4480-a1f1-d41cc2d38630: receive RaftClientReply:client-D47EFDF0E133->5d71e5de-6d45-4480-a1f1-d41cc2d38630@group-C6AEA7A4B82B, cid=3001, SUCCESS, logIndex=4981, commits[5d71e5de-6d45-4480-a1f1-d41cc2d38630:c4981]
2019-06-13 13:50:44,273 INFO  client.GrpcClientProtocolClient (GrpcClientProtocolClient.java:onNext(254)) - client-D47EFDF0E133->5d71e5de-6d45-4480-a1f1-d41cc2d38630: receive RaftClientReply:client-D47EFDF0E133->5d71e5de-6d45-4480-a1f1-d41cc2d38630@group-C6AEA7A4B82B, cid=3002, SUCCESS, logIndex=4983, commits[5d71e5de-6d45-4480-a1f1-d41cc2d38630:c4983]
2019-06-13 13:50:44,274 INFO  client.GrpcClientProtocolClient (GrpcClientProtocolClient.java:onNext(254)) - client-D47EFDF0E133->5d71e5de-6d45-4480-a1f1-d41cc2d38630: receive RaftClientReply:client-D47EFDF0E133->5d71e5de-6d45-4480-a1f1-d41cc2d38630@group-C6AEA7A4B82B, cid=3003, SUCCESS, logIndex=4984, commits[5d71e5de-6d45-4480-a1f1-d41cc2d38630:c4986]
2019-06-13 13:50:44,274 INFO  client.GrpcClientProtocolClient (GrpcClientProtocolClient.java:onNext(254)) - client-D47EFDF0E133->5d71e5de-6d45-4480-a1f1-d41cc2d38630: receive RaftClientReply:client-D47EFDF0E133->5d71e5de-6d45-4480-a1f1-d41cc2d38630@group-C6AEA7A4B82B, cid=3004, SUCCESS, logIndex=4986, commits[5d71e5de-6d45-4480-a1f1-d41cc2d38630:c4986]
2019-06-13 13:50:44,279 INFO  client.GrpcClientProtocolClient (GrpcClientProtocolClient.java:onNext(254)) - client-D47EFDF0E133->5d71e5de-6d45-4480-a1f1-d41cc2d38630: receive RaftClientReply:client-D47EFDF0E133->5d71e5de-6d45-4480-a1f1-d41cc2d38630@group-C6AEA7A4B82B, cid=3005, SUCCESS, logIndex=4988, commits[5d71e5de-6d45-4480-a1f1-d41cc2d38630:c4988]
2019-06-13 13:50:44,280 INFO  client.GrpcClientProtocolClient (GrpcClientProtocolClient.java:onNext(254)) - client-D47EFDF0E133->5d71e5de-6d45-4480-a1f1-d41cc2d38630: receive RaftClientReply:client-D47EFDF0E133->5d71e5de-6d45-4480-a1f1-d41cc2d38630@group-C6AEA7A4B82B, cid=3006, SUCCESS, logIndex=4990, commits[5d71e5de-6d45-4480-a1f1-d41cc2d38630:c4990]
2019-06-13 13:50:44,347 INFO  client.GrpcClientProtocolClient (GrpcClientProtocolClient.java:onNext(254)) - client-D47EFDF0E133->5d71e5de-6d45-4480-a1f1-d41cc2d38630: receive RaftClientReply:client-D47EFDF0E133->5d71e5de-6d45-4480-a1f1-d41cc2d38630@group-C6AEA7A4B82B, cid=3007, SUCCESS, logIndex=4992, commits[5d71e5de-6d45-4480-a1f1-d41cc2d38630:c4992]
2019-06-13 13:50:44,348 INFO  client.GrpcClientProtocolClient (GrpcClientProtocolClient.java:onNext(254)) - client-D47EFDF0E133->5d71e5de-6d45-4480-a1f1-d41cc2d38630: receive RaftClientReply:client-D47EFDF0E133->5d71e5de-6d45-4480-a1f1-d41cc2d38630@group-C6AEA7A4B82B, cid=3008, SUCCESS, logIndex=4994, commits[5d71e5de-6d45-4480-a1f1-d41cc2d38630:c4994]
2019-06-13 13:50:44,355 DEBUG block.SCMBlockDeletingService (SCMBlockDeletingService.java:call(138)) - Running DeletedBlockTransactionScanner
2019-06-13 13:50:44,355 DEBUG block.SCMBlockDeletingService (SCMBlockDeletingService.java:call(155)) - Scanned deleted blocks log and got 0 delTX to process.
2019-06-13 13:50:44,355 INFO  storage.RaftLogWorker (RaftLogWorker.java:rollLogSegment(303)) - 5d71e5de-6d45-4480-a1f1-d41cc2d38630-RaftLogWorker: Rolling segment log-4928_4995 to index:4995
2019-06-13 13:50:44,356 INFO  storage.RaftLogWorker (RaftLogWorker.java:execute(433)) - 5d71e5de-6d45-4480-a1f1-d41cc2d38630-RaftLogWorker: Rolled log segment from /opt/src/hadoop-ozone/integration-test/target/test-dir/MiniOzoneClusterImpl-c05bfa39-b333-4767-bc96-5a78f3430938/datanode-0/data/ratis/3aee30eb-3db1-472a-b851-c6aea7a4b82b/current/log_inprogress_4928 to /opt/src/hadoop-ozone/integration-test/target/test-dir/MiniOzoneClusterImpl-c05bfa39-b333-4767-bc96-5a78f3430938/datanode-0/data/ratis/3aee30eb-3db1-472a-b851-c6aea7a4b82b/current/log_4928-4995
2019-06-13 13:50:44,392 INFO  storage.RaftLogWorker (RaftLogWorker.java:execute(469)) - 5d71e5de-6d45-4480-a1f1-d41cc2d38630-RaftLogWorker: created new log segment /opt/src/hadoop-ozone/integration-test/target/test-dir/MiniOzoneClusterImpl-c05bfa39-b333-4767-bc96-5a78f3430938/datanode-0/data/ratis/3aee30eb-3db1-472a-b851-c6aea7a4b82b/current/log_inprogress_4996
2019-06-13 13:50:44,393 INFO  client.GrpcClientProtocolClient (GrpcClientProtocolClient.java:onNext(254)) - client-D47EFDF0E133->5d71e5de-6d45-4480-a1f1-d41cc2d38630: receive RaftClientReply:client-D47EFDF0E133->5d71e5de-6d45-4480-a1f1-d41cc2d38630@group-C6AEA7A4B82B, cid=3009, SUCCESS, logIndex=4996, commits[5d71e5de-6d45-4480-a1f1-d41cc2d38630:c4996]
2019-06-13 13:50:44,394 INFO  client.GrpcClientProtocolClient (GrpcClientProtocolClient.java:onNext(254)) - client-D47EFDF0E133->5d71e5de-6d45-4480-a1f1-d41cc2d38630: receive RaftClientReply:client-D47EFDF0E133->5d71e5de-6d45-4480-a1f1-d41cc2d38630@group-C6AEA7A4B82B, cid=3010, SUCCESS, logIndex=4998, commits[5d71e5de-6d45-4480-a1f1-d41cc2d38630:c4998]
2019-06-13 13:50:44,395 INFO  client.GrpcClientProtocolClient (GrpcClientProtocolClient.java:onNext(254)) - client-D47EFDF0E133->5d71e5de-6d45-4480-a1f1-d41cc2d38630: receive RaftClientReply:client-D47EFDF0E133->5d71e5de-6d45-4480-a1f1-d41cc2d38630@group-C6AEA7A4B82B, cid=3011, SUCCESS, logIndex=4999, commits[5d71e5de-6d45-4480-a1f1-d41cc2d38630:c5001]
2019-06-13 13:50:44,396 INFO  client.GrpcClientProtocolClient (GrpcClientProtocolClient.java:onNext(254)) - client-D47EFDF0E133->5d71e5de-6d45-4480-a1f1-d41cc2d38630: receive RaftClientReply:client-D47EFDF0E133->5d71e5de-6d45-4480-a1f1-d41cc2d38630@group-C6AEA7A4B82B, cid=3012, SUCCESS, logIndex=5000, commits[5d71e5de-6d45-4480-a1f1-d41cc2d38630:c5001]
2019-06-13 13:50:44,401 INFO  client.GrpcClientProtocolClient (GrpcClientProtocolClient.java:onNext(254)) - client-D47EFDF0E133->5d71e5de-6d45-4480-a1f1-d41cc2d38630: receive RaftClientReply:client-D47EFDF0E133->5d71e5de-6d45-4480-a1f1-d41cc2d38630@group-C6AEA7A4B82B, cid=3013, SUCCESS, logIndex=5002, commits[5d71e5de-6d45-4480-a1f1-d41cc2d38630:c5002]
2019-06-13 13:50:44,402 INFO  client.GrpcClientProtocolClient (GrpcClientProtocolClient.java:onNext(254)) - client-D47EFDF0E133->5d71e5de-6d45-4480-a1f1-d41cc2d38630: receive RaftClientReply:client-D47EFDF0E133->5d71e5de-6d45-4480-a1f1-d41cc2d38630@group-C6AEA7A4B82B, cid=3014, SUCCESS, logIndex=5004, commits[5d71e5de-6d45-4480-a1f1-d41cc2d38630:c5004]
2019-06-13 13:50:44,403 INFO  client.GrpcClientProtocolClient (GrpcClientProtocolClient.java:onNext(254)) - client-D47EFDF0E133->5d71e5de-6d45-4480-a1f1-d41cc2d38630: receive RaftClientReply:client-D47EFDF0E133->5d71e5de-6d45-4480-a1f1-d41cc2d38630@group-C6AEA7A4B82B, cid=3015, SUCCESS, logIndex=5005, commits[5d71e5de-6d45-4480-a1f1-d41cc2d38630:c5007]
2019-06-13 13:50:44,403 INFO  client.GrpcClientProtocolClient (GrpcClientProtocolClient.java:onNext(254)) - client-D47EFDF0E133->5d71e5de-6d45-4480-a1f1-d41cc2d38630: receive RaftClientReply:client-D47EFDF0E133->5d71e5de-6d45-4480-a1f1-d41cc2d38630@group-C6AEA7A4B82B, cid=3016, SUCCESS, logIndex=5006, commits[5d71e5de-6d45-4480-a1f1-d41cc2d38630:c5007]
2019-06-13 13:50:44,412 INFO  client.GrpcClientProtocolClient (GrpcClientProtocolClient.java:onNext(254)) - client-D47EFDF0E133->5d71e5de-6d45-4480-a1f1-d41cc2d38630: receive RaftClientReply:client-D47EFDF0E133->5d71e5de-6d45-4480-a1f1-d41cc2d38630@group-C6AEA7A4B82B, cid=3017, SUCCESS, logIndex=5008, commits[5d71e5de-6d45-4480-a1f1-d41cc2d38630:c5008]
2019-06-13 13:50:44,413 INFO  client.GrpcClientProtocolClient (GrpcClientProtocolClient.java:onNext(254)) - client-D47EFDF0E133->5d71e5de-6d45-4480-a1f1-d41cc2d38630: receive RaftClientReply:client-D47EFDF0E133->5d71e5de-6d45-4480-a1f1-d41cc2d38630@group-C6AEA7A4B82B, cid=3018, SUCCESS, logIndex=5010, commits[5d71e5de-6d45-4480-a1f1-d41cc2d38630:c5010]
2019-06-13 13:50:44,414 INFO  client.GrpcClientProtocolClient (GrpcClientProtocolClient.java:onNext(254)) - client-D47EFDF0E133->5d71e5de-6d45-4480-a1f1-d41cc2d38630: receive RaftClientReply:client-D47EFDF0E133->5d71e5de-6d45-4480-a1f1-d41cc2d38630@group-C6AEA7A4B82B, cid=3019, SUCCESS, logIndex=5011, commits[5d71e5de-6d45-4480-a1f1-d41cc2d38630:c5013]
2019-06-13 13:50:44,415 INFO  client.GrpcClientProtocolClient (GrpcClientProtocolClient.java:onNext(254)) - client-D47EFDF0E133->5d71e5de-6d45-4480-a1f1-d41cc2d38630: receive RaftClientReply:client-D47EFDF0E133->5d71e5de-6d45-4480-a1f1-d41cc2d38630@group-C6AEA7A4B82B, cid=3020, SUCCESS, logIndex=5012, commits[5d71e5de-6d45-4480-a1f1-d41cc2d38630:c5013]
2019-06-13 13:50:44,419 INFO  client.GrpcClientProtocolClient (GrpcClientProtocolClient.java:onNext(254)) - client-D47EFDF0E133->5d71e5de-6d45-4480-a1f1-d41cc2d38630: receive RaftClientReply:client-D47EFDF0E133->5d71e5de-6d45-4480-a1f1-d41cc2d38630@group-C6AEA7A4B82B, cid=3021, SUCCESS, logIndex=5014, commits[5d71e5de-6d45-4480-a1f1-d41cc2d38630:c5014]
2019-06-13 13:50:44,421 INFO  client.GrpcClientProtocolClient (GrpcClientProtocolClient.java:onNext(254)) - client-D47EFDF0E133->5d71e5de-6d45-4480-a1f1-d41cc2d38630: receive RaftClientReply:client-D47EFDF0E133->5d71e5de-6d45-4480-a1f1-d41cc2d38630@group-C6AEA7A4B82B, cid=3022, SUCCESS, logIndex=5016, commits[5d71e5de-6d45-4480-a1f1-d41cc2d38630:c5016]
2019-06-13 13:50:44,422 INFO  client.GrpcClientProtocolClient (GrpcClientProtocolClient.java:onNext(254)) - client-D47EFDF0E133->5d71e5de-6d45-4480-a1f1-d41cc2d38630: receive RaftClientReply:client-D47EFDF0E133->5d71e5de-6d45-4480-a1f1-d41cc2d38630@group-C6AEA7A4B82B, cid=3023, SUCCESS, logIndex=5017, commits[5d71e5de-6d45-4480-a1f1-d41cc2d38630:c5019]
2019-06-13 13:50:44,422 INFO  client.GrpcClientProtocolClient (GrpcClientProtocolClient.java:onNext(254)) - client-D47EFDF0E133->5d71e5de-6d45-4480-a1f1-d41cc2d38630: receive RaftClientReply:client-D47EFDF0E133->5d71e5de-6d45-4480-a1f1-d41cc2d38630@group-C6AEA7A4B82B, cid=3024, SUCCESS, logIndex=5018, commits[5d71e5de-6d45-4480-a1f1-d41cc2d38630:c5019]
2019-06-13 13:50:44,431 INFO  client.GrpcClientProtocolClient (GrpcClientProtocolClient.java:onNext(254)) - client-D47EFDF0E133->5d71e5de-6d45-4480-a1f1-d41cc2d38630: receive RaftClientReply:client-D47EFDF0E133->5d71e5de-6d45-4480-a1f1-d41cc2d38630@group-C6AEA7A4B82B, cid=3025, SUCCESS, logIndex=5020, commits[5d71e5de-6d45-4480-a1f1-d41cc2d38630:c5020]
2019-06-13 13:50:44,432 INFO  client.GrpcClientProtocolClient (GrpcClientProtocolClient.java:onNext(254)) - client-D47EFDF0E133->5d71e5de-6d45-4480-a1f1-d41cc2d38630: receive RaftClientReply:client-D47EFDF0E133->5d71e5de-6d45-4480-a1f1-d41cc2d38630@group-C6AEA7A4B82B, cid=3026, SUCCESS, logIndex=5022, commits[5d71e5de-6d45-4480-a1f1-d41cc2d38630:c5022]
2019-06-13 13:50:44,433 INFO  client.GrpcClientProtocolClient (GrpcClientProtocolClient.java:onNext(254)) - client-D47EFDF0E133->5d71e5de-6d45-4480-a1f1-d41cc2d38630: receive RaftClientReply:client-D47EFDF0E133->5d71e5de-6d45-4480-a1f1-d41cc2d38630@group-C6AEA7A4B82B, cid=3027, SUCCESS, logIndex=5023, commits[5d71e5de-6d45-4480-a1f1-d41cc2d38630:c5025]
2019-06-13 13:50:44,433 INFO  client.GrpcClientProtocolClient (GrpcClientProtocolClient.java:onNext(254)) - client-D47EFDF0E133->5d71e5de-6d45-4480-a1f1-d41cc2d38630: receive RaftClientReply:client-D47EFDF0E133->5d71e5de-6d45-4480-a1f1-d41cc2d38630@group-C6AEA7A4B82B, cid=3028, SUCCESS, logIndex=5024, commits[5d71e5de-6d45-4480-a1f1-d41cc2d38630:c5025]
2019-06-13 13:50:44,438 INFO  client.GrpcClientProtocolClient (GrpcClientProtocolClient.java:onNext(254)) - client-D47EFDF0E133->5d71e5de-6d45-4480-a1f1-d41cc2d38630: receive RaftClientReply:client-D47EFDF0E133->5d71e5de-6d45-4480-a1f1-d41cc2d38630@group-C6AEA7A4B82B, cid=3029, SUCCESS, logIndex=5026, commits[5d71e5de-6d45-4480-a1f1-d41cc2d38630:c5026]
2019-06-13 13:50:44,440 INFO  client.GrpcClientProtocolClient (GrpcClientProtocolClient.java:onNext(254)) - client-D47EFDF0E133->5d71e5de-6d45-4480-a1f1-d41cc2d38630: receive RaftClientReply:client-D47EFDF0E133->5d71e5de-6d45-4480-a1f1-d41cc2d38630@group-C6AEA7A4B82B, cid=3030, SUCCESS, logIndex=5028, commits[5d71e5de-6d45-4480-a1f1-d41cc2d38630:c5028]
2019-06-13 13:50:44,440 INFO  client.GrpcClientProtocolClient (GrpcClientProtocolClient.java:onNext(254)) - client-D47EFDF0E133->5d71e5de-6d45-4480-a1f1-d41cc2d38630: receive RaftClientReply:client-D47EFDF0E133->5d71e5de-6d45-4480-a1f1-d41cc2d38630@group-C6AEA7A4B82B, cid=3031, SUCCESS, logIndex=5029, commits[5d71e5de-6d45-4480-a1f1-d41cc2d38630:c5029]
2019-06-13 13:50:44,441 INFO  client.GrpcClientProtocolClient (GrpcClientProtocolClient.java:onNext(254)) - client-D47EFDF0E133->5d71e5de-6d45-4480-a1f1-d41cc2d38630: receive RaftClientReply:client-D47EFDF0E133->5d71e5de-6d45-4480-a1f1-d41cc2d38630@group-C6AEA7A4B82B, cid=3032, SUCCESS, logIndex=5031, commits[5d71e5de-6d45-4480-a1f1-d41cc2d38630:c5031]
2019-06-13 13:50:44,450 INFO  client.GrpcClientProtocolClient (GrpcClientProtocolClient.java:onNext(254)) - client-D47EFDF0E133->5d71e5de-6d45-4480-a1f1-d41cc2d38630: receive RaftClientReply:client-D47EFDF0E133->5d71e5de-6d45-4480-a1f1-d41cc2d38630@group-C6AEA7A4B82B, cid=3033, SUCCESS, logIndex=5034, commits[5d71e5de-6d45-4480-a1f1-d41cc2d38630:c5034]
2019-06-13 13:50:44,451 INFO  client.GrpcClientProtocolClient (GrpcClientProtocolClient.java:onNext(254)) - client-D47EFDF0E133->5d71e5de-6d45-4480-a1f1-d41cc2d38630: receive RaftClientReply:client-D47EFDF0E133->5d71e5de-6d45-4480-a1f1-d41cc2d38630@group-C6AEA7A4B82B, cid=3034, SUCCESS, logIndex=5036, commits[5d71e5de-6d45-4480-a1f1-d41cc2d38630:c5036]
2019-06-13 13:50:44,452 INFO  client.GrpcClientProtocolClient (GrpcClientProtocolClient.java:onNext(254)) - client-D47EFDF0E133->5d71e5de-6d45-4480-a1f1-d41cc2d38630: receive RaftClientReply:client-D47EFDF0E133->5d71e5de-6d45-4480-a1f1-d41cc2d38630@group-C6AEA7A4B82B, cid=3035, SUCCESS, logIndex=5037, commits[5d71e5de-6d45-4480-a1f1-d41cc2d38630:c5037]
2019-06-13 13:50:44,452 INFO  client.GrpcClientProtocolClient (GrpcClientProtocolClient.java:onNext(254)) - client-D47EFDF0E133->5d71e5de-6d45-4480-a1f1-d41cc2d38630: receive RaftClientReply:client-D47EFDF0E133->5d71e5de-6d45-4480-a1f1-d41cc2d38630@group-C6AEA7A4B82B, cid=3036, SUCCESS, logIndex=5039, commits[5d71e5de-6d45-4480-a1f1-d41cc2d38630:c5039]
2019-06-13 13:50:44,456 DEBUG block.SCMBlockDeletingService (SCMBlockDeletingService.java:call(138)) - Running DeletedBlockTransactionScanner
2019-06-13 13:50:44,457 DEBUG block.SCMBlockDeletingService (SCMBlockDeletingService.java:call(155)) - Scanned deleted blocks log and got 0 delTX to process.
2019-06-13 13:50:44,458 INFO  client.GrpcClientProtocolClient (GrpcClientProtocolClient.java:onNext(254)) - client-D47EFDF0E133->5d71e5de-6d45-4480-a1f1-d41cc2d38630: receive RaftClientReply:client-D47EFDF0E133->5d71e5de-6d45-4480-a1f1-d41cc2d38630@group-C6AEA7A4B82B, cid=3037, SUCCESS, logIndex=5042, commits[5d71e5de-6d45-4480-a1f1-d41cc2d38630:c5042]
2019-06-13 13:50:44,459 INFO  client.GrpcClientProtocolClient (GrpcClientProtocolClient.java:onNext(254)) - client-D47EFDF0E133->5d71e5de-6d45-4480-a1f1-d41cc2d38630: receive RaftClientReply:client-D47EFDF0E133->5d71e5de-6d45-4480-a1f1-d41cc2d38630@group-C6AEA7A4B82B, cid=3038, SUCCESS, logIndex=5044, commits[5d71e5de-6d45-4480-a1f1-d41cc2d38630:c5044]
2019-06-13 13:50:44,461 INFO  client.GrpcClientProtocolClient (GrpcClientProtocolClient.java:onNext(254)) - client-D47EFDF0E133->5d71e5de-6d45-4480-a1f1-d41cc2d38630: receive RaftClientReply:client-D47EFDF0E133->5d71e5de-6d45-4480-a1f1-d41cc2d38630@group-C6AEA7A4B82B, cid=3039, SUCCESS, logIndex=5046, commits[5d71e5de-6d45-4480-a1f1-d41cc2d38630:c5046]
2019-06-13 13:50:44,461 INFO  client.GrpcClientProtocolClient (GrpcClientProtocolClient.java:onNext(254)) - client-D47EFDF0E133->5d71e5de-6d45-4480-a1f1-d41cc2d38630: receive RaftClientReply:client-D47EFDF0E133->5d71e5de-6d45-4480-a1f1-d41cc2d38630@group-C6AEA7A4B82B, cid=3040, SUCCESS, logIndex=5047, commits[5d71e5de-6d45-4480-a1f1-d41cc2d38630:c5047]
2019-06-13 13:50:44,470 INFO  client.GrpcClientProtocolClient (GrpcClientProtocolClient.java:onNext(254)) - client-D47EFDF0E133->5d71e5de-6d45-4480-a1f1-d41cc2d38630: receive RaftClientReply:client-D47EFDF0E133->5d71e5de-6d45-4480-a1f1-d41cc2d38630@group-C6AEA7A4B82B, cid=3041, SUCCESS, logIndex=5050, commits[5d71e5de-6d45-4480-a1f1-d41cc2d38630:c5050]
2019-06-13 13:50:44,471 INFO  client.GrpcClientProtocolClient (GrpcClientProtocolClient.java:onNext(254)) - client-D47EFDF0E133->5d71e5de-6d45-4480-a1f1-d41cc2d38630: receive RaftClientReply:client-D47EFDF0E133->5d71e5de-6d45-4480-a1f1-d41cc2d38630@group-C6AEA7A4B82B, cid=3042, SUCCESS, logIndex=5052, commits[5d71e5de-6d45-4480-a1f1-d41cc2d38630:c5052]
2019-06-13 13:50:44,473 INFO  client.GrpcClientProtocolClient (GrpcClientProtocolClient.java:onNext(254)) - client-D47EFDF0E133->5d71e5de-6d45-4480-a1f1-d41cc2d38630: receive RaftClientReply:client-D47EFDF0E133->5d71e5de-6d45-4480-a1f1-d41cc2d38630@group-C6AEA7A4B82B, cid=3043, SUCCESS, logIndex=5054, commits[5d71e5de-6d45-4480-a1f1-d41cc2d38630:c5054]
2019-06-13 13:50:44,474 INFO  client.GrpcClientProtocolClient (GrpcClientProtocolClient.java:onNext(254)) - client-D47EFDF0E133->5d71e5de-6d45-4480-a1f1-d41cc2d38630: receive RaftClientReply:client-D47EFDF0E133->5d71e5de-6d45-4480-a1f1-d41cc2d38630@group-C6AEA7A4B82B, cid=3044, SUCCESS, logIndex=5056, commits[5d71e5de-6d45-4480-a1f1-d41cc2d38630:c5056]
2019-06-13 13:50:44,479 INFO  client.GrpcClientProtocolClient (GrpcClientProtocolClient.java:onNext(254)) - client-D47EFDF0E133->5d71e5de-6d45-4480-a1f1-d41cc2d38630: receive RaftClientReply:client-D47EFDF0E133->5d71e5de-6d45-4480-a1f1-d41cc2d38630@group-C6AEA7A4B82B, cid=3045, SUCCESS, logIndex=5058, commits[5d71e5de-6d45-4480-a1f1-d41cc2d38630:c5058]
2019-06-13 13:50:44,480 INFO  client.GrpcClientProtocolClient (GrpcClientProtocolClient.java:onNext(254)) - client-D47EFDF0E133->5d71e5de-6d45-4480-a1f1-d41cc2d38630: receive RaftClientReply:client-D47EFDF0E133->5d71e5de-6d45-4480-a1f1-d41cc2d38630@group-C6AEA7A4B82B, cid=3046, SUCCESS, logIndex=5060, commits[5d71e5de-6d45-4480-a1f1-d41cc2d38630:c5060]
2019-06-13 13:50:44,481 INFO  client.GrpcClientProtocolClient (GrpcClientProtocolClient.java:onNext(254)) - client-D47EFDF0E133->5d71e5de-6d45-4480-a1f1-d41cc2d38630: receive RaftClientReply:client-D47EFDF0E133->5d71e5de-6d45-4480-a1f1-d41cc2d38630@group-C6AEA7A4B82B, cid=3047, SUCCESS, logIndex=5061, commits[5d71e5de-6d45-4480-a1f1-d41cc2d38630:c5063]
2019-06-13 13:50:44,481 INFO  client.GrpcClientProtocolClient (GrpcClientProtocolClient.java:onNext(254)) - client-D47EFDF0E133->5d71e5de-6d45-4480-a1f1-d41cc2d38630: receive RaftClientReply:client-D47EFDF0E133->5d71e5de-6d45-4480-a1f1-d41cc2d38630@group-C6AEA7A4B82B, cid=3048, SUCCESS, logIndex=5062, commits[5d71e5de-6d45-4480-a1f1-d41cc2d38630:c5063]
2019-06-13 13:50:44,532 INFO  client.GrpcClientProtocolClient (GrpcClientProtocolClient.java:onNext(254)) - client-D47EFDF0E133->5d71e5de-6d45-4480-a1f1-d41cc2d38630: receive RaftClientReply:client-D47EFDF0E133->5d71e5de-6d45-4480-a1f1-d41cc2d38630@group-C6AEA7A4B82B, cid=3049, SUCCESS, logIndex=5064, commits[5d71e5de-6d45-4480-a1f1-d41cc2d38630:c5064]
2019-06-13 13:50:44,533 INFO  client.GrpcClientProtocolClient (GrpcClientProtocolClient.java:onNext(254)) - client-D47EFDF0E133->5d71e5de-6d45-4480-a1f1-d41cc2d38630: receive RaftClientReply:client-D47EFDF0E133->5d71e5de-6d45-4480-a1f1-d41cc2d38630@group-C6AEA7A4B82B, cid=3050, SUCCESS, logIndex=5066, commits[5d71e5de-6d45-4480-a1f1-d41cc2d38630:c5066]
2019-06-13 13:50:44,557 DEBUG block.SCMBlockDeletingService (SCMBlockDeletingService.java:call(138)) - Running DeletedBlockTransactionScanner
2019-06-13 13:50:44,557 DEBUG block.SCMBlockDeletingService (SCMBlockDeletingService.java:call(155)) - Scanned deleted blocks log and got 0 delTX to process.
2019-06-13 13:50:44,604 INFO  client.GrpcClientProtocolClient (GrpcClientProtocolClient.java:onNext(254)) - client-D47EFDF0E133->5d71e5de-6d45-4480-a1f1-d41cc2d38630: receive RaftClientReply:client-D47EFDF0E133->5d71e5de-6d45-4480-a1f1-d41cc2d38630@group-C6AEA7A4B82B, cid=3051, SUCCESS, logIndex=5068, commits[5d71e5de-6d45-4480-a1f1-d41cc2d38630:c5068]
2019-06-13 13:50:44,605 INFO  client.GrpcClientProtocolClient (GrpcClientProtocolClient.java:onNext(254)) - client-D47EFDF0E133->5d71e5de-6d45-4480-a1f1-d41cc2d38630: receive RaftClientReply:client-D47EFDF0E133->5d71e5de-6d45-4480-a1f1-d41cc2d38630@group-C6AEA7A4B82B, cid=3052, SUCCESS, logIndex=5070, commits[5d71e5de-6d45-4480-a1f1-d41cc2d38630:c5070]
2019-06-13 13:50:44,607 INFO  storage.RaftLogWorker (RaftLogWorker.java:rollLogSegment(303)) - 5d71e5de-6d45-4480-a1f1-d41cc2d38630-RaftLogWorker: Rolling segment log-4996_5071 to index:5071
2019-06-13 13:50:44,608 INFO  storage.RaftLogWorker (RaftLogWorker.java:execute(433)) - 5d71e5de-6d45-4480-a1f1-d41cc2d38630-RaftLogWorker: Rolled log segment from /opt/src/hadoop-ozone/integration-test/target/test-dir/MiniOzoneClusterImpl-c05bfa39-b333-4767-bc96-5a78f3430938/datanode-0/data/ratis/3aee30eb-3db1-472a-b851-c6aea7a4b82b/current/log_inprogress_4996 to /opt/src/hadoop-ozone/integration-test/target/test-dir/MiniOzoneClusterImpl-c05bfa39-b333-4767-bc96-5a78f3430938/datanode-0/data/ratis/3aee30eb-3db1-472a-b851-c6aea7a4b82b/current/log_4996-5071
2019-06-13 13:50:44,643 INFO  storage.RaftLogWorker (RaftLogWorker.java:execute(469)) - 5d71e5de-6d45-4480-a1f1-d41cc2d38630-RaftLogWorker: created new log segment /opt/src/hadoop-ozone/integration-test/target/test-dir/MiniOzoneClusterImpl-c05bfa39-b333-4767-bc96-5a78f3430938/datanode-0/data/ratis/3aee30eb-3db1-472a-b851-c6aea7a4b82b/current/log_inprogress_5072
2019-06-13 13:50:44,645 INFO  client.GrpcClientProtocolClient (GrpcClientProtocolClient.java:onNext(254)) - client-D47EFDF0E133->5d71e5de-6d45-4480-a1f1-d41cc2d38630: receive RaftClientReply:client-D47EFDF0E133->5d71e5de-6d45-4480-a1f1-d41cc2d38630@group-C6AEA7A4B82B, cid=3053, SUCCESS, logIndex=5072, commits[5d71e5de-6d45-4480-a1f1-d41cc2d38630:c5072]
2019-06-13 13:50:44,646 INFO  client.GrpcClientProtocolClient (GrpcClientProtocolClient.java:onNext(254)) - client-D47EFDF0E133->5d71e5de-6d45-4480-a1f1-d41cc2d38630: receive RaftClientReply:client-D47EFDF0E133->5d71e5de-6d45-4480-a1f1-d41cc2d38630@group-C6AEA7A4B82B, cid=3054, SUCCESS, logIndex=5074, commits[5d71e5de-6d45-4480-a1f1-d41cc2d38630:c5074]
2019-06-13 13:50:44,647 INFO  client.GrpcClientProtocolClient (GrpcClientProtocolClient.java:onNext(254)) - client-D47EFDF0E133->5d71e5de-6d45-4480-a1f1-d41cc2d38630: receive RaftClientReply:client-D47EFDF0E133->5d71e5de-6d45-4480-a1f1-d41cc2d38630@group-C6AEA7A4B82B, cid=3055, SUCCESS, logIndex=5075, commits[5d71e5de-6d45-4480-a1f1-d41cc2d38630:c5077]
2019-06-13 13:50:44,647 INFO  client.GrpcClientProtocolClient (GrpcClientProtocolClient.java:onNext(254)) - client-D47EFDF0E133->5d71e5de-6d45-4480-a1f1-d41cc2d38630: receive RaftClientReply:client-D47EFDF0E133->5d71e5de-6d45-4480-a1f1-d41cc2d38630@group-C6AEA7A4B82B, cid=3056, SUCCESS, logIndex=5076, commits[5d71e5de-6d45-4480-a1f1-d41cc2d38630:c5077]
2019-06-13 13:50:44,657 INFO  client.GrpcClientProtocolClient (GrpcClientProtocolClient.java:onNext(254)) - client-D47EFDF0E133->5d71e5de-6d45-4480-a1f1-d41cc2d38630: receive RaftClientReply:client-D47EFDF0E133->5d71e5de-6d45-4480-a1f1-d41cc2d38630@group-C6AEA7A4B82B, cid=3057, SUCCESS, logIndex=5078, commits[5d71e5de-6d45-4480-a1f1-d41cc2d38630:c5078]
2019-06-13 13:50:44,658 DEBUG block.SCMBlockDeletingService (SCMBlockDeletingService.java:call(138)) - Running DeletedBlockTransactionScanner
2019-06-13 13:50:44,658 DEBUG block.SCMBlockDeletingService (SCMBlockDeletingService.java:call(155)) - Scanned deleted blocks log and got 0 delTX to process.
2019-06-13 13:50:44,661 INFO  client.GrpcClientProtocolClient (GrpcClientProtocolClient.java:onNext(254)) - client-D47EFDF0E133->5d71e5de-6d45-4480-a1f1-d41cc2d38630: receive RaftClientReply:client-D47EFDF0E133->5d71e5de-6d45-4480-a1f1-d41cc2d38630@group-C6AEA7A4B82B, cid=3058, SUCCESS, logIndex=5080, commits[5d71e5de-6d45-4480-a1f1-d41cc2d38630:c5082]
2019-06-13 13:50:44,661 INFO  client.GrpcClientProtocolClient (GrpcClientProtocolClient.java:onNext(254)) - client-D47EFDF0E133->5d71e5de-6d45-4480-a1f1-d41cc2d38630: receive RaftClientReply:client-D47EFDF0E133->5d71e5de-6d45-4480-a1f1-d41cc2d38630@group-C6AEA7A4B82B, cid=3059, SUCCESS, logIndex=5081, commits[5d71e5de-6d45-4480-a1f1-d41cc2d38630:c5082]
2019-06-13 13:50:44,661 INFO  client.GrpcClientProtocolClient (GrpcClientProtocolClient.java:onNext(254)) - client-D47EFDF0E133->5d71e5de-6d45-4480-a1f1-d41cc2d38630: receive RaftClientReply:client-D47EFDF0E133->5d71e5de-6d45-4480-a1f1-d41cc2d38630@group-C6AEA7A4B82B, cid=3060, SUCCESS, logIndex=5082, commits[5d71e5de-6d45-4480-a1f1-d41cc2d38630:c5082]
2019-06-13 13:50:44,666 INFO  client.GrpcClientProtocolClient (GrpcClientProtocolClient.java:onNext(254)) - client-D47EFDF0E133->5d71e5de-6d45-4480-a1f1-d41cc2d38630: receive RaftClientReply:client-D47EFDF0E133->5d71e5de-6d45-4480-a1f1-d41cc2d38630@group-C6AEA7A4B82B, cid=3061, SUCCESS, logIndex=5084, commits[5d71e5de-6d45-4480-a1f1-d41cc2d38630:c5084]
2019-06-13 13:50:44,667 INFO  client.GrpcClientProtocolClient (GrpcClientProtocolClient.java:onNext(254)) - client-D47EFDF0E133->5d71e5de-6d45-4480-a1f1-d41cc2d38630: receive RaftClientReply:client-D47EFDF0E133->5d71e5de-6d45-4480-a1f1-d41cc2d38630@group-C6AEA7A4B82B, cid=3062, SUCCESS, logIndex=5086, commits[5d71e5de-6d45-4480-a1f1-d41cc2d38630:c5086]
2019-06-13 13:50:44,669 INFO  client.GrpcClientProtocolClient (GrpcClientProtocolClient.java:onNext(254)) - client-D47EFDF0E133->5d71e5de-6d45-4480-a1f1-d41cc2d38630: receive RaftClientReply:client-D47EFDF0E133->5d71e5de-6d45-4480-a1f1-d41cc2d38630@group-C6AEA7A4B82B, cid=3063, SUCCESS, logIndex=5087, commits[5d71e5de-6d45-4480-a1f1-d41cc2d38630:c5089]
2019-06-13 13:50:44,669 INFO  client.GrpcClientProtocolClient (GrpcClientProtocolClient.java:onNext(254)) - client-D47EFDF0E133->5d71e5de-6d45-4480-a1f1-d41cc2d38630: receive RaftClientReply:client-D47EFDF0E133->5d71e5de-6d45-4480-a1f1-d41cc2d38630@group-C6AEA7A4B82B, cid=3064, SUCCESS, logIndex=5088, commits[5d71e5de-6d45-4480-a1f1-d41cc2d38630:c5089]
2019-06-13 13:50:44,683 INFO  client.GrpcClientProtocolClient (GrpcClientProtocolClient.java:onNext(254)) - client-D47EFDF0E133->5d71e5de-6d45-4480-a1f1-d41cc2d38630: receive RaftClientReply:client-D47EFDF0E133->5d71e5de-6d45-4480-a1f1-d41cc2d38630@group-C6AEA7A4B82B, cid=3065, SUCCESS, logIndex=5090, commits[5d71e5de-6d45-4480-a1f1-d41cc2d38630:c5090]
2019-06-13 13:50:44,685 INFO  client.GrpcClientProtocolClient (GrpcClientProtocolClient.java:onNext(254)) - client-D47EFDF0E133->5d71e5de-6d45-4480-a1f1-d41cc2d38630: receive RaftClientReply:client-D47EFDF0E133->5d71e5de-6d45-4480-a1f1-d41cc2d38630@group-C6AEA7A4B82B, cid=3066, SUCCESS, logIndex=5092, commits[5d71e5de-6d45-4480-a1f1-d41cc2d38630:c5092]
2019-06-13 13:50:44,686 INFO  client.GrpcClientProtocolClient (GrpcClientProtocolClient.java:onNext(254)) - client-D47EFDF0E133->5d71e5de-6d45-4480-a1f1-d41cc2d38630: receive RaftClientReply:client-D47EFDF0E133->5d71e5de-6d45-4480-a1f1-d41cc2d38630@group-C6AEA7A4B82B, cid=3067, SUCCESS, logIndex=5093, commits[5d71e5de-6d45-4480-a1f1-d41cc2d38630:c5095]
2019-06-13 13:50:44,686 INFO  client.GrpcClientProtocolClient (GrpcClientProtocolClient.java:onNext(254)) - client-D47EFDF0E133->5d71e5de-6d45-4480-a1f1-d41cc2d38630: receive RaftClientReply:client-D47EFDF0E133->5d71e5de-6d45-4480-a1f1-d41cc2d38630@group-C6AEA7A4B82B, cid=3068, SUCCESS, logIndex=5094, commits[5d71e5de-6d45-4480-a1f1-d41cc2d38630:c5095]
2019-06-13 13:50:44,691 INFO  client.GrpcClientProtocolClient (GrpcClientProtocolClient.java:onNext(254)) - client-D47EFDF0E133->5d71e5de-6d45-4480-a1f1-d41cc2d38630: receive RaftClientReply:client-D47EFDF0E133->5d71e5de-6d45-4480-a1f1-d41cc2d38630@group-C6AEA7A4B82B, cid=3069, SUCCESS, logIndex=5096, commits[5d71e5de-6d45-4480-a1f1-d41cc2d38630:c5096]
2019-06-13 13:50:44,697 INFO  client.GrpcClientProtocolClient (GrpcClientProtocolClient.java:onNext(254)) - client-D47EFDF0E133->5d71e5de-6d45-4480-a1f1-d41cc2d38630: receive RaftClientReply:client-D47EFDF0E133->5d71e5de-6d45-4480-a1f1-d41cc2d38630@group-C6AEA7A4B82B, cid=3070, SUCCESS, logIndex=5098, commits[5d71e5de-6d45-4480-a1f1-d41cc2d38630:c5098]
2019-06-13 13:50:44,698 INFO  client.GrpcClientProtocolClient (GrpcClientProtocolClient.java:onNext(254)) - client-D47EFDF0E133->5d71e5de-6d45-4480-a1f1-d41cc2d38630: receive RaftClientReply:client-D47EFDF0E133->5d71e5de-6d45-4480-a1f1-d41cc2d38630@group-C6AEA7A4B82B, cid=3071, SUCCESS, logIndex=5099, commits[5d71e5de-6d45-4480-a1f1-d41cc2d38630:c5100]
2019-06-13 13:50:44,698 INFO  client.GrpcClientProtocolClient (GrpcClientProtocolClient.java:onNext(254)) - client-D47EFDF0E133->5d71e5de-6d45-4480-a1f1-d41cc2d38630: receive RaftClientReply:client-D47EFDF0E133->5d71e5de-6d45-4480-a1f1-d41cc2d38630@group-C6AEA7A4B82B, cid=3072, SUCCESS, logIndex=5100, commits[5d71e5de-6d45-4480-a1f1-d41cc2d38630:c5100]
2019-06-13 13:50:44,710 INFO  client.GrpcClientProtocolClient (GrpcClientProtocolClient.java:onNext(254)) - client-D47EFDF0E133->5d71e5de-6d45-4480-a1f1-d41cc2d38630: receive RaftClientReply:client-D47EFDF0E133->5d71e5de-6d45-4480-a1f1-d41cc2d38630@group-C6AEA7A4B82B, cid=3073, SUCCESS, logIndex=5103, commits[5d71e5de-6d45-4480-a1f1-d41cc2d38630:c5103]
2019-06-13 13:50:44,712 INFO  client.GrpcClientProtocolClient (GrpcClientProtocolClient.java:onNext(254)) - client-D47EFDF0E133->5d71e5de-6d45-4480-a1f1-d41cc2d38630: receive RaftClientReply:client-D47EFDF0E133->5d71e5de-6d45-4480-a1f1-d41cc2d38630@group-C6AEA7A4B82B, cid=3074, SUCCESS, logIndex=5105, commits[5d71e5de-6d45-4480-a1f1-d41cc2d38630:c5107]
2019-06-13 13:50:44,713 INFO  client.GrpcClientProtocolClient (GrpcClientProtocolClient.java:onNext(254)) - client-D47EFDF0E133->5d71e5de-6d45-4480-a1f1-d41cc2d38630: receive RaftClientReply:client-D47EFDF0E133->5d71e5de-6d45-4480-a1f1-d41cc2d38630@group-C6AEA7A4B82B, cid=3075, SUCCESS, logIndex=5106, commits[5d71e5de-6d45-4480-a1f1-d41cc2d38630:c5107]
2019-06-13 13:50:44,713 INFO  client.GrpcClientProtocolClient (GrpcClientProtocolClient.java:onNext(254)) - client-D47EFDF0E133->5d71e5de-6d45-4480-a1f1-d41cc2d38630: receive RaftClientReply:client-D47EFDF0E133->5d71e5de-6d45-4480-a1f1-d41cc2d38630@group-C6AEA7A4B82B, cid=3076, SUCCESS, logIndex=5107, commits[5d71e5de-6d45-4480-a1f1-d41cc2d38630:c5108]
2019-06-13 13:50:44,718 INFO  client.GrpcClientProtocolClient (GrpcClientProtocolClient.java:onNext(254)) - client-D47EFDF0E133->5d71e5de-6d45-4480-a1f1-d41cc2d38630: receive RaftClientReply:client-D47EFDF0E133->5d71e5de-6d45-4480-a1f1-d41cc2d38630@group-C6AEA7A4B82B, cid=3077, SUCCESS, logIndex=5109, commits[5d71e5de-6d45-4480-a1f1-d41cc2d38630:c5109]
2019-06-13 13:50:44,719 INFO  client.GrpcClientProtocolClient (GrpcClientProtocolClient.java:onNext(254)) - client-D47EFDF0E133->5d71e5de-6d45-4480-a1f1-d41cc2d38630: receive RaftClientReply:client-D47EFDF0E133->5d71e5de-6d45-4480-a1f1-d41cc2d38630@group-C6AEA7A4B82B, cid=3078, SUCCESS, logIndex=5111, commits[5d71e5de-6d45-4480-a1f1-d41cc2d38630:c5111]
2019-06-13 13:50:44,720 INFO  client.GrpcClientProtocolClient (GrpcClientProtocolClient.java:onNext(254)) - client-D47EFDF0E133->5d71e5de-6d45-4480-a1f1-d41cc2d38630: receive RaftClientReply:client-D47EFDF0E133->5d71e5de-6d45-4480-a1f1-d41cc2d38630@group-C6AEA7A4B82B, cid=3079, SUCCESS, logIndex=5112, commits[5d71e5de-6d45-4480-a1f1-d41cc2d38630:c5113]
2019-06-13 13:50:44,721 INFO  client.GrpcClientProtocolClient (GrpcClientProtocolClient.java:onNext(254)) - client-D47EFDF0E133->5d71e5de-6d45-4480-a1f1-d41cc2d38630: receive RaftClientReply:client-D47EFDF0E133->5d71e5de-6d45-4480-a1f1-d41cc2d38630@group-C6AEA7A4B82B, cid=3080, SUCCESS, logIndex=5114, commits[5d71e5de-6d45-4480-a1f1-d41cc2d38630:c5114]
2019-06-13 13:50:44,731 INFO  client.GrpcClientProtocolClient (GrpcClientProtocolClient.java:onNext(254)) - client-D47EFDF0E133->5d71e5de-6d45-4480-a1f1-d41cc2d38630: receive RaftClientReply:client-D47EFDF0E133->5d71e5de-6d45-4480-a1f1-d41cc2d38630@group-C6AEA7A4B82B, cid=3081, SUCCESS, logIndex=5116, commits[5d71e5de-6d45-4480-a1f1-d41cc2d38630:c5116]
2019-06-13 13:50:44,732 INFO  client.GrpcClientProtocolClient (GrpcClientProtocolClient.java:onNext(254)) - client-D47EFDF0E133->5d71e5de-6d45-4480-a1f1-d41cc2d38630: receive RaftClientReply:client-D47EFDF0E133->5d71e5de-6d45-4480-a1f1-d41cc2d38630@group-C6AEA7A4B82B, cid=3082, SUCCESS, logIndex=5118, commits[5d71e5de-6d45-4480-a1f1-d41cc2d38630:c5118]
2019-06-13 13:50:44,733 INFO  client.GrpcClientProtocolClient (GrpcClientProtocolClient.java:onNext(254)) - client-D47EFDF0E133->5d71e5de-6d45-4480-a1f1-d41cc2d38630: receive RaftClientReply:client-D47EFDF0E133->5d71e5de-6d45-4480-a1f1-d41cc2d38630@group-C6AEA7A4B82B, cid=3083, SUCCESS, logIndex=5119, commits[5d71e5de-6d45-4480-a1f1-d41cc2d38630:c5121]
2019-06-13 13:50:44,733 INFO  client.GrpcClientProtocolClient (GrpcClientProtocolClient.java:onNext(254)) - client-D47EFDF0E133->5d71e5de-6d45-4480-a1f1-d41cc2d38630: receive RaftClientReply:client-D47EFDF0E133->5d71e5de-6d45-4480-a1f1-d41cc2d38630@group-C6AEA7A4B82B, cid=3084, SUCCESS, logIndex=5120, commits[5d71e5de-6d45-4480-a1f1-d41cc2d38630:c5121]
2019-06-13 13:50:44,738 INFO  client.GrpcClientProtocolClient (GrpcClientProtocolClient.java:onNext(254)) - client-D47EFDF0E133->5d71e5de-6d45-4480-a1f1-d41cc2d38630: receive RaftClientReply:client-D47EFDF0E133->5d71e5de-6d45-4480-a1f1-d41cc2d38630@group-C6AEA7A4B82B, cid=3085, SUCCESS, logIndex=5122, commits[5d71e5de-6d45-4480-a1f1-d41cc2d38630:c5122]
2019-06-13 13:50:44,739 INFO  client.GrpcClientProtocolClient (GrpcClientProtocolClient.java:onNext(254)) - client-D47EFDF0E133->5d71e5de-6d45-4480-a1f1-d41cc2d38630: receive RaftClientReply:client-D47EFDF0E133->5d71e5de-6d45-4480-a1f1-d41cc2d38630@group-C6AEA7A4B82B, cid=3086, SUCCESS, logIndex=5124, commits[5d71e5de-6d45-4480-a1f1-d41cc2d38630:c5124]
2019-06-13 13:50:44,740 INFO  client.GrpcClientProtocolClient (GrpcClientProtocolClient.java:onNext(254)) - client-D47EFDF0E133->5d71e5de-6d45-4480-a1f1-d41cc2d38630: receive RaftClientReply:client-D47EFDF0E133->5d71e5de-6d45-4480-a1f1-d41cc2d38630@group-C6AEA7A4B82B, cid=3087, SUCCESS, logIndex=5125, commits[5d71e5de-6d45-4480-a1f1-d41cc2d38630:c5127]
2019-06-13 13:50:44,740 INFO  client.GrpcClientProtocolClient (GrpcClientProtocolClient.java:onNext(254)) - client-D47EFDF0E133->5d71e5de-6d45-4480-a1f1-d41cc2d38630: receive RaftClientReply:client-D47EFDF0E133->5d71e5de-6d45-4480-a1f1-d41cc2d38630@group-C6AEA7A4B82B, cid=3088, SUCCESS, logIndex=5126, commits[5d71e5de-6d45-4480-a1f1-d41cc2d38630:c5127]
2019-06-13 13:50:44,751 INFO  client.GrpcClientProtocolClient (GrpcClientProtocolClient.java:onNext(254)) - client-D47EFDF0E133->5d71e5de-6d45-4480-a1f1-d41cc2d38630: receive RaftClientReply:client-D47EFDF0E133->5d71e5de-6d45-4480-a1f1-d41cc2d38630@group-C6AEA7A4B82B, cid=3089, SUCCESS, logIndex=5128, commits[5d71e5de-6d45-4480-a1f1-d41cc2d38630:c5128]
2019-06-13 13:50:44,752 INFO  client.GrpcClientProtocolClient (GrpcClientProtocolClient.java:onNext(254)) - client-D47EFDF0E133->5d71e5de-6d45-4480-a1f1-d41cc2d38630: receive RaftClientReply:client-D47EFDF0E133->5d71e5de-6d45-4480-a1f1-d41cc2d38630@group-C6AEA7A4B82B, cid=3090, SUCCESS, logIndex=5130, commits[5d71e5de-6d45-4480-a1f1-d41cc2d38630:c5130]
2019-06-13 13:50:44,753 INFO  client.GrpcClientProtocolClient (GrpcClientProtocolClient.java:onNext(254)) - client-D47EFDF0E133->5d71e5de-6d45-4480-a1f1-d41cc2d38630: receive RaftClientReply:client-D47EFDF0E133->5d71e5de-6d45-4480-a1f1-d41cc2d38630@group-C6AEA7A4B82B, cid=3091, SUCCESS, logIndex=5131, commits[5d71e5de-6d45-4480-a1f1-d41cc2d38630:c5133]
2019-06-13 13:50:44,753 INFO  client.GrpcClientProtocolClient (GrpcClientProtocolClient.java:onNext(254)) - client-D47EFDF0E133->5d71e5de-6d45-4480-a1f1-d41cc2d38630: receive RaftClientReply:client-D47EFDF0E133->5d71e5de-6d45-4480-a1f1-d41cc2d38630@group-C6AEA7A4B82B, cid=3092, SUCCESS, logIndex=5132, commits[5d71e5de-6d45-4480-a1f1-d41cc2d38630:c5133]
2019-06-13 13:50:44,758 DEBUG block.SCMBlockDeletingService (SCMBlockDeletingService.java:call(138)) - Running DeletedBlockTransactionScanner
2019-06-13 13:50:44,758 DEBUG block.SCMBlockDeletingService (SCMBlockDeletingService.java:call(155)) - Scanned deleted blocks log and got 0 delTX to process.
2019-06-13 13:50:44,758 INFO  client.GrpcClientProtocolClient (GrpcClientProtocolClient.java:onNext(254)) - client-D47EFDF0E133->5d71e5de-6d45-4480-a1f1-d41cc2d38630: receive RaftClientReply:client-D47EFDF0E133->5d71e5de-6d45-4480-a1f1-d41cc2d38630@group-C6AEA7A4B82B, cid=3093, SUCCESS, logIndex=5134, commits[5d71e5de-6d45-4480-a1f1-d41cc2d38630:c5134]
2019-06-13 13:50:44,760 INFO  client.GrpcClientProtocolClient (GrpcClientProtocolClient.java:onNext(254)) - client-D47EFDF0E133->5d71e5de-6d45-4480-a1f1-d41cc2d38630: receive RaftClientReply:client-D47EFDF0E133->5d71e5de-6d45-4480-a1f1-d41cc2d38630@group-C6AEA7A4B82B, cid=3094, SUCCESS, logIndex=5136, commits[5d71e5de-6d45-4480-a1f1-d41cc2d38630:c5137]
2019-06-13 13:50:44,827 INFO  client.GrpcClientProtocolClient (GrpcClientProtocolClient.java:onNext(254)) - client-D47EFDF0E133->5d71e5de-6d45-4480-a1f1-d41cc2d38630: receive RaftClientReply:client-D47EFDF0E133->5d71e5de-6d45-4480-a1f1-d41cc2d38630@group-C6AEA7A4B82B, cid=3095, SUCCESS, logIndex=5138, commits[5d71e5de-6d45-4480-a1f1-d41cc2d38630:c5138]
2019-06-13 13:50:44,827 INFO  storage.RaftLogWorker (RaftLogWorker.java:rollLogSegment(303)) - 5d71e5de-6d45-4480-a1f1-d41cc2d38630-RaftLogWorker: Rolling segment log-5072_5139 to index:5139
2019-06-13 13:50:44,828 INFO  storage.RaftLogWorker (RaftLogWorker.java:execute(433)) - 5d71e5de-6d45-4480-a1f1-d41cc2d38630-RaftLogWorker: Rolled log segment from /opt/src/hadoop-ozone/integration-test/target/test-dir/MiniOzoneClusterImpl-c05bfa39-b333-4767-bc96-5a78f3430938/datanode-0/data/ratis/3aee30eb-3db1-472a-b851-c6aea7a4b82b/current/log_inprogress_5072 to /opt/src/hadoop-ozone/integration-test/target/test-dir/MiniOzoneClusterImpl-c05bfa39-b333-4767-bc96-5a78f3430938/datanode-0/data/ratis/3aee30eb-3db1-472a-b851-c6aea7a4b82b/current/log_5072-5139
2019-06-13 13:50:44,858 DEBUG block.SCMBlockDeletingService (SCMBlockDeletingService.java:call(138)) - Running DeletedBlockTransactionScanner
2019-06-13 13:50:44,859 DEBUG block.SCMBlockDeletingService (SCMBlockDeletingService.java:call(155)) - Scanned deleted blocks log and got 0 delTX to process.
2019-06-13 13:50:44,863 INFO  storage.RaftLogWorker (RaftLogWorker.java:execute(469)) - 5d71e5de-6d45-4480-a1f1-d41cc2d38630-RaftLogWorker: created new log segment /opt/src/hadoop-ozone/integration-test/target/test-dir/MiniOzoneClusterImpl-c05bfa39-b333-4767-bc96-5a78f3430938/datanode-0/data/ratis/3aee30eb-3db1-472a-b851-c6aea7a4b82b/current/log_inprogress_5140
2019-06-13 13:50:44,864 INFO  client.GrpcClientProtocolClient (GrpcClientProtocolClient.java:onNext(254)) - client-D47EFDF0E133->5d71e5de-6d45-4480-a1f1-d41cc2d38630: receive RaftClientReply:client-D47EFDF0E133->5d71e5de-6d45-4480-a1f1-d41cc2d38630@group-C6AEA7A4B82B, cid=3096, SUCCESS, logIndex=5140, commits[5d71e5de-6d45-4480-a1f1-d41cc2d38630:c5140]
2019-06-13 13:50:44,876 INFO  client.GrpcClientProtocolClient (GrpcClientProtocolClient.java:onNext(254)) - client-D47EFDF0E133->5d71e5de-6d45-4480-a1f1-d41cc2d38630: receive RaftClientReply:client-D47EFDF0E133->5d71e5de-6d45-4480-a1f1-d41cc2d38630@group-C6AEA7A4B82B, cid=3097, SUCCESS, logIndex=5142, commits[5d71e5de-6d45-4480-a1f1-d41cc2d38630:c5142]
2019-06-13 13:50:44,877 INFO  client.GrpcClientProtocolClient (GrpcClientProtocolClient.java:onNext(254)) - client-D47EFDF0E133->5d71e5de-6d45-4480-a1f1-d41cc2d38630: receive RaftClientReply:client-D47EFDF0E133->5d71e5de-6d45-4480-a1f1-d41cc2d38630@group-C6AEA7A4B82B, cid=3098, SUCCESS, logIndex=5144, commits[5d71e5de-6d45-4480-a1f1-d41cc2d38630:c5144]
2019-06-13 13:50:44,878 INFO  client.GrpcClientProtocolClient (GrpcClientProtocolClient.java:onNext(254)) - client-D47EFDF0E133->5d71e5de-6d45-4480-a1f1-d41cc2d38630: receive RaftClientReply:client-D47EFDF0E133->5d71e5de-6d45-4480-a1f1-d41cc2d38630@group-C6AEA7A4B82B, cid=3099, SUCCESS, logIndex=5145, commits[5d71e5de-6d45-4480-a1f1-d41cc2d38630:c5147]
2019-06-13 13:50:44,878 INFO  client.GrpcClientProtocolClient (GrpcClientProtocolClient.java:onNext(254)) - client-D47EFDF0E133->5d71e5de-6d45-4480-a1f1-d41cc2d38630: receive RaftClientReply:client-D47EFDF0E133->5d71e5de-6d45-4480-a1f1-d41cc2d38630@group-C6AEA7A4B82B, cid=3100, SUCCESS, logIndex=5146, commits[5d71e5de-6d45-4480-a1f1-d41cc2d38630:c5147]
2019-06-13 13:50:44,887 INFO  client.GrpcClientProtocolClient (GrpcClientProtocolClient.java:onNext(254)) - client-D47EFDF0E133->5d71e5de-6d45-4480-a1f1-d41cc2d38630: receive RaftClientReply:client-D47EFDF0E133->5d71e5de-6d45-4480-a1f1-d41cc2d38630@group-C6AEA7A4B82B, cid=3101, SUCCESS, logIndex=5148, commits[5d71e5de-6d45-4480-a1f1-d41cc2d38630:c5148]
2019-06-13 13:50:44,888 INFO  client.GrpcClientProtocolClient (GrpcClientProtocolClient.java:onNext(254)) - client-D47EFDF0E133->5d71e5de-6d45-4480-a1f1-d41cc2d38630: receive RaftClientReply:client-D47EFDF0E133->5d71e5de-6d45-4480-a1f1-d41cc2d38630@group-C6AEA7A4B82B, cid=3102, SUCCESS, logIndex=5150, commits[5d71e5de-6d45-4480-a1f1-d41cc2d38630:c5150]
2019-06-13 13:50:44,889 INFO  client.GrpcClientProtocolClient (GrpcClientProtocolClient.java:onNext(254)) - client-D47EFDF0E133->5d71e5de-6d45-4480-a1f1-d41cc2d38630: receive RaftClientReply:client-D47EFDF0E133->5d71e5de-6d45-4480-a1f1-d41cc2d38630@group-C6AEA7A4B82B, cid=3103, SUCCESS, logIndex=5151, commits[5d71e5de-6d45-4480-a1f1-d41cc2d38630:c5153]
2019-06-13 13:50:44,890 INFO  client.GrpcClientProtocolClient (GrpcClientProtocolClient.java:onNext(254)) - client-D47EFDF0E133->5d71e5de-6d45-4480-a1f1-d41cc2d38630: receive RaftClientReply:client-D47EFDF0E133->5d71e5de-6d45-4480-a1f1-d41cc2d38630@group-C6AEA7A4B82B, cid=3104, SUCCESS, logIndex=5152, commits[5d71e5de-6d45-4480-a1f1-d41cc2d38630:c5153]
2019-06-13 13:50:44,906 INFO  client.GrpcClientProtocolClient (GrpcClientProtocolClient.java:onNext(254)) - client-D47EFDF0E133->5d71e5de-6d45-4480-a1f1-d41cc2d38630: receive RaftClientReply:client-D47EFDF0E133->5d71e5de-6d45-4480-a1f1-d41cc2d38630@group-C6AEA7A4B82B, cid=3105, SUCCESS, logIndex=5154, commits[5d71e5de-6d45-4480-a1f1-d41cc2d38630:c5154]
2019-06-13 13:50:44,907 INFO  client.GrpcClientProtocolClient (GrpcClientProtocolClient.java:onNext(254)) - client-D47EFDF0E133->5d71e5de-6d45-4480-a1f1-d41cc2d38630: receive RaftClientReply:client-D47EFDF0E133->5d71e5de-6d45-4480-a1f1-d41cc2d38630@group-C6AEA7A4B82B, cid=3106, SUCCESS, logIndex=5156, commits[5d71e5de-6d45-4480-a1f1-d41cc2d38630:c5156]
2019-06-13 13:50:44,908 INFO  client.GrpcClientProtocolClient (GrpcClientProtocolClient.java:onNext(254)) - client-D47EFDF0E133->5d71e5de-6d45-4480-a1f1-d41cc2d38630: receive RaftClientReply:client-D47EFDF0E133->5d71e5de-6d45-4480-a1f1-d41cc2d38630@group-C6AEA7A4B82B, cid=3107, SUCCESS, logIndex=5157, commits[5d71e5de-6d45-4480-a1f1-d41cc2d38630:c5159]
2019-06-13 13:50:44,908 INFO  client.GrpcClientProtocolClient (GrpcClientProtocolClient.java:onNext(254)) - client-D47EFDF0E133->5d71e5de-6d45-4480-a1f1-d41cc2d38630: receive RaftClientReply:client-D47EFDF0E133->5d71e5de-6d45-4480-a1f1-d41cc2d38630@group-C6AEA7A4B82B, cid=3108, SUCCESS, logIndex=5158, commits[5d71e5de-6d45-4480-a1f1-d41cc2d38630:c5159]
2019-06-13 13:50:44,914 INFO  client.GrpcClientProtocolClient (GrpcClientProtocolClient.java:onNext(254)) - client-D47EFDF0E133->5d71e5de-6d45-4480-a1f1-d41cc2d38630: receive RaftClientReply:client-D47EFDF0E133->5d71e5de-6d45-4480-a1f1-d41cc2d38630@group-C6AEA7A4B82B, cid=3109, SUCCESS, logIndex=5160, commits[5d71e5de-6d45-4480-a1f1-d41cc2d38630:c5160]
2019-06-13 13:50:44,916 INFO  client.GrpcClientProtocolClient (GrpcClientProtocolClient.java:onNext(254)) - client-D47EFDF0E133->5d71e5de-6d45-4480-a1f1-d41cc2d38630: receive RaftClientReply:client-D47EFDF0E133->5d71e5de-6d45-4480-a1f1-d41cc2d38630@group-C6AEA7A4B82B, cid=3110, SUCCESS, logIndex=5162, commits[5d71e5de-6d45-4480-a1f1-d41cc2d38630:c5162]
2019-06-13 13:50:44,917 INFO  client.GrpcClientProtocolClient (GrpcClientProtocolClient.java:onNext(254)) - client-D47EFDF0E133->5d71e5de-6d45-4480-a1f1-d41cc2d38630: receive RaftClientReply:client-D47EFDF0E133->5d71e5de-6d45-4480-a1f1-d41cc2d38630@group-C6AEA7A4B82B, cid=3111, SUCCESS, logIndex=5163, commits[5d71e5de-6d45-4480-a1f1-d41cc2d38630:c5165]
2019-06-13 13:50:44,917 INFO  client.GrpcClientProtocolClient (GrpcClientProtocolClient.java:onNext(254)) - client-D47EFDF0E133->5d71e5de-6d45-4480-a1f1-d41cc2d38630: receive RaftClientReply:client-D47EFDF0E133->5d71e5de-6d45-4480-a1f1-d41cc2d38630@group-C6AEA7A4B82B, cid=3112, SUCCESS, logIndex=5164, commits[5d71e5de-6d45-4480-a1f1-d41cc2d38630:c5165]
2019-06-13 13:50:44,928 INFO  client.GrpcClientProtocolClient (GrpcClientProtocolClient.java:onNext(254)) - client-D47EFDF0E133->5d71e5de-6d45-4480-a1f1-d41cc2d38630: receive RaftClientReply:client-D47EFDF0E133->5d71e5de-6d45-4480-a1f1-d41cc2d38630@group-C6AEA7A4B82B, cid=3113, SUCCESS, logIndex=5166, commits[5d71e5de-6d45-4480-a1f1-d41cc2d38630:c5166]
2019-06-13 13:50:44,929 INFO  client.GrpcClientProtocolClient (GrpcClientProtocolClient.java:onNext(254)) - client-D47EFDF0E133->5d71e5de-6d45-4480-a1f1-d41cc2d38630: receive RaftClientReply:client-D47EFDF0E133->5d71e5de-6d45-4480-a1f1-d41cc2d38630@group-C6AEA7A4B82B, cid=3114, SUCCESS, logIndex=5168, commits[5d71e5de-6d45-4480-a1f1-d41cc2d38630:c5168]
2019-06-13 13:50:44,930 INFO  client.GrpcClientProtocolClient (GrpcClientProtocolClient.java:onNext(254)) - client-D47EFDF0E133->5d71e5de-6d45-4480-a1f1-d41cc2d38630: receive RaftClientReply:client-D47EFDF0E133->5d71e5de-6d45-4480-a1f1-d41cc2d38630@group-C6AEA7A4B82B, cid=3115, SUCCESS, logIndex=5169, commits[5d71e5de-6d45-4480-a1f1-d41cc2d38630:c5171]
2019-06-13 13:50:44,931 INFO  client.GrpcClientProtocolClient (GrpcClientProtocolClient.java:onNext(254)) - client-D47EFDF0E133->5d71e5de-6d45-4480-a1f1-d41cc2d38630: receive RaftClientReply:client-D47EFDF0E133->5d71e5de-6d45-4480-a1f1-d41cc2d38630@group-C6AEA7A4B82B, cid=3116, SUCCESS, logIndex=5170, commits[5d71e5de-6d45-4480-a1f1-d41cc2d38630:c5171]
2019-06-13 13:50:44,936 INFO  client.GrpcClientProtocolClient (GrpcClientProtocolClient.java:onNext(254)) - client-D47EFDF0E133->5d71e5de-6d45-4480-a1f1-d41cc2d38630: receive RaftClientReply:client-D47EFDF0E133->5d71e5de-6d45-4480-a1f1-d41cc2d38630@group-C6AEA7A4B82B, cid=3117, SUCCESS, logIndex=5172, commits[5d71e5de-6d45-4480-a1f1-d41cc2d38630:c5172]
2019-06-13 13:50:44,937 INFO  client.GrpcClientProtocolClient (GrpcClientProtocolClient.java:onNext(254)) - client-D47EFDF0E133->5d71e5de-6d45-4480-a1f1-d41cc2d38630: receive RaftClientReply:client-D47EFDF0E133->5d71e5de-6d45-4480-a1f1-d41cc2d38630@group-C6AEA7A4B82B, cid=3118, SUCCESS, logIndex=5174, commits[5d71e5de-6d45-4480-a1f1-d41cc2d38630:c5174]
2019-06-13 13:50:44,939 INFO  client.GrpcClientProtocolClient (GrpcClientProtocolClient.java:onNext(254)) - client-D47EFDF0E133->5d71e5de-6d45-4480-a1f1-d41cc2d38630: receive RaftClientReply:client-D47EFDF0E133->5d71e5de-6d45-4480-a1f1-d41cc2d38630@group-C6AEA7A4B82B, cid=3119, SUCCESS, logIndex=5175, commits[5d71e5de-6d45-4480-a1f1-d41cc2d38630:c5177]
2019-06-13 13:50:44,939 INFO  client.GrpcClientProtocolClient (GrpcClientProtocolClient.java:onNext(254)) - client-D47EFDF0E133->5d71e5de-6d45-4480-a1f1-d41cc2d38630: receive RaftClientReply:client-D47EFDF0E133->5d71e5de-6d45-4480-a1f1-d41cc2d38630@group-C6AEA7A4B82B, cid=3120, SUCCESS, logIndex=5176, commits[5d71e5de-6d45-4480-a1f1-d41cc2d38630:c5177]
2019-06-13 13:50:44,948 INFO  client.GrpcClientProtocolClient (GrpcClientProtocolClient.java:onNext(254)) - client-D47EFDF0E133->5d71e5de-6d45-4480-a1f1-d41cc2d38630: receive RaftClientReply:client-D47EFDF0E133->5d71e5de-6d45-4480-a1f1-d41cc2d38630@group-C6AEA7A4B82B, cid=3121, SUCCESS, logIndex=5178, commits[5d71e5de-6d45-4480-a1f1-d41cc2d38630:c5178]
2019-06-13 13:50:44,949 INFO  client.GrpcClientProtocolClient (GrpcClientProtocolClient.java:onNext(254)) - client-D47EFDF0E133->5d71e5de-6d45-4480-a1f1-d41cc2d38630: receive RaftClientReply:client-D47EFDF0E133->5d71e5de-6d45-4480-a1f1-d41cc2d38630@group-C6AEA7A4B82B, cid=3122, SUCCESS, logIndex=5180, commits[5d71e5de-6d45-4480-a1f1-d41cc2d38630:c5180]
2019-06-13 13:50:44,950 INFO  client.GrpcClientProtocolClient (GrpcClientProtocolClient.java:onNext(254)) - client-D47EFDF0E133->5d71e5de-6d45-4480-a1f1-d41cc2d38630: receive RaftClientReply:client-D47EFDF0E133->5d71e5de-6d45-4480-a1f1-d41cc2d38630@group-C6AEA7A4B82B, cid=3123, SUCCESS, logIndex=5181, commits[5d71e5de-6d45-4480-a1f1-d41cc2d38630:c5183]
2019-06-13 13:50:44,950 INFO  client.GrpcClientProtocolClient (GrpcClientProtocolClient.java:onNext(254)) - client-D47EFDF0E133->5d71e5de-6d45-4480-a1f1-d41cc2d38630: receive RaftClientReply:client-D47EFDF0E133->5d71e5de-6d45-4480-a1f1-d41cc2d38630@group-C6AEA7A4B82B, cid=3124, SUCCESS, logIndex=5182, commits[5d71e5de-6d45-4480-a1f1-d41cc2d38630:c5183]
2019-06-13 13:50:44,955 INFO  client.GrpcClientProtocolClient (GrpcClientProtocolClient.java:onNext(254)) - client-D47EFDF0E133->5d71e5de-6d45-4480-a1f1-d41cc2d38630: receive RaftClientReply:client-D47EFDF0E133->5d71e5de-6d45-4480-a1f1-d41cc2d38630@group-C6AEA7A4B82B, cid=3125, SUCCESS, logIndex=5184, commits[5d71e5de-6d45-4480-a1f1-d41cc2d38630:c5184]
2019-06-13 13:50:44,956 INFO  client.GrpcClientProtocolClient (GrpcClientProtocolClient.java:onNext(254)) - client-D47EFDF0E133->5d71e5de-6d45-4480-a1f1-d41cc2d38630: receive RaftClientReply:client-D47EFDF0E133->5d71e5de-6d45-4480-a1f1-d41cc2d38630@group-C6AEA7A4B82B, cid=3126, SUCCESS, logIndex=5186, commits[5d71e5de-6d45-4480-a1f1-d41cc2d38630:c5186]
2019-06-13 13:50:44,957 INFO  client.GrpcClientProtocolClient (GrpcClientProtocolClient.java:onNext(254)) - client-D47EFDF0E133->5d71e5de-6d45-4480-a1f1-d41cc2d38630: receive RaftClientReply:client-D47EFDF0E133->5d71e5de-6d45-4480-a1f1-d41cc2d38630@group-C6AEA7A4B82B, cid=3127, SUCCESS, logIndex=5187, commits[5d71e5de-6d45-4480-a1f1-d41cc2d38630:c5189]
2019-06-13 13:50:44,957 INFO  client.GrpcClientProtocolClient (GrpcClientProtocolClient.java:onNext(254)) - client-D47EFDF0E133->5d71e5de-6d45-4480-a1f1-d41cc2d38630: receive RaftClientReply:client-D47EFDF0E133->5d71e5de-6d45-4480-a1f1-d41cc2d38630@group-C6AEA7A4B82B, cid=3128, SUCCESS, logIndex=5188, commits[5d71e5de-6d45-4480-a1f1-d41cc2d38630:c5189]
2019-06-13 13:50:44,959 DEBUG block.SCMBlockDeletingService (SCMBlockDeletingService.java:call(138)) - Running DeletedBlockTransactionScanner
2019-06-13 13:50:44,959 DEBUG block.SCMBlockDeletingService (SCMBlockDeletingService.java:call(155)) - Scanned deleted blocks log and got 0 delTX to process.
2019-06-13 13:50:45,016 INFO  client.GrpcClientProtocolClient (GrpcClientProtocolClient.java:onNext(254)) - client-D47EFDF0E133->5d71e5de-6d45-4480-a1f1-d41cc2d38630: receive RaftClientReply:client-D47EFDF0E133->5d71e5de-6d45-4480-a1f1-d41cc2d38630@group-C6AEA7A4B82B, cid=3129, SUCCESS, logIndex=5190, commits[5d71e5de-6d45-4480-a1f1-d41cc2d38630:c5190]
2019-06-13 13:50:45,018 INFO  client.GrpcClientProtocolClient (GrpcClientProtocolClient.java:onNext(254)) - client-D47EFDF0E133->5d71e5de-6d45-4480-a1f1-d41cc2d38630: receive RaftClientReply:client-D47EFDF0E133->5d71e5de-6d45-4480-a1f1-d41cc2d38630@group-C6AEA7A4B82B, cid=3130, SUCCESS, logIndex=5192, commits[5d71e5de-6d45-4480-a1f1-d41cc2d38630:c5192]
2019-06-13 13:50:45,019 INFO  client.GrpcClientProtocolClient (GrpcClientProtocolClient.java:onNext(254)) - client-D47EFDF0E133->5d71e5de-6d45-4480-a1f1-d41cc2d38630: receive RaftClientReply:client-D47EFDF0E133->5d71e5de-6d45-4480-a1f1-d41cc2d38630@group-C6AEA7A4B82B, cid=3131, SUCCESS, logIndex=5194, commits[5d71e5de-6d45-4480-a1f1-d41cc2d38630:c5195]
2019-06-13 13:50:45,019 INFO  client.GrpcClientProtocolClient (GrpcClientProtocolClient.java:onNext(254)) - client-D47EFDF0E133->5d71e5de-6d45-4480-a1f1-d41cc2d38630: receive RaftClientReply:client-D47EFDF0E133->5d71e5de-6d45-4480-a1f1-d41cc2d38630@group-C6AEA7A4B82B, cid=3132, SUCCESS, logIndex=5195, commits[5d71e5de-6d45-4480-a1f1-d41cc2d38630:c5195]
2019-06-13 13:50:45,024 INFO  client.GrpcClientProtocolClient (GrpcClientProtocolClient.java:onNext(254)) - client-D47EFDF0E133->5d71e5de-6d45-4480-a1f1-d41cc2d38630: receive RaftClientReply:client-D47EFDF0E133->5d71e5de-6d45-4480-a1f1-d41cc2d38630@group-C6AEA7A4B82B, cid=3133, SUCCESS, logIndex=5197, commits[5d71e5de-6d45-4480-a1f1-d41cc2d38630:c5197]
2019-06-13 13:50:45,025 INFO  client.GrpcClientProtocolClient (GrpcClientProtocolClient.java:onNext(254)) - client-D47EFDF0E133->5d71e5de-6d45-4480-a1f1-d41cc2d38630: receive RaftClientReply:client-D47EFDF0E133->5d71e5de-6d45-4480-a1f1-d41cc2d38630@group-C6AEA7A4B82B, cid=3134, SUCCESS, logIndex=5199, commits[5d71e5de-6d45-4480-a1f1-d41cc2d38630:c5199]
2019-06-13 13:50:45,026 INFO  client.GrpcClientProtocolClient (GrpcClientProtocolClient.java:onNext(254)) - client-D47EFDF0E133->5d71e5de-6d45-4480-a1f1-d41cc2d38630: receive RaftClientReply:client-D47EFDF0E133->5d71e5de-6d45-4480-a1f1-d41cc2d38630@group-C6AEA7A4B82B, cid=3135, SUCCESS, logIndex=5200, commits[5d71e5de-6d45-4480-a1f1-d41cc2d38630:c5202]
2019-06-13 13:50:45,027 INFO  client.GrpcClientProtocolClient (GrpcClientProtocolClient.java:onNext(254)) - client-D47EFDF0E133->5d71e5de-6d45-4480-a1f1-d41cc2d38630: receive RaftClientReply:client-D47EFDF0E133->5d71e5de-6d45-4480-a1f1-d41cc2d38630@group-C6AEA7A4B82B, cid=3136, SUCCESS, logIndex=5201, commits[5d71e5de-6d45-4480-a1f1-d41cc2d38630:c5202]
2019-06-13 13:50:45,036 INFO  client.GrpcClientProtocolClient (GrpcClientProtocolClient.java:onNext(254)) - client-D47EFDF0E133->5d71e5de-6d45-4480-a1f1-d41cc2d38630: receive RaftClientReply:client-D47EFDF0E133->5d71e5de-6d45-4480-a1f1-d41cc2d38630@group-C6AEA7A4B82B, cid=3137, SUCCESS, logIndex=5203, commits[5d71e5de-6d45-4480-a1f1-d41cc2d38630:c5203]
2019-06-13 13:50:45,037 INFO  client.GrpcClientProtocolClient (GrpcClientProtocolClient.java:onNext(254)) - client-D47EFDF0E133->5d71e5de-6d45-4480-a1f1-d41cc2d38630: receive RaftClientReply:client-D47EFDF0E133->5d71e5de-6d45-4480-a1f1-d41cc2d38630@group-C6AEA7A4B82B, cid=3138, SUCCESS, logIndex=5205, commits[5d71e5de-6d45-4480-a1f1-d41cc2d38630:c5205]
2019-06-13 13:50:45,059 DEBUG block.SCMBlockDeletingService (SCMBlockDeletingService.java:call(138)) - Running DeletedBlockTransactionScanner
2019-06-13 13:50:45,059 DEBUG block.SCMBlockDeletingService (SCMBlockDeletingService.java:call(155)) - Scanned deleted blocks log and got 0 delTX to process.
2019-06-13 13:50:45,102 INFO  storage.RaftLogWorker (RaftLogWorker.java:rollLogSegment(303)) - 5d71e5de-6d45-4480-a1f1-d41cc2d38630-RaftLogWorker: Rolling segment log-5140_5206 to index:5206
2019-06-13 13:50:45,103 INFO  storage.RaftLogWorker (RaftLogWorker.java:execute(433)) - 5d71e5de-6d45-4480-a1f1-d41cc2d38630-RaftLogWorker: Rolled log segment from /opt/src/hadoop-ozone/integration-test/target/test-dir/MiniOzoneClusterImpl-c05bfa39-b333-4767-bc96-5a78f3430938/datanode-0/data/ratis/3aee30eb-3db1-472a-b851-c6aea7a4b82b/current/log_inprogress_5140 to /opt/src/hadoop-ozone/integration-test/target/test-dir/MiniOzoneClusterImpl-c05bfa39-b333-4767-bc96-5a78f3430938/datanode-0/data/ratis/3aee30eb-3db1-472a-b851-c6aea7a4b82b/current/log_5140-5206
2019-06-13 13:50:45,138 INFO  storage.RaftLogWorker (RaftLogWorker.java:execute(469)) - 5d71e5de-6d45-4480-a1f1-d41cc2d38630-RaftLogWorker: created new log segment /opt/src/hadoop-ozone/integration-test/target/test-dir/MiniOzoneClusterImpl-c05bfa39-b333-4767-bc96-5a78f3430938/datanode-0/data/ratis/3aee30eb-3db1-472a-b851-c6aea7a4b82b/current/log_inprogress_5207
2019-06-13 13:50:45,140 INFO  client.GrpcClientProtocolClient (GrpcClientProtocolClient.java:onNext(254)) - client-D47EFDF0E133->5d71e5de-6d45-4480-a1f1-d41cc2d38630: receive RaftClientReply:client-D47EFDF0E133->5d71e5de-6d45-4480-a1f1-d41cc2d38630@group-C6AEA7A4B82B, cid=3139, SUCCESS, logIndex=5207, commits[5d71e5de-6d45-4480-a1f1-d41cc2d38630:c5207]
2019-06-13 13:50:45,141 INFO  client.GrpcClientProtocolClient (GrpcClientProtocolClient.java:onNext(254)) - client-D47EFDF0E133->5d71e5de-6d45-4480-a1f1-d41cc2d38630: receive RaftClientReply:client-D47EFDF0E133->5d71e5de-6d45-4480-a1f1-d41cc2d38630@group-C6AEA7A4B82B, cid=3140, SUCCESS, logIndex=5209, commits[5d71e5de-6d45-4480-a1f1-d41cc2d38630:c5209]
2019-06-13 13:50:45,151 INFO  client.GrpcClientProtocolClient (GrpcClientProtocolClient.java:onNext(254)) - client-D47EFDF0E133->5d71e5de-6d45-4480-a1f1-d41cc2d38630: receive RaftClientReply:client-D47EFDF0E133->5d71e5de-6d45-4480-a1f1-d41cc2d38630@group-C6AEA7A4B82B, cid=3141, SUCCESS, logIndex=5211, commits[5d71e5de-6d45-4480-a1f1-d41cc2d38630:c5211]
2019-06-13 13:50:45,153 INFO  client.GrpcClientProtocolClient (GrpcClientProtocolClient.java:onNext(254)) - client-D47EFDF0E133->5d71e5de-6d45-4480-a1f1-d41cc2d38630: receive RaftClientReply:client-D47EFDF0E133->5d71e5de-6d45-4480-a1f1-d41cc2d38630@group-C6AEA7A4B82B, cid=3142, SUCCESS, logIndex=5213, commits[5d71e5de-6d45-4480-a1f1-d41cc2d38630:c5213]
2019-06-13 13:50:45,153 INFO  client.GrpcClientProtocolClient (GrpcClientProtocolClient.java:onNext(254)) - client-D47EFDF0E133->5d71e5de-6d45-4480-a1f1-d41cc2d38630: receive RaftClientReply:client-D47EFDF0E133->5d71e5de-6d45-4480-a1f1-d41cc2d38630@group-C6AEA7A4B82B, cid=3143, SUCCESS, logIndex=5214, commits[5d71e5de-6d45-4480-a1f1-d41cc2d38630:c5216]
2019-06-13 13:50:45,154 INFO  client.GrpcClientProtocolClient (GrpcClientProtocolClient.java:onNext(254)) - client-D47EFDF0E133->5d71e5de-6d45-4480-a1f1-d41cc2d38630: receive RaftClientReply:client-D47EFDF0E133->5d71e5de-6d45-4480-a1f1-d41cc2d38630@group-C6AEA7A4B82B, cid=3144, SUCCESS, logIndex=5215, commits[5d71e5de-6d45-4480-a1f1-d41cc2d38630:c5216]
2019-06-13 13:50:45,160 DEBUG block.SCMBlockDeletingService (SCMBlockDeletingService.java:call(138)) - Running DeletedBlockTransactionScanner
2019-06-13 13:50:45,160 DEBUG block.SCMBlockDeletingService (SCMBlockDeletingService.java:call(155)) - Scanned deleted blocks log and got 0 delTX to process.
2019-06-13 13:50:45,171 INFO  client.GrpcClientProtocolClient (GrpcClientProtocolClient.java:onNext(254)) - client-D47EFDF0E133->5d71e5de-6d45-4480-a1f1-d41cc2d38630: receive RaftClientReply:client-D47EFDF0E133->5d71e5de-6d45-4480-a1f1-d41cc2d38630@group-C6AEA7A4B82B, cid=3145, SUCCESS, logIndex=5217, commits[5d71e5de-6d45-4480-a1f1-d41cc2d38630:c5217]
2019-06-13 13:50:45,173 INFO  client.GrpcClientProtocolClient (GrpcClientProtocolClient.java:onNext(254)) - client-D47EFDF0E133->5d71e5de-6d45-4480-a1f1-d41cc2d38630: receive RaftClientReply:client-D47EFDF0E133->5d71e5de-6d45-4480-a1f1-d41cc2d38630@group-C6AEA7A4B82B, cid=3146, SUCCESS, logIndex=5219, commits[5d71e5de-6d45-4480-a1f1-d41cc2d38630:c5219]
2019-06-13 13:50:45,174 INFO  client.GrpcClientProtocolClient (GrpcClientProtocolClient.java:onNext(254)) - client-D47EFDF0E133->5d71e5de-6d45-4480-a1f1-d41cc2d38630: receive RaftClientReply:client-D47EFDF0E133->5d71e5de-6d45-4480-a1f1-d41cc2d38630@group-C6AEA7A4B82B, cid=3147, SUCCESS, logIndex=5220, commits[5d71e5de-6d45-4480-a1f1-d41cc2d38630:c5220]
2019-06-13 13:50:45,174 INFO  client.GrpcClientProtocolClient (GrpcClientProtocolClient.java:onNext(254)) - client-D47EFDF0E133->5d71e5de-6d45-4480-a1f1-d41cc2d38630: receive RaftClientReply:client-D47EFDF0E133->5d71e5de-6d45-4480-a1f1-d41cc2d38630@group-C6AEA7A4B82B, cid=3148, SUCCESS, logIndex=5222, commits[5d71e5de-6d45-4480-a1f1-d41cc2d38630:c5222]
2019-06-13 13:50:45,179 INFO  client.GrpcClientProtocolClient (GrpcClientProtocolClient.java:onNext(254)) - client-D47EFDF0E133->5d71e5de-6d45-4480-a1f1-d41cc2d38630: receive RaftClientReply:client-D47EFDF0E133->5d71e5de-6d45-4480-a1f1-d41cc2d38630@group-C6AEA7A4B82B, cid=3149, SUCCESS, logIndex=5225, commits[5d71e5de-6d45-4480-a1f1-d41cc2d38630:c5225]
2019-06-13 13:50:45,180 INFO  client.GrpcClientProtocolClient (GrpcClientProtocolClient.java:onNext(254)) - client-D47EFDF0E133->5d71e5de-6d45-4480-a1f1-d41cc2d38630: receive RaftClientReply:client-D47EFDF0E133->5d71e5de-6d45-4480-a1f1-d41cc2d38630@group-C6AEA7A4B82B, cid=3150, SUCCESS, logIndex=5227, commits[5d71e5de-6d45-4480-a1f1-d41cc2d38630:c5227]
2019-06-13 13:50:45,181 INFO  client.GrpcClientProtocolClient (GrpcClientProtocolClient.java:onNext(254)) - client-D47EFDF0E133->5d71e5de-6d45-4480-a1f1-d41cc2d38630: receive RaftClientReply:client-D47EFDF0E133->5d71e5de-6d45-4480-a1f1-d41cc2d38630@group-C6AEA7A4B82B, cid=3151, SUCCESS, logIndex=5228, commits[5d71e5de-6d45-4480-a1f1-d41cc2d38630:c5230]
2019-06-13 13:50:45,182 INFO  client.GrpcClientProtocolClient (GrpcClientProtocolClient.java:onNext(254)) - client-D47EFDF0E133->5d71e5de-6d45-4480-a1f1-d41cc2d38630: receive RaftClientReply:client-D47EFDF0E133->5d71e5de-6d45-4480-a1f1-d41cc2d38630@group-C6AEA7A4B82B, cid=3152, SUCCESS, logIndex=5229, commits[5d71e5de-6d45-4480-a1f1-d41cc2d38630:c5230]
2019-06-13 13:50:45,191 INFO  client.GrpcClientProtocolClient (GrpcClientProtocolClient.java:onNext(254)) - client-D47EFDF0E133->5d71e5de-6d45-4480-a1f1-d41cc2d38630: receive RaftClientReply:client-D47EFDF0E133->5d71e5de-6d45-4480-a1f1-d41cc2d38630@group-C6AEA7A4B82B, cid=3153, SUCCESS, logIndex=5231, commits[5d71e5de-6d45-4480-a1f1-d41cc2d38630:c5231]
2019-06-13 13:50:45,192 INFO  client.GrpcClientProtocolClient (GrpcClientProtocolClient.java:onNext(254)) - client-D47EFDF0E133->5d71e5de-6d45-4480-a1f1-d41cc2d38630: receive RaftClientReply:client-D47EFDF0E133->5d71e5de-6d45-4480-a1f1-d41cc2d38630@group-C6AEA7A4B82B, cid=3154, SUCCESS, logIndex=5233, commits[5d71e5de-6d45-4480-a1f1-d41cc2d38630:c5233]
2019-06-13 13:50:45,193 INFO  client.GrpcClientProtocolClient (GrpcClientProtocolClient.java:onNext(254)) - client-D47EFDF0E133->5d71e5de-6d45-4480-a1f1-d41cc2d38630: receive RaftClientReply:client-D47EFDF0E133->5d71e5de-6d45-4480-a1f1-d41cc2d38630@group-C6AEA7A4B82B, cid=3155, SUCCESS, logIndex=5234, commits[5d71e5de-6d45-4480-a1f1-d41cc2d38630:c5236]
2019-06-13 13:50:45,193 INFO  client.GrpcClientProtocolClient (GrpcClientProtocolClient.java:onNext(254)) - client-D47EFDF0E133->5d71e5de-6d45-4480-a1f1-d41cc2d38630: receive RaftClientReply:client-D47EFDF0E133->5d71e5de-6d45-4480-a1f1-d41cc2d38630@group-C6AEA7A4B82B, cid=3156, SUCCESS, logIndex=5235, commits[5d71e5de-6d45-4480-a1f1-d41cc2d38630:c5236]
2019-06-13 13:50:45,198 INFO  client.GrpcClientProtocolClient (GrpcClientProtocolClient.java:onNext(254)) - client-D47EFDF0E133->5d71e5de-6d45-4480-a1f1-d41cc2d38630: receive RaftClientReply:client-D47EFDF0E133->5d71e5de-6d45-4480-a1f1-d41cc2d38630@group-C6AEA7A4B82B, cid=3157, SUCCESS, logIndex=5237, commits[5d71e5de-6d45-4480-a1f1-d41cc2d38630:c5237]
2019-06-13 13:50:45,199 INFO  client.GrpcClientProtocolClient (GrpcClientProtocolClient.java:onNext(254)) - client-D47EFDF0E133->5d71e5de-6d45-4480-a1f1-d41cc2d38630: receive RaftClientReply:client-D47EFDF0E133->5d71e5de-6d45-4480-a1f1-d41cc2d38630@group-C6AEA7A4B82B, cid=3158, SUCCESS, logIndex=5239, commits[5d71e5de-6d45-4480-a1f1-d41cc2d38630:c5239]
2019-06-13 13:50:45,200 INFO  client.GrpcClientProtocolClient (GrpcClientProtocolClient.java:onNext(254)) - client-D47EFDF0E133->5d71e5de-6d45-4480-a1f1-d41cc2d38630: receive RaftClientReply:client-D47EFDF0E133->5d71e5de-6d45-4480-a1f1-d41cc2d38630@group-C6AEA7A4B82B, cid=3159, SUCCESS, logIndex=5240, commits[5d71e5de-6d45-4480-a1f1-d41cc2d38630:c5242]
2019-06-13 13:50:45,200 INFO  client.GrpcClientProtocolClient (GrpcClientProtocolClient.java:onNext(254)) - client-D47EFDF0E133->5d71e5de-6d45-4480-a1f1-d41cc2d38630: receive RaftClientReply:client-D47EFDF0E133->5d71e5de-6d45-4480-a1f1-d41cc2d38630@group-C6AEA7A4B82B, cid=3160, SUCCESS, logIndex=5241, commits[5d71e5de-6d45-4480-a1f1-d41cc2d38630:c5242]
2019-06-13 13:50:45,210 INFO  client.GrpcClientProtocolClient (GrpcClientProtocolClient.java:onNext(254)) - client-D47EFDF0E133->5d71e5de-6d45-4480-a1f1-d41cc2d38630: receive RaftClientReply:client-D47EFDF0E133->5d71e5de-6d45-4480-a1f1-d41cc2d38630@group-C6AEA7A4B82B, cid=3161, SUCCESS, logIndex=5243, commits[5d71e5de-6d45-4480-a1f1-d41cc2d38630:c5243]
2019-06-13 13:50:45,211 INFO  client.GrpcClientProtocolClient (GrpcClientProtocolClient.java:onNext(254)) - client-D47EFDF0E133->5d71e5de-6d45-4480-a1f1-d41cc2d38630: receive RaftClientReply:client-D47EFDF0E133->5d71e5de-6d45-4480-a1f1-d41cc2d38630@group-C6AEA7A4B82B, cid=3162, SUCCESS, logIndex=5245, commits[5d71e5de-6d45-4480-a1f1-d41cc2d38630:c5245]
2019-06-13 13:50:45,212 INFO  client.GrpcClientProtocolClient (GrpcClientProtocolClient.java:onNext(254)) - client-D47EFDF0E133->5d71e5de-6d45-4480-a1f1-d41cc2d38630: receive RaftClientReply:client-D47EFDF0E133->5d71e5de-6d45-4480-a1f1-d41cc2d38630@group-C6AEA7A4B82B, cid=3163, SUCCESS, logIndex=5246, commits[5d71e5de-6d45-4480-a1f1-d41cc2d38630:c5248]
2019-06-13 13:50:45,212 INFO  client.GrpcClientProtocolClient (GrpcClientProtocolClient.java:onNext(254)) - client-D47EFDF0E133->5d71e5de-6d45-4480-a1f1-d41cc2d38630: receive RaftClientReply:client-D47EFDF0E133->5d71e5de-6d45-4480-a1f1-d41cc2d38630@group-C6AEA7A4B82B, cid=3164, SUCCESS, logIndex=5247, commits[5d71e5de-6d45-4480-a1f1-d41cc2d38630:c5248]
2019-06-13 13:50:45,217 INFO  client.GrpcClientProtocolClient (GrpcClientProtocolClient.java:onNext(254)) - client-D47EFDF0E133->5d71e5de-6d45-4480-a1f1-d41cc2d38630: receive RaftClientReply:client-D47EFDF0E133->5d71e5de-6d45-4480-a1f1-d41cc2d38630@group-C6AEA7A4B82B, cid=3165, SUCCESS, logIndex=5249, commits[5d71e5de-6d45-4480-a1f1-d41cc2d38630:c5249]
2019-06-13 13:50:45,218 INFO  client.GrpcClientProtocolClient (GrpcClientProtocolClient.java:onNext(254)) - client-D47EFDF0E133->5d71e5de-6d45-4480-a1f1-d41cc2d38630: receive RaftClientReply:client-D47EFDF0E133->5d71e5de-6d45-4480-a1f1-d41cc2d38630@group-C6AEA7A4B82B, cid=3166, SUCCESS, logIndex=5251, commits[5d71e5de-6d45-4480-a1f1-d41cc2d38630:c5251]
2019-06-13 13:50:45,219 INFO  client.GrpcClientProtocolClient (GrpcClientProtocolClient.java:onNext(254)) - client-D47EFDF0E133->5d71e5de-6d45-4480-a1f1-d41cc2d38630: receive RaftClientReply:client-D47EFDF0E133->5d71e5de-6d45-4480-a1f1-d41cc2d38630@group-C6AEA7A4B82B, cid=3167, SUCCESS, logIndex=5252, commits[5d71e5de-6d45-4480-a1f1-d41cc2d38630:c5254]
2019-06-13 13:50:45,219 INFO  client.GrpcClientProtocolClient (GrpcClientProtocolClient.java:onNext(254)) - client-D47EFDF0E133->5d71e5de-6d45-4480-a1f1-d41cc2d38630: receive RaftClientReply:client-D47EFDF0E133->5d71e5de-6d45-4480-a1f1-d41cc2d38630@group-C6AEA7A4B82B, cid=3168, SUCCESS, logIndex=5253, commits[5d71e5de-6d45-4480-a1f1-d41cc2d38630:c5254]
2019-06-13 13:50:45,228 INFO  client.GrpcClientProtocolClient (GrpcClientProtocolClient.java:onNext(254)) - client-D47EFDF0E133->5d71e5de-6d45-4480-a1f1-d41cc2d38630: receive RaftClientReply:client-D47EFDF0E133->5d71e5de-6d45-4480-a1f1-d41cc2d38630@group-C6AEA7A4B82B, cid=3169, SUCCESS, logIndex=5255, commits[5d71e5de-6d45-4480-a1f1-d41cc2d38630:c5255]
2019-06-13 13:50:45,230 INFO  client.GrpcClientProtocolClient (GrpcClientProtocolClient.java:onNext(254)) - client-D47EFDF0E133->5d71e5de-6d45-4480-a1f1-d41cc2d38630: receive RaftClientReply:client-D47EFDF0E133->5d71e5de-6d45-4480-a1f1-d41cc2d38630@group-C6AEA7A4B82B, cid=3170, SUCCESS, logIndex=5257, commits[5d71e5de-6d45-4480-a1f1-d41cc2d38630:c5257]
2019-06-13 13:50:45,230 INFO  client.GrpcClientProtocolClient (GrpcClientProtocolClient.java:onNext(254)) - client-D47EFDF0E133->5d71e5de-6d45-4480-a1f1-d41cc2d38630: receive RaftClientReply:client-D47EFDF0E133->5d71e5de-6d45-4480-a1f1-d41cc2d38630@group-C6AEA7A4B82B, cid=3171, SUCCESS, logIndex=5258, commits[5d71e5de-6d45-4480-a1f1-d41cc2d38630:c5258]
2019-06-13 13:50:45,231 INFO  client.GrpcClientProtocolClient (GrpcClientProtocolClient.java:onNext(254)) - client-D47EFDF0E133->5d71e5de-6d45-4480-a1f1-d41cc2d38630: receive RaftClientReply:client-D47EFDF0E133->5d71e5de-6d45-4480-a1f1-d41cc2d38630@group-C6AEA7A4B82B, cid=3172, SUCCESS, logIndex=5260, commits[5d71e5de-6d45-4480-a1f1-d41cc2d38630:c5260]
2019-06-13 13:50:45,235 INFO  client.GrpcClientProtocolClient (GrpcClientProtocolClient.java:onNext(254)) - client-D47EFDF0E133->5d71e5de-6d45-4480-a1f1-d41cc2d38630: receive RaftClientReply:client-D47EFDF0E133->5d71e5de-6d45-4480-a1f1-d41cc2d38630@group-C6AEA7A4B82B, cid=3173, SUCCESS, logIndex=5263, commits[5d71e5de-6d45-4480-a1f1-d41cc2d38630:c5263]
2019-06-13 13:50:45,237 INFO  client.GrpcClientProtocolClient (GrpcClientProtocolClient.java:onNext(254)) - client-D47EFDF0E133->5d71e5de-6d45-4480-a1f1-d41cc2d38630: receive RaftClientReply:client-D47EFDF0E133->5d71e5de-6d45-4480-a1f1-d41cc2d38630@group-C6AEA7A4B82B, cid=3174, SUCCESS, logIndex=5265, commits[5d71e5de-6d45-4480-a1f1-d41cc2d38630:c5265]
2019-06-13 13:50:45,238 INFO  client.GrpcClientProtocolClient (GrpcClientProtocolClient.java:onNext(254)) - client-D47EFDF0E133->5d71e5de-6d45-4480-a1f1-d41cc2d38630: receive RaftClientReply:client-D47EFDF0E133->5d71e5de-6d45-4480-a1f1-d41cc2d38630@group-C6AEA7A4B82B, cid=3175, SUCCESS, logIndex=5266, commits[5d71e5de-6d45-4480-a1f1-d41cc2d38630:c5268]
2019-06-13 13:50:45,238 INFO  client.GrpcClientProtocolClient (GrpcClientProtocolClient.java:onNext(254)) - client-D47EFDF0E133->5d71e5de-6d45-4480-a1f1-d41cc2d38630: receive RaftClientReply:client-D47EFDF0E133->5d71e5de-6d45-4480-a1f1-d41cc2d38630@group-C6AEA7A4B82B, cid=3176, SUCCESS, logIndex=5267, commits[5d71e5de-6d45-4480-a1f1-d41cc2d38630:c5268]
2019-06-13 13:50:45,247 INFO  client.GrpcClientProtocolClient (GrpcClientProtocolClient.java:onNext(254)) - client-D47EFDF0E133->5d71e5de-6d45-4480-a1f1-d41cc2d38630: receive RaftClientReply:client-D47EFDF0E133->5d71e5de-6d45-4480-a1f1-d41cc2d38630@group-C6AEA7A4B82B, cid=3177, SUCCESS, logIndex=5269, commits[5d71e5de-6d45-4480-a1f1-d41cc2d38630:c5269]
2019-06-13 13:50:45,248 INFO  client.GrpcClientProtocolClient (GrpcClientProtocolClient.java:onNext(254)) - client-D47EFDF0E133->5d71e5de-6d45-4480-a1f1-d41cc2d38630: receive RaftClientReply:client-D47EFDF0E133->5d71e5de-6d45-4480-a1f1-d41cc2d38630@group-C6AEA7A4B82B, cid=3178, SUCCESS, logIndex=5271, commits[5d71e5de-6d45-4480-a1f1-d41cc2d38630:c5271]
2019-06-13 13:50:45,249 INFO  client.GrpcClientProtocolClient (GrpcClientProtocolClient.java:onNext(254)) - client-D47EFDF0E133->5d71e5de-6d45-4480-a1f1-d41cc2d38630: receive RaftClientReply:client-D47EFDF0E133->5d71e5de-6d45-4480-a1f1-d41cc2d38630@group-C6AEA7A4B82B, cid=3179, SUCCESS, logIndex=5272, commits[5d71e5de-6d45-4480-a1f1-d41cc2d38630:c5274]
2019-06-13 13:50:45,249 INFO  client.GrpcClientProtocolClient (GrpcClientProtocolClient.java:onNext(254)) - client-D47EFDF0E133->5d71e5de-6d45-4480-a1f1-d41cc2d38630: receive RaftClientReply:client-D47EFDF0E133->5d71e5de-6d45-4480-a1f1-d41cc2d38630@group-C6AEA7A4B82B, cid=3180, SUCCESS, logIndex=5273, commits[5d71e5de-6d45-4480-a1f1-d41cc2d38630:c5274]
2019-06-13 13:50:45,255 INFO  storage.RaftLogWorker (RaftLogWorker.java:rollLogSegment(303)) - 5d71e5de-6d45-4480-a1f1-d41cc2d38630-RaftLogWorker: Rolling segment log-5207_5276 to index:5276
2019-06-13 13:50:45,255 INFO  client.GrpcClientProtocolClient (GrpcClientProtocolClient.java:onNext(254)) - client-D47EFDF0E133->5d71e5de-6d45-4480-a1f1-d41cc2d38630: receive RaftClientReply:client-D47EFDF0E133->5d71e5de-6d45-4480-a1f1-d41cc2d38630@group-C6AEA7A4B82B, cid=3181, SUCCESS, logIndex=5275, commits[5d71e5de-6d45-4480-a1f1-d41cc2d38630:c5275]
2019-06-13 13:50:45,255 INFO  storage.RaftLogWorker (RaftLogWorker.java:execute(433)) - 5d71e5de-6d45-4480-a1f1-d41cc2d38630-RaftLogWorker: Rolled log segment from /opt/src/hadoop-ozone/integration-test/target/test-dir/MiniOzoneClusterImpl-c05bfa39-b333-4767-bc96-5a78f3430938/datanode-0/data/ratis/3aee30eb-3db1-472a-b851-c6aea7a4b82b/current/log_inprogress_5207 to /opt/src/hadoop-ozone/integration-test/target/test-dir/MiniOzoneClusterImpl-c05bfa39-b333-4767-bc96-5a78f3430938/datanode-0/data/ratis/3aee30eb-3db1-472a-b851-c6aea7a4b82b/current/log_5207-5276
2019-06-13 13:50:45,260 DEBUG block.SCMBlockDeletingService (SCMBlockDeletingService.java:call(138)) - Running DeletedBlockTransactionScanner
2019-06-13 13:50:45,260 DEBUG block.SCMBlockDeletingService (SCMBlockDeletingService.java:call(155)) - Scanned deleted blocks log and got 0 delTX to process.
2019-06-13 13:50:45,292 INFO  storage.RaftLogWorker (RaftLogWorker.java:execute(469)) - 5d71e5de-6d45-4480-a1f1-d41cc2d38630-RaftLogWorker: created new log segment /opt/src/hadoop-ozone/integration-test/target/test-dir/MiniOzoneClusterImpl-c05bfa39-b333-4767-bc96-5a78f3430938/datanode-0/data/ratis/3aee30eb-3db1-472a-b851-c6aea7a4b82b/current/log_inprogress_5277
2019-06-13 13:50:45,294 INFO  client.GrpcClientProtocolClient (GrpcClientProtocolClient.java:onNext(254)) - client-D47EFDF0E133->5d71e5de-6d45-4480-a1f1-d41cc2d38630: receive RaftClientReply:client-D47EFDF0E133->5d71e5de-6d45-4480-a1f1-d41cc2d38630@group-C6AEA7A4B82B, cid=3182, SUCCESS, logIndex=5277, commits[5d71e5de-6d45-4480-a1f1-d41cc2d38630:c5277]
2019-06-13 13:50:45,324 INFO  client.GrpcClientProtocolClient (GrpcClientProtocolClient.java:onNext(254)) - client-D47EFDF0E133->5d71e5de-6d45-4480-a1f1-d41cc2d38630: receive RaftClientReply:client-D47EFDF0E133->5d71e5de-6d45-4480-a1f1-d41cc2d38630@group-C6AEA7A4B82B, cid=3183, SUCCESS, logIndex=5279, commits[5d71e5de-6d45-4480-a1f1-d41cc2d38630:c5279]
2019-06-13 13:50:45,325 INFO  client.GrpcClientProtocolClient (GrpcClientProtocolClient.java:onNext(254)) - client-D47EFDF0E133->5d71e5de-6d45-4480-a1f1-d41cc2d38630: receive RaftClientReply:client-D47EFDF0E133->5d71e5de-6d45-4480-a1f1-d41cc2d38630@group-C6AEA7A4B82B, cid=3184, SUCCESS, logIndex=5281, commits[5d71e5de-6d45-4480-a1f1-d41cc2d38630:c5281]
2019-06-13 13:50:45,335 INFO  client.GrpcClientProtocolClient (GrpcClientProtocolClient.java:onNext(254)) - client-D47EFDF0E133->5d71e5de-6d45-4480-a1f1-d41cc2d38630: receive RaftClientReply:client-D47EFDF0E133->5d71e5de-6d45-4480-a1f1-d41cc2d38630@group-C6AEA7A4B82B, cid=3185, SUCCESS, logIndex=5283, commits[5d71e5de-6d45-4480-a1f1-d41cc2d38630:c5283]
2019-06-13 13:50:45,336 INFO  client.GrpcClientProtocolClient (GrpcClientProtocolClient.java:onNext(254)) - client-D47EFDF0E133->5d71e5de-6d45-4480-a1f1-d41cc2d38630: receive RaftClientReply:client-D47EFDF0E133->5d71e5de-6d45-4480-a1f1-d41cc2d38630@group-C6AEA7A4B82B, cid=3186, SUCCESS, logIndex=5285, commits[5d71e5de-6d45-4480-a1f1-d41cc2d38630:c5285]
2019-06-13 13:50:45,337 INFO  client.GrpcClientProtocolClient (GrpcClientProtocolClient.java:onNext(254)) - client-D47EFDF0E133->5d71e5de-6d45-4480-a1f1-d41cc2d38630: receive RaftClientReply:client-D47EFDF0E133->5d71e5de-6d45-4480-a1f1-d41cc2d38630@group-C6AEA7A4B82B, cid=3187, SUCCESS, logIndex=5286, commits[5d71e5de-6d45-4480-a1f1-d41cc2d38630:c5288]
2019-06-13 13:50:45,337 INFO  client.GrpcClientProtocolClient (GrpcClientProtocolClient.java:onNext(254)) - client-D47EFDF0E133->5d71e5de-6d45-4480-a1f1-d41cc2d38630: receive RaftClientReply:client-D47EFDF0E133->5d71e5de-6d45-4480-a1f1-d41cc2d38630@group-C6AEA7A4B82B, cid=3188, SUCCESS, logIndex=5287, commits[5d71e5de-6d45-4480-a1f1-d41cc2d38630:c5288]
2019-06-13 13:50:45,342 INFO  client.GrpcClientProtocolClient (GrpcClientProtocolClient.java:onNext(254)) - client-D47EFDF0E133->5d71e5de-6d45-4480-a1f1-d41cc2d38630: receive RaftClientReply:client-D47EFDF0E133->5d71e5de-6d45-4480-a1f1-d41cc2d38630@group-C6AEA7A4B82B, cid=3189, SUCCESS, logIndex=5289, commits[5d71e5de-6d45-4480-a1f1-d41cc2d38630:c5289]
2019-06-13 13:50:45,343 INFO  client.GrpcClientProtocolClient (GrpcClientProtocolClient.java:onNext(254)) - client-D47EFDF0E133->5d71e5de-6d45-4480-a1f1-d41cc2d38630: receive RaftClientReply:client-D47EFDF0E133->5d71e5de-6d45-4480-a1f1-d41cc2d38630@group-C6AEA7A4B82B, cid=3190, SUCCESS, logIndex=5291, commits[5d71e5de-6d45-4480-a1f1-d41cc2d38630:c5291]
2019-06-13 13:50:45,344 INFO  client.GrpcClientProtocolClient (GrpcClientProtocolClient.java:onNext(254)) - client-D47EFDF0E133->5d71e5de-6d45-4480-a1f1-d41cc2d38630: receive RaftClientReply:client-D47EFDF0E133->5d71e5de-6d45-4480-a1f1-d41cc2d38630@group-C6AEA7A4B82B, cid=3191, SUCCESS, logIndex=5292, commits[5d71e5de-6d45-4480-a1f1-d41cc2d38630:c5294]
2019-06-13 13:50:45,344 INFO  client.GrpcClientProtocolClient (GrpcClientProtocolClient.java:onNext(254)) - client-D47EFDF0E133->5d71e5de-6d45-4480-a1f1-d41cc2d38630: receive RaftClientReply:client-D47EFDF0E133->5d71e5de-6d45-4480-a1f1-d41cc2d38630@group-C6AEA7A4B82B, cid=3192, SUCCESS, logIndex=5293, commits[5d71e5de-6d45-4480-a1f1-d41cc2d38630:c5294]
2019-06-13 13:50:45,354 INFO  client.GrpcClientProtocolClient (GrpcClientProtocolClient.java:onNext(254)) - client-D47EFDF0E133->5d71e5de-6d45-4480-a1f1-d41cc2d38630: receive RaftClientReply:client-D47EFDF0E133->5d71e5de-6d45-4480-a1f1-d41cc2d38630@group-C6AEA7A4B82B, cid=3193, SUCCESS, logIndex=5295, commits[5d71e5de-6d45-4480-a1f1-d41cc2d38630:c5295]
2019-06-13 13:50:45,356 INFO  client.GrpcClientProtocolClient (GrpcClientProtocolClient.java:onNext(254)) - client-D47EFDF0E133->5d71e5de-6d45-4480-a1f1-d41cc2d38630: receive RaftClientReply:client-D47EFDF0E133->5d71e5de-6d45-4480-a1f1-d41cc2d38630@group-C6AEA7A4B82B, cid=3194, SUCCESS, logIndex=5297, commits[5d71e5de-6d45-4480-a1f1-d41cc2d38630:c5297]
2019-06-13 13:50:45,356 INFO  client.GrpcClientProtocolClient (GrpcClientProtocolClient.java:onNext(254)) - client-D47EFDF0E133->5d71e5de-6d45-4480-a1f1-d41cc2d38630: receive RaftClientReply:client-D47EFDF0E133->5d71e5de-6d45-4480-a1f1-d41cc2d38630@group-C6AEA7A4B82B, cid=3195, SUCCESS, logIndex=5298, commits[5d71e5de-6d45-4480-a1f1-d41cc2d38630:c5300]
2019-06-13 13:50:45,357 INFO  client.GrpcClientProtocolClient (GrpcClientProtocolClient.java:onNext(254)) - client-D47EFDF0E133->5d71e5de-6d45-4480-a1f1-d41cc2d38630: receive RaftClientReply:client-D47EFDF0E133->5d71e5de-6d45-4480-a1f1-d41cc2d38630@group-C6AEA7A4B82B, cid=3196, SUCCESS, logIndex=5299, commits[5d71e5de-6d45-4480-a1f1-d41cc2d38630:c5300]
2019-06-13 13:50:45,361 DEBUG block.SCMBlockDeletingService (SCMBlockDeletingService.java:call(138)) - Running DeletedBlockTransactionScanner
2019-06-13 13:50:45,361 DEBUG block.SCMBlockDeletingService (SCMBlockDeletingService.java:call(155)) - Scanned deleted blocks log and got 0 delTX to process.
2019-06-13 13:50:45,362 INFO  client.GrpcClientProtocolClient (GrpcClientProtocolClient.java:onNext(254)) - client-D47EFDF0E133->5d71e5de-6d45-4480-a1f1-d41cc2d38630: receive RaftClientReply:client-D47EFDF0E133->5d71e5de-6d45-4480-a1f1-d41cc2d38630@group-C6AEA7A4B82B, cid=3197, SUCCESS, logIndex=5301, commits[5d71e5de-6d45-4480-a1f1-d41cc2d38630:c5301]
2019-06-13 13:50:45,366 INFO  client.GrpcClientProtocolClient (GrpcClientProtocolClient.java:onNext(254)) - client-D47EFDF0E133->5d71e5de-6d45-4480-a1f1-d41cc2d38630: receive RaftClientReply:client-D47EFDF0E133->5d71e5de-6d45-4480-a1f1-d41cc2d38630@group-C6AEA7A4B82B, cid=3198, SUCCESS, logIndex=5303, commits[5d71e5de-6d45-4480-a1f1-d41cc2d38630:c5303]
2019-06-13 13:50:45,366 INFO  client.GrpcClientProtocolClient (GrpcClientProtocolClient.java:onNext(254)) - client-D47EFDF0E133->5d71e5de-6d45-4480-a1f1-d41cc2d38630: receive RaftClientReply:client-D47EFDF0E133->5d71e5de-6d45-4480-a1f1-d41cc2d38630@group-C6AEA7A4B82B, cid=3199, SUCCESS, logIndex=5304, commits[5d71e5de-6d45-4480-a1f1-d41cc2d38630:c5306]
2019-06-13 13:50:45,366 INFO  client.GrpcClientProtocolClient (GrpcClientProtocolClient.java:onNext(254)) - client-D47EFDF0E133->5d71e5de-6d45-4480-a1f1-d41cc2d38630: receive RaftClientReply:client-D47EFDF0E133->5d71e5de-6d45-4480-a1f1-d41cc2d38630@group-C6AEA7A4B82B, cid=3200, SUCCESS, logIndex=5305, commits[5d71e5de-6d45-4480-a1f1-d41cc2d38630:c5306]
2019-06-13 13:50:45,379 INFO  client.GrpcClientProtocolClient (GrpcClientProtocolClient.java:onNext(254)) - client-D47EFDF0E133->5d71e5de-6d45-4480-a1f1-d41cc2d38630: receive RaftClientReply:client-D47EFDF0E133->5d71e5de-6d45-4480-a1f1-d41cc2d38630@group-C6AEA7A4B82B, cid=3201, SUCCESS, logIndex=5307, commits[5d71e5de-6d45-4480-a1f1-d41cc2d38630:c5307]
2019-06-13 13:50:45,381 INFO  client.GrpcClientProtocolClient (GrpcClientProtocolClient.java:onNext(254)) - client-D47EFDF0E133->5d71e5de-6d45-4480-a1f1-d41cc2d38630: receive RaftClientReply:client-D47EFDF0E133->5d71e5de-6d45-4480-a1f1-d41cc2d38630@group-C6AEA7A4B82B, cid=3202, SUCCESS, logIndex=5309, commits[5d71e5de-6d45-4480-a1f1-d41cc2d38630:c5309]
2019-06-13 13:50:45,383 INFO  client.GrpcClientProtocolClient (GrpcClientProtocolClient.java:onNext(254)) - client-D47EFDF0E133->5d71e5de-6d45-4480-a1f1-d41cc2d38630: receive RaftClientReply:client-D47EFDF0E133->5d71e5de-6d45-4480-a1f1-d41cc2d38630@group-C6AEA7A4B82B, cid=3203, SUCCESS, logIndex=5311, commits[5d71e5de-6d45-4480-a1f1-d41cc2d38630:c5312]
2019-06-13 13:50:45,383 INFO  client.GrpcClientProtocolClient (GrpcClientProtocolClient.java:onNext(254)) - client-D47EFDF0E133->5d71e5de-6d45-4480-a1f1-d41cc2d38630: receive RaftClientReply:client-D47EFDF0E133->5d71e5de-6d45-4480-a1f1-d41cc2d38630@group-C6AEA7A4B82B, cid=3204, SUCCESS, logIndex=5312, commits[5d71e5de-6d45-4480-a1f1-d41cc2d38630:c5312]
2019-06-13 13:50:45,388 INFO  client.GrpcClientProtocolClient (GrpcClientProtocolClient.java:onNext(254)) - client-D47EFDF0E133->5d71e5de-6d45-4480-a1f1-d41cc2d38630: receive RaftClientReply:client-D47EFDF0E133->5d71e5de-6d45-4480-a1f1-d41cc2d38630@group-C6AEA7A4B82B, cid=3205, SUCCESS, logIndex=5314, commits[5d71e5de-6d45-4480-a1f1-d41cc2d38630:c5314]
2019-06-13 13:50:45,389 INFO  client.GrpcClientProtocolClient (GrpcClientProtocolClient.java:onNext(254)) - client-D47EFDF0E133->5d71e5de-6d45-4480-a1f1-d41cc2d38630: receive RaftClientReply:client-D47EFDF0E133->5d71e5de-6d45-4480-a1f1-d41cc2d38630@group-C6AEA7A4B82B, cid=3206, SUCCESS, logIndex=5316, commits[5d71e5de-6d45-4480-a1f1-d41cc2d38630:c5316]
2019-06-13 13:50:45,391 INFO  client.GrpcClientProtocolClient (GrpcClientProtocolClient.java:onNext(254)) - client-D47EFDF0E133->5d71e5de-6d45-4480-a1f1-d41cc2d38630: receive RaftClientReply:client-D47EFDF0E133->5d71e5de-6d45-4480-a1f1-d41cc2d38630@group-C6AEA7A4B82B, cid=3207, SUCCESS, logIndex=5318, commits[5d71e5de-6d45-4480-a1f1-d41cc2d38630:c5319]
2019-06-13 13:50:45,391 INFO  client.GrpcClientProtocolClient (GrpcClientProtocolClient.java:onNext(254)) - client-D47EFDF0E133->5d71e5de-6d45-4480-a1f1-d41cc2d38630: receive RaftClientReply:client-D47EFDF0E133->5d71e5de-6d45-4480-a1f1-d41cc2d38630@group-C6AEA7A4B82B, cid=3208, SUCCESS, logIndex=5319, commits[5d71e5de-6d45-4480-a1f1-d41cc2d38630:c5319]
2019-06-13 13:50:45,400 INFO  client.GrpcClientProtocolClient (GrpcClientProtocolClient.java:onNext(254)) - client-D47EFDF0E133->5d71e5de-6d45-4480-a1f1-d41cc2d38630: receive RaftClientReply:client-D47EFDF0E133->5d71e5de-6d45-4480-a1f1-d41cc2d38630@group-C6AEA7A4B82B, cid=3209, SUCCESS, logIndex=5321, commits[5d71e5de-6d45-4480-a1f1-d41cc2d38630:c5321]
2019-06-13 13:50:45,401 INFO  client.GrpcClientProtocolClient (GrpcClientProtocolClient.java:onNext(254)) - client-D47EFDF0E133->5d71e5de-6d45-4480-a1f1-d41cc2d38630: receive RaftClientReply:client-D47EFDF0E133->5d71e5de-6d45-4480-a1f1-d41cc2d38630@group-C6AEA7A4B82B, cid=3210, SUCCESS, logIndex=5323, commits[5d71e5de-6d45-4480-a1f1-d41cc2d38630:c5323]
2019-06-13 13:50:45,403 INFO  client.GrpcClientProtocolClient (GrpcClientProtocolClient.java:onNext(254)) - client-D47EFDF0E133->5d71e5de-6d45-4480-a1f1-d41cc2d38630: receive RaftClientReply:client-D47EFDF0E133->5d71e5de-6d45-4480-a1f1-d41cc2d38630@group-C6AEA7A4B82B, cid=3211, SUCCESS, logIndex=5324, commits[5d71e5de-6d45-4480-a1f1-d41cc2d38630:c5326]
2019-06-13 13:50:45,403 INFO  client.GrpcClientProtocolClient (GrpcClientProtocolClient.java:onNext(254)) - client-D47EFDF0E133->5d71e5de-6d45-4480-a1f1-d41cc2d38630: receive RaftClientReply:client-D47EFDF0E133->5d71e5de-6d45-4480-a1f1-d41cc2d38630@group-C6AEA7A4B82B, cid=3212, SUCCESS, logIndex=5325, commits[5d71e5de-6d45-4480-a1f1-d41cc2d38630:c5326]
2019-06-13 13:50:45,677 DEBUG block.SCMBlockDeletingService (SCMBlockDeletingService.java:call(138)) - Running DeletedBlockTransactionScanner
2019-06-13 13:50:45,677 DEBUG block.SCMBlockDeletingService (SCMBlockDeletingService.java:call(155)) - Scanned deleted blocks log and got 0 delTX to process.
2019-06-13 13:50:45,684 INFO  client.GrpcClientProtocolClient (GrpcClientProtocolClient.java:onNext(254)) - client-D47EFDF0E133->5d71e5de-6d45-4480-a1f1-d41cc2d38630: receive RaftClientReply:client-D47EFDF0E133->5d71e5de-6d45-4480-a1f1-d41cc2d38630@group-C6AEA7A4B82B, cid=3213, SUCCESS, logIndex=5327, commits[5d71e5de-6d45-4480-a1f1-d41cc2d38630:c5327]
2019-06-13 13:50:45,690 INFO  client.GrpcClientProtocolClient (GrpcClientProtocolClient.java:onNext(254)) - client-D47EFDF0E133->5d71e5de-6d45-4480-a1f1-d41cc2d38630: receive RaftClientReply:client-D47EFDF0E133->5d71e5de-6d45-4480-a1f1-d41cc2d38630@group-C6AEA7A4B82B, cid=3214, SUCCESS, logIndex=5329, commits[5d71e5de-6d45-4480-a1f1-d41cc2d38630:c5331]
2019-06-13 13:50:45,691 INFO  client.GrpcClientProtocolClient (GrpcClientProtocolClient.java:onNext(254)) - client-D47EFDF0E133->5d71e5de-6d45-4480-a1f1-d41cc2d38630: receive RaftClientReply:client-D47EFDF0E133->5d71e5de-6d45-4480-a1f1-d41cc2d38630@group-C6AEA7A4B82B, cid=3215, SUCCESS, logIndex=5330, commits[5d71e5de-6d45-4480-a1f1-d41cc2d38630:c5333]
2019-06-13 13:50:45,691 INFO  client.GrpcClientProtocolClient (GrpcClientProtocolClient.java:onNext(254)) - client-D47EFDF0E133->5d71e5de-6d45-4480-a1f1-d41cc2d38630: receive RaftClientReply:client-D47EFDF0E133->5d71e5de-6d45-4480-a1f1-d41cc2d38630@group-C6AEA7A4B82B, cid=3216, SUCCESS, logIndex=5331, commits[5d71e5de-6d45-4480-a1f1-d41cc2d38630:c5333]
2019-06-13 13:50:45,700 INFO  client.GrpcClientProtocolClient (GrpcClientProtocolClient.java:onNext(254)) - client-D47EFDF0E133->5d71e5de-6d45-4480-a1f1-d41cc2d38630: receive RaftClientReply:client-D47EFDF0E133->5d71e5de-6d45-4480-a1f1-d41cc2d38630@group-C6AEA7A4B82B, cid=3217, SUCCESS, logIndex=5334, commits[5d71e5de-6d45-4480-a1f1-d41cc2d38630:c5334]
2019-06-13 13:50:45,701 INFO  client.GrpcClientProtocolClient (GrpcClientProtocolClient.java:onNext(254)) - client-D47EFDF0E133->5d71e5de-6d45-4480-a1f1-d41cc2d38630: receive RaftClientReply:client-D47EFDF0E133->5d71e5de-6d45-4480-a1f1-d41cc2d38630@group-C6AEA7A4B82B, cid=3218, SUCCESS, logIndex=5336, commits[5d71e5de-6d45-4480-a1f1-d41cc2d38630:c5336]
2019-06-13 13:50:45,703 INFO  client.GrpcClientProtocolClient (GrpcClientProtocolClient.java:onNext(254)) - client-D47EFDF0E133->5d71e5de-6d45-4480-a1f1-d41cc2d38630: receive RaftClientReply:client-D47EFDF0E133->5d71e5de-6d45-4480-a1f1-d41cc2d38630@group-C6AEA7A4B82B, cid=3219, SUCCESS, logIndex=5337, commits[5d71e5de-6d45-4480-a1f1-d41cc2d38630:c5339]
2019-06-13 13:50:45,703 INFO  client.GrpcClientProtocolClient (GrpcClientProtocolClient.java:onNext(254)) - client-D47EFDF0E133->5d71e5de-6d45-4480-a1f1-d41cc2d38630: receive RaftClientReply:client-D47EFDF0E133->5d71e5de-6d45-4480-a1f1-d41cc2d38630@group-C6AEA7A4B82B, cid=3220, SUCCESS, logIndex=5338, commits[5d71e5de-6d45-4480-a1f1-d41cc2d38630:c5339]
2019-06-13 13:50:45,708 INFO  client.GrpcClientProtocolClient (GrpcClientProtocolClient.java:onNext(254)) - client-D47EFDF0E133->5d71e5de-6d45-4480-a1f1-d41cc2d38630: receive RaftClientReply:client-D47EFDF0E133->5d71e5de-6d45-4480-a1f1-d41cc2d38630@group-C6AEA7A4B82B, cid=3221, SUCCESS, logIndex=5340, commits[5d71e5de-6d45-4480-a1f1-d41cc2d38630:c5340]
2019-06-13 13:50:45,710 INFO  client.GrpcClientProtocolClient (GrpcClientProtocolClient.java:onNext(254)) - client-D47EFDF0E133->5d71e5de-6d45-4480-a1f1-d41cc2d38630: receive RaftClientReply:client-D47EFDF0E133->5d71e5de-6d45-4480-a1f1-d41cc2d38630@group-C6AEA7A4B82B, cid=3222, SUCCESS, logIndex=5342, commits[5d71e5de-6d45-4480-a1f1-d41cc2d38630:c5342]
2019-06-13 13:50:45,710 INFO  storage.RaftLogWorker (RaftLogWorker.java:rollLogSegment(303)) - 5d71e5de-6d45-4480-a1f1-d41cc2d38630-RaftLogWorker: Rolling segment log-5277_5345 to index:5345
2019-06-13 13:50:45,710 INFO  storage.RaftLogWorker (RaftLogWorker.java:execute(433)) - 5d71e5de-6d45-4480-a1f1-d41cc2d38630-RaftLogWorker: Rolled log segment from /opt/src/hadoop-ozone/integration-test/target/test-dir/MiniOzoneClusterImpl-c05bfa39-b333-4767-bc96-5a78f3430938/datanode-0/data/ratis/3aee30eb-3db1-472a-b851-c6aea7a4b82b/current/log_inprogress_5277 to /opt/src/hadoop-ozone/integration-test/target/test-dir/MiniOzoneClusterImpl-c05bfa39-b333-4767-bc96-5a78f3430938/datanode-0/data/ratis/3aee30eb-3db1-472a-b851-c6aea7a4b82b/current/log_5277-5345
2019-06-13 13:50:45,711 INFO  client.GrpcClientProtocolClient (GrpcClientProtocolClient.java:onNext(254)) - client-D47EFDF0E133->5d71e5de-6d45-4480-a1f1-d41cc2d38630: receive RaftClientReply:client-D47EFDF0E133->5d71e5de-6d45-4480-a1f1-d41cc2d38630@group-C6AEA7A4B82B, cid=3223, SUCCESS, logIndex=5343, commits[5d71e5de-6d45-4480-a1f1-d41cc2d38630:c5345]
2019-06-13 13:50:45,711 INFO  client.GrpcClientProtocolClient (GrpcClientProtocolClient.java:onNext(254)) - client-D47EFDF0E133->5d71e5de-6d45-4480-a1f1-d41cc2d38630: receive RaftClientReply:client-D47EFDF0E133->5d71e5de-6d45-4480-a1f1-d41cc2d38630@group-C6AEA7A4B82B, cid=3224, SUCCESS, logIndex=5345, commits[5d71e5de-6d45-4480-a1f1-d41cc2d38630:c5345]
2019-06-13 13:50:45,748 INFO  storage.RaftLogWorker (RaftLogWorker.java:execute(469)) - 5d71e5de-6d45-4480-a1f1-d41cc2d38630-RaftLogWorker: created new log segment /opt/src/hadoop-ozone/integration-test/target/test-dir/MiniOzoneClusterImpl-c05bfa39-b333-4767-bc96-5a78f3430938/datanode-0/data/ratis/3aee30eb-3db1-472a-b851-c6aea7a4b82b/current/log_inprogress_5346
2019-06-13 13:50:45,749 INFO  client.GrpcClientProtocolClient (GrpcClientProtocolClient.java:onNext(254)) - client-D47EFDF0E133->5d71e5de-6d45-4480-a1f1-d41cc2d38630: receive RaftClientReply:client-D47EFDF0E133->5d71e5de-6d45-4480-a1f1-d41cc2d38630@group-C6AEA7A4B82B, cid=3225, SUCCESS, logIndex=5348, commits[5d71e5de-6d45-4480-a1f1-d41cc2d38630:c5348]
2019-06-13 13:50:45,750 INFO  client.GrpcClientProtocolClient (GrpcClientProtocolClient.java:onNext(254)) - client-D47EFDF0E133->5d71e5de-6d45-4480-a1f1-d41cc2d38630: receive RaftClientReply:client-D47EFDF0E133->5d71e5de-6d45-4480-a1f1-d41cc2d38630@group-C6AEA7A4B82B, cid=3226, SUCCESS, logIndex=5350, commits[5d71e5de-6d45-4480-a1f1-d41cc2d38630:c5350]
2019-06-13 13:50:45,777 DEBUG block.SCMBlockDeletingService (SCMBlockDeletingService.java:call(138)) - Running DeletedBlockTransactionScanner
2019-06-13 13:50:45,777 DEBUG block.SCMBlockDeletingService (SCMBlockDeletingService.java:call(155)) - Scanned deleted blocks log and got 0 delTX to process.
2019-06-13 13:50:45,800 INFO  client.GrpcClientProtocolClient (GrpcClientProtocolClient.java:onNext(254)) - client-D47EFDF0E133->5d71e5de-6d45-4480-a1f1-d41cc2d38630: receive RaftClientReply:client-D47EFDF0E133->5d71e5de-6d45-4480-a1f1-d41cc2d38630@group-C6AEA7A4B82B, cid=3227, SUCCESS, logIndex=5352, commits[5d71e5de-6d45-4480-a1f1-d41cc2d38630:c5352]
2019-06-13 13:50:45,801 INFO  client.GrpcClientProtocolClient (GrpcClientProtocolClient.java:onNext(254)) - client-D47EFDF0E133->5d71e5de-6d45-4480-a1f1-d41cc2d38630: receive RaftClientReply:client-D47EFDF0E133->5d71e5de-6d45-4480-a1f1-d41cc2d38630@group-C6AEA7A4B82B, cid=3228, SUCCESS, logIndex=5354, commits[5d71e5de-6d45-4480-a1f1-d41cc2d38630:c5354]
2019-06-13 13:50:45,806 INFO  client.GrpcClientProtocolClient (GrpcClientProtocolClient.java:onNext(254)) - client-D47EFDF0E133->5d71e5de-6d45-4480-a1f1-d41cc2d38630: receive RaftClientReply:client-D47EFDF0E133->5d71e5de-6d45-4480-a1f1-d41cc2d38630@group-C6AEA7A4B82B, cid=3229, SUCCESS, logIndex=5356, commits[5d71e5de-6d45-4480-a1f1-d41cc2d38630:c5356]
2019-06-13 13:50:45,808 INFO  client.GrpcClientProtocolClient (GrpcClientProtocolClient.java:onNext(254)) - client-D47EFDF0E133->5d71e5de-6d45-4480-a1f1-d41cc2d38630: receive RaftClientReply:client-D47EFDF0E133->5d71e5de-6d45-4480-a1f1-d41cc2d38630@group-C6AEA7A4B82B, cid=3230, SUCCESS, logIndex=5358, commits[5d71e5de-6d45-4480-a1f1-d41cc2d38630:c5358]
2019-06-13 13:50:45,810 INFO  client.GrpcClientProtocolClient (GrpcClientProtocolClient.java:onNext(254)) - client-D47EFDF0E133->5d71e5de-6d45-4480-a1f1-d41cc2d38630: receive RaftClientReply:client-D47EFDF0E133->5d71e5de-6d45-4480-a1f1-d41cc2d38630@group-C6AEA7A4B82B, cid=3231, SUCCESS, logIndex=5360, commits[5d71e5de-6d45-4480-a1f1-d41cc2d38630:c5361]
2019-06-13 13:50:45,810 INFO  client.GrpcClientProtocolClient (GrpcClientProtocolClient.java:onNext(254)) - client-D47EFDF0E133->5d71e5de-6d45-4480-a1f1-d41cc2d38630: receive RaftClientReply:client-D47EFDF0E133->5d71e5de-6d45-4480-a1f1-d41cc2d38630@group-C6AEA7A4B82B, cid=3232, SUCCESS, logIndex=5361, commits[5d71e5de-6d45-4480-a1f1-d41cc2d38630:c5361]
2019-06-13 13:50:45,823 INFO  client.GrpcClientProtocolClient (GrpcClientProtocolClient.java:onNext(254)) - client-D47EFDF0E133->5d71e5de-6d45-4480-a1f1-d41cc2d38630: receive RaftClientReply:client-D47EFDF0E133->5d71e5de-6d45-4480-a1f1-d41cc2d38630@group-C6AEA7A4B82B, cid=3233, SUCCESS, logIndex=5363, commits[5d71e5de-6d45-4480-a1f1-d41cc2d38630:c5363]
2019-06-13 13:50:45,825 INFO  client.GrpcClientProtocolClient (GrpcClientProtocolClient.java:onNext(254)) - client-D47EFDF0E133->5d71e5de-6d45-4480-a1f1-d41cc2d38630: receive RaftClientReply:client-D47EFDF0E133->5d71e5de-6d45-4480-a1f1-d41cc2d38630@group-C6AEA7A4B82B, cid=3234, SUCCESS, logIndex=5365, commits[5d71e5de-6d45-4480-a1f1-d41cc2d38630:c5365]
2019-06-13 13:50:45,825 INFO  client.GrpcClientProtocolClient (GrpcClientProtocolClient.java:onNext(254)) - client-D47EFDF0E133->5d71e5de-6d45-4480-a1f1-d41cc2d38630: receive RaftClientReply:client-D47EFDF0E133->5d71e5de-6d45-4480-a1f1-d41cc2d38630@group-C6AEA7A4B82B, cid=3235, SUCCESS, logIndex=5366, commits[5d71e5de-6d45-4480-a1f1-d41cc2d38630:c5368]
2019-06-13 13:50:45,826 INFO  client.GrpcClientProtocolClient (GrpcClientProtocolClient.java:onNext(254)) - client-D47EFDF0E133->5d71e5de-6d45-4480-a1f1-d41cc2d38630: receive RaftClientReply:client-D47EFDF0E133->5d71e5de-6d45-4480-a1f1-d41cc2d38630@group-C6AEA7A4B82B, cid=3236, SUCCESS, logIndex=5367, commits[5d71e5de-6d45-4480-a1f1-d41cc2d38630:c5368]
2019-06-13 13:50:45,830 INFO  client.GrpcClientProtocolClient (GrpcClientProtocolClient.java:onNext(254)) - client-D47EFDF0E133->5d71e5de-6d45-4480-a1f1-d41cc2d38630: receive RaftClientReply:client-D47EFDF0E133->5d71e5de-6d45-4480-a1f1-d41cc2d38630@group-C6AEA7A4B82B, cid=3237, SUCCESS, logIndex=5369, commits[5d71e5de-6d45-4480-a1f1-d41cc2d38630:c5369]
2019-06-13 13:50:45,831 INFO  client.GrpcClientProtocolClient (GrpcClientProtocolClient.java:onNext(254)) - client-D47EFDF0E133->5d71e5de-6d45-4480-a1f1-d41cc2d38630: receive RaftClientReply:client-D47EFDF0E133->5d71e5de-6d45-4480-a1f1-d41cc2d38630@group-C6AEA7A4B82B, cid=3238, SUCCESS, logIndex=5371, commits[5d71e5de-6d45-4480-a1f1-d41cc2d38630:c5371]
2019-06-13 13:50:45,833 INFO  client.GrpcClientProtocolClient (GrpcClientProtocolClient.java:onNext(254)) - client-D47EFDF0E133->5d71e5de-6d45-4480-a1f1-d41cc2d38630: receive RaftClientReply:client-D47EFDF0E133->5d71e5de-6d45-4480-a1f1-d41cc2d38630@group-C6AEA7A4B82B, cid=3239, SUCCESS, logIndex=5372, commits[5d71e5de-6d45-4480-a1f1-d41cc2d38630:c5374]
2019-06-13 13:50:45,833 INFO  client.GrpcClientProtocolClient (GrpcClientProtocolClient.java:onNext(254)) - client-D47EFDF0E133->5d71e5de-6d45-4480-a1f1-d41cc2d38630: receive RaftClientReply:client-D47EFDF0E133->5d71e5de-6d45-4480-a1f1-d41cc2d38630@group-C6AEA7A4B82B, cid=3240, SUCCESS, logIndex=5373, commits[5d71e5de-6d45-4480-a1f1-d41cc2d38630:c5374]
2019-06-13 13:50:45,842 INFO  client.GrpcClientProtocolClient (GrpcClientProtocolClient.java:onNext(254)) - client-D47EFDF0E133->5d71e5de-6d45-4480-a1f1-d41cc2d38630: receive RaftClientReply:client-D47EFDF0E133->5d71e5de-6d45-4480-a1f1-d41cc2d38630@group-C6AEA7A4B82B, cid=3241, SUCCESS, logIndex=5375, commits[5d71e5de-6d45-4480-a1f1-d41cc2d38630:c5375]
2019-06-13 13:50:45,843 INFO  client.GrpcClientProtocolClient (GrpcClientProtocolClient.java:onNext(254)) - client-D47EFDF0E133->5d71e5de-6d45-4480-a1f1-d41cc2d38630: receive RaftClientReply:client-D47EFDF0E133->5d71e5de-6d45-4480-a1f1-d41cc2d38630@group-C6AEA7A4B82B, cid=3242, SUCCESS, logIndex=5377, commits[5d71e5de-6d45-4480-a1f1-d41cc2d38630:c5377]
2019-06-13 13:50:45,844 INFO  client.GrpcClientProtocolClient (GrpcClientProtocolClient.java:onNext(254)) - client-D47EFDF0E133->5d71e5de-6d45-4480-a1f1-d41cc2d38630: receive RaftClientReply:client-D47EFDF0E133->5d71e5de-6d45-4480-a1f1-d41cc2d38630@group-C6AEA7A4B82B, cid=3243, SUCCESS, logIndex=5378, commits[5d71e5de-6d45-4480-a1f1-d41cc2d38630:c5380]
2019-06-13 13:50:45,844 INFO  client.GrpcClientProtocolClient (GrpcClientProtocolClient.java:onNext(254)) - client-D47EFDF0E133->5d71e5de-6d45-4480-a1f1-d41cc2d38630: receive RaftClientReply:client-D47EFDF0E133->5d71e5de-6d45-4480-a1f1-d41cc2d38630@group-C6AEA7A4B82B, cid=3244, SUCCESS, logIndex=5379, commits[5d71e5de-6d45-4480-a1f1-d41cc2d38630:c5380]
2019-06-13 13:50:45,852 INFO  client.GrpcClientProtocolClient (GrpcClientProtocolClient.java:onNext(254)) - client-D47EFDF0E133->5d71e5de-6d45-4480-a1f1-d41cc2d38630: receive RaftClientReply:client-D47EFDF0E133->5d71e5de-6d45-4480-a1f1-d41cc2d38630@group-C6AEA7A4B82B, cid=3245, SUCCESS, logIndex=5381, commits[5d71e5de-6d45-4480-a1f1-d41cc2d38630:c5381]
2019-06-13 13:50:45,853 INFO  client.GrpcClientProtocolClient (GrpcClientProtocolClient.java:onNext(254)) - client-D47EFDF0E133->5d71e5de-6d45-4480-a1f1-d41cc2d38630: receive RaftClientReply:client-D47EFDF0E133->5d71e5de-6d45-4480-a1f1-d41cc2d38630@group-C6AEA7A4B82B, cid=3246, SUCCESS, logIndex=5383, commits[5d71e5de-6d45-4480-a1f1-d41cc2d38630:c5383]
2019-06-13 13:50:45,855 INFO  client.GrpcClientProtocolClient (GrpcClientProtocolClient.java:onNext(254)) - client-D47EFDF0E133->5d71e5de-6d45-4480-a1f1-d41cc2d38630: receive RaftClientReply:client-D47EFDF0E133->5d71e5de-6d45-4480-a1f1-d41cc2d38630@group-C6AEA7A4B82B, cid=3247, SUCCESS, logIndex=5384, commits[5d71e5de-6d45-4480-a1f1-d41cc2d38630:c5386]
2019-06-13 13:50:45,858 INFO  client.GrpcClientProtocolClient (GrpcClientProtocolClient.java:onNext(254)) - client-D47EFDF0E133->5d71e5de-6d45-4480-a1f1-d41cc2d38630: receive RaftClientReply:client-D47EFDF0E133->5d71e5de-6d45-4480-a1f1-d41cc2d38630@group-C6AEA7A4B82B, cid=3248, SUCCESS, logIndex=5385, commits[5d71e5de-6d45-4480-a1f1-d41cc2d38630:c5386]
2019-06-13 13:50:45,868 INFO  client.GrpcClientProtocolClient (GrpcClientProtocolClient.java:onNext(254)) - client-D47EFDF0E133->5d71e5de-6d45-4480-a1f1-d41cc2d38630: receive RaftClientReply:client-D47EFDF0E133->5d71e5de-6d45-4480-a1f1-d41cc2d38630@group-C6AEA7A4B82B, cid=3249, SUCCESS, logIndex=5387, commits[5d71e5de-6d45-4480-a1f1-d41cc2d38630:c5387]
2019-06-13 13:50:45,870 INFO  client.GrpcClientProtocolClient (GrpcClientProtocolClient.java:onNext(254)) - client-D47EFDF0E133->5d71e5de-6d45-4480-a1f1-d41cc2d38630: receive RaftClientReply:client-D47EFDF0E133->5d71e5de-6d45-4480-a1f1-d41cc2d38630@group-C6AEA7A4B82B, cid=3250, SUCCESS, logIndex=5389, commits[5d71e5de-6d45-4480-a1f1-d41cc2d38630:c5389]
2019-06-13 13:50:45,870 INFO  client.GrpcClientProtocolClient (GrpcClientProtocolClient.java:onNext(254)) - client-D47EFDF0E133->5d71e5de-6d45-4480-a1f1-d41cc2d38630: receive RaftClientReply:client-D47EFDF0E133->5d71e5de-6d45-4480-a1f1-d41cc2d38630@group-C6AEA7A4B82B, cid=3251, SUCCESS, logIndex=5390, commits[5d71e5de-6d45-4480-a1f1-d41cc2d38630:c5391]
2019-06-13 13:50:45,870 INFO  client.GrpcClientProtocolClient (GrpcClientProtocolClient.java:onNext(254)) - client-D47EFDF0E133->5d71e5de-6d45-4480-a1f1-d41cc2d38630: receive RaftClientReply:client-D47EFDF0E133->5d71e5de-6d45-4480-a1f1-d41cc2d38630@group-C6AEA7A4B82B, cid=3252, SUCCESS, logIndex=5391, commits[5d71e5de-6d45-4480-a1f1-d41cc2d38630:c5391]
2019-06-13 13:50:45,878 DEBUG block.SCMBlockDeletingService (SCMBlockDeletingService.java:call(138)) - Running DeletedBlockTransactionScanner
2019-06-13 13:50:45,878 DEBUG block.SCMBlockDeletingService (SCMBlockDeletingService.java:call(155)) - Scanned deleted blocks log and got 0 delTX to process.
2019-06-13 13:50:45,878 INFO  client.GrpcClientProtocolClient (GrpcClientProtocolClient.java:onNext(254)) - client-D47EFDF0E133->5d71e5de-6d45-4480-a1f1-d41cc2d38630: receive RaftClientReply:client-D47EFDF0E133->5d71e5de-6d45-4480-a1f1-d41cc2d38630@group-C6AEA7A4B82B, cid=3253, SUCCESS, logIndex=5394, commits[5d71e5de-6d45-4480-a1f1-d41cc2d38630:c5394]
2019-06-13 13:50:45,880 INFO  client.GrpcClientProtocolClient (GrpcClientProtocolClient.java:onNext(254)) - client-D47EFDF0E133->5d71e5de-6d45-4480-a1f1-d41cc2d38630: receive RaftClientReply:client-D47EFDF0E133->5d71e5de-6d45-4480-a1f1-d41cc2d38630@group-C6AEA7A4B82B, cid=3254, SUCCESS, logIndex=5396, commits[5d71e5de-6d45-4480-a1f1-d41cc2d38630:c5396]
2019-06-13 13:50:45,881 INFO  client.GrpcClientProtocolClient (GrpcClientProtocolClient.java:onNext(254)) - client-D47EFDF0E133->5d71e5de-6d45-4480-a1f1-d41cc2d38630: receive RaftClientReply:client-D47EFDF0E133->5d71e5de-6d45-4480-a1f1-d41cc2d38630@group-C6AEA7A4B82B, cid=3255, SUCCESS, logIndex=5397, commits[5d71e5de-6d45-4480-a1f1-d41cc2d38630:c5399]
2019-06-13 13:50:45,881 INFO  client.GrpcClientProtocolClient (GrpcClientProtocolClient.java:onNext(254)) - client-D47EFDF0E133->5d71e5de-6d45-4480-a1f1-d41cc2d38630: receive RaftClientReply:client-D47EFDF0E133->5d71e5de-6d45-4480-a1f1-d41cc2d38630@group-C6AEA7A4B82B, cid=3256, SUCCESS, logIndex=5398, commits[5d71e5de-6d45-4480-a1f1-d41cc2d38630:c5399]
2019-06-13 13:50:45,892 INFO  client.GrpcClientProtocolClient (GrpcClientProtocolClient.java:onNext(254)) - client-D47EFDF0E133->5d71e5de-6d45-4480-a1f1-d41cc2d38630: receive RaftClientReply:client-D47EFDF0E133->5d71e5de-6d45-4480-a1f1-d41cc2d38630@group-C6AEA7A4B82B, cid=3257, SUCCESS, logIndex=5400, commits[5d71e5de-6d45-4480-a1f1-d41cc2d38630:c5400]
2019-06-13 13:50:45,893 INFO  client.GrpcClientProtocolClient (GrpcClientProtocolClient.java:onNext(254)) - client-D47EFDF0E133->5d71e5de-6d45-4480-a1f1-d41cc2d38630: receive RaftClientReply:client-D47EFDF0E133->5d71e5de-6d45-4480-a1f1-d41cc2d38630@group-C6AEA7A4B82B, cid=3258, SUCCESS, logIndex=5402, commits[5d71e5de-6d45-4480-a1f1-d41cc2d38630:c5402]
2019-06-13 13:50:45,894 INFO  client.GrpcClientProtocolClient (GrpcClientProtocolClient.java:onNext(254)) - client-D47EFDF0E133->5d71e5de-6d45-4480-a1f1-d41cc2d38630: receive RaftClientReply:client-D47EFDF0E133->5d71e5de-6d45-4480-a1f1-d41cc2d38630@group-C6AEA7A4B82B, cid=3259, SUCCESS, logIndex=5403, commits[5d71e5de-6d45-4480-a1f1-d41cc2d38630:c5405]
2019-06-13 13:50:45,895 INFO  client.GrpcClientProtocolClient (GrpcClientProtocolClient.java:onNext(254)) - client-D47EFDF0E133->5d71e5de-6d45-4480-a1f1-d41cc2d38630: receive RaftClientReply:client-D47EFDF0E133->5d71e5de-6d45-4480-a1f1-d41cc2d38630@group-C6AEA7A4B82B, cid=3260, SUCCESS, logIndex=5404, commits[5d71e5de-6d45-4480-a1f1-d41cc2d38630:c5405]
2019-06-13 13:50:45,900 INFO  client.GrpcClientProtocolClient (GrpcClientProtocolClient.java:onNext(254)) - client-D47EFDF0E133->5d71e5de-6d45-4480-a1f1-d41cc2d38630: receive RaftClientReply:client-D47EFDF0E133->5d71e5de-6d45-4480-a1f1-d41cc2d38630@group-C6AEA7A4B82B, cid=3261, SUCCESS, logIndex=5406, commits[5d71e5de-6d45-4480-a1f1-d41cc2d38630:c5406]
2019-06-13 13:50:45,901 INFO  client.GrpcClientProtocolClient (GrpcClientProtocolClient.java:onNext(254)) - client-D47EFDF0E133->5d71e5de-6d45-4480-a1f1-d41cc2d38630: receive RaftClientReply:client-D47EFDF0E133->5d71e5de-6d45-4480-a1f1-d41cc2d38630@group-C6AEA7A4B82B, cid=3262, SUCCESS, logIndex=5408, commits[5d71e5de-6d45-4480-a1f1-d41cc2d38630:c5408]
2019-06-13 13:50:45,902 INFO  client.GrpcClientProtocolClient (GrpcClientProtocolClient.java:onNext(254)) - client-D47EFDF0E133->5d71e5de-6d45-4480-a1f1-d41cc2d38630: receive RaftClientReply:client-D47EFDF0E133->5d71e5de-6d45-4480-a1f1-d41cc2d38630@group-C6AEA7A4B82B, cid=3263, SUCCESS, logIndex=5409, commits[5d71e5de-6d45-4480-a1f1-d41cc2d38630:c5410]
2019-06-13 13:50:45,902 INFO  client.GrpcClientProtocolClient (GrpcClientProtocolClient.java:onNext(254)) - client-D47EFDF0E133->5d71e5de-6d45-4480-a1f1-d41cc2d38630: receive RaftClientReply:client-D47EFDF0E133->5d71e5de-6d45-4480-a1f1-d41cc2d38630@group-C6AEA7A4B82B, cid=3264, SUCCESS, logIndex=5410, commits[5d71e5de-6d45-4480-a1f1-d41cc2d38630:c5411]
2019-06-13 13:50:45,912 INFO  client.GrpcClientProtocolClient (GrpcClientProtocolClient.java:onNext(254)) - client-D47EFDF0E133->5d71e5de-6d45-4480-a1f1-d41cc2d38630: receive RaftClientReply:client-D47EFDF0E133->5d71e5de-6d45-4480-a1f1-d41cc2d38630@group-C6AEA7A4B82B, cid=3265, SUCCESS, logIndex=5413, commits[5d71e5de-6d45-4480-a1f1-d41cc2d38630:c5413]
2019-06-13 13:50:45,914 INFO  client.GrpcClientProtocolClient (GrpcClientProtocolClient.java:onNext(254)) - client-D47EFDF0E133->5d71e5de-6d45-4480-a1f1-d41cc2d38630: receive RaftClientReply:client-D47EFDF0E133->5d71e5de-6d45-4480-a1f1-d41cc2d38630@group-C6AEA7A4B82B, cid=3266, SUCCESS, logIndex=5415, commits[5d71e5de-6d45-4480-a1f1-d41cc2d38630:c5415]
2019-06-13 13:50:45,914 INFO  client.GrpcClientProtocolClient (GrpcClientProtocolClient.java:onNext(254)) - client-D47EFDF0E133->5d71e5de-6d45-4480-a1f1-d41cc2d38630: receive RaftClientReply:client-D47EFDF0E133->5d71e5de-6d45-4480-a1f1-d41cc2d38630@group-C6AEA7A4B82B, cid=3267, SUCCESS, logIndex=5416, commits[5d71e5de-6d45-4480-a1f1-d41cc2d38630:c5418]
2019-06-13 13:50:45,914 INFO  client.GrpcClientProtocolClient (GrpcClientProtocolClient.java:onNext(254)) - client-D47EFDF0E133->5d71e5de-6d45-4480-a1f1-d41cc2d38630: receive RaftClientReply:client-D47EFDF0E133->5d71e5de-6d45-4480-a1f1-d41cc2d38630@group-C6AEA7A4B82B, cid=3268, SUCCESS, logIndex=5417, commits[5d71e5de-6d45-4480-a1f1-d41cc2d38630:c5418]
2019-06-13 13:50:45,917 INFO  storage.RaftLogWorker (RaftLogWorker.java:rollLogSegment(303)) - 5d71e5de-6d45-4480-a1f1-d41cc2d38630-RaftLogWorker: Rolling segment log-5346_5418 to index:5418
2019-06-13 13:50:45,918 INFO  storage.RaftLogWorker (RaftLogWorker.java:execute(433)) - 5d71e5de-6d45-4480-a1f1-d41cc2d38630-RaftLogWorker: Rolled log segment from /opt/src/hadoop-ozone/integration-test/target/test-dir/MiniOzoneClusterImpl-c05bfa39-b333-4767-bc96-5a78f3430938/datanode-0/data/ratis/3aee30eb-3db1-472a-b851-c6aea7a4b82b/current/log_inprogress_5346 to /opt/src/hadoop-ozone/integration-test/target/test-dir/MiniOzoneClusterImpl-c05bfa39-b333-4767-bc96-5a78f3430938/datanode-0/data/ratis/3aee30eb-3db1-472a-b851-c6aea7a4b82b/current/log_5346-5418
2019-06-13 13:50:45,961 INFO  storage.RaftLogWorker (RaftLogWorker.java:execute(469)) - 5d71e5de-6d45-4480-a1f1-d41cc2d38630-RaftLogWorker: created new log segment /opt/src/hadoop-ozone/integration-test/target/test-dir/MiniOzoneClusterImpl-c05bfa39-b333-4767-bc96-5a78f3430938/datanode-0/data/ratis/3aee30eb-3db1-472a-b851-c6aea7a4b82b/current/log_inprogress_5419
2019-06-13 13:50:45,963 INFO  client.GrpcClientProtocolClient (GrpcClientProtocolClient.java:onNext(254)) - client-D47EFDF0E133->5d71e5de-6d45-4480-a1f1-d41cc2d38630: receive RaftClientReply:client-D47EFDF0E133->5d71e5de-6d45-4480-a1f1-d41cc2d38630@group-C6AEA7A4B82B, cid=3269, SUCCESS, logIndex=5419, commits[5d71e5de-6d45-4480-a1f1-d41cc2d38630:c5419]
2019-06-13 13:50:45,964 INFO  client.GrpcClientProtocolClient (GrpcClientProtocolClient.java:onNext(254)) - client-D47EFDF0E133->5d71e5de-6d45-4480-a1f1-d41cc2d38630: receive RaftClientReply:client-D47EFDF0E133->5d71e5de-6d45-4480-a1f1-d41cc2d38630@group-C6AEA7A4B82B, cid=3270, SUCCESS, logIndex=5421, commits[5d71e5de-6d45-4480-a1f1-d41cc2d38630:c5421]
2019-06-13 13:50:45,978 DEBUG block.SCMBlockDeletingService (SCMBlockDeletingService.java:call(138)) - Running DeletedBlockTransactionScanner
2019-06-13 13:50:45,978 DEBUG block.SCMBlockDeletingService (SCMBlockDeletingService.java:call(155)) - Scanned deleted blocks log and got 0 delTX to process.
2019-06-13 13:50:45,994 INFO  client.GrpcClientProtocolClient (GrpcClientProtocolClient.java:onNext(254)) - client-D47EFDF0E133->5d71e5de-6d45-4480-a1f1-d41cc2d38630: receive RaftClientReply:client-D47EFDF0E133->5d71e5de-6d45-4480-a1f1-d41cc2d38630@group-C6AEA7A4B82B, cid=3271, SUCCESS, logIndex=5423, commits[5d71e5de-6d45-4480-a1f1-d41cc2d38630:c5423]
2019-06-13 13:50:45,995 INFO  client.GrpcClientProtocolClient (GrpcClientProtocolClient.java:onNext(254)) - client-D47EFDF0E133->5d71e5de-6d45-4480-a1f1-d41cc2d38630: receive RaftClientReply:client-D47EFDF0E133->5d71e5de-6d45-4480-a1f1-d41cc2d38630@group-C6AEA7A4B82B, cid=3272, SUCCESS, logIndex=5425, commits[5d71e5de-6d45-4480-a1f1-d41cc2d38630:c5425]
2019-06-13 13:50:46,004 INFO  client.GrpcClientProtocolClient (GrpcClientProtocolClient.java:onNext(254)) - client-D47EFDF0E133->5d71e5de-6d45-4480-a1f1-d41cc2d38630: receive RaftClientReply:client-D47EFDF0E133->5d71e5de-6d45-4480-a1f1-d41cc2d38630@group-C6AEA7A4B82B, cid=3273, SUCCESS, logIndex=5427, commits[5d71e5de-6d45-4480-a1f1-d41cc2d38630:c5427]
2019-06-13 13:50:46,005 INFO  client.GrpcClientProtocolClient (GrpcClientProtocolClient.java:onNext(254)) - client-D47EFDF0E133->5d71e5de-6d45-4480-a1f1-d41cc2d38630: receive RaftClientReply:client-D47EFDF0E133->5d71e5de-6d45-4480-a1f1-d41cc2d38630@group-C6AEA7A4B82B, cid=3274, SUCCESS, logIndex=5429, commits[5d71e5de-6d45-4480-a1f1-d41cc2d38630:c5429]
2019-06-13 13:50:46,006 INFO  client.GrpcClientProtocolClient (GrpcClientProtocolClient.java:onNext(254)) - client-D47EFDF0E133->5d71e5de-6d45-4480-a1f1-d41cc2d38630: receive RaftClientReply:client-D47EFDF0E133->5d71e5de-6d45-4480-a1f1-d41cc2d38630@group-C6AEA7A4B82B, cid=3275, SUCCESS, logIndex=5430, commits[5d71e5de-6d45-4480-a1f1-d41cc2d38630:c5432]
2019-06-13 13:50:46,006 INFO  client.GrpcClientProtocolClient (GrpcClientProtocolClient.java:onNext(254)) - client-D47EFDF0E133->5d71e5de-6d45-4480-a1f1-d41cc2d38630: receive RaftClientReply:client-D47EFDF0E133->5d71e5de-6d45-4480-a1f1-d41cc2d38630@group-C6AEA7A4B82B, cid=3276, SUCCESS, logIndex=5431, commits[5d71e5de-6d45-4480-a1f1-d41cc2d38630:c5432]
2019-06-13 13:50:46,011 INFO  client.GrpcClientProtocolClient (GrpcClientProtocolClient.java:onNext(254)) - client-D47EFDF0E133->5d71e5de-6d45-4480-a1f1-d41cc2d38630: receive RaftClientReply:client-D47EFDF0E133->5d71e5de-6d45-4480-a1f1-d41cc2d38630@group-C6AEA7A4B82B, cid=3277, SUCCESS, logIndex=5433, commits[5d71e5de-6d45-4480-a1f1-d41cc2d38630:c5433]
2019-06-13 13:50:46,012 INFO  client.GrpcClientProtocolClient (GrpcClientProtocolClient.java:onNext(254)) - client-D47EFDF0E133->5d71e5de-6d45-4480-a1f1-d41cc2d38630: receive RaftClientReply:client-D47EFDF0E133->5d71e5de-6d45-4480-a1f1-d41cc2d38630@group-C6AEA7A4B82B, cid=3278, SUCCESS, logIndex=5435, commits[5d71e5de-6d45-4480-a1f1-d41cc2d38630:c5435]
2019-06-13 13:50:46,013 INFO  client.GrpcClientProtocolClient (GrpcClientProtocolClient.java:onNext(254)) - client-D47EFDF0E133->5d71e5de-6d45-4480-a1f1-d41cc2d38630: receive RaftClientReply:client-D47EFDF0E133->5d71e5de-6d45-4480-a1f1-d41cc2d38630@group-C6AEA7A4B82B, cid=3279, SUCCESS, logIndex=5436, commits[5d71e5de-6d45-4480-a1f1-d41cc2d38630:c5438]
2019-06-13 13:50:46,013 INFO  client.GrpcClientProtocolClient (GrpcClientProtocolClient.java:onNext(254)) - client-D47EFDF0E133->5d71e5de-6d45-4480-a1f1-d41cc2d38630: receive RaftClientReply:client-D47EFDF0E133->5d71e5de-6d45-4480-a1f1-d41cc2d38630@group-C6AEA7A4B82B, cid=3280, SUCCESS, logIndex=5437, commits[5d71e5de-6d45-4480-a1f1-d41cc2d38630:c5438]
2019-06-13 13:50:46,022 INFO  client.GrpcClientProtocolClient (GrpcClientProtocolClient.java:onNext(254)) - client-D47EFDF0E133->5d71e5de-6d45-4480-a1f1-d41cc2d38630: receive RaftClientReply:client-D47EFDF0E133->5d71e5de-6d45-4480-a1f1-d41cc2d38630@group-C6AEA7A4B82B, cid=3281, SUCCESS, logIndex=5439, commits[5d71e5de-6d45-4480-a1f1-d41cc2d38630:c5439]
2019-06-13 13:50:46,023 INFO  client.GrpcClientProtocolClient (GrpcClientProtocolClient.java:onNext(254)) - client-D47EFDF0E133->5d71e5de-6d45-4480-a1f1-d41cc2d38630: receive RaftClientReply:client-D47EFDF0E133->5d71e5de-6d45-4480-a1f1-d41cc2d38630@group-C6AEA7A4B82B, cid=3282, SUCCESS, logIndex=5441, commits[5d71e5de-6d45-4480-a1f1-d41cc2d38630:c5441]
2019-06-13 13:50:46,025 INFO  client.GrpcClientProtocolClient (GrpcClientProtocolClient.java:onNext(254)) - client-D47EFDF0E133->5d71e5de-6d45-4480-a1f1-d41cc2d38630: receive RaftClientReply:client-D47EFDF0E133->5d71e5de-6d45-4480-a1f1-d41cc2d38630@group-C6AEA7A4B82B, cid=3283, SUCCESS, logIndex=5442, commits[5d71e5de-6d45-4480-a1f1-d41cc2d38630:c5444]
2019-06-13 13:50:46,025 INFO  client.GrpcClientProtocolClient (GrpcClientProtocolClient.java:onNext(254)) - client-D47EFDF0E133->5d71e5de-6d45-4480-a1f1-d41cc2d38630: receive RaftClientReply:client-D47EFDF0E133->5d71e5de-6d45-4480-a1f1-d41cc2d38630@group-C6AEA7A4B82B, cid=3284, SUCCESS, logIndex=5443, commits[5d71e5de-6d45-4480-a1f1-d41cc2d38630:c5444]
2019-06-13 13:50:46,030 INFO  client.GrpcClientProtocolClient (GrpcClientProtocolClient.java:onNext(254)) - client-D47EFDF0E133->5d71e5de-6d45-4480-a1f1-d41cc2d38630: receive RaftClientReply:client-D47EFDF0E133->5d71e5de-6d45-4480-a1f1-d41cc2d38630@group-C6AEA7A4B82B, cid=3285, SUCCESS, logIndex=5445, commits[5d71e5de-6d45-4480-a1f1-d41cc2d38630:c5445]
2019-06-13 13:50:46,031 INFO  client.GrpcClientProtocolClient (GrpcClientProtocolClient.java:onNext(254)) - client-D47EFDF0E133->5d71e5de-6d45-4480-a1f1-d41cc2d38630: receive RaftClientReply:client-D47EFDF0E133->5d71e5de-6d45-4480-a1f1-d41cc2d38630@group-C6AEA7A4B82B, cid=3286, SUCCESS, logIndex=5447, commits[5d71e5de-6d45-4480-a1f1-d41cc2d38630:c5447]
2019-06-13 13:50:46,033 INFO  client.GrpcClientProtocolClient (GrpcClientProtocolClient.java:onNext(254)) - client-D47EFDF0E133->5d71e5de-6d45-4480-a1f1-d41cc2d38630: receive RaftClientReply:client-D47EFDF0E133->5d71e5de-6d45-4480-a1f1-d41cc2d38630@group-C6AEA7A4B82B, cid=3287, SUCCESS, logIndex=5449, commits[5d71e5de-6d45-4480-a1f1-d41cc2d38630:c5450]
2019-06-13 13:50:46,033 INFO  client.GrpcClientProtocolClient (GrpcClientProtocolClient.java:onNext(254)) - client-D47EFDF0E133->5d71e5de-6d45-4480-a1f1-d41cc2d38630: receive RaftClientReply:client-D47EFDF0E133->5d71e5de-6d45-4480-a1f1-d41cc2d38630@group-C6AEA7A4B82B, cid=3288, SUCCESS, logIndex=5450, commits[5d71e5de-6d45-4480-a1f1-d41cc2d38630:c5450]
2019-06-13 13:50:46,044 INFO  client.GrpcClientProtocolClient (GrpcClientProtocolClient.java:onNext(254)) - client-D47EFDF0E133->5d71e5de-6d45-4480-a1f1-d41cc2d38630: receive RaftClientReply:client-D47EFDF0E133->5d71e5de-6d45-4480-a1f1-d41cc2d38630@group-C6AEA7A4B82B, cid=3289, SUCCESS, logIndex=5452, commits[5d71e5de-6d45-4480-a1f1-d41cc2d38630:c5452]
2019-06-13 13:50:46,046 INFO  client.GrpcClientProtocolClient (GrpcClientProtocolClient.java:onNext(254)) - client-D47EFDF0E133->5d71e5de-6d45-4480-a1f1-d41cc2d38630: receive RaftClientReply:client-D47EFDF0E133->5d71e5de-6d45-4480-a1f1-d41cc2d38630@group-C6AEA7A4B82B, cid=3290, SUCCESS, logIndex=5454, commits[5d71e5de-6d45-4480-a1f1-d41cc2d38630:c5454]
2019-06-13 13:50:46,046 INFO  client.GrpcClientProtocolClient (GrpcClientProtocolClient.java:onNext(254)) - client-D47EFDF0E133->5d71e5de-6d45-4480-a1f1-d41cc2d38630: receive RaftClientReply:client-D47EFDF0E133->5d71e5de-6d45-4480-a1f1-d41cc2d38630@group-C6AEA7A4B82B, cid=3291, SUCCESS, logIndex=5455, commits[5d71e5de-6d45-4480-a1f1-d41cc2d38630:c5456]
2019-06-13 13:50:46,046 INFO  client.GrpcClientProtocolClient (GrpcClientProtocolClient.java:onNext(254)) - client-D47EFDF0E133->5d71e5de-6d45-4480-a1f1-d41cc2d38630: receive RaftClientReply:client-D47EFDF0E133->5d71e5de-6d45-4480-a1f1-d41cc2d38630@group-C6AEA7A4B82B, cid=3292, SUCCESS, logIndex=5456, commits[5d71e5de-6d45-4480-a1f1-d41cc2d38630:c5456]
2019-06-13 13:50:46,089 DEBUG block.SCMBlockDeletingService (SCMBlockDeletingService.java:call(138)) - Running DeletedBlockTransactionScanner
2019-06-13 13:50:46,089 DEBUG block.SCMBlockDeletingService (SCMBlockDeletingService.java:call(155)) - Scanned deleted blocks log and got 0 delTX to process.
2019-06-13 13:50:46,095 INFO  client.GrpcClientProtocolClient (GrpcClientProtocolClient.java:onNext(254)) - client-D47EFDF0E133->5d71e5de-6d45-4480-a1f1-d41cc2d38630: receive RaftClientReply:client-D47EFDF0E133->5d71e5de-6d45-4480-a1f1-d41cc2d38630@group-C6AEA7A4B82B, cid=3293, SUCCESS, logIndex=5459, commits[5d71e5de-6d45-4480-a1f1-d41cc2d38630:c5459]
2019-06-13 13:50:46,097 INFO  client.GrpcClientProtocolClient (GrpcClientProtocolClient.java:onNext(254)) - client-D47EFDF0E133->5d71e5de-6d45-4480-a1f1-d41cc2d38630: receive RaftClientReply:client-D47EFDF0E133->5d71e5de-6d45-4480-a1f1-d41cc2d38630@group-C6AEA7A4B82B, cid=3294, SUCCESS, logIndex=5461, commits[5d71e5de-6d45-4480-a1f1-d41cc2d38630:c5461]
2019-06-13 13:50:46,098 INFO  client.GrpcClientProtocolClient (GrpcClientProtocolClient.java:onNext(254)) - client-D47EFDF0E133->5d71e5de-6d45-4480-a1f1-d41cc2d38630: receive RaftClientReply:client-D47EFDF0E133->5d71e5de-6d45-4480-a1f1-d41cc2d38630@group-C6AEA7A4B82B, cid=3295, SUCCESS, logIndex=5462, commits[5d71e5de-6d45-4480-a1f1-d41cc2d38630:c5464]
2019-06-13 13:50:46,102 INFO  client.GrpcClientProtocolClient (GrpcClientProtocolClient.java:onNext(254)) - client-D47EFDF0E133->5d71e5de-6d45-4480-a1f1-d41cc2d38630: receive RaftClientReply:client-D47EFDF0E133->5d71e5de-6d45-4480-a1f1-d41cc2d38630@group-C6AEA7A4B82B, cid=3296, SUCCESS, logIndex=5463, commits[5d71e5de-6d45-4480-a1f1-d41cc2d38630:c5464]
2019-06-13 13:50:46,111 INFO  client.GrpcClientProtocolClient (GrpcClientProtocolClient.java:onNext(254)) - client-D47EFDF0E133->5d71e5de-6d45-4480-a1f1-d41cc2d38630: receive RaftClientReply:client-D47EFDF0E133->5d71e5de-6d45-4480-a1f1-d41cc2d38630@group-C6AEA7A4B82B, cid=3297, SUCCESS, logIndex=5465, commits[5d71e5de-6d45-4480-a1f1-d41cc2d38630:c5465]
2019-06-13 13:50:46,113 INFO  client.GrpcClientProtocolClient (GrpcClientProtocolClient.java:onNext(254)) - client-D47EFDF0E133->5d71e5de-6d45-4480-a1f1-d41cc2d38630: receive RaftClientReply:client-D47EFDF0E133->5d71e5de-6d45-4480-a1f1-d41cc2d38630@group-C6AEA7A4B82B, cid=3298, SUCCESS, logIndex=5467, commits[5d71e5de-6d45-4480-a1f1-d41cc2d38630:c5467]
2019-06-13 13:50:46,114 INFO  client.GrpcClientProtocolClient (GrpcClientProtocolClient.java:onNext(254)) - client-D47EFDF0E133->5d71e5de-6d45-4480-a1f1-d41cc2d38630: receive RaftClientReply:client-D47EFDF0E133->5d71e5de-6d45-4480-a1f1-d41cc2d38630@group-C6AEA7A4B82B, cid=3299, SUCCESS, logIndex=5468, commits[5d71e5de-6d45-4480-a1f1-d41cc2d38630:c5470]
2019-06-13 13:50:46,114 INFO  client.GrpcClientProtocolClient (GrpcClientProtocolClient.java:onNext(254)) - client-D47EFDF0E133->5d71e5de-6d45-4480-a1f1-d41cc2d38630: receive RaftClientReply:client-D47EFDF0E133->5d71e5de-6d45-4480-a1f1-d41cc2d38630@group-C6AEA7A4B82B, cid=3300, SUCCESS, logIndex=5469, commits[5d71e5de-6d45-4480-a1f1-d41cc2d38630:c5470]
2019-06-13 13:50:46,119 INFO  client.GrpcClientProtocolClient (GrpcClientProtocolClient.java:onNext(254)) - client-D47EFDF0E133->5d71e5de-6d45-4480-a1f1-d41cc2d38630: receive RaftClientReply:client-D47EFDF0E133->5d71e5de-6d45-4480-a1f1-d41cc2d38630@group-C6AEA7A4B82B, cid=3301, SUCCESS, logIndex=5471, commits[5d71e5de-6d45-4480-a1f1-d41cc2d38630:c5471]
2019-06-13 13:50:46,121 INFO  client.GrpcClientProtocolClient (GrpcClientProtocolClient.java:onNext(254)) - client-D47EFDF0E133->5d71e5de-6d45-4480-a1f1-d41cc2d38630: receive RaftClientReply:client-D47EFDF0E133->5d71e5de-6d45-4480-a1f1-d41cc2d38630@group-C6AEA7A4B82B, cid=3302, SUCCESS, logIndex=5473, commits[5d71e5de-6d45-4480-a1f1-d41cc2d38630:c5473]
2019-06-13 13:50:46,121 INFO  client.GrpcClientProtocolClient (GrpcClientProtocolClient.java:onNext(254)) - client-D47EFDF0E133->5d71e5de-6d45-4480-a1f1-d41cc2d38630: receive RaftClientReply:client-D47EFDF0E133->5d71e5de-6d45-4480-a1f1-d41cc2d38630@group-C6AEA7A4B82B, cid=3303, SUCCESS, logIndex=5474, commits[5d71e5de-6d45-4480-a1f1-d41cc2d38630:c5475]
2019-06-13 13:50:46,126 INFO  client.GrpcClientProtocolClient (GrpcClientProtocolClient.java:onNext(254)) - client-D47EFDF0E133->5d71e5de-6d45-4480-a1f1-d41cc2d38630: receive RaftClientReply:client-D47EFDF0E133->5d71e5de-6d45-4480-a1f1-d41cc2d38630@group-C6AEA7A4B82B, cid=3304, SUCCESS, logIndex=5475, commits[5d71e5de-6d45-4480-a1f1-d41cc2d38630:c5475]
2019-06-13 13:50:46,135 INFO  client.GrpcClientProtocolClient (GrpcClientProtocolClient.java:onNext(254)) - client-D47EFDF0E133->5d71e5de-6d45-4480-a1f1-d41cc2d38630: receive RaftClientReply:client-D47EFDF0E133->5d71e5de-6d45-4480-a1f1-d41cc2d38630@group-C6AEA7A4B82B, cid=3305, SUCCESS, logIndex=5478, commits[5d71e5de-6d45-4480-a1f1-d41cc2d38630:c5478]
2019-06-13 13:50:46,137 INFO  client.GrpcClientProtocolClient (GrpcClientProtocolClient.java:onNext(254)) - client-D47EFDF0E133->5d71e5de-6d45-4480-a1f1-d41cc2d38630: receive RaftClientReply:client-D47EFDF0E133->5d71e5de-6d45-4480-a1f1-d41cc2d38630@group-C6AEA7A4B82B, cid=3306, SUCCESS, logIndex=5480, commits[5d71e5de-6d45-4480-a1f1-d41cc2d38630:c5482]
2019-06-13 13:50:46,138 INFO  client.GrpcClientProtocolClient (GrpcClientProtocolClient.java:onNext(254)) - client-D47EFDF0E133->5d71e5de-6d45-4480-a1f1-d41cc2d38630: receive RaftClientReply:client-D47EFDF0E133->5d71e5de-6d45-4480-a1f1-d41cc2d38630@group-C6AEA7A4B82B, cid=3307, SUCCESS, logIndex=5481, commits[5d71e5de-6d45-4480-a1f1-d41cc2d38630:c5482]
2019-06-13 13:50:46,138 INFO  client.GrpcClientProtocolClient (GrpcClientProtocolClient.java:onNext(254)) - client-D47EFDF0E133->5d71e5de-6d45-4480-a1f1-d41cc2d38630: receive RaftClientReply:client-D47EFDF0E133->5d71e5de-6d45-4480-a1f1-d41cc2d38630@group-C6AEA7A4B82B, cid=3308, SUCCESS, logIndex=5482, commits[5d71e5de-6d45-4480-a1f1-d41cc2d38630:c5482]
2019-06-13 13:50:46,143 INFO  client.GrpcClientProtocolClient (GrpcClientProtocolClient.java:onNext(254)) - client-D47EFDF0E133->5d71e5de-6d45-4480-a1f1-d41cc2d38630: receive RaftClientReply:client-D47EFDF0E133->5d71e5de-6d45-4480-a1f1-d41cc2d38630@group-C6AEA7A4B82B, cid=3309, SUCCESS, logIndex=5484, commits[5d71e5de-6d45-4480-a1f1-d41cc2d38630:c5484]
2019-06-13 13:50:46,144 INFO  client.GrpcClientProtocolClient (GrpcClientProtocolClient.java:onNext(254)) - client-D47EFDF0E133->5d71e5de-6d45-4480-a1f1-d41cc2d38630: receive RaftClientReply:client-D47EFDF0E133->5d71e5de-6d45-4480-a1f1-d41cc2d38630@group-C6AEA7A4B82B, cid=3310, SUCCESS, logIndex=5486, commits[5d71e5de-6d45-4480-a1f1-d41cc2d38630:c5486]
2019-06-13 13:50:46,145 INFO  client.GrpcClientProtocolClient (GrpcClientProtocolClient.java:onNext(254)) - client-D47EFDF0E133->5d71e5de-6d45-4480-a1f1-d41cc2d38630: receive RaftClientReply:client-D47EFDF0E133->5d71e5de-6d45-4480-a1f1-d41cc2d38630@group-C6AEA7A4B82B, cid=3311, SUCCESS, logIndex=5487, commits[5d71e5de-6d45-4480-a1f1-d41cc2d38630:c5488]
2019-06-13 13:50:46,145 INFO  storage.RaftLogWorker (RaftLogWorker.java:rollLogSegment(303)) - 5d71e5de-6d45-4480-a1f1-d41cc2d38630-RaftLogWorker: Rolling segment log-5419_5488 to index:5488
2019-06-13 13:50:46,146 INFO  storage.RaftLogWorker (RaftLogWorker.java:execute(433)) - 5d71e5de-6d45-4480-a1f1-d41cc2d38630-RaftLogWorker: Rolled log segment from /opt/src/hadoop-ozone/integration-test/target/test-dir/MiniOzoneClusterImpl-c05bfa39-b333-4767-bc96-5a78f3430938/datanode-0/data/ratis/3aee30eb-3db1-472a-b851-c6aea7a4b82b/current/log_inprogress_5419 to /opt/src/hadoop-ozone/integration-test/target/test-dir/MiniOzoneClusterImpl-c05bfa39-b333-4767-bc96-5a78f3430938/datanode-0/data/ratis/3aee30eb-3db1-472a-b851-c6aea7a4b82b/current/log_5419-5488
2019-06-13 13:50:46,181 INFO  storage.RaftLogWorker (RaftLogWorker.java:execute(469)) - 5d71e5de-6d45-4480-a1f1-d41cc2d38630-RaftLogWorker: created new log segment /opt/src/hadoop-ozone/integration-test/target/test-dir/MiniOzoneClusterImpl-c05bfa39-b333-4767-bc96-5a78f3430938/datanode-0/data/ratis/3aee30eb-3db1-472a-b851-c6aea7a4b82b/current/log_inprogress_5489
2019-06-13 13:50:46,182 INFO  client.GrpcClientProtocolClient (GrpcClientProtocolClient.java:onNext(254)) - client-D47EFDF0E133->5d71e5de-6d45-4480-a1f1-d41cc2d38630: receive RaftClientReply:client-D47EFDF0E133->5d71e5de-6d45-4480-a1f1-d41cc2d38630@group-C6AEA7A4B82B, cid=3312, SUCCESS, logIndex=5489, commits[5d71e5de-6d45-4480-a1f1-d41cc2d38630:c5489]
2019-06-13 13:50:46,189 DEBUG block.SCMBlockDeletingService (SCMBlockDeletingService.java:call(138)) - Running DeletedBlockTransactionScanner
2019-06-13 13:50:46,189 DEBUG block.SCMBlockDeletingService (SCMBlockDeletingService.java:call(155)) - Scanned deleted blocks log and got 0 delTX to process.
2019-06-13 13:50:46,192 INFO  client.GrpcClientProtocolClient (GrpcClientProtocolClient.java:onNext(254)) - client-D47EFDF0E133->5d71e5de-6d45-4480-a1f1-d41cc2d38630: receive RaftClientReply:client-D47EFDF0E133->5d71e5de-6d45-4480-a1f1-d41cc2d38630@group-C6AEA7A4B82B, cid=3313, SUCCESS, logIndex=5491, commits[5d71e5de-6d45-4480-a1f1-d41cc2d38630:c5491]
2019-06-13 13:50:46,193 INFO  client.GrpcClientProtocolClient (GrpcClientProtocolClient.java:onNext(254)) - client-D47EFDF0E133->5d71e5de-6d45-4480-a1f1-d41cc2d38630: receive RaftClientReply:client-D47EFDF0E133->5d71e5de-6d45-4480-a1f1-d41cc2d38630@group-C6AEA7A4B82B, cid=3314, SUCCESS, logIndex=5493, commits[5d71e5de-6d45-4480-a1f1-d41cc2d38630:c5493]
2019-06-13 13:50:46,261 INFO  client.GrpcClientProtocolClient (GrpcClientProtocolClient.java:onNext(254)) - client-D47EFDF0E133->5d71e5de-6d45-4480-a1f1-d41cc2d38630: receive RaftClientReply:client-D47EFDF0E133->5d71e5de-6d45-4480-a1f1-d41cc2d38630@group-C6AEA7A4B82B, cid=3315, SUCCESS, logIndex=5495, commits[5d71e5de-6d45-4480-a1f1-d41cc2d38630:c5495]
2019-06-13 13:50:46,262 INFO  client.GrpcClientProtocolClient (GrpcClientProtocolClient.java:onNext(254)) - client-D47EFDF0E133->5d71e5de-6d45-4480-a1f1-d41cc2d38630: receive RaftClientReply:client-D47EFDF0E133->5d71e5de-6d45-4480-a1f1-d41cc2d38630@group-C6AEA7A4B82B, cid=3316, SUCCESS, logIndex=5497, commits[5d71e5de-6d45-4480-a1f1-d41cc2d38630:c5497]
2019-06-13 13:50:46,267 INFO  client.GrpcClientProtocolClient (GrpcClientProtocolClient.java:onNext(254)) - client-D47EFDF0E133->5d71e5de-6d45-4480-a1f1-d41cc2d38630: receive RaftClientReply:client-D47EFDF0E133->5d71e5de-6d45-4480-a1f1-d41cc2d38630@group-C6AEA7A4B82B, cid=3317, SUCCESS, logIndex=5499, commits[5d71e5de-6d45-4480-a1f1-d41cc2d38630:c5499]
2019-06-13 13:50:46,268 INFO  client.GrpcClientProtocolClient (GrpcClientProtocolClient.java:onNext(254)) - client-D47EFDF0E133->5d71e5de-6d45-4480-a1f1-d41cc2d38630: receive RaftClientReply:client-D47EFDF0E133->5d71e5de-6d45-4480-a1f1-d41cc2d38630@group-C6AEA7A4B82B, cid=3318, SUCCESS, logIndex=5501, commits[5d71e5de-6d45-4480-a1f1-d41cc2d38630:c5501]
2019-06-13 13:50:46,269 INFO  client.GrpcClientProtocolClient (GrpcClientProtocolClient.java:onNext(254)) - client-D47EFDF0E133->5d71e5de-6d45-4480-a1f1-d41cc2d38630: receive RaftClientReply:client-D47EFDF0E133->5d71e5de-6d45-4480-a1f1-d41cc2d38630@group-C6AEA7A4B82B, cid=3319, SUCCESS, logIndex=5502, commits[5d71e5de-6d45-4480-a1f1-d41cc2d38630:c5504]
2019-06-13 13:50:46,269 INFO  client.GrpcClientProtocolClient (GrpcClientProtocolClient.java:onNext(254)) - client-D47EFDF0E133->5d71e5de-6d45-4480-a1f1-d41cc2d38630: receive RaftClientReply:client-D47EFDF0E133->5d71e5de-6d45-4480-a1f1-d41cc2d38630@group-C6AEA7A4B82B, cid=3320, SUCCESS, logIndex=5503, commits[5d71e5de-6d45-4480-a1f1-d41cc2d38630:c5504]
2019-06-13 13:50:46,278 INFO  client.GrpcClientProtocolClient (GrpcClientProtocolClient.java:onNext(254)) - client-D47EFDF0E133->5d71e5de-6d45-4480-a1f1-d41cc2d38630: receive RaftClientReply:client-D47EFDF0E133->5d71e5de-6d45-4480-a1f1-d41cc2d38630@group-C6AEA7A4B82B, cid=3321, SUCCESS, logIndex=5505, commits[5d71e5de-6d45-4480-a1f1-d41cc2d38630:c5505]
2019-06-13 13:50:46,280 INFO  client.GrpcClientProtocolClient (GrpcClientProtocolClient.java:onNext(254)) - client-D47EFDF0E133->5d71e5de-6d45-4480-a1f1-d41cc2d38630: receive RaftClientReply:client-D47EFDF0E133->5d71e5de-6d45-4480-a1f1-d41cc2d38630@group-C6AEA7A4B82B, cid=3322, SUCCESS, logIndex=5507, commits[5d71e5de-6d45-4480-a1f1-d41cc2d38630:c5507]
2019-06-13 13:50:46,280 INFO  client.GrpcClientProtocolClient (GrpcClientProtocolClient.java:onNext(254)) - client-D47EFDF0E133->5d71e5de-6d45-4480-a1f1-d41cc2d38630: receive RaftClientReply:client-D47EFDF0E133->5d71e5de-6d45-4480-a1f1-d41cc2d38630@group-C6AEA7A4B82B, cid=3323, SUCCESS, logIndex=5508, commits[5d71e5de-6d45-4480-a1f1-d41cc2d38630:c5510]
2019-06-13 13:50:46,281 INFO  client.GrpcClientProtocolClient (GrpcClientProtocolClient.java:onNext(254)) - client-D47EFDF0E133->5d71e5de-6d45-4480-a1f1-d41cc2d38630: receive RaftClientReply:client-D47EFDF0E133->5d71e5de-6d45-4480-a1f1-d41cc2d38630@group-C6AEA7A4B82B, cid=3324, SUCCESS, logIndex=5509, commits[5d71e5de-6d45-4480-a1f1-d41cc2d38630:c5510]
2019-06-13 13:50:46,285 INFO  client.GrpcClientProtocolClient (GrpcClientProtocolClient.java:onNext(254)) - client-D47EFDF0E133->5d71e5de-6d45-4480-a1f1-d41cc2d38630: receive RaftClientReply:client-D47EFDF0E133->5d71e5de-6d45-4480-a1f1-d41cc2d38630@group-C6AEA7A4B82B, cid=3325, SUCCESS, logIndex=5511, commits[5d71e5de-6d45-4480-a1f1-d41cc2d38630:c5511]
2019-06-13 13:50:46,290 DEBUG block.SCMBlockDeletingService (SCMBlockDeletingService.java:call(138)) - Running DeletedBlockTransactionScanner
2019-06-13 13:50:46,290 INFO  client.GrpcClientProtocolClient (GrpcClientProtocolClient.java:onNext(254)) - client-D47EFDF0E133->5d71e5de-6d45-4480-a1f1-d41cc2d38630: receive RaftClientReply:client-D47EFDF0E133->5d71e5de-6d45-4480-a1f1-d41cc2d38630@group-C6AEA7A4B82B, cid=3326, SUCCESS, logIndex=5513, commits[5d71e5de-6d45-4480-a1f1-d41cc2d38630:c5513]
2019-06-13 13:50:46,290 DEBUG block.SCMBlockDeletingService (SCMBlockDeletingService.java:call(155)) - Scanned deleted blocks log and got 0 delTX to process.
2019-06-13 13:50:46,290 INFO  client.GrpcClientProtocolClient (GrpcClientProtocolClient.java:onNext(254)) - client-D47EFDF0E133->5d71e5de-6d45-4480-a1f1-d41cc2d38630: receive RaftClientReply:client-D47EFDF0E133->5d71e5de-6d45-4480-a1f1-d41cc2d38630@group-C6AEA7A4B82B, cid=3327, SUCCESS, logIndex=5514, commits[5d71e5de-6d45-4480-a1f1-d41cc2d38630:c5516]
2019-06-13 13:50:46,290 INFO  client.GrpcClientProtocolClient (GrpcClientProtocolClient.java:onNext(254)) - client-D47EFDF0E133->5d71e5de-6d45-4480-a1f1-d41cc2d38630: receive RaftClientReply:client-D47EFDF0E133->5d71e5de-6d45-4480-a1f1-d41cc2d38630@group-C6AEA7A4B82B, cid=3328, SUCCESS, logIndex=5515, commits[5d71e5de-6d45-4480-a1f1-d41cc2d38630:c5516]
2019-06-13 13:50:46,301 INFO  client.GrpcClientProtocolClient (GrpcClientProtocolClient.java:onNext(254)) - client-D47EFDF0E133->5d71e5de-6d45-4480-a1f1-d41cc2d38630: receive RaftClientReply:client-D47EFDF0E133->5d71e5de-6d45-4480-a1f1-d41cc2d38630@group-C6AEA7A4B82B, cid=3329, SUCCESS, logIndex=5517, commits[5d71e5de-6d45-4480-a1f1-d41cc2d38630:c5517]
2019-06-13 13:50:46,302 INFO  client.GrpcClientProtocolClient (GrpcClientProtocolClient.java:onNext(254)) - client-D47EFDF0E133->5d71e5de-6d45-4480-a1f1-d41cc2d38630: receive RaftClientReply:client-D47EFDF0E133->5d71e5de-6d45-4480-a1f1-d41cc2d38630@group-C6AEA7A4B82B, cid=3330, SUCCESS, logIndex=5519, commits[5d71e5de-6d45-4480-a1f1-d41cc2d38630:c5519]
2019-06-13 13:50:46,304 INFO  client.GrpcClientProtocolClient (GrpcClientProtocolClient.java:onNext(254)) - client-D47EFDF0E133->5d71e5de-6d45-4480-a1f1-d41cc2d38630: receive RaftClientReply:client-D47EFDF0E133->5d71e5de-6d45-4480-a1f1-d41cc2d38630@group-C6AEA7A4B82B, cid=3331, SUCCESS, logIndex=5521, commits[5d71e5de-6d45-4480-a1f1-d41cc2d38630:c5522]
2019-06-13 13:50:46,305 INFO  client.GrpcClientProtocolClient (GrpcClientProtocolClient.java:onNext(254)) - client-D47EFDF0E133->5d71e5de-6d45-4480-a1f1-d41cc2d38630: receive RaftClientReply:client-D47EFDF0E133->5d71e5de-6d45-4480-a1f1-d41cc2d38630@group-C6AEA7A4B82B, cid=3332, SUCCESS, logIndex=5522, commits[5d71e5de-6d45-4480-a1f1-d41cc2d38630:c5522]
2019-06-13 13:50:46,309 INFO  client.GrpcClientProtocolClient (GrpcClientProtocolClient.java:onNext(254)) - client-D47EFDF0E133->5d71e5de-6d45-4480-a1f1-d41cc2d38630: receive RaftClientReply:client-D47EFDF0E133->5d71e5de-6d45-4480-a1f1-d41cc2d38630@group-C6AEA7A4B82B, cid=3333, SUCCESS, logIndex=5524, commits[5d71e5de-6d45-4480-a1f1-d41cc2d38630:c5524]
2019-06-13 13:50:46,312 INFO  client.GrpcClientProtocolClient (GrpcClientProtocolClient.java:onNext(254)) - client-D47EFDF0E133->5d71e5de-6d45-4480-a1f1-d41cc2d38630: receive RaftClientReply:client-D47EFDF0E133->5d71e5de-6d45-4480-a1f1-d41cc2d38630@group-C6AEA7A4B82B, cid=3334, SUCCESS, logIndex=5526, commits[5d71e5de-6d45-4480-a1f1-d41cc2d38630:c5528]
2019-06-13 13:50:46,314 INFO  client.GrpcClientProtocolClient (GrpcClientProtocolClient.java:onNext(254)) - client-D47EFDF0E133->5d71e5de-6d45-4480-a1f1-d41cc2d38630: receive RaftClientReply:client-D47EFDF0E133->5d71e5de-6d45-4480-a1f1-d41cc2d38630@group-C6AEA7A4B82B, cid=3335, SUCCESS, logIndex=5527, commits[5d71e5de-6d45-4480-a1f1-d41cc2d38630:c5528]
2019-06-13 13:50:46,314 INFO  client.GrpcClientProtocolClient (GrpcClientProtocolClient.java:onNext(254)) - client-D47EFDF0E133->5d71e5de-6d45-4480-a1f1-d41cc2d38630: receive RaftClientReply:client-D47EFDF0E133->5d71e5de-6d45-4480-a1f1-d41cc2d38630@group-C6AEA7A4B82B, cid=3336, SUCCESS, logIndex=5528, commits[5d71e5de-6d45-4480-a1f1-d41cc2d38630:c5529]
2019-06-13 13:50:46,324 INFO  client.GrpcClientProtocolClient (GrpcClientProtocolClient.java:onNext(254)) - client-D47EFDF0E133->5d71e5de-6d45-4480-a1f1-d41cc2d38630: receive RaftClientReply:client-D47EFDF0E133->5d71e5de-6d45-4480-a1f1-d41cc2d38630@group-C6AEA7A4B82B, cid=3337, SUCCESS, logIndex=5530, commits[5d71e5de-6d45-4480-a1f1-d41cc2d38630:c5530]
2019-06-13 13:50:46,326 INFO  client.GrpcClientProtocolClient (GrpcClientProtocolClient.java:onNext(254)) - client-D47EFDF0E133->5d71e5de-6d45-4480-a1f1-d41cc2d38630: receive RaftClientReply:client-D47EFDF0E133->5d71e5de-6d45-4480-a1f1-d41cc2d38630@group-C6AEA7A4B82B, cid=3338, SUCCESS, logIndex=5532, commits[5d71e5de-6d45-4480-a1f1-d41cc2d38630:c5532]
2019-06-13 13:50:46,327 INFO  client.GrpcClientProtocolClient (GrpcClientProtocolClient.java:onNext(254)) - client-D47EFDF0E133->5d71e5de-6d45-4480-a1f1-d41cc2d38630: receive RaftClientReply:client-D47EFDF0E133->5d71e5de-6d45-4480-a1f1-d41cc2d38630@group-C6AEA7A4B82B, cid=3339, SUCCESS, logIndex=5533, commits[5d71e5de-6d45-4480-a1f1-d41cc2d38630:c5535]
2019-06-13 13:50:46,327 INFO  client.GrpcClientProtocolClient (GrpcClientProtocolClient.java:onNext(254)) - client-D47EFDF0E133->5d71e5de-6d45-4480-a1f1-d41cc2d38630: receive RaftClientReply:client-D47EFDF0E133->5d71e5de-6d45-4480-a1f1-d41cc2d38630@group-C6AEA7A4B82B, cid=3340, SUCCESS, logIndex=5534, commits[5d71e5de-6d45-4480-a1f1-d41cc2d38630:c5535]
2019-06-13 13:50:46,332 INFO  client.GrpcClientProtocolClient (GrpcClientProtocolClient.java:onNext(254)) - client-D47EFDF0E133->5d71e5de-6d45-4480-a1f1-d41cc2d38630: receive RaftClientReply:client-D47EFDF0E133->5d71e5de-6d45-4480-a1f1-d41cc2d38630@group-C6AEA7A4B82B, cid=3341, SUCCESS, logIndex=5536, commits[5d71e5de-6d45-4480-a1f1-d41cc2d38630:c5536]
2019-06-13 13:50:46,333 INFO  client.GrpcClientProtocolClient (GrpcClientProtocolClient.java:onNext(254)) - client-D47EFDF0E133->5d71e5de-6d45-4480-a1f1-d41cc2d38630: receive RaftClientReply:client-D47EFDF0E133->5d71e5de-6d45-4480-a1f1-d41cc2d38630@group-C6AEA7A4B82B, cid=3342, SUCCESS, logIndex=5538, commits[5d71e5de-6d45-4480-a1f1-d41cc2d38630:c5538]
2019-06-13 13:50:46,334 INFO  client.GrpcClientProtocolClient (GrpcClientProtocolClient.java:onNext(254)) - client-D47EFDF0E133->5d71e5de-6d45-4480-a1f1-d41cc2d38630: receive RaftClientReply:client-D47EFDF0E133->5d71e5de-6d45-4480-a1f1-d41cc2d38630@group-C6AEA7A4B82B, cid=3343, SUCCESS, logIndex=5539, commits[5d71e5de-6d45-4480-a1f1-d41cc2d38630:c5541]
2019-06-13 13:50:46,334 INFO  client.GrpcClientProtocolClient (GrpcClientProtocolClient.java:onNext(254)) - client-D47EFDF0E133->5d71e5de-6d45-4480-a1f1-d41cc2d38630: receive RaftClientReply:client-D47EFDF0E133->5d71e5de-6d45-4480-a1f1-d41cc2d38630@group-C6AEA7A4B82B, cid=3344, SUCCESS, logIndex=5540, commits[5d71e5de-6d45-4480-a1f1-d41cc2d38630:c5541]
2019-06-13 13:50:46,344 INFO  client.GrpcClientProtocolClient (GrpcClientProtocolClient.java:onNext(254)) - client-D47EFDF0E133->5d71e5de-6d45-4480-a1f1-d41cc2d38630: receive RaftClientReply:client-D47EFDF0E133->5d71e5de-6d45-4480-a1f1-d41cc2d38630@group-C6AEA7A4B82B, cid=3345, SUCCESS, logIndex=5542, commits[5d71e5de-6d45-4480-a1f1-d41cc2d38630:c5542]
2019-06-13 13:50:46,345 INFO  client.GrpcClientProtocolClient (GrpcClientProtocolClient.java:onNext(254)) - client-D47EFDF0E133->5d71e5de-6d45-4480-a1f1-d41cc2d38630: receive RaftClientReply:client-D47EFDF0E133->5d71e5de-6d45-4480-a1f1-d41cc2d38630@group-C6AEA7A4B82B, cid=3346, SUCCESS, logIndex=5544, commits[5d71e5de-6d45-4480-a1f1-d41cc2d38630:c5544]
2019-06-13 13:50:46,347 INFO  client.GrpcClientProtocolClient (GrpcClientProtocolClient.java:onNext(254)) - client-D47EFDF0E133->5d71e5de-6d45-4480-a1f1-d41cc2d38630: receive RaftClientReply:client-D47EFDF0E133->5d71e5de-6d45-4480-a1f1-d41cc2d38630@group-C6AEA7A4B82B, cid=3347, SUCCESS, logIndex=5545, commits[5d71e5de-6d45-4480-a1f1-d41cc2d38630:c5547]
2019-06-13 13:50:46,347 INFO  client.GrpcClientProtocolClient (GrpcClientProtocolClient.java:onNext(254)) - client-D47EFDF0E133->5d71e5de-6d45-4480-a1f1-d41cc2d38630: receive RaftClientReply:client-D47EFDF0E133->5d71e5de-6d45-4480-a1f1-d41cc2d38630@group-C6AEA7A4B82B, cid=3348, SUCCESS, logIndex=5546, commits[5d71e5de-6d45-4480-a1f1-d41cc2d38630:c5547]
2019-06-13 13:50:46,352 INFO  client.GrpcClientProtocolClient (GrpcClientProtocolClient.java:onNext(254)) - client-D47EFDF0E133->5d71e5de-6d45-4480-a1f1-d41cc2d38630: receive RaftClientReply:client-D47EFDF0E133->5d71e5de-6d45-4480-a1f1-d41cc2d38630@group-C6AEA7A4B82B, cid=3349, SUCCESS, logIndex=5548, commits[5d71e5de-6d45-4480-a1f1-d41cc2d38630:c5548]
2019-06-13 13:50:46,353 INFO  client.GrpcClientProtocolClient (GrpcClientProtocolClient.java:onNext(254)) - client-D47EFDF0E133->5d71e5de-6d45-4480-a1f1-d41cc2d38630: receive RaftClientReply:client-D47EFDF0E133->5d71e5de-6d45-4480-a1f1-d41cc2d38630@group-C6AEA7A4B82B, cid=3350, SUCCESS, logIndex=5550, commits[5d71e5de-6d45-4480-a1f1-d41cc2d38630:c5550]
2019-06-13 13:50:46,354 INFO  client.GrpcClientProtocolClient (GrpcClientProtocolClient.java:onNext(254)) - client-D47EFDF0E133->5d71e5de-6d45-4480-a1f1-d41cc2d38630: receive RaftClientReply:client-D47EFDF0E133->5d71e5de-6d45-4480-a1f1-d41cc2d38630@group-C6AEA7A4B82B, cid=3351, SUCCESS, logIndex=5551, commits[5d71e5de-6d45-4480-a1f1-d41cc2d38630:c5553]
2019-06-13 13:50:46,354 INFO  client.GrpcClientProtocolClient (GrpcClientProtocolClient.java:onNext(254)) - client-D47EFDF0E133->5d71e5de-6d45-4480-a1f1-d41cc2d38630: receive RaftClientReply:client-D47EFDF0E133->5d71e5de-6d45-4480-a1f1-d41cc2d38630@group-C6AEA7A4B82B, cid=3352, SUCCESS, logIndex=5552, commits[5d71e5de-6d45-4480-a1f1-d41cc2d38630:c5553]
2019-06-13 13:50:46,363 INFO  client.GrpcClientProtocolClient (GrpcClientProtocolClient.java:onNext(254)) - client-D47EFDF0E133->5d71e5de-6d45-4480-a1f1-d41cc2d38630: receive RaftClientReply:client-D47EFDF0E133->5d71e5de-6d45-4480-a1f1-d41cc2d38630@group-C6AEA7A4B82B, cid=3353, SUCCESS, logIndex=5554, commits[5d71e5de-6d45-4480-a1f1-d41cc2d38630:c5554]
2019-06-13 13:50:46,363 INFO  storage.RaftLogWorker (RaftLogWorker.java:rollLogSegment(303)) - 5d71e5de-6d45-4480-a1f1-d41cc2d38630-RaftLogWorker: Rolling segment log-5489_5556 to index:5556
2019-06-13 13:50:46,364 INFO  storage.RaftLogWorker (RaftLogWorker.java:execute(433)) - 5d71e5de-6d45-4480-a1f1-d41cc2d38630-RaftLogWorker: Rolled log segment from /opt/src/hadoop-ozone/integration-test/target/test-dir/MiniOzoneClusterImpl-c05bfa39-b333-4767-bc96-5a78f3430938/datanode-0/data/ratis/3aee30eb-3db1-472a-b851-c6aea7a4b82b/current/log_inprogress_5489 to /opt/src/hadoop-ozone/integration-test/target/test-dir/MiniOzoneClusterImpl-c05bfa39-b333-4767-bc96-5a78f3430938/datanode-0/data/ratis/3aee30eb-3db1-472a-b851-c6aea7a4b82b/current/log_5489-5556
2019-06-13 13:50:46,364 INFO  client.GrpcClientProtocolClient (GrpcClientProtocolClient.java:onNext(254)) - client-D47EFDF0E133->5d71e5de-6d45-4480-a1f1-d41cc2d38630: receive RaftClientReply:client-D47EFDF0E133->5d71e5de-6d45-4480-a1f1-d41cc2d38630@group-C6AEA7A4B82B, cid=3354, SUCCESS, logIndex=5556, commits[5d71e5de-6d45-4480-a1f1-d41cc2d38630:c5556]
2019-06-13 13:50:46,390 DEBUG block.SCMBlockDeletingService (SCMBlockDeletingService.java:call(138)) - Running DeletedBlockTransactionScanner
2019-06-13 13:50:46,390 DEBUG block.SCMBlockDeletingService (SCMBlockDeletingService.java:call(155)) - Scanned deleted blocks log and got 0 delTX to process.
2019-06-13 13:50:46,399 INFO  storage.RaftLogWorker (RaftLogWorker.java:execute(469)) - 5d71e5de-6d45-4480-a1f1-d41cc2d38630-RaftLogWorker: created new log segment /opt/src/hadoop-ozone/integration-test/target/test-dir/MiniOzoneClusterImpl-c05bfa39-b333-4767-bc96-5a78f3430938/datanode-0/data/ratis/3aee30eb-3db1-472a-b851-c6aea7a4b82b/current/log_inprogress_5557
2019-06-13 13:50:46,401 INFO  client.GrpcClientProtocolClient (GrpcClientProtocolClient.java:onNext(254)) - client-D47EFDF0E133->5d71e5de-6d45-4480-a1f1-d41cc2d38630: receive RaftClientReply:client-D47EFDF0E133->5d71e5de-6d45-4480-a1f1-d41cc2d38630@group-C6AEA7A4B82B, cid=3355, SUCCESS, logIndex=5557, commits[5d71e5de-6d45-4480-a1f1-d41cc2d38630:c5559]
2019-06-13 13:50:46,401 INFO  client.GrpcClientProtocolClient (GrpcClientProtocolClient.java:onNext(254)) - client-D47EFDF0E133->5d71e5de-6d45-4480-a1f1-d41cc2d38630: receive RaftClientReply:client-D47EFDF0E133->5d71e5de-6d45-4480-a1f1-d41cc2d38630@group-C6AEA7A4B82B, cid=3356, SUCCESS, logIndex=5559, commits[5d71e5de-6d45-4480-a1f1-d41cc2d38630:c5559]
2019-06-13 13:50:46,407 INFO  client.GrpcClientProtocolClient (GrpcClientProtocolClient.java:onNext(254)) - client-D47EFDF0E133->5d71e5de-6d45-4480-a1f1-d41cc2d38630: receive RaftClientReply:client-D47EFDF0E133->5d71e5de-6d45-4480-a1f1-d41cc2d38630@group-C6AEA7A4B82B, cid=3357, SUCCESS, logIndex=5561, commits[5d71e5de-6d45-4480-a1f1-d41cc2d38630:c5561]
2019-06-13 13:50:46,408 INFO  client.GrpcClientProtocolClient (GrpcClientProtocolClient.java:onNext(254)) - client-D47EFDF0E133->5d71e5de-6d45-4480-a1f1-d41cc2d38630: receive RaftClientReply:client-D47EFDF0E133->5d71e5de-6d45-4480-a1f1-d41cc2d38630@group-C6AEA7A4B82B, cid=3358, SUCCESS, logIndex=5563, commits[5d71e5de-6d45-4480-a1f1-d41cc2d38630:c5563]
2019-06-13 13:50:46,475 INFO  client.GrpcClientProtocolClient (GrpcClientProtocolClient.java:onNext(254)) - client-D47EFDF0E133->5d71e5de-6d45-4480-a1f1-d41cc2d38630: receive RaftClientReply:client-D47EFDF0E133->5d71e5de-6d45-4480-a1f1-d41cc2d38630@group-C6AEA7A4B82B, cid=3359, SUCCESS, logIndex=5565, commits[5d71e5de-6d45-4480-a1f1-d41cc2d38630:c5565]
2019-06-13 13:50:46,476 INFO  client.GrpcClientProtocolClient (GrpcClientProtocolClient.java:onNext(254)) - client-D47EFDF0E133->5d71e5de-6d45-4480-a1f1-d41cc2d38630: receive RaftClientReply:client-D47EFDF0E133->5d71e5de-6d45-4480-a1f1-d41cc2d38630@group-C6AEA7A4B82B, cid=3360, SUCCESS, logIndex=5567, commits[5d71e5de-6d45-4480-a1f1-d41cc2d38630:c5567]
2019-06-13 13:50:46,485 INFO  client.GrpcClientProtocolClient (GrpcClientProtocolClient.java:onNext(254)) - client-D47EFDF0E133->5d71e5de-6d45-4480-a1f1-d41cc2d38630: receive RaftClientReply:client-D47EFDF0E133->5d71e5de-6d45-4480-a1f1-d41cc2d38630@group-C6AEA7A4B82B, cid=3361, SUCCESS, logIndex=5569, commits[5d71e5de-6d45-4480-a1f1-d41cc2d38630:c5569]
2019-06-13 13:50:46,486 INFO  client.GrpcClientProtocolClient (GrpcClientProtocolClient.java:onNext(254)) - client-D47EFDF0E133->5d71e5de-6d45-4480-a1f1-d41cc2d38630: receive RaftClientReply:client-D47EFDF0E133->5d71e5de-6d45-4480-a1f1-d41cc2d38630@group-C6AEA7A4B82B, cid=3362, SUCCESS, logIndex=5571, commits[5d71e5de-6d45-4480-a1f1-d41cc2d38630:c5571]
2019-06-13 13:50:46,489 INFO  client.GrpcClientProtocolClient (GrpcClientProtocolClient.java:onNext(254)) - client-D47EFDF0E133->5d71e5de-6d45-4480-a1f1-d41cc2d38630: receive RaftClientReply:client-D47EFDF0E133->5d71e5de-6d45-4480-a1f1-d41cc2d38630@group-C6AEA7A4B82B, cid=3363, SUCCESS, logIndex=5572, commits[5d71e5de-6d45-4480-a1f1-d41cc2d38630:c5574]
2019-06-13 13:50:46,490 INFO  client.GrpcClientProtocolClient (GrpcClientProtocolClient.java:onNext(254)) - client-D47EFDF0E133->5d71e5de-6d45-4480-a1f1-d41cc2d38630: receive RaftClientReply:client-D47EFDF0E133->5d71e5de-6d45-4480-a1f1-d41cc2d38630@group-C6AEA7A4B82B, cid=3364, SUCCESS, logIndex=5573, commits[5d71e5de-6d45-4480-a1f1-d41cc2d38630:c5574]
2019-06-13 13:50:46,490 DEBUG block.SCMBlockDeletingService (SCMBlockDeletingService.java:call(138)) - Running DeletedBlockTransactionScanner
2019-06-13 13:50:46,491 DEBUG block.SCMBlockDeletingService (SCMBlockDeletingService.java:call(155)) - Scanned deleted blocks log and got 0 delTX to process.
2019-06-13 13:50:46,495 INFO  client.GrpcClientProtocolClient (GrpcClientProtocolClient.java:onNext(254)) - client-D47EFDF0E133->5d71e5de-6d45-4480-a1f1-d41cc2d38630: receive RaftClientReply:client-D47EFDF0E133->5d71e5de-6d45-4480-a1f1-d41cc2d38630@group-C6AEA7A4B82B, cid=3365, SUCCESS, logIndex=5575, commits[5d71e5de-6d45-4480-a1f1-d41cc2d38630:c5575]
2019-06-13 13:50:46,497 INFO  client.GrpcClientProtocolClient (GrpcClientProtocolClient.java:onNext(254)) - client-D47EFDF0E133->5d71e5de-6d45-4480-a1f1-d41cc2d38630: receive RaftClientReply:client-D47EFDF0E133->5d71e5de-6d45-4480-a1f1-d41cc2d38630@group-C6AEA7A4B82B, cid=3366, SUCCESS, logIndex=5577, commits[5d71e5de-6d45-4480-a1f1-d41cc2d38630:c5577]
2019-06-13 13:50:46,498 INFO  client.GrpcClientProtocolClient (GrpcClientProtocolClient.java:onNext(254)) - client-D47EFDF0E133->5d71e5de-6d45-4480-a1f1-d41cc2d38630: receive RaftClientReply:client-D47EFDF0E133->5d71e5de-6d45-4480-a1f1-d41cc2d38630@group-C6AEA7A4B82B, cid=3367, SUCCESS, logIndex=5578, commits[5d71e5de-6d45-4480-a1f1-d41cc2d38630:c5578]
2019-06-13 13:50:46,498 INFO  client.GrpcClientProtocolClient (GrpcClientProtocolClient.java:onNext(254)) - client-D47EFDF0E133->5d71e5de-6d45-4480-a1f1-d41cc2d38630: receive RaftClientReply:client-D47EFDF0E133->5d71e5de-6d45-4480-a1f1-d41cc2d38630@group-C6AEA7A4B82B, cid=3368, SUCCESS, logIndex=5580, commits[5d71e5de-6d45-4480-a1f1-d41cc2d38630:c5580]
2019-06-13 13:50:46,508 INFO  client.GrpcClientProtocolClient (GrpcClientProtocolClient.java:onNext(254)) - client-D47EFDF0E133->5d71e5de-6d45-4480-a1f1-d41cc2d38630: receive RaftClientReply:client-D47EFDF0E133->5d71e5de-6d45-4480-a1f1-d41cc2d38630@group-C6AEA7A4B82B, cid=3369, SUCCESS, logIndex=5583, commits[5d71e5de-6d45-4480-a1f1-d41cc2d38630:c5583]
2019-06-13 13:50:46,509 INFO  client.GrpcClientProtocolClient (GrpcClientProtocolClient.java:onNext(254)) - client-D47EFDF0E133->5d71e5de-6d45-4480-a1f1-d41cc2d38630: receive RaftClientReply:client-D47EFDF0E133->5d71e5de-6d45-4480-a1f1-d41cc2d38630@group-C6AEA7A4B82B, cid=3370, SUCCESS, logIndex=5585, commits[5d71e5de-6d45-4480-a1f1-d41cc2d38630:c5585]
2019-06-13 13:50:46,510 INFO  client.GrpcClientProtocolClient (GrpcClientProtocolClient.java:onNext(254)) - client-D47EFDF0E133->5d71e5de-6d45-4480-a1f1-d41cc2d38630: receive RaftClientReply:client-D47EFDF0E133->5d71e5de-6d45-4480-a1f1-d41cc2d38630@group-C6AEA7A4B82B, cid=3371, SUCCESS, logIndex=5586, commits[5d71e5de-6d45-4480-a1f1-d41cc2d38630:c5588]
2019-06-13 13:50:46,510 INFO  client.GrpcClientProtocolClient (GrpcClientProtocolClient.java:onNext(254)) - client-D47EFDF0E133->5d71e5de-6d45-4480-a1f1-d41cc2d38630: receive RaftClientReply:client-D47EFDF0E133->5d71e5de-6d45-4480-a1f1-d41cc2d38630@group-C6AEA7A4B82B, cid=3372, SUCCESS, logIndex=5587, commits[5d71e5de-6d45-4480-a1f1-d41cc2d38630:c5588]
2019-06-13 13:50:46,562 INFO  client.GrpcClientProtocolClient (GrpcClientProtocolClient.java:onNext(254)) - client-D47EFDF0E133->5d71e5de-6d45-4480-a1f1-d41cc2d38630: receive RaftClientReply:client-D47EFDF0E133->5d71e5de-6d45-4480-a1f1-d41cc2d38630@group-C6AEA7A4B82B, cid=3373, SUCCESS, logIndex=5589, commits[5d71e5de-6d45-4480-a1f1-d41cc2d38630:c5589]
2019-06-13 13:50:46,563 INFO  client.GrpcClientProtocolClient (GrpcClientProtocolClient.java:onNext(254)) - client-D47EFDF0E133->5d71e5de-6d45-4480-a1f1-d41cc2d38630: receive RaftClientReply:client-D47EFDF0E133->5d71e5de-6d45-4480-a1f1-d41cc2d38630@group-C6AEA7A4B82B, cid=3374, SUCCESS, logIndex=5591, commits[5d71e5de-6d45-4480-a1f1-d41cc2d38630:c5591]
2019-06-13 13:50:46,564 INFO  client.GrpcClientProtocolClient (GrpcClientProtocolClient.java:onNext(254)) - client-D47EFDF0E133->5d71e5de-6d45-4480-a1f1-d41cc2d38630: receive RaftClientReply:client-D47EFDF0E133->5d71e5de-6d45-4480-a1f1-d41cc2d38630@group-C6AEA7A4B82B, cid=3375, SUCCESS, logIndex=5592, commits[5d71e5de-6d45-4480-a1f1-d41cc2d38630:c5594]
2019-06-13 13:50:46,565 INFO  client.GrpcClientProtocolClient (GrpcClientProtocolClient.java:onNext(254)) - client-D47EFDF0E133->5d71e5de-6d45-4480-a1f1-d41cc2d38630: receive RaftClientReply:client-D47EFDF0E133->5d71e5de-6d45-4480-a1f1-d41cc2d38630@group-C6AEA7A4B82B, cid=3376, SUCCESS, logIndex=5593, commits[5d71e5de-6d45-4480-a1f1-d41cc2d38630:c5594]
2019-06-13 13:50:46,576 INFO  client.GrpcClientProtocolClient (GrpcClientProtocolClient.java:onNext(254)) - client-D47EFDF0E133->5d71e5de-6d45-4480-a1f1-d41cc2d38630: receive RaftClientReply:client-D47EFDF0E133->5d71e5de-6d45-4480-a1f1-d41cc2d38630@group-C6AEA7A4B82B, cid=3377, SUCCESS, logIndex=5595, commits[5d71e5de-6d45-4480-a1f1-d41cc2d38630:c5595]
2019-06-13 13:50:46,578 INFO  client.GrpcClientProtocolClient (GrpcClientProtocolClient.java:onNext(254)) - client-D47EFDF0E133->5d71e5de-6d45-4480-a1f1-d41cc2d38630: receive RaftClientReply:client-D47EFDF0E133->5d71e5de-6d45-4480-a1f1-d41cc2d38630@group-C6AEA7A4B82B, cid=3378, SUCCESS, logIndex=5597, commits[5d71e5de-6d45-4480-a1f1-d41cc2d38630:c5597]
2019-06-13 13:50:46,579 INFO  client.GrpcClientProtocolClient (GrpcClientProtocolClient.java:onNext(254)) - client-D47EFDF0E133->5d71e5de-6d45-4480-a1f1-d41cc2d38630: receive RaftClientReply:client-D47EFDF0E133->5d71e5de-6d45-4480-a1f1-d41cc2d38630@group-C6AEA7A4B82B, cid=3379, SUCCESS, logIndex=5598, commits[5d71e5de-6d45-4480-a1f1-d41cc2d38630:c5600]
2019-06-13 13:50:46,579 INFO  client.GrpcClientProtocolClient (GrpcClientProtocolClient.java:onNext(254)) - client-D47EFDF0E133->5d71e5de-6d45-4480-a1f1-d41cc2d38630: receive RaftClientReply:client-D47EFDF0E133->5d71e5de-6d45-4480-a1f1-d41cc2d38630@group-C6AEA7A4B82B, cid=3380, SUCCESS, logIndex=5600, commits[5d71e5de-6d45-4480-a1f1-d41cc2d38630:c5600]
2019-06-13 13:50:46,584 INFO  client.GrpcClientProtocolClient (GrpcClientProtocolClient.java:onNext(254)) - client-D47EFDF0E133->5d71e5de-6d45-4480-a1f1-d41cc2d38630: receive RaftClientReply:client-D47EFDF0E133->5d71e5de-6d45-4480-a1f1-d41cc2d38630@group-C6AEA7A4B82B, cid=3381, SUCCESS, logIndex=5602, commits[5d71e5de-6d45-4480-a1f1-d41cc2d38630:c5602]
2019-06-13 13:50:46,586 INFO  client.GrpcClientProtocolClient (GrpcClientProtocolClient.java:onNext(254)) - client-D47EFDF0E133->5d71e5de-6d45-4480-a1f1-d41cc2d38630: receive RaftClientReply:client-D47EFDF0E133->5d71e5de-6d45-4480-a1f1-d41cc2d38630@group-C6AEA7A4B82B, cid=3382, SUCCESS, logIndex=5604, commits[5d71e5de-6d45-4480-a1f1-d41cc2d38630:c5604]
2019-06-13 13:50:46,587 INFO  client.GrpcClientProtocolClient (GrpcClientProtocolClient.java:onNext(254)) - client-D47EFDF0E133->5d71e5de-6d45-4480-a1f1-d41cc2d38630: receive RaftClientReply:client-D47EFDF0E133->5d71e5de-6d45-4480-a1f1-d41cc2d38630@group-C6AEA7A4B82B, cid=3383, SUCCESS, logIndex=5605, commits[5d71e5de-6d45-4480-a1f1-d41cc2d38630:c5607]
2019-06-13 13:50:46,587 INFO  client.GrpcClientProtocolClient (GrpcClientProtocolClient.java:onNext(254)) - client-D47EFDF0E133->5d71e5de-6d45-4480-a1f1-d41cc2d38630: receive RaftClientReply:client-D47EFDF0E133->5d71e5de-6d45-4480-a1f1-d41cc2d38630@group-C6AEA7A4B82B, cid=3384, SUCCESS, logIndex=5606, commits[5d71e5de-6d45-4480-a1f1-d41cc2d38630:c5607]
2019-06-13 13:50:46,591 DEBUG block.SCMBlockDeletingService (SCMBlockDeletingService.java:call(138)) - Running DeletedBlockTransactionScanner
2019-06-13 13:50:46,591 DEBUG block.SCMBlockDeletingService (SCMBlockDeletingService.java:call(155)) - Scanned deleted blocks log and got 0 delTX to process.
2019-06-13 13:50:46,606 INFO  client.GrpcClientProtocolClient (GrpcClientProtocolClient.java:onNext(254)) - client-D47EFDF0E133->5d71e5de-6d45-4480-a1f1-d41cc2d38630: receive RaftClientReply:client-D47EFDF0E133->5d71e5de-6d45-4480-a1f1-d41cc2d38630@group-C6AEA7A4B82B, cid=3385, SUCCESS, logIndex=5608, commits[5d71e5de-6d45-4480-a1f1-d41cc2d38630:c5608]
2019-06-13 13:50:46,606 INFO  client.GrpcClientProtocolClient (GrpcClientProtocolClient.java:onNext(254)) - client-D47EFDF0E133->5d71e5de-6d45-4480-a1f1-d41cc2d38630: receive RaftClientReply:client-D47EFDF0E133->5d71e5de-6d45-4480-a1f1-d41cc2d38630@group-C6AEA7A4B82B, cid=3386, SUCCESS, logIndex=5610, commits[5d71e5de-6d45-4480-a1f1-d41cc2d38630:c5610]
2019-06-13 13:50:46,607 INFO  client.GrpcClientProtocolClient (GrpcClientProtocolClient.java:onNext(254)) - client-D47EFDF0E133->5d71e5de-6d45-4480-a1f1-d41cc2d38630: receive RaftClientReply:client-D47EFDF0E133->5d71e5de-6d45-4480-a1f1-d41cc2d38630@group-C6AEA7A4B82B, cid=3387, SUCCESS, logIndex=5611, commits[5d71e5de-6d45-4480-a1f1-d41cc2d38630:c5613]
2019-06-13 13:50:46,607 INFO  client.GrpcClientProtocolClient (GrpcClientProtocolClient.java:onNext(254)) - client-D47EFDF0E133->5d71e5de-6d45-4480-a1f1-d41cc2d38630: receive RaftClientReply:client-D47EFDF0E133->5d71e5de-6d45-4480-a1f1-d41cc2d38630@group-C6AEA7A4B82B, cid=3388, SUCCESS, logIndex=5612, commits[5d71e5de-6d45-4480-a1f1-d41cc2d38630:c5613]
2019-06-13 13:50:46,613 INFO  client.GrpcClientProtocolClient (GrpcClientProtocolClient.java:onNext(254)) - client-D47EFDF0E133->5d71e5de-6d45-4480-a1f1-d41cc2d38630: receive RaftClientReply:client-D47EFDF0E133->5d71e5de-6d45-4480-a1f1-d41cc2d38630@group-C6AEA7A4B82B, cid=3389, SUCCESS, logIndex=5614, commits[5d71e5de-6d45-4480-a1f1-d41cc2d38630:c5614]
2019-06-13 13:50:46,614 INFO  client.GrpcClientProtocolClient (GrpcClientProtocolClient.java:onNext(254)) - client-D47EFDF0E133->5d71e5de-6d45-4480-a1f1-d41cc2d38630: receive RaftClientReply:client-D47EFDF0E133->5d71e5de-6d45-4480-a1f1-d41cc2d38630@group-C6AEA7A4B82B, cid=3390, SUCCESS, logIndex=5616, commits[5d71e5de-6d45-4480-a1f1-d41cc2d38630:c5616]
2019-06-13 13:50:46,615 INFO  client.GrpcClientProtocolClient (GrpcClientProtocolClient.java:onNext(254)) - client-D47EFDF0E133->5d71e5de-6d45-4480-a1f1-d41cc2d38630: receive RaftClientReply:client-D47EFDF0E133->5d71e5de-6d45-4480-a1f1-d41cc2d38630@group-C6AEA7A4B82B, cid=3391, SUCCESS, logIndex=5617, commits[5d71e5de-6d45-4480-a1f1-d41cc2d38630:c5619]
2019-06-13 13:50:46,615 INFO  client.GrpcClientProtocolClient (GrpcClientProtocolClient.java:onNext(254)) - client-D47EFDF0E133->5d71e5de-6d45-4480-a1f1-d41cc2d38630: receive RaftClientReply:client-D47EFDF0E133->5d71e5de-6d45-4480-a1f1-d41cc2d38630@group-C6AEA7A4B82B, cid=3392, SUCCESS, logIndex=5618, commits[5d71e5de-6d45-4480-a1f1-d41cc2d38630:c5619]
2019-06-13 13:50:46,624 INFO  client.GrpcClientProtocolClient (GrpcClientProtocolClient.java:onNext(254)) - client-D47EFDF0E133->5d71e5de-6d45-4480-a1f1-d41cc2d38630: receive RaftClientReply:client-D47EFDF0E133->5d71e5de-6d45-4480-a1f1-d41cc2d38630@group-C6AEA7A4B82B, cid=3393, SUCCESS, logIndex=5620, commits[5d71e5de-6d45-4480-a1f1-d41cc2d38630:c5620]
2019-06-13 13:50:46,626 INFO  client.GrpcClientProtocolClient (GrpcClientProtocolClient.java:onNext(254)) - client-D47EFDF0E133->5d71e5de-6d45-4480-a1f1-d41cc2d38630: receive RaftClientReply:client-D47EFDF0E133->5d71e5de-6d45-4480-a1f1-d41cc2d38630@group-C6AEA7A4B82B, cid=3394, SUCCESS, logIndex=5622, commits[5d71e5de-6d45-4480-a1f1-d41cc2d38630:c5622]
2019-06-13 13:50:46,627 INFO  client.GrpcClientProtocolClient (GrpcClientProtocolClient.java:onNext(254)) - client-D47EFDF0E133->5d71e5de-6d45-4480-a1f1-d41cc2d38630: receive RaftClientReply:client-D47EFDF0E133->5d71e5de-6d45-4480-a1f1-d41cc2d38630@group-C6AEA7A4B82B, cid=3395, SUCCESS, logIndex=5623, commits[5d71e5de-6d45-4480-a1f1-d41cc2d38630:c5625]
2019-06-13 13:50:46,627 INFO  client.GrpcClientProtocolClient (GrpcClientProtocolClient.java:onNext(254)) - client-D47EFDF0E133->5d71e5de-6d45-4480-a1f1-d41cc2d38630: receive RaftClientReply:client-D47EFDF0E133->5d71e5de-6d45-4480-a1f1-d41cc2d38630@group-C6AEA7A4B82B, cid=3396, SUCCESS, logIndex=5624, commits[5d71e5de-6d45-4480-a1f1-d41cc2d38630:c5625]
2019-06-13 13:50:46,632 INFO  client.GrpcClientProtocolClient (GrpcClientProtocolClient.java:onNext(254)) - client-D47EFDF0E133->5d71e5de-6d45-4480-a1f1-d41cc2d38630: receive RaftClientReply:client-D47EFDF0E133->5d71e5de-6d45-4480-a1f1-d41cc2d38630@group-C6AEA7A4B82B, cid=3397, SUCCESS, logIndex=5626, commits[5d71e5de-6d45-4480-a1f1-d41cc2d38630:c5626]
2019-06-13 13:50:46,632 INFO  storage.RaftLogWorker (RaftLogWorker.java:rollLogSegment(303)) - 5d71e5de-6d45-4480-a1f1-d41cc2d38630-RaftLogWorker: Rolling segment log-5557_5627 to index:5627
2019-06-13 13:50:46,632 INFO  storage.RaftLogWorker (RaftLogWorker.java:execute(433)) - 5d71e5de-6d45-4480-a1f1-d41cc2d38630-RaftLogWorker: Rolled log segment from /opt/src/hadoop-ozone/integration-test/target/test-dir/MiniOzoneClusterImpl-c05bfa39-b333-4767-bc96-5a78f3430938/datanode-0/data/ratis/3aee30eb-3db1-472a-b851-c6aea7a4b82b/current/log_inprogress_5557 to /opt/src/hadoop-ozone/integration-test/target/test-dir/MiniOzoneClusterImpl-c05bfa39-b333-4767-bc96-5a78f3430938/datanode-0/data/ratis/3aee30eb-3db1-472a-b851-c6aea7a4b82b/current/log_5557-5627
2019-06-13 13:50:46,668 INFO  storage.RaftLogWorker (RaftLogWorker.java:execute(469)) - 5d71e5de-6d45-4480-a1f1-d41cc2d38630-RaftLogWorker: created new log segment /opt/src/hadoop-ozone/integration-test/target/test-dir/MiniOzoneClusterImpl-c05bfa39-b333-4767-bc96-5a78f3430938/datanode-0/data/ratis/3aee30eb-3db1-472a-b851-c6aea7a4b82b/current/log_inprogress_5628
2019-06-13 13:50:46,670 INFO  client.GrpcClientProtocolClient (GrpcClientProtocolClient.java:onNext(254)) - client-D47EFDF0E133->5d71e5de-6d45-4480-a1f1-d41cc2d38630: receive RaftClientReply:client-D47EFDF0E133->5d71e5de-6d45-4480-a1f1-d41cc2d38630@group-C6AEA7A4B82B, cid=3398, SUCCESS, logIndex=5628, commits[5d71e5de-6d45-4480-a1f1-d41cc2d38630:c5630]
2019-06-13 13:50:46,670 INFO  client.GrpcClientProtocolClient (GrpcClientProtocolClient.java:onNext(254)) - client-D47EFDF0E133->5d71e5de-6d45-4480-a1f1-d41cc2d38630: receive RaftClientReply:client-D47EFDF0E133->5d71e5de-6d45-4480-a1f1-d41cc2d38630@group-C6AEA7A4B82B, cid=3399, SUCCESS, logIndex=5629, commits[5d71e5de-6d45-4480-a1f1-d41cc2d38630:c5630]
2019-06-13 13:50:46,671 INFO  client.GrpcClientProtocolClient (GrpcClientProtocolClient.java:onNext(254)) - client-D47EFDF0E133->5d71e5de-6d45-4480-a1f1-d41cc2d38630: receive RaftClientReply:client-D47EFDF0E133->5d71e5de-6d45-4480-a1f1-d41cc2d38630@group-C6AEA7A4B82B, cid=3400, SUCCESS, logIndex=5630, commits[5d71e5de-6d45-4480-a1f1-d41cc2d38630:c5631]
2019-06-13 13:50:46,680 INFO  client.GrpcClientProtocolClient (GrpcClientProtocolClient.java:onNext(254)) - client-D47EFDF0E133->5d71e5de-6d45-4480-a1f1-d41cc2d38630: receive RaftClientReply:client-D47EFDF0E133->5d71e5de-6d45-4480-a1f1-d41cc2d38630@group-C6AEA7A4B82B, cid=3401, SUCCESS, logIndex=5632, commits[5d71e5de-6d45-4480-a1f1-d41cc2d38630:c5632]
2019-06-13 13:50:46,687 INFO  client.GrpcClientProtocolClient (GrpcClientProtocolClient.java:onNext(254)) - client-D47EFDF0E133->5d71e5de-6d45-4480-a1f1-d41cc2d38630: receive RaftClientReply:client-D47EFDF0E133->5d71e5de-6d45-4480-a1f1-d41cc2d38630@group-C6AEA7A4B82B, cid=3402, SUCCESS, logIndex=5634, commits[5d71e5de-6d45-4480-a1f1-d41cc2d38630:c5634]
2019-06-13 13:50:46,691 DEBUG block.SCMBlockDeletingService (SCMBlockDeletingService.java:call(138)) - Running DeletedBlockTransactionScanner
2019-06-13 13:50:46,691 DEBUG block.SCMBlockDeletingService (SCMBlockDeletingService.java:call(155)) - Scanned deleted blocks log and got 0 delTX to process.
2019-06-13 13:50:46,754 INFO  client.GrpcClientProtocolClient (GrpcClientProtocolClient.java:onNext(254)) - client-D47EFDF0E133->5d71e5de-6d45-4480-a1f1-d41cc2d38630: receive RaftClientReply:client-D47EFDF0E133->5d71e5de-6d45-4480-a1f1-d41cc2d38630@group-C6AEA7A4B82B, cid=3403, SUCCESS, logIndex=5636, commits[5d71e5de-6d45-4480-a1f1-d41cc2d38630:c5636]
2019-06-13 13:50:46,755 INFO  client.GrpcClientProtocolClient (GrpcClientProtocolClient.java:onNext(254)) - client-D47EFDF0E133->5d71e5de-6d45-4480-a1f1-d41cc2d38630: receive RaftClientReply:client-D47EFDF0E133->5d71e5de-6d45-4480-a1f1-d41cc2d38630@group-C6AEA7A4B82B, cid=3404, SUCCESS, logIndex=5638, commits[5d71e5de-6d45-4480-a1f1-d41cc2d38630:c5638]
2019-06-13 13:50:46,761 INFO  client.GrpcClientProtocolClient (GrpcClientProtocolClient.java:onNext(254)) - client-D47EFDF0E133->5d71e5de-6d45-4480-a1f1-d41cc2d38630: receive RaftClientReply:client-D47EFDF0E133->5d71e5de-6d45-4480-a1f1-d41cc2d38630@group-C6AEA7A4B82B, cid=3405, SUCCESS, logIndex=5640, commits[5d71e5de-6d45-4480-a1f1-d41cc2d38630:c5640]
2019-06-13 13:50:46,762 INFO  client.GrpcClientProtocolClient (GrpcClientProtocolClient.java:onNext(254)) - client-D47EFDF0E133->5d71e5de-6d45-4480-a1f1-d41cc2d38630: receive RaftClientReply:client-D47EFDF0E133->5d71e5de-6d45-4480-a1f1-d41cc2d38630@group-C6AEA7A4B82B, cid=3406, SUCCESS, logIndex=5642, commits[5d71e5de-6d45-4480-a1f1-d41cc2d38630:c5642]
2019-06-13 13:50:46,763 INFO  client.GrpcClientProtocolClient (GrpcClientProtocolClient.java:onNext(254)) - client-D47EFDF0E133->5d71e5de-6d45-4480-a1f1-d41cc2d38630: receive RaftClientReply:client-D47EFDF0E133->5d71e5de-6d45-4480-a1f1-d41cc2d38630@group-C6AEA7A4B82B, cid=3407, SUCCESS, logIndex=5643, commits[5d71e5de-6d45-4480-a1f1-d41cc2d38630:c5645]
2019-06-13 13:50:46,763 INFO  client.GrpcClientProtocolClient (GrpcClientProtocolClient.java:onNext(254)) - client-D47EFDF0E133->5d71e5de-6d45-4480-a1f1-d41cc2d38630: receive RaftClientReply:client-D47EFDF0E133->5d71e5de-6d45-4480-a1f1-d41cc2d38630@group-C6AEA7A4B82B, cid=3408, SUCCESS, logIndex=5644, commits[5d71e5de-6d45-4480-a1f1-d41cc2d38630:c5645]
2019-06-13 13:50:46,773 INFO  client.GrpcClientProtocolClient (GrpcClientProtocolClient.java:onNext(254)) - client-D47EFDF0E133->5d71e5de-6d45-4480-a1f1-d41cc2d38630: receive RaftClientReply:client-D47EFDF0E133->5d71e5de-6d45-4480-a1f1-d41cc2d38630@group-C6AEA7A4B82B, cid=3409, SUCCESS, logIndex=5646, commits[5d71e5de-6d45-4480-a1f1-d41cc2d38630:c5646]
2019-06-13 13:50:46,774 INFO  client.GrpcClientProtocolClient (GrpcClientProtocolClient.java:onNext(254)) - client-D47EFDF0E133->5d71e5de-6d45-4480-a1f1-d41cc2d38630: receive RaftClientReply:client-D47EFDF0E133->5d71e5de-6d45-4480-a1f1-d41cc2d38630@group-C6AEA7A4B82B, cid=3410, SUCCESS, logIndex=5648, commits[5d71e5de-6d45-4480-a1f1-d41cc2d38630:c5648]
2019-06-13 13:50:46,775 INFO  client.GrpcClientProtocolClient (GrpcClientProtocolClient.java:onNext(254)) - client-D47EFDF0E133->5d71e5de-6d45-4480-a1f1-d41cc2d38630: receive RaftClientReply:client-D47EFDF0E133->5d71e5de-6d45-4480-a1f1-d41cc2d38630@group-C6AEA7A4B82B, cid=3411, SUCCESS, logIndex=5649, commits[5d71e5de-6d45-4480-a1f1-d41cc2d38630:c5651]
2019-06-13 13:50:46,776 INFO  client.GrpcClientProtocolClient (GrpcClientProtocolClient.java:onNext(254)) - client-D47EFDF0E133->5d71e5de-6d45-4480-a1f1-d41cc2d38630: receive RaftClientReply:client-D47EFDF0E133->5d71e5de-6d45-4480-a1f1-d41cc2d38630@group-C6AEA7A4B82B, cid=3412, SUCCESS, logIndex=5650, commits[5d71e5de-6d45-4480-a1f1-d41cc2d38630:c5651]
2019-06-13 13:50:46,780 INFO  client.GrpcClientProtocolClient (GrpcClientProtocolClient.java:onNext(254)) - client-D47EFDF0E133->5d71e5de-6d45-4480-a1f1-d41cc2d38630: receive RaftClientReply:client-D47EFDF0E133->5d71e5de-6d45-4480-a1f1-d41cc2d38630@group-C6AEA7A4B82B, cid=3413, SUCCESS, logIndex=5652, commits[5d71e5de-6d45-4480-a1f1-d41cc2d38630:c5652]
2019-06-13 13:50:46,782 INFO  client.GrpcClientProtocolClient (GrpcClientProtocolClient.java:onNext(254)) - client-D47EFDF0E133->5d71e5de-6d45-4480-a1f1-d41cc2d38630: receive RaftClientReply:client-D47EFDF0E133->5d71e5de-6d45-4480-a1f1-d41cc2d38630@group-C6AEA7A4B82B, cid=3414, SUCCESS, logIndex=5654, commits[5d71e5de-6d45-4480-a1f1-d41cc2d38630:c5654]
2019-06-13 13:50:46,783 INFO  client.GrpcClientProtocolClient (GrpcClientProtocolClient.java:onNext(254)) - client-D47EFDF0E133->5d71e5de-6d45-4480-a1f1-d41cc2d38630: receive RaftClientReply:client-D47EFDF0E133->5d71e5de-6d45-4480-a1f1-d41cc2d38630@group-C6AEA7A4B82B, cid=3415, SUCCESS, logIndex=5655, commits[5d71e5de-6d45-4480-a1f1-d41cc2d38630:c5657]
2019-06-13 13:50:46,783 INFO  client.GrpcClientProtocolClient (GrpcClientProtocolClient.java:onNext(254)) - client-D47EFDF0E133->5d71e5de-6d45-4480-a1f1-d41cc2d38630: receive RaftClientReply:client-D47EFDF0E133->5d71e5de-6d45-4480-a1f1-d41cc2d38630@group-C6AEA7A4B82B, cid=3416, SUCCESS, logIndex=5656, commits[5d71e5de-6d45-4480-a1f1-d41cc2d38630:c5657]
2019-06-13 13:50:46,792 DEBUG block.SCMBlockDeletingService (SCMBlockDeletingService.java:call(138)) - Running DeletedBlockTransactionScanner
2019-06-13 13:50:46,792 DEBUG block.SCMBlockDeletingService (SCMBlockDeletingService.java:call(155)) - Scanned deleted blocks log and got 0 delTX to process.
2019-06-13 13:50:46,794 INFO  client.GrpcClientProtocolClient (GrpcClientProtocolClient.java:onNext(254)) - client-D47EFDF0E133->5d71e5de-6d45-4480-a1f1-d41cc2d38630: receive RaftClientReply:client-D47EFDF0E133->5d71e5de-6d45-4480-a1f1-d41cc2d38630@group-C6AEA7A4B82B, cid=3417, SUCCESS, logIndex=5658, commits[5d71e5de-6d45-4480-a1f1-d41cc2d38630:c5658]
2019-06-13 13:50:46,795 INFO  client.GrpcClientProtocolClient (GrpcClientProtocolClient.java:onNext(254)) - client-D47EFDF0E133->5d71e5de-6d45-4480-a1f1-d41cc2d38630: receive RaftClientReply:client-D47EFDF0E133->5d71e5de-6d45-4480-a1f1-d41cc2d38630@group-C6AEA7A4B82B, cid=3418, SUCCESS, logIndex=5660, commits[5d71e5de-6d45-4480-a1f1-d41cc2d38630:c5660]
2019-06-13 13:50:46,796 INFO  client.GrpcClientProtocolClient (GrpcClientProtocolClient.java:onNext(254)) - client-D47EFDF0E133->5d71e5de-6d45-4480-a1f1-d41cc2d38630: receive RaftClientReply:client-D47EFDF0E133->5d71e5de-6d45-4480-a1f1-d41cc2d38630@group-C6AEA7A4B82B, cid=3419, SUCCESS, logIndex=5661, commits[5d71e5de-6d45-4480-a1f1-d41cc2d38630:c5663]
2019-06-13 13:50:46,796 INFO  client.GrpcClientProtocolClient (GrpcClientProtocolClient.java:onNext(254)) - client-D47EFDF0E133->5d71e5de-6d45-4480-a1f1-d41cc2d38630: receive RaftClientReply:client-D47EFDF0E133->5d71e5de-6d45-4480-a1f1-d41cc2d38630@group-C6AEA7A4B82B, cid=3420, SUCCESS, logIndex=5662, commits[5d71e5de-6d45-4480-a1f1-d41cc2d38630:c5663]
2019-06-13 13:50:46,801 INFO  client.GrpcClientProtocolClient (GrpcClientProtocolClient.java:onNext(254)) - client-D47EFDF0E133->5d71e5de-6d45-4480-a1f1-d41cc2d38630: receive RaftClientReply:client-D47EFDF0E133->5d71e5de-6d45-4480-a1f1-d41cc2d38630@group-C6AEA7A4B82B, cid=3421, SUCCESS, logIndex=5664, commits[5d71e5de-6d45-4480-a1f1-d41cc2d38630:c5664]
2019-06-13 13:50:46,802 INFO  client.GrpcClientProtocolClient (GrpcClientProtocolClient.java:onNext(254)) - client-D47EFDF0E133->5d71e5de-6d45-4480-a1f1-d41cc2d38630: receive RaftClientReply:client-D47EFDF0E133->5d71e5de-6d45-4480-a1f1-d41cc2d38630@group-C6AEA7A4B82B, cid=3422, SUCCESS, logIndex=5666, commits[5d71e5de-6d45-4480-a1f1-d41cc2d38630:c5666]
2019-06-13 13:50:46,805 INFO  client.GrpcClientProtocolClient (GrpcClientProtocolClient.java:onNext(254)) - client-D47EFDF0E133->5d71e5de-6d45-4480-a1f1-d41cc2d38630: receive RaftClientReply:client-D47EFDF0E133->5d71e5de-6d45-4480-a1f1-d41cc2d38630@group-C6AEA7A4B82B, cid=3423, SUCCESS, logIndex=5668, commits[5d71e5de-6d45-4480-a1f1-d41cc2d38630:c5669]
2019-06-13 13:50:46,805 INFO  client.GrpcClientProtocolClient (GrpcClientProtocolClient.java:onNext(254)) - client-D47EFDF0E133->5d71e5de-6d45-4480-a1f1-d41cc2d38630: receive RaftClientReply:client-D47EFDF0E133->5d71e5de-6d45-4480-a1f1-d41cc2d38630@group-C6AEA7A4B82B, cid=3424, SUCCESS, logIndex=5669, commits[5d71e5de-6d45-4480-a1f1-d41cc2d38630:c5669]
2019-06-13 13:50:46,815 INFO  client.GrpcClientProtocolClient (GrpcClientProtocolClient.java:onNext(254)) - client-D47EFDF0E133->5d71e5de-6d45-4480-a1f1-d41cc2d38630: receive RaftClientReply:client-D47EFDF0E133->5d71e5de-6d45-4480-a1f1-d41cc2d38630@group-C6AEA7A4B82B, cid=3425, SUCCESS, logIndex=5671, commits[5d71e5de-6d45-4480-a1f1-d41cc2d38630:c5671]
2019-06-13 13:50:46,817 INFO  client.GrpcClientProtocolClient (GrpcClientProtocolClient.java:onNext(254)) - client-D47EFDF0E133->5d71e5de-6d45-4480-a1f1-d41cc2d38630: receive RaftClientReply:client-D47EFDF0E133->5d71e5de-6d45-4480-a1f1-d41cc2d38630@group-C6AEA7A4B82B, cid=3426, SUCCESS, logIndex=5673, commits[5d71e5de-6d45-4480-a1f1-d41cc2d38630:c5673]
2019-06-13 13:50:46,817 INFO  client.GrpcClientProtocolClient (GrpcClientProtocolClient.java:onNext(254)) - client-D47EFDF0E133->5d71e5de-6d45-4480-a1f1-d41cc2d38630: receive RaftClientReply:client-D47EFDF0E133->5d71e5de-6d45-4480-a1f1-d41cc2d38630@group-C6AEA7A4B82B, cid=3427, SUCCESS, logIndex=5674, commits[5d71e5de-6d45-4480-a1f1-d41cc2d38630:c5674]
2019-06-13 13:50:46,818 INFO  client.GrpcClientProtocolClient (GrpcClientProtocolClient.java:onNext(254)) - client-D47EFDF0E133->5d71e5de-6d45-4480-a1f1-d41cc2d38630: receive RaftClientReply:client-D47EFDF0E133->5d71e5de-6d45-4480-a1f1-d41cc2d38630@group-C6AEA7A4B82B, cid=3428, SUCCESS, logIndex=5676, commits[5d71e5de-6d45-4480-a1f1-d41cc2d38630:c5676]
2019-06-13 13:50:46,823 INFO  client.GrpcClientProtocolClient (GrpcClientProtocolClient.java:onNext(254)) - client-D47EFDF0E133->5d71e5de-6d45-4480-a1f1-d41cc2d38630: receive RaftClientReply:client-D47EFDF0E133->5d71e5de-6d45-4480-a1f1-d41cc2d38630@group-C6AEA7A4B82B, cid=3429, SUCCESS, logIndex=5679, commits[5d71e5de-6d45-4480-a1f1-d41cc2d38630:c5679]
2019-06-13 13:50:46,825 INFO  client.GrpcClientProtocolClient (GrpcClientProtocolClient.java:onNext(254)) - client-D47EFDF0E133->5d71e5de-6d45-4480-a1f1-d41cc2d38630: receive RaftClientReply:client-D47EFDF0E133->5d71e5de-6d45-4480-a1f1-d41cc2d38630@group-C6AEA7A4B82B, cid=3430, SUCCESS, logIndex=5681, commits[5d71e5de-6d45-4480-a1f1-d41cc2d38630:c5681]
2019-06-13 13:50:46,826 INFO  client.GrpcClientProtocolClient (GrpcClientProtocolClient.java:onNext(254)) - client-D47EFDF0E133->5d71e5de-6d45-4480-a1f1-d41cc2d38630: receive RaftClientReply:client-D47EFDF0E133->5d71e5de-6d45-4480-a1f1-d41cc2d38630@group-C6AEA7A4B82B, cid=3431, SUCCESS, logIndex=5683, commits[5d71e5de-6d45-4480-a1f1-d41cc2d38630:c5683]
2019-06-13 13:50:46,827 INFO  client.GrpcClientProtocolClient (GrpcClientProtocolClient.java:onNext(254)) - client-D47EFDF0E133->5d71e5de-6d45-4480-a1f1-d41cc2d38630: receive RaftClientReply:client-D47EFDF0E133->5d71e5de-6d45-4480-a1f1-d41cc2d38630@group-C6AEA7A4B82B, cid=3432, SUCCESS, logIndex=5685, commits[5d71e5de-6d45-4480-a1f1-d41cc2d38630:c5685]
2019-06-13 13:50:46,837 INFO  client.GrpcClientProtocolClient (GrpcClientProtocolClient.java:onNext(254)) - client-D47EFDF0E133->5d71e5de-6d45-4480-a1f1-d41cc2d38630: receive RaftClientReply:client-D47EFDF0E133->5d71e5de-6d45-4480-a1f1-d41cc2d38630@group-C6AEA7A4B82B, cid=3433, SUCCESS, logIndex=5687, commits[5d71e5de-6d45-4480-a1f1-d41cc2d38630:c5687]
2019-06-13 13:50:46,839 INFO  client.GrpcClientProtocolClient (GrpcClientProtocolClient.java:onNext(254)) - client-D47EFDF0E133->5d71e5de-6d45-4480-a1f1-d41cc2d38630: receive RaftClientReply:client-D47EFDF0E133->5d71e5de-6d45-4480-a1f1-d41cc2d38630@group-C6AEA7A4B82B, cid=3434, SUCCESS, logIndex=5689, commits[5d71e5de-6d45-4480-a1f1-d41cc2d38630:c5689]
2019-06-13 13:50:46,839 INFO  client.GrpcClientProtocolClient (GrpcClientProtocolClient.java:onNext(254)) - client-D47EFDF0E133->5d71e5de-6d45-4480-a1f1-d41cc2d38630: receive RaftClientReply:client-D47EFDF0E133->5d71e5de-6d45-4480-a1f1-d41cc2d38630@group-C6AEA7A4B82B, cid=3435, SUCCESS, logIndex=5690, commits[5d71e5de-6d45-4480-a1f1-d41cc2d38630:c5692]
2019-06-13 13:50:46,840 INFO  client.GrpcClientProtocolClient (GrpcClientProtocolClient.java:onNext(254)) - client-D47EFDF0E133->5d71e5de-6d45-4480-a1f1-d41cc2d38630: receive RaftClientReply:client-D47EFDF0E133->5d71e5de-6d45-4480-a1f1-d41cc2d38630@group-C6AEA7A4B82B, cid=3436, SUCCESS, logIndex=5691, commits[5d71e5de-6d45-4480-a1f1-d41cc2d38630:c5692]
2019-06-13 13:50:46,845 INFO  client.GrpcClientProtocolClient (GrpcClientProtocolClient.java:onNext(254)) - client-D47EFDF0E133->5d71e5de-6d45-4480-a1f1-d41cc2d38630: receive RaftClientReply:client-D47EFDF0E133->5d71e5de-6d45-4480-a1f1-d41cc2d38630@group-C6AEA7A4B82B, cid=3437, SUCCESS, logIndex=5693, commits[5d71e5de-6d45-4480-a1f1-d41cc2d38630:c5693]
2019-06-13 13:50:46,845 INFO  storage.RaftLogWorker (RaftLogWorker.java:rollLogSegment(303)) - 5d71e5de-6d45-4480-a1f1-d41cc2d38630-RaftLogWorker: Rolling segment log-5628_5697 to index:5697
2019-06-13 13:50:46,846 INFO  client.GrpcClientProtocolClient (GrpcClientProtocolClient.java:onNext(254)) - client-D47EFDF0E133->5d71e5de-6d45-4480-a1f1-d41cc2d38630: receive RaftClientReply:client-D47EFDF0E133->5d71e5de-6d45-4480-a1f1-d41cc2d38630@group-C6AEA7A4B82B, cid=3438, SUCCESS, logIndex=5695, commits[5d71e5de-6d45-4480-a1f1-d41cc2d38630:c5695]
2019-06-13 13:50:46,846 INFO  storage.RaftLogWorker (RaftLogWorker.java:execute(433)) - 5d71e5de-6d45-4480-a1f1-d41cc2d38630-RaftLogWorker: Rolled log segment from /opt/src/hadoop-ozone/integration-test/target/test-dir/MiniOzoneClusterImpl-c05bfa39-b333-4767-bc96-5a78f3430938/datanode-0/data/ratis/3aee30eb-3db1-472a-b851-c6aea7a4b82b/current/log_inprogress_5628 to /opt/src/hadoop-ozone/integration-test/target/test-dir/MiniOzoneClusterImpl-c05bfa39-b333-4767-bc96-5a78f3430938/datanode-0/data/ratis/3aee30eb-3db1-472a-b851-c6aea7a4b82b/current/log_5628-5697
2019-06-13 13:50:46,850 INFO  client.GrpcClientProtocolClient (GrpcClientProtocolClient.java:onNext(254)) - client-D47EFDF0E133->5d71e5de-6d45-4480-a1f1-d41cc2d38630: receive RaftClientReply:client-D47EFDF0E133->5d71e5de-6d45-4480-a1f1-d41cc2d38630@group-C6AEA7A4B82B, cid=3439, SUCCESS, logIndex=5696, commits[5d71e5de-6d45-4480-a1f1-d41cc2d38630:c5697]
2019-06-13 13:50:46,854 INFO  client.GrpcClientProtocolClient (GrpcClientProtocolClient.java:onNext(254)) - client-D47EFDF0E133->5d71e5de-6d45-4480-a1f1-d41cc2d38630: receive RaftClientReply:client-D47EFDF0E133->5d71e5de-6d45-4480-a1f1-d41cc2d38630@group-C6AEA7A4B82B, cid=3440, SUCCESS, logIndex=5697, commits[5d71e5de-6d45-4480-a1f1-d41cc2d38630:c5697]
2019-06-13 13:50:46,885 INFO  storage.RaftLogWorker (RaftLogWorker.java:execute(469)) - 5d71e5de-6d45-4480-a1f1-d41cc2d38630-RaftLogWorker: created new log segment /opt/src/hadoop-ozone/integration-test/target/test-dir/MiniOzoneClusterImpl-c05bfa39-b333-4767-bc96-5a78f3430938/datanode-0/data/ratis/3aee30eb-3db1-472a-b851-c6aea7a4b82b/current/log_inprogress_5698
2019-06-13 13:50:46,886 INFO  client.GrpcClientProtocolClient (GrpcClientProtocolClient.java:onNext(254)) - client-D47EFDF0E133->5d71e5de-6d45-4480-a1f1-d41cc2d38630: receive RaftClientReply:client-D47EFDF0E133->5d71e5de-6d45-4480-a1f1-d41cc2d38630@group-C6AEA7A4B82B, cid=3441, SUCCESS, logIndex=5700, commits[5d71e5de-6d45-4480-a1f1-d41cc2d38630:c5700]
2019-06-13 13:50:46,887 INFO  client.GrpcClientProtocolClient (GrpcClientProtocolClient.java:onNext(254)) - client-D47EFDF0E133->5d71e5de-6d45-4480-a1f1-d41cc2d38630: receive RaftClientReply:client-D47EFDF0E133->5d71e5de-6d45-4480-a1f1-d41cc2d38630@group-C6AEA7A4B82B, cid=3442, SUCCESS, logIndex=5702, commits[5d71e5de-6d45-4480-a1f1-d41cc2d38630:c5702]
2019-06-13 13:50:46,889 INFO  client.GrpcClientProtocolClient (GrpcClientProtocolClient.java:onNext(254)) - client-D47EFDF0E133->5d71e5de-6d45-4480-a1f1-d41cc2d38630: receive RaftClientReply:client-D47EFDF0E133->5d71e5de-6d45-4480-a1f1-d41cc2d38630@group-C6AEA7A4B82B, cid=3443, SUCCESS, logIndex=5703, commits[5d71e5de-6d45-4480-a1f1-d41cc2d38630:c5705]
2019-06-13 13:50:46,889 INFO  client.GrpcClientProtocolClient (GrpcClientProtocolClient.java:onNext(254)) - client-D47EFDF0E133->5d71e5de-6d45-4480-a1f1-d41cc2d38630: receive RaftClientReply:client-D47EFDF0E133->5d71e5de-6d45-4480-a1f1-d41cc2d38630@group-C6AEA7A4B82B, cid=3444, SUCCESS, logIndex=5704, commits[5d71e5de-6d45-4480-a1f1-d41cc2d38630:c5705]
2019-06-13 13:50:46,893 DEBUG block.SCMBlockDeletingService (SCMBlockDeletingService.java:call(138)) - Running DeletedBlockTransactionScanner
2019-06-13 13:50:46,893 DEBUG block.SCMBlockDeletingService (SCMBlockDeletingService.java:call(155)) - Scanned deleted blocks log and got 0 delTX to process.
2019-06-13 13:50:46,895 INFO  client.GrpcClientProtocolClient (GrpcClientProtocolClient.java:onNext(254)) - client-D47EFDF0E133->5d71e5de-6d45-4480-a1f1-d41cc2d38630: receive RaftClientReply:client-D47EFDF0E133->5d71e5de-6d45-4480-a1f1-d41cc2d38630@group-C6AEA7A4B82B, cid=3445, SUCCESS, logIndex=5706, commits[5d71e5de-6d45-4480-a1f1-d41cc2d38630:c5706]
2019-06-13 13:50:46,896 INFO  client.GrpcClientProtocolClient (GrpcClientProtocolClient.java:onNext(254)) - client-D47EFDF0E133->5d71e5de-6d45-4480-a1f1-d41cc2d38630: receive RaftClientReply:client-D47EFDF0E133->5d71e5de-6d45-4480-a1f1-d41cc2d38630@group-C6AEA7A4B82B, cid=3446, SUCCESS, logIndex=5708, commits[5d71e5de-6d45-4480-a1f1-d41cc2d38630:c5708]
2019-06-13 13:50:46,897 INFO  client.GrpcClientProtocolClient (GrpcClientProtocolClient.java:onNext(254)) - client-D47EFDF0E133->5d71e5de-6d45-4480-a1f1-d41cc2d38630: receive RaftClientReply:client-D47EFDF0E133->5d71e5de-6d45-4480-a1f1-d41cc2d38630@group-C6AEA7A4B82B, cid=3447, SUCCESS, logIndex=5709, commits[5d71e5de-6d45-4480-a1f1-d41cc2d38630:c5711]
2019-06-13 13:50:46,897 INFO  client.GrpcClientProtocolClient (GrpcClientProtocolClient.java:onNext(254)) - client-D47EFDF0E133->5d71e5de-6d45-4480-a1f1-d41cc2d38630: receive RaftClientReply:client-D47EFDF0E133->5d71e5de-6d45-4480-a1f1-d41cc2d38630@group-C6AEA7A4B82B, cid=3448, SUCCESS, logIndex=5710, commits[5d71e5de-6d45-4480-a1f1-d41cc2d38630:c5711]
2019-06-13 13:50:46,974 INFO  client.GrpcClientProtocolClient (GrpcClientProtocolClient.java:onNext(254)) - client-D47EFDF0E133->5d71e5de-6d45-4480-a1f1-d41cc2d38630: receive RaftClientReply:client-D47EFDF0E133->5d71e5de-6d45-4480-a1f1-d41cc2d38630@group-C6AEA7A4B82B, cid=3449, SUCCESS, logIndex=5712, commits[5d71e5de-6d45-4480-a1f1-d41cc2d38630:c5712]
2019-06-13 13:50:46,975 INFO  client.GrpcClientProtocolClient (GrpcClientProtocolClient.java:onNext(254)) - client-D47EFDF0E133->5d71e5de-6d45-4480-a1f1-d41cc2d38630: receive RaftClientReply:client-D47EFDF0E133->5d71e5de-6d45-4480-a1f1-d41cc2d38630@group-C6AEA7A4B82B, cid=3450, SUCCESS, logIndex=5714, commits[5d71e5de-6d45-4480-a1f1-d41cc2d38630:c5714]
2019-06-13 13:50:46,977 INFO  client.GrpcClientProtocolClient (GrpcClientProtocolClient.java:onNext(254)) - client-D47EFDF0E133->5d71e5de-6d45-4480-a1f1-d41cc2d38630: receive RaftClientReply:client-D47EFDF0E133->5d71e5de-6d45-4480-a1f1-d41cc2d38630@group-C6AEA7A4B82B, cid=3451, SUCCESS, logIndex=5715, commits[5d71e5de-6d45-4480-a1f1-d41cc2d38630:c5717]
2019-06-13 13:50:46,977 INFO  client.GrpcClientProtocolClient (GrpcClientProtocolClient.java:onNext(254)) - client-D47EFDF0E133->5d71e5de-6d45-4480-a1f1-d41cc2d38630: receive RaftClientReply:client-D47EFDF0E133->5d71e5de-6d45-4480-a1f1-d41cc2d38630@group-C6AEA7A4B82B, cid=3452, SUCCESS, logIndex=5716, commits[5d71e5de-6d45-4480-a1f1-d41cc2d38630:c5717]
2019-06-13 13:50:47,021 DEBUG block.SCMBlockDeletingService (SCMBlockDeletingService.java:call(138)) - Running DeletedBlockTransactionScanner
2019-06-13 13:50:47,022 DEBUG block.SCMBlockDeletingService (SCMBlockDeletingService.java:call(155)) - Scanned deleted blocks log and got 0 delTX to process.
2019-06-13 13:50:47,024 INFO  client.GrpcClientProtocolClient (GrpcClientProtocolClient.java:onNext(254)) - client-D47EFDF0E133->5d71e5de-6d45-4480-a1f1-d41cc2d38630: receive RaftClientReply:client-D47EFDF0E133->5d71e5de-6d45-4480-a1f1-d41cc2d38630@group-C6AEA7A4B82B, cid=3453, SUCCESS, logIndex=5718, commits[5d71e5de-6d45-4480-a1f1-d41cc2d38630:c5719]
2019-06-13 13:50:47,026 INFO  client.GrpcClientProtocolClient (GrpcClientProtocolClient.java:onNext(254)) - client-D47EFDF0E133->5d71e5de-6d45-4480-a1f1-d41cc2d38630: receive RaftClientReply:client-D47EFDF0E133->5d71e5de-6d45-4480-a1f1-d41cc2d38630@group-C6AEA7A4B82B, cid=3454, SUCCESS, logIndex=5720, commits[5d71e5de-6d45-4480-a1f1-d41cc2d38630:c5720]
2019-06-13 13:50:47,027 INFO  client.GrpcClientProtocolClient (GrpcClientProtocolClient.java:onNext(254)) - client-D47EFDF0E133->5d71e5de-6d45-4480-a1f1-d41cc2d38630: receive RaftClientReply:client-D47EFDF0E133->5d71e5de-6d45-4480-a1f1-d41cc2d38630@group-C6AEA7A4B82B, cid=3455, SUCCESS, logIndex=5721, commits[5d71e5de-6d45-4480-a1f1-d41cc2d38630:c5723]
2019-06-13 13:50:47,027 INFO  client.GrpcClientProtocolClient (GrpcClientProtocolClient.java:onNext(254)) - client-D47EFDF0E133->5d71e5de-6d45-4480-a1f1-d41cc2d38630: receive RaftClientReply:client-D47EFDF0E133->5d71e5de-6d45-4480-a1f1-d41cc2d38630@group-C6AEA7A4B82B, cid=3456, SUCCESS, logIndex=5722, commits[5d71e5de-6d45-4480-a1f1-d41cc2d38630:c5723]
2019-06-13 13:50:47,038 INFO  client.GrpcClientProtocolClient (GrpcClientProtocolClient.java:onNext(254)) - client-D47EFDF0E133->5d71e5de-6d45-4480-a1f1-d41cc2d38630: receive RaftClientReply:client-D47EFDF0E133->5d71e5de-6d45-4480-a1f1-d41cc2d38630@group-C6AEA7A4B82B, cid=3457, SUCCESS, logIndex=5724, commits[5d71e5de-6d45-4480-a1f1-d41cc2d38630:c5724]
2019-06-13 13:50:47,040 INFO  client.GrpcClientProtocolClient (GrpcClientProtocolClient.java:onNext(254)) - client-D47EFDF0E133->5d71e5de-6d45-4480-a1f1-d41cc2d38630: receive RaftClientReply:client-D47EFDF0E133->5d71e5de-6d45-4480-a1f1-d41cc2d38630@group-C6AEA7A4B82B, cid=3458, SUCCESS, logIndex=5726, commits[5d71e5de-6d45-4480-a1f1-d41cc2d38630:c5726]
2019-06-13 13:50:47,040 INFO  client.GrpcClientProtocolClient (GrpcClientProtocolClient.java:onNext(254)) - client-D47EFDF0E133->5d71e5de-6d45-4480-a1f1-d41cc2d38630: receive RaftClientReply:client-D47EFDF0E133->5d71e5de-6d45-4480-a1f1-d41cc2d38630@group-C6AEA7A4B82B, cid=3459, SUCCESS, logIndex=5727, commits[5d71e5de-6d45-4480-a1f1-d41cc2d38630:c5729]
2019-06-13 13:50:47,041 INFO  client.GrpcClientProtocolClient (GrpcClientProtocolClient.java:onNext(254)) - client-D47EFDF0E133->5d71e5de-6d45-4480-a1f1-d41cc2d38630: receive RaftClientReply:client-D47EFDF0E133->5d71e5de-6d45-4480-a1f1-d41cc2d38630@group-C6AEA7A4B82B, cid=3460, SUCCESS, logIndex=5728, commits[5d71e5de-6d45-4480-a1f1-d41cc2d38630:c5729]
2019-06-13 13:50:47,047 INFO  client.GrpcClientProtocolClient (GrpcClientProtocolClient.java:onNext(254)) - client-D47EFDF0E133->5d71e5de-6d45-4480-a1f1-d41cc2d38630: receive RaftClientReply:client-D47EFDF0E133->5d71e5de-6d45-4480-a1f1-d41cc2d38630@group-C6AEA7A4B82B, cid=3461, SUCCESS, logIndex=5730, commits[5d71e5de-6d45-4480-a1f1-d41cc2d38630:c5730]
2019-06-13 13:50:47,049 INFO  client.GrpcClientProtocolClient (GrpcClientProtocolClient.java:onNext(254)) - client-D47EFDF0E133->5d71e5de-6d45-4480-a1f1-d41cc2d38630: receive RaftClientReply:client-D47EFDF0E133->5d71e5de-6d45-4480-a1f1-d41cc2d38630@group-C6AEA7A4B82B, cid=3462, SUCCESS, logIndex=5732, commits[5d71e5de-6d45-4480-a1f1-d41cc2d38630:c5732]
2019-06-13 13:50:47,049 INFO  client.GrpcClientProtocolClient (GrpcClientProtocolClient.java:onNext(254)) - client-D47EFDF0E133->5d71e5de-6d45-4480-a1f1-d41cc2d38630: receive RaftClientReply:client-D47EFDF0E133->5d71e5de-6d45-4480-a1f1-d41cc2d38630@group-C6AEA7A4B82B, cid=3463, SUCCESS, logIndex=5733, commits[5d71e5de-6d45-4480-a1f1-d41cc2d38630:c5733]
2019-06-13 13:50:47,050 INFO  client.GrpcClientProtocolClient (GrpcClientProtocolClient.java:onNext(254)) - client-D47EFDF0E133->5d71e5de-6d45-4480-a1f1-d41cc2d38630: receive RaftClientReply:client-D47EFDF0E133->5d71e5de-6d45-4480-a1f1-d41cc2d38630@group-C6AEA7A4B82B, cid=3464, SUCCESS, logIndex=5735, commits[5d71e5de-6d45-4480-a1f1-d41cc2d38630:c5735]
2019-06-13 13:50:47,060 INFO  client.GrpcClientProtocolClient (GrpcClientProtocolClient.java:onNext(254)) - client-D47EFDF0E133->5d71e5de-6d45-4480-a1f1-d41cc2d38630: receive RaftClientReply:client-D47EFDF0E133->5d71e5de-6d45-4480-a1f1-d41cc2d38630@group-C6AEA7A4B82B, cid=3465, SUCCESS, logIndex=5738, commits[5d71e5de-6d45-4480-a1f1-d41cc2d38630:c5738]
2019-06-13 13:50:47,061 INFO  client.GrpcClientProtocolClient (GrpcClientProtocolClient.java:onNext(254)) - client-D47EFDF0E133->5d71e5de-6d45-4480-a1f1-d41cc2d38630: receive RaftClientReply:client-D47EFDF0E133->5d71e5de-6d45-4480-a1f1-d41cc2d38630@group-C6AEA7A4B82B, cid=3466, SUCCESS, logIndex=5740, commits[5d71e5de-6d45-4480-a1f1-d41cc2d38630:c5740]
2019-06-13 13:50:47,062 INFO  client.GrpcClientProtocolClient (GrpcClientProtocolClient.java:onNext(254)) - client-D47EFDF0E133->5d71e5de-6d45-4480-a1f1-d41cc2d38630: receive RaftClientReply:client-D47EFDF0E133->5d71e5de-6d45-4480-a1f1-d41cc2d38630@group-C6AEA7A4B82B, cid=3467, SUCCESS, logIndex=5741, commits[5d71e5de-6d45-4480-a1f1-d41cc2d38630:c5743]
2019-06-13 13:50:47,063 INFO  client.GrpcClientProtocolClient (GrpcClientProtocolClient.java:onNext(254)) - client-D47EFDF0E133->5d71e5de-6d45-4480-a1f1-d41cc2d38630: receive RaftClientReply:client-D47EFDF0E133->5d71e5de-6d45-4480-a1f1-d41cc2d38630@group-C6AEA7A4B82B, cid=3468, SUCCESS, logIndex=5742, commits[5d71e5de-6d45-4480-a1f1-d41cc2d38630:c5743]
2019-06-13 13:50:47,068 INFO  client.GrpcClientProtocolClient (GrpcClientProtocolClient.java:onNext(254)) - client-D47EFDF0E133->5d71e5de-6d45-4480-a1f1-d41cc2d38630: receive RaftClientReply:client-D47EFDF0E133->5d71e5de-6d45-4480-a1f1-d41cc2d38630@group-C6AEA7A4B82B, cid=3469, SUCCESS, logIndex=5744, commits[5d71e5de-6d45-4480-a1f1-d41cc2d38630:c5744]
2019-06-13 13:50:47,069 INFO  client.GrpcClientProtocolClient (GrpcClientProtocolClient.java:onNext(254)) - client-D47EFDF0E133->5d71e5de-6d45-4480-a1f1-d41cc2d38630: receive RaftClientReply:client-D47EFDF0E133->5d71e5de-6d45-4480-a1f1-d41cc2d38630@group-C6AEA7A4B82B, cid=3470, SUCCESS, logIndex=5746, commits[5d71e5de-6d45-4480-a1f1-d41cc2d38630:c5746]
2019-06-13 13:50:47,070 INFO  client.GrpcClientProtocolClient (GrpcClientProtocolClient.java:onNext(254)) - client-D47EFDF0E133->5d71e5de-6d45-4480-a1f1-d41cc2d38630: receive RaftClientReply:client-D47EFDF0E133->5d71e5de-6d45-4480-a1f1-d41cc2d38630@group-C6AEA7A4B82B, cid=3471, SUCCESS, logIndex=5747, commits[5d71e5de-6d45-4480-a1f1-d41cc2d38630:c5747]
2019-06-13 13:50:47,070 INFO  client.GrpcClientProtocolClient (GrpcClientProtocolClient.java:onNext(254)) - client-D47EFDF0E133->5d71e5de-6d45-4480-a1f1-d41cc2d38630: receive RaftClientReply:client-D47EFDF0E133->5d71e5de-6d45-4480-a1f1-d41cc2d38630@group-C6AEA7A4B82B, cid=3472, SUCCESS, logIndex=5749, commits[5d71e5de-6d45-4480-a1f1-d41cc2d38630:c5749]
2019-06-13 13:50:47,081 INFO  client.GrpcClientProtocolClient (GrpcClientProtocolClient.java:onNext(254)) - client-D47EFDF0E133->5d71e5de-6d45-4480-a1f1-d41cc2d38630: receive RaftClientReply:client-D47EFDF0E133->5d71e5de-6d45-4480-a1f1-d41cc2d38630@group-C6AEA7A4B82B, cid=3473, SUCCESS, logIndex=5752, commits[5d71e5de-6d45-4480-a1f1-d41cc2d38630:c5752]
2019-06-13 13:50:47,082 INFO  client.GrpcClientProtocolClient (GrpcClientProtocolClient.java:onNext(254)) - client-D47EFDF0E133->5d71e5de-6d45-4480-a1f1-d41cc2d38630: receive RaftClientReply:client-D47EFDF0E133->5d71e5de-6d45-4480-a1f1-d41cc2d38630@group-C6AEA7A4B82B, cid=3474, SUCCESS, logIndex=5754, commits[5d71e5de-6d45-4480-a1f1-d41cc2d38630:c5754]
2019-06-13 13:50:47,083 INFO  client.GrpcClientProtocolClient (GrpcClientProtocolClient.java:onNext(254)) - client-D47EFDF0E133->5d71e5de-6d45-4480-a1f1-d41cc2d38630: receive RaftClientReply:client-D47EFDF0E133->5d71e5de-6d45-4480-a1f1-d41cc2d38630@group-C6AEA7A4B82B, cid=3475, SUCCESS, logIndex=5755, commits[5d71e5de-6d45-4480-a1f1-d41cc2d38630:c5756]
2019-06-13 13:50:47,084 INFO  client.GrpcClientProtocolClient (GrpcClientProtocolClient.java:onNext(254)) - client-D47EFDF0E133->5d71e5de-6d45-4480-a1f1-d41cc2d38630: receive RaftClientReply:client-D47EFDF0E133->5d71e5de-6d45-4480-a1f1-d41cc2d38630@group-C6AEA7A4B82B, cid=3476, SUCCESS, logIndex=5757, commits[5d71e5de-6d45-4480-a1f1-d41cc2d38630:c5757]
2019-06-13 13:50:47,089 INFO  client.GrpcClientProtocolClient (GrpcClientProtocolClient.java:onNext(254)) - client-D47EFDF0E133->5d71e5de-6d45-4480-a1f1-d41cc2d38630: receive RaftClientReply:client-D47EFDF0E133->5d71e5de-6d45-4480-a1f1-d41cc2d38630@group-C6AEA7A4B82B, cid=3477, SUCCESS, logIndex=5759, commits[5d71e5de-6d45-4480-a1f1-d41cc2d38630:c5759]
2019-06-13 13:50:47,091 INFO  client.GrpcClientProtocolClient (GrpcClientProtocolClient.java:onNext(254)) - client-D47EFDF0E133->5d71e5de-6d45-4480-a1f1-d41cc2d38630: receive RaftClientReply:client-D47EFDF0E133->5d71e5de-6d45-4480-a1f1-d41cc2d38630@group-C6AEA7A4B82B, cid=3478, SUCCESS, logIndex=5761, commits[5d71e5de-6d45-4480-a1f1-d41cc2d38630:c5761]
2019-06-13 13:50:47,091 INFO  client.GrpcClientProtocolClient (GrpcClientProtocolClient.java:onNext(254)) - client-D47EFDF0E133->5d71e5de-6d45-4480-a1f1-d41cc2d38630: receive RaftClientReply:client-D47EFDF0E133->5d71e5de-6d45-4480-a1f1-d41cc2d38630@group-C6AEA7A4B82B, cid=3479, SUCCESS, logIndex=5762, commits[5d71e5de-6d45-4480-a1f1-d41cc2d38630:c5763]
2019-06-13 13:50:47,092 INFO  client.GrpcClientProtocolClient (GrpcClientProtocolClient.java:onNext(254)) - client-D47EFDF0E133->5d71e5de-6d45-4480-a1f1-d41cc2d38630: receive RaftClientReply:client-D47EFDF0E133->5d71e5de-6d45-4480-a1f1-d41cc2d38630@group-C6AEA7A4B82B, cid=3480, SUCCESS, logIndex=5763, commits[5d71e5de-6d45-4480-a1f1-d41cc2d38630:c5763]
2019-06-13 13:50:47,102 INFO  client.GrpcClientProtocolClient (GrpcClientProtocolClient.java:onNext(254)) - client-D47EFDF0E133->5d71e5de-6d45-4480-a1f1-d41cc2d38630: receive RaftClientReply:client-D47EFDF0E133->5d71e5de-6d45-4480-a1f1-d41cc2d38630@group-C6AEA7A4B82B, cid=3481, SUCCESS, logIndex=5766, commits[5d71e5de-6d45-4480-a1f1-d41cc2d38630:c5766]
2019-06-13 13:50:47,103 INFO  client.GrpcClientProtocolClient (GrpcClientProtocolClient.java:onNext(254)) - client-D47EFDF0E133->5d71e5de-6d45-4480-a1f1-d41cc2d38630: receive RaftClientReply:client-D47EFDF0E133->5d71e5de-6d45-4480-a1f1-d41cc2d38630@group-C6AEA7A4B82B, cid=3482, SUCCESS, logIndex=5768, commits[5d71e5de-6d45-4480-a1f1-d41cc2d38630:c5768]
2019-06-13 13:50:47,104 INFO  client.GrpcClientProtocolClient (GrpcClientProtocolClient.java:onNext(254)) - client-D47EFDF0E133->5d71e5de-6d45-4480-a1f1-d41cc2d38630: receive RaftClientReply:client-D47EFDF0E133->5d71e5de-6d45-4480-a1f1-d41cc2d38630@group-C6AEA7A4B82B, cid=3483, SUCCESS, logIndex=5769, commits[5d71e5de-6d45-4480-a1f1-d41cc2d38630:c5770]
2019-06-13 13:50:47,105 INFO  client.GrpcClientProtocolClient (GrpcClientProtocolClient.java:onNext(254)) - client-D47EFDF0E133->5d71e5de-6d45-4480-a1f1-d41cc2d38630: receive RaftClientReply:client-D47EFDF0E133->5d71e5de-6d45-4480-a1f1-d41cc2d38630@group-C6AEA7A4B82B, cid=3484, SUCCESS, logIndex=5771, commits[5d71e5de-6d45-4480-a1f1-d41cc2d38630:c5771]
2019-06-13 13:50:47,108 INFO  storage.RaftLogWorker (RaftLogWorker.java:rollLogSegment(303)) - 5d71e5de-6d45-4480-a1f1-d41cc2d38630-RaftLogWorker: Rolling segment log-5698_5772 to index:5772
2019-06-13 13:50:47,108 INFO  storage.RaftLogWorker (RaftLogWorker.java:execute(433)) - 5d71e5de-6d45-4480-a1f1-d41cc2d38630-RaftLogWorker: Rolled log segment from /opt/src/hadoop-ozone/integration-test/target/test-dir/MiniOzoneClusterImpl-c05bfa39-b333-4767-bc96-5a78f3430938/datanode-0/data/ratis/3aee30eb-3db1-472a-b851-c6aea7a4b82b/current/log_inprogress_5698 to /opt/src/hadoop-ozone/integration-test/target/test-dir/MiniOzoneClusterImpl-c05bfa39-b333-4767-bc96-5a78f3430938/datanode-0/data/ratis/3aee30eb-3db1-472a-b851-c6aea7a4b82b/current/log_5698-5772
2019-06-13 13:50:47,122 DEBUG block.SCMBlockDeletingService (SCMBlockDeletingService.java:call(138)) - Running DeletedBlockTransactionScanner
2019-06-13 13:50:47,122 DEBUG block.SCMBlockDeletingService (SCMBlockDeletingService.java:call(155)) - Scanned deleted blocks log and got 0 delTX to process.
2019-06-13 13:50:47,144 INFO  storage.RaftLogWorker (RaftLogWorker.java:execute(469)) - 5d71e5de-6d45-4480-a1f1-d41cc2d38630-RaftLogWorker: created new log segment /opt/src/hadoop-ozone/integration-test/target/test-dir/MiniOzoneClusterImpl-c05bfa39-b333-4767-bc96-5a78f3430938/datanode-0/data/ratis/3aee30eb-3db1-472a-b851-c6aea7a4b82b/current/log_inprogress_5773
2019-06-13 13:50:47,145 INFO  client.GrpcClientProtocolClient (GrpcClientProtocolClient.java:onNext(254)) - client-D47EFDF0E133->5d71e5de-6d45-4480-a1f1-d41cc2d38630: receive RaftClientReply:client-D47EFDF0E133->5d71e5de-6d45-4480-a1f1-d41cc2d38630@group-C6AEA7A4B82B, cid=3485, SUCCESS, logIndex=5773, commits[5d71e5de-6d45-4480-a1f1-d41cc2d38630:c5773]
2019-06-13 13:50:47,147 INFO  client.GrpcClientProtocolClient (GrpcClientProtocolClient.java:onNext(254)) - client-D47EFDF0E133->5d71e5de-6d45-4480-a1f1-d41cc2d38630: receive RaftClientReply:client-D47EFDF0E133->5d71e5de-6d45-4480-a1f1-d41cc2d38630@group-C6AEA7A4B82B, cid=3486, SUCCESS, logIndex=5775, commits[5d71e5de-6d45-4480-a1f1-d41cc2d38630:c5775]
2019-06-13 13:50:47,150 INFO  client.GrpcClientProtocolClient (GrpcClientProtocolClient.java:onNext(254)) - client-D47EFDF0E133->5d71e5de-6d45-4480-a1f1-d41cc2d38630: receive RaftClientReply:client-D47EFDF0E133->5d71e5de-6d45-4480-a1f1-d41cc2d38630@group-C6AEA7A4B82B, cid=3487, SUCCESS, logIndex=5776, commits[5d71e5de-6d45-4480-a1f1-d41cc2d38630:c5777]
2019-06-13 13:50:47,150 INFO  client.GrpcClientProtocolClient (GrpcClientProtocolClient.java:onNext(254)) - client-D47EFDF0E133->5d71e5de-6d45-4480-a1f1-d41cc2d38630: receive RaftClientReply:client-D47EFDF0E133->5d71e5de-6d45-4480-a1f1-d41cc2d38630@group-C6AEA7A4B82B, cid=3488, SUCCESS, logIndex=5777, commits[5d71e5de-6d45-4480-a1f1-d41cc2d38630:c5777]
2019-06-13 13:50:47,161 INFO  client.GrpcClientProtocolClient (GrpcClientProtocolClient.java:onNext(254)) - client-D47EFDF0E133->5d71e5de-6d45-4480-a1f1-d41cc2d38630: receive RaftClientReply:client-D47EFDF0E133->5d71e5de-6d45-4480-a1f1-d41cc2d38630@group-C6AEA7A4B82B, cid=3489, SUCCESS, logIndex=5780, commits[5d71e5de-6d45-4480-a1f1-d41cc2d38630:c5780]
2019-06-13 13:50:47,164 INFO  client.GrpcClientProtocolClient (GrpcClientProtocolClient.java:onNext(254)) - client-D47EFDF0E133->5d71e5de-6d45-4480-a1f1-d41cc2d38630: receive RaftClientReply:client-D47EFDF0E133->5d71e5de-6d45-4480-a1f1-d41cc2d38630@group-C6AEA7A4B82B, cid=3490, SUCCESS, logIndex=5782, commits[5d71e5de-6d45-4480-a1f1-d41cc2d38630:c5784]
2019-06-13 13:50:47,164 INFO  client.GrpcClientProtocolClient (GrpcClientProtocolClient.java:onNext(254)) - client-D47EFDF0E133->5d71e5de-6d45-4480-a1f1-d41cc2d38630: receive RaftClientReply:client-D47EFDF0E133->5d71e5de-6d45-4480-a1f1-d41cc2d38630@group-C6AEA7A4B82B, cid=3491, SUCCESS, logIndex=5783, commits[5d71e5de-6d45-4480-a1f1-d41cc2d38630:c5784]
2019-06-13 13:50:47,164 INFO  client.GrpcClientProtocolClient (GrpcClientProtocolClient.java:onNext(254)) - client-D47EFDF0E133->5d71e5de-6d45-4480-a1f1-d41cc2d38630: receive RaftClientReply:client-D47EFDF0E133->5d71e5de-6d45-4480-a1f1-d41cc2d38630@group-C6AEA7A4B82B, cid=3492, SUCCESS, logIndex=5784, commits[5d71e5de-6d45-4480-a1f1-d41cc2d38630:c5784]
2019-06-13 13:50:47,222 DEBUG block.SCMBlockDeletingService (SCMBlockDeletingService.java:call(138)) - Running DeletedBlockTransactionScanner
2019-06-13 13:50:47,222 DEBUG block.SCMBlockDeletingService (SCMBlockDeletingService.java:call(155)) - Scanned deleted blocks log and got 0 delTX to process.
2019-06-13 13:50:47,251 INFO  client.GrpcClientProtocolClient (GrpcClientProtocolClient.java:onNext(254)) - client-D47EFDF0E133->5d71e5de-6d45-4480-a1f1-d41cc2d38630: receive RaftClientReply:client-D47EFDF0E133->5d71e5de-6d45-4480-a1f1-d41cc2d38630@group-C6AEA7A4B82B, cid=3493, SUCCESS, logIndex=5786, commits[5d71e5de-6d45-4480-a1f1-d41cc2d38630:c5786]
2019-06-13 13:50:47,252 INFO  client.GrpcClientProtocolClient (GrpcClientProtocolClient.java:onNext(254)) - client-D47EFDF0E133->5d71e5de-6d45-4480-a1f1-d41cc2d38630: receive RaftClientReply:client-D47EFDF0E133->5d71e5de-6d45-4480-a1f1-d41cc2d38630@group-C6AEA7A4B82B, cid=3494, SUCCESS, logIndex=5788, commits[5d71e5de-6d45-4480-a1f1-d41cc2d38630:c5788]
2019-06-13 13:50:47,253 INFO  client.GrpcClientProtocolClient (GrpcClientProtocolClient.java:onNext(254)) - client-D47EFDF0E133->5d71e5de-6d45-4480-a1f1-d41cc2d38630: receive RaftClientReply:client-D47EFDF0E133->5d71e5de-6d45-4480-a1f1-d41cc2d38630@group-C6AEA7A4B82B, cid=3495, SUCCESS, logIndex=5789, commits[5d71e5de-6d45-4480-a1f1-d41cc2d38630:c5791]
2019-06-13 13:50:47,253 INFO  client.GrpcClientProtocolClient (GrpcClientProtocolClient.java:onNext(254)) - client-D47EFDF0E133->5d71e5de-6d45-4480-a1f1-d41cc2d38630: receive RaftClientReply:client-D47EFDF0E133->5d71e5de-6d45-4480-a1f1-d41cc2d38630@group-C6AEA7A4B82B, cid=3496, SUCCESS, logIndex=5790, commits[5d71e5de-6d45-4480-a1f1-d41cc2d38630:c5791]
2019-06-13 13:50:47,264 INFO  client.GrpcClientProtocolClient (GrpcClientProtocolClient.java:onNext(254)) - client-D47EFDF0E133->5d71e5de-6d45-4480-a1f1-d41cc2d38630: receive RaftClientReply:client-D47EFDF0E133->5d71e5de-6d45-4480-a1f1-d41cc2d38630@group-C6AEA7A4B82B, cid=3497, SUCCESS, logIndex=5792, commits[5d71e5de-6d45-4480-a1f1-d41cc2d38630:c5792]
2019-06-13 13:50:47,265 INFO  client.GrpcClientProtocolClient (GrpcClientProtocolClient.java:onNext(254)) - client-D47EFDF0E133->5d71e5de-6d45-4480-a1f1-d41cc2d38630: receive RaftClientReply:client-D47EFDF0E133->5d71e5de-6d45-4480-a1f1-d41cc2d38630@group-C6AEA7A4B82B, cid=3498, SUCCESS, logIndex=5794, commits[5d71e5de-6d45-4480-a1f1-d41cc2d38630:c5794]
2019-06-13 13:50:47,267 INFO  client.GrpcClientProtocolClient (GrpcClientProtocolClient.java:onNext(254)) - client-D47EFDF0E133->5d71e5de-6d45-4480-a1f1-d41cc2d38630: receive RaftClientReply:client-D47EFDF0E133->5d71e5de-6d45-4480-a1f1-d41cc2d38630@group-C6AEA7A4B82B, cid=3499, SUCCESS, logIndex=5795, commits[5d71e5de-6d45-4480-a1f1-d41cc2d38630:c5797]
2019-06-13 13:50:47,267 INFO  client.GrpcClientProtocolClient (GrpcClientProtocolClient.java:onNext(254)) - client-D47EFDF0E133->5d71e5de-6d45-4480-a1f1-d41cc2d38630: receive RaftClientReply:client-D47EFDF0E133->5d71e5de-6d45-4480-a1f1-d41cc2d38630@group-C6AEA7A4B82B, cid=3500, SUCCESS, logIndex=5796, commits[5d71e5de-6d45-4480-a1f1-d41cc2d38630:c5797]
2019-06-13 13:50:47,271 INFO  client.GrpcClientProtocolClient (GrpcClientProtocolClient.java:onNext(254)) - client-D47EFDF0E133->5d71e5de-6d45-4480-a1f1-d41cc2d38630: receive RaftClientReply:client-D47EFDF0E133->5d71e5de-6d45-4480-a1f1-d41cc2d38630@group-C6AEA7A4B82B, cid=3501, SUCCESS, logIndex=5798, commits[5d71e5de-6d45-4480-a1f1-d41cc2d38630:c5798]
2019-06-13 13:50:47,272 INFO  client.GrpcClientProtocolClient (GrpcClientProtocolClient.java:onNext(254)) - client-D47EFDF0E133->5d71e5de-6d45-4480-a1f1-d41cc2d38630: receive RaftClientReply:client-D47EFDF0E133->5d71e5de-6d45-4480-a1f1-d41cc2d38630@group-C6AEA7A4B82B, cid=3502, SUCCESS, logIndex=5800, commits[5d71e5de-6d45-4480-a1f1-d41cc2d38630:c5800]
2019-06-13 13:50:47,273 INFO  client.GrpcClientProtocolClient (GrpcClientProtocolClient.java:onNext(254)) - client-D47EFDF0E133->5d71e5de-6d45-4480-a1f1-d41cc2d38630: receive RaftClientReply:client-D47EFDF0E133->5d71e5de-6d45-4480-a1f1-d41cc2d38630@group-C6AEA7A4B82B, cid=3503, SUCCESS, logIndex=5801, commits[5d71e5de-6d45-4480-a1f1-d41cc2d38630:c5803]
2019-06-13 13:50:47,274 INFO  client.GrpcClientProtocolClient (GrpcClientProtocolClient.java:onNext(254)) - client-D47EFDF0E133->5d71e5de-6d45-4480-a1f1-d41cc2d38630: receive RaftClientReply:client-D47EFDF0E133->5d71e5de-6d45-4480-a1f1-d41cc2d38630@group-C6AEA7A4B82B, cid=3504, SUCCESS, logIndex=5802, commits[5d71e5de-6d45-4480-a1f1-d41cc2d38630:c5803]
2019-06-13 13:50:47,283 INFO  client.GrpcClientProtocolClient (GrpcClientProtocolClient.java:onNext(254)) - client-D47EFDF0E133->5d71e5de-6d45-4480-a1f1-d41cc2d38630: receive RaftClientReply:client-D47EFDF0E133->5d71e5de-6d45-4480-a1f1-d41cc2d38630@group-C6AEA7A4B82B, cid=3505, SUCCESS, logIndex=5804, commits[5d71e5de-6d45-4480-a1f1-d41cc2d38630:c5804]
2019-06-13 13:50:47,284 INFO  client.GrpcClientProtocolClient (GrpcClientProtocolClient.java:onNext(254)) - client-D47EFDF0E133->5d71e5de-6d45-4480-a1f1-d41cc2d38630: receive RaftClientReply:client-D47EFDF0E133->5d71e5de-6d45-4480-a1f1-d41cc2d38630@group-C6AEA7A4B82B, cid=3506, SUCCESS, logIndex=5806, commits[5d71e5de-6d45-4480-a1f1-d41cc2d38630:c5806]
2019-06-13 13:50:47,285 INFO  client.GrpcClientProtocolClient (GrpcClientProtocolClient.java:onNext(254)) - client-D47EFDF0E133->5d71e5de-6d45-4480-a1f1-d41cc2d38630: receive RaftClientReply:client-D47EFDF0E133->5d71e5de-6d45-4480-a1f1-d41cc2d38630@group-C6AEA7A4B82B, cid=3507, SUCCESS, logIndex=5807, commits[5d71e5de-6d45-4480-a1f1-d41cc2d38630:c5809]
2019-06-13 13:50:47,285 INFO  client.GrpcClientProtocolClient (GrpcClientProtocolClient.java:onNext(254)) - client-D47EFDF0E133->5d71e5de-6d45-4480-a1f1-d41cc2d38630: receive RaftClientReply:client-D47EFDF0E133->5d71e5de-6d45-4480-a1f1-d41cc2d38630@group-C6AEA7A4B82B, cid=3508, SUCCESS, logIndex=5808, commits[5d71e5de-6d45-4480-a1f1-d41cc2d38630:c5809]
2019-06-13 13:50:47,290 INFO  client.GrpcClientProtocolClient (GrpcClientProtocolClient.java:onNext(254)) - client-D47EFDF0E133->5d71e5de-6d45-4480-a1f1-d41cc2d38630: receive RaftClientReply:client-D47EFDF0E133->5d71e5de-6d45-4480-a1f1-d41cc2d38630@group-C6AEA7A4B82B, cid=3509, SUCCESS, logIndex=5810, commits[5d71e5de-6d45-4480-a1f1-d41cc2d38630:c5810]
2019-06-13 13:50:47,291 INFO  client.GrpcClientProtocolClient (GrpcClientProtocolClient.java:onNext(254)) - client-D47EFDF0E133->5d71e5de-6d45-4480-a1f1-d41cc2d38630: receive RaftClientReply:client-D47EFDF0E133->5d71e5de-6d45-4480-a1f1-d41cc2d38630@group-C6AEA7A4B82B, cid=3510, SUCCESS, logIndex=5812, commits[5d71e5de-6d45-4480-a1f1-d41cc2d38630:c5812]
2019-06-13 13:50:47,292 INFO  client.GrpcClientProtocolClient (GrpcClientProtocolClient.java:onNext(254)) - client-D47EFDF0E133->5d71e5de-6d45-4480-a1f1-d41cc2d38630: receive RaftClientReply:client-D47EFDF0E133->5d71e5de-6d45-4480-a1f1-d41cc2d38630@group-C6AEA7A4B82B, cid=3511, SUCCESS, logIndex=5813, commits[5d71e5de-6d45-4480-a1f1-d41cc2d38630:c5815]
2019-06-13 13:50:47,292 INFO  client.GrpcClientProtocolClient (GrpcClientProtocolClient.java:onNext(254)) - client-D47EFDF0E133->5d71e5de-6d45-4480-a1f1-d41cc2d38630: receive RaftClientReply:client-D47EFDF0E133->5d71e5de-6d45-4480-a1f1-d41cc2d38630@group-C6AEA7A4B82B, cid=3512, SUCCESS, logIndex=5814, commits[5d71e5de-6d45-4480-a1f1-d41cc2d38630:c5815]
2019-06-13 13:50:47,302 INFO  client.GrpcClientProtocolClient (GrpcClientProtocolClient.java:onNext(254)) - client-D47EFDF0E133->5d71e5de-6d45-4480-a1f1-d41cc2d38630: receive RaftClientReply:client-D47EFDF0E133->5d71e5de-6d45-4480-a1f1-d41cc2d38630@group-C6AEA7A4B82B, cid=3513, SUCCESS, logIndex=5816, commits[5d71e5de-6d45-4480-a1f1-d41cc2d38630:c5816]
2019-06-13 13:50:47,303 INFO  client.GrpcClientProtocolClient (GrpcClientProtocolClient.java:onNext(254)) - client-D47EFDF0E133->5d71e5de-6d45-4480-a1f1-d41cc2d38630: receive RaftClientReply:client-D47EFDF0E133->5d71e5de-6d45-4480-a1f1-d41cc2d38630@group-C6AEA7A4B82B, cid=3514, SUCCESS, logIndex=5818, commits[5d71e5de-6d45-4480-a1f1-d41cc2d38630:c5818]
2019-06-13 13:50:47,304 INFO  client.GrpcClientProtocolClient (GrpcClientProtocolClient.java:onNext(254)) - client-D47EFDF0E133->5d71e5de-6d45-4480-a1f1-d41cc2d38630: receive RaftClientReply:client-D47EFDF0E133->5d71e5de-6d45-4480-a1f1-d41cc2d38630@group-C6AEA7A4B82B, cid=3515, SUCCESS, logIndex=5819, commits[5d71e5de-6d45-4480-a1f1-d41cc2d38630:c5821]
2019-06-13 13:50:47,304 INFO  client.GrpcClientProtocolClient (GrpcClientProtocolClient.java:onNext(254)) - client-D47EFDF0E133->5d71e5de-6d45-4480-a1f1-d41cc2d38630: receive RaftClientReply:client-D47EFDF0E133->5d71e5de-6d45-4480-a1f1-d41cc2d38630@group-C6AEA7A4B82B, cid=3516, SUCCESS, logIndex=5820, commits[5d71e5de-6d45-4480-a1f1-d41cc2d38630:c5821]
2019-06-13 13:50:47,309 INFO  client.GrpcClientProtocolClient (GrpcClientProtocolClient.java:onNext(254)) - client-D47EFDF0E133->5d71e5de-6d45-4480-a1f1-d41cc2d38630: receive RaftClientReply:client-D47EFDF0E133->5d71e5de-6d45-4480-a1f1-d41cc2d38630@group-C6AEA7A4B82B, cid=3517, SUCCESS, logIndex=5822, commits[5d71e5de-6d45-4480-a1f1-d41cc2d38630:c5822]
2019-06-13 13:50:47,310 INFO  client.GrpcClientProtocolClient (GrpcClientProtocolClient.java:onNext(254)) - client-D47EFDF0E133->5d71e5de-6d45-4480-a1f1-d41cc2d38630: receive RaftClientReply:client-D47EFDF0E133->5d71e5de-6d45-4480-a1f1-d41cc2d38630@group-C6AEA7A4B82B, cid=3518, SUCCESS, logIndex=5824, commits[5d71e5de-6d45-4480-a1f1-d41cc2d38630:c5824]
2019-06-13 13:50:47,311 INFO  client.GrpcClientProtocolClient (GrpcClientProtocolClient.java:onNext(254)) - client-D47EFDF0E133->5d71e5de-6d45-4480-a1f1-d41cc2d38630: receive RaftClientReply:client-D47EFDF0E133->5d71e5de-6d45-4480-a1f1-d41cc2d38630@group-C6AEA7A4B82B, cid=3519, SUCCESS, logIndex=5825, commits[5d71e5de-6d45-4480-a1f1-d41cc2d38630:c5827]
2019-06-13 13:50:47,311 INFO  client.GrpcClientProtocolClient (GrpcClientProtocolClient.java:onNext(254)) - client-D47EFDF0E133->5d71e5de-6d45-4480-a1f1-d41cc2d38630: receive RaftClientReply:client-D47EFDF0E133->5d71e5de-6d45-4480-a1f1-d41cc2d38630@group-C6AEA7A4B82B, cid=3520, SUCCESS, logIndex=5826, commits[5d71e5de-6d45-4480-a1f1-d41cc2d38630:c5827]
2019-06-13 13:50:47,323 DEBUG block.SCMBlockDeletingService (SCMBlockDeletingService.java:call(138)) - Running DeletedBlockTransactionScanner
2019-06-13 13:50:47,323 DEBUG block.SCMBlockDeletingService (SCMBlockDeletingService.java:call(155)) - Scanned deleted blocks log and got 0 delTX to process.
2019-06-13 13:50:47,323 INFO  client.GrpcClientProtocolClient (GrpcClientProtocolClient.java:onNext(254)) - client-D47EFDF0E133->5d71e5de-6d45-4480-a1f1-d41cc2d38630: receive RaftClientReply:client-D47EFDF0E133->5d71e5de-6d45-4480-a1f1-d41cc2d38630@group-C6AEA7A4B82B, cid=3521, SUCCESS, logIndex=5828, commits[5d71e5de-6d45-4480-a1f1-d41cc2d38630:c5828]
2019-06-13 13:50:47,324 INFO  client.GrpcClientProtocolClient (GrpcClientProtocolClient.java:onNext(254)) - client-D47EFDF0E133->5d71e5de-6d45-4480-a1f1-d41cc2d38630: receive RaftClientReply:client-D47EFDF0E133->5d71e5de-6d45-4480-a1f1-d41cc2d38630@group-C6AEA7A4B82B, cid=3522, SUCCESS, logIndex=5830, commits[5d71e5de-6d45-4480-a1f1-d41cc2d38630:c5830]
2019-06-13 13:50:47,326 INFO  client.GrpcClientProtocolClient (GrpcClientProtocolClient.java:onNext(254)) - client-D47EFDF0E133->5d71e5de-6d45-4480-a1f1-d41cc2d38630: receive RaftClientReply:client-D47EFDF0E133->5d71e5de-6d45-4480-a1f1-d41cc2d38630@group-C6AEA7A4B82B, cid=3523, SUCCESS, logIndex=5831, commits[5d71e5de-6d45-4480-a1f1-d41cc2d38630:c5833]
2019-06-13 13:50:47,326 INFO  client.GrpcClientProtocolClient (GrpcClientProtocolClient.java:onNext(254)) - client-D47EFDF0E133->5d71e5de-6d45-4480-a1f1-d41cc2d38630: receive RaftClientReply:client-D47EFDF0E133->5d71e5de-6d45-4480-a1f1-d41cc2d38630@group-C6AEA7A4B82B, cid=3524, SUCCESS, logIndex=5833, commits[5d71e5de-6d45-4480-a1f1-d41cc2d38630:c5833]
2019-06-13 13:50:47,330 INFO  client.GrpcClientProtocolClient (GrpcClientProtocolClient.java:onNext(254)) - client-D47EFDF0E133->5d71e5de-6d45-4480-a1f1-d41cc2d38630: receive RaftClientReply:client-D47EFDF0E133->5d71e5de-6d45-4480-a1f1-d41cc2d38630@group-C6AEA7A4B82B, cid=3525, SUCCESS, logIndex=5835, commits[5d71e5de-6d45-4480-a1f1-d41cc2d38630:c5835]
2019-06-13 13:50:47,331 INFO  storage.RaftLogWorker (RaftLogWorker.java:rollLogSegment(303)) - 5d71e5de-6d45-4480-a1f1-d41cc2d38630-RaftLogWorker: Rolling segment log-5773_5838 to index:5838
2019-06-13 13:50:47,332 INFO  client.GrpcClientProtocolClient (GrpcClientProtocolClient.java:onNext(254)) - client-D47EFDF0E133->5d71e5de-6d45-4480-a1f1-d41cc2d38630: receive RaftClientReply:client-D47EFDF0E133->5d71e5de-6d45-4480-a1f1-d41cc2d38630@group-C6AEA7A4B82B, cid=3526, SUCCESS, logIndex=5837, commits[5d71e5de-6d45-4480-a1f1-d41cc2d38630:c5837]
2019-06-13 13:50:47,332 INFO  storage.RaftLogWorker (RaftLogWorker.java:execute(433)) - 5d71e5de-6d45-4480-a1f1-d41cc2d38630-RaftLogWorker: Rolled log segment from /opt/src/hadoop-ozone/integration-test/target/test-dir/MiniOzoneClusterImpl-c05bfa39-b333-4767-bc96-5a78f3430938/datanode-0/data/ratis/3aee30eb-3db1-472a-b851-c6aea7a4b82b/current/log_inprogress_5773 to /opt/src/hadoop-ozone/integration-test/target/test-dir/MiniOzoneClusterImpl-c05bfa39-b333-4767-bc96-5a78f3430938/datanode-0/data/ratis/3aee30eb-3db1-472a-b851-c6aea7a4b82b/current/log_5773-5838
2019-06-13 13:50:47,334 INFO  client.GrpcClientProtocolClient (GrpcClientProtocolClient.java:onNext(254)) - client-D47EFDF0E133->5d71e5de-6d45-4480-a1f1-d41cc2d38630: receive RaftClientReply:client-D47EFDF0E133->5d71e5de-6d45-4480-a1f1-d41cc2d38630@group-C6AEA7A4B82B, cid=3527, SUCCESS, logIndex=5838, commits[5d71e5de-6d45-4480-a1f1-d41cc2d38630:c5838]
2019-06-13 13:50:47,368 INFO  storage.RaftLogWorker (RaftLogWorker.java:execute(469)) - 5d71e5de-6d45-4480-a1f1-d41cc2d38630-RaftLogWorker: created new log segment /opt/src/hadoop-ozone/integration-test/target/test-dir/MiniOzoneClusterImpl-c05bfa39-b333-4767-bc96-5a78f3430938/datanode-0/data/ratis/3aee30eb-3db1-472a-b851-c6aea7a4b82b/current/log_inprogress_5839
2019-06-13 13:50:47,372 INFO  client.GrpcClientProtocolClient (GrpcClientProtocolClient.java:onNext(254)) - client-D47EFDF0E133->5d71e5de-6d45-4480-a1f1-d41cc2d38630: receive RaftClientReply:client-D47EFDF0E133->5d71e5de-6d45-4480-a1f1-d41cc2d38630@group-C6AEA7A4B82B, cid=3528, SUCCESS, logIndex=5839, commits[5d71e5de-6d45-4480-a1f1-d41cc2d38630:c5841]
2019-06-13 13:50:47,384 INFO  client.GrpcClientProtocolClient (GrpcClientProtocolClient.java:onNext(254)) - client-D47EFDF0E133->5d71e5de-6d45-4480-a1f1-d41cc2d38630: receive RaftClientReply:client-D47EFDF0E133->5d71e5de-6d45-4480-a1f1-d41cc2d38630@group-C6AEA7A4B82B, cid=3529, SUCCESS, logIndex=5842, commits[5d71e5de-6d45-4480-a1f1-d41cc2d38630:c5842]
2019-06-13 13:50:47,386 INFO  client.GrpcClientProtocolClient (GrpcClientProtocolClient.java:onNext(254)) - client-D47EFDF0E133->5d71e5de-6d45-4480-a1f1-d41cc2d38630: receive RaftClientReply:client-D47EFDF0E133->5d71e5de-6d45-4480-a1f1-d41cc2d38630@group-C6AEA7A4B82B, cid=3530, SUCCESS, logIndex=5844, commits[5d71e5de-6d45-4480-a1f1-d41cc2d38630:c5846]
2019-06-13 13:50:47,386 INFO  client.GrpcClientProtocolClient (GrpcClientProtocolClient.java:onNext(254)) - client-D47EFDF0E133->5d71e5de-6d45-4480-a1f1-d41cc2d38630: receive RaftClientReply:client-D47EFDF0E133->5d71e5de-6d45-4480-a1f1-d41cc2d38630@group-C6AEA7A4B82B, cid=3531, SUCCESS, logIndex=5845, commits[5d71e5de-6d45-4480-a1f1-d41cc2d38630:c5846]
2019-06-13 13:50:47,387 INFO  client.GrpcClientProtocolClient (GrpcClientProtocolClient.java:onNext(254)) - client-D47EFDF0E133->5d71e5de-6d45-4480-a1f1-d41cc2d38630: receive RaftClientReply:client-D47EFDF0E133->5d71e5de-6d45-4480-a1f1-d41cc2d38630@group-C6AEA7A4B82B, cid=3532, SUCCESS, logIndex=5846, commits[5d71e5de-6d45-4480-a1f1-d41cc2d38630:c5847]
2019-06-13 13:50:47,391 INFO  client.GrpcClientProtocolClient (GrpcClientProtocolClient.java:onNext(254)) - client-D47EFDF0E133->5d71e5de-6d45-4480-a1f1-d41cc2d38630: receive RaftClientReply:client-D47EFDF0E133->5d71e5de-6d45-4480-a1f1-d41cc2d38630@group-C6AEA7A4B82B, cid=3533, SUCCESS, logIndex=5848, commits[5d71e5de-6d45-4480-a1f1-d41cc2d38630:c5848]
2019-06-13 13:50:47,392 INFO  client.GrpcClientProtocolClient (GrpcClientProtocolClient.java:onNext(254)) - client-D47EFDF0E133->5d71e5de-6d45-4480-a1f1-d41cc2d38630: receive RaftClientReply:client-D47EFDF0E133->5d71e5de-6d45-4480-a1f1-d41cc2d38630@group-C6AEA7A4B82B, cid=3534, SUCCESS, logIndex=5850, commits[5d71e5de-6d45-4480-a1f1-d41cc2d38630:c5850]
2019-06-13 13:50:47,393 INFO  client.GrpcClientProtocolClient (GrpcClientProtocolClient.java:onNext(254)) - client-D47EFDF0E133->5d71e5de-6d45-4480-a1f1-d41cc2d38630: receive RaftClientReply:client-D47EFDF0E133->5d71e5de-6d45-4480-a1f1-d41cc2d38630@group-C6AEA7A4B82B, cid=3535, SUCCESS, logIndex=5851, commits[5d71e5de-6d45-4480-a1f1-d41cc2d38630:c5853]
2019-06-13 13:50:47,394 INFO  client.GrpcClientProtocolClient (GrpcClientProtocolClient.java:onNext(254)) - client-D47EFDF0E133->5d71e5de-6d45-4480-a1f1-d41cc2d38630: receive RaftClientReply:client-D47EFDF0E133->5d71e5de-6d45-4480-a1f1-d41cc2d38630@group-C6AEA7A4B82B, cid=3536, SUCCESS, logIndex=5852, commits[5d71e5de-6d45-4480-a1f1-d41cc2d38630:c5853]
2019-06-13 13:50:47,423 DEBUG block.SCMBlockDeletingService (SCMBlockDeletingService.java:call(138)) - Running DeletedBlockTransactionScanner
2019-06-13 13:50:47,423 DEBUG block.SCMBlockDeletingService (SCMBlockDeletingService.java:call(155)) - Scanned deleted blocks log and got 0 delTX to process.
2019-06-13 13:50:47,743 DEBUG block.SCMBlockDeletingService (SCMBlockDeletingService.java:call(138)) - Running DeletedBlockTransactionScanner
2019-06-13 13:50:47,743 DEBUG block.SCMBlockDeletingService (SCMBlockDeletingService.java:call(155)) - Scanned deleted blocks log and got 0 delTX to process.
2019-06-13 13:50:47,756 INFO  client.GrpcClientProtocolClient (GrpcClientProtocolClient.java:onNext(254)) - client-D47EFDF0E133->5d71e5de-6d45-4480-a1f1-d41cc2d38630: receive RaftClientReply:client-D47EFDF0E133->5d71e5de-6d45-4480-a1f1-d41cc2d38630@group-C6AEA7A4B82B, cid=3537, SUCCESS, logIndex=5854, commits[5d71e5de-6d45-4480-a1f1-d41cc2d38630:c5854]
2019-06-13 13:50:47,758 INFO  client.GrpcClientProtocolClient (GrpcClientProtocolClient.java:onNext(254)) - client-D47EFDF0E133->5d71e5de-6d45-4480-a1f1-d41cc2d38630: receive RaftClientReply:client-D47EFDF0E133->5d71e5de-6d45-4480-a1f1-d41cc2d38630@group-C6AEA7A4B82B, cid=3538, SUCCESS, logIndex=5856, commits[5d71e5de-6d45-4480-a1f1-d41cc2d38630:c5856]
2019-06-13 13:50:47,762 INFO  client.GrpcClientProtocolClient (GrpcClientProtocolClient.java:onNext(254)) - client-D47EFDF0E133->5d71e5de-6d45-4480-a1f1-d41cc2d38630: receive RaftClientReply:client-D47EFDF0E133->5d71e5de-6d45-4480-a1f1-d41cc2d38630@group-C6AEA7A4B82B, cid=3539, SUCCESS, logIndex=5857, commits[5d71e5de-6d45-4480-a1f1-d41cc2d38630:c5857]
2019-06-13 13:50:47,762 INFO  client.GrpcClientProtocolClient (GrpcClientProtocolClient.java:onNext(254)) - client-D47EFDF0E133->5d71e5de-6d45-4480-a1f1-d41cc2d38630: receive RaftClientReply:client-D47EFDF0E133->5d71e5de-6d45-4480-a1f1-d41cc2d38630@group-C6AEA7A4B82B, cid=3540, SUCCESS, logIndex=5859, commits[5d71e5de-6d45-4480-a1f1-d41cc2d38630:c5860]
2019-06-13 13:50:47,768 INFO  client.GrpcClientProtocolClient (GrpcClientProtocolClient.java:onNext(254)) - client-D47EFDF0E133->5d71e5de-6d45-4480-a1f1-d41cc2d38630: receive RaftClientReply:client-D47EFDF0E133->5d71e5de-6d45-4480-a1f1-d41cc2d38630@group-C6AEA7A4B82B, cid=3541, SUCCESS, logIndex=5861, commits[5d71e5de-6d45-4480-a1f1-d41cc2d38630:c5862]
2019-06-13 13:50:47,770 INFO  client.GrpcClientProtocolClient (GrpcClientProtocolClient.java:onNext(254)) - client-D47EFDF0E133->5d71e5de-6d45-4480-a1f1-d41cc2d38630: receive RaftClientReply:client-D47EFDF0E133->5d71e5de-6d45-4480-a1f1-d41cc2d38630@group-C6AEA7A4B82B, cid=3542, SUCCESS, logIndex=5863, commits[5d71e5de-6d45-4480-a1f1-d41cc2d38630:c5863]
2019-06-13 13:50:47,770 INFO  client.GrpcClientProtocolClient (GrpcClientProtocolClient.java:onNext(254)) - client-D47EFDF0E133->5d71e5de-6d45-4480-a1f1-d41cc2d38630: receive RaftClientReply:client-D47EFDF0E133->5d71e5de-6d45-4480-a1f1-d41cc2d38630@group-C6AEA7A4B82B, cid=3543, SUCCESS, logIndex=5864, commits[5d71e5de-6d45-4480-a1f1-d41cc2d38630:c5866]
2019-06-13 13:50:47,771 INFO  client.GrpcClientProtocolClient (GrpcClientProtocolClient.java:onNext(254)) - client-D47EFDF0E133->5d71e5de-6d45-4480-a1f1-d41cc2d38630: receive RaftClientReply:client-D47EFDF0E133->5d71e5de-6d45-4480-a1f1-d41cc2d38630@group-C6AEA7A4B82B, cid=3544, SUCCESS, logIndex=5865, commits[5d71e5de-6d45-4480-a1f1-d41cc2d38630:c5866]
2019-06-13 13:50:47,781 INFO  client.GrpcClientProtocolClient (GrpcClientProtocolClient.java:onNext(254)) - client-D47EFDF0E133->5d71e5de-6d45-4480-a1f1-d41cc2d38630: receive RaftClientReply:client-D47EFDF0E133->5d71e5de-6d45-4480-a1f1-d41cc2d38630@group-C6AEA7A4B82B, cid=3545, SUCCESS, logIndex=5867, commits[5d71e5de-6d45-4480-a1f1-d41cc2d38630:c5867]
2019-06-13 13:50:47,783 INFO  client.GrpcClientProtocolClient (GrpcClientProtocolClient.java:onNext(254)) - client-D47EFDF0E133->5d71e5de-6d45-4480-a1f1-d41cc2d38630: receive RaftClientReply:client-D47EFDF0E133->5d71e5de-6d45-4480-a1f1-d41cc2d38630@group-C6AEA7A4B82B, cid=3546, SUCCESS, logIndex=5869, commits[5d71e5de-6d45-4480-a1f1-d41cc2d38630:c5869]
2019-06-13 13:50:47,784 INFO  client.GrpcClientProtocolClient (GrpcClientProtocolClient.java:onNext(254)) - client-D47EFDF0E133->5d71e5de-6d45-4480-a1f1-d41cc2d38630: receive RaftClientReply:client-D47EFDF0E133->5d71e5de-6d45-4480-a1f1-d41cc2d38630@group-C6AEA7A4B82B, cid=3547, SUCCESS, logIndex=5870, commits[5d71e5de-6d45-4480-a1f1-d41cc2d38630:c5872]
2019-06-13 13:50:47,784 INFO  client.GrpcClientProtocolClient (GrpcClientProtocolClient.java:onNext(254)) - client-D47EFDF0E133->5d71e5de-6d45-4480-a1f1-d41cc2d38630: receive RaftClientReply:client-D47EFDF0E133->5d71e5de-6d45-4480-a1f1-d41cc2d38630@group-C6AEA7A4B82B, cid=3548, SUCCESS, logIndex=5871, commits[5d71e5de-6d45-4480-a1f1-d41cc2d38630:c5872]
2019-06-13 13:50:47,789 INFO  client.GrpcClientProtocolClient (GrpcClientProtocolClient.java:onNext(254)) - client-D47EFDF0E133->5d71e5de-6d45-4480-a1f1-d41cc2d38630: receive RaftClientReply:client-D47EFDF0E133->5d71e5de-6d45-4480-a1f1-d41cc2d38630@group-C6AEA7A4B82B, cid=3549, SUCCESS, logIndex=5873, commits[5d71e5de-6d45-4480-a1f1-d41cc2d38630:c5873]
2019-06-13 13:50:47,791 INFO  client.GrpcClientProtocolClient (GrpcClientProtocolClient.java:onNext(254)) - client-D47EFDF0E133->5d71e5de-6d45-4480-a1f1-d41cc2d38630: receive RaftClientReply:client-D47EFDF0E133->5d71e5de-6d45-4480-a1f1-d41cc2d38630@group-C6AEA7A4B82B, cid=3550, SUCCESS, logIndex=5875, commits[5d71e5de-6d45-4480-a1f1-d41cc2d38630:c5875]
2019-06-13 13:50:47,792 INFO  client.GrpcClientProtocolClient (GrpcClientProtocolClient.java:onNext(254)) - client-D47EFDF0E133->5d71e5de-6d45-4480-a1f1-d41cc2d38630: receive RaftClientReply:client-D47EFDF0E133->5d71e5de-6d45-4480-a1f1-d41cc2d38630@group-C6AEA7A4B82B, cid=3551, SUCCESS, logIndex=5876, commits[5d71e5de-6d45-4480-a1f1-d41cc2d38630:c5878]
2019-06-13 13:50:47,792 INFO  client.GrpcClientProtocolClient (GrpcClientProtocolClient.java:onNext(254)) - client-D47EFDF0E133->5d71e5de-6d45-4480-a1f1-d41cc2d38630: receive RaftClientReply:client-D47EFDF0E133->5d71e5de-6d45-4480-a1f1-d41cc2d38630@group-C6AEA7A4B82B, cid=3552, SUCCESS, logIndex=5877, commits[5d71e5de-6d45-4480-a1f1-d41cc2d38630:c5878]
2019-06-13 13:50:47,802 INFO  client.GrpcClientProtocolClient (GrpcClientProtocolClient.java:onNext(254)) - client-D47EFDF0E133->5d71e5de-6d45-4480-a1f1-d41cc2d38630: receive RaftClientReply:client-D47EFDF0E133->5d71e5de-6d45-4480-a1f1-d41cc2d38630@group-C6AEA7A4B82B, cid=3553, SUCCESS, logIndex=5879, commits[5d71e5de-6d45-4480-a1f1-d41cc2d38630:c5879]
2019-06-13 13:50:47,804 INFO  client.GrpcClientProtocolClient (GrpcClientProtocolClient.java:onNext(254)) - client-D47EFDF0E133->5d71e5de-6d45-4480-a1f1-d41cc2d38630: receive RaftClientReply:client-D47EFDF0E133->5d71e5de-6d45-4480-a1f1-d41cc2d38630@group-C6AEA7A4B82B, cid=3554, SUCCESS, logIndex=5881, commits[5d71e5de-6d45-4480-a1f1-d41cc2d38630:c5881]
2019-06-13 13:50:47,805 INFO  client.GrpcClientProtocolClient (GrpcClientProtocolClient.java:onNext(254)) - client-D47EFDF0E133->5d71e5de-6d45-4480-a1f1-d41cc2d38630: receive RaftClientReply:client-D47EFDF0E133->5d71e5de-6d45-4480-a1f1-d41cc2d38630@group-C6AEA7A4B82B, cid=3555, SUCCESS, logIndex=5882, commits[5d71e5de-6d45-4480-a1f1-d41cc2d38630:c5883]
2019-06-13 13:50:47,805 INFO  client.GrpcClientProtocolClient (GrpcClientProtocolClient.java:onNext(254)) - client-D47EFDF0E133->5d71e5de-6d45-4480-a1f1-d41cc2d38630: receive RaftClientReply:client-D47EFDF0E133->5d71e5de-6d45-4480-a1f1-d41cc2d38630@group-C6AEA7A4B82B, cid=3556, SUCCESS, logIndex=5883, commits[5d71e5de-6d45-4480-a1f1-d41cc2d38630:c5883]
2019-06-13 13:50:47,810 INFO  client.GrpcClientProtocolClient (GrpcClientProtocolClient.java:onNext(254)) - client-D47EFDF0E133->5d71e5de-6d45-4480-a1f1-d41cc2d38630: receive RaftClientReply:client-D47EFDF0E133->5d71e5de-6d45-4480-a1f1-d41cc2d38630@group-C6AEA7A4B82B, cid=3557, SUCCESS, logIndex=5886, commits[5d71e5de-6d45-4480-a1f1-d41cc2d38630:c5886]
2019-06-13 13:50:47,812 INFO  client.GrpcClientProtocolClient (GrpcClientProtocolClient.java:onNext(254)) - client-D47EFDF0E133->5d71e5de-6d45-4480-a1f1-d41cc2d38630: receive RaftClientReply:client-D47EFDF0E133->5d71e5de-6d45-4480-a1f1-d41cc2d38630@group-C6AEA7A4B82B, cid=3558, SUCCESS, logIndex=5888, commits[5d71e5de-6d45-4480-a1f1-d41cc2d38630:c5888]
2019-06-13 13:50:47,813 INFO  client.GrpcClientProtocolClient (GrpcClientProtocolClient.java:onNext(254)) - client-D47EFDF0E133->5d71e5de-6d45-4480-a1f1-d41cc2d38630: receive RaftClientReply:client-D47EFDF0E133->5d71e5de-6d45-4480-a1f1-d41cc2d38630@group-C6AEA7A4B82B, cid=3559, SUCCESS, logIndex=5889, commits[5d71e5de-6d45-4480-a1f1-d41cc2d38630:c5891]
2019-06-13 13:50:47,813 INFO  client.GrpcClientProtocolClient (GrpcClientProtocolClient.java:onNext(254)) - client-D47EFDF0E133->5d71e5de-6d45-4480-a1f1-d41cc2d38630: receive RaftClientReply:client-D47EFDF0E133->5d71e5de-6d45-4480-a1f1-d41cc2d38630@group-C6AEA7A4B82B, cid=3560, SUCCESS, logIndex=5890, commits[5d71e5de-6d45-4480-a1f1-d41cc2d38630:c5891]
2019-06-13 13:50:47,823 INFO  client.GrpcClientProtocolClient (GrpcClientProtocolClient.java:onNext(254)) - client-D47EFDF0E133->5d71e5de-6d45-4480-a1f1-d41cc2d38630: receive RaftClientReply:client-D47EFDF0E133->5d71e5de-6d45-4480-a1f1-d41cc2d38630@group-C6AEA7A4B82B, cid=3561, SUCCESS, logIndex=5892, commits[5d71e5de-6d45-4480-a1f1-d41cc2d38630:c5892]
2019-06-13 13:50:47,825 INFO  client.GrpcClientProtocolClient (GrpcClientProtocolClient.java:onNext(254)) - client-D47EFDF0E133->5d71e5de-6d45-4480-a1f1-d41cc2d38630: receive RaftClientReply:client-D47EFDF0E133->5d71e5de-6d45-4480-a1f1-d41cc2d38630@group-C6AEA7A4B82B, cid=3562, SUCCESS, logIndex=5894, commits[5d71e5de-6d45-4480-a1f1-d41cc2d38630:c5894]
2019-06-13 13:50:47,825 INFO  client.GrpcClientProtocolClient (GrpcClientProtocolClient.java:onNext(254)) - client-D47EFDF0E133->5d71e5de-6d45-4480-a1f1-d41cc2d38630: receive RaftClientReply:client-D47EFDF0E133->5d71e5de-6d45-4480-a1f1-d41cc2d38630@group-C6AEA7A4B82B, cid=3563, SUCCESS, logIndex=5895, commits[5d71e5de-6d45-4480-a1f1-d41cc2d38630:c5897]
2019-06-13 13:50:47,826 INFO  client.GrpcClientProtocolClient (GrpcClientProtocolClient.java:onNext(254)) - client-D47EFDF0E133->5d71e5de-6d45-4480-a1f1-d41cc2d38630: receive RaftClientReply:client-D47EFDF0E133->5d71e5de-6d45-4480-a1f1-d41cc2d38630@group-C6AEA7A4B82B, cid=3564, SUCCESS, logIndex=5896, commits[5d71e5de-6d45-4480-a1f1-d41cc2d38630:c5897]
2019-06-13 13:50:47,831 INFO  client.GrpcClientProtocolClient (GrpcClientProtocolClient.java:onNext(254)) - client-D47EFDF0E133->5d71e5de-6d45-4480-a1f1-d41cc2d38630: receive RaftClientReply:client-D47EFDF0E133->5d71e5de-6d45-4480-a1f1-d41cc2d38630@group-C6AEA7A4B82B, cid=3565, SUCCESS, logIndex=5898, commits[5d71e5de-6d45-4480-a1f1-d41cc2d38630:c5898]
2019-06-13 13:50:47,832 INFO  client.GrpcClientProtocolClient (GrpcClientProtocolClient.java:onNext(254)) - client-D47EFDF0E133->5d71e5de-6d45-4480-a1f1-d41cc2d38630: receive RaftClientReply:client-D47EFDF0E133->5d71e5de-6d45-4480-a1f1-d41cc2d38630@group-C6AEA7A4B82B, cid=3566, SUCCESS, logIndex=5900, commits[5d71e5de-6d45-4480-a1f1-d41cc2d38630:c5900]
2019-06-13 13:50:47,833 INFO  client.GrpcClientProtocolClient (GrpcClientProtocolClient.java:onNext(254)) - client-D47EFDF0E133->5d71e5de-6d45-4480-a1f1-d41cc2d38630: receive RaftClientReply:client-D47EFDF0E133->5d71e5de-6d45-4480-a1f1-d41cc2d38630@group-C6AEA7A4B82B, cid=3567, SUCCESS, logIndex=5901, commits[5d71e5de-6d45-4480-a1f1-d41cc2d38630:c5903]
2019-06-13 13:50:47,834 INFO  client.GrpcClientProtocolClient (GrpcClientProtocolClient.java:onNext(254)) - client-D47EFDF0E133->5d71e5de-6d45-4480-a1f1-d41cc2d38630: receive RaftClientReply:client-D47EFDF0E133->5d71e5de-6d45-4480-a1f1-d41cc2d38630@group-C6AEA7A4B82B, cid=3568, SUCCESS, logIndex=5902, commits[5d71e5de-6d45-4480-a1f1-d41cc2d38630:c5903]
2019-06-13 13:50:47,844 DEBUG block.SCMBlockDeletingService (SCMBlockDeletingService.java:call(138)) - Running DeletedBlockTransactionScanner
2019-06-13 13:50:47,844 DEBUG block.SCMBlockDeletingService (SCMBlockDeletingService.java:call(155)) - Scanned deleted blocks log and got 0 delTX to process.
2019-06-13 13:50:47,844 INFO  client.GrpcClientProtocolClient (GrpcClientProtocolClient.java:onNext(254)) - client-D47EFDF0E133->5d71e5de-6d45-4480-a1f1-d41cc2d38630: receive RaftClientReply:client-D47EFDF0E133->5d71e5de-6d45-4480-a1f1-d41cc2d38630@group-C6AEA7A4B82B, cid=3569, SUCCESS, logIndex=5904, commits[5d71e5de-6d45-4480-a1f1-d41cc2d38630:c5904]
2019-06-13 13:50:47,844 INFO  storage.RaftLogWorker (RaftLogWorker.java:rollLogSegment(303)) - 5d71e5de-6d45-4480-a1f1-d41cc2d38630-RaftLogWorker: Rolling segment log-5839_5906 to index:5906
2019-06-13 13:50:47,845 INFO  storage.RaftLogWorker (RaftLogWorker.java:execute(433)) - 5d71e5de-6d45-4480-a1f1-d41cc2d38630-RaftLogWorker: Rolled log segment from /opt/src/hadoop-ozone/integration-test/target/test-dir/MiniOzoneClusterImpl-c05bfa39-b333-4767-bc96-5a78f3430938/datanode-0/data/ratis/3aee30eb-3db1-472a-b851-c6aea7a4b82b/current/log_inprogress_5839 to /opt/src/hadoop-ozone/integration-test/target/test-dir/MiniOzoneClusterImpl-c05bfa39-b333-4767-bc96-5a78f3430938/datanode-0/data/ratis/3aee30eb-3db1-472a-b851-c6aea7a4b82b/current/log_5839-5906
2019-06-13 13:50:47,846 INFO  client.GrpcClientProtocolClient (GrpcClientProtocolClient.java:onNext(254)) - client-D47EFDF0E133->5d71e5de-6d45-4480-a1f1-d41cc2d38630: receive RaftClientReply:client-D47EFDF0E133->5d71e5de-6d45-4480-a1f1-d41cc2d38630@group-C6AEA7A4B82B, cid=3570, SUCCESS, logIndex=5906, commits[5d71e5de-6d45-4480-a1f1-d41cc2d38630:c5906]
2019-06-13 13:50:47,884 INFO  storage.RaftLogWorker (RaftLogWorker.java:execute(469)) - 5d71e5de-6d45-4480-a1f1-d41cc2d38630-RaftLogWorker: created new log segment /opt/src/hadoop-ozone/integration-test/target/test-dir/MiniOzoneClusterImpl-c05bfa39-b333-4767-bc96-5a78f3430938/datanode-0/data/ratis/3aee30eb-3db1-472a-b851-c6aea7a4b82b/current/log_inprogress_5907
2019-06-13 13:50:47,885 INFO  client.GrpcClientProtocolClient (GrpcClientProtocolClient.java:onNext(254)) - client-D47EFDF0E133->5d71e5de-6d45-4480-a1f1-d41cc2d38630: receive RaftClientReply:client-D47EFDF0E133->5d71e5de-6d45-4480-a1f1-d41cc2d38630@group-C6AEA7A4B82B, cid=3571, SUCCESS, logIndex=5907, commits[5d71e5de-6d45-4480-a1f1-d41cc2d38630:c5909]
2019-06-13 13:50:47,886 INFO  client.GrpcClientProtocolClient (GrpcClientProtocolClient.java:onNext(254)) - client-D47EFDF0E133->5d71e5de-6d45-4480-a1f1-d41cc2d38630: receive RaftClientReply:client-D47EFDF0E133->5d71e5de-6d45-4480-a1f1-d41cc2d38630@group-C6AEA7A4B82B, cid=3572, SUCCESS, logIndex=5909, commits[5d71e5de-6d45-4480-a1f1-d41cc2d38630:c5910]
2019-06-13 13:50:47,891 INFO  client.GrpcClientProtocolClient (GrpcClientProtocolClient.java:onNext(254)) - client-D47EFDF0E133->5d71e5de-6d45-4480-a1f1-d41cc2d38630: receive RaftClientReply:client-D47EFDF0E133->5d71e5de-6d45-4480-a1f1-d41cc2d38630@group-C6AEA7A4B82B, cid=3573, SUCCESS, logIndex=5911, commits[5d71e5de-6d45-4480-a1f1-d41cc2d38630:c5911]
2019-06-13 13:50:47,892 INFO  client.GrpcClientProtocolClient (GrpcClientProtocolClient.java:onNext(254)) - client-D47EFDF0E133->5d71e5de-6d45-4480-a1f1-d41cc2d38630: receive RaftClientReply:client-D47EFDF0E133->5d71e5de-6d45-4480-a1f1-d41cc2d38630@group-C6AEA7A4B82B, cid=3574, SUCCESS, logIndex=5913, commits[5d71e5de-6d45-4480-a1f1-d41cc2d38630:c5913]
2019-06-13 13:50:47,893 INFO  client.GrpcClientProtocolClient (GrpcClientProtocolClient.java:onNext(254)) - client-D47EFDF0E133->5d71e5de-6d45-4480-a1f1-d41cc2d38630: receive RaftClientReply:client-D47EFDF0E133->5d71e5de-6d45-4480-a1f1-d41cc2d38630@group-C6AEA7A4B82B, cid=3575, SUCCESS, logIndex=5914, commits[5d71e5de-6d45-4480-a1f1-d41cc2d38630:c5916]
2019-06-13 13:50:47,893 INFO  client.GrpcClientProtocolClient (GrpcClientProtocolClient.java:onNext(254)) - client-D47EFDF0E133->5d71e5de-6d45-4480-a1f1-d41cc2d38630: receive RaftClientReply:client-D47EFDF0E133->5d71e5de-6d45-4480-a1f1-d41cc2d38630@group-C6AEA7A4B82B, cid=3576, SUCCESS, logIndex=5915, commits[5d71e5de-6d45-4480-a1f1-d41cc2d38630:c5916]
2019-06-13 13:50:47,904 INFO  client.GrpcClientProtocolClient (GrpcClientProtocolClient.java:onNext(254)) - client-D47EFDF0E133->5d71e5de-6d45-4480-a1f1-d41cc2d38630: receive RaftClientReply:client-D47EFDF0E133->5d71e5de-6d45-4480-a1f1-d41cc2d38630@group-C6AEA7A4B82B, cid=3577, SUCCESS, logIndex=5917, commits[5d71e5de-6d45-4480-a1f1-d41cc2d38630:c5917]
2019-06-13 13:50:47,906 INFO  client.GrpcClientProtocolClient (GrpcClientProtocolClient.java:onNext(254)) - client-D47EFDF0E133->5d71e5de-6d45-4480-a1f1-d41cc2d38630: receive RaftClientReply:client-D47EFDF0E133->5d71e5de-6d45-4480-a1f1-d41cc2d38630@group-C6AEA7A4B82B, cid=3578, SUCCESS, logIndex=5919, commits[5d71e5de-6d45-4480-a1f1-d41cc2d38630:c5919]
2019-06-13 13:50:47,907 INFO  client.GrpcClientProtocolClient (GrpcClientProtocolClient.java:onNext(254)) - client-D47EFDF0E133->5d71e5de-6d45-4480-a1f1-d41cc2d38630: receive RaftClientReply:client-D47EFDF0E133->5d71e5de-6d45-4480-a1f1-d41cc2d38630@group-C6AEA7A4B82B, cid=3579, SUCCESS, logIndex=5920, commits[5d71e5de-6d45-4480-a1f1-d41cc2d38630:c5922]
2019-06-13 13:50:47,907 INFO  client.GrpcClientProtocolClient (GrpcClientProtocolClient.java:onNext(254)) - client-D47EFDF0E133->5d71e5de-6d45-4480-a1f1-d41cc2d38630: receive RaftClientReply:client-D47EFDF0E133->5d71e5de-6d45-4480-a1f1-d41cc2d38630@group-C6AEA7A4B82B, cid=3580, SUCCESS, logIndex=5921, commits[5d71e5de-6d45-4480-a1f1-d41cc2d38630:c5922]
2019-06-13 13:50:47,944 DEBUG block.SCMBlockDeletingService (SCMBlockDeletingService.java:call(138)) - Running DeletedBlockTransactionScanner
2019-06-13 13:50:47,944 DEBUG block.SCMBlockDeletingService (SCMBlockDeletingService.java:call(155)) - Scanned deleted blocks log and got 0 delTX to process.
2019-06-13 13:50:47,979 INFO  client.GrpcClientProtocolClient (GrpcClientProtocolClient.java:onNext(254)) - client-D47EFDF0E133->5d71e5de-6d45-4480-a1f1-d41cc2d38630: receive RaftClientReply:client-D47EFDF0E133->5d71e5de-6d45-4480-a1f1-d41cc2d38630@group-C6AEA7A4B82B, cid=3581, SUCCESS, logIndex=5923, commits[5d71e5de-6d45-4480-a1f1-d41cc2d38630:c5923]
2019-06-13 13:50:47,981 INFO  client.GrpcClientProtocolClient (GrpcClientProtocolClient.java:onNext(254)) - client-D47EFDF0E133->5d71e5de-6d45-4480-a1f1-d41cc2d38630: receive RaftClientReply:client-D47EFDF0E133->5d71e5de-6d45-4480-a1f1-d41cc2d38630@group-C6AEA7A4B82B, cid=3582, SUCCESS, logIndex=5925, commits[5d71e5de-6d45-4480-a1f1-d41cc2d38630:c5925]
2019-06-13 13:50:47,982 INFO  client.GrpcClientProtocolClient (GrpcClientProtocolClient.java:onNext(254)) - client-D47EFDF0E133->5d71e5de-6d45-4480-a1f1-d41cc2d38630: receive RaftClientReply:client-D47EFDF0E133->5d71e5de-6d45-4480-a1f1-d41cc2d38630@group-C6AEA7A4B82B, cid=3583, SUCCESS, logIndex=5926, commits[5d71e5de-6d45-4480-a1f1-d41cc2d38630:c5928]
2019-06-13 13:50:47,982 INFO  client.GrpcClientProtocolClient (GrpcClientProtocolClient.java:onNext(254)) - client-D47EFDF0E133->5d71e5de-6d45-4480-a1f1-d41cc2d38630: receive RaftClientReply:client-D47EFDF0E133->5d71e5de-6d45-4480-a1f1-d41cc2d38630@group-C6AEA7A4B82B, cid=3584, SUCCESS, logIndex=5927, commits[5d71e5de-6d45-4480-a1f1-d41cc2d38630:c5928]
2019-06-13 13:50:47,993 INFO  client.GrpcClientProtocolClient (GrpcClientProtocolClient.java:onNext(254)) - client-D47EFDF0E133->5d71e5de-6d45-4480-a1f1-d41cc2d38630: receive RaftClientReply:client-D47EFDF0E133->5d71e5de-6d45-4480-a1f1-d41cc2d38630@group-C6AEA7A4B82B, cid=3585, SUCCESS, logIndex=5929, commits[5d71e5de-6d45-4480-a1f1-d41cc2d38630:c5929]
2019-06-13 13:50:47,998 INFO  client.GrpcClientProtocolClient (GrpcClientProtocolClient.java:onNext(254)) - client-D47EFDF0E133->5d71e5de-6d45-4480-a1f1-d41cc2d38630: receive RaftClientReply:client-D47EFDF0E133->5d71e5de-6d45-4480-a1f1-d41cc2d38630@group-C6AEA7A4B82B, cid=3586, SUCCESS, logIndex=5931, commits[5d71e5de-6d45-4480-a1f1-d41cc2d38630:c5931]
2019-06-13 13:50:47,998 INFO  client.GrpcClientProtocolClient (GrpcClientProtocolClient.java:onNext(254)) - client-D47EFDF0E133->5d71e5de-6d45-4480-a1f1-d41cc2d38630: receive RaftClientReply:client-D47EFDF0E133->5d71e5de-6d45-4480-a1f1-d41cc2d38630@group-C6AEA7A4B82B, cid=3587, SUCCESS, logIndex=5932, commits[5d71e5de-6d45-4480-a1f1-d41cc2d38630:c5934]
2019-06-13 13:50:47,999 INFO  client.GrpcClientProtocolClient (GrpcClientProtocolClient.java:onNext(254)) - client-D47EFDF0E133->5d71e5de-6d45-4480-a1f1-d41cc2d38630: receive RaftClientReply:client-D47EFDF0E133->5d71e5de-6d45-4480-a1f1-d41cc2d38630@group-C6AEA7A4B82B, cid=3588, SUCCESS, logIndex=5933, commits[5d71e5de-6d45-4480-a1f1-d41cc2d38630:c5934]
2019-06-13 13:50:48,004 INFO  client.GrpcClientProtocolClient (GrpcClientProtocolClient.java:onNext(254)) - client-D47EFDF0E133->5d71e5de-6d45-4480-a1f1-d41cc2d38630: receive RaftClientReply:client-D47EFDF0E133->5d71e5de-6d45-4480-a1f1-d41cc2d38630@group-C6AEA7A4B82B, cid=3589, SUCCESS, logIndex=5935, commits[5d71e5de-6d45-4480-a1f1-d41cc2d38630:c5935]
2019-06-13 13:50:48,005 INFO  client.GrpcClientProtocolClient (GrpcClientProtocolClient.java:onNext(254)) - client-D47EFDF0E133->5d71e5de-6d45-4480-a1f1-d41cc2d38630: receive RaftClientReply:client-D47EFDF0E133->5d71e5de-6d45-4480-a1f1-d41cc2d38630@group-C6AEA7A4B82B, cid=3590, SUCCESS, logIndex=5937, commits[5d71e5de-6d45-4480-a1f1-d41cc2d38630:c5937]
2019-06-13 13:50:48,006 INFO  client.GrpcClientProtocolClient (GrpcClientProtocolClient.java:onNext(254)) - client-D47EFDF0E133->5d71e5de-6d45-4480-a1f1-d41cc2d38630: receive RaftClientReply:client-D47EFDF0E133->5d71e5de-6d45-4480-a1f1-d41cc2d38630@group-C6AEA7A4B82B, cid=3591, SUCCESS, logIndex=5938, commits[5d71e5de-6d45-4480-a1f1-d41cc2d38630:c5940]
2019-06-13 13:50:48,006 INFO  client.GrpcClientProtocolClient (GrpcClientProtocolClient.java:onNext(254)) - client-D47EFDF0E133->5d71e5de-6d45-4480-a1f1-d41cc2d38630: receive RaftClientReply:client-D47EFDF0E133->5d71e5de-6d45-4480-a1f1-d41cc2d38630@group-C6AEA7A4B82B, cid=3592, SUCCESS, logIndex=5939, commits[5d71e5de-6d45-4480-a1f1-d41cc2d38630:c5940]
2019-06-13 13:50:48,017 INFO  client.GrpcClientProtocolClient (GrpcClientProtocolClient.java:onNext(254)) - client-D47EFDF0E133->5d71e5de-6d45-4480-a1f1-d41cc2d38630: receive RaftClientReply:client-D47EFDF0E133->5d71e5de-6d45-4480-a1f1-d41cc2d38630@group-C6AEA7A4B82B, cid=3593, SUCCESS, logIndex=5941, commits[5d71e5de-6d45-4480-a1f1-d41cc2d38630:c5941]
2019-06-13 13:50:48,018 INFO  client.GrpcClientProtocolClient (GrpcClientProtocolClient.java:onNext(254)) - client-D47EFDF0E133->5d71e5de-6d45-4480-a1f1-d41cc2d38630: receive RaftClientReply:client-D47EFDF0E133->5d71e5de-6d45-4480-a1f1-d41cc2d38630@group-C6AEA7A4B82B, cid=3594, SUCCESS, logIndex=5943, commits[5d71e5de-6d45-4480-a1f1-d41cc2d38630:c5943]
2019-06-13 13:50:48,019 INFO  client.GrpcClientProtocolClient (GrpcClientProtocolClient.java:onNext(254)) - client-D47EFDF0E133->5d71e5de-6d45-4480-a1f1-d41cc2d38630: receive RaftClientReply:client-D47EFDF0E133->5d71e5de-6d45-4480-a1f1-d41cc2d38630@group-C6AEA7A4B82B, cid=3595, SUCCESS, logIndex=5944, commits[5d71e5de-6d45-4480-a1f1-d41cc2d38630:c5946]
2019-06-13 13:50:48,019 INFO  client.GrpcClientProtocolClient (GrpcClientProtocolClient.java:onNext(254)) - client-D47EFDF0E133->5d71e5de-6d45-4480-a1f1-d41cc2d38630: receive RaftClientReply:client-D47EFDF0E133->5d71e5de-6d45-4480-a1f1-d41cc2d38630@group-C6AEA7A4B82B, cid=3596, SUCCESS, logIndex=5945, commits[5d71e5de-6d45-4480-a1f1-d41cc2d38630:c5946]
2019-06-13 13:50:48,024 INFO  client.GrpcClientProtocolClient (GrpcClientProtocolClient.java:onNext(254)) - client-D47EFDF0E133->5d71e5de-6d45-4480-a1f1-d41cc2d38630: receive RaftClientReply:client-D47EFDF0E133->5d71e5de-6d45-4480-a1f1-d41cc2d38630@group-C6AEA7A4B82B, cid=3597, SUCCESS, logIndex=5947, commits[5d71e5de-6d45-4480-a1f1-d41cc2d38630:c5947]
2019-06-13 13:50:48,025 INFO  client.GrpcClientProtocolClient (GrpcClientProtocolClient.java:onNext(254)) - client-D47EFDF0E133->5d71e5de-6d45-4480-a1f1-d41cc2d38630: receive RaftClientReply:client-D47EFDF0E133->5d71e5de-6d45-4480-a1f1-d41cc2d38630@group-C6AEA7A4B82B, cid=3598, SUCCESS, logIndex=5949, commits[5d71e5de-6d45-4480-a1f1-d41cc2d38630:c5949]
2019-06-13 13:50:48,026 INFO  client.GrpcClientProtocolClient (GrpcClientProtocolClient.java:onNext(254)) - client-D47EFDF0E133->5d71e5de-6d45-4480-a1f1-d41cc2d38630: receive RaftClientReply:client-D47EFDF0E133->5d71e5de-6d45-4480-a1f1-d41cc2d38630@group-C6AEA7A4B82B, cid=3599, SUCCESS, logIndex=5950, commits[5d71e5de-6d45-4480-a1f1-d41cc2d38630:c5952]
2019-06-13 13:50:48,026 INFO  client.GrpcClientProtocolClient (GrpcClientProtocolClient.java:onNext(254)) - client-D47EFDF0E133->5d71e5de-6d45-4480-a1f1-d41cc2d38630: receive RaftClientReply:client-D47EFDF0E133->5d71e5de-6d45-4480-a1f1-d41cc2d38630@group-C6AEA7A4B82B, cid=3600, SUCCESS, logIndex=5951, commits[5d71e5de-6d45-4480-a1f1-d41cc2d38630:c5952]
2019-06-13 13:50:48,035 INFO  client.GrpcClientProtocolClient (GrpcClientProtocolClient.java:onNext(254)) - client-D47EFDF0E133->5d71e5de-6d45-4480-a1f1-d41cc2d38630: receive RaftClientReply:client-D47EFDF0E133->5d71e5de-6d45-4480-a1f1-d41cc2d38630@group-C6AEA7A4B82B, cid=3601, SUCCESS, logIndex=5953, commits[5d71e5de-6d45-4480-a1f1-d41cc2d38630:c5953]
2019-06-13 13:50:48,037 INFO  client.GrpcClientProtocolClient (GrpcClientProtocolClient.java:onNext(254)) - client-D47EFDF0E133->5d71e5de-6d45-4480-a1f1-d41cc2d38630: receive RaftClientReply:client-D47EFDF0E133->5d71e5de-6d45-4480-a1f1-d41cc2d38630@group-C6AEA7A4B82B, cid=3602, SUCCESS, logIndex=5955, commits[5d71e5de-6d45-4480-a1f1-d41cc2d38630:c5955]
2019-06-13 13:50:48,038 INFO  client.GrpcClientProtocolClient (GrpcClientProtocolClient.java:onNext(254)) - client-D47EFDF0E133->5d71e5de-6d45-4480-a1f1-d41cc2d38630: receive RaftClientReply:client-D47EFDF0E133->5d71e5de-6d45-4480-a1f1-d41cc2d38630@group-C6AEA7A4B82B, cid=3603, SUCCESS, logIndex=5956, commits[5d71e5de-6d45-4480-a1f1-d41cc2d38630:c5958]
2019-06-13 13:50:48,038 INFO  client.GrpcClientProtocolClient (GrpcClientProtocolClient.java:onNext(254)) - client-D47EFDF0E133->5d71e5de-6d45-4480-a1f1-d41cc2d38630: receive RaftClientReply:client-D47EFDF0E133->5d71e5de-6d45-4480-a1f1-d41cc2d38630@group-C6AEA7A4B82B, cid=3604, SUCCESS, logIndex=5957, commits[5d71e5de-6d45-4480-a1f1-d41cc2d38630:c5958]
2019-06-13 13:50:48,043 INFO  client.GrpcClientProtocolClient (GrpcClientProtocolClient.java:onNext(254)) - client-D47EFDF0E133->5d71e5de-6d45-4480-a1f1-d41cc2d38630: receive RaftClientReply:client-D47EFDF0E133->5d71e5de-6d45-4480-a1f1-d41cc2d38630@group-C6AEA7A4B82B, cid=3605, SUCCESS, logIndex=5959, commits[5d71e5de-6d45-4480-a1f1-d41cc2d38630:c5959]
2019-06-13 13:50:48,044 INFO  client.GrpcClientProtocolClient (GrpcClientProtocolClient.java:onNext(254)) - client-D47EFDF0E133->5d71e5de-6d45-4480-a1f1-d41cc2d38630: receive RaftClientReply:client-D47EFDF0E133->5d71e5de-6d45-4480-a1f1-d41cc2d38630@group-C6AEA7A4B82B, cid=3606, SUCCESS, logIndex=5961, commits[5d71e5de-6d45-4480-a1f1-d41cc2d38630:c5961]
2019-06-13 13:50:48,045 DEBUG block.SCMBlockDeletingService (SCMBlockDeletingService.java:call(138)) - Running DeletedBlockTransactionScanner
2019-06-13 13:50:48,045 DEBUG block.SCMBlockDeletingService (SCMBlockDeletingService.java:call(155)) - Scanned deleted blocks log and got 0 delTX to process.
2019-06-13 13:50:48,045 INFO  client.GrpcClientProtocolClient (GrpcClientProtocolClient.java:onNext(254)) - client-D47EFDF0E133->5d71e5de-6d45-4480-a1f1-d41cc2d38630: receive RaftClientReply:client-D47EFDF0E133->5d71e5de-6d45-4480-a1f1-d41cc2d38630@group-C6AEA7A4B82B, cid=3607, SUCCESS, logIndex=5962, commits[5d71e5de-6d45-4480-a1f1-d41cc2d38630:c5964]
2019-06-13 13:50:48,045 INFO  client.GrpcClientProtocolClient (GrpcClientProtocolClient.java:onNext(254)) - client-D47EFDF0E133->5d71e5de-6d45-4480-a1f1-d41cc2d38630: receive RaftClientReply:client-D47EFDF0E133->5d71e5de-6d45-4480-a1f1-d41cc2d38630@group-C6AEA7A4B82B, cid=3608, SUCCESS, logIndex=5963, commits[5d71e5de-6d45-4480-a1f1-d41cc2d38630:c5964]
2019-06-13 13:50:48,055 INFO  client.GrpcClientProtocolClient (GrpcClientProtocolClient.java:onNext(254)) - client-D47EFDF0E133->5d71e5de-6d45-4480-a1f1-d41cc2d38630: receive RaftClientReply:client-D47EFDF0E133->5d71e5de-6d45-4480-a1f1-d41cc2d38630@group-C6AEA7A4B82B, cid=3609, SUCCESS, logIndex=5965, commits[5d71e5de-6d45-4480-a1f1-d41cc2d38630:c5965]
2019-06-13 13:50:48,056 INFO  client.GrpcClientProtocolClient (GrpcClientProtocolClient.java:onNext(254)) - client-D47EFDF0E133->5d71e5de-6d45-4480-a1f1-d41cc2d38630: receive RaftClientReply:client-D47EFDF0E133->5d71e5de-6d45-4480-a1f1-d41cc2d38630@group-C6AEA7A4B82B, cid=3610, SUCCESS, logIndex=5967, commits[5d71e5de-6d45-4480-a1f1-d41cc2d38630:c5967]
2019-06-13 13:50:48,057 INFO  client.GrpcClientProtocolClient (GrpcClientProtocolClient.java:onNext(254)) - client-D47EFDF0E133->5d71e5de-6d45-4480-a1f1-d41cc2d38630: receive RaftClientReply:client-D47EFDF0E133->5d71e5de-6d45-4480-a1f1-d41cc2d38630@group-C6AEA7A4B82B, cid=3611, SUCCESS, logIndex=5968, commits[5d71e5de-6d45-4480-a1f1-d41cc2d38630:c5970]
2019-06-13 13:50:48,058 INFO  client.GrpcClientProtocolClient (GrpcClientProtocolClient.java:onNext(254)) - client-D47EFDF0E133->5d71e5de-6d45-4480-a1f1-d41cc2d38630: receive RaftClientReply:client-D47EFDF0E133->5d71e5de-6d45-4480-a1f1-d41cc2d38630@group-C6AEA7A4B82B, cid=3612, SUCCESS, logIndex=5969, commits[5d71e5de-6d45-4480-a1f1-d41cc2d38630:c5970]
2019-06-13 13:50:48,062 INFO  client.GrpcClientProtocolClient (GrpcClientProtocolClient.java:onNext(254)) - client-D47EFDF0E133->5d71e5de-6d45-4480-a1f1-d41cc2d38630: receive RaftClientReply:client-D47EFDF0E133->5d71e5de-6d45-4480-a1f1-d41cc2d38630@group-C6AEA7A4B82B, cid=3613, SUCCESS, logIndex=5971, commits[5d71e5de-6d45-4480-a1f1-d41cc2d38630:c5971]
2019-06-13 13:50:48,062 INFO  storage.RaftLogWorker (RaftLogWorker.java:rollLogSegment(303)) - 5d71e5de-6d45-4480-a1f1-d41cc2d38630-RaftLogWorker: Rolling segment log-5907_5972 to index:5972
2019-06-13 13:50:48,062 INFO  storage.RaftLogWorker (RaftLogWorker.java:execute(433)) - 5d71e5de-6d45-4480-a1f1-d41cc2d38630-RaftLogWorker: Rolled log segment from /opt/src/hadoop-ozone/integration-test/target/test-dir/MiniOzoneClusterImpl-c05bfa39-b333-4767-bc96-5a78f3430938/datanode-0/data/ratis/3aee30eb-3db1-472a-b851-c6aea7a4b82b/current/log_inprogress_5907 to /opt/src/hadoop-ozone/integration-test/target/test-dir/MiniOzoneClusterImpl-c05bfa39-b333-4767-bc96-5a78f3430938/datanode-0/data/ratis/3aee30eb-3db1-472a-b851-c6aea7a4b82b/current/log_5907-5972
2019-06-13 13:50:48,098 INFO  storage.RaftLogWorker (RaftLogWorker.java:execute(469)) - 5d71e5de-6d45-4480-a1f1-d41cc2d38630-RaftLogWorker: created new log segment /opt/src/hadoop-ozone/integration-test/target/test-dir/MiniOzoneClusterImpl-c05bfa39-b333-4767-bc96-5a78f3430938/datanode-0/data/ratis/3aee30eb-3db1-472a-b851-c6aea7a4b82b/current/log_inprogress_5973
2019-06-13 13:50:48,100 INFO  client.GrpcClientProtocolClient (GrpcClientProtocolClient.java:onNext(254)) - client-D47EFDF0E133->5d71e5de-6d45-4480-a1f1-d41cc2d38630: receive RaftClientReply:client-D47EFDF0E133->5d71e5de-6d45-4480-a1f1-d41cc2d38630@group-C6AEA7A4B82B, cid=3614, SUCCESS, logIndex=5973, commits[5d71e5de-6d45-4480-a1f1-d41cc2d38630:c5975]
2019-06-13 13:50:48,100 INFO  client.GrpcClientProtocolClient (GrpcClientProtocolClient.java:onNext(254)) - client-D47EFDF0E133->5d71e5de-6d45-4480-a1f1-d41cc2d38630: receive RaftClientReply:client-D47EFDF0E133->5d71e5de-6d45-4480-a1f1-d41cc2d38630@group-C6AEA7A4B82B, cid=3615, SUCCESS, logIndex=5974, commits[5d71e5de-6d45-4480-a1f1-d41cc2d38630:c5976]
2019-06-13 13:50:48,100 INFO  client.GrpcClientProtocolClient (GrpcClientProtocolClient.java:onNext(254)) - client-D47EFDF0E133->5d71e5de-6d45-4480-a1f1-d41cc2d38630: receive RaftClientReply:client-D47EFDF0E133->5d71e5de-6d45-4480-a1f1-d41cc2d38630@group-C6AEA7A4B82B, cid=3616, SUCCESS, logIndex=5975, commits[5d71e5de-6d45-4480-a1f1-d41cc2d38630:c5976]
2019-06-13 13:50:48,110 INFO  client.GrpcClientProtocolClient (GrpcClientProtocolClient.java:onNext(254)) - client-D47EFDF0E133->5d71e5de-6d45-4480-a1f1-d41cc2d38630: receive RaftClientReply:client-D47EFDF0E133->5d71e5de-6d45-4480-a1f1-d41cc2d38630@group-C6AEA7A4B82B, cid=3617, SUCCESS, logIndex=5977, commits[5d71e5de-6d45-4480-a1f1-d41cc2d38630:c5977]
2019-06-13 13:50:48,111 INFO  client.GrpcClientProtocolClient (GrpcClientProtocolClient.java:onNext(254)) - client-D47EFDF0E133->5d71e5de-6d45-4480-a1f1-d41cc2d38630: receive RaftClientReply:client-D47EFDF0E133->5d71e5de-6d45-4480-a1f1-d41cc2d38630@group-C6AEA7A4B82B, cid=3618, SUCCESS, logIndex=5979, commits[5d71e5de-6d45-4480-a1f1-d41cc2d38630:c5979]
2019-06-13 13:50:48,112 INFO  client.GrpcClientProtocolClient (GrpcClientProtocolClient.java:onNext(254)) - client-D47EFDF0E133->5d71e5de-6d45-4480-a1f1-d41cc2d38630: receive RaftClientReply:client-D47EFDF0E133->5d71e5de-6d45-4480-a1f1-d41cc2d38630@group-C6AEA7A4B82B, cid=3619, SUCCESS, logIndex=5980, commits[5d71e5de-6d45-4480-a1f1-d41cc2d38630:c5981]
2019-06-13 13:50:48,113 INFO  client.GrpcClientProtocolClient (GrpcClientProtocolClient.java:onNext(254)) - client-D47EFDF0E133->5d71e5de-6d45-4480-a1f1-d41cc2d38630: receive RaftClientReply:client-D47EFDF0E133->5d71e5de-6d45-4480-a1f1-d41cc2d38630@group-C6AEA7A4B82B, cid=3620, SUCCESS, logIndex=5982, commits[5d71e5de-6d45-4480-a1f1-d41cc2d38630:c5982]
2019-06-13 13:50:48,118 INFO  client.GrpcClientProtocolClient (GrpcClientProtocolClient.java:onNext(254)) - client-D47EFDF0E133->5d71e5de-6d45-4480-a1f1-d41cc2d38630: receive RaftClientReply:client-D47EFDF0E133->5d71e5de-6d45-4480-a1f1-d41cc2d38630@group-C6AEA7A4B82B, cid=3621, SUCCESS, logIndex=5984, commits[5d71e5de-6d45-4480-a1f1-d41cc2d38630:c5984]
2019-06-13 13:50:48,121 INFO  client.GrpcClientProtocolClient (GrpcClientProtocolClient.java:onNext(254)) - client-D47EFDF0E133->5d71e5de-6d45-4480-a1f1-d41cc2d38630: receive RaftClientReply:client-D47EFDF0E133->5d71e5de-6d45-4480-a1f1-d41cc2d38630@group-C6AEA7A4B82B, cid=3622, SUCCESS, logIndex=5986, commits[5d71e5de-6d45-4480-a1f1-d41cc2d38630:c5986]
2019-06-13 13:50:48,121 INFO  client.GrpcClientProtocolClient (GrpcClientProtocolClient.java:onNext(254)) - client-D47EFDF0E133->5d71e5de-6d45-4480-a1f1-d41cc2d38630: receive RaftClientReply:client-D47EFDF0E133->5d71e5de-6d45-4480-a1f1-d41cc2d38630@group-C6AEA7A4B82B, cid=3623, SUCCESS, logIndex=5987, commits[5d71e5de-6d45-4480-a1f1-d41cc2d38630:c5989]
2019-06-13 13:50:48,121 INFO  client.GrpcClientProtocolClient (GrpcClientProtocolClient.java:onNext(254)) - client-D47EFDF0E133->5d71e5de-6d45-4480-a1f1-d41cc2d38630: receive RaftClientReply:client-D47EFDF0E133->5d71e5de-6d45-4480-a1f1-d41cc2d38630@group-C6AEA7A4B82B, cid=3624, SUCCESS, logIndex=5988, commits[5d71e5de-6d45-4480-a1f1-d41cc2d38630:c5989]
2019-06-13 13:50:48,168 DEBUG block.SCMBlockDeletingService (SCMBlockDeletingService.java:call(138)) - Running DeletedBlockTransactionScanner
2019-06-13 13:50:48,168 DEBUG block.SCMBlockDeletingService (SCMBlockDeletingService.java:call(155)) - Scanned deleted blocks log and got 0 delTX to process.
2019-06-13 13:50:48,241 INFO  client.GrpcClientProtocolClient (GrpcClientProtocolClient.java:onNext(254)) - client-D47EFDF0E133->5d71e5de-6d45-4480-a1f1-d41cc2d38630: receive RaftClientReply:client-D47EFDF0E133->5d71e5de-6d45-4480-a1f1-d41cc2d38630@group-C6AEA7A4B82B, cid=3625, SUCCESS, logIndex=5991, commits[5d71e5de-6d45-4480-a1f1-d41cc2d38630:c5991]
2019-06-13 13:50:48,246 INFO  client.GrpcClientProtocolClient (GrpcClientProtocolClient.java:onNext(254)) - client-D47EFDF0E133->5d71e5de-6d45-4480-a1f1-d41cc2d38630: receive RaftClientReply:client-D47EFDF0E133->5d71e5de-6d45-4480-a1f1-d41cc2d38630@group-C6AEA7A4B82B, cid=3626, SUCCESS, logIndex=5993, commits[5d71e5de-6d45-4480-a1f1-d41cc2d38630:c5993]
2019-06-13 13:50:48,246 INFO  client.GrpcClientProtocolClient (GrpcClientProtocolClient.java:onNext(254)) - client-D47EFDF0E133->5d71e5de-6d45-4480-a1f1-d41cc2d38630: receive RaftClientReply:client-D47EFDF0E133->5d71e5de-6d45-4480-a1f1-d41cc2d38630@group-C6AEA7A4B82B, cid=3627, SUCCESS, logIndex=5994, commits[5d71e5de-6d45-4480-a1f1-d41cc2d38630:c5996]
2019-06-13 13:50:48,246 INFO  client.GrpcClientProtocolClient (GrpcClientProtocolClient.java:onNext(254)) - client-D47EFDF0E133->5d71e5de-6d45-4480-a1f1-d41cc2d38630: receive RaftClientReply:client-D47EFDF0E133->5d71e5de-6d45-4480-a1f1-d41cc2d38630@group-C6AEA7A4B82B, cid=3628, SUCCESS, logIndex=5995, commits[5d71e5de-6d45-4480-a1f1-d41cc2d38630:c5996]
2019-06-13 13:50:48,252 INFO  client.GrpcClientProtocolClient (GrpcClientProtocolClient.java:onNext(254)) - client-D47EFDF0E133->5d71e5de-6d45-4480-a1f1-d41cc2d38630: receive RaftClientReply:client-D47EFDF0E133->5d71e5de-6d45-4480-a1f1-d41cc2d38630@group-C6AEA7A4B82B, cid=3629, SUCCESS, logIndex=5997, commits[5d71e5de-6d45-4480-a1f1-d41cc2d38630:c5997]
2019-06-13 13:50:48,254 INFO  client.GrpcClientProtocolClient (GrpcClientProtocolClient.java:onNext(254)) - client-D47EFDF0E133->5d71e5de-6d45-4480-a1f1-d41cc2d38630: receive RaftClientReply:client-D47EFDF0E133->5d71e5de-6d45-4480-a1f1-d41cc2d38630@group-C6AEA7A4B82B, cid=3630, SUCCESS, logIndex=5999, commits[5d71e5de-6d45-4480-a1f1-d41cc2d38630:c5999]
2019-06-13 13:50:48,254 INFO  client.GrpcClientProtocolClient (GrpcClientProtocolClient.java:onNext(254)) - client-D47EFDF0E133->5d71e5de-6d45-4480-a1f1-d41cc2d38630: receive RaftClientReply:client-D47EFDF0E133->5d71e5de-6d45-4480-a1f1-d41cc2d38630@group-C6AEA7A4B82B, cid=3631, SUCCESS, logIndex=6000, commits[5d71e5de-6d45-4480-a1f1-d41cc2d38630:c6001]
2019-06-13 13:50:48,254 INFO  client.GrpcClientProtocolClient (GrpcClientProtocolClient.java:onNext(254)) - client-D47EFDF0E133->5d71e5de-6d45-4480-a1f1-d41cc2d38630: receive RaftClientReply:client-D47EFDF0E133->5d71e5de-6d45-4480-a1f1-d41cc2d38630@group-C6AEA7A4B82B, cid=3632, SUCCESS, logIndex=6001, commits[5d71e5de-6d45-4480-a1f1-d41cc2d38630:c6001]
2019-06-13 13:50:48,265 INFO  client.GrpcClientProtocolClient (GrpcClientProtocolClient.java:onNext(254)) - client-D47EFDF0E133->5d71e5de-6d45-4480-a1f1-d41cc2d38630: receive RaftClientReply:client-D47EFDF0E133->5d71e5de-6d45-4480-a1f1-d41cc2d38630@group-C6AEA7A4B82B, cid=3633, SUCCESS, logIndex=6004, commits[5d71e5de-6d45-4480-a1f1-d41cc2d38630:c6004]
2019-06-13 13:50:48,267 INFO  client.GrpcClientProtocolClient (GrpcClientProtocolClient.java:onNext(254)) - client-D47EFDF0E133->5d71e5de-6d45-4480-a1f1-d41cc2d38630: receive RaftClientReply:client-D47EFDF0E133->5d71e5de-6d45-4480-a1f1-d41cc2d38630@group-C6AEA7A4B82B, cid=3634, SUCCESS, logIndex=6006, commits[5d71e5de-6d45-4480-a1f1-d41cc2d38630:c6006]
2019-06-13 13:50:48,267 INFO  client.GrpcClientProtocolClient (GrpcClientProtocolClient.java:onNext(254)) - client-D47EFDF0E133->5d71e5de-6d45-4480-a1f1-d41cc2d38630: receive RaftClientReply:client-D47EFDF0E133->5d71e5de-6d45-4480-a1f1-d41cc2d38630@group-C6AEA7A4B82B, cid=3635, SUCCESS, logIndex=6007, commits[5d71e5de-6d45-4480-a1f1-d41cc2d38630:c6008]
2019-06-13 13:50:48,268 DEBUG block.SCMBlockDeletingService (SCMBlockDeletingService.java:call(138)) - Running DeletedBlockTransactionScanner
2019-06-13 13:50:48,268 DEBUG block.SCMBlockDeletingService (SCMBlockDeletingService.java:call(155)) - Scanned deleted blocks log and got 0 delTX to process.
2019-06-13 13:50:48,270 INFO  client.GrpcClientProtocolClient (GrpcClientProtocolClient.java:onNext(254)) - client-D47EFDF0E133->5d71e5de-6d45-4480-a1f1-d41cc2d38630: receive RaftClientReply:client-D47EFDF0E133->5d71e5de-6d45-4480-a1f1-d41cc2d38630@group-C6AEA7A4B82B, cid=3636, SUCCESS, logIndex=6008, commits[5d71e5de-6d45-4480-a1f1-d41cc2d38630:c6009]
2019-06-13 13:50:48,275 INFO  client.GrpcClientProtocolClient (GrpcClientProtocolClient.java:onNext(254)) - client-D47EFDF0E133->5d71e5de-6d45-4480-a1f1-d41cc2d38630: receive RaftClientReply:client-D47EFDF0E133->5d71e5de-6d45-4480-a1f1-d41cc2d38630@group-C6AEA7A4B82B, cid=3637, SUCCESS, logIndex=6011, commits[5d71e5de-6d45-4480-a1f1-d41cc2d38630:c6011]
2019-06-13 13:50:48,277 INFO  client.GrpcClientProtocolClient (GrpcClientProtocolClient.java:onNext(254)) - client-D47EFDF0E133->5d71e5de-6d45-4480-a1f1-d41cc2d38630: receive RaftClientReply:client-D47EFDF0E133->5d71e5de-6d45-4480-a1f1-d41cc2d38630@group-C6AEA7A4B82B, cid=3638, SUCCESS, logIndex=6013, commits[5d71e5de-6d45-4480-a1f1-d41cc2d38630:c6013]
2019-06-13 13:50:48,277 INFO  client.GrpcClientProtocolClient (GrpcClientProtocolClient.java:onNext(254)) - client-D47EFDF0E133->5d71e5de-6d45-4480-a1f1-d41cc2d38630: receive RaftClientReply:client-D47EFDF0E133->5d71e5de-6d45-4480-a1f1-d41cc2d38630@group-C6AEA7A4B82B, cid=3639, SUCCESS, logIndex=6014, commits[5d71e5de-6d45-4480-a1f1-d41cc2d38630:c6015]
2019-06-13 13:50:48,277 INFO  client.GrpcClientProtocolClient (GrpcClientProtocolClient.java:onNext(254)) - client-D47EFDF0E133->5d71e5de-6d45-4480-a1f1-d41cc2d38630: receive RaftClientReply:client-D47EFDF0E133->5d71e5de-6d45-4480-a1f1-d41cc2d38630@group-C6AEA7A4B82B, cid=3640, SUCCESS, logIndex=6015, commits[5d71e5de-6d45-4480-a1f1-d41cc2d38630:c6015]
2019-06-13 13:50:48,288 INFO  client.GrpcClientProtocolClient (GrpcClientProtocolClient.java:onNext(254)) - client-D47EFDF0E133->5d71e5de-6d45-4480-a1f1-d41cc2d38630: receive RaftClientReply:client-D47EFDF0E133->5d71e5de-6d45-4480-a1f1-d41cc2d38630@group-C6AEA7A4B82B, cid=3641, SUCCESS, logIndex=6018, commits[5d71e5de-6d45-4480-a1f1-d41cc2d38630:c6018]
2019-06-13 13:50:48,290 INFO  client.GrpcClientProtocolClient (GrpcClientProtocolClient.java:onNext(254)) - client-D47EFDF0E133->5d71e5de-6d45-4480-a1f1-d41cc2d38630: receive RaftClientReply:client-D47EFDF0E133->5d71e5de-6d45-4480-a1f1-d41cc2d38630@group-C6AEA7A4B82B, cid=3642, SUCCESS, logIndex=6020, commits[5d71e5de-6d45-4480-a1f1-d41cc2d38630:c6022]
2019-06-13 13:50:48,290 INFO  client.GrpcClientProtocolClient (GrpcClientProtocolClient.java:onNext(254)) - client-D47EFDF0E133->5d71e5de-6d45-4480-a1f1-d41cc2d38630: receive RaftClientReply:client-D47EFDF0E133->5d71e5de-6d45-4480-a1f1-d41cc2d38630@group-C6AEA7A4B82B, cid=3643, SUCCESS, logIndex=6021, commits[5d71e5de-6d45-4480-a1f1-d41cc2d38630:c6022]
2019-06-13 13:50:48,290 INFO  client.GrpcClientProtocolClient (GrpcClientProtocolClient.java:onNext(254)) - client-D47EFDF0E133->5d71e5de-6d45-4480-a1f1-d41cc2d38630: receive RaftClientReply:client-D47EFDF0E133->5d71e5de-6d45-4480-a1f1-d41cc2d38630@group-C6AEA7A4B82B, cid=3644, SUCCESS, logIndex=6022, commits[5d71e5de-6d45-4480-a1f1-d41cc2d38630:c6022]
2019-06-13 13:50:48,295 INFO  client.GrpcClientProtocolClient (GrpcClientProtocolClient.java:onNext(254)) - client-D47EFDF0E133->5d71e5de-6d45-4480-a1f1-d41cc2d38630: receive RaftClientReply:client-D47EFDF0E133->5d71e5de-6d45-4480-a1f1-d41cc2d38630@group-C6AEA7A4B82B, cid=3645, SUCCESS, logIndex=6024, commits[5d71e5de-6d45-4480-a1f1-d41cc2d38630:c6024]
2019-06-13 13:50:48,296 INFO  client.GrpcClientProtocolClient (GrpcClientProtocolClient.java:onNext(254)) - client-D47EFDF0E133->5d71e5de-6d45-4480-a1f1-d41cc2d38630: receive RaftClientReply:client-D47EFDF0E133->5d71e5de-6d45-4480-a1f1-d41cc2d38630@group-C6AEA7A4B82B, cid=3646, SUCCESS, logIndex=6026, commits[5d71e5de-6d45-4480-a1f1-d41cc2d38630:c6026]
2019-06-13 13:50:48,298 INFO  client.GrpcClientProtocolClient (GrpcClientProtocolClient.java:onNext(254)) - client-D47EFDF0E133->5d71e5de-6d45-4480-a1f1-d41cc2d38630: receive RaftClientReply:client-D47EFDF0E133->5d71e5de-6d45-4480-a1f1-d41cc2d38630@group-C6AEA7A4B82B, cid=3647, SUCCESS, logIndex=6027, commits[5d71e5de-6d45-4480-a1f1-d41cc2d38630:c6029]
2019-06-13 13:50:48,298 INFO  client.GrpcClientProtocolClient (GrpcClientProtocolClient.java:onNext(254)) - client-D47EFDF0E133->5d71e5de-6d45-4480-a1f1-d41cc2d38630: receive RaftClientReply:client-D47EFDF0E133->5d71e5de-6d45-4480-a1f1-d41cc2d38630@group-C6AEA7A4B82B, cid=3648, SUCCESS, logIndex=6028, commits[5d71e5de-6d45-4480-a1f1-d41cc2d38630:c6029]
2019-06-13 13:50:48,310 INFO  client.GrpcClientProtocolClient (GrpcClientProtocolClient.java:onNext(254)) - client-D47EFDF0E133->5d71e5de-6d45-4480-a1f1-d41cc2d38630: receive RaftClientReply:client-D47EFDF0E133->5d71e5de-6d45-4480-a1f1-d41cc2d38630@group-C6AEA7A4B82B, cid=3649, SUCCESS, logIndex=6030, commits[5d71e5de-6d45-4480-a1f1-d41cc2d38630:c6030]
2019-06-13 13:50:48,311 INFO  client.GrpcClientProtocolClient (GrpcClientProtocolClient.java:onNext(254)) - client-D47EFDF0E133->5d71e5de-6d45-4480-a1f1-d41cc2d38630: receive RaftClientReply:client-D47EFDF0E133->5d71e5de-6d45-4480-a1f1-d41cc2d38630@group-C6AEA7A4B82B, cid=3650, SUCCESS, logIndex=6032, commits[5d71e5de-6d45-4480-a1f1-d41cc2d38630:c6032]
2019-06-13 13:50:48,312 INFO  client.GrpcClientProtocolClient (GrpcClientProtocolClient.java:onNext(254)) - client-D47EFDF0E133->5d71e5de-6d45-4480-a1f1-d41cc2d38630: receive RaftClientReply:client-D47EFDF0E133->5d71e5de-6d45-4480-a1f1-d41cc2d38630@group-C6AEA7A4B82B, cid=3651, SUCCESS, logIndex=6033, commits[5d71e5de-6d45-4480-a1f1-d41cc2d38630:c6034]
2019-06-13 13:50:48,313 INFO  client.GrpcClientProtocolClient (GrpcClientProtocolClient.java:onNext(254)) - client-D47EFDF0E133->5d71e5de-6d45-4480-a1f1-d41cc2d38630: receive RaftClientReply:client-D47EFDF0E133->5d71e5de-6d45-4480-a1f1-d41cc2d38630@group-C6AEA7A4B82B, cid=3652, SUCCESS, logIndex=6035, commits[5d71e5de-6d45-4480-a1f1-d41cc2d38630:c6035]
2019-06-13 13:50:48,318 INFO  client.GrpcClientProtocolClient (GrpcClientProtocolClient.java:onNext(254)) - client-D47EFDF0E133->5d71e5de-6d45-4480-a1f1-d41cc2d38630: receive RaftClientReply:client-D47EFDF0E133->5d71e5de-6d45-4480-a1f1-d41cc2d38630@group-C6AEA7A4B82B, cid=3653, SUCCESS, logIndex=6037, commits[5d71e5de-6d45-4480-a1f1-d41cc2d38630:c6037]
2019-06-13 13:50:48,319 INFO  storage.RaftLogWorker (RaftLogWorker.java:rollLogSegment(303)) - 5d71e5de-6d45-4480-a1f1-d41cc2d38630-RaftLogWorker: Rolling segment log-5973_6041 to index:6041
2019-06-13 13:50:48,319 INFO  client.GrpcClientProtocolClient (GrpcClientProtocolClient.java:onNext(254)) - client-D47EFDF0E133->5d71e5de-6d45-4480-a1f1-d41cc2d38630: receive RaftClientReply:client-D47EFDF0E133->5d71e5de-6d45-4480-a1f1-d41cc2d38630@group-C6AEA7A4B82B, cid=3654, SUCCESS, logIndex=6039, commits[5d71e5de-6d45-4480-a1f1-d41cc2d38630:c6039]
2019-06-13 13:50:48,320 INFO  storage.RaftLogWorker (RaftLogWorker.java:execute(433)) - 5d71e5de-6d45-4480-a1f1-d41cc2d38630-RaftLogWorker: Rolled log segment from /opt/src/hadoop-ozone/integration-test/target/test-dir/MiniOzoneClusterImpl-c05bfa39-b333-4767-bc96-5a78f3430938/datanode-0/data/ratis/3aee30eb-3db1-472a-b851-c6aea7a4b82b/current/log_inprogress_5973 to /opt/src/hadoop-ozone/integration-test/target/test-dir/MiniOzoneClusterImpl-c05bfa39-b333-4767-bc96-5a78f3430938/datanode-0/data/ratis/3aee30eb-3db1-472a-b851-c6aea7a4b82b/current/log_5973-6041
2019-06-13 13:50:48,321 INFO  client.GrpcClientProtocolClient (GrpcClientProtocolClient.java:onNext(254)) - client-D47EFDF0E133->5d71e5de-6d45-4480-a1f1-d41cc2d38630: receive RaftClientReply:client-D47EFDF0E133->5d71e5de-6d45-4480-a1f1-d41cc2d38630@group-C6AEA7A4B82B, cid=3655, SUCCESS, logIndex=6040, commits[5d71e5de-6d45-4480-a1f1-d41cc2d38630:c6041]
2019-06-13 13:50:48,321 INFO  client.GrpcClientProtocolClient (GrpcClientProtocolClient.java:onNext(254)) - client-D47EFDF0E133->5d71e5de-6d45-4480-a1f1-d41cc2d38630: receive RaftClientReply:client-D47EFDF0E133->5d71e5de-6d45-4480-a1f1-d41cc2d38630@group-C6AEA7A4B82B, cid=3656, SUCCESS, logIndex=6041, commits[5d71e5de-6d45-4480-a1f1-d41cc2d38630:c6041]
2019-06-13 13:50:48,357 INFO  storage.RaftLogWorker (RaftLogWorker.java:execute(469)) - 5d71e5de-6d45-4480-a1f1-d41cc2d38630-RaftLogWorker: created new log segment /opt/src/hadoop-ozone/integration-test/target/test-dir/MiniOzoneClusterImpl-c05bfa39-b333-4767-bc96-5a78f3430938/datanode-0/data/ratis/3aee30eb-3db1-472a-b851-c6aea7a4b82b/current/log_inprogress_6042
2019-06-13 13:50:48,358 INFO  client.GrpcClientProtocolClient (GrpcClientProtocolClient.java:onNext(254)) - client-D47EFDF0E133->5d71e5de-6d45-4480-a1f1-d41cc2d38630: receive RaftClientReply:client-D47EFDF0E133->5d71e5de-6d45-4480-a1f1-d41cc2d38630@group-C6AEA7A4B82B, cid=3657, SUCCESS, logIndex=6044, commits[5d71e5de-6d45-4480-a1f1-d41cc2d38630:c6044]
2019-06-13 13:50:48,360 INFO  client.GrpcClientProtocolClient (GrpcClientProtocolClient.java:onNext(254)) - client-D47EFDF0E133->5d71e5de-6d45-4480-a1f1-d41cc2d38630: receive RaftClientReply:client-D47EFDF0E133->5d71e5de-6d45-4480-a1f1-d41cc2d38630@group-C6AEA7A4B82B, cid=3658, SUCCESS, logIndex=6046, commits[5d71e5de-6d45-4480-a1f1-d41cc2d38630:c6046]
2019-06-13 13:50:48,360 INFO  client.GrpcClientProtocolClient (GrpcClientProtocolClient.java:onNext(254)) - client-D47EFDF0E133->5d71e5de-6d45-4480-a1f1-d41cc2d38630: receive RaftClientReply:client-D47EFDF0E133->5d71e5de-6d45-4480-a1f1-d41cc2d38630@group-C6AEA7A4B82B, cid=3659, SUCCESS, logIndex=6047, commits[5d71e5de-6d45-4480-a1f1-d41cc2d38630:c6049]
2019-06-13 13:50:48,361 INFO  client.GrpcClientProtocolClient (GrpcClientProtocolClient.java:onNext(254)) - client-D47EFDF0E133->5d71e5de-6d45-4480-a1f1-d41cc2d38630: receive RaftClientReply:client-D47EFDF0E133->5d71e5de-6d45-4480-a1f1-d41cc2d38630@group-C6AEA7A4B82B, cid=3660, SUCCESS, logIndex=6048, commits[5d71e5de-6d45-4480-a1f1-d41cc2d38630:c6049]
2019-06-13 13:50:48,366 INFO  client.GrpcClientProtocolClient (GrpcClientProtocolClient.java:onNext(254)) - client-D47EFDF0E133->5d71e5de-6d45-4480-a1f1-d41cc2d38630: receive RaftClientReply:client-D47EFDF0E133->5d71e5de-6d45-4480-a1f1-d41cc2d38630@group-C6AEA7A4B82B, cid=3661, SUCCESS, logIndex=6050, commits[5d71e5de-6d45-4480-a1f1-d41cc2d38630:c6050]
2019-06-13 13:50:48,369 DEBUG block.SCMBlockDeletingService (SCMBlockDeletingService.java:call(138)) - Running DeletedBlockTransactionScanner
2019-06-13 13:50:48,369 DEBUG block.SCMBlockDeletingService (SCMBlockDeletingService.java:call(155)) - Scanned deleted blocks log and got 0 delTX to process.
2019-06-13 13:50:48,370 INFO  client.GrpcClientProtocolClient (GrpcClientProtocolClient.java:onNext(254)) - client-D47EFDF0E133->5d71e5de-6d45-4480-a1f1-d41cc2d38630: receive RaftClientReply:client-D47EFDF0E133->5d71e5de-6d45-4480-a1f1-d41cc2d38630@group-C6AEA7A4B82B, cid=3662, SUCCESS, logIndex=6052, commits[5d71e5de-6d45-4480-a1f1-d41cc2d38630:c6052]
2019-06-13 13:50:48,370 INFO  client.GrpcClientProtocolClient (GrpcClientProtocolClient.java:onNext(254)) - client-D47EFDF0E133->5d71e5de-6d45-4480-a1f1-d41cc2d38630: receive RaftClientReply:client-D47EFDF0E133->5d71e5de-6d45-4480-a1f1-d41cc2d38630@group-C6AEA7A4B82B, cid=3663, SUCCESS, logIndex=6053, commits[5d71e5de-6d45-4480-a1f1-d41cc2d38630:c6055]
2019-06-13 13:50:48,370 INFO  client.GrpcClientProtocolClient (GrpcClientProtocolClient.java:onNext(254)) - client-D47EFDF0E133->5d71e5de-6d45-4480-a1f1-d41cc2d38630: receive RaftClientReply:client-D47EFDF0E133->5d71e5de-6d45-4480-a1f1-d41cc2d38630@group-C6AEA7A4B82B, cid=3664, SUCCESS, logIndex=6054, commits[5d71e5de-6d45-4480-a1f1-d41cc2d38630:c6055]
2019-06-13 13:50:48,383 INFO  client.GrpcClientProtocolClient (GrpcClientProtocolClient.java:onNext(254)) - client-D47EFDF0E133->5d71e5de-6d45-4480-a1f1-d41cc2d38630: receive RaftClientReply:client-D47EFDF0E133->5d71e5de-6d45-4480-a1f1-d41cc2d38630@group-C6AEA7A4B82B, cid=3665, SUCCESS, logIndex=6056, commits[5d71e5de-6d45-4480-a1f1-d41cc2d38630:c6056]
2019-06-13 13:50:48,384 INFO  client.GrpcClientProtocolClient (GrpcClientProtocolClient.java:onNext(254)) - client-D47EFDF0E133->5d71e5de-6d45-4480-a1f1-d41cc2d38630: receive RaftClientReply:client-D47EFDF0E133->5d71e5de-6d45-4480-a1f1-d41cc2d38630@group-C6AEA7A4B82B, cid=3666, SUCCESS, logIndex=6058, commits[5d71e5de-6d45-4480-a1f1-d41cc2d38630:c6058]
2019-06-13 13:50:48,386 INFO  client.GrpcClientProtocolClient (GrpcClientProtocolClient.java:onNext(254)) - client-D47EFDF0E133->5d71e5de-6d45-4480-a1f1-d41cc2d38630: receive RaftClientReply:client-D47EFDF0E133->5d71e5de-6d45-4480-a1f1-d41cc2d38630@group-C6AEA7A4B82B, cid=3667, SUCCESS, logIndex=6060, commits[5d71e5de-6d45-4480-a1f1-d41cc2d38630:c6060]
2019-06-13 13:50:48,386 INFO  client.GrpcClientProtocolClient (GrpcClientProtocolClient.java:onNext(254)) - client-D47EFDF0E133->5d71e5de-6d45-4480-a1f1-d41cc2d38630: receive RaftClientReply:client-D47EFDF0E133->5d71e5de-6d45-4480-a1f1-d41cc2d38630@group-C6AEA7A4B82B, cid=3668, SUCCESS, logIndex=6061, commits[5d71e5de-6d45-4480-a1f1-d41cc2d38630:c6061]
2019-06-13 13:50:48,462 INFO  client.GrpcClientProtocolClient (GrpcClientProtocolClient.java:onNext(254)) - client-D47EFDF0E133->5d71e5de-6d45-4480-a1f1-d41cc2d38630: receive RaftClientReply:client-D47EFDF0E133->5d71e5de-6d45-4480-a1f1-d41cc2d38630@group-C6AEA7A4B82B, cid=3669, SUCCESS, logIndex=6064, commits[5d71e5de-6d45-4480-a1f1-d41cc2d38630:c6064]
2019-06-13 13:50:48,463 INFO  client.GrpcClientProtocolClient (GrpcClientProtocolClient.java:onNext(254)) - client-D47EFDF0E133->5d71e5de-6d45-4480-a1f1-d41cc2d38630: receive RaftClientReply:client-D47EFDF0E133->5d71e5de-6d45-4480-a1f1-d41cc2d38630@group-C6AEA7A4B82B, cid=3670, SUCCESS, logIndex=6066, commits[5d71e5de-6d45-4480-a1f1-d41cc2d38630:c6066]
2019-06-13 13:50:48,465 INFO  client.GrpcClientProtocolClient (GrpcClientProtocolClient.java:onNext(254)) - client-D47EFDF0E133->5d71e5de-6d45-4480-a1f1-d41cc2d38630: receive RaftClientReply:client-D47EFDF0E133->5d71e5de-6d45-4480-a1f1-d41cc2d38630@group-C6AEA7A4B82B, cid=3671, SUCCESS, logIndex=6067, commits[5d71e5de-6d45-4480-a1f1-d41cc2d38630:c6069]
2019-06-13 13:50:48,465 INFO  client.GrpcClientProtocolClient (GrpcClientProtocolClient.java:onNext(254)) - client-D47EFDF0E133->5d71e5de-6d45-4480-a1f1-d41cc2d38630: receive RaftClientReply:client-D47EFDF0E133->5d71e5de-6d45-4480-a1f1-d41cc2d38630@group-C6AEA7A4B82B, cid=3672, SUCCESS, logIndex=6068, commits[5d71e5de-6d45-4480-a1f1-d41cc2d38630:c6069]
2019-06-13 13:50:48,469 DEBUG block.SCMBlockDeletingService (SCMBlockDeletingService.java:call(138)) - Running DeletedBlockTransactionScanner
2019-06-13 13:50:48,470 DEBUG block.SCMBlockDeletingService (SCMBlockDeletingService.java:call(155)) - Scanned deleted blocks log and got 0 delTX to process.
2019-06-13 13:50:48,477 INFO  client.GrpcClientProtocolClient (GrpcClientProtocolClient.java:onNext(254)) - client-D47EFDF0E133->5d71e5de-6d45-4480-a1f1-d41cc2d38630: receive RaftClientReply:client-D47EFDF0E133->5d71e5de-6d45-4480-a1f1-d41cc2d38630@group-C6AEA7A4B82B, cid=3673, SUCCESS, logIndex=6070, commits[5d71e5de-6d45-4480-a1f1-d41cc2d38630:c6070]
2019-06-13 13:50:48,479 INFO  client.GrpcClientProtocolClient (GrpcClientProtocolClient.java:onNext(254)) - client-D47EFDF0E133->5d71e5de-6d45-4480-a1f1-d41cc2d38630: receive RaftClientReply:client-D47EFDF0E133->5d71e5de-6d45-4480-a1f1-d41cc2d38630@group-C6AEA7A4B82B, cid=3674, SUCCESS, logIndex=6072, commits[5d71e5de-6d45-4480-a1f1-d41cc2d38630:c6072]
2019-06-13 13:50:48,480 INFO  client.GrpcClientProtocolClient (GrpcClientProtocolClient.java:onNext(254)) - client-D47EFDF0E133->5d71e5de-6d45-4480-a1f1-d41cc2d38630: receive RaftClientReply:client-D47EFDF0E133->5d71e5de-6d45-4480-a1f1-d41cc2d38630@group-C6AEA7A4B82B, cid=3675, SUCCESS, logIndex=6073, commits[5d71e5de-6d45-4480-a1f1-d41cc2d38630:c6073]
2019-06-13 13:50:48,480 INFO  client.GrpcClientProtocolClient (GrpcClientProtocolClient.java:onNext(254)) - client-D47EFDF0E133->5d71e5de-6d45-4480-a1f1-d41cc2d38630: receive RaftClientReply:client-D47EFDF0E133->5d71e5de-6d45-4480-a1f1-d41cc2d38630@group-C6AEA7A4B82B, cid=3676, SUCCESS, logIndex=6074, commits[5d71e5de-6d45-4480-a1f1-d41cc2d38630:c6075]
2019-06-13 13:50:48,486 INFO  client.GrpcClientProtocolClient (GrpcClientProtocolClient.java:onNext(254)) - client-D47EFDF0E133->5d71e5de-6d45-4480-a1f1-d41cc2d38630: receive RaftClientReply:client-D47EFDF0E133->5d71e5de-6d45-4480-a1f1-d41cc2d38630@group-C6AEA7A4B82B, cid=3677, SUCCESS, logIndex=6077, commits[5d71e5de-6d45-4480-a1f1-d41cc2d38630:c6077]
2019-06-13 13:50:48,487 INFO  client.GrpcClientProtocolClient (GrpcClientProtocolClient.java:onNext(254)) - client-D47EFDF0E133->5d71e5de-6d45-4480-a1f1-d41cc2d38630: receive RaftClientReply:client-D47EFDF0E133->5d71e5de-6d45-4480-a1f1-d41cc2d38630@group-C6AEA7A4B82B, cid=3678, SUCCESS, logIndex=6079, commits[5d71e5de-6d45-4480-a1f1-d41cc2d38630:c6079]
2019-06-13 13:50:48,488 INFO  client.GrpcClientProtocolClient (GrpcClientProtocolClient.java:onNext(254)) - client-D47EFDF0E133->5d71e5de-6d45-4480-a1f1-d41cc2d38630: receive RaftClientReply:client-D47EFDF0E133->5d71e5de-6d45-4480-a1f1-d41cc2d38630@group-C6AEA7A4B82B, cid=3679, SUCCESS, logIndex=6080, commits[5d71e5de-6d45-4480-a1f1-d41cc2d38630:c6081]
2019-06-13 13:50:48,488 INFO  client.GrpcClientProtocolClient (GrpcClientProtocolClient.java:onNext(254)) - client-D47EFDF0E133->5d71e5de-6d45-4480-a1f1-d41cc2d38630: receive RaftClientReply:client-D47EFDF0E133->5d71e5de-6d45-4480-a1f1-d41cc2d38630@group-C6AEA7A4B82B, cid=3680, SUCCESS, logIndex=6081, commits[5d71e5de-6d45-4480-a1f1-d41cc2d38630:c6081]
2019-06-13 13:50:48,501 INFO  client.GrpcClientProtocolClient (GrpcClientProtocolClient.java:onNext(254)) - client-D47EFDF0E133->5d71e5de-6d45-4480-a1f1-d41cc2d38630: receive RaftClientReply:client-D47EFDF0E133->5d71e5de-6d45-4480-a1f1-d41cc2d38630@group-C6AEA7A4B82B, cid=3681, SUCCESS, logIndex=6084, commits[5d71e5de-6d45-4480-a1f1-d41cc2d38630:c6084]
2019-06-13 13:50:48,503 INFO  client.GrpcClientProtocolClient (GrpcClientProtocolClient.java:onNext(254)) - client-D47EFDF0E133->5d71e5de-6d45-4480-a1f1-d41cc2d38630: receive RaftClientReply:client-D47EFDF0E133->5d71e5de-6d45-4480-a1f1-d41cc2d38630@group-C6AEA7A4B82B, cid=3682, SUCCESS, logIndex=6086, commits[5d71e5de-6d45-4480-a1f1-d41cc2d38630:c6086]
2019-06-13 13:50:48,504 INFO  client.GrpcClientProtocolClient (GrpcClientProtocolClient.java:onNext(254)) - client-D47EFDF0E133->5d71e5de-6d45-4480-a1f1-d41cc2d38630: receive RaftClientReply:client-D47EFDF0E133->5d71e5de-6d45-4480-a1f1-d41cc2d38630@group-C6AEA7A4B82B, cid=3683, SUCCESS, logIndex=6087, commits[5d71e5de-6d45-4480-a1f1-d41cc2d38630:c6087]
2019-06-13 13:50:48,504 INFO  client.GrpcClientProtocolClient (GrpcClientProtocolClient.java:onNext(254)) - client-D47EFDF0E133->5d71e5de-6d45-4480-a1f1-d41cc2d38630: receive RaftClientReply:client-D47EFDF0E133->5d71e5de-6d45-4480-a1f1-d41cc2d38630@group-C6AEA7A4B82B, cid=3684, SUCCESS, logIndex=6089, commits[5d71e5de-6d45-4480-a1f1-d41cc2d38630:c6089]
2019-06-13 13:50:48,510 INFO  client.GrpcClientProtocolClient (GrpcClientProtocolClient.java:onNext(254)) - client-D47EFDF0E133->5d71e5de-6d45-4480-a1f1-d41cc2d38630: receive RaftClientReply:client-D47EFDF0E133->5d71e5de-6d45-4480-a1f1-d41cc2d38630@group-C6AEA7A4B82B, cid=3685, SUCCESS, logIndex=6092, commits[5d71e5de-6d45-4480-a1f1-d41cc2d38630:c6092]
2019-06-13 13:50:48,512 INFO  client.GrpcClientProtocolClient (GrpcClientProtocolClient.java:onNext(254)) - client-D47EFDF0E133->5d71e5de-6d45-4480-a1f1-d41cc2d38630: receive RaftClientReply:client-D47EFDF0E133->5d71e5de-6d45-4480-a1f1-d41cc2d38630@group-C6AEA7A4B82B, cid=3686, SUCCESS, logIndex=6094, commits[5d71e5de-6d45-4480-a1f1-d41cc2d38630:c6094]
2019-06-13 13:50:48,512 INFO  client.GrpcClientProtocolClient (GrpcClientProtocolClient.java:onNext(254)) - client-D47EFDF0E133->5d71e5de-6d45-4480-a1f1-d41cc2d38630: receive RaftClientReply:client-D47EFDF0E133->5d71e5de-6d45-4480-a1f1-d41cc2d38630@group-C6AEA7A4B82B, cid=3687, SUCCESS, logIndex=6095, commits[5d71e5de-6d45-4480-a1f1-d41cc2d38630:c6096]
2019-06-13 13:50:48,513 INFO  client.GrpcClientProtocolClient (GrpcClientProtocolClient.java:onNext(254)) - client-D47EFDF0E133->5d71e5de-6d45-4480-a1f1-d41cc2d38630: receive RaftClientReply:client-D47EFDF0E133->5d71e5de-6d45-4480-a1f1-d41cc2d38630@group-C6AEA7A4B82B, cid=3688, SUCCESS, logIndex=6096, commits[5d71e5de-6d45-4480-a1f1-d41cc2d38630:c6096]
2019-06-13 13:50:48,523 INFO  client.GrpcClientProtocolClient (GrpcClientProtocolClient.java:onNext(254)) - client-D47EFDF0E133->5d71e5de-6d45-4480-a1f1-d41cc2d38630: receive RaftClientReply:client-D47EFDF0E133->5d71e5de-6d45-4480-a1f1-d41cc2d38630@group-C6AEA7A4B82B, cid=3689, SUCCESS, logIndex=6099, commits[5d71e5de-6d45-4480-a1f1-d41cc2d38630:c6099]
2019-06-13 13:50:48,525 INFO  client.GrpcClientProtocolClient (GrpcClientProtocolClient.java:onNext(254)) - client-D47EFDF0E133->5d71e5de-6d45-4480-a1f1-d41cc2d38630: receive RaftClientReply:client-D47EFDF0E133->5d71e5de-6d45-4480-a1f1-d41cc2d38630@group-C6AEA7A4B82B, cid=3690, SUCCESS, logIndex=6101, commits[5d71e5de-6d45-4480-a1f1-d41cc2d38630:c6101]
2019-06-13 13:50:48,526 INFO  client.GrpcClientProtocolClient (GrpcClientProtocolClient.java:onNext(254)) - client-D47EFDF0E133->5d71e5de-6d45-4480-a1f1-d41cc2d38630: receive RaftClientReply:client-D47EFDF0E133->5d71e5de-6d45-4480-a1f1-d41cc2d38630@group-C6AEA7A4B82B, cid=3691, SUCCESS, logIndex=6102, commits[5d71e5de-6d45-4480-a1f1-d41cc2d38630:c6104]
2019-06-13 13:50:48,526 INFO  client.GrpcClientProtocolClient (GrpcClientProtocolClient.java:onNext(254)) - client-D47EFDF0E133->5d71e5de-6d45-4480-a1f1-d41cc2d38630: receive RaftClientReply:client-D47EFDF0E133->5d71e5de-6d45-4480-a1f1-d41cc2d38630@group-C6AEA7A4B82B, cid=3692, SUCCESS, logIndex=6103, commits[5d71e5de-6d45-4480-a1f1-d41cc2d38630:c6104]
2019-06-13 13:50:48,531 INFO  client.GrpcClientProtocolClient (GrpcClientProtocolClient.java:onNext(254)) - client-D47EFDF0E133->5d71e5de-6d45-4480-a1f1-d41cc2d38630: receive RaftClientReply:client-D47EFDF0E133->5d71e5de-6d45-4480-a1f1-d41cc2d38630@group-C6AEA7A4B82B, cid=3693, SUCCESS, logIndex=6105, commits[5d71e5de-6d45-4480-a1f1-d41cc2d38630:c6105]
2019-06-13 13:50:48,533 INFO  client.GrpcClientProtocolClient (GrpcClientProtocolClient.java:onNext(254)) - client-D47EFDF0E133->5d71e5de-6d45-4480-a1f1-d41cc2d38630: receive RaftClientReply:client-D47EFDF0E133->5d71e5de-6d45-4480-a1f1-d41cc2d38630@group-C6AEA7A4B82B, cid=3694, SUCCESS, logIndex=6107, commits[5d71e5de-6d45-4480-a1f1-d41cc2d38630:c6107]
2019-06-13 13:50:48,534 INFO  client.GrpcClientProtocolClient (GrpcClientProtocolClient.java:onNext(254)) - client-D47EFDF0E133->5d71e5de-6d45-4480-a1f1-d41cc2d38630: receive RaftClientReply:client-D47EFDF0E133->5d71e5de-6d45-4480-a1f1-d41cc2d38630@group-C6AEA7A4B82B, cid=3695, SUCCESS, logIndex=6108, commits[5d71e5de-6d45-4480-a1f1-d41cc2d38630:c6110]
2019-06-13 13:50:48,534 INFO  client.GrpcClientProtocolClient (GrpcClientProtocolClient.java:onNext(254)) - client-D47EFDF0E133->5d71e5de-6d45-4480-a1f1-d41cc2d38630: receive RaftClientReply:client-D47EFDF0E133->5d71e5de-6d45-4480-a1f1-d41cc2d38630@group-C6AEA7A4B82B, cid=3696, SUCCESS, logIndex=6109, commits[5d71e5de-6d45-4480-a1f1-d41cc2d38630:c6110]
2019-06-13 13:50:48,544 INFO  client.GrpcClientProtocolClient (GrpcClientProtocolClient.java:onNext(254)) - client-D47EFDF0E133->5d71e5de-6d45-4480-a1f1-d41cc2d38630: receive RaftClientReply:client-D47EFDF0E133->5d71e5de-6d45-4480-a1f1-d41cc2d38630@group-C6AEA7A4B82B, cid=3697, SUCCESS, logIndex=6111, commits[5d71e5de-6d45-4480-a1f1-d41cc2d38630:c6111]
2019-06-13 13:50:48,545 INFO  client.GrpcClientProtocolClient (GrpcClientProtocolClient.java:onNext(254)) - client-D47EFDF0E133->5d71e5de-6d45-4480-a1f1-d41cc2d38630: receive RaftClientReply:client-D47EFDF0E133->5d71e5de-6d45-4480-a1f1-d41cc2d38630@group-C6AEA7A4B82B, cid=3698, SUCCESS, logIndex=6113, commits[5d71e5de-6d45-4480-a1f1-d41cc2d38630:c6113]
2019-06-13 13:50:48,546 INFO  client.GrpcClientProtocolClient (GrpcClientProtocolClient.java:onNext(254)) - client-D47EFDF0E133->5d71e5de-6d45-4480-a1f1-d41cc2d38630: receive RaftClientReply:client-D47EFDF0E133->5d71e5de-6d45-4480-a1f1-d41cc2d38630@group-C6AEA7A4B82B, cid=3699, SUCCESS, logIndex=6114, commits[5d71e5de-6d45-4480-a1f1-d41cc2d38630:c6116]
2019-06-13 13:50:48,547 INFO  client.GrpcClientProtocolClient (GrpcClientProtocolClient.java:onNext(254)) - client-D47EFDF0E133->5d71e5de-6d45-4480-a1f1-d41cc2d38630: receive RaftClientReply:client-D47EFDF0E133->5d71e5de-6d45-4480-a1f1-d41cc2d38630@group-C6AEA7A4B82B, cid=3700, SUCCESS, logIndex=6115, commits[5d71e5de-6d45-4480-a1f1-d41cc2d38630:c6116]
2019-06-13 13:50:48,549 INFO  storage.RaftLogWorker (RaftLogWorker.java:rollLogSegment(303)) - 5d71e5de-6d45-4480-a1f1-d41cc2d38630-RaftLogWorker: Rolling segment log-6042_6116 to index:6116
2019-06-13 13:50:48,550 INFO  storage.RaftLogWorker (RaftLogWorker.java:execute(433)) - 5d71e5de-6d45-4480-a1f1-d41cc2d38630-RaftLogWorker: Rolled log segment from /opt/src/hadoop-ozone/integration-test/target/test-dir/MiniOzoneClusterImpl-c05bfa39-b333-4767-bc96-5a78f3430938/datanode-0/data/ratis/3aee30eb-3db1-472a-b851-c6aea7a4b82b/current/log_inprogress_6042 to /opt/src/hadoop-ozone/integration-test/target/test-dir/MiniOzoneClusterImpl-c05bfa39-b333-4767-bc96-5a78f3430938/datanode-0/data/ratis/3aee30eb-3db1-472a-b851-c6aea7a4b82b/current/log_6042-6116
2019-06-13 13:50:48,570 DEBUG block.SCMBlockDeletingService (SCMBlockDeletingService.java:call(138)) - Running DeletedBlockTransactionScanner
2019-06-13 13:50:48,570 DEBUG block.SCMBlockDeletingService (SCMBlockDeletingService.java:call(155)) - Scanned deleted blocks log and got 0 delTX to process.
2019-06-13 13:50:48,587 INFO  storage.RaftLogWorker (RaftLogWorker.java:execute(469)) - 5d71e5de-6d45-4480-a1f1-d41cc2d38630-RaftLogWorker: created new log segment /opt/src/hadoop-ozone/integration-test/target/test-dir/MiniOzoneClusterImpl-c05bfa39-b333-4767-bc96-5a78f3430938/datanode-0/data/ratis/3aee30eb-3db1-472a-b851-c6aea7a4b82b/current/log_inprogress_6117
2019-06-13 13:50:48,589 INFO  client.GrpcClientProtocolClient (GrpcClientProtocolClient.java:onNext(254)) - client-D47EFDF0E133->5d71e5de-6d45-4480-a1f1-d41cc2d38630: receive RaftClientReply:client-D47EFDF0E133->5d71e5de-6d45-4480-a1f1-d41cc2d38630@group-C6AEA7A4B82B, cid=3701, SUCCESS, logIndex=6117, commits[5d71e5de-6d45-4480-a1f1-d41cc2d38630:c6117]
2019-06-13 13:50:48,590 INFO  client.GrpcClientProtocolClient (GrpcClientProtocolClient.java:onNext(254)) - client-D47EFDF0E133->5d71e5de-6d45-4480-a1f1-d41cc2d38630: receive RaftClientReply:client-D47EFDF0E133->5d71e5de-6d45-4480-a1f1-d41cc2d38630@group-C6AEA7A4B82B, cid=3702, SUCCESS, logIndex=6119, commits[5d71e5de-6d45-4480-a1f1-d41cc2d38630:c6119]
2019-06-13 13:50:48,640 INFO  client.GrpcClientProtocolClient (GrpcClientProtocolClient.java:onNext(254)) - client-D47EFDF0E133->5d71e5de-6d45-4480-a1f1-d41cc2d38630: receive RaftClientReply:client-D47EFDF0E133->5d71e5de-6d45-4480-a1f1-d41cc2d38630@group-C6AEA7A4B82B, cid=3703, SUCCESS, logIndex=6120, commits[5d71e5de-6d45-4480-a1f1-d41cc2d38630:c6122]
2019-06-13 13:50:48,640 INFO  client.GrpcClientProtocolClient (GrpcClientProtocolClient.java:onNext(254)) - client-D47EFDF0E133->5d71e5de-6d45-4480-a1f1-d41cc2d38630: receive RaftClientReply:client-D47EFDF0E133->5d71e5de-6d45-4480-a1f1-d41cc2d38630@group-C6AEA7A4B82B, cid=3704, SUCCESS, logIndex=6122, commits[5d71e5de-6d45-4480-a1f1-d41cc2d38630:c6123]
2019-06-13 13:50:48,651 INFO  client.GrpcClientProtocolClient (GrpcClientProtocolClient.java:onNext(254)) - client-D47EFDF0E133->5d71e5de-6d45-4480-a1f1-d41cc2d38630: receive RaftClientReply:client-D47EFDF0E133->5d71e5de-6d45-4480-a1f1-d41cc2d38630@group-C6AEA7A4B82B, cid=3705, SUCCESS, logIndex=6124, commits[5d71e5de-6d45-4480-a1f1-d41cc2d38630:c6124]
2019-06-13 13:50:48,652 INFO  client.GrpcClientProtocolClient (GrpcClientProtocolClient.java:onNext(254)) - client-D47EFDF0E133->5d71e5de-6d45-4480-a1f1-d41cc2d38630: receive RaftClientReply:client-D47EFDF0E133->5d71e5de-6d45-4480-a1f1-d41cc2d38630@group-C6AEA7A4B82B, cid=3706, SUCCESS, logIndex=6126, commits[5d71e5de-6d45-4480-a1f1-d41cc2d38630:c6126]
2019-06-13 13:50:48,653 INFO  client.GrpcClientProtocolClient (GrpcClientProtocolClient.java:onNext(254)) - client-D47EFDF0E133->5d71e5de-6d45-4480-a1f1-d41cc2d38630: receive RaftClientReply:client-D47EFDF0E133->5d71e5de-6d45-4480-a1f1-d41cc2d38630@group-C6AEA7A4B82B, cid=3707, SUCCESS, logIndex=6127, commits[5d71e5de-6d45-4480-a1f1-d41cc2d38630:c6129]
2019-06-13 13:50:48,653 INFO  client.GrpcClientProtocolClient (GrpcClientProtocolClient.java:onNext(254)) - client-D47EFDF0E133->5d71e5de-6d45-4480-a1f1-d41cc2d38630: receive RaftClientReply:client-D47EFDF0E133->5d71e5de-6d45-4480-a1f1-d41cc2d38630@group-C6AEA7A4B82B, cid=3708, SUCCESS, logIndex=6128, commits[5d71e5de-6d45-4480-a1f1-d41cc2d38630:c6129]
2019-06-13 13:50:48,661 INFO  client.GrpcClientProtocolClient (GrpcClientProtocolClient.java:onNext(254)) - client-D47EFDF0E133->5d71e5de-6d45-4480-a1f1-d41cc2d38630: receive RaftClientReply:client-D47EFDF0E133->5d71e5de-6d45-4480-a1f1-d41cc2d38630@group-C6AEA7A4B82B, cid=3709, SUCCESS, logIndex=6130, commits[5d71e5de-6d45-4480-a1f1-d41cc2d38630:c6130]
2019-06-13 13:50:48,662 INFO  client.GrpcClientProtocolClient (GrpcClientProtocolClient.java:onNext(254)) - client-D47EFDF0E133->5d71e5de-6d45-4480-a1f1-d41cc2d38630: receive RaftClientReply:client-D47EFDF0E133->5d71e5de-6d45-4480-a1f1-d41cc2d38630@group-C6AEA7A4B82B, cid=3710, SUCCESS, logIndex=6132, commits[5d71e5de-6d45-4480-a1f1-d41cc2d38630:c6132]
2019-06-13 13:50:48,662 INFO  client.GrpcClientProtocolClient (GrpcClientProtocolClient.java:onNext(254)) - client-D47EFDF0E133->5d71e5de-6d45-4480-a1f1-d41cc2d38630: receive RaftClientReply:client-D47EFDF0E133->5d71e5de-6d45-4480-a1f1-d41cc2d38630@group-C6AEA7A4B82B, cid=3711, SUCCESS, logIndex=6133, commits[5d71e5de-6d45-4480-a1f1-d41cc2d38630:c6135]
2019-06-13 13:50:48,662 INFO  client.GrpcClientProtocolClient (GrpcClientProtocolClient.java:onNext(254)) - client-D47EFDF0E133->5d71e5de-6d45-4480-a1f1-d41cc2d38630: receive RaftClientReply:client-D47EFDF0E133->5d71e5de-6d45-4480-a1f1-d41cc2d38630@group-C6AEA7A4B82B, cid=3712, SUCCESS, logIndex=6134, commits[5d71e5de-6d45-4480-a1f1-d41cc2d38630:c6135]
2019-06-13 13:50:48,670 DEBUG block.SCMBlockDeletingService (SCMBlockDeletingService.java:call(138)) - Running DeletedBlockTransactionScanner
2019-06-13 13:50:48,670 DEBUG block.SCMBlockDeletingService (SCMBlockDeletingService.java:call(155)) - Scanned deleted blocks log and got 0 delTX to process.
2019-06-13 13:50:48,741 INFO  client.GrpcClientProtocolClient (GrpcClientProtocolClient.java:onNext(254)) - client-D47EFDF0E133->5d71e5de-6d45-4480-a1f1-d41cc2d38630: receive RaftClientReply:client-D47EFDF0E133->5d71e5de-6d45-4480-a1f1-d41cc2d38630@group-C6AEA7A4B82B, cid=3713, SUCCESS, logIndex=6136, commits[5d71e5de-6d45-4480-a1f1-d41cc2d38630:c6136]
2019-06-13 13:50:48,746 INFO  client.GrpcClientProtocolClient (GrpcClientProtocolClient.java:onNext(254)) - client-D47EFDF0E133->5d71e5de-6d45-4480-a1f1-d41cc2d38630: receive RaftClientReply:client-D47EFDF0E133->5d71e5de-6d45-4480-a1f1-d41cc2d38630@group-C6AEA7A4B82B, cid=3714, SUCCESS, logIndex=6138, commits[5d71e5de-6d45-4480-a1f1-d41cc2d38630:c6138]
2019-06-13 13:50:48,746 INFO  client.GrpcClientProtocolClient (GrpcClientProtocolClient.java:onNext(254)) - client-D47EFDF0E133->5d71e5de-6d45-4480-a1f1-d41cc2d38630: receive RaftClientReply:client-D47EFDF0E133->5d71e5de-6d45-4480-a1f1-d41cc2d38630@group-C6AEA7A4B82B, cid=3715, SUCCESS, logIndex=6139, commits[5d71e5de-6d45-4480-a1f1-d41cc2d38630:c6140]
2019-06-13 13:50:48,747 INFO  client.GrpcClientProtocolClient (GrpcClientProtocolClient.java:onNext(254)) - client-D47EFDF0E133->5d71e5de-6d45-4480-a1f1-d41cc2d38630: receive RaftClientReply:client-D47EFDF0E133->5d71e5de-6d45-4480-a1f1-d41cc2d38630@group-C6AEA7A4B82B, cid=3716, SUCCESS, logIndex=6141, commits[5d71e5de-6d45-4480-a1f1-d41cc2d38630:c6141]
2019-06-13 13:50:48,752 INFO  client.GrpcClientProtocolClient (GrpcClientProtocolClient.java:onNext(254)) - client-D47EFDF0E133->5d71e5de-6d45-4480-a1f1-d41cc2d38630: receive RaftClientReply:client-D47EFDF0E133->5d71e5de-6d45-4480-a1f1-d41cc2d38630@group-C6AEA7A4B82B, cid=3717, SUCCESS, logIndex=6143, commits[5d71e5de-6d45-4480-a1f1-d41cc2d38630:c6143]
2019-06-13 13:50:48,754 INFO  client.GrpcClientProtocolClient (GrpcClientProtocolClient.java:onNext(254)) - client-D47EFDF0E133->5d71e5de-6d45-4480-a1f1-d41cc2d38630: receive RaftClientReply:client-D47EFDF0E133->5d71e5de-6d45-4480-a1f1-d41cc2d38630@group-C6AEA7A4B82B, cid=3718, SUCCESS, logIndex=6145, commits[5d71e5de-6d45-4480-a1f1-d41cc2d38630:c6145]
2019-06-13 13:50:48,755 INFO  client.GrpcClientProtocolClient (GrpcClientProtocolClient.java:onNext(254)) - client-D47EFDF0E133->5d71e5de-6d45-4480-a1f1-d41cc2d38630: receive RaftClientReply:client-D47EFDF0E133->5d71e5de-6d45-4480-a1f1-d41cc2d38630@group-C6AEA7A4B82B, cid=3719, SUCCESS, logIndex=6147, commits[5d71e5de-6d45-4480-a1f1-d41cc2d38630:c6147]
2019-06-13 13:50:48,756 INFO  client.GrpcClientProtocolClient (GrpcClientProtocolClient.java:onNext(254)) - client-D47EFDF0E133->5d71e5de-6d45-4480-a1f1-d41cc2d38630: receive RaftClientReply:client-D47EFDF0E133->5d71e5de-6d45-4480-a1f1-d41cc2d38630@group-C6AEA7A4B82B, cid=3720, SUCCESS, logIndex=6148, commits[5d71e5de-6d45-4480-a1f1-d41cc2d38630:c6148]
2019-06-13 13:50:48,766 INFO  client.GrpcClientProtocolClient (GrpcClientProtocolClient.java:onNext(254)) - client-D47EFDF0E133->5d71e5de-6d45-4480-a1f1-d41cc2d38630: receive RaftClientReply:client-D47EFDF0E133->5d71e5de-6d45-4480-a1f1-d41cc2d38630@group-C6AEA7A4B82B, cid=3721, SUCCESS, logIndex=6151, commits[5d71e5de-6d45-4480-a1f1-d41cc2d38630:c6151]
2019-06-13 13:50:48,767 INFO  client.GrpcClientProtocolClient (GrpcClientProtocolClient.java:onNext(254)) - client-D47EFDF0E133->5d71e5de-6d45-4480-a1f1-d41cc2d38630: receive RaftClientReply:client-D47EFDF0E133->5d71e5de-6d45-4480-a1f1-d41cc2d38630@group-C6AEA7A4B82B, cid=3722, SUCCESS, logIndex=6153, commits[5d71e5de-6d45-4480-a1f1-d41cc2d38630:c6153]
2019-06-13 13:50:48,768 INFO  client.GrpcClientProtocolClient (GrpcClientProtocolClient.java:onNext(254)) - client-D47EFDF0E133->5d71e5de-6d45-4480-a1f1-d41cc2d38630: receive RaftClientReply:client-D47EFDF0E133->5d71e5de-6d45-4480-a1f1-d41cc2d38630@group-C6AEA7A4B82B, cid=3723, SUCCESS, logIndex=6154, commits[5d71e5de-6d45-4480-a1f1-d41cc2d38630:c6156]
2019-06-13 13:50:48,768 INFO  client.GrpcClientProtocolClient (GrpcClientProtocolClient.java:onNext(254)) - client-D47EFDF0E133->5d71e5de-6d45-4480-a1f1-d41cc2d38630: receive RaftClientReply:client-D47EFDF0E133->5d71e5de-6d45-4480-a1f1-d41cc2d38630@group-C6AEA7A4B82B, cid=3724, SUCCESS, logIndex=6155, commits[5d71e5de-6d45-4480-a1f1-d41cc2d38630:c6156]
2019-06-13 13:50:48,771 DEBUG block.SCMBlockDeletingService (SCMBlockDeletingService.java:call(138)) - Running DeletedBlockTransactionScanner
2019-06-13 13:50:48,771 DEBUG block.SCMBlockDeletingService (SCMBlockDeletingService.java:call(155)) - Scanned deleted blocks log and got 0 delTX to process.
2019-06-13 13:50:48,774 INFO  client.GrpcClientProtocolClient (GrpcClientProtocolClient.java:onNext(254)) - client-D47EFDF0E133->5d71e5de-6d45-4480-a1f1-d41cc2d38630: receive RaftClientReply:client-D47EFDF0E133->5d71e5de-6d45-4480-a1f1-d41cc2d38630@group-C6AEA7A4B82B, cid=3725, SUCCESS, logIndex=6157, commits[5d71e5de-6d45-4480-a1f1-d41cc2d38630:c6157]
2019-06-13 13:50:48,775 INFO  client.GrpcClientProtocolClient (GrpcClientProtocolClient.java:onNext(254)) - client-D47EFDF0E133->5d71e5de-6d45-4480-a1f1-d41cc2d38630: receive RaftClientReply:client-D47EFDF0E133->5d71e5de-6d45-4480-a1f1-d41cc2d38630@group-C6AEA7A4B82B, cid=3726, SUCCESS, logIndex=6159, commits[5d71e5de-6d45-4480-a1f1-d41cc2d38630:c6159]
2019-06-13 13:50:48,776 INFO  client.GrpcClientProtocolClient (GrpcClientProtocolClient.java:onNext(254)) - client-D47EFDF0E133->5d71e5de-6d45-4480-a1f1-d41cc2d38630: receive RaftClientReply:client-D47EFDF0E133->5d71e5de-6d45-4480-a1f1-d41cc2d38630@group-C6AEA7A4B82B, cid=3727, SUCCESS, logIndex=6160, commits[5d71e5de-6d45-4480-a1f1-d41cc2d38630:c6162]
2019-06-13 13:50:48,776 INFO  client.GrpcClientProtocolClient (GrpcClientProtocolClient.java:onNext(254)) - client-D47EFDF0E133->5d71e5de-6d45-4480-a1f1-d41cc2d38630: receive RaftClientReply:client-D47EFDF0E133->5d71e5de-6d45-4480-a1f1-d41cc2d38630@group-C6AEA7A4B82B, cid=3728, SUCCESS, logIndex=6161, commits[5d71e5de-6d45-4480-a1f1-d41cc2d38630:c6162]
2019-06-13 13:50:48,786 INFO  client.GrpcClientProtocolClient (GrpcClientProtocolClient.java:onNext(254)) - client-D47EFDF0E133->5d71e5de-6d45-4480-a1f1-d41cc2d38630: receive RaftClientReply:client-D47EFDF0E133->5d71e5de-6d45-4480-a1f1-d41cc2d38630@group-C6AEA7A4B82B, cid=3729, SUCCESS, logIndex=6163, commits[5d71e5de-6d45-4480-a1f1-d41cc2d38630:c6163]
2019-06-13 13:50:48,788 INFO  client.GrpcClientProtocolClient (GrpcClientProtocolClient.java:onNext(254)) - client-D47EFDF0E133->5d71e5de-6d45-4480-a1f1-d41cc2d38630: receive RaftClientReply:client-D47EFDF0E133->5d71e5de-6d45-4480-a1f1-d41cc2d38630@group-C6AEA7A4B82B, cid=3730, SUCCESS, logIndex=6165, commits[5d71e5de-6d45-4480-a1f1-d41cc2d38630:c6165]
2019-06-13 13:50:48,789 INFO  client.GrpcClientProtocolClient (GrpcClientProtocolClient.java:onNext(254)) - client-D47EFDF0E133->5d71e5de-6d45-4480-a1f1-d41cc2d38630: receive RaftClientReply:client-D47EFDF0E133->5d71e5de-6d45-4480-a1f1-d41cc2d38630@group-C6AEA7A4B82B, cid=3731, SUCCESS, logIndex=6166, commits[5d71e5de-6d45-4480-a1f1-d41cc2d38630:c6167]
2019-06-13 13:50:48,789 INFO  client.GrpcClientProtocolClient (GrpcClientProtocolClient.java:onNext(254)) - client-D47EFDF0E133->5d71e5de-6d45-4480-a1f1-d41cc2d38630: receive RaftClientReply:client-D47EFDF0E133->5d71e5de-6d45-4480-a1f1-d41cc2d38630@group-C6AEA7A4B82B, cid=3732, SUCCESS, logIndex=6167, commits[5d71e5de-6d45-4480-a1f1-d41cc2d38630:c6167]
2019-06-13 13:50:48,794 INFO  client.GrpcClientProtocolClient (GrpcClientProtocolClient.java:onNext(254)) - client-D47EFDF0E133->5d71e5de-6d45-4480-a1f1-d41cc2d38630: receive RaftClientReply:client-D47EFDF0E133->5d71e5de-6d45-4480-a1f1-d41cc2d38630@group-C6AEA7A4B82B, cid=3733, SUCCESS, logIndex=6170, commits[5d71e5de-6d45-4480-a1f1-d41cc2d38630:c6170]
2019-06-13 13:50:48,795 INFO  client.GrpcClientProtocolClient (GrpcClientProtocolClient.java:onNext(254)) - client-D47EFDF0E133->5d71e5de-6d45-4480-a1f1-d41cc2d38630: receive RaftClientReply:client-D47EFDF0E133->5d71e5de-6d45-4480-a1f1-d41cc2d38630@group-C6AEA7A4B82B, cid=3734, SUCCESS, logIndex=6172, commits[5d71e5de-6d45-4480-a1f1-d41cc2d38630:c6172]
2019-06-13 13:50:48,796 INFO  client.GrpcClientProtocolClient (GrpcClientProtocolClient.java:onNext(254)) - client-D47EFDF0E133->5d71e5de-6d45-4480-a1f1-d41cc2d38630: receive RaftClientReply:client-D47EFDF0E133->5d71e5de-6d45-4480-a1f1-d41cc2d38630@group-C6AEA7A4B82B, cid=3735, SUCCESS, logIndex=6173, commits[5d71e5de-6d45-4480-a1f1-d41cc2d38630:c6175]
2019-06-13 13:50:48,796 INFO  client.GrpcClientProtocolClient (GrpcClientProtocolClient.java:onNext(254)) - client-D47EFDF0E133->5d71e5de-6d45-4480-a1f1-d41cc2d38630: receive RaftClientReply:client-D47EFDF0E133->5d71e5de-6d45-4480-a1f1-d41cc2d38630@group-C6AEA7A4B82B, cid=3736, SUCCESS, logIndex=6174, commits[5d71e5de-6d45-4480-a1f1-d41cc2d38630:c6175]
2019-06-13 13:50:48,806 INFO  client.GrpcClientProtocolClient (GrpcClientProtocolClient.java:onNext(254)) - client-D47EFDF0E133->5d71e5de-6d45-4480-a1f1-d41cc2d38630: receive RaftClientReply:client-D47EFDF0E133->5d71e5de-6d45-4480-a1f1-d41cc2d38630@group-C6AEA7A4B82B, cid=3737, SUCCESS, logIndex=6176, commits[5d71e5de-6d45-4480-a1f1-d41cc2d38630:c6176]
2019-06-13 13:50:48,808 INFO  client.GrpcClientProtocolClient (GrpcClientProtocolClient.java:onNext(254)) - client-D47EFDF0E133->5d71e5de-6d45-4480-a1f1-d41cc2d38630: receive RaftClientReply:client-D47EFDF0E133->5d71e5de-6d45-4480-a1f1-d41cc2d38630@group-C6AEA7A4B82B, cid=3738, SUCCESS, logIndex=6178, commits[5d71e5de-6d45-4480-a1f1-d41cc2d38630:c6180]
2019-06-13 13:50:48,808 INFO  client.GrpcClientProtocolClient (GrpcClientProtocolClient.java:onNext(254)) - client-D47EFDF0E133->5d71e5de-6d45-4480-a1f1-d41cc2d38630: receive RaftClientReply:client-D47EFDF0E133->5d71e5de-6d45-4480-a1f1-d41cc2d38630@group-C6AEA7A4B82B, cid=3739, SUCCESS, logIndex=6179, commits[5d71e5de-6d45-4480-a1f1-d41cc2d38630:c6180]
2019-06-13 13:50:48,808 INFO  client.GrpcClientProtocolClient (GrpcClientProtocolClient.java:onNext(254)) - client-D47EFDF0E133->5d71e5de-6d45-4480-a1f1-d41cc2d38630: receive RaftClientReply:client-D47EFDF0E133->5d71e5de-6d45-4480-a1f1-d41cc2d38630@group-C6AEA7A4B82B, cid=3740, SUCCESS, logIndex=6180, commits[5d71e5de-6d45-4480-a1f1-d41cc2d38630:c6181]
2019-06-13 13:50:48,813 INFO  client.GrpcClientProtocolClient (GrpcClientProtocolClient.java:onNext(254)) - client-D47EFDF0E133->5d71e5de-6d45-4480-a1f1-d41cc2d38630: receive RaftClientReply:client-D47EFDF0E133->5d71e5de-6d45-4480-a1f1-d41cc2d38630@group-C6AEA7A4B82B, cid=3741, SUCCESS, logIndex=6182, commits[5d71e5de-6d45-4480-a1f1-d41cc2d38630:c6182]
2019-06-13 13:50:48,814 INFO  storage.RaftLogWorker (RaftLogWorker.java:rollLogSegment(303)) - 5d71e5de-6d45-4480-a1f1-d41cc2d38630-RaftLogWorker: Rolling segment log-6117_6185 to index:6185
2019-06-13 13:50:48,814 INFO  client.GrpcClientProtocolClient (GrpcClientProtocolClient.java:onNext(254)) - client-D47EFDF0E133->5d71e5de-6d45-4480-a1f1-d41cc2d38630: receive RaftClientReply:client-D47EFDF0E133->5d71e5de-6d45-4480-a1f1-d41cc2d38630@group-C6AEA7A4B82B, cid=3742, SUCCESS, logIndex=6184, commits[5d71e5de-6d45-4480-a1f1-d41cc2d38630:c6184]
2019-06-13 13:50:48,815 INFO  storage.RaftLogWorker (RaftLogWorker.java:execute(433)) - 5d71e5de-6d45-4480-a1f1-d41cc2d38630-RaftLogWorker: Rolled log segment from /opt/src/hadoop-ozone/integration-test/target/test-dir/MiniOzoneClusterImpl-c05bfa39-b333-4767-bc96-5a78f3430938/datanode-0/data/ratis/3aee30eb-3db1-472a-b851-c6aea7a4b82b/current/log_inprogress_6117 to /opt/src/hadoop-ozone/integration-test/target/test-dir/MiniOzoneClusterImpl-c05bfa39-b333-4767-bc96-5a78f3430938/datanode-0/data/ratis/3aee30eb-3db1-472a-b851-c6aea7a4b82b/current/log_6117-6185
2019-06-13 13:50:48,815 INFO  client.GrpcClientProtocolClient (GrpcClientProtocolClient.java:onNext(254)) - client-D47EFDF0E133->5d71e5de-6d45-4480-a1f1-d41cc2d38630: receive RaftClientReply:client-D47EFDF0E133->5d71e5de-6d45-4480-a1f1-d41cc2d38630@group-C6AEA7A4B82B, cid=3743, SUCCESS, logIndex=6185, commits[5d71e5de-6d45-4480-a1f1-d41cc2d38630:c6185]
2019-06-13 13:50:48,851 INFO  storage.RaftLogWorker (RaftLogWorker.java:execute(469)) - 5d71e5de-6d45-4480-a1f1-d41cc2d38630-RaftLogWorker: created new log segment /opt/src/hadoop-ozone/integration-test/target/test-dir/MiniOzoneClusterImpl-c05bfa39-b333-4767-bc96-5a78f3430938/datanode-0/data/ratis/3aee30eb-3db1-472a-b851-c6aea7a4b82b/current/log_inprogress_6186
2019-06-13 13:50:48,852 INFO  client.GrpcClientProtocolClient (GrpcClientProtocolClient.java:onNext(254)) - client-D47EFDF0E133->5d71e5de-6d45-4480-a1f1-d41cc2d38630: receive RaftClientReply:client-D47EFDF0E133->5d71e5de-6d45-4480-a1f1-d41cc2d38630@group-C6AEA7A4B82B, cid=3744, SUCCESS, logIndex=6186, commits[5d71e5de-6d45-4480-a1f1-d41cc2d38630:c6188]
2019-06-13 13:50:48,864 INFO  client.GrpcClientProtocolClient (GrpcClientProtocolClient.java:onNext(254)) - client-D47EFDF0E133->5d71e5de-6d45-4480-a1f1-d41cc2d38630: receive RaftClientReply:client-D47EFDF0E133->5d71e5de-6d45-4480-a1f1-d41cc2d38630@group-C6AEA7A4B82B, cid=3745, SUCCESS, logIndex=6189, commits[5d71e5de-6d45-4480-a1f1-d41cc2d38630:c6189]
2019-06-13 13:50:48,865 INFO  client.GrpcClientProtocolClient (GrpcClientProtocolClient.java:onNext(254)) - client-D47EFDF0E133->5d71e5de-6d45-4480-a1f1-d41cc2d38630: receive RaftClientReply:client-D47EFDF0E133->5d71e5de-6d45-4480-a1f1-d41cc2d38630@group-C6AEA7A4B82B, cid=3746, SUCCESS, logIndex=6191, commits[5d71e5de-6d45-4480-a1f1-d41cc2d38630:c6191]
2019-06-13 13:50:48,866 INFO  client.GrpcClientProtocolClient (GrpcClientProtocolClient.java:onNext(254)) - client-D47EFDF0E133->5d71e5de-6d45-4480-a1f1-d41cc2d38630: receive RaftClientReply:client-D47EFDF0E133->5d71e5de-6d45-4480-a1f1-d41cc2d38630@group-C6AEA7A4B82B, cid=3747, SUCCESS, logIndex=6192, commits[5d71e5de-6d45-4480-a1f1-d41cc2d38630:c6194]
2019-06-13 13:50:48,866 INFO  client.GrpcClientProtocolClient (GrpcClientProtocolClient.java:onNext(254)) - client-D47EFDF0E133->5d71e5de-6d45-4480-a1f1-d41cc2d38630: receive RaftClientReply:client-D47EFDF0E133->5d71e5de-6d45-4480-a1f1-d41cc2d38630@group-C6AEA7A4B82B, cid=3748, SUCCESS, logIndex=6193, commits[5d71e5de-6d45-4480-a1f1-d41cc2d38630:c6194]
2019-06-13 13:50:48,871 DEBUG block.SCMBlockDeletingService (SCMBlockDeletingService.java:call(138)) - Running DeletedBlockTransactionScanner
2019-06-13 13:50:48,871 INFO  client.GrpcClientProtocolClient (GrpcClientProtocolClient.java:onNext(254)) - client-D47EFDF0E133->5d71e5de-6d45-4480-a1f1-d41cc2d38630: receive RaftClientReply:client-D47EFDF0E133->5d71e5de-6d45-4480-a1f1-d41cc2d38630@group-C6AEA7A4B82B, cid=3749, SUCCESS, logIndex=6195, commits[5d71e5de-6d45-4480-a1f1-d41cc2d38630:c6195]
2019-06-13 13:50:48,871 DEBUG block.SCMBlockDeletingService (SCMBlockDeletingService.java:call(155)) - Scanned deleted blocks log and got 0 delTX to process.
2019-06-13 13:50:48,873 INFO  client.GrpcClientProtocolClient (GrpcClientProtocolClient.java:onNext(254)) - client-D47EFDF0E133->5d71e5de-6d45-4480-a1f1-d41cc2d38630: receive RaftClientReply:client-D47EFDF0E133->5d71e5de-6d45-4480-a1f1-d41cc2d38630@group-C6AEA7A4B82B, cid=3750, SUCCESS, logIndex=6197, commits[5d71e5de-6d45-4480-a1f1-d41cc2d38630:c6199]
2019-06-13 13:50:48,874 INFO  client.GrpcClientProtocolClient (GrpcClientProtocolClient.java:onNext(254)) - client-D47EFDF0E133->5d71e5de-6d45-4480-a1f1-d41cc2d38630: receive RaftClientReply:client-D47EFDF0E133->5d71e5de-6d45-4480-a1f1-d41cc2d38630@group-C6AEA7A4B82B, cid=3751, SUCCESS, logIndex=6198, commits[5d71e5de-6d45-4480-a1f1-d41cc2d38630:c6199]
2019-06-13 13:50:48,874 INFO  client.GrpcClientProtocolClient (GrpcClientProtocolClient.java:onNext(254)) - client-D47EFDF0E133->5d71e5de-6d45-4480-a1f1-d41cc2d38630: receive RaftClientReply:client-D47EFDF0E133->5d71e5de-6d45-4480-a1f1-d41cc2d38630@group-C6AEA7A4B82B, cid=3752, SUCCESS, logIndex=6199, commits[5d71e5de-6d45-4480-a1f1-d41cc2d38630:c6199]
2019-06-13 13:50:48,883 INFO  client.GrpcClientProtocolClient (GrpcClientProtocolClient.java:onNext(254)) - client-D47EFDF0E133->5d71e5de-6d45-4480-a1f1-d41cc2d38630: receive RaftClientReply:client-D47EFDF0E133->5d71e5de-6d45-4480-a1f1-d41cc2d38630@group-C6AEA7A4B82B, cid=3753, SUCCESS, logIndex=6201, commits[5d71e5de-6d45-4480-a1f1-d41cc2d38630:c6201]
2019-06-13 13:50:48,885 INFO  client.GrpcClientProtocolClient (GrpcClientProtocolClient.java:onNext(254)) - client-D47EFDF0E133->5d71e5de-6d45-4480-a1f1-d41cc2d38630: receive RaftClientReply:client-D47EFDF0E133->5d71e5de-6d45-4480-a1f1-d41cc2d38630@group-C6AEA7A4B82B, cid=3754, SUCCESS, logIndex=6203, commits[5d71e5de-6d45-4480-a1f1-d41cc2d38630:c6203]
2019-06-13 13:50:48,886 INFO  client.GrpcClientProtocolClient (GrpcClientProtocolClient.java:onNext(254)) - client-D47EFDF0E133->5d71e5de-6d45-4480-a1f1-d41cc2d38630: receive RaftClientReply:client-D47EFDF0E133->5d71e5de-6d45-4480-a1f1-d41cc2d38630@group-C6AEA7A4B82B, cid=3755, SUCCESS, logIndex=6204, commits[5d71e5de-6d45-4480-a1f1-d41cc2d38630:c6204]
2019-06-13 13:50:48,886 INFO  client.GrpcClientProtocolClient (GrpcClientProtocolClient.java:onNext(254)) - client-D47EFDF0E133->5d71e5de-6d45-4480-a1f1-d41cc2d38630: receive RaftClientReply:client-D47EFDF0E133->5d71e5de-6d45-4480-a1f1-d41cc2d38630@group-C6AEA7A4B82B, cid=3756, SUCCESS, logIndex=6206, commits[5d71e5de-6d45-4480-a1f1-d41cc2d38630:c6206]
2019-06-13 13:50:48,971 DEBUG block.SCMBlockDeletingService (SCMBlockDeletingService.java:call(138)) - Running DeletedBlockTransactionScanner
2019-06-13 13:50:48,972 DEBUG block.SCMBlockDeletingService (SCMBlockDeletingService.java:call(155)) - Scanned deleted blocks log and got 0 delTX to process.
2019-06-13 13:50:48,990 INFO  client.GrpcClientProtocolClient (GrpcClientProtocolClient.java:onNext(254)) - client-D47EFDF0E133->5d71e5de-6d45-4480-a1f1-d41cc2d38630: receive RaftClientReply:client-D47EFDF0E133->5d71e5de-6d45-4480-a1f1-d41cc2d38630@group-C6AEA7A4B82B, cid=3757, SUCCESS, logIndex=6209, commits[5d71e5de-6d45-4480-a1f1-d41cc2d38630:c6209]
2019-06-13 13:50:48,991 INFO  client.GrpcClientProtocolClient (GrpcClientProtocolClient.java:onNext(254)) - client-D47EFDF0E133->5d71e5de-6d45-4480-a1f1-d41cc2d38630: receive RaftClientReply:client-D47EFDF0E133->5d71e5de-6d45-4480-a1f1-d41cc2d38630@group-C6AEA7A4B82B, cid=3758, SUCCESS, logIndex=6211, commits[5d71e5de-6d45-4480-a1f1-d41cc2d38630:c6211]
2019-06-13 13:50:48,992 INFO  client.GrpcClientProtocolClient (GrpcClientProtocolClient.java:onNext(254)) - client-D47EFDF0E133->5d71e5de-6d45-4480-a1f1-d41cc2d38630: receive RaftClientReply:client-D47EFDF0E133->5d71e5de-6d45-4480-a1f1-d41cc2d38630@group-C6AEA7A4B82B, cid=3759, SUCCESS, logIndex=6212, commits[5d71e5de-6d45-4480-a1f1-d41cc2d38630:c6214]
2019-06-13 13:50:48,992 INFO  client.GrpcClientProtocolClient (GrpcClientProtocolClient.java:onNext(254)) - client-D47EFDF0E133->5d71e5de-6d45-4480-a1f1-d41cc2d38630: receive RaftClientReply:client-D47EFDF0E133->5d71e5de-6d45-4480-a1f1-d41cc2d38630@group-C6AEA7A4B82B, cid=3760, SUCCESS, logIndex=6213, commits[5d71e5de-6d45-4480-a1f1-d41cc2d38630:c6214]
2019-06-13 13:50:49,005 INFO  client.GrpcClientProtocolClient (GrpcClientProtocolClient.java:onNext(254)) - client-D47EFDF0E133->5d71e5de-6d45-4480-a1f1-d41cc2d38630: receive RaftClientReply:client-D47EFDF0E133->5d71e5de-6d45-4480-a1f1-d41cc2d38630@group-C6AEA7A4B82B, cid=3761, SUCCESS, logIndex=6215, commits[5d71e5de-6d45-4480-a1f1-d41cc2d38630:c6215]
2019-06-13 13:50:49,007 INFO  client.GrpcClientProtocolClient (GrpcClientProtocolClient.java:onNext(254)) - client-D47EFDF0E133->5d71e5de-6d45-4480-a1f1-d41cc2d38630: receive RaftClientReply:client-D47EFDF0E133->5d71e5de-6d45-4480-a1f1-d41cc2d38630@group-C6AEA7A4B82B, cid=3762, SUCCESS, logIndex=6217, commits[5d71e5de-6d45-4480-a1f1-d41cc2d38630:c6217]
2019-06-13 13:50:49,008 INFO  client.GrpcClientProtocolClient (GrpcClientProtocolClient.java:onNext(254)) - client-D47EFDF0E133->5d71e5de-6d45-4480-a1f1-d41cc2d38630: receive RaftClientReply:client-D47EFDF0E133->5d71e5de-6d45-4480-a1f1-d41cc2d38630@group-C6AEA7A4B82B, cid=3763, SUCCESS, logIndex=6218, commits[5d71e5de-6d45-4480-a1f1-d41cc2d38630:c6220]
2019-06-13 13:50:49,008 INFO  client.GrpcClientProtocolClient (GrpcClientProtocolClient.java:onNext(254)) - client-D47EFDF0E133->5d71e5de-6d45-4480-a1f1-d41cc2d38630: receive RaftClientReply:client-D47EFDF0E133->5d71e5de-6d45-4480-a1f1-d41cc2d38630@group-C6AEA7A4B82B, cid=3764, SUCCESS, logIndex=6219, commits[5d71e5de-6d45-4480-a1f1-d41cc2d38630:c6220]
2019-06-13 13:50:49,013 INFO  client.GrpcClientProtocolClient (GrpcClientProtocolClient.java:onNext(254)) - client-D47EFDF0E133->5d71e5de-6d45-4480-a1f1-d41cc2d38630: receive RaftClientReply:client-D47EFDF0E133->5d71e5de-6d45-4480-a1f1-d41cc2d38630@group-C6AEA7A4B82B, cid=3765, SUCCESS, logIndex=6221, commits[5d71e5de-6d45-4480-a1f1-d41cc2d38630:c6221]
2019-06-13 13:50:49,015 INFO  client.GrpcClientProtocolClient (GrpcClientProtocolClient.java:onNext(254)) - client-D47EFDF0E133->5d71e5de-6d45-4480-a1f1-d41cc2d38630: receive RaftClientReply:client-D47EFDF0E133->5d71e5de-6d45-4480-a1f1-d41cc2d38630@group-C6AEA7A4B82B, cid=3766, SUCCESS, logIndex=6223, commits[5d71e5de-6d45-4480-a1f1-d41cc2d38630:c6223]
2019-06-13 13:50:49,015 INFO  client.GrpcClientProtocolClient (GrpcClientProtocolClient.java:onNext(254)) - client-D47EFDF0E133->5d71e5de-6d45-4480-a1f1-d41cc2d38630: receive RaftClientReply:client-D47EFDF0E133->5d71e5de-6d45-4480-a1f1-d41cc2d38630@group-C6AEA7A4B82B, cid=3767, SUCCESS, logIndex=6224, commits[5d71e5de-6d45-4480-a1f1-d41cc2d38630:c6224]
2019-06-13 13:50:49,015 INFO  client.GrpcClientProtocolClient (GrpcClientProtocolClient.java:onNext(254)) - client-D47EFDF0E133->5d71e5de-6d45-4480-a1f1-d41cc2d38630: receive RaftClientReply:client-D47EFDF0E133->5d71e5de-6d45-4480-a1f1-d41cc2d38630@group-C6AEA7A4B82B, cid=3768, SUCCESS, logIndex=6226, commits[5d71e5de-6d45-4480-a1f1-d41cc2d38630:c6226]
2019-06-13 13:50:49,027 INFO  client.GrpcClientProtocolClient (GrpcClientProtocolClient.java:onNext(254)) - client-D47EFDF0E133->5d71e5de-6d45-4480-a1f1-d41cc2d38630: receive RaftClientReply:client-D47EFDF0E133->5d71e5de-6d45-4480-a1f1-d41cc2d38630@group-C6AEA7A4B82B, cid=3769, SUCCESS, logIndex=6229, commits[5d71e5de-6d45-4480-a1f1-d41cc2d38630:c6229]
2019-06-13 13:50:49,030 INFO  client.GrpcClientProtocolClient (GrpcClientProtocolClient.java:onNext(254)) - client-D47EFDF0E133->5d71e5de-6d45-4480-a1f1-d41cc2d38630: receive RaftClientReply:client-D47EFDF0E133->5d71e5de-6d45-4480-a1f1-d41cc2d38630@group-C6AEA7A4B82B, cid=3770, SUCCESS, logIndex=6231, commits[5d71e5de-6d45-4480-a1f1-d41cc2d38630:c6231]
2019-06-13 13:50:49,032 INFO  client.GrpcClientProtocolClient (GrpcClientProtocolClient.java:onNext(254)) - client-D47EFDF0E133->5d71e5de-6d45-4480-a1f1-d41cc2d38630: receive RaftClientReply:client-D47EFDF0E133->5d71e5de-6d45-4480-a1f1-d41cc2d38630@group-C6AEA7A4B82B, cid=3771, SUCCESS, logIndex=6232, commits[5d71e5de-6d45-4480-a1f1-d41cc2d38630:c6233]
2019-06-13 13:50:49,033 INFO  client.GrpcClientProtocolClient (GrpcClientProtocolClient.java:onNext(254)) - client-D47EFDF0E133->5d71e5de-6d45-4480-a1f1-d41cc2d38630: receive RaftClientReply:client-D47EFDF0E133->5d71e5de-6d45-4480-a1f1-d41cc2d38630@group-C6AEA7A4B82B, cid=3772, SUCCESS, logIndex=6234, commits[5d71e5de-6d45-4480-a1f1-d41cc2d38630:c6234]
2019-06-13 13:50:49,041 INFO  client.GrpcClientProtocolClient (GrpcClientProtocolClient.java:onNext(254)) - client-D47EFDF0E133->5d71e5de-6d45-4480-a1f1-d41cc2d38630: receive RaftClientReply:client-D47EFDF0E133->5d71e5de-6d45-4480-a1f1-d41cc2d38630@group-C6AEA7A4B82B, cid=3773, SUCCESS, logIndex=6236, commits[5d71e5de-6d45-4480-a1f1-d41cc2d38630:c6236]
2019-06-13 13:50:49,042 INFO  client.GrpcClientProtocolClient (GrpcClientProtocolClient.java:onNext(254)) - client-D47EFDF0E133->5d71e5de-6d45-4480-a1f1-d41cc2d38630: receive RaftClientReply:client-D47EFDF0E133->5d71e5de-6d45-4480-a1f1-d41cc2d38630@group-C6AEA7A4B82B, cid=3774, SUCCESS, logIndex=6238, commits[5d71e5de-6d45-4480-a1f1-d41cc2d38630:c6238]
2019-06-13 13:50:49,044 INFO  client.GrpcClientProtocolClient (GrpcClientProtocolClient.java:onNext(254)) - client-D47EFDF0E133->5d71e5de-6d45-4480-a1f1-d41cc2d38630: receive RaftClientReply:client-D47EFDF0E133->5d71e5de-6d45-4480-a1f1-d41cc2d38630@group-C6AEA7A4B82B, cid=3775, SUCCESS, logIndex=6240, commits[5d71e5de-6d45-4480-a1f1-d41cc2d38630:c6241]
2019-06-13 13:50:49,044 INFO  client.GrpcClientProtocolClient (GrpcClientProtocolClient.java:onNext(254)) - client-D47EFDF0E133->5d71e5de-6d45-4480-a1f1-d41cc2d38630: receive RaftClientReply:client-D47EFDF0E133->5d71e5de-6d45-4480-a1f1-d41cc2d38630@group-C6AEA7A4B82B, cid=3776, SUCCESS, logIndex=6241, commits[5d71e5de-6d45-4480-a1f1-d41cc2d38630:c6241]
2019-06-13 13:50:49,054 INFO  client.GrpcClientProtocolClient (GrpcClientProtocolClient.java:onNext(254)) - client-D47EFDF0E133->5d71e5de-6d45-4480-a1f1-d41cc2d38630: receive RaftClientReply:client-D47EFDF0E133->5d71e5de-6d45-4480-a1f1-d41cc2d38630@group-C6AEA7A4B82B, cid=3777, SUCCESS, logIndex=6243, commits[5d71e5de-6d45-4480-a1f1-d41cc2d38630:c6243]
2019-06-13 13:50:49,056 INFO  client.GrpcClientProtocolClient (GrpcClientProtocolClient.java:onNext(254)) - client-D47EFDF0E133->5d71e5de-6d45-4480-a1f1-d41cc2d38630: receive RaftClientReply:client-D47EFDF0E133->5d71e5de-6d45-4480-a1f1-d41cc2d38630@group-C6AEA7A4B82B, cid=3778, SUCCESS, logIndex=6245, commits[5d71e5de-6d45-4480-a1f1-d41cc2d38630:c6245]
2019-06-13 13:50:49,057 INFO  client.GrpcClientProtocolClient (GrpcClientProtocolClient.java:onNext(254)) - client-D47EFDF0E133->5d71e5de-6d45-4480-a1f1-d41cc2d38630: receive RaftClientReply:client-D47EFDF0E133->5d71e5de-6d45-4480-a1f1-d41cc2d38630@group-C6AEA7A4B82B, cid=3779, SUCCESS, logIndex=6246, commits[5d71e5de-6d45-4480-a1f1-d41cc2d38630:c6248]
2019-06-13 13:50:49,058 INFO  client.GrpcClientProtocolClient (GrpcClientProtocolClient.java:onNext(254)) - client-D47EFDF0E133->5d71e5de-6d45-4480-a1f1-d41cc2d38630: receive RaftClientReply:client-D47EFDF0E133->5d71e5de-6d45-4480-a1f1-d41cc2d38630@group-C6AEA7A4B82B, cid=3780, SUCCESS, logIndex=6247, commits[5d71e5de-6d45-4480-a1f1-d41cc2d38630:c6248]
2019-06-13 13:50:49,101 DEBUG block.SCMBlockDeletingService (SCMBlockDeletingService.java:call(138)) - Running DeletedBlockTransactionScanner
2019-06-13 13:50:49,101 DEBUG block.SCMBlockDeletingService (SCMBlockDeletingService.java:call(155)) - Scanned deleted blocks log and got 0 delTX to process.
2019-06-13 13:50:49,104 INFO  client.GrpcClientProtocolClient (GrpcClientProtocolClient.java:onNext(254)) - client-D47EFDF0E133->5d71e5de-6d45-4480-a1f1-d41cc2d38630: receive RaftClientReply:client-D47EFDF0E133->5d71e5de-6d45-4480-a1f1-d41cc2d38630@group-C6AEA7A4B82B, cid=3781, SUCCESS, logIndex=6249, commits[5d71e5de-6d45-4480-a1f1-d41cc2d38630:c6249]
2019-06-13 13:50:49,105 INFO  client.GrpcClientProtocolClient (GrpcClientProtocolClient.java:onNext(254)) - client-D47EFDF0E133->5d71e5de-6d45-4480-a1f1-d41cc2d38630: receive RaftClientReply:client-D47EFDF0E133->5d71e5de-6d45-4480-a1f1-d41cc2d38630@group-C6AEA7A4B82B, cid=3782, SUCCESS, logIndex=6251, commits[5d71e5de-6d45-4480-a1f1-d41cc2d38630:c6251]
2019-06-13 13:50:49,107 INFO  client.GrpcClientProtocolClient (GrpcClientProtocolClient.java:onNext(254)) - client-D47EFDF0E133->5d71e5de-6d45-4480-a1f1-d41cc2d38630: receive RaftClientReply:client-D47EFDF0E133->5d71e5de-6d45-4480-a1f1-d41cc2d38630@group-C6AEA7A4B82B, cid=3783, SUCCESS, logIndex=6252, commits[5d71e5de-6d45-4480-a1f1-d41cc2d38630:c6254]
2019-06-13 13:50:49,107 INFO  client.GrpcClientProtocolClient (GrpcClientProtocolClient.java:onNext(254)) - client-D47EFDF0E133->5d71e5de-6d45-4480-a1f1-d41cc2d38630: receive RaftClientReply:client-D47EFDF0E133->5d71e5de-6d45-4480-a1f1-d41cc2d38630@group-C6AEA7A4B82B, cid=3784, SUCCESS, logIndex=6253, commits[5d71e5de-6d45-4480-a1f1-d41cc2d38630:c6254]
2019-06-13 13:50:49,117 INFO  client.GrpcClientProtocolClient (GrpcClientProtocolClient.java:onNext(254)) - client-D47EFDF0E133->5d71e5de-6d45-4480-a1f1-d41cc2d38630: receive RaftClientReply:client-D47EFDF0E133->5d71e5de-6d45-4480-a1f1-d41cc2d38630@group-C6AEA7A4B82B, cid=3785, SUCCESS, logIndex=6255, commits[5d71e5de-6d45-4480-a1f1-d41cc2d38630:c6255]
2019-06-13 13:50:49,118 INFO  storage.RaftLogWorker (RaftLogWorker.java:rollLogSegment(303)) - 5d71e5de-6d45-4480-a1f1-d41cc2d38630-RaftLogWorker: Rolling segment log-6186_6257 to index:6257
2019-06-13 13:50:49,118 INFO  storage.RaftLogWorker (RaftLogWorker.java:execute(433)) - 5d71e5de-6d45-4480-a1f1-d41cc2d38630-RaftLogWorker: Rolled log segment from /opt/src/hadoop-ozone/integration-test/target/test-dir/MiniOzoneClusterImpl-c05bfa39-b333-4767-bc96-5a78f3430938/datanode-0/data/ratis/3aee30eb-3db1-472a-b851-c6aea7a4b82b/current/log_inprogress_6186 to /opt/src/hadoop-ozone/integration-test/target/test-dir/MiniOzoneClusterImpl-c05bfa39-b333-4767-bc96-5a78f3430938/datanode-0/data/ratis/3aee30eb-3db1-472a-b851-c6aea7a4b82b/current/log_6186-6257
2019-06-13 13:50:49,122 INFO  client.GrpcClientProtocolClient (GrpcClientProtocolClient.java:onNext(254)) - client-D47EFDF0E133->5d71e5de-6d45-4480-a1f1-d41cc2d38630: receive RaftClientReply:client-D47EFDF0E133->5d71e5de-6d45-4480-a1f1-d41cc2d38630@group-C6AEA7A4B82B, cid=3786, SUCCESS, logIndex=6257, commits[5d71e5de-6d45-4480-a1f1-d41cc2d38630:c6257]
2019-06-13 13:50:49,154 INFO  storage.RaftLogWorker (RaftLogWorker.java:execute(469)) - 5d71e5de-6d45-4480-a1f1-d41cc2d38630-RaftLogWorker: created new log segment /opt/src/hadoop-ozone/integration-test/target/test-dir/MiniOzoneClusterImpl-c05bfa39-b333-4767-bc96-5a78f3430938/datanode-0/data/ratis/3aee30eb-3db1-472a-b851-c6aea7a4b82b/current/log_inprogress_6258
2019-06-13 13:50:49,155 INFO  client.GrpcClientProtocolClient (GrpcClientProtocolClient.java:onNext(254)) - client-D47EFDF0E133->5d71e5de-6d45-4480-a1f1-d41cc2d38630: receive RaftClientReply:client-D47EFDF0E133->5d71e5de-6d45-4480-a1f1-d41cc2d38630@group-C6AEA7A4B82B, cid=3787, SUCCESS, logIndex=6258, commits[5d71e5de-6d45-4480-a1f1-d41cc2d38630:c6260]
2019-06-13 13:50:49,155 INFO  client.GrpcClientProtocolClient (GrpcClientProtocolClient.java:onNext(254)) - client-D47EFDF0E133->5d71e5de-6d45-4480-a1f1-d41cc2d38630: receive RaftClientReply:client-D47EFDF0E133->5d71e5de-6d45-4480-a1f1-d41cc2d38630@group-C6AEA7A4B82B, cid=3788, SUCCESS, logIndex=6260, commits[5d71e5de-6d45-4480-a1f1-d41cc2d38630:c6261]
2019-06-13 13:50:49,161 INFO  client.GrpcClientProtocolClient (GrpcClientProtocolClient.java:onNext(254)) - client-D47EFDF0E133->5d71e5de-6d45-4480-a1f1-d41cc2d38630: receive RaftClientReply:client-D47EFDF0E133->5d71e5de-6d45-4480-a1f1-d41cc2d38630@group-C6AEA7A4B82B, cid=3789, SUCCESS, logIndex=6262, commits[5d71e5de-6d45-4480-a1f1-d41cc2d38630:c6262]
2019-06-13 13:50:49,162 INFO  client.GrpcClientProtocolClient (GrpcClientProtocolClient.java:onNext(254)) - client-D47EFDF0E133->5d71e5de-6d45-4480-a1f1-d41cc2d38630: receive RaftClientReply:client-D47EFDF0E133->5d71e5de-6d45-4480-a1f1-d41cc2d38630@group-C6AEA7A4B82B, cid=3790, SUCCESS, logIndex=6264, commits[5d71e5de-6d45-4480-a1f1-d41cc2d38630:c6264]
2019-06-13 13:50:49,163 INFO  client.GrpcClientProtocolClient (GrpcClientProtocolClient.java:onNext(254)) - client-D47EFDF0E133->5d71e5de-6d45-4480-a1f1-d41cc2d38630: receive RaftClientReply:client-D47EFDF0E133->5d71e5de-6d45-4480-a1f1-d41cc2d38630@group-C6AEA7A4B82B, cid=3791, SUCCESS, logIndex=6265, commits[5d71e5de-6d45-4480-a1f1-d41cc2d38630:c6267]
2019-06-13 13:50:49,163 INFO  client.GrpcClientProtocolClient (GrpcClientProtocolClient.java:onNext(254)) - client-D47EFDF0E133->5d71e5de-6d45-4480-a1f1-d41cc2d38630: receive RaftClientReply:client-D47EFDF0E133->5d71e5de-6d45-4480-a1f1-d41cc2d38630@group-C6AEA7A4B82B, cid=3792, SUCCESS, logIndex=6266, commits[5d71e5de-6d45-4480-a1f1-d41cc2d38630:c6267]
2019-06-13 13:50:49,173 INFO  client.GrpcClientProtocolClient (GrpcClientProtocolClient.java:onNext(254)) - client-D47EFDF0E133->5d71e5de-6d45-4480-a1f1-d41cc2d38630: receive RaftClientReply:client-D47EFDF0E133->5d71e5de-6d45-4480-a1f1-d41cc2d38630@group-C6AEA7A4B82B, cid=3793, SUCCESS, logIndex=6268, commits[5d71e5de-6d45-4480-a1f1-d41cc2d38630:c6268]
2019-06-13 13:50:49,174 INFO  client.GrpcClientProtocolClient (GrpcClientProtocolClient.java:onNext(254)) - client-D47EFDF0E133->5d71e5de-6d45-4480-a1f1-d41cc2d38630: receive RaftClientReply:client-D47EFDF0E133->5d71e5de-6d45-4480-a1f1-d41cc2d38630@group-C6AEA7A4B82B, cid=3794, SUCCESS, logIndex=6270, commits[5d71e5de-6d45-4480-a1f1-d41cc2d38630:c6270]
2019-06-13 13:50:49,175 INFO  client.GrpcClientProtocolClient (GrpcClientProtocolClient.java:onNext(254)) - client-D47EFDF0E133->5d71e5de-6d45-4480-a1f1-d41cc2d38630: receive RaftClientReply:client-D47EFDF0E133->5d71e5de-6d45-4480-a1f1-d41cc2d38630@group-C6AEA7A4B82B, cid=3795, SUCCESS, logIndex=6271, commits[5d71e5de-6d45-4480-a1f1-d41cc2d38630:c6273]
2019-06-13 13:50:49,176 INFO  client.GrpcClientProtocolClient (GrpcClientProtocolClient.java:onNext(254)) - client-D47EFDF0E133->5d71e5de-6d45-4480-a1f1-d41cc2d38630: receive RaftClientReply:client-D47EFDF0E133->5d71e5de-6d45-4480-a1f1-d41cc2d38630@group-C6AEA7A4B82B, cid=3796, SUCCESS, logIndex=6272, commits[5d71e5de-6d45-4480-a1f1-d41cc2d38630:c6273]
2019-06-13 13:50:49,181 INFO  client.GrpcClientProtocolClient (GrpcClientProtocolClient.java:onNext(254)) - client-D47EFDF0E133->5d71e5de-6d45-4480-a1f1-d41cc2d38630: receive RaftClientReply:client-D47EFDF0E133->5d71e5de-6d45-4480-a1f1-d41cc2d38630@group-C6AEA7A4B82B, cid=3797, SUCCESS, logIndex=6274, commits[5d71e5de-6d45-4480-a1f1-d41cc2d38630:c6274]
2019-06-13 13:50:49,182 INFO  client.GrpcClientProtocolClient (GrpcClientProtocolClient.java:onNext(254)) - client-D47EFDF0E133->5d71e5de-6d45-4480-a1f1-d41cc2d38630: receive RaftClientReply:client-D47EFDF0E133->5d71e5de-6d45-4480-a1f1-d41cc2d38630@group-C6AEA7A4B82B, cid=3798, SUCCESS, logIndex=6276, commits[5d71e5de-6d45-4480-a1f1-d41cc2d38630:c6276]
2019-06-13 13:50:49,183 INFO  client.GrpcClientProtocolClient (GrpcClientProtocolClient.java:onNext(254)) - client-D47EFDF0E133->5d71e5de-6d45-4480-a1f1-d41cc2d38630: receive RaftClientReply:client-D47EFDF0E133->5d71e5de-6d45-4480-a1f1-d41cc2d38630@group-C6AEA7A4B82B, cid=3799, SUCCESS, logIndex=6277, commits[5d71e5de-6d45-4480-a1f1-d41cc2d38630:c6279]
2019-06-13 13:50:49,183 INFO  client.GrpcClientProtocolClient (GrpcClientProtocolClient.java:onNext(254)) - client-D47EFDF0E133->5d71e5de-6d45-4480-a1f1-d41cc2d38630: receive RaftClientReply:client-D47EFDF0E133->5d71e5de-6d45-4480-a1f1-d41cc2d38630@group-C6AEA7A4B82B, cid=3800, SUCCESS, logIndex=6278, commits[5d71e5de-6d45-4480-a1f1-d41cc2d38630:c6279]
2019-06-13 13:50:49,201 DEBUG block.SCMBlockDeletingService (SCMBlockDeletingService.java:call(138)) - Running DeletedBlockTransactionScanner
2019-06-13 13:50:49,202 DEBUG block.SCMBlockDeletingService (SCMBlockDeletingService.java:call(155)) - Scanned deleted blocks log and got 0 delTX to process.
2019-06-13 13:50:49,260 INFO  client.GrpcClientProtocolClient (GrpcClientProtocolClient.java:onNext(254)) - client-D47EFDF0E133->5d71e5de-6d45-4480-a1f1-d41cc2d38630: receive RaftClientReply:client-D47EFDF0E133->5d71e5de-6d45-4480-a1f1-d41cc2d38630@group-C6AEA7A4B82B, cid=3801, SUCCESS, logIndex=6280, commits[5d71e5de-6d45-4480-a1f1-d41cc2d38630:c6280]
2019-06-13 13:50:49,261 INFO  client.GrpcClientProtocolClient (GrpcClientProtocolClient.java:onNext(254)) - client-D47EFDF0E133->5d71e5de-6d45-4480-a1f1-d41cc2d38630: receive RaftClientReply:client-D47EFDF0E133->5d71e5de-6d45-4480-a1f1-d41cc2d38630@group-C6AEA7A4B82B, cid=3802, SUCCESS, logIndex=6282, commits[5d71e5de-6d45-4480-a1f1-d41cc2d38630:c6282]
2019-06-13 13:50:49,263 INFO  client.GrpcClientProtocolClient (GrpcClientProtocolClient.java:onNext(254)) - client-D47EFDF0E133->5d71e5de-6d45-4480-a1f1-d41cc2d38630: receive RaftClientReply:client-D47EFDF0E133->5d71e5de-6d45-4480-a1f1-d41cc2d38630@group-C6AEA7A4B82B, cid=3803, SUCCESS, logIndex=6283, commits[5d71e5de-6d45-4480-a1f1-d41cc2d38630:c6285]
2019-06-13 13:50:49,263 INFO  client.GrpcClientProtocolClient (GrpcClientProtocolClient.java:onNext(254)) - client-D47EFDF0E133->5d71e5de-6d45-4480-a1f1-d41cc2d38630: receive RaftClientReply:client-D47EFDF0E133->5d71e5de-6d45-4480-a1f1-d41cc2d38630@group-C6AEA7A4B82B, cid=3804, SUCCESS, logIndex=6284, commits[5d71e5de-6d45-4480-a1f1-d41cc2d38630:c6285]
2019-06-13 13:50:49,267 INFO  client.GrpcClientProtocolClient (GrpcClientProtocolClient.java:onNext(254)) - client-D47EFDF0E133->5d71e5de-6d45-4480-a1f1-d41cc2d38630: receive RaftClientReply:client-D47EFDF0E133->5d71e5de-6d45-4480-a1f1-d41cc2d38630@group-C6AEA7A4B82B, cid=3805, SUCCESS, logIndex=6286, commits[5d71e5de-6d45-4480-a1f1-d41cc2d38630:c6286]
2019-06-13 13:50:49,269 INFO  client.GrpcClientProtocolClient (GrpcClientProtocolClient.java:onNext(254)) - client-D47EFDF0E133->5d71e5de-6d45-4480-a1f1-d41cc2d38630: receive RaftClientReply:client-D47EFDF0E133->5d71e5de-6d45-4480-a1f1-d41cc2d38630@group-C6AEA7A4B82B, cid=3806, SUCCESS, logIndex=6288, commits[5d71e5de-6d45-4480-a1f1-d41cc2d38630:c6288]
2019-06-13 13:50:49,270 INFO  client.GrpcClientProtocolClient (GrpcClientProtocolClient.java:onNext(254)) - client-D47EFDF0E133->5d71e5de-6d45-4480-a1f1-d41cc2d38630: receive RaftClientReply:client-D47EFDF0E133->5d71e5de-6d45-4480-a1f1-d41cc2d38630@group-C6AEA7A4B82B, cid=3807, SUCCESS, logIndex=6289, commits[5d71e5de-6d45-4480-a1f1-d41cc2d38630:c6291]
2019-06-13 13:50:49,270 INFO  client.GrpcClientProtocolClient (GrpcClientProtocolClient.java:onNext(254)) - client-D47EFDF0E133->5d71e5de-6d45-4480-a1f1-d41cc2d38630: receive RaftClientReply:client-D47EFDF0E133->5d71e5de-6d45-4480-a1f1-d41cc2d38630@group-C6AEA7A4B82B, cid=3808, SUCCESS, logIndex=6290, commits[5d71e5de-6d45-4480-a1f1-d41cc2d38630:c6291]
2019-06-13 13:50:49,280 INFO  client.GrpcClientProtocolClient (GrpcClientProtocolClient.java:onNext(254)) - client-D47EFDF0E133->5d71e5de-6d45-4480-a1f1-d41cc2d38630: receive RaftClientReply:client-D47EFDF0E133->5d71e5de-6d45-4480-a1f1-d41cc2d38630@group-C6AEA7A4B82B, cid=3809, SUCCESS, logIndex=6292, commits[5d71e5de-6d45-4480-a1f1-d41cc2d38630:c6292]
2019-06-13 13:50:49,281 INFO  client.GrpcClientProtocolClient (GrpcClientProtocolClient.java:onNext(254)) - client-D47EFDF0E133->5d71e5de-6d45-4480-a1f1-d41cc2d38630: receive RaftClientReply:client-D47EFDF0E133->5d71e5de-6d45-4480-a1f1-d41cc2d38630@group-C6AEA7A4B82B, cid=3810, SUCCESS, logIndex=6294, commits[5d71e5de-6d45-4480-a1f1-d41cc2d38630:c6294]
2019-06-13 13:50:49,282 INFO  client.GrpcClientProtocolClient (GrpcClientProtocolClient.java:onNext(254)) - client-D47EFDF0E133->5d71e5de-6d45-4480-a1f1-d41cc2d38630: receive RaftClientReply:client-D47EFDF0E133->5d71e5de-6d45-4480-a1f1-d41cc2d38630@group-C6AEA7A4B82B, cid=3811, SUCCESS, logIndex=6295, commits[5d71e5de-6d45-4480-a1f1-d41cc2d38630:c6297]
2019-06-13 13:50:49,282 INFO  client.GrpcClientProtocolClient (GrpcClientProtocolClient.java:onNext(254)) - client-D47EFDF0E133->5d71e5de-6d45-4480-a1f1-d41cc2d38630: receive RaftClientReply:client-D47EFDF0E133->5d71e5de-6d45-4480-a1f1-d41cc2d38630@group-C6AEA7A4B82B, cid=3812, SUCCESS, logIndex=6296, commits[5d71e5de-6d45-4480-a1f1-d41cc2d38630:c6297]
2019-06-13 13:50:49,287 INFO  client.GrpcClientProtocolClient (GrpcClientProtocolClient.java:onNext(254)) - client-D47EFDF0E133->5d71e5de-6d45-4480-a1f1-d41cc2d38630: receive RaftClientReply:client-D47EFDF0E133->5d71e5de-6d45-4480-a1f1-d41cc2d38630@group-C6AEA7A4B82B, cid=3813, SUCCESS, logIndex=6298, commits[5d71e5de-6d45-4480-a1f1-d41cc2d38630:c6298]
2019-06-13 13:50:49,288 INFO  client.GrpcClientProtocolClient (GrpcClientProtocolClient.java:onNext(254)) - client-D47EFDF0E133->5d71e5de-6d45-4480-a1f1-d41cc2d38630: receive RaftClientReply:client-D47EFDF0E133->5d71e5de-6d45-4480-a1f1-d41cc2d38630@group-C6AEA7A4B82B, cid=3814, SUCCESS, logIndex=6300, commits[5d71e5de-6d45-4480-a1f1-d41cc2d38630:c6300]
2019-06-13 13:50:49,289 INFO  client.GrpcClientProtocolClient (GrpcClientProtocolClient.java:onNext(254)) - client-D47EFDF0E133->5d71e5de-6d45-4480-a1f1-d41cc2d38630: receive RaftClientReply:client-D47EFDF0E133->5d71e5de-6d45-4480-a1f1-d41cc2d38630@group-C6AEA7A4B82B, cid=3815, SUCCESS, logIndex=6301, commits[5d71e5de-6d45-4480-a1f1-d41cc2d38630:c6303]
2019-06-13 13:50:49,289 INFO  client.GrpcClientProtocolClient (GrpcClientProtocolClient.java:onNext(254)) - client-D47EFDF0E133->5d71e5de-6d45-4480-a1f1-d41cc2d38630: receive RaftClientReply:client-D47EFDF0E133->5d71e5de-6d45-4480-a1f1-d41cc2d38630@group-C6AEA7A4B82B, cid=3816, SUCCESS, logIndex=6302, commits[5d71e5de-6d45-4480-a1f1-d41cc2d38630:c6303]
2019-06-13 13:50:49,299 INFO  client.GrpcClientProtocolClient (GrpcClientProtocolClient.java:onNext(254)) - client-D47EFDF0E133->5d71e5de-6d45-4480-a1f1-d41cc2d38630: receive RaftClientReply:client-D47EFDF0E133->5d71e5de-6d45-4480-a1f1-d41cc2d38630@group-C6AEA7A4B82B, cid=3817, SUCCESS, logIndex=6304, commits[5d71e5de-6d45-4480-a1f1-d41cc2d38630:c6304]
2019-06-13 13:50:49,300 INFO  client.GrpcClientProtocolClient (GrpcClientProtocolClient.java:onNext(254)) - client-D47EFDF0E133->5d71e5de-6d45-4480-a1f1-d41cc2d38630: receive RaftClientReply:client-D47EFDF0E133->5d71e5de-6d45-4480-a1f1-d41cc2d38630@group-C6AEA7A4B82B, cid=3818, SUCCESS, logIndex=6306, commits[5d71e5de-6d45-4480-a1f1-d41cc2d38630:c6306]
2019-06-13 13:50:49,301 INFO  client.GrpcClientProtocolClient (GrpcClientProtocolClient.java:onNext(254)) - client-D47EFDF0E133->5d71e5de-6d45-4480-a1f1-d41cc2d38630: receive RaftClientReply:client-D47EFDF0E133->5d71e5de-6d45-4480-a1f1-d41cc2d38630@group-C6AEA7A4B82B, cid=3819, SUCCESS, logIndex=6307, commits[5d71e5de-6d45-4480-a1f1-d41cc2d38630:c6309]
2019-06-13 13:50:49,302 DEBUG block.SCMBlockDeletingService (SCMBlockDeletingService.java:call(138)) - Running DeletedBlockTransactionScanner
2019-06-13 13:50:49,302 INFO  client.GrpcClientProtocolClient (GrpcClientProtocolClient.java:onNext(254)) - client-D47EFDF0E133->5d71e5de-6d45-4480-a1f1-d41cc2d38630: receive RaftClientReply:client-D47EFDF0E133->5d71e5de-6d45-4480-a1f1-d41cc2d38630@group-C6AEA7A4B82B, cid=3820, SUCCESS, logIndex=6308, commits[5d71e5de-6d45-4480-a1f1-d41cc2d38630:c6309]
2019-06-13 13:50:49,302 DEBUG block.SCMBlockDeletingService (SCMBlockDeletingService.java:call(155)) - Scanned deleted blocks log and got 0 delTX to process.
2019-06-13 13:50:49,307 INFO  client.GrpcClientProtocolClient (GrpcClientProtocolClient.java:onNext(254)) - client-D47EFDF0E133->5d71e5de-6d45-4480-a1f1-d41cc2d38630: receive RaftClientReply:client-D47EFDF0E133->5d71e5de-6d45-4480-a1f1-d41cc2d38630@group-C6AEA7A4B82B, cid=3821, SUCCESS, logIndex=6310, commits[5d71e5de-6d45-4480-a1f1-d41cc2d38630:c6310]
2019-06-13 13:50:49,308 INFO  client.GrpcClientProtocolClient (GrpcClientProtocolClient.java:onNext(254)) - client-D47EFDF0E133->5d71e5de-6d45-4480-a1f1-d41cc2d38630: receive RaftClientReply:client-D47EFDF0E133->5d71e5de-6d45-4480-a1f1-d41cc2d38630@group-C6AEA7A4B82B, cid=3822, SUCCESS, logIndex=6312, commits[5d71e5de-6d45-4480-a1f1-d41cc2d38630:c6312]
2019-06-13 13:50:49,309 INFO  client.GrpcClientProtocolClient (GrpcClientProtocolClient.java:onNext(254)) - client-D47EFDF0E133->5d71e5de-6d45-4480-a1f1-d41cc2d38630: receive RaftClientReply:client-D47EFDF0E133->5d71e5de-6d45-4480-a1f1-d41cc2d38630@group-C6AEA7A4B82B, cid=3823, SUCCESS, logIndex=6313, commits[5d71e5de-6d45-4480-a1f1-d41cc2d38630:c6315]
2019-06-13 13:50:49,309 INFO  client.GrpcClientProtocolClient (GrpcClientProtocolClient.java:onNext(254)) - client-D47EFDF0E133->5d71e5de-6d45-4480-a1f1-d41cc2d38630: receive RaftClientReply:client-D47EFDF0E133->5d71e5de-6d45-4480-a1f1-d41cc2d38630@group-C6AEA7A4B82B, cid=3824, SUCCESS, logIndex=6314, commits[5d71e5de-6d45-4480-a1f1-d41cc2d38630:c6315]
2019-06-13 13:50:49,320 INFO  client.GrpcClientProtocolClient (GrpcClientProtocolClient.java:onNext(254)) - client-D47EFDF0E133->5d71e5de-6d45-4480-a1f1-d41cc2d38630: receive RaftClientReply:client-D47EFDF0E133->5d71e5de-6d45-4480-a1f1-d41cc2d38630@group-C6AEA7A4B82B, cid=3825, SUCCESS, logIndex=6316, commits[5d71e5de-6d45-4480-a1f1-d41cc2d38630:c6316]
2019-06-13 13:50:49,321 INFO  client.GrpcClientProtocolClient (GrpcClientProtocolClient.java:onNext(254)) - client-D47EFDF0E133->5d71e5de-6d45-4480-a1f1-d41cc2d38630: receive RaftClientReply:client-D47EFDF0E133->5d71e5de-6d45-4480-a1f1-d41cc2d38630@group-C6AEA7A4B82B, cid=3826, SUCCESS, logIndex=6318, commits[5d71e5de-6d45-4480-a1f1-d41cc2d38630:c6318]
2019-06-13 13:50:49,322 INFO  client.GrpcClientProtocolClient (GrpcClientProtocolClient.java:onNext(254)) - client-D47EFDF0E133->5d71e5de-6d45-4480-a1f1-d41cc2d38630: receive RaftClientReply:client-D47EFDF0E133->5d71e5de-6d45-4480-a1f1-d41cc2d38630@group-C6AEA7A4B82B, cid=3827, SUCCESS, logIndex=6319, commits[5d71e5de-6d45-4480-a1f1-d41cc2d38630:c6321]
2019-06-13 13:50:49,322 INFO  client.GrpcClientProtocolClient (GrpcClientProtocolClient.java:onNext(254)) - client-D47EFDF0E133->5d71e5de-6d45-4480-a1f1-d41cc2d38630: receive RaftClientReply:client-D47EFDF0E133->5d71e5de-6d45-4480-a1f1-d41cc2d38630@group-C6AEA7A4B82B, cid=3828, SUCCESS, logIndex=6321, commits[5d71e5de-6d45-4480-a1f1-d41cc2d38630:c6321]
2019-06-13 13:50:49,327 INFO  client.GrpcClientProtocolClient (GrpcClientProtocolClient.java:onNext(254)) - client-D47EFDF0E133->5d71e5de-6d45-4480-a1f1-d41cc2d38630: receive RaftClientReply:client-D47EFDF0E133->5d71e5de-6d45-4480-a1f1-d41cc2d38630@group-C6AEA7A4B82B, cid=3829, SUCCESS, logIndex=6323, commits[5d71e5de-6d45-4480-a1f1-d41cc2d38630:c6323]
2019-06-13 13:50:49,327 INFO  storage.RaftLogWorker (RaftLogWorker.java:rollLogSegment(303)) - 5d71e5de-6d45-4480-a1f1-d41cc2d38630-RaftLogWorker: Rolling segment log-6258_6324 to index:6324
2019-06-13 13:50:49,328 INFO  storage.RaftLogWorker (RaftLogWorker.java:execute(433)) - 5d71e5de-6d45-4480-a1f1-d41cc2d38630-RaftLogWorker: Rolled log segment from /opt/src/hadoop-ozone/integration-test/target/test-dir/MiniOzoneClusterImpl-c05bfa39-b333-4767-bc96-5a78f3430938/datanode-0/data/ratis/3aee30eb-3db1-472a-b851-c6aea7a4b82b/current/log_inprogress_6258 to /opt/src/hadoop-ozone/integration-test/target/test-dir/MiniOzoneClusterImpl-c05bfa39-b333-4767-bc96-5a78f3430938/datanode-0/data/ratis/3aee30eb-3db1-472a-b851-c6aea7a4b82b/current/log_6258-6324
2019-06-13 13:50:49,364 INFO  storage.RaftLogWorker (RaftLogWorker.java:execute(469)) - 5d71e5de-6d45-4480-a1f1-d41cc2d38630-RaftLogWorker: created new log segment /opt/src/hadoop-ozone/integration-test/target/test-dir/MiniOzoneClusterImpl-c05bfa39-b333-4767-bc96-5a78f3430938/datanode-0/data/ratis/3aee30eb-3db1-472a-b851-c6aea7a4b82b/current/log_inprogress_6325
2019-06-13 13:50:49,365 INFO  client.GrpcClientProtocolClient (GrpcClientProtocolClient.java:onNext(254)) - client-D47EFDF0E133->5d71e5de-6d45-4480-a1f1-d41cc2d38630: receive RaftClientReply:client-D47EFDF0E133->5d71e5de-6d45-4480-a1f1-d41cc2d38630@group-C6AEA7A4B82B, cid=3830, SUCCESS, logIndex=6325, commits[5d71e5de-6d45-4480-a1f1-d41cc2d38630:c6327]
2019-06-13 13:50:49,366 INFO  client.GrpcClientProtocolClient (GrpcClientProtocolClient.java:onNext(254)) - client-D47EFDF0E133->5d71e5de-6d45-4480-a1f1-d41cc2d38630: receive RaftClientReply:client-D47EFDF0E133->5d71e5de-6d45-4480-a1f1-d41cc2d38630@group-C6AEA7A4B82B, cid=3831, SUCCESS, logIndex=6326, commits[5d71e5de-6d45-4480-a1f1-d41cc2d38630:c6328]
2019-06-13 13:50:49,366 INFO  client.GrpcClientProtocolClient (GrpcClientProtocolClient.java:onNext(254)) - client-D47EFDF0E133->5d71e5de-6d45-4480-a1f1-d41cc2d38630: receive RaftClientReply:client-D47EFDF0E133->5d71e5de-6d45-4480-a1f1-d41cc2d38630@group-C6AEA7A4B82B, cid=3832, SUCCESS, logIndex=6327, commits[5d71e5de-6d45-4480-a1f1-d41cc2d38630:c6328]
2019-06-13 13:50:49,380 INFO  client.GrpcClientProtocolClient (GrpcClientProtocolClient.java:onNext(254)) - client-D47EFDF0E133->5d71e5de-6d45-4480-a1f1-d41cc2d38630: receive RaftClientReply:client-D47EFDF0E133->5d71e5de-6d45-4480-a1f1-d41cc2d38630@group-C6AEA7A4B82B, cid=3833, SUCCESS, logIndex=6329, commits[5d71e5de-6d45-4480-a1f1-d41cc2d38630:c6329]
2019-06-13 13:50:49,382 INFO  client.GrpcClientProtocolClient (GrpcClientProtocolClient.java:onNext(254)) - client-D47EFDF0E133->5d71e5de-6d45-4480-a1f1-d41cc2d38630: receive RaftClientReply:client-D47EFDF0E133->5d71e5de-6d45-4480-a1f1-d41cc2d38630@group-C6AEA7A4B82B, cid=3834, SUCCESS, logIndex=6331, commits[5d71e5de-6d45-4480-a1f1-d41cc2d38630:c6331]
2019-06-13 13:50:49,382 INFO  client.GrpcClientProtocolClient (GrpcClientProtocolClient.java:onNext(254)) - client-D47EFDF0E133->5d71e5de-6d45-4480-a1f1-d41cc2d38630: receive RaftClientReply:client-D47EFDF0E133->5d71e5de-6d45-4480-a1f1-d41cc2d38630@group-C6AEA7A4B82B, cid=3835, SUCCESS, logIndex=6332, commits[5d71e5de-6d45-4480-a1f1-d41cc2d38630:c6334]
2019-06-13 13:50:49,382 INFO  client.GrpcClientProtocolClient (GrpcClientProtocolClient.java:onNext(254)) - client-D47EFDF0E133->5d71e5de-6d45-4480-a1f1-d41cc2d38630: receive RaftClientReply:client-D47EFDF0E133->5d71e5de-6d45-4480-a1f1-d41cc2d38630@group-C6AEA7A4B82B, cid=3836, SUCCESS, logIndex=6333, commits[5d71e5de-6d45-4480-a1f1-d41cc2d38630:c6334]
2019-06-13 13:50:49,390 INFO  client.GrpcClientProtocolClient (GrpcClientProtocolClient.java:onNext(254)) - client-D47EFDF0E133->5d71e5de-6d45-4480-a1f1-d41cc2d38630: receive RaftClientReply:client-D47EFDF0E133->5d71e5de-6d45-4480-a1f1-d41cc2d38630@group-C6AEA7A4B82B, cid=3837, SUCCESS, logIndex=6335, commits[5d71e5de-6d45-4480-a1f1-d41cc2d38630:c6335]
2019-06-13 13:50:49,394 INFO  client.GrpcClientProtocolClient (GrpcClientProtocolClient.java:onNext(254)) - client-D47EFDF0E133->5d71e5de-6d45-4480-a1f1-d41cc2d38630: receive RaftClientReply:client-D47EFDF0E133->5d71e5de-6d45-4480-a1f1-d41cc2d38630@group-C6AEA7A4B82B, cid=3838, SUCCESS, logIndex=6337, commits[5d71e5de-6d45-4480-a1f1-d41cc2d38630:c6340]
2019-06-13 13:50:49,394 INFO  client.GrpcClientProtocolClient (GrpcClientProtocolClient.java:onNext(254)) - client-D47EFDF0E133->5d71e5de-6d45-4480-a1f1-d41cc2d38630: receive RaftClientReply:client-D47EFDF0E133->5d71e5de-6d45-4480-a1f1-d41cc2d38630@group-C6AEA7A4B82B, cid=3839, SUCCESS, logIndex=6338, commits[5d71e5de-6d45-4480-a1f1-d41cc2d38630:c6340]
2019-06-13 13:50:49,398 INFO  client.GrpcClientProtocolClient (GrpcClientProtocolClient.java:onNext(254)) - client-D47EFDF0E133->5d71e5de-6d45-4480-a1f1-d41cc2d38630: receive RaftClientReply:client-D47EFDF0E133->5d71e5de-6d45-4480-a1f1-d41cc2d38630@group-C6AEA7A4B82B, cid=3840, SUCCESS, logIndex=6339, commits[5d71e5de-6d45-4480-a1f1-d41cc2d38630:c6340]
2019-06-13 13:50:49,402 DEBUG block.SCMBlockDeletingService (SCMBlockDeletingService.java:call(138)) - Running DeletedBlockTransactionScanner
2019-06-13 13:50:49,402 DEBUG block.SCMBlockDeletingService (SCMBlockDeletingService.java:call(155)) - Scanned deleted blocks log and got 0 delTX to process.
2019-06-13 13:50:49,409 INFO  client.GrpcClientProtocolClient (GrpcClientProtocolClient.java:onNext(254)) - client-D47EFDF0E133->5d71e5de-6d45-4480-a1f1-d41cc2d38630: receive RaftClientReply:client-D47EFDF0E133->5d71e5de-6d45-4480-a1f1-d41cc2d38630@group-C6AEA7A4B82B, cid=3841, SUCCESS, logIndex=6341, commits[5d71e5de-6d45-4480-a1f1-d41cc2d38630:c6341]
2019-06-13 13:50:49,411 INFO  client.GrpcClientProtocolClient (GrpcClientProtocolClient.java:onNext(254)) - client-D47EFDF0E133->5d71e5de-6d45-4480-a1f1-d41cc2d38630: receive RaftClientReply:client-D47EFDF0E133->5d71e5de-6d45-4480-a1f1-d41cc2d38630@group-C6AEA7A4B82B, cid=3842, SUCCESS, logIndex=6343, commits[5d71e5de-6d45-4480-a1f1-d41cc2d38630:c6345]
2019-06-13 13:50:49,415 INFO  client.GrpcClientProtocolClient (GrpcClientProtocolClient.java:onNext(254)) - client-D47EFDF0E133->5d71e5de-6d45-4480-a1f1-d41cc2d38630: receive RaftClientReply:client-D47EFDF0E133->5d71e5de-6d45-4480-a1f1-d41cc2d38630@group-C6AEA7A4B82B, cid=3843, SUCCESS, logIndex=6344, commits[5d71e5de-6d45-4480-a1f1-d41cc2d38630:c6345]
2019-06-13 13:50:49,415 INFO  client.GrpcClientProtocolClient (GrpcClientProtocolClient.java:onNext(254)) - client-D47EFDF0E133->5d71e5de-6d45-4480-a1f1-d41cc2d38630: receive RaftClientReply:client-D47EFDF0E133->5d71e5de-6d45-4480-a1f1-d41cc2d38630@group-C6AEA7A4B82B, cid=3844, SUCCESS, logIndex=6345, commits[5d71e5de-6d45-4480-a1f1-d41cc2d38630:c6345]
2019-06-13 13:50:49,488 INFO  client.GrpcClientProtocolClient (GrpcClientProtocolClient.java:onNext(254)) - client-D47EFDF0E133->5d71e5de-6d45-4480-a1f1-d41cc2d38630: receive RaftClientReply:client-D47EFDF0E133->5d71e5de-6d45-4480-a1f1-d41cc2d38630@group-C6AEA7A4B82B, cid=3845, SUCCESS, logIndex=6347, commits[5d71e5de-6d45-4480-a1f1-d41cc2d38630:c6347]
2019-06-13 13:50:49,489 INFO  client.GrpcClientProtocolClient (GrpcClientProtocolClient.java:onNext(254)) - client-D47EFDF0E133->5d71e5de-6d45-4480-a1f1-d41cc2d38630: receive RaftClientReply:client-D47EFDF0E133->5d71e5de-6d45-4480-a1f1-d41cc2d38630@group-C6AEA7A4B82B, cid=3846, SUCCESS, logIndex=6349, commits[5d71e5de-6d45-4480-a1f1-d41cc2d38630:c6349]
2019-06-13 13:50:49,490 INFO  client.GrpcClientProtocolClient (GrpcClientProtocolClient.java:onNext(254)) - client-D47EFDF0E133->5d71e5de-6d45-4480-a1f1-d41cc2d38630: receive RaftClientReply:client-D47EFDF0E133->5d71e5de-6d45-4480-a1f1-d41cc2d38630@group-C6AEA7A4B82B, cid=3847, SUCCESS, logIndex=6350, commits[5d71e5de-6d45-4480-a1f1-d41cc2d38630:c6352]
2019-06-13 13:50:49,491 INFO  client.GrpcClientProtocolClient (GrpcClientProtocolClient.java:onNext(254)) - client-D47EFDF0E133->5d71e5de-6d45-4480-a1f1-d41cc2d38630: receive RaftClientReply:client-D47EFDF0E133->5d71e5de-6d45-4480-a1f1-d41cc2d38630@group-C6AEA7A4B82B, cid=3848, SUCCESS, logIndex=6351, commits[5d71e5de-6d45-4480-a1f1-d41cc2d38630:c6352]
2019-06-13 13:50:49,503 INFO  client.GrpcClientProtocolClient (GrpcClientProtocolClient.java:onNext(254)) - client-D47EFDF0E133->5d71e5de-6d45-4480-a1f1-d41cc2d38630: receive RaftClientReply:client-D47EFDF0E133->5d71e5de-6d45-4480-a1f1-d41cc2d38630@group-C6AEA7A4B82B, cid=3849, SUCCESS, logIndex=6353, commits[5d71e5de-6d45-4480-a1f1-d41cc2d38630:c6353]
2019-06-13 13:50:49,503 DEBUG block.SCMBlockDeletingService (SCMBlockDeletingService.java:call(138)) - Running DeletedBlockTransactionScanner
2019-06-13 13:50:49,503 DEBUG block.SCMBlockDeletingService (SCMBlockDeletingService.java:call(155)) - Scanned deleted blocks log and got 0 delTX to process.
2019-06-13 13:50:49,503 INFO  client.GrpcClientProtocolClient (GrpcClientProtocolClient.java:onNext(254)) - client-D47EFDF0E133->5d71e5de-6d45-4480-a1f1-d41cc2d38630: receive RaftClientReply:client-D47EFDF0E133->5d71e5de-6d45-4480-a1f1-d41cc2d38630@group-C6AEA7A4B82B, cid=3850, SUCCESS, logIndex=6355, commits[5d71e5de-6d45-4480-a1f1-d41cc2d38630:c6355]
2019-06-13 13:50:49,506 INFO  client.GrpcClientProtocolClient (GrpcClientProtocolClient.java:onNext(254)) - client-D47EFDF0E133->5d71e5de-6d45-4480-a1f1-d41cc2d38630: receive RaftClientReply:client-D47EFDF0E133->5d71e5de-6d45-4480-a1f1-d41cc2d38630@group-C6AEA7A4B82B, cid=3851, SUCCESS, logIndex=6357, commits[5d71e5de-6d45-4480-a1f1-d41cc2d38630:c6358]
2019-06-13 13:50:49,506 INFO  client.GrpcClientProtocolClient (GrpcClientProtocolClient.java:onNext(254)) - client-D47EFDF0E133->5d71e5de-6d45-4480-a1f1-d41cc2d38630: receive RaftClientReply:client-D47EFDF0E133->5d71e5de-6d45-4480-a1f1-d41cc2d38630@group-C6AEA7A4B82B, cid=3852, SUCCESS, logIndex=6358, commits[5d71e5de-6d45-4480-a1f1-d41cc2d38630:c6358]
2019-06-13 13:50:49,511 INFO  client.GrpcClientProtocolClient (GrpcClientProtocolClient.java:onNext(254)) - client-D47EFDF0E133->5d71e5de-6d45-4480-a1f1-d41cc2d38630: receive RaftClientReply:client-D47EFDF0E133->5d71e5de-6d45-4480-a1f1-d41cc2d38630@group-C6AEA7A4B82B, cid=3853, SUCCESS, logIndex=6360, commits[5d71e5de-6d45-4480-a1f1-d41cc2d38630:c6360]
2019-06-13 13:50:49,512 INFO  client.GrpcClientProtocolClient (GrpcClientProtocolClient.java:onNext(254)) - client-D47EFDF0E133->5d71e5de-6d45-4480-a1f1-d41cc2d38630: receive RaftClientReply:client-D47EFDF0E133->5d71e5de-6d45-4480-a1f1-d41cc2d38630@group-C6AEA7A4B82B, cid=3854, SUCCESS, logIndex=6362, commits[5d71e5de-6d45-4480-a1f1-d41cc2d38630:c6362]
2019-06-13 13:50:49,513 INFO  client.GrpcClientProtocolClient (GrpcClientProtocolClient.java:onNext(254)) - client-D47EFDF0E133->5d71e5de-6d45-4480-a1f1-d41cc2d38630: receive RaftClientReply:client-D47EFDF0E133->5d71e5de-6d45-4480-a1f1-d41cc2d38630@group-C6AEA7A4B82B, cid=3855, SUCCESS, logIndex=6363, commits[5d71e5de-6d45-4480-a1f1-d41cc2d38630:c6365]
2019-06-13 13:50:49,513 INFO  client.GrpcClientProtocolClient (GrpcClientProtocolClient.java:onNext(254)) - client-D47EFDF0E133->5d71e5de-6d45-4480-a1f1-d41cc2d38630: receive RaftClientReply:client-D47EFDF0E133->5d71e5de-6d45-4480-a1f1-d41cc2d38630@group-C6AEA7A4B82B, cid=3856, SUCCESS, logIndex=6364, commits[5d71e5de-6d45-4480-a1f1-d41cc2d38630:c6365]
2019-06-13 13:50:49,760 DEBUG block.SCMBlockDeletingService (SCMBlockDeletingService.java:call(138)) - Running DeletedBlockTransactionScanner
2019-06-13 13:50:49,760 DEBUG block.SCMBlockDeletingService (SCMBlockDeletingService.java:call(155)) - Scanned deleted blocks log and got 0 delTX to process.
2019-06-13 13:50:49,766 INFO  client.GrpcClientProtocolClient (GrpcClientProtocolClient.java:onNext(254)) - client-D47EFDF0E133->5d71e5de-6d45-4480-a1f1-d41cc2d38630: receive RaftClientReply:client-D47EFDF0E133->5d71e5de-6d45-4480-a1f1-d41cc2d38630@group-C6AEA7A4B82B, cid=3857, SUCCESS, logIndex=6366, commits[5d71e5de-6d45-4480-a1f1-d41cc2d38630:c6366]
2019-06-13 13:50:49,770 INFO  client.GrpcClientProtocolClient (GrpcClientProtocolClient.java:onNext(254)) - client-D47EFDF0E133->5d71e5de-6d45-4480-a1f1-d41cc2d38630: receive RaftClientReply:client-D47EFDF0E133->5d71e5de-6d45-4480-a1f1-d41cc2d38630@group-C6AEA7A4B82B, cid=3858, SUCCESS, logIndex=6368, commits[5d71e5de-6d45-4480-a1f1-d41cc2d38630:c6368]
2019-06-13 13:50:49,771 INFO  client.GrpcClientProtocolClient (GrpcClientProtocolClient.java:onNext(254)) - client-D47EFDF0E133->5d71e5de-6d45-4480-a1f1-d41cc2d38630: receive RaftClientReply:client-D47EFDF0E133->5d71e5de-6d45-4480-a1f1-d41cc2d38630@group-C6AEA7A4B82B, cid=3859, SUCCESS, logIndex=6370, commits[5d71e5de-6d45-4480-a1f1-d41cc2d38630:c6371]
2019-06-13 13:50:49,772 INFO  client.GrpcClientProtocolClient (GrpcClientProtocolClient.java:onNext(254)) - client-D47EFDF0E133->5d71e5de-6d45-4480-a1f1-d41cc2d38630: receive RaftClientReply:client-D47EFDF0E133->5d71e5de-6d45-4480-a1f1-d41cc2d38630@group-C6AEA7A4B82B, cid=3860, SUCCESS, logIndex=6371, commits[5d71e5de-6d45-4480-a1f1-d41cc2d38630:c6371]
2019-06-13 13:50:49,777 INFO  client.GrpcClientProtocolClient (GrpcClientProtocolClient.java:onNext(254)) - client-D47EFDF0E133->5d71e5de-6d45-4480-a1f1-d41cc2d38630: receive RaftClientReply:client-D47EFDF0E133->5d71e5de-6d45-4480-a1f1-d41cc2d38630@group-C6AEA7A4B82B, cid=3861, SUCCESS, logIndex=6373, commits[5d71e5de-6d45-4480-a1f1-d41cc2d38630:c6373]
2019-06-13 13:50:49,778 INFO  client.GrpcClientProtocolClient (GrpcClientProtocolClient.java:onNext(254)) - client-D47EFDF0E133->5d71e5de-6d45-4480-a1f1-d41cc2d38630: receive RaftClientReply:client-D47EFDF0E133->5d71e5de-6d45-4480-a1f1-d41cc2d38630@group-C6AEA7A4B82B, cid=3862, SUCCESS, logIndex=6375, commits[5d71e5de-6d45-4480-a1f1-d41cc2d38630:c6375]
2019-06-13 13:50:49,779 INFO  client.GrpcClientProtocolClient (GrpcClientProtocolClient.java:onNext(254)) - client-D47EFDF0E133->5d71e5de-6d45-4480-a1f1-d41cc2d38630: receive RaftClientReply:client-D47EFDF0E133->5d71e5de-6d45-4480-a1f1-d41cc2d38630@group-C6AEA7A4B82B, cid=3863, SUCCESS, logIndex=6376, commits[5d71e5de-6d45-4480-a1f1-d41cc2d38630:c6378]
2019-06-13 13:50:49,779 INFO  client.GrpcClientProtocolClient (GrpcClientProtocolClient.java:onNext(254)) - client-D47EFDF0E133->5d71e5de-6d45-4480-a1f1-d41cc2d38630: receive RaftClientReply:client-D47EFDF0E133->5d71e5de-6d45-4480-a1f1-d41cc2d38630@group-C6AEA7A4B82B, cid=3864, SUCCESS, logIndex=6377, commits[5d71e5de-6d45-4480-a1f1-d41cc2d38630:c6378]
2019-06-13 13:50:49,795 INFO  client.GrpcClientProtocolClient (GrpcClientProtocolClient.java:onNext(254)) - client-D47EFDF0E133->5d71e5de-6d45-4480-a1f1-d41cc2d38630: receive RaftClientReply:client-D47EFDF0E133->5d71e5de-6d45-4480-a1f1-d41cc2d38630@group-C6AEA7A4B82B, cid=3865, SUCCESS, logIndex=6379, commits[5d71e5de-6d45-4480-a1f1-d41cc2d38630:c6379]
2019-06-13 13:50:49,796 INFO  client.GrpcClientProtocolClient (GrpcClientProtocolClient.java:onNext(254)) - client-D47EFDF0E133->5d71e5de-6d45-4480-a1f1-d41cc2d38630: receive RaftClientReply:client-D47EFDF0E133->5d71e5de-6d45-4480-a1f1-d41cc2d38630@group-C6AEA7A4B82B, cid=3866, SUCCESS, logIndex=6381, commits[5d71e5de-6d45-4480-a1f1-d41cc2d38630:c6381]
2019-06-13 13:50:49,797 INFO  client.GrpcClientProtocolClient (GrpcClientProtocolClient.java:onNext(254)) - client-D47EFDF0E133->5d71e5de-6d45-4480-a1f1-d41cc2d38630: receive RaftClientReply:client-D47EFDF0E133->5d71e5de-6d45-4480-a1f1-d41cc2d38630@group-C6AEA7A4B82B, cid=3867, SUCCESS, logIndex=6382, commits[5d71e5de-6d45-4480-a1f1-d41cc2d38630:c6384]
2019-06-13 13:50:49,797 INFO  client.GrpcClientProtocolClient (GrpcClientProtocolClient.java:onNext(254)) - client-D47EFDF0E133->5d71e5de-6d45-4480-a1f1-d41cc2d38630: receive RaftClientReply:client-D47EFDF0E133->5d71e5de-6d45-4480-a1f1-d41cc2d38630@group-C6AEA7A4B82B, cid=3868, SUCCESS, logIndex=6383, commits[5d71e5de-6d45-4480-a1f1-d41cc2d38630:c6384]
2019-06-13 13:50:49,802 INFO  client.GrpcClientProtocolClient (GrpcClientProtocolClient.java:onNext(254)) - client-D47EFDF0E133->5d71e5de-6d45-4480-a1f1-d41cc2d38630: receive RaftClientReply:client-D47EFDF0E133->5d71e5de-6d45-4480-a1f1-d41cc2d38630@group-C6AEA7A4B82B, cid=3869, SUCCESS, logIndex=6385, commits[5d71e5de-6d45-4480-a1f1-d41cc2d38630:c6385]
2019-06-13 13:50:49,803 INFO  client.GrpcClientProtocolClient (GrpcClientProtocolClient.java:onNext(254)) - client-D47EFDF0E133->5d71e5de-6d45-4480-a1f1-d41cc2d38630: receive RaftClientReply:client-D47EFDF0E133->5d71e5de-6d45-4480-a1f1-d41cc2d38630@group-C6AEA7A4B82B, cid=3870, SUCCESS, logIndex=6387, commits[5d71e5de-6d45-4480-a1f1-d41cc2d38630:c6387]
2019-06-13 13:50:49,804 INFO  client.GrpcClientProtocolClient (GrpcClientProtocolClient.java:onNext(254)) - client-D47EFDF0E133->5d71e5de-6d45-4480-a1f1-d41cc2d38630: receive RaftClientReply:client-D47EFDF0E133->5d71e5de-6d45-4480-a1f1-d41cc2d38630@group-C6AEA7A4B82B, cid=3871, SUCCESS, logIndex=6388, commits[5d71e5de-6d45-4480-a1f1-d41cc2d38630:c6390]
2019-06-13 13:50:49,804 INFO  client.GrpcClientProtocolClient (GrpcClientProtocolClient.java:onNext(254)) - client-D47EFDF0E133->5d71e5de-6d45-4480-a1f1-d41cc2d38630: receive RaftClientReply:client-D47EFDF0E133->5d71e5de-6d45-4480-a1f1-d41cc2d38630@group-C6AEA7A4B82B, cid=3872, SUCCESS, logIndex=6389, commits[5d71e5de-6d45-4480-a1f1-d41cc2d38630:c6390]
2019-06-13 13:50:49,811 INFO  storage.RaftLogWorker (RaftLogWorker.java:rollLogSegment(303)) - 5d71e5de-6d45-4480-a1f1-d41cc2d38630-RaftLogWorker: Rolling segment log-6325_6390 to index:6390
2019-06-13 13:50:49,812 INFO  storage.RaftLogWorker (RaftLogWorker.java:execute(433)) - 5d71e5de-6d45-4480-a1f1-d41cc2d38630-RaftLogWorker: Rolled log segment from /opt/src/hadoop-ozone/integration-test/target/test-dir/MiniOzoneClusterImpl-c05bfa39-b333-4767-bc96-5a78f3430938/datanode-0/data/ratis/3aee30eb-3db1-472a-b851-c6aea7a4b82b/current/log_inprogress_6325 to /opt/src/hadoop-ozone/integration-test/target/test-dir/MiniOzoneClusterImpl-c05bfa39-b333-4767-bc96-5a78f3430938/datanode-0/data/ratis/3aee30eb-3db1-472a-b851-c6aea7a4b82b/current/log_6325-6390
2019-06-13 13:50:49,848 INFO  storage.RaftLogWorker (RaftLogWorker.java:execute(469)) - 5d71e5de-6d45-4480-a1f1-d41cc2d38630-RaftLogWorker: created new log segment /opt/src/hadoop-ozone/integration-test/target/test-dir/MiniOzoneClusterImpl-c05bfa39-b333-4767-bc96-5a78f3430938/datanode-0/data/ratis/3aee30eb-3db1-472a-b851-c6aea7a4b82b/current/log_inprogress_6391
2019-06-13 13:50:49,849 INFO  client.GrpcClientProtocolClient (GrpcClientProtocolClient.java:onNext(254)) - client-D47EFDF0E133->5d71e5de-6d45-4480-a1f1-d41cc2d38630: receive RaftClientReply:client-D47EFDF0E133->5d71e5de-6d45-4480-a1f1-d41cc2d38630@group-C6AEA7A4B82B, cid=3873, SUCCESS, logIndex=6391, commits[5d71e5de-6d45-4480-a1f1-d41cc2d38630:c6391]
2019-06-13 13:50:49,850 INFO  client.GrpcClientProtocolClient (GrpcClientProtocolClient.java:onNext(254)) - client-D47EFDF0E133->5d71e5de-6d45-4480-a1f1-d41cc2d38630: receive RaftClientReply:client-D47EFDF0E133->5d71e5de-6d45-4480-a1f1-d41cc2d38630@group-C6AEA7A4B82B, cid=3874, SUCCESS, logIndex=6393, commits[5d71e5de-6d45-4480-a1f1-d41cc2d38630:c6393]
2019-06-13 13:50:49,851 INFO  client.GrpcClientProtocolClient (GrpcClientProtocolClient.java:onNext(254)) - client-D47EFDF0E133->5d71e5de-6d45-4480-a1f1-d41cc2d38630: receive RaftClientReply:client-D47EFDF0E133->5d71e5de-6d45-4480-a1f1-d41cc2d38630@group-C6AEA7A4B82B, cid=3875, SUCCESS, logIndex=6394, commits[5d71e5de-6d45-4480-a1f1-d41cc2d38630:c6396]
2019-06-13 13:50:49,852 INFO  client.GrpcClientProtocolClient (GrpcClientProtocolClient.java:onNext(254)) - client-D47EFDF0E133->5d71e5de-6d45-4480-a1f1-d41cc2d38630: receive RaftClientReply:client-D47EFDF0E133->5d71e5de-6d45-4480-a1f1-d41cc2d38630@group-C6AEA7A4B82B, cid=3876, SUCCESS, logIndex=6395, commits[5d71e5de-6d45-4480-a1f1-d41cc2d38630:c6396]
2019-06-13 13:50:49,857 INFO  client.GrpcClientProtocolClient (GrpcClientProtocolClient.java:onNext(254)) - client-D47EFDF0E133->5d71e5de-6d45-4480-a1f1-d41cc2d38630: receive RaftClientReply:client-D47EFDF0E133->5d71e5de-6d45-4480-a1f1-d41cc2d38630@group-C6AEA7A4B82B, cid=3877, SUCCESS, logIndex=6397, commits[5d71e5de-6d45-4480-a1f1-d41cc2d38630:c6397]
2019-06-13 13:50:49,860 INFO  client.GrpcClientProtocolClient (GrpcClientProtocolClient.java:onNext(254)) - client-D47EFDF0E133->5d71e5de-6d45-4480-a1f1-d41cc2d38630: receive RaftClientReply:client-D47EFDF0E133->5d71e5de-6d45-4480-a1f1-d41cc2d38630@group-C6AEA7A4B82B, cid=3878, SUCCESS, logIndex=6399, commits[5d71e5de-6d45-4480-a1f1-d41cc2d38630:c6401]
2019-06-13 13:50:49,860 INFO  client.GrpcClientProtocolClient (GrpcClientProtocolClient.java:onNext(254)) - client-D47EFDF0E133->5d71e5de-6d45-4480-a1f1-d41cc2d38630: receive RaftClientReply:client-D47EFDF0E133->5d71e5de-6d45-4480-a1f1-d41cc2d38630@group-C6AEA7A4B82B, cid=3879, SUCCESS, logIndex=6400, commits[5d71e5de-6d45-4480-a1f1-d41cc2d38630:c6401]
2019-06-13 13:50:49,860 DEBUG block.SCMBlockDeletingService (SCMBlockDeletingService.java:call(138)) - Running DeletedBlockTransactionScanner
2019-06-13 13:50:49,860 DEBUG block.SCMBlockDeletingService (SCMBlockDeletingService.java:call(155)) - Scanned deleted blocks log and got 0 delTX to process.
2019-06-13 13:50:49,861 INFO  client.GrpcClientProtocolClient (GrpcClientProtocolClient.java:onNext(254)) - client-D47EFDF0E133->5d71e5de-6d45-4480-a1f1-d41cc2d38630: receive RaftClientReply:client-D47EFDF0E133->5d71e5de-6d45-4480-a1f1-d41cc2d38630@group-C6AEA7A4B82B, cid=3880, SUCCESS, logIndex=6401, commits[5d71e5de-6d45-4480-a1f1-d41cc2d38630:c6401]
2019-06-13 13:50:49,871 INFO  client.GrpcClientProtocolClient (GrpcClientProtocolClient.java:onNext(254)) - client-D47EFDF0E133->5d71e5de-6d45-4480-a1f1-d41cc2d38630: receive RaftClientReply:client-D47EFDF0E133->5d71e5de-6d45-4480-a1f1-d41cc2d38630@group-C6AEA7A4B82B, cid=3881, SUCCESS, logIndex=6403, commits[5d71e5de-6d45-4480-a1f1-d41cc2d38630:c6403]
2019-06-13 13:50:49,873 INFO  client.GrpcClientProtocolClient (GrpcClientProtocolClient.java:onNext(254)) - client-D47EFDF0E133->5d71e5de-6d45-4480-a1f1-d41cc2d38630: receive RaftClientReply:client-D47EFDF0E133->5d71e5de-6d45-4480-a1f1-d41cc2d38630@group-C6AEA7A4B82B, cid=3882, SUCCESS, logIndex=6405, commits[5d71e5de-6d45-4480-a1f1-d41cc2d38630:c6405]
2019-06-13 13:50:49,873 INFO  client.GrpcClientProtocolClient (GrpcClientProtocolClient.java:onNext(254)) - client-D47EFDF0E133->5d71e5de-6d45-4480-a1f1-d41cc2d38630: receive RaftClientReply:client-D47EFDF0E133->5d71e5de-6d45-4480-a1f1-d41cc2d38630@group-C6AEA7A4B82B, cid=3883, SUCCESS, logIndex=6406, commits[5d71e5de-6d45-4480-a1f1-d41cc2d38630:c6408]
2019-06-13 13:50:49,874 INFO  client.GrpcClientProtocolClient (GrpcClientProtocolClient.java:onNext(254)) - client-D47EFDF0E133->5d71e5de-6d45-4480-a1f1-d41cc2d38630: receive RaftClientReply:client-D47EFDF0E133->5d71e5de-6d45-4480-a1f1-d41cc2d38630@group-C6AEA7A4B82B, cid=3884, SUCCESS, logIndex=6407, commits[5d71e5de-6d45-4480-a1f1-d41cc2d38630:c6408]
2019-06-13 13:50:49,878 INFO  client.GrpcClientProtocolClient (GrpcClientProtocolClient.java:onNext(254)) - client-D47EFDF0E133->5d71e5de-6d45-4480-a1f1-d41cc2d38630: receive RaftClientReply:client-D47EFDF0E133->5d71e5de-6d45-4480-a1f1-d41cc2d38630@group-C6AEA7A4B82B, cid=3885, SUCCESS, logIndex=6409, commits[5d71e5de-6d45-4480-a1f1-d41cc2d38630:c6409]
2019-06-13 13:50:49,879 INFO  client.GrpcClientProtocolClient (GrpcClientProtocolClient.java:onNext(254)) - client-D47EFDF0E133->5d71e5de-6d45-4480-a1f1-d41cc2d38630: receive RaftClientReply:client-D47EFDF0E133->5d71e5de-6d45-4480-a1f1-d41cc2d38630@group-C6AEA7A4B82B, cid=3886, SUCCESS, logIndex=6411, commits[5d71e5de-6d45-4480-a1f1-d41cc2d38630:c6411]
2019-06-13 13:50:49,880 INFO  client.GrpcClientProtocolClient (GrpcClientProtocolClient.java:onNext(254)) - client-D47EFDF0E133->5d71e5de-6d45-4480-a1f1-d41cc2d38630: receive RaftClientReply:client-D47EFDF0E133->5d71e5de-6d45-4480-a1f1-d41cc2d38630@group-C6AEA7A4B82B, cid=3887, SUCCESS, logIndex=6412, commits[5d71e5de-6d45-4480-a1f1-d41cc2d38630:c6414]
2019-06-13 13:50:49,881 INFO  client.GrpcClientProtocolClient (GrpcClientProtocolClient.java:onNext(254)) - client-D47EFDF0E133->5d71e5de-6d45-4480-a1f1-d41cc2d38630: receive RaftClientReply:client-D47EFDF0E133->5d71e5de-6d45-4480-a1f1-d41cc2d38630@group-C6AEA7A4B82B, cid=3888, SUCCESS, logIndex=6413, commits[5d71e5de-6d45-4480-a1f1-d41cc2d38630:c6414]
2019-06-13 13:50:49,891 INFO  client.GrpcClientProtocolClient (GrpcClientProtocolClient.java:onNext(254)) - client-D47EFDF0E133->5d71e5de-6d45-4480-a1f1-d41cc2d38630: receive RaftClientReply:client-D47EFDF0E133->5d71e5de-6d45-4480-a1f1-d41cc2d38630@group-C6AEA7A4B82B, cid=3889, SUCCESS, logIndex=6415, commits[5d71e5de-6d45-4480-a1f1-d41cc2d38630:c6415]
2019-06-13 13:50:49,892 INFO  client.GrpcClientProtocolClient (GrpcClientProtocolClient.java:onNext(254)) - client-D47EFDF0E133->5d71e5de-6d45-4480-a1f1-d41cc2d38630: receive RaftClientReply:client-D47EFDF0E133->5d71e5de-6d45-4480-a1f1-d41cc2d38630@group-C6AEA7A4B82B, cid=3890, SUCCESS, logIndex=6417, commits[5d71e5de-6d45-4480-a1f1-d41cc2d38630:c6417]
2019-06-13 13:50:49,959 INFO  client.GrpcClientProtocolClient (GrpcClientProtocolClient.java:onNext(254)) - client-D47EFDF0E133->5d71e5de-6d45-4480-a1f1-d41cc2d38630: receive RaftClientReply:client-D47EFDF0E133->5d71e5de-6d45-4480-a1f1-d41cc2d38630@group-C6AEA7A4B82B, cid=3891, SUCCESS, logIndex=6419, commits[5d71e5de-6d45-4480-a1f1-d41cc2d38630:c6419]
2019-06-13 13:50:49,960 INFO  client.GrpcClientProtocolClient (GrpcClientProtocolClient.java:onNext(254)) - client-D47EFDF0E133->5d71e5de-6d45-4480-a1f1-d41cc2d38630: receive RaftClientReply:client-D47EFDF0E133->5d71e5de-6d45-4480-a1f1-d41cc2d38630@group-C6AEA7A4B82B, cid=3892, SUCCESS, logIndex=6421, commits[5d71e5de-6d45-4480-a1f1-d41cc2d38630:c6421]
2019-06-13 13:50:49,961 DEBUG block.SCMBlockDeletingService (SCMBlockDeletingService.java:call(138)) - Running DeletedBlockTransactionScanner
2019-06-13 13:50:49,961 DEBUG block.SCMBlockDeletingService (SCMBlockDeletingService.java:call(155)) - Scanned deleted blocks log and got 0 delTX to process.
2019-06-13 13:50:49,965 INFO  client.GrpcClientProtocolClient (GrpcClientProtocolClient.java:onNext(254)) - client-D47EFDF0E133->5d71e5de-6d45-4480-a1f1-d41cc2d38630: receive RaftClientReply:client-D47EFDF0E133->5d71e5de-6d45-4480-a1f1-d41cc2d38630@group-C6AEA7A4B82B, cid=3893, SUCCESS, logIndex=6423, commits[5d71e5de-6d45-4480-a1f1-d41cc2d38630:c6423]
2019-06-13 13:50:49,966 INFO  client.GrpcClientProtocolClient (GrpcClientProtocolClient.java:onNext(254)) - client-D47EFDF0E133->5d71e5de-6d45-4480-a1f1-d41cc2d38630: receive RaftClientReply:client-D47EFDF0E133->5d71e5de-6d45-4480-a1f1-d41cc2d38630@group-C6AEA7A4B82B, cid=3894, SUCCESS, logIndex=6425, commits[5d71e5de-6d45-4480-a1f1-d41cc2d38630:c6425]
2019-06-13 13:50:49,967 INFO  client.GrpcClientProtocolClient (GrpcClientProtocolClient.java:onNext(254)) - client-D47EFDF0E133->5d71e5de-6d45-4480-a1f1-d41cc2d38630: receive RaftClientReply:client-D47EFDF0E133->5d71e5de-6d45-4480-a1f1-d41cc2d38630@group-C6AEA7A4B82B, cid=3895, SUCCESS, logIndex=6426, commits[5d71e5de-6d45-4480-a1f1-d41cc2d38630:c6428]
2019-06-13 13:50:49,968 INFO  client.GrpcClientProtocolClient (GrpcClientProtocolClient.java:onNext(254)) - client-D47EFDF0E133->5d71e5de-6d45-4480-a1f1-d41cc2d38630: receive RaftClientReply:client-D47EFDF0E133->5d71e5de-6d45-4480-a1f1-d41cc2d38630@group-C6AEA7A4B82B, cid=3896, SUCCESS, logIndex=6427, commits[5d71e5de-6d45-4480-a1f1-d41cc2d38630:c6428]
2019-06-13 13:50:49,977 INFO  client.GrpcClientProtocolClient (GrpcClientProtocolClient.java:onNext(254)) - client-D47EFDF0E133->5d71e5de-6d45-4480-a1f1-d41cc2d38630: receive RaftClientReply:client-D47EFDF0E133->5d71e5de-6d45-4480-a1f1-d41cc2d38630@group-C6AEA7A4B82B, cid=3897, SUCCESS, logIndex=6429, commits[5d71e5de-6d45-4480-a1f1-d41cc2d38630:c6429]
2019-06-13 13:50:49,978 INFO  client.GrpcClientProtocolClient (GrpcClientProtocolClient.java:onNext(254)) - client-D47EFDF0E133->5d71e5de-6d45-4480-a1f1-d41cc2d38630: receive RaftClientReply:client-D47EFDF0E133->5d71e5de-6d45-4480-a1f1-d41cc2d38630@group-C6AEA7A4B82B, cid=3898, SUCCESS, logIndex=6431, commits[5d71e5de-6d45-4480-a1f1-d41cc2d38630:c6431]
2019-06-13 13:50:49,979 INFO  client.GrpcClientProtocolClient (GrpcClientProtocolClient.java:onNext(254)) - client-D47EFDF0E133->5d71e5de-6d45-4480-a1f1-d41cc2d38630: receive RaftClientReply:client-D47EFDF0E133->5d71e5de-6d45-4480-a1f1-d41cc2d38630@group-C6AEA7A4B82B, cid=3899, SUCCESS, logIndex=6432, commits[5d71e5de-6d45-4480-a1f1-d41cc2d38630:c6434]
2019-06-13 13:50:49,980 INFO  client.GrpcClientProtocolClient (GrpcClientProtocolClient.java:onNext(254)) - client-D47EFDF0E133->5d71e5de-6d45-4480-a1f1-d41cc2d38630: receive RaftClientReply:client-D47EFDF0E133->5d71e5de-6d45-4480-a1f1-d41cc2d38630@group-C6AEA7A4B82B, cid=3900, SUCCESS, logIndex=6433, commits[5d71e5de-6d45-4480-a1f1-d41cc2d38630:c6434]
2019-06-13 13:50:49,984 INFO  client.GrpcClientProtocolClient (GrpcClientProtocolClient.java:onNext(254)) - client-D47EFDF0E133->5d71e5de-6d45-4480-a1f1-d41cc2d38630: receive RaftClientReply:client-D47EFDF0E133->5d71e5de-6d45-4480-a1f1-d41cc2d38630@group-C6AEA7A4B82B, cid=3901, SUCCESS, logIndex=6435, commits[5d71e5de-6d45-4480-a1f1-d41cc2d38630:c6435]
2019-06-13 13:50:49,985 INFO  client.GrpcClientProtocolClient (GrpcClientProtocolClient.java:onNext(254)) - client-D47EFDF0E133->5d71e5de-6d45-4480-a1f1-d41cc2d38630: receive RaftClientReply:client-D47EFDF0E133->5d71e5de-6d45-4480-a1f1-d41cc2d38630@group-C6AEA7A4B82B, cid=3902, SUCCESS, logIndex=6437, commits[5d71e5de-6d45-4480-a1f1-d41cc2d38630:c6437]
2019-06-13 13:50:49,986 INFO  client.GrpcClientProtocolClient (GrpcClientProtocolClient.java:onNext(254)) - client-D47EFDF0E133->5d71e5de-6d45-4480-a1f1-d41cc2d38630: receive RaftClientReply:client-D47EFDF0E133->5d71e5de-6d45-4480-a1f1-d41cc2d38630@group-C6AEA7A4B82B, cid=3903, SUCCESS, logIndex=6438, commits[5d71e5de-6d45-4480-a1f1-d41cc2d38630:c6440]
2019-06-13 13:50:49,986 INFO  client.GrpcClientProtocolClient (GrpcClientProtocolClient.java:onNext(254)) - client-D47EFDF0E133->5d71e5de-6d45-4480-a1f1-d41cc2d38630: receive RaftClientReply:client-D47EFDF0E133->5d71e5de-6d45-4480-a1f1-d41cc2d38630@group-C6AEA7A4B82B, cid=3904, SUCCESS, logIndex=6439, commits[5d71e5de-6d45-4480-a1f1-d41cc2d38630:c6440]
2019-06-13 13:50:49,996 INFO  client.GrpcClientProtocolClient (GrpcClientProtocolClient.java:onNext(254)) - client-D47EFDF0E133->5d71e5de-6d45-4480-a1f1-d41cc2d38630: receive RaftClientReply:client-D47EFDF0E133->5d71e5de-6d45-4480-a1f1-d41cc2d38630@group-C6AEA7A4B82B, cid=3905, SUCCESS, logIndex=6441, commits[5d71e5de-6d45-4480-a1f1-d41cc2d38630:c6441]
2019-06-13 13:50:49,997 INFO  client.GrpcClientProtocolClient (GrpcClientProtocolClient.java:onNext(254)) - client-D47EFDF0E133->5d71e5de-6d45-4480-a1f1-d41cc2d38630: receive RaftClientReply:client-D47EFDF0E133->5d71e5de-6d45-4480-a1f1-d41cc2d38630@group-C6AEA7A4B82B, cid=3906, SUCCESS, logIndex=6443, commits[5d71e5de-6d45-4480-a1f1-d41cc2d38630:c6443]
2019-06-13 13:50:49,998 INFO  client.GrpcClientProtocolClient (GrpcClientProtocolClient.java:onNext(254)) - client-D47EFDF0E133->5d71e5de-6d45-4480-a1f1-d41cc2d38630: receive RaftClientReply:client-D47EFDF0E133->5d71e5de-6d45-4480-a1f1-d41cc2d38630@group-C6AEA7A4B82B, cid=3907, SUCCESS, logIndex=6444, commits[5d71e5de-6d45-4480-a1f1-d41cc2d38630:c6444]
2019-06-13 13:50:49,998 INFO  client.GrpcClientProtocolClient (GrpcClientProtocolClient.java:onNext(254)) - client-D47EFDF0E133->5d71e5de-6d45-4480-a1f1-d41cc2d38630: receive RaftClientReply:client-D47EFDF0E133->5d71e5de-6d45-4480-a1f1-d41cc2d38630@group-C6AEA7A4B82B, cid=3908, SUCCESS, logIndex=6446, commits[5d71e5de-6d45-4480-a1f1-d41cc2d38630:c6446]
2019-06-13 13:50:50,003 INFO  client.GrpcClientProtocolClient (GrpcClientProtocolClient.java:onNext(254)) - client-D47EFDF0E133->5d71e5de-6d45-4480-a1f1-d41cc2d38630: receive RaftClientReply:client-D47EFDF0E133->5d71e5de-6d45-4480-a1f1-d41cc2d38630@group-C6AEA7A4B82B, cid=3909, SUCCESS, logIndex=6449, commits[5d71e5de-6d45-4480-a1f1-d41cc2d38630:c6449]
2019-06-13 13:50:50,004 INFO  client.GrpcClientProtocolClient (GrpcClientProtocolClient.java:onNext(254)) - client-D47EFDF0E133->5d71e5de-6d45-4480-a1f1-d41cc2d38630: receive RaftClientReply:client-D47EFDF0E133->5d71e5de-6d45-4480-a1f1-d41cc2d38630@group-C6AEA7A4B82B, cid=3910, SUCCESS, logIndex=6451, commits[5d71e5de-6d45-4480-a1f1-d41cc2d38630:c6451]
2019-06-13 13:50:50,005 INFO  client.GrpcClientProtocolClient (GrpcClientProtocolClient.java:onNext(254)) - client-D47EFDF0E133->5d71e5de-6d45-4480-a1f1-d41cc2d38630: receive RaftClientReply:client-D47EFDF0E133->5d71e5de-6d45-4480-a1f1-d41cc2d38630@group-C6AEA7A4B82B, cid=3911, SUCCESS, logIndex=6452, commits[5d71e5de-6d45-4480-a1f1-d41cc2d38630:c6454]
2019-06-13 13:50:50,005 INFO  client.GrpcClientProtocolClient (GrpcClientProtocolClient.java:onNext(254)) - client-D47EFDF0E133->5d71e5de-6d45-4480-a1f1-d41cc2d38630: receive RaftClientReply:client-D47EFDF0E133->5d71e5de-6d45-4480-a1f1-d41cc2d38630@group-C6AEA7A4B82B, cid=3912, SUCCESS, logIndex=6453, commits[5d71e5de-6d45-4480-a1f1-d41cc2d38630:c6454]
2019-06-13 13:50:50,015 INFO  client.GrpcClientProtocolClient (GrpcClientProtocolClient.java:onNext(254)) - client-D47EFDF0E133->5d71e5de-6d45-4480-a1f1-d41cc2d38630: receive RaftClientReply:client-D47EFDF0E133->5d71e5de-6d45-4480-a1f1-d41cc2d38630@group-C6AEA7A4B82B, cid=3913, SUCCESS, logIndex=6455, commits[5d71e5de-6d45-4480-a1f1-d41cc2d38630:c6455]
2019-06-13 13:50:50,017 INFO  client.GrpcClientProtocolClient (GrpcClientProtocolClient.java:onNext(254)) - client-D47EFDF0E133->5d71e5de-6d45-4480-a1f1-d41cc2d38630: receive RaftClientReply:client-D47EFDF0E133->5d71e5de-6d45-4480-a1f1-d41cc2d38630@group-C6AEA7A4B82B, cid=3914, SUCCESS, logIndex=6457, commits[5d71e5de-6d45-4480-a1f1-d41cc2d38630:c6457]
2019-06-13 13:50:50,022 INFO  client.GrpcClientProtocolClient (GrpcClientProtocolClient.java:onNext(254)) - client-D47EFDF0E133->5d71e5de-6d45-4480-a1f1-d41cc2d38630: receive RaftClientReply:client-D47EFDF0E133->5d71e5de-6d45-4480-a1f1-d41cc2d38630@group-C6AEA7A4B82B, cid=3915, SUCCESS, logIndex=6458, commits[5d71e5de-6d45-4480-a1f1-d41cc2d38630:c6459]
2019-06-13 13:50:50,022 INFO  client.GrpcClientProtocolClient (GrpcClientProtocolClient.java:onNext(254)) - client-D47EFDF0E133->5d71e5de-6d45-4480-a1f1-d41cc2d38630: receive RaftClientReply:client-D47EFDF0E133->5d71e5de-6d45-4480-a1f1-d41cc2d38630@group-C6AEA7A4B82B, cid=3916, SUCCESS, logIndex=6459, commits[5d71e5de-6d45-4480-a1f1-d41cc2d38630:c6461]
2019-06-13 13:50:50,025 INFO  storage.RaftLogWorker (RaftLogWorker.java:rollLogSegment(303)) - 5d71e5de-6d45-4480-a1f1-d41cc2d38630-RaftLogWorker: Rolling segment log-6391_6461 to index:6461
2019-06-13 13:50:50,026 INFO  storage.RaftLogWorker (RaftLogWorker.java:execute(433)) - 5d71e5de-6d45-4480-a1f1-d41cc2d38630-RaftLogWorker: Rolled log segment from /opt/src/hadoop-ozone/integration-test/target/test-dir/MiniOzoneClusterImpl-c05bfa39-b333-4767-bc96-5a78f3430938/datanode-0/data/ratis/3aee30eb-3db1-472a-b851-c6aea7a4b82b/current/log_inprogress_6391 to /opt/src/hadoop-ozone/integration-test/target/test-dir/MiniOzoneClusterImpl-c05bfa39-b333-4767-bc96-5a78f3430938/datanode-0/data/ratis/3aee30eb-3db1-472a-b851-c6aea7a4b82b/current/log_6391-6461
2019-06-13 13:50:50,061 DEBUG block.SCMBlockDeletingService (SCMBlockDeletingService.java:call(138)) - Running DeletedBlockTransactionScanner
2019-06-13 13:50:50,061 DEBUG block.SCMBlockDeletingService (SCMBlockDeletingService.java:call(155)) - Scanned deleted blocks log and got 0 delTX to process.
2019-06-13 13:50:50,062 INFO  storage.RaftLogWorker (RaftLogWorker.java:execute(469)) - 5d71e5de-6d45-4480-a1f1-d41cc2d38630-RaftLogWorker: created new log segment /opt/src/hadoop-ozone/integration-test/target/test-dir/MiniOzoneClusterImpl-c05bfa39-b333-4767-bc96-5a78f3430938/datanode-0/data/ratis/3aee30eb-3db1-472a-b851-c6aea7a4b82b/current/log_inprogress_6462
2019-06-13 13:50:50,063 INFO  client.GrpcClientProtocolClient (GrpcClientProtocolClient.java:onNext(254)) - client-D47EFDF0E133->5d71e5de-6d45-4480-a1f1-d41cc2d38630: receive RaftClientReply:client-D47EFDF0E133->5d71e5de-6d45-4480-a1f1-d41cc2d38630@group-C6AEA7A4B82B, cid=3917, SUCCESS, logIndex=6462, commits[5d71e5de-6d45-4480-a1f1-d41cc2d38630:c6462]
2019-06-13 13:50:50,064 INFO  client.GrpcClientProtocolClient (GrpcClientProtocolClient.java:onNext(254)) - client-D47EFDF0E133->5d71e5de-6d45-4480-a1f1-d41cc2d38630: receive RaftClientReply:client-D47EFDF0E133->5d71e5de-6d45-4480-a1f1-d41cc2d38630@group-C6AEA7A4B82B, cid=3918, SUCCESS, logIndex=6464, commits[5d71e5de-6d45-4480-a1f1-d41cc2d38630:c6464]
2019-06-13 13:50:50,065 INFO  client.GrpcClientProtocolClient (GrpcClientProtocolClient.java:onNext(254)) - client-D47EFDF0E133->5d71e5de-6d45-4480-a1f1-d41cc2d38630: receive RaftClientReply:client-D47EFDF0E133->5d71e5de-6d45-4480-a1f1-d41cc2d38630@group-C6AEA7A4B82B, cid=3919, SUCCESS, logIndex=6465, commits[5d71e5de-6d45-4480-a1f1-d41cc2d38630:c6467]
2019-06-13 13:50:50,066 INFO  client.GrpcClientProtocolClient (GrpcClientProtocolClient.java:onNext(254)) - client-D47EFDF0E133->5d71e5de-6d45-4480-a1f1-d41cc2d38630: receive RaftClientReply:client-D47EFDF0E133->5d71e5de-6d45-4480-a1f1-d41cc2d38630@group-C6AEA7A4B82B, cid=3920, SUCCESS, logIndex=6466, commits[5d71e5de-6d45-4480-a1f1-d41cc2d38630:c6467]
2019-06-13 13:50:50,075 INFO  client.GrpcClientProtocolClient (GrpcClientProtocolClient.java:onNext(254)) - client-D47EFDF0E133->5d71e5de-6d45-4480-a1f1-d41cc2d38630: receive RaftClientReply:client-D47EFDF0E133->5d71e5de-6d45-4480-a1f1-d41cc2d38630@group-C6AEA7A4B82B, cid=3921, SUCCESS, logIndex=6468, commits[5d71e5de-6d45-4480-a1f1-d41cc2d38630:c6468]
2019-06-13 13:50:50,078 INFO  client.GrpcClientProtocolClient (GrpcClientProtocolClient.java:onNext(254)) - client-D47EFDF0E133->5d71e5de-6d45-4480-a1f1-d41cc2d38630: receive RaftClientReply:client-D47EFDF0E133->5d71e5de-6d45-4480-a1f1-d41cc2d38630@group-C6AEA7A4B82B, cid=3922, SUCCESS, logIndex=6470, commits[5d71e5de-6d45-4480-a1f1-d41cc2d38630:c6470]
2019-06-13 13:50:50,080 INFO  client.GrpcClientProtocolClient (GrpcClientProtocolClient.java:onNext(254)) - client-D47EFDF0E133->5d71e5de-6d45-4480-a1f1-d41cc2d38630: receive RaftClientReply:client-D47EFDF0E133->5d71e5de-6d45-4480-a1f1-d41cc2d38630@group-C6AEA7A4B82B, cid=3923, SUCCESS, logIndex=6472, commits[5d71e5de-6d45-4480-a1f1-d41cc2d38630:c6473]
2019-06-13 13:50:50,080 INFO  client.GrpcClientProtocolClient (GrpcClientProtocolClient.java:onNext(254)) - client-D47EFDF0E133->5d71e5de-6d45-4480-a1f1-d41cc2d38630: receive RaftClientReply:client-D47EFDF0E133->5d71e5de-6d45-4480-a1f1-d41cc2d38630@group-C6AEA7A4B82B, cid=3924, SUCCESS, logIndex=6473, commits[5d71e5de-6d45-4480-a1f1-d41cc2d38630:c6473]
2019-06-13 13:50:50,085 INFO  client.GrpcClientProtocolClient (GrpcClientProtocolClient.java:onNext(254)) - client-D47EFDF0E133->5d71e5de-6d45-4480-a1f1-d41cc2d38630: receive RaftClientReply:client-D47EFDF0E133->5d71e5de-6d45-4480-a1f1-d41cc2d38630@group-C6AEA7A4B82B, cid=3925, SUCCESS, logIndex=6475, commits[5d71e5de-6d45-4480-a1f1-d41cc2d38630:c6475]
2019-06-13 13:50:50,086 INFO  client.GrpcClientProtocolClient (GrpcClientProtocolClient.java:onNext(254)) - client-D47EFDF0E133->5d71e5de-6d45-4480-a1f1-d41cc2d38630: receive RaftClientReply:client-D47EFDF0E133->5d71e5de-6d45-4480-a1f1-d41cc2d38630@group-C6AEA7A4B82B, cid=3926, SUCCESS, logIndex=6477, commits[5d71e5de-6d45-4480-a1f1-d41cc2d38630:c6477]
2019-06-13 13:50:50,087 INFO  client.GrpcClientProtocolClient (GrpcClientProtocolClient.java:onNext(254)) - client-D47EFDF0E133->5d71e5de-6d45-4480-a1f1-d41cc2d38630: receive RaftClientReply:client-D47EFDF0E133->5d71e5de-6d45-4480-a1f1-d41cc2d38630@group-C6AEA7A4B82B, cid=3927, SUCCESS, logIndex=6478, commits[5d71e5de-6d45-4480-a1f1-d41cc2d38630:c6480]
2019-06-13 13:50:50,088 INFO  client.GrpcClientProtocolClient (GrpcClientProtocolClient.java:onNext(254)) - client-D47EFDF0E133->5d71e5de-6d45-4480-a1f1-d41cc2d38630: receive RaftClientReply:client-D47EFDF0E133->5d71e5de-6d45-4480-a1f1-d41cc2d38630@group-C6AEA7A4B82B, cid=3928, SUCCESS, logIndex=6479, commits[5d71e5de-6d45-4480-a1f1-d41cc2d38630:c6480]
2019-06-13 13:50:50,097 INFO  client.GrpcClientProtocolClient (GrpcClientProtocolClient.java:onNext(254)) - client-D47EFDF0E133->5d71e5de-6d45-4480-a1f1-d41cc2d38630: receive RaftClientReply:client-D47EFDF0E133->5d71e5de-6d45-4480-a1f1-d41cc2d38630@group-C6AEA7A4B82B, cid=3929, SUCCESS, logIndex=6481, commits[5d71e5de-6d45-4480-a1f1-d41cc2d38630:c6481]
2019-06-13 13:50:50,099 INFO  client.GrpcClientProtocolClient (GrpcClientProtocolClient.java:onNext(254)) - client-D47EFDF0E133->5d71e5de-6d45-4480-a1f1-d41cc2d38630: receive RaftClientReply:client-D47EFDF0E133->5d71e5de-6d45-4480-a1f1-d41cc2d38630@group-C6AEA7A4B82B, cid=3930, SUCCESS, logIndex=6483, commits[5d71e5de-6d45-4480-a1f1-d41cc2d38630:c6483]
2019-06-13 13:50:50,100 INFO  client.GrpcClientProtocolClient (GrpcClientProtocolClient.java:onNext(254)) - client-D47EFDF0E133->5d71e5de-6d45-4480-a1f1-d41cc2d38630: receive RaftClientReply:client-D47EFDF0E133->5d71e5de-6d45-4480-a1f1-d41cc2d38630@group-C6AEA7A4B82B, cid=3931, SUCCESS, logIndex=6484, commits[5d71e5de-6d45-4480-a1f1-d41cc2d38630:c6486]
2019-06-13 13:50:50,100 INFO  client.GrpcClientProtocolClient (GrpcClientProtocolClient.java:onNext(254)) - client-D47EFDF0E133->5d71e5de-6d45-4480-a1f1-d41cc2d38630: receive RaftClientReply:client-D47EFDF0E133->5d71e5de-6d45-4480-a1f1-d41cc2d38630@group-C6AEA7A4B82B, cid=3932, SUCCESS, logIndex=6485, commits[5d71e5de-6d45-4480-a1f1-d41cc2d38630:c6486]
2019-06-13 13:50:50,104 INFO  client.GrpcClientProtocolClient (GrpcClientProtocolClient.java:onNext(254)) - client-D47EFDF0E133->5d71e5de-6d45-4480-a1f1-d41cc2d38630: receive RaftClientReply:client-D47EFDF0E133->5d71e5de-6d45-4480-a1f1-d41cc2d38630@group-C6AEA7A4B82B, cid=3933, SUCCESS, logIndex=6487, commits[5d71e5de-6d45-4480-a1f1-d41cc2d38630:c6487]
2019-06-13 13:50:50,106 INFO  client.GrpcClientProtocolClient (GrpcClientProtocolClient.java:onNext(254)) - client-D47EFDF0E133->5d71e5de-6d45-4480-a1f1-d41cc2d38630: receive RaftClientReply:client-D47EFDF0E133->5d71e5de-6d45-4480-a1f1-d41cc2d38630@group-C6AEA7A4B82B, cid=3934, SUCCESS, logIndex=6489, commits[5d71e5de-6d45-4480-a1f1-d41cc2d38630:c6489]
2019-06-13 13:50:50,161 DEBUG block.SCMBlockDeletingService (SCMBlockDeletingService.java:call(138)) - Running DeletedBlockTransactionScanner
2019-06-13 13:50:50,161 DEBUG block.SCMBlockDeletingService (SCMBlockDeletingService.java:call(155)) - Scanned deleted blocks log and got 0 delTX to process.
2019-06-13 13:50:50,213 INFO  client.GrpcClientProtocolClient (GrpcClientProtocolClient.java:onNext(254)) - client-D47EFDF0E133->5d71e5de-6d45-4480-a1f1-d41cc2d38630: receive RaftClientReply:client-D47EFDF0E133->5d71e5de-6d45-4480-a1f1-d41cc2d38630@group-C6AEA7A4B82B, cid=3935, SUCCESS, logIndex=6491, commits[5d71e5de-6d45-4480-a1f1-d41cc2d38630:c6491]
2019-06-13 13:50:50,215 INFO  client.GrpcClientProtocolClient (GrpcClientProtocolClient.java:onNext(254)) - client-D47EFDF0E133->5d71e5de-6d45-4480-a1f1-d41cc2d38630: receive RaftClientReply:client-D47EFDF0E133->5d71e5de-6d45-4480-a1f1-d41cc2d38630@group-C6AEA7A4B82B, cid=3936, SUCCESS, logIndex=6493, commits[5d71e5de-6d45-4480-a1f1-d41cc2d38630:c6493]
2019-06-13 13:50:50,225 INFO  client.GrpcClientProtocolClient (GrpcClientProtocolClient.java:onNext(254)) - client-D47EFDF0E133->5d71e5de-6d45-4480-a1f1-d41cc2d38630: receive RaftClientReply:client-D47EFDF0E133->5d71e5de-6d45-4480-a1f1-d41cc2d38630@group-C6AEA7A4B82B, cid=3937, SUCCESS, logIndex=6495, commits[5d71e5de-6d45-4480-a1f1-d41cc2d38630:c6495]
2019-06-13 13:50:50,226 INFO  client.GrpcClientProtocolClient (GrpcClientProtocolClient.java:onNext(254)) - client-D47EFDF0E133->5d71e5de-6d45-4480-a1f1-d41cc2d38630: receive RaftClientReply:client-D47EFDF0E133->5d71e5de-6d45-4480-a1f1-d41cc2d38630@group-C6AEA7A4B82B, cid=3938, SUCCESS, logIndex=6497, commits[5d71e5de-6d45-4480-a1f1-d41cc2d38630:c6497]
2019-06-13 13:50:50,228 INFO  client.GrpcClientProtocolClient (GrpcClientProtocolClient.java:onNext(254)) - client-D47EFDF0E133->5d71e5de-6d45-4480-a1f1-d41cc2d38630: receive RaftClientReply:client-D47EFDF0E133->5d71e5de-6d45-4480-a1f1-d41cc2d38630@group-C6AEA7A4B82B, cid=3939, SUCCESS, logIndex=6498, commits[5d71e5de-6d45-4480-a1f1-d41cc2d38630:c6500]
2019-06-13 13:50:50,228 INFO  client.GrpcClientProtocolClient (GrpcClientProtocolClient.java:onNext(254)) - client-D47EFDF0E133->5d71e5de-6d45-4480-a1f1-d41cc2d38630: receive RaftClientReply:client-D47EFDF0E133->5d71e5de-6d45-4480-a1f1-d41cc2d38630@group-C6AEA7A4B82B, cid=3940, SUCCESS, logIndex=6499, commits[5d71e5de-6d45-4480-a1f1-d41cc2d38630:c6500]
2019-06-13 13:50:50,232 INFO  client.GrpcClientProtocolClient (GrpcClientProtocolClient.java:onNext(254)) - client-D47EFDF0E133->5d71e5de-6d45-4480-a1f1-d41cc2d38630: receive RaftClientReply:client-D47EFDF0E133->5d71e5de-6d45-4480-a1f1-d41cc2d38630@group-C6AEA7A4B82B, cid=3941, SUCCESS, logIndex=6501, commits[5d71e5de-6d45-4480-a1f1-d41cc2d38630:c6501]
2019-06-13 13:50:50,235 INFO  client.GrpcClientProtocolClient (GrpcClientProtocolClient.java:onNext(254)) - client-D47EFDF0E133->5d71e5de-6d45-4480-a1f1-d41cc2d38630: receive RaftClientReply:client-D47EFDF0E133->5d71e5de-6d45-4480-a1f1-d41cc2d38630@group-C6AEA7A4B82B, cid=3942, SUCCESS, logIndex=6503, commits[5d71e5de-6d45-4480-a1f1-d41cc2d38630:c6505]
2019-06-13 13:50:50,235 INFO  client.GrpcClientProtocolClient (GrpcClientProtocolClient.java:onNext(254)) - client-D47EFDF0E133->5d71e5de-6d45-4480-a1f1-d41cc2d38630: receive RaftClientReply:client-D47EFDF0E133->5d71e5de-6d45-4480-a1f1-d41cc2d38630@group-C6AEA7A4B82B, cid=3943, SUCCESS, logIndex=6504, commits[5d71e5de-6d45-4480-a1f1-d41cc2d38630:c6505]
2019-06-13 13:50:50,235 INFO  client.GrpcClientProtocolClient (GrpcClientProtocolClient.java:onNext(254)) - client-D47EFDF0E133->5d71e5de-6d45-4480-a1f1-d41cc2d38630: receive RaftClientReply:client-D47EFDF0E133->5d71e5de-6d45-4480-a1f1-d41cc2d38630@group-C6AEA7A4B82B, cid=3944, SUCCESS, logIndex=6505, commits[5d71e5de-6d45-4480-a1f1-d41cc2d38630:c6505]
2019-06-13 13:50:50,245 INFO  client.GrpcClientProtocolClient (GrpcClientProtocolClient.java:onNext(254)) - client-D47EFDF0E133->5d71e5de-6d45-4480-a1f1-d41cc2d38630: receive RaftClientReply:client-D47EFDF0E133->5d71e5de-6d45-4480-a1f1-d41cc2d38630@group-C6AEA7A4B82B, cid=3945, SUCCESS, logIndex=6507, commits[5d71e5de-6d45-4480-a1f1-d41cc2d38630:c6507]
2019-06-13 13:50:50,246 INFO  client.GrpcClientProtocolClient (GrpcClientProtocolClient.java:onNext(254)) - client-D47EFDF0E133->5d71e5de-6d45-4480-a1f1-d41cc2d38630: receive RaftClientReply:client-D47EFDF0E133->5d71e5de-6d45-4480-a1f1-d41cc2d38630@group-C6AEA7A4B82B, cid=3946, SUCCESS, logIndex=6509, commits[5d71e5de-6d45-4480-a1f1-d41cc2d38630:c6509]
2019-06-13 13:50:50,247 INFO  client.GrpcClientProtocolClient (GrpcClientProtocolClient.java:onNext(254)) - client-D47EFDF0E133->5d71e5de-6d45-4480-a1f1-d41cc2d38630: receive RaftClientReply:client-D47EFDF0E133->5d71e5de-6d45-4480-a1f1-d41cc2d38630@group-C6AEA7A4B82B, cid=3947, SUCCESS, logIndex=6510, commits[5d71e5de-6d45-4480-a1f1-d41cc2d38630:c6512]
2019-06-13 13:50:50,247 INFO  client.GrpcClientProtocolClient (GrpcClientProtocolClient.java:onNext(254)) - client-D47EFDF0E133->5d71e5de-6d45-4480-a1f1-d41cc2d38630: receive RaftClientReply:client-D47EFDF0E133->5d71e5de-6d45-4480-a1f1-d41cc2d38630@group-C6AEA7A4B82B, cid=3948, SUCCESS, logIndex=6511, commits[5d71e5de-6d45-4480-a1f1-d41cc2d38630:c6512]
2019-06-13 13:50:50,252 INFO  client.GrpcClientProtocolClient (GrpcClientProtocolClient.java:onNext(254)) - client-D47EFDF0E133->5d71e5de-6d45-4480-a1f1-d41cc2d38630: receive RaftClientReply:client-D47EFDF0E133->5d71e5de-6d45-4480-a1f1-d41cc2d38630@group-C6AEA7A4B82B, cid=3949, SUCCESS, logIndex=6513, commits[5d71e5de-6d45-4480-a1f1-d41cc2d38630:c6513]
2019-06-13 13:50:50,255 INFO  client.GrpcClientProtocolClient (GrpcClientProtocolClient.java:onNext(254)) - client-D47EFDF0E133->5d71e5de-6d45-4480-a1f1-d41cc2d38630: receive RaftClientReply:client-D47EFDF0E133->5d71e5de-6d45-4480-a1f1-d41cc2d38630@group-C6AEA7A4B82B, cid=3950, SUCCESS, logIndex=6515, commits[5d71e5de-6d45-4480-a1f1-d41cc2d38630:c6517]
2019-06-13 13:50:50,255 INFO  client.GrpcClientProtocolClient (GrpcClientProtocolClient.java:onNext(254)) - client-D47EFDF0E133->5d71e5de-6d45-4480-a1f1-d41cc2d38630: receive RaftClientReply:client-D47EFDF0E133->5d71e5de-6d45-4480-a1f1-d41cc2d38630@group-C6AEA7A4B82B, cid=3951, SUCCESS, logIndex=6516, commits[5d71e5de-6d45-4480-a1f1-d41cc2d38630:c6517]
2019-06-13 13:50:50,256 INFO  client.GrpcClientProtocolClient (GrpcClientProtocolClient.java:onNext(254)) - client-D47EFDF0E133->5d71e5de-6d45-4480-a1f1-d41cc2d38630: receive RaftClientReply:client-D47EFDF0E133->5d71e5de-6d45-4480-a1f1-d41cc2d38630@group-C6AEA7A4B82B, cid=3952, SUCCESS, logIndex=6517, commits[5d71e5de-6d45-4480-a1f1-d41cc2d38630:c6517]
2019-06-13 13:50:50,262 DEBUG block.SCMBlockDeletingService (SCMBlockDeletingService.java:call(138)) - Running DeletedBlockTransactionScanner
2019-06-13 13:50:50,262 DEBUG block.SCMBlockDeletingService (SCMBlockDeletingService.java:call(155)) - Scanned deleted blocks log and got 0 delTX to process.
2019-06-13 13:50:50,266 INFO  client.GrpcClientProtocolClient (GrpcClientProtocolClient.java:onNext(254)) - client-D47EFDF0E133->5d71e5de-6d45-4480-a1f1-d41cc2d38630: receive RaftClientReply:client-D47EFDF0E133->5d71e5de-6d45-4480-a1f1-d41cc2d38630@group-C6AEA7A4B82B, cid=3953, SUCCESS, logIndex=6519, commits[5d71e5de-6d45-4480-a1f1-d41cc2d38630:c6519]
2019-06-13 13:50:50,267 INFO  client.GrpcClientProtocolClient (GrpcClientProtocolClient.java:onNext(254)) - client-D47EFDF0E133->5d71e5de-6d45-4480-a1f1-d41cc2d38630: receive RaftClientReply:client-D47EFDF0E133->5d71e5de-6d45-4480-a1f1-d41cc2d38630@group-C6AEA7A4B82B, cid=3954, SUCCESS, logIndex=6521, commits[5d71e5de-6d45-4480-a1f1-d41cc2d38630:c6521]
2019-06-13 13:50:50,268 INFO  client.GrpcClientProtocolClient (GrpcClientProtocolClient.java:onNext(254)) - client-D47EFDF0E133->5d71e5de-6d45-4480-a1f1-d41cc2d38630: receive RaftClientReply:client-D47EFDF0E133->5d71e5de-6d45-4480-a1f1-d41cc2d38630@group-C6AEA7A4B82B, cid=3955, SUCCESS, logIndex=6522, commits[5d71e5de-6d45-4480-a1f1-d41cc2d38630:c6524]
2019-06-13 13:50:50,269 INFO  client.GrpcClientProtocolClient (GrpcClientProtocolClient.java:onNext(254)) - client-D47EFDF0E133->5d71e5de-6d45-4480-a1f1-d41cc2d38630: receive RaftClientReply:client-D47EFDF0E133->5d71e5de-6d45-4480-a1f1-d41cc2d38630@group-C6AEA7A4B82B, cid=3956, SUCCESS, logIndex=6523, commits[5d71e5de-6d45-4480-a1f1-d41cc2d38630:c6524]
2019-06-13 13:50:50,273 INFO  client.GrpcClientProtocolClient (GrpcClientProtocolClient.java:onNext(254)) - client-D47EFDF0E133->5d71e5de-6d45-4480-a1f1-d41cc2d38630: receive RaftClientReply:client-D47EFDF0E133->5d71e5de-6d45-4480-a1f1-d41cc2d38630@group-C6AEA7A4B82B, cid=3957, SUCCESS, logIndex=6525, commits[5d71e5de-6d45-4480-a1f1-d41cc2d38630:c6525]
2019-06-13 13:50:50,274 INFO  storage.RaftLogWorker (RaftLogWorker.java:rollLogSegment(303)) - 5d71e5de-6d45-4480-a1f1-d41cc2d38630-RaftLogWorker: Rolling segment log-6462_6528 to index:6528
2019-06-13 13:50:50,275 INFO  client.GrpcClientProtocolClient (GrpcClientProtocolClient.java:onNext(254)) - client-D47EFDF0E133->5d71e5de-6d45-4480-a1f1-d41cc2d38630: receive RaftClientReply:client-D47EFDF0E133->5d71e5de-6d45-4480-a1f1-d41cc2d38630@group-C6AEA7A4B82B, cid=3958, SUCCESS, logIndex=6527, commits[5d71e5de-6d45-4480-a1f1-d41cc2d38630:c6527]
2019-06-13 13:50:50,275 INFO  storage.RaftLogWorker (RaftLogWorker.java:execute(433)) - 5d71e5de-6d45-4480-a1f1-d41cc2d38630-RaftLogWorker: Rolled log segment from /opt/src/hadoop-ozone/integration-test/target/test-dir/MiniOzoneClusterImpl-c05bfa39-b333-4767-bc96-5a78f3430938/datanode-0/data/ratis/3aee30eb-3db1-472a-b851-c6aea7a4b82b/current/log_inprogress_6462 to /opt/src/hadoop-ozone/integration-test/target/test-dir/MiniOzoneClusterImpl-c05bfa39-b333-4767-bc96-5a78f3430938/datanode-0/data/ratis/3aee30eb-3db1-472a-b851-c6aea7a4b82b/current/log_6462-6528
2019-06-13 13:50:50,275 INFO  client.GrpcClientProtocolClient (GrpcClientProtocolClient.java:onNext(254)) - client-D47EFDF0E133->5d71e5de-6d45-4480-a1f1-d41cc2d38630: receive RaftClientReply:client-D47EFDF0E133->5d71e5de-6d45-4480-a1f1-d41cc2d38630@group-C6AEA7A4B82B, cid=3959, SUCCESS, logIndex=6528, commits[5d71e5de-6d45-4480-a1f1-d41cc2d38630:c6528]
2019-06-13 13:50:50,311 INFO  storage.RaftLogWorker (RaftLogWorker.java:execute(469)) - 5d71e5de-6d45-4480-a1f1-d41cc2d38630-RaftLogWorker: created new log segment /opt/src/hadoop-ozone/integration-test/target/test-dir/MiniOzoneClusterImpl-c05bfa39-b333-4767-bc96-5a78f3430938/datanode-0/data/ratis/3aee30eb-3db1-472a-b851-c6aea7a4b82b/current/log_inprogress_6529
2019-06-13 13:50:50,312 INFO  client.GrpcClientProtocolClient (GrpcClientProtocolClient.java:onNext(254)) - client-D47EFDF0E133->5d71e5de-6d45-4480-a1f1-d41cc2d38630: receive RaftClientReply:client-D47EFDF0E133->5d71e5de-6d45-4480-a1f1-d41cc2d38630@group-C6AEA7A4B82B, cid=3960, SUCCESS, logIndex=6529, commits[5d71e5de-6d45-4480-a1f1-d41cc2d38630:c6531]
2019-06-13 13:50:50,322 INFO  client.GrpcClientProtocolClient (GrpcClientProtocolClient.java:onNext(254)) - client-D47EFDF0E133->5d71e5de-6d45-4480-a1f1-d41cc2d38630: receive RaftClientReply:client-D47EFDF0E133->5d71e5de-6d45-4480-a1f1-d41cc2d38630@group-C6AEA7A4B82B, cid=3961, SUCCESS, logIndex=6532, commits[5d71e5de-6d45-4480-a1f1-d41cc2d38630:c6532]
2019-06-13 13:50:50,323 INFO  client.GrpcClientProtocolClient (GrpcClientProtocolClient.java:onNext(254)) - client-D47EFDF0E133->5d71e5de-6d45-4480-a1f1-d41cc2d38630: receive RaftClientReply:client-D47EFDF0E133->5d71e5de-6d45-4480-a1f1-d41cc2d38630@group-C6AEA7A4B82B, cid=3962, SUCCESS, logIndex=6534, commits[5d71e5de-6d45-4480-a1f1-d41cc2d38630:c6534]
2019-06-13 13:50:50,325 INFO  client.GrpcClientProtocolClient (GrpcClientProtocolClient.java:onNext(254)) - client-D47EFDF0E133->5d71e5de-6d45-4480-a1f1-d41cc2d38630: receive RaftClientReply:client-D47EFDF0E133->5d71e5de-6d45-4480-a1f1-d41cc2d38630@group-C6AEA7A4B82B, cid=3963, SUCCESS, logIndex=6535, commits[5d71e5de-6d45-4480-a1f1-d41cc2d38630:c6537]
2019-06-13 13:50:50,325 INFO  client.GrpcClientProtocolClient (GrpcClientProtocolClient.java:onNext(254)) - client-D47EFDF0E133->5d71e5de-6d45-4480-a1f1-d41cc2d38630: receive RaftClientReply:client-D47EFDF0E133->5d71e5de-6d45-4480-a1f1-d41cc2d38630@group-C6AEA7A4B82B, cid=3964, SUCCESS, logIndex=6536, commits[5d71e5de-6d45-4480-a1f1-d41cc2d38630:c6537]
2019-06-13 13:50:50,330 INFO  client.GrpcClientProtocolClient (GrpcClientProtocolClient.java:onNext(254)) - client-D47EFDF0E133->5d71e5de-6d45-4480-a1f1-d41cc2d38630: receive RaftClientReply:client-D47EFDF0E133->5d71e5de-6d45-4480-a1f1-d41cc2d38630@group-C6AEA7A4B82B, cid=3965, SUCCESS, logIndex=6538, commits[5d71e5de-6d45-4480-a1f1-d41cc2d38630:c6538]
2019-06-13 13:50:50,331 INFO  client.GrpcClientProtocolClient (GrpcClientProtocolClient.java:onNext(254)) - client-D47EFDF0E133->5d71e5de-6d45-4480-a1f1-d41cc2d38630: receive RaftClientReply:client-D47EFDF0E133->5d71e5de-6d45-4480-a1f1-d41cc2d38630@group-C6AEA7A4B82B, cid=3966, SUCCESS, logIndex=6540, commits[5d71e5de-6d45-4480-a1f1-d41cc2d38630:c6540]
2019-06-13 13:50:50,332 INFO  client.GrpcClientProtocolClient (GrpcClientProtocolClient.java:onNext(254)) - client-D47EFDF0E133->5d71e5de-6d45-4480-a1f1-d41cc2d38630: receive RaftClientReply:client-D47EFDF0E133->5d71e5de-6d45-4480-a1f1-d41cc2d38630@group-C6AEA7A4B82B, cid=3967, SUCCESS, logIndex=6541, commits[5d71e5de-6d45-4480-a1f1-d41cc2d38630:c6543]
2019-06-13 13:50:50,332 INFO  client.GrpcClientProtocolClient (GrpcClientProtocolClient.java:onNext(254)) - client-D47EFDF0E133->5d71e5de-6d45-4480-a1f1-d41cc2d38630: receive RaftClientReply:client-D47EFDF0E133->5d71e5de-6d45-4480-a1f1-d41cc2d38630@group-C6AEA7A4B82B, cid=3968, SUCCESS, logIndex=6542, commits[5d71e5de-6d45-4480-a1f1-d41cc2d38630:c6543]
2019-06-13 13:50:50,344 INFO  client.GrpcClientProtocolClient (GrpcClientProtocolClient.java:onNext(254)) - client-D47EFDF0E133->5d71e5de-6d45-4480-a1f1-d41cc2d38630: receive RaftClientReply:client-D47EFDF0E133->5d71e5de-6d45-4480-a1f1-d41cc2d38630@group-C6AEA7A4B82B, cid=3969, SUCCESS, logIndex=6544, commits[5d71e5de-6d45-4480-a1f1-d41cc2d38630:c6544]
2019-06-13 13:50:50,346 INFO  client.GrpcClientProtocolClient (GrpcClientProtocolClient.java:onNext(254)) - client-D47EFDF0E133->5d71e5de-6d45-4480-a1f1-d41cc2d38630: receive RaftClientReply:client-D47EFDF0E133->5d71e5de-6d45-4480-a1f1-d41cc2d38630@group-C6AEA7A4B82B, cid=3970, SUCCESS, logIndex=6546, commits[5d71e5de-6d45-4480-a1f1-d41cc2d38630:c6548]
2019-06-13 13:50:50,347 INFO  client.GrpcClientProtocolClient (GrpcClientProtocolClient.java:onNext(254)) - client-D47EFDF0E133->5d71e5de-6d45-4480-a1f1-d41cc2d38630: receive RaftClientReply:client-D47EFDF0E133->5d71e5de-6d45-4480-a1f1-d41cc2d38630@group-C6AEA7A4B82B, cid=3971, SUCCESS, logIndex=6547, commits[5d71e5de-6d45-4480-a1f1-d41cc2d38630:c6548]
2019-06-13 13:50:50,347 INFO  client.GrpcClientProtocolClient (GrpcClientProtocolClient.java:onNext(254)) - client-D47EFDF0E133->5d71e5de-6d45-4480-a1f1-d41cc2d38630: receive RaftClientReply:client-D47EFDF0E133->5d71e5de-6d45-4480-a1f1-d41cc2d38630@group-C6AEA7A4B82B, cid=3972, SUCCESS, logIndex=6548, commits[5d71e5de-6d45-4480-a1f1-d41cc2d38630:c6548]
2019-06-13 13:50:50,351 INFO  client.GrpcClientProtocolClient (GrpcClientProtocolClient.java:onNext(254)) - client-D47EFDF0E133->5d71e5de-6d45-4480-a1f1-d41cc2d38630: receive RaftClientReply:client-D47EFDF0E133->5d71e5de-6d45-4480-a1f1-d41cc2d38630@group-C6AEA7A4B82B, cid=3973, SUCCESS, logIndex=6550, commits[5d71e5de-6d45-4480-a1f1-d41cc2d38630:c6550]
2019-06-13 13:50:50,352 INFO  client.GrpcClientProtocolClient (GrpcClientProtocolClient.java:onNext(254)) - client-D47EFDF0E133->5d71e5de-6d45-4480-a1f1-d41cc2d38630: receive RaftClientReply:client-D47EFDF0E133->5d71e5de-6d45-4480-a1f1-d41cc2d38630@group-C6AEA7A4B82B, cid=3974, SUCCESS, logIndex=6552, commits[5d71e5de-6d45-4480-a1f1-d41cc2d38630:c6552]
2019-06-13 13:50:50,354 INFO  client.GrpcClientProtocolClient (GrpcClientProtocolClient.java:onNext(254)) - client-D47EFDF0E133->5d71e5de-6d45-4480-a1f1-d41cc2d38630: receive RaftClientReply:client-D47EFDF0E133->5d71e5de-6d45-4480-a1f1-d41cc2d38630@group-C6AEA7A4B82B, cid=3975, SUCCESS, logIndex=6553, commits[5d71e5de-6d45-4480-a1f1-d41cc2d38630:c6555]
2019-06-13 13:50:50,354 INFO  client.GrpcClientProtocolClient (GrpcClientProtocolClient.java:onNext(254)) - client-D47EFDF0E133->5d71e5de-6d45-4480-a1f1-d41cc2d38630: receive RaftClientReply:client-D47EFDF0E133->5d71e5de-6d45-4480-a1f1-d41cc2d38630@group-C6AEA7A4B82B, cid=3976, SUCCESS, logIndex=6554, commits[5d71e5de-6d45-4480-a1f1-d41cc2d38630:c6555]
2019-06-13 13:50:50,362 DEBUG block.SCMBlockDeletingService (SCMBlockDeletingService.java:call(138)) - Running DeletedBlockTransactionScanner
2019-06-13 13:50:50,362 DEBUG block.SCMBlockDeletingService (SCMBlockDeletingService.java:call(155)) - Scanned deleted blocks log and got 0 delTX to process.
2019-06-13 13:50:50,364 INFO  client.GrpcClientProtocolClient (GrpcClientProtocolClient.java:onNext(254)) - client-D47EFDF0E133->5d71e5de-6d45-4480-a1f1-d41cc2d38630: receive RaftClientReply:client-D47EFDF0E133->5d71e5de-6d45-4480-a1f1-d41cc2d38630@group-C6AEA7A4B82B, cid=3977, SUCCESS, logIndex=6556, commits[5d71e5de-6d45-4480-a1f1-d41cc2d38630:c6556]
2019-06-13 13:50:50,365 INFO  client.GrpcClientProtocolClient (GrpcClientProtocolClient.java:onNext(254)) - client-D47EFDF0E133->5d71e5de-6d45-4480-a1f1-d41cc2d38630: receive RaftClientReply:client-D47EFDF0E133->5d71e5de-6d45-4480-a1f1-d41cc2d38630@group-C6AEA7A4B82B, cid=3978, SUCCESS, logIndex=6558, commits[5d71e5de-6d45-4480-a1f1-d41cc2d38630:c6558]
2019-06-13 13:50:50,432 INFO  client.GrpcClientProtocolClient (GrpcClientProtocolClient.java:onNext(254)) - client-D47EFDF0E133->5d71e5de-6d45-4480-a1f1-d41cc2d38630: receive RaftClientReply:client-D47EFDF0E133->5d71e5de-6d45-4480-a1f1-d41cc2d38630@group-C6AEA7A4B82B, cid=3979, SUCCESS, logIndex=6560, commits[5d71e5de-6d45-4480-a1f1-d41cc2d38630:c6560]
2019-06-13 13:50:50,433 INFO  client.GrpcClientProtocolClient (GrpcClientProtocolClient.java:onNext(254)) - client-D47EFDF0E133->5d71e5de-6d45-4480-a1f1-d41cc2d38630: receive RaftClientReply:client-D47EFDF0E133->5d71e5de-6d45-4480-a1f1-d41cc2d38630@group-C6AEA7A4B82B, cid=3980, SUCCESS, logIndex=6562, commits[5d71e5de-6d45-4480-a1f1-d41cc2d38630:c6562]
2019-06-13 13:50:50,438 INFO  client.GrpcClientProtocolClient (GrpcClientProtocolClient.java:onNext(254)) - client-D47EFDF0E133->5d71e5de-6d45-4480-a1f1-d41cc2d38630: receive RaftClientReply:client-D47EFDF0E133->5d71e5de-6d45-4480-a1f1-d41cc2d38630@group-C6AEA7A4B82B, cid=3981, SUCCESS, logIndex=6564, commits[5d71e5de-6d45-4480-a1f1-d41cc2d38630:c6564]
2019-06-13 13:50:50,439 INFO  client.GrpcClientProtocolClient (GrpcClientProtocolClient.java:onNext(254)) - client-D47EFDF0E133->5d71e5de-6d45-4480-a1f1-d41cc2d38630: receive RaftClientReply:client-D47EFDF0E133->5d71e5de-6d45-4480-a1f1-d41cc2d38630@group-C6AEA7A4B82B, cid=3982, SUCCESS, logIndex=6566, commits[5d71e5de-6d45-4480-a1f1-d41cc2d38630:c6566]
2019-06-13 13:50:50,440 INFO  client.GrpcClientProtocolClient (GrpcClientProtocolClient.java:onNext(254)) - client-D47EFDF0E133->5d71e5de-6d45-4480-a1f1-d41cc2d38630: receive RaftClientReply:client-D47EFDF0E133->5d71e5de-6d45-4480-a1f1-d41cc2d38630@group-C6AEA7A4B82B, cid=3983, SUCCESS, logIndex=6567, commits[5d71e5de-6d45-4480-a1f1-d41cc2d38630:c6569]
2019-06-13 13:50:50,440 INFO  client.GrpcClientProtocolClient (GrpcClientProtocolClient.java:onNext(254)) - client-D47EFDF0E133->5d71e5de-6d45-4480-a1f1-d41cc2d38630: receive RaftClientReply:client-D47EFDF0E133->5d71e5de-6d45-4480-a1f1-d41cc2d38630@group-C6AEA7A4B82B, cid=3984, SUCCESS, logIndex=6568, commits[5d71e5de-6d45-4480-a1f1-d41cc2d38630:c6569]
2019-06-13 13:50:50,450 INFO  client.GrpcClientProtocolClient (GrpcClientProtocolClient.java:onNext(254)) - client-D47EFDF0E133->5d71e5de-6d45-4480-a1f1-d41cc2d38630: receive RaftClientReply:client-D47EFDF0E133->5d71e5de-6d45-4480-a1f1-d41cc2d38630@group-C6AEA7A4B82B, cid=3985, SUCCESS, logIndex=6570, commits[5d71e5de-6d45-4480-a1f1-d41cc2d38630:c6570]
2019-06-13 13:50:50,451 INFO  client.GrpcClientProtocolClient (GrpcClientProtocolClient.java:onNext(254)) - client-D47EFDF0E133->5d71e5de-6d45-4480-a1f1-d41cc2d38630: receive RaftClientReply:client-D47EFDF0E133->5d71e5de-6d45-4480-a1f1-d41cc2d38630@group-C6AEA7A4B82B, cid=3986, SUCCESS, logIndex=6572, commits[5d71e5de-6d45-4480-a1f1-d41cc2d38630:c6572]
2019-06-13 13:50:50,452 INFO  client.GrpcClientProtocolClient (GrpcClientProtocolClient.java:onNext(254)) - client-D47EFDF0E133->5d71e5de-6d45-4480-a1f1-d41cc2d38630: receive RaftClientReply:client-D47EFDF0E133->5d71e5de-6d45-4480-a1f1-d41cc2d38630@group-C6AEA7A4B82B, cid=3987, SUCCESS, logIndex=6573, commits[5d71e5de-6d45-4480-a1f1-d41cc2d38630:c6575]
2019-06-13 13:50:50,452 INFO  client.GrpcClientProtocolClient (GrpcClientProtocolClient.java:onNext(254)) - client-D47EFDF0E133->5d71e5de-6d45-4480-a1f1-d41cc2d38630: receive RaftClientReply:client-D47EFDF0E133->5d71e5de-6d45-4480-a1f1-d41cc2d38630@group-C6AEA7A4B82B, cid=3988, SUCCESS, logIndex=6574, commits[5d71e5de-6d45-4480-a1f1-d41cc2d38630:c6575]
2019-06-13 13:50:50,457 INFO  client.GrpcClientProtocolClient (GrpcClientProtocolClient.java:onNext(254)) - client-D47EFDF0E133->5d71e5de-6d45-4480-a1f1-d41cc2d38630: receive RaftClientReply:client-D47EFDF0E133->5d71e5de-6d45-4480-a1f1-d41cc2d38630@group-C6AEA7A4B82B, cid=3989, SUCCESS, logIndex=6576, commits[5d71e5de-6d45-4480-a1f1-d41cc2d38630:c6576]
2019-06-13 13:50:50,458 INFO  client.GrpcClientProtocolClient (GrpcClientProtocolClient.java:onNext(254)) - client-D47EFDF0E133->5d71e5de-6d45-4480-a1f1-d41cc2d38630: receive RaftClientReply:client-D47EFDF0E133->5d71e5de-6d45-4480-a1f1-d41cc2d38630@group-C6AEA7A4B82B, cid=3990, SUCCESS, logIndex=6578, commits[5d71e5de-6d45-4480-a1f1-d41cc2d38630:c6578]
2019-06-13 13:50:50,459 INFO  client.GrpcClientProtocolClient (GrpcClientProtocolClient.java:onNext(254)) - client-D47EFDF0E133->5d71e5de-6d45-4480-a1f1-d41cc2d38630: receive RaftClientReply:client-D47EFDF0E133->5d71e5de-6d45-4480-a1f1-d41cc2d38630@group-C6AEA7A4B82B, cid=3991, SUCCESS, logIndex=6579, commits[5d71e5de-6d45-4480-a1f1-d41cc2d38630:c6581]
2019-06-13 13:50:50,459 INFO  client.GrpcClientProtocolClient (GrpcClientProtocolClient.java:onNext(254)) - client-D47EFDF0E133->5d71e5de-6d45-4480-a1f1-d41cc2d38630: receive RaftClientReply:client-D47EFDF0E133->5d71e5de-6d45-4480-a1f1-d41cc2d38630@group-C6AEA7A4B82B, cid=3992, SUCCESS, logIndex=6580, commits[5d71e5de-6d45-4480-a1f1-d41cc2d38630:c6581]
2019-06-13 13:50:50,462 DEBUG block.SCMBlockDeletingService (SCMBlockDeletingService.java:call(138)) - Running DeletedBlockTransactionScanner
2019-06-13 13:50:50,462 DEBUG block.SCMBlockDeletingService (SCMBlockDeletingService.java:call(155)) - Scanned deleted blocks log and got 0 delTX to process.
2019-06-13 13:50:50,469 INFO  client.GrpcClientProtocolClient (GrpcClientProtocolClient.java:onNext(254)) - client-D47EFDF0E133->5d71e5de-6d45-4480-a1f1-d41cc2d38630: receive RaftClientReply:client-D47EFDF0E133->5d71e5de-6d45-4480-a1f1-d41cc2d38630@group-C6AEA7A4B82B, cid=3993, SUCCESS, logIndex=6582, commits[5d71e5de-6d45-4480-a1f1-d41cc2d38630:c6582]
2019-06-13 13:50:50,470 INFO  client.GrpcClientProtocolClient (GrpcClientProtocolClient.java:onNext(254)) - client-D47EFDF0E133->5d71e5de-6d45-4480-a1f1-d41cc2d38630: receive RaftClientReply:client-D47EFDF0E133->5d71e5de-6d45-4480-a1f1-d41cc2d38630@group-C6AEA7A4B82B, cid=3994, SUCCESS, logIndex=6584, commits[5d71e5de-6d45-4480-a1f1-d41cc2d38630:c6584]
2019-06-13 13:50:50,472 INFO  client.GrpcClientProtocolClient (GrpcClientProtocolClient.java:onNext(254)) - client-D47EFDF0E133->5d71e5de-6d45-4480-a1f1-d41cc2d38630: receive RaftClientReply:client-D47EFDF0E133->5d71e5de-6d45-4480-a1f1-d41cc2d38630@group-C6AEA7A4B82B, cid=3995, SUCCESS, logIndex=6586, commits[5d71e5de-6d45-4480-a1f1-d41cc2d38630:c6587]
2019-06-13 13:50:50,472 INFO  client.GrpcClientProtocolClient (GrpcClientProtocolClient.java:onNext(254)) - client-D47EFDF0E133->5d71e5de-6d45-4480-a1f1-d41cc2d38630: receive RaftClientReply:client-D47EFDF0E133->5d71e5de-6d45-4480-a1f1-d41cc2d38630@group-C6AEA7A4B82B, cid=3996, SUCCESS, logIndex=6587, commits[5d71e5de-6d45-4480-a1f1-d41cc2d38630:c6587]
2019-06-13 13:50:50,477 INFO  client.GrpcClientProtocolClient (GrpcClientProtocolClient.java:onNext(254)) - client-D47EFDF0E133->5d71e5de-6d45-4480-a1f1-d41cc2d38630: receive RaftClientReply:client-D47EFDF0E133->5d71e5de-6d45-4480-a1f1-d41cc2d38630@group-C6AEA7A4B82B, cid=3997, SUCCESS, logIndex=6589, commits[5d71e5de-6d45-4480-a1f1-d41cc2d38630:c6589]
2019-06-13 13:50:50,478 INFO  client.GrpcClientProtocolClient (GrpcClientProtocolClient.java:onNext(254)) - client-D47EFDF0E133->5d71e5de-6d45-4480-a1f1-d41cc2d38630: receive RaftClientReply:client-D47EFDF0E133->5d71e5de-6d45-4480-a1f1-d41cc2d38630@group-C6AEA7A4B82B, cid=3998, SUCCESS, logIndex=6591, commits[5d71e5de-6d45-4480-a1f1-d41cc2d38630:c6591]
2019-06-13 13:50:50,479 INFO  client.GrpcClientProtocolClient (GrpcClientProtocolClient.java:onNext(254)) - client-D47EFDF0E133->5d71e5de-6d45-4480-a1f1-d41cc2d38630: receive RaftClientReply:client-D47EFDF0E133->5d71e5de-6d45-4480-a1f1-d41cc2d38630@group-C6AEA7A4B82B, cid=3999, SUCCESS, logIndex=6592, commits[5d71e5de-6d45-4480-a1f1-d41cc2d38630:c6594]
2019-06-13 13:50:50,479 INFO  client.GrpcClientProtocolClient (GrpcClientProtocolClient.java:onNext(254)) - client-D47EFDF0E133->5d71e5de-6d45-4480-a1f1-d41cc2d38630: receive RaftClientReply:client-D47EFDF0E133->5d71e5de-6d45-4480-a1f1-d41cc2d38630@group-C6AEA7A4B82B, cid=4000, SUCCESS, logIndex=6593, commits[5d71e5de-6d45-4480-a1f1-d41cc2d38630:c6594]
2019-06-13 13:50:50,489 INFO  client.GrpcClientProtocolClient (GrpcClientProtocolClient.java:onNext(254)) - client-D47EFDF0E133->5d71e5de-6d45-4480-a1f1-d41cc2d38630: receive RaftClientReply:client-D47EFDF0E133->5d71e5de-6d45-4480-a1f1-d41cc2d38630@group-C6AEA7A4B82B, cid=4001, SUCCESS, logIndex=6595, commits[5d71e5de-6d45-4480-a1f1-d41cc2d38630:c6595]
2019-06-13 13:50:50,489 INFO  storage.RaftLogWorker (RaftLogWorker.java:rollLogSegment(303)) - 5d71e5de-6d45-4480-a1f1-d41cc2d38630-RaftLogWorker: Rolling segment log-6529_6597 to index:6597
2019-06-13 13:50:50,490 INFO  storage.RaftLogWorker (RaftLogWorker.java:execute(433)) - 5d71e5de-6d45-4480-a1f1-d41cc2d38630-RaftLogWorker: Rolled log segment from /opt/src/hadoop-ozone/integration-test/target/test-dir/MiniOzoneClusterImpl-c05bfa39-b333-4767-bc96-5a78f3430938/datanode-0/data/ratis/3aee30eb-3db1-472a-b851-c6aea7a4b82b/current/log_inprogress_6529 to /opt/src/hadoop-ozone/integration-test/target/test-dir/MiniOzoneClusterImpl-c05bfa39-b333-4767-bc96-5a78f3430938/datanode-0/data/ratis/3aee30eb-3db1-472a-b851-c6aea7a4b82b/current/log_6529-6597
2019-06-13 13:50:50,490 INFO  client.GrpcClientProtocolClient (GrpcClientProtocolClient.java:onNext(254)) - client-D47EFDF0E133->5d71e5de-6d45-4480-a1f1-d41cc2d38630: receive RaftClientReply:client-D47EFDF0E133->5d71e5de-6d45-4480-a1f1-d41cc2d38630@group-C6AEA7A4B82B, cid=4002, SUCCESS, logIndex=6597, commits[5d71e5de-6d45-4480-a1f1-d41cc2d38630:c6597]
2019-06-13 13:50:50,526 INFO  storage.RaftLogWorker (RaftLogWorker.java:execute(469)) - 5d71e5de-6d45-4480-a1f1-d41cc2d38630-RaftLogWorker: created new log segment /opt/src/hadoop-ozone/integration-test/target/test-dir/MiniOzoneClusterImpl-c05bfa39-b333-4767-bc96-5a78f3430938/datanode-0/data/ratis/3aee30eb-3db1-472a-b851-c6aea7a4b82b/current/log_inprogress_6598
2019-06-13 13:50:50,527 INFO  client.GrpcClientProtocolClient (GrpcClientProtocolClient.java:onNext(254)) - client-D47EFDF0E133->5d71e5de-6d45-4480-a1f1-d41cc2d38630: receive RaftClientReply:client-D47EFDF0E133->5d71e5de-6d45-4480-a1f1-d41cc2d38630@group-C6AEA7A4B82B, cid=4003, SUCCESS, logIndex=6598, commits[5d71e5de-6d45-4480-a1f1-d41cc2d38630:c6600]
2019-06-13 13:50:50,527 INFO  client.GrpcClientProtocolClient (GrpcClientProtocolClient.java:onNext(254)) - client-D47EFDF0E133->5d71e5de-6d45-4480-a1f1-d41cc2d38630: receive RaftClientReply:client-D47EFDF0E133->5d71e5de-6d45-4480-a1f1-d41cc2d38630@group-C6AEA7A4B82B, cid=4004, SUCCESS, logIndex=6599, commits[5d71e5de-6d45-4480-a1f1-d41cc2d38630:c6600]
2019-06-13 13:50:50,533 INFO  client.GrpcClientProtocolClient (GrpcClientProtocolClient.java:onNext(254)) - client-D47EFDF0E133->5d71e5de-6d45-4480-a1f1-d41cc2d38630: receive RaftClientReply:client-D47EFDF0E133->5d71e5de-6d45-4480-a1f1-d41cc2d38630@group-C6AEA7A4B82B, cid=4005, SUCCESS, logIndex=6601, commits[5d71e5de-6d45-4480-a1f1-d41cc2d38630:c6601]
2019-06-13 13:50:50,534 INFO  client.GrpcClientProtocolClient (GrpcClientProtocolClient.java:onNext(254)) - client-D47EFDF0E133->5d71e5de-6d45-4480-a1f1-d41cc2d38630: receive RaftClientReply:client-D47EFDF0E133->5d71e5de-6d45-4480-a1f1-d41cc2d38630@group-C6AEA7A4B82B, cid=4006, SUCCESS, logIndex=6603, commits[5d71e5de-6d45-4480-a1f1-d41cc2d38630:c6603]
2019-06-13 13:50:50,535 INFO  client.GrpcClientProtocolClient (GrpcClientProtocolClient.java:onNext(254)) - client-D47EFDF0E133->5d71e5de-6d45-4480-a1f1-d41cc2d38630: receive RaftClientReply:client-D47EFDF0E133->5d71e5de-6d45-4480-a1f1-d41cc2d38630@group-C6AEA7A4B82B, cid=4007, SUCCESS, logIndex=6604, commits[5d71e5de-6d45-4480-a1f1-d41cc2d38630:c6606]
2019-06-13 13:50:50,535 INFO  client.GrpcClientProtocolClient (GrpcClientProtocolClient.java:onNext(254)) - client-D47EFDF0E133->5d71e5de-6d45-4480-a1f1-d41cc2d38630: receive RaftClientReply:client-D47EFDF0E133->5d71e5de-6d45-4480-a1f1-d41cc2d38630@group-C6AEA7A4B82B, cid=4008, SUCCESS, logIndex=6605, commits[5d71e5de-6d45-4480-a1f1-d41cc2d38630:c6606]
2019-06-13 13:50:50,545 INFO  client.GrpcClientProtocolClient (GrpcClientProtocolClient.java:onNext(254)) - client-D47EFDF0E133->5d71e5de-6d45-4480-a1f1-d41cc2d38630: receive RaftClientReply:client-D47EFDF0E133->5d71e5de-6d45-4480-a1f1-d41cc2d38630@group-C6AEA7A4B82B, cid=4009, SUCCESS, logIndex=6607, commits[5d71e5de-6d45-4480-a1f1-d41cc2d38630:c6607]
2019-06-13 13:50:50,546 INFO  client.GrpcClientProtocolClient (GrpcClientProtocolClient.java:onNext(254)) - client-D47EFDF0E133->5d71e5de-6d45-4480-a1f1-d41cc2d38630: receive RaftClientReply:client-D47EFDF0E133->5d71e5de-6d45-4480-a1f1-d41cc2d38630@group-C6AEA7A4B82B, cid=4010, SUCCESS, logIndex=6609, commits[5d71e5de-6d45-4480-a1f1-d41cc2d38630:c6609]
2019-06-13 13:50:50,547 INFO  client.GrpcClientProtocolClient (GrpcClientProtocolClient.java:onNext(254)) - client-D47EFDF0E133->5d71e5de-6d45-4480-a1f1-d41cc2d38630: receive RaftClientReply:client-D47EFDF0E133->5d71e5de-6d45-4480-a1f1-d41cc2d38630@group-C6AEA7A4B82B, cid=4011, SUCCESS, logIndex=6610, commits[5d71e5de-6d45-4480-a1f1-d41cc2d38630:c6612]
2019-06-13 13:50:50,547 INFO  client.GrpcClientProtocolClient (GrpcClientProtocolClient.java:onNext(254)) - client-D47EFDF0E133->5d71e5de-6d45-4480-a1f1-d41cc2d38630: receive RaftClientReply:client-D47EFDF0E133->5d71e5de-6d45-4480-a1f1-d41cc2d38630@group-C6AEA7A4B82B, cid=4012, SUCCESS, logIndex=6611, commits[5d71e5de-6d45-4480-a1f1-d41cc2d38630:c6612]
2019-06-13 13:50:50,552 INFO  client.GrpcClientProtocolClient (GrpcClientProtocolClient.java:onNext(254)) - client-D47EFDF0E133->5d71e5de-6d45-4480-a1f1-d41cc2d38630: receive RaftClientReply:client-D47EFDF0E133->5d71e5de-6d45-4480-a1f1-d41cc2d38630@group-C6AEA7A4B82B, cid=4013, SUCCESS, logIndex=6613, commits[5d71e5de-6d45-4480-a1f1-d41cc2d38630:c6613]
2019-06-13 13:50:50,553 INFO  client.GrpcClientProtocolClient (GrpcClientProtocolClient.java:onNext(254)) - client-D47EFDF0E133->5d71e5de-6d45-4480-a1f1-d41cc2d38630: receive RaftClientReply:client-D47EFDF0E133->5d71e5de-6d45-4480-a1f1-d41cc2d38630@group-C6AEA7A4B82B, cid=4014, SUCCESS, logIndex=6615, commits[5d71e5de-6d45-4480-a1f1-d41cc2d38630:c6615]
2019-06-13 13:50:50,554 INFO  client.GrpcClientProtocolClient (GrpcClientProtocolClient.java:onNext(254)) - client-D47EFDF0E133->5d71e5de-6d45-4480-a1f1-d41cc2d38630: receive RaftClientReply:client-D47EFDF0E133->5d71e5de-6d45-4480-a1f1-d41cc2d38630@group-C6AEA7A4B82B, cid=4015, SUCCESS, logIndex=6616, commits[5d71e5de-6d45-4480-a1f1-d41cc2d38630:c6618]
2019-06-13 13:50:50,554 INFO  client.GrpcClientProtocolClient (GrpcClientProtocolClient.java:onNext(254)) - client-D47EFDF0E133->5d71e5de-6d45-4480-a1f1-d41cc2d38630: receive RaftClientReply:client-D47EFDF0E133->5d71e5de-6d45-4480-a1f1-d41cc2d38630@group-C6AEA7A4B82B, cid=4016, SUCCESS, logIndex=6617, commits[5d71e5de-6d45-4480-a1f1-d41cc2d38630:c6618]
2019-06-13 13:50:50,563 DEBUG block.SCMBlockDeletingService (SCMBlockDeletingService.java:call(138)) - Running DeletedBlockTransactionScanner
2019-06-13 13:50:50,564 DEBUG block.SCMBlockDeletingService (SCMBlockDeletingService.java:call(155)) - Scanned deleted blocks log and got 0 delTX to process.
2019-06-13 13:50:50,565 INFO  client.GrpcClientProtocolClient (GrpcClientProtocolClient.java:onNext(254)) - client-D47EFDF0E133->5d71e5de-6d45-4480-a1f1-d41cc2d38630: receive RaftClientReply:client-D47EFDF0E133->5d71e5de-6d45-4480-a1f1-d41cc2d38630@group-C6AEA7A4B82B, cid=4017, SUCCESS, logIndex=6619, commits[5d71e5de-6d45-4480-a1f1-d41cc2d38630:c6619]
2019-06-13 13:50:50,566 INFO  client.GrpcClientProtocolClient (GrpcClientProtocolClient.java:onNext(254)) - client-D47EFDF0E133->5d71e5de-6d45-4480-a1f1-d41cc2d38630: receive RaftClientReply:client-D47EFDF0E133->5d71e5de-6d45-4480-a1f1-d41cc2d38630@group-C6AEA7A4B82B, cid=4018, SUCCESS, logIndex=6621, commits[5d71e5de-6d45-4480-a1f1-d41cc2d38630:c6621]
2019-06-13 13:50:50,567 INFO  client.GrpcClientProtocolClient (GrpcClientProtocolClient.java:onNext(254)) - client-D47EFDF0E133->5d71e5de-6d45-4480-a1f1-d41cc2d38630: receive RaftClientReply:client-D47EFDF0E133->5d71e5de-6d45-4480-a1f1-d41cc2d38630@group-C6AEA7A4B82B, cid=4019, SUCCESS, logIndex=6622, commits[5d71e5de-6d45-4480-a1f1-d41cc2d38630:c6622]
2019-06-13 13:50:50,567 INFO  client.GrpcClientProtocolClient (GrpcClientProtocolClient.java:onNext(254)) - client-D47EFDF0E133->5d71e5de-6d45-4480-a1f1-d41cc2d38630: receive RaftClientReply:client-D47EFDF0E133->5d71e5de-6d45-4480-a1f1-d41cc2d38630@group-C6AEA7A4B82B, cid=4020, SUCCESS, logIndex=6624, commits[5d71e5de-6d45-4480-a1f1-d41cc2d38630:c6624]
2019-06-13 13:50:50,615 INFO  client.GrpcClientProtocolClient (GrpcClientProtocolClient.java:onNext(254)) - client-D47EFDF0E133->5d71e5de-6d45-4480-a1f1-d41cc2d38630: receive RaftClientReply:client-D47EFDF0E133->5d71e5de-6d45-4480-a1f1-d41cc2d38630@group-C6AEA7A4B82B, cid=4021, SUCCESS, logIndex=6627, commits[5d71e5de-6d45-4480-a1f1-d41cc2d38630:c6627]
2019-06-13 13:50:50,616 INFO  client.GrpcClientProtocolClient (GrpcClientProtocolClient.java:onNext(254)) - client-D47EFDF0E133->5d71e5de-6d45-4480-a1f1-d41cc2d38630: receive RaftClientReply:client-D47EFDF0E133->5d71e5de-6d45-4480-a1f1-d41cc2d38630@group-C6AEA7A4B82B, cid=4022, SUCCESS, logIndex=6629, commits[5d71e5de-6d45-4480-a1f1-d41cc2d38630:c6629]
2019-06-13 13:50:50,669 DEBUG block.SCMBlockDeletingService (SCMBlockDeletingService.java:call(138)) - Running DeletedBlockTransactionScanner
2019-06-13 13:50:50,670 DEBUG block.SCMBlockDeletingService (SCMBlockDeletingService.java:call(155)) - Scanned deleted blocks log and got 0 delTX to process.
2019-06-13 13:50:50,689 INFO  client.GrpcClientProtocolClient (GrpcClientProtocolClient.java:onNext(254)) - client-D47EFDF0E133->5d71e5de-6d45-4480-a1f1-d41cc2d38630: receive RaftClientReply:client-D47EFDF0E133->5d71e5de-6d45-4480-a1f1-d41cc2d38630@group-C6AEA7A4B82B, cid=4023, SUCCESS, logIndex=6631, commits[5d71e5de-6d45-4480-a1f1-d41cc2d38630:c6631]
2019-06-13 13:50:50,690 INFO  client.GrpcClientProtocolClient (GrpcClientProtocolClient.java:onNext(254)) - client-D47EFDF0E133->5d71e5de-6d45-4480-a1f1-d41cc2d38630: receive RaftClientReply:client-D47EFDF0E133->5d71e5de-6d45-4480-a1f1-d41cc2d38630@group-C6AEA7A4B82B, cid=4024, SUCCESS, logIndex=6633, commits[5d71e5de-6d45-4480-a1f1-d41cc2d38630:c6633]
2019-06-13 13:50:50,700 INFO  client.GrpcClientProtocolClient (GrpcClientProtocolClient.java:onNext(254)) - client-D47EFDF0E133->5d71e5de-6d45-4480-a1f1-d41cc2d38630: receive RaftClientReply:client-D47EFDF0E133->5d71e5de-6d45-4480-a1f1-d41cc2d38630@group-C6AEA7A4B82B, cid=4025, SUCCESS, logIndex=6635, commits[5d71e5de-6d45-4480-a1f1-d41cc2d38630:c6635]
2019-06-13 13:50:50,701 INFO  client.GrpcClientProtocolClient (GrpcClientProtocolClient.java:onNext(254)) - client-D47EFDF0E133->5d71e5de-6d45-4480-a1f1-d41cc2d38630: receive RaftClientReply:client-D47EFDF0E133->5d71e5de-6d45-4480-a1f1-d41cc2d38630@group-C6AEA7A4B82B, cid=4026, SUCCESS, logIndex=6637, commits[5d71e5de-6d45-4480-a1f1-d41cc2d38630:c6637]
2019-06-13 13:50:50,703 INFO  client.GrpcClientProtocolClient (GrpcClientProtocolClient.java:onNext(254)) - client-D47EFDF0E133->5d71e5de-6d45-4480-a1f1-d41cc2d38630: receive RaftClientReply:client-D47EFDF0E133->5d71e5de-6d45-4480-a1f1-d41cc2d38630@group-C6AEA7A4B82B, cid=4027, SUCCESS, logIndex=6638, commits[5d71e5de-6d45-4480-a1f1-d41cc2d38630:c6640]
2019-06-13 13:50:50,703 INFO  client.GrpcClientProtocolClient (GrpcClientProtocolClient.java:onNext(254)) - client-D47EFDF0E133->5d71e5de-6d45-4480-a1f1-d41cc2d38630: receive RaftClientReply:client-D47EFDF0E133->5d71e5de-6d45-4480-a1f1-d41cc2d38630@group-C6AEA7A4B82B, cid=4028, SUCCESS, logIndex=6639, commits[5d71e5de-6d45-4480-a1f1-d41cc2d38630:c6640]
2019-06-13 13:50:50,707 INFO  client.GrpcClientProtocolClient (GrpcClientProtocolClient.java:onNext(254)) - client-D47EFDF0E133->5d71e5de-6d45-4480-a1f1-d41cc2d38630: receive RaftClientReply:client-D47EFDF0E133->5d71e5de-6d45-4480-a1f1-d41cc2d38630@group-C6AEA7A4B82B, cid=4029, SUCCESS, logIndex=6641, commits[5d71e5de-6d45-4480-a1f1-d41cc2d38630:c6641]
2019-06-13 13:50:50,708 INFO  client.GrpcClientProtocolClient (GrpcClientProtocolClient.java:onNext(254)) - client-D47EFDF0E133->5d71e5de-6d45-4480-a1f1-d41cc2d38630: receive RaftClientReply:client-D47EFDF0E133->5d71e5de-6d45-4480-a1f1-d41cc2d38630@group-C6AEA7A4B82B, cid=4030, SUCCESS, logIndex=6643, commits[5d71e5de-6d45-4480-a1f1-d41cc2d38630:c6643]
2019-06-13 13:50:50,709 INFO  client.GrpcClientProtocolClient (GrpcClientProtocolClient.java:onNext(254)) - client-D47EFDF0E133->5d71e5de-6d45-4480-a1f1-d41cc2d38630: receive RaftClientReply:client-D47EFDF0E133->5d71e5de-6d45-4480-a1f1-d41cc2d38630@group-C6AEA7A4B82B, cid=4031, SUCCESS, logIndex=6644, commits[5d71e5de-6d45-4480-a1f1-d41cc2d38630:c6646]
2019-06-13 13:50:50,710 INFO  client.GrpcClientProtocolClient (GrpcClientProtocolClient.java:onNext(254)) - client-D47EFDF0E133->5d71e5de-6d45-4480-a1f1-d41cc2d38630: receive RaftClientReply:client-D47EFDF0E133->5d71e5de-6d45-4480-a1f1-d41cc2d38630@group-C6AEA7A4B82B, cid=4032, SUCCESS, logIndex=6645, commits[5d71e5de-6d45-4480-a1f1-d41cc2d38630:c6646]
2019-06-13 13:50:50,719 INFO  client.GrpcClientProtocolClient (GrpcClientProtocolClient.java:onNext(254)) - client-D47EFDF0E133->5d71e5de-6d45-4480-a1f1-d41cc2d38630: receive RaftClientReply:client-D47EFDF0E133->5d71e5de-6d45-4480-a1f1-d41cc2d38630@group-C6AEA7A4B82B, cid=4033, SUCCESS, logIndex=6647, commits[5d71e5de-6d45-4480-a1f1-d41cc2d38630:c6647]
2019-06-13 13:50:50,720 INFO  client.GrpcClientProtocolClient (GrpcClientProtocolClient.java:onNext(254)) - client-D47EFDF0E133->5d71e5de-6d45-4480-a1f1-d41cc2d38630: receive RaftClientReply:client-D47EFDF0E133->5d71e5de-6d45-4480-a1f1-d41cc2d38630@group-C6AEA7A4B82B, cid=4034, SUCCESS, logIndex=6649, commits[5d71e5de-6d45-4480-a1f1-d41cc2d38630:c6649]
2019-06-13 13:50:50,725 INFO  client.GrpcClientProtocolClient (GrpcClientProtocolClient.java:onNext(254)) - client-D47EFDF0E133->5d71e5de-6d45-4480-a1f1-d41cc2d38630: receive RaftClientReply:client-D47EFDF0E133->5d71e5de-6d45-4480-a1f1-d41cc2d38630@group-C6AEA7A4B82B, cid=4035, SUCCESS, logIndex=6651, commits[5d71e5de-6d45-4480-a1f1-d41cc2d38630:c6651]
2019-06-13 13:50:50,726 INFO  client.GrpcClientProtocolClient (GrpcClientProtocolClient.java:onNext(254)) - client-D47EFDF0E133->5d71e5de-6d45-4480-a1f1-d41cc2d38630: receive RaftClientReply:client-D47EFDF0E133->5d71e5de-6d45-4480-a1f1-d41cc2d38630@group-C6AEA7A4B82B, cid=4036, SUCCESS, logIndex=6653, commits[5d71e5de-6d45-4480-a1f1-d41cc2d38630:c6653]
2019-06-13 13:50:50,731 INFO  client.GrpcClientProtocolClient (GrpcClientProtocolClient.java:onNext(254)) - client-D47EFDF0E133->5d71e5de-6d45-4480-a1f1-d41cc2d38630: receive RaftClientReply:client-D47EFDF0E133->5d71e5de-6d45-4480-a1f1-d41cc2d38630@group-C6AEA7A4B82B, cid=4037, SUCCESS, logIndex=6655, commits[5d71e5de-6d45-4480-a1f1-d41cc2d38630:c6655]
2019-06-13 13:50:50,732 INFO  client.GrpcClientProtocolClient (GrpcClientProtocolClient.java:onNext(254)) - client-D47EFDF0E133->5d71e5de-6d45-4480-a1f1-d41cc2d38630: receive RaftClientReply:client-D47EFDF0E133->5d71e5de-6d45-4480-a1f1-d41cc2d38630@group-C6AEA7A4B82B, cid=4038, SUCCESS, logIndex=6657, commits[5d71e5de-6d45-4480-a1f1-d41cc2d38630:c6657]
2019-06-13 13:50:50,733 INFO  client.GrpcClientProtocolClient (GrpcClientProtocolClient.java:onNext(254)) - client-D47EFDF0E133->5d71e5de-6d45-4480-a1f1-d41cc2d38630: receive RaftClientReply:client-D47EFDF0E133->5d71e5de-6d45-4480-a1f1-d41cc2d38630@group-C6AEA7A4B82B, cid=4039, SUCCESS, logIndex=6658, commits[5d71e5de-6d45-4480-a1f1-d41cc2d38630:c6660]
2019-06-13 13:50:50,734 INFO  client.GrpcClientProtocolClient (GrpcClientProtocolClient.java:onNext(254)) - client-D47EFDF0E133->5d71e5de-6d45-4480-a1f1-d41cc2d38630: receive RaftClientReply:client-D47EFDF0E133->5d71e5de-6d45-4480-a1f1-d41cc2d38630@group-C6AEA7A4B82B, cid=4040, SUCCESS, logIndex=6659, commits[5d71e5de-6d45-4480-a1f1-d41cc2d38630:c6660]
2019-06-13 13:50:50,744 INFO  client.GrpcClientProtocolClient (GrpcClientProtocolClient.java:onNext(254)) - client-D47EFDF0E133->5d71e5de-6d45-4480-a1f1-d41cc2d38630: receive RaftClientReply:client-D47EFDF0E133->5d71e5de-6d45-4480-a1f1-d41cc2d38630@group-C6AEA7A4B82B, cid=4041, SUCCESS, logIndex=6661, commits[5d71e5de-6d45-4480-a1f1-d41cc2d38630:c6661]
2019-06-13 13:50:50,745 INFO  client.GrpcClientProtocolClient (GrpcClientProtocolClient.java:onNext(254)) - client-D47EFDF0E133->5d71e5de-6d45-4480-a1f1-d41cc2d38630: receive RaftClientReply:client-D47EFDF0E133->5d71e5de-6d45-4480-a1f1-d41cc2d38630@group-C6AEA7A4B82B, cid=4042, SUCCESS, logIndex=6663, commits[5d71e5de-6d45-4480-a1f1-d41cc2d38630:c6663]
2019-06-13 13:50:50,746 INFO  client.GrpcClientProtocolClient (GrpcClientProtocolClient.java:onNext(254)) - client-D47EFDF0E133->5d71e5de-6d45-4480-a1f1-d41cc2d38630: receive RaftClientReply:client-D47EFDF0E133->5d71e5de-6d45-4480-a1f1-d41cc2d38630@group-C6AEA7A4B82B, cid=4043, SUCCESS, logIndex=6664, commits[5d71e5de-6d45-4480-a1f1-d41cc2d38630:c6666]
2019-06-13 13:50:50,746 INFO  client.GrpcClientProtocolClient (GrpcClientProtocolClient.java:onNext(254)) - client-D47EFDF0E133->5d71e5de-6d45-4480-a1f1-d41cc2d38630: receive RaftClientReply:client-D47EFDF0E133->5d71e5de-6d45-4480-a1f1-d41cc2d38630@group-C6AEA7A4B82B, cid=4044, SUCCESS, logIndex=6665, commits[5d71e5de-6d45-4480-a1f1-d41cc2d38630:c6666]
2019-06-13 13:50:50,751 INFO  storage.RaftLogWorker (RaftLogWorker.java:rollLogSegment(303)) - 5d71e5de-6d45-4480-a1f1-d41cc2d38630-RaftLogWorker: Rolling segment log-6598_6668 to index:6668
2019-06-13 13:50:50,751 INFO  client.GrpcClientProtocolClient (GrpcClientProtocolClient.java:onNext(254)) - client-D47EFDF0E133->5d71e5de-6d45-4480-a1f1-d41cc2d38630: receive RaftClientReply:client-D47EFDF0E133->5d71e5de-6d45-4480-a1f1-d41cc2d38630@group-C6AEA7A4B82B, cid=4045, SUCCESS, logIndex=6667, commits[5d71e5de-6d45-4480-a1f1-d41cc2d38630:c6667]
2019-06-13 13:50:50,751 INFO  storage.RaftLogWorker (RaftLogWorker.java:execute(433)) - 5d71e5de-6d45-4480-a1f1-d41cc2d38630-RaftLogWorker: Rolled log segment from /opt/src/hadoop-ozone/integration-test/target/test-dir/MiniOzoneClusterImpl-c05bfa39-b333-4767-bc96-5a78f3430938/datanode-0/data/ratis/3aee30eb-3db1-472a-b851-c6aea7a4b82b/current/log_inprogress_6598 to /opt/src/hadoop-ozone/integration-test/target/test-dir/MiniOzoneClusterImpl-c05bfa39-b333-4767-bc96-5a78f3430938/datanode-0/data/ratis/3aee30eb-3db1-472a-b851-c6aea7a4b82b/current/log_6598-6668
2019-06-13 13:50:50,771 DEBUG block.SCMBlockDeletingService (SCMBlockDeletingService.java:call(138)) - Running DeletedBlockTransactionScanner
2019-06-13 13:50:50,772 DEBUG block.SCMBlockDeletingService (SCMBlockDeletingService.java:call(155)) - Scanned deleted blocks log and got 0 delTX to process.
2019-06-13 13:50:50,791 INFO  storage.RaftLogWorker (RaftLogWorker.java:execute(469)) - 5d71e5de-6d45-4480-a1f1-d41cc2d38630-RaftLogWorker: created new log segment /opt/src/hadoop-ozone/integration-test/target/test-dir/MiniOzoneClusterImpl-c05bfa39-b333-4767-bc96-5a78f3430938/datanode-0/data/ratis/3aee30eb-3db1-472a-b851-c6aea7a4b82b/current/log_inprogress_6669
2019-06-13 13:50:50,792 INFO  client.GrpcClientProtocolClient (GrpcClientProtocolClient.java:onNext(254)) - client-D47EFDF0E133->5d71e5de-6d45-4480-a1f1-d41cc2d38630: receive RaftClientReply:client-D47EFDF0E133->5d71e5de-6d45-4480-a1f1-d41cc2d38630@group-C6AEA7A4B82B, cid=4046, SUCCESS, logIndex=6669, commits[5d71e5de-6d45-4480-a1f1-d41cc2d38630:c6671]
2019-06-13 13:50:50,792 INFO  client.GrpcClientProtocolClient (GrpcClientProtocolClient.java:onNext(254)) - client-D47EFDF0E133->5d71e5de-6d45-4480-a1f1-d41cc2d38630: receive RaftClientReply:client-D47EFDF0E133->5d71e5de-6d45-4480-a1f1-d41cc2d38630@group-C6AEA7A4B82B, cid=4047, SUCCESS, logIndex=6670, commits[5d71e5de-6d45-4480-a1f1-d41cc2d38630:c6672]
2019-06-13 13:50:50,793 INFO  client.GrpcClientProtocolClient (GrpcClientProtocolClient.java:onNext(254)) - client-D47EFDF0E133->5d71e5de-6d45-4480-a1f1-d41cc2d38630: receive RaftClientReply:client-D47EFDF0E133->5d71e5de-6d45-4480-a1f1-d41cc2d38630@group-C6AEA7A4B82B, cid=4048, SUCCESS, logIndex=6671, commits[5d71e5de-6d45-4480-a1f1-d41cc2d38630:c6672]
2019-06-13 13:50:50,804 INFO  client.GrpcClientProtocolClient (GrpcClientProtocolClient.java:onNext(254)) - client-D47EFDF0E133->5d71e5de-6d45-4480-a1f1-d41cc2d38630: receive RaftClientReply:client-D47EFDF0E133->5d71e5de-6d45-4480-a1f1-d41cc2d38630@group-C6AEA7A4B82B, cid=4049, SUCCESS, logIndex=6673, commits[5d71e5de-6d45-4480-a1f1-d41cc2d38630:c6673]
2019-06-13 13:50:50,806 INFO  client.GrpcClientProtocolClient (GrpcClientProtocolClient.java:onNext(254)) - client-D47EFDF0E133->5d71e5de-6d45-4480-a1f1-d41cc2d38630: receive RaftClientReply:client-D47EFDF0E133->5d71e5de-6d45-4480-a1f1-d41cc2d38630@group-C6AEA7A4B82B, cid=4050, SUCCESS, logIndex=6675, commits[5d71e5de-6d45-4480-a1f1-d41cc2d38630:c6675]
2019-06-13 13:50:50,807 INFO  client.GrpcClientProtocolClient (GrpcClientProtocolClient.java:onNext(254)) - client-D47EFDF0E133->5d71e5de-6d45-4480-a1f1-d41cc2d38630: receive RaftClientReply:client-D47EFDF0E133->5d71e5de-6d45-4480-a1f1-d41cc2d38630@group-C6AEA7A4B82B, cid=4051, SUCCESS, logIndex=6676, commits[5d71e5de-6d45-4480-a1f1-d41cc2d38630:c6678]
2019-06-13 13:50:50,807 INFO  client.GrpcClientProtocolClient (GrpcClientProtocolClient.java:onNext(254)) - client-D47EFDF0E133->5d71e5de-6d45-4480-a1f1-d41cc2d38630: receive RaftClientReply:client-D47EFDF0E133->5d71e5de-6d45-4480-a1f1-d41cc2d38630@group-C6AEA7A4B82B, cid=4052, SUCCESS, logIndex=6677, commits[5d71e5de-6d45-4480-a1f1-d41cc2d38630:c6678]
2019-06-13 13:50:50,812 INFO  client.GrpcClientProtocolClient (GrpcClientProtocolClient.java:onNext(254)) - client-D47EFDF0E133->5d71e5de-6d45-4480-a1f1-d41cc2d38630: receive RaftClientReply:client-D47EFDF0E133->5d71e5de-6d45-4480-a1f1-d41cc2d38630@group-C6AEA7A4B82B, cid=4053, SUCCESS, logIndex=6679, commits[5d71e5de-6d45-4480-a1f1-d41cc2d38630:c6679]
2019-06-13 13:50:50,814 INFO  client.GrpcClientProtocolClient (GrpcClientProtocolClient.java:onNext(254)) - client-D47EFDF0E133->5d71e5de-6d45-4480-a1f1-d41cc2d38630: receive RaftClientReply:client-D47EFDF0E133->5d71e5de-6d45-4480-a1f1-d41cc2d38630@group-C6AEA7A4B82B, cid=4054, SUCCESS, logIndex=6681, commits[5d71e5de-6d45-4480-a1f1-d41cc2d38630:c6681]
2019-06-13 13:50:50,815 INFO  client.GrpcClientProtocolClient (GrpcClientProtocolClient.java:onNext(254)) - client-D47EFDF0E133->5d71e5de-6d45-4480-a1f1-d41cc2d38630: receive RaftClientReply:client-D47EFDF0E133->5d71e5de-6d45-4480-a1f1-d41cc2d38630@group-C6AEA7A4B82B, cid=4055, SUCCESS, logIndex=6682, commits[5d71e5de-6d45-4480-a1f1-d41cc2d38630:c6684]
2019-06-13 13:50:50,815 INFO  client.GrpcClientProtocolClient (GrpcClientProtocolClient.java:onNext(254)) - client-D47EFDF0E133->5d71e5de-6d45-4480-a1f1-d41cc2d38630: receive RaftClientReply:client-D47EFDF0E133->5d71e5de-6d45-4480-a1f1-d41cc2d38630@group-C6AEA7A4B82B, cid=4056, SUCCESS, logIndex=6683, commits[5d71e5de-6d45-4480-a1f1-d41cc2d38630:c6684]
2019-06-13 13:50:50,825 INFO  client.GrpcClientProtocolClient (GrpcClientProtocolClient.java:onNext(254)) - client-D47EFDF0E133->5d71e5de-6d45-4480-a1f1-d41cc2d38630: receive RaftClientReply:client-D47EFDF0E133->5d71e5de-6d45-4480-a1f1-d41cc2d38630@group-C6AEA7A4B82B, cid=4057, SUCCESS, logIndex=6685, commits[5d71e5de-6d45-4480-a1f1-d41cc2d38630:c6685]
2019-06-13 13:50:50,827 INFO  client.GrpcClientProtocolClient (GrpcClientProtocolClient.java:onNext(254)) - client-D47EFDF0E133->5d71e5de-6d45-4480-a1f1-d41cc2d38630: receive RaftClientReply:client-D47EFDF0E133->5d71e5de-6d45-4480-a1f1-d41cc2d38630@group-C6AEA7A4B82B, cid=4058, SUCCESS, logIndex=6687, commits[5d71e5de-6d45-4480-a1f1-d41cc2d38630:c6687]
2019-06-13 13:50:50,827 INFO  client.GrpcClientProtocolClient (GrpcClientProtocolClient.java:onNext(254)) - client-D47EFDF0E133->5d71e5de-6d45-4480-a1f1-d41cc2d38630: receive RaftClientReply:client-D47EFDF0E133->5d71e5de-6d45-4480-a1f1-d41cc2d38630@group-C6AEA7A4B82B, cid=4059, SUCCESS, logIndex=6688, commits[5d71e5de-6d45-4480-a1f1-d41cc2d38630:c6689]
2019-06-13 13:50:50,827 INFO  client.GrpcClientProtocolClient (GrpcClientProtocolClient.java:onNext(254)) - client-D47EFDF0E133->5d71e5de-6d45-4480-a1f1-d41cc2d38630: receive RaftClientReply:client-D47EFDF0E133->5d71e5de-6d45-4480-a1f1-d41cc2d38630@group-C6AEA7A4B82B, cid=4060, SUCCESS, logIndex=6689, commits[5d71e5de-6d45-4480-a1f1-d41cc2d38630:c6689]
2019-06-13 13:50:50,834 INFO  client.GrpcClientProtocolClient (GrpcClientProtocolClient.java:onNext(254)) - client-D47EFDF0E133->5d71e5de-6d45-4480-a1f1-d41cc2d38630: receive RaftClientReply:client-D47EFDF0E133->5d71e5de-6d45-4480-a1f1-d41cc2d38630@group-C6AEA7A4B82B, cid=4061, SUCCESS, logIndex=6692, commits[5d71e5de-6d45-4480-a1f1-d41cc2d38630:c6692]
2019-06-13 13:50:50,836 INFO  client.GrpcClientProtocolClient (GrpcClientProtocolClient.java:onNext(254)) - client-D47EFDF0E133->5d71e5de-6d45-4480-a1f1-d41cc2d38630: receive RaftClientReply:client-D47EFDF0E133->5d71e5de-6d45-4480-a1f1-d41cc2d38630@group-C6AEA7A4B82B, cid=4062, SUCCESS, logIndex=6694, commits[5d71e5de-6d45-4480-a1f1-d41cc2d38630:c6694]
2019-06-13 13:50:50,837 INFO  client.GrpcClientProtocolClient (GrpcClientProtocolClient.java:onNext(254)) - client-D47EFDF0E133->5d71e5de-6d45-4480-a1f1-d41cc2d38630: receive RaftClientReply:client-D47EFDF0E133->5d71e5de-6d45-4480-a1f1-d41cc2d38630@group-C6AEA7A4B82B, cid=4063, SUCCESS, logIndex=6695, commits[5d71e5de-6d45-4480-a1f1-d41cc2d38630:c6696]
2019-06-13 13:50:50,837 INFO  client.GrpcClientProtocolClient (GrpcClientProtocolClient.java:onNext(254)) - client-D47EFDF0E133->5d71e5de-6d45-4480-a1f1-d41cc2d38630: receive RaftClientReply:client-D47EFDF0E133->5d71e5de-6d45-4480-a1f1-d41cc2d38630@group-C6AEA7A4B82B, cid=4064, SUCCESS, logIndex=6696, commits[5d71e5de-6d45-4480-a1f1-d41cc2d38630:c6696]
2019-06-13 13:50:50,849 INFO  client.GrpcClientProtocolClient (GrpcClientProtocolClient.java:onNext(254)) - client-D47EFDF0E133->5d71e5de-6d45-4480-a1f1-d41cc2d38630: receive RaftClientReply:client-D47EFDF0E133->5d71e5de-6d45-4480-a1f1-d41cc2d38630@group-C6AEA7A4B82B, cid=4065, SUCCESS, logIndex=6699, commits[5d71e5de-6d45-4480-a1f1-d41cc2d38630:c6699]
2019-06-13 13:50:50,850 INFO  client.GrpcClientProtocolClient (GrpcClientProtocolClient.java:onNext(254)) - client-D47EFDF0E133->5d71e5de-6d45-4480-a1f1-d41cc2d38630: receive RaftClientReply:client-D47EFDF0E133->5d71e5de-6d45-4480-a1f1-d41cc2d38630@group-C6AEA7A4B82B, cid=4066, SUCCESS, logIndex=6701, commits[5d71e5de-6d45-4480-a1f1-d41cc2d38630:c6701]
2019-06-13 13:50:50,872 DEBUG block.SCMBlockDeletingService (SCMBlockDeletingService.java:call(138)) - Running DeletedBlockTransactionScanner
2019-06-13 13:50:50,872 DEBUG block.SCMBlockDeletingService (SCMBlockDeletingService.java:call(155)) - Scanned deleted blocks log and got 0 delTX to process.
2019-06-13 13:50:50,918 INFO  client.GrpcClientProtocolClient (GrpcClientProtocolClient.java:onNext(254)) - client-D47EFDF0E133->5d71e5de-6d45-4480-a1f1-d41cc2d38630: receive RaftClientReply:client-D47EFDF0E133->5d71e5de-6d45-4480-a1f1-d41cc2d38630@group-C6AEA7A4B82B, cid=4067, SUCCESS, logIndex=6703, commits[5d71e5de-6d45-4480-a1f1-d41cc2d38630:c6703]
2019-06-13 13:50:50,919 INFO  client.GrpcClientProtocolClient (GrpcClientProtocolClient.java:onNext(254)) - client-D47EFDF0E133->5d71e5de-6d45-4480-a1f1-d41cc2d38630: receive RaftClientReply:client-D47EFDF0E133->5d71e5de-6d45-4480-a1f1-d41cc2d38630@group-C6AEA7A4B82B, cid=4068, SUCCESS, logIndex=6705, commits[5d71e5de-6d45-4480-a1f1-d41cc2d38630:c6705]
2019-06-13 13:50:50,924 INFO  client.GrpcClientProtocolClient (GrpcClientProtocolClient.java:onNext(254)) - client-D47EFDF0E133->5d71e5de-6d45-4480-a1f1-d41cc2d38630: receive RaftClientReply:client-D47EFDF0E133->5d71e5de-6d45-4480-a1f1-d41cc2d38630@group-C6AEA7A4B82B, cid=4069, SUCCESS, logIndex=6707, commits[5d71e5de-6d45-4480-a1f1-d41cc2d38630:c6707]
2019-06-13 13:50:50,925 INFO  client.GrpcClientProtocolClient (GrpcClientProtocolClient.java:onNext(254)) - client-D47EFDF0E133->5d71e5de-6d45-4480-a1f1-d41cc2d38630: receive RaftClientReply:client-D47EFDF0E133->5d71e5de-6d45-4480-a1f1-d41cc2d38630@group-C6AEA7A4B82B, cid=4070, SUCCESS, logIndex=6709, commits[5d71e5de-6d45-4480-a1f1-d41cc2d38630:c6709]
2019-06-13 13:50:50,926 INFO  client.GrpcClientProtocolClient (GrpcClientProtocolClient.java:onNext(254)) - client-D47EFDF0E133->5d71e5de-6d45-4480-a1f1-d41cc2d38630: receive RaftClientReply:client-D47EFDF0E133->5d71e5de-6d45-4480-a1f1-d41cc2d38630@group-C6AEA7A4B82B, cid=4071, SUCCESS, logIndex=6710, commits[5d71e5de-6d45-4480-a1f1-d41cc2d38630:c6712]
2019-06-13 13:50:50,926 INFO  client.GrpcClientProtocolClient (GrpcClientProtocolClient.java:onNext(254)) - client-D47EFDF0E133->5d71e5de-6d45-4480-a1f1-d41cc2d38630: receive RaftClientReply:client-D47EFDF0E133->5d71e5de-6d45-4480-a1f1-d41cc2d38630@group-C6AEA7A4B82B, cid=4072, SUCCESS, logIndex=6711, commits[5d71e5de-6d45-4480-a1f1-d41cc2d38630:c6712]
2019-06-13 13:50:50,936 INFO  client.GrpcClientProtocolClient (GrpcClientProtocolClient.java:onNext(254)) - client-D47EFDF0E133->5d71e5de-6d45-4480-a1f1-d41cc2d38630: receive RaftClientReply:client-D47EFDF0E133->5d71e5de-6d45-4480-a1f1-d41cc2d38630@group-C6AEA7A4B82B, cid=4073, SUCCESS, logIndex=6713, commits[5d71e5de-6d45-4480-a1f1-d41cc2d38630:c6713]
2019-06-13 13:50:50,938 INFO  client.GrpcClientProtocolClient (GrpcClientProtocolClient.java:onNext(254)) - client-D47EFDF0E133->5d71e5de-6d45-4480-a1f1-d41cc2d38630: receive RaftClientReply:client-D47EFDF0E133->5d71e5de-6d45-4480-a1f1-d41cc2d38630@group-C6AEA7A4B82B, cid=4074, SUCCESS, logIndex=6715, commits[5d71e5de-6d45-4480-a1f1-d41cc2d38630:c6715]
2019-06-13 13:50:50,938 INFO  client.GrpcClientProtocolClient (GrpcClientProtocolClient.java:onNext(254)) - client-D47EFDF0E133->5d71e5de-6d45-4480-a1f1-d41cc2d38630: receive RaftClientReply:client-D47EFDF0E133->5d71e5de-6d45-4480-a1f1-d41cc2d38630@group-C6AEA7A4B82B, cid=4075, SUCCESS, logIndex=6716, commits[5d71e5de-6d45-4480-a1f1-d41cc2d38630:c6717]
2019-06-13 13:50:50,939 INFO  client.GrpcClientProtocolClient (GrpcClientProtocolClient.java:onNext(254)) - client-D47EFDF0E133->5d71e5de-6d45-4480-a1f1-d41cc2d38630: receive RaftClientReply:client-D47EFDF0E133->5d71e5de-6d45-4480-a1f1-d41cc2d38630@group-C6AEA7A4B82B, cid=4076, SUCCESS, logIndex=6717, commits[5d71e5de-6d45-4480-a1f1-d41cc2d38630:c6717]
2019-06-13 13:50:50,944 INFO  client.GrpcClientProtocolClient (GrpcClientProtocolClient.java:onNext(254)) - client-D47EFDF0E133->5d71e5de-6d45-4480-a1f1-d41cc2d38630: receive RaftClientReply:client-D47EFDF0E133->5d71e5de-6d45-4480-a1f1-d41cc2d38630@group-C6AEA7A4B82B, cid=4077, SUCCESS, logIndex=6720, commits[5d71e5de-6d45-4480-a1f1-d41cc2d38630:c6720]
2019-06-13 13:50:50,946 INFO  client.GrpcClientProtocolClient (GrpcClientProtocolClient.java:onNext(254)) - client-D47EFDF0E133->5d71e5de-6d45-4480-a1f1-d41cc2d38630: receive RaftClientReply:client-D47EFDF0E133->5d71e5de-6d45-4480-a1f1-d41cc2d38630@group-C6AEA7A4B82B, cid=4078, SUCCESS, logIndex=6722, commits[5d71e5de-6d45-4480-a1f1-d41cc2d38630:c6722]
2019-06-13 13:50:50,947 INFO  client.GrpcClientProtocolClient (GrpcClientProtocolClient.java:onNext(254)) - client-D47EFDF0E133->5d71e5de-6d45-4480-a1f1-d41cc2d38630: receive RaftClientReply:client-D47EFDF0E133->5d71e5de-6d45-4480-a1f1-d41cc2d38630@group-C6AEA7A4B82B, cid=4079, SUCCESS, logIndex=6723, commits[5d71e5de-6d45-4480-a1f1-d41cc2d38630:c6725]
2019-06-13 13:50:50,947 INFO  client.GrpcClientProtocolClient (GrpcClientProtocolClient.java:onNext(254)) - client-D47EFDF0E133->5d71e5de-6d45-4480-a1f1-d41cc2d38630: receive RaftClientReply:client-D47EFDF0E133->5d71e5de-6d45-4480-a1f1-d41cc2d38630@group-C6AEA7A4B82B, cid=4080, SUCCESS, logIndex=6724, commits[5d71e5de-6d45-4480-a1f1-d41cc2d38630:c6725]
2019-06-13 13:50:50,959 INFO  client.GrpcClientProtocolClient (GrpcClientProtocolClient.java:onNext(254)) - client-D47EFDF0E133->5d71e5de-6d45-4480-a1f1-d41cc2d38630: receive RaftClientReply:client-D47EFDF0E133->5d71e5de-6d45-4480-a1f1-d41cc2d38630@group-C6AEA7A4B82B, cid=4081, SUCCESS, logIndex=6726, commits[5d71e5de-6d45-4480-a1f1-d41cc2d38630:c6726]
2019-06-13 13:50:50,961 INFO  client.GrpcClientProtocolClient (GrpcClientProtocolClient.java:onNext(254)) - client-D47EFDF0E133->5d71e5de-6d45-4480-a1f1-d41cc2d38630: receive RaftClientReply:client-D47EFDF0E133->5d71e5de-6d45-4480-a1f1-d41cc2d38630@group-C6AEA7A4B82B, cid=4082, SUCCESS, logIndex=6728, commits[5d71e5de-6d45-4480-a1f1-d41cc2d38630:c6728]
2019-06-13 13:50:50,962 INFO  client.GrpcClientProtocolClient (GrpcClientProtocolClient.java:onNext(254)) - client-D47EFDF0E133->5d71e5de-6d45-4480-a1f1-d41cc2d38630: receive RaftClientReply:client-D47EFDF0E133->5d71e5de-6d45-4480-a1f1-d41cc2d38630@group-C6AEA7A4B82B, cid=4083, SUCCESS, logIndex=6729, commits[5d71e5de-6d45-4480-a1f1-d41cc2d38630:c6729]
2019-06-13 13:50:50,962 INFO  client.GrpcClientProtocolClient (GrpcClientProtocolClient.java:onNext(254)) - client-D47EFDF0E133->5d71e5de-6d45-4480-a1f1-d41cc2d38630: receive RaftClientReply:client-D47EFDF0E133->5d71e5de-6d45-4480-a1f1-d41cc2d38630@group-C6AEA7A4B82B, cid=4084, SUCCESS, logIndex=6731, commits[5d71e5de-6d45-4480-a1f1-d41cc2d38630:c6731]
2019-06-13 13:50:50,970 INFO  client.GrpcClientProtocolClient (GrpcClientProtocolClient.java:onNext(254)) - client-D47EFDF0E133->5d71e5de-6d45-4480-a1f1-d41cc2d38630: receive RaftClientReply:client-D47EFDF0E133->5d71e5de-6d45-4480-a1f1-d41cc2d38630@group-C6AEA7A4B82B, cid=4085, SUCCESS, logIndex=6734, commits[5d71e5de-6d45-4480-a1f1-d41cc2d38630:c6734]
2019-06-13 13:50:50,971 INFO  storage.RaftLogWorker (RaftLogWorker.java:rollLogSegment(303)) - 5d71e5de-6d45-4480-a1f1-d41cc2d38630-RaftLogWorker: Rolling segment log-6669_6738 to index:6738
2019-06-13 13:50:50,972 INFO  client.GrpcClientProtocolClient (GrpcClientProtocolClient.java:onNext(254)) - client-D47EFDF0E133->5d71e5de-6d45-4480-a1f1-d41cc2d38630: receive RaftClientReply:client-D47EFDF0E133->5d71e5de-6d45-4480-a1f1-d41cc2d38630@group-C6AEA7A4B82B, cid=4086, SUCCESS, logIndex=6736, commits[5d71e5de-6d45-4480-a1f1-d41cc2d38630:c6736]
2019-06-13 13:50:50,972 INFO  storage.RaftLogWorker (RaftLogWorker.java:execute(433)) - 5d71e5de-6d45-4480-a1f1-d41cc2d38630-RaftLogWorker: Rolled log segment from /opt/src/hadoop-ozone/integration-test/target/test-dir/MiniOzoneClusterImpl-c05bfa39-b333-4767-bc96-5a78f3430938/datanode-0/data/ratis/3aee30eb-3db1-472a-b851-c6aea7a4b82b/current/log_inprogress_6669 to /opt/src/hadoop-ozone/integration-test/target/test-dir/MiniOzoneClusterImpl-c05bfa39-b333-4767-bc96-5a78f3430938/datanode-0/data/ratis/3aee30eb-3db1-472a-b851-c6aea7a4b82b/current/log_6669-6738
2019-06-13 13:50:50,972 DEBUG block.SCMBlockDeletingService (SCMBlockDeletingService.java:call(138)) - Running DeletedBlockTransactionScanner
2019-06-13 13:50:50,973 DEBUG block.SCMBlockDeletingService (SCMBlockDeletingService.java:call(155)) - Scanned deleted blocks log and got 0 delTX to process.
2019-06-13 13:50:50,973 INFO  client.GrpcClientProtocolClient (GrpcClientProtocolClient.java:onNext(254)) - client-D47EFDF0E133->5d71e5de-6d45-4480-a1f1-d41cc2d38630: receive RaftClientReply:client-D47EFDF0E133->5d71e5de-6d45-4480-a1f1-d41cc2d38630@group-C6AEA7A4B82B, cid=4087, SUCCESS, logIndex=6737, commits[5d71e5de-6d45-4480-a1f1-d41cc2d38630:c6738]
2019-06-13 13:50:50,974 INFO  client.GrpcClientProtocolClient (GrpcClientProtocolClient.java:onNext(254)) - client-D47EFDF0E133->5d71e5de-6d45-4480-a1f1-d41cc2d38630: receive RaftClientReply:client-D47EFDF0E133->5d71e5de-6d45-4480-a1f1-d41cc2d38630@group-C6AEA7A4B82B, cid=4088, SUCCESS, logIndex=6738, commits[5d71e5de-6d45-4480-a1f1-d41cc2d38630:c6738]
2019-06-13 13:50:51,010 INFO  storage.RaftLogWorker (RaftLogWorker.java:execute(469)) - 5d71e5de-6d45-4480-a1f1-d41cc2d38630-RaftLogWorker: created new log segment /opt/src/hadoop-ozone/integration-test/target/test-dir/MiniOzoneClusterImpl-c05bfa39-b333-4767-bc96-5a78f3430938/datanode-0/data/ratis/3aee30eb-3db1-472a-b851-c6aea7a4b82b/current/log_inprogress_6739
2019-06-13 13:50:51,012 INFO  client.GrpcClientProtocolClient (GrpcClientProtocolClient.java:onNext(254)) - client-D47EFDF0E133->5d71e5de-6d45-4480-a1f1-d41cc2d38630: receive RaftClientReply:client-D47EFDF0E133->5d71e5de-6d45-4480-a1f1-d41cc2d38630@group-C6AEA7A4B82B, cid=4089, SUCCESS, logIndex=6741, commits[5d71e5de-6d45-4480-a1f1-d41cc2d38630:c6741]
2019-06-13 13:50:51,013 INFO  client.GrpcClientProtocolClient (GrpcClientProtocolClient.java:onNext(254)) - client-D47EFDF0E133->5d71e5de-6d45-4480-a1f1-d41cc2d38630: receive RaftClientReply:client-D47EFDF0E133->5d71e5de-6d45-4480-a1f1-d41cc2d38630@group-C6AEA7A4B82B, cid=4090, SUCCESS, logIndex=6743, commits[5d71e5de-6d45-4480-a1f1-d41cc2d38630:c6743]
2019-06-13 13:50:51,014 INFO  client.GrpcClientProtocolClient (GrpcClientProtocolClient.java:onNext(254)) - client-D47EFDF0E133->5d71e5de-6d45-4480-a1f1-d41cc2d38630: receive RaftClientReply:client-D47EFDF0E133->5d71e5de-6d45-4480-a1f1-d41cc2d38630@group-C6AEA7A4B82B, cid=4091, SUCCESS, logIndex=6744, commits[5d71e5de-6d45-4480-a1f1-d41cc2d38630:c6746]
2019-06-13 13:50:51,014 INFO  client.GrpcClientProtocolClient (GrpcClientProtocolClient.java:onNext(254)) - client-D47EFDF0E133->5d71e5de-6d45-4480-a1f1-d41cc2d38630: receive RaftClientReply:client-D47EFDF0E133->5d71e5de-6d45-4480-a1f1-d41cc2d38630@group-C6AEA7A4B82B, cid=4092, SUCCESS, logIndex=6745, commits[5d71e5de-6d45-4480-a1f1-d41cc2d38630:c6746]
2019-06-13 13:50:51,019 INFO  client.GrpcClientProtocolClient (GrpcClientProtocolClient.java:onNext(254)) - client-D47EFDF0E133->5d71e5de-6d45-4480-a1f1-d41cc2d38630: receive RaftClientReply:client-D47EFDF0E133->5d71e5de-6d45-4480-a1f1-d41cc2d38630@group-C6AEA7A4B82B, cid=4093, SUCCESS, logIndex=6747, commits[5d71e5de-6d45-4480-a1f1-d41cc2d38630:c6747]
2019-06-13 13:50:51,021 INFO  client.GrpcClientProtocolClient (GrpcClientProtocolClient.java:onNext(254)) - client-D47EFDF0E133->5d71e5de-6d45-4480-a1f1-d41cc2d38630: receive RaftClientReply:client-D47EFDF0E133->5d71e5de-6d45-4480-a1f1-d41cc2d38630@group-C6AEA7A4B82B, cid=4094, SUCCESS, logIndex=6749, commits[5d71e5de-6d45-4480-a1f1-d41cc2d38630:c6749]
2019-06-13 13:50:51,022 INFO  client.GrpcClientProtocolClient (GrpcClientProtocolClient.java:onNext(254)) - client-D47EFDF0E133->5d71e5de-6d45-4480-a1f1-d41cc2d38630: receive RaftClientReply:client-D47EFDF0E133->5d71e5de-6d45-4480-a1f1-d41cc2d38630@group-C6AEA7A4B82B, cid=4095, SUCCESS, logIndex=6750, commits[5d71e5de-6d45-4480-a1f1-d41cc2d38630:c6752]
2019-06-13 13:50:51,022 INFO  client.GrpcClientProtocolClient (GrpcClientProtocolClient.java:onNext(254)) - client-D47EFDF0E133->5d71e5de-6d45-4480-a1f1-d41cc2d38630: receive RaftClientReply:client-D47EFDF0E133->5d71e5de-6d45-4480-a1f1-d41cc2d38630@group-C6AEA7A4B82B, cid=4096, SUCCESS, logIndex=6751, commits[5d71e5de-6d45-4480-a1f1-d41cc2d38630:c6752]
2019-06-13 13:50:51,073 DEBUG block.SCMBlockDeletingService (SCMBlockDeletingService.java:call(138)) - Running DeletedBlockTransactionScanner
2019-06-13 13:50:51,073 DEBUG block.SCMBlockDeletingService (SCMBlockDeletingService.java:call(155)) - Scanned deleted blocks log and got 0 delTX to process.
2019-06-13 13:50:51,077 INFO  client.GrpcClientProtocolClient (GrpcClientProtocolClient.java:onNext(254)) - client-D47EFDF0E133->5d71e5de-6d45-4480-a1f1-d41cc2d38630: receive RaftClientReply:client-D47EFDF0E133->5d71e5de-6d45-4480-a1f1-d41cc2d38630@group-C6AEA7A4B82B, cid=4097, SUCCESS, logIndex=6753, commits[5d71e5de-6d45-4480-a1f1-d41cc2d38630:c6753]
2019-06-13 13:50:51,079 INFO  client.GrpcClientProtocolClient (GrpcClientProtocolClient.java:onNext(254)) - client-D47EFDF0E133->5d71e5de-6d45-4480-a1f1-d41cc2d38630: receive RaftClientReply:client-D47EFDF0E133->5d71e5de-6d45-4480-a1f1-d41cc2d38630@group-C6AEA7A4B82B, cid=4098, SUCCESS, logIndex=6755, commits[5d71e5de-6d45-4480-a1f1-d41cc2d38630:c6755]
2019-06-13 13:50:51,080 INFO  client.GrpcClientProtocolClient (GrpcClientProtocolClient.java:onNext(254)) - client-D47EFDF0E133->5d71e5de-6d45-4480-a1f1-d41cc2d38630: receive RaftClientReply:client-D47EFDF0E133->5d71e5de-6d45-4480-a1f1-d41cc2d38630@group-C6AEA7A4B82B, cid=4099, SUCCESS, logIndex=6756, commits[5d71e5de-6d45-4480-a1f1-d41cc2d38630:c6758]
2019-06-13 13:50:51,080 INFO  client.GrpcClientProtocolClient (GrpcClientProtocolClient.java:onNext(254)) - client-D47EFDF0E133->5d71e5de-6d45-4480-a1f1-d41cc2d38630: receive RaftClientReply:client-D47EFDF0E133->5d71e5de-6d45-4480-a1f1-d41cc2d38630@group-C6AEA7A4B82B, cid=4100, SUCCESS, logIndex=6757, commits[5d71e5de-6d45-4480-a1f1-d41cc2d38630:c6758]
2019-06-13 13:50:51,086 INFO  client.GrpcClientProtocolClient (GrpcClientProtocolClient.java:onNext(254)) - client-D47EFDF0E133->5d71e5de-6d45-4480-a1f1-d41cc2d38630: receive RaftClientReply:client-D47EFDF0E133->5d71e5de-6d45-4480-a1f1-d41cc2d38630@group-C6AEA7A4B82B, cid=4101, SUCCESS, logIndex=6759, commits[5d71e5de-6d45-4480-a1f1-d41cc2d38630:c6759]
2019-06-13 13:50:51,087 INFO  client.GrpcClientProtocolClient (GrpcClientProtocolClient.java:onNext(254)) - client-D47EFDF0E133->5d71e5de-6d45-4480-a1f1-d41cc2d38630: receive RaftClientReply:client-D47EFDF0E133->5d71e5de-6d45-4480-a1f1-d41cc2d38630@group-C6AEA7A4B82B, cid=4102, SUCCESS, logIndex=6761, commits[5d71e5de-6d45-4480-a1f1-d41cc2d38630:c6761]
2019-06-13 13:50:51,088 INFO  client.GrpcClientProtocolClient (GrpcClientProtocolClient.java:onNext(254)) - client-D47EFDF0E133->5d71e5de-6d45-4480-a1f1-d41cc2d38630: receive RaftClientReply:client-D47EFDF0E133->5d71e5de-6d45-4480-a1f1-d41cc2d38630@group-C6AEA7A4B82B, cid=4103, SUCCESS, logIndex=6762, commits[5d71e5de-6d45-4480-a1f1-d41cc2d38630:c6764]
2019-06-13 13:50:51,088 INFO  client.GrpcClientProtocolClient (GrpcClientProtocolClient.java:onNext(254)) - client-D47EFDF0E133->5d71e5de-6d45-4480-a1f1-d41cc2d38630: receive RaftClientReply:client-D47EFDF0E133->5d71e5de-6d45-4480-a1f1-d41cc2d38630@group-C6AEA7A4B82B, cid=4104, SUCCESS, logIndex=6763, commits[5d71e5de-6d45-4480-a1f1-d41cc2d38630:c6764]
2019-06-13 13:50:51,100 INFO  client.GrpcClientProtocolClient (GrpcClientProtocolClient.java:onNext(254)) - client-D47EFDF0E133->5d71e5de-6d45-4480-a1f1-d41cc2d38630: receive RaftClientReply:client-D47EFDF0E133->5d71e5de-6d45-4480-a1f1-d41cc2d38630@group-C6AEA7A4B82B, cid=4105, SUCCESS, logIndex=6765, commits[5d71e5de-6d45-4480-a1f1-d41cc2d38630:c6765]
2019-06-13 13:50:51,102 INFO  client.GrpcClientProtocolClient (GrpcClientProtocolClient.java:onNext(254)) - client-D47EFDF0E133->5d71e5de-6d45-4480-a1f1-d41cc2d38630: receive RaftClientReply:client-D47EFDF0E133->5d71e5de-6d45-4480-a1f1-d41cc2d38630@group-C6AEA7A4B82B, cid=4106, SUCCESS, logIndex=6767, commits[5d71e5de-6d45-4480-a1f1-d41cc2d38630:c6767]
2019-06-13 13:50:51,103 INFO  client.GrpcClientProtocolClient (GrpcClientProtocolClient.java:onNext(254)) - client-D47EFDF0E133->5d71e5de-6d45-4480-a1f1-d41cc2d38630: receive RaftClientReply:client-D47EFDF0E133->5d71e5de-6d45-4480-a1f1-d41cc2d38630@group-C6AEA7A4B82B, cid=4107, SUCCESS, logIndex=6768, commits[5d71e5de-6d45-4480-a1f1-d41cc2d38630:c6770]
2019-06-13 13:50:51,103 INFO  client.GrpcClientProtocolClient (GrpcClientProtocolClient.java:onNext(254)) - client-D47EFDF0E133->5d71e5de-6d45-4480-a1f1-d41cc2d38630: receive RaftClientReply:client-D47EFDF0E133->5d71e5de-6d45-4480-a1f1-d41cc2d38630@group-C6AEA7A4B82B, cid=4108, SUCCESS, logIndex=6769, commits[5d71e5de-6d45-4480-a1f1-d41cc2d38630:c6770]
2019-06-13 13:50:51,108 INFO  client.GrpcClientProtocolClient (GrpcClientProtocolClient.java:onNext(254)) - client-D47EFDF0E133->5d71e5de-6d45-4480-a1f1-d41cc2d38630: receive RaftClientReply:client-D47EFDF0E133->5d71e5de-6d45-4480-a1f1-d41cc2d38630@group-C6AEA7A4B82B, cid=4109, SUCCESS, logIndex=6771, commits[5d71e5de-6d45-4480-a1f1-d41cc2d38630:c6771]
2019-06-13 13:50:51,109 INFO  client.GrpcClientProtocolClient (GrpcClientProtocolClient.java:onNext(254)) - client-D47EFDF0E133->5d71e5de-6d45-4480-a1f1-d41cc2d38630: receive RaftClientReply:client-D47EFDF0E133->5d71e5de-6d45-4480-a1f1-d41cc2d38630@group-C6AEA7A4B82B, cid=4110, SUCCESS, logIndex=6773, commits[5d71e5de-6d45-4480-a1f1-d41cc2d38630:c6773]
2019-06-13 13:50:51,173 DEBUG block.SCMBlockDeletingService (SCMBlockDeletingService.java:call(138)) - Running DeletedBlockTransactionScanner
2019-06-13 13:50:51,174 DEBUG block.SCMBlockDeletingService (SCMBlockDeletingService.java:call(155)) - Scanned deleted blocks log and got 0 delTX to process.
2019-06-13 13:50:51,198 INFO  client.GrpcClientProtocolClient (GrpcClientProtocolClient.java:onNext(254)) - client-D47EFDF0E133->5d71e5de-6d45-4480-a1f1-d41cc2d38630: receive RaftClientReply:client-D47EFDF0E133->5d71e5de-6d45-4480-a1f1-d41cc2d38630@group-C6AEA7A4B82B, cid=4111, SUCCESS, logIndex=6775, commits[5d71e5de-6d45-4480-a1f1-d41cc2d38630:c6775]
2019-06-13 13:50:51,199 INFO  client.GrpcClientProtocolClient (GrpcClientProtocolClient.java:onNext(254)) - client-D47EFDF0E133->5d71e5de-6d45-4480-a1f1-d41cc2d38630: receive RaftClientReply:client-D47EFDF0E133->5d71e5de-6d45-4480-a1f1-d41cc2d38630@group-C6AEA7A4B82B, cid=4112, SUCCESS, logIndex=6777, commits[5d71e5de-6d45-4480-a1f1-d41cc2d38630:c6777]
2019-06-13 13:50:51,213 INFO  client.GrpcClientProtocolClient (GrpcClientProtocolClient.java:onNext(254)) - client-D47EFDF0E133->5d71e5de-6d45-4480-a1f1-d41cc2d38630: receive RaftClientReply:client-D47EFDF0E133->5d71e5de-6d45-4480-a1f1-d41cc2d38630@group-C6AEA7A4B82B, cid=4113, SUCCESS, logIndex=6779, commits[5d71e5de-6d45-4480-a1f1-d41cc2d38630:c6779]
2019-06-13 13:50:51,214 INFO  client.GrpcClientProtocolClient (GrpcClientProtocolClient.java:onNext(254)) - client-D47EFDF0E133->5d71e5de-6d45-4480-a1f1-d41cc2d38630: receive RaftClientReply:client-D47EFDF0E133->5d71e5de-6d45-4480-a1f1-d41cc2d38630@group-C6AEA7A4B82B, cid=4114, SUCCESS, logIndex=6781, commits[5d71e5de-6d45-4480-a1f1-d41cc2d38630:c6781]
2019-06-13 13:50:51,215 INFO  client.GrpcClientProtocolClient (GrpcClientProtocolClient.java:onNext(254)) - client-D47EFDF0E133->5d71e5de-6d45-4480-a1f1-d41cc2d38630: receive RaftClientReply:client-D47EFDF0E133->5d71e5de-6d45-4480-a1f1-d41cc2d38630@group-C6AEA7A4B82B, cid=4115, SUCCESS, logIndex=6782, commits[5d71e5de-6d45-4480-a1f1-d41cc2d38630:c6783]
2019-06-13 13:50:51,216 INFO  client.GrpcClientProtocolClient (GrpcClientProtocolClient.java:onNext(254)) - client-D47EFDF0E133->5d71e5de-6d45-4480-a1f1-d41cc2d38630: receive RaftClientReply:client-D47EFDF0E133->5d71e5de-6d45-4480-a1f1-d41cc2d38630@group-C6AEA7A4B82B, cid=4116, SUCCESS, logIndex=6784, commits[5d71e5de-6d45-4480-a1f1-d41cc2d38630:c6784]
2019-06-13 13:50:51,221 INFO  client.GrpcClientProtocolClient (GrpcClientProtocolClient.java:onNext(254)) - client-D47EFDF0E133->5d71e5de-6d45-4480-a1f1-d41cc2d38630: receive RaftClientReply:client-D47EFDF0E133->5d71e5de-6d45-4480-a1f1-d41cc2d38630@group-C6AEA7A4B82B, cid=4117, SUCCESS, logIndex=6786, commits[5d71e5de-6d45-4480-a1f1-d41cc2d38630:c6786]
2019-06-13 13:50:51,222 INFO  client.GrpcClientProtocolClient (GrpcClientProtocolClient.java:onNext(254)) - client-D47EFDF0E133->5d71e5de-6d45-4480-a1f1-d41cc2d38630: receive RaftClientReply:client-D47EFDF0E133->5d71e5de-6d45-4480-a1f1-d41cc2d38630@group-C6AEA7A4B82B, cid=4118, SUCCESS, logIndex=6788, commits[5d71e5de-6d45-4480-a1f1-d41cc2d38630:c6788]
2019-06-13 13:50:51,224 INFO  client.GrpcClientProtocolClient (GrpcClientProtocolClient.java:onNext(254)) - client-D47EFDF0E133->5d71e5de-6d45-4480-a1f1-d41cc2d38630: receive RaftClientReply:client-D47EFDF0E133->5d71e5de-6d45-4480-a1f1-d41cc2d38630@group-C6AEA7A4B82B, cid=4119, SUCCESS, logIndex=6789, commits[5d71e5de-6d45-4480-a1f1-d41cc2d38630:c6791]
2019-06-13 13:50:51,224 INFO  client.GrpcClientProtocolClient (GrpcClientProtocolClient.java:onNext(254)) - client-D47EFDF0E133->5d71e5de-6d45-4480-a1f1-d41cc2d38630: receive RaftClientReply:client-D47EFDF0E133->5d71e5de-6d45-4480-a1f1-d41cc2d38630@group-C6AEA7A4B82B, cid=4120, SUCCESS, logIndex=6790, commits[5d71e5de-6d45-4480-a1f1-d41cc2d38630:c6791]
2019-06-13 13:50:51,234 INFO  client.GrpcClientProtocolClient (GrpcClientProtocolClient.java:onNext(254)) - client-D47EFDF0E133->5d71e5de-6d45-4480-a1f1-d41cc2d38630: receive RaftClientReply:client-D47EFDF0E133->5d71e5de-6d45-4480-a1f1-d41cc2d38630@group-C6AEA7A4B82B, cid=4121, SUCCESS, logIndex=6792, commits[5d71e5de-6d45-4480-a1f1-d41cc2d38630:c6792]
2019-06-13 13:50:51,235 INFO  client.GrpcClientProtocolClient (GrpcClientProtocolClient.java:onNext(254)) - client-D47EFDF0E133->5d71e5de-6d45-4480-a1f1-d41cc2d38630: receive RaftClientReply:client-D47EFDF0E133->5d71e5de-6d45-4480-a1f1-d41cc2d38630@group-C6AEA7A4B82B, cid=4122, SUCCESS, logIndex=6794, commits[5d71e5de-6d45-4480-a1f1-d41cc2d38630:c6794]
2019-06-13 13:50:51,236 INFO  client.GrpcClientProtocolClient (GrpcClientProtocolClient.java:onNext(254)) - client-D47EFDF0E133->5d71e5de-6d45-4480-a1f1-d41cc2d38630: receive RaftClientReply:client-D47EFDF0E133->5d71e5de-6d45-4480-a1f1-d41cc2d38630@group-C6AEA7A4B82B, cid=4123, SUCCESS, logIndex=6795, commits[5d71e5de-6d45-4480-a1f1-d41cc2d38630:c6797]
2019-06-13 13:50:51,236 INFO  client.GrpcClientProtocolClient (GrpcClientProtocolClient.java:onNext(254)) - client-D47EFDF0E133->5d71e5de-6d45-4480-a1f1-d41cc2d38630: receive RaftClientReply:client-D47EFDF0E133->5d71e5de-6d45-4480-a1f1-d41cc2d38630@group-C6AEA7A4B82B, cid=4124, SUCCESS, logIndex=6796, commits[5d71e5de-6d45-4480-a1f1-d41cc2d38630:c6797]
2019-06-13 13:50:51,242 INFO  client.GrpcClientProtocolClient (GrpcClientProtocolClient.java:onNext(254)) - client-D47EFDF0E133->5d71e5de-6d45-4480-a1f1-d41cc2d38630: receive RaftClientReply:client-D47EFDF0E133->5d71e5de-6d45-4480-a1f1-d41cc2d38630@group-C6AEA7A4B82B, cid=4125, SUCCESS, logIndex=6798, commits[5d71e5de-6d45-4480-a1f1-d41cc2d38630:c6798]
2019-06-13 13:50:51,244 INFO  client.GrpcClientProtocolClient (GrpcClientProtocolClient.java:onNext(254)) - client-D47EFDF0E133->5d71e5de-6d45-4480-a1f1-d41cc2d38630: receive RaftClientReply:client-D47EFDF0E133->5d71e5de-6d45-4480-a1f1-d41cc2d38630@group-C6AEA7A4B82B, cid=4126, SUCCESS, logIndex=6800, commits[5d71e5de-6d45-4480-a1f1-d41cc2d38630:c6800]
2019-06-13 13:50:51,245 INFO  client.GrpcClientProtocolClient (GrpcClientProtocolClient.java:onNext(254)) - client-D47EFDF0E133->5d71e5de-6d45-4480-a1f1-d41cc2d38630: receive RaftClientReply:client-D47EFDF0E133->5d71e5de-6d45-4480-a1f1-d41cc2d38630@group-C6AEA7A4B82B, cid=4127, SUCCESS, logIndex=6801, commits[5d71e5de-6d45-4480-a1f1-d41cc2d38630:c6803]
2019-06-13 13:50:51,245 INFO  client.GrpcClientProtocolClient (GrpcClientProtocolClient.java:onNext(254)) - client-D47EFDF0E133->5d71e5de-6d45-4480-a1f1-d41cc2d38630: receive RaftClientReply:client-D47EFDF0E133->5d71e5de-6d45-4480-a1f1-d41cc2d38630@group-C6AEA7A4B82B, cid=4128, SUCCESS, logIndex=6802, commits[5d71e5de-6d45-4480-a1f1-d41cc2d38630:c6803]
2019-06-13 13:50:51,259 INFO  client.GrpcClientProtocolClient (GrpcClientProtocolClient.java:onNext(254)) - client-D47EFDF0E133->5d71e5de-6d45-4480-a1f1-d41cc2d38630: receive RaftClientReply:client-D47EFDF0E133->5d71e5de-6d45-4480-a1f1-d41cc2d38630@group-C6AEA7A4B82B, cid=4129, SUCCESS, logIndex=6804, commits[5d71e5de-6d45-4480-a1f1-d41cc2d38630:c6804]
2019-06-13 13:50:51,260 INFO  client.GrpcClientProtocolClient (GrpcClientProtocolClient.java:onNext(254)) - client-D47EFDF0E133->5d71e5de-6d45-4480-a1f1-d41cc2d38630: receive RaftClientReply:client-D47EFDF0E133->5d71e5de-6d45-4480-a1f1-d41cc2d38630@group-C6AEA7A4B82B, cid=4130, SUCCESS, logIndex=6806, commits[5d71e5de-6d45-4480-a1f1-d41cc2d38630:c6806]
2019-06-13 13:50:51,261 INFO  client.GrpcClientProtocolClient (GrpcClientProtocolClient.java:onNext(254)) - client-D47EFDF0E133->5d71e5de-6d45-4480-a1f1-d41cc2d38630: receive RaftClientReply:client-D47EFDF0E133->5d71e5de-6d45-4480-a1f1-d41cc2d38630@group-C6AEA7A4B82B, cid=4131, SUCCESS, logIndex=6807, commits[5d71e5de-6d45-4480-a1f1-d41cc2d38630:c6809]
2019-06-13 13:50:51,261 INFO  client.GrpcClientProtocolClient (GrpcClientProtocolClient.java:onNext(254)) - client-D47EFDF0E133->5d71e5de-6d45-4480-a1f1-d41cc2d38630: receive RaftClientReply:client-D47EFDF0E133->5d71e5de-6d45-4480-a1f1-d41cc2d38630@group-C6AEA7A4B82B, cid=4132, SUCCESS, logIndex=6808, commits[5d71e5de-6d45-4480-a1f1-d41cc2d38630:c6809]
2019-06-13 13:50:51,264 INFO  storage.RaftLogWorker (RaftLogWorker.java:rollLogSegment(303)) - 5d71e5de-6d45-4480-a1f1-d41cc2d38630-RaftLogWorker: Rolling segment log-6739_6809 to index:6809
2019-06-13 13:50:51,264 INFO  storage.RaftLogWorker (RaftLogWorker.java:execute(433)) - 5d71e5de-6d45-4480-a1f1-d41cc2d38630-RaftLogWorker: Rolled log segment from /opt/src/hadoop-ozone/integration-test/target/test-dir/MiniOzoneClusterImpl-c05bfa39-b333-4767-bc96-5a78f3430938/datanode-0/data/ratis/3aee30eb-3db1-472a-b851-c6aea7a4b82b/current/log_inprogress_6739 to /opt/src/hadoop-ozone/integration-test/target/test-dir/MiniOzoneClusterImpl-c05bfa39-b333-4767-bc96-5a78f3430938/datanode-0/data/ratis/3aee30eb-3db1-472a-b851-c6aea7a4b82b/current/log_6739-6809
2019-06-13 13:50:51,274 DEBUG block.SCMBlockDeletingService (SCMBlockDeletingService.java:call(138)) - Running DeletedBlockTransactionScanner
2019-06-13 13:50:51,274 DEBUG block.SCMBlockDeletingService (SCMBlockDeletingService.java:call(155)) - Scanned deleted blocks log and got 0 delTX to process.
2019-06-13 13:50:51,303 INFO  storage.RaftLogWorker (RaftLogWorker.java:execute(469)) - 5d71e5de-6d45-4480-a1f1-d41cc2d38630-RaftLogWorker: created new log segment /opt/src/hadoop-ozone/integration-test/target/test-dir/MiniOzoneClusterImpl-c05bfa39-b333-4767-bc96-5a78f3430938/datanode-0/data/ratis/3aee30eb-3db1-472a-b851-c6aea7a4b82b/current/log_inprogress_6810
2019-06-13 13:50:51,304 INFO  client.GrpcClientProtocolClient (GrpcClientProtocolClient.java:onNext(254)) - client-D47EFDF0E133->5d71e5de-6d45-4480-a1f1-d41cc2d38630: receive RaftClientReply:client-D47EFDF0E133->5d71e5de-6d45-4480-a1f1-d41cc2d38630@group-C6AEA7A4B82B, cid=4133, SUCCESS, logIndex=6810, commits[5d71e5de-6d45-4480-a1f1-d41cc2d38630:c6810]
2019-06-13 13:50:51,305 INFO  client.GrpcClientProtocolClient (GrpcClientProtocolClient.java:onNext(254)) - client-D47EFDF0E133->5d71e5de-6d45-4480-a1f1-d41cc2d38630: receive RaftClientReply:client-D47EFDF0E133->5d71e5de-6d45-4480-a1f1-d41cc2d38630@group-C6AEA7A4B82B, cid=4134, SUCCESS, logIndex=6812, commits[5d71e5de-6d45-4480-a1f1-d41cc2d38630:c6812]
2019-06-13 13:50:51,307 INFO  client.GrpcClientProtocolClient (GrpcClientProtocolClient.java:onNext(254)) - client-D47EFDF0E133->5d71e5de-6d45-4480-a1f1-d41cc2d38630: receive RaftClientReply:client-D47EFDF0E133->5d71e5de-6d45-4480-a1f1-d41cc2d38630@group-C6AEA7A4B82B, cid=4135, SUCCESS, logIndex=6813, commits[5d71e5de-6d45-4480-a1f1-d41cc2d38630:c6815]
2019-06-13 13:50:51,307 INFO  client.GrpcClientProtocolClient (GrpcClientProtocolClient.java:onNext(254)) - client-D47EFDF0E133->5d71e5de-6d45-4480-a1f1-d41cc2d38630: receive RaftClientReply:client-D47EFDF0E133->5d71e5de-6d45-4480-a1f1-d41cc2d38630@group-C6AEA7A4B82B, cid=4136, SUCCESS, logIndex=6814, commits[5d71e5de-6d45-4480-a1f1-d41cc2d38630:c6815]
2019-06-13 13:50:51,317 INFO  client.GrpcClientProtocolClient (GrpcClientProtocolClient.java:onNext(254)) - client-D47EFDF0E133->5d71e5de-6d45-4480-a1f1-d41cc2d38630: receive RaftClientReply:client-D47EFDF0E133->5d71e5de-6d45-4480-a1f1-d41cc2d38630@group-C6AEA7A4B82B, cid=4137, SUCCESS, logIndex=6816, commits[5d71e5de-6d45-4480-a1f1-d41cc2d38630:c6816]
2019-06-13 13:50:51,318 INFO  client.GrpcClientProtocolClient (GrpcClientProtocolClient.java:onNext(254)) - client-D47EFDF0E133->5d71e5de-6d45-4480-a1f1-d41cc2d38630: receive RaftClientReply:client-D47EFDF0E133->5d71e5de-6d45-4480-a1f1-d41cc2d38630@group-C6AEA7A4B82B, cid=4138, SUCCESS, logIndex=6818, commits[5d71e5de-6d45-4480-a1f1-d41cc2d38630:c6818]
2019-06-13 13:50:51,320 INFO  client.GrpcClientProtocolClient (GrpcClientProtocolClient.java:onNext(254)) - client-D47EFDF0E133->5d71e5de-6d45-4480-a1f1-d41cc2d38630: receive RaftClientReply:client-D47EFDF0E133->5d71e5de-6d45-4480-a1f1-d41cc2d38630@group-C6AEA7A4B82B, cid=4139, SUCCESS, logIndex=6819, commits[5d71e5de-6d45-4480-a1f1-d41cc2d38630:c6821]
2019-06-13 13:50:51,320 INFO  client.GrpcClientProtocolClient (GrpcClientProtocolClient.java:onNext(254)) - client-D47EFDF0E133->5d71e5de-6d45-4480-a1f1-d41cc2d38630: receive RaftClientReply:client-D47EFDF0E133->5d71e5de-6d45-4480-a1f1-d41cc2d38630@group-C6AEA7A4B82B, cid=4140, SUCCESS, logIndex=6820, commits[5d71e5de-6d45-4480-a1f1-d41cc2d38630:c6821]
2019-06-13 13:50:51,324 INFO  client.GrpcClientProtocolClient (GrpcClientProtocolClient.java:onNext(254)) - client-D47EFDF0E133->5d71e5de-6d45-4480-a1f1-d41cc2d38630: receive RaftClientReply:client-D47EFDF0E133->5d71e5de-6d45-4480-a1f1-d41cc2d38630@group-C6AEA7A4B82B, cid=4141, SUCCESS, logIndex=6822, commits[5d71e5de-6d45-4480-a1f1-d41cc2d38630:c6822]
2019-06-13 13:50:51,325 INFO  client.GrpcClientProtocolClient (GrpcClientProtocolClient.java:onNext(254)) - client-D47EFDF0E133->5d71e5de-6d45-4480-a1f1-d41cc2d38630: receive RaftClientReply:client-D47EFDF0E133->5d71e5de-6d45-4480-a1f1-d41cc2d38630@group-C6AEA7A4B82B, cid=4142, SUCCESS, logIndex=6824, commits[5d71e5de-6d45-4480-a1f1-d41cc2d38630:c6824]
2019-06-13 13:50:51,327 INFO  client.GrpcClientProtocolClient (GrpcClientProtocolClient.java:onNext(254)) - client-D47EFDF0E133->5d71e5de-6d45-4480-a1f1-d41cc2d38630: receive RaftClientReply:client-D47EFDF0E133->5d71e5de-6d45-4480-a1f1-d41cc2d38630@group-C6AEA7A4B82B, cid=4143, SUCCESS, logIndex=6825, commits[5d71e5de-6d45-4480-a1f1-d41cc2d38630:c6827]
2019-06-13 13:50:51,327 INFO  client.GrpcClientProtocolClient (GrpcClientProtocolClient.java:onNext(254)) - client-D47EFDF0E133->5d71e5de-6d45-4480-a1f1-d41cc2d38630: receive RaftClientReply:client-D47EFDF0E133->5d71e5de-6d45-4480-a1f1-d41cc2d38630@group-C6AEA7A4B82B, cid=4144, SUCCESS, logIndex=6826, commits[5d71e5de-6d45-4480-a1f1-d41cc2d38630:c6827]
2019-06-13 13:50:51,337 INFO  client.GrpcClientProtocolClient (GrpcClientProtocolClient.java:onNext(254)) - client-D47EFDF0E133->5d71e5de-6d45-4480-a1f1-d41cc2d38630: receive RaftClientReply:client-D47EFDF0E133->5d71e5de-6d45-4480-a1f1-d41cc2d38630@group-C6AEA7A4B82B, cid=4145, SUCCESS, logIndex=6828, commits[5d71e5de-6d45-4480-a1f1-d41cc2d38630:c6828]
2019-06-13 13:50:51,338 INFO  client.GrpcClientProtocolClient (GrpcClientProtocolClient.java:onNext(254)) - client-D47EFDF0E133->5d71e5de-6d45-4480-a1f1-d41cc2d38630: receive RaftClientReply:client-D47EFDF0E133->5d71e5de-6d45-4480-a1f1-d41cc2d38630@group-C6AEA7A4B82B, cid=4146, SUCCESS, logIndex=6830, commits[5d71e5de-6d45-4480-a1f1-d41cc2d38630:c6830]
2019-06-13 13:50:51,339 INFO  client.GrpcClientProtocolClient (GrpcClientProtocolClient.java:onNext(254)) - client-D47EFDF0E133->5d71e5de-6d45-4480-a1f1-d41cc2d38630: receive RaftClientReply:client-D47EFDF0E133->5d71e5de-6d45-4480-a1f1-d41cc2d38630@group-C6AEA7A4B82B, cid=4147, SUCCESS, logIndex=6831, commits[5d71e5de-6d45-4480-a1f1-d41cc2d38630:c6833]
2019-06-13 13:50:51,339 INFO  client.GrpcClientProtocolClient (GrpcClientProtocolClient.java:onNext(254)) - client-D47EFDF0E133->5d71e5de-6d45-4480-a1f1-d41cc2d38630: receive RaftClientReply:client-D47EFDF0E133->5d71e5de-6d45-4480-a1f1-d41cc2d38630@group-C6AEA7A4B82B, cid=4148, SUCCESS, logIndex=6832, commits[5d71e5de-6d45-4480-a1f1-d41cc2d38630:c6833]
2019-06-13 13:50:51,344 INFO  client.GrpcClientProtocolClient (GrpcClientProtocolClient.java:onNext(254)) - client-D47EFDF0E133->5d71e5de-6d45-4480-a1f1-d41cc2d38630: receive RaftClientReply:client-D47EFDF0E133->5d71e5de-6d45-4480-a1f1-d41cc2d38630@group-C6AEA7A4B82B, cid=4149, SUCCESS, logIndex=6834, commits[5d71e5de-6d45-4480-a1f1-d41cc2d38630:c6834]
2019-06-13 13:50:51,345 INFO  client.GrpcClientProtocolClient (GrpcClientProtocolClient.java:onNext(254)) - client-D47EFDF0E133->5d71e5de-6d45-4480-a1f1-d41cc2d38630: receive RaftClientReply:client-D47EFDF0E133->5d71e5de-6d45-4480-a1f1-d41cc2d38630@group-C6AEA7A4B82B, cid=4150, SUCCESS, logIndex=6836, commits[5d71e5de-6d45-4480-a1f1-d41cc2d38630:c6836]
2019-06-13 13:50:51,346 INFO  client.GrpcClientProtocolClient (GrpcClientProtocolClient.java:onNext(254)) - client-D47EFDF0E133->5d71e5de-6d45-4480-a1f1-d41cc2d38630: receive RaftClientReply:client-D47EFDF0E133->5d71e5de-6d45-4480-a1f1-d41cc2d38630@group-C6AEA7A4B82B, cid=4151, SUCCESS, logIndex=6837, commits[5d71e5de-6d45-4480-a1f1-d41cc2d38630:c6839]
2019-06-13 13:50:51,346 INFO  client.GrpcClientProtocolClient (GrpcClientProtocolClient.java:onNext(254)) - client-D47EFDF0E133->5d71e5de-6d45-4480-a1f1-d41cc2d38630: receive RaftClientReply:client-D47EFDF0E133->5d71e5de-6d45-4480-a1f1-d41cc2d38630@group-C6AEA7A4B82B, cid=4152, SUCCESS, logIndex=6838, commits[5d71e5de-6d45-4480-a1f1-d41cc2d38630:c6839]
2019-06-13 13:50:51,356 INFO  client.GrpcClientProtocolClient (GrpcClientProtocolClient.java:onNext(254)) - client-D47EFDF0E133->5d71e5de-6d45-4480-a1f1-d41cc2d38630: receive RaftClientReply:client-D47EFDF0E133->5d71e5de-6d45-4480-a1f1-d41cc2d38630@group-C6AEA7A4B82B, cid=4153, SUCCESS, logIndex=6840, commits[5d71e5de-6d45-4480-a1f1-d41cc2d38630:c6840]
2019-06-13 13:50:51,366 INFO  client.GrpcClientProtocolClient (GrpcClientProtocolClient.java:onNext(254)) - client-D47EFDF0E133->5d71e5de-6d45-4480-a1f1-d41cc2d38630: receive RaftClientReply:client-D47EFDF0E133->5d71e5de-6d45-4480-a1f1-d41cc2d38630@group-C6AEA7A4B82B, cid=4154, SUCCESS, logIndex=6842, commits[5d71e5de-6d45-4480-a1f1-d41cc2d38630:c6842]
2019-06-13 13:50:51,374 DEBUG block.SCMBlockDeletingService (SCMBlockDeletingService.java:call(138)) - Running DeletedBlockTransactionScanner
2019-06-13 13:50:51,374 DEBUG block.SCMBlockDeletingService (SCMBlockDeletingService.java:call(155)) - Scanned deleted blocks log and got 0 delTX to process.
2019-06-13 13:50:51,433 INFO  client.GrpcClientProtocolClient (GrpcClientProtocolClient.java:onNext(254)) - client-D47EFDF0E133->5d71e5de-6d45-4480-a1f1-d41cc2d38630: receive RaftClientReply:client-D47EFDF0E133->5d71e5de-6d45-4480-a1f1-d41cc2d38630@group-C6AEA7A4B82B, cid=4155, SUCCESS, logIndex=6844, commits[5d71e5de-6d45-4480-a1f1-d41cc2d38630:c6844]
2019-06-13 13:50:51,434 INFO  client.GrpcClientProtocolClient (GrpcClientProtocolClient.java:onNext(254)) - client-D47EFDF0E133->5d71e5de-6d45-4480-a1f1-d41cc2d38630: receive RaftClientReply:client-D47EFDF0E133->5d71e5de-6d45-4480-a1f1-d41cc2d38630@group-C6AEA7A4B82B, cid=4156, SUCCESS, logIndex=6846, commits[5d71e5de-6d45-4480-a1f1-d41cc2d38630:c6846]
2019-06-13 13:50:51,440 INFO  client.GrpcClientProtocolClient (GrpcClientProtocolClient.java:onNext(254)) - client-D47EFDF0E133->5d71e5de-6d45-4480-a1f1-d41cc2d38630: receive RaftClientReply:client-D47EFDF0E133->5d71e5de-6d45-4480-a1f1-d41cc2d38630@group-C6AEA7A4B82B, cid=4157, SUCCESS, logIndex=6848, commits[5d71e5de-6d45-4480-a1f1-d41cc2d38630:c6848]
2019-06-13 13:50:51,441 INFO  client.GrpcClientProtocolClient (GrpcClientProtocolClient.java:onNext(254)) - client-D47EFDF0E133->5d71e5de-6d45-4480-a1f1-d41cc2d38630: receive RaftClientReply:client-D47EFDF0E133->5d71e5de-6d45-4480-a1f1-d41cc2d38630@group-C6AEA7A4B82B, cid=4158, SUCCESS, logIndex=6850, commits[5d71e5de-6d45-4480-a1f1-d41cc2d38630:c6850]
2019-06-13 13:50:51,442 INFO  client.GrpcClientProtocolClient (GrpcClientProtocolClient.java:onNext(254)) - client-D47EFDF0E133->5d71e5de-6d45-4480-a1f1-d41cc2d38630: receive RaftClientReply:client-D47EFDF0E133->5d71e5de-6d45-4480-a1f1-d41cc2d38630@group-C6AEA7A4B82B, cid=4159, SUCCESS, logIndex=6851, commits[5d71e5de-6d45-4480-a1f1-d41cc2d38630:c6853]
2019-06-13 13:50:51,442 INFO  client.GrpcClientProtocolClient (GrpcClientProtocolClient.java:onNext(254)) - client-D47EFDF0E133->5d71e5de-6d45-4480-a1f1-d41cc2d38630: receive RaftClientReply:client-D47EFDF0E133->5d71e5de-6d45-4480-a1f1-d41cc2d38630@group-C6AEA7A4B82B, cid=4160, SUCCESS, logIndex=6852, commits[5d71e5de-6d45-4480-a1f1-d41cc2d38630:c6853]
2019-06-13 13:50:51,452 INFO  client.GrpcClientProtocolClient (GrpcClientProtocolClient.java:onNext(254)) - client-D47EFDF0E133->5d71e5de-6d45-4480-a1f1-d41cc2d38630: receive RaftClientReply:client-D47EFDF0E133->5d71e5de-6d45-4480-a1f1-d41cc2d38630@group-C6AEA7A4B82B, cid=4161, SUCCESS, logIndex=6854, commits[5d71e5de-6d45-4480-a1f1-d41cc2d38630:c6854]
2019-06-13 13:50:51,453 INFO  client.GrpcClientProtocolClient (GrpcClientProtocolClient.java:onNext(254)) - client-D47EFDF0E133->5d71e5de-6d45-4480-a1f1-d41cc2d38630: receive RaftClientReply:client-D47EFDF0E133->5d71e5de-6d45-4480-a1f1-d41cc2d38630@group-C6AEA7A4B82B, cid=4162, SUCCESS, logIndex=6856, commits[5d71e5de-6d45-4480-a1f1-d41cc2d38630:c6856]
2019-06-13 13:50:51,454 INFO  client.GrpcClientProtocolClient (GrpcClientProtocolClient.java:onNext(254)) - client-D47EFDF0E133->5d71e5de-6d45-4480-a1f1-d41cc2d38630: receive RaftClientReply:client-D47EFDF0E133->5d71e5de-6d45-4480-a1f1-d41cc2d38630@group-C6AEA7A4B82B, cid=4163, SUCCESS, logIndex=6857, commits[5d71e5de-6d45-4480-a1f1-d41cc2d38630:c6859]
2019-06-13 13:50:51,454 INFO  client.GrpcClientProtocolClient (GrpcClientProtocolClient.java:onNext(254)) - client-D47EFDF0E133->5d71e5de-6d45-4480-a1f1-d41cc2d38630: receive RaftClientReply:client-D47EFDF0E133->5d71e5de-6d45-4480-a1f1-d41cc2d38630@group-C6AEA7A4B82B, cid=4164, SUCCESS, logIndex=6858, commits[5d71e5de-6d45-4480-a1f1-d41cc2d38630:c6859]
2019-06-13 13:50:51,459 INFO  client.GrpcClientProtocolClient (GrpcClientProtocolClient.java:onNext(254)) - client-D47EFDF0E133->5d71e5de-6d45-4480-a1f1-d41cc2d38630: receive RaftClientReply:client-D47EFDF0E133->5d71e5de-6d45-4480-a1f1-d41cc2d38630@group-C6AEA7A4B82B, cid=4165, SUCCESS, logIndex=6860, commits[5d71e5de-6d45-4480-a1f1-d41cc2d38630:c6860]
2019-06-13 13:50:51,460 INFO  client.GrpcClientProtocolClient (GrpcClientProtocolClient.java:onNext(254)) - client-D47EFDF0E133->5d71e5de-6d45-4480-a1f1-d41cc2d38630: receive RaftClientReply:client-D47EFDF0E133->5d71e5de-6d45-4480-a1f1-d41cc2d38630@group-C6AEA7A4B82B, cid=4166, SUCCESS, logIndex=6862, commits[5d71e5de-6d45-4480-a1f1-d41cc2d38630:c6862]
2019-06-13 13:50:51,461 INFO  client.GrpcClientProtocolClient (GrpcClientProtocolClient.java:onNext(254)) - client-D47EFDF0E133->5d71e5de-6d45-4480-a1f1-d41cc2d38630: receive RaftClientReply:client-D47EFDF0E133->5d71e5de-6d45-4480-a1f1-d41cc2d38630@group-C6AEA7A4B82B, cid=4167, SUCCESS, logIndex=6863, commits[5d71e5de-6d45-4480-a1f1-d41cc2d38630:c6865]
2019-06-13 13:50:51,461 INFO  client.GrpcClientProtocolClient (GrpcClientProtocolClient.java:onNext(254)) - client-D47EFDF0E133->5d71e5de-6d45-4480-a1f1-d41cc2d38630: receive RaftClientReply:client-D47EFDF0E133->5d71e5de-6d45-4480-a1f1-d41cc2d38630@group-C6AEA7A4B82B, cid=4168, SUCCESS, logIndex=6864, commits[5d71e5de-6d45-4480-a1f1-d41cc2d38630:c6865]
2019-06-13 13:50:51,471 INFO  client.GrpcClientProtocolClient (GrpcClientProtocolClient.java:onNext(254)) - client-D47EFDF0E133->5d71e5de-6d45-4480-a1f1-d41cc2d38630: receive RaftClientReply:client-D47EFDF0E133->5d71e5de-6d45-4480-a1f1-d41cc2d38630@group-C6AEA7A4B82B, cid=4169, SUCCESS, logIndex=6866, commits[5d71e5de-6d45-4480-a1f1-d41cc2d38630:c6866]
2019-06-13 13:50:51,473 INFO  client.GrpcClientProtocolClient (GrpcClientProtocolClient.java:onNext(254)) - client-D47EFDF0E133->5d71e5de-6d45-4480-a1f1-d41cc2d38630: receive RaftClientReply:client-D47EFDF0E133->5d71e5de-6d45-4480-a1f1-d41cc2d38630@group-C6AEA7A4B82B, cid=4170, SUCCESS, logIndex=6868, commits[5d71e5de-6d45-4480-a1f1-d41cc2d38630:c6868]
2019-06-13 13:50:51,474 INFO  client.GrpcClientProtocolClient (GrpcClientProtocolClient.java:onNext(254)) - client-D47EFDF0E133->5d71e5de-6d45-4480-a1f1-d41cc2d38630: receive RaftClientReply:client-D47EFDF0E133->5d71e5de-6d45-4480-a1f1-d41cc2d38630@group-C6AEA7A4B82B, cid=4171, SUCCESS, logIndex=6869, commits[5d71e5de-6d45-4480-a1f1-d41cc2d38630:c6871]
2019-06-13 13:50:51,475 INFO  client.GrpcClientProtocolClient (GrpcClientProtocolClient.java:onNext(254)) - client-D47EFDF0E133->5d71e5de-6d45-4480-a1f1-d41cc2d38630: receive RaftClientReply:client-D47EFDF0E133->5d71e5de-6d45-4480-a1f1-d41cc2d38630@group-C6AEA7A4B82B, cid=4172, SUCCESS, logIndex=6870, commits[5d71e5de-6d45-4480-a1f1-d41cc2d38630:c6871]
2019-06-13 13:50:51,475 DEBUG block.SCMBlockDeletingService (SCMBlockDeletingService.java:call(138)) - Running DeletedBlockTransactionScanner
2019-06-13 13:50:51,475 DEBUG block.SCMBlockDeletingService (SCMBlockDeletingService.java:call(155)) - Scanned deleted blocks log and got 0 delTX to process.
2019-06-13 13:50:51,518 INFO  client.GrpcClientProtocolClient (GrpcClientProtocolClient.java:onNext(254)) - client-D47EFDF0E133->5d71e5de-6d45-4480-a1f1-d41cc2d38630: receive RaftClientReply:client-D47EFDF0E133->5d71e5de-6d45-4480-a1f1-d41cc2d38630@group-C6AEA7A4B82B, cid=4173, SUCCESS, logIndex=6872, commits[5d71e5de-6d45-4480-a1f1-d41cc2d38630:c6872]
2019-06-13 13:50:51,519 INFO  storage.RaftLogWorker (RaftLogWorker.java:rollLogSegment(303)) - 5d71e5de-6d45-4480-a1f1-d41cc2d38630-RaftLogWorker: Rolling segment log-6810_6875 to index:6875
2019-06-13 13:50:51,520 INFO  storage.RaftLogWorker (RaftLogWorker.java:execute(433)) - 5d71e5de-6d45-4480-a1f1-d41cc2d38630-RaftLogWorker: Rolled log segment from /opt/src/hadoop-ozone/integration-test/target/test-dir/MiniOzoneClusterImpl-c05bfa39-b333-4767-bc96-5a78f3430938/datanode-0/data/ratis/3aee30eb-3db1-472a-b851-c6aea7a4b82b/current/log_inprogress_6810 to /opt/src/hadoop-ozone/integration-test/target/test-dir/MiniOzoneClusterImpl-c05bfa39-b333-4767-bc96-5a78f3430938/datanode-0/data/ratis/3aee30eb-3db1-472a-b851-c6aea7a4b82b/current/log_6810-6875
2019-06-13 13:50:51,522 INFO  client.GrpcClientProtocolClient (GrpcClientProtocolClient.java:onNext(254)) - client-D47EFDF0E133->5d71e5de-6d45-4480-a1f1-d41cc2d38630: receive RaftClientReply:client-D47EFDF0E133->5d71e5de-6d45-4480-a1f1-d41cc2d38630@group-C6AEA7A4B82B, cid=4174, SUCCESS, logIndex=6874, commits[5d71e5de-6d45-4480-a1f1-d41cc2d38630:c6875]
2019-06-13 13:50:51,528 INFO  client.GrpcClientProtocolClient (GrpcClientProtocolClient.java:onNext(254)) - client-D47EFDF0E133->5d71e5de-6d45-4480-a1f1-d41cc2d38630: receive RaftClientReply:client-D47EFDF0E133->5d71e5de-6d45-4480-a1f1-d41cc2d38630@group-C6AEA7A4B82B, cid=4175, SUCCESS, logIndex=6875, commits[5d71e5de-6d45-4480-a1f1-d41cc2d38630:c6875]
2019-06-13 13:50:51,556 INFO  storage.RaftLogWorker (RaftLogWorker.java:execute(469)) - 5d71e5de-6d45-4480-a1f1-d41cc2d38630-RaftLogWorker: created new log segment /opt/src/hadoop-ozone/integration-test/target/test-dir/MiniOzoneClusterImpl-c05bfa39-b333-4767-bc96-5a78f3430938/datanode-0/data/ratis/3aee30eb-3db1-472a-b851-c6aea7a4b82b/current/log_inprogress_6876
2019-06-13 13:50:51,557 INFO  client.GrpcClientProtocolClient (GrpcClientProtocolClient.java:onNext(254)) - client-D47EFDF0E133->5d71e5de-6d45-4480-a1f1-d41cc2d38630: receive RaftClientReply:client-D47EFDF0E133->5d71e5de-6d45-4480-a1f1-d41cc2d38630@group-C6AEA7A4B82B, cid=4176, SUCCESS, logIndex=6876, commits[5d71e5de-6d45-4480-a1f1-d41cc2d38630:c6877]
2019-06-13 13:50:51,568 INFO  client.GrpcClientProtocolClient (GrpcClientProtocolClient.java:onNext(254)) - client-D47EFDF0E133->5d71e5de-6d45-4480-a1f1-d41cc2d38630: receive RaftClientReply:client-D47EFDF0E133->5d71e5de-6d45-4480-a1f1-d41cc2d38630@group-C6AEA7A4B82B, cid=4177, SUCCESS, logIndex=6878, commits[5d71e5de-6d45-4480-a1f1-d41cc2d38630:c6878]
2019-06-13 13:50:51,569 INFO  client.GrpcClientProtocolClient (GrpcClientProtocolClient.java:onNext(254)) - client-D47EFDF0E133->5d71e5de-6d45-4480-a1f1-d41cc2d38630: receive RaftClientReply:client-D47EFDF0E133->5d71e5de-6d45-4480-a1f1-d41cc2d38630@group-C6AEA7A4B82B, cid=4178, SUCCESS, logIndex=6880, commits[5d71e5de-6d45-4480-a1f1-d41cc2d38630:c6880]
2019-06-13 13:50:51,571 INFO  client.GrpcClientProtocolClient (GrpcClientProtocolClient.java:onNext(254)) - client-D47EFDF0E133->5d71e5de-6d45-4480-a1f1-d41cc2d38630: receive RaftClientReply:client-D47EFDF0E133->5d71e5de-6d45-4480-a1f1-d41cc2d38630@group-C6AEA7A4B82B, cid=4179, SUCCESS, logIndex=6881, commits[5d71e5de-6d45-4480-a1f1-d41cc2d38630:c6883]
2019-06-13 13:50:51,571 INFO  client.GrpcClientProtocolClient (GrpcClientProtocolClient.java:onNext(254)) - client-D47EFDF0E133->5d71e5de-6d45-4480-a1f1-d41cc2d38630: receive RaftClientReply:client-D47EFDF0E133->5d71e5de-6d45-4480-a1f1-d41cc2d38630@group-C6AEA7A4B82B, cid=4180, SUCCESS, logIndex=6882, commits[5d71e5de-6d45-4480-a1f1-d41cc2d38630:c6883]
2019-06-13 13:50:51,576 DEBUG block.SCMBlockDeletingService (SCMBlockDeletingService.java:call(138)) - Running DeletedBlockTransactionScanner
2019-06-13 13:50:51,576 DEBUG block.SCMBlockDeletingService (SCMBlockDeletingService.java:call(155)) - Scanned deleted blocks log and got 0 delTX to process.
2019-06-13 13:50:51,576 INFO  client.GrpcClientProtocolClient (GrpcClientProtocolClient.java:onNext(254)) - client-D47EFDF0E133->5d71e5de-6d45-4480-a1f1-d41cc2d38630: receive RaftClientReply:client-D47EFDF0E133->5d71e5de-6d45-4480-a1f1-d41cc2d38630@group-C6AEA7A4B82B, cid=4181, SUCCESS, logIndex=6884, commits[5d71e5de-6d45-4480-a1f1-d41cc2d38630:c6884]
2019-06-13 13:50:51,577 INFO  client.GrpcClientProtocolClient (GrpcClientProtocolClient.java:onNext(254)) - client-D47EFDF0E133->5d71e5de-6d45-4480-a1f1-d41cc2d38630: receive RaftClientReply:client-D47EFDF0E133->5d71e5de-6d45-4480-a1f1-d41cc2d38630@group-C6AEA7A4B82B, cid=4182, SUCCESS, logIndex=6886, commits[5d71e5de-6d45-4480-a1f1-d41cc2d38630:c6886]
2019-06-13 13:50:51,578 INFO  client.GrpcClientProtocolClient (GrpcClientProtocolClient.java:onNext(254)) - client-D47EFDF0E133->5d71e5de-6d45-4480-a1f1-d41cc2d38630: receive RaftClientReply:client-D47EFDF0E133->5d71e5de-6d45-4480-a1f1-d41cc2d38630@group-C6AEA7A4B82B, cid=4183, SUCCESS, logIndex=6887, commits[5d71e5de-6d45-4480-a1f1-d41cc2d38630:c6889]
2019-06-13 13:50:51,578 INFO  client.GrpcClientProtocolClient (GrpcClientProtocolClient.java:onNext(254)) - client-D47EFDF0E133->5d71e5de-6d45-4480-a1f1-d41cc2d38630: receive RaftClientReply:client-D47EFDF0E133->5d71e5de-6d45-4480-a1f1-d41cc2d38630@group-C6AEA7A4B82B, cid=4184, SUCCESS, logIndex=6888, commits[5d71e5de-6d45-4480-a1f1-d41cc2d38630:c6889]
2019-06-13 13:50:51,588 INFO  client.GrpcClientProtocolClient (GrpcClientProtocolClient.java:onNext(254)) - client-D47EFDF0E133->5d71e5de-6d45-4480-a1f1-d41cc2d38630: receive RaftClientReply:client-D47EFDF0E133->5d71e5de-6d45-4480-a1f1-d41cc2d38630@group-C6AEA7A4B82B, cid=4185, SUCCESS, logIndex=6890, commits[5d71e5de-6d45-4480-a1f1-d41cc2d38630:c6890]
2019-06-13 13:50:51,589 INFO  client.GrpcClientProtocolClient (GrpcClientProtocolClient.java:onNext(254)) - client-D47EFDF0E133->5d71e5de-6d45-4480-a1f1-d41cc2d38630: receive RaftClientReply:client-D47EFDF0E133->5d71e5de-6d45-4480-a1f1-d41cc2d38630@group-C6AEA7A4B82B, cid=4186, SUCCESS, logIndex=6892, commits[5d71e5de-6d45-4480-a1f1-d41cc2d38630:c6892]
2019-06-13 13:50:51,590 INFO  client.GrpcClientProtocolClient (GrpcClientProtocolClient.java:onNext(254)) - client-D47EFDF0E133->5d71e5de-6d45-4480-a1f1-d41cc2d38630: receive RaftClientReply:client-D47EFDF0E133->5d71e5de-6d45-4480-a1f1-d41cc2d38630@group-C6AEA7A4B82B, cid=4187, SUCCESS, logIndex=6893, commits[5d71e5de-6d45-4480-a1f1-d41cc2d38630:c6895]
2019-06-13 13:50:51,590 INFO  client.GrpcClientProtocolClient (GrpcClientProtocolClient.java:onNext(254)) - client-D47EFDF0E133->5d71e5de-6d45-4480-a1f1-d41cc2d38630: receive RaftClientReply:client-D47EFDF0E133->5d71e5de-6d45-4480-a1f1-d41cc2d38630@group-C6AEA7A4B82B, cid=4188, SUCCESS, logIndex=6894, commits[5d71e5de-6d45-4480-a1f1-d41cc2d38630:c6895]
2019-06-13 13:50:51,596 INFO  client.GrpcClientProtocolClient (GrpcClientProtocolClient.java:onNext(254)) - client-D47EFDF0E133->5d71e5de-6d45-4480-a1f1-d41cc2d38630: receive RaftClientReply:client-D47EFDF0E133->5d71e5de-6d45-4480-a1f1-d41cc2d38630@group-C6AEA7A4B82B, cid=4189, SUCCESS, logIndex=6896, commits[5d71e5de-6d45-4480-a1f1-d41cc2d38630:c6896]
2019-06-13 13:50:51,597 INFO  client.GrpcClientProtocolClient (GrpcClientProtocolClient.java:onNext(254)) - client-D47EFDF0E133->5d71e5de-6d45-4480-a1f1-d41cc2d38630: receive RaftClientReply:client-D47EFDF0E133->5d71e5de-6d45-4480-a1f1-d41cc2d38630@group-C6AEA7A4B82B, cid=4190, SUCCESS, logIndex=6898, commits[5d71e5de-6d45-4480-a1f1-d41cc2d38630:c6898]
2019-06-13 13:50:51,598 INFO  client.GrpcClientProtocolClient (GrpcClientProtocolClient.java:onNext(254)) - client-D47EFDF0E133->5d71e5de-6d45-4480-a1f1-d41cc2d38630: receive RaftClientReply:client-D47EFDF0E133->5d71e5de-6d45-4480-a1f1-d41cc2d38630@group-C6AEA7A4B82B, cid=4191, SUCCESS, logIndex=6899, commits[5d71e5de-6d45-4480-a1f1-d41cc2d38630:c6901]
2019-06-13 13:50:51,599 INFO  client.GrpcClientProtocolClient (GrpcClientProtocolClient.java:onNext(254)) - client-D47EFDF0E133->5d71e5de-6d45-4480-a1f1-d41cc2d38630: receive RaftClientReply:client-D47EFDF0E133->5d71e5de-6d45-4480-a1f1-d41cc2d38630@group-C6AEA7A4B82B, cid=4192, SUCCESS, logIndex=6900, commits[5d71e5de-6d45-4480-a1f1-d41cc2d38630:c6901]
2019-06-13 13:50:51,609 INFO  client.GrpcClientProtocolClient (GrpcClientProtocolClient.java:onNext(254)) - client-D47EFDF0E133->5d71e5de-6d45-4480-a1f1-d41cc2d38630: receive RaftClientReply:client-D47EFDF0E133->5d71e5de-6d45-4480-a1f1-d41cc2d38630@group-C6AEA7A4B82B, cid=4193, SUCCESS, logIndex=6902, commits[5d71e5de-6d45-4480-a1f1-d41cc2d38630:c6902]
2019-06-13 13:50:51,610 INFO  client.GrpcClientProtocolClient (GrpcClientProtocolClient.java:onNext(254)) - client-D47EFDF0E133->5d71e5de-6d45-4480-a1f1-d41cc2d38630: receive RaftClientReply:client-D47EFDF0E133->5d71e5de-6d45-4480-a1f1-d41cc2d38630@group-C6AEA7A4B82B, cid=4194, SUCCESS, logIndex=6904, commits[5d71e5de-6d45-4480-a1f1-d41cc2d38630:c6904]
2019-06-13 13:50:51,611 INFO  client.GrpcClientProtocolClient (GrpcClientProtocolClient.java:onNext(254)) - client-D47EFDF0E133->5d71e5de-6d45-4480-a1f1-d41cc2d38630: receive RaftClientReply:client-D47EFDF0E133->5d71e5de-6d45-4480-a1f1-d41cc2d38630@group-C6AEA7A4B82B, cid=4195, SUCCESS, logIndex=6905, commits[5d71e5de-6d45-4480-a1f1-d41cc2d38630:c6907]
2019-06-13 13:50:51,611 INFO  client.GrpcClientProtocolClient (GrpcClientProtocolClient.java:onNext(254)) - client-D47EFDF0E133->5d71e5de-6d45-4480-a1f1-d41cc2d38630: receive RaftClientReply:client-D47EFDF0E133->5d71e5de-6d45-4480-a1f1-d41cc2d38630@group-C6AEA7A4B82B, cid=4196, SUCCESS, logIndex=6906, commits[5d71e5de-6d45-4480-a1f1-d41cc2d38630:c6907]
2019-06-13 13:50:51,616 INFO  client.GrpcClientProtocolClient (GrpcClientProtocolClient.java:onNext(254)) - client-D47EFDF0E133->5d71e5de-6d45-4480-a1f1-d41cc2d38630: receive RaftClientReply:client-D47EFDF0E133->5d71e5de-6d45-4480-a1f1-d41cc2d38630@group-C6AEA7A4B82B, cid=4197, SUCCESS, logIndex=6908, commits[5d71e5de-6d45-4480-a1f1-d41cc2d38630:c6908]
2019-06-13 13:50:51,618 INFO  client.GrpcClientProtocolClient (GrpcClientProtocolClient.java:onNext(254)) - client-D47EFDF0E133->5d71e5de-6d45-4480-a1f1-d41cc2d38630: receive RaftClientReply:client-D47EFDF0E133->5d71e5de-6d45-4480-a1f1-d41cc2d38630@group-C6AEA7A4B82B, cid=4198, SUCCESS, logIndex=6910, commits[5d71e5de-6d45-4480-a1f1-d41cc2d38630:c6910]
2019-06-13 13:50:51,676 DEBUG block.SCMBlockDeletingService (SCMBlockDeletingService.java:call(138)) - Running DeletedBlockTransactionScanner
2019-06-13 13:50:51,676 DEBUG block.SCMBlockDeletingService (SCMBlockDeletingService.java:call(155)) - Scanned deleted blocks log and got 0 delTX to process.
2019-06-13 13:50:51,687 INFO  client.GrpcClientProtocolClient (GrpcClientProtocolClient.java:onNext(254)) - client-D47EFDF0E133->5d71e5de-6d45-4480-a1f1-d41cc2d38630: receive RaftClientReply:client-D47EFDF0E133->5d71e5de-6d45-4480-a1f1-d41cc2d38630@group-C6AEA7A4B82B, cid=4199, SUCCESS, logIndex=6912, commits[5d71e5de-6d45-4480-a1f1-d41cc2d38630:c6912]
2019-06-13 13:50:51,688 INFO  client.GrpcClientProtocolClient (GrpcClientProtocolClient.java:onNext(254)) - client-D47EFDF0E133->5d71e5de-6d45-4480-a1f1-d41cc2d38630: receive RaftClientReply:client-D47EFDF0E133->5d71e5de-6d45-4480-a1f1-d41cc2d38630@group-C6AEA7A4B82B, cid=4200, SUCCESS, logIndex=6914, commits[5d71e5de-6d45-4480-a1f1-d41cc2d38630:c6914]
2019-06-13 13:50:51,698 INFO  client.GrpcClientProtocolClient (GrpcClientProtocolClient.java:onNext(254)) - client-D47EFDF0E133->5d71e5de-6d45-4480-a1f1-d41cc2d38630: receive RaftClientReply:client-D47EFDF0E133->5d71e5de-6d45-4480-a1f1-d41cc2d38630@group-C6AEA7A4B82B, cid=4201, SUCCESS, logIndex=6916, commits[5d71e5de-6d45-4480-a1f1-d41cc2d38630:c6916]
2019-06-13 13:50:51,699 INFO  client.GrpcClientProtocolClient (GrpcClientProtocolClient.java:onNext(254)) - client-D47EFDF0E133->5d71e5de-6d45-4480-a1f1-d41cc2d38630: receive RaftClientReply:client-D47EFDF0E133->5d71e5de-6d45-4480-a1f1-d41cc2d38630@group-C6AEA7A4B82B, cid=4202, SUCCESS, logIndex=6918, commits[5d71e5de-6d45-4480-a1f1-d41cc2d38630:c6918]
2019-06-13 13:50:51,700 INFO  client.GrpcClientProtocolClient (GrpcClientProtocolClient.java:onNext(254)) - client-D47EFDF0E133->5d71e5de-6d45-4480-a1f1-d41cc2d38630: receive RaftClientReply:client-D47EFDF0E133->5d71e5de-6d45-4480-a1f1-d41cc2d38630@group-C6AEA7A4B82B, cid=4203, SUCCESS, logIndex=6919, commits[5d71e5de-6d45-4480-a1f1-d41cc2d38630:c6921]
2019-06-13 13:50:51,700 INFO  client.GrpcClientProtocolClient (GrpcClientProtocolClient.java:onNext(254)) - client-D47EFDF0E133->5d71e5de-6d45-4480-a1f1-d41cc2d38630: receive RaftClientReply:client-D47EFDF0E133->5d71e5de-6d45-4480-a1f1-d41cc2d38630@group-C6AEA7A4B82B, cid=4204, SUCCESS, logIndex=6920, commits[5d71e5de-6d45-4480-a1f1-d41cc2d38630:c6921]
2019-06-13 13:50:51,705 INFO  client.GrpcClientProtocolClient (GrpcClientProtocolClient.java:onNext(254)) - client-D47EFDF0E133->5d71e5de-6d45-4480-a1f1-d41cc2d38630: receive RaftClientReply:client-D47EFDF0E133->5d71e5de-6d45-4480-a1f1-d41cc2d38630@group-C6AEA7A4B82B, cid=4205, SUCCESS, logIndex=6922, commits[5d71e5de-6d45-4480-a1f1-d41cc2d38630:c6922]
2019-06-13 13:50:51,706 INFO  client.GrpcClientProtocolClient (GrpcClientProtocolClient.java:onNext(254)) - client-D47EFDF0E133->5d71e5de-6d45-4480-a1f1-d41cc2d38630: receive RaftClientReply:client-D47EFDF0E133->5d71e5de-6d45-4480-a1f1-d41cc2d38630@group-C6AEA7A4B82B, cid=4206, SUCCESS, logIndex=6924, commits[5d71e5de-6d45-4480-a1f1-d41cc2d38630:c6924]
2019-06-13 13:50:51,707 INFO  client.GrpcClientProtocolClient (GrpcClientProtocolClient.java:onNext(254)) - client-D47EFDF0E133->5d71e5de-6d45-4480-a1f1-d41cc2d38630: receive RaftClientReply:client-D47EFDF0E133->5d71e5de-6d45-4480-a1f1-d41cc2d38630@group-C6AEA7A4B82B, cid=4207, SUCCESS, logIndex=6925, commits[5d71e5de-6d45-4480-a1f1-d41cc2d38630:c6927]
2019-06-13 13:50:51,707 INFO  client.GrpcClientProtocolClient (GrpcClientProtocolClient.java:onNext(254)) - client-D47EFDF0E133->5d71e5de-6d45-4480-a1f1-d41cc2d38630: receive RaftClientReply:client-D47EFDF0E133->5d71e5de-6d45-4480-a1f1-d41cc2d38630@group-C6AEA7A4B82B, cid=4208, SUCCESS, logIndex=6926, commits[5d71e5de-6d45-4480-a1f1-d41cc2d38630:c6927]
2019-06-13 13:50:51,717 INFO  client.GrpcClientProtocolClient (GrpcClientProtocolClient.java:onNext(254)) - client-D47EFDF0E133->5d71e5de-6d45-4480-a1f1-d41cc2d38630: receive RaftClientReply:client-D47EFDF0E133->5d71e5de-6d45-4480-a1f1-d41cc2d38630@group-C6AEA7A4B82B, cid=4209, SUCCESS, logIndex=6928, commits[5d71e5de-6d45-4480-a1f1-d41cc2d38630:c6928]
2019-06-13 13:50:51,718 INFO  client.GrpcClientProtocolClient (GrpcClientProtocolClient.java:onNext(254)) - client-D47EFDF0E133->5d71e5de-6d45-4480-a1f1-d41cc2d38630: receive RaftClientReply:client-D47EFDF0E133->5d71e5de-6d45-4480-a1f1-d41cc2d38630@group-C6AEA7A4B82B, cid=4210, SUCCESS, logIndex=6930, commits[5d71e5de-6d45-4480-a1f1-d41cc2d38630:c6930]
2019-06-13 13:50:51,719 INFO  client.GrpcClientProtocolClient (GrpcClientProtocolClient.java:onNext(254)) - client-D47EFDF0E133->5d71e5de-6d45-4480-a1f1-d41cc2d38630: receive RaftClientReply:client-D47EFDF0E133->5d71e5de-6d45-4480-a1f1-d41cc2d38630@group-C6AEA7A4B82B, cid=4211, SUCCESS, logIndex=6931, commits[5d71e5de-6d45-4480-a1f1-d41cc2d38630:c6933]
2019-06-13 13:50:51,719 INFO  client.GrpcClientProtocolClient (GrpcClientProtocolClient.java:onNext(254)) - client-D47EFDF0E133->5d71e5de-6d45-4480-a1f1-d41cc2d38630: receive RaftClientReply:client-D47EFDF0E133->5d71e5de-6d45-4480-a1f1-d41cc2d38630@group-C6AEA7A4B82B, cid=4212, SUCCESS, logIndex=6932, commits[5d71e5de-6d45-4480-a1f1-d41cc2d38630:c6933]
2019-06-13 13:50:51,724 INFO  client.GrpcClientProtocolClient (GrpcClientProtocolClient.java:onNext(254)) - client-D47EFDF0E133->5d71e5de-6d45-4480-a1f1-d41cc2d38630: receive RaftClientReply:client-D47EFDF0E133->5d71e5de-6d45-4480-a1f1-d41cc2d38630@group-C6AEA7A4B82B, cid=4213, SUCCESS, logIndex=6934, commits[5d71e5de-6d45-4480-a1f1-d41cc2d38630:c6934]
2019-06-13 13:50:51,725 INFO  client.GrpcClientProtocolClient (GrpcClientProtocolClient.java:onNext(254)) - client-D47EFDF0E133->5d71e5de-6d45-4480-a1f1-d41cc2d38630: receive RaftClientReply:client-D47EFDF0E133->5d71e5de-6d45-4480-a1f1-d41cc2d38630@group-C6AEA7A4B82B, cid=4214, SUCCESS, logIndex=6936, commits[5d71e5de-6d45-4480-a1f1-d41cc2d38630:c6936]
2019-06-13 13:50:51,726 INFO  client.GrpcClientProtocolClient (GrpcClientProtocolClient.java:onNext(254)) - client-D47EFDF0E133->5d71e5de-6d45-4480-a1f1-d41cc2d38630: receive RaftClientReply:client-D47EFDF0E133->5d71e5de-6d45-4480-a1f1-d41cc2d38630@group-C6AEA7A4B82B, cid=4215, SUCCESS, logIndex=6937, commits[5d71e5de-6d45-4480-a1f1-d41cc2d38630:c6938]
2019-06-13 13:50:51,727 INFO  client.GrpcClientProtocolClient (GrpcClientProtocolClient.java:onNext(254)) - client-D47EFDF0E133->5d71e5de-6d45-4480-a1f1-d41cc2d38630: receive RaftClientReply:client-D47EFDF0E133->5d71e5de-6d45-4480-a1f1-d41cc2d38630@group-C6AEA7A4B82B, cid=4216, SUCCESS, logIndex=6939, commits[5d71e5de-6d45-4480-a1f1-d41cc2d38630:c6940]
2019-06-13 13:50:51,739 INFO  client.GrpcClientProtocolClient (GrpcClientProtocolClient.java:onNext(254)) - client-D47EFDF0E133->5d71e5de-6d45-4480-a1f1-d41cc2d38630: receive RaftClientReply:client-D47EFDF0E133->5d71e5de-6d45-4480-a1f1-d41cc2d38630@group-C6AEA7A4B82B, cid=4217, SUCCESS, logIndex=6941, commits[5d71e5de-6d45-4480-a1f1-d41cc2d38630:c6941]
2019-06-13 13:50:51,739 INFO  storage.RaftLogWorker (RaftLogWorker.java:rollLogSegment(303)) - 5d71e5de-6d45-4480-a1f1-d41cc2d38630-RaftLogWorker: Rolling segment log-6876_6943 to index:6943
2019-06-13 13:50:51,739 INFO  storage.RaftLogWorker (RaftLogWorker.java:execute(433)) - 5d71e5de-6d45-4480-a1f1-d41cc2d38630-RaftLogWorker: Rolled log segment from /opt/src/hadoop-ozone/integration-test/target/test-dir/MiniOzoneClusterImpl-c05bfa39-b333-4767-bc96-5a78f3430938/datanode-0/data/ratis/3aee30eb-3db1-472a-b851-c6aea7a4b82b/current/log_inprogress_6876 to /opt/src/hadoop-ozone/integration-test/target/test-dir/MiniOzoneClusterImpl-c05bfa39-b333-4767-bc96-5a78f3430938/datanode-0/data/ratis/3aee30eb-3db1-472a-b851-c6aea7a4b82b/current/log_6876-6943
2019-06-13 13:50:51,742 INFO  client.GrpcClientProtocolClient (GrpcClientProtocolClient.java:onNext(254)) - client-D47EFDF0E133->5d71e5de-6d45-4480-a1f1-d41cc2d38630: receive RaftClientReply:client-D47EFDF0E133->5d71e5de-6d45-4480-a1f1-d41cc2d38630@group-C6AEA7A4B82B, cid=4218, SUCCESS, logIndex=6943, commits[5d71e5de-6d45-4480-a1f1-d41cc2d38630:c6943]
2019-06-13 13:50:51,776 INFO  storage.RaftLogWorker (RaftLogWorker.java:execute(469)) - 5d71e5de-6d45-4480-a1f1-d41cc2d38630-RaftLogWorker: created new log segment /opt/src/hadoop-ozone/integration-test/target/test-dir/MiniOzoneClusterImpl-c05bfa39-b333-4767-bc96-5a78f3430938/datanode-0/data/ratis/3aee30eb-3db1-472a-b851-c6aea7a4b82b/current/log_inprogress_6944
2019-06-13 13:50:51,777 INFO  client.GrpcClientProtocolClient (GrpcClientProtocolClient.java:onNext(254)) - client-D47EFDF0E133->5d71e5de-6d45-4480-a1f1-d41cc2d38630: receive RaftClientReply:client-D47EFDF0E133->5d71e5de-6d45-4480-a1f1-d41cc2d38630@group-C6AEA7A4B82B, cid=4219, SUCCESS, logIndex=6944, commits[5d71e5de-6d45-4480-a1f1-d41cc2d38630:c6946]
2019-06-13 13:50:51,778 INFO  client.GrpcClientProtocolClient (GrpcClientProtocolClient.java:onNext(254)) - client-D47EFDF0E133->5d71e5de-6d45-4480-a1f1-d41cc2d38630: receive RaftClientReply:client-D47EFDF0E133->5d71e5de-6d45-4480-a1f1-d41cc2d38630@group-C6AEA7A4B82B, cid=4220, SUCCESS, logIndex=6945, commits[5d71e5de-6d45-4480-a1f1-d41cc2d38630:c6946]
2019-06-13 13:50:51,781 DEBUG block.SCMBlockDeletingService (SCMBlockDeletingService.java:call(138)) - Running DeletedBlockTransactionScanner
2019-06-13 13:50:51,781 DEBUG block.SCMBlockDeletingService (SCMBlockDeletingService.java:call(155)) - Scanned deleted blocks log and got 0 delTX to process.
2019-06-13 13:50:51,786 INFO  client.GrpcClientProtocolClient (GrpcClientProtocolClient.java:onNext(254)) - client-D47EFDF0E133->5d71e5de-6d45-4480-a1f1-d41cc2d38630: receive RaftClientReply:client-D47EFDF0E133->5d71e5de-6d45-4480-a1f1-d41cc2d38630@group-C6AEA7A4B82B, cid=4221, SUCCESS, logIndex=6947, commits[5d71e5de-6d45-4480-a1f1-d41cc2d38630:c6947]
2019-06-13 13:50:51,788 INFO  client.GrpcClientProtocolClient (GrpcClientProtocolClient.java:onNext(254)) - client-D47EFDF0E133->5d71e5de-6d45-4480-a1f1-d41cc2d38630: receive RaftClientReply:client-D47EFDF0E133->5d71e5de-6d45-4480-a1f1-d41cc2d38630@group-C6AEA7A4B82B, cid=4222, SUCCESS, logIndex=6949, commits[5d71e5de-6d45-4480-a1f1-d41cc2d38630:c6949]
2019-06-13 13:50:51,789 INFO  client.GrpcClientProtocolClient (GrpcClientProtocolClient.java:onNext(254)) - client-D47EFDF0E133->5d71e5de-6d45-4480-a1f1-d41cc2d38630: receive RaftClientReply:client-D47EFDF0E133->5d71e5de-6d45-4480-a1f1-d41cc2d38630@group-C6AEA7A4B82B, cid=4223, SUCCESS, logIndex=6950, commits[5d71e5de-6d45-4480-a1f1-d41cc2d38630:c6951]
2019-06-13 13:50:51,789 INFO  client.GrpcClientProtocolClient (GrpcClientProtocolClient.java:onNext(254)) - client-D47EFDF0E133->5d71e5de-6d45-4480-a1f1-d41cc2d38630: receive RaftClientReply:client-D47EFDF0E133->5d71e5de-6d45-4480-a1f1-d41cc2d38630@group-C6AEA7A4B82B, cid=4224, SUCCESS, logIndex=6951, commits[5d71e5de-6d45-4480-a1f1-d41cc2d38630:c6951]
2019-06-13 13:50:51,799 INFO  client.GrpcClientProtocolClient (GrpcClientProtocolClient.java:onNext(254)) - client-D47EFDF0E133->5d71e5de-6d45-4480-a1f1-d41cc2d38630: receive RaftClientReply:client-D47EFDF0E133->5d71e5de-6d45-4480-a1f1-d41cc2d38630@group-C6AEA7A4B82B, cid=4225, SUCCESS, logIndex=6954, commits[5d71e5de-6d45-4480-a1f1-d41cc2d38630:c6954]
2019-06-13 13:50:51,801 INFO  client.GrpcClientProtocolClient (GrpcClientProtocolClient.java:onNext(254)) - client-D47EFDF0E133->5d71e5de-6d45-4480-a1f1-d41cc2d38630: receive RaftClientReply:client-D47EFDF0E133->5d71e5de-6d45-4480-a1f1-d41cc2d38630@group-C6AEA7A4B82B, cid=4226, SUCCESS, logIndex=6956, commits[5d71e5de-6d45-4480-a1f1-d41cc2d38630:c6956]
2019-06-13 13:50:51,802 INFO  client.GrpcClientProtocolClient (GrpcClientProtocolClient.java:onNext(254)) - client-D47EFDF0E133->5d71e5de-6d45-4480-a1f1-d41cc2d38630: receive RaftClientReply:client-D47EFDF0E133->5d71e5de-6d45-4480-a1f1-d41cc2d38630@group-C6AEA7A4B82B, cid=4227, SUCCESS, logIndex=6957, commits[5d71e5de-6d45-4480-a1f1-d41cc2d38630:c6958]
2019-06-13 13:50:51,802 INFO  client.GrpcClientProtocolClient (GrpcClientProtocolClient.java:onNext(254)) - client-D47EFDF0E133->5d71e5de-6d45-4480-a1f1-d41cc2d38630: receive RaftClientReply:client-D47EFDF0E133->5d71e5de-6d45-4480-a1f1-d41cc2d38630@group-C6AEA7A4B82B, cid=4228, SUCCESS, logIndex=6958, commits[5d71e5de-6d45-4480-a1f1-d41cc2d38630:c6958]
2019-06-13 13:50:51,807 INFO  client.GrpcClientProtocolClient (GrpcClientProtocolClient.java:onNext(254)) - client-D47EFDF0E133->5d71e5de-6d45-4480-a1f1-d41cc2d38630: receive RaftClientReply:client-D47EFDF0E133->5d71e5de-6d45-4480-a1f1-d41cc2d38630@group-C6AEA7A4B82B, cid=4229, SUCCESS, logIndex=6961, commits[5d71e5de-6d45-4480-a1f1-d41cc2d38630:c6961]
2019-06-13 13:50:51,808 INFO  client.GrpcClientProtocolClient (GrpcClientProtocolClient.java:onNext(254)) - client-D47EFDF0E133->5d71e5de-6d45-4480-a1f1-d41cc2d38630: receive RaftClientReply:client-D47EFDF0E133->5d71e5de-6d45-4480-a1f1-d41cc2d38630@group-C6AEA7A4B82B, cid=4230, SUCCESS, logIndex=6963, commits[5d71e5de-6d45-4480-a1f1-d41cc2d38630:c6963]
2019-06-13 13:50:51,809 INFO  client.GrpcClientProtocolClient (GrpcClientProtocolClient.java:onNext(254)) - client-D47EFDF0E133->5d71e5de-6d45-4480-a1f1-d41cc2d38630: receive RaftClientReply:client-D47EFDF0E133->5d71e5de-6d45-4480-a1f1-d41cc2d38630@group-C6AEA7A4B82B, cid=4231, SUCCESS, logIndex=6964, commits[5d71e5de-6d45-4480-a1f1-d41cc2d38630:c6966]
2019-06-13 13:50:51,809 INFO  client.GrpcClientProtocolClient (GrpcClientProtocolClient.java:onNext(254)) - client-D47EFDF0E133->5d71e5de-6d45-4480-a1f1-d41cc2d38630: receive RaftClientReply:client-D47EFDF0E133->5d71e5de-6d45-4480-a1f1-d41cc2d38630@group-C6AEA7A4B82B, cid=4232, SUCCESS, logIndex=6965, commits[5d71e5de-6d45-4480-a1f1-d41cc2d38630:c6966]
2019-06-13 13:50:51,820 INFO  client.GrpcClientProtocolClient (GrpcClientProtocolClient.java:onNext(254)) - client-D47EFDF0E133->5d71e5de-6d45-4480-a1f1-d41cc2d38630: receive RaftClientReply:client-D47EFDF0E133->5d71e5de-6d45-4480-a1f1-d41cc2d38630@group-C6AEA7A4B82B, cid=4233, SUCCESS, logIndex=6967, commits[5d71e5de-6d45-4480-a1f1-d41cc2d38630:c6967]
2019-06-13 13:50:51,821 INFO  client.GrpcClientProtocolClient (GrpcClientProtocolClient.java:onNext(254)) - client-D47EFDF0E133->5d71e5de-6d45-4480-a1f1-d41cc2d38630: receive RaftClientReply:client-D47EFDF0E133->5d71e5de-6d45-4480-a1f1-d41cc2d38630@group-C6AEA7A4B82B, cid=4234, SUCCESS, logIndex=6969, commits[5d71e5de-6d45-4480-a1f1-d41cc2d38630:c6969]
2019-06-13 13:50:51,822 INFO  client.GrpcClientProtocolClient (GrpcClientProtocolClient.java:onNext(254)) - client-D47EFDF0E133->5d71e5de-6d45-4480-a1f1-d41cc2d38630: receive RaftClientReply:client-D47EFDF0E133->5d71e5de-6d45-4480-a1f1-d41cc2d38630@group-C6AEA7A4B82B, cid=4235, SUCCESS, logIndex=6970, commits[5d71e5de-6d45-4480-a1f1-d41cc2d38630:c6972]
2019-06-13 13:50:51,822 INFO  client.GrpcClientProtocolClient (GrpcClientProtocolClient.java:onNext(254)) - client-D47EFDF0E133->5d71e5de-6d45-4480-a1f1-d41cc2d38630: receive RaftClientReply:client-D47EFDF0E133->5d71e5de-6d45-4480-a1f1-d41cc2d38630@group-C6AEA7A4B82B, cid=4236, SUCCESS, logIndex=6971, commits[5d71e5de-6d45-4480-a1f1-d41cc2d38630:c6972]
2019-06-13 13:50:51,827 INFO  client.GrpcClientProtocolClient (GrpcClientProtocolClient.java:onNext(254)) - client-D47EFDF0E133->5d71e5de-6d45-4480-a1f1-d41cc2d38630: receive RaftClientReply:client-D47EFDF0E133->5d71e5de-6d45-4480-a1f1-d41cc2d38630@group-C6AEA7A4B82B, cid=4237, SUCCESS, logIndex=6973, commits[5d71e5de-6d45-4480-a1f1-d41cc2d38630:c6973]
2019-06-13 13:50:51,830 INFO  client.GrpcClientProtocolClient (GrpcClientProtocolClient.java:onNext(254)) - client-D47EFDF0E133->5d71e5de-6d45-4480-a1f1-d41cc2d38630: receive RaftClientReply:client-D47EFDF0E133->5d71e5de-6d45-4480-a1f1-d41cc2d38630@group-C6AEA7A4B82B, cid=4238, SUCCESS, logIndex=6975, commits[5d71e5de-6d45-4480-a1f1-d41cc2d38630:c6977]
2019-06-13 13:50:51,830 INFO  client.GrpcClientProtocolClient (GrpcClientProtocolClient.java:onNext(254)) - client-D47EFDF0E133->5d71e5de-6d45-4480-a1f1-d41cc2d38630: receive RaftClientReply:client-D47EFDF0E133->5d71e5de-6d45-4480-a1f1-d41cc2d38630@group-C6AEA7A4B82B, cid=4239, SUCCESS, logIndex=6976, commits[5d71e5de-6d45-4480-a1f1-d41cc2d38630:c6977]
2019-06-13 13:50:51,830 INFO  client.GrpcClientProtocolClient (GrpcClientProtocolClient.java:onNext(254)) - client-D47EFDF0E133->5d71e5de-6d45-4480-a1f1-d41cc2d38630: receive RaftClientReply:client-D47EFDF0E133->5d71e5de-6d45-4480-a1f1-d41cc2d38630@group-C6AEA7A4B82B, cid=4240, SUCCESS, logIndex=6977, commits[5d71e5de-6d45-4480-a1f1-d41cc2d38630:c6978]
2019-06-13 13:50:51,841 INFO  client.GrpcClientProtocolClient (GrpcClientProtocolClient.java:onNext(254)) - client-D47EFDF0E133->5d71e5de-6d45-4480-a1f1-d41cc2d38630: receive RaftClientReply:client-D47EFDF0E133->5d71e5de-6d45-4480-a1f1-d41cc2d38630@group-C6AEA7A4B82B, cid=4241, SUCCESS, logIndex=6979, commits[5d71e5de-6d45-4480-a1f1-d41cc2d38630:c6979]
2019-06-13 13:50:51,842 INFO  client.GrpcClientProtocolClient (GrpcClientProtocolClient.java:onNext(254)) - client-D47EFDF0E133->5d71e5de-6d45-4480-a1f1-d41cc2d38630: receive RaftClientReply:client-D47EFDF0E133->5d71e5de-6d45-4480-a1f1-d41cc2d38630@group-C6AEA7A4B82B, cid=4242, SUCCESS, logIndex=6981, commits[5d71e5de-6d45-4480-a1f1-d41cc2d38630:c6981]
2019-06-13 13:50:51,881 DEBUG block.SCMBlockDeletingService (SCMBlockDeletingService.java:call(138)) - Running DeletedBlockTransactionScanner
2019-06-13 13:50:51,881 DEBUG block.SCMBlockDeletingService (SCMBlockDeletingService.java:call(155)) - Scanned deleted blocks log and got 0 delTX to process.
2019-06-13 13:50:51,910 INFO  client.GrpcClientProtocolClient (GrpcClientProtocolClient.java:onNext(254)) - client-D47EFDF0E133->5d71e5de-6d45-4480-a1f1-d41cc2d38630: receive RaftClientReply:client-D47EFDF0E133->5d71e5de-6d45-4480-a1f1-d41cc2d38630@group-C6AEA7A4B82B, cid=4243, SUCCESS, logIndex=6983, commits[5d71e5de-6d45-4480-a1f1-d41cc2d38630:c6983]
2019-06-13 13:50:51,911 INFO  client.GrpcClientProtocolClient (GrpcClientProtocolClient.java:onNext(254)) - client-D47EFDF0E133->5d71e5de-6d45-4480-a1f1-d41cc2d38630: receive RaftClientReply:client-D47EFDF0E133->5d71e5de-6d45-4480-a1f1-d41cc2d38630@group-C6AEA7A4B82B, cid=4244, SUCCESS, logIndex=6985, commits[5d71e5de-6d45-4480-a1f1-d41cc2d38630:c6985]
2019-06-13 13:50:51,916 INFO  client.GrpcClientProtocolClient (GrpcClientProtocolClient.java:onNext(254)) - client-D47EFDF0E133->5d71e5de-6d45-4480-a1f1-d41cc2d38630: receive RaftClientReply:client-D47EFDF0E133->5d71e5de-6d45-4480-a1f1-d41cc2d38630@group-C6AEA7A4B82B, cid=4245, SUCCESS, logIndex=6987, commits[5d71e5de-6d45-4480-a1f1-d41cc2d38630:c6987]
2019-06-13 13:50:51,918 INFO  client.GrpcClientProtocolClient (GrpcClientProtocolClient.java:onNext(254)) - client-D47EFDF0E133->5d71e5de-6d45-4480-a1f1-d41cc2d38630: receive RaftClientReply:client-D47EFDF0E133->5d71e5de-6d45-4480-a1f1-d41cc2d38630@group-C6AEA7A4B82B, cid=4246, SUCCESS, logIndex=6989, commits[5d71e5de-6d45-4480-a1f1-d41cc2d38630:c6989]
2019-06-13 13:50:51,919 INFO  client.GrpcClientProtocolClient (GrpcClientProtocolClient.java:onNext(254)) - client-D47EFDF0E133->5d71e5de-6d45-4480-a1f1-d41cc2d38630: receive RaftClientReply:client-D47EFDF0E133->5d71e5de-6d45-4480-a1f1-d41cc2d38630@group-C6AEA7A4B82B, cid=4247, SUCCESS, logIndex=6990, commits[5d71e5de-6d45-4480-a1f1-d41cc2d38630:c6990]
2019-06-13 13:50:51,919 INFO  client.GrpcClientProtocolClient (GrpcClientProtocolClient.java:onNext(254)) - client-D47EFDF0E133->5d71e5de-6d45-4480-a1f1-d41cc2d38630: receive RaftClientReply:client-D47EFDF0E133->5d71e5de-6d45-4480-a1f1-d41cc2d38630@group-C6AEA7A4B82B, cid=4248, SUCCESS, logIndex=6992, commits[5d71e5de-6d45-4480-a1f1-d41cc2d38630:c6992]
2019-06-13 13:50:52,193 DEBUG block.SCMBlockDeletingService (SCMBlockDeletingService.java:call(138)) - Running DeletedBlockTransactionScanner
2019-06-13 13:50:52,193 DEBUG block.SCMBlockDeletingService (SCMBlockDeletingService.java:call(155)) - Scanned deleted blocks log and got 0 delTX to process.
2019-06-13 13:50:52,213 INFO  client.GrpcClientProtocolClient (GrpcClientProtocolClient.java:onNext(254)) - client-D47EFDF0E133->5d71e5de-6d45-4480-a1f1-d41cc2d38630: receive RaftClientReply:client-D47EFDF0E133->5d71e5de-6d45-4480-a1f1-d41cc2d38630@group-C6AEA7A4B82B, cid=4249, SUCCESS, logIndex=6995, commits[5d71e5de-6d45-4480-a1f1-d41cc2d38630:c6995]
2019-06-13 13:50:52,218 INFO  client.GrpcClientProtocolClient (GrpcClientProtocolClient.java:onNext(254)) - client-D47EFDF0E133->5d71e5de-6d45-4480-a1f1-d41cc2d38630: receive RaftClientReply:client-D47EFDF0E133->5d71e5de-6d45-4480-a1f1-d41cc2d38630@group-C6AEA7A4B82B, cid=4250, SUCCESS, logIndex=6997, commits[5d71e5de-6d45-4480-a1f1-d41cc2d38630:c6997]
2019-06-13 13:50:52,221 INFO  client.GrpcClientProtocolClient (GrpcClientProtocolClient.java:onNext(254)) - client-D47EFDF0E133->5d71e5de-6d45-4480-a1f1-d41cc2d38630: receive RaftClientReply:client-D47EFDF0E133->5d71e5de-6d45-4480-a1f1-d41cc2d38630@group-C6AEA7A4B82B, cid=4251, SUCCESS, logIndex=6998, commits[5d71e5de-6d45-4480-a1f1-d41cc2d38630:c7000]
2019-06-13 13:50:52,222 INFO  client.GrpcClientProtocolClient (GrpcClientProtocolClient.java:onNext(254)) - client-D47EFDF0E133->5d71e5de-6d45-4480-a1f1-d41cc2d38630: receive RaftClientReply:client-D47EFDF0E133->5d71e5de-6d45-4480-a1f1-d41cc2d38630@group-C6AEA7A4B82B, cid=4252, SUCCESS, logIndex=6999, commits[5d71e5de-6d45-4480-a1f1-d41cc2d38630:c7000]
2019-06-13 13:50:52,228 INFO  client.GrpcClientProtocolClient (GrpcClientProtocolClient.java:onNext(254)) - client-D47EFDF0E133->5d71e5de-6d45-4480-a1f1-d41cc2d38630: receive RaftClientReply:client-D47EFDF0E133->5d71e5de-6d45-4480-a1f1-d41cc2d38630@group-C6AEA7A4B82B, cid=4253, SUCCESS, logIndex=7001, commits[5d71e5de-6d45-4480-a1f1-d41cc2d38630:c7001]
2019-06-13 13:50:52,229 INFO  client.GrpcClientProtocolClient (GrpcClientProtocolClient.java:onNext(254)) - client-D47EFDF0E133->5d71e5de-6d45-4480-a1f1-d41cc2d38630: receive RaftClientReply:client-D47EFDF0E133->5d71e5de-6d45-4480-a1f1-d41cc2d38630@group-C6AEA7A4B82B, cid=4254, SUCCESS, logIndex=7003, commits[5d71e5de-6d45-4480-a1f1-d41cc2d38630:c7003]
2019-06-13 13:50:52,231 INFO  client.GrpcClientProtocolClient (GrpcClientProtocolClient.java:onNext(254)) - client-D47EFDF0E133->5d71e5de-6d45-4480-a1f1-d41cc2d38630: receive RaftClientReply:client-D47EFDF0E133->5d71e5de-6d45-4480-a1f1-d41cc2d38630@group-C6AEA7A4B82B, cid=4255, SUCCESS, logIndex=7004, commits[5d71e5de-6d45-4480-a1f1-d41cc2d38630:c7006]
2019-06-13 13:50:52,231 INFO  client.GrpcClientProtocolClient (GrpcClientProtocolClient.java:onNext(254)) - client-D47EFDF0E133->5d71e5de-6d45-4480-a1f1-d41cc2d38630: receive RaftClientReply:client-D47EFDF0E133->5d71e5de-6d45-4480-a1f1-d41cc2d38630@group-C6AEA7A4B82B, cid=4256, SUCCESS, logIndex=7005, commits[5d71e5de-6d45-4480-a1f1-d41cc2d38630:c7006]
2019-06-13 13:50:52,241 INFO  client.GrpcClientProtocolClient (GrpcClientProtocolClient.java:onNext(254)) - client-D47EFDF0E133->5d71e5de-6d45-4480-a1f1-d41cc2d38630: receive RaftClientReply:client-D47EFDF0E133->5d71e5de-6d45-4480-a1f1-d41cc2d38630@group-C6AEA7A4B82B, cid=4257, SUCCESS, logIndex=7007, commits[5d71e5de-6d45-4480-a1f1-d41cc2d38630:c7007]
2019-06-13 13:50:52,242 INFO  client.GrpcClientProtocolClient (GrpcClientProtocolClient.java:onNext(254)) - client-D47EFDF0E133->5d71e5de-6d45-4480-a1f1-d41cc2d38630: receive RaftClientReply:client-D47EFDF0E133->5d71e5de-6d45-4480-a1f1-d41cc2d38630@group-C6AEA7A4B82B, cid=4258, SUCCESS, logIndex=7009, commits[5d71e5de-6d45-4480-a1f1-d41cc2d38630:c7009]
2019-06-13 13:50:52,244 INFO  client.GrpcClientProtocolClient (GrpcClientProtocolClient.java:onNext(254)) - client-D47EFDF0E133->5d71e5de-6d45-4480-a1f1-d41cc2d38630: receive RaftClientReply:client-D47EFDF0E133->5d71e5de-6d45-4480-a1f1-d41cc2d38630@group-C6AEA7A4B82B, cid=4259, SUCCESS, logIndex=7010, commits[5d71e5de-6d45-4480-a1f1-d41cc2d38630:c7012]
2019-06-13 13:50:52,244 INFO  client.GrpcClientProtocolClient (GrpcClientProtocolClient.java:onNext(254)) - client-D47EFDF0E133->5d71e5de-6d45-4480-a1f1-d41cc2d38630: receive RaftClientReply:client-D47EFDF0E133->5d71e5de-6d45-4480-a1f1-d41cc2d38630@group-C6AEA7A4B82B, cid=4260, SUCCESS, logIndex=7011, commits[5d71e5de-6d45-4480-a1f1-d41cc2d38630:c7012]
2019-06-13 13:50:52,249 INFO  client.GrpcClientProtocolClient (GrpcClientProtocolClient.java:onNext(254)) - client-D47EFDF0E133->5d71e5de-6d45-4480-a1f1-d41cc2d38630: receive RaftClientReply:client-D47EFDF0E133->5d71e5de-6d45-4480-a1f1-d41cc2d38630@group-C6AEA7A4B82B, cid=4261, SUCCESS, logIndex=7013, commits[5d71e5de-6d45-4480-a1f1-d41cc2d38630:c7013]
2019-06-13 13:50:52,249 INFO  storage.RaftLogWorker (RaftLogWorker.java:rollLogSegment(303)) - 5d71e5de-6d45-4480-a1f1-d41cc2d38630-RaftLogWorker: Rolling segment log-6944_7014 to index:7014
2019-06-13 13:50:52,249 INFO  storage.RaftLogWorker (RaftLogWorker.java:execute(433)) - 5d71e5de-6d45-4480-a1f1-d41cc2d38630-RaftLogWorker: Rolled log segment from /opt/src/hadoop-ozone/integration-test/target/test-dir/MiniOzoneClusterImpl-c05bfa39-b333-4767-bc96-5a78f3430938/datanode-0/data/ratis/3aee30eb-3db1-472a-b851-c6aea7a4b82b/current/log_inprogress_6944 to /opt/src/hadoop-ozone/integration-test/target/test-dir/MiniOzoneClusterImpl-c05bfa39-b333-4767-bc96-5a78f3430938/datanode-0/data/ratis/3aee30eb-3db1-472a-b851-c6aea7a4b82b/current/log_6944-7014
2019-06-13 13:50:52,284 INFO  storage.RaftLogWorker (RaftLogWorker.java:execute(469)) - 5d71e5de-6d45-4480-a1f1-d41cc2d38630-RaftLogWorker: created new log segment /opt/src/hadoop-ozone/integration-test/target/test-dir/MiniOzoneClusterImpl-c05bfa39-b333-4767-bc96-5a78f3430938/datanode-0/data/ratis/3aee30eb-3db1-472a-b851-c6aea7a4b82b/current/log_inprogress_7015
2019-06-13 13:50:52,286 INFO  client.GrpcClientProtocolClient (GrpcClientProtocolClient.java:onNext(254)) - client-D47EFDF0E133->5d71e5de-6d45-4480-a1f1-d41cc2d38630: receive RaftClientReply:client-D47EFDF0E133->5d71e5de-6d45-4480-a1f1-d41cc2d38630@group-C6AEA7A4B82B, cid=4262, SUCCESS, logIndex=7015, commits[5d71e5de-6d45-4480-a1f1-d41cc2d38630:c7017]
2019-06-13 13:50:52,286 INFO  client.GrpcClientProtocolClient (GrpcClientProtocolClient.java:onNext(254)) - client-D47EFDF0E133->5d71e5de-6d45-4480-a1f1-d41cc2d38630: receive RaftClientReply:client-D47EFDF0E133->5d71e5de-6d45-4480-a1f1-d41cc2d38630@group-C6AEA7A4B82B, cid=4263, SUCCESS, logIndex=7016, commits[5d71e5de-6d45-4480-a1f1-d41cc2d38630:c7017]
2019-06-13 13:50:52,286 INFO  client.GrpcClientProtocolClient (GrpcClientProtocolClient.java:onNext(254)) - client-D47EFDF0E133->5d71e5de-6d45-4480-a1f1-d41cc2d38630: receive RaftClientReply:client-D47EFDF0E133->5d71e5de-6d45-4480-a1f1-d41cc2d38630@group-C6AEA7A4B82B, cid=4264, SUCCESS, logIndex=7017, commits[5d71e5de-6d45-4480-a1f1-d41cc2d38630:c7018]
2019-06-13 13:50:52,294 DEBUG block.SCMBlockDeletingService (SCMBlockDeletingService.java:call(138)) - Running DeletedBlockTransactionScanner
2019-06-13 13:50:52,294 DEBUG block.SCMBlockDeletingService (SCMBlockDeletingService.java:call(155)) - Scanned deleted blocks log and got 0 delTX to process.
2019-06-13 13:50:52,299 INFO  client.GrpcClientProtocolClient (GrpcClientProtocolClient.java:onNext(254)) - client-D47EFDF0E133->5d71e5de-6d45-4480-a1f1-d41cc2d38630: receive RaftClientReply:client-D47EFDF0E133->5d71e5de-6d45-4480-a1f1-d41cc2d38630@group-C6AEA7A4B82B, cid=4265, SUCCESS, logIndex=7019, commits[5d71e5de-6d45-4480-a1f1-d41cc2d38630:c7019]
2019-06-13 13:50:52,302 INFO  client.GrpcClientProtocolClient (GrpcClientProtocolClient.java:onNext(254)) - client-D47EFDF0E133->5d71e5de-6d45-4480-a1f1-d41cc2d38630: receive RaftClientReply:client-D47EFDF0E133->5d71e5de-6d45-4480-a1f1-d41cc2d38630@group-C6AEA7A4B82B, cid=4266, SUCCESS, logIndex=7021, commits[5d71e5de-6d45-4480-a1f1-d41cc2d38630:c7021]
2019-06-13 13:50:52,302 INFO  client.GrpcClientProtocolClient (GrpcClientProtocolClient.java:onNext(254)) - client-D47EFDF0E133->5d71e5de-6d45-4480-a1f1-d41cc2d38630: receive RaftClientReply:client-D47EFDF0E133->5d71e5de-6d45-4480-a1f1-d41cc2d38630@group-C6AEA7A4B82B, cid=4267, SUCCESS, logIndex=7022, commits[5d71e5de-6d45-4480-a1f1-d41cc2d38630:c7024]
2019-06-13 13:50:52,302 INFO  client.GrpcClientProtocolClient (GrpcClientProtocolClient.java:onNext(254)) - client-D47EFDF0E133->5d71e5de-6d45-4480-a1f1-d41cc2d38630: receive RaftClientReply:client-D47EFDF0E133->5d71e5de-6d45-4480-a1f1-d41cc2d38630@group-C6AEA7A4B82B, cid=4268, SUCCESS, logIndex=7023, commits[5d71e5de-6d45-4480-a1f1-d41cc2d38630:c7024]
2019-06-13 13:50:52,307 INFO  client.GrpcClientProtocolClient (GrpcClientProtocolClient.java:onNext(254)) - client-D47EFDF0E133->5d71e5de-6d45-4480-a1f1-d41cc2d38630: receive RaftClientReply:client-D47EFDF0E133->5d71e5de-6d45-4480-a1f1-d41cc2d38630@group-C6AEA7A4B82B, cid=4269, SUCCESS, logIndex=7025, commits[5d71e5de-6d45-4480-a1f1-d41cc2d38630:c7025]
2019-06-13 13:50:52,309 INFO  client.GrpcClientProtocolClient (GrpcClientProtocolClient.java:onNext(254)) - client-D47EFDF0E133->5d71e5de-6d45-4480-a1f1-d41cc2d38630: receive RaftClientReply:client-D47EFDF0E133->5d71e5de-6d45-4480-a1f1-d41cc2d38630@group-C6AEA7A4B82B, cid=4270, SUCCESS, logIndex=7027, commits[5d71e5de-6d45-4480-a1f1-d41cc2d38630:c7027]
2019-06-13 13:50:52,310 INFO  client.GrpcClientProtocolClient (GrpcClientProtocolClient.java:onNext(254)) - client-D47EFDF0E133->5d71e5de-6d45-4480-a1f1-d41cc2d38630: receive RaftClientReply:client-D47EFDF0E133->5d71e5de-6d45-4480-a1f1-d41cc2d38630@group-C6AEA7A4B82B, cid=4271, SUCCESS, logIndex=7028, commits[5d71e5de-6d45-4480-a1f1-d41cc2d38630:c7030]
2019-06-13 13:50:52,310 INFO  client.GrpcClientProtocolClient (GrpcClientProtocolClient.java:onNext(254)) - client-D47EFDF0E133->5d71e5de-6d45-4480-a1f1-d41cc2d38630: receive RaftClientReply:client-D47EFDF0E133->5d71e5de-6d45-4480-a1f1-d41cc2d38630@group-C6AEA7A4B82B, cid=4272, SUCCESS, logIndex=7029, commits[5d71e5de-6d45-4480-a1f1-d41cc2d38630:c7030]
2019-06-13 13:50:52,321 INFO  client.GrpcClientProtocolClient (GrpcClientProtocolClient.java:onNext(254)) - client-D47EFDF0E133->5d71e5de-6d45-4480-a1f1-d41cc2d38630: receive RaftClientReply:client-D47EFDF0E133->5d71e5de-6d45-4480-a1f1-d41cc2d38630@group-C6AEA7A4B82B, cid=4273, SUCCESS, logIndex=7031, commits[5d71e5de-6d45-4480-a1f1-d41cc2d38630:c7031]
2019-06-13 13:50:52,322 INFO  client.GrpcClientProtocolClient (GrpcClientProtocolClient.java:onNext(254)) - client-D47EFDF0E133->5d71e5de-6d45-4480-a1f1-d41cc2d38630: receive RaftClientReply:client-D47EFDF0E133->5d71e5de-6d45-4480-a1f1-d41cc2d38630@group-C6AEA7A4B82B, cid=4274, SUCCESS, logIndex=7033, commits[5d71e5de-6d45-4480-a1f1-d41cc2d38630:c7033]
2019-06-13 13:50:52,323 INFO  client.GrpcClientProtocolClient (GrpcClientProtocolClient.java:onNext(254)) - client-D47EFDF0E133->5d71e5de-6d45-4480-a1f1-d41cc2d38630: receive RaftClientReply:client-D47EFDF0E133->5d71e5de-6d45-4480-a1f1-d41cc2d38630@group-C6AEA7A4B82B, cid=4275, SUCCESS, logIndex=7034, commits[5d71e5de-6d45-4480-a1f1-d41cc2d38630:c7036]
2019-06-13 13:50:52,323 INFO  client.GrpcClientProtocolClient (GrpcClientProtocolClient.java:onNext(254)) - client-D47EFDF0E133->5d71e5de-6d45-4480-a1f1-d41cc2d38630: receive RaftClientReply:client-D47EFDF0E133->5d71e5de-6d45-4480-a1f1-d41cc2d38630@group-C6AEA7A4B82B, cid=4276, SUCCESS, logIndex=7035, commits[5d71e5de-6d45-4480-a1f1-d41cc2d38630:c7036]
2019-06-13 13:50:52,330 INFO  client.GrpcClientProtocolClient (GrpcClientProtocolClient.java:onNext(254)) - client-D47EFDF0E133->5d71e5de-6d45-4480-a1f1-d41cc2d38630: receive RaftClientReply:client-D47EFDF0E133->5d71e5de-6d45-4480-a1f1-d41cc2d38630@group-C6AEA7A4B82B, cid=4277, SUCCESS, logIndex=7037, commits[5d71e5de-6d45-4480-a1f1-d41cc2d38630:c7037]
2019-06-13 13:50:52,331 INFO  client.GrpcClientProtocolClient (GrpcClientProtocolClient.java:onNext(254)) - client-D47EFDF0E133->5d71e5de-6d45-4480-a1f1-d41cc2d38630: receive RaftClientReply:client-D47EFDF0E133->5d71e5de-6d45-4480-a1f1-d41cc2d38630@group-C6AEA7A4B82B, cid=4278, SUCCESS, logIndex=7039, commits[5d71e5de-6d45-4480-a1f1-d41cc2d38630:c7039]
2019-06-13 13:50:52,332 INFO  client.GrpcClientProtocolClient (GrpcClientProtocolClient.java:onNext(254)) - client-D47EFDF0E133->5d71e5de-6d45-4480-a1f1-d41cc2d38630: receive RaftClientReply:client-D47EFDF0E133->5d71e5de-6d45-4480-a1f1-d41cc2d38630@group-C6AEA7A4B82B, cid=4279, SUCCESS, logIndex=7040, commits[5d71e5de-6d45-4480-a1f1-d41cc2d38630:c7042]
2019-06-13 13:50:52,332 INFO  client.GrpcClientProtocolClient (GrpcClientProtocolClient.java:onNext(254)) - client-D47EFDF0E133->5d71e5de-6d45-4480-a1f1-d41cc2d38630: receive RaftClientReply:client-D47EFDF0E133->5d71e5de-6d45-4480-a1f1-d41cc2d38630@group-C6AEA7A4B82B, cid=4280, SUCCESS, logIndex=7041, commits[5d71e5de-6d45-4480-a1f1-d41cc2d38630:c7042]
2019-06-13 13:50:52,342 INFO  client.GrpcClientProtocolClient (GrpcClientProtocolClient.java:onNext(254)) - client-D47EFDF0E133->5d71e5de-6d45-4480-a1f1-d41cc2d38630: receive RaftClientReply:client-D47EFDF0E133->5d71e5de-6d45-4480-a1f1-d41cc2d38630@group-C6AEA7A4B82B, cid=4281, SUCCESS, logIndex=7043, commits[5d71e5de-6d45-4480-a1f1-d41cc2d38630:c7043]
2019-06-13 13:50:52,343 INFO  client.GrpcClientProtocolClient (GrpcClientProtocolClient.java:onNext(254)) - client-D47EFDF0E133->5d71e5de-6d45-4480-a1f1-d41cc2d38630: receive RaftClientReply:client-D47EFDF0E133->5d71e5de-6d45-4480-a1f1-d41cc2d38630@group-C6AEA7A4B82B, cid=4282, SUCCESS, logIndex=7045, commits[5d71e5de-6d45-4480-a1f1-d41cc2d38630:c7045]
2019-06-13 13:50:52,344 INFO  client.GrpcClientProtocolClient (GrpcClientProtocolClient.java:onNext(254)) - client-D47EFDF0E133->5d71e5de-6d45-4480-a1f1-d41cc2d38630: receive RaftClientReply:client-D47EFDF0E133->5d71e5de-6d45-4480-a1f1-d41cc2d38630@group-C6AEA7A4B82B, cid=4283, SUCCESS, logIndex=7046, commits[5d71e5de-6d45-4480-a1f1-d41cc2d38630:c7048]
2019-06-13 13:50:52,344 INFO  client.GrpcClientProtocolClient (GrpcClientProtocolClient.java:onNext(254)) - client-D47EFDF0E133->5d71e5de-6d45-4480-a1f1-d41cc2d38630: receive RaftClientReply:client-D47EFDF0E133->5d71e5de-6d45-4480-a1f1-d41cc2d38630@group-C6AEA7A4B82B, cid=4284, SUCCESS, logIndex=7047, commits[5d71e5de-6d45-4480-a1f1-d41cc2d38630:c7048]
2019-06-13 13:50:52,349 INFO  client.GrpcClientProtocolClient (GrpcClientProtocolClient.java:onNext(254)) - client-D47EFDF0E133->5d71e5de-6d45-4480-a1f1-d41cc2d38630: receive RaftClientReply:client-D47EFDF0E133->5d71e5de-6d45-4480-a1f1-d41cc2d38630@group-C6AEA7A4B82B, cid=4285, SUCCESS, logIndex=7049, commits[5d71e5de-6d45-4480-a1f1-d41cc2d38630:c7049]
2019-06-13 13:50:52,350 INFO  client.GrpcClientProtocolClient (GrpcClientProtocolClient.java:onNext(254)) - client-D47EFDF0E133->5d71e5de-6d45-4480-a1f1-d41cc2d38630: receive RaftClientReply:client-D47EFDF0E133->5d71e5de-6d45-4480-a1f1-d41cc2d38630@group-C6AEA7A4B82B, cid=4286, SUCCESS, logIndex=7051, commits[5d71e5de-6d45-4480-a1f1-d41cc2d38630:c7051]
2019-06-13 13:50:52,351 INFO  client.GrpcClientProtocolClient (GrpcClientProtocolClient.java:onNext(254)) - client-D47EFDF0E133->5d71e5de-6d45-4480-a1f1-d41cc2d38630: receive RaftClientReply:client-D47EFDF0E133->5d71e5de-6d45-4480-a1f1-d41cc2d38630@group-C6AEA7A4B82B, cid=4287, SUCCESS, logIndex=7052, commits[5d71e5de-6d45-4480-a1f1-d41cc2d38630:c7054]
2019-06-13 13:50:52,351 INFO  client.GrpcClientProtocolClient (GrpcClientProtocolClient.java:onNext(254)) - client-D47EFDF0E133->5d71e5de-6d45-4480-a1f1-d41cc2d38630: receive RaftClientReply:client-D47EFDF0E133->5d71e5de-6d45-4480-a1f1-d41cc2d38630@group-C6AEA7A4B82B, cid=4288, SUCCESS, logIndex=7053, commits[5d71e5de-6d45-4480-a1f1-d41cc2d38630:c7054]
2019-06-13 13:50:52,394 DEBUG block.SCMBlockDeletingService (SCMBlockDeletingService.java:call(138)) - Running DeletedBlockTransactionScanner
2019-06-13 13:50:52,394 DEBUG block.SCMBlockDeletingService (SCMBlockDeletingService.java:call(155)) - Scanned deleted blocks log and got 0 delTX to process.
2019-06-13 13:50:52,429 INFO  client.GrpcClientProtocolClient (GrpcClientProtocolClient.java:onNext(254)) - client-D47EFDF0E133->5d71e5de-6d45-4480-a1f1-d41cc2d38630: receive RaftClientReply:client-D47EFDF0E133->5d71e5de-6d45-4480-a1f1-d41cc2d38630@group-C6AEA7A4B82B, cid=4289, SUCCESS, logIndex=7055, commits[5d71e5de-6d45-4480-a1f1-d41cc2d38630:c7055]
2019-06-13 13:50:52,434 INFO  client.GrpcClientProtocolClient (GrpcClientProtocolClient.java:onNext(254)) - client-D47EFDF0E133->5d71e5de-6d45-4480-a1f1-d41cc2d38630: receive RaftClientReply:client-D47EFDF0E133->5d71e5de-6d45-4480-a1f1-d41cc2d38630@group-C6AEA7A4B82B, cid=4290, SUCCESS, logIndex=7057, commits[5d71e5de-6d45-4480-a1f1-d41cc2d38630:c7057]
2019-06-13 13:50:52,434 INFO  client.GrpcClientProtocolClient (GrpcClientProtocolClient.java:onNext(254)) - client-D47EFDF0E133->5d71e5de-6d45-4480-a1f1-d41cc2d38630: receive RaftClientReply:client-D47EFDF0E133->5d71e5de-6d45-4480-a1f1-d41cc2d38630@group-C6AEA7A4B82B, cid=4291, SUCCESS, logIndex=7058, commits[5d71e5de-6d45-4480-a1f1-d41cc2d38630:c7060]
2019-06-13 13:50:52,434 INFO  client.GrpcClientProtocolClient (GrpcClientProtocolClient.java:onNext(254)) - client-D47EFDF0E133->5d71e5de-6d45-4480-a1f1-d41cc2d38630: receive RaftClientReply:client-D47EFDF0E133->5d71e5de-6d45-4480-a1f1-d41cc2d38630@group-C6AEA7A4B82B, cid=4292, SUCCESS, logIndex=7059, commits[5d71e5de-6d45-4480-a1f1-d41cc2d38630:c7060]
2019-06-13 13:50:52,439 INFO  client.GrpcClientProtocolClient (GrpcClientProtocolClient.java:onNext(254)) - client-D47EFDF0E133->5d71e5de-6d45-4480-a1f1-d41cc2d38630: receive RaftClientReply:client-D47EFDF0E133->5d71e5de-6d45-4480-a1f1-d41cc2d38630@group-C6AEA7A4B82B, cid=4293, SUCCESS, logIndex=7061, commits[5d71e5de-6d45-4480-a1f1-d41cc2d38630:c7061]
2019-06-13 13:50:52,441 INFO  client.GrpcClientProtocolClient (GrpcClientProtocolClient.java:onNext(254)) - client-D47EFDF0E133->5d71e5de-6d45-4480-a1f1-d41cc2d38630: receive RaftClientReply:client-D47EFDF0E133->5d71e5de-6d45-4480-a1f1-d41cc2d38630@group-C6AEA7A4B82B, cid=4294, SUCCESS, logIndex=7063, commits[5d71e5de-6d45-4480-a1f1-d41cc2d38630:c7063]
2019-06-13 13:50:52,442 INFO  client.GrpcClientProtocolClient (GrpcClientProtocolClient.java:onNext(254)) - client-D47EFDF0E133->5d71e5de-6d45-4480-a1f1-d41cc2d38630: receive RaftClientReply:client-D47EFDF0E133->5d71e5de-6d45-4480-a1f1-d41cc2d38630@group-C6AEA7A4B82B, cid=4295, SUCCESS, logIndex=7064, commits[5d71e5de-6d45-4480-a1f1-d41cc2d38630:c7066]
2019-06-13 13:50:52,442 INFO  client.GrpcClientProtocolClient (GrpcClientProtocolClient.java:onNext(254)) - client-D47EFDF0E133->5d71e5de-6d45-4480-a1f1-d41cc2d38630: receive RaftClientReply:client-D47EFDF0E133->5d71e5de-6d45-4480-a1f1-d41cc2d38630@group-C6AEA7A4B82B, cid=4296, SUCCESS, logIndex=7065, commits[5d71e5de-6d45-4480-a1f1-d41cc2d38630:c7066]
2019-06-13 13:50:52,456 INFO  client.GrpcClientProtocolClient (GrpcClientProtocolClient.java:onNext(254)) - client-D47EFDF0E133->5d71e5de-6d45-4480-a1f1-d41cc2d38630: receive RaftClientReply:client-D47EFDF0E133->5d71e5de-6d45-4480-a1f1-d41cc2d38630@group-C6AEA7A4B82B, cid=4297, SUCCESS, logIndex=7067, commits[5d71e5de-6d45-4480-a1f1-d41cc2d38630:c7068]
2019-06-13 13:50:52,459 INFO  client.GrpcClientProtocolClient (GrpcClientProtocolClient.java:onNext(254)) - client-D47EFDF0E133->5d71e5de-6d45-4480-a1f1-d41cc2d38630: receive RaftClientReply:client-D47EFDF0E133->5d71e5de-6d45-4480-a1f1-d41cc2d38630@group-C6AEA7A4B82B, cid=4298, SUCCESS, logIndex=7069, commits[5d71e5de-6d45-4480-a1f1-d41cc2d38630:c7069]
2019-06-13 13:50:52,459 INFO  client.GrpcClientProtocolClient (GrpcClientProtocolClient.java:onNext(254)) - client-D47EFDF0E133->5d71e5de-6d45-4480-a1f1-d41cc2d38630: receive RaftClientReply:client-D47EFDF0E133->5d71e5de-6d45-4480-a1f1-d41cc2d38630@group-C6AEA7A4B82B, cid=4299, SUCCESS, logIndex=7070, commits[5d71e5de-6d45-4480-a1f1-d41cc2d38630:c7072]
2019-06-13 13:50:52,460 INFO  client.GrpcClientProtocolClient (GrpcClientProtocolClient.java:onNext(254)) - client-D47EFDF0E133->5d71e5de-6d45-4480-a1f1-d41cc2d38630: receive RaftClientReply:client-D47EFDF0E133->5d71e5de-6d45-4480-a1f1-d41cc2d38630@group-C6AEA7A4B82B, cid=4300, SUCCESS, logIndex=7071, commits[5d71e5de-6d45-4480-a1f1-d41cc2d38630:c7072]
2019-06-13 13:50:52,467 INFO  client.GrpcClientProtocolClient (GrpcClientProtocolClient.java:onNext(254)) - client-D47EFDF0E133->5d71e5de-6d45-4480-a1f1-d41cc2d38630: receive RaftClientReply:client-D47EFDF0E133->5d71e5de-6d45-4480-a1f1-d41cc2d38630@group-C6AEA7A4B82B, cid=4301, SUCCESS, logIndex=7073, commits[5d71e5de-6d45-4480-a1f1-d41cc2d38630:c7073]
2019-06-13 13:50:52,468 INFO  client.GrpcClientProtocolClient (GrpcClientProtocolClient.java:onNext(254)) - client-D47EFDF0E133->5d71e5de-6d45-4480-a1f1-d41cc2d38630: receive RaftClientReply:client-D47EFDF0E133->5d71e5de-6d45-4480-a1f1-d41cc2d38630@group-C6AEA7A4B82B, cid=4302, SUCCESS, logIndex=7075, commits[5d71e5de-6d45-4480-a1f1-d41cc2d38630:c7075]
2019-06-13 13:50:52,470 INFO  client.GrpcClientProtocolClient (GrpcClientProtocolClient.java:onNext(254)) - client-D47EFDF0E133->5d71e5de-6d45-4480-a1f1-d41cc2d38630: receive RaftClientReply:client-D47EFDF0E133->5d71e5de-6d45-4480-a1f1-d41cc2d38630@group-C6AEA7A4B82B, cid=4303, SUCCESS, logIndex=7076, commits[5d71e5de-6d45-4480-a1f1-d41cc2d38630:c7078]
2019-06-13 13:50:52,470 INFO  client.GrpcClientProtocolClient (GrpcClientProtocolClient.java:onNext(254)) - client-D47EFDF0E133->5d71e5de-6d45-4480-a1f1-d41cc2d38630: receive RaftClientReply:client-D47EFDF0E133->5d71e5de-6d45-4480-a1f1-d41cc2d38630@group-C6AEA7A4B82B, cid=4304, SUCCESS, logIndex=7077, commits[5d71e5de-6d45-4480-a1f1-d41cc2d38630:c7078]
2019-06-13 13:50:52,485 INFO  storage.RaftLogWorker (RaftLogWorker.java:rollLogSegment(303)) - 5d71e5de-6d45-4480-a1f1-d41cc2d38630-RaftLogWorker: Rolling segment log-7015_7078 to index:7078
2019-06-13 13:50:52,486 INFO  storage.RaftLogWorker (RaftLogWorker.java:execute(433)) - 5d71e5de-6d45-4480-a1f1-d41cc2d38630-RaftLogWorker: Rolled log segment from /opt/src/hadoop-ozone/integration-test/target/test-dir/MiniOzoneClusterImpl-c05bfa39-b333-4767-bc96-5a78f3430938/datanode-0/data/ratis/3aee30eb-3db1-472a-b851-c6aea7a4b82b/current/log_inprogress_7015 to /opt/src/hadoop-ozone/integration-test/target/test-dir/MiniOzoneClusterImpl-c05bfa39-b333-4767-bc96-5a78f3430938/datanode-0/data/ratis/3aee30eb-3db1-472a-b851-c6aea7a4b82b/current/log_7015-7078
2019-06-13 13:50:52,494 DEBUG block.SCMBlockDeletingService (SCMBlockDeletingService.java:call(138)) - Running DeletedBlockTransactionScanner
2019-06-13 13:50:52,495 DEBUG block.SCMBlockDeletingService (SCMBlockDeletingService.java:call(155)) - Scanned deleted blocks log and got 0 delTX to process.
2019-06-13 13:50:52,525 INFO  storage.RaftLogWorker (RaftLogWorker.java:execute(469)) - 5d71e5de-6d45-4480-a1f1-d41cc2d38630-RaftLogWorker: created new log segment /opt/src/hadoop-ozone/integration-test/target/test-dir/MiniOzoneClusterImpl-c05bfa39-b333-4767-bc96-5a78f3430938/datanode-0/data/ratis/3aee30eb-3db1-472a-b851-c6aea7a4b82b/current/log_inprogress_7079
2019-06-13 13:50:52,527 INFO  client.GrpcClientProtocolClient (GrpcClientProtocolClient.java:onNext(254)) - client-D47EFDF0E133->5d71e5de-6d45-4480-a1f1-d41cc2d38630: receive RaftClientReply:client-D47EFDF0E133->5d71e5de-6d45-4480-a1f1-d41cc2d38630@group-C6AEA7A4B82B, cid=4305, SUCCESS, logIndex=7079, commits[5d71e5de-6d45-4480-a1f1-d41cc2d38630:c7079]
2019-06-13 13:50:52,529 INFO  client.GrpcClientProtocolClient (GrpcClientProtocolClient.java:onNext(254)) - client-D47EFDF0E133->5d71e5de-6d45-4480-a1f1-d41cc2d38630: receive RaftClientReply:client-D47EFDF0E133->5d71e5de-6d45-4480-a1f1-d41cc2d38630@group-C6AEA7A4B82B, cid=4306, SUCCESS, logIndex=7081, commits[5d71e5de-6d45-4480-a1f1-d41cc2d38630:c7081]
2019-06-13 13:50:52,529 INFO  client.GrpcClientProtocolClient (GrpcClientProtocolClient.java:onNext(254)) - client-D47EFDF0E133->5d71e5de-6d45-4480-a1f1-d41cc2d38630: receive RaftClientReply:client-D47EFDF0E133->5d71e5de-6d45-4480-a1f1-d41cc2d38630@group-C6AEA7A4B82B, cid=4307, SUCCESS, logIndex=7082, commits[5d71e5de-6d45-4480-a1f1-d41cc2d38630:c7083]
2019-06-13 13:50:52,530 INFO  client.GrpcClientProtocolClient (GrpcClientProtocolClient.java:onNext(254)) - client-D47EFDF0E133->5d71e5de-6d45-4480-a1f1-d41cc2d38630: receive RaftClientReply:client-D47EFDF0E133->5d71e5de-6d45-4480-a1f1-d41cc2d38630@group-C6AEA7A4B82B, cid=4308, SUCCESS, logIndex=7083, commits[5d71e5de-6d45-4480-a1f1-d41cc2d38630:c7083]
2019-06-13 13:50:52,535 INFO  client.GrpcClientProtocolClient (GrpcClientProtocolClient.java:onNext(254)) - client-D47EFDF0E133->5d71e5de-6d45-4480-a1f1-d41cc2d38630: receive RaftClientReply:client-D47EFDF0E133->5d71e5de-6d45-4480-a1f1-d41cc2d38630@group-C6AEA7A4B82B, cid=4309, SUCCESS, logIndex=7086, commits[5d71e5de-6d45-4480-a1f1-d41cc2d38630:c7086]
2019-06-13 13:50:52,536 INFO  client.GrpcClientProtocolClient (GrpcClientProtocolClient.java:onNext(254)) - client-D47EFDF0E133->5d71e5de-6d45-4480-a1f1-d41cc2d38630: receive RaftClientReply:client-D47EFDF0E133->5d71e5de-6d45-4480-a1f1-d41cc2d38630@group-C6AEA7A4B82B, cid=4310, SUCCESS, logIndex=7088, commits[5d71e5de-6d45-4480-a1f1-d41cc2d38630:c7088]
2019-06-13 13:50:52,538 INFO  client.GrpcClientProtocolClient (GrpcClientProtocolClient.java:onNext(254)) - client-D47EFDF0E133->5d71e5de-6d45-4480-a1f1-d41cc2d38630: receive RaftClientReply:client-D47EFDF0E133->5d71e5de-6d45-4480-a1f1-d41cc2d38630@group-C6AEA7A4B82B, cid=4311, SUCCESS, logIndex=7089, commits[5d71e5de-6d45-4480-a1f1-d41cc2d38630:c7091]
2019-06-13 13:50:52,538 INFO  client.GrpcClientProtocolClient (GrpcClientProtocolClient.java:onNext(254)) - client-D47EFDF0E133->5d71e5de-6d45-4480-a1f1-d41cc2d38630: receive RaftClientReply:client-D47EFDF0E133->5d71e5de-6d45-4480-a1f1-d41cc2d38630@group-C6AEA7A4B82B, cid=4312, SUCCESS, logIndex=7090, commits[5d71e5de-6d45-4480-a1f1-d41cc2d38630:c7091]
2019-06-13 13:50:52,548 INFO  client.GrpcClientProtocolClient (GrpcClientProtocolClient.java:onNext(254)) - client-D47EFDF0E133->5d71e5de-6d45-4480-a1f1-d41cc2d38630: receive RaftClientReply:client-D47EFDF0E133->5d71e5de-6d45-4480-a1f1-d41cc2d38630@group-C6AEA7A4B82B, cid=4313, SUCCESS, logIndex=7092, commits[5d71e5de-6d45-4480-a1f1-d41cc2d38630:c7092]
2019-06-13 13:50:52,550 INFO  client.GrpcClientProtocolClient (GrpcClientProtocolClient.java:onNext(254)) - client-D47EFDF0E133->5d71e5de-6d45-4480-a1f1-d41cc2d38630: receive RaftClientReply:client-D47EFDF0E133->5d71e5de-6d45-4480-a1f1-d41cc2d38630@group-C6AEA7A4B82B, cid=4314, SUCCESS, logIndex=7094, commits[5d71e5de-6d45-4480-a1f1-d41cc2d38630:c7094]
2019-06-13 13:50:52,551 INFO  client.GrpcClientProtocolClient (GrpcClientProtocolClient.java:onNext(254)) - client-D47EFDF0E133->5d71e5de-6d45-4480-a1f1-d41cc2d38630: receive RaftClientReply:client-D47EFDF0E133->5d71e5de-6d45-4480-a1f1-d41cc2d38630@group-C6AEA7A4B82B, cid=4315, SUCCESS, logIndex=7095, commits[5d71e5de-6d45-4480-a1f1-d41cc2d38630:c7097]
2019-06-13 13:50:52,551 INFO  client.GrpcClientProtocolClient (GrpcClientProtocolClient.java:onNext(254)) - client-D47EFDF0E133->5d71e5de-6d45-4480-a1f1-d41cc2d38630: receive RaftClientReply:client-D47EFDF0E133->5d71e5de-6d45-4480-a1f1-d41cc2d38630@group-C6AEA7A4B82B, cid=4316, SUCCESS, logIndex=7096, commits[5d71e5de-6d45-4480-a1f1-d41cc2d38630:c7097]
2019-06-13 13:50:52,556 INFO  client.GrpcClientProtocolClient (GrpcClientProtocolClient.java:onNext(254)) - client-D47EFDF0E133->5d71e5de-6d45-4480-a1f1-d41cc2d38630: receive RaftClientReply:client-D47EFDF0E133->5d71e5de-6d45-4480-a1f1-d41cc2d38630@group-C6AEA7A4B82B, cid=4317, SUCCESS, logIndex=7098, commits[5d71e5de-6d45-4480-a1f1-d41cc2d38630:c7098]
2019-06-13 13:50:52,558 INFO  client.GrpcClientProtocolClient (GrpcClientProtocolClient.java:onNext(254)) - client-D47EFDF0E133->5d71e5de-6d45-4480-a1f1-d41cc2d38630: receive RaftClientReply:client-D47EFDF0E133->5d71e5de-6d45-4480-a1f1-d41cc2d38630@group-C6AEA7A4B82B, cid=4318, SUCCESS, logIndex=7100, commits[5d71e5de-6d45-4480-a1f1-d41cc2d38630:c7100]
2019-06-13 13:50:52,559 INFO  client.GrpcClientProtocolClient (GrpcClientProtocolClient.java:onNext(254)) - client-D47EFDF0E133->5d71e5de-6d45-4480-a1f1-d41cc2d38630: receive RaftClientReply:client-D47EFDF0E133->5d71e5de-6d45-4480-a1f1-d41cc2d38630@group-C6AEA7A4B82B, cid=4319, SUCCESS, logIndex=7101, commits[5d71e5de-6d45-4480-a1f1-d41cc2d38630:c7103]
2019-06-13 13:50:52,559 INFO  client.GrpcClientProtocolClient (GrpcClientProtocolClient.java:onNext(254)) - client-D47EFDF0E133->5d71e5de-6d45-4480-a1f1-d41cc2d38630: receive RaftClientReply:client-D47EFDF0E133->5d71e5de-6d45-4480-a1f1-d41cc2d38630@group-C6AEA7A4B82B, cid=4320, SUCCESS, logIndex=7102, commits[5d71e5de-6d45-4480-a1f1-d41cc2d38630:c7103]
2019-06-13 13:50:52,569 INFO  client.GrpcClientProtocolClient (GrpcClientProtocolClient.java:onNext(254)) - client-D47EFDF0E133->5d71e5de-6d45-4480-a1f1-d41cc2d38630: receive RaftClientReply:client-D47EFDF0E133->5d71e5de-6d45-4480-a1f1-d41cc2d38630@group-C6AEA7A4B82B, cid=4321, SUCCESS, logIndex=7104, commits[5d71e5de-6d45-4480-a1f1-d41cc2d38630:c7104]
2019-06-13 13:50:52,571 INFO  client.GrpcClientProtocolClient (GrpcClientProtocolClient.java:onNext(254)) - client-D47EFDF0E133->5d71e5de-6d45-4480-a1f1-d41cc2d38630: receive RaftClientReply:client-D47EFDF0E133->5d71e5de-6d45-4480-a1f1-d41cc2d38630@group-C6AEA7A4B82B, cid=4322, SUCCESS, logIndex=7106, commits[5d71e5de-6d45-4480-a1f1-d41cc2d38630:c7106]
2019-06-13 13:50:52,572 INFO  client.GrpcClientProtocolClient (GrpcClientProtocolClient.java:onNext(254)) - client-D47EFDF0E133->5d71e5de-6d45-4480-a1f1-d41cc2d38630: receive RaftClientReply:client-D47EFDF0E133->5d71e5de-6d45-4480-a1f1-d41cc2d38630@group-C6AEA7A4B82B, cid=4323, SUCCESS, logIndex=7107, commits[5d71e5de-6d45-4480-a1f1-d41cc2d38630:c7109]
2019-06-13 13:50:52,572 INFO  client.GrpcClientProtocolClient (GrpcClientProtocolClient.java:onNext(254)) - client-D47EFDF0E133->5d71e5de-6d45-4480-a1f1-d41cc2d38630: receive RaftClientReply:client-D47EFDF0E133->5d71e5de-6d45-4480-a1f1-d41cc2d38630@group-C6AEA7A4B82B, cid=4324, SUCCESS, logIndex=7108, commits[5d71e5de-6d45-4480-a1f1-d41cc2d38630:c7109]
2019-06-13 13:50:52,577 INFO  client.GrpcClientProtocolClient (GrpcClientProtocolClient.java:onNext(254)) - client-D47EFDF0E133->5d71e5de-6d45-4480-a1f1-d41cc2d38630: receive RaftClientReply:client-D47EFDF0E133->5d71e5de-6d45-4480-a1f1-d41cc2d38630@group-C6AEA7A4B82B, cid=4325, SUCCESS, logIndex=7110, commits[5d71e5de-6d45-4480-a1f1-d41cc2d38630:c7110]
2019-06-13 13:50:52,578 INFO  client.GrpcClientProtocolClient (GrpcClientProtocolClient.java:onNext(254)) - client-D47EFDF0E133->5d71e5de-6d45-4480-a1f1-d41cc2d38630: receive RaftClientReply:client-D47EFDF0E133->5d71e5de-6d45-4480-a1f1-d41cc2d38630@group-C6AEA7A4B82B, cid=4326, SUCCESS, logIndex=7112, commits[5d71e5de-6d45-4480-a1f1-d41cc2d38630:c7112]
2019-06-13 13:50:52,579 INFO  client.GrpcClientProtocolClient (GrpcClientProtocolClient.java:onNext(254)) - client-D47EFDF0E133->5d71e5de-6d45-4480-a1f1-d41cc2d38630: receive RaftClientReply:client-D47EFDF0E133->5d71e5de-6d45-4480-a1f1-d41cc2d38630@group-C6AEA7A4B82B, cid=4327, SUCCESS, logIndex=7113, commits[5d71e5de-6d45-4480-a1f1-d41cc2d38630:c7115]
2019-06-13 13:50:52,580 INFO  client.GrpcClientProtocolClient (GrpcClientProtocolClient.java:onNext(254)) - client-D47EFDF0E133->5d71e5de-6d45-4480-a1f1-d41cc2d38630: receive RaftClientReply:client-D47EFDF0E133->5d71e5de-6d45-4480-a1f1-d41cc2d38630@group-C6AEA7A4B82B, cid=4328, SUCCESS, logIndex=7114, commits[5d71e5de-6d45-4480-a1f1-d41cc2d38630:c7115]
2019-06-13 13:50:52,590 INFO  client.GrpcClientProtocolClient (GrpcClientProtocolClient.java:onNext(254)) - client-D47EFDF0E133->5d71e5de-6d45-4480-a1f1-d41cc2d38630: receive RaftClientReply:client-D47EFDF0E133->5d71e5de-6d45-4480-a1f1-d41cc2d38630@group-C6AEA7A4B82B, cid=4329, SUCCESS, logIndex=7116, commits[5d71e5de-6d45-4480-a1f1-d41cc2d38630:c7116]
2019-06-13 13:50:52,592 INFO  client.GrpcClientProtocolClient (GrpcClientProtocolClient.java:onNext(254)) - client-D47EFDF0E133->5d71e5de-6d45-4480-a1f1-d41cc2d38630: receive RaftClientReply:client-D47EFDF0E133->5d71e5de-6d45-4480-a1f1-d41cc2d38630@group-C6AEA7A4B82B, cid=4330, SUCCESS, logIndex=7118, commits[5d71e5de-6d45-4480-a1f1-d41cc2d38630:c7118]
2019-06-13 13:50:52,592 INFO  client.GrpcClientProtocolClient (GrpcClientProtocolClient.java:onNext(254)) - client-D47EFDF0E133->5d71e5de-6d45-4480-a1f1-d41cc2d38630: receive RaftClientReply:client-D47EFDF0E133->5d71e5de-6d45-4480-a1f1-d41cc2d38630@group-C6AEA7A4B82B, cid=4331, SUCCESS, logIndex=7119, commits[5d71e5de-6d45-4480-a1f1-d41cc2d38630:c7119]
2019-06-13 13:50:52,593 INFO  client.GrpcClientProtocolClient (GrpcClientProtocolClient.java:onNext(254)) - client-D47EFDF0E133->5d71e5de-6d45-4480-a1f1-d41cc2d38630: receive RaftClientReply:client-D47EFDF0E133->5d71e5de-6d45-4480-a1f1-d41cc2d38630@group-C6AEA7A4B82B, cid=4332, SUCCESS, logIndex=7121, commits[5d71e5de-6d45-4480-a1f1-d41cc2d38630:c7121]
2019-06-13 13:50:52,595 DEBUG block.SCMBlockDeletingService (SCMBlockDeletingService.java:call(138)) - Running DeletedBlockTransactionScanner
2019-06-13 13:50:52,595 DEBUG block.SCMBlockDeletingService (SCMBlockDeletingService.java:call(155)) - Scanned deleted blocks log and got 0 delTX to process.
2019-06-13 13:50:52,703 DEBUG block.SCMBlockDeletingService (SCMBlockDeletingService.java:call(138)) - Running DeletedBlockTransactionScanner
2019-06-13 13:50:52,703 DEBUG block.SCMBlockDeletingService (SCMBlockDeletingService.java:call(155)) - Scanned deleted blocks log and got 0 delTX to process.
2019-06-13 13:50:52,713 INFO  client.GrpcClientProtocolClient (GrpcClientProtocolClient.java:onNext(254)) - client-D47EFDF0E133->5d71e5de-6d45-4480-a1f1-d41cc2d38630: receive RaftClientReply:client-D47EFDF0E133->5d71e5de-6d45-4480-a1f1-d41cc2d38630@group-C6AEA7A4B82B, cid=4333, SUCCESS, logIndex=7124, commits[5d71e5de-6d45-4480-a1f1-d41cc2d38630:c7124]
2019-06-13 13:50:52,714 INFO  client.GrpcClientProtocolClient (GrpcClientProtocolClient.java:onNext(254)) - client-D47EFDF0E133->5d71e5de-6d45-4480-a1f1-d41cc2d38630: receive RaftClientReply:client-D47EFDF0E133->5d71e5de-6d45-4480-a1f1-d41cc2d38630@group-C6AEA7A4B82B, cid=4334, SUCCESS, logIndex=7126, commits[5d71e5de-6d45-4480-a1f1-d41cc2d38630:c7126]
2019-06-13 13:50:52,715 INFO  client.GrpcClientProtocolClient (GrpcClientProtocolClient.java:onNext(254)) - client-D47EFDF0E133->5d71e5de-6d45-4480-a1f1-d41cc2d38630: receive RaftClientReply:client-D47EFDF0E133->5d71e5de-6d45-4480-a1f1-d41cc2d38630@group-C6AEA7A4B82B, cid=4335, SUCCESS, logIndex=7127, commits[5d71e5de-6d45-4480-a1f1-d41cc2d38630:c7129]
2019-06-13 13:50:52,715 INFO  client.GrpcClientProtocolClient (GrpcClientProtocolClient.java:onNext(254)) - client-D47EFDF0E133->5d71e5de-6d45-4480-a1f1-d41cc2d38630: receive RaftClientReply:client-D47EFDF0E133->5d71e5de-6d45-4480-a1f1-d41cc2d38630@group-C6AEA7A4B82B, cid=4336, SUCCESS, logIndex=7128, commits[5d71e5de-6d45-4480-a1f1-d41cc2d38630:c7129]
2019-06-13 13:50:52,725 INFO  client.GrpcClientProtocolClient (GrpcClientProtocolClient.java:onNext(254)) - client-D47EFDF0E133->5d71e5de-6d45-4480-a1f1-d41cc2d38630: receive RaftClientReply:client-D47EFDF0E133->5d71e5de-6d45-4480-a1f1-d41cc2d38630@group-C6AEA7A4B82B, cid=4337, SUCCESS, logIndex=7130, commits[5d71e5de-6d45-4480-a1f1-d41cc2d38630:c7130]
2019-06-13 13:50:52,727 INFO  client.GrpcClientProtocolClient (GrpcClientProtocolClient.java:onNext(254)) - client-D47EFDF0E133->5d71e5de-6d45-4480-a1f1-d41cc2d38630: receive RaftClientReply:client-D47EFDF0E133->5d71e5de-6d45-4480-a1f1-d41cc2d38630@group-C6AEA7A4B82B, cid=4338, SUCCESS, logIndex=7132, commits[5d71e5de-6d45-4480-a1f1-d41cc2d38630:c7132]
2019-06-13 13:50:52,727 INFO  client.GrpcClientProtocolClient (GrpcClientProtocolClient.java:onNext(254)) - client-D47EFDF0E133->5d71e5de-6d45-4480-a1f1-d41cc2d38630: receive RaftClientReply:client-D47EFDF0E133->5d71e5de-6d45-4480-a1f1-d41cc2d38630@group-C6AEA7A4B82B, cid=4339, SUCCESS, logIndex=7133, commits[5d71e5de-6d45-4480-a1f1-d41cc2d38630:c7135]
2019-06-13 13:50:52,728 INFO  client.GrpcClientProtocolClient (GrpcClientProtocolClient.java:onNext(254)) - client-D47EFDF0E133->5d71e5de-6d45-4480-a1f1-d41cc2d38630: receive RaftClientReply:client-D47EFDF0E133->5d71e5de-6d45-4480-a1f1-d41cc2d38630@group-C6AEA7A4B82B, cid=4340, SUCCESS, logIndex=7134, commits[5d71e5de-6d45-4480-a1f1-d41cc2d38630:c7135]
2019-06-13 13:50:52,732 INFO  client.GrpcClientProtocolClient (GrpcClientProtocolClient.java:onNext(254)) - client-D47EFDF0E133->5d71e5de-6d45-4480-a1f1-d41cc2d38630: receive RaftClientReply:client-D47EFDF0E133->5d71e5de-6d45-4480-a1f1-d41cc2d38630@group-C6AEA7A4B82B, cid=4341, SUCCESS, logIndex=7136, commits[5d71e5de-6d45-4480-a1f1-d41cc2d38630:c7136]
2019-06-13 13:50:52,734 INFO  client.GrpcClientProtocolClient (GrpcClientProtocolClient.java:onNext(254)) - client-D47EFDF0E133->5d71e5de-6d45-4480-a1f1-d41cc2d38630: receive RaftClientReply:client-D47EFDF0E133->5d71e5de-6d45-4480-a1f1-d41cc2d38630@group-C6AEA7A4B82B, cid=4342, SUCCESS, logIndex=7138, commits[5d71e5de-6d45-4480-a1f1-d41cc2d38630:c7138]
2019-06-13 13:50:52,735 INFO  client.GrpcClientProtocolClient (GrpcClientProtocolClient.java:onNext(254)) - client-D47EFDF0E133->5d71e5de-6d45-4480-a1f1-d41cc2d38630: receive RaftClientReply:client-D47EFDF0E133->5d71e5de-6d45-4480-a1f1-d41cc2d38630@group-C6AEA7A4B82B, cid=4343, SUCCESS, logIndex=7139, commits[5d71e5de-6d45-4480-a1f1-d41cc2d38630:c7141]
2019-06-13 13:50:52,735 INFO  client.GrpcClientProtocolClient (GrpcClientProtocolClient.java:onNext(254)) - client-D47EFDF0E133->5d71e5de-6d45-4480-a1f1-d41cc2d38630: receive RaftClientReply:client-D47EFDF0E133->5d71e5de-6d45-4480-a1f1-d41cc2d38630@group-C6AEA7A4B82B, cid=4344, SUCCESS, logIndex=7140, commits[5d71e5de-6d45-4480-a1f1-d41cc2d38630:c7141]
2019-06-13 13:50:52,747 INFO  client.GrpcClientProtocolClient (GrpcClientProtocolClient.java:onNext(254)) - client-D47EFDF0E133->5d71e5de-6d45-4480-a1f1-d41cc2d38630: receive RaftClientReply:client-D47EFDF0E133->5d71e5de-6d45-4480-a1f1-d41cc2d38630@group-C6AEA7A4B82B, cid=4345, SUCCESS, logIndex=7142, commits[5d71e5de-6d45-4480-a1f1-d41cc2d38630:c7142]
2019-06-13 13:50:52,749 INFO  client.GrpcClientProtocolClient (GrpcClientProtocolClient.java:onNext(254)) - client-D47EFDF0E133->5d71e5de-6d45-4480-a1f1-d41cc2d38630: receive RaftClientReply:client-D47EFDF0E133->5d71e5de-6d45-4480-a1f1-d41cc2d38630@group-C6AEA7A4B82B, cid=4346, SUCCESS, logIndex=7144, commits[5d71e5de-6d45-4480-a1f1-d41cc2d38630:c7144]
2019-06-13 13:50:52,749 INFO  client.GrpcClientProtocolClient (GrpcClientProtocolClient.java:onNext(254)) - client-D47EFDF0E133->5d71e5de-6d45-4480-a1f1-d41cc2d38630: receive RaftClientReply:client-D47EFDF0E133->5d71e5de-6d45-4480-a1f1-d41cc2d38630@group-C6AEA7A4B82B, cid=4347, SUCCESS, logIndex=7145, commits[5d71e5de-6d45-4480-a1f1-d41cc2d38630:c7145]
2019-06-13 13:50:52,750 INFO  client.GrpcClientProtocolClient (GrpcClientProtocolClient.java:onNext(254)) - client-D47EFDF0E133->5d71e5de-6d45-4480-a1f1-d41cc2d38630: receive RaftClientReply:client-D47EFDF0E133->5d71e5de-6d45-4480-a1f1-d41cc2d38630@group-C6AEA7A4B82B, cid=4348, SUCCESS, logIndex=7147, commits[5d71e5de-6d45-4480-a1f1-d41cc2d38630:c7147]
2019-06-13 13:50:52,752 INFO  storage.RaftLogWorker (RaftLogWorker.java:rollLogSegment(303)) - 5d71e5de-6d45-4480-a1f1-d41cc2d38630-RaftLogWorker: Rolling segment log-7079_7149 to index:7149
2019-06-13 13:50:52,755 INFO  storage.RaftLogWorker (RaftLogWorker.java:execute(433)) - 5d71e5de-6d45-4480-a1f1-d41cc2d38630-RaftLogWorker: Rolled log segment from /opt/src/hadoop-ozone/integration-test/target/test-dir/MiniOzoneClusterImpl-c05bfa39-b333-4767-bc96-5a78f3430938/datanode-0/data/ratis/3aee30eb-3db1-472a-b851-c6aea7a4b82b/current/log_inprogress_7079 to /opt/src/hadoop-ozone/integration-test/target/test-dir/MiniOzoneClusterImpl-c05bfa39-b333-4767-bc96-5a78f3430938/datanode-0/data/ratis/3aee30eb-3db1-472a-b851-c6aea7a4b82b/current/log_7079-7149
2019-06-13 13:50:52,793 INFO  storage.RaftLogWorker (RaftLogWorker.java:execute(469)) - 5d71e5de-6d45-4480-a1f1-d41cc2d38630-RaftLogWorker: created new log segment /opt/src/hadoop-ozone/integration-test/target/test-dir/MiniOzoneClusterImpl-c05bfa39-b333-4767-bc96-5a78f3430938/datanode-0/data/ratis/3aee30eb-3db1-472a-b851-c6aea7a4b82b/current/log_inprogress_7150
2019-06-13 13:50:52,794 INFO  client.GrpcClientProtocolClient (GrpcClientProtocolClient.java:onNext(254)) - client-D47EFDF0E133->5d71e5de-6d45-4480-a1f1-d41cc2d38630: receive RaftClientReply:client-D47EFDF0E133->5d71e5de-6d45-4480-a1f1-d41cc2d38630@group-C6AEA7A4B82B, cid=4349, SUCCESS, logIndex=7150, commits[5d71e5de-6d45-4480-a1f1-d41cc2d38630:c7150]
2019-06-13 13:50:52,796 INFO  client.GrpcClientProtocolClient (GrpcClientProtocolClient.java:onNext(254)) - client-D47EFDF0E133->5d71e5de-6d45-4480-a1f1-d41cc2d38630: receive RaftClientReply:client-D47EFDF0E133->5d71e5de-6d45-4480-a1f1-d41cc2d38630@group-C6AEA7A4B82B, cid=4350, SUCCESS, logIndex=7152, commits[5d71e5de-6d45-4480-a1f1-d41cc2d38630:c7152]
2019-06-13 13:50:52,797 INFO  client.GrpcClientProtocolClient (GrpcClientProtocolClient.java:onNext(254)) - client-D47EFDF0E133->5d71e5de-6d45-4480-a1f1-d41cc2d38630: receive RaftClientReply:client-D47EFDF0E133->5d71e5de-6d45-4480-a1f1-d41cc2d38630@group-C6AEA7A4B82B, cid=4351, SUCCESS, logIndex=7153, commits[5d71e5de-6d45-4480-a1f1-d41cc2d38630:c7153]
2019-06-13 13:50:52,797 INFO  client.GrpcClientProtocolClient (GrpcClientProtocolClient.java:onNext(254)) - client-D47EFDF0E133->5d71e5de-6d45-4480-a1f1-d41cc2d38630: receive RaftClientReply:client-D47EFDF0E133->5d71e5de-6d45-4480-a1f1-d41cc2d38630@group-C6AEA7A4B82B, cid=4352, SUCCESS, logIndex=7155, commits[5d71e5de-6d45-4480-a1f1-d41cc2d38630:c7155]
2019-06-13 13:50:52,803 DEBUG block.SCMBlockDeletingService (SCMBlockDeletingService.java:call(138)) - Running DeletedBlockTransactionScanner
2019-06-13 13:50:52,803 DEBUG block.SCMBlockDeletingService (SCMBlockDeletingService.java:call(155)) - Scanned deleted blocks log and got 0 delTX to process.
2019-06-13 13:50:52,812 INFO  client.GrpcClientProtocolClient (GrpcClientProtocolClient.java:onNext(254)) - client-D47EFDF0E133->5d71e5de-6d45-4480-a1f1-d41cc2d38630: receive RaftClientReply:client-D47EFDF0E133->5d71e5de-6d45-4480-a1f1-d41cc2d38630@group-C6AEA7A4B82B, cid=4353, SUCCESS, logIndex=7158, commits[5d71e5de-6d45-4480-a1f1-d41cc2d38630:c7158]
2019-06-13 13:50:52,814 INFO  client.GrpcClientProtocolClient (GrpcClientProtocolClient.java:onNext(254)) - client-D47EFDF0E133->5d71e5de-6d45-4480-a1f1-d41cc2d38630: receive RaftClientReply:client-D47EFDF0E133->5d71e5de-6d45-4480-a1f1-d41cc2d38630@group-C6AEA7A4B82B, cid=4354, SUCCESS, logIndex=7160, commits[5d71e5de-6d45-4480-a1f1-d41cc2d38630:c7160]
2019-06-13 13:50:52,814 INFO  client.GrpcClientProtocolClient (GrpcClientProtocolClient.java:onNext(254)) - client-D47EFDF0E133->5d71e5de-6d45-4480-a1f1-d41cc2d38630: receive RaftClientReply:client-D47EFDF0E133->5d71e5de-6d45-4480-a1f1-d41cc2d38630@group-C6AEA7A4B82B, cid=4355, SUCCESS, logIndex=7161, commits[5d71e5de-6d45-4480-a1f1-d41cc2d38630:c7163]
2019-06-13 13:50:52,815 INFO  client.GrpcClientProtocolClient (GrpcClientProtocolClient.java:onNext(254)) - client-D47EFDF0E133->5d71e5de-6d45-4480-a1f1-d41cc2d38630: receive RaftClientReply:client-D47EFDF0E133->5d71e5de-6d45-4480-a1f1-d41cc2d38630@group-C6AEA7A4B82B, cid=4356, SUCCESS, logIndex=7162, commits[5d71e5de-6d45-4480-a1f1-d41cc2d38630:c7163]
2019-06-13 13:50:52,820 INFO  client.GrpcClientProtocolClient (GrpcClientProtocolClient.java:onNext(254)) - client-D47EFDF0E133->5d71e5de-6d45-4480-a1f1-d41cc2d38630: receive RaftClientReply:client-D47EFDF0E133->5d71e5de-6d45-4480-a1f1-d41cc2d38630@group-C6AEA7A4B82B, cid=4357, SUCCESS, logIndex=7164, commits[5d71e5de-6d45-4480-a1f1-d41cc2d38630:c7164]
2019-06-13 13:50:52,821 INFO  client.GrpcClientProtocolClient (GrpcClientProtocolClient.java:onNext(254)) - client-D47EFDF0E133->5d71e5de-6d45-4480-a1f1-d41cc2d38630: receive RaftClientReply:client-D47EFDF0E133->5d71e5de-6d45-4480-a1f1-d41cc2d38630@group-C6AEA7A4B82B, cid=4358, SUCCESS, logIndex=7166, commits[5d71e5de-6d45-4480-a1f1-d41cc2d38630:c7166]
2019-06-13 13:50:52,822 INFO  client.GrpcClientProtocolClient (GrpcClientProtocolClient.java:onNext(254)) - client-D47EFDF0E133->5d71e5de-6d45-4480-a1f1-d41cc2d38630: receive RaftClientReply:client-D47EFDF0E133->5d71e5de-6d45-4480-a1f1-d41cc2d38630@group-C6AEA7A4B82B, cid=4359, SUCCESS, logIndex=7167, commits[5d71e5de-6d45-4480-a1f1-d41cc2d38630:c7169]
2019-06-13 13:50:52,822 INFO  client.GrpcClientProtocolClient (GrpcClientProtocolClient.java:onNext(254)) - client-D47EFDF0E133->5d71e5de-6d45-4480-a1f1-d41cc2d38630: receive RaftClientReply:client-D47EFDF0E133->5d71e5de-6d45-4480-a1f1-d41cc2d38630@group-C6AEA7A4B82B, cid=4360, SUCCESS, logIndex=7168, commits[5d71e5de-6d45-4480-a1f1-d41cc2d38630:c7169]
2019-06-13 13:50:52,833 INFO  client.GrpcClientProtocolClient (GrpcClientProtocolClient.java:onNext(254)) - client-D47EFDF0E133->5d71e5de-6d45-4480-a1f1-d41cc2d38630: receive RaftClientReply:client-D47EFDF0E133->5d71e5de-6d45-4480-a1f1-d41cc2d38630@group-C6AEA7A4B82B, cid=4361, SUCCESS, logIndex=7170, commits[5d71e5de-6d45-4480-a1f1-d41cc2d38630:c7170]
2019-06-13 13:50:52,835 INFO  client.GrpcClientProtocolClient (GrpcClientProtocolClient.java:onNext(254)) - client-D47EFDF0E133->5d71e5de-6d45-4480-a1f1-d41cc2d38630: receive RaftClientReply:client-D47EFDF0E133->5d71e5de-6d45-4480-a1f1-d41cc2d38630@group-C6AEA7A4B82B, cid=4362, SUCCESS, logIndex=7172, commits[5d71e5de-6d45-4480-a1f1-d41cc2d38630:c7172]
2019-06-13 13:50:52,837 INFO  client.GrpcClientProtocolClient (GrpcClientProtocolClient.java:onNext(254)) - client-D47EFDF0E133->5d71e5de-6d45-4480-a1f1-d41cc2d38630: receive RaftClientReply:client-D47EFDF0E133->5d71e5de-6d45-4480-a1f1-d41cc2d38630@group-C6AEA7A4B82B, cid=4363, SUCCESS, logIndex=7173, commits[5d71e5de-6d45-4480-a1f1-d41cc2d38630:c7173]
2019-06-13 13:50:52,837 INFO  client.GrpcClientProtocolClient (GrpcClientProtocolClient.java:onNext(254)) - client-D47EFDF0E133->5d71e5de-6d45-4480-a1f1-d41cc2d38630: receive RaftClientReply:client-D47EFDF0E133->5d71e5de-6d45-4480-a1f1-d41cc2d38630@group-C6AEA7A4B82B, cid=4364, SUCCESS, logIndex=7175, commits[5d71e5de-6d45-4480-a1f1-d41cc2d38630:c7175]
2019-06-13 13:50:52,842 INFO  client.GrpcClientProtocolClient (GrpcClientProtocolClient.java:onNext(254)) - client-D47EFDF0E133->5d71e5de-6d45-4480-a1f1-d41cc2d38630: receive RaftClientReply:client-D47EFDF0E133->5d71e5de-6d45-4480-a1f1-d41cc2d38630@group-C6AEA7A4B82B, cid=4365, SUCCESS, logIndex=7178, commits[5d71e5de-6d45-4480-a1f1-d41cc2d38630:c7178]
2019-06-13 13:50:52,844 INFO  client.GrpcClientProtocolClient (GrpcClientProtocolClient.java:onNext(254)) - client-D47EFDF0E133->5d71e5de-6d45-4480-a1f1-d41cc2d38630: receive RaftClientReply:client-D47EFDF0E133->5d71e5de-6d45-4480-a1f1-d41cc2d38630@group-C6AEA7A4B82B, cid=4366, SUCCESS, logIndex=7180, commits[5d71e5de-6d45-4480-a1f1-d41cc2d38630:c7180]
2019-06-13 13:50:52,845 INFO  client.GrpcClientProtocolClient (GrpcClientProtocolClient.java:onNext(254)) - client-D47EFDF0E133->5d71e5de-6d45-4480-a1f1-d41cc2d38630: receive RaftClientReply:client-D47EFDF0E133->5d71e5de-6d45-4480-a1f1-d41cc2d38630@group-C6AEA7A4B82B, cid=4367, SUCCESS, logIndex=7181, commits[5d71e5de-6d45-4480-a1f1-d41cc2d38630:c7183]
2019-06-13 13:50:52,845 INFO  client.GrpcClientProtocolClient (GrpcClientProtocolClient.java:onNext(254)) - client-D47EFDF0E133->5d71e5de-6d45-4480-a1f1-d41cc2d38630: receive RaftClientReply:client-D47EFDF0E133->5d71e5de-6d45-4480-a1f1-d41cc2d38630@group-C6AEA7A4B82B, cid=4368, SUCCESS, logIndex=7182, commits[5d71e5de-6d45-4480-a1f1-d41cc2d38630:c7183]
2019-06-13 13:50:52,857 INFO  client.GrpcClientProtocolClient (GrpcClientProtocolClient.java:onNext(254)) - client-D47EFDF0E133->5d71e5de-6d45-4480-a1f1-d41cc2d38630: receive RaftClientReply:client-D47EFDF0E133->5d71e5de-6d45-4480-a1f1-d41cc2d38630@group-C6AEA7A4B82B, cid=4369, SUCCESS, logIndex=7184, commits[5d71e5de-6d45-4480-a1f1-d41cc2d38630:c7184]
2019-06-13 13:50:52,859 INFO  client.GrpcClientProtocolClient (GrpcClientProtocolClient.java:onNext(254)) - client-D47EFDF0E133->5d71e5de-6d45-4480-a1f1-d41cc2d38630: receive RaftClientReply:client-D47EFDF0E133->5d71e5de-6d45-4480-a1f1-d41cc2d38630@group-C6AEA7A4B82B, cid=4370, SUCCESS, logIndex=7186, commits[5d71e5de-6d45-4480-a1f1-d41cc2d38630:c7186]
2019-06-13 13:50:52,860 INFO  client.GrpcClientProtocolClient (GrpcClientProtocolClient.java:onNext(254)) - client-D47EFDF0E133->5d71e5de-6d45-4480-a1f1-d41cc2d38630: receive RaftClientReply:client-D47EFDF0E133->5d71e5de-6d45-4480-a1f1-d41cc2d38630@group-C6AEA7A4B82B, cid=4371, SUCCESS, logIndex=7187, commits[5d71e5de-6d45-4480-a1f1-d41cc2d38630:c7187]
2019-06-13 13:50:52,860 INFO  client.GrpcClientProtocolClient (GrpcClientProtocolClient.java:onNext(254)) - client-D47EFDF0E133->5d71e5de-6d45-4480-a1f1-d41cc2d38630: receive RaftClientReply:client-D47EFDF0E133->5d71e5de-6d45-4480-a1f1-d41cc2d38630@group-C6AEA7A4B82B, cid=4372, SUCCESS, logIndex=7189, commits[5d71e5de-6d45-4480-a1f1-d41cc2d38630:c7189]
2019-06-13 13:50:52,867 INFO  client.GrpcClientProtocolClient (GrpcClientProtocolClient.java:onNext(254)) - client-D47EFDF0E133->5d71e5de-6d45-4480-a1f1-d41cc2d38630: receive RaftClientReply:client-D47EFDF0E133->5d71e5de-6d45-4480-a1f1-d41cc2d38630@group-C6AEA7A4B82B, cid=4373, SUCCESS, logIndex=7192, commits[5d71e5de-6d45-4480-a1f1-d41cc2d38630:c7192]
2019-06-13 13:50:52,868 INFO  client.GrpcClientProtocolClient (GrpcClientProtocolClient.java:onNext(254)) - client-D47EFDF0E133->5d71e5de-6d45-4480-a1f1-d41cc2d38630: receive RaftClientReply:client-D47EFDF0E133->5d71e5de-6d45-4480-a1f1-d41cc2d38630@group-C6AEA7A4B82B, cid=4374, SUCCESS, logIndex=7194, commits[5d71e5de-6d45-4480-a1f1-d41cc2d38630:c7194]
2019-06-13 13:50:52,869 INFO  client.GrpcClientProtocolClient (GrpcClientProtocolClient.java:onNext(254)) - client-D47EFDF0E133->5d71e5de-6d45-4480-a1f1-d41cc2d38630: receive RaftClientReply:client-D47EFDF0E133->5d71e5de-6d45-4480-a1f1-d41cc2d38630@group-C6AEA7A4B82B, cid=4375, SUCCESS, logIndex=7195, commits[5d71e5de-6d45-4480-a1f1-d41cc2d38630:c7195]
2019-06-13 13:50:52,869 INFO  client.GrpcClientProtocolClient (GrpcClientProtocolClient.java:onNext(254)) - client-D47EFDF0E133->5d71e5de-6d45-4480-a1f1-d41cc2d38630: receive RaftClientReply:client-D47EFDF0E133->5d71e5de-6d45-4480-a1f1-d41cc2d38630@group-C6AEA7A4B82B, cid=4376, SUCCESS, logIndex=7197, commits[5d71e5de-6d45-4480-a1f1-d41cc2d38630:c7197]
2019-06-13 13:50:52,903 DEBUG block.SCMBlockDeletingService (SCMBlockDeletingService.java:call(138)) - Running DeletedBlockTransactionScanner
2019-06-13 13:50:52,904 DEBUG block.SCMBlockDeletingService (SCMBlockDeletingService.java:call(155)) - Scanned deleted blocks log and got 0 delTX to process.
2019-06-13 13:50:52,947 INFO  client.GrpcClientProtocolClient (GrpcClientProtocolClient.java:onNext(254)) - client-D47EFDF0E133->5d71e5de-6d45-4480-a1f1-d41cc2d38630: receive RaftClientReply:client-D47EFDF0E133->5d71e5de-6d45-4480-a1f1-d41cc2d38630@group-C6AEA7A4B82B, cid=4377, SUCCESS, logIndex=7200, commits[5d71e5de-6d45-4480-a1f1-d41cc2d38630:c7200]
2019-06-13 13:50:52,948 INFO  client.GrpcClientProtocolClient (GrpcClientProtocolClient.java:onNext(254)) - client-D47EFDF0E133->5d71e5de-6d45-4480-a1f1-d41cc2d38630: receive RaftClientReply:client-D47EFDF0E133->5d71e5de-6d45-4480-a1f1-d41cc2d38630@group-C6AEA7A4B82B, cid=4378, SUCCESS, logIndex=7202, commits[5d71e5de-6d45-4480-a1f1-d41cc2d38630:c7202]
2019-06-13 13:50:52,949 INFO  client.GrpcClientProtocolClient (GrpcClientProtocolClient.java:onNext(254)) - client-D47EFDF0E133->5d71e5de-6d45-4480-a1f1-d41cc2d38630: receive RaftClientReply:client-D47EFDF0E133->5d71e5de-6d45-4480-a1f1-d41cc2d38630@group-C6AEA7A4B82B, cid=4379, SUCCESS, logIndex=7203, commits[5d71e5de-6d45-4480-a1f1-d41cc2d38630:c7205]
2019-06-13 13:50:52,949 INFO  client.GrpcClientProtocolClient (GrpcClientProtocolClient.java:onNext(254)) - client-D47EFDF0E133->5d71e5de-6d45-4480-a1f1-d41cc2d38630: receive RaftClientReply:client-D47EFDF0E133->5d71e5de-6d45-4480-a1f1-d41cc2d38630@group-C6AEA7A4B82B, cid=4380, SUCCESS, logIndex=7204, commits[5d71e5de-6d45-4480-a1f1-d41cc2d38630:c7205]
2019-06-13 13:50:52,954 INFO  client.GrpcClientProtocolClient (GrpcClientProtocolClient.java:onNext(254)) - client-D47EFDF0E133->5d71e5de-6d45-4480-a1f1-d41cc2d38630: receive RaftClientReply:client-D47EFDF0E133->5d71e5de-6d45-4480-a1f1-d41cc2d38630@group-C6AEA7A4B82B, cid=4381, SUCCESS, logIndex=7206, commits[5d71e5de-6d45-4480-a1f1-d41cc2d38630:c7206]
2019-06-13 13:50:52,955 INFO  client.GrpcClientProtocolClient (GrpcClientProtocolClient.java:onNext(254)) - client-D47EFDF0E133->5d71e5de-6d45-4480-a1f1-d41cc2d38630: receive RaftClientReply:client-D47EFDF0E133->5d71e5de-6d45-4480-a1f1-d41cc2d38630@group-C6AEA7A4B82B, cid=4382, SUCCESS, logIndex=7208, commits[5d71e5de-6d45-4480-a1f1-d41cc2d38630:c7208]
2019-06-13 13:50:52,956 INFO  client.GrpcClientProtocolClient (GrpcClientProtocolClient.java:onNext(254)) - client-D47EFDF0E133->5d71e5de-6d45-4480-a1f1-d41cc2d38630: receive RaftClientReply:client-D47EFDF0E133->5d71e5de-6d45-4480-a1f1-d41cc2d38630@group-C6AEA7A4B82B, cid=4383, SUCCESS, logIndex=7209, commits[5d71e5de-6d45-4480-a1f1-d41cc2d38630:c7211]
2019-06-13 13:50:52,956 INFO  client.GrpcClientProtocolClient (GrpcClientProtocolClient.java:onNext(254)) - client-D47EFDF0E133->5d71e5de-6d45-4480-a1f1-d41cc2d38630: receive RaftClientReply:client-D47EFDF0E133->5d71e5de-6d45-4480-a1f1-d41cc2d38630@group-C6AEA7A4B82B, cid=4384, SUCCESS, logIndex=7210, commits[5d71e5de-6d45-4480-a1f1-d41cc2d38630:c7211]
2019-06-13 13:50:52,967 INFO  client.GrpcClientProtocolClient (GrpcClientProtocolClient.java:onNext(254)) - client-D47EFDF0E133->5d71e5de-6d45-4480-a1f1-d41cc2d38630: receive RaftClientReply:client-D47EFDF0E133->5d71e5de-6d45-4480-a1f1-d41cc2d38630@group-C6AEA7A4B82B, cid=4385, SUCCESS, logIndex=7212, commits[5d71e5de-6d45-4480-a1f1-d41cc2d38630:c7212]
2019-06-13 13:50:52,968 INFO  client.GrpcClientProtocolClient (GrpcClientProtocolClient.java:onNext(254)) - client-D47EFDF0E133->5d71e5de-6d45-4480-a1f1-d41cc2d38630: receive RaftClientReply:client-D47EFDF0E133->5d71e5de-6d45-4480-a1f1-d41cc2d38630@group-C6AEA7A4B82B, cid=4386, SUCCESS, logIndex=7214, commits[5d71e5de-6d45-4480-a1f1-d41cc2d38630:c7214]
2019-06-13 13:50:52,970 INFO  client.GrpcClientProtocolClient (GrpcClientProtocolClient.java:onNext(254)) - client-D47EFDF0E133->5d71e5de-6d45-4480-a1f1-d41cc2d38630: receive RaftClientReply:client-D47EFDF0E133->5d71e5de-6d45-4480-a1f1-d41cc2d38630@group-C6AEA7A4B82B, cid=4387, SUCCESS, logIndex=7215, commits[5d71e5de-6d45-4480-a1f1-d41cc2d38630:c7217]
2019-06-13 13:50:52,970 INFO  client.GrpcClientProtocolClient (GrpcClientProtocolClient.java:onNext(254)) - client-D47EFDF0E133->5d71e5de-6d45-4480-a1f1-d41cc2d38630: receive RaftClientReply:client-D47EFDF0E133->5d71e5de-6d45-4480-a1f1-d41cc2d38630@group-C6AEA7A4B82B, cid=4388, SUCCESS, logIndex=7216, commits[5d71e5de-6d45-4480-a1f1-d41cc2d38630:c7217]
2019-06-13 13:50:52,978 INFO  client.GrpcClientProtocolClient (GrpcClientProtocolClient.java:onNext(254)) - client-D47EFDF0E133->5d71e5de-6d45-4480-a1f1-d41cc2d38630: receive RaftClientReply:client-D47EFDF0E133->5d71e5de-6d45-4480-a1f1-d41cc2d38630@group-C6AEA7A4B82B, cid=4389, SUCCESS, logIndex=7218, commits[5d71e5de-6d45-4480-a1f1-d41cc2d38630:c7218]
2019-06-13 13:50:52,979 INFO  storage.RaftLogWorker (RaftLogWorker.java:rollLogSegment(303)) - 5d71e5de-6d45-4480-a1f1-d41cc2d38630-RaftLogWorker: Rolling segment log-7150_7221 to index:7221
2019-06-13 13:50:52,980 INFO  client.GrpcClientProtocolClient (GrpcClientProtocolClient.java:onNext(254)) - client-D47EFDF0E133->5d71e5de-6d45-4480-a1f1-d41cc2d38630: receive RaftClientReply:client-D47EFDF0E133->5d71e5de-6d45-4480-a1f1-d41cc2d38630@group-C6AEA7A4B82B, cid=4390, SUCCESS, logIndex=7220, commits[5d71e5de-6d45-4480-a1f1-d41cc2d38630:c7220]
2019-06-13 13:50:52,980 INFO  storage.RaftLogWorker (RaftLogWorker.java:execute(433)) - 5d71e5de-6d45-4480-a1f1-d41cc2d38630-RaftLogWorker: Rolled log segment from /opt/src/hadoop-ozone/integration-test/target/test-dir/MiniOzoneClusterImpl-c05bfa39-b333-4767-bc96-5a78f3430938/datanode-0/data/ratis/3aee30eb-3db1-472a-b851-c6aea7a4b82b/current/log_inprogress_7150 to /opt/src/hadoop-ozone/integration-test/target/test-dir/MiniOzoneClusterImpl-c05bfa39-b333-4767-bc96-5a78f3430938/datanode-0/data/ratis/3aee30eb-3db1-472a-b851-c6aea7a4b82b/current/log_7150-7221
2019-06-13 13:50:52,980 INFO  client.GrpcClientProtocolClient (GrpcClientProtocolClient.java:onNext(254)) - client-D47EFDF0E133->5d71e5de-6d45-4480-a1f1-d41cc2d38630: receive RaftClientReply:client-D47EFDF0E133->5d71e5de-6d45-4480-a1f1-d41cc2d38630@group-C6AEA7A4B82B, cid=4391, SUCCESS, logIndex=7221, commits[5d71e5de-6d45-4480-a1f1-d41cc2d38630:c7221]
2019-06-13 13:50:53,004 DEBUG block.SCMBlockDeletingService (SCMBlockDeletingService.java:call(138)) - Running DeletedBlockTransactionScanner
2019-06-13 13:50:53,004 DEBUG block.SCMBlockDeletingService (SCMBlockDeletingService.java:call(155)) - Scanned deleted blocks log and got 0 delTX to process.
2019-06-13 13:50:53,015 INFO  storage.RaftLogWorker (RaftLogWorker.java:execute(469)) - 5d71e5de-6d45-4480-a1f1-d41cc2d38630-RaftLogWorker: created new log segment /opt/src/hadoop-ozone/integration-test/target/test-dir/MiniOzoneClusterImpl-c05bfa39-b333-4767-bc96-5a78f3430938/datanode-0/data/ratis/3aee30eb-3db1-472a-b851-c6aea7a4b82b/current/log_inprogress_7222
2019-06-13 13:50:53,017 INFO  client.GrpcClientProtocolClient (GrpcClientProtocolClient.java:onNext(254)) - client-D47EFDF0E133->5d71e5de-6d45-4480-a1f1-d41cc2d38630: receive RaftClientReply:client-D47EFDF0E133->5d71e5de-6d45-4480-a1f1-d41cc2d38630@group-C6AEA7A4B82B, cid=4392, SUCCESS, logIndex=7222, commits[5d71e5de-6d45-4480-a1f1-d41cc2d38630:c7224]
2019-06-13 13:50:53,027 INFO  client.GrpcClientProtocolClient (GrpcClientProtocolClient.java:onNext(254)) - client-D47EFDF0E133->5d71e5de-6d45-4480-a1f1-d41cc2d38630: receive RaftClientReply:client-D47EFDF0E133->5d71e5de-6d45-4480-a1f1-d41cc2d38630@group-C6AEA7A4B82B, cid=4393, SUCCESS, logIndex=7225, commits[5d71e5de-6d45-4480-a1f1-d41cc2d38630:c7225]
2019-06-13 13:50:53,029 INFO  client.GrpcClientProtocolClient (GrpcClientProtocolClient.java:onNext(254)) - client-D47EFDF0E133->5d71e5de-6d45-4480-a1f1-d41cc2d38630: receive RaftClientReply:client-D47EFDF0E133->5d71e5de-6d45-4480-a1f1-d41cc2d38630@group-C6AEA7A4B82B, cid=4394, SUCCESS, logIndex=7227, commits[5d71e5de-6d45-4480-a1f1-d41cc2d38630:c7227]
2019-06-13 13:50:53,030 INFO  client.GrpcClientProtocolClient (GrpcClientProtocolClient.java:onNext(254)) - client-D47EFDF0E133->5d71e5de-6d45-4480-a1f1-d41cc2d38630: receive RaftClientReply:client-D47EFDF0E133->5d71e5de-6d45-4480-a1f1-d41cc2d38630@group-C6AEA7A4B82B, cid=4395, SUCCESS, logIndex=7228, commits[5d71e5de-6d45-4480-a1f1-d41cc2d38630:c7230]
2019-06-13 13:50:53,030 INFO  client.GrpcClientProtocolClient (GrpcClientProtocolClient.java:onNext(254)) - client-D47EFDF0E133->5d71e5de-6d45-4480-a1f1-d41cc2d38630: receive RaftClientReply:client-D47EFDF0E133->5d71e5de-6d45-4480-a1f1-d41cc2d38630@group-C6AEA7A4B82B, cid=4396, SUCCESS, logIndex=7229, commits[5d71e5de-6d45-4480-a1f1-d41cc2d38630:c7230]
2019-06-13 13:50:53,038 INFO  client.GrpcClientProtocolClient (GrpcClientProtocolClient.java:onNext(254)) - client-D47EFDF0E133->5d71e5de-6d45-4480-a1f1-d41cc2d38630: receive RaftClientReply:client-D47EFDF0E133->5d71e5de-6d45-4480-a1f1-d41cc2d38630@group-C6AEA7A4B82B, cid=4397, SUCCESS, logIndex=7231, commits[5d71e5de-6d45-4480-a1f1-d41cc2d38630:c7231]
2019-06-13 13:50:53,039 INFO  client.GrpcClientProtocolClient (GrpcClientProtocolClient.java:onNext(254)) - client-D47EFDF0E133->5d71e5de-6d45-4480-a1f1-d41cc2d38630: receive RaftClientReply:client-D47EFDF0E133->5d71e5de-6d45-4480-a1f1-d41cc2d38630@group-C6AEA7A4B82B, cid=4398, SUCCESS, logIndex=7233, commits[5d71e5de-6d45-4480-a1f1-d41cc2d38630:c7233]
2019-06-13 13:50:53,040 INFO  client.GrpcClientProtocolClient (GrpcClientProtocolClient.java:onNext(254)) - client-D47EFDF0E133->5d71e5de-6d45-4480-a1f1-d41cc2d38630: receive RaftClientReply:client-D47EFDF0E133->5d71e5de-6d45-4480-a1f1-d41cc2d38630@group-C6AEA7A4B82B, cid=4399, SUCCESS, logIndex=7234, commits[5d71e5de-6d45-4480-a1f1-d41cc2d38630:c7236]
2019-06-13 13:50:53,040 INFO  client.GrpcClientProtocolClient (GrpcClientProtocolClient.java:onNext(254)) - client-D47EFDF0E133->5d71e5de-6d45-4480-a1f1-d41cc2d38630: receive RaftClientReply:client-D47EFDF0E133->5d71e5de-6d45-4480-a1f1-d41cc2d38630@group-C6AEA7A4B82B, cid=4400, SUCCESS, logIndex=7235, commits[5d71e5de-6d45-4480-a1f1-d41cc2d38630:c7236]
2019-06-13 13:50:53,051 INFO  client.GrpcClientProtocolClient (GrpcClientProtocolClient.java:onNext(254)) - client-D47EFDF0E133->5d71e5de-6d45-4480-a1f1-d41cc2d38630: receive RaftClientReply:client-D47EFDF0E133->5d71e5de-6d45-4480-a1f1-d41cc2d38630@group-C6AEA7A4B82B, cid=4401, SUCCESS, logIndex=7237, commits[5d71e5de-6d45-4480-a1f1-d41cc2d38630:c7237]
2019-06-13 13:50:53,052 INFO  client.GrpcClientProtocolClient (GrpcClientProtocolClient.java:onNext(254)) - client-D47EFDF0E133->5d71e5de-6d45-4480-a1f1-d41cc2d38630: receive RaftClientReply:client-D47EFDF0E133->5d71e5de-6d45-4480-a1f1-d41cc2d38630@group-C6AEA7A4B82B, cid=4402, SUCCESS, logIndex=7239, commits[5d71e5de-6d45-4480-a1f1-d41cc2d38630:c7239]
2019-06-13 13:50:53,053 INFO  client.GrpcClientProtocolClient (GrpcClientProtocolClient.java:onNext(254)) - client-D47EFDF0E133->5d71e5de-6d45-4480-a1f1-d41cc2d38630: receive RaftClientReply:client-D47EFDF0E133->5d71e5de-6d45-4480-a1f1-d41cc2d38630@group-C6AEA7A4B82B, cid=4403, SUCCESS, logIndex=7240, commits[5d71e5de-6d45-4480-a1f1-d41cc2d38630:c7242]
2019-06-13 13:50:53,053 INFO  client.GrpcClientProtocolClient (GrpcClientProtocolClient.java:onNext(254)) - client-D47EFDF0E133->5d71e5de-6d45-4480-a1f1-d41cc2d38630: receive RaftClientReply:client-D47EFDF0E133->5d71e5de-6d45-4480-a1f1-d41cc2d38630@group-C6AEA7A4B82B, cid=4404, SUCCESS, logIndex=7241, commits[5d71e5de-6d45-4480-a1f1-d41cc2d38630:c7242]
2019-06-13 13:50:53,058 INFO  client.GrpcClientProtocolClient (GrpcClientProtocolClient.java:onNext(254)) - client-D47EFDF0E133->5d71e5de-6d45-4480-a1f1-d41cc2d38630: receive RaftClientReply:client-D47EFDF0E133->5d71e5de-6d45-4480-a1f1-d41cc2d38630@group-C6AEA7A4B82B, cid=4405, SUCCESS, logIndex=7243, commits[5d71e5de-6d45-4480-a1f1-d41cc2d38630:c7243]
2019-06-13 13:50:53,060 INFO  client.GrpcClientProtocolClient (GrpcClientProtocolClient.java:onNext(254)) - client-D47EFDF0E133->5d71e5de-6d45-4480-a1f1-d41cc2d38630: receive RaftClientReply:client-D47EFDF0E133->5d71e5de-6d45-4480-a1f1-d41cc2d38630@group-C6AEA7A4B82B, cid=4406, SUCCESS, logIndex=7245, commits[5d71e5de-6d45-4480-a1f1-d41cc2d38630:c7245]
2019-06-13 13:50:53,060 INFO  client.GrpcClientProtocolClient (GrpcClientProtocolClient.java:onNext(254)) - client-D47EFDF0E133->5d71e5de-6d45-4480-a1f1-d41cc2d38630: receive RaftClientReply:client-D47EFDF0E133->5d71e5de-6d45-4480-a1f1-d41cc2d38630@group-C6AEA7A4B82B, cid=4407, SUCCESS, logIndex=7246, commits[5d71e5de-6d45-4480-a1f1-d41cc2d38630:c7247]
2019-06-13 13:50:53,060 INFO  client.GrpcClientProtocolClient (GrpcClientProtocolClient.java:onNext(254)) - client-D47EFDF0E133->5d71e5de-6d45-4480-a1f1-d41cc2d38630: receive RaftClientReply:client-D47EFDF0E133->5d71e5de-6d45-4480-a1f1-d41cc2d38630@group-C6AEA7A4B82B, cid=4408, SUCCESS, logIndex=7247, commits[5d71e5de-6d45-4480-a1f1-d41cc2d38630:c7247]
2019-06-13 13:50:53,071 INFO  client.GrpcClientProtocolClient (GrpcClientProtocolClient.java:onNext(254)) - client-D47EFDF0E133->5d71e5de-6d45-4480-a1f1-d41cc2d38630: receive RaftClientReply:client-D47EFDF0E133->5d71e5de-6d45-4480-a1f1-d41cc2d38630@group-C6AEA7A4B82B, cid=4409, SUCCESS, logIndex=7250, commits[5d71e5de-6d45-4480-a1f1-d41cc2d38630:c7250]
2019-06-13 13:50:53,072 INFO  client.GrpcClientProtocolClient (GrpcClientProtocolClient.java:onNext(254)) - client-D47EFDF0E133->5d71e5de-6d45-4480-a1f1-d41cc2d38630: receive RaftClientReply:client-D47EFDF0E133->5d71e5de-6d45-4480-a1f1-d41cc2d38630@group-C6AEA7A4B82B, cid=4410, SUCCESS, logIndex=7252, commits[5d71e5de-6d45-4480-a1f1-d41cc2d38630:c7252]
2019-06-13 13:50:53,074 INFO  client.GrpcClientProtocolClient (GrpcClientProtocolClient.java:onNext(254)) - client-D47EFDF0E133->5d71e5de-6d45-4480-a1f1-d41cc2d38630: receive RaftClientReply:client-D47EFDF0E133->5d71e5de-6d45-4480-a1f1-d41cc2d38630@group-C6AEA7A4B82B, cid=4411, SUCCESS, logIndex=7253, commits[5d71e5de-6d45-4480-a1f1-d41cc2d38630:c7255]
2019-06-13 13:50:53,074 INFO  client.GrpcClientProtocolClient (GrpcClientProtocolClient.java:onNext(254)) - client-D47EFDF0E133->5d71e5de-6d45-4480-a1f1-d41cc2d38630: receive RaftClientReply:client-D47EFDF0E133->5d71e5de-6d45-4480-a1f1-d41cc2d38630@group-C6AEA7A4B82B, cid=4412, SUCCESS, logIndex=7254, commits[5d71e5de-6d45-4480-a1f1-d41cc2d38630:c7255]
2019-06-13 13:50:53,080 INFO  client.GrpcClientProtocolClient (GrpcClientProtocolClient.java:onNext(254)) - client-D47EFDF0E133->5d71e5de-6d45-4480-a1f1-d41cc2d38630: receive RaftClientReply:client-D47EFDF0E133->5d71e5de-6d45-4480-a1f1-d41cc2d38630@group-C6AEA7A4B82B, cid=4413, SUCCESS, logIndex=7256, commits[5d71e5de-6d45-4480-a1f1-d41cc2d38630:c7256]
2019-06-13 13:50:53,082 INFO  client.GrpcClientProtocolClient (GrpcClientProtocolClient.java:onNext(254)) - client-D47EFDF0E133->5d71e5de-6d45-4480-a1f1-d41cc2d38630: receive RaftClientReply:client-D47EFDF0E133->5d71e5de-6d45-4480-a1f1-d41cc2d38630@group-C6AEA7A4B82B, cid=4414, SUCCESS, logIndex=7258, commits[5d71e5de-6d45-4480-a1f1-d41cc2d38630:c7258]
2019-06-13 13:50:53,083 INFO  client.GrpcClientProtocolClient (GrpcClientProtocolClient.java:onNext(254)) - client-D47EFDF0E133->5d71e5de-6d45-4480-a1f1-d41cc2d38630: receive RaftClientReply:client-D47EFDF0E133->5d71e5de-6d45-4480-a1f1-d41cc2d38630@group-C6AEA7A4B82B, cid=4415, SUCCESS, logIndex=7259, commits[5d71e5de-6d45-4480-a1f1-d41cc2d38630:c7261]
2019-06-13 13:50:53,083 INFO  client.GrpcClientProtocolClient (GrpcClientProtocolClient.java:onNext(254)) - client-D47EFDF0E133->5d71e5de-6d45-4480-a1f1-d41cc2d38630: receive RaftClientReply:client-D47EFDF0E133->5d71e5de-6d45-4480-a1f1-d41cc2d38630@group-C6AEA7A4B82B, cid=4416, SUCCESS, logIndex=7260, commits[5d71e5de-6d45-4480-a1f1-d41cc2d38630:c7261]
2019-06-13 13:50:53,134 DEBUG block.SCMBlockDeletingService (SCMBlockDeletingService.java:call(138)) - Running DeletedBlockTransactionScanner
2019-06-13 13:50:53,135 DEBUG block.SCMBlockDeletingService (SCMBlockDeletingService.java:call(155)) - Scanned deleted blocks log and got 0 delTX to process.
2019-06-13 13:50:53,142 INFO  client.GrpcClientProtocolClient (GrpcClientProtocolClient.java:onNext(254)) - client-D47EFDF0E133->5d71e5de-6d45-4480-a1f1-d41cc2d38630: receive RaftClientReply:client-D47EFDF0E133->5d71e5de-6d45-4480-a1f1-d41cc2d38630@group-C6AEA7A4B82B, cid=4417, SUCCESS, logIndex=7262, commits[5d71e5de-6d45-4480-a1f1-d41cc2d38630:c7262]
2019-06-13 13:50:53,144 INFO  client.GrpcClientProtocolClient (GrpcClientProtocolClient.java:onNext(254)) - client-D47EFDF0E133->5d71e5de-6d45-4480-a1f1-d41cc2d38630: receive RaftClientReply:client-D47EFDF0E133->5d71e5de-6d45-4480-a1f1-d41cc2d38630@group-C6AEA7A4B82B, cid=4418, SUCCESS, logIndex=7264, commits[5d71e5de-6d45-4480-a1f1-d41cc2d38630:c7264]
2019-06-13 13:50:53,146 INFO  client.GrpcClientProtocolClient (GrpcClientProtocolClient.java:onNext(254)) - client-D47EFDF0E133->5d71e5de-6d45-4480-a1f1-d41cc2d38630: receive RaftClientReply:client-D47EFDF0E133->5d71e5de-6d45-4480-a1f1-d41cc2d38630@group-C6AEA7A4B82B, cid=4419, SUCCESS, logIndex=7266, commits[5d71e5de-6d45-4480-a1f1-d41cc2d38630:c7267]
2019-06-13 13:50:53,150 INFO  client.GrpcClientProtocolClient (GrpcClientProtocolClient.java:onNext(254)) - client-D47EFDF0E133->5d71e5de-6d45-4480-a1f1-d41cc2d38630: receive RaftClientReply:client-D47EFDF0E133->5d71e5de-6d45-4480-a1f1-d41cc2d38630@group-C6AEA7A4B82B, cid=4420, SUCCESS, logIndex=7267, commits[5d71e5de-6d45-4480-a1f1-d41cc2d38630:c7267]
2019-06-13 13:50:53,153 INFO  client.GrpcClientProtocolClient (GrpcClientProtocolClient.java:onNext(254)) - client-D47EFDF0E133->5d71e5de-6d45-4480-a1f1-d41cc2d38630: receive RaftClientReply:client-D47EFDF0E133->5d71e5de-6d45-4480-a1f1-d41cc2d38630@group-C6AEA7A4B82B, cid=4421, SUCCESS, logIndex=7269, commits[5d71e5de-6d45-4480-a1f1-d41cc2d38630:c7269]
2019-06-13 13:50:53,154 INFO  client.GrpcClientProtocolClient (GrpcClientProtocolClient.java:onNext(254)) - client-D47EFDF0E133->5d71e5de-6d45-4480-a1f1-d41cc2d38630: receive RaftClientReply:client-D47EFDF0E133->5d71e5de-6d45-4480-a1f1-d41cc2d38630@group-C6AEA7A4B82B, cid=4422, SUCCESS, logIndex=7271, commits[5d71e5de-6d45-4480-a1f1-d41cc2d38630:c7271]
2019-06-13 13:50:53,235 DEBUG block.SCMBlockDeletingService (SCMBlockDeletingService.java:call(138)) - Running DeletedBlockTransactionScanner
2019-06-13 13:50:53,235 DEBUG block.SCMBlockDeletingService (SCMBlockDeletingService.java:call(155)) - Scanned deleted blocks log and got 0 delTX to process.
2019-06-13 13:50:53,335 DEBUG block.SCMBlockDeletingService (SCMBlockDeletingService.java:call(138)) - Running DeletedBlockTransactionScanner
2019-06-13 13:50:53,336 DEBUG block.SCMBlockDeletingService (SCMBlockDeletingService.java:call(155)) - Scanned deleted blocks log and got 0 delTX to process.
2019-06-13 13:50:53,436 DEBUG block.SCMBlockDeletingService (SCMBlockDeletingService.java:call(138)) - Running DeletedBlockTransactionScanner
2019-06-13 13:50:53,436 DEBUG block.SCMBlockDeletingService (SCMBlockDeletingService.java:call(155)) - Scanned deleted blocks log and got 0 delTX to process.
2019-06-13 13:50:53,453 INFO  server.SCMBlockProtocolServer (SCMBlockProtocolServer.java:deleteKeyBlocks(202)) - SCM is informed by OM to delete 1 blocks
2019-06-13 13:50:53,454 INFO  block.BlockManagerImpl (BlockManagerImpl.java:deleteBlocks(268)) - Deleting blocks conID: 1 locID: 102264591010496513 bcsId: 0,conID: 2 locID: 102264591010627586 bcsId: 0,conID: 3 locID: 102264591010627587 bcsId: 0,conID: 1 locID: 102264591010693124 bcsId: 0,conID: 2 locID: 102264591010693125 bcsId: 0,conID: 3 locID: 102264591010758662 bcsId: 0,conID: 1 locID: 102264591065939975 bcsId: 0,conID: 2 locID: 102264591068889096 bcsId: 0,conID: 3 locID: 102264591076818953 bcsId: 0,conID: 1 locID: 102264591080882186 bcsId: 0,conID: 2 locID: 102264591085862923 bcsId: 0,conID: 3 locID: 102264591093530636 bcsId: 0,conID: 1 locID: 102264591101329421 bcsId: 0,conID: 2 locID: 102264591107948558 bcsId: 0,conID: 3 locID: 102264591110701071 bcsId: 0,conID: 1 locID: 102264591113256976 bcsId: 0,conID: 2 locID: 102264591115485201 bcsId: 0,conID: 3 locID: 102264591124463634 bcsId: 0,conID: 1 locID: 102264591130689555 bcsId: 0,conID: 2 locID: 102264591133442068 bcsId: 0,conID: 3 locID: 102264591135735829 bcsId: 0,conID: 1 locID: 102264591137832982 bcsId: 0,conID: 2 locID: 102264591143075863 bcsId: 0,conID: 3 locID: 102264591163588632 bcsId: 0,conID: 1 locID: 102264591166144537 bcsId: 0,conID: 2 locID: 102264591168569370 bcsId: 0,conID: 3 locID: 102264591171780635 bcsId: 0,conID: 1 locID: 102264591176171548 bcsId: 0,conID: 2 locID: 102264591183511581 bcsId: 0,conID: 3 locID: 102264591185477662 bcsId: 0,conID: 1 locID: 102264591190458399 bcsId: 0,conID: 2 locID: 102264591192424480 bcsId: 0,conID: 3 locID: 102264591194652705 bcsId: 0,conID: 1 locID: 102264591199043618 bcsId: 0,conID: 2 locID: 102264591205531683 bcsId: 0,conID: 3 locID: 102264591207366692 bcsId: 0,conID: 1 locID: 102264591212412965 bcsId: 0,conID: 2 locID: 102264591214510118 bcsId: 0,conID: 3 locID: 102264591219228711 bcsId: 0,conID: 1 locID: 102264591225585704 bcsId: 0,conID: 2 locID: 102264591227551785 bcsId: 0,conID: 3 locID: 102264591229321258 bcsId: 0,conID: 1 locID: 102264591231156267 bcsId: 0,conID: 2 locID: 102264591249899564 bcsId: 0,conID: 3 locID: 102264591252193325 bcsId: 0,conID: 1 locID: 102264591260385326 bcsId: 0,conID: 2 locID: 102264591261958191 bcsId: 0,conID: 3 locID: 102264591263662128 bcsId: 0,conID: 1 locID: 102264591265693745 bcsId: 0,conID: 2 locID: 102264591270019122 bcsId: 0,conID: 3 locID: 102264591280504883 bcsId: 0,conID: 1 locID: 102264591282602036 bcsId: 0,conID: 2 locID: 102264591285289013 bcsId: 0,conID: 3 locID: 102264591287779382 bcsId: 0,conID: 1 locID: 102264591293087799 bcsId: 0,conID: 2 locID: 102264591294791736 bcsId: 0,conID: 3 locID: 102264591301148729 bcsId: 0,conID: 1 locID: 102264591303573562 bcsId: 0,conID: 2 locID: 102264591305211963 bcsId: 0,conID: 3 locID: 102264591309602876 bcsId: 0,conID: 1 locID: 102264591312289853 bcsId: 0,conID: 2 locID: 102264591324086334 bcsId: 0,conID: 3 locID: 102264591325855807 bcsId: 0,conID: 1 locID: 102264591328411712 bcsId: 0,conID: 2 locID: 102264591331033153 bcsId: 0,conID: 3 locID: 102264591335882818 bcsId: 0,conID: 1 locID: 102264591337652291 bcsId: 0,conID: 2 locID: 102264591344533572 bcsId: 0,conID: 3 locID: 102264591363145797 bcsId: 0,conID: 1 locID: 102264591365374022 bcsId: 0,conID: 2 locID: 102264591370027079 bcsId: 0,conID: 3 locID: 102264591371796552 bcsId: 0,conID: 1 locID: 102264591378022473 bcsId: 0,conID: 2 locID: 102264591379660874 bcsId: 0,conID: 3 locID: 102264591381102667 bcsId: 0,conID: 1 locID: 102264591385231436 bcsId: 0,conID: 2 locID: 102264591386935373 bcsId: 0,conID: 3 locID: 102264591388508238 bcsId: 0,conID: 1 locID: 102264591398207567 bcsId: 0,conID: 2 locID: 102264591399911504 bcsId: 0,conID: 3 locID: 102264591403057233 bcsId: 0,conID: 1 locID: 102264591408693330 bcsId: 0,conID: 2 locID: 102264591410790483 bcsId: 0,conID: 3 locID: 102264591417933908 bcsId: 0,conID: 1 locID: 102264591420620885 bcsId: 0,conID: 2 locID: 102264591422849110 bcsId: 0,conID: 3 locID: 102264591427043415 bcsId: 0,conID: 1 locID: 102264591428943960 bcsId: 0,conID: 2 locID: 102264591433728089 bcsId: 0,conID: 3 locID: 102264591440085082 bcsId: 0,conID: 1 locID: 102264591442116699 bcsId: 0,conID: 2 locID: 102264591446376540 bcsId: 0,conID: 3 locID: 102264591448080477 bcsId: 0,conID: 1 locID: 102264591449718878 bcsId: 0,conID: 2 locID: 102264591455617119 bcsId: 0,conID: 3 locID: 102264591457321056 bcsId: 0,conID: 1 locID: 102264591459352673 bcsId: 0,conID: 2 locID: 102264591478620258 bcsId: 0,conID: 3 locID: 102264591480258659 bcsId: 0,conID: 1 locID: 102264591481765988 bcsId: 0,conID: 2 locID: 102264591487926373 bcsId: 0,conID: 3 locID: 102264591489499238 bcsId: 0,conID: 1 locID: 102264591494479975 bcsId: 0,conID: 2 locID: 102264591496052840 bcsId: 0,conID: 3 locID: 102264591497625705 bcsId: 0,conID: 1 locID: 102264591508045930 bcsId: 0,conID: 2 locID: 102264591509618795 bcsId: 0,conID: 3 locID: 102264591513944172 bcsId: 0,conID: 1 locID: 102264591515779181 bcsId: 0,conID: 2 locID: 102264591517286510 bcsId: 0,conID: 3 locID: 102264591518728303 bcsId: 0,conID: 1 locID: 102264591524626544 bcsId: 0,conID: 2 locID: 102264591526396017 bcsId: 0,conID: 3 locID: 102264591530393714 bcsId: 0,conID: 1 locID: 102264591531769971 bcsId: 0,conID: 2 locID: 102264591533211764 bcsId: 0,conID: 3 locID: 102264591534653557 bcsId: 0,conID: 1 locID: 102264591543631990 bcsId: 0,conID: 2 locID: 102264591547695223 bcsId: 0,conID: 3 locID: 102264591549202552 bcsId: 0,conID: 1 locID: 102264591550775417 bcsId: 0,conID: 2 locID: 102264591552151674 bcsId: 0,conID: 3 locID: 102264591558049915 bcsId: 0,conID: 1 locID: 102264591562702972 bcsId: 0,conID: 2 locID: 102264591564341373 bcsId: 0,conID: 3 locID: 102264591581118590 bcsId: 0,conID: 1 locID: 102264591582560383 bcsId: 0,conID: 2 locID: 102264591584002176 bcsId: 0,conID: 3 locID: 102264591590162561 bcsId: 0,conID: 1 locID: 102264591594291330 bcsId: 0,conID: 2 locID: 102264591595733123 bcsId: 0,conID: 3 locID: 102264591597109380 bcsId: 0,conID: 1 locID: 102264591598551173 bcsId: 0,conID: 2 locID: 102264591604711558 bcsId: 0,conID: 3 locID: 102264591610871943 bcsId: 0,conID: 1 locID: 102264591612510344 bcsId: 0,conID: 2 locID: 102264591613952137 bcsId: 0,conID: 3 locID: 102264591615328394 bcsId: 0,conID: 1 locID: 102264591616835723 bcsId: 0,conID: 2 locID: 102264591625093260 bcsId: 0,conID: 3 locID: 102264591626600589 bcsId: 0,conID: 1 locID: 102264591628107918 bcsId: 0,conID: 2 locID: 102264591629484175 bcsId: 0,conID: 3 locID: 102264591630860432 bcsId: 0,conID: 1 locID: 102264591639773329 bcsId: 0,conID: 2 locID: 102264591645081746 bcsId: 0,conID: 3 locID: 102264591647834259 bcsId: 0,conID: 1 locID: 102264591649210516 bcsId: 0,conID: 2 locID: 102264591650717845 bcsId: 0,conID: 3 locID: 102264591652225174 bcsId: 0,conID: 1 locID: 102264591661072535 bcsId: 0,conID: 2 locID: 102264591662514328 bcsId: 0,conID: 3 locID: 102264591666643097 bcsId: 0,conID: 1 locID: 102264591668150426 bcsId: 0,conID: 2 locID: 102264591669723291 bcsId: 0,conID: 3 locID: 102264591678046364 bcsId: 0,conID: 1 locID: 102264591679684765 bcsId: 0,conID: 2 locID: 102264591681126558 bcsId: 0,conID: 3 locID: 102264591682699423 bcsId: 0,conID: 1 locID: 102264591684075680 bcsId: 0,conID: 2 locID: 102264591686238369 bcsId: 0,conID: 3 locID: 102264591710814370 bcsId: 0,conID: 1 locID: 102264591712452771 bcsId: 0,conID: 2 locID: 102264591714353316 bcsId: 0,conID: 3 locID: 102264591715860645 bcsId: 0,conID: 1 locID: 102264591717236902 bcsId: 0,conID: 2 locID: 102264591723921575 bcsId: 0,conID: 3 locID: 102264591725232296 bcsId: 0,conID: 1 locID: 102264591726674089 bcsId: 0,conID: 2 locID: 102264591728312490 bcsId: 0,conID: 3 locID: 102264591729819819 bcsId: 0,conID: 1 locID: 102264591734079660 bcsId: 0,conID: 2 locID: 102264591744041133 bcsId: 0,conID: 3 locID: 102264591745548462 bcsId: 0,conID: 1 locID: 102264591746859183 bcsId: 0,conID: 2 locID: 102264591748366512 bcsId: 0,conID: 3 locID: 102264591750332593 bcsId: 0,conID: 1 locID: 102264591758721202 bcsId: 0,conID: 2 locID: 102264591760490675 bcsId: 0,conID: 3 locID: 102264591761866932 bcsId: 0,conID: 1 locID: 102264591763177653 bcsId: 0,conID: 2 locID: 102264591764422838 bcsId: 0,conID: 3 locID: 102264591768223927 bcsId: 0,conID: 1 locID: 102264591777071288 bcsId: 0,conID: 2 locID: 102264591778316473 bcsId: 0,conID: 3 locID: 102264591779627194 bcsId: 0,conID: 1 locID: 102264591780937915 bcsId: 0,conID: 2 locID: 102264591782248636 bcsId: 0,conID: 3 locID: 102264591790440637 bcsId: 0,conID: 1 locID: 102264591792079038 bcsId: 0,conID: 2 locID: 102264591793389759 bcsId: 0,conID: 3 locID: 102264591794831552 bcsId: 0,conID: 1 locID: 102264591811084481 bcsId: 0,conID: 2 locID: 102264591815278786 bcsId: 0,conID: 3 locID: 102264591821111491 bcsId: 0,conID: 1 locID: 102264591822356676 bcsId: 0,conID: 2 locID: 102264591823864005 bcsId: 0,conID: 3 locID: 102264591825436870 bcsId: 0,conID: 1 locID: 102264591829237959 bcsId: 0,conID: 2 locID: 102264591835463880 bcsId: 0,conID: 3 locID: 102264591838085321 bcsId: 0,conID: 1 locID: 102264591839658186 bcsId: 0,conID: 2 locID: 102264591843655883 bcsId: 0,conID: 3 locID: 102264591845294284 bcsId: 0,conID: 1 locID: 102264591848964301 bcsId: 0,conID: 2 locID: 102264591854797006 bcsId: 0,conID: 3 locID: 102264591856238799 bcsId: 0,conID: 1 locID: 102264591857615056 bcsId: 0,conID: 2 locID: 102264591859384529 bcsId: 0,conID: 3 locID: 102264591863644370 bcsId: 0,conID: 1 locID: 102264591869411539 bcsId: 0,conID: 2 locID: 102264591870787796 bcsId: 0,conID: 3 locID: 102264591874654421 bcsId: 0,conID: 1 locID: 102264591876227286 bcsId: 0,conID: 2 locID: 102264591877538007 bcsId: 0,conID: 3 locID: 102264591881142488 bcsId: 0,conID: 1 locID: 102264591886909657 bcsId: 0,conID: 2 locID: 102264591888220378 bcsId: 0,conID: 3 locID: 102264591889662171 bcsId: 0,conID: 1 locID: 102264591890907356 bcsId: 0,conID: 2 locID: 102264591894642909 bcsId: 0,conID: 3 locID: 102264591896084702 bcsId: 0,conID: 1 locID: 102264591904800991 bcsId: 0,conID: 2 locID: 102264591906242784 bcsId: 0,conID: 3 locID: 102264591907684577 bcsId: 0,conID: 1 locID: 102264591911878882 bcsId: 0,conID: 2 locID: 102264591913058531 bcsId: 0,conID: 3 locID: 102264591918694628 bcsId: 0,conID: 1 locID: 102264591920070885 bcsId: 0,conID: 2 locID: 102264591921250534 bcsId: 0,conID: 3 locID: 102264591922561255 bcsId: 0,conID: 1 locID: 102264591926296808 bcsId: 0,conID: 2 locID: 102264591927476457 bcsId: 0,conID: 3 locID: 102264591950938346 bcsId: 0,conID: 1 locID: 102264591952380139 bcsId: 0,conID: 2 locID: 102264591953756396 bcsId: 0,conID: 3 locID: 102264591957754093 bcsId: 0,conID: 1 locID: 102264591959130350 bcsId: 0,conID: 2 locID: 102264591964963055 bcsId: 0,conID: 3 locID: 102264591967191280 bcsId: 0,conID: 1 locID: 102264591968633073 bcsId: 0,conID: 2 locID: 102264591970533618 bcsId: 0,conID: 3 locID: 102264591974203635 bcsId: 0,conID: 1 locID: 102264591976169716 bcsId: 0,conID: 2 locID: 102264591985148149 bcsId: 0,conID: 3 locID: 102264591986524406 bcsId: 0,conID: 1 locID: 102264591987769591 bcsId: 0,conID: 2 locID: 102264591991374072 bcsId: 0,conID: 3 locID: 102264591992619257 bcsId: 0,conID: 1 locID: 102264591998189818 bcsId: 0,conID: 2 locID: 102264591999369467 bcsId: 0,conID: 3 locID: 102264592000876796 bcsId: 0,conID: 1 locID: 102264592002056445 bcsId: 0,conID: 2 locID: 102264592005660926 bcsId: 0,conID: 3 locID: 102264592009855231 bcsId: 0,conID: 1 locID: 102264592016212224 bcsId: 0,conID: 2 locID: 102264592018178305 bcsId: 0,conID: 3 locID: 102264592019620098 bcsId: 0,conID: 1 locID: 102264592023159043 bcsId: 0,conID: 2 locID: 102264592024404228 bcsId: 0,conID: 3 locID: 102264592030171397 bcsId: 0,conID: 1 locID: 102264592031482118 bcsId: 0,conID: 2 locID: 102264592032792839 bcsId: 0,conID: 3 locID: 102264592036462856 bcsId: 0,conID: 1 locID: 102264592038035721 bcsId: 0,conID: 2 locID: 102264592042557706 bcsId: 0,conID: 3 locID: 102264592048324875 bcsId: 0,conID: 1 locID: 102264592049504524 bcsId: 0,conID: 2 locID: 102264592050946317 bcsId: 0,conID: 3 locID: 102264592054878478 bcsId: 0,conID: 1 locID: 102264592056516879 bcsId: 0,conID: 2 locID: 102264592063791376 bcsId: 0,conID: 3 locID: 102264592066150673 bcsId: 0,conID: 1 locID: 102264592068575506 bcsId: 0,conID: 2 locID: 102264592073490707 bcsId: 0,conID: 3 locID: 102264592074866964 bcsId: 0,conID: 1 locID: 102264592096362773 bcsId: 0,conID: 2 locID: 102264592103768342 bcsId: 0,conID: 3 locID: 102264592105406743 bcsId: 0,conID: 1 locID: 102264592109601048 bcsId: 0,conID: 2 locID: 102264592110846233 bcsId: 0,conID: 3 locID: 102264592112025882 bcsId: 0,conID: 1 locID: 102264592117727515 bcsId: 0,conID: 2 locID: 102264592119103772 bcsId: 0,conID: 3 locID: 102264592120348957 bcsId: 0,conID: 1 locID: 102264592124018974 bcsId: 0,conID: 2 locID: 102264592125198623 bcsId: 0,conID: 3 locID: 102264592129524000 bcsId: 0,conID: 1 locID: 102264592135225633 bcsId: 0,conID: 2 locID: 102264592136601890 bcsId: 0,conID: 3 locID: 102264592140075299 bcsId: 0,conID: 1 locID: 102264592141320484 bcsId: 0,conID: 2 locID: 102264592142500133 bcsId: 0,conID: 3 locID: 102264592148398374 bcsId: 0,conID: 1 locID: 102264592149578023 bcsId: 0,conID: 2 locID: 102264592150888744 bcsId: 0,conID: 3 locID: 102264592154427689 bcsId: 0,conID: 1 locID: 102264592158621994 bcsId: 0,conID: 2 locID: 102264592160063787 bcsId: 0,conID: 3 locID: 102264592165896492 bcsId: 0,conID: 1 locID: 102264592167141677 bcsId: 0,conID: 2 locID: 102264592171073838 bcsId: 0,conID: 3 locID: 102264592172646703 bcsId: 0,conID: 1 locID: 102264592173891888 bcsId: 0,conID: 2 locID: 102264592179593521 bcsId: 0,conID: 3 locID: 102264592180838706 bcsId: 0,conID: 1 locID: 102264592184508723 bcsId: 0,conID: 2 locID: 102264592185753908 bcsId: 0,conID: 3 locID: 102264592190144821 bcsId: 0,conID: 1 locID: 102264592191455542 bcsId: 0,conID: 2 locID: 102264592197419319 bcsId: 0,conID: 3 locID: 102264592198664504 bcsId: 0,conID: 1 locID: 102264592202268985 bcsId: 0,conID: 2 locID: 102264592203448634 bcsId: 0,conID: 3 locID: 102264592205021499 bcsId: 0,conID: 1 locID: 102264592212033852 bcsId: 0,conID: 2 locID: 102264592213606717 bcsId: 0,conID: 3 locID: 102264592217407806 bcsId: 0,conID: 1 locID: 102264592236871999 bcsId: 0,conID: 2 locID: 102264592238838080 bcsId: 0,conID: 3 locID: 102264592240476481 bcsId: 0,conID: 1 locID: 102264592246309186 bcsId: 0,conID: 2 locID: 102264592248144195 bcsId: 0,conID: 3 locID: 102264592251945284 bcsId: 0,conID: 1 locID: 102264592253387077 bcsId: 0,conID: 2 locID: 102264592254697798 bcsId: 0,conID: 3 locID: 102264592255942983 bcsId: 0,conID: 1 locID: 102264592261644616 bcsId: 0,conID: 2 locID: 102264592265183561 bcsId: 0,conID: 3 locID: 102264592269574474 bcsId: 0,conID: 1 locID: 102264592271147339 bcsId: 0,conID: 2 locID: 102264592272458060 bcsId: 0,conID: 3 locID: 102264592278094157 bcsId: 0,conID: 1 locID: 102264592282419534 bcsId: 0,conID: 2 locID: 102264592283861327 bcsId: 0,conID: 3 locID: 102264592285303120 bcsId: 0,conID: 1 locID: 102264592286810449 bcsId: 0,conID: 2 locID: 102264592288579922 bcsId: 0,conID: 3 locID: 102264592294805843 bcsId: 0,conID: 1 locID: 102264592302604628 bcsId: 0,conID: 2 locID: 102264592304505173 bcsId: 0,conID: 3 locID: 102264592305815894 bcsId: 0,conID: 1 locID: 102264592307323223 bcsId: 0,conID: 2 locID: 102264592312893784 bcsId: 0,conID: 3 locID: 102264592316825945 bcsId: 0,conID: 1 locID: 102264592318202202 bcsId: 0,conID: 2 locID: 102264592319447387 bcsId: 0,conID: 3 locID: 102264592320823644 bcsId: 0,conID: 1 locID: 102264592322134365 bcsId: 0,conID: 2 locID: 102264592327770462 bcsId: 0,conID: 3 locID: 102264592334127455 bcsId: 0,conID: 1 locID: 102264592335634784 bcsId: 0,conID: 2 locID: 102264592337011041 bcsId: 0,conID: 3 locID: 102264592338321762 bcsId: 0,conID: 1 locID: 102264592344023395 bcsId: 0,conID: 2 locID: 102264592347758948 bcsId: 0,conID: 3 locID: 102264592349200741 bcsId: 0,conID: 1 locID: 102264592350576998 bcsId: 0,conID: 2 locID: 102264592351953255 bcsId: 0,conID: 3 locID: 102264592353329512 bcsId: 0,conID: 1 locID: 102264592381313385 bcsId: 0,conID: 2 locID: 102264592382820714 bcsId: 0,conID: 3 locID: 102264592384065899 bcsId: 0,conID: 1 locID: 102264592385507692 bcsId: 0,conID: 2 locID: 102264592386949485 bcsId: 0,conID: 3 locID: 102264592392782190 bcsId: 0,conID: 1 locID: 102264592396976495 bcsId: 0,conID: 2 locID: 102264592398352752 bcsId: 0,conID: 3 locID: 102264592399794545 bcsId: 0,conID: 1 locID: 102264592401039730 bcsId: 0,conID: 2 locID: 102264592402219379 bcsId: 0,conID: 3 locID: 102264592412770676 bcsId: 0,conID: 1 locID: 102264592414081397 bcsId: 0,conID: 2 locID: 102264592415326582 bcsId: 0,conID: 3 locID: 102264592416506231 bcsId: 0,conID: 1 locID: 102264592417751416 bcsId: 0,conID: 2 locID: 102264592423387513 bcsId: 0,conID: 3 locID: 102264592426926458 bcsId: 0,conID: 1 locID: 102264592428171643 bcsId: 0,conID: 2 locID: 102264592429416828 bcsId: 0,conID: 3 locID: 102264592430727549 bcsId: 0,conID: 1 locID: 102264592432103806 bcsId: 0,conID: 2 locID: 102264592442982783 bcsId: 0,conID: 3 locID: 102264592444621184 bcsId: 0,conID: 1 locID: 102264592446325121 bcsId: 0,conID: 2 locID: 102264592447832450 bcsId: 0,conID: 3 locID: 102264592449143171 bcsId: 0,conID: 1 locID: 102264592457204100 bcsId: 0,conID: 2 locID: 102264592459235717 bcsId: 0,conID: 3 locID: 102264592460743046 bcsId: 0,conID: 1 locID: 102264592462053767 bcsId: 0,conID: 2 locID: 102264592463298952 bcsId: 0,conID: 3 locID: 102264592467820937 bcsId: 0,conID: 1 locID: 102264592476602762 bcsId: 0,conID: 2 locID: 102264592477979019 bcsId: 0,conID: 3 locID: 102264592479158668 bcsId: 0,conID: 1 locID: 102264592480403853 bcsId: 0,conID: 2 locID: 102264592481649038 bcsId: 0,conID: 3 locID: 102264592487416207 bcsId: 0,conID: 1 locID: 102264592488661392 bcsId: 0,conID: 2 locID: 102264592490234257 bcsId: 0,conID: 3 locID: 102264592491741586 bcsId: 0,conID: 1 locID: 102264592511336851 bcsId: 0,conID: 2 locID: 102264592512844180 bcsId: 0,conID: 3 locID: 102264592519397781 bcsId: 0,conID: 1 locID: 102264592520642966 bcsId: 0,conID: 2 locID: 102264592522281367 bcsId: 0,conID: 3 locID: 102264592523854232 bcsId: 0,conID: 1 locID: 102264592525230489 bcsId: 0,conID: 2 locID: 102264592531259802 bcsId: 0,conID: 3 locID: 102264592532504987 bcsId: 0,conID: 1 locID: 102264592533815708 bcsId: 0,conID: 2 locID: 102264592538272157 bcsId: 0,conID: 3 locID: 102264592539845022 bcsId: 0,conID: 1 locID: 102264592543580575 bcsId: 0,conID: 2 locID: 102264592549282208 bcsId: 0,conID: 3 locID: 102264592550724001 bcsId: 0,conID: 1 locID: 102264592552231330 bcsId: 0,conID: 2 locID: 102264592553542051 bcsId: 0,conID: 3 locID: 102264592554787236 bcsId: 0,conID: 1 locID: 102264592562782629 bcsId: 0,conID: 2 locID: 102264592564289958 bcsId: 0,conID: 3 locID: 102264592568680871 bcsId: 0,conID: 1 locID: 102264592570122664 bcsId: 0,conID: 2 locID: 102264592571957673 bcsId: 0,conID: 3 locID: 102264592575562154 bcsId: 0,conID: 1 locID: 102264592581657003 bcsId: 0,conID: 2 locID: 102264592582967724 bcsId: 0,conID: 3 locID: 102264592584343981 bcsId: 0,conID: 1 locID: 102264592585785774 bcsId: 0,conID: 2 locID: 102264592587620783 bcsId: 0,conID: 3 locID: 102264592590438832 bcsId: 0,conID: 1 locID: 102264592598958513 bcsId: 0,conID: 2 locID: 102264592600400306 bcsId: 0,conID: 3 locID: 102264592601776563 bcsId: 0,conID: 1 locID: 102264592603152820 bcsId: 0,conID: 2 locID: 102264592607019445 bcsId: 0,conID: 3 locID: 102264592613835190 bcsId: 0,conID: 1 locID: 102264592615080375 bcsId: 0,conID: 2 locID: 102264592616325560 bcsId: 0,conID: 3 locID: 102264592617570745 bcsId: 0,conID: 1 locID: 102264592621633978 bcsId: 0,conID: 2 locID: 102264592623010235 bcsId: 0,conID: 3 locID: 102264592647651772 bcsId: 0,conID: 1 locID: 102264592649093565 bcsId: 0,conID: 2 locID: 102264592650469822 bcsId: 0,conID: 3 locID: 102264592651780543 bcsId: 0,conID: 1 locID: 102264592655778240 bcsId: 0,conID: 2 locID: 102264592661545409 bcsId: 0,conID: 3 locID: 102264592663118274 bcsId: 0,conID: 1 locID: 102264592664428995 bcsId: 0,conID: 2 locID: 102264592665674180 bcsId: 0,conID: 3 locID: 102264592669278661 bcsId: 0,conID: 1 locID: 102264592670654918 bcsId: 0,conID: 2 locID: 102264592679371207 bcsId: 0,conID: 3 locID: 102264592680878536 bcsId: 0,conID: 1 locID: 102264592682320329 bcsId: 0,conID: 2 locID: 102264592683762122 bcsId: 0,conID: 3 locID: 102264592687038923 bcsId: 0,conID: 1 locID: 102264592693264844 bcsId: 0,conID: 2 locID: 102264592694772173 bcsId: 0,conID: 3 locID: 102264592696345038 bcsId: 0,conID: 1 locID: 102264592697721295 bcsId: 0,conID: 2 locID: 102264592704668112 bcsId: 0,conID: 3 locID: 102264592706175441 bcsId: 0,conID: 1 locID: 102264592712204754 bcsId: 0,conID: 2 locID: 102264592713581011 bcsId: 0,conID: 3 locID: 102264592714891732 bcsId: 0,conID: 1 locID: 102264592718627285 bcsId: 0,conID: 2 locID: 102264592719938006 bcsId: 0,conID: 3 locID: 102264592727802327 bcsId: 0,conID: 1 locID: 102264592729309656 bcsId: 0,conID: 2 locID: 102264592731144665 bcsId: 0,conID: 3 locID: 102264592735273434 bcsId: 0,conID: 1 locID: 102264592738943451 bcsId: 0,conID: 2 locID: 102264592740254172 bcsId: 0,conID: 3 locID: 102264592745955805 bcsId: 0,conID: 1 locID: 102264592747200990 bcsId: 0,conID: 2 locID: 102264592748511711 bcsId: 0,conID: 3 locID: 102264592752312800 bcsId: 0,conID: 1 locID: 102264592754344417 bcsId: 0,conID: 2 locID: 102264592760504802 bcsId: 0,conID: 3 locID: 102264592761881059 bcsId: 0,conID: 1 locID: 102264592779706852 bcsId: 0,conID: 2 locID: 102264592780952037 bcsId: 0,conID: 3 locID: 102264592784687590 bcsId: 0,conID: 1 locID: 102264592785932775 bcsId: 0,conID: 2 locID: 102264592791634408 bcsId: 0,conID: 3 locID: 102264592792879593 bcsId: 0,conID: 1 locID: 102264592794124778 bcsId: 0,conID: 2 locID: 102264592798056939 bcsId: 0,conID: 3 locID: 102264592799498732 bcsId: 0,conID: 1 locID: 102264592807821805 bcsId: 0,conID: 2 locID: 102264592809198062 bcsId: 0,conID: 3 locID: 102264592810574319 bcsId: 0,conID: 1 locID: 102264592814244336 bcsId: 0,conID: 2 locID: 102264592815555057 bcsId: 0,conID: 3 locID: 102264592816996850 bcsId: 0,conID: 1 locID: 102264592822632947 bcsId: 0,conID: 2 locID: 102264592823878132 bcsId: 0,conID: 3 locID: 102264592825188853 bcsId: 0,conID: 1 locID: 102264592828858870 bcsId: 0,conID: 2 locID: 102264592830104055 bcsId: 0,conID: 3 locID: 102264592839016952 bcsId: 0,conID: 1 locID: 102264592840262137 bcsId: 0,conID: 2 locID: 102264592841835002 bcsId: 0,conID: 3 locID: 102264592845701627 bcsId: 0,conID: 1 locID: 102264592847208956 bcsId: 0,conID: 2 locID: 102264592848650749 bcsId: 0,conID: 3 locID: 102264592854483454 bcsId: 0,conID: 1 locID: 102264592855925247 bcsId: 0,conID: 2 locID: 102264592857825792 bcsId: 0,conID: 3 locID: 102264592860774913 bcsId: 0,conID: 1 locID: 102264592865100290 bcsId: 0,conID: 2 locID: 102264592872440323 bcsId: 0,conID: 3 locID: 102264592874013188 bcsId: 0,conID: 1 locID: 102264592875520517 bcsId: 0,conID: 2 locID: 102264592879452678 bcsId: 0,conID: 3 locID: 102264592880763399 bcsId: 0,conID: 1 locID: 102264592882008584 bcsId: 0,conID: 2 locID: 102264592888300041 bcsId: 0,conID: 3 locID: 102264592889545226 bcsId: 0,conID: 1 locID: 102264592895836683 bcsId: 0,conID: 2 locID: 102264592897212940 bcsId: 0,conID: 3 locID: 102264592898523661 bcsId: 0,conID: 1 locID: 102264592904356366 bcsId: 0,conID: 2 locID: 102264592905667087 bcsId: 0,conID: 3 locID: 102264592907043344 bcsId: 0,conID: 1 locID: 102264592911041041 bcsId: 0,conID: 2 locID: 102264592912351762 bcsId: 0,conID: 3 locID: 102264592913728019 bcsId: 0,conID: 1 locID: 102264592919560724 bcsId: 0,conID: 2 locID: 102264592940007957 bcsId: 0,conID: 3 locID: 102264592943677974 bcsId: 0,conID: 1 locID: 102264592945250839 bcsId: 0,conID: 2 locID: 102264592946627096 bcsId: 0,conID: 3 locID: 102264592947872281 bcsId: 0,conID: 1 locID: 102264592953836058 bcsId: 0,conID: 2 locID: 102264592955802139 bcsId: 0,conID: 3 locID: 102264592960127516 bcsId: 0,conID: 1 locID: 102264592961503773 bcsId: 0,conID: 2 locID: 102264592962880030 bcsId: 0,conID: 3 locID: 102264592971727391 bcsId: 0,conID: 1 locID: 102264592973103648 bcsId: 0,conID: 2 locID: 102264592977166881 bcsId: 0,conID: 3 locID: 102264592978739746 bcsId: 0,conID: 1 locID: 102264592980312611 bcsId: 0,conID: 2 locID: 102264592981819940 bcsId: 0,conID: 3 locID: 102264592987521573 bcsId: 0,conID: 1 locID: 102264592991453734 bcsId: 0,conID: 2 locID: 102264592993026599 bcsId: 0,conID: 3 locID: 102264592994337320 bcsId: 0,conID: 1 locID: 102264592995844649 bcsId: 0
2019-06-13 13:50:53,536 DEBUG block.SCMBlockDeletingService (SCMBlockDeletingService.java:call(138)) - Running DeletedBlockTransactionScanner
2019-06-13 13:50:53,536 DEBUG block.SCMBlockDeletingService (SCMBlockDeletingService.java:call(155)) - Scanned deleted blocks log and got 0 delTX to process.
2019-06-13 13:50:53,637 DEBUG block.SCMBlockDeletingService (SCMBlockDeletingService.java:call(138)) - Running DeletedBlockTransactionScanner
2019-06-13 13:50:53,637 DEBUG block.SCMBlockDeletingService (SCMBlockDeletingService.java:call(155)) - Scanned deleted blocks log and got 0 delTX to process.
2019-06-13 13:50:53,737 DEBUG block.SCMBlockDeletingService (SCMBlockDeletingService.java:call(138)) - Running DeletedBlockTransactionScanner
2019-06-13 13:50:53,738 DEBUG block.SCMBlockDeletingService (SCMBlockDeletingService.java:call(155)) - Scanned deleted blocks log and got 0 delTX to process.
2019-06-13 13:50:53,838 DEBUG block.SCMBlockDeletingService (SCMBlockDeletingService.java:call(138)) - Running DeletedBlockTransactionScanner
2019-06-13 13:50:53,838 DEBUG block.SCMBlockDeletingService (SCMBlockDeletingService.java:call(155)) - Scanned deleted blocks log and got 0 delTX to process.
2019-06-13 13:50:53,938 DEBUG block.SCMBlockDeletingService (SCMBlockDeletingService.java:call(138)) - Running DeletedBlockTransactionScanner
2019-06-13 13:50:53,938 DEBUG block.SCMBlockDeletingService (SCMBlockDeletingService.java:call(155)) - Scanned deleted blocks log and got 0 delTX to process.
2019-06-13 13:50:54,039 DEBUG block.SCMBlockDeletingService (SCMBlockDeletingService.java:call(138)) - Running DeletedBlockTransactionScanner
2019-06-13 13:50:54,039 DEBUG block.SCMBlockDeletingService (SCMBlockDeletingService.java:call(155)) - Scanned deleted blocks log and got 0 delTX to process.
2019-06-13 13:50:54,139 DEBUG block.SCMBlockDeletingService (SCMBlockDeletingService.java:call(138)) - Running DeletedBlockTransactionScanner
2019-06-13 13:50:54,139 DEBUG block.SCMBlockDeletingService (SCMBlockDeletingService.java:call(155)) - Scanned deleted blocks log and got 0 delTX to process.
2019-06-13 13:50:54,240 DEBUG block.SCMBlockDeletingService (SCMBlockDeletingService.java:call(138)) - Running DeletedBlockTransactionScanner
2019-06-13 13:50:54,240 DEBUG block.SCMBlockDeletingService (SCMBlockDeletingService.java:call(155)) - Scanned deleted blocks log and got 0 delTX to process.
2019-06-13 13:50:54,340 DEBUG block.SCMBlockDeletingService (SCMBlockDeletingService.java:call(138)) - Running DeletedBlockTransactionScanner
2019-06-13 13:50:54,340 DEBUG block.SCMBlockDeletingService (SCMBlockDeletingService.java:call(155)) - Scanned deleted blocks log and got 0 delTX to process.
2019-06-13 13:50:54,441 DEBUG block.SCMBlockDeletingService (SCMBlockDeletingService.java:call(138)) - Running DeletedBlockTransactionScanner
2019-06-13 13:50:54,441 DEBUG block.SCMBlockDeletingService (SCMBlockDeletingService.java:call(155)) - Scanned deleted blocks log and got 0 delTX to process.
2019-06-13 13:50:54,541 DEBUG block.SCMBlockDeletingService (SCMBlockDeletingService.java:call(138)) - Running DeletedBlockTransactionScanner
2019-06-13 13:50:54,541 DEBUG block.SCMBlockDeletingService (SCMBlockDeletingService.java:call(155)) - Scanned deleted blocks log and got 0 delTX to process.
2019-06-13 13:50:54,642 DEBUG block.SCMBlockDeletingService (SCMBlockDeletingService.java:call(138)) - Running DeletedBlockTransactionScanner
2019-06-13 13:50:54,642 DEBUG block.SCMBlockDeletingService (SCMBlockDeletingService.java:call(155)) - Scanned deleted blocks log and got 0 delTX to process.
2019-06-13 13:50:54,742 DEBUG block.SCMBlockDeletingService (SCMBlockDeletingService.java:call(138)) - Running DeletedBlockTransactionScanner
2019-06-13 13:50:54,743 DEBUG block.SCMBlockDeletingService (SCMBlockDeletingService.java:call(155)) - Scanned deleted blocks log and got 0 delTX to process.
2019-06-13 13:50:54,843 DEBUG block.SCMBlockDeletingService (SCMBlockDeletingService.java:call(138)) - Running DeletedBlockTransactionScanner
2019-06-13 13:50:54,843 DEBUG block.SCMBlockDeletingService (SCMBlockDeletingService.java:call(155)) - Scanned deleted blocks log and got 0 delTX to process.
2019-06-13 13:50:54,943 DEBUG block.SCMBlockDeletingService (SCMBlockDeletingService.java:call(138)) - Running DeletedBlockTransactionScanner
2019-06-13 13:50:54,944 DEBUG block.SCMBlockDeletingService (SCMBlockDeletingService.java:call(155)) - Scanned deleted blocks log and got 0 delTX to process.
2019-06-13 13:50:55,044 DEBUG block.SCMBlockDeletingService (SCMBlockDeletingService.java:call(138)) - Running DeletedBlockTransactionScanner
2019-06-13 13:50:55,044 DEBUG block.SCMBlockDeletingService (SCMBlockDeletingService.java:call(155)) - Scanned deleted blocks log and got 0 delTX to process.
2019-06-13 13:50:55,144 DEBUG block.SCMBlockDeletingService (SCMBlockDeletingService.java:call(138)) - Running DeletedBlockTransactionScanner
2019-06-13 13:50:55,144 DEBUG block.SCMBlockDeletingService (SCMBlockDeletingService.java:call(155)) - Scanned deleted blocks log and got 0 delTX to process.
2019-06-13 13:50:55,245 DEBUG block.SCMBlockDeletingService (SCMBlockDeletingService.java:call(138)) - Running DeletedBlockTransactionScanner
2019-06-13 13:50:55,245 DEBUG block.SCMBlockDeletingService (SCMBlockDeletingService.java:call(155)) - Scanned deleted blocks log and got 0 delTX to process.
2019-06-13 13:50:55,345 DEBUG block.SCMBlockDeletingService (SCMBlockDeletingService.java:call(138)) - Running DeletedBlockTransactionScanner
2019-06-13 13:50:55,345 DEBUG block.SCMBlockDeletingService (SCMBlockDeletingService.java:call(155)) - Scanned deleted blocks log and got 0 delTX to process.
2019-06-13 13:50:55,446 DEBUG block.SCMBlockDeletingService (SCMBlockDeletingService.java:call(138)) - Running DeletedBlockTransactionScanner
2019-06-13 13:50:55,446 DEBUG block.SCMBlockDeletingService (SCMBlockDeletingService.java:call(155)) - Scanned deleted blocks log and got 0 delTX to process.
2019-06-13 13:50:55,546 DEBUG block.SCMBlockDeletingService (SCMBlockDeletingService.java:call(138)) - Running DeletedBlockTransactionScanner
2019-06-13 13:50:55,546 DEBUG block.SCMBlockDeletingService (SCMBlockDeletingService.java:call(155)) - Scanned deleted blocks log and got 0 delTX to process.
2019-06-13 13:50:55,646 DEBUG block.SCMBlockDeletingService (SCMBlockDeletingService.java:call(138)) - Running DeletedBlockTransactionScanner
2019-06-13 13:50:55,647 DEBUG block.SCMBlockDeletingService (SCMBlockDeletingService.java:call(155)) - Scanned deleted blocks log and got 0 delTX to process.
2019-06-13 13:50:55,747 DEBUG block.SCMBlockDeletingService (SCMBlockDeletingService.java:call(138)) - Running DeletedBlockTransactionScanner
2019-06-13 13:50:55,747 DEBUG block.SCMBlockDeletingService (SCMBlockDeletingService.java:call(155)) - Scanned deleted blocks log and got 0 delTX to process.
2019-06-13 13:50:55,848 DEBUG block.SCMBlockDeletingService (SCMBlockDeletingService.java:call(138)) - Running DeletedBlockTransactionScanner
2019-06-13 13:50:55,848 DEBUG block.SCMBlockDeletingService (SCMBlockDeletingService.java:call(155)) - Scanned deleted blocks log and got 0 delTX to process.
2019-06-13 13:50:55,948 DEBUG block.SCMBlockDeletingService (SCMBlockDeletingService.java:call(138)) - Running DeletedBlockTransactionScanner
2019-06-13 13:50:55,948 DEBUG block.SCMBlockDeletingService (SCMBlockDeletingService.java:call(155)) - Scanned deleted blocks log and got 0 delTX to process.
2019-06-13 13:50:56,048 DEBUG block.SCMBlockDeletingService (SCMBlockDeletingService.java:call(138)) - Running DeletedBlockTransactionScanner
2019-06-13 13:50:56,048 DEBUG block.SCMBlockDeletingService (SCMBlockDeletingService.java:call(155)) - Scanned deleted blocks log and got 0 delTX to process.
2019-06-13 13:50:56,149 DEBUG block.SCMBlockDeletingService (SCMBlockDeletingService.java:call(138)) - Running DeletedBlockTransactionScanner
2019-06-13 13:50:56,149 DEBUG block.SCMBlockDeletingService (SCMBlockDeletingService.java:call(155)) - Scanned deleted blocks log and got 0 delTX to process.
2019-06-13 13:50:56,249 DEBUG block.SCMBlockDeletingService (SCMBlockDeletingService.java:call(138)) - Running DeletedBlockTransactionScanner
2019-06-13 13:50:56,249 DEBUG block.SCMBlockDeletingService (SCMBlockDeletingService.java:call(155)) - Scanned deleted blocks log and got 0 delTX to process.
2019-06-13 13:50:56,349 DEBUG block.SCMBlockDeletingService (SCMBlockDeletingService.java:call(138)) - Running DeletedBlockTransactionScanner
2019-06-13 13:50:56,350 DEBUG block.SCMBlockDeletingService (SCMBlockDeletingService.java:call(155)) - Scanned deleted blocks log and got 0 delTX to process.
2019-06-13 13:50:56,450 DEBUG block.SCMBlockDeletingService (SCMBlockDeletingService.java:call(138)) - Running DeletedBlockTransactionScanner
2019-06-13 13:50:56,450 DEBUG block.SCMBlockDeletingService (SCMBlockDeletingService.java:call(155)) - Scanned deleted blocks log and got 0 delTX to process.
2019-06-13 13:50:56,550 DEBUG block.SCMBlockDeletingService (SCMBlockDeletingService.java:call(138)) - Running DeletedBlockTransactionScanner
2019-06-13 13:50:56,550 DEBUG block.SCMBlockDeletingService (SCMBlockDeletingService.java:call(155)) - Scanned deleted blocks log and got 0 delTX to process.
2019-06-13 13:50:56,651 DEBUG block.SCMBlockDeletingService (SCMBlockDeletingService.java:call(138)) - Running DeletedBlockTransactionScanner
2019-06-13 13:50:56,651 DEBUG block.SCMBlockDeletingService (SCMBlockDeletingService.java:call(155)) - Scanned deleted blocks log and got 0 delTX to process.
2019-06-13 13:50:56,751 DEBUG block.SCMBlockDeletingService (SCMBlockDeletingService.java:call(138)) - Running DeletedBlockTransactionScanner
2019-06-13 13:50:56,751 DEBUG block.SCMBlockDeletingService (SCMBlockDeletingService.java:call(155)) - Scanned deleted blocks log and got 0 delTX to process.
2019-06-13 13:50:56,851 DEBUG block.SCMBlockDeletingService (SCMBlockDeletingService.java:call(138)) - Running DeletedBlockTransactionScanner
2019-06-13 13:50:56,852 DEBUG block.SCMBlockDeletingService (SCMBlockDeletingService.java:call(155)) - Scanned deleted blocks log and got 0 delTX to process.
2019-06-13 13:50:56,952 DEBUG block.SCMBlockDeletingService (SCMBlockDeletingService.java:call(138)) - Running DeletedBlockTransactionScanner
2019-06-13 13:50:56,952 DEBUG block.SCMBlockDeletingService (SCMBlockDeletingService.java:call(155)) - Scanned deleted blocks log and got 0 delTX to process.
2019-06-13 13:50:57,052 DEBUG block.SCMBlockDeletingService (SCMBlockDeletingService.java:call(138)) - Running DeletedBlockTransactionScanner
2019-06-13 13:50:57,052 DEBUG block.SCMBlockDeletingService (SCMBlockDeletingService.java:call(155)) - Scanned deleted blocks log and got 0 delTX to process.
2019-06-13 13:50:57,152 DEBUG block.SCMBlockDeletingService (SCMBlockDeletingService.java:call(138)) - Running DeletedBlockTransactionScanner
2019-06-13 13:50:57,153 DEBUG block.SCMBlockDeletingService (SCMBlockDeletingService.java:call(155)) - Scanned deleted blocks log and got 0 delTX to process.
2019-06-13 13:50:57,253 DEBUG block.SCMBlockDeletingService (SCMBlockDeletingService.java:call(138)) - Running DeletedBlockTransactionScanner
2019-06-13 13:50:57,253 DEBUG block.SCMBlockDeletingService (SCMBlockDeletingService.java:call(155)) - Scanned deleted blocks log and got 0 delTX to process.
2019-06-13 13:50:57,353 DEBUG block.SCMBlockDeletingService (SCMBlockDeletingService.java:call(138)) - Running DeletedBlockTransactionScanner
2019-06-13 13:50:57,353 DEBUG block.SCMBlockDeletingService (SCMBlockDeletingService.java:call(155)) - Scanned deleted blocks log and got 0 delTX to process.
2019-06-13 13:50:57,453 DEBUG block.SCMBlockDeletingService (SCMBlockDeletingService.java:call(138)) - Running DeletedBlockTransactionScanner
2019-06-13 13:50:57,454 DEBUG block.SCMBlockDeletingService (SCMBlockDeletingService.java:call(155)) - Scanned deleted blocks log and got 0 delTX to process.
2019-06-13 13:50:57,554 DEBUG block.SCMBlockDeletingService (SCMBlockDeletingService.java:call(138)) - Running DeletedBlockTransactionScanner
2019-06-13 13:50:57,554 DEBUG block.SCMBlockDeletingService (SCMBlockDeletingService.java:call(155)) - Scanned deleted blocks log and got 0 delTX to process.
2019-06-13 13:50:57,654 DEBUG block.SCMBlockDeletingService (SCMBlockDeletingService.java:call(138)) - Running DeletedBlockTransactionScanner
2019-06-13 13:50:57,654 DEBUG block.SCMBlockDeletingService (SCMBlockDeletingService.java:call(155)) - Scanned deleted blocks log and got 0 delTX to process.
2019-06-13 13:50:57,755 DEBUG block.SCMBlockDeletingService (SCMBlockDeletingService.java:call(138)) - Running DeletedBlockTransactionScanner
2019-06-13 13:50:57,755 DEBUG block.SCMBlockDeletingService (SCMBlockDeletingService.java:call(155)) - Scanned deleted blocks log and got 0 delTX to process.
2019-06-13 13:50:57,855 DEBUG block.SCMBlockDeletingService (SCMBlockDeletingService.java:call(138)) - Running DeletedBlockTransactionScanner
2019-06-13 13:50:57,855 DEBUG block.SCMBlockDeletingService (SCMBlockDeletingService.java:call(155)) - Scanned deleted blocks log and got 0 delTX to process.
2019-06-13 13:50:57,956 DEBUG block.SCMBlockDeletingService (SCMBlockDeletingService.java:call(138)) - Running DeletedBlockTransactionScanner
2019-06-13 13:50:57,956 DEBUG block.SCMBlockDeletingService (SCMBlockDeletingService.java:call(155)) - Scanned deleted blocks log and got 0 delTX to process.
2019-06-13 13:50:58,056 DEBUG block.SCMBlockDeletingService (SCMBlockDeletingService.java:call(138)) - Running DeletedBlockTransactionScanner
2019-06-13 13:50:58,056 DEBUG block.SCMBlockDeletingService (SCMBlockDeletingService.java:call(155)) - Scanned deleted blocks log and got 0 delTX to process.
2019-06-13 13:50:58,156 DEBUG block.SCMBlockDeletingService (SCMBlockDeletingService.java:call(138)) - Running DeletedBlockTransactionScanner
2019-06-13 13:50:58,156 DEBUG block.SCMBlockDeletingService (SCMBlockDeletingService.java:call(155)) - Scanned deleted blocks log and got 0 delTX to process.
2019-06-13 13:50:58,257 DEBUG block.SCMBlockDeletingService (SCMBlockDeletingService.java:call(138)) - Running DeletedBlockTransactionScanner
2019-06-13 13:50:58,257 DEBUG block.SCMBlockDeletingService (SCMBlockDeletingService.java:call(155)) - Scanned deleted blocks log and got 0 delTX to process.
2019-06-13 13:50:58,357 DEBUG block.SCMBlockDeletingService (SCMBlockDeletingService.java:call(138)) - Running DeletedBlockTransactionScanner
2019-06-13 13:50:58,357 DEBUG block.SCMBlockDeletingService (SCMBlockDeletingService.java:call(155)) - Scanned deleted blocks log and got 0 delTX to process.
2019-06-13 13:50:58,369 INFO  datanode.ObjectStoreHandler (ObjectStoreHandler.java:close(155)) - Closing ObjectStoreHandler.
2019-06-13 13:50:58,370 INFO  ozone.HddsDatanodeService (HddsDatanodeService.java:stop(452)) - Stopped plug-in org.apache.hadoop.ozone.web.OzoneHddsDatanodeService@433d9680
2019-06-13 13:50:58,370 INFO  statemachine.DatanodeStateMachine (DatanodeStateMachine.java:lambda$startDaemon$0(350)) - Ozone container server started.
2019-06-13 13:50:58,371 INFO  ozoneimpl.OzoneContainer (OzoneContainer.java:stop(199)) - Attempting to stop container services.
2019-06-13 13:50:58,372 INFO  impl.RaftServerProxy (RaftServerProxy.java:lambda$close$4(314)) - 5d71e5de-6d45-4480-a1f1-d41cc2d38630: close
2019-06-13 13:50:58,373 INFO  impl.RaftServerImpl (RaftServerImpl.java:lambda$shutdown$3(238)) - 5d71e5de-6d45-4480-a1f1-d41cc2d38630: shutdown group-C6AEA7A4B82B
2019-06-13 13:50:58,373 INFO  util.JmxRegister (JmxRegister.java:unregister(73)) - Successfully un-registered JMX Bean with object name Ratis:service=RaftServer,group=group-C6AEA7A4B82B,id=5d71e5de-6d45-4480-a1f1-d41cc2d38630
2019-06-13 13:50:58,374 INFO  impl.RoleInfo (RoleInfo.java:shutdownLeaderState(104)) - 5d71e5de-6d45-4480-a1f1-d41cc2d38630: shutdown LeaderState
2019-06-13 13:50:58,374 INFO  impl.PendingRequests (PendingRequests.java:sendNotLeaderResponses(140)) - 5d71e5de-6d45-4480-a1f1-d41cc2d38630-PendingRequests: sendNotLeaderResponses
2019-06-13 13:50:58,378 INFO  impl.StateMachineUpdater (StateMachineUpdater.java:stopAndJoin(109)) - StateMachineUpdater-5d71e5de-6d45-4480-a1f1-d41cc2d38630-group-C6AEA7A4B82B: set stopIndex = 7272
2019-06-13 13:50:58,378 INFO  ratis.ContainerStateMachine (ContainerStateMachine.java:takeSnapshot(245)) - Taking snapshot at termIndex:(t:1, i:7271)
2019-06-13 13:50:58,378 INFO  ratis.ContainerStateMachine (ContainerStateMachine.java:takeSnapshot(249)) - Taking a snapshot to file /opt/src/hadoop-ozone/integration-test/target/test-dir/MiniOzoneClusterImpl-c05bfa39-b333-4767-bc96-5a78f3430938/datanode-0/data/ratis/3aee30eb-3db1-472a-b851-c6aea7a4b82b/sm/snapshot.1_7271
2019-06-13 13:50:58,385 INFO  impl.RaftServerImpl (ServerState.java:close(394)) - 5d71e5de-6d45-4480-a1f1-d41cc2d38630:group-C6AEA7A4B82B closes. The last applied log index is 7272
2019-06-13 13:50:58,389 INFO  storage.RaftLogWorker (RaftLogWorker.java:close(168)) - 5d71e5de-6d45-4480-a1f1-d41cc2d38630-RaftLogWorker close()
2019-06-13 13:50:58,390 INFO  server.GrpcService (GrpcService.java:closeImpl(154)) - 5d71e5de-6d45-4480-a1f1-d41cc2d38630: shutdown server with port 39319 now
2019-06-13 13:50:58,391 INFO  server.GrpcService (GrpcService.java:closeImpl(162)) - 5d71e5de-6d45-4480-a1f1-d41cc2d38630: shutdown server with port 39319 successfully
2019-06-13 13:50:58,393 WARN  fs.CachingGetSpaceUsed (CachingGetSpaceUsed.java:run(183)) - Thread Interrupted waiting to refresh disk information: sleep interrupted
2019-06-13 13:50:58,407 INFO  statemachine.DatanodeStateMachine (DatanodeStateMachine.java:stopDaemon(395)) - Ozone container server stopped.
2019-06-13 13:50:58,411 INFO  handler.ContextHandler (ContextHandler.java:doStop(910)) - Stopped o.e.j.w.WebAppContext@36c0d0bd{/,null,UNAVAILABLE}{/hddsDatanode}
2019-06-13 13:50:58,414 INFO  server.AbstractConnector (AbstractConnector.java:doStop(318)) - Stopped ServerConnector@5e1fc2aa{HTTP/1.1,[http/1.1]}{0.0.0.0:0}
2019-06-13 13:50:58,415 INFO  handler.ContextHandler (ContextHandler.java:doStop(910)) - Stopped o.e.j.s.ServletContextHandler@4f5f6e45{/static,jar:file:/root/.m2/repository/org/apache/hadoop/hadoop-hdds-container-service/0.5.0-SNAPSHOT/hadoop-hdds-container-service-0.5.0-SNAPSHOT.jar!/webapps/static,UNAVAILABLE}
2019-06-13 13:50:58,415 INFO  handler.ContextHandler (ContextHandler.java:doStop(910)) - Stopped o.e.j.s.ServletContextHandler@6438a7fe{/logs,file:///opt/src/hadoop-ozone/integration-test/target/log,UNAVAILABLE}
2019-06-13 13:50:58,458 DEBUG block.SCMBlockDeletingService (SCMBlockDeletingService.java:call(138)) - Running DeletedBlockTransactionScanner
2019-06-13 13:50:58,459 DEBUG block.SCMBlockDeletingService (SCMBlockDeletingService.java:call(155)) - Scanned deleted blocks log and got 3 delTX to process.
2019-06-13 13:50:58,462 DEBUG block.SCMBlockDeletingService (SCMBlockDeletingService.java:call(171)) - Added delete block command for datanode 5d71e5de-6d45-4480-a1f1-d41cc2d38630 in the queue, number of delete block transactions: 3, TxID list: 1,2,3
2019-06-13 13:50:58,462 INFO  block.SCMBlockDeletingService (SCMBlockDeletingService.java:call(182)) - Totally added 3 delete blocks command for 1 datanodes, task elapsed time: 5ms
2019-06-13 13:50:58,563 DEBUG block.SCMBlockDeletingService (SCMBlockDeletingService.java:call(138)) - Running DeletedBlockTransactionScanner
2019-06-13 13:50:58,563 DEBUG block.SCMBlockDeletingService (SCMBlockDeletingService.java:call(155)) - Scanned deleted blocks log and got 3 delTX to process.
2019-06-13 13:50:58,563 DEBUG block.SCMBlockDeletingService (SCMBlockDeletingService.java:call(171)) - Added delete block command for datanode 5d71e5de-6d45-4480-a1f1-d41cc2d38630 in the queue, number of delete block transactions: 3, TxID list: 1,2,3
2019-06-13 13:50:58,563 INFO  block.SCMBlockDeletingService (SCMBlockDeletingService.java:call(182)) - Totally added 3 delete blocks command for 1 datanodes, task elapsed time: 0ms
2019-06-13 13:50:58,663 DEBUG block.SCMBlockDeletingService (SCMBlockDeletingService.java:call(138)) - Running DeletedBlockTransactionScanner
2019-06-13 13:50:58,664 DEBUG block.SCMBlockDeletingService (SCMBlockDeletingService.java:call(155)) - Scanned deleted blocks log and got 3 delTX to process.
2019-06-13 13:50:58,664 DEBUG block.SCMBlockDeletingService (SCMBlockDeletingService.java:call(171)) - Added delete block command for datanode 5d71e5de-6d45-4480-a1f1-d41cc2d38630 in the queue, number of delete block transactions: 3, TxID list: 1,2,3
2019-06-13 13:50:58,664 INFO  block.SCMBlockDeletingService (SCMBlockDeletingService.java:call(182)) - Totally added 3 delete blocks command for 1 datanodes, task elapsed time: 0ms
2019-06-13 13:50:58,764 DEBUG block.SCMBlockDeletingService (SCMBlockDeletingService.java:call(138)) - Running DeletedBlockTransactionScanner
2019-06-13 13:50:58,765 DEBUG block.SCMBlockDeletingService (SCMBlockDeletingService.java:call(155)) - Scanned deleted blocks log and got 3 delTX to process.
2019-06-13 13:50:58,765 DEBUG block.SCMBlockDeletingService (SCMBlockDeletingService.java:call(171)) - Added delete block command for datanode 5d71e5de-6d45-4480-a1f1-d41cc2d38630 in the queue, number of delete block transactions: 3, TxID list: 1,2,3
2019-06-13 13:50:58,765 INFO  block.SCMBlockDeletingService (SCMBlockDeletingService.java:call(182)) - Totally added 3 delete blocks command for 1 datanodes, task elapsed time: 0ms
2019-06-13 13:50:58,866 DEBUG block.SCMBlockDeletingService (SCMBlockDeletingService.java:call(138)) - Running DeletedBlockTransactionScanner
2019-06-13 13:50:58,866 DEBUG block.SCMBlockDeletingService (SCMBlockDeletingService.java:call(155)) - Scanned deleted blocks log and got 3 delTX to process.
2019-06-13 13:50:58,866 DEBUG block.SCMBlockDeletingService (SCMBlockDeletingService.java:call(171)) - Added delete block command for datanode 5d71e5de-6d45-4480-a1f1-d41cc2d38630 in the queue, number of delete block transactions: 3, TxID list: 1,2,3
2019-06-13 13:50:58,866 INFO  block.SCMBlockDeletingService (SCMBlockDeletingService.java:call(182)) - Totally added 3 delete blocks command for 1 datanodes, task elapsed time: 0ms
2019-06-13 13:50:58,966 DEBUG block.SCMBlockDeletingService (SCMBlockDeletingService.java:call(138)) - Running DeletedBlockTransactionScanner
2019-06-13 13:50:58,967 DEBUG block.SCMBlockDeletingService (SCMBlockDeletingService.java:call(155)) - Scanned deleted blocks log and got 3 delTX to process.
2019-06-13 13:50:58,967 DEBUG block.SCMBlockDeletingService (SCMBlockDeletingService.java:call(171)) - Added delete block command for datanode 5d71e5de-6d45-4480-a1f1-d41cc2d38630 in the queue, number of delete block transactions: 3, TxID list: 1,2,3
2019-06-13 13:50:58,967 INFO  block.SCMBlockDeletingService (SCMBlockDeletingService.java:call(182)) - Totally added 3 delete blocks command for 1 datanodes, task elapsed time: 1ms
2019-06-13 13:50:59,067 DEBUG block.SCMBlockDeletingService (SCMBlockDeletingService.java:call(138)) - Running DeletedBlockTransactionScanner
2019-06-13 13:50:59,067 DEBUG block.SCMBlockDeletingService (SCMBlockDeletingService.java:call(155)) - Scanned deleted blocks log and got 3 delTX to process.
2019-06-13 13:50:59,068 DEBUG block.SCMBlockDeletingService (SCMBlockDeletingService.java:call(171)) - Added delete block command for datanode 5d71e5de-6d45-4480-a1f1-d41cc2d38630 in the queue, number of delete block transactions: 3, TxID list: 1,2,3
2019-06-13 13:50:59,068 INFO  block.SCMBlockDeletingService (SCMBlockDeletingService.java:call(182)) - Totally added 3 delete blocks command for 1 datanodes, task elapsed time: 1ms
2019-06-13 13:50:59,168 DEBUG block.SCMBlockDeletingService (SCMBlockDeletingService.java:call(138)) - Running DeletedBlockTransactionScanner
2019-06-13 13:50:59,168 DEBUG block.SCMBlockDeletingService (SCMBlockDeletingService.java:call(155)) - Scanned deleted blocks log and got 3 delTX to process.
2019-06-13 13:50:59,168 DEBUG block.SCMBlockDeletingService (SCMBlockDeletingService.java:call(171)) - Added delete block command for datanode 5d71e5de-6d45-4480-a1f1-d41cc2d38630 in the queue, number of delete block transactions: 3, TxID list: 1,2,3
2019-06-13 13:50:59,169 INFO  block.SCMBlockDeletingService (SCMBlockDeletingService.java:call(182)) - Totally added 3 delete blocks command for 1 datanodes, task elapsed time: 1ms
2019-06-13 13:50:59,269 DEBUG block.SCMBlockDeletingService (SCMBlockDeletingService.java:call(138)) - Running DeletedBlockTransactionScanner
2019-06-13 13:50:59,269 DEBUG block.SCMBlockDeletingService (SCMBlockDeletingService.java:call(155)) - Scanned deleted blocks log and got 3 delTX to process.
2019-06-13 13:50:59,269 DEBUG block.SCMBlockDeletingService (SCMBlockDeletingService.java:call(171)) - Added delete block command for datanode 5d71e5de-6d45-4480-a1f1-d41cc2d38630 in the queue, number of delete block transactions: 3, TxID list: 1,2,3
2019-06-13 13:50:59,270 INFO  block.SCMBlockDeletingService (SCMBlockDeletingService.java:call(182)) - Totally added 3 delete blocks command for 1 datanodes, task elapsed time: 1ms
2019-06-13 13:50:59,370 DEBUG block.SCMBlockDeletingService (SCMBlockDeletingService.java:call(138)) - Running DeletedBlockTransactionScanner
2019-06-13 13:50:59,370 DEBUG block.SCMBlockDeletingService (SCMBlockDeletingService.java:call(155)) - Scanned deleted blocks log and got 3 delTX to process.
2019-06-13 13:50:59,370 DEBUG block.SCMBlockDeletingService (SCMBlockDeletingService.java:call(171)) - Added delete block command for datanode 5d71e5de-6d45-4480-a1f1-d41cc2d38630 in the queue, number of delete block transactions: 3, TxID list: 1,2,3
2019-06-13 13:50:59,371 INFO  block.SCMBlockDeletingService (SCMBlockDeletingService.java:call(182)) - Totally added 3 delete blocks command for 1 datanodes, task elapsed time: 1ms
2019-06-13 13:50:59,462 INFO  commands.RetriableDatanodeEventWatcher (RetriableDatanodeEventWatcher.java:onTimeout(47)) - RetriableDatanodeCommand type=deleteBlocksCommand with id=1560433858462 timed out. Retrying.
2019-06-13 13:50:59,471 DEBUG block.SCMBlockDeletingService (SCMBlockDeletingService.java:call(138)) - Running DeletedBlockTransactionScanner
2019-06-13 13:50:59,471 DEBUG block.SCMBlockDeletingService (SCMBlockDeletingService.java:call(155)) - Scanned deleted blocks log and got 3 delTX to process.
2019-06-13 13:50:59,471 DEBUG block.SCMBlockDeletingService (SCMBlockDeletingService.java:call(171)) - Added delete block command for datanode 5d71e5de-6d45-4480-a1f1-d41cc2d38630 in the queue, number of delete block transactions: 3, TxID list: 1,2,3
2019-06-13 13:50:59,472 INFO  block.SCMBlockDeletingService (SCMBlockDeletingService.java:call(182)) - Totally added 3 delete blocks command for 1 datanodes, task elapsed time: 1ms
2019-06-13 13:50:59,562 INFO  commands.RetriableDatanodeEventWatcher (RetriableDatanodeEventWatcher.java:onTimeout(47)) - RetriableDatanodeCommand type=deleteBlocksCommand with id=1560433858463 timed out. Retrying.
2019-06-13 13:50:59,572 DEBUG block.SCMBlockDeletingService (SCMBlockDeletingService.java:call(138)) - Running DeletedBlockTransactionScanner
2019-06-13 13:50:59,572 DEBUG block.SCMBlockDeletingService (SCMBlockDeletingService.java:call(155)) - Scanned deleted blocks log and got 3 delTX to process.
2019-06-13 13:50:59,572 DEBUG block.SCMBlockDeletingService (SCMBlockDeletingService.java:call(171)) - Added delete block command for datanode 5d71e5de-6d45-4480-a1f1-d41cc2d38630 in the queue, number of delete block transactions: 3, TxID list: 1,2,3
2019-06-13 13:50:59,572 INFO  block.SCMBlockDeletingService (SCMBlockDeletingService.java:call(182)) - Totally added 3 delete blocks command for 1 datanodes, task elapsed time: 1ms
2019-06-13 13:50:59,664 INFO  commands.RetriableDatanodeEventWatcher (RetriableDatanodeEventWatcher.java:onTimeout(47)) - RetriableDatanodeCommand type=deleteBlocksCommand with id=1560433858464 timed out. Retrying.
2019-06-13 13:50:59,673 DEBUG block.SCMBlockDeletingService (SCMBlockDeletingService.java:call(138)) - Running DeletedBlockTransactionScanner
2019-06-13 13:50:59,673 DEBUG block.SCMBlockDeletingService (SCMBlockDeletingService.java:call(155)) - Scanned deleted blocks log and got 3 delTX to process.
2019-06-13 13:50:59,673 DEBUG block.SCMBlockDeletingService (SCMBlockDeletingService.java:call(171)) - Added delete block command for datanode 5d71e5de-6d45-4480-a1f1-d41cc2d38630 in the queue, number of delete block transactions: 3, TxID list: 1,2,3
2019-06-13 13:50:59,673 INFO  block.SCMBlockDeletingService (SCMBlockDeletingService.java:call(182)) - Totally added 3 delete blocks command for 1 datanodes, task elapsed time: 0ms
2019-06-13 13:50:59,765 INFO  commands.RetriableDatanodeEventWatcher (RetriableDatanodeEventWatcher.java:onTimeout(47)) - RetriableDatanodeCommand type=deleteBlocksCommand with id=1560433858465 timed out. Retrying.
2019-06-13 13:50:59,773 DEBUG block.SCMBlockDeletingService (SCMBlockDeletingService.java:call(138)) - Running DeletedBlockTransactionScanner
2019-06-13 13:50:59,774 DEBUG block.SCMBlockDeletingService (SCMBlockDeletingService.java:call(155)) - Scanned deleted blocks log and got 3 delTX to process.
2019-06-13 13:50:59,774 DEBUG block.SCMBlockDeletingService (SCMBlockDeletingService.java:call(171)) - Added delete block command for datanode 5d71e5de-6d45-4480-a1f1-d41cc2d38630 in the queue, number of delete block transactions: 3, TxID list: 1,2,3
2019-06-13 13:50:59,774 INFO  block.SCMBlockDeletingService (SCMBlockDeletingService.java:call(182)) - Totally added 3 delete blocks command for 1 datanodes, task elapsed time: 0ms
2019-06-13 13:50:59,866 INFO  commands.RetriableDatanodeEventWatcher (RetriableDatanodeEventWatcher.java:onTimeout(47)) - RetriableDatanodeCommand type=deleteBlocksCommand with id=1560433858466 timed out. Retrying.
2019-06-13 13:50:59,874 DEBUG block.SCMBlockDeletingService (SCMBlockDeletingService.java:call(138)) - Running DeletedBlockTransactionScanner
2019-06-13 13:50:59,875 DEBUG block.SCMBlockDeletingService (SCMBlockDeletingService.java:call(155)) - Scanned deleted blocks log and got 3 delTX to process.
2019-06-13 13:50:59,875 DEBUG block.SCMBlockDeletingService (SCMBlockDeletingService.java:call(171)) - Added delete block command for datanode 5d71e5de-6d45-4480-a1f1-d41cc2d38630 in the queue, number of delete block transactions: 3, TxID list: 1,2,3
2019-06-13 13:50:59,875 INFO  block.SCMBlockDeletingService (SCMBlockDeletingService.java:call(182)) - Totally added 3 delete blocks command for 1 datanodes, task elapsed time: 0ms
2019-06-13 13:50:59,917 INFO  ozone.MiniOzoneClusterImpl (MiniOzoneClusterImpl.java:lambda$waitForClusterToBeReady$0(142)) - Waiting for cluster to be ready. Got 1 of 0 DN Heartbeats.
2019-06-13 13:50:59,967 INFO  commands.RetriableDatanodeEventWatcher (RetriableDatanodeEventWatcher.java:onTimeout(47)) - RetriableDatanodeCommand type=deleteBlocksCommand with id=1560433858467 timed out. Retrying.
2019-06-13 13:50:59,975 DEBUG block.SCMBlockDeletingService (SCMBlockDeletingService.java:call(138)) - Running DeletedBlockTransactionScanner
2019-06-13 13:50:59,976 DEBUG block.SCMBlockDeletingService (SCMBlockDeletingService.java:call(155)) - Scanned deleted blocks log and got 3 delTX to process.
2019-06-13 13:50:59,976 DEBUG block.SCMBlockDeletingService (SCMBlockDeletingService.java:call(171)) - Added delete block command for datanode 5d71e5de-6d45-4480-a1f1-d41cc2d38630 in the queue, number of delete block transactions: 3, TxID list: 1,2,3
2019-06-13 13:50:59,976 INFO  block.SCMBlockDeletingService (SCMBlockDeletingService.java:call(182)) - Totally added 3 delete blocks command for 1 datanodes, task elapsed time: 0ms
2019-06-13 13:51:00,068 INFO  commands.RetriableDatanodeEventWatcher (RetriableDatanodeEventWatcher.java:onTimeout(47)) - RetriableDatanodeCommand type=deleteBlocksCommand with id=1560433858468 timed out. Retrying.
2019-06-13 13:51:00,076 DEBUG block.SCMBlockDeletingService (SCMBlockDeletingService.java:call(138)) - Running DeletedBlockTransactionScanner
2019-06-13 13:51:00,076 DEBUG block.SCMBlockDeletingService (SCMBlockDeletingService.java:call(155)) - Scanned deleted blocks log and got 3 delTX to process.
2019-06-13 13:51:00,077 DEBUG block.SCMBlockDeletingService (SCMBlockDeletingService.java:call(171)) - Added delete block command for datanode 5d71e5de-6d45-4480-a1f1-d41cc2d38630 in the queue, number of delete block transactions: 3, TxID list: 1,2,3
2019-06-13 13:51:00,077 INFO  block.SCMBlockDeletingService (SCMBlockDeletingService.java:call(182)) - Totally added 3 delete blocks command for 1 datanodes, task elapsed time: 1ms
2019-06-13 13:51:00,169 INFO  commands.RetriableDatanodeEventWatcher (RetriableDatanodeEventWatcher.java:onTimeout(47)) - RetriableDatanodeCommand type=deleteBlocksCommand with id=1560433858469 timed out. Retrying.
2019-06-13 13:51:00,177 DEBUG block.SCMBlockDeletingService (SCMBlockDeletingService.java:call(138)) - Running DeletedBlockTransactionScanner
2019-06-13 13:51:00,177 DEBUG block.SCMBlockDeletingService (SCMBlockDeletingService.java:call(155)) - Scanned deleted blocks log and got 3 delTX to process.
2019-06-13 13:51:00,177 DEBUG block.SCMBlockDeletingService (SCMBlockDeletingService.java:call(171)) - Added delete block command for datanode 5d71e5de-6d45-4480-a1f1-d41cc2d38630 in the queue, number of delete block transactions: 3, TxID list: 1,2,3
2019-06-13 13:51:00,178 INFO  block.SCMBlockDeletingService (SCMBlockDeletingService.java:call(182)) - Totally added 3 delete blocks command for 1 datanodes, task elapsed time: 1ms
2019-06-13 13:51:00,269 INFO  commands.RetriableDatanodeEventWatcher (RetriableDatanodeEventWatcher.java:onTimeout(47)) - RetriableDatanodeCommand type=deleteBlocksCommand with id=1560433858470 timed out. Retrying.
2019-06-13 13:51:00,278 DEBUG block.SCMBlockDeletingService (SCMBlockDeletingService.java:call(138)) - Running DeletedBlockTransactionScanner
2019-06-13 13:51:00,278 DEBUG block.SCMBlockDeletingService (SCMBlockDeletingService.java:call(155)) - Scanned deleted blocks log and got 3 delTX to process.
2019-06-13 13:51:00,278 DEBUG block.SCMBlockDeletingService (SCMBlockDeletingService.java:call(171)) - Added delete block command for datanode 5d71e5de-6d45-4480-a1f1-d41cc2d38630 in the queue, number of delete block transactions: 3, TxID list: 1,2,3
2019-06-13 13:51:00,278 INFO  block.SCMBlockDeletingService (SCMBlockDeletingService.java:call(182)) - Totally added 3 delete blocks command for 1 datanodes, task elapsed time: 1ms
2019-06-13 13:51:00,369 INFO  commands.RetriableDatanodeEventWatcher (RetriableDatanodeEventWatcher.java:onTimeout(47)) - RetriableDatanodeCommand type=deleteBlocksCommand with id=1560433858471 timed out. Retrying.
2019-06-13 13:51:00,379 DEBUG block.SCMBlockDeletingService (SCMBlockDeletingService.java:call(138)) - Running DeletedBlockTransactionScanner
2019-06-13 13:51:00,379 DEBUG block.SCMBlockDeletingService (SCMBlockDeletingService.java:call(155)) - Scanned deleted blocks log and got 3 delTX to process.
2019-06-13 13:51:00,379 DEBUG block.SCMBlockDeletingService (SCMBlockDeletingService.java:call(171)) - Added delete block command for datanode 5d71e5de-6d45-4480-a1f1-d41cc2d38630 in the queue, number of delete block transactions: 3, TxID list: 1,2,3
2019-06-13 13:51:00,380 INFO  block.SCMBlockDeletingService (SCMBlockDeletingService.java:call(182)) - Totally added 3 delete blocks command for 1 datanodes, task elapsed time: 1ms
2019-06-13 13:51:00,463 INFO  commands.RetriableDatanodeEventWatcher (RetriableDatanodeEventWatcher.java:onTimeout(47)) - RetriableDatanodeCommand type=deleteBlocksCommand with id=1560433858462 timed out. Retrying.
2019-06-13 13:51:00,471 INFO  commands.RetriableDatanodeEventWatcher (RetriableDatanodeEventWatcher.java:onTimeout(47)) - RetriableDatanodeCommand type=deleteBlocksCommand with id=1560433858472 timed out. Retrying.
2019-06-13 13:51:00,480 DEBUG block.SCMBlockDeletingService (SCMBlockDeletingService.java:call(138)) - Running DeletedBlockTransactionScanner
2019-06-13 13:51:00,480 DEBUG block.SCMBlockDeletingService (SCMBlockDeletingService.java:call(155)) - Scanned deleted blocks log and got 3 delTX to process.
2019-06-13 13:51:00,480 DEBUG block.SCMBlockDeletingService (SCMBlockDeletingService.java:call(171)) - Added delete block command for datanode 5d71e5de-6d45-4480-a1f1-d41cc2d38630 in the queue, number of delete block transactions: 3, TxID list: 1,2,3
2019-06-13 13:51:00,481 INFO  block.SCMBlockDeletingService (SCMBlockDeletingService.java:call(182)) - Totally added 3 delete blocks command for 1 datanodes, task elapsed time: 1ms
2019-06-13 13:51:00,563 INFO  commands.RetriableDatanodeEventWatcher (RetriableDatanodeEventWatcher.java:onTimeout(47)) - RetriableDatanodeCommand type=deleteBlocksCommand with id=1560433858463 timed out. Retrying.
2019-06-13 13:51:00,572 INFO  commands.RetriableDatanodeEventWatcher (RetriableDatanodeEventWatcher.java:onTimeout(47)) - RetriableDatanodeCommand type=deleteBlocksCommand with id=1560433858473 timed out. Retrying.
2019-06-13 13:51:00,581 DEBUG block.SCMBlockDeletingService (SCMBlockDeletingService.java:call(138)) - Running DeletedBlockTransactionScanner
2019-06-13 13:51:00,581 DEBUG block.SCMBlockDeletingService (SCMBlockDeletingService.java:call(155)) - Scanned deleted blocks log and got 3 delTX to process.
2019-06-13 13:51:00,581 DEBUG block.SCMBlockDeletingService (SCMBlockDeletingService.java:call(171)) - Added delete block command for datanode 5d71e5de-6d45-4480-a1f1-d41cc2d38630 in the queue, number of delete block transactions: 3, TxID list: 1,2,3
2019-06-13 13:51:00,581 INFO  block.SCMBlockDeletingService (SCMBlockDeletingService.java:call(182)) - Totally added 3 delete blocks command for 1 datanodes, task elapsed time: 1ms
2019-06-13 13:51:00,665 INFO  commands.RetriableDatanodeEventWatcher (RetriableDatanodeEventWatcher.java:onTimeout(47)) - RetriableDatanodeCommand type=deleteBlocksCommand with id=1560433858464 timed out. Retrying.
2019-06-13 13:51:00,673 INFO  commands.RetriableDatanodeEventWatcher (RetriableDatanodeEventWatcher.java:onTimeout(47)) - RetriableDatanodeCommand type=deleteBlocksCommand with id=1560433858474 timed out. Retrying.
2019-06-13 13:51:00,682 DEBUG block.SCMBlockDeletingService (SCMBlockDeletingService.java:call(138)) - Running DeletedBlockTransactionScanner
2019-06-13 13:51:00,682 DEBUG block.SCMBlockDeletingService (SCMBlockDeletingService.java:call(155)) - Scanned deleted blocks log and got 3 delTX to process.
2019-06-13 13:51:00,682 DEBUG block.SCMBlockDeletingService (SCMBlockDeletingService.java:call(171)) - Added delete block command for datanode 5d71e5de-6d45-4480-a1f1-d41cc2d38630 in the queue, number of delete block transactions: 3, TxID list: 1,2,3
2019-06-13 13:51:00,682 INFO  block.SCMBlockDeletingService (SCMBlockDeletingService.java:call(182)) - Totally added 3 delete blocks command for 1 datanodes, task elapsed time: 0ms
2019-06-13 13:51:00,766 INFO  commands.RetriableDatanodeEventWatcher (RetriableDatanodeEventWatcher.java:onTimeout(47)) - RetriableDatanodeCommand type=deleteBlocksCommand with id=1560433858465 timed out. Retrying.
2019-06-13 13:51:00,774 INFO  commands.RetriableDatanodeEventWatcher (RetriableDatanodeEventWatcher.java:onTimeout(47)) - RetriableDatanodeCommand type=deleteBlocksCommand with id=1560433858475 timed out. Retrying.
2019-06-13 13:51:00,782 DEBUG block.SCMBlockDeletingService (SCMBlockDeletingService.java:call(138)) - Running DeletedBlockTransactionScanner
2019-06-13 13:51:00,783 DEBUG block.SCMBlockDeletingService (SCMBlockDeletingService.java:call(155)) - Scanned deleted blocks log and got 3 delTX to process.
2019-06-13 13:51:00,783 DEBUG block.SCMBlockDeletingService (SCMBlockDeletingService.java:call(171)) - Added delete block command for datanode 5d71e5de-6d45-4480-a1f1-d41cc2d38630 in the queue, number of delete block transactions: 3, TxID list: 1,2,3
2019-06-13 13:51:00,783 INFO  block.SCMBlockDeletingService (SCMBlockDeletingService.java:call(182)) - Totally added 3 delete blocks command for 1 datanodes, task elapsed time: 1ms
2019-06-13 13:51:00,867 INFO  commands.RetriableDatanodeEventWatcher (RetriableDatanodeEventWatcher.java:onTimeout(47)) - RetriableDatanodeCommand type=deleteBlocksCommand with id=1560433858466 timed out. Retrying.
2019-06-13 13:51:00,875 INFO  commands.RetriableDatanodeEventWatcher (RetriableDatanodeEventWatcher.java:onTimeout(47)) - RetriableDatanodeCommand type=deleteBlocksCommand with id=1560433858476 timed out. Retrying.
2019-06-13 13:51:00,883 DEBUG block.SCMBlockDeletingService (SCMBlockDeletingService.java:call(138)) - Running DeletedBlockTransactionScanner
2019-06-13 13:51:00,883 DEBUG block.SCMBlockDeletingService (SCMBlockDeletingService.java:call(155)) - Scanned deleted blocks log and got 3 delTX to process.
2019-06-13 13:51:00,883 DEBUG block.SCMBlockDeletingService (SCMBlockDeletingService.java:call(171)) - Added delete block command for datanode 5d71e5de-6d45-4480-a1f1-d41cc2d38630 in the queue, number of delete block transactions: 3, TxID list: 1,2,3
2019-06-13 13:51:00,883 INFO  block.SCMBlockDeletingService (SCMBlockDeletingService.java:call(182)) - Totally added 3 delete blocks command for 1 datanodes, task elapsed time: 1ms
2019-06-13 13:51:00,917 INFO  ozone.MiniOzoneClusterImpl (MiniOzoneClusterImpl.java:lambda$waitForClusterToBeReady$0(142)) - Waiting for cluster to be ready. Got 1 of 0 DN Heartbeats.
2019-06-13 13:51:00,966 INFO  commands.RetriableDatanodeEventWatcher (RetriableDatanodeEventWatcher.java:onTimeout(47)) - RetriableDatanodeCommand type=deleteBlocksCommand with id=1560433858467 timed out. Retrying.
2019-06-13 13:51:00,976 INFO  commands.RetriableDatanodeEventWatcher (RetriableDatanodeEventWatcher.java:onTimeout(47)) - RetriableDatanodeCommand type=deleteBlocksCommand with id=1560433858477 timed out. Retrying.
2019-06-13 13:51:00,984 DEBUG block.SCMBlockDeletingService (SCMBlockDeletingService.java:call(138)) - Running DeletedBlockTransactionScanner
2019-06-13 13:51:00,984 DEBUG block.SCMBlockDeletingService (SCMBlockDeletingService.java:call(155)) - Scanned deleted blocks log and got 3 delTX to process.
2019-06-13 13:51:00,984 DEBUG block.SCMBlockDeletingService (SCMBlockDeletingService.java:call(171)) - Added delete block command for datanode 5d71e5de-6d45-4480-a1f1-d41cc2d38630 in the queue, number of delete block transactions: 3, TxID list: 1,2,3
2019-06-13 13:51:00,984 INFO  block.SCMBlockDeletingService (SCMBlockDeletingService.java:call(182)) - Totally added 3 delete blocks command for 1 datanodes, task elapsed time: 0ms
2019-06-13 13:51:01,068 INFO  commands.RetriableDatanodeEventWatcher (RetriableDatanodeEventWatcher.java:onTimeout(47)) - RetriableDatanodeCommand type=deleteBlocksCommand with id=1560433858468 timed out. Retrying.
2019-06-13 13:51:01,077 INFO  commands.RetriableDatanodeEventWatcher (RetriableDatanodeEventWatcher.java:onTimeout(47)) - RetriableDatanodeCommand type=deleteBlocksCommand with id=1560433858478 timed out. Retrying.
2019-06-13 13:51:01,084 DEBUG block.SCMBlockDeletingService (SCMBlockDeletingService.java:call(138)) - Running DeletedBlockTransactionScanner
2019-06-13 13:51:01,085 DEBUG block.SCMBlockDeletingService (SCMBlockDeletingService.java:call(155)) - Scanned deleted blocks log and got 3 delTX to process.
2019-06-13 13:51:01,085 DEBUG block.SCMBlockDeletingService (SCMBlockDeletingService.java:call(171)) - Added delete block command for datanode 5d71e5de-6d45-4480-a1f1-d41cc2d38630 in the queue, number of delete block transactions: 3, TxID list: 1,2,3
2019-06-13 13:51:01,085 INFO  block.SCMBlockDeletingService (SCMBlockDeletingService.java:call(182)) - Totally added 3 delete blocks command for 1 datanodes, task elapsed time: 0ms
2019-06-13 13:51:01,169 INFO  commands.RetriableDatanodeEventWatcher (RetriableDatanodeEventWatcher.java:onTimeout(47)) - RetriableDatanodeCommand type=deleteBlocksCommand with id=1560433858469 timed out. Retrying.
2019-06-13 13:51:01,178 INFO  commands.RetriableDatanodeEventWatcher (RetriableDatanodeEventWatcher.java:onTimeout(47)) - RetriableDatanodeCommand type=deleteBlocksCommand with id=1560433858479 timed out. Retrying.
2019-06-13 13:51:01,185 DEBUG block.SCMBlockDeletingService (SCMBlockDeletingService.java:call(138)) - Running DeletedBlockTransactionScanner
2019-06-13 13:51:01,185 DEBUG block.SCMBlockDeletingService (SCMBlockDeletingService.java:call(155)) - Scanned deleted blocks log and got 3 delTX to process.
2019-06-13 13:51:01,186 DEBUG block.SCMBlockDeletingService (SCMBlockDeletingService.java:call(171)) - Added delete block command for datanode 5d71e5de-6d45-4480-a1f1-d41cc2d38630 in the queue, number of delete block transactions: 3, TxID list: 1,2,3
2019-06-13 13:51:01,186 INFO  block.SCMBlockDeletingService (SCMBlockDeletingService.java:call(182)) - Totally added 3 delete blocks command for 1 datanodes, task elapsed time: 1ms
2019-06-13 13:51:01,247 INFO  node.StaleNodeHandler (StaleNodeHandler.java:onMessage(58)) - Datanode 5d71e5de-6d45-4480-a1f1-d41cc2d38630{ip: 192.168.46.37, host: ozone-s9v57-3710753675, networkLocation: /default-rack, certSerialId: null} moved to stale state. Finalizing its pipelines [PipelineID=3aee30eb-3db1-472a-b851-c6aea7a4b82b]
2019-06-13 13:51:01,247 INFO  pipeline.SCMPipelineManager (SCMPipelineManager.java:finalizeAndDestroyPipeline(307)) - destroying pipeline:Pipeline[ Id: 3aee30eb-3db1-472a-b851-c6aea7a4b82b, Nodes: 5d71e5de-6d45-4480-a1f1-d41cc2d38630{ip: 192.168.46.37, host: ozone-s9v57-3710753675, networkLocation: /default-rack, certSerialId: null}, Type:RATIS, Factor:ONE, State:OPEN]
2019-06-13 13:51:01,248 INFO  pipeline.PipelineStateManager (PipelineStateManager.java:finalizePipeline(123)) - Pipeline Pipeline[ Id: 3aee30eb-3db1-472a-b851-c6aea7a4b82b, Nodes: 5d71e5de-6d45-4480-a1f1-d41cc2d38630{ip: 192.168.46.37, host: ozone-s9v57-3710753675, networkLocation: /default-rack, certSerialId: null}, Type:RATIS, Factor:ONE, State:CLOSED] moved to CLOSED state
2019-06-13 13:51:01,269 INFO  commands.RetriableDatanodeEventWatcher (RetriableDatanodeEventWatcher.java:onTimeout(47)) - RetriableDatanodeCommand type=deleteBlocksCommand with id=1560433858470 timed out. Retrying.
2019-06-13 13:51:01,278 INFO  commands.RetriableDatanodeEventWatcher (RetriableDatanodeEventWatcher.java:onTimeout(47)) - RetriableDatanodeCommand type=deleteBlocksCommand with id=1560433858480 timed out. Retrying.
2019-06-13 13:51:01,286 DEBUG block.SCMBlockDeletingService (SCMBlockDeletingService.java:call(138)) - Running DeletedBlockTransactionScanner
2019-06-13 13:51:01,286 DEBUG block.SCMBlockDeletingService (SCMBlockDeletingService.java:call(155)) - Scanned deleted blocks log and got 3 delTX to process.
2019-06-13 13:51:01,286 DEBUG block.SCMBlockDeletingService (SCMBlockDeletingService.java:call(171)) - Added delete block command for datanode 5d71e5de-6d45-4480-a1f1-d41cc2d38630 in the queue, number of delete block transactions: 3, TxID list: 1,2,3
2019-06-13 13:51:01,287 INFO  block.SCMBlockDeletingService (SCMBlockDeletingService.java:call(182)) - Totally added 3 delete blocks command for 1 datanodes, task elapsed time: 1ms
2019-06-13 13:51:01,370 INFO  commands.RetriableDatanodeEventWatcher (RetriableDatanodeEventWatcher.java:onTimeout(47)) - RetriableDatanodeCommand type=deleteBlocksCommand with id=1560433858471 timed out. Retrying.
2019-06-13 13:51:01,379 INFO  commands.RetriableDatanodeEventWatcher (RetriableDatanodeEventWatcher.java:onTimeout(47)) - RetriableDatanodeCommand type=deleteBlocksCommand with id=1560433858481 timed out. Retrying.
2019-06-13 13:51:01,387 DEBUG block.SCMBlockDeletingService (SCMBlockDeletingService.java:call(138)) - Running DeletedBlockTransactionScanner
2019-06-13 13:51:01,387 DEBUG block.SCMBlockDeletingService (SCMBlockDeletingService.java:call(155)) - Scanned deleted blocks log and got 3 delTX to process.
2019-06-13 13:51:01,387 DEBUG block.SCMBlockDeletingService (SCMBlockDeletingService.java:call(171)) - Added delete block command for datanode 5d71e5de-6d45-4480-a1f1-d41cc2d38630 in the queue, number of delete block transactions: 3, TxID list: 1,2,3
2019-06-13 13:51:01,388 INFO  block.SCMBlockDeletingService (SCMBlockDeletingService.java:call(182)) - Totally added 3 delete blocks command for 1 datanodes, task elapsed time: 1ms
2019-06-13 13:51:01,463 INFO  commands.RetriableDatanodeEventWatcher (RetriableDatanodeEventWatcher.java:onTimeout(47)) - RetriableDatanodeCommand type=deleteBlocksCommand with id=1560433858462 timed out. Retrying.
2019-06-13 13:51:01,471 INFO  commands.RetriableDatanodeEventWatcher (RetriableDatanodeEventWatcher.java:onTimeout(47)) - RetriableDatanodeCommand type=deleteBlocksCommand with id=1560433858472 timed out. Retrying.
2019-06-13 13:51:01,480 INFO  commands.RetriableDatanodeEventWatcher (RetriableDatanodeEventWatcher.java:onTimeout(47)) - RetriableDatanodeCommand type=deleteBlocksCommand with id=1560433858482 timed out. Retrying.
2019-06-13 13:51:01,488 DEBUG block.SCMBlockDeletingService (SCMBlockDeletingService.java:call(138)) - Running DeletedBlockTransactionScanner
2019-06-13 13:51:01,488 DEBUG block.SCMBlockDeletingService (SCMBlockDeletingService.java:call(155)) - Scanned deleted blocks log and got 3 delTX to process.
2019-06-13 13:51:01,488 DEBUG block.SCMBlockDeletingService (SCMBlockDeletingService.java:call(171)) - Added delete block command for datanode 5d71e5de-6d45-4480-a1f1-d41cc2d38630 in the queue, number of delete block transactions: 3, TxID list: 1,2,3
2019-06-13 13:51:01,488 INFO  block.SCMBlockDeletingService (SCMBlockDeletingService.java:call(182)) - Totally added 3 delete blocks command for 1 datanodes, task elapsed time: 1ms
2019-06-13 13:51:01,564 INFO  commands.RetriableDatanodeEventWatcher (RetriableDatanodeEventWatcher.java:onTimeout(47)) - RetriableDatanodeCommand type=deleteBlocksCommand with id=1560433858463 timed out. Retrying.
2019-06-13 13:51:01,572 INFO  commands.RetriableDatanodeEventWatcher (RetriableDatanodeEventWatcher.java:onTimeout(47)) - RetriableDatanodeCommand type=deleteBlocksCommand with id=1560433858473 timed out. Retrying.
2019-06-13 13:51:01,581 INFO  commands.RetriableDatanodeEventWatcher (RetriableDatanodeEventWatcher.java:onTimeout(47)) - RetriableDatanodeCommand type=deleteBlocksCommand with id=1560433858483 timed out. Retrying.
2019-06-13 13:51:01,589 DEBUG block.SCMBlockDeletingService (SCMBlockDeletingService.java:call(138)) - Running DeletedBlockTransactionScanner
2019-06-13 13:51:01,589 DEBUG block.SCMBlockDeletingService (SCMBlockDeletingService.java:call(155)) - Scanned deleted blocks log and got 3 delTX to process.
2019-06-13 13:51:01,589 DEBUG block.SCMBlockDeletingService (SCMBlockDeletingService.java:call(171)) - Added delete block command for datanode 5d71e5de-6d45-4480-a1f1-d41cc2d38630 in the queue, number of delete block transactions: 3, TxID list: 1,2,3
2019-06-13 13:51:01,589 INFO  block.SCMBlockDeletingService (SCMBlockDeletingService.java:call(182)) - Totally added 3 delete blocks command for 1 datanodes, task elapsed time: 0ms
2019-06-13 13:51:01,666 INFO  commands.RetriableDatanodeEventWatcher (RetriableDatanodeEventWatcher.java:onTimeout(47)) - RetriableDatanodeCommand type=deleteBlocksCommand with id=1560433858464 timed out. Retrying.
2019-06-13 13:51:01,672 INFO  commands.RetriableDatanodeEventWatcher (RetriableDatanodeEventWatcher.java:onTimeout(47)) - RetriableDatanodeCommand type=deleteBlocksCommand with id=1560433858474 timed out. Retrying.
2019-06-13 13:51:01,682 INFO  commands.RetriableDatanodeEventWatcher (RetriableDatanodeEventWatcher.java:onTimeout(47)) - RetriableDatanodeCommand type=deleteBlocksCommand with id=1560433858484 timed out. Retrying.
2019-06-13 13:51:01,689 DEBUG block.SCMBlockDeletingService (SCMBlockDeletingService.java:call(138)) - Running DeletedBlockTransactionScanner
2019-06-13 13:51:01,690 DEBUG block.SCMBlockDeletingService (SCMBlockDeletingService.java:call(155)) - Scanned deleted blocks log and got 3 delTX to process.
2019-06-13 13:51:01,690 DEBUG block.SCMBlockDeletingService (SCMBlockDeletingService.java:call(171)) - Added delete block command for datanode 5d71e5de-6d45-4480-a1f1-d41cc2d38630 in the queue, number of delete block transactions: 3, TxID list: 1,2,3
2019-06-13 13:51:01,690 INFO  block.SCMBlockDeletingService (SCMBlockDeletingService.java:call(182)) - Totally added 3 delete blocks command for 1 datanodes, task elapsed time: 0ms
2019-06-13 13:51:01,766 INFO  commands.RetriableDatanodeEventWatcher (RetriableDatanodeEventWatcher.java:onTimeout(47)) - RetriableDatanodeCommand type=deleteBlocksCommand with id=1560433858465 timed out. Retrying.
2019-06-13 13:51:01,775 INFO  commands.RetriableDatanodeEventWatcher (RetriableDatanodeEventWatcher.java:onTimeout(47)) - RetriableDatanodeCommand type=deleteBlocksCommand with id=1560433858475 timed out. Retrying.
2019-06-13 13:51:01,783 INFO  commands.RetriableDatanodeEventWatcher (RetriableDatanodeEventWatcher.java:onTimeout(47)) - RetriableDatanodeCommand type=deleteBlocksCommand with id=1560433858485 timed out. Retrying.
2019-06-13 13:51:01,790 DEBUG block.SCMBlockDeletingService (SCMBlockDeletingService.java:call(138)) - Running DeletedBlockTransactionScanner
2019-06-13 13:51:01,790 DEBUG block.SCMBlockDeletingService (SCMBlockDeletingService.java:call(155)) - Scanned deleted blocks log and got 3 delTX to process.
2019-06-13 13:51:01,790 DEBUG block.SCMBlockDeletingService (SCMBlockDeletingService.java:call(171)) - Added delete block command for datanode 5d71e5de-6d45-4480-a1f1-d41cc2d38630 in the queue, number of delete block transactions: 3, TxID list: 1,2,3
2019-06-13 13:51:01,790 INFO  block.SCMBlockDeletingService (SCMBlockDeletingService.java:call(182)) - Totally added 3 delete blocks command for 1 datanodes, task elapsed time: 1ms
2019-06-13 13:51:01,866 INFO  commands.RetriableDatanodeEventWatcher (RetriableDatanodeEventWatcher.java:onTimeout(47)) - RetriableDatanodeCommand type=deleteBlocksCommand with id=1560433858466 timed out. Retrying.
2019-06-13 13:51:01,875 INFO  commands.RetriableDatanodeEventWatcher (RetriableDatanodeEventWatcher.java:onTimeout(47)) - RetriableDatanodeCommand type=deleteBlocksCommand with id=1560433858476 timed out. Retrying.
2019-06-13 13:51:01,883 INFO  commands.RetriableDatanodeEventWatcher (RetriableDatanodeEventWatcher.java:onTimeout(47)) - RetriableDatanodeCommand type=deleteBlocksCommand with id=1560433858486 timed out. Retrying.
2019-06-13 13:51:01,891 DEBUG block.SCMBlockDeletingService (SCMBlockDeletingService.java:call(138)) - Running DeletedBlockTransactionScanner
2019-06-13 13:51:01,891 DEBUG block.SCMBlockDeletingService (SCMBlockDeletingService.java:call(155)) - Scanned deleted blocks log and got 3 delTX to process.
2019-06-13 13:51:01,891 DEBUG block.SCMBlockDeletingService (SCMBlockDeletingService.java:call(171)) - Added delete block command for datanode 5d71e5de-6d45-4480-a1f1-d41cc2d38630 in the queue, number of delete block transactions: 3, TxID list: 1,2,3
2019-06-13 13:51:01,891 INFO  block.SCMBlockDeletingService (SCMBlockDeletingService.java:call(182)) - Totally added 3 delete blocks command for 1 datanodes, task elapsed time: 0ms
2019-06-13 13:51:01,917 INFO  ozone.MiniOzoneClusterImpl (MiniOzoneClusterImpl.java:lambda$waitForClusterToBeReady$0(142)) - Cluster is ready. Got 0 of 0 DN Heartbeats.
2019-06-13 13:51:01,919 INFO  impl.MetricsSystemImpl (MetricsSystemImpl.java:init(158)) - HddsDatanode metrics system started (again)
2019-06-13 13:51:01,943 INFO  ozone.HddsDatanodeService (HddsDatanodeService.java:start(185)) - HddsDatanodeService host:ozone-s9v57-3710753675 ip:192.168.46.37
2019-06-13 13:51:01,946 INFO  volume.VolumeUsage (VolumeUsage.java:loadScmUsed(144)) - Cached ScmUsed found for /opt/src/hadoop-ozone/integration-test/target/test-dir/MiniOzoneClusterImpl-c05bfa39-b333-4767-bc96-5a78f3430938/datanode-0/data/containers : 4096 
2019-06-13 13:51:01,946 INFO  volume.HddsVolume (HddsVolume.java:<init>(176)) - Creating Volume: /opt/src/hadoop-ozone/integration-test/target/test-dir/MiniOzoneClusterImpl-c05bfa39-b333-4767-bc96-5a78f3430938/datanode-0/data/containers/hdds of  storage type : DISK and capacity : 104021790720
2019-06-13 13:51:01,947 INFO  volume.VolumeSet (VolumeSet.java:initializeVolumeSet(170)) - Added Volume : /opt/src/hadoop-ozone/integration-test/target/test-dir/MiniOzoneClusterImpl-c05bfa39-b333-4767-bc96-5a78f3430938/datanode-0/data/containers/hdds to VolumeSet
2019-06-13 13:51:01,947 INFO  volume.ThrottledAsyncChecker (ThrottledAsyncChecker.java:schedule(140)) - Scheduling a check for org.apache.hadoop.ozone.container.common.volume.HddsVolume@1f10fec6
2019-06-13 13:51:01,950 INFO  volume.HddsVolumeChecker (HddsVolumeChecker.java:checkAllVolumes(203)) - Scheduled health check for volume org.apache.hadoop.ozone.container.common.volume.HddsVolume@1f10fec6
2019-06-13 13:51:01,967 INFO  commands.RetriableDatanodeEventWatcher (RetriableDatanodeEventWatcher.java:onTimeout(47)) - RetriableDatanodeCommand type=deleteBlocksCommand with id=1560433858467 timed out. Retrying.
2019-06-13 13:51:01,976 INFO  commands.RetriableDatanodeEventWatcher (RetriableDatanodeEventWatcher.java:onTimeout(47)) - RetriableDatanodeCommand type=deleteBlocksCommand with id=1560433858477 timed out. Retrying.
2019-06-13 13:51:01,984 INFO  commands.RetriableDatanodeEventWatcher (RetriableDatanodeEventWatcher.java:onTimeout(47)) - RetriableDatanodeCommand type=deleteBlocksCommand with id=1560433858487 timed out. Retrying.
2019-06-13 13:51:01,991 DEBUG block.SCMBlockDeletingService (SCMBlockDeletingService.java:call(138)) - Running DeletedBlockTransactionScanner
2019-06-13 13:51:01,992 DEBUG block.SCMBlockDeletingService (SCMBlockDeletingService.java:call(155)) - Scanned deleted blocks log and got 3 delTX to process.
2019-06-13 13:51:01,992 DEBUG block.SCMBlockDeletingService (SCMBlockDeletingService.java:call(171)) - Added delete block command for datanode 5d71e5de-6d45-4480-a1f1-d41cc2d38630 in the queue, number of delete block transactions: 3, TxID list: 1,2,3
2019-06-13 13:51:01,992 INFO  block.SCMBlockDeletingService (SCMBlockDeletingService.java:call(182)) - Totally added 3 delete blocks command for 1 datanodes, task elapsed time: 0ms
2019-06-13 13:51:02,015 INFO  impl.RaftServerProxy (ConfUtils.java:logGet(43)) - raft.rpc.type = GRPC (default)
2019-06-13 13:51:02,016 INFO  grpc.GrpcConfigKeys$Server (ConfUtils.java:logGet(43)) - raft.grpc.server.port = 39319 (custom)
2019-06-13 13:51:02,016 INFO  server.GrpcService (ConfUtils.java:logGet(43)) - raft.grpc.message.size.max = 33570816 (custom)
2019-06-13 13:51:02,016 INFO  server.RaftServerConfigKeys (ConfUtils.java:logGet(43)) - raft.server.log.appender.buffer.byte-limit = 33554432 (custom)
2019-06-13 13:51:02,016 INFO  server.GrpcService (ConfUtils.java:logGet(43)) - raft.grpc.flow.control.window = 1MB (=1048576) (default)
2019-06-13 13:51:02,016 INFO  server.RaftServerConfigKeys (ConfUtils.java:logGet(43)) - raft.server.rpc.request.timeout = 3000ms (default)
2019-06-13 13:51:02,017 INFO  server.RaftServerConfigKeys (ConfUtils.java:logGet(43)) - raft.server.storage.dir = [/opt/src/hadoop-ozone/integration-test/target/test-dir/MiniOzoneClusterImpl-c05bfa39-b333-4767-bc96-5a78f3430938/datanode-0/data/ratis] (custom)
2019-06-13 13:51:02,017 INFO  impl.RaftServerProxy (RaftServerProxy.java:lambda$null$0(191)) - 5d71e5de-6d45-4480-a1f1-d41cc2d38630: found a subdirectory /opt/src/hadoop-ozone/integration-test/target/test-dir/MiniOzoneClusterImpl-c05bfa39-b333-4767-bc96-5a78f3430938/datanode-0/data/ratis/3aee30eb-3db1-472a-b851-c6aea7a4b82b
2019-06-13 13:51:02,018 INFO  impl.RaftServerProxy (RaftServerProxy.java:addNew(89)) - 5d71e5de-6d45-4480-a1f1-d41cc2d38630: addNew group-C6AEA7A4B82B:[] returns group-C6AEA7A4B82B:java.util.concurrent.CompletableFuture@677ce519[Not completed]
2019-06-13 13:51:02,019 INFO  replication.SimpleContainerDownloader (SimpleContainerDownloader.java:<init>(72)) - Starting container downloader service to copy containers to replicate.
2019-06-13 13:51:02,019 INFO  impl.RaftServerImpl (RaftServerImpl.java:<init>(91)) - 5d71e5de-6d45-4480-a1f1-d41cc2d38630: new RaftServerImpl for group-C6AEA7A4B82B:[] with ContainerStateMachine:uninitialized
2019-06-13 13:51:02,020 INFO  hdfs.DFSUtil (DFSUtil.java:httpServerTemplateForNNAndJN(1641)) - Starting Web-server for hddsDatanode at: http://0.0.0.0:35161
2019-06-13 13:51:02,021 INFO  server.RaftServerConfigKeys (ConfUtils.java:logGet(43)) - raft.server.rpc.timeout.min = 1s (custom)
2019-06-13 13:51:02,021 INFO  server.RaftServerConfigKeys (ConfUtils.java:logGet(43)) - raft.server.rpc.timeout.max = 1200ms (custom)
2019-06-13 13:51:02,021 INFO  server.RaftServerConfigKeys (ConfUtils.java:logGet(43)) - raft.server.rpcslowness.timeout = 120s (custom)
2019-06-13 13:51:02,021 INFO  server.RaftServerConfigKeys (ConfUtils.java:logGet(43)) - raft.server.log.appender.install.snapshot.enabled = true (default)
2019-06-13 13:51:02,021 INFO  impl.RaftServerImpl (ServerState.java:<init>(101)) - 5d71e5de-6d45-4480-a1f1-d41cc2d38630:group-C6AEA7A4B82B ConfigurationManager, init=-1: [], old=null, confs=<EMPTY_MAP>
2019-06-13 13:51:02,021 INFO  server.RaftServerConfigKeys (ConfUtils.java:logGet(43)) - raft.server.storage.dir = [/opt/src/hadoop-ozone/integration-test/target/test-dir/MiniOzoneClusterImpl-c05bfa39-b333-4767-bc96-5a78f3430938/datanode-0/data/ratis] (custom)
2019-06-13 13:51:02,022 INFO  server.AuthenticationFilter (AuthenticationFilter.java:constructSecretProvider(240)) - Unable to initialize FileSignerSecretProvider, falling back to use random secrets.
2019-06-13 13:51:02,022 WARN  http.HttpRequestLog (HttpRequestLog.java:getRequestLog(97)) - Jetty request log can only be enabled using Log4j
2019-06-13 13:51:02,023 INFO  http.HttpServer2 (HttpServer2.java:addGlobalFilter(975)) - Added global filter 'safety' (class=org.apache.hadoop.http.HttpServer2$QuotingInputFilter)
2019-06-13 13:51:02,024 INFO  http.HttpServer2 (HttpServer2.java:addFilter(948)) - Added filter static_user_filter (class=org.apache.hadoop.http.lib.StaticUserWebFilter$StaticUserFilter) to context hddsDatanode
2019-06-13 13:51:02,024 INFO  http.HttpServer2 (HttpServer2.java:addFilter(958)) - Added filter static_user_filter (class=org.apache.hadoop.http.lib.StaticUserWebFilter$StaticUserFilter) to context static
2019-06-13 13:51:02,024 INFO  http.HttpServer2 (HttpServer2.java:addFilter(958)) - Added filter static_user_filter (class=org.apache.hadoop.http.lib.StaticUserWebFilter$StaticUserFilter) to context logs
2019-06-13 13:51:02,024 INFO  http.HttpServer2 (HttpServer2.java:bindListener(1191)) - Jetty bound to port 35161
2019-06-13 13:51:02,024 INFO  server.Server (Server.java:doStart(351)) - jetty-9.3.24.v20180605, build timestamp: 2018-06-05T17:11:56Z, git hash: 84205aa28f11a4f31f2a3b86d1bba2cc8ab69827
2019-06-13 13:51:02,026 INFO  handler.ContextHandler (ContextHandler.java:doStart(781)) - Started o.e.j.s.ServletContextHandler@a1691c0{/logs,file:///opt/src/hadoop-ozone/integration-test/target/log,AVAILABLE}
2019-06-13 13:51:02,026 INFO  handler.ContextHandler (ContextHandler.java:doStart(781)) - Started o.e.j.s.ServletContextHandler@2f995afc{/static,jar:file:/root/.m2/repository/org/apache/hadoop/hadoop-hdds-container-service/0.5.0-SNAPSHOT/hadoop-hdds-container-service-0.5.0-SNAPSHOT.jar!/webapps/static,AVAILABLE}
2019-06-13 13:51:02,048 INFO  handler.ContextHandler (ContextHandler.java:doStart(781)) - Started o.e.j.w.WebAppContext@2fe2965c{/,file:///tmp/jetty-0.0.0.0-35161-hddsDatanode-_-any-2275889082593744107.dir/webapp/,AVAILABLE}{/hddsDatanode}
2019-06-13 13:51:02,049 INFO  server.AbstractConnector (AbstractConnector.java:doStart(278)) - Started ServerConnector@7673ecc9{HTTP/1.1,[http/1.1]}{0.0.0.0:35161}
2019-06-13 13:51:02,049 INFO  server.Server (Server.java:doStart(419)) - Started @50388ms
2019-06-13 13:51:02,050 INFO  server.BaseHttpServer (BaseHttpServer.java:updateConnectorAddress(207)) - HTTP server of HDDSDATANODE is listening at http://0.0.0.0:35161
2019-06-13 13:51:02,068 INFO  commands.RetriableDatanodeEventWatcher (RetriableDatanodeEventWatcher.java:onTimeout(47)) - RetriableDatanodeCommand type=deleteBlocksCommand with id=1560433858468 timed out. Retrying.
2019-06-13 13:51:02,072 INFO  storage.RaftStorageDirectory (RaftStorageDirectory.java:tryLock(328)) - Lock on /opt/src/hadoop-ozone/integration-test/target/test-dir/MiniOzoneClusterImpl-c05bfa39-b333-4767-bc96-5a78f3430938/datanode-0/data/ratis/3aee30eb-3db1-472a-b851-c6aea7a4b82b/in_use.lock acquired by nodename 10067@ozone-s9v57-3710753675
2019-06-13 13:51:02,075 INFO  ratis.ContainerStateMachine (ContainerStateMachine.java:loadSnapshot(209)) - Setting the last applied index to (t:1, i:7271)
2019-06-13 13:51:02,078 INFO  commands.RetriableDatanodeEventWatcher (RetriableDatanodeEventWatcher.java:onTimeout(47)) - RetriableDatanodeCommand type=deleteBlocksCommand with id=1560433858478 timed out. Retrying.
2019-06-13 13:51:02,078 INFO  impl.RaftServerImpl (ServerState.java:setRaftConf(361)) - 5d71e5de-6d45-4480-a1f1-d41cc2d38630:group-C6AEA7A4B82B set configuration 0: [5d71e5de-6d45-4480-a1f1-d41cc2d38630:192.168.46.37:39319], old=null at 0
2019-06-13 13:51:02,079 INFO  server.RaftServerConfigKeys (ConfUtils.java:logGet(43)) - raft.server.leader.election.timeout = 120s (custom)
2019-06-13 13:51:02,079 INFO  server.RaftServerConfigKeys (ConfUtils.java:logGet(43)) - raft.server.log.use.memory = false (default)
2019-06-13 13:51:02,079 INFO  server.RaftServerConfigKeys (ConfUtils.java:logGet(43)) - raft.server.log.appender.buffer.byte-limit = 33554432 (custom)
2019-06-13 13:51:02,079 INFO  server.RaftServerConfigKeys (ConfUtils.java:logGet(43)) - raft.server.log.segment.size.max = 16384 (custom)
2019-06-13 13:51:02,079 INFO  server.RaftServerConfigKeys (ConfUtils.java:logGet(43)) - raft.server.log.segment.cache.num.max = 2 (custom)
2019-06-13 13:51:02,079 INFO  storage.RaftLogWorker (RaftLogWorker.java:<init>(123)) - new 5d71e5de-6d45-4480-a1f1-d41cc2d38630-RaftLogWorker for Storage Directory /opt/src/hadoop-ozone/integration-test/target/test-dir/MiniOzoneClusterImpl-c05bfa39-b333-4767-bc96-5a78f3430938/datanode-0/data/ratis/3aee30eb-3db1-472a-b851-c6aea7a4b82b
2019-06-13 13:51:02,079 INFO  server.RaftServerConfigKeys (ConfUtils.java:logGet(43)) - raft.server.log.queue.byte-limit = 2147483647 (custom)
2019-06-13 13:51:02,079 INFO  server.RaftServerConfigKeys (ConfUtils.java:logGet(43)) - raft.server.log.queue.element-limit = 1024 (custom)
2019-06-13 13:51:02,079 INFO  server.RaftServerConfigKeys (ConfUtils.java:logGet(43)) - raft.server.log.segment.size.max = 16384 (custom)
2019-06-13 13:51:02,080 INFO  server.RaftServerConfigKeys (ConfUtils.java:logGet(43)) - raft.server.log.preallocated.size = 16384 (custom)
2019-06-13 13:51:02,080 INFO  server.RaftServerConfigKeys (ConfUtils.java:logGet(43)) - raft.server.log.write.buffer.size = 33554432 (custom)
2019-06-13 13:51:02,080 INFO  server.RaftServerConfigKeys (ConfUtils.java:logGet(43)) - raft.server.log.force.sync.num = 128 (default)
2019-06-13 13:51:02,080 INFO  server.RaftServerConfigKeys (ConfUtils.java:logGet(43)) - raft.server.log.statemachine.data.sync = true (default)
2019-06-13 13:51:02,080 INFO  server.RaftServerConfigKeys (ConfUtils.java:logGet(43)) - raft.server.log.statemachine.data.sync.timeout = 10s (default)
2019-06-13 13:51:02,080 INFO  server.RaftServerConfigKeys (ConfUtils.java:logGet(43)) - raft.server.log.statemachine.data.sync.timeout.retry = -1 (default)
2019-06-13 13:51:02,080 INFO  server.RaftServerConfigKeys (ConfUtils.java:logGet(43)) - raft.server.log.statemachine.data.caching.enabled = true (custom)
2019-06-13 13:51:02,085 INFO  commands.RetriableDatanodeEventWatcher (RetriableDatanodeEventWatcher.java:onTimeout(47)) - RetriableDatanodeCommand type=deleteBlocksCommand with id=1560433858488 timed out. Retrying.
2019-06-13 13:51:02,086 INFO  storage.LogSegment (LogSegment.java:loadSegment(143)) - Successfully read 51 entries from segment file /opt/src/hadoop-ozone/integration-test/target/test-dir/MiniOzoneClusterImpl-c05bfa39-b333-4767-bc96-5a78f3430938/datanode-0/data/ratis/3aee30eb-3db1-472a-b851-c6aea7a4b82b/current/log_inprogress_7222
2019-06-13 13:51:02,092 DEBUG block.SCMBlockDeletingService (SCMBlockDeletingService.java:call(138)) - Running DeletedBlockTransactionScanner
2019-06-13 13:51:02,093 DEBUG block.SCMBlockDeletingService (SCMBlockDeletingService.java:call(155)) - Scanned deleted blocks log and got 3 delTX to process.
2019-06-13 13:51:02,093 DEBUG block.SCMBlockDeletingService (SCMBlockDeletingService.java:call(171)) - Added delete block command for datanode 5d71e5de-6d45-4480-a1f1-d41cc2d38630 in the queue, number of delete block transactions: 3, TxID list: 1,2,3
2019-06-13 13:51:02,094 INFO  block.SCMBlockDeletingService (SCMBlockDeletingService.java:call(182)) - Totally added 3 delete blocks command for 1 datanodes, task elapsed time: 1ms
2019-06-13 13:51:02,131 INFO  storage.RaftLog (RaftLog.java:lambda$new$0(59)) - 5d71e5de-6d45-4480-a1f1-d41cc2d38630: commitIndex: updateToMax old=7271, new=7271, updated? false
2019-06-13 13:51:02,132 INFO  server.RaftServerConfigKeys (ConfUtils.java:logGet(43)) - raft.server.snapshot.auto.trigger.enabled = true (custom)
2019-06-13 13:51:02,132 INFO  server.RaftServerConfigKeys (ConfUtils.java:logGet(43)) - raft.server.snapshot.auto.trigger.threshold = 10000 (custom)
2019-06-13 13:51:02,132 INFO  server.RaftServerConfigKeys (ConfUtils.java:logGet(43)) - raft.server.retrycache.expirytime = 600000ms (custom)
2019-06-13 13:51:02,169 INFO  commands.RetriableDatanodeEventWatcher (RetriableDatanodeEventWatcher.java:onTimeout(47)) - RetriableDatanodeCommand type=deleteBlocksCommand with id=1560433858469 timed out. Retrying.
2019-06-13 13:51:02,179 INFO  commands.RetriableDatanodeEventWatcher (RetriableDatanodeEventWatcher.java:onTimeout(47)) - RetriableDatanodeCommand type=deleteBlocksCommand with id=1560433858479 timed out. Retrying.
2019-06-13 13:51:02,180 INFO  ozone.HddsDatanodeService (HddsDatanodeService.java:startPlugins(396)) - Started plug-in org.apache.hadoop.ozone.web.OzoneHddsDatanodeService@1b52699c
2019-06-13 13:51:02,180 INFO  ozone.MiniOzoneClusterImpl (MiniOzoneClusterImpl.java:lambda$waitForClusterToBeReady$0(142)) - Waiting for cluster to be ready. Got 0 of 1 DN Heartbeats.
2019-06-13 13:51:02,181 INFO  util.JvmPauseMonitor (JvmPauseMonitor.java:run(188)) - Starting JVM pause monitor
2019-06-13 13:51:02,186 INFO  commands.RetriableDatanodeEventWatcher (RetriableDatanodeEventWatcher.java:onTimeout(47)) - RetriableDatanodeCommand type=deleteBlocksCommand with id=1560433858489 timed out. Retrying.
2019-06-13 13:51:02,194 DEBUG block.SCMBlockDeletingService (SCMBlockDeletingService.java:call(138)) - Running DeletedBlockTransactionScanner
2019-06-13 13:51:02,194 DEBUG block.SCMBlockDeletingService (SCMBlockDeletingService.java:call(155)) - Scanned deleted blocks log and got 3 delTX to process.
2019-06-13 13:51:02,194 DEBUG block.SCMBlockDeletingService (SCMBlockDeletingService.java:call(171)) - Added delete block command for datanode 5d71e5de-6d45-4480-a1f1-d41cc2d38630 in the queue, number of delete block transactions: 3, TxID list: 1,2,3
2019-06-13 13:51:02,195 INFO  block.SCMBlockDeletingService (SCMBlockDeletingService.java:call(182)) - Totally added 3 delete blocks command for 1 datanodes, task elapsed time: 1ms
2019-06-13 13:51:02,269 INFO  commands.RetriableDatanodeEventWatcher (RetriableDatanodeEventWatcher.java:onTimeout(47)) - RetriableDatanodeCommand type=deleteBlocksCommand with id=1560433858470 timed out. Retrying.
2019-06-13 13:51:02,278 INFO  commands.RetriableDatanodeEventWatcher (RetriableDatanodeEventWatcher.java:onTimeout(47)) - RetriableDatanodeCommand type=deleteBlocksCommand with id=1560433858480 timed out. Retrying.
2019-06-13 13:51:02,287 INFO  commands.RetriableDatanodeEventWatcher (RetriableDatanodeEventWatcher.java:onTimeout(47)) - RetriableDatanodeCommand type=deleteBlocksCommand with id=1560433858490 timed out. Retrying.
2019-06-13 13:51:02,295 DEBUG block.SCMBlockDeletingService (SCMBlockDeletingService.java:call(138)) - Running DeletedBlockTransactionScanner
2019-06-13 13:51:02,295 DEBUG block.SCMBlockDeletingService (SCMBlockDeletingService.java:call(155)) - Scanned deleted blocks log and got 3 delTX to process.
2019-06-13 13:51:02,295 DEBUG block.SCMBlockDeletingService (SCMBlockDeletingService.java:call(171)) - Added delete block command for datanode 5d71e5de-6d45-4480-a1f1-d41cc2d38630 in the queue, number of delete block transactions: 3, TxID list: 1,2,3
2019-06-13 13:51:02,295 INFO  block.SCMBlockDeletingService (SCMBlockDeletingService.java:call(182)) - Totally added 3 delete blocks command for 1 datanodes, task elapsed time: 1ms
2019-06-13 13:51:02,371 INFO  commands.RetriableDatanodeEventWatcher (RetriableDatanodeEventWatcher.java:onTimeout(47)) - RetriableDatanodeCommand type=deleteBlocksCommand with id=1560433858471 timed out. Retrying.
2019-06-13 13:51:02,379 INFO  commands.RetriableDatanodeEventWatcher (RetriableDatanodeEventWatcher.java:onTimeout(47)) - RetriableDatanodeCommand type=deleteBlocksCommand with id=1560433858481 timed out. Retrying.
2019-06-13 13:51:02,388 INFO  commands.RetriableDatanodeEventWatcher (RetriableDatanodeEventWatcher.java:onTimeout(47)) - RetriableDatanodeCommand type=deleteBlocksCommand with id=1560433858491 timed out. Retrying.
2019-06-13 13:51:02,395 DEBUG block.SCMBlockDeletingService (SCMBlockDeletingService.java:call(138)) - Running DeletedBlockTransactionScanner
2019-06-13 13:51:02,396 DEBUG block.SCMBlockDeletingService (SCMBlockDeletingService.java:call(155)) - Scanned deleted blocks log and got 3 delTX to process.
2019-06-13 13:51:02,396 DEBUG block.SCMBlockDeletingService (SCMBlockDeletingService.java:call(171)) - Added delete block command for datanode 5d71e5de-6d45-4480-a1f1-d41cc2d38630 in the queue, number of delete block transactions: 3, TxID list: 1,2,3
2019-06-13 13:51:02,396 INFO  block.SCMBlockDeletingService (SCMBlockDeletingService.java:call(182)) - Totally added 3 delete blocks command for 1 datanodes, task elapsed time: 0ms
2019-06-13 13:51:02,463 INFO  commands.RetriableDatanodeEventWatcher (RetriableDatanodeEventWatcher.java:onTimeout(47)) - RetriableDatanodeCommand type=deleteBlocksCommand with id=1560433858462 timed out. Retrying.
2019-06-13 13:51:02,471 INFO  commands.RetriableDatanodeEventWatcher (RetriableDatanodeEventWatcher.java:onTimeout(47)) - RetriableDatanodeCommand type=deleteBlocksCommand with id=1560433858472 timed out. Retrying.
2019-06-13 13:51:02,480 INFO  commands.RetriableDatanodeEventWatcher (RetriableDatanodeEventWatcher.java:onTimeout(47)) - RetriableDatanodeCommand type=deleteBlocksCommand with id=1560433858482 timed out. Retrying.
2019-06-13 13:51:02,489 INFO  commands.RetriableDatanodeEventWatcher (RetriableDatanodeEventWatcher.java:onTimeout(47)) - RetriableDatanodeCommand type=deleteBlocksCommand with id=1560433858492 timed out. Retrying.
2019-06-13 13:51:02,496 DEBUG block.SCMBlockDeletingService (SCMBlockDeletingService.java:call(138)) - Running DeletedBlockTransactionScanner
2019-06-13 13:51:02,496 DEBUG block.SCMBlockDeletingService (SCMBlockDeletingService.java:call(155)) - Scanned deleted blocks log and got 3 delTX to process.
2019-06-13 13:51:02,497 DEBUG block.SCMBlockDeletingService (SCMBlockDeletingService.java:call(171)) - Added delete block command for datanode 5d71e5de-6d45-4480-a1f1-d41cc2d38630 in the queue, number of delete block transactions: 3, TxID list: 1,2,3
2019-06-13 13:51:02,497 INFO  block.SCMBlockDeletingService (SCMBlockDeletingService.java:call(182)) - Totally added 3 delete blocks command for 1 datanodes, task elapsed time: 1ms
2019-06-13 13:51:02,565 INFO  commands.RetriableDatanodeEventWatcher (RetriableDatanodeEventWatcher.java:onTimeout(47)) - RetriableDatanodeCommand type=deleteBlocksCommand with id=1560433858463 timed out. Retrying.
2019-06-13 13:51:02,571 INFO  commands.RetriableDatanodeEventWatcher (RetriableDatanodeEventWatcher.java:onTimeout(47)) - RetriableDatanodeCommand type=deleteBlocksCommand with id=1560433858473 timed out. Retrying.
2019-06-13 13:51:02,581 INFO  commands.RetriableDatanodeEventWatcher (RetriableDatanodeEventWatcher.java:onTimeout(47)) - RetriableDatanodeCommand type=deleteBlocksCommand with id=1560433858483 timed out. Retrying.
2019-06-13 13:51:02,589 INFO  commands.RetriableDatanodeEventWatcher (RetriableDatanodeEventWatcher.java:onTimeout(47)) - RetriableDatanodeCommand type=deleteBlocksCommand with id=1560433858493 timed out. Retrying.
2019-06-13 13:51:02,597 DEBUG block.SCMBlockDeletingService (SCMBlockDeletingService.java:call(138)) - Running DeletedBlockTransactionScanner
2019-06-13 13:51:02,597 DEBUG block.SCMBlockDeletingService (SCMBlockDeletingService.java:call(155)) - Scanned deleted blocks log and got 3 delTX to process.
2019-06-13 13:51:02,597 DEBUG block.SCMBlockDeletingService (SCMBlockDeletingService.java:call(171)) - Added delete block command for datanode 5d71e5de-6d45-4480-a1f1-d41cc2d38630 in the queue, number of delete block transactions: 3, TxID list: 1,2,3
2019-06-13 13:51:02,598 INFO  block.SCMBlockDeletingService (SCMBlockDeletingService.java:call(182)) - Totally added 3 delete blocks command for 1 datanodes, task elapsed time: 1ms
2019-06-13 13:51:02,666 INFO  commands.RetriableDatanodeEventWatcher (RetriableDatanodeEventWatcher.java:onTimeout(47)) - RetriableDatanodeCommand type=deleteBlocksCommand with id=1560433858464 timed out. Retrying.
2019-06-13 13:51:02,673 INFO  commands.RetriableDatanodeEventWatcher (RetriableDatanodeEventWatcher.java:onTimeout(47)) - RetriableDatanodeCommand type=deleteBlocksCommand with id=1560433858474 timed out. Retrying.
2019-06-13 13:51:02,682 INFO  commands.RetriableDatanodeEventWatcher (RetriableDatanodeEventWatcher.java:onTimeout(47)) - RetriableDatanodeCommand type=deleteBlocksCommand with id=1560433858484 timed out. Retrying.
2019-06-13 13:51:02,690 INFO  commands.RetriableDatanodeEventWatcher (RetriableDatanodeEventWatcher.java:onTimeout(47)) - RetriableDatanodeCommand type=deleteBlocksCommand with id=1560433858494 timed out. Retrying.
2019-06-13 13:51:02,698 DEBUG block.SCMBlockDeletingService (SCMBlockDeletingService.java:call(138)) - Running DeletedBlockTransactionScanner
2019-06-13 13:51:02,698 DEBUG block.SCMBlockDeletingService (SCMBlockDeletingService.java:call(155)) - Scanned deleted blocks log and got 3 delTX to process.
2019-06-13 13:51:02,698 DEBUG block.SCMBlockDeletingService (SCMBlockDeletingService.java:call(171)) - Added delete block command for datanode 5d71e5de-6d45-4480-a1f1-d41cc2d38630 in the queue, number of delete block transactions: 3, TxID list: 1,2,3
2019-06-13 13:51:02,698 INFO  block.SCMBlockDeletingService (SCMBlockDeletingService.java:call(182)) - Totally added 3 delete blocks command for 1 datanodes, task elapsed time: 1ms
2019-06-13 13:51:02,766 INFO  commands.RetriableDatanodeEventWatcher (RetriableDatanodeEventWatcher.java:onTimeout(47)) - RetriableDatanodeCommand type=deleteBlocksCommand with id=1560433858465 timed out. Retrying.
2019-06-13 13:51:02,775 INFO  commands.RetriableDatanodeEventWatcher (RetriableDatanodeEventWatcher.java:onTimeout(47)) - RetriableDatanodeCommand type=deleteBlocksCommand with id=1560433858475 timed out. Retrying.
2019-06-13 13:51:02,784 INFO  commands.RetriableDatanodeEventWatcher (RetriableDatanodeEventWatcher.java:onTimeout(47)) - RetriableDatanodeCommand type=deleteBlocksCommand with id=1560433858485 timed out. Retrying.
2019-06-13 13:51:02,790 INFO  commands.RetriableDatanodeEventWatcher (RetriableDatanodeEventWatcher.java:onTimeout(47)) - RetriableDatanodeCommand type=deleteBlocksCommand with id=1560433858495 timed out. Retrying.
2019-06-13 13:51:02,799 DEBUG block.SCMBlockDeletingService (SCMBlockDeletingService.java:call(138)) - Running DeletedBlockTransactionScanner
2019-06-13 13:51:02,799 DEBUG block.SCMBlockDeletingService (SCMBlockDeletingService.java:call(155)) - Scanned deleted blocks log and got 3 delTX to process.
2019-06-13 13:51:02,799 DEBUG block.SCMBlockDeletingService (SCMBlockDeletingService.java:call(171)) - Added delete block command for datanode 5d71e5de-6d45-4480-a1f1-d41cc2d38630 in the queue, number of delete block transactions: 3, TxID list: 1,2,3
2019-06-13 13:51:02,799 INFO  block.SCMBlockDeletingService (SCMBlockDeletingService.java:call(182)) - Totally added 3 delete blocks command for 1 datanodes, task elapsed time: 0ms
2019-06-13 13:51:02,867 INFO  commands.RetriableDatanodeEventWatcher (RetriableDatanodeEventWatcher.java:onTimeout(47)) - RetriableDatanodeCommand type=deleteBlocksCommand with id=1560433858466 timed out. Retrying.
2019-06-13 13:51:02,875 INFO  commands.RetriableDatanodeEventWatcher (RetriableDatanodeEventWatcher.java:onTimeout(47)) - RetriableDatanodeCommand type=deleteBlocksCommand with id=1560433858476 timed out. Retrying.
2019-06-13 13:51:02,883 INFO  commands.RetriableDatanodeEventWatcher (RetriableDatanodeEventWatcher.java:onTimeout(47)) - RetriableDatanodeCommand type=deleteBlocksCommand with id=1560433858486 timed out. Retrying.
2019-06-13 13:51:02,891 INFO  commands.RetriableDatanodeEventWatcher (RetriableDatanodeEventWatcher.java:onTimeout(47)) - RetriableDatanodeCommand type=deleteBlocksCommand with id=1560433858496 timed out. Retrying.
2019-06-13 13:51:02,899 DEBUG block.SCMBlockDeletingService (SCMBlockDeletingService.java:call(138)) - Running DeletedBlockTransactionScanner
2019-06-13 13:51:02,899 DEBUG block.SCMBlockDeletingService (SCMBlockDeletingService.java:call(155)) - Scanned deleted blocks log and got 3 delTX to process.
2019-06-13 13:51:02,900 DEBUG block.SCMBlockDeletingService (SCMBlockDeletingService.java:call(171)) - Added delete block command for datanode 5d71e5de-6d45-4480-a1f1-d41cc2d38630 in the queue, number of delete block transactions: 3, TxID list: 1,2,3
2019-06-13 13:51:02,900 INFO  block.SCMBlockDeletingService (SCMBlockDeletingService.java:call(182)) - Totally added 3 delete blocks command for 1 datanodes, task elapsed time: 1ms
2019-06-13 13:51:02,967 INFO  commands.RetriableDatanodeEventWatcher (RetriableDatanodeEventWatcher.java:onTimeout(47)) - RetriableDatanodeCommand type=deleteBlocksCommand with id=1560433858467 timed out. Retrying.
2019-06-13 13:51:02,976 INFO  commands.RetriableDatanodeEventWatcher (RetriableDatanodeEventWatcher.java:onTimeout(47)) - RetriableDatanodeCommand type=deleteBlocksCommand with id=1560433858477 timed out. Retrying.
2019-06-13 13:51:02,984 INFO  commands.RetriableDatanodeEventWatcher (RetriableDatanodeEventWatcher.java:onTimeout(47)) - RetriableDatanodeCommand type=deleteBlocksCommand with id=1560433858487 timed out. Retrying.
2019-06-13 13:51:02,992 INFO  commands.RetriableDatanodeEventWatcher (RetriableDatanodeEventWatcher.java:onTimeout(47)) - RetriableDatanodeCommand type=deleteBlocksCommand with id=1560433858497 timed out. Retrying.
2019-06-13 13:51:03,000 DEBUG block.SCMBlockDeletingService (SCMBlockDeletingService.java:call(138)) - Running DeletedBlockTransactionScanner
2019-06-13 13:51:03,000 DEBUG block.SCMBlockDeletingService (SCMBlockDeletingService.java:call(155)) - Scanned deleted blocks log and got 3 delTX to process.
2019-06-13 13:51:03,000 DEBUG block.SCMBlockDeletingService (SCMBlockDeletingService.java:call(171)) - Added delete block command for datanode 5d71e5de-6d45-4480-a1f1-d41cc2d38630 in the queue, number of delete block transactions: 3, TxID list: 1,2,3
2019-06-13 13:51:03,000 INFO  block.SCMBlockDeletingService (SCMBlockDeletingService.java:call(182)) - Totally added 3 delete blocks command for 1 datanodes, task elapsed time: 1ms
2019-06-13 13:51:03,068 INFO  commands.RetriableDatanodeEventWatcher (RetriableDatanodeEventWatcher.java:onTimeout(47)) - RetriableDatanodeCommand type=deleteBlocksCommand with id=1560433858468 timed out. Retrying.
2019-06-13 13:51:03,078 INFO  commands.RetriableDatanodeEventWatcher (RetriableDatanodeEventWatcher.java:onTimeout(47)) - RetriableDatanodeCommand type=deleteBlocksCommand with id=1560433858478 timed out. Retrying.
2019-06-13 13:51:03,085 INFO  commands.RetriableDatanodeEventWatcher (RetriableDatanodeEventWatcher.java:onTimeout(47)) - RetriableDatanodeCommand type=deleteBlocksCommand with id=1560433858488 timed out. Retrying.
2019-06-13 13:51:03,094 INFO  commands.RetriableDatanodeEventWatcher (RetriableDatanodeEventWatcher.java:onTimeout(47)) - RetriableDatanodeCommand type=deleteBlocksCommand with id=1560433858498 timed out. Retrying.
2019-06-13 13:51:03,101 DEBUG block.SCMBlockDeletingService (SCMBlockDeletingService.java:call(138)) - Running DeletedBlockTransactionScanner
2019-06-13 13:51:03,101 DEBUG block.SCMBlockDeletingService (SCMBlockDeletingService.java:call(155)) - Scanned deleted blocks log and got 3 delTX to process.
2019-06-13 13:51:03,101 DEBUG block.SCMBlockDeletingService (SCMBlockDeletingService.java:call(171)) - Added delete block command for datanode 5d71e5de-6d45-4480-a1f1-d41cc2d38630 in the queue, number of delete block transactions: 3, TxID list: 1,2,3
2019-06-13 13:51:03,101 INFO  block.SCMBlockDeletingService (SCMBlockDeletingService.java:call(182)) - Totally added 3 delete blocks command for 1 datanodes, task elapsed time: 0ms
2019-06-13 13:51:03,169 INFO  commands.RetriableDatanodeEventWatcher (RetriableDatanodeEventWatcher.java:onTimeout(47)) - RetriableDatanodeCommand type=deleteBlocksCommand with id=1560433858469 timed out. Retrying.
2019-06-13 13:51:03,179 INFO  commands.RetriableDatanodeEventWatcher (RetriableDatanodeEventWatcher.java:onTimeout(47)) - RetriableDatanodeCommand type=deleteBlocksCommand with id=1560433858479 timed out. Retrying.
2019-06-13 13:51:03,181 INFO  ozone.MiniOzoneClusterImpl (MiniOzoneClusterImpl.java:lambda$waitForClusterToBeReady$0(142)) - Waiting for cluster to be ready. Got 0 of 1 DN Heartbeats.
2019-06-13 13:51:03,187 INFO  commands.RetriableDatanodeEventWatcher (RetriableDatanodeEventWatcher.java:onTimeout(47)) - RetriableDatanodeCommand type=deleteBlocksCommand with id=1560433858489 timed out. Retrying.
2019-06-13 13:51:03,195 INFO  commands.RetriableDatanodeEventWatcher (RetriableDatanodeEventWatcher.java:onTimeout(47)) - RetriableDatanodeCommand type=deleteBlocksCommand with id=1560433858499 timed out. Retrying.
2019-06-13 13:51:03,201 DEBUG block.SCMBlockDeletingService (SCMBlockDeletingService.java:call(138)) - Running DeletedBlockTransactionScanner
2019-06-13 13:51:03,202 DEBUG block.SCMBlockDeletingService (SCMBlockDeletingService.java:call(155)) - Scanned deleted blocks log and got 3 delTX to process.
2019-06-13 13:51:03,202 DEBUG block.SCMBlockDeletingService (SCMBlockDeletingService.java:call(171)) - Added delete block command for datanode 5d71e5de-6d45-4480-a1f1-d41cc2d38630 in the queue, number of delete block transactions: 3, TxID list: 1,2,3
2019-06-13 13:51:03,202 INFO  block.SCMBlockDeletingService (SCMBlockDeletingService.java:call(182)) - Totally added 3 delete blocks command for 1 datanodes, task elapsed time: 0ms
2019-06-13 13:51:03,269 INFO  commands.RetriableDatanodeEventWatcher (RetriableDatanodeEventWatcher.java:onTimeout(47)) - RetriableDatanodeCommand type=deleteBlocksCommand with id=1560433858470 timed out. Retrying.
2019-06-13 13:51:03,278 INFO  commands.RetriableDatanodeEventWatcher (RetriableDatanodeEventWatcher.java:onTimeout(47)) - RetriableDatanodeCommand type=deleteBlocksCommand with id=1560433858480 timed out. Retrying.
2019-06-13 13:51:03,286 INFO  commands.RetriableDatanodeEventWatcher (RetriableDatanodeEventWatcher.java:onTimeout(47)) - RetriableDatanodeCommand type=deleteBlocksCommand with id=1560433858490 timed out. Retrying.
2019-06-13 13:51:03,295 INFO  commands.RetriableDatanodeEventWatcher (RetriableDatanodeEventWatcher.java:onTimeout(47)) - RetriableDatanodeCommand type=deleteBlocksCommand with id=1560433858500 timed out. Retrying.
2019-06-13 13:51:03,302 DEBUG block.SCMBlockDeletingService (SCMBlockDeletingService.java:call(138)) - Running DeletedBlockTransactionScanner
2019-06-13 13:51:03,302 DEBUG block.SCMBlockDeletingService (SCMBlockDeletingService.java:call(155)) - Scanned deleted blocks log and got 3 delTX to process.
2019-06-13 13:51:03,302 DEBUG block.SCMBlockDeletingService (SCMBlockDeletingService.java:call(171)) - Added delete block command for datanode 5d71e5de-6d45-4480-a1f1-d41cc2d38630 in the queue, number of delete block transactions: 3, TxID list: 1,2,3
2019-06-13 13:51:03,303 INFO  block.SCMBlockDeletingService (SCMBlockDeletingService.java:call(182)) - Totally added 3 delete blocks command for 1 datanodes, task elapsed time: 1ms
2019-06-13 13:51:03,371 INFO  commands.RetriableDatanodeEventWatcher (RetriableDatanodeEventWatcher.java:onTimeout(47)) - RetriableDatanodeCommand type=deleteBlocksCommand with id=1560433858471 timed out. Retrying.
2019-06-13 13:51:03,380 INFO  commands.RetriableDatanodeEventWatcher (RetriableDatanodeEventWatcher.java:onTimeout(47)) - RetriableDatanodeCommand type=deleteBlocksCommand with id=1560433858481 timed out. Retrying.
2019-06-13 13:51:03,389 INFO  commands.RetriableDatanodeEventWatcher (RetriableDatanodeEventWatcher.java:onTimeout(47)) - RetriableDatanodeCommand type=deleteBlocksCommand with id=1560433858491 timed out. Retrying.
2019-06-13 13:51:03,396 INFO  commands.RetriableDatanodeEventWatcher (RetriableDatanodeEventWatcher.java:onTimeout(47)) - RetriableDatanodeCommand type=deleteBlocksCommand with id=1560433858501 timed out. Retrying.
2019-06-13 13:51:03,403 DEBUG block.SCMBlockDeletingService (SCMBlockDeletingService.java:call(138)) - Running DeletedBlockTransactionScanner
2019-06-13 13:51:03,403 DEBUG block.SCMBlockDeletingService (SCMBlockDeletingService.java:call(155)) - Scanned deleted blocks log and got 3 delTX to process.
2019-06-13 13:51:03,403 DEBUG block.SCMBlockDeletingService (SCMBlockDeletingService.java:call(171)) - Added delete block command for datanode 5d71e5de-6d45-4480-a1f1-d41cc2d38630 in the queue, number of delete block transactions: 3, TxID list: 1,2,3
2019-06-13 13:51:03,403 INFO  block.SCMBlockDeletingService (SCMBlockDeletingService.java:call(182)) - Totally added 3 delete blocks command for 1 datanodes, task elapsed time: 1ms
2019-06-13 13:51:03,464 INFO  commands.RetriableDatanodeEventWatcher (RetriableDatanodeEventWatcher.java:onTimeout(47)) - RetriableDatanodeCommand type=deleteBlocksCommand with id=1560433858462 timed out. Retrying.
2019-06-13 13:51:03,472 INFO  commands.RetriableDatanodeEventWatcher (RetriableDatanodeEventWatcher.java:onTimeout(47)) - RetriableDatanodeCommand type=deleteBlocksCommand with id=1560433858472 timed out. Retrying.
2019-06-13 13:51:03,480 INFO  commands.RetriableDatanodeEventWatcher (RetriableDatanodeEventWatcher.java:onTimeout(47)) - RetriableDatanodeCommand type=deleteBlocksCommand with id=1560433858482 timed out. Retrying.
2019-06-13 13:51:03,489 INFO  commands.RetriableDatanodeEventWatcher (RetriableDatanodeEventWatcher.java:onTimeout(47)) - RetriableDatanodeCommand type=deleteBlocksCommand with id=1560433858492 timed out. Retrying.
2019-06-13 13:51:03,497 INFO  commands.RetriableDatanodeEventWatcher (RetriableDatanodeEventWatcher.java:onTimeout(47)) - RetriableDatanodeCommand type=deleteBlocksCommand with id=1560433858502 timed out. Retrying.
2019-06-13 13:51:03,504 DEBUG block.SCMBlockDeletingService (SCMBlockDeletingService.java:call(138)) - Running DeletedBlockTransactionScanner
2019-06-13 13:51:03,504 DEBUG block.SCMBlockDeletingService (SCMBlockDeletingService.java:call(155)) - Scanned deleted blocks log and got 3 delTX to process.
2019-06-13 13:51:03,504 DEBUG block.SCMBlockDeletingService (SCMBlockDeletingService.java:call(171)) - Added delete block command for datanode 5d71e5de-6d45-4480-a1f1-d41cc2d38630 in the queue, number of delete block transactions: 3, TxID list: 1,2,3
2019-06-13 13:51:03,504 INFO  block.SCMBlockDeletingService (SCMBlockDeletingService.java:call(182)) - Totally added 3 delete blocks command for 1 datanodes, task elapsed time: 0ms
2019-06-13 13:51:03,565 INFO  commands.RetriableDatanodeEventWatcher (RetriableDatanodeEventWatcher.java:onTimeout(47)) - RetriableDatanodeCommand type=deleteBlocksCommand with id=1560433858463 timed out. Retrying.
2019-06-13 13:51:03,572 INFO  commands.RetriableDatanodeEventWatcher (RetriableDatanodeEventWatcher.java:onTimeout(47)) - RetriableDatanodeCommand type=deleteBlocksCommand with id=1560433858473 timed out. Retrying.
2019-06-13 13:51:03,581 INFO  commands.RetriableDatanodeEventWatcher (RetriableDatanodeEventWatcher.java:onTimeout(47)) - RetriableDatanodeCommand type=deleteBlocksCommand with id=1560433858483 timed out. Retrying.
2019-06-13 13:51:03,589 INFO  commands.RetriableDatanodeEventWatcher (RetriableDatanodeEventWatcher.java:onTimeout(47)) - RetriableDatanodeCommand type=deleteBlocksCommand with id=1560433858493 timed out. Retrying.
2019-06-13 13:51:03,598 INFO  commands.RetriableDatanodeEventWatcher (RetriableDatanodeEventWatcher.java:onTimeout(47)) - RetriableDatanodeCommand type=deleteBlocksCommand with id=1560433858503 timed out. Retrying.
2019-06-13 13:51:03,604 DEBUG block.SCMBlockDeletingService (SCMBlockDeletingService.java:call(138)) - Running DeletedBlockTransactionScanner
2019-06-13 13:51:03,604 DEBUG block.SCMBlockDeletingService (SCMBlockDeletingService.java:call(155)) - Scanned deleted blocks log and got 3 delTX to process.
2019-06-13 13:51:03,605 DEBUG block.SCMBlockDeletingService (SCMBlockDeletingService.java:call(171)) - Added delete block command for datanode 5d71e5de-6d45-4480-a1f1-d41cc2d38630 in the queue, number of delete block transactions: 3, TxID list: 1,2,3
2019-06-13 13:51:03,605 INFO  block.SCMBlockDeletingService (SCMBlockDeletingService.java:call(182)) - Totally added 3 delete blocks command for 1 datanodes, task elapsed time: 1ms
2019-06-13 13:51:03,666 INFO  commands.RetriableDatanodeEventWatcher (RetriableDatanodeEventWatcher.java:onTimeout(47)) - RetriableDatanodeCommand type=deleteBlocksCommand with id=1560433858464 timed out. Retrying.
2019-06-13 13:51:03,673 INFO  commands.RetriableDatanodeEventWatcher (RetriableDatanodeEventWatcher.java:onTimeout(47)) - RetriableDatanodeCommand type=deleteBlocksCommand with id=1560433858474 timed out. Retrying.
2019-06-13 13:51:03,682 INFO  commands.RetriableDatanodeEventWatcher (RetriableDatanodeEventWatcher.java:onTimeout(47)) - RetriableDatanodeCommand type=deleteBlocksCommand with id=1560433858484 timed out. Retrying.
2019-06-13 13:51:03,690 INFO  commands.RetriableDatanodeEventWatcher (RetriableDatanodeEventWatcher.java:onTimeout(47)) - RetriableDatanodeCommand type=deleteBlocksCommand with id=1560433858494 timed out. Retrying.
2019-06-13 13:51:03,699 INFO  commands.RetriableDatanodeEventWatcher (RetriableDatanodeEventWatcher.java:onTimeout(47)) - RetriableDatanodeCommand type=deleteBlocksCommand with id=1560433858504 timed out. Retrying.
2019-06-13 13:51:03,705 DEBUG block.SCMBlockDeletingService (SCMBlockDeletingService.java:call(138)) - Running DeletedBlockTransactionScanner
2019-06-13 13:51:03,705 DEBUG block.SCMBlockDeletingService (SCMBlockDeletingService.java:call(155)) - Scanned deleted blocks log and got 3 delTX to process.
2019-06-13 13:51:03,706 DEBUG block.SCMBlockDeletingService (SCMBlockDeletingService.java:call(171)) - Added delete block command for datanode 5d71e5de-6d45-4480-a1f1-d41cc2d38630 in the queue, number of delete block transactions: 3, TxID list: 1,2,3
2019-06-13 13:51:03,706 INFO  block.SCMBlockDeletingService (SCMBlockDeletingService.java:call(182)) - Totally added 3 delete blocks command for 1 datanodes, task elapsed time: 1ms
2019-06-13 13:51:03,766 INFO  commands.RetriableDatanodeEventWatcher (RetriableDatanodeEventWatcher.java:onTimeout(47)) - RetriableDatanodeCommand type=deleteBlocksCommand with id=1560433858465 timed out. Retrying.
2019-06-13 13:51:03,775 INFO  commands.RetriableDatanodeEventWatcher (RetriableDatanodeEventWatcher.java:onTimeout(47)) - RetriableDatanodeCommand type=deleteBlocksCommand with id=1560433858475 timed out. Retrying.
2019-06-13 13:51:03,785 INFO  commands.RetriableDatanodeEventWatcher (RetriableDatanodeEventWatcher.java:onTimeout(47)) - RetriableDatanodeCommand type=deleteBlocksCommand with id=1560433858485 timed out. Retrying.
2019-06-13 13:51:03,790 INFO  commands.RetriableDatanodeEventWatcher (RetriableDatanodeEventWatcher.java:onTimeout(47)) - RetriableDatanodeCommand type=deleteBlocksCommand with id=1560433858495 timed out. Retrying.
2019-06-13 13:51:03,799 INFO  commands.RetriableDatanodeEventWatcher (RetriableDatanodeEventWatcher.java:onTimeout(47)) - RetriableDatanodeCommand type=deleteBlocksCommand with id=1560433858505 timed out. Retrying.
2019-06-13 13:51:03,806 DEBUG block.SCMBlockDeletingService (SCMBlockDeletingService.java:call(138)) - Running DeletedBlockTransactionScanner
2019-06-13 13:51:03,806 DEBUG block.SCMBlockDeletingService (SCMBlockDeletingService.java:call(155)) - Scanned deleted blocks log and got 3 delTX to process.
2019-06-13 13:51:03,806 DEBUG block.SCMBlockDeletingService (SCMBlockDeletingService.java:call(171)) - Added delete block command for datanode 5d71e5de-6d45-4480-a1f1-d41cc2d38630 in the queue, number of delete block transactions: 3, TxID list: 1,2,3
2019-06-13 13:51:03,807 INFO  block.SCMBlockDeletingService (SCMBlockDeletingService.java:call(182)) - Totally added 3 delete blocks command for 1 datanodes, task elapsed time: 1ms
2019-06-13 13:51:03,867 INFO  commands.RetriableDatanodeEventWatcher (RetriableDatanodeEventWatcher.java:onTimeout(47)) - RetriableDatanodeCommand type=deleteBlocksCommand with id=1560433858466 timed out. Retrying.
2019-06-13 13:51:03,876 INFO  commands.RetriableDatanodeEventWatcher (RetriableDatanodeEventWatcher.java:onTimeout(47)) - RetriableDatanodeCommand type=deleteBlocksCommand with id=1560433858476 timed out. Retrying.
2019-06-13 13:51:03,883 INFO  commands.RetriableDatanodeEventWatcher (RetriableDatanodeEventWatcher.java:onTimeout(47)) - RetriableDatanodeCommand type=deleteBlocksCommand with id=1560433858486 timed out. Retrying.
2019-06-13 13:51:03,890 INFO  commands.RetriableDatanodeEventWatcher (RetriableDatanodeEventWatcher.java:onTimeout(47)) - RetriableDatanodeCommand type=deleteBlocksCommand with id=1560433858496 timed out. Retrying.
2019-06-13 13:51:03,900 INFO  commands.RetriableDatanodeEventWatcher (RetriableDatanodeEventWatcher.java:onTimeout(47)) - RetriableDatanodeCommand type=deleteBlocksCommand with id=1560433858506 timed out. Retrying.
2019-06-13 13:51:03,907 DEBUG block.SCMBlockDeletingService (SCMBlockDeletingService.java:call(138)) - Running DeletedBlockTransactionScanner
2019-06-13 13:51:03,907 DEBUG block.SCMBlockDeletingService (SCMBlockDeletingService.java:call(155)) - Scanned deleted blocks log and got 3 delTX to process.
2019-06-13 13:51:03,907 DEBUG block.SCMBlockDeletingService (SCMBlockDeletingService.java:call(171)) - Added delete block command for datanode 5d71e5de-6d45-4480-a1f1-d41cc2d38630 in the queue, number of delete block transactions: 3, TxID list: 1,2,3
2019-06-13 13:51:03,908 INFO  block.SCMBlockDeletingService (SCMBlockDeletingService.java:call(182)) - Totally added 3 delete blocks command for 1 datanodes, task elapsed time: 1ms
2019-06-13 13:51:03,966 INFO  commands.RetriableDatanodeEventWatcher (RetriableDatanodeEventWatcher.java:onTimeout(47)) - RetriableDatanodeCommand type=deleteBlocksCommand with id=1560433858467 timed out. Retrying.
2019-06-13 13:51:03,976 INFO  commands.RetriableDatanodeEventWatcher (RetriableDatanodeEventWatcher.java:onTimeout(47)) - RetriableDatanodeCommand type=deleteBlocksCommand with id=1560433858477 timed out. Retrying.
2019-06-13 13:51:03,985 INFO  commands.RetriableDatanodeEventWatcher (RetriableDatanodeEventWatcher.java:onTimeout(47)) - RetriableDatanodeCommand type=deleteBlocksCommand with id=1560433858487 timed out. Retrying.
2019-06-13 13:51:03,992 INFO  commands.RetriableDatanodeEventWatcher (RetriableDatanodeEventWatcher.java:onTimeout(47)) - RetriableDatanodeCommand type=deleteBlocksCommand with id=1560433858497 timed out. Retrying.
2019-06-13 13:51:03,999 INFO  commands.RetriableDatanodeEventWatcher (RetriableDatanodeEventWatcher.java:onTimeout(47)) - RetriableDatanodeCommand type=deleteBlocksCommand with id=1560433858507 timed out. Retrying.
2019-06-13 13:51:04,008 DEBUG block.SCMBlockDeletingService (SCMBlockDeletingService.java:call(138)) - Running DeletedBlockTransactionScanner
2019-06-13 13:51:04,008 DEBUG block.SCMBlockDeletingService (SCMBlockDeletingService.java:call(155)) - Scanned deleted blocks log and got 3 delTX to process.
2019-06-13 13:51:04,008 DEBUG block.SCMBlockDeletingService (SCMBlockDeletingService.java:call(171)) - Added delete block command for datanode 5d71e5de-6d45-4480-a1f1-d41cc2d38630 in the queue, number of delete block transactions: 3, TxID list: 1,2,3
2019-06-13 13:51:04,008 INFO  block.SCMBlockDeletingService (SCMBlockDeletingService.java:call(182)) - Totally added 3 delete blocks command for 1 datanodes, task elapsed time: 1ms
2019-06-13 13:51:04,069 INFO  commands.RetriableDatanodeEventWatcher (RetriableDatanodeEventWatcher.java:onTimeout(47)) - RetriableDatanodeCommand type=deleteBlocksCommand with id=1560433858468 timed out. Retrying.
2019-06-13 13:51:04,078 INFO  commands.RetriableDatanodeEventWatcher (RetriableDatanodeEventWatcher.java:onTimeout(47)) - RetriableDatanodeCommand type=deleteBlocksCommand with id=1560433858478 timed out. Retrying.
2019-06-13 13:51:04,085 INFO  commands.RetriableDatanodeEventWatcher (RetriableDatanodeEventWatcher.java:onTimeout(47)) - RetriableDatanodeCommand type=deleteBlocksCommand with id=1560433858488 timed out. Retrying.
2019-06-13 13:51:04,095 INFO  commands.RetriableDatanodeEventWatcher (RetriableDatanodeEventWatcher.java:onTimeout(47)) - RetriableDatanodeCommand type=deleteBlocksCommand with id=1560433858498 timed out. Retrying.
2019-06-13 13:51:04,101 INFO  commands.RetriableDatanodeEventWatcher (RetriableDatanodeEventWatcher.java:onTimeout(47)) - RetriableDatanodeCommand type=deleteBlocksCommand with id=1560433858508 timed out. Retrying.
2019-06-13 13:51:04,109 DEBUG block.SCMBlockDeletingService (SCMBlockDeletingService.java:call(138)) - Running DeletedBlockTransactionScanner
2019-06-13 13:51:04,109 DEBUG block.SCMBlockDeletingService (SCMBlockDeletingService.java:call(155)) - Scanned deleted blocks log and got 3 delTX to process.
2019-06-13 13:51:04,109 DEBUG block.SCMBlockDeletingService (SCMBlockDeletingService.java:call(171)) - Added delete block command for datanode 5d71e5de-6d45-4480-a1f1-d41cc2d38630 in the queue, number of delete block transactions: 3, TxID list: 1,2,3
2019-06-13 13:51:04,109 INFO  block.SCMBlockDeletingService (SCMBlockDeletingService.java:call(182)) - Totally added 3 delete blocks command for 1 datanodes, task elapsed time: 0ms
2019-06-13 13:51:04,169 INFO  commands.RetriableDatanodeEventWatcher (RetriableDatanodeEventWatcher.java:onTimeout(47)) - RetriableDatanodeCommand type=deleteBlocksCommand with id=1560433858469 timed out. Retrying.
2019-06-13 13:51:04,180 INFO  commands.RetriableDatanodeEventWatcher (RetriableDatanodeEventWatcher.java:onTimeout(47)) - RetriableDatanodeCommand type=deleteBlocksCommand with id=1560433858479 timed out. Retrying.
2019-06-13 13:51:04,181 INFO  ozone.MiniOzoneClusterImpl (MiniOzoneClusterImpl.java:lambda$waitForClusterToBeReady$0(142)) - Waiting for cluster to be ready. Got 0 of 1 DN Heartbeats.
2019-06-13 13:51:04,182 INFO  ozoneimpl.OzoneContainer (OzoneContainer.java:start(186)) - Attempting to start container services.
2019-06-13 13:51:04,183 INFO  ozoneimpl.OzoneContainer (OzoneContainer.java:startContainerScrub(160)) - Background container scrubber has been disabled by hdds.containerscrub.enabled
2019-06-13 13:51:04,183 INFO  ratis.XceiverServerRatis (XceiverServerRatis.java:start(418)) - Starting XceiverServerRatis 5d71e5de-6d45-4480-a1f1-d41cc2d38630 at port 39319
2019-06-13 13:51:04,187 INFO  commands.RetriableDatanodeEventWatcher (RetriableDatanodeEventWatcher.java:onTimeout(47)) - RetriableDatanodeCommand type=deleteBlocksCommand with id=1560433858489 timed out. Retrying.
2019-06-13 13:51:04,194 INFO  impl.RaftServerImpl (RaftServerImpl.java:start(173)) - 5d71e5de-6d45-4480-a1f1-d41cc2d38630: start group-C6AEA7A4B82B
2019-06-13 13:51:04,195 INFO  commands.RetriableDatanodeEventWatcher (RaftServerImpl.java:setRole(164)) - 5d71e5de-6d45-4480-a1f1-d41cc2d38630:group-C6AEA7A4B82B changes role from null to FOLLOWER at term 1 for startAsFollower
2019-06-13 13:51:04,195 INFO  commands.RetriableDatanodeEventWatcher (RetriableDatanodeEventWatcher.java:onTimeout(47)) - RetriableDatanodeCommand type=deleteBlocksCommand with id=1560433858499 timed out. Retrying.
2019-06-13 13:51:04,195 INFO  impl.RoleInfo (RoleInfo.java:updateAndGet(143)) - 5d71e5de-6d45-4480-a1f1-d41cc2d38630: start FollowerState
2019-06-13 13:51:04,195 INFO  util.JmxRegister (JmxRegister.java:tryRegister(44)) - Successfully registered JMX Bean with object name Ratis:service=RaftServer,group=group-C6AEA7A4B82B,id=5d71e5de-6d45-4480-a1f1-d41cc2d38630
2019-06-13 13:51:04,196 INFO  impl.RaftServerProxy (RaftServerProxy.java:lambda$start$3(299)) - 5d71e5de-6d45-4480-a1f1-d41cc2d38630: start RPC server
2019-06-13 13:51:04,198 INFO  server.GrpcService (GrpcService.java:startImpl(148)) - 5d71e5de-6d45-4480-a1f1-d41cc2d38630: GrpcService started, listening on 0.0.0.0/0.0.0.0:39319
2019-06-13 13:51:04,202 INFO  commands.RetriableDatanodeEventWatcher (RetriableDatanodeEventWatcher.java:onTimeout(47)) - RetriableDatanodeCommand type=deleteBlocksCommand with id=1560433858509 timed out. Retrying.
2019-06-13 13:51:04,209 DEBUG block.SCMBlockDeletingService (SCMBlockDeletingService.java:call(138)) - Running DeletedBlockTransactionScanner
2019-06-13 13:51:04,209 DEBUG block.SCMBlockDeletingService (SCMBlockDeletingService.java:call(155)) - Scanned deleted blocks log and got 3 delTX to process.
2019-06-13 13:51:04,210 DEBUG block.SCMBlockDeletingService (SCMBlockDeletingService.java:call(171)) - Added delete block command for datanode 5d71e5de-6d45-4480-a1f1-d41cc2d38630 in the queue, number of delete block transactions: 3, TxID list: 1,2,3
2019-06-13 13:51:04,210 INFO  block.SCMBlockDeletingService (SCMBlockDeletingService.java:call(182)) - Totally added 3 delete blocks command for 1 datanodes, task elapsed time: 1ms
2019-06-13 13:51:04,269 INFO  commands.RetriableDatanodeEventWatcher (RetriableDatanodeEventWatcher.java:onTimeout(47)) - RetriableDatanodeCommand type=deleteBlocksCommand with id=1560433858470 timed out. Retrying.
2019-06-13 13:51:04,278 INFO  commands.RetriableDatanodeEventWatcher (RetriableDatanodeEventWatcher.java:onTimeout(47)) - RetriableDatanodeCommand type=deleteBlocksCommand with id=1560433858480 timed out. Retrying.
2019-06-13 13:51:04,287 INFO  commands.RetriableDatanodeEventWatcher (RetriableDatanodeEventWatcher.java:onTimeout(47)) - RetriableDatanodeCommand type=deleteBlocksCommand with id=1560433858490 timed out. Retrying.
2019-06-13 13:51:04,294 INFO  commands.RetriableDatanodeEventWatcher (RetriableDatanodeEventWatcher.java:onTimeout(47)) - RetriableDatanodeCommand type=deleteBlocksCommand with id=1560433858500 timed out. Retrying.
2019-06-13 13:51:04,303 INFO  commands.RetriableDatanodeEventWatcher (RetriableDatanodeEventWatcher.java:onTimeout(47)) - RetriableDatanodeCommand type=deleteBlocksCommand with id=1560433858510 timed out. Retrying.
2019-06-13 13:51:04,310 DEBUG block.SCMBlockDeletingService (SCMBlockDeletingService.java:call(138)) - Running DeletedBlockTransactionScanner
2019-06-13 13:51:04,310 DEBUG block.SCMBlockDeletingService (SCMBlockDeletingService.java:call(155)) - Scanned deleted blocks log and got 3 delTX to process.
2019-06-13 13:51:04,310 DEBUG block.SCMBlockDeletingService (SCMBlockDeletingService.java:call(171)) - Added delete block command for datanode 5d71e5de-6d45-4480-a1f1-d41cc2d38630 in the queue, number of delete block transactions: 3, TxID list: 1,2,3
2019-06-13 13:51:04,311 INFO  block.SCMBlockDeletingService (SCMBlockDeletingService.java:call(182)) - Totally added 3 delete blocks command for 1 datanodes, task elapsed time: 1ms
2019-06-13 13:51:04,371 INFO  commands.RetriableDatanodeEventWatcher (RetriableDatanodeEventWatcher.java:onTimeout(47)) - RetriableDatanodeCommand type=deleteBlocksCommand with id=1560433858471 timed out. Retrying.
2019-06-13 13:51:04,380 INFO  commands.RetriableDatanodeEventWatcher (RetriableDatanodeEventWatcher.java:onTimeout(47)) - RetriableDatanodeCommand type=deleteBlocksCommand with id=1560433858481 timed out. Retrying.
2019-06-13 13:51:04,389 INFO  commands.RetriableDatanodeEventWatcher (RetriableDatanodeEventWatcher.java:onTimeout(47)) - RetriableDatanodeCommand type=deleteBlocksCommand with id=1560433858491 timed out. Retrying.
2019-06-13 13:51:04,395 INFO  commands.RetriableDatanodeEventWatcher (RetriableDatanodeEventWatcher.java:onTimeout(47)) - RetriableDatanodeCommand type=deleteBlocksCommand with id=1560433858501 timed out. Retrying.
2019-06-13 13:51:04,403 INFO  commands.RetriableDatanodeEventWatcher (RetriableDatanodeEventWatcher.java:onTimeout(47)) - RetriableDatanodeCommand type=deleteBlocksCommand with id=1560433858511 timed out. Retrying.
2019-06-13 13:51:04,411 DEBUG block.SCMBlockDeletingService (SCMBlockDeletingService.java:call(138)) - Running DeletedBlockTransactionScanner
2019-06-13 13:51:04,411 DEBUG block.SCMBlockDeletingService (SCMBlockDeletingService.java:call(155)) - Scanned deleted blocks log and got 3 delTX to process.
2019-06-13 13:51:04,411 DEBUG block.SCMBlockDeletingService (SCMBlockDeletingService.java:call(171)) - Added delete block command for datanode 5d71e5de-6d45-4480-a1f1-d41cc2d38630 in the queue, number of delete block transactions: 3, TxID list: 1,2,3
2019-06-13 13:51:04,411 INFO  block.SCMBlockDeletingService (SCMBlockDeletingService.java:call(182)) - Totally added 3 delete blocks command for 1 datanodes, task elapsed time: 1ms
2019-06-13 13:51:04,465 INFO  commands.RetriableDatanodeEventWatcher (RetriableDatanodeEventWatcher.java:onTimeout(47)) - RetriableDatanodeCommand type=deleteBlocksCommand with id=1560433858462 timed out. Retrying.
2019-06-13 13:51:04,472 INFO  commands.RetriableDatanodeEventWatcher (RetriableDatanodeEventWatcher.java:onTimeout(47)) - RetriableDatanodeCommand type=deleteBlocksCommand with id=1560433858472 timed out. Retrying.
2019-06-13 13:51:04,480 INFO  commands.RetriableDatanodeEventWatcher (RetriableDatanodeEventWatcher.java:onTimeout(47)) - RetriableDatanodeCommand type=deleteBlocksCommand with id=1560433858482 timed out. Retrying.
2019-06-13 13:51:04,489 INFO  commands.RetriableDatanodeEventWatcher (RetriableDatanodeEventWatcher.java:onTimeout(47)) - RetriableDatanodeCommand type=deleteBlocksCommand with id=1560433858492 timed out. Retrying.
2019-06-13 13:51:04,498 INFO  commands.RetriableDatanodeEventWatcher (RetriableDatanodeEventWatcher.java:onTimeout(47)) - RetriableDatanodeCommand type=deleteBlocksCommand with id=1560433858502 timed out. Retrying.
2019-06-13 13:51:04,504 INFO  commands.RetriableDatanodeEventWatcher (RetriableDatanodeEventWatcher.java:onTimeout(47)) - RetriableDatanodeCommand type=deleteBlocksCommand with id=1560433858512 timed out. Retrying.
2019-06-13 13:51:04,512 DEBUG block.SCMBlockDeletingService (SCMBlockDeletingService.java:call(138)) - Running DeletedBlockTransactionScanner
2019-06-13 13:51:04,512 DEBUG block.SCMBlockDeletingService (SCMBlockDeletingService.java:call(155)) - Scanned deleted blocks log and got 3 delTX to process.
2019-06-13 13:51:04,512 DEBUG block.SCMBlockDeletingService (SCMBlockDeletingService.java:call(171)) - Added delete block command for datanode 5d71e5de-6d45-4480-a1f1-d41cc2d38630 in the queue, number of delete block transactions: 3, TxID list: 1,2,3
2019-06-13 13:51:04,512 INFO  block.SCMBlockDeletingService (SCMBlockDeletingService.java:call(182)) - Totally added 3 delete blocks command for 1 datanodes, task elapsed time: 0ms
2019-06-13 13:51:04,565 INFO  commands.RetriableDatanodeEventWatcher (RetriableDatanodeEventWatcher.java:onTimeout(47)) - RetriableDatanodeCommand type=deleteBlocksCommand with id=1560433858463 timed out. Retrying.
2019-06-13 13:51:04,573 INFO  commands.RetriableDatanodeEventWatcher (RetriableDatanodeEventWatcher.java:onTimeout(47)) - RetriableDatanodeCommand type=deleteBlocksCommand with id=1560433858473 timed out. Retrying.
2019-06-13 13:51:04,581 INFO  commands.RetriableDatanodeEventWatcher (RetriableDatanodeEventWatcher.java:onTimeout(47)) - RetriableDatanodeCommand type=deleteBlocksCommand with id=1560433858483 timed out. Retrying.
2019-06-13 13:51:04,589 INFO  commands.RetriableDatanodeEventWatcher (RetriableDatanodeEventWatcher.java:onTimeout(47)) - RetriableDatanodeCommand type=deleteBlocksCommand with id=1560433858493 timed out. Retrying.
2019-06-13 13:51:04,598 INFO  commands.RetriableDatanodeEventWatcher (RetriableDatanodeEventWatcher.java:onTimeout(47)) - RetriableDatanodeCommand type=deleteBlocksCommand with id=1560433858503 timed out. Retrying.
2019-06-13 13:51:04,605 INFO  commands.RetriableDatanodeEventWatcher (RetriableDatanodeEventWatcher.java:onTimeout(47)) - RetriableDatanodeCommand type=deleteBlocksCommand with id=1560433858513 timed out. Retrying.
2019-06-13 13:51:04,612 DEBUG block.SCMBlockDeletingService (SCMBlockDeletingService.java:call(138)) - Running DeletedBlockTransactionScanner
2019-06-13 13:51:04,613 DEBUG block.SCMBlockDeletingService (SCMBlockDeletingService.java:call(155)) - Scanned deleted blocks log and got 3 delTX to process.
2019-06-13 13:51:04,613 DEBUG block.SCMBlockDeletingService (SCMBlockDeletingService.java:call(171)) - Added delete block command for datanode 5d71e5de-6d45-4480-a1f1-d41cc2d38630 in the queue, number of delete block transactions: 3, TxID list: 1,2,3
2019-06-13 13:51:04,613 INFO  block.SCMBlockDeletingService (SCMBlockDeletingService.java:call(182)) - Totally added 3 delete blocks command for 1 datanodes, task elapsed time: 0ms
2019-06-13 13:51:04,666 INFO  commands.RetriableDatanodeEventWatcher (RetriableDatanodeEventWatcher.java:onTimeout(47)) - RetriableDatanodeCommand type=deleteBlocksCommand with id=1560433858464 timed out. Retrying.
2019-06-13 13:51:04,673 INFO  commands.RetriableDatanodeEventWatcher (RetriableDatanodeEventWatcher.java:onTimeout(47)) - RetriableDatanodeCommand type=deleteBlocksCommand with id=1560433858474 timed out. Retrying.
2019-06-13 13:51:04,683 INFO  commands.RetriableDatanodeEventWatcher (RetriableDatanodeEventWatcher.java:onTimeout(47)) - RetriableDatanodeCommand type=deleteBlocksCommand with id=1560433858484 timed out. Retrying.
2019-06-13 13:51:04,691 INFO  commands.RetriableDatanodeEventWatcher (RetriableDatanodeEventWatcher.java:onTimeout(47)) - RetriableDatanodeCommand type=deleteBlocksCommand with id=1560433858494 timed out. Retrying.
2019-06-13 13:51:04,699 INFO  commands.RetriableDatanodeEventWatcher (RetriableDatanodeEventWatcher.java:onTimeout(47)) - RetriableDatanodeCommand type=deleteBlocksCommand with id=1560433858504 timed out. Retrying.
2019-06-13 13:51:04,706 INFO  commands.RetriableDatanodeEventWatcher (RetriableDatanodeEventWatcher.java:onTimeout(47)) - RetriableDatanodeCommand type=deleteBlocksCommand with id=1560433858514 timed out. Retrying.
2019-06-13 13:51:04,713 DEBUG block.SCMBlockDeletingService (SCMBlockDeletingService.java:call(138)) - Running DeletedBlockTransactionScanner
2019-06-13 13:51:04,713 DEBUG block.SCMBlockDeletingService (SCMBlockDeletingService.java:call(155)) - Scanned deleted blocks log and got 3 delTX to process.
2019-06-13 13:51:04,713 DEBUG block.SCMBlockDeletingService (SCMBlockDeletingService.java:call(171)) - Added delete block command for datanode 5d71e5de-6d45-4480-a1f1-d41cc2d38630 in the queue, number of delete block transactions: 3, TxID list: 1,2,3
2019-06-13 13:51:04,714 INFO  block.SCMBlockDeletingService (SCMBlockDeletingService.java:call(182)) - Totally added 3 delete blocks command for 1 datanodes, task elapsed time: 1ms
2019-06-13 13:51:04,766 INFO  commands.RetriableDatanodeEventWatcher (RetriableDatanodeEventWatcher.java:onTimeout(47)) - RetriableDatanodeCommand type=deleteBlocksCommand with id=1560433858465 timed out. Retrying.
2019-06-13 13:51:04,776 INFO  commands.RetriableDatanodeEventWatcher (RetriableDatanodeEventWatcher.java:onTimeout(47)) - RetriableDatanodeCommand type=deleteBlocksCommand with id=1560433858475 timed out. Retrying.
2019-06-13 13:51:04,785 INFO  commands.RetriableDatanodeEventWatcher (RetriableDatanodeEventWatcher.java:onTimeout(47)) - RetriableDatanodeCommand type=deleteBlocksCommand with id=1560433858485 timed out. Retrying.
2019-06-13 13:51:04,790 INFO  commands.RetriableDatanodeEventWatcher (RetriableDatanodeEventWatcher.java:onTimeout(47)) - RetriableDatanodeCommand type=deleteBlocksCommand with id=1560433858495 timed out. Retrying.
2019-06-13 13:51:04,800 INFO  commands.RetriableDatanodeEventWatcher (RetriableDatanodeEventWatcher.java:onTimeout(47)) - RetriableDatanodeCommand type=deleteBlocksCommand with id=1560433858505 timed out. Retrying.
2019-06-13 13:51:04,807 INFO  commands.RetriableDatanodeEventWatcher (RetriableDatanodeEventWatcher.java:onTimeout(47)) - RetriableDatanodeCommand type=deleteBlocksCommand with id=1560433858515 timed out. Retrying.
2019-06-13 13:51:04,814 DEBUG block.SCMBlockDeletingService (SCMBlockDeletingService.java:call(138)) - Running DeletedBlockTransactionScanner
2019-06-13 13:51:04,814 DEBUG block.SCMBlockDeletingService (SCMBlockDeletingService.java:call(155)) - Scanned deleted blocks log and got 3 delTX to process.
2019-06-13 13:51:04,814 DEBUG block.SCMBlockDeletingService (SCMBlockDeletingService.java:call(171)) - Added delete block command for datanode 5d71e5de-6d45-4480-a1f1-d41cc2d38630 in the queue, number of delete block transactions: 3, TxID list: 1,2,3
2019-06-13 13:51:04,815 INFO  block.SCMBlockDeletingService (SCMBlockDeletingService.java:call(182)) - Totally added 3 delete blocks command for 1 datanodes, task elapsed time: 1ms
2019-06-13 13:51:04,866 INFO  commands.RetriableDatanodeEventWatcher (RetriableDatanodeEventWatcher.java:onTimeout(47)) - RetriableDatanodeCommand type=deleteBlocksCommand with id=1560433858466 timed out. Retrying.
2019-06-13 13:51:04,876 INFO  commands.RetriableDatanodeEventWatcher (RetriableDatanodeEventWatcher.java:onTimeout(47)) - RetriableDatanodeCommand type=deleteBlocksCommand with id=1560433858476 timed out. Retrying.
2019-06-13 13:51:04,884 INFO  commands.RetriableDatanodeEventWatcher (RetriableDatanodeEventWatcher.java:onTimeout(47)) - RetriableDatanodeCommand type=deleteBlocksCommand with id=1560433858486 timed out. Retrying.
2019-06-13 13:51:04,891 INFO  commands.RetriableDatanodeEventWatcher (RetriableDatanodeEventWatcher.java:onTimeout(47)) - RetriableDatanodeCommand type=deleteBlocksCommand with id=1560433858496 timed out. Retrying.
2019-06-13 13:51:04,900 INFO  commands.RetriableDatanodeEventWatcher (RetriableDatanodeEventWatcher.java:onTimeout(47)) - RetriableDatanodeCommand type=deleteBlocksCommand with id=1560433858506 timed out. Retrying.
2019-06-13 13:51:04,908 INFO  commands.RetriableDatanodeEventWatcher (RetriableDatanodeEventWatcher.java:onTimeout(47)) - RetriableDatanodeCommand type=deleteBlocksCommand with id=1560433858516 timed out. Retrying.
2019-06-13 13:51:04,915 DEBUG block.SCMBlockDeletingService (SCMBlockDeletingService.java:call(138)) - Running DeletedBlockTransactionScanner
2019-06-13 13:51:04,915 DEBUG block.SCMBlockDeletingService (SCMBlockDeletingService.java:call(155)) - Scanned deleted blocks log and got 3 delTX to process.
2019-06-13 13:51:04,915 DEBUG block.SCMBlockDeletingService (SCMBlockDeletingService.java:call(171)) - Added delete block command for datanode 5d71e5de-6d45-4480-a1f1-d41cc2d38630 in the queue, number of delete block transactions: 3, TxID list: 1,2,3
2019-06-13 13:51:04,915 INFO  block.SCMBlockDeletingService (SCMBlockDeletingService.java:call(182)) - Totally added 3 delete blocks command for 1 datanodes, task elapsed time: 1ms
2019-06-13 13:51:04,967 INFO  commands.RetriableDatanodeEventWatcher (RetriableDatanodeEventWatcher.java:onTimeout(47)) - RetriableDatanodeCommand type=deleteBlocksCommand with id=1560433858467 timed out. Retrying.
2019-06-13 13:51:04,976 INFO  commands.RetriableDatanodeEventWatcher (RetriableDatanodeEventWatcher.java:onTimeout(47)) - RetriableDatanodeCommand type=deleteBlocksCommand with id=1560433858477 timed out. Retrying.
2019-06-13 13:51:04,985 INFO  commands.RetriableDatanodeEventWatcher (RetriableDatanodeEventWatcher.java:onTimeout(47)) - RetriableDatanodeCommand type=deleteBlocksCommand with id=1560433858487 timed out. Retrying.
2019-06-13 13:51:04,992 INFO  commands.RetriableDatanodeEventWatcher (RetriableDatanodeEventWatcher.java:onTimeout(47)) - RetriableDatanodeCommand type=deleteBlocksCommand with id=1560433858497 timed out. Retrying.
2019-06-13 13:51:05,000 INFO  commands.RetriableDatanodeEventWatcher (RetriableDatanodeEventWatcher.java:onTimeout(47)) - RetriableDatanodeCommand type=deleteBlocksCommand with id=1560433858507 timed out. Retrying.
2019-06-13 13:51:05,008 INFO  commands.RetriableDatanodeEventWatcher (RetriableDatanodeEventWatcher.java:onTimeout(47)) - RetriableDatanodeCommand type=deleteBlocksCommand with id=1560433858517 timed out. Retrying.
2019-06-13 13:51:05,016 DEBUG block.SCMBlockDeletingService (SCMBlockDeletingService.java:call(138)) - Running DeletedBlockTransactionScanner
2019-06-13 13:51:05,016 DEBUG block.SCMBlockDeletingService (SCMBlockDeletingService.java:call(155)) - Scanned deleted blocks log and got 3 delTX to process.
2019-06-13 13:51:05,016 DEBUG block.SCMBlockDeletingService (SCMBlockDeletingService.java:call(171)) - Added delete block command for datanode 5d71e5de-6d45-4480-a1f1-d41cc2d38630 in the queue, number of delete block transactions: 3, TxID list: 1,2,3
2019-06-13 13:51:05,016 INFO  block.SCMBlockDeletingService (SCMBlockDeletingService.java:call(182)) - Totally added 3 delete blocks command for 1 datanodes, task elapsed time: 1ms
2019-06-13 13:51:05,070 INFO  commands.RetriableDatanodeEventWatcher (RetriableDatanodeEventWatcher.java:onTimeout(47)) - RetriableDatanodeCommand type=deleteBlocksCommand with id=1560433858468 timed out. Retrying.
2019-06-13 13:51:05,078 INFO  commands.RetriableDatanodeEventWatcher (RetriableDatanodeEventWatcher.java:onTimeout(47)) - RetriableDatanodeCommand type=deleteBlocksCommand with id=1560433858478 timed out. Retrying.
2019-06-13 13:51:05,085 INFO  commands.RetriableDatanodeEventWatcher (RetriableDatanodeEventWatcher.java:onTimeout(47)) - RetriableDatanodeCommand type=deleteBlocksCommand with id=1560433858488 timed out. Retrying.
2019-06-13 13:51:05,095 INFO  commands.RetriableDatanodeEventWatcher (RetriableDatanodeEventWatcher.java:onTimeout(47)) - RetriableDatanodeCommand type=deleteBlocksCommand with id=1560433858498 timed out. Retrying.
2019-06-13 13:51:05,102 INFO  commands.RetriableDatanodeEventWatcher (RetriableDatanodeEventWatcher.java:onTimeout(47)) - RetriableDatanodeCommand type=deleteBlocksCommand with id=1560433858508 timed out. Retrying.
2019-06-13 13:51:05,109 INFO  commands.RetriableDatanodeEventWatcher (RetriableDatanodeEventWatcher.java:onTimeout(47)) - RetriableDatanodeCommand type=deleteBlocksCommand with id=1560433858518 timed out. Retrying.
2019-06-13 13:51:05,117 DEBUG block.SCMBlockDeletingService (SCMBlockDeletingService.java:call(138)) - Running DeletedBlockTransactionScanner
2019-06-13 13:51:05,117 DEBUG block.SCMBlockDeletingService (SCMBlockDeletingService.java:call(155)) - Scanned deleted blocks log and got 3 delTX to process.
2019-06-13 13:51:05,117 DEBUG block.SCMBlockDeletingService (SCMBlockDeletingService.java:call(171)) - Added delete block command for datanode 5d71e5de-6d45-4480-a1f1-d41cc2d38630 in the queue, number of delete block transactions: 3, TxID list: 1,2,3
2019-06-13 13:51:05,117 INFO  block.SCMBlockDeletingService (SCMBlockDeletingService.java:call(182)) - Totally added 3 delete blocks command for 1 datanodes, task elapsed time: 0ms
2019-06-13 13:51:05,169 INFO  commands.RetriableDatanodeEventWatcher (RetriableDatanodeEventWatcher.java:onTimeout(47)) - RetriableDatanodeCommand type=deleteBlocksCommand with id=1560433858469 timed out. Retrying.
2019-06-13 13:51:05,181 INFO  commands.RetriableDatanodeEventWatcher (RetriableDatanodeEventWatcher.java:onTimeout(47)) - RetriableDatanodeCommand type=deleteBlocksCommand with id=1560433858479 timed out. Retrying.
2019-06-13 13:51:05,181 INFO  ozone.MiniOzoneClusterImpl (MiniOzoneClusterImpl.java:lambda$waitForClusterToBeReady$0(142)) - Waiting for cluster to be ready. Got 0 of 1 DN Heartbeats.
2019-06-13 13:51:05,187 INFO  commands.RetriableDatanodeEventWatcher (RetriableDatanodeEventWatcher.java:onTimeout(47)) - RetriableDatanodeCommand type=deleteBlocksCommand with id=1560433858489 timed out. Retrying.
2019-06-13 13:51:05,195 INFO  commands.RetriableDatanodeEventWatcher (RetriableDatanodeEventWatcher.java:onTimeout(47)) - RetriableDatanodeCommand type=deleteBlocksCommand with id=1560433858499 timed out. Retrying.
2019-06-13 13:51:05,202 INFO  commands.RetriableDatanodeEventWatcher (RetriableDatanodeEventWatcher.java:onTimeout(47)) - RetriableDatanodeCommand type=deleteBlocksCommand with id=1560433858509 timed out. Retrying.
2019-06-13 13:51:05,210 INFO  commands.RetriableDatanodeEventWatcher (RetriableDatanodeEventWatcher.java:onTimeout(47)) - RetriableDatanodeCommand type=deleteBlocksCommand with id=1560433858519 timed out. Retrying.
2019-06-13 13:51:05,217 DEBUG block.SCMBlockDeletingService (SCMBlockDeletingService.java:call(138)) - Running DeletedBlockTransactionScanner
2019-06-13 13:51:05,218 DEBUG block.SCMBlockDeletingService (SCMBlockDeletingService.java:call(155)) - Scanned deleted blocks log and got 3 delTX to process.
2019-06-13 13:51:05,218 DEBUG block.SCMBlockDeletingService (SCMBlockDeletingService.java:call(171)) - Added delete block command for datanode 5d71e5de-6d45-4480-a1f1-d41cc2d38630 in the queue, number of delete block transactions: 3, TxID list: 1,2,3
2019-06-13 13:51:05,218 INFO  block.SCMBlockDeletingService (SCMBlockDeletingService.java:call(182)) - Totally added 3 delete blocks command for 1 datanodes, task elapsed time: 0ms
2019-06-13 13:51:05,233 INFO  impl.FollowerState (FollowerState.java:run(101)) - 5d71e5de-6d45-4480-a1f1-d41cc2d38630:group-C6AEA7A4B82B changes to CANDIDATE, lastRpcTime:1038, electionTimeout:1038ms
2019-06-13 13:51:05,233 INFO  impl.RoleInfo (RoleInfo.java:shutdownFollowerState(121)) - 5d71e5de-6d45-4480-a1f1-d41cc2d38630: shutdown FollowerState
2019-06-13 13:51:05,233 INFO  impl.RaftServerImpl (RaftServerImpl.java:setRole(164)) - 5d71e5de-6d45-4480-a1f1-d41cc2d38630:group-C6AEA7A4B82B changes role from FOLLOWER to CANDIDATE at term 1 for changeToCandidate
2019-06-13 13:51:05,233 INFO  impl.RoleInfo (RoleInfo.java:updateAndGet(143)) - 5d71e5de-6d45-4480-a1f1-d41cc2d38630: start LeaderElection
2019-06-13 13:51:05,269 INFO  commands.RetriableDatanodeEventWatcher (RetriableDatanodeEventWatcher.java:onTimeout(47)) - RetriableDatanodeCommand type=deleteBlocksCommand with id=1560433858470 timed out. Retrying.
2019-06-13 13:51:05,278 INFO  commands.RetriableDatanodeEventWatcher (RetriableDatanodeEventWatcher.java:onTimeout(47)) - RetriableDatanodeCommand type=deleteBlocksCommand with id=1560433858480 timed out. Retrying.
2019-06-13 13:51:05,287 INFO  commands.RetriableDatanodeEventWatcher (RetriableDatanodeEventWatcher.java:onTimeout(47)) - RetriableDatanodeCommand type=deleteBlocksCommand with id=1560433858490 timed out. Retrying.
2019-06-13 13:51:05,295 INFO  commands.RetriableDatanodeEventWatcher (RetriableDatanodeEventWatcher.java:onTimeout(47)) - RetriableDatanodeCommand type=deleteBlocksCommand with id=1560433858500 timed out. Retrying.
2019-06-13 13:51:05,303 INFO  commands.RetriableDatanodeEventWatcher (RetriableDatanodeEventWatcher.java:onTimeout(47)) - RetriableDatanodeCommand type=deleteBlocksCommand with id=1560433858510 timed out. Retrying.
2019-06-13 13:51:05,311 INFO  commands.RetriableDatanodeEventWatcher (RetriableDatanodeEventWatcher.java:onTimeout(47)) - RetriableDatanodeCommand type=deleteBlocksCommand with id=1560433858520 timed out. Retrying.
2019-06-13 13:51:05,318 DEBUG block.SCMBlockDeletingService (SCMBlockDeletingService.java:call(138)) - Running DeletedBlockTransactionScanner
2019-06-13 13:51:05,318 DEBUG block.SCMBlockDeletingService (SCMBlockDeletingService.java:call(155)) - Scanned deleted blocks log and got 3 delTX to process.
2019-06-13 13:51:05,319 DEBUG block.SCMBlockDeletingService (SCMBlockDeletingService.java:call(171)) - Added delete block command for datanode 5d71e5de-6d45-4480-a1f1-d41cc2d38630 in the queue, number of delete block transactions: 3, TxID list: 1,2,3
2019-06-13 13:51:05,371 INFO  commands.RetriableDatanodeEventWatcher (RetriableDatanodeEventWatcher.java:onTimeout(47)) - RetriableDatanodeCommand type=deleteBlocksCommand with id=1560433858471 timed out. Retrying.
2019-06-13 13:51:05,377 INFO  block.SCMBlockDeletingService (SCMBlockDeletingService.java:call(182)) - Totally added 3 delete blocks command for 1 datanodes, task elapsed time: 59ms
2019-06-13 13:51:05,377 INFO  impl.LeaderElection (LeaderElection.java:askForVotes(181)) - 5d71e5de-6d45-4480-a1f1-d41cc2d38630:group-C6AEA7A4B82B:LeaderElection2: begin an election at term 2 for 0: [5d71e5de-6d45-4480-a1f1-d41cc2d38630:192.168.46.37:39319], old=null
2019-06-13 13:51:05,378 INFO  impl.RoleInfo (RoleInfo.java:shutdownLeaderElection(134)) - 5d71e5de-6d45-4480-a1f1-d41cc2d38630: shutdown LeaderElection
2019-06-13 13:51:05,378 INFO  impl.RaftServerImpl (RaftServerImpl.java:setRole(164)) - 5d71e5de-6d45-4480-a1f1-d41cc2d38630:group-C6AEA7A4B82B changes role from CANDIDATE to LEADER at term 2 for changeToLeader
2019-06-13 13:51:05,378 INFO  impl.RaftServerImpl (ServerState.java:setLeader(263)) - 5d71e5de-6d45-4480-a1f1-d41cc2d38630:group-C6AEA7A4B82B change Leader from null to 5d71e5de-6d45-4480-a1f1-d41cc2d38630 at term 2 for becomeLeader, leader elected after 3299ms
2019-06-13 13:51:05,378 INFO  server.RaftServerConfigKeys (ConfUtils.java:logGet(43)) - raft.server.staging.catchup.gap = 1000 (default)
2019-06-13 13:51:05,378 INFO  server.RaftServerConfigKeys (ConfUtils.java:logGet(43)) - raft.server.rpc.sleep.time = 25ms (default)
2019-06-13 13:51:05,378 INFO  server.RaftServerConfigKeys (ConfUtils.java:logGet(43)) - raft.server.watch.timeout = 10s (default)
2019-06-13 13:51:05,378 INFO  server.RaftServerConfigKeys (ConfUtils.java:logGet(43)) - raft.server.watch.timeout.denomination = 1s (default)
2019-06-13 13:51:05,378 INFO  impl.RoleInfo (RoleInfo.java:updateAndGet(143)) - 5d71e5de-6d45-4480-a1f1-d41cc2d38630: start LeaderState
2019-06-13 13:51:05,379 INFO  storage.RaftLogWorker (RaftLogWorker.java:rollLogSegment(303)) - 5d71e5de-6d45-4480-a1f1-d41cc2d38630-RaftLogWorker: Rolling segment log-7222_7272 to index:7272
2019-06-13 13:51:05,380 INFO  storage.RaftLogWorker (RaftLogWorker.java:execute(433)) - 5d71e5de-6d45-4480-a1f1-d41cc2d38630-RaftLogWorker: Rolled log segment from /opt/src/hadoop-ozone/integration-test/target/test-dir/MiniOzoneClusterImpl-c05bfa39-b333-4767-bc96-5a78f3430938/datanode-0/data/ratis/3aee30eb-3db1-472a-b851-c6aea7a4b82b/current/log_inprogress_7222 to /opt/src/hadoop-ozone/integration-test/target/test-dir/MiniOzoneClusterImpl-c05bfa39-b333-4767-bc96-5a78f3430938/datanode-0/data/ratis/3aee30eb-3db1-472a-b851-c6aea7a4b82b/current/log_7222-7272
2019-06-13 13:51:05,380 INFO  commands.RetriableDatanodeEventWatcher (RetriableDatanodeEventWatcher.java:onTimeout(47)) - RetriableDatanodeCommand type=deleteBlocksCommand with id=1560433858481 timed out. Retrying.
2019-06-13 13:51:05,382 INFO  impl.RaftServerImpl (ServerState.java:setRaftConf(361)) - 5d71e5de-6d45-4480-a1f1-d41cc2d38630:group-C6AEA7A4B82B set configuration 7273: [5d71e5de-6d45-4480-a1f1-d41cc2d38630:192.168.46.37:39319], old=null at 7273
2019-06-13 13:51:05,397 INFO  commands.RetriableDatanodeEventWatcher (RetriableDatanodeEventWatcher.java:onTimeout(47)) - RetriableDatanodeCommand type=deleteBlocksCommand with id=1560433858501 timed out. Retrying.
2019-06-13 13:51:05,397 INFO  commands.RetriableDatanodeEventWatcher (RetriableDatanodeEventWatcher.java:onTimeout(47)) - RetriableDatanodeCommand type=deleteBlocksCommand with id=1560433858491 timed out. Retrying.
2019-06-13 13:51:05,403 INFO  commands.RetriableDatanodeEventWatcher (RetriableDatanodeEventWatcher.java:onTimeout(47)) - RetriableDatanodeCommand type=deleteBlocksCommand with id=1560433858511 timed out. Retrying.
2019-06-13 13:51:05,411 INFO  commands.RetriableDatanodeEventWatcher (RetriableDatanodeEventWatcher.java:onTimeout(47)) - RetriableDatanodeCommand type=deleteBlocksCommand with id=1560433858521 timed out. Retrying.
2019-06-13 13:51:05,444 INFO  storage.RaftLogWorker (RaftLogWorker.java:execute(469)) - 5d71e5de-6d45-4480-a1f1-d41cc2d38630-RaftLogWorker: created new log segment /opt/src/hadoop-ozone/integration-test/target/test-dir/MiniOzoneClusterImpl-c05bfa39-b333-4767-bc96-5a78f3430938/datanode-0/data/ratis/3aee30eb-3db1-472a-b851-c6aea7a4b82b/current/log_inprogress_7273
2019-06-13 13:51:05,466 INFO  commands.RetriableDatanodeEventWatcher (RetriableDatanodeEventWatcher.java:onTimeout(47)) - RetriableDatanodeCommand type=deleteBlocksCommand with id=1560433858462 timed out. Retrying.
2019-06-13 13:51:05,472 INFO  commands.RetriableDatanodeEventWatcher (RetriableDatanodeEventWatcher.java:onTimeout(47)) - RetriableDatanodeCommand type=deleteBlocksCommand with id=1560433858472 timed out. Retrying.
2019-06-13 13:51:05,477 DEBUG block.SCMBlockDeletingService (SCMBlockDeletingService.java:call(138)) - Running DeletedBlockTransactionScanner
2019-06-13 13:51:05,477 DEBUG block.SCMBlockDeletingService (SCMBlockDeletingService.java:call(155)) - Scanned deleted blocks log and got 3 delTX to process.
2019-06-13 13:51:05,477 DEBUG block.SCMBlockDeletingService (SCMBlockDeletingService.java:call(171)) - Added delete block command for datanode 5d71e5de-6d45-4480-a1f1-d41cc2d38630 in the queue, number of delete block transactions: 3, TxID list: 1,2,3
2019-06-13 13:51:05,478 INFO  block.SCMBlockDeletingService (SCMBlockDeletingService.java:call(182)) - Totally added 3 delete blocks command for 1 datanodes, task elapsed time: 1ms
2019-06-13 13:51:05,480 INFO  commands.RetriableDatanodeEventWatcher (RetriableDatanodeEventWatcher.java:onTimeout(47)) - RetriableDatanodeCommand type=deleteBlocksCommand with id=1560433858482 timed out. Retrying.
2019-06-13 13:51:05,489 INFO  commands.RetriableDatanodeEventWatcher (RetriableDatanodeEventWatcher.java:onTimeout(47)) - RetriableDatanodeCommand type=deleteBlocksCommand with id=1560433858492 timed out. Retrying.
2019-06-13 13:51:05,499 INFO  commands.RetriableDatanodeEventWatcher (RetriableDatanodeEventWatcher.java:onTimeout(47)) - RetriableDatanodeCommand type=deleteBlocksCommand with id=1560433858502 timed out. Retrying.
2019-06-13 13:51:05,504 INFO  commands.RetriableDatanodeEventWatcher (RetriableDatanodeEventWatcher.java:onTimeout(47)) - RetriableDatanodeCommand type=deleteBlocksCommand with id=1560433858512 timed out. Retrying.
2019-06-13 13:51:05,511 INFO  commands.RetriableDatanodeEventWatcher (RetriableDatanodeEventWatcher.java:onTimeout(47)) - RetriableDatanodeCommand type=deleteBlocksCommand with id=1560433858522 timed out. Retrying.
2019-06-13 13:51:05,565 INFO  commands.RetriableDatanodeEventWatcher (RetriableDatanodeEventWatcher.java:onTimeout(47)) - RetriableDatanodeCommand type=deleteBlocksCommand with id=1560433858463 timed out. Retrying.
2019-06-13 13:51:05,574 INFO  commands.RetriableDatanodeEventWatcher (RetriableDatanodeEventWatcher.java:onTimeout(47)) - RetriableDatanodeCommand type=deleteBlocksCommand with id=1560433858473 timed out. Retrying.
2019-06-13 13:51:05,578 DEBUG block.SCMBlockDeletingService (SCMBlockDeletingService.java:call(138)) - Running DeletedBlockTransactionScanner
2019-06-13 13:51:05,578 DEBUG block.SCMBlockDeletingService (SCMBlockDeletingService.java:call(155)) - Scanned deleted blocks log and got 3 delTX to process.
2019-06-13 13:51:05,578 DEBUG block.SCMBlockDeletingService (SCMBlockDeletingService.java:call(171)) - Added delete block command for datanode 5d71e5de-6d45-4480-a1f1-d41cc2d38630 in the queue, number of delete block transactions: 3, TxID list: 1,2,3
2019-06-13 13:51:05,578 INFO  block.SCMBlockDeletingService (SCMBlockDeletingService.java:call(182)) - Totally added 3 delete blocks command for 1 datanodes, task elapsed time: 0ms
2019-06-13 13:51:05,581 INFO  commands.RetriableDatanodeEventWatcher (RetriableDatanodeEventWatcher.java:onTimeout(47)) - RetriableDatanodeCommand type=deleteBlocksCommand with id=1560433858483 timed out. Retrying.
2019-06-13 13:51:05,589 INFO  commands.RetriableDatanodeEventWatcher (RetriableDatanodeEventWatcher.java:onTimeout(47)) - RetriableDatanodeCommand type=deleteBlocksCommand with id=1560433858493 timed out. Retrying.
2019-06-13 13:51:05,598 INFO  commands.RetriableDatanodeEventWatcher (RetriableDatanodeEventWatcher.java:onTimeout(47)) - RetriableDatanodeCommand type=deleteBlocksCommand with id=1560433858503 timed out. Retrying.
2019-06-13 13:51:05,606 INFO  commands.RetriableDatanodeEventWatcher (RetriableDatanodeEventWatcher.java:onTimeout(47)) - RetriableDatanodeCommand type=deleteBlocksCommand with id=1560433858513 timed out. Retrying.
2019-06-13 13:51:05,613 INFO  commands.RetriableDatanodeEventWatcher (RetriableDatanodeEventWatcher.java:onTimeout(47)) - RetriableDatanodeCommand type=deleteBlocksCommand with id=1560433858523 timed out. Retrying.
2019-06-13 13:51:05,666 INFO  commands.RetriableDatanodeEventWatcher (RetriableDatanodeEventWatcher.java:onTimeout(47)) - RetriableDatanodeCommand type=deleteBlocksCommand with id=1560433858464 timed out. Retrying.
2019-06-13 13:51:05,673 INFO  commands.RetriableDatanodeEventWatcher (RetriableDatanodeEventWatcher.java:onTimeout(47)) - RetriableDatanodeCommand type=deleteBlocksCommand with id=1560433858474 timed out. Retrying.
2019-06-13 13:51:05,678 DEBUG block.SCMBlockDeletingService (SCMBlockDeletingService.java:call(138)) - Running DeletedBlockTransactionScanner
2019-06-13 13:51:05,679 DEBUG block.SCMBlockDeletingService (SCMBlockDeletingService.java:call(155)) - Scanned deleted blocks log and got 3 delTX to process.
2019-06-13 13:51:05,679 DEBUG block.SCMBlockDeletingService (SCMBlockDeletingService.java:call(171)) - Added delete block command for datanode 5d71e5de-6d45-4480-a1f1-d41cc2d38630 in the queue, number of delete block transactions: 3, TxID list: 1,2,3
2019-06-13 13:51:05,679 INFO  block.SCMBlockDeletingService (SCMBlockDeletingService.java:call(182)) - Totally added 3 delete blocks command for 1 datanodes, task elapsed time: 0ms
2019-06-13 13:51:05,684 INFO  commands.RetriableDatanodeEventWatcher (RetriableDatanodeEventWatcher.java:onTimeout(47)) - RetriableDatanodeCommand type=deleteBlocksCommand with id=1560433858484 timed out. Retrying.
2019-06-13 13:51:05,691 INFO  commands.RetriableDatanodeEventWatcher (RetriableDatanodeEventWatcher.java:onTimeout(47)) - RetriableDatanodeCommand type=deleteBlocksCommand with id=1560433858494 timed out. Retrying.
2019-06-13 13:51:05,699 INFO  commands.RetriableDatanodeEventWatcher (RetriableDatanodeEventWatcher.java:onTimeout(47)) - RetriableDatanodeCommand type=deleteBlocksCommand with id=1560433858504 timed out. Retrying.
2019-06-13 13:51:05,706 INFO  commands.RetriableDatanodeEventWatcher (RetriableDatanodeEventWatcher.java:onTimeout(47)) - RetriableDatanodeCommand type=deleteBlocksCommand with id=1560433858514 timed out. Retrying.
2019-06-13 13:51:05,714 INFO  commands.RetriableDatanodeEventWatcher (RetriableDatanodeEventWatcher.java:onTimeout(47)) - RetriableDatanodeCommand type=deleteBlocksCommand with id=1560433858524 timed out. Retrying.
2019-06-13 13:51:05,766 INFO  commands.RetriableDatanodeEventWatcher (RetriableDatanodeEventWatcher.java:onTimeout(47)) - RetriableDatanodeCommand type=deleteBlocksCommand with id=1560433858465 timed out. Retrying.
2019-06-13 13:51:05,776 INFO  commands.RetriableDatanodeEventWatcher (RetriableDatanodeEventWatcher.java:onTimeout(47)) - RetriableDatanodeCommand type=deleteBlocksCommand with id=1560433858475 timed out. Retrying.
2019-06-13 13:51:05,779 DEBUG block.SCMBlockDeletingService (SCMBlockDeletingService.java:call(138)) - Running DeletedBlockTransactionScanner
2019-06-13 13:51:05,779 DEBUG block.SCMBlockDeletingService (SCMBlockDeletingService.java:call(155)) - Scanned deleted blocks log and got 3 delTX to process.
2019-06-13 13:51:05,780 DEBUG block.SCMBlockDeletingService (SCMBlockDeletingService.java:call(171)) - Added delete block command for datanode 5d71e5de-6d45-4480-a1f1-d41cc2d38630 in the queue, number of delete block transactions: 3, TxID list: 1,2,3
2019-06-13 13:51:05,780 INFO  block.SCMBlockDeletingService (SCMBlockDeletingService.java:call(182)) - Totally added 3 delete blocks command for 1 datanodes, task elapsed time: 1ms
2019-06-13 13:51:05,786 INFO  commands.RetriableDatanodeEventWatcher (RetriableDatanodeEventWatcher.java:onTimeout(47)) - RetriableDatanodeCommand type=deleteBlocksCommand with id=1560433858485 timed out. Retrying.
2019-06-13 13:51:05,790 INFO  commands.RetriableDatanodeEventWatcher (RetriableDatanodeEventWatcher.java:onTimeout(47)) - RetriableDatanodeCommand type=deleteBlocksCommand with id=1560433858495 timed out. Retrying.
2019-06-13 13:51:05,800 INFO  commands.RetriableDatanodeEventWatcher (RetriableDatanodeEventWatcher.java:onTimeout(47)) - RetriableDatanodeCommand type=deleteBlocksCommand with id=1560433858505 timed out. Retrying.
2019-06-13 13:51:05,806 INFO  commands.RetriableDatanodeEventWatcher (RetriableDatanodeEventWatcher.java:onTimeout(47)) - RetriableDatanodeCommand type=deleteBlocksCommand with id=1560433858515 timed out. Retrying.
2019-06-13 13:51:05,814 INFO  commands.RetriableDatanodeEventWatcher (RetriableDatanodeEventWatcher.java:onTimeout(47)) - RetriableDatanodeCommand type=deleteBlocksCommand with id=1560433858525 timed out. Retrying.
2019-06-13 13:51:05,867 INFO  commands.RetriableDatanodeEventWatcher (RetriableDatanodeEventWatcher.java:onTimeout(47)) - RetriableDatanodeCommand type=deleteBlocksCommand with id=1560433858466 timed out. Retrying.
2019-06-13 13:51:05,876 INFO  commands.RetriableDatanodeEventWatcher (RetriableDatanodeEventWatcher.java:onTimeout(47)) - RetriableDatanodeCommand type=deleteBlocksCommand with id=1560433858476 timed out. Retrying.
2019-06-13 13:51:05,880 DEBUG block.SCMBlockDeletingService (SCMBlockDeletingService.java:call(138)) - Running DeletedBlockTransactionScanner
2019-06-13 13:51:05,880 DEBUG block.SCMBlockDeletingService (SCMBlockDeletingService.java:call(155)) - Scanned deleted blocks log and got 3 delTX to process.
2019-06-13 13:51:05,880 DEBUG block.SCMBlockDeletingService (SCMBlockDeletingService.java:call(171)) - Added delete block command for datanode 5d71e5de-6d45-4480-a1f1-d41cc2d38630 in the queue, number of delete block transactions: 3, TxID list: 1,2,3
2019-06-13 13:51:05,880 INFO  block.SCMBlockDeletingService (SCMBlockDeletingService.java:call(182)) - Totally added 3 delete blocks command for 1 datanodes, task elapsed time: 1ms
2019-06-13 13:51:05,883 INFO  commands.RetriableDatanodeEventWatcher (RetriableDatanodeEventWatcher.java:onTimeout(47)) - RetriableDatanodeCommand type=deleteBlocksCommand with id=1560433858486 timed out. Retrying.
2019-06-13 13:51:05,892 INFO  commands.RetriableDatanodeEventWatcher (RetriableDatanodeEventWatcher.java:onTimeout(47)) - RetriableDatanodeCommand type=deleteBlocksCommand with id=1560433858496 timed out. Retrying.
2019-06-13 13:51:05,900 INFO  commands.RetriableDatanodeEventWatcher (RetriableDatanodeEventWatcher.java:onTimeout(47)) - RetriableDatanodeCommand type=deleteBlocksCommand with id=1560433858506 timed out. Retrying.
2019-06-13 13:51:05,908 INFO  commands.RetriableDatanodeEventWatcher (RetriableDatanodeEventWatcher.java:onTimeout(47)) - RetriableDatanodeCommand type=deleteBlocksCommand with id=1560433858516 timed out. Retrying.
2019-06-13 13:51:05,915 INFO  commands.RetriableDatanodeEventWatcher (RetriableDatanodeEventWatcher.java:onTimeout(47)) - RetriableDatanodeCommand type=deleteBlocksCommand with id=1560433858526 timed out. Retrying.
2019-06-13 13:51:05,967 INFO  commands.RetriableDatanodeEventWatcher (RetriableDatanodeEventWatcher.java:onTimeout(47)) - RetriableDatanodeCommand type=deleteBlocksCommand with id=1560433858467 timed out. Retrying.
2019-06-13 13:51:05,976 INFO  commands.RetriableDatanodeEventWatcher (RetriableDatanodeEventWatcher.java:onTimeout(47)) - RetriableDatanodeCommand type=deleteBlocksCommand with id=1560433858477 timed out. Retrying.
2019-06-13 13:51:05,981 DEBUG block.SCMBlockDeletingService (SCMBlockDeletingService.java:call(138)) - Running DeletedBlockTransactionScanner
2019-06-13 13:51:05,981 DEBUG block.SCMBlockDeletingService (SCMBlockDeletingService.java:call(155)) - Scanned deleted blocks log and got 3 delTX to process.
2019-06-13 13:51:05,981 DEBUG block.SCMBlockDeletingService (SCMBlockDeletingService.java:call(171)) - Added delete block command for datanode 5d71e5de-6d45-4480-a1f1-d41cc2d38630 in the queue, number of delete block transactions: 3, TxID list: 1,2,3
2019-06-13 13:51:05,981 INFO  block.SCMBlockDeletingService (SCMBlockDeletingService.java:call(182)) - Totally added 3 delete blocks command for 1 datanodes, task elapsed time: 0ms
2019-06-13 13:51:05,985 INFO  commands.RetriableDatanodeEventWatcher (RetriableDatanodeEventWatcher.java:onTimeout(47)) - RetriableDatanodeCommand type=deleteBlocksCommand with id=1560433858487 timed out. Retrying.
2019-06-13 13:51:05,993 INFO  commands.RetriableDatanodeEventWatcher (RetriableDatanodeEventWatcher.java:onTimeout(47)) - RetriableDatanodeCommand type=deleteBlocksCommand with id=1560433858497 timed out. Retrying.
2019-06-13 13:51:06,000 INFO  commands.RetriableDatanodeEventWatcher (RetriableDatanodeEventWatcher.java:onTimeout(47)) - RetriableDatanodeCommand type=deleteBlocksCommand with id=1560433858507 timed out. Retrying.
2019-06-13 13:51:06,008 INFO  commands.RetriableDatanodeEventWatcher (RetriableDatanodeEventWatcher.java:onTimeout(47)) - RetriableDatanodeCommand type=deleteBlocksCommand with id=1560433858517 timed out. Retrying.
2019-06-13 13:51:06,016 INFO  commands.RetriableDatanodeEventWatcher (RetriableDatanodeEventWatcher.java:onTimeout(47)) - RetriableDatanodeCommand type=deleteBlocksCommand with id=1560433858527 timed out. Retrying.
2019-06-13 13:51:06,071 INFO  commands.RetriableDatanodeEventWatcher (RetriableDatanodeEventWatcher.java:onTimeout(47)) - RetriableDatanodeCommand type=deleteBlocksCommand with id=1560433858468 timed out. Retrying.
2019-06-13 13:51:06,078 INFO  commands.RetriableDatanodeEventWatcher (RetriableDatanodeEventWatcher.java:onTimeout(47)) - RetriableDatanodeCommand type=deleteBlocksCommand with id=1560433858478 timed out. Retrying.
2019-06-13 13:51:06,081 DEBUG block.SCMBlockDeletingService (SCMBlockDeletingService.java:call(138)) - Running DeletedBlockTransactionScanner
2019-06-13 13:51:06,082 DEBUG block.SCMBlockDeletingService (SCMBlockDeletingService.java:call(155)) - Scanned deleted blocks log and got 3 delTX to process.
2019-06-13 13:51:06,082 DEBUG block.SCMBlockDeletingService (SCMBlockDeletingService.java:call(171)) - Added delete block command for datanode 5d71e5de-6d45-4480-a1f1-d41cc2d38630 in the queue, number of delete block transactions: 3, TxID list: 1,2,3
2019-06-13 13:51:06,082 INFO  block.SCMBlockDeletingService (SCMBlockDeletingService.java:call(182)) - Totally added 3 delete blocks command for 1 datanodes, task elapsed time: 0ms
2019-06-13 13:51:06,085 INFO  commands.RetriableDatanodeEventWatcher (RetriableDatanodeEventWatcher.java:onTimeout(47)) - RetriableDatanodeCommand type=deleteBlocksCommand with id=1560433858488 timed out. Retrying.
2019-06-13 13:51:06,096 INFO  commands.RetriableDatanodeEventWatcher (RetriableDatanodeEventWatcher.java:onTimeout(47)) - RetriableDatanodeCommand type=deleteBlocksCommand with id=1560433858498 timed out. Retrying.
2019-06-13 13:51:06,102 INFO  commands.RetriableDatanodeEventWatcher (RetriableDatanodeEventWatcher.java:onTimeout(47)) - RetriableDatanodeCommand type=deleteBlocksCommand with id=1560433858508 timed out. Retrying.
2019-06-13 13:51:06,109 INFO  commands.RetriableDatanodeEventWatcher (RetriableDatanodeEventWatcher.java:onTimeout(47)) - RetriableDatanodeCommand type=deleteBlocksCommand with id=1560433858518 timed out. Retrying.
2019-06-13 13:51:06,117 INFO  commands.RetriableDatanodeEventWatcher (RetriableDatanodeEventWatcher.java:onTimeout(47)) - RetriableDatanodeCommand type=deleteBlocksCommand with id=1560433858528 timed out. Retrying.
2019-06-13 13:51:06,170 INFO  commands.RetriableDatanodeEventWatcher (RetriableDatanodeEventWatcher.java:onTimeout(47)) - RetriableDatanodeCommand type=deleteBlocksCommand with id=1560433858469 timed out. Retrying.
2019-06-13 13:51:06,181 INFO  commands.RetriableDatanodeEventWatcher (RetriableDatanodeEventWatcher.java:onTimeout(47)) - RetriableDatanodeCommand type=deleteBlocksCommand with id=1560433858479 timed out. Retrying.
MiniOzoneClusterImpl.java:lambda$waitForClusterToBeReady$0(142)) - Waiting for cluster to be ready. Got 0 of 1 DN Heartbeats.
2019-06-13 13:51:06,181 INFO  commands.RetriableDatanodeEventWatcher (RetriableDatanodeEventWatcher.java:onTimeout(47)) - RetriableDatanodeCommand type=deleteBlocksCommand with id=1560433858479 timed out. Retrying.
2019-06-13 13:51:06,182 DEBUG block.SCMBlockDeletingService (SCMBlockDeletingService.java:call(138)) - Running DeletedBlockTransactionScanner
2019-06-13 13:51:06,182 DEBUG block.SCMBlockDeletingService (SCMBlockDeletingService.java:call(155)) - Scanned deleted blocks log and got 3 delTX to process.
2019-06-13 13:51:06,182 DEBUG block.SCMBlockDeletingService (SCMBlockDeletingService.java:call(171)) - Added delete block command for datanode 5d71e5de-6d45-4480-a1f1-d41cc2d38630 in the queue, number of delete block transactions: 3, TxID list: 1,2,3
2019-06-13 13:51:06,183 INFO  block.SCMBlockDeletingService (SCMBlockDeletingService.java:call(182)) - Totally added 3 delete blocks command for 1 datanodes, task elapsed time: 1ms
2019-06-13 13:51:06,184 INFO  block.SCMBlockDeletingService (SCMBlockDeletingService.java:handlePendingDeletes(115)) - Block deletion txnID mismatch in datanode 5d71e5de-6d45-4480-a1f1-d41cc2d38630 for containerID 1. Datanode delete txnID: 0, SCM txnID: 1
2019-06-13 13:51:06,184 INFO  block.SCMBlockDeletingService (SCMBlockDeletingService.java:handlePendingDeletes(115)) - Block deletion txnID mismatch in datanode 5d71e5de-6d45-4480-a1f1-d41cc2d38630 for containerID 2. Datanode delete txnID: 0, SCM txnID: 2
2019-06-13 13:51:06,184 INFO  block.SCMBlockDeletingService (SCMBlockDeletingService.java:handlePendingDeletes(115)) - Block deletion txnID mismatch in datanode 5d71e5de-6d45-4480-a1f1-d41cc2d38630 for containerID 3. Datanode delete txnID: 0, SCM txnID: 3
2019-06-13 13:51:06,186 INFO  commands.RetriableDatanodeEventWatcher (RetriableDatanodeEventWatcher.java:onTimeout(47)) - RetriableDatanodeCommand type=deleteBlocksCommand with id=1560433858489 timed out. Retrying.
2019-06-13 13:51:06,195 INFO  commands.RetriableDatanodeEventWatcher (RetriableDatanodeEventWatcher.java:onTimeout(47)) - RetriableDatanodeCommand type=deleteBlocksCommand with id=1560433858499 timed out. Retrying.
2019-06-13 13:51:06,203 INFO  commands.RetriableDatanodeEventWatcher (RetriableDatanodeEventWatcher.java:onTimeout(47)) - RetriableDatanodeCommand type=deleteBlocksCommand with id=1560433858509 timed out. Retrying.
2019-06-13 13:51:06,210 INFO  commands.RetriableDatanodeEventWatcher (RetriableDatanodeEventWatcher.java:onTimeout(47)) - RetriableDatanodeCommand type=deleteBlocksCommand with id=1560433858519 timed out. Retrying.
2019-06-13 13:51:06,217 INFO  commands.RetriableDatanodeEventWatcher (RetriableDatanodeEventWatcher.java:onTimeout(47)) - RetriableDatanodeCommand type=deleteBlocksCommand with id=1560433858529 timed out. Retrying.
2019-06-13 13:51:06,269 INFO  commands.RetriableDatanodeEventWatcher (RetriableDatanodeEventWatcher.java:onTimeout(47)) - RetriableDatanodeCommand type=deleteBlocksCommand with id=1560433858470 timed out. Retrying.
2019-06-13 13:51:06,279 INFO  commands.RetriableDatanodeEventWatcher (RetriableDatanodeEventWatcher.java:onTimeout(47)) - RetriableDatanodeCommand type=deleteBlocksCommand with id=1560433858480 timed out. Retrying.
2019-06-13 13:51:06,283 DEBUG block.SCMBlockDeletingService (SCMBlockDeletingService.java:call(138)) - Running DeletedBlockTransactionScanner
2019-06-13 13:51:06,283 DEBUG block.SCMBlockDeletingService (SCMBlockDeletingService.java:call(155)) - Scanned deleted blocks log and got 3 delTX to process.
2019-06-13 13:51:06,283 DEBUG block.SCMBlockDeletingService (SCMBlockDeletingService.java:call(171)) - Added delete block command for datanode 5d71e5de-6d45-4480-a1f1-d41cc2d38630 in the queue, number of delete block transactions: 3, TxID list: 1,2,3
2019-06-13 13:51:06,283 INFO  block.SCMBlockDeletingService (SCMBlockDeletingService.java:call(182)) - Totally added 3 delete blocks command for 1 datanodes, task elapsed time: 1ms
2019-06-13 13:51:06,288 INFO  commands.RetriableDatanodeEventWatcher (RetriableDatanodeEventWatcher.java:onTimeout(47)) - RetriableDatanodeCommand type=deleteBlocksCommand with id=1560433858490 timed out. Retrying.
2019-06-13 13:51:06,295 INFO  commands.RetriableDatanodeEventWatcher (RetriableDatanodeEventWatcher.java:onTimeout(47)) - RetriableDatanodeCommand type=deleteBlocksCommand with id=1560433858500 timed out. Retrying.
2019-06-13 13:51:06,303 INFO  commands.RetriableDatanodeEventWatcher (RetriableDatanodeEventWatcher.java:onTimeout(47)) - RetriableDatanodeCommand type=deleteBlocksCommand with id=1560433858510 timed out. Retrying.
2019-06-13 13:51:06,311 INFO  commands.RetriableDatanodeEventWatcher (RetriableDatanodeEventWatcher.java:onTimeout(47)) - RetriableDatanodeCommand type=deleteBlocksCommand with id=1560433858520 timed out. Retrying.
2019-06-13 13:51:06,319 INFO  commands.RetriableDatanodeEventWatcher (RetriableDatanodeEventWatcher.java:onTimeout(47)) - RetriableDatanodeCommand type=deleteBlocksCommand with id=1560433858530 timed out. Retrying.
2019-06-13 13:51:06,371 INFO  commands.RetriableDatanodeEventWatcher (RetriableDatanodeEventWatcher.java:onTimeout(47)) - RetriableDatanodeCommand type=deleteBlocksCommand with id=1560433858471 timed out. Retrying.
2019-06-13 13:51:06,380 INFO  commands.RetriableDatanodeEventWatcher (RetriableDatanodeEventWatcher.java:onTimeout(47)) - RetriableDatanodeCommand type=deleteBlocksCommand with id=1560433858481 timed out. Retrying.
2019-06-13 13:51:06,384 DEBUG block.SCMBlockDeletingService (SCMBlockDeletingService.java:call(138)) - Running DeletedBlockTransactionScanner
2019-06-13 13:51:06,384 DEBUG block.SCMBlockDeletingService (SCMBlockDeletingService.java:call(155)) - Scanned deleted blocks log and got 3 delTX to process.
2019-06-13 13:51:06,384 DEBUG block.SCMBlockDeletingService (SCMBlockDeletingService.java:call(171)) - Added delete block command for datanode 5d71e5de-6d45-4480-a1f1-d41cc2d38630 in the queue, number of delete block transactions: 3, TxID list: 1,2,3
2019-06-13 13:51:06,384 INFO  block.SCMBlockDeletingService (SCMBlockDeletingService.java:call(182)) - Totally added 3 delete blocks command for 1 datanodes, task elapsed time: 0ms
2019-06-13 13:51:06,398 INFO  commands.RetriableDatanodeEventWatcher (RetriableDatanodeEventWatcher.java:onTimeout(47)) - RetriableDatanodeCommand type=deleteBlocksCommand with id=1560433858501 timed out. Retrying.
2019-06-13 13:51:06,398 INFO  commands.RetriableDatanodeEventWatcher (RetriableDatanodeEventWatcher.java:onTimeout(47)) - RetriableDatanodeCommand type=deleteBlocksCommand with id=1560433858491 timed out. Retrying.
2019-06-13 13:51:06,403 INFO  commands.RetriableDatanodeEventWatcher (RetriableDatanodeEventWatcher.java:onTimeout(47)) - RetriableDatanodeCommand type=deleteBlocksCommand with id=1560433858511 timed out. Retrying.
2019-06-13 13:51:06,411 INFO  commands.RetriableDatanodeEventWatcher (RetriableDatanodeEventWatcher.java:onTimeout(47)) - RetriableDatanodeCommand type=deleteBlocksCommand with id=1560433858521 timed out. Retrying.
2019-06-13 13:51:06,467 INFO  commands.RetriableDatanodeEventWatcher (RetriableDatanodeEventWatcher.java:onTimeout(47)) - RetriableDatanodeCommand type=deleteBlocksCommand with id=1560433858462 timed out. Retrying.
2019-06-13 13:51:06,472 INFO  commands.RetriableDatanodeEventWatcher (RetriableDatanodeEventWatcher.java:onTimeout(47)) - RetriableDatanodeCommand type=deleteBlocksCommand with id=1560433858472 timed out. Retrying.
2019-06-13 13:51:06,478 INFO  commands.RetriableDatanodeEventWatcher (RetriableDatanodeEventWatcher.java:onTimeout(47)) - RetriableDatanodeCommand type=deleteBlocksCommand with id=1560433858531 timed out. Retrying.
2019-06-13 13:51:06,479 INFO  commands.RetriableDatanodeEventWatcher (RetriableDatanodeEventWatcher.java:onTimeout(47)) - RetriableDatanodeCommand type=deleteBlocksCommand with id=1560433858482 timed out. Retrying.
2019-06-13 13:51:06,484 DEBUG block.SCMBlockDeletingService (SCMBlockDeletingService.java:call(138)) - Running DeletedBlockTransactionScanner
2019-06-13 13:51:06,484 DEBUG block.SCMBlockDeletingService (SCMBlockDeletingService.java:call(155)) - Scanned deleted blocks log and got 3 delTX to process.
2019-06-13 13:51:06,485 DEBUG block.SCMBlockDeletingService (SCMBlockDeletingService.java:call(171)) - Added delete block command for datanode 5d71e5de-6d45-4480-a1f1-d41cc2d38630 in the queue, number of delete block transactions: 3, TxID list: 1,2,3
2019-06-13 13:51:06,485 INFO  block.SCMBlockDeletingService (SCMBlockDeletingService.java:call(182)) - Totally added 3 delete blocks command for 1 datanodes, task elapsed time: 1ms
2019-06-13 13:51:06,489 INFO  commands.RetriableDatanodeEventWatcher (RetriableDatanodeEventWatcher.java:onTimeout(47)) - RetriableDatanodeCommand type=deleteBlocksCommand with id=1560433858492 timed out. Retrying.
2019-06-13 13:51:06,499 INFO  commands.RetriableDatanodeEventWatcher (RetriableDatanodeEventWatcher.java:onTimeout(47)) - RetriableDatanodeCommand type=deleteBlocksCommand with id=1560433858502 timed out. Retrying.
2019-06-13 13:51:06,505 INFO  commands.RetriableDatanodeEventWatcher (RetriableDatanodeEventWatcher.java:onTimeout(47)) - RetriableDatanodeCommand type=deleteBlocksCommand with id=1560433858512 timed out. Retrying.
2019-06-13 13:51:06,512 INFO  commands.RetriableDatanodeEventWatcher (RetriableDatanodeEventWatcher.java:onTimeout(47)) - RetriableDatanodeCommand type=deleteBlocksCommand with id=1560433858522 timed out. Retrying.
2019-06-13 13:51:06,565 INFO  commands.RetriableDatanodeEventWatcher (RetriableDatanodeEventWatcher.java:onTimeout(47)) - RetriableDatanodeCommand type=deleteBlocksCommand with id=1560433858463 timed out. Retrying.
2019-06-13 13:51:06,574 INFO  commands.RetriableDatanodeEventWatcher (RetriableDatanodeEventWatcher.java:onTimeout(47)) - RetriableDatanodeCommand type=deleteBlocksCommand with id=1560433858473 timed out. Retrying.
2019-06-13 13:51:06,578 INFO  commands.RetriableDatanodeEventWatcher (RetriableDatanodeEventWatcher.java:onTimeout(47)) - RetriableDatanodeCommand type=deleteBlocksCommand with id=1560433858532 timed out. Retrying.
2019-06-13 13:51:06,582 INFO  commands.RetriableDatanodeEventWatcher (RetriableDatanodeEventWatcher.java:onTimeout(47)) - RetriableDatanodeCommand type=deleteBlocksCommand with id=1560433858483 timed out. Retrying.
2019-06-13 13:51:06,585 DEBUG block.SCMBlockDeletingService (SCMBlockDeletingService.java:call(138)) - Running DeletedBlockTransactionScanner
2019-06-13 13:51:06,585 DEBUG block.SCMBlockDeletingService (SCMBlockDeletingService.java:call(155)) - Scanned deleted blocks log and got 3 delTX to process.
2019-06-13 13:51:06,585 DEBUG block.SCMBlockDeletingService (SCMBlockDeletingService.java:call(171)) - Added delete block command for datanode 5d71e5de-6d45-4480-a1f1-d41cc2d38630 in the queue, number of delete block transactions: 3, TxID list: 1,2,3
2019-06-13 13:51:06,585 INFO  block.SCMBlockDeletingService (SCMBlockDeletingService.java:call(182)) - Totally added 3 delete blocks command for 1 datanodes, task elapsed time: 1ms
2019-06-13 13:51:06,589 INFO  commands.RetriableDatanodeEventWatcher (RetriableDatanodeEventWatcher.java:onTimeout(47)) - RetriableDatanodeCommand type=deleteBlocksCommand with id=1560433858493 timed out. Retrying.
2019-06-13 13:51:06,598 INFO  commands.RetriableDatanodeEventWatcher (RetriableDatanodeEventWatcher.java:onTimeout(47)) - RetriableDatanodeCommand type=deleteBlocksCommand with id=1560433858503 timed out. Retrying.
2019-06-13 13:51:06,606 INFO  commands.RetriableDatanodeEventWatcher (RetriableDatanodeEventWatcher.java:onTimeout(47)) - RetriableDatanodeCommand type=deleteBlocksCommand with id=1560433858513 timed out. Retrying.
2019-06-13 13:51:06,614 INFO  commands.RetriableDatanodeEventWatcher (RetriableDatanodeEventWatcher.java:onTimeout(47)) - RetriableDatanodeCommand type=deleteBlocksCommand with id=1560433858523 timed out. Retrying.
2019-06-13 13:51:06,666 INFO  commands.RetriableDatanodeEventWatcher (RetriableDatanodeEventWatcher.java:onTimeout(47)) - RetriableDatanodeCommand type=deleteBlocksCommand with id=1560433858464 timed out. Retrying.
2019-06-13 13:51:06,672 INFO  commands.RetriableDatanodeEventWatcher (RetriableDatanodeEventWatcher.java:onTimeout(47)) - RetriableDatanodeCommand type=deleteBlocksCommand with id=1560433858474 timed out. Retrying.
2019-06-13 13:51:06,679 INFO  commands.RetriableDatanodeEventWatcher (RetriableDatanodeEventWatcher.java:onTimeout(47)) - RetriableDatanodeCommand type=deleteBlocksCommand with id=1560433858533 timed out. Retrying.
2019-06-13 13:51:06,684 INFO  commands.RetriableDatanodeEventWatcher (RetriableDatanodeEventWatcher.java:onTimeout(47)) - RetriableDatanodeCommand type=deleteBlocksCommand with id=1560433858484 timed out. Retrying.
2019-06-13 13:51:06,686 DEBUG block.SCMBlockDeletingService (SCMBlockDeletingService.java:call(138)) - Running DeletedBlockTransactionScanner
2019-06-13 13:51:06,686 DEBUG block.SCMBlockDeletingService (SCMBlockDeletingService.java:call(155)) - Scanned deleted blocks log and got 3 delTX to process.
2019-06-13 13:51:06,686 DEBUG block.SCMBlockDeletingService (SCMBlockDeletingService.java:call(171)) - Added delete block command for datanode 5d71e5de-6d45-4480-a1f1-d41cc2d38630 in the queue, number of delete block transactions: 3, TxID list: 1,2,3
2019-06-13 13:51:06,686 INFO  block.SCMBlockDeletingService (SCMBlockDeletingService.java:call(182)) - Totally added 3 delete blocks command for 1 datanodes, task elapsed time: 0ms
2019-06-13 13:51:06,691 INFO  commands.RetriableDatanodeEventWatcher (RetriableDatanodeEventWatcher.java:onTimeout(47)) - RetriableDatanodeCommand type=deleteBlocksCommand with id=1560433858494 timed out. Retrying.
2019-06-13 13:51:06,700 INFO  commands.RetriableDatanodeEventWatcher (RetriableDatanodeEventWatcher.java:onTimeout(47)) - RetriableDatanodeCommand type=deleteBlocksCommand with id=1560433858504 timed out. Retrying.
2019-06-13 13:51:06,705 INFO  commands.RetriableDatanodeEventWatcher (RetriableDatanodeEventWatcher.java:onTimeout(47)) - RetriableDatanodeCommand type=deleteBlocksCommand with id=1560433858514 timed out. Retrying.
2019-06-13 13:51:06,714 INFO  commands.RetriableDatanodeEventWatcher (RetriableDatanodeEventWatcher.java:onTimeout(47)) - RetriableDatanodeCommand type=deleteBlocksCommand with id=1560433858524 timed out. Retrying.
2019-06-13 13:51:06,766 INFO  commands.RetriableDatanodeEventWatcher (RetriableDatanodeEventWatcher.java:onTimeout(47)) - RetriableDatanodeCommand type=deleteBlocksCommand with id=1560433858465 timed out. Retrying.
2019-06-13 13:51:06,777 INFO  commands.RetriableDatanodeEventWatcher (RetriableDatanodeEventWatcher.java:onTimeout(47)) - RetriableDatanodeCommand type=deleteBlocksCommand with id=1560433858475 timed out. Retrying.
2019-06-13 13:51:06,779 INFO  commands.RetriableDatanodeEventWatcher (RetriableDatanodeEventWatcher.java:onTimeout(47)) - RetriableDatanodeCommand type=deleteBlocksCommand with id=1560433858534 timed out. Retrying.
2019-06-13 13:51:06,786 INFO  commands.RetriableDatanodeEventWatcher (RetriableDatanodeEventWatcher.java:onTimeout(47)) - RetriableDatanodeCommand type=deleteBlocksCommand with id=1560433858485 timed out. Retrying.
2019-06-13 13:51:06,786 DEBUG block.SCMBlockDeletingService (SCMBlockDeletingService.java:call(138)) - Running DeletedBlockTransactionScanner
2019-06-13 13:51:06,786 DEBUG block.SCMBlockDeletingService (SCMBlockDeletingService.java:call(155)) - Scanned deleted blocks log and got 3 delTX to process.
2019-06-13 13:51:06,786 DEBUG block.SCMBlockDeletingService (SCMBlockDeletingService.java:call(171)) - Added delete block command for datanode 5d71e5de-6d45-4480-a1f1-d41cc2d38630 in the queue, number of delete block transactions: 3, TxID list: 1,2,3
2019-06-13 13:51:06,787 INFO  block.SCMBlockDeletingService (SCMBlockDeletingService.java:call(182)) - Totally added 3 delete blocks command for 1 datanodes, task elapsed time: 1ms
2019-06-13 13:51:06,790 INFO  commands.RetriableDatanodeEventWatcher (RetriableDatanodeEventWatcher.java:onTimeout(47)) - RetriableDatanodeCommand type=deleteBlocksCommand with id=1560433858495 timed out. Retrying.
2019-06-13 13:51:06,801 INFO  commands.RetriableDatanodeEventWatcher (RetriableDatanodeEventWatcher.java:onTimeout(47)) - RetriableDatanodeCommand type=deleteBlocksCommand with id=1560433858505 timed out. Retrying.
2019-06-13 13:51:06,807 INFO  commands.RetriableDatanodeEventWatcher (RetriableDatanodeEventWatcher.java:onTimeout(47)) - RetriableDatanodeCommand type=deleteBlocksCommand with id=1560433858515 timed out. Retrying.
2019-06-13 13:51:06,814 INFO  commands.RetriableDatanodeEventWatcher (RetriableDatanodeEventWatcher.java:onTimeout(47)) - RetriableDatanodeCommand type=deleteBlocksCommand with id=1560433858525 timed out. Retrying.
2019-06-13 13:51:06,867 INFO  commands.RetriableDatanodeEventWatcher (RetriableDatanodeEventWatcher.java:onTimeout(47)) - RetriableDatanodeCommand type=deleteBlocksCommand with id=1560433858466 timed out. Retrying.
2019-06-13 13:51:06,877 INFO  commands.RetriableDatanodeEventWatcher (RetriableDatanodeEventWatcher.java:onTimeout(47)) - RetriableDatanodeCommand type=deleteBlocksCommand with id=1560433858476 timed out. Retrying.
2019-06-13 13:51:06,880 INFO  commands.RetriableDatanodeEventWatcher (RetriableDatanodeEventWatcher.java:onTimeout(47)) - RetriableDatanodeCommand type=deleteBlocksCommand with id=1560433858535 timed out. Retrying.
2019-06-13 13:51:06,884 INFO  commands.RetriableDatanodeEventWatcher (RetriableDatanodeEventWatcher.java:onTimeout(47)) - RetriableDatanodeCommand type=deleteBlocksCommand with id=1560433858486 timed out. Retrying.
2019-06-13 13:51:06,887 DEBUG block.SCMBlockDeletingService (SCMBlockDeletingService.java:call(138)) - Running DeletedBlockTransactionScanner
2019-06-13 13:51:06,887 DEBUG block.SCMBlockDeletingService (SCMBlockDeletingService.java:call(155)) - Scanned deleted blocks log and got 3 delTX to process.
2019-06-13 13:51:06,887 DEBUG block.SCMBlockDeletingService (SCMBlockDeletingService.java:call(171)) - Added delete block command for datanode 5d71e5de-6d45-4480-a1f1-d41cc2d38630 in the queue, number of delete block transactions: 3, TxID list: 1,2,3
2019-06-13 13:51:06,887 INFO  block.SCMBlockDeletingService (SCMBlockDeletingService.java:call(182)) - Totally added 3 delete blocks command for 1 datanodes, task elapsed time: 1ms
2019-06-13 13:51:06,892 INFO  commands.RetriableDatanodeEventWatcher (RetriableDatanodeEventWatcher.java:onTimeout(47)) - RetriableDatanodeCommand type=deleteBlocksCommand with id=1560433858496 timed out. Retrying.
2019-06-13 13:51:06,900 INFO  commands.RetriableDatanodeEventWatcher (RetriableDatanodeEventWatcher.java:onTimeout(47)) - RetriableDatanodeCommand type=deleteBlocksCommand with id=1560433858506 timed out. Retrying.
2019-06-13 13:51:06,908 INFO  commands.RetriableDatanodeEventWatcher (RetriableDatanodeEventWatcher.java:onTimeout(47)) - RetriableDatanodeCommand type=deleteBlocksCommand with id=1560433858516 timed out. Retrying.
2019-06-13 13:51:06,916 INFO  commands.RetriableDatanodeEventWatcher (RetriableDatanodeEventWatcher.java:onTimeout(47)) - RetriableDatanodeCommand type=deleteBlocksCommand with id=1560433858526 timed out. Retrying.
2019-06-13 13:51:06,968 INFO  commands.RetriableDatanodeEventWatcher (RetriableDatanodeEventWatcher.java:onTimeout(47)) - RetriableDatanodeCommand type=deleteBlocksCommand with id=1560433858467 timed out. Retrying.
2019-06-13 13:51:06,976 INFO  commands.RetriableDatanodeEventWatcher (RetriableDatanodeEventWatcher.java:onTimeout(47)) - RetriableDatanodeCommand type=deleteBlocksCommand with id=1560433858477 timed out. Retrying.
2019-06-13 13:51:06,981 INFO  commands.RetriableDatanodeEventWatcher (RetriableDatanodeEventWatcher.java:onTimeout(47)) - RetriableDatanodeCommand type=deleteBlocksCommand with id=1560433858536 timed out. Retrying.
2019-06-13 13:51:06,985 INFO  commands.RetriableDatanodeEventWatcher (RetriableDatanodeEventWatcher.java:onTimeout(47)) - RetriableDatanodeCommand type=deleteBlocksCommand with id=1560433858487 timed out. Retrying.
2019-06-13 13:51:06,988 DEBUG block.SCMBlockDeletingService (SCMBlockDeletingService.java:call(138)) - Running DeletedBlockTransactionScanner
2019-06-13 13:51:06,988 DEBUG block.SCMBlockDeletingService (SCMBlockDeletingService.java:call(155)) - Scanned deleted blocks log and got 3 delTX to process.
2019-06-13 13:51:06,988 DEBUG block.SCMBlockDeletingService (SCMBlockDeletingService.java:call(171)) - Added delete block command for datanode 5d71e5de-6d45-4480-a1f1-d41cc2d38630 in the queue, number of delete block transactions: 3, TxID list: 1,2,3
2019-06-13 13:51:06,988 INFO  block.SCMBlockDeletingService (SCMBlockDeletingService.java:call(182)) - Totally added 3 delete blocks command for 1 datanodes, task elapsed time: 0ms
2019-06-13 13:51:06,994 INFO  commands.RetriableDatanodeEventWatcher (RetriableDatanodeEventWatcher.java:onTimeout(47)) - RetriableDatanodeCommand type=deleteBlocksCommand with id=1560433858497 timed out. Retrying.
2019-06-13 13:51:07,000 INFO  commands.RetriableDatanodeEventWatcher (RetriableDatanodeEventWatcher.java:onTimeout(47)) - RetriableDatanodeCommand type=deleteBlocksCommand with id=1560433858507 timed out. Retrying.
2019-06-13 13:51:07,007 INFO  commands.RetriableDatanodeEventWatcher (RetriableDatanodeEventWatcher.java:onTimeout(47)) - RetriableDatanodeCommand type=deleteBlocksCommand with id=1560433858517 timed out. Retrying.
2019-06-13 13:51:07,016 INFO  commands.RetriableDatanodeEventWatcher (RetriableDatanodeEventWatcher.java:onTimeout(47)) - RetriableDatanodeCommand type=deleteBlocksCommand with id=1560433858527 timed out. Retrying.
2019-06-13 13:51:07,072 INFO  commands.RetriableDatanodeEventWatcher (RetriableDatanodeEventWatcher.java:onTimeout(47)) - RetriableDatanodeCommand type=deleteBlocksCommand with id=1560433858468 timed out. Retrying.
2019-06-13 13:51:07,078 INFO  commands.RetriableDatanodeEventWatcher (RetriableDatanodeEventWatcher.java:onTimeout(47)) - RetriableDatanodeCommand type=deleteBlocksCommand with id=1560433858478 timed out. Retrying.
2019-06-13 13:51:07,082 INFO  commands.RetriableDatanodeEventWatcher (RetriableDatanodeEventWatcher.java:onTimeout(47)) - RetriableDatanodeCommand type=deleteBlocksCommand with id=1560433858537 timed out. Retrying.
2019-06-13 13:51:07,085 INFO  commands.RetriableDatanodeEventWatcher (RetriableDatanodeEventWatcher.java:onTimeout(47)) - RetriableDatanodeCommand type=deleteBlocksCommand with id=1560433858488 timed out. Retrying.
2019-06-13 13:51:07,088 DEBUG block.SCMBlockDeletingService (SCMBlockDeletingService.java:call(138)) - Running DeletedBlockTransactionScanner
2019-06-13 13:51:07,088 DEBUG block.SCMBlockDeletingService (SCMBlockDeletingService.java:call(155)) - Scanned deleted blocks log and got 3 delTX to process.
2019-06-13 13:51:07,088 DEBUG block.SCMBlockDeletingService (SCMBlockDeletingService.java:call(171)) - Added delete block command for datanode 5d71e5de-6d45-4480-a1f1-d41cc2d38630 in the queue, number of delete block transactions: 3, TxID list: 1,2,3
2019-06-13 13:51:07,089 INFO  block.SCMBlockDeletingService (SCMBlockDeletingService.java:call(182)) - Totally added 3 delete blocks command for 1 datanodes, task elapsed time: 1ms
2019-06-13 13:51:07,096 INFO  commands.RetriableDatanodeEventWatcher (RetriableDatanodeEventWatcher.java:onTimeout(47)) - RetriableDatanodeCommand type=deleteBlocksCommand with id=1560433858498 timed out. Retrying.
2019-06-13 13:51:07,103 INFO  commands.RetriableDatanodeEventWatcher (RetriableDatanodeEventWatcher.java:onTimeout(47)) - RetriableDatanodeCommand type=deleteBlocksCommand with id=1560433858508 timed out. Retrying.
2019-06-13 13:51:07,109 INFO  commands.RetriableDatanodeEventWatcher (RetriableDatanodeEventWatcher.java:onTimeout(47)) - RetriableDatanodeCommand type=deleteBlocksCommand with id=1560433858518 timed out. Retrying.
2019-06-13 13:51:07,117 INFO  commands.RetriableDatanodeEventWatcher (RetriableDatanodeEventWatcher.java:onTimeout(47)) - RetriableDatanodeCommand type=deleteBlocksCommand with id=1560433858528 timed out. Retrying.
2019-06-13 13:51:07,170 INFO  commands.RetriableDatanodeEventWatcher (RetriableDatanodeEventWatcher.java:onTimeout(47)) - RetriableDatanodeCommand type=deleteBlocksCommand with id=1560433858469 timed out. Retrying.
2019-06-13 13:51:07,182 INFO  ozone.MiniOzoneClusterImpl (MiniOzoneClusterImpl.java:lambda$waitForClusterToBeReady$0(142)) - Waiting for cluster to be ready. Got 0 of 1 DN Heartbeats.
2019-06-13 13:51:07,182 INFO  commands.RetriableDatanodeEventWatcher (RetriableDatanodeEventWatcher.java:onTimeout(47)) - RetriableDatanodeCommand type=deleteBlocksCommand with id=1560433858479 timed out. Retrying.
2019-06-13 13:51:07,183 INFO  commands.RetriableDatanodeEventWatcher (RetriableDatanodeEventWatcher.java:onTimeout(47)) - RetriableDatanodeCommand type=deleteBlocksCommand with id=1560433858538 timed out. Retrying.
2019-06-13 13:51:07,187 INFO  commands.RetriableDatanodeEventWatcher (RetriableDatanodeEventWatcher.java:onTimeout(47)) - RetriableDatanodeCommand type=deleteBlocksCommand with id=1560433858489 timed out. Retrying.
2019-06-13 13:51:07,189 DEBUG block.SCMBlockDeletingService (SCMBlockDeletingService.java:call(138)) - Running DeletedBlockTransactionScanner
2019-06-13 13:51:07,189 DEBUG block.SCMBlockDeletingService (SCMBlockDeletingService.java:call(155)) - Scanned deleted blocks log and got 3 delTX to process.
2019-06-13 13:51:07,189 DEBUG block.SCMBlockDeletingService (SCMBlockDeletingService.java:call(171)) - Added delete block command for datanode 5d71e5de-6d45-4480-a1f1-d41cc2d38630 in the queue, number of delete block transactions: 3, TxID list: 1,2,3
2019-06-13 13:51:07,189 INFO  block.SCMBlockDeletingService (SCMBlockDeletingService.java:call(182)) - Totally added 3 delete blocks command for 1 datanodes, task elapsed time: 0ms
2019-06-13 13:51:07,195 INFO  commands.RetriableDatanodeEventWatcher (RetriableDatanodeEventWatcher.java:onTimeout(47)) - RetriableDatanodeCommand type=deleteBlocksCommand with id=1560433858499 timed out. Retrying.
2019-06-13 13:51:07,202 INFO  commands.RetriableDatanodeEventWatcher (RetriableDatanodeEventWatcher.java:onTimeout(47)) - RetriableDatanodeCommand type=deleteBlocksCommand with id=1560433858509 timed out. Retrying.
2019-06-13 13:51:07,210 INFO  commands.RetriableDatanodeEventWatcher (RetriableDatanodeEventWatcher.java:onTimeout(47)) - RetriableDatanodeCommand type=deleteBlocksCommand with id=1560433858519 timed out. Retrying.
2019-06-13 13:51:07,218 INFO  commands.RetriableDatanodeEventWatcher (RetriableDatanodeEventWatcher.java:onTimeout(47)) - RetriableDatanodeCommand type=deleteBlocksCommand with id=1560433858529 timed out. Retrying.
2019-06-13 13:51:07,269 INFO  commands.RetriableDatanodeEventWatcher (RetriableDatanodeEventWatcher.java:onTimeout(47)) - RetriableDatanodeCommand type=deleteBlocksCommand with id=1560433858470 timed out. Retrying.
2019-06-13 13:51:07,279 INFO  commands.RetriableDatanodeEventWatcher (RetriableDatanodeEventWatcher.java:onTimeout(47)) - RetriableDatanodeCommand type=deleteBlocksCommand with id=1560433858480 timed out. Retrying.
2019-06-13 13:51:07,283 INFO  commands.RetriableDatanodeEventWatcher (RetriableDatanodeEventWatcher.java:onTimeout(47)) - RetriableDatanodeCommand type=deleteBlocksCommand with id=1560433858539 timed out. Retrying.
2019-06-13 13:51:07,289 INFO  commands.RetriableDatanodeEventWatcher (RetriableDatanodeEventWatcher.java:onTimeout(47)) - RetriableDatanodeCommand type=deleteBlocksCommand with id=1560433858490 timed out. Retrying.
2019-06-13 13:51:07,289 DEBUG block.SCMBlockDeletingService (SCMBlockDeletingService.java:call(138)) - Running DeletedBlockTransactionScanner
2019-06-13 13:51:07,290 DEBUG block.SCMBlockDeletingService (SCMBlockDeletingService.java:call(155)) - Scanned deleted blocks log and got 3 delTX to process.
2019-06-13 13:51:07,290 DEBUG block.SCMBlockDeletingService (SCMBlockDeletingService.java:call(171)) - Added delete block command for datanode 5d71e5de-6d45-4480-a1f1-d41cc2d38630 in the queue, number of delete block transactions: 3, TxID list: 1,2,3
2019-06-13 13:51:07,290 INFO  block.SCMBlockDeletingService (SCMBlockDeletingService.java:call(182)) - Totally added 3 delete blocks command for 1 datanodes, task elapsed time: 0ms
2019-06-13 13:51:07,295 INFO  commands.RetriableDatanodeEventWatcher (RetriableDatanodeEventWatcher.java:onTimeout(47)) - RetriableDatanodeCommand type=deleteBlocksCommand with id=1560433858500 timed out. Retrying.
2019-06-13 13:51:07,303 INFO  commands.RetriableDatanodeEventWatcher (RetriableDatanodeEventWatcher.java:onTimeout(47)) - RetriableDatanodeCommand type=deleteBlocksCommand with id=1560433858510 timed out. Retrying.
2019-06-13 13:51:07,311 INFO  commands.RetriableDatanodeEventWatcher (RetriableDatanodeEventWatcher.java:onTimeout(47)) - RetriableDatanodeCommand type=deleteBlocksCommand with id=1560433858520 timed out. Retrying.
2019-06-13 13:51:07,320 INFO  commands.RetriableDatanodeEventWatcher (RetriableDatanodeEventWatcher.java:onTimeout(47)) - RetriableDatanodeCommand type=deleteBlocksCommand with id=1560433858530 timed out. Retrying.
2019-06-13 13:51:07,371 INFO  commands.RetriableDatanodeEventWatcher (RetriableDatanodeEventWatcher.java:onTimeout(47)) - RetriableDatanodeCommand type=deleteBlocksCommand with id=1560433858471 timed out. Retrying.
2019-06-13 13:51:07,381 INFO  commands.RetriableDatanodeEventWatcher (RetriableDatanodeEventWatcher.java:onTimeout(47)) - RetriableDatanodeCommand type=deleteBlocksCommand with id=1560433858481 timed out. Retrying.
2019-06-13 13:51:07,388 INFO  commands.RetriableDatanodeEventWatcher (RetriableDatanodeEventWatcher.java:onTimeout(47)) - RetriableDatanodeCommand type=deleteBlocksCommand with id=1560433858540 timed out. Retrying.
2019-06-13 13:51:07,390 DEBUG block.SCMBlockDeletingService (SCMBlockDeletingService.java:call(138)) - Running DeletedBlockTransactionScanner
2019-06-13 13:51:07,390 DEBUG block.SCMBlockDeletingService (SCMBlockDeletingService.java:call(155)) - Scanned deleted blocks log and got 3 delTX to process.
2019-06-13 13:51:07,390 DEBUG block.SCMBlockDeletingService (SCMBlockDeletingService.java:call(171)) - Added delete block command for datanode 5d71e5de-6d45-4480-a1f1-d41cc2d38630 in the queue, number of delete block transactions: 3, TxID list: 1,2,3
2019-06-13 13:51:07,391 INFO  block.SCMBlockDeletingService (SCMBlockDeletingService.java:call(182)) - Totally added 3 delete blocks command for 1 datanodes, task elapsed time: 1ms
2019-06-13 13:51:07,398 INFO  commands.RetriableDatanodeEventWatcher (RetriableDatanodeEventWatcher.java:onTimeout(47)) - RetriableDatanodeCommand type=deleteBlocksCommand with id=1560433858501 timed out. Retrying.
2019-06-13 13:51:07,398 INFO  commands.RetriableDatanodeEventWatcher (RetriableDatanodeEventWatcher.java:onTimeout(47)) - RetriableDatanodeCommand type=deleteBlocksCommand with id=1560433858491 timed out. Retrying.
2019-06-13 13:51:07,404 INFO  commands.RetriableDatanodeEventWatcher (RetriableDatanodeEventWatcher.java:onTimeout(47)) - RetriableDatanodeCommand type=deleteBlocksCommand with id=1560433858511 timed out. Retrying.
2019-06-13 13:51:07,411 INFO  commands.RetriableDatanodeEventWatcher (RetriableDatanodeEventWatcher.java:onTimeout(47)) - RetriableDatanodeCommand type=deleteBlocksCommand with id=1560433858521 timed out. Retrying.
2019-06-13 13:51:07,467 INFO  commands.RetriableDatanodeEventWatcher (RetriableDatanodeEventWatcher.java:onTimeout(47)) - RetriableDatanodeCommand type=deleteBlocksCommand with id=1560433858462 timed out. Retrying.
2019-06-13 13:51:07,472 INFO  commands.RetriableDatanodeEventWatcher (RetriableDatanodeEventWatcher.java:onTimeout(47)) - RetriableDatanodeCommand type=deleteBlocksCommand with id=1560433858472 timed out. Retrying.
2019-06-13 13:51:07,479 INFO  commands.RetriableDatanodeEventWatcher (RetriableDatanodeEventWatcher.java:onTimeout(47)) - RetriableDatanodeCommand type=deleteBlocksCommand with id=1560433858531 timed out. Retrying.
2019-06-13 13:51:07,480 INFO  commands.RetriableDatanodeEventWatcher (RetriableDatanodeEventWatcher.java:onTimeout(47)) - RetriableDatanodeCommand type=deleteBlocksCommand with id=1560433858482 timed out. Retrying.
2019-06-13 13:51:07,485 INFO  commands.RetriableDatanodeEventWatcher (RetriableDatanodeEventWatcher.java:onTimeout(47)) - RetriableDatanodeCommand type=deleteBlocksCommand with id=1560433858541 timed out. Retrying.
2019-06-13 13:51:07,488 INFO  commands.RetriableDatanodeEventWatcher (RetriableDatanodeEventWatcher.java:onTimeout(47)) - RetriableDatanodeCommand type=deleteBlocksCommand with id=1560433858492 timed out. Retrying.
2019-06-13 13:51:07,491 DEBUG block.SCMBlockDeletingService (SCMBlockDeletingService.java:call(138)) - Running DeletedBlockTransactionScanner
2019-06-13 13:51:07,491 DEBUG block.SCMBlockDeletingService (SCMBlockDeletingService.java:call(155)) - Scanned deleted blocks log and got 3 delTX to process.
2019-06-13 13:51:07,491 DEBUG block.SCMBlockDeletingService (SCMBlockDeletingService.java:call(171)) - Added delete block command for datanode 5d71e5de-6d45-4480-a1f1-d41cc2d38630 in the queue, number of delete block transactions: 3, TxID list: 1,2,3
2019-06-13 13:51:07,491 INFO  block.SCMBlockDeletingService (SCMBlockDeletingService.java:call(182)) - Totally added 3 delete blocks command for 1 datanodes, task elapsed time: 1ms
2019-06-13 13:51:07,499 INFO  commands.RetriableDatanodeEventWatcher (RetriableDatanodeEventWatcher.java:onTimeout(47)) - RetriableDatanodeCommand type=deleteBlocksCommand with id=1560433858502 timed out. Retrying.
2019-06-13 13:51:07,505 INFO  commands.RetriableDatanodeEventWatcher (RetriableDatanodeEventWatcher.java:onTimeout(47)) - RetriableDatanodeCommand type=deleteBlocksCommand with id=1560433858512 timed out. Retrying.
2019-06-13 13:51:07,513 INFO  commands.RetriableDatanodeEventWatcher (RetriableDatanodeEventWatcher.java:onTimeout(47)) - RetriableDatanodeCommand type=deleteBlocksCommand with id=1560433858522 timed out. Retrying.
2019-06-13 13:51:07,565 INFO  commands.RetriableDatanodeEventWatcher (RetriableDatanodeEventWatcher.java:onTimeout(47)) - RetriableDatanodeCommand type=deleteBlocksCommand with id=1560433858463 timed out. Retrying.
2019-06-13 13:51:07,574 INFO  commands.RetriableDatanodeEventWatcher (RetriableDatanodeEventWatcher.java:onTimeout(47)) - RetriableDatanodeCommand type=deleteBlocksCommand with id=1560433858473 timed out. Retrying.
2019-06-13 13:51:07,578 INFO  commands.RetriableDatanodeEventWatcher (RetriableDatanodeEventWatcher.java:onTimeout(47)) - RetriableDatanodeCommand type=deleteBlocksCommand with id=1560433858532 timed out. Retrying.
2019-06-13 13:51:07,583 INFO  commands.RetriableDatanodeEventWatcher (RetriableDatanodeEventWatcher.java:onTimeout(47)) - RetriableDatanodeCommand type=deleteBlocksCommand with id=1560433858483 timed out. Retrying.
2019-06-13 13:51:07,585 INFO  commands.RetriableDatanodeEventWatcher (RetriableDatanodeEventWatcher.java:onTimeout(47)) - RetriableDatanodeCommand type=deleteBlocksCommand with id=1560433858542 timed out. Retrying.
2019-06-13 13:51:07,590 INFO  commands.RetriableDatanodeEventWatcher (RetriableDatanodeEventWatcher.java:onTimeout(47)) - RetriableDatanodeCommand type=deleteBlocksCommand with id=1560433858493 timed out. Retrying.
2019-06-13 13:51:07,592 DEBUG block.SCMBlockDeletingService (SCMBlockDeletingService.java:call(138)) - Running DeletedBlockTransactionScanner
2019-06-13 13:51:07,592 DEBUG block.SCMBlockDeletingService (SCMBlockDeletingService.java:call(155)) - Scanned deleted blocks log and got 3 delTX to process.
2019-06-13 13:51:07,592 DEBUG block.SCMBlockDeletingService (SCMBlockDeletingService.java:call(171)) - Added delete block command for datanode 5d71e5de-6d45-4480-a1f1-d41cc2d38630 in the queue, number of delete block transactions: 3, TxID list: 1,2,3
2019-06-13 13:51:07,592 INFO  block.SCMBlockDeletingService (SCMBlockDeletingService.java:call(182)) - Totally added 3 delete blocks command for 1 datanodes, task elapsed time: 0ms
2019-06-13 13:51:07,598 INFO  commands.RetriableDatanodeEventWatcher (RetriableDatanodeEventWatcher.java:onTimeout(47)) - RetriableDatanodeCommand type=deleteBlocksCommand with id=1560433858503 timed out. Retrying.
2019-06-13 13:51:07,606 INFO  commands.RetriableDatanodeEventWatcher (RetriableDatanodeEventWatcher.java:onTimeout(47)) - RetriableDatanodeCommand type=deleteBlocksCommand with id=1560433858513 timed out. Retrying.
2019-06-13 13:51:07,613 INFO  commands.RetriableDatanodeEventWatcher (RetriableDatanodeEventWatcher.java:onTimeout(47)) - RetriableDatanodeCommand type=deleteBlocksCommand with id=1560433858523 timed out. Retrying.
2019-06-13 13:51:07,667 INFO  commands.RetriableDatanodeEventWatcher (RetriableDatanodeEventWatcher.java:onTimeout(47)) - RetriableDatanodeCommand type=deleteBlocksCommand with id=1560433858464 timed out. Retrying.
2019-06-13 13:51:07,673 INFO  commands.RetriableDatanodeEventWatcher (RetriableDatanodeEventWatcher.java:onTimeout(47)) - RetriableDatanodeCommand type=deleteBlocksCommand with id=1560433858474 timed out. Retrying.
2019-06-13 13:51:07,679 INFO  commands.RetriableDatanodeEventWatcher (RetriableDatanodeEventWatcher.java:onTimeout(47)) - RetriableDatanodeCommand type=deleteBlocksCommand with id=1560433858533 timed out. Retrying.
2019-06-13 13:51:07,684 INFO  commands.RetriableDatanodeEventWatcher (RetriableDatanodeEventWatcher.java:onTimeout(47)) - RetriableDatanodeCommand type=deleteBlocksCommand with id=1560433858484 timed out. Retrying.
2019-06-13 13:51:07,686 INFO  commands.RetriableDatanodeEventWatcher (RetriableDatanodeEventWatcher.java:onTimeout(47)) - RetriableDatanodeCommand type=deleteBlocksCommand with id=1560433858543 timed out. Retrying.
2019-06-13 13:51:07,691 INFO  commands.RetriableDatanodeEventWatcher (RetriableDatanodeEventWatcher.java:onTimeout(47)) - RetriableDatanodeCommand type=deleteBlocksCommand with id=1560433858494 timed out. Retrying.
2019-06-13 13:51:07,692 DEBUG block.SCMBlockDeletingService (SCMBlockDeletingService.java:call(138)) - Running DeletedBlockTransactionScanner
2019-06-13 13:51:07,692 DEBUG block.SCMBlockDeletingService (SCMBlockDeletingService.java:call(155)) - Scanned deleted blocks log and got 3 delTX to process.
2019-06-13 13:51:07,693 DEBUG block.SCMBlockDeletingService (SCMBlockDeletingService.java:call(171)) - Added delete block command for datanode 5d71e5de-6d45-4480-a1f1-d41cc2d38630 in the queue, number of delete block transactions: 3, TxID list: 1,2,3
2019-06-13 13:51:07,693 INFO  block.SCMBlockDeletingService (SCMBlockDeletingService.java:call(182)) - Totally added 3 delete blocks command for 1 datanodes, task elapsed time: 1ms
2019-06-13 13:51:07,701 INFO  commands.RetriableDatanodeEventWatcher (RetriableDatanodeEventWatcher.java:onTimeout(47)) - RetriableDatanodeCommand type=deleteBlocksCommand with id=1560433858504 timed out. Retrying.
2019-06-13 13:51:07,706 INFO  commands.RetriableDatanodeEventWatcher (RetriableDatanodeEventWatcher.java:onTimeout(47)) - RetriableDatanodeCommand type=deleteBlocksCommand with id=1560433858514 timed out. Retrying.
2019-06-13 13:51:07,714 INFO  commands.RetriableDatanodeEventWatcher (RetriableDatanodeEventWatcher.java:onTimeout(47)) - RetriableDatanodeCommand type=deleteBlocksCommand with id=1560433858524 timed out. Retrying.
2019-06-13 13:51:07,766 INFO  commands.RetriableDatanodeEventWatcher (RetriableDatanodeEventWatcher.java:onTimeout(47)) - RetriableDatanodeCommand type=deleteBlocksCommand with id=1560433858465 timed out. Retrying.
2019-06-13 13:51:07,778 INFO  commands.RetriableDatanodeEventWatcher (RetriableDatanodeEventWatcher.java:onTimeout(47)) - RetriableDatanodeCommand type=deleteBlocksCommand with id=1560433858475 timed out. Retrying.
2019-06-13 13:51:07,780 INFO  commands.RetriableDatanodeEventWatcher (RetriableDatanodeEventWatcher.java:onTimeout(47)) - RetriableDatanodeCommand type=deleteBlocksCommand with id=1560433858534 timed out. Retrying.
2019-06-13 13:51:07,786 INFO  commands.RetriableDatanodeEventWatcher (RetriableDatanodeEventWatcher.java:onTimeout(47)) - RetriableDatanodeCommand type=deleteBlocksCommand with id=1560433858485 timed out. Retrying.
2019-06-13 13:51:07,787 INFO  commands.RetriableDatanodeEventWatcher (RetriableDatanodeEventWatcher.java:onTimeout(47)) - RetriableDatanodeCommand type=deleteBlocksCommand with id=1560433858544 timed out. Retrying.
2019-06-13 13:51:07,789 INFO  commands.RetriableDatanodeEventWatcher (RetriableDatanodeEventWatcher.java:onTimeout(47)) - RetriableDatanodeCommand type=deleteBlocksCommand with id=1560433858495 timed out. Retrying.
2019-06-13 13:51:07,793 DEBUG block.SCMBlockDeletingService (SCMBlockDeletingService.java:call(138)) - Running DeletedBlockTransactionScanner
2019-06-13 13:51:07,793 DEBUG block.SCMBlockDeletingService (SCMBlockDeletingService.java:call(155)) - Scanned deleted blocks log and got 3 delTX to process.
2019-06-13 13:51:07,793 DEBUG block.SCMBlockDeletingService (SCMBlockDeletingService.java:call(171)) - Added delete block command for datanode 5d71e5de-6d45-4480-a1f1-d41cc2d38630 in the queue, number of delete block transactions: 3, TxID list: 1,2,3
2019-06-13 13:51:07,793 INFO  block.SCMBlockDeletingService (SCMBlockDeletingService.java:call(182)) - Totally added 3 delete blocks command for 1 datanodes, task elapsed time: 1ms
2019-06-13 13:51:07,801 INFO  commands.RetriableDatanodeEventWatcher (RetriableDatanodeEventWatcher.java:onTimeout(47)) - RetriableDatanodeCommand type=deleteBlocksCommand with id=1560433858505 timed out. Retrying.
2019-06-13 13:51:07,807 INFO  commands.RetriableDatanodeEventWatcher (RetriableDatanodeEventWatcher.java:onTimeout(47)) - RetriableDatanodeCommand type=deleteBlocksCommand with id=1560433858515 timed out. Retrying.
2019-06-13 13:51:07,815 INFO  commands.RetriableDatanodeEventWatcher (RetriableDatanodeEventWatcher.java:onTimeout(47)) - RetriableDatanodeCommand type=deleteBlocksCommand with id=1560433858525 timed out. Retrying.
2019-06-13 13:51:07,867 INFO  commands.RetriableDatanodeEventWatcher (RetriableDatanodeEventWatcher.java:onTimeout(47)) - RetriableDatanodeCommand type=deleteBlocksCommand with id=1560433858466 timed out. Retrying.
2019-06-13 13:51:07,877 INFO  commands.RetriableDatanodeEventWatcher (RetriableDatanodeEventWatcher.java:onTimeout(47)) - RetriableDatanodeCommand type=deleteBlocksCommand with id=1560433858476 timed out. Retrying.
2019-06-13 13:51:07,881 INFO  commands.RetriableDatanodeEventWatcher (RetriableDatanodeEventWatcher.java:onTimeout(47)) - RetriableDatanodeCommand type=deleteBlocksCommand with id=1560433858535 timed out. Retrying.
2019-06-13 13:51:07,885 INFO  commands.RetriableDatanodeEventWatcher (RetriableDatanodeEventWatcher.java:onTimeout(47)) - RetriableDatanodeCommand type=deleteBlocksCommand with id=1560433858486 timed out. Retrying.
2019-06-13 13:51:07,892 INFO  commands.RetriableDatanodeEventWatcher (RetriableDatanodeEventWatcher.java:onTimeout(47)) - RetriableDatanodeCommand type=deleteBlocksCommand with id=1560433858545 timed out. Retrying.
2019-06-13 13:51:07,893 INFO  commands.RetriableDatanodeEventWatcher (RetriableDatanodeEventWatcher.java:onTimeout(47)) - RetriableDatanodeCommand type=deleteBlocksCommand with id=1560433858496 timed out. Retrying.
2019-06-13 13:51:07,893 DEBUG block.SCMBlockDeletingService (SCMBlockDeletingService.java:call(138)) - Running DeletedBlockTransactionScanner
2019-06-13 13:51:07,894 DEBUG block.SCMBlockDeletingService (SCMBlockDeletingService.java:call(155)) - Scanned deleted blocks log and got 3 delTX to process.
2019-06-13 13:51:07,894 DEBUG block.SCMBlockDeletingService (SCMBlockDeletingService.java:call(171)) - Added delete block command for datanode 5d71e5de-6d45-4480-a1f1-d41cc2d38630 in the queue, number of delete block transactions: 3, TxID list: 1,2,3
2019-06-13 13:51:07,894 INFO  block.SCMBlockDeletingService (SCMBlockDeletingService.java:call(182)) - Totally added 3 delete blocks command for 1 datanodes, task elapsed time: 0ms
2019-06-13 13:51:07,900 INFO  commands.RetriableDatanodeEventWatcher (RetriableDatanodeEventWatcher.java:onTimeout(47)) - RetriableDatanodeCommand type=deleteBlocksCommand with id=1560433858506 timed out. Retrying.
2019-06-13 13:51:07,908 INFO  commands.RetriableDatanodeEventWatcher (RetriableDatanodeEventWatcher.java:onTimeout(47)) - RetriableDatanodeCommand type=deleteBlocksCommand with id=1560433858516 timed out. Retrying.
2019-06-13 13:51:07,916 INFO  commands.RetriableDatanodeEventWatcher (RetriableDatanodeEventWatcher.java:onTimeout(47)) - RetriableDatanodeCommand type=deleteBlocksCommand with id=1560433858526 timed out. Retrying.
2019-06-13 13:51:07,969 INFO  commands.RetriableDatanodeEventWatcher (RetriableDatanodeEventWatcher.java:onTimeout(47)) - RetriableDatanodeCommand type=deleteBlocksCommand with id=1560433858467 timed out. Retrying.
2019-06-13 13:51:07,976 INFO  commands.RetriableDatanodeEventWatcher (RetriableDatanodeEventWatcher.java:onTimeout(47)) - RetriableDatanodeCommand type=deleteBlocksCommand with id=1560433858477 timed out. Retrying.
2019-06-13 13:51:07,981 INFO  commands.RetriableDatanodeEventWatcher (RetriableDatanodeEventWatcher.java:onTimeout(47)) - RetriableDatanodeCommand type=deleteBlocksCommand with id=1560433858536 timed out. Retrying.
2019-06-13 13:51:07,985 INFO  commands.RetriableDatanodeEventWatcher (RetriableDatanodeEventWatcher.java:onTimeout(47)) - RetriableDatanodeCommand type=deleteBlocksCommand with id=1560433858487 timed out. Retrying.
2019-06-13 13:51:07,988 INFO  commands.RetriableDatanodeEventWatcher (RetriableDatanodeEventWatcher.java:onTimeout(47)) - RetriableDatanodeCommand type=deleteBlocksCommand with id=1560433858546 timed out. Retrying.
2019-06-13 13:51:07,994 INFO  commands.RetriableDatanodeEventWatcher (RetriableDatanodeEventWatcher.java:onTimeout(47)) - RetriableDatanodeCommand type=deleteBlocksCommand with id=1560433858497 timed out. Retrying.
2019-06-13 13:51:07,994 DEBUG block.SCMBlockDeletingService (SCMBlockDeletingService.java:call(138)) - Running DeletedBlockTransactionScanner
2019-06-13 13:51:07,995 DEBUG block.SCMBlockDeletingService (SCMBlockDeletingService.java:call(155)) - Scanned deleted blocks log and got 3 delTX to process.
2019-06-13 13:51:07,995 DEBUG block.SCMBlockDeletingService (SCMBlockDeletingService.java:call(171)) - Added delete block command for datanode 5d71e5de-6d45-4480-a1f1-d41cc2d38630 in the queue, number of delete block transactions: 3, TxID list: 1,2,3
2019-06-13 13:51:07,995 INFO  block.SCMBlockDeletingService (SCMBlockDeletingService.java:call(182)) - Totally added 3 delete blocks command for 1 datanodes, task elapsed time: 0ms
2019-06-13 13:51:08,000 INFO  commands.RetriableDatanodeEventWatcher (RetriableDatanodeEventWatcher.java:onTimeout(47)) - RetriableDatanodeCommand type=deleteBlocksCommand with id=1560433858507 timed out. Retrying.
2019-06-13 13:51:08,008 INFO  commands.RetriableDatanodeEventWatcher (RetriableDatanodeEventWatcher.java:onTimeout(47)) - RetriableDatanodeCommand type=deleteBlocksCommand with id=1560433858517 timed out. Retrying.
2019-06-13 13:51:08,016 INFO  commands.RetriableDatanodeEventWatcher (RetriableDatanodeEventWatcher.java:onTimeout(47)) - RetriableDatanodeCommand type=deleteBlocksCommand with id=1560433858527 timed out. Retrying.
2019-06-13 13:51:08,071 INFO  commands.RetriableDatanodeEventWatcher (RetriableDatanodeEventWatcher.java:onTimeout(47)) - RetriableDatanodeCommand type=deleteBlocksCommand with id=1560433858468 timed out. Retrying.
2019-06-13 13:51:08,078 INFO  commands.RetriableDatanodeEventWatcher (RetriableDatanodeEventWatcher.java:onTimeout(47)) - RetriableDatanodeCommand type=deleteBlocksCommand with id=1560433858478 timed out. Retrying.
2019-06-13 13:51:08,083 INFO  commands.RetriableDatanodeEventWatcher (RetriableDatanodeEventWatcher.java:onTimeout(47)) - RetriableDatanodeCommand type=deleteBlocksCommand with id=1560433858537 timed out. Retrying.
2019-06-13 13:51:08,085 INFO  commands.RetriableDatanodeEventWatcher (RetriableDatanodeEventWatcher.java:onTimeout(47)) - RetriableDatanodeCommand type=deleteBlocksCommand with id=1560433858488 timed out. Retrying.
2019-06-13 13:51:08,089 INFO  commands.RetriableDatanodeEventWatcher (RetriableDatanodeEventWatcher.java:onTimeout(47)) - RetriableDatanodeCommand type=deleteBlocksCommand with id=1560433858547 timed out. Retrying.
2019-06-13 13:51:08,095 DEBUG block.SCMBlockDeletingService (SCMBlockDeletingService.java:call(138)) - Running DeletedBlockTransactionScanner
2019-06-13 13:51:08,095 DEBUG block.SCMBlockDeletingService (SCMBlockDeletingService.java:call(155)) - Scanned deleted blocks log and got 3 delTX to process.
2019-06-13 13:51:08,095 DEBUG block.SCMBlockDeletingService (SCMBlockDeletingService.java:call(171)) - Added delete block command for datanode 5d71e5de-6d45-4480-a1f1-d41cc2d38630 in the queue, number of delete block transactions: 3, TxID list: 1,2,3
2019-06-13 13:51:08,095 INFO  commands.RetriableDatanodeEventWatcher (RetriableDatanodeEventWatcher.java:onTimeout(47)) - RetriableDatanodeCommand type=deleteBlocksCommand with id=1560433858498 timed out. Retrying.
2019-06-13 13:51:08,096 INFO  block.SCMBlockDeletingService (SCMBlockDeletingService.java:call(182)) - Totally added 3 delete blocks command for 1 datanodes, task elapsed time: 1ms
2019-06-13 13:51:08,103 INFO  commands.RetriableDatanodeEventWatcher (RetriableDatanodeEventWatcher.java:onTimeout(47)) - RetriableDatanodeCommand type=deleteBlocksCommand with id=1560433858508 timed out. Retrying.
2019-06-13 13:51:08,109 INFO  commands.RetriableDatanodeEventWatcher (RetriableDatanodeEventWatcher.java:onTimeout(47)) - RetriableDatanodeCommand type=deleteBlocksCommand with id=1560433858518 timed out. Retrying.
2019-06-13 13:51:08,118 INFO  commands.RetriableDatanodeEventWatcher (RetriableDatanodeEventWatcher.java:onTimeout(47)) - RetriableDatanodeCommand type=deleteBlocksCommand with id=1560433858528 timed out. Retrying.
2019-06-13 13:51:08,169 INFO  commands.RetriableDatanodeEventWatcher (RetriableDatanodeEventWatcher.java:onTimeout(47)) - RetriableDatanodeCommand type=deleteBlocksCommand with id=1560433858469 timed out. Retrying.
2019-06-13 13:51:08,182 INFO  block.SCMBlockDeletingService (RetriableDatanodeEventWatcher.java:onTimeout(47)) - RetriableDatanodeCommand type=deleteBlocksCommand with id=1560433858479 timed out. Retrying.
SCMBlockDeletingService.java:handlePendingDeletes(115)) - Block deletion txnID mismatch in datanode 5d71e5de-6d45-4480-a1f1-d41cc2d38630 for containerID 1. Datanode delete txnID: 0, SCM txnID: 1
2019-06-13 13:51:08,182 INFO  commands.RetriableDatanodeEventWatcher (RetriableDatanodeEventWatcher.java:onTimeout(47)) - RetriableDatanodeCommand type=deleteBlocksCommand with id=1560433858479 timed out. Retrying.
2019-06-13 13:51:08,182 INFO  block.SCMBlockDeletingService (SCMBlockDeletingService.java:handlePendingDeletes(115)) - Block deletion txnID mismatch in datanode 5d71e5de-6d45-4480-a1f1-d41cc2d38630 for containerID 2. Datanode delete txnID: 0, SCM txnID: 2
2019-06-13 13:51:08,182 INFO  block.SCMBlockDeletingService (SCMBlockDeletingService.java:handlePendingDeletes(115)) - Block deletion txnID mismatch in datanode 5d71e5de-6d45-4480-a1f1-d41cc2d38630 for containerID 3. Datanode delete txnID: 0, SCM txnID: 3
2019-06-13 13:51:08,182 INFO  ozone.MiniOzoneClusterImpl (MiniOzoneClusterImpl.java:lambda$waitForClusterToBeReady$0(142)) - Waiting for cluster to be ready. Got 0 of 1 DN Heartbeats.
2019-06-13 13:51:08,183 INFO  commands.RetriableDatanodeEventWatcher (RetriableDatanodeEventWatcher.java:onTimeout(47)) - RetriableDatanodeCommand type=deleteBlocksCommand with id=1560433858538 timed out. Retrying.
2019-06-13 13:51:08,187 INFO  commands.RetriableDatanodeEventWatcher (RetriableDatanodeEventWatcher.java:onTimeout(47)) - RetriableDatanodeCommand type=deleteBlocksCommand with id=1560433858489 timed out. Retrying.
2019-06-13 13:51:08,189 INFO  commands.RetriableDatanodeEventWatcher (RetriableDatanodeEventWatcher.java:onTimeout(47)) - RetriableDatanodeCommand type=deleteBlocksCommand with id=1560433858548 timed out. Retrying.
2019-06-13 13:51:08,196 DEBUG block.SCMBlockDeletingService (SCMBlockDeletingService.java:call(138)) - Running DeletedBlockTransactionScanner
2019-06-13 13:51:08,196 DEBUG block.SCMBlockDeletingService (SCMBlockDeletingService.java:call(155)) - Scanned deleted blocks log and got 3 delTX to process.
2019-06-13 13:51:08,196 INFO  SCMBlockDeletingService.java:call(commands.RetriableDatanodeEventWatcher (171)) - Added delete block command for datanode 5d71e5de-6d45-4480-a1f1-d41cc2d38630 in the queue, number of delete block transactions: 3, TxID list: 1,2,3
2019-06-13 13:51:08,196 INFO  commands.RetriableDatanodeEventWatcher (RetriableDatanodeEventWatcher.java:onTimeout(47)) - RetriableDatanodeCommand type=deleteBlocksCommand with id=1560433858499 timed out. Retrying.
2019-06-13 13:51:08,197 INFO  block.SCMBlockDeletingService (SCMBlockDeletingService.java:call(182)) - Totally added 3 delete blocks command for 1 datanodes, task elapsed time: 1ms
2019-06-13 13:51:08,203 INFO  commands.RetriableDatanodeEventWatcher (RetriableDatanodeEventWatcher.java:onTimeout(47)) - RetriableDatanodeCommand type=deleteBlocksCommand with id=1560433858509 timed out. Retrying.
2019-06-13 13:51:08,210 INFO  commands.RetriableDatanodeEventWatcher (RetriableDatanodeEventWatcher.java:onTimeout(47)) - RetriableDatanodeCommand type=deleteBlocksCommand with id=1560433858519 timed out. Retrying.
2019-06-13 13:51:08,217 INFO  commands.RetriableDatanodeEventWatcher (RetriableDatanodeEventWatcher.java:onTimeout(47)) - RetriableDatanodeCommand type=deleteBlocksCommand with id=1560433858529 timed out. Retrying.
2019-06-13 13:51:08,266 INFO  impl.RaftServerProxy (RaftServerProxy.java:addNew(89)) - 5d71e5de-6d45-4480-a1f1-d41cc2d38630: addNew group-14F391A00776:[5d71e5de-6d45-4480-a1f1-d41cc2d38630:192.168.46.37:39319] returns group-14F391A00776:java.util.concurrent.CompletableFuture@70d3d8c5[Not completed]
2019-06-13 13:51:08,266 INFO  impl.RaftServerImpl (RaftServerImpl.java:<init>(91)) - 5d71e5de-6d45-4480-a1f1-d41cc2d38630: new RaftServerImpl for group-14F391A00776:[5d71e5de-6d45-4480-a1f1-d41cc2d38630:192.168.46.37:39319] with ContainerStateMachine:uninitialized
2019-06-13 13:51:08,267 INFO  server.RaftServerConfigKeys (ConfUtils.java:logGet(43)) - raft.server.rpc.timeout.min = 1s (custom)
2019-06-13 13:51:08,267 INFO  server.RaftServerConfigKeys (ConfUtils.java:logGet(43)) - raft.server.rpc.timeout.max = 1200ms (custom)
2019-06-13 13:51:08,267 INFO  server.RaftServerConfigKeys (ConfUtils.java:logGet(43)) - raft.server.rpcslowness.timeout = 120s (custom)
2019-06-13 13:51:08,267 INFO  server.RaftServerConfigKeys (ConfUtils.java:logGet(43)) - raft.server.log.appender.install.snapshot.enabled = true (default)
2019-06-13 13:51:08,267 INFO  impl.RaftServerImpl (ServerState.java:<init>(101)) - 5d71e5de-6d45-4480-a1f1-d41cc2d38630:group-14F391A00776 ConfigurationManager, init=-1: [5d71e5de-6d45-4480-a1f1-d41cc2d38630:192.168.46.37:39319], old=null, confs=<EMPTY_MAP>
2019-06-13 13:51:08,267 INFO  server.RaftServerConfigKeys (ConfUtils.java:logGet(43)) - raft.server.storage.dir = [/opt/src/hadoop-ozone/integration-test/target/test-dir/MiniOzoneClusterImpl-c05bfa39-b333-4767-bc96-5a78f3430938/datanode-0/data/ratis] (custom)
2019-06-13 13:51:08,267 INFO  storage.RaftStorageDirectory (RaftStorageDirectory.java:analyzeStorage(246)) - The storage directory /opt/src/hadoop-ozone/integration-test/target/test-dir/MiniOzoneClusterImpl-c05bfa39-b333-4767-bc96-5a78f3430938/datanode-0/data/ratis/ed139c2e-57e0-4c44-b74a-14f391a00776 does not exist. Creating ...
2019-06-13 13:51:08,269 INFO  commands.RetriableDatanodeEventWatcher (RetriableDatanodeEventWatcher.java:onTimeout(47)) - RetriableDatanodeCommand type=deleteBlocksCommand with id=1560433858470 timed out. Retrying.
2019-06-13 13:51:08,280 INFO  commands.RetriableDatanodeEventWatcher (RetriableDatanodeEventWatcher.java:onTimeout(47)) - RetriableDatanodeCommand type=deleteBlocksCommand with id=1560433858480 timed out. Retrying.
2019-06-13 13:51:08,283 INFO  commands.RetriableDatanodeEventWatcher (RetriableDatanodeEventWatcher.java:onTimeout(47)) - RetriableDatanodeCommand type=deleteBlocksCommand with id=1560433858539 timed out. Retrying.
2019-06-13 13:51:08,289 INFO  commands.RetriableDatanodeEventWatcher (RetriableDatanodeEventWatcher.java:onTimeout(47)) - RetriableDatanodeCommand type=deleteBlocksCommand with id=1560433858490 timed out. Retrying.
2019-06-13 13:51:08,290 INFO  commands.RetriableDatanodeEventWatcher (RetriableDatanodeEventWatcher.java:onTimeout(47)) - RetriableDatanodeCommand type=deleteBlocksCommand with id=1560433858549 timed out. Retrying.
2019-06-13 13:51:08,295 INFO  commands.RetriableDatanodeEventWatcher (RetriableDatanodeEventWatcher.java:onTimeout(47)) - RetriableDatanodeCommand type=deleteBlocksCommand with id=1560433858500 timed out. Retrying.
2019-06-13 13:51:08,297 DEBUG block.SCMBlockDeletingService (SCMBlockDeletingService.java:call(138)) - Running DeletedBlockTransactionScanner
2019-06-13 13:51:08,297 DEBUG block.SCMBlockDeletingService (SCMBlockDeletingService.java:call(155)) - Scanned deleted blocks log and got 3 delTX to process.
2019-06-13 13:51:08,297 DEBUG block.SCMBlockDeletingService (SCMBlockDeletingService.java:call(171)) - Added delete block command for datanode 5d71e5de-6d45-4480-a1f1-d41cc2d38630 in the queue, number of delete block transactions: 3, TxID list: 1,2,3
2019-06-13 13:51:08,298 INFO  block.SCMBlockDeletingService (SCMBlockDeletingService.java:call(182)) - Totally added 3 delete blocks command for 1 datanodes, task elapsed time: 1ms
2019-06-13 13:51:08,303 INFO  commands.RetriableDatanodeEventWatcher (RetriableDatanodeEventWatcher.java:onTimeout(47)) - RetriableDatanodeCommand type=deleteBlocksCommand with id=1560433858510 timed out. Retrying.
2019-06-13 13:51:08,312 INFO  commands.RetriableDatanodeEventWatcher (RetriableDatanodeEventWatcher.java:onTimeout(47)) - RetriableDatanodeCommand type=deleteBlocksCommand with id=1560433858520 timed out. Retrying.
2019-06-13 13:51:08,317 INFO  storage.RaftStorageDirectory (RaftStorageDirectory.java:tryLock(328)) - Lock on /opt/src/hadoop-ozone/integration-test/target/test-dir/MiniOzoneClusterImpl-c05bfa39-b333-4767-bc96-5a78f3430938/datanode-0/data/ratis/ed139c2e-57e0-4c44-b74a-14f391a00776/in_use.lock acquired by nodename 10067@ozone-s9v57-3710753675
2019-06-13 13:51:08,320 INFO  commands.RetriableDatanodeEventWatcher (RetriableDatanodeEventWatcher.java:onTimeout(47)) - RetriableDatanodeCommand type=deleteBlocksCommand with id=1560433858530 timed out. Retrying.
2019-06-13 13:51:08,372 INFO  commands.RetriableDatanodeEventWatcher (RetriableDatanodeEventWatcher.java:onTimeout(47)) - RetriableDatanodeCommand type=deleteBlocksCommand with id=1560433858471 timed out. Retrying.
2019-06-13 13:51:08,382 INFO  commands.RetriableDatanodeEventWatcher (RetriableDatanodeEventWatcher.java:onTimeout(47)) - RetriableDatanodeCommand type=deleteBlocksCommand with id=1560433858481 timed out. Retrying.
2019-06-13 13:51:08,388 INFO  commands.RetriableDatanodeEventWatcher (RetriableDatanodeEventWatcher.java:onTimeout(47)) - RetriableDatanodeCommand type=deleteBlocksCommand with id=1560433858540 timed out. Retrying.
2019-06-13 13:51:08,391 INFO  commands.RetriableDatanodeEventWatcher (RetriableDatanodeEventWatcher.java:onTimeout(47)) - RetriableDatanodeCommand type=deleteBlocksCommand with id=1560433858550 timed out. Retrying.
2019-06-13 13:51:08,414 DEBUG block.SCMBlockDeletingService (SCMBlockDeletingService.java:call(138)) - Running DeletedBlockTransactionScanner
2019-06-13 13:51:08,414 DEBUG block.SCMBlockDeletingService (SCMBlockDeletingService.java:call(155)) - Scanned deleted blocks log and got 3 delTX to process.
2019-06-13 13:51:08,414 DEBUG block.SCMBlockDeletingService (SCMBlockDeletingService.java:call(171)) - Added delete block command for datanode 5d71e5de-6d45-4480-a1f1-d41cc2d38630 in the queue, number of delete block transactions: 3, TxID list: 1,2,3
2019-06-13 13:51:08,415 INFO  block.SCMBlockDeletingService (SCMBlockDeletingService.java:call(182)) - Totally added 3 delete blocks command for 1 datanodes, task elapsed time: 1ms
2019-06-13 13:51:08,418 INFO  commands.RetriableDatanodeEventWatcher (RetriableDatanodeEventWatcher.java:onTimeout(47)) - RetriableDatanodeCommand type=deleteBlocksCommand with id=1560433858521 timed out. Retrying.
2019-06-13 13:51:08,418 INFO  commands.RetriableDatanodeEventWatcher (RetriableDatanodeEventWatcher.java:onTimeout(47)) - RetriableDatanodeCommand type=deleteBlocksCommand with id=1560433858501 timed out. Retrying.
2019-06-13 13:51:08,418 INFO  commands.RetriableDatanodeEventWatcher (RetriableDatanodeEventWatcher.java:onTimeout(47)) - RetriableDatanodeCommand type=deleteBlocksCommand with id=1560433858491 timed out. Retrying.
2019-06-13 13:51:08,420 INFO  commands.RetriableDatanodeEventWatcher (RetriableDatanodeEventWatcher.java:onTimeout(47)) - RetriableDatanodeCommand type=deleteBlocksCommand with id=1560433858511 timed out. Retrying.
2019-06-13 13:51:08,468 INFO  commands.RetriableDatanodeEventWatcher (RetriableDatanodeEventWatcher.java:onTimeout(47)) - RetriableDatanodeCommand type=deleteBlocksCommand with id=1560433858462 timed out. Retrying.
2019-06-13 13:51:08,472 INFO  commands.RetriableDatanodeEventWatcher (RetriableDatanodeEventWatcher.java:onTimeout(47)) - RetriableDatanodeCommand type=deleteBlocksCommand with id=1560433858472 timed out. Retrying.
2019-06-13 13:51:08,475 INFO  storage.RaftStorage (RaftStorage.java:format(75)) - Storage directory /opt/src/hadoop-ozone/integration-test/target/test-dir/MiniOzoneClusterImpl-c05bfa39-b333-4767-bc96-5a78f3430938/datanode-0/data/ratis/ed139c2e-57e0-4c44-b74a-14f391a00776 has been successfully formatted.
2019-06-13 13:51:08,476 INFO  ratis.ContainerStateMachine (ContainerStateMachine.java:loadSnapshot(199)) - The snapshot info is null.Setting the last applied index to:(t:0, i:~)
2019-06-13 13:51:08,476 INFO  server.RaftServerConfigKeys (ConfUtils.java:logGet(43)) - raft.server.leader.election.timeout = 120s (custom)
2019-06-13 13:51:08,476 INFO  server.RaftServerConfigKeys (ConfUtils.java:logGet(43)) - raft.server.log.use.memory = false (default)
2019-06-13 13:51:08,476 INFO  server.RaftServerConfigKeys (ConfUtils.java:logGet(43)) - raft.server.log.appender.buffer.byte-limit = 33554432 (custom)
2019-06-13 13:51:08,476 INFO  server.RaftServerConfigKeys (ConfUtils.java:logGet(43)) - raft.server.log.segment.size.max = 16384 (custom)
2019-06-13 13:51:08,476 INFO  server.RaftServerConfigKeys (ConfUtils.java:logGet(43)) - raft.server.log.segment.cache.num.max = 2 (custom)
2019-06-13 13:51:08,476 INFO  storage.RaftLogWorker (RaftLogWorker.java:<init>(123)) - new 5d71e5de-6d45-4480-a1f1-d41cc2d38630-RaftLogWorker for Storage Directory /opt/src/hadoop-ozone/integration-test/target/test-dir/MiniOzoneClusterImpl-c05bfa39-b333-4767-bc96-5a78f3430938/datanode-0/data/ratis/ed139c2e-57e0-4c44-b74a-14f391a00776
2019-06-13 13:51:08,476 INFO  server.RaftServerConfigKeys (ConfUtils.java:logGet(43)) - raft.server.log.queue.byte-limit = 2147483647 (custom)
2019-06-13 13:51:08,476 INFO  server.RaftServerConfigKeys (ConfUtils.java:logGet(43)) - raft.server.log.queue.element-limit = 1024 (custom)
2019-06-13 13:51:08,476 INFO  server.RaftServerConfigKeys (ConfUtils.java:logGet(43)) - raft.server.log.segment.size.max = 16384 (custom)
2019-06-13 13:51:08,477 INFO  server.RaftServerConfigKeys (ConfUtils.java:logGet(43)) - raft.server.log.preallocated.size = 16384 (custom)
2019-06-13 13:51:08,477 INFO  server.RaftServerConfigKeys (ConfUtils.java:logGet(43)) - raft.server.log.write.buffer.size = 33554432 (custom)
2019-06-13 13:51:08,477 INFO  server.RaftServerConfigKeys (ConfUtils.java:logGet(43)) - raft.server.log.force.sync.num = 128 (default)
2019-06-13 13:51:08,477 INFO  server.RaftServerConfigKeys (ConfUtils.java:logGet(43)) - raft.server.log.statemachine.data.sync = true (default)
2019-06-13 13:51:08,477 INFO  server.RaftServerConfigKeys (ConfUtils.java:logGet(43)) - raft.server.log.statemachine.data.sync.timeout = 10s (default)
2019-06-13 13:51:08,477 INFO  server.RaftServerConfigKeys (ConfUtils.java:logGet(43)) - raft.server.log.statemachine.data.sync.timeout.retry = -1 (default)
2019-06-13 13:51:08,477 INFO  server.RaftServerConfigKeys (ConfUtils.java:logGet(43)) - raft.server.log.statemachine.data.caching.enabled = true (custom)
2019-06-13 13:51:08,477 INFO  server.RaftServerConfigKeys (ConfUtils.java:logGet(43)) - raft.server.snapshot.auto.trigger.enabled = true (custom)
2019-06-13 13:51:08,477 INFO  server.RaftServerConfigKeys (ConfUtils.java:logGet(43)) - raft.server.snapshot.auto.trigger.threshold = 10000 (custom)
2019-06-13 13:51:08,478 INFO  server.RaftServerConfigKeys (ConfUtils.java:logGet(43)) - raft.server.retrycache.expirytime = 600000ms (custom)
2019-06-13 13:51:08,478 INFO  impl.RaftServerImpl (RaftServerImpl.java:start(173)) - 5d71e5de-6d45-4480-a1f1-d41cc2d38630: start group-14F391A00776
2019-06-13 13:51:08,478 INFO  impl.RaftServerImpl (RaftServerImpl.java:setRole(164)) - 5d71e5de-6d45-4480-a1f1-d41cc2d38630:group-14F391A00776 changes role from null to FOLLOWER at term 0 for startAsFollower
2019-06-13 13:51:08,478 INFO  impl.RoleInfo (RoleInfo.java:updateAndGet(143)) - 5d71e5de-6d45-4480-a1f1-d41cc2d38630: start FollowerState
2019-06-13 13:51:08,478 INFO  util.JmxRegister (JmxRegister.java:tryRegister(44)) - Successfully registered JMX Bean with object name Ratis:service=RaftServer,group=group-14F391A00776,id=5d71e5de-6d45-4480-a1f1-d41cc2d38630
2019-06-13 13:51:08,479 INFO  commands.RetriableDatanodeEventWatcher (RetriableDatanodeEventWatcher.java:onTimeout(47)) - RetriableDatanodeCommand type=deleteBlocksCommand with id=1560433858531 timed out. Retrying.
2019-06-13 13:51:08,488 INFO  pipeline.PipelineStateManager (PipelineStateManager.java:addPipeline(56)) - Created pipeline Pipeline[ Id: ed139c2e-57e0-4c44-b74a-14f391a00776, Nodes: 5d71e5de-6d45-4480-a1f1-d41cc2d38630{ip: 192.168.46.37, host: ozone-s9v57-3710753675, networkLocation: /default-rack, certSerialId: null}, Type:RATIS, Factor:ONE, State:OPEN]
2019-06-13 13:51:08,490 INFO  commands.RetriableDatanodeEventWatcher (RetriableDatanodeEventWatcher.java:onTimeout(47)) - RetriableDatanodeCommand type=deleteBlocksCommand with id=1560433858482 timed out. Retrying.
2019-06-13 13:51:08,491 INFO  commands.RetriableDatanodeEventWatcher (RetriableDatanodeEventWatcher.java:onTimeout(47)) - RetriableDatanodeCommand type=deleteBlocksCommand with id=1560433858492 timed out. Retrying.
2019-06-13 13:51:08,491 INFO  commands.RetriableDatanodeEventWatcher (RetriableDatanodeEventWatcher.java:onTimeout(47)) - RetriableDatanodeCommand type=deleteBlocksCommand with id=1560433858551 timed out. Retrying.
2019-06-13 13:51:08,492 INFO  commands.RetriableDatanodeEventWatcher (RetriableDatanodeEventWatcher.java:onTimeout(47)) - RetriableDatanodeCommand type=deleteBlocksCommand with id=1560433858541 timed out. Retrying.
2019-06-13 13:51:08,499 INFO  commands.RetriableDatanodeEventWatcher (RetriableDatanodeEventWatcher.java:onTimeout(47)) - RetriableDatanodeCommand type=deleteBlocksCommand with id=1560433858502 timed out. Retrying.
2019-06-13 13:51:08,505 INFO  commands.RetriableDatanodeEventWatcher (RetriableDatanodeEventWatcher.java:onTimeout(47)) - RetriableDatanodeCommand type=deleteBlocksCommand with id=1560433858512 timed out. Retrying.
2019-06-13 13:51:08,513 INFO  commands.RetriableDatanodeEventWatcher (RetriableDatanodeEventWatcher.java:onTimeout(47)) - RetriableDatanodeCommand type=deleteBlocksCommand with id=1560433858522 timed out. Retrying.
2019-06-13 13:51:08,515 DEBUG block.SCMBlockDeletingService (SCMBlockDeletingService.java:call(138)) - Running DeletedBlockTransactionScanner
2019-06-13 13:51:08,515 DEBUG block.SCMBlockDeletingService (SCMBlockDeletingService.java:call(155)) - Scanned deleted blocks log and got 3 delTX to process.
2019-06-13 13:51:08,515 DEBUG block.SCMBlockDeletingService (SCMBlockDeletingService.java:call(171)) - Added delete block command for datanode 5d71e5de-6d45-4480-a1f1-d41cc2d38630 in the queue, number of delete block transactions: 3, TxID list: 1,2,3
2019-06-13 13:51:08,516 INFO  block.SCMBlockDeletingService (SCMBlockDeletingService.java:call(182)) - Totally added 3 delete blocks command for 1 datanodes, task elapsed time: 1ms
2019-06-13 13:51:08,565 INFO  commands.RetriableDatanodeEventWatcher (RetriableDatanodeEventWatcher.java:onTimeout(47)) - RetriableDatanodeCommand type=deleteBlocksCommand with id=1560433858463 timed out. Retrying.
2019-06-13 13:51:08,574 INFO  commands.RetriableDatanodeEventWatcher (RetriableDatanodeEventWatcher.java:onTimeout(47)) - RetriableDatanodeCommand type=deleteBlocksCommand with id=1560433858473 timed out. Retrying.
2019-06-13 13:51:08,578 INFO  commands.RetriableDatanodeEventWatcher (RetriableDatanodeEventWatcher.java:onTimeout(47)) - RetriableDatanodeCommand type=deleteBlocksCommand with id=1560433858532 timed out. Retrying.
2019-06-13 13:51:08,590 INFO  commands.RetriableDatanodeEventWatcher (RetriableDatanodeEventWatcher.java:onTimeout(47)) - RetriableDatanodeCommand type=deleteBlocksCommand with id=1560433858542 timed out. Retrying.
2019-06-13 13:51:08,590 INFO  commands.RetriableDatanodeEventWatcher (RetriableDatanodeEventWatcher.java:onTimeout(47)) - RetriableDatanodeCommand type=deleteBlocksCommand with id=1560433858493 timed out. Retrying.
2019-06-13 13:51:08,590 INFO  commands.RetriableDatanodeEventWatcher (RetriableDatanodeEventWatcher.java:onTimeout(47)) - RetriableDatanodeCommand type=deleteBlocksCommand with id=1560433858483 timed out. Retrying.
2019-06-13 13:51:08,592 INFO  commands.RetriableDatanodeEventWatcher (RetriableDatanodeEventWatcher.java:onTimeout(47)) - RetriableDatanodeCommand type=deleteBlocksCommand with id=1560433858552 timed out. Retrying.
2019-06-13 13:51:08,598 INFO  commands.RetriableDatanodeEventWatcher (RetriableDatanodeEventWatcher.java:onTimeout(47)) - RetriableDatanodeCommand type=deleteBlocksCommand with id=1560433858503 timed out. Retrying.
2019-06-13 13:51:08,606 INFO  commands.RetriableDatanodeEventWatcher (RetriableDatanodeEventWatcher.java:onTimeout(47)) - RetriableDatanodeCommand type=deleteBlocksCommand with id=1560433858513 timed out. Retrying.
2019-06-13 13:51:08,614 INFO  commands.RetriableDatanodeEventWatcher (RetriableDatanodeEventWatcher.java:onTimeout(47)) - RetriableDatanodeCommand type=deleteBlocksCommand with id=1560433858523 timed out. Retrying.
2019-06-13 13:51:08,616 DEBUG block.SCMBlockDeletingService (SCMBlockDeletingService.java:call(138)) - Running DeletedBlockTransactionScanner
2019-06-13 13:51:08,616 DEBUG block.SCMBlockDeletingService (SCMBlockDeletingService.java:call(155)) - Scanned deleted blocks log and got 3 delTX to process.
2019-06-13 13:51:08,616 DEBUG block.SCMBlockDeletingService (SCMBlockDeletingService.java:call(171)) - Added delete block command for datanode 5d71e5de-6d45-4480-a1f1-d41cc2d38630 in the queue, number of delete block transactions: 3, TxID list: 1,2,3
2019-06-13 13:51:08,617 INFO  block.SCMBlockDeletingService (SCMBlockDeletingService.java:call(182)) - Totally added 3 delete blocks command for 1 datanodes, task elapsed time: 1ms
2019-06-13 13:51:08,667 INFO  commands.RetriableDatanodeEventWatcher (RetriableDatanodeEventWatcher.java:onTimeout(47)) - RetriableDatanodeCommand type=deleteBlocksCommand with id=1560433858464 timed out. Retrying.
2019-06-13 13:51:08,673 INFO  commands.RetriableDatanodeEventWatcher (RetriableDatanodeEventWatcher.java:onTimeout(47)) - RetriableDatanodeCommand type=deleteBlocksCommand with id=1560433858474 timed out. Retrying.
2019-06-13 13:51:08,679 INFO  commands.RetriableDatanodeEventWatcher (RetriableDatanodeEventWatcher.java:onTimeout(47)) - RetriableDatanodeCommand type=deleteBlocksCommand with id=1560433858533 timed out. Retrying.
2019-06-13 13:51:08,685 INFO  commands.RetriableDatanodeEventWatcher (RetriableDatanodeEventWatcher.java:onTimeout(47)) - RetriableDatanodeCommand type=deleteBlocksCommand with id=1560433858543 timed out. Retrying.
2019-06-13 13:51:08,685 INFO  commands.RetriableDatanodeEventWatcher (RetriableDatanodeEventWatcher.java:onTimeout(47)) - RetriableDatanodeCommand type=deleteBlocksCommand with id=1560433858484 timed out. Retrying.
2019-06-13 13:51:08,691 INFO  commands.RetriableDatanodeEventWatcher (RetriableDatanodeEventWatcher.java:onTimeout(47)) - RetriableDatanodeCommand type=deleteBlocksCommand with id=1560433858494 timed out. Retrying.
2019-06-13 13:51:08,693 INFO  commands.RetriableDatanodeEventWatcher (RetriableDatanodeEventWatcher.java:onTimeout(47)) - RetriableDatanodeCommand type=deleteBlocksCommand with id=1560433858553 timed out. Retrying.
2019-06-13 13:51:08,701 INFO  commands.RetriableDatanodeEventWatcher (RetriableDatanodeEventWatcher.java:onTimeout(47)) - RetriableDatanodeCommand type=deleteBlocksCommand with id=1560433858504 timed out. Retrying.
2019-06-13 13:51:08,706 INFO  commands.RetriableDatanodeEventWatcher (RetriableDatanodeEventWatcher.java:onTimeout(47)) - RetriableDatanodeCommand type=deleteBlocksCommand with id=1560433858514 timed out. Retrying.
2019-06-13 13:51:08,714 INFO  commands.RetriableDatanodeEventWatcher (RetriableDatanodeEventWatcher.java:onTimeout(47)) - RetriableDatanodeCommand type=deleteBlocksCommand with id=1560433858524 timed out. Retrying.
2019-06-13 13:51:08,717 DEBUG block.SCMBlockDeletingService (SCMBlockDeletingService.java:call(138)) - Running DeletedBlockTransactionScanner
2019-06-13 13:51:08,717 DEBUG block.SCMBlockDeletingService (SCMBlockDeletingService.java:call(155)) - Scanned deleted blocks log and got 3 delTX to process.
2019-06-13 13:51:08,717 DEBUG block.SCMBlockDeletingService (SCMBlockDeletingService.java:call(171)) - Added delete block command for datanode 5d71e5de-6d45-4480-a1f1-d41cc2d38630 in the queue, number of delete block transactions: 3, TxID list: 1,2,3
2019-06-13 13:51:08,718 INFO  block.SCMBlockDeletingService (SCMBlockDeletingService.java:call(182)) - Totally added 3 delete blocks command for 1 datanodes, task elapsed time: 1ms
2019-06-13 13:51:08,767 INFO  commands.RetriableDatanodeEventWatcher (RetriableDatanodeEventWatcher.java:onTimeout(47)) - RetriableDatanodeCommand type=deleteBlocksCommand with id=1560433858465 timed out. Retrying.
2019-06-13 13:51:08,778 INFO  commands.RetriableDatanodeEventWatcher (RetriableDatanodeEventWatcher.java:onTimeout(47)) - RetriableDatanodeCommand type=deleteBlocksCommand with id=1560433858475 timed out. Retrying.
2019-06-13 13:51:08,780 INFO  commands.RetriableDatanodeEventWatcher (RetriableDatanodeEventWatcher.java:onTimeout(47)) - RetriableDatanodeCommand type=deleteBlocksCommand with id=1560433858534 timed out. Retrying.
2019-06-13 13:51:08,786 INFO  commands.RetriableDatanodeEventWatcher (RetriableDatanodeEventWatcher.java:onTimeout(47)) - RetriableDatanodeCommand type=deleteBlocksCommand with id=1560433858485 timed out. Retrying.
2019-06-13 13:51:08,788 INFO  commands.RetriableDatanodeEventWatcher (RetriableDatanodeEventWatcher.java:onTimeout(47)) - RetriableDatanodeCommand type=deleteBlocksCommand with id=1560433858544 timed out. Retrying.
2019-06-13 13:51:08,789 WARN  ipc.Server (Server.java:setupResponse(2950)) - Large response size 2886370 for call Call#1833 Retry#0 org.apache.hadoop.ozone.protocol.StorageContainerDatanodeProtocol.sendHeartbeat from 192.168.46.37:60336
2019-06-13 13:51:08,791 INFO  commands.RetriableDatanodeEventWatcher (RetriableDatanodeEventWatcher.java:onTimeout(47)) - RetriableDatanodeCommand type=deleteBlocksCommand with id=1560433858495 timed out. Retrying.
2019-06-13 13:51:08,793 INFO  commands.RetriableDatanodeEventWatcher (RetriableDatanodeEventWatcher.java:onTimeout(47)) - RetriableDatanodeCommand type=deleteBlocksCommand with id=1560433858554 timed out. Retrying.
2019-06-13 13:51:08,802 INFO  commands.RetriableDatanodeEventWatcher (RetriableDatanodeEventWatcher.java:onTimeout(47)) - RetriableDatanodeCommand type=deleteBlocksCommand with id=1560433858505 timed out. Retrying.
2019-06-13 13:51:08,807 INFO  commands.RetriableDatanodeEventWatcher (RetriableDatanodeEventWatcher.java:onTimeout(47)) - RetriableDatanodeCommand type=deleteBlocksCommand with id=1560433858515 timed out. Retrying.
2019-06-13 13:51:08,815 INFO  commands.RetriableDatanodeEventWatcher (RetriableDatanodeEventWatcher.java:onTimeout(47)) - RetriableDatanodeCommand type=deleteBlocksCommand with id=1560433858525 timed out. Retrying.
2019-06-13 13:51:08,817 INFO  block.SCMBlockDeletingService (SCMBlockDeletingService.java:handlePendingDeletes(115)) - Block deletion txnID mismatch in datanode 5d71e5de-6d45-4480-a1f1-d41cc2d38630 for containerID 1. Datanode delete txnID: 0, SCM txnID: 1
2019-06-13 13:51:08,817 INFO  block.SCMBlockDeletingService (SCMBlockDeletingService.java:handlePendingDeletes(115)) - Block deletion txnID mismatch in datanode 5d71e5de-6d45-4480-a1f1-d41cc2d38630 for containerID 2. Datanode delete txnID: 0, SCM txnID: 2
2019-06-13 13:51:08,817 INFO  block.SCMBlockDeletingService (SCMBlockDeletingService.java:handlePendingDeletes(115)) - Block deletion txnID mismatch in datanode 5d71e5de-6d45-4480-a1f1-d41cc2d38630 for containerID 3. Datanode delete txnID: 0, SCM txnID: 3
2019-06-13 13:51:08,818 DEBUG block.SCMBlockDeletingService (SCMBlockDeletingService.java:call(138)) - Running DeletedBlockTransactionScanner
2019-06-13 13:51:08,818 DEBUG block.SCMBlockDeletingService (SCMBlockDeletingService.java:call(155)) - Scanned deleted blocks log and got 3 delTX to process.
2019-06-13 13:51:08,818 DEBUG block.SCMBlockDeletingService (SCMBlockDeletingService.java:call(171)) - Added delete block command for datanode 5d71e5de-6d45-4480-a1f1-d41cc2d38630 in the queue, number of delete block transactions: 3, TxID list: 1,2,3
2019-06-13 13:51:08,819 INFO  block.SCMBlockDeletingService (SCMBlockDeletingService.java:call(182)) - Totally added 3 delete blocks command for 1 datanodes, task elapsed time: 1ms
2019-06-13 13:51:08,867 INFO  commands.RetriableDatanodeEventWatcher (RetriableDatanodeEventWatcher.java:onTimeout(47)) - RetriableDatanodeCommand type=deleteBlocksCommand with id=1560433858466 timed out. Retrying.
2019-06-13 13:51:08,881 INFO  commands.RetriableDatanodeEventWatcher (RetriableDatanodeEventWatcher.java:onTimeout(47)) - RetriableDatanodeCommand type=deleteBlocksCommand with id=1560433858476 timed out. Retrying.
2019-06-13 13:51:08,889 INFO  commands.RetriableDatanodeEventWatcher (RetriableDatanodeEventWatcher.java:onTimeout(47)) - RetriableDatanodeCommand type=deleteBlocksCommand with id=1560433858486 timed out. Retrying.
2019-06-13 13:51:08,891 INFO  commands.RetriableDatanodeEventWatcher (RetriableDatanodeEventWatcher.java:onTimeout(47)) - RetriableDatanodeCommand type=deleteBlocksCommand with id=1560433858535 timed out. Retrying.
2019-06-13 13:51:08,892 INFO  commands.RetriableDatanodeEventWatcher (RetriableDatanodeEventWatcher.java:onTimeout(47)) - RetriableDatanodeCommand type=deleteBlocksCommand with id=1560433858545 timed out. Retrying.
2019-06-13 13:51:08,893 INFO  commands.RetriableDatanodeEventWatcher (RetriableDatanodeEventWatcher.java:onTimeout(47)) - RetriableDatanodeCommand type=deleteBlocksCommand with id=1560433858555 timed out. Retrying.
2019-06-13 13:51:08,895 INFO  commands.RetriableDatanodeEventWatcher (RetriableDatanodeEventWatcher.java:onTimeout(47)) - RetriableDatanodeCommand type=deleteBlocksCommand with id=1560433858496 timed out. Retrying.
2019-06-13 13:51:08,900 INFO  commands.RetriableDatanodeEventWatcher (RetriableDatanodeEventWatcher.java:onTimeout(47)) - RetriableDatanodeCommand type=deleteBlocksCommand with id=1560433858506 timed out. Retrying.
2019-06-13 13:51:08,908 INFO  commands.RetriableDatanodeEventWatcher (RetriableDatanodeEventWatcher.java:onTimeout(47)) - RetriableDatanodeCommand type=deleteBlocksCommand with id=1560433858516 timed out. Retrying.
2019-06-13 13:51:08,917 INFO  commands.RetriableDatanodeEventWatcher (RetriableDatanodeEventWatcher.java:onTimeout(47)) - RetriableDatanodeCommand type=deleteBlocksCommand with id=1560433858526 timed out. Retrying.
2019-06-13 13:51:08,919 DEBUG block.SCMBlockDeletingService (SCMBlockDeletingService.java:call(138)) - Running DeletedBlockTransactionScanner
2019-06-13 13:51:08,919 DEBUG block.SCMBlockDeletingService (SCMBlockDeletingService.java:call(155)) - Scanned deleted blocks log and got 3 delTX to process.
2019-06-13 13:51:08,920 DEBUG block.SCMBlockDeletingService (SCMBlockDeletingService.java:call(171)) - Added delete block command for datanode 5d71e5de-6d45-4480-a1f1-d41cc2d38630 in the queue, number of delete block transactions: 3, TxID list: 1,2,3
2019-06-13 13:51:08,920 INFO  block.SCMBlockDeletingService (SCMBlockDeletingService.java:call(182)) - Totally added 3 delete blocks command for 1 datanodes, task elapsed time: 1ms
2019-06-13 13:51:08,969 INFO  commands.RetriableDatanodeEventWatcher (RetriableDatanodeEventWatcher.java:onTimeout(47)) - RetriableDatanodeCommand type=deleteBlocksCommand with id=1560433858467 timed out. Retrying.
2019-06-13 13:51:08,976 INFO  commands.RetriableDatanodeEventWatcher (RetriableDatanodeEventWatcher.java:onTimeout(47)) - RetriableDatanodeCommand type=deleteBlocksCommand with id=1560433858477 timed out. Retrying.
2019-06-13 13:51:08,981 INFO  commands.RetriableDatanodeEventWatcher (RetriableDatanodeEventWatcher.java:onTimeout(47)) - RetriableDatanodeCommand type=deleteBlocksCommand with id=1560433858536 timed out. Retrying.
2019-06-13 13:51:08,985 INFO  commands.RetriableDatanodeEventWatcher (RetriableDatanodeEventWatcher.java:onTimeout(47)) - RetriableDatanodeCommand type=deleteBlocksCommand with id=1560433858487 timed out. Retrying.
2019-06-13 13:51:08,988 INFO  commands.RetriableDatanodeEventWatcher (RetriableDatanodeEventWatcher.java:onTimeout(47)) - RetriableDatanodeCommand type=deleteBlocksCommand with id=1560433858546 timed out. Retrying.
2019-06-13 13:51:08,994 INFO  commands.RetriableDatanodeEventWatcher (RetriableDatanodeEventWatcher.java:onTimeout(47)) - RetriableDatanodeCommand type=deleteBlocksCommand with id=1560433858497 timed out. Retrying.
2019-06-13 13:51:08,995 INFO  commands.RetriableDatanodeEventWatcher (RetriableDatanodeEventWatcher.java:onTimeout(47)) - RetriableDatanodeCommand type=deleteBlocksCommand with id=1560433858556 timed out. Retrying.
2019-06-13 13:51:09,000 INFO  commands.RetriableDatanodeEventWatcher (RetriableDatanodeEventWatcher.java:onTimeout(47)) - RetriableDatanodeCommand type=deleteBlocksCommand with id=1560433858507 timed out. Retrying.
2019-06-13 13:51:09,008 INFO  commands.RetriableDatanodeEventWatcher (RetriableDatanodeEventWatcher.java:onTimeout(47)) - RetriableDatanodeCommand type=deleteBlocksCommand with id=1560433858517 timed out. Retrying.
2019-06-13 13:51:09,017 INFO  commands.RetriableDatanodeEventWatcher (RetriableDatanodeEventWatcher.java:onTimeout(47)) - RetriableDatanodeCommand type=deleteBlocksCommand with id=1560433858527 timed out. Retrying.
2019-06-13 13:51:09,020 DEBUG block.SCMBlockDeletingService (SCMBlockDeletingService.java:call(138)) - Running DeletedBlockTransactionScanner
2019-06-13 13:51:09,020 DEBUG block.SCMBlockDeletingService (SCMBlockDeletingService.java:call(155)) - Scanned deleted blocks log and got 3 delTX to process.
2019-06-13 13:51:09,020 DEBUG block.SCMBlockDeletingService (SCMBlockDeletingService.java:call(171)) - Added delete block command for datanode 5d71e5de-6d45-4480-a1f1-d41cc2d38630 in the queue, number of delete block transactions: 3, TxID list: 1,2,3
2019-06-13 13:51:09,021 INFO  block.SCMBlockDeletingService (SCMBlockDeletingService.java:call(182)) - Totally added 3 delete blocks command for 1 datanodes, task elapsed time: 1ms
2019-06-13 13:51:09,071 INFO  commands.RetriableDatanodeEventWatcher (RetriableDatanodeEventWatcher.java:onTimeout(47)) - RetriableDatanodeCommand type=deleteBlocksCommand with id=1560433858468 timed out. Retrying.
2019-06-13 13:51:09,078 INFO  commands.RetriableDatanodeEventWatcher (RetriableDatanodeEventWatcher.java:onTimeout(47)) - RetriableDatanodeCommand type=deleteBlocksCommand with id=1560433858478 timed out. Retrying.
2019-06-13 13:51:09,083 INFO  commands.RetriableDatanodeEventWatcher (RetriableDatanodeEventWatcher.java:onTimeout(47)) - RetriableDatanodeCommand type=deleteBlocksCommand with id=1560433858537 timed out. Retrying.
2019-06-13 13:51:09,085 INFO  commands.RetriableDatanodeEventWatcher (RetriableDatanodeEventWatcher.java:onTimeout(47)) - RetriableDatanodeCommand type=deleteBlocksCommand with id=1560433858488 timed out. Retrying.
2019-06-13 13:51:09,090 INFO  commands.RetriableDatanodeEventWatcher (RetriableDatanodeEventWatcher.java:onTimeout(47)) - RetriableDatanodeCommand type=deleteBlocksCommand with id=1560433858547 timed out. Retrying.
2019-06-13 13:51:09,096 INFO  commands.RetriableDatanodeEventWatcher (RetriableDatanodeEventWatcher.java:onTimeout(47)) - RetriableDatanodeCommand type=deleteBlocksCommand with id=1560433858557 timed out. Retrying.
2019-06-13 13:51:09,096 INFO  commands.RetriableDatanodeEventWatcher (RetriableDatanodeEventWatcher.java:onTimeout(47)) - RetriableDatanodeCommand type=deleteBlocksCommand with id=1560433858498 timed out. Retrying.
2019-06-13 13:51:09,103 INFO  commands.RetriableDatanodeEventWatcher (RetriableDatanodeEventWatcher.java:onTimeout(47)) - RetriableDatanodeCommand type=deleteBlocksCommand with id=1560433858508 timed out. Retrying.
2019-06-13 13:51:09,109 INFO  commands.RetriableDatanodeEventWatcher (RetriableDatanodeEventWatcher.java:onTimeout(47)) - RetriableDatanodeCommand type=deleteBlocksCommand with id=1560433858518 timed out. Retrying.
2019-06-13 13:51:09,118 INFO  commands.RetriableDatanodeEventWatcher (RetriableDatanodeEventWatcher.java:onTimeout(47)) - RetriableDatanodeCommand type=deleteBlocksCommand with id=1560433858528 timed out. Retrying.
2019-06-13 13:51:09,121 DEBUG block.SCMBlockDeletingService (SCMBlockDeletingService.java:call(138)) - Running DeletedBlockTransactionScanner
2019-06-13 13:51:09,121 DEBUG block.SCMBlockDeletingService (SCMBlockDeletingService.java:call(155)) - Scanned deleted blocks log and got 3 delTX to process.
2019-06-13 13:51:09,121 DEBUG block.SCMBlockDeletingService (SCMBlockDeletingService.java:call(171)) - Added delete block command for datanode 5d71e5de-6d45-4480-a1f1-d41cc2d38630 in the queue, number of delete block transactions: 3, TxID list: 1,2,3
2019-06-13 13:51:09,121 INFO  block.SCMBlockDeletingService (SCMBlockDeletingService.java:call(182)) - Totally added 3 delete blocks command for 1 datanodes, task elapsed time: 0ms
2019-06-13 13:51:09,170 INFO  commands.RetriableDatanodeEventWatcher (RetriableDatanodeEventWatcher.java:onTimeout(47)) - RetriableDatanodeCommand type=deleteBlocksCommand with id=1560433858469 timed out. Retrying.
2019-06-13 13:51:09,182 INFO  block.SCMBlockDeletingService (SCMBlockDeletingService.java:handlePendingDeletes(115)) - Block deletion txnID mismatch in datanode 5d71e5de-6d45-4480-a1f1-d41cc2d38630 for containerID 1. Datanode delete txnID: 0, SCM txnID: 1
2019-06-13 13:51:09,183 INFO  block.SCMBlockDeletingService (SCMBlockDeletingService.java:handlePendingDeletes(115)) - Block deletion txnID mismatch in datanode 5d71e5de-6d45-4480-a1f1-d41cc2d38630 for containerID 2. Datanode delete txnID: 0, SCM txnID: 2
2019-06-13 13:51:09,183 INFO  block.SCMBlockDeletingService (SCMBlockDeletingService.java:handlePendingDeletes(115)) - Block deletion txnID mismatch in datanode 5d71e5de-6d45-4480-a1f1-d41cc2d38630 for containerID 3. Datanode delete txnID: 0, SCM txnID: 3
2019-06-13 13:51:09,183 INFO  ozone.MiniOzoneClusterImpl (MiniOzoneClusterImpl.java:lambda$waitForClusterToBeReady$0(142)) - Cluster is ready. Got 1 of 1 DN Heartbeats.
2019-06-13 13:51:09,183 INFO  commands.RetriableDatanodeEventWatcher (RetriableDatanodeEventWatcher.java:onTimeout(47)) - RetriableDatanodeCommand type=deleteBlocksCommand with id=1560433858538 timed out. Retrying.
commandhandler.DeleteBlocksCommandHandler (DeleteBlocksCommandHandler.java:2019-06-13 13:51:09,185 INFO  commands.RetriableDatanodeEventWatcher (handle(106)) - Start to delete container blocks, TXIDs=[1(0),2(0),3(0)], numOfContainers=3, numOfBlocks=553
2019-06-13 13:51:09,185 INFO  commands.RetriableDatanodeEventWatcher (RetriableDatanodeEventWatcher.java:onTimeout(47)) - RetriableDatanodeCommand type=deleteBlocksCommand with id=1560433858479 timed out. Retrying.
2019-06-13 13:51:09,187 INFO  commands.RetriableDatanodeEventWatcher (RetriableDatanodeEventWatcher.java:onTimeout(47)) - RetriableDatanodeCommand type=deleteBlocksCommand with id=1560433858489 timed out. Retrying.
2019-06-13 13:51:09,189 INFO  commands.RetriableDatanodeEventWatcher (RetriableDatanodeEventWatcher.java:onTimeout(47)) - RetriableDatanodeCommand type=deleteBlocksCommand with id=1560433858548 timed out. Retrying.
2019-06-13 13:51:09,197 INFO  commands.RetriableDatanodeEventWatcher (RetriableDatanodeEventWatcher.java:onTimeout(47)) - RetriableDatanodeCommand type=deleteBlocksCommand with id=1560433858558 timed out. Retrying.
2019-06-13 13:51:09,197 INFO  commands.RetriableDatanodeEventWatcher (RetriableDatanodeEventWatcher.java:onTimeout(47)) - RetriableDatanodeCommand type=deleteBlocksCommand with id=1560433858499 timed out. Retrying.
2019-06-13 13:51:09,203 INFO  commands.RetriableDatanodeEventWatcher (RetriableDatanodeEventWatcher.java:onTimeout(47)) - RetriableDatanodeCommand type=deleteBlocksCommand with id=1560433858509 timed out. Retrying.
2019-06-13 13:51:09,207 INFO  commandhandler.DeleteBlocksCommandHandler (DeleteBlocksCommandHandler.java:handle(106)) - Start to delete container blocks, TXIDs=[1(0),2(0),3(0)], numOfContainers=3, numOfBlocks=553
2019-06-13 13:51:09,208 INFO  commandhandler.DeleteBlocksCommandHandler (DeleteBlocksCommandHandler.java:handle(106)) - Start to delete container blocks, TXIDs=[1(0),2(0),3(0)], numOfContainers=3, numOfBlocks=553
2019-06-13 13:51:09,209 INFO  commandhandler.DeleteBlocksCommandHandler (DeleteBlocksCommandHandler.java:handle(106)) - Start to delete container blocks, TXIDs=[1(0),2(0),3(0)], numOfContainers=3, numOfBlocks=553
2019-06-13 13:51:09,210 INFO  commands.RetriableDatanodeEventWatcher (RetriableDatanodeEventWatcher.java:onTimeout(47)) - RetriableDatanodeCommand type=deleteBlocksCommand with id=1560433858519 timed out. Retrying.
2019-06-13 13:51:09,210 INFO  commandhandler.DeleteBlocksCommandHandler (DeleteBlocksCommandHandler.java:handle(106)) - Start to delete container blocks, TXIDs=[1(0),2(0),3(0)], numOfContainers=3, numOfBlocks=553
2019-06-13 13:51:09,211 INFO  commandhandler.DeleteBlocksCommandHandler (DeleteBlocksCommandHandler.java:handle(106)) - Start to delete container blocks, TXIDs=[1(0),2(0),3(0)], numOfContainers=3, numOfBlocks=553
2019-06-13 13:51:09,212 INFO  commandhandler.DeleteBlocksCommandHandler (DeleteBlocksCommandHandler.java:handle(106)) - Start to delete container blocks, TXIDs=[1(0),2(0),3(0)], numOfContainers=3, numOfBlocks=553
2019-06-13 13:51:09,213 INFO  commandhandler.DeleteBlocksCommandHandler (DeleteBlocksCommandHandler.java:handle(106)) - Start to delete container blocks, TXIDs=[1(0),2(0),3(0)], numOfContainers=3, numOfBlocks=553
2019-06-13 13:51:09,214 INFO  commandhandler.DeleteBlocksCommandHandler (DeleteBlocksCommandHandler.java:handle(106)) - Start to delete container blocks, TXIDs=[1(0),2(0),3(0)], numOfContainers=3, numOfBlocks=553
2019-06-13 13:51:09,215 INFO  commandhandler.DeleteBlocksCommandHandler (DeleteBlocksCommandHandler.java:handle(106)) - Start to delete container blocks, TXIDs=[1(0),2(0),3(0)], numOfContainers=3, numOfBlocks=553
2019-06-13 13:51:09,216 INFO  commandhandler.DeleteBlocksCommandHandler (DeleteBlocksCommandHandler.java:handle(106)) - Start to delete container blocks, TXIDs=[1(0),2(0),3(0)], numOfContainers=3, numOfBlocks=553
2019-06-13 13:51:09,217 INFO  commandhandler.DeleteBlocksCommandHandler (DeleteBlocksCommandHandler.java:handle(106)) - Start to delete container blocks, TXIDs=[1(0),2(0),3(0)], numOfContainers=3, numOfBlocks=553
2019-06-13 13:51:09,218 INFO  commandhandler.DeleteBlocksCommandHandler (DeleteBlocksCommandHandler.java:handle(106)) - Start to delete container blocks, TXIDs=[1(0),2(0),3(0)], numOfContainers=3, numOfBlocks=553
2019-06-13 13:51:09,218 INFO  commands.RetriableDatanodeEventWatcher (RetriableDatanodeEventWatcher.java:onTimeout(47)) - RetriableDatanodeCommand type=deleteBlocksCommand with id=1560433858529 timed out. Retrying.
2019-06-13 13:51:09,218 INFO  commandhandler.DeleteBlocksCommandHandler (DeleteBlocksCommandHandler.java:handle(106)) - Start to delete container blocks, TXIDs=[1(0),2(0),3(0)], numOfContainers=3, numOfBlocks=553
2019-06-13 13:51:09,219 INFO  commandhandler.DeleteBlocksCommandHandler (DeleteBlocksCommandHandler.java:handle(106)) - Start to delete container blocks, TXIDs=[1(0),2(0),3(0)], numOfContainers=3, numOfBlocks=553
2019-06-13 13:51:09,220 INFO  commandhandler.DeleteBlocksCommandHandler (DeleteBlocksCommandHandler.java:handle(106)) - Start to delete container blocks, TXIDs=[1(0),2(0),3(0)], numOfContainers=3, numOfBlocks=553
2019-06-13 13:51:09,220 INFO  commandhandler.DeleteBlocksCommandHandler (DeleteBlocksCommandHandler.java:handle(106)) - Start to delete container blocks, TXIDs=[1(0),2(0),3(0)], numOfContainers=3, numOfBlocks=553
2019-06-13 13:51:09,221 INFO  commandhandler.DeleteBlocksCommandHandler (DeleteBlocksCommandHandler.java:handle(106)) - Start to delete container blocks, TXIDs=[1(0),2(0),3(0)], numOfContainers=3, numOfBlocks=553
2019-06-13 13:51:09,221 INFO  background.BlockDeletingService (BlockDeletingService.java:getTasks(123)) - Plan to choose 10 containers for block deletion, actually returns 3 valid containers.
2019-06-13 13:51:09,222 INFO  commandhandler.DeleteBlocksCommandHandler (DeleteBlocksCommandHandler.java:handle(106)) - Start to delete container blocks, TXIDs=[1(0),2(0),3(0)], numOfContainers=3, numOfBlocks=553
2019-06-13 13:51:09,222 DEBUG block.SCMBlockDeletingService (SCMBlockDeletingService.java:call(138)) - Running DeletedBlockTransactionScanner
2019-06-13 13:51:09,223 DEBUG block.SCMBlockDeletingService (SCMBlockDeletingService.java:call(155)) - Scanned deleted blocks log and got 3 delTX to process.
2019-06-13 13:51:09,225 DEBUG block.SCMBlockDeletingService (SCMBlockDeletingService.java:call(171)) - Added delete block command for datanode 5d71e5de-6d45-4480-a1f1-d41cc2d38630 in the queue, number of delete block transactions: 3, TxID list: 1,2,3
2019-06-13 13:51:09,225 INFO  block.SCMBlockDeletingService (SCMBlockDeletingService.java:call(182)) - Totally added 3 delete blocks command for 1 datanodes, task elapsed time: 2ms
2019-06-13 13:51:09,228 INFO  commandhandler.DeleteBlocksCommandHandler (DeleteBlocksCommandHandler.java:handle(106)) - Start to delete container blocks, TXIDs=[1(0),2(0),3(0)], numOfContainers=3, numOfBlocks=553
2019-06-13 13:51:09,229 INFO  commandhandler.DeleteBlocksCommandHandler (DeleteBlocksCommandHandler.java:handle(106)) - Start to delete container blocks, TXIDs=[1(0),2(0),3(0)], numOfContainers=3, numOfBlocks=553
2019-06-13 13:51:09,230 INFO  commandhandler.DeleteBlocksCommandHandler (DeleteBlocksCommandHandler.java:handle(106)) - Start to delete container blocks, TXIDs=[1(0),2(0),3(0)], numOfContainers=3, numOfBlocks=553
2019-06-13 13:51:09,231 INFO  commandhandler.DeleteBlocksCommandHandler (DeleteBlocksCommandHandler.java:handle(106)) - Start to delete container blocks, TXIDs=[1(0),2(0),3(0)], numOfContainers=3, numOfBlocks=553
2019-06-13 13:51:09,231 INFO  commandhandler.DeleteBlocksCommandHandler (DeleteBlocksCommandHandler.java:handle(106)) - Start to delete container blocks, TXIDs=[1(0),2(0),3(0)], numOfContainers=3, numOfBlocks=553
2019-06-13 13:51:09,232 INFO  commandhandler.DeleteBlocksCommandHandler (DeleteBlocksCommandHandler.java:handle(106)) - Start to delete container blocks, TXIDs=[1(0),2(0),3(0)], numOfContainers=3, numOfBlocks=553
2019-06-13 13:51:09,233 INFO  commandhandler.DeleteBlocksCommandHandler (DeleteBlocksCommandHandler.java:handle(106)) - Start to delete container blocks, TXIDs=[1(0),2(0),3(0)], numOfContainers=3, numOfBlocks=553
2019-06-13 13:51:09,234 INFO  commandhandler.DeleteBlocksCommandHandler (DeleteBlocksCommandHandler.java:handle(106)) - Start to delete container blocks, TXIDs=[1(0),2(0),3(0)], numOfContainers=3, numOfBlocks=553
2019-06-13 13:51:09,236 INFO  commandhandler.DeleteBlocksCommandHandler (DeleteBlocksCommandHandler.java:handle(106)) - Start to delete container blocks, TXIDs=[1(0),2(0),3(0)], numOfContainers=3, numOfBlocks=553
2019-06-13 13:51:09,237 INFO  commandhandler.DeleteBlocksCommandHandler (DeleteBlocksCommandHandler.java:handle(106)) - Start to delete container blocks, TXIDs=[1(0),2(0),3(0)], numOfContainers=3, numOfBlocks=553
2019-06-13 13:51:09,238 INFO  commandhandler.DeleteBlocksCommandHandler (DeleteBlocksCommandHandler.java:handle(106)) - Start to delete container blocks, TXIDs=[1(0),2(0),3(0)], numOfContainers=3, numOfBlocks=553
2019-06-13 13:51:09,239 INFO  commandhandler.DeleteBlocksCommandHandler (DeleteBlocksCommandHandler.java:handle(106)) - Start to delete container blocks, TXIDs=[1(0),2(0),3(0)], numOfContainers=3, numOfBlocks=553
2019-06-13 13:51:09,240 INFO  commandhandler.DeleteBlocksCommandHandler (DeleteBlocksCommandHandler.java:handle(106)) - Start to delete container blocks, TXIDs=[1(0),2(0),3(0)], numOfContainers=3, numOfBlocks=553
2019-06-13 13:51:09,242 INFO  commandhandler.DeleteBlocksCommandHandler (DeleteBlocksCommandHandler.java:handle(106)) - Start to delete container blocks, TXIDs=[1(0),2(0),3(0)], numOfContainers=3, numOfBlocks=553
2019-06-13 13:51:09,243 INFO  commandhandler.DeleteBlocksCommandHandler (DeleteBlocksCommandHandler.java:handle(106)) - Start to delete container blocks, TXIDs=[1(0),2(0),3(0)], numOfContainers=3, numOfBlocks=553
2019-06-13 13:51:09,244 INFO  commandhandler.DeleteBlocksCommandHandler (DeleteBlocksCommandHandler.java:handle(106)) - Start to delete container blocks, TXIDs=[1(0),2(0),3(0)], numOfContainers=3, numOfBlocks=553
2019-06-13 13:51:09,245 INFO  commandhandler.DeleteBlocksCommandHandler (DeleteBlocksCommandHandler.java:handle(106)) - Start to delete container blocks, TXIDs=[1(0),2(0),3(0)], numOfContainers=3, numOfBlocks=553
2019-06-13 13:51:09,246 INFO  commandhandler.DeleteBlocksCommandHandler (DeleteBlocksCommandHandler.java:handle(106)) - Start to delete container blocks, TXIDs=[1(0),2(0),3(0)], numOfContainers=3, numOfBlocks=553
2019-06-13 13:51:09,248 INFO  commandhandler.DeleteBlocksCommandHandler (DeleteBlocksCommandHandler.java:handle(106)) - Start to delete container blocks, TXIDs=[1(0),2(0),3(0)], numOfContainers=3, numOfBlocks=553
2019-06-13 13:51:09,249 INFO  commandhandler.DeleteBlocksCommandHandler (DeleteBlocksCommandHandler.java:handle(106)) - Start to delete container blocks, TXIDs=[1(0),2(0),3(0)], numOfContainers=3, numOfBlocks=553
2019-06-13 13:51:09,250 INFO  commandhandler.DeleteBlocksCommandHandler (DeleteBlocksCommandHandler.java:handle(106)) - Start to delete container blocks, TXIDs=[1(0),2(0),3(0)], numOfContainers=3, numOfBlocks=553
2019-06-13 13:51:09,252 INFO  commandhandler.DeleteBlocksCommandHandler (DeleteBlocksCommandHandler.java:handle(106)) - Start to delete container blocks, TXIDs=[1(0),2(0),3(0)], numOfContainers=3, numOfBlocks=553
2019-06-13 13:51:09,253 INFO  commandhandler.DeleteBlocksCommandHandler (DeleteBlocksCommandHandler.java:handle(106)) - Start to delete container blocks, TXIDs=[1(0),2(0),3(0)], numOfContainers=3, numOfBlocks=553
2019-06-13 13:51:09,254 INFO  commandhandler.DeleteBlocksCommandHandler (DeleteBlocksCommandHandler.java:handle(106)) - Start to delete container blocks, TXIDs=[1(0),2(0),3(0)], numOfContainers=3, numOfBlocks=553
2019-06-13 13:51:09,255 INFO  commandhandler.DeleteBlocksCommandHandler (DeleteBlocksCommandHandler.java:handle(106)) - Start to delete container blocks, TXIDs=[1(0),2(0),3(0)], numOfContainers=3, numOfBlocks=553
2019-06-13 13:51:09,257 INFO  commandhandler.DeleteBlocksCommandHandler (DeleteBlocksCommandHandler.java:handle(106)) - Start to delete container blocks, TXIDs=[1(0),2(0),3(0)], numOfContainers=3, numOfBlocks=553
2019-06-13 13:51:09,258 INFO  commandhandler.DeleteBlocksCommandHandler (DeleteBlocksCommandHandler.java:handle(106)) - Start to delete container blocks, TXIDs=[1(0),2(0),3(0)], numOfContainers=3, numOfBlocks=553
2019-06-13 13:51:09,259 INFO  commandhandler.DeleteBlocksCommandHandler (DeleteBlocksCommandHandler.java:handle(106)) - Start to delete container blocks, TXIDs=[1(0),2(0),3(0)], numOfContainers=3, numOfBlocks=553
2019-06-13 13:51:09,260 INFO  commandhandler.DeleteBlocksCommandHandler (DeleteBlocksCommandHandler.java:handle(106)) - Start to delete container blocks, TXIDs=[1(0),2(0),3(0)], numOfContainers=3, numOfBlocks=553
2019-06-13 13:51:09,261 INFO  commandhandler.DeleteBlocksCommandHandler (DeleteBlocksCommandHandler.java:handle(106)) - Start to delete container blocks, TXIDs=[1(0),2(0),3(0)], numOfContainers=3, numOfBlocks=553
2019-06-13 13:51:09,262 INFO  commandhandler.DeleteBlocksCommandHandler (DeleteBlocksCommandHandler.java:handle(106)) - Start to delete container blocks, TXIDs=[1(0),2(0),3(0)], numOfContainers=3, numOfBlocks=553
2019-06-13 13:51:09,263 INFO  commandhandler.DeleteBlocksCommandHandler (DeleteBlocksCommandHandler.java:handle(106)) - Start to delete container blocks, TXIDs=[1(0),2(0),3(0)], numOfContainers=3, numOfBlocks=553
2019-06-13 13:51:09,264 INFO  commandhandler.DeleteBlocksCommandHandler (DeleteBlocksCommandHandler.java:handle(106)) - Start to delete container blocks, TXIDs=[1(0),2(0),3(0)], numOfContainers=3, numOfBlocks=553
2019-06-13 13:51:09,265 INFO  commandhandler.DeleteBlocksCommandHandler (DeleteBlocksCommandHandler.java:handle(106)) - Start to delete container blocks, TXIDs=[1(0),2(0),3(0)], numOfContainers=3, numOfBlocks=553
2019-06-13 13:51:09,267 INFO  commandhandler.DeleteBlocksCommandHandler (DeleteBlocksCommandHandler.java:handle(106)) - Start to delete container blocks, TXIDs=[1(0),2(0),3(0)], numOfContainers=3, numOfBlocks=553
2019-06-13 13:51:09,268 INFO  commandhandler.DeleteBlocksCommandHandler (DeleteBlocksCommandHandler.java:handle(106)) - Start to delete container blocks, TXIDs=[1(0),2(0),3(0)], numOfContainers=3, numOfBlocks=553
2019-06-13 13:51:09,269 INFO  commandhandler.DeleteBlocksCommandHandler (DeleteBlocksCommandHandler.java:handle(106)) - Start to delete container blocks, TXIDs=[1(0),2(0),3(0)], numOfContainers=3, numOfBlocks=553
2019-06-13 13:51:09,269 INFO  commands.RetriableDatanodeEventWatcher (RetriableDatanodeEventWatcher.java:onTimeout(47)) - RetriableDatanodeCommand type=deleteBlocksCommand with id=1560433858470 timed out. Retrying.
2019-06-13 13:51:09,270 INFO  commandhandler.DeleteBlocksCommandHandler (DeleteBlocksCommandHandler.java:handle(106)) - Start to delete container blocks, TXIDs=[1(0),2(0),3(0)], numOfContainers=3, numOfBlocks=553
2019-06-13 13:51:09,271 INFO  commandhandler.DeleteBlocksCommandHandler (DeleteBlocksCommandHandler.java:handle(106)) - Start to delete container blocks, TXIDs=[1(0),2(0),3(0)], numOfContainers=3, numOfBlocks=553
2019-06-13 13:51:09,272 INFO  commandhandler.DeleteBlocksCommandHandler (DeleteBlocksCommandHandler.java:handle(106)) - Start to delete container blocks, TXIDs=[1(0),2(0),3(0)], numOfContainers=3, numOfBlocks=553
2019-06-13 13:51:09,273 INFO  commandhandler.DeleteBlocksCommandHandler (DeleteBlocksCommandHandler.java:handle(106)) - Start to delete container blocks, TXIDs=[1(0),2(0),3(0)], numOfContainers=3, numOfBlocks=553
2019-06-13 13:51:09,274 INFO  commandhandler.DeleteBlocksCommandHandler (DeleteBlocksCommandHandler.java:handle(106)) - Start to delete container blocks, TXIDs=[1(0),2(0),3(0)], numOfContainers=3, numOfBlocks=553
2019-06-13 13:51:09,275 INFO  commandhandler.DeleteBlocksCommandHandler (DeleteBlocksCommandHandler.java:handle(106)) - Start to delete container blocks, TXIDs=[1(0),2(0),3(0)], numOfContainers=3, numOfBlocks=553
2019-06-13 13:51:09,276 INFO  commandhandler.DeleteBlocksCommandHandler (DeleteBlocksCommandHandler.java:handle(106)) - Start to delete container blocks, TXIDs=[1(0),2(0),3(0)], numOfContainers=3, numOfBlocks=553
2019-06-13 13:51:09,277 INFO  commandhandler.DeleteBlocksCommandHandler (DeleteBlocksCommandHandler.java:handle(106)) - Start to delete container blocks, TXIDs=[1(0),2(0),3(0)], numOfContainers=3, numOfBlocks=553
2019-06-13 13:51:09,278 INFO  commandhandler.DeleteBlocksCommandHandler (DeleteBlocksCommandHandler.java:handle(106)) - Start to delete container blocks, TXIDs=[1(0),2(0),3(0)], numOfContainers=3, numOfBlocks=553
2019-06-13 13:51:09,279 INFO  commandhandler.DeleteBlocksCommandHandler (DeleteBlocksCommandHandler.java:handle(106)) - Start to delete container blocks, TXIDs=[1(0),2(0),3(0)], numOfContainers=3, numOfBlocks=553
2019-06-13 13:51:09,280 INFO  commandhandler.DeleteBlocksCommandHandler (DeleteBlocksCommandHandler.java:handle(106)) - Start to delete container blocks, TXIDs=[1(0),2(0),3(0)], numOfContainers=3, numOfBlocks=553
2019-06-13 13:51:09,280 INFO  commands.RetriableDatanodeEventWatcher (RetriableDatanodeEventWatcher.java:onTimeout(47)) - RetriableDatanodeCommand type=deleteBlocksCommand with id=1560433858480 timed out. Retrying.
2019-06-13 13:51:09,281 INFO  commandhandler.DeleteBlocksCommandHandler (DeleteBlocksCommandHandler.java:handle(106)) - Start to delete container blocks, TXIDs=[1(0),2(0),3(0)], numOfContainers=3, numOfBlocks=553
2019-06-13 13:51:09,282 INFO  commandhandler.DeleteBlocksCommandHandler (DeleteBlocksCommandHandler.java:handle(106)) - Start to delete container blocks, TXIDs=[1(0),2(0),3(0)], numOfContainers=3, numOfBlocks=553
2019-06-13 13:51:09,283 INFO  commandhandler.DeleteBlocksCommandHandler (DeleteBlocksCommandHandler.java:handle(106)) - Start to delete container blocks, TXIDs=[1(0),2(0),3(0)], numOfContainers=3, numOfBlocks=553
2019-06-13 13:51:09,284 INFO  commands.RetriableDatanodeEventWatcher (RetriableDatanodeEventWatcher.java:onTimeout(47)) - RetriableDatanodeCommand type=deleteBlocksCommand with id=1560433858539 timed out. Retrying.
2019-06-13 13:51:09,284 INFO  commandhandler.DeleteBlocksCommandHandler (DeleteBlocksCommandHandler.java:handle(106)) - Start to delete container blocks, TXIDs=[1(0),2(0),3(0)], numOfContainers=3, numOfBlocks=553
2019-06-13 13:51:09,285 INFO  commandhandler.DeleteBlocksCommandHandler (DeleteBlocksCommandHandler.java:handle(106)) - Start to delete container blocks, TXIDs=[1(0),2(0),3(0)], numOfContainers=3, numOfBlocks=553
2019-06-13 13:51:09,286 INFO  commandhandler.DeleteBlocksCommandHandler (DeleteBlocksCommandHandler.java:handle(106)) - Start to delete container blocks, TXIDs=[1(0),2(0),3(0)], numOfContainers=3, numOfBlocks=553
2019-06-13 13:51:09,287 INFO  commandhandler.DeleteBlocksCommandHandler (DeleteBlocksCommandHandler.java:handle(106)) - Start to delete container blocks, TXIDs=[1(0),2(0),3(0)], numOfContainers=3, numOfBlocks=553
2019-06-13 13:51:09,288 INFO  commandhandler.DeleteBlocksCommandHandler (DeleteBlocksCommandHandler.java:handle(106)) - Start to delete container blocks, TXIDs=[1(0),2(0),3(0)], numOfContainers=3, numOfBlocks=553
2019-06-13 13:51:09,289 INFO  commands.RetriableDatanodeEventWatcher (RetriableDatanodeEventWatcher.java:onTimeout(47)) - RetriableDatanodeCommand type=deleteBlocksCommand with id=1560433858490 timed out. Retrying.
2019-06-13 13:51:09,289 INFO  commandhandler.DeleteBlocksCommandHandler (DeleteBlocksCommandHandler.java:handle(106)) - Start to delete container blocks, TXIDs=[1(0),2(0),3(0)], numOfContainers=3, numOfBlocks=553
2019-06-13 13:51:09,290 INFO  commandhandler.DeleteBlocksCommandHandler (DeleteBlocksCommandHandler.java:handle(106)) - Start to delete container blocks, TXIDs=[1(0),2(0),3(0)], numOfContainers=3, numOfBlocks=553
2019-06-13 13:51:09,290 INFO  commands.RetriableDatanodeEventWatcher (RetriableDatanodeEventWatcher.java:onTimeout(47)) - RetriableDatanodeCommand type=deleteBlocksCommand with id=1560433858549 timed out. Retrying.
2019-06-13 13:51:09,291 INFO  commandhandler.DeleteBlocksCommandHandler (DeleteBlocksCommandHandler.java:handle(106)) - Start to delete container blocks, TXIDs=[1(0),2(0),3(0)], numOfContainers=3, numOfBlocks=553
2019-06-13 13:51:09,292 INFO  commandhandler.DeleteBlocksCommandHandler (DeleteBlocksCommandHandler.java:handle(106)) - Start to delete container blocks, TXIDs=[1(0),2(0),3(0)], numOfContainers=3, numOfBlocks=553
2019-06-13 13:51:09,293 INFO  commandhandler.DeleteBlocksCommandHandler (DeleteBlocksCommandHandler.java:handle(106)) - Start to delete container blocks, TXIDs=[1(0),2(0),3(0)], numOfContainers=3, numOfBlocks=553
2019-06-13 13:51:09,294 INFO  commandhandler.DeleteBlocksCommandHandler (DeleteBlocksCommandHandler.java:handle(106)) - Start to delete container blocks, TXIDs=[1(0),2(0),3(0)], numOfContainers=3, numOfBlocks=553
2019-06-13 13:51:09,295 INFO  commandhandler.DeleteBlocksCommandHandler (DeleteBlocksCommandHandler.java:handle(106)) - Start to delete container blocks, TXIDs=[1(0),2(0),3(0)], numOfContainers=3, numOfBlocks=553
2019-06-13 13:51:09,296 INFO  commandhandler.DeleteBlocksCommandHandler (DeleteBlocksCommandHandler.java:handle(106)) - Start to delete container blocks, TXIDs=[1(0),2(0),3(0)], numOfContainers=3, numOfBlocks=553
2019-06-13 13:51:09,296 INFO  commands.RetriableDatanodeEventWatcher (RetriableDatanodeEventWatcher.java:onTimeout(47)) - RetriableDatanodeCommand type=deleteBlocksCommand with id=1560433858500 timed out. Retrying.
2019-06-13 13:51:09,297 INFO  commandhandler.DeleteBlocksCommandHandler (DeleteBlocksCommandHandler.java:handle(106)) - Start to delete container blocks, TXIDs=[1(0),2(0),3(0)], numOfContainers=3, numOfBlocks=553
2019-06-13 13:51:09,298 INFO  commands.RetriableDatanodeEventWatcher (RetriableDatanodeEventWatcher.java:onTimeout(47)) - RetriableDatanodeCommand type=deleteBlocksCommand with id=1560433858559 timed out. Retrying.
2019-06-13 13:51:09,298 INFO  commandhandler.DeleteBlocksCommandHandler (DeleteBlocksCommandHandler.java:handle(106)) - Start to delete container blocks, TXIDs=[1(0),2(0),3(0)], numOfContainers=3, numOfBlocks=553
2019-06-13 13:51:09,299 INFO  commandhandler.DeleteBlocksCommandHandler (DeleteBlocksCommandHandler.java:handle(106)) - Start to delete container blocks, TXIDs=[1(0),2(0),3(0)], numOfContainers=3, numOfBlocks=553
2019-06-13 13:51:09,300 INFO  commandhandler.DeleteBlocksCommandHandler (DeleteBlocksCommandHandler.java:handle(106)) - Start to delete container blocks, TXIDs=[1(0),2(0),3(0)], numOfContainers=3, numOfBlocks=553
2019-06-13 13:51:09,302 INFO  commandhandler.DeleteBlocksCommandHandler (DeleteBlocksCommandHandler.java:handle(106)) - Start to delete container blocks, TXIDs=[1(0),2(0),3(0)], numOfContainers=3, numOfBlocks=553
2019-06-13 13:51:09,303 INFO  commands.RetriableDatanodeEventWatcher (RetriableDatanodeEventWatcher.java:onTimeout(47)) - RetriableDatanodeCommand type=deleteBlocksCommand with id=1560433858510 timed out. Retrying.
2019-06-13 13:51:09,303 INFO  commandhandler.DeleteBlocksCommandHandler (DeleteBlocksCommandHandler.java:handle(106)) - Start to delete container blocks, TXIDs=[1(0),2(0),3(0)], numOfContainers=3, numOfBlocks=553
2019-06-13 13:51:09,304 INFO  commandhandler.DeleteBlocksCommandHandler (DeleteBlocksCommandHandler.java:handle(106)) - Start to delete container blocks, TXIDs=[1(0),2(0),3(0)], numOfContainers=3, numOfBlocks=553
2019-06-13 13:51:09,305 INFO  commandhandler.DeleteBlocksCommandHandler (DeleteBlocksCommandHandler.java:handle(106)) - Start to delete container blocks, TXIDs=[1(0),2(0),3(0)], numOfContainers=3, numOfBlocks=553
2019-06-13 13:51:09,306 INFO  commandhandler.DeleteBlocksCommandHandler (DeleteBlocksCommandHandler.java:handle(106)) - Start to delete container blocks, TXIDs=[1(0),2(0),3(0)], numOfContainers=3, numOfBlocks=553
2019-06-13 13:51:09,307 INFO  commandhandler.DeleteBlocksCommandHandler (DeleteBlocksCommandHandler.java:handle(106)) - Start to delete container blocks, TXIDs=[1(0),2(0),3(0)], numOfContainers=3, numOfBlocks=553
2019-06-13 13:51:09,308 INFO  commandhandler.DeleteBlocksCommandHandler (DeleteBlocksCommandHandler.java:handle(106)) - Start to delete container blocks, TXIDs=[1(0),2(0),3(0)], numOfContainers=3, numOfBlocks=553
2019-06-13 13:51:09,309 INFO  commandhandler.DeleteBlocksCommandHandler (DeleteBlocksCommandHandler.java:handle(106)) - Start to delete container blocks, TXIDs=[1(0),2(0),3(0)], numOfContainers=3, numOfBlocks=553
2019-06-13 13:51:09,310 INFO  commandhandler.DeleteBlocksCommandHandler (DeleteBlocksCommandHandler.java:handle(106)) - Start to delete container blocks, TXIDs=[1(0),2(0),3(0)], numOfContainers=3, numOfBlocks=553
2019-06-13 13:51:09,311 INFO  commandhandler.DeleteBlocksCommandHandler (DeleteBlocksCommandHandler.java:handle(106)) - Start to delete container blocks, TXIDs=[1(0),2(0),3(0)], numOfContainers=3, numOfBlocks=553
2019-06-13 13:51:09,312 INFO  commandhandler.DeleteBlocksCommandHandler (DeleteBlocksCommandHandler.java:handle(106)) - Start to delete container blocks, TXIDs=[1(0),2(0),3(0)], numOfContainers=3, numOfBlocks=553
2019-06-13 13:51:09,312 INFO  commands.RetriableDatanodeEventWatcher (RetriableDatanodeEventWatcher.java:onTimeout(47)) - RetriableDatanodeCommand type=deleteBlocksCommand with id=1560433858520 timed out. Retrying.
2019-06-13 13:51:09,313 INFO  commandhandler.DeleteBlocksCommandHandler (DeleteBlocksCommandHandler.java:handle(106)) - Start to delete container blocks, TXIDs=[1(0),2(0),3(0)], numOfContainers=3, numOfBlocks=553
2019-06-13 13:51:09,314 INFO  commandhandler.DeleteBlocksCommandHandler (DeleteBlocksCommandHandler.java:handle(106)) - Start to delete container blocks, TXIDs=[1(0),2(0),3(0)], numOfContainers=3, numOfBlocks=553
2019-06-13 13:51:09,315 INFO  commandhandler.DeleteBlocksCommandHandler (DeleteBlocksCommandHandler.java:handle(106)) - Start to delete container blocks, TXIDs=[1(0),2(0),3(0)], numOfContainers=3, numOfBlocks=553
2019-06-13 13:51:09,316 INFO  commandhandler.DeleteBlocksCommandHandler (DeleteBlocksCommandHandler.java:handle(106)) - Start to delete container blocks, TXIDs=[1(0),2(0),3(0)], numOfContainers=3, numOfBlocks=553
2019-06-13 13:51:09,317 INFO  commandhandler.DeleteBlocksCommandHandler (DeleteBlocksCommandHandler.java:handle(106)) - Start to delete container blocks, TXIDs=[1(0),2(0),3(0)], numOfContainers=3, numOfBlocks=553
2019-06-13 13:51:09,318 INFO  commandhandler.DeleteBlocksCommandHandler (DeleteBlocksCommandHandler.java:handle(106)) - Start to delete container blocks, TXIDs=[1(0),2(0),3(0)], numOfContainers=3, numOfBlocks=553
2019-06-13 13:51:09,319 INFO  commandhandler.DeleteBlocksCommandHandler (DeleteBlocksCommandHandler.java:handle(106)) - Start to delete container blocks, TXIDs=[1(0),2(0),3(0)], numOfContainers=3, numOfBlocks=553
2019-06-13 13:51:09,320 INFO  commandhandler.DeleteBlocksCommandHandler (DeleteBlocksCommandHandler.java:handle(106)) - Start to delete container blocks, TXIDs=[1(0),2(0),3(0)], numOfContainers=3, numOfBlocks=553
2019-06-13 13:51:09,320 INFO  commands.RetriableDatanodeEventWatcher (RetriableDatanodeEventWatcher.java:onTimeout(47)) - RetriableDatanodeCommand type=deleteBlocksCommand with id=1560433858530 timed out. Retrying.
2019-06-13 13:51:09,321 INFO  commandhandler.DeleteBlocksCommandHandler (DeleteBlocksCommandHandler.java:handle(106)) - Start to delete container blocks, TXIDs=[1(0),2(0),3(0)], numOfContainers=3, numOfBlocks=553
2019-06-13 13:51:09,322 INFO  commandhandler.DeleteBlocksCommandHandler (DeleteBlocksCommandHandler.java:handle(106)) - Start to delete container blocks, TXIDs=[1(0),2(0),3(0)], numOfContainers=3, numOfBlocks=553
2019-06-13 13:51:09,323 INFO  commandhandler.DeleteBlocksCommandHandler (DeleteBlocksCommandHandler.java:handle(106)) - Start to delete container blocks, TXIDs=[1(0),2(0),3(0)], numOfContainers=3, numOfBlocks=553
2019-06-13 13:51:09,324 INFO  commandhandler.DeleteBlocksCommandHandler (DeleteBlocksCommandHandler.java:handle(106)) - Start to delete container blocks, TXIDs=[1(0),2(0),3(0)], numOfContainers=3, numOfBlocks=553
2019-06-13 13:51:09,325 INFO  commandhandler.DeleteBlocksCommandHandler (DeleteBlocksCommandHandler.java:handle(106)) - Start to delete container blocks, TXIDs=[1(0),2(0),3(0)], numOfContainers=3, numOfBlocks=553
2019-06-13 13:51:09,326 INFO  commandhandler.DeleteBlocksCommandHandler (DeleteBlocksCommandHandler.java:handle(106)) - Start to delete container blocks, TXIDs=[1(0),2(0),3(0)], numOfContainers=3, numOfBlocks=553
2019-06-13 13:51:09,327 INFO  commandhandler.DeleteBlocksCommandHandler (DeleteBlocksCommandHandler.java:handle(106)) - Start to delete container blocks, TXIDs=[1(0),2(0),3(0)], numOfContainers=3, numOfBlocks=553
2019-06-13 13:51:09,328 INFO  commandhandler.DeleteBlocksCommandHandler (DeleteBlocksCommandHandler.java:handle(106)) - Start to delete container blocks, TXIDs=[1(0),2(0),3(0)], numOfContainers=3, numOfBlocks=553
2019-06-13 13:51:09,329 INFO  commandhandler.DeleteBlocksCommandHandler (DeleteBlocksCommandHandler.java:handle(106)) - Start to delete container blocks, TXIDs=[1(0),2(0),3(0)], numOfContainers=3, numOfBlocks=553
2019-06-13 13:51:09,329 DEBUG block.SCMBlockDeletingService (SCMBlockDeletingService.java:call(138)) - Running DeletedBlockTransactionScanner
2019-06-13 13:51:09,330 DEBUG block.SCMBlockDeletingService (SCMBlockDeletingService.java:call(155)) - Scanned deleted blocks log and got 3 delTX to process.
2019-06-13 13:51:09,330 DEBUG block.SCMBlockDeletingService (SCMBlockDeletingService.java:call(171)) - Added delete block command for datanode 5d71e5de-6d45-4480-a1f1-d41cc2d38630 in the queue, number of delete block transactions: 3, TxID list: 1,2,3
2019-06-13 13:51:09,330 INFO  block.SCMBlockDeletingService (SCMBlockDeletingService.java:call(182)) - Totally added 3 delete blocks command for 1 datanodes, task elapsed time: 0ms
2019-06-13 13:51:09,332 INFO  commandhandler.DeleteBlocksCommandHandler (DeleteBlocksCommandHandler.java:handle(106)) - Start to delete container blocks, TXIDs=[1(0),2(0),3(0)], numOfContainers=3, numOfBlocks=553
2019-06-13 13:51:09,333 INFO  commandhandler.DeleteBlocksCommandHandler (DeleteBlocksCommandHandler.java:handle(106)) - Start to delete container blocks, TXIDs=[1(0),2(0),3(0)], numOfContainers=3, numOfBlocks=553
2019-06-13 13:51:09,334 INFO  commandhandler.DeleteBlocksCommandHandler (DeleteBlocksCommandHandler.java:handle(106)) - Start to delete container blocks, TXIDs=[1(0),2(0),3(0)], numOfContainers=3, numOfBlocks=553
2019-06-13 13:51:09,335 INFO  commandhandler.DeleteBlocksCommandHandler (DeleteBlocksCommandHandler.java:handle(106)) - Start to delete container blocks, TXIDs=[1(0),2(0),3(0)], numOfContainers=3, numOfBlocks=553
2019-06-13 13:51:09,336 INFO  commandhandler.DeleteBlocksCommandHandler (DeleteBlocksCommandHandler.java:handle(106)) - Start to delete container blocks, TXIDs=[1(0),2(0),3(0)], numOfContainers=3, numOfBlocks=553
2019-06-13 13:51:09,338 INFO  commandhandler.DeleteBlocksCommandHandler (DeleteBlocksCommandHandler.java:handle(106)) - Start to delete container blocks, TXIDs=[1(0),2(0),3(0)], numOfContainers=3, numOfBlocks=553
2019-06-13 13:51:09,339 INFO  commandhandler.DeleteBlocksCommandHandler (DeleteBlocksCommandHandler.java:handle(106)) - Start to delete container blocks, TXIDs=[1(0),2(0),3(0)], numOfContainers=3, numOfBlocks=553
2019-06-13 13:51:09,340 INFO  commandhandler.DeleteBlocksCommandHandler (DeleteBlocksCommandHandler.java:handle(106)) - Start to delete container blocks, TXIDs=[1(0),2(0),3(0)], numOfContainers=3, numOfBlocks=553
2019-06-13 13:51:09,341 INFO  commandhandler.DeleteBlocksCommandHandler (DeleteBlocksCommandHandler.java:handle(106)) - Start to delete container blocks, TXIDs=[1(0),2(0),3(0)], numOfContainers=3, numOfBlocks=553
2019-06-13 13:51:09,342 INFO  commandhandler.DeleteBlocksCommandHandler (DeleteBlocksCommandHandler.java:handle(106)) - Start to delete container blocks, TXIDs=[1(0),2(0),3(0)], numOfContainers=3, numOfBlocks=553
2019-06-13 13:51:09,343 INFO  commandhandler.DeleteBlocksCommandHandler (DeleteBlocksCommandHandler.java:handle(106)) - Start to delete container blocks, TXIDs=[1(0),2(0),3(0)], numOfContainers=3, numOfBlocks=553
2019-06-13 13:51:09,344 INFO  commandhandler.DeleteBlocksCommandHandler (DeleteBlocksCommandHandler.java:handle(106)) - Start to delete container blocks, TXIDs=[1(0),2(0),3(0)], numOfContainers=3, numOfBlocks=553
2019-06-13 13:51:09,345 INFO  commandhandler.DeleteBlocksCommandHandler (DeleteBlocksCommandHandler.java:handle(106)) - Start to delete container blocks, TXIDs=[1(0),2(0),3(0)], numOfContainers=3, numOfBlocks=553
2019-06-13 13:51:09,351 INFO  commandhandler.DeleteBlocksCommandHandler (DeleteBlocksCommandHandler.java:handle(106)) - Start to delete container blocks, TXIDs=[1(0),2(0),3(0)], numOfContainers=3, numOfBlocks=553
2019-06-13 13:51:09,353 INFO  commandhandler.DeleteBlocksCommandHandler (DeleteBlocksCommandHandler.java:handle(106)) - Start to delete container blocks, TXIDs=[1(0),2(0),3(0)], numOfContainers=3, numOfBlocks=553
2019-06-13 13:51:09,354 INFO  commandhandler.DeleteBlocksCommandHandler (DeleteBlocksCommandHandler.java:handle(106)) - Start to delete container blocks, TXIDs=[1(0),2(0),3(0)], numOfContainers=3, numOfBlocks=553
2019-06-13 13:51:09,355 INFO  commandhandler.DeleteBlocksCommandHandler (DeleteBlocksCommandHandler.java:handle(106)) - Start to delete container blocks, TXIDs=[1(0),2(0),3(0)], numOfContainers=3, numOfBlocks=553
2019-06-13 13:51:09,356 INFO  commandhandler.DeleteBlocksCommandHandler (DeleteBlocksCommandHandler.java:handle(106)) - Start to delete container blocks, TXIDs=[1(0),2(0),3(0)], numOfContainers=3, numOfBlocks=553
2019-06-13 13:51:09,357 INFO  commandhandler.DeleteBlocksCommandHandler (DeleteBlocksCommandHandler.java:handle(106)) - Start to delete container blocks, TXIDs=[1(0),2(0),3(0)], numOfContainers=3, numOfBlocks=553
2019-06-13 13:51:09,358 INFO  commandhandler.DeleteBlocksCommandHandler (DeleteBlocksCommandHandler.java:handle(106)) - Start to delete container blocks, TXIDs=[1(0),2(0),3(0)], numOfContainers=3, numOfBlocks=553
2019-06-13 13:51:09,359 INFO  commandhandler.DeleteBlocksCommandHandler (DeleteBlocksCommandHandler.java:handle(106)) - Start to delete container blocks, TXIDs=[1(0),2(0),3(0)], numOfContainers=3, numOfBlocks=553
2019-06-13 13:51:09,359 INFO  commandhandler.DeleteBlocksCommandHandler (DeleteBlocksCommandHandler.java:handle(106)) - Start to delete container blocks, TXIDs=[1(0),2(0),3(0)], numOfContainers=3, numOfBlocks=553
2019-06-13 13:51:09,360 INFO  commandhandler.DeleteBlocksCommandHandler (DeleteBlocksCommandHandler.java:handle(106)) - Start to delete container blocks, TXIDs=[1(0),2(0),3(0)], numOfContainers=3, numOfBlocks=553
2019-06-13 13:51:09,361 INFO  commandhandler.DeleteBlocksCommandHandler (DeleteBlocksCommandHandler.java:handle(106)) - Start to delete container blocks, TXIDs=[1(0),2(0),3(0)], numOfContainers=3, numOfBlocks=553
2019-06-13 13:51:09,362 INFO  commandhandler.DeleteBlocksCommandHandler (DeleteBlocksCommandHandler.java:handle(106)) - Start to delete container blocks, TXIDs=[1(0),2(0),3(0)], numOfContainers=3, numOfBlocks=553
2019-06-13 13:51:09,362 INFO  commandhandler.DeleteBlocksCommandHandler (DeleteBlocksCommandHandler.java:handle(106)) - Start to delete container blocks, TXIDs=[1(0),2(0),3(0)], numOfContainers=3, numOfBlocks=553
2019-06-13 13:51:09,363 INFO  commandhandler.DeleteBlocksCommandHandler (DeleteBlocksCommandHandler.java:handle(106)) - Start to delete container blocks, TXIDs=[1(0),2(0),3(0)], numOfContainers=3, numOfBlocks=553
2019-06-13 13:51:09,364 INFO  commandhandler.DeleteBlocksCommandHandler (DeleteBlocksCommandHandler.java:handle(106)) - Start to delete container blocks, TXIDs=[1(0),2(0),3(0)], numOfContainers=3, numOfBlocks=553
2019-06-13 13:51:09,364 INFO  commandhandler.DeleteBlocksCommandHandler (DeleteBlocksCommandHandler.java:handle(106)) - Start to delete container blocks, TXIDs=[1(0),2(0),3(0)], numOfContainers=3, numOfBlocks=553
2019-06-13 13:51:09,365 INFO  commandhandler.DeleteBlocksCommandHandler (DeleteBlocksCommandHandler.java:handle(106)) - Start to delete container blocks, TXIDs=[1(0),2(0),3(0)], numOfContainers=3, numOfBlocks=553
2019-06-13 13:51:09,366 INFO  commandhandler.DeleteBlocksCommandHandler (DeleteBlocksCommandHandler.java:handle(106)) - Start to delete container blocks, TXIDs=[1(0),2(0),3(0)], numOfContainers=3, numOfBlocks=553
2019-06-13 13:51:09,367 INFO  commandhandler.DeleteBlocksCommandHandler (DeleteBlocksCommandHandler.java:handle(106)) - Start to delete container blocks, TXIDs=[1(0),2(0),3(0)], numOfContainers=3, numOfBlocks=553
2019-06-13 13:51:09,368 INFO  commandhandler.DeleteBlocksCommandHandler (DeleteBlocksCommandHandler.java:handle(106)) - Start to delete container blocks, TXIDs=[1(0),2(0),3(0)], numOfContainers=3, numOfBlocks=553
2019-06-13 13:51:09,369 INFO  commandhandler.DeleteBlocksCommandHandler (DeleteBlocksCommandHandler.java:handle(106)) - Start to delete container blocks, TXIDs=[1(0),2(0),3(0)], numOfContainers=3, numOfBlocks=553
2019-06-13 13:51:09,370 INFO  commandhandler.DeleteBlocksCommandHandler (DeleteBlocksCommandHandler.java:handle(106)) - Start to delete container blocks, TXIDs=[1(0),2(0),3(0)], numOfContainers=3, numOfBlocks=553
2019-06-13 13:51:09,371 INFO  commandhandler.DeleteBlocksCommandHandler (DeleteBlocksCommandHandler.java:handle(106)) - Start to delete container blocks, TXIDs=[1(0),2(0),3(0)], numOfContainers=3, numOfBlocks=553
2019-06-13 13:51:09,372 INFO  commandhandler.DeleteBlocksCommandHandler (DeleteBlocksCommandHandler.java:handle(106)) - Start to delete container blocks, TXIDs=[1(0),2(0),3(0)], numOfContainers=3, numOfBlocks=553
2019-06-13 13:51:09,373 INFO  commands.RetriableDatanodeEventWatcher (RetriableDatanodeEventWatcher.java:onTimeout(47)) - RetriableDatanodeCommand type=deleteBlocksCommand with id=1560433858471 timed out. Retrying.
2019-06-13 13:51:09,374 INFO  commandhandler.DeleteBlocksCommandHandler (DeleteBlocksCommandHandler.java:handle(106)) - Start to delete container blocks, TXIDs=[1(0),2(0),3(0)], numOfContainers=3, numOfBlocks=553
2019-06-13 13:51:09,375 INFO  commandhandler.DeleteBlocksCommandHandler (DeleteBlocksCommandHandler.java:handle(106)) - Start to delete container blocks, TXIDs=[1(0),2(0),3(0)], numOfContainers=3, numOfBlocks=553
2019-06-13 13:51:09,376 INFO  commandhandler.DeleteBlocksCommandHandler (DeleteBlocksCommandHandler.java:handle(106)) - Start to delete container blocks, TXIDs=[1(0),2(0),3(0)], numOfContainers=3, numOfBlocks=553
2019-06-13 13:51:09,377 INFO  commandhandler.DeleteBlocksCommandHandler (DeleteBlocksCommandHandler.java:handle(106)) - Start to delete container blocks, TXIDs=[1(0),2(0),3(0)], numOfContainers=3, numOfBlocks=553
2019-06-13 13:51:09,378 INFO  commandhandler.DeleteBlocksCommandHandler (DeleteBlocksCommandHandler.java:handle(106)) - Start to delete container blocks, TXIDs=[1(0),2(0),3(0)], numOfContainers=3, numOfBlocks=553
2019-06-13 13:51:09,379 INFO  commandhandler.DeleteBlocksCommandHandler (DeleteBlocksCommandHandler.java:handle(106)) - Start to delete container blocks, TXIDs=[1(0),2(0),3(0)], numOfContainers=3, numOfBlocks=553
2019-06-13 13:51:09,380 INFO  commandhandler.DeleteBlocksCommandHandler (DeleteBlocksCommandHandler.java:handle(106)) - Start to delete container blocks, TXIDs=[1(0),2(0),3(0)], numOfContainers=3, numOfBlocks=553
2019-06-13 13:51:09,381 INFO  commandhandler.DeleteBlocksCommandHandler (DeleteBlocksCommandHandler.java:handle(106)) - Start to delete container blocks, TXIDs=[1(0),2(0),3(0)], numOfContainers=3, numOfBlocks=553
2019-06-13 13:51:09,382 INFO  commands.RetriableDatanodeEventWatcher (RetriableDatanodeEventWatcher.java:onTimeout(47)) - RetriableDatanodeCommand type=deleteBlocksCommand with id=1560433858481 timed out. Retrying.
2019-06-13 13:51:09,383 INFO  commandhandler.DeleteBlocksCommandHandler (DeleteBlocksCommandHandler.java:handle(106)) - Start to delete container blocks, TXIDs=[1(0),2(0),3(0)], numOfContainers=3, numOfBlocks=553
2019-06-13 13:51:09,384 INFO  commandhandler.DeleteBlocksCommandHandler (DeleteBlocksCommandHandler.java:handle(106)) - Start to delete container blocks, TXIDs=[1(0),2(0),3(0)], numOfContainers=3, numOfBlocks=553
2019-06-13 13:51:09,385 INFO  commandhandler.DeleteBlocksCommandHandler (DeleteBlocksCommandHandler.java:handle(106)) - Start to delete container blocks, TXIDs=[1(0),2(0),3(0)], numOfContainers=3, numOfBlocks=553
2019-06-13 13:51:09,386 INFO  commandhandler.DeleteBlocksCommandHandler (DeleteBlocksCommandHandler.java:handle(106)) - Start to delete container blocks, TXIDs=[1(0),2(0),3(0)], numOfContainers=3, numOfBlocks=553
2019-06-13 13:51:09,387 INFO  commandhandler.DeleteBlocksCommandHandler (DeleteBlocksCommandHandler.java:handle(106)) - Start to delete container blocks, TXIDs=[1(0),2(0),3(0)], numOfContainers=3, numOfBlocks=553
2019-06-13 13:51:09,388 INFO  commandhandler.DeleteBlocksCommandHandler (DeleteBlocksCommandHandler.java:handle(106)) - Start to delete container blocks, TXIDs=[1(0),2(0),3(0)], numOfContainers=3, numOfBlocks=553
2019-06-13 13:51:09,389 INFO  commands.RetriableDatanodeEventWatcher (RetriableDatanodeEventWatcher.java:onTimeout(47)) - RetriableDatanodeCommand type=deleteBlocksCommand with id=1560433858540 timed out. Retrying.
2019-06-13 13:51:09,389 INFO  commandhandler.DeleteBlocksCommandHandler (DeleteBlocksCommandHandler.java:handle(106)) - Start to delete container blocks, TXIDs=[1(0),2(0),3(0)], numOfContainers=3, numOfBlocks=553
2019-06-13 13:51:09,390 INFO  commandhandler.DeleteBlocksCommandHandler (DeleteBlocksCommandHandler.java:handle(106)) - Start to delete container blocks, TXIDs=[1(0),2(0),3(0)], numOfContainers=3, numOfBlocks=553
2019-06-13 13:51:09,391 INFO  commands.RetriableDatanodeEventWatcher (RetriableDatanodeEventWatcher.java:onTimeout(47)) - RetriableDatanodeCommand type=deleteBlocksCommand with id=1560433858550 timed out. Retrying.
2019-06-13 13:51:09,391 INFO  commandhandler.DeleteBlocksCommandHandler (DeleteBlocksCommandHandler.java:handle(106)) - Start to delete container blocks, TXIDs=[1(0),2(0),3(0)], numOfContainers=3, numOfBlocks=553
2019-06-13 13:51:09,394 INFO  commandhandler.DeleteBlocksCommandHandler (DeleteBlocksCommandHandler.java:handle(106)) - Start to delete container blocks, TXIDs=[1(0),2(0),3(0)], numOfContainers=3, numOfBlocks=553
2019-06-13 13:51:09,404 INFO  commandhandler.DeleteBlocksCommandHandler (DeleteBlocksCommandHandler.java:handle(106)) - Start to delete container blocks, TXIDs=[1(0),2(0),3(0)], numOfContainers=3, numOfBlocks=553
2019-06-13 13:51:09,405 INFO  commandhandler.DeleteBlocksCommandHandler (DeleteBlocksCommandHandler.java:handle(106)) - Start to delete container blocks, TXIDs=[1(0),2(0),3(0)], numOfContainers=3, numOfBlocks=553
2019-06-13 13:51:09,406 INFO  commandhandler.DeleteBlocksCommandHandler (DeleteBlocksCommandHandler.java:handle(106)) - Start to delete container blocks, TXIDs=[1(0),2(0),3(0)], numOfContainers=3, numOfBlocks=553
2019-06-13 13:51:09,407 INFO  commandhandler.DeleteBlocksCommandHandler (DeleteBlocksCommandHandler.java:handle(106)) - Start to delete container blocks, TXIDs=[1(0),2(0),3(0)], numOfContainers=3, numOfBlocks=553
2019-06-13 13:51:09,408 INFO  commandhandler.DeleteBlocksCommandHandler (DeleteBlocksCommandHandler.java:handle(106)) - Start to delete container blocks, TXIDs=[1(0),2(0),3(0)], numOfContainers=3, numOfBlocks=553
2019-06-13 13:51:09,409 INFO  commandhandler.DeleteBlocksCommandHandler (DeleteBlocksCommandHandler.java:handle(106)) - Start to delete container blocks, TXIDs=[1(0),2(0),3(0)], numOfContainers=3, numOfBlocks=553
2019-06-13 13:51:09,410 DEBUG block.DeletedBlockLogImpl (DeletedBlockLogImpl.java:isTransactionFailed(245)) - Got block deletion ACK from datanode, TXIDs=1, success=true
2019-06-13 13:51:09,411 DEBUG block.DeletedBlockLogImpl (DeletedBlockLogImpl.java:commitTransactions(227)) - Purging txId=1 from block deletion log
2019-06-13 13:51:09,411 DEBUG block.DeletedBlockLogImpl (DeletedBlockLogImpl.java:commitTransactions(231)) - Datanode txId=1 containerId=#1 committed by dnId=5d71e5de-6d45-4480-a1f1-d41cc2d38630
2019-06-13 13:51:09,411 DEBUG block.DeletedBlockLogImpl (DeletedBlockLogImpl.java:isTransactionFailed(245)) - Got block deletion ACK from datanode, TXIDs=2, success=true
2019-06-13 13:51:09,411 DEBUG block.DeletedBlockLogImpl (DeletedBlockLogImpl.java:commitTransactions(227)) - Purging txId=2 from block deletion log
2019-06-13 13:51:09,411 DEBUG block.DeletedBlockLogImpl (DeletedBlockLogImpl.java:commitTransactions(231)) - Datanode txId=2 containerId=#2 committed by dnId=5d71e5de-6d45-4480-a1f1-d41cc2d38630
2019-06-13 13:51:09,411 DEBUG block.DeletedBlockLogImpl (DeletedBlockLogImpl.java:isTransactionFailed(245)) - Got block deletion ACK from datanode, TXIDs=3, success=true
2019-06-13 13:51:09,411 DEBUG block.DeletedBlockLogImpl (DeletedBlockLogImpl.java:commitTransactions(227)) - Purging txId=3 from block deletion log
2019-06-13 13:51:09,411 DEBUG block.DeletedBlockLogImpl (DeletedBlockLogImpl.java:commitTransactions(231)) - Datanode txId=3 containerId=#3 committed by dnId=5d71e5de-6d45-4480-a1f1-d41cc2d38630
2019-06-13 13:51:09,411 DEBUG block.DeletedBlockLogImpl (DeletedBlockLogImpl.java:isTransactionFailed(245)) - Got block deletion ACK from datanode, TXIDs=1, success=true
2019-06-13 13:51:09,412 WARN  block.DeletedBlockLogImpl (DeletedBlockLogImpl.java:commitTransactions(205)) - Transaction txId=1 commit by dnId=5d71e5de-6d45-4480-a1f1-d41cc2d38630 for containerID=#1 failed. Corresponding entry not found.
2019-06-13 13:51:09,412 DEBUG block.DeletedBlockLogImpl (DeletedBlockLogImpl.java:isTransactionFailed(245)) - Got block deletion ACK from datanode, TXIDs=1, success=true
2019-06-13 13:51:09,412 WARN  block.DeletedBlockLogImpl (DeletedBlockLogImpl.java:commitTransactions(205)) - Transaction txId=1 commit by dnId=5d71e5de-6d45-4480-a1f1-d41cc2d38630 for containerID=#1 failed. Corresponding entry not found.
2019-06-13 13:51:09,412 DEBUG block.DeletedBlockLogImpl (DeletedBlockLogImpl.java:isTransactionFailed(245)) - Got block deletion ACK from datanode, TXIDs=1, success=true
2019-06-13 13:51:09,412 WARN  block.DeletedBlockLogImpl (DeletedBlockLogImpl.java:commitTransactions(205)) - Transaction txId=1 commit by dnId=5d71e5de-6d45-4480-a1f1-d41cc2d38630 for containerID=#1 failed. Corresponding entry not found.
2019-06-13 13:51:09,412 DEBUG block.DeletedBlockLogImpl (DeletedBlockLogImpl.java:isTransactionFailed(245)) - Got block deletion ACK from datanode, TXIDs=1, success=true
2019-06-13 13:51:09,412 WARN  block.DeletedBlockLogImpl (DeletedBlockLogImpl.java:commitTransactions(205)) - Transaction txId=1 commit by dnId=5d71e5de-6d45-4480-a1f1-d41cc2d38630 for containerID=#1 failed. Corresponding entry not found.
2019-06-13 13:51:09,412 DEBUG block.DeletedBlockLogImpl (DeletedBlockLogImpl.java:isTransactionFailed(245)) - Got block deletion ACK from datanode, TXIDs=1, success=true
2019-06-13 13:51:09,412 WARN  block.DeletedBlockLogImpl (DeletedBlockLogImpl.java:commitTransactions(205)) - Transaction txId=1 commit by dnId=5d71e5de-6d45-4480-a1f1-d41cc2d38630 for containerID=#1 failed. Corresponding entry not found.
2019-06-13 13:51:09,412 DEBUG block.DeletedBlockLogImpl (DeletedBlockLogImpl.java:isTransactionFailed(245)) - Got block deletion ACK from datanode, TXIDs=1, success=true
2019-06-13 13:51:09,412 WARN  block.DeletedBlockLogImpl (DeletedBlockLogImpl.java:commitTransactions(205)) - Transaction txId=1 commit by dnId=5d71e5de-6d45-4480-a1f1-d41cc2d38630 for containerID=#1 failed. Corresponding entry not found.
2019-06-13 13:51:09,412 DEBUG block.DeletedBlockLogImpl (DeletedBlockLogImpl.java:isTransactionFailed(245)) - Got block deletion ACK from datanode, TXIDs=1, success=true
2019-06-13 13:51:09,412 WARN  block.DeletedBlockLogImpl (DeletedBlockLogImpl.java:commitTransactions(205)) - Transaction txId=1 commit by dnId=5d71e5de-6d45-4480-a1f1-d41cc2d38630 for containerID=#1 failed. Corresponding entry not found.
2019-06-13 13:51:09,412 DEBUG block.DeletedBlockLogImpl (DeletedBlockLogImpl.java:isTransactionFailed(245)) - Got block deletion ACK from datanode, TXIDs=1, success=true
2019-06-13 13:51:09,412 WARN  block.DeletedBlockLogImpl (DeletedBlockLogImpl.java:commitTransactions(205)) - Transaction txId=1 commit by dnId=5d71e5de-6d45-4480-a1f1-d41cc2d38630 for containerID=#1 failed. Corresponding entry not found.
2019-06-13 13:51:09,412 DEBUG block.DeletedBlockLogImpl (DeletedBlockLogImpl.java:isTransactionFailed(245)) - Got block deletion ACK from datanode, TXIDs=1, success=true
2019-06-13 13:51:09,413 WARN  block.DeletedBlockLogImpl (DeletedBlockLogImpl.java:commitTransactions(205)) - Transaction txId=1 commit by dnId=5d71e5de-6d45-4480-a1f1-d41cc2d38630 for containerID=#1 failed. Corresponding entry not found.
2019-06-13 13:51:09,413 WARN  block.DeletedBlockLogImpl (DeletedBlockLogImpl.java:incrementCount(141)) - Deleted TXID not found.
2019-06-13 13:51:09,413 WARN  block.DeletedBlockLogImpl (DeletedBlockLogImpl.java:incrementCount(141)) - Deleted TXID not found.
2019-06-13 13:51:09,413 WARN  block.DeletedBlockLogImpl (DeletedBlockLogImpl.java:incrementCount(141)) - Deleted TXID not found.
2019-06-13 13:51:09,413 WARN  block.DeletedBlockLogImpl (DeleteBlocksCommandHandler.java:handle(106)) - Start to delete container blocks, TXIDs=[1(0),2(0),3(0)], numOfContainers=3, numOfBlocks=553
DeletedBlockLogImpl.java:incrementCount(141)) - Deleted TXID not found.
2019-06-13 13:51:09,413 INFO  commandhandler.DeleteBlocksCommandHandler (DeleteBlocksCommandHandler.java:handle(106)) - Start to delete container blocks, TXIDs=[1(0),2(0),3(0)], numOfContainers=3, numOfBlocks=553
2019-06-13 13:51:09,413 WARN  block.DeletedBlockLogImpl (DeletedBlockLogImpl.java:incrementCount(141)) - Deleted TXID not found.
2019-06-13 13:51:09,413 WARN  block.DeletedBlockLogImpl (DeletedBlockLogImpl.java:incrementCount(141)) - Deleted TXID not found.
2019-06-13 13:51:09,413 WARN  block.DeletedBlockLogImpl (DeletedBlockLogImpl.java:incrementCount(141)) - Deleted TXID not found.
2019-06-13 13:51:09,414 WARN  block.DeletedBlockLogImpl (DeletedBlockLogImpl.java:incrementCount(141)) - Deleted TXID not found.
2019-06-13 13:51:09,414 WARN  block.DeletedBlockLogImpl (DeletedBlockLogImpl.java:incrementCount(141)) - Deleted TXID not found.
2019-06-13 13:51:09,414 WARN  block.DeletedBlockLogImpl (DeletedBlockLogImpl.java:incrementCount(141)) - Deleted TXID not found.
2019-06-13 13:51:09,414 INFO  commandhandler.DeleteBlocksCommandHandler (DeletedBlockLogImpl.java:incrementCount(141)) - Deleted TXID not found.
2019-06-13 13:51:09,414 WARN  block.DeletedBlockLogImpl (DeleteBlocksCommandHandler.java:handle(106)) - Start to delete container blocks, TXIDs=[1(0),2(0),3(0)], numOfContainers=3, numOfBlocks=553
DeletedBlockLogImpl.java:incrementCount(141)) - Deleted TXID not found.
2019-06-13 13:51:09,414 WARN  block.DeletedBlockLogImpl (DeletedBlockLogImpl.java:incrementCount(141)) - Deleted TXID not found.
2019-06-13 13:51:09,414 WARN  block.DeletedBlockLogImpl (DeletedBlockLogImpl.java:incrementCount(141)) - Deleted TXID not found.
2019-06-13 13:51:09,414 WARN  block.DeletedBlockLogImpl (DeletedBlockLogImpl.java:incrementCount(141)) - Deleted TXID not found.
2019-06-13 13:51:09,414 WARN  block.DeletedBlockLogImpl (DeletedBlockLogImpl.java:incrementCount(141)) - Deleted TXID not found.
2019-06-13 13:51:09,415 WARN  block.DeletedBlockLogImpl (DeletedBlockLogImpl.java:incrementCount(141)) - Deleted TXID not found.
2019-06-13 13:51:09,415 WARN  block.DeletedBlockLogImpl (DeletedBlockLogImpl.java:incrementCount(141)) - Deleted TXID not found.
2019-06-13 13:51:09,415 WARN  block.DeletedBlockLogImpl (DeletedBlockLogImpl.java:incrementCount(141)) - Deleted TXID not found.
2019-06-13 13:51:09,415 WARN  block.DeletedBlockLogImpl (DeletedBlockLogImpl.java:incrementCount(141)) - Deleted TXID not found.
2019-06-13 13:51:09,415 WARN  block.DeletedBlockLogImpl (DeletedBlockLogImpl.java:incrementCount(141)) - Deleted TXID not found.
2019-06-13 13:51:09,415 WARN  block.DeletedBlockLogImpl (DeletedBlockLogImpl.java:incrementCount(141)) - Deleted TXID not found.
2019-06-13 13:51:09,415 WARN  block.DeletedBlockLogImpl (DeletedBlockLogImpl.java:incrementCount(141)) - Deleted TXID not found.
2019-06-13 13:51:09,415 WARN  block.DeletedBlockLogImpl (DeletedBlockLogImpl.java:incrementCount(141)) - Deleted TXID not found.
2019-06-13 13:51:09,415 WARN  block.DeletedBlockLogImpl (DeletedBlockLogImpl.java:incrementCount(141)) - Deleted TXID not found.
2019-06-13 13:51:09,415 WARN  block.DeletedBlockLogImpl (DeletedBlockLogImpl.java:incrementCount(141)) - Deleted TXID not found.
2019-06-13 13:51:09,415 WARN  block.DeletedBlockLogImpl (DeletedBlockLogImpl.java:incrementCount(141)) - Deleted TXID not found.
2019-06-13 13:51:09,415 WARN  block.DeletedBlockLogImpl (DeletedBlockLogImpl.java:incrementCount(141)) - Deleted TXID not found.
2019-06-13 13:51:09,415 WARN  block.DeletedBlockLogImpl (DeletedBlockLogImpl.java:incrementCount(141)) - Deleted TXID not found.
2019-06-13 13:51:09,415 WARN  block.DeletedBlockLogImpl (DeletedBlockLogImpl.java:incrementCount(141)) - Deleted TXID not found.
2019-06-13 13:51:09,416 WARN  block.DeletedBlockLogImpl (DeletedBlockLogImpl.java:incrementCount(141)) - Deleted TXID not found.
2019-06-13 13:51:09,416 WARN  block.DeletedBlockLogImpl (DeletedBlockLogImpl.java:incrementCount(141)) - Deleted TXID not found.
2019-06-13 13:51:09,416 WARN  block.DeletedBlockLogImpl (DeletedBlockLogImpl.java:incrementCount(141)) - Deleted TXID not found.
2019-06-13 13:51:09,416 WARN  block.DeletedBlockLogImpl (DeletedBlockLogImpl.java:incrementCount(141)) - Deleted TXID not found.
2019-06-13 13:51:09,416 WARN  block.DeletedBlockLogImpl (DeletedBlockLogImpl.java:incrementCount(141)) - Deleted TXID not found.
2019-06-13 13:51:09,416 WARN  block.DeletedBlockLogImpl (DeletedBlockLogImpl.java:incrementCount(141)) - Deleted TXID not found.
2019-06-13 13:51:09,416 INFO  commands.RetriableDatanodeEventWatcher (DeletedBlockLogImpl.java:incrementCount(141)) - Deleted TXID not found.
2019-06-13 13:51:09,416 WARN  block.DeletedBlockLogImpl (RetriableDatanodeEventWatcher.java:onTimeout(47)) - RetriableDatanodeCommand type=deleteBlocksCommand with id=1560433858560 timed out. Retrying.
DeletedBlockLogImpl.java:incrementCount(141)) - Deleted TXID not found.
2019-06-13 13:51:09,414 INFO  commandhandler.DeleteBlocksCommandHandler (DeleteBlocksCommandHandler.java:handle(106)) - Start to delete container blocks, TXIDs=[1(0),2(0),3(0)], numOfContainers=3, numOfBlocks=553
2019-06-13 13:51:09,416 WARN  block.DeletedBlockLogImpl (DeletedBlockLogImpl.java:incrementCount(141)) - Deleted TXID not found.
2019-06-13 13:51:09,416 INFO  commands.RetriableDatanodeEventWatcher (RetriableDatanodeEventWatcher.java:onTimeout(47)) - RetriableDatanodeCommand type=deleteBlocksCommand with id=1560433858560 timed out. Retrying.
2019-06-13 13:51:09,417 INFO  commandhandler.DeleteBlocksCommandHandler (DeleteBlocksCommandHandler.java:handle(106)) - Start to delete container blocks, TXIDs=[1(0),2(0),3(0)], numOfContainers=3, numOfBlocks=553
2019-06-13 13:51:09,418 INFO  commands.RetriableDatanodeEventWatcher (RetriableDatanodeEventWatcher.java:onTimeout(47)) - RetriableDatanodeCommand type=deleteBlocksCommand with id=1560433858521 timed out. Retrying.
2019-06-13 13:51:09,418 INFO  commands.RetriableDatanodeEventWatcher (RetriableDatanodeEventWatcher.java:onTimeout(47)) - RetriableDatanodeCommand type=deleteBlocksCommand with id=1560433858491 timed out. Retrying.
2019-06-13 13:51:09,418 INFO  commands.RetriableDatanodeEventWatcher (RetriableDatanodeEventWatcher.java:onTimeout(47)) - RetriableDatanodeCommand type=deleteBlocksCommand with id=1560433858501 timed out. Retrying.
2019-06-13 13:51:09,418 INFO  commandhandler.DeleteBlocksCommandHandler (DeleteBlocksCommandHandler.java:handle(106)) - Start to delete container blocks, TXIDs=[1(0),2(0),3(0)], numOfContainers=3, numOfBlocks=553
2019-06-13 13:51:09,419 INFO  commandhandler.DeleteBlocksCommandHandler (DeleteBlocksCommandHandler.java:handle(106)) - Start to delete container blocks, TXIDs=[1(0),2(0),3(0)], numOfContainers=3, numOfBlocks=553
2019-06-13 13:51:09,420 INFO  commandhandler.DeleteBlocksCommandHandler (DeleteBlocksCommandHandler.java:handle(106)) - Start to delete container blocks, TXIDs=[1(0),2(0),3(0)], numOfContainers=3, numOfBlocks=553
2019-06-13 13:51:09,421 INFO  commands.RetriableDatanodeEventWatcher (RetriableDatanodeEventWatcher.java:onTimeout(47)) - RetriableDatanodeCommand type=deleteBlocksCommand with id=1560433858511 timed out. Retrying.
2019-06-13 13:51:09,421 INFO  commandhandler.DeleteBlocksCommandHandler (DeleteBlocksCommandHandler.java:handle(106)) - Start to delete container blocks, TXIDs=[1(0),2(0),3(0)], numOfContainers=3, numOfBlocks=553
2019-06-13 13:51:09,422 INFO  commandhandler.DeleteBlocksCommandHandler (DeleteBlocksCommandHandler.java:handle(106)) - Start to delete container blocks, TXIDs=[1(0),2(0),3(0)], numOfContainers=3, numOfBlocks=553
2019-06-13 13:51:09,423 INFO  commandhandler.DeleteBlocksCommandHandler (DeleteBlocksCommandHandler.java:handle(106)) - Start to delete container blocks, TXIDs=[1(0),2(0),3(0)], numOfContainers=3, numOfBlocks=553
2019-06-13 13:51:09,424 INFO  commandhandler.DeleteBlocksCommandHandler (DeleteBlocksCommandHandler.java:handle(106)) - Start to delete container blocks, TXIDs=[1(0),2(0),3(0)], numOfContainers=3, numOfBlocks=553
2019-06-13 13:51:09,425 INFO  commandhandler.DeleteBlocksCommandHandler (DeleteBlocksCommandHandler.java:handle(106)) - Start to delete container blocks, TXIDs=[1(0),2(0),3(0)], numOfContainers=3, numOfBlocks=553
2019-06-13 13:51:09,426 INFO  commandhandler.DeleteBlocksCommandHandler (DeleteBlocksCommandHandler.java:handle(106)) - Start to delete container blocks, TXIDs=[1(0),2(0),3(0)], numOfContainers=3, numOfBlocks=553
2019-06-13 13:51:09,427 INFO  commandhandler.DeleteBlocksCommandHandler (DeleteBlocksCommandHandler.java:handle(106)) - Start to delete container blocks, TXIDs=[1(0),2(0),3(0)], numOfContainers=3, numOfBlocks=553
2019-06-13 13:51:09,428 INFO  commandhandler.DeleteBlocksCommandHandler (DeleteBlocksCommandHandler.java:handle(106)) - Start to delete container blocks, TXIDs=[1(0),2(0),3(0)], numOfContainers=3, numOfBlocks=553
2019-06-13 13:51:09,430 DEBUG block.SCMBlockDeletingService (SCMBlockDeletingService.java:call(138)) - Running DeletedBlockTransactionScanner
2019-06-13 13:51:09,430 DEBUG block.SCMBlockDeletingService (SCMBlockDeletingService.java:call(155)) - Scanned deleted blocks log and got 0 delTX to process.
2019-06-13 13:51:09,443 INFO  background.BlockDeletingService (BlockDeletingService.java:call(246)) - Container: 1, deleted blocks: 185, task elapsed time: 218ms
2019-06-13 13:51:09,443 INFO  commandhandler.DeleteBlocksCommandHandler (DeleteBlocksCommandHandler.java:handle(106)) - Start to delete container blocks, TXIDs=[1(0),2(0),3(0)], numOfContainers=3, numOfBlocks=553
2019-06-13 13:51:09,444 INFO  commandhandler.DeleteBlocksCommandHandler (DeleteBlocksCommandHandler.java:handle(106)) - Start to delete container blocks, TXIDs=[1(0),2(0),3(0)], numOfContainers=3, numOfBlocks=553
2019-06-13 13:51:09,446 INFO  commandhandler.DeleteBlocksCommandHandler (DeleteBlocksCommandHandler.java:handle(106)) - Start to delete container blocks, TXIDs=[1(0),2(0),3(0)], numOfContainers=3, numOfBlocks=553
2019-06-13 13:51:09,447 INFO  commandhandler.DeleteBlocksCommandHandler (DeleteBlocksCommandHandler.java:handle(106)) - Start to delete container blocks, TXIDs=[1(0),2(0),3(0)], numOfContainers=3, numOfBlocks=553
2019-06-13 13:51:09,447 INFO  commandhandler.DeleteBlocksCommandHandler (DeleteBlocksCommandHandler.java:handle(106)) - Start to delete container blocks, TXIDs=[1(0),2(0),3(0)], numOfContainers=3, numOfBlocks=553
2019-06-13 13:51:09,448 INFO  commandhandler.DeleteBlocksCommandHandler (DeleteBlocksCommandHandler.java:handle(106)) - Start to delete container blocks, TXIDs=[1(0),2(0),3(0)], numOfContainers=3, numOfBlocks=553
2019-06-13 13:51:09,449 INFO  commandhandler.DeleteBlocksCommandHandler (DeleteBlocksCommandHandler.java:handle(106)) - Start to delete container blocks, TXIDs=[1(0),2(0),3(0)], numOfContainers=3, numOfBlocks=553
2019-06-13 13:51:09,449 INFO  commandhandler.DeleteBlocksCommandHandler (DeleteBlocksCommandHandler.java:handle(106)) - Start to delete container blocks, TXIDs=[1(0),2(0),3(0)], numOfContainers=3, numOfBlocks=553
2019-06-13 13:51:09,450 INFO  commandhandler.DeleteBlocksCommandHandler (DeleteBlocksCommandHandler.java:handle(106)) - Start to delete container blocks, TXIDs=[1(0),2(0),3(0)], numOfContainers=3, numOfBlocks=553
2019-06-13 13:51:09,451 INFO  commandhandler.DeleteBlocksCommandHandler (DeleteBlocksCommandHandler.java:handle(106)) - Start to delete container blocks, TXIDs=[1(0),2(0),3(0)], numOfContainers=3, numOfBlocks=553
2019-06-13 13:51:09,452 INFO  commandhandler.DeleteBlocksCommandHandler (DeleteBlocksCommandHandler.java:handle(106)) - Start to delete container blocks, TXIDs=[1(0),2(0),3(0)], numOfContainers=3, numOfBlocks=553
2019-06-13 13:51:09,452 INFO  commandhandler.DeleteBlocksCommandHandler (DeleteBlocksCommandHandler.java:handle(106)) - Start to delete container blocks, TXIDs=[1(0),2(0),3(0)], numOfContainers=3, numOfBlocks=553
2019-06-13 13:51:09,453 INFO  commandhandler.DeleteBlocksCommandHandler (DeleteBlocksCommandHandler.java:handle(106)) - Start to delete container blocks, TXIDs=[1(0),2(0),3(0)], numOfContainers=3, numOfBlocks=553
2019-06-13 13:51:09,454 INFO  commandhandler.DeleteBlocksCommandHandler (DeleteBlocksCommandHandler.java:handle(106)) - Start to delete container blocks, TXIDs=[1(0),2(0),3(0)], numOfContainers=3, numOfBlocks=553
2019-06-13 13:51:09,455 INFO  commandhandler.DeleteBlocksCommandHandler (DeleteBlocksCommandHandler.java:handle(106)) - Start to delete container blocks, TXIDs=[1(0),2(0),3(0)], numOfContainers=3, numOfBlocks=553
2019-06-13 13:51:09,456 INFO  commandhandler.DeleteBlocksCommandHandler (DeleteBlocksCommandHandler.java:handle(106)) - Start to delete container blocks, TXIDs=[1(0),2(0),3(0)], numOfContainers=3, numOfBlocks=553
2019-06-13 13:51:09,457 INFO  commandhandler.DeleteBlocksCommandHandler (DeleteBlocksCommandHandler.java:handle(106)) - Start to delete container blocks, TXIDs=[1(0),2(0),3(0)], numOfContainers=3, numOfBlocks=553
2019-06-13 13:51:09,458 INFO  commandhandler.DeleteBlocksCommandHandler (DeleteBlocksCommandHandler.java:handle(106)) - Start to delete container blocks, TXIDs=[1(0),2(0),3(0)], numOfContainers=3, numOfBlocks=553
2019-06-13 13:51:09,459 INFO  commandhandler.DeleteBlocksCommandHandler (DeleteBlocksCommandHandler.java:handle(106)) - Start to delete container blocks, TXIDs=[1(0),2(0),3(0)], numOfContainers=3, numOfBlocks=553
2019-06-13 13:51:09,460 INFO  commandhandler.DeleteBlocksCommandHandler (DeleteBlocksCommandHandler.java:handle(106)) - Start to delete container blocks, TXIDs=[1(0),2(0),3(0)], numOfContainers=3, numOfBlocks=553
2019-06-13 13:51:09,461 INFO  commandhandler.DeleteBlocksCommandHandler (DeleteBlocksCommandHandler.java:handle(106)) - Start to delete container blocks, TXIDs=[1(0),2(0),3(0)], numOfContainers=3, numOfBlocks=553
2019-06-13 13:51:09,462 INFO  commandhandler.DeleteBlocksCommandHandler (DeleteBlocksCommandHandler.java:handle(106)) - Start to delete container blocks, TXIDs=[1(0),2(0),3(0)], numOfContainers=3, numOfBlocks=553
2019-06-13 13:51:09,463 INFO  commandhandler.DeleteBlocksCommandHandler (DeleteBlocksCommandHandler.java:handle(106)) - Start to delete container blocks, TXIDs=[1(0),2(0),3(0)], numOfContainers=3, numOfBlocks=553
2019-06-13 13:51:09,464 INFO  commandhandler.DeleteBlocksCommandHandler (DeleteBlocksCommandHandler.java:handle(106)) - Start to delete container blocks, TXIDs=[1(0),2(0),3(0)], numOfContainers=3, numOfBlocks=553
2019-06-13 13:51:09,465 INFO  commandhandler.DeleteBlocksCommandHandler (DeleteBlocksCommandHandler.java:handle(106)) - Start to delete container blocks, TXIDs=[1(0),2(0),3(0)], numOfContainers=3, numOfBlocks=553
2019-06-13 13:51:09,466 INFO  commandhandler.DeleteBlocksCommandHandler (DeleteBlocksCommandHandler.java:handle(106)) - Start to delete container blocks, TXIDs=[1(0),2(0),3(0)], numOfContainers=3, numOfBlocks=553
2019-06-13 13:51:09,467 INFO  commandhandler.DeleteBlocksCommandHandler (DeleteBlocksCommandHandler.java:handle(106)) - Start to delete container blocks, TXIDs=[1(0),2(0),3(0)], numOfContainers=3, numOfBlocks=553
2019-06-13 13:51:09,468 INFO  commandhandler.DeleteBlocksCommandHandler (DeleteBlocksCommandHandler.java:handle(106)) - Start to delete container blocks, TXIDs=[1(0),2(0),3(0)], numOfContainers=3, numOfBlocks=553
2019-06-13 13:51:09,469 INFO  commandhandler.DeleteBlocksCommandHandler (DeleteBlocksCommandHandler.java:handle(106)) - Start to delete container blocks, TXIDs=[1(0),2(0),3(0)], numOfContainers=3, numOfBlocks=553
2019-06-13 13:51:09,470 INFO  commandhandler.DeleteBlocksCommandHandler (DeleteBlocksCommandHandler.java:handle(106)) - Start to delete container blocks, TXIDs=[1(0),2(0),3(0)], numOfContainers=3, numOfBlocks=553
2019-06-13 13:51:09,471 INFO  commandhandler.DeleteBlocksCommandHandler (DeleteBlocksCommandHandler.java:handle(106)) - Start to delete container blocks, TXIDs=[1(0),2(0),3(0)], numOfContainers=3, numOfBlocks=553
2019-06-13 13:51:09,472 INFO  commandhandler.DeleteBlocksCommandHandler (DeleteBlocksCommandHandler.java:handle(106)) - Start to delete container blocks, TXIDs=[1(0),2(0),3(0)], numOfContainers=3, numOfBlocks=553
2019-06-13 13:51:09,472 INFO  commands.RetriableDatanodeEventWatcher (RetriableDatanodeEventWatcher.java:onTimeout(47)) - RetriableDatanodeCommand type=deleteBlocksCommand with id=1560433858472 timed out. Retrying.
2019-06-13 13:51:09,473 INFO  commandhandler.DeleteBlocksCommandHandler (DeleteBlocksCommandHandler.java:handle(106)) - Start to delete container blocks, TXIDs=[1(0),2(0),3(0)], numOfContainers=3, numOfBlocks=553
2019-06-13 13:51:09,474 INFO  background.BlockDeletingService (BlockDeletingService.java:call(246)) - Container: 2, deleted blocks: 184, task elapsed time: 249ms
2019-06-13 13:51:09,475 INFO  commandhandler.DeleteBlocksCommandHandler (DeleteBlocksCommandHandler.java:handle(106)) - Start to delete container blocks, TXIDs=[1(0),2(0),3(0)], numOfContainers=3, numOfBlocks=553
2019-06-13 13:51:09,476 INFO  commandhandler.DeleteBlocksCommandHandler (DeleteBlocksCommandHandler.java:handle(106)) - Start to delete container blocks, TXIDs=[1(0),2(0),3(0)], numOfContainers=3, numOfBlocks=553
2019-06-13 13:51:09,476 INFO  commandhandler.DeleteBlocksCommandHandler (DeleteBlocksCommandHandler.java:handle(106)) - Start to delete container blocks, TXIDs=[1(0),2(0),3(0)], numOfContainers=3, numOfBlocks=553
2019-06-13 13:51:09,477 INFO  commandhandler.DeleteBlocksCommandHandler (DeleteBlocksCommandHandler.java:handle(106)) - Start to delete container blocks, TXIDs=[1(0),2(0),3(0)], numOfContainers=3, numOfBlocks=553
2019-06-13 13:51:09,478 INFO  commandhandler.DeleteBlocksCommandHandler (DeleteBlocksCommandHandler.java:handle(106)) - Start to delete container blocks, TXIDs=[1(0),2(0),3(0)], numOfContainers=3, numOfBlocks=553
2019-06-13 13:51:09,478 INFO  commandhandler.DeleteBlocksCommandHandler (DeleteBlocksCommandHandler.java:handle(106)) - Start to delete container blocks, TXIDs=[1(0),2(0),3(0)], numOfContainers=3, numOfBlocks=553
2019-06-13 13:51:09,479 INFO  commands.RetriableDatanodeEventWatcher (RetriableDatanodeEventWatcher.java:onTimeout(47)) - RetriableDatanodeCommand type=deleteBlocksCommand with id=1560433858531 timed out. Retrying.
2019-06-13 13:51:09,479 INFO  commandhandler.DeleteBlocksCommandHandler (DeleteBlocksCommandHandler.java:handle(106)) - Start to delete container blocks, TXIDs=[1(0),2(0),3(0)], numOfContainers=3, numOfBlocks=553
2019-06-13 13:51:09,480 INFO  commandhandler.DeleteBlocksCommandHandler (DeleteBlocksCommandHandler.java:handle(106)) - Start to delete container blocks, TXIDs=[1(0),2(0),3(0)], numOfContainers=3, numOfBlocks=553
2019-06-13 13:51:09,480 INFO  commandhandler.DeleteBlocksCommandHandler (DeleteBlocksCommandHandler.java:handle(106)) - Start to delete container blocks, TXIDs=[1(0),2(0),3(0)], numOfContainers=3, numOfBlocks=553
2019-06-13 13:51:09,481 INFO  commandhandler.DeleteBlocksCommandHandler (DeleteBlocksCommandHandler.java:handle(106)) - Start to delete container blocks, TXIDs=[1(0),2(0),3(0)], numOfContainers=3, numOfBlocks=553
2019-06-13 13:51:09,481 INFO  commandhandler.DeleteBlocksCommandHandler (DeleteBlocksCommandHandler.java:handle(106)) - Start to delete container blocks, TXIDs=[1(0),2(0),3(0)], numOfContainers=3, numOfBlocks=553
2019-06-13 13:51:09,482 INFO  commandhandler.DeleteBlocksCommandHandler (DeleteBlocksCommandHandler.java:handle(106)) - Start to delete container blocks, TXIDs=[1(0),2(0),3(0)], numOfContainers=3, numOfBlocks=553
2019-06-13 13:51:09,483 INFO  commandhandler.DeleteBlocksCommandHandler (DeleteBlocksCommandHandler.java:handle(106)) - Start to delete container blocks, TXIDs=[1(0),2(0),3(0)], numOfContainers=3, numOfBlocks=553
2019-06-13 13:51:09,484 INFO  commandhandler.DeleteBlocksCommandHandler (DeleteBlocksCommandHandler.java:handle(106)) - Start to delete container blocks, TXIDs=[1(0),2(0),3(0)], numOfContainers=3, numOfBlocks=553
2019-06-13 13:51:09,484 INFO  commandhandler.DeleteBlocksCommandHandler (DeleteBlocksCommandHandler.java:handle(106)) - Start to delete container blocks, TXIDs=[1(0),2(0),3(0)], numOfContainers=3, numOfBlocks=553
2019-06-13 13:51:09,485 INFO  commandhandler.DeleteBlocksCommandHandler (DeleteBlocksCommandHandler.java:handle(106)) - Start to delete container blocks, TXIDs=[1(0),2(0),3(0)], numOfContainers=3, numOfBlocks=553
2019-06-13 13:51:09,485 INFO  commandhandler.DeleteBlocksCommandHandler (DeleteBlocksCommandHandler.java:handle(106)) - Start to delete container blocks, TXIDs=[1(0),2(0),3(0)], numOfContainers=3, numOfBlocks=553
2019-06-13 13:51:09,486 INFO  commandhandler.DeleteBlocksCommandHandler (DeleteBlocksCommandHandler.java:handle(106)) - Start to delete container blocks, TXIDs=[1(0),2(0),3(0)], numOfContainers=3, numOfBlocks=553
2019-06-13 13:51:09,487 INFO  commandhandler.DeleteBlocksCommandHandler (DeleteBlocksCommandHandler.java:handle(106)) - Start to delete container blocks, TXIDs=[1(0),2(0),3(0)], numOfContainers=3, numOfBlocks=553
2019-06-13 13:51:09,487 INFO  commandhandler.DeleteBlocksCommandHandler (DeleteBlocksCommandHandler.java:handle(106)) - Start to delete container blocks, TXIDs=[1(0),2(0),3(0)], numOfContainers=3, numOfBlocks=553
2019-06-13 13:51:09,488 INFO  commandhandler.DeleteBlocksCommandHandler (DeleteBlocksCommandHandler.java:handle(106)) - Start to delete container blocks, TXIDs=[1(0),2(0),3(0)], numOfContainers=3, numOfBlocks=553
2019-06-13 13:51:09,489 INFO  commandhandler.DeleteBlocksCommandHandler (DeleteBlocksCommandHandler.java:handle(106)) - Start to delete container blocks, TXIDs=[1(0),2(0),3(0)], numOfContainers=3, numOfBlocks=553
2019-06-13 13:51:09,489 INFO  commandhandler.DeleteBlocksCommandHandler (DeleteBlocksCommandHandler.java:handle(106)) - Start to delete container blocks, TXIDs=[1(0),2(0),3(0)], numOfContainers=3, numOfBlocks=553
2019-06-13 13:51:09,490 INFO  commandhandler.DeleteBlocksCommandHandler (DeleteBlocksCommandHandler.java:handle(106)) - Start to delete container blocks, TXIDs=[1(0),2(0),3(0)], numOfContainers=3, numOfBlocks=553
2019-06-13 13:51:09,490 INFO  commandhandler.DeleteBlocksCommandHandler (DeleteBlocksCommandHandler.java:handle(106)) - Start to delete container blocks, TXIDs=[1(0),2(0),3(0)], numOfContainers=3, numOfBlocks=553
2019-06-13 13:51:09,491 INFO  commandhandler.DeleteBlocksCommandHandler (DeleteBlocksCommandHandler.java:handle(106)) - Start to delete container blocks, TXIDs=[1(0),2(0),3(0)], numOfContainers=3, numOfBlocks=553
2019-06-13 13:51:09,492 INFO  commandhandler.DeleteBlocksCommandHandler (DeleteBlocksCommandHandler.java:handle(106)) - Start to delete container blocks, TXIDs=[1(0),2(0),3(0)], numOfContainers=3, numOfBlocks=553
2019-06-13 13:51:09,492 INFO  commands.RetriableDatanodeEventWatcher (RetriableDatanodeEventWatcher.java:onTimeout(47)) - RetriableDatanodeCommand type=deleteBlocksCommand with id=1560433858551 timed out. Retrying.
2019-06-13 13:51:09,492 INFO  commands.RetriableDatanodeEventWatcher (RetriableDatanodeEventWatcher.java:onTimeout(47)) - RetriableDatanodeCommand type=deleteBlocksCommand with id=1560433858541 timed out. Retrying.
2019-06-13 13:51:09,492 INFO  commands.RetriableDatanodeEventWatcher (RetriableDatanodeEventWatcher.java:onTimeout(47)) - RetriableDatanodeCommand type=deleteBlocksCommand with id=1560433858492 timed out. Retrying.
2019-06-13 13:51:09,492 INFO  commands.RetriableDatanodeEventWatcher (RetriableDatanodeEventWatcher.java:onTimeout(47)) - RetriableDatanodeCommand type=deleteBlocksCommand with id=1560433858482 timed out. Retrying.
2019-06-13 13:51:09,492 INFO  commandhandler.DeleteBlocksCommandHandler (DeleteBlocksCommandHandler.java:handle(106)) - Start to delete container blocks, TXIDs=[1(0),2(0),3(0)], numOfContainers=3, numOfBlocks=553
2019-06-13 13:51:09,493 INFO  commandhandler.DeleteBlocksCommandHandler (DeleteBlocksCommandHandler.java:handle(106)) - Start to delete container blocks, TXIDs=[1(0),2(0),3(0)], numOfContainers=3, numOfBlocks=553
2019-06-13 13:51:09,494 INFO  commandhandler.DeleteBlocksCommandHandler (DeleteBlocksCommandHandler.java:handle(106)) - Start to delete container blocks, TXIDs=[1(0),2(0),3(0)], numOfContainers=3, numOfBlocks=553
2019-06-13 13:51:09,494 INFO  commandhandler.DeleteBlocksCommandHandler (DeleteBlocksCommandHandler.java:handle(106)) - Start to delete container blocks, TXIDs=[1(0),2(0),3(0)], numOfContainers=3, numOfBlocks=553
2019-06-13 13:51:09,495 INFO  commandhandler.DeleteBlocksCommandHandler (DeleteBlocksCommandHandler.java:handle(106)) - Start to delete container blocks, TXIDs=[1(0),2(0),3(0)], numOfContainers=3, numOfBlocks=553
2019-06-13 13:51:09,495 INFO  commandhandler.DeleteBlocksCommandHandler (DeleteBlocksCommandHandler.java:handle(106)) - Start to delete container blocks, TXIDs=[1(0),2(0),3(0)], numOfContainers=3, numOfBlocks=553
2019-06-13 13:51:09,496 INFO  commandhandler.DeleteBlocksCommandHandler (DeleteBlocksCommandHandler.java:handle(106)) - Start to delete container blocks, TXIDs=[1(0),2(0),3(0)], numOfContainers=3, numOfBlocks=553
2019-06-13 13:51:09,497 INFO  commandhandler.DeleteBlocksCommandHandler (DeleteBlocksCommandHandler.java:handle(106)) - Start to delete container blocks, TXIDs=[1(0),2(0),3(0)], numOfContainers=3, numOfBlocks=553
2019-06-13 13:51:09,498 INFO  commandhandler.DeleteBlocksCommandHandler (DeleteBlocksCommandHandler.java:handle(106)) - Start to delete container blocks, TXIDs=[1(0),2(0),3(0)], numOfContainers=3, numOfBlocks=553
2019-06-13 13:51:09,499 INFO  commandhandler.DeleteBlocksCommandHandler (DeleteBlocksCommandHandler.java:handle(106)) - Start to delete container blocks, TXIDs=[1(0),2(0),3(0)], numOfContainers=3, numOfBlocks=553
2019-06-13 13:51:09,500 INFO  commands.RetriableDatanodeEventWatcher (RetriableDatanodeEventWatcher.java:onTimeout(47)) - RetriableDatanodeCommand type=deleteBlocksCommand with id=1560433858502 timed out. Retrying.
2019-06-13 13:51:09,500 INFO  commandhandler.DeleteBlocksCommandHandler (DeleteBlocksCommandHandler.java:handle(106)) - Start to delete container blocks, TXIDs=[1(0),2(0),3(0)], numOfContainers=3, numOfBlocks=553
2019-06-13 13:51:09,501 INFO  commandhandler.DeleteBlocksCommandHandler (DeleteBlocksCommandHandler.java:handle(106)) - Start to delete container blocks, TXIDs=[1(0),2(0),3(0)], numOfContainers=3, numOfBlocks=553
2019-06-13 13:51:09,502 INFO  commandhandler.DeleteBlocksCommandHandler (DeleteBlocksCommandHandler.java:handle(106)) - Start to delete container blocks, TXIDs=[1(0),2(0),3(0)], numOfContainers=3, numOfBlocks=553
2019-06-13 13:51:09,503 INFO  commandhandler.DeleteBlocksCommandHandler (DeleteBlocksCommandHandler.java:handle(106)) - Start to delete container blocks, TXIDs=[1(0),2(0),3(0)], numOfContainers=3, numOfBlocks=553
2019-06-13 13:51:09,503 INFO  commandhandler.DeleteBlocksCommandHandler (DeleteBlocksCommandHandler.java:handle(106)) - Start to delete container blocks, TXIDs=[1(0),2(0),3(0)], numOfContainers=3, numOfBlocks=553
2019-06-13 13:51:09,504 INFO  commandhandler.DeleteBlocksCommandHandler (DeleteBlocksCommandHandler.java:handle(106)) - Start to delete container blocks, TXIDs=[1(0),2(0),3(0)], numOfContainers=3, numOfBlocks=553
2019-06-13 13:51:09,505 INFO  commandhandler.DeleteBlocksCommandHandler (DeleteBlocksCommandHandler.java:handle(106)) - Start to delete container blocks, TXIDs=[1(0),2(0),3(0)], numOfContainers=3, numOfBlocks=553
2019-06-13 13:51:09,505 INFO  commands.RetriableDatanodeEventWatcher (RetriableDatanodeEventWatcher.java:onTimeout(47)) - RetriableDatanodeCommand type=deleteBlocksCommand with id=1560433858512 timed out. Retrying.
2019-06-13 13:51:09,505 INFO  commandhandler.DeleteBlocksCommandHandler (DeleteBlocksCommandHandler.java:handle(106)) - Start to delete container blocks, TXIDs=[1(0),2(0),3(0)], numOfContainers=3, numOfBlocks=553
2019-06-13 13:51:09,506 INFO  commandhandler.DeleteBlocksCommandHandler (DeleteBlocksCommandHandler.java:handle(106)) - Start to delete container blocks, TXIDs=[1(0),2(0),3(0)], numOfContainers=3, numOfBlocks=553
2019-06-13 13:51:09,507 INFO  commandhandler.DeleteBlocksCommandHandler (DeleteBlocksCommandHandler.java:handle(106)) - Start to delete container blocks, TXIDs=[1(0),2(0),3(0)], numOfContainers=3, numOfBlocks=553
2019-06-13 13:51:09,507 INFO  commandhandler.DeleteBlocksCommandHandler (DeleteBlocksCommandHandler.java:handle(106)) - Start to delete container blocks, TXIDs=[1(0),2(0),3(0)], numOfContainers=3, numOfBlocks=553
2019-06-13 13:51:09,508 INFO  commandhandler.DeleteBlocksCommandHandler (DeleteBlocksCommandHandler.java:handle(106)) - Start to delete container blocks, TXIDs=[1(0),2(0),3(0)], numOfContainers=3, numOfBlocks=553
2019-06-13 13:51:09,508 INFO  commandhandler.DeleteBlocksCommandHandler (DeleteBlocksCommandHandler.java:handle(106)) - Start to delete container blocks, TXIDs=[1(0),2(0),3(0)], numOfContainers=3, numOfBlocks=553
2019-06-13 13:51:09,509 INFO  commandhandler.DeleteBlocksCommandHandler (DeleteBlocksCommandHandler.java:handle(106)) - Start to delete container blocks, TXIDs=[1(0),2(0),3(0)], numOfContainers=3, numOfBlocks=553
2019-06-13 13:51:09,509 INFO  commandhandler.DeleteBlocksCommandHandler (DeleteBlocksCommandHandler.java:handle(106)) - Start to delete container blocks, TXIDs=[1(0),2(0),3(0)], numOfContainers=3, numOfBlocks=553
2019-06-13 13:51:09,510 INFO  commandhandler.DeleteBlocksCommandHandler (DeleteBlocksCommandHandler.java:handle(106)) - Start to delete container blocks, TXIDs=[1(0),2(0),3(0)], numOfContainers=3, numOfBlocks=553
2019-06-13 13:51:09,511 INFO  commandhandler.DeleteBlocksCommandHandler (DeleteBlocksCommandHandler.java:handle(106)) - Start to delete container blocks, TXIDs=[1(0),2(0),3(0)], numOfContainers=3, numOfBlocks=553
2019-06-13 13:51:09,511 INFO  commandhandler.DeleteBlocksCommandHandler (DeleteBlocksCommandHandler.java:handle(106)) - Start to delete container blocks, TXIDs=[1(0),2(0),3(0)], numOfContainers=3, numOfBlocks=553
2019-06-13 13:51:09,512 INFO  commandhandler.DeleteBlocksCommandHandler (DeleteBlocksCommandHandler.java:handle(106)) - Start to delete container blocks, TXIDs=[1(0),2(0),3(0)], numOfContainers=3, numOfBlocks=553
2019-06-13 13:51:09,512 INFO  commandhandler.DeleteBlocksCommandHandler (DeleteBlocksCommandHandler.java:handle(106)) - Start to delete container blocks, TXIDs=[1(0),2(0),3(0)], numOfContainers=3, numOfBlocks=553
2019-06-13 13:51:09,513 INFO  commandhandler.DeleteBlocksCommandHandler (DeleteBlocksCommandHandler.java:handle(106)) - Start to delete container blocks, TXIDs=[1(0),2(0),3(0)], numOfContainers=3, numOfBlocks=553
2019-06-13 13:51:09,513 INFO  commands.RetriableDatanodeEventWatcher (RetriableDatanodeEventWatcher.java:onTimeout(47)) - RetriableDatanodeCommand type=deleteBlocksCommand with id=1560433858522 timed out. Retrying.
2019-06-13 13:51:09,514 INFO  commandhandler.DeleteBlocksCommandHandler (DeleteBlocksCommandHandler.java:handle(106)) - Start to delete container blocks, TXIDs=[1(0),2(0),3(0)], numOfContainers=3, numOfBlocks=553
2019-06-13 13:51:09,514 INFO  commandhandler.DeleteBlocksCommandHandler (DeleteBlocksCommandHandler.java:handle(106)) - Start to delete container blocks, TXIDs=[1(0),2(0),3(0)], numOfContainers=3, numOfBlocks=553
2019-06-13 13:51:09,515 INFO  commands.RetriableDatanodeEventWatcher (RetriableDatanodeEventWatcher.java:onTimeout(47)) - RetriableDatanodeCommand type=deleteBlocksCommand with id=1560433858561 timed out. Retrying.
2019-06-13 13:51:09,515 INFO  commandhandler.DeleteBlocksCommandHandler (DeleteBlocksCommandHandler.java:handle(106)) - Start to delete container blocks, TXIDs=[1(0),2(0),3(0)], numOfContainers=3, numOfBlocks=553
2019-06-13 13:51:09,516 INFO  commandhandler.DeleteBlocksCommandHandler (DeleteBlocksCommandHandler.java:handle(106)) - Start to delete container blocks, TXIDs=[1(0),2(0),3(0)], numOfContainers=3, numOfBlocks=553
2019-06-13 13:51:09,516 INFO  commandhandler.DeleteBlocksCommandHandler (DeleteBlocksCommandHandler.java:handle(106)) - Start to delete container blocks, TXIDs=[1(0),2(0),3(0)], numOfContainers=3, numOfBlocks=553
2019-06-13 13:51:09,517 INFO  commandhandler.DeleteBlocksCommandHandler (DeleteBlocksCommandHandler.java:handle(106)) - Start to delete container blocks, TXIDs=[1(0),2(0),3(0)], numOfContainers=3, numOfBlocks=553
2019-06-13 13:51:09,517 INFO  commandhandler.DeleteBlocksCommandHandler (DeleteBlocksCommandHandler.java:handle(106)) - Start to delete container blocks, TXIDs=[1(0),2(0),3(0)], numOfContainers=3, numOfBlocks=553
2019-06-13 13:51:09,518 INFO  commandhandler.DeleteBlocksCommandHandler (DeleteBlocksCommandHandler.java:handle(106)) - Start to delete container blocks, TXIDs=[1(0),2(0),3(0)], numOfContainers=3, numOfBlocks=553
2019-06-13 13:51:09,518 INFO  commandhandler.DeleteBlocksCommandHandler (DeleteBlocksCommandHandler.java:handle(106)) - Start to delete container blocks, TXIDs=[1(0),2(0),3(0)], numOfContainers=3, numOfBlocks=553
2019-06-13 13:51:09,519 INFO  commandhandler.DeleteBlocksCommandHandler (DeleteBlocksCommandHandler.java:handle(106)) - Start to delete container blocks, TXIDs=[1(0),2(0),3(0)], numOfContainers=3, numOfBlocks=553
2019-06-13 13:51:09,520 INFO  commandhandler.DeleteBlocksCommandHandler (DeleteBlocksCommandHandler.java:handle(106)) - Start to delete container blocks, TXIDs=[1(0),2(0),3(0)], numOfContainers=3, numOfBlocks=553
2019-06-13 13:51:09,520 INFO  commandhandler.DeleteBlocksCommandHandler (DeleteBlocksCommandHandler.java:handle(106)) - Start to delete container blocks, TXIDs=[1(0),2(0),3(0)], numOfContainers=3, numOfBlocks=553
2019-06-13 13:51:09,521 INFO  commandhandler.DeleteBlocksCommandHandler (DeleteBlocksCommandHandler.java:handle(106)) - Start to delete container blocks, TXIDs=[1(0),2(0),3(0)], numOfContainers=3, numOfBlocks=553
2019-06-13 13:51:09,521 INFO  commandhandler.DeleteBlocksCommandHandler (DeleteBlocksCommandHandler.java:handle(106)) - Start to delete container blocks, TXIDs=[1(0),2(0),3(0)], numOfContainers=3, numOfBlocks=553
2019-06-13 13:51:09,522 INFO  commandhandler.DeleteBlocksCommandHandler (DeleteBlocksCommandHandler.java:handle(106)) - Start to delete container blocks, TXIDs=[1(0),2(0),3(0)], numOfContainers=3, numOfBlocks=553
2019-06-13 13:51:09,523 INFO  commandhandler.DeleteBlocksCommandHandler (DeleteBlocksCommandHandler.java:handle(106)) - Start to delete container blocks, TXIDs=[1(0),2(0),3(0)], numOfContainers=3, numOfBlocks=553
2019-06-13 13:51:09,523 INFO  commandhandler.DeleteBlocksCommandHandler (DeleteBlocksCommandHandler.java:handle(106)) - Start to delete container blocks, TXIDs=[1(0),2(0),3(0)], numOfContainers=3, numOfBlocks=553
2019-06-13 13:51:09,524 INFO  commandhandler.DeleteBlocksCommandHandler (DeleteBlocksCommandHandler.java:handle(106)) - Start to delete container blocks, TXIDs=[1(0),2(0),3(0)], numOfContainers=3, numOfBlocks=553
2019-06-13 13:51:09,524 INFO  commandhandler.DeleteBlocksCommandHandler (DeleteBlocksCommandHandler.java:handle(106)) - Start to delete container blocks, TXIDs=[1(0),2(0),3(0)], numOfContainers=3, numOfBlocks=553
2019-06-13 13:51:09,525 INFO  commandhandler.DeleteBlocksCommandHandler (DeleteBlocksCommandHandler.java:handle(106)) - Start to delete container blocks, TXIDs=[1(0),2(0),3(0)], numOfContainers=3, numOfBlocks=553
2019-06-13 13:51:09,525 INFO  commandhandler.DeleteBlocksCommandHandler (DeleteBlocksCommandHandler.java:handle(106)) - Start to delete container blocks, TXIDs=[1(0),2(0),3(0)], numOfContainers=3, numOfBlocks=553
2019-06-13 13:51:09,526 INFO  commandhandler.DeleteBlocksCommandHandler (DeleteBlocksCommandHandler.java:handle(106)) - Start to delete container blocks, TXIDs=[1(0),2(0),3(0)], numOfContainers=3, numOfBlocks=553
2019-06-13 13:51:09,527 INFO  commandhandler.DeleteBlocksCommandHandler (DeleteBlocksCommandHandler.java:handle(106)) - Start to delete container blocks, TXIDs=[1(0),2(0),3(0)], numOfContainers=3, numOfBlocks=553
2019-06-13 13:51:09,527 INFO  commandhandler.DeleteBlocksCommandHandler (DeleteBlocksCommandHandler.java:handle(106)) - Start to delete container blocks, TXIDs=[1(0),2(0),3(0)], numOfContainers=3, numOfBlocks=553
2019-06-13 13:51:09,528 INFO  commandhandler.DeleteBlocksCommandHandler (DeleteBlocksCommandHandler.java:handle(106)) - Start to delete container blocks, TXIDs=[1(0),2(0),3(0)], numOfContainers=3, numOfBlocks=553
2019-06-13 13:51:09,528 INFO  commandhandler.DeleteBlocksCommandHandler (DeleteBlocksCommandHandler.java:handle(106)) - Start to delete container blocks, TXIDs=[1(0),2(0),3(0)], numOfContainers=3, numOfBlocks=553
2019-06-13 13:51:09,529 INFO  commandhandler.DeleteBlocksCommandHandler (DeleteBlocksCommandHandler.java:handle(106)) - Start to delete container blocks, TXIDs=[1(0),2(0),3(0)], numOfContainers=3, numOfBlocks=553
2019-06-13 13:51:09,530 INFO  commandhandler.DeleteBlocksCommandHandler (DeleteBlocksCommandHandler.java:handle(106)) - Start to delete container blocks, TXIDs=[1(0),2(0),3(0)], numOfContainers=3, numOfBlocks=553
2019-06-13 13:51:09,530 INFO  commandhandler.DeleteBlocksCommandHandler (DeleteBlocksCommandHandler.java:handle(106)) - Start to delete container blocks, TXIDs=[1(0),2(0),3(0)], numOfContainers=3, numOfBlocks=553
2019-06-13 13:51:09,531 DEBUG block.SCMBlockDeletingService (SCMBlockDeletingService.java:call(138)) - Running DeletedBlockTransactionScanner
2019-06-13 13:51:09,531 INFO  commandhandler.DeleteBlocksCommandHandler (DeleteBlocksCommandHandler.java:handle(106)) - Start to delete container blocks, TXIDs=[1(0),2(0),3(0)], numOfContainers=3, numOfBlocks=553
SCMBlockDeletingService.java:call(155)) - Scanned deleted blocks log and got 0 delTX to process.
2019-06-13 13:51:09,531 INFO  commandhandler.DeleteBlocksCommandHandler (DeleteBlocksCommandHandler.java:handle(106)) - Start to delete container blocks, TXIDs=[1(0),2(0),3(0)], numOfContainers=3, numOfBlocks=553
2019-06-13 13:51:09,531 INFO  commandhandler.DeleteBlocksCommandHandler (DeleteBlocksCommandHandler.java:handle(106)) - Start to delete container blocks, TXIDs=[1(0),2(0),3(0)], numOfContainers=3, numOfBlocks=553
2019-06-13 13:51:09,532 INFO  commandhandler.DeleteBlocksCommandHandler (DeleteBlocksCommandHandler.java:handle(106)) - Start to delete container blocks, TXIDs=[1(0),2(0),3(0)], numOfContainers=3, numOfBlocks=553
2019-06-13 13:51:09,533 INFO  commandhandler.DeleteBlocksCommandHandler (DeleteBlocksCommandHandler.java:handle(106)) - Start to delete container blocks, TXIDs=[1(0),2(0),3(0)], numOfContainers=3, numOfBlocks=553
2019-06-13 13:51:09,533 INFO  commandhandler.DeleteBlocksCommandHandler (DeleteBlocksCommandHandler.java:handle(106)) - Start to delete container blocks, TXIDs=[1(0),2(0),3(0)], numOfContainers=3, numOfBlocks=553
2019-06-13 13:51:09,534 INFO  commandhandler.DeleteBlocksCommandHandler (DeleteBlocksCommandHandler.java:handle(106)) - Start to delete container blocks, TXIDs=[1(0),2(0),3(0)], numOfContainers=3, numOfBlocks=553
2019-06-13 13:51:09,534 INFO  commandhandler.DeleteBlocksCommandHandler (DeleteBlocksCommandHandler.java:handle(106)) - Start to delete container blocks, TXIDs=[1(0),2(0),3(0)], numOfContainers=3, numOfBlocks=553
2019-06-13 13:51:09,535 INFO  commandhandler.DeleteBlocksCommandHandler (DeleteBlocksCommandHandler.java:handle(106)) - Start to delete container blocks, TXIDs=[1(0),2(0),3(0)], numOfContainers=3, numOfBlocks=553
2019-06-13 13:51:09,536 INFO  commandhandler.DeleteBlocksCommandHandler (DeleteBlocksCommandHandler.java:handle(106)) - Start to delete container blocks, TXIDs=[1(0),2(0),3(0)], numOfContainers=3, numOfBlocks=553
2019-06-13 13:51:09,536 INFO  commandhandler.DeleteBlocksCommandHandler (DeleteBlocksCommandHandler.java:handle(106)) - Start to delete container blocks, TXIDs=[1(0),2(0),3(0)], numOfContainers=3, numOfBlocks=553
2019-06-13 13:51:09,537 INFO  commandhandler.DeleteBlocksCommandHandler (DeleteBlocksCommandHandler.java:handle(106)) - Start to delete container blocks, TXIDs=[1(0),2(0),3(0)], numOfContainers=3, numOfBlocks=553
2019-06-13 13:51:09,537 INFO  commandhandler.DeleteBlocksCommandHandler (DeleteBlocksCommandHandler.java:handle(106)) - Start to delete container blocks, TXIDs=[1(0),2(0),3(0)], numOfContainers=3, numOfBlocks=553
2019-06-13 13:51:09,538 INFO  commandhandler.DeleteBlocksCommandHandler (DeleteBlocksCommandHandler.java:handle(106)) - Start to delete container blocks, TXIDs=[1(0),2(0),3(0)], numOfContainers=3, numOfBlocks=553
2019-06-13 13:51:09,539 INFO  commandhandler.DeleteBlocksCommandHandler (DeleteBlocksCommandHandler.java:handle(106)) - Start to delete container blocks, TXIDs=[1(0),2(0),3(0)], numOfContainers=3, numOfBlocks=553
2019-06-13 13:51:09,539 INFO  commandhandler.DeleteBlocksCommandHandler (DeleteBlocksCommandHandler.java:handle(106)) - Start to delete container blocks, TXIDs=[1(0),2(0),3(0)], numOfContainers=3, numOfBlocks=553
2019-06-13 13:51:09,540 INFO  commandhandler.DeleteBlocksCommandHandler (DeleteBlocksCommandHandler.java:handle(106)) - Start to delete container blocks, TXIDs=[1(0),2(0),3(0)], numOfContainers=3, numOfBlocks=553
2019-06-13 13:51:09,540 INFO  commandhandler.DeleteBlocksCommandHandler (DeleteBlocksCommandHandler.java:handle(106)) - Start to delete container blocks, TXIDs=[1(0),2(0),3(0)], numOfContainers=3, numOfBlocks=553
2019-06-13 13:51:09,541 INFO  commandhandler.DeleteBlocksCommandHandler (DeleteBlocksCommandHandler.java:handle(106)) - Start to delete container blocks, TXIDs=[1(0),2(0),3(0)], numOfContainers=3, numOfBlocks=553
2019-06-13 13:51:09,541 INFO  commandhandler.DeleteBlocksCommandHandler (DeleteBlocksCommandHandler.java:handle(106)) - Start to delete container blocks, TXIDs=[1(0),2(0),3(0)], numOfContainers=3, numOfBlocks=553
2019-06-13 13:51:09,542 INFO  commandhandler.DeleteBlocksCommandHandler (DeleteBlocksCommandHandler.java:handle(106)) - Start to delete container blocks, TXIDs=[1(0),2(0),3(0)], numOfContainers=3, numOfBlocks=553
2019-06-13 13:51:09,543 INFO  commandhandler.DeleteBlocksCommandHandler (DeleteBlocksCommandHandler.java:handle(106)) - Start to delete container blocks, TXIDs=[1(0),2(0),3(0)], numOfContainers=3, numOfBlocks=553
2019-06-13 13:51:09,543 INFO  commandhandler.DeleteBlocksCommandHandler (DeleteBlocksCommandHandler.java:handle(106)) - Start to delete container blocks, TXIDs=[1(0),2(0),3(0)], numOfContainers=3, numOfBlocks=553
2019-06-13 13:51:09,544 INFO  commandhandler.DeleteBlocksCommandHandler (DeleteBlocksCommandHandler.java:handle(106)) - Start to delete container blocks, TXIDs=[1(0),2(0),3(0)], numOfContainers=3, numOfBlocks=553
2019-06-13 13:51:09,544 INFO  commandhandler.DeleteBlocksCommandHandler (DeleteBlocksCommandHandler.java:handle(106)) - Start to delete container blocks, TXIDs=[1(0),2(0),3(0)], numOfContainers=3, numOfBlocks=553
2019-06-13 13:51:09,545 INFO  commandhandler.DeleteBlocksCommandHandler (DeleteBlocksCommandHandler.java:handle(106)) - Start to delete container blocks, TXIDs=[1(0),2(0),3(0)], numOfContainers=3, numOfBlocks=553
2019-06-13 13:51:09,546 INFO  commandhandler.DeleteBlocksCommandHandler (DeleteBlocksCommandHandler.java:handle(106)) - Start to delete container blocks, TXIDs=[1(0),2(0),3(0)], numOfContainers=3, numOfBlocks=553
2019-06-13 13:51:09,546 INFO  commandhandler.DeleteBlocksCommandHandler (DeleteBlocksCommandHandler.java:handle(106)) - Start to delete container blocks, TXIDs=[1(0),2(0),3(0)], numOfContainers=3, numOfBlocks=553
2019-06-13 13:51:09,547 INFO  commandhandler.DeleteBlocksCommandHandler (DeleteBlocksCommandHandler.java:handle(106)) - Start to delete container blocks, TXIDs=[1(0),2(0),3(0)], numOfContainers=3, numOfBlocks=553
2019-06-13 13:51:09,547 INFO  commandhandler.DeleteBlocksCommandHandler (DeleteBlocksCommandHandler.java:handle(106)) - Start to delete container blocks, TXIDs=[1(0),2(0),3(0)], numOfContainers=3, numOfBlocks=553
2019-06-13 13:51:09,548 INFO  commandhandler.DeleteBlocksCommandHandler (DeleteBlocksCommandHandler.java:handle(106)) - Start to delete container blocks, TXIDs=[1(0),2(0),3(0)], numOfContainers=3, numOfBlocks=553
2019-06-13 13:51:09,549 INFO  commandhandler.DeleteBlocksCommandHandler (DeleteBlocksCommandHandler.java:handle(106)) - Start to delete container blocks, TXIDs=[1(0),2(0),3(0)], numOfContainers=3, numOfBlocks=553
2019-06-13 13:51:09,549 INFO  commandhandler.DeleteBlocksCommandHandler (DeleteBlocksCommandHandler.java:handle(106)) - Start to delete container blocks, TXIDs=[1(0),2(0),3(0)], numOfContainers=3, numOfBlocks=553
2019-06-13 13:51:09,550 INFO  commandhandler.DeleteBlocksCommandHandler (DeleteBlocksCommandHandler.java:handle(106)) - Start to delete container blocks, TXIDs=[1(0),2(0),3(0)], numOfContainers=3, numOfBlocks=553
2019-06-13 13:51:09,550 INFO  commandhandler.DeleteBlocksCommandHandler (DeleteBlocksCommandHandler.java:handle(106)) - Start to delete container blocks, TXIDs=[1(0),2(0),3(0)], numOfContainers=3, numOfBlocks=553
2019-06-13 13:51:09,551 INFO  commandhandler.DeleteBlocksCommandHandler (DeleteBlocksCommandHandler.java:handle(106)) - Start to delete container blocks, TXIDs=[1(0),2(0),3(0)], numOfContainers=3, numOfBlocks=553
2019-06-13 13:51:09,551 INFO  commandhandler.DeleteBlocksCommandHandler (DeleteBlocksCommandHandler.java:handle(106)) - Start to delete container blocks, TXIDs=[1(0),2(0),3(0)], numOfContainers=3, numOfBlocks=553
2019-06-13 13:51:09,552 INFO  commandhandler.DeleteBlocksCommandHandler (DeleteBlocksCommandHandler.java:handle(106)) - Start to delete container blocks, TXIDs=[1(0),2(0),3(0)], numOfContainers=3, numOfBlocks=553
2019-06-13 13:51:09,553 INFO  commandhandler.DeleteBlocksCommandHandler (DeleteBlocksCommandHandler.java:handle(106)) - Start to delete container blocks, TXIDs=[1(0),2(0),3(0)], numOfContainers=3, numOfBlocks=553
2019-06-13 13:51:09,553 INFO  commandhandler.DeleteBlocksCommandHandler (DeleteBlocksCommandHandler.java:handle(106)) - Start to delete container blocks, TXIDs=[1(0),2(0),3(0)], numOfContainers=3, numOfBlocks=553
2019-06-13 13:51:09,554 INFO  commandhandler.DeleteBlocksCommandHandler (DeleteBlocksCommandHandler.java:handle(106)) - Start to delete container blocks, TXIDs=[1(0),2(0),3(0)], numOfContainers=3, numOfBlocks=553
2019-06-13 13:51:09,554 INFO  commandhandler.DeleteBlocksCommandHandler (DeleteBlocksCommandHandler.java:handle(106)) - Start to delete container blocks, TXIDs=[1(0),2(0),3(0)], numOfContainers=3, numOfBlocks=553
2019-06-13 13:51:09,555 INFO  commandhandler.DeleteBlocksCommandHandler (DeleteBlocksCommandHandler.java:handle(106)) - Start to delete container blocks, TXIDs=[1(0),2(0),3(0)], numOfContainers=3, numOfBlocks=553
2019-06-13 13:51:09,556 INFO  commandhandler.DeleteBlocksCommandHandler (DeleteBlocksCommandHandler.java:handle(106)) - Start to delete container blocks, TXIDs=[1(0),2(0),3(0)], numOfContainers=3, numOfBlocks=553
2019-06-13 13:51:09,556 INFO  commandhandler.DeleteBlocksCommandHandler (DeleteBlocksCommandHandler.java:handle(106)) - Start to delete container blocks, TXIDs=[1(0),2(0),3(0)], numOfContainers=3, numOfBlocks=553
2019-06-13 13:51:09,557 INFO  commandhandler.DeleteBlocksCommandHandler (DeleteBlocksCommandHandler.java:handle(106)) - Start to delete container blocks, TXIDs=[1(0),2(0),3(0)], numOfContainers=3, numOfBlocks=553
2019-06-13 13:51:09,558 INFO  commandhandler.DeleteBlocksCommandHandler (DeleteBlocksCommandHandler.java:handle(106)) - Start to delete container blocks, TXIDs=[1(0),2(0),3(0)], numOfContainers=3, numOfBlocks=553
2019-06-13 13:51:09,559 INFO  commandhandler.DeleteBlocksCommandHandler (DeleteBlocksCommandHandler.java:handle(106)) - Start to delete container blocks, TXIDs=[1(0),2(0),3(0)], numOfContainers=3, numOfBlocks=553
2019-06-13 13:51:09,559 INFO  commandhandler.DeleteBlocksCommandHandler (DeleteBlocksCommandHandler.java:handle(106)) - Start to delete container blocks, TXIDs=[1(0),2(0),3(0)], numOfContainers=3, numOfBlocks=553
2019-06-13 13:51:09,560 INFO  commandhandler.DeleteBlocksCommandHandler (DeleteBlocksCommandHandler.java:handle(106)) - Start to delete container blocks, TXIDs=[1(0),2(0),3(0)], numOfContainers=3, numOfBlocks=553
2019-06-13 13:51:09,560 INFO  commandhandler.DeleteBlocksCommandHandler (DeleteBlocksCommandHandler.java:handle(106)) - Start to delete container blocks, TXIDs=[1(0),2(0),3(0)], numOfContainers=3, numOfBlocks=553
2019-06-13 13:51:09,561 INFO  commandhandler.DeleteBlocksCommandHandler (DeleteBlocksCommandHandler.java:handle(106)) - Start to delete container blocks, TXIDs=[1(0),2(0),3(0)], numOfContainers=3, numOfBlocks=553
2019-06-13 13:51:09,562 INFO  commandhandler.DeleteBlocksCommandHandler (DeleteBlocksCommandHandler.java:handle(106)) - Start to delete container blocks, TXIDs=[1(0),2(0),3(0)], numOfContainers=3, numOfBlocks=553
2019-06-13 13:51:09,562 INFO  commandhandler.DeleteBlocksCommandHandler (DeleteBlocksCommandHandler.java:handle(106)) - Start to delete container blocks, TXIDs=[1(0),2(0),3(0)], numOfContainers=3, numOfBlocks=553
2019-06-13 13:51:09,563 INFO  commandhandler.DeleteBlocksCommandHandler (DeleteBlocksCommandHandler.java:handle(106)) - Start to delete container blocks, TXIDs=[1(0),2(0),3(0)], numOfContainers=3, numOfBlocks=553
2019-06-13 13:51:09,563 INFO  commandhandler.DeleteBlocksCommandHandler (DeleteBlocksCommandHandler.java:handle(106)) - Start to delete container blocks, TXIDs=[1(0),2(0),3(0)], numOfContainers=3, numOfBlocks=553
2019-06-13 13:51:09,564 INFO  commandhandler.DeleteBlocksCommandHandler (DeleteBlocksCommandHandler.java:handle(106)) - Start to delete container blocks, TXIDs=[1(0),2(0),3(0)], numOfContainers=3, numOfBlocks=553
2019-06-13 13:51:09,564 INFO  commandhandler.DeleteBlocksCommandHandler (DeleteBlocksCommandHandler.java:handle(106)) - Start to delete container blocks, TXIDs=[1(0),2(0),3(0)], numOfContainers=3, numOfBlocks=553
2019-06-13 13:51:09,565 INFO  commandhandler.DeleteBlocksCommandHandler (DeleteBlocksCommandHandler.java:handle(106)) - Start to delete container blocks, TXIDs=[1(0),2(0),3(0)], numOfContainers=3, numOfBlocks=553
2019-06-13 13:51:09,566 INFO  commandhandler.DeleteBlocksCommandHandler (DeleteBlocksCommandHandler.java:handle(106)) - Start to delete container blocks, TXIDs=[1(0),2(0),3(0)], numOfContainers=3, numOfBlocks=553
2019-06-13 13:51:09,566 INFO  commandhandler.DeleteBlocksCommandHandler (DeleteBlocksCommandHandler.java:handle(106)) - Start to delete container blocks, TXIDs=[1(0),2(0),3(0)], numOfContainers=3, numOfBlocks=553
2019-06-13 13:51:09,567 INFO  commandhandler.DeleteBlocksCommandHandler (DeleteBlocksCommandHandler.java:handle(106)) - Start to delete container blocks, TXIDs=[1(0),2(0),3(0)], numOfContainers=3, numOfBlocks=553
2019-06-13 13:51:09,567 INFO  commandhandler.DeleteBlocksCommandHandler (DeleteBlocksCommandHandler.java:handle(106)) - Start to delete container blocks, TXIDs=[1(0),2(0),3(0)], numOfContainers=3, numOfBlocks=553
2019-06-13 13:51:09,568 INFO  commandhandler.DeleteBlocksCommandHandler (DeleteBlocksCommandHandler.java:handle(106)) - Start to delete container blocks, TXIDs=[1(0),2(0),3(0)], numOfContainers=3, numOfBlocks=553
2019-06-13 13:51:09,569 INFO  commandhandler.DeleteBlocksCommandHandler (DeleteBlocksCommandHandler.java:handle(106)) - Start to delete container blocks, TXIDs=[1(0),2(0),3(0)], numOfContainers=3, numOfBlocks=553
2019-06-13 13:51:09,569 INFO  commandhandler.DeleteBlocksCommandHandler (DeleteBlocksCommandHandler.java:handle(106)) - Start to delete container blocks, TXIDs=[1(0),2(0),3(0)], numOfContainers=3, numOfBlocks=553
2019-06-13 13:51:09,570 INFO  commandhandler.DeleteBlocksCommandHandler (DeleteBlocksCommandHandler.java:handle(106)) - Start to delete container blocks, TXIDs=[1(0),2(0),3(0)], numOfContainers=3, numOfBlocks=553
2019-06-13 13:51:09,570 INFO  commandhandler.DeleteBlocksCommandHandler (DeleteBlocksCommandHandler.java:handle(106)) - Start to delete container blocks, TXIDs=[1(0),2(0),3(0)], numOfContainers=3, numOfBlocks=553
2019-06-13 13:51:09,571 INFO  commandhandler.DeleteBlocksCommandHandler (DeleteBlocksCommandHandler.java:handle(106)) - Start to delete container blocks, TXIDs=[1(0),2(0),3(0)], numOfContainers=3, numOfBlocks=553
2019-06-13 13:51:09,571 INFO  commandhandler.DeleteBlocksCommandHandler (DeleteBlocksCommandHandler.java:handle(106)) - Start to delete container blocks, TXIDs=[1(0),2(0),3(0)], numOfContainers=3, numOfBlocks=553
2019-06-13 13:51:09,572 INFO  commandhandler.DeleteBlocksCommandHandler (DeleteBlocksCommandHandler.java:handle(106)) - Start to delete container blocks, TXIDs=[1(0),2(0),3(0)], numOfContainers=3, numOfBlocks=553
2019-06-13 13:51:09,573 INFO  commandhandler.DeleteBlocksCommandHandler (DeleteBlocksCommandHandler.java:handle(106)) - Start to delete container blocks, TXIDs=[1(0),2(0),3(0)], numOfContainers=3, numOfBlocks=553
2019-06-13 13:51:09,573 INFO  commandhandler.DeleteBlocksCommandHandler (DeleteBlocksCommandHandler.java:handle(106)) - Start to delete container blocks, TXIDs=[1(0),2(0),3(0)], numOfContainers=3, numOfBlocks=553
2019-06-13 13:51:09,574 INFO  commandhandler.DeleteBlocksCommandHandler (DeleteBlocksCommandHandler.java:handle(106)) - Start to delete container blocks, TXIDs=[1(0),2(0),3(0)], numOfContainers=3, numOfBlocks=553
2019-06-13 13:51:09,574 INFO  commands.RetriableDatanodeEventWatcher (RetriableDatanodeEventWatcher.java:onTimeout(47)) - RetriableDatanodeCommand type=deleteBlocksCommand with id=1560433858473 timed out. Retrying.
2019-06-13 13:51:09,574 INFO  commandhandler.DeleteBlocksCommandHandler (DeleteBlocksCommandHandler.java:handle(106)) - Start to delete container blocks, TXIDs=[1(0),2(0),3(0)], numOfContainers=3, numOfBlocks=553
2019-06-13 13:51:09,575 INFO  commandhandler.DeleteBlocksCommandHandler (DeleteBlocksCommandHandler.java:handle(106)) - Start to delete container blocks, TXIDs=[1(0),2(0),3(0)], numOfContainers=3, numOfBlocks=553
2019-06-13 13:51:09,576 INFO  commandhandler.DeleteBlocksCommandHandler (DeleteBlocksCommandHandler.java:handle(106)) - Start to delete container blocks, TXIDs=[1(0),2(0),3(0)], numOfContainers=3, numOfBlocks=553
2019-06-13 13:51:09,577 INFO  commandhandler.DeleteBlocksCommandHandler (DeleteBlocksCommandHandler.java:handle(106)) - Start to delete container blocks, TXIDs=[1(0),2(0),3(0)], numOfContainers=3, numOfBlocks=553
2019-06-13 13:51:09,578 INFO  commandhandler.DeleteBlocksCommandHandler (DeleteBlocksCommandHandler.java:handle(106)) - Start to delete container blocks, TXIDs=[1(0),2(0),3(0)], numOfContainers=3, numOfBlocks=553
2019-06-13 13:51:09,579 INFO  commandhandler.DeleteBlocksCommandHandler (DeleteBlocksCommandHandler.java:handle(106)) - Start to delete container blocks, TXIDs=[1(0),2(0),3(0)], numOfContainers=3, numOfBlocks=553
2019-06-13 13:51:09,579 INFO  commandhandler.DeleteBlocksCommandHandler (DeleteBlocksCommandHandler.java:handle(106)) - Start to delete container blocks, TXIDs=[1(0),2(0),3(0)], numOfContainers=3, numOfBlocks=553
2019-06-13 13:51:09,579 INFO  commands.RetriableDatanodeEventWatcher (RetriableDatanodeEventWatcher.java:onTimeout(47)) - RetriableDatanodeCommand type=deleteBlocksCommand with id=1560433858532 timed out. Retrying.
2019-06-13 13:51:09,580 INFO  commandhandler.DeleteBlocksCommandHandler (DeleteBlocksCommandHandler.java:handle(106)) - Start to delete container blocks, TXIDs=[1(0),2(0),3(0)], numOfContainers=3, numOfBlocks=553
2019-06-13 13:51:09,580 INFO  commandhandler.DeleteBlocksCommandHandler (DeleteBlocksCommandHandler.java:handle(106)) - Start to delete container blocks, TXIDs=[1(0),2(0),3(0)], numOfContainers=3, numOfBlocks=553
2019-06-13 13:51:09,581 INFO  commandhandler.DeleteBlocksCommandHandler (DeleteBlocksCommandHandler.java:handle(106)) - Start to delete container blocks, TXIDs=[1(0),2(0),3(0)], numOfContainers=3, numOfBlocks=553
2019-06-13 13:51:09,581 INFO  commandhandler.DeleteBlocksCommandHandler (DeleteBlocksCommandHandler.java:handle(106)) - Start to delete container blocks, TXIDs=[1(0),2(0),3(0)], numOfContainers=3, numOfBlocks=553
2019-06-13 13:51:09,582 INFO  commandhandler.DeleteBlocksCommandHandler (DeleteBlocksCommandHandler.java:handle(106)) - Start to delete container blocks, TXIDs=[1(0),2(0),3(0)], numOfContainers=3, numOfBlocks=553
2019-06-13 13:51:09,582 WARN  block.DeletedBlockLogImpl (DeletedBlockLogImpl.java:incrementCount(141)) - Deleted TXID not found.
2019-06-13 13:51:09,583 WARN  block.DeletedBlockLogImpl (DeletedBlockLogImpl.java:incrementCount(141)) - Deleted TXID not found.
2019-06-13 13:51:09,583 WARN  block.DeletedBlockLogImpl (DeletedBlockLogImpl.java:incrementCount(141)) - Deleted TXID not found.
2019-06-13 13:51:09,583 DEBUG block.DeletedBlockLogImpl (DeletedBlockLogImpl.java:isTransactionFailed(245)) - Got block deletion ACK from datanode, TXIDs=1, success=true
2019-06-13 13:51:09,583 WARN  block.DeletedBlockLogImpl (DeletedBlockLogImpl.java:commitTransactions(205)) - Transaction txId=1 commit by dnId=5d71e5de-6d45-4480-a1f1-d41cc2d38630 for containerID=#1 failed. Corresponding entry not found.
2019-06-13 13:51:09,583 WARN  block.DeletedBlockLogImpl (DeletedBlockLogImpl.java:incrementCount(141)) - Deleted TXID not found.
2019-06-13 13:51:09,583 WARN  block.DeletedBlockLogImpl (DeletedBlockLogImpl.java:incrementCount(141)) - Deleted TXID not found.
2019-06-13 13:51:09,583 WARN  block.DeletedBlockLogImpl (DeletedBlockLogImpl.java:incrementCount(141)) - Deleted TXID not found.
2019-06-13 13:51:09,583 WARN  block.DeletedBlockLogImpl (DeletedBlockLogImpl.java:incrementCount(141)) - Deleted TXID not found.
2019-06-13 13:51:09,583 WARN  block.DeletedBlockLogImpl (DeletedBlockLogImpl.java:incrementCount(141)) - Deleted TXID not found.
2019-06-13 13:51:09,583 WARN  block.DeletedBlockLogImpl (DeletedBlockLogImpl.java:incrementCount(141)) - Deleted TXID not found.
2019-06-13 13:51:09,583 WARN  block.DeletedBlockLogImpl (DeletedBlockLogImpl.java:incrementCount(141)) - Deleted TXID not found.
2019-06-13 13:51:09,583 INFO  commandhandler.DeleteBlocksCommandHandler (DeleteBlocksCommandHandler.java:handle(106)) - Start to delete container blocks, TXIDs=[1(0),2(0),3(0)], numOfContainers=3, numOfBlocks=553
2019-06-13 13:51:09,583 WARN  block.DeletedBlockLogImpl (DeletedBlockLogImpl.java:incrementCount(141)) - Deleted TXID not found.
2019-06-13 13:51:09,583 WARN  block.DeletedBlockLogImpl (DeletedBlockLogImpl.java:incrementCount(141)) - Deleted TXID not found.
2019-06-13 13:51:09,584 DEBUG block.DeletedBlockLogImpl (DeletedBlockLogImpl.java:isTransactionFailed(245)) - Got block deletion ACK from datanode, TXIDs=1, success=true
2019-06-13 13:51:09,583 INFO  impl.FollowerState (FollowerState.java:run(101)) - 5d71e5de-6d45-4480-a1f1-d41cc2d38630:group-14F391A00776 changes to CANDIDATE, lastRpcTime:1105, electionTimeout:1105ms
2019-06-13 13:51:09,584 WARN  block.DeletedBlockLogImpl (DeletedBlockLogImpl.java:commitTransactions(205)) - Transaction txId=1 commit by dnId=5d71e5de-6d45-4480-a1f1-d41cc2d38630 for containerID=#1 failed. Corresponding entry not found.
2019-06-13 13:51:09,584 INFO  impl.RoleInfo (RoleInfo.java:shutdownFollowerState(121)) - 5d71e5de-6d45-4480-a1f1-d41cc2d38630: shutdown FollowerState
2019-06-13 13:51:09,585 DEBUG block.DeletedBlockLogImpl (DeletedBlockLogImpl.java:isTransactionFailed(245)) - Got block deletion ACK from datanode, TXIDs=1, success=true
2019-06-13 13:51:09,585 INFO  impl.RaftServerImpl (RaftServerImpl.java:setRole(164)) - 5d71e5de-6d45-4480-a1f1-d41cc2d38630:group-14F391A00776 changes role from FOLLOWER to CANDIDATE at term 0 for changeToCandidate
2019-06-13 13:51:09,585 WARN  block.DeletedBlockLogImpl (DeletedBlockLogImpl.java:commitTransactions(205)) - Transaction txId=1 commit by dnId=5d71e5de-6d45-4480-a1f1-d41cc2d38630 for containerID=#1 failed. Corresponding entry not found.
2019-06-13 13:51:09,585 INFO  impl.RoleInfo (RoleInfo.java:updateAndGet(143)) - 5d71e5de-6d45-4480-a1f1-d41cc2d38630: start LeaderElection
2019-06-13 13:51:09,585 DEBUG block.DeletedBlockLogImpl (DeletedBlockLogImpl.java:isTransactionFailed(245)) - Got block deletion ACK from datanode, TXIDs=1, success=true
2019-06-13 13:51:09,585 INFO  commandhandler.DeleteBlocksCommandHandler (DeletedBlockLogImpl.java:commitTransactions(205)) - Transaction txId=1 commit by dnId=5d71e5de-6d45-4480-a1f1-d41cc2d38630 for containerID=#1 failed. Corresponding entry not found.
2019-06-13 13:51:09,590 INFO  commands.RetriableDatanodeEventWatcher (RetriableDatanodeEventWatcher.java:onTimeout(47)) - RetriableDatanodeCommand type=deleteBlocksCommand with id=1560433858542 timed out. Retrying.
DeletedBlockLogImpl.java:isTransactionFailed(245)) - Got block deletion ACK from datanode, TXIDs=1, success=true
2019-06-13 13:51:09,590 INFO  commands.RetriableDatanodeEventWatcher (RetriableDatanodeEventWatcher.java:onTimeout(47)) - RetriableDatanodeCommand type=deleteBlocksCommand with id=1560433858542 timed out. Retrying.
2019-06-13 13:51:09,595 INFO  commands.RetriableDatanodeEventWatcher (DeletedBlockLogImpl.java:commitTransactions(205)) - Transaction txId=1 commit by dnId=5d71e5de-6d45-4480-a1f1-d41cc2d38630 for containerID=#1 failed. Corresponding entry not found.
2019-06-13 13:51:09,595 DEBUG block.DeletedBlockLogImpl (RetriableDatanodeEventWatcher.java:onTimeout(47)) - RetriableDatanodeCommand type=deleteBlocksCommand with id=1560433858552 timed out. Retrying.
DeletedBlockLogImpl.java:isTransactionFailed(245)) - Got block deletion ACK from datanode, TXIDs=1, success=true
2019-06-13 13:51:09,595 WARN  block.DeletedBlockLogImpl (DeletedBlockLogImpl.java:commitTransactions(205)) - Transaction txId=1 commit by dnId=5d71e5de-6d45-4480-a1f1-d41cc2d38630 for containerID=#1 failed. Corresponding entry not found.
2019-06-13 13:51:09,595 DEBUG block.DeletedBlockLogImpl (DeletedBlockLogImpl.java:isTransactionFailed(245)) - Got block deletion ACK from datanode, TXIDs=1, success=true
2019-06-13 13:51:09,595 WARN  block.DeletedBlockLogImpl (DeletedBlockLogImpl.java:commitTransactions(205)) - Transaction txId=1 commit by dnId=5d71e5de-6d45-4480-a1f1-d41cc2d38630 for containerID=#1 failed. Corresponding entry not found.
2019-06-13 13:51:09,595 DEBUG block.DeletedBlockLogImpl (DeletedBlockLogImpl.java:isTransactionFailed(245)) - Got block deletion ACK from datanode, TXIDs=1, success=true
2019-06-13 13:51:09,595 WARN  block.DeletedBlockLogImpl (DeletedBlockLogImpl.java:commitTransactions(205)) - Transaction txId=1 commit by dnId=5d71e5de-6d45-4480-a1f1-d41cc2d38630 for containerID=#1 failed. Corresponding entry not found.
2019-06-13 13:51:09,595 DEBUG block.DeletedBlockLogImpl (DeletedBlockLogImpl.java:isTransactionFailed(245)) - Got block deletion ACK from datanode, TXIDs=1, success=true
2019-06-13 13:51:09,585 INFO  commandhandler.DeleteBlocksCommandHandler (DeleteBlocksCommandHandler.java:handle(106)) - Start to delete container blocks, TXIDs=[1(0),2(0),3(0)], numOfContainers=3, numOfBlocks=553
2019-06-13 13:51:09,595 WARN  block.DeletedBlockLogImpl (DeletedBlockLogImpl.java:commitTransactions(205)) - Transaction txId=1 commit by dnId=5d71e5de-6d45-4480-a1f1-d41cc2d38630 for containerID=#1 failed. Corresponding entry not found.
2019-06-13 13:51:09,595 DEBUG block.DeletedBlockLogImpl (DeletedBlockLogImpl.java:isTransactionFailed(245)) - Got block deletion ACK from datanode, TXIDs=1, success=true
2019-06-13 13:51:09,595 WARN  block.DeletedBlockLogImpl (DeletedBlockLogImpl.java:commitTransactions(205)) - Transaction txId=1 commit by dnId=5d71e5de-6d45-4480-a1f1-d41cc2d38630 for containerID=#1 failed. Corresponding entry not found.
2019-06-13 13:51:09,595 WARN  block.DeletedBlockLogImpl (DeletedBlockLogImpl.java:incrementCount(141)) - Deleted TXID not found.
2019-06-13 13:51:09,595 WARN  block.DeletedBlockLogImpl (DeletedBlockLogImpl.java:incrementCount(141)) - Deleted TXID not found.
2019-06-13 13:51:09,595 INFO  commands.RetriableDatanodeEventWatcher (RetriableDatanodeEventWatcher.java:onTimeout(47)) - RetriableDatanodeCommand type=deleteBlocksCommand with id=1560433858552 timed out. Retrying.
2019-06-13 13:51:09,595 WARN  block.DeletedBlockLogImpl (DeletedBlockLogImpl.java:incrementCount(141)) - Deleted TXID not found.
2019-06-13 13:51:09,596 WARN  block.DeletedBlockLogImpl (DeletedBlockLogImpl.java:incrementCount(141)) - Deleted TXID not found.
2019-06-13 13:51:09,596 WARN  block.DeletedBlockLogImpl (DeletedBlockLogImpl.java:incrementCount(141)) - Deleted TXID not found.
2019-06-13 13:51:09,596 WARN  block.DeletedBlockLogImpl (DeletedBlockLogImpl.java:incrementCount(141)) - Deleted TXID not found.
2019-06-13 13:51:09,596 WARN  block.DeletedBlockLogImpl (DeletedBlockLogImpl.java:incrementCount(141)) - Deleted TXID not found.
2019-06-13 13:51:09,596 WARN  block.DeletedBlockLogImpl (DeletedBlockLogImpl.java:incrementCount(141)) - Deleted TXID not found.
2019-06-13 13:51:09,596 WARN  block.DeletedBlockLogImpl (DeletedBlockLogImpl.java:incrementCount(141)) - Deleted TXID not found.
2019-06-13 13:51:09,596 WARN  block.DeletedBlockLogImpl (DeletedBlockLogImpl.java:incrementCount(141)) - Deleted TXID not found.
2019-06-13 13:51:09,596 WARN  block.DeletedBlockLogImpl (2019-06-13 13:51:09,596 INFO  commandhandler.DeleteBlocksCommandHandler (DeletedBlockLogImpl.java:incrementCount(141)) - Deleted TXID not found.
2019-06-13 13:51:09,596 WARN  block.DeletedBlockLogImpl (DeleteBlocksCommandHandler.java:handle(106)) - Start to delete container blocks, TXIDs=[1(0),2(0),3(0)], numOfContainers=3, numOfBlocks=553
DeletedBlockLogImpl.java:incrementCount(141)) - Deleted TXID not found.
2019-06-13 13:51:09,596 WARN  block.DeletedBlockLogImpl (DeletedBlockLogImpl.java:incrementCount(141)) - Deleted TXID not found.
2019-06-13 13:51:09,596 WARN  block.DeletedBlockLogImpl (DeletedBlockLogImpl.java:incrementCount(141)) - Deleted TXID not found.
2019-06-13 13:51:09,596 WARN  block.DeletedBlockLogImpl (DeletedBlockLogImpl.java:incrementCount(141)) - Deleted TXID not found.
2019-06-13 13:51:09,596 INFO  commandhandler.DeleteBlocksCommandHandler (DeleteBlocksCommandHandler.java:handle(106)) - Start to delete container blocks, TXIDs=[1(0),2(0),3(0)], numOfContainers=3, numOfBlocks=553
2019-06-13 13:51:09,596 WARN  block.DeletedBlockLogImpl (DeletedBlockLogImpl.java:incrementCount(141)) - Deleted TXID not found.
2019-06-13 13:51:09,596 WARN  block.DeletedBlockLogImpl (DeletedBlockLogImpl.java:incrementCount(141)) - Deleted TXID not found.
2019-06-13 13:51:09,596 WARN  block.DeletedBlockLogImpl (DeletedBlockLogImpl.java:incrementCount(141)) - Deleted TXID not found.
2019-06-13 13:51:09,596 DEBUG block.DeletedBlockLogImpl (DeletedBlockLogImpl.java:isTransactionFailed(245)) - Got block deletion ACK from datanode, TXIDs=1, success=true
2019-06-13 13:51:09,597 WARN  block.DeletedBlockLogImpl (DeletedBlockLogImpl.java:commitTransactions(205)) - Transaction txId=1 commit by dnId=5d71e5de-6d45-4480-a1f1-d41cc2d38630 for containerID=#1 failed. Corresponding entry not found.
2019-06-13 13:51:09,597 DEBUG block.DeletedBlockLogImpl (DeletedBlockLogImpl.java:isTransactionFailed(245)) - Got block deletion ACK from datanode, TXIDs=1, success=true
2019-06-13 13:51:09,597 WARN  block.DeletedBlockLogImpl (DeletedBlockLogImpl.java:commitTransactions(205)) - Transaction txId=1 commit by dnId=5d71e5de-6d45-4480-a1f1-d41cc2d38630 for containerID=#1 failed. Corresponding entry not found.
2019-06-13 13:51:09,597 DEBUG block.DeletedBlockLogImpl (DeletedBlockLogImpl.java:isTransactionFailed(245)) - Got block deletion ACK from datanode, TXIDs=1, success=true
2019-06-13 13:51:09,597 WARN  block.DeletedBlockLogImpl (DeletedBlockLogImpl.java:commitTransactions(205)) - Transaction txId=1 commit by dnId=5d71e5de-6d45-4480-a1f1-d41cc2d38630 for containerID=#1 failed. Corresponding entry not found.
2019-06-13 13:51:09,597 DEBUG block.DeletedBlockLogImpl (DeletedBlockLogImpl.java:isTransactionFailed(245)) - Got block deletion ACK from datanode, TXIDs=1, success=true
2019-06-13 13:51:09,597 WARN  block.DeletedBlockLogImpl (DeletedBlockLogImpl.java:commitTransactions(205)) - Transaction txId=1 commit by dnId=5d71e5de-6d45-4480-a1f1-d41cc2d38630 for containerID=#1 failed. Corresponding entry not found.
2019-06-13 13:51:09,597 DEBUG block.DeletedBlockLogImpl (DeletedBlockLogImpl.java:isTransactionFailed(245)) - Got block deletion ACK from datanode, TXIDs=1, success=true
2019-06-13 13:51:09,597 WARN  block.DeletedBlockLogImpl (DeletedBlockLogImpl.java:commitTransactions(205)) - Transaction txId=1 commit by dnId=5d71e5de-6d45-4480-a1f1-d41cc2d38630 for containerID=#1 failed. Corresponding entry not found.
2019-06-13 13:51:09,597 DEBUG block.DeletedBlockLogImpl (DeletedBlockLogImpl.java:isTransactionFailed(245)) - Got block deletion ACK from datanode, TXIDs=1, success=true
2019-06-13 13:51:09,597 WARN  block.DeletedBlockLogImpl (DeletedBlockLogImpl.java:commitTransactions(205)) - Transaction txId=1 commit by dnId=5d71e5de-6d45-4480-a1f1-d41cc2d38630 for containerID=#1 failed. Corresponding entry not found.
2019-06-13 13:51:09,597 DEBUG block.DeletedBlockLogImpl (DeletedBlockLogImpl.java:isTransactionFailed(245)) - Got block deletion ACK from datanode, TXIDs=1, success=true
2019-06-13 13:51:09,597 WARN  block.DeletedBlockLogImpl (DeletedBlockLogImpl.java:commitTransactions(205)) - Transaction txId=1 commit by dnId=5d71e5de-6d45-4480-a1f1-d41cc2d38630 for containerID=#1 failed. Corresponding entry not found.
2019-06-13 13:51:09,597 DEBUG block.DeletedBlockLogImpl (DeletedBlockLogImpl.java:isTransactionFailed(245)) - Got block deletion ACK from datanode, TXIDs=1, success=true
2019-06-13 13:51:09,597 WARN  block.DeletedBlockLogImpl (DeletedBlockLogImpl.java:commitTransactions(205)) - Transaction txId=1 commit by dnId=5d71e5de-6d45-4480-a1f1-d41cc2d38630 for containerID=#1 failed. Corresponding entry not found.
2019-06-13 13:51:09,597 DEBUG block.DeletedBlockLogImpl (DeletedBlockLogImpl.java:isTransactionFailed(245)) - Got block deletion ACK from datanode, TXIDs=1, success=true
2019-06-13 13:51:09,597 INFO  commandhandler.DeleteBlocksCommandHandler (DeleteBlocksCommandHandler.java:handle(106)) - Start to delete container blocks, TXIDs=[1(0),2(0),3(0)], numOfContainers=3, numOfBlocks=553
2019-06-13 13:51:09,597 WARN  block.DeletedBlockLogImpl (DeletedBlockLogImpl.java:commitTransactions(205)) - Transaction txId=1 commit by dnId=5d71e5de-6d45-4480-a1f1-d41cc2d38630 for containerID=#1 failed. Corresponding entry not found.
2019-06-13 13:51:09,597 WARN  block.DeletedBlockLogImpl (DeletedBlockLogImpl.java:incrementCount(141)) - Deleted TXID not found.
2019-06-13 13:51:09,598 WARN  block.DeletedBlockLogImpl (DeletedBlockLogImpl.java:incrementCount(141)) - Deleted TXID not found.
2019-06-13 13:51:09,598 WARN  block.DeletedBlockLogImpl (DeletedBlockLogImpl.java:incrementCount(141)) - Deleted TXID not found.
2019-06-13 13:51:09,598 WARN  block.DeletedBlockLogImpl (DeletedBlockLogImpl.java:incrementCount(141)) - Deleted TXID not found.
2019-06-13 13:51:09,598 WARN  block.DeletedBlockLogImpl (DeletedBlockLogImpl.java:incrementCount(141)) - Deleted TXID not found.
2019-06-13 13:51:09,598 WARN  block.DeletedBlockLogImpl (DeletedBlockLogImpl.java:incrementCount(141)) - Deleted TXID not found.
2019-06-13 13:51:09,598 INFO  commandhandler.DeleteBlocksCommandHandler (DeletedBlockLogImpl.java:incrementCount(141)) - Deleted TXID not found.
2019-06-13 13:51:09,598 WARN  block.DeletedBlockLogImpl (DeleteBlocksCommandHandler.java:handle(106)) - Start to delete container blocks, TXIDs=[1(0),2(0),3(0)], numOfContainers=3, numOfBlocks=553
DeletedBlockLogImpl.java:incrementCount(141)) - Deleted TXID not found.
2019-06-13 13:51:09,598 INFO  commandhandler.DeleteBlocksCommandHandler (DeleteBlocksCommandHandler.java:handle(106)) - Start to delete container blocks, TXIDs=[1(0),2(0),3(0)], numOfContainers=3, numOfBlocks=553
2019-06-13 13:51:09,598 WARN  block.DeletedBlockLogImpl (DeletedBlockLogImpl.java:incrementCount(141)) - Deleted TXID not found.
2019-06-13 13:51:09,598 DEBUG block.DeletedBlockLogImpl (DeletedBlockLogImpl.java:isTransactionFailed(245)) - Got block deletion ACK from datanode, TXIDs=1, success=true
2019-06-13 13:51:09,598 WARN  block.DeletedBlockLogImpl (DeletedBlockLogImpl.java:commitTransactions(205)) - Transaction txId=1 commit by dnId=5d71e5de-6d45-4480-a1f1-d41cc2d38630 for containerID=#1 failed. Corresponding entry not found.
2019-06-13 13:51:09,598 DEBUG block.DeletedBlockLogImpl (DeletedBlockLogImpl.java:isTransactionFailed(245)) - Got block deletion ACK from datanode, TXIDs=1, success=true
2019-06-13 13:51:09,598 WARN  block.DeletedBlockLogImpl (DeletedBlockLogImpl.java:commitTransactions(205)) - Transaction txId=1 commit by dnId=5d71e5de-6d45-4480-a1f1-d41cc2d38630 for containerID=#1 failed. Corresponding entry not found.
2019-06-13 13:51:09,598 DEBUG block.DeletedBlockLogImpl (DeletedBlockLogImpl.java:isTransactionFailed(245)) - Got block deletion ACK from datanode, TXIDs=1, success=true
2019-06-13 13:51:09,599 WARN  block.DeletedBlockLogImpl (DeletedBlockLogImpl.java:commitTransactions(205)) - Transaction txId=1 commit by dnId=5d71e5de-6d45-4480-a1f1-d41cc2d38630 for containerID=#1 failed. Corresponding entry not found.
2019-06-13 13:51:09,599 DEBUG block.DeletedBlockLogImpl (DeletedBlockLogImpl.java:isTransactionFailed(245)) - Got block deletion ACK from datanode, TXIDs=1, success=true
2019-06-13 13:51:09,599 WARN  block.DeletedBlockLogImpl (DeletedBlockLogImpl.java:commitTransactions(205)) - Transaction txId=1 commit by dnId=5d71e5de-6d45-4480-a1f1-d41cc2d38630 for containerID=#1 failed. Corresponding entry not found.
2019-06-13 13:51:09,599 DEBUG block.DeletedBlockLogImpl (DeletedBlockLogImpl.java:isTransactionFailed(245)) - Got block deletion ACK from datanode, TXIDs=1, success=true
2019-06-13 13:51:09,599 WARN  block.DeletedBlockLogImpl (DeletedBlockLogImpl.java:commitTransactions(205)) - Transaction txId=1 commit by dnId=5d71e5de-6d45-4480-a1f1-d41cc2d38630 for containerID=#1 failed. Corresponding entry not found.
2019-06-13 13:51:09,599 DEBUG block.DeletedBlockLogImpl (DeletedBlockLogImpl.java:isTransactionFailed(245)) - Got block deletion ACK from datanode, TXIDs=1, success=true
2019-06-13 13:51:09,599 WARN  block.DeletedBlockLogImpl (DeletedBlockLogImpl.java:commitTransactions(205)) - Transaction txId=1 commit by dnId=5d71e5de-6d45-4480-a1f1-d41cc2d38630 for containerID=#1 failed. Corresponding entry not found.
2019-06-13 13:51:09,599 DEBUG block.DeletedBlockLogImpl (DeletedBlockLogImpl.java:isTransactionFailed(245)) - Got block deletion ACK from datanode, TXIDs=1, success=true
2019-06-13 13:51:09,599 WARN  block.DeletedBlockLogImpl (DeletedBlockLogImpl.java:commitTransactions(205)) - Transaction txId=1 commit by dnId=5d71e5de-6d45-4480-a1f1-d41cc2d38630 for containerID=#1 failed. Corresponding entry not found.
2019-06-13 13:51:09,599 DEBUG block.DeletedBlockLogImpl (DeletedBlockLogImpl.java:isTransactionFailed(245)) - Got block deletion ACK from datanode, TXIDs=1, success=true
2019-06-13 13:51:09,599 WARN  block.DeletedBlockLogImpl (DeletedBlockLogImpl.java:commitTransactions(205)) - Transaction txId=1 commit by dnId=5d71e5de-6d45-4480-a1f1-d41cc2d38630 for containerID=#1 failed. Corresponding entry not found.
2019-06-13 13:51:09,599 DEBUG block.DeletedBlockLogImpl (DeletedBlockLogImpl.java:isTransactionFailed(245)) - Got block deletion ACK from datanode, TXIDs=1, success=true
2019-06-13 13:51:09,599 WARN  block.DeletedBlockLogImpl (DeletedBlockLogImpl.java:commitTransactions(205)) - Transaction txId=1 commit by dnId=5d71e5de-6d45-4480-a1f1-d41cc2d38630 for containerID=#1 failed. Corresponding entry not found.
2019-06-13 13:51:09,599 DEBUG block.DeletedBlockLogImpl (DeletedBlockLogImpl.java:isTransactionFailed(245)) - Got block deletion ACK from datanode, TXIDs=1, success=true
2019-06-13 13:51:09,599 WARN  block.DeletedBlockLogImpl (DeletedBlockLogImpl.java:commitTransactions(205)) - Transaction txId=1 commit by dnId=5d71e5de-6d45-4480-a1f1-d41cc2d38630 for containerID=#1 failed. Corresponding entry not found.
2019-06-13 13:51:09,599 DEBUG block.DeletedBlockLogImpl (DeletedBlockLogImpl.java:isTransactionFailed(245)) - Got block deletion ACK from datanode, TXIDs=1, success=true
2019-06-13 13:51:09,599 WARN  block.DeletedBlockLogImpl (DeletedBlockLogImpl.java:commitTransactions(205)) - Transaction txId=1 commit by dnId=5d71e5de-6d45-4480-a1f1-d41cc2d38630 for containerID=#1 failed. Corresponding entry not found.
2019-06-13 13:51:09,599 INFO  commandhandler.DeleteBlocksCommandHandler (DeletedBlockLogImpl.java:isTransactionFailed(245)) - Got block deletion ACK from datanode, TXIDs=1, success=true
2019-06-13 13:51:09,599 WARN  block.DeletedBlockLogImpl (DeleteBlocksCommandHandler.java:handle(106)) - Start to delete container blocks, TXIDs=[1(0),2(0),3(0)], numOfContainers=3, numOfBlocks=553
DeletedBlockLogImpl.java:commitTransactions(205)) - Transaction txId=1 commit by dnId=5d71e5de-6d45-4480-a1f1-d41cc2d38630 for containerID=#1 failed. Corresponding entry not found.
2019-06-13 13:51:09,599 INFO  commandhandler.DeleteBlocksCommandHandler (DeleteBlocksCommandHandler.java:handle(106)) - Start to delete container blocks, TXIDs=[1(0),2(0),3(0)], numOfContainers=3, numOfBlocks=553
2019-06-13 13:51:09,599 DEBUG block.DeletedBlockLogImpl (DeletedBlockLogImpl.java:isTransactionFailed(245)) - Got block deletion ACK from datanode, TXIDs=1, success=true
2019-06-13 13:51:09,600 WARN  block.DeletedBlockLogImpl (DeletedBlockLogImpl.java:commitTransactions(205)) - Transaction txId=1 commit by dnId=5d71e5de-6d45-4480-a1f1-d41cc2d38630 for containerID=#1 failed. Corresponding entry not found.
2019-06-13 13:51:09,600 WARN  block.DeletedBlockLogImpl (DeletedBlockLogImpl.java:incrementCount(141)) - Deleted TXID not found.
2019-06-13 13:51:09,600 WARN  block.DeletedBlockLogImpl (DeletedBlockLogImpl.java:incrementCount(141)) - Deleted TXID not found.
2019-06-13 13:51:09,600 WARN  block.DeletedBlockLogImpl (DeletedBlockLogImpl.java:incrementCount(141)) - Deleted TXID not found.
2019-06-13 13:51:09,600 DEBUG block.DeletedBlockLogImpl (DeletedBlockLogImpl.java:isTransactionFailed(245)) - Got block deletion ACK from datanode, TXIDs=1, success=true
2019-06-13 13:51:09,600 WARN  block.DeletedBlockLogImpl (DeletedBlockLogImpl.java:commitTransactions(205)) - Transaction txId=1 commit by dnId=5d71e5de-6d45-4480-a1f1-d41cc2d38630 for containerID=#1 failed. Corresponding entry not found.
2019-06-13 13:51:09,600 WARN  block.DeletedBlockLogImpl (DeletedBlockLogImpl.java:incrementCount(141)) - Deleted TXID not found.
2019-06-13 13:51:09,600 INFO  commandhandler.DeleteBlocksCommandHandler (DeletedBlockLogImpl.java:incrementCount(141)) - Deleted TXID not found.
DeleteBlocksCommandHandler.java:handle(106)) - Start to delete container blocks, TXIDs=[1(0),2(0),3(0)], numOfContainers=3, numOfBlocks=553
2019-06-13 13:51:09,600 WARN  block.DeletedBlockLogImpl (DeletedBlockLogImpl.java:incrementCount(141)) - Deleted TXID not found.
2019-06-13 13:51:09,600 INFO  commandhandler.DeleteBlocksCommandHandler (DeleteBlocksCommandHandler.java:handle(106)) - Start to delete container blocks, TXIDs=[1(0),2(0),3(0)], numOfContainers=3, numOfBlocks=553
2019-06-13 13:51:09,600 WARN  block.DeletedBlockLogImpl (DeletedBlockLogImpl.java:incrementCount(141)) - Deleted TXID not found.
2019-06-13 13:51:09,600 WARN  block.DeletedBlockLogImpl (DeletedBlockLogImpl.java:incrementCount(141)) - Deleted TXID not found.
2019-06-13 13:51:09,600 WARN  block.DeletedBlockLogImpl (DeletedBlockLogImpl.java:incrementCount(141)) - Deleted TXID not found.
2019-06-13 13:51:09,600 DEBUG block.DeletedBlockLogImpl (DeletedBlockLogImpl.java:isTransactionFailed(245)) - Got block deletion ACK from datanode, TXIDs=1, success=true
2019-06-13 13:51:09,600 WARN  block.DeletedBlockLogImpl (DeletedBlockLogImpl.java:commitTransactions(205)) - Transaction txId=1 commit by dnId=5d71e5de-6d45-4480-a1f1-d41cc2d38630 for containerID=#1 failed. Corresponding entry not found.
2019-06-13 13:51:09,600 DEBUG block.DeletedBlockLogImpl (DeletedBlockLogImpl.java:isTransactionFailed(245)) - Got block deletion ACK from datanode, TXIDs=1, success=true
2019-06-13 13:51:09,601 WARN  block.DeletedBlockLogImpl (DeletedBlockLogImpl.java:commitTransactions(205)) - Transaction txId=1 commit by dnId=5d71e5de-6d45-4480-a1f1-d41cc2d38630 for containerID=#1 failed. Corresponding entry not found.
2019-06-13 13:51:09,601 DEBUG block.DeletedBlockLogImpl (DeletedBlockLogImpl.java:isTransactionFailed(245)) - Got block deletion ACK from datanode, TXIDs=1, success=true
2019-06-13 13:51:09,601 WARN  block.DeletedBlockLogImpl (DeletedBlockLogImpl.java:commitTransactions(205)) - Transaction txId=1 commit by dnId=5d71e5de-6d45-4480-a1f1-d41cc2d38630 for containerID=#1 failed. Corresponding entry not found.
2019-06-13 13:51:09,601 DEBUG block.DeletedBlockLogImpl (DeletedBlockLogImpl.java:isTransactionFailed(245)) - Got block deletion ACK from datanode, TXIDs=1, success=true
2019-06-13 13:51:09,601 WARN  block.DeletedBlockLogImpl (DeletedBlockLogImpl.java:commitTransactions(205)) - Transaction txId=1 commit by dnId=5d71e5de-6d45-4480-a1f1-d41cc2d38630 for containerID=#1 failed. Corresponding entry not found.
2019-06-13 13:51:09,601 DEBUG block.DeletedBlockLogImpl (DeleteBlocksCommandHandler.java:handle(106)) - Start to delete container blocks, TXIDs=[1(0),2(0),3(0)], numOfContainers=3, numOfBlocks=553
DeletedBlockLogImpl.java:isTransactionFailed(245)) - Got block deletion ACK from datanode, TXIDs=1, success=true
2019-06-13 13:51:09,601 INFO  commandhandler.DeleteBlocksCommandHandler (DeleteBlocksCommandHandler.java:handle(106)) - Start to delete container blocks, TXIDs=[1(0),2(0),3(0)], numOfContainers=3, numOfBlocks=553
2019-06-13 13:51:09,601 WARN  block.DeletedBlockLogImpl (DeletedBlockLogImpl.java:commitTransactions(205)) - Transaction txId=1 commit by dnId=5d71e5de-6d45-4480-a1f1-d41cc2d38630 for containerID=#1 failed. Corresponding entry not found.
2019-06-13 13:51:09,601 DEBUG block.DeletedBlockLogImpl (DeletedBlockLogImpl.java:isTransactionFailed(245)) - Got block deletion ACK from datanode, TXIDs=1, success=true
2019-06-13 13:51:09,601 WARN  block.DeletedBlockLogImpl (DeletedBlockLogImpl.java:commitTransactions(205)) - Transaction txId=1 commit by dnId=5d71e5de-6d45-4480-a1f1-d41cc2d38630 for containerID=#1 failed. Corresponding entry not found.
2019-06-13 13:51:09,601 DEBUG block.DeletedBlockLogImpl (DeletedBlockLogImpl.java:isTransactionFailed(245)) - Got block deletion ACK from datanode, TXIDs=1, success=true
2019-06-13 13:51:09,601 WARN  block.DeletedBlockLogImpl (DeletedBlockLogImpl.java:commitTransactions(205)) - Transaction txId=1 commit by dnId=5d71e5de-6d45-4480-a1f1-d41cc2d38630 for containerID=#1 failed. Corresponding entry not found.
2019-06-13 13:51:09,601 DEBUG block.DeletedBlockLogImpl (DeletedBlockLogImpl.java:isTransactionFailed(245)) - Got block deletion ACK from datanode, TXIDs=1, success=true
2019-06-13 13:51:09,601 WARN  block.DeletedBlockLogImpl (DeletedBlockLogImpl.java:commitTransactions(205)) - Transaction txId=1 commit by dnId=5d71e5de-6d45-4480-a1f1-d41cc2d38630 for containerID=#1 failed. Corresponding entry not found.
2019-06-13 13:51:09,601 DEBUG block.DeletedBlockLogImpl (DeletedBlockLogImpl.java:isTransactionFailed(245)) - Got block deletion ACK from datanode, TXIDs=1, success=true
2019-06-13 13:51:09,601 WARN  block.DeletedBlockLogImpl (DeletedBlockLogImpl.java:commitTransactions(205)) - Transaction txId=1 commit by dnId=5d71e5de-6d45-4480-a1f1-d41cc2d38630 for containerID=#1 failed. Corresponding entry not found.
2019-06-13 13:51:09,601 DEBUG block.DeletedBlockLogImpl (DeletedBlockLogImpl.java:isTransactionFailed(245)) - Got block deletion ACK from datanode, TXIDs=1, success=true
2019-06-13 13:51:09,601 WARN  block.DeletedBlockLogImpl (DeletedBlockLogImpl.java:commitTransactions(205)) - Transaction txId=1 commit by dnId=5d71e5de-6d45-4480-a1f1-d41cc2d38630 for containerID=#1 failed. Corresponding entry not found.
2019-06-13 13:51:09,601 INFO  commandhandler.DeleteBlocksCommandHandler (DeletedBlockLogImpl.java:isTransactionFailed(245)) - Got block deletion ACK from datanode, TXIDs=1, success=true
2019-06-13 13:51:09,601 WARN  block.DeletedBlockLogImpl (DeleteBlocksCommandHandler.java:handle(106)) - Start to delete container blocks, TXIDs=[1(0),2(0),3(0)], numOfContainers=3, numOfBlocks=553
DeletedBlockLogImpl.java:commitTransactions(205)) - Transaction txId=1 commit by dnId=5d71e5de-6d45-4480-a1f1-d41cc2d38630 for containerID=#1 failed. Corresponding entry not found.
2019-06-13 13:51:09,601 INFO  commandhandler.DeleteBlocksCommandHandler (DeleteBlocksCommandHandler.java:handle(106)) - Start to delete container blocks, TXIDs=[1(0),2(0),3(0)], numOfContainers=3, numOfBlocks=553
2019-06-13 13:51:09,602 WARN  block.DeletedBlockLogImpl (DeletedBlockLogImpl.java:incrementCount(141)) - Deleted TXID not found.
2019-06-13 13:51:09,602 WARN  block.DeletedBlockLogImpl (DeletedBlockLogImpl.java:incrementCount(141)) - Deleted TXID not found.
2019-06-13 13:51:09,602 WARN  block.DeletedBlockLogImpl (DeletedBlockLogImpl.java:incrementCount(141)) - Deleted TXID not found.
2019-06-13 13:51:09,602 WARN  block.DeletedBlockLogImpl (DeletedBlockLogImpl.java:incrementCount(141)) - Deleted TXID not found.
2019-06-13 13:51:09,602 WARN  block.DeletedBlockLogImpl (DeletedBlockLogImpl.java:incrementCount(141)) - Deleted TXID not found.
2019-06-13 13:51:09,602 WARN  block.DeletedBlockLogImpl (DeletedBlockLogImpl.java:incrementCount(141)) - Deleted TXID not found.
2019-06-13 13:51:09,602 WARN  block.DeletedBlockLogImpl (DeletedBlockLogImpl.java:incrementCount(141)) - Deleted TXID not found.
2019-06-13 13:51:09,602 WARN  block.DeletedBlockLogImpl (DeletedBlockLogImpl.java:incrementCount(141)) - Deleted TXID not found.
2019-06-13 13:51:09,602 WARN  block.DeletedBlockLogImpl (DeletedBlockLogImpl.java:incrementCount(141)) - Deleted TXID not found.
2019-06-13 13:51:09,602 INFO  commandhandler.DeleteBlocksCommandHandler (DeletedBlockLogImpl.java:incrementCount(141)) - Deleted TXID not found.
2019-06-13 13:51:09,602 WARN  block.DeletedBlockLogImpl (DeleteBlocksCommandHandler.java:handle(106)) - Start to delete container blocks, TXIDs=[1(0),2(0),3(0)], numOfContainers=3, numOfBlocks=553
DeletedBlockLogImpl.java:incrementCount(141)) - Deleted TXID not found.
2019-06-13 13:51:09,602 WARN  block.DeletedBlockLogImpl (DeletedBlockLogImpl.java:incrementCount(141)) - Deleted TXID not found.
2019-06-13 13:51:09,602 INFO  commandhandler.DeleteBlocksCommandHandler (DeleteBlocksCommandHandler.java:handle(106)) - Start to delete container blocks, TXIDs=[1(0),2(0),3(0)], numOfContainers=3, numOfBlocks=553
2019-06-13 13:51:09,603 INFO  commandhandler.DeleteBlocksCommandHandler (DeleteBlocksCommandHandler.java:handle(106)) - Start to delete container blocks, TXIDs=[1(0),2(0),3(0)], numOfContainers=3, numOfBlocks=553
2019-06-13 13:51:09,604 INFO  commandhandler.DeleteBlocksCommandHandler (DeleteBlocksCommandHandler.java:handle(106)) - Start to delete container blocks, TXIDs=[1(0),2(0),3(0)], numOfContainers=3, numOfBlocks=553
2019-06-13 13:51:09,614 INFO  commands.RetriableDatanodeEventWatcher (RetriableDatanodeEventWatcher.java:onTimeout(47)) - RetriableDatanodeCommand type=deleteBlocksCommand with id=1560433858523 timed out. Retrying.
2019-06-13 13:51:09,617 INFO  commands.RetriableDatanodeEventWatcher (RetriableDatanodeEventWatcher.java:onTimeout(47)) - RetriableDatanodeCommand type=deleteBlocksCommand with id=1560433858562 timed out. Retrying.
2019-06-13 13:51:09,630 INFO  commandhandler.DeleteBlocksCommandHandler (DeleteBlocksCommandHandler.java:handle(106)) - Start to delete container blocks, TXIDs=[1(0),2(0),3(0)], numOfContainers=3, numOfBlocks=553
2019-06-13 13:51:09,631 DEBUG block.SCMBlockDeletingService (DeleteBlocksCommandHandler.java:handle(106)) - Start to delete container blocks, TXIDs=[1(0),2(0),3(0)], numOfContainers=3, numOfBlocks=553
SCMBlockDeletingService.java:call(138)) - Running DeletedBlockTransactionScanner
2019-06-13 13:51:09,631 INFO  commandhandler.DeleteBlocksCommandHandler (DeleteBlocksCommandHandler.java:handle(106)) - Start to delete container blocks, TXIDs=[1(0),2(0),3(0)], numOfContainers=3, numOfBlocks=553
2019-06-13 13:51:09,631 DEBUG block.SCMBlockDeletingService (SCMBlockDeletingService.java:call(155)) - Scanned deleted blocks log and got 0 delTX to process.
2019-06-13 13:51:09,632 INFO  commandhandler.DeleteBlocksCommandHandler (DeleteBlocksCommandHandler.java:handle(106)) - Start to delete container blocks, TXIDs=[1(0),2(0),3(0)], numOfContainers=3, numOfBlocks=553
2019-06-13 13:51:09,633 INFO  commandhandler.DeleteBlocksCommandHandler (DeleteBlocksCommandHandler.java:handle(106)) - Start to delete container blocks, TXIDs=[1(0),2(0),3(0)], numOfContainers=3, numOfBlocks=553
2019-06-13 13:51:09,634 INFO  commandhandler.DeleteBlocksCommandHandler (DeleteBlocksCommandHandler.java:handle(106)) - Start to delete container blocks, TXIDs=[1(0),2(0),3(0)], numOfContainers=3, numOfBlocks=553
2019-06-13 13:51:09,635 INFO  commandhandler.DeleteBlocksCommandHandler (DeleteBlocksCommandHandler.java:handle(106)) - Start to delete container blocks, TXIDs=[1(0),2(0),3(0)], numOfContainers=3, numOfBlocks=553
2019-06-13 13:51:09,636 INFO  commandhandler.DeleteBlocksCommandHandler (DeleteBlocksCommandHandler.java:handle(106)) - Start to delete container blocks, TXIDs=[1(0),2(0),3(0)], numOfContainers=3, numOfBlocks=553
2019-06-13 13:51:09,637 INFO  commandhandler.DeleteBlocksCommandHandler (DeleteBlocksCommandHandler.java:handle(106)) - Start to delete container blocks, TXIDs=[1(0),2(0),3(0)], numOfContainers=3, numOfBlocks=553
2019-06-13 13:51:09,637 INFO  commandhandler.DeleteBlocksCommandHandler (DeleteBlocksCommandHandler.java:handle(106)) - Start to delete container blocks, TXIDs=[1(0),2(0),3(0)], numOfContainers=3, numOfBlocks=553
2019-06-13 13:51:09,638 INFO  commandhandler.DeleteBlocksCommandHandler (DeleteBlocksCommandHandler.java:handle(106)) - Start to delete container blocks, TXIDs=[1(0),2(0),3(0)], numOfContainers=3, numOfBlocks=553
2019-06-13 13:51:09,639 INFO  commandhandler.DeleteBlocksCommandHandler (DeleteBlocksCommandHandler.java:handle(106)) - Start to delete container blocks, TXIDs=[1(0),2(0),3(0)], numOfContainers=3, numOfBlocks=553
2019-06-13 13:51:09,640 INFO  commandhandler.DeleteBlocksCommandHandler (DeleteBlocksCommandHandler.java:handle(106)) - Start to delete container blocks, TXIDs=[1(0),2(0),3(0)], numOfContainers=3, numOfBlocks=553
2019-06-13 13:51:09,641 INFO  commandhandler.DeleteBlocksCommandHandler (DeleteBlocksCommandHandler.java:handle(106)) - Start to delete container blocks, TXIDs=[1(0),2(0),3(0)], numOfContainers=3, numOfBlocks=553
2019-06-13 13:51:09,642 INFO  commandhandler.DeleteBlocksCommandHandler (DeleteBlocksCommandHandler.java:handle(106)) - Start to delete container blocks, TXIDs=[1(0),2(0),3(0)], numOfContainers=3, numOfBlocks=553
2019-06-13 13:51:09,643 INFO  commandhandler.DeleteBlocksCommandHandler (DeleteBlocksCommandHandler.java:handle(106)) - Start to delete container blocks, TXIDs=[1(0),2(0),3(0)], numOfContainers=3, numOfBlocks=553
2019-06-13 13:51:09,644 INFO  commandhandler.DeleteBlocksCommandHandler (DeleteBlocksCommandHandler.java:handle(106)) - Start to delete container blocks, TXIDs=[1(0),2(0),3(0)], numOfContainers=3, numOfBlocks=553
2019-06-13 13:51:09,645 INFO  commandhandler.DeleteBlocksCommandHandler (DeleteBlocksCommandHandler.java:handle(106)) - Start to delete container blocks, TXIDs=[1(0),2(0),3(0)], numOfContainers=3, numOfBlocks=553
2019-06-13 13:51:09,646 INFO  commandhandler.DeleteBlocksCommandHandler (DeleteBlocksCommandHandler.java:handle(106)) - Start to delete container blocks, TXIDs=[1(0),2(0),3(0)], numOfContainers=3, numOfBlocks=553
2019-06-13 13:51:09,647 INFO  commandhandler.DeleteBlocksCommandHandler (DeleteBlocksCommandHandler.java:handle(106)) - Start to delete container blocks, TXIDs=[1(0),2(0),3(0)], numOfContainers=3, numOfBlocks=553
2019-06-13 13:51:09,648 INFO  commandhandler.DeleteBlocksCommandHandler (DeleteBlocksCommandHandler.java:handle(106)) - Start to delete container blocks, TXIDs=[1(0),2(0),3(0)], numOfContainers=3, numOfBlocks=553
2019-06-13 13:51:09,648 INFO  commandhandler.DeleteBlocksCommandHandler (DeleteBlocksCommandHandler.java:handle(106)) - Start to delete container blocks, TXIDs=[1(0),2(0),3(0)], numOfContainers=3, numOfBlocks=553
2019-06-13 13:51:09,650 INFO  commandhandler.DeleteBlocksCommandHandler (DeleteBlocksCommandHandler.java:handle(106)) - Start to delete container blocks, TXIDs=[1(0),2(0),3(0)], numOfContainers=3, numOfBlocks=553
2019-06-13 13:51:09,650 INFO  commandhandler.DeleteBlocksCommandHandler (DeleteBlocksCommandHandler.java:handle(106)) - Start to delete container blocks, TXIDs=[1(0),2(0),3(0)], numOfContainers=3, numOfBlocks=553
2019-06-13 13:51:09,651 INFO  commandhandler.DeleteBlocksCommandHandler (DeleteBlocksCommandHandler.java:handle(106)) - Start to delete container blocks, TXIDs=[1(0),2(0),3(0)], numOfContainers=3, numOfBlocks=553
2019-06-13 13:51:09,652 INFO  commandhandler.DeleteBlocksCommandHandler (DeleteBlocksCommandHandler.java:handle(106)) - Start to delete container blocks, TXIDs=[1(0),2(0),3(0)], numOfContainers=3, numOfBlocks=553
2019-06-13 13:51:09,653 INFO  commandhandler.DeleteBlocksCommandHandler (DeleteBlocksCommandHandler.java:handle(106)) - Start to delete container blocks, TXIDs=[1(0),2(0),3(0)], numOfContainers=3, numOfBlocks=553
2019-06-13 13:51:09,654 INFO  commandhandler.DeleteBlocksCommandHandler (DeleteBlocksCommandHandler.java:handle(106)) - Start to delete container blocks, TXIDs=[1(0),2(0),3(0)], numOfContainers=3, numOfBlocks=553
2019-06-13 13:51:09,655 INFO  commandhandler.DeleteBlocksCommandHandler (DeleteBlocksCommandHandler.java:handle(106)) - Start to delete container blocks, TXIDs=[1(0),2(0),3(0)], numOfContainers=3, numOfBlocks=553
2019-06-13 13:51:09,656 INFO  commandhandler.DeleteBlocksCommandHandler (DeleteBlocksCommandHandler.java:handle(106)) - Start to delete container blocks, TXIDs=[1(0),2(0),3(0)], numOfContainers=3, numOfBlocks=553
2019-06-13 13:51:09,657 INFO  commandhandler.DeleteBlocksCommandHandler (DeleteBlocksCommandHandler.java:handle(106)) - Start to delete container blocks, TXIDs=[1(0),2(0),3(0)], numOfContainers=3, numOfBlocks=553
2019-06-13 13:51:09,658 INFO  commandhandler.DeleteBlocksCommandHandler (DeleteBlocksCommandHandler.java:handle(106)) - Start to delete container blocks, TXIDs=[1(0),2(0),3(0)], numOfContainers=3, numOfBlocks=553
2019-06-13 13:51:09,658 INFO  impl.LeaderElection (LeaderElection.java:askForVotes(181)) - 5d71e5de-6d45-4480-a1f1-d41cc2d38630:group-14F391A00776:LeaderElection3: begin an election at term 1 for -1: [5d71e5de-6d45-4480-a1f1-d41cc2d38630:192.168.46.37:39319], old=null
2019-06-13 13:51:09,659 INFO  impl.RoleInfo (RoleInfo.java:shutdownLeaderElection(134)) - 5d71e5de-6d45-4480-a1f1-d41cc2d38630: shutdown LeaderElection
2019-06-13 13:51:09,659 INFO  impl.RaftServerImpl (RaftServerImpl.java:setRole(164)) - 5d71e5de-6d45-4480-a1f1-d41cc2d38630:group-14F391A00776 changes role from CANDIDATE to LEADER at term 1 for changeToLeader
2019-06-13 13:51:09,659 INFO  impl.RaftServerImpl (ServerState.java:setLeader(263)) - 5d71e5de-6d45-4480-a1f1-d41cc2d38630:group-14F391A00776 change Leader from null to 5d71e5de-6d45-4480-a1f1-d41cc2d38630 at term 1 for becomeLeader, leader elected after 1182ms
2019-06-13 13:51:09,659 INFO  server.RaftServerConfigKeys (ConfUtils.java:logGet(43)) - raft.server.staging.catchup.gap = 1000 (default)
2019-06-13 13:51:09,659 INFO  server.RaftServerConfigKeys (ConfUtils.java:logGet(43)) - raft.server.rpc.sleep.time = 25ms (default)
2019-06-13 13:51:09,659 INFO  server.RaftServerConfigKeys (ConfUtils.java:logGet(43)) - raft.server.watch.timeout = 10s (default)
2019-06-13 13:51:09,659 INFO  server.RaftServerConfigKeys (ConfUtils.java:logGet(43)) - raft.server.watch.timeout.denomination = 1s (default)
2019-06-13 13:51:09,659 INFO  impl.RoleInfo (RoleInfo.java:updateAndGet(143)) - 5d71e5de-6d45-4480-a1f1-d41cc2d38630: start LeaderState
2019-06-13 13:51:09,660 INFO  storage.RaftLogWorker (RaftLogWorker.java:startLogSegment(298)) - 5d71e5de-6d45-4480-a1f1-d41cc2d38630-RaftLogWorker: Starting segment from index:0
2019-06-13 13:51:09,661 INFO  impl.RaftServerImpl (ServerState.java:setRaftConf(361)) - 5d71e5de-6d45-4480-a1f1-d41cc2d38630:group-14F391A00776 set configuration 0: [5d71e5de-6d45-4480-a1f1-d41cc2d38630:192.168.46.37:39319], old=null at 0
2019-06-13 13:51:09,679 INFO  commands.RetriableDatanodeEventWatcher (RetriableDatanodeEventWatcher.java:onTimeout(47)) - RetriableDatanodeCommand type=deleteBlocksCommand with id=1560433858533 timed out. Retrying.
2019-06-13 13:51:09,679 INFO  commandhandler.DeleteBlocksCommandHandler (DeleteBlocksCommandHandler.java:handle(106)) - Start to delete container blocks, TXIDs=[1(0),2(0),3(0)], numOfContainers=3, numOfBlocks=553
2019-06-13 13:51:09,680 INFO  commandhandler.DeleteBlocksCommandHandler (DeleteBlocksCommandHandler.java:handle(106)) - Start to delete container blocks, TXIDs=[1(0),2(0),3(0)], numOfContainers=3, numOfBlocks=553
2019-06-13 13:51:09,681 INFO  commandhandler.DeleteBlocksCommandHandler (DeleteBlocksCommandHandler.java:handle(106)) - Start to delete container blocks, TXIDs=[1(0),2(0),3(0)], numOfContainers=3, numOfBlocks=553
2019-06-13 13:51:09,682 INFO  commandhandler.DeleteBlocksCommandHandler (DeleteBlocksCommandHandler.java:handle(106)) - Start to delete container blocks, TXIDs=[1(0),2(0),3(0)], numOfContainers=3, numOfBlocks=553
2019-06-13 13:51:09,683 INFO  commandhandler.DeleteBlocksCommandHandler (DeleteBlocksCommandHandler.java:handle(106)) - Start to delete container blocks, TXIDs=[1(0),2(0),3(0)], numOfContainers=3, numOfBlocks=553
2019-06-13 13:51:09,684 INFO  commandhandler.DeleteBlocksCommandHandler (DeleteBlocksCommandHandler.java:handle(106)) - Start to delete container blocks, TXIDs=[1(0),2(0),3(0)], numOfContainers=3, numOfBlocks=553
2019-06-13 13:51:09,685 INFO  commandhandler.DeleteBlocksCommandHandler (DeleteBlocksCommandHandler.java:handle(106)) - Start to delete container blocks, TXIDs=[1(0),2(0),3(0)], numOfContainers=3, numOfBlocks=553
2019-06-13 13:51:09,685 INFO  commands.RetriableDatanodeEventWatcher (RetriableDatanodeEventWatcher.java:onTimeout(47)) - RetriableDatanodeCommand type=deleteBlocksCommand with id=1560433858543 timed out. Retrying.
2019-06-13 13:51:09,686 INFO  commandhandler.DeleteBlocksCommandHandler (DeleteBlocksCommandHandler.java:handle(106)) - Start to delete container blocks, TXIDs=[1(0),2(0),3(0)], numOfContainers=3, numOfBlocks=553
2019-06-13 13:51:09,687 INFO  commandhandler.DeleteBlocksCommandHandler (DeleteBlocksCommandHandler.java:handle(106)) - Start to delete container blocks, TXIDs=[1(0),2(0),3(0)], numOfContainers=3, numOfBlocks=553
2019-06-13 13:51:09,687 INFO  commandhandler.DeleteBlocksCommandHandler (DeleteBlocksCommandHandler.java:handle(106)) - Start to delete container blocks, TXIDs=[1(0),2(0),3(0)], numOfContainers=3, numOfBlocks=553
2019-06-13 13:51:09,688 INFO  commandhandler.DeleteBlocksCommandHandler (DeleteBlocksCommandHandler.java:handle(106)) - Start to delete container blocks, TXIDs=[1(0),2(0),3(0)], numOfContainers=3, numOfBlocks=553
2019-06-13 13:51:09,689 INFO  commandhandler.DeleteBlocksCommandHandler (DeleteBlocksCommandHandler.java:handle(106)) - Start to delete container blocks, TXIDs=[1(0),2(0),3(0)], numOfContainers=3, numOfBlocks=553
2019-06-13 13:51:09,690 INFO  commandhandler.DeleteBlocksCommandHandler (DeleteBlocksCommandHandler.java:handle(106)) - Start to delete container blocks, TXIDs=[1(0),2(0),3(0)], numOfContainers=3, numOfBlocks=553
2019-06-13 13:51:09,690 INFO  commandhandler.DeleteBlocksCommandHandler (DeleteBlocksCommandHandler.java:handle(106)) - Start to delete container blocks, TXIDs=[1(0),2(0),3(0)], numOfContainers=3, numOfBlocks=553
2019-06-13 13:51:09,691 INFO  commandhandler.DeleteBlocksCommandHandler (DeleteBlocksCommandHandler.java:handle(106)) - Start to delete container blocks, TXIDs=[1(0),2(0),3(0)], numOfContainers=3, numOfBlocks=553
2019-06-13 13:51:09,692 INFO  commandhandler.DeleteBlocksCommandHandler (DeleteBlocksCommandHandler.java:handle(106)) - Start to delete container blocks, TXIDs=[1(0),2(0),3(0)], numOfContainers=3, numOfBlocks=553
2019-06-13 13:51:09,692 INFO  commandhandler.DeleteBlocksCommandHandler (DeleteBlocksCommandHandler.java:handle(106)) - Start to delete container blocks, TXIDs=[1(0),2(0),3(0)], numOfContainers=3, numOfBlocks=553
2019-06-13 13:51:09,693 INFO  commandhandler.DeleteBlocksCommandHandler (DeleteBlocksCommandHandler.java:handle(106)) - Start to delete container blocks, TXIDs=[1(0),2(0),3(0)], numOfContainers=3, numOfBlocks=553
2019-06-13 13:51:09,693 INFO  commands.RetriableDatanodeEventWatcher (RetriableDatanodeEventWatcher.java:onTimeout(47)) - RetriableDatanodeCommand type=deleteBlocksCommand with id=1560433858553 timed out. Retrying.
2019-06-13 13:51:09,693 INFO  commandhandler.DeleteBlocksCommandHandler (DeleteBlocksCommandHandler.java:handle(106)) - Start to delete container blocks, TXIDs=[1(0),2(0),3(0)], numOfContainers=3, numOfBlocks=553
2019-06-13 13:51:09,694 INFO  commandhandler.DeleteBlocksCommandHandler (DeleteBlocksCommandHandler.java:handle(106)) - Start to delete container blocks, TXIDs=[1(0),2(0),3(0)], numOfContainers=3, numOfBlocks=553
2019-06-13 13:51:09,695 INFO  commandhandler.DeleteBlocksCommandHandler (DeleteBlocksCommandHandler.java:handle(106)) - Start to delete container blocks, TXIDs=[1(0),2(0),3(0)], numOfContainers=3, numOfBlocks=553
2019-06-13 13:51:09,695 INFO  commandhandler.DeleteBlocksCommandHandler (DeleteBlocksCommandHandler.java:handle(106)) - Start to delete container blocks, TXIDs=[1(0),2(0),3(0)], numOfContainers=3, numOfBlocks=553
2019-06-13 13:51:09,696 INFO  commandhandler.DeleteBlocksCommandHandler (DeleteBlocksCommandHandler.java:handle(106)) - Start to delete container blocks, TXIDs=[1(0),2(0),3(0)], numOfContainers=3, numOfBlocks=553
2019-06-13 13:51:09,697 INFO  commandhandler.DeleteBlocksCommandHandler (DeleteBlocksCommandHandler.java:handle(106)) - Start to delete container blocks, TXIDs=[1(0),2(0),3(0)], numOfContainers=3, numOfBlocks=553
2019-06-13 13:51:09,697 INFO  commandhandler.DeleteBlocksCommandHandler (DeleteBlocksCommandHandler.java:handle(106)) - Start to delete container blocks, TXIDs=[1(0),2(0),3(0)], numOfContainers=3, numOfBlocks=553
2019-06-13 13:51:09,698 INFO  commandhandler.DeleteBlocksCommandHandler (DeleteBlocksCommandHandler.java:handle(106)) - Start to delete container blocks, TXIDs=[1(0),2(0),3(0)], numOfContainers=3, numOfBlocks=553
2019-06-13 13:51:09,699 INFO  commandhandler.DeleteBlocksCommandHandler (DeleteBlocksCommandHandler.java:handle(106)) - Start to delete container blocks, TXIDs=[1(0),2(0),3(0)], numOfContainers=3, numOfBlocks=553
2019-06-13 13:51:09,699 INFO  commandhandler.DeleteBlocksCommandHandler (DeleteBlocksCommandHandler.java:handle(106)) - Start to delete container blocks, TXIDs=[1(0),2(0),3(0)], numOfContainers=3, numOfBlocks=553
2019-06-13 13:51:09,700 INFO  commandhandler.DeleteBlocksCommandHandler (DeleteBlocksCommandHandler.java:handle(106)) - Start to delete container blocks, TXIDs=[1(0),2(0),3(0)], numOfContainers=3, numOfBlocks=553
2019-06-13 13:51:09,700 INFO  commandhandler.DeleteBlocksCommandHandler (DeleteBlocksCommandHandler.java:handle(106)) - Start to delete container blocks, TXIDs=[1(0),2(0),3(0)], numOfContainers=3, numOfBlocks=553
2019-06-13 13:51:09,701 INFO  commandhandler.DeleteBlocksCommandHandler (DeleteBlocksCommandHandler.java:handle(106)) - Start to delete container blocks, TXIDs=[1(0),2(0),3(0)], numOfContainers=3, numOfBlocks=553
2019-06-13 13:51:09,702 INFO  commandhandler.DeleteBlocksCommandHandler (DeleteBlocksCommandHandler.java:handle(106)) - Start to delete container blocks, TXIDs=[1(0),2(0),3(0)], numOfContainers=3, numOfBlocks=553
2019-06-13 13:51:09,702 INFO  commandhandler.DeleteBlocksCommandHandler (DeleteBlocksCommandHandler.java:handle(106)) - Start to delete container blocks, TXIDs=[1(0),2(0),3(0)], numOfContainers=3, numOfBlocks=553
2019-06-13 13:51:09,703 INFO  commandhandler.DeleteBlocksCommandHandler (DeleteBlocksCommandHandler.java:handle(106)) - Start to delete container blocks, TXIDs=[1(0),2(0),3(0)], numOfContainers=3, numOfBlocks=553
2019-06-13 13:51:09,703 INFO  commandhandler.DeleteBlocksCommandHandler (DeleteBlocksCommandHandler.java:handle(106)) - Start to delete container blocks, TXIDs=[1(0),2(0),3(0)], numOfContainers=3, numOfBlocks=553
2019-06-13 13:51:09,704 INFO  commandhandler.DeleteBlocksCommandHandler (DeleteBlocksCommandHandler.java:handle(106)) - Start to delete container blocks, TXIDs=[1(0),2(0),3(0)], numOfContainers=3, numOfBlocks=553
2019-06-13 13:51:09,705 INFO  commandhandler.DeleteBlocksCommandHandler (DeleteBlocksCommandHandler.java:handle(106)) - Start to delete container blocks, TXIDs=[1(0),2(0),3(0)], numOfContainers=3, numOfBlocks=553
2019-06-13 13:51:09,705 INFO  commandhandler.DeleteBlocksCommandHandler (DeleteBlocksCommandHandler.java:handle(106)) - Start to delete container blocks, TXIDs=[1(0),2(0),3(0)], numOfContainers=3, numOfBlocks=553
2019-06-13 13:51:09,706 INFO  commandhandler.DeleteBlocksCommandHandler (DeleteBlocksCommandHandler.java:handle(106)) - Start to delete container blocks, TXIDs=[1(0),2(0),3(0)], numOfContainers=3, numOfBlocks=553
2019-06-13 13:51:09,706 INFO  commandhandler.DeleteBlocksCommandHandler (DeleteBlocksCommandHandler.java:handle(106)) - Start to delete container blocks, TXIDs=[1(0),2(0),3(0)], numOfContainers=3, numOfBlocks=553
2019-06-13 13:51:09,707 INFO  commandhandler.DeleteBlocksCommandHandler (DeleteBlocksCommandHandler.java:handle(106)) - Start to delete container blocks, TXIDs=[1(0),2(0),3(0)], numOfContainers=3, numOfBlocks=553
2019-06-13 13:51:09,708 INFO  commandhandler.DeleteBlocksCommandHandler (DeleteBlocksCommandHandler.java:handle(106)) - Start to delete container blocks, TXIDs=[1(0),2(0),3(0)], numOfContainers=3, numOfBlocks=553
2019-06-13 13:51:09,708 INFO  commandhandler.DeleteBlocksCommandHandler (DeleteBlocksCommandHandler.java:handle(106)) - Start to delete container blocks, TXIDs=[1(0),2(0),3(0)], numOfContainers=3, numOfBlocks=553
2019-06-13 13:51:09,709 INFO  commandhandler.DeleteBlocksCommandHandler (DeleteBlocksCommandHandler.java:handle(106)) - Start to delete container blocks, TXIDs=[1(0),2(0),3(0)], numOfContainers=3, numOfBlocks=553
2019-06-13 13:51:09,709 INFO  commandhandler.DeleteBlocksCommandHandler (DeleteBlocksCommandHandler.java:handle(106)) - Start to delete container blocks, TXIDs=[1(0),2(0),3(0)], numOfContainers=3, numOfBlocks=553
2019-06-13 13:51:09,710 INFO  commandhandler.DeleteBlocksCommandHandler (DeleteBlocksCommandHandler.java:handle(106)) - Start to delete container blocks, TXIDs=[1(0),2(0),3(0)], numOfContainers=3, numOfBlocks=553
2019-06-13 13:51:09,711 INFO  commandhandler.DeleteBlocksCommandHandler (DeleteBlocksCommandHandler.java:handle(106)) - Start to delete container blocks, TXIDs=[1(0),2(0),3(0)], numOfContainers=3, numOfBlocks=553
2019-06-13 13:51:09,711 INFO  commandhandler.DeleteBlocksCommandHandler (DeleteBlocksCommandHandler.java:handle(106)) - Start to delete container blocks, TXIDs=[1(0),2(0),3(0)], numOfContainers=3, numOfBlocks=553
2019-06-13 13:51:09,712 INFO  commandhandler.DeleteBlocksCommandHandler (DeleteBlocksCommandHandler.java:handle(106)) - Start to delete container blocks, TXIDs=[1(0),2(0),3(0)], numOfContainers=3, numOfBlocks=553
2019-06-13 13:51:09,713 INFO  commandhandler.DeleteBlocksCommandHandler (DeleteBlocksCommandHandler.java:handle(106)) - Start to delete container blocks, TXIDs=[1(0),2(0),3(0)], numOfContainers=3, numOfBlocks=553
2019-06-13 13:51:09,713 INFO  commandhandler.DeleteBlocksCommandHandler (DeleteBlocksCommandHandler.java:handle(106)) - Start to delete container blocks, TXIDs=[1(0),2(0),3(0)], numOfContainers=3, numOfBlocks=553
2019-06-13 13:51:09,713 INFO  commands.RetriableDatanodeEventWatcher (RetriableDatanodeEventWatcher.java:onTimeout(47)) - RetriableDatanodeCommand type=deleteBlocksCommand with id=1560433858524 timed out. Retrying.
2019-06-13 13:51:09,714 INFO  commandhandler.DeleteBlocksCommandHandler (DeleteBlocksCommandHandler.java:handle(106)) - Start to delete container blocks, TXIDs=[1(0),2(0),3(0)], numOfContainers=3, numOfBlocks=553
2019-06-13 13:51:09,714 INFO  commandhandler.DeleteBlocksCommandHandler (DeleteBlocksCommandHandler.java:handle(106)) - Start to delete container blocks, TXIDs=[1(0),2(0),3(0)], numOfContainers=3, numOfBlocks=553
2019-06-13 13:51:09,715 INFO  commandhandler.DeleteBlocksCommandHandler (DeleteBlocksCommandHandler.java:handle(106)) - Start to delete container blocks, TXIDs=[1(0),2(0),3(0)], numOfContainers=3, numOfBlocks=553
2019-06-13 13:51:09,716 INFO  commandhandler.DeleteBlocksCommandHandler (DeleteBlocksCommandHandler.java:handle(106)) - Start to delete container blocks, TXIDs=[1(0),2(0),3(0)], numOfContainers=3, numOfBlocks=553
2019-06-13 13:51:09,716 INFO  commandhandler.DeleteBlocksCommandHandler (DeleteBlocksCommandHandler.java:handle(106)) - Start to delete container blocks, TXIDs=[1(0),2(0),3(0)], numOfContainers=3, numOfBlocks=553
2019-06-13 13:51:09,717 INFO  commandhandler.DeleteBlocksCommandHandler (DeleteBlocksCommandHandler.java:handle(106)) - Start to delete container blocks, TXIDs=[1(0),2(0),3(0)], numOfContainers=3, numOfBlocks=553
2019-06-13 13:51:09,718 INFO  commands.RetriableDatanodeEventWatcher (RetriableDatanodeEventWatcher.java:onTimeout(47)) - RetriableDatanodeCommand type=deleteBlocksCommand with id=1560433858563 timed out. Retrying.
2019-06-13 13:51:09,731 DEBUG block.SCMBlockDeletingService (SCMBlockDeletingService.java:call(138)) - Running DeletedBlockTransactionScanner
2019-06-13 13:51:09,731 DEBUG block.SCMBlockDeletingService (SCMBlockDeletingService.java:call(155)) - Scanned deleted blocks log and got 0 delTX to process.
2019-06-13 13:51:09,742 INFO  commandhandler.DeleteBlocksCommandHandler (DeleteBlocksCommandHandler.java:handle(106)) - Start to delete container blocks, TXIDs=[1(0),2(0),3(0)], numOfContainers=3, numOfBlocks=553
2019-06-13 13:51:09,743 INFO  commandhandler.DeleteBlocksCommandHandler (DeleteBlocksCommandHandler.java:handle(106)) - Start to delete container blocks, TXIDs=[1(0),2(0),3(0)], numOfContainers=3, numOfBlocks=553
2019-06-13 13:51:09,743 INFO  commandhandler.DeleteBlocksCommandHandler (DeleteBlocksCommandHandler.java:handle(106)) - Start to delete container blocks, TXIDs=[1(0),2(0),3(0)], numOfContainers=3, numOfBlocks=553
2019-06-13 13:51:09,744 INFO  commandhandler.DeleteBlocksCommandHandler (DeleteBlocksCommandHandler.java:handle(106)) - Start to delete container blocks, TXIDs=[1(0),2(0),3(0)], numOfContainers=3, numOfBlocks=553
2019-06-13 13:51:09,744 INFO  commandhandler.DeleteBlocksCommandHandler (DeleteBlocksCommandHandler.java:handle(106)) - Start to delete container blocks, TXIDs=[1(0),2(0),3(0)], numOfContainers=3, numOfBlocks=553
2019-06-13 13:51:09,745 INFO  commandhandler.DeleteBlocksCommandHandler (DeleteBlocksCommandHandler.java:handle(106)) - Start to delete container blocks, TXIDs=[1(0),2(0),3(0)], numOfContainers=3, numOfBlocks=553
2019-06-13 13:51:09,746 INFO  commandhandler.DeleteBlocksCommandHandler (DeleteBlocksCommandHandler.java:handle(106)) - Start to delete container blocks, TXIDs=[1(0),2(0),3(0)], numOfContainers=3, numOfBlocks=553
2019-06-13 13:51:09,746 INFO  commandhandler.DeleteBlocksCommandHandler (DeleteBlocksCommandHandler.java:handle(106)) - Start to delete container blocks, TXIDs=[1(0),2(0),3(0)], numOfContainers=3, numOfBlocks=553
2019-06-13 13:51:09,747 INFO  commandhandler.DeleteBlocksCommandHandler (DeleteBlocksCommandHandler.java:handle(106)) - Start to delete container blocks, TXIDs=[1(0),2(0),3(0)], numOfContainers=3, numOfBlocks=553
2019-06-13 13:51:09,747 INFO  commandhandler.DeleteBlocksCommandHandler (DeleteBlocksCommandHandler.java:handle(106)) - Start to delete container blocks, TXIDs=[1(0),2(0),3(0)], numOfContainers=3, numOfBlocks=553
2019-06-13 13:51:09,748 INFO  commandhandler.DeleteBlocksCommandHandler (DeleteBlocksCommandHandler.java:handle(106)) - Start to delete container blocks, TXIDs=[1(0),2(0),3(0)], numOfContainers=3, numOfBlocks=553
2019-06-13 13:51:09,749 INFO  commandhandler.DeleteBlocksCommandHandler (DeleteBlocksCommandHandler.java:handle(106)) - Start to delete container blocks, TXIDs=[1(0),2(0),3(0)], numOfContainers=3, numOfBlocks=553
2019-06-13 13:51:09,749 INFO  commandhandler.DeleteBlocksCommandHandler (DeleteBlocksCommandHandler.java:handle(106)) - Start to delete container blocks, TXIDs=[1(0),2(0),3(0)], numOfContainers=3, numOfBlocks=553
2019-06-13 13:51:09,750 INFO  commandhandler.DeleteBlocksCommandHandler (DeleteBlocksCommandHandler.java:handle(106)) - Start to delete container blocks, TXIDs=[1(0),2(0),3(0)], numOfContainers=3, numOfBlocks=553
2019-06-13 13:51:09,750 INFO  commandhandler.DeleteBlocksCommandHandler (DeleteBlocksCommandHandler.java:handle(106)) - Start to delete container blocks, TXIDs=[1(0),2(0),3(0)], numOfContainers=3, numOfBlocks=553
2019-06-13 13:51:09,751 INFO  commandhandler.DeleteBlocksCommandHandler (DeleteBlocksCommandHandler.java:handle(106)) - Start to delete container blocks, TXIDs=[1(0),2(0),3(0)], numOfContainers=3, numOfBlocks=553
2019-06-13 13:51:09,751 INFO  commandhandler.DeleteBlocksCommandHandler (DeleteBlocksCommandHandler.java:handle(106)) - Start to delete container blocks, TXIDs=[1(0),2(0),3(0)], numOfContainers=3, numOfBlocks=553
2019-06-13 13:51:09,752 INFO  commandhandler.DeleteBlocksCommandHandler (DeleteBlocksCommandHandler.java:handle(106)) - Start to delete container blocks, TXIDs=[1(0),2(0),3(0)], numOfContainers=3, numOfBlocks=553
2019-06-13 13:51:09,753 INFO  commandhandler.DeleteBlocksCommandHandler (DeleteBlocksCommandHandler.java:handle(106)) - Start to delete container blocks, TXIDs=[1(0),2(0),3(0)], numOfContainers=3, numOfBlocks=553
2019-06-13 13:51:09,753 INFO  commandhandler.DeleteBlocksCommandHandler (DeleteBlocksCommandHandler.java:handle(106)) - Start to delete container blocks, TXIDs=[1(0),2(0),3(0)], numOfContainers=3, numOfBlocks=553
2019-06-13 13:51:09,754 INFO  commandhandler.DeleteBlocksCommandHandler (DeleteBlocksCommandHandler.java:handle(106)) - Start to delete container blocks, TXIDs=[1(0),2(0),3(0)], numOfContainers=3, numOfBlocks=553
2019-06-13 13:51:09,754 INFO  commandhandler.DeleteBlocksCommandHandler (DeleteBlocksCommandHandler.java:handle(106)) - Start to delete container blocks, TXIDs=[1(0),2(0),3(0)], numOfContainers=3, numOfBlocks=553
2019-06-13 13:51:09,755 INFO  commandhandler.DeleteBlocksCommandHandler (DeleteBlocksCommandHandler.java:handle(106)) - Start to delete container blocks, TXIDs=[1(0),2(0),3(0)], numOfContainers=3, numOfBlocks=553
2019-06-13 13:51:09,756 INFO  commandhandler.DeleteBlocksCommandHandler (DeleteBlocksCommandHandler.java:handle(106)) - Start to delete container blocks, TXIDs=[1(0),2(0),3(0)], numOfContainers=3, numOfBlocks=553
2019-06-13 13:51:09,756 INFO  commandhandler.DeleteBlocksCommandHandler (DeleteBlocksCommandHandler.java:handle(106)) - Start to delete container blocks, TXIDs=[1(0),2(0),3(0)], numOfContainers=3, numOfBlocks=553
2019-06-13 13:51:09,757 INFO  commandhandler.DeleteBlocksCommandHandler (DeleteBlocksCommandHandler.java:handle(106)) - Start to delete container blocks, TXIDs=[1(0),2(0),3(0)], numOfContainers=3, numOfBlocks=553
2019-06-13 13:51:09,758 INFO  commandhandler.DeleteBlocksCommandHandler (DeleteBlocksCommandHandler.java:handle(106)) - Start to delete container blocks, TXIDs=[1(0),2(0),3(0)], numOfContainers=3, numOfBlocks=553
2019-06-13 13:51:09,758 INFO  commandhandler.DeleteBlocksCommandHandler (DeleteBlocksCommandHandler.java:handle(106)) - Start to delete container blocks, TXIDs=[1(15),2(15),3(15)], numOfContainers=3, numOfBlocks=553
2019-06-13 13:51:09,759 INFO  commandhandler.DeleteBlocksCommandHandler (DeleteBlocksCommandHandler.java:handle(106)) - Start to delete container blocks, TXIDs=[1(0),2(0),3(0)], numOfContainers=3, numOfBlocks=553
2019-06-13 13:51:09,759 INFO  commandhandler.DeleteBlocksCommandHandler (DeleteBlocksCommandHandler.java:handle(106)) - Start to delete container blocks, TXIDs=[1(0),2(0),3(0)], numOfContainers=3, numOfBlocks=553
2019-06-13 13:51:09,760 INFO  commandhandler.DeleteBlocksCommandHandler (DeleteBlocksCommandHandler.java:handle(106)) - Start to delete container blocks, TXIDs=[1(0),2(0),3(0)], numOfContainers=3, numOfBlocks=553
2019-06-13 13:51:09,760 INFO  commandhandler.DeleteBlocksCommandHandler (DeleteBlocksCommandHandler.java:handle(106)) - Start to delete container blocks, TXIDs=[1(0),2(0),3(0)], numOfContainers=3, numOfBlocks=553
2019-06-13 13:51:09,761 INFO  commandhandler.DeleteBlocksCommandHandler (DeleteBlocksCommandHandler.java:handle(106)) - Start to delete container blocks, TXIDs=[1(0),2(0),3(0)], numOfContainers=3, numOfBlocks=553
2019-06-13 13:51:09,762 INFO  commandhandler.DeleteBlocksCommandHandler (DeleteBlocksCommandHandler.java:handle(106)) - Start to delete container blocks, TXIDs=[1(0),2(0),3(0)], numOfContainers=3, numOfBlocks=553
2019-06-13 13:51:09,762 INFO  commandhandler.DeleteBlocksCommandHandler (DeleteBlocksCommandHandler.java:handle(106)) - Start to delete container blocks, TXIDs=[1(0),2(0),3(0)], numOfContainers=3, numOfBlocks=553
2019-06-13 13:51:09,763 INFO  commandhandler.DeleteBlocksCommandHandler (DeleteBlocksCommandHandler.java:handle(106)) - Start to delete container blocks, TXIDs=[1(0),2(0),3(0)], numOfContainers=3, numOfBlocks=553
2019-06-13 13:51:09,763 INFO  commandhandler.DeleteBlocksCommandHandler (DeleteBlocksCommandHandler.java:handle(106)) - Start to delete container blocks, TXIDs=[1(0),2(0),3(0)], numOfContainers=3, numOfBlocks=553
2019-06-13 13:51:09,764 INFO  commandhandler.DeleteBlocksCommandHandler (DeleteBlocksCommandHandler.java:handle(106)) - Start to delete container blocks, TXIDs=[1(0),2(0),3(0)], numOfContainers=3, numOfBlocks=553
2019-06-13 13:51:09,765 INFO  commandhandler.DeleteBlocksCommandHandler (DeleteBlocksCommandHandler.java:handle(106)) - Start to delete container blocks, TXIDs=[1(518),2(518),3(518)], numOfContainers=3, numOfBlocks=553
2019-06-13 13:51:09,765 INFO  commandhandler.DeleteBlocksCommandHandler (DeleteBlocksCommandHandler.java:handle(106)) - Start to delete container blocks, TXIDs=[1(0),2(0),3(0)], numOfContainers=3, numOfBlocks=553
2019-06-13 13:51:09,766 INFO  storage.RaftLogWorker (RaftLogWorker.java:execute(469)) - 5d71e5de-6d45-4480-a1f1-d41cc2d38630-RaftLogWorker: created new log segment /opt/src/hadoop-ozone/integration-test/target/test-dir/MiniOzoneClusterImpl-c05bfa39-b333-4767-bc96-5a78f3430938/datanode-0/data/ratis/ed139c2e-57e0-4c44-b74a-14f391a00776/current/log_inprogress_0
2019-06-13 13:51:09,766 INFO  commandhandler.DeleteBlocksCommandHandler (DeleteBlocksCommandHandler.java:handle(106)) - Start to delete container blocks, TXIDs=[1(0),2(0),3(0)], numOfContainers=3, numOfBlocks=553
2019-06-13 13:51:09,767 INFO  commandhandler.DeleteBlocksCommandHandler (DeleteBlocksCommandHandler.java:handle(106)) - Start to delete container blocks, TXIDs=[1(0),2(0),3(0)], numOfContainers=3, numOfBlocks=553
2019-06-13 13:51:09,767 INFO  commandhandler.DeleteBlocksCommandHandler (DeleteBlocksCommandHandler.java:handle(106)) - Start to delete container blocks, TXIDs=[1(0),2(0),3(0)], numOfContainers=3, numOfBlocks=553
2019-06-13 13:51:09,768 INFO  commandhandler.DeleteBlocksCommandHandler (DeleteBlocksCommandHandler.java:handle(106)) - Start to delete container blocks, TXIDs=[1(0),2(0),3(0)], numOfContainers=3, numOfBlocks=553
2019-06-13 13:51:09,768 INFO  commandhandler.DeleteBlocksCommandHandler (DeleteBlocksCommandHandler.java:handle(106)) - Start to delete container blocks, TXIDs=[1(0),2(0),3(0)], numOfContainers=3, numOfBlocks=553
2019-06-13 13:51:09,769 INFO  commandhandler.DeleteBlocksCommandHandler (DeleteBlocksCommandHandler.java:handle(106)) - Start to delete container blocks, TXIDs=[1(0),2(0),3(0)], numOfContainers=3, numOfBlocks=553
2019-06-13 13:51:09,769 INFO  commandhandler.DeleteBlocksCommandHandler (DeleteBlocksCommandHandler.java:handle(106)) - Start to delete container blocks, TXIDs=[1(518),2(518),3(518)], numOfContainers=3, numOfBlocks=553
2019-06-13 13:51:09,770 INFO  commandhandler.DeleteBlocksCommandHandler (DeleteBlocksCommandHandler.java:handle(106)) - Start to delete container blocks, TXIDs=[1(0),2(0),3(0)], numOfContainers=3, numOfBlocks=553
2019-06-13 13:51:09,770 INFO  commandhandler.DeleteBlocksCommandHandler (DeleteBlocksCommandHandler.java:handle(106)) - Start to delete container blocks, TXIDs=[1(0),2(0),3(0)], numOfContainers=3, numOfBlocks=553
2019-06-13 13:51:09,771 INFO  commandhandler.DeleteBlocksCommandHandler (DeleteBlocksCommandHandler.java:handle(106)) - Start to delete container blocks, TXIDs=[1(0),2(0),3(0)], numOfContainers=3, numOfBlocks=553
2019-06-13 13:51:09,772 INFO  commandhandler.DeleteBlocksCommandHandler (DeleteBlocksCommandHandler.java:handle(106)) - Start to delete container blocks, TXIDs=[1(0),2(0),3(0)], numOfContainers=3, numOfBlocks=553
2019-06-13 13:51:09,772 INFO  commandhandler.DeleteBlocksCommandHandler (DeleteBlocksCommandHandler.java:handle(106)) - Start to delete container blocks, TXIDs=[1(0),2(0),3(0)], numOfContainers=3, numOfBlocks=553
2019-06-13 13:51:09,773 INFO  commandhandler.DeleteBlocksCommandHandler (DeleteBlocksCommandHandler.java:handle(106)) - Start to delete container blocks, TXIDs=[1(0),2(0),3(0)], numOfContainers=3, numOfBlocks=553
2019-06-13 13:51:09,773 INFO  commandhandler.DeleteBlocksCommandHandler (DeleteBlocksCommandHandler.java:handle(106)) - Start to delete container blocks, TXIDs=[1(0),2(0),3(0)], numOfContainers=3, numOfBlocks=553
2019-06-13 13:51:09,774 INFO  commandhandler.DeleteBlocksCommandHandler (DeleteBlocksCommandHandler.java:handle(106)) - Start to delete container blocks, TXIDs=[1(0),2(0),3(0)], numOfContainers=3, numOfBlocks=553
2019-06-13 13:51:09,775 INFO  commandhandler.DeleteBlocksCommandHandler (DeleteBlocksCommandHandler.java:handle(106)) - Start to delete container blocks, TXIDs=[1(0),2(0),3(0)], numOfContainers=3, numOfBlocks=553
2019-06-13 13:51:09,775 INFO  commandhandler.DeleteBlocksCommandHandler (DeleteBlocksCommandHandler.java:handle(106)) - Start to delete container blocks, TXIDs=[1(0),2(0),3(0)], numOfContainers=3, numOfBlocks=553
2019-06-13 13:51:09,776 INFO  commandhandler.DeleteBlocksCommandHandler (DeleteBlocksCommandHandler.java:handle(106)) - Start to delete container blocks, TXIDs=[1(0),2(0),3(0)], numOfContainers=3, numOfBlocks=553
2019-06-13 13:51:09,776 INFO  commandhandler.DeleteBlocksCommandHandler (DeleteBlocksCommandHandler.java:handle(106)) - Start to delete container blocks, TXIDs=[1(0),2(0),3(0)], numOfContainers=3, numOfBlocks=553
2019-06-13 13:51:09,777 INFO  commandhandler.DeleteBlocksCommandHandler (DeleteBlocksCommandHandler.java:handle(106)) - Start to delete container blocks, TXIDs=[1(0),2(0),3(0)], numOfContainers=3, numOfBlocks=553
2019-06-13 13:51:09,777 INFO  commandhandler.DeleteBlocksCommandHandler (DeleteBlocksCommandHandler.java:handle(106)) - Start to delete container blocks, TXIDs=[1(0),2(0),3(0)], numOfContainers=3, numOfBlocks=553
2019-06-13 13:51:09,778 INFO  commandhandler.DeleteBlocksCommandHandler (DeleteBlocksCommandHandler.java:handle(106)) - Start to delete container blocks, TXIDs=[1(518),2(518),3(518)], numOfContainers=3, numOfBlocks=553
2019-06-13 13:51:09,779 INFO  commandhandler.DeleteBlocksCommandHandler (DeleteBlocksCommandHandler.java:handle(106)) - Start to delete container blocks, TXIDs=[1(0),2(0),3(0)], numOfContainers=3, numOfBlocks=553
2019-06-13 13:51:09,779 INFO  commandhandler.DeleteBlocksCommandHandler (DeleteBlocksCommandHandler.java:handle(106)) - Start to delete container blocks, TXIDs=[1(0),2(0),3(0)], numOfContainers=3, numOfBlocks=553
2019-06-13 13:51:09,780 INFO  commandhandler.DeleteBlocksCommandHandler (DeleteBlocksCommandHandler.java:handle(106)) - Start to delete container blocks, TXIDs=[1(0),2(0),3(0)], numOfContainers=3, numOfBlocks=553
2019-06-13 13:51:09,780 INFO  commands.RetriableDatanodeEventWatcher (RetriableDatanodeEventWatcher.java:onTimeout(47)) - RetriableDatanodeCommand type=deleteBlocksCommand with id=1560433858534 timed out. Retrying.
2019-06-13 13:51:09,780 INFO  commandhandler.DeleteBlocksCommandHandler (DeleteBlocksCommandHandler.java:handle(106)) - Start to delete container blocks, TXIDs=[1(0),2(0),3(0)], numOfContainers=3, numOfBlocks=553
2019-06-13 13:51:09,781 INFO  commandhandler.DeleteBlocksCommandHandler (DeleteBlocksCommandHandler.java:handle(106)) - Start to delete container blocks, TXIDs=[1(0),2(0),3(0)], numOfContainers=3, numOfBlocks=553
2019-06-13 13:51:09,782 INFO  commandhandler.DeleteBlocksCommandHandler (DeleteBlocksCommandHandler.java:handle(106)) - Start to delete container blocks, TXIDs=[1(0),2(0),3(0)], numOfContainers=3, numOfBlocks=553
2019-06-13 13:51:09,782 INFO  commandhandler.DeleteBlocksCommandHandler (DeleteBlocksCommandHandler.java:handle(106)) - Start to delete container blocks, TXIDs=[1(0),2(0),3(0)], numOfContainers=3, numOfBlocks=553
2019-06-13 13:51:09,783 INFO  commandhandler.DeleteBlocksCommandHandler (DeleteBlocksCommandHandler.java:handle(106)) - Start to delete container blocks, TXIDs=[1(0),2(0),3(0)], numOfContainers=3, numOfBlocks=553
2019-06-13 13:51:09,784 INFO  commandhandler.DeleteBlocksCommandHandler (DeleteBlocksCommandHandler.java:handle(106)) - Start to delete container blocks, TXIDs=[1(0),2(0),3(0)], numOfContainers=3, numOfBlocks=553
2019-06-13 13:51:09,784 WARN  block.DeletedBlockLogImpl (DeletedBlockLogImpl.java:incrementCount(141)) - Deleted TXID not found.
2019-06-13 13:51:09,784 WARN  block.DeletedBlockLogImpl (DeletedBlockLogImpl.java:incrementCount(141)) - Deleted TXID not found.
2019-06-13 13:51:09,784 WARN  block.DeletedBlockLogImpl (DeletedBlockLogImpl.java:incrementCount(141)) - Deleted TXID not found.
2019-06-13 13:51:09,784 WARN  block.DeletedBlockLogImpl (DeletedBlockLogImpl.java:incrementCount(141)) - Deleted TXID not found.
2019-06-13 13:51:09,784 INFO  commandhandler.DeleteBlocksCommandHandler (DeletedBlockLogImpl.java:incrementCount(141)) - Deleted TXID not found.
2019-06-13 13:51:09,784 WARN  block.DeletedBlockLogImpl (DeleteBlocksCommandHandler.java:handle(106)) - Start to delete container blocks, TXIDs=[1(0),2(0),3(0)], numOfContainers=3, numOfBlocks=553
DeletedBlockLogImpl.java:incrementCount(141)) - Deleted TXID not found.
2019-06-13 13:51:09,784 INFO  commandhandler.DeleteBlocksCommandHandler (DeleteBlocksCommandHandler.java:handle(106)) - Start to delete container blocks, TXIDs=[1(0),2(0),3(0)], numOfContainers=3, numOfBlocks=553
2019-06-13 13:51:09,784 WARN  block.DeletedBlockLogImpl (DeletedBlockLogImpl.java:incrementCount(141)) - Deleted TXID not found.
2019-06-13 13:51:09,784 WARN  block.DeletedBlockLogImpl (DeletedBlockLogImpl.java:incrementCount(141)) - Deleted TXID not found.
2019-06-13 13:51:09,784 WARN  block.DeletedBlockLogImpl (DeletedBlockLogImpl.java:incrementCount(141)) - Deleted TXID not found.
2019-06-13 13:51:09,785 WARN  block.DeletedBlockLogImpl (DeletedBlockLogImpl.java:incrementCount(141)) - Deleted TXID not found.
2019-06-13 13:51:09,785 WARN  block.DeletedBlockLogImpl (DeletedBlockLogImpl.java:incrementCount(141)) - Deleted TXID not found.
2019-06-13 13:51:09,785 WARN  block.DeletedBlockLogImpl (DeletedBlockLogImpl.java:incrementCount(141)) - Deleted TXID not found.
2019-06-13 13:51:09,785 WARN  block.DeletedBlockLogImpl (DeletedBlockLogImpl.java:incrementCount(141)) - Deleted TXID not found.
2019-06-13 13:51:09,785 WARN  block.DeletedBlockLogImpl (DeletedBlockLogImpl.java:incrementCount(141)) - Deleted TXID not found.
2019-06-13 13:51:09,785 WARN  block.DeletedBlockLogImpl (DeletedBlockLogImpl.java:incrementCount(141)) - Deleted TXID not found.
2019-06-13 13:51:09,785 INFO  commandhandler.DeleteBlocksCommandHandler (DeleteBlocksCommandHandler.java:handle(106)) - Start to delete container blocks, TXIDs=[1(518),2(518),3(518)], numOfContainers=3, numOfBlocks=553
DeletedBlockLogImpl.java:incrementCount(141)) - Deleted TXID not found.
2019-06-13 13:51:09,785 WARN  block.DeletedBlockLogImpl (DeletedBlockLogImpl.java:incrementCount(141)) - Deleted TXID not found.
2019-06-13 13:51:09,785 WARN  block.DeletedBlockLogImpl (DeletedBlockLogImpl.java:incrementCount(141)) - Deleted TXID not found.
2019-06-13 13:51:09,785 INFO  commandhandler.DeleteBlocksCommandHandler (DeleteBlocksCommandHandler.java:handle(106)) - Start to delete container blocks, TXIDs=[1(518),2(518),3(518)], numOfContainers=3, numOfBlocks=553
2019-06-13 13:51:09,785 WARN  block.DeletedBlockLogImpl (DeletedBlockLogImpl.java:incrementCount(141)) - Deleted TXID not found.
2019-06-13 13:51:09,785 WARN  block.DeletedBlockLogImpl (DeletedBlockLogImpl.java:incrementCount(141)) - Deleted TXID not found.
2019-06-13 13:51:09,785 WARN  block.DeletedBlockLogImpl (DeletedBlockLogImpl.java:incrementCount(141)) - Deleted TXID not found.
2019-06-13 13:51:09,785 WARN  block.DeletedBlockLogImpl (DeletedBlockLogImpl.java:incrementCount(141)) - Deleted TXID not found.
2019-06-13 13:51:09,785 WARN  block.DeletedBlockLogImpl (DeletedBlockLogImpl.java:incrementCount(141)) - Deleted TXID not found.
2019-06-13 13:51:09,785 WARN  events.EventWatcher (EventWatcher.java:lambda$start$0(110)) - Completion event without active lease. Id=1560433858499
2019-06-13 13:51:09,786 WARN  block.DeletedBlockLogImpl (DeletedBlockLogImpl.java:incrementCount(141)) - Deleted TXID not found.
2019-06-13 13:51:09,786 WARN  events.EventWatcher (EventWatcher.java:lambda$start$0(110)) - Completion event without active lease. Id=1560433858500
2019-06-13 13:51:09,786 WARN  block.DeletedBlockLogImpl (DeletedBlockLogImpl.java:incrementCount(141)) - Deleted TXID not found.
2019-06-13 13:51:09,786 WARN  events.EventWatcher (EventWatcher.java:lambda$start$0(110)) - Completion event without active lease. Id=1560433858509
2019-06-13 13:51:09,786 WARN  block.DeletedBlockLogImpl (DeletedBlockLogImpl.java:incrementCount(141)) - Deleted TXID not found.
2019-06-13 13:51:09,786 WARN  block.DeletedBlockLogImpl (DeletedBlockLogImpl.java:incrementCount(141)) - Deleted TXID not found.
2019-06-13 13:51:09,786 WARN  block.DeletedBlockLogImpl (DeletedBlockLogImpl.java:incrementCount(141)) - Deleted TXID not found.
2019-06-13 13:51:09,786 WARN  block.DeletedBlockLogImpl (DeletedBlockLogImpl.java:incrementCount(141)) - Deleted TXID not found.
2019-06-13 13:51:09,786 WARN  block.DeletedBlockLogImpl (DeletedBlockLogImpl.java:incrementCount(141)) - Deleted TXID not found.
2019-06-13 13:51:09,786 DEBUG block.DeletedBlockLogImpl (DeletedBlockLogImpl.java:isTransactionFailed(245)) - Got block deletion ACK from datanode, TXIDs=1, success=true
2019-06-13 13:51:09,786 WARN  block.DeletedBlockLogImpl (DeletedBlockLogImpl.java:commitTransactions(205)) - Transaction txId=1 commit by dnId=5d71e5de-6d45-4480-a1f1-d41cc2d38630 for containerID=#1 failed. Corresponding entry not found.
2019-06-13 13:51:09,786 DEBUG block.DeletedBlockLogImpl (DeletedBlockLogImpl.java:isTransactionFailed(245)) - Got block deletion ACK from datanode, TXIDs=1, success=true
2019-06-13 13:51:09,787 WARN  block.DeletedBlockLogImpl (DeletedBlockLogImpl.java:commitTransactions(205)) - Transaction txId=1 commit by dnId=5d71e5de-6d45-4480-a1f1-d41cc2d38630 for containerID=#1 failed. Corresponding entry not found.
2019-06-13 13:51:09,787 DEBUG block.DeletedBlockLogImpl (DeletedBlockLogImpl.java:isTransactionFailed(245)) - Got block deletion ACK from datanode, TXIDs=1, success=true
2019-06-13 13:51:09,786 WARN  events.EventWatcher (EventWatcher.java:lambda$start$0(110)) - Completion event without active lease. Id=1560433858510
2019-06-13 13:51:09,787 WARN  block.DeletedBlockLogImpl (DeletedBlockLogImpl.java:commitTransactions(205)) - Transaction txId=1 commit by dnId=5d71e5de-6d45-4480-a1f1-d41cc2d38630 for containerID=#1 failed. Corresponding entry not found.
2019-06-13 13:51:09,787 WARN  events.EventWatcher (EventWatcher.java:lambda$start$0(110)) - Completion event without active lease. Id=1560433858480
2019-06-13 13:51:09,787 DEBUG block.DeletedBlockLogImpl (DeleteBlocksCommandHandler.java:handle(106)) - Start to delete container blocks, TXIDs=[1(0),2(0),3(0)], numOfContainers=3, numOfBlocks=553
DeletedBlockLogImpl.java:isTransactionFailed(245)) - Got block deletion ACK from datanode, TXIDs=1, success=true
2019-06-13 13:51:09,787 WARN  block.DeletedBlockLogImpl (DeletedBlockLogImpl.java:commitTransactions(205)) - Transaction txId=1 commit by dnId=5d71e5de-6d45-4480-a1f1-d41cc2d38630 for containerID=#1 failed. Corresponding entry not found.
2019-06-13 13:51:09,787 DEBUG block.DeletedBlockLogImpl (DeletedBlockLogImpl.java:isTransactionFailed(245)) - Got block deletion ACK from datanode, TXIDs=1, success=true
2019-06-13 13:51:09,787 WARN  block.DeletedBlockLogImpl (DeletedBlockLogImpl.java:commitTransactions(205)) - Transaction txId=1 commit by dnId=5d71e5de-6d45-4480-a1f1-d41cc2d38630 for containerID=#1 failed. Corresponding entry not found.
2019-06-13 13:51:09,787 DEBUG block.DeletedBlockLogImpl (DeletedBlockLogImpl.java:isTransactionFailed(245)) - Got block deletion ACK from datanode, TXIDs=1, success=true
2019-06-13 13:51:09,787 WARN  block.DeletedBlockLogImpl (DeletedBlockLogImpl.java:commitTransactions(205)) - Transaction txId=1 commit by dnId=5d71e5de-6d45-4480-a1f1-d41cc2d38630 for containerID=#1 failed. Corresponding entry not found.
2019-06-13 13:51:09,787 DEBUG block.DeletedBlockLogImpl (DeletedBlockLogImpl.java:isTransactionFailed(245)) - Got block deletion ACK from datanode, TXIDs=1, success=true
2019-06-13 13:51:09,787 WARN  block.DeletedBlockLogImpl (DeletedBlockLogImpl.java:commitTransactions(205)) - Transaction txId=1 commit by dnId=5d71e5de-6d45-4480-a1f1-d41cc2d38630 for containerID=#1 failed. Corresponding entry not found.
2019-06-13 13:51:09,787 DEBUG block.DeletedBlockLogImpl (DeletedBlockLogImpl.java:isTransactionFailed(245)) - Got block deletion ACK from datanode, TXIDs=1, success=true
2019-06-13 13:51:09,787 WARN  block.DeletedBlockLogImpl (DeletedBlockLogImpl.java:commitTransactions(205)) - Transaction txId=1 commit by dnId=5d71e5de-6d45-4480-a1f1-d41cc2d38630 for containerID=#1 failed. Corresponding entry not found.
2019-06-13 13:51:09,788 DEBUG block.DeletedBlockLogImpl (DeletedBlockLogImpl.java:isTransactionFailed(245)) - Got block deletion ACK from datanode, TXIDs=1, success=true
2019-06-13 13:51:09,788 WARN  block.DeletedBlockLogImpl (DeletedBlockLogImpl.java:commitTransactions(205)) - Transaction txId=1 commit by dnId=5d71e5de-6d45-4480-a1f1-d41cc2d38630 for containerID=#1 failed. Corresponding entry not found.
2019-06-13 13:51:09,788 DEBUG block.DeletedBlockLogImpl (DeletedBlockLogImpl.java:isTransactionFailed(245)) - Got block deletion ACK from datanode, TXIDs=1, success=true
2019-06-13 13:51:09,788 WARN  block.DeletedBlockLogImpl (DeletedBlockLogImpl.java:commitTransactions(205)) - Transaction txId=1 commit by dnId=5d71e5de-6d45-4480-a1f1-d41cc2d38630 for containerID=#1 failed. Corresponding entry not found.
2019-06-13 13:51:09,788 DEBUG block.DeletedBlockLogImpl (DeletedBlockLogImpl.java:isTransactionFailed(245)) - Got block deletion ACK from datanode, TXIDs=1, success=true
2019-06-13 13:51:09,788 WARN  block.DeletedBlockLogImpl (DeletedBlockLogImpl.java:commitTransactions(205)) - Transaction txId=1 commit by dnId=5d71e5de-6d45-4480-a1f1-d41cc2d38630 for containerID=#1 failed. Corresponding entry not found.
2019-06-13 13:51:09,788 DEBUG block.DeletedBlockLogImpl (DeletedBlockLogImpl.java:isTransactionFailed(245)) - Got block deletion ACK from datanode, TXIDs=1, success=true
2019-06-13 13:51:09,788 WARN  block.DeletedBlockLogImpl (DeletedBlockLogImpl.java:commitTransactions(205)) - Transaction txId=1 commit by dnId=5d71e5de-6d45-4480-a1f1-d41cc2d38630 for containerID=#1 failed. Corresponding entry not found.
2019-06-13 13:51:09,788 DEBUG block.DeletedBlockLogImpl (DeletedBlockLogImpl.java:isTransactionFailed(245)) - Got block deletion ACK from datanode, TXIDs=1, success=true
2019-06-13 13:51:09,788 WARN  block.DeletedBlockLogImpl (DeletedBlockLogImpl.java:commitTransactions(205)) - Transaction txId=1 commit by dnId=5d71e5de-6d45-4480-a1f1-d41cc2d38630 for containerID=#1 failed. Corresponding entry not found.
2019-06-13 13:51:09,788 DEBUG block.DeletedBlockLogImpl (DeletedBlockLogImpl.java:isTransactionFailed(245)) - Got block deletion ACK from datanode, TXIDs=1, success=true
2019-06-13 13:51:09,788 WARN  block.DeletedBlockLogImpl (DeletedBlockLogImpl.java:commitTransactions(205)) - Transaction txId=1 commit by dnId=5d71e5de-6d45-4480-a1f1-d41cc2d38630 for containerID=#1 failed. Corresponding entry not found.
2019-06-13 13:51:09,788 DEBUG block.DeletedBlockLogImpl (DeletedBlockLogImpl.java:isTransactionFailed(245)) - Got block deletion ACK from datanode, TXIDs=1, success=true
2019-06-13 13:51:09,788 WARN  block.DeletedBlockLogImpl (DeletedBlockLogImpl.java:commitTransactions(205)) - Transaction txId=1 commit by dnId=5d71e5de-6d45-4480-a1f1-d41cc2d38630 for containerID=#1 failed. Corresponding entry not found.
2019-06-13 13:51:09,788 DEBUG block.DeletedBlockLogImpl (DeletedBlockLogImpl.java:isTransactionFailed(245)) - Got block deletion ACK from datanode, TXIDs=1, success=true
2019-06-13 13:51:09,788 WARN  block.DeletedBlockLogImpl (DeletedBlockLogImpl.java:commitTransactions(205)) - Transaction txId=1 commit by dnId=5d71e5de-6d45-4480-a1f1-d41cc2d38630 for containerID=#1 failed. Corresponding entry not found.
2019-06-13 13:51:09,788 DEBUG block.DeletedBlockLogImpl (DeletedBlockLogImpl.java:isTransactionFailed(245)) - Got block deletion ACK from datanode, TXIDs=1, success=true
2019-06-13 13:51:09,789 WARN  block.DeletedBlockLogImpl (DeletedBlockLogImpl.java:commitTransactions(205)) - Transaction txId=1 commit by dnId=5d71e5de-6d45-4480-a1f1-d41cc2d38630 for containerID=#1 failed. Corresponding entry not found.
2019-06-13 13:51:09,789 DEBUG block.DeletedBlockLogImpl (DeletedBlockLogImpl.java:isTransactionFailed(245)) - Got block deletion ACK from datanode, TXIDs=1, success=true
2019-06-13 13:51:09,789 WARN  block.DeletedBlockLogImpl (DeletedBlockLogImpl.java:commitTransactions(205)) - Transaction txId=1 commit by dnId=5d71e5de-6d45-4480-a1f1-d41cc2d38630 for containerID=#1 failed. Corresponding entry not found.
2019-06-13 13:51:09,789 DEBUG block.DeletedBlockLogImpl (DeletedBlockLogImpl.java:isTransactionFailed(245)) - Got block deletion ACK from datanode, TXIDs=1, success=true
2019-06-13 13:51:09,789 WARN  block.DeletedBlockLogImpl (DeletedBlockLogImpl.java:commitTransactions(205)) - Transaction txId=1 commit by dnId=5d71e5de-6d45-4480-a1f1-d41cc2d38630 for containerID=#1 failed. Corresponding entry not found.
2019-06-13 13:51:09,789 DEBUG block.DeletedBlockLogImpl (DeletedBlockLogImpl.java:isTransactionFailed(245)) - Got block deletion ACK from datanode, TXIDs=1, success=true
2019-06-13 13:51:09,789 WARN  block.DeletedBlockLogImpl (DeletedBlockLogImpl.java:commitTransactions(205)) - Transaction txId=1 commit by dnId=5d71e5de-6d45-4480-a1f1-d41cc2d38630 for containerID=#1 failed. Corresponding entry not found.
2019-06-13 13:51:09,789 DEBUG block.DeletedBlockLogImpl (DeletedBlockLogImpl.java:isTransactionFailed(245)) - Got block deletion ACK from datanode, TXIDs=1, success=true
2019-06-13 13:51:09,789 WARN  block.DeletedBlockLogImpl (DeletedBlockLogImpl.java:commitTransactions(205)) - Transaction txId=1 commit by dnId=5d71e5de-6d45-4480-a1f1-d41cc2d38630 for containerID=#1 failed. Corresponding entry not found.
2019-06-13 13:51:09,789 DEBUG block.DeletedBlockLogImpl (DeletedBlockLogImpl.java:isTransactionFailed(245)) - Got block deletion ACK from datanode, TXIDs=1, success=true
2019-06-13 13:51:09,787 INFO  commandhandler.DeleteBlocksCommandHandler (DeleteBlocksCommandHandler.java:handle(106)) - Start to delete container blocks, TXIDs=[1(0),2(0),3(0)], numOfContainers=3, numOfBlocks=553
2019-06-13 13:51:09,787 WARN  events.EventWatcher (EventWatcher.java:lambda$start$0(110)) - Completion event without active lease. Id=1560433858489
2019-06-13 13:51:09,789 WARN  block.DeletedBlockLogImpl (DeletedBlockLogImpl.java:commitTransactions(205)) - Transaction txId=1 commit by dnId=5d71e5de-6d45-4480-a1f1-d41cc2d38630 for containerID=#1 failed. Corresponding entry not found.
2019-06-13 13:51:09,789 WARN  events.EventWatcher (EventWatcher.java:lambda$start$0(110)) - Completion event without active lease. Id=1560433858490
2019-06-13 13:51:09,789 DEBUG block.DeletedBlockLogImpl (DeletedBlockLogImpl.java:isTransactionFailed(245)) - Got block deletion ACK from datanode, TXIDs=1, success=true
2019-06-13 13:51:09,789 WARN  events.EventWatcher (EventWatcher.java:lambda$start$0(110)) - Completion event without active lease. Id=1560433858470
2019-06-13 13:51:09,789 WARN  block.DeletedBlockLogImpl (DeletedBlockLogImpl.java:commitTransactions(205)) - Transaction txId=1 commit by dnId=5d71e5de-6d45-4480-a1f1-d41cc2d38630 for containerID=#1 failed. Corresponding entry not found.
2019-06-13 13:51:09,790 WARN  events.EventWatcher (EventWatcher.java:lambda$start$0(110)) - Completion event without active lease. Id=1560433858471
2019-06-13 13:51:09,790 DEBUG block.DeletedBlockLogImpl (DeletedBlockLogImpl.java:isTransactionFailed(245)) - Got block deletion ACK from datanode, TXIDs=1, success=true
2019-06-13 13:51:09,790 WARN  events.EventWatcher (EventWatcher.java:lambda$start$0(110)) - Completion event without active lease. Id=1560433858479
2019-06-13 13:51:09,790 WARN  block.DeletedBlockLogImpl (DeletedBlockLogImpl.java:commitTransactions(205)) - Transaction txId=1 commit by dnId=5d71e5de-6d45-4480-a1f1-d41cc2d38630 for containerID=#1 failed. Corresponding entry not found.
2019-06-13 13:51:09,790 DEBUG block.DeletedBlockLogImpl (DeletedBlockLogImpl.java:isTransactionFailed(245)) - Got block deletion ACK from datanode, TXIDs=1, success=true
2019-06-13 13:51:09,790 WARN  block.DeletedBlockLogImpl (DeletedBlockLogImpl.java:commitTransactions(205)) - Transaction txId=1 commit by dnId=5d71e5de-6d45-4480-a1f1-d41cc2d38630 for containerID=#1 failed. Corresponding entry not found.
2019-06-13 13:51:09,790 DEBUG block.DeletedBlockLogImpl (DeletedBlockLogImpl.java:isTransactionFailed(245)) - Got block deletion ACK from datanode, TXIDs=1, success=true
2019-06-13 13:51:09,790 WARN  block.DeletedBlockLogImpl (DeletedBlockLogImpl.java:commitTransactions(205)) - Transaction txId=1 commit by dnId=5d71e5de-6d45-4480-a1f1-d41cc2d38630 for containerID=#1 failed. Corresponding entry not found.
2019-06-13 13:51:09,790 DEBUG block.DeletedBlockLogImpl (DeletedBlockLogImpl.java:isTransactionFailed(245)) - Got block deletion ACK from datanode, TXIDs=1, success=true
2019-06-13 13:51:09,790 WARN  block.DeletedBlockLogImpl (DeletedBlockLogImpl.java:commitTransactions(205)) - Transaction txId=1 commit by dnId=5d71e5de-6d45-4480-a1f1-d41cc2d38630 for containerID=#1 failed. Corresponding entry not found.
2019-06-13 13:51:09,790 DEBUG block.DeletedBlockLogImpl (DeletedBlockLogImpl.java:isTransactionFailed(245)) - Got block deletion ACK from datanode, TXIDs=1, success=true
2019-06-13 13:51:09,790 WARN  block.DeletedBlockLogImpl (DeletedBlockLogImpl.java:commitTransactions(205)) - Transaction txId=1 commit by dnId=5d71e5de-6d45-4480-a1f1-d41cc2d38630 for containerID=#1 failed. Corresponding entry not found.
2019-06-13 13:51:09,790 DEBUG block.DeletedBlockLogImpl (DeletedBlockLogImpl.java:isTransactionFailed(245)) - Got block deletion ACK from datanode, TXIDs=1, success=true
2019-06-13 13:51:09,790 WARN  block.DeletedBlockLogImpl (DeletedBlockLogImpl.java:commitTransactions(205)) - Transaction txId=1 commit by dnId=5d71e5de-6d45-4480-a1f1-d41cc2d38630 for containerID=#1 failed. Corresponding entry not found.
2019-06-13 13:51:09,790 DEBUG block.DeletedBlockLogImpl (DeletedBlockLogImpl.java:isTransactionFailed(245)) - Got block deletion ACK from datanode, TXIDs=1, success=true
2019-06-13 13:51:09,790 WARN  block.DeletedBlockLogImpl (DeletedBlockLogImpl.java:commitTransactions(205)) - Transaction txId=1 commit by dnId=5d71e5de-6d45-4480-a1f1-d41cc2d38630 for containerID=#1 failed. Corresponding entry not found.
2019-06-13 13:51:09,791 INFO  commandhandler.DeleteBlocksCommandHandler (DeletedBlockLogImpl.java:isTransactionFailed(245)) - Got block deletion ACK from datanode, TXIDs=1, success=true
2019-06-13 13:51:09,791 WARN  block.DeletedBlockLogImpl (DeleteBlocksCommandHandler.java:handle(106)) - Start to delete container blocks, TXIDs=[1(0),2(0),3(0)], numOfContainers=3, numOfBlocks=553
DeletedBlockLogImpl.java:commitTransactions(205)) - Transaction txId=1 commit by dnId=5d71e5de-6d45-4480-a1f1-d41cc2d38630 for containerID=#1 failed. Corresponding entry not found.
2019-06-13 13:51:09,791 DEBUG block.DeletedBlockLogImpl (DeletedBlockLogImpl.java:isTransactionFailed(245)) - Got block deletion ACK from datanode, TXIDs=1, success=true
2019-06-13 13:51:09,791 WARN  block.DeletedBlockLogImpl (DeletedBlockLogImpl.java:commitTransactions(205)) - Transaction txId=1 commit by dnId=5d71e5de-6d45-4480-a1f1-d41cc2d38630 for containerID=#1 failed. Corresponding entry not found.
2019-06-13 13:51:09,791 DEBUG block.DeletedBlockLogImpl (DeletedBlockLogImpl.java:isTransactionFailed(245)) - Got block deletion ACK from datanode, TXIDs=1, success=true
2019-06-13 13:51:09,791 WARN  block.DeletedBlockLogImpl (DeletedBlockLogImpl.java:commitTransactions(205)) - Transaction txId=1 commit by dnId=5d71e5de-6d45-4480-a1f1-d41cc2d38630 for containerID=#1 failed. Corresponding entry not found.
2019-06-13 13:51:09,791 INFO  commandhandler.DeleteBlocksCommandHandler (DeleteBlocksCommandHandler.java:handle(106)) - Start to delete container blocks, TXIDs=[1(0),2(0),3(0)], numOfContainers=3, numOfBlocks=553
2019-06-13 13:51:09,791 DEBUG block.DeletedBlockLogImpl (DeletedBlockLogImpl.java:isTransactionFailed(245)) - Got block deletion ACK from datanode, TXIDs=1, success=true
2019-06-13 13:51:09,791 WARN  block.DeletedBlockLogImpl (DeletedBlockLogImpl.java:commitTransactions(205)) - Transaction txId=1 commit by dnId=5d71e5de-6d45-4480-a1f1-d41cc2d38630 for containerID=#1 failed. Corresponding entry not found.
2019-06-13 13:51:09,791 DEBUG block.DeletedBlockLogImpl (DeletedBlockLogImpl.java:isTransactionFailed(245)) - Got block deletion ACK from datanode, TXIDs=1, success=true
2019-06-13 13:51:09,791 WARN  block.DeletedBlockLogImpl (DeletedBlockLogImpl.java:commitTransactions(205)) - Transaction txId=1 commit by dnId=5d71e5de-6d45-4480-a1f1-d41cc2d38630 for containerID=#1 failed. Corresponding entry not found.
2019-06-13 13:51:09,791 DEBUG block.DeletedBlockLogImpl (DeletedBlockLogImpl.java:isTransactionFailed(245)) - Got block deletion ACK from datanode, TXIDs=1, success=true
2019-06-13 13:51:09,791 WARN  block.DeletedBlockLogImpl (DeletedBlockLogImpl.java:commitTransactions(205)) - Transaction txId=1 commit by dnId=5d71e5de-6d45-4480-a1f1-d41cc2d38630 for containerID=#1 failed. Corresponding entry not found.
2019-06-13 13:51:09,791 DEBUG block.DeletedBlockLogImpl (DeletedBlockLogImpl.java:isTransactionFailed(245)) - Got block deletion ACK from datanode, TXIDs=1, success=true
2019-06-13 13:51:09,791 WARN  block.DeletedBlockLogImpl (DeletedBlockLogImpl.java:commitTransactions(205)) - Transaction txId=1 commit by dnId=5d71e5de-6d45-4480-a1f1-d41cc2d38630 for containerID=#1 failed. Corresponding entry not found.
2019-06-13 13:51:09,791 DEBUG block.DeletedBlockLogImpl (DeletedBlockLogImpl.java:isTransactionFailed(245)) - Got block deletion ACK from datanode, TXIDs=1, success=true
2019-06-13 13:51:09,791 WARN  block.DeletedBlockLogImpl (DeletedBlockLogImpl.java:commitTransactions(205)) - Transaction txId=1 commit by dnId=5d71e5de-6d45-4480-a1f1-d41cc2d38630 for containerID=#1 failed. Corresponding entry not found.
2019-06-13 13:51:09,791 DEBUG block.DeletedBlockLogImpl (DeletedBlockLogImpl.java:isTransactionFailed(245)) - Got block deletion ACK from datanode, TXIDs=1, success=true
2019-06-13 13:51:09,791 WARN  block.DeletedBlockLogImpl (DeletedBlockLogImpl.java:commitTransactions(205)) - Transaction txId=1 commit by dnId=5d71e5de-6d45-4480-a1f1-d41cc2d38630 for containerID=#1 failed. Corresponding entry not found.
2019-06-13 13:51:09,792 DEBUG block.DeletedBlockLogImpl (DeletedBlockLogImpl.java:isTransactionFailed(245)) - Got block deletion ACK from datanode, TXIDs=1, success=true
2019-06-13 13:51:09,792 WARN  block.DeletedBlockLogImpl (DeletedBlockLogImpl.java:commitTransactions(205)) - Transaction txId=1 commit by dnId=5d71e5de-6d45-4480-a1f1-d41cc2d38630 for containerID=#1 failed. Corresponding entry not found.
2019-06-13 13:51:09,792 INFO  commandhandler.DeleteBlocksCommandHandler (DeleteBlocksCommandHandler.java:handle(106)) - Start to delete container blocks, TXIDs=[1(0),2(0),3(0)], numOfContainers=3, numOfBlocks=553
2019-06-13 13:51:09,793 INFO  commandhandler.DeleteBlocksCommandHandler (DeleteBlocksCommandHandler.java:handle(106)) - Start to delete container blocks, TXIDs=[1(0),2(0),3(0)], numOfContainers=3, numOfBlocks=553
2019-06-13 13:51:09,793 INFO  commands.RetriableDatanodeEventWatcher (RetriableDatanodeEventWatcher.java:onTimeout(47)) - RetriableDatanodeCommand type=deleteBlocksCommand with id=1560433858554 timed out. Retrying.
2019-06-13 13:51:09,794 INFO  commandhandler.DeleteBlocksCommandHandler (DeleteBlocksCommandHandler.java:handle(106)) - Start to delete container blocks, TXIDs=[1(0),2(0),3(0)], numOfContainers=3, numOfBlocks=553
2019-06-13 13:51:09,795 INFO  commandhandler.DeleteBlocksCommandHandler (DeleteBlocksCommandHandler.java:handle(106)) - Start to delete container blocks, TXIDs=[1(0),2(0),3(0)], numOfContainers=3, numOfBlocks=553
2019-06-13 13:51:09,795 INFO  commandhandler.DeleteBlocksCommandHandler (DeleteBlocksCommandHandler.java:handle(106)) - Start to delete container blocks, TXIDs=[1(0),2(0),3(0)], numOfContainers=3, numOfBlocks=553
2019-06-13 13:51:09,796 INFO  commandhandler.DeleteBlocksCommandHandler (DeleteBlocksCommandHandler.java:handle(106)) - Start to delete container blocks, TXIDs=[1(0),2(0),3(0)], numOfContainers=3, numOfBlocks=553
2019-06-13 13:51:09,797 INFO  commandhandler.DeleteBlocksCommandHandler (DeleteBlocksCommandHandler.java:handle(106)) - Start to delete container blocks, TXIDs=[1(0),2(0),3(0)], numOfContainers=3, numOfBlocks=553
2019-06-13 13:51:09,798 INFO  commandhandler.DeleteBlocksCommandHandler (DeleteBlocksCommandHandler.java:handle(106)) - Start to delete container blocks, TXIDs=[1(0),2(0),3(0)], numOfContainers=3, numOfBlocks=553
2019-06-13 13:51:09,799 INFO  commandhandler.DeleteBlocksCommandHandler (DeleteBlocksCommandHandler.java:handle(106)) - Start to delete container blocks, TXIDs=[1(518),2(518),3(518)], numOfContainers=3, numOfBlocks=553
2019-06-13 13:51:09,800 INFO  commandhandler.DeleteBlocksCommandHandler (DeleteBlocksCommandHandler.java:handle(106)) - Start to delete container blocks, TXIDs=[1(0),2(0),3(0)], numOfContainers=3, numOfBlocks=553
2019-06-13 13:51:09,801 INFO  commandhandler.DeleteBlocksCommandHandler (DeleteBlocksCommandHandler.java:handle(106)) - Start to delete container blocks, TXIDs=[1(0),2(0),3(0)], numOfContainers=3, numOfBlocks=553
2019-06-13 13:51:09,802 INFO  commandhandler.DeleteBlocksCommandHandler (DeleteBlocksCommandHandler.java:handle(106)) - Start to delete container blocks, TXIDs=[1(0),2(0),3(0)], numOfContainers=3, numOfBlocks=553
2019-06-13 13:51:09,803 INFO  commandhandler.DeleteBlocksCommandHandler (DeleteBlocksCommandHandler.java:handle(106)) - Start to delete container blocks, TXIDs=[1(0),2(0),3(0)], numOfContainers=3, numOfBlocks=553
2019-06-13 13:51:09,804 INFO  commandhandler.DeleteBlocksCommandHandler (DeleteBlocksCommandHandler.java:handle(106)) - Start to delete container blocks, TXIDs=[1(0),2(0),3(0)], numOfContainers=3, numOfBlocks=553
2019-06-13 13:51:09,805 INFO  commandhandler.DeleteBlocksCommandHandler (DeleteBlocksCommandHandler.java:handle(106)) - Start to delete container blocks, TXIDs=[1(0),2(0),3(0)], numOfContainers=3, numOfBlocks=553
2019-06-13 13:51:09,805 INFO  commandhandler.DeleteBlocksCommandHandler (DeleteBlocksCommandHandler.java:handle(106)) - Start to delete container blocks, TXIDs=[1(0),2(0),3(0)], numOfContainers=3, numOfBlocks=553
2019-06-13 13:51:09,806 INFO  commandhandler.DeleteBlocksCommandHandler (DeleteBlocksCommandHandler.java:handle(106)) - Start to delete container blocks, TXIDs=[1(0),2(0),3(0)], numOfContainers=3, numOfBlocks=553
2019-06-13 13:51:09,807 INFO  commandhandler.DeleteBlocksCommandHandler (DeleteBlocksCommandHandler.java:handle(106)) - Start to delete container blocks, TXIDs=[1(0),2(0),3(0)], numOfContainers=3, numOfBlocks=553
2019-06-13 13:51:09,807 INFO  commandhandler.DeleteBlocksCommandHandler (DeleteBlocksCommandHandler.java:handle(106)) - Start to delete container blocks, TXIDs=[1(0),2(0),3(0)], numOfContainers=3, numOfBlocks=553
2019-06-13 13:51:09,808 INFO  commandhandler.DeleteBlocksCommandHandler (DeleteBlocksCommandHandler.java:handle(106)) - Start to delete container blocks, TXIDs=[1(530),2(530),3(530)], numOfContainers=3, numOfBlocks=553
2019-06-13 13:51:09,808 INFO  commandhandler.DeleteBlocksCommandHandler (DeleteBlocksCommandHandler.java:handle(106)) - Start to delete container blocks, TXIDs=[1(0),2(0),3(0)], numOfContainers=3, numOfBlocks=553
2019-06-13 13:51:09,809 INFO  commandhandler.DeleteBlocksCommandHandler (DeleteBlocksCommandHandler.java:handle(106)) - Start to delete container blocks, TXIDs=[1(0),2(0),3(0)], numOfContainers=3, numOfBlocks=553
2019-06-13 13:51:09,810 INFO  commandhandler.DeleteBlocksCommandHandler (DeleteBlocksCommandHandler.java:handle(106)) - Start to delete container blocks, TXIDs=[1(0),2(0),3(0)], numOfContainers=3, numOfBlocks=553
2019-06-13 13:51:09,810 INFO  commandhandler.DeleteBlocksCommandHandler (DeleteBlocksCommandHandler.java:handle(106)) - Start to delete container blocks, TXIDs=[1(0),2(0),3(0)], numOfContainers=3, numOfBlocks=553
2019-06-13 13:51:09,811 INFO  commandhandler.DeleteBlocksCommandHandler (DeleteBlocksCommandHandler.java:handle(106)) - Start to delete container blocks, TXIDs=[1(0),2(0),3(0)], numOfContainers=3, numOfBlocks=553
2019-06-13 13:51:09,811 INFO  commandhandler.DeleteBlocksCommandHandler (DeleteBlocksCommandHandler.java:handle(106)) - Start to delete container blocks, TXIDs=[1(0),2(0),3(0)], numOfContainers=3, numOfBlocks=553
2019-06-13 13:51:09,812 INFO  commandhandler.DeleteBlocksCommandHandler (DeleteBlocksCommandHandler.java:handle(106)) - Start to delete container blocks, TXIDs=[1(0),2(0),3(0)], numOfContainers=3, numOfBlocks=553
2019-06-13 13:51:09,812 INFO  commandhandler.DeleteBlocksCommandHandler (DeleteBlocksCommandHandler.java:handle(106)) - Start to delete container blocks, TXIDs=[1(0),2(0),3(0)], numOfContainers=3, numOfBlocks=553
2019-06-13 13:51:09,813 INFO  commandhandler.DeleteBlocksCommandHandler (DeleteBlocksCommandHandler.java:handle(106)) - Start to delete container blocks, TXIDs=[1(0),2(0),3(0)], numOfContainers=3, numOfBlocks=553
2019-06-13 13:51:09,813 INFO  commandhandler.DeleteBlocksCommandHandler (DeleteBlocksCommandHandler.java:handle(106)) - Start to delete container blocks, TXIDs=[1(0),2(0),3(0)], numOfContainers=3, numOfBlocks=553
2019-06-13 13:51:09,814 INFO  commandhandler.DeleteBlocksCommandHandler (DeleteBlocksCommandHandler.java:handle(106)) - Start to delete container blocks, TXIDs=[1(595),2(595),3(595)], numOfContainers=3, numOfBlocks=553
2019-06-13 13:51:09,814 INFO  commandhandler.DeleteBlocksCommandHandler (DeleteBlocksCommandHandler.java:handle(106)) - Start to delete container blocks, TXIDs=[1(0),2(0),3(0)], numOfContainers=3, numOfBlocks=553
2019-06-13 13:51:09,815 INFO  commandhandler.DeleteBlocksCommandHandler (DeleteBlocksCommandHandler.java:handle(106)) - Start to delete container blocks, TXIDs=[1(0),2(0),3(0)], numOfContainers=3, numOfBlocks=553
2019-06-13 13:51:09,816 INFO  commandhandler.DeleteBlocksCommandHandler (DeleteBlocksCommandHandler.java:handle(106)) - Start to delete container blocks, TXIDs=[1(0),2(0),3(0)], numOfContainers=3, numOfBlocks=553
2019-06-13 13:51:09,816 INFO  commandhandler.DeleteBlocksCommandHandler (DeleteBlocksCommandHandler.java:handle(106)) - Start to delete container blocks, TXIDs=[1(0),2(0),3(0)], numOfContainers=3, numOfBlocks=553
2019-06-13 13:51:09,817 INFO  commandhandler.DeleteBlocksCommandHandler (DeleteBlocksCommandHandler.java:handle(106)) - Start to delete container blocks, TXIDs=[1(0),2(0),3(0)], numOfContainers=3, numOfBlocks=553
2019-06-13 13:51:09,817 INFO  commandhandler.DeleteBlocksCommandHandler (DeleteBlocksCommandHandler.java:handle(106)) - Start to delete container blocks, TXIDs=[1(0),2(0),3(0)], numOfContainers=3, numOfBlocks=553
2019-06-13 13:51:09,818 INFO  commandhandler.DeleteBlocksCommandHandler (DeleteBlocksCommandHandler.java:handle(106)) - Start to delete container blocks, TXIDs=[1(0),2(0),3(0)], numOfContainers=3, numOfBlocks=553
2019-06-13 13:51:09,818 INFO  commands.RetriableDatanodeEventWatcher (RetriableDatanodeEventWatcher.java:onTimeout(47)) - RetriableDatanodeCommand type=deleteBlocksCommand with id=1560433858564 timed out. Retrying.
2019-06-13 13:51:09,819 INFO  commandhandler.DeleteBlocksCommandHandler (DeleteBlocksCommandHandler.java:handle(106)) - Start to delete container blocks, TXIDs=[1(0),2(0),3(0)], numOfContainers=3, numOfBlocks=553
2019-06-13 13:51:09,819 INFO  commandhandler.DeleteBlocksCommandHandler (DeleteBlocksCommandHandler.java:handle(106)) - Start to delete container blocks, TXIDs=[1(0),2(0),3(0)], numOfContainers=3, numOfBlocks=553
2019-06-13 13:51:09,820 INFO  commandhandler.DeleteBlocksCommandHandler (DeleteBlocksCommandHandler.java:handle(106)) - Start to delete container blocks, TXIDs=[1(0),2(0),3(0)], numOfContainers=3, numOfBlocks=553
2019-06-13 13:51:09,820 INFO  commandhandler.DeleteBlocksCommandHandler (DeleteBlocksCommandHandler.java:handle(106)) - Start to delete container blocks, TXIDs=[1(604),2(604),3(604)], numOfContainers=3, numOfBlocks=553
2019-06-13 13:51:09,821 INFO  commandhandler.DeleteBlocksCommandHandler (DeleteBlocksCommandHandler.java:handle(106)) - Start to delete container blocks, TXIDs=[1(0),2(0),3(0)], numOfContainers=3, numOfBlocks=553
2019-06-13 13:51:09,821 INFO  commandhandler.DeleteBlocksCommandHandler (DeleteBlocksCommandHandler.java:handle(106)) - Start to delete container blocks, TXIDs=[1(0),2(0),3(0)], numOfContainers=3, numOfBlocks=553
2019-06-13 13:51:09,822 INFO  commandhandler.DeleteBlocksCommandHandler (DeleteBlocksCommandHandler.java:handle(106)) - Start to delete container blocks, TXIDs=[1(0),2(0),3(0)], numOfContainers=3, numOfBlocks=553
2019-06-13 13:51:09,823 INFO  commandhandler.DeleteBlocksCommandHandler (DeleteBlocksCommandHandler.java:handle(106)) - Start to delete container blocks, TXIDs=[1(0),2(0),3(0)], numOfContainers=3, numOfBlocks=553
2019-06-13 13:51:09,823 INFO  commandhandler.DeleteBlocksCommandHandler (DeleteBlocksCommandHandler.java:handle(106)) - Start to delete container blocks, TXIDs=[1(0),2(0),3(0)], numOfContainers=3, numOfBlocks=553
2019-06-13 13:51:09,824 INFO  commandhandler.DeleteBlocksCommandHandler (DeleteBlocksCommandHandler.java:handle(106)) - Start to delete container blocks, TXIDs=[1(0),2(0),3(0)], numOfContainers=3, numOfBlocks=553
2019-06-13 13:51:09,824 INFO  commandhandler.DeleteBlocksCommandHandler (DeleteBlocksCommandHandler.java:handle(106)) - Start to delete container blocks, TXIDs=[1(0),2(0),3(0)], numOfContainers=3, numOfBlocks=553
2019-06-13 13:51:09,825 INFO  commandhandler.DeleteBlocksCommandHandler (DeleteBlocksCommandHandler.java:handle(106)) - Start to delete container blocks, TXIDs=[1(0),2(0),3(0)], numOfContainers=3, numOfBlocks=553
2019-06-13 13:51:09,825 INFO  commandhandler.DeleteBlocksCommandHandler (DeleteBlocksCommandHandler.java:handle(106)) - Start to delete container blocks, TXIDs=[1(0),2(0),3(0)], numOfContainers=3, numOfBlocks=553
2019-06-13 13:51:09,826 INFO  commandhandler.DeleteBlocksCommandHandler (DeleteBlocksCommandHandler.java:handle(106)) - Start to delete container blocks, TXIDs=[1(0),2(0),3(0)], numOfContainers=3, numOfBlocks=553
2019-06-13 13:51:09,827 INFO  commandhandler.DeleteBlocksCommandHandler (DeleteBlocksCommandHandler.java:handle(106)) - Start to delete container blocks, TXIDs=[1(604),2(604),3(604)], numOfContainers=3, numOfBlocks=553
2019-06-13 13:51:09,827 INFO  commandhandler.DeleteBlocksCommandHandler (DeleteBlocksCommandHandler.java:handle(106)) - Start to delete container blocks, TXIDs=[1(0),2(0),3(0)], numOfContainers=3, numOfBlocks=553
2019-06-13 13:51:09,828 INFO  commandhandler.DeleteBlocksCommandHandler (DeleteBlocksCommandHandler.java:handle(106)) - Start to delete container blocks, TXIDs=[1(0),2(0),3(0)], numOfContainers=3, numOfBlocks=553
2019-06-13 13:51:09,829 INFO  commandhandler.DeleteBlocksCommandHandler (DeleteBlocksCommandHandler.java:handle(106)) - Start to delete container blocks, TXIDs=[1(0),2(0),3(0)], numOfContainers=3, numOfBlocks=553
2019-06-13 13:51:09,829 INFO  commandhandler.DeleteBlocksCommandHandler (DeleteBlocksCommandHandler.java:handle(106)) - Start to delete container blocks, TXIDs=[1(0),2(0),3(0)], numOfContainers=3, numOfBlocks=553
2019-06-13 13:51:09,830 INFO  commandhandler.DeleteBlocksCommandHandler (DeleteBlocksCommandHandler.java:handle(106)) - Start to delete container blocks, TXIDs=[1(0),2(0),3(0)], numOfContainers=3, numOfBlocks=553
2019-06-13 13:51:09,830 INFO  commandhandler.DeleteBlocksCommandHandler (DeleteBlocksCommandHandler.java:handle(106)) - Start to delete container blocks, TXIDs=[1(15),2(15),3(15)], numOfContainers=3, numOfBlocks=553
2019-06-13 13:51:09,831 INFO  commandhandler.DeleteBlocksCommandHandler (DeleteBlocksCommandHandler.java:handle(106)) - Start to delete container blocks, TXIDs=[1(0),2(0),3(0)], numOfContainers=3, numOfBlocks=553
2019-06-13 13:51:09,831 INFO  commandhandler.DeleteBlocksCommandHandler (DeleteBlocksCommandHandler.java:handle(106)) - Start to delete container blocks, TXIDs=[1(0),2(0),3(0)], numOfContainers=3, numOfBlocks=553
2019-06-13 13:51:09,832 DEBUG block.SCMBlockDeletingService (SCMBlockDeletingService.java:call(138)) - Running DeletedBlockTransactionScanner
2019-06-13 13:51:09,832 DEBUG block.SCMBlockDeletingService (SCMBlockDeletingService.java:call(155)) - Scanned deleted blocks log and got 0 delTX to process.
2019-06-13 13:51:09,832 INFO  commandhandler.DeleteBlocksCommandHandler (DeleteBlocksCommandHandler.java:handle(106)) - Start to delete container blocks, TXIDs=[1(0),2(0),3(0)], numOfContainers=3, numOfBlocks=553
2019-06-13 13:51:09,833 INFO  commandhandler.DeleteBlocksCommandHandler (DeleteBlocksCommandHandler.java:handle(106)) - Start to delete container blocks, TXIDs=[1(0),2(0),3(0)], numOfContainers=3, numOfBlocks=553
2019-06-13 13:51:09,834 INFO  commandhandler.DeleteBlocksCommandHandler (DeleteBlocksCommandHandler.java:handle(106)) - Start to delete container blocks, TXIDs=[1(624),2(624),3(624)], numOfContainers=3, numOfBlocks=553
2019-06-13 13:51:09,835 INFO  commandhandler.DeleteBlocksCommandHandler (DeleteBlocksCommandHandler.java:handle(106)) - Start to delete container blocks, TXIDs=[1(0),2(0),3(0)], numOfContainers=3, numOfBlocks=553
2019-06-13 13:51:09,836 INFO  commandhandler.DeleteBlocksCommandHandler (DeleteBlocksCommandHandler.java:handle(106)) - Start to delete container blocks, TXIDs=[1(0),2(0),3(0)], numOfContainers=3, numOfBlocks=553
2019-06-13 13:51:09,837 INFO  commandhandler.DeleteBlocksCommandHandler (DeleteBlocksCommandHandler.java:handle(106)) - Start to delete container blocks, TXIDs=[1(0),2(0),3(0)], numOfContainers=3, numOfBlocks=553
2019-06-13 13:51:09,838 INFO  commandhandler.DeleteBlocksCommandHandler (DeleteBlocksCommandHandler.java:handle(106)) - Start to delete container blocks, TXIDs=[1(0),2(0),3(0)], numOfContainers=3, numOfBlocks=553
2019-06-13 13:51:09,839 INFO  commandhandler.DeleteBlocksCommandHandler (DeleteBlocksCommandHandler.java:handle(106)) - Start to delete container blocks, TXIDs=[1(0),2(0),3(0)], numOfContainers=3, numOfBlocks=553
2019-06-13 13:51:09,840 INFO  commandhandler.DeleteBlocksCommandHandler (DeleteBlocksCommandHandler.java:handle(106)) - Start to delete container blocks, TXIDs=[1(0),2(0),3(0)], numOfContainers=3, numOfBlocks=553
2019-06-13 13:51:09,841 INFO  commandhandler.DeleteBlocksCommandHandler (DeleteBlocksCommandHandler.java:handle(106)) - Start to delete container blocks, TXIDs=[1(518),2(518),3(518)], numOfContainers=3, numOfBlocks=553
2019-06-13 13:51:09,842 INFO  commandhandler.DeleteBlocksCommandHandler (DeleteBlocksCommandHandler.java:handle(106)) - Start to delete container blocks, TXIDs=[1(0),2(0),3(0)], numOfContainers=3, numOfBlocks=553
2019-06-13 13:51:09,843 INFO  commandhandler.DeleteBlocksCommandHandler (DeleteBlocksCommandHandler.java:handle(106)) - Start to delete container blocks, TXIDs=[1(0),2(0),3(0)], numOfContainers=3, numOfBlocks=553
2019-06-13 13:51:09,843 INFO  commandhandler.DeleteBlocksCommandHandler (DeleteBlocksCommandHandler.java:handle(106)) - Start to delete container blocks, TXIDs=[1(0),2(0),3(0)], numOfContainers=3, numOfBlocks=553
2019-06-13 13:51:09,844 INFO  commandhandler.DeleteBlocksCommandHandler (DeleteBlocksCommandHandler.java:handle(106)) - Start to delete container blocks, TXIDs=[1(624),2(624),3(624)], numOfContainers=3, numOfBlocks=553
2019-06-13 13:51:09,845 INFO  commandhandler.DeleteBlocksCommandHandler (DeleteBlocksCommandHandler.java:handle(106)) - Start to delete container blocks, TXIDs=[1(0),2(0),3(0)], numOfContainers=3, numOfBlocks=553
2019-06-13 13:51:09,846 INFO  commandhandler.DeleteBlocksCommandHandler (DeleteBlocksCommandHandler.java:handle(106)) - Start to delete container blocks, TXIDs=[1(0),2(0),3(0)], numOfContainers=3, numOfBlocks=553
2019-06-13 13:51:09,847 INFO  commandhandler.DeleteBlocksCommandHandler (DeleteBlocksCommandHandler.java:handle(106)) - Start to delete container blocks, TXIDs=[1(0),2(0),3(0)], numOfContainers=3, numOfBlocks=553
2019-06-13 13:51:09,848 INFO  commandhandler.DeleteBlocksCommandHandler (DeleteBlocksCommandHandler.java:handle(106)) - Start to delete container blocks, TXIDs=[1(0),2(0),3(0)], numOfContainers=3, numOfBlocks=553
2019-06-13 13:51:09,849 INFO  commandhandler.DeleteBlocksCommandHandler (DeleteBlocksCommandHandler.java:handle(106)) - Start to delete container blocks, TXIDs=[1(518),2(518),3(518)], numOfContainers=3, numOfBlocks=553
2019-06-13 13:51:09,850 INFO  commandhandler.DeleteBlocksCommandHandler (DeleteBlocksCommandHandler.java:handle(106)) - Start to delete container blocks, TXIDs=[1(0),2(0),3(0)], numOfContainers=3, numOfBlocks=553
2019-06-13 13:51:09,851 INFO  commandhandler.DeleteBlocksCommandHandler (DeleteBlocksCommandHandler.java:handle(106)) - Start to delete container blocks, TXIDs=[1(0),2(0),3(0)], numOfContainers=3, numOfBlocks=553
2019-06-13 13:51:09,852 INFO  commandhandler.DeleteBlocksCommandHandler (DeleteBlocksCommandHandler.java:handle(106)) - Start to delete container blocks, TXIDs=[1(0),2(0),3(0)], numOfContainers=3, numOfBlocks=553
2019-06-13 13:51:09,853 INFO  commandhandler.DeleteBlocksCommandHandler (DeleteBlocksCommandHandler.java:handle(106)) - Start to delete container blocks, TXIDs=[1(0),2(0),3(0)], numOfContainers=3, numOfBlocks=553
2019-06-13 13:51:09,854 INFO  commandhandler.DeleteBlocksCommandHandler (DeleteBlocksCommandHandler.java:handle(106)) - Start to delete container blocks, TXIDs=[1(0),2(0),3(0)], numOfContainers=3, numOfBlocks=553
2019-06-13 13:51:09,854 INFO  commandhandler.DeleteBlocksCommandHandler (DeleteBlocksCommandHandler.java:handle(106)) - Start to delete container blocks, TXIDs=[1(0),2(0),3(0)], numOfContainers=3, numOfBlocks=553
2019-06-13 13:51:09,855 INFO  commandhandler.DeleteBlocksCommandHandler (DeleteBlocksCommandHandler.java:handle(106)) - Start to delete container blocks, TXIDs=[1(0),2(0),3(0)], numOfContainers=3, numOfBlocks=553
2019-06-13 13:51:09,855 INFO  commandhandler.DeleteBlocksCommandHandler (DeleteBlocksCommandHandler.java:handle(106)) - Start to delete container blocks, TXIDs=[1(0),2(0),3(0)], numOfContainers=3, numOfBlocks=553
2019-06-13 13:51:09,856 INFO  commandhandler.DeleteBlocksCommandHandler (DeleteBlocksCommandHandler.java:handle(106)) - Start to delete container blocks, TXIDs=[1(0),2(0),3(0)], numOfContainers=3, numOfBlocks=553
2019-06-13 13:51:09,856 INFO  commandhandler.DeleteBlocksCommandHandler (DeleteBlocksCommandHandler.java:handle(106)) - Start to delete container blocks, TXIDs=[1(0),2(0),3(0)], numOfContainers=3, numOfBlocks=553
2019-06-13 13:51:09,857 INFO  commandhandler.DeleteBlocksCommandHandler (DeleteBlocksCommandHandler.java:handle(106)) - Start to delete container blocks, TXIDs=[1(0),2(0),3(0)], numOfContainers=3, numOfBlocks=553
2019-06-13 13:51:09,858 INFO  commandhandler.DeleteBlocksCommandHandler (DeleteBlocksCommandHandler.java:handle(106)) - Start to delete container blocks, TXIDs=[1(0),2(0),3(0)], numOfContainers=3, numOfBlocks=553
2019-06-13 13:51:09,858 INFO  commandhandler.DeleteBlocksCommandHandler (DeleteBlocksCommandHandler.java:handle(106)) - Start to delete container blocks, TXIDs=[1(0),2(0),3(0)], numOfContainers=3, numOfBlocks=553
2019-06-13 13:51:09,859 INFO  commandhandler.DeleteBlocksCommandHandler (DeleteBlocksCommandHandler.java:handle(106)) - Start to delete container blocks, TXIDs=[1(518),2(518),3(518)], numOfContainers=3, numOfBlocks=553
2019-06-13 13:51:09,859 INFO  commandhandler.DeleteBlocksCommandHandler (DeleteBlocksCommandHandler.java:handle(106)) - Start to delete container blocks, TXIDs=[1(0),2(0),3(0)], numOfContainers=3, numOfBlocks=553
2019-06-13 13:51:09,860 INFO  commandhandler.DeleteBlocksCommandHandler (DeleteBlocksCommandHandler.java:handle(106)) - Start to delete container blocks, TXIDs=[1(0),2(0),3(0)], numOfContainers=3, numOfBlocks=553
2019-06-13 13:51:09,860 INFO  commandhandler.DeleteBlocksCommandHandler (DeleteBlocksCommandHandler.java:handle(106)) - Start to delete container blocks, TXIDs=[1(0),2(0),3(0)], numOfContainers=3, numOfBlocks=553
2019-06-13 13:51:09,861 INFO  commandhandler.DeleteBlocksCommandHandler (DeleteBlocksCommandHandler.java:handle(106)) - Start to delete container blocks, TXIDs=[1(0),2(0),3(0)], numOfContainers=3, numOfBlocks=553
2019-06-13 13:51:09,863 INFO  commandhandler.DeleteBlocksCommandHandler (DeleteBlocksCommandHandler.java:handle(106)) - Start to delete container blocks, TXIDs=[1(0),2(0),3(0)], numOfContainers=3, numOfBlocks=553
2019-06-13 13:51:09,864 INFO  commandhandler.DeleteBlocksCommandHandler (DeleteBlocksCommandHandler.java:handle(106)) - Start to delete container blocks, TXIDs=[1(518),2(518),3(518)], numOfContainers=3, numOfBlocks=553
2019-06-13 13:51:09,865 INFO  commandhandler.DeleteBlocksCommandHandler (DeleteBlocksCommandHandler.java:handle(106)) - Start to delete container blocks, TXIDs=[1(0),2(0),3(0)], numOfContainers=3, numOfBlocks=553
2019-06-13 13:51:09,865 INFO  commandhandler.DeleteBlocksCommandHandler (DeleteBlocksCommandHandler.java:handle(106)) - Start to delete container blocks, TXIDs=[1(0),2(0),3(0)], numOfContainers=3, numOfBlocks=553
2019-06-13 13:51:09,866 INFO  commandhandler.DeleteBlocksCommandHandler (DeleteBlocksCommandHandler.java:handle(106)) - Start to delete container blocks, TXIDs=[1(0),2(0),3(0)], numOfContainers=3, numOfBlocks=553
2019-06-13 13:51:09,867 INFO  commandhandler.DeleteBlocksCommandHandler (DeleteBlocksCommandHandler.java:handle(106)) - Start to delete container blocks, TXIDs=[1(0),2(0),3(0)], numOfContainers=3, numOfBlocks=553
2019-06-13 13:51:09,867 INFO  commandhandler.DeleteBlocksCommandHandler (DeleteBlocksCommandHandler.java:handle(106)) - Start to delete container blocks, TXIDs=[1(518),2(518),3(518)], numOfContainers=3, numOfBlocks=553
2019-06-13 13:51:09,868 INFO  commandhandler.DeleteBlocksCommandHandler (DeleteBlocksCommandHandler.java:handle(106)) - Start to delete container blocks, TXIDs=[1(0),2(0),3(0)], numOfContainers=3, numOfBlocks=553
2019-06-13 13:51:09,894 INFO  commands.RetriableDatanodeEventWatcher (RetriableDatanodeEventWatcher.java:onTimeout(47)) - RetriableDatanodeCommand type=deleteBlocksCommand with id=1560433858555 timed out. Retrying.
2019-06-13 13:51:09,920 INFO  commands.RetriableDatanodeEventWatcher (RetriableDatanodeEventWatcher.java:onTimeout(47)) - RetriableDatanodeCommand type=deleteBlocksCommand with id=1560433858565 timed out. Retrying.
2019-06-13 13:51:09,932 DEBUG block.SCMBlockDeletingService (SCMBlockDeletingService.java:call(138)) - Running DeletedBlockTransactionScanner
2019-06-13 13:51:09,932 DEBUG block.SCMBlockDeletingService (SCMBlockDeletingService.java:call(155)) - Scanned deleted blocks log and got 0 delTX to process.
2019-06-13 13:51:09,983 WARN  block.DeletedBlockLogImpl (DeletedBlockLogImpl.java:incrementCount(141)) - Deleted TXID not found.
2019-06-13 13:51:09,983 WARN  events.EventWatcher (EventWatcher.java:lambda$start$0(110)) - Completion event without active lease. Id=1560433858531
2019-06-13 13:51:09,983 WARN  block.DeletedBlockLogImpl (DeletedBlockLogImpl.java:incrementCount(141)) - Deleted TXID not found.
2019-06-13 13:51:09,983 WARN  events.EventWatcher (EventWatcher.java:lambda$start$0(110)) - Completion event without active lease. Id=1560433858532
2019-06-13 13:51:09,984 WARN  block.DeletedBlockLogImpl (DeletedBlockLogImpl.java:incrementCount(141)) - Deleted TXID not found.
2019-06-13 13:51:09,984 WARN  events.EventWatcher (EventWatcher.java:lambda$start$0(110)) - Completion event without active lease. Id=1560433858534
2019-06-13 13:51:09,984 WARN  block.DeletedBlockLogImpl (DeletedBlockLogImpl.java:incrementCount(141)) - Deleted TXID not found.
2019-06-13 13:51:09,984 WARN  events.EventWatcher (EventWatcher.java:lambda$start$0(110)) - Completion event without active lease. Id=1560433858540
2019-06-13 13:51:09,984 WARN  block.DeletedBlockLogImpl (DeletedBlockLogImpl.java:incrementCount(141)) - Deleted TXID not found.
2019-06-13 13:51:09,984 WARN  events.EventWatcher (EventWatcher.java:lambda$start$0(110)) - Completion event without active lease. Id=1560433858541
2019-06-13 13:51:09,984 WARN  events.EventWatcher (EventWatcher.java:lambda$start$0(110)) - Completion event without active lease. Id=1560433858512
2019-06-13 13:51:09,984 WARN  events.EventWatcher (EventWatcher.java:lambda$start$0(110)) - Completion event without active lease. Id=1560433858521
2019-06-13 13:51:09,984 WARN  events.EventWatcher (EventWatcher.java:lambda$start$0(110)) - Completion event without active lease. Id=1560433858522
2019-06-13 13:51:09,984 WARN  events.EventWatcher (EventWatcher.java:lambda$start$0(110)) - Completion event without active lease. Id=1560433858524
2019-06-13 13:51:09,984 WARN  events.EventWatcher (EventWatcher.java:lambda$start$0(110)) - Completion event without active lease. Id=1560433858501
2019-06-13 13:51:09,984 WARN  events.EventWatcher (EventWatcher.java:lambda$start$0(110)) - Completion event without active lease. Id=1560433858502
2019-06-13 13:51:09,984 WARN  events.EventWatcher (EventWatcher.java:lambda$start$0(110)) - Completion event without active lease. Id=1560433858511
2019-06-13 13:51:09,984 WARN  events.EventWatcher (EventWatcher.java:lambda$start$0(110)) - Completion event without active lease. Id=1560433858481
2019-06-13 13:51:09,984 WARN  events.EventWatcher (EventWatcher.java:lambda$start$0(110)) - Completion event without active lease. Id=1560433858482
2019-06-13 13:51:09,984 WARN  events.EventWatcher (EventWatcher.java:lambda$start$0(110)) - Completion event without active lease. Id=1560433858491
2019-06-13 13:51:09,984 WARN  events.EventWatcher (EventWatcher.java:lambda$start$0(110)) - Completion event without active lease. Id=1560433858492
2019-06-13 13:51:09,984 WARN  events.EventWatcher (EventWatcher.java:lambda$start$0(110)) - Completion event without active lease. Id=1560433858472
2019-06-13 13:51:09,985 WARN  events.EventWatcher (EventWatcher.java:lambda$start$0(110)) - Completion event without active lease. Id=1560433858473
2019-06-13 13:51:09,984 WARN  block.DeletedBlockLogImpl (DeletedBlockLogImpl.java:incrementCount(141)) - Deleted TXID not found.
2019-06-13 13:51:09,985 DEBUG block.DeletedBlockLogImpl (DeletedBlockLogImpl.java:isTransactionFailed(245)) - Got block deletion ACK from datanode, TXIDs=1, success=true
2019-06-13 13:51:09,985 WARN  block.DeletedBlockLogImpl (DeletedBlockLogImpl.java:commitTransactions(205)) - Transaction txId=1 commit by dnId=5d71e5de-6d45-4480-a1f1-d41cc2d38630 for containerID=#1 failed. Corresponding entry not found.
2019-06-13 13:51:09,985 WARN  block.DeletedBlockLogImpl (DeletedBlockLogImpl.java:incrementCount(141)) - Deleted TXID not found.
2019-06-13 13:51:09,985 WARN  block.DeletedBlockLogImpl (DeletedBlockLogImpl.java:incrementCount(141)) - Deleted TXID not found.
2019-06-13 13:51:09,985 WARN  block.DeletedBlockLogImpl (DeletedBlockLogImpl.java:incrementCount(141)) - Deleted TXID not found.
2019-06-13 13:51:09,985 DEBUG block.DeletedBlockLogImpl (DeletedBlockLogImpl.java:isTransactionFailed(245)) - Got block deletion ACK from datanode, TXIDs=1, success=true
2019-06-13 13:51:09,985 WARN  block.DeletedBlockLogImpl (DeletedBlockLogImpl.java:commitTransactions(205)) - Transaction txId=1 commit by dnId=5d71e5de-6d45-4480-a1f1-d41cc2d38630 for containerID=#1 failed. Corresponding entry not found.
2019-06-13 13:51:09,985 WARN  block.DeletedBlockLogImpl (DeletedBlockLogImpl.java:incrementCount(141)) - Deleted TXID not found.
2019-06-13 13:51:09,985 WARN  block.DeletedBlockLogImpl (DeletedBlockLogImpl.java:incrementCount(141)) - Deleted TXID not found.
2019-06-13 13:51:09,985 WARN  block.DeletedBlockLogImpl (DeletedBlockLogImpl.java:incrementCount(141)) - Deleted TXID not found.
2019-06-13 13:51:09,985 DEBUG block.DeletedBlockLogImpl (DeletedBlockLogImpl.java:isTransactionFailed(245)) - Got block deletion ACK from datanode, TXIDs=1, success=true
2019-06-13 13:51:09,985 WARN  block.DeletedBlockLogImpl (DeletedBlockLogImpl.java:commitTransactions(205)) - Transaction txId=1 commit by dnId=5d71e5de-6d45-4480-a1f1-d41cc2d38630 for containerID=#1 failed. Corresponding entry not found.
2019-06-13 13:51:09,986 DEBUG block.DeletedBlockLogImpl (DeletedBlockLogImpl.java:isTransactionFailed(245)) - Got block deletion ACK from datanode, TXIDs=1, success=true
2019-06-13 13:51:09,986 WARN  block.DeletedBlockLogImpl (DeletedBlockLogImpl.java:commitTransactions(205)) - Transaction txId=1 commit by dnId=5d71e5de-6d45-4480-a1f1-d41cc2d38630 for containerID=#1 failed. Corresponding entry not found.
2019-06-13 13:51:09,986 DEBUG block.DeletedBlockLogImpl (DeletedBlockLogImpl.java:isTransactionFailed(245)) - Got block deletion ACK from datanode, TXIDs=1, success=true
2019-06-13 13:51:09,986 WARN  block.DeletedBlockLogImpl (DeletedBlockLogImpl.java:commitTransactions(205)) - Transaction txId=1 commit by dnId=5d71e5de-6d45-4480-a1f1-d41cc2d38630 for containerID=#1 failed. Corresponding entry not found.
2019-06-13 13:51:09,986 DEBUG block.DeletedBlockLogImpl (DeletedBlockLogImpl.java:isTransactionFailed(245)) - Got block deletion ACK from datanode, TXIDs=1, success=true
2019-06-13 13:51:09,986 WARN  block.DeletedBlockLogImpl (DeletedBlockLogImpl.java:commitTransactions(205)) - Transaction txId=1 commit by dnId=5d71e5de-6d45-4480-a1f1-d41cc2d38630 for containerID=#1 failed. Corresponding entry not found.
2019-06-13 13:51:09,986 DEBUG block.DeletedBlockLogImpl (DeletedBlockLogImpl.java:isTransactionFailed(245)) - Got block deletion ACK from datanode, TXIDs=1, success=true
2019-06-13 13:51:09,986 WARN  block.DeletedBlockLogImpl (DeletedBlockLogImpl.java:commitTransactions(205)) - Transaction txId=1 commit by dnId=5d71e5de-6d45-4480-a1f1-d41cc2d38630 for containerID=#1 failed. Corresponding entry not found.
2019-06-13 13:51:09,986 DEBUG block.DeletedBlockLogImpl (DeletedBlockLogImpl.java:isTransactionFailed(245)) - Got block deletion ACK from datanode, TXIDs=1, success=true
2019-06-13 13:51:09,986 WARN  block.DeletedBlockLogImpl (DeletedBlockLogImpl.java:commitTransactions(205)) - Transaction txId=1 commit by dnId=5d71e5de-6d45-4480-a1f1-d41cc2d38630 for containerID=#1 failed. Corresponding entry not found.
2019-06-13 13:51:09,986 DEBUG block.DeletedBlockLogImpl (DeletedBlockLogImpl.java:isTransactionFailed(245)) - Got block deletion ACK from datanode, TXIDs=1, success=true
2019-06-13 13:51:09,986 WARN  block.DeletedBlockLogImpl (DeletedBlockLogImpl.java:commitTransactions(205)) - Transaction txId=1 commit by dnId=5d71e5de-6d45-4480-a1f1-d41cc2d38630 for containerID=#1 failed. Corresponding entry not found.
2019-06-13 13:51:09,986 DEBUG block.DeletedBlockLogImpl (DeletedBlockLogImpl.java:isTransactionFailed(245)) - Got block deletion ACK from datanode, TXIDs=1, success=true
2019-06-13 13:51:09,986 WARN  block.DeletedBlockLogImpl (DeletedBlockLogImpl.java:commitTransactions(205)) - Transaction txId=1 commit by dnId=5d71e5de-6d45-4480-a1f1-d41cc2d38630 for containerID=#1 failed. Corresponding entry not found.
2019-06-13 13:51:09,986 DEBUG block.DeletedBlockLogImpl (DeletedBlockLogImpl.java:isTransactionFailed(245)) - Got block deletion ACK from datanode, TXIDs=1, success=true
2019-06-13 13:51:09,986 WARN  block.DeletedBlockLogImpl (DeletedBlockLogImpl.java:commitTransactions(205)) - Transaction txId=1 commit by dnId=5d71e5de-6d45-4480-a1f1-d41cc2d38630 for containerID=#1 failed. Corresponding entry not found.
2019-06-13 13:51:09,987 DEBUG block.DeletedBlockLogImpl (DeletedBlockLogImpl.java:isTransactionFailed(245)) - Got block deletion ACK from datanode, TXIDs=1, success=true
2019-06-13 13:51:09,987 WARN  block.DeletedBlockLogImpl (DeletedBlockLogImpl.java:commitTransactions(205)) - Transaction txId=1 commit by dnId=5d71e5de-6d45-4480-a1f1-d41cc2d38630 for containerID=#1 failed. Corresponding entry not found.
2019-06-13 13:51:09,987 DEBUG block.DeletedBlockLogImpl (DeletedBlockLogImpl.java:isTransactionFailed(245)) - Got block deletion ACK from datanode, TXIDs=1, success=true
2019-06-13 13:51:09,987 WARN  block.DeletedBlockLogImpl (DeletedBlockLogImpl.java:commitTransactions(205)) - Transaction txId=1 commit by dnId=5d71e5de-6d45-4480-a1f1-d41cc2d38630 for containerID=#1 failed. Corresponding entry not found.
2019-06-13 13:51:09,987 DEBUG block.DeletedBlockLogImpl (DeletedBlockLogImpl.java:isTransactionFailed(245)) - Got block deletion ACK from datanode, TXIDs=1, success=true
2019-06-13 13:51:09,987 WARN  block.DeletedBlockLogImpl (DeletedBlockLogImpl.java:commitTransactions(205)) - Transaction txId=1 commit by dnId=5d71e5de-6d45-4480-a1f1-d41cc2d38630 for containerID=#1 failed. Corresponding entry not found.
2019-06-13 13:51:09,987 DEBUG block.DeletedBlockLogImpl (DeletedBlockLogImpl.java:isTransactionFailed(245)) - Got block deletion ACK from datanode, TXIDs=1, success=true
2019-06-13 13:51:09,987 WARN  block.DeletedBlockLogImpl (DeletedBlockLogImpl.java:commitTransactions(205)) - Transaction txId=1 commit by dnId=5d71e5de-6d45-4480-a1f1-d41cc2d38630 for containerID=#1 failed. Corresponding entry not found.
2019-06-13 13:51:09,987 DEBUG block.DeletedBlockLogImpl (DeletedBlockLogImpl.java:isTransactionFailed(245)) - Got block deletion ACK from datanode, TXIDs=1, success=true
2019-06-13 13:51:09,987 WARN  block.DeletedBlockLogImpl (DeletedBlockLogImpl.java:commitTransactions(205)) - Transaction txId=1 commit by dnId=5d71e5de-6d45-4480-a1f1-d41cc2d38630 for containerID=#1 failed. Corresponding entry not found.
2019-06-13 13:51:09,987 DEBUG block.DeletedBlockLogImpl (DeletedBlockLogImpl.java:isTransactionFailed(245)) - Got block deletion ACK from datanode, TXIDs=1, success=true
2019-06-13 13:51:09,987 WARN  block.DeletedBlockLogImpl (DeletedBlockLogImpl.java:commitTransactions(205)) - Transaction txId=1 commit by dnId=5d71e5de-6d45-4480-a1f1-d41cc2d38630 for containerID=#1 failed. Corresponding entry not found.
2019-06-13 13:51:09,987 DEBUG block.DeletedBlockLogImpl (DeletedBlockLogImpl.java:isTransactionFailed(245)) - Got block deletion ACK from datanode, TXIDs=1, success=true
2019-06-13 13:51:09,987 WARN  block.DeletedBlockLogImpl (DeletedBlockLogImpl.java:commitTransactions(205)) - Transaction txId=1 commit by dnId=5d71e5de-6d45-4480-a1f1-d41cc2d38630 for containerID=#1 failed. Corresponding entry not found.
2019-06-13 13:51:09,987 DEBUG block.DeletedBlockLogImpl (DeletedBlockLogImpl.java:isTransactionFailed(245)) - Got block deletion ACK from datanode, TXIDs=1, success=true
2019-06-13 13:51:09,987 WARN  block.DeletedBlockLogImpl (DeletedBlockLogImpl.java:commitTransactions(205)) - Transaction txId=1 commit by dnId=5d71e5de-6d45-4480-a1f1-d41cc2d38630 for containerID=#1 failed. Corresponding entry not found.
2019-06-13 13:51:09,987 DEBUG block.DeletedBlockLogImpl (DeletedBlockLogImpl.java:isTransactionFailed(245)) - Got block deletion ACK from datanode, TXIDs=1, success=true
2019-06-13 13:51:09,987 WARN  block.DeletedBlockLogImpl (DeletedBlockLogImpl.java:commitTransactions(205)) - Transaction txId=1 commit by dnId=5d71e5de-6d45-4480-a1f1-d41cc2d38630 for containerID=#1 failed. Corresponding entry not found.
2019-06-13 13:51:09,987 DEBUG block.DeletedBlockLogImpl (DeletedBlockLogImpl.java:isTransactionFailed(245)) - Got block deletion ACK from datanode, TXIDs=1, success=true
2019-06-13 13:51:09,988 WARN  block.DeletedBlockLogImpl (DeletedBlockLogImpl.java:commitTransactions(205)) - Transaction txId=1 commit by dnId=5d71e5de-6d45-4480-a1f1-d41cc2d38630 for containerID=#1 failed. Corresponding entry not found.
2019-06-13 13:51:09,988 DEBUG block.DeletedBlockLogImpl (DeletedBlockLogImpl.java:isTransactionFailed(245)) - Got block deletion ACK from datanode, TXIDs=1, success=true
2019-06-13 13:51:09,988 WARN  block.DeletedBlockLogImpl (DeletedBlockLogImpl.java:commitTransactions(205)) - Transaction txId=1 commit by dnId=5d71e5de-6d45-4480-a1f1-d41cc2d38630 for containerID=#1 failed. Corresponding entry not found.
2019-06-13 13:51:09,988 DEBUG block.DeletedBlockLogImpl (DeletedBlockLogImpl.java:isTransactionFailed(245)) - Got block deletion ACK from datanode, TXIDs=1, success=true
2019-06-13 13:51:09,988 WARN  block.DeletedBlockLogImpl (DeletedBlockLogImpl.java:commitTransactions(205)) - Transaction txId=1 commit by dnId=5d71e5de-6d45-4480-a1f1-d41cc2d38630 for containerID=#1 failed. Corresponding entry not found.
2019-06-13 13:51:09,988 DEBUG block.DeletedBlockLogImpl (DeletedBlockLogImpl.java:isTransactionFailed(245)) - Got block deletion ACK from datanode, TXIDs=1, success=true
2019-06-13 13:51:09,988 WARN  block.DeletedBlockLogImpl (DeletedBlockLogImpl.java:commitTransactions(205)) - Transaction txId=1 commit by dnId=5d71e5de-6d45-4480-a1f1-d41cc2d38630 for containerID=#1 failed. Corresponding entry not found.
2019-06-13 13:51:09,988 DEBUG block.DeletedBlockLogImpl (DeletedBlockLogImpl.java:isTransactionFailed(245)) - Got block deletion ACK from datanode, TXIDs=1, success=true
2019-06-13 13:51:09,988 WARN  block.DeletedBlockLogImpl (DeletedBlockLogImpl.java:commitTransactions(205)) - Transaction txId=1 commit by dnId=5d71e5de-6d45-4480-a1f1-d41cc2d38630 for containerID=#1 failed. Corresponding entry not found.
2019-06-13 13:51:09,988 DEBUG block.DeletedBlockLogImpl (DeletedBlockLogImpl.java:isTransactionFailed(245)) - Got block deletion ACK from datanode, TXIDs=1, success=true
2019-06-13 13:51:09,988 WARN  block.DeletedBlockLogImpl (DeletedBlockLogImpl.java:commitTransactions(205)) - Transaction txId=1 commit by dnId=5d71e5de-6d45-4480-a1f1-d41cc2d38630 for containerID=#1 failed. Corresponding entry not found.
2019-06-13 13:51:09,988 DEBUG block.DeletedBlockLogImpl (DeletedBlockLogImpl.java:isTransactionFailed(245)) - Got block deletion ACK from datanode, TXIDs=1, success=true
2019-06-13 13:51:09,988 WARN  block.DeletedBlockLogImpl (DeletedBlockLogImpl.java:commitTransactions(205)) - Transaction txId=1 commit by dnId=5d71e5de-6d45-4480-a1f1-d41cc2d38630 for containerID=#1 failed. Corresponding entry not found.
2019-06-13 13:51:09,988 DEBUG block.DeletedBlockLogImpl (DeletedBlockLogImpl.java:isTransactionFailed(245)) - Got block deletion ACK from datanode, TXIDs=1, success=true
2019-06-13 13:51:09,988 WARN  block.DeletedBlockLogImpl (DeletedBlockLogImpl.java:commitTransactions(205)) - Transaction txId=1 commit by dnId=5d71e5de-6d45-4480-a1f1-d41cc2d38630 for containerID=#1 failed. Corresponding entry not found.
2019-06-13 13:51:09,989 DEBUG block.DeletedBlockLogImpl (DeletedBlockLogImpl.java:isTransactionFailed(245)) - Got block deletion ACK from datanode, TXIDs=1, success=true
2019-06-13 13:51:09,989 WARN  block.DeletedBlockLogImpl (DeletedBlockLogImpl.java:commitTransactions(205)) - Transaction txId=1 commit by dnId=5d71e5de-6d45-4480-a1f1-d41cc2d38630 for containerID=#1 failed. Corresponding entry not found.
2019-06-13 13:51:09,989 DEBUG block.DeletedBlockLogImpl (DeletedBlockLogImpl.java:isTransactionFailed(245)) - Got block deletion ACK from datanode, TXIDs=1, success=true
2019-06-13 13:51:09,989 WARN  block.DeletedBlockLogImpl (DeletedBlockLogImpl.java:commitTransactions(205)) - Transaction txId=1 commit by dnId=5d71e5de-6d45-4480-a1f1-d41cc2d38630 for containerID=#1 failed. Corresponding entry not found.
2019-06-13 13:51:09,989 DEBUG block.DeletedBlockLogImpl (DeletedBlockLogImpl.java:isTransactionFailed(245)) - Got block deletion ACK from datanode, TXIDs=1, success=true
2019-06-13 13:51:09,989 WARN  block.DeletedBlockLogImpl (DeletedBlockLogImpl.java:commitTransactions(205)) - Transaction txId=1 commit by dnId=5d71e5de-6d45-4480-a1f1-d41cc2d38630 for containerID=#1 failed. Corresponding entry not found.
2019-06-13 13:51:09,989 DEBUG block.DeletedBlockLogImpl (DeletedBlockLogImpl.java:isTransactionFailed(245)) - Got block deletion ACK from datanode, TXIDs=1, success=true
2019-06-13 13:51:09,989 WARN  block.DeletedBlockLogImpl (DeletedBlockLogImpl.java:commitTransactions(205)) - Transaction txId=1 commit by dnId=5d71e5de-6d45-4480-a1f1-d41cc2d38630 for containerID=#1 failed. Corresponding entry not found.
2019-06-13 13:51:09,989 DEBUG block.DeletedBlockLogImpl (DeletedBlockLogImpl.java:isTransactionFailed(245)) - Got block deletion ACK from datanode, TXIDs=1, success=true
2019-06-13 13:51:09,989 WARN  block.DeletedBlockLogImpl (DeletedBlockLogImpl.java:commitTransactions(205)) - Transaction txId=1 commit by dnId=5d71e5de-6d45-4480-a1f1-d41cc2d38630 for containerID=#1 failed. Corresponding entry not found.
2019-06-13 13:51:09,989 DEBUG block.DeletedBlockLogImpl (DeletedBlockLogImpl.java:isTransactionFailed(245)) - Got block deletion ACK from datanode, TXIDs=1, success=true
2019-06-13 13:51:09,989 WARN  block.DeletedBlockLogImpl (DeletedBlockLogImpl.java:commitTransactions(205)) - Transaction txId=1 commit by dnId=5d71e5de-6d45-4480-a1f1-d41cc2d38630 for containerID=#1 failed. Corresponding entry not found.
2019-06-13 13:51:09,989 DEBUG block.DeletedBlockLogImpl (DeletedBlockLogImpl.java:isTransactionFailed(245)) - Got block deletion ACK from datanode, TXIDs=1, success=true
2019-06-13 13:51:09,989 WARN  block.DeletedBlockLogImpl (DeletedBlockLogImpl.java:commitTransactions(205)) - Transaction txId=1 commit by dnId=5d71e5de-6d45-4480-a1f1-d41cc2d38630 for containerID=#1 failed. Corresponding entry not found.
2019-06-13 13:51:09,989 DEBUG block.DeletedBlockLogImpl (DeletedBlockLogImpl.java:isTransactionFailed(245)) - Got block deletion ACK from datanode, TXIDs=1, success=true
2019-06-13 13:51:09,990 WARN  block.DeletedBlockLogImpl (DeletedBlockLogImpl.java:commitTransactions(205)) - Transaction txId=1 commit by dnId=5d71e5de-6d45-4480-a1f1-d41cc2d38630 for containerID=#1 failed. Corresponding entry not found.
2019-06-13 13:51:10,021 INFO  commands.RetriableDatanodeEventWatcher (RetriableDatanodeEventWatcher.java:onTimeout(47)) - RetriableDatanodeCommand type=deleteBlocksCommand with id=1560433858566 timed out. Retrying.
2019-06-13 13:51:10,032 DEBUG block.SCMBlockDeletingService (SCMBlockDeletingService.java:call(138)) - Running DeletedBlockTransactionScanner
2019-06-13 13:51:10,032 DEBUG block.SCMBlockDeletingService (SCMBlockDeletingService.java:call(155)) - Scanned deleted blocks log and got 0 delTX to process.
2019-06-13 13:51:10,121 INFO  commands.RetriableDatanodeEventWatcher (RetriableDatanodeEventWatcher.java:onTimeout(47)) - RetriableDatanodeCommand type=deleteBlocksCommand with id=1560433858567 timed out. Retrying.
2019-06-13 13:51:10,133 DEBUG block.SCMBlockDeletingService (SCMBlockDeletingService.java:call(138)) - Running DeletedBlockTransactionScanner
2019-06-13 13:51:10,133 DEBUG block.SCMBlockDeletingService (SCMBlockDeletingService.java:call(155)) - Scanned deleted blocks log and got 0 delTX to process.
2019-06-13 13:51:10,183 WARN  block.DeletedBlockLogImpl (DeletedBlockLogImpl.java:incrementCount(141)) - Deleted TXID not found.
2019-06-13 13:51:10,183 WARN  events.EventWatcher (EventWatcher.java:lambda$start$0(110)) - Completion event without active lease. Id=1560433858533
2019-06-13 13:51:10,183 WARN  block.DeletedBlockLogImpl (DeletedBlockLogImpl.java:incrementCount(141)) - Deleted TXID not found.
2019-06-13 13:51:10,183 WARN  events.EventWatcher (EventWatcher.java:lambda$start$0(110)) - Completion event without active lease. Id=1560433858542
2019-06-13 13:51:10,184 WARN  block.DeletedBlockLogImpl (DeletedBlockLogImpl.java:incrementCount(141)) - Deleted TXID not found.
2019-06-13 13:51:10,184 WARN  events.EventWatcher (EventWatcher.java:lambda$start$0(110)) - Completion event without active lease. Id=1560433858543
2019-06-13 13:51:10,184 DEBUG block.DeletedBlockLogImpl (DeletedBlockLogImpl.java:isTransactionFailed(245)) - Got block deletion ACK from datanode, TXIDs=1, success=true
2019-06-13 13:51:10,184 WARN  events.EventWatcher (EventWatcher.java:lambda$start$0(110)) - Completion event without active lease. Id=1560433858523
2019-06-13 13:51:10,184 WARN  block.DeletedBlockLogImpl (DeletedBlockLogImpl.java:commitTransactions(205)) - Transaction txId=1 commit by dnId=5d71e5de-6d45-4480-a1f1-d41cc2d38630 for containerID=#1 failed. Corresponding entry not found.
2019-06-13 13:51:10,184 WARN  block.DeletedBlockLogImpl (DeletedBlockLogImpl.java:incrementCount(141)) - Deleted TXID not found.
2019-06-13 13:51:10,184 WARN  block.DeletedBlockLogImpl (DeletedBlockLogImpl.java:incrementCount(141)) - Deleted TXID not found.
2019-06-13 13:51:10,184 WARN  block.DeletedBlockLogImpl (DeletedBlockLogImpl.java:incrementCount(141)) - Deleted TXID not found.
2019-06-13 13:51:10,184 DEBUG block.DeletedBlockLogImpl (DeletedBlockLogImpl.java:isTransactionFailed(245)) - Got block deletion ACK from datanode, TXIDs=1, success=true
2019-06-13 13:51:10,184 WARN  block.DeletedBlockLogImpl (DeletedBlockLogImpl.java:commitTransactions(205)) - Transaction txId=1 commit by dnId=5d71e5de-6d45-4480-a1f1-d41cc2d38630 for containerID=#1 failed. Corresponding entry not found.
2019-06-13 13:51:10,184 DEBUG block.DeletedBlockLogImpl (DeletedBlockLogImpl.java:isTransactionFailed(245)) - Got block deletion ACK from datanode, TXIDs=1, success=true
2019-06-13 13:51:10,184 WARN  block.DeletedBlockLogImpl (DeletedBlockLogImpl.java:commitTransactions(205)) - Transaction txId=1 commit by dnId=5d71e5de-6d45-4480-a1f1-d41cc2d38630 for containerID=#1 failed. Corresponding entry not found.
2019-06-13 13:51:10,184 DEBUG block.DeletedBlockLogImpl (DeletedBlockLogImpl.java:isTransactionFailed(245)) - Got block deletion ACK from datanode, TXIDs=1, success=true
2019-06-13 13:51:10,184 WARN  block.DeletedBlockLogImpl (DeletedBlockLogImpl.java:commitTransactions(205)) - Transaction txId=1 commit by dnId=5d71e5de-6d45-4480-a1f1-d41cc2d38630 for containerID=#1 failed. Corresponding entry not found.
2019-06-13 13:51:10,184 DEBUG block.DeletedBlockLogImpl (DeletedBlockLogImpl.java:isTransactionFailed(245)) - Got block deletion ACK from datanode, TXIDs=1, success=true
2019-06-13 13:51:10,185 WARN  block.DeletedBlockLogImpl (DeletedBlockLogImpl.java:commitTransactions(205)) - Transaction txId=1 commit by dnId=5d71e5de-6d45-4480-a1f1-d41cc2d38630 for containerID=#1 failed. Corresponding entry not found.
2019-06-13 13:51:10,185 DEBUG block.DeletedBlockLogImpl (DeletedBlockLogImpl.java:isTransactionFailed(245)) - Got block deletion ACK from datanode, TXIDs=1, success=true
2019-06-13 13:51:10,185 WARN  block.DeletedBlockLogImpl (DeletedBlockLogImpl.java:commitTransactions(205)) - Transaction txId=1 commit by dnId=5d71e5de-6d45-4480-a1f1-d41cc2d38630 for containerID=#1 failed. Corresponding entry not found.
2019-06-13 13:51:10,185 DEBUG block.DeletedBlockLogImpl (DeletedBlockLogImpl.java:isTransactionFailed(245)) - Got block deletion ACK from datanode, TXIDs=1, success=true
2019-06-13 13:51:10,185 WARN  block.DeletedBlockLogImpl (DeletedBlockLogImpl.java:commitTransactions(205)) - Transaction txId=1 commit by dnId=5d71e5de-6d45-4480-a1f1-d41cc2d38630 for containerID=#1 failed. Corresponding entry not found.
2019-06-13 13:51:10,185 DEBUG block.DeletedBlockLogImpl (DeletedBlockLogImpl.java:isTransactionFailed(245)) - Got block deletion ACK from datanode, TXIDs=1, success=true
2019-06-13 13:51:10,185 WARN  block.DeletedBlockLogImpl (DeletedBlockLogImpl.java:commitTransactions(205)) - Transaction txId=1 commit by dnId=5d71e5de-6d45-4480-a1f1-d41cc2d38630 for containerID=#1 failed. Corresponding entry not found.
2019-06-13 13:51:10,196 DEBUG block.DeletedBlockLogImpl (DeletedBlockLogImpl.java:isTransactionFailed(245)) - Got block deletion ACK from datanode, TXIDs=1, success=true
2019-06-13 13:51:10,196 WARN  block.DeletedBlockLogImpl (DeletedBlockLogImpl.java:commitTransactions(205)) - Transaction txId=1 commit by dnId=5d71e5de-6d45-4480-a1f1-d41cc2d38630 for containerID=#1 failed. Corresponding entry not found.
2019-06-13 13:51:10,196 DEBUG block.DeletedBlockLogImpl (DeletedBlockLogImpl.java:isTransactionFailed(245)) - Got block deletion ACK from datanode, TXIDs=1, success=true
2019-06-13 13:51:10,196 WARN  block.DeletedBlockLogImpl (DeletedBlockLogImpl.java:commitTransactions(205)) - Transaction txId=1 commit by dnId=5d71e5de-6d45-4480-a1f1-d41cc2d38630 for containerID=#1 failed. Corresponding entry not found.
2019-06-13 13:51:10,233 DEBUG block.SCMBlockDeletingService (SCMBlockDeletingService.java:call(138)) - Running DeletedBlockTransactionScanner
2019-06-13 13:51:10,233 DEBUG block.SCMBlockDeletingService (SCMBlockDeletingService.java:call(155)) - Scanned deleted blocks log and got 0 delTX to process.
2019-06-13 13:51:10,333 DEBUG block.SCMBlockDeletingService (SCMBlockDeletingService.java:call(138)) - Running DeletedBlockTransactionScanner
2019-06-13 13:51:10,333 DEBUG block.SCMBlockDeletingService (SCMBlockDeletingService.java:call(155)) - Scanned deleted blocks log and got 0 delTX to process.
2019-06-13 13:51:10,433 DEBUG block.SCMBlockDeletingService (SCMBlockDeletingService.java:call(138)) - Running DeletedBlockTransactionScanner
2019-06-13 13:51:10,434 DEBUG block.SCMBlockDeletingService (SCMBlockDeletingService.java:call(155)) - Scanned deleted blocks log and got 0 delTX to process.
2019-06-13 13:51:10,534 DEBUG block.SCMBlockDeletingService (SCMBlockDeletingService.java:call(138)) - Running DeletedBlockTransactionScanner
2019-06-13 13:51:10,534 DEBUG block.SCMBlockDeletingService (SCMBlockDeletingService.java:call(155)) - Scanned deleted blocks log and got 0 delTX to process.
2019-06-13 13:51:10,634 DEBUG block.SCMBlockDeletingService (SCMBlockDeletingService.java:call(138)) - Running DeletedBlockTransactionScanner
2019-06-13 13:51:10,634 DEBUG block.SCMBlockDeletingService (SCMBlockDeletingService.java:call(155)) - Scanned deleted blocks log and got 0 delTX to process.
]]></system-out>
    <system-err><![CDATA[ERROR StatusLogger No Log4j 2 configuration file found. Using default configuration (logging only errors to the console), or user programmatically provided configurations. Set system property 'log4j2.debug' to show Log4j 2 internal initialization logging. See https://logging.apache.org/log4j/2.x/manual/configuration.html for instructions on how to configure Log4j 2
Jun 13, 2019 1:50:15 PM com.sun.jersey.server.impl.application.WebApplicationImpl _initiate
INFO: Initiating Jersey application, version 'Jersey: 1.19 02/11/2015 03:25 AM'
Jun 13, 2019 1:51:02 PM com.sun.jersey.server.impl.application.WebApplicationImpl _initiate
INFO: Initiating Jersey application, version 'Jersey: 1.19 02/11/2015 03:25 AM'
]]></system-err>
  </testcase>
</testsuite>