<?xml version="1.0" encoding="UTF-8"?>
<testsuite xmlns:xsi="http://www.w3.org/2001/XMLSchema-instance" xsi:noNamespaceSchemaLocation="https://maven.apache.org/surefire/maven-surefire-plugin/xsd/surefire-test-report.xsd" name="org.apache.hadoop.ozone.client.rpc.TestOzoneClientRetriesOnException" time="27.449" tests="2" errors="1" skipped="0" failures="0">
  <properties>
    <property name="awt.toolkit" value="sun.awt.X11.XToolkit"/>
    <property name="file.encoding.pkg" value="sun.io"/>
    <property name="java.specification.version" value="1.8"/>
    <property name="sun.cpu.isalist" value=""/>
    <property name="sun.jnu.encoding" value="UTF-8"/>
    <property name="java.class.path" value="/opt/src/hadoop-ozone/integration-test/target/test-classes:/opt/src/hadoop-ozone/integration-test/target/classes:/root/.m2/repository/org/apache/hadoop/hadoop-ozone-common/0.5.0-SNAPSHOT/hadoop-ozone-common-0.5.0-SNAPSHOT.jar:/root/.m2/repository/org/apache/commons/commons-compress/1.4.1/commons-compress-1.4.1.jar:/root/.m2/repository/org/tukaani/xz/1.0/xz-1.0.jar:/root/.m2/repository/org/apache/hadoop/hadoop-common/3.2.0/hadoop-common-3.2.0.jar:/root/.m2/repository/org/apache/hadoop/hadoop-hdfs/3.2.0/hadoop-hdfs-3.2.0.jar:/root/.m2/repository/org/apache/hadoop/hadoop-hdfs-client/3.2.0/hadoop-hdfs-client-3.2.0.jar:/root/.m2/repository/com/fasterxml/jackson/core/jackson-annotations/2.9.5/jackson-annotations-2.9.5.jar:/root/.m2/repository/org/apache/hadoop/hadoop-hdds-common/0.5.0-SNAPSHOT/hadoop-hdds-common-0.5.0-SNAPSHOT.jar:/root/.m2/repository/javax/annotation/javax.annotation-api/1.2/javax.annotation-api-1.2.jar:/root/.m2/repository/org/apache/ratis/ratis-server/0.4.0-fe2b15d-SNAPSHOT/ratis-server-0.4.0-fe2b15d-SNAPSHOT.jar:/root/.m2/repository/org/apache/ratis/ratis-thirdparty-misc/0.2.0/ratis-thirdparty-misc-0.2.0.jar:/root/.m2/repository/org/apache/ratis/ratis-proto/0.4.0-fe2b15d-SNAPSHOT/ratis-proto-0.4.0-fe2b15d-SNAPSHOT.jar:/root/.m2/repository/org/apache/ratis/ratis-common/0.4.0-fe2b15d-SNAPSHOT/ratis-common-0.4.0-fe2b15d-SNAPSHOT.jar:/root/.m2/repository/org/apache/ratis/ratis-client/0.4.0-fe2b15d-SNAPSHOT/ratis-client-0.4.0-fe2b15d-SNAPSHOT.jar:/root/.m2/repository/org/apache/ratis/ratis-netty/0.4.0-fe2b15d-SNAPSHOT/ratis-netty-0.4.0-fe2b15d-SNAPSHOT.jar:/root/.m2/repository/org/apache/ratis/ratis-grpc/0.4.0-fe2b15d-SNAPSHOT/ratis-grpc-0.4.0-fe2b15d-SNAPSHOT.jar:/root/.m2/repository/org/rocksdb/rocksdbjni/5.14.2/rocksdbjni-5.14.2.jar:/root/.m2/repository/org/apache/logging/log4j/log4j-api/2.11.0/log4j-api-2.11.0.jar:/root/.m2/repository/org/apache/logging/log4j/log4j-core/2.11.0/log4j-core-2.11.0.jar:/root/.m2/repository/com/lmax/disruptor/3.4.2/disruptor-3.4.2.jar:/root/.m2/repository/org/apache/commons/commons-pool2/2.6.0/commons-pool2-2.6.0.jar:/root/.m2/repository/org/bouncycastle/bcpkix-jdk15on/1.60/bcpkix-jdk15on-1.60.jar:/root/.m2/repository/commons-validator/commons-validator/1.6/commons-validator-1.6.jar:/root/.m2/repository/commons-digester/commons-digester/1.8.1/commons-digester-1.8.1.jar:/root/.m2/repository/io/jaegertracing/jaeger-client/0.33.1/jaeger-client-0.33.1.jar:/root/.m2/repository/io/jaegertracing/jaeger-thrift/0.33.1/jaeger-thrift-0.33.1.jar:/root/.m2/repository/org/apache/thrift/libthrift/0.11.0/libthrift-0.11.0.jar:/root/.m2/repository/com/squareup/okhttp3/okhttp/3.9.0/okhttp-3.9.0.jar:/root/.m2/repository/com/squareup/okio/okio/1.13.0/okio-1.13.0.jar:/root/.m2/repository/io/jaegertracing/jaeger-core/0.33.1/jaeger-core-0.33.1.jar:/root/.m2/repository/io/jaegertracing/jaeger-tracerresolver/0.33.1/jaeger-tracerresolver-0.33.1.jar:/root/.m2/repository/io/opentracing/contrib/opentracing-tracerresolver/0.1.5/opentracing-tracerresolver-0.1.5.jar:/root/.m2/repository/io/opentracing/opentracing-util/0.31.0/opentracing-util-0.31.0.jar:/root/.m2/repository/io/opentracing/opentracing-api/0.31.0/opentracing-api-0.31.0.jar:/root/.m2/repository/io/opentracing/opentracing-noop/0.31.0/opentracing-noop-0.31.0.jar:/root/.m2/repository/org/apache/hadoop/hadoop-hdds-server-framework/0.5.0-SNAPSHOT/hadoop-hdds-server-framework-0.5.0-SNAPSHOT.jar:/root/.m2/repository/org/apache/hadoop/hadoop-hdds-server-scm/0.5.0-SNAPSHOT/hadoop-hdds-server-scm-0.5.0-SNAPSHOT.jar:/root/.m2/repository/org/apache/hadoop/hadoop-hdds-container-service/0.5.0-SNAPSHOT/hadoop-hdds-container-service-0.5.0-SNAPSHOT.jar:/root/.m2/repository/org/apache/hadoop/hadoop-hdds-client/0.5.0-SNAPSHOT/hadoop-hdds-client-0.5.0-SNAPSHOT.jar:/root/.m2/repository/org/apache/hadoop/hadoop-hdds-tools/0.5.0-SNAPSHOT/hadoop-hdds-tools-0.5.0-SNAPSHOT.jar:/root/.m2/repository/org/apache/hadoop/hadoop-ozone-ozone-manager/0.5.0-SNAPSHOT/hadoop-ozone-ozone-manager-0.5.0-SNAPSHOT.jar:/root/.m2/repository/org/apache/hadoop/hadoop-hdds-docs/0.5.0-SNAPSHOT/hadoop-hdds-docs-0.5.0-SNAPSHOT.jar:/root/.m2/repository/org/bouncycastle/bcprov-jdk15on/1.60/bcprov-jdk15on-1.60.jar:/root/.m2/repository/org/apache/hadoop/hadoop-minikdc/3.2.0/hadoop-minikdc-3.2.0.jar:/root/.m2/repository/commons-io/commons-io/2.5/commons-io-2.5.jar:/root/.m2/repository/org/apache/kerby/kerb-simplekdc/1.0.1/kerb-simplekdc-1.0.1.jar:/root/.m2/repository/org/apache/kerby/kerb-client/1.0.1/kerb-client-1.0.1.jar:/root/.m2/repository/org/apache/kerby/kerby-config/1.0.1/kerby-config-1.0.1.jar:/root/.m2/repository/org/apache/kerby/kerb-core/1.0.1/kerb-core-1.0.1.jar:/root/.m2/repository/org/apache/kerby/kerby-pkix/1.0.1/kerby-pkix-1.0.1.jar:/root/.m2/repository/org/apache/kerby/kerby-asn1/1.0.1/kerby-asn1-1.0.1.jar:/root/.m2/repository/org/apache/kerby/kerby-util/1.0.1/kerby-util-1.0.1.jar:/root/.m2/repository/org/apache/kerby/kerb-common/1.0.1/kerb-common-1.0.1.jar:/root/.m2/repository/org/apache/kerby/kerb-crypto/1.0.1/kerb-crypto-1.0.1.jar:/root/.m2/repository/org/apache/kerby/kerb-util/1.0.1/kerb-util-1.0.1.jar:/root/.m2/repository/org/apache/kerby/token-provider/1.0.1/token-provider-1.0.1.jar:/root/.m2/repository/org/apache/kerby/kerb-admin/1.0.1/kerb-admin-1.0.1.jar:/root/.m2/repository/org/apache/kerby/kerb-server/1.0.1/kerb-server-1.0.1.jar:/root/.m2/repository/org/apache/kerby/kerb-identity/1.0.1/kerb-identity-1.0.1.jar:/root/.m2/repository/org/apache/kerby/kerby-xdr/1.0.1/kerby-xdr-1.0.1.jar:/root/.m2/repository/org/slf4j/slf4j-log4j12/1.7.25/slf4j-log4j12-1.7.25.jar:/root/.m2/repository/org/apache/hadoop/hadoop-ozone-objectstore-service/0.5.0-SNAPSHOT/hadoop-ozone-objectstore-service-0.5.0-SNAPSHOT.jar:/root/.m2/repository/org/apache/hadoop/hadoop-ozone-s3gateway/0.5.0-SNAPSHOT/hadoop-ozone-s3gateway-0.5.0-SNAPSHOT.jar:/root/.m2/repository/org/jboss/weld/servlet/weld-servlet/2.4.7.Final/weld-servlet-2.4.7.Final.jar:/root/.m2/repository/org/glassfish/jersey/containers/jersey-container-servlet-core/2.27/jersey-container-servlet-core-2.27.jar:/root/.m2/repository/org/glassfish/hk2/external/javax.inject/2.5.0-b42/javax.inject-2.5.0-b42.jar:/root/.m2/repository/org/glassfish/jersey/core/jersey-common/2.27/jersey-common-2.27.jar:/root/.m2/repository/org/glassfish/hk2/osgi-resource-locator/1.0.1/osgi-resource-locator-1.0.1.jar:/root/.m2/repository/javax/ws/rs/javax.ws.rs-api/2.1/javax.ws.rs-api-2.1.jar:/root/.m2/repository/org/glassfish/jersey/ext/cdi/jersey-cdi1x/2.27/jersey-cdi1x-2.27.jar:/root/.m2/repository/org/glassfish/jersey/inject/jersey-hk2/2.27/jersey-hk2-2.27.jar:/root/.m2/repository/org/glassfish/hk2/hk2-locator/2.5.0-b42/hk2-locator-2.5.0-b42.jar:/root/.m2/repository/org/javassist/javassist/3.22.0-CR2/javassist-3.22.0-CR2.jar:/root/.m2/repository/org/glassfish/hk2/hk2-api/2.5.0/hk2-api-2.5.0.jar:/root/.m2/repository/org/glassfish/hk2/external/jakarta.inject/2.5.0/jakarta.inject-2.5.0.jar:/root/.m2/repository/org/glassfish/hk2/hk2-utils/2.5.0/hk2-utils-2.5.0.jar:/root/.m2/repository/jakarta/annotation/jakarta.annotation-api/1.3.4/jakarta.annotation-api-1.3.4.jar:/root/.m2/repository/org/glassfish/hk2/external/aopalliance-repackaged/2.5.0/aopalliance-repackaged-2.5.0.jar:/root/.m2/repository/com/fasterxml/jackson/dataformat/jackson-dataformat-xml/2.9.0/jackson-dataformat-xml-2.9.0.jar:/root/.m2/repository/com/fasterxml/jackson/core/jackson-core/2.9.5/jackson-core-2.9.5.jar:/root/.m2/repository/com/fasterxml/jackson/module/jackson-module-jaxb-annotations/2.9.5/jackson-module-jaxb-annotations-2.9.5.jar:/root/.m2/repository/javax/enterprise/cdi-api/1.2/cdi-api-1.2.jar:/root/.m2/repository/javax/el/javax.el-api/3.0.0/javax.el-api-3.0.0.jar:/root/.m2/repository/javax/interceptor/javax.interceptor-api/1.2/javax.interceptor-api-1.2.jar:/root/.m2/repository/javax/inject/javax.inject/1/javax.inject-1.jar:/root/.m2/repository/com/sun/xml/bind/jaxb-impl/2.3.0.1/jaxb-impl-2.3.0.1.jar:/root/.m2/repository/com/sun/xml/bind/jaxb-core/2.3.0.1/jaxb-core-2.3.0.1.jar:/root/.m2/repository/javax/xml/bind/jaxb-api/2.3.0/jaxb-api-2.3.0.jar:/root/.m2/repository/javax/activation/activation/1.1.1/activation-1.1.1.jar:/root/.m2/repository/org/apache/hadoop/hadoop-ozone-csi/0.5.0-SNAPSHOT/hadoop-ozone-csi-0.5.0-SNAPSHOT.jar:/root/.m2/repository/com/google/protobuf/protobuf-java-util/3.5.1/protobuf-java-util-3.5.1.jar:/root/.m2/repository/org/apache/hadoop/hadoop-hdds-config/0.5.0-SNAPSHOT/hadoop-hdds-config-0.5.0-SNAPSHOT.jar:/root/.m2/repository/com/google/guava/guava/11.0.2/guava-11.0.2.jar:/root/.m2/repository/com/google/protobuf/protobuf-java/2.5.0/protobuf-java-2.5.0.jar:/root/.m2/repository/io/grpc/grpc-netty/1.17.1/grpc-netty-1.17.1.jar:/root/.m2/repository/io/grpc/grpc-core/1.17.1/grpc-core-1.17.1.jar:/root/.m2/repository/io/grpc/grpc-context/1.17.1/grpc-context-1.17.1.jar:/root/.m2/repository/com/google/errorprone/error_prone_annotations/2.2.0/error_prone_annotations-2.2.0.jar:/root/.m2/repository/org/codehaus/mojo/animal-sniffer-annotations/1.17/animal-sniffer-annotations-1.17.jar:/root/.m2/repository/io/opencensus/opencensus-api/0.17.0/opencensus-api-0.17.0.jar:/root/.m2/repository/io/opencensus/opencensus-contrib-grpc-metrics/0.17.0/opencensus-contrib-grpc-metrics-0.17.0.jar:/root/.m2/repository/io/netty/netty-codec-http2/4.1.30.Final/netty-codec-http2-4.1.30.Final.jar:/root/.m2/repository/io/netty/netty-codec-http/4.1.30.Final/netty-codec-http-4.1.30.Final.jar:/root/.m2/repository/io/netty/netty-codec/4.1.30.Final/netty-codec-4.1.30.Final.jar:/root/.m2/repository/io/netty/netty-handler/4.1.30.Final/netty-handler-4.1.30.Final.jar:/root/.m2/repository/io/netty/netty-handler-proxy/4.1.30.Final/netty-handler-proxy-4.1.30.Final.jar:/root/.m2/repository/io/netty/netty-codec-socks/4.1.30.Final/netty-codec-socks-4.1.30.Final.jar:/root/.m2/repository/io/netty/netty-transport-native-epoll/4.1.30.Final/netty-transport-native-epoll-4.1.30.Final.jar:/root/.m2/repository/io/netty/netty-common/4.1.30.Final/netty-common-4.1.30.Final.jar:/root/.m2/repository/io/netty/netty-buffer/4.1.30.Final/netty-buffer-4.1.30.Final.jar:/root/.m2/repository/io/netty/netty-transport/4.1.30.Final/netty-transport-4.1.30.Final.jar:/root/.m2/repository/io/netty/netty-resolver/4.1.30.Final/netty-resolver-4.1.30.Final.jar:/root/.m2/repository/io/netty/netty-transport-native-unix-common/4.1.30.Final/netty-transport-native-unix-common-4.1.30.Final.jar:/root/.m2/repository/io/grpc/grpc-protobuf/1.17.1/grpc-protobuf-1.17.1.jar:/root/.m2/repository/com/google/api/grpc/proto-google-common-protos/1.0.0/proto-google-common-protos-1.0.0.jar:/root/.m2/repository/io/grpc/grpc-protobuf-lite/1.17.1/grpc-protobuf-lite-1.17.1.jar:/root/.m2/repository/io/grpc/grpc-stub/1.17.1/grpc-stub-1.17.1.jar:/root/.m2/repository/org/apache/hadoop/hadoop-ozone-recon/0.5.0-SNAPSHOT/hadoop-ozone-recon-0.5.0-SNAPSHOT.jar:/root/.m2/repository/org/apache/hadoop/hadoop-ozone-reconcodegen/0.5.0-SNAPSHOT/hadoop-ozone-reconcodegen-0.5.0-SNAPSHOT.jar:/root/.m2/repository/com/google/inject/extensions/guice-multibindings/4.0/guice-multibindings-4.0.jar:/root/.m2/repository/com/google/inject/guice/4.0/guice-4.0.jar:/root/.m2/repository/aopalliance/aopalliance/1.0/aopalliance-1.0.jar:/root/.m2/repository/com/google/inject/extensions/guice-servlet/4.0/guice-servlet-4.0.jar:/root/.m2/repository/org/glassfish/jersey/containers/jersey-container-servlet/2.27/jersey-container-servlet-2.27.jar:/root/.m2/repository/org/glassfish/hk2/guice-bridge/2.5.0/guice-bridge-2.5.0.jar:/root/.m2/repository/org/glassfish/jersey/core/jersey-server/2.27/jersey-server-2.27.jar:/root/.m2/repository/org/glassfish/jersey/core/jersey-client/2.27/jersey-client-2.27.jar:/root/.m2/repository/org/glassfish/jersey/media/jersey-media-jaxb/2.27/jersey-media-jaxb-2.27.jar:/root/.m2/repository/javax/validation/validation-api/1.1.0.Final/validation-api-1.1.0.Final.jar:/root/.m2/repository/org/glassfish/jersey/media/jersey-media-json-jackson/2.27/jersey-media-json-jackson-2.27.jar:/root/.m2/repository/org/glassfish/jersey/ext/jersey-entity-filtering/2.27/jersey-entity-filtering-2.27.jar:/root/.m2/repository/com/google/inject/extensions/guice-assistedinject/4.0/guice-assistedinject-4.0.jar:/root/.m2/repository/org/jooq/jooq/3.11.10/jooq-3.11.10.jar:/root/.m2/repository/org/jooq/jooq-meta/3.11.10/jooq-meta-3.11.10.jar:/root/.m2/repository/org/jooq/jooq-codegen/3.11.10/jooq-codegen-3.11.10.jar:/root/.m2/repository/com/jolbox/bonecp/0.8.0.RELEASE/bonecp-0.8.0.RELEASE.jar:/root/.m2/repository/org/xerial/sqlite-jdbc/3.25.2/sqlite-jdbc-3.25.2.jar:/root/.m2/repository/org/springframework/spring-jdbc/5.1.3.RELEASE/spring-jdbc-5.1.3.RELEASE.jar:/root/.m2/repository/org/springframework/spring-beans/5.1.3.RELEASE/spring-beans-5.1.3.RELEASE.jar:/root/.m2/repository/org/springframework/spring-core/5.1.3.RELEASE/spring-core-5.1.3.RELEASE.jar:/root/.m2/repository/org/springframework/spring-jcl/5.1.3.RELEASE/spring-jcl-5.1.3.RELEASE.jar:/root/.m2/repository/org/springframework/spring-tx/5.1.3.RELEASE/spring-tx-5.1.3.RELEASE.jar:/root/.m2/repository/org/apache/hadoop/hadoop-ozone-client/0.5.0-SNAPSHOT/hadoop-ozone-client-0.5.0-SNAPSHOT.jar:/root/.m2/repository/org/apache/hadoop/hadoop-ozone-ozone-manager/0.5.0-SNAPSHOT/hadoop-ozone-ozone-manager-0.5.0-SNAPSHOT-tests.jar:/root/.m2/repository/junit/junit/4.11/junit-4.11.jar:/root/.m2/repository/org/hamcrest/hamcrest-core/1.3/hamcrest-core-1.3.jar:/root/.m2/repository/org/openjdk/jmh/jmh-core/1.19/jmh-core-1.19.jar:/root/.m2/repository/net/sf/jopt-simple/jopt-simple/4.6/jopt-simple-4.6.jar:/root/.m2/repository/org/apache/commons/commons-math3/3.1.1/commons-math3-3.1.1.jar:/root/.m2/repository/org/openjdk/jmh/jmh-generator-annprocess/1.19/jmh-generator-annprocess-1.19.jar:/root/.m2/repository/org/mockito/mockito-all/1.8.5/mockito-all-1.8.5.jar:/root/.m2/repository/org/apache/hadoop/hadoop-kms/3.2.0/hadoop-kms-3.2.0.jar:/root/.m2/repository/org/apache/hadoop/hadoop-auth/3.2.0/hadoop-auth-3.2.0.jar:/root/.m2/repository/com/nimbusds/nimbus-jose-jwt/4.41.1/nimbus-jose-jwt-4.41.1.jar:/root/.m2/repository/com/github/stephenc/jcip/jcip-annotations/1.0-1/jcip-annotations-1.0-1.jar:/root/.m2/repository/net/minidev/json-smart/2.3/json-smart-2.3.jar:/root/.m2/repository/net/minidev/accessors-smart/1.2/accessors-smart-1.2.jar:/root/.m2/repository/org/ow2/asm/asm/5.0.4/asm-5.0.4.jar:/root/.m2/repository/org/apache/curator/curator-framework/2.12.0/curator-framework-2.12.0.jar:/root/.m2/repository/com/sun/jersey/jersey-core/1.19/jersey-core-1.19.jar:/root/.m2/repository/javax/ws/rs/jsr311-api/1.1.1/jsr311-api-1.1.1.jar:/root/.m2/repository/com/sun/jersey/jersey-server/1.19/jersey-server-1.19.jar:/root/.m2/repository/javax/servlet/javax.servlet-api/3.1.0/javax.servlet-api-3.1.0.jar:/root/.m2/repository/org/eclipse/jetty/jetty-server/9.3.24.v20180605/jetty-server-9.3.24.v20180605.jar:/root/.m2/repository/org/eclipse/jetty/jetty-http/9.3.24.v20180605/jetty-http-9.3.24.v20180605.jar:/root/.m2/repository/org/eclipse/jetty/jetty-io/9.3.24.v20180605/jetty-io-9.3.24.v20180605.jar:/root/.m2/repository/org/eclipse/jetty/jetty-webapp/9.3.24.v20180605/jetty-webapp-9.3.24.v20180605.jar:/root/.m2/repository/org/eclipse/jetty/jetty-xml/9.3.24.v20180605/jetty-xml-9.3.24.v20180605.jar:/root/.m2/repository/log4j/log4j/1.2.17/log4j-1.2.17.jar:/root/.m2/repository/org/slf4j/slf4j-api/1.7.25/slf4j-api-1.7.25.jar:/root/.m2/repository/org/slf4j/jul-to-slf4j/1.7.25/jul-to-slf4j-1.7.25.jar:/root/.m2/repository/org/eclipse/jetty/jetty-util/9.3.24.v20180605/jetty-util-9.3.24.v20180605.jar:/root/.m2/repository/io/dropwizard/metrics/metrics-core/3.2.4/metrics-core-3.2.4.jar:/root/.m2/repository/com/fasterxml/jackson/core/jackson-databind/2.9.5/jackson-databind-2.9.5.jar:/root/.m2/repository/org/apache/hadoop/hadoop-kms/3.2.0/hadoop-kms-3.2.0-tests.jar:/root/.m2/repository/org/apache/hadoop/hadoop-hdds-server-scm/0.5.0-SNAPSHOT/hadoop-hdds-server-scm-0.5.0-SNAPSHOT-tests.jar:/root/.m2/repository/org/hamcrest/hamcrest-all/1.3/hamcrest-all-1.3.jar:/root/.m2/repository/info/picocli/picocli/3.9.6/picocli-3.9.6.jar:/root/.m2/repository/org/apache/hadoop/hadoop-hdds-container-service/0.5.0-SNAPSHOT/hadoop-hdds-container-service-0.5.0-SNAPSHOT-tests.jar:/root/.m2/repository/org/yaml/snakeyaml/1.16/snakeyaml-1.16.jar:/root/.m2/repository/org/apache/hadoop/hadoop-common/3.2.0/hadoop-common-3.2.0-tests.jar:/root/.m2/repository/org/apache/hadoop/hadoop-annotations/3.2.0/hadoop-annotations-3.2.0.jar:/usr/lib/jvm/java-1.8-openjdk/jre/../lib/tools.jar:/root/.m2/repository/commons-cli/commons-cli/1.2/commons-cli-1.2.jar:/root/.m2/repository/org/apache/httpcomponents/httpclient/4.5.2/httpclient-4.5.2.jar:/root/.m2/repository/org/apache/httpcomponents/httpcore/4.4.4/httpcore-4.4.4.jar:/root/.m2/repository/commons-codec/commons-codec/1.11/commons-codec-1.11.jar:/root/.m2/repository/commons-net/commons-net/3.6/commons-net-3.6.jar:/root/.m2/repository/commons-collections/commons-collections/3.2.2/commons-collections-3.2.2.jar:/root/.m2/repository/org/eclipse/jetty/jetty-servlet/9.3.24.v20180605/jetty-servlet-9.3.24.v20180605.jar:/root/.m2/repository/org/eclipse/jetty/jetty-security/9.3.24.v20180605/jetty-security-9.3.24.v20180605.jar:/root/.m2/repository/javax/servlet/jsp/jsp-api/2.1/jsp-api-2.1.jar:/root/.m2/repository/com/sun/jersey/jersey-servlet/1.19/jersey-servlet-1.19.jar:/root/.m2/repository/com/sun/jersey/jersey-json/1.19/jersey-json-1.19.jar:/root/.m2/repository/org/codehaus/jettison/jettison/1.1/jettison-1.1.jar:/root/.m2/repository/org/codehaus/jackson/jackson-core-asl/1.9.13/jackson-core-asl-1.9.13.jar:/root/.m2/repository/org/codehaus/jackson/jackson-mapper-asl/1.9.13/jackson-mapper-asl-1.9.13.jar:/root/.m2/repository/org/codehaus/jackson/jackson-jaxrs/1.9.13/jackson-jaxrs-1.9.13.jar:/root/.m2/repository/org/codehaus/jackson/jackson-xc/1.9.13/jackson-xc-1.9.13.jar:/root/.m2/repository/commons-logging/commons-logging/1.1.3/commons-logging-1.1.3.jar:/root/.m2/repository/commons-beanutils/commons-beanutils/1.9.3/commons-beanutils-1.9.3.jar:/root/.m2/repository/org/apache/commons/commons-configuration2/2.1.1/commons-configuration2-2.1.1.jar:/root/.m2/repository/org/apache/commons/commons-lang3/3.7/commons-lang3-3.7.jar:/root/.m2/repository/org/apache/commons/commons-text/1.4/commons-text-1.4.jar:/root/.m2/repository/org/apache/avro/avro/1.7.7/avro-1.7.7.jar:/root/.m2/repository/com/thoughtworks/paranamer/paranamer/2.3/paranamer-2.3.jar:/root/.m2/repository/org/xerial/snappy/snappy-java/1.0.5/snappy-java-1.0.5.jar:/root/.m2/repository/com/google/re2j/re2j/1.1/re2j-1.1.jar:/root/.m2/repository/com/google/code/gson/gson/2.2.4/gson-2.2.4.jar:/root/.m2/repository/com/jcraft/jsch/0.1.54/jsch-0.1.54.jar:/root/.m2/repository/org/apache/curator/curator-client/2.12.0/curator-client-2.12.0.jar:/root/.m2/repository/org/apache/curator/curator-recipes/2.12.0/curator-recipes-2.12.0.jar:/root/.m2/repository/com/google/code/findbugs/jsr305/3.0.0/jsr305-3.0.0.jar:/root/.m2/repository/org/apache/htrace/htrace-core4/4.1.0-incubating/htrace-core4-4.1.0-incubating.jar:/root/.m2/repository/org/apache/zookeeper/zookeeper/3.4.13/zookeeper-3.4.13.jar:/root/.m2/repository/org/apache/yetus/audience-annotations/0.5.0/audience-annotations-0.5.0.jar:/root/.m2/repository/org/codehaus/woodstox/stax2-api/3.1.4/stax2-api-3.1.4.jar:/root/.m2/repository/com/fasterxml/woodstox/woodstox-core/5.0.3/woodstox-core-5.0.3.jar:/root/.m2/repository/dnsjava/dnsjava/2.1.7/dnsjava-2.1.7.jar:/root/.m2/repository/org/apache/hadoop/hadoop-hdfs/3.2.0/hadoop-hdfs-3.2.0-tests.jar:/root/.m2/repository/org/eclipse/jetty/jetty-util-ajax/9.3.24.v20180605/jetty-util-ajax-9.3.24.v20180605.jar:/root/.m2/repository/commons-daemon/commons-daemon/1.0.13/commons-daemon-1.0.13.jar:/root/.m2/repository/io/netty/netty/3.10.5.Final/netty-3.10.5.Final.jar:/root/.m2/repository/io/netty/netty-all/4.0.52.Final/netty-all-4.0.52.Final.jar:/root/.m2/repository/org/fusesource/leveldbjni/leveldbjni-all/1.8/leveldbjni-all-1.8.jar:"/>
    <property name="java.vm.vendor" value="IcedTea"/>
    <property name="sun.arch.data.model" value="64"/>
    <property name="test.build.dir" value="/opt/src/hadoop-ozone/integration-test/target/test-dir"/>
    <property name="test.cache.data" value=""/>
    <property name="java.vendor.url" value="https://icedtea.classpath.org"/>
    <property name="user.timezone" value=""/>
    <property name="java.vm.specification.version" value="1.8"/>
    <property name="os.name" value="Linux"/>
    <property name="test.build.data" value="/opt/src/hadoop-ozone/integration-test/target/test-dir"/>
    <property name="user.country" value="US"/>
    <property name="sun.java.launcher" value="SUN_STANDARD"/>
    <property name="sun.boot.library.path" value="/usr/lib/jvm/java-1.8-openjdk/jre/lib/amd64"/>
    <property name="sun.java.command" value="/opt/src/hadoop-ozone/integration-test/target/surefire/surefirebooter7567578485530168915.jar /opt/src/hadoop-ozone/integration-test/target/surefire 2019-06-12T21-19-48_213-jvmRun1 surefire1327591206140897231tmp surefire_254128536314717604145tmp"/>
    <property name="surefire.test.class.path" value="/opt/src/hadoop-ozone/integration-test/target/test-classes:/opt/src/hadoop-ozone/integration-test/target/classes:/root/.m2/repository/org/apache/hadoop/hadoop-ozone-common/0.5.0-SNAPSHOT/hadoop-ozone-common-0.5.0-SNAPSHOT.jar:/root/.m2/repository/org/apache/commons/commons-compress/1.4.1/commons-compress-1.4.1.jar:/root/.m2/repository/org/tukaani/xz/1.0/xz-1.0.jar:/root/.m2/repository/org/apache/hadoop/hadoop-common/3.2.0/hadoop-common-3.2.0.jar:/root/.m2/repository/org/apache/hadoop/hadoop-hdfs/3.2.0/hadoop-hdfs-3.2.0.jar:/root/.m2/repository/org/apache/hadoop/hadoop-hdfs-client/3.2.0/hadoop-hdfs-client-3.2.0.jar:/root/.m2/repository/com/fasterxml/jackson/core/jackson-annotations/2.9.5/jackson-annotations-2.9.5.jar:/root/.m2/repository/org/apache/hadoop/hadoop-hdds-common/0.5.0-SNAPSHOT/hadoop-hdds-common-0.5.0-SNAPSHOT.jar:/root/.m2/repository/javax/annotation/javax.annotation-api/1.2/javax.annotation-api-1.2.jar:/root/.m2/repository/org/apache/ratis/ratis-server/0.4.0-fe2b15d-SNAPSHOT/ratis-server-0.4.0-fe2b15d-SNAPSHOT.jar:/root/.m2/repository/org/apache/ratis/ratis-thirdparty-misc/0.2.0/ratis-thirdparty-misc-0.2.0.jar:/root/.m2/repository/org/apache/ratis/ratis-proto/0.4.0-fe2b15d-SNAPSHOT/ratis-proto-0.4.0-fe2b15d-SNAPSHOT.jar:/root/.m2/repository/org/apache/ratis/ratis-common/0.4.0-fe2b15d-SNAPSHOT/ratis-common-0.4.0-fe2b15d-SNAPSHOT.jar:/root/.m2/repository/org/apache/ratis/ratis-client/0.4.0-fe2b15d-SNAPSHOT/ratis-client-0.4.0-fe2b15d-SNAPSHOT.jar:/root/.m2/repository/org/apache/ratis/ratis-netty/0.4.0-fe2b15d-SNAPSHOT/ratis-netty-0.4.0-fe2b15d-SNAPSHOT.jar:/root/.m2/repository/org/apache/ratis/ratis-grpc/0.4.0-fe2b15d-SNAPSHOT/ratis-grpc-0.4.0-fe2b15d-SNAPSHOT.jar:/root/.m2/repository/org/rocksdb/rocksdbjni/5.14.2/rocksdbjni-5.14.2.jar:/root/.m2/repository/org/apache/logging/log4j/log4j-api/2.11.0/log4j-api-2.11.0.jar:/root/.m2/repository/org/apache/logging/log4j/log4j-core/2.11.0/log4j-core-2.11.0.jar:/root/.m2/repository/com/lmax/disruptor/3.4.2/disruptor-3.4.2.jar:/root/.m2/repository/org/apache/commons/commons-pool2/2.6.0/commons-pool2-2.6.0.jar:/root/.m2/repository/org/bouncycastle/bcpkix-jdk15on/1.60/bcpkix-jdk15on-1.60.jar:/root/.m2/repository/commons-validator/commons-validator/1.6/commons-validator-1.6.jar:/root/.m2/repository/commons-digester/commons-digester/1.8.1/commons-digester-1.8.1.jar:/root/.m2/repository/io/jaegertracing/jaeger-client/0.33.1/jaeger-client-0.33.1.jar:/root/.m2/repository/io/jaegertracing/jaeger-thrift/0.33.1/jaeger-thrift-0.33.1.jar:/root/.m2/repository/org/apache/thrift/libthrift/0.11.0/libthrift-0.11.0.jar:/root/.m2/repository/com/squareup/okhttp3/okhttp/3.9.0/okhttp-3.9.0.jar:/root/.m2/repository/com/squareup/okio/okio/1.13.0/okio-1.13.0.jar:/root/.m2/repository/io/jaegertracing/jaeger-core/0.33.1/jaeger-core-0.33.1.jar:/root/.m2/repository/io/jaegertracing/jaeger-tracerresolver/0.33.1/jaeger-tracerresolver-0.33.1.jar:/root/.m2/repository/io/opentracing/contrib/opentracing-tracerresolver/0.1.5/opentracing-tracerresolver-0.1.5.jar:/root/.m2/repository/io/opentracing/opentracing-util/0.31.0/opentracing-util-0.31.0.jar:/root/.m2/repository/io/opentracing/opentracing-api/0.31.0/opentracing-api-0.31.0.jar:/root/.m2/repository/io/opentracing/opentracing-noop/0.31.0/opentracing-noop-0.31.0.jar:/root/.m2/repository/org/apache/hadoop/hadoop-hdds-server-framework/0.5.0-SNAPSHOT/hadoop-hdds-server-framework-0.5.0-SNAPSHOT.jar:/root/.m2/repository/org/apache/hadoop/hadoop-hdds-server-scm/0.5.0-SNAPSHOT/hadoop-hdds-server-scm-0.5.0-SNAPSHOT.jar:/root/.m2/repository/org/apache/hadoop/hadoop-hdds-container-service/0.5.0-SNAPSHOT/hadoop-hdds-container-service-0.5.0-SNAPSHOT.jar:/root/.m2/repository/org/apache/hadoop/hadoop-hdds-client/0.5.0-SNAPSHOT/hadoop-hdds-client-0.5.0-SNAPSHOT.jar:/root/.m2/repository/org/apache/hadoop/hadoop-hdds-tools/0.5.0-SNAPSHOT/hadoop-hdds-tools-0.5.0-SNAPSHOT.jar:/root/.m2/repository/org/apache/hadoop/hadoop-ozone-ozone-manager/0.5.0-SNAPSHOT/hadoop-ozone-ozone-manager-0.5.0-SNAPSHOT.jar:/root/.m2/repository/org/apache/hadoop/hadoop-hdds-docs/0.5.0-SNAPSHOT/hadoop-hdds-docs-0.5.0-SNAPSHOT.jar:/root/.m2/repository/org/bouncycastle/bcprov-jdk15on/1.60/bcprov-jdk15on-1.60.jar:/root/.m2/repository/org/apache/hadoop/hadoop-minikdc/3.2.0/hadoop-minikdc-3.2.0.jar:/root/.m2/repository/commons-io/commons-io/2.5/commons-io-2.5.jar:/root/.m2/repository/org/apache/kerby/kerb-simplekdc/1.0.1/kerb-simplekdc-1.0.1.jar:/root/.m2/repository/org/apache/kerby/kerb-client/1.0.1/kerb-client-1.0.1.jar:/root/.m2/repository/org/apache/kerby/kerby-config/1.0.1/kerby-config-1.0.1.jar:/root/.m2/repository/org/apache/kerby/kerb-core/1.0.1/kerb-core-1.0.1.jar:/root/.m2/repository/org/apache/kerby/kerby-pkix/1.0.1/kerby-pkix-1.0.1.jar:/root/.m2/repository/org/apache/kerby/kerby-asn1/1.0.1/kerby-asn1-1.0.1.jar:/root/.m2/repository/org/apache/kerby/kerby-util/1.0.1/kerby-util-1.0.1.jar:/root/.m2/repository/org/apache/kerby/kerb-common/1.0.1/kerb-common-1.0.1.jar:/root/.m2/repository/org/apache/kerby/kerb-crypto/1.0.1/kerb-crypto-1.0.1.jar:/root/.m2/repository/org/apache/kerby/kerb-util/1.0.1/kerb-util-1.0.1.jar:/root/.m2/repository/org/apache/kerby/token-provider/1.0.1/token-provider-1.0.1.jar:/root/.m2/repository/org/apache/kerby/kerb-admin/1.0.1/kerb-admin-1.0.1.jar:/root/.m2/repository/org/apache/kerby/kerb-server/1.0.1/kerb-server-1.0.1.jar:/root/.m2/repository/org/apache/kerby/kerb-identity/1.0.1/kerb-identity-1.0.1.jar:/root/.m2/repository/org/apache/kerby/kerby-xdr/1.0.1/kerby-xdr-1.0.1.jar:/root/.m2/repository/org/slf4j/slf4j-log4j12/1.7.25/slf4j-log4j12-1.7.25.jar:/root/.m2/repository/org/apache/hadoop/hadoop-ozone-objectstore-service/0.5.0-SNAPSHOT/hadoop-ozone-objectstore-service-0.5.0-SNAPSHOT.jar:/root/.m2/repository/org/apache/hadoop/hadoop-ozone-s3gateway/0.5.0-SNAPSHOT/hadoop-ozone-s3gateway-0.5.0-SNAPSHOT.jar:/root/.m2/repository/org/jboss/weld/servlet/weld-servlet/2.4.7.Final/weld-servlet-2.4.7.Final.jar:/root/.m2/repository/org/glassfish/jersey/containers/jersey-container-servlet-core/2.27/jersey-container-servlet-core-2.27.jar:/root/.m2/repository/org/glassfish/hk2/external/javax.inject/2.5.0-b42/javax.inject-2.5.0-b42.jar:/root/.m2/repository/org/glassfish/jersey/core/jersey-common/2.27/jersey-common-2.27.jar:/root/.m2/repository/org/glassfish/hk2/osgi-resource-locator/1.0.1/osgi-resource-locator-1.0.1.jar:/root/.m2/repository/javax/ws/rs/javax.ws.rs-api/2.1/javax.ws.rs-api-2.1.jar:/root/.m2/repository/org/glassfish/jersey/ext/cdi/jersey-cdi1x/2.27/jersey-cdi1x-2.27.jar:/root/.m2/repository/org/glassfish/jersey/inject/jersey-hk2/2.27/jersey-hk2-2.27.jar:/root/.m2/repository/org/glassfish/hk2/hk2-locator/2.5.0-b42/hk2-locator-2.5.0-b42.jar:/root/.m2/repository/org/javassist/javassist/3.22.0-CR2/javassist-3.22.0-CR2.jar:/root/.m2/repository/org/glassfish/hk2/hk2-api/2.5.0/hk2-api-2.5.0.jar:/root/.m2/repository/org/glassfish/hk2/external/jakarta.inject/2.5.0/jakarta.inject-2.5.0.jar:/root/.m2/repository/org/glassfish/hk2/hk2-utils/2.5.0/hk2-utils-2.5.0.jar:/root/.m2/repository/jakarta/annotation/jakarta.annotation-api/1.3.4/jakarta.annotation-api-1.3.4.jar:/root/.m2/repository/org/glassfish/hk2/external/aopalliance-repackaged/2.5.0/aopalliance-repackaged-2.5.0.jar:/root/.m2/repository/com/fasterxml/jackson/dataformat/jackson-dataformat-xml/2.9.0/jackson-dataformat-xml-2.9.0.jar:/root/.m2/repository/com/fasterxml/jackson/core/jackson-core/2.9.5/jackson-core-2.9.5.jar:/root/.m2/repository/com/fasterxml/jackson/module/jackson-module-jaxb-annotations/2.9.5/jackson-module-jaxb-annotations-2.9.5.jar:/root/.m2/repository/javax/enterprise/cdi-api/1.2/cdi-api-1.2.jar:/root/.m2/repository/javax/el/javax.el-api/3.0.0/javax.el-api-3.0.0.jar:/root/.m2/repository/javax/interceptor/javax.interceptor-api/1.2/javax.interceptor-api-1.2.jar:/root/.m2/repository/javax/inject/javax.inject/1/javax.inject-1.jar:/root/.m2/repository/com/sun/xml/bind/jaxb-impl/2.3.0.1/jaxb-impl-2.3.0.1.jar:/root/.m2/repository/com/sun/xml/bind/jaxb-core/2.3.0.1/jaxb-core-2.3.0.1.jar:/root/.m2/repository/javax/xml/bind/jaxb-api/2.3.0/jaxb-api-2.3.0.jar:/root/.m2/repository/javax/activation/activation/1.1.1/activation-1.1.1.jar:/root/.m2/repository/org/apache/hadoop/hadoop-ozone-csi/0.5.0-SNAPSHOT/hadoop-ozone-csi-0.5.0-SNAPSHOT.jar:/root/.m2/repository/com/google/protobuf/protobuf-java-util/3.5.1/protobuf-java-util-3.5.1.jar:/root/.m2/repository/org/apache/hadoop/hadoop-hdds-config/0.5.0-SNAPSHOT/hadoop-hdds-config-0.5.0-SNAPSHOT.jar:/root/.m2/repository/com/google/guava/guava/11.0.2/guava-11.0.2.jar:/root/.m2/repository/com/google/protobuf/protobuf-java/2.5.0/protobuf-java-2.5.0.jar:/root/.m2/repository/io/grpc/grpc-netty/1.17.1/grpc-netty-1.17.1.jar:/root/.m2/repository/io/grpc/grpc-core/1.17.1/grpc-core-1.17.1.jar:/root/.m2/repository/io/grpc/grpc-context/1.17.1/grpc-context-1.17.1.jar:/root/.m2/repository/com/google/errorprone/error_prone_annotations/2.2.0/error_prone_annotations-2.2.0.jar:/root/.m2/repository/org/codehaus/mojo/animal-sniffer-annotations/1.17/animal-sniffer-annotations-1.17.jar:/root/.m2/repository/io/opencensus/opencensus-api/0.17.0/opencensus-api-0.17.0.jar:/root/.m2/repository/io/opencensus/opencensus-contrib-grpc-metrics/0.17.0/opencensus-contrib-grpc-metrics-0.17.0.jar:/root/.m2/repository/io/netty/netty-codec-http2/4.1.30.Final/netty-codec-http2-4.1.30.Final.jar:/root/.m2/repository/io/netty/netty-codec-http/4.1.30.Final/netty-codec-http-4.1.30.Final.jar:/root/.m2/repository/io/netty/netty-codec/4.1.30.Final/netty-codec-4.1.30.Final.jar:/root/.m2/repository/io/netty/netty-handler/4.1.30.Final/netty-handler-4.1.30.Final.jar:/root/.m2/repository/io/netty/netty-handler-proxy/4.1.30.Final/netty-handler-proxy-4.1.30.Final.jar:/root/.m2/repository/io/netty/netty-codec-socks/4.1.30.Final/netty-codec-socks-4.1.30.Final.jar:/root/.m2/repository/io/netty/netty-transport-native-epoll/4.1.30.Final/netty-transport-native-epoll-4.1.30.Final.jar:/root/.m2/repository/io/netty/netty-common/4.1.30.Final/netty-common-4.1.30.Final.jar:/root/.m2/repository/io/netty/netty-buffer/4.1.30.Final/netty-buffer-4.1.30.Final.jar:/root/.m2/repository/io/netty/netty-transport/4.1.30.Final/netty-transport-4.1.30.Final.jar:/root/.m2/repository/io/netty/netty-resolver/4.1.30.Final/netty-resolver-4.1.30.Final.jar:/root/.m2/repository/io/netty/netty-transport-native-unix-common/4.1.30.Final/netty-transport-native-unix-common-4.1.30.Final.jar:/root/.m2/repository/io/grpc/grpc-protobuf/1.17.1/grpc-protobuf-1.17.1.jar:/root/.m2/repository/com/google/api/grpc/proto-google-common-protos/1.0.0/proto-google-common-protos-1.0.0.jar:/root/.m2/repository/io/grpc/grpc-protobuf-lite/1.17.1/grpc-protobuf-lite-1.17.1.jar:/root/.m2/repository/io/grpc/grpc-stub/1.17.1/grpc-stub-1.17.1.jar:/root/.m2/repository/org/apache/hadoop/hadoop-ozone-recon/0.5.0-SNAPSHOT/hadoop-ozone-recon-0.5.0-SNAPSHOT.jar:/root/.m2/repository/org/apache/hadoop/hadoop-ozone-reconcodegen/0.5.0-SNAPSHOT/hadoop-ozone-reconcodegen-0.5.0-SNAPSHOT.jar:/root/.m2/repository/com/google/inject/extensions/guice-multibindings/4.0/guice-multibindings-4.0.jar:/root/.m2/repository/com/google/inject/guice/4.0/guice-4.0.jar:/root/.m2/repository/aopalliance/aopalliance/1.0/aopalliance-1.0.jar:/root/.m2/repository/com/google/inject/extensions/guice-servlet/4.0/guice-servlet-4.0.jar:/root/.m2/repository/org/glassfish/jersey/containers/jersey-container-servlet/2.27/jersey-container-servlet-2.27.jar:/root/.m2/repository/org/glassfish/hk2/guice-bridge/2.5.0/guice-bridge-2.5.0.jar:/root/.m2/repository/org/glassfish/jersey/core/jersey-server/2.27/jersey-server-2.27.jar:/root/.m2/repository/org/glassfish/jersey/core/jersey-client/2.27/jersey-client-2.27.jar:/root/.m2/repository/org/glassfish/jersey/media/jersey-media-jaxb/2.27/jersey-media-jaxb-2.27.jar:/root/.m2/repository/javax/validation/validation-api/1.1.0.Final/validation-api-1.1.0.Final.jar:/root/.m2/repository/org/glassfish/jersey/media/jersey-media-json-jackson/2.27/jersey-media-json-jackson-2.27.jar:/root/.m2/repository/org/glassfish/jersey/ext/jersey-entity-filtering/2.27/jersey-entity-filtering-2.27.jar:/root/.m2/repository/com/google/inject/extensions/guice-assistedinject/4.0/guice-assistedinject-4.0.jar:/root/.m2/repository/org/jooq/jooq/3.11.10/jooq-3.11.10.jar:/root/.m2/repository/org/jooq/jooq-meta/3.11.10/jooq-meta-3.11.10.jar:/root/.m2/repository/org/jooq/jooq-codegen/3.11.10/jooq-codegen-3.11.10.jar:/root/.m2/repository/com/jolbox/bonecp/0.8.0.RELEASE/bonecp-0.8.0.RELEASE.jar:/root/.m2/repository/org/xerial/sqlite-jdbc/3.25.2/sqlite-jdbc-3.25.2.jar:/root/.m2/repository/org/springframework/spring-jdbc/5.1.3.RELEASE/spring-jdbc-5.1.3.RELEASE.jar:/root/.m2/repository/org/springframework/spring-beans/5.1.3.RELEASE/spring-beans-5.1.3.RELEASE.jar:/root/.m2/repository/org/springframework/spring-core/5.1.3.RELEASE/spring-core-5.1.3.RELEASE.jar:/root/.m2/repository/org/springframework/spring-jcl/5.1.3.RELEASE/spring-jcl-5.1.3.RELEASE.jar:/root/.m2/repository/org/springframework/spring-tx/5.1.3.RELEASE/spring-tx-5.1.3.RELEASE.jar:/root/.m2/repository/org/apache/hadoop/hadoop-ozone-client/0.5.0-SNAPSHOT/hadoop-ozone-client-0.5.0-SNAPSHOT.jar:/root/.m2/repository/org/apache/hadoop/hadoop-ozone-ozone-manager/0.5.0-SNAPSHOT/hadoop-ozone-ozone-manager-0.5.0-SNAPSHOT-tests.jar:/root/.m2/repository/junit/junit/4.11/junit-4.11.jar:/root/.m2/repository/org/hamcrest/hamcrest-core/1.3/hamcrest-core-1.3.jar:/root/.m2/repository/org/openjdk/jmh/jmh-core/1.19/jmh-core-1.19.jar:/root/.m2/repository/net/sf/jopt-simple/jopt-simple/4.6/jopt-simple-4.6.jar:/root/.m2/repository/org/apache/commons/commons-math3/3.1.1/commons-math3-3.1.1.jar:/root/.m2/repository/org/openjdk/jmh/jmh-generator-annprocess/1.19/jmh-generator-annprocess-1.19.jar:/root/.m2/repository/org/mockito/mockito-all/1.8.5/mockito-all-1.8.5.jar:/root/.m2/repository/org/apache/hadoop/hadoop-kms/3.2.0/hadoop-kms-3.2.0.jar:/root/.m2/repository/org/apache/hadoop/hadoop-auth/3.2.0/hadoop-auth-3.2.0.jar:/root/.m2/repository/com/nimbusds/nimbus-jose-jwt/4.41.1/nimbus-jose-jwt-4.41.1.jar:/root/.m2/repository/com/github/stephenc/jcip/jcip-annotations/1.0-1/jcip-annotations-1.0-1.jar:/root/.m2/repository/net/minidev/json-smart/2.3/json-smart-2.3.jar:/root/.m2/repository/net/minidev/accessors-smart/1.2/accessors-smart-1.2.jar:/root/.m2/repository/org/ow2/asm/asm/5.0.4/asm-5.0.4.jar:/root/.m2/repository/org/apache/curator/curator-framework/2.12.0/curator-framework-2.12.0.jar:/root/.m2/repository/com/sun/jersey/jersey-core/1.19/jersey-core-1.19.jar:/root/.m2/repository/javax/ws/rs/jsr311-api/1.1.1/jsr311-api-1.1.1.jar:/root/.m2/repository/com/sun/jersey/jersey-server/1.19/jersey-server-1.19.jar:/root/.m2/repository/javax/servlet/javax.servlet-api/3.1.0/javax.servlet-api-3.1.0.jar:/root/.m2/repository/org/eclipse/jetty/jetty-server/9.3.24.v20180605/jetty-server-9.3.24.v20180605.jar:/root/.m2/repository/org/eclipse/jetty/jetty-http/9.3.24.v20180605/jetty-http-9.3.24.v20180605.jar:/root/.m2/repository/org/eclipse/jetty/jetty-io/9.3.24.v20180605/jetty-io-9.3.24.v20180605.jar:/root/.m2/repository/org/eclipse/jetty/jetty-webapp/9.3.24.v20180605/jetty-webapp-9.3.24.v20180605.jar:/root/.m2/repository/org/eclipse/jetty/jetty-xml/9.3.24.v20180605/jetty-xml-9.3.24.v20180605.jar:/root/.m2/repository/log4j/log4j/1.2.17/log4j-1.2.17.jar:/root/.m2/repository/org/slf4j/slf4j-api/1.7.25/slf4j-api-1.7.25.jar:/root/.m2/repository/org/slf4j/jul-to-slf4j/1.7.25/jul-to-slf4j-1.7.25.jar:/root/.m2/repository/org/eclipse/jetty/jetty-util/9.3.24.v20180605/jetty-util-9.3.24.v20180605.jar:/root/.m2/repository/io/dropwizard/metrics/metrics-core/3.2.4/metrics-core-3.2.4.jar:/root/.m2/repository/com/fasterxml/jackson/core/jackson-databind/2.9.5/jackson-databind-2.9.5.jar:/root/.m2/repository/org/apache/hadoop/hadoop-kms/3.2.0/hadoop-kms-3.2.0-tests.jar:/root/.m2/repository/org/apache/hadoop/hadoop-hdds-server-scm/0.5.0-SNAPSHOT/hadoop-hdds-server-scm-0.5.0-SNAPSHOT-tests.jar:/root/.m2/repository/org/hamcrest/hamcrest-all/1.3/hamcrest-all-1.3.jar:/root/.m2/repository/info/picocli/picocli/3.9.6/picocli-3.9.6.jar:/root/.m2/repository/org/apache/hadoop/hadoop-hdds-container-service/0.5.0-SNAPSHOT/hadoop-hdds-container-service-0.5.0-SNAPSHOT-tests.jar:/root/.m2/repository/org/yaml/snakeyaml/1.16/snakeyaml-1.16.jar:/root/.m2/repository/org/apache/hadoop/hadoop-common/3.2.0/hadoop-common-3.2.0-tests.jar:/root/.m2/repository/org/apache/hadoop/hadoop-annotations/3.2.0/hadoop-annotations-3.2.0.jar:/usr/lib/jvm/java-1.8-openjdk/jre/../lib/tools.jar:/root/.m2/repository/commons-cli/commons-cli/1.2/commons-cli-1.2.jar:/root/.m2/repository/org/apache/httpcomponents/httpclient/4.5.2/httpclient-4.5.2.jar:/root/.m2/repository/org/apache/httpcomponents/httpcore/4.4.4/httpcore-4.4.4.jar:/root/.m2/repository/commons-codec/commons-codec/1.11/commons-codec-1.11.jar:/root/.m2/repository/commons-net/commons-net/3.6/commons-net-3.6.jar:/root/.m2/repository/commons-collections/commons-collections/3.2.2/commons-collections-3.2.2.jar:/root/.m2/repository/org/eclipse/jetty/jetty-servlet/9.3.24.v20180605/jetty-servlet-9.3.24.v20180605.jar:/root/.m2/repository/org/eclipse/jetty/jetty-security/9.3.24.v20180605/jetty-security-9.3.24.v20180605.jar:/root/.m2/repository/javax/servlet/jsp/jsp-api/2.1/jsp-api-2.1.jar:/root/.m2/repository/com/sun/jersey/jersey-servlet/1.19/jersey-servlet-1.19.jar:/root/.m2/repository/com/sun/jersey/jersey-json/1.19/jersey-json-1.19.jar:/root/.m2/repository/org/codehaus/jettison/jettison/1.1/jettison-1.1.jar:/root/.m2/repository/org/codehaus/jackson/jackson-core-asl/1.9.13/jackson-core-asl-1.9.13.jar:/root/.m2/repository/org/codehaus/jackson/jackson-mapper-asl/1.9.13/jackson-mapper-asl-1.9.13.jar:/root/.m2/repository/org/codehaus/jackson/jackson-jaxrs/1.9.13/jackson-jaxrs-1.9.13.jar:/root/.m2/repository/org/codehaus/jackson/jackson-xc/1.9.13/jackson-xc-1.9.13.jar:/root/.m2/repository/commons-logging/commons-logging/1.1.3/commons-logging-1.1.3.jar:/root/.m2/repository/commons-beanutils/commons-beanutils/1.9.3/commons-beanutils-1.9.3.jar:/root/.m2/repository/org/apache/commons/commons-configuration2/2.1.1/commons-configuration2-2.1.1.jar:/root/.m2/repository/org/apache/commons/commons-lang3/3.7/commons-lang3-3.7.jar:/root/.m2/repository/org/apache/commons/commons-text/1.4/commons-text-1.4.jar:/root/.m2/repository/org/apache/avro/avro/1.7.7/avro-1.7.7.jar:/root/.m2/repository/com/thoughtworks/paranamer/paranamer/2.3/paranamer-2.3.jar:/root/.m2/repository/org/xerial/snappy/snappy-java/1.0.5/snappy-java-1.0.5.jar:/root/.m2/repository/com/google/re2j/re2j/1.1/re2j-1.1.jar:/root/.m2/repository/com/google/code/gson/gson/2.2.4/gson-2.2.4.jar:/root/.m2/repository/com/jcraft/jsch/0.1.54/jsch-0.1.54.jar:/root/.m2/repository/org/apache/curator/curator-client/2.12.0/curator-client-2.12.0.jar:/root/.m2/repository/org/apache/curator/curator-recipes/2.12.0/curator-recipes-2.12.0.jar:/root/.m2/repository/com/google/code/findbugs/jsr305/3.0.0/jsr305-3.0.0.jar:/root/.m2/repository/org/apache/htrace/htrace-core4/4.1.0-incubating/htrace-core4-4.1.0-incubating.jar:/root/.m2/repository/org/apache/zookeeper/zookeeper/3.4.13/zookeeper-3.4.13.jar:/root/.m2/repository/org/apache/yetus/audience-annotations/0.5.0/audience-annotations-0.5.0.jar:/root/.m2/repository/org/codehaus/woodstox/stax2-api/3.1.4/stax2-api-3.1.4.jar:/root/.m2/repository/com/fasterxml/woodstox/woodstox-core/5.0.3/woodstox-core-5.0.3.jar:/root/.m2/repository/dnsjava/dnsjava/2.1.7/dnsjava-2.1.7.jar:/root/.m2/repository/org/apache/hadoop/hadoop-hdfs/3.2.0/hadoop-hdfs-3.2.0-tests.jar:/root/.m2/repository/org/eclipse/jetty/jetty-util-ajax/9.3.24.v20180605/jetty-util-ajax-9.3.24.v20180605.jar:/root/.m2/repository/commons-daemon/commons-daemon/1.0.13/commons-daemon-1.0.13.jar:/root/.m2/repository/io/netty/netty/3.10.5.Final/netty-3.10.5.Final.jar:/root/.m2/repository/io/netty/netty-all/4.0.52.Final/netty-all-4.0.52.Final.jar:/root/.m2/repository/org/fusesource/leveldbjni/leveldbjni-all/1.8/leveldbjni-all-1.8.jar:"/>
    <property name="sun.cpu.endian" value="little"/>
    <property name="user.home" value="/root"/>
    <property name="user.language" value="en"/>
    <property name="java.specification.vendor" value="Oracle Corporation"/>
    <property name="java.home" value="/usr/lib/jvm/java-1.8-openjdk/jre"/>
    <property name="java.security.krb5.conf" value="/opt/src/hadoop-ozone/integration-test/target/test-classes/krb5.conf"/>
    <property name="basedir" value="/opt/src/hadoop-ozone/integration-test"/>
    <property name="file.separator" value="/"/>
    <property name="line.separator" value="&#10;"/>
    <property name="java.vm.specification.vendor" value="Oracle Corporation"/>
    <property name="java.specification.name" value="Java Platform API Specification"/>
    <property name="java.awt.graphicsenv" value="sun.awt.X11GraphicsEnvironment"/>
    <property name="surefire.real.class.path" value="/opt/src/hadoop-ozone/integration-test/target/surefire/surefirebooter7567578485530168915.jar"/>
    <property name="hadoop.log.dir" value="/opt/src/hadoop-ozone/integration-test/target/log"/>
    <property name="sun.boot.class.path" value="/usr/lib/jvm/java-1.8-openjdk/jre/lib/resources.jar:/usr/lib/jvm/java-1.8-openjdk/jre/lib/rt.jar:/usr/lib/jvm/java-1.8-openjdk/jre/lib/sunrsasign.jar:/usr/lib/jvm/java-1.8-openjdk/jre/lib/jsse.jar:/usr/lib/jvm/java-1.8-openjdk/jre/lib/jce.jar:/usr/lib/jvm/java-1.8-openjdk/jre/lib/charsets.jar:/usr/lib/jvm/java-1.8-openjdk/jre/lib/jfr.jar:/usr/lib/jvm/java-1.8-openjdk/jre/classes"/>
    <property name="sun.management.compiler" value="HotSpot 64-Bit Tiered Compilers"/>
    <property name="java.runtime.version" value="1.8.0_212-b04"/>
    <property name="java.net.preferIPv4Stack" value="true"/>
    <property name="user.name" value="root"/>
    <property name="path.separator" value=":"/>
    <property name="java.security.egd" value="file:///dev/urandom"/>
    <property name="os.version" value="4.15.0-1021-aws"/>
    <property name="java.endorsed.dirs" value="/usr/lib/jvm/java-1.8-openjdk/jre/lib/endorsed"/>
    <property name="java.runtime.name" value="OpenJDK Runtime Environment"/>
    <property name="file.encoding" value="UTF-8"/>
    <property name="java.vm.name" value="OpenJDK 64-Bit Server VM"/>
    <property name="test.build.webapps" value=""/>
    <property name="localRepository" value="/root/.m2/repository"/>
    <property name="java.vendor.url.bug" value="https://icedtea.classpath.org/bugzilla"/>
    <property name="java.io.tmpdir" value="/tmp"/>
    <property name="require.test.libhadoop" value=""/>
    <property name="java.version" value="1.8.0_212"/>
    <property name="user.dir" value="/opt/src/hadoop-ozone/integration-test"/>
    <property name="os.arch" value="amd64"/>
    <property name="java.vm.specification.name" value="Java Virtual Machine Specification"/>
    <property name="test.build.classes" value="/opt/src/hadoop-ozone/integration-test/target/test-classes"/>
    <property name="java.awt.printerjob" value="sun.print.PSPrinterJob"/>
    <property name="sun.os.patch.level" value="unknown"/>
    <property name="hadoop.tmp.dir" value="/opt/src/hadoop-ozone/integration-test/target/tmp"/>
    <property name="java.library.path" value="/usr/lib/jvm/java-1.8-openjdk/jre/lib/amd64/server:/usr/lib/jvm/java-1.8-openjdk/jre/lib/amd64:/usr/lib/jvm/java-1.8-openjdk/jre/../lib/amd64:/opt/src/hadoop-ozone/integration-test/target/native/target/usr/local/lib:/opt/src/hadoop-ozone/integration-test/../../hadoop-common-project/hadoop-common/target/native/target/usr/local/lib:/usr/java/packages/lib/amd64:/usr/lib64:/lib64:/lib:/usr/lib"/>
    <property name="java.vm.info" value="mixed mode"/>
    <property name="java.vendor" value="IcedTea"/>
    <property name="java.vm.version" value="25.212-b04"/>
    <property name="java.ext.dirs" value="/usr/lib/jvm/java-1.8-openjdk/jre/lib/ext:/usr/java/packages/lib/ext"/>
    <property name="sun.io.unicode.encoding" value="UnicodeLittle"/>
    <property name="java.class.version" value="52.0"/>
  </properties>
  <testcase name="testGroupMismatchExceptionHandling" classname="org.apache.hadoop.ozone.client.rpc.TestOzoneClientRetriesOnException" time="18.096"/>
  <testcase name="testMaxRetriesByOzoneClient" classname="org.apache.hadoop.ozone.client.rpc.TestOzoneClientRetriesOnException" time="9.144">
    <error message="Failed to command cmdType: CreateContainer&#10;containerID: 1&#10;datanodeUuid: &quot;a09b26e6-dce9-41fc-a055-bce9051bf65c&quot;&#10;createContainer {&#10;}&#10;" type="java.io.IOException">java.io.IOException: 
Failed to command cmdType: CreateContainer
containerID: 1
datanodeUuid: "a09b26e6-dce9-41fc-a055-bce9051bf65c"
createContainer {
}

	at org.apache.hadoop.hdds.scm.XceiverClientSpi.sendCommand(XceiverClientSpi.java:113)
	at org.apache.hadoop.ozone.client.rpc.TestOzoneClientRetriesOnException.testMaxRetriesByOzoneClient(TestOzoneClientRetriesOnException.java:190)
	at sun.reflect.NativeMethodAccessorImpl.invoke0(Native Method)
	at sun.reflect.NativeMethodAccessorImpl.invoke(NativeMethodAccessorImpl.java:62)
	at sun.reflect.DelegatingMethodAccessorImpl.invoke(DelegatingMethodAccessorImpl.java:43)
	at java.lang.reflect.Method.invoke(Method.java:498)
	at org.junit.runners.model.FrameworkMethod$1.runReflectiveCall(FrameworkMethod.java:47)
	at org.junit.internal.runners.model.ReflectiveCallable.run(ReflectiveCallable.java:12)
	at org.junit.runners.model.FrameworkMethod.invokeExplosively(FrameworkMethod.java:44)
	at org.junit.internal.runners.statements.InvokeMethod.evaluate(InvokeMethod.java:17)
	at org.junit.internal.runners.statements.RunBefores.evaluate(RunBefores.java:26)
	at org.junit.internal.runners.statements.RunAfters.evaluate(RunAfters.java:27)
	at org.junit.runners.ParentRunner.runLeaf(ParentRunner.java:271)
	at org.junit.runners.BlockJUnit4ClassRunner.runChild(BlockJUnit4ClassRunner.java:70)
	at org.junit.runners.BlockJUnit4ClassRunner.runChild(BlockJUnit4ClassRunner.java:50)
	at org.junit.runners.ParentRunner$3.run(ParentRunner.java:238)
	at org.junit.runners.ParentRunner$1.schedule(ParentRunner.java:63)
	at org.junit.runners.ParentRunner.runChildren(ParentRunner.java:236)
	at org.junit.runners.ParentRunner.access$000(ParentRunner.java:53)
	at org.junit.runners.ParentRunner$2.evaluate(ParentRunner.java:229)
	at org.junit.runners.ParentRunner.run(ParentRunner.java:309)
	at org.apache.maven.surefire.junit4.JUnit4Provider.execute(JUnit4Provider.java:365)
	at org.apache.maven.surefire.junit4.JUnit4Provider.executeWithRerun(JUnit4Provider.java:273)
	at org.apache.maven.surefire.junit4.JUnit4Provider.executeTestSet(JUnit4Provider.java:238)
	at org.apache.maven.surefire.junit4.JUnit4Provider.invoke(JUnit4Provider.java:159)
	at org.apache.maven.surefire.booter.ForkedBooter.invokeProviderInSameClassLoader(ForkedBooter.java:384)
	at org.apache.maven.surefire.booter.ForkedBooter.runSuitesInProcess(ForkedBooter.java:345)
	at org.apache.maven.surefire.booter.ForkedBooter.execute(ForkedBooter.java:126)
	at org.apache.maven.surefire.booter.ForkedBooter.main(ForkedBooter.java:418)
Caused by: java.util.concurrent.ExecutionException: org.apache.ratis.protocol.StateMachineException: java.util.concurrent.CompletionException: java.lang.IllegalArgumentException
	at java.util.concurrent.CompletableFuture.reportGet(CompletableFuture.java:357)
	at java.util.concurrent.CompletableFuture.get(CompletableFuture.java:1895)
	at org.apache.hadoop.hdds.scm.XceiverClientSpi.sendCommand(XceiverClientSpi.java:110)
	... 28 more
Caused by: org.apache.ratis.protocol.StateMachineException: java.util.concurrent.CompletionException: java.lang.IllegalArgumentException
	at java.util.concurrent.CompletableFuture.encodeThrowable(CompletableFuture.java:273)
	at java.util.concurrent.CompletableFuture.completeThrowable(CompletableFuture.java:280)
	at java.util.concurrent.CompletableFuture$AsyncSupply.run(CompletableFuture.java:1592)
	at java.util.concurrent.ThreadPoolExecutor.runWorker(ThreadPoolExecutor.java:1149)
	at java.util.concurrent.ThreadPoolExecutor$Worker.run(ThreadPoolExecutor.java:624)
	at java.lang.Thread.run(Thread.java:748)
</error>
    <system-out><![CDATA[2019-06-12 21:47:49,429 WARN  server.ServerUtils (ServerUtils.java:getScmDbDir(145)) - ozone.scm.db.dirs is not configured. We recommend adding this setting. Falling back to ozone.metadata.dirs instead.
2019-06-12 21:47:49,434 WARN  server.ServerUtils (ServerUtils.java:getScmDbDir(145)) - ozone.scm.db.dirs is not configured. We recommend adding this setting. Falling back to ozone.metadata.dirs instead.
2019-06-12 21:47:49,434 WARN  server.ServerUtils (ServerUtils.java:getScmDbDir(145)) - ozone.scm.db.dirs is not configured. We recommend adding this setting. Falling back to ozone.metadata.dirs instead.
2019-06-12 21:47:49,434 INFO  db.DBStoreBuilder (DBStoreBuilder.java:addTable(110)) - using custom profile for table: deletedBlocks
2019-06-12 21:47:49,434 INFO  db.DBStoreBuilder (DBStoreBuilder.java:processTables(161)) - Using default column profile:DBProfile.DISK for Table:deletedBlocks
2019-06-12 21:47:49,435 INFO  db.DBStoreBuilder (DBStoreBuilder.java:addTable(110)) - using custom profile for table: validCerts
2019-06-12 21:47:49,435 INFO  db.DBStoreBuilder (DBStoreBuilder.java:processTables(161)) - Using default column profile:DBProfile.DISK for Table:validCerts
2019-06-12 21:47:49,435 INFO  db.DBStoreBuilder (DBStoreBuilder.java:addTable(110)) - using custom profile for table: revokedCerts
2019-06-12 21:47:49,435 INFO  db.DBStoreBuilder (DBStoreBuilder.java:processTables(161)) - Using default column profile:DBProfile.DISK for Table:revokedCerts
2019-06-12 21:47:49,435 INFO  db.DBStoreBuilder (DBStoreBuilder.java:addTable(110)) - using custom profile for table: default
2019-06-12 21:47:49,435 INFO  db.DBStoreBuilder (DBStoreBuilder.java:processTables(167)) - Using default column profile:DBProfile.DISK for Table:default
2019-06-12 21:47:49,435 INFO  db.DBStoreBuilder (DBStoreBuilder.java:getDbProfile(198)) - Using default options. DBProfile.DISK
2019-06-12 21:47:49,475 WARN  server.ServerUtils (ServerUtils.java:sanitizeUserArgs(70)) - ozone.scm.stale.node.interval value = 300000 is larger than max = 100000 based on the key value of ozone.scm.heartbeat.thread.interval, reset to the max value 100000.
2019-06-12 21:47:49,475 WARN  server.ServerUtils (ServerUtils.java:sanitizeUserArgs(70)) - ozone.scm.stale.node.interval value = 300000 is larger than max = 100000 based on the key value of ozone.scm.heartbeat.thread.interval, reset to the max value 100000.
2019-06-12 21:47:49,476 INFO  node.SCMNodeManager (SCMNodeManager.java:<init>(108)) - Entering startup safe mode.
2019-06-12 21:47:49,476 INFO  net.NodeSchemaLoader (NodeSchemaLoader.java:loadSchemaFromFile(125)) - Loading file from sun.misc.CompoundEnumeration@74c7522c
2019-06-12 21:47:49,477 INFO  net.NodeSchemaLoader (NodeSchemaLoader.java:loadSchema(171)) - Loading network topology layer schema file
2019-06-12 21:47:49,479 WARN  server.ServerUtils (ServerUtils.java:getScmDbDir(145)) - ozone.scm.db.dirs is not configured. We recommend adding this setting. Falling back to ozone.metadata.dirs instead.
2019-06-12 21:47:49,492 INFO  pipeline.SCMPipelineManager (SCMPipelineManager.java:initializePipelineState(126)) - No pipeline exists in current db
2019-06-12 21:47:49,492 WARN  server.ServerUtils (ServerUtils.java:getScmDbDir(145)) - ozone.scm.db.dirs is not configured. We recommend adding this setting. Falling back to ozone.metadata.dirs instead.
2019-06-12 21:47:49,507 WARN  events.EventQueue (EventQueue.java:fireEvent(175)) - No event handler registered for event TypedEvent{payloadType=SafeModeStatus, name='SafeModeStatus'}
2019-06-12 21:47:49,508 INFO  ipc.CallQueueManager (CallQueueManager.java:<init>(84)) - Using callQueue: class java.util.concurrent.LinkedBlockingQueue, queueCapacity: 2000, scheduler: class org.apache.hadoop.ipc.DefaultRpcScheduler, ipcBackoff: false.
2019-06-12 21:47:49,508 INFO  ipc.Server (Server.java:run(1074)) - Starting Socket Reader #1 for port 40505
2019-06-12 21:47:49,510 INFO  ipc.CallQueueManager (CallQueueManager.java:<init>(84)) - Using callQueue: class java.util.concurrent.LinkedBlockingQueue, queueCapacity: 2000, scheduler: class org.apache.hadoop.ipc.DefaultRpcScheduler, ipcBackoff: false.
2019-06-12 21:47:49,511 INFO  ipc.Server (Server.java:run(1074)) - Starting Socket Reader #1 for port 35135
2019-06-12 21:47:49,512 INFO  ipc.CallQueueManager (CallQueueManager.java:<init>(84)) - Using callQueue: class java.util.concurrent.LinkedBlockingQueue, queueCapacity: 2000, scheduler: class org.apache.hadoop.ipc.DefaultRpcScheduler, ipcBackoff: false.
2019-06-12 21:47:49,513 INFO  ipc.Server (Server.java:run(1074)) - Starting Socket Reader #1 for port 41413
2019-06-12 21:47:49,516 INFO  hdfs.DFSUtil (DFSUtil.java:httpServerTemplateForNNAndJN(1641)) - Starting Web-server for scm at: http://0.0.0.0:0
2019-06-12 21:47:49,517 INFO  server.AuthenticationFilter (AuthenticationFilter.java:constructSecretProvider(240)) - Unable to initialize FileSignerSecretProvider, falling back to use random secrets.
2019-06-12 21:47:49,518 WARN  http.HttpRequestLog (HttpRequestLog.java:getRequestLog(97)) - Jetty request log can only be enabled using Log4j
2019-06-12 21:47:49,520 INFO  http.HttpServer2 (HttpServer2.java:addGlobalFilter(975)) - Added global filter 'safety' (class=org.apache.hadoop.http.HttpServer2$QuotingInputFilter)
2019-06-12 21:47:49,520 INFO  http.HttpServer2 (HttpServer2.java:addFilter(948)) - Added filter static_user_filter (class=org.apache.hadoop.http.lib.StaticUserWebFilter$StaticUserFilter) to context scm
2019-06-12 21:47:49,520 INFO  http.HttpServer2 (HttpServer2.java:addFilter(958)) - Added filter static_user_filter (class=org.apache.hadoop.http.lib.StaticUserWebFilter$StaticUserFilter) to context logs
2019-06-12 21:47:49,520 INFO  http.HttpServer2 (HttpServer2.java:addFilter(958)) - Added filter static_user_filter (class=org.apache.hadoop.http.lib.StaticUserWebFilter$StaticUserFilter) to context static
2019-06-12 21:47:49,526 INFO  server.StorageContainerManager (StorageContainerManager.java:start(752)) - StorageContainerLocationProtocol RPC server is listening at /0.0.0.0:41413
2019-06-12 21:47:49,526 INFO  impl.MetricsSystemImpl (MetricsSystemImpl.java:init(158)) - StorageContainerManager metrics system started (again)
2019-06-12 21:47:49,526 INFO  server.SCMClientProtocolServer (SCMClientProtocolServer.java:start(149)) - RPC server for Client  is listening at /0.0.0.0:41413
2019-06-12 21:47:49,527 INFO  ipc.Server (Server.java:run(1314)) - IPC Server Responder: starting
2019-06-12 21:47:49,527 INFO  ipc.Server (Server.java:run(1153)) - IPC Server listener on 41413: starting
2019-06-12 21:47:49,549 INFO  server.StorageContainerManager (StorageContainerManager.java:start(761)) - ScmBlockLocationProtocol RPC server is listening at /0.0.0.0:35135
2019-06-12 21:47:49,550 INFO  server.SCMBlockProtocolServer (SCMBlockProtocolServer.java:start(137)) - RPC server for Block Protocol is listening at /0.0.0.0:35135
2019-06-12 21:47:49,550 INFO  ipc.Server (Server.java:run(1314)) - IPC Server Responder: starting
2019-06-12 21:47:49,550 INFO  ipc.Server (Server.java:run(1153)) - IPC Server listener on 35135: starting
2019-06-12 21:47:49,560 INFO  server.StorageContainerManager (StorageContainerManager.java:start(765)) - ScmDatanodeProtocl RPC server is listening at /0.0.0.0:40505
2019-06-12 21:47:49,560 INFO  server.SCMDatanodeProtocolServer (SCMDatanodeProtocolServer.java:start(191)) - RPC server for DataNodes is listening at /0.0.0.0:40505
2019-06-12 21:47:49,560 INFO  ipc.Server (Server.java:run(1314)) - IPC Server Responder: starting
2019-06-12 21:47:49,561 INFO  ipc.Server (Server.java:run(1153)) - IPC Server listener on 40505: starting
2019-06-12 21:47:49,563 INFO  http.HttpServer2 (HttpServer2.java:bindListener(1191)) - Jetty bound to port 34645
2019-06-12 21:47:49,563 INFO  server.Server (Server.java:doStart(351)) - jetty-9.3.24.v20180605, build timestamp: 2018-06-05T17:11:56Z, git hash: 84205aa28f11a4f31f2a3b86d1bba2cc8ab69827
2019-06-12 21:47:49,564 INFO  handler.ContextHandler (ContextHandler.java:doStart(781)) - Started o.e.j.s.ServletContextHandler@4e7bc939{/logs,file:///opt/src/hadoop-ozone/integration-test/target/log,AVAILABLE}
2019-06-12 21:47:49,565 INFO  handler.ContextHandler (ContextHandler.java:doStart(781)) - Started o.e.j.s.ServletContextHandler@6fc1a8f6{/static,file:///opt/src/hadoop-ozone/integration-test/target/test-classes/webapps/static,AVAILABLE}
2019-06-12 21:47:49,568 INFO  handler.ContextHandler (ContextHandler.java:doStart(781)) - Started o.e.j.w.WebAppContext@6f0c45f4{/,file:///opt/src/hadoop-ozone/integration-test/target/test-classes/webapps/scm/,AVAILABLE}{/scm}
2019-06-12 21:47:49,570 INFO  server.AbstractConnector (AbstractConnector.java:doStart(278)) - Started ServerConnector@45571cfc{HTTP/1.1,[http/1.1]}{0.0.0.0:34645}
2019-06-12 21:47:49,570 INFO  server.Server (Server.java:doStart(419)) - Started @18730ms
2019-06-12 21:47:49,571 INFO  server.BaseHttpServer (BaseHttpServer.java:updateConnectorAddress(207)) - HTTP server of SCM is listening at http://0.0.0.0:34645
2019-06-12 21:47:49,572 WARN  scm.ScmUtils (ScmUtils.java:getDBPath(63)) - ozone.om.db.dirs is not configured. We recommend adding this setting. Falling back to ozone.metadata.dirs instead.
2019-06-12 21:47:49,572 INFO  util.JvmPauseMonitor (JvmPauseMonitor.java:run(188)) - Starting JVM pause monitor
2019-06-12 21:47:49,574 WARN  scm.ScmUtils (ScmUtils.java:getDBPath(63)) - ozone.om.db.dirs is not configured. We recommend adding this setting. Falling back to ozone.metadata.dirs instead.
2019-06-12 21:47:49,575 INFO  om.OzoneManager (OzoneManager.java:setOMNodeDetails(519)) - OM Service ID is not set. Setting it to the default ID: omServiceIdDefault
2019-06-12 21:47:49,575 INFO  om.OzoneManager (OzoneManager.java:setOMNodeDetails(525)) - OM Node ID is not set. Setting it to the OmStorage's OmID: 0f6829d3-87a0-479a-9682-84094531b5b2
2019-06-12 21:47:49,575 WARN  scm.HddsServerUtil (HddsServerUtil.java:getDefaultRatisDirectory(354)) - Storage directory for Ratis is not configured. It is a good idea to map this to an SSD disk. Falling back to ozone.metadata.dirs
2019-06-12 21:47:49,575 WARN  scm.HddsServerUtil (HddsServerUtil.java:getDefaultRatisDirectory(354)) - Storage directory for Ratis is not configured. It is a good idea to map this to an SSD disk. Falling back to ozone.metadata.dirs
2019-06-12 21:47:49,575 INFO  om.OzoneManager (OzoneManager.java:loadOMHAConfigs(476)) - Found matching OM address with OMServiceId: null, OMNodeId: null, RPC Address: localhost:0 and Ratis port: 9872
2019-06-12 21:47:49,579 WARN  scm.ScmUtils (ScmUtils.java:getDBPath(63)) - ozone.om.db.dirs is not configured. We recommend adding this setting. Falling back to ozone.metadata.dirs instead.
2019-06-12 21:47:49,580 INFO  db.DBStoreBuilder (DBStoreBuilder.java:addTable(110)) - using custom profile for table: userTable
2019-06-12 21:47:49,580 INFO  db.DBStoreBuilder (DBStoreBuilder.java:processTables(161)) - Using default column profile:DBProfile.DISK for Table:userTable
2019-06-12 21:47:49,580 INFO  db.DBStoreBuilder (DBStoreBuilder.java:addTable(110)) - using custom profile for table: volumeTable
2019-06-12 21:47:49,580 INFO  db.DBStoreBuilder (DBStoreBuilder.java:processTables(161)) - Using default column profile:DBProfile.DISK for Table:volumeTable
2019-06-12 21:47:49,580 INFO  db.DBStoreBuilder (DBStoreBuilder.java:addTable(110)) - using custom profile for table: bucketTable
2019-06-12 21:47:49,580 INFO  db.DBStoreBuilder (DBStoreBuilder.java:processTables(161)) - Using default column profile:DBProfile.DISK for Table:bucketTable
2019-06-12 21:47:49,581 INFO  db.DBStoreBuilder (DBStoreBuilder.java:addTable(110)) - using custom profile for table: keyTable
2019-06-12 21:47:49,581 INFO  db.DBStoreBuilder (DBStoreBuilder.java:processTables(161)) - Using default column profile:DBProfile.DISK for Table:keyTable
2019-06-12 21:47:49,581 INFO  db.DBStoreBuilder (DBStoreBuilder.java:addTable(110)) - using custom profile for table: deletedTable
2019-06-12 21:47:49,581 INFO  db.DBStoreBuilder (DBStoreBuilder.java:processTables(161)) - Using default column profile:DBProfile.DISK for Table:deletedTable
2019-06-12 21:47:49,581 INFO  db.DBStoreBuilder (DBStoreBuilder.java:addTable(110)) - using custom profile for table: openKeyTable
2019-06-12 21:47:49,581 INFO  db.DBStoreBuilder (DBStoreBuilder.java:processTables(161)) - Using default column profile:DBProfile.DISK for Table:openKeyTable
2019-06-12 21:47:49,581 INFO  db.DBStoreBuilder (DBStoreBuilder.java:addTable(110)) - using custom profile for table: s3Table
2019-06-12 21:47:49,581 INFO  db.DBStoreBuilder (DBStoreBuilder.java:processTables(161)) - Using default column profile:DBProfile.DISK for Table:s3Table
2019-06-12 21:47:49,582 INFO  db.DBStoreBuilder (DBStoreBuilder.java:addTable(110)) - using custom profile for table: multipartInfoTable
2019-06-12 21:47:49,582 INFO  db.DBStoreBuilder (DBStoreBuilder.java:processTables(161)) - Using default column profile:DBProfile.DISK for Table:multipartInfoTable
2019-06-12 21:47:49,582 INFO  db.DBStoreBuilder (DBStoreBuilder.java:addTable(110)) - using custom profile for table: dTokenTable
2019-06-12 21:47:49,582 INFO  db.DBStoreBuilder (DBStoreBuilder.java:processTables(161)) - Using default column profile:DBProfile.DISK for Table:dTokenTable
2019-06-12 21:47:49,582 INFO  db.DBStoreBuilder (DBStoreBuilder.java:addTable(110)) - using custom profile for table: s3SecretTable
2019-06-12 21:47:49,582 INFO  db.DBStoreBuilder (DBStoreBuilder.java:processTables(161)) - Using default column profile:DBProfile.DISK for Table:s3SecretTable
2019-06-12 21:47:49,582 INFO  db.DBStoreBuilder (DBStoreBuilder.java:addTable(110)) - using custom profile for table: prefixTable
2019-06-12 21:47:49,582 INFO  db.DBStoreBuilder (DBStoreBuilder.java:processTables(161)) - Using default column profile:DBProfile.DISK for Table:prefixTable
2019-06-12 21:47:49,583 INFO  db.DBStoreBuilder (DBStoreBuilder.java:addTable(110)) - using custom profile for table: default
2019-06-12 21:47:49,583 INFO  db.DBStoreBuilder (DBStoreBuilder.java:processTables(167)) - Using default column profile:DBProfile.DISK for Table:default
2019-06-12 21:47:49,583 INFO  db.DBStoreBuilder (DBStoreBuilder.java:getDbProfile(198)) - Using default options. DBProfile.DISK
2019-06-12 21:47:49,712 INFO  ipc.CallQueueManager (CallQueueManager.java:<init>(84)) - Using callQueue: class java.util.concurrent.LinkedBlockingQueue, queueCapacity: 2000, scheduler: class org.apache.hadoop.ipc.DefaultRpcScheduler, ipcBackoff: false.
2019-06-12 21:47:49,714 INFO  ipc.Server (Server.java:run(1074)) - Starting Socket Reader #1 for port 34665
2019-06-12 21:47:49,724 WARN  scm.ScmUtils (ScmUtils.java:getDBPath(63)) - ozone.om.db.dirs is not configured. We recommend adding this setting. Falling back to ozone.metadata.dirs instead.
2019-06-12 21:47:49,725 INFO  om.OzoneManager (OzoneManager.java:start(1217)) - OzoneManager RPC server is listening at localhost/127.0.0.1:34665
2019-06-12 21:47:49,725 INFO  impl.MetricsSystemImpl (MetricsSystemImpl.java:init(158)) - OzoneManager metrics system started (again)
2019-06-12 21:47:49,726 INFO  ipc.Server (Server.java:run(1314)) - IPC Server Responder: starting
2019-06-12 21:47:49,727 INFO  ipc.Server (Server.java:run(1153)) - IPC Server listener on 34665: starting
2019-06-12 21:47:49,731 INFO  hdfs.DFSUtil (DFSUtil.java:httpServerTemplateForNNAndJN(1641)) - Starting Web-server for ozoneManager at: http://0.0.0.0:0
2019-06-12 21:47:49,732 INFO  server.AuthenticationFilter (AuthenticationFilter.java:constructSecretProvider(240)) - Unable to initialize FileSignerSecretProvider, falling back to use random secrets.
2019-06-12 21:47:49,733 WARN  http.HttpRequestLog (HttpRequestLog.java:getRequestLog(97)) - Jetty request log can only be enabled using Log4j
2019-06-12 21:47:49,734 INFO  http.HttpServer2 (HttpServer2.java:addGlobalFilter(975)) - Added global filter 'safety' (class=org.apache.hadoop.http.HttpServer2$QuotingInputFilter)
2019-06-12 21:47:49,735 INFO  http.HttpServer2 (HttpServer2.java:addFilter(948)) - Added filter static_user_filter (class=org.apache.hadoop.http.lib.StaticUserWebFilter$StaticUserFilter) to context ozoneManager
2019-06-12 21:47:49,735 INFO  http.HttpServer2 (HttpServer2.java:addFilter(958)) - Added filter static_user_filter (class=org.apache.hadoop.http.lib.StaticUserWebFilter$StaticUserFilter) to context static
2019-06-12 21:47:49,735 INFO  http.HttpServer2 (HttpServer2.java:addFilter(958)) - Added filter static_user_filter (class=org.apache.hadoop.http.lib.StaticUserWebFilter$StaticUserFilter) to context logs
2019-06-12 21:47:49,736 INFO  http.HttpServer2 (HttpServer2.java:bindListener(1191)) - Jetty bound to port 39547
2019-06-12 21:47:49,736 INFO  server.Server (Server.java:doStart(351)) - jetty-9.3.24.v20180605, build timestamp: 2018-06-05T17:11:56Z, git hash: 84205aa28f11a4f31f2a3b86d1bba2cc8ab69827
2019-06-12 21:47:49,737 INFO  handler.ContextHandler (ContextHandler.java:doStart(781)) - Started o.e.j.s.ServletContextHandler@7e31062c{/logs,file:///opt/src/hadoop-ozone/integration-test/target/log,AVAILABLE}
2019-06-12 21:47:49,738 INFO  handler.ContextHandler (ContextHandler.java:doStart(781)) - Started o.e.j.s.ServletContextHandler@7d522180{/static,file:///opt/src/hadoop-ozone/integration-test/target/test-classes/webapps/static,AVAILABLE}
2019-06-12 21:47:49,741 INFO  handler.ContextHandler (ContextHandler.java:doStart(781)) - Started o.e.j.w.WebAppContext@1f39269d{/,file:///opt/src/hadoop-ozone/integration-test/target/test-classes/webapps/ozoneManager/,AVAILABLE}{/ozoneManager}
2019-06-12 21:47:49,741 INFO  server.AbstractConnector (AbstractConnector.java:doStart(278)) - Started ServerConnector@6e321d9d{HTTP/1.1,[http/1.1]}{0.0.0.0:39547}
2019-06-12 21:47:49,742 INFO  server.Server (Server.java:doStart(419)) - Started @18902ms
2019-06-12 21:47:49,742 INFO  server.BaseHttpServer (BaseHttpServer.java:updateConnectorAddress(207)) - HTTP server of OZONEMANAGER is listening at http://0.0.0.0:39547
2019-06-12 21:47:49,754 INFO  impl.MetricsSystemImpl (MetricsSystemImpl.java:init(158)) - HddsDatanode metrics system started (again)
2019-06-12 21:47:49,755 INFO  ozone.HddsDatanodeService (HddsDatanodeService.java:start(185)) - HddsDatanodeService host:ozone-zc7hm-585872790 ip:192.168.19.17
2019-06-12 21:47:49,759 INFO  volume.HddsVolume (HddsVolume.java:<init>(176)) - Creating Volume: /opt/src/hadoop-ozone/integration-test/target/test-dir/MiniOzoneClusterImpl-a0a27a2a-d492-455c-9bb3-f8d67be5447a/datanode-0/data/containers/hdds of  storage type : DISK and capacity : 104021790720
2019-06-12 21:47:49,759 INFO  volume.VolumeSet (VolumeSet.java:initializeVolumeSet(170)) - Added Volume : /opt/src/hadoop-ozone/integration-test/target/test-dir/MiniOzoneClusterImpl-a0a27a2a-d492-455c-9bb3-f8d67be5447a/datanode-0/data/containers/hdds to VolumeSet
2019-06-12 21:47:49,760 INFO  volume.ThrottledAsyncChecker (ThrottledAsyncChecker.java:schedule(140)) - Scheduling a check for org.apache.hadoop.ozone.container.common.volume.HddsVolume@774f2992
2019-06-12 21:47:49,760 INFO  volume.HddsVolumeChecker (HddsVolumeChecker.java:checkAllVolumes(203)) - Scheduled health check for volume org.apache.hadoop.ozone.container.common.volume.HddsVolume@774f2992
2019-06-12 21:47:49,770 INFO  ratis.XceiverServerRatis (XceiverServerRatis.java:newXceiverServerRatis(401)) - Found a free port for the server : 37067
2019-06-12 21:47:49,771 INFO  impl.RaftServerProxy (ConfUtils.java:logGet(43)) - raft.rpc.type = GRPC (default)
2019-06-12 21:47:49,771 INFO  grpc.GrpcConfigKeys$Server (ConfUtils.java:logGet(43)) - raft.grpc.server.port = 37067 (custom)
2019-06-12 21:47:49,771 INFO  server.GrpcService (ConfUtils.java:logGet(43)) - raft.grpc.message.size.max = 33570816 (custom)
2019-06-12 21:47:49,771 INFO  server.RaftServerConfigKeys (ConfUtils.java:logGet(43)) - raft.server.log.appender.buffer.byte-limit = 33554432 (custom)
2019-06-12 21:47:49,771 INFO  server.GrpcService (ConfUtils.java:logGet(43)) - raft.grpc.flow.control.window = 1MB (=1048576) (default)
2019-06-12 21:47:49,771 INFO  server.RaftServerConfigKeys (ConfUtils.java:logGet(43)) - raft.server.rpc.request.timeout = 3000ms (default)
2019-06-12 21:47:49,772 INFO  server.RaftServerConfigKeys (ConfUtils.java:logGet(43)) - raft.server.storage.dir = [/opt/src/hadoop-ozone/integration-test/target/test-dir/MiniOzoneClusterImpl-a0a27a2a-d492-455c-9bb3-f8d67be5447a/datanode-0/data/ratis] (custom)
2019-06-12 21:47:49,772 INFO  server.XceiverServerGrpc (XceiverServerGrpc.java:<init>(97)) - Found a free port for the server : 37801
2019-06-12 21:47:49,772 INFO  replication.SimpleContainerDownloader (SimpleContainerDownloader.java:<init>(72)) - Starting container downloader service to copy containers to replicate.
2019-06-12 21:47:49,773 INFO  hdfs.DFSUtil (DFSUtil.java:httpServerTemplateForNNAndJN(1641)) - Starting Web-server for hddsDatanode at: http://0.0.0.0:0
2019-06-12 21:47:49,774 INFO  server.AuthenticationFilter (AuthenticationFilter.java:constructSecretProvider(240)) - Unable to initialize FileSignerSecretProvider, falling back to use random secrets.
2019-06-12 21:47:49,775 WARN  http.HttpRequestLog (HttpRequestLog.java:getRequestLog(97)) - Jetty request log can only be enabled using Log4j
2019-06-12 21:47:49,776 INFO  http.HttpServer2 (HttpServer2.java:addGlobalFilter(975)) - Added global filter 'safety' (class=org.apache.hadoop.http.HttpServer2$QuotingInputFilter)
2019-06-12 21:47:49,776 INFO  http.HttpServer2 (HttpServer2.java:addFilter(948)) - Added filter static_user_filter (class=org.apache.hadoop.http.lib.StaticUserWebFilter$StaticUserFilter) to context hddsDatanode
2019-06-12 21:47:49,777 INFO  http.HttpServer2 (HttpServer2.java:addFilter(958)) - Added filter static_user_filter (class=org.apache.hadoop.http.lib.StaticUserWebFilter$StaticUserFilter) to context static
2019-06-12 21:47:49,777 INFO  http.HttpServer2 (HttpServer2.java:addFilter(958)) - Added filter static_user_filter (class=org.apache.hadoop.http.lib.StaticUserWebFilter$StaticUserFilter) to context logs
2019-06-12 21:47:49,777 INFO  http.HttpServer2 (HttpServer2.java:bindListener(1191)) - Jetty bound to port 43927
2019-06-12 21:47:49,778 INFO  server.Server (Server.java:doStart(351)) - jetty-9.3.24.v20180605, build timestamp: 2018-06-05T17:11:56Z, git hash: 84205aa28f11a4f31f2a3b86d1bba2cc8ab69827
2019-06-12 21:47:49,779 INFO  handler.ContextHandler (ContextHandler.java:doStart(781)) - Started o.e.j.s.ServletContextHandler@6f986501{/logs,file:///opt/src/hadoop-ozone/integration-test/target/log,AVAILABLE}
2019-06-12 21:47:49,779 INFO  handler.ContextHandler (ContextHandler.java:doStart(781)) - Started o.e.j.s.ServletContextHandler@22ca1242{/static,jar:file:/root/.m2/repository/org/apache/hadoop/hadoop-hdds-container-service/0.5.0-SNAPSHOT/hadoop-hdds-container-service-0.5.0-SNAPSHOT.jar!/webapps/static,AVAILABLE}
2019-06-12 21:47:49,802 INFO  handler.ContextHandler (ContextHandler.java:doStart(781)) - Started o.e.j.w.WebAppContext@5486ee92{/,file:///tmp/jetty-0.0.0.0-43927-hddsDatanode-_-any-4381148447660228594.dir/webapp/,AVAILABLE}{/hddsDatanode}
2019-06-12 21:47:49,804 INFO  server.AbstractConnector (AbstractConnector.java:doStart(278)) - Started ServerConnector@20820df0{HTTP/1.1,[http/1.1]}{0.0.0.0:43927}
2019-06-12 21:47:49,804 INFO  server.Server (Server.java:doStart(419)) - Started @18965ms
2019-06-12 21:47:49,805 INFO  server.BaseHttpServer (BaseHttpServer.java:updateConnectorAddress(207)) - HTTP server of HDDSDATANODE is listening at http://0.0.0.0:43927
2019-06-12 21:47:49,899 INFO  ozone.HddsDatanodeService (HddsDatanodeService.java:startPlugins(396)) - Started plug-in org.apache.hadoop.ozone.web.OzoneHddsDatanodeService@485451d8
2019-06-12 21:47:49,900 INFO  impl.MetricsSystemImpl (MetricsSystemImpl.java:init(158)) - HddsDatanode metrics system started (again)
2019-06-12 21:47:49,901 INFO  ozone.HddsDatanodeService (HddsDatanodeService.java:start(185)) - HddsDatanodeService host:ozone-zc7hm-585872790 ip:192.168.19.17
2019-06-12 21:47:49,918 INFO  util.JvmPauseMonitor (JvmPauseMonitor.java:run(188)) - Starting JVM pause monitor
2019-06-12 21:47:49,919 INFO  datanode.InitDatanodeState (InitDatanodeState.java:persistContainerDatanodeDetails(140)) - DatanodeDetails is persisted to /opt/src/hadoop-ozone/integration-test/target/test-dir/MiniOzoneClusterImpl-a0a27a2a-d492-455c-9bb3-f8d67be5447a/datanode-0/meta/datanode.id
2019-06-12 21:47:49,922 INFO  volume.HddsVolume (HddsVolume.java:<init>(176)) - Creating Volume: /opt/src/hadoop-ozone/integration-test/target/test-dir/MiniOzoneClusterImpl-a0a27a2a-d492-455c-9bb3-f8d67be5447a/datanode-1/data/containers/hdds of  storage type : DISK and capacity : 104021790720
2019-06-12 21:47:49,923 INFO  volume.VolumeSet (VolumeSet.java:initializeVolumeSet(170)) - Added Volume : /opt/src/hadoop-ozone/integration-test/target/test-dir/MiniOzoneClusterImpl-a0a27a2a-d492-455c-9bb3-f8d67be5447a/datanode-1/data/containers/hdds to VolumeSet
2019-06-12 21:47:49,923 INFO  volume.ThrottledAsyncChecker (ThrottledAsyncChecker.java:schedule(140)) - Scheduling a check for org.apache.hadoop.ozone.container.common.volume.HddsVolume@20fcea37
2019-06-12 21:47:49,929 INFO  volume.HddsVolumeChecker (HddsVolumeChecker.java:checkAllVolumes(203)) - Scheduled health check for volume org.apache.hadoop.ozone.container.common.volume.HddsVolume@20fcea37
2019-06-12 21:47:49,938 INFO  ratis.XceiverServerRatis (XceiverServerRatis.java:newXceiverServerRatis(401)) - Found a free port for the server : 37449
2019-06-12 21:47:49,942 INFO  impl.RaftServerProxy (ConfUtils.java:logGet(43)) - raft.rpc.type = GRPC (default)
2019-06-12 21:47:49,943 INFO  grpc.GrpcConfigKeys$Server (ConfUtils.java:logGet(43)) - raft.grpc.server.port = 37449 (custom)
2019-06-12 21:47:49,943 INFO  server.GrpcService (ConfUtils.java:logGet(43)) - raft.grpc.message.size.max = 33570816 (custom)
2019-06-12 21:47:49,943 INFO  server.RaftServerConfigKeys (ConfUtils.java:logGet(43)) - raft.server.log.appender.buffer.byte-limit = 33554432 (custom)
2019-06-12 21:47:49,943 INFO  server.GrpcService (ConfUtils.java:logGet(43)) - raft.grpc.flow.control.window = 1MB (=1048576) (default)
2019-06-12 21:47:49,943 INFO  server.RaftServerConfigKeys (ConfUtils.java:logGet(43)) - raft.server.rpc.request.timeout = 3000ms (default)
2019-06-12 21:47:49,944 INFO  server.RaftServerConfigKeys (ConfUtils.java:logGet(43)) - raft.server.storage.dir = [/opt/src/hadoop-ozone/integration-test/target/test-dir/MiniOzoneClusterImpl-a0a27a2a-d492-455c-9bb3-f8d67be5447a/datanode-1/data/ratis] (custom)
2019-06-12 21:47:49,944 INFO  server.XceiverServerGrpc (XceiverServerGrpc.java:<init>(97)) - Found a free port for the server : 44197
2019-06-12 21:47:49,944 INFO  replication.SimpleContainerDownloader (SimpleContainerDownloader.java:<init>(72)) - Starting container downloader service to copy containers to replicate.
2019-06-12 21:47:49,945 INFO  hdfs.DFSUtil (DFSUtil.java:httpServerTemplateForNNAndJN(1641)) - Starting Web-server for hddsDatanode at: http://0.0.0.0:0
2019-06-12 21:47:49,946 INFO  server.AuthenticationFilter (AuthenticationFilter.java:constructSecretProvider(240)) - Unable to initialize FileSignerSecretProvider, falling back to use random secrets.
2019-06-12 21:47:49,946 WARN  http.HttpRequestLog (HttpRequestLog.java:getRequestLog(97)) - Jetty request log can only be enabled using Log4j
2019-06-12 21:47:49,947 INFO  http.HttpServer2 (HttpServer2.java:addGlobalFilter(975)) - Added global filter 'safety' (class=org.apache.hadoop.http.HttpServer2$QuotingInputFilter)
2019-06-12 21:47:49,948 INFO  http.HttpServer2 (HttpServer2.java:addFilter(948)) - Added filter static_user_filter (class=org.apache.hadoop.http.lib.StaticUserWebFilter$StaticUserFilter) to context hddsDatanode
2019-06-12 21:47:49,948 INFO  http.HttpServer2 (HttpServer2.java:addFilter(958)) - Added filter static_user_filter (class=org.apache.hadoop.http.lib.StaticUserWebFilter$StaticUserFilter) to context static
2019-06-12 21:47:49,948 INFO  http.HttpServer2 (HttpServer2.java:addFilter(958)) - Added filter static_user_filter (class=org.apache.hadoop.http.lib.StaticUserWebFilter$StaticUserFilter) to context logs
2019-06-12 21:47:49,948 INFO  http.HttpServer2 (HttpServer2.java:bindListener(1191)) - Jetty bound to port 38893
2019-06-12 21:47:49,948 INFO  server.Server (Server.java:doStart(351)) - jetty-9.3.24.v20180605, build timestamp: 2018-06-05T17:11:56Z, git hash: 84205aa28f11a4f31f2a3b86d1bba2cc8ab69827
2019-06-12 21:47:49,951 INFO  handler.ContextHandler (ContextHandler.java:doStart(781)) - Started o.e.j.s.ServletContextHandler@6249a08d{/logs,file:///opt/src/hadoop-ozone/integration-test/target/log,AVAILABLE}
2019-06-12 21:47:49,951 INFO  handler.ContextHandler (ContextHandler.java:doStart(781)) - Started o.e.j.s.ServletContextHandler@27438750{/static,jar:file:/root/.m2/repository/org/apache/hadoop/hadoop-hdds-container-service/0.5.0-SNAPSHOT/hadoop-hdds-container-service-0.5.0-SNAPSHOT.jar!/webapps/static,AVAILABLE}
2019-06-12 21:47:49,973 INFO  handler.ContextHandler (ContextHandler.java:doStart(781)) - Started o.e.j.w.WebAppContext@6cd2cb2{/,file:///tmp/jetty-0.0.0.0-38893-hddsDatanode-_-any-4157792598001988941.dir/webapp/,AVAILABLE}{/hddsDatanode}
2019-06-12 21:47:49,973 INFO  server.AbstractConnector (AbstractConnector.java:doStart(278)) - Started ServerConnector@3a2bb026{HTTP/1.1,[http/1.1]}{0.0.0.0:38893}
2019-06-12 21:47:49,974 INFO  server.Server (Server.java:doStart(419)) - Started @19135ms
2019-06-12 21:47:49,975 INFO  server.BaseHttpServer (BaseHttpServer.java:updateConnectorAddress(207)) - HTTP server of HDDSDATANODE is listening at http://0.0.0.0:38893
2019-06-12 21:47:50,068 INFO  ozone.HddsDatanodeService (HddsDatanodeService.java:startPlugins(396)) - Started plug-in org.apache.hadoop.ozone.web.OzoneHddsDatanodeService@271e851e
2019-06-12 21:47:50,069 INFO  impl.MetricsSystemImpl (MetricsSystemImpl.java:init(158)) - HddsDatanode metrics system started (again)
2019-06-12 21:47:50,071 INFO  datanode.InitDatanodeState (InitDatanodeState.java:persistContainerDatanodeDetails(140)) - DatanodeDetails is persisted to /opt/src/hadoop-ozone/integration-test/target/test-dir/MiniOzoneClusterImpl-a0a27a2a-d492-455c-9bb3-f8d67be5447a/datanode-1/meta/datanode.id
2019-06-12 21:47:50,070 INFO  util.JvmPauseMonitor (JvmPauseMonitor.java:run(188)) - Starting JVM pause monitor
2019-06-12 21:47:50,073 INFO  ozone.HddsDatanodeService (HddsDatanodeService.java:start(185)) - HddsDatanodeService host:ozone-zc7hm-585872790 ip:192.168.19.17
2019-06-12 21:47:50,079 INFO  volume.HddsVolume (HddsVolume.java:<init>(176)) - Creating Volume: /opt/src/hadoop-ozone/integration-test/target/test-dir/MiniOzoneClusterImpl-a0a27a2a-d492-455c-9bb3-f8d67be5447a/datanode-2/data/containers/hdds of  storage type : DISK and capacity : 104021790720
2019-06-12 21:47:50,079 INFO  volume.VolumeSet (VolumeSet.java:initializeVolumeSet(170)) - Added Volume : /opt/src/hadoop-ozone/integration-test/target/test-dir/MiniOzoneClusterImpl-a0a27a2a-d492-455c-9bb3-f8d67be5447a/datanode-2/data/containers/hdds to VolumeSet
2019-06-12 21:47:50,079 INFO  volume.ThrottledAsyncChecker (ThrottledAsyncChecker.java:schedule(140)) - Scheduling a check for org.apache.hadoop.ozone.container.common.volume.HddsVolume@16ccd2bc
2019-06-12 21:47:50,084 INFO  volume.HddsVolumeChecker (HddsVolumeChecker.java:checkAllVolumes(203)) - Scheduled health check for volume org.apache.hadoop.ozone.container.common.volume.HddsVolume@16ccd2bc
2019-06-12 21:47:50,097 INFO  ratis.XceiverServerRatis (XceiverServerRatis.java:newXceiverServerRatis(401)) - Found a free port for the server : 37301
2019-06-12 21:47:50,098 INFO  impl.RaftServerProxy (ConfUtils.java:logGet(43)) - raft.rpc.type = GRPC (default)
2019-06-12 21:47:50,099 INFO  grpc.GrpcConfigKeys$Server (ConfUtils.java:logGet(43)) - raft.grpc.server.port = 37301 (custom)
2019-06-12 21:47:50,099 INFO  server.GrpcService (ConfUtils.java:logGet(43)) - raft.grpc.message.size.max = 33570816 (custom)
2019-06-12 21:47:50,099 INFO  server.RaftServerConfigKeys (ConfUtils.java:logGet(43)) - raft.server.log.appender.buffer.byte-limit = 33554432 (custom)
2019-06-12 21:47:50,099 INFO  server.GrpcService (ConfUtils.java:logGet(43)) - raft.grpc.flow.control.window = 1MB (=1048576) (default)
2019-06-12 21:47:50,099 INFO  server.RaftServerConfigKeys (ConfUtils.java:logGet(43)) - raft.server.rpc.request.timeout = 3000ms (default)
2019-06-12 21:47:50,100 INFO  server.RaftServerConfigKeys (ConfUtils.java:logGet(43)) - raft.server.storage.dir = [/opt/src/hadoop-ozone/integration-test/target/test-dir/MiniOzoneClusterImpl-a0a27a2a-d492-455c-9bb3-f8d67be5447a/datanode-2/data/ratis] (custom)
2019-06-12 21:47:50,100 INFO  server.XceiverServerGrpc (XceiverServerGrpc.java:<init>(97)) - Found a free port for the server : 45971
2019-06-12 21:47:50,100 INFO  replication.SimpleContainerDownloader (SimpleContainerDownloader.java:<init>(72)) - Starting container downloader service to copy containers to replicate.
2019-06-12 21:47:50,101 INFO  hdfs.DFSUtil (DFSUtil.java:httpServerTemplateForNNAndJN(1641)) - Starting Web-server for hddsDatanode at: http://0.0.0.0:0
2019-06-12 21:47:50,102 INFO  server.AuthenticationFilter (AuthenticationFilter.java:constructSecretProvider(240)) - Unable to initialize FileSignerSecretProvider, falling back to use random secrets.
2019-06-12 21:47:50,102 WARN  http.HttpRequestLog (HttpRequestLog.java:getRequestLog(97)) - Jetty request log can only be enabled using Log4j
2019-06-12 21:47:50,103 INFO  http.HttpServer2 (HttpServer2.java:addGlobalFilter(975)) - Added global filter 'safety' (class=org.apache.hadoop.http.HttpServer2$QuotingInputFilter)
2019-06-12 21:47:50,104 INFO  http.HttpServer2 (HttpServer2.java:addFilter(948)) - Added filter static_user_filter (class=org.apache.hadoop.http.lib.StaticUserWebFilter$StaticUserFilter) to context hddsDatanode
2019-06-12 21:47:50,104 INFO  http.HttpServer2 (HttpServer2.java:addFilter(958)) - Added filter static_user_filter (class=org.apache.hadoop.http.lib.StaticUserWebFilter$StaticUserFilter) to context static
2019-06-12 21:47:50,104 INFO  http.HttpServer2 (HttpServer2.java:addFilter(958)) - Added filter static_user_filter (class=org.apache.hadoop.http.lib.StaticUserWebFilter$StaticUserFilter) to context logs
2019-06-12 21:47:50,104 INFO  http.HttpServer2 (HttpServer2.java:bindListener(1191)) - Jetty bound to port 34093
2019-06-12 21:47:50,104 INFO  server.Server (Server.java:doStart(351)) - jetty-9.3.24.v20180605, build timestamp: 2018-06-05T17:11:56Z, git hash: 84205aa28f11a4f31f2a3b86d1bba2cc8ab69827
2019-06-12 21:47:50,106 INFO  handler.ContextHandler (ContextHandler.java:doStart(781)) - Started o.e.j.s.ServletContextHandler@254e9709{/logs,file:///opt/src/hadoop-ozone/integration-test/target/log,AVAILABLE}
2019-06-12 21:47:50,107 INFO  handler.ContextHandler (ContextHandler.java:doStart(781)) - Started o.e.j.s.ServletContextHandler@147c00aa{/static,jar:file:/root/.m2/repository/org/apache/hadoop/hadoop-hdds-container-service/0.5.0-SNAPSHOT/hadoop-hdds-container-service-0.5.0-SNAPSHOT.jar!/webapps/static,AVAILABLE}
2019-06-12 21:47:50,129 INFO  handler.ContextHandler (ContextHandler.java:doStart(781)) - Started o.e.j.w.WebAppContext@632c3f55{/,file:///tmp/jetty-0.0.0.0-34093-hddsDatanode-_-any-6439933106196453570.dir/webapp/,AVAILABLE}{/hddsDatanode}
2019-06-12 21:47:50,130 INFO  server.AbstractConnector (AbstractConnector.java:doStart(278)) - Started ServerConnector@56b05bd7{HTTP/1.1,[http/1.1]}{0.0.0.0:34093}
2019-06-12 21:47:50,130 INFO  server.Server (Server.java:doStart(419)) - Started @19291ms
2019-06-12 21:47:50,131 INFO  server.BaseHttpServer (BaseHttpServer.java:updateConnectorAddress(207)) - HTTP server of HDDSDATANODE is listening at http://0.0.0.0:34093
2019-06-12 21:47:50,254 INFO  ozone.HddsDatanodeService (HddsDatanodeService.java:startPlugins(396)) - Started plug-in org.apache.hadoop.ozone.web.OzoneHddsDatanodeService@760a2b6e
2019-06-12 21:47:50,254 INFO  impl.MetricsSystemImpl (MetricsSystemImpl.java:init(158)) - HddsDatanode metrics system started (again)
2019-06-12 21:47:50,256 INFO  ozone.HddsDatanodeService (HddsDatanodeService.java:start(185)) - HddsDatanodeService host:ozone-zc7hm-585872790 ip:192.168.19.17
2019-06-12 21:47:50,274 INFO  util.JvmPauseMonitor (JvmPauseMonitor.java:run(188)) - Starting JVM pause monitor
2019-06-12 21:47:50,275 INFO  volume.HddsVolume (HddsVolume.java:<init>(176)) - Creating Volume: /opt/src/hadoop-ozone/integration-test/target/test-dir/MiniOzoneClusterImpl-a0a27a2a-d492-455c-9bb3-f8d67be5447a/datanode-3/data/containers/hdds of  storage type : DISK and capacity : 104021790720
2019-06-12 21:47:50,275 INFO  volume.VolumeSet (VolumeSet.java:initializeVolumeSet(170)) - Added Volume : /opt/src/hadoop-ozone/integration-test/target/test-dir/MiniOzoneClusterImpl-a0a27a2a-d492-455c-9bb3-f8d67be5447a/datanode-3/data/containers/hdds to VolumeSet
2019-06-12 21:47:50,276 INFO  volume.ThrottledAsyncChecker (ThrottledAsyncChecker.java:schedule(140)) - Scheduling a check for org.apache.hadoop.ozone.container.common.volume.HddsVolume@1acc873b
2019-06-12 21:47:50,276 INFO  datanode.InitDatanodeState (InitDatanodeState.java:persistContainerDatanodeDetails(140)) - DatanodeDetails is persisted to /opt/src/hadoop-ozone/integration-test/target/test-dir/MiniOzoneClusterImpl-a0a27a2a-d492-455c-9bb3-f8d67be5447a/datanode-2/meta/datanode.id
2019-06-12 21:47:50,276 INFO  volume.HddsVolumeChecker (HddsVolumeChecker.java:checkAllVolumes(203)) - Scheduled health check for volume org.apache.hadoop.ozone.container.common.volume.HddsVolume@1acc873b
2019-06-12 21:47:50,286 INFO  ratis.XceiverServerRatis (XceiverServerRatis.java:newXceiverServerRatis(401)) - Found a free port for the server : 34145
2019-06-12 21:47:50,287 INFO  impl.RaftServerProxy (ConfUtils.java:logGet(43)) - raft.rpc.type = GRPC (default)
2019-06-12 21:47:50,287 INFO  grpc.GrpcConfigKeys$Server (ConfUtils.java:logGet(43)) - raft.grpc.server.port = 34145 (custom)
2019-06-12 21:47:50,287 INFO  server.GrpcService (ConfUtils.java:logGet(43)) - raft.grpc.message.size.max = 33570816 (custom)
2019-06-12 21:47:50,287 INFO  server.RaftServerConfigKeys (ConfUtils.java:logGet(43)) - raft.server.log.appender.buffer.byte-limit = 33554432 (custom)
2019-06-12 21:47:50,287 INFO  server.GrpcService (ConfUtils.java:logGet(43)) - raft.grpc.flow.control.window = 1MB (=1048576) (default)
2019-06-12 21:47:50,288 INFO  server.RaftServerConfigKeys (ConfUtils.java:logGet(43)) - raft.server.rpc.request.timeout = 3000ms (default)
2019-06-12 21:47:50,288 INFO  server.RaftServerConfigKeys (ConfUtils.java:logGet(43)) - raft.server.storage.dir = [/opt/src/hadoop-ozone/integration-test/target/test-dir/MiniOzoneClusterImpl-a0a27a2a-d492-455c-9bb3-f8d67be5447a/datanode-3/data/ratis] (custom)
2019-06-12 21:47:50,288 INFO  server.XceiverServerGrpc (XceiverServerGrpc.java:<init>(97)) - Found a free port for the server : 34299
2019-06-12 21:47:50,288 INFO  replication.SimpleContainerDownloader (SimpleContainerDownloader.java:<init>(72)) - Starting container downloader service to copy containers to replicate.
2019-06-12 21:47:50,289 INFO  hdfs.DFSUtil (DFSUtil.java:httpServerTemplateForNNAndJN(1641)) - Starting Web-server for hddsDatanode at: http://0.0.0.0:0
2019-06-12 21:47:50,290 INFO  server.AuthenticationFilter (AuthenticationFilter.java:constructSecretProvider(240)) - Unable to initialize FileSignerSecretProvider, falling back to use random secrets.
2019-06-12 21:47:50,291 WARN  http.HttpRequestLog (HttpRequestLog.java:getRequestLog(97)) - Jetty request log can only be enabled using Log4j
2019-06-12 21:47:50,292 INFO  http.HttpServer2 (HttpServer2.java:addGlobalFilter(975)) - Added global filter 'safety' (class=org.apache.hadoop.http.HttpServer2$QuotingInputFilter)
2019-06-12 21:47:50,293 INFO  http.HttpServer2 (HttpServer2.java:addFilter(948)) - Added filter static_user_filter (class=org.apache.hadoop.http.lib.StaticUserWebFilter$StaticUserFilter) to context hddsDatanode
2019-06-12 21:47:50,293 INFO  http.HttpServer2 (HttpServer2.java:addFilter(958)) - Added filter static_user_filter (class=org.apache.hadoop.http.lib.StaticUserWebFilter$StaticUserFilter) to context static
2019-06-12 21:47:50,293 INFO  http.HttpServer2 (HttpServer2.java:addFilter(958)) - Added filter static_user_filter (class=org.apache.hadoop.http.lib.StaticUserWebFilter$StaticUserFilter) to context logs
2019-06-12 21:47:50,294 INFO  http.HttpServer2 (HttpServer2.java:bindListener(1191)) - Jetty bound to port 35499
2019-06-12 21:47:50,294 INFO  server.Server (Server.java:doStart(351)) - jetty-9.3.24.v20180605, build timestamp: 2018-06-05T17:11:56Z, git hash: 84205aa28f11a4f31f2a3b86d1bba2cc8ab69827
2019-06-12 21:47:50,295 INFO  handler.ContextHandler (ContextHandler.java:doStart(781)) - Started o.e.j.s.ServletContextHandler@6c519e47{/logs,file:///opt/src/hadoop-ozone/integration-test/target/log,AVAILABLE}
2019-06-12 21:47:50,296 INFO  handler.ContextHandler (ContextHandler.java:doStart(781)) - Started o.e.j.s.ServletContextHandler@4768b95c{/static,jar:file:/root/.m2/repository/org/apache/hadoop/hadoop-hdds-container-service/0.5.0-SNAPSHOT/hadoop-hdds-container-service-0.5.0-SNAPSHOT.jar!/webapps/static,AVAILABLE}
2019-06-12 21:47:50,318 INFO  handler.ContextHandler (ContextHandler.java:doStart(781)) - Started o.e.j.w.WebAppContext@7079f8f0{/,file:///tmp/jetty-0.0.0.0-35499-hddsDatanode-_-any-4462859256481264138.dir/webapp/,AVAILABLE}{/hddsDatanode}
2019-06-12 21:47:50,319 INFO  server.AbstractConnector (AbstractConnector.java:doStart(278)) - Started ServerConnector@121cf6f4{HTTP/1.1,[http/1.1]}{0.0.0.0:35499}
2019-06-12 21:47:50,319 INFO  server.Server (Server.java:doStart(419)) - Started @19480ms
2019-06-12 21:47:50,320 INFO  server.BaseHttpServer (BaseHttpServer.java:updateConnectorAddress(207)) - HTTP server of HDDSDATANODE is listening at http://0.0.0.0:35499
2019-06-12 21:47:50,409 INFO  ozone.HddsDatanodeService (HddsDatanodeService.java:startPlugins(396)) - Started plug-in org.apache.hadoop.ozone.web.OzoneHddsDatanodeService@3d764641
2019-06-12 21:47:50,409 INFO  impl.MetricsSystemImpl (MetricsSystemImpl.java:init(158)) - HddsDatanode metrics system started (again)
2019-06-12 21:47:50,411 INFO  ozone.HddsDatanodeService (HddsDatanodeService.java:start(185)) - HddsDatanodeService host:ozone-zc7hm-585872790 ip:192.168.19.17
2019-06-12 21:47:50,414 INFO  util.JvmPauseMonitor (JvmPauseMonitor.java:run(188)) - Starting JVM pause monitor
2019-06-12 21:47:50,415 INFO  datanode.InitDatanodeState (InitDatanodeState.java:persistContainerDatanodeDetails(140)) - DatanodeDetails is persisted to /opt/src/hadoop-ozone/integration-test/target/test-dir/MiniOzoneClusterImpl-a0a27a2a-d492-455c-9bb3-f8d67be5447a/datanode-3/meta/datanode.id
2019-06-12 21:47:50,421 INFO  volume.HddsVolume (HddsVolume.java:<init>(176)) - Creating Volume: /opt/src/hadoop-ozone/integration-test/target/test-dir/MiniOzoneClusterImpl-a0a27a2a-d492-455c-9bb3-f8d67be5447a/datanode-4/data/containers/hdds of  storage type : DISK and capacity : 104021790720
2019-06-12 21:47:50,422 INFO  volume.VolumeSet (VolumeSet.java:initializeVolumeSet(170)) - Added Volume : /opt/src/hadoop-ozone/integration-test/target/test-dir/MiniOzoneClusterImpl-a0a27a2a-d492-455c-9bb3-f8d67be5447a/datanode-4/data/containers/hdds to VolumeSet
2019-06-12 21:47:50,422 INFO  volume.ThrottledAsyncChecker (ThrottledAsyncChecker.java:schedule(140)) - Scheduling a check for org.apache.hadoop.ozone.container.common.volume.HddsVolume@7c3c3d67
2019-06-12 21:47:50,422 INFO  volume.HddsVolumeChecker (HddsVolumeChecker.java:checkAllVolumes(203)) - Scheduled health check for volume org.apache.hadoop.ozone.container.common.volume.HddsVolume@7c3c3d67
2019-06-12 21:47:50,434 INFO  ratis.XceiverServerRatis (XceiverServerRatis.java:newXceiverServerRatis(401)) - Found a free port for the server : 39805
2019-06-12 21:47:50,436 INFO  impl.RaftServerProxy (ConfUtils.java:logGet(43)) - raft.rpc.type = GRPC (default)
2019-06-12 21:47:50,436 INFO  grpc.GrpcConfigKeys$Server (ConfUtils.java:logGet(43)) - raft.grpc.server.port = 39805 (custom)
2019-06-12 21:47:50,436 INFO  server.GrpcService (ConfUtils.java:logGet(43)) - raft.grpc.message.size.max = 33570816 (custom)
2019-06-12 21:47:50,437 INFO  server.RaftServerConfigKeys (ConfUtils.java:logGet(43)) - raft.server.log.appender.buffer.byte-limit = 33554432 (custom)
2019-06-12 21:47:50,437 INFO  server.GrpcService (ConfUtils.java:logGet(43)) - raft.grpc.flow.control.window = 1MB (=1048576) (default)
2019-06-12 21:47:50,437 INFO  server.RaftServerConfigKeys (ConfUtils.java:logGet(43)) - raft.server.rpc.request.timeout = 3000ms (default)
2019-06-12 21:47:50,438 INFO  server.RaftServerConfigKeys (ConfUtils.java:logGet(43)) - raft.server.storage.dir = [/opt/src/hadoop-ozone/integration-test/target/test-dir/MiniOzoneClusterImpl-a0a27a2a-d492-455c-9bb3-f8d67be5447a/datanode-4/data/ratis] (custom)
2019-06-12 21:47:50,438 INFO  server.XceiverServerGrpc (XceiverServerGrpc.java:<init>(97)) - Found a free port for the server : 42767
2019-06-12 21:47:50,438 INFO  replication.SimpleContainerDownloader (SimpleContainerDownloader.java:<init>(72)) - Starting container downloader service to copy containers to replicate.
2019-06-12 21:47:50,439 INFO  hdfs.DFSUtil (DFSUtil.java:httpServerTemplateForNNAndJN(1641)) - Starting Web-server for hddsDatanode at: http://0.0.0.0:0
2019-06-12 21:47:50,441 INFO  server.AuthenticationFilter (AuthenticationFilter.java:constructSecretProvider(240)) - Unable to initialize FileSignerSecretProvider, falling back to use random secrets.
2019-06-12 21:47:50,442 WARN  http.HttpRequestLog (HttpRequestLog.java:getRequestLog(97)) - Jetty request log can only be enabled using Log4j
2019-06-12 21:47:50,443 INFO  http.HttpServer2 (HttpServer2.java:addGlobalFilter(975)) - Added global filter 'safety' (class=org.apache.hadoop.http.HttpServer2$QuotingInputFilter)
2019-06-12 21:47:50,444 INFO  http.HttpServer2 (HttpServer2.java:addFilter(948)) - Added filter static_user_filter (class=org.apache.hadoop.http.lib.StaticUserWebFilter$StaticUserFilter) to context hddsDatanode
2019-06-12 21:47:50,444 INFO  http.HttpServer2 (HttpServer2.java:addFilter(958)) - Added filter static_user_filter (class=org.apache.hadoop.http.lib.StaticUserWebFilter$StaticUserFilter) to context logs
2019-06-12 21:47:50,444 INFO  http.HttpServer2 (HttpServer2.java:addFilter(958)) - Added filter static_user_filter (class=org.apache.hadoop.http.lib.StaticUserWebFilter$StaticUserFilter) to context static
2019-06-12 21:47:50,445 INFO  http.HttpServer2 (HttpServer2.java:bindListener(1191)) - Jetty bound to port 35679
2019-06-12 21:47:50,445 INFO  server.Server (Server.java:doStart(351)) - jetty-9.3.24.v20180605, build timestamp: 2018-06-05T17:11:56Z, git hash: 84205aa28f11a4f31f2a3b86d1bba2cc8ab69827
2019-06-12 21:47:50,449 INFO  handler.ContextHandler (ContextHandler.java:doStart(781)) - Started o.e.j.s.ServletContextHandler@65ef9a0a{/logs,file:///opt/src/hadoop-ozone/integration-test/target/log,AVAILABLE}
2019-06-12 21:47:50,449 INFO  handler.ContextHandler (ContextHandler.java:doStart(781)) - Started o.e.j.s.ServletContextHandler@77e6761f{/static,jar:file:/root/.m2/repository/org/apache/hadoop/hadoop-hdds-container-service/0.5.0-SNAPSHOT/hadoop-hdds-container-service-0.5.0-SNAPSHOT.jar!/webapps/static,AVAILABLE}
2019-06-12 21:47:50,473 INFO  handler.ContextHandler (ContextHandler.java:doStart(781)) - Started o.e.j.w.WebAppContext@5477d90e{/,file:///tmp/jetty-0.0.0.0-35679-hddsDatanode-_-any-980158440438122336.dir/webapp/,AVAILABLE}{/hddsDatanode}
2019-06-12 21:47:50,474 INFO  server.AbstractConnector (AbstractConnector.java:doStart(278)) - Started ServerConnector@6dc9a56e{HTTP/1.1,[http/1.1]}{0.0.0.0:35679}
2019-06-12 21:47:50,475 INFO  server.Server (Server.java:doStart(419)) - Started @19635ms
2019-06-12 21:47:50,475 INFO  server.BaseHttpServer (BaseHttpServer.java:updateConnectorAddress(207)) - HTTP server of HDDSDATANODE is listening at http://0.0.0.0:35679
2019-06-12 21:47:50,573 INFO  ozone.HddsDatanodeService (HddsDatanodeService.java:startPlugins(396)) - Started plug-in org.apache.hadoop.ozone.web.OzoneHddsDatanodeService@30bd39d5
2019-06-12 21:47:50,573 INFO  impl.MetricsSystemImpl (MetricsSystemImpl.java:init(158)) - HddsDatanode metrics system started (again)
2019-06-12 21:47:50,575 INFO  ozone.HddsDatanodeService (HddsDatanodeService.java:start(185)) - HddsDatanodeService host:ozone-zc7hm-585872790 ip:192.168.19.17
2019-06-12 21:47:50,583 INFO  volume.HddsVolume (HddsVolume.java:<init>(176)) - Creating Volume: /opt/src/hadoop-ozone/integration-test/target/test-dir/MiniOzoneClusterImpl-a0a27a2a-d492-455c-9bb3-f8d67be5447a/datanode-5/data/containers/hdds of  storage type : DISK and capacity : 104021790720
2019-06-12 21:47:50,583 INFO  util.JvmPauseMonitor (JvmPauseMonitor.java:run(188)) - Starting JVM pause monitor
2019-06-12 21:47:50,583 INFO  volume.VolumeSet (VolumeSet.java:initializeVolumeSet(170)) - Added Volume : /opt/src/hadoop-ozone/integration-test/target/test-dir/MiniOzoneClusterImpl-a0a27a2a-d492-455c-9bb3-f8d67be5447a/datanode-5/data/containers/hdds to VolumeSet
2019-06-12 21:47:50,583 INFO  volume.ThrottledAsyncChecker (ThrottledAsyncChecker.java:schedule(140)) - Scheduling a check for org.apache.hadoop.ozone.container.common.volume.HddsVolume@445b85d7
2019-06-12 21:47:50,586 INFO  volume.HddsVolumeChecker (HddsVolumeChecker.java:checkAllVolumes(203)) - Scheduled health check for volume org.apache.hadoop.ozone.container.common.volume.HddsVolume@445b85d7
2019-06-12 21:47:50,586 INFO  datanode.InitDatanodeState (InitDatanodeState.java:persistContainerDatanodeDetails(140)) - DatanodeDetails is persisted to /opt/src/hadoop-ozone/integration-test/target/test-dir/MiniOzoneClusterImpl-a0a27a2a-d492-455c-9bb3-f8d67be5447a/datanode-4/meta/datanode.id
2019-06-12 21:47:50,596 INFO  ratis.XceiverServerRatis (XceiverServerRatis.java:newXceiverServerRatis(401)) - Found a free port for the server : 39615
2019-06-12 21:47:50,596 INFO  impl.RaftServerProxy (ConfUtils.java:logGet(43)) - raft.rpc.type = GRPC (default)
2019-06-12 21:47:50,597 INFO  grpc.GrpcConfigKeys$Server (ConfUtils.java:logGet(43)) - raft.grpc.server.port = 39615 (custom)
2019-06-12 21:47:50,597 INFO  server.GrpcService (ConfUtils.java:logGet(43)) - raft.grpc.message.size.max = 33570816 (custom)
2019-06-12 21:47:50,597 INFO  server.RaftServerConfigKeys (ConfUtils.java:logGet(43)) - raft.server.log.appender.buffer.byte-limit = 33554432 (custom)
2019-06-12 21:47:50,597 INFO  server.GrpcService (ConfUtils.java:logGet(43)) - raft.grpc.flow.control.window = 1MB (=1048576) (default)
2019-06-12 21:47:50,597 INFO  server.RaftServerConfigKeys (ConfUtils.java:logGet(43)) - raft.server.rpc.request.timeout = 3000ms (default)
2019-06-12 21:47:50,598 INFO  server.RaftServerConfigKeys (ConfUtils.java:logGet(43)) - raft.server.storage.dir = [/opt/src/hadoop-ozone/integration-test/target/test-dir/MiniOzoneClusterImpl-a0a27a2a-d492-455c-9bb3-f8d67be5447a/datanode-5/data/ratis] (custom)
2019-06-12 21:47:50,598 INFO  server.XceiverServerGrpc (XceiverServerGrpc.java:<init>(97)) - Found a free port for the server : 46667
2019-06-12 21:47:50,599 INFO  replication.SimpleContainerDownloader (SimpleContainerDownloader.java:<init>(72)) - Starting container downloader service to copy containers to replicate.
2019-06-12 21:47:50,600 INFO  hdfs.DFSUtil (DFSUtil.java:httpServerTemplateForNNAndJN(1641)) - Starting Web-server for hddsDatanode at: http://0.0.0.0:0
2019-06-12 21:47:50,601 INFO  server.AuthenticationFilter (AuthenticationFilter.java:constructSecretProvider(240)) - Unable to initialize FileSignerSecretProvider, falling back to use random secrets.
2019-06-12 21:47:50,601 WARN  http.HttpRequestLog (HttpRequestLog.java:getRequestLog(97)) - Jetty request log can only be enabled using Log4j
2019-06-12 21:47:50,602 INFO  http.HttpServer2 (HttpServer2.java:addGlobalFilter(975)) - Added global filter 'safety' (class=org.apache.hadoop.http.HttpServer2$QuotingInputFilter)
2019-06-12 21:47:50,603 INFO  http.HttpServer2 (HttpServer2.java:addFilter(948)) - Added filter static_user_filter (class=org.apache.hadoop.http.lib.StaticUserWebFilter$StaticUserFilter) to context hddsDatanode
2019-06-12 21:47:50,603 INFO  http.HttpServer2 (HttpServer2.java:addFilter(958)) - Added filter static_user_filter (class=org.apache.hadoop.http.lib.StaticUserWebFilter$StaticUserFilter) to context logs
2019-06-12 21:47:50,603 INFO  http.HttpServer2 (HttpServer2.java:addFilter(958)) - Added filter static_user_filter (class=org.apache.hadoop.http.lib.StaticUserWebFilter$StaticUserFilter) to context static
2019-06-12 21:47:50,603 INFO  http.HttpServer2 (HttpServer2.java:bindListener(1191)) - Jetty bound to port 36689
2019-06-12 21:47:50,604 INFO  server.Server (Server.java:doStart(351)) - jetty-9.3.24.v20180605, build timestamp: 2018-06-05T17:11:56Z, git hash: 84205aa28f11a4f31f2a3b86d1bba2cc8ab69827
2019-06-12 21:47:50,605 INFO  handler.ContextHandler (ContextHandler.java:doStart(781)) - Started o.e.j.s.ServletContextHandler@670a4738{/logs,file:///opt/src/hadoop-ozone/integration-test/target/log,AVAILABLE}
2019-06-12 21:47:50,605 INFO  handler.ContextHandler (ContextHandler.java:doStart(781)) - Started o.e.j.s.ServletContextHandler@ba0018e{/static,jar:file:/root/.m2/repository/org/apache/hadoop/hadoop-hdds-container-service/0.5.0-SNAPSHOT/hadoop-hdds-container-service-0.5.0-SNAPSHOT.jar!/webapps/static,AVAILABLE}
2019-06-12 21:47:50,626 INFO  handler.ContextHandler (ContextHandler.java:doStart(781)) - Started o.e.j.w.WebAppContext@4fa8297b{/,file:///tmp/jetty-0.0.0.0-36689-hddsDatanode-_-any-8233278924262836329.dir/webapp/,AVAILABLE}{/hddsDatanode}
2019-06-12 21:47:50,627 INFO  server.AbstractConnector (AbstractConnector.java:doStart(278)) - Started ServerConnector@6644bdf5{HTTP/1.1,[http/1.1]}{0.0.0.0:36689}
2019-06-12 21:47:50,628 INFO  server.Server (Server.java:doStart(419)) - Started @19788ms
2019-06-12 21:47:50,629 INFO  server.BaseHttpServer (BaseHttpServer.java:updateConnectorAddress(207)) - HTTP server of HDDSDATANODE is listening at http://0.0.0.0:36689
2019-06-12 21:47:50,736 INFO  ozone.HddsDatanodeService (HddsDatanodeService.java:startPlugins(396)) - Started plug-in org.apache.hadoop.ozone.web.OzoneHddsDatanodeService@5cd71ee2
2019-06-12 21:47:50,741 INFO  impl.MetricsSystemImpl (MetricsSystemImpl.java:init(158)) - HddsDatanode metrics system started (again)
2019-06-12 21:47:50,743 INFO  ozone.HddsDatanodeService (HddsDatanodeService.java:start(185)) - HddsDatanodeService host:ozone-zc7hm-585872790 ip:192.168.19.17
2019-06-12 21:47:50,766 INFO  util.JvmPauseMonitor (JvmPauseMonitor.java:run(188)) - Starting JVM pause monitor
2019-06-12 21:47:50,773 INFO  volume.HddsVolume (HddsVolume.java:<init>(176)) - Creating Volume: /opt/src/hadoop-ozone/integration-test/target/test-dir/MiniOzoneClusterImpl-a0a27a2a-d492-455c-9bb3-f8d67be5447a/datanode-6/data/containers/hdds of  storage type : DISK and capacity : 104021790720
2019-06-12 21:47:50,774 INFO  volume.VolumeSet (VolumeSet.java:initializeVolumeSet(170)) - Added Volume : /opt/src/hadoop-ozone/integration-test/target/test-dir/MiniOzoneClusterImpl-a0a27a2a-d492-455c-9bb3-f8d67be5447a/datanode-6/data/containers/hdds to VolumeSet
2019-06-12 21:47:50,774 INFO  volume.ThrottledAsyncChecker (ThrottledAsyncChecker.java:schedule(140)) - Scheduling a check for org.apache.hadoop.ozone.container.common.volume.HddsVolume@450d10cb
2019-06-12 21:47:50,774 INFO  datanode.InitDatanodeState (InitDatanodeState.java:persistContainerDatanodeDetails(140)) - DatanodeDetails is persisted to /opt/src/hadoop-ozone/integration-test/target/test-dir/MiniOzoneClusterImpl-a0a27a2a-d492-455c-9bb3-f8d67be5447a/datanode-5/meta/datanode.id
2019-06-12 21:47:50,776 INFO  volume.HddsVolumeChecker (HddsVolumeChecker.java:checkAllVolumes(203)) - Scheduled health check for volume org.apache.hadoop.ozone.container.common.volume.HddsVolume@450d10cb
2019-06-12 21:47:50,786 INFO  ratis.XceiverServerRatis (XceiverServerRatis.java:newXceiverServerRatis(401)) - Found a free port for the server : 42959
2019-06-12 21:47:50,786 INFO  impl.RaftServerProxy (ConfUtils.java:logGet(43)) - raft.rpc.type = GRPC (default)
2019-06-12 21:47:50,787 INFO  grpc.GrpcConfigKeys$Server (ConfUtils.java:logGet(43)) - raft.grpc.server.port = 42959 (custom)
2019-06-12 21:47:50,787 INFO  server.GrpcService (ConfUtils.java:logGet(43)) - raft.grpc.message.size.max = 33570816 (custom)
2019-06-12 21:47:50,787 INFO  server.RaftServerConfigKeys (ConfUtils.java:logGet(43)) - raft.server.log.appender.buffer.byte-limit = 33554432 (custom)
2019-06-12 21:47:50,787 INFO  server.GrpcService (ConfUtils.java:logGet(43)) - raft.grpc.flow.control.window = 1MB (=1048576) (default)
2019-06-12 21:47:50,787 INFO  server.RaftServerConfigKeys (ConfUtils.java:logGet(43)) - raft.server.rpc.request.timeout = 3000ms (default)
2019-06-12 21:47:50,788 INFO  server.RaftServerConfigKeys (ConfUtils.java:logGet(43)) - raft.server.storage.dir = [/opt/src/hadoop-ozone/integration-test/target/test-dir/MiniOzoneClusterImpl-a0a27a2a-d492-455c-9bb3-f8d67be5447a/datanode-6/data/ratis] (custom)
2019-06-12 21:47:50,788 INFO  server.XceiverServerGrpc (XceiverServerGrpc.java:<init>(97)) - Found a free port for the server : 43451
2019-06-12 21:47:50,788 INFO  replication.SimpleContainerDownloader (SimpleContainerDownloader.java:<init>(72)) - Starting container downloader service to copy containers to replicate.
2019-06-12 21:47:50,790 INFO  hdfs.DFSUtil (DFSUtil.java:httpServerTemplateForNNAndJN(1641)) - Starting Web-server for hddsDatanode at: http://0.0.0.0:0
2019-06-12 21:47:50,791 INFO  server.AuthenticationFilter (AuthenticationFilter.java:constructSecretProvider(240)) - Unable to initialize FileSignerSecretProvider, falling back to use random secrets.
2019-06-12 21:47:50,791 WARN  http.HttpRequestLog (HttpRequestLog.java:getRequestLog(97)) - Jetty request log can only be enabled using Log4j
2019-06-12 21:47:50,792 INFO  http.HttpServer2 (HttpServer2.java:addGlobalFilter(975)) - Added global filter 'safety' (class=org.apache.hadoop.http.HttpServer2$QuotingInputFilter)
2019-06-12 21:47:50,793 INFO  http.HttpServer2 (HttpServer2.java:addFilter(948)) - Added filter static_user_filter (class=org.apache.hadoop.http.lib.StaticUserWebFilter$StaticUserFilter) to context hddsDatanode
2019-06-12 21:47:50,793 INFO  http.HttpServer2 (HttpServer2.java:addFilter(958)) - Added filter static_user_filter (class=org.apache.hadoop.http.lib.StaticUserWebFilter$StaticUserFilter) to context logs
2019-06-12 21:47:50,793 INFO  http.HttpServer2 (HttpServer2.java:addFilter(958)) - Added filter static_user_filter (class=org.apache.hadoop.http.lib.StaticUserWebFilter$StaticUserFilter) to context static
2019-06-12 21:47:50,793 INFO  http.HttpServer2 (HttpServer2.java:bindListener(1191)) - Jetty bound to port 44439
2019-06-12 21:47:50,793 INFO  server.Server (Server.java:doStart(351)) - jetty-9.3.24.v20180605, build timestamp: 2018-06-05T17:11:56Z, git hash: 84205aa28f11a4f31f2a3b86d1bba2cc8ab69827
2019-06-12 21:47:50,795 INFO  handler.ContextHandler (ContextHandler.java:doStart(781)) - Started o.e.j.s.ServletContextHandler@65503a26{/logs,file:///opt/src/hadoop-ozone/integration-test/target/log,AVAILABLE}
2019-06-12 21:47:50,795 INFO  handler.ContextHandler (ContextHandler.java:doStart(781)) - Started o.e.j.s.ServletContextHandler@26d7cb0d{/static,jar:file:/root/.m2/repository/org/apache/hadoop/hadoop-hdds-container-service/0.5.0-SNAPSHOT/hadoop-hdds-container-service-0.5.0-SNAPSHOT.jar!/webapps/static,AVAILABLE}
2019-06-12 21:47:50,824 INFO  handler.ContextHandler (ContextHandler.java:doStart(781)) - Started o.e.j.w.WebAppContext@3ef46749{/,file:///tmp/jetty-0.0.0.0-44439-hddsDatanode-_-any-1014343480769750509.dir/webapp/,AVAILABLE}{/hddsDatanode}
2019-06-12 21:47:50,829 INFO  server.AbstractConnector (AbstractConnector.java:doStart(278)) - Started ServerConnector@40b54762{HTTP/1.1,[http/1.1]}{0.0.0.0:44439}
2019-06-12 21:47:50,830 INFO  server.Server (Server.java:doStart(419)) - Started @19991ms
2019-06-12 21:47:50,831 INFO  server.BaseHttpServer (BaseHttpServer.java:updateConnectorAddress(207)) - HTTP server of HDDSDATANODE is listening at http://0.0.0.0:44439
2019-06-12 21:47:50,970 INFO  ozone.HddsDatanodeService (HddsDatanodeService.java:startPlugins(396)) - Started plug-in org.apache.hadoop.ozone.web.OzoneHddsDatanodeService@2d7aa291
2019-06-12 21:47:50,971 INFO  ozone.MiniOzoneClusterImpl (MiniOzoneClusterImpl.java:lambda$waitForClusterToBeReady$0(142)) - Waiting for cluster to be ready. Got 0 of 7 DN Heartbeats.
2019-06-12 21:47:50,972 INFO  util.JvmPauseMonitor (JvmPauseMonitor.java:run(188)) - Starting JVM pause monitor
2019-06-12 21:47:50,974 INFO  datanode.InitDatanodeState (InitDatanodeState.java:persistContainerDatanodeDetails(140)) - DatanodeDetails is persisted to /opt/src/hadoop-ozone/integration-test/target/test-dir/MiniOzoneClusterImpl-a0a27a2a-d492-455c-9bb3-f8d67be5447a/datanode-6/meta/datanode.id
2019-06-12 21:47:51,928 INFO  ozoneimpl.OzoneContainer (OzoneContainer.java:start(186)) - Attempting to start container services.
2019-06-12 21:47:51,931 INFO  ozoneimpl.OzoneContainer (OzoneContainer.java:startContainerScrub(160)) - Background container scrubber has been disabled by hdds.containerscrub.enabled
2019-06-12 21:47:51,931 INFO  ratis.XceiverServerRatis (XceiverServerRatis.java:start(418)) - Starting XceiverServerRatis 1bb1601a-461d-44b5-8dff-4150b9cd57b0 at port 37067
2019-06-12 21:47:51,939 INFO  impl.RaftServerProxy (RaftServerProxy.java:lambda$start$3(299)) - 1bb1601a-461d-44b5-8dff-4150b9cd57b0: start RPC server
2019-06-12 21:47:51,940 INFO  server.GrpcService (GrpcService.java:startImpl(148)) - 1bb1601a-461d-44b5-8dff-4150b9cd57b0: GrpcService started, listening on 0.0.0.0/0.0.0.0:37067
2019-06-12 21:47:51,972 INFO  ozone.MiniOzoneClusterImpl (MiniOzoneClusterImpl.java:lambda$waitForClusterToBeReady$0(142)) - Waiting for cluster to be ready. Got 0 of 7 DN Heartbeats.
2019-06-12 21:47:52,079 INFO  ozoneimpl.OzoneContainer (OzoneContainer.java:start(186)) - Attempting to start container services.
2019-06-12 21:47:52,083 INFO  ozoneimpl.OzoneContainer (OzoneContainer.java:startContainerScrub(160)) - Background container scrubber has been disabled by hdds.containerscrub.enabled
2019-06-12 21:47:52,084 INFO  ratis.XceiverServerRatis (XceiverServerRatis.java:start(418)) - Starting XceiverServerRatis 2c3faec0-138c-4145-8f7e-b9bb73a09d72 at port 37449
2019-06-12 21:47:52,088 INFO  impl.RaftServerProxy (RaftServerProxy.java:lambda$start$3(299)) - 2c3faec0-138c-4145-8f7e-b9bb73a09d72: start RPC server
2019-06-12 21:47:52,089 INFO  server.GrpcService (GrpcService.java:startImpl(148)) - 2c3faec0-138c-4145-8f7e-b9bb73a09d72: GrpcService started, listening on 0.0.0.0/0.0.0.0:37449
2019-06-12 21:47:52,276 INFO  ozoneimpl.OzoneContainer (OzoneContainer.java:start(186)) - Attempting to start container services.
2019-06-12 21:47:52,276 INFO  ozoneimpl.OzoneContainer (OzoneContainer.java:startContainerScrub(160)) - Background container scrubber has been disabled by hdds.containerscrub.enabled
2019-06-12 21:47:52,276 INFO  ratis.XceiverServerRatis (XceiverServerRatis.java:start(418)) - Starting XceiverServerRatis 347f29f3-131f-4aa8-8f33-e8d8619d6d51 at port 37301
2019-06-12 21:47:52,279 INFO  impl.RaftServerProxy (RaftServerProxy.java:lambda$start$3(299)) - 347f29f3-131f-4aa8-8f33-e8d8619d6d51: start RPC server
2019-06-12 21:47:52,280 INFO  server.GrpcService (GrpcService.java:startImpl(148)) - 347f29f3-131f-4aa8-8f33-e8d8619d6d51: GrpcService started, listening on 0.0.0.0/0.0.0.0:37301
2019-06-12 21:47:52,419 INFO  ozoneimpl.OzoneContainer (OzoneContainer.java:start(186)) - Attempting to start container services.
2019-06-12 21:47:52,419 INFO  ozoneimpl.OzoneContainer (OzoneContainer.java:startContainerScrub(160)) - Background container scrubber has been disabled by hdds.containerscrub.enabled
2019-06-12 21:47:52,419 INFO  ratis.XceiverServerRatis (XceiverServerRatis.java:start(418)) - Starting XceiverServerRatis a09b26e6-dce9-41fc-a055-bce9051bf65c at port 34145
2019-06-12 21:47:52,428 INFO  impl.RaftServerProxy (RaftServerProxy.java:lambda$start$3(299)) - a09b26e6-dce9-41fc-a055-bce9051bf65c: start RPC server
2019-06-12 21:47:52,430 INFO  server.GrpcService (GrpcService.java:startImpl(148)) - a09b26e6-dce9-41fc-a055-bce9051bf65c: GrpcService started, listening on 0.0.0.0/0.0.0.0:34145
2019-06-12 21:47:52,587 INFO  ozoneimpl.OzoneContainer (OzoneContainer.java:start(186)) - Attempting to start container services.
2019-06-12 21:47:52,587 INFO  ozoneimpl.OzoneContainer (OzoneContainer.java:startContainerScrub(160)) - Background container scrubber has been disabled by hdds.containerscrub.enabled
2019-06-12 21:47:52,587 INFO  ratis.XceiverServerRatis (XceiverServerRatis.java:start(418)) - Starting XceiverServerRatis 2fd43888-4802-494d-b7ed-9803a9d9e397 at port 39805
2019-06-12 21:47:52,595 INFO  impl.RaftServerProxy (RaftServerProxy.java:lambda$start$3(299)) - 2fd43888-4802-494d-b7ed-9803a9d9e397: start RPC server
2019-06-12 21:47:52,597 INFO  server.GrpcService (GrpcService.java:startImpl(148)) - 2fd43888-4802-494d-b7ed-9803a9d9e397: GrpcService started, listening on 0.0.0.0/0.0.0.0:39805
2019-06-12 21:47:52,770 INFO  ozoneimpl.OzoneContainer (OzoneContainer.java:start(186)) - Attempting to start container services.
2019-06-12 21:47:52,770 INFO  ozoneimpl.OzoneContainer (OzoneContainer.java:startContainerScrub(160)) - Background container scrubber has been disabled by hdds.containerscrub.enabled
2019-06-12 21:47:52,770 INFO  ratis.XceiverServerRatis (XceiverServerRatis.java:start(418)) - Starting XceiverServerRatis 7ec98583-0afb-4499-af5f-a9a0d88b654f at port 39615
2019-06-12 21:47:52,777 INFO  impl.RaftServerProxy (RaftServerProxy.java:lambda$start$3(299)) - 7ec98583-0afb-4499-af5f-a9a0d88b654f: start RPC server
2019-06-12 21:47:52,778 INFO  server.GrpcService (GrpcService.java:startImpl(148)) - 7ec98583-0afb-4499-af5f-a9a0d88b654f: GrpcService started, listening on 0.0.0.0/0.0.0.0:39615
2019-06-12 21:47:52,972 INFO  ozone.MiniOzoneClusterImpl (MiniOzoneClusterImpl.java:lambda$waitForClusterToBeReady$0(142)) - Waiting for cluster to be ready. Got 0 of 7 DN Heartbeats.
2019-06-12 21:47:52,976 INFO  ozoneimpl.OzoneContainer (OzoneContainer.java:start(186)) - Attempting to start container services.
2019-06-12 21:47:52,977 INFO  ozoneimpl.OzoneContainer (OzoneContainer.java:startContainerScrub(160)) - Background container scrubber has been disabled by hdds.containerscrub.enabled
2019-06-12 21:47:52,977 INFO  ratis.XceiverServerRatis (XceiverServerRatis.java:start(418)) - Starting XceiverServerRatis 5ab9abfe-59c8-4e0b-ab1f-4a4503f64bcd at port 42959
2019-06-12 21:47:52,981 INFO  impl.RaftServerProxy (RaftServerProxy.java:lambda$start$3(299)) - 5ab9abfe-59c8-4e0b-ab1f-4a4503f64bcd: start RPC server
2019-06-12 21:47:52,981 INFO  server.GrpcService (GrpcService.java:startImpl(148)) - 5ab9abfe-59c8-4e0b-ab1f-4a4503f64bcd: GrpcService started, listening on 0.0.0.0/0.0.0.0:42959
2019-06-12 21:47:53,920 INFO  node.SCMNodeManager (SCMNodeManager.java:register(234)) - Registered Data node : 1bb1601a-461d-44b5-8dff-4150b9cd57b0{ip: 192.168.19.17, host: ozone-zc7hm-585872790, networkLocation: /default-rack, certSerialId: null}
2019-06-12 21:47:53,922 INFO  safemode.SCMSafeModeManager (DataNodeSafeModeRule.java:process(71)) - SCM in safe mode. 1 DataNodes registered, 1 required.
2019-06-12 21:47:53,924 INFO  safemode.SCMSafeModeManager (SCMSafeModeManager.java:validateSafeModeExitRules(177)) - ScmSafeModeManager, all rules are successfully validated
2019-06-12 21:47:53,924 INFO  safemode.SCMSafeModeManager (SCMSafeModeManager.java:exitSafeMode(193)) - SCM exiting safe mode.
2019-06-12 21:47:53,937 INFO  impl.RaftServerProxy (RaftServerProxy.java:addNew(89)) - 1bb1601a-461d-44b5-8dff-4150b9cd57b0: addNew group-1903268354FF:[1bb1601a-461d-44b5-8dff-4150b9cd57b0:192.168.19.17:37067] returns group-1903268354FF:java.util.concurrent.CompletableFuture@7822b942[Not completed]
2019-06-12 21:47:53,938 INFO  impl.RaftServerImpl (RaftServerImpl.java:<init>(91)) - 1bb1601a-461d-44b5-8dff-4150b9cd57b0: new RaftServerImpl for group-1903268354FF:[1bb1601a-461d-44b5-8dff-4150b9cd57b0:192.168.19.17:37067] with ContainerStateMachine:uninitialized
2019-06-12 21:47:53,938 INFO  server.RaftServerConfigKeys (ConfUtils.java:logGet(43)) - raft.server.rpc.timeout.min = 1s (custom)
2019-06-12 21:47:53,938 INFO  server.RaftServerConfigKeys (ConfUtils.java:logGet(43)) - raft.server.rpc.timeout.max = 1200ms (custom)
2019-06-12 21:47:53,938 INFO  server.RaftServerConfigKeys (ConfUtils.java:logGet(43)) - raft.server.rpcslowness.timeout = 120s (custom)
2019-06-12 21:47:53,938 INFO  server.RaftServerConfigKeys (ConfUtils.java:logGet(43)) - raft.server.log.appender.install.snapshot.enabled = true (default)
2019-06-12 21:47:53,938 INFO  impl.RaftServerImpl (ServerState.java:<init>(101)) - 1bb1601a-461d-44b5-8dff-4150b9cd57b0:group-1903268354FF ConfigurationManager, init=-1: [1bb1601a-461d-44b5-8dff-4150b9cd57b0:192.168.19.17:37067], old=null, confs=<EMPTY_MAP>
2019-06-12 21:47:53,939 INFO  server.RaftServerConfigKeys (ConfUtils.java:logGet(43)) - raft.server.storage.dir = [/opt/src/hadoop-ozone/integration-test/target/test-dir/MiniOzoneClusterImpl-a0a27a2a-d492-455c-9bb3-f8d67be5447a/datanode-0/data/ratis] (custom)
2019-06-12 21:47:53,939 INFO  storage.RaftStorageDirectory (RaftStorageDirectory.java:analyzeStorage(246)) - The storage directory /opt/src/hadoop-ozone/integration-test/target/test-dir/MiniOzoneClusterImpl-a0a27a2a-d492-455c-9bb3-f8d67be5447a/datanode-0/data/ratis/b2971c70-3cc7-47e0-8b4b-1903268354ff does not exist. Creating ...
2019-06-12 21:47:53,942 INFO  storage.RaftStorageDirectory (RaftStorageDirectory.java:tryLock(328)) - Lock on /opt/src/hadoop-ozone/integration-test/target/test-dir/MiniOzoneClusterImpl-a0a27a2a-d492-455c-9bb3-f8d67be5447a/datanode-0/data/ratis/b2971c70-3cc7-47e0-8b4b-1903268354ff/in_use.lock acquired by nodename 30724@ozone-zc7hm-585872790
2019-06-12 21:47:53,944 INFO  storage.RaftStorage (RaftStorage.java:format(75)) - Storage directory /opt/src/hadoop-ozone/integration-test/target/test-dir/MiniOzoneClusterImpl-a0a27a2a-d492-455c-9bb3-f8d67be5447a/datanode-0/data/ratis/b2971c70-3cc7-47e0-8b4b-1903268354ff has been successfully formatted.
2019-06-12 21:47:53,944 INFO  ratis.ContainerStateMachine (ContainerStateMachine.java:loadSnapshot(199)) - The snapshot info is null.Setting the last applied index to:(t:0, i:~)
2019-06-12 21:47:53,945 INFO  server.RaftServerConfigKeys (ConfUtils.java:logGet(43)) - raft.server.leader.election.timeout = 120s (custom)
2019-06-12 21:47:53,945 INFO  server.RaftServerConfigKeys (ConfUtils.java:logGet(43)) - raft.server.log.use.memory = false (default)
2019-06-12 21:47:53,945 INFO  server.RaftServerConfigKeys (ConfUtils.java:logGet(43)) - raft.server.log.appender.buffer.byte-limit = 33554432 (custom)
2019-06-12 21:47:53,945 INFO  server.RaftServerConfigKeys (ConfUtils.java:logGet(43)) - raft.server.log.segment.size.max = 16384 (custom)
2019-06-12 21:47:53,945 INFO  server.RaftServerConfigKeys (ConfUtils.java:logGet(43)) - raft.server.log.segment.cache.num.max = 2 (custom)
2019-06-12 21:47:53,945 INFO  storage.RaftLogWorker (RaftLogWorker.java:<init>(123)) - new 1bb1601a-461d-44b5-8dff-4150b9cd57b0-RaftLogWorker for Storage Directory /opt/src/hadoop-ozone/integration-test/target/test-dir/MiniOzoneClusterImpl-a0a27a2a-d492-455c-9bb3-f8d67be5447a/datanode-0/data/ratis/b2971c70-3cc7-47e0-8b4b-1903268354ff
2019-06-12 21:47:53,945 INFO  server.RaftServerConfigKeys (ConfUtils.java:logGet(43)) - raft.server.log.queue.byte-limit = 2147483647 (custom)
2019-06-12 21:47:53,945 INFO  server.RaftServerConfigKeys (ConfUtils.java:logGet(43)) - raft.server.log.queue.element-limit = 1024 (custom)
2019-06-12 21:47:53,945 INFO  server.RaftServerConfigKeys (ConfUtils.java:logGet(43)) - raft.server.log.segment.size.max = 16384 (custom)
2019-06-12 21:47:53,945 INFO  server.RaftServerConfigKeys (ConfUtils.java:logGet(43)) - raft.server.log.preallocated.size = 16384 (custom)
2019-06-12 21:47:53,945 INFO  server.RaftServerConfigKeys (ConfUtils.java:logGet(43)) - raft.server.log.write.buffer.size = 33554432 (custom)
2019-06-12 21:47:53,945 INFO  server.RaftServerConfigKeys (ConfUtils.java:logGet(43)) - raft.server.log.force.sync.num = 128 (default)
2019-06-12 21:47:53,945 INFO  server.RaftServerConfigKeys (ConfUtils.java:logGet(43)) - raft.server.log.statemachine.data.sync = true (default)
2019-06-12 21:47:53,945 INFO  server.RaftServerConfigKeys (ConfUtils.java:logGet(43)) - raft.server.log.statemachine.data.sync.timeout = 10s (default)
2019-06-12 21:47:53,946 INFO  server.RaftServerConfigKeys (ConfUtils.java:logGet(43)) - raft.server.log.statemachine.data.sync.timeout.retry = -1 (default)
2019-06-12 21:47:53,946 INFO  server.RaftServerConfigKeys (ConfUtils.java:logGet(43)) - raft.server.log.statemachine.data.caching.enabled = true (custom)
2019-06-12 21:47:53,946 INFO  server.RaftServerConfigKeys (ConfUtils.java:logGet(43)) - raft.server.snapshot.auto.trigger.enabled = true (custom)
2019-06-12 21:47:53,946 INFO  server.RaftServerConfigKeys (ConfUtils.java:logGet(43)) - raft.server.snapshot.auto.trigger.threshold = 10000 (custom)
2019-06-12 21:47:53,946 INFO  server.RaftServerConfigKeys (ConfUtils.java:logGet(43)) - raft.server.retrycache.expirytime = 600000ms (custom)
2019-06-12 21:47:53,946 INFO  impl.RaftServerImpl (RaftServerImpl.java:start(173)) - 1bb1601a-461d-44b5-8dff-4150b9cd57b0: start group-1903268354FF
2019-06-12 21:47:53,946 INFO  impl.RaftServerImpl (RaftServerImpl.java:setRole(164)) - 1bb1601a-461d-44b5-8dff-4150b9cd57b0:group-1903268354FF changes role from null to FOLLOWER at term 0 for startAsFollower
2019-06-12 21:47:53,946 INFO  impl.RoleInfo (RoleInfo.java:updateAndGet(143)) - 1bb1601a-461d-44b5-8dff-4150b9cd57b0: start FollowerState
2019-06-12 21:47:53,947 INFO  util.JmxRegister (JmxRegister.java:tryRegister(44)) - Successfully registered JMX Bean with object name Ratis:service=RaftServer,group=group-1903268354FF,id=1bb1601a-461d-44b5-8dff-4150b9cd57b0
2019-06-12 21:47:53,951 INFO  pipeline.PipelineStateManager (PipelineStateManager.java:addPipeline(56)) - Created pipeline Pipeline[ Id: b2971c70-3cc7-47e0-8b4b-1903268354ff, Nodes: 1bb1601a-461d-44b5-8dff-4150b9cd57b0{ip: 192.168.19.17, host: ozone-zc7hm-585872790, networkLocation: /default-rack, certSerialId: null}, Type:RATIS, Factor:ONE, State:OPEN]
2019-06-12 21:47:53,972 INFO  ozone.MiniOzoneClusterImpl (MiniOzoneClusterImpl.java:lambda$waitForClusterToBeReady$0(142)) - Waiting for cluster to be ready. Got 1 of 7 DN Heartbeats.
2019-06-12 21:47:54,070 INFO  node.SCMNodeManager (SCMNodeManager.java:register(234)) - Registered Data node : 2c3faec0-138c-4145-8f7e-b9bb73a09d72{ip: 192.168.19.17, host: ozone-zc7hm-585872790, networkLocation: /default-rack, certSerialId: null}
2019-06-12 21:47:54,077 INFO  impl.RaftServerProxy (RaftServerProxy.java:addNew(89)) - 2c3faec0-138c-4145-8f7e-b9bb73a09d72: addNew group-F7B5BD55EF0F:[2c3faec0-138c-4145-8f7e-b9bb73a09d72:192.168.19.17:37449] returns group-F7B5BD55EF0F:java.util.concurrent.CompletableFuture@ae5a5da[Not completed]
2019-06-12 21:47:54,078 INFO  impl.RaftServerImpl (RaftServerImpl.java:<init>(91)) - 2c3faec0-138c-4145-8f7e-b9bb73a09d72: new RaftServerImpl for group-F7B5BD55EF0F:[2c3faec0-138c-4145-8f7e-b9bb73a09d72:192.168.19.17:37449] with ContainerStateMachine:uninitialized
2019-06-12 21:47:54,078 INFO  server.RaftServerConfigKeys (ConfUtils.java:logGet(43)) - raft.server.rpc.timeout.min = 1s (custom)
2019-06-12 21:47:54,078 INFO  server.RaftServerConfigKeys (ConfUtils.java:logGet(43)) - raft.server.rpc.timeout.max = 1200ms (custom)
2019-06-12 21:47:54,078 INFO  server.RaftServerConfigKeys (ConfUtils.java:logGet(43)) - raft.server.rpcslowness.timeout = 120s (custom)
2019-06-12 21:47:54,078 INFO  server.RaftServerConfigKeys (ConfUtils.java:logGet(43)) - raft.server.log.appender.install.snapshot.enabled = true (default)
2019-06-12 21:47:54,078 INFO  impl.RaftServerImpl (ServerState.java:<init>(101)) - 2c3faec0-138c-4145-8f7e-b9bb73a09d72:group-F7B5BD55EF0F ConfigurationManager, init=-1: [2c3faec0-138c-4145-8f7e-b9bb73a09d72:192.168.19.17:37449], old=null, confs=<EMPTY_MAP>
2019-06-12 21:47:54,078 INFO  server.RaftServerConfigKeys (ConfUtils.java:logGet(43)) - raft.server.storage.dir = [/opt/src/hadoop-ozone/integration-test/target/test-dir/MiniOzoneClusterImpl-a0a27a2a-d492-455c-9bb3-f8d67be5447a/datanode-1/data/ratis] (custom)
2019-06-12 21:47:54,079 INFO  storage.RaftStorageDirectory (RaftStorageDirectory.java:analyzeStorage(246)) - The storage directory /opt/src/hadoop-ozone/integration-test/target/test-dir/MiniOzoneClusterImpl-a0a27a2a-d492-455c-9bb3-f8d67be5447a/datanode-1/data/ratis/3bc590e8-741d-4b7a-8a91-f7b5bd55ef0f does not exist. Creating ...
2019-06-12 21:47:54,081 INFO  storage.RaftStorageDirectory (RaftStorageDirectory.java:tryLock(328)) - Lock on /opt/src/hadoop-ozone/integration-test/target/test-dir/MiniOzoneClusterImpl-a0a27a2a-d492-455c-9bb3-f8d67be5447a/datanode-1/data/ratis/3bc590e8-741d-4b7a-8a91-f7b5bd55ef0f/in_use.lock acquired by nodename 30724@ozone-zc7hm-585872790
2019-06-12 21:47:54,083 INFO  storage.RaftStorage (RaftStorage.java:format(75)) - Storage directory /opt/src/hadoop-ozone/integration-test/target/test-dir/MiniOzoneClusterImpl-a0a27a2a-d492-455c-9bb3-f8d67be5447a/datanode-1/data/ratis/3bc590e8-741d-4b7a-8a91-f7b5bd55ef0f has been successfully formatted.
2019-06-12 21:47:54,083 INFO  ratis.ContainerStateMachine (ContainerStateMachine.java:loadSnapshot(199)) - The snapshot info is null.Setting the last applied index to:(t:0, i:~)
2019-06-12 21:47:54,083 INFO  server.RaftServerConfigKeys (ConfUtils.java:logGet(43)) - raft.server.leader.election.timeout = 120s (custom)
2019-06-12 21:47:54,083 INFO  server.RaftServerConfigKeys (ConfUtils.java:logGet(43)) - raft.server.log.use.memory = false (default)
2019-06-12 21:47:54,083 INFO  server.RaftServerConfigKeys (ConfUtils.java:logGet(43)) - raft.server.log.appender.buffer.byte-limit = 33554432 (custom)
2019-06-12 21:47:54,084 INFO  server.RaftServerConfigKeys (ConfUtils.java:logGet(43)) - raft.server.log.segment.size.max = 16384 (custom)
2019-06-12 21:47:54,084 INFO  server.RaftServerConfigKeys (ConfUtils.java:logGet(43)) - raft.server.log.segment.cache.num.max = 2 (custom)
2019-06-12 21:47:54,084 INFO  storage.RaftLogWorker (RaftLogWorker.java:<init>(123)) - new 2c3faec0-138c-4145-8f7e-b9bb73a09d72-RaftLogWorker for Storage Directory /opt/src/hadoop-ozone/integration-test/target/test-dir/MiniOzoneClusterImpl-a0a27a2a-d492-455c-9bb3-f8d67be5447a/datanode-1/data/ratis/3bc590e8-741d-4b7a-8a91-f7b5bd55ef0f
2019-06-12 21:47:54,084 INFO  server.RaftServerConfigKeys (ConfUtils.java:logGet(43)) - raft.server.log.queue.byte-limit = 2147483647 (custom)
2019-06-12 21:47:54,084 INFO  server.RaftServerConfigKeys (ConfUtils.java:logGet(43)) - raft.server.log.queue.element-limit = 1024 (custom)
2019-06-12 21:47:54,084 INFO  server.RaftServerConfigKeys (ConfUtils.java:logGet(43)) - raft.server.log.segment.size.max = 16384 (custom)
2019-06-12 21:47:54,084 INFO  server.RaftServerConfigKeys (ConfUtils.java:logGet(43)) - raft.server.log.preallocated.size = 16384 (custom)
2019-06-12 21:47:54,084 INFO  server.RaftServerConfigKeys (ConfUtils.java:logGet(43)) - raft.server.log.write.buffer.size = 33554432 (custom)
2019-06-12 21:47:54,084 INFO  server.RaftServerConfigKeys (ConfUtils.java:logGet(43)) - raft.server.log.force.sync.num = 128 (default)
2019-06-12 21:47:54,084 INFO  server.RaftServerConfigKeys (ConfUtils.java:logGet(43)) - raft.server.log.statemachine.data.sync = true (default)
2019-06-12 21:47:54,085 INFO  server.RaftServerConfigKeys (ConfUtils.java:logGet(43)) - raft.server.log.statemachine.data.sync.timeout = 10s (default)
2019-06-12 21:47:54,085 INFO  server.RaftServerConfigKeys (ConfUtils.java:logGet(43)) - raft.server.log.statemachine.data.sync.timeout.retry = -1 (default)
2019-06-12 21:47:54,085 INFO  server.RaftServerConfigKeys (ConfUtils.java:logGet(43)) - raft.server.log.statemachine.data.caching.enabled = true (custom)
2019-06-12 21:47:54,085 INFO  server.RaftServerConfigKeys (ConfUtils.java:logGet(43)) - raft.server.snapshot.auto.trigger.enabled = true (custom)
2019-06-12 21:47:54,085 INFO  server.RaftServerConfigKeys (ConfUtils.java:logGet(43)) - raft.server.snapshot.auto.trigger.threshold = 10000 (custom)
2019-06-12 21:47:54,085 INFO  server.RaftServerConfigKeys (ConfUtils.java:logGet(43)) - raft.server.retrycache.expirytime = 600000ms (custom)
2019-06-12 21:47:54,086 INFO  impl.RaftServerImpl (RaftServerImpl.java:start(173)) - 2c3faec0-138c-4145-8f7e-b9bb73a09d72: start group-F7B5BD55EF0F
2019-06-12 21:47:54,086 INFO  impl.RaftServerImpl (RaftServerImpl.java:setRole(164)) - 2c3faec0-138c-4145-8f7e-b9bb73a09d72:group-F7B5BD55EF0F changes role from null to FOLLOWER at term 0 for startAsFollower
2019-06-12 21:47:54,086 INFO  impl.RoleInfo (RoleInfo.java:updateAndGet(143)) - 2c3faec0-138c-4145-8f7e-b9bb73a09d72: start FollowerState
2019-06-12 21:47:54,086 INFO  util.JmxRegister (JmxRegister.java:tryRegister(44)) - Successfully registered JMX Bean with object name Ratis:service=RaftServer,group=group-F7B5BD55EF0F,id=2c3faec0-138c-4145-8f7e-b9bb73a09d72
2019-06-12 21:47:54,090 INFO  pipeline.PipelineStateManager (PipelineStateManager.java:addPipeline(56)) - Created pipeline Pipeline[ Id: 3bc590e8-741d-4b7a-8a91-f7b5bd55ef0f, Nodes: 2c3faec0-138c-4145-8f7e-b9bb73a09d72{ip: 192.168.19.17, host: ozone-zc7hm-585872790, networkLocation: /default-rack, certSerialId: null}, Type:RATIS, Factor:ONE, State:OPEN]
2019-06-12 21:47:54,274 INFO  node.SCMNodeManager (SCMNodeManager.java:register(234)) - Registered Data node : 347f29f3-131f-4aa8-8f33-e8d8619d6d51{ip: 192.168.19.17, host: ozone-zc7hm-585872790, networkLocation: /default-rack, certSerialId: null}
2019-06-12 21:47:54,281 INFO  impl.RaftServerProxy (RaftServerProxy.java:addNew(89)) - 347f29f3-131f-4aa8-8f33-e8d8619d6d51: addNew group-600E53037C23:[347f29f3-131f-4aa8-8f33-e8d8619d6d51:192.168.19.17:37301] returns group-600E53037C23:java.util.concurrent.CompletableFuture@5b14df92[Not completed]
2019-06-12 21:47:54,281 INFO  impl.RaftServerImpl (RaftServerImpl.java:<init>(91)) - 347f29f3-131f-4aa8-8f33-e8d8619d6d51: new RaftServerImpl for group-600E53037C23:[347f29f3-131f-4aa8-8f33-e8d8619d6d51:192.168.19.17:37301] with ContainerStateMachine:uninitialized
2019-06-12 21:47:54,281 INFO  server.RaftServerConfigKeys (ConfUtils.java:logGet(43)) - raft.server.rpc.timeout.min = 1s (custom)
2019-06-12 21:47:54,282 INFO  server.RaftServerConfigKeys (ConfUtils.java:logGet(43)) - raft.server.rpc.timeout.max = 1200ms (custom)
2019-06-12 21:47:54,282 INFO  server.RaftServerConfigKeys (ConfUtils.java:logGet(43)) - raft.server.rpcslowness.timeout = 120s (custom)
2019-06-12 21:47:54,282 INFO  server.RaftServerConfigKeys (ConfUtils.java:logGet(43)) - raft.server.log.appender.install.snapshot.enabled = true (default)
2019-06-12 21:47:54,282 INFO  impl.RaftServerImpl (ServerState.java:<init>(101)) - 347f29f3-131f-4aa8-8f33-e8d8619d6d51:group-600E53037C23 ConfigurationManager, init=-1: [347f29f3-131f-4aa8-8f33-e8d8619d6d51:192.168.19.17:37301], old=null, confs=<EMPTY_MAP>
2019-06-12 21:47:54,282 INFO  server.RaftServerConfigKeys (ConfUtils.java:logGet(43)) - raft.server.storage.dir = [/opt/src/hadoop-ozone/integration-test/target/test-dir/MiniOzoneClusterImpl-a0a27a2a-d492-455c-9bb3-f8d67be5447a/datanode-2/data/ratis] (custom)
2019-06-12 21:47:54,282 INFO  storage.RaftStorageDirectory (RaftStorageDirectory.java:analyzeStorage(246)) - The storage directory /opt/src/hadoop-ozone/integration-test/target/test-dir/MiniOzoneClusterImpl-a0a27a2a-d492-455c-9bb3-f8d67be5447a/datanode-2/data/ratis/8f60f664-eb70-471a-af49-600e53037c23 does not exist. Creating ...
2019-06-12 21:47:54,284 INFO  storage.RaftStorageDirectory (RaftStorageDirectory.java:tryLock(328)) - Lock on /opt/src/hadoop-ozone/integration-test/target/test-dir/MiniOzoneClusterImpl-a0a27a2a-d492-455c-9bb3-f8d67be5447a/datanode-2/data/ratis/8f60f664-eb70-471a-af49-600e53037c23/in_use.lock acquired by nodename 30724@ozone-zc7hm-585872790
2019-06-12 21:47:54,286 INFO  storage.RaftStorage (RaftStorage.java:format(75)) - Storage directory /opt/src/hadoop-ozone/integration-test/target/test-dir/MiniOzoneClusterImpl-a0a27a2a-d492-455c-9bb3-f8d67be5447a/datanode-2/data/ratis/8f60f664-eb70-471a-af49-600e53037c23 has been successfully formatted.
2019-06-12 21:47:54,286 INFO  ratis.ContainerStateMachine (ContainerStateMachine.java:loadSnapshot(199)) - The snapshot info is null.Setting the last applied index to:(t:0, i:~)
2019-06-12 21:47:54,287 INFO  server.RaftServerConfigKeys (ConfUtils.java:logGet(43)) - raft.server.leader.election.timeout = 120s (custom)
2019-06-12 21:47:54,287 INFO  server.RaftServerConfigKeys (ConfUtils.java:logGet(43)) - raft.server.log.use.memory = false (default)
2019-06-12 21:47:54,287 INFO  server.RaftServerConfigKeys (ConfUtils.java:logGet(43)) - raft.server.log.appender.buffer.byte-limit = 33554432 (custom)
2019-06-12 21:47:54,287 INFO  server.RaftServerConfigKeys (ConfUtils.java:logGet(43)) - raft.server.log.segment.size.max = 16384 (custom)
2019-06-12 21:47:54,287 INFO  server.RaftServerConfigKeys (ConfUtils.java:logGet(43)) - raft.server.log.segment.cache.num.max = 2 (custom)
2019-06-12 21:47:54,287 INFO  storage.RaftLogWorker (RaftLogWorker.java:<init>(123)) - new 347f29f3-131f-4aa8-8f33-e8d8619d6d51-RaftLogWorker for Storage Directory /opt/src/hadoop-ozone/integration-test/target/test-dir/MiniOzoneClusterImpl-a0a27a2a-d492-455c-9bb3-f8d67be5447a/datanode-2/data/ratis/8f60f664-eb70-471a-af49-600e53037c23
2019-06-12 21:47:54,287 INFO  server.RaftServerConfigKeys (ConfUtils.java:logGet(43)) - raft.server.log.queue.byte-limit = 2147483647 (custom)
2019-06-12 21:47:54,287 INFO  server.RaftServerConfigKeys (ConfUtils.java:logGet(43)) - raft.server.log.queue.element-limit = 1024 (custom)
2019-06-12 21:47:54,287 INFO  server.RaftServerConfigKeys (ConfUtils.java:logGet(43)) - raft.server.log.segment.size.max = 16384 (custom)
2019-06-12 21:47:54,288 INFO  server.RaftServerConfigKeys (ConfUtils.java:logGet(43)) - raft.server.log.preallocated.size = 16384 (custom)
2019-06-12 21:47:54,288 INFO  server.RaftServerConfigKeys (ConfUtils.java:logGet(43)) - raft.server.log.write.buffer.size = 33554432 (custom)
2019-06-12 21:47:54,288 INFO  server.RaftServerConfigKeys (ConfUtils.java:logGet(43)) - raft.server.log.force.sync.num = 128 (default)
2019-06-12 21:47:54,288 INFO  server.RaftServerConfigKeys (ConfUtils.java:logGet(43)) - raft.server.log.statemachine.data.sync = true (default)
2019-06-12 21:47:54,288 INFO  server.RaftServerConfigKeys (ConfUtils.java:logGet(43)) - raft.server.log.statemachine.data.sync.timeout = 10s (default)
2019-06-12 21:47:54,288 INFO  server.RaftServerConfigKeys (ConfUtils.java:logGet(43)) - raft.server.log.statemachine.data.sync.timeout.retry = -1 (default)
2019-06-12 21:47:54,288 INFO  server.RaftServerConfigKeys (ConfUtils.java:logGet(43)) - raft.server.log.statemachine.data.caching.enabled = true (custom)
2019-06-12 21:47:54,289 INFO  server.RaftServerConfigKeys (ConfUtils.java:logGet(43)) - raft.server.snapshot.auto.trigger.enabled = true (custom)
2019-06-12 21:47:54,289 INFO  server.RaftServerConfigKeys (ConfUtils.java:logGet(43)) - raft.server.snapshot.auto.trigger.threshold = 10000 (custom)
2019-06-12 21:47:54,289 INFO  server.RaftServerConfigKeys (ConfUtils.java:logGet(43)) - raft.server.retrycache.expirytime = 600000ms (custom)
2019-06-12 21:47:54,289 INFO  impl.RaftServerImpl (RaftServerImpl.java:start(173)) - 347f29f3-131f-4aa8-8f33-e8d8619d6d51: start group-600E53037C23
2019-06-12 21:47:54,289 INFO  impl.RaftServerImpl (RaftServerImpl.java:setRole(164)) - 347f29f3-131f-4aa8-8f33-e8d8619d6d51:group-600E53037C23 changes role from null to FOLLOWER at term 0 for startAsFollower
2019-06-12 21:47:54,289 INFO  impl.RoleInfo (RoleInfo.java:updateAndGet(143)) - 347f29f3-131f-4aa8-8f33-e8d8619d6d51: start FollowerState
2019-06-12 21:47:54,290 INFO  util.JmxRegister (JmxRegister.java:tryRegister(44)) - Successfully registered JMX Bean with object name Ratis:service=RaftServer,group=group-600E53037C23,id=347f29f3-131f-4aa8-8f33-e8d8619d6d51
2019-06-12 21:47:54,294 INFO  pipeline.PipelineStateManager (PipelineStateManager.java:addPipeline(56)) - Created pipeline Pipeline[ Id: 8f60f664-eb70-471a-af49-600e53037c23, Nodes: 347f29f3-131f-4aa8-8f33-e8d8619d6d51{ip: 192.168.19.17, host: ozone-zc7hm-585872790, networkLocation: /default-rack, certSerialId: null}, Type:RATIS, Factor:ONE, State:OPEN]
2019-06-12 21:47:54,302 INFO  impl.RaftServerProxy (RaftServerProxy.java:addNew(89)) - 2c3faec0-138c-4145-8f7e-b9bb73a09d72: addNew group-C94E05EEED4E:[347f29f3-131f-4aa8-8f33-e8d8619d6d51:192.168.19.17:37301, 2c3faec0-138c-4145-8f7e-b9bb73a09d72:192.168.19.17:37449, 1bb1601a-461d-44b5-8dff-4150b9cd57b0:192.168.19.17:37067] returns group-C94E05EEED4E:java.util.concurrent.CompletableFuture@1c532320[Not completed]
2019-06-12 21:47:54,303 INFO  impl.RaftServerImpl (RaftServerImpl.java:<init>(91)) - 2c3faec0-138c-4145-8f7e-b9bb73a09d72: new RaftServerImpl for group-C94E05EEED4E:[347f29f3-131f-4aa8-8f33-e8d8619d6d51:192.168.19.17:37301, 2c3faec0-138c-4145-8f7e-b9bb73a09d72:192.168.19.17:37449, 1bb1601a-461d-44b5-8dff-4150b9cd57b0:192.168.19.17:37067] with ContainerStateMachine:uninitialized
2019-06-12 21:47:54,303 INFO  server.RaftServerConfigKeys (ConfUtils.java:logGet(43)) - raft.server.rpc.timeout.min = 1s (custom)
2019-06-12 21:47:54,303 INFO  server.RaftServerConfigKeys (ConfUtils.java:logGet(43)) - raft.server.rpc.timeout.max = 1200ms (custom)
2019-06-12 21:47:54,303 INFO  server.RaftServerConfigKeys (ConfUtils.java:logGet(43)) - raft.server.rpcslowness.timeout = 120s (custom)
2019-06-12 21:47:54,303 INFO  server.RaftServerConfigKeys (ConfUtils.java:logGet(43)) - raft.server.log.appender.install.snapshot.enabled = true (default)
2019-06-12 21:47:54,303 INFO  impl.RaftServerImpl (ServerState.java:<init>(101)) - 2c3faec0-138c-4145-8f7e-b9bb73a09d72:group-C94E05EEED4E ConfigurationManager, init=-1: [347f29f3-131f-4aa8-8f33-e8d8619d6d51:192.168.19.17:37301, 2c3faec0-138c-4145-8f7e-b9bb73a09d72:192.168.19.17:37449, 1bb1601a-461d-44b5-8dff-4150b9cd57b0:192.168.19.17:37067], old=null, confs=<EMPTY_MAP>
2019-06-12 21:47:54,303 INFO  server.RaftServerConfigKeys (ConfUtils.java:logGet(43)) - raft.server.storage.dir = [/opt/src/hadoop-ozone/integration-test/target/test-dir/MiniOzoneClusterImpl-a0a27a2a-d492-455c-9bb3-f8d67be5447a/datanode-1/data/ratis] (custom)
2019-06-12 21:47:54,303 INFO  storage.RaftStorageDirectory (RaftStorageDirectory.java:analyzeStorage(246)) - The storage directory /opt/src/hadoop-ozone/integration-test/target/test-dir/MiniOzoneClusterImpl-a0a27a2a-d492-455c-9bb3-f8d67be5447a/datanode-1/data/ratis/180d2128-e1ca-4f2f-8479-c94e05eeed4e does not exist. Creating ...
2019-06-12 21:47:54,306 INFO  storage.RaftStorageDirectory (RaftStorageDirectory.java:tryLock(328)) - Lock on /opt/src/hadoop-ozone/integration-test/target/test-dir/MiniOzoneClusterImpl-a0a27a2a-d492-455c-9bb3-f8d67be5447a/datanode-1/data/ratis/180d2128-e1ca-4f2f-8479-c94e05eeed4e/in_use.lock acquired by nodename 30724@ozone-zc7hm-585872790
2019-06-12 21:47:54,307 INFO  impl.RaftServerProxy (RaftServerProxy.java:addNew(89)) - 1bb1601a-461d-44b5-8dff-4150b9cd57b0: addNew group-C94E05EEED4E:[347f29f3-131f-4aa8-8f33-e8d8619d6d51:192.168.19.17:37301, 2c3faec0-138c-4145-8f7e-b9bb73a09d72:192.168.19.17:37449, 1bb1601a-461d-44b5-8dff-4150b9cd57b0:192.168.19.17:37067] returns group-C94E05EEED4E:java.util.concurrent.CompletableFuture@2f1d2e5d[Not completed]
2019-06-12 21:47:54,307 INFO  impl.RaftServerImpl (RaftServerImpl.java:<init>(91)) - 1bb1601a-461d-44b5-8dff-4150b9cd57b0: new RaftServerImpl for group-C94E05EEED4E:[347f29f3-131f-4aa8-8f33-e8d8619d6d51:192.168.19.17:37301, 2c3faec0-138c-4145-8f7e-b9bb73a09d72:192.168.19.17:37449, 1bb1601a-461d-44b5-8dff-4150b9cd57b0:192.168.19.17:37067] with ContainerStateMachine:uninitialized
2019-06-12 21:47:54,308 INFO  server.RaftServerConfigKeys (ConfUtils.java:logGet(43)) - raft.server.rpc.timeout.min = 1s (custom)
2019-06-12 21:47:54,308 INFO  server.RaftServerConfigKeys (ConfUtils.java:logGet(43)) - raft.server.rpc.timeout.max = 1200ms (custom)
2019-06-12 21:47:54,308 INFO  server.RaftServerConfigKeys (ConfUtils.java:logGet(43)) - raft.server.rpcslowness.timeout = 120s (custom)
2019-06-12 21:47:54,308 INFO  server.RaftServerConfigKeys (ConfUtils.java:logGet(43)) - raft.server.log.appender.install.snapshot.enabled = true (default)
2019-06-12 21:47:54,308 INFO  impl.RaftServerImpl (ServerState.java:<init>(101)) - 1bb1601a-461d-44b5-8dff-4150b9cd57b0:group-C94E05EEED4E ConfigurationManager, init=-1: [347f29f3-131f-4aa8-8f33-e8d8619d6d51:192.168.19.17:37301, 2c3faec0-138c-4145-8f7e-b9bb73a09d72:192.168.19.17:37449, 1bb1601a-461d-44b5-8dff-4150b9cd57b0:192.168.19.17:37067], old=null, confs=<EMPTY_MAP>
2019-06-12 21:47:54,308 INFO  server.RaftServerConfigKeys (ConfUtils.java:logGet(43)) - raft.server.storage.dir = [/opt/src/hadoop-ozone/integration-test/target/test-dir/MiniOzoneClusterImpl-a0a27a2a-d492-455c-9bb3-f8d67be5447a/datanode-0/data/ratis] (custom)
2019-06-12 21:47:54,308 INFO  storage.RaftStorageDirectory (RaftStorageDirectory.java:analyzeStorage(246)) - The storage directory /opt/src/hadoop-ozone/integration-test/target/test-dir/MiniOzoneClusterImpl-a0a27a2a-d492-455c-9bb3-f8d67be5447a/datanode-0/data/ratis/180d2128-e1ca-4f2f-8479-c94e05eeed4e does not exist. Creating ...
2019-06-12 21:47:54,319 INFO  storage.RaftStorage (RaftStorage.java:format(75)) - Storage directory /opt/src/hadoop-ozone/integration-test/target/test-dir/MiniOzoneClusterImpl-a0a27a2a-d492-455c-9bb3-f8d67be5447a/datanode-1/data/ratis/180d2128-e1ca-4f2f-8479-c94e05eeed4e has been successfully formatted.
2019-06-12 21:47:54,320 INFO  impl.RaftServerProxy (RaftServerProxy.java:addNew(89)) - 347f29f3-131f-4aa8-8f33-e8d8619d6d51: addNew group-C94E05EEED4E:[347f29f3-131f-4aa8-8f33-e8d8619d6d51:192.168.19.17:37301, 2c3faec0-138c-4145-8f7e-b9bb73a09d72:192.168.19.17:37449, 1bb1601a-461d-44b5-8dff-4150b9cd57b0:192.168.19.17:37067] returns group-C94E05EEED4E:java.util.concurrent.CompletableFuture@10088373[Not completed]
2019-06-12 21:47:54,320 INFO  ratis.ContainerStateMachine (ContainerStateMachine.java:loadSnapshot(199)) - The snapshot info is null.Setting the last applied index to:(t:0, i:~)
2019-06-12 21:47:54,320 INFO  server.RaftServerConfigKeys (ConfUtils.java:logGet(43)) - raft.server.leader.election.timeout = 120s (custom)
2019-06-12 21:47:54,320 INFO  server.RaftServerConfigKeys (ConfUtils.java:logGet(43)) - raft.server.log.use.memory = false (default)
2019-06-12 21:47:54,320 INFO  server.RaftServerConfigKeys (ConfUtils.java:logGet(43)) - raft.server.log.appender.buffer.byte-limit = 33554432 (custom)
2019-06-12 21:47:54,320 INFO  impl.RaftServerImpl (RaftServerImpl.java:<init>(91)) - 347f29f3-131f-4aa8-8f33-e8d8619d6d51: new RaftServerImpl for group-C94E05EEED4E:[347f29f3-131f-4aa8-8f33-e8d8619d6d51:192.168.19.17:37301, 2c3faec0-138c-4145-8f7e-b9bb73a09d72:192.168.19.17:37449, 1bb1601a-461d-44b5-8dff-4150b9cd57b0:192.168.19.17:37067] with ContainerStateMachine:uninitialized
2019-06-12 21:47:54,320 INFO  storage.RaftStorageDirectory (RaftStorageDirectory.java:tryLock(328)) - Lock on /opt/src/hadoop-ozone/integration-test/target/test-dir/MiniOzoneClusterImpl-a0a27a2a-d492-455c-9bb3-f8d67be5447a/datanode-0/data/ratis/180d2128-e1ca-4f2f-8479-c94e05eeed4e/in_use.lock acquired by nodename 30724@ozone-zc7hm-585872790
2019-06-12 21:47:54,320 INFO  server.RaftServerConfigKeys (ConfUtils.java:logGet(43)) - raft.server.log.segment.size.max = 16384 (custom)
2019-06-12 21:47:54,320 INFO  server.RaftServerConfigKeys (ConfUtils.java:logGet(43)) - raft.server.rpc.timeout.min = 1s (custom)
2019-06-12 21:47:54,321 INFO  server.RaftServerConfigKeys (ConfUtils.java:logGet(43)) - raft.server.log.segment.cache.num.max = 2 (custom)
2019-06-12 21:47:54,321 INFO  storage.RaftLogWorker (RaftLogWorker.java:<init>(123)) - new 2c3faec0-138c-4145-8f7e-b9bb73a09d72-RaftLogWorker for Storage Directory /opt/src/hadoop-ozone/integration-test/target/test-dir/MiniOzoneClusterImpl-a0a27a2a-d492-455c-9bb3-f8d67be5447a/datanode-1/data/ratis/180d2128-e1ca-4f2f-8479-c94e05eeed4e
2019-06-12 21:47:54,321 INFO  server.RaftServerConfigKeys (ConfUtils.java:logGet(43)) - raft.server.log.queue.byte-limit = 2147483647 (custom)
2019-06-12 21:47:54,321 INFO  server.RaftServerConfigKeys (ConfUtils.java:logGet(43)) - raft.server.log.queue.element-limit = 1024 (custom)
2019-06-12 21:47:54,321 INFO  server.RaftServerConfigKeys (ConfUtils.java:logGet(43)) - raft.server.log.segment.size.max = 16384 (custom)
2019-06-12 21:47:54,322 INFO  server.RaftServerConfigKeys (ConfUtils.java:logGet(43)) - raft.server.log.preallocated.size = 16384 (custom)
2019-06-12 21:47:54,322 INFO  server.RaftServerConfigKeys (ConfUtils.java:logGet(43)) - raft.server.log.write.buffer.size = 33554432 (custom)
2019-06-12 21:47:54,322 INFO  server.RaftServerConfigKeys (ConfUtils.java:logGet(43)) - raft.server.log.force.sync.num = 128 (default)
2019-06-12 21:47:54,322 INFO  server.RaftServerConfigKeys (ConfUtils.java:logGet(43)) - raft.server.log.statemachine.data.sync = true (default)
2019-06-12 21:47:54,322 INFO  server.RaftServerConfigKeys (ConfUtils.java:logGet(43)) - raft.server.log.statemachine.data.sync.timeout = 10s (default)
2019-06-12 21:47:54,322 INFO  server.RaftServerConfigKeys (ConfUtils.java:logGet(43)) - raft.server.log.statemachine.data.sync.timeout.retry = -1 (default)
2019-06-12 21:47:54,322 INFO  server.RaftServerConfigKeys (ConfUtils.java:logGet(43)) - raft.server.log.statemachine.data.caching.enabled = true (custom)
2019-06-12 21:47:54,322 INFO  server.RaftServerConfigKeys (ConfUtils.java:logGet(43)) - raft.server.rpc.timeout.max = 1200ms (custom)
2019-06-12 21:47:54,322 INFO  storage.RaftStorage (RaftStorage.java:format(75)) - Storage directory /opt/src/hadoop-ozone/integration-test/target/test-dir/MiniOzoneClusterImpl-a0a27a2a-d492-455c-9bb3-f8d67be5447a/datanode-0/data/ratis/180d2128-e1ca-4f2f-8479-c94e05eeed4e has been successfully formatted.
2019-06-12 21:47:54,323 INFO  server.RaftServerConfigKeys (ConfUtils.java:logGet(43)) - raft.server.rpcslowness.timeout = 120s (custom)
2019-06-12 21:47:54,323 INFO  server.RaftServerConfigKeys (ConfUtils.java:logGet(43)) - raft.server.snapshot.auto.trigger.enabled = true (custom)
2019-06-12 21:47:54,323 INFO  server.RaftServerConfigKeys (ConfUtils.java:logGet(43)) - raft.server.log.appender.install.snapshot.enabled = true (default)
2019-06-12 21:47:54,323 INFO  ratis.ContainerStateMachine (ContainerStateMachine.java:loadSnapshot(199)) - The snapshot info is null.Setting the last applied index to:(t:0, i:~)
2019-06-12 21:47:54,323 INFO  impl.RaftServerImpl (ServerState.java:<init>(101)) - 347f29f3-131f-4aa8-8f33-e8d8619d6d51:group-C94E05EEED4E ConfigurationManager, init=-1: [347f29f3-131f-4aa8-8f33-e8d8619d6d51:192.168.19.17:37301, 2c3faec0-138c-4145-8f7e-b9bb73a09d72:192.168.19.17:37449, 1bb1601a-461d-44b5-8dff-4150b9cd57b0:192.168.19.17:37067], old=null, confs=<EMPTY_MAP>
2019-06-12 21:47:54,323 INFO  server.RaftServerConfigKeys (ConfUtils.java:logGet(43)) - raft.server.snapshot.auto.trigger.threshold = 10000 (custom)
2019-06-12 21:47:54,323 INFO  server.RaftServerConfigKeys (ConfUtils.java:logGet(43)) - raft.server.storage.dir = [/opt/src/hadoop-ozone/integration-test/target/test-dir/MiniOzoneClusterImpl-a0a27a2a-d492-455c-9bb3-f8d67be5447a/datanode-2/data/ratis] (custom)
2019-06-12 21:47:54,323 INFO  server.RaftServerConfigKeys (ConfUtils.java:logGet(43)) - raft.server.leader.election.timeout = 120s (custom)
2019-06-12 21:47:54,323 INFO  server.RaftServerConfigKeys (ConfUtils.java:logGet(43)) - raft.server.retrycache.expirytime = 600000ms (custom)
2019-06-12 21:47:54,323 INFO  storage.RaftStorageDirectory (RaftStorageDirectory.java:analyzeStorage(246)) - The storage directory /opt/src/hadoop-ozone/integration-test/target/test-dir/MiniOzoneClusterImpl-a0a27a2a-d492-455c-9bb3-f8d67be5447a/datanode-2/data/ratis/180d2128-e1ca-4f2f-8479-c94e05eeed4e does not exist. Creating ...
2019-06-12 21:47:54,323 INFO  server.RaftServerConfigKeys (ConfUtils.java:logGet(43)) - raft.server.log.use.memory = false (default)
2019-06-12 21:47:54,325 INFO  server.RaftServerConfigKeys (ConfUtils.java:logGet(43)) - raft.server.log.appender.buffer.byte-limit = 33554432 (custom)
2019-06-12 21:47:54,325 INFO  server.RaftServerConfigKeys (ConfUtils.java:logGet(43)) - raft.server.log.segment.size.max = 16384 (custom)
2019-06-12 21:47:54,326 INFO  server.RaftServerConfigKeys (ConfUtils.java:logGet(43)) - raft.server.log.segment.cache.num.max = 2 (custom)
2019-06-12 21:47:54,326 INFO  storage.RaftLogWorker (RaftLogWorker.java:<init>(123)) - new 1bb1601a-461d-44b5-8dff-4150b9cd57b0-RaftLogWorker for Storage Directory /opt/src/hadoop-ozone/integration-test/target/test-dir/MiniOzoneClusterImpl-a0a27a2a-d492-455c-9bb3-f8d67be5447a/datanode-0/data/ratis/180d2128-e1ca-4f2f-8479-c94e05eeed4e
2019-06-12 21:47:54,326 INFO  server.RaftServerConfigKeys (ConfUtils.java:logGet(43)) - raft.server.log.queue.byte-limit = 2147483647 (custom)
2019-06-12 21:47:54,326 INFO  server.RaftServerConfigKeys (ConfUtils.java:logGet(43)) - raft.server.log.queue.element-limit = 1024 (custom)
2019-06-12 21:47:54,326 INFO  server.RaftServerConfigKeys (ConfUtils.java:logGet(43)) - raft.server.log.segment.size.max = 16384 (custom)
2019-06-12 21:47:54,326 INFO  server.RaftServerConfigKeys (ConfUtils.java:logGet(43)) - raft.server.log.preallocated.size = 16384 (custom)
2019-06-12 21:47:54,326 INFO  server.RaftServerConfigKeys (ConfUtils.java:logGet(43)) - raft.server.log.write.buffer.size = 33554432 (custom)
2019-06-12 21:47:54,327 INFO  server.RaftServerConfigKeys (ConfUtils.java:logGet(43)) - raft.server.log.force.sync.num = 128 (default)
2019-06-12 21:47:54,327 INFO  server.RaftServerConfigKeys (ConfUtils.java:logGet(43)) - raft.server.log.statemachine.data.sync = true (default)
2019-06-12 21:47:54,327 INFO  server.RaftServerConfigKeys (ConfUtils.java:logGet(43)) - raft.server.log.statemachine.data.sync.timeout = 10s (default)
2019-06-12 21:47:54,327 INFO  server.RaftServerConfigKeys (ConfUtils.java:logGet(43)) - raft.server.log.statemachine.data.sync.timeout.retry = -1 (default)
2019-06-12 21:47:54,327 INFO  server.RaftServerConfigKeys (ConfUtils.java:logGet(43)) - raft.server.log.statemachine.data.caching.enabled = true (custom)
2019-06-12 21:47:54,324 INFO  impl.RaftServerImpl (RaftServerImpl.java:start(173)) - 2c3faec0-138c-4145-8f7e-b9bb73a09d72: start group-C94E05EEED4E
2019-06-12 21:47:54,327 INFO  impl.RaftServerImpl (RaftServerImpl.java:setRole(164)) - 2c3faec0-138c-4145-8f7e-b9bb73a09d72:group-C94E05EEED4E changes role from null to FOLLOWER at term 0 for startAsFollower
2019-06-12 21:47:54,326 INFO  storage.RaftStorageDirectory (RaftStorageDirectory.java:tryLock(328)) - Lock on /opt/src/hadoop-ozone/integration-test/target/test-dir/MiniOzoneClusterImpl-a0a27a2a-d492-455c-9bb3-f8d67be5447a/datanode-2/data/ratis/180d2128-e1ca-4f2f-8479-c94e05eeed4e/in_use.lock acquired by nodename 30724@ozone-zc7hm-585872790
2019-06-12 21:47:54,335 INFO  impl.RoleInfo (RoleInfo.java:updateAndGet(143)) - 2c3faec0-138c-4145-8f7e-b9bb73a09d72: start FollowerState
2019-06-12 21:47:54,342 INFO  util.JmxRegister (JmxRegister.java:tryRegister(44)) - Successfully registered JMX Bean with object name Ratis:service=RaftServer,group=group-C94E05EEED4E,id=2c3faec0-138c-4145-8f7e-b9bb73a09d72
2019-06-12 21:47:54,342 INFO  storage.RaftStorage (RaftStorage.java:format(75)) - Storage directory /opt/src/hadoop-ozone/integration-test/target/test-dir/MiniOzoneClusterImpl-a0a27a2a-d492-455c-9bb3-f8d67be5447a/datanode-2/data/ratis/180d2128-e1ca-4f2f-8479-c94e05eeed4e has been successfully formatted.
2019-06-12 21:47:54,344 INFO  ratis.ContainerStateMachine (ContainerStateMachine.java:loadSnapshot(199)) - The snapshot info is null.Setting the last applied index to:(t:0, i:~)
2019-06-12 21:47:54,344 INFO  server.RaftServerConfigKeys (ConfUtils.java:logGet(43)) - raft.server.leader.election.timeout = 120s (custom)
2019-06-12 21:47:54,344 INFO  server.RaftServerConfigKeys (ConfUtils.java:logGet(43)) - raft.server.log.use.memory = false (default)
2019-06-12 21:47:54,344 INFO  server.RaftServerConfigKeys (ConfUtils.java:logGet(43)) - raft.server.log.appender.buffer.byte-limit = 33554432 (custom)
2019-06-12 21:47:54,345 INFO  server.RaftServerConfigKeys (ConfUtils.java:logGet(43)) - raft.server.log.segment.size.max = 16384 (custom)
2019-06-12 21:47:54,345 INFO  server.RaftServerConfigKeys (ConfUtils.java:logGet(43)) - raft.server.log.segment.cache.num.max = 2 (custom)
2019-06-12 21:47:54,345 INFO  storage.RaftLogWorker (RaftLogWorker.java:<init>(123)) - new 347f29f3-131f-4aa8-8f33-e8d8619d6d51-RaftLogWorker for Storage Directory /opt/src/hadoop-ozone/integration-test/target/test-dir/MiniOzoneClusterImpl-a0a27a2a-d492-455c-9bb3-f8d67be5447a/datanode-2/data/ratis/180d2128-e1ca-4f2f-8479-c94e05eeed4e
2019-06-12 21:47:54,345 INFO  server.RaftServerConfigKeys (ConfUtils.java:logGet(43)) - raft.server.log.queue.byte-limit = 2147483647 (custom)
2019-06-12 21:47:54,345 INFO  server.RaftServerConfigKeys (ConfUtils.java:logGet(43)) - raft.server.log.queue.element-limit = 1024 (custom)
2019-06-12 21:47:54,345 INFO  server.RaftServerConfigKeys (ConfUtils.java:logGet(43)) - raft.server.log.segment.size.max = 16384 (custom)
2019-06-12 21:47:54,345 INFO  server.RaftServerConfigKeys (ConfUtils.java:logGet(43)) - raft.server.log.preallocated.size = 16384 (custom)
2019-06-12 21:47:54,345 INFO  server.RaftServerConfigKeys (ConfUtils.java:logGet(43)) - raft.server.log.write.buffer.size = 33554432 (custom)
2019-06-12 21:47:54,345 INFO  server.RaftServerConfigKeys (ConfUtils.java:logGet(43)) - raft.server.log.force.sync.num = 128 (default)
2019-06-12 21:47:54,345 INFO  server.RaftServerConfigKeys (ConfUtils.java:logGet(43)) - raft.server.log.statemachine.data.sync = true (default)
2019-06-12 21:47:54,345 INFO  server.RaftServerConfigKeys (ConfUtils.java:logGet(43)) - raft.server.log.statemachine.data.sync.timeout = 10s (default)
2019-06-12 21:47:54,345 INFO  server.RaftServerConfigKeys (ConfUtils.java:logGet(43)) - raft.server.log.statemachine.data.sync.timeout.retry = -1 (default)
2019-06-12 21:47:54,345 INFO  server.RaftServerConfigKeys (ConfUtils.java:logGet(43)) - raft.server.log.statemachine.data.caching.enabled = true (custom)
2019-06-12 21:47:54,346 INFO  server.RaftServerConfigKeys (ConfUtils.java:logGet(43)) - raft.server.snapshot.auto.trigger.enabled = true (custom)
2019-06-12 21:47:54,346 INFO  server.RaftServerConfigKeys (ConfUtils.java:logGet(43)) - raft.server.snapshot.auto.trigger.threshold = 10000 (custom)
2019-06-12 21:47:54,346 INFO  server.RaftServerConfigKeys (ConfUtils.java:logGet(43)) - raft.server.retrycache.expirytime = 600000ms (custom)
2019-06-12 21:47:54,346 INFO  impl.RaftServerImpl (RaftServerImpl.java:start(173)) - 347f29f3-131f-4aa8-8f33-e8d8619d6d51: start group-C94E05EEED4E
2019-06-12 21:47:54,346 INFO  server.RaftServerConfigKeys (ConfUtils.java:logGet(43)) - raft.server.snapshot.auto.trigger.enabled = true (custom)
2019-06-12 21:47:54,346 INFO  server.RaftServerConfigKeys (ConfUtils.java:logGet(43)) - raft.server.snapshot.auto.trigger.threshold = 10000 (custom)
2019-06-12 21:47:54,346 INFO  server.RaftServerConfigKeys (ConfUtils.java:logGet(43)) - raft.server.retrycache.expirytime = 600000ms (custom)
2019-06-12 21:47:54,347 INFO  impl.RaftServerImpl (RaftServerImpl.java:start(173)) - 1bb1601a-461d-44b5-8dff-4150b9cd57b0: start group-C94E05EEED4E
2019-06-12 21:47:54,347 INFO  impl.RaftServerImpl (RaftServerImpl.java:setRole(164)) - 1bb1601a-461d-44b5-8dff-4150b9cd57b0:group-C94E05EEED4E changes role from null to FOLLOWER at term 0 for startAsFollower
2019-06-12 21:47:54,346 INFO  impl.RaftServerImpl (RaftServerImpl.java:setRole(164)) - 347f29f3-131f-4aa8-8f33-e8d8619d6d51:group-C94E05EEED4E changes role from null to FOLLOWER at term 0 for startAsFollower
2019-06-12 21:47:54,347 INFO  impl.RoleInfo (RoleInfo.java:updateAndGet(143)) - 347f29f3-131f-4aa8-8f33-e8d8619d6d51: start FollowerState
2019-06-12 21:47:54,347 INFO  impl.RoleInfo (RoleInfo.java:updateAndGet(143)) - 1bb1601a-461d-44b5-8dff-4150b9cd57b0: start FollowerState
2019-06-12 21:47:54,348 INFO  util.JmxRegister (JmxRegister.java:tryRegister(44)) - Successfully registered JMX Bean with object name Ratis:service=RaftServer,group=group-C94E05EEED4E,id=347f29f3-131f-4aa8-8f33-e8d8619d6d51
2019-06-12 21:47:54,360 INFO  util.JmxRegister (JmxRegister.java:tryRegister(44)) - Successfully registered JMX Bean with object name Ratis:service=RaftServer,group=group-C94E05EEED4E,id=1bb1601a-461d-44b5-8dff-4150b9cd57b0
2019-06-12 21:47:54,362 INFO  pipeline.PipelineStateManager (PipelineStateManager.java:addPipeline(56)) - Created pipeline Pipeline[ Id: 180d2128-e1ca-4f2f-8479-c94e05eeed4e, Nodes: 1bb1601a-461d-44b5-8dff-4150b9cd57b0{ip: 192.168.19.17, host: ozone-zc7hm-585872790, networkLocation: /default-rack, certSerialId: null}2c3faec0-138c-4145-8f7e-b9bb73a09d72{ip: 192.168.19.17, host: ozone-zc7hm-585872790, networkLocation: /default-rack, certSerialId: null}347f29f3-131f-4aa8-8f33-e8d8619d6d51{ip: 192.168.19.17, host: ozone-zc7hm-585872790, networkLocation: /default-rack, certSerialId: null}, Type:RATIS, Factor:THREE, State:OPEN]
2019-06-12 21:47:54,415 INFO  node.SCMNodeManager (SCMNodeManager.java:register(234)) - Registered Data node : a09b26e6-dce9-41fc-a055-bce9051bf65c{ip: 192.168.19.17, host: ozone-zc7hm-585872790, networkLocation: /default-rack, certSerialId: null}
2019-06-12 21:47:54,422 INFO  impl.RaftServerProxy (RaftServerProxy.java:addNew(89)) - a09b26e6-dce9-41fc-a055-bce9051bf65c: addNew group-43B3519A26A2:[a09b26e6-dce9-41fc-a055-bce9051bf65c:192.168.19.17:34145] returns group-43B3519A26A2:java.util.concurrent.CompletableFuture@45eece60[Not completed]
2019-06-12 21:47:54,427 INFO  impl.RaftServerImpl (RaftServerImpl.java:<init>(91)) - a09b26e6-dce9-41fc-a055-bce9051bf65c: new RaftServerImpl for group-43B3519A26A2:[a09b26e6-dce9-41fc-a055-bce9051bf65c:192.168.19.17:34145] with ContainerStateMachine:uninitialized
2019-06-12 21:47:54,429 INFO  server.RaftServerConfigKeys (ConfUtils.java:logGet(43)) - raft.server.rpc.timeout.min = 1s (custom)
2019-06-12 21:47:54,429 INFO  server.RaftServerConfigKeys (ConfUtils.java:logGet(43)) - raft.server.rpc.timeout.max = 1200ms (custom)
2019-06-12 21:47:54,429 INFO  server.RaftServerConfigKeys (ConfUtils.java:logGet(43)) - raft.server.rpcslowness.timeout = 120s (custom)
2019-06-12 21:47:54,429 INFO  server.RaftServerConfigKeys (ConfUtils.java:logGet(43)) - raft.server.log.appender.install.snapshot.enabled = true (default)
2019-06-12 21:47:54,429 INFO  impl.RaftServerImpl (ServerState.java:<init>(101)) - a09b26e6-dce9-41fc-a055-bce9051bf65c:group-43B3519A26A2 ConfigurationManager, init=-1: [a09b26e6-dce9-41fc-a055-bce9051bf65c:192.168.19.17:34145], old=null, confs=<EMPTY_MAP>
2019-06-12 21:47:54,429 INFO  server.RaftServerConfigKeys (ConfUtils.java:logGet(43)) - raft.server.storage.dir = [/opt/src/hadoop-ozone/integration-test/target/test-dir/MiniOzoneClusterImpl-a0a27a2a-d492-455c-9bb3-f8d67be5447a/datanode-3/data/ratis] (custom)
2019-06-12 21:47:54,429 INFO  storage.RaftStorageDirectory (RaftStorageDirectory.java:analyzeStorage(246)) - The storage directory /opt/src/hadoop-ozone/integration-test/target/test-dir/MiniOzoneClusterImpl-a0a27a2a-d492-455c-9bb3-f8d67be5447a/datanode-3/data/ratis/f388a688-885a-4aea-9d65-43b3519a26a2 does not exist. Creating ...
2019-06-12 21:47:54,431 INFO  storage.RaftStorageDirectory (RaftStorageDirectory.java:tryLock(328)) - Lock on /opt/src/hadoop-ozone/integration-test/target/test-dir/MiniOzoneClusterImpl-a0a27a2a-d492-455c-9bb3-f8d67be5447a/datanode-3/data/ratis/f388a688-885a-4aea-9d65-43b3519a26a2/in_use.lock acquired by nodename 30724@ozone-zc7hm-585872790
2019-06-12 21:47:54,434 INFO  storage.RaftStorage (RaftStorage.java:format(75)) - Storage directory /opt/src/hadoop-ozone/integration-test/target/test-dir/MiniOzoneClusterImpl-a0a27a2a-d492-455c-9bb3-f8d67be5447a/datanode-3/data/ratis/f388a688-885a-4aea-9d65-43b3519a26a2 has been successfully formatted.
2019-06-12 21:47:54,434 INFO  ratis.ContainerStateMachine (ContainerStateMachine.java:loadSnapshot(199)) - The snapshot info is null.Setting the last applied index to:(t:0, i:~)
2019-06-12 21:47:54,434 INFO  server.RaftServerConfigKeys (ConfUtils.java:logGet(43)) - raft.server.leader.election.timeout = 120s (custom)
2019-06-12 21:47:54,434 INFO  server.RaftServerConfigKeys (ConfUtils.java:logGet(43)) - raft.server.log.use.memory = false (default)
2019-06-12 21:47:54,434 INFO  server.RaftServerConfigKeys (ConfUtils.java:logGet(43)) - raft.server.log.appender.buffer.byte-limit = 33554432 (custom)
2019-06-12 21:47:54,434 INFO  server.RaftServerConfigKeys (ConfUtils.java:logGet(43)) - raft.server.log.segment.size.max = 16384 (custom)
2019-06-12 21:47:54,434 INFO  server.RaftServerConfigKeys (ConfUtils.java:logGet(43)) - raft.server.log.segment.cache.num.max = 2 (custom)
2019-06-12 21:47:54,434 INFO  storage.RaftLogWorker (RaftLogWorker.java:<init>(123)) - new a09b26e6-dce9-41fc-a055-bce9051bf65c-RaftLogWorker for Storage Directory /opt/src/hadoop-ozone/integration-test/target/test-dir/MiniOzoneClusterImpl-a0a27a2a-d492-455c-9bb3-f8d67be5447a/datanode-3/data/ratis/f388a688-885a-4aea-9d65-43b3519a26a2
2019-06-12 21:47:54,434 INFO  server.RaftServerConfigKeys (ConfUtils.java:logGet(43)) - raft.server.log.queue.byte-limit = 2147483647 (custom)
2019-06-12 21:47:54,434 INFO  server.RaftServerConfigKeys (ConfUtils.java:logGet(43)) - raft.server.log.queue.element-limit = 1024 (custom)
2019-06-12 21:47:54,435 INFO  server.RaftServerConfigKeys (ConfUtils.java:logGet(43)) - raft.server.log.segment.size.max = 16384 (custom)
2019-06-12 21:47:54,435 INFO  server.RaftServerConfigKeys (ConfUtils.java:logGet(43)) - raft.server.log.preallocated.size = 16384 (custom)
2019-06-12 21:47:54,435 INFO  server.RaftServerConfigKeys (ConfUtils.java:logGet(43)) - raft.server.log.write.buffer.size = 33554432 (custom)
2019-06-12 21:47:54,435 INFO  server.RaftServerConfigKeys (ConfUtils.java:logGet(43)) - raft.server.log.force.sync.num = 128 (default)
2019-06-12 21:47:54,435 INFO  server.RaftServerConfigKeys (ConfUtils.java:logGet(43)) - raft.server.log.statemachine.data.sync = true (default)
2019-06-12 21:47:54,435 INFO  server.RaftServerConfigKeys (ConfUtils.java:logGet(43)) - raft.server.log.statemachine.data.sync.timeout = 10s (default)
2019-06-12 21:47:54,435 INFO  server.RaftServerConfigKeys (ConfUtils.java:logGet(43)) - raft.server.log.statemachine.data.sync.timeout.retry = -1 (default)
2019-06-12 21:47:54,435 INFO  server.RaftServerConfigKeys (ConfUtils.java:logGet(43)) - raft.server.log.statemachine.data.caching.enabled = true (custom)
2019-06-12 21:47:54,435 INFO  server.RaftServerConfigKeys (ConfUtils.java:logGet(43)) - raft.server.snapshot.auto.trigger.enabled = true (custom)
2019-06-12 21:47:54,436 INFO  server.RaftServerConfigKeys (ConfUtils.java:logGet(43)) - raft.server.snapshot.auto.trigger.threshold = 10000 (custom)
2019-06-12 21:47:54,436 INFO  server.RaftServerConfigKeys (ConfUtils.java:logGet(43)) - raft.server.retrycache.expirytime = 600000ms (custom)
2019-06-12 21:47:54,436 INFO  impl.RaftServerImpl (RaftServerImpl.java:start(173)) - a09b26e6-dce9-41fc-a055-bce9051bf65c: start group-43B3519A26A2
2019-06-12 21:47:54,436 INFO  impl.RaftServerImpl (RaftServerImpl.java:setRole(164)) - a09b26e6-dce9-41fc-a055-bce9051bf65c:group-43B3519A26A2 changes role from null to FOLLOWER at term 0 for startAsFollower
2019-06-12 21:47:54,436 INFO  impl.RoleInfo (RoleInfo.java:updateAndGet(143)) - a09b26e6-dce9-41fc-a055-bce9051bf65c: start FollowerState
2019-06-12 21:47:54,436 INFO  util.JmxRegister (JmxRegister.java:tryRegister(44)) - Successfully registered JMX Bean with object name Ratis:service=RaftServer,group=group-43B3519A26A2,id=a09b26e6-dce9-41fc-a055-bce9051bf65c
2019-06-12 21:47:54,438 INFO  pipeline.PipelineStateManager (PipelineStateManager.java:addPipeline(56)) - Created pipeline Pipeline[ Id: f388a688-885a-4aea-9d65-43b3519a26a2, Nodes: a09b26e6-dce9-41fc-a055-bce9051bf65c{ip: 192.168.19.17, host: ozone-zc7hm-585872790, networkLocation: /default-rack, certSerialId: null}, Type:RATIS, Factor:ONE, State:OPEN]
2019-06-12 21:47:54,584 INFO  node.SCMNodeManager (SCMNodeManager.java:register(234)) - Registered Data node : 2fd43888-4802-494d-b7ed-9803a9d9e397{ip: 192.168.19.17, host: ozone-zc7hm-585872790, networkLocation: /default-rack, certSerialId: null}
2019-06-12 21:47:54,591 INFO  impl.RaftServerProxy (RaftServerProxy.java:addNew(89)) - 2fd43888-4802-494d-b7ed-9803a9d9e397: addNew group-C0BEAD1FBB3C:[2fd43888-4802-494d-b7ed-9803a9d9e397:192.168.19.17:39805] returns group-C0BEAD1FBB3C:java.util.concurrent.CompletableFuture@3c43b0d[Not completed]
2019-06-12 21:47:54,592 INFO  impl.RaftServerImpl (RaftServerImpl.java:<init>(91)) - 2fd43888-4802-494d-b7ed-9803a9d9e397: new RaftServerImpl for group-C0BEAD1FBB3C:[2fd43888-4802-494d-b7ed-9803a9d9e397:192.168.19.17:39805] with ContainerStateMachine:uninitialized
2019-06-12 21:47:54,592 INFO  server.RaftServerConfigKeys (ConfUtils.java:logGet(43)) - raft.server.rpc.timeout.min = 1s (custom)
2019-06-12 21:47:54,592 INFO  server.RaftServerConfigKeys (ConfUtils.java:logGet(43)) - raft.server.rpc.timeout.max = 1200ms (custom)
2019-06-12 21:47:54,592 INFO  server.RaftServerConfigKeys (ConfUtils.java:logGet(43)) - raft.server.rpcslowness.timeout = 120s (custom)
2019-06-12 21:47:54,592 INFO  server.RaftServerConfigKeys (ConfUtils.java:logGet(43)) - raft.server.log.appender.install.snapshot.enabled = true (default)
2019-06-12 21:47:54,592 INFO  impl.RaftServerImpl (ServerState.java:<init>(101)) - 2fd43888-4802-494d-b7ed-9803a9d9e397:group-C0BEAD1FBB3C ConfigurationManager, init=-1: [2fd43888-4802-494d-b7ed-9803a9d9e397:192.168.19.17:39805], old=null, confs=<EMPTY_MAP>
2019-06-12 21:47:54,592 INFO  server.RaftServerConfigKeys (ConfUtils.java:logGet(43)) - raft.server.storage.dir = [/opt/src/hadoop-ozone/integration-test/target/test-dir/MiniOzoneClusterImpl-a0a27a2a-d492-455c-9bb3-f8d67be5447a/datanode-4/data/ratis] (custom)
2019-06-12 21:47:54,593 INFO  storage.RaftStorageDirectory (RaftStorageDirectory.java:analyzeStorage(246)) - The storage directory /opt/src/hadoop-ozone/integration-test/target/test-dir/MiniOzoneClusterImpl-a0a27a2a-d492-455c-9bb3-f8d67be5447a/datanode-4/data/ratis/d54eefd9-b7e9-4036-8b83-c0bead1fbb3c does not exist. Creating ...
2019-06-12 21:47:54,595 INFO  storage.RaftStorageDirectory (RaftStorageDirectory.java:tryLock(328)) - Lock on /opt/src/hadoop-ozone/integration-test/target/test-dir/MiniOzoneClusterImpl-a0a27a2a-d492-455c-9bb3-f8d67be5447a/datanode-4/data/ratis/d54eefd9-b7e9-4036-8b83-c0bead1fbb3c/in_use.lock acquired by nodename 30724@ozone-zc7hm-585872790
2019-06-12 21:47:54,597 INFO  storage.RaftStorage (RaftStorage.java:format(75)) - Storage directory /opt/src/hadoop-ozone/integration-test/target/test-dir/MiniOzoneClusterImpl-a0a27a2a-d492-455c-9bb3-f8d67be5447a/datanode-4/data/ratis/d54eefd9-b7e9-4036-8b83-c0bead1fbb3c has been successfully formatted.
2019-06-12 21:47:54,598 INFO  ratis.ContainerStateMachine (ContainerStateMachine.java:loadSnapshot(199)) - The snapshot info is null.Setting the last applied index to:(t:0, i:~)
2019-06-12 21:47:54,598 INFO  server.RaftServerConfigKeys (ConfUtils.java:logGet(43)) - raft.server.leader.election.timeout = 120s (custom)
2019-06-12 21:47:54,598 INFO  server.RaftServerConfigKeys (ConfUtils.java:logGet(43)) - raft.server.log.use.memory = false (default)
2019-06-12 21:47:54,598 INFO  server.RaftServerConfigKeys (ConfUtils.java:logGet(43)) - raft.server.log.appender.buffer.byte-limit = 33554432 (custom)
2019-06-12 21:47:54,598 INFO  server.RaftServerConfigKeys (ConfUtils.java:logGet(43)) - raft.server.log.segment.size.max = 16384 (custom)
2019-06-12 21:47:54,598 INFO  server.RaftServerConfigKeys (ConfUtils.java:logGet(43)) - raft.server.log.segment.cache.num.max = 2 (custom)
2019-06-12 21:47:54,598 INFO  storage.RaftLogWorker (RaftLogWorker.java:<init>(123)) - new 2fd43888-4802-494d-b7ed-9803a9d9e397-RaftLogWorker for Storage Directory /opt/src/hadoop-ozone/integration-test/target/test-dir/MiniOzoneClusterImpl-a0a27a2a-d492-455c-9bb3-f8d67be5447a/datanode-4/data/ratis/d54eefd9-b7e9-4036-8b83-c0bead1fbb3c
2019-06-12 21:47:54,598 INFO  server.RaftServerConfigKeys (ConfUtils.java:logGet(43)) - raft.server.log.queue.byte-limit = 2147483647 (custom)
2019-06-12 21:47:54,598 INFO  server.RaftServerConfigKeys (ConfUtils.java:logGet(43)) - raft.server.log.queue.element-limit = 1024 (custom)
2019-06-12 21:47:54,598 INFO  server.RaftServerConfigKeys (ConfUtils.java:logGet(43)) - raft.server.log.segment.size.max = 16384 (custom)
2019-06-12 21:47:54,598 INFO  server.RaftServerConfigKeys (ConfUtils.java:logGet(43)) - raft.server.log.preallocated.size = 16384 (custom)
2019-06-12 21:47:54,598 INFO  server.RaftServerConfigKeys (ConfUtils.java:logGet(43)) - raft.server.log.write.buffer.size = 33554432 (custom)
2019-06-12 21:47:54,598 INFO  server.RaftServerConfigKeys (ConfUtils.java:logGet(43)) - raft.server.log.force.sync.num = 128 (default)
2019-06-12 21:47:54,598 INFO  server.RaftServerConfigKeys (ConfUtils.java:logGet(43)) - raft.server.log.statemachine.data.sync = true (default)
2019-06-12 21:47:54,599 INFO  server.RaftServerConfigKeys (ConfUtils.java:logGet(43)) - raft.server.log.statemachine.data.sync.timeout = 10s (default)
2019-06-12 21:47:54,599 INFO  server.RaftServerConfigKeys (ConfUtils.java:logGet(43)) - raft.server.log.statemachine.data.sync.timeout.retry = -1 (default)
2019-06-12 21:47:54,599 INFO  server.RaftServerConfigKeys (ConfUtils.java:logGet(43)) - raft.server.log.statemachine.data.caching.enabled = true (custom)
2019-06-12 21:47:54,599 INFO  server.RaftServerConfigKeys (ConfUtils.java:logGet(43)) - raft.server.snapshot.auto.trigger.enabled = true (custom)
2019-06-12 21:47:54,599 INFO  server.RaftServerConfigKeys (ConfUtils.java:logGet(43)) - raft.server.snapshot.auto.trigger.threshold = 10000 (custom)
2019-06-12 21:47:54,599 INFO  server.RaftServerConfigKeys (ConfUtils.java:logGet(43)) - raft.server.retrycache.expirytime = 600000ms (custom)
2019-06-12 21:47:54,599 INFO  impl.RaftServerImpl (RaftServerImpl.java:start(173)) - 2fd43888-4802-494d-b7ed-9803a9d9e397: start group-C0BEAD1FBB3C
2019-06-12 21:47:54,599 INFO  impl.RaftServerImpl (RaftServerImpl.java:setRole(164)) - 2fd43888-4802-494d-b7ed-9803a9d9e397:group-C0BEAD1FBB3C changes role from null to FOLLOWER at term 0 for startAsFollower
2019-06-12 21:47:54,600 INFO  impl.RoleInfo (RoleInfo.java:updateAndGet(143)) - 2fd43888-4802-494d-b7ed-9803a9d9e397: start FollowerState
2019-06-12 21:47:54,600 INFO  util.JmxRegister (JmxRegister.java:tryRegister(44)) - Successfully registered JMX Bean with object name Ratis:service=RaftServer,group=group-C0BEAD1FBB3C,id=2fd43888-4802-494d-b7ed-9803a9d9e397
2019-06-12 21:47:54,606 INFO  pipeline.PipelineStateManager (PipelineStateManager.java:addPipeline(56)) - Created pipeline Pipeline[ Id: d54eefd9-b7e9-4036-8b83-c0bead1fbb3c, Nodes: 2fd43888-4802-494d-b7ed-9803a9d9e397{ip: 192.168.19.17, host: ozone-zc7hm-585872790, networkLocation: /default-rack, certSerialId: null}, Type:RATIS, Factor:ONE, State:OPEN]
2019-06-12 21:47:54,766 INFO  node.SCMNodeManager (SCMNodeManager.java:register(234)) - Registered Data node : 7ec98583-0afb-4499-af5f-a9a0d88b654f{ip: 192.168.19.17, host: ozone-zc7hm-585872790, networkLocation: /default-rack, certSerialId: null}
2019-06-12 21:47:54,773 INFO  impl.RaftServerProxy (RaftServerProxy.java:addNew(89)) - 7ec98583-0afb-4499-af5f-a9a0d88b654f: addNew group-FDBA0F2CF1A7:[7ec98583-0afb-4499-af5f-a9a0d88b654f:192.168.19.17:39615] returns group-FDBA0F2CF1A7:java.util.concurrent.CompletableFuture@692c3a49[Not completed]
2019-06-12 21:47:54,773 INFO  impl.RaftServerImpl (RaftServerImpl.java:<init>(91)) - 7ec98583-0afb-4499-af5f-a9a0d88b654f: new RaftServerImpl for group-FDBA0F2CF1A7:[7ec98583-0afb-4499-af5f-a9a0d88b654f:192.168.19.17:39615] with ContainerStateMachine:uninitialized
2019-06-12 21:47:54,773 INFO  server.RaftServerConfigKeys (ConfUtils.java:logGet(43)) - raft.server.rpc.timeout.min = 1s (custom)
2019-06-12 21:47:54,773 INFO  server.RaftServerConfigKeys (ConfUtils.java:logGet(43)) - raft.server.rpc.timeout.max = 1200ms (custom)
2019-06-12 21:47:54,773 INFO  server.RaftServerConfigKeys (ConfUtils.java:logGet(43)) - raft.server.rpcslowness.timeout = 120s (custom)
2019-06-12 21:47:54,773 INFO  server.RaftServerConfigKeys (ConfUtils.java:logGet(43)) - raft.server.log.appender.install.snapshot.enabled = true (default)
2019-06-12 21:47:54,774 INFO  impl.RaftServerImpl (ServerState.java:<init>(101)) - 7ec98583-0afb-4499-af5f-a9a0d88b654f:group-FDBA0F2CF1A7 ConfigurationManager, init=-1: [7ec98583-0afb-4499-af5f-a9a0d88b654f:192.168.19.17:39615], old=null, confs=<EMPTY_MAP>
2019-06-12 21:47:54,774 INFO  server.RaftServerConfigKeys (ConfUtils.java:logGet(43)) - raft.server.storage.dir = [/opt/src/hadoop-ozone/integration-test/target/test-dir/MiniOzoneClusterImpl-a0a27a2a-d492-455c-9bb3-f8d67be5447a/datanode-5/data/ratis] (custom)
2019-06-12 21:47:54,774 INFO  storage.RaftStorageDirectory (RaftStorageDirectory.java:analyzeStorage(246)) - The storage directory /opt/src/hadoop-ozone/integration-test/target/test-dir/MiniOzoneClusterImpl-a0a27a2a-d492-455c-9bb3-f8d67be5447a/datanode-5/data/ratis/16af8bbd-717e-4b13-b986-fdba0f2cf1a7 does not exist. Creating ...
2019-06-12 21:47:54,776 INFO  storage.RaftStorageDirectory (RaftStorageDirectory.java:tryLock(328)) - Lock on /opt/src/hadoop-ozone/integration-test/target/test-dir/MiniOzoneClusterImpl-a0a27a2a-d492-455c-9bb3-f8d67be5447a/datanode-5/data/ratis/16af8bbd-717e-4b13-b986-fdba0f2cf1a7/in_use.lock acquired by nodename 30724@ozone-zc7hm-585872790
2019-06-12 21:47:54,778 INFO  storage.RaftStorage (RaftStorage.java:format(75)) - Storage directory /opt/src/hadoop-ozone/integration-test/target/test-dir/MiniOzoneClusterImpl-a0a27a2a-d492-455c-9bb3-f8d67be5447a/datanode-5/data/ratis/16af8bbd-717e-4b13-b986-fdba0f2cf1a7 has been successfully formatted.
2019-06-12 21:47:54,778 INFO  ratis.ContainerStateMachine (ContainerStateMachine.java:loadSnapshot(199)) - The snapshot info is null.Setting the last applied index to:(t:0, i:~)
2019-06-12 21:47:54,778 INFO  server.RaftServerConfigKeys (ConfUtils.java:logGet(43)) - raft.server.leader.election.timeout = 120s (custom)
2019-06-12 21:47:54,778 INFO  server.RaftServerConfigKeys (ConfUtils.java:logGet(43)) - raft.server.log.use.memory = false (default)
2019-06-12 21:47:54,778 INFO  server.RaftServerConfigKeys (ConfUtils.java:logGet(43)) - raft.server.log.appender.buffer.byte-limit = 33554432 (custom)
2019-06-12 21:47:54,778 INFO  server.RaftServerConfigKeys (ConfUtils.java:logGet(43)) - raft.server.log.segment.size.max = 16384 (custom)
2019-06-12 21:47:54,779 INFO  server.RaftServerConfigKeys (ConfUtils.java:logGet(43)) - raft.server.log.segment.cache.num.max = 2 (custom)
2019-06-12 21:47:54,779 INFO  storage.RaftLogWorker (RaftLogWorker.java:<init>(123)) - new 7ec98583-0afb-4499-af5f-a9a0d88b654f-RaftLogWorker for Storage Directory /opt/src/hadoop-ozone/integration-test/target/test-dir/MiniOzoneClusterImpl-a0a27a2a-d492-455c-9bb3-f8d67be5447a/datanode-5/data/ratis/16af8bbd-717e-4b13-b986-fdba0f2cf1a7
2019-06-12 21:47:54,779 INFO  server.RaftServerConfigKeys (ConfUtils.java:logGet(43)) - raft.server.log.queue.byte-limit = 2147483647 (custom)
2019-06-12 21:47:54,779 INFO  server.RaftServerConfigKeys (ConfUtils.java:logGet(43)) - raft.server.log.queue.element-limit = 1024 (custom)
2019-06-12 21:47:54,779 INFO  server.RaftServerConfigKeys (ConfUtils.java:logGet(43)) - raft.server.log.segment.size.max = 16384 (custom)
2019-06-12 21:47:54,779 INFO  server.RaftServerConfigKeys (ConfUtils.java:logGet(43)) - raft.server.log.preallocated.size = 16384 (custom)
2019-06-12 21:47:54,779 INFO  server.RaftServerConfigKeys (ConfUtils.java:logGet(43)) - raft.server.log.write.buffer.size = 33554432 (custom)
2019-06-12 21:47:54,779 INFO  server.RaftServerConfigKeys (ConfUtils.java:logGet(43)) - raft.server.log.force.sync.num = 128 (default)
2019-06-12 21:47:54,779 INFO  server.RaftServerConfigKeys (ConfUtils.java:logGet(43)) - raft.server.log.statemachine.data.sync = true (default)
2019-06-12 21:47:54,779 INFO  server.RaftServerConfigKeys (ConfUtils.java:logGet(43)) - raft.server.log.statemachine.data.sync.timeout = 10s (default)
2019-06-12 21:47:54,779 INFO  server.RaftServerConfigKeys (ConfUtils.java:logGet(43)) - raft.server.log.statemachine.data.sync.timeout.retry = -1 (default)
2019-06-12 21:47:54,779 INFO  server.RaftServerConfigKeys (ConfUtils.java:logGet(43)) - raft.server.log.statemachine.data.caching.enabled = true (custom)
2019-06-12 21:47:54,780 INFO  server.RaftServerConfigKeys (ConfUtils.java:logGet(43)) - raft.server.snapshot.auto.trigger.enabled = true (custom)
2019-06-12 21:47:54,780 INFO  server.RaftServerConfigKeys (ConfUtils.java:logGet(43)) - raft.server.snapshot.auto.trigger.threshold = 10000 (custom)
2019-06-12 21:47:54,780 INFO  server.RaftServerConfigKeys (ConfUtils.java:logGet(43)) - raft.server.retrycache.expirytime = 600000ms (custom)
2019-06-12 21:47:54,780 INFO  impl.RaftServerImpl (RaftServerImpl.java:start(173)) - 7ec98583-0afb-4499-af5f-a9a0d88b654f: start group-FDBA0F2CF1A7
2019-06-12 21:47:54,780 INFO  impl.RaftServerImpl (RaftServerImpl.java:setRole(164)) - 7ec98583-0afb-4499-af5f-a9a0d88b654f:group-FDBA0F2CF1A7 changes role from null to FOLLOWER at term 0 for startAsFollower
2019-06-12 21:47:54,780 INFO  impl.RoleInfo (RoleInfo.java:updateAndGet(143)) - 7ec98583-0afb-4499-af5f-a9a0d88b654f: start FollowerState
2019-06-12 21:47:54,780 INFO  util.JmxRegister (JmxRegister.java:tryRegister(44)) - Successfully registered JMX Bean with object name Ratis:service=RaftServer,group=group-FDBA0F2CF1A7,id=7ec98583-0afb-4499-af5f-a9a0d88b654f
2019-06-12 21:47:54,782 INFO  pipeline.PipelineStateManager (PipelineStateManager.java:addPipeline(56)) - Created pipeline Pipeline[ Id: 16af8bbd-717e-4b13-b986-fdba0f2cf1a7, Nodes: 7ec98583-0afb-4499-af5f-a9a0d88b654f{ip: 192.168.19.17, host: ozone-zc7hm-585872790, networkLocation: /default-rack, certSerialId: null}, Type:RATIS, Factor:ONE, State:OPEN]
2019-06-12 21:47:54,791 INFO  impl.RaftServerProxy (RaftServerProxy.java:addNew(89)) - a09b26e6-dce9-41fc-a055-bce9051bf65c: addNew group-40383ABCB61A:[7ec98583-0afb-4499-af5f-a9a0d88b654f:192.168.19.17:39615, a09b26e6-dce9-41fc-a055-bce9051bf65c:192.168.19.17:34145, 2fd43888-4802-494d-b7ed-9803a9d9e397:192.168.19.17:39805] returns group-40383ABCB61A:java.util.concurrent.CompletableFuture@28dd6d3b[Not completed]
2019-06-12 21:47:54,792 INFO  impl.RaftServerImpl (RaftServerImpl.java:<init>(91)) - a09b26e6-dce9-41fc-a055-bce9051bf65c: new RaftServerImpl for group-40383ABCB61A:[7ec98583-0afb-4499-af5f-a9a0d88b654f:192.168.19.17:39615, a09b26e6-dce9-41fc-a055-bce9051bf65c:192.168.19.17:34145, 2fd43888-4802-494d-b7ed-9803a9d9e397:192.168.19.17:39805] with ContainerStateMachine:uninitialized
2019-06-12 21:47:54,792 INFO  server.RaftServerConfigKeys (ConfUtils.java:logGet(43)) - raft.server.rpc.timeout.min = 1s (custom)
2019-06-12 21:47:54,792 INFO  server.RaftServerConfigKeys (ConfUtils.java:logGet(43)) - raft.server.rpc.timeout.max = 1200ms (custom)
2019-06-12 21:47:54,792 INFO  server.RaftServerConfigKeys (ConfUtils.java:logGet(43)) - raft.server.rpcslowness.timeout = 120s (custom)
2019-06-12 21:47:54,792 INFO  server.RaftServerConfigKeys (ConfUtils.java:logGet(43)) - raft.server.log.appender.install.snapshot.enabled = true (default)
2019-06-12 21:47:54,793 INFO  impl.RaftServerImpl (ServerState.java:<init>(101)) - a09b26e6-dce9-41fc-a055-bce9051bf65c:group-40383ABCB61A ConfigurationManager, init=-1: [7ec98583-0afb-4499-af5f-a9a0d88b654f:192.168.19.17:39615, a09b26e6-dce9-41fc-a055-bce9051bf65c:192.168.19.17:34145, 2fd43888-4802-494d-b7ed-9803a9d9e397:192.168.19.17:39805], old=null, confs=<EMPTY_MAP>
2019-06-12 21:47:54,793 INFO  server.RaftServerConfigKeys (ConfUtils.java:logGet(43)) - raft.server.storage.dir = [/opt/src/hadoop-ozone/integration-test/target/test-dir/MiniOzoneClusterImpl-a0a27a2a-d492-455c-9bb3-f8d67be5447a/datanode-3/data/ratis] (custom)
2019-06-12 21:47:54,793 INFO  storage.RaftStorageDirectory (RaftStorageDirectory.java:analyzeStorage(246)) - The storage directory /opt/src/hadoop-ozone/integration-test/target/test-dir/MiniOzoneClusterImpl-a0a27a2a-d492-455c-9bb3-f8d67be5447a/datanode-3/data/ratis/e5864286-b2d3-4354-9484-40383abcb61a does not exist. Creating ...
2019-06-12 21:47:54,796 INFO  storage.RaftStorageDirectory (RaftStorageDirectory.java:tryLock(328)) - Lock on /opt/src/hadoop-ozone/integration-test/target/test-dir/MiniOzoneClusterImpl-a0a27a2a-d492-455c-9bb3-f8d67be5447a/datanode-3/data/ratis/e5864286-b2d3-4354-9484-40383abcb61a/in_use.lock acquired by nodename 30724@ozone-zc7hm-585872790
2019-06-12 21:47:54,798 INFO  storage.RaftStorage (RaftStorage.java:format(75)) - Storage directory /opt/src/hadoop-ozone/integration-test/target/test-dir/MiniOzoneClusterImpl-a0a27a2a-d492-455c-9bb3-f8d67be5447a/datanode-3/data/ratis/e5864286-b2d3-4354-9484-40383abcb61a has been successfully formatted.
2019-06-12 21:47:54,798 INFO  ratis.ContainerStateMachine (ContainerStateMachine.java:loadSnapshot(199)) - The snapshot info is null.Setting the last applied index to:(t:0, i:~)
2019-06-12 21:47:54,799 INFO  server.RaftServerConfigKeys (ConfUtils.java:logGet(43)) - raft.server.leader.election.timeout = 120s (custom)
2019-06-12 21:47:54,799 INFO  server.RaftServerConfigKeys (ConfUtils.java:logGet(43)) - raft.server.log.use.memory = false (default)
2019-06-12 21:47:54,799 INFO  server.RaftServerConfigKeys (ConfUtils.java:logGet(43)) - raft.server.log.appender.buffer.byte-limit = 33554432 (custom)
2019-06-12 21:47:54,799 INFO  server.RaftServerConfigKeys (ConfUtils.java:logGet(43)) - raft.server.log.segment.size.max = 16384 (custom)
2019-06-12 21:47:54,799 INFO  server.RaftServerConfigKeys (ConfUtils.java:logGet(43)) - raft.server.log.segment.cache.num.max = 2 (custom)
2019-06-12 21:47:54,799 INFO  storage.RaftLogWorker (RaftLogWorker.java:<init>(123)) - new a09b26e6-dce9-41fc-a055-bce9051bf65c-RaftLogWorker for Storage Directory /opt/src/hadoop-ozone/integration-test/target/test-dir/MiniOzoneClusterImpl-a0a27a2a-d492-455c-9bb3-f8d67be5447a/datanode-3/data/ratis/e5864286-b2d3-4354-9484-40383abcb61a
2019-06-12 21:47:54,799 INFO  server.RaftServerConfigKeys (ConfUtils.java:logGet(43)) - raft.server.log.queue.byte-limit = 2147483647 (custom)
2019-06-12 21:47:54,799 INFO  server.RaftServerConfigKeys (ConfUtils.java:logGet(43)) - raft.server.log.queue.element-limit = 1024 (custom)
2019-06-12 21:47:54,799 INFO  server.RaftServerConfigKeys (ConfUtils.java:logGet(43)) - raft.server.log.segment.size.max = 16384 (custom)
2019-06-12 21:47:54,800 INFO  server.RaftServerConfigKeys (ConfUtils.java:logGet(43)) - raft.server.log.preallocated.size = 16384 (custom)
2019-06-12 21:47:54,800 INFO  server.RaftServerConfigKeys (ConfUtils.java:logGet(43)) - raft.server.log.write.buffer.size = 33554432 (custom)
2019-06-12 21:47:54,800 INFO  server.RaftServerConfigKeys (ConfUtils.java:logGet(43)) - raft.server.log.force.sync.num = 128 (default)
2019-06-12 21:47:54,800 INFO  server.RaftServerConfigKeys (ConfUtils.java:logGet(43)) - raft.server.log.statemachine.data.sync = true (default)
2019-06-12 21:47:54,800 INFO  server.RaftServerConfigKeys (ConfUtils.java:logGet(43)) - raft.server.log.statemachine.data.sync.timeout = 10s (default)
2019-06-12 21:47:54,800 INFO  server.RaftServerConfigKeys (ConfUtils.java:logGet(43)) - raft.server.log.statemachine.data.sync.timeout.retry = -1 (default)
2019-06-12 21:47:54,800 INFO  server.RaftServerConfigKeys (ConfUtils.java:logGet(43)) - raft.server.log.statemachine.data.caching.enabled = true (custom)
2019-06-12 21:47:54,801 INFO  server.RaftServerConfigKeys (ConfUtils.java:logGet(43)) - raft.server.snapshot.auto.trigger.enabled = true (custom)
2019-06-12 21:47:54,802 INFO  server.RaftServerConfigKeys (ConfUtils.java:logGet(43)) - raft.server.snapshot.auto.trigger.threshold = 10000 (custom)
2019-06-12 21:47:54,802 INFO  server.RaftServerConfigKeys (ConfUtils.java:logGet(43)) - raft.server.retrycache.expirytime = 600000ms (custom)
2019-06-12 21:47:54,802 INFO  impl.RaftServerImpl (RaftServerImpl.java:start(173)) - a09b26e6-dce9-41fc-a055-bce9051bf65c: start group-40383ABCB61A
2019-06-12 21:47:54,802 INFO  impl.RaftServerImpl (RaftServerImpl.java:setRole(164)) - a09b26e6-dce9-41fc-a055-bce9051bf65c:group-40383ABCB61A changes role from null to FOLLOWER at term 0 for startAsFollower
2019-06-12 21:47:54,802 INFO  impl.RoleInfo (RoleInfo.java:updateAndGet(143)) - a09b26e6-dce9-41fc-a055-bce9051bf65c: start FollowerState
2019-06-12 21:47:54,807 INFO  util.JmxRegister (JmxRegister.java:tryRegister(44)) - Successfully registered JMX Bean with object name Ratis:service=RaftServer,group=group-40383ABCB61A,id=a09b26e6-dce9-41fc-a055-bce9051bf65c
2019-06-12 21:47:54,807 INFO  impl.RaftServerProxy (RaftServerProxy.java:addNew(89)) - 2fd43888-4802-494d-b7ed-9803a9d9e397: addNew group-40383ABCB61A:[7ec98583-0afb-4499-af5f-a9a0d88b654f:192.168.19.17:39615, a09b26e6-dce9-41fc-a055-bce9051bf65c:192.168.19.17:34145, 2fd43888-4802-494d-b7ed-9803a9d9e397:192.168.19.17:39805] returns group-40383ABCB61A:java.util.concurrent.CompletableFuture@5c7d0d4[Not completed]
2019-06-12 21:47:54,807 INFO  impl.RaftServerProxy (RaftServerProxy.java:addNew(89)) - 7ec98583-0afb-4499-af5f-a9a0d88b654f: addNew group-40383ABCB61A:[7ec98583-0afb-4499-af5f-a9a0d88b654f:192.168.19.17:39615, a09b26e6-dce9-41fc-a055-bce9051bf65c:192.168.19.17:34145, 2fd43888-4802-494d-b7ed-9803a9d9e397:192.168.19.17:39805] returns group-40383ABCB61A:java.util.concurrent.CompletableFuture@590c9401[Not completed]
2019-06-12 21:47:54,808 INFO  impl.RaftServerImpl (RaftServerImpl.java:<init>(91)) - 2fd43888-4802-494d-b7ed-9803a9d9e397: new RaftServerImpl for group-40383ABCB61A:[7ec98583-0afb-4499-af5f-a9a0d88b654f:192.168.19.17:39615, a09b26e6-dce9-41fc-a055-bce9051bf65c:192.168.19.17:34145, 2fd43888-4802-494d-b7ed-9803a9d9e397:192.168.19.17:39805] with ContainerStateMachine:uninitialized
2019-06-12 21:47:54,808 INFO  server.RaftServerConfigKeys (ConfUtils.java:logGet(43)) - raft.server.rpc.timeout.min = 1s (custom)
2019-06-12 21:47:54,808 INFO  server.RaftServerConfigKeys (ConfUtils.java:logGet(43)) - raft.server.rpc.timeout.max = 1200ms (custom)
2019-06-12 21:47:54,808 INFO  server.RaftServerConfigKeys (ConfUtils.java:logGet(43)) - raft.server.rpcslowness.timeout = 120s (custom)
2019-06-12 21:47:54,808 INFO  server.RaftServerConfigKeys (ConfUtils.java:logGet(43)) - raft.server.log.appender.install.snapshot.enabled = true (default)
2019-06-12 21:47:54,809 INFO  impl.RaftServerImpl (ServerState.java:<init>(101)) - 2fd43888-4802-494d-b7ed-9803a9d9e397:group-40383ABCB61A ConfigurationManager, init=-1: [7ec98583-0afb-4499-af5f-a9a0d88b654f:192.168.19.17:39615, a09b26e6-dce9-41fc-a055-bce9051bf65c:192.168.19.17:34145, 2fd43888-4802-494d-b7ed-9803a9d9e397:192.168.19.17:39805], old=null, confs=<EMPTY_MAP>
2019-06-12 21:47:54,809 INFO  server.RaftServerConfigKeys (ConfUtils.java:logGet(43)) - raft.server.storage.dir = [/opt/src/hadoop-ozone/integration-test/target/test-dir/MiniOzoneClusterImpl-a0a27a2a-d492-455c-9bb3-f8d67be5447a/datanode-4/data/ratis] (custom)
2019-06-12 21:47:54,809 INFO  storage.RaftStorageDirectory (RaftStorageDirectory.java:analyzeStorage(246)) - The storage directory /opt/src/hadoop-ozone/integration-test/target/test-dir/MiniOzoneClusterImpl-a0a27a2a-d492-455c-9bb3-f8d67be5447a/datanode-4/data/ratis/e5864286-b2d3-4354-9484-40383abcb61a does not exist. Creating ...
2019-06-12 21:47:54,810 INFO  impl.RaftServerImpl (RaftServerImpl.java:<init>(91)) - 7ec98583-0afb-4499-af5f-a9a0d88b654f: new RaftServerImpl for group-40383ABCB61A:[7ec98583-0afb-4499-af5f-a9a0d88b654f:192.168.19.17:39615, a09b26e6-dce9-41fc-a055-bce9051bf65c:192.168.19.17:34145, 2fd43888-4802-494d-b7ed-9803a9d9e397:192.168.19.17:39805] with ContainerStateMachine:uninitialized
2019-06-12 21:47:54,810 INFO  server.RaftServerConfigKeys (ConfUtils.java:logGet(43)) - raft.server.rpc.timeout.min = 1s (custom)
2019-06-12 21:47:54,810 INFO  server.RaftServerConfigKeys (ConfUtils.java:logGet(43)) - raft.server.rpc.timeout.max = 1200ms (custom)
2019-06-12 21:47:54,810 INFO  server.RaftServerConfigKeys (ConfUtils.java:logGet(43)) - raft.server.rpcslowness.timeout = 120s (custom)
2019-06-12 21:47:54,810 INFO  server.RaftServerConfigKeys (ConfUtils.java:logGet(43)) - raft.server.log.appender.install.snapshot.enabled = true (default)
2019-06-12 21:47:54,810 INFO  impl.RaftServerImpl (ServerState.java:<init>(101)) - 7ec98583-0afb-4499-af5f-a9a0d88b654f:group-40383ABCB61A ConfigurationManager, init=-1: [7ec98583-0afb-4499-af5f-a9a0d88b654f:192.168.19.17:39615, a09b26e6-dce9-41fc-a055-bce9051bf65c:192.168.19.17:34145, 2fd43888-4802-494d-b7ed-9803a9d9e397:192.168.19.17:39805], old=null, confs=<EMPTY_MAP>
2019-06-12 21:47:54,810 INFO  server.RaftServerConfigKeys (ConfUtils.java:logGet(43)) - raft.server.storage.dir = [/opt/src/hadoop-ozone/integration-test/target/test-dir/MiniOzoneClusterImpl-a0a27a2a-d492-455c-9bb3-f8d67be5447a/datanode-5/data/ratis] (custom)
2019-06-12 21:47:54,811 INFO  storage.RaftStorageDirectory (RaftStorageDirectory.java:analyzeStorage(246)) - The storage directory /opt/src/hadoop-ozone/integration-test/target/test-dir/MiniOzoneClusterImpl-a0a27a2a-d492-455c-9bb3-f8d67be5447a/datanode-5/data/ratis/e5864286-b2d3-4354-9484-40383abcb61a does not exist. Creating ...
2019-06-12 21:47:54,813 INFO  storage.RaftStorageDirectory (RaftStorageDirectory.java:tryLock(328)) - Lock on /opt/src/hadoop-ozone/integration-test/target/test-dir/MiniOzoneClusterImpl-a0a27a2a-d492-455c-9bb3-f8d67be5447a/datanode-4/data/ratis/e5864286-b2d3-4354-9484-40383abcb61a/in_use.lock acquired by nodename 30724@ozone-zc7hm-585872790
2019-06-12 21:47:54,813 INFO  storage.RaftStorageDirectory (RaftStorageDirectory.java:tryLock(328)) - Lock on /opt/src/hadoop-ozone/integration-test/target/test-dir/MiniOzoneClusterImpl-a0a27a2a-d492-455c-9bb3-f8d67be5447a/datanode-5/data/ratis/e5864286-b2d3-4354-9484-40383abcb61a/in_use.lock acquired by nodename 30724@ozone-zc7hm-585872790
2019-06-12 21:47:54,815 INFO  storage.RaftStorage (RaftStorage.java:format(75)) - Storage directory /opt/src/hadoop-ozone/integration-test/target/test-dir/MiniOzoneClusterImpl-a0a27a2a-d492-455c-9bb3-f8d67be5447a/datanode-4/data/ratis/e5864286-b2d3-4354-9484-40383abcb61a has been successfully formatted.
2019-06-12 21:47:54,815 INFO  ratis.ContainerStateMachine (ContainerStateMachine.java:loadSnapshot(199)) - The snapshot info is null.Setting the last applied index to:(t:0, i:~)
2019-06-12 21:47:54,815 INFO  server.RaftServerConfigKeys (ConfUtils.java:logGet(43)) - raft.server.leader.election.timeout = 120s (custom)
2019-06-12 21:47:54,815 INFO  server.RaftServerConfigKeys (ConfUtils.java:logGet(43)) - raft.server.log.use.memory = false (default)
2019-06-12 21:47:54,815 INFO  server.RaftServerConfigKeys (ConfUtils.java:logGet(43)) - raft.server.log.appender.buffer.byte-limit = 33554432 (custom)
2019-06-12 21:47:54,815 INFO  server.RaftServerConfigKeys (ConfUtils.java:logGet(43)) - raft.server.log.segment.size.max = 16384 (custom)
2019-06-12 21:47:54,816 INFO  server.RaftServerConfigKeys (ConfUtils.java:logGet(43)) - raft.server.log.segment.cache.num.max = 2 (custom)
2019-06-12 21:47:54,816 INFO  storage.RaftLogWorker (RaftLogWorker.java:<init>(123)) - new 2fd43888-4802-494d-b7ed-9803a9d9e397-RaftLogWorker for Storage Directory /opt/src/hadoop-ozone/integration-test/target/test-dir/MiniOzoneClusterImpl-a0a27a2a-d492-455c-9bb3-f8d67be5447a/datanode-4/data/ratis/e5864286-b2d3-4354-9484-40383abcb61a
2019-06-12 21:47:54,816 INFO  server.RaftServerConfigKeys (ConfUtils.java:logGet(43)) - raft.server.log.queue.byte-limit = 2147483647 (custom)
2019-06-12 21:47:54,816 INFO  server.RaftServerConfigKeys (ConfUtils.java:logGet(43)) - raft.server.log.queue.element-limit = 1024 (custom)
2019-06-12 21:47:54,816 INFO  server.RaftServerConfigKeys (ConfUtils.java:logGet(43)) - raft.server.log.segment.size.max = 16384 (custom)
2019-06-12 21:47:54,816 INFO  server.RaftServerConfigKeys (ConfUtils.java:logGet(43)) - raft.server.log.preallocated.size = 16384 (custom)
2019-06-12 21:47:54,816 INFO  server.RaftServerConfigKeys (ConfUtils.java:logGet(43)) - raft.server.log.write.buffer.size = 33554432 (custom)
2019-06-12 21:47:54,816 INFO  server.RaftServerConfigKeys (ConfUtils.java:logGet(43)) - raft.server.log.force.sync.num = 128 (default)
2019-06-12 21:47:54,816 INFO  server.RaftServerConfigKeys (ConfUtils.java:logGet(43)) - raft.server.log.statemachine.data.sync = true (default)
2019-06-12 21:47:54,816 INFO  server.RaftServerConfigKeys (ConfUtils.java:logGet(43)) - raft.server.log.statemachine.data.sync.timeout = 10s (default)
2019-06-12 21:47:54,817 INFO  server.RaftServerConfigKeys (ConfUtils.java:logGet(43)) - raft.server.log.statemachine.data.sync.timeout.retry = -1 (default)
2019-06-12 21:47:54,817 INFO  server.RaftServerConfigKeys (ConfUtils.java:logGet(43)) - raft.server.log.statemachine.data.caching.enabled = true (custom)
2019-06-12 21:47:54,818 INFO  storage.RaftStorage (RaftStorage.java:format(75)) - Storage directory /opt/src/hadoop-ozone/integration-test/target/test-dir/MiniOzoneClusterImpl-a0a27a2a-d492-455c-9bb3-f8d67be5447a/datanode-5/data/ratis/e5864286-b2d3-4354-9484-40383abcb61a has been successfully formatted.
2019-06-12 21:47:54,818 INFO  ratis.ContainerStateMachine (ContainerStateMachine.java:loadSnapshot(199)) - The snapshot info is null.Setting the last applied index to:(t:0, i:~)
2019-06-12 21:47:54,819 INFO  server.RaftServerConfigKeys (ConfUtils.java:logGet(43)) - raft.server.leader.election.timeout = 120s (custom)
2019-06-12 21:47:54,819 INFO  server.RaftServerConfigKeys (ConfUtils.java:logGet(43)) - raft.server.log.use.memory = false (default)
2019-06-12 21:47:54,819 INFO  server.RaftServerConfigKeys (ConfUtils.java:logGet(43)) - raft.server.log.appender.buffer.byte-limit = 33554432 (custom)
2019-06-12 21:47:54,819 INFO  server.RaftServerConfigKeys (ConfUtils.java:logGet(43)) - raft.server.log.segment.size.max = 16384 (custom)
2019-06-12 21:47:54,819 INFO  server.RaftServerConfigKeys (ConfUtils.java:logGet(43)) - raft.server.log.segment.cache.num.max = 2 (custom)
2019-06-12 21:47:54,819 INFO  storage.RaftLogWorker (RaftLogWorker.java:<init>(123)) - new 7ec98583-0afb-4499-af5f-a9a0d88b654f-RaftLogWorker for Storage Directory /opt/src/hadoop-ozone/integration-test/target/test-dir/MiniOzoneClusterImpl-a0a27a2a-d492-455c-9bb3-f8d67be5447a/datanode-5/data/ratis/e5864286-b2d3-4354-9484-40383abcb61a
2019-06-12 21:47:54,819 INFO  server.RaftServerConfigKeys (ConfUtils.java:logGet(43)) - raft.server.log.queue.byte-limit = 2147483647 (custom)
2019-06-12 21:47:54,819 INFO  server.RaftServerConfigKeys (ConfUtils.java:logGet(43)) - raft.server.log.queue.element-limit = 1024 (custom)
2019-06-12 21:47:54,819 INFO  server.RaftServerConfigKeys (ConfUtils.java:logGet(43)) - raft.server.snapshot.auto.trigger.enabled = true (custom)
2019-06-12 21:47:54,820 INFO  server.RaftServerConfigKeys (ConfUtils.java:logGet(43)) - raft.server.snapshot.auto.trigger.threshold = 10000 (custom)
2019-06-12 21:47:54,820 INFO  server.RaftServerConfigKeys (ConfUtils.java:logGet(43)) - raft.server.retrycache.expirytime = 600000ms (custom)
2019-06-12 21:47:54,820 INFO  impl.RaftServerImpl (RaftServerImpl.java:start(173)) - 2fd43888-4802-494d-b7ed-9803a9d9e397: start group-40383ABCB61A
2019-06-12 21:47:54,820 INFO  impl.RaftServerImpl (RaftServerImpl.java:setRole(164)) - 2fd43888-4802-494d-b7ed-9803a9d9e397:group-40383ABCB61A changes role from null to FOLLOWER at term 0 for startAsFollower
2019-06-12 21:47:54,820 INFO  impl.RoleInfo (RoleInfo.java:updateAndGet(143)) - 2fd43888-4802-494d-b7ed-9803a9d9e397: start FollowerState
2019-06-12 21:47:54,820 INFO  server.RaftServerConfigKeys (ConfUtils.java:logGet(43)) - raft.server.log.segment.size.max = 16384 (custom)
2019-06-12 21:47:54,820 INFO  server.RaftServerConfigKeys (ConfUtils.java:logGet(43)) - raft.server.log.preallocated.size = 16384 (custom)
2019-06-12 21:47:54,820 INFO  server.RaftServerConfigKeys (ConfUtils.java:logGet(43)) - raft.server.log.write.buffer.size = 33554432 (custom)
2019-06-12 21:47:54,821 INFO  server.RaftServerConfigKeys (ConfUtils.java:logGet(43)) - raft.server.log.force.sync.num = 128 (default)
2019-06-12 21:47:54,821 INFO  server.RaftServerConfigKeys (ConfUtils.java:logGet(43)) - raft.server.log.statemachine.data.sync = true (default)
2019-06-12 21:47:54,821 INFO  server.RaftServerConfigKeys (ConfUtils.java:logGet(43)) - raft.server.log.statemachine.data.sync.timeout = 10s (default)
2019-06-12 21:47:54,821 INFO  server.RaftServerConfigKeys (ConfUtils.java:logGet(43)) - raft.server.log.statemachine.data.sync.timeout.retry = -1 (default)
2019-06-12 21:47:54,821 INFO  util.JmxRegister (JmxRegister.java:tryRegister(44)) - Successfully registered JMX Bean with object name Ratis:service=RaftServer,group=group-40383ABCB61A,id=2fd43888-4802-494d-b7ed-9803a9d9e397
2019-06-12 21:47:54,822 INFO  server.RaftServerConfigKeys (ConfUtils.java:logGet(43)) - raft.server.log.statemachine.data.caching.enabled = true (custom)
2019-06-12 21:47:54,825 INFO  server.RaftServerConfigKeys (ConfUtils.java:logGet(43)) - raft.server.snapshot.auto.trigger.enabled = true (custom)
2019-06-12 21:47:54,826 INFO  server.RaftServerConfigKeys (ConfUtils.java:logGet(43)) - raft.server.snapshot.auto.trigger.threshold = 10000 (custom)
2019-06-12 21:47:54,826 INFO  server.RaftServerConfigKeys (ConfUtils.java:logGet(43)) - raft.server.retrycache.expirytime = 600000ms (custom)
2019-06-12 21:47:54,826 INFO  impl.RaftServerImpl (RaftServerImpl.java:start(173)) - 7ec98583-0afb-4499-af5f-a9a0d88b654f: start group-40383ABCB61A
2019-06-12 21:47:54,826 INFO  impl.RaftServerImpl (RaftServerImpl.java:setRole(164)) - 7ec98583-0afb-4499-af5f-a9a0d88b654f:group-40383ABCB61A changes role from null to FOLLOWER at term 0 for startAsFollower
2019-06-12 21:47:54,826 INFO  impl.RoleInfo (RoleInfo.java:updateAndGet(143)) - 7ec98583-0afb-4499-af5f-a9a0d88b654f: start FollowerState
2019-06-12 21:47:54,826 INFO  util.JmxRegister (JmxRegister.java:tryRegister(44)) - Successfully registered JMX Bean with object name Ratis:service=RaftServer,group=group-40383ABCB61A,id=7ec98583-0afb-4499-af5f-a9a0d88b654f
2019-06-12 21:47:54,829 INFO  pipeline.PipelineStateManager (PipelineStateManager.java:addPipeline(56)) - Created pipeline Pipeline[ Id: e5864286-b2d3-4354-9484-40383abcb61a, Nodes: a09b26e6-dce9-41fc-a055-bce9051bf65c{ip: 192.168.19.17, host: ozone-zc7hm-585872790, networkLocation: /default-rack, certSerialId: null}2fd43888-4802-494d-b7ed-9803a9d9e397{ip: 192.168.19.17, host: ozone-zc7hm-585872790, networkLocation: /default-rack, certSerialId: null}7ec98583-0afb-4499-af5f-a9a0d88b654f{ip: 192.168.19.17, host: ozone-zc7hm-585872790, networkLocation: /default-rack, certSerialId: null}, Type:RATIS, Factor:THREE, State:OPEN]
2019-06-12 21:47:54,973 INFO  ozone.MiniOzoneClusterImpl (MiniOzoneClusterImpl.java:lambda$waitForClusterToBeReady$0(142)) - Waiting for cluster to be ready. Got 6 of 7 DN Heartbeats.
2019-06-12 21:47:54,974 INFO  node.SCMNodeManager (SCMNodeManager.java:register(234)) - Registered Data node : 5ab9abfe-59c8-4e0b-ab1f-4a4503f64bcd{ip: 192.168.19.17, host: ozone-zc7hm-585872790, networkLocation: /default-rack, certSerialId: null}
2019-06-12 21:47:54,982 INFO  impl.RaftServerProxy (RaftServerProxy.java:addNew(89)) - 5ab9abfe-59c8-4e0b-ab1f-4a4503f64bcd: addNew group-EAAC4B312516:[5ab9abfe-59c8-4e0b-ab1f-4a4503f64bcd:192.168.19.17:42959] returns group-EAAC4B312516:java.util.concurrent.CompletableFuture@7494010d[Not completed]
2019-06-12 21:47:54,982 INFO  impl.RaftServerImpl (RaftServerImpl.java:<init>(91)) - 5ab9abfe-59c8-4e0b-ab1f-4a4503f64bcd: new RaftServerImpl for group-EAAC4B312516:[5ab9abfe-59c8-4e0b-ab1f-4a4503f64bcd:192.168.19.17:42959] with ContainerStateMachine:uninitialized
2019-06-12 21:47:54,982 INFO  server.RaftServerConfigKeys (ConfUtils.java:logGet(43)) - raft.server.rpc.timeout.min = 1s (custom)
2019-06-12 21:47:54,983 INFO  server.RaftServerConfigKeys (ConfUtils.java:logGet(43)) - raft.server.rpc.timeout.max = 1200ms (custom)
2019-06-12 21:47:54,983 INFO  server.RaftServerConfigKeys (ConfUtils.java:logGet(43)) - raft.server.rpcslowness.timeout = 120s (custom)
2019-06-12 21:47:54,983 INFO  server.RaftServerConfigKeys (ConfUtils.java:logGet(43)) - raft.server.log.appender.install.snapshot.enabled = true (default)
2019-06-12 21:47:54,983 INFO  impl.RaftServerImpl (ServerState.java:<init>(101)) - 5ab9abfe-59c8-4e0b-ab1f-4a4503f64bcd:group-EAAC4B312516 ConfigurationManager, init=-1: [5ab9abfe-59c8-4e0b-ab1f-4a4503f64bcd:192.168.19.17:42959], old=null, confs=<EMPTY_MAP>
2019-06-12 21:47:54,983 INFO  server.RaftServerConfigKeys (ConfUtils.java:logGet(43)) - raft.server.storage.dir = [/opt/src/hadoop-ozone/integration-test/target/test-dir/MiniOzoneClusterImpl-a0a27a2a-d492-455c-9bb3-f8d67be5447a/datanode-6/data/ratis] (custom)
2019-06-12 21:47:54,983 INFO  storage.RaftStorageDirectory (RaftStorageDirectory.java:analyzeStorage(246)) - The storage directory /opt/src/hadoop-ozone/integration-test/target/test-dir/MiniOzoneClusterImpl-a0a27a2a-d492-455c-9bb3-f8d67be5447a/datanode-6/data/ratis/a6f1be51-3bcb-4f77-9a8b-eaac4b312516 does not exist. Creating ...
2019-06-12 21:47:54,986 INFO  storage.RaftStorageDirectory (RaftStorageDirectory.java:tryLock(328)) - Lock on /opt/src/hadoop-ozone/integration-test/target/test-dir/MiniOzoneClusterImpl-a0a27a2a-d492-455c-9bb3-f8d67be5447a/datanode-6/data/ratis/a6f1be51-3bcb-4f77-9a8b-eaac4b312516/in_use.lock acquired by nodename 30724@ozone-zc7hm-585872790
2019-06-12 21:47:54,988 INFO  storage.RaftStorage (RaftStorage.java:format(75)) - Storage directory /opt/src/hadoop-ozone/integration-test/target/test-dir/MiniOzoneClusterImpl-a0a27a2a-d492-455c-9bb3-f8d67be5447a/datanode-6/data/ratis/a6f1be51-3bcb-4f77-9a8b-eaac4b312516 has been successfully formatted.
2019-06-12 21:47:54,988 INFO  ratis.ContainerStateMachine (ContainerStateMachine.java:loadSnapshot(199)) - The snapshot info is null.Setting the last applied index to:(t:0, i:~)
2019-06-12 21:47:54,988 INFO  server.RaftServerConfigKeys (ConfUtils.java:logGet(43)) - raft.server.leader.election.timeout = 120s (custom)
2019-06-12 21:47:54,988 INFO  server.RaftServerConfigKeys (ConfUtils.java:logGet(43)) - raft.server.log.use.memory = false (default)
2019-06-12 21:47:54,988 INFO  server.RaftServerConfigKeys (ConfUtils.java:logGet(43)) - raft.server.log.appender.buffer.byte-limit = 33554432 (custom)
2019-06-12 21:47:54,988 INFO  server.RaftServerConfigKeys (ConfUtils.java:logGet(43)) - raft.server.log.segment.size.max = 16384 (custom)
2019-06-12 21:47:54,988 INFO  server.RaftServerConfigKeys (ConfUtils.java:logGet(43)) - raft.server.log.segment.cache.num.max = 2 (custom)
2019-06-12 21:47:54,988 INFO  storage.RaftLogWorker (RaftLogWorker.java:<init>(123)) - new 5ab9abfe-59c8-4e0b-ab1f-4a4503f64bcd-RaftLogWorker for Storage Directory /opt/src/hadoop-ozone/integration-test/target/test-dir/MiniOzoneClusterImpl-a0a27a2a-d492-455c-9bb3-f8d67be5447a/datanode-6/data/ratis/a6f1be51-3bcb-4f77-9a8b-eaac4b312516
2019-06-12 21:47:54,988 INFO  server.RaftServerConfigKeys (ConfUtils.java:logGet(43)) - raft.server.log.queue.byte-limit = 2147483647 (custom)
2019-06-12 21:47:54,989 INFO  server.RaftServerConfigKeys (ConfUtils.java:logGet(43)) - raft.server.log.queue.element-limit = 1024 (custom)
2019-06-12 21:47:54,989 INFO  server.RaftServerConfigKeys (ConfUtils.java:logGet(43)) - raft.server.log.segment.size.max = 16384 (custom)
2019-06-12 21:47:54,989 INFO  server.RaftServerConfigKeys (ConfUtils.java:logGet(43)) - raft.server.log.preallocated.size = 16384 (custom)
2019-06-12 21:47:54,989 INFO  server.RaftServerConfigKeys (ConfUtils.java:logGet(43)) - raft.server.log.write.buffer.size = 33554432 (custom)
2019-06-12 21:47:54,989 INFO  server.RaftServerConfigKeys (ConfUtils.java:logGet(43)) - raft.server.log.force.sync.num = 128 (default)
2019-06-12 21:47:54,989 INFO  server.RaftServerConfigKeys (ConfUtils.java:logGet(43)) - raft.server.log.statemachine.data.sync = true (default)
2019-06-12 21:47:54,989 INFO  server.RaftServerConfigKeys (ConfUtils.java:logGet(43)) - raft.server.log.statemachine.data.sync.timeout = 10s (default)
2019-06-12 21:47:54,989 INFO  server.RaftServerConfigKeys (ConfUtils.java:logGet(43)) - raft.server.log.statemachine.data.sync.timeout.retry = -1 (default)
2019-06-12 21:47:54,989 INFO  server.RaftServerConfigKeys (ConfUtils.java:logGet(43)) - raft.server.log.statemachine.data.caching.enabled = true (custom)
2019-06-12 21:47:54,989 INFO  server.RaftServerConfigKeys (ConfUtils.java:logGet(43)) - raft.server.snapshot.auto.trigger.enabled = true (custom)
2019-06-12 21:47:54,990 INFO  server.RaftServerConfigKeys (ConfUtils.java:logGet(43)) - raft.server.snapshot.auto.trigger.threshold = 10000 (custom)
2019-06-12 21:47:54,990 INFO  server.RaftServerConfigKeys (ConfUtils.java:logGet(43)) - raft.server.retrycache.expirytime = 600000ms (custom)
2019-06-12 21:47:54,990 INFO  impl.RaftServerImpl (RaftServerImpl.java:start(173)) - 5ab9abfe-59c8-4e0b-ab1f-4a4503f64bcd: start group-EAAC4B312516
2019-06-12 21:47:54,990 INFO  impl.RaftServerImpl (RaftServerImpl.java:setRole(164)) - 5ab9abfe-59c8-4e0b-ab1f-4a4503f64bcd:group-EAAC4B312516 changes role from null to FOLLOWER at term 0 for startAsFollower
2019-06-12 21:47:54,990 INFO  impl.RoleInfo (RoleInfo.java:updateAndGet(143)) - 5ab9abfe-59c8-4e0b-ab1f-4a4503f64bcd: start FollowerState
2019-06-12 21:47:54,990 INFO  util.JmxRegister (JmxRegister.java:tryRegister(44)) - Successfully registered JMX Bean with object name Ratis:service=RaftServer,group=group-EAAC4B312516,id=5ab9abfe-59c8-4e0b-ab1f-4a4503f64bcd
2019-06-12 21:47:54,992 INFO  pipeline.PipelineStateManager (PipelineStateManager.java:addPipeline(56)) - Created pipeline Pipeline[ Id: a6f1be51-3bcb-4f77-9a8b-eaac4b312516, Nodes: 5ab9abfe-59c8-4e0b-ab1f-4a4503f64bcd{ip: 192.168.19.17, host: ozone-zc7hm-585872790, networkLocation: /default-rack, certSerialId: null}, Type:RATIS, Factor:ONE, State:OPEN]
2019-06-12 21:47:55,046 INFO  impl.FollowerState (FollowerState.java:run(101)) - 1bb1601a-461d-44b5-8dff-4150b9cd57b0:group-1903268354FF changes to CANDIDATE, lastRpcTime:1099, electionTimeout:1099ms
2019-06-12 21:47:55,046 INFO  impl.RoleInfo (RoleInfo.java:shutdownFollowerState(121)) - 1bb1601a-461d-44b5-8dff-4150b9cd57b0: shutdown FollowerState
2019-06-12 21:47:55,046 INFO  impl.RaftServerImpl (RaftServerImpl.java:setRole(164)) - 1bb1601a-461d-44b5-8dff-4150b9cd57b0:group-1903268354FF changes role from FOLLOWER to CANDIDATE at term 0 for changeToCandidate
2019-06-12 21:47:55,046 INFO  impl.RoleInfo (RoleInfo.java:updateAndGet(143)) - 1bb1601a-461d-44b5-8dff-4150b9cd57b0: start LeaderElection
2019-06-12 21:47:55,053 INFO  impl.LeaderElection (LeaderElection.java:askForVotes(181)) - 1bb1601a-461d-44b5-8dff-4150b9cd57b0:group-1903268354FF:LeaderElection15: begin an election at term 1 for -1: [1bb1601a-461d-44b5-8dff-4150b9cd57b0:192.168.19.17:37067], old=null
2019-06-12 21:47:55,053 INFO  impl.RoleInfo (RoleInfo.java:shutdownLeaderElection(134)) - 1bb1601a-461d-44b5-8dff-4150b9cd57b0: shutdown LeaderElection
2019-06-12 21:47:55,053 INFO  impl.RaftServerImpl (RaftServerImpl.java:setRole(164)) - 1bb1601a-461d-44b5-8dff-4150b9cd57b0:group-1903268354FF changes role from CANDIDATE to LEADER at term 1 for changeToLeader
2019-06-12 21:47:55,053 INFO  impl.RaftServerImpl (ServerState.java:setLeader(263)) - 1bb1601a-461d-44b5-8dff-4150b9cd57b0:group-1903268354FF change Leader from null to 1bb1601a-461d-44b5-8dff-4150b9cd57b0 at term 1 for becomeLeader, leader elected after 1108ms
2019-06-12 21:47:55,053 INFO  server.RaftServerConfigKeys (ConfUtils.java:logGet(43)) - raft.server.staging.catchup.gap = 1000 (default)
2019-06-12 21:47:55,053 INFO  server.RaftServerConfigKeys (ConfUtils.java:logGet(43)) - raft.server.rpc.sleep.time = 25ms (default)
2019-06-12 21:47:55,053 INFO  server.RaftServerConfigKeys (ConfUtils.java:logGet(43)) - raft.server.watch.timeout = 10s (default)
2019-06-12 21:47:55,053 INFO  server.RaftServerConfigKeys (ConfUtils.java:logGet(43)) - raft.server.watch.timeout.denomination = 1s (default)
2019-06-12 21:47:55,053 INFO  impl.RoleInfo (RoleInfo.java:updateAndGet(143)) - 1bb1601a-461d-44b5-8dff-4150b9cd57b0: start LeaderState
2019-06-12 21:47:55,054 INFO  storage.RaftLogWorker (RaftLogWorker.java:startLogSegment(298)) - 1bb1601a-461d-44b5-8dff-4150b9cd57b0-RaftLogWorker: Starting segment from index:0
2019-06-12 21:47:55,054 INFO  impl.RaftServerImpl (ServerState.java:setRaftConf(361)) - 1bb1601a-461d-44b5-8dff-4150b9cd57b0:group-1903268354FF set configuration 0: [1bb1601a-461d-44b5-8dff-4150b9cd57b0:192.168.19.17:37067], old=null at 0
2019-06-12 21:47:55,091 INFO  storage.RaftLogWorker (RaftLogWorker.java:execute(469)) - 1bb1601a-461d-44b5-8dff-4150b9cd57b0-RaftLogWorker: created new log segment /opt/src/hadoop-ozone/integration-test/target/test-dir/MiniOzoneClusterImpl-a0a27a2a-d492-455c-9bb3-f8d67be5447a/datanode-0/data/ratis/b2971c70-3cc7-47e0-8b4b-1903268354ff/current/log_inprogress_0
2019-06-12 21:47:55,126 INFO  impl.FollowerState (FollowerState.java:run(101)) - 2c3faec0-138c-4145-8f7e-b9bb73a09d72:group-F7B5BD55EF0F changes to CANDIDATE, lastRpcTime:1040, electionTimeout:1040ms
2019-06-12 21:47:55,126 INFO  impl.RoleInfo (RoleInfo.java:shutdownFollowerState(121)) - 2c3faec0-138c-4145-8f7e-b9bb73a09d72: shutdown FollowerState
2019-06-12 21:47:55,126 INFO  impl.RaftServerImpl (RaftServerImpl.java:setRole(164)) - 2c3faec0-138c-4145-8f7e-b9bb73a09d72:group-F7B5BD55EF0F changes role from FOLLOWER to CANDIDATE at term 0 for changeToCandidate
2019-06-12 21:47:55,126 INFO  impl.RoleInfo (RoleInfo.java:updateAndGet(143)) - 2c3faec0-138c-4145-8f7e-b9bb73a09d72: start LeaderElection
2019-06-12 21:47:55,134 INFO  impl.LeaderElection (LeaderElection.java:askForVotes(181)) - 2c3faec0-138c-4145-8f7e-b9bb73a09d72:group-F7B5BD55EF0F:LeaderElection16: begin an election at term 1 for -1: [2c3faec0-138c-4145-8f7e-b9bb73a09d72:192.168.19.17:37449], old=null
2019-06-12 21:47:55,135 INFO  impl.RoleInfo (RoleInfo.java:shutdownLeaderElection(134)) - 2c3faec0-138c-4145-8f7e-b9bb73a09d72: shutdown LeaderElection
2019-06-12 21:47:55,135 INFO  impl.RaftServerImpl (RaftServerImpl.java:setRole(164)) - 2c3faec0-138c-4145-8f7e-b9bb73a09d72:group-F7B5BD55EF0F changes role from CANDIDATE to LEADER at term 1 for changeToLeader
2019-06-12 21:47:55,135 INFO  impl.RaftServerImpl (ServerState.java:setLeader(263)) - 2c3faec0-138c-4145-8f7e-b9bb73a09d72:group-F7B5BD55EF0F change Leader from null to 2c3faec0-138c-4145-8f7e-b9bb73a09d72 at term 1 for becomeLeader, leader elected after 1051ms
2019-06-12 21:47:55,135 INFO  server.RaftServerConfigKeys (ConfUtils.java:logGet(43)) - raft.server.staging.catchup.gap = 1000 (default)
2019-06-12 21:47:55,135 INFO  server.RaftServerConfigKeys (ConfUtils.java:logGet(43)) - raft.server.rpc.sleep.time = 25ms (default)
2019-06-12 21:47:55,135 INFO  server.RaftServerConfigKeys (ConfUtils.java:logGet(43)) - raft.server.watch.timeout = 10s (default)
2019-06-12 21:47:55,135 INFO  server.RaftServerConfigKeys (ConfUtils.java:logGet(43)) - raft.server.watch.timeout.denomination = 1s (default)
2019-06-12 21:47:55,135 INFO  impl.RoleInfo (RoleInfo.java:updateAndGet(143)) - 2c3faec0-138c-4145-8f7e-b9bb73a09d72: start LeaderState
2019-06-12 21:47:55,136 INFO  storage.RaftLogWorker (RaftLogWorker.java:startLogSegment(298)) - 2c3faec0-138c-4145-8f7e-b9bb73a09d72-RaftLogWorker: Starting segment from index:0
2019-06-12 21:47:55,137 INFO  impl.RaftServerImpl (ServerState.java:setRaftConf(361)) - 2c3faec0-138c-4145-8f7e-b9bb73a09d72:group-F7B5BD55EF0F set configuration 0: [2c3faec0-138c-4145-8f7e-b9bb73a09d72:192.168.19.17:37449], old=null at 0
2019-06-12 21:47:55,173 INFO  storage.RaftLogWorker (RaftLogWorker.java:execute(469)) - 2c3faec0-138c-4145-8f7e-b9bb73a09d72-RaftLogWorker: created new log segment /opt/src/hadoop-ozone/integration-test/target/test-dir/MiniOzoneClusterImpl-a0a27a2a-d492-455c-9bb3-f8d67be5447a/datanode-1/data/ratis/3bc590e8-741d-4b7a-8a91-f7b5bd55ef0f/current/log_inprogress_0
2019-06-12 21:47:55,311 INFO  impl.FollowerState (FollowerState.java:run(101)) - 347f29f3-131f-4aa8-8f33-e8d8619d6d51:group-600E53037C23 changes to CANDIDATE, lastRpcTime:1021, electionTimeout:1021ms
2019-06-12 21:47:55,311 INFO  impl.RoleInfo (RoleInfo.java:shutdownFollowerState(121)) - 347f29f3-131f-4aa8-8f33-e8d8619d6d51: shutdown FollowerState
2019-06-12 21:47:55,311 INFO  impl.RaftServerImpl (RaftServerImpl.java:setRole(164)) - 347f29f3-131f-4aa8-8f33-e8d8619d6d51:group-600E53037C23 changes role from FOLLOWER to CANDIDATE at term 0 for changeToCandidate
2019-06-12 21:47:55,311 INFO  impl.RoleInfo (RoleInfo.java:updateAndGet(143)) - 347f29f3-131f-4aa8-8f33-e8d8619d6d51: start LeaderElection
2019-06-12 21:47:55,318 INFO  impl.LeaderElection (LeaderElection.java:askForVotes(181)) - 347f29f3-131f-4aa8-8f33-e8d8619d6d51:group-600E53037C23:LeaderElection17: begin an election at term 1 for -1: [347f29f3-131f-4aa8-8f33-e8d8619d6d51:192.168.19.17:37301], old=null
2019-06-12 21:47:55,318 INFO  impl.RoleInfo (RoleInfo.java:shutdownLeaderElection(134)) - 347f29f3-131f-4aa8-8f33-e8d8619d6d51: shutdown LeaderElection
2019-06-12 21:47:55,318 INFO  impl.RaftServerImpl (RaftServerImpl.java:setRole(164)) - 347f29f3-131f-4aa8-8f33-e8d8619d6d51:group-600E53037C23 changes role from CANDIDATE to LEADER at term 1 for changeToLeader
2019-06-12 21:47:55,318 INFO  impl.RaftServerImpl (ServerState.java:setLeader(263)) - 347f29f3-131f-4aa8-8f33-e8d8619d6d51:group-600E53037C23 change Leader from null to 347f29f3-131f-4aa8-8f33-e8d8619d6d51 at term 1 for becomeLeader, leader elected after 1031ms
2019-06-12 21:47:55,318 INFO  server.RaftServerConfigKeys (ConfUtils.java:logGet(43)) - raft.server.staging.catchup.gap = 1000 (default)
2019-06-12 21:47:55,318 INFO  server.RaftServerConfigKeys (ConfUtils.java:logGet(43)) - raft.server.rpc.sleep.time = 25ms (default)
2019-06-12 21:47:55,318 INFO  server.RaftServerConfigKeys (ConfUtils.java:logGet(43)) - raft.server.watch.timeout = 10s (default)
2019-06-12 21:47:55,319 INFO  server.RaftServerConfigKeys (ConfUtils.java:logGet(43)) - raft.server.watch.timeout.denomination = 1s (default)
2019-06-12 21:47:55,319 INFO  impl.RoleInfo (RoleInfo.java:updateAndGet(143)) - 347f29f3-131f-4aa8-8f33-e8d8619d6d51: start LeaderState
2019-06-12 21:47:55,319 INFO  storage.RaftLogWorker (RaftLogWorker.java:startLogSegment(298)) - 347f29f3-131f-4aa8-8f33-e8d8619d6d51-RaftLogWorker: Starting segment from index:0
2019-06-12 21:47:55,319 INFO  impl.RaftServerImpl (ServerState.java:setRaftConf(361)) - 347f29f3-131f-4aa8-8f33-e8d8619d6d51:group-600E53037C23 set configuration 0: [347f29f3-131f-4aa8-8f33-e8d8619d6d51:192.168.19.17:37301], old=null at 0
2019-06-12 21:47:55,357 INFO  storage.RaftLogWorker (RaftLogWorker.java:execute(469)) - 347f29f3-131f-4aa8-8f33-e8d8619d6d51-RaftLogWorker: created new log segment /opt/src/hadoop-ozone/integration-test/target/test-dir/MiniOzoneClusterImpl-a0a27a2a-d492-455c-9bb3-f8d67be5447a/datanode-2/data/ratis/8f60f664-eb70-471a-af49-600e53037c23/current/log_inprogress_0
2019-06-12 21:47:55,440 INFO  impl.FollowerState (FollowerState.java:run(101)) - 347f29f3-131f-4aa8-8f33-e8d8619d6d51:group-C94E05EEED4E changes to CANDIDATE, lastRpcTime:1092, electionTimeout:1092ms
2019-06-12 21:47:55,440 INFO  impl.RoleInfo (RoleInfo.java:shutdownFollowerState(121)) - 347f29f3-131f-4aa8-8f33-e8d8619d6d51: shutdown FollowerState
2019-06-12 21:47:55,440 INFO  impl.RaftServerImpl (RaftServerImpl.java:setRole(164)) - 347f29f3-131f-4aa8-8f33-e8d8619d6d51:group-C94E05EEED4E changes role from FOLLOWER to CANDIDATE at term 0 for changeToCandidate
2019-06-12 21:47:55,440 INFO  impl.RoleInfo (RoleInfo.java:updateAndGet(143)) - 347f29f3-131f-4aa8-8f33-e8d8619d6d51: start LeaderElection
2019-06-12 21:47:55,453 INFO  impl.LeaderElection (LeaderElection.java:askForVotes(181)) - 347f29f3-131f-4aa8-8f33-e8d8619d6d51:group-C94E05EEED4E:LeaderElection18: begin an election at term 1 for -1: [347f29f3-131f-4aa8-8f33-e8d8619d6d51:192.168.19.17:37301, 2c3faec0-138c-4145-8f7e-b9bb73a09d72:192.168.19.17:37449, 1bb1601a-461d-44b5-8dff-4150b9cd57b0:192.168.19.17:37067], old=null
2019-06-12 21:47:55,457 INFO  impl.FollowerState (FollowerState.java:run(101)) - 1bb1601a-461d-44b5-8dff-4150b9cd57b0:group-C94E05EEED4E changes to CANDIDATE, lastRpcTime:1109, electionTimeout:1097ms
2019-06-12 21:47:55,457 INFO  impl.RoleInfo (RoleInfo.java:shutdownFollowerState(121)) - 1bb1601a-461d-44b5-8dff-4150b9cd57b0: shutdown FollowerState
2019-06-12 21:47:55,457 INFO  impl.RaftServerImpl (RaftServerImpl.java:setRole(164)) - 1bb1601a-461d-44b5-8dff-4150b9cd57b0:group-C94E05EEED4E changes role from FOLLOWER to CANDIDATE at term 0 for changeToCandidate
2019-06-12 21:47:55,457 INFO  impl.RoleInfo (RoleInfo.java:updateAndGet(143)) - 1bb1601a-461d-44b5-8dff-4150b9cd57b0: start LeaderElection
2019-06-12 21:47:55,457 INFO  impl.RaftServerImpl (RaftServerImpl.java:setRole(164)) - 2c3faec0-138c-4145-8f7e-b9bb73a09d72:group-C94E05EEED4E changes role from FOLLOWER to FOLLOWER at term 1 for recognizeCandidate:347f29f3-131f-4aa8-8f33-e8d8619d6d51
2019-06-12 21:47:55,457 INFO  impl.RoleInfo (RoleInfo.java:shutdownFollowerState(121)) - 2c3faec0-138c-4145-8f7e-b9bb73a09d72: shutdown FollowerState
2019-06-12 21:47:55,462 INFO  impl.RoleInfo (RoleInfo.java:updateAndGet(143)) - 2c3faec0-138c-4145-8f7e-b9bb73a09d72: start FollowerState
2019-06-12 21:47:55,462 INFO  impl.FollowerState (FollowerState.java:run(109)) - 2c3faec0-138c-4145-8f7e-b9bb73a09d72: FollowerState was interrupted: java.lang.InterruptedException: sleep interrupted
2019-06-12 21:47:55,469 INFO  impl.LeaderElection (LeaderElection.java:askForVotes(181)) - 1bb1601a-461d-44b5-8dff-4150b9cd57b0:group-C94E05EEED4E:LeaderElection19: begin an election at term 1 for -1: [347f29f3-131f-4aa8-8f33-e8d8619d6d51:192.168.19.17:37301, 2c3faec0-138c-4145-8f7e-b9bb73a09d72:192.168.19.17:37449, 1bb1601a-461d-44b5-8dff-4150b9cd57b0:192.168.19.17:37067], old=null
2019-06-12 21:47:55,479 INFO  impl.LeaderElection (LeaderElection.java:logAndReturn(56)) - 347f29f3-131f-4aa8-8f33-e8d8619d6d51:group-C94E05EEED4E:LeaderElection18: Election PASSED; received 2 response(s) [347f29f3-131f-4aa8-8f33-e8d8619d6d51->2c3faec0-138c-4145-8f7e-b9bb73a09d72,true-t1, 347f29f3-131f-4aa8-8f33-e8d8619d6d51->1bb1601a-461d-44b5-8dff-4150b9cd57b0,false-t1] and 0 exception(s); 347f29f3-131f-4aa8-8f33-e8d8619d6d51:t1, leader=null, voted=347f29f3-131f-4aa8-8f33-e8d8619d6d51, raftlog=347f29f3-131f-4aa8-8f33-e8d8619d6d51-SegmentedRaftLog:OPENED:c-1,f-1,i0, conf=-1: [347f29f3-131f-4aa8-8f33-e8d8619d6d51:192.168.19.17:37301, 2c3faec0-138c-4145-8f7e-b9bb73a09d72:192.168.19.17:37449, 1bb1601a-461d-44b5-8dff-4150b9cd57b0:192.168.19.17:37067], old=null
2019-06-12 21:47:55,479 INFO  impl.RoleInfo (RoleInfo.java:shutdownLeaderElection(134)) - 347f29f3-131f-4aa8-8f33-e8d8619d6d51: shutdown LeaderElection
2019-06-12 21:47:55,479 INFO  impl.RaftServerImpl (RaftServerImpl.java:setRole(164)) - 347f29f3-131f-4aa8-8f33-e8d8619d6d51:group-C94E05EEED4E changes role from CANDIDATE to LEADER at term 1 for changeToLeader
2019-06-12 21:47:55,479 INFO  impl.RaftServerImpl (ServerState.java:setLeader(263)) - 347f29f3-131f-4aa8-8f33-e8d8619d6d51:group-C94E05EEED4E change Leader from null to 347f29f3-131f-4aa8-8f33-e8d8619d6d51 at term 1 for becomeLeader, leader elected after 1135ms
2019-06-12 21:47:55,480 INFO  server.RaftServerConfigKeys (ConfUtils.java:logGet(43)) - raft.server.staging.catchup.gap = 1000 (default)
2019-06-12 21:47:55,480 INFO  server.RaftServerConfigKeys (ConfUtils.java:logGet(43)) - raft.server.rpc.sleep.time = 25ms (default)
2019-06-12 21:47:55,480 INFO  server.RaftServerConfigKeys (ConfUtils.java:logGet(43)) - raft.server.watch.timeout = 10s (default)
2019-06-12 21:47:55,480 INFO  server.RaftServerConfigKeys (ConfUtils.java:logGet(43)) - raft.server.watch.timeout.denomination = 1s (default)
2019-06-12 21:47:55,480 INFO  impl.LeaderElection (LeaderElection.java:logAndReturn(56)) - 1bb1601a-461d-44b5-8dff-4150b9cd57b0:group-C94E05EEED4E:LeaderElection19: Election REJECTED; received 2 response(s) [1bb1601a-461d-44b5-8dff-4150b9cd57b0->347f29f3-131f-4aa8-8f33-e8d8619d6d51,false-t1, 1bb1601a-461d-44b5-8dff-4150b9cd57b0->2c3faec0-138c-4145-8f7e-b9bb73a09d72,false-t1] and 0 exception(s); 1bb1601a-461d-44b5-8dff-4150b9cd57b0:t1, leader=null, voted=1bb1601a-461d-44b5-8dff-4150b9cd57b0, raftlog=1bb1601a-461d-44b5-8dff-4150b9cd57b0-SegmentedRaftLog:OPENED:c-1,f-1,i0, conf=-1: [347f29f3-131f-4aa8-8f33-e8d8619d6d51:192.168.19.17:37301, 2c3faec0-138c-4145-8f7e-b9bb73a09d72:192.168.19.17:37449, 1bb1601a-461d-44b5-8dff-4150b9cd57b0:192.168.19.17:37067], old=null
2019-06-12 21:47:55,481 INFO  impl.RaftServerImpl (RaftServerImpl.java:setRole(164)) - 1bb1601a-461d-44b5-8dff-4150b9cd57b0:group-C94E05EEED4E changes role from CANDIDATE to FOLLOWER at term 1 for DISCOVERED_A_NEW_TERM
2019-06-12 21:47:55,482 INFO  impl.RoleInfo (RoleInfo.java:shutdownLeaderElection(134)) - 1bb1601a-461d-44b5-8dff-4150b9cd57b0: shutdown LeaderElection
2019-06-12 21:47:55,482 INFO  impl.RoleInfo (RoleInfo.java:updateAndGet(143)) - 1bb1601a-461d-44b5-8dff-4150b9cd57b0: start FollowerState
2019-06-12 21:47:55,482 INFO  server.RaftServerConfigKeys (ConfUtils.java:logGet(43)) - raft.server.log.appender.snapshot.chunk.size.max = 16MB (=16777216) (default)
2019-06-12 21:47:55,483 INFO  server.RaftServerConfigKeys (ConfUtils.java:logGet(43)) - raft.server.log.appender.buffer.byte-limit = 33554432 (custom)
2019-06-12 21:47:55,483 INFO  server.RaftServerConfigKeys (ConfUtils.java:logGet(43)) - raft.server.log.appender.buffer.element-limit = 1 (custom)
2019-06-12 21:47:55,483 INFO  grpc.GrpcConfigKeys$Server (ConfUtils.java:logGet(43)) - raft.grpc.server.leader.outstanding.appends.max = 128 (default)
2019-06-12 21:47:55,483 INFO  server.RaftServerConfigKeys (ConfUtils.java:logGet(43)) - raft.server.rpc.request.timeout = 3000ms (default)
2019-06-12 21:47:55,484 INFO  server.RaftServerConfigKeys (ConfUtils.java:logGet(43)) - raft.server.log.appender.install.snapshot.enabled = true (default)
2019-06-12 21:47:55,484 INFO  server.RaftServerConfigKeys (ConfUtils.java:logGet(43)) - raft.server.log.appender.snapshot.chunk.size.max = 16MB (=16777216) (default)
2019-06-12 21:47:55,484 INFO  server.RaftServerConfigKeys (ConfUtils.java:logGet(43)) - raft.server.log.appender.buffer.byte-limit = 33554432 (custom)
2019-06-12 21:47:55,484 INFO  server.RaftServerConfigKeys (ConfUtils.java:logGet(43)) - raft.server.log.appender.buffer.element-limit = 1 (custom)
2019-06-12 21:47:55,484 INFO  grpc.GrpcConfigKeys$Server (ConfUtils.java:logGet(43)) - raft.grpc.server.leader.outstanding.appends.max = 128 (default)
2019-06-12 21:47:55,484 INFO  server.RaftServerConfigKeys (ConfUtils.java:logGet(43)) - raft.server.rpc.request.timeout = 3000ms (default)
2019-06-12 21:47:55,484 INFO  server.RaftServerConfigKeys (ConfUtils.java:logGet(43)) - raft.server.log.appender.install.snapshot.enabled = true (default)
2019-06-12 21:47:55,484 INFO  impl.RoleInfo (RoleInfo.java:updateAndGet(143)) - 347f29f3-131f-4aa8-8f33-e8d8619d6d51: start LeaderState
2019-06-12 21:47:55,484 INFO  storage.RaftLogWorker (RaftLogWorker.java:startLogSegment(298)) - 347f29f3-131f-4aa8-8f33-e8d8619d6d51-RaftLogWorker: Starting segment from index:0
2019-06-12 21:47:55,495 INFO  impl.RaftServerImpl (ServerState.java:setRaftConf(361)) - 347f29f3-131f-4aa8-8f33-e8d8619d6d51:group-C94E05EEED4E set configuration 0: [347f29f3-131f-4aa8-8f33-e8d8619d6d51:192.168.19.17:37301, 2c3faec0-138c-4145-8f7e-b9bb73a09d72:192.168.19.17:37449, 1bb1601a-461d-44b5-8dff-4150b9cd57b0:192.168.19.17:37067], old=null at 0
2019-06-12 21:47:55,497 INFO  impl.RaftServerImpl (ServerState.java:setLeader(263)) - 1bb1601a-461d-44b5-8dff-4150b9cd57b0:group-C94E05EEED4E change Leader from null to 347f29f3-131f-4aa8-8f33-e8d8619d6d51 at term 1 for appendEntries, leader elected after 1173ms
2019-06-12 21:47:55,497 INFO  impl.RaftServerImpl (ServerState.java:setLeader(263)) - 2c3faec0-138c-4145-8f7e-b9bb73a09d72:group-C94E05EEED4E change Leader from null to 347f29f3-131f-4aa8-8f33-e8d8619d6d51 at term 1 for appendEntries, leader elected after 1177ms
2019-06-12 21:47:55,503 INFO  impl.RaftServerImpl (ServerState.java:setRaftConf(361)) - 1bb1601a-461d-44b5-8dff-4150b9cd57b0:group-C94E05EEED4E set configuration 0: [347f29f3-131f-4aa8-8f33-e8d8619d6d51:192.168.19.17:37301, 2c3faec0-138c-4145-8f7e-b9bb73a09d72:192.168.19.17:37449, 1bb1601a-461d-44b5-8dff-4150b9cd57b0:192.168.19.17:37067], old=null at 0
2019-06-12 21:47:55,503 INFO  storage.RaftLogWorker (RaftLogWorker.java:startLogSegment(298)) - 1bb1601a-461d-44b5-8dff-4150b9cd57b0-RaftLogWorker: Starting segment from index:0
2019-06-12 21:47:55,504 INFO  impl.RaftServerImpl (ServerState.java:setRaftConf(361)) - 2c3faec0-138c-4145-8f7e-b9bb73a09d72:group-C94E05EEED4E set configuration 0: [347f29f3-131f-4aa8-8f33-e8d8619d6d51:192.168.19.17:37301, 2c3faec0-138c-4145-8f7e-b9bb73a09d72:192.168.19.17:37449, 1bb1601a-461d-44b5-8dff-4150b9cd57b0:192.168.19.17:37067], old=null at 0
2019-06-12 21:47:55,504 INFO  storage.RaftLogWorker (RaftLogWorker.java:startLogSegment(298)) - 2c3faec0-138c-4145-8f7e-b9bb73a09d72-RaftLogWorker: Starting segment from index:0
2019-06-12 21:47:55,511 INFO  impl.FollowerState (FollowerState.java:run(101)) - a09b26e6-dce9-41fc-a055-bce9051bf65c:group-43B3519A26A2 changes to CANDIDATE, lastRpcTime:1075, electionTimeout:1075ms
2019-06-12 21:47:55,511 INFO  impl.RoleInfo (RoleInfo.java:shutdownFollowerState(121)) - a09b26e6-dce9-41fc-a055-bce9051bf65c: shutdown FollowerState
2019-06-12 21:47:55,511 INFO  impl.RaftServerImpl (RaftServerImpl.java:setRole(164)) - a09b26e6-dce9-41fc-a055-bce9051bf65c:group-43B3519A26A2 changes role from FOLLOWER to CANDIDATE at term 0 for changeToCandidate
2019-06-12 21:47:55,511 INFO  impl.RoleInfo (RoleInfo.java:updateAndGet(143)) - a09b26e6-dce9-41fc-a055-bce9051bf65c: start LeaderElection
2019-06-12 21:47:55,552 INFO  storage.RaftLogWorker (RaftLogWorker.java:execute(469)) - 347f29f3-131f-4aa8-8f33-e8d8619d6d51-RaftLogWorker: created new log segment /opt/src/hadoop-ozone/integration-test/target/test-dir/MiniOzoneClusterImpl-a0a27a2a-d492-455c-9bb3-f8d67be5447a/datanode-2/data/ratis/180d2128-e1ca-4f2f-8479-c94e05eeed4e/current/log_inprogress_0
2019-06-12 21:47:55,554 INFO  storage.RaftLogWorker (RaftLogWorker.java:execute(469)) - 1bb1601a-461d-44b5-8dff-4150b9cd57b0-RaftLogWorker: created new log segment /opt/src/hadoop-ozone/integration-test/target/test-dir/MiniOzoneClusterImpl-a0a27a2a-d492-455c-9bb3-f8d67be5447a/datanode-0/data/ratis/180d2128-e1ca-4f2f-8479-c94e05eeed4e/current/log_inprogress_0
2019-06-12 21:47:55,554 INFO  impl.LeaderElection (LeaderElection.java:askForVotes(181)) - a09b26e6-dce9-41fc-a055-bce9051bf65c:group-43B3519A26A2:LeaderElection20: begin an election at term 1 for -1: [a09b26e6-dce9-41fc-a055-bce9051bf65c:192.168.19.17:34145], old=null
2019-06-12 21:47:55,554 INFO  storage.RaftLogWorker (RaftLogWorker.java:execute(469)) - 2c3faec0-138c-4145-8f7e-b9bb73a09d72-RaftLogWorker: created new log segment /opt/src/hadoop-ozone/integration-test/target/test-dir/MiniOzoneClusterImpl-a0a27a2a-d492-455c-9bb3-f8d67be5447a/datanode-1/data/ratis/180d2128-e1ca-4f2f-8479-c94e05eeed4e/current/log_inprogress_0
2019-06-12 21:47:55,554 INFO  impl.RoleInfo (RoleInfo.java:shutdownLeaderElection(134)) - a09b26e6-dce9-41fc-a055-bce9051bf65c: shutdown LeaderElection
2019-06-12 21:47:55,554 INFO  impl.RaftServerImpl (RaftServerImpl.java:setRole(164)) - a09b26e6-dce9-41fc-a055-bce9051bf65c:group-43B3519A26A2 changes role from CANDIDATE to LEADER at term 1 for changeToLeader
2019-06-12 21:47:55,554 INFO  impl.RaftServerImpl (ServerState.java:setLeader(263)) - a09b26e6-dce9-41fc-a055-bce9051bf65c:group-43B3519A26A2 change Leader from null to a09b26e6-dce9-41fc-a055-bce9051bf65c at term 1 for becomeLeader, leader elected after 1120ms
2019-06-12 21:47:55,554 INFO  server.RaftServerConfigKeys (ConfUtils.java:logGet(43)) - raft.server.staging.catchup.gap = 1000 (default)
2019-06-12 21:47:55,554 INFO  server.RaftServerConfigKeys (ConfUtils.java:logGet(43)) - raft.server.rpc.sleep.time = 25ms (default)
2019-06-12 21:47:55,555 INFO  server.RaftServerConfigKeys (ConfUtils.java:logGet(43)) - raft.server.watch.timeout = 10s (default)
2019-06-12 21:47:55,555 INFO  server.RaftServerConfigKeys (ConfUtils.java:logGet(43)) - raft.server.watch.timeout.denomination = 1s (default)
2019-06-12 21:47:55,555 INFO  impl.RoleInfo (RoleInfo.java:updateAndGet(143)) - a09b26e6-dce9-41fc-a055-bce9051bf65c: start LeaderState
2019-06-12 21:47:55,555 INFO  storage.RaftLogWorker (RaftLogWorker.java:startLogSegment(298)) - a09b26e6-dce9-41fc-a055-bce9051bf65c-RaftLogWorker: Starting segment from index:0
2019-06-12 21:47:55,561 INFO  impl.RaftServerImpl (ServerState.java:setRaftConf(361)) - a09b26e6-dce9-41fc-a055-bce9051bf65c:group-43B3519A26A2 set configuration 0: [a09b26e6-dce9-41fc-a055-bce9051bf65c:192.168.19.17:34145], old=null at 0
2019-06-12 21:47:55,593 INFO  storage.RaftLogWorker (RaftLogWorker.java:execute(469)) - a09b26e6-dce9-41fc-a055-bce9051bf65c-RaftLogWorker: created new log segment /opt/src/hadoop-ozone/integration-test/target/test-dir/MiniOzoneClusterImpl-a0a27a2a-d492-455c-9bb3-f8d67be5447a/datanode-3/data/ratis/f388a688-885a-4aea-9d65-43b3519a26a2/current/log_inprogress_0
2019-06-12 21:47:55,779 INFO  impl.FollowerState (FollowerState.java:run(101)) - 2fd43888-4802-494d-b7ed-9803a9d9e397:group-C0BEAD1FBB3C changes to CANDIDATE, lastRpcTime:1179, electionTimeout:1179ms
2019-06-12 21:47:55,779 INFO  impl.RoleInfo (RoleInfo.java:shutdownFollowerState(121)) - 2fd43888-4802-494d-b7ed-9803a9d9e397: shutdown FollowerState
2019-06-12 21:47:55,779 INFO  impl.RaftServerImpl (RaftServerImpl.java:setRole(164)) - 2fd43888-4802-494d-b7ed-9803a9d9e397:group-C0BEAD1FBB3C changes role from FOLLOWER to CANDIDATE at term 0 for changeToCandidate
2019-06-12 21:47:55,779 INFO  impl.RoleInfo (RoleInfo.java:updateAndGet(143)) - 2fd43888-4802-494d-b7ed-9803a9d9e397: start LeaderElection
2019-06-12 21:47:55,785 INFO  impl.LeaderElection (LeaderElection.java:askForVotes(181)) - 2fd43888-4802-494d-b7ed-9803a9d9e397:group-C0BEAD1FBB3C:LeaderElection21: begin an election at term 1 for -1: [2fd43888-4802-494d-b7ed-9803a9d9e397:192.168.19.17:39805], old=null
2019-06-12 21:47:55,785 INFO  impl.RoleInfo (RoleInfo.java:shutdownLeaderElection(134)) - 2fd43888-4802-494d-b7ed-9803a9d9e397: shutdown LeaderElection
2019-06-12 21:47:55,785 INFO  impl.RaftServerImpl (RaftServerImpl.java:setRole(164)) - 2fd43888-4802-494d-b7ed-9803a9d9e397:group-C0BEAD1FBB3C changes role from CANDIDATE to LEADER at term 1 for changeToLeader
2019-06-12 21:47:55,785 INFO  impl.RaftServerImpl (ServerState.java:setLeader(263)) - 2fd43888-4802-494d-b7ed-9803a9d9e397:group-C0BEAD1FBB3C change Leader from null to 2fd43888-4802-494d-b7ed-9803a9d9e397 at term 1 for becomeLeader, leader elected after 1187ms
2019-06-12 21:47:55,785 INFO  server.RaftServerConfigKeys (ConfUtils.java:logGet(43)) - raft.server.staging.catchup.gap = 1000 (default)
2019-06-12 21:47:55,785 INFO  server.RaftServerConfigKeys (ConfUtils.java:logGet(43)) - raft.server.rpc.sleep.time = 25ms (default)
2019-06-12 21:47:55,786 INFO  server.RaftServerConfigKeys (ConfUtils.java:logGet(43)) - raft.server.watch.timeout = 10s (default)
2019-06-12 21:47:55,786 INFO  server.RaftServerConfigKeys (ConfUtils.java:logGet(43)) - raft.server.watch.timeout.denomination = 1s (default)
2019-06-12 21:47:55,786 INFO  impl.RoleInfo (RoleInfo.java:updateAndGet(143)) - 2fd43888-4802-494d-b7ed-9803a9d9e397: start LeaderState
2019-06-12 21:47:55,786 INFO  storage.RaftLogWorker (RaftLogWorker.java:startLogSegment(298)) - 2fd43888-4802-494d-b7ed-9803a9d9e397-RaftLogWorker: Starting segment from index:0
2019-06-12 21:47:55,786 INFO  impl.RaftServerImpl (ServerState.java:setRaftConf(361)) - 2fd43888-4802-494d-b7ed-9803a9d9e397:group-C0BEAD1FBB3C set configuration 0: [2fd43888-4802-494d-b7ed-9803a9d9e397:192.168.19.17:39805], old=null at 0
2019-06-12 21:47:55,807 INFO  impl.FollowerState (FollowerState.java:run(101)) - 7ec98583-0afb-4499-af5f-a9a0d88b654f:group-FDBA0F2CF1A7 changes to CANDIDATE, lastRpcTime:1027, electionTimeout:1027ms
2019-06-12 21:47:55,808 INFO  impl.RoleInfo (RoleInfo.java:shutdownFollowerState(121)) - 7ec98583-0afb-4499-af5f-a9a0d88b654f: shutdown FollowerState
2019-06-12 21:47:55,808 INFO  impl.RaftServerImpl (RaftServerImpl.java:setRole(164)) - 7ec98583-0afb-4499-af5f-a9a0d88b654f:group-FDBA0F2CF1A7 changes role from FOLLOWER to CANDIDATE at term 0 for changeToCandidate
2019-06-12 21:47:55,808 INFO  impl.RoleInfo (RoleInfo.java:updateAndGet(143)) - 7ec98583-0afb-4499-af5f-a9a0d88b654f: start LeaderElection
2019-06-12 21:47:55,823 INFO  impl.FollowerState (FollowerState.java:run(101)) - a09b26e6-dce9-41fc-a055-bce9051bf65c:group-40383ABCB61A changes to CANDIDATE, lastRpcTime:1021, electionTimeout:1009ms
2019-06-12 21:47:55,825 INFO  impl.RoleInfo (RoleInfo.java:shutdownFollowerState(121)) - a09b26e6-dce9-41fc-a055-bce9051bf65c: shutdown FollowerState
2019-06-12 21:47:55,825 INFO  storage.RaftLogWorker (RaftLogWorker.java:execute(469)) - 2fd43888-4802-494d-b7ed-9803a9d9e397-RaftLogWorker: created new log segment /opt/src/hadoop-ozone/integration-test/target/test-dir/MiniOzoneClusterImpl-a0a27a2a-d492-455c-9bb3-f8d67be5447a/datanode-4/data/ratis/d54eefd9-b7e9-4036-8b83-c0bead1fbb3c/current/log_inprogress_0
2019-06-12 21:47:55,825 INFO  impl.RaftServerImpl (RaftServerImpl.java:setRole(164)) - a09b26e6-dce9-41fc-a055-bce9051bf65c:group-40383ABCB61A changes role from FOLLOWER to CANDIDATE at term 0 for changeToCandidate
2019-06-12 21:47:55,826 INFO  impl.RoleInfo (RoleInfo.java:updateAndGet(143)) - a09b26e6-dce9-41fc-a055-bce9051bf65c: start LeaderElection
2019-06-12 21:47:55,828 INFO  impl.LeaderElection (LeaderElection.java:askForVotes(181)) - 7ec98583-0afb-4499-af5f-a9a0d88b654f:group-FDBA0F2CF1A7:LeaderElection22: begin an election at term 1 for -1: [7ec98583-0afb-4499-af5f-a9a0d88b654f:192.168.19.17:39615], old=null
2019-06-12 21:47:55,828 INFO  impl.RoleInfo (RoleInfo.java:shutdownLeaderElection(134)) - 7ec98583-0afb-4499-af5f-a9a0d88b654f: shutdown LeaderElection
2019-06-12 21:47:55,828 INFO  impl.RaftServerImpl (RaftServerImpl.java:setRole(164)) - 7ec98583-0afb-4499-af5f-a9a0d88b654f:group-FDBA0F2CF1A7 changes role from CANDIDATE to LEADER at term 1 for changeToLeader
2019-06-12 21:47:55,828 INFO  impl.FollowerState (FollowerState.java:run(101)) - 7ec98583-0afb-4499-af5f-a9a0d88b654f:group-40383ABCB61A changes to CANDIDATE, lastRpcTime:1002, electionTimeout:1002ms
2019-06-12 21:47:55,829 INFO  impl.RoleInfo (RoleInfo.java:shutdownFollowerState(121)) - 7ec98583-0afb-4499-af5f-a9a0d88b654f: shutdown FollowerState
2019-06-12 21:47:55,828 INFO  impl.RaftServerImpl (ServerState.java:setLeader(263)) - 7ec98583-0afb-4499-af5f-a9a0d88b654f:group-FDBA0F2CF1A7 change Leader from null to 7ec98583-0afb-4499-af5f-a9a0d88b654f at term 1 for becomeLeader, leader elected after 1050ms
2019-06-12 21:47:55,829 INFO  impl.RaftServerImpl (RaftServerImpl.java:setRole(164)) - 7ec98583-0afb-4499-af5f-a9a0d88b654f:group-40383ABCB61A changes role from FOLLOWER to CANDIDATE at term 0 for changeToCandidate
2019-06-12 21:47:55,829 INFO  server.RaftServerConfigKeys (ConfUtils.java:logGet(43)) - raft.server.staging.catchup.gap = 1000 (default)
2019-06-12 21:47:55,829 INFO  impl.RoleInfo (RoleInfo.java:updateAndGet(143)) - 7ec98583-0afb-4499-af5f-a9a0d88b654f: start LeaderElection
2019-06-12 21:47:55,829 INFO  server.RaftServerConfigKeys (ConfUtils.java:logGet(43)) - raft.server.rpc.sleep.time = 25ms (default)
2019-06-12 21:47:55,830 INFO  impl.LeaderElection (LeaderElection.java:askForVotes(181)) - a09b26e6-dce9-41fc-a055-bce9051bf65c:group-40383ABCB61A:LeaderElection23: begin an election at term 1 for -1: [7ec98583-0afb-4499-af5f-a9a0d88b654f:192.168.19.17:39615, a09b26e6-dce9-41fc-a055-bce9051bf65c:192.168.19.17:34145, 2fd43888-4802-494d-b7ed-9803a9d9e397:192.168.19.17:39805], old=null
2019-06-12 21:47:55,831 INFO  server.RaftServerConfigKeys (ConfUtils.java:logGet(43)) - raft.server.watch.timeout = 10s (default)
2019-06-12 21:47:55,832 INFO  server.RaftServerConfigKeys (ConfUtils.java:logGet(43)) - raft.server.watch.timeout.denomination = 1s (default)
2019-06-12 21:47:55,832 INFO  impl.RoleInfo (RoleInfo.java:updateAndGet(143)) - 7ec98583-0afb-4499-af5f-a9a0d88b654f: start LeaderState
2019-06-12 21:47:55,832 INFO  storage.RaftLogWorker (RaftLogWorker.java:startLogSegment(298)) - 7ec98583-0afb-4499-af5f-a9a0d88b654f-RaftLogWorker: Starting segment from index:0
2019-06-12 21:47:55,833 INFO  impl.RaftServerImpl (ServerState.java:setRaftConf(361)) - 7ec98583-0afb-4499-af5f-a9a0d88b654f:group-FDBA0F2CF1A7 set configuration 0: [7ec98583-0afb-4499-af5f-a9a0d88b654f:192.168.19.17:39615], old=null at 0
2019-06-12 21:47:55,834 INFO  impl.LeaderElection (LeaderElection.java:askForVotes(181)) - 7ec98583-0afb-4499-af5f-a9a0d88b654f:group-40383ABCB61A:LeaderElection24: begin an election at term 1 for -1: [7ec98583-0afb-4499-af5f-a9a0d88b654f:192.168.19.17:39615, a09b26e6-dce9-41fc-a055-bce9051bf65c:192.168.19.17:34145, 2fd43888-4802-494d-b7ed-9803a9d9e397:192.168.19.17:39805], old=null
2019-06-12 21:47:55,877 INFO  impl.RaftServerImpl (RaftServerImpl.java:setRole(164)) - 2fd43888-4802-494d-b7ed-9803a9d9e397:group-40383ABCB61A changes role from FOLLOWER to FOLLOWER at term 1 for recognizeCandidate:7ec98583-0afb-4499-af5f-a9a0d88b654f
2019-06-12 21:47:55,877 INFO  impl.RoleInfo (RoleInfo.java:shutdownFollowerState(121)) - 2fd43888-4802-494d-b7ed-9803a9d9e397: shutdown FollowerState
2019-06-12 21:47:55,877 INFO  impl.FollowerState (FollowerState.java:run(109)) - 2fd43888-4802-494d-b7ed-9803a9d9e397: FollowerState was interrupted: java.lang.InterruptedException: sleep interrupted
2019-06-12 21:47:55,877 INFO  impl.RoleInfo (RoleInfo.java:updateAndGet(143)) - 2fd43888-4802-494d-b7ed-9803a9d9e397: start FollowerState
2019-06-12 21:47:55,880 INFO  storage.RaftLogWorker (RaftLogWorker.java:execute(469)) - 7ec98583-0afb-4499-af5f-a9a0d88b654f-RaftLogWorker: created new log segment /opt/src/hadoop-ozone/integration-test/target/test-dir/MiniOzoneClusterImpl-a0a27a2a-d492-455c-9bb3-f8d67be5447a/datanode-5/data/ratis/16af8bbd-717e-4b13-b986-fdba0f2cf1a7/current/log_inprogress_0
2019-06-12 21:47:55,885 INFO  impl.LeaderElection (LeaderElection.java:logAndReturn(56)) - a09b26e6-dce9-41fc-a055-bce9051bf65c:group-40383ABCB61A:LeaderElection23: Election REJECTED; received 2 response(s) [a09b26e6-dce9-41fc-a055-bce9051bf65c->7ec98583-0afb-4499-af5f-a9a0d88b654f,false-t1, a09b26e6-dce9-41fc-a055-bce9051bf65c->2fd43888-4802-494d-b7ed-9803a9d9e397,false-t1] and 0 exception(s); a09b26e6-dce9-41fc-a055-bce9051bf65c:t1, leader=null, voted=a09b26e6-dce9-41fc-a055-bce9051bf65c, raftlog=a09b26e6-dce9-41fc-a055-bce9051bf65c-SegmentedRaftLog:OPENED:c-1,f-1,i0, conf=-1: [7ec98583-0afb-4499-af5f-a9a0d88b654f:192.168.19.17:39615, a09b26e6-dce9-41fc-a055-bce9051bf65c:192.168.19.17:34145, 2fd43888-4802-494d-b7ed-9803a9d9e397:192.168.19.17:39805], old=null
2019-06-12 21:47:55,885 INFO  impl.LeaderElection (LeaderElection.java:logAndReturn(56)) - 7ec98583-0afb-4499-af5f-a9a0d88b654f:group-40383ABCB61A:LeaderElection24: Election PASSED; received 2 response(s) [7ec98583-0afb-4499-af5f-a9a0d88b654f->a09b26e6-dce9-41fc-a055-bce9051bf65c,false-t1, 7ec98583-0afb-4499-af5f-a9a0d88b654f->2fd43888-4802-494d-b7ed-9803a9d9e397,true-t1] and 0 exception(s); 7ec98583-0afb-4499-af5f-a9a0d88b654f:t1, leader=null, voted=7ec98583-0afb-4499-af5f-a9a0d88b654f, raftlog=7ec98583-0afb-4499-af5f-a9a0d88b654f-SegmentedRaftLog:OPENED:c-1,f-1,i0, conf=-1: [7ec98583-0afb-4499-af5f-a9a0d88b654f:192.168.19.17:39615, a09b26e6-dce9-41fc-a055-bce9051bf65c:192.168.19.17:34145, 2fd43888-4802-494d-b7ed-9803a9d9e397:192.168.19.17:39805], old=null
2019-06-12 21:47:55,885 INFO  impl.RoleInfo (RoleInfo.java:shutdownLeaderElection(134)) - 7ec98583-0afb-4499-af5f-a9a0d88b654f: shutdown LeaderElection
2019-06-12 21:47:55,885 INFO  impl.RaftServerImpl (RaftServerImpl.java:setRole(164)) - 7ec98583-0afb-4499-af5f-a9a0d88b654f:group-40383ABCB61A changes role from CANDIDATE to LEADER at term 1 for changeToLeader
2019-06-12 21:47:55,885 INFO  impl.RaftServerImpl (ServerState.java:setLeader(263)) - 7ec98583-0afb-4499-af5f-a9a0d88b654f:group-40383ABCB61A change Leader from null to 7ec98583-0afb-4499-af5f-a9a0d88b654f at term 1 for becomeLeader, leader elected after 1066ms
2019-06-12 21:47:55,885 INFO  server.RaftServerConfigKeys (ConfUtils.java:logGet(43)) - raft.server.staging.catchup.gap = 1000 (default)
2019-06-12 21:47:55,885 INFO  server.RaftServerConfigKeys (ConfUtils.java:logGet(43)) - raft.server.rpc.sleep.time = 25ms (default)
2019-06-12 21:47:55,886 INFO  server.RaftServerConfigKeys (ConfUtils.java:logGet(43)) - raft.server.watch.timeout = 10s (default)
2019-06-12 21:47:55,886 INFO  server.RaftServerConfigKeys (ConfUtils.java:logGet(43)) - raft.server.watch.timeout.denomination = 1s (default)
2019-06-12 21:47:55,886 INFO  server.RaftServerConfigKeys (ConfUtils.java:logGet(43)) - raft.server.log.appender.snapshot.chunk.size.max = 16MB (=16777216) (default)
2019-06-12 21:47:55,886 INFO  server.RaftServerConfigKeys (ConfUtils.java:logGet(43)) - raft.server.log.appender.buffer.byte-limit = 33554432 (custom)
2019-06-12 21:47:55,886 INFO  server.RaftServerConfigKeys (ConfUtils.java:logGet(43)) - raft.server.log.appender.buffer.element-limit = 1 (custom)
2019-06-12 21:47:55,886 INFO  grpc.GrpcConfigKeys$Server (ConfUtils.java:logGet(43)) - raft.grpc.server.leader.outstanding.appends.max = 128 (default)
2019-06-12 21:47:55,885 INFO  impl.RaftServerImpl (RaftServerImpl.java:setRole(164)) - a09b26e6-dce9-41fc-a055-bce9051bf65c:group-40383ABCB61A changes role from CANDIDATE to FOLLOWER at term 1 for DISCOVERED_A_NEW_TERM
2019-06-12 21:47:55,886 INFO  server.RaftServerConfigKeys (ConfUtils.java:logGet(43)) - raft.server.rpc.request.timeout = 3000ms (default)
2019-06-12 21:47:55,888 INFO  impl.RoleInfo (RoleInfo.java:shutdownLeaderElection(134)) - a09b26e6-dce9-41fc-a055-bce9051bf65c: shutdown LeaderElection
2019-06-12 21:47:55,888 INFO  server.RaftServerConfigKeys (ConfUtils.java:logGet(43)) - raft.server.log.appender.install.snapshot.enabled = true (default)
2019-06-12 21:47:55,888 INFO  impl.RoleInfo (RoleInfo.java:updateAndGet(143)) - a09b26e6-dce9-41fc-a055-bce9051bf65c: start FollowerState
2019-06-12 21:47:55,888 INFO  server.RaftServerConfigKeys (ConfUtils.java:logGet(43)) - raft.server.log.appender.snapshot.chunk.size.max = 16MB (=16777216) (default)
2019-06-12 21:47:55,888 INFO  server.RaftServerConfigKeys (ConfUtils.java:logGet(43)) - raft.server.log.appender.buffer.byte-limit = 33554432 (custom)
2019-06-12 21:47:55,889 INFO  server.RaftServerConfigKeys (ConfUtils.java:logGet(43)) - raft.server.log.appender.buffer.element-limit = 1 (custom)
2019-06-12 21:47:55,889 INFO  grpc.GrpcConfigKeys$Server (ConfUtils.java:logGet(43)) - raft.grpc.server.leader.outstanding.appends.max = 128 (default)
2019-06-12 21:47:55,889 INFO  server.RaftServerConfigKeys (ConfUtils.java:logGet(43)) - raft.server.rpc.request.timeout = 3000ms (default)
2019-06-12 21:47:55,889 INFO  server.RaftServerConfigKeys (ConfUtils.java:logGet(43)) - raft.server.log.appender.install.snapshot.enabled = true (default)
2019-06-12 21:47:55,889 INFO  impl.RoleInfo (RoleInfo.java:updateAndGet(143)) - 7ec98583-0afb-4499-af5f-a9a0d88b654f: start LeaderState
2019-06-12 21:47:55,889 INFO  storage.RaftLogWorker (RaftLogWorker.java:startLogSegment(298)) - 7ec98583-0afb-4499-af5f-a9a0d88b654f-RaftLogWorker: Starting segment from index:0
2019-06-12 21:47:55,891 INFO  impl.RaftServerImpl (ServerState.java:setRaftConf(361)) - 7ec98583-0afb-4499-af5f-a9a0d88b654f:group-40383ABCB61A set configuration 0: [7ec98583-0afb-4499-af5f-a9a0d88b654f:192.168.19.17:39615, a09b26e6-dce9-41fc-a055-bce9051bf65c:192.168.19.17:34145, 2fd43888-4802-494d-b7ed-9803a9d9e397:192.168.19.17:39805], old=null at 0
2019-06-12 21:47:55,892 INFO  impl.RaftServerImpl (ServerState.java:setLeader(263)) - a09b26e6-dce9-41fc-a055-bce9051bf65c:group-40383ABCB61A change Leader from null to 7ec98583-0afb-4499-af5f-a9a0d88b654f at term 1 for appendEntries, leader elected after 1093ms
2019-06-12 21:47:55,894 INFO  impl.RaftServerImpl (ServerState.java:setLeader(263)) - 2fd43888-4802-494d-b7ed-9803a9d9e397:group-40383ABCB61A change Leader from null to 7ec98583-0afb-4499-af5f-a9a0d88b654f at term 1 for appendEntries, leader elected after 1078ms
2019-06-12 21:47:55,896 INFO  impl.RaftServerImpl (ServerState.java:setRaftConf(361)) - a09b26e6-dce9-41fc-a055-bce9051bf65c:group-40383ABCB61A set configuration 0: [7ec98583-0afb-4499-af5f-a9a0d88b654f:192.168.19.17:39615, a09b26e6-dce9-41fc-a055-bce9051bf65c:192.168.19.17:34145, 2fd43888-4802-494d-b7ed-9803a9d9e397:192.168.19.17:39805], old=null at 0
2019-06-12 21:47:55,896 INFO  storage.RaftLogWorker (RaftLogWorker.java:startLogSegment(298)) - a09b26e6-dce9-41fc-a055-bce9051bf65c-RaftLogWorker: Starting segment from index:0
2019-06-12 21:47:55,903 INFO  impl.RaftServerImpl (ServerState.java:setRaftConf(361)) - 2fd43888-4802-494d-b7ed-9803a9d9e397:group-40383ABCB61A set configuration 0: [7ec98583-0afb-4499-af5f-a9a0d88b654f:192.168.19.17:39615, a09b26e6-dce9-41fc-a055-bce9051bf65c:192.168.19.17:34145, 2fd43888-4802-494d-b7ed-9803a9d9e397:192.168.19.17:39805], old=null at 0
2019-06-12 21:47:55,903 INFO  storage.RaftLogWorker (RaftLogWorker.java:startLogSegment(298)) - 2fd43888-4802-494d-b7ed-9803a9d9e397-RaftLogWorker: Starting segment from index:0
2019-06-12 21:47:55,936 INFO  storage.RaftLogWorker (RaftLogWorker.java:execute(469)) - 7ec98583-0afb-4499-af5f-a9a0d88b654f-RaftLogWorker: created new log segment /opt/src/hadoop-ozone/integration-test/target/test-dir/MiniOzoneClusterImpl-a0a27a2a-d492-455c-9bb3-f8d67be5447a/datanode-5/data/ratis/e5864286-b2d3-4354-9484-40383abcb61a/current/log_inprogress_0
2019-06-12 21:47:55,960 INFO  storage.RaftLogWorker (RaftLogWorker.java:execute(469)) - 2fd43888-4802-494d-b7ed-9803a9d9e397-RaftLogWorker: created new log segment /opt/src/hadoop-ozone/integration-test/target/test-dir/MiniOzoneClusterImpl-a0a27a2a-d492-455c-9bb3-f8d67be5447a/datanode-4/data/ratis/e5864286-b2d3-4354-9484-40383abcb61a/current/log_inprogress_0
2019-06-12 21:47:55,965 INFO  storage.RaftLogWorker (RaftLogWorker.java:execute(469)) - a09b26e6-dce9-41fc-a055-bce9051bf65c-RaftLogWorker: created new log segment /opt/src/hadoop-ozone/integration-test/target/test-dir/MiniOzoneClusterImpl-a0a27a2a-d492-455c-9bb3-f8d67be5447a/datanode-3/data/ratis/e5864286-b2d3-4354-9484-40383abcb61a/current/log_inprogress_0
2019-06-12 21:47:55,973 INFO  ozone.MiniOzoneClusterImpl (MiniOzoneClusterImpl.java:lambda$waitForClusterToBeReady$0(142)) - Cluster is ready. Got 7 of 7 DN Heartbeats.
2019-06-12 21:47:55,995 INFO  rpc.RpcClient (RpcClient.java:createVolume(289)) - Creating Volume: testblockoutputstreamwithretries, with root as owner.
2019-06-12 21:47:56,004 INFO  rpc.RpcClient (RpcClient.java:createBucket(426)) - Creating Bucket: testblockoutputstreamwithretries/testblockoutputstreamwithretries, with Versioning false and Storage Type set to DISK and Encryption set to false 
2019-06-12 21:47:56,021 INFO  client.GrpcClientProtocolClient (GrpcClientProtocolClient.java:onNext(254)) - client-CC6A5D170FF9->a09b26e6-dce9-41fc-a055-bce9051bf65c: receive RaftClientReply:client-CC6A5D170FF9->a09b26e6-dce9-41fc-a055-bce9051bf65c@group-40383ABCB61A, cid=42, FAILED org.apache.ratis.protocol.NotLeaderException: Server a09b26e6-dce9-41fc-a055-bce9051bf65c is not the leader (7ec98583-0afb-4499-af5f-a9a0d88b654f:192.168.19.17:39615). Request must be sent to leader., logIndex=0, commits[a09b26e6-dce9-41fc-a055-bce9051bf65c:c-1, 7ec98583-0afb-4499-af5f-a9a0d88b654f:c-1, 2fd43888-4802-494d-b7ed-9803a9d9e397:c-1]
2019-06-12 21:47:56,025 WARN  client.GrpcClientProtocolService (LogUtils.java:warn(134)) - 0-OrderedRequestStreamObserver0: onError: org.apache.ratis.thirdparty.io.grpc.StatusRuntimeException: CANCELLED: cancelled before receiving half close
2019-06-12 21:47:56,080 INFO  impl.FollowerState (FollowerState.java:run(101)) - 5ab9abfe-59c8-4e0b-ab1f-4a4503f64bcd:group-EAAC4B312516 changes to CANDIDATE, lastRpcTime:1090, electionTimeout:1090ms
2019-06-12 21:47:56,082 INFO  impl.RoleInfo (RoleInfo.java:shutdownFollowerState(121)) - 5ab9abfe-59c8-4e0b-ab1f-4a4503f64bcd: shutdown FollowerState
2019-06-12 21:47:56,082 INFO  impl.RaftServerImpl (RaftServerImpl.java:setRole(164)) - 5ab9abfe-59c8-4e0b-ab1f-4a4503f64bcd:group-EAAC4B312516 changes role from FOLLOWER to CANDIDATE at term 0 for changeToCandidate
2019-06-12 21:47:56,083 INFO  impl.RoleInfo (RoleInfo.java:updateAndGet(143)) - 5ab9abfe-59c8-4e0b-ab1f-4a4503f64bcd: start LeaderElection
2019-06-12 21:47:56,090 INFO  impl.LeaderElection (LeaderElection.java:askForVotes(181)) - 5ab9abfe-59c8-4e0b-ab1f-4a4503f64bcd:group-EAAC4B312516:LeaderElection25: begin an election at term 1 for -1: [5ab9abfe-59c8-4e0b-ab1f-4a4503f64bcd:192.168.19.17:42959], old=null
2019-06-12 21:47:56,090 INFO  impl.RoleInfo (RoleInfo.java:shutdownLeaderElection(134)) - 5ab9abfe-59c8-4e0b-ab1f-4a4503f64bcd: shutdown LeaderElection
2019-06-12 21:47:56,090 INFO  impl.RaftServerImpl (RaftServerImpl.java:setRole(164)) - 5ab9abfe-59c8-4e0b-ab1f-4a4503f64bcd:group-EAAC4B312516 changes role from CANDIDATE to LEADER at term 1 for changeToLeader
2019-06-12 21:47:56,090 INFO  impl.RaftServerImpl (ServerState.java:setLeader(263)) - 5ab9abfe-59c8-4e0b-ab1f-4a4503f64bcd:group-EAAC4B312516 change Leader from null to 5ab9abfe-59c8-4e0b-ab1f-4a4503f64bcd at term 1 for becomeLeader, leader elected after 1102ms
2019-06-12 21:47:56,090 INFO  server.RaftServerConfigKeys (ConfUtils.java:logGet(43)) - raft.server.staging.catchup.gap = 1000 (default)
2019-06-12 21:47:56,091 INFO  server.RaftServerConfigKeys (ConfUtils.java:logGet(43)) - raft.server.rpc.sleep.time = 25ms (default)
2019-06-12 21:47:56,091 INFO  server.RaftServerConfigKeys (ConfUtils.java:logGet(43)) - raft.server.watch.timeout = 10s (default)
2019-06-12 21:47:56,091 INFO  server.RaftServerConfigKeys (ConfUtils.java:logGet(43)) - raft.server.watch.timeout.denomination = 1s (default)
2019-06-12 21:47:56,091 INFO  impl.RoleInfo (RoleInfo.java:updateAndGet(143)) - 5ab9abfe-59c8-4e0b-ab1f-4a4503f64bcd: start LeaderState
2019-06-12 21:47:56,091 INFO  storage.RaftLogWorker (RaftLogWorker.java:startLogSegment(298)) - 5ab9abfe-59c8-4e0b-ab1f-4a4503f64bcd-RaftLogWorker: Starting segment from index:0
2019-06-12 21:47:56,093 INFO  impl.RaftServerImpl (ServerState.java:setRaftConf(361)) - 5ab9abfe-59c8-4e0b-ab1f-4a4503f64bcd:group-EAAC4B312516 set configuration 0: [5ab9abfe-59c8-4e0b-ab1f-4a4503f64bcd:192.168.19.17:42959], old=null at 0
2019-06-12 21:47:56,129 INFO  storage.RaftLogWorker (RaftLogWorker.java:execute(469)) - 5ab9abfe-59c8-4e0b-ab1f-4a4503f64bcd-RaftLogWorker: created new log segment /opt/src/hadoop-ozone/integration-test/target/test-dir/MiniOzoneClusterImpl-a0a27a2a-d492-455c-9bb3-f8d67be5447a/datanode-6/data/ratis/a6f1be51-3bcb-4f77-9a8b-eaac4b312516/current/log_inprogress_0
2019-06-12 21:47:57,033 INFO  client.GrpcClientProtocolClient (GrpcClientProtocolClient.java:onNext(254)) - client-CC6A5D170FF9->2fd43888-4802-494d-b7ed-9803a9d9e397: receive RaftClientReply:client-CC6A5D170FF9->2fd43888-4802-494d-b7ed-9803a9d9e397@group-40383ABCB61A, cid=42, FAILED org.apache.ratis.protocol.NotLeaderException: Server 2fd43888-4802-494d-b7ed-9803a9d9e397 is not the leader (7ec98583-0afb-4499-af5f-a9a0d88b654f:192.168.19.17:39615). Request must be sent to leader., logIndex=0, commits[2fd43888-4802-494d-b7ed-9803a9d9e397:c0, 7ec98583-0afb-4499-af5f-a9a0d88b654f:c0, a09b26e6-dce9-41fc-a055-bce9051bf65c:c0]
2019-06-12 21:47:57,037 WARN  client.GrpcClientProtocolService (LogUtils.java:warn(134)) - 0-OrderedRequestStreamObserver0: onError: org.apache.ratis.thirdparty.io.grpc.StatusRuntimeException: CANCELLED: cancelled before receiving half close
2019-06-12 21:47:58,114 INFO  client.GrpcClientProtocolClient (GrpcClientProtocolClient.java:onNext(254)) - client-CC6A5D170FF9->7ec98583-0afb-4499-af5f-a9a0d88b654f: receive RaftClientReply:client-CC6A5D170FF9->7ec98583-0afb-4499-af5f-a9a0d88b654f@group-40383ABCB61A, cid=42, SUCCESS, logIndex=1, commits[7ec98583-0afb-4499-af5f-a9a0d88b654f:c2, a09b26e6-dce9-41fc-a055-bce9051bf65c:c1, 2fd43888-4802-494d-b7ed-9803a9d9e397:c1]
2019-06-12 21:47:58,178 INFO  client.GrpcClientProtocolClient (GrpcClientProtocolClient.java:onNext(254)) - client-CC6A5D170FF9->7ec98583-0afb-4499-af5f-a9a0d88b654f: receive RaftClientReply:client-CC6A5D170FF9->7ec98583-0afb-4499-af5f-a9a0d88b654f@group-40383ABCB61A, cid=43, SUCCESS, logIndex=3, commits[7ec98583-0afb-4499-af5f-a9a0d88b654f:c4, a09b26e6-dce9-41fc-a055-bce9051bf65c:c3, 2fd43888-4802-494d-b7ed-9803a9d9e397:c3]
2019-06-12 21:47:58,232 INFO  client.GrpcClientProtocolClient (GrpcClientProtocolClient.java:onNext(254)) - client-CC6A5D170FF9->7ec98583-0afb-4499-af5f-a9a0d88b654f: receive RaftClientReply:client-CC6A5D170FF9->7ec98583-0afb-4499-af5f-a9a0d88b654f@group-40383ABCB61A, cid=44, SUCCESS, logIndex=5, commits[7ec98583-0afb-4499-af5f-a9a0d88b654f:c6, a09b26e6-dce9-41fc-a055-bce9051bf65c:c5, 2fd43888-4802-494d-b7ed-9803a9d9e397:c5]
2019-06-12 21:47:58,259 INFO  client.GrpcClientProtocolClient (GrpcClientProtocolClient.java:onNext(254)) - client-CC6A5D170FF9->7ec98583-0afb-4499-af5f-a9a0d88b654f: receive RaftClientReply:client-CC6A5D170FF9->7ec98583-0afb-4499-af5f-a9a0d88b654f@group-40383ABCB61A, cid=45, FAILED org.apache.ratis.protocol.StateMachineException: java.util.concurrent.CompletionException: java.lang.IllegalArgumentException, logIndex=7, commits[7ec98583-0afb-4499-af5f-a9a0d88b654f:c7, a09b26e6-dce9-41fc-a055-bce9051bf65c:c5, 2fd43888-4802-494d-b7ed-9803a9d9e397:c6]
2019-06-12 21:47:58,262 INFO  ozone.MiniOzoneClusterImpl (MiniOzoneClusterImpl.java:shutdown(321)) - Shutting down the Mini Ozone Cluster
2019-06-12 21:47:58,262 INFO  ozone.MiniOzoneClusterImpl (MiniOzoneClusterImpl.java:stop(336)) - Stopping the Mini Ozone Cluster
2019-06-12 21:47:58,262 INFO  ozone.MiniOzoneClusterImpl (MiniOzoneClusterImpl.java:stop(338)) - Stopping the OzoneManager
2019-06-12 21:47:58,262 INFO  ipc.Server (Server.java:stop(3082)) - Stopping server on 34665
2019-06-12 21:47:58,276 INFO  ipc.Server (Server.java:run(1185)) - Stopping IPC Server listener on 34665
2019-06-12 21:47:58,277 INFO  utils.BackgroundService (BackgroundService.java:shutdown(148)) - Shutting down service KeyDeletingService
2019-06-12 21:47:58,277 INFO  ipc.Server (Server.java:run(1319)) - Stopping IPC Server Responder
2019-06-12 21:47:58,280 INFO  handler.ContextHandler (ContextHandler.java:doStop(910)) - Stopped o.e.j.w.WebAppContext@1f39269d{/,null,UNAVAILABLE}{/ozoneManager}
2019-06-12 21:47:58,282 INFO  server.AbstractConnector (AbstractConnector.java:doStop(318)) - Stopped ServerConnector@6e321d9d{HTTP/1.1,[http/1.1]}{0.0.0.0:0}
2019-06-12 21:47:58,282 INFO  handler.ContextHandler (ContextHandler.java:doStop(910)) - Stopped o.e.j.s.ServletContextHandler@7d522180{/static,file:///opt/src/hadoop-ozone/integration-test/target/test-classes/webapps/static,UNAVAILABLE}
2019-06-12 21:47:58,282 INFO  handler.ContextHandler (ContextHandler.java:doStop(910)) - Stopped o.e.j.s.ServletContextHandler@7e31062c{/logs,file:///opt/src/hadoop-ozone/integration-test/target/log,UNAVAILABLE}
2019-06-12 21:47:58,284 INFO  ozone.MiniOzoneClusterImpl (MiniOzoneClusterImpl.java:stop(344)) - Stopping the StorageContainerManager
2019-06-12 21:47:58,284 INFO  server.StorageContainerManager (StorageContainerManager.java:stop(789)) - Stopping Replication Manager Service.
2019-06-12 21:47:58,284 INFO  container.ReplicationManager (ReplicationManager.java:stop(191)) - Replication Monitor Thread is not running.
2019-06-12 21:47:58,284 INFO  server.StorageContainerManager (StorageContainerManager.java:stop(796)) - Stopping Lease Manager of the command watchers
2019-06-12 21:47:58,284 INFO  server.StorageContainerManager (StorageContainerManager.java:stop(803)) - Stopping datanode service RPC server
2019-06-12 21:47:58,284 INFO  server.SCMDatanodeProtocolServer (SCMDatanodeProtocolServer.java:stop(373)) - Stopping the RPC server for DataNodes
2019-06-12 21:47:58,284 INFO  ipc.Server (Server.java:stop(3082)) - Stopping server on 40505
2019-06-12 21:47:58,287 INFO  ipc.Server (Server.java:run(1319)) - Stopping IPC Server Responder
2019-06-12 21:47:58,287 INFO  ipc.Server (Server.java:run(1185)) - Stopping IPC Server listener on 40505
2019-06-12 21:47:58,287 INFO  server.StorageContainerManager (StorageContainerManager.java:stop(811)) - Stopping block service RPC server
2019-06-12 21:47:58,288 INFO  server.SCMBlockProtocolServer (SCMBlockProtocolServer.java:stop(145)) - Stopping the RPC server for Block Protocol
2019-06-12 21:47:58,288 INFO  ipc.Server (Server.java:stop(3082)) - Stopping server on 35135
2019-06-12 21:47:58,290 INFO  ipc.Server (Server.java:run(1185)) - Stopping IPC Server listener on 35135
2019-06-12 21:47:58,290 INFO  ipc.Server (Server.java:run(1319)) - Stopping IPC Server Responder
2019-06-12 21:47:58,290 INFO  server.StorageContainerManager (StorageContainerManager.java:stop(818)) - Stopping the StorageContainerLocationProtocol RPC server
2019-06-12 21:47:58,291 INFO  server.SCMClientProtocolServer (SCMClientProtocolServer.java:stop(157)) - Stopping the RPC server for Client Protocol
2019-06-12 21:47:58,292 INFO  ipc.Server (Server.java:stop(3082)) - Stopping server on 41413
2019-06-12 21:47:58,294 INFO  ipc.Server (Server.java:run(1185)) - Stopping IPC Server listener on 41413
2019-06-12 21:47:58,294 INFO  ipc.Server (Server.java:run(1319)) - Stopping IPC Server Responder
2019-06-12 21:47:58,294 INFO  server.StorageContainerManager (StorageContainerManager.java:stop(825)) - Stopping Storage Container Manager HTTP server.
2019-06-12 21:47:58,296 INFO  handler.ContextHandler (ContextHandler.java:doStop(910)) - Stopped o.e.j.w.WebAppContext@6f0c45f4{/,null,UNAVAILABLE}{/scm}
2019-06-12 21:47:58,296 INFO  server.AbstractConnector (AbstractConnector.java:doStop(318)) - Stopped ServerConnector@45571cfc{HTTP/1.1,[http/1.1]}{0.0.0.0:0}
2019-06-12 21:47:58,297 INFO  handler.ContextHandler (ContextHandler.java:doStop(910)) - Stopped o.e.j.s.ServletContextHandler@6fc1a8f6{/static,file:///opt/src/hadoop-ozone/integration-test/target/test-classes/webapps/static,UNAVAILABLE}
2019-06-12 21:47:58,297 INFO  handler.ContextHandler (ContextHandler.java:doStop(910)) - Stopped o.e.j.s.ServletContextHandler@4e7bc939{/logs,file:///opt/src/hadoop-ozone/integration-test/target/log,UNAVAILABLE}
2019-06-12 21:47:58,298 INFO  server.StorageContainerManager (StorageContainerManager.java:stop(836)) - Stopping Block Manager Service.
2019-06-12 21:47:58,298 INFO  utils.BackgroundService (BackgroundService.java:shutdown(148)) - Shutting down service SCMBlockDeletingService
2019-06-12 21:47:58,298 INFO  utils.BackgroundService (BackgroundService.java:shutdown(148)) - Shutting down service SCMBlockDeletingService
2019-06-12 21:47:58,299 INFO  server.StorageContainerManager (StorageContainerManager.java:stop(858)) - Stopping SCM Event Queue.
2019-06-12 21:47:58,303 INFO  ozone.MiniOzoneClusterImpl (MiniOzoneClusterImpl.java:stop(350)) - Shutting the HddsDatanodes
2019-06-12 21:47:58,303 INFO  datanode.ObjectStoreHandler (ObjectStoreHandler.java:close(155)) - Closing ObjectStoreHandler.
2019-06-12 21:47:58,304 INFO  ozone.HddsDatanodeService (HddsDatanodeService.java:stop(452)) - Stopped plug-in org.apache.hadoop.ozone.web.OzoneHddsDatanodeService@485451d8
2019-06-12 21:47:58,304 INFO  statemachine.DatanodeStateMachine (DatanodeStateMachine.java:lambda$startDaemon$0(350)) - Ozone container server started.
2019-06-12 21:47:58,304 INFO  ozoneimpl.OzoneContainer (OzoneContainer.java:stop(199)) - Attempting to stop container services.
2019-06-12 21:47:58,305 INFO  impl.RaftServerProxy (RaftServerProxy.java:lambda$close$4(314)) - 1bb1601a-461d-44b5-8dff-4150b9cd57b0: close
2019-06-12 21:47:58,305 INFO  impl.RaftServerImpl (RaftServerImpl.java:lambda$shutdown$3(238)) - 1bb1601a-461d-44b5-8dff-4150b9cd57b0: shutdown group-1903268354FF
2019-06-12 21:47:58,305 INFO  util.JmxRegister (JmxRegister.java:unregister(73)) - Successfully un-registered JMX Bean with object name Ratis:service=RaftServer,group=group-1903268354FF,id=1bb1601a-461d-44b5-8dff-4150b9cd57b0
2019-06-12 21:47:58,305 INFO  impl.RoleInfo (RoleInfo.java:shutdownLeaderState(104)) - 1bb1601a-461d-44b5-8dff-4150b9cd57b0: shutdown LeaderState
2019-06-12 21:47:58,306 INFO  impl.PendingRequests (PendingRequests.java:sendNotLeaderResponses(140)) - 1bb1601a-461d-44b5-8dff-4150b9cd57b0-PendingRequests: sendNotLeaderResponses
2019-06-12 21:47:58,306 INFO  impl.StateMachineUpdater (StateMachineUpdater.java:stopAndJoin(109)) - StateMachineUpdater-1bb1601a-461d-44b5-8dff-4150b9cd57b0-group-1903268354FF: set stopIndex = 0
2019-06-12 21:47:58,306 INFO  ratis.ContainerStateMachine (ContainerStateMachine.java:takeSnapshot(245)) - Taking snapshot at termIndex:(t:0, i:~)
2019-06-12 21:47:58,306 INFO  impl.RaftServerImpl (ServerState.java:close(394)) - 1bb1601a-461d-44b5-8dff-4150b9cd57b0:group-1903268354FF closes. The last applied log index is 0
2019-06-12 21:47:58,306 INFO  storage.RaftLogWorker (RaftLogWorker.java:run(236)) - 1bb1601a-461d-44b5-8dff-4150b9cd57b0-RaftLogWorker was interrupted, exiting. There are 0 tasks remaining in the queue.
2019-06-12 21:47:58,308 INFO  storage.RaftLogWorker (RaftLogWorker.java:close(168)) - 1bb1601a-461d-44b5-8dff-4150b9cd57b0-RaftLogWorker close()
2019-06-12 21:47:58,311 INFO  impl.RaftServerImpl (RaftServerImpl.java:lambda$shutdown$3(238)) - 1bb1601a-461d-44b5-8dff-4150b9cd57b0: shutdown group-C94E05EEED4E
2019-06-12 21:47:58,311 INFO  util.JmxRegister (JmxRegister.java:unregister(73)) - Successfully un-registered JMX Bean with object name Ratis:service=RaftServer,group=group-C94E05EEED4E,id=1bb1601a-461d-44b5-8dff-4150b9cd57b0
2019-06-12 21:47:58,311 INFO  impl.RoleInfo (RoleInfo.java:shutdownFollowerState(121)) - 1bb1601a-461d-44b5-8dff-4150b9cd57b0: shutdown FollowerState
2019-06-12 21:47:58,311 INFO  impl.StateMachineUpdater (StateMachineUpdater.java:stopAndJoin(109)) - StateMachineUpdater-1bb1601a-461d-44b5-8dff-4150b9cd57b0-group-C94E05EEED4E: set stopIndex = 0
2019-06-12 21:47:58,311 INFO  ratis.ContainerStateMachine (ContainerStateMachine.java:takeSnapshot(245)) - Taking snapshot at termIndex:(t:0, i:~)
2019-06-12 21:47:58,311 INFO  impl.FollowerState (FollowerState.java:run(109)) - 1bb1601a-461d-44b5-8dff-4150b9cd57b0: FollowerState was interrupted: java.lang.InterruptedException: sleep interrupted
2019-06-12 21:47:58,312 INFO  impl.RaftServerImpl (ServerState.java:close(394)) - 1bb1601a-461d-44b5-8dff-4150b9cd57b0:group-C94E05EEED4E closes. The last applied log index is 0
2019-06-12 21:47:58,313 INFO  storage.RaftLogWorker (RaftLogWorker.java:run(236)) - 1bb1601a-461d-44b5-8dff-4150b9cd57b0-RaftLogWorker was interrupted, exiting. There are 0 tasks remaining in the queue.
2019-06-12 21:47:58,315 INFO  storage.RaftLogWorker (RaftLogWorker.java:close(168)) - 1bb1601a-461d-44b5-8dff-4150b9cd57b0-RaftLogWorker close()
2019-06-12 21:47:58,317 INFO  server.GrpcService (GrpcService.java:closeImpl(154)) - 1bb1601a-461d-44b5-8dff-4150b9cd57b0: shutdown server with port 37067 now
2019-06-12 21:47:58,322 INFO  server.GrpcService (GrpcService.java:closeImpl(162)) - 1bb1601a-461d-44b5-8dff-4150b9cd57b0: shutdown server with port 37067 successfully
2019-06-12 21:47:58,323 WARN  server.GrpcLogAppender (LogUtils.java:warn(134)) - 347f29f3-131f-4aa8-8f33-e8d8619d6d51: Failed appendEntries to 1bb1601a-461d-44b5-8dff-4150b9cd57b0:192.168.19.17:37067: org.apache.ratis.thirdparty.io.grpc.StatusRuntimeException: CANCELLED: HTTP/2 error code: CANCEL
Received Rst Stream
2019-06-12 21:47:58,323 WARN  server.GrpcServerProtocolService (LogUtils.java:warn(134)) - 1bb1601a-461d-44b5-8dff-4150b9cd57b0: appendEntries onError: org.apache.ratis.thirdparty.io.grpc.StatusRuntimeException: CANCELLED: cancelled before receiving half close
2019-06-12 21:47:58,323 INFO  impl.FollowerInfo (FollowerInfo.java:lambda$new$0(50)) - 347f29f3-131f-4aa8-8f33-e8d8619d6d51->1bb1601a-461d-44b5-8dff-4150b9cd57b0: nextIndex: updateUnconditionally 1 -> 0
2019-06-12 21:47:58,325 WARN  fs.CachingGetSpaceUsed (CachingGetSpaceUsed.java:run(183)) - Thread Interrupted waiting to refresh disk information: sleep interrupted
2019-06-12 21:47:58,335 INFO  statemachine.DatanodeStateMachine (DatanodeStateMachine.java:stopDaemon(395)) - Ozone container server stopped.
2019-06-12 21:47:58,336 INFO  handler.ContextHandler (ContextHandler.java:doStop(910)) - Stopped o.e.j.w.WebAppContext@5486ee92{/,null,UNAVAILABLE}{/hddsDatanode}
2019-06-12 21:47:58,336 INFO  server.AbstractConnector (AbstractConnector.java:doStop(318)) - Stopped ServerConnector@20820df0{HTTP/1.1,[http/1.1]}{0.0.0.0:0}
2019-06-12 21:47:58,336 INFO  handler.ContextHandler (ContextHandler.java:doStop(910)) - Stopped o.e.j.s.ServletContextHandler@22ca1242{/static,jar:file:/root/.m2/repository/org/apache/hadoop/hadoop-hdds-container-service/0.5.0-SNAPSHOT/hadoop-hdds-container-service-0.5.0-SNAPSHOT.jar!/webapps/static,UNAVAILABLE}
2019-06-12 21:47:58,337 INFO  handler.ContextHandler (ContextHandler.java:doStop(910)) - Stopped o.e.j.s.ServletContextHandler@6f986501{/logs,file:///opt/src/hadoop-ozone/integration-test/target/log,UNAVAILABLE}
2019-06-12 21:47:58,337 INFO  datanode.ObjectStoreHandler (ObjectStoreHandler.java:close(155)) - Closing ObjectStoreHandler.
2019-06-12 21:47:58,337 INFO  ozone.HddsDatanodeService (HddsDatanodeService.java:stop(452)) - Stopped plug-in org.apache.hadoop.ozone.web.OzoneHddsDatanodeService@271e851e
2019-06-12 21:47:58,338 INFO  statemachine.DatanodeStateMachine (DatanodeStateMachine.java:lambda$startDaemon$0(350)) - Ozone container server started.
2019-06-12 21:47:58,338 INFO  ozoneimpl.OzoneContainer (OzoneContainer.java:stop(199)) - Attempting to stop container services.
2019-06-12 21:47:58,338 INFO  impl.RaftServerProxy (RaftServerProxy.java:lambda$close$4(314)) - 2c3faec0-138c-4145-8f7e-b9bb73a09d72: close
2019-06-12 21:47:58,338 INFO  impl.RaftServerImpl (RaftServerImpl.java:lambda$shutdown$3(238)) - 2c3faec0-138c-4145-8f7e-b9bb73a09d72: shutdown group-F7B5BD55EF0F
2019-06-12 21:47:58,338 INFO  util.JmxRegister (JmxRegister.java:unregister(73)) - Successfully un-registered JMX Bean with object name Ratis:service=RaftServer,group=group-F7B5BD55EF0F,id=2c3faec0-138c-4145-8f7e-b9bb73a09d72
2019-06-12 21:47:58,339 INFO  impl.RoleInfo (RoleInfo.java:shutdownLeaderState(104)) - 2c3faec0-138c-4145-8f7e-b9bb73a09d72: shutdown LeaderState
2019-06-12 21:47:58,339 INFO  impl.PendingRequests (PendingRequests.java:sendNotLeaderResponses(140)) - 2c3faec0-138c-4145-8f7e-b9bb73a09d72-PendingRequests: sendNotLeaderResponses
2019-06-12 21:47:58,339 INFO  impl.StateMachineUpdater (StateMachineUpdater.java:stopAndJoin(109)) - StateMachineUpdater-2c3faec0-138c-4145-8f7e-b9bb73a09d72-group-F7B5BD55EF0F: set stopIndex = 0
2019-06-12 21:47:58,339 INFO  ratis.ContainerStateMachine (ContainerStateMachine.java:takeSnapshot(245)) - Taking snapshot at termIndex:(t:0, i:~)
2019-06-12 21:47:58,339 INFO  impl.RaftServerImpl (ServerState.java:close(394)) - 2c3faec0-138c-4145-8f7e-b9bb73a09d72:group-F7B5BD55EF0F closes. The last applied log index is 0
2019-06-12 21:47:58,340 INFO  storage.RaftLogWorker (RaftLogWorker.java:run(236)) - 2c3faec0-138c-4145-8f7e-b9bb73a09d72-RaftLogWorker was interrupted, exiting. There are 0 tasks remaining in the queue.
2019-06-12 21:47:58,341 INFO  storage.RaftLogWorker (RaftLogWorker.java:close(168)) - 2c3faec0-138c-4145-8f7e-b9bb73a09d72-RaftLogWorker close()
2019-06-12 21:47:58,343 INFO  impl.RaftServerImpl (RaftServerImpl.java:lambda$shutdown$3(238)) - 2c3faec0-138c-4145-8f7e-b9bb73a09d72: shutdown group-C94E05EEED4E
2019-06-12 21:47:58,344 INFO  util.JmxRegister (JmxRegister.java:unregister(73)) - Successfully un-registered JMX Bean with object name Ratis:service=RaftServer,group=group-C94E05EEED4E,id=2c3faec0-138c-4145-8f7e-b9bb73a09d72
2019-06-12 21:47:58,344 INFO  impl.RoleInfo (RoleInfo.java:shutdownFollowerState(121)) - 2c3faec0-138c-4145-8f7e-b9bb73a09d72: shutdown FollowerState
2019-06-12 21:47:58,344 INFO  impl.StateMachineUpdater (StateMachineUpdater.java:stopAndJoin(109)) - StateMachineUpdater-2c3faec0-138c-4145-8f7e-b9bb73a09d72-group-C94E05EEED4E: set stopIndex = 0
2019-06-12 21:47:58,344 INFO  impl.FollowerState (FollowerState.java:run(109)) - 2c3faec0-138c-4145-8f7e-b9bb73a09d72: FollowerState was interrupted: java.lang.InterruptedException: sleep interrupted
2019-06-12 21:47:58,344 INFO  ratis.ContainerStateMachine (ContainerStateMachine.java:takeSnapshot(245)) - Taking snapshot at termIndex:(t:0, i:~)
2019-06-12 21:47:58,345 INFO  impl.RaftServerImpl (ServerState.java:close(394)) - 2c3faec0-138c-4145-8f7e-b9bb73a09d72:group-C94E05EEED4E closes. The last applied log index is 0
2019-06-12 21:47:58,346 INFO  storage.RaftLogWorker (RaftLogWorker.java:run(236)) - 2c3faec0-138c-4145-8f7e-b9bb73a09d72-RaftLogWorker was interrupted, exiting. There are 0 tasks remaining in the queue.
2019-06-12 21:47:58,350 INFO  storage.RaftLogWorker (RaftLogWorker.java:close(168)) - 2c3faec0-138c-4145-8f7e-b9bb73a09d72-RaftLogWorker close()
2019-06-12 21:47:58,355 INFO  server.GrpcService (GrpcService.java:closeImpl(154)) - 2c3faec0-138c-4145-8f7e-b9bb73a09d72: shutdown server with port 37449 now
2019-06-12 21:47:58,357 WARN  server.GrpcServerProtocolService (LogUtils.java:warn(134)) - 2c3faec0-138c-4145-8f7e-b9bb73a09d72: appendEntries onError: org.apache.ratis.thirdparty.io.grpc.StatusRuntimeException: CANCELLED: cancelled before receiving half close
2019-06-12 21:47:58,358 INFO  server.GrpcService (GrpcService.java:closeImpl(162)) - 2c3faec0-138c-4145-8f7e-b9bb73a09d72: shutdown server with port 37449 successfully
2019-06-12 21:47:58,360 WARN  server.GrpcLogAppender (LogUtils.java:warn(134)) - 347f29f3-131f-4aa8-8f33-e8d8619d6d51: Failed appendEntries to 2c3faec0-138c-4145-8f7e-b9bb73a09d72:192.168.19.17:37449: org.apache.ratis.thirdparty.io.grpc.StatusRuntimeException: CANCELLED: HTTP/2 error code: CANCEL
Received Rst Stream
2019-06-12 21:47:58,360 INFO  impl.FollowerInfo (FollowerInfo.java:lambda$new$0(50)) - 347f29f3-131f-4aa8-8f33-e8d8619d6d51->2c3faec0-138c-4145-8f7e-b9bb73a09d72: nextIndex: updateUnconditionally 1 -> 0
2019-06-12 21:47:58,361 WARN  fs.CachingGetSpaceUsed (CachingGetSpaceUsed.java:run(183)) - Thread Interrupted waiting to refresh disk information: sleep interrupted
2019-06-12 21:47:58,372 INFO  statemachine.DatanodeStateMachine (DatanodeStateMachine.java:stopDaemon(395)) - Ozone container server stopped.
2019-06-12 21:47:58,373 INFO  handler.ContextHandler (ContextHandler.java:doStop(910)) - Stopped o.e.j.w.WebAppContext@6cd2cb2{/,null,UNAVAILABLE}{/hddsDatanode}
2019-06-12 21:47:58,373 INFO  server.AbstractConnector (AbstractConnector.java:doStop(318)) - Stopped ServerConnector@3a2bb026{HTTP/1.1,[http/1.1]}{0.0.0.0:0}
2019-06-12 21:47:58,374 INFO  handler.ContextHandler (ContextHandler.java:doStop(910)) - Stopped o.e.j.s.ServletContextHandler@27438750{/static,jar:file:/root/.m2/repository/org/apache/hadoop/hadoop-hdds-container-service/0.5.0-SNAPSHOT/hadoop-hdds-container-service-0.5.0-SNAPSHOT.jar!/webapps/static,UNAVAILABLE}
2019-06-12 21:47:58,374 INFO  handler.ContextHandler (ContextHandler.java:doStop(910)) - Stopped o.e.j.s.ServletContextHandler@6249a08d{/logs,file:///opt/src/hadoop-ozone/integration-test/target/log,UNAVAILABLE}
2019-06-12 21:47:58,375 INFO  datanode.ObjectStoreHandler (ObjectStoreHandler.java:close(155)) - Closing ObjectStoreHandler.
2019-06-12 21:47:58,375 INFO  ozone.HddsDatanodeService (HddsDatanodeService.java:stop(452)) - Stopped plug-in org.apache.hadoop.ozone.web.OzoneHddsDatanodeService@760a2b6e
2019-06-12 21:47:58,376 INFO  statemachine.DatanodeStateMachine (DatanodeStateMachine.java:lambda$startDaemon$0(350)) - Ozone container server started.
2019-06-12 21:47:58,376 INFO  ozoneimpl.OzoneContainer (OzoneContainer.java:stop(199)) - Attempting to stop container services.
2019-06-12 21:47:58,376 INFO  impl.RaftServerProxy (RaftServerProxy.java:lambda$close$4(314)) - 347f29f3-131f-4aa8-8f33-e8d8619d6d51: close
2019-06-12 21:47:58,377 INFO  impl.RaftServerImpl (RaftServerImpl.java:lambda$shutdown$3(238)) - 347f29f3-131f-4aa8-8f33-e8d8619d6d51: shutdown group-C94E05EEED4E
2019-06-12 21:47:58,377 INFO  impl.RaftServerImpl (RaftServerImpl.java:lambda$shutdown$3(238)) - 347f29f3-131f-4aa8-8f33-e8d8619d6d51: shutdown group-600E53037C23
2019-06-12 21:47:58,377 INFO  util.JmxRegister (JmxRegister.java:unregister(73)) - Successfully un-registered JMX Bean with object name Ratis:service=RaftServer,group=group-600E53037C23,id=347f29f3-131f-4aa8-8f33-e8d8619d6d51
2019-06-12 21:47:58,377 INFO  impl.RoleInfo (RoleInfo.java:shutdownLeaderState(104)) - 347f29f3-131f-4aa8-8f33-e8d8619d6d51: shutdown LeaderState
2019-06-12 21:47:58,377 INFO  impl.PendingRequests (PendingRequests.java:sendNotLeaderResponses(140)) - 347f29f3-131f-4aa8-8f33-e8d8619d6d51-PendingRequests: sendNotLeaderResponses
2019-06-12 21:47:58,377 INFO  impl.StateMachineUpdater (StateMachineUpdater.java:stopAndJoin(109)) - StateMachineUpdater-347f29f3-131f-4aa8-8f33-e8d8619d6d51-group-600E53037C23: set stopIndex = 0
2019-06-12 21:47:58,377 INFO  util.JmxRegister (JmxRegister.java:unregister(73)) - Successfully un-registered JMX Bean with object name Ratis:service=RaftServer,group=group-C94E05EEED4E,id=347f29f3-131f-4aa8-8f33-e8d8619d6d51
2019-06-12 21:47:58,377 INFO  ratis.ContainerStateMachine (ContainerStateMachine.java:takeSnapshot(245)) - Taking snapshot at termIndex:(t:0, i:~)
2019-06-12 21:47:58,380 INFO  impl.RoleInfo (RoleInfo.java:shutdownLeaderState(104)) - 347f29f3-131f-4aa8-8f33-e8d8619d6d51: shutdown LeaderState
2019-06-12 21:47:58,380 INFO  impl.RaftServerImpl (ServerState.java:close(394)) - 347f29f3-131f-4aa8-8f33-e8d8619d6d51:group-600E53037C23 closes. The last applied log index is 0
2019-06-12 21:47:58,380 WARN  server.GrpcLogAppender (GrpcLogAppender.java:mayWait(142)) - GrpcLogAppender(347f29f3-131f-4aa8-8f33-e8d8619d6d51 -> 2c3faec0-138c-4145-8f7e-b9bb73a09d72): Wait interrupted by java.lang.InterruptedException
2019-06-12 21:47:58,380 INFO  impl.PendingRequests (PendingRequests.java:sendNotLeaderResponses(140)) - 347f29f3-131f-4aa8-8f33-e8d8619d6d51-PendingRequests: sendNotLeaderResponses
2019-06-12 21:47:58,380 INFO  storage.RaftLogWorker (RaftLogWorker.java:run(236)) - 347f29f3-131f-4aa8-8f33-e8d8619d6d51-RaftLogWorker was interrupted, exiting. There are 0 tasks remaining in the queue.
2019-06-12 21:47:58,380 INFO  impl.StateMachineUpdater (StateMachineUpdater.java:stopAndJoin(109)) - StateMachineUpdater-347f29f3-131f-4aa8-8f33-e8d8619d6d51-group-C94E05EEED4E: set stopIndex = 0
2019-06-12 21:47:58,382 WARN  server.GrpcLogAppender (GrpcLogAppender.java:mayWait(142)) - GrpcLogAppender(347f29f3-131f-4aa8-8f33-e8d8619d6d51 -> 1bb1601a-461d-44b5-8dff-4150b9cd57b0): Wait interrupted by java.lang.InterruptedException
2019-06-12 21:47:58,382 INFO  storage.RaftLogWorker (RaftLogWorker.java:close(168)) - 347f29f3-131f-4aa8-8f33-e8d8619d6d51-RaftLogWorker close()
2019-06-12 21:47:58,380 INFO  ratis.ContainerStateMachine (ContainerStateMachine.java:takeSnapshot(245)) - Taking snapshot at termIndex:(t:0, i:~)
2019-06-12 21:47:58,385 INFO  impl.RaftServerImpl (ServerState.java:close(394)) - 347f29f3-131f-4aa8-8f33-e8d8619d6d51:group-C94E05EEED4E closes. The last applied log index is 0
2019-06-12 21:47:58,385 INFO  storage.RaftLogWorker (RaftLogWorker.java:run(236)) - 347f29f3-131f-4aa8-8f33-e8d8619d6d51-RaftLogWorker was interrupted, exiting. There are 0 tasks remaining in the queue.
2019-06-12 21:47:58,386 INFO  storage.RaftLogWorker (RaftLogWorker.java:close(168)) - 347f29f3-131f-4aa8-8f33-e8d8619d6d51-RaftLogWorker close()
2019-06-12 21:47:58,387 INFO  server.GrpcService (GrpcService.java:closeImpl(154)) - 347f29f3-131f-4aa8-8f33-e8d8619d6d51: shutdown server with port 37301 now
2019-06-12 21:47:58,388 INFO  server.GrpcService (GrpcService.java:closeImpl(162)) - 347f29f3-131f-4aa8-8f33-e8d8619d6d51: shutdown server with port 37301 successfully
2019-06-12 21:47:58,391 WARN  fs.CachingGetSpaceUsed (CachingGetSpaceUsed.java:run(183)) - Thread Interrupted waiting to refresh disk information: sleep interrupted
2019-06-12 21:47:58,401 INFO  statemachine.DatanodeStateMachine (DatanodeStateMachine.java:stopDaemon(395)) - Ozone container server stopped.
2019-06-12 21:47:58,402 INFO  handler.ContextHandler (ContextHandler.java:doStop(910)) - Stopped o.e.j.w.WebAppContext@632c3f55{/,null,UNAVAILABLE}{/hddsDatanode}
2019-06-12 21:47:58,402 INFO  server.AbstractConnector (AbstractConnector.java:doStop(318)) - Stopped ServerConnector@56b05bd7{HTTP/1.1,[http/1.1]}{0.0.0.0:0}
2019-06-12 21:47:58,403 INFO  handler.ContextHandler (ContextHandler.java:doStop(910)) - Stopped o.e.j.s.ServletContextHandler@147c00aa{/static,jar:file:/root/.m2/repository/org/apache/hadoop/hadoop-hdds-container-service/0.5.0-SNAPSHOT/hadoop-hdds-container-service-0.5.0-SNAPSHOT.jar!/webapps/static,UNAVAILABLE}
2019-06-12 21:47:58,403 INFO  handler.ContextHandler (ContextHandler.java:doStop(910)) - Stopped o.e.j.s.ServletContextHandler@254e9709{/logs,file:///opt/src/hadoop-ozone/integration-test/target/log,UNAVAILABLE}
2019-06-12 21:47:58,405 INFO  datanode.ObjectStoreHandler (ObjectStoreHandler.java:close(155)) - Closing ObjectStoreHandler.
2019-06-12 21:47:58,406 INFO  ozone.HddsDatanodeService (HddsDatanodeService.java:stop(452)) - Stopped plug-in org.apache.hadoop.ozone.web.OzoneHddsDatanodeService@3d764641
2019-06-12 21:47:58,406 INFO  statemachine.DatanodeStateMachine (DatanodeStateMachine.java:lambda$startDaemon$0(350)) - Ozone container server started.
2019-06-12 21:47:58,407 INFO  ozoneimpl.OzoneContainer (OzoneContainer.java:stop(199)) - Attempting to stop container services.
2019-06-12 21:47:58,409 INFO  impl.RaftServerProxy (RaftServerProxy.java:lambda$close$4(314)) - a09b26e6-dce9-41fc-a055-bce9051bf65c: close
2019-06-12 21:47:58,409 INFO  impl.RaftServerImpl (RaftServerImpl.java:lambda$shutdown$3(238)) - a09b26e6-dce9-41fc-a055-bce9051bf65c: shutdown group-40383ABCB61A
2019-06-12 21:47:58,409 INFO  util.JmxRegister (JmxRegister.java:unregister(73)) - Successfully un-registered JMX Bean with object name Ratis:service=RaftServer,group=group-40383ABCB61A,id=a09b26e6-dce9-41fc-a055-bce9051bf65c
2019-06-12 21:47:58,409 INFO  impl.RoleInfo (RoleInfo.java:shutdownFollowerState(121)) - a09b26e6-dce9-41fc-a055-bce9051bf65c: shutdown FollowerState
2019-06-12 21:47:58,409 INFO  impl.StateMachineUpdater (StateMachineUpdater.java:stopAndJoin(109)) - StateMachineUpdater-a09b26e6-dce9-41fc-a055-bce9051bf65c-group-40383ABCB61A: set stopIndex = 7
2019-06-12 21:47:58,409 INFO  ratis.ContainerStateMachine (ContainerStateMachine.java:takeSnapshot(245)) - Taking snapshot at termIndex:(t:1, i:6)
2019-06-12 21:47:58,409 INFO  impl.FollowerState (FollowerState.java:run(109)) - a09b26e6-dce9-41fc-a055-bce9051bf65c: FollowerState was interrupted: java.lang.InterruptedException: sleep interrupted
2019-06-12 21:47:58,410 INFO  ratis.ContainerStateMachine (ContainerStateMachine.java:takeSnapshot(249)) - Taking a snapshot to file /opt/src/hadoop-ozone/integration-test/target/test-dir/MiniOzoneClusterImpl-a0a27a2a-d492-455c-9bb3-f8d67be5447a/datanode-3/data/ratis/e5864286-b2d3-4354-9484-40383abcb61a/sm/snapshot.1_6
2019-06-12 21:47:58,411 INFO  impl.RaftServerImpl (ServerState.java:close(394)) - a09b26e6-dce9-41fc-a055-bce9051bf65c:group-40383ABCB61A closes. The last applied log index is 7
2019-06-12 21:47:58,411 INFO  storage.RaftLogWorker (RaftLogWorker.java:run(236)) - a09b26e6-dce9-41fc-a055-bce9051bf65c-RaftLogWorker was interrupted, exiting. There are 0 tasks remaining in the queue.
2019-06-12 21:47:58,412 INFO  storage.RaftLogWorker (RaftLogWorker.java:close(168)) - a09b26e6-dce9-41fc-a055-bce9051bf65c-RaftLogWorker close()
2019-06-12 21:47:58,413 INFO  impl.RaftServerImpl (RaftServerImpl.java:lambda$shutdown$3(238)) - a09b26e6-dce9-41fc-a055-bce9051bf65c: shutdown group-43B3519A26A2
2019-06-12 21:47:58,413 INFO  util.JmxRegister (JmxRegister.java:unregister(73)) - Successfully un-registered JMX Bean with object name Ratis:service=RaftServer,group=group-43B3519A26A2,id=a09b26e6-dce9-41fc-a055-bce9051bf65c
2019-06-12 21:47:58,413 INFO  impl.RoleInfo (RoleInfo.java:shutdownLeaderState(104)) - a09b26e6-dce9-41fc-a055-bce9051bf65c: shutdown LeaderState
2019-06-12 21:47:58,413 INFO  impl.PendingRequests (PendingRequests.java:sendNotLeaderResponses(140)) - a09b26e6-dce9-41fc-a055-bce9051bf65c-PendingRequests: sendNotLeaderResponses
2019-06-12 21:47:58,415 INFO  impl.StateMachineUpdater (StateMachineUpdater.java:stopAndJoin(109)) - StateMachineUpdater-a09b26e6-dce9-41fc-a055-bce9051bf65c-group-43B3519A26A2: set stopIndex = 0
2019-06-12 21:47:58,415 INFO  ratis.ContainerStateMachine (ContainerStateMachine.java:takeSnapshot(245)) - Taking snapshot at termIndex:(t:0, i:~)
2019-06-12 21:47:58,415 INFO  impl.RaftServerImpl (ServerState.java:close(394)) - a09b26e6-dce9-41fc-a055-bce9051bf65c:group-43B3519A26A2 closes. The last applied log index is 0
2019-06-12 21:47:58,416 INFO  storage.RaftLogWorker (RaftLogWorker.java:run(236)) - a09b26e6-dce9-41fc-a055-bce9051bf65c-RaftLogWorker was interrupted, exiting. There are 0 tasks remaining in the queue.
2019-06-12 21:47:58,417 INFO  storage.RaftLogWorker (RaftLogWorker.java:close(168)) - a09b26e6-dce9-41fc-a055-bce9051bf65c-RaftLogWorker close()
2019-06-12 21:47:58,417 INFO  server.GrpcService (GrpcService.java:closeImpl(154)) - a09b26e6-dce9-41fc-a055-bce9051bf65c: shutdown server with port 34145 now
2019-06-12 21:47:58,418 WARN  server.GrpcServerProtocolService (LogUtils.java:warn(134)) - a09b26e6-dce9-41fc-a055-bce9051bf65c: appendEntries onError: org.apache.ratis.thirdparty.io.grpc.StatusRuntimeException: CANCELLED: cancelled before receiving half close
2019-06-12 21:47:58,419 INFO  server.GrpcService (GrpcService.java:closeImpl(162)) - a09b26e6-dce9-41fc-a055-bce9051bf65c: shutdown server with port 34145 successfully
2019-06-12 21:47:58,421 WARN  server.GrpcLogAppender (LogUtils.java:warn(134)) - 7ec98583-0afb-4499-af5f-a9a0d88b654f: Failed appendEntries to a09b26e6-dce9-41fc-a055-bce9051bf65c:192.168.19.17:34145: org.apache.ratis.thirdparty.io.grpc.StatusRuntimeException: CANCELLED: HTTP/2 error code: CANCEL
Received Rst Stream
2019-06-12 21:47:58,421 INFO  impl.FollowerInfo (FollowerInfo.java:lambda$new$0(50)) - 7ec98583-0afb-4499-af5f-a9a0d88b654f->a09b26e6-dce9-41fc-a055-bce9051bf65c: nextIndex: updateUnconditionally 9 -> 0
2019-06-12 21:47:58,422 WARN  fs.CachingGetSpaceUsed (CachingGetSpaceUsed.java:run(183)) - Thread Interrupted waiting to refresh disk information: sleep interrupted
2019-06-12 21:47:58,433 INFO  statemachine.DatanodeStateMachine (DatanodeStateMachine.java:stopDaemon(395)) - Ozone container server stopped.
2019-06-12 21:47:58,434 INFO  handler.ContextHandler (ContextHandler.java:doStop(910)) - Stopped o.e.j.w.WebAppContext@7079f8f0{/,null,UNAVAILABLE}{/hddsDatanode}
2019-06-12 21:47:58,434 INFO  server.AbstractConnector (AbstractConnector.java:doStop(318)) - Stopped ServerConnector@121cf6f4{HTTP/1.1,[http/1.1]}{0.0.0.0:0}
2019-06-12 21:47:58,434 INFO  handler.ContextHandler (ContextHandler.java:doStop(910)) - Stopped o.e.j.s.ServletContextHandler@4768b95c{/static,jar:file:/root/.m2/repository/org/apache/hadoop/hadoop-hdds-container-service/0.5.0-SNAPSHOT/hadoop-hdds-container-service-0.5.0-SNAPSHOT.jar!/webapps/static,UNAVAILABLE}
2019-06-12 21:47:58,435 INFO  handler.ContextHandler (ContextHandler.java:doStop(910)) - Stopped o.e.j.s.ServletContextHandler@6c519e47{/logs,file:///opt/src/hadoop-ozone/integration-test/target/log,UNAVAILABLE}
2019-06-12 21:47:58,438 INFO  datanode.ObjectStoreHandler (ObjectStoreHandler.java:close(155)) - Closing ObjectStoreHandler.
2019-06-12 21:47:58,438 INFO  ozone.HddsDatanodeService (HddsDatanodeService.java:stop(452)) - Stopped plug-in org.apache.hadoop.ozone.web.OzoneHddsDatanodeService@30bd39d5
2019-06-12 21:47:58,438 INFO  statemachine.DatanodeStateMachine (DatanodeStateMachine.java:lambda$startDaemon$0(350)) - Ozone container server started.
2019-06-12 21:47:58,438 INFO  ozoneimpl.OzoneContainer (OzoneContainer.java:stop(199)) - Attempting to stop container services.
2019-06-12 21:47:58,438 INFO  impl.RaftServerProxy (RaftServerProxy.java:lambda$close$4(314)) - 2fd43888-4802-494d-b7ed-9803a9d9e397: close
2019-06-12 21:47:58,439 INFO  impl.RaftServerImpl (RaftServerImpl.java:lambda$shutdown$3(238)) - 2fd43888-4802-494d-b7ed-9803a9d9e397: shutdown group-C0BEAD1FBB3C
2019-06-12 21:47:58,439 INFO  impl.RaftServerImpl (RaftServerImpl.java:lambda$shutdown$3(238)) - 2fd43888-4802-494d-b7ed-9803a9d9e397: shutdown group-40383ABCB61A
2019-06-12 21:47:58,439 INFO  util.JmxRegister (JmxRegister.java:unregister(73)) - Successfully un-registered JMX Bean with object name Ratis:service=RaftServer,group=group-C0BEAD1FBB3C,id=2fd43888-4802-494d-b7ed-9803a9d9e397
2019-06-12 21:47:58,439 INFO  impl.RoleInfo (RoleInfo.java:shutdownLeaderState(104)) - 2fd43888-4802-494d-b7ed-9803a9d9e397: shutdown LeaderState
2019-06-12 21:47:58,439 INFO  util.JmxRegister (JmxRegister.java:unregister(73)) - Successfully un-registered JMX Bean with object name Ratis:service=RaftServer,group=group-40383ABCB61A,id=2fd43888-4802-494d-b7ed-9803a9d9e397
2019-06-12 21:47:58,439 INFO  impl.RoleInfo (RoleInfo.java:shutdownFollowerState(121)) - 2fd43888-4802-494d-b7ed-9803a9d9e397: shutdown FollowerState
2019-06-12 21:47:58,439 INFO  impl.PendingRequests (PendingRequests.java:sendNotLeaderResponses(140)) - 2fd43888-4802-494d-b7ed-9803a9d9e397-PendingRequests: sendNotLeaderResponses
2019-06-12 21:47:58,440 INFO  ratis.ContainerStateMachine (ContainerStateMachine.java:takeSnapshot(245)) - Taking snapshot at termIndex:(t:1, i:5)
2019-06-12 21:47:58,440 INFO  impl.FollowerState (FollowerState.java:run(109)) - 2fd43888-4802-494d-b7ed-9803a9d9e397: FollowerState was interrupted: java.lang.InterruptedException: sleep interrupted
2019-06-12 21:47:58,440 INFO  impl.StateMachineUpdater (StateMachineUpdater.java:stopAndJoin(109)) - StateMachineUpdater-2fd43888-4802-494d-b7ed-9803a9d9e397-group-40383ABCB61A: set stopIndex = 7
2019-06-12 21:47:58,440 INFO  ratis.ContainerStateMachine (ContainerStateMachine.java:takeSnapshot(249)) - Taking a snapshot to file /opt/src/hadoop-ozone/integration-test/target/test-dir/MiniOzoneClusterImpl-a0a27a2a-d492-455c-9bb3-f8d67be5447a/datanode-4/data/ratis/e5864286-b2d3-4354-9484-40383abcb61a/sm/snapshot.1_5
2019-06-12 21:47:58,442 INFO  impl.RaftServerImpl (ServerState.java:close(394)) - 2fd43888-4802-494d-b7ed-9803a9d9e397:group-40383ABCB61A closes. The last applied log index is 7
2019-06-12 21:47:58,442 INFO  storage.RaftLogWorker (RaftLogWorker.java:run(236)) - 2fd43888-4802-494d-b7ed-9803a9d9e397-RaftLogWorker was interrupted, exiting. There are 0 tasks remaining in the queue.
2019-06-12 21:47:58,444 INFO  impl.StateMachineUpdater (StateMachineUpdater.java:stopAndJoin(109)) - StateMachineUpdater-2fd43888-4802-494d-b7ed-9803a9d9e397-group-C0BEAD1FBB3C: set stopIndex = 0
2019-06-12 21:47:58,444 INFO  ratis.ContainerStateMachine (ContainerStateMachine.java:takeSnapshot(245)) - Taking snapshot at termIndex:(t:0, i:~)
2019-06-12 21:47:58,444 INFO  storage.RaftLogWorker (RaftLogWorker.java:close(168)) - 2fd43888-4802-494d-b7ed-9803a9d9e397-RaftLogWorker close()
2019-06-12 21:47:58,444 INFO  impl.RaftServerImpl (ServerState.java:close(394)) - 2fd43888-4802-494d-b7ed-9803a9d9e397:group-C0BEAD1FBB3C closes. The last applied log index is 0
2019-06-12 21:47:58,445 INFO  storage.RaftLogWorker (RaftLogWorker.java:run(236)) - 2fd43888-4802-494d-b7ed-9803a9d9e397-RaftLogWorker was interrupted, exiting. There are 0 tasks remaining in the queue.
2019-06-12 21:47:58,446 INFO  storage.RaftLogWorker (RaftLogWorker.java:close(168)) - 2fd43888-4802-494d-b7ed-9803a9d9e397-RaftLogWorker close()
2019-06-12 21:47:58,449 INFO  server.GrpcService (GrpcService.java:closeImpl(154)) - 2fd43888-4802-494d-b7ed-9803a9d9e397: shutdown server with port 39805 now
2019-06-12 21:47:58,449 WARN  server.GrpcServerProtocolService (LogUtils.java:warn(134)) - 2fd43888-4802-494d-b7ed-9803a9d9e397: appendEntries onError: org.apache.ratis.thirdparty.io.grpc.StatusRuntimeException: CANCELLED: cancelled before receiving half close
2019-06-12 21:47:58,450 INFO  server.GrpcService (GrpcService.java:closeImpl(162)) - 2fd43888-4802-494d-b7ed-9803a9d9e397: shutdown server with port 39805 successfully
2019-06-12 21:47:58,450 WARN  server.GrpcLogAppender (LogUtils.java:warn(134)) - 7ec98583-0afb-4499-af5f-a9a0d88b654f: Failed appendEntries to 2fd43888-4802-494d-b7ed-9803a9d9e397:192.168.19.17:39805: org.apache.ratis.thirdparty.io.grpc.StatusRuntimeException: CANCELLED: HTTP/2 error code: CANCEL
Received Rst Stream
2019-06-12 21:47:58,450 INFO  impl.FollowerInfo (FollowerInfo.java:lambda$new$0(50)) - 7ec98583-0afb-4499-af5f-a9a0d88b654f->2fd43888-4802-494d-b7ed-9803a9d9e397: nextIndex: updateUnconditionally 9 -> 0
2019-06-12 21:47:58,451 WARN  fs.CachingGetSpaceUsed (CachingGetSpaceUsed.java:run(183)) - Thread Interrupted waiting to refresh disk information: sleep interrupted
2019-06-12 21:47:58,463 INFO  statemachine.DatanodeStateMachine (DatanodeStateMachine.java:stopDaemon(395)) - Ozone container server stopped.
2019-06-12 21:47:58,463 INFO  handler.ContextHandler (ContextHandler.java:doStop(910)) - Stopped o.e.j.w.WebAppContext@5477d90e{/,null,UNAVAILABLE}{/hddsDatanode}
2019-06-12 21:47:58,464 INFO  server.AbstractConnector (AbstractConnector.java:doStop(318)) - Stopped ServerConnector@6dc9a56e{HTTP/1.1,[http/1.1]}{0.0.0.0:0}
2019-06-12 21:47:58,464 INFO  handler.ContextHandler (ContextHandler.java:doStop(910)) - Stopped o.e.j.s.ServletContextHandler@77e6761f{/static,jar:file:/root/.m2/repository/org/apache/hadoop/hadoop-hdds-container-service/0.5.0-SNAPSHOT/hadoop-hdds-container-service-0.5.0-SNAPSHOT.jar!/webapps/static,UNAVAILABLE}
2019-06-12 21:47:58,464 INFO  handler.ContextHandler (ContextHandler.java:doStop(910)) - Stopped o.e.j.s.ServletContextHandler@65ef9a0a{/logs,file:///opt/src/hadoop-ozone/integration-test/target/log,UNAVAILABLE}
2019-06-12 21:47:58,465 INFO  datanode.ObjectStoreHandler (ObjectStoreHandler.java:close(155)) - Closing ObjectStoreHandler.
2019-06-12 21:47:58,465 INFO  ozone.HddsDatanodeService (HddsDatanodeService.java:stop(452)) - Stopped plug-in org.apache.hadoop.ozone.web.OzoneHddsDatanodeService@5cd71ee2
2019-06-12 21:47:58,466 INFO  statemachine.DatanodeStateMachine (DatanodeStateMachine.java:lambda$startDaemon$0(350)) - Ozone container server started.
2019-06-12 21:47:58,467 INFO  ozoneimpl.OzoneContainer (OzoneContainer.java:stop(199)) - Attempting to stop container services.
2019-06-12 21:47:58,468 INFO  impl.RaftServerProxy (RaftServerProxy.java:lambda$close$4(314)) - 7ec98583-0afb-4499-af5f-a9a0d88b654f: close
2019-06-12 21:47:58,468 INFO  impl.RaftServerImpl (RaftServerImpl.java:lambda$shutdown$3(238)) - 7ec98583-0afb-4499-af5f-a9a0d88b654f: shutdown group-FDBA0F2CF1A7
2019-06-12 21:47:58,468 INFO  util.JmxRegister (JmxRegister.java:unregister(73)) - Successfully un-registered JMX Bean with object name Ratis:service=RaftServer,group=group-FDBA0F2CF1A7,id=7ec98583-0afb-4499-af5f-a9a0d88b654f
2019-06-12 21:47:58,468 INFO  impl.RoleInfo (RoleInfo.java:shutdownLeaderState(104)) - 7ec98583-0afb-4499-af5f-a9a0d88b654f: shutdown LeaderState
2019-06-12 21:47:58,469 INFO  impl.PendingRequests (PendingRequests.java:sendNotLeaderResponses(140)) - 7ec98583-0afb-4499-af5f-a9a0d88b654f-PendingRequests: sendNotLeaderResponses
2019-06-12 21:47:58,469 INFO  impl.StateMachineUpdater (StateMachineUpdater.java:stopAndJoin(109)) - StateMachineUpdater-7ec98583-0afb-4499-af5f-a9a0d88b654f-group-FDBA0F2CF1A7: set stopIndex = 0
2019-06-12 21:47:58,471 INFO  ratis.ContainerStateMachine (ContainerStateMachine.java:takeSnapshot(245)) - Taking snapshot at termIndex:(t:0, i:~)
2019-06-12 21:47:58,473 INFO  impl.RaftServerImpl (ServerState.java:close(394)) - 7ec98583-0afb-4499-af5f-a9a0d88b654f:group-FDBA0F2CF1A7 closes. The last applied log index is 0
2019-06-12 21:47:58,473 INFO  storage.RaftLogWorker (RaftLogWorker.java:run(236)) - 7ec98583-0afb-4499-af5f-a9a0d88b654f-RaftLogWorker was interrupted, exiting. There are 0 tasks remaining in the queue.
2019-06-12 21:47:58,473 INFO  storage.RaftLogWorker (RaftLogWorker.java:close(168)) - 7ec98583-0afb-4499-af5f-a9a0d88b654f-RaftLogWorker close()
2019-06-12 21:47:58,473 INFO  impl.RaftServerImpl (RaftServerImpl.java:lambda$shutdown$3(238)) - 7ec98583-0afb-4499-af5f-a9a0d88b654f: shutdown group-40383ABCB61A
2019-06-12 21:47:58,474 INFO  util.JmxRegister (JmxRegister.java:unregister(73)) - Successfully un-registered JMX Bean with object name Ratis:service=RaftServer,group=group-40383ABCB61A,id=7ec98583-0afb-4499-af5f-a9a0d88b654f
2019-06-12 21:47:58,474 INFO  impl.RoleInfo (RoleInfo.java:shutdownLeaderState(104)) - 7ec98583-0afb-4499-af5f-a9a0d88b654f: shutdown LeaderState
2019-06-12 21:47:58,474 INFO  impl.PendingRequests (PendingRequests.java:sendNotLeaderResponses(140)) - 7ec98583-0afb-4499-af5f-a9a0d88b654f-PendingRequests: sendNotLeaderResponses
2019-06-12 21:47:58,474 WARN  server.GrpcLogAppender (GrpcLogAppender.java:mayWait(142)) - GrpcLogAppender(7ec98583-0afb-4499-af5f-a9a0d88b654f -> 2fd43888-4802-494d-b7ed-9803a9d9e397): Wait interrupted by java.lang.InterruptedException
2019-06-12 21:47:58,475 INFO  impl.StateMachineUpdater (StateMachineUpdater.java:stopAndJoin(109)) - StateMachineUpdater-7ec98583-0afb-4499-af5f-a9a0d88b654f-group-40383ABCB61A: set stopIndex = 8
2019-06-12 21:47:58,474 WARN  server.GrpcLogAppender (GrpcLogAppender.java:mayWait(142)) - GrpcLogAppender(7ec98583-0afb-4499-af5f-a9a0d88b654f -> a09b26e6-dce9-41fc-a055-bce9051bf65c): Wait interrupted by java.lang.InterruptedException
2019-06-12 21:47:58,475 INFO  ratis.ContainerStateMachine (ContainerStateMachine.java:takeSnapshot(245)) - Taking snapshot at termIndex:(t:1, i:6)
2019-06-12 21:47:58,476 INFO  ratis.ContainerStateMachine (ContainerStateMachine.java:takeSnapshot(249)) - Taking a snapshot to file /opt/src/hadoop-ozone/integration-test/target/test-dir/MiniOzoneClusterImpl-a0a27a2a-d492-455c-9bb3-f8d67be5447a/datanode-5/data/ratis/e5864286-b2d3-4354-9484-40383abcb61a/sm/snapshot.1_6
2019-06-12 21:47:58,476 INFO  impl.RaftServerImpl (ServerState.java:close(394)) - 7ec98583-0afb-4499-af5f-a9a0d88b654f:group-40383ABCB61A closes. The last applied log index is 8
2019-06-12 21:47:58,476 INFO  storage.RaftLogWorker (RaftLogWorker.java:run(236)) - 7ec98583-0afb-4499-af5f-a9a0d88b654f-RaftLogWorker was interrupted, exiting. There are 0 tasks remaining in the queue.
2019-06-12 21:47:58,476 INFO  storage.RaftLogWorker (RaftLogWorker.java:close(168)) - 7ec98583-0afb-4499-af5f-a9a0d88b654f-RaftLogWorker close()
2019-06-12 21:47:58,477 INFO  server.GrpcService (GrpcService.java:closeImpl(154)) - 7ec98583-0afb-4499-af5f-a9a0d88b654f: shutdown server with port 39615 now
2019-06-12 21:47:58,477 INFO  server.GrpcService (GrpcService.java:closeImpl(162)) - 7ec98583-0afb-4499-af5f-a9a0d88b654f: shutdown server with port 39615 successfully
2019-06-12 21:47:58,479 WARN  fs.CachingGetSpaceUsed (CachingGetSpaceUsed.java:run(183)) - Thread Interrupted waiting to refresh disk information: sleep interrupted
2019-06-12 21:47:58,491 INFO  statemachine.DatanodeStateMachine (DatanodeStateMachine.java:stopDaemon(395)) - Ozone container server stopped.
2019-06-12 21:47:58,491 INFO  handler.ContextHandler (ContextHandler.java:doStop(910)) - Stopped o.e.j.w.WebAppContext@4fa8297b{/,null,UNAVAILABLE}{/hddsDatanode}
2019-06-12 21:47:58,492 INFO  server.AbstractConnector (AbstractConnector.java:doStop(318)) - Stopped ServerConnector@6644bdf5{HTTP/1.1,[http/1.1]}{0.0.0.0:0}
2019-06-12 21:47:58,492 INFO  handler.ContextHandler (ContextHandler.java:doStop(910)) - Stopped o.e.j.s.ServletContextHandler@ba0018e{/static,jar:file:/root/.m2/repository/org/apache/hadoop/hadoop-hdds-container-service/0.5.0-SNAPSHOT/hadoop-hdds-container-service-0.5.0-SNAPSHOT.jar!/webapps/static,UNAVAILABLE}
2019-06-12 21:47:58,492 INFO  handler.ContextHandler (ContextHandler.java:doStop(910)) - Stopped o.e.j.s.ServletContextHandler@670a4738{/logs,file:///opt/src/hadoop-ozone/integration-test/target/log,UNAVAILABLE}
2019-06-12 21:47:58,494 INFO  datanode.ObjectStoreHandler (ObjectStoreHandler.java:close(155)) - Closing ObjectStoreHandler.
2019-06-12 21:47:58,494 INFO  ozone.HddsDatanodeService (HddsDatanodeService.java:stop(452)) - Stopped plug-in org.apache.hadoop.ozone.web.OzoneHddsDatanodeService@2d7aa291
2019-06-12 21:47:58,494 INFO  statemachine.DatanodeStateMachine (DatanodeStateMachine.java:lambda$startDaemon$0(350)) - Ozone container server started.
2019-06-12 21:47:58,494 INFO  ozoneimpl.OzoneContainer (OzoneContainer.java:stop(199)) - Attempting to stop container services.
2019-06-12 21:47:58,497 INFO  impl.RaftServerProxy (RaftServerProxy.java:lambda$close$4(314)) - 5ab9abfe-59c8-4e0b-ab1f-4a4503f64bcd: close
2019-06-12 21:47:58,498 INFO  impl.RaftServerImpl (RaftServerImpl.java:lambda$shutdown$3(238)) - 5ab9abfe-59c8-4e0b-ab1f-4a4503f64bcd: shutdown group-EAAC4B312516
2019-06-12 21:47:58,498 INFO  util.JmxRegister (JmxRegister.java:unregister(73)) - Successfully un-registered JMX Bean with object name Ratis:service=RaftServer,group=group-EAAC4B312516,id=5ab9abfe-59c8-4e0b-ab1f-4a4503f64bcd
2019-06-12 21:47:58,498 INFO  impl.RoleInfo (RoleInfo.java:shutdownLeaderState(104)) - 5ab9abfe-59c8-4e0b-ab1f-4a4503f64bcd: shutdown LeaderState
2019-06-12 21:47:58,498 INFO  impl.PendingRequests (PendingRequests.java:sendNotLeaderResponses(140)) - 5ab9abfe-59c8-4e0b-ab1f-4a4503f64bcd-PendingRequests: sendNotLeaderResponses
2019-06-12 21:47:58,499 INFO  impl.StateMachineUpdater (StateMachineUpdater.java:stopAndJoin(109)) - StateMachineUpdater-5ab9abfe-59c8-4e0b-ab1f-4a4503f64bcd-group-EAAC4B312516: set stopIndex = 0
2019-06-12 21:47:58,499 INFO  ratis.ContainerStateMachine (ContainerStateMachine.java:takeSnapshot(245)) - Taking snapshot at termIndex:(t:0, i:~)
2019-06-12 21:47:58,499 INFO  impl.RaftServerImpl (ServerState.java:close(394)) - 5ab9abfe-59c8-4e0b-ab1f-4a4503f64bcd:group-EAAC4B312516 closes. The last applied log index is 0
2019-06-12 21:47:58,499 INFO  storage.RaftLogWorker (RaftLogWorker.java:run(236)) - 5ab9abfe-59c8-4e0b-ab1f-4a4503f64bcd-RaftLogWorker was interrupted, exiting. There are 0 tasks remaining in the queue.
2019-06-12 21:47:58,500 INFO  storage.RaftLogWorker (RaftLogWorker.java:close(168)) - 5ab9abfe-59c8-4e0b-ab1f-4a4503f64bcd-RaftLogWorker close()
2019-06-12 21:47:58,500 INFO  server.GrpcService (GrpcService.java:closeImpl(154)) - 5ab9abfe-59c8-4e0b-ab1f-4a4503f64bcd: shutdown server with port 42959 now
2019-06-12 21:47:58,501 INFO  server.GrpcService (GrpcService.java:closeImpl(162)) - 5ab9abfe-59c8-4e0b-ab1f-4a4503f64bcd: shutdown server with port 42959 successfully
2019-06-12 21:47:58,502 WARN  fs.CachingGetSpaceUsed (CachingGetSpaceUsed.java:run(183)) - Thread Interrupted waiting to refresh disk information: sleep interrupted
2019-06-12 21:47:58,516 INFO  statemachine.DatanodeStateMachine (DatanodeStateMachine.java:stopDaemon(395)) - Ozone container server stopped.
2019-06-12 21:47:58,517 INFO  handler.ContextHandler (ContextHandler.java:doStop(910)) - Stopped o.e.j.w.WebAppContext@3ef46749{/,null,UNAVAILABLE}{/hddsDatanode}
2019-06-12 21:47:58,518 INFO  server.AbstractConnector (AbstractConnector.java:doStop(318)) - Stopped ServerConnector@40b54762{HTTP/1.1,[http/1.1]}{0.0.0.0:0}
2019-06-12 21:47:58,521 INFO  handler.ContextHandler (ContextHandler.java:doStop(910)) - Stopped o.e.j.s.ServletContextHandler@26d7cb0d{/static,jar:file:/root/.m2/repository/org/apache/hadoop/hadoop-hdds-container-service/0.5.0-SNAPSHOT/hadoop-hdds-container-service-0.5.0-SNAPSHOT.jar!/webapps/static,UNAVAILABLE}
2019-06-12 21:47:58,522 INFO  handler.ContextHandler (ContextHandler.java:doStop(910)) - Stopped o.e.j.s.ServletContextHandler@65503a26{/logs,file:///opt/src/hadoop-ozone/integration-test/target/log,UNAVAILABLE}
]]></system-out>
    <system-err><![CDATA[Jun 12, 2019 9:47:49 PM com.sun.jersey.server.impl.application.WebApplicationImpl _initiate
INFO: Initiating Jersey application, version 'Jersey: 1.19 02/11/2015 03:25 AM'
Jun 12, 2019 9:47:49 PM com.sun.jersey.server.impl.application.WebApplicationImpl _initiate
INFO: Initiating Jersey application, version 'Jersey: 1.19 02/11/2015 03:25 AM'
Jun 12, 2019 9:47:50 PM com.sun.jersey.server.impl.application.WebApplicationImpl _initiate
INFO: Initiating Jersey application, version 'Jersey: 1.19 02/11/2015 03:25 AM'
Jun 12, 2019 9:47:50 PM com.sun.jersey.server.impl.application.WebApplicationImpl _initiate
INFO: Initiating Jersey application, version 'Jersey: 1.19 02/11/2015 03:25 AM'
Jun 12, 2019 9:47:50 PM com.sun.jersey.server.impl.application.WebApplicationImpl _initiate
INFO: Initiating Jersey application, version 'Jersey: 1.19 02/11/2015 03:25 AM'
Jun 12, 2019 9:47:50 PM com.sun.jersey.server.impl.application.WebApplicationImpl _initiate
INFO: Initiating Jersey application, version 'Jersey: 1.19 02/11/2015 03:25 AM'
Jun 12, 2019 9:47:50 PM com.sun.jersey.server.impl.application.WebApplicationImpl _initiate
INFO: Initiating Jersey application, version 'Jersey: 1.19 02/11/2015 03:25 AM'
Jun 12, 2019 9:47:53 PM org.apache.ratis.thirdparty.io.grpc.internal.ManagedChannelOrphanWrapper$ManagedChannelReference cleanQueue
SEVERE: *~*~*~ Channel ManagedChannelImpl{logId=178, target=192.168.19.17:45195} was not shutdown properly!!! ~*~*~*
    Make sure to call shutdown()/shutdownNow() and wait until awaitTermination() returns true.
java.lang.RuntimeException: ManagedChannel allocation site
	at org.apache.ratis.thirdparty.io.grpc.internal.ManagedChannelOrphanWrapper$ManagedChannelReference.<init>(ManagedChannelOrphanWrapper.java:103)
	at org.apache.ratis.thirdparty.io.grpc.internal.ManagedChannelOrphanWrapper.<init>(ManagedChannelOrphanWrapper.java:53)
	at org.apache.ratis.thirdparty.io.grpc.internal.ManagedChannelOrphanWrapper.<init>(ManagedChannelOrphanWrapper.java:44)
	at org.apache.ratis.thirdparty.io.grpc.internal.AbstractManagedChannelImplBuilder.build(AbstractManagedChannelImplBuilder.java:411)
	at org.apache.ratis.grpc.client.GrpcClientProtocolClient.<init>(GrpcClientProtocolClient.java:118)
	at org.apache.ratis.grpc.client.GrpcClientRpc.lambda$new$0(GrpcClientRpc.java:55)
	at org.apache.ratis.util.PeerProxyMap$PeerAndProxy.lambda$getProxy$0(PeerProxyMap.java:61)
	at org.apache.ratis.util.LifeCycle.startAndTransition(LifeCycle.java:202)
	at org.apache.ratis.util.PeerProxyMap$PeerAndProxy.getProxy(PeerProxyMap.java:60)
	at org.apache.ratis.util.PeerProxyMap.getProxy(PeerProxyMap.java:107)
	at org.apache.ratis.grpc.client.GrpcClientRpc.sendRequest(GrpcClientRpc.java:91)
	at org.apache.ratis.client.impl.RaftClientImpl.sendRequest(RaftClientImpl.java:401)
	at org.apache.ratis.client.impl.RaftClientImpl.groupRemove(RaftClientImpl.java:280)
	at org.apache.hadoop.hdds.scm.pipeline.RatisPipelineUtils.destroyPipeline(RatisPipelineUtils.java:97)
	at org.apache.hadoop.hdds.scm.pipeline.RatisPipelineUtils.destroyPipeline(RatisPipelineUtils.java:64)
	at org.apache.hadoop.hdds.scm.pipeline.SCMPipelineManager.destroyPipeline(SCMPipelineManager.java:378)
	at org.apache.hadoop.hdds.scm.pipeline.SCMPipelineManager.finalizeAndDestroyPipeline(SCMPipelineManager.java:318)
	at org.apache.hadoop.ozone.container.ContainerTestHelper.waitForPipelineClose(ContainerTestHelper.java:799)
	at org.apache.hadoop.ozone.container.ContainerTestHelper.waitForPipelineClose(ContainerTestHelper.java:790)
	at org.apache.hadoop.ozone.container.ContainerTestHelper.waitForPipelineClose(ContainerTestHelper.java:754)
	at org.apache.hadoop.ozone.client.rpc.TestOzoneClientRetriesOnException.testGroupMismatchExceptionHandling(TestOzoneClientRetriesOnException.java:151)
	at sun.reflect.NativeMethodAccessorImpl.invoke0(Native Method)
	at sun.reflect.NativeMethodAccessorImpl.invoke(NativeMethodAccessorImpl.java:62)
	at sun.reflect.DelegatingMethodAccessorImpl.invoke(DelegatingMethodAccessorImpl.java:43)
	at java.lang.reflect.Method.invoke(Method.java:498)
	at org.junit.runners.model.FrameworkMethod$1.runReflectiveCall(FrameworkMethod.java:47)
	at org.junit.internal.runners.model.ReflectiveCallable.run(ReflectiveCallable.java:12)
	at org.junit.runners.model.FrameworkMethod.invokeExplosively(FrameworkMethod.java:44)
	at org.junit.internal.runners.statements.InvokeMethod.evaluate(InvokeMethod.java:17)
	at org.junit.internal.runners.statements.RunBefores.evaluate(RunBefores.java:26)
	at org.junit.internal.runners.statements.RunAfters.evaluate(RunAfters.java:27)
	at org.junit.runners.ParentRunner.runLeaf(ParentRunner.java:271)
	at org.junit.runners.BlockJUnit4ClassRunner.runChild(BlockJUnit4ClassRunner.java:70)
	at org.junit.runners.BlockJUnit4ClassRunner.runChild(BlockJUnit4ClassRunner.java:50)
	at org.junit.runners.ParentRunner$3.run(ParentRunner.java:238)
	at org.junit.runners.ParentRunner$1.schedule(ParentRunner.java:63)
	at org.junit.runners.ParentRunner.runChildren(ParentRunner.java:236)
	at org.junit.runners.ParentRunner.access$000(ParentRunner.java:53)
	at org.junit.runners.ParentRunner$2.evaluate(ParentRunner.java:229)
	at org.junit.runners.ParentRunner.run(ParentRunner.java:309)
	at org.apache.maven.surefire.junit4.JUnit4Provider.execute(JUnit4Provider.java:365)
	at org.apache.maven.surefire.junit4.JUnit4Provider.executeWithRerun(JUnit4Provider.java:273)
	at org.apache.maven.surefire.junit4.JUnit4Provider.executeTestSet(JUnit4Provider.java:238)
	at org.apache.maven.surefire.junit4.JUnit4Provider.invoke(JUnit4Provider.java:159)
	at org.apache.maven.surefire.booter.ForkedBooter.invokeProviderInSameClassLoader(ForkedBooter.java:384)
	at org.apache.maven.surefire.booter.ForkedBooter.runSuitesInProcess(ForkedBooter.java:345)
	at org.apache.maven.surefire.booter.ForkedBooter.execute(ForkedBooter.java:126)
	at org.apache.maven.surefire.booter.ForkedBooter.main(ForkedBooter.java:418)

Jun 12, 2019 9:47:53 PM org.apache.ratis.thirdparty.io.grpc.internal.ManagedChannelOrphanWrapper$ManagedChannelReference cleanQueue
SEVERE: *~*~*~ Channel ManagedChannelImpl{logId=173, target=192.168.19.17:42703} was not shutdown properly!!! ~*~*~*
    Make sure to call shutdown()/shutdownNow() and wait until awaitTermination() returns true.
java.lang.RuntimeException: ManagedChannel allocation site
	at org.apache.ratis.thirdparty.io.grpc.internal.ManagedChannelOrphanWrapper$ManagedChannelReference.<init>(ManagedChannelOrphanWrapper.java:103)
	at org.apache.ratis.thirdparty.io.grpc.internal.ManagedChannelOrphanWrapper.<init>(ManagedChannelOrphanWrapper.java:53)
	at org.apache.ratis.thirdparty.io.grpc.internal.ManagedChannelOrphanWrapper.<init>(ManagedChannelOrphanWrapper.java:44)
	at org.apache.ratis.thirdparty.io.grpc.internal.AbstractManagedChannelImplBuilder.build(AbstractManagedChannelImplBuilder.java:411)
	at org.apache.ratis.grpc.client.GrpcClientProtocolClient.<init>(GrpcClientProtocolClient.java:118)
	at org.apache.ratis.grpc.client.GrpcClientRpc.lambda$new$0(GrpcClientRpc.java:55)
	at org.apache.ratis.util.PeerProxyMap$PeerAndProxy.lambda$getProxy$0(PeerProxyMap.java:61)
	at org.apache.ratis.util.LifeCycle.startAndTransition(LifeCycle.java:202)
	at org.apache.ratis.util.PeerProxyMap$PeerAndProxy.getProxy(PeerProxyMap.java:60)
	at org.apache.ratis.util.PeerProxyMap.getProxy(PeerProxyMap.java:107)
	at org.apache.ratis.grpc.client.GrpcClientRpc.sendRequest(GrpcClientRpc.java:91)
	at org.apache.ratis.client.impl.RaftClientImpl.sendRequest(RaftClientImpl.java:401)
	at org.apache.ratis.client.impl.RaftClientImpl.groupRemove(RaftClientImpl.java:280)
	at org.apache.hadoop.hdds.scm.pipeline.RatisPipelineUtils.destroyPipeline(RatisPipelineUtils.java:97)
	at org.apache.hadoop.hdds.scm.pipeline.RatisPipelineUtils.destroyPipeline(RatisPipelineUtils.java:64)
	at org.apache.hadoop.hdds.scm.pipeline.SCMPipelineManager.destroyPipeline(SCMPipelineManager.java:378)
	at org.apache.hadoop.hdds.scm.pipeline.SCMPipelineManager.finalizeAndDestroyPipeline(SCMPipelineManager.java:318)
	at org.apache.hadoop.ozone.container.ContainerTestHelper.waitForPipelineClose(ContainerTestHelper.java:799)
	at org.apache.hadoop.ozone.container.ContainerTestHelper.waitForPipelineClose(ContainerTestHelper.java:790)
	at org.apache.hadoop.ozone.container.ContainerTestHelper.waitForPipelineClose(ContainerTestHelper.java:754)
	at org.apache.hadoop.ozone.client.rpc.TestOzoneClientRetriesOnException.testGroupMismatchExceptionHandling(TestOzoneClientRetriesOnException.java:151)
	at sun.reflect.NativeMethodAccessorImpl.invoke0(Native Method)
	at sun.reflect.NativeMethodAccessorImpl.invoke(NativeMethodAccessorImpl.java:62)
	at sun.reflect.DelegatingMethodAccessorImpl.invoke(DelegatingMethodAccessorImpl.java:43)
	at java.lang.reflect.Method.invoke(Method.java:498)
	at org.junit.runners.model.FrameworkMethod$1.runReflectiveCall(FrameworkMethod.java:47)
	at org.junit.internal.runners.model.ReflectiveCallable.run(ReflectiveCallable.java:12)
	at org.junit.runners.model.FrameworkMethod.invokeExplosively(FrameworkMethod.java:44)
	at org.junit.internal.runners.statements.InvokeMethod.evaluate(InvokeMethod.java:17)
	at org.junit.internal.runners.statements.RunBefores.evaluate(RunBefores.java:26)
	at org.junit.internal.runners.statements.RunAfters.evaluate(RunAfters.java:27)
	at org.junit.runners.ParentRunner.runLeaf(ParentRunner.java:271)
	at org.junit.runners.BlockJUnit4ClassRunner.runChild(BlockJUnit4ClassRunner.java:70)
	at org.junit.runners.BlockJUnit4ClassRunner.runChild(BlockJUnit4ClassRunner.java:50)
	at org.junit.runners.ParentRunner$3.run(ParentRunner.java:238)
	at org.junit.runners.ParentRunner$1.schedule(ParentRunner.java:63)
	at org.junit.runners.ParentRunner.runChildren(ParentRunner.java:236)
	at org.junit.runners.ParentRunner.access$000(ParentRunner.java:53)
	at org.junit.runners.ParentRunner$2.evaluate(ParentRunner.java:229)
	at org.junit.runners.ParentRunner.run(ParentRunner.java:309)
	at org.apache.maven.surefire.junit4.JUnit4Provider.execute(JUnit4Provider.java:365)
	at org.apache.maven.surefire.junit4.JUnit4Provider.executeWithRerun(JUnit4Provider.java:273)
	at org.apache.maven.surefire.junit4.JUnit4Provider.executeTestSet(JUnit4Provider.java:238)
	at org.apache.maven.surefire.junit4.JUnit4Provider.invoke(JUnit4Provider.java:159)
	at org.apache.maven.surefire.booter.ForkedBooter.invokeProviderInSameClassLoader(ForkedBooter.java:384)
	at org.apache.maven.surefire.booter.ForkedBooter.runSuitesInProcess(ForkedBooter.java:345)
	at org.apache.maven.surefire.booter.ForkedBooter.execute(ForkedBooter.java:126)
	at org.apache.maven.surefire.booter.ForkedBooter.main(ForkedBooter.java:418)

Jun 12, 2019 9:47:53 PM org.apache.ratis.thirdparty.io.grpc.internal.ManagedChannelOrphanWrapper$ManagedChannelReference cleanQueue
SEVERE: *~*~*~ Channel ManagedChannelImpl{logId=183, target=192.168.19.17:36127} was not shutdown properly!!! ~*~*~*
    Make sure to call shutdown()/shutdownNow() and wait until awaitTermination() returns true.
java.lang.RuntimeException: ManagedChannel allocation site
	at org.apache.ratis.thirdparty.io.grpc.internal.ManagedChannelOrphanWrapper$ManagedChannelReference.<init>(ManagedChannelOrphanWrapper.java:103)
	at org.apache.ratis.thirdparty.io.grpc.internal.ManagedChannelOrphanWrapper.<init>(ManagedChannelOrphanWrapper.java:53)
	at org.apache.ratis.thirdparty.io.grpc.internal.ManagedChannelOrphanWrapper.<init>(ManagedChannelOrphanWrapper.java:44)
	at org.apache.ratis.thirdparty.io.grpc.internal.AbstractManagedChannelImplBuilder.build(AbstractManagedChannelImplBuilder.java:411)
	at org.apache.ratis.grpc.client.GrpcClientProtocolClient.<init>(GrpcClientProtocolClient.java:118)
	at org.apache.ratis.grpc.client.GrpcClientRpc.lambda$new$0(GrpcClientRpc.java:55)
	at org.apache.ratis.util.PeerProxyMap$PeerAndProxy.lambda$getProxy$0(PeerProxyMap.java:61)
	at org.apache.ratis.util.LifeCycle.startAndTransition(LifeCycle.java:202)
	at org.apache.ratis.util.PeerProxyMap$PeerAndProxy.getProxy(PeerProxyMap.java:60)
	at org.apache.ratis.util.PeerProxyMap.getProxy(PeerProxyMap.java:107)
	at org.apache.ratis.grpc.client.GrpcClientRpc.sendRequest(GrpcClientRpc.java:91)
	at org.apache.ratis.client.impl.RaftClientImpl.sendRequest(RaftClientImpl.java:401)
	at org.apache.ratis.client.impl.RaftClientImpl.groupRemove(RaftClientImpl.java:280)
	at org.apache.hadoop.hdds.scm.pipeline.RatisPipelineUtils.destroyPipeline(RatisPipelineUtils.java:97)
	at org.apache.hadoop.hdds.scm.pipeline.RatisPipelineUtils.destroyPipeline(RatisPipelineUtils.java:64)
	at org.apache.hadoop.hdds.scm.pipeline.SCMPipelineManager.destroyPipeline(SCMPipelineManager.java:378)
	at org.apache.hadoop.hdds.scm.pipeline.SCMPipelineManager.finalizeAndDestroyPipeline(SCMPipelineManager.java:318)
	at org.apache.hadoop.ozone.container.ContainerTestHelper.waitForPipelineClose(ContainerTestHelper.java:799)
	at org.apache.hadoop.ozone.container.ContainerTestHelper.waitForPipelineClose(ContainerTestHelper.java:790)
	at org.apache.hadoop.ozone.container.ContainerTestHelper.waitForPipelineClose(ContainerTestHelper.java:754)
	at org.apache.hadoop.ozone.client.rpc.TestOzoneClientRetriesOnException.testGroupMismatchExceptionHandling(TestOzoneClientRetriesOnException.java:151)
	at sun.reflect.NativeMethodAccessorImpl.invoke0(Native Method)
	at sun.reflect.NativeMethodAccessorImpl.invoke(NativeMethodAccessorImpl.java:62)
	at sun.reflect.DelegatingMethodAccessorImpl.invoke(DelegatingMethodAccessorImpl.java:43)
	at java.lang.reflect.Method.invoke(Method.java:498)
	at org.junit.runners.model.FrameworkMethod$1.runReflectiveCall(FrameworkMethod.java:47)
	at org.junit.internal.runners.model.ReflectiveCallable.run(ReflectiveCallable.java:12)
	at org.junit.runners.model.FrameworkMethod.invokeExplosively(FrameworkMethod.java:44)
	at org.junit.internal.runners.statements.InvokeMethod.evaluate(InvokeMethod.java:17)
	at org.junit.internal.runners.statements.RunBefores.evaluate(RunBefores.java:26)
	at org.junit.internal.runners.statements.RunAfters.evaluate(RunAfters.java:27)
	at org.junit.runners.ParentRunner.runLeaf(ParentRunner.java:271)
	at org.junit.runners.BlockJUnit4ClassRunner.runChild(BlockJUnit4ClassRunner.java:70)
	at org.junit.runners.BlockJUnit4ClassRunner.runChild(BlockJUnit4ClassRunner.java:50)
	at org.junit.runners.ParentRunner$3.run(ParentRunner.java:238)
	at org.junit.runners.ParentRunner$1.schedule(ParentRunner.java:63)
	at org.junit.runners.ParentRunner.runChildren(ParentRunner.java:236)
	at org.junit.runners.ParentRunner.access$000(ParentRunner.java:53)
	at org.junit.runners.ParentRunner$2.evaluate(ParentRunner.java:229)
	at org.junit.runners.ParentRunner.run(ParentRunner.java:309)
	at org.apache.maven.surefire.junit4.JUnit4Provider.execute(JUnit4Provider.java:365)
	at org.apache.maven.surefire.junit4.JUnit4Provider.executeWithRerun(JUnit4Provider.java:273)
	at org.apache.maven.surefire.junit4.JUnit4Provider.executeTestSet(JUnit4Provider.java:238)
	at org.apache.maven.surefire.junit4.JUnit4Provider.invoke(JUnit4Provider.java:159)
	at org.apache.maven.surefire.booter.ForkedBooter.invokeProviderInSameClassLoader(ForkedBooter.java:384)
	at org.apache.maven.surefire.booter.ForkedBooter.runSuitesInProcess(ForkedBooter.java:345)
	at org.apache.maven.surefire.booter.ForkedBooter.execute(ForkedBooter.java:126)
	at org.apache.maven.surefire.booter.ForkedBooter.main(ForkedBooter.java:418)

]]></system-err>
  </testcase>
</testsuite>