<?xml version="1.0" encoding="UTF-8"?>
<testsuite xmlns:xsi="http://www.w3.org/2001/XMLSchema-instance" xsi:noNamespaceSchemaLocation="https://maven.apache.org/surefire/maven-surefire-plugin/xsd/surefire-test-report.xsd" name="org.apache.hadoop.ozone.client.rpc.TestWatchForCommit" time="170.651" tests="6" errors="0" skipped="0" failures="1">
  <properties>
    <property name="awt.toolkit" value="sun.awt.X11.XToolkit"/>
    <property name="file.encoding.pkg" value="sun.io"/>
    <property name="java.specification.version" value="1.8"/>
    <property name="sun.cpu.isalist" value=""/>
    <property name="sun.jnu.encoding" value="UTF-8"/>
    <property name="java.class.path" value="/opt/src/hadoop-ozone/integration-test/target/test-classes:/opt/src/hadoop-ozone/integration-test/target/classes:/root/.m2/repository/org/apache/hadoop/hadoop-ozone-common/0.5.0-SNAPSHOT/hadoop-ozone-common-0.5.0-SNAPSHOT.jar:/root/.m2/repository/org/apache/commons/commons-compress/1.4.1/commons-compress-1.4.1.jar:/root/.m2/repository/org/tukaani/xz/1.0/xz-1.0.jar:/root/.m2/repository/org/apache/hadoop/hadoop-common/3.2.0/hadoop-common-3.2.0.jar:/root/.m2/repository/org/apache/hadoop/hadoop-hdfs/3.2.0/hadoop-hdfs-3.2.0.jar:/root/.m2/repository/org/apache/hadoop/hadoop-hdfs-client/3.2.0/hadoop-hdfs-client-3.2.0.jar:/root/.m2/repository/com/fasterxml/jackson/core/jackson-annotations/2.9.5/jackson-annotations-2.9.5.jar:/root/.m2/repository/org/apache/hadoop/hadoop-hdds-common/0.5.0-SNAPSHOT/hadoop-hdds-common-0.5.0-SNAPSHOT.jar:/root/.m2/repository/javax/annotation/javax.annotation-api/1.2/javax.annotation-api-1.2.jar:/root/.m2/repository/org/apache/ratis/ratis-server/0.4.0-fe2b15d-SNAPSHOT/ratis-server-0.4.0-fe2b15d-SNAPSHOT.jar:/root/.m2/repository/org/apache/ratis/ratis-thirdparty-misc/0.2.0/ratis-thirdparty-misc-0.2.0.jar:/root/.m2/repository/org/apache/ratis/ratis-proto/0.4.0-fe2b15d-SNAPSHOT/ratis-proto-0.4.0-fe2b15d-SNAPSHOT.jar:/root/.m2/repository/org/apache/ratis/ratis-common/0.4.0-fe2b15d-SNAPSHOT/ratis-common-0.4.0-fe2b15d-SNAPSHOT.jar:/root/.m2/repository/org/apache/ratis/ratis-client/0.4.0-fe2b15d-SNAPSHOT/ratis-client-0.4.0-fe2b15d-SNAPSHOT.jar:/root/.m2/repository/org/apache/ratis/ratis-netty/0.4.0-fe2b15d-SNAPSHOT/ratis-netty-0.4.0-fe2b15d-SNAPSHOT.jar:/root/.m2/repository/org/apache/ratis/ratis-grpc/0.4.0-fe2b15d-SNAPSHOT/ratis-grpc-0.4.0-fe2b15d-SNAPSHOT.jar:/root/.m2/repository/org/rocksdb/rocksdbjni/5.14.2/rocksdbjni-5.14.2.jar:/root/.m2/repository/org/apache/logging/log4j/log4j-api/2.11.0/log4j-api-2.11.0.jar:/root/.m2/repository/org/apache/logging/log4j/log4j-core/2.11.0/log4j-core-2.11.0.jar:/root/.m2/repository/com/lmax/disruptor/3.4.2/disruptor-3.4.2.jar:/root/.m2/repository/org/apache/commons/commons-pool2/2.6.0/commons-pool2-2.6.0.jar:/root/.m2/repository/org/bouncycastle/bcpkix-jdk15on/1.60/bcpkix-jdk15on-1.60.jar:/root/.m2/repository/commons-validator/commons-validator/1.6/commons-validator-1.6.jar:/root/.m2/repository/commons-digester/commons-digester/1.8.1/commons-digester-1.8.1.jar:/root/.m2/repository/io/jaegertracing/jaeger-client/0.33.1/jaeger-client-0.33.1.jar:/root/.m2/repository/io/jaegertracing/jaeger-thrift/0.33.1/jaeger-thrift-0.33.1.jar:/root/.m2/repository/org/apache/thrift/libthrift/0.11.0/libthrift-0.11.0.jar:/root/.m2/repository/com/squareup/okhttp3/okhttp/3.9.0/okhttp-3.9.0.jar:/root/.m2/repository/com/squareup/okio/okio/1.13.0/okio-1.13.0.jar:/root/.m2/repository/io/jaegertracing/jaeger-core/0.33.1/jaeger-core-0.33.1.jar:/root/.m2/repository/io/jaegertracing/jaeger-tracerresolver/0.33.1/jaeger-tracerresolver-0.33.1.jar:/root/.m2/repository/io/opentracing/contrib/opentracing-tracerresolver/0.1.5/opentracing-tracerresolver-0.1.5.jar:/root/.m2/repository/io/opentracing/opentracing-util/0.31.0/opentracing-util-0.31.0.jar:/root/.m2/repository/io/opentracing/opentracing-api/0.31.0/opentracing-api-0.31.0.jar:/root/.m2/repository/io/opentracing/opentracing-noop/0.31.0/opentracing-noop-0.31.0.jar:/root/.m2/repository/org/apache/hadoop/hadoop-hdds-server-framework/0.5.0-SNAPSHOT/hadoop-hdds-server-framework-0.5.0-SNAPSHOT.jar:/root/.m2/repository/org/apache/hadoop/hadoop-hdds-server-scm/0.5.0-SNAPSHOT/hadoop-hdds-server-scm-0.5.0-SNAPSHOT.jar:/root/.m2/repository/org/apache/hadoop/hadoop-hdds-container-service/0.5.0-SNAPSHOT/hadoop-hdds-container-service-0.5.0-SNAPSHOT.jar:/root/.m2/repository/org/apache/hadoop/hadoop-hdds-client/0.5.0-SNAPSHOT/hadoop-hdds-client-0.5.0-SNAPSHOT.jar:/root/.m2/repository/org/apache/hadoop/hadoop-hdds-tools/0.5.0-SNAPSHOT/hadoop-hdds-tools-0.5.0-SNAPSHOT.jar:/root/.m2/repository/org/apache/hadoop/hadoop-ozone-ozone-manager/0.5.0-SNAPSHOT/hadoop-ozone-ozone-manager-0.5.0-SNAPSHOT.jar:/root/.m2/repository/org/apache/hadoop/hadoop-hdds-docs/0.5.0-SNAPSHOT/hadoop-hdds-docs-0.5.0-SNAPSHOT.jar:/root/.m2/repository/org/bouncycastle/bcprov-jdk15on/1.60/bcprov-jdk15on-1.60.jar:/root/.m2/repository/org/apache/hadoop/hadoop-minikdc/3.2.0/hadoop-minikdc-3.2.0.jar:/root/.m2/repository/commons-io/commons-io/2.5/commons-io-2.5.jar:/root/.m2/repository/org/apache/kerby/kerb-simplekdc/1.0.1/kerb-simplekdc-1.0.1.jar:/root/.m2/repository/org/apache/kerby/kerb-client/1.0.1/kerb-client-1.0.1.jar:/root/.m2/repository/org/apache/kerby/kerby-config/1.0.1/kerby-config-1.0.1.jar:/root/.m2/repository/org/apache/kerby/kerb-core/1.0.1/kerb-core-1.0.1.jar:/root/.m2/repository/org/apache/kerby/kerby-pkix/1.0.1/kerby-pkix-1.0.1.jar:/root/.m2/repository/org/apache/kerby/kerby-asn1/1.0.1/kerby-asn1-1.0.1.jar:/root/.m2/repository/org/apache/kerby/kerby-util/1.0.1/kerby-util-1.0.1.jar:/root/.m2/repository/org/apache/kerby/kerb-common/1.0.1/kerb-common-1.0.1.jar:/root/.m2/repository/org/apache/kerby/kerb-crypto/1.0.1/kerb-crypto-1.0.1.jar:/root/.m2/repository/org/apache/kerby/kerb-util/1.0.1/kerb-util-1.0.1.jar:/root/.m2/repository/org/apache/kerby/token-provider/1.0.1/token-provider-1.0.1.jar:/root/.m2/repository/org/apache/kerby/kerb-admin/1.0.1/kerb-admin-1.0.1.jar:/root/.m2/repository/org/apache/kerby/kerb-server/1.0.1/kerb-server-1.0.1.jar:/root/.m2/repository/org/apache/kerby/kerb-identity/1.0.1/kerb-identity-1.0.1.jar:/root/.m2/repository/org/apache/kerby/kerby-xdr/1.0.1/kerby-xdr-1.0.1.jar:/root/.m2/repository/org/slf4j/slf4j-log4j12/1.7.25/slf4j-log4j12-1.7.25.jar:/root/.m2/repository/org/apache/hadoop/hadoop-ozone-objectstore-service/0.5.0-SNAPSHOT/hadoop-ozone-objectstore-service-0.5.0-SNAPSHOT.jar:/root/.m2/repository/org/apache/hadoop/hadoop-ozone-s3gateway/0.5.0-SNAPSHOT/hadoop-ozone-s3gateway-0.5.0-SNAPSHOT.jar:/root/.m2/repository/org/jboss/weld/servlet/weld-servlet/2.4.7.Final/weld-servlet-2.4.7.Final.jar:/root/.m2/repository/org/glassfish/jersey/containers/jersey-container-servlet-core/2.27/jersey-container-servlet-core-2.27.jar:/root/.m2/repository/org/glassfish/hk2/external/javax.inject/2.5.0-b42/javax.inject-2.5.0-b42.jar:/root/.m2/repository/org/glassfish/jersey/core/jersey-common/2.27/jersey-common-2.27.jar:/root/.m2/repository/org/glassfish/hk2/osgi-resource-locator/1.0.1/osgi-resource-locator-1.0.1.jar:/root/.m2/repository/javax/ws/rs/javax.ws.rs-api/2.1/javax.ws.rs-api-2.1.jar:/root/.m2/repository/org/glassfish/jersey/ext/cdi/jersey-cdi1x/2.27/jersey-cdi1x-2.27.jar:/root/.m2/repository/org/glassfish/jersey/inject/jersey-hk2/2.27/jersey-hk2-2.27.jar:/root/.m2/repository/org/glassfish/hk2/hk2-locator/2.5.0-b42/hk2-locator-2.5.0-b42.jar:/root/.m2/repository/org/javassist/javassist/3.22.0-CR2/javassist-3.22.0-CR2.jar:/root/.m2/repository/org/glassfish/hk2/hk2-api/2.5.0/hk2-api-2.5.0.jar:/root/.m2/repository/org/glassfish/hk2/external/jakarta.inject/2.5.0/jakarta.inject-2.5.0.jar:/root/.m2/repository/org/glassfish/hk2/hk2-utils/2.5.0/hk2-utils-2.5.0.jar:/root/.m2/repository/jakarta/annotation/jakarta.annotation-api/1.3.4/jakarta.annotation-api-1.3.4.jar:/root/.m2/repository/org/glassfish/hk2/external/aopalliance-repackaged/2.5.0/aopalliance-repackaged-2.5.0.jar:/root/.m2/repository/com/fasterxml/jackson/dataformat/jackson-dataformat-xml/2.9.0/jackson-dataformat-xml-2.9.0.jar:/root/.m2/repository/com/fasterxml/jackson/core/jackson-core/2.9.5/jackson-core-2.9.5.jar:/root/.m2/repository/com/fasterxml/jackson/module/jackson-module-jaxb-annotations/2.9.5/jackson-module-jaxb-annotations-2.9.5.jar:/root/.m2/repository/javax/enterprise/cdi-api/1.2/cdi-api-1.2.jar:/root/.m2/repository/javax/el/javax.el-api/3.0.0/javax.el-api-3.0.0.jar:/root/.m2/repository/javax/interceptor/javax.interceptor-api/1.2/javax.interceptor-api-1.2.jar:/root/.m2/repository/javax/inject/javax.inject/1/javax.inject-1.jar:/root/.m2/repository/com/sun/xml/bind/jaxb-impl/2.3.0.1/jaxb-impl-2.3.0.1.jar:/root/.m2/repository/com/sun/xml/bind/jaxb-core/2.3.0.1/jaxb-core-2.3.0.1.jar:/root/.m2/repository/javax/xml/bind/jaxb-api/2.3.0/jaxb-api-2.3.0.jar:/root/.m2/repository/javax/activation/activation/1.1.1/activation-1.1.1.jar:/root/.m2/repository/org/apache/hadoop/hadoop-ozone-csi/0.5.0-SNAPSHOT/hadoop-ozone-csi-0.5.0-SNAPSHOT.jar:/root/.m2/repository/com/google/protobuf/protobuf-java-util/3.5.1/protobuf-java-util-3.5.1.jar:/root/.m2/repository/org/apache/hadoop/hadoop-hdds-config/0.5.0-SNAPSHOT/hadoop-hdds-config-0.5.0-SNAPSHOT.jar:/root/.m2/repository/com/google/guava/guava/11.0.2/guava-11.0.2.jar:/root/.m2/repository/com/google/protobuf/protobuf-java/2.5.0/protobuf-java-2.5.0.jar:/root/.m2/repository/io/grpc/grpc-netty/1.17.1/grpc-netty-1.17.1.jar:/root/.m2/repository/io/grpc/grpc-core/1.17.1/grpc-core-1.17.1.jar:/root/.m2/repository/io/grpc/grpc-context/1.17.1/grpc-context-1.17.1.jar:/root/.m2/repository/com/google/errorprone/error_prone_annotations/2.2.0/error_prone_annotations-2.2.0.jar:/root/.m2/repository/org/codehaus/mojo/animal-sniffer-annotations/1.17/animal-sniffer-annotations-1.17.jar:/root/.m2/repository/io/opencensus/opencensus-api/0.17.0/opencensus-api-0.17.0.jar:/root/.m2/repository/io/opencensus/opencensus-contrib-grpc-metrics/0.17.0/opencensus-contrib-grpc-metrics-0.17.0.jar:/root/.m2/repository/io/netty/netty-codec-http2/4.1.30.Final/netty-codec-http2-4.1.30.Final.jar:/root/.m2/repository/io/netty/netty-codec-http/4.1.30.Final/netty-codec-http-4.1.30.Final.jar:/root/.m2/repository/io/netty/netty-codec/4.1.30.Final/netty-codec-4.1.30.Final.jar:/root/.m2/repository/io/netty/netty-handler/4.1.30.Final/netty-handler-4.1.30.Final.jar:/root/.m2/repository/io/netty/netty-handler-proxy/4.1.30.Final/netty-handler-proxy-4.1.30.Final.jar:/root/.m2/repository/io/netty/netty-codec-socks/4.1.30.Final/netty-codec-socks-4.1.30.Final.jar:/root/.m2/repository/io/netty/netty-transport-native-epoll/4.1.30.Final/netty-transport-native-epoll-4.1.30.Final.jar:/root/.m2/repository/io/netty/netty-common/4.1.30.Final/netty-common-4.1.30.Final.jar:/root/.m2/repository/io/netty/netty-buffer/4.1.30.Final/netty-buffer-4.1.30.Final.jar:/root/.m2/repository/io/netty/netty-transport/4.1.30.Final/netty-transport-4.1.30.Final.jar:/root/.m2/repository/io/netty/netty-resolver/4.1.30.Final/netty-resolver-4.1.30.Final.jar:/root/.m2/repository/io/netty/netty-transport-native-unix-common/4.1.30.Final/netty-transport-native-unix-common-4.1.30.Final.jar:/root/.m2/repository/io/grpc/grpc-protobuf/1.17.1/grpc-protobuf-1.17.1.jar:/root/.m2/repository/com/google/api/grpc/proto-google-common-protos/1.0.0/proto-google-common-protos-1.0.0.jar:/root/.m2/repository/io/grpc/grpc-protobuf-lite/1.17.1/grpc-protobuf-lite-1.17.1.jar:/root/.m2/repository/io/grpc/grpc-stub/1.17.1/grpc-stub-1.17.1.jar:/root/.m2/repository/org/apache/hadoop/hadoop-ozone-recon/0.5.0-SNAPSHOT/hadoop-ozone-recon-0.5.0-SNAPSHOT.jar:/root/.m2/repository/org/apache/hadoop/hadoop-ozone-reconcodegen/0.5.0-SNAPSHOT/hadoop-ozone-reconcodegen-0.5.0-SNAPSHOT.jar:/root/.m2/repository/com/google/inject/extensions/guice-multibindings/4.0/guice-multibindings-4.0.jar:/root/.m2/repository/com/google/inject/guice/4.0/guice-4.0.jar:/root/.m2/repository/aopalliance/aopalliance/1.0/aopalliance-1.0.jar:/root/.m2/repository/com/google/inject/extensions/guice-servlet/4.0/guice-servlet-4.0.jar:/root/.m2/repository/org/glassfish/jersey/containers/jersey-container-servlet/2.27/jersey-container-servlet-2.27.jar:/root/.m2/repository/org/glassfish/hk2/guice-bridge/2.5.0/guice-bridge-2.5.0.jar:/root/.m2/repository/org/glassfish/jersey/core/jersey-server/2.27/jersey-server-2.27.jar:/root/.m2/repository/org/glassfish/jersey/core/jersey-client/2.27/jersey-client-2.27.jar:/root/.m2/repository/org/glassfish/jersey/media/jersey-media-jaxb/2.27/jersey-media-jaxb-2.27.jar:/root/.m2/repository/javax/validation/validation-api/1.1.0.Final/validation-api-1.1.0.Final.jar:/root/.m2/repository/org/glassfish/jersey/media/jersey-media-json-jackson/2.27/jersey-media-json-jackson-2.27.jar:/root/.m2/repository/org/glassfish/jersey/ext/jersey-entity-filtering/2.27/jersey-entity-filtering-2.27.jar:/root/.m2/repository/com/google/inject/extensions/guice-assistedinject/4.0/guice-assistedinject-4.0.jar:/root/.m2/repository/org/jooq/jooq/3.11.10/jooq-3.11.10.jar:/root/.m2/repository/org/jooq/jooq-meta/3.11.10/jooq-meta-3.11.10.jar:/root/.m2/repository/org/jooq/jooq-codegen/3.11.10/jooq-codegen-3.11.10.jar:/root/.m2/repository/com/jolbox/bonecp/0.8.0.RELEASE/bonecp-0.8.0.RELEASE.jar:/root/.m2/repository/org/xerial/sqlite-jdbc/3.25.2/sqlite-jdbc-3.25.2.jar:/root/.m2/repository/org/springframework/spring-jdbc/5.1.3.RELEASE/spring-jdbc-5.1.3.RELEASE.jar:/root/.m2/repository/org/springframework/spring-beans/5.1.3.RELEASE/spring-beans-5.1.3.RELEASE.jar:/root/.m2/repository/org/springframework/spring-core/5.1.3.RELEASE/spring-core-5.1.3.RELEASE.jar:/root/.m2/repository/org/springframework/spring-jcl/5.1.3.RELEASE/spring-jcl-5.1.3.RELEASE.jar:/root/.m2/repository/org/springframework/spring-tx/5.1.3.RELEASE/spring-tx-5.1.3.RELEASE.jar:/root/.m2/repository/org/apache/hadoop/hadoop-ozone-client/0.5.0-SNAPSHOT/hadoop-ozone-client-0.5.0-SNAPSHOT.jar:/root/.m2/repository/org/apache/hadoop/hadoop-ozone-ozone-manager/0.5.0-SNAPSHOT/hadoop-ozone-ozone-manager-0.5.0-SNAPSHOT-tests.jar:/root/.m2/repository/junit/junit/4.11/junit-4.11.jar:/root/.m2/repository/org/hamcrest/hamcrest-core/1.3/hamcrest-core-1.3.jar:/root/.m2/repository/org/openjdk/jmh/jmh-core/1.19/jmh-core-1.19.jar:/root/.m2/repository/net/sf/jopt-simple/jopt-simple/4.6/jopt-simple-4.6.jar:/root/.m2/repository/org/apache/commons/commons-math3/3.1.1/commons-math3-3.1.1.jar:/root/.m2/repository/org/openjdk/jmh/jmh-generator-annprocess/1.19/jmh-generator-annprocess-1.19.jar:/root/.m2/repository/org/mockito/mockito-all/1.8.5/mockito-all-1.8.5.jar:/root/.m2/repository/org/apache/hadoop/hadoop-kms/3.2.0/hadoop-kms-3.2.0.jar:/root/.m2/repository/org/apache/hadoop/hadoop-auth/3.2.0/hadoop-auth-3.2.0.jar:/root/.m2/repository/com/nimbusds/nimbus-jose-jwt/4.41.1/nimbus-jose-jwt-4.41.1.jar:/root/.m2/repository/com/github/stephenc/jcip/jcip-annotations/1.0-1/jcip-annotations-1.0-1.jar:/root/.m2/repository/net/minidev/json-smart/2.3/json-smart-2.3.jar:/root/.m2/repository/net/minidev/accessors-smart/1.2/accessors-smart-1.2.jar:/root/.m2/repository/org/ow2/asm/asm/5.0.4/asm-5.0.4.jar:/root/.m2/repository/org/apache/curator/curator-framework/2.12.0/curator-framework-2.12.0.jar:/root/.m2/repository/com/sun/jersey/jersey-core/1.19/jersey-core-1.19.jar:/root/.m2/repository/javax/ws/rs/jsr311-api/1.1.1/jsr311-api-1.1.1.jar:/root/.m2/repository/com/sun/jersey/jersey-server/1.19/jersey-server-1.19.jar:/root/.m2/repository/javax/servlet/javax.servlet-api/3.1.0/javax.servlet-api-3.1.0.jar:/root/.m2/repository/org/eclipse/jetty/jetty-server/9.3.24.v20180605/jetty-server-9.3.24.v20180605.jar:/root/.m2/repository/org/eclipse/jetty/jetty-http/9.3.24.v20180605/jetty-http-9.3.24.v20180605.jar:/root/.m2/repository/org/eclipse/jetty/jetty-io/9.3.24.v20180605/jetty-io-9.3.24.v20180605.jar:/root/.m2/repository/org/eclipse/jetty/jetty-webapp/9.3.24.v20180605/jetty-webapp-9.3.24.v20180605.jar:/root/.m2/repository/org/eclipse/jetty/jetty-xml/9.3.24.v20180605/jetty-xml-9.3.24.v20180605.jar:/root/.m2/repository/log4j/log4j/1.2.17/log4j-1.2.17.jar:/root/.m2/repository/org/slf4j/slf4j-api/1.7.25/slf4j-api-1.7.25.jar:/root/.m2/repository/org/slf4j/jul-to-slf4j/1.7.25/jul-to-slf4j-1.7.25.jar:/root/.m2/repository/org/eclipse/jetty/jetty-util/9.3.24.v20180605/jetty-util-9.3.24.v20180605.jar:/root/.m2/repository/io/dropwizard/metrics/metrics-core/3.2.4/metrics-core-3.2.4.jar:/root/.m2/repository/com/fasterxml/jackson/core/jackson-databind/2.9.5/jackson-databind-2.9.5.jar:/root/.m2/repository/org/apache/hadoop/hadoop-kms/3.2.0/hadoop-kms-3.2.0-tests.jar:/root/.m2/repository/org/apache/hadoop/hadoop-hdds-server-scm/0.5.0-SNAPSHOT/hadoop-hdds-server-scm-0.5.0-SNAPSHOT-tests.jar:/root/.m2/repository/org/hamcrest/hamcrest-all/1.3/hamcrest-all-1.3.jar:/root/.m2/repository/info/picocli/picocli/3.9.6/picocli-3.9.6.jar:/root/.m2/repository/org/apache/hadoop/hadoop-hdds-container-service/0.5.0-SNAPSHOT/hadoop-hdds-container-service-0.5.0-SNAPSHOT-tests.jar:/root/.m2/repository/org/yaml/snakeyaml/1.16/snakeyaml-1.16.jar:/root/.m2/repository/org/apache/hadoop/hadoop-common/3.2.0/hadoop-common-3.2.0-tests.jar:/root/.m2/repository/org/apache/hadoop/hadoop-annotations/3.2.0/hadoop-annotations-3.2.0.jar:/usr/lib/jvm/java-1.8-openjdk/jre/../lib/tools.jar:/root/.m2/repository/commons-cli/commons-cli/1.2/commons-cli-1.2.jar:/root/.m2/repository/org/apache/httpcomponents/httpclient/4.5.2/httpclient-4.5.2.jar:/root/.m2/repository/org/apache/httpcomponents/httpcore/4.4.4/httpcore-4.4.4.jar:/root/.m2/repository/commons-codec/commons-codec/1.11/commons-codec-1.11.jar:/root/.m2/repository/commons-net/commons-net/3.6/commons-net-3.6.jar:/root/.m2/repository/commons-collections/commons-collections/3.2.2/commons-collections-3.2.2.jar:/root/.m2/repository/org/eclipse/jetty/jetty-servlet/9.3.24.v20180605/jetty-servlet-9.3.24.v20180605.jar:/root/.m2/repository/org/eclipse/jetty/jetty-security/9.3.24.v20180605/jetty-security-9.3.24.v20180605.jar:/root/.m2/repository/javax/servlet/jsp/jsp-api/2.1/jsp-api-2.1.jar:/root/.m2/repository/com/sun/jersey/jersey-servlet/1.19/jersey-servlet-1.19.jar:/root/.m2/repository/com/sun/jersey/jersey-json/1.19/jersey-json-1.19.jar:/root/.m2/repository/org/codehaus/jettison/jettison/1.1/jettison-1.1.jar:/root/.m2/repository/org/codehaus/jackson/jackson-core-asl/1.9.13/jackson-core-asl-1.9.13.jar:/root/.m2/repository/org/codehaus/jackson/jackson-mapper-asl/1.9.13/jackson-mapper-asl-1.9.13.jar:/root/.m2/repository/org/codehaus/jackson/jackson-jaxrs/1.9.13/jackson-jaxrs-1.9.13.jar:/root/.m2/repository/org/codehaus/jackson/jackson-xc/1.9.13/jackson-xc-1.9.13.jar:/root/.m2/repository/commons-logging/commons-logging/1.1.3/commons-logging-1.1.3.jar:/root/.m2/repository/commons-beanutils/commons-beanutils/1.9.3/commons-beanutils-1.9.3.jar:/root/.m2/repository/org/apache/commons/commons-configuration2/2.1.1/commons-configuration2-2.1.1.jar:/root/.m2/repository/org/apache/commons/commons-lang3/3.7/commons-lang3-3.7.jar:/root/.m2/repository/org/apache/commons/commons-text/1.4/commons-text-1.4.jar:/root/.m2/repository/org/apache/avro/avro/1.7.7/avro-1.7.7.jar:/root/.m2/repository/com/thoughtworks/paranamer/paranamer/2.3/paranamer-2.3.jar:/root/.m2/repository/org/xerial/snappy/snappy-java/1.0.5/snappy-java-1.0.5.jar:/root/.m2/repository/com/google/re2j/re2j/1.1/re2j-1.1.jar:/root/.m2/repository/com/google/code/gson/gson/2.2.4/gson-2.2.4.jar:/root/.m2/repository/com/jcraft/jsch/0.1.54/jsch-0.1.54.jar:/root/.m2/repository/org/apache/curator/curator-client/2.12.0/curator-client-2.12.0.jar:/root/.m2/repository/org/apache/curator/curator-recipes/2.12.0/curator-recipes-2.12.0.jar:/root/.m2/repository/com/google/code/findbugs/jsr305/3.0.0/jsr305-3.0.0.jar:/root/.m2/repository/org/apache/htrace/htrace-core4/4.1.0-incubating/htrace-core4-4.1.0-incubating.jar:/root/.m2/repository/org/apache/zookeeper/zookeeper/3.4.13/zookeeper-3.4.13.jar:/root/.m2/repository/org/apache/yetus/audience-annotations/0.5.0/audience-annotations-0.5.0.jar:/root/.m2/repository/org/codehaus/woodstox/stax2-api/3.1.4/stax2-api-3.1.4.jar:/root/.m2/repository/com/fasterxml/woodstox/woodstox-core/5.0.3/woodstox-core-5.0.3.jar:/root/.m2/repository/dnsjava/dnsjava/2.1.7/dnsjava-2.1.7.jar:/root/.m2/repository/org/apache/hadoop/hadoop-hdfs/3.2.0/hadoop-hdfs-3.2.0-tests.jar:/root/.m2/repository/org/eclipse/jetty/jetty-util-ajax/9.3.24.v20180605/jetty-util-ajax-9.3.24.v20180605.jar:/root/.m2/repository/commons-daemon/commons-daemon/1.0.13/commons-daemon-1.0.13.jar:/root/.m2/repository/io/netty/netty/3.10.5.Final/netty-3.10.5.Final.jar:/root/.m2/repository/io/netty/netty-all/4.0.52.Final/netty-all-4.0.52.Final.jar:/root/.m2/repository/org/fusesource/leveldbjni/leveldbjni-all/1.8/leveldbjni-all-1.8.jar:"/>
    <property name="java.vm.vendor" value="IcedTea"/>
    <property name="sun.arch.data.model" value="64"/>
    <property name="test.build.dir" value="/opt/src/hadoop-ozone/integration-test/target/test-dir"/>
    <property name="test.cache.data" value=""/>
    <property name="java.vendor.url" value="https://icedtea.classpath.org"/>
    <property name="user.timezone" value=""/>
    <property name="java.vm.specification.version" value="1.8"/>
    <property name="os.name" value="Linux"/>
    <property name="test.build.data" value="/opt/src/hadoop-ozone/integration-test/target/test-dir"/>
    <property name="user.country" value="US"/>
    <property name="sun.java.launcher" value="SUN_STANDARD"/>
    <property name="sun.boot.library.path" value="/usr/lib/jvm/java-1.8-openjdk/jre/lib/amd64"/>
    <property name="sun.java.command" value="/opt/src/hadoop-ozone/integration-test/target/surefire/surefirebooter6997916093842573463.jar /opt/src/hadoop-ozone/integration-test/target/surefire 2019-06-12T21-19-48_213-jvmRun1 surefire7159787621597032503tmp surefire_217974388669026368111tmp"/>
    <property name="surefire.test.class.path" value="/opt/src/hadoop-ozone/integration-test/target/test-classes:/opt/src/hadoop-ozone/integration-test/target/classes:/root/.m2/repository/org/apache/hadoop/hadoop-ozone-common/0.5.0-SNAPSHOT/hadoop-ozone-common-0.5.0-SNAPSHOT.jar:/root/.m2/repository/org/apache/commons/commons-compress/1.4.1/commons-compress-1.4.1.jar:/root/.m2/repository/org/tukaani/xz/1.0/xz-1.0.jar:/root/.m2/repository/org/apache/hadoop/hadoop-common/3.2.0/hadoop-common-3.2.0.jar:/root/.m2/repository/org/apache/hadoop/hadoop-hdfs/3.2.0/hadoop-hdfs-3.2.0.jar:/root/.m2/repository/org/apache/hadoop/hadoop-hdfs-client/3.2.0/hadoop-hdfs-client-3.2.0.jar:/root/.m2/repository/com/fasterxml/jackson/core/jackson-annotations/2.9.5/jackson-annotations-2.9.5.jar:/root/.m2/repository/org/apache/hadoop/hadoop-hdds-common/0.5.0-SNAPSHOT/hadoop-hdds-common-0.5.0-SNAPSHOT.jar:/root/.m2/repository/javax/annotation/javax.annotation-api/1.2/javax.annotation-api-1.2.jar:/root/.m2/repository/org/apache/ratis/ratis-server/0.4.0-fe2b15d-SNAPSHOT/ratis-server-0.4.0-fe2b15d-SNAPSHOT.jar:/root/.m2/repository/org/apache/ratis/ratis-thirdparty-misc/0.2.0/ratis-thirdparty-misc-0.2.0.jar:/root/.m2/repository/org/apache/ratis/ratis-proto/0.4.0-fe2b15d-SNAPSHOT/ratis-proto-0.4.0-fe2b15d-SNAPSHOT.jar:/root/.m2/repository/org/apache/ratis/ratis-common/0.4.0-fe2b15d-SNAPSHOT/ratis-common-0.4.0-fe2b15d-SNAPSHOT.jar:/root/.m2/repository/org/apache/ratis/ratis-client/0.4.0-fe2b15d-SNAPSHOT/ratis-client-0.4.0-fe2b15d-SNAPSHOT.jar:/root/.m2/repository/org/apache/ratis/ratis-netty/0.4.0-fe2b15d-SNAPSHOT/ratis-netty-0.4.0-fe2b15d-SNAPSHOT.jar:/root/.m2/repository/org/apache/ratis/ratis-grpc/0.4.0-fe2b15d-SNAPSHOT/ratis-grpc-0.4.0-fe2b15d-SNAPSHOT.jar:/root/.m2/repository/org/rocksdb/rocksdbjni/5.14.2/rocksdbjni-5.14.2.jar:/root/.m2/repository/org/apache/logging/log4j/log4j-api/2.11.0/log4j-api-2.11.0.jar:/root/.m2/repository/org/apache/logging/log4j/log4j-core/2.11.0/log4j-core-2.11.0.jar:/root/.m2/repository/com/lmax/disruptor/3.4.2/disruptor-3.4.2.jar:/root/.m2/repository/org/apache/commons/commons-pool2/2.6.0/commons-pool2-2.6.0.jar:/root/.m2/repository/org/bouncycastle/bcpkix-jdk15on/1.60/bcpkix-jdk15on-1.60.jar:/root/.m2/repository/commons-validator/commons-validator/1.6/commons-validator-1.6.jar:/root/.m2/repository/commons-digester/commons-digester/1.8.1/commons-digester-1.8.1.jar:/root/.m2/repository/io/jaegertracing/jaeger-client/0.33.1/jaeger-client-0.33.1.jar:/root/.m2/repository/io/jaegertracing/jaeger-thrift/0.33.1/jaeger-thrift-0.33.1.jar:/root/.m2/repository/org/apache/thrift/libthrift/0.11.0/libthrift-0.11.0.jar:/root/.m2/repository/com/squareup/okhttp3/okhttp/3.9.0/okhttp-3.9.0.jar:/root/.m2/repository/com/squareup/okio/okio/1.13.0/okio-1.13.0.jar:/root/.m2/repository/io/jaegertracing/jaeger-core/0.33.1/jaeger-core-0.33.1.jar:/root/.m2/repository/io/jaegertracing/jaeger-tracerresolver/0.33.1/jaeger-tracerresolver-0.33.1.jar:/root/.m2/repository/io/opentracing/contrib/opentracing-tracerresolver/0.1.5/opentracing-tracerresolver-0.1.5.jar:/root/.m2/repository/io/opentracing/opentracing-util/0.31.0/opentracing-util-0.31.0.jar:/root/.m2/repository/io/opentracing/opentracing-api/0.31.0/opentracing-api-0.31.0.jar:/root/.m2/repository/io/opentracing/opentracing-noop/0.31.0/opentracing-noop-0.31.0.jar:/root/.m2/repository/org/apache/hadoop/hadoop-hdds-server-framework/0.5.0-SNAPSHOT/hadoop-hdds-server-framework-0.5.0-SNAPSHOT.jar:/root/.m2/repository/org/apache/hadoop/hadoop-hdds-server-scm/0.5.0-SNAPSHOT/hadoop-hdds-server-scm-0.5.0-SNAPSHOT.jar:/root/.m2/repository/org/apache/hadoop/hadoop-hdds-container-service/0.5.0-SNAPSHOT/hadoop-hdds-container-service-0.5.0-SNAPSHOT.jar:/root/.m2/repository/org/apache/hadoop/hadoop-hdds-client/0.5.0-SNAPSHOT/hadoop-hdds-client-0.5.0-SNAPSHOT.jar:/root/.m2/repository/org/apache/hadoop/hadoop-hdds-tools/0.5.0-SNAPSHOT/hadoop-hdds-tools-0.5.0-SNAPSHOT.jar:/root/.m2/repository/org/apache/hadoop/hadoop-ozone-ozone-manager/0.5.0-SNAPSHOT/hadoop-ozone-ozone-manager-0.5.0-SNAPSHOT.jar:/root/.m2/repository/org/apache/hadoop/hadoop-hdds-docs/0.5.0-SNAPSHOT/hadoop-hdds-docs-0.5.0-SNAPSHOT.jar:/root/.m2/repository/org/bouncycastle/bcprov-jdk15on/1.60/bcprov-jdk15on-1.60.jar:/root/.m2/repository/org/apache/hadoop/hadoop-minikdc/3.2.0/hadoop-minikdc-3.2.0.jar:/root/.m2/repository/commons-io/commons-io/2.5/commons-io-2.5.jar:/root/.m2/repository/org/apache/kerby/kerb-simplekdc/1.0.1/kerb-simplekdc-1.0.1.jar:/root/.m2/repository/org/apache/kerby/kerb-client/1.0.1/kerb-client-1.0.1.jar:/root/.m2/repository/org/apache/kerby/kerby-config/1.0.1/kerby-config-1.0.1.jar:/root/.m2/repository/org/apache/kerby/kerb-core/1.0.1/kerb-core-1.0.1.jar:/root/.m2/repository/org/apache/kerby/kerby-pkix/1.0.1/kerby-pkix-1.0.1.jar:/root/.m2/repository/org/apache/kerby/kerby-asn1/1.0.1/kerby-asn1-1.0.1.jar:/root/.m2/repository/org/apache/kerby/kerby-util/1.0.1/kerby-util-1.0.1.jar:/root/.m2/repository/org/apache/kerby/kerb-common/1.0.1/kerb-common-1.0.1.jar:/root/.m2/repository/org/apache/kerby/kerb-crypto/1.0.1/kerb-crypto-1.0.1.jar:/root/.m2/repository/org/apache/kerby/kerb-util/1.0.1/kerb-util-1.0.1.jar:/root/.m2/repository/org/apache/kerby/token-provider/1.0.1/token-provider-1.0.1.jar:/root/.m2/repository/org/apache/kerby/kerb-admin/1.0.1/kerb-admin-1.0.1.jar:/root/.m2/repository/org/apache/kerby/kerb-server/1.0.1/kerb-server-1.0.1.jar:/root/.m2/repository/org/apache/kerby/kerb-identity/1.0.1/kerb-identity-1.0.1.jar:/root/.m2/repository/org/apache/kerby/kerby-xdr/1.0.1/kerby-xdr-1.0.1.jar:/root/.m2/repository/org/slf4j/slf4j-log4j12/1.7.25/slf4j-log4j12-1.7.25.jar:/root/.m2/repository/org/apache/hadoop/hadoop-ozone-objectstore-service/0.5.0-SNAPSHOT/hadoop-ozone-objectstore-service-0.5.0-SNAPSHOT.jar:/root/.m2/repository/org/apache/hadoop/hadoop-ozone-s3gateway/0.5.0-SNAPSHOT/hadoop-ozone-s3gateway-0.5.0-SNAPSHOT.jar:/root/.m2/repository/org/jboss/weld/servlet/weld-servlet/2.4.7.Final/weld-servlet-2.4.7.Final.jar:/root/.m2/repository/org/glassfish/jersey/containers/jersey-container-servlet-core/2.27/jersey-container-servlet-core-2.27.jar:/root/.m2/repository/org/glassfish/hk2/external/javax.inject/2.5.0-b42/javax.inject-2.5.0-b42.jar:/root/.m2/repository/org/glassfish/jersey/core/jersey-common/2.27/jersey-common-2.27.jar:/root/.m2/repository/org/glassfish/hk2/osgi-resource-locator/1.0.1/osgi-resource-locator-1.0.1.jar:/root/.m2/repository/javax/ws/rs/javax.ws.rs-api/2.1/javax.ws.rs-api-2.1.jar:/root/.m2/repository/org/glassfish/jersey/ext/cdi/jersey-cdi1x/2.27/jersey-cdi1x-2.27.jar:/root/.m2/repository/org/glassfish/jersey/inject/jersey-hk2/2.27/jersey-hk2-2.27.jar:/root/.m2/repository/org/glassfish/hk2/hk2-locator/2.5.0-b42/hk2-locator-2.5.0-b42.jar:/root/.m2/repository/org/javassist/javassist/3.22.0-CR2/javassist-3.22.0-CR2.jar:/root/.m2/repository/org/glassfish/hk2/hk2-api/2.5.0/hk2-api-2.5.0.jar:/root/.m2/repository/org/glassfish/hk2/external/jakarta.inject/2.5.0/jakarta.inject-2.5.0.jar:/root/.m2/repository/org/glassfish/hk2/hk2-utils/2.5.0/hk2-utils-2.5.0.jar:/root/.m2/repository/jakarta/annotation/jakarta.annotation-api/1.3.4/jakarta.annotation-api-1.3.4.jar:/root/.m2/repository/org/glassfish/hk2/external/aopalliance-repackaged/2.5.0/aopalliance-repackaged-2.5.0.jar:/root/.m2/repository/com/fasterxml/jackson/dataformat/jackson-dataformat-xml/2.9.0/jackson-dataformat-xml-2.9.0.jar:/root/.m2/repository/com/fasterxml/jackson/core/jackson-core/2.9.5/jackson-core-2.9.5.jar:/root/.m2/repository/com/fasterxml/jackson/module/jackson-module-jaxb-annotations/2.9.5/jackson-module-jaxb-annotations-2.9.5.jar:/root/.m2/repository/javax/enterprise/cdi-api/1.2/cdi-api-1.2.jar:/root/.m2/repository/javax/el/javax.el-api/3.0.0/javax.el-api-3.0.0.jar:/root/.m2/repository/javax/interceptor/javax.interceptor-api/1.2/javax.interceptor-api-1.2.jar:/root/.m2/repository/javax/inject/javax.inject/1/javax.inject-1.jar:/root/.m2/repository/com/sun/xml/bind/jaxb-impl/2.3.0.1/jaxb-impl-2.3.0.1.jar:/root/.m2/repository/com/sun/xml/bind/jaxb-core/2.3.0.1/jaxb-core-2.3.0.1.jar:/root/.m2/repository/javax/xml/bind/jaxb-api/2.3.0/jaxb-api-2.3.0.jar:/root/.m2/repository/javax/activation/activation/1.1.1/activation-1.1.1.jar:/root/.m2/repository/org/apache/hadoop/hadoop-ozone-csi/0.5.0-SNAPSHOT/hadoop-ozone-csi-0.5.0-SNAPSHOT.jar:/root/.m2/repository/com/google/protobuf/protobuf-java-util/3.5.1/protobuf-java-util-3.5.1.jar:/root/.m2/repository/org/apache/hadoop/hadoop-hdds-config/0.5.0-SNAPSHOT/hadoop-hdds-config-0.5.0-SNAPSHOT.jar:/root/.m2/repository/com/google/guava/guava/11.0.2/guava-11.0.2.jar:/root/.m2/repository/com/google/protobuf/protobuf-java/2.5.0/protobuf-java-2.5.0.jar:/root/.m2/repository/io/grpc/grpc-netty/1.17.1/grpc-netty-1.17.1.jar:/root/.m2/repository/io/grpc/grpc-core/1.17.1/grpc-core-1.17.1.jar:/root/.m2/repository/io/grpc/grpc-context/1.17.1/grpc-context-1.17.1.jar:/root/.m2/repository/com/google/errorprone/error_prone_annotations/2.2.0/error_prone_annotations-2.2.0.jar:/root/.m2/repository/org/codehaus/mojo/animal-sniffer-annotations/1.17/animal-sniffer-annotations-1.17.jar:/root/.m2/repository/io/opencensus/opencensus-api/0.17.0/opencensus-api-0.17.0.jar:/root/.m2/repository/io/opencensus/opencensus-contrib-grpc-metrics/0.17.0/opencensus-contrib-grpc-metrics-0.17.0.jar:/root/.m2/repository/io/netty/netty-codec-http2/4.1.30.Final/netty-codec-http2-4.1.30.Final.jar:/root/.m2/repository/io/netty/netty-codec-http/4.1.30.Final/netty-codec-http-4.1.30.Final.jar:/root/.m2/repository/io/netty/netty-codec/4.1.30.Final/netty-codec-4.1.30.Final.jar:/root/.m2/repository/io/netty/netty-handler/4.1.30.Final/netty-handler-4.1.30.Final.jar:/root/.m2/repository/io/netty/netty-handler-proxy/4.1.30.Final/netty-handler-proxy-4.1.30.Final.jar:/root/.m2/repository/io/netty/netty-codec-socks/4.1.30.Final/netty-codec-socks-4.1.30.Final.jar:/root/.m2/repository/io/netty/netty-transport-native-epoll/4.1.30.Final/netty-transport-native-epoll-4.1.30.Final.jar:/root/.m2/repository/io/netty/netty-common/4.1.30.Final/netty-common-4.1.30.Final.jar:/root/.m2/repository/io/netty/netty-buffer/4.1.30.Final/netty-buffer-4.1.30.Final.jar:/root/.m2/repository/io/netty/netty-transport/4.1.30.Final/netty-transport-4.1.30.Final.jar:/root/.m2/repository/io/netty/netty-resolver/4.1.30.Final/netty-resolver-4.1.30.Final.jar:/root/.m2/repository/io/netty/netty-transport-native-unix-common/4.1.30.Final/netty-transport-native-unix-common-4.1.30.Final.jar:/root/.m2/repository/io/grpc/grpc-protobuf/1.17.1/grpc-protobuf-1.17.1.jar:/root/.m2/repository/com/google/api/grpc/proto-google-common-protos/1.0.0/proto-google-common-protos-1.0.0.jar:/root/.m2/repository/io/grpc/grpc-protobuf-lite/1.17.1/grpc-protobuf-lite-1.17.1.jar:/root/.m2/repository/io/grpc/grpc-stub/1.17.1/grpc-stub-1.17.1.jar:/root/.m2/repository/org/apache/hadoop/hadoop-ozone-recon/0.5.0-SNAPSHOT/hadoop-ozone-recon-0.5.0-SNAPSHOT.jar:/root/.m2/repository/org/apache/hadoop/hadoop-ozone-reconcodegen/0.5.0-SNAPSHOT/hadoop-ozone-reconcodegen-0.5.0-SNAPSHOT.jar:/root/.m2/repository/com/google/inject/extensions/guice-multibindings/4.0/guice-multibindings-4.0.jar:/root/.m2/repository/com/google/inject/guice/4.0/guice-4.0.jar:/root/.m2/repository/aopalliance/aopalliance/1.0/aopalliance-1.0.jar:/root/.m2/repository/com/google/inject/extensions/guice-servlet/4.0/guice-servlet-4.0.jar:/root/.m2/repository/org/glassfish/jersey/containers/jersey-container-servlet/2.27/jersey-container-servlet-2.27.jar:/root/.m2/repository/org/glassfish/hk2/guice-bridge/2.5.0/guice-bridge-2.5.0.jar:/root/.m2/repository/org/glassfish/jersey/core/jersey-server/2.27/jersey-server-2.27.jar:/root/.m2/repository/org/glassfish/jersey/core/jersey-client/2.27/jersey-client-2.27.jar:/root/.m2/repository/org/glassfish/jersey/media/jersey-media-jaxb/2.27/jersey-media-jaxb-2.27.jar:/root/.m2/repository/javax/validation/validation-api/1.1.0.Final/validation-api-1.1.0.Final.jar:/root/.m2/repository/org/glassfish/jersey/media/jersey-media-json-jackson/2.27/jersey-media-json-jackson-2.27.jar:/root/.m2/repository/org/glassfish/jersey/ext/jersey-entity-filtering/2.27/jersey-entity-filtering-2.27.jar:/root/.m2/repository/com/google/inject/extensions/guice-assistedinject/4.0/guice-assistedinject-4.0.jar:/root/.m2/repository/org/jooq/jooq/3.11.10/jooq-3.11.10.jar:/root/.m2/repository/org/jooq/jooq-meta/3.11.10/jooq-meta-3.11.10.jar:/root/.m2/repository/org/jooq/jooq-codegen/3.11.10/jooq-codegen-3.11.10.jar:/root/.m2/repository/com/jolbox/bonecp/0.8.0.RELEASE/bonecp-0.8.0.RELEASE.jar:/root/.m2/repository/org/xerial/sqlite-jdbc/3.25.2/sqlite-jdbc-3.25.2.jar:/root/.m2/repository/org/springframework/spring-jdbc/5.1.3.RELEASE/spring-jdbc-5.1.3.RELEASE.jar:/root/.m2/repository/org/springframework/spring-beans/5.1.3.RELEASE/spring-beans-5.1.3.RELEASE.jar:/root/.m2/repository/org/springframework/spring-core/5.1.3.RELEASE/spring-core-5.1.3.RELEASE.jar:/root/.m2/repository/org/springframework/spring-jcl/5.1.3.RELEASE/spring-jcl-5.1.3.RELEASE.jar:/root/.m2/repository/org/springframework/spring-tx/5.1.3.RELEASE/spring-tx-5.1.3.RELEASE.jar:/root/.m2/repository/org/apache/hadoop/hadoop-ozone-client/0.5.0-SNAPSHOT/hadoop-ozone-client-0.5.0-SNAPSHOT.jar:/root/.m2/repository/org/apache/hadoop/hadoop-ozone-ozone-manager/0.5.0-SNAPSHOT/hadoop-ozone-ozone-manager-0.5.0-SNAPSHOT-tests.jar:/root/.m2/repository/junit/junit/4.11/junit-4.11.jar:/root/.m2/repository/org/hamcrest/hamcrest-core/1.3/hamcrest-core-1.3.jar:/root/.m2/repository/org/openjdk/jmh/jmh-core/1.19/jmh-core-1.19.jar:/root/.m2/repository/net/sf/jopt-simple/jopt-simple/4.6/jopt-simple-4.6.jar:/root/.m2/repository/org/apache/commons/commons-math3/3.1.1/commons-math3-3.1.1.jar:/root/.m2/repository/org/openjdk/jmh/jmh-generator-annprocess/1.19/jmh-generator-annprocess-1.19.jar:/root/.m2/repository/org/mockito/mockito-all/1.8.5/mockito-all-1.8.5.jar:/root/.m2/repository/org/apache/hadoop/hadoop-kms/3.2.0/hadoop-kms-3.2.0.jar:/root/.m2/repository/org/apache/hadoop/hadoop-auth/3.2.0/hadoop-auth-3.2.0.jar:/root/.m2/repository/com/nimbusds/nimbus-jose-jwt/4.41.1/nimbus-jose-jwt-4.41.1.jar:/root/.m2/repository/com/github/stephenc/jcip/jcip-annotations/1.0-1/jcip-annotations-1.0-1.jar:/root/.m2/repository/net/minidev/json-smart/2.3/json-smart-2.3.jar:/root/.m2/repository/net/minidev/accessors-smart/1.2/accessors-smart-1.2.jar:/root/.m2/repository/org/ow2/asm/asm/5.0.4/asm-5.0.4.jar:/root/.m2/repository/org/apache/curator/curator-framework/2.12.0/curator-framework-2.12.0.jar:/root/.m2/repository/com/sun/jersey/jersey-core/1.19/jersey-core-1.19.jar:/root/.m2/repository/javax/ws/rs/jsr311-api/1.1.1/jsr311-api-1.1.1.jar:/root/.m2/repository/com/sun/jersey/jersey-server/1.19/jersey-server-1.19.jar:/root/.m2/repository/javax/servlet/javax.servlet-api/3.1.0/javax.servlet-api-3.1.0.jar:/root/.m2/repository/org/eclipse/jetty/jetty-server/9.3.24.v20180605/jetty-server-9.3.24.v20180605.jar:/root/.m2/repository/org/eclipse/jetty/jetty-http/9.3.24.v20180605/jetty-http-9.3.24.v20180605.jar:/root/.m2/repository/org/eclipse/jetty/jetty-io/9.3.24.v20180605/jetty-io-9.3.24.v20180605.jar:/root/.m2/repository/org/eclipse/jetty/jetty-webapp/9.3.24.v20180605/jetty-webapp-9.3.24.v20180605.jar:/root/.m2/repository/org/eclipse/jetty/jetty-xml/9.3.24.v20180605/jetty-xml-9.3.24.v20180605.jar:/root/.m2/repository/log4j/log4j/1.2.17/log4j-1.2.17.jar:/root/.m2/repository/org/slf4j/slf4j-api/1.7.25/slf4j-api-1.7.25.jar:/root/.m2/repository/org/slf4j/jul-to-slf4j/1.7.25/jul-to-slf4j-1.7.25.jar:/root/.m2/repository/org/eclipse/jetty/jetty-util/9.3.24.v20180605/jetty-util-9.3.24.v20180605.jar:/root/.m2/repository/io/dropwizard/metrics/metrics-core/3.2.4/metrics-core-3.2.4.jar:/root/.m2/repository/com/fasterxml/jackson/core/jackson-databind/2.9.5/jackson-databind-2.9.5.jar:/root/.m2/repository/org/apache/hadoop/hadoop-kms/3.2.0/hadoop-kms-3.2.0-tests.jar:/root/.m2/repository/org/apache/hadoop/hadoop-hdds-server-scm/0.5.0-SNAPSHOT/hadoop-hdds-server-scm-0.5.0-SNAPSHOT-tests.jar:/root/.m2/repository/org/hamcrest/hamcrest-all/1.3/hamcrest-all-1.3.jar:/root/.m2/repository/info/picocli/picocli/3.9.6/picocli-3.9.6.jar:/root/.m2/repository/org/apache/hadoop/hadoop-hdds-container-service/0.5.0-SNAPSHOT/hadoop-hdds-container-service-0.5.0-SNAPSHOT-tests.jar:/root/.m2/repository/org/yaml/snakeyaml/1.16/snakeyaml-1.16.jar:/root/.m2/repository/org/apache/hadoop/hadoop-common/3.2.0/hadoop-common-3.2.0-tests.jar:/root/.m2/repository/org/apache/hadoop/hadoop-annotations/3.2.0/hadoop-annotations-3.2.0.jar:/usr/lib/jvm/java-1.8-openjdk/jre/../lib/tools.jar:/root/.m2/repository/commons-cli/commons-cli/1.2/commons-cli-1.2.jar:/root/.m2/repository/org/apache/httpcomponents/httpclient/4.5.2/httpclient-4.5.2.jar:/root/.m2/repository/org/apache/httpcomponents/httpcore/4.4.4/httpcore-4.4.4.jar:/root/.m2/repository/commons-codec/commons-codec/1.11/commons-codec-1.11.jar:/root/.m2/repository/commons-net/commons-net/3.6/commons-net-3.6.jar:/root/.m2/repository/commons-collections/commons-collections/3.2.2/commons-collections-3.2.2.jar:/root/.m2/repository/org/eclipse/jetty/jetty-servlet/9.3.24.v20180605/jetty-servlet-9.3.24.v20180605.jar:/root/.m2/repository/org/eclipse/jetty/jetty-security/9.3.24.v20180605/jetty-security-9.3.24.v20180605.jar:/root/.m2/repository/javax/servlet/jsp/jsp-api/2.1/jsp-api-2.1.jar:/root/.m2/repository/com/sun/jersey/jersey-servlet/1.19/jersey-servlet-1.19.jar:/root/.m2/repository/com/sun/jersey/jersey-json/1.19/jersey-json-1.19.jar:/root/.m2/repository/org/codehaus/jettison/jettison/1.1/jettison-1.1.jar:/root/.m2/repository/org/codehaus/jackson/jackson-core-asl/1.9.13/jackson-core-asl-1.9.13.jar:/root/.m2/repository/org/codehaus/jackson/jackson-mapper-asl/1.9.13/jackson-mapper-asl-1.9.13.jar:/root/.m2/repository/org/codehaus/jackson/jackson-jaxrs/1.9.13/jackson-jaxrs-1.9.13.jar:/root/.m2/repository/org/codehaus/jackson/jackson-xc/1.9.13/jackson-xc-1.9.13.jar:/root/.m2/repository/commons-logging/commons-logging/1.1.3/commons-logging-1.1.3.jar:/root/.m2/repository/commons-beanutils/commons-beanutils/1.9.3/commons-beanutils-1.9.3.jar:/root/.m2/repository/org/apache/commons/commons-configuration2/2.1.1/commons-configuration2-2.1.1.jar:/root/.m2/repository/org/apache/commons/commons-lang3/3.7/commons-lang3-3.7.jar:/root/.m2/repository/org/apache/commons/commons-text/1.4/commons-text-1.4.jar:/root/.m2/repository/org/apache/avro/avro/1.7.7/avro-1.7.7.jar:/root/.m2/repository/com/thoughtworks/paranamer/paranamer/2.3/paranamer-2.3.jar:/root/.m2/repository/org/xerial/snappy/snappy-java/1.0.5/snappy-java-1.0.5.jar:/root/.m2/repository/com/google/re2j/re2j/1.1/re2j-1.1.jar:/root/.m2/repository/com/google/code/gson/gson/2.2.4/gson-2.2.4.jar:/root/.m2/repository/com/jcraft/jsch/0.1.54/jsch-0.1.54.jar:/root/.m2/repository/org/apache/curator/curator-client/2.12.0/curator-client-2.12.0.jar:/root/.m2/repository/org/apache/curator/curator-recipes/2.12.0/curator-recipes-2.12.0.jar:/root/.m2/repository/com/google/code/findbugs/jsr305/3.0.0/jsr305-3.0.0.jar:/root/.m2/repository/org/apache/htrace/htrace-core4/4.1.0-incubating/htrace-core4-4.1.0-incubating.jar:/root/.m2/repository/org/apache/zookeeper/zookeeper/3.4.13/zookeeper-3.4.13.jar:/root/.m2/repository/org/apache/yetus/audience-annotations/0.5.0/audience-annotations-0.5.0.jar:/root/.m2/repository/org/codehaus/woodstox/stax2-api/3.1.4/stax2-api-3.1.4.jar:/root/.m2/repository/com/fasterxml/woodstox/woodstox-core/5.0.3/woodstox-core-5.0.3.jar:/root/.m2/repository/dnsjava/dnsjava/2.1.7/dnsjava-2.1.7.jar:/root/.m2/repository/org/apache/hadoop/hadoop-hdfs/3.2.0/hadoop-hdfs-3.2.0-tests.jar:/root/.m2/repository/org/eclipse/jetty/jetty-util-ajax/9.3.24.v20180605/jetty-util-ajax-9.3.24.v20180605.jar:/root/.m2/repository/commons-daemon/commons-daemon/1.0.13/commons-daemon-1.0.13.jar:/root/.m2/repository/io/netty/netty/3.10.5.Final/netty-3.10.5.Final.jar:/root/.m2/repository/io/netty/netty-all/4.0.52.Final/netty-all-4.0.52.Final.jar:/root/.m2/repository/org/fusesource/leveldbjni/leveldbjni-all/1.8/leveldbjni-all-1.8.jar:"/>
    <property name="sun.cpu.endian" value="little"/>
    <property name="user.home" value="/root"/>
    <property name="user.language" value="en"/>
    <property name="java.specification.vendor" value="Oracle Corporation"/>
    <property name="java.home" value="/usr/lib/jvm/java-1.8-openjdk/jre"/>
    <property name="java.security.krb5.conf" value="/opt/src/hadoop-ozone/integration-test/target/test-classes/krb5.conf"/>
    <property name="basedir" value="/opt/src/hadoop-ozone/integration-test"/>
    <property name="file.separator" value="/"/>
    <property name="line.separator" value="&#10;"/>
    <property name="java.vm.specification.vendor" value="Oracle Corporation"/>
    <property name="java.specification.name" value="Java Platform API Specification"/>
    <property name="java.awt.graphicsenv" value="sun.awt.X11GraphicsEnvironment"/>
    <property name="surefire.real.class.path" value="/opt/src/hadoop-ozone/integration-test/target/surefire/surefirebooter6997916093842573463.jar"/>
    <property name="hadoop.log.dir" value="/opt/src/hadoop-ozone/integration-test/target/log"/>
    <property name="sun.boot.class.path" value="/usr/lib/jvm/java-1.8-openjdk/jre/lib/resources.jar:/usr/lib/jvm/java-1.8-openjdk/jre/lib/rt.jar:/usr/lib/jvm/java-1.8-openjdk/jre/lib/sunrsasign.jar:/usr/lib/jvm/java-1.8-openjdk/jre/lib/jsse.jar:/usr/lib/jvm/java-1.8-openjdk/jre/lib/jce.jar:/usr/lib/jvm/java-1.8-openjdk/jre/lib/charsets.jar:/usr/lib/jvm/java-1.8-openjdk/jre/lib/jfr.jar:/usr/lib/jvm/java-1.8-openjdk/jre/classes"/>
    <property name="sun.management.compiler" value="HotSpot 64-Bit Tiered Compilers"/>
    <property name="java.runtime.version" value="1.8.0_212-b04"/>
    <property name="java.net.preferIPv4Stack" value="true"/>
    <property name="user.name" value="root"/>
    <property name="path.separator" value=":"/>
    <property name="java.security.egd" value="file:///dev/urandom"/>
    <property name="os.version" value="4.15.0-1021-aws"/>
    <property name="java.endorsed.dirs" value="/usr/lib/jvm/java-1.8-openjdk/jre/lib/endorsed"/>
    <property name="java.runtime.name" value="OpenJDK Runtime Environment"/>
    <property name="file.encoding" value="UTF-8"/>
    <property name="java.vm.name" value="OpenJDK 64-Bit Server VM"/>
    <property name="test.build.webapps" value=""/>
    <property name="localRepository" value="/root/.m2/repository"/>
    <property name="java.vendor.url.bug" value="https://icedtea.classpath.org/bugzilla"/>
    <property name="java.io.tmpdir" value="/tmp"/>
    <property name="require.test.libhadoop" value=""/>
    <property name="java.version" value="1.8.0_212"/>
    <property name="user.dir" value="/opt/src/hadoop-ozone/integration-test"/>
    <property name="os.arch" value="amd64"/>
    <property name="java.vm.specification.name" value="Java Virtual Machine Specification"/>
    <property name="test.build.classes" value="/opt/src/hadoop-ozone/integration-test/target/test-classes"/>
    <property name="java.awt.printerjob" value="sun.print.PSPrinterJob"/>
    <property name="sun.os.patch.level" value="unknown"/>
    <property name="hadoop.tmp.dir" value="/opt/src/hadoop-ozone/integration-test/target/tmp"/>
    <property name="java.library.path" value="/usr/lib/jvm/java-1.8-openjdk/jre/lib/amd64/server:/usr/lib/jvm/java-1.8-openjdk/jre/lib/amd64:/usr/lib/jvm/java-1.8-openjdk/jre/../lib/amd64:/opt/src/hadoop-ozone/integration-test/target/native/target/usr/local/lib:/opt/src/hadoop-ozone/integration-test/../../hadoop-common-project/hadoop-common/target/native/target/usr/local/lib:/usr/java/packages/lib/amd64:/usr/lib64:/lib64:/lib:/usr/lib"/>
    <property name="java.vm.info" value="mixed mode"/>
    <property name="java.vendor" value="IcedTea"/>
    <property name="java.vm.version" value="25.212-b04"/>
    <property name="java.ext.dirs" value="/usr/lib/jvm/java-1.8-openjdk/jre/lib/ext:/usr/java/packages/lib/ext"/>
    <property name="sun.io.unicode.encoding" value="UnicodeLittle"/>
    <property name="java.class.version" value="52.0"/>
  </properties>
  <testcase name="testWatchForCommitWithKeyWrite" classname="org.apache.hadoop.ozone.client.rpc.TestWatchForCommit" time="31.3"/>
  <testcase name="testWatchForCommitWithSmallerTimeoutValue" classname="org.apache.hadoop.ozone.client.rpc.TestWatchForCommit" time="14.202"/>
  <testcase name="testWatchForCommitForRetryfailure" classname="org.apache.hadoop.ozone.client.rpc.TestWatchForCommit" time="49.237">
    <failure type="java.lang.AssertionError">java.lang.AssertionError
	at org.junit.Assert.fail(Assert.java:86)
	at org.junit.Assert.assertTrue(Assert.java:41)
	at org.junit.Assert.assertTrue(Assert.java:52)
	at org.apache.hadoop.ozone.client.rpc.TestWatchForCommit.testWatchForCommitForRetryfailure(TestWatchForCommit.java:350)
	at sun.reflect.NativeMethodAccessorImpl.invoke0(Native Method)
	at sun.reflect.NativeMethodAccessorImpl.invoke(NativeMethodAccessorImpl.java:62)
	at sun.reflect.DelegatingMethodAccessorImpl.invoke(DelegatingMethodAccessorImpl.java:43)
	at java.lang.reflect.Method.invoke(Method.java:498)
	at org.junit.runners.model.FrameworkMethod$1.runReflectiveCall(FrameworkMethod.java:47)
	at org.junit.internal.runners.model.ReflectiveCallable.run(ReflectiveCallable.java:12)
	at org.junit.runners.model.FrameworkMethod.invokeExplosively(FrameworkMethod.java:44)
	at org.junit.internal.runners.statements.InvokeMethod.evaluate(InvokeMethod.java:17)
	at org.junit.runners.ParentRunner.runLeaf(ParentRunner.java:271)
	at org.junit.runners.BlockJUnit4ClassRunner.runChild(BlockJUnit4ClassRunner.java:70)
	at org.junit.runners.BlockJUnit4ClassRunner.runChild(BlockJUnit4ClassRunner.java:50)
	at org.junit.runners.ParentRunner$3.run(ParentRunner.java:238)
	at org.junit.runners.ParentRunner$1.schedule(ParentRunner.java:63)
	at org.junit.runners.ParentRunner.runChildren(ParentRunner.java:236)
	at org.junit.runners.ParentRunner.access$000(ParentRunner.java:53)
	at org.junit.runners.ParentRunner$2.evaluate(ParentRunner.java:229)
	at org.junit.runners.ParentRunner.run(ParentRunner.java:309)
	at org.apache.maven.surefire.junit4.JUnit4Provider.execute(JUnit4Provider.java:365)
	at org.apache.maven.surefire.junit4.JUnit4Provider.executeWithRerun(JUnit4Provider.java:273)
	at org.apache.maven.surefire.junit4.JUnit4Provider.executeTestSet(JUnit4Provider.java:238)
	at org.apache.maven.surefire.junit4.JUnit4Provider.invoke(JUnit4Provider.java:159)
	at org.apache.maven.surefire.booter.ForkedBooter.invokeProviderInSameClassLoader(ForkedBooter.java:384)
	at org.apache.maven.surefire.booter.ForkedBooter.runSuitesInProcess(ForkedBooter.java:345)
	at org.apache.maven.surefire.booter.ForkedBooter.execute(ForkedBooter.java:126)
	at org.apache.maven.surefire.booter.ForkedBooter.main(ForkedBooter.java:418)
</failure>
    <system-out><![CDATA[2019-06-12 21:44:10,865 WARN  server.ServerUtils (ServerUtils.java:getScmDbDir(145)) - ozone.scm.db.dirs is not configured. We recommend adding this setting. Falling back to ozone.metadata.dirs instead.
2019-06-12 21:44:10,870 WARN  server.ServerUtils (ServerUtils.java:getScmDbDir(145)) - ozone.scm.db.dirs is not configured. We recommend adding this setting. Falling back to ozone.metadata.dirs instead.
2019-06-12 21:44:10,870 WARN  server.ServerUtils (ServerUtils.java:getScmDbDir(145)) - ozone.scm.db.dirs is not configured. We recommend adding this setting. Falling back to ozone.metadata.dirs instead.
2019-06-12 21:44:10,870 INFO  db.DBStoreBuilder (DBStoreBuilder.java:addTable(110)) - using custom profile for table: deletedBlocks
2019-06-12 21:44:10,870 INFO  db.DBStoreBuilder (DBStoreBuilder.java:processTables(161)) - Using default column profile:DBProfile.DISK for Table:deletedBlocks
2019-06-12 21:44:10,871 INFO  db.DBStoreBuilder (DBStoreBuilder.java:addTable(110)) - using custom profile for table: validCerts
2019-06-12 21:44:10,871 INFO  db.DBStoreBuilder (DBStoreBuilder.java:processTables(161)) - Using default column profile:DBProfile.DISK for Table:validCerts
2019-06-12 21:44:10,871 INFO  db.DBStoreBuilder (DBStoreBuilder.java:addTable(110)) - using custom profile for table: revokedCerts
2019-06-12 21:44:10,871 INFO  db.DBStoreBuilder (DBStoreBuilder.java:processTables(161)) - Using default column profile:DBProfile.DISK for Table:revokedCerts
2019-06-12 21:44:10,871 INFO  db.DBStoreBuilder (DBStoreBuilder.java:addTable(110)) - using custom profile for table: default
2019-06-12 21:44:10,871 INFO  db.DBStoreBuilder (DBStoreBuilder.java:processTables(167)) - Using default column profile:DBProfile.DISK for Table:default
2019-06-12 21:44:10,872 INFO  db.DBStoreBuilder (DBStoreBuilder.java:getDbProfile(198)) - Using default options. DBProfile.DISK
2019-06-12 21:44:10,917 WARN  server.ServerUtils (ServerUtils.java:sanitizeUserArgs(70)) - ozone.scm.stale.node.interval value = 300000 is larger than max = 100000 based on the key value of ozone.scm.heartbeat.thread.interval, reset to the max value 100000.
2019-06-12 21:44:10,917 WARN  server.ServerUtils (ServerUtils.java:sanitizeUserArgs(70)) - ozone.scm.stale.node.interval value = 300000 is larger than max = 100000 based on the key value of ozone.scm.heartbeat.thread.interval, reset to the max value 100000.
2019-06-12 21:44:10,928 INFO  node.SCMNodeManager (SCMNodeManager.java:<init>(108)) - Entering startup safe mode.
2019-06-12 21:44:10,930 INFO  net.NodeSchemaLoader (NodeSchemaLoader.java:loadSchemaFromFile(125)) - Loading file from sun.misc.CompoundEnumeration@4910afdf
2019-06-12 21:44:10,930 INFO  net.NodeSchemaLoader (NodeSchemaLoader.java:loadSchema(171)) - Loading network topology layer schema file
2019-06-12 21:44:10,934 WARN  server.ServerUtils (ServerUtils.java:getScmDbDir(145)) - ozone.scm.db.dirs is not configured. We recommend adding this setting. Falling back to ozone.metadata.dirs instead.
2019-06-12 21:44:10,956 INFO  pipeline.SCMPipelineManager (SCMPipelineManager.java:initializePipelineState(126)) - No pipeline exists in current db
2019-06-12 21:44:10,956 WARN  server.ServerUtils (ServerUtils.java:getScmDbDir(145)) - ozone.scm.db.dirs is not configured. We recommend adding this setting. Falling back to ozone.metadata.dirs instead.
2019-06-12 21:44:10,974 WARN  events.EventQueue (EventQueue.java:fireEvent(175)) - No event handler registered for event TypedEvent{payloadType=SafeModeStatus, name='SafeModeStatus'}
2019-06-12 21:44:10,975 INFO  ipc.CallQueueManager (CallQueueManager.java:<init>(84)) - Using callQueue: class java.util.concurrent.LinkedBlockingQueue, queueCapacity: 2000, scheduler: class org.apache.hadoop.ipc.DefaultRpcScheduler, ipcBackoff: false.
2019-06-12 21:44:10,978 INFO  ipc.Server (Server.java:run(1074)) - Starting Socket Reader #1 for port 43835
2019-06-12 21:44:10,984 INFO  ipc.CallQueueManager (CallQueueManager.java:<init>(84)) - Using callQueue: class java.util.concurrent.LinkedBlockingQueue, queueCapacity: 2000, scheduler: class org.apache.hadoop.ipc.DefaultRpcScheduler, ipcBackoff: false.
2019-06-12 21:44:10,987 INFO  ipc.Server (Server.java:run(1074)) - Starting Socket Reader #1 for port 39495
2019-06-12 21:44:10,988 INFO  ipc.CallQueueManager (CallQueueManager.java:<init>(84)) - Using callQueue: class java.util.concurrent.LinkedBlockingQueue, queueCapacity: 2000, scheduler: class org.apache.hadoop.ipc.DefaultRpcScheduler, ipcBackoff: false.
2019-06-12 21:44:10,989 INFO  ipc.Server (Server.java:run(1074)) - Starting Socket Reader #1 for port 42507
2019-06-12 21:44:11,001 INFO  hdfs.DFSUtil (DFSUtil.java:httpServerTemplateForNNAndJN(1641)) - Starting Web-server for scm at: http://0.0.0.0:0
2019-06-12 21:44:11,013 INFO  server.AuthenticationFilter (AuthenticationFilter.java:constructSecretProvider(240)) - Unable to initialize FileSignerSecretProvider, falling back to use random secrets.
2019-06-12 21:44:11,014 WARN  http.HttpRequestLog (HttpRequestLog.java:getRequestLog(97)) - Jetty request log can only be enabled using Log4j
2019-06-12 21:44:11,016 INFO  http.HttpServer2 (HttpServer2.java:addGlobalFilter(975)) - Added global filter 'safety' (class=org.apache.hadoop.http.HttpServer2$QuotingInputFilter)
2019-06-12 21:44:11,016 INFO  http.HttpServer2 (HttpServer2.java:addFilter(948)) - Added filter static_user_filter (class=org.apache.hadoop.http.lib.StaticUserWebFilter$StaticUserFilter) to context scm
2019-06-12 21:44:11,016 INFO  http.HttpServer2 (HttpServer2.java:addFilter(958)) - Added filter static_user_filter (class=org.apache.hadoop.http.lib.StaticUserWebFilter$StaticUserFilter) to context static
2019-06-12 21:44:11,016 INFO  http.HttpServer2 (HttpServer2.java:addFilter(958)) - Added filter static_user_filter (class=org.apache.hadoop.http.lib.StaticUserWebFilter$StaticUserFilter) to context logs
2019-06-12 21:44:11,029 INFO  server.StorageContainerManager (StorageContainerManager.java:start(752)) - StorageContainerLocationProtocol RPC server is listening at /0.0.0.0:42507
2019-06-12 21:44:11,029 INFO  impl.MetricsSystemImpl (MetricsSystemImpl.java:init(158)) - StorageContainerManager metrics system started (again)
2019-06-12 21:44:11,029 INFO  server.SCMClientProtocolServer (SCMClientProtocolServer.java:start(149)) - RPC server for Client  is listening at /0.0.0.0:42507
2019-06-12 21:44:11,030 INFO  ipc.Server (Server.java:run(1314)) - IPC Server Responder: starting
2019-06-12 21:44:11,030 INFO  ipc.Server (Server.java:run(1153)) - IPC Server listener on 42507: starting
2019-06-12 21:44:11,058 INFO  server.StorageContainerManager (StorageContainerManager.java:start(761)) - ScmBlockLocationProtocol RPC server is listening at /0.0.0.0:39495
2019-06-12 21:44:11,058 INFO  server.SCMBlockProtocolServer (SCMBlockProtocolServer.java:start(137)) - RPC server for Block Protocol is listening at /0.0.0.0:39495
2019-06-12 21:44:11,058 INFO  ipc.Server (Server.java:run(1314)) - IPC Server Responder: starting
2019-06-12 21:44:11,059 INFO  ipc.Server (Server.java:run(1153)) - IPC Server listener on 39495: starting
2019-06-12 21:44:11,070 INFO  server.StorageContainerManager (StorageContainerManager.java:start(765)) - ScmDatanodeProtocl RPC server is listening at /0.0.0.0:43835
2019-06-12 21:44:11,071 INFO  server.SCMDatanodeProtocolServer (SCMDatanodeProtocolServer.java:start(191)) - RPC server for DataNodes is listening at /0.0.0.0:43835
2019-06-12 21:44:11,071 INFO  ipc.Server (Server.java:run(1314)) - IPC Server Responder: starting
2019-06-12 21:44:11,071 INFO  ipc.Server (Server.java:run(1153)) - IPC Server listener on 43835: starting
2019-06-12 21:44:11,084 INFO  http.HttpServer2 (HttpServer2.java:bindListener(1191)) - Jetty bound to port 37913
2019-06-12 21:44:11,084 INFO  server.Server (Server.java:doStart(351)) - jetty-9.3.24.v20180605, build timestamp: 2018-06-05T17:11:56Z, git hash: 84205aa28f11a4f31f2a3b86d1bba2cc8ab69827
2019-06-12 21:44:11,090 INFO  handler.ContextHandler (ContextHandler.java:doStart(781)) - Started o.e.j.s.ServletContextHandler@505a8582{/logs,file:///opt/src/hadoop-ozone/integration-test/target/log,AVAILABLE}
2019-06-12 21:44:11,091 INFO  handler.ContextHandler (ContextHandler.java:doStart(781)) - Started o.e.j.s.ServletContextHandler@18887028{/static,file:///opt/src/hadoop-ozone/integration-test/target/test-classes/webapps/static,AVAILABLE}
2019-06-12 21:44:11,096 INFO  handler.ContextHandler (ContextHandler.java:doStart(781)) - Started o.e.j.w.WebAppContext@6968bb65{/,file:///opt/src/hadoop-ozone/integration-test/target/test-classes/webapps/scm/,AVAILABLE}{/scm}
2019-06-12 21:44:11,096 INFO  server.AbstractConnector (AbstractConnector.java:doStart(278)) - Started ServerConnector@66682e8f{HTTP/1.1,[http/1.1]}{0.0.0.0:37913}
2019-06-12 21:44:11,096 INFO  server.Server (Server.java:doStart(419)) - Started @46137ms
2019-06-12 21:44:11,098 INFO  server.BaseHttpServer (BaseHttpServer.java:updateConnectorAddress(207)) - HTTP server of SCM is listening at http://0.0.0.0:37913
2019-06-12 21:44:11,104 WARN  scm.ScmUtils (ScmUtils.java:getDBPath(63)) - ozone.om.db.dirs is not configured. We recommend adding this setting. Falling back to ozone.metadata.dirs instead.
2019-06-12 21:44:11,105 INFO  util.JvmPauseMonitor (JvmPauseMonitor.java:run(188)) - Starting JVM pause monitor
2019-06-12 21:44:11,107 WARN  scm.ScmUtils (ScmUtils.java:getDBPath(63)) - ozone.om.db.dirs is not configured. We recommend adding this setting. Falling back to ozone.metadata.dirs instead.
2019-06-12 21:44:11,108 INFO  om.OzoneManager (OzoneManager.java:setOMNodeDetails(519)) - OM Service ID is not set. Setting it to the default ID: omServiceIdDefault
2019-06-12 21:44:11,108 INFO  om.OzoneManager (OzoneManager.java:setOMNodeDetails(525)) - OM Node ID is not set. Setting it to the OmStorage's OmID: e22e5888-dd92-450f-abaf-829aa3574647
2019-06-12 21:44:11,108 WARN  scm.HddsServerUtil (HddsServerUtil.java:getDefaultRatisDirectory(354)) - Storage directory for Ratis is not configured. It is a good idea to map this to an SSD disk. Falling back to ozone.metadata.dirs
2019-06-12 21:44:11,108 WARN  scm.HddsServerUtil (HddsServerUtil.java:getDefaultRatisDirectory(354)) - Storage directory for Ratis is not configured. It is a good idea to map this to an SSD disk. Falling back to ozone.metadata.dirs
2019-06-12 21:44:11,109 INFO  om.OzoneManager (OzoneManager.java:loadOMHAConfigs(476)) - Found matching OM address with OMServiceId: null, OMNodeId: null, RPC Address: localhost:0 and Ratis port: 9872
2019-06-12 21:44:11,120 WARN  scm.ScmUtils (ScmUtils.java:getDBPath(63)) - ozone.om.db.dirs is not configured. We recommend adding this setting. Falling back to ozone.metadata.dirs instead.
2019-06-12 21:44:11,120 INFO  db.DBStoreBuilder (DBStoreBuilder.java:addTable(110)) - using custom profile for table: userTable
2019-06-12 21:44:11,121 INFO  db.DBStoreBuilder (DBStoreBuilder.java:processTables(161)) - Using default column profile:DBProfile.DISK for Table:userTable
2019-06-12 21:44:11,121 INFO  db.DBStoreBuilder (DBStoreBuilder.java:addTable(110)) - using custom profile for table: volumeTable
2019-06-12 21:44:11,121 INFO  db.DBStoreBuilder (DBStoreBuilder.java:processTables(161)) - Using default column profile:DBProfile.DISK for Table:volumeTable
2019-06-12 21:44:11,121 INFO  db.DBStoreBuilder (DBStoreBuilder.java:addTable(110)) - using custom profile for table: bucketTable
2019-06-12 21:44:11,121 INFO  db.DBStoreBuilder (DBStoreBuilder.java:processTables(161)) - Using default column profile:DBProfile.DISK for Table:bucketTable
2019-06-12 21:44:11,121 INFO  db.DBStoreBuilder (DBStoreBuilder.java:addTable(110)) - using custom profile for table: keyTable
2019-06-12 21:44:11,122 INFO  db.DBStoreBuilder (DBStoreBuilder.java:processTables(161)) - Using default column profile:DBProfile.DISK for Table:keyTable
2019-06-12 21:44:11,122 INFO  db.DBStoreBuilder (DBStoreBuilder.java:addTable(110)) - using custom profile for table: deletedTable
2019-06-12 21:44:11,122 INFO  db.DBStoreBuilder (DBStoreBuilder.java:processTables(161)) - Using default column profile:DBProfile.DISK for Table:deletedTable
2019-06-12 21:44:11,122 INFO  db.DBStoreBuilder (DBStoreBuilder.java:addTable(110)) - using custom profile for table: openKeyTable
2019-06-12 21:44:11,122 INFO  db.DBStoreBuilder (DBStoreBuilder.java:processTables(161)) - Using default column profile:DBProfile.DISK for Table:openKeyTable
2019-06-12 21:44:11,122 INFO  db.DBStoreBuilder (DBStoreBuilder.java:addTable(110)) - using custom profile for table: s3Table
2019-06-12 21:44:11,123 INFO  db.DBStoreBuilder (DBStoreBuilder.java:processTables(161)) - Using default column profile:DBProfile.DISK for Table:s3Table
2019-06-12 21:44:11,123 INFO  db.DBStoreBuilder (DBStoreBuilder.java:addTable(110)) - using custom profile for table: multipartInfoTable
2019-06-12 21:44:11,123 INFO  db.DBStoreBuilder (DBStoreBuilder.java:processTables(161)) - Using default column profile:DBProfile.DISK for Table:multipartInfoTable
2019-06-12 21:44:11,123 INFO  db.DBStoreBuilder (DBStoreBuilder.java:addTable(110)) - using custom profile for table: dTokenTable
2019-06-12 21:44:11,123 INFO  db.DBStoreBuilder (DBStoreBuilder.java:processTables(161)) - Using default column profile:DBProfile.DISK for Table:dTokenTable
2019-06-12 21:44:11,123 INFO  db.DBStoreBuilder (DBStoreBuilder.java:addTable(110)) - using custom profile for table: s3SecretTable
2019-06-12 21:44:11,124 INFO  db.DBStoreBuilder (DBStoreBuilder.java:processTables(161)) - Using default column profile:DBProfile.DISK for Table:s3SecretTable
2019-06-12 21:44:11,124 INFO  db.DBStoreBuilder (DBStoreBuilder.java:addTable(110)) - using custom profile for table: prefixTable
2019-06-12 21:44:11,124 INFO  db.DBStoreBuilder (DBStoreBuilder.java:processTables(161)) - Using default column profile:DBProfile.DISK for Table:prefixTable
2019-06-12 21:44:11,124 INFO  db.DBStoreBuilder (DBStoreBuilder.java:addTable(110)) - using custom profile for table: default
2019-06-12 21:44:11,124 INFO  db.DBStoreBuilder (DBStoreBuilder.java:processTables(167)) - Using default column profile:DBProfile.DISK for Table:default
2019-06-12 21:44:11,124 INFO  db.DBStoreBuilder (DBStoreBuilder.java:getDbProfile(198)) - Using default options. DBProfile.DISK
2019-06-12 21:44:11,284 INFO  ipc.CallQueueManager (CallQueueManager.java:<init>(84)) - Using callQueue: class java.util.concurrent.LinkedBlockingQueue, queueCapacity: 2000, scheduler: class org.apache.hadoop.ipc.DefaultRpcScheduler, ipcBackoff: false.
2019-06-12 21:44:11,285 INFO  ipc.Server (Server.java:run(1074)) - Starting Socket Reader #1 for port 33495
2019-06-12 21:44:11,306 WARN  scm.ScmUtils (ScmUtils.java:getDBPath(63)) - ozone.om.db.dirs is not configured. We recommend adding this setting. Falling back to ozone.metadata.dirs instead.
2019-06-12 21:44:11,306 INFO  om.OzoneManager (OzoneManager.java:start(1217)) - OzoneManager RPC server is listening at localhost/127.0.0.1:33495
2019-06-12 21:44:11,306 INFO  impl.MetricsSystemImpl (MetricsSystemImpl.java:init(158)) - OzoneManager metrics system started (again)
2019-06-12 21:44:11,310 INFO  ipc.Server (Server.java:run(1314)) - IPC Server Responder: starting
2019-06-12 21:44:11,318 INFO  ipc.Server (Server.java:run(1153)) - IPC Server listener on 33495: starting
2019-06-12 21:44:11,325 INFO  hdfs.DFSUtil (DFSUtil.java:httpServerTemplateForNNAndJN(1641)) - Starting Web-server for ozoneManager at: http://0.0.0.0:0
2019-06-12 21:44:11,326 INFO  server.AuthenticationFilter (AuthenticationFilter.java:constructSecretProvider(240)) - Unable to initialize FileSignerSecretProvider, falling back to use random secrets.
2019-06-12 21:44:11,327 WARN  http.HttpRequestLog (HttpRequestLog.java:getRequestLog(97)) - Jetty request log can only be enabled using Log4j
2019-06-12 21:44:11,328 INFO  http.HttpServer2 (HttpServer2.java:addGlobalFilter(975)) - Added global filter 'safety' (class=org.apache.hadoop.http.HttpServer2$QuotingInputFilter)
2019-06-12 21:44:11,329 INFO  http.HttpServer2 (HttpServer2.java:addFilter(948)) - Added filter static_user_filter (class=org.apache.hadoop.http.lib.StaticUserWebFilter$StaticUserFilter) to context ozoneManager
2019-06-12 21:44:11,329 INFO  http.HttpServer2 (HttpServer2.java:addFilter(958)) - Added filter static_user_filter (class=org.apache.hadoop.http.lib.StaticUserWebFilter$StaticUserFilter) to context static
2019-06-12 21:44:11,329 INFO  http.HttpServer2 (HttpServer2.java:addFilter(958)) - Added filter static_user_filter (class=org.apache.hadoop.http.lib.StaticUserWebFilter$StaticUserFilter) to context logs
2019-06-12 21:44:11,330 INFO  http.HttpServer2 (HttpServer2.java:bindListener(1191)) - Jetty bound to port 43725
2019-06-12 21:44:11,330 INFO  server.Server (Server.java:doStart(351)) - jetty-9.3.24.v20180605, build timestamp: 2018-06-05T17:11:56Z, git hash: 84205aa28f11a4f31f2a3b86d1bba2cc8ab69827
2019-06-12 21:44:11,332 INFO  handler.ContextHandler (ContextHandler.java:doStart(781)) - Started o.e.j.s.ServletContextHandler@718ad3a6{/logs,file:///opt/src/hadoop-ozone/integration-test/target/log,AVAILABLE}
2019-06-12 21:44:11,333 INFO  handler.ContextHandler (ContextHandler.java:doStart(781)) - Started o.e.j.s.ServletContextHandler@50d666a2{/static,file:///opt/src/hadoop-ozone/integration-test/target/test-classes/webapps/static,AVAILABLE}
2019-06-12 21:44:11,336 INFO  handler.ContextHandler (ContextHandler.java:doStart(781)) - Started o.e.j.w.WebAppContext@6528d339{/,file:///opt/src/hadoop-ozone/integration-test/target/test-classes/webapps/ozoneManager/,AVAILABLE}{/ozoneManager}
2019-06-12 21:44:11,336 INFO  server.AbstractConnector (AbstractConnector.java:doStart(278)) - Started ServerConnector@2dd2ff87{HTTP/1.1,[http/1.1]}{0.0.0.0:43725}
2019-06-12 21:44:11,337 INFO  server.Server (Server.java:doStart(419)) - Started @46378ms
2019-06-12 21:44:11,338 INFO  server.BaseHttpServer (BaseHttpServer.java:updateConnectorAddress(207)) - HTTP server of OZONEMANAGER is listening at http://0.0.0.0:43725
2019-06-12 21:44:11,350 INFO  impl.MetricsSystemImpl (MetricsSystemImpl.java:init(158)) - HddsDatanode metrics system started (again)
2019-06-12 21:44:11,351 INFO  ozone.HddsDatanodeService (HddsDatanodeService.java:start(185)) - HddsDatanodeService host:ozone-zc7hm-585872790 ip:192.168.19.17
2019-06-12 21:44:11,369 INFO  volume.HddsVolume (HddsVolume.java:<init>(176)) - Creating Volume: /opt/src/hadoop-ozone/integration-test/target/test-dir/MiniOzoneClusterImpl-080f3432-8231-466c-b232-eabbd037a79f/datanode-0/data/containers/hdds of  storage type : DISK and capacity : 104021790720
2019-06-12 21:44:11,370 INFO  volume.VolumeSet (VolumeSet.java:initializeVolumeSet(170)) - Added Volume : /opt/src/hadoop-ozone/integration-test/target/test-dir/MiniOzoneClusterImpl-080f3432-8231-466c-b232-eabbd037a79f/datanode-0/data/containers/hdds to VolumeSet
2019-06-12 21:44:11,370 INFO  volume.ThrottledAsyncChecker (ThrottledAsyncChecker.java:schedule(140)) - Scheduling a check for org.apache.hadoop.ozone.container.common.volume.HddsVolume@3c98981e
2019-06-12 21:44:11,370 INFO  volume.HddsVolumeChecker (HddsVolumeChecker.java:checkAllVolumes(203)) - Scheduled health check for volume org.apache.hadoop.ozone.container.common.volume.HddsVolume@3c98981e
2019-06-12 21:44:11,389 INFO  ratis.XceiverServerRatis (XceiverServerRatis.java:newXceiverServerRatis(401)) - Found a free port for the server : 43005
2019-06-12 21:44:11,391 INFO  impl.RaftServerProxy (ConfUtils.java:logGet(43)) - raft.rpc.type = GRPC (default)
2019-06-12 21:44:11,391 INFO  grpc.GrpcConfigKeys$Server (ConfUtils.java:logGet(43)) - raft.grpc.server.port = 43005 (custom)
2019-06-12 21:44:11,392 INFO  server.GrpcService (ConfUtils.java:logGet(43)) - raft.grpc.message.size.max = 33570816 (custom)
2019-06-12 21:44:11,392 INFO  server.RaftServerConfigKeys (ConfUtils.java:logGet(43)) - raft.server.log.appender.buffer.byte-limit = 33554432 (custom)
2019-06-12 21:44:11,392 INFO  server.GrpcService (ConfUtils.java:logGet(43)) - raft.grpc.flow.control.window = 1MB (=1048576) (default)
2019-06-12 21:44:11,392 INFO  server.RaftServerConfigKeys (ConfUtils.java:logGet(43)) - raft.server.rpc.request.timeout = 3000ms (default)
2019-06-12 21:44:11,393 INFO  server.RaftServerConfigKeys (ConfUtils.java:logGet(43)) - raft.server.storage.dir = [/opt/src/hadoop-ozone/integration-test/target/test-dir/MiniOzoneClusterImpl-080f3432-8231-466c-b232-eabbd037a79f/datanode-0/data/ratis] (custom)
2019-06-12 21:44:11,393 INFO  server.XceiverServerGrpc (XceiverServerGrpc.java:<init>(97)) - Found a free port for the server : 34449
2019-06-12 21:44:11,394 INFO  replication.SimpleContainerDownloader (SimpleContainerDownloader.java:<init>(72)) - Starting container downloader service to copy containers to replicate.
2019-06-12 21:44:11,395 INFO  hdfs.DFSUtil (DFSUtil.java:httpServerTemplateForNNAndJN(1641)) - Starting Web-server for hddsDatanode at: http://0.0.0.0:0
2019-06-12 21:44:11,396 INFO  server.AuthenticationFilter (AuthenticationFilter.java:constructSecretProvider(240)) - Unable to initialize FileSignerSecretProvider, falling back to use random secrets.
2019-06-12 21:44:11,396 WARN  http.HttpRequestLog (HttpRequestLog.java:getRequestLog(97)) - Jetty request log can only be enabled using Log4j
2019-06-12 21:44:11,398 INFO  http.HttpServer2 (HttpServer2.java:addGlobalFilter(975)) - Added global filter 'safety' (class=org.apache.hadoop.http.HttpServer2$QuotingInputFilter)
2019-06-12 21:44:11,398 INFO  http.HttpServer2 (HttpServer2.java:addFilter(948)) - Added filter static_user_filter (class=org.apache.hadoop.http.lib.StaticUserWebFilter$StaticUserFilter) to context hddsDatanode
2019-06-12 21:44:11,398 INFO  http.HttpServer2 (HttpServer2.java:addFilter(958)) - Added filter static_user_filter (class=org.apache.hadoop.http.lib.StaticUserWebFilter$StaticUserFilter) to context logs
2019-06-12 21:44:11,399 INFO  http.HttpServer2 (HttpServer2.java:addFilter(958)) - Added filter static_user_filter (class=org.apache.hadoop.http.lib.StaticUserWebFilter$StaticUserFilter) to context static
2019-06-12 21:44:11,399 INFO  http.HttpServer2 (HttpServer2.java:bindListener(1191)) - Jetty bound to port 39015
2019-06-12 21:44:11,399 INFO  server.Server (Server.java:doStart(351)) - jetty-9.3.24.v20180605, build timestamp: 2018-06-05T17:11:56Z, git hash: 84205aa28f11a4f31f2a3b86d1bba2cc8ab69827
2019-06-12 21:44:11,414 INFO  handler.ContextHandler (ContextHandler.java:doStart(781)) - Started o.e.j.s.ServletContextHandler@24954e82{/logs,file:///opt/src/hadoop-ozone/integration-test/target/log,AVAILABLE}
2019-06-12 21:44:11,417 INFO  handler.ContextHandler (ContextHandler.java:doStart(781)) - Started o.e.j.s.ServletContextHandler@4a29fe2e{/static,jar:file:/root/.m2/repository/org/apache/hadoop/hadoop-hdds-container-service/0.5.0-SNAPSHOT/hadoop-hdds-container-service-0.5.0-SNAPSHOT.jar!/webapps/static,AVAILABLE}
2019-06-12 21:44:11,438 INFO  handler.ContextHandler (ContextHandler.java:doStart(781)) - Started o.e.j.w.WebAppContext@70bc3a9c{/,file:///tmp/jetty-0.0.0.0-39015-hddsDatanode-_-any-1902307059040797288.dir/webapp/,AVAILABLE}{/hddsDatanode}
2019-06-12 21:44:11,440 INFO  server.AbstractConnector (AbstractConnector.java:doStart(278)) - Started ServerConnector@771cbd13{HTTP/1.1,[http/1.1]}{0.0.0.0:39015}
2019-06-12 21:44:11,440 INFO  server.Server (Server.java:doStart(419)) - Started @46480ms
2019-06-12 21:44:11,441 INFO  server.BaseHttpServer (BaseHttpServer.java:updateConnectorAddress(207)) - HTTP server of HDDSDATANODE is listening at http://0.0.0.0:39015
2019-06-12 21:44:11,617 INFO  ozone.HddsDatanodeService (HddsDatanodeService.java:startPlugins(396)) - Started plug-in org.apache.hadoop.ozone.web.OzoneHddsDatanodeService@25e796fe
2019-06-12 21:44:11,621 INFO  impl.MetricsSystemImpl (MetricsSystemImpl.java:init(158)) - HddsDatanode metrics system started (again)
2019-06-12 21:44:11,625 INFO  ozone.HddsDatanodeService (HddsDatanodeService.java:start(185)) - HddsDatanodeService host:ozone-zc7hm-585872790 ip:192.168.19.17
2019-06-12 21:44:11,637 INFO  util.JvmPauseMonitor (JvmPauseMonitor.java:run(188)) - Starting JVM pause monitor
2019-06-12 21:44:11,638 INFO  datanode.InitDatanodeState (InitDatanodeState.java:persistContainerDatanodeDetails(140)) - DatanodeDetails is persisted to /opt/src/hadoop-ozone/integration-test/target/test-dir/MiniOzoneClusterImpl-080f3432-8231-466c-b232-eabbd037a79f/datanode-0/meta/datanode.id
2019-06-12 21:44:11,639 INFO  volume.HddsVolume (HddsVolume.java:<init>(176)) - Creating Volume: /opt/src/hadoop-ozone/integration-test/target/test-dir/MiniOzoneClusterImpl-080f3432-8231-466c-b232-eabbd037a79f/datanode-1/data/containers/hdds of  storage type : DISK and capacity : 104021790720
2019-06-12 21:44:11,639 INFO  volume.VolumeSet (VolumeSet.java:initializeVolumeSet(170)) - Added Volume : /opt/src/hadoop-ozone/integration-test/target/test-dir/MiniOzoneClusterImpl-080f3432-8231-466c-b232-eabbd037a79f/datanode-1/data/containers/hdds to VolumeSet
2019-06-12 21:44:11,640 INFO  volume.ThrottledAsyncChecker (ThrottledAsyncChecker.java:schedule(140)) - Scheduling a check for org.apache.hadoop.ozone.container.common.volume.HddsVolume@3d2b13b1
2019-06-12 21:44:11,641 INFO  volume.HddsVolumeChecker (HddsVolumeChecker.java:checkAllVolumes(203)) - Scheduled health check for volume org.apache.hadoop.ozone.container.common.volume.HddsVolume@3d2b13b1
2019-06-12 21:44:11,658 INFO  ratis.XceiverServerRatis (XceiverServerRatis.java:newXceiverServerRatis(401)) - Found a free port for the server : 35697
2019-06-12 21:44:11,659 INFO  impl.RaftServerProxy (ConfUtils.java:logGet(43)) - raft.rpc.type = GRPC (default)
2019-06-12 21:44:11,659 INFO  grpc.GrpcConfigKeys$Server (ConfUtils.java:logGet(43)) - raft.grpc.server.port = 35697 (custom)
2019-06-12 21:44:11,660 INFO  server.GrpcService (ConfUtils.java:logGet(43)) - raft.grpc.message.size.max = 33570816 (custom)
2019-06-12 21:44:11,660 INFO  server.RaftServerConfigKeys (ConfUtils.java:logGet(43)) - raft.server.log.appender.buffer.byte-limit = 33554432 (custom)
2019-06-12 21:44:11,660 INFO  server.GrpcService (ConfUtils.java:logGet(43)) - raft.grpc.flow.control.window = 1MB (=1048576) (default)
2019-06-12 21:44:11,660 INFO  server.RaftServerConfigKeys (ConfUtils.java:logGet(43)) - raft.server.rpc.request.timeout = 3000ms (default)
2019-06-12 21:44:11,661 INFO  server.RaftServerConfigKeys (ConfUtils.java:logGet(43)) - raft.server.storage.dir = [/opt/src/hadoop-ozone/integration-test/target/test-dir/MiniOzoneClusterImpl-080f3432-8231-466c-b232-eabbd037a79f/datanode-1/data/ratis] (custom)
2019-06-12 21:44:11,662 INFO  server.XceiverServerGrpc (XceiverServerGrpc.java:<init>(97)) - Found a free port for the server : 37353
2019-06-12 21:44:11,662 INFO  replication.SimpleContainerDownloader (SimpleContainerDownloader.java:<init>(72)) - Starting container downloader service to copy containers to replicate.
2019-06-12 21:44:11,664 INFO  hdfs.DFSUtil (DFSUtil.java:httpServerTemplateForNNAndJN(1641)) - Starting Web-server for hddsDatanode at: http://0.0.0.0:0
2019-06-12 21:44:11,668 INFO  server.AuthenticationFilter (AuthenticationFilter.java:constructSecretProvider(240)) - Unable to initialize FileSignerSecretProvider, falling back to use random secrets.
2019-06-12 21:44:11,673 WARN  http.HttpRequestLog (HttpRequestLog.java:getRequestLog(97)) - Jetty request log can only be enabled using Log4j
2019-06-12 21:44:11,675 INFO  http.HttpServer2 (HttpServer2.java:addGlobalFilter(975)) - Added global filter 'safety' (class=org.apache.hadoop.http.HttpServer2$QuotingInputFilter)
2019-06-12 21:44:11,675 INFO  http.HttpServer2 (HttpServer2.java:addFilter(948)) - Added filter static_user_filter (class=org.apache.hadoop.http.lib.StaticUserWebFilter$StaticUserFilter) to context hddsDatanode
2019-06-12 21:44:11,675 INFO  http.HttpServer2 (HttpServer2.java:addFilter(958)) - Added filter static_user_filter (class=org.apache.hadoop.http.lib.StaticUserWebFilter$StaticUserFilter) to context logs
2019-06-12 21:44:11,676 INFO  http.HttpServer2 (HttpServer2.java:addFilter(958)) - Added filter static_user_filter (class=org.apache.hadoop.http.lib.StaticUserWebFilter$StaticUserFilter) to context static
2019-06-12 21:44:11,676 INFO  http.HttpServer2 (HttpServer2.java:bindListener(1191)) - Jetty bound to port 37067
2019-06-12 21:44:11,676 INFO  server.Server (Server.java:doStart(351)) - jetty-9.3.24.v20180605, build timestamp: 2018-06-05T17:11:56Z, git hash: 84205aa28f11a4f31f2a3b86d1bba2cc8ab69827
2019-06-12 21:44:11,678 INFO  handler.ContextHandler (ContextHandler.java:doStart(781)) - Started o.e.j.s.ServletContextHandler@6aae82cc{/logs,file:///opt/src/hadoop-ozone/integration-test/target/log,AVAILABLE}
2019-06-12 21:44:11,678 INFO  handler.ContextHandler (ContextHandler.java:doStart(781)) - Started o.e.j.s.ServletContextHandler@622ba721{/static,jar:file:/root/.m2/repository/org/apache/hadoop/hadoop-hdds-container-service/0.5.0-SNAPSHOT/hadoop-hdds-container-service-0.5.0-SNAPSHOT.jar!/webapps/static,AVAILABLE}
2019-06-12 21:44:11,710 INFO  handler.ContextHandler (ContextHandler.java:doStart(781)) - Started o.e.j.w.WebAppContext@7eebb316{/,file:///tmp/jetty-0.0.0.0-37067-hddsDatanode-_-any-3097485747137208522.dir/webapp/,AVAILABLE}{/hddsDatanode}
2019-06-12 21:44:11,711 INFO  server.AbstractConnector (AbstractConnector.java:doStart(278)) - Started ServerConnector@45273d40{HTTP/1.1,[http/1.1]}{0.0.0.0:37067}
2019-06-12 21:44:11,713 INFO  server.Server (Server.java:doStart(419)) - Started @46753ms
2019-06-12 21:44:11,714 INFO  server.BaseHttpServer (BaseHttpServer.java:updateConnectorAddress(207)) - HTTP server of HDDSDATANODE is listening at http://0.0.0.0:37067
2019-06-12 21:44:11,871 INFO  ozone.HddsDatanodeService (HddsDatanodeService.java:startPlugins(396)) - Started plug-in org.apache.hadoop.ozone.web.OzoneHddsDatanodeService@78508e6b
2019-06-12 21:44:11,871 INFO  impl.MetricsSystemImpl (MetricsSystemImpl.java:init(158)) - HddsDatanode metrics system started (again)
2019-06-12 21:44:11,872 INFO  ozone.HddsDatanodeService (HddsDatanodeService.java:start(185)) - HddsDatanodeService host:ozone-zc7hm-585872790 ip:192.168.19.17
2019-06-12 21:44:11,886 INFO  util.JvmPauseMonitor (JvmPauseMonitor.java:run(188)) - Starting JVM pause monitor
2019-06-12 21:44:11,887 INFO  volume.HddsVolume (HddsVolume.java:<init>(176)) - Creating Volume: /opt/src/hadoop-ozone/integration-test/target/test-dir/MiniOzoneClusterImpl-080f3432-8231-466c-b232-eabbd037a79f/datanode-2/data/containers/hdds of  storage type : DISK and capacity : 104021790720
2019-06-12 21:44:11,888 INFO  volume.VolumeSet (VolumeSet.java:initializeVolumeSet(170)) - Added Volume : /opt/src/hadoop-ozone/integration-test/target/test-dir/MiniOzoneClusterImpl-080f3432-8231-466c-b232-eabbd037a79f/datanode-2/data/containers/hdds to VolumeSet
2019-06-12 21:44:11,888 INFO  volume.ThrottledAsyncChecker (ThrottledAsyncChecker.java:schedule(140)) - Scheduling a check for org.apache.hadoop.ozone.container.common.volume.HddsVolume@c335b9
2019-06-12 21:44:11,889 INFO  datanode.InitDatanodeState (InitDatanodeState.java:persistContainerDatanodeDetails(140)) - DatanodeDetails is persisted to /opt/src/hadoop-ozone/integration-test/target/test-dir/MiniOzoneClusterImpl-080f3432-8231-466c-b232-eabbd037a79f/datanode-1/meta/datanode.id
2019-06-12 21:44:11,894 INFO  volume.HddsVolumeChecker (HddsVolumeChecker.java:checkAllVolumes(203)) - Scheduled health check for volume org.apache.hadoop.ozone.container.common.volume.HddsVolume@c335b9
2019-06-12 21:44:11,902 INFO  ratis.XceiverServerRatis (XceiverServerRatis.java:newXceiverServerRatis(401)) - Found a free port for the server : 36143
2019-06-12 21:44:11,905 INFO  impl.RaftServerProxy (ConfUtils.java:logGet(43)) - raft.rpc.type = GRPC (default)
2019-06-12 21:44:11,906 INFO  grpc.GrpcConfigKeys$Server (ConfUtils.java:logGet(43)) - raft.grpc.server.port = 36143 (custom)
2019-06-12 21:44:11,906 INFO  server.GrpcService (ConfUtils.java:logGet(43)) - raft.grpc.message.size.max = 33570816 (custom)
2019-06-12 21:44:11,906 INFO  server.RaftServerConfigKeys (ConfUtils.java:logGet(43)) - raft.server.log.appender.buffer.byte-limit = 33554432 (custom)
2019-06-12 21:44:11,906 INFO  server.GrpcService (ConfUtils.java:logGet(43)) - raft.grpc.flow.control.window = 1MB (=1048576) (default)
2019-06-12 21:44:11,906 INFO  server.RaftServerConfigKeys (ConfUtils.java:logGet(43)) - raft.server.rpc.request.timeout = 3000ms (default)
2019-06-12 21:44:11,907 INFO  server.RaftServerConfigKeys (ConfUtils.java:logGet(43)) - raft.server.storage.dir = [/opt/src/hadoop-ozone/integration-test/target/test-dir/MiniOzoneClusterImpl-080f3432-8231-466c-b232-eabbd037a79f/datanode-2/data/ratis] (custom)
2019-06-12 21:44:11,907 INFO  server.XceiverServerGrpc (XceiverServerGrpc.java:<init>(97)) - Found a free port for the server : 34799
2019-06-12 21:44:11,907 INFO  replication.SimpleContainerDownloader (SimpleContainerDownloader.java:<init>(72)) - Starting container downloader service to copy containers to replicate.
2019-06-12 21:44:11,908 INFO  hdfs.DFSUtil (DFSUtil.java:httpServerTemplateForNNAndJN(1641)) - Starting Web-server for hddsDatanode at: http://0.0.0.0:0
2019-06-12 21:44:11,909 INFO  server.AuthenticationFilter (AuthenticationFilter.java:constructSecretProvider(240)) - Unable to initialize FileSignerSecretProvider, falling back to use random secrets.
2019-06-12 21:44:11,909 WARN  http.HttpRequestLog (HttpRequestLog.java:getRequestLog(97)) - Jetty request log can only be enabled using Log4j
2019-06-12 21:44:11,910 INFO  http.HttpServer2 (HttpServer2.java:addGlobalFilter(975)) - Added global filter 'safety' (class=org.apache.hadoop.http.HttpServer2$QuotingInputFilter)
2019-06-12 21:44:11,911 INFO  http.HttpServer2 (HttpServer2.java:addFilter(948)) - Added filter static_user_filter (class=org.apache.hadoop.http.lib.StaticUserWebFilter$StaticUserFilter) to context hddsDatanode
2019-06-12 21:44:11,911 INFO  http.HttpServer2 (HttpServer2.java:addFilter(958)) - Added filter static_user_filter (class=org.apache.hadoop.http.lib.StaticUserWebFilter$StaticUserFilter) to context logs
2019-06-12 21:44:11,911 INFO  http.HttpServer2 (HttpServer2.java:addFilter(958)) - Added filter static_user_filter (class=org.apache.hadoop.http.lib.StaticUserWebFilter$StaticUserFilter) to context static
2019-06-12 21:44:11,911 INFO  http.HttpServer2 (HttpServer2.java:bindListener(1191)) - Jetty bound to port 36483
2019-06-12 21:44:11,911 INFO  server.Server (Server.java:doStart(351)) - jetty-9.3.24.v20180605, build timestamp: 2018-06-05T17:11:56Z, git hash: 84205aa28f11a4f31f2a3b86d1bba2cc8ab69827
2019-06-12 21:44:11,922 INFO  handler.ContextHandler (ContextHandler.java:doStart(781)) - Started o.e.j.s.ServletContextHandler@d65e744{/logs,file:///opt/src/hadoop-ozone/integration-test/target/log,AVAILABLE}
2019-06-12 21:44:11,922 INFO  handler.ContextHandler (ContextHandler.java:doStart(781)) - Started o.e.j.s.ServletContextHandler@1a85e86e{/static,jar:file:/root/.m2/repository/org/apache/hadoop/hadoop-hdds-container-service/0.5.0-SNAPSHOT/hadoop-hdds-container-service-0.5.0-SNAPSHOT.jar!/webapps/static,AVAILABLE}
2019-06-12 21:44:11,951 INFO  handler.ContextHandler (ContextHandler.java:doStart(781)) - Started o.e.j.w.WebAppContext@366b4a7b{/,file:///tmp/jetty-0.0.0.0-36483-hddsDatanode-_-any-1335350057428667307.dir/webapp/,AVAILABLE}{/hddsDatanode}
2019-06-12 21:44:11,953 INFO  server.AbstractConnector (AbstractConnector.java:doStart(278)) - Started ServerConnector@a251135{HTTP/1.1,[http/1.1]}{0.0.0.0:36483}
2019-06-12 21:44:11,953 INFO  server.Server (Server.java:doStart(419)) - Started @46993ms
2019-06-12 21:44:11,954 INFO  server.BaseHttpServer (BaseHttpServer.java:updateConnectorAddress(207)) - HTTP server of HDDSDATANODE is listening at http://0.0.0.0:36483
2019-06-12 21:44:12,030 INFO  ozone.HddsDatanodeService (HddsDatanodeService.java:startPlugins(396)) - Started plug-in org.apache.hadoop.ozone.web.OzoneHddsDatanodeService@7682bf66
2019-06-12 21:44:12,030 INFO  impl.MetricsSystemImpl (MetricsSystemImpl.java:init(158)) - HddsDatanode metrics system started (again)
2019-06-12 21:44:12,031 INFO  ozone.HddsDatanodeService (HddsDatanodeService.java:start(185)) - HddsDatanodeService host:ozone-zc7hm-585872790 ip:192.168.19.17
2019-06-12 21:44:12,037 INFO  util.JvmPauseMonitor (JvmPauseMonitor.java:run(188)) - Starting JVM pause monitor
2019-06-12 21:44:12,046 INFO  volume.HddsVolume (HddsVolume.java:<init>(176)) - Creating Volume: /opt/src/hadoop-ozone/integration-test/target/test-dir/MiniOzoneClusterImpl-080f3432-8231-466c-b232-eabbd037a79f/datanode-3/data/containers/hdds of  storage type : DISK and capacity : 104021790720
2019-06-12 21:44:12,047 INFO  volume.VolumeSet (VolumeSet.java:initializeVolumeSet(170)) - Added Volume : /opt/src/hadoop-ozone/integration-test/target/test-dir/MiniOzoneClusterImpl-080f3432-8231-466c-b232-eabbd037a79f/datanode-3/data/containers/hdds to VolumeSet
2019-06-12 21:44:12,047 INFO  volume.ThrottledAsyncChecker (ThrottledAsyncChecker.java:schedule(140)) - Scheduling a check for org.apache.hadoop.ozone.container.common.volume.HddsVolume@20db19ff
2019-06-12 21:44:12,047 INFO  datanode.InitDatanodeState (InitDatanodeState.java:persistContainerDatanodeDetails(140)) - DatanodeDetails is persisted to /opt/src/hadoop-ozone/integration-test/target/test-dir/MiniOzoneClusterImpl-080f3432-8231-466c-b232-eabbd037a79f/datanode-2/meta/datanode.id
2019-06-12 21:44:12,049 INFO  volume.HddsVolumeChecker (HddsVolumeChecker.java:checkAllVolumes(203)) - Scheduled health check for volume org.apache.hadoop.ozone.container.common.volume.HddsVolume@20db19ff
2019-06-12 21:44:12,063 INFO  ratis.XceiverServerRatis (XceiverServerRatis.java:newXceiverServerRatis(401)) - Found a free port for the server : 40495
2019-06-12 21:44:12,064 INFO  impl.RaftServerProxy (ConfUtils.java:logGet(43)) - raft.rpc.type = GRPC (default)
2019-06-12 21:44:12,064 INFO  grpc.GrpcConfigKeys$Server (ConfUtils.java:logGet(43)) - raft.grpc.server.port = 40495 (custom)
2019-06-12 21:44:12,065 INFO  server.GrpcService (ConfUtils.java:logGet(43)) - raft.grpc.message.size.max = 33570816 (custom)
2019-06-12 21:44:12,065 INFO  server.RaftServerConfigKeys (ConfUtils.java:logGet(43)) - raft.server.log.appender.buffer.byte-limit = 33554432 (custom)
2019-06-12 21:44:12,065 INFO  server.GrpcService (ConfUtils.java:logGet(43)) - raft.grpc.flow.control.window = 1MB (=1048576) (default)
2019-06-12 21:44:12,067 INFO  server.RaftServerConfigKeys (ConfUtils.java:logGet(43)) - raft.server.rpc.request.timeout = 3000ms (default)
2019-06-12 21:44:12,067 INFO  server.RaftServerConfigKeys (ConfUtils.java:logGet(43)) - raft.server.storage.dir = [/opt/src/hadoop-ozone/integration-test/target/test-dir/MiniOzoneClusterImpl-080f3432-8231-466c-b232-eabbd037a79f/datanode-3/data/ratis] (custom)
2019-06-12 21:44:12,067 INFO  server.XceiverServerGrpc (XceiverServerGrpc.java:<init>(97)) - Found a free port for the server : 35769
2019-06-12 21:44:12,068 INFO  replication.SimpleContainerDownloader (SimpleContainerDownloader.java:<init>(72)) - Starting container downloader service to copy containers to replicate.
2019-06-12 21:44:12,069 INFO  hdfs.DFSUtil (DFSUtil.java:httpServerTemplateForNNAndJN(1641)) - Starting Web-server for hddsDatanode at: http://0.0.0.0:0
2019-06-12 21:44:12,070 INFO  server.AuthenticationFilter (AuthenticationFilter.java:constructSecretProvider(240)) - Unable to initialize FileSignerSecretProvider, falling back to use random secrets.
2019-06-12 21:44:12,070 WARN  http.HttpRequestLog (HttpRequestLog.java:getRequestLog(97)) - Jetty request log can only be enabled using Log4j
2019-06-12 21:44:12,072 INFO  http.HttpServer2 (HttpServer2.java:addGlobalFilter(975)) - Added global filter 'safety' (class=org.apache.hadoop.http.HttpServer2$QuotingInputFilter)
2019-06-12 21:44:12,072 INFO  http.HttpServer2 (HttpServer2.java:addFilter(948)) - Added filter static_user_filter (class=org.apache.hadoop.http.lib.StaticUserWebFilter$StaticUserFilter) to context hddsDatanode
2019-06-12 21:44:12,072 INFO  http.HttpServer2 (HttpServer2.java:addFilter(958)) - Added filter static_user_filter (class=org.apache.hadoop.http.lib.StaticUserWebFilter$StaticUserFilter) to context static
2019-06-12 21:44:12,073 INFO  http.HttpServer2 (HttpServer2.java:addFilter(958)) - Added filter static_user_filter (class=org.apache.hadoop.http.lib.StaticUserWebFilter$StaticUserFilter) to context logs
2019-06-12 21:44:12,073 INFO  http.HttpServer2 (HttpServer2.java:bindListener(1191)) - Jetty bound to port 46167
2019-06-12 21:44:12,073 INFO  server.Server (Server.java:doStart(351)) - jetty-9.3.24.v20180605, build timestamp: 2018-06-05T17:11:56Z, git hash: 84205aa28f11a4f31f2a3b86d1bba2cc8ab69827
2019-06-12 21:44:12,075 INFO  handler.ContextHandler (ContextHandler.java:doStart(781)) - Started o.e.j.s.ServletContextHandler@94aeba1{/logs,file:///opt/src/hadoop-ozone/integration-test/target/log,AVAILABLE}
2019-06-12 21:44:12,075 INFO  handler.ContextHandler (ContextHandler.java:doStart(781)) - Started o.e.j.s.ServletContextHandler@ff8e36d{/static,jar:file:/root/.m2/repository/org/apache/hadoop/hadoop-hdds-container-service/0.5.0-SNAPSHOT/hadoop-hdds-container-service-0.5.0-SNAPSHOT.jar!/webapps/static,AVAILABLE}
2019-06-12 21:44:12,102 INFO  handler.ContextHandler (ContextHandler.java:doStart(781)) - Started o.e.j.w.WebAppContext@3f1fb139{/,file:///tmp/jetty-0.0.0.0-46167-hddsDatanode-_-any-7050873700371673299.dir/webapp/,AVAILABLE}{/hddsDatanode}
2019-06-12 21:44:12,104 INFO  server.AbstractConnector (AbstractConnector.java:doStart(278)) - Started ServerConnector@7057dbda{HTTP/1.1,[http/1.1]}{0.0.0.0:46167}
2019-06-12 21:44:12,105 INFO  server.Server (Server.java:doStart(419)) - Started @47145ms
2019-06-12 21:44:12,105 INFO  server.BaseHttpServer (BaseHttpServer.java:updateConnectorAddress(207)) - HTTP server of HDDSDATANODE is listening at http://0.0.0.0:46167
2019-06-12 21:44:12,191 INFO  ozone.HddsDatanodeService (HddsDatanodeService.java:startPlugins(396)) - Started plug-in org.apache.hadoop.ozone.web.OzoneHddsDatanodeService@1d535b78
2019-06-12 21:44:12,191 INFO  impl.MetricsSystemImpl (MetricsSystemImpl.java:init(158)) - HddsDatanode metrics system started (again)
2019-06-12 21:44:12,191 INFO  ozone.HddsDatanodeService (HddsDatanodeService.java:start(185)) - HddsDatanodeService host:ozone-zc7hm-585872790 ip:192.168.19.17
2019-06-12 21:44:12,196 INFO  util.JvmPauseMonitor (JvmPauseMonitor.java:run(188)) - Starting JVM pause monitor
2019-06-12 21:44:12,196 INFO  datanode.InitDatanodeState (InitDatanodeState.java:persistContainerDatanodeDetails(140)) - DatanodeDetails is persisted to /opt/src/hadoop-ozone/integration-test/target/test-dir/MiniOzoneClusterImpl-080f3432-8231-466c-b232-eabbd037a79f/datanode-3/meta/datanode.id
2019-06-12 21:44:12,201 INFO  volume.HddsVolume (HddsVolume.java:<init>(176)) - Creating Volume: /opt/src/hadoop-ozone/integration-test/target/test-dir/MiniOzoneClusterImpl-080f3432-8231-466c-b232-eabbd037a79f/datanode-4/data/containers/hdds of  storage type : DISK and capacity : 104021790720
2019-06-12 21:44:12,201 INFO  volume.VolumeSet (VolumeSet.java:initializeVolumeSet(170)) - Added Volume : /opt/src/hadoop-ozone/integration-test/target/test-dir/MiniOzoneClusterImpl-080f3432-8231-466c-b232-eabbd037a79f/datanode-4/data/containers/hdds to VolumeSet
2019-06-12 21:44:12,202 INFO  volume.ThrottledAsyncChecker (ThrottledAsyncChecker.java:schedule(140)) - Scheduling a check for org.apache.hadoop.ozone.container.common.volume.HddsVolume@5718e77c
2019-06-12 21:44:12,202 INFO  volume.HddsVolumeChecker (HddsVolumeChecker.java:checkAllVolumes(203)) - Scheduled health check for volume org.apache.hadoop.ozone.container.common.volume.HddsVolume@5718e77c
2019-06-12 21:44:12,211 INFO  ratis.XceiverServerRatis (XceiverServerRatis.java:newXceiverServerRatis(401)) - Found a free port for the server : 34967
2019-06-12 21:44:12,213 INFO  impl.RaftServerProxy (ConfUtils.java:logGet(43)) - raft.rpc.type = GRPC (default)
2019-06-12 21:44:12,213 INFO  grpc.GrpcConfigKeys$Server (ConfUtils.java:logGet(43)) - raft.grpc.server.port = 34967 (custom)
2019-06-12 21:44:12,213 INFO  server.GrpcService (ConfUtils.java:logGet(43)) - raft.grpc.message.size.max = 33570816 (custom)
2019-06-12 21:44:12,213 INFO  server.RaftServerConfigKeys (ConfUtils.java:logGet(43)) - raft.server.log.appender.buffer.byte-limit = 33554432 (custom)
2019-06-12 21:44:12,214 INFO  server.GrpcService (ConfUtils.java:logGet(43)) - raft.grpc.flow.control.window = 1MB (=1048576) (default)
2019-06-12 21:44:12,214 INFO  server.RaftServerConfigKeys (ConfUtils.java:logGet(43)) - raft.server.rpc.request.timeout = 3000ms (default)
2019-06-12 21:44:12,214 INFO  server.RaftServerConfigKeys (ConfUtils.java:logGet(43)) - raft.server.storage.dir = [/opt/src/hadoop-ozone/integration-test/target/test-dir/MiniOzoneClusterImpl-080f3432-8231-466c-b232-eabbd037a79f/datanode-4/data/ratis] (custom)
2019-06-12 21:44:12,214 INFO  server.XceiverServerGrpc (XceiverServerGrpc.java:<init>(97)) - Found a free port for the server : 40259
2019-06-12 21:44:12,215 INFO  replication.SimpleContainerDownloader (SimpleContainerDownloader.java:<init>(72)) - Starting container downloader service to copy containers to replicate.
2019-06-12 21:44:12,215 INFO  hdfs.DFSUtil (DFSUtil.java:httpServerTemplateForNNAndJN(1641)) - Starting Web-server for hddsDatanode at: http://0.0.0.0:0
2019-06-12 21:44:12,216 INFO  server.AuthenticationFilter (AuthenticationFilter.java:constructSecretProvider(240)) - Unable to initialize FileSignerSecretProvider, falling back to use random secrets.
2019-06-12 21:44:12,217 WARN  http.HttpRequestLog (HttpRequestLog.java:getRequestLog(97)) - Jetty request log can only be enabled using Log4j
2019-06-12 21:44:12,218 INFO  http.HttpServer2 (HttpServer2.java:addGlobalFilter(975)) - Added global filter 'safety' (class=org.apache.hadoop.http.HttpServer2$QuotingInputFilter)
2019-06-12 21:44:12,218 INFO  http.HttpServer2 (HttpServer2.java:addFilter(948)) - Added filter static_user_filter (class=org.apache.hadoop.http.lib.StaticUserWebFilter$StaticUserFilter) to context hddsDatanode
2019-06-12 21:44:12,219 INFO  http.HttpServer2 (HttpServer2.java:addFilter(958)) - Added filter static_user_filter (class=org.apache.hadoop.http.lib.StaticUserWebFilter$StaticUserFilter) to context static
2019-06-12 21:44:12,219 INFO  http.HttpServer2 (HttpServer2.java:addFilter(958)) - Added filter static_user_filter (class=org.apache.hadoop.http.lib.StaticUserWebFilter$StaticUserFilter) to context logs
2019-06-12 21:44:12,219 INFO  http.HttpServer2 (HttpServer2.java:bindListener(1191)) - Jetty bound to port 42031
2019-06-12 21:44:12,219 INFO  server.Server (Server.java:doStart(351)) - jetty-9.3.24.v20180605, build timestamp: 2018-06-05T17:11:56Z, git hash: 84205aa28f11a4f31f2a3b86d1bba2cc8ab69827
2019-06-12 21:44:12,221 INFO  handler.ContextHandler (ContextHandler.java:doStart(781)) - Started o.e.j.s.ServletContextHandler@42c55978{/logs,file:///opt/src/hadoop-ozone/integration-test/target/log,AVAILABLE}
2019-06-12 21:44:12,222 INFO  handler.ContextHandler (ContextHandler.java:doStart(781)) - Started o.e.j.s.ServletContextHandler@5e3d84a{/static,jar:file:/root/.m2/repository/org/apache/hadoop/hadoop-hdds-container-service/0.5.0-SNAPSHOT/hadoop-hdds-container-service-0.5.0-SNAPSHOT.jar!/webapps/static,AVAILABLE}
2019-06-12 21:44:12,243 INFO  handler.ContextHandler (ContextHandler.java:doStart(781)) - Started o.e.j.w.WebAppContext@4a773f08{/,file:///tmp/jetty-0.0.0.0-42031-hddsDatanode-_-any-3774218958740791892.dir/webapp/,AVAILABLE}{/hddsDatanode}
2019-06-12 21:44:12,243 INFO  server.AbstractConnector (AbstractConnector.java:doStart(278)) - Started ServerConnector@40b8158d{HTTP/1.1,[http/1.1]}{0.0.0.0:42031}
2019-06-12 21:44:12,245 INFO  server.Server (Server.java:doStart(419)) - Started @47285ms
2019-06-12 21:44:12,246 INFO  server.BaseHttpServer (BaseHttpServer.java:updateConnectorAddress(207)) - HTTP server of HDDSDATANODE is listening at http://0.0.0.0:42031
2019-06-12 21:44:12,363 INFO  ozone.HddsDatanodeService (HddsDatanodeService.java:startPlugins(396)) - Started plug-in org.apache.hadoop.ozone.web.OzoneHddsDatanodeService@7d5d77a6
2019-06-12 21:44:12,363 INFO  impl.MetricsSystemImpl (MetricsSystemImpl.java:init(158)) - HddsDatanode metrics system started (again)
2019-06-12 21:44:12,364 INFO  ozone.HddsDatanodeService (HddsDatanodeService.java:start(185)) - HddsDatanodeService host:ozone-zc7hm-585872790 ip:192.168.19.17
2019-06-12 21:44:12,365 INFO  util.JvmPauseMonitor (JvmPauseMonitor.java:run(188)) - Starting JVM pause monitor
2019-06-12 21:44:12,367 INFO  datanode.InitDatanodeState (InitDatanodeState.java:persistContainerDatanodeDetails(140)) - DatanodeDetails is persisted to /opt/src/hadoop-ozone/integration-test/target/test-dir/MiniOzoneClusterImpl-080f3432-8231-466c-b232-eabbd037a79f/datanode-4/meta/datanode.id
2019-06-12 21:44:12,372 INFO  volume.HddsVolume (HddsVolume.java:<init>(176)) - Creating Volume: /opt/src/hadoop-ozone/integration-test/target/test-dir/MiniOzoneClusterImpl-080f3432-8231-466c-b232-eabbd037a79f/datanode-5/data/containers/hdds of  storage type : DISK and capacity : 104021790720
2019-06-12 21:44:12,372 INFO  volume.VolumeSet (VolumeSet.java:initializeVolumeSet(170)) - Added Volume : /opt/src/hadoop-ozone/integration-test/target/test-dir/MiniOzoneClusterImpl-080f3432-8231-466c-b232-eabbd037a79f/datanode-5/data/containers/hdds to VolumeSet
2019-06-12 21:44:12,372 INFO  volume.ThrottledAsyncChecker (ThrottledAsyncChecker.java:schedule(140)) - Scheduling a check for org.apache.hadoop.ozone.container.common.volume.HddsVolume@221961af
2019-06-12 21:44:12,373 INFO  volume.HddsVolumeChecker (HddsVolumeChecker.java:checkAllVolumes(203)) - Scheduled health check for volume org.apache.hadoop.ozone.container.common.volume.HddsVolume@221961af
2019-06-12 21:44:12,385 INFO  ratis.XceiverServerRatis (XceiverServerRatis.java:newXceiverServerRatis(401)) - Found a free port for the server : 44993
2019-06-12 21:44:12,387 INFO  impl.RaftServerProxy (ConfUtils.java:logGet(43)) - raft.rpc.type = GRPC (default)
2019-06-12 21:44:12,387 INFO  grpc.GrpcConfigKeys$Server (ConfUtils.java:logGet(43)) - raft.grpc.server.port = 44993 (custom)
2019-06-12 21:44:12,388 INFO  server.GrpcService (ConfUtils.java:logGet(43)) - raft.grpc.message.size.max = 33570816 (custom)
2019-06-12 21:44:12,388 INFO  server.RaftServerConfigKeys (ConfUtils.java:logGet(43)) - raft.server.log.appender.buffer.byte-limit = 33554432 (custom)
2019-06-12 21:44:12,388 INFO  server.GrpcService (ConfUtils.java:logGet(43)) - raft.grpc.flow.control.window = 1MB (=1048576) (default)
2019-06-12 21:44:12,388 INFO  server.RaftServerConfigKeys (ConfUtils.java:logGet(43)) - raft.server.rpc.request.timeout = 3000ms (default)
2019-06-12 21:44:12,389 INFO  server.RaftServerConfigKeys (ConfUtils.java:logGet(43)) - raft.server.storage.dir = [/opt/src/hadoop-ozone/integration-test/target/test-dir/MiniOzoneClusterImpl-080f3432-8231-466c-b232-eabbd037a79f/datanode-5/data/ratis] (custom)
2019-06-12 21:44:12,389 INFO  server.XceiverServerGrpc (XceiverServerGrpc.java:<init>(97)) - Found a free port for the server : 35053
2019-06-12 21:44:12,390 INFO  replication.SimpleContainerDownloader (SimpleContainerDownloader.java:<init>(72)) - Starting container downloader service to copy containers to replicate.
2019-06-12 21:44:12,391 INFO  hdfs.DFSUtil (DFSUtil.java:httpServerTemplateForNNAndJN(1641)) - Starting Web-server for hddsDatanode at: http://0.0.0.0:0
2019-06-12 21:44:12,392 INFO  server.AuthenticationFilter (AuthenticationFilter.java:constructSecretProvider(240)) - Unable to initialize FileSignerSecretProvider, falling back to use random secrets.
2019-06-12 21:44:12,392 WARN  http.HttpRequestLog (HttpRequestLog.java:getRequestLog(97)) - Jetty request log can only be enabled using Log4j
2019-06-12 21:44:12,394 INFO  http.HttpServer2 (HttpServer2.java:addGlobalFilter(975)) - Added global filter 'safety' (class=org.apache.hadoop.http.HttpServer2$QuotingInputFilter)
2019-06-12 21:44:12,394 INFO  http.HttpServer2 (HttpServer2.java:addFilter(948)) - Added filter static_user_filter (class=org.apache.hadoop.http.lib.StaticUserWebFilter$StaticUserFilter) to context hddsDatanode
2019-06-12 21:44:12,394 INFO  http.HttpServer2 (HttpServer2.java:addFilter(958)) - Added filter static_user_filter (class=org.apache.hadoop.http.lib.StaticUserWebFilter$StaticUserFilter) to context logs
2019-06-12 21:44:12,394 INFO  http.HttpServer2 (HttpServer2.java:addFilter(958)) - Added filter static_user_filter (class=org.apache.hadoop.http.lib.StaticUserWebFilter$StaticUserFilter) to context static
2019-06-12 21:44:12,395 INFO  http.HttpServer2 (HttpServer2.java:bindListener(1191)) - Jetty bound to port 45643
2019-06-12 21:44:12,395 INFO  server.Server (Server.java:doStart(351)) - jetty-9.3.24.v20180605, build timestamp: 2018-06-05T17:11:56Z, git hash: 84205aa28f11a4f31f2a3b86d1bba2cc8ab69827
2019-06-12 21:44:12,399 INFO  handler.ContextHandler (ContextHandler.java:doStart(781)) - Started o.e.j.s.ServletContextHandler@5008559a{/logs,file:///opt/src/hadoop-ozone/integration-test/target/log,AVAILABLE}
2019-06-12 21:44:12,400 INFO  handler.ContextHandler (ContextHandler.java:doStart(781)) - Started o.e.j.s.ServletContextHandler@490fbeaa{/static,jar:file:/root/.m2/repository/org/apache/hadoop/hadoop-hdds-container-service/0.5.0-SNAPSHOT/hadoop-hdds-container-service-0.5.0-SNAPSHOT.jar!/webapps/static,AVAILABLE}
2019-06-12 21:44:12,420 INFO  handler.ContextHandler (ContextHandler.java:doStart(781)) - Started o.e.j.w.WebAppContext@2ab39942{/,file:///tmp/jetty-0.0.0.0-45643-hddsDatanode-_-any-5218192317046731146.dir/webapp/,AVAILABLE}{/hddsDatanode}
2019-06-12 21:44:12,421 INFO  server.AbstractConnector (AbstractConnector.java:doStart(278)) - Started ServerConnector@64186f60{HTTP/1.1,[http/1.1]}{0.0.0.0:45643}
2019-06-12 21:44:12,422 INFO  server.Server (Server.java:doStart(419)) - Started @47463ms
2019-06-12 21:44:12,423 INFO  server.BaseHttpServer (BaseHttpServer.java:updateConnectorAddress(207)) - HTTP server of HDDSDATANODE is listening at http://0.0.0.0:45643
2019-06-12 21:44:12,534 INFO  ozone.HddsDatanodeService (HddsDatanodeService.java:startPlugins(396)) - Started plug-in org.apache.hadoop.ozone.web.OzoneHddsDatanodeService@6e1d9b32
2019-06-12 21:44:12,534 INFO  impl.MetricsSystemImpl (MetricsSystemImpl.java:init(158)) - HddsDatanode metrics system started (again)
2019-06-12 21:44:12,535 INFO  ozone.HddsDatanodeService (HddsDatanodeService.java:start(185)) - HddsDatanodeService host:ozone-zc7hm-585872790 ip:192.168.19.17
2019-06-12 21:44:12,563 INFO  util.JvmPauseMonitor (JvmPauseMonitor.java:run(188)) - Starting JVM pause monitor
2019-06-12 21:44:12,564 INFO  datanode.InitDatanodeState (InitDatanodeState.java:persistContainerDatanodeDetails(140)) - DatanodeDetails is persisted to /opt/src/hadoop-ozone/integration-test/target/test-dir/MiniOzoneClusterImpl-080f3432-8231-466c-b232-eabbd037a79f/datanode-5/meta/datanode.id
2019-06-12 21:44:12,568 INFO  volume.HddsVolume (HddsVolume.java:<init>(176)) - Creating Volume: /opt/src/hadoop-ozone/integration-test/target/test-dir/MiniOzoneClusterImpl-080f3432-8231-466c-b232-eabbd037a79f/datanode-6/data/containers/hdds of  storage type : DISK and capacity : 104021790720
2019-06-12 21:44:12,569 INFO  volume.VolumeSet (VolumeSet.java:initializeVolumeSet(170)) - Added Volume : /opt/src/hadoop-ozone/integration-test/target/test-dir/MiniOzoneClusterImpl-080f3432-8231-466c-b232-eabbd037a79f/datanode-6/data/containers/hdds to VolumeSet
2019-06-12 21:44:12,569 INFO  volume.ThrottledAsyncChecker (ThrottledAsyncChecker.java:schedule(140)) - Scheduling a check for org.apache.hadoop.ozone.container.common.volume.HddsVolume@8ce4320
2019-06-12 21:44:12,575 INFO  volume.HddsVolumeChecker (HddsVolumeChecker.java:checkAllVolumes(203)) - Scheduled health check for volume org.apache.hadoop.ozone.container.common.volume.HddsVolume@8ce4320
2019-06-12 21:44:12,593 INFO  ratis.XceiverServerRatis (XceiverServerRatis.java:newXceiverServerRatis(401)) - Found a free port for the server : 34221
2019-06-12 21:44:12,594 INFO  impl.RaftServerProxy (ConfUtils.java:logGet(43)) - raft.rpc.type = GRPC (default)
2019-06-12 21:44:12,594 INFO  grpc.GrpcConfigKeys$Server (ConfUtils.java:logGet(43)) - raft.grpc.server.port = 34221 (custom)
2019-06-12 21:44:12,595 INFO  server.GrpcService (ConfUtils.java:logGet(43)) - raft.grpc.message.size.max = 33570816 (custom)
2019-06-12 21:44:12,595 INFO  server.RaftServerConfigKeys (ConfUtils.java:logGet(43)) - raft.server.log.appender.buffer.byte-limit = 33554432 (custom)
2019-06-12 21:44:12,595 INFO  server.GrpcService (ConfUtils.java:logGet(43)) - raft.grpc.flow.control.window = 1MB (=1048576) (default)
2019-06-12 21:44:12,595 INFO  server.RaftServerConfigKeys (ConfUtils.java:logGet(43)) - raft.server.rpc.request.timeout = 3000ms (default)
2019-06-12 21:44:12,596 INFO  server.RaftServerConfigKeys (ConfUtils.java:logGet(43)) - raft.server.storage.dir = [/opt/src/hadoop-ozone/integration-test/target/test-dir/MiniOzoneClusterImpl-080f3432-8231-466c-b232-eabbd037a79f/datanode-6/data/ratis] (custom)
2019-06-12 21:44:12,596 INFO  server.XceiverServerGrpc (XceiverServerGrpc.java:<init>(97)) - Found a free port for the server : 40887
2019-06-12 21:44:12,597 INFO  replication.SimpleContainerDownloader (SimpleContainerDownloader.java:<init>(72)) - Starting container downloader service to copy containers to replicate.
2019-06-12 21:44:12,599 INFO  hdfs.DFSUtil (DFSUtil.java:httpServerTemplateForNNAndJN(1641)) - Starting Web-server for hddsDatanode at: http://0.0.0.0:0
2019-06-12 21:44:12,600 INFO  server.AuthenticationFilter (AuthenticationFilter.java:constructSecretProvider(240)) - Unable to initialize FileSignerSecretProvider, falling back to use random secrets.
2019-06-12 21:44:12,611 WARN  http.HttpRequestLog (HttpRequestLog.java:getRequestLog(97)) - Jetty request log can only be enabled using Log4j
2019-06-12 21:44:12,613 INFO  http.HttpServer2 (HttpServer2.java:addGlobalFilter(975)) - Added global filter 'safety' (class=org.apache.hadoop.http.HttpServer2$QuotingInputFilter)
2019-06-12 21:44:12,613 INFO  http.HttpServer2 (HttpServer2.java:addFilter(948)) - Added filter static_user_filter (class=org.apache.hadoop.http.lib.StaticUserWebFilter$StaticUserFilter) to context hddsDatanode
2019-06-12 21:44:12,613 INFO  http.HttpServer2 (HttpServer2.java:addFilter(958)) - Added filter static_user_filter (class=org.apache.hadoop.http.lib.StaticUserWebFilter$StaticUserFilter) to context static
2019-06-12 21:44:12,613 INFO  http.HttpServer2 (HttpServer2.java:addFilter(958)) - Added filter static_user_filter (class=org.apache.hadoop.http.lib.StaticUserWebFilter$StaticUserFilter) to context logs
2019-06-12 21:44:12,614 INFO  http.HttpServer2 (HttpServer2.java:bindListener(1191)) - Jetty bound to port 36625
2019-06-12 21:44:12,614 INFO  server.Server (Server.java:doStart(351)) - jetty-9.3.24.v20180605, build timestamp: 2018-06-05T17:11:56Z, git hash: 84205aa28f11a4f31f2a3b86d1bba2cc8ab69827
2019-06-12 21:44:12,617 INFO  handler.ContextHandler (ContextHandler.java:doStart(781)) - Started o.e.j.s.ServletContextHandler@19d13d04{/logs,file:///opt/src/hadoop-ozone/integration-test/target/log,AVAILABLE}
2019-06-12 21:44:12,618 INFO  handler.ContextHandler (ContextHandler.java:doStart(781)) - Started o.e.j.s.ServletContextHandler@7957aa57{/static,jar:file:/root/.m2/repository/org/apache/hadoop/hadoop-hdds-container-service/0.5.0-SNAPSHOT/hadoop-hdds-container-service-0.5.0-SNAPSHOT.jar!/webapps/static,AVAILABLE}
2019-06-12 21:44:12,650 INFO  handler.ContextHandler (ContextHandler.java:doStart(781)) - Started o.e.j.w.WebAppContext@548f4f60{/,file:///tmp/jetty-0.0.0.0-36625-hddsDatanode-_-any-7058911152592383623.dir/webapp/,AVAILABLE}{/hddsDatanode}
2019-06-12 21:44:12,650 INFO  server.AbstractConnector (AbstractConnector.java:doStart(278)) - Started ServerConnector@a6ddd76{HTTP/1.1,[http/1.1]}{0.0.0.0:36625}
2019-06-12 21:44:12,651 INFO  server.Server (Server.java:doStart(419)) - Started @47691ms
2019-06-12 21:44:12,652 INFO  server.BaseHttpServer (BaseHttpServer.java:updateConnectorAddress(207)) - HTTP server of HDDSDATANODE is listening at http://0.0.0.0:36625
2019-06-12 21:44:12,841 INFO  ozone.HddsDatanodeService (HddsDatanodeService.java:startPlugins(396)) - Started plug-in org.apache.hadoop.ozone.web.OzoneHddsDatanodeService@3b17759c
2019-06-12 21:44:12,842 INFO  ozone.MiniOzoneClusterImpl (MiniOzoneClusterImpl.java:lambda$waitForClusterToBeReady$0(142)) - Waiting for cluster to be ready. Got 0 of 7 DN Heartbeats.
2019-06-12 21:44:12,847 INFO  datanode.InitDatanodeState (InitDatanodeState.java:persistContainerDatanodeDetails(140)) - DatanodeDetails is persisted to /opt/src/hadoop-ozone/integration-test/target/test-dir/MiniOzoneClusterImpl-080f3432-8231-466c-b232-eabbd037a79f/datanode-6/meta/datanode.id
2019-06-12 21:44:12,847 INFO  util.JvmPauseMonitor (JvmPauseMonitor.java:run(188)) - Starting JVM pause monitor
2019-06-12 21:44:13,645 INFO  ozoneimpl.OzoneContainer (OzoneContainer.java:start(186)) - Attempting to start container services.
2019-06-12 21:44:13,645 INFO  ozoneimpl.OzoneContainer (OzoneContainer.java:startContainerScrub(160)) - Background container scrubber has been disabled by hdds.containerscrub.enabled
2019-06-12 21:44:13,645 INFO  ratis.XceiverServerRatis (XceiverServerRatis.java:start(418)) - Starting XceiverServerRatis f7e24b40-db1f-4d13-973e-ab173e727c72 at port 43005
2019-06-12 21:44:13,648 INFO  impl.RaftServerProxy (RaftServerProxy.java:lambda$start$3(299)) - f7e24b40-db1f-4d13-973e-ab173e727c72: start RPC server
2019-06-12 21:44:13,649 INFO  server.GrpcService (GrpcService.java:startImpl(148)) - f7e24b40-db1f-4d13-973e-ab173e727c72: GrpcService started, listening on 0.0.0.0/0.0.0.0:43005
2019-06-12 21:44:13,842 INFO  ozone.MiniOzoneClusterImpl (MiniOzoneClusterImpl.java:lambda$waitForClusterToBeReady$0(142)) - Waiting for cluster to be ready. Got 0 of 7 DN Heartbeats.
2019-06-12 21:44:13,891 INFO  ozoneimpl.OzoneContainer (OzoneContainer.java:start(186)) - Attempting to start container services.
2019-06-12 21:44:13,891 INFO  ozoneimpl.OzoneContainer (OzoneContainer.java:startContainerScrub(160)) - Background container scrubber has been disabled by hdds.containerscrub.enabled
2019-06-12 21:44:13,891 INFO  ratis.XceiverServerRatis (XceiverServerRatis.java:start(418)) - Starting XceiverServerRatis bd8ffccd-e3cb-4b22-95e6-c841533bad94 at port 35697
2019-06-12 21:44:13,894 INFO  impl.RaftServerProxy (RaftServerProxy.java:lambda$start$3(299)) - bd8ffccd-e3cb-4b22-95e6-c841533bad94: start RPC server
2019-06-12 21:44:13,895 INFO  server.GrpcService (GrpcService.java:startImpl(148)) - bd8ffccd-e3cb-4b22-95e6-c841533bad94: GrpcService started, listening on 0.0.0.0/0.0.0.0:35697
2019-06-12 21:44:14,041 INFO  ozoneimpl.OzoneContainer (OzoneContainer.java:start(186)) - Attempting to start container services.
2019-06-12 21:44:14,041 INFO  ozoneimpl.OzoneContainer (OzoneContainer.java:startContainerScrub(160)) - Background container scrubber has been disabled by hdds.containerscrub.enabled
2019-06-12 21:44:14,041 INFO  ratis.XceiverServerRatis (XceiverServerRatis.java:start(418)) - Starting XceiverServerRatis 0af8d7ed-cdc3-4672-8dee-c2f2e92dcb16 at port 36143
2019-06-12 21:44:14,044 INFO  impl.RaftServerProxy (RaftServerProxy.java:lambda$start$3(299)) - 0af8d7ed-cdc3-4672-8dee-c2f2e92dcb16: start RPC server
2019-06-12 21:44:14,045 INFO  server.GrpcService (GrpcService.java:startImpl(148)) - 0af8d7ed-cdc3-4672-8dee-c2f2e92dcb16: GrpcService started, listening on 0.0.0.0/0.0.0.0:36143
2019-06-12 21:44:14,199 INFO  ozoneimpl.OzoneContainer (OzoneContainer.java:start(186)) - Attempting to start container services.
2019-06-12 21:44:14,199 INFO  ozoneimpl.OzoneContainer (OzoneContainer.java:startContainerScrub(160)) - Background container scrubber has been disabled by hdds.containerscrub.enabled
2019-06-12 21:44:14,199 INFO  ratis.XceiverServerRatis (XceiverServerRatis.java:start(418)) - Starting XceiverServerRatis a8aae934-aed2-4f08-9370-5490ef92e037 at port 40495
2019-06-12 21:44:14,202 INFO  impl.RaftServerProxy (RaftServerProxy.java:lambda$start$3(299)) - a8aae934-aed2-4f08-9370-5490ef92e037: start RPC server
2019-06-12 21:44:14,203 INFO  server.GrpcService (GrpcService.java:startImpl(148)) - a8aae934-aed2-4f08-9370-5490ef92e037: GrpcService started, listening on 0.0.0.0/0.0.0.0:40495
2019-06-12 21:44:14,370 INFO  ozoneimpl.OzoneContainer (OzoneContainer.java:start(186)) - Attempting to start container services.
2019-06-12 21:44:14,370 INFO  ozoneimpl.OzoneContainer (OzoneContainer.java:startContainerScrub(160)) - Background container scrubber has been disabled by hdds.containerscrub.enabled
2019-06-12 21:44:14,370 INFO  ratis.XceiverServerRatis (XceiverServerRatis.java:start(418)) - Starting XceiverServerRatis cbf0fb0b-b22c-40ad-a0f4-9f5e3fbd8bb4 at port 34967
2019-06-12 21:44:14,426 INFO  impl.RaftServerProxy (RaftServerProxy.java:lambda$start$3(299)) - cbf0fb0b-b22c-40ad-a0f4-9f5e3fbd8bb4: start RPC server
2019-06-12 21:44:14,427 INFO  server.GrpcService (GrpcService.java:startImpl(148)) - cbf0fb0b-b22c-40ad-a0f4-9f5e3fbd8bb4: GrpcService started, listening on 0.0.0.0/0.0.0.0:34967
2019-06-12 21:44:14,567 INFO  ozoneimpl.OzoneContainer (OzoneContainer.java:start(186)) - Attempting to start container services.
2019-06-12 21:44:14,567 INFO  ozoneimpl.OzoneContainer (OzoneContainer.java:startContainerScrub(160)) - Background container scrubber has been disabled by hdds.containerscrub.enabled
2019-06-12 21:44:14,567 INFO  ratis.XceiverServerRatis (XceiverServerRatis.java:start(418)) - Starting XceiverServerRatis fff6f806-4670-40db-bf9c-9fa7df610fd8 at port 44993
2019-06-12 21:44:14,581 INFO  impl.RaftServerProxy (RaftServerProxy.java:lambda$start$3(299)) - fff6f806-4670-40db-bf9c-9fa7df610fd8: start RPC server
2019-06-12 21:44:14,582 INFO  server.GrpcService (GrpcService.java:startImpl(148)) - fff6f806-4670-40db-bf9c-9fa7df610fd8: GrpcService started, listening on 0.0.0.0/0.0.0.0:44993
2019-06-12 21:44:14,842 INFO  ozone.MiniOzoneClusterImpl (MiniOzoneClusterImpl.java:lambda$waitForClusterToBeReady$0(142)) - Waiting for cluster to be ready. Got 0 of 7 DN Heartbeats.
2019-06-12 21:44:14,849 INFO  ozoneimpl.OzoneContainer (OzoneContainer.java:start(186)) - Attempting to start container services.
2019-06-12 21:44:14,849 INFO  ozoneimpl.OzoneContainer (OzoneContainer.java:startContainerScrub(160)) - Background container scrubber has been disabled by hdds.containerscrub.enabled
2019-06-12 21:44:14,849 INFO  ratis.XceiverServerRatis (XceiverServerRatis.java:start(418)) - Starting XceiverServerRatis bc85daca-ab4a-48e2-9784-06c61baf41dc at port 34221
2019-06-12 21:44:14,852 INFO  impl.RaftServerProxy (RaftServerProxy.java:lambda$start$3(299)) - bc85daca-ab4a-48e2-9784-06c61baf41dc: start RPC server
2019-06-12 21:44:14,853 INFO  server.GrpcService (GrpcService.java:startImpl(148)) - bc85daca-ab4a-48e2-9784-06c61baf41dc: GrpcService started, listening on 0.0.0.0/0.0.0.0:34221
2019-06-12 21:44:15,639 INFO  node.SCMNodeManager (SCMNodeManager.java:register(234)) - Registered Data node : f7e24b40-db1f-4d13-973e-ab173e727c72{ip: 192.168.19.17, host: ozone-zc7hm-585872790, networkLocation: /default-rack, certSerialId: null}
2019-06-12 21:44:15,641 INFO  safemode.SCMSafeModeManager (DataNodeSafeModeRule.java:process(71)) - SCM in safe mode. 1 DataNodes registered, 1 required.
2019-06-12 21:44:15,643 INFO  safemode.SCMSafeModeManager (SCMSafeModeManager.java:validateSafeModeExitRules(177)) - ScmSafeModeManager, all rules are successfully validated
2019-06-12 21:44:15,643 INFO  safemode.SCMSafeModeManager (SCMSafeModeManager.java:exitSafeMode(193)) - SCM exiting safe mode.
2019-06-12 21:44:15,647 INFO  impl.RaftServerProxy (RaftServerProxy.java:addNew(89)) - f7e24b40-db1f-4d13-973e-ab173e727c72: addNew group-C919CCBA42E7:[f7e24b40-db1f-4d13-973e-ab173e727c72:192.168.19.17:43005] returns group-C919CCBA42E7:java.util.concurrent.CompletableFuture@74e4488[Not completed]
2019-06-12 21:44:15,648 INFO  impl.RaftServerImpl (RaftServerImpl.java:<init>(91)) - f7e24b40-db1f-4d13-973e-ab173e727c72: new RaftServerImpl for group-C919CCBA42E7:[f7e24b40-db1f-4d13-973e-ab173e727c72:192.168.19.17:43005] with ContainerStateMachine:uninitialized
2019-06-12 21:44:15,648 INFO  server.RaftServerConfigKeys (ConfUtils.java:logGet(43)) - raft.server.rpc.timeout.min = 1s (custom)
2019-06-12 21:44:15,648 INFO  server.RaftServerConfigKeys (ConfUtils.java:logGet(43)) - raft.server.rpc.timeout.max = 1200ms (custom)
2019-06-12 21:44:15,648 INFO  server.RaftServerConfigKeys (ConfUtils.java:logGet(43)) - raft.server.rpcslowness.timeout = 120s (custom)
2019-06-12 21:44:15,648 INFO  server.RaftServerConfigKeys (ConfUtils.java:logGet(43)) - raft.server.log.appender.install.snapshot.enabled = true (default)
2019-06-12 21:44:15,648 INFO  impl.RaftServerImpl (ServerState.java:<init>(101)) - f7e24b40-db1f-4d13-973e-ab173e727c72:group-C919CCBA42E7 ConfigurationManager, init=-1: [f7e24b40-db1f-4d13-973e-ab173e727c72:192.168.19.17:43005], old=null, confs=<EMPTY_MAP>
2019-06-12 21:44:15,648 INFO  server.RaftServerConfigKeys (ConfUtils.java:logGet(43)) - raft.server.storage.dir = [/opt/src/hadoop-ozone/integration-test/target/test-dir/MiniOzoneClusterImpl-080f3432-8231-466c-b232-eabbd037a79f/datanode-0/data/ratis] (custom)
2019-06-12 21:44:15,649 INFO  storage.RaftStorageDirectory (RaftStorageDirectory.java:analyzeStorage(246)) - The storage directory /opt/src/hadoop-ozone/integration-test/target/test-dir/MiniOzoneClusterImpl-080f3432-8231-466c-b232-eabbd037a79f/datanode-0/data/ratis/244180a6-b582-428b-96ab-c919ccba42e7 does not exist. Creating ...
2019-06-12 21:44:15,651 INFO  storage.RaftStorageDirectory (RaftStorageDirectory.java:tryLock(328)) - Lock on /opt/src/hadoop-ozone/integration-test/target/test-dir/MiniOzoneClusterImpl-080f3432-8231-466c-b232-eabbd037a79f/datanode-0/data/ratis/244180a6-b582-428b-96ab-c919ccba42e7/in_use.lock acquired by nodename 20036@ozone-zc7hm-585872790
2019-06-12 21:44:15,653 INFO  storage.RaftStorage (RaftStorage.java:format(75)) - Storage directory /opt/src/hadoop-ozone/integration-test/target/test-dir/MiniOzoneClusterImpl-080f3432-8231-466c-b232-eabbd037a79f/datanode-0/data/ratis/244180a6-b582-428b-96ab-c919ccba42e7 has been successfully formatted.
2019-06-12 21:44:15,653 INFO  ratis.ContainerStateMachine (ContainerStateMachine.java:loadSnapshot(199)) - The snapshot info is null.Setting the last applied index to:(t:0, i:~)
2019-06-12 21:44:15,653 INFO  server.RaftServerConfigKeys (ConfUtils.java:logGet(43)) - raft.server.leader.election.timeout = 120s (custom)
2019-06-12 21:44:15,653 INFO  server.RaftServerConfigKeys (ConfUtils.java:logGet(43)) - raft.server.log.use.memory = false (default)
2019-06-12 21:44:15,653 INFO  server.RaftServerConfigKeys (ConfUtils.java:logGet(43)) - raft.server.log.appender.buffer.byte-limit = 33554432 (custom)
2019-06-12 21:44:15,653 INFO  server.RaftServerConfigKeys (ConfUtils.java:logGet(43)) - raft.server.log.segment.size.max = 16384 (custom)
2019-06-12 21:44:15,653 INFO  server.RaftServerConfigKeys (ConfUtils.java:logGet(43)) - raft.server.log.segment.cache.num.max = 2 (custom)
2019-06-12 21:44:15,653 INFO  storage.RaftLogWorker (RaftLogWorker.java:<init>(123)) - new f7e24b40-db1f-4d13-973e-ab173e727c72-RaftLogWorker for Storage Directory /opt/src/hadoop-ozone/integration-test/target/test-dir/MiniOzoneClusterImpl-080f3432-8231-466c-b232-eabbd037a79f/datanode-0/data/ratis/244180a6-b582-428b-96ab-c919ccba42e7
2019-06-12 21:44:15,653 INFO  server.RaftServerConfigKeys (ConfUtils.java:logGet(43)) - raft.server.log.queue.byte-limit = 2147483647 (custom)
2019-06-12 21:44:15,653 INFO  server.RaftServerConfigKeys (ConfUtils.java:logGet(43)) - raft.server.log.queue.element-limit = 1024 (custom)
2019-06-12 21:44:15,653 INFO  server.RaftServerConfigKeys (ConfUtils.java:logGet(43)) - raft.server.log.segment.size.max = 16384 (custom)
2019-06-12 21:44:15,654 INFO  server.RaftServerConfigKeys (ConfUtils.java:logGet(43)) - raft.server.log.preallocated.size = 16384 (custom)
2019-06-12 21:44:15,654 INFO  server.RaftServerConfigKeys (ConfUtils.java:logGet(43)) - raft.server.log.write.buffer.size = 33554432 (custom)
2019-06-12 21:44:15,654 INFO  server.RaftServerConfigKeys (ConfUtils.java:logGet(43)) - raft.server.log.force.sync.num = 128 (default)
2019-06-12 21:44:15,654 INFO  server.RaftServerConfigKeys (ConfUtils.java:logGet(43)) - raft.server.log.statemachine.data.sync = true (default)
2019-06-12 21:44:15,654 INFO  server.RaftServerConfigKeys (ConfUtils.java:logGet(43)) - raft.server.log.statemachine.data.sync.timeout = 10s (default)
2019-06-12 21:44:15,654 INFO  server.RaftServerConfigKeys (ConfUtils.java:logGet(43)) - raft.server.log.statemachine.data.sync.timeout.retry = -1 (default)
2019-06-12 21:44:15,654 INFO  server.RaftServerConfigKeys (ConfUtils.java:logGet(43)) - raft.server.log.statemachine.data.caching.enabled = true (custom)
2019-06-12 21:44:15,654 INFO  server.RaftServerConfigKeys (ConfUtils.java:logGet(43)) - raft.server.snapshot.auto.trigger.enabled = true (custom)
2019-06-12 21:44:15,654 INFO  server.RaftServerConfigKeys (ConfUtils.java:logGet(43)) - raft.server.snapshot.auto.trigger.threshold = 10000 (custom)
2019-06-12 21:44:15,654 INFO  server.RaftServerConfigKeys (ConfUtils.java:logGet(43)) - raft.server.retrycache.expirytime = 600000ms (custom)
2019-06-12 21:44:15,654 INFO  impl.RaftServerImpl (RaftServerImpl.java:start(173)) - f7e24b40-db1f-4d13-973e-ab173e727c72: start group-C919CCBA42E7
2019-06-12 21:44:15,655 INFO  impl.RaftServerImpl (RaftServerImpl.java:setRole(164)) - f7e24b40-db1f-4d13-973e-ab173e727c72:group-C919CCBA42E7 changes role from null to FOLLOWER at term 0 for startAsFollower
2019-06-12 21:44:15,655 INFO  impl.RoleInfo (RoleInfo.java:updateAndGet(143)) - f7e24b40-db1f-4d13-973e-ab173e727c72: start FollowerState
2019-06-12 21:44:15,655 INFO  util.JmxRegister (JmxRegister.java:tryRegister(44)) - Successfully registered JMX Bean with object name Ratis:service=RaftServer,group=group-C919CCBA42E7,id=f7e24b40-db1f-4d13-973e-ab173e727c72
2019-06-12 21:44:15,658 INFO  pipeline.PipelineStateManager (PipelineStateManager.java:addPipeline(56)) - Created pipeline Pipeline[ Id: 244180a6-b582-428b-96ab-c919ccba42e7, Nodes: f7e24b40-db1f-4d13-973e-ab173e727c72{ip: 192.168.19.17, host: ozone-zc7hm-585872790, networkLocation: /default-rack, certSerialId: null}, Type:RATIS, Factor:ONE, State:OPEN]
2019-06-12 21:44:15,843 INFO  ozone.MiniOzoneClusterImpl (MiniOzoneClusterImpl.java:lambda$waitForClusterToBeReady$0(142)) - Waiting for cluster to be ready. Got 1 of 7 DN Heartbeats.
2019-06-12 21:44:15,887 INFO  node.SCMNodeManager (SCMNodeManager.java:register(234)) - Registered Data node : bd8ffccd-e3cb-4b22-95e6-c841533bad94{ip: 192.168.19.17, host: ozone-zc7hm-585872790, networkLocation: /default-rack, certSerialId: null}
2019-06-12 21:44:15,899 INFO  impl.RaftServerProxy (RaftServerProxy.java:addNew(89)) - bd8ffccd-e3cb-4b22-95e6-c841533bad94: addNew group-D8A8D787C3E5:[bd8ffccd-e3cb-4b22-95e6-c841533bad94:192.168.19.17:35697] returns group-D8A8D787C3E5:java.util.concurrent.CompletableFuture@57499de0[Not completed]
2019-06-12 21:44:15,900 INFO  impl.RaftServerImpl (RaftServerImpl.java:<init>(91)) - bd8ffccd-e3cb-4b22-95e6-c841533bad94: new RaftServerImpl for group-D8A8D787C3E5:[bd8ffccd-e3cb-4b22-95e6-c841533bad94:192.168.19.17:35697] with ContainerStateMachine:uninitialized
2019-06-12 21:44:15,900 INFO  server.RaftServerConfigKeys (ConfUtils.java:logGet(43)) - raft.server.rpc.timeout.min = 1s (custom)
2019-06-12 21:44:15,900 INFO  server.RaftServerConfigKeys (ConfUtils.java:logGet(43)) - raft.server.rpc.timeout.max = 1200ms (custom)
2019-06-12 21:44:15,900 INFO  server.RaftServerConfigKeys (ConfUtils.java:logGet(43)) - raft.server.rpcslowness.timeout = 120s (custom)
2019-06-12 21:44:15,900 INFO  server.RaftServerConfigKeys (ConfUtils.java:logGet(43)) - raft.server.log.appender.install.snapshot.enabled = true (default)
2019-06-12 21:44:15,900 INFO  impl.RaftServerImpl (ServerState.java:<init>(101)) - bd8ffccd-e3cb-4b22-95e6-c841533bad94:group-D8A8D787C3E5 ConfigurationManager, init=-1: [bd8ffccd-e3cb-4b22-95e6-c841533bad94:192.168.19.17:35697], old=null, confs=<EMPTY_MAP>
2019-06-12 21:44:15,900 INFO  server.RaftServerConfigKeys (ConfUtils.java:logGet(43)) - raft.server.storage.dir = [/opt/src/hadoop-ozone/integration-test/target/test-dir/MiniOzoneClusterImpl-080f3432-8231-466c-b232-eabbd037a79f/datanode-1/data/ratis] (custom)
2019-06-12 21:44:15,901 INFO  storage.RaftStorageDirectory (RaftStorageDirectory.java:analyzeStorage(246)) - The storage directory /opt/src/hadoop-ozone/integration-test/target/test-dir/MiniOzoneClusterImpl-080f3432-8231-466c-b232-eabbd037a79f/datanode-1/data/ratis/e4075164-551e-4d65-883b-d8a8d787c3e5 does not exist. Creating ...
2019-06-12 21:44:15,903 INFO  storage.RaftStorageDirectory (RaftStorageDirectory.java:tryLock(328)) - Lock on /opt/src/hadoop-ozone/integration-test/target/test-dir/MiniOzoneClusterImpl-080f3432-8231-466c-b232-eabbd037a79f/datanode-1/data/ratis/e4075164-551e-4d65-883b-d8a8d787c3e5/in_use.lock acquired by nodename 20036@ozone-zc7hm-585872790
2019-06-12 21:44:15,905 INFO  storage.RaftStorage (RaftStorage.java:format(75)) - Storage directory /opt/src/hadoop-ozone/integration-test/target/test-dir/MiniOzoneClusterImpl-080f3432-8231-466c-b232-eabbd037a79f/datanode-1/data/ratis/e4075164-551e-4d65-883b-d8a8d787c3e5 has been successfully formatted.
2019-06-12 21:44:15,905 INFO  ratis.ContainerStateMachine (ContainerStateMachine.java:loadSnapshot(199)) - The snapshot info is null.Setting the last applied index to:(t:0, i:~)
2019-06-12 21:44:15,905 INFO  server.RaftServerConfigKeys (ConfUtils.java:logGet(43)) - raft.server.leader.election.timeout = 120s (custom)
2019-06-12 21:44:15,905 INFO  server.RaftServerConfigKeys (ConfUtils.java:logGet(43)) - raft.server.log.use.memory = false (default)
2019-06-12 21:44:15,905 INFO  server.RaftServerConfigKeys (ConfUtils.java:logGet(43)) - raft.server.log.appender.buffer.byte-limit = 33554432 (custom)
2019-06-12 21:44:15,905 INFO  server.RaftServerConfigKeys (ConfUtils.java:logGet(43)) - raft.server.log.segment.size.max = 16384 (custom)
2019-06-12 21:44:15,905 INFO  server.RaftServerConfigKeys (ConfUtils.java:logGet(43)) - raft.server.log.segment.cache.num.max = 2 (custom)
2019-06-12 21:44:15,905 INFO  storage.RaftLogWorker (RaftLogWorker.java:<init>(123)) - new bd8ffccd-e3cb-4b22-95e6-c841533bad94-RaftLogWorker for Storage Directory /opt/src/hadoop-ozone/integration-test/target/test-dir/MiniOzoneClusterImpl-080f3432-8231-466c-b232-eabbd037a79f/datanode-1/data/ratis/e4075164-551e-4d65-883b-d8a8d787c3e5
2019-06-12 21:44:15,905 INFO  server.RaftServerConfigKeys (ConfUtils.java:logGet(43)) - raft.server.log.queue.byte-limit = 2147483647 (custom)
2019-06-12 21:44:15,906 INFO  server.RaftServerConfigKeys (ConfUtils.java:logGet(43)) - raft.server.log.queue.element-limit = 1024 (custom)
2019-06-12 21:44:15,906 INFO  server.RaftServerConfigKeys (ConfUtils.java:logGet(43)) - raft.server.log.segment.size.max = 16384 (custom)
2019-06-12 21:44:15,906 INFO  server.RaftServerConfigKeys (ConfUtils.java:logGet(43)) - raft.server.log.preallocated.size = 16384 (custom)
2019-06-12 21:44:15,906 INFO  server.RaftServerConfigKeys (ConfUtils.java:logGet(43)) - raft.server.log.write.buffer.size = 33554432 (custom)
2019-06-12 21:44:15,906 INFO  server.RaftServerConfigKeys (ConfUtils.java:logGet(43)) - raft.server.log.force.sync.num = 128 (default)
2019-06-12 21:44:15,906 INFO  server.RaftServerConfigKeys (ConfUtils.java:logGet(43)) - raft.server.log.statemachine.data.sync = true (default)
2019-06-12 21:44:15,906 INFO  server.RaftServerConfigKeys (ConfUtils.java:logGet(43)) - raft.server.log.statemachine.data.sync.timeout = 10s (default)
2019-06-12 21:44:15,906 INFO  server.RaftServerConfigKeys (ConfUtils.java:logGet(43)) - raft.server.log.statemachine.data.sync.timeout.retry = -1 (default)
2019-06-12 21:44:15,906 INFO  server.RaftServerConfigKeys (ConfUtils.java:logGet(43)) - raft.server.log.statemachine.data.caching.enabled = true (custom)
2019-06-12 21:44:15,906 INFO  server.RaftServerConfigKeys (ConfUtils.java:logGet(43)) - raft.server.snapshot.auto.trigger.enabled = true (custom)
2019-06-12 21:44:15,906 INFO  server.RaftServerConfigKeys (ConfUtils.java:logGet(43)) - raft.server.snapshot.auto.trigger.threshold = 10000 (custom)
2019-06-12 21:44:15,906 INFO  server.RaftServerConfigKeys (ConfUtils.java:logGet(43)) - raft.server.retrycache.expirytime = 600000ms (custom)
2019-06-12 21:44:15,907 INFO  impl.RaftServerImpl (RaftServerImpl.java:start(173)) - bd8ffccd-e3cb-4b22-95e6-c841533bad94: start group-D8A8D787C3E5
2019-06-12 21:44:15,907 INFO  impl.RaftServerImpl (RaftServerImpl.java:setRole(164)) - bd8ffccd-e3cb-4b22-95e6-c841533bad94:group-D8A8D787C3E5 changes role from null to FOLLOWER at term 0 for startAsFollower
2019-06-12 21:44:15,907 INFO  impl.RoleInfo (RoleInfo.java:updateAndGet(143)) - bd8ffccd-e3cb-4b22-95e6-c841533bad94: start FollowerState
2019-06-12 21:44:15,907 INFO  util.JmxRegister (JmxRegister.java:tryRegister(44)) - Successfully registered JMX Bean with object name Ratis:service=RaftServer,group=group-D8A8D787C3E5,id=bd8ffccd-e3cb-4b22-95e6-c841533bad94
2019-06-12 21:44:15,913 INFO  pipeline.PipelineStateManager (PipelineStateManager.java:addPipeline(56)) - Created pipeline Pipeline[ Id: e4075164-551e-4d65-883b-d8a8d787c3e5, Nodes: bd8ffccd-e3cb-4b22-95e6-c841533bad94{ip: 192.168.19.17, host: ozone-zc7hm-585872790, networkLocation: /default-rack, certSerialId: null}, Type:RATIS, Factor:ONE, State:OPEN]
2019-06-12 21:44:16,039 INFO  node.SCMNodeManager (SCMNodeManager.java:register(234)) - Registered Data node : 0af8d7ed-cdc3-4672-8dee-c2f2e92dcb16{ip: 192.168.19.17, host: ozone-zc7hm-585872790, networkLocation: /default-rack, certSerialId: null}
2019-06-12 21:44:16,047 INFO  impl.RaftServerProxy (RaftServerProxy.java:addNew(89)) - 0af8d7ed-cdc3-4672-8dee-c2f2e92dcb16: addNew group-353E207E5128:[0af8d7ed-cdc3-4672-8dee-c2f2e92dcb16:192.168.19.17:36143] returns group-353E207E5128:java.util.concurrent.CompletableFuture@3975ccc[Not completed]
2019-06-12 21:44:16,048 INFO  impl.RaftServerImpl (RaftServerImpl.java:<init>(91)) - 0af8d7ed-cdc3-4672-8dee-c2f2e92dcb16: new RaftServerImpl for group-353E207E5128:[0af8d7ed-cdc3-4672-8dee-c2f2e92dcb16:192.168.19.17:36143] with ContainerStateMachine:uninitialized
2019-06-12 21:44:16,048 INFO  server.RaftServerConfigKeys (ConfUtils.java:logGet(43)) - raft.server.rpc.timeout.min = 1s (custom)
2019-06-12 21:44:16,048 INFO  server.RaftServerConfigKeys (ConfUtils.java:logGet(43)) - raft.server.rpc.timeout.max = 1200ms (custom)
2019-06-12 21:44:16,048 INFO  server.RaftServerConfigKeys (ConfUtils.java:logGet(43)) - raft.server.rpcslowness.timeout = 120s (custom)
2019-06-12 21:44:16,048 INFO  server.RaftServerConfigKeys (ConfUtils.java:logGet(43)) - raft.server.log.appender.install.snapshot.enabled = true (default)
2019-06-12 21:44:16,048 INFO  impl.RaftServerImpl (ServerState.java:<init>(101)) - 0af8d7ed-cdc3-4672-8dee-c2f2e92dcb16:group-353E207E5128 ConfigurationManager, init=-1: [0af8d7ed-cdc3-4672-8dee-c2f2e92dcb16:192.168.19.17:36143], old=null, confs=<EMPTY_MAP>
2019-06-12 21:44:16,048 INFO  server.RaftServerConfigKeys (ConfUtils.java:logGet(43)) - raft.server.storage.dir = [/opt/src/hadoop-ozone/integration-test/target/test-dir/MiniOzoneClusterImpl-080f3432-8231-466c-b232-eabbd037a79f/datanode-2/data/ratis] (custom)
2019-06-12 21:44:16,048 INFO  storage.RaftStorageDirectory (RaftStorageDirectory.java:analyzeStorage(246)) - The storage directory /opt/src/hadoop-ozone/integration-test/target/test-dir/MiniOzoneClusterImpl-080f3432-8231-466c-b232-eabbd037a79f/datanode-2/data/ratis/6d94f7eb-c452-4107-9227-353e207e5128 does not exist. Creating ...
2019-06-12 21:44:16,050 INFO  storage.RaftStorageDirectory (RaftStorageDirectory.java:tryLock(328)) - Lock on /opt/src/hadoop-ozone/integration-test/target/test-dir/MiniOzoneClusterImpl-080f3432-8231-466c-b232-eabbd037a79f/datanode-2/data/ratis/6d94f7eb-c452-4107-9227-353e207e5128/in_use.lock acquired by nodename 20036@ozone-zc7hm-585872790
2019-06-12 21:44:16,052 INFO  storage.RaftStorage (RaftStorage.java:format(75)) - Storage directory /opt/src/hadoop-ozone/integration-test/target/test-dir/MiniOzoneClusterImpl-080f3432-8231-466c-b232-eabbd037a79f/datanode-2/data/ratis/6d94f7eb-c452-4107-9227-353e207e5128 has been successfully formatted.
2019-06-12 21:44:16,053 INFO  ratis.ContainerStateMachine (ContainerStateMachine.java:loadSnapshot(199)) - The snapshot info is null.Setting the last applied index to:(t:0, i:~)
2019-06-12 21:44:16,053 INFO  server.RaftServerConfigKeys (ConfUtils.java:logGet(43)) - raft.server.leader.election.timeout = 120s (custom)
2019-06-12 21:44:16,053 INFO  server.RaftServerConfigKeys (ConfUtils.java:logGet(43)) - raft.server.log.use.memory = false (default)
2019-06-12 21:44:16,053 INFO  server.RaftServerConfigKeys (ConfUtils.java:logGet(43)) - raft.server.log.appender.buffer.byte-limit = 33554432 (custom)
2019-06-12 21:44:16,053 INFO  server.RaftServerConfigKeys (ConfUtils.java:logGet(43)) - raft.server.log.segment.size.max = 16384 (custom)
2019-06-12 21:44:16,053 INFO  server.RaftServerConfigKeys (ConfUtils.java:logGet(43)) - raft.server.log.segment.cache.num.max = 2 (custom)
2019-06-12 21:44:16,053 INFO  storage.RaftLogWorker (RaftLogWorker.java:<init>(123)) - new 0af8d7ed-cdc3-4672-8dee-c2f2e92dcb16-RaftLogWorker for Storage Directory /opt/src/hadoop-ozone/integration-test/target/test-dir/MiniOzoneClusterImpl-080f3432-8231-466c-b232-eabbd037a79f/datanode-2/data/ratis/6d94f7eb-c452-4107-9227-353e207e5128
2019-06-12 21:44:16,053 INFO  server.RaftServerConfigKeys (ConfUtils.java:logGet(43)) - raft.server.log.queue.byte-limit = 2147483647 (custom)
2019-06-12 21:44:16,053 INFO  server.RaftServerConfigKeys (ConfUtils.java:logGet(43)) - raft.server.log.queue.element-limit = 1024 (custom)
2019-06-12 21:44:16,053 INFO  server.RaftServerConfigKeys (ConfUtils.java:logGet(43)) - raft.server.log.segment.size.max = 16384 (custom)
2019-06-12 21:44:16,053 INFO  server.RaftServerConfigKeys (ConfUtils.java:logGet(43)) - raft.server.log.preallocated.size = 16384 (custom)
2019-06-12 21:44:16,053 INFO  server.RaftServerConfigKeys (ConfUtils.java:logGet(43)) - raft.server.log.write.buffer.size = 33554432 (custom)
2019-06-12 21:44:16,053 INFO  server.RaftServerConfigKeys (ConfUtils.java:logGet(43)) - raft.server.log.force.sync.num = 128 (default)
2019-06-12 21:44:16,053 INFO  server.RaftServerConfigKeys (ConfUtils.java:logGet(43)) - raft.server.log.statemachine.data.sync = true (default)
2019-06-12 21:44:16,054 INFO  server.RaftServerConfigKeys (ConfUtils.java:logGet(43)) - raft.server.log.statemachine.data.sync.timeout = 10s (default)
2019-06-12 21:44:16,054 INFO  server.RaftServerConfigKeys (ConfUtils.java:logGet(43)) - raft.server.log.statemachine.data.sync.timeout.retry = -1 (default)
2019-06-12 21:44:16,054 INFO  server.RaftServerConfigKeys (ConfUtils.java:logGet(43)) - raft.server.log.statemachine.data.caching.enabled = true (custom)
2019-06-12 21:44:16,054 INFO  server.RaftServerConfigKeys (ConfUtils.java:logGet(43)) - raft.server.snapshot.auto.trigger.enabled = true (custom)
2019-06-12 21:44:16,054 INFO  server.RaftServerConfigKeys (ConfUtils.java:logGet(43)) - raft.server.snapshot.auto.trigger.threshold = 10000 (custom)
2019-06-12 21:44:16,054 INFO  server.RaftServerConfigKeys (ConfUtils.java:logGet(43)) - raft.server.retrycache.expirytime = 600000ms (custom)
2019-06-12 21:44:16,054 INFO  impl.RaftServerImpl (RaftServerImpl.java:start(173)) - 0af8d7ed-cdc3-4672-8dee-c2f2e92dcb16: start group-353E207E5128
2019-06-12 21:44:16,054 INFO  impl.RaftServerImpl (RaftServerImpl.java:setRole(164)) - 0af8d7ed-cdc3-4672-8dee-c2f2e92dcb16:group-353E207E5128 changes role from null to FOLLOWER at term 0 for startAsFollower
2019-06-12 21:44:16,054 INFO  impl.RoleInfo (RoleInfo.java:updateAndGet(143)) - 0af8d7ed-cdc3-4672-8dee-c2f2e92dcb16: start FollowerState
2019-06-12 21:44:16,055 INFO  util.JmxRegister (JmxRegister.java:tryRegister(44)) - Successfully registered JMX Bean with object name Ratis:service=RaftServer,group=group-353E207E5128,id=0af8d7ed-cdc3-4672-8dee-c2f2e92dcb16
2019-06-12 21:44:16,062 INFO  pipeline.PipelineStateManager (PipelineStateManager.java:addPipeline(56)) - Created pipeline Pipeline[ Id: 6d94f7eb-c452-4107-9227-353e207e5128, Nodes: 0af8d7ed-cdc3-4672-8dee-c2f2e92dcb16{ip: 192.168.19.17, host: ozone-zc7hm-585872790, networkLocation: /default-rack, certSerialId: null}, Type:RATIS, Factor:ONE, State:OPEN]
2019-06-12 21:44:16,070 INFO  impl.RaftServerProxy (RaftServerProxy.java:addNew(89)) - f7e24b40-db1f-4d13-973e-ab173e727c72: addNew group-EFCCD525F1EC:[bd8ffccd-e3cb-4b22-95e6-c841533bad94:192.168.19.17:35697, 0af8d7ed-cdc3-4672-8dee-c2f2e92dcb16:192.168.19.17:36143, f7e24b40-db1f-4d13-973e-ab173e727c72:192.168.19.17:43005] returns group-EFCCD525F1EC:java.util.concurrent.CompletableFuture@2f380742[Not completed]
2019-06-12 21:44:16,071 INFO  impl.RaftServerImpl (RaftServerImpl.java:<init>(91)) - f7e24b40-db1f-4d13-973e-ab173e727c72: new RaftServerImpl for group-EFCCD525F1EC:[bd8ffccd-e3cb-4b22-95e6-c841533bad94:192.168.19.17:35697, 0af8d7ed-cdc3-4672-8dee-c2f2e92dcb16:192.168.19.17:36143, f7e24b40-db1f-4d13-973e-ab173e727c72:192.168.19.17:43005] with ContainerStateMachine:uninitialized
2019-06-12 21:44:16,071 INFO  server.RaftServerConfigKeys (ConfUtils.java:logGet(43)) - raft.server.rpc.timeout.min = 1s (custom)
2019-06-12 21:44:16,071 INFO  server.RaftServerConfigKeys (ConfUtils.java:logGet(43)) - raft.server.rpc.timeout.max = 1200ms (custom)
2019-06-12 21:44:16,071 INFO  server.RaftServerConfigKeys (ConfUtils.java:logGet(43)) - raft.server.rpcslowness.timeout = 120s (custom)
2019-06-12 21:44:16,071 INFO  server.RaftServerConfigKeys (ConfUtils.java:logGet(43)) - raft.server.log.appender.install.snapshot.enabled = true (default)
2019-06-12 21:44:16,071 INFO  impl.RaftServerImpl (ServerState.java:<init>(101)) - f7e24b40-db1f-4d13-973e-ab173e727c72:group-EFCCD525F1EC ConfigurationManager, init=-1: [bd8ffccd-e3cb-4b22-95e6-c841533bad94:192.168.19.17:35697, 0af8d7ed-cdc3-4672-8dee-c2f2e92dcb16:192.168.19.17:36143, f7e24b40-db1f-4d13-973e-ab173e727c72:192.168.19.17:43005], old=null, confs=<EMPTY_MAP>
2019-06-12 21:44:16,071 INFO  server.RaftServerConfigKeys (ConfUtils.java:logGet(43)) - raft.server.storage.dir = [/opt/src/hadoop-ozone/integration-test/target/test-dir/MiniOzoneClusterImpl-080f3432-8231-466c-b232-eabbd037a79f/datanode-0/data/ratis] (custom)
2019-06-12 21:44:16,072 INFO  storage.RaftStorageDirectory (RaftStorageDirectory.java:analyzeStorage(246)) - The storage directory /opt/src/hadoop-ozone/integration-test/target/test-dir/MiniOzoneClusterImpl-080f3432-8231-466c-b232-eabbd037a79f/datanode-0/data/ratis/e39047b9-3419-41f0-b9f1-efccd525f1ec does not exist. Creating ...
2019-06-12 21:44:16,073 INFO  impl.RaftServerProxy (RaftServerProxy.java:addNew(89)) - 0af8d7ed-cdc3-4672-8dee-c2f2e92dcb16: addNew group-EFCCD525F1EC:[bd8ffccd-e3cb-4b22-95e6-c841533bad94:192.168.19.17:35697, 0af8d7ed-cdc3-4672-8dee-c2f2e92dcb16:192.168.19.17:36143, f7e24b40-db1f-4d13-973e-ab173e727c72:192.168.19.17:43005] returns group-EFCCD525F1EC:java.util.concurrent.CompletableFuture@5a277c29[Not completed]
2019-06-12 21:44:16,073 INFO  impl.RaftServerImpl (RaftServerImpl.java:<init>(91)) - 0af8d7ed-cdc3-4672-8dee-c2f2e92dcb16: new RaftServerImpl for group-EFCCD525F1EC:[bd8ffccd-e3cb-4b22-95e6-c841533bad94:192.168.19.17:35697, 0af8d7ed-cdc3-4672-8dee-c2f2e92dcb16:192.168.19.17:36143, f7e24b40-db1f-4d13-973e-ab173e727c72:192.168.19.17:43005] with ContainerStateMachine:uninitialized
2019-06-12 21:44:16,073 INFO  server.RaftServerConfigKeys (ConfUtils.java:logGet(43)) - raft.server.rpc.timeout.min = 1s (custom)
2019-06-12 21:44:16,073 INFO  server.RaftServerConfigKeys (ConfUtils.java:logGet(43)) - raft.server.rpc.timeout.max = 1200ms (custom)
2019-06-12 21:44:16,074 INFO  server.RaftServerConfigKeys (ConfUtils.java:logGet(43)) - raft.server.rpcslowness.timeout = 120s (custom)
2019-06-12 21:44:16,074 INFO  server.RaftServerConfigKeys (ConfUtils.java:logGet(43)) - raft.server.log.appender.install.snapshot.enabled = true (default)
2019-06-12 21:44:16,074 INFO  impl.RaftServerImpl (ServerState.java:<init>(101)) - 0af8d7ed-cdc3-4672-8dee-c2f2e92dcb16:group-EFCCD525F1EC ConfigurationManager, init=-1: [bd8ffccd-e3cb-4b22-95e6-c841533bad94:192.168.19.17:35697, 0af8d7ed-cdc3-4672-8dee-c2f2e92dcb16:192.168.19.17:36143, f7e24b40-db1f-4d13-973e-ab173e727c72:192.168.19.17:43005], old=null, confs=<EMPTY_MAP>
2019-06-12 21:44:16,074 INFO  server.RaftServerConfigKeys (ConfUtils.java:logGet(43)) - raft.server.storage.dir = [/opt/src/hadoop-ozone/integration-test/target/test-dir/MiniOzoneClusterImpl-080f3432-8231-466c-b232-eabbd037a79f/datanode-2/data/ratis] (custom)
2019-06-12 21:44:16,074 INFO  storage.RaftStorageDirectory (RaftStorageDirectory.java:analyzeStorage(246)) - The storage directory /opt/src/hadoop-ozone/integration-test/target/test-dir/MiniOzoneClusterImpl-080f3432-8231-466c-b232-eabbd037a79f/datanode-2/data/ratis/e39047b9-3419-41f0-b9f1-efccd525f1ec does not exist. Creating ...
2019-06-12 21:44:16,074 INFO  storage.RaftStorageDirectory (RaftStorageDirectory.java:tryLock(328)) - Lock on /opt/src/hadoop-ozone/integration-test/target/test-dir/MiniOzoneClusterImpl-080f3432-8231-466c-b232-eabbd037a79f/datanode-0/data/ratis/e39047b9-3419-41f0-b9f1-efccd525f1ec/in_use.lock acquired by nodename 20036@ozone-zc7hm-585872790
2019-06-12 21:44:16,076 INFO  storage.RaftStorageDirectory (RaftStorageDirectory.java:tryLock(328)) - Lock on /opt/src/hadoop-ozone/integration-test/target/test-dir/MiniOzoneClusterImpl-080f3432-8231-466c-b232-eabbd037a79f/datanode-2/data/ratis/e39047b9-3419-41f0-b9f1-efccd525f1ec/in_use.lock acquired by nodename 20036@ozone-zc7hm-585872790
2019-06-12 21:44:16,076 INFO  storage.RaftStorage (RaftStorage.java:format(75)) - Storage directory /opt/src/hadoop-ozone/integration-test/target/test-dir/MiniOzoneClusterImpl-080f3432-8231-466c-b232-eabbd037a79f/datanode-0/data/ratis/e39047b9-3419-41f0-b9f1-efccd525f1ec has been successfully formatted.
2019-06-12 21:44:16,077 INFO  ratis.ContainerStateMachine (ContainerStateMachine.java:loadSnapshot(199)) - The snapshot info is null.Setting the last applied index to:(t:0, i:~)
2019-06-12 21:44:16,077 INFO  server.RaftServerConfigKeys (ConfUtils.java:logGet(43)) - raft.server.leader.election.timeout = 120s (custom)
2019-06-12 21:44:16,077 INFO  server.RaftServerConfigKeys (ConfUtils.java:logGet(43)) - raft.server.log.use.memory = false (default)
2019-06-12 21:44:16,077 INFO  server.RaftServerConfigKeys (ConfUtils.java:logGet(43)) - raft.server.log.appender.buffer.byte-limit = 33554432 (custom)
2019-06-12 21:44:16,077 INFO  server.RaftServerConfigKeys (ConfUtils.java:logGet(43)) - raft.server.log.segment.size.max = 16384 (custom)
2019-06-12 21:44:16,077 INFO  server.RaftServerConfigKeys (ConfUtils.java:logGet(43)) - raft.server.log.segment.cache.num.max = 2 (custom)
2019-06-12 21:44:16,077 INFO  storage.RaftLogWorker (RaftLogWorker.java:<init>(123)) - new f7e24b40-db1f-4d13-973e-ab173e727c72-RaftLogWorker for Storage Directory /opt/src/hadoop-ozone/integration-test/target/test-dir/MiniOzoneClusterImpl-080f3432-8231-466c-b232-eabbd037a79f/datanode-0/data/ratis/e39047b9-3419-41f0-b9f1-efccd525f1ec
2019-06-12 21:44:16,077 INFO  server.RaftServerConfigKeys (ConfUtils.java:logGet(43)) - raft.server.log.queue.byte-limit = 2147483647 (custom)
2019-06-12 21:44:16,077 INFO  server.RaftServerConfigKeys (ConfUtils.java:logGet(43)) - raft.server.log.queue.element-limit = 1024 (custom)
2019-06-12 21:44:16,077 INFO  server.RaftServerConfigKeys (ConfUtils.java:logGet(43)) - raft.server.log.segment.size.max = 16384 (custom)
2019-06-12 21:44:16,078 INFO  server.RaftServerConfigKeys (ConfUtils.java:logGet(43)) - raft.server.log.preallocated.size = 16384 (custom)
2019-06-12 21:44:16,078 INFO  server.RaftServerConfigKeys (ConfUtils.java:logGet(43)) - raft.server.log.write.buffer.size = 33554432 (custom)
2019-06-12 21:44:16,078 INFO  server.RaftServerConfigKeys (ConfUtils.java:logGet(43)) - raft.server.log.force.sync.num = 128 (default)
2019-06-12 21:44:16,078 INFO  server.RaftServerConfigKeys (ConfUtils.java:logGet(43)) - raft.server.log.statemachine.data.sync = true (default)
2019-06-12 21:44:16,078 INFO  server.RaftServerConfigKeys (ConfUtils.java:logGet(43)) - raft.server.log.statemachine.data.sync.timeout = 10s (default)
2019-06-12 21:44:16,078 INFO  server.RaftServerConfigKeys (ConfUtils.java:logGet(43)) - raft.server.log.statemachine.data.sync.timeout.retry = -1 (default)
2019-06-12 21:44:16,078 INFO  server.RaftServerConfigKeys (ConfUtils.java:logGet(43)) - raft.server.log.statemachine.data.caching.enabled = true (custom)
2019-06-12 21:44:16,078 INFO  impl.RaftServerProxy (RaftServerProxy.java:addNew(89)) - bd8ffccd-e3cb-4b22-95e6-c841533bad94: addNew group-EFCCD525F1EC:[bd8ffccd-e3cb-4b22-95e6-c841533bad94:192.168.19.17:35697, 0af8d7ed-cdc3-4672-8dee-c2f2e92dcb16:192.168.19.17:36143, f7e24b40-db1f-4d13-973e-ab173e727c72:192.168.19.17:43005] returns group-EFCCD525F1EC:java.util.concurrent.CompletableFuture@202b3989[Not completed]
2019-06-12 21:44:16,078 INFO  server.RaftServerConfigKeys (ConfUtils.java:logGet(43)) - raft.server.snapshot.auto.trigger.enabled = true (custom)
2019-06-12 21:44:16,078 INFO  impl.RaftServerImpl (RaftServerImpl.java:<init>(91)) - bd8ffccd-e3cb-4b22-95e6-c841533bad94: new RaftServerImpl for group-EFCCD525F1EC:[bd8ffccd-e3cb-4b22-95e6-c841533bad94:192.168.19.17:35697, 0af8d7ed-cdc3-4672-8dee-c2f2e92dcb16:192.168.19.17:36143, f7e24b40-db1f-4d13-973e-ab173e727c72:192.168.19.17:43005] with ContainerStateMachine:uninitialized
2019-06-12 21:44:16,078 INFO  server.RaftServerConfigKeys (ConfUtils.java:logGet(43)) - raft.server.snapshot.auto.trigger.threshold = 10000 (custom)
2019-06-12 21:44:16,078 INFO  server.RaftServerConfigKeys (ConfUtils.java:logGet(43)) - raft.server.rpc.timeout.min = 1s (custom)
2019-06-12 21:44:16,078 INFO  storage.RaftStorage (RaftStorage.java:format(75)) - Storage directory /opt/src/hadoop-ozone/integration-test/target/test-dir/MiniOzoneClusterImpl-080f3432-8231-466c-b232-eabbd037a79f/datanode-2/data/ratis/e39047b9-3419-41f0-b9f1-efccd525f1ec has been successfully formatted.
2019-06-12 21:44:16,079 INFO  server.RaftServerConfigKeys (ConfUtils.java:logGet(43)) - raft.server.rpc.timeout.max = 1200ms (custom)
2019-06-12 21:44:16,079 INFO  server.RaftServerConfigKeys (ConfUtils.java:logGet(43)) - raft.server.retrycache.expirytime = 600000ms (custom)
2019-06-12 21:44:16,079 INFO  server.RaftServerConfigKeys (ConfUtils.java:logGet(43)) - raft.server.rpcslowness.timeout = 120s (custom)
2019-06-12 21:44:16,079 INFO  impl.RaftServerImpl (RaftServerImpl.java:start(173)) - f7e24b40-db1f-4d13-973e-ab173e727c72: start group-EFCCD525F1EC
2019-06-12 21:44:16,079 INFO  ratis.ContainerStateMachine (ContainerStateMachine.java:loadSnapshot(199)) - The snapshot info is null.Setting the last applied index to:(t:0, i:~)
2019-06-12 21:44:16,079 INFO  impl.RaftServerImpl (RaftServerImpl.java:setRole(164)) - f7e24b40-db1f-4d13-973e-ab173e727c72:group-EFCCD525F1EC changes role from null to FOLLOWER at term 0 for startAsFollower
2019-06-12 21:44:16,079 INFO  server.RaftServerConfigKeys (ConfUtils.java:logGet(43)) - raft.server.log.appender.install.snapshot.enabled = true (default)
2019-06-12 21:44:16,079 INFO  impl.RoleInfo (RoleInfo.java:updateAndGet(143)) - f7e24b40-db1f-4d13-973e-ab173e727c72: start FollowerState
2019-06-12 21:44:16,079 INFO  server.RaftServerConfigKeys (ConfUtils.java:logGet(43)) - raft.server.leader.election.timeout = 120s (custom)
2019-06-12 21:44:16,079 INFO  server.RaftServerConfigKeys (ConfUtils.java:logGet(43)) - raft.server.log.use.memory = false (default)
2019-06-12 21:44:16,079 INFO  server.RaftServerConfigKeys (ConfUtils.java:logGet(43)) - raft.server.log.appender.buffer.byte-limit = 33554432 (custom)
2019-06-12 21:44:16,079 INFO  server.RaftServerConfigKeys (ConfUtils.java:logGet(43)) - raft.server.log.segment.size.max = 16384 (custom)
2019-06-12 21:44:16,080 INFO  server.RaftServerConfigKeys (ConfUtils.java:logGet(43)) - raft.server.log.segment.cache.num.max = 2 (custom)
2019-06-12 21:44:16,080 INFO  storage.RaftLogWorker (RaftLogWorker.java:<init>(123)) - new 0af8d7ed-cdc3-4672-8dee-c2f2e92dcb16-RaftLogWorker for Storage Directory /opt/src/hadoop-ozone/integration-test/target/test-dir/MiniOzoneClusterImpl-080f3432-8231-466c-b232-eabbd037a79f/datanode-2/data/ratis/e39047b9-3419-41f0-b9f1-efccd525f1ec
2019-06-12 21:44:16,080 INFO  server.RaftServerConfigKeys (ConfUtils.java:logGet(43)) - raft.server.log.queue.byte-limit = 2147483647 (custom)
2019-06-12 21:44:16,080 INFO  server.RaftServerConfigKeys (ConfUtils.java:logGet(43)) - raft.server.log.queue.element-limit = 1024 (custom)
2019-06-12 21:44:16,080 INFO  server.RaftServerConfigKeys (ConfUtils.java:logGet(43)) - raft.server.log.segment.size.max = 16384 (custom)
2019-06-12 21:44:16,080 INFO  server.RaftServerConfigKeys (ConfUtils.java:logGet(43)) - raft.server.log.preallocated.size = 16384 (custom)
2019-06-12 21:44:16,080 INFO  server.RaftServerConfigKeys (ConfUtils.java:logGet(43)) - raft.server.log.write.buffer.size = 33554432 (custom)
2019-06-12 21:44:16,080 INFO  server.RaftServerConfigKeys (ConfUtils.java:logGet(43)) - raft.server.log.force.sync.num = 128 (default)
2019-06-12 21:44:16,080 INFO  server.RaftServerConfigKeys (ConfUtils.java:logGet(43)) - raft.server.log.statemachine.data.sync = true (default)
2019-06-12 21:44:16,080 INFO  server.RaftServerConfigKeys (ConfUtils.java:logGet(43)) - raft.server.log.statemachine.data.sync.timeout = 10s (default)
2019-06-12 21:44:16,080 INFO  server.RaftServerConfigKeys (ConfUtils.java:logGet(43)) - raft.server.log.statemachine.data.sync.timeout.retry = -1 (default)
2019-06-12 21:44:16,080 INFO  server.RaftServerConfigKeys (ConfUtils.java:logGet(43)) - raft.server.log.statemachine.data.caching.enabled = true (custom)
2019-06-12 21:44:16,079 INFO  impl.RaftServerImpl (ServerState.java:<init>(101)) - bd8ffccd-e3cb-4b22-95e6-c841533bad94:group-EFCCD525F1EC ConfigurationManager, init=-1: [bd8ffccd-e3cb-4b22-95e6-c841533bad94:192.168.19.17:35697, 0af8d7ed-cdc3-4672-8dee-c2f2e92dcb16:192.168.19.17:36143, f7e24b40-db1f-4d13-973e-ab173e727c72:192.168.19.17:43005], old=null, confs=<EMPTY_MAP>
2019-06-12 21:44:16,080 INFO  server.RaftServerConfigKeys (ConfUtils.java:logGet(43)) - raft.server.snapshot.auto.trigger.enabled = true (custom)
2019-06-12 21:44:16,079 INFO  util.JmxRegister (JmxRegister.java:tryRegister(44)) - Successfully registered JMX Bean with object name Ratis:service=RaftServer,group=group-EFCCD525F1EC,id=f7e24b40-db1f-4d13-973e-ab173e727c72
2019-06-12 21:44:16,081 INFO  server.RaftServerConfigKeys (ConfUtils.java:logGet(43)) - raft.server.snapshot.auto.trigger.threshold = 10000 (custom)
2019-06-12 21:44:16,081 INFO  server.RaftServerConfigKeys (ConfUtils.java:logGet(43)) - raft.server.storage.dir = [/opt/src/hadoop-ozone/integration-test/target/test-dir/MiniOzoneClusterImpl-080f3432-8231-466c-b232-eabbd037a79f/datanode-1/data/ratis] (custom)
2019-06-12 21:44:16,081 INFO  server.RaftServerConfigKeys (ConfUtils.java:logGet(43)) - raft.server.retrycache.expirytime = 600000ms (custom)
2019-06-12 21:44:16,081 INFO  impl.RaftServerImpl (RaftServerImpl.java:start(173)) - 0af8d7ed-cdc3-4672-8dee-c2f2e92dcb16: start group-EFCCD525F1EC
2019-06-12 21:44:16,081 INFO  storage.RaftStorageDirectory (RaftStorageDirectory.java:analyzeStorage(246)) - The storage directory /opt/src/hadoop-ozone/integration-test/target/test-dir/MiniOzoneClusterImpl-080f3432-8231-466c-b232-eabbd037a79f/datanode-1/data/ratis/e39047b9-3419-41f0-b9f1-efccd525f1ec does not exist. Creating ...
2019-06-12 21:44:16,081 INFO  impl.RaftServerImpl (RaftServerImpl.java:setRole(164)) - 0af8d7ed-cdc3-4672-8dee-c2f2e92dcb16:group-EFCCD525F1EC changes role from null to FOLLOWER at term 0 for startAsFollower
2019-06-12 21:44:16,081 INFO  impl.RoleInfo (RoleInfo.java:updateAndGet(143)) - 0af8d7ed-cdc3-4672-8dee-c2f2e92dcb16: start FollowerState
2019-06-12 21:44:16,084 INFO  storage.RaftStorageDirectory (RaftStorageDirectory.java:tryLock(328)) - Lock on /opt/src/hadoop-ozone/integration-test/target/test-dir/MiniOzoneClusterImpl-080f3432-8231-466c-b232-eabbd037a79f/datanode-1/data/ratis/e39047b9-3419-41f0-b9f1-efccd525f1ec/in_use.lock acquired by nodename 20036@ozone-zc7hm-585872790
2019-06-12 21:44:16,084 INFO  util.JmxRegister (JmxRegister.java:tryRegister(44)) - Successfully registered JMX Bean with object name Ratis:service=RaftServer,group=group-EFCCD525F1EC,id=0af8d7ed-cdc3-4672-8dee-c2f2e92dcb16
2019-06-12 21:44:16,087 INFO  storage.RaftStorage (RaftStorage.java:format(75)) - Storage directory /opt/src/hadoop-ozone/integration-test/target/test-dir/MiniOzoneClusterImpl-080f3432-8231-466c-b232-eabbd037a79f/datanode-1/data/ratis/e39047b9-3419-41f0-b9f1-efccd525f1ec has been successfully formatted.
2019-06-12 21:44:16,087 INFO  ratis.ContainerStateMachine (ContainerStateMachine.java:loadSnapshot(199)) - The snapshot info is null.Setting the last applied index to:(t:0, i:~)
2019-06-12 21:44:16,087 INFO  server.RaftServerConfigKeys (ConfUtils.java:logGet(43)) - raft.server.leader.election.timeout = 120s (custom)
2019-06-12 21:44:16,087 INFO  server.RaftServerConfigKeys (ConfUtils.java:logGet(43)) - raft.server.log.use.memory = false (default)
2019-06-12 21:44:16,087 INFO  server.RaftServerConfigKeys (ConfUtils.java:logGet(43)) - raft.server.log.appender.buffer.byte-limit = 33554432 (custom)
2019-06-12 21:44:16,087 INFO  server.RaftServerConfigKeys (ConfUtils.java:logGet(43)) - raft.server.log.segment.size.max = 16384 (custom)
2019-06-12 21:44:16,087 INFO  server.RaftServerConfigKeys (ConfUtils.java:logGet(43)) - raft.server.log.segment.cache.num.max = 2 (custom)
2019-06-12 21:44:16,087 INFO  storage.RaftLogWorker (RaftLogWorker.java:<init>(123)) - new bd8ffccd-e3cb-4b22-95e6-c841533bad94-RaftLogWorker for Storage Directory /opt/src/hadoop-ozone/integration-test/target/test-dir/MiniOzoneClusterImpl-080f3432-8231-466c-b232-eabbd037a79f/datanode-1/data/ratis/e39047b9-3419-41f0-b9f1-efccd525f1ec
2019-06-12 21:44:16,087 INFO  server.RaftServerConfigKeys (ConfUtils.java:logGet(43)) - raft.server.log.queue.byte-limit = 2147483647 (custom)
2019-06-12 21:44:16,088 INFO  server.RaftServerConfigKeys (ConfUtils.java:logGet(43)) - raft.server.log.queue.element-limit = 1024 (custom)
2019-06-12 21:44:16,088 INFO  server.RaftServerConfigKeys (ConfUtils.java:logGet(43)) - raft.server.log.segment.size.max = 16384 (custom)
2019-06-12 21:44:16,088 INFO  server.RaftServerConfigKeys (ConfUtils.java:logGet(43)) - raft.server.log.preallocated.size = 16384 (custom)
2019-06-12 21:44:16,088 INFO  server.RaftServerConfigKeys (ConfUtils.java:logGet(43)) - raft.server.log.write.buffer.size = 33554432 (custom)
2019-06-12 21:44:16,088 INFO  server.RaftServerConfigKeys (ConfUtils.java:logGet(43)) - raft.server.log.force.sync.num = 128 (default)
2019-06-12 21:44:16,088 INFO  server.RaftServerConfigKeys (ConfUtils.java:logGet(43)) - raft.server.log.statemachine.data.sync = true (default)
2019-06-12 21:44:16,088 INFO  server.RaftServerConfigKeys (ConfUtils.java:logGet(43)) - raft.server.log.statemachine.data.sync.timeout = 10s (default)
2019-06-12 21:44:16,088 INFO  server.RaftServerConfigKeys (ConfUtils.java:logGet(43)) - raft.server.log.statemachine.data.sync.timeout.retry = -1 (default)
2019-06-12 21:44:16,088 INFO  server.RaftServerConfigKeys (ConfUtils.java:logGet(43)) - raft.server.log.statemachine.data.caching.enabled = true (custom)
2019-06-12 21:44:16,088 INFO  server.RaftServerConfigKeys (ConfUtils.java:logGet(43)) - raft.server.snapshot.auto.trigger.enabled = true (custom)
2019-06-12 21:44:16,088 INFO  server.RaftServerConfigKeys (ConfUtils.java:logGet(43)) - raft.server.snapshot.auto.trigger.threshold = 10000 (custom)
2019-06-12 21:44:16,089 INFO  server.RaftServerConfigKeys (ConfUtils.java:logGet(43)) - raft.server.retrycache.expirytime = 600000ms (custom)
2019-06-12 21:44:16,089 INFO  impl.RaftServerImpl (RaftServerImpl.java:start(173)) - bd8ffccd-e3cb-4b22-95e6-c841533bad94: start group-EFCCD525F1EC
2019-06-12 21:44:16,089 INFO  impl.RaftServerImpl (RaftServerImpl.java:setRole(164)) - bd8ffccd-e3cb-4b22-95e6-c841533bad94:group-EFCCD525F1EC changes role from null to FOLLOWER at term 0 for startAsFollower
2019-06-12 21:44:16,089 INFO  impl.RoleInfo (RoleInfo.java:updateAndGet(143)) - bd8ffccd-e3cb-4b22-95e6-c841533bad94: start FollowerState
2019-06-12 21:44:16,089 INFO  util.JmxRegister (JmxRegister.java:tryRegister(44)) - Successfully registered JMX Bean with object name Ratis:service=RaftServer,group=group-EFCCD525F1EC,id=bd8ffccd-e3cb-4b22-95e6-c841533bad94
2019-06-12 21:44:16,092 INFO  pipeline.PipelineStateManager (PipelineStateManager.java:addPipeline(56)) - Created pipeline Pipeline[ Id: e39047b9-3419-41f0-b9f1-efccd525f1ec, Nodes: bd8ffccd-e3cb-4b22-95e6-c841533bad94{ip: 192.168.19.17, host: ozone-zc7hm-585872790, networkLocation: /default-rack, certSerialId: null}0af8d7ed-cdc3-4672-8dee-c2f2e92dcb16{ip: 192.168.19.17, host: ozone-zc7hm-585872790, networkLocation: /default-rack, certSerialId: null}f7e24b40-db1f-4d13-973e-ab173e727c72{ip: 192.168.19.17, host: ozone-zc7hm-585872790, networkLocation: /default-rack, certSerialId: null}, Type:RATIS, Factor:THREE, State:OPEN]
2019-06-12 21:44:16,196 INFO  node.SCMNodeManager (SCMNodeManager.java:register(234)) - Registered Data node : a8aae934-aed2-4f08-9370-5490ef92e037{ip: 192.168.19.17, host: ozone-zc7hm-585872790, networkLocation: /default-rack, certSerialId: null}
2019-06-12 21:44:16,204 INFO  impl.RaftServerProxy (RaftServerProxy.java:addNew(89)) - a8aae934-aed2-4f08-9370-5490ef92e037: addNew group-A596B3D15D9A:[a8aae934-aed2-4f08-9370-5490ef92e037:192.168.19.17:40495] returns group-A596B3D15D9A:java.util.concurrent.CompletableFuture@23828295[Not completed]
2019-06-12 21:44:16,206 INFO  impl.RaftServerImpl (RaftServerImpl.java:<init>(91)) - a8aae934-aed2-4f08-9370-5490ef92e037: new RaftServerImpl for group-A596B3D15D9A:[a8aae934-aed2-4f08-9370-5490ef92e037:192.168.19.17:40495] with ContainerStateMachine:uninitialized
2019-06-12 21:44:16,206 INFO  server.RaftServerConfigKeys (ConfUtils.java:logGet(43)) - raft.server.rpc.timeout.min = 1s (custom)
2019-06-12 21:44:16,206 INFO  server.RaftServerConfigKeys (ConfUtils.java:logGet(43)) - raft.server.rpc.timeout.max = 1200ms (custom)
2019-06-12 21:44:16,206 INFO  server.RaftServerConfigKeys (ConfUtils.java:logGet(43)) - raft.server.rpcslowness.timeout = 120s (custom)
2019-06-12 21:44:16,206 INFO  server.RaftServerConfigKeys (ConfUtils.java:logGet(43)) - raft.server.log.appender.install.snapshot.enabled = true (default)
2019-06-12 21:44:16,206 INFO  impl.RaftServerImpl (ServerState.java:<init>(101)) - a8aae934-aed2-4f08-9370-5490ef92e037:group-A596B3D15D9A ConfigurationManager, init=-1: [a8aae934-aed2-4f08-9370-5490ef92e037:192.168.19.17:40495], old=null, confs=<EMPTY_MAP>
2019-06-12 21:44:16,206 INFO  server.RaftServerConfigKeys (ConfUtils.java:logGet(43)) - raft.server.storage.dir = [/opt/src/hadoop-ozone/integration-test/target/test-dir/MiniOzoneClusterImpl-080f3432-8231-466c-b232-eabbd037a79f/datanode-3/data/ratis] (custom)
2019-06-12 21:44:16,207 INFO  storage.RaftStorageDirectory (RaftStorageDirectory.java:analyzeStorage(246)) - The storage directory /opt/src/hadoop-ozone/integration-test/target/test-dir/MiniOzoneClusterImpl-080f3432-8231-466c-b232-eabbd037a79f/datanode-3/data/ratis/6f05aeef-868e-4f8f-821e-a596b3d15d9a does not exist. Creating ...
2019-06-12 21:44:16,209 INFO  storage.RaftStorageDirectory (RaftStorageDirectory.java:tryLock(328)) - Lock on /opt/src/hadoop-ozone/integration-test/target/test-dir/MiniOzoneClusterImpl-080f3432-8231-466c-b232-eabbd037a79f/datanode-3/data/ratis/6f05aeef-868e-4f8f-821e-a596b3d15d9a/in_use.lock acquired by nodename 20036@ozone-zc7hm-585872790
2019-06-12 21:44:16,211 INFO  storage.RaftStorage (RaftStorage.java:format(75)) - Storage directory /opt/src/hadoop-ozone/integration-test/target/test-dir/MiniOzoneClusterImpl-080f3432-8231-466c-b232-eabbd037a79f/datanode-3/data/ratis/6f05aeef-868e-4f8f-821e-a596b3d15d9a has been successfully formatted.
2019-06-12 21:44:16,211 INFO  ratis.ContainerStateMachine (ContainerStateMachine.java:loadSnapshot(199)) - The snapshot info is null.Setting the last applied index to:(t:0, i:~)
2019-06-12 21:44:16,211 INFO  server.RaftServerConfigKeys (ConfUtils.java:logGet(43)) - raft.server.leader.election.timeout = 120s (custom)
2019-06-12 21:44:16,212 INFO  server.RaftServerConfigKeys (ConfUtils.java:logGet(43)) - raft.server.log.use.memory = false (default)
2019-06-12 21:44:16,212 INFO  server.RaftServerConfigKeys (ConfUtils.java:logGet(43)) - raft.server.log.appender.buffer.byte-limit = 33554432 (custom)
2019-06-12 21:44:16,212 INFO  server.RaftServerConfigKeys (ConfUtils.java:logGet(43)) - raft.server.log.segment.size.max = 16384 (custom)
2019-06-12 21:44:16,212 INFO  server.RaftServerConfigKeys (ConfUtils.java:logGet(43)) - raft.server.log.segment.cache.num.max = 2 (custom)
2019-06-12 21:44:16,212 INFO  storage.RaftLogWorker (RaftLogWorker.java:<init>(123)) - new a8aae934-aed2-4f08-9370-5490ef92e037-RaftLogWorker for Storage Directory /opt/src/hadoop-ozone/integration-test/target/test-dir/MiniOzoneClusterImpl-080f3432-8231-466c-b232-eabbd037a79f/datanode-3/data/ratis/6f05aeef-868e-4f8f-821e-a596b3d15d9a
2019-06-12 21:44:16,212 INFO  server.RaftServerConfigKeys (ConfUtils.java:logGet(43)) - raft.server.log.queue.byte-limit = 2147483647 (custom)
2019-06-12 21:44:16,212 INFO  server.RaftServerConfigKeys (ConfUtils.java:logGet(43)) - raft.server.log.queue.element-limit = 1024 (custom)
2019-06-12 21:44:16,212 INFO  server.RaftServerConfigKeys (ConfUtils.java:logGet(43)) - raft.server.log.segment.size.max = 16384 (custom)
2019-06-12 21:44:16,212 INFO  server.RaftServerConfigKeys (ConfUtils.java:logGet(43)) - raft.server.log.preallocated.size = 16384 (custom)
2019-06-12 21:44:16,212 INFO  server.RaftServerConfigKeys (ConfUtils.java:logGet(43)) - raft.server.log.write.buffer.size = 33554432 (custom)
2019-06-12 21:44:16,213 INFO  server.RaftServerConfigKeys (ConfUtils.java:logGet(43)) - raft.server.log.force.sync.num = 128 (default)
2019-06-12 21:44:16,213 INFO  server.RaftServerConfigKeys (ConfUtils.java:logGet(43)) - raft.server.log.statemachine.data.sync = true (default)
2019-06-12 21:44:16,213 INFO  server.RaftServerConfigKeys (ConfUtils.java:logGet(43)) - raft.server.log.statemachine.data.sync.timeout = 10s (default)
2019-06-12 21:44:16,213 INFO  server.RaftServerConfigKeys (ConfUtils.java:logGet(43)) - raft.server.log.statemachine.data.sync.timeout.retry = -1 (default)
2019-06-12 21:44:16,213 INFO  server.RaftServerConfigKeys (ConfUtils.java:logGet(43)) - raft.server.log.statemachine.data.caching.enabled = true (custom)
2019-06-12 21:44:16,213 INFO  server.RaftServerConfigKeys (ConfUtils.java:logGet(43)) - raft.server.snapshot.auto.trigger.enabled = true (custom)
2019-06-12 21:44:16,213 INFO  server.RaftServerConfigKeys (ConfUtils.java:logGet(43)) - raft.server.snapshot.auto.trigger.threshold = 10000 (custom)
2019-06-12 21:44:16,214 INFO  server.RaftServerConfigKeys (ConfUtils.java:logGet(43)) - raft.server.retrycache.expirytime = 600000ms (custom)
2019-06-12 21:44:16,214 INFO  impl.RaftServerImpl (RaftServerImpl.java:start(173)) - a8aae934-aed2-4f08-9370-5490ef92e037: start group-A596B3D15D9A
2019-06-12 21:44:16,214 INFO  impl.RaftServerImpl (RaftServerImpl.java:setRole(164)) - a8aae934-aed2-4f08-9370-5490ef92e037:group-A596B3D15D9A changes role from null to FOLLOWER at term 0 for startAsFollower
2019-06-12 21:44:16,214 INFO  impl.RoleInfo (RoleInfo.java:updateAndGet(143)) - a8aae934-aed2-4f08-9370-5490ef92e037: start FollowerState
2019-06-12 21:44:16,214 INFO  util.JmxRegister (JmxRegister.java:tryRegister(44)) - Successfully registered JMX Bean with object name Ratis:service=RaftServer,group=group-A596B3D15D9A,id=a8aae934-aed2-4f08-9370-5490ef92e037
2019-06-12 21:44:16,217 INFO  pipeline.PipelineStateManager (PipelineStateManager.java:addPipeline(56)) - Created pipeline Pipeline[ Id: 6f05aeef-868e-4f8f-821e-a596b3d15d9a, Nodes: a8aae934-aed2-4f08-9370-5490ef92e037{ip: 192.168.19.17, host: ozone-zc7hm-585872790, networkLocation: /default-rack, certSerialId: null}, Type:RATIS, Factor:ONE, State:OPEN]
2019-06-12 21:44:16,366 INFO  node.SCMNodeManager (SCMNodeManager.java:register(234)) - Registered Data node : cbf0fb0b-b22c-40ad-a0f4-9f5e3fbd8bb4{ip: 192.168.19.17, host: ozone-zc7hm-585872790, networkLocation: /default-rack, certSerialId: null}
2019-06-12 21:44:16,372 INFO  impl.RaftServerProxy (RaftServerProxy.java:addNew(89)) - cbf0fb0b-b22c-40ad-a0f4-9f5e3fbd8bb4: addNew group-CCB9C347A991:[cbf0fb0b-b22c-40ad-a0f4-9f5e3fbd8bb4:192.168.19.17:34967] returns group-CCB9C347A991:java.util.concurrent.CompletableFuture@5d71075d[Not completed]
2019-06-12 21:44:16,372 INFO  impl.RaftServerImpl (RaftServerImpl.java:<init>(91)) - cbf0fb0b-b22c-40ad-a0f4-9f5e3fbd8bb4: new RaftServerImpl for group-CCB9C347A991:[cbf0fb0b-b22c-40ad-a0f4-9f5e3fbd8bb4:192.168.19.17:34967] with ContainerStateMachine:uninitialized
2019-06-12 21:44:16,372 INFO  server.RaftServerConfigKeys (ConfUtils.java:logGet(43)) - raft.server.rpc.timeout.min = 1s (custom)
2019-06-12 21:44:16,372 INFO  server.RaftServerConfigKeys (ConfUtils.java:logGet(43)) - raft.server.rpc.timeout.max = 1200ms (custom)
2019-06-12 21:44:16,373 INFO  server.RaftServerConfigKeys (ConfUtils.java:logGet(43)) - raft.server.rpcslowness.timeout = 120s (custom)
2019-06-12 21:44:16,373 INFO  server.RaftServerConfigKeys (ConfUtils.java:logGet(43)) - raft.server.log.appender.install.snapshot.enabled = true (default)
2019-06-12 21:44:16,373 INFO  impl.RaftServerImpl (ServerState.java:<init>(101)) - cbf0fb0b-b22c-40ad-a0f4-9f5e3fbd8bb4:group-CCB9C347A991 ConfigurationManager, init=-1: [cbf0fb0b-b22c-40ad-a0f4-9f5e3fbd8bb4:192.168.19.17:34967], old=null, confs=<EMPTY_MAP>
2019-06-12 21:44:16,373 INFO  server.RaftServerConfigKeys (ConfUtils.java:logGet(43)) - raft.server.storage.dir = [/opt/src/hadoop-ozone/integration-test/target/test-dir/MiniOzoneClusterImpl-080f3432-8231-466c-b232-eabbd037a79f/datanode-4/data/ratis] (custom)
2019-06-12 21:44:16,373 INFO  storage.RaftStorageDirectory (RaftStorageDirectory.java:analyzeStorage(246)) - The storage directory /opt/src/hadoop-ozone/integration-test/target/test-dir/MiniOzoneClusterImpl-080f3432-8231-466c-b232-eabbd037a79f/datanode-4/data/ratis/50ee669a-6333-4ae3-aed8-ccb9c347a991 does not exist. Creating ...
2019-06-12 21:44:16,375 INFO  storage.RaftStorageDirectory (RaftStorageDirectory.java:tryLock(328)) - Lock on /opt/src/hadoop-ozone/integration-test/target/test-dir/MiniOzoneClusterImpl-080f3432-8231-466c-b232-eabbd037a79f/datanode-4/data/ratis/50ee669a-6333-4ae3-aed8-ccb9c347a991/in_use.lock acquired by nodename 20036@ozone-zc7hm-585872790
2019-06-12 21:44:16,377 INFO  storage.RaftStorage (RaftStorage.java:format(75)) - Storage directory /opt/src/hadoop-ozone/integration-test/target/test-dir/MiniOzoneClusterImpl-080f3432-8231-466c-b232-eabbd037a79f/datanode-4/data/ratis/50ee669a-6333-4ae3-aed8-ccb9c347a991 has been successfully formatted.
2019-06-12 21:44:16,377 INFO  ratis.ContainerStateMachine (ContainerStateMachine.java:loadSnapshot(199)) - The snapshot info is null.Setting the last applied index to:(t:0, i:~)
2019-06-12 21:44:16,377 INFO  server.RaftServerConfigKeys (ConfUtils.java:logGet(43)) - raft.server.leader.election.timeout = 120s (custom)
2019-06-12 21:44:16,377 INFO  server.RaftServerConfigKeys (ConfUtils.java:logGet(43)) - raft.server.log.use.memory = false (default)
2019-06-12 21:44:16,378 INFO  server.RaftServerConfigKeys (ConfUtils.java:logGet(43)) - raft.server.log.appender.buffer.byte-limit = 33554432 (custom)
2019-06-12 21:44:16,378 INFO  server.RaftServerConfigKeys (ConfUtils.java:logGet(43)) - raft.server.log.segment.size.max = 16384 (custom)
2019-06-12 21:44:16,378 INFO  server.RaftServerConfigKeys (ConfUtils.java:logGet(43)) - raft.server.log.segment.cache.num.max = 2 (custom)
2019-06-12 21:44:16,378 INFO  storage.RaftLogWorker (RaftLogWorker.java:<init>(123)) - new cbf0fb0b-b22c-40ad-a0f4-9f5e3fbd8bb4-RaftLogWorker for Storage Directory /opt/src/hadoop-ozone/integration-test/target/test-dir/MiniOzoneClusterImpl-080f3432-8231-466c-b232-eabbd037a79f/datanode-4/data/ratis/50ee669a-6333-4ae3-aed8-ccb9c347a991
2019-06-12 21:44:16,378 INFO  server.RaftServerConfigKeys (ConfUtils.java:logGet(43)) - raft.server.log.queue.byte-limit = 2147483647 (custom)
2019-06-12 21:44:16,378 INFO  server.RaftServerConfigKeys (ConfUtils.java:logGet(43)) - raft.server.log.queue.element-limit = 1024 (custom)
2019-06-12 21:44:16,378 INFO  server.RaftServerConfigKeys (ConfUtils.java:logGet(43)) - raft.server.log.segment.size.max = 16384 (custom)
2019-06-12 21:44:16,378 INFO  server.RaftServerConfigKeys (ConfUtils.java:logGet(43)) - raft.server.log.preallocated.size = 16384 (custom)
2019-06-12 21:44:16,378 INFO  server.RaftServerConfigKeys (ConfUtils.java:logGet(43)) - raft.server.log.write.buffer.size = 33554432 (custom)
2019-06-12 21:44:16,378 INFO  server.RaftServerConfigKeys (ConfUtils.java:logGet(43)) - raft.server.log.force.sync.num = 128 (default)
2019-06-12 21:44:16,378 INFO  server.RaftServerConfigKeys (ConfUtils.java:logGet(43)) - raft.server.log.statemachine.data.sync = true (default)
2019-06-12 21:44:16,378 INFO  server.RaftServerConfigKeys (ConfUtils.java:logGet(43)) - raft.server.log.statemachine.data.sync.timeout = 10s (default)
2019-06-12 21:44:16,378 INFO  server.RaftServerConfigKeys (ConfUtils.java:logGet(43)) - raft.server.log.statemachine.data.sync.timeout.retry = -1 (default)
2019-06-12 21:44:16,379 INFO  server.RaftServerConfigKeys (ConfUtils.java:logGet(43)) - raft.server.log.statemachine.data.caching.enabled = true (custom)
2019-06-12 21:44:16,379 INFO  server.RaftServerConfigKeys (ConfUtils.java:logGet(43)) - raft.server.snapshot.auto.trigger.enabled = true (custom)
2019-06-12 21:44:16,379 INFO  server.RaftServerConfigKeys (ConfUtils.java:logGet(43)) - raft.server.snapshot.auto.trigger.threshold = 10000 (custom)
2019-06-12 21:44:16,379 INFO  server.RaftServerConfigKeys (ConfUtils.java:logGet(43)) - raft.server.retrycache.expirytime = 600000ms (custom)
2019-06-12 21:44:16,379 INFO  impl.RaftServerImpl (RaftServerImpl.java:start(173)) - cbf0fb0b-b22c-40ad-a0f4-9f5e3fbd8bb4: start group-CCB9C347A991
2019-06-12 21:44:16,379 INFO  impl.RaftServerImpl (RaftServerImpl.java:setRole(164)) - cbf0fb0b-b22c-40ad-a0f4-9f5e3fbd8bb4:group-CCB9C347A991 changes role from null to FOLLOWER at term 0 for startAsFollower
2019-06-12 21:44:16,379 INFO  impl.RoleInfo (RoleInfo.java:updateAndGet(143)) - cbf0fb0b-b22c-40ad-a0f4-9f5e3fbd8bb4: start FollowerState
2019-06-12 21:44:16,379 INFO  util.JmxRegister (JmxRegister.java:tryRegister(44)) - Successfully registered JMX Bean with object name Ratis:service=RaftServer,group=group-CCB9C347A991,id=cbf0fb0b-b22c-40ad-a0f4-9f5e3fbd8bb4
2019-06-12 21:44:16,383 INFO  pipeline.PipelineStateManager (PipelineStateManager.java:addPipeline(56)) - Created pipeline Pipeline[ Id: 50ee669a-6333-4ae3-aed8-ccb9c347a991, Nodes: cbf0fb0b-b22c-40ad-a0f4-9f5e3fbd8bb4{ip: 192.168.19.17, host: ozone-zc7hm-585872790, networkLocation: /default-rack, certSerialId: null}, Type:RATIS, Factor:ONE, State:OPEN]
2019-06-12 21:44:16,563 INFO  node.SCMNodeManager (SCMNodeManager.java:register(234)) - Registered Data node : fff6f806-4670-40db-bf9c-9fa7df610fd8{ip: 192.168.19.17, host: ozone-zc7hm-585872790, networkLocation: /default-rack, certSerialId: null}
2019-06-12 21:44:16,569 INFO  impl.RaftServerProxy (RaftServerProxy.java:addNew(89)) - fff6f806-4670-40db-bf9c-9fa7df610fd8: addNew group-F3490616D1F2:[fff6f806-4670-40db-bf9c-9fa7df610fd8:192.168.19.17:44993] returns group-F3490616D1F2:java.util.concurrent.CompletableFuture@3f362621[Not completed]
2019-06-12 21:44:16,569 INFO  impl.RaftServerImpl (RaftServerImpl.java:<init>(91)) - fff6f806-4670-40db-bf9c-9fa7df610fd8: new RaftServerImpl for group-F3490616D1F2:[fff6f806-4670-40db-bf9c-9fa7df610fd8:192.168.19.17:44993] with ContainerStateMachine:uninitialized
2019-06-12 21:44:16,570 INFO  server.RaftServerConfigKeys (ConfUtils.java:logGet(43)) - raft.server.rpc.timeout.min = 1s (custom)
2019-06-12 21:44:16,570 INFO  server.RaftServerConfigKeys (ConfUtils.java:logGet(43)) - raft.server.rpc.timeout.max = 1200ms (custom)
2019-06-12 21:44:16,570 INFO  server.RaftServerConfigKeys (ConfUtils.java:logGet(43)) - raft.server.rpcslowness.timeout = 120s (custom)
2019-06-12 21:44:16,570 INFO  server.RaftServerConfigKeys (ConfUtils.java:logGet(43)) - raft.server.log.appender.install.snapshot.enabled = true (default)
2019-06-12 21:44:16,570 INFO  impl.RaftServerImpl (ServerState.java:<init>(101)) - fff6f806-4670-40db-bf9c-9fa7df610fd8:group-F3490616D1F2 ConfigurationManager, init=-1: [fff6f806-4670-40db-bf9c-9fa7df610fd8:192.168.19.17:44993], old=null, confs=<EMPTY_MAP>
2019-06-12 21:44:16,570 INFO  server.RaftServerConfigKeys (ConfUtils.java:logGet(43)) - raft.server.storage.dir = [/opt/src/hadoop-ozone/integration-test/target/test-dir/MiniOzoneClusterImpl-080f3432-8231-466c-b232-eabbd037a79f/datanode-5/data/ratis] (custom)
2019-06-12 21:44:16,570 INFO  storage.RaftStorageDirectory (RaftStorageDirectory.java:analyzeStorage(246)) - The storage directory /opt/src/hadoop-ozone/integration-test/target/test-dir/MiniOzoneClusterImpl-080f3432-8231-466c-b232-eabbd037a79f/datanode-5/data/ratis/ce59b2f2-d700-47ca-bd9c-f3490616d1f2 does not exist. Creating ...
2019-06-12 21:44:16,572 INFO  storage.RaftStorageDirectory (RaftStorageDirectory.java:tryLock(328)) - Lock on /opt/src/hadoop-ozone/integration-test/target/test-dir/MiniOzoneClusterImpl-080f3432-8231-466c-b232-eabbd037a79f/datanode-5/data/ratis/ce59b2f2-d700-47ca-bd9c-f3490616d1f2/in_use.lock acquired by nodename 20036@ozone-zc7hm-585872790
2019-06-12 21:44:16,574 INFO  storage.RaftStorage (RaftStorage.java:format(75)) - Storage directory /opt/src/hadoop-ozone/integration-test/target/test-dir/MiniOzoneClusterImpl-080f3432-8231-466c-b232-eabbd037a79f/datanode-5/data/ratis/ce59b2f2-d700-47ca-bd9c-f3490616d1f2 has been successfully formatted.
2019-06-12 21:44:16,574 INFO  ratis.ContainerStateMachine (ContainerStateMachine.java:loadSnapshot(199)) - The snapshot info is null.Setting the last applied index to:(t:0, i:~)
2019-06-12 21:44:16,575 INFO  server.RaftServerConfigKeys (ConfUtils.java:logGet(43)) - raft.server.leader.election.timeout = 120s (custom)
2019-06-12 21:44:16,575 INFO  server.RaftServerConfigKeys (ConfUtils.java:logGet(43)) - raft.server.log.use.memory = false (default)
2019-06-12 21:44:16,575 INFO  server.RaftServerConfigKeys (ConfUtils.java:logGet(43)) - raft.server.log.appender.buffer.byte-limit = 33554432 (custom)
2019-06-12 21:44:16,575 INFO  server.RaftServerConfigKeys (ConfUtils.java:logGet(43)) - raft.server.log.segment.size.max = 16384 (custom)
2019-06-12 21:44:16,575 INFO  server.RaftServerConfigKeys (ConfUtils.java:logGet(43)) - raft.server.log.segment.cache.num.max = 2 (custom)
2019-06-12 21:44:16,575 INFO  storage.RaftLogWorker (RaftLogWorker.java:<init>(123)) - new fff6f806-4670-40db-bf9c-9fa7df610fd8-RaftLogWorker for Storage Directory /opt/src/hadoop-ozone/integration-test/target/test-dir/MiniOzoneClusterImpl-080f3432-8231-466c-b232-eabbd037a79f/datanode-5/data/ratis/ce59b2f2-d700-47ca-bd9c-f3490616d1f2
2019-06-12 21:44:16,575 INFO  server.RaftServerConfigKeys (ConfUtils.java:logGet(43)) - raft.server.log.queue.byte-limit = 2147483647 (custom)
2019-06-12 21:44:16,575 INFO  server.RaftServerConfigKeys (ConfUtils.java:logGet(43)) - raft.server.log.queue.element-limit = 1024 (custom)
2019-06-12 21:44:16,575 INFO  server.RaftServerConfigKeys (ConfUtils.java:logGet(43)) - raft.server.log.segment.size.max = 16384 (custom)
2019-06-12 21:44:16,575 INFO  server.RaftServerConfigKeys (ConfUtils.java:logGet(43)) - raft.server.log.preallocated.size = 16384 (custom)
2019-06-12 21:44:16,575 INFO  server.RaftServerConfigKeys (ConfUtils.java:logGet(43)) - raft.server.log.write.buffer.size = 33554432 (custom)
2019-06-12 21:44:16,575 INFO  server.RaftServerConfigKeys (ConfUtils.java:logGet(43)) - raft.server.log.force.sync.num = 128 (default)
2019-06-12 21:44:16,575 INFO  server.RaftServerConfigKeys (ConfUtils.java:logGet(43)) - raft.server.log.statemachine.data.sync = true (default)
2019-06-12 21:44:16,575 INFO  server.RaftServerConfigKeys (ConfUtils.java:logGet(43)) - raft.server.log.statemachine.data.sync.timeout = 10s (default)
2019-06-12 21:44:16,575 INFO  server.RaftServerConfigKeys (ConfUtils.java:logGet(43)) - raft.server.log.statemachine.data.sync.timeout.retry = -1 (default)
2019-06-12 21:44:16,576 INFO  server.RaftServerConfigKeys (ConfUtils.java:logGet(43)) - raft.server.log.statemachine.data.caching.enabled = true (custom)
2019-06-12 21:44:16,576 INFO  server.RaftServerConfigKeys (ConfUtils.java:logGet(43)) - raft.server.snapshot.auto.trigger.enabled = true (custom)
2019-06-12 21:44:16,576 INFO  server.RaftServerConfigKeys (ConfUtils.java:logGet(43)) - raft.server.snapshot.auto.trigger.threshold = 10000 (custom)
2019-06-12 21:44:16,576 INFO  server.RaftServerConfigKeys (ConfUtils.java:logGet(43)) - raft.server.retrycache.expirytime = 600000ms (custom)
2019-06-12 21:44:16,576 INFO  impl.RaftServerImpl (RaftServerImpl.java:start(173)) - fff6f806-4670-40db-bf9c-9fa7df610fd8: start group-F3490616D1F2
2019-06-12 21:44:16,576 INFO  impl.RaftServerImpl (RaftServerImpl.java:setRole(164)) - fff6f806-4670-40db-bf9c-9fa7df610fd8:group-F3490616D1F2 changes role from null to FOLLOWER at term 0 for startAsFollower
2019-06-12 21:44:16,576 INFO  impl.RoleInfo (RoleInfo.java:updateAndGet(143)) - fff6f806-4670-40db-bf9c-9fa7df610fd8: start FollowerState
2019-06-12 21:44:16,576 INFO  util.JmxRegister (JmxRegister.java:tryRegister(44)) - Successfully registered JMX Bean with object name Ratis:service=RaftServer,group=group-F3490616D1F2,id=fff6f806-4670-40db-bf9c-9fa7df610fd8
2019-06-12 21:44:16,580 INFO  pipeline.PipelineStateManager (PipelineStateManager.java:addPipeline(56)) - Created pipeline Pipeline[ Id: ce59b2f2-d700-47ca-bd9c-f3490616d1f2, Nodes: fff6f806-4670-40db-bf9c-9fa7df610fd8{ip: 192.168.19.17, host: ozone-zc7hm-585872790, networkLocation: /default-rack, certSerialId: null}, Type:RATIS, Factor:ONE, State:OPEN]
2019-06-12 21:44:16,591 INFO  impl.RaftServerProxy (RaftServerProxy.java:addNew(89)) - fff6f806-4670-40db-bf9c-9fa7df610fd8: addNew group-851DBAB9D949:[cbf0fb0b-b22c-40ad-a0f4-9f5e3fbd8bb4:192.168.19.17:34967, fff6f806-4670-40db-bf9c-9fa7df610fd8:192.168.19.17:44993, a8aae934-aed2-4f08-9370-5490ef92e037:192.168.19.17:40495] returns group-851DBAB9D949:java.util.concurrent.CompletableFuture@3f49770a[Not completed]
2019-06-12 21:44:16,591 INFO  impl.RaftServerProxy (RaftServerProxy.java:addNew(89)) - a8aae934-aed2-4f08-9370-5490ef92e037: addNew group-851DBAB9D949:[cbf0fb0b-b22c-40ad-a0f4-9f5e3fbd8bb4:192.168.19.17:34967, fff6f806-4670-40db-bf9c-9fa7df610fd8:192.168.19.17:44993, a8aae934-aed2-4f08-9370-5490ef92e037:192.168.19.17:40495] returns group-851DBAB9D949:java.util.concurrent.CompletableFuture@5151abc[Not completed]
2019-06-12 21:44:16,591 INFO  impl.RaftServerProxy (RaftServerProxy.java:addNew(89)) - cbf0fb0b-b22c-40ad-a0f4-9f5e3fbd8bb4: addNew group-851DBAB9D949:[cbf0fb0b-b22c-40ad-a0f4-9f5e3fbd8bb4:192.168.19.17:34967, fff6f806-4670-40db-bf9c-9fa7df610fd8:192.168.19.17:44993, a8aae934-aed2-4f08-9370-5490ef92e037:192.168.19.17:40495] returns group-851DBAB9D949:java.util.concurrent.CompletableFuture@7435fc5[Not completed]
2019-06-12 21:44:16,592 INFO  impl.RaftServerImpl (RaftServerImpl.java:<init>(91)) - fff6f806-4670-40db-bf9c-9fa7df610fd8: new RaftServerImpl for group-851DBAB9D949:[cbf0fb0b-b22c-40ad-a0f4-9f5e3fbd8bb4:192.168.19.17:34967, fff6f806-4670-40db-bf9c-9fa7df610fd8:192.168.19.17:44993, a8aae934-aed2-4f08-9370-5490ef92e037:192.168.19.17:40495] with ContainerStateMachine:uninitialized
2019-06-12 21:44:16,592 INFO  server.RaftServerConfigKeys (ConfUtils.java:logGet(43)) - raft.server.rpc.timeout.min = 1s (custom)
2019-06-12 21:44:16,592 INFO  server.RaftServerConfigKeys (ConfUtils.java:logGet(43)) - raft.server.rpc.timeout.max = 1200ms (custom)
2019-06-12 21:44:16,592 INFO  server.RaftServerConfigKeys (ConfUtils.java:logGet(43)) - raft.server.rpcslowness.timeout = 120s (custom)
2019-06-12 21:44:16,592 INFO  server.RaftServerConfigKeys (ConfUtils.java:logGet(43)) - raft.server.log.appender.install.snapshot.enabled = true (default)
2019-06-12 21:44:16,592 INFO  impl.RaftServerImpl (ServerState.java:<init>(101)) - fff6f806-4670-40db-bf9c-9fa7df610fd8:group-851DBAB9D949 ConfigurationManager, init=-1: [cbf0fb0b-b22c-40ad-a0f4-9f5e3fbd8bb4:192.168.19.17:34967, fff6f806-4670-40db-bf9c-9fa7df610fd8:192.168.19.17:44993, a8aae934-aed2-4f08-9370-5490ef92e037:192.168.19.17:40495], old=null, confs=<EMPTY_MAP>
2019-06-12 21:44:16,592 INFO  server.RaftServerConfigKeys (ConfUtils.java:logGet(43)) - raft.server.storage.dir = [/opt/src/hadoop-ozone/integration-test/target/test-dir/MiniOzoneClusterImpl-080f3432-8231-466c-b232-eabbd037a79f/datanode-5/data/ratis] (custom)
2019-06-12 21:44:16,592 INFO  impl.RaftServerImpl (RaftServerImpl.java:<init>(91)) - a8aae934-aed2-4f08-9370-5490ef92e037: new RaftServerImpl for group-851DBAB9D949:[cbf0fb0b-b22c-40ad-a0f4-9f5e3fbd8bb4:192.168.19.17:34967, fff6f806-4670-40db-bf9c-9fa7df610fd8:192.168.19.17:44993, a8aae934-aed2-4f08-9370-5490ef92e037:192.168.19.17:40495] with ContainerStateMachine:uninitialized
2019-06-12 21:44:16,592 INFO  server.RaftServerConfigKeys (ConfUtils.java:logGet(43)) - raft.server.rpc.timeout.min = 1s (custom)
2019-06-12 21:44:16,592 INFO  storage.RaftStorageDirectory (RaftStorageDirectory.java:analyzeStorage(246)) - The storage directory /opt/src/hadoop-ozone/integration-test/target/test-dir/MiniOzoneClusterImpl-080f3432-8231-466c-b232-eabbd037a79f/datanode-5/data/ratis/22bf3ccd-7fe8-4494-bc94-851dbab9d949 does not exist. Creating ...
2019-06-12 21:44:16,593 INFO  impl.RaftServerImpl (RaftServerImpl.java:<init>(91)) - cbf0fb0b-b22c-40ad-a0f4-9f5e3fbd8bb4: new RaftServerImpl for group-851DBAB9D949:[cbf0fb0b-b22c-40ad-a0f4-9f5e3fbd8bb4:192.168.19.17:34967, fff6f806-4670-40db-bf9c-9fa7df610fd8:192.168.19.17:44993, a8aae934-aed2-4f08-9370-5490ef92e037:192.168.19.17:40495] with ContainerStateMachine:uninitialized
2019-06-12 21:44:16,593 INFO  server.RaftServerConfigKeys (ConfUtils.java:logGet(43)) - raft.server.rpc.timeout.min = 1s (custom)
2019-06-12 21:44:16,593 INFO  server.RaftServerConfigKeys (ConfUtils.java:logGet(43)) - raft.server.rpc.timeout.max = 1200ms (custom)
2019-06-12 21:44:16,593 INFO  server.RaftServerConfigKeys (ConfUtils.java:logGet(43)) - raft.server.rpcslowness.timeout = 120s (custom)
2019-06-12 21:44:16,593 INFO  server.RaftServerConfigKeys (ConfUtils.java:logGet(43)) - raft.server.log.appender.install.snapshot.enabled = true (default)
2019-06-12 21:44:16,593 INFO  impl.RaftServerImpl (ServerState.java:<init>(101)) - cbf0fb0b-b22c-40ad-a0f4-9f5e3fbd8bb4:group-851DBAB9D949 ConfigurationManager, init=-1: [cbf0fb0b-b22c-40ad-a0f4-9f5e3fbd8bb4:192.168.19.17:34967, fff6f806-4670-40db-bf9c-9fa7df610fd8:192.168.19.17:44993, a8aae934-aed2-4f08-9370-5490ef92e037:192.168.19.17:40495], old=null, confs=<EMPTY_MAP>
2019-06-12 21:44:16,593 INFO  server.RaftServerConfigKeys (ConfUtils.java:logGet(43)) - raft.server.storage.dir = [/opt/src/hadoop-ozone/integration-test/target/test-dir/MiniOzoneClusterImpl-080f3432-8231-466c-b232-eabbd037a79f/datanode-4/data/ratis] (custom)
2019-06-12 21:44:16,593 INFO  storage.RaftStorageDirectory (RaftStorageDirectory.java:analyzeStorage(246)) - The storage directory /opt/src/hadoop-ozone/integration-test/target/test-dir/MiniOzoneClusterImpl-080f3432-8231-466c-b232-eabbd037a79f/datanode-4/data/ratis/22bf3ccd-7fe8-4494-bc94-851dbab9d949 does not exist. Creating ...
2019-06-12 21:44:16,592 INFO  server.RaftServerConfigKeys (ConfUtils.java:logGet(43)) - raft.server.rpc.timeout.max = 1200ms (custom)
2019-06-12 21:44:16,593 INFO  server.RaftServerConfigKeys (ConfUtils.java:logGet(43)) - raft.server.rpcslowness.timeout = 120s (custom)
2019-06-12 21:44:16,594 INFO  server.RaftServerConfigKeys (ConfUtils.java:logGet(43)) - raft.server.log.appender.install.snapshot.enabled = true (default)
2019-06-12 21:44:16,594 INFO  impl.RaftServerImpl (ServerState.java:<init>(101)) - a8aae934-aed2-4f08-9370-5490ef92e037:group-851DBAB9D949 ConfigurationManager, init=-1: [cbf0fb0b-b22c-40ad-a0f4-9f5e3fbd8bb4:192.168.19.17:34967, fff6f806-4670-40db-bf9c-9fa7df610fd8:192.168.19.17:44993, a8aae934-aed2-4f08-9370-5490ef92e037:192.168.19.17:40495], old=null, confs=<EMPTY_MAP>
2019-06-12 21:44:16,594 INFO  server.RaftServerConfigKeys (ConfUtils.java:logGet(43)) - raft.server.storage.dir = [/opt/src/hadoop-ozone/integration-test/target/test-dir/MiniOzoneClusterImpl-080f3432-8231-466c-b232-eabbd037a79f/datanode-3/data/ratis] (custom)
2019-06-12 21:44:16,594 INFO  storage.RaftStorageDirectory (RaftStorageDirectory.java:analyzeStorage(246)) - The storage directory /opt/src/hadoop-ozone/integration-test/target/test-dir/MiniOzoneClusterImpl-080f3432-8231-466c-b232-eabbd037a79f/datanode-3/data/ratis/22bf3ccd-7fe8-4494-bc94-851dbab9d949 does not exist. Creating ...
2019-06-12 21:44:16,595 INFO  storage.RaftStorageDirectory (RaftStorageDirectory.java:tryLock(328)) - Lock on /opt/src/hadoop-ozone/integration-test/target/test-dir/MiniOzoneClusterImpl-080f3432-8231-466c-b232-eabbd037a79f/datanode-5/data/ratis/22bf3ccd-7fe8-4494-bc94-851dbab9d949/in_use.lock acquired by nodename 20036@ozone-zc7hm-585872790
2019-06-12 21:44:16,596 INFO  storage.RaftStorageDirectory (RaftStorageDirectory.java:tryLock(328)) - Lock on /opt/src/hadoop-ozone/integration-test/target/test-dir/MiniOzoneClusterImpl-080f3432-8231-466c-b232-eabbd037a79f/datanode-4/data/ratis/22bf3ccd-7fe8-4494-bc94-851dbab9d949/in_use.lock acquired by nodename 20036@ozone-zc7hm-585872790
2019-06-12 21:44:16,596 INFO  storage.RaftStorageDirectory (RaftStorageDirectory.java:tryLock(328)) - Lock on /opt/src/hadoop-ozone/integration-test/target/test-dir/MiniOzoneClusterImpl-080f3432-8231-466c-b232-eabbd037a79f/datanode-3/data/ratis/22bf3ccd-7fe8-4494-bc94-851dbab9d949/in_use.lock acquired by nodename 20036@ozone-zc7hm-585872790
2019-06-12 21:44:16,598 INFO  storage.RaftStorage (RaftStorage.java:format(75)) - Storage directory /opt/src/hadoop-ozone/integration-test/target/test-dir/MiniOzoneClusterImpl-080f3432-8231-466c-b232-eabbd037a79f/datanode-5/data/ratis/22bf3ccd-7fe8-4494-bc94-851dbab9d949 has been successfully formatted.
2019-06-12 21:44:16,598 INFO  ratis.ContainerStateMachine (ContainerStateMachine.java:loadSnapshot(199)) - The snapshot info is null.Setting the last applied index to:(t:0, i:~)
2019-06-12 21:44:16,599 INFO  server.RaftServerConfigKeys (ConfUtils.java:logGet(43)) - raft.server.leader.election.timeout = 120s (custom)
2019-06-12 21:44:16,599 INFO  server.RaftServerConfigKeys (ConfUtils.java:logGet(43)) - raft.server.log.use.memory = false (default)
2019-06-12 21:44:16,599 INFO  server.RaftServerConfigKeys (ConfUtils.java:logGet(43)) - raft.server.log.appender.buffer.byte-limit = 33554432 (custom)
2019-06-12 21:44:16,599 INFO  server.RaftServerConfigKeys (ConfUtils.java:logGet(43)) - raft.server.log.segment.size.max = 16384 (custom)
2019-06-12 21:44:16,599 INFO  server.RaftServerConfigKeys (ConfUtils.java:logGet(43)) - raft.server.log.segment.cache.num.max = 2 (custom)
2019-06-12 21:44:16,599 INFO  storage.RaftLogWorker (RaftLogWorker.java:<init>(123)) - new fff6f806-4670-40db-bf9c-9fa7df610fd8-RaftLogWorker for Storage Directory /opt/src/hadoop-ozone/integration-test/target/test-dir/MiniOzoneClusterImpl-080f3432-8231-466c-b232-eabbd037a79f/datanode-5/data/ratis/22bf3ccd-7fe8-4494-bc94-851dbab9d949
2019-06-12 21:44:16,599 INFO  storage.RaftStorage (RaftStorage.java:format(75)) - Storage directory /opt/src/hadoop-ozone/integration-test/target/test-dir/MiniOzoneClusterImpl-080f3432-8231-466c-b232-eabbd037a79f/datanode-3/data/ratis/22bf3ccd-7fe8-4494-bc94-851dbab9d949 has been successfully formatted.
2019-06-12 21:44:16,599 INFO  ratis.ContainerStateMachine (ContainerStateMachine.java:loadSnapshot(199)) - The snapshot info is null.Setting the last applied index to:(t:0, i:~)
2019-06-12 21:44:16,599 INFO  server.RaftServerConfigKeys (ConfUtils.java:logGet(43)) - raft.server.leader.election.timeout = 120s (custom)
2019-06-12 21:44:16,599 INFO  server.RaftServerConfigKeys (ConfUtils.java:logGet(43)) - raft.server.log.use.memory = false (default)
2019-06-12 21:44:16,600 INFO  server.RaftServerConfigKeys (ConfUtils.java:logGet(43)) - raft.server.log.appender.buffer.byte-limit = 33554432 (custom)
2019-06-12 21:44:16,599 INFO  storage.RaftStorage (RaftStorage.java:format(75)) - Storage directory /opt/src/hadoop-ozone/integration-test/target/test-dir/MiniOzoneClusterImpl-080f3432-8231-466c-b232-eabbd037a79f/datanode-4/data/ratis/22bf3ccd-7fe8-4494-bc94-851dbab9d949 has been successfully formatted.
2019-06-12 21:44:16,600 INFO  server.RaftServerConfigKeys (ConfUtils.java:logGet(43)) - raft.server.log.segment.size.max = 16384 (custom)
2019-06-12 21:44:16,600 INFO  server.RaftServerConfigKeys (ConfUtils.java:logGet(43)) - raft.server.log.segment.cache.num.max = 2 (custom)
2019-06-12 21:44:16,600 INFO  storage.RaftLogWorker (RaftLogWorker.java:<init>(123)) - new a8aae934-aed2-4f08-9370-5490ef92e037-RaftLogWorker for Storage Directory /opt/src/hadoop-ozone/integration-test/target/test-dir/MiniOzoneClusterImpl-080f3432-8231-466c-b232-eabbd037a79f/datanode-3/data/ratis/22bf3ccd-7fe8-4494-bc94-851dbab9d949
2019-06-12 21:44:16,600 INFO  server.RaftServerConfigKeys (ConfUtils.java:logGet(43)) - raft.server.log.queue.byte-limit = 2147483647 (custom)
2019-06-12 21:44:16,600 INFO  server.RaftServerConfigKeys (ConfUtils.java:logGet(43)) - raft.server.log.queue.element-limit = 1024 (custom)
2019-06-12 21:44:16,600 INFO  server.RaftServerConfigKeys (ConfUtils.java:logGet(43)) - raft.server.log.segment.size.max = 16384 (custom)
2019-06-12 21:44:16,600 INFO  server.RaftServerConfigKeys (ConfUtils.java:logGet(43)) - raft.server.log.preallocated.size = 16384 (custom)
2019-06-12 21:44:16,600 INFO  server.RaftServerConfigKeys (ConfUtils.java:logGet(43)) - raft.server.log.write.buffer.size = 33554432 (custom)
2019-06-12 21:44:16,601 INFO  server.RaftServerConfigKeys (ConfUtils.java:logGet(43)) - raft.server.log.force.sync.num = 128 (default)
2019-06-12 21:44:16,601 INFO  server.RaftServerConfigKeys (ConfUtils.java:logGet(43)) - raft.server.log.statemachine.data.sync = true (default)
2019-06-12 21:44:16,601 INFO  server.RaftServerConfigKeys (ConfUtils.java:logGet(43)) - raft.server.log.statemachine.data.sync.timeout = 10s (default)
2019-06-12 21:44:16,601 INFO  server.RaftServerConfigKeys (ConfUtils.java:logGet(43)) - raft.server.log.statemachine.data.sync.timeout.retry = -1 (default)
2019-06-12 21:44:16,601 INFO  server.RaftServerConfigKeys (ConfUtils.java:logGet(43)) - raft.server.log.statemachine.data.caching.enabled = true (custom)
2019-06-12 21:44:16,601 INFO  server.RaftServerConfigKeys (ConfUtils.java:logGet(43)) - raft.server.snapshot.auto.trigger.enabled = true (custom)
2019-06-12 21:44:16,601 INFO  server.RaftServerConfigKeys (ConfUtils.java:logGet(43)) - raft.server.snapshot.auto.trigger.threshold = 10000 (custom)
2019-06-12 21:44:16,602 INFO  server.RaftServerConfigKeys (ConfUtils.java:logGet(43)) - raft.server.retrycache.expirytime = 600000ms (custom)
2019-06-12 21:44:16,602 INFO  impl.RaftServerImpl (RaftServerImpl.java:start(173)) - a8aae934-aed2-4f08-9370-5490ef92e037: start group-851DBAB9D949
2019-06-12 21:44:16,602 INFO  impl.RaftServerImpl (RaftServerImpl.java:setRole(164)) - a8aae934-aed2-4f08-9370-5490ef92e037:group-851DBAB9D949 changes role from null to FOLLOWER at term 0 for startAsFollower
2019-06-12 21:44:16,602 INFO  impl.RoleInfo (RoleInfo.java:updateAndGet(143)) - a8aae934-aed2-4f08-9370-5490ef92e037: start FollowerState
2019-06-12 21:44:16,599 INFO  server.RaftServerConfigKeys (ConfUtils.java:logGet(43)) - raft.server.log.queue.byte-limit = 2147483647 (custom)
2019-06-12 21:44:16,600 INFO  ratis.ContainerStateMachine (ContainerStateMachine.java:loadSnapshot(199)) - The snapshot info is null.Setting the last applied index to:(t:0, i:~)
2019-06-12 21:44:16,602 INFO  util.JmxRegister (JmxRegister.java:tryRegister(44)) - Successfully registered JMX Bean with object name Ratis:service=RaftServer,group=group-851DBAB9D949,id=a8aae934-aed2-4f08-9370-5490ef92e037
2019-06-12 21:44:16,602 INFO  server.RaftServerConfigKeys (ConfUtils.java:logGet(43)) - raft.server.log.queue.element-limit = 1024 (custom)
2019-06-12 21:44:16,602 INFO  server.RaftServerConfigKeys (ConfUtils.java:logGet(43)) - raft.server.leader.election.timeout = 120s (custom)
2019-06-12 21:44:16,603 INFO  server.RaftServerConfigKeys (ConfUtils.java:logGet(43)) - raft.server.log.use.memory = false (default)
2019-06-12 21:44:16,603 INFO  server.RaftServerConfigKeys (ConfUtils.java:logGet(43)) - raft.server.log.appender.buffer.byte-limit = 33554432 (custom)
2019-06-12 21:44:16,603 INFO  server.RaftServerConfigKeys (ConfUtils.java:logGet(43)) - raft.server.log.segment.size.max = 16384 (custom)
2019-06-12 21:44:16,603 INFO  server.RaftServerConfigKeys (ConfUtils.java:logGet(43)) - raft.server.log.segment.cache.num.max = 2 (custom)
2019-06-12 21:44:16,603 INFO  storage.RaftLogWorker (RaftLogWorker.java:<init>(123)) - new cbf0fb0b-b22c-40ad-a0f4-9f5e3fbd8bb4-RaftLogWorker for Storage Directory /opt/src/hadoop-ozone/integration-test/target/test-dir/MiniOzoneClusterImpl-080f3432-8231-466c-b232-eabbd037a79f/datanode-4/data/ratis/22bf3ccd-7fe8-4494-bc94-851dbab9d949
2019-06-12 21:44:16,603 INFO  server.RaftServerConfigKeys (ConfUtils.java:logGet(43)) - raft.server.log.queue.byte-limit = 2147483647 (custom)
2019-06-12 21:44:16,603 INFO  server.RaftServerConfigKeys (ConfUtils.java:logGet(43)) - raft.server.log.queue.element-limit = 1024 (custom)
2019-06-12 21:44:16,605 INFO  server.RaftServerConfigKeys (ConfUtils.java:logGet(43)) - raft.server.log.segment.size.max = 16384 (custom)
2019-06-12 21:44:16,605 INFO  server.RaftServerConfigKeys (ConfUtils.java:logGet(43)) - raft.server.log.segment.size.max = 16384 (custom)
2019-06-12 21:44:16,605 INFO  server.RaftServerConfigKeys (ConfUtils.java:logGet(43)) - raft.server.log.preallocated.size = 16384 (custom)
2019-06-12 21:44:16,605 INFO  server.RaftServerConfigKeys (ConfUtils.java:logGet(43)) - raft.server.log.preallocated.size = 16384 (custom)
2019-06-12 21:44:16,606 INFO  server.RaftServerConfigKeys (ConfUtils.java:logGet(43)) - raft.server.log.write.buffer.size = 33554432 (custom)
2019-06-12 21:44:16,606 INFO  server.RaftServerConfigKeys (ConfUtils.java:logGet(43)) - raft.server.log.write.buffer.size = 33554432 (custom)
2019-06-12 21:44:16,606 INFO  server.RaftServerConfigKeys (ConfUtils.java:logGet(43)) - raft.server.log.force.sync.num = 128 (default)
2019-06-12 21:44:16,606 INFO  server.RaftServerConfigKeys (ConfUtils.java:logGet(43)) - raft.server.log.statemachine.data.sync = true (default)
2019-06-12 21:44:16,606 INFO  server.RaftServerConfigKeys (ConfUtils.java:logGet(43)) - raft.server.log.statemachine.data.sync.timeout = 10s (default)
2019-06-12 21:44:16,606 INFO  server.RaftServerConfigKeys (ConfUtils.java:logGet(43)) - raft.server.log.statemachine.data.sync.timeout.retry = -1 (default)
2019-06-12 21:44:16,606 INFO  server.RaftServerConfigKeys (ConfUtils.java:logGet(43)) - raft.server.log.statemachine.data.caching.enabled = true (custom)
2019-06-12 21:44:16,607 INFO  server.RaftServerConfigKeys (ConfUtils.java:logGet(43)) - raft.server.log.force.sync.num = 128 (default)
2019-06-12 21:44:16,607 INFO  server.RaftServerConfigKeys (ConfUtils.java:logGet(43)) - raft.server.snapshot.auto.trigger.enabled = true (custom)
2019-06-12 21:44:16,607 INFO  server.RaftServerConfigKeys (ConfUtils.java:logGet(43)) - raft.server.log.statemachine.data.sync = true (default)
2019-06-12 21:44:16,607 INFO  server.RaftServerConfigKeys (ConfUtils.java:logGet(43)) - raft.server.snapshot.auto.trigger.threshold = 10000 (custom)
2019-06-12 21:44:16,607 INFO  server.RaftServerConfigKeys (ConfUtils.java:logGet(43)) - raft.server.log.statemachine.data.sync.timeout = 10s (default)
2019-06-12 21:44:16,607 INFO  server.RaftServerConfigKeys (ConfUtils.java:logGet(43)) - raft.server.retrycache.expirytime = 600000ms (custom)
2019-06-12 21:44:16,607 INFO  server.RaftServerConfigKeys (ConfUtils.java:logGet(43)) - raft.server.log.statemachine.data.sync.timeout.retry = -1 (default)
2019-06-12 21:44:16,607 INFO  impl.RaftServerImpl (RaftServerImpl.java:start(173)) - cbf0fb0b-b22c-40ad-a0f4-9f5e3fbd8bb4: start group-851DBAB9D949
2019-06-12 21:44:16,607 INFO  server.RaftServerConfigKeys (ConfUtils.java:logGet(43)) - raft.server.log.statemachine.data.caching.enabled = true (custom)
2019-06-12 21:44:16,607 INFO  impl.RaftServerImpl (RaftServerImpl.java:setRole(164)) - cbf0fb0b-b22c-40ad-a0f4-9f5e3fbd8bb4:group-851DBAB9D949 changes role from null to FOLLOWER at term 0 for startAsFollower
2019-06-12 21:44:16,608 INFO  impl.RoleInfo (RoleInfo.java:updateAndGet(143)) - cbf0fb0b-b22c-40ad-a0f4-9f5e3fbd8bb4: start FollowerState
2019-06-12 21:44:16,608 INFO  server.RaftServerConfigKeys (ConfUtils.java:logGet(43)) - raft.server.snapshot.auto.trigger.enabled = true (custom)
2019-06-12 21:44:16,608 INFO  server.RaftServerConfigKeys (ConfUtils.java:logGet(43)) - raft.server.snapshot.auto.trigger.threshold = 10000 (custom)
2019-06-12 21:44:16,608 INFO  server.RaftServerConfigKeys (ConfUtils.java:logGet(43)) - raft.server.retrycache.expirytime = 600000ms (custom)
2019-06-12 21:44:16,608 INFO  impl.RaftServerImpl (RaftServerImpl.java:start(173)) - fff6f806-4670-40db-bf9c-9fa7df610fd8: start group-851DBAB9D949
2019-06-12 21:44:16,608 INFO  util.JmxRegister (JmxRegister.java:tryRegister(44)) - Successfully registered JMX Bean with object name Ratis:service=RaftServer,group=group-851DBAB9D949,id=cbf0fb0b-b22c-40ad-a0f4-9f5e3fbd8bb4
2019-06-12 21:44:16,608 INFO  impl.RaftServerImpl (RaftServerImpl.java:setRole(164)) - fff6f806-4670-40db-bf9c-9fa7df610fd8:group-851DBAB9D949 changes role from null to FOLLOWER at term 0 for startAsFollower
2019-06-12 21:44:16,608 INFO  impl.RoleInfo (RoleInfo.java:updateAndGet(143)) - fff6f806-4670-40db-bf9c-9fa7df610fd8: start FollowerState
2019-06-12 21:44:16,609 INFO  util.JmxRegister (JmxRegister.java:tryRegister(44)) - Successfully registered JMX Bean with object name Ratis:service=RaftServer,group=group-851DBAB9D949,id=fff6f806-4670-40db-bf9c-9fa7df610fd8
2019-06-12 21:44:16,616 INFO  pipeline.PipelineStateManager (PipelineStateManager.java:addPipeline(56)) - Created pipeline Pipeline[ Id: 22bf3ccd-7fe8-4494-bc94-851dbab9d949, Nodes: a8aae934-aed2-4f08-9370-5490ef92e037{ip: 192.168.19.17, host: ozone-zc7hm-585872790, networkLocation: /default-rack, certSerialId: null}cbf0fb0b-b22c-40ad-a0f4-9f5e3fbd8bb4{ip: 192.168.19.17, host: ozone-zc7hm-585872790, networkLocation: /default-rack, certSerialId: null}fff6f806-4670-40db-bf9c-9fa7df610fd8{ip: 192.168.19.17, host: ozone-zc7hm-585872790, networkLocation: /default-rack, certSerialId: null}, Type:RATIS, Factor:THREE, State:OPEN]
2019-06-12 21:44:16,694 INFO  impl.FollowerState (FollowerState.java:run(101)) - f7e24b40-db1f-4d13-973e-ab173e727c72:group-C919CCBA42E7 changes to CANDIDATE, lastRpcTime:1039, electionTimeout:1039ms
2019-06-12 21:44:16,694 INFO  impl.RoleInfo (RoleInfo.java:shutdownFollowerState(121)) - f7e24b40-db1f-4d13-973e-ab173e727c72: shutdown FollowerState
2019-06-12 21:44:16,694 INFO  impl.RaftServerImpl (RaftServerImpl.java:setRole(164)) - f7e24b40-db1f-4d13-973e-ab173e727c72:group-C919CCBA42E7 changes role from FOLLOWER to CANDIDATE at term 0 for changeToCandidate
2019-06-12 21:44:16,694 INFO  impl.RoleInfo (RoleInfo.java:updateAndGet(143)) - f7e24b40-db1f-4d13-973e-ab173e727c72: start LeaderElection
2019-06-12 21:44:16,701 INFO  impl.LeaderElection (LeaderElection.java:askForVotes(181)) - f7e24b40-db1f-4d13-973e-ab173e727c72:group-C919CCBA42E7:LeaderElection26: begin an election at term 1 for -1: [f7e24b40-db1f-4d13-973e-ab173e727c72:192.168.19.17:43005], old=null
2019-06-12 21:44:16,704 INFO  impl.RoleInfo (RoleInfo.java:shutdownLeaderElection(134)) - f7e24b40-db1f-4d13-973e-ab173e727c72: shutdown LeaderElection
2019-06-12 21:44:16,704 INFO  impl.RaftServerImpl (RaftServerImpl.java:setRole(164)) - f7e24b40-db1f-4d13-973e-ab173e727c72:group-C919CCBA42E7 changes role from CANDIDATE to LEADER at term 1 for changeToLeader
2019-06-12 21:44:16,704 INFO  impl.RaftServerImpl (ServerState.java:setLeader(263)) - f7e24b40-db1f-4d13-973e-ab173e727c72:group-C919CCBA42E7 change Leader from null to f7e24b40-db1f-4d13-973e-ab173e727c72 at term 1 for becomeLeader, leader elected after 1051ms
2019-06-12 21:44:16,704 INFO  server.RaftServerConfigKeys (ConfUtils.java:logGet(43)) - raft.server.staging.catchup.gap = 1000 (default)
2019-06-12 21:44:16,704 INFO  server.RaftServerConfigKeys (ConfUtils.java:logGet(43)) - raft.server.rpc.sleep.time = 25ms (default)
2019-06-12 21:44:16,704 INFO  server.RaftServerConfigKeys (ConfUtils.java:logGet(43)) - raft.server.watch.timeout = 10s (default)
2019-06-12 21:44:16,705 INFO  server.RaftServerConfigKeys (ConfUtils.java:logGet(43)) - raft.server.watch.timeout.denomination = 1s (default)
2019-06-12 21:44:16,705 INFO  impl.RoleInfo (RoleInfo.java:updateAndGet(143)) - f7e24b40-db1f-4d13-973e-ab173e727c72: start LeaderState
2019-06-12 21:44:16,705 INFO  storage.RaftLogWorker (RaftLogWorker.java:startLogSegment(298)) - f7e24b40-db1f-4d13-973e-ab173e727c72-RaftLogWorker: Starting segment from index:0
2019-06-12 21:44:16,705 INFO  impl.RaftServerImpl (ServerState.java:setRaftConf(361)) - f7e24b40-db1f-4d13-973e-ab173e727c72:group-C919CCBA42E7 set configuration 0: [f7e24b40-db1f-4d13-973e-ab173e727c72:192.168.19.17:43005], old=null at 0
2019-06-12 21:44:16,740 INFO  storage.RaftLogWorker (RaftLogWorker.java:execute(469)) - f7e24b40-db1f-4d13-973e-ab173e727c72-RaftLogWorker: created new log segment /opt/src/hadoop-ozone/integration-test/target/test-dir/MiniOzoneClusterImpl-080f3432-8231-466c-b232-eabbd037a79f/datanode-0/data/ratis/244180a6-b582-428b-96ab-c919ccba42e7/current/log_inprogress_0
2019-06-12 21:44:16,843 INFO  ozone.MiniOzoneClusterImpl (MiniOzoneClusterImpl.java:lambda$waitForClusterToBeReady$0(142)) - Waiting for cluster to be ready. Got 6 of 7 DN Heartbeats.
2019-06-12 21:44:16,847 INFO  node.SCMNodeManager (SCMNodeManager.java:register(234)) - Registered Data node : bc85daca-ab4a-48e2-9784-06c61baf41dc{ip: 192.168.19.17, host: ozone-zc7hm-585872790, networkLocation: /default-rack, certSerialId: null}
2019-06-12 21:44:16,861 INFO  impl.RaftServerProxy (RaftServerProxy.java:addNew(89)) - bc85daca-ab4a-48e2-9784-06c61baf41dc: addNew group-6C59E0BFCCEF:[bc85daca-ab4a-48e2-9784-06c61baf41dc:192.168.19.17:34221] returns group-6C59E0BFCCEF:java.util.concurrent.CompletableFuture@766087b9[Not completed]
2019-06-12 21:44:16,862 INFO  impl.RaftServerImpl (RaftServerImpl.java:<init>(91)) - bc85daca-ab4a-48e2-9784-06c61baf41dc: new RaftServerImpl for group-6C59E0BFCCEF:[bc85daca-ab4a-48e2-9784-06c61baf41dc:192.168.19.17:34221] with ContainerStateMachine:uninitialized
2019-06-12 21:44:16,862 INFO  server.RaftServerConfigKeys (ConfUtils.java:logGet(43)) - raft.server.rpc.timeout.min = 1s (custom)
2019-06-12 21:44:16,862 INFO  server.RaftServerConfigKeys (ConfUtils.java:logGet(43)) - raft.server.rpc.timeout.max = 1200ms (custom)
2019-06-12 21:44:16,862 INFO  server.RaftServerConfigKeys (ConfUtils.java:logGet(43)) - raft.server.rpcslowness.timeout = 120s (custom)
2019-06-12 21:44:16,862 INFO  server.RaftServerConfigKeys (ConfUtils.java:logGet(43)) - raft.server.log.appender.install.snapshot.enabled = true (default)
2019-06-12 21:44:16,862 INFO  impl.RaftServerImpl (ServerState.java:<init>(101)) - bc85daca-ab4a-48e2-9784-06c61baf41dc:group-6C59E0BFCCEF ConfigurationManager, init=-1: [bc85daca-ab4a-48e2-9784-06c61baf41dc:192.168.19.17:34221], old=null, confs=<EMPTY_MAP>
2019-06-12 21:44:16,862 INFO  server.RaftServerConfigKeys (ConfUtils.java:logGet(43)) - raft.server.storage.dir = [/opt/src/hadoop-ozone/integration-test/target/test-dir/MiniOzoneClusterImpl-080f3432-8231-466c-b232-eabbd037a79f/datanode-6/data/ratis] (custom)
2019-06-12 21:44:16,863 INFO  storage.RaftStorageDirectory (RaftStorageDirectory.java:analyzeStorage(246)) - The storage directory /opt/src/hadoop-ozone/integration-test/target/test-dir/MiniOzoneClusterImpl-080f3432-8231-466c-b232-eabbd037a79f/datanode-6/data/ratis/8f494418-a728-46ac-b356-6c59e0bfccef does not exist. Creating ...
2019-06-12 21:44:16,865 INFO  storage.RaftStorageDirectory (RaftStorageDirectory.java:tryLock(328)) - Lock on /opt/src/hadoop-ozone/integration-test/target/test-dir/MiniOzoneClusterImpl-080f3432-8231-466c-b232-eabbd037a79f/datanode-6/data/ratis/8f494418-a728-46ac-b356-6c59e0bfccef/in_use.lock acquired by nodename 20036@ozone-zc7hm-585872790
2019-06-12 21:44:16,867 INFO  storage.RaftStorage (RaftStorage.java:format(75)) - Storage directory /opt/src/hadoop-ozone/integration-test/target/test-dir/MiniOzoneClusterImpl-080f3432-8231-466c-b232-eabbd037a79f/datanode-6/data/ratis/8f494418-a728-46ac-b356-6c59e0bfccef has been successfully formatted.
2019-06-12 21:44:16,867 INFO  ratis.ContainerStateMachine (ContainerStateMachine.java:loadSnapshot(199)) - The snapshot info is null.Setting the last applied index to:(t:0, i:~)
2019-06-12 21:44:16,867 INFO  server.RaftServerConfigKeys (ConfUtils.java:logGet(43)) - raft.server.leader.election.timeout = 120s (custom)
2019-06-12 21:44:16,867 INFO  server.RaftServerConfigKeys (ConfUtils.java:logGet(43)) - raft.server.log.use.memory = false (default)
2019-06-12 21:44:16,867 INFO  server.RaftServerConfigKeys (ConfUtils.java:logGet(43)) - raft.server.log.appender.buffer.byte-limit = 33554432 (custom)
2019-06-12 21:44:16,867 INFO  server.RaftServerConfigKeys (ConfUtils.java:logGet(43)) - raft.server.log.segment.size.max = 16384 (custom)
2019-06-12 21:44:16,867 INFO  server.RaftServerConfigKeys (ConfUtils.java:logGet(43)) - raft.server.log.segment.cache.num.max = 2 (custom)
2019-06-12 21:44:16,867 INFO  storage.RaftLogWorker (RaftLogWorker.java:<init>(123)) - new bc85daca-ab4a-48e2-9784-06c61baf41dc-RaftLogWorker for Storage Directory /opt/src/hadoop-ozone/integration-test/target/test-dir/MiniOzoneClusterImpl-080f3432-8231-466c-b232-eabbd037a79f/datanode-6/data/ratis/8f494418-a728-46ac-b356-6c59e0bfccef
2019-06-12 21:44:16,867 INFO  server.RaftServerConfigKeys (ConfUtils.java:logGet(43)) - raft.server.log.queue.byte-limit = 2147483647 (custom)
2019-06-12 21:44:16,868 INFO  server.RaftServerConfigKeys (ConfUtils.java:logGet(43)) - raft.server.log.queue.element-limit = 1024 (custom)
2019-06-12 21:44:16,868 INFO  server.RaftServerConfigKeys (ConfUtils.java:logGet(43)) - raft.server.log.segment.size.max = 16384 (custom)
2019-06-12 21:44:16,868 INFO  server.RaftServerConfigKeys (ConfUtils.java:logGet(43)) - raft.server.log.preallocated.size = 16384 (custom)
2019-06-12 21:44:16,868 INFO  server.RaftServerConfigKeys (ConfUtils.java:logGet(43)) - raft.server.log.write.buffer.size = 33554432 (custom)
2019-06-12 21:44:16,868 INFO  server.RaftServerConfigKeys (ConfUtils.java:logGet(43)) - raft.server.log.force.sync.num = 128 (default)
2019-06-12 21:44:16,868 INFO  server.RaftServerConfigKeys (ConfUtils.java:logGet(43)) - raft.server.log.statemachine.data.sync = true (default)
2019-06-12 21:44:16,868 INFO  server.RaftServerConfigKeys (ConfUtils.java:logGet(43)) - raft.server.log.statemachine.data.sync.timeout = 10s (default)
2019-06-12 21:44:16,868 INFO  server.RaftServerConfigKeys (ConfUtils.java:logGet(43)) - raft.server.log.statemachine.data.sync.timeout.retry = -1 (default)
2019-06-12 21:44:16,868 INFO  server.RaftServerConfigKeys (ConfUtils.java:logGet(43)) - raft.server.log.statemachine.data.caching.enabled = true (custom)
2019-06-12 21:44:16,868 INFO  server.RaftServerConfigKeys (ConfUtils.java:logGet(43)) - raft.server.snapshot.auto.trigger.enabled = true (custom)
2019-06-12 21:44:16,868 INFO  server.RaftServerConfigKeys (ConfUtils.java:logGet(43)) - raft.server.snapshot.auto.trigger.threshold = 10000 (custom)
2019-06-12 21:44:16,869 INFO  server.RaftServerConfigKeys (ConfUtils.java:logGet(43)) - raft.server.retrycache.expirytime = 600000ms (custom)
2019-06-12 21:44:16,869 INFO  impl.RaftServerImpl (RaftServerImpl.java:start(173)) - bc85daca-ab4a-48e2-9784-06c61baf41dc: start group-6C59E0BFCCEF
2019-06-12 21:44:16,869 INFO  impl.RaftServerImpl (RaftServerImpl.java:setRole(164)) - bc85daca-ab4a-48e2-9784-06c61baf41dc:group-6C59E0BFCCEF changes role from null to FOLLOWER at term 0 for startAsFollower
2019-06-12 21:44:16,869 INFO  impl.RoleInfo (RoleInfo.java:updateAndGet(143)) - bc85daca-ab4a-48e2-9784-06c61baf41dc: start FollowerState
2019-06-12 21:44:16,869 INFO  util.JmxRegister (JmxRegister.java:tryRegister(44)) - Successfully registered JMX Bean with object name Ratis:service=RaftServer,group=group-6C59E0BFCCEF,id=bc85daca-ab4a-48e2-9784-06c61baf41dc
2019-06-12 21:44:16,873 INFO  pipeline.PipelineStateManager (PipelineStateManager.java:addPipeline(56)) - Created pipeline Pipeline[ Id: 8f494418-a728-46ac-b356-6c59e0bfccef, Nodes: bc85daca-ab4a-48e2-9784-06c61baf41dc{ip: 192.168.19.17, host: ozone-zc7hm-585872790, networkLocation: /default-rack, certSerialId: null}, Type:RATIS, Factor:ONE, State:OPEN]
2019-06-12 21:44:16,955 INFO  impl.FollowerState (FollowerState.java:run(101)) - bd8ffccd-e3cb-4b22-95e6-c841533bad94:group-D8A8D787C3E5 changes to CANDIDATE, lastRpcTime:1048, electionTimeout:1048ms
2019-06-12 21:44:16,955 INFO  impl.RoleInfo (RoleInfo.java:shutdownFollowerState(121)) - bd8ffccd-e3cb-4b22-95e6-c841533bad94: shutdown FollowerState
2019-06-12 21:44:16,955 INFO  impl.RaftServerImpl (RaftServerImpl.java:setRole(164)) - bd8ffccd-e3cb-4b22-95e6-c841533bad94:group-D8A8D787C3E5 changes role from FOLLOWER to CANDIDATE at term 0 for changeToCandidate
2019-06-12 21:44:16,955 INFO  impl.RoleInfo (RoleInfo.java:updateAndGet(143)) - bd8ffccd-e3cb-4b22-95e6-c841533bad94: start LeaderElection
2019-06-12 21:44:16,962 INFO  impl.LeaderElection (LeaderElection.java:askForVotes(181)) - bd8ffccd-e3cb-4b22-95e6-c841533bad94:group-D8A8D787C3E5:LeaderElection27: begin an election at term 1 for -1: [bd8ffccd-e3cb-4b22-95e6-c841533bad94:192.168.19.17:35697], old=null
2019-06-12 21:44:16,962 INFO  impl.RoleInfo (RoleInfo.java:shutdownLeaderElection(134)) - bd8ffccd-e3cb-4b22-95e6-c841533bad94: shutdown LeaderElection
2019-06-12 21:44:16,962 INFO  impl.RaftServerImpl (RaftServerImpl.java:setRole(164)) - bd8ffccd-e3cb-4b22-95e6-c841533bad94:group-D8A8D787C3E5 changes role from CANDIDATE to LEADER at term 1 for changeToLeader
2019-06-12 21:44:16,962 INFO  impl.RaftServerImpl (ServerState.java:setLeader(263)) - bd8ffccd-e3cb-4b22-95e6-c841533bad94:group-D8A8D787C3E5 change Leader from null to bd8ffccd-e3cb-4b22-95e6-c841533bad94 at term 1 for becomeLeader, leader elected after 1057ms
2019-06-12 21:44:16,963 INFO  server.RaftServerConfigKeys (ConfUtils.java:logGet(43)) - raft.server.staging.catchup.gap = 1000 (default)
2019-06-12 21:44:16,963 INFO  server.RaftServerConfigKeys (ConfUtils.java:logGet(43)) - raft.server.rpc.sleep.time = 25ms (default)
2019-06-12 21:44:16,963 INFO  server.RaftServerConfigKeys (ConfUtils.java:logGet(43)) - raft.server.watch.timeout = 10s (default)
2019-06-12 21:44:16,963 INFO  server.RaftServerConfigKeys (ConfUtils.java:logGet(43)) - raft.server.watch.timeout.denomination = 1s (default)
2019-06-12 21:44:16,963 INFO  impl.RoleInfo (RoleInfo.java:updateAndGet(143)) - bd8ffccd-e3cb-4b22-95e6-c841533bad94: start LeaderState
2019-06-12 21:44:16,963 INFO  storage.RaftLogWorker (RaftLogWorker.java:startLogSegment(298)) - bd8ffccd-e3cb-4b22-95e6-c841533bad94-RaftLogWorker: Starting segment from index:0
2019-06-12 21:44:16,963 INFO  impl.RaftServerImpl (ServerState.java:setRaftConf(361)) - bd8ffccd-e3cb-4b22-95e6-c841533bad94:group-D8A8D787C3E5 set configuration 0: [bd8ffccd-e3cb-4b22-95e6-c841533bad94:192.168.19.17:35697], old=null at 0
2019-06-12 21:44:16,998 INFO  storage.RaftLogWorker (RaftLogWorker.java:execute(469)) - bd8ffccd-e3cb-4b22-95e6-c841533bad94-RaftLogWorker: created new log segment /opt/src/hadoop-ozone/integration-test/target/test-dir/MiniOzoneClusterImpl-080f3432-8231-466c-b232-eabbd037a79f/datanode-1/data/ratis/e4075164-551e-4d65-883b-d8a8d787c3e5/current/log_inprogress_0
2019-06-12 21:44:17,103 INFO  impl.FollowerState (FollowerState.java:run(101)) - f7e24b40-db1f-4d13-973e-ab173e727c72:group-EFCCD525F1EC changes to CANDIDATE, lastRpcTime:1024, electionTimeout:1024ms
2019-06-12 21:44:17,104 INFO  impl.RoleInfo (RoleInfo.java:shutdownFollowerState(121)) - f7e24b40-db1f-4d13-973e-ab173e727c72: shutdown FollowerState
2019-06-12 21:44:17,104 INFO  impl.RaftServerImpl (RaftServerImpl.java:setRole(164)) - f7e24b40-db1f-4d13-973e-ab173e727c72:group-EFCCD525F1EC changes role from FOLLOWER to CANDIDATE at term 0 for changeToCandidate
2019-06-12 21:44:17,104 INFO  impl.RoleInfo (RoleInfo.java:updateAndGet(143)) - f7e24b40-db1f-4d13-973e-ab173e727c72: start LeaderElection
2019-06-12 21:44:17,112 INFO  impl.LeaderElection (LeaderElection.java:askForVotes(181)) - f7e24b40-db1f-4d13-973e-ab173e727c72:group-EFCCD525F1EC:LeaderElection28: begin an election at term 1 for -1: [bd8ffccd-e3cb-4b22-95e6-c841533bad94:192.168.19.17:35697, 0af8d7ed-cdc3-4672-8dee-c2f2e92dcb16:192.168.19.17:36143, f7e24b40-db1f-4d13-973e-ab173e727c72:192.168.19.17:43005], old=null
2019-06-12 21:44:17,116 INFO  impl.RaftServerImpl (RaftServerImpl.java:setRole(164)) - 0af8d7ed-cdc3-4672-8dee-c2f2e92dcb16:group-EFCCD525F1EC changes role from FOLLOWER to FOLLOWER at term 1 for recognizeCandidate:f7e24b40-db1f-4d13-973e-ab173e727c72
2019-06-12 21:44:17,117 INFO  impl.RoleInfo (RoleInfo.java:shutdownFollowerState(121)) - 0af8d7ed-cdc3-4672-8dee-c2f2e92dcb16: shutdown FollowerState
2019-06-12 21:44:17,117 INFO  impl.RoleInfo (RoleInfo.java:updateAndGet(143)) - 0af8d7ed-cdc3-4672-8dee-c2f2e92dcb16: start FollowerState
2019-06-12 21:44:17,118 INFO  impl.FollowerState (FollowerState.java:run(109)) - 0af8d7ed-cdc3-4672-8dee-c2f2e92dcb16: FollowerState was interrupted: java.lang.InterruptedException: sleep interrupted
2019-06-12 21:44:17,118 INFO  impl.RaftServerImpl (RaftServerImpl.java:setRole(164)) - bd8ffccd-e3cb-4b22-95e6-c841533bad94:group-EFCCD525F1EC changes role from FOLLOWER to FOLLOWER at term 1 for recognizeCandidate:f7e24b40-db1f-4d13-973e-ab173e727c72
2019-06-12 21:44:17,121 INFO  impl.RoleInfo (RoleInfo.java:shutdownFollowerState(121)) - bd8ffccd-e3cb-4b22-95e6-c841533bad94: shutdown FollowerState
2019-06-12 21:44:17,121 INFO  impl.RoleInfo (RoleInfo.java:updateAndGet(143)) - bd8ffccd-e3cb-4b22-95e6-c841533bad94: start FollowerState
2019-06-12 21:44:17,127 INFO  impl.LeaderElection (LeaderElection.java:logAndReturn(56)) - f7e24b40-db1f-4d13-973e-ab173e727c72:group-EFCCD525F1EC:LeaderElection28: Election PASSED; received 1 response(s) [f7e24b40-db1f-4d13-973e-ab173e727c72->0af8d7ed-cdc3-4672-8dee-c2f2e92dcb16,true-t1] and 0 exception(s); f7e24b40-db1f-4d13-973e-ab173e727c72:t1, leader=null, voted=f7e24b40-db1f-4d13-973e-ab173e727c72, raftlog=f7e24b40-db1f-4d13-973e-ab173e727c72-SegmentedRaftLog:OPENED:c-1,f-1,i0, conf=-1: [bd8ffccd-e3cb-4b22-95e6-c841533bad94:192.168.19.17:35697, 0af8d7ed-cdc3-4672-8dee-c2f2e92dcb16:192.168.19.17:36143, f7e24b40-db1f-4d13-973e-ab173e727c72:192.168.19.17:43005], old=null
2019-06-12 21:44:17,127 INFO  impl.RoleInfo (RoleInfo.java:shutdownLeaderElection(134)) - f7e24b40-db1f-4d13-973e-ab173e727c72: shutdown LeaderElection
2019-06-12 21:44:17,127 INFO  impl.RaftServerImpl (RaftServerImpl.java:setRole(164)) - f7e24b40-db1f-4d13-973e-ab173e727c72:group-EFCCD525F1EC changes role from CANDIDATE to LEADER at term 1 for changeToLeader
2019-06-12 21:44:17,127 INFO  impl.RaftServerImpl (ServerState.java:setLeader(263)) - f7e24b40-db1f-4d13-973e-ab173e727c72:group-EFCCD525F1EC change Leader from null to f7e24b40-db1f-4d13-973e-ab173e727c72 at term 1 for becomeLeader, leader elected after 1050ms
2019-06-12 21:44:17,128 INFO  server.RaftServerConfigKeys (ConfUtils.java:logGet(43)) - raft.server.staging.catchup.gap = 1000 (default)
2019-06-12 21:44:17,128 INFO  server.RaftServerConfigKeys (ConfUtils.java:logGet(43)) - raft.server.rpc.sleep.time = 25ms (default)
2019-06-12 21:44:17,129 INFO  server.RaftServerConfigKeys (ConfUtils.java:logGet(43)) - raft.server.watch.timeout = 10s (default)
2019-06-12 21:44:17,129 INFO  server.RaftServerConfigKeys (ConfUtils.java:logGet(43)) - raft.server.watch.timeout.denomination = 1s (default)
2019-06-12 21:44:17,129 INFO  server.RaftServerConfigKeys (ConfUtils.java:logGet(43)) - raft.server.log.appender.snapshot.chunk.size.max = 16MB (=16777216) (default)
2019-06-12 21:44:17,129 INFO  server.RaftServerConfigKeys (ConfUtils.java:logGet(43)) - raft.server.log.appender.buffer.byte-limit = 33554432 (custom)
2019-06-12 21:44:17,129 INFO  server.RaftServerConfigKeys (ConfUtils.java:logGet(43)) - raft.server.log.appender.buffer.element-limit = 1 (custom)
2019-06-12 21:44:17,129 INFO  grpc.GrpcConfigKeys$Server (ConfUtils.java:logGet(43)) - raft.grpc.server.leader.outstanding.appends.max = 128 (default)
2019-06-12 21:44:17,129 INFO  server.RaftServerConfigKeys (ConfUtils.java:logGet(43)) - raft.server.rpc.request.timeout = 3000ms (default)
2019-06-12 21:44:17,130 INFO  server.RaftServerConfigKeys (ConfUtils.java:logGet(43)) - raft.server.log.appender.install.snapshot.enabled = true (default)
2019-06-12 21:44:17,130 INFO  server.RaftServerConfigKeys (ConfUtils.java:logGet(43)) - raft.server.log.appender.snapshot.chunk.size.max = 16MB (=16777216) (default)
2019-06-12 21:44:17,130 INFO  server.RaftServerConfigKeys (ConfUtils.java:logGet(43)) - raft.server.log.appender.buffer.byte-limit = 33554432 (custom)
2019-06-12 21:44:17,130 INFO  server.RaftServerConfigKeys (ConfUtils.java:logGet(43)) - raft.server.log.appender.buffer.element-limit = 1 (custom)
2019-06-12 21:44:17,130 INFO  grpc.GrpcConfigKeys$Server (ConfUtils.java:logGet(43)) - raft.grpc.server.leader.outstanding.appends.max = 128 (default)
2019-06-12 21:44:17,130 INFO  server.RaftServerConfigKeys (ConfUtils.java:logGet(43)) - raft.server.rpc.request.timeout = 3000ms (default)
2019-06-12 21:44:17,130 INFO  server.RaftServerConfigKeys (ConfUtils.java:logGet(43)) - raft.server.log.appender.install.snapshot.enabled = true (default)
2019-06-12 21:44:17,130 INFO  impl.RoleInfo (RoleInfo.java:updateAndGet(143)) - f7e24b40-db1f-4d13-973e-ab173e727c72: start LeaderState
2019-06-12 21:44:17,130 INFO  storage.RaftLogWorker (RaftLogWorker.java:startLogSegment(298)) - f7e24b40-db1f-4d13-973e-ab173e727c72-RaftLogWorker: Starting segment from index:0
2019-06-12 21:44:17,135 INFO  impl.RaftServerImpl (ServerState.java:setLeader(263)) - bd8ffccd-e3cb-4b22-95e6-c841533bad94:group-EFCCD525F1EC change Leader from null to f7e24b40-db1f-4d13-973e-ab173e727c72 at term 1 for appendEntries, leader elected after 1047ms
2019-06-12 21:44:17,152 INFO  impl.RaftServerImpl (ServerState.java:setRaftConf(361)) - f7e24b40-db1f-4d13-973e-ab173e727c72:group-EFCCD525F1EC set configuration 0: [bd8ffccd-e3cb-4b22-95e6-c841533bad94:192.168.19.17:35697, 0af8d7ed-cdc3-4672-8dee-c2f2e92dcb16:192.168.19.17:36143, f7e24b40-db1f-4d13-973e-ab173e727c72:192.168.19.17:43005], old=null at 0
2019-06-12 21:44:17,152 INFO  impl.RaftServerImpl (ServerState.java:setRaftConf(361)) - bd8ffccd-e3cb-4b22-95e6-c841533bad94:group-EFCCD525F1EC set configuration 0: [bd8ffccd-e3cb-4b22-95e6-c841533bad94:192.168.19.17:35697, 0af8d7ed-cdc3-4672-8dee-c2f2e92dcb16:192.168.19.17:36143, f7e24b40-db1f-4d13-973e-ab173e727c72:192.168.19.17:43005], old=null at 0
2019-06-12 21:44:17,153 INFO  storage.RaftLogWorker (RaftLogWorker.java:startLogSegment(298)) - bd8ffccd-e3cb-4b22-95e6-c841533bad94-RaftLogWorker: Starting segment from index:0
2019-06-12 21:44:17,179 INFO  impl.RaftServerImpl (ServerState.java:setLeader(263)) - 0af8d7ed-cdc3-4672-8dee-c2f2e92dcb16:group-EFCCD525F1EC change Leader from null to f7e24b40-db1f-4d13-973e-ab173e727c72 at term 1 for appendEntries, leader elected after 1099ms
2019-06-12 21:44:17,181 INFO  storage.RaftLogWorker (RaftLogWorker.java:execute(469)) - f7e24b40-db1f-4d13-973e-ab173e727c72-RaftLogWorker: created new log segment /opt/src/hadoop-ozone/integration-test/target/test-dir/MiniOzoneClusterImpl-080f3432-8231-466c-b232-eabbd037a79f/datanode-0/data/ratis/e39047b9-3419-41f0-b9f1-efccd525f1ec/current/log_inprogress_0
2019-06-12 21:44:17,181 INFO  impl.RaftServerImpl (ServerState.java:setRaftConf(361)) - 0af8d7ed-cdc3-4672-8dee-c2f2e92dcb16:group-EFCCD525F1EC set configuration 0: [bd8ffccd-e3cb-4b22-95e6-c841533bad94:192.168.19.17:35697, 0af8d7ed-cdc3-4672-8dee-c2f2e92dcb16:192.168.19.17:36143, f7e24b40-db1f-4d13-973e-ab173e727c72:192.168.19.17:43005], old=null at 0
2019-06-12 21:44:17,181 INFO  storage.RaftLogWorker (RaftLogWorker.java:startLogSegment(298)) - 0af8d7ed-cdc3-4672-8dee-c2f2e92dcb16-RaftLogWorker: Starting segment from index:0
2019-06-12 21:44:17,199 INFO  storage.RaftLogWorker (RaftLogWorker.java:execute(469)) - bd8ffccd-e3cb-4b22-95e6-c841533bad94-RaftLogWorker: created new log segment /opt/src/hadoop-ozone/integration-test/target/test-dir/MiniOzoneClusterImpl-080f3432-8231-466c-b232-eabbd037a79f/datanode-1/data/ratis/e39047b9-3419-41f0-b9f1-efccd525f1ec/current/log_inprogress_0
2019-06-12 21:44:17,216 INFO  impl.FollowerState (FollowerState.java:run(101)) - a8aae934-aed2-4f08-9370-5490ef92e037:group-A596B3D15D9A changes to CANDIDATE, lastRpcTime:1002, electionTimeout:1002ms
2019-06-12 21:44:17,216 INFO  impl.RoleInfo (RoleInfo.java:shutdownFollowerState(121)) - a8aae934-aed2-4f08-9370-5490ef92e037: shutdown FollowerState
2019-06-12 21:44:17,216 INFO  impl.RaftServerImpl (RaftServerImpl.java:setRole(164)) - a8aae934-aed2-4f08-9370-5490ef92e037:group-A596B3D15D9A changes role from FOLLOWER to CANDIDATE at term 0 for changeToCandidate
2019-06-12 21:44:17,217 INFO  impl.RoleInfo (RoleInfo.java:updateAndGet(143)) - a8aae934-aed2-4f08-9370-5490ef92e037: start LeaderElection
2019-06-12 21:44:17,219 INFO  storage.RaftLogWorker (RaftLogWorker.java:execute(469)) - 0af8d7ed-cdc3-4672-8dee-c2f2e92dcb16-RaftLogWorker: created new log segment /opt/src/hadoop-ozone/integration-test/target/test-dir/MiniOzoneClusterImpl-080f3432-8231-466c-b232-eabbd037a79f/datanode-2/data/ratis/e39047b9-3419-41f0-b9f1-efccd525f1ec/current/log_inprogress_0
2019-06-12 21:44:17,224 INFO  impl.LeaderElection (LeaderElection.java:askForVotes(181)) - a8aae934-aed2-4f08-9370-5490ef92e037:group-A596B3D15D9A:LeaderElection29: begin an election at term 1 for -1: [a8aae934-aed2-4f08-9370-5490ef92e037:192.168.19.17:40495], old=null
2019-06-12 21:44:17,224 INFO  impl.RoleInfo (RoleInfo.java:shutdownLeaderElection(134)) - a8aae934-aed2-4f08-9370-5490ef92e037: shutdown LeaderElection
2019-06-12 21:44:17,224 INFO  impl.RaftServerImpl (RaftServerImpl.java:setRole(164)) - a8aae934-aed2-4f08-9370-5490ef92e037:group-A596B3D15D9A changes role from CANDIDATE to LEADER at term 1 for changeToLeader
2019-06-12 21:44:17,224 INFO  impl.RaftServerImpl (ServerState.java:setLeader(263)) - a8aae934-aed2-4f08-9370-5490ef92e037:group-A596B3D15D9A change Leader from null to a8aae934-aed2-4f08-9370-5490ef92e037 at term 1 for becomeLeader, leader elected after 1012ms
2019-06-12 21:44:17,224 INFO  server.RaftServerConfigKeys (ConfUtils.java:logGet(43)) - raft.server.staging.catchup.gap = 1000 (default)
2019-06-12 21:44:17,224 INFO  server.RaftServerConfigKeys (ConfUtils.java:logGet(43)) - raft.server.rpc.sleep.time = 25ms (default)
2019-06-12 21:44:17,224 INFO  server.RaftServerConfigKeys (ConfUtils.java:logGet(43)) - raft.server.watch.timeout = 10s (default)
2019-06-12 21:44:17,224 INFO  server.RaftServerConfigKeys (ConfUtils.java:logGet(43)) - raft.server.watch.timeout.denomination = 1s (default)
2019-06-12 21:44:17,225 INFO  impl.RoleInfo (RoleInfo.java:updateAndGet(143)) - a8aae934-aed2-4f08-9370-5490ef92e037: start LeaderState
2019-06-12 21:44:17,225 INFO  storage.RaftLogWorker (RaftLogWorker.java:startLogSegment(298)) - a8aae934-aed2-4f08-9370-5490ef92e037-RaftLogWorker: Starting segment from index:0
2019-06-12 21:44:17,225 INFO  impl.RaftServerImpl (ServerState.java:setRaftConf(361)) - a8aae934-aed2-4f08-9370-5490ef92e037:group-A596B3D15D9A set configuration 0: [a8aae934-aed2-4f08-9370-5490ef92e037:192.168.19.17:40495], old=null at 0
2019-06-12 21:44:17,242 INFO  impl.FollowerState (FollowerState.java:run(101)) - 0af8d7ed-cdc3-4672-8dee-c2f2e92dcb16:group-353E207E5128 changes to CANDIDATE, lastRpcTime:1187, electionTimeout:1187ms
2019-06-12 21:44:17,242 INFO  impl.RoleInfo (RoleInfo.java:shutdownFollowerState(121)) - 0af8d7ed-cdc3-4672-8dee-c2f2e92dcb16: shutdown FollowerState
2019-06-12 21:44:17,242 INFO  impl.RaftServerImpl (RaftServerImpl.java:setRole(164)) - 0af8d7ed-cdc3-4672-8dee-c2f2e92dcb16:group-353E207E5128 changes role from FOLLOWER to CANDIDATE at term 0 for changeToCandidate
2019-06-12 21:44:17,242 INFO  impl.RoleInfo (RoleInfo.java:updateAndGet(143)) - 0af8d7ed-cdc3-4672-8dee-c2f2e92dcb16: start LeaderElection
2019-06-12 21:44:17,263 INFO  storage.RaftLogWorker (RaftLogWorker.java:execute(469)) - a8aae934-aed2-4f08-9370-5490ef92e037-RaftLogWorker: created new log segment /opt/src/hadoop-ozone/integration-test/target/test-dir/MiniOzoneClusterImpl-080f3432-8231-466c-b232-eabbd037a79f/datanode-3/data/ratis/6f05aeef-868e-4f8f-821e-a596b3d15d9a/current/log_inprogress_0
2019-06-12 21:44:17,265 INFO  impl.LeaderElection (LeaderElection.java:askForVotes(181)) - 0af8d7ed-cdc3-4672-8dee-c2f2e92dcb16:group-353E207E5128:LeaderElection30: begin an election at term 1 for -1: [0af8d7ed-cdc3-4672-8dee-c2f2e92dcb16:192.168.19.17:36143], old=null
2019-06-12 21:44:17,265 INFO  impl.RoleInfo (RoleInfo.java:shutdownLeaderElection(134)) - 0af8d7ed-cdc3-4672-8dee-c2f2e92dcb16: shutdown LeaderElection
2019-06-12 21:44:17,265 INFO  impl.RaftServerImpl (RaftServerImpl.java:setRole(164)) - 0af8d7ed-cdc3-4672-8dee-c2f2e92dcb16:group-353E207E5128 changes role from CANDIDATE to LEADER at term 1 for changeToLeader
2019-06-12 21:44:17,265 INFO  impl.RaftServerImpl (ServerState.java:setLeader(263)) - 0af8d7ed-cdc3-4672-8dee-c2f2e92dcb16:group-353E207E5128 change Leader from null to 0af8d7ed-cdc3-4672-8dee-c2f2e92dcb16 at term 1 for becomeLeader, leader elected after 1212ms
2019-06-12 21:44:17,266 INFO  server.RaftServerConfigKeys (ConfUtils.java:logGet(43)) - raft.server.staging.catchup.gap = 1000 (default)
2019-06-12 21:44:17,266 INFO  server.RaftServerConfigKeys (ConfUtils.java:logGet(43)) - raft.server.rpc.sleep.time = 25ms (default)
2019-06-12 21:44:17,266 INFO  server.RaftServerConfigKeys (ConfUtils.java:logGet(43)) - raft.server.watch.timeout = 10s (default)
2019-06-12 21:44:17,266 INFO  server.RaftServerConfigKeys (ConfUtils.java:logGet(43)) - raft.server.watch.timeout.denomination = 1s (default)
2019-06-12 21:44:17,266 INFO  impl.RoleInfo (RoleInfo.java:updateAndGet(143)) - 0af8d7ed-cdc3-4672-8dee-c2f2e92dcb16: start LeaderState
2019-06-12 21:44:17,266 INFO  storage.RaftLogWorker (RaftLogWorker.java:startLogSegment(298)) - 0af8d7ed-cdc3-4672-8dee-c2f2e92dcb16-RaftLogWorker: Starting segment from index:0
2019-06-12 21:44:17,269 INFO  impl.RaftServerImpl (ServerState.java:setRaftConf(361)) - 0af8d7ed-cdc3-4672-8dee-c2f2e92dcb16:group-353E207E5128 set configuration 0: [0af8d7ed-cdc3-4672-8dee-c2f2e92dcb16:192.168.19.17:36143], old=null at 0
2019-06-12 21:44:17,302 INFO  storage.RaftLogWorker (RaftLogWorker.java:execute(469)) - 0af8d7ed-cdc3-4672-8dee-c2f2e92dcb16-RaftLogWorker: created new log segment /opt/src/hadoop-ozone/integration-test/target/test-dir/MiniOzoneClusterImpl-080f3432-8231-466c-b232-eabbd037a79f/datanode-2/data/ratis/6d94f7eb-c452-4107-9227-353e207e5128/current/log_inprogress_0
2019-06-12 21:44:17,412 INFO  impl.FollowerState (FollowerState.java:run(101)) - cbf0fb0b-b22c-40ad-a0f4-9f5e3fbd8bb4:group-CCB9C347A991 changes to CANDIDATE, lastRpcTime:1032, electionTimeout:1032ms
2019-06-12 21:44:17,412 INFO  impl.RoleInfo (RoleInfo.java:shutdownFollowerState(121)) - cbf0fb0b-b22c-40ad-a0f4-9f5e3fbd8bb4: shutdown FollowerState
2019-06-12 21:44:17,412 INFO  impl.RaftServerImpl (RaftServerImpl.java:setRole(164)) - cbf0fb0b-b22c-40ad-a0f4-9f5e3fbd8bb4:group-CCB9C347A991 changes role from FOLLOWER to CANDIDATE at term 0 for changeToCandidate
2019-06-12 21:44:17,412 INFO  impl.RoleInfo (RoleInfo.java:updateAndGet(143)) - cbf0fb0b-b22c-40ad-a0f4-9f5e3fbd8bb4: start LeaderElection
2019-06-12 21:44:17,423 INFO  impl.LeaderElection (LeaderElection.java:askForVotes(181)) - cbf0fb0b-b22c-40ad-a0f4-9f5e3fbd8bb4:group-CCB9C347A991:LeaderElection31: begin an election at term 1 for -1: [cbf0fb0b-b22c-40ad-a0f4-9f5e3fbd8bb4:192.168.19.17:34967], old=null
2019-06-12 21:44:17,423 INFO  impl.RoleInfo (RoleInfo.java:shutdownLeaderElection(134)) - cbf0fb0b-b22c-40ad-a0f4-9f5e3fbd8bb4: shutdown LeaderElection
2019-06-12 21:44:17,423 INFO  impl.RaftServerImpl (RaftServerImpl.java:setRole(164)) - cbf0fb0b-b22c-40ad-a0f4-9f5e3fbd8bb4:group-CCB9C347A991 changes role from CANDIDATE to LEADER at term 1 for changeToLeader
2019-06-12 21:44:17,423 INFO  impl.RaftServerImpl (ServerState.java:setLeader(263)) - cbf0fb0b-b22c-40ad-a0f4-9f5e3fbd8bb4:group-CCB9C347A991 change Leader from null to cbf0fb0b-b22c-40ad-a0f4-9f5e3fbd8bb4 at term 1 for becomeLeader, leader elected after 1046ms
2019-06-12 21:44:17,424 INFO  server.RaftServerConfigKeys (ConfUtils.java:logGet(43)) - raft.server.staging.catchup.gap = 1000 (default)
2019-06-12 21:44:17,424 INFO  server.RaftServerConfigKeys (ConfUtils.java:logGet(43)) - raft.server.rpc.sleep.time = 25ms (default)
2019-06-12 21:44:17,424 INFO  server.RaftServerConfigKeys (ConfUtils.java:logGet(43)) - raft.server.watch.timeout = 10s (default)
2019-06-12 21:44:17,424 INFO  server.RaftServerConfigKeys (ConfUtils.java:logGet(43)) - raft.server.watch.timeout.denomination = 1s (default)
2019-06-12 21:44:17,424 INFO  impl.RoleInfo (RoleInfo.java:updateAndGet(143)) - cbf0fb0b-b22c-40ad-a0f4-9f5e3fbd8bb4: start LeaderState
2019-06-12 21:44:17,424 INFO  storage.RaftLogWorker (RaftLogWorker.java:startLogSegment(298)) - cbf0fb0b-b22c-40ad-a0f4-9f5e3fbd8bb4-RaftLogWorker: Starting segment from index:0
2019-06-12 21:44:17,433 INFO  impl.RaftServerImpl (ServerState.java:setRaftConf(361)) - cbf0fb0b-b22c-40ad-a0f4-9f5e3fbd8bb4:group-CCB9C347A991 set configuration 0: [cbf0fb0b-b22c-40ad-a0f4-9f5e3fbd8bb4:192.168.19.17:34967], old=null at 0
2019-06-12 21:44:17,464 INFO  storage.RaftLogWorker (RaftLogWorker.java:execute(469)) - cbf0fb0b-b22c-40ad-a0f4-9f5e3fbd8bb4-RaftLogWorker: created new log segment /opt/src/hadoop-ozone/integration-test/target/test-dir/MiniOzoneClusterImpl-080f3432-8231-466c-b232-eabbd037a79f/datanode-4/data/ratis/50ee669a-6333-4ae3-aed8-ccb9c347a991/current/log_inprogress_0
2019-06-12 21:44:17,612 INFO  impl.FollowerState (FollowerState.java:run(101)) - fff6f806-4670-40db-bf9c-9fa7df610fd8:group-F3490616D1F2 changes to CANDIDATE, lastRpcTime:1036, electionTimeout:1036ms
2019-06-12 21:44:17,613 INFO  impl.RoleInfo (RoleInfo.java:shutdownFollowerState(121)) - fff6f806-4670-40db-bf9c-9fa7df610fd8: shutdown FollowerState
2019-06-12 21:44:17,613 INFO  impl.RaftServerImpl (RaftServerImpl.java:setRole(164)) - fff6f806-4670-40db-bf9c-9fa7df610fd8:group-F3490616D1F2 changes role from FOLLOWER to CANDIDATE at term 0 for changeToCandidate
2019-06-12 21:44:17,613 INFO  impl.RoleInfo (RoleInfo.java:updateAndGet(143)) - fff6f806-4670-40db-bf9c-9fa7df610fd8: start LeaderElection
2019-06-12 21:44:17,620 INFO  impl.LeaderElection (LeaderElection.java:askForVotes(181)) - fff6f806-4670-40db-bf9c-9fa7df610fd8:group-F3490616D1F2:LeaderElection32: begin an election at term 1 for -1: [fff6f806-4670-40db-bf9c-9fa7df610fd8:192.168.19.17:44993], old=null
2019-06-12 21:44:17,620 INFO  impl.RoleInfo (RoleInfo.java:shutdownLeaderElection(134)) - fff6f806-4670-40db-bf9c-9fa7df610fd8: shutdown LeaderElection
2019-06-12 21:44:17,620 INFO  impl.RaftServerImpl (RaftServerImpl.java:setRole(164)) - fff6f806-4670-40db-bf9c-9fa7df610fd8:group-F3490616D1F2 changes role from CANDIDATE to LEADER at term 1 for changeToLeader
2019-06-12 21:44:17,620 INFO  impl.RaftServerImpl (ServerState.java:setLeader(263)) - fff6f806-4670-40db-bf9c-9fa7df610fd8:group-F3490616D1F2 change Leader from null to fff6f806-4670-40db-bf9c-9fa7df610fd8 at term 1 for becomeLeader, leader elected after 1045ms
2019-06-12 21:44:17,620 INFO  server.RaftServerConfigKeys (ConfUtils.java:logGet(43)) - raft.server.staging.catchup.gap = 1000 (default)
2019-06-12 21:44:17,620 INFO  server.RaftServerConfigKeys (ConfUtils.java:logGet(43)) - raft.server.rpc.sleep.time = 25ms (default)
2019-06-12 21:44:17,621 INFO  server.RaftServerConfigKeys (ConfUtils.java:logGet(43)) - raft.server.watch.timeout = 10s (default)
2019-06-12 21:44:17,621 INFO  server.RaftServerConfigKeys (ConfUtils.java:logGet(43)) - raft.server.watch.timeout.denomination = 1s (default)
2019-06-12 21:44:17,621 INFO  impl.RoleInfo (RoleInfo.java:updateAndGet(143)) - fff6f806-4670-40db-bf9c-9fa7df610fd8: start LeaderState
2019-06-12 21:44:17,621 INFO  storage.RaftLogWorker (RaftLogWorker.java:startLogSegment(298)) - fff6f806-4670-40db-bf9c-9fa7df610fd8-RaftLogWorker: Starting segment from index:0
2019-06-12 21:44:17,621 INFO  impl.RaftServerImpl (ServerState.java:setRaftConf(361)) - fff6f806-4670-40db-bf9c-9fa7df610fd8:group-F3490616D1F2 set configuration 0: [fff6f806-4670-40db-bf9c-9fa7df610fd8:192.168.19.17:44993], old=null at 0
2019-06-12 21:44:17,657 INFO  storage.RaftLogWorker (RaftLogWorker.java:execute(469)) - fff6f806-4670-40db-bf9c-9fa7df610fd8-RaftLogWorker: created new log segment /opt/src/hadoop-ozone/integration-test/target/test-dir/MiniOzoneClusterImpl-080f3432-8231-466c-b232-eabbd037a79f/datanode-5/data/ratis/ce59b2f2-d700-47ca-bd9c-f3490616d1f2/current/log_inprogress_0
2019-06-12 21:44:17,690 INFO  impl.FollowerState (FollowerState.java:run(101)) - a8aae934-aed2-4f08-9370-5490ef92e037:group-851DBAB9D949 changes to CANDIDATE, lastRpcTime:1088, electionTimeout:1088ms
2019-06-12 21:44:17,690 INFO  impl.RoleInfo (RoleInfo.java:shutdownFollowerState(121)) - a8aae934-aed2-4f08-9370-5490ef92e037: shutdown FollowerState
2019-06-12 21:44:17,690 INFO  impl.RaftServerImpl (RaftServerImpl.java:setRole(164)) - a8aae934-aed2-4f08-9370-5490ef92e037:group-851DBAB9D949 changes role from FOLLOWER to CANDIDATE at term 0 for changeToCandidate
2019-06-12 21:44:17,691 INFO  impl.RoleInfo (RoleInfo.java:updateAndGet(143)) - a8aae934-aed2-4f08-9370-5490ef92e037: start LeaderElection
2019-06-12 21:44:17,701 INFO  impl.LeaderElection (LeaderElection.java:askForVotes(181)) - a8aae934-aed2-4f08-9370-5490ef92e037:group-851DBAB9D949:LeaderElection33: begin an election at term 1 for -1: [cbf0fb0b-b22c-40ad-a0f4-9f5e3fbd8bb4:192.168.19.17:34967, fff6f806-4670-40db-bf9c-9fa7df610fd8:192.168.19.17:44993, a8aae934-aed2-4f08-9370-5490ef92e037:192.168.19.17:40495], old=null
2019-06-12 21:44:17,706 INFO  impl.RaftServerImpl (RaftServerImpl.java:setRole(164)) - cbf0fb0b-b22c-40ad-a0f4-9f5e3fbd8bb4:group-851DBAB9D949 changes role from FOLLOWER to FOLLOWER at term 1 for recognizeCandidate:a8aae934-aed2-4f08-9370-5490ef92e037
2019-06-12 21:44:17,706 INFO  impl.RoleInfo (RoleInfo.java:shutdownFollowerState(121)) - cbf0fb0b-b22c-40ad-a0f4-9f5e3fbd8bb4: shutdown FollowerState
2019-06-12 21:44:17,706 INFO  impl.RoleInfo (RoleInfo.java:updateAndGet(143)) - cbf0fb0b-b22c-40ad-a0f4-9f5e3fbd8bb4: start FollowerState
2019-06-12 21:44:17,707 INFO  impl.FollowerState (FollowerState.java:run(109)) - cbf0fb0b-b22c-40ad-a0f4-9f5e3fbd8bb4: FollowerState was interrupted: java.lang.InterruptedException: sleep interrupted
2019-06-12 21:44:17,710 INFO  impl.RaftServerImpl (RaftServerImpl.java:setRole(164)) - fff6f806-4670-40db-bf9c-9fa7df610fd8:group-851DBAB9D949 changes role from FOLLOWER to FOLLOWER at term 1 for recognizeCandidate:a8aae934-aed2-4f08-9370-5490ef92e037
2019-06-12 21:44:17,710 INFO  impl.RoleInfo (RoleInfo.java:shutdownFollowerState(121)) - fff6f806-4670-40db-bf9c-9fa7df610fd8: shutdown FollowerState
2019-06-12 21:44:17,710 INFO  impl.RoleInfo (RoleInfo.java:updateAndGet(143)) - fff6f806-4670-40db-bf9c-9fa7df610fd8: start FollowerState
2019-06-12 21:44:17,710 INFO  impl.FollowerState (FollowerState.java:run(109)) - fff6f806-4670-40db-bf9c-9fa7df610fd8: FollowerState was interrupted: java.lang.InterruptedException: sleep interrupted
2019-06-12 21:44:17,712 INFO  impl.LeaderElection (LeaderElection.java:logAndReturn(56)) - a8aae934-aed2-4f08-9370-5490ef92e037:group-851DBAB9D949:LeaderElection33: Election PASSED; received 1 response(s) [a8aae934-aed2-4f08-9370-5490ef92e037->cbf0fb0b-b22c-40ad-a0f4-9f5e3fbd8bb4,true-t1] and 0 exception(s); a8aae934-aed2-4f08-9370-5490ef92e037:t1, leader=null, voted=a8aae934-aed2-4f08-9370-5490ef92e037, raftlog=a8aae934-aed2-4f08-9370-5490ef92e037-SegmentedRaftLog:OPENED:c-1,f-1,i0, conf=-1: [cbf0fb0b-b22c-40ad-a0f4-9f5e3fbd8bb4:192.168.19.17:34967, fff6f806-4670-40db-bf9c-9fa7df610fd8:192.168.19.17:44993, a8aae934-aed2-4f08-9370-5490ef92e037:192.168.19.17:40495], old=null
2019-06-12 21:44:17,713 INFO  impl.RoleInfo (RoleInfo.java:shutdownLeaderElection(134)) - a8aae934-aed2-4f08-9370-5490ef92e037: shutdown LeaderElection
2019-06-12 21:44:17,713 INFO  impl.RaftServerImpl (RaftServerImpl.java:setRole(164)) - a8aae934-aed2-4f08-9370-5490ef92e037:group-851DBAB9D949 changes role from CANDIDATE to LEADER at term 1 for changeToLeader
2019-06-12 21:44:17,713 INFO  impl.RaftServerImpl (ServerState.java:setLeader(263)) - a8aae934-aed2-4f08-9370-5490ef92e037:group-851DBAB9D949 change Leader from null to a8aae934-aed2-4f08-9370-5490ef92e037 at term 1 for becomeLeader, leader elected after 1113ms
2019-06-12 21:44:17,713 INFO  server.RaftServerConfigKeys (ConfUtils.java:logGet(43)) - raft.server.staging.catchup.gap = 1000 (default)
2019-06-12 21:44:17,713 INFO  server.RaftServerConfigKeys (ConfUtils.java:logGet(43)) - raft.server.rpc.sleep.time = 25ms (default)
2019-06-12 21:44:17,713 INFO  server.RaftServerConfigKeys (ConfUtils.java:logGet(43)) - raft.server.watch.timeout = 10s (default)
2019-06-12 21:44:17,715 INFO  server.RaftServerConfigKeys (ConfUtils.java:logGet(43)) - raft.server.watch.timeout.denomination = 1s (default)
2019-06-12 21:44:17,715 INFO  server.RaftServerConfigKeys (ConfUtils.java:logGet(43)) - raft.server.log.appender.snapshot.chunk.size.max = 16MB (=16777216) (default)
2019-06-12 21:44:17,715 INFO  server.RaftServerConfigKeys (ConfUtils.java:logGet(43)) - raft.server.log.appender.buffer.byte-limit = 33554432 (custom)
2019-06-12 21:44:17,715 INFO  server.RaftServerConfigKeys (ConfUtils.java:logGet(43)) - raft.server.log.appender.buffer.element-limit = 1 (custom)
2019-06-12 21:44:17,715 INFO  grpc.GrpcConfigKeys$Server (ConfUtils.java:logGet(43)) - raft.grpc.server.leader.outstanding.appends.max = 128 (default)
2019-06-12 21:44:17,715 INFO  server.RaftServerConfigKeys (ConfUtils.java:logGet(43)) - raft.server.rpc.request.timeout = 3000ms (default)
2019-06-12 21:44:17,715 INFO  server.RaftServerConfigKeys (ConfUtils.java:logGet(43)) - raft.server.log.appender.install.snapshot.enabled = true (default)
2019-06-12 21:44:17,715 INFO  server.RaftServerConfigKeys (ConfUtils.java:logGet(43)) - raft.server.log.appender.snapshot.chunk.size.max = 16MB (=16777216) (default)
2019-06-12 21:44:17,715 INFO  server.RaftServerConfigKeys (ConfUtils.java:logGet(43)) - raft.server.log.appender.buffer.byte-limit = 33554432 (custom)
2019-06-12 21:44:17,716 INFO  server.RaftServerConfigKeys (ConfUtils.java:logGet(43)) - raft.server.log.appender.buffer.element-limit = 1 (custom)
2019-06-12 21:44:17,716 INFO  grpc.GrpcConfigKeys$Server (ConfUtils.java:logGet(43)) - raft.grpc.server.leader.outstanding.appends.max = 128 (default)
2019-06-12 21:44:17,716 INFO  server.RaftServerConfigKeys (ConfUtils.java:logGet(43)) - raft.server.rpc.request.timeout = 3000ms (default)
2019-06-12 21:44:17,716 INFO  server.RaftServerConfigKeys (ConfUtils.java:logGet(43)) - raft.server.log.appender.install.snapshot.enabled = true (default)
2019-06-12 21:44:17,716 INFO  impl.RoleInfo (RoleInfo.java:updateAndGet(143)) - a8aae934-aed2-4f08-9370-5490ef92e037: start LeaderState
2019-06-12 21:44:17,716 INFO  storage.RaftLogWorker (RaftLogWorker.java:startLogSegment(298)) - a8aae934-aed2-4f08-9370-5490ef92e037-RaftLogWorker: Starting segment from index:0
2019-06-12 21:44:17,721 INFO  impl.RaftServerImpl (ServerState.java:setRaftConf(361)) - a8aae934-aed2-4f08-9370-5490ef92e037:group-851DBAB9D949 set configuration 0: [cbf0fb0b-b22c-40ad-a0f4-9f5e3fbd8bb4:192.168.19.17:34967, fff6f806-4670-40db-bf9c-9fa7df610fd8:192.168.19.17:44993, a8aae934-aed2-4f08-9370-5490ef92e037:192.168.19.17:40495], old=null at 0
2019-06-12 21:44:17,737 INFO  impl.RaftServerImpl (ServerState.java:setLeader(263)) - cbf0fb0b-b22c-40ad-a0f4-9f5e3fbd8bb4:group-851DBAB9D949 change Leader from null to a8aae934-aed2-4f08-9370-5490ef92e037 at term 1 for appendEntries, leader elected after 1134ms
2019-06-12 21:44:17,737 INFO  impl.RaftServerImpl (ServerState.java:setLeader(263)) - fff6f806-4670-40db-bf9c-9fa7df610fd8:group-851DBAB9D949 change Leader from null to a8aae934-aed2-4f08-9370-5490ef92e037 at term 1 for appendEntries, leader elected after 1138ms
2019-06-12 21:44:17,758 INFO  impl.RaftServerImpl (ServerState.java:setRaftConf(361)) - fff6f806-4670-40db-bf9c-9fa7df610fd8:group-851DBAB9D949 set configuration 0: [cbf0fb0b-b22c-40ad-a0f4-9f5e3fbd8bb4:192.168.19.17:34967, fff6f806-4670-40db-bf9c-9fa7df610fd8:192.168.19.17:44993, a8aae934-aed2-4f08-9370-5490ef92e037:192.168.19.17:40495], old=null at 0
2019-06-12 21:44:17,758 INFO  storage.RaftLogWorker (RaftLogWorker.java:startLogSegment(298)) - fff6f806-4670-40db-bf9c-9fa7df610fd8-RaftLogWorker: Starting segment from index:0
2019-06-12 21:44:17,759 INFO  impl.RaftServerImpl (ServerState.java:setRaftConf(361)) - cbf0fb0b-b22c-40ad-a0f4-9f5e3fbd8bb4:group-851DBAB9D949 set configuration 0: [cbf0fb0b-b22c-40ad-a0f4-9f5e3fbd8bb4:192.168.19.17:34967, fff6f806-4670-40db-bf9c-9fa7df610fd8:192.168.19.17:44993, a8aae934-aed2-4f08-9370-5490ef92e037:192.168.19.17:40495], old=null at 0
2019-06-12 21:44:17,759 INFO  storage.RaftLogWorker (RaftLogWorker.java:startLogSegment(298)) - cbf0fb0b-b22c-40ad-a0f4-9f5e3fbd8bb4-RaftLogWorker: Starting segment from index:0
2019-06-12 21:44:17,763 INFO  storage.RaftLogWorker (RaftLogWorker.java:execute(469)) - a8aae934-aed2-4f08-9370-5490ef92e037-RaftLogWorker: created new log segment /opt/src/hadoop-ozone/integration-test/target/test-dir/MiniOzoneClusterImpl-080f3432-8231-466c-b232-eabbd037a79f/datanode-3/data/ratis/22bf3ccd-7fe8-4494-bc94-851dbab9d949/current/log_inprogress_0
2019-06-12 21:44:17,823 INFO  storage.RaftLogWorker (RaftLogWorker.java:execute(469)) - cbf0fb0b-b22c-40ad-a0f4-9f5e3fbd8bb4-RaftLogWorker: created new log segment /opt/src/hadoop-ozone/integration-test/target/test-dir/MiniOzoneClusterImpl-080f3432-8231-466c-b232-eabbd037a79f/datanode-4/data/ratis/22bf3ccd-7fe8-4494-bc94-851dbab9d949/current/log_inprogress_0
2019-06-12 21:44:17,826 INFO  storage.RaftLogWorker (RaftLogWorker.java:execute(469)) - fff6f806-4670-40db-bf9c-9fa7df610fd8-RaftLogWorker: created new log segment /opt/src/hadoop-ozone/integration-test/target/test-dir/MiniOzoneClusterImpl-080f3432-8231-466c-b232-eabbd037a79f/datanode-5/data/ratis/22bf3ccd-7fe8-4494-bc94-851dbab9d949/current/log_inprogress_0
2019-06-12 21:44:17,843 INFO  ozone.MiniOzoneClusterImpl (MiniOzoneClusterImpl.java:lambda$waitForClusterToBeReady$0(142)) - Cluster is ready. Got 7 of 7 DN Heartbeats.
2019-06-12 21:44:17,867 INFO  rpc.RpcClient (RpcClient.java:createVolume(289)) - Creating Volume: watchforcommithandlingtest, with root as owner.
2019-06-12 21:44:17,876 INFO  rpc.RpcClient (RpcClient.java:createBucket(426)) - Creating Bucket: watchforcommithandlingtest/watchforcommithandlingtest, with Versioning false and Storage Type set to DISK and Encryption set to false 
2019-06-12 21:44:17,878 INFO  ozone.MiniOzoneClusterImpl (MiniOzoneClusterImpl.java:getStorageContainerLocationClient(241)) - Creating StorageContainerLocationProtocol RPC client with address /0.0.0.0:42507
2019-06-12 21:44:17,899 INFO  client.GrpcClientProtocolClient (GrpcClientProtocolClient.java:onNext(254)) - client-7AFE53D00D45->bd8ffccd-e3cb-4b22-95e6-c841533bad94: receive RaftClientReply:client-7AFE53D00D45->bd8ffccd-e3cb-4b22-95e6-c841533bad94@group-EFCCD525F1EC, cid=66, FAILED org.apache.ratis.protocol.NotLeaderException: Server bd8ffccd-e3cb-4b22-95e6-c841533bad94 is not the leader (f7e24b40-db1f-4d13-973e-ab173e727c72:192.168.19.17:43005). Request must be sent to leader., logIndex=0, commits[bd8ffccd-e3cb-4b22-95e6-c841533bad94:c0, 0af8d7ed-cdc3-4672-8dee-c2f2e92dcb16:c-1, f7e24b40-db1f-4d13-973e-ab173e727c72:c0]
2019-06-12 21:44:17,903 WARN  client.GrpcClientProtocolService (LogUtils.java:warn(134)) - 0-OrderedRequestStreamObserver0: onError: org.apache.ratis.thirdparty.io.grpc.StatusRuntimeException: CANCELLED: cancelled before receiving half close
2019-06-12 21:44:17,979 INFO  impl.FollowerState (FollowerState.java:run(101)) - bc85daca-ab4a-48e2-9784-06c61baf41dc:group-6C59E0BFCCEF changes to CANDIDATE, lastRpcTime:1110, electionTimeout:1110ms
2019-06-12 21:44:17,982 INFO  impl.RoleInfo (RoleInfo.java:shutdownFollowerState(121)) - bc85daca-ab4a-48e2-9784-06c61baf41dc: shutdown FollowerState
2019-06-12 21:44:17,982 INFO  impl.RaftServerImpl (RaftServerImpl.java:setRole(164)) - bc85daca-ab4a-48e2-9784-06c61baf41dc:group-6C59E0BFCCEF changes role from FOLLOWER to CANDIDATE at term 0 for changeToCandidate
2019-06-12 21:44:17,982 INFO  impl.RoleInfo (RoleInfo.java:updateAndGet(143)) - bc85daca-ab4a-48e2-9784-06c61baf41dc: start LeaderElection
2019-06-12 21:44:17,991 INFO  impl.LeaderElection (LeaderElection.java:askForVotes(181)) - bc85daca-ab4a-48e2-9784-06c61baf41dc:group-6C59E0BFCCEF:LeaderElection34: begin an election at term 1 for -1: [bc85daca-ab4a-48e2-9784-06c61baf41dc:192.168.19.17:34221], old=null
2019-06-12 21:44:17,991 INFO  impl.RoleInfo (RoleInfo.java:shutdownLeaderElection(134)) - bc85daca-ab4a-48e2-9784-06c61baf41dc: shutdown LeaderElection
2019-06-12 21:44:17,991 INFO  impl.RaftServerImpl (RaftServerImpl.java:setRole(164)) - bc85daca-ab4a-48e2-9784-06c61baf41dc:group-6C59E0BFCCEF changes role from CANDIDATE to LEADER at term 1 for changeToLeader
2019-06-12 21:44:17,991 INFO  impl.RaftServerImpl (ServerState.java:setLeader(263)) - bc85daca-ab4a-48e2-9784-06c61baf41dc:group-6C59E0BFCCEF change Leader from null to bc85daca-ab4a-48e2-9784-06c61baf41dc at term 1 for becomeLeader, leader elected after 1124ms
2019-06-12 21:44:17,991 INFO  server.RaftServerConfigKeys (ConfUtils.java:logGet(43)) - raft.server.staging.catchup.gap = 1000 (default)
2019-06-12 21:44:17,992 INFO  server.RaftServerConfigKeys (ConfUtils.java:logGet(43)) - raft.server.rpc.sleep.time = 25ms (default)
2019-06-12 21:44:17,992 INFO  server.RaftServerConfigKeys (ConfUtils.java:logGet(43)) - raft.server.watch.timeout = 10s (default)
2019-06-12 21:44:17,992 INFO  server.RaftServerConfigKeys (ConfUtils.java:logGet(43)) - raft.server.watch.timeout.denomination = 1s (default)
2019-06-12 21:44:17,992 INFO  impl.RoleInfo (RoleInfo.java:updateAndGet(143)) - bc85daca-ab4a-48e2-9784-06c61baf41dc: start LeaderState
2019-06-12 21:44:17,992 INFO  storage.RaftLogWorker (RaftLogWorker.java:startLogSegment(298)) - bc85daca-ab4a-48e2-9784-06c61baf41dc-RaftLogWorker: Starting segment from index:0
2019-06-12 21:44:17,992 INFO  impl.RaftServerImpl (ServerState.java:setRaftConf(361)) - bc85daca-ab4a-48e2-9784-06c61baf41dc:group-6C59E0BFCCEF set configuration 0: [bc85daca-ab4a-48e2-9784-06c61baf41dc:192.168.19.17:34221], old=null at 0
2019-06-12 21:44:18,033 INFO  storage.RaftLogWorker (RaftLogWorker.java:execute(469)) - bc85daca-ab4a-48e2-9784-06c61baf41dc-RaftLogWorker: created new log segment /opt/src/hadoop-ozone/integration-test/target/test-dir/MiniOzoneClusterImpl-080f3432-8231-466c-b232-eabbd037a79f/datanode-6/data/ratis/8f494418-a728-46ac-b356-6c59e0bfccef/current/log_inprogress_0
2019-06-12 21:44:18,931 INFO  client.GrpcClientProtocolClient (GrpcClientProtocolClient.java:onNext(254)) - client-7AFE53D00D45->0af8d7ed-cdc3-4672-8dee-c2f2e92dcb16: receive RaftClientReply:client-7AFE53D00D45->0af8d7ed-cdc3-4672-8dee-c2f2e92dcb16@group-EFCCD525F1EC, cid=66, FAILED org.apache.ratis.protocol.NotLeaderException: Server 0af8d7ed-cdc3-4672-8dee-c2f2e92dcb16 is not the leader (f7e24b40-db1f-4d13-973e-ab173e727c72:192.168.19.17:43005). Request must be sent to leader., logIndex=0, commits[0af8d7ed-cdc3-4672-8dee-c2f2e92dcb16:c0, bd8ffccd-e3cb-4b22-95e6-c841533bad94:c0, f7e24b40-db1f-4d13-973e-ab173e727c72:c0]
2019-06-12 21:44:18,935 WARN  client.GrpcClientProtocolService (LogUtils.java:warn(134)) - 0-OrderedRequestStreamObserver0: onError: org.apache.ratis.thirdparty.io.grpc.StatusRuntimeException: CANCELLED: cancelled before receiving half close
2019-06-12 21:44:19,998 INFO  client.GrpcClientProtocolClient (GrpcClientProtocolClient.java:onNext(254)) - client-7AFE53D00D45->f7e24b40-db1f-4d13-973e-ab173e727c72: receive RaftClientReply:client-7AFE53D00D45->f7e24b40-db1f-4d13-973e-ab173e727c72@group-EFCCD525F1EC, cid=66, SUCCESS, logIndex=1, commits[f7e24b40-db1f-4d13-973e-ab173e727c72:c2, bd8ffccd-e3cb-4b22-95e6-c841533bad94:c1, 0af8d7ed-cdc3-4672-8dee-c2f2e92dcb16:c1]
2019-06-12 21:44:19,998 INFO  datanode.ObjectStoreHandler (ObjectStoreHandler.java:close(155)) - Closing ObjectStoreHandler.
2019-06-12 21:44:20,000 INFO  ozone.HddsDatanodeService (HddsDatanodeService.java:stop(452)) - Stopped plug-in org.apache.hadoop.ozone.web.OzoneHddsDatanodeService@78508e6b
2019-06-12 21:44:20,000 INFO  statemachine.DatanodeStateMachine (DatanodeStateMachine.java:lambda$startDaemon$0(350)) - Ozone container server started.
2019-06-12 21:44:20,002 INFO  ozoneimpl.OzoneContainer (OzoneContainer.java:stop(199)) - Attempting to stop container services.
2019-06-12 21:44:20,002 INFO  impl.RaftServerProxy (RaftServerProxy.java:lambda$close$4(314)) - bd8ffccd-e3cb-4b22-95e6-c841533bad94: close
2019-06-12 21:44:20,003 INFO  impl.RaftServerImpl (RaftServerImpl.java:lambda$shutdown$3(238)) - bd8ffccd-e3cb-4b22-95e6-c841533bad94: shutdown group-EFCCD525F1EC
2019-06-12 21:44:20,003 INFO  impl.RaftServerImpl (RaftServerImpl.java:lambda$shutdown$3(238)) - bd8ffccd-e3cb-4b22-95e6-c841533bad94: shutdown group-D8A8D787C3E5
2019-06-12 21:44:20,003 INFO  util.JmxRegister (JmxRegister.java:unregister(73)) - Successfully un-registered JMX Bean with object name Ratis:service=RaftServer,group=group-EFCCD525F1EC,id=bd8ffccd-e3cb-4b22-95e6-c841533bad94
2019-06-12 21:44:20,003 INFO  util.JmxRegister (JmxRegister.java:unregister(73)) - Successfully un-registered JMX Bean with object name Ratis:service=RaftServer,group=group-D8A8D787C3E5,id=bd8ffccd-e3cb-4b22-95e6-c841533bad94
2019-06-12 21:44:20,003 INFO  impl.RoleInfo (RoleInfo.java:shutdownFollowerState(121)) - bd8ffccd-e3cb-4b22-95e6-c841533bad94: shutdown FollowerState
2019-06-12 21:44:20,003 INFO  impl.RoleInfo (RoleInfo.java:shutdownLeaderState(104)) - bd8ffccd-e3cb-4b22-95e6-c841533bad94: shutdown LeaderState
2019-06-12 21:44:20,004 INFO  impl.FollowerState (FollowerState.java:run(109)) - bd8ffccd-e3cb-4b22-95e6-c841533bad94: FollowerState was interrupted: java.lang.InterruptedException: sleep interrupted
2019-06-12 21:44:20,004 INFO  ratis.ContainerStateMachine (ContainerStateMachine.java:takeSnapshot(245)) - Taking snapshot at termIndex:(t:1, i:1)
2019-06-12 21:44:20,004 INFO  ratis.ContainerStateMachine (ContainerStateMachine.java:takeSnapshot(249)) - Taking a snapshot to file /opt/src/hadoop-ozone/integration-test/target/test-dir/MiniOzoneClusterImpl-080f3432-8231-466c-b232-eabbd037a79f/datanode-1/data/ratis/e39047b9-3419-41f0-b9f1-efccd525f1ec/sm/snapshot.1_1
2019-06-12 21:44:20,004 INFO  impl.StateMachineUpdater (StateMachineUpdater.java:stopAndJoin(109)) - StateMachineUpdater-bd8ffccd-e3cb-4b22-95e6-c841533bad94-group-EFCCD525F1EC: set stopIndex = 1
2019-06-12 21:44:20,004 INFO  impl.PendingRequests (PendingRequests.java:sendNotLeaderResponses(140)) - bd8ffccd-e3cb-4b22-95e6-c841533bad94-PendingRequests: sendNotLeaderResponses
2019-06-12 21:44:20,004 INFO  impl.RaftServerImpl (ServerState.java:close(394)) - bd8ffccd-e3cb-4b22-95e6-c841533bad94:group-EFCCD525F1EC closes. The last applied log index is 1
2019-06-12 21:44:20,007 INFO  impl.StateMachineUpdater (StateMachineUpdater.java:stopAndJoin(109)) - StateMachineUpdater-bd8ffccd-e3cb-4b22-95e6-c841533bad94-group-D8A8D787C3E5: set stopIndex = 0
2019-06-12 21:44:20,007 INFO  storage.RaftLogWorker (RaftLogWorker.java:run(236)) - bd8ffccd-e3cb-4b22-95e6-c841533bad94-RaftLogWorker was interrupted, exiting. There are 0 tasks remaining in the queue.
2019-06-12 21:44:20,007 INFO  ratis.ContainerStateMachine (ContainerStateMachine.java:takeSnapshot(245)) - Taking snapshot at termIndex:(t:0, i:~)
2019-06-12 21:44:20,008 INFO  impl.RaftServerImpl (ServerState.java:close(394)) - bd8ffccd-e3cb-4b22-95e6-c841533bad94:group-D8A8D787C3E5 closes. The last applied log index is 0
2019-06-12 21:44:20,008 INFO  storage.RaftLogWorker (RaftLogWorker.java:run(236)) - bd8ffccd-e3cb-4b22-95e6-c841533bad94-RaftLogWorker was interrupted, exiting. There are 0 tasks remaining in the queue.
2019-06-12 21:44:20,012 INFO  storage.RaftLogWorker (RaftLogWorker.java:close(168)) - bd8ffccd-e3cb-4b22-95e6-c841533bad94-RaftLogWorker close()
2019-06-12 21:44:20,012 INFO  storage.RaftLogWorker (RaftLogWorker.java:close(168)) - bd8ffccd-e3cb-4b22-95e6-c841533bad94-RaftLogWorker close()
2019-06-12 21:44:20,015 INFO  server.GrpcService (GrpcService.java:closeImpl(154)) - bd8ffccd-e3cb-4b22-95e6-c841533bad94: shutdown server with port 35697 now
2019-06-12 21:44:20,015 WARN  server.GrpcServerProtocolService (LogUtils.java:warn(134)) - bd8ffccd-e3cb-4b22-95e6-c841533bad94: appendEntries onError: org.apache.ratis.thirdparty.io.grpc.StatusRuntimeException: CANCELLED: cancelled before receiving half close
2019-06-12 21:44:20,016 WARN  server.GrpcLogAppender (LogUtils.java:warn(134)) - f7e24b40-db1f-4d13-973e-ab173e727c72: Failed appendEntries to bd8ffccd-e3cb-4b22-95e6-c841533bad94:192.168.19.17:35697: org.apache.ratis.thirdparty.io.grpc.StatusRuntimeException: CANCELLED: HTTP/2 error code: CANCEL
Received Rst Stream
2019-06-12 21:44:20,016 INFO  impl.FollowerInfo (FollowerInfo.java:lambda$new$0(50)) - f7e24b40-db1f-4d13-973e-ab173e727c72->bd8ffccd-e3cb-4b22-95e6-c841533bad94: nextIndex: updateUnconditionally 3 -> 0
2019-06-12 21:44:20,016 INFO  server.GrpcService (GrpcService.java:closeImpl(162)) - bd8ffccd-e3cb-4b22-95e6-c841533bad94: shutdown server with port 35697 successfully
2019-06-12 21:44:20,022 WARN  fs.CachingGetSpaceUsed (CachingGetSpaceUsed.java:run(183)) - Thread Interrupted waiting to refresh disk information: sleep interrupted
2019-06-12 21:44:20,036 INFO  statemachine.DatanodeStateMachine (DatanodeStateMachine.java:stopDaemon(395)) - Ozone container server stopped.
2019-06-12 21:44:20,037 INFO  handler.ContextHandler (ContextHandler.java:doStop(910)) - Stopped o.e.j.w.WebAppContext@7eebb316{/,null,UNAVAILABLE}{/hddsDatanode}
2019-06-12 21:44:20,039 INFO  server.AbstractConnector (AbstractConnector.java:doStop(318)) - Stopped ServerConnector@45273d40{HTTP/1.1,[http/1.1]}{0.0.0.0:0}
2019-06-12 21:44:20,039 INFO  handler.ContextHandler (ContextHandler.java:doStop(910)) - Stopped o.e.j.s.ServletContextHandler@622ba721{/static,jar:file:/root/.m2/repository/org/apache/hadoop/hadoop-hdds-container-service/0.5.0-SNAPSHOT/hadoop-hdds-container-service-0.5.0-SNAPSHOT.jar!/webapps/static,UNAVAILABLE}
2019-06-12 21:44:20,040 INFO  handler.ContextHandler (ContextHandler.java:doStop(910)) - Stopped o.e.j.s.ServletContextHandler@6aae82cc{/logs,file:///opt/src/hadoop-ozone/integration-test/target/log,UNAVAILABLE}
2019-06-12 21:44:20,040 INFO  datanode.ObjectStoreHandler (ObjectStoreHandler.java:close(155)) - Closing ObjectStoreHandler.
2019-06-12 21:44:20,041 INFO  ozone.HddsDatanodeService (HddsDatanodeService.java:stop(452)) - Stopped plug-in org.apache.hadoop.ozone.web.OzoneHddsDatanodeService@7682bf66
2019-06-12 21:44:20,041 INFO  statemachine.DatanodeStateMachine (DatanodeStateMachine.java:lambda$startDaemon$0(350)) - Ozone container server started.
2019-06-12 21:44:20,041 INFO  ozoneimpl.OzoneContainer (OzoneContainer.java:stop(199)) - Attempting to stop container services.
2019-06-12 21:44:20,042 INFO  impl.RaftServerProxy (RaftServerProxy.java:lambda$close$4(314)) - 0af8d7ed-cdc3-4672-8dee-c2f2e92dcb16: close
2019-06-12 21:44:20,042 INFO  impl.RaftServerImpl (RaftServerImpl.java:lambda$shutdown$3(238)) - 0af8d7ed-cdc3-4672-8dee-c2f2e92dcb16: shutdown group-EFCCD525F1EC
2019-06-12 21:44:20,042 INFO  util.JmxRegister (JmxRegister.java:unregister(73)) - Successfully un-registered JMX Bean with object name Ratis:service=RaftServer,group=group-EFCCD525F1EC,id=0af8d7ed-cdc3-4672-8dee-c2f2e92dcb16
2019-06-12 21:44:20,042 INFO  impl.RoleInfo (RoleInfo.java:shutdownFollowerState(121)) - 0af8d7ed-cdc3-4672-8dee-c2f2e92dcb16: shutdown FollowerState
2019-06-12 21:44:20,042 INFO  impl.StateMachineUpdater (StateMachineUpdater.java:stopAndJoin(109)) - StateMachineUpdater-0af8d7ed-cdc3-4672-8dee-c2f2e92dcb16-group-EFCCD525F1EC: set stopIndex = 1
2019-06-12 21:44:20,043 INFO  ratis.ContainerStateMachine (ContainerStateMachine.java:takeSnapshot(245)) - Taking snapshot at termIndex:(t:1, i:1)
2019-06-12 21:44:20,043 INFO  impl.FollowerState (FollowerState.java:run(109)) - 0af8d7ed-cdc3-4672-8dee-c2f2e92dcb16: FollowerState was interrupted: java.lang.InterruptedException: sleep interrupted
2019-06-12 21:44:20,043 INFO  ratis.ContainerStateMachine (ContainerStateMachine.java:takeSnapshot(249)) - Taking a snapshot to file /opt/src/hadoop-ozone/integration-test/target/test-dir/MiniOzoneClusterImpl-080f3432-8231-466c-b232-eabbd037a79f/datanode-2/data/ratis/e39047b9-3419-41f0-b9f1-efccd525f1ec/sm/snapshot.1_1
2019-06-12 21:44:20,043 INFO  impl.RaftServerImpl (ServerState.java:close(394)) - 0af8d7ed-cdc3-4672-8dee-c2f2e92dcb16:group-EFCCD525F1EC closes. The last applied log index is 1
2019-06-12 21:44:20,043 INFO  storage.RaftLogWorker (RaftLogWorker.java:run(236)) - 0af8d7ed-cdc3-4672-8dee-c2f2e92dcb16-RaftLogWorker was interrupted, exiting. There are 0 tasks remaining in the queue.
2019-06-12 21:44:20,045 INFO  storage.RaftLogWorker (RaftLogWorker.java:close(168)) - 0af8d7ed-cdc3-4672-8dee-c2f2e92dcb16-RaftLogWorker close()
2019-06-12 21:44:20,047 INFO  impl.RaftServerImpl (RaftServerImpl.java:lambda$shutdown$3(238)) - 0af8d7ed-cdc3-4672-8dee-c2f2e92dcb16: shutdown group-353E207E5128
2019-06-12 21:44:20,047 INFO  util.JmxRegister (JmxRegister.java:unregister(73)) - Successfully un-registered JMX Bean with object name Ratis:service=RaftServer,group=group-353E207E5128,id=0af8d7ed-cdc3-4672-8dee-c2f2e92dcb16
2019-06-12 21:44:20,047 INFO  impl.RoleInfo (RoleInfo.java:shutdownLeaderState(104)) - 0af8d7ed-cdc3-4672-8dee-c2f2e92dcb16: shutdown LeaderState
2019-06-12 21:44:20,047 INFO  impl.PendingRequests (PendingRequests.java:sendNotLeaderResponses(140)) - 0af8d7ed-cdc3-4672-8dee-c2f2e92dcb16-PendingRequests: sendNotLeaderResponses
2019-06-12 21:44:20,050 INFO  impl.StateMachineUpdater (StateMachineUpdater.java:stopAndJoin(109)) - StateMachineUpdater-0af8d7ed-cdc3-4672-8dee-c2f2e92dcb16-group-353E207E5128: set stopIndex = 0
2019-06-12 21:44:20,050 INFO  ratis.ContainerStateMachine (ContainerStateMachine.java:takeSnapshot(245)) - Taking snapshot at termIndex:(t:0, i:~)
2019-06-12 21:44:20,050 INFO  impl.RaftServerImpl (ServerState.java:close(394)) - 0af8d7ed-cdc3-4672-8dee-c2f2e92dcb16:group-353E207E5128 closes. The last applied log index is 0
2019-06-12 21:44:20,051 INFO  storage.RaftLogWorker (RaftLogWorker.java:run(236)) - 0af8d7ed-cdc3-4672-8dee-c2f2e92dcb16-RaftLogWorker was interrupted, exiting. There are 0 tasks remaining in the queue.
2019-06-12 21:44:20,052 INFO  storage.RaftLogWorker (RaftLogWorker.java:close(168)) - 0af8d7ed-cdc3-4672-8dee-c2f2e92dcb16-RaftLogWorker close()
2019-06-12 21:44:20,053 INFO  server.GrpcService (GrpcService.java:closeImpl(154)) - 0af8d7ed-cdc3-4672-8dee-c2f2e92dcb16: shutdown server with port 36143 now
2019-06-12 21:44:20,054 WARN  server.GrpcServerProtocolService (LogUtils.java:warn(134)) - 0af8d7ed-cdc3-4672-8dee-c2f2e92dcb16: appendEntries onError: org.apache.ratis.thirdparty.io.grpc.StatusRuntimeException: CANCELLED: cancelled before receiving half close
2019-06-12 21:44:20,054 INFO  server.GrpcService (GrpcService.java:closeImpl(162)) - 0af8d7ed-cdc3-4672-8dee-c2f2e92dcb16: shutdown server with port 36143 successfully
2019-06-12 21:44:20,054 WARN  server.GrpcLogAppender (LogUtils.java:warn(134)) - f7e24b40-db1f-4d13-973e-ab173e727c72: Failed appendEntries to 0af8d7ed-cdc3-4672-8dee-c2f2e92dcb16:192.168.19.17:36143: org.apache.ratis.thirdparty.io.grpc.StatusRuntimeException: CANCELLED: HTTP/2 error code: CANCEL
Received Rst Stream
2019-06-12 21:44:20,055 INFO  impl.FollowerInfo (FollowerInfo.java:lambda$new$0(50)) - f7e24b40-db1f-4d13-973e-ab173e727c72->0af8d7ed-cdc3-4672-8dee-c2f2e92dcb16: nextIndex: updateUnconditionally 3 -> 0
2019-06-12 21:44:20,055 WARN  fs.CachingGetSpaceUsed (CachingGetSpaceUsed.java:run(183)) - Thread Interrupted waiting to refresh disk information: sleep interrupted
2019-06-12 21:44:20,068 INFO  statemachine.DatanodeStateMachine (DatanodeStateMachine.java:stopDaemon(395)) - Ozone container server stopped.
2019-06-12 21:44:20,068 INFO  handler.ContextHandler (ContextHandler.java:doStop(910)) - Stopped o.e.j.w.WebAppContext@366b4a7b{/,null,UNAVAILABLE}{/hddsDatanode}
2019-06-12 21:44:20,069 INFO  server.AbstractConnector (AbstractConnector.java:doStop(318)) - Stopped ServerConnector@a251135{HTTP/1.1,[http/1.1]}{0.0.0.0:0}
2019-06-12 21:44:20,069 INFO  handler.ContextHandler (ContextHandler.java:doStop(910)) - Stopped o.e.j.s.ServletContextHandler@1a85e86e{/static,jar:file:/root/.m2/repository/org/apache/hadoop/hadoop-hdds-container-service/0.5.0-SNAPSHOT/hadoop-hdds-container-service-0.5.0-SNAPSHOT.jar!/webapps/static,UNAVAILABLE}
2019-06-12 21:44:20,070 INFO  handler.ContextHandler (ContextHandler.java:doStop(910)) - Stopped o.e.j.s.ServletContextHandler@d65e744{/logs,file:///opt/src/hadoop-ozone/integration-test/target/log,UNAVAILABLE}
2019-06-12 21:44:20,448 WARN  server.GrpcLogAppender (LogUtils.java:warn(134)) - f7e24b40-db1f-4d13-973e-ab173e727c72: Failed appendEntries to 0af8d7ed-cdc3-4672-8dee-c2f2e92dcb16:192.168.19.17:36143: org.apache.ratis.thirdparty.io.grpc.StatusRuntimeException: UNAVAILABLE: io exception
2019-06-12 21:44:20,448 INFO  impl.FollowerInfo (FollowerInfo.java:lambda$new$0(50)) - f7e24b40-db1f-4d13-973e-ab173e727c72->0af8d7ed-cdc3-4672-8dee-c2f2e92dcb16: nextIndex: updateUnconditionally 0 -> 0
2019-06-12 21:44:20,451 WARN  server.GrpcLogAppender (LogUtils.java:warn(134)) - f7e24b40-db1f-4d13-973e-ab173e727c72: Failed appendEntries to bd8ffccd-e3cb-4b22-95e6-c841533bad94:192.168.19.17:35697: org.apache.ratis.thirdparty.io.grpc.StatusRuntimeException: UNAVAILABLE: io exception
2019-06-12 21:44:20,452 INFO  impl.FollowerInfo (FollowerInfo.java:lambda$new$0(50)) - f7e24b40-db1f-4d13-973e-ab173e727c72->bd8ffccd-e3cb-4b22-95e6-c841533bad94: nextIndex: updateUnconditionally 0 -> 0
2019-06-12 21:44:20,948 WARN  server.GrpcLogAppender (LogUtils.java:warn(134)) - f7e24b40-db1f-4d13-973e-ab173e727c72: Failed appendEntries to 0af8d7ed-cdc3-4672-8dee-c2f2e92dcb16:192.168.19.17:36143: org.apache.ratis.thirdparty.io.grpc.StatusRuntimeException: UNAVAILABLE: io exception
2019-06-12 21:44:20,949 INFO  impl.FollowerInfo (FollowerInfo.java:lambda$new$0(50)) - f7e24b40-db1f-4d13-973e-ab173e727c72->0af8d7ed-cdc3-4672-8dee-c2f2e92dcb16: nextIndex: updateUnconditionally 0 -> 0
2019-06-12 21:44:20,952 WARN  server.GrpcLogAppender (LogUtils.java:warn(134)) - f7e24b40-db1f-4d13-973e-ab173e727c72: Failed appendEntries to bd8ffccd-e3cb-4b22-95e6-c841533bad94:192.168.19.17:35697: org.apache.ratis.thirdparty.io.grpc.StatusRuntimeException: UNAVAILABLE: io exception
2019-06-12 21:44:20,952 INFO  impl.FollowerInfo (FollowerInfo.java:lambda$new$0(50)) - f7e24b40-db1f-4d13-973e-ab173e727c72->bd8ffccd-e3cb-4b22-95e6-c841533bad94: nextIndex: updateUnconditionally 0 -> 0
2019-06-12 21:44:21,449 WARN  server.GrpcLogAppender (LogUtils.java:warn(134)) - f7e24b40-db1f-4d13-973e-ab173e727c72: Failed appendEntries to 0af8d7ed-cdc3-4672-8dee-c2f2e92dcb16:192.168.19.17:36143: org.apache.ratis.thirdparty.io.grpc.StatusRuntimeException: UNAVAILABLE: io exception
2019-06-12 21:44:21,449 INFO  impl.FollowerInfo (FollowerInfo.java:lambda$new$0(50)) - f7e24b40-db1f-4d13-973e-ab173e727c72->0af8d7ed-cdc3-4672-8dee-c2f2e92dcb16: nextIndex: updateUnconditionally 0 -> 0
2019-06-12 21:44:21,452 WARN  server.GrpcLogAppender (LogUtils.java:warn(134)) - f7e24b40-db1f-4d13-973e-ab173e727c72: Failed appendEntries to bd8ffccd-e3cb-4b22-95e6-c841533bad94:192.168.19.17:35697: org.apache.ratis.thirdparty.io.grpc.StatusRuntimeException: UNAVAILABLE: io exception
2019-06-12 21:44:21,453 INFO  impl.FollowerInfo (FollowerInfo.java:lambda$new$0(50)) - f7e24b40-db1f-4d13-973e-ab173e727c72->bd8ffccd-e3cb-4b22-95e6-c841533bad94: nextIndex: updateUnconditionally 0 -> 0
2019-06-12 21:44:21,949 WARN  server.GrpcLogAppender (LogUtils.java:warn(134)) - f7e24b40-db1f-4d13-973e-ab173e727c72: Failed appendEntries to 0af8d7ed-cdc3-4672-8dee-c2f2e92dcb16:192.168.19.17:36143: org.apache.ratis.thirdparty.io.grpc.StatusRuntimeException: UNAVAILABLE: io exception
2019-06-12 21:44:21,950 INFO  impl.FollowerInfo (FollowerInfo.java:lambda$new$0(50)) - f7e24b40-db1f-4d13-973e-ab173e727c72->0af8d7ed-cdc3-4672-8dee-c2f2e92dcb16: nextIndex: updateUnconditionally 0 -> 0
2019-06-12 21:44:21,953 WARN  server.GrpcLogAppender (LogUtils.java:warn(134)) - f7e24b40-db1f-4d13-973e-ab173e727c72: Failed appendEntries to bd8ffccd-e3cb-4b22-95e6-c841533bad94:192.168.19.17:35697: org.apache.ratis.thirdparty.io.grpc.StatusRuntimeException: UNAVAILABLE: io exception
2019-06-12 21:44:21,953 INFO  impl.FollowerInfo (FollowerInfo.java:lambda$new$0(50)) - f7e24b40-db1f-4d13-973e-ab173e727c72->bd8ffccd-e3cb-4b22-95e6-c841533bad94: nextIndex: updateUnconditionally 0 -> 0
2019-06-12 21:44:22,450 WARN  server.GrpcLogAppender (LogUtils.java:warn(134)) - f7e24b40-db1f-4d13-973e-ab173e727c72: Failed appendEntries to 0af8d7ed-cdc3-4672-8dee-c2f2e92dcb16:192.168.19.17:36143: org.apache.ratis.thirdparty.io.grpc.StatusRuntimeException: UNAVAILABLE: io exception
2019-06-12 21:44:22,450 INFO  impl.FollowerInfo (FollowerInfo.java:lambda$new$0(50)) - f7e24b40-db1f-4d13-973e-ab173e727c72->0af8d7ed-cdc3-4672-8dee-c2f2e92dcb16: nextIndex: updateUnconditionally 0 -> 0
2019-06-12 21:44:22,453 WARN  server.GrpcLogAppender (LogUtils.java:warn(134)) - f7e24b40-db1f-4d13-973e-ab173e727c72: Failed appendEntries to bd8ffccd-e3cb-4b22-95e6-c841533bad94:192.168.19.17:35697: org.apache.ratis.thirdparty.io.grpc.StatusRuntimeException: UNAVAILABLE: io exception
2019-06-12 21:44:22,454 INFO  impl.FollowerInfo (FollowerInfo.java:lambda$new$0(50)) - f7e24b40-db1f-4d13-973e-ab173e727c72->bd8ffccd-e3cb-4b22-95e6-c841533bad94: nextIndex: updateUnconditionally 0 -> 0
2019-06-12 21:44:22,951 WARN  server.GrpcLogAppender (LogUtils.java:warn(134)) - f7e24b40-db1f-4d13-973e-ab173e727c72: Failed appendEntries to 0af8d7ed-cdc3-4672-8dee-c2f2e92dcb16:192.168.19.17:36143: org.apache.ratis.thirdparty.io.grpc.StatusRuntimeException: UNAVAILABLE: io exception
2019-06-12 21:44:22,951 INFO  impl.FollowerInfo (FollowerInfo.java:lambda$new$0(50)) - f7e24b40-db1f-4d13-973e-ab173e727c72->0af8d7ed-cdc3-4672-8dee-c2f2e92dcb16: nextIndex: updateUnconditionally 0 -> 0
2019-06-12 21:44:22,954 WARN  server.GrpcLogAppender (LogUtils.java:warn(134)) - f7e24b40-db1f-4d13-973e-ab173e727c72: Failed appendEntries to bd8ffccd-e3cb-4b22-95e6-c841533bad94:192.168.19.17:35697: org.apache.ratis.thirdparty.io.grpc.StatusRuntimeException: UNAVAILABLE: io exception
2019-06-12 21:44:22,954 INFO  impl.FollowerInfo (FollowerInfo.java:lambda$new$0(50)) - f7e24b40-db1f-4d13-973e-ab173e727c72->bd8ffccd-e3cb-4b22-95e6-c841533bad94: nextIndex: updateUnconditionally 0 -> 0
2019-06-12 21:44:23,451 WARN  server.GrpcLogAppender (LogUtils.java:warn(134)) - f7e24b40-db1f-4d13-973e-ab173e727c72: Failed appendEntries to 0af8d7ed-cdc3-4672-8dee-c2f2e92dcb16:192.168.19.17:36143: org.apache.ratis.thirdparty.io.grpc.StatusRuntimeException: UNAVAILABLE: io exception
2019-06-12 21:44:23,452 INFO  impl.FollowerInfo (FollowerInfo.java:lambda$new$0(50)) - f7e24b40-db1f-4d13-973e-ab173e727c72->0af8d7ed-cdc3-4672-8dee-c2f2e92dcb16: nextIndex: updateUnconditionally 0 -> 0
2019-06-12 21:44:23,454 WARN  server.GrpcLogAppender (LogUtils.java:warn(134)) - f7e24b40-db1f-4d13-973e-ab173e727c72: Failed appendEntries to bd8ffccd-e3cb-4b22-95e6-c841533bad94:192.168.19.17:35697: org.apache.ratis.thirdparty.io.grpc.StatusRuntimeException: UNAVAILABLE: io exception
2019-06-12 21:44:23,455 INFO  impl.FollowerInfo (FollowerInfo.java:lambda$new$0(50)) - f7e24b40-db1f-4d13-973e-ab173e727c72->bd8ffccd-e3cb-4b22-95e6-c841533bad94: nextIndex: updateUnconditionally 0 -> 0
2019-06-12 21:44:23,952 WARN  server.GrpcLogAppender (LogUtils.java:warn(134)) - f7e24b40-db1f-4d13-973e-ab173e727c72: Failed appendEntries to 0af8d7ed-cdc3-4672-8dee-c2f2e92dcb16:192.168.19.17:36143: org.apache.ratis.thirdparty.io.grpc.StatusRuntimeException: UNAVAILABLE: io exception
2019-06-12 21:44:23,952 INFO  impl.FollowerInfo (FollowerInfo.java:lambda$new$0(50)) - f7e24b40-db1f-4d13-973e-ab173e727c72->0af8d7ed-cdc3-4672-8dee-c2f2e92dcb16: nextIndex: updateUnconditionally 0 -> 0
2019-06-12 21:44:23,955 WARN  server.GrpcLogAppender (LogUtils.java:warn(134)) - f7e24b40-db1f-4d13-973e-ab173e727c72: Failed appendEntries to bd8ffccd-e3cb-4b22-95e6-c841533bad94:192.168.19.17:35697: org.apache.ratis.thirdparty.io.grpc.StatusRuntimeException: UNAVAILABLE: io exception
2019-06-12 21:44:23,955 INFO  impl.FollowerInfo (FollowerInfo.java:lambda$new$0(50)) - f7e24b40-db1f-4d13-973e-ab173e727c72->bd8ffccd-e3cb-4b22-95e6-c841533bad94: nextIndex: updateUnconditionally 0 -> 0
2019-06-12 21:44:24,453 WARN  server.GrpcLogAppender (LogUtils.java:warn(134)) - f7e24b40-db1f-4d13-973e-ab173e727c72: Failed appendEntries to 0af8d7ed-cdc3-4672-8dee-c2f2e92dcb16:192.168.19.17:36143: org.apache.ratis.thirdparty.io.grpc.StatusRuntimeException: UNAVAILABLE: io exception
2019-06-12 21:44:24,453 INFO  impl.FollowerInfo (FollowerInfo.java:lambda$new$0(50)) - f7e24b40-db1f-4d13-973e-ab173e727c72->0af8d7ed-cdc3-4672-8dee-c2f2e92dcb16: nextIndex: updateUnconditionally 0 -> 0
2019-06-12 21:44:24,455 WARN  server.GrpcLogAppender (LogUtils.java:warn(134)) - f7e24b40-db1f-4d13-973e-ab173e727c72: Failed appendEntries to bd8ffccd-e3cb-4b22-95e6-c841533bad94:192.168.19.17:35697: org.apache.ratis.thirdparty.io.grpc.StatusRuntimeException: UNAVAILABLE: io exception
2019-06-12 21:44:24,455 INFO  impl.FollowerInfo (FollowerInfo.java:lambda$new$0(50)) - f7e24b40-db1f-4d13-973e-ab173e727c72->bd8ffccd-e3cb-4b22-95e6-c841533bad94: nextIndex: updateUnconditionally 0 -> 0
2019-06-12 21:44:24,953 WARN  server.GrpcLogAppender (LogUtils.java:warn(134)) - f7e24b40-db1f-4d13-973e-ab173e727c72: Failed appendEntries to 0af8d7ed-cdc3-4672-8dee-c2f2e92dcb16:192.168.19.17:36143: org.apache.ratis.thirdparty.io.grpc.StatusRuntimeException: UNAVAILABLE: io exception
2019-06-12 21:44:24,953 INFO  impl.FollowerInfo (FollowerInfo.java:lambda$new$0(50)) - f7e24b40-db1f-4d13-973e-ab173e727c72->0af8d7ed-cdc3-4672-8dee-c2f2e92dcb16: nextIndex: updateUnconditionally 0 -> 0
2019-06-12 21:44:24,955 WARN  server.GrpcLogAppender (LogUtils.java:warn(134)) - f7e24b40-db1f-4d13-973e-ab173e727c72: Failed appendEntries to bd8ffccd-e3cb-4b22-95e6-c841533bad94:192.168.19.17:35697: org.apache.ratis.thirdparty.io.grpc.StatusRuntimeException: UNAVAILABLE: io exception
2019-06-12 21:44:24,956 INFO  impl.FollowerInfo (FollowerInfo.java:lambda$new$0(50)) - f7e24b40-db1f-4d13-973e-ab173e727c72->bd8ffccd-e3cb-4b22-95e6-c841533bad94: nextIndex: updateUnconditionally 0 -> 0
2019-06-12 21:44:25,454 WARN  server.GrpcLogAppender (LogUtils.java:warn(134)) - f7e24b40-db1f-4d13-973e-ab173e727c72: Failed appendEntries to 0af8d7ed-cdc3-4672-8dee-c2f2e92dcb16:192.168.19.17:36143: org.apache.ratis.thirdparty.io.grpc.StatusRuntimeException: UNAVAILABLE: io exception
2019-06-12 21:44:25,454 INFO  impl.FollowerInfo (FollowerInfo.java:lambda$new$0(50)) - f7e24b40-db1f-4d13-973e-ab173e727c72->0af8d7ed-cdc3-4672-8dee-c2f2e92dcb16: nextIndex: updateUnconditionally 0 -> 0
2019-06-12 21:44:25,456 WARN  server.GrpcLogAppender (LogUtils.java:warn(134)) - f7e24b40-db1f-4d13-973e-ab173e727c72: Failed appendEntries to bd8ffccd-e3cb-4b22-95e6-c841533bad94:192.168.19.17:35697: org.apache.ratis.thirdparty.io.grpc.StatusRuntimeException: UNAVAILABLE: io exception
2019-06-12 21:44:25,456 INFO  impl.FollowerInfo (FollowerInfo.java:lambda$new$0(50)) - f7e24b40-db1f-4d13-973e-ab173e727c72->bd8ffccd-e3cb-4b22-95e6-c841533bad94: nextIndex: updateUnconditionally 0 -> 0
2019-06-12 21:44:25,954 WARN  server.GrpcLogAppender (LogUtils.java:warn(134)) - f7e24b40-db1f-4d13-973e-ab173e727c72: Failed appendEntries to 0af8d7ed-cdc3-4672-8dee-c2f2e92dcb16:192.168.19.17:36143: org.apache.ratis.thirdparty.io.grpc.StatusRuntimeException: UNAVAILABLE: io exception
2019-06-12 21:44:25,955 INFO  impl.FollowerInfo (FollowerInfo.java:lambda$new$0(50)) - f7e24b40-db1f-4d13-973e-ab173e727c72->0af8d7ed-cdc3-4672-8dee-c2f2e92dcb16: nextIndex: updateUnconditionally 0 -> 0
2019-06-12 21:44:25,956 WARN  server.GrpcLogAppender (LogUtils.java:warn(134)) - f7e24b40-db1f-4d13-973e-ab173e727c72: Failed appendEntries to bd8ffccd-e3cb-4b22-95e6-c841533bad94:192.168.19.17:35697: org.apache.ratis.thirdparty.io.grpc.StatusRuntimeException: UNAVAILABLE: io exception
2019-06-12 21:44:25,957 INFO  impl.FollowerInfo (FollowerInfo.java:lambda$new$0(50)) - f7e24b40-db1f-4d13-973e-ab173e727c72->bd8ffccd-e3cb-4b22-95e6-c841533bad94: nextIndex: updateUnconditionally 0 -> 0
2019-06-12 21:44:26,455 WARN  server.GrpcLogAppender (LogUtils.java:warn(134)) - f7e24b40-db1f-4d13-973e-ab173e727c72: Failed appendEntries to 0af8d7ed-cdc3-4672-8dee-c2f2e92dcb16:192.168.19.17:36143: org.apache.ratis.thirdparty.io.grpc.StatusRuntimeException: UNAVAILABLE: io exception
2019-06-12 21:44:26,455 INFO  impl.FollowerInfo (FollowerInfo.java:lambda$new$0(50)) - f7e24b40-db1f-4d13-973e-ab173e727c72->0af8d7ed-cdc3-4672-8dee-c2f2e92dcb16: nextIndex: updateUnconditionally 0 -> 0
2019-06-12 21:44:26,457 WARN  server.GrpcLogAppender (LogUtils.java:warn(134)) - f7e24b40-db1f-4d13-973e-ab173e727c72: Failed appendEntries to bd8ffccd-e3cb-4b22-95e6-c841533bad94:192.168.19.17:35697: org.apache.ratis.thirdparty.io.grpc.StatusRuntimeException: UNAVAILABLE: io exception
2019-06-12 21:44:26,457 INFO  impl.FollowerInfo (FollowerInfo.java:lambda$new$0(50)) - f7e24b40-db1f-4d13-973e-ab173e727c72->bd8ffccd-e3cb-4b22-95e6-c841533bad94: nextIndex: updateUnconditionally 0 -> 0
2019-06-12 21:44:26,955 WARN  server.GrpcLogAppender (LogUtils.java:warn(134)) - f7e24b40-db1f-4d13-973e-ab173e727c72: Failed appendEntries to 0af8d7ed-cdc3-4672-8dee-c2f2e92dcb16:192.168.19.17:36143: org.apache.ratis.thirdparty.io.grpc.StatusRuntimeException: UNAVAILABLE: io exception
2019-06-12 21:44:26,956 INFO  impl.FollowerInfo (FollowerInfo.java:lambda$new$0(50)) - f7e24b40-db1f-4d13-973e-ab173e727c72->0af8d7ed-cdc3-4672-8dee-c2f2e92dcb16: nextIndex: updateUnconditionally 0 -> 0
2019-06-12 21:44:26,957 WARN  server.GrpcLogAppender (LogUtils.java:warn(134)) - f7e24b40-db1f-4d13-973e-ab173e727c72: Failed appendEntries to bd8ffccd-e3cb-4b22-95e6-c841533bad94:192.168.19.17:35697: org.apache.ratis.thirdparty.io.grpc.StatusRuntimeException: UNAVAILABLE: io exception
2019-06-12 21:44:26,957 INFO  impl.FollowerInfo (FollowerInfo.java:lambda$new$0(50)) - f7e24b40-db1f-4d13-973e-ab173e727c72->bd8ffccd-e3cb-4b22-95e6-c841533bad94: nextIndex: updateUnconditionally 0 -> 0
2019-06-12 21:44:27,456 WARN  server.GrpcLogAppender (LogUtils.java:warn(134)) - f7e24b40-db1f-4d13-973e-ab173e727c72: Failed appendEntries to 0af8d7ed-cdc3-4672-8dee-c2f2e92dcb16:192.168.19.17:36143: org.apache.ratis.thirdparty.io.grpc.StatusRuntimeException: UNAVAILABLE: io exception
2019-06-12 21:44:27,456 INFO  impl.FollowerInfo (FollowerInfo.java:lambda$new$0(50)) - f7e24b40-db1f-4d13-973e-ab173e727c72->0af8d7ed-cdc3-4672-8dee-c2f2e92dcb16: nextIndex: updateUnconditionally 0 -> 0
2019-06-12 21:44:27,458 WARN  server.GrpcLogAppender (LogUtils.java:warn(134)) - f7e24b40-db1f-4d13-973e-ab173e727c72: Failed appendEntries to bd8ffccd-e3cb-4b22-95e6-c841533bad94:192.168.19.17:35697: org.apache.ratis.thirdparty.io.grpc.StatusRuntimeException: UNAVAILABLE: io exception
2019-06-12 21:44:27,458 INFO  impl.FollowerInfo (FollowerInfo.java:lambda$new$0(50)) - f7e24b40-db1f-4d13-973e-ab173e727c72->bd8ffccd-e3cb-4b22-95e6-c841533bad94: nextIndex: updateUnconditionally 0 -> 0
2019-06-12 21:44:27,957 WARN  server.GrpcLogAppender (LogUtils.java:warn(134)) - f7e24b40-db1f-4d13-973e-ab173e727c72: Failed appendEntries to 0af8d7ed-cdc3-4672-8dee-c2f2e92dcb16:192.168.19.17:36143: org.apache.ratis.thirdparty.io.grpc.StatusRuntimeException: UNAVAILABLE: io exception
2019-06-12 21:44:27,957 INFO  impl.FollowerInfo (FollowerInfo.java:lambda$new$0(50)) - f7e24b40-db1f-4d13-973e-ab173e727c72->0af8d7ed-cdc3-4672-8dee-c2f2e92dcb16: nextIndex: updateUnconditionally 0 -> 0
2019-06-12 21:44:27,958 WARN  server.GrpcLogAppender (LogUtils.java:warn(134)) - f7e24b40-db1f-4d13-973e-ab173e727c72: Failed appendEntries to bd8ffccd-e3cb-4b22-95e6-c841533bad94:192.168.19.17:35697: org.apache.ratis.thirdparty.io.grpc.StatusRuntimeException: UNAVAILABLE: io exception
2019-06-12 21:44:27,958 INFO  impl.FollowerInfo (FollowerInfo.java:lambda$new$0(50)) - f7e24b40-db1f-4d13-973e-ab173e727c72->bd8ffccd-e3cb-4b22-95e6-c841533bad94: nextIndex: updateUnconditionally 0 -> 0
2019-06-12 21:44:28,457 WARN  server.GrpcLogAppender (LogUtils.java:warn(134)) - f7e24b40-db1f-4d13-973e-ab173e727c72: Failed appendEntries to 0af8d7ed-cdc3-4672-8dee-c2f2e92dcb16:192.168.19.17:36143: org.apache.ratis.thirdparty.io.grpc.StatusRuntimeException: UNAVAILABLE: io exception
2019-06-12 21:44:28,457 INFO  impl.FollowerInfo (FollowerInfo.java:lambda$new$0(50)) - f7e24b40-db1f-4d13-973e-ab173e727c72->0af8d7ed-cdc3-4672-8dee-c2f2e92dcb16: nextIndex: updateUnconditionally 0 -> 0
2019-06-12 21:44:28,458 WARN  server.GrpcLogAppender (LogUtils.java:warn(134)) - f7e24b40-db1f-4d13-973e-ab173e727c72: Failed appendEntries to bd8ffccd-e3cb-4b22-95e6-c841533bad94:192.168.19.17:35697: org.apache.ratis.thirdparty.io.grpc.StatusRuntimeException: UNAVAILABLE: io exception
2019-06-12 21:44:28,459 INFO  impl.FollowerInfo (FollowerInfo.java:lambda$new$0(50)) - f7e24b40-db1f-4d13-973e-ab173e727c72->bd8ffccd-e3cb-4b22-95e6-c841533bad94: nextIndex: updateUnconditionally 0 -> 0
2019-06-12 21:44:28,958 WARN  server.GrpcLogAppender (LogUtils.java:warn(134)) - f7e24b40-db1f-4d13-973e-ab173e727c72: Failed appendEntries to 0af8d7ed-cdc3-4672-8dee-c2f2e92dcb16:192.168.19.17:36143: org.apache.ratis.thirdparty.io.grpc.StatusRuntimeException: UNAVAILABLE: io exception
2019-06-12 21:44:28,958 INFO  impl.FollowerInfo (FollowerInfo.java:lambda$new$0(50)) - f7e24b40-db1f-4d13-973e-ab173e727c72->0af8d7ed-cdc3-4672-8dee-c2f2e92dcb16: nextIndex: updateUnconditionally 0 -> 0
2019-06-12 21:44:28,959 WARN  server.GrpcLogAppender (LogUtils.java:warn(134)) - f7e24b40-db1f-4d13-973e-ab173e727c72: Failed appendEntries to bd8ffccd-e3cb-4b22-95e6-c841533bad94:192.168.19.17:35697: org.apache.ratis.thirdparty.io.grpc.StatusRuntimeException: UNAVAILABLE: io exception
2019-06-12 21:44:28,959 INFO  impl.FollowerInfo (FollowerInfo.java:lambda$new$0(50)) - f7e24b40-db1f-4d13-973e-ab173e727c72->bd8ffccd-e3cb-4b22-95e6-c841533bad94: nextIndex: updateUnconditionally 0 -> 0
2019-06-12 21:44:29,459 WARN  server.GrpcLogAppender (LogUtils.java:warn(134)) - f7e24b40-db1f-4d13-973e-ab173e727c72: Failed appendEntries to 0af8d7ed-cdc3-4672-8dee-c2f2e92dcb16:192.168.19.17:36143: org.apache.ratis.thirdparty.io.grpc.StatusRuntimeException: UNAVAILABLE: io exception
2019-06-12 21:44:29,459 INFO  impl.FollowerInfo (FollowerInfo.java:lambda$new$0(50)) - f7e24b40-db1f-4d13-973e-ab173e727c72->0af8d7ed-cdc3-4672-8dee-c2f2e92dcb16: nextIndex: updateUnconditionally 0 -> 0
2019-06-12 21:44:29,460 WARN  server.GrpcLogAppender (LogUtils.java:warn(134)) - f7e24b40-db1f-4d13-973e-ab173e727c72: Failed appendEntries to bd8ffccd-e3cb-4b22-95e6-c841533bad94:192.168.19.17:35697: org.apache.ratis.thirdparty.io.grpc.StatusRuntimeException: UNAVAILABLE: io exception
2019-06-12 21:44:29,460 INFO  impl.FollowerInfo (FollowerInfo.java:lambda$new$0(50)) - f7e24b40-db1f-4d13-973e-ab173e727c72->bd8ffccd-e3cb-4b22-95e6-c841533bad94: nextIndex: updateUnconditionally 0 -> 0
2019-06-12 21:44:29,959 WARN  server.GrpcLogAppender (LogUtils.java:warn(134)) - f7e24b40-db1f-4d13-973e-ab173e727c72: Failed appendEntries to 0af8d7ed-cdc3-4672-8dee-c2f2e92dcb16:192.168.19.17:36143: org.apache.ratis.thirdparty.io.grpc.StatusRuntimeException: UNAVAILABLE: io exception
2019-06-12 21:44:29,960 INFO  impl.FollowerInfo (FollowerInfo.java:lambda$new$0(50)) - f7e24b40-db1f-4d13-973e-ab173e727c72->0af8d7ed-cdc3-4672-8dee-c2f2e92dcb16: nextIndex: updateUnconditionally 0 -> 0
2019-06-12 21:44:29,960 WARN  server.GrpcLogAppender (LogUtils.java:warn(134)) - f7e24b40-db1f-4d13-973e-ab173e727c72: Failed appendEntries to bd8ffccd-e3cb-4b22-95e6-c841533bad94:192.168.19.17:35697: org.apache.ratis.thirdparty.io.grpc.StatusRuntimeException: UNAVAILABLE: io exception
2019-06-12 21:44:29,960 INFO  impl.FollowerInfo (FollowerInfo.java:lambda$new$0(50)) - f7e24b40-db1f-4d13-973e-ab173e727c72->bd8ffccd-e3cb-4b22-95e6-c841533bad94: nextIndex: updateUnconditionally 0 -> 0
2019-06-12 21:44:30,460 WARN  server.GrpcLogAppender (LogUtils.java:warn(134)) - f7e24b40-db1f-4d13-973e-ab173e727c72: Failed appendEntries to 0af8d7ed-cdc3-4672-8dee-c2f2e92dcb16:192.168.19.17:36143: org.apache.ratis.thirdparty.io.grpc.StatusRuntimeException: UNAVAILABLE: io exception
2019-06-12 21:44:30,460 INFO  impl.FollowerInfo (FollowerInfo.java:lambda$new$0(50)) - f7e24b40-db1f-4d13-973e-ab173e727c72->0af8d7ed-cdc3-4672-8dee-c2f2e92dcb16: nextIndex: updateUnconditionally 0 -> 0
2019-06-12 21:44:30,461 WARN  server.GrpcLogAppender (LogUtils.java:warn(134)) - f7e24b40-db1f-4d13-973e-ab173e727c72: Failed appendEntries to bd8ffccd-e3cb-4b22-95e6-c841533bad94:192.168.19.17:35697: org.apache.ratis.thirdparty.io.grpc.StatusRuntimeException: UNAVAILABLE: io exception
2019-06-12 21:44:30,461 INFO  impl.FollowerInfo (FollowerInfo.java:lambda$new$0(50)) - f7e24b40-db1f-4d13-973e-ab173e727c72->bd8ffccd-e3cb-4b22-95e6-c841533bad94: nextIndex: updateUnconditionally 0 -> 0
2019-06-12 21:44:30,583 INFO  client.GrpcClientProtocolService (GrpcClientProtocolService.java:lambda$processClientRequest$0(264)) - Failed RaftClientRequest:client-7AFE53D00D45->f7e24b40-db1f-4d13-973e-ab173e727c72@group-EFCCD525F1EC, cid=67, seq=0, Watch-ALL_COMMITTED(2), Message:<EMPTY>, reply=RaftClientReply:client-7AFE53D00D45->f7e24b40-db1f-4d13-973e-ab173e727c72@group-EFCCD525F1EC, cid=67, FAILED org.apache.ratis.protocol.NotReplicatedException: Request with call Id 67 and log index 2 is not yet replicated to ALL_COMMITTED, logIndex=2, commits[f7e24b40-db1f-4d13-973e-ab173e727c72:c2, bd8ffccd-e3cb-4b22-95e6-c841533bad94:c1, 0af8d7ed-cdc3-4672-8dee-c2f2e92dcb16:c1]
2019-06-12 21:44:30,960 WARN  server.GrpcLogAppender (LogUtils.java:warn(134)) - f7e24b40-db1f-4d13-973e-ab173e727c72: Failed appendEntries to 0af8d7ed-cdc3-4672-8dee-c2f2e92dcb16:192.168.19.17:36143: org.apache.ratis.thirdparty.io.grpc.StatusRuntimeException: UNAVAILABLE: io exception
2019-06-12 21:44:30,961 INFO  impl.FollowerInfo (FollowerInfo.java:lambda$new$0(50)) - f7e24b40-db1f-4d13-973e-ab173e727c72->0af8d7ed-cdc3-4672-8dee-c2f2e92dcb16: nextIndex: updateUnconditionally 0 -> 0
2019-06-12 21:44:30,962 WARN  server.GrpcLogAppender (LogUtils.java:warn(134)) - f7e24b40-db1f-4d13-973e-ab173e727c72: Failed appendEntries to bd8ffccd-e3cb-4b22-95e6-c841533bad94:192.168.19.17:35697: org.apache.ratis.thirdparty.io.grpc.StatusRuntimeException: UNAVAILABLE: io exception
2019-06-12 21:44:30,966 INFO  impl.FollowerInfo (FollowerInfo.java:lambda$new$0(50)) - f7e24b40-db1f-4d13-973e-ab173e727c72->bd8ffccd-e3cb-4b22-95e6-c841533bad94: nextIndex: updateUnconditionally 0 -> 0
2019-06-12 21:44:31,461 WARN  server.GrpcLogAppender (LogUtils.java:warn(134)) - f7e24b40-db1f-4d13-973e-ab173e727c72: Failed appendEntries to 0af8d7ed-cdc3-4672-8dee-c2f2e92dcb16:192.168.19.17:36143: org.apache.ratis.thirdparty.io.grpc.StatusRuntimeException: UNAVAILABLE: io exception
2019-06-12 21:44:31,461 INFO  impl.FollowerInfo (FollowerInfo.java:lambda$new$0(50)) - f7e24b40-db1f-4d13-973e-ab173e727c72->0af8d7ed-cdc3-4672-8dee-c2f2e92dcb16: nextIndex: updateUnconditionally 0 -> 0
2019-06-12 21:44:31,462 WARN  server.GrpcLogAppender (LogUtils.java:warn(134)) - f7e24b40-db1f-4d13-973e-ab173e727c72: Failed appendEntries to bd8ffccd-e3cb-4b22-95e6-c841533bad94:192.168.19.17:35697: org.apache.ratis.thirdparty.io.grpc.StatusRuntimeException: UNAVAILABLE: io exception
2019-06-12 21:44:31,462 INFO  impl.FollowerInfo (FollowerInfo.java:lambda$new$0(50)) - f7e24b40-db1f-4d13-973e-ab173e727c72->bd8ffccd-e3cb-4b22-95e6-c841533bad94: nextIndex: updateUnconditionally 0 -> 0
2019-06-12 21:44:31,962 WARN  server.GrpcLogAppender (LogUtils.java:warn(134)) - f7e24b40-db1f-4d13-973e-ab173e727c72: Failed appendEntries to 0af8d7ed-cdc3-4672-8dee-c2f2e92dcb16:192.168.19.17:36143: org.apache.ratis.thirdparty.io.grpc.StatusRuntimeException: UNAVAILABLE: io exception
2019-06-12 21:44:31,962 WARN  server.GrpcLogAppender (LogUtils.java:warn(134)) - f7e24b40-db1f-4d13-973e-ab173e727c72: Failed appendEntries to bd8ffccd-e3cb-4b22-95e6-c841533bad94:192.168.19.17:35697: org.apache.ratis.thirdparty.io.grpc.StatusRuntimeException: UNAVAILABLE: io exception
2019-06-12 21:44:31,962 INFO  impl.FollowerInfo (FollowerInfo.java:lambda$new$0(50)) - f7e24b40-db1f-4d13-973e-ab173e727c72->0af8d7ed-cdc3-4672-8dee-c2f2e92dcb16: nextIndex: updateUnconditionally 0 -> 0
2019-06-12 21:44:31,962 INFO  impl.FollowerInfo (FollowerInfo.java:lambda$new$0(50)) - f7e24b40-db1f-4d13-973e-ab173e727c72->bd8ffccd-e3cb-4b22-95e6-c841533bad94: nextIndex: updateUnconditionally 0 -> 0
2019-06-12 21:44:32,462 WARN  server.GrpcLogAppender (LogUtils.java:warn(134)) - f7e24b40-db1f-4d13-973e-ab173e727c72: Failed appendEntries to bd8ffccd-e3cb-4b22-95e6-c841533bad94:192.168.19.17:35697: org.apache.ratis.thirdparty.io.grpc.StatusRuntimeException: UNAVAILABLE: io exception
2019-06-12 21:44:32,462 WARN  server.GrpcLogAppender (LogUtils.java:warn(134)) - f7e24b40-db1f-4d13-973e-ab173e727c72: Failed appendEntries to 0af8d7ed-cdc3-4672-8dee-c2f2e92dcb16:192.168.19.17:36143: org.apache.ratis.thirdparty.io.grpc.StatusRuntimeException: UNAVAILABLE: io exception
2019-06-12 21:44:32,462 INFO  impl.FollowerInfo (FollowerInfo.java:lambda$new$0(50)) - f7e24b40-db1f-4d13-973e-ab173e727c72->bd8ffccd-e3cb-4b22-95e6-c841533bad94: nextIndex: updateUnconditionally 0 -> 0
2019-06-12 21:44:32,462 INFO  impl.FollowerInfo (FollowerInfo.java:lambda$new$0(50)) - f7e24b40-db1f-4d13-973e-ab173e727c72->0af8d7ed-cdc3-4672-8dee-c2f2e92dcb16: nextIndex: updateUnconditionally 0 -> 0
2019-06-12 21:44:32,963 WARN  server.GrpcLogAppender (LogUtils.java:warn(134)) - f7e24b40-db1f-4d13-973e-ab173e727c72: Failed appendEntries to bd8ffccd-e3cb-4b22-95e6-c841533bad94:192.168.19.17:35697: org.apache.ratis.thirdparty.io.grpc.StatusRuntimeException: UNAVAILABLE: io exception
2019-06-12 21:44:32,963 WARN  server.GrpcLogAppender (LogUtils.java:warn(134)) - f7e24b40-db1f-4d13-973e-ab173e727c72: Failed appendEntries to 0af8d7ed-cdc3-4672-8dee-c2f2e92dcb16:192.168.19.17:36143: org.apache.ratis.thirdparty.io.grpc.StatusRuntimeException: UNAVAILABLE: io exception
2019-06-12 21:44:32,963 INFO  impl.FollowerInfo (FollowerInfo.java:lambda$new$0(50)) - f7e24b40-db1f-4d13-973e-ab173e727c72->bd8ffccd-e3cb-4b22-95e6-c841533bad94: nextIndex: updateUnconditionally 0 -> 0
2019-06-12 21:44:32,963 INFO  impl.FollowerInfo (FollowerInfo.java:lambda$new$0(50)) - f7e24b40-db1f-4d13-973e-ab173e727c72->0af8d7ed-cdc3-4672-8dee-c2f2e92dcb16: nextIndex: updateUnconditionally 0 -> 0
2019-06-12 21:44:33,463 WARN  server.GrpcLogAppender (LogUtils.java:warn(134)) - f7e24b40-db1f-4d13-973e-ab173e727c72: Failed appendEntries to 0af8d7ed-cdc3-4672-8dee-c2f2e92dcb16:192.168.19.17:36143: org.apache.ratis.thirdparty.io.grpc.StatusRuntimeException: UNAVAILABLE: io exception
2019-06-12 21:44:33,464 INFO  impl.FollowerInfo (FollowerInfo.java:lambda$new$0(50)) - f7e24b40-db1f-4d13-973e-ab173e727c72->0af8d7ed-cdc3-4672-8dee-c2f2e92dcb16: nextIndex: updateUnconditionally 0 -> 0
2019-06-12 21:44:33,464 WARN  server.GrpcLogAppender (LogUtils.java:warn(134)) - f7e24b40-db1f-4d13-973e-ab173e727c72: Failed appendEntries to bd8ffccd-e3cb-4b22-95e6-c841533bad94:192.168.19.17:35697: org.apache.ratis.thirdparty.io.grpc.StatusRuntimeException: UNAVAILABLE: io exception
2019-06-12 21:44:33,464 INFO  impl.FollowerInfo (FollowerInfo.java:lambda$new$0(50)) - f7e24b40-db1f-4d13-973e-ab173e727c72->bd8ffccd-e3cb-4b22-95e6-c841533bad94: nextIndex: updateUnconditionally 0 -> 0
2019-06-12 21:44:33,964 WARN  server.GrpcLogAppender (LogUtils.java:warn(134)) - f7e24b40-db1f-4d13-973e-ab173e727c72: Failed appendEntries to 0af8d7ed-cdc3-4672-8dee-c2f2e92dcb16:192.168.19.17:36143: org.apache.ratis.thirdparty.io.grpc.StatusRuntimeException: UNAVAILABLE: io exception
2019-06-12 21:44:33,964 INFO  impl.FollowerInfo (FollowerInfo.java:lambda$new$0(50)) - f7e24b40-db1f-4d13-973e-ab173e727c72->0af8d7ed-cdc3-4672-8dee-c2f2e92dcb16: nextIndex: updateUnconditionally 0 -> 0
2019-06-12 21:44:33,964 WARN  server.GrpcLogAppender (LogUtils.java:warn(134)) - f7e24b40-db1f-4d13-973e-ab173e727c72: Failed appendEntries to bd8ffccd-e3cb-4b22-95e6-c841533bad94:192.168.19.17:35697: org.apache.ratis.thirdparty.io.grpc.StatusRuntimeException: UNAVAILABLE: io exception
2019-06-12 21:44:33,965 INFO  impl.FollowerInfo (FollowerInfo.java:lambda$new$0(50)) - f7e24b40-db1f-4d13-973e-ab173e727c72->bd8ffccd-e3cb-4b22-95e6-c841533bad94: nextIndex: updateUnconditionally 0 -> 0
2019-06-12 21:44:34,465 WARN  server.GrpcLogAppender (LogUtils.java:warn(134)) - f7e24b40-db1f-4d13-973e-ab173e727c72: Failed appendEntries to bd8ffccd-e3cb-4b22-95e6-c841533bad94:192.168.19.17:35697: org.apache.ratis.thirdparty.io.grpc.StatusRuntimeException: UNAVAILABLE: io exception
2019-06-12 21:44:34,465 WARN  server.GrpcLogAppender (LogUtils.java:warn(134)) - f7e24b40-db1f-4d13-973e-ab173e727c72: Failed appendEntries to 0af8d7ed-cdc3-4672-8dee-c2f2e92dcb16:192.168.19.17:36143: org.apache.ratis.thirdparty.io.grpc.StatusRuntimeException: UNAVAILABLE: io exception
2019-06-12 21:44:34,465 INFO  impl.FollowerInfo (FollowerInfo.java:lambda$new$0(50)) - f7e24b40-db1f-4d13-973e-ab173e727c72->0af8d7ed-cdc3-4672-8dee-c2f2e92dcb16: nextIndex: updateUnconditionally 0 -> 0
2019-06-12 21:44:34,465 INFO  impl.FollowerInfo (FollowerInfo.java:lambda$new$0(50)) - f7e24b40-db1f-4d13-973e-ab173e727c72->bd8ffccd-e3cb-4b22-95e6-c841533bad94: nextIndex: updateUnconditionally 0 -> 0
2019-06-12 21:44:34,965 WARN  server.GrpcLogAppender (LogUtils.java:warn(134)) - f7e24b40-db1f-4d13-973e-ab173e727c72: Failed appendEntries to bd8ffccd-e3cb-4b22-95e6-c841533bad94:192.168.19.17:35697: org.apache.ratis.thirdparty.io.grpc.StatusRuntimeException: UNAVAILABLE: io exception
2019-06-12 21:44:34,965 WARN  server.GrpcLogAppender (LogUtils.java:warn(134)) - f7e24b40-db1f-4d13-973e-ab173e727c72: Failed appendEntries to 0af8d7ed-cdc3-4672-8dee-c2f2e92dcb16:192.168.19.17:36143: org.apache.ratis.thirdparty.io.grpc.StatusRuntimeException: UNAVAILABLE: io exception
2019-06-12 21:44:34,966 INFO  impl.FollowerInfo (FollowerInfo.java:lambda$new$0(50)) - f7e24b40-db1f-4d13-973e-ab173e727c72->0af8d7ed-cdc3-4672-8dee-c2f2e92dcb16: nextIndex: updateUnconditionally 0 -> 0
2019-06-12 21:44:34,966 INFO  impl.FollowerInfo (FollowerInfo.java:lambda$new$0(50)) - f7e24b40-db1f-4d13-973e-ab173e727c72->bd8ffccd-e3cb-4b22-95e6-c841533bad94: nextIndex: updateUnconditionally 0 -> 0
2019-06-12 21:44:35,466 WARN  server.GrpcLogAppender (LogUtils.java:warn(134)) - f7e24b40-db1f-4d13-973e-ab173e727c72: Failed appendEntries to bd8ffccd-e3cb-4b22-95e6-c841533bad94:192.168.19.17:35697: org.apache.ratis.thirdparty.io.grpc.StatusRuntimeException: UNAVAILABLE: io exception
2019-06-12 21:44:35,466 WARN  server.GrpcLogAppender (LogUtils.java:warn(134)) - f7e24b40-db1f-4d13-973e-ab173e727c72: Failed appendEntries to 0af8d7ed-cdc3-4672-8dee-c2f2e92dcb16:192.168.19.17:36143: org.apache.ratis.thirdparty.io.grpc.StatusRuntimeException: UNAVAILABLE: io exception
2019-06-12 21:44:35,466 INFO  impl.FollowerInfo (FollowerInfo.java:lambda$new$0(50)) - f7e24b40-db1f-4d13-973e-ab173e727c72->bd8ffccd-e3cb-4b22-95e6-c841533bad94: nextIndex: updateUnconditionally 0 -> 0
2019-06-12 21:44:35,466 INFO  impl.FollowerInfo (FollowerInfo.java:lambda$new$0(50)) - f7e24b40-db1f-4d13-973e-ab173e727c72->0af8d7ed-cdc3-4672-8dee-c2f2e92dcb16: nextIndex: updateUnconditionally 0 -> 0
2019-06-12 21:44:35,582 INFO  client.GrpcClientProtocolService (GrpcClientProtocolService.java:lambda$processClientRequest$0(264)) - Failed RaftClientRequest:client-7AFE53D00D45->f7e24b40-db1f-4d13-973e-ab173e727c72@group-EFCCD525F1EC, cid=67, seq=0, Watch-ALL_COMMITTED(2), Message:<EMPTY>, reply=RaftClientReply:client-7AFE53D00D45->f7e24b40-db1f-4d13-973e-ab173e727c72@group-EFCCD525F1EC, cid=67, FAILED org.apache.ratis.protocol.NotReplicatedException: Request with call Id 67 and log index 2 is not yet replicated to ALL_COMMITTED, logIndex=2, commits[f7e24b40-db1f-4d13-973e-ab173e727c72:c2, bd8ffccd-e3cb-4b22-95e6-c841533bad94:c1, 0af8d7ed-cdc3-4672-8dee-c2f2e92dcb16:c1]
2019-06-12 21:44:35,966 WARN  server.GrpcLogAppender (LogUtils.java:warn(134)) - f7e24b40-db1f-4d13-973e-ab173e727c72: Failed appendEntries to 0af8d7ed-cdc3-4672-8dee-c2f2e92dcb16:192.168.19.17:36143: org.apache.ratis.thirdparty.io.grpc.StatusRuntimeException: UNAVAILABLE: io exception
2019-06-12 21:44:35,966 INFO  impl.FollowerInfo (FollowerInfo.java:lambda$new$0(50)) - f7e24b40-db1f-4d13-973e-ab173e727c72->0af8d7ed-cdc3-4672-8dee-c2f2e92dcb16: nextIndex: updateUnconditionally 0 -> 0
2019-06-12 21:44:35,967 WARN  server.GrpcLogAppender (LogUtils.java:warn(134)) - f7e24b40-db1f-4d13-973e-ab173e727c72: Failed appendEntries to bd8ffccd-e3cb-4b22-95e6-c841533bad94:192.168.19.17:35697: org.apache.ratis.thirdparty.io.grpc.StatusRuntimeException: UNAVAILABLE: io exception
2019-06-12 21:44:35,969 INFO  impl.FollowerInfo (FollowerInfo.java:lambda$new$0(50)) - f7e24b40-db1f-4d13-973e-ab173e727c72->bd8ffccd-e3cb-4b22-95e6-c841533bad94: nextIndex: updateUnconditionally 0 -> 0
2019-06-12 21:44:36,467 WARN  server.GrpcLogAppender (LogUtils.java:warn(134)) - f7e24b40-db1f-4d13-973e-ab173e727c72: Failed appendEntries to 0af8d7ed-cdc3-4672-8dee-c2f2e92dcb16:192.168.19.17:36143: org.apache.ratis.thirdparty.io.grpc.StatusRuntimeException: UNAVAILABLE: io exception
2019-06-12 21:44:36,467 WARN  server.GrpcLogAppender (LogUtils.java:warn(134)) - f7e24b40-db1f-4d13-973e-ab173e727c72: Failed appendEntries to bd8ffccd-e3cb-4b22-95e6-c841533bad94:192.168.19.17:35697: org.apache.ratis.thirdparty.io.grpc.StatusRuntimeException: UNAVAILABLE: io exception
2019-06-12 21:44:36,467 INFO  impl.FollowerInfo (FollowerInfo.java:lambda$new$0(50)) - f7e24b40-db1f-4d13-973e-ab173e727c72->0af8d7ed-cdc3-4672-8dee-c2f2e92dcb16: nextIndex: updateUnconditionally 0 -> 0
2019-06-12 21:44:36,467 INFO  impl.FollowerInfo (FollowerInfo.java:lambda$new$0(50)) - f7e24b40-db1f-4d13-973e-ab173e727c72->bd8ffccd-e3cb-4b22-95e6-c841533bad94: nextIndex: updateUnconditionally 0 -> 0
2019-06-12 21:44:36,967 WARN  server.GrpcLogAppender (LogUtils.java:warn(134)) - f7e24b40-db1f-4d13-973e-ab173e727c72: Failed appendEntries to 0af8d7ed-cdc3-4672-8dee-c2f2e92dcb16:192.168.19.17:36143: org.apache.ratis.thirdparty.io.grpc.StatusRuntimeException: UNAVAILABLE: io exception
2019-06-12 21:44:36,967 WARN  server.GrpcLogAppender (LogUtils.java:warn(134)) - f7e24b40-db1f-4d13-973e-ab173e727c72: Failed appendEntries to bd8ffccd-e3cb-4b22-95e6-c841533bad94:192.168.19.17:35697: org.apache.ratis.thirdparty.io.grpc.StatusRuntimeException: UNAVAILABLE: io exception
2019-06-12 21:44:36,968 INFO  impl.FollowerInfo (FollowerInfo.java:lambda$new$0(50)) - f7e24b40-db1f-4d13-973e-ab173e727c72->0af8d7ed-cdc3-4672-8dee-c2f2e92dcb16: nextIndex: updateUnconditionally 0 -> 0
2019-06-12 21:44:36,968 INFO  impl.FollowerInfo (FollowerInfo.java:lambda$new$0(50)) - f7e24b40-db1f-4d13-973e-ab173e727c72->bd8ffccd-e3cb-4b22-95e6-c841533bad94: nextIndex: updateUnconditionally 0 -> 0
2019-06-12 21:44:37,468 WARN  server.GrpcLogAppender (LogUtils.java:warn(134)) - f7e24b40-db1f-4d13-973e-ab173e727c72: Failed appendEntries to 0af8d7ed-cdc3-4672-8dee-c2f2e92dcb16:192.168.19.17:36143: org.apache.ratis.thirdparty.io.grpc.StatusRuntimeException: UNAVAILABLE: io exception
2019-06-12 21:44:37,468 WARN  server.GrpcLogAppender (LogUtils.java:warn(134)) - f7e24b40-db1f-4d13-973e-ab173e727c72: Failed appendEntries to bd8ffccd-e3cb-4b22-95e6-c841533bad94:192.168.19.17:35697: org.apache.ratis.thirdparty.io.grpc.StatusRuntimeException: UNAVAILABLE: io exception
2019-06-12 21:44:37,468 INFO  impl.FollowerInfo (FollowerInfo.java:lambda$new$0(50)) - f7e24b40-db1f-4d13-973e-ab173e727c72->0af8d7ed-cdc3-4672-8dee-c2f2e92dcb16: nextIndex: updateUnconditionally 0 -> 0
2019-06-12 21:44:37,468 INFO  impl.FollowerInfo (FollowerInfo.java:lambda$new$0(50)) - f7e24b40-db1f-4d13-973e-ab173e727c72->bd8ffccd-e3cb-4b22-95e6-c841533bad94: nextIndex: updateUnconditionally 0 -> 0
2019-06-12 21:44:37,968 WARN  server.GrpcLogAppender (LogUtils.java:warn(134)) - f7e24b40-db1f-4d13-973e-ab173e727c72: Failed appendEntries to 0af8d7ed-cdc3-4672-8dee-c2f2e92dcb16:192.168.19.17:36143: org.apache.ratis.thirdparty.io.grpc.StatusRuntimeException: UNAVAILABLE: io exception
2019-06-12 21:44:37,968 WARN  server.GrpcLogAppender (LogUtils.java:warn(134)) - f7e24b40-db1f-4d13-973e-ab173e727c72: Failed appendEntries to bd8ffccd-e3cb-4b22-95e6-c841533bad94:192.168.19.17:35697: org.apache.ratis.thirdparty.io.grpc.StatusRuntimeException: UNAVAILABLE: io exception
2019-06-12 21:44:37,969 INFO  impl.FollowerInfo (FollowerInfo.java:lambda$new$0(50)) - f7e24b40-db1f-4d13-973e-ab173e727c72->0af8d7ed-cdc3-4672-8dee-c2f2e92dcb16: nextIndex: updateUnconditionally 0 -> 0
2019-06-12 21:44:37,969 INFO  impl.FollowerInfo (FollowerInfo.java:lambda$new$0(50)) - f7e24b40-db1f-4d13-973e-ab173e727c72->bd8ffccd-e3cb-4b22-95e6-c841533bad94: nextIndex: updateUnconditionally 0 -> 0
2019-06-12 21:44:38,469 WARN  server.GrpcLogAppender (LogUtils.java:warn(134)) - f7e24b40-db1f-4d13-973e-ab173e727c72: Failed appendEntries to 0af8d7ed-cdc3-4672-8dee-c2f2e92dcb16:192.168.19.17:36143: org.apache.ratis.thirdparty.io.grpc.StatusRuntimeException: UNAVAILABLE: io exception
2019-06-12 21:44:38,469 WARN  server.GrpcLogAppender (LogUtils.java:warn(134)) - f7e24b40-db1f-4d13-973e-ab173e727c72: Failed appendEntries to bd8ffccd-e3cb-4b22-95e6-c841533bad94:192.168.19.17:35697: org.apache.ratis.thirdparty.io.grpc.StatusRuntimeException: UNAVAILABLE: io exception
2019-06-12 21:44:38,469 INFO  impl.FollowerInfo (FollowerInfo.java:lambda$new$0(50)) - f7e24b40-db1f-4d13-973e-ab173e727c72->0af8d7ed-cdc3-4672-8dee-c2f2e92dcb16: nextIndex: updateUnconditionally 0 -> 0
2019-06-12 21:44:38,469 INFO  impl.FollowerInfo (FollowerInfo.java:lambda$new$0(50)) - f7e24b40-db1f-4d13-973e-ab173e727c72->bd8ffccd-e3cb-4b22-95e6-c841533bad94: nextIndex: updateUnconditionally 0 -> 0
2019-06-12 21:44:38,969 WARN  server.GrpcLogAppender (LogUtils.java:warn(134)) - f7e24b40-db1f-4d13-973e-ab173e727c72: Failed appendEntries to 0af8d7ed-cdc3-4672-8dee-c2f2e92dcb16:192.168.19.17:36143: org.apache.ratis.thirdparty.io.grpc.StatusRuntimeException: UNAVAILABLE: io exception
2019-06-12 21:44:38,969 WARN  server.GrpcLogAppender (LogUtils.java:warn(134)) - f7e24b40-db1f-4d13-973e-ab173e727c72: Failed appendEntries to bd8ffccd-e3cb-4b22-95e6-c841533bad94:192.168.19.17:35697: org.apache.ratis.thirdparty.io.grpc.StatusRuntimeException: UNAVAILABLE: io exception
2019-06-12 21:44:38,970 INFO  impl.FollowerInfo (FollowerInfo.java:lambda$new$0(50)) - f7e24b40-db1f-4d13-973e-ab173e727c72->0af8d7ed-cdc3-4672-8dee-c2f2e92dcb16: nextIndex: updateUnconditionally 0 -> 0
2019-06-12 21:44:38,970 INFO  impl.FollowerInfo (FollowerInfo.java:lambda$new$0(50)) - f7e24b40-db1f-4d13-973e-ab173e727c72->bd8ffccd-e3cb-4b22-95e6-c841533bad94: nextIndex: updateUnconditionally 0 -> 0
2019-06-12 21:44:39,470 WARN  server.GrpcLogAppender (LogUtils.java:warn(134)) - f7e24b40-db1f-4d13-973e-ab173e727c72: Failed appendEntries to bd8ffccd-e3cb-4b22-95e6-c841533bad94:192.168.19.17:35697: org.apache.ratis.thirdparty.io.grpc.StatusRuntimeException: UNAVAILABLE: io exception
2019-06-12 21:44:39,470 INFO  impl.FollowerInfo (FollowerInfo.java:lambda$new$0(50)) - f7e24b40-db1f-4d13-973e-ab173e727c72->bd8ffccd-e3cb-4b22-95e6-c841533bad94: nextIndex: updateUnconditionally 0 -> 0
2019-06-12 21:44:39,470 WARN  server.GrpcLogAppender (LogUtils.java:warn(134)) - f7e24b40-db1f-4d13-973e-ab173e727c72: Failed appendEntries to 0af8d7ed-cdc3-4672-8dee-c2f2e92dcb16:192.168.19.17:36143: org.apache.ratis.thirdparty.io.grpc.StatusRuntimeException: UNAVAILABLE: io exception
2019-06-12 21:44:39,471 INFO  impl.FollowerInfo (FollowerInfo.java:lambda$new$0(50)) - f7e24b40-db1f-4d13-973e-ab173e727c72->0af8d7ed-cdc3-4672-8dee-c2f2e92dcb16: nextIndex: updateUnconditionally 0 -> 0
2019-06-12 21:44:39,971 WARN  server.GrpcLogAppender (LogUtils.java:warn(134)) - f7e24b40-db1f-4d13-973e-ab173e727c72: Failed appendEntries to bd8ffccd-e3cb-4b22-95e6-c841533bad94:192.168.19.17:35697: org.apache.ratis.thirdparty.io.grpc.StatusRuntimeException: UNAVAILABLE: io exception
2019-06-12 21:44:39,971 WARN  server.GrpcLogAppender (LogUtils.java:warn(134)) - f7e24b40-db1f-4d13-973e-ab173e727c72: Failed appendEntries to 0af8d7ed-cdc3-4672-8dee-c2f2e92dcb16:192.168.19.17:36143: org.apache.ratis.thirdparty.io.grpc.StatusRuntimeException: UNAVAILABLE: io exception
2019-06-12 21:44:39,971 INFO  impl.FollowerInfo (FollowerInfo.java:lambda$new$0(50)) - f7e24b40-db1f-4d13-973e-ab173e727c72->bd8ffccd-e3cb-4b22-95e6-c841533bad94: nextIndex: updateUnconditionally 0 -> 0
2019-06-12 21:44:39,971 INFO  impl.FollowerInfo (FollowerInfo.java:lambda$new$0(50)) - f7e24b40-db1f-4d13-973e-ab173e727c72->0af8d7ed-cdc3-4672-8dee-c2f2e92dcb16: nextIndex: updateUnconditionally 0 -> 0
2019-06-12 21:44:40,077 WARN  scm.XceiverClientRatis (XceiverClientRatis.java:watchForCommit(260)) - 3 way commit failed 
java.util.concurrent.TimeoutException
	at java.util.concurrent.CompletableFuture.timedGet(CompletableFuture.java:1771)
	at java.util.concurrent.CompletableFuture.get(CompletableFuture.java:1915)
	at org.apache.hadoop.hdds.scm.XceiverClientRatis.watchForCommit(XceiverClientRatis.java:257)
	at org.apache.hadoop.ozone.client.rpc.TestWatchForCommit.testWatchForCommitForRetryfailure(TestWatchForCommit.java:347)
	at sun.reflect.NativeMethodAccessorImpl.invoke0(Native Method)
	at sun.reflect.NativeMethodAccessorImpl.invoke(NativeMethodAccessorImpl.java:62)
	at sun.reflect.DelegatingMethodAccessorImpl.invoke(DelegatingMethodAccessorImpl.java:43)
	at java.lang.reflect.Method.invoke(Method.java:498)
	at org.junit.runners.model.FrameworkMethod$1.runReflectiveCall(FrameworkMethod.java:47)
	at org.junit.internal.runners.model.ReflectiveCallable.run(ReflectiveCallable.java:12)
	at org.junit.runners.model.FrameworkMethod.invokeExplosively(FrameworkMethod.java:44)
	at org.junit.internal.runners.statements.InvokeMethod.evaluate(InvokeMethod.java:17)
	at org.junit.runners.ParentRunner.runLeaf(ParentRunner.java:271)
	at org.junit.runners.BlockJUnit4ClassRunner.runChild(BlockJUnit4ClassRunner.java:70)
	at org.junit.runners.BlockJUnit4ClassRunner.runChild(BlockJUnit4ClassRunner.java:50)
	at org.junit.runners.ParentRunner$3.run(ParentRunner.java:238)
	at org.junit.runners.ParentRunner$1.schedule(ParentRunner.java:63)
	at org.junit.runners.ParentRunner.runChildren(ParentRunner.java:236)
	at org.junit.runners.ParentRunner.access$000(ParentRunner.java:53)
	at org.junit.runners.ParentRunner$2.evaluate(ParentRunner.java:229)
	at org.junit.runners.ParentRunner.run(ParentRunner.java:309)
	at org.apache.maven.surefire.junit4.JUnit4Provider.execute(JUnit4Provider.java:365)
	at org.apache.maven.surefire.junit4.JUnit4Provider.executeWithRerun(JUnit4Provider.java:273)
	at org.apache.maven.surefire.junit4.JUnit4Provider.executeTestSet(JUnit4Provider.java:238)
	at org.apache.maven.surefire.junit4.JUnit4Provider.invoke(JUnit4Provider.java:159)
	at org.apache.maven.surefire.booter.ForkedBooter.invokeProviderInSameClassLoader(ForkedBooter.java:384)
	at org.apache.maven.surefire.booter.ForkedBooter.runSuitesInProcess(ForkedBooter.java:345)
	at org.apache.maven.surefire.booter.ForkedBooter.execute(ForkedBooter.java:126)
	at org.apache.maven.surefire.booter.ForkedBooter.main(ForkedBooter.java:418)
2019-06-12 21:44:40,472 WARN  server.GrpcLogAppender (LogUtils.java:warn(134)) - f7e24b40-db1f-4d13-973e-ab173e727c72: Failed appendEntries to 0af8d7ed-cdc3-4672-8dee-c2f2e92dcb16:192.168.19.17:36143: org.apache.ratis.thirdparty.io.grpc.StatusRuntimeException: UNAVAILABLE: io exception
2019-06-12 21:44:40,472 WARN  server.GrpcLogAppender (LogUtils.java:warn(134)) - f7e24b40-db1f-4d13-973e-ab173e727c72: Failed appendEntries to bd8ffccd-e3cb-4b22-95e6-c841533bad94:192.168.19.17:35697: org.apache.ratis.thirdparty.io.grpc.StatusRuntimeException: UNAVAILABLE: io exception
2019-06-12 21:44:40,472 INFO  impl.FollowerInfo (FollowerInfo.java:lambda$new$0(50)) - f7e24b40-db1f-4d13-973e-ab173e727c72->0af8d7ed-cdc3-4672-8dee-c2f2e92dcb16: nextIndex: updateUnconditionally 0 -> 0
2019-06-12 21:44:40,472 INFO  impl.FollowerInfo (FollowerInfo.java:lambda$new$0(50)) - f7e24b40-db1f-4d13-973e-ab173e727c72->bd8ffccd-e3cb-4b22-95e6-c841533bad94: nextIndex: updateUnconditionally 0 -> 0
2019-06-12 21:44:40,582 INFO  client.GrpcClientProtocolService (GrpcClientProtocolService.java:lambda$processClientRequest$0(264)) - Failed RaftClientRequest:client-7AFE53D00D45->f7e24b40-db1f-4d13-973e-ab173e727c72@group-EFCCD525F1EC, cid=67, seq=0, Watch-ALL_COMMITTED(2), Message:<EMPTY>, reply=RaftClientReply:client-7AFE53D00D45->f7e24b40-db1f-4d13-973e-ab173e727c72@group-EFCCD525F1EC, cid=67, FAILED org.apache.ratis.protocol.NotReplicatedException: Request with call Id 67 and log index 2 is not yet replicated to ALL_COMMITTED, logIndex=2, commits[f7e24b40-db1f-4d13-973e-ab173e727c72:c2, bd8ffccd-e3cb-4b22-95e6-c841533bad94:c1, 0af8d7ed-cdc3-4672-8dee-c2f2e92dcb16:c1]
2019-06-12 21:44:40,972 WARN  server.GrpcLogAppender (LogUtils.java:warn(134)) - f7e24b40-db1f-4d13-973e-ab173e727c72: Failed appendEntries to 0af8d7ed-cdc3-4672-8dee-c2f2e92dcb16:192.168.19.17:36143: org.apache.ratis.thirdparty.io.grpc.StatusRuntimeException: UNAVAILABLE: io exception
2019-06-12 21:44:40,972 INFO  impl.FollowerInfo (FollowerInfo.java:lambda$new$0(50)) - f7e24b40-db1f-4d13-973e-ab173e727c72->0af8d7ed-cdc3-4672-8dee-c2f2e92dcb16: nextIndex: updateUnconditionally 0 -> 0
2019-06-12 21:44:40,972 WARN  server.GrpcLogAppender (LogUtils.java:warn(134)) - f7e24b40-db1f-4d13-973e-ab173e727c72: Failed appendEntries to bd8ffccd-e3cb-4b22-95e6-c841533bad94:192.168.19.17:35697: org.apache.ratis.thirdparty.io.grpc.StatusRuntimeException: UNAVAILABLE: io exception
2019-06-12 21:44:40,975 INFO  impl.FollowerInfo (FollowerInfo.java:lambda$new$0(50)) - f7e24b40-db1f-4d13-973e-ab173e727c72->bd8ffccd-e3cb-4b22-95e6-c841533bad94: nextIndex: updateUnconditionally 0 -> 0
2019-06-12 21:44:41,472 WARN  server.GrpcLogAppender (LogUtils.java:warn(134)) - f7e24b40-db1f-4d13-973e-ab173e727c72: Failed appendEntries to bd8ffccd-e3cb-4b22-95e6-c841533bad94:192.168.19.17:35697: org.apache.ratis.thirdparty.io.grpc.StatusRuntimeException: UNAVAILABLE: io exception
2019-06-12 21:44:41,472 WARN  server.GrpcLogAppender (LogUtils.java:warn(134)) - f7e24b40-db1f-4d13-973e-ab173e727c72: Failed appendEntries to 0af8d7ed-cdc3-4672-8dee-c2f2e92dcb16:192.168.19.17:36143: org.apache.ratis.thirdparty.io.grpc.StatusRuntimeException: UNAVAILABLE: io exception
2019-06-12 21:44:41,473 INFO  impl.FollowerInfo (FollowerInfo.java:lambda$new$0(50)) - f7e24b40-db1f-4d13-973e-ab173e727c72->0af8d7ed-cdc3-4672-8dee-c2f2e92dcb16: nextIndex: updateUnconditionally 0 -> 0
2019-06-12 21:44:41,473 INFO  impl.FollowerInfo (FollowerInfo.java:lambda$new$0(50)) - f7e24b40-db1f-4d13-973e-ab173e727c72->bd8ffccd-e3cb-4b22-95e6-c841533bad94: nextIndex: updateUnconditionally 0 -> 0
2019-06-12 21:44:41,973 WARN  server.GrpcLogAppender (LogUtils.java:warn(134)) - f7e24b40-db1f-4d13-973e-ab173e727c72: Failed appendEntries to 0af8d7ed-cdc3-4672-8dee-c2f2e92dcb16:192.168.19.17:36143: org.apache.ratis.thirdparty.io.grpc.StatusRuntimeException: UNAVAILABLE: io exception
2019-06-12 21:44:41,973 WARN  server.GrpcLogAppender (LogUtils.java:warn(134)) - f7e24b40-db1f-4d13-973e-ab173e727c72: Failed appendEntries to bd8ffccd-e3cb-4b22-95e6-c841533bad94:192.168.19.17:35697: org.apache.ratis.thirdparty.io.grpc.StatusRuntimeException: UNAVAILABLE: io exception
2019-06-12 21:44:41,973 INFO  impl.FollowerInfo (FollowerInfo.java:lambda$new$0(50)) - f7e24b40-db1f-4d13-973e-ab173e727c72->0af8d7ed-cdc3-4672-8dee-c2f2e92dcb16: nextIndex: updateUnconditionally 0 -> 0
2019-06-12 21:44:41,974 INFO  impl.FollowerInfo (FollowerInfo.java:lambda$new$0(50)) - f7e24b40-db1f-4d13-973e-ab173e727c72->bd8ffccd-e3cb-4b22-95e6-c841533bad94: nextIndex: updateUnconditionally 0 -> 0
2019-06-12 21:44:42,474 WARN  server.GrpcLogAppender (LogUtils.java:warn(134)) - f7e24b40-db1f-4d13-973e-ab173e727c72: Failed appendEntries to bd8ffccd-e3cb-4b22-95e6-c841533bad94:192.168.19.17:35697: org.apache.ratis.thirdparty.io.grpc.StatusRuntimeException: UNAVAILABLE: io exception
2019-06-12 21:44:42,474 WARN  server.GrpcLogAppender (LogUtils.java:warn(134)) - f7e24b40-db1f-4d13-973e-ab173e727c72: Failed appendEntries to 0af8d7ed-cdc3-4672-8dee-c2f2e92dcb16:192.168.19.17:36143: org.apache.ratis.thirdparty.io.grpc.StatusRuntimeException: UNAVAILABLE: io exception
2019-06-12 21:44:42,474 INFO  impl.FollowerInfo (FollowerInfo.java:lambda$new$0(50)) - f7e24b40-db1f-4d13-973e-ab173e727c72->bd8ffccd-e3cb-4b22-95e6-c841533bad94: nextIndex: updateUnconditionally 0 -> 0
2019-06-12 21:44:42,474 INFO  impl.FollowerInfo (FollowerInfo.java:lambda$new$0(50)) - f7e24b40-db1f-4d13-973e-ab173e727c72->0af8d7ed-cdc3-4672-8dee-c2f2e92dcb16: nextIndex: updateUnconditionally 0 -> 0
2019-06-12 21:44:42,974 WARN  server.GrpcLogAppender (LogUtils.java:warn(134)) - f7e24b40-db1f-4d13-973e-ab173e727c72: Failed appendEntries to 0af8d7ed-cdc3-4672-8dee-c2f2e92dcb16:192.168.19.17:36143: org.apache.ratis.thirdparty.io.grpc.StatusRuntimeException: UNAVAILABLE: io exception
2019-06-12 21:44:42,975 INFO  impl.FollowerInfo (FollowerInfo.java:lambda$new$0(50)) - f7e24b40-db1f-4d13-973e-ab173e727c72->0af8d7ed-cdc3-4672-8dee-c2f2e92dcb16: nextIndex: updateUnconditionally 0 -> 0
2019-06-12 21:44:42,974 WARN  server.GrpcLogAppender (LogUtils.java:warn(134)) - f7e24b40-db1f-4d13-973e-ab173e727c72: Failed appendEntries to bd8ffccd-e3cb-4b22-95e6-c841533bad94:192.168.19.17:35697: org.apache.ratis.thirdparty.io.grpc.StatusRuntimeException: UNAVAILABLE: io exception
2019-06-12 21:44:42,975 INFO  impl.FollowerInfo (FollowerInfo.java:lambda$new$0(50)) - f7e24b40-db1f-4d13-973e-ab173e727c72->bd8ffccd-e3cb-4b22-95e6-c841533bad94: nextIndex: updateUnconditionally 0 -> 0
2019-06-12 21:44:43,475 WARN  server.GrpcLogAppender (LogUtils.java:warn(134)) - f7e24b40-db1f-4d13-973e-ab173e727c72: Failed appendEntries to bd8ffccd-e3cb-4b22-95e6-c841533bad94:192.168.19.17:35697: org.apache.ratis.thirdparty.io.grpc.StatusRuntimeException: UNAVAILABLE: io exception
2019-06-12 21:44:43,475 WARN  server.GrpcLogAppender (LogUtils.java:warn(134)) - f7e24b40-db1f-4d13-973e-ab173e727c72: Failed appendEntries to 0af8d7ed-cdc3-4672-8dee-c2f2e92dcb16:192.168.19.17:36143: org.apache.ratis.thirdparty.io.grpc.StatusRuntimeException: UNAVAILABLE: io exception
2019-06-12 21:44:43,475 INFO  impl.FollowerInfo (FollowerInfo.java:lambda$new$0(50)) - f7e24b40-db1f-4d13-973e-ab173e727c72->bd8ffccd-e3cb-4b22-95e6-c841533bad94: nextIndex: updateUnconditionally 0 -> 0
2019-06-12 21:44:43,475 INFO  impl.FollowerInfo (FollowerInfo.java:lambda$new$0(50)) - f7e24b40-db1f-4d13-973e-ab173e727c72->0af8d7ed-cdc3-4672-8dee-c2f2e92dcb16: nextIndex: updateUnconditionally 0 -> 0
2019-06-12 21:44:43,976 WARN  server.GrpcLogAppender (LogUtils.java:warn(134)) - f7e24b40-db1f-4d13-973e-ab173e727c72: Failed appendEntries to 0af8d7ed-cdc3-4672-8dee-c2f2e92dcb16:192.168.19.17:36143: org.apache.ratis.thirdparty.io.grpc.StatusRuntimeException: UNAVAILABLE: io exception
2019-06-12 21:44:43,976 INFO  impl.FollowerInfo (FollowerInfo.java:lambda$new$0(50)) - f7e24b40-db1f-4d13-973e-ab173e727c72->0af8d7ed-cdc3-4672-8dee-c2f2e92dcb16: nextIndex: updateUnconditionally 0 -> 0
2019-06-12 21:44:43,976 WARN  server.GrpcLogAppender (LogUtils.java:warn(134)) - f7e24b40-db1f-4d13-973e-ab173e727c72: Failed appendEntries to bd8ffccd-e3cb-4b22-95e6-c841533bad94:192.168.19.17:35697: org.apache.ratis.thirdparty.io.grpc.StatusRuntimeException: UNAVAILABLE: io exception
2019-06-12 21:44:43,976 INFO  impl.FollowerInfo (FollowerInfo.java:lambda$new$0(50)) - f7e24b40-db1f-4d13-973e-ab173e727c72->bd8ffccd-e3cb-4b22-95e6-c841533bad94: nextIndex: updateUnconditionally 0 -> 0
2019-06-12 21:44:44,476 WARN  server.GrpcLogAppender (LogUtils.java:warn(134)) - f7e24b40-db1f-4d13-973e-ab173e727c72: Failed appendEntries to bd8ffccd-e3cb-4b22-95e6-c841533bad94:192.168.19.17:35697: org.apache.ratis.thirdparty.io.grpc.StatusRuntimeException: UNAVAILABLE: io exception
2019-06-12 21:44:44,476 INFO  impl.FollowerInfo (FollowerInfo.java:lambda$new$0(50)) - f7e24b40-db1f-4d13-973e-ab173e727c72->bd8ffccd-e3cb-4b22-95e6-c841533bad94: nextIndex: updateUnconditionally 0 -> 0
2019-06-12 21:44:44,476 WARN  server.GrpcLogAppender (LogUtils.java:warn(134)) - f7e24b40-db1f-4d13-973e-ab173e727c72: Failed appendEntries to 0af8d7ed-cdc3-4672-8dee-c2f2e92dcb16:192.168.19.17:36143: org.apache.ratis.thirdparty.io.grpc.StatusRuntimeException: UNAVAILABLE: io exception
2019-06-12 21:44:44,477 INFO  impl.FollowerInfo (FollowerInfo.java:lambda$new$0(50)) - f7e24b40-db1f-4d13-973e-ab173e727c72->0af8d7ed-cdc3-4672-8dee-c2f2e92dcb16: nextIndex: updateUnconditionally 0 -> 0
2019-06-12 21:44:44,977 WARN  server.GrpcLogAppender (LogUtils.java:warn(134)) - f7e24b40-db1f-4d13-973e-ab173e727c72: Failed appendEntries to 0af8d7ed-cdc3-4672-8dee-c2f2e92dcb16:192.168.19.17:36143: org.apache.ratis.thirdparty.io.grpc.StatusRuntimeException: UNAVAILABLE: io exception
2019-06-12 21:44:44,977 INFO  impl.FollowerInfo (FollowerInfo.java:lambda$new$0(50)) - f7e24b40-db1f-4d13-973e-ab173e727c72->0af8d7ed-cdc3-4672-8dee-c2f2e92dcb16: nextIndex: updateUnconditionally 0 -> 0
2019-06-12 21:44:44,980 WARN  server.GrpcLogAppender (LogUtils.java:warn(134)) - f7e24b40-db1f-4d13-973e-ab173e727c72: Failed appendEntries to bd8ffccd-e3cb-4b22-95e6-c841533bad94:192.168.19.17:35697: org.apache.ratis.thirdparty.io.grpc.StatusRuntimeException: UNAVAILABLE: io exception
2019-06-12 21:44:44,980 INFO  impl.FollowerInfo (FollowerInfo.java:lambda$new$0(50)) - f7e24b40-db1f-4d13-973e-ab173e727c72->bd8ffccd-e3cb-4b22-95e6-c841533bad94: nextIndex: updateUnconditionally 0 -> 0
2019-06-12 21:44:45,477 WARN  server.GrpcLogAppender (LogUtils.java:warn(134)) - f7e24b40-db1f-4d13-973e-ab173e727c72: Failed appendEntries to bd8ffccd-e3cb-4b22-95e6-c841533bad94:192.168.19.17:35697: org.apache.ratis.thirdparty.io.grpc.StatusRuntimeException: UNAVAILABLE: io exception
2019-06-12 21:44:45,477 INFO  impl.FollowerInfo (FollowerInfo.java:lambda$new$0(50)) - f7e24b40-db1f-4d13-973e-ab173e727c72->bd8ffccd-e3cb-4b22-95e6-c841533bad94: nextIndex: updateUnconditionally 0 -> 0
2019-06-12 21:44:45,477 WARN  server.GrpcLogAppender (LogUtils.java:warn(134)) - f7e24b40-db1f-4d13-973e-ab173e727c72: Failed appendEntries to 0af8d7ed-cdc3-4672-8dee-c2f2e92dcb16:192.168.19.17:36143: org.apache.ratis.thirdparty.io.grpc.StatusRuntimeException: UNAVAILABLE: io exception
2019-06-12 21:44:45,478 INFO  impl.FollowerInfo (FollowerInfo.java:lambda$new$0(50)) - f7e24b40-db1f-4d13-973e-ab173e727c72->0af8d7ed-cdc3-4672-8dee-c2f2e92dcb16: nextIndex: updateUnconditionally 0 -> 0
2019-06-12 21:44:45,979 WARN  server.GrpcLogAppender (LogUtils.java:warn(134)) - f7e24b40-db1f-4d13-973e-ab173e727c72: Failed appendEntries to bd8ffccd-e3cb-4b22-95e6-c841533bad94:192.168.19.17:35697: org.apache.ratis.thirdparty.io.grpc.StatusRuntimeException: UNAVAILABLE: io exception
2019-06-12 21:44:45,979 WARN  server.GrpcLogAppender (LogUtils.java:warn(134)) - f7e24b40-db1f-4d13-973e-ab173e727c72: Failed appendEntries to 0af8d7ed-cdc3-4672-8dee-c2f2e92dcb16:192.168.19.17:36143: org.apache.ratis.thirdparty.io.grpc.StatusRuntimeException: UNAVAILABLE: io exception
2019-06-12 21:44:45,979 INFO  impl.FollowerInfo (FollowerInfo.java:lambda$new$0(50)) - f7e24b40-db1f-4d13-973e-ab173e727c72->bd8ffccd-e3cb-4b22-95e6-c841533bad94: nextIndex: updateUnconditionally 0 -> 0
2019-06-12 21:44:45,979 INFO  impl.FollowerInfo (FollowerInfo.java:lambda$new$0(50)) - f7e24b40-db1f-4d13-973e-ab173e727c72->0af8d7ed-cdc3-4672-8dee-c2f2e92dcb16: nextIndex: updateUnconditionally 0 -> 0
2019-06-12 21:44:46,478 WARN  server.GrpcLogAppender (LogUtils.java:warn(134)) - f7e24b40-db1f-4d13-973e-ab173e727c72: Failed appendEntries to 0af8d7ed-cdc3-4672-8dee-c2f2e92dcb16:192.168.19.17:36143: org.apache.ratis.thirdparty.io.grpc.StatusRuntimeException: UNAVAILABLE: io exception
2019-06-12 21:44:46,478 INFO  impl.FollowerInfo (FollowerInfo.java:lambda$new$0(50)) - f7e24b40-db1f-4d13-973e-ab173e727c72->0af8d7ed-cdc3-4672-8dee-c2f2e92dcb16: nextIndex: updateUnconditionally 0 -> 0
2019-06-12 21:44:46,478 WARN  server.GrpcLogAppender (LogUtils.java:warn(134)) - f7e24b40-db1f-4d13-973e-ab173e727c72: Failed appendEntries to bd8ffccd-e3cb-4b22-95e6-c841533bad94:192.168.19.17:35697: org.apache.ratis.thirdparty.io.grpc.StatusRuntimeException: UNAVAILABLE: io exception
2019-06-12 21:44:46,479 INFO  impl.FollowerInfo (FollowerInfo.java:lambda$new$0(50)) - f7e24b40-db1f-4d13-973e-ab173e727c72->bd8ffccd-e3cb-4b22-95e6-c841533bad94: nextIndex: updateUnconditionally 0 -> 0
2019-06-12 21:44:46,978 WARN  server.GrpcLogAppender (LogUtils.java:warn(134)) - f7e24b40-db1f-4d13-973e-ab173e727c72: Failed appendEntries to 0af8d7ed-cdc3-4672-8dee-c2f2e92dcb16:192.168.19.17:36143: org.apache.ratis.thirdparty.io.grpc.StatusRuntimeException: UNAVAILABLE: io exception
2019-06-12 21:44:46,978 WARN  server.GrpcLogAppender (LogUtils.java:warn(134)) - f7e24b40-db1f-4d13-973e-ab173e727c72: Failed appendEntries to bd8ffccd-e3cb-4b22-95e6-c841533bad94:192.168.19.17:35697: org.apache.ratis.thirdparty.io.grpc.StatusRuntimeException: UNAVAILABLE: io exception
2019-06-12 21:44:46,979 INFO  impl.FollowerInfo (FollowerInfo.java:lambda$new$0(50)) - f7e24b40-db1f-4d13-973e-ab173e727c72->0af8d7ed-cdc3-4672-8dee-c2f2e92dcb16: nextIndex: updateUnconditionally 0 -> 0
2019-06-12 21:44:46,979 INFO  impl.FollowerInfo (FollowerInfo.java:lambda$new$0(50)) - f7e24b40-db1f-4d13-973e-ab173e727c72->bd8ffccd-e3cb-4b22-95e6-c841533bad94: nextIndex: updateUnconditionally 0 -> 0
2019-06-12 21:44:47,479 WARN  server.GrpcLogAppender (LogUtils.java:warn(134)) - f7e24b40-db1f-4d13-973e-ab173e727c72: Failed appendEntries to 0af8d7ed-cdc3-4672-8dee-c2f2e92dcb16:192.168.19.17:36143: org.apache.ratis.thirdparty.io.grpc.StatusRuntimeException: UNAVAILABLE: io exception
2019-06-12 21:44:47,479 INFO  impl.FollowerInfo (FollowerInfo.java:lambda$new$0(50)) - f7e24b40-db1f-4d13-973e-ab173e727c72->0af8d7ed-cdc3-4672-8dee-c2f2e92dcb16: nextIndex: updateUnconditionally 0 -> 0
2019-06-12 21:44:47,481 WARN  server.GrpcLogAppender (LogUtils.java:warn(134)) - f7e24b40-db1f-4d13-973e-ab173e727c72: Failed appendEntries to bd8ffccd-e3cb-4b22-95e6-c841533bad94:192.168.19.17:35697: org.apache.ratis.thirdparty.io.grpc.StatusRuntimeException: UNAVAILABLE: io exception
2019-06-12 21:44:47,482 INFO  impl.FollowerInfo (FollowerInfo.java:lambda$new$0(50)) - f7e24b40-db1f-4d13-973e-ab173e727c72->bd8ffccd-e3cb-4b22-95e6-c841533bad94: nextIndex: updateUnconditionally 0 -> 0
2019-06-12 21:44:47,582 INFO  client.GrpcClientProtocolService (GrpcClientProtocolService.java:lambda$processClientRequest$0(264)) - Failed RaftClientRequest:client-7AFE53D00D45->f7e24b40-db1f-4d13-973e-ab173e727c72@group-EFCCD525F1EC, cid=67, seq=0, Watch-ALL_COMMITTED(2), Message:<EMPTY>, reply=RaftClientReply:client-7AFE53D00D45->f7e24b40-db1f-4d13-973e-ab173e727c72@group-EFCCD525F1EC, cid=67, FAILED org.apache.ratis.protocol.NotReplicatedException: Request with call Id 67 and log index 2 is not yet replicated to ALL_COMMITTED, logIndex=2, commits[f7e24b40-db1f-4d13-973e-ab173e727c72:c2, bd8ffccd-e3cb-4b22-95e6-c841533bad94:c1, 0af8d7ed-cdc3-4672-8dee-c2f2e92dcb16:c1]
2019-06-12 21:44:47,979 WARN  server.GrpcLogAppender (LogUtils.java:warn(134)) - f7e24b40-db1f-4d13-973e-ab173e727c72: Failed appendEntries to 0af8d7ed-cdc3-4672-8dee-c2f2e92dcb16:192.168.19.17:36143: org.apache.ratis.thirdparty.io.grpc.StatusRuntimeException: UNAVAILABLE: io exception
2019-06-12 21:44:47,980 INFO  impl.FollowerInfo (FollowerInfo.java:lambda$new$0(50)) - f7e24b40-db1f-4d13-973e-ab173e727c72->0af8d7ed-cdc3-4672-8dee-c2f2e92dcb16: nextIndex: updateUnconditionally 0 -> 0
2019-06-12 21:44:47,982 WARN  server.GrpcLogAppender (LogUtils.java:warn(134)) - f7e24b40-db1f-4d13-973e-ab173e727c72: Failed appendEntries to bd8ffccd-e3cb-4b22-95e6-c841533bad94:192.168.19.17:35697: org.apache.ratis.thirdparty.io.grpc.StatusRuntimeException: UNAVAILABLE: io exception
2019-06-12 21:44:47,982 INFO  impl.FollowerInfo (FollowerInfo.java:lambda$new$0(50)) - f7e24b40-db1f-4d13-973e-ab173e727c72->bd8ffccd-e3cb-4b22-95e6-c841533bad94: nextIndex: updateUnconditionally 0 -> 0
2019-06-12 21:44:48,480 WARN  server.GrpcLogAppender (LogUtils.java:warn(134)) - f7e24b40-db1f-4d13-973e-ab173e727c72: Failed appendEntries to bd8ffccd-e3cb-4b22-95e6-c841533bad94:192.168.19.17:35697: org.apache.ratis.thirdparty.io.grpc.StatusRuntimeException: UNAVAILABLE: io exception
2019-06-12 21:44:48,480 WARN  server.GrpcLogAppender (LogUtils.java:warn(134)) - f7e24b40-db1f-4d13-973e-ab173e727c72: Failed appendEntries to 0af8d7ed-cdc3-4672-8dee-c2f2e92dcb16:192.168.19.17:36143: org.apache.ratis.thirdparty.io.grpc.StatusRuntimeException: UNAVAILABLE: io exception
2019-06-12 21:44:48,482 INFO  impl.FollowerInfo (FollowerInfo.java:lambda$new$0(50)) - f7e24b40-db1f-4d13-973e-ab173e727c72->bd8ffccd-e3cb-4b22-95e6-c841533bad94: nextIndex: updateUnconditionally 0 -> 0
2019-06-12 21:44:48,482 INFO  impl.FollowerInfo (FollowerInfo.java:lambda$new$0(50)) - f7e24b40-db1f-4d13-973e-ab173e727c72->0af8d7ed-cdc3-4672-8dee-c2f2e92dcb16: nextIndex: updateUnconditionally 0 -> 0
2019-06-12 21:44:48,980 WARN  server.GrpcLogAppender (LogUtils.java:warn(134)) - f7e24b40-db1f-4d13-973e-ab173e727c72: Failed appendEntries to bd8ffccd-e3cb-4b22-95e6-c841533bad94:192.168.19.17:35697: org.apache.ratis.thirdparty.io.grpc.StatusRuntimeException: UNAVAILABLE: io exception
2019-06-12 21:44:48,980 WARN  server.GrpcLogAppender (LogUtils.java:warn(134)) - f7e24b40-db1f-4d13-973e-ab173e727c72: Failed appendEntries to 0af8d7ed-cdc3-4672-8dee-c2f2e92dcb16:192.168.19.17:36143: org.apache.ratis.thirdparty.io.grpc.StatusRuntimeException: UNAVAILABLE: io exception
2019-06-12 21:44:48,980 INFO  impl.FollowerInfo (FollowerInfo.java:lambda$new$0(50)) - f7e24b40-db1f-4d13-973e-ab173e727c72->0af8d7ed-cdc3-4672-8dee-c2f2e92dcb16: nextIndex: updateUnconditionally 0 -> 0
2019-06-12 21:44:48,980 INFO  impl.FollowerInfo (FollowerInfo.java:lambda$new$0(50)) - f7e24b40-db1f-4d13-973e-ab173e727c72->bd8ffccd-e3cb-4b22-95e6-c841533bad94: nextIndex: updateUnconditionally 0 -> 0
2019-06-12 21:44:49,480 WARN  server.GrpcLogAppender (LogUtils.java:warn(134)) - f7e24b40-db1f-4d13-973e-ab173e727c72: Failed appendEntries to bd8ffccd-e3cb-4b22-95e6-c841533bad94:192.168.19.17:35697: org.apache.ratis.thirdparty.io.grpc.StatusRuntimeException: UNAVAILABLE: io exception
2019-06-12 21:44:49,481 INFO  impl.FollowerInfo (FollowerInfo.java:lambda$new$0(50)) - f7e24b40-db1f-4d13-973e-ab173e727c72->bd8ffccd-e3cb-4b22-95e6-c841533bad94: nextIndex: updateUnconditionally 0 -> 0
2019-06-12 21:44:49,481 WARN  server.GrpcLogAppender (LogUtils.java:warn(134)) - f7e24b40-db1f-4d13-973e-ab173e727c72: Failed appendEntries to 0af8d7ed-cdc3-4672-8dee-c2f2e92dcb16:192.168.19.17:36143: org.apache.ratis.thirdparty.io.grpc.StatusRuntimeException: UNAVAILABLE: io exception
2019-06-12 21:44:49,481 INFO  impl.FollowerInfo (FollowerInfo.java:lambda$new$0(50)) - f7e24b40-db1f-4d13-973e-ab173e727c72->0af8d7ed-cdc3-4672-8dee-c2f2e92dcb16: nextIndex: updateUnconditionally 0 -> 0
2019-06-12 21:44:49,981 WARN  server.GrpcLogAppender (LogUtils.java:warn(134)) - f7e24b40-db1f-4d13-973e-ab173e727c72: Failed appendEntries to bd8ffccd-e3cb-4b22-95e6-c841533bad94:192.168.19.17:35697: org.apache.ratis.thirdparty.io.grpc.StatusRuntimeException: UNAVAILABLE: io exception
2019-06-12 21:44:49,981 WARN  server.GrpcLogAppender (LogUtils.java:warn(134)) - f7e24b40-db1f-4d13-973e-ab173e727c72: Failed appendEntries to 0af8d7ed-cdc3-4672-8dee-c2f2e92dcb16:192.168.19.17:36143: org.apache.ratis.thirdparty.io.grpc.StatusRuntimeException: UNAVAILABLE: io exception
2019-06-12 21:44:49,981 INFO  impl.FollowerInfo (FollowerInfo.java:lambda$new$0(50)) - f7e24b40-db1f-4d13-973e-ab173e727c72->bd8ffccd-e3cb-4b22-95e6-c841533bad94: nextIndex: updateUnconditionally 0 -> 0
2019-06-12 21:44:49,981 INFO  impl.FollowerInfo (FollowerInfo.java:lambda$new$0(50)) - f7e24b40-db1f-4d13-973e-ab173e727c72->0af8d7ed-cdc3-4672-8dee-c2f2e92dcb16: nextIndex: updateUnconditionally 0 -> 0
2019-06-12 21:44:50,481 WARN  server.GrpcLogAppender (LogUtils.java:warn(134)) - f7e24b40-db1f-4d13-973e-ab173e727c72: Failed appendEntries to 0af8d7ed-cdc3-4672-8dee-c2f2e92dcb16:192.168.19.17:36143: org.apache.ratis.thirdparty.io.grpc.StatusRuntimeException: UNAVAILABLE: io exception
2019-06-12 21:44:50,482 INFO  impl.FollowerInfo (FollowerInfo.java:lambda$new$0(50)) - f7e24b40-db1f-4d13-973e-ab173e727c72->0af8d7ed-cdc3-4672-8dee-c2f2e92dcb16: nextIndex: updateUnconditionally 0 -> 0
2019-06-12 21:44:50,482 WARN  server.GrpcLogAppender (LogUtils.java:warn(134)) - f7e24b40-db1f-4d13-973e-ab173e727c72: Failed appendEntries to bd8ffccd-e3cb-4b22-95e6-c841533bad94:192.168.19.17:35697: org.apache.ratis.thirdparty.io.grpc.StatusRuntimeException: UNAVAILABLE: io exception
2019-06-12 21:44:50,482 INFO  impl.FollowerInfo (FollowerInfo.java:lambda$new$0(50)) - f7e24b40-db1f-4d13-973e-ab173e727c72->bd8ffccd-e3cb-4b22-95e6-c841533bad94: nextIndex: updateUnconditionally 0 -> 0
2019-06-12 21:44:50,582 INFO  client.GrpcClientProtocolService (GrpcClientProtocolService.java:lambda$processClientRequest$0(264)) - Failed RaftClientRequest:client-7AFE53D00D45->f7e24b40-db1f-4d13-973e-ab173e727c72@group-EFCCD525F1EC, cid=68, seq=0, Watch-MAJORITY_COMMITTED(2), Message:<EMPTY>, reply=RaftClientReply:client-7AFE53D00D45->f7e24b40-db1f-4d13-973e-ab173e727c72@group-EFCCD525F1EC, cid=68, FAILED org.apache.ratis.protocol.NotReplicatedException: Request with call Id 68 and log index 2 is not yet replicated to MAJORITY_COMMITTED, logIndex=2, commits[f7e24b40-db1f-4d13-973e-ab173e727c72:c2, bd8ffccd-e3cb-4b22-95e6-c841533bad94:c1, 0af8d7ed-cdc3-4672-8dee-c2f2e92dcb16:c1]
2019-06-12 21:44:50,982 WARN  server.GrpcLogAppender (LogUtils.java:warn(134)) - f7e24b40-db1f-4d13-973e-ab173e727c72: Failed appendEntries to bd8ffccd-e3cb-4b22-95e6-c841533bad94:192.168.19.17:35697: org.apache.ratis.thirdparty.io.grpc.StatusRuntimeException: UNAVAILABLE: io exception
2019-06-12 21:44:50,982 WARN  server.GrpcLogAppender (LogUtils.java:warn(134)) - f7e24b40-db1f-4d13-973e-ab173e727c72: Failed appendEntries to 0af8d7ed-cdc3-4672-8dee-c2f2e92dcb16:192.168.19.17:36143: org.apache.ratis.thirdparty.io.grpc.StatusRuntimeException: UNAVAILABLE: io exception
2019-06-12 21:44:50,982 INFO  impl.FollowerInfo (FollowerInfo.java:lambda$new$0(50)) - f7e24b40-db1f-4d13-973e-ab173e727c72->bd8ffccd-e3cb-4b22-95e6-c841533bad94: nextIndex: updateUnconditionally 0 -> 0
2019-06-12 21:44:50,985 INFO  impl.FollowerInfo (FollowerInfo.java:lambda$new$0(50)) - f7e24b40-db1f-4d13-973e-ab173e727c72->0af8d7ed-cdc3-4672-8dee-c2f2e92dcb16: nextIndex: updateUnconditionally 0 -> 0
2019-06-12 21:44:51,482 WARN  server.GrpcLogAppender (LogUtils.java:warn(134)) - f7e24b40-db1f-4d13-973e-ab173e727c72: Failed appendEntries to bd8ffccd-e3cb-4b22-95e6-c841533bad94:192.168.19.17:35697: org.apache.ratis.thirdparty.io.grpc.StatusRuntimeException: UNAVAILABLE: io exception
2019-06-12 21:44:51,483 INFO  impl.FollowerInfo (FollowerInfo.java:lambda$new$0(50)) - f7e24b40-db1f-4d13-973e-ab173e727c72->bd8ffccd-e3cb-4b22-95e6-c841533bad94: nextIndex: updateUnconditionally 0 -> 0
2019-06-12 21:44:51,483 WARN  server.GrpcLogAppender (LogUtils.java:warn(134)) - f7e24b40-db1f-4d13-973e-ab173e727c72: Failed appendEntries to 0af8d7ed-cdc3-4672-8dee-c2f2e92dcb16:192.168.19.17:36143: org.apache.ratis.thirdparty.io.grpc.StatusRuntimeException: UNAVAILABLE: io exception
2019-06-12 21:44:51,483 INFO  impl.FollowerInfo (FollowerInfo.java:lambda$new$0(50)) - f7e24b40-db1f-4d13-973e-ab173e727c72->0af8d7ed-cdc3-4672-8dee-c2f2e92dcb16: nextIndex: updateUnconditionally 0 -> 0
2019-06-12 21:44:51,584 INFO  client.GrpcClientProtocolService (GrpcClientProtocolService.java:lambda$processClientRequest$0(264)) - Failed RaftClientRequest:client-7AFE53D00D45->f7e24b40-db1f-4d13-973e-ab173e727c72@group-EFCCD525F1EC, cid=68, seq=0, Watch-MAJORITY_COMMITTED(2), Message:<EMPTY>, reply=RaftClientReply:client-7AFE53D00D45->f7e24b40-db1f-4d13-973e-ab173e727c72@group-EFCCD525F1EC, cid=68, FAILED org.apache.ratis.protocol.NotReplicatedException: Request with call Id 68 and log index 2 is not yet replicated to MAJORITY_COMMITTED, logIndex=2, commits[f7e24b40-db1f-4d13-973e-ab173e727c72:c2, bd8ffccd-e3cb-4b22-95e6-c841533bad94:c1, 0af8d7ed-cdc3-4672-8dee-c2f2e92dcb16:c1]
2019-06-12 21:44:51,983 WARN  server.GrpcLogAppender (LogUtils.java:warn(134)) - f7e24b40-db1f-4d13-973e-ab173e727c72: Failed appendEntries to 0af8d7ed-cdc3-4672-8dee-c2f2e92dcb16:192.168.19.17:36143: org.apache.ratis.thirdparty.io.grpc.StatusRuntimeException: UNAVAILABLE: io exception
2019-06-12 21:44:51,983 WARN  server.GrpcLogAppender (LogUtils.java:warn(134)) - f7e24b40-db1f-4d13-973e-ab173e727c72: Failed appendEntries to bd8ffccd-e3cb-4b22-95e6-c841533bad94:192.168.19.17:35697: org.apache.ratis.thirdparty.io.grpc.StatusRuntimeException: UNAVAILABLE: io exception
2019-06-12 21:44:51,985 INFO  impl.FollowerInfo (FollowerInfo.java:lambda$new$0(50)) - f7e24b40-db1f-4d13-973e-ab173e727c72->0af8d7ed-cdc3-4672-8dee-c2f2e92dcb16: nextIndex: updateUnconditionally 0 -> 0
2019-06-12 21:44:51,985 INFO  impl.FollowerInfo (FollowerInfo.java:lambda$new$0(50)) - f7e24b40-db1f-4d13-973e-ab173e727c72->bd8ffccd-e3cb-4b22-95e6-c841533bad94: nextIndex: updateUnconditionally 0 -> 0
2019-06-12 21:44:52,483 WARN  server.GrpcLogAppender (LogUtils.java:warn(134)) - f7e24b40-db1f-4d13-973e-ab173e727c72: Failed appendEntries to bd8ffccd-e3cb-4b22-95e6-c841533bad94:192.168.19.17:35697: org.apache.ratis.thirdparty.io.grpc.StatusRuntimeException: UNAVAILABLE: io exception
2019-06-12 21:44:52,484 INFO  impl.FollowerInfo (FollowerInfo.java:lambda$new$0(50)) - f7e24b40-db1f-4d13-973e-ab173e727c72->bd8ffccd-e3cb-4b22-95e6-c841533bad94: nextIndex: updateUnconditionally 0 -> 0
2019-06-12 21:44:52,484 WARN  server.GrpcLogAppender (LogUtils.java:warn(134)) - f7e24b40-db1f-4d13-973e-ab173e727c72: Failed appendEntries to 0af8d7ed-cdc3-4672-8dee-c2f2e92dcb16:192.168.19.17:36143: org.apache.ratis.thirdparty.io.grpc.StatusRuntimeException: UNAVAILABLE: io exception
2019-06-12 21:44:52,484 INFO  impl.FollowerInfo (FollowerInfo.java:lambda$new$0(50)) - f7e24b40-db1f-4d13-973e-ab173e727c72->0af8d7ed-cdc3-4672-8dee-c2f2e92dcb16: nextIndex: updateUnconditionally 0 -> 0
2019-06-12 21:44:52,582 INFO  client.GrpcClientProtocolService (GrpcClientProtocolService.java:lambda$processClientRequest$0(264)) - Failed RaftClientRequest:client-7AFE53D00D45->f7e24b40-db1f-4d13-973e-ab173e727c72@group-EFCCD525F1EC, cid=67, seq=0, Watch-ALL_COMMITTED(2), Message:<EMPTY>, reply=RaftClientReply:client-7AFE53D00D45->f7e24b40-db1f-4d13-973e-ab173e727c72@group-EFCCD525F1EC, cid=67, FAILED org.apache.ratis.protocol.NotReplicatedException: Request with call Id 67 and log index 2 is not yet replicated to ALL_COMMITTED, logIndex=2, commits[f7e24b40-db1f-4d13-973e-ab173e727c72:c2, bd8ffccd-e3cb-4b22-95e6-c841533bad94:c1, 0af8d7ed-cdc3-4672-8dee-c2f2e92dcb16:c1]
2019-06-12 21:44:52,984 WARN  server.GrpcLogAppender (LogUtils.java:warn(134)) - f7e24b40-db1f-4d13-973e-ab173e727c72: Failed appendEntries to bd8ffccd-e3cb-4b22-95e6-c841533bad94:192.168.19.17:35697: org.apache.ratis.thirdparty.io.grpc.StatusRuntimeException: UNAVAILABLE: io exception
2019-06-12 21:44:52,984 WARN  server.GrpcLogAppender (LogUtils.java:warn(134)) - f7e24b40-db1f-4d13-973e-ab173e727c72: Failed appendEntries to 0af8d7ed-cdc3-4672-8dee-c2f2e92dcb16:192.168.19.17:36143: org.apache.ratis.thirdparty.io.grpc.StatusRuntimeException: UNAVAILABLE: io exception
2019-06-12 21:44:52,986 INFO  impl.FollowerInfo (FollowerInfo.java:lambda$new$0(50)) - f7e24b40-db1f-4d13-973e-ab173e727c72->bd8ffccd-e3cb-4b22-95e6-c841533bad94: nextIndex: updateUnconditionally 0 -> 0
2019-06-12 21:44:52,986 INFO  impl.FollowerInfo (FollowerInfo.java:lambda$new$0(50)) - f7e24b40-db1f-4d13-973e-ab173e727c72->0af8d7ed-cdc3-4672-8dee-c2f2e92dcb16: nextIndex: updateUnconditionally 0 -> 0
2019-06-12 21:44:53,484 WARN  server.GrpcLogAppender (LogUtils.java:warn(134)) - f7e24b40-db1f-4d13-973e-ab173e727c72: Failed appendEntries to bd8ffccd-e3cb-4b22-95e6-c841533bad94:192.168.19.17:35697: org.apache.ratis.thirdparty.io.grpc.StatusRuntimeException: UNAVAILABLE: io exception
2019-06-12 21:44:53,484 WARN  server.GrpcLogAppender (LogUtils.java:warn(134)) - f7e24b40-db1f-4d13-973e-ab173e727c72: Failed appendEntries to 0af8d7ed-cdc3-4672-8dee-c2f2e92dcb16:192.168.19.17:36143: org.apache.ratis.thirdparty.io.grpc.StatusRuntimeException: UNAVAILABLE: io exception
2019-06-12 21:44:53,484 INFO  impl.FollowerInfo (FollowerInfo.java:lambda$new$0(50)) - f7e24b40-db1f-4d13-973e-ab173e727c72->bd8ffccd-e3cb-4b22-95e6-c841533bad94: nextIndex: updateUnconditionally 0 -> 0
2019-06-12 21:44:53,485 INFO  impl.FollowerInfo (FollowerInfo.java:lambda$new$0(50)) - f7e24b40-db1f-4d13-973e-ab173e727c72->0af8d7ed-cdc3-4672-8dee-c2f2e92dcb16: nextIndex: updateUnconditionally 0 -> 0
2019-06-12 21:44:53,985 WARN  server.GrpcLogAppender (LogUtils.java:warn(134)) - f7e24b40-db1f-4d13-973e-ab173e727c72: Failed appendEntries to 0af8d7ed-cdc3-4672-8dee-c2f2e92dcb16:192.168.19.17:36143: org.apache.ratis.thirdparty.io.grpc.StatusRuntimeException: UNAVAILABLE: io exception
2019-06-12 21:44:53,985 WARN  server.GrpcLogAppender (LogUtils.java:warn(134)) - f7e24b40-db1f-4d13-973e-ab173e727c72: Failed appendEntries to bd8ffccd-e3cb-4b22-95e6-c841533bad94:192.168.19.17:35697: org.apache.ratis.thirdparty.io.grpc.StatusRuntimeException: UNAVAILABLE: io exception
2019-06-12 21:44:53,985 INFO  impl.FollowerInfo (FollowerInfo.java:lambda$new$0(50)) - f7e24b40-db1f-4d13-973e-ab173e727c72->0af8d7ed-cdc3-4672-8dee-c2f2e92dcb16: nextIndex: updateUnconditionally 0 -> 0
2019-06-12 21:44:53,985 INFO  impl.FollowerInfo (FollowerInfo.java:lambda$new$0(50)) - f7e24b40-db1f-4d13-973e-ab173e727c72->bd8ffccd-e3cb-4b22-95e6-c841533bad94: nextIndex: updateUnconditionally 0 -> 0
2019-06-12 21:44:54,485 WARN  server.GrpcLogAppender (LogUtils.java:warn(134)) - f7e24b40-db1f-4d13-973e-ab173e727c72: Failed appendEntries to bd8ffccd-e3cb-4b22-95e6-c841533bad94:192.168.19.17:35697: org.apache.ratis.thirdparty.io.grpc.StatusRuntimeException: UNAVAILABLE: io exception
2019-06-12 21:44:54,486 INFO  impl.FollowerInfo (FollowerInfo.java:lambda$new$0(50)) - f7e24b40-db1f-4d13-973e-ab173e727c72->bd8ffccd-e3cb-4b22-95e6-c841533bad94: nextIndex: updateUnconditionally 0 -> 0
2019-06-12 21:44:54,486 WARN  server.GrpcLogAppender (LogUtils.java:warn(134)) - f7e24b40-db1f-4d13-973e-ab173e727c72: Failed appendEntries to 0af8d7ed-cdc3-4672-8dee-c2f2e92dcb16:192.168.19.17:36143: org.apache.ratis.thirdparty.io.grpc.StatusRuntimeException: UNAVAILABLE: io exception
2019-06-12 21:44:54,486 INFO  impl.FollowerInfo (FollowerInfo.java:lambda$new$0(50)) - f7e24b40-db1f-4d13-973e-ab173e727c72->0af8d7ed-cdc3-4672-8dee-c2f2e92dcb16: nextIndex: updateUnconditionally 0 -> 0
2019-06-12 21:44:54,986 WARN  server.GrpcLogAppender (LogUtils.java:warn(134)) - f7e24b40-db1f-4d13-973e-ab173e727c72: Failed appendEntries to bd8ffccd-e3cb-4b22-95e6-c841533bad94:192.168.19.17:35697: org.apache.ratis.thirdparty.io.grpc.StatusRuntimeException: UNAVAILABLE: io exception
2019-06-12 21:44:54,986 WARN  server.GrpcLogAppender (LogUtils.java:warn(134)) - f7e24b40-db1f-4d13-973e-ab173e727c72: Failed appendEntries to 0af8d7ed-cdc3-4672-8dee-c2f2e92dcb16:192.168.19.17:36143: org.apache.ratis.thirdparty.io.grpc.StatusRuntimeException: UNAVAILABLE: io exception
2019-06-12 21:44:54,986 INFO  impl.FollowerInfo (FollowerInfo.java:lambda$new$0(50)) - f7e24b40-db1f-4d13-973e-ab173e727c72->bd8ffccd-e3cb-4b22-95e6-c841533bad94: nextIndex: updateUnconditionally 0 -> 0
2019-06-12 21:44:54,986 INFO  impl.FollowerInfo (FollowerInfo.java:lambda$new$0(50)) - f7e24b40-db1f-4d13-973e-ab173e727c72->0af8d7ed-cdc3-4672-8dee-c2f2e92dcb16: nextIndex: updateUnconditionally 0 -> 0
2019-06-12 21:44:55,486 WARN  server.GrpcLogAppender (LogUtils.java:warn(134)) - f7e24b40-db1f-4d13-973e-ab173e727c72: Failed appendEntries to 0af8d7ed-cdc3-4672-8dee-c2f2e92dcb16:192.168.19.17:36143: org.apache.ratis.thirdparty.io.grpc.StatusRuntimeException: UNAVAILABLE: io exception
2019-06-12 21:44:55,486 WARN  server.GrpcLogAppender (LogUtils.java:warn(134)) - f7e24b40-db1f-4d13-973e-ab173e727c72: Failed appendEntries to bd8ffccd-e3cb-4b22-95e6-c841533bad94:192.168.19.17:35697: org.apache.ratis.thirdparty.io.grpc.StatusRuntimeException: UNAVAILABLE: io exception
2019-06-12 21:44:55,487 INFO  impl.FollowerInfo (FollowerInfo.java:lambda$new$0(50)) - f7e24b40-db1f-4d13-973e-ab173e727c72->bd8ffccd-e3cb-4b22-95e6-c841533bad94: nextIndex: updateUnconditionally 0 -> 0
2019-06-12 21:44:55,487 INFO  impl.FollowerInfo (FollowerInfo.java:lambda$new$0(50)) - f7e24b40-db1f-4d13-973e-ab173e727c72->0af8d7ed-cdc3-4672-8dee-c2f2e92dcb16: nextIndex: updateUnconditionally 0 -> 0
2019-06-12 21:44:55,987 WARN  server.GrpcLogAppender (LogUtils.java:warn(134)) - f7e24b40-db1f-4d13-973e-ab173e727c72: Failed appendEntries to bd8ffccd-e3cb-4b22-95e6-c841533bad94:192.168.19.17:35697: org.apache.ratis.thirdparty.io.grpc.StatusRuntimeException: UNAVAILABLE: io exception
2019-06-12 21:44:55,987 WARN  server.GrpcLogAppender (LogUtils.java:warn(134)) - f7e24b40-db1f-4d13-973e-ab173e727c72: Failed appendEntries to 0af8d7ed-cdc3-4672-8dee-c2f2e92dcb16:192.168.19.17:36143: org.apache.ratis.thirdparty.io.grpc.StatusRuntimeException: UNAVAILABLE: io exception
2019-06-12 21:44:55,987 INFO  impl.FollowerInfo (FollowerInfo.java:lambda$new$0(50)) - f7e24b40-db1f-4d13-973e-ab173e727c72->bd8ffccd-e3cb-4b22-95e6-c841533bad94: nextIndex: updateUnconditionally 0 -> 0
2019-06-12 21:44:55,987 INFO  impl.FollowerInfo (FollowerInfo.java:lambda$new$0(50)) - f7e24b40-db1f-4d13-973e-ab173e727c72->0af8d7ed-cdc3-4672-8dee-c2f2e92dcb16: nextIndex: updateUnconditionally 0 -> 0
2019-06-12 21:44:56,487 WARN  server.GrpcLogAppender (LogUtils.java:warn(134)) - f7e24b40-db1f-4d13-973e-ab173e727c72: Failed appendEntries to bd8ffccd-e3cb-4b22-95e6-c841533bad94:192.168.19.17:35697: org.apache.ratis.thirdparty.io.grpc.StatusRuntimeException: UNAVAILABLE: io exception
2019-06-12 21:44:56,488 INFO  impl.FollowerInfo (FollowerInfo.java:lambda$new$0(50)) - f7e24b40-db1f-4d13-973e-ab173e727c72->bd8ffccd-e3cb-4b22-95e6-c841533bad94: nextIndex: updateUnconditionally 0 -> 0
2019-06-12 21:44:56,488 WARN  server.GrpcLogAppender (LogUtils.java:warn(134)) - f7e24b40-db1f-4d13-973e-ab173e727c72: Failed appendEntries to 0af8d7ed-cdc3-4672-8dee-c2f2e92dcb16:192.168.19.17:36143: org.apache.ratis.thirdparty.io.grpc.StatusRuntimeException: UNAVAILABLE: io exception
2019-06-12 21:44:56,488 INFO  impl.FollowerInfo (FollowerInfo.java:lambda$new$0(50)) - f7e24b40-db1f-4d13-973e-ab173e727c72->0af8d7ed-cdc3-4672-8dee-c2f2e92dcb16: nextIndex: updateUnconditionally 0 -> 0
2019-06-12 21:44:56,582 INFO  client.GrpcClientProtocolService (GrpcClientProtocolService.java:lambda$processClientRequest$0(264)) - Failed RaftClientRequest:client-7AFE53D00D45->f7e24b40-db1f-4d13-973e-ab173e727c72@group-EFCCD525F1EC, cid=68, seq=0, Watch-MAJORITY_COMMITTED(2), Message:<EMPTY>, reply=RaftClientReply:client-7AFE53D00D45->f7e24b40-db1f-4d13-973e-ab173e727c72@group-EFCCD525F1EC, cid=68, FAILED org.apache.ratis.protocol.NotReplicatedException: Request with call Id 68 and log index 2 is not yet replicated to MAJORITY_COMMITTED, logIndex=2, commits[f7e24b40-db1f-4d13-973e-ab173e727c72:c2, bd8ffccd-e3cb-4b22-95e6-c841533bad94:c1, 0af8d7ed-cdc3-4672-8dee-c2f2e92dcb16:c1]
2019-06-12 21:44:56,988 WARN  server.GrpcLogAppender (LogUtils.java:warn(134)) - f7e24b40-db1f-4d13-973e-ab173e727c72: Failed appendEntries to bd8ffccd-e3cb-4b22-95e6-c841533bad94:192.168.19.17:35697: org.apache.ratis.thirdparty.io.grpc.StatusRuntimeException: UNAVAILABLE: io exception
2019-06-12 21:44:56,988 WARN  server.GrpcLogAppender (LogUtils.java:warn(134)) - f7e24b40-db1f-4d13-973e-ab173e727c72: Failed appendEntries to 0af8d7ed-cdc3-4672-8dee-c2f2e92dcb16:192.168.19.17:36143: org.apache.ratis.thirdparty.io.grpc.StatusRuntimeException: UNAVAILABLE: io exception
2019-06-12 21:44:56,990 INFO  impl.FollowerInfo (FollowerInfo.java:lambda$new$0(50)) - f7e24b40-db1f-4d13-973e-ab173e727c72->bd8ffccd-e3cb-4b22-95e6-c841533bad94: nextIndex: updateUnconditionally 0 -> 0
2019-06-12 21:44:56,990 INFO  impl.FollowerInfo (FollowerInfo.java:lambda$new$0(50)) - f7e24b40-db1f-4d13-973e-ab173e727c72->0af8d7ed-cdc3-4672-8dee-c2f2e92dcb16: nextIndex: updateUnconditionally 0 -> 0
2019-06-12 21:44:57,488 WARN  server.GrpcLogAppender (LogUtils.java:warn(134)) - f7e24b40-db1f-4d13-973e-ab173e727c72: Failed appendEntries to bd8ffccd-e3cb-4b22-95e6-c841533bad94:192.168.19.17:35697: org.apache.ratis.thirdparty.io.grpc.StatusRuntimeException: UNAVAILABLE: io exception
2019-06-12 21:44:57,489 INFO  impl.FollowerInfo (FollowerInfo.java:lambda$new$0(50)) - f7e24b40-db1f-4d13-973e-ab173e727c72->bd8ffccd-e3cb-4b22-95e6-c841533bad94: nextIndex: updateUnconditionally 0 -> 0
2019-06-12 21:44:57,489 WARN  server.GrpcLogAppender (LogUtils.java:warn(134)) - f7e24b40-db1f-4d13-973e-ab173e727c72: Failed appendEntries to 0af8d7ed-cdc3-4672-8dee-c2f2e92dcb16:192.168.19.17:36143: org.apache.ratis.thirdparty.io.grpc.StatusRuntimeException: UNAVAILABLE: io exception
2019-06-12 21:44:57,489 INFO  impl.FollowerInfo (FollowerInfo.java:lambda$new$0(50)) - f7e24b40-db1f-4d13-973e-ab173e727c72->0af8d7ed-cdc3-4672-8dee-c2f2e92dcb16: nextIndex: updateUnconditionally 0 -> 0
2019-06-12 21:44:57,994 WARN  server.GrpcLogAppender (LogUtils.java:warn(134)) - f7e24b40-db1f-4d13-973e-ab173e727c72: Failed appendEntries to bd8ffccd-e3cb-4b22-95e6-c841533bad94:192.168.19.17:35697: org.apache.ratis.thirdparty.io.grpc.StatusRuntimeException: UNAVAILABLE: io exception
2019-06-12 21:44:57,995 INFO  impl.FollowerInfo (FollowerInfo.java:lambda$new$0(50)) - f7e24b40-db1f-4d13-973e-ab173e727c72->bd8ffccd-e3cb-4b22-95e6-c841533bad94: nextIndex: updateUnconditionally 0 -> 0
2019-06-12 21:44:57,998 WARN  server.GrpcLogAppender (LogUtils.java:warn(134)) - f7e24b40-db1f-4d13-973e-ab173e727c72: Failed appendEntries to 0af8d7ed-cdc3-4672-8dee-c2f2e92dcb16:192.168.19.17:36143: org.apache.ratis.thirdparty.io.grpc.StatusRuntimeException: UNAVAILABLE: io exception
2019-06-12 21:44:57,998 INFO  impl.FollowerInfo (FollowerInfo.java:lambda$new$0(50)) - f7e24b40-db1f-4d13-973e-ab173e727c72->0af8d7ed-cdc3-4672-8dee-c2f2e92dcb16: nextIndex: updateUnconditionally 0 -> 0
2019-06-12 21:44:58,491 WARN  server.GrpcLogAppender (LogUtils.java:warn(134)) - f7e24b40-db1f-4d13-973e-ab173e727c72: Failed appendEntries to bd8ffccd-e3cb-4b22-95e6-c841533bad94:192.168.19.17:35697: org.apache.ratis.thirdparty.io.grpc.StatusRuntimeException: UNAVAILABLE: io exception
2019-06-12 21:44:58,491 INFO  impl.FollowerInfo (FollowerInfo.java:lambda$new$0(50)) - f7e24b40-db1f-4d13-973e-ab173e727c72->bd8ffccd-e3cb-4b22-95e6-c841533bad94: nextIndex: updateUnconditionally 0 -> 0
2019-06-12 21:44:58,493 WARN  server.GrpcLogAppender (LogUtils.java:warn(134)) - f7e24b40-db1f-4d13-973e-ab173e727c72: Failed appendEntries to 0af8d7ed-cdc3-4672-8dee-c2f2e92dcb16:192.168.19.17:36143: org.apache.ratis.thirdparty.io.grpc.StatusRuntimeException: UNAVAILABLE: io exception
2019-06-12 21:44:58,494 INFO  impl.FollowerInfo (FollowerInfo.java:lambda$new$0(50)) - f7e24b40-db1f-4d13-973e-ab173e727c72->0af8d7ed-cdc3-4672-8dee-c2f2e92dcb16: nextIndex: updateUnconditionally 0 -> 0
2019-06-12 21:44:58,990 WARN  server.GrpcLogAppender (LogUtils.java:warn(134)) - f7e24b40-db1f-4d13-973e-ab173e727c72: Failed appendEntries to 0af8d7ed-cdc3-4672-8dee-c2f2e92dcb16:192.168.19.17:36143: org.apache.ratis.thirdparty.io.grpc.StatusRuntimeException: UNAVAILABLE: io exception
2019-06-12 21:44:58,990 INFO  impl.FollowerInfo (FollowerInfo.java:lambda$new$0(50)) - f7e24b40-db1f-4d13-973e-ab173e727c72->0af8d7ed-cdc3-4672-8dee-c2f2e92dcb16: nextIndex: updateUnconditionally 0 -> 0
2019-06-12 21:44:58,991 WARN  server.GrpcLogAppender (LogUtils.java:warn(134)) - f7e24b40-db1f-4d13-973e-ab173e727c72: Failed appendEntries to bd8ffccd-e3cb-4b22-95e6-c841533bad94:192.168.19.17:35697: org.apache.ratis.thirdparty.io.grpc.StatusRuntimeException: UNAVAILABLE: io exception
2019-06-12 21:44:58,992 INFO  impl.FollowerInfo (FollowerInfo.java:lambda$new$0(50)) - f7e24b40-db1f-4d13-973e-ab173e727c72->bd8ffccd-e3cb-4b22-95e6-c841533bad94: nextIndex: updateUnconditionally 0 -> 0
2019-06-12 21:44:59,491 WARN  server.GrpcLogAppender (LogUtils.java:warn(134)) - f7e24b40-db1f-4d13-973e-ab173e727c72: Failed appendEntries to 0af8d7ed-cdc3-4672-8dee-c2f2e92dcb16:192.168.19.17:36143: org.apache.ratis.thirdparty.io.grpc.StatusRuntimeException: UNAVAILABLE: io exception
2019-06-12 21:44:59,491 INFO  impl.FollowerInfo (FollowerInfo.java:lambda$new$0(50)) - f7e24b40-db1f-4d13-973e-ab173e727c72->0af8d7ed-cdc3-4672-8dee-c2f2e92dcb16: nextIndex: updateUnconditionally 0 -> 0
2019-06-12 21:44:59,492 WARN  server.GrpcLogAppender (LogUtils.java:warn(134)) - f7e24b40-db1f-4d13-973e-ab173e727c72: Failed appendEntries to bd8ffccd-e3cb-4b22-95e6-c841533bad94:192.168.19.17:35697: org.apache.ratis.thirdparty.io.grpc.StatusRuntimeException: UNAVAILABLE: io exception
2019-06-12 21:44:59,492 INFO  impl.FollowerInfo (FollowerInfo.java:lambda$new$0(50)) - f7e24b40-db1f-4d13-973e-ab173e727c72->bd8ffccd-e3cb-4b22-95e6-c841533bad94: nextIndex: updateUnconditionally 0 -> 0
2019-06-12 21:44:59,991 WARN  server.GrpcLogAppender (LogUtils.java:warn(134)) - f7e24b40-db1f-4d13-973e-ab173e727c72: Failed appendEntries to 0af8d7ed-cdc3-4672-8dee-c2f2e92dcb16:192.168.19.17:36143: org.apache.ratis.thirdparty.io.grpc.StatusRuntimeException: UNAVAILABLE: io exception
2019-06-12 21:44:59,992 INFO  impl.FollowerInfo (FollowerInfo.java:lambda$new$0(50)) - f7e24b40-db1f-4d13-973e-ab173e727c72->0af8d7ed-cdc3-4672-8dee-c2f2e92dcb16: nextIndex: updateUnconditionally 0 -> 0
2019-06-12 21:44:59,993 WARN  server.GrpcLogAppender (LogUtils.java:warn(134)) - f7e24b40-db1f-4d13-973e-ab173e727c72: Failed appendEntries to bd8ffccd-e3cb-4b22-95e6-c841533bad94:192.168.19.17:35697: org.apache.ratis.thirdparty.io.grpc.StatusRuntimeException: UNAVAILABLE: io exception
2019-06-12 21:44:59,993 INFO  impl.FollowerInfo (FollowerInfo.java:lambda$new$0(50)) - f7e24b40-db1f-4d13-973e-ab173e727c72->bd8ffccd-e3cb-4b22-95e6-c841533bad94: nextIndex: updateUnconditionally 0 -> 0
]]></system-out>
    <system-err><![CDATA[Jun 12, 2019 9:44:11 PM com.sun.jersey.server.impl.application.WebApplicationImpl _initiate
INFO: Initiating Jersey application, version 'Jersey: 1.19 02/11/2015 03:25 AM'
Jun 12, 2019 9:44:11 PM com.sun.jersey.server.impl.application.WebApplicationImpl _initiate
INFO: Initiating Jersey application, version 'Jersey: 1.19 02/11/2015 03:25 AM'
Jun 12, 2019 9:44:11 PM com.sun.jersey.server.impl.application.WebApplicationImpl _initiate
INFO: Initiating Jersey application, version 'Jersey: 1.19 02/11/2015 03:25 AM'
Jun 12, 2019 9:44:12 PM com.sun.jersey.server.impl.application.WebApplicationImpl _initiate
INFO: Initiating Jersey application, version 'Jersey: 1.19 02/11/2015 03:25 AM'
Jun 12, 2019 9:44:12 PM com.sun.jersey.server.impl.application.WebApplicationImpl _initiate
INFO: Initiating Jersey application, version 'Jersey: 1.19 02/11/2015 03:25 AM'
Jun 12, 2019 9:44:12 PM com.sun.jersey.server.impl.application.WebApplicationImpl _initiate
INFO: Initiating Jersey application, version 'Jersey: 1.19 02/11/2015 03:25 AM'
Jun 12, 2019 9:44:12 PM com.sun.jersey.server.impl.application.WebApplicationImpl _initiate
INFO: Initiating Jersey application, version 'Jersey: 1.19 02/11/2015 03:25 AM'
]]></system-err>
  </testcase>
  <testcase name="testWatchForCommitForGroupMismatchException" classname="org.apache.hadoop.ozone.client.rpc.TestWatchForCommit" time="8.263"/>
  <testcase name="test2WayCommitForTimeoutException" classname="org.apache.hadoop.ozone.client.rpc.TestWatchForCommit" time="38.314"/>
  <testcase name="test2WayCommitForRetryfailure" classname="org.apache.hadoop.ozone.client.rpc.TestWatchForCommit" time="29.233"/>
</testsuite>