<?xml version="1.0" encoding="UTF-8"?>
<testsuite xmlns:xsi="http://www.w3.org/2001/XMLSchema-instance" xsi:noNamespaceSchemaLocation="https://maven.apache.org/surefire/maven-surefire-plugin/xsd/surefire-test-report.xsd" name="org.apache.hadoop.ozone.client.rpc.TestFailureHandlingByClient" time="141.282" tests="7" errors="1" skipped="0" failures="0">
  <properties>
    <property name="awt.toolkit" value="sun.awt.X11.XToolkit"/>
    <property name="file.encoding.pkg" value="sun.io"/>
    <property name="java.specification.version" value="1.8"/>
    <property name="sun.cpu.isalist" value=""/>
    <property name="sun.jnu.encoding" value="UTF-8"/>
    <property name="java.class.path" value="/opt/src/hadoop-ozone/integration-test/target/test-classes:/opt/src/hadoop-ozone/integration-test/target/classes:/home/user/.m2/repository/org/apache/hadoop/hadoop-ozone-common/0.5.0-SNAPSHOT/hadoop-ozone-common-0.5.0-SNAPSHOT.jar:/home/user/.m2/repository/org/apache/commons/commons-compress/1.4.1/commons-compress-1.4.1.jar:/home/user/.m2/repository/org/tukaani/xz/1.0/xz-1.0.jar:/home/user/.m2/repository/org/apache/hadoop/hadoop-common/3.2.0/hadoop-common-3.2.0.jar:/home/user/.m2/repository/org/apache/hadoop/hadoop-hdfs/3.2.0/hadoop-hdfs-3.2.0.jar:/home/user/.m2/repository/org/apache/hadoop/hadoop-hdfs-client/3.2.0/hadoop-hdfs-client-3.2.0.jar:/home/user/.m2/repository/com/fasterxml/jackson/core/jackson-annotations/2.9.5/jackson-annotations-2.9.5.jar:/home/user/.m2/repository/org/apache/hadoop/hadoop-hdds-common/0.5.0-SNAPSHOT/hadoop-hdds-common-0.5.0-SNAPSHOT.jar:/home/user/.m2/repository/javax/annotation/javax.annotation-api/1.2/javax.annotation-api-1.2.jar:/home/user/.m2/repository/org/apache/ratis/ratis-server/0.4.0-fe2b15d-SNAPSHOT/ratis-server-0.4.0-fe2b15d-SNAPSHOT.jar:/home/user/.m2/repository/org/apache/ratis/ratis-thirdparty-misc/0.2.0/ratis-thirdparty-misc-0.2.0.jar:/home/user/.m2/repository/org/apache/ratis/ratis-proto/0.4.0-fe2b15d-SNAPSHOT/ratis-proto-0.4.0-fe2b15d-SNAPSHOT.jar:/home/user/.m2/repository/org/apache/ratis/ratis-common/0.4.0-fe2b15d-SNAPSHOT/ratis-common-0.4.0-fe2b15d-SNAPSHOT.jar:/home/user/.m2/repository/org/apache/ratis/ratis-client/0.4.0-fe2b15d-SNAPSHOT/ratis-client-0.4.0-fe2b15d-SNAPSHOT.jar:/home/user/.m2/repository/org/apache/ratis/ratis-netty/0.4.0-fe2b15d-SNAPSHOT/ratis-netty-0.4.0-fe2b15d-SNAPSHOT.jar:/home/user/.m2/repository/org/apache/ratis/ratis-grpc/0.4.0-fe2b15d-SNAPSHOT/ratis-grpc-0.4.0-fe2b15d-SNAPSHOT.jar:/home/user/.m2/repository/org/rocksdb/rocksdbjni/5.14.2/rocksdbjni-5.14.2.jar:/home/user/.m2/repository/org/apache/logging/log4j/log4j-api/2.11.0/log4j-api-2.11.0.jar:/home/user/.m2/repository/org/apache/logging/log4j/log4j-core/2.11.0/log4j-core-2.11.0.jar:/home/user/.m2/repository/com/lmax/disruptor/3.4.2/disruptor-3.4.2.jar:/home/user/.m2/repository/org/apache/commons/commons-pool2/2.6.0/commons-pool2-2.6.0.jar:/home/user/.m2/repository/org/bouncycastle/bcpkix-jdk15on/1.60/bcpkix-jdk15on-1.60.jar:/home/user/.m2/repository/commons-validator/commons-validator/1.6/commons-validator-1.6.jar:/home/user/.m2/repository/commons-digester/commons-digester/1.8.1/commons-digester-1.8.1.jar:/home/user/.m2/repository/io/jaegertracing/jaeger-client/0.33.1/jaeger-client-0.33.1.jar:/home/user/.m2/repository/io/jaegertracing/jaeger-thrift/0.33.1/jaeger-thrift-0.33.1.jar:/home/user/.m2/repository/org/apache/thrift/libthrift/0.11.0/libthrift-0.11.0.jar:/home/user/.m2/repository/com/squareup/okhttp3/okhttp/3.9.0/okhttp-3.9.0.jar:/home/user/.m2/repository/com/squareup/okio/okio/1.13.0/okio-1.13.0.jar:/home/user/.m2/repository/io/jaegertracing/jaeger-core/0.33.1/jaeger-core-0.33.1.jar:/home/user/.m2/repository/io/jaegertracing/jaeger-tracerresolver/0.33.1/jaeger-tracerresolver-0.33.1.jar:/home/user/.m2/repository/io/opentracing/contrib/opentracing-tracerresolver/0.1.5/opentracing-tracerresolver-0.1.5.jar:/home/user/.m2/repository/io/opentracing/opentracing-util/0.31.0/opentracing-util-0.31.0.jar:/home/user/.m2/repository/io/opentracing/opentracing-api/0.31.0/opentracing-api-0.31.0.jar:/home/user/.m2/repository/io/opentracing/opentracing-noop/0.31.0/opentracing-noop-0.31.0.jar:/home/user/.m2/repository/org/apache/hadoop/hadoop-hdds-server-framework/0.5.0-SNAPSHOT/hadoop-hdds-server-framework-0.5.0-SNAPSHOT.jar:/home/user/.m2/repository/org/apache/hadoop/hadoop-hdds-server-scm/0.5.0-SNAPSHOT/hadoop-hdds-server-scm-0.5.0-SNAPSHOT.jar:/home/user/.m2/repository/org/apache/hadoop/hadoop-hdds-container-service/0.5.0-SNAPSHOT/hadoop-hdds-container-service-0.5.0-SNAPSHOT.jar:/home/user/.m2/repository/org/apache/hadoop/hadoop-hdds-client/0.5.0-SNAPSHOT/hadoop-hdds-client-0.5.0-SNAPSHOT.jar:/home/user/.m2/repository/org/apache/hadoop/hadoop-hdds-tools/0.5.0-SNAPSHOT/hadoop-hdds-tools-0.5.0-SNAPSHOT.jar:/home/user/.m2/repository/org/apache/hadoop/hadoop-ozone-ozone-manager/0.5.0-SNAPSHOT/hadoop-ozone-ozone-manager-0.5.0-SNAPSHOT.jar:/home/user/.m2/repository/org/apache/hadoop/hadoop-hdds-docs/0.5.0-SNAPSHOT/hadoop-hdds-docs-0.5.0-SNAPSHOT.jar:/home/user/.m2/repository/org/bouncycastle/bcprov-jdk15on/1.60/bcprov-jdk15on-1.60.jar:/home/user/.m2/repository/org/apache/hadoop/hadoop-minikdc/3.2.0/hadoop-minikdc-3.2.0.jar:/home/user/.m2/repository/commons-io/commons-io/2.5/commons-io-2.5.jar:/home/user/.m2/repository/org/apache/kerby/kerb-simplekdc/1.0.1/kerb-simplekdc-1.0.1.jar:/home/user/.m2/repository/org/apache/kerby/kerb-client/1.0.1/kerb-client-1.0.1.jar:/home/user/.m2/repository/org/apache/kerby/kerby-config/1.0.1/kerby-config-1.0.1.jar:/home/user/.m2/repository/org/apache/kerby/kerb-core/1.0.1/kerb-core-1.0.1.jar:/home/user/.m2/repository/org/apache/kerby/kerby-pkix/1.0.1/kerby-pkix-1.0.1.jar:/home/user/.m2/repository/org/apache/kerby/kerby-asn1/1.0.1/kerby-asn1-1.0.1.jar:/home/user/.m2/repository/org/apache/kerby/kerby-util/1.0.1/kerby-util-1.0.1.jar:/home/user/.m2/repository/org/apache/kerby/kerb-common/1.0.1/kerb-common-1.0.1.jar:/home/user/.m2/repository/org/apache/kerby/kerb-crypto/1.0.1/kerb-crypto-1.0.1.jar:/home/user/.m2/repository/org/apache/kerby/kerb-util/1.0.1/kerb-util-1.0.1.jar:/home/user/.m2/repository/org/apache/kerby/token-provider/1.0.1/token-provider-1.0.1.jar:/home/user/.m2/repository/org/apache/kerby/kerb-admin/1.0.1/kerb-admin-1.0.1.jar:/home/user/.m2/repository/org/apache/kerby/kerb-server/1.0.1/kerb-server-1.0.1.jar:/home/user/.m2/repository/org/apache/kerby/kerb-identity/1.0.1/kerb-identity-1.0.1.jar:/home/user/.m2/repository/org/apache/kerby/kerby-xdr/1.0.1/kerby-xdr-1.0.1.jar:/home/user/.m2/repository/org/slf4j/slf4j-log4j12/1.7.25/slf4j-log4j12-1.7.25.jar:/home/user/.m2/repository/org/apache/hadoop/hadoop-ozone-objectstore-service/0.5.0-SNAPSHOT/hadoop-ozone-objectstore-service-0.5.0-SNAPSHOT.jar:/home/user/.m2/repository/org/apache/hadoop/hadoop-ozone-s3gateway/0.5.0-SNAPSHOT/hadoop-ozone-s3gateway-0.5.0-SNAPSHOT.jar:/home/user/.m2/repository/org/jboss/weld/servlet/weld-servlet/2.4.7.Final/weld-servlet-2.4.7.Final.jar:/home/user/.m2/repository/org/glassfish/jersey/containers/jersey-container-servlet-core/2.27/jersey-container-servlet-core-2.27.jar:/home/user/.m2/repository/org/glassfish/hk2/external/javax.inject/2.5.0-b42/javax.inject-2.5.0-b42.jar:/home/user/.m2/repository/org/glassfish/jersey/core/jersey-common/2.27/jersey-common-2.27.jar:/home/user/.m2/repository/org/glassfish/hk2/osgi-resource-locator/1.0.1/osgi-resource-locator-1.0.1.jar:/home/user/.m2/repository/javax/ws/rs/javax.ws.rs-api/2.1/javax.ws.rs-api-2.1.jar:/home/user/.m2/repository/org/glassfish/jersey/ext/cdi/jersey-cdi1x/2.27/jersey-cdi1x-2.27.jar:/home/user/.m2/repository/org/glassfish/jersey/inject/jersey-hk2/2.27/jersey-hk2-2.27.jar:/home/user/.m2/repository/org/glassfish/hk2/hk2-locator/2.5.0-b42/hk2-locator-2.5.0-b42.jar:/home/user/.m2/repository/org/javassist/javassist/3.22.0-CR2/javassist-3.22.0-CR2.jar:/home/user/.m2/repository/org/glassfish/hk2/hk2-api/2.5.0/hk2-api-2.5.0.jar:/home/user/.m2/repository/org/glassfish/hk2/external/jakarta.inject/2.5.0/jakarta.inject-2.5.0.jar:/home/user/.m2/repository/org/glassfish/hk2/hk2-utils/2.5.0/hk2-utils-2.5.0.jar:/home/user/.m2/repository/jakarta/annotation/jakarta.annotation-api/1.3.4/jakarta.annotation-api-1.3.4.jar:/home/user/.m2/repository/org/glassfish/hk2/external/aopalliance-repackaged/2.5.0/aopalliance-repackaged-2.5.0.jar:/home/user/.m2/repository/com/fasterxml/jackson/dataformat/jackson-dataformat-xml/2.9.0/jackson-dataformat-xml-2.9.0.jar:/home/user/.m2/repository/com/fasterxml/jackson/core/jackson-core/2.9.5/jackson-core-2.9.5.jar:/home/user/.m2/repository/com/fasterxml/jackson/module/jackson-module-jaxb-annotations/2.9.5/jackson-module-jaxb-annotations-2.9.5.jar:/home/user/.m2/repository/javax/enterprise/cdi-api/1.2/cdi-api-1.2.jar:/home/user/.m2/repository/javax/el/javax.el-api/3.0.0/javax.el-api-3.0.0.jar:/home/user/.m2/repository/javax/interceptor/javax.interceptor-api/1.2/javax.interceptor-api-1.2.jar:/home/user/.m2/repository/javax/inject/javax.inject/1/javax.inject-1.jar:/home/user/.m2/repository/com/sun/xml/bind/jaxb-impl/2.3.0.1/jaxb-impl-2.3.0.1.jar:/home/user/.m2/repository/com/sun/xml/bind/jaxb-core/2.3.0.1/jaxb-core-2.3.0.1.jar:/home/user/.m2/repository/javax/xml/bind/jaxb-api/2.3.0/jaxb-api-2.3.0.jar:/home/user/.m2/repository/javax/activation/activation/1.1.1/activation-1.1.1.jar:/home/user/.m2/repository/org/apache/hadoop/hadoop-ozone-csi/0.5.0-SNAPSHOT/hadoop-ozone-csi-0.5.0-SNAPSHOT.jar:/home/user/.m2/repository/com/google/protobuf/protobuf-java-util/3.5.1/protobuf-java-util-3.5.1.jar:/home/user/.m2/repository/org/apache/hadoop/hadoop-hdds-config/0.5.0-SNAPSHOT/hadoop-hdds-config-0.5.0-SNAPSHOT.jar:/home/user/.m2/repository/com/google/guava/guava/11.0.2/guava-11.0.2.jar:/home/user/.m2/repository/com/google/protobuf/protobuf-java/2.5.0/protobuf-java-2.5.0.jar:/home/user/.m2/repository/io/grpc/grpc-netty/1.17.1/grpc-netty-1.17.1.jar:/home/user/.m2/repository/io/grpc/grpc-core/1.17.1/grpc-core-1.17.1.jar:/home/user/.m2/repository/io/grpc/grpc-context/1.17.1/grpc-context-1.17.1.jar:/home/user/.m2/repository/com/google/errorprone/error_prone_annotations/2.2.0/error_prone_annotations-2.2.0.jar:/home/user/.m2/repository/org/codehaus/mojo/animal-sniffer-annotations/1.17/animal-sniffer-annotations-1.17.jar:/home/user/.m2/repository/io/opencensus/opencensus-api/0.17.0/opencensus-api-0.17.0.jar:/home/user/.m2/repository/io/opencensus/opencensus-contrib-grpc-metrics/0.17.0/opencensus-contrib-grpc-metrics-0.17.0.jar:/home/user/.m2/repository/io/netty/netty-codec-http2/4.1.30.Final/netty-codec-http2-4.1.30.Final.jar:/home/user/.m2/repository/io/netty/netty-codec-http/4.1.30.Final/netty-codec-http-4.1.30.Final.jar:/home/user/.m2/repository/io/netty/netty-codec/4.1.30.Final/netty-codec-4.1.30.Final.jar:/home/user/.m2/repository/io/netty/netty-handler/4.1.30.Final/netty-handler-4.1.30.Final.jar:/home/user/.m2/repository/io/netty/netty-handler-proxy/4.1.30.Final/netty-handler-proxy-4.1.30.Final.jar:/home/user/.m2/repository/io/netty/netty-codec-socks/4.1.30.Final/netty-codec-socks-4.1.30.Final.jar:/home/user/.m2/repository/io/netty/netty-transport-native-epoll/4.1.30.Final/netty-transport-native-epoll-4.1.30.Final.jar:/home/user/.m2/repository/io/netty/netty-common/4.1.30.Final/netty-common-4.1.30.Final.jar:/home/user/.m2/repository/io/netty/netty-buffer/4.1.30.Final/netty-buffer-4.1.30.Final.jar:/home/user/.m2/repository/io/netty/netty-transport/4.1.30.Final/netty-transport-4.1.30.Final.jar:/home/user/.m2/repository/io/netty/netty-resolver/4.1.30.Final/netty-resolver-4.1.30.Final.jar:/home/user/.m2/repository/io/netty/netty-transport-native-unix-common/4.1.30.Final/netty-transport-native-unix-common-4.1.30.Final.jar:/home/user/.m2/repository/io/grpc/grpc-protobuf/1.17.1/grpc-protobuf-1.17.1.jar:/home/user/.m2/repository/com/google/api/grpc/proto-google-common-protos/1.0.0/proto-google-common-protos-1.0.0.jar:/home/user/.m2/repository/io/grpc/grpc-protobuf-lite/1.17.1/grpc-protobuf-lite-1.17.1.jar:/home/user/.m2/repository/io/grpc/grpc-stub/1.17.1/grpc-stub-1.17.1.jar:/home/user/.m2/repository/org/apache/hadoop/hadoop-ozone-recon/0.5.0-SNAPSHOT/hadoop-ozone-recon-0.5.0-SNAPSHOT.jar:/home/user/.m2/repository/org/apache/hadoop/hadoop-ozone-reconcodegen/0.5.0-SNAPSHOT/hadoop-ozone-reconcodegen-0.5.0-SNAPSHOT.jar:/home/user/.m2/repository/com/google/inject/extensions/guice-multibindings/4.0/guice-multibindings-4.0.jar:/home/user/.m2/repository/com/google/inject/guice/4.0/guice-4.0.jar:/home/user/.m2/repository/aopalliance/aopalliance/1.0/aopalliance-1.0.jar:/home/user/.m2/repository/com/google/inject/extensions/guice-servlet/4.0/guice-servlet-4.0.jar:/home/user/.m2/repository/org/glassfish/jersey/containers/jersey-container-servlet/2.27/jersey-container-servlet-2.27.jar:/home/user/.m2/repository/org/glassfish/hk2/guice-bridge/2.5.0/guice-bridge-2.5.0.jar:/home/user/.m2/repository/org/glassfish/jersey/core/jersey-server/2.27/jersey-server-2.27.jar:/home/user/.m2/repository/org/glassfish/jersey/core/jersey-client/2.27/jersey-client-2.27.jar:/home/user/.m2/repository/org/glassfish/jersey/media/jersey-media-jaxb/2.27/jersey-media-jaxb-2.27.jar:/home/user/.m2/repository/javax/validation/validation-api/1.1.0.Final/validation-api-1.1.0.Final.jar:/home/user/.m2/repository/org/glassfish/jersey/media/jersey-media-json-jackson/2.27/jersey-media-json-jackson-2.27.jar:/home/user/.m2/repository/org/glassfish/jersey/ext/jersey-entity-filtering/2.27/jersey-entity-filtering-2.27.jar:/home/user/.m2/repository/com/google/inject/extensions/guice-assistedinject/4.0/guice-assistedinject-4.0.jar:/home/user/.m2/repository/org/jooq/jooq/3.11.10/jooq-3.11.10.jar:/home/user/.m2/repository/org/jooq/jooq-meta/3.11.10/jooq-meta-3.11.10.jar:/home/user/.m2/repository/org/jooq/jooq-codegen/3.11.10/jooq-codegen-3.11.10.jar:/home/user/.m2/repository/com/jolbox/bonecp/0.8.0.RELEASE/bonecp-0.8.0.RELEASE.jar:/home/user/.m2/repository/org/xerial/sqlite-jdbc/3.25.2/sqlite-jdbc-3.25.2.jar:/home/user/.m2/repository/org/springframework/spring-jdbc/5.1.3.RELEASE/spring-jdbc-5.1.3.RELEASE.jar:/home/user/.m2/repository/org/springframework/spring-beans/5.1.3.RELEASE/spring-beans-5.1.3.RELEASE.jar:/home/user/.m2/repository/org/springframework/spring-core/5.1.3.RELEASE/spring-core-5.1.3.RELEASE.jar:/home/user/.m2/repository/org/springframework/spring-jcl/5.1.3.RELEASE/spring-jcl-5.1.3.RELEASE.jar:/home/user/.m2/repository/org/springframework/spring-tx/5.1.3.RELEASE/spring-tx-5.1.3.RELEASE.jar:/home/user/.m2/repository/org/apache/hadoop/hadoop-ozone-client/0.5.0-SNAPSHOT/hadoop-ozone-client-0.5.0-SNAPSHOT.jar:/home/user/.m2/repository/org/apache/hadoop/hadoop-ozone-ozone-manager/0.5.0-SNAPSHOT/hadoop-ozone-ozone-manager-0.5.0-SNAPSHOT-tests.jar:/home/user/.m2/repository/junit/junit/4.11/junit-4.11.jar:/home/user/.m2/repository/org/hamcrest/hamcrest-core/1.3/hamcrest-core-1.3.jar:/home/user/.m2/repository/org/openjdk/jmh/jmh-core/1.19/jmh-core-1.19.jar:/home/user/.m2/repository/net/sf/jopt-simple/jopt-simple/4.6/jopt-simple-4.6.jar:/home/user/.m2/repository/org/apache/commons/commons-math3/3.1.1/commons-math3-3.1.1.jar:/home/user/.m2/repository/org/openjdk/jmh/jmh-generator-annprocess/1.19/jmh-generator-annprocess-1.19.jar:/home/user/.m2/repository/org/mockito/mockito-all/1.8.5/mockito-all-1.8.5.jar:/home/user/.m2/repository/org/apache/hadoop/hadoop-kms/3.2.0/hadoop-kms-3.2.0.jar:/home/user/.m2/repository/org/apache/hadoop/hadoop-auth/3.2.0/hadoop-auth-3.2.0.jar:/home/user/.m2/repository/com/nimbusds/nimbus-jose-jwt/4.41.1/nimbus-jose-jwt-4.41.1.jar:/home/user/.m2/repository/com/github/stephenc/jcip/jcip-annotations/1.0-1/jcip-annotations-1.0-1.jar:/home/user/.m2/repository/net/minidev/json-smart/2.3/json-smart-2.3.jar:/home/user/.m2/repository/net/minidev/accessors-smart/1.2/accessors-smart-1.2.jar:/home/user/.m2/repository/org/ow2/asm/asm/5.0.4/asm-5.0.4.jar:/home/user/.m2/repository/org/apache/curator/curator-framework/2.12.0/curator-framework-2.12.0.jar:/home/user/.m2/repository/com/sun/jersey/jersey-core/1.19/jersey-core-1.19.jar:/home/user/.m2/repository/javax/ws/rs/jsr311-api/1.1.1/jsr311-api-1.1.1.jar:/home/user/.m2/repository/com/sun/jersey/jersey-server/1.19/jersey-server-1.19.jar:/home/user/.m2/repository/javax/servlet/javax.servlet-api/3.1.0/javax.servlet-api-3.1.0.jar:/home/user/.m2/repository/org/eclipse/jetty/jetty-server/9.3.24.v20180605/jetty-server-9.3.24.v20180605.jar:/home/user/.m2/repository/org/eclipse/jetty/jetty-http/9.3.24.v20180605/jetty-http-9.3.24.v20180605.jar:/home/user/.m2/repository/org/eclipse/jetty/jetty-io/9.3.24.v20180605/jetty-io-9.3.24.v20180605.jar:/home/user/.m2/repository/org/eclipse/jetty/jetty-webapp/9.3.24.v20180605/jetty-webapp-9.3.24.v20180605.jar:/home/user/.m2/repository/org/eclipse/jetty/jetty-xml/9.3.24.v20180605/jetty-xml-9.3.24.v20180605.jar:/home/user/.m2/repository/log4j/log4j/1.2.17/log4j-1.2.17.jar:/home/user/.m2/repository/org/slf4j/slf4j-api/1.7.25/slf4j-api-1.7.25.jar:/home/user/.m2/repository/org/slf4j/jul-to-slf4j/1.7.25/jul-to-slf4j-1.7.25.jar:/home/user/.m2/repository/org/eclipse/jetty/jetty-util/9.3.24.v20180605/jetty-util-9.3.24.v20180605.jar:/home/user/.m2/repository/io/dropwizard/metrics/metrics-core/3.2.4/metrics-core-3.2.4.jar:/home/user/.m2/repository/com/fasterxml/jackson/core/jackson-databind/2.9.5/jackson-databind-2.9.5.jar:/home/user/.m2/repository/org/apache/hadoop/hadoop-kms/3.2.0/hadoop-kms-3.2.0-tests.jar:/home/user/.m2/repository/org/apache/hadoop/hadoop-hdds-server-scm/0.5.0-SNAPSHOT/hadoop-hdds-server-scm-0.5.0-SNAPSHOT-tests.jar:/home/user/.m2/repository/org/hamcrest/hamcrest-all/1.3/hamcrest-all-1.3.jar:/home/user/.m2/repository/info/picocli/picocli/3.9.6/picocli-3.9.6.jar:/home/user/.m2/repository/org/apache/hadoop/hadoop-hdds-container-service/0.5.0-SNAPSHOT/hadoop-hdds-container-service-0.5.0-SNAPSHOT-tests.jar:/home/user/.m2/repository/org/yaml/snakeyaml/1.16/snakeyaml-1.16.jar:/home/user/.m2/repository/org/apache/hadoop/hadoop-common/3.2.0/hadoop-common-3.2.0-tests.jar:/home/user/.m2/repository/org/apache/hadoop/hadoop-annotations/3.2.0/hadoop-annotations-3.2.0.jar:/usr/lib/jvm/java-1.8-openjdk/jre/../lib/tools.jar:/home/user/.m2/repository/commons-cli/commons-cli/1.2/commons-cli-1.2.jar:/home/user/.m2/repository/org/apache/httpcomponents/httpclient/4.5.2/httpclient-4.5.2.jar:/home/user/.m2/repository/org/apache/httpcomponents/httpcore/4.4.4/httpcore-4.4.4.jar:/home/user/.m2/repository/commons-codec/commons-codec/1.11/commons-codec-1.11.jar:/home/user/.m2/repository/commons-net/commons-net/3.6/commons-net-3.6.jar:/home/user/.m2/repository/commons-collections/commons-collections/3.2.2/commons-collections-3.2.2.jar:/home/user/.m2/repository/org/eclipse/jetty/jetty-servlet/9.3.24.v20180605/jetty-servlet-9.3.24.v20180605.jar:/home/user/.m2/repository/org/eclipse/jetty/jetty-security/9.3.24.v20180605/jetty-security-9.3.24.v20180605.jar:/home/user/.m2/repository/javax/servlet/jsp/jsp-api/2.1/jsp-api-2.1.jar:/home/user/.m2/repository/com/sun/jersey/jersey-servlet/1.19/jersey-servlet-1.19.jar:/home/user/.m2/repository/com/sun/jersey/jersey-json/1.19/jersey-json-1.19.jar:/home/user/.m2/repository/org/codehaus/jettison/jettison/1.1/jettison-1.1.jar:/home/user/.m2/repository/org/codehaus/jackson/jackson-core-asl/1.9.13/jackson-core-asl-1.9.13.jar:/home/user/.m2/repository/org/codehaus/jackson/jackson-mapper-asl/1.9.13/jackson-mapper-asl-1.9.13.jar:/home/user/.m2/repository/org/codehaus/jackson/jackson-jaxrs/1.9.13/jackson-jaxrs-1.9.13.jar:/home/user/.m2/repository/org/codehaus/jackson/jackson-xc/1.9.13/jackson-xc-1.9.13.jar:/home/user/.m2/repository/commons-logging/commons-logging/1.1.3/commons-logging-1.1.3.jar:/home/user/.m2/repository/commons-beanutils/commons-beanutils/1.9.3/commons-beanutils-1.9.3.jar:/home/user/.m2/repository/org/apache/commons/commons-configuration2/2.1.1/commons-configuration2-2.1.1.jar:/home/user/.m2/repository/org/apache/commons/commons-lang3/3.7/commons-lang3-3.7.jar:/home/user/.m2/repository/org/apache/commons/commons-text/1.4/commons-text-1.4.jar:/home/user/.m2/repository/org/apache/avro/avro/1.7.7/avro-1.7.7.jar:/home/user/.m2/repository/com/thoughtworks/paranamer/paranamer/2.3/paranamer-2.3.jar:/home/user/.m2/repository/org/xerial/snappy/snappy-java/1.0.5/snappy-java-1.0.5.jar:/home/user/.m2/repository/com/google/re2j/re2j/1.1/re2j-1.1.jar:/home/user/.m2/repository/com/google/code/gson/gson/2.2.4/gson-2.2.4.jar:/home/user/.m2/repository/com/jcraft/jsch/0.1.54/jsch-0.1.54.jar:/home/user/.m2/repository/org/apache/curator/curator-client/2.12.0/curator-client-2.12.0.jar:/home/user/.m2/repository/org/apache/curator/curator-recipes/2.12.0/curator-recipes-2.12.0.jar:/home/user/.m2/repository/com/google/code/findbugs/jsr305/3.0.0/jsr305-3.0.0.jar:/home/user/.m2/repository/org/apache/htrace/htrace-core4/4.1.0-incubating/htrace-core4-4.1.0-incubating.jar:/home/user/.m2/repository/org/apache/zookeeper/zookeeper/3.4.13/zookeeper-3.4.13.jar:/home/user/.m2/repository/org/apache/yetus/audience-annotations/0.5.0/audience-annotations-0.5.0.jar:/home/user/.m2/repository/org/codehaus/woodstox/stax2-api/3.1.4/stax2-api-3.1.4.jar:/home/user/.m2/repository/com/fasterxml/woodstox/woodstox-core/5.0.3/woodstox-core-5.0.3.jar:/home/user/.m2/repository/dnsjava/dnsjava/2.1.7/dnsjava-2.1.7.jar:/home/user/.m2/repository/org/apache/hadoop/hadoop-hdfs/3.2.0/hadoop-hdfs-3.2.0-tests.jar:/home/user/.m2/repository/org/eclipse/jetty/jetty-util-ajax/9.3.24.v20180605/jetty-util-ajax-9.3.24.v20180605.jar:/home/user/.m2/repository/commons-daemon/commons-daemon/1.0.13/commons-daemon-1.0.13.jar:/home/user/.m2/repository/io/netty/netty/3.10.5.Final/netty-3.10.5.Final.jar:/home/user/.m2/repository/io/netty/netty-all/4.0.52.Final/netty-all-4.0.52.Final.jar:/home/user/.m2/repository/org/fusesource/leveldbjni/leveldbjni-all/1.8/leveldbjni-all-1.8.jar:"/>
    <property name="java.vm.vendor" value="IcedTea"/>
    <property name="sun.arch.data.model" value="64"/>
    <property name="test.build.dir" value="/opt/src/hadoop-ozone/integration-test/target/test-dir"/>
    <property name="test.cache.data" value=""/>
    <property name="java.vendor.url" value="https://icedtea.classpath.org"/>
    <property name="user.timezone" value=""/>
    <property name="java.vm.specification.version" value="1.8"/>
    <property name="os.name" value="Linux"/>
    <property name="test.build.data" value="/opt/src/hadoop-ozone/integration-test/target/test-dir"/>
    <property name="user.country" value="US"/>
    <property name="sun.java.launcher" value="SUN_STANDARD"/>
    <property name="sun.boot.library.path" value="/usr/lib/jvm/java-1.8-openjdk/jre/lib/amd64"/>
    <property name="sun.java.command" value="/opt/src/hadoop-ozone/integration-test/target/surefire/surefirebooter3320118955843764198.jar /opt/src/hadoop-ozone/integration-test/target/surefire 2019-06-15T10-11-53_931-jvmRun1 surefire4864847482993095199tmp surefire_122465435181480961281tmp"/>
    <property name="surefire.test.class.path" value="/opt/src/hadoop-ozone/integration-test/target/test-classes:/opt/src/hadoop-ozone/integration-test/target/classes:/home/user/.m2/repository/org/apache/hadoop/hadoop-ozone-common/0.5.0-SNAPSHOT/hadoop-ozone-common-0.5.0-SNAPSHOT.jar:/home/user/.m2/repository/org/apache/commons/commons-compress/1.4.1/commons-compress-1.4.1.jar:/home/user/.m2/repository/org/tukaani/xz/1.0/xz-1.0.jar:/home/user/.m2/repository/org/apache/hadoop/hadoop-common/3.2.0/hadoop-common-3.2.0.jar:/home/user/.m2/repository/org/apache/hadoop/hadoop-hdfs/3.2.0/hadoop-hdfs-3.2.0.jar:/home/user/.m2/repository/org/apache/hadoop/hadoop-hdfs-client/3.2.0/hadoop-hdfs-client-3.2.0.jar:/home/user/.m2/repository/com/fasterxml/jackson/core/jackson-annotations/2.9.5/jackson-annotations-2.9.5.jar:/home/user/.m2/repository/org/apache/hadoop/hadoop-hdds-common/0.5.0-SNAPSHOT/hadoop-hdds-common-0.5.0-SNAPSHOT.jar:/home/user/.m2/repository/javax/annotation/javax.annotation-api/1.2/javax.annotation-api-1.2.jar:/home/user/.m2/repository/org/apache/ratis/ratis-server/0.4.0-fe2b15d-SNAPSHOT/ratis-server-0.4.0-fe2b15d-SNAPSHOT.jar:/home/user/.m2/repository/org/apache/ratis/ratis-thirdparty-misc/0.2.0/ratis-thirdparty-misc-0.2.0.jar:/home/user/.m2/repository/org/apache/ratis/ratis-proto/0.4.0-fe2b15d-SNAPSHOT/ratis-proto-0.4.0-fe2b15d-SNAPSHOT.jar:/home/user/.m2/repository/org/apache/ratis/ratis-common/0.4.0-fe2b15d-SNAPSHOT/ratis-common-0.4.0-fe2b15d-SNAPSHOT.jar:/home/user/.m2/repository/org/apache/ratis/ratis-client/0.4.0-fe2b15d-SNAPSHOT/ratis-client-0.4.0-fe2b15d-SNAPSHOT.jar:/home/user/.m2/repository/org/apache/ratis/ratis-netty/0.4.0-fe2b15d-SNAPSHOT/ratis-netty-0.4.0-fe2b15d-SNAPSHOT.jar:/home/user/.m2/repository/org/apache/ratis/ratis-grpc/0.4.0-fe2b15d-SNAPSHOT/ratis-grpc-0.4.0-fe2b15d-SNAPSHOT.jar:/home/user/.m2/repository/org/rocksdb/rocksdbjni/5.14.2/rocksdbjni-5.14.2.jar:/home/user/.m2/repository/org/apache/logging/log4j/log4j-api/2.11.0/log4j-api-2.11.0.jar:/home/user/.m2/repository/org/apache/logging/log4j/log4j-core/2.11.0/log4j-core-2.11.0.jar:/home/user/.m2/repository/com/lmax/disruptor/3.4.2/disruptor-3.4.2.jar:/home/user/.m2/repository/org/apache/commons/commons-pool2/2.6.0/commons-pool2-2.6.0.jar:/home/user/.m2/repository/org/bouncycastle/bcpkix-jdk15on/1.60/bcpkix-jdk15on-1.60.jar:/home/user/.m2/repository/commons-validator/commons-validator/1.6/commons-validator-1.6.jar:/home/user/.m2/repository/commons-digester/commons-digester/1.8.1/commons-digester-1.8.1.jar:/home/user/.m2/repository/io/jaegertracing/jaeger-client/0.33.1/jaeger-client-0.33.1.jar:/home/user/.m2/repository/io/jaegertracing/jaeger-thrift/0.33.1/jaeger-thrift-0.33.1.jar:/home/user/.m2/repository/org/apache/thrift/libthrift/0.11.0/libthrift-0.11.0.jar:/home/user/.m2/repository/com/squareup/okhttp3/okhttp/3.9.0/okhttp-3.9.0.jar:/home/user/.m2/repository/com/squareup/okio/okio/1.13.0/okio-1.13.0.jar:/home/user/.m2/repository/io/jaegertracing/jaeger-core/0.33.1/jaeger-core-0.33.1.jar:/home/user/.m2/repository/io/jaegertracing/jaeger-tracerresolver/0.33.1/jaeger-tracerresolver-0.33.1.jar:/home/user/.m2/repository/io/opentracing/contrib/opentracing-tracerresolver/0.1.5/opentracing-tracerresolver-0.1.5.jar:/home/user/.m2/repository/io/opentracing/opentracing-util/0.31.0/opentracing-util-0.31.0.jar:/home/user/.m2/repository/io/opentracing/opentracing-api/0.31.0/opentracing-api-0.31.0.jar:/home/user/.m2/repository/io/opentracing/opentracing-noop/0.31.0/opentracing-noop-0.31.0.jar:/home/user/.m2/repository/org/apache/hadoop/hadoop-hdds-server-framework/0.5.0-SNAPSHOT/hadoop-hdds-server-framework-0.5.0-SNAPSHOT.jar:/home/user/.m2/repository/org/apache/hadoop/hadoop-hdds-server-scm/0.5.0-SNAPSHOT/hadoop-hdds-server-scm-0.5.0-SNAPSHOT.jar:/home/user/.m2/repository/org/apache/hadoop/hadoop-hdds-container-service/0.5.0-SNAPSHOT/hadoop-hdds-container-service-0.5.0-SNAPSHOT.jar:/home/user/.m2/repository/org/apache/hadoop/hadoop-hdds-client/0.5.0-SNAPSHOT/hadoop-hdds-client-0.5.0-SNAPSHOT.jar:/home/user/.m2/repository/org/apache/hadoop/hadoop-hdds-tools/0.5.0-SNAPSHOT/hadoop-hdds-tools-0.5.0-SNAPSHOT.jar:/home/user/.m2/repository/org/apache/hadoop/hadoop-ozone-ozone-manager/0.5.0-SNAPSHOT/hadoop-ozone-ozone-manager-0.5.0-SNAPSHOT.jar:/home/user/.m2/repository/org/apache/hadoop/hadoop-hdds-docs/0.5.0-SNAPSHOT/hadoop-hdds-docs-0.5.0-SNAPSHOT.jar:/home/user/.m2/repository/org/bouncycastle/bcprov-jdk15on/1.60/bcprov-jdk15on-1.60.jar:/home/user/.m2/repository/org/apache/hadoop/hadoop-minikdc/3.2.0/hadoop-minikdc-3.2.0.jar:/home/user/.m2/repository/commons-io/commons-io/2.5/commons-io-2.5.jar:/home/user/.m2/repository/org/apache/kerby/kerb-simplekdc/1.0.1/kerb-simplekdc-1.0.1.jar:/home/user/.m2/repository/org/apache/kerby/kerb-client/1.0.1/kerb-client-1.0.1.jar:/home/user/.m2/repository/org/apache/kerby/kerby-config/1.0.1/kerby-config-1.0.1.jar:/home/user/.m2/repository/org/apache/kerby/kerb-core/1.0.1/kerb-core-1.0.1.jar:/home/user/.m2/repository/org/apache/kerby/kerby-pkix/1.0.1/kerby-pkix-1.0.1.jar:/home/user/.m2/repository/org/apache/kerby/kerby-asn1/1.0.1/kerby-asn1-1.0.1.jar:/home/user/.m2/repository/org/apache/kerby/kerby-util/1.0.1/kerby-util-1.0.1.jar:/home/user/.m2/repository/org/apache/kerby/kerb-common/1.0.1/kerb-common-1.0.1.jar:/home/user/.m2/repository/org/apache/kerby/kerb-crypto/1.0.1/kerb-crypto-1.0.1.jar:/home/user/.m2/repository/org/apache/kerby/kerb-util/1.0.1/kerb-util-1.0.1.jar:/home/user/.m2/repository/org/apache/kerby/token-provider/1.0.1/token-provider-1.0.1.jar:/home/user/.m2/repository/org/apache/kerby/kerb-admin/1.0.1/kerb-admin-1.0.1.jar:/home/user/.m2/repository/org/apache/kerby/kerb-server/1.0.1/kerb-server-1.0.1.jar:/home/user/.m2/repository/org/apache/kerby/kerb-identity/1.0.1/kerb-identity-1.0.1.jar:/home/user/.m2/repository/org/apache/kerby/kerby-xdr/1.0.1/kerby-xdr-1.0.1.jar:/home/user/.m2/repository/org/slf4j/slf4j-log4j12/1.7.25/slf4j-log4j12-1.7.25.jar:/home/user/.m2/repository/org/apache/hadoop/hadoop-ozone-objectstore-service/0.5.0-SNAPSHOT/hadoop-ozone-objectstore-service-0.5.0-SNAPSHOT.jar:/home/user/.m2/repository/org/apache/hadoop/hadoop-ozone-s3gateway/0.5.0-SNAPSHOT/hadoop-ozone-s3gateway-0.5.0-SNAPSHOT.jar:/home/user/.m2/repository/org/jboss/weld/servlet/weld-servlet/2.4.7.Final/weld-servlet-2.4.7.Final.jar:/home/user/.m2/repository/org/glassfish/jersey/containers/jersey-container-servlet-core/2.27/jersey-container-servlet-core-2.27.jar:/home/user/.m2/repository/org/glassfish/hk2/external/javax.inject/2.5.0-b42/javax.inject-2.5.0-b42.jar:/home/user/.m2/repository/org/glassfish/jersey/core/jersey-common/2.27/jersey-common-2.27.jar:/home/user/.m2/repository/org/glassfish/hk2/osgi-resource-locator/1.0.1/osgi-resource-locator-1.0.1.jar:/home/user/.m2/repository/javax/ws/rs/javax.ws.rs-api/2.1/javax.ws.rs-api-2.1.jar:/home/user/.m2/repository/org/glassfish/jersey/ext/cdi/jersey-cdi1x/2.27/jersey-cdi1x-2.27.jar:/home/user/.m2/repository/org/glassfish/jersey/inject/jersey-hk2/2.27/jersey-hk2-2.27.jar:/home/user/.m2/repository/org/glassfish/hk2/hk2-locator/2.5.0-b42/hk2-locator-2.5.0-b42.jar:/home/user/.m2/repository/org/javassist/javassist/3.22.0-CR2/javassist-3.22.0-CR2.jar:/home/user/.m2/repository/org/glassfish/hk2/hk2-api/2.5.0/hk2-api-2.5.0.jar:/home/user/.m2/repository/org/glassfish/hk2/external/jakarta.inject/2.5.0/jakarta.inject-2.5.0.jar:/home/user/.m2/repository/org/glassfish/hk2/hk2-utils/2.5.0/hk2-utils-2.5.0.jar:/home/user/.m2/repository/jakarta/annotation/jakarta.annotation-api/1.3.4/jakarta.annotation-api-1.3.4.jar:/home/user/.m2/repository/org/glassfish/hk2/external/aopalliance-repackaged/2.5.0/aopalliance-repackaged-2.5.0.jar:/home/user/.m2/repository/com/fasterxml/jackson/dataformat/jackson-dataformat-xml/2.9.0/jackson-dataformat-xml-2.9.0.jar:/home/user/.m2/repository/com/fasterxml/jackson/core/jackson-core/2.9.5/jackson-core-2.9.5.jar:/home/user/.m2/repository/com/fasterxml/jackson/module/jackson-module-jaxb-annotations/2.9.5/jackson-module-jaxb-annotations-2.9.5.jar:/home/user/.m2/repository/javax/enterprise/cdi-api/1.2/cdi-api-1.2.jar:/home/user/.m2/repository/javax/el/javax.el-api/3.0.0/javax.el-api-3.0.0.jar:/home/user/.m2/repository/javax/interceptor/javax.interceptor-api/1.2/javax.interceptor-api-1.2.jar:/home/user/.m2/repository/javax/inject/javax.inject/1/javax.inject-1.jar:/home/user/.m2/repository/com/sun/xml/bind/jaxb-impl/2.3.0.1/jaxb-impl-2.3.0.1.jar:/home/user/.m2/repository/com/sun/xml/bind/jaxb-core/2.3.0.1/jaxb-core-2.3.0.1.jar:/home/user/.m2/repository/javax/xml/bind/jaxb-api/2.3.0/jaxb-api-2.3.0.jar:/home/user/.m2/repository/javax/activation/activation/1.1.1/activation-1.1.1.jar:/home/user/.m2/repository/org/apache/hadoop/hadoop-ozone-csi/0.5.0-SNAPSHOT/hadoop-ozone-csi-0.5.0-SNAPSHOT.jar:/home/user/.m2/repository/com/google/protobuf/protobuf-java-util/3.5.1/protobuf-java-util-3.5.1.jar:/home/user/.m2/repository/org/apache/hadoop/hadoop-hdds-config/0.5.0-SNAPSHOT/hadoop-hdds-config-0.5.0-SNAPSHOT.jar:/home/user/.m2/repository/com/google/guava/guava/11.0.2/guava-11.0.2.jar:/home/user/.m2/repository/com/google/protobuf/protobuf-java/2.5.0/protobuf-java-2.5.0.jar:/home/user/.m2/repository/io/grpc/grpc-netty/1.17.1/grpc-netty-1.17.1.jar:/home/user/.m2/repository/io/grpc/grpc-core/1.17.1/grpc-core-1.17.1.jar:/home/user/.m2/repository/io/grpc/grpc-context/1.17.1/grpc-context-1.17.1.jar:/home/user/.m2/repository/com/google/errorprone/error_prone_annotations/2.2.0/error_prone_annotations-2.2.0.jar:/home/user/.m2/repository/org/codehaus/mojo/animal-sniffer-annotations/1.17/animal-sniffer-annotations-1.17.jar:/home/user/.m2/repository/io/opencensus/opencensus-api/0.17.0/opencensus-api-0.17.0.jar:/home/user/.m2/repository/io/opencensus/opencensus-contrib-grpc-metrics/0.17.0/opencensus-contrib-grpc-metrics-0.17.0.jar:/home/user/.m2/repository/io/netty/netty-codec-http2/4.1.30.Final/netty-codec-http2-4.1.30.Final.jar:/home/user/.m2/repository/io/netty/netty-codec-http/4.1.30.Final/netty-codec-http-4.1.30.Final.jar:/home/user/.m2/repository/io/netty/netty-codec/4.1.30.Final/netty-codec-4.1.30.Final.jar:/home/user/.m2/repository/io/netty/netty-handler/4.1.30.Final/netty-handler-4.1.30.Final.jar:/home/user/.m2/repository/io/netty/netty-handler-proxy/4.1.30.Final/netty-handler-proxy-4.1.30.Final.jar:/home/user/.m2/repository/io/netty/netty-codec-socks/4.1.30.Final/netty-codec-socks-4.1.30.Final.jar:/home/user/.m2/repository/io/netty/netty-transport-native-epoll/4.1.30.Final/netty-transport-native-epoll-4.1.30.Final.jar:/home/user/.m2/repository/io/netty/netty-common/4.1.30.Final/netty-common-4.1.30.Final.jar:/home/user/.m2/repository/io/netty/netty-buffer/4.1.30.Final/netty-buffer-4.1.30.Final.jar:/home/user/.m2/repository/io/netty/netty-transport/4.1.30.Final/netty-transport-4.1.30.Final.jar:/home/user/.m2/repository/io/netty/netty-resolver/4.1.30.Final/netty-resolver-4.1.30.Final.jar:/home/user/.m2/repository/io/netty/netty-transport-native-unix-common/4.1.30.Final/netty-transport-native-unix-common-4.1.30.Final.jar:/home/user/.m2/repository/io/grpc/grpc-protobuf/1.17.1/grpc-protobuf-1.17.1.jar:/home/user/.m2/repository/com/google/api/grpc/proto-google-common-protos/1.0.0/proto-google-common-protos-1.0.0.jar:/home/user/.m2/repository/io/grpc/grpc-protobuf-lite/1.17.1/grpc-protobuf-lite-1.17.1.jar:/home/user/.m2/repository/io/grpc/grpc-stub/1.17.1/grpc-stub-1.17.1.jar:/home/user/.m2/repository/org/apache/hadoop/hadoop-ozone-recon/0.5.0-SNAPSHOT/hadoop-ozone-recon-0.5.0-SNAPSHOT.jar:/home/user/.m2/repository/org/apache/hadoop/hadoop-ozone-reconcodegen/0.5.0-SNAPSHOT/hadoop-ozone-reconcodegen-0.5.0-SNAPSHOT.jar:/home/user/.m2/repository/com/google/inject/extensions/guice-multibindings/4.0/guice-multibindings-4.0.jar:/home/user/.m2/repository/com/google/inject/guice/4.0/guice-4.0.jar:/home/user/.m2/repository/aopalliance/aopalliance/1.0/aopalliance-1.0.jar:/home/user/.m2/repository/com/google/inject/extensions/guice-servlet/4.0/guice-servlet-4.0.jar:/home/user/.m2/repository/org/glassfish/jersey/containers/jersey-container-servlet/2.27/jersey-container-servlet-2.27.jar:/home/user/.m2/repository/org/glassfish/hk2/guice-bridge/2.5.0/guice-bridge-2.5.0.jar:/home/user/.m2/repository/org/glassfish/jersey/core/jersey-server/2.27/jersey-server-2.27.jar:/home/user/.m2/repository/org/glassfish/jersey/core/jersey-client/2.27/jersey-client-2.27.jar:/home/user/.m2/repository/org/glassfish/jersey/media/jersey-media-jaxb/2.27/jersey-media-jaxb-2.27.jar:/home/user/.m2/repository/javax/validation/validation-api/1.1.0.Final/validation-api-1.1.0.Final.jar:/home/user/.m2/repository/org/glassfish/jersey/media/jersey-media-json-jackson/2.27/jersey-media-json-jackson-2.27.jar:/home/user/.m2/repository/org/glassfish/jersey/ext/jersey-entity-filtering/2.27/jersey-entity-filtering-2.27.jar:/home/user/.m2/repository/com/google/inject/extensions/guice-assistedinject/4.0/guice-assistedinject-4.0.jar:/home/user/.m2/repository/org/jooq/jooq/3.11.10/jooq-3.11.10.jar:/home/user/.m2/repository/org/jooq/jooq-meta/3.11.10/jooq-meta-3.11.10.jar:/home/user/.m2/repository/org/jooq/jooq-codegen/3.11.10/jooq-codegen-3.11.10.jar:/home/user/.m2/repository/com/jolbox/bonecp/0.8.0.RELEASE/bonecp-0.8.0.RELEASE.jar:/home/user/.m2/repository/org/xerial/sqlite-jdbc/3.25.2/sqlite-jdbc-3.25.2.jar:/home/user/.m2/repository/org/springframework/spring-jdbc/5.1.3.RELEASE/spring-jdbc-5.1.3.RELEASE.jar:/home/user/.m2/repository/org/springframework/spring-beans/5.1.3.RELEASE/spring-beans-5.1.3.RELEASE.jar:/home/user/.m2/repository/org/springframework/spring-core/5.1.3.RELEASE/spring-core-5.1.3.RELEASE.jar:/home/user/.m2/repository/org/springframework/spring-jcl/5.1.3.RELEASE/spring-jcl-5.1.3.RELEASE.jar:/home/user/.m2/repository/org/springframework/spring-tx/5.1.3.RELEASE/spring-tx-5.1.3.RELEASE.jar:/home/user/.m2/repository/org/apache/hadoop/hadoop-ozone-client/0.5.0-SNAPSHOT/hadoop-ozone-client-0.5.0-SNAPSHOT.jar:/home/user/.m2/repository/org/apache/hadoop/hadoop-ozone-ozone-manager/0.5.0-SNAPSHOT/hadoop-ozone-ozone-manager-0.5.0-SNAPSHOT-tests.jar:/home/user/.m2/repository/junit/junit/4.11/junit-4.11.jar:/home/user/.m2/repository/org/hamcrest/hamcrest-core/1.3/hamcrest-core-1.3.jar:/home/user/.m2/repository/org/openjdk/jmh/jmh-core/1.19/jmh-core-1.19.jar:/home/user/.m2/repository/net/sf/jopt-simple/jopt-simple/4.6/jopt-simple-4.6.jar:/home/user/.m2/repository/org/apache/commons/commons-math3/3.1.1/commons-math3-3.1.1.jar:/home/user/.m2/repository/org/openjdk/jmh/jmh-generator-annprocess/1.19/jmh-generator-annprocess-1.19.jar:/home/user/.m2/repository/org/mockito/mockito-all/1.8.5/mockito-all-1.8.5.jar:/home/user/.m2/repository/org/apache/hadoop/hadoop-kms/3.2.0/hadoop-kms-3.2.0.jar:/home/user/.m2/repository/org/apache/hadoop/hadoop-auth/3.2.0/hadoop-auth-3.2.0.jar:/home/user/.m2/repository/com/nimbusds/nimbus-jose-jwt/4.41.1/nimbus-jose-jwt-4.41.1.jar:/home/user/.m2/repository/com/github/stephenc/jcip/jcip-annotations/1.0-1/jcip-annotations-1.0-1.jar:/home/user/.m2/repository/net/minidev/json-smart/2.3/json-smart-2.3.jar:/home/user/.m2/repository/net/minidev/accessors-smart/1.2/accessors-smart-1.2.jar:/home/user/.m2/repository/org/ow2/asm/asm/5.0.4/asm-5.0.4.jar:/home/user/.m2/repository/org/apache/curator/curator-framework/2.12.0/curator-framework-2.12.0.jar:/home/user/.m2/repository/com/sun/jersey/jersey-core/1.19/jersey-core-1.19.jar:/home/user/.m2/repository/javax/ws/rs/jsr311-api/1.1.1/jsr311-api-1.1.1.jar:/home/user/.m2/repository/com/sun/jersey/jersey-server/1.19/jersey-server-1.19.jar:/home/user/.m2/repository/javax/servlet/javax.servlet-api/3.1.0/javax.servlet-api-3.1.0.jar:/home/user/.m2/repository/org/eclipse/jetty/jetty-server/9.3.24.v20180605/jetty-server-9.3.24.v20180605.jar:/home/user/.m2/repository/org/eclipse/jetty/jetty-http/9.3.24.v20180605/jetty-http-9.3.24.v20180605.jar:/home/user/.m2/repository/org/eclipse/jetty/jetty-io/9.3.24.v20180605/jetty-io-9.3.24.v20180605.jar:/home/user/.m2/repository/org/eclipse/jetty/jetty-webapp/9.3.24.v20180605/jetty-webapp-9.3.24.v20180605.jar:/home/user/.m2/repository/org/eclipse/jetty/jetty-xml/9.3.24.v20180605/jetty-xml-9.3.24.v20180605.jar:/home/user/.m2/repository/log4j/log4j/1.2.17/log4j-1.2.17.jar:/home/user/.m2/repository/org/slf4j/slf4j-api/1.7.25/slf4j-api-1.7.25.jar:/home/user/.m2/repository/org/slf4j/jul-to-slf4j/1.7.25/jul-to-slf4j-1.7.25.jar:/home/user/.m2/repository/org/eclipse/jetty/jetty-util/9.3.24.v20180605/jetty-util-9.3.24.v20180605.jar:/home/user/.m2/repository/io/dropwizard/metrics/metrics-core/3.2.4/metrics-core-3.2.4.jar:/home/user/.m2/repository/com/fasterxml/jackson/core/jackson-databind/2.9.5/jackson-databind-2.9.5.jar:/home/user/.m2/repository/org/apache/hadoop/hadoop-kms/3.2.0/hadoop-kms-3.2.0-tests.jar:/home/user/.m2/repository/org/apache/hadoop/hadoop-hdds-server-scm/0.5.0-SNAPSHOT/hadoop-hdds-server-scm-0.5.0-SNAPSHOT-tests.jar:/home/user/.m2/repository/org/hamcrest/hamcrest-all/1.3/hamcrest-all-1.3.jar:/home/user/.m2/repository/info/picocli/picocli/3.9.6/picocli-3.9.6.jar:/home/user/.m2/repository/org/apache/hadoop/hadoop-hdds-container-service/0.5.0-SNAPSHOT/hadoop-hdds-container-service-0.5.0-SNAPSHOT-tests.jar:/home/user/.m2/repository/org/yaml/snakeyaml/1.16/snakeyaml-1.16.jar:/home/user/.m2/repository/org/apache/hadoop/hadoop-common/3.2.0/hadoop-common-3.2.0-tests.jar:/home/user/.m2/repository/org/apache/hadoop/hadoop-annotations/3.2.0/hadoop-annotations-3.2.0.jar:/usr/lib/jvm/java-1.8-openjdk/jre/../lib/tools.jar:/home/user/.m2/repository/commons-cli/commons-cli/1.2/commons-cli-1.2.jar:/home/user/.m2/repository/org/apache/httpcomponents/httpclient/4.5.2/httpclient-4.5.2.jar:/home/user/.m2/repository/org/apache/httpcomponents/httpcore/4.4.4/httpcore-4.4.4.jar:/home/user/.m2/repository/commons-codec/commons-codec/1.11/commons-codec-1.11.jar:/home/user/.m2/repository/commons-net/commons-net/3.6/commons-net-3.6.jar:/home/user/.m2/repository/commons-collections/commons-collections/3.2.2/commons-collections-3.2.2.jar:/home/user/.m2/repository/org/eclipse/jetty/jetty-servlet/9.3.24.v20180605/jetty-servlet-9.3.24.v20180605.jar:/home/user/.m2/repository/org/eclipse/jetty/jetty-security/9.3.24.v20180605/jetty-security-9.3.24.v20180605.jar:/home/user/.m2/repository/javax/servlet/jsp/jsp-api/2.1/jsp-api-2.1.jar:/home/user/.m2/repository/com/sun/jersey/jersey-servlet/1.19/jersey-servlet-1.19.jar:/home/user/.m2/repository/com/sun/jersey/jersey-json/1.19/jersey-json-1.19.jar:/home/user/.m2/repository/org/codehaus/jettison/jettison/1.1/jettison-1.1.jar:/home/user/.m2/repository/org/codehaus/jackson/jackson-core-asl/1.9.13/jackson-core-asl-1.9.13.jar:/home/user/.m2/repository/org/codehaus/jackson/jackson-mapper-asl/1.9.13/jackson-mapper-asl-1.9.13.jar:/home/user/.m2/repository/org/codehaus/jackson/jackson-jaxrs/1.9.13/jackson-jaxrs-1.9.13.jar:/home/user/.m2/repository/org/codehaus/jackson/jackson-xc/1.9.13/jackson-xc-1.9.13.jar:/home/user/.m2/repository/commons-logging/commons-logging/1.1.3/commons-logging-1.1.3.jar:/home/user/.m2/repository/commons-beanutils/commons-beanutils/1.9.3/commons-beanutils-1.9.3.jar:/home/user/.m2/repository/org/apache/commons/commons-configuration2/2.1.1/commons-configuration2-2.1.1.jar:/home/user/.m2/repository/org/apache/commons/commons-lang3/3.7/commons-lang3-3.7.jar:/home/user/.m2/repository/org/apache/commons/commons-text/1.4/commons-text-1.4.jar:/home/user/.m2/repository/org/apache/avro/avro/1.7.7/avro-1.7.7.jar:/home/user/.m2/repository/com/thoughtworks/paranamer/paranamer/2.3/paranamer-2.3.jar:/home/user/.m2/repository/org/xerial/snappy/snappy-java/1.0.5/snappy-java-1.0.5.jar:/home/user/.m2/repository/com/google/re2j/re2j/1.1/re2j-1.1.jar:/home/user/.m2/repository/com/google/code/gson/gson/2.2.4/gson-2.2.4.jar:/home/user/.m2/repository/com/jcraft/jsch/0.1.54/jsch-0.1.54.jar:/home/user/.m2/repository/org/apache/curator/curator-client/2.12.0/curator-client-2.12.0.jar:/home/user/.m2/repository/org/apache/curator/curator-recipes/2.12.0/curator-recipes-2.12.0.jar:/home/user/.m2/repository/com/google/code/findbugs/jsr305/3.0.0/jsr305-3.0.0.jar:/home/user/.m2/repository/org/apache/htrace/htrace-core4/4.1.0-incubating/htrace-core4-4.1.0-incubating.jar:/home/user/.m2/repository/org/apache/zookeeper/zookeeper/3.4.13/zookeeper-3.4.13.jar:/home/user/.m2/repository/org/apache/yetus/audience-annotations/0.5.0/audience-annotations-0.5.0.jar:/home/user/.m2/repository/org/codehaus/woodstox/stax2-api/3.1.4/stax2-api-3.1.4.jar:/home/user/.m2/repository/com/fasterxml/woodstox/woodstox-core/5.0.3/woodstox-core-5.0.3.jar:/home/user/.m2/repository/dnsjava/dnsjava/2.1.7/dnsjava-2.1.7.jar:/home/user/.m2/repository/org/apache/hadoop/hadoop-hdfs/3.2.0/hadoop-hdfs-3.2.0-tests.jar:/home/user/.m2/repository/org/eclipse/jetty/jetty-util-ajax/9.3.24.v20180605/jetty-util-ajax-9.3.24.v20180605.jar:/home/user/.m2/repository/commons-daemon/commons-daemon/1.0.13/commons-daemon-1.0.13.jar:/home/user/.m2/repository/io/netty/netty/3.10.5.Final/netty-3.10.5.Final.jar:/home/user/.m2/repository/io/netty/netty-all/4.0.52.Final/netty-all-4.0.52.Final.jar:/home/user/.m2/repository/org/fusesource/leveldbjni/leveldbjni-all/1.8/leveldbjni-all-1.8.jar:"/>
    <property name="sun.cpu.endian" value="little"/>
    <property name="user.home" value="/home/user"/>
    <property name="user.language" value="en"/>
    <property name="java.specification.vendor" value="Oracle Corporation"/>
    <property name="java.home" value="/usr/lib/jvm/java-1.8-openjdk/jre"/>
    <property name="java.security.krb5.conf" value="/opt/src/hadoop-ozone/integration-test/target/test-classes/krb5.conf"/>
    <property name="basedir" value="/opt/src/hadoop-ozone/integration-test"/>
    <property name="file.separator" value="/"/>
    <property name="line.separator" value="&#10;"/>
    <property name="java.vm.specification.vendor" value="Oracle Corporation"/>
    <property name="java.specification.name" value="Java Platform API Specification"/>
    <property name="java.awt.graphicsenv" value="sun.awt.X11GraphicsEnvironment"/>
    <property name="surefire.real.class.path" value="/opt/src/hadoop-ozone/integration-test/target/surefire/surefirebooter3320118955843764198.jar"/>
    <property name="hadoop.log.dir" value="/opt/src/hadoop-ozone/integration-test/target/log"/>
    <property name="sun.boot.class.path" value="/usr/lib/jvm/java-1.8-openjdk/jre/lib/resources.jar:/usr/lib/jvm/java-1.8-openjdk/jre/lib/rt.jar:/usr/lib/jvm/java-1.8-openjdk/jre/lib/sunrsasign.jar:/usr/lib/jvm/java-1.8-openjdk/jre/lib/jsse.jar:/usr/lib/jvm/java-1.8-openjdk/jre/lib/jce.jar:/usr/lib/jvm/java-1.8-openjdk/jre/lib/charsets.jar:/usr/lib/jvm/java-1.8-openjdk/jre/lib/jfr.jar:/usr/lib/jvm/java-1.8-openjdk/jre/classes"/>
    <property name="sun.management.compiler" value="HotSpot 64-Bit Tiered Compilers"/>
    <property name="java.runtime.version" value="1.8.0_212-b04"/>
    <property name="java.net.preferIPv4Stack" value="true"/>
    <property name="user.name" value="jenkins1000"/>
    <property name="path.separator" value=":"/>
    <property name="java.security.egd" value="file:///dev/urandom"/>
    <property name="os.version" value="4.15.0-1021-aws"/>
    <property name="java.endorsed.dirs" value="/usr/lib/jvm/java-1.8-openjdk/jre/lib/endorsed"/>
    <property name="java.runtime.name" value="OpenJDK Runtime Environment"/>
    <property name="file.encoding" value="UTF-8"/>
    <property name="java.vm.name" value="OpenJDK 64-Bit Server VM"/>
    <property name="test.build.webapps" value=""/>
    <property name="localRepository" value="/home/user/.m2/repository"/>
    <property name="java.vendor.url.bug" value="https://icedtea.classpath.org/bugzilla"/>
    <property name="java.io.tmpdir" value="/tmp"/>
    <property name="require.test.libhadoop" value=""/>
    <property name="java.version" value="1.8.0_212"/>
    <property name="user.dir" value="/opt/src/hadoop-ozone/integration-test"/>
    <property name="os.arch" value="amd64"/>
    <property name="java.vm.specification.name" value="Java Virtual Machine Specification"/>
    <property name="test.build.classes" value="/opt/src/hadoop-ozone/integration-test/target/test-classes"/>
    <property name="java.awt.printerjob" value="sun.print.PSPrinterJob"/>
    <property name="sun.os.patch.level" value="unknown"/>
    <property name="hadoop.tmp.dir" value="/opt/src/hadoop-ozone/integration-test/target/tmp"/>
    <property name="java.library.path" value="/usr/lib/jvm/java-1.8-openjdk/jre/lib/amd64/server:/usr/lib/jvm/java-1.8-openjdk/jre/lib/amd64:/usr/lib/jvm/java-1.8-openjdk/jre/../lib/amd64:/opt/src/hadoop-ozone/integration-test/target/native/target/usr/local/lib:/opt/src/hadoop-ozone/integration-test/../../hadoop-common-project/hadoop-common/target/native/target/usr/local/lib:/usr/java/packages/lib/amd64:/usr/lib64:/lib64:/lib:/usr/lib"/>
    <property name="java.vm.info" value="mixed mode"/>
    <property name="java.vendor" value="IcedTea"/>
    <property name="java.vm.version" value="25.212-b04"/>
    <property name="java.ext.dirs" value="/usr/lib/jvm/java-1.8-openjdk/jre/lib/ext:/usr/java/packages/lib/ext"/>
    <property name="sun.io.unicode.encoding" value="UnicodeLittle"/>
    <property name="java.class.version" value="52.0"/>
  </properties>
  <testcase name="testPipelineExclusionWithPipelineFailure" classname="org.apache.hadoop.ozone.client.rpc.TestFailureHandlingByClient" time="25.737"/>
  <testcase name="testContainerExclusionWithClosedContainerException" classname="org.apache.hadoop.ozone.client.rpc.TestFailureHandlingByClient" time="12.439"/>
  <testcase name="testWriteSmallFile" classname="org.apache.hadoop.ozone.client.rpc.TestFailureHandlingByClient" time="12.342"/>
  <testcase name="testMultiBlockWritesWithIntermittentDnFailures" classname="org.apache.hadoop.ozone.client.rpc.TestFailureHandlingByClient" time="28.853">
    <error message="Allocate block failed." type="INTERNAL_ERROR org.apache.hadoop.ozone.om.exceptions.OMException">INTERNAL_ERROR org.apache.hadoop.ozone.om.exceptions.OMException: Allocate block failed.
	at org.apache.hadoop.ozone.om.protocolPB.OzoneManagerProtocolClientSideTranslatorPB.handleError(OzoneManagerProtocolClientSideTranslatorPB.java:720)
	at org.apache.hadoop.ozone.om.protocolPB.OzoneManagerProtocolClientSideTranslatorPB.allocateBlock(OzoneManagerProtocolClientSideTranslatorPB.java:743)
	at org.apache.hadoop.ozone.client.io.BlockOutputStreamEntryPool.allocateNewBlock(BlockOutputStreamEntryPool.java:248)
	at org.apache.hadoop.ozone.client.io.BlockOutputStreamEntryPool.allocateBlockIfNeeded(BlockOutputStreamEntryPool.java:296)
	at org.apache.hadoop.ozone.client.io.KeyOutputStream.handleWrite(KeyOutputStream.java:201)
	at org.apache.hadoop.ozone.client.io.KeyOutputStream.handleRetry(KeyOutputStream.java:376)
	at org.apache.hadoop.ozone.client.io.KeyOutputStream.handleException(KeyOutputStream.java:325)
	at org.apache.hadoop.ozone.client.io.KeyOutputStream.handleWrite(KeyOutputStream.java:231)
	at org.apache.hadoop.ozone.client.io.KeyOutputStream.write(KeyOutputStream.java:193)
	at org.apache.hadoop.ozone.client.io.OzoneOutputStream.write(OzoneOutputStream.java:49)
	at java.io.OutputStream.write(OutputStream.java:75)
	at org.apache.hadoop.ozone.client.rpc.TestFailureHandlingByClient.testMultiBlockWritesWithIntermittentDnFailures(TestFailureHandlingByClient.java:237)
	at sun.reflect.NativeMethodAccessorImpl.invoke0(Native Method)
	at sun.reflect.NativeMethodAccessorImpl.invoke(NativeMethodAccessorImpl.java:62)
	at sun.reflect.DelegatingMethodAccessorImpl.invoke(DelegatingMethodAccessorImpl.java:43)
	at java.lang.reflect.Method.invoke(Method.java:498)
	at org.junit.runners.model.FrameworkMethod$1.runReflectiveCall(FrameworkMethod.java:47)
	at org.junit.internal.runners.model.ReflectiveCallable.run(ReflectiveCallable.java:12)
	at org.junit.runners.model.FrameworkMethod.invokeExplosively(FrameworkMethod.java:44)
	at org.junit.internal.runners.statements.InvokeMethod.evaluate(InvokeMethod.java:17)
	at org.junit.runners.ParentRunner.runLeaf(ParentRunner.java:271)
	at org.junit.runners.BlockJUnit4ClassRunner.runChild(BlockJUnit4ClassRunner.java:70)
	at org.junit.runners.BlockJUnit4ClassRunner.runChild(BlockJUnit4ClassRunner.java:50)
	at org.junit.runners.ParentRunner$3.run(ParentRunner.java:238)
	at org.junit.runners.ParentRunner$1.schedule(ParentRunner.java:63)
	at org.junit.runners.ParentRunner.runChildren(ParentRunner.java:236)
	at org.junit.runners.ParentRunner.access$000(ParentRunner.java:53)
	at org.junit.runners.ParentRunner$2.evaluate(ParentRunner.java:229)
	at org.junit.runners.ParentRunner.run(ParentRunner.java:309)
	at org.apache.maven.surefire.junit4.JUnit4Provider.execute(JUnit4Provider.java:365)
	at org.apache.maven.surefire.junit4.JUnit4Provider.executeWithRerun(JUnit4Provider.java:273)
	at org.apache.maven.surefire.junit4.JUnit4Provider.executeTestSet(JUnit4Provider.java:238)
	at org.apache.maven.surefire.junit4.JUnit4Provider.invoke(JUnit4Provider.java:159)
	at org.apache.maven.surefire.booter.ForkedBooter.invokeProviderInSameClassLoader(ForkedBooter.java:384)
	at org.apache.maven.surefire.booter.ForkedBooter.runSuitesInProcess(ForkedBooter.java:345)
	at org.apache.maven.surefire.booter.ForkedBooter.execute(ForkedBooter.java:126)
	at org.apache.maven.surefire.booter.ForkedBooter.main(ForkedBooter.java:418)
</error>
    <system-out><![CDATA[2019-06-15 10:18:37,143 WARN  server.ServerUtils (ServerUtils.java:getScmDbDir(145)) - ozone.scm.db.dirs is not configured. We recommend adding this setting. Falling back to ozone.metadata.dirs instead.
2019-06-15 10:18:37,147 WARN  server.ServerUtils (ServerUtils.java:getScmDbDir(145)) - ozone.scm.db.dirs is not configured. We recommend adding this setting. Falling back to ozone.metadata.dirs instead.
2019-06-15 10:18:37,147 WARN  server.ServerUtils (ServerUtils.java:getScmDbDir(145)) - ozone.scm.db.dirs is not configured. We recommend adding this setting. Falling back to ozone.metadata.dirs instead.
2019-06-15 10:18:37,148 INFO  db.DBStoreBuilder (DBStoreBuilder.java:addTable(110)) - using custom profile for table: deletedBlocks
2019-06-15 10:18:37,148 INFO  db.DBStoreBuilder (DBStoreBuilder.java:processTables(161)) - Using default column profile:DBProfile.DISK for Table:deletedBlocks
2019-06-15 10:18:37,148 INFO  db.DBStoreBuilder (DBStoreBuilder.java:addTable(110)) - using custom profile for table: validCerts
2019-06-15 10:18:37,148 INFO  db.DBStoreBuilder (DBStoreBuilder.java:processTables(161)) - Using default column profile:DBProfile.DISK for Table:validCerts
2019-06-15 10:18:37,148 INFO  db.DBStoreBuilder (DBStoreBuilder.java:addTable(110)) - using custom profile for table: revokedCerts
2019-06-15 10:18:37,148 INFO  db.DBStoreBuilder (DBStoreBuilder.java:processTables(161)) - Using default column profile:DBProfile.DISK for Table:revokedCerts
2019-06-15 10:18:37,148 INFO  db.DBStoreBuilder (DBStoreBuilder.java:addTable(110)) - using custom profile for table: default
2019-06-15 10:18:37,149 INFO  db.DBStoreBuilder (DBStoreBuilder.java:processTables(167)) - Using default column profile:DBProfile.DISK for Table:default
2019-06-15 10:18:37,149 INFO  db.DBStoreBuilder (DBStoreBuilder.java:getDbProfile(198)) - Using default options. DBProfile.DISK
2019-06-15 10:18:37,215 INFO  net.NodeSchemaLoader (NodeSchemaLoader.java:loadSchemaFromFile(125)) - Loading file from sun.misc.CompoundEnumeration@6167c42f
2019-06-15 10:18:37,216 INFO  net.NodeSchemaLoader (NodeSchemaLoader.java:loadSchema(171)) - Loading network topology layer schema file
2019-06-15 10:18:37,221 INFO  node.SCMNodeManager (SCMNodeManager.java:<init>(119)) - Entering startup safe mode.
2019-06-15 10:18:37,222 WARN  server.ServerUtils (ServerUtils.java:getScmDbDir(145)) - ozone.scm.db.dirs is not configured. We recommend adding this setting. Falling back to ozone.metadata.dirs instead.
2019-06-15 10:18:37,239 INFO  pipeline.SCMPipelineManager (SCMPipelineManager.java:initializePipelineState(126)) - No pipeline exists in current db
2019-06-15 10:18:37,239 WARN  server.ServerUtils (ServerUtils.java:getScmDbDir(145)) - ozone.scm.db.dirs is not configured. We recommend adding this setting. Falling back to ozone.metadata.dirs instead.
2019-06-15 10:18:37,256 WARN  events.EventQueue (EventQueue.java:fireEvent(175)) - No event handler registered for event TypedEvent{payloadType=SafeModeStatus, name='SafeModeStatus'}
2019-06-15 10:18:37,258 INFO  ipc.CallQueueManager (CallQueueManager.java:<init>(84)) - Using callQueue: class java.util.concurrent.LinkedBlockingQueue, queueCapacity: 2000, scheduler: class org.apache.hadoop.ipc.DefaultRpcScheduler, ipcBackoff: false.
2019-06-15 10:18:37,282 INFO  ipc.Server (Server.java:run(1074)) - Starting Socket Reader #1 for port 35717
2019-06-15 10:18:37,287 INFO  ipc.CallQueueManager (CallQueueManager.java:<init>(84)) - Using callQueue: class java.util.concurrent.LinkedBlockingQueue, queueCapacity: 2000, scheduler: class org.apache.hadoop.ipc.DefaultRpcScheduler, ipcBackoff: false.
2019-06-15 10:18:37,289 INFO  ipc.Server (Server.java:run(1074)) - Starting Socket Reader #1 for port 39051
2019-06-15 10:18:37,299 INFO  ipc.CallQueueManager (CallQueueManager.java:<init>(84)) - Using callQueue: class java.util.concurrent.LinkedBlockingQueue, queueCapacity: 2000, scheduler: class org.apache.hadoop.ipc.DefaultRpcScheduler, ipcBackoff: false.
2019-06-15 10:18:37,300 INFO  ipc.Server (Server.java:run(1074)) - Starting Socket Reader #1 for port 34405
2019-06-15 10:18:37,309 INFO  hdfs.DFSUtil (DFSUtil.java:httpServerTemplateForNNAndJN(1641)) - Starting Web-server for scm at: http://0.0.0.0:0
2019-06-15 10:18:37,311 INFO  server.AuthenticationFilter (AuthenticationFilter.java:constructSecretProvider(240)) - Unable to initialize FileSignerSecretProvider, falling back to use random secrets.
2019-06-15 10:18:37,311 WARN  http.HttpRequestLog (HttpRequestLog.java:getRequestLog(97)) - Jetty request log can only be enabled using Log4j
2019-06-15 10:18:37,313 INFO  http.HttpServer2 (HttpServer2.java:addGlobalFilter(975)) - Added global filter 'safety' (class=org.apache.hadoop.http.HttpServer2$QuotingInputFilter)
2019-06-15 10:18:37,313 INFO  http.HttpServer2 (HttpServer2.java:addFilter(948)) - Added filter static_user_filter (class=org.apache.hadoop.http.lib.StaticUserWebFilter$StaticUserFilter) to context scm
2019-06-15 10:18:37,313 INFO  http.HttpServer2 (HttpServer2.java:addFilter(958)) - Added filter static_user_filter (class=org.apache.hadoop.http.lib.StaticUserWebFilter$StaticUserFilter) to context logs
2019-06-15 10:18:37,313 INFO  http.HttpServer2 (HttpServer2.java:addFilter(958)) - Added filter static_user_filter (class=org.apache.hadoop.http.lib.StaticUserWebFilter$StaticUserFilter) to context static
2019-06-15 10:18:37,317 INFO  server.StorageContainerManager (StorageContainerManager.java:start(753)) - StorageContainerLocationProtocol RPC server is listening at /0.0.0.0:34405
2019-06-15 10:18:37,317 INFO  impl.MetricsSystemImpl (MetricsSystemImpl.java:init(158)) - StorageContainerManager metrics system started (again)
2019-06-15 10:18:37,317 INFO  server.SCMClientProtocolServer (SCMClientProtocolServer.java:start(149)) - RPC server for Client  is listening at /0.0.0.0:34405
2019-06-15 10:18:37,318 INFO  ipc.Server (Server.java:run(1153)) - IPC Server listener on 34405: starting
2019-06-15 10:18:37,320 INFO  server.StorageContainerManager (StorageContainerManager.java:start(762)) - ScmBlockLocationProtocol RPC server is listening at /0.0.0.0:39051
2019-06-15 10:18:37,320 INFO  server.SCMBlockProtocolServer (SCMBlockProtocolServer.java:start(137)) - RPC server for Block Protocol is listening at /0.0.0.0:39051
2019-06-15 10:18:37,321 INFO  ipc.Server (Server.java:run(1314)) - IPC Server Responder: starting
2019-06-15 10:18:37,321 INFO  ipc.Server (Server.java:run(1153)) - IPC Server listener on 39051: starting
2019-06-15 10:18:37,321 INFO  ipc.Server (Server.java:run(1314)) - IPC Server Responder: starting
2019-06-15 10:18:37,378 INFO  server.StorageContainerManager (StorageContainerManager.java:start(766)) - ScmDatanodeProtocl RPC server is listening at /0.0.0.0:35717
2019-06-15 10:18:37,378 INFO  server.SCMDatanodeProtocolServer (SCMDatanodeProtocolServer.java:start(191)) - RPC server for DataNodes is listening at /0.0.0.0:35717
2019-06-15 10:18:37,379 INFO  ipc.Server (Server.java:run(1314)) - IPC Server Responder: starting
2019-06-15 10:18:37,382 INFO  ipc.Server (Server.java:run(1153)) - IPC Server listener on 35717: starting
2019-06-15 10:18:37,392 INFO  http.HttpServer2 (HttpServer2.java:bindListener(1191)) - Jetty bound to port 46821
2019-06-15 10:18:37,393 INFO  server.Server (Server.java:doStart(351)) - jetty-9.3.24.v20180605, build timestamp: 2018-06-05T17:11:56Z, git hash: 84205aa28f11a4f31f2a3b86d1bba2cc8ab69827
2019-06-15 10:18:37,396 INFO  handler.ContextHandler (ContextHandler.java:doStart(781)) - Started o.e.j.s.ServletContextHandler@61d8a491{/logs,file:///opt/src/hadoop-ozone/integration-test/target/log,AVAILABLE}
2019-06-15 10:18:37,396 INFO  handler.ContextHandler (ContextHandler.java:doStart(781)) - Started o.e.j.s.ServletContextHandler@1ee6434{/static,file:///opt/src/hadoop-ozone/integration-test/target/test-classes/webapps/static,AVAILABLE}
2019-06-15 10:18:37,400 INFO  handler.ContextHandler (ContextHandler.java:doStart(781)) - Started o.e.j.w.WebAppContext@5c3924fd{/,file:///opt/src/hadoop-ozone/integration-test/target/test-classes/webapps/scm/,AVAILABLE}{/scm}
2019-06-15 10:18:37,401 INFO  server.AbstractConnector (AbstractConnector.java:doStart(278)) - Started ServerConnector@666c243a{HTTP/1.1,[http/1.1]}{0.0.0.0:46821}
2019-06-15 10:18:37,401 INFO  server.Server (Server.java:doStart(419)) - Started @51160ms
2019-06-15 10:18:37,402 INFO  server.BaseHttpServer (BaseHttpServer.java:updateConnectorAddress(207)) - HTTP server of SCM is listening at http://0.0.0.0:46821
2019-06-15 10:18:37,407 WARN  scm.ScmUtils (ScmUtils.java:getDBPath(63)) - ozone.om.db.dirs is not configured. We recommend adding this setting. Falling back to ozone.metadata.dirs instead.
2019-06-15 10:18:37,407 INFO  util.JvmPauseMonitor (JvmPauseMonitor.java:run(188)) - Starting JVM pause monitor
2019-06-15 10:18:37,410 WARN  scm.ScmUtils (ScmUtils.java:getDBPath(63)) - ozone.om.db.dirs is not configured. We recommend adding this setting. Falling back to ozone.metadata.dirs instead.
2019-06-15 10:18:37,410 INFO  om.OzoneManager (OzoneManager.java:setOMNodeDetails(532)) - OM Service ID is not set. Setting it to the default ID: omServiceIdDefault
2019-06-15 10:18:37,410 INFO  om.OzoneManager (OzoneManager.java:setOMNodeDetails(538)) - OM Node ID is not set. Setting it to the OmStorage's OmID: b88d7716-d710-46da-bf30-31832793acc0
2019-06-15 10:18:37,410 WARN  scm.HddsServerUtil (HddsServerUtil.java:getDefaultRatisDirectory(354)) - Storage directory for Ratis is not configured. It is a good idea to map this to an SSD disk. Falling back to ozone.metadata.dirs
2019-06-15 10:18:37,411 WARN  scm.HddsServerUtil (HddsServerUtil.java:getDefaultRatisDirectory(354)) - Storage directory for Ratis is not configured. It is a good idea to map this to an SSD disk. Falling back to ozone.metadata.dirs
2019-06-15 10:18:37,411 INFO  om.OzoneManager (OzoneManager.java:loadOMHAConfigs(489)) - Found matching OM address with OMServiceId: null, OMNodeId: null, RPC Address: localhost:0 and Ratis port: 9872
2019-06-15 10:18:37,416 WARN  scm.ScmUtils (ScmUtils.java:getDBPath(63)) - ozone.om.db.dirs is not configured. We recommend adding this setting. Falling back to ozone.metadata.dirs instead.
2019-06-15 10:18:37,416 INFO  db.DBStoreBuilder (DBStoreBuilder.java:addTable(110)) - using custom profile for table: userTable
2019-06-15 10:18:37,416 INFO  db.DBStoreBuilder (DBStoreBuilder.java:processTables(161)) - Using default column profile:DBProfile.DISK for Table:userTable
2019-06-15 10:18:37,416 INFO  db.DBStoreBuilder (DBStoreBuilder.java:addTable(110)) - using custom profile for table: volumeTable
2019-06-15 10:18:37,416 INFO  db.DBStoreBuilder (DBStoreBuilder.java:processTables(161)) - Using default column profile:DBProfile.DISK for Table:volumeTable
2019-06-15 10:18:37,417 INFO  db.DBStoreBuilder (DBStoreBuilder.java:addTable(110)) - using custom profile for table: bucketTable
2019-06-15 10:18:37,417 INFO  db.DBStoreBuilder (DBStoreBuilder.java:processTables(161)) - Using default column profile:DBProfile.DISK for Table:bucketTable
2019-06-15 10:18:37,417 INFO  db.DBStoreBuilder (DBStoreBuilder.java:addTable(110)) - using custom profile for table: keyTable
2019-06-15 10:18:37,417 INFO  db.DBStoreBuilder (DBStoreBuilder.java:processTables(161)) - Using default column profile:DBProfile.DISK for Table:keyTable
2019-06-15 10:18:37,417 INFO  db.DBStoreBuilder (DBStoreBuilder.java:addTable(110)) - using custom profile for table: deletedTable
2019-06-15 10:18:37,418 INFO  db.DBStoreBuilder (DBStoreBuilder.java:processTables(161)) - Using default column profile:DBProfile.DISK for Table:deletedTable
2019-06-15 10:18:37,418 INFO  db.DBStoreBuilder (DBStoreBuilder.java:addTable(110)) - using custom profile for table: openKeyTable
2019-06-15 10:18:37,418 INFO  db.DBStoreBuilder (DBStoreBuilder.java:processTables(161)) - Using default column profile:DBProfile.DISK for Table:openKeyTable
2019-06-15 10:18:37,418 INFO  db.DBStoreBuilder (DBStoreBuilder.java:addTable(110)) - using custom profile for table: s3Table
2019-06-15 10:18:37,418 INFO  db.DBStoreBuilder (DBStoreBuilder.java:processTables(161)) - Using default column profile:DBProfile.DISK for Table:s3Table
2019-06-15 10:18:37,419 INFO  db.DBStoreBuilder (DBStoreBuilder.java:addTable(110)) - using custom profile for table: multipartInfoTable
2019-06-15 10:18:37,419 INFO  db.DBStoreBuilder (DBStoreBuilder.java:processTables(161)) - Using default column profile:DBProfile.DISK for Table:multipartInfoTable
2019-06-15 10:18:37,419 INFO  db.DBStoreBuilder (DBStoreBuilder.java:addTable(110)) - using custom profile for table: dTokenTable
2019-06-15 10:18:37,419 INFO  db.DBStoreBuilder (DBStoreBuilder.java:processTables(161)) - Using default column profile:DBProfile.DISK for Table:dTokenTable
2019-06-15 10:18:37,419 INFO  db.DBStoreBuilder (DBStoreBuilder.java:addTable(110)) - using custom profile for table: s3SecretTable
2019-06-15 10:18:37,419 INFO  db.DBStoreBuilder (DBStoreBuilder.java:processTables(161)) - Using default column profile:DBProfile.DISK for Table:s3SecretTable
2019-06-15 10:18:37,420 INFO  db.DBStoreBuilder (DBStoreBuilder.java:addTable(110)) - using custom profile for table: prefixTable
2019-06-15 10:18:37,420 INFO  db.DBStoreBuilder (DBStoreBuilder.java:processTables(161)) - Using default column profile:DBProfile.DISK for Table:prefixTable
2019-06-15 10:18:37,420 INFO  db.DBStoreBuilder (DBStoreBuilder.java:addTable(110)) - using custom profile for table: default
2019-06-15 10:18:37,420 INFO  db.DBStoreBuilder (DBStoreBuilder.java:processTables(167)) - Using default column profile:DBProfile.DISK for Table:default
2019-06-15 10:18:37,420 INFO  db.DBStoreBuilder (DBStoreBuilder.java:getDbProfile(198)) - Using default options. DBProfile.DISK
2019-06-15 10:18:37,592 INFO  ipc.CallQueueManager (CallQueueManager.java:<init>(84)) - Using callQueue: class java.util.concurrent.LinkedBlockingQueue, queueCapacity: 2000, scheduler: class org.apache.hadoop.ipc.DefaultRpcScheduler, ipcBackoff: false.
2019-06-15 10:18:37,593 INFO  ipc.Server (Server.java:run(1074)) - Starting Socket Reader #1 for port 34129
2019-06-15 10:18:37,608 WARN  scm.ScmUtils (ScmUtils.java:getDBPath(63)) - ozone.om.db.dirs is not configured. We recommend adding this setting. Falling back to ozone.metadata.dirs instead.
2019-06-15 10:18:37,609 INFO  om.OzoneManager (OzoneManager.java:start(1230)) - OzoneManager RPC server is listening at localhost/127.0.0.1:34129
2019-06-15 10:18:37,609 INFO  impl.MetricsSystemImpl (MetricsSystemImpl.java:init(158)) - OzoneManager metrics system started (again)
2019-06-15 10:18:37,616 INFO  ipc.Server (Server.java:run(1314)) - IPC Server Responder: starting
2019-06-15 10:18:37,617 INFO  ipc.Server (Server.java:run(1153)) - IPC Server listener on 34129: starting
2019-06-15 10:18:37,622 INFO  hdfs.DFSUtil (DFSUtil.java:httpServerTemplateForNNAndJN(1641)) - Starting Web-server for ozoneManager at: http://0.0.0.0:0
2019-06-15 10:18:37,623 INFO  server.AuthenticationFilter (AuthenticationFilter.java:constructSecretProvider(240)) - Unable to initialize FileSignerSecretProvider, falling back to use random secrets.
2019-06-15 10:18:37,625 WARN  http.HttpRequestLog (HttpRequestLog.java:getRequestLog(97)) - Jetty request log can only be enabled using Log4j
2019-06-15 10:18:37,627 INFO  http.HttpServer2 (HttpServer2.java:addGlobalFilter(975)) - Added global filter 'safety' (class=org.apache.hadoop.http.HttpServer2$QuotingInputFilter)
2019-06-15 10:18:37,628 INFO  http.HttpServer2 (HttpServer2.java:addFilter(948)) - Added filter static_user_filter (class=org.apache.hadoop.http.lib.StaticUserWebFilter$StaticUserFilter) to context ozoneManager
2019-06-15 10:18:37,628 INFO  http.HttpServer2 (HttpServer2.java:addFilter(958)) - Added filter static_user_filter (class=org.apache.hadoop.http.lib.StaticUserWebFilter$StaticUserFilter) to context static
2019-06-15 10:18:37,628 INFO  http.HttpServer2 (HttpServer2.java:addFilter(958)) - Added filter static_user_filter (class=org.apache.hadoop.http.lib.StaticUserWebFilter$StaticUserFilter) to context logs
2019-06-15 10:18:37,629 INFO  http.HttpServer2 (HttpServer2.java:bindListener(1191)) - Jetty bound to port 41777
2019-06-15 10:18:37,629 INFO  server.Server (Server.java:doStart(351)) - jetty-9.3.24.v20180605, build timestamp: 2018-06-05T17:11:56Z, git hash: 84205aa28f11a4f31f2a3b86d1bba2cc8ab69827
2019-06-15 10:18:37,636 INFO  handler.ContextHandler (ContextHandler.java:doStart(781)) - Started o.e.j.s.ServletContextHandler@1331d6fd{/logs,file:///opt/src/hadoop-ozone/integration-test/target/log,AVAILABLE}
2019-06-15 10:18:37,637 INFO  handler.ContextHandler (ContextHandler.java:doStart(781)) - Started o.e.j.s.ServletContextHandler@5b1f0f26{/static,file:///opt/src/hadoop-ozone/integration-test/target/test-classes/webapps/static,AVAILABLE}
2019-06-15 10:18:37,641 INFO  handler.ContextHandler (ContextHandler.java:doStart(781)) - Started o.e.j.w.WebAppContext@2c92f094{/,file:///opt/src/hadoop-ozone/integration-test/target/test-classes/webapps/ozoneManager/,AVAILABLE}{/ozoneManager}
2019-06-15 10:18:37,641 INFO  server.AbstractConnector (AbstractConnector.java:doStart(278)) - Started ServerConnector@1c3b221f{HTTP/1.1,[http/1.1]}{0.0.0.0:41777}
2019-06-15 10:18:37,642 INFO  server.Server (Server.java:doStart(419)) - Started @51400ms
2019-06-15 10:18:37,642 INFO  server.BaseHttpServer (BaseHttpServer.java:updateConnectorAddress(207)) - HTTP server of OZONEMANAGER is listening at http://0.0.0.0:41777
2019-06-15 10:18:37,655 INFO  impl.MetricsSystemImpl (MetricsSystemImpl.java:init(158)) - HddsDatanode metrics system started (again)
2019-06-15 10:18:37,655 INFO  ozone.HddsDatanodeService (HddsDatanodeService.java:start(185)) - HddsDatanodeService host:ozone-unit-076618677d3-624gv-3109658893 ip:192.168.46.52
2019-06-15 10:18:37,664 INFO  volume.HddsVolume (HddsVolume.java:<init>(176)) - Creating Volume: /opt/src/hadoop-ozone/integration-test/target/test-dir/MiniOzoneClusterImpl-e1d04c3c-ad13-46e8-b4e3-e8d267144a49/datanode-0/data/containers/hdds of  storage type : DISK and capacity : 104021790720
2019-06-15 10:18:37,665 INFO  volume.VolumeSet (VolumeSet.java:initializeVolumeSet(170)) - Added Volume : /opt/src/hadoop-ozone/integration-test/target/test-dir/MiniOzoneClusterImpl-e1d04c3c-ad13-46e8-b4e3-e8d267144a49/datanode-0/data/containers/hdds to VolumeSet
2019-06-15 10:18:37,665 INFO  volume.ThrottledAsyncChecker (ThrottledAsyncChecker.java:schedule(140)) - Scheduling a check for org.apache.hadoop.ozone.container.common.volume.HddsVolume@73baf7f0
2019-06-15 10:18:37,665 INFO  volume.HddsVolumeChecker (HddsVolumeChecker.java:checkAllVolumes(203)) - Scheduled health check for volume org.apache.hadoop.ozone.container.common.volume.HddsVolume@73baf7f0
2019-06-15 10:18:37,681 INFO  ratis.XceiverServerRatis (XceiverServerRatis.java:newXceiverServerRatis(401)) - Found a free port for the server : 36803
2019-06-15 10:18:37,683 INFO  impl.RaftServerProxy (ConfUtils.java:logGet(43)) - raft.rpc.type = GRPC (default)
2019-06-15 10:18:37,683 INFO  grpc.GrpcConfigKeys$Server (ConfUtils.java:logGet(43)) - raft.grpc.server.port = 36803 (custom)
2019-06-15 10:18:37,684 INFO  server.GrpcService (ConfUtils.java:logGet(43)) - raft.grpc.message.size.max = 33570816 (custom)
2019-06-15 10:18:37,684 INFO  server.RaftServerConfigKeys (ConfUtils.java:logGet(43)) - raft.server.log.appender.buffer.byte-limit = 33554432 (custom)
2019-06-15 10:18:37,684 INFO  server.GrpcService (ConfUtils.java:logGet(43)) - raft.grpc.flow.control.window = 1MB (=1048576) (default)
2019-06-15 10:18:37,684 INFO  server.RaftServerConfigKeys (ConfUtils.java:logGet(43)) - raft.server.rpc.request.timeout = 3000ms (default)
2019-06-15 10:18:37,685 INFO  server.RaftServerConfigKeys (ConfUtils.java:logGet(43)) - raft.server.storage.dir = [/opt/src/hadoop-ozone/integration-test/target/test-dir/MiniOzoneClusterImpl-e1d04c3c-ad13-46e8-b4e3-e8d267144a49/datanode-0/data/ratis] (custom)
2019-06-15 10:18:37,685 INFO  server.XceiverServerGrpc (XceiverServerGrpc.java:<init>(97)) - Found a free port for the server : 34063
2019-06-15 10:18:37,685 INFO  replication.SimpleContainerDownloader (SimpleContainerDownloader.java:<init>(72)) - Starting container downloader service to copy containers to replicate.
2019-06-15 10:18:37,689 INFO  hdfs.DFSUtil (DFSUtil.java:httpServerTemplateForNNAndJN(1641)) - Starting Web-server for hddsDatanode at: http://0.0.0.0:0
2019-06-15 10:18:37,690 INFO  server.AuthenticationFilter (AuthenticationFilter.java:constructSecretProvider(240)) - Unable to initialize FileSignerSecretProvider, falling back to use random secrets.
2019-06-15 10:18:37,692 WARN  http.HttpRequestLog (HttpRequestLog.java:getRequestLog(97)) - Jetty request log can only be enabled using Log4j
2019-06-15 10:18:37,693 INFO  http.HttpServer2 (HttpServer2.java:addGlobalFilter(975)) - Added global filter 'safety' (class=org.apache.hadoop.http.HttpServer2$QuotingInputFilter)
2019-06-15 10:18:37,694 INFO  http.HttpServer2 (HttpServer2.java:addFilter(948)) - Added filter static_user_filter (class=org.apache.hadoop.http.lib.StaticUserWebFilter$StaticUserFilter) to context hddsDatanode
2019-06-15 10:18:37,694 INFO  http.HttpServer2 (HttpServer2.java:addFilter(958)) - Added filter static_user_filter (class=org.apache.hadoop.http.lib.StaticUserWebFilter$StaticUserFilter) to context logs
2019-06-15 10:18:37,694 INFO  http.HttpServer2 (HttpServer2.java:addFilter(958)) - Added filter static_user_filter (class=org.apache.hadoop.http.lib.StaticUserWebFilter$StaticUserFilter) to context static
2019-06-15 10:18:37,695 INFO  http.HttpServer2 (HttpServer2.java:bindListener(1191)) - Jetty bound to port 42977
2019-06-15 10:18:37,695 INFO  server.Server (Server.java:doStart(351)) - jetty-9.3.24.v20180605, build timestamp: 2018-06-05T17:11:56Z, git hash: 84205aa28f11a4f31f2a3b86d1bba2cc8ab69827
2019-06-15 10:18:37,702 INFO  handler.ContextHandler (ContextHandler.java:doStart(781)) - Started o.e.j.s.ServletContextHandler@314c28dc{/logs,file:///opt/src/hadoop-ozone/integration-test/target/log,AVAILABLE}
2019-06-15 10:18:37,702 INFO  handler.ContextHandler (ContextHandler.java:doStart(781)) - Started o.e.j.s.ServletContextHandler@2f498f21{/static,jar:file:/home/user/.m2/repository/org/apache/hadoop/hadoop-hdds-container-service/0.5.0-SNAPSHOT/hadoop-hdds-container-service-0.5.0-SNAPSHOT.jar!/webapps/static,AVAILABLE}
2019-06-15 10:18:37,746 INFO  handler.ContextHandler (ContextHandler.java:doStart(781)) - Started o.e.j.w.WebAppContext@1adf387e{/,file:///tmp/jetty-0.0.0.0-42977-hddsDatanode-_-any-980488000907615172.dir/webapp/,AVAILABLE}{/hddsDatanode}
2019-06-15 10:18:37,746 INFO  server.AbstractConnector (AbstractConnector.java:doStart(278)) - Started ServerConnector@72b53f27{HTTP/1.1,[http/1.1]}{0.0.0.0:42977}
2019-06-15 10:18:37,746 INFO  server.Server (Server.java:doStart(419)) - Started @51505ms
2019-06-15 10:18:37,749 INFO  server.BaseHttpServer (BaseHttpServer.java:updateConnectorAddress(207)) - HTTP server of HDDSDATANODE is listening at http://0.0.0.0:42977
2019-06-15 10:18:37,878 INFO  ozone.HddsDatanodeService (HddsDatanodeService.java:startPlugins(396)) - Started plug-in org.apache.hadoop.ozone.web.OzoneHddsDatanodeService@54ed249f
2019-06-15 10:18:37,879 INFO  impl.MetricsSystemImpl (MetricsSystemImpl.java:init(158)) - HddsDatanode metrics system started (again)
2019-06-15 10:18:37,879 INFO  ozone.HddsDatanodeService (HddsDatanodeService.java:start(185)) - HddsDatanodeService host:ozone-unit-076618677d3-624gv-3109658893 ip:192.168.46.52
2019-06-15 10:18:37,883 INFO  util.JvmPauseMonitor (JvmPauseMonitor.java:run(188)) - Starting JVM pause monitor
2019-06-15 10:18:37,886 INFO  volume.HddsVolume (HddsVolume.java:<init>(176)) - Creating Volume: /opt/src/hadoop-ozone/integration-test/target/test-dir/MiniOzoneClusterImpl-e1d04c3c-ad13-46e8-b4e3-e8d267144a49/datanode-1/data/containers/hdds of  storage type : DISK and capacity : 104021790720
2019-06-15 10:18:37,886 INFO  volume.VolumeSet (VolumeSet.java:initializeVolumeSet(170)) - Added Volume : /opt/src/hadoop-ozone/integration-test/target/test-dir/MiniOzoneClusterImpl-e1d04c3c-ad13-46e8-b4e3-e8d267144a49/datanode-1/data/containers/hdds to VolumeSet
2019-06-15 10:18:37,886 INFO  volume.ThrottledAsyncChecker (ThrottledAsyncChecker.java:schedule(140)) - Scheduling a check for org.apache.hadoop.ozone.container.common.volume.HddsVolume@4511146f
2019-06-15 10:18:37,887 INFO  datanode.InitDatanodeState (InitDatanodeState.java:persistContainerDatanodeDetails(140)) - DatanodeDetails is persisted to /opt/src/hadoop-ozone/integration-test/target/test-dir/MiniOzoneClusterImpl-e1d04c3c-ad13-46e8-b4e3-e8d267144a49/datanode-0/meta/datanode.id
2019-06-15 10:18:37,887 INFO  volume.HddsVolumeChecker (HddsVolumeChecker.java:checkAllVolumes(203)) - Scheduled health check for volume org.apache.hadoop.ozone.container.common.volume.HddsVolume@4511146f
2019-06-15 10:18:37,965 INFO  ratis.XceiverServerRatis (XceiverServerRatis.java:newXceiverServerRatis(401)) - Found a free port for the server : 39915
2019-06-15 10:18:37,966 INFO  impl.RaftServerProxy (ConfUtils.java:logGet(43)) - raft.rpc.type = GRPC (default)
2019-06-15 10:18:37,966 INFO  grpc.GrpcConfigKeys$Server (ConfUtils.java:logGet(43)) - raft.grpc.server.port = 39915 (custom)
2019-06-15 10:18:37,966 INFO  server.GrpcService (ConfUtils.java:logGet(43)) - raft.grpc.message.size.max = 33570816 (custom)
2019-06-15 10:18:37,967 INFO  server.RaftServerConfigKeys (ConfUtils.java:logGet(43)) - raft.server.log.appender.buffer.byte-limit = 33554432 (custom)
2019-06-15 10:18:37,967 INFO  server.GrpcService (ConfUtils.java:logGet(43)) - raft.grpc.flow.control.window = 1MB (=1048576) (default)
2019-06-15 10:18:37,967 INFO  server.RaftServerConfigKeys (ConfUtils.java:logGet(43)) - raft.server.rpc.request.timeout = 3000ms (default)
2019-06-15 10:18:37,967 INFO  server.RaftServerConfigKeys (ConfUtils.java:logGet(43)) - raft.server.storage.dir = [/opt/src/hadoop-ozone/integration-test/target/test-dir/MiniOzoneClusterImpl-e1d04c3c-ad13-46e8-b4e3-e8d267144a49/datanode-1/data/ratis] (custom)
2019-06-15 10:18:37,968 INFO  server.XceiverServerGrpc (XceiverServerGrpc.java:<init>(97)) - Found a free port for the server : 33151
2019-06-15 10:18:37,968 INFO  replication.SimpleContainerDownloader (SimpleContainerDownloader.java:<init>(72)) - Starting container downloader service to copy containers to replicate.
2019-06-15 10:18:37,970 INFO  hdfs.DFSUtil (DFSUtil.java:httpServerTemplateForNNAndJN(1641)) - Starting Web-server for hddsDatanode at: http://0.0.0.0:0
2019-06-15 10:18:37,972 INFO  server.AuthenticationFilter (AuthenticationFilter.java:constructSecretProvider(240)) - Unable to initialize FileSignerSecretProvider, falling back to use random secrets.
2019-06-15 10:18:37,973 WARN  http.HttpRequestLog (HttpRequestLog.java:getRequestLog(97)) - Jetty request log can only be enabled using Log4j
2019-06-15 10:18:37,975 INFO  http.HttpServer2 (HttpServer2.java:addGlobalFilter(975)) - Added global filter 'safety' (class=org.apache.hadoop.http.HttpServer2$QuotingInputFilter)
2019-06-15 10:18:37,975 INFO  http.HttpServer2 (HttpServer2.java:addFilter(948)) - Added filter static_user_filter (class=org.apache.hadoop.http.lib.StaticUserWebFilter$StaticUserFilter) to context hddsDatanode
2019-06-15 10:18:37,975 INFO  http.HttpServer2 (HttpServer2.java:addFilter(958)) - Added filter static_user_filter (class=org.apache.hadoop.http.lib.StaticUserWebFilter$StaticUserFilter) to context logs
2019-06-15 10:18:37,976 INFO  http.HttpServer2 (HttpServer2.java:addFilter(958)) - Added filter static_user_filter (class=org.apache.hadoop.http.lib.StaticUserWebFilter$StaticUserFilter) to context static
2019-06-15 10:18:37,976 INFO  http.HttpServer2 (HttpServer2.java:bindListener(1191)) - Jetty bound to port 40339
2019-06-15 10:18:37,976 INFO  server.Server (Server.java:doStart(351)) - jetty-9.3.24.v20180605, build timestamp: 2018-06-05T17:11:56Z, git hash: 84205aa28f11a4f31f2a3b86d1bba2cc8ab69827
2019-06-15 10:18:37,979 INFO  handler.ContextHandler (ContextHandler.java:doStart(781)) - Started o.e.j.s.ServletContextHandler@41d53813{/logs,file:///opt/src/hadoop-ozone/integration-test/target/log,AVAILABLE}
2019-06-15 10:18:37,979 INFO  handler.ContextHandler (ContextHandler.java:doStart(781)) - Started o.e.j.s.ServletContextHandler@31cd0efa{/static,jar:file:/home/user/.m2/repository/org/apache/hadoop/hadoop-hdds-container-service/0.5.0-SNAPSHOT/hadoop-hdds-container-service-0.5.0-SNAPSHOT.jar!/webapps/static,AVAILABLE}
2019-06-15 10:18:38,006 INFO  handler.ContextHandler (ContextHandler.java:doStart(781)) - Started o.e.j.w.WebAppContext@64829470{/,file:///tmp/jetty-0.0.0.0-40339-hddsDatanode-_-any-7998705097443363287.dir/webapp/,AVAILABLE}{/hddsDatanode}
2019-06-15 10:18:38,007 INFO  server.AbstractConnector (AbstractConnector.java:doStart(278)) - Started ServerConnector@1cf4fd38{HTTP/1.1,[http/1.1]}{0.0.0.0:40339}
2019-06-15 10:18:38,008 INFO  server.Server (Server.java:doStart(419)) - Started @51766ms
2019-06-15 10:18:38,011 INFO  server.BaseHttpServer (BaseHttpServer.java:updateConnectorAddress(207)) - HTTP server of HDDSDATANODE is listening at http://0.0.0.0:40339
2019-06-15 10:18:38,152 INFO  ozone.HddsDatanodeService (HddsDatanodeService.java:startPlugins(396)) - Started plug-in org.apache.hadoop.ozone.web.OzoneHddsDatanodeService@7e532f2d
2019-06-15 10:18:38,152 INFO  impl.MetricsSystemImpl (MetricsSystemImpl.java:init(158)) - HddsDatanode metrics system started (again)
2019-06-15 10:18:38,153 INFO  ozone.HddsDatanodeService (HddsDatanodeService.java:start(185)) - HddsDatanodeService host:ozone-unit-076618677d3-624gv-3109658893 ip:192.168.46.52
2019-06-15 10:18:38,176 INFO  volume.HddsVolume (HddsVolume.java:<init>(176)) - Creating Volume: /opt/src/hadoop-ozone/integration-test/target/test-dir/MiniOzoneClusterImpl-e1d04c3c-ad13-46e8-b4e3-e8d267144a49/datanode-2/data/containers/hdds of  storage type : DISK and capacity : 104021790720
2019-06-15 10:18:38,176 INFO  volume.VolumeSet (VolumeSet.java:initializeVolumeSet(170)) - Added Volume : /opt/src/hadoop-ozone/integration-test/target/test-dir/MiniOzoneClusterImpl-e1d04c3c-ad13-46e8-b4e3-e8d267144a49/datanode-2/data/containers/hdds to VolumeSet
2019-06-15 10:18:38,176 INFO  volume.ThrottledAsyncChecker (ThrottledAsyncChecker.java:schedule(140)) - Scheduling a check for org.apache.hadoop.ozone.container.common.volume.HddsVolume@4b86a656
2019-06-15 10:18:38,177 INFO  datanode.InitDatanodeState (InitDatanodeState.java:persistContainerDatanodeDetails(140)) - DatanodeDetails is persisted to /opt/src/hadoop-ozone/integration-test/target/test-dir/MiniOzoneClusterImpl-e1d04c3c-ad13-46e8-b4e3-e8d267144a49/datanode-1/meta/datanode.id
2019-06-15 10:18:38,179 INFO  volume.HddsVolumeChecker (HddsVolumeChecker.java:checkAllVolumes(203)) - Scheduled health check for volume org.apache.hadoop.ozone.container.common.volume.HddsVolume@4b86a656
2019-06-15 10:18:38,179 INFO  util.JvmPauseMonitor (JvmPauseMonitor.java:run(188)) - Starting JVM pause monitor
2019-06-15 10:18:38,193 INFO  ratis.XceiverServerRatis (XceiverServerRatis.java:newXceiverServerRatis(401)) - Found a free port for the server : 42867
2019-06-15 10:18:38,196 INFO  impl.RaftServerProxy (ConfUtils.java:logGet(43)) - raft.rpc.type = GRPC (default)
2019-06-15 10:18:38,196 INFO  grpc.GrpcConfigKeys$Server (ConfUtils.java:logGet(43)) - raft.grpc.server.port = 42867 (custom)
2019-06-15 10:18:38,197 INFO  server.GrpcService (ConfUtils.java:logGet(43)) - raft.grpc.message.size.max = 33570816 (custom)
2019-06-15 10:18:38,197 INFO  server.RaftServerConfigKeys (ConfUtils.java:logGet(43)) - raft.server.log.appender.buffer.byte-limit = 33554432 (custom)
2019-06-15 10:18:38,197 INFO  server.GrpcService (ConfUtils.java:logGet(43)) - raft.grpc.flow.control.window = 1MB (=1048576) (default)
2019-06-15 10:18:38,197 INFO  server.RaftServerConfigKeys (ConfUtils.java:logGet(43)) - raft.server.rpc.request.timeout = 3000ms (default)
2019-06-15 10:18:38,198 INFO  server.RaftServerConfigKeys (ConfUtils.java:logGet(43)) - raft.server.storage.dir = [/opt/src/hadoop-ozone/integration-test/target/test-dir/MiniOzoneClusterImpl-e1d04c3c-ad13-46e8-b4e3-e8d267144a49/datanode-2/data/ratis] (custom)
2019-06-15 10:18:38,198 INFO  server.XceiverServerGrpc (XceiverServerGrpc.java:<init>(97)) - Found a free port for the server : 38675
2019-06-15 10:18:38,198 INFO  replication.SimpleContainerDownloader (SimpleContainerDownloader.java:<init>(72)) - Starting container downloader service to copy containers to replicate.
2019-06-15 10:18:38,200 INFO  hdfs.DFSUtil (DFSUtil.java:httpServerTemplateForNNAndJN(1641)) - Starting Web-server for hddsDatanode at: http://0.0.0.0:0
2019-06-15 10:18:38,201 INFO  server.AuthenticationFilter (AuthenticationFilter.java:constructSecretProvider(240)) - Unable to initialize FileSignerSecretProvider, falling back to use random secrets.
2019-06-15 10:18:38,202 WARN  http.HttpRequestLog (HttpRequestLog.java:getRequestLog(97)) - Jetty request log can only be enabled using Log4j
2019-06-15 10:18:38,204 INFO  http.HttpServer2 (HttpServer2.java:addGlobalFilter(975)) - Added global filter 'safety' (class=org.apache.hadoop.http.HttpServer2$QuotingInputFilter)
2019-06-15 10:18:38,204 INFO  http.HttpServer2 (HttpServer2.java:addFilter(948)) - Added filter static_user_filter (class=org.apache.hadoop.http.lib.StaticUserWebFilter$StaticUserFilter) to context hddsDatanode
2019-06-15 10:18:38,204 INFO  http.HttpServer2 (HttpServer2.java:addFilter(958)) - Added filter static_user_filter (class=org.apache.hadoop.http.lib.StaticUserWebFilter$StaticUserFilter) to context logs
2019-06-15 10:18:38,204 INFO  http.HttpServer2 (HttpServer2.java:addFilter(958)) - Added filter static_user_filter (class=org.apache.hadoop.http.lib.StaticUserWebFilter$StaticUserFilter) to context static
2019-06-15 10:18:38,205 INFO  http.HttpServer2 (HttpServer2.java:bindListener(1191)) - Jetty bound to port 37571
2019-06-15 10:18:38,205 INFO  server.Server (Server.java:doStart(351)) - jetty-9.3.24.v20180605, build timestamp: 2018-06-05T17:11:56Z, git hash: 84205aa28f11a4f31f2a3b86d1bba2cc8ab69827
2019-06-15 10:18:38,208 INFO  handler.ContextHandler (ContextHandler.java:doStart(781)) - Started o.e.j.s.ServletContextHandler@22617270{/logs,file:///opt/src/hadoop-ozone/integration-test/target/log,AVAILABLE}
2019-06-15 10:18:38,210 INFO  handler.ContextHandler (ContextHandler.java:doStart(781)) - Started o.e.j.s.ServletContextHandler@45c2c396{/static,jar:file:/home/user/.m2/repository/org/apache/hadoop/hadoop-hdds-container-service/0.5.0-SNAPSHOT/hadoop-hdds-container-service-0.5.0-SNAPSHOT.jar!/webapps/static,AVAILABLE}
2019-06-15 10:18:38,246 INFO  handler.ContextHandler (ContextHandler.java:doStart(781)) - Started o.e.j.w.WebAppContext@3fdbb7ee{/,file:///tmp/jetty-0.0.0.0-37571-hddsDatanode-_-any-4748436118903904713.dir/webapp/,AVAILABLE}{/hddsDatanode}
2019-06-15 10:18:38,246 INFO  server.AbstractConnector (AbstractConnector.java:doStart(278)) - Started ServerConnector@32c08610{HTTP/1.1,[http/1.1]}{0.0.0.0:37571}
2019-06-15 10:18:38,248 INFO  server.Server (Server.java:doStart(419)) - Started @52007ms
2019-06-15 10:18:38,251 INFO  server.BaseHttpServer (BaseHttpServer.java:updateConnectorAddress(207)) - HTTP server of HDDSDATANODE is listening at http://0.0.0.0:37571
2019-06-15 10:18:38,364 INFO  ozone.HddsDatanodeService (HddsDatanodeService.java:startPlugins(396)) - Started plug-in org.apache.hadoop.ozone.web.OzoneHddsDatanodeService@3fc051ce
2019-06-15 10:18:38,365 INFO  impl.MetricsSystemImpl (MetricsSystemImpl.java:init(158)) - HddsDatanode metrics system started (again)
2019-06-15 10:18:38,365 INFO  ozone.HddsDatanodeService (HddsDatanodeService.java:start(185)) - HddsDatanodeService host:ozone-unit-076618677d3-624gv-3109658893 ip:192.168.46.52
2019-06-15 10:18:38,433 INFO  util.JvmPauseMonitor (JvmPauseMonitor.java:run(188)) - Starting JVM pause monitor
2019-06-15 10:18:38,438 INFO  volume.HddsVolume (HddsVolume.java:<init>(176)) - Creating Volume: /opt/src/hadoop-ozone/integration-test/target/test-dir/MiniOzoneClusterImpl-e1d04c3c-ad13-46e8-b4e3-e8d267144a49/datanode-3/data/containers/hdds of  storage type : DISK and capacity : 104021790720
2019-06-15 10:18:38,438 INFO  volume.VolumeSet (VolumeSet.java:initializeVolumeSet(170)) - Added Volume : /opt/src/hadoop-ozone/integration-test/target/test-dir/MiniOzoneClusterImpl-e1d04c3c-ad13-46e8-b4e3-e8d267144a49/datanode-3/data/containers/hdds to VolumeSet
2019-06-15 10:18:38,438 INFO  volume.ThrottledAsyncChecker (ThrottledAsyncChecker.java:schedule(140)) - Scheduling a check for org.apache.hadoop.ozone.container.common.volume.HddsVolume@7fa8fff
2019-06-15 10:18:38,440 INFO  volume.HddsVolumeChecker (HddsVolumeChecker.java:checkAllVolumes(203)) - Scheduled health check for volume org.apache.hadoop.ozone.container.common.volume.HddsVolume@7fa8fff
2019-06-15 10:18:38,450 INFO  datanode.InitDatanodeState (InitDatanodeState.java:persistContainerDatanodeDetails(140)) - DatanodeDetails is persisted to /opt/src/hadoop-ozone/integration-test/target/test-dir/MiniOzoneClusterImpl-e1d04c3c-ad13-46e8-b4e3-e8d267144a49/datanode-2/meta/datanode.id
2019-06-15 10:18:38,456 INFO  ratis.XceiverServerRatis (XceiverServerRatis.java:newXceiverServerRatis(401)) - Found a free port for the server : 43693
2019-06-15 10:18:38,458 INFO  impl.RaftServerProxy (ConfUtils.java:logGet(43)) - raft.rpc.type = GRPC (default)
2019-06-15 10:18:38,458 INFO  grpc.GrpcConfigKeys$Server (ConfUtils.java:logGet(43)) - raft.grpc.server.port = 43693 (custom)
2019-06-15 10:18:38,458 INFO  server.GrpcService (ConfUtils.java:logGet(43)) - raft.grpc.message.size.max = 33570816 (custom)
2019-06-15 10:18:38,458 INFO  server.RaftServerConfigKeys (ConfUtils.java:logGet(43)) - raft.server.log.appender.buffer.byte-limit = 33554432 (custom)
2019-06-15 10:18:38,459 INFO  server.GrpcService (ConfUtils.java:logGet(43)) - raft.grpc.flow.control.window = 1MB (=1048576) (default)
2019-06-15 10:18:38,459 INFO  server.RaftServerConfigKeys (ConfUtils.java:logGet(43)) - raft.server.rpc.request.timeout = 3000ms (default)
2019-06-15 10:18:38,459 INFO  server.RaftServerConfigKeys (ConfUtils.java:logGet(43)) - raft.server.storage.dir = [/opt/src/hadoop-ozone/integration-test/target/test-dir/MiniOzoneClusterImpl-e1d04c3c-ad13-46e8-b4e3-e8d267144a49/datanode-3/data/ratis] (custom)
2019-06-15 10:18:38,460 INFO  server.XceiverServerGrpc (XceiverServerGrpc.java:<init>(97)) - Found a free port for the server : 41975
2019-06-15 10:18:38,460 INFO  replication.SimpleContainerDownloader (SimpleContainerDownloader.java:<init>(72)) - Starting container downloader service to copy containers to replicate.
2019-06-15 10:18:38,461 INFO  hdfs.DFSUtil (DFSUtil.java:httpServerTemplateForNNAndJN(1641)) - Starting Web-server for hddsDatanode at: http://0.0.0.0:0
2019-06-15 10:18:38,462 INFO  server.AuthenticationFilter (AuthenticationFilter.java:constructSecretProvider(240)) - Unable to initialize FileSignerSecretProvider, falling back to use random secrets.
2019-06-15 10:18:38,463 WARN  http.HttpRequestLog (HttpRequestLog.java:getRequestLog(97)) - Jetty request log can only be enabled using Log4j
2019-06-15 10:18:38,465 INFO  http.HttpServer2 (HttpServer2.java:addGlobalFilter(975)) - Added global filter 'safety' (class=org.apache.hadoop.http.HttpServer2$QuotingInputFilter)
2019-06-15 10:18:38,465 INFO  http.HttpServer2 (HttpServer2.java:addFilter(948)) - Added filter static_user_filter (class=org.apache.hadoop.http.lib.StaticUserWebFilter$StaticUserFilter) to context hddsDatanode
2019-06-15 10:18:38,465 INFO  http.HttpServer2 (HttpServer2.java:addFilter(958)) - Added filter static_user_filter (class=org.apache.hadoop.http.lib.StaticUserWebFilter$StaticUserFilter) to context static
2019-06-15 10:18:38,465 INFO  http.HttpServer2 (HttpServer2.java:addFilter(958)) - Added filter static_user_filter (class=org.apache.hadoop.http.lib.StaticUserWebFilter$StaticUserFilter) to context logs
2019-06-15 10:18:38,466 INFO  http.HttpServer2 (HttpServer2.java:bindListener(1191)) - Jetty bound to port 42521
2019-06-15 10:18:38,466 INFO  server.Server (Server.java:doStart(351)) - jetty-9.3.24.v20180605, build timestamp: 2018-06-05T17:11:56Z, git hash: 84205aa28f11a4f31f2a3b86d1bba2cc8ab69827
2019-06-15 10:18:38,468 INFO  handler.ContextHandler (ContextHandler.java:doStart(781)) - Started o.e.j.s.ServletContextHandler@69fe8c75{/logs,file:///opt/src/hadoop-ozone/integration-test/target/log,AVAILABLE}
2019-06-15 10:18:38,469 INFO  handler.ContextHandler (ContextHandler.java:doStart(781)) - Started o.e.j.s.ServletContextHandler@15c3585{/static,jar:file:/home/user/.m2/repository/org/apache/hadoop/hadoop-hdds-container-service/0.5.0-SNAPSHOT/hadoop-hdds-container-service-0.5.0-SNAPSHOT.jar!/webapps/static,AVAILABLE}
2019-06-15 10:18:38,504 INFO  handler.ContextHandler (ContextHandler.java:doStart(781)) - Started o.e.j.w.WebAppContext@23cfdfa2{/,file:///tmp/jetty-0.0.0.0-42521-hddsDatanode-_-any-3228487811860161265.dir/webapp/,AVAILABLE}{/hddsDatanode}
2019-06-15 10:18:38,505 INFO  server.AbstractConnector (AbstractConnector.java:doStart(278)) - Started ServerConnector@1e09c0b{HTTP/1.1,[http/1.1]}{0.0.0.0:42521}
2019-06-15 10:18:38,506 INFO  server.Server (Server.java:doStart(419)) - Started @52264ms
2019-06-15 10:18:38,509 INFO  server.BaseHttpServer (BaseHttpServer.java:updateConnectorAddress(207)) - HTTP server of HDDSDATANODE is listening at http://0.0.0.0:42521
2019-06-15 10:18:38,664 INFO  ozone.HddsDatanodeService (HddsDatanodeService.java:startPlugins(396)) - Started plug-in org.apache.hadoop.ozone.web.OzoneHddsDatanodeService@36e98434
2019-06-15 10:18:38,664 INFO  impl.MetricsSystemImpl (MetricsSystemImpl.java:init(158)) - HddsDatanode metrics system started (again)
2019-06-15 10:18:38,665 INFO  ozone.HddsDatanodeService (HddsDatanodeService.java:start(185)) - HddsDatanodeService host:ozone-unit-076618677d3-624gv-3109658893 ip:192.168.46.52
2019-06-15 10:18:38,670 INFO  util.JvmPauseMonitor (JvmPauseMonitor.java:run(188)) - Starting JVM pause monitor
2019-06-15 10:18:38,671 INFO  datanode.InitDatanodeState (InitDatanodeState.java:persistContainerDatanodeDetails(140)) - DatanodeDetails is persisted to /opt/src/hadoop-ozone/integration-test/target/test-dir/MiniOzoneClusterImpl-e1d04c3c-ad13-46e8-b4e3-e8d267144a49/datanode-3/meta/datanode.id
2019-06-15 10:18:38,677 INFO  volume.HddsVolume (HddsVolume.java:<init>(176)) - Creating Volume: /opt/src/hadoop-ozone/integration-test/target/test-dir/MiniOzoneClusterImpl-e1d04c3c-ad13-46e8-b4e3-e8d267144a49/datanode-4/data/containers/hdds of  storage type : DISK and capacity : 104021790720
2019-06-15 10:18:38,677 INFO  volume.VolumeSet (VolumeSet.java:initializeVolumeSet(170)) - Added Volume : /opt/src/hadoop-ozone/integration-test/target/test-dir/MiniOzoneClusterImpl-e1d04c3c-ad13-46e8-b4e3-e8d267144a49/datanode-4/data/containers/hdds to VolumeSet
2019-06-15 10:18:38,678 INFO  volume.ThrottledAsyncChecker (ThrottledAsyncChecker.java:schedule(140)) - Scheduling a check for org.apache.hadoop.ozone.container.common.volume.HddsVolume@1e0c898c
2019-06-15 10:18:38,680 INFO  volume.HddsVolumeChecker (HddsVolumeChecker.java:checkAllVolumes(203)) - Scheduled health check for volume org.apache.hadoop.ozone.container.common.volume.HddsVolume@1e0c898c
2019-06-15 10:18:38,694 INFO  ratis.XceiverServerRatis (XceiverServerRatis.java:newXceiverServerRatis(401)) - Found a free port for the server : 42413
2019-06-15 10:18:38,695 INFO  impl.RaftServerProxy (ConfUtils.java:logGet(43)) - raft.rpc.type = GRPC (default)
2019-06-15 10:18:38,695 INFO  grpc.GrpcConfigKeys$Server (ConfUtils.java:logGet(43)) - raft.grpc.server.port = 42413 (custom)
2019-06-15 10:18:38,695 INFO  server.GrpcService (ConfUtils.java:logGet(43)) - raft.grpc.message.size.max = 33570816 (custom)
2019-06-15 10:18:38,695 INFO  server.RaftServerConfigKeys (ConfUtils.java:logGet(43)) - raft.server.log.appender.buffer.byte-limit = 33554432 (custom)
2019-06-15 10:18:38,696 INFO  server.GrpcService (ConfUtils.java:logGet(43)) - raft.grpc.flow.control.window = 1MB (=1048576) (default)
2019-06-15 10:18:38,696 INFO  server.RaftServerConfigKeys (ConfUtils.java:logGet(43)) - raft.server.rpc.request.timeout = 3000ms (default)
2019-06-15 10:18:38,698 INFO  server.RaftServerConfigKeys (ConfUtils.java:logGet(43)) - raft.server.storage.dir = [/opt/src/hadoop-ozone/integration-test/target/test-dir/MiniOzoneClusterImpl-e1d04c3c-ad13-46e8-b4e3-e8d267144a49/datanode-4/data/ratis] (custom)
2019-06-15 10:18:38,698 INFO  server.XceiverServerGrpc (XceiverServerGrpc.java:<init>(97)) - Found a free port for the server : 45579
2019-06-15 10:18:38,698 INFO  replication.SimpleContainerDownloader (SimpleContainerDownloader.java:<init>(72)) - Starting container downloader service to copy containers to replicate.
2019-06-15 10:18:38,699 INFO  hdfs.DFSUtil (DFSUtil.java:httpServerTemplateForNNAndJN(1641)) - Starting Web-server for hddsDatanode at: http://0.0.0.0:0
2019-06-15 10:18:38,700 INFO  server.AuthenticationFilter (AuthenticationFilter.java:constructSecretProvider(240)) - Unable to initialize FileSignerSecretProvider, falling back to use random secrets.
2019-06-15 10:18:38,700 WARN  http.HttpRequestLog (HttpRequestLog.java:getRequestLog(97)) - Jetty request log can only be enabled using Log4j
2019-06-15 10:18:38,702 INFO  http.HttpServer2 (HttpServer2.java:addGlobalFilter(975)) - Added global filter 'safety' (class=org.apache.hadoop.http.HttpServer2$QuotingInputFilter)
2019-06-15 10:18:38,702 INFO  http.HttpServer2 (HttpServer2.java:addFilter(948)) - Added filter static_user_filter (class=org.apache.hadoop.http.lib.StaticUserWebFilter$StaticUserFilter) to context hddsDatanode
2019-06-15 10:18:38,703 INFO  http.HttpServer2 (HttpServer2.java:addFilter(958)) - Added filter static_user_filter (class=org.apache.hadoop.http.lib.StaticUserWebFilter$StaticUserFilter) to context logs
2019-06-15 10:18:38,703 INFO  http.HttpServer2 (HttpServer2.java:addFilter(958)) - Added filter static_user_filter (class=org.apache.hadoop.http.lib.StaticUserWebFilter$StaticUserFilter) to context static
2019-06-15 10:18:38,703 INFO  http.HttpServer2 (HttpServer2.java:bindListener(1191)) - Jetty bound to port 44951
2019-06-15 10:18:38,703 INFO  server.Server (Server.java:doStart(351)) - jetty-9.3.24.v20180605, build timestamp: 2018-06-05T17:11:56Z, git hash: 84205aa28f11a4f31f2a3b86d1bba2cc8ab69827
2019-06-15 10:18:38,705 INFO  handler.ContextHandler (ContextHandler.java:doStart(781)) - Started o.e.j.s.ServletContextHandler@242ebd3b{/logs,file:///opt/src/hadoop-ozone/integration-test/target/log,AVAILABLE}
2019-06-15 10:18:38,705 INFO  handler.ContextHandler (ContextHandler.java:doStart(781)) - Started o.e.j.s.ServletContextHandler@6e96f3cd{/static,jar:file:/home/user/.m2/repository/org/apache/hadoop/hadoop-hdds-container-service/0.5.0-SNAPSHOT/hadoop-hdds-container-service-0.5.0-SNAPSHOT.jar!/webapps/static,AVAILABLE}
2019-06-15 10:18:38,738 INFO  handler.ContextHandler (ContextHandler.java:doStart(781)) - Started o.e.j.w.WebAppContext@24a1858a{/,file:///tmp/jetty-0.0.0.0-44951-hddsDatanode-_-any-9035395261719453648.dir/webapp/,AVAILABLE}{/hddsDatanode}
2019-06-15 10:18:38,738 INFO  server.AbstractConnector (AbstractConnector.java:doStart(278)) - Started ServerConnector@270ab7bc{HTTP/1.1,[http/1.1]}{0.0.0.0:44951}
2019-06-15 10:18:38,742 INFO  server.Server (Server.java:doStart(419)) - Started @52500ms
2019-06-15 10:18:38,745 INFO  server.BaseHttpServer (BaseHttpServer.java:updateConnectorAddress(207)) - HTTP server of HDDSDATANODE is listening at http://0.0.0.0:44951
2019-06-15 10:18:38,871 INFO  ozone.HddsDatanodeService (HddsDatanodeService.java:startPlugins(396)) - Started plug-in org.apache.hadoop.ozone.web.OzoneHddsDatanodeService@24888d8b
2019-06-15 10:18:38,877 INFO  impl.MetricsSystemImpl (MetricsSystemImpl.java:init(158)) - HddsDatanode metrics system started (again)
2019-06-15 10:18:38,878 INFO  ozone.HddsDatanodeService (HddsDatanodeService.java:start(185)) - HddsDatanodeService host:ozone-unit-076618677d3-624gv-3109658893 ip:192.168.46.52
2019-06-15 10:18:38,883 INFO  datanode.InitDatanodeState (InitDatanodeState.java:persistContainerDatanodeDetails(140)) - DatanodeDetails is persisted to /opt/src/hadoop-ozone/integration-test/target/test-dir/MiniOzoneClusterImpl-e1d04c3c-ad13-46e8-b4e3-e8d267144a49/datanode-4/meta/datanode.id
2019-06-15 10:18:38,885 INFO  util.JvmPauseMonitor (JvmPauseMonitor.java:run(188)) - Starting JVM pause monitor
2019-06-15 10:18:38,891 INFO  volume.HddsVolume (HddsVolume.java:<init>(176)) - Creating Volume: /opt/src/hadoop-ozone/integration-test/target/test-dir/MiniOzoneClusterImpl-e1d04c3c-ad13-46e8-b4e3-e8d267144a49/datanode-5/data/containers/hdds of  storage type : DISK and capacity : 104021790720
2019-06-15 10:18:38,891 INFO  volume.VolumeSet (VolumeSet.java:initializeVolumeSet(170)) - Added Volume : /opt/src/hadoop-ozone/integration-test/target/test-dir/MiniOzoneClusterImpl-e1d04c3c-ad13-46e8-b4e3-e8d267144a49/datanode-5/data/containers/hdds to VolumeSet
2019-06-15 10:18:38,891 INFO  volume.ThrottledAsyncChecker (ThrottledAsyncChecker.java:schedule(140)) - Scheduling a check for org.apache.hadoop.ozone.container.common.volume.HddsVolume@3b3a3a92
2019-06-15 10:18:38,892 INFO  volume.HddsVolumeChecker (HddsVolumeChecker.java:checkAllVolumes(203)) - Scheduled health check for volume org.apache.hadoop.ozone.container.common.volume.HddsVolume@3b3a3a92
2019-06-15 10:18:38,954 INFO  ratis.XceiverServerRatis (XceiverServerRatis.java:newXceiverServerRatis(401)) - Found a free port for the server : 41479
2019-06-15 10:18:38,955 INFO  impl.RaftServerProxy (ConfUtils.java:logGet(43)) - raft.rpc.type = GRPC (default)
2019-06-15 10:18:38,955 INFO  grpc.GrpcConfigKeys$Server (ConfUtils.java:logGet(43)) - raft.grpc.server.port = 41479 (custom)
2019-06-15 10:18:38,956 INFO  server.GrpcService (ConfUtils.java:logGet(43)) - raft.grpc.message.size.max = 33570816 (custom)
2019-06-15 10:18:38,956 INFO  server.RaftServerConfigKeys (ConfUtils.java:logGet(43)) - raft.server.log.appender.buffer.byte-limit = 33554432 (custom)
2019-06-15 10:18:38,956 INFO  server.GrpcService (ConfUtils.java:logGet(43)) - raft.grpc.flow.control.window = 1MB (=1048576) (default)
2019-06-15 10:18:38,956 INFO  server.RaftServerConfigKeys (ConfUtils.java:logGet(43)) - raft.server.rpc.request.timeout = 3000ms (default)
2019-06-15 10:18:38,956 INFO  server.RaftServerConfigKeys (ConfUtils.java:logGet(43)) - raft.server.storage.dir = [/opt/src/hadoop-ozone/integration-test/target/test-dir/MiniOzoneClusterImpl-e1d04c3c-ad13-46e8-b4e3-e8d267144a49/datanode-5/data/ratis] (custom)
2019-06-15 10:18:38,957 INFO  server.XceiverServerGrpc (XceiverServerGrpc.java:<init>(97)) - Found a free port for the server : 36781
2019-06-15 10:18:38,957 INFO  replication.SimpleContainerDownloader (SimpleContainerDownloader.java:<init>(72)) - Starting container downloader service to copy containers to replicate.
2019-06-15 10:18:38,965 INFO  hdfs.DFSUtil (DFSUtil.java:httpServerTemplateForNNAndJN(1641)) - Starting Web-server for hddsDatanode at: http://0.0.0.0:0
2019-06-15 10:18:38,967 INFO  server.AuthenticationFilter (AuthenticationFilter.java:constructSecretProvider(240)) - Unable to initialize FileSignerSecretProvider, falling back to use random secrets.
2019-06-15 10:18:38,967 WARN  http.HttpRequestLog (HttpRequestLog.java:getRequestLog(97)) - Jetty request log can only be enabled using Log4j
2019-06-15 10:18:38,968 INFO  http.HttpServer2 (HttpServer2.java:addGlobalFilter(975)) - Added global filter 'safety' (class=org.apache.hadoop.http.HttpServer2$QuotingInputFilter)
2019-06-15 10:18:38,969 INFO  http.HttpServer2 (HttpServer2.java:addFilter(948)) - Added filter static_user_filter (class=org.apache.hadoop.http.lib.StaticUserWebFilter$StaticUserFilter) to context hddsDatanode
2019-06-15 10:18:38,969 INFO  http.HttpServer2 (HttpServer2.java:addFilter(958)) - Added filter static_user_filter (class=org.apache.hadoop.http.lib.StaticUserWebFilter$StaticUserFilter) to context static
2019-06-15 10:18:38,969 INFO  http.HttpServer2 (HttpServer2.java:addFilter(958)) - Added filter static_user_filter (class=org.apache.hadoop.http.lib.StaticUserWebFilter$StaticUserFilter) to context logs
2019-06-15 10:18:38,970 INFO  http.HttpServer2 (HttpServer2.java:bindListener(1191)) - Jetty bound to port 46803
2019-06-15 10:18:38,970 INFO  server.Server (Server.java:doStart(351)) - jetty-9.3.24.v20180605, build timestamp: 2018-06-05T17:11:56Z, git hash: 84205aa28f11a4f31f2a3b86d1bba2cc8ab69827
2019-06-15 10:18:39,006 INFO  handler.ContextHandler (ContextHandler.java:doStart(781)) - Started o.e.j.s.ServletContextHandler@7c1c0892{/logs,file:///opt/src/hadoop-ozone/integration-test/target/log,AVAILABLE}
2019-06-15 10:18:39,009 INFO  handler.ContextHandler (ContextHandler.java:doStart(781)) - Started o.e.j.s.ServletContextHandler@1d51b6a8{/static,jar:file:/home/user/.m2/repository/org/apache/hadoop/hadoop-hdds-container-service/0.5.0-SNAPSHOT/hadoop-hdds-container-service-0.5.0-SNAPSHOT.jar!/webapps/static,AVAILABLE}
2019-06-15 10:18:39,048 INFO  handler.ContextHandler (ContextHandler.java:doStart(781)) - Started o.e.j.w.WebAppContext@672f69f7{/,file:///tmp/jetty-0.0.0.0-46803-hddsDatanode-_-any-6687209350175296324.dir/webapp/,AVAILABLE}{/hddsDatanode}
2019-06-15 10:18:39,050 INFO  server.AbstractConnector (AbstractConnector.java:doStart(278)) - Started ServerConnector@6aaf1ce8{HTTP/1.1,[http/1.1]}{0.0.0.0:46803}
2019-06-15 10:18:39,050 INFO  server.Server (Server.java:doStart(419)) - Started @52809ms
2019-06-15 10:18:39,057 INFO  server.BaseHttpServer (BaseHttpServer.java:updateConnectorAddress(207)) - HTTP server of HDDSDATANODE is listening at http://0.0.0.0:46803
2019-06-15 10:18:39,156 WARN  events.EventQueue (EventQueue.java:fireEvent(147)) - Processing of TypedEvent{payloadType=DatanodeDetails, name='Stale_Node'} is skipped, EventQueue is not running
2019-06-15 10:18:39,176 INFO  ozone.HddsDatanodeService (HddsDatanodeService.java:startPlugins(396)) - Started plug-in org.apache.hadoop.ozone.web.OzoneHddsDatanodeService@141eb85b
2019-06-15 10:18:39,177 INFO  ozone.MiniOzoneClusterImpl (MiniOzoneClusterImpl.java:lambda$waitForClusterToBeReady$0(142)) - Waiting for cluster to be ready. Got 0 of 6 DN Heartbeats.
2019-06-15 10:18:39,183 INFO  datanode.InitDatanodeState (InitDatanodeState.java:persistContainerDatanodeDetails(140)) - DatanodeDetails is persisted to /opt/src/hadoop-ozone/integration-test/target/test-dir/MiniOzoneClusterImpl-e1d04c3c-ad13-46e8-b4e3-e8d267144a49/datanode-5/meta/datanode.id
2019-06-15 10:18:39,185 INFO  util.JvmPauseMonitor (JvmPauseMonitor.java:run(188)) - Starting JVM pause monitor
2019-06-15 10:18:39,657 WARN  events.EventQueue (EventQueue.java:fireEvent(147)) - Processing of TypedEvent{payloadType=DatanodeDetails, name='Stale_Node'} is skipped, EventQueue is not running
2019-06-15 10:18:39,657 WARN  events.EventQueue (EventQueue.java:fireEvent(147)) - Processing of TypedEvent{payloadType=DatanodeDetails, name='Stale_Node'} is skipped, EventQueue is not running
2019-06-15 10:18:39,657 WARN  events.EventQueue (EventQueue.java:fireEvent(147)) - Processing of TypedEvent{payloadType=DatanodeDetails, name='Stale_Node'} is skipped, EventQueue is not running
2019-06-15 10:18:39,896 INFO  ozoneimpl.OzoneContainer (OzoneContainer.java:start(186)) - Attempting to start container services.
2019-06-15 10:18:39,896 INFO  ozoneimpl.OzoneContainer (OzoneContainer.java:startContainerScrub(160)) - Background container scrubber has been disabled by hdds.containerscrub.enabled
2019-06-15 10:18:39,897 INFO  ratis.XceiverServerRatis (XceiverServerRatis.java:start(418)) - Starting XceiverServerRatis a67df30a-c15d-4097-b576-6fe853c8cb80 at port 36803
2019-06-15 10:18:39,900 INFO  impl.RaftServerProxy (RaftServerProxy.java:lambda$start$3(299)) - a67df30a-c15d-4097-b576-6fe853c8cb80: start RPC server
2019-06-15 10:18:39,901 INFO  server.GrpcService (GrpcService.java:startImpl(148)) - a67df30a-c15d-4097-b576-6fe853c8cb80: GrpcService started, listening on 0.0.0.0/0.0.0.0:36803
2019-06-15 10:18:40,177 INFO  ozone.MiniOzoneClusterImpl (MiniOzoneClusterImpl.java:lambda$waitForClusterToBeReady$0(142)) - Waiting for cluster to be ready. Got 0 of 6 DN Heartbeats.
2019-06-15 10:18:40,180 INFO  ozoneimpl.OzoneContainer (OzoneContainer.java:start(186)) - Attempting to start container services.
2019-06-15 10:18:40,180 INFO  ozoneimpl.OzoneContainer (OzoneContainer.java:startContainerScrub(160)) - Background container scrubber has been disabled by hdds.containerscrub.enabled
2019-06-15 10:18:40,180 INFO  ratis.XceiverServerRatis (XceiverServerRatis.java:start(418)) - Starting XceiverServerRatis 2d11b312-9f22-4a93-a0fc-762107e6cc36 at port 39915
2019-06-15 10:18:40,184 INFO  impl.RaftServerProxy (RaftServerProxy.java:lambda$start$3(299)) - 2d11b312-9f22-4a93-a0fc-762107e6cc36: start RPC server
2019-06-15 10:18:40,184 INFO  server.GrpcService (GrpcService.java:startImpl(148)) - 2d11b312-9f22-4a93-a0fc-762107e6cc36: GrpcService started, listening on 0.0.0.0/0.0.0.0:39915
2019-06-15 10:18:40,438 INFO  ozoneimpl.OzoneContainer (OzoneContainer.java:start(186)) - Attempting to start container services.
2019-06-15 10:18:40,438 INFO  ozoneimpl.OzoneContainer (OzoneContainer.java:startContainerScrub(160)) - Background container scrubber has been disabled by hdds.containerscrub.enabled
2019-06-15 10:18:40,438 INFO  ratis.XceiverServerRatis (XceiverServerRatis.java:start(418)) - Starting XceiverServerRatis 2ad65335-a15e-4e37-9368-1d6f9b619238 at port 42867
2019-06-15 10:18:40,446 INFO  impl.RaftServerProxy (RaftServerProxy.java:lambda$start$3(299)) - 2ad65335-a15e-4e37-9368-1d6f9b619238: start RPC server
2019-06-15 10:18:40,447 INFO  server.GrpcService (GrpcService.java:startImpl(148)) - 2ad65335-a15e-4e37-9368-1d6f9b619238: GrpcService started, listening on 0.0.0.0/0.0.0.0:42867
2019-06-15 10:18:40,674 INFO  ozoneimpl.OzoneContainer (OzoneContainer.java:start(186)) - Attempting to start container services.
2019-06-15 10:18:40,674 INFO  ozoneimpl.OzoneContainer (OzoneContainer.java:startContainerScrub(160)) - Background container scrubber has been disabled by hdds.containerscrub.enabled
2019-06-15 10:18:40,674 INFO  ratis.XceiverServerRatis (XceiverServerRatis.java:start(418)) - Starting XceiverServerRatis 9cff47a9-23d7-4aec-a59f-08c933a51d83 at port 43693
2019-06-15 10:18:40,680 INFO  impl.RaftServerProxy (RaftServerProxy.java:lambda$start$3(299)) - 9cff47a9-23d7-4aec-a59f-08c933a51d83: start RPC server
2019-06-15 10:18:40,681 INFO  server.GrpcService (GrpcService.java:startImpl(148)) - 9cff47a9-23d7-4aec-a59f-08c933a51d83: GrpcService started, listening on 0.0.0.0/0.0.0.0:43693
2019-06-15 10:18:40,886 INFO  ozoneimpl.OzoneContainer (OzoneContainer.java:start(186)) - Attempting to start container services.
2019-06-15 10:18:40,887 INFO  ozoneimpl.OzoneContainer (OzoneContainer.java:startContainerScrub(160)) - Background container scrubber has been disabled by hdds.containerscrub.enabled
2019-06-15 10:18:40,887 INFO  ratis.XceiverServerRatis (XceiverServerRatis.java:start(418)) - Starting XceiverServerRatis bcaf4d56-741c-42ae-9172-598b7b2f7cc4 at port 42413
2019-06-15 10:18:40,892 INFO  impl.RaftServerProxy (RaftServerProxy.java:lambda$start$3(299)) - bcaf4d56-741c-42ae-9172-598b7b2f7cc4: start RPC server
2019-06-15 10:18:40,893 INFO  server.GrpcService (GrpcService.java:startImpl(148)) - bcaf4d56-741c-42ae-9172-598b7b2f7cc4: GrpcService started, listening on 0.0.0.0/0.0.0.0:42413
2019-06-15 10:18:41,177 INFO  ozone.MiniOzoneClusterImpl (MiniOzoneClusterImpl.java:lambda$waitForClusterToBeReady$0(142)) - Waiting for cluster to be ready. Got 0 of 6 DN Heartbeats.
2019-06-15 10:18:41,188 INFO  ozoneimpl.OzoneContainer (OzoneContainer.java:start(186)) - Attempting to start container services.
2019-06-15 10:18:41,188 INFO  ozoneimpl.OzoneContainer (OzoneContainer.java:startContainerScrub(160)) - Background container scrubber has been disabled by hdds.containerscrub.enabled
2019-06-15 10:18:41,188 INFO  ratis.XceiverServerRatis (XceiverServerRatis.java:start(418)) - Starting XceiverServerRatis 829bbbb8-3dd6-40c5-81bd-e5ee89259339 at port 41479
2019-06-15 10:18:41,246 INFO  impl.RaftServerProxy (RaftServerProxy.java:lambda$start$3(299)) - 829bbbb8-3dd6-40c5-81bd-e5ee89259339: start RPC server
2019-06-15 10:18:41,247 INFO  server.GrpcService (GrpcService.java:startImpl(148)) - 829bbbb8-3dd6-40c5-81bd-e5ee89259339: GrpcService started, listening on 0.0.0.0/0.0.0.0:41479
2019-06-15 10:18:41,887 INFO  net.NetworkTopology (NetworkTopologyImpl.java:add(109)) - Added a new node: /default-rack/192.168.46.52
2019-06-15 10:18:41,887 INFO  node.SCMNodeManager (SCMNodeManager.java:register(269)) - Registered Data node : a67df30a-c15d-4097-b576-6fe853c8cb80{ip: 192.168.46.52, host: ozone-unit-076618677d3-624gv-3109658893, networkLocation: /default-rack, certSerialId: null}
2019-06-15 10:18:41,904 INFO  safemode.SCMSafeModeManager (DataNodeSafeModeRule.java:process(71)) - SCM in safe mode. 1 DataNodes registered, 1 required.
2019-06-15 10:18:41,925 INFO  safemode.SCMSafeModeManager (SCMSafeModeManager.java:validateSafeModeExitRules(177)) - ScmSafeModeManager, all rules are successfully validated
2019-06-15 10:18:41,926 INFO  safemode.SCMSafeModeManager (SCMSafeModeManager.java:exitSafeMode(193)) - SCM exiting safe mode.
2019-06-15 10:18:41,948 INFO  impl.RaftServerProxy (RaftServerProxy.java:addNew(89)) - a67df30a-c15d-4097-b576-6fe853c8cb80: addNew group-8E37F84468F1:[a67df30a-c15d-4097-b576-6fe853c8cb80:192.168.46.52:36803] returns group-8E37F84468F1:java.util.concurrent.CompletableFuture@10931bd9[Not completed]
2019-06-15 10:18:41,948 INFO  impl.RaftServerImpl (RaftServerImpl.java:<init>(91)) - a67df30a-c15d-4097-b576-6fe853c8cb80: new RaftServerImpl for group-8E37F84468F1:[a67df30a-c15d-4097-b576-6fe853c8cb80:192.168.46.52:36803] with ContainerStateMachine:uninitialized
2019-06-15 10:18:41,948 INFO  server.RaftServerConfigKeys (ConfUtils.java:logGet(43)) - raft.server.rpc.timeout.min = 1s (custom)
2019-06-15 10:18:41,948 INFO  server.RaftServerConfigKeys (ConfUtils.java:logGet(43)) - raft.server.rpc.timeout.max = 1200ms (custom)
2019-06-15 10:18:41,948 INFO  server.RaftServerConfigKeys (ConfUtils.java:logGet(43)) - raft.server.rpcslowness.timeout = 120s (custom)
2019-06-15 10:18:41,949 INFO  server.RaftServerConfigKeys (ConfUtils.java:logGet(43)) - raft.server.log.appender.install.snapshot.enabled = true (default)
2019-06-15 10:18:41,949 INFO  impl.RaftServerImpl (ServerState.java:<init>(101)) - a67df30a-c15d-4097-b576-6fe853c8cb80:group-8E37F84468F1 ConfigurationManager, init=-1: [a67df30a-c15d-4097-b576-6fe853c8cb80:192.168.46.52:36803], old=null, confs=<EMPTY_MAP>
2019-06-15 10:18:41,949 INFO  server.RaftServerConfigKeys (ConfUtils.java:logGet(43)) - raft.server.storage.dir = [/opt/src/hadoop-ozone/integration-test/target/test-dir/MiniOzoneClusterImpl-e1d04c3c-ad13-46e8-b4e3-e8d267144a49/datanode-0/data/ratis] (custom)
2019-06-15 10:18:41,949 INFO  storage.RaftStorageDirectory (RaftStorageDirectory.java:analyzeStorage(246)) - The storage directory /opt/src/hadoop-ozone/integration-test/target/test-dir/MiniOzoneClusterImpl-e1d04c3c-ad13-46e8-b4e3-e8d267144a49/datanode-0/data/ratis/7664f27c-6b9b-40bd-8bd5-8e37f84468f1 does not exist. Creating ...
2019-06-15 10:18:41,952 INFO  storage.RaftStorageDirectory (RaftStorageDirectory.java:tryLock(328)) - Lock on /opt/src/hadoop-ozone/integration-test/target/test-dir/MiniOzoneClusterImpl-e1d04c3c-ad13-46e8-b4e3-e8d267144a49/datanode-0/data/ratis/7664f27c-6b9b-40bd-8bd5-8e37f84468f1/in_use.lock acquired by nodename 14996@ozone-unit-076618677d3-624gv-3109658893
2019-06-15 10:18:41,954 INFO  storage.RaftStorage (RaftStorage.java:format(75)) - Storage directory /opt/src/hadoop-ozone/integration-test/target/test-dir/MiniOzoneClusterImpl-e1d04c3c-ad13-46e8-b4e3-e8d267144a49/datanode-0/data/ratis/7664f27c-6b9b-40bd-8bd5-8e37f84468f1 has been successfully formatted.
2019-06-15 10:18:41,955 INFO  ratis.ContainerStateMachine (ContainerStateMachine.java:loadSnapshot(199)) - The snapshot info is null.Setting the last applied index to:(t:0, i:~)
2019-06-15 10:18:41,955 INFO  server.RaftServerConfigKeys (ConfUtils.java:logGet(43)) - raft.server.leader.election.timeout = 120s (custom)
2019-06-15 10:18:41,955 INFO  server.RaftServerConfigKeys (ConfUtils.java:logGet(43)) - raft.server.log.use.memory = false (default)
2019-06-15 10:18:41,955 INFO  server.RaftServerConfigKeys (ConfUtils.java:logGet(43)) - raft.server.log.appender.buffer.byte-limit = 33554432 (custom)
2019-06-15 10:18:41,955 INFO  server.RaftServerConfigKeys (ConfUtils.java:logGet(43)) - raft.server.log.segment.size.max = 16384 (custom)
2019-06-15 10:18:41,955 INFO  server.RaftServerConfigKeys (ConfUtils.java:logGet(43)) - raft.server.log.segment.cache.num.max = 2 (custom)
2019-06-15 10:18:41,955 INFO  storage.RaftLogWorker (RaftLogWorker.java:<init>(123)) - new a67df30a-c15d-4097-b576-6fe853c8cb80-RaftLogWorker for Storage Directory /opt/src/hadoop-ozone/integration-test/target/test-dir/MiniOzoneClusterImpl-e1d04c3c-ad13-46e8-b4e3-e8d267144a49/datanode-0/data/ratis/7664f27c-6b9b-40bd-8bd5-8e37f84468f1
2019-06-15 10:18:41,955 INFO  server.RaftServerConfigKeys (ConfUtils.java:logGet(43)) - raft.server.log.queue.byte-limit = 2147483647 (custom)
2019-06-15 10:18:41,955 INFO  server.RaftServerConfigKeys (ConfUtils.java:logGet(43)) - raft.server.log.queue.element-limit = 1024 (custom)
2019-06-15 10:18:41,955 INFO  server.RaftServerConfigKeys (ConfUtils.java:logGet(43)) - raft.server.log.segment.size.max = 16384 (custom)
2019-06-15 10:18:41,956 INFO  server.RaftServerConfigKeys (ConfUtils.java:logGet(43)) - raft.server.log.preallocated.size = 16384 (custom)
2019-06-15 10:18:41,956 INFO  server.RaftServerConfigKeys (ConfUtils.java:logGet(43)) - raft.server.log.write.buffer.size = 33554432 (custom)
2019-06-15 10:18:41,956 INFO  server.RaftServerConfigKeys (ConfUtils.java:logGet(43)) - raft.server.log.force.sync.num = 128 (default)
2019-06-15 10:18:41,956 INFO  server.RaftServerConfigKeys (ConfUtils.java:logGet(43)) - raft.server.log.statemachine.data.sync = true (default)
2019-06-15 10:18:41,956 INFO  server.RaftServerConfigKeys (ConfUtils.java:logGet(43)) - raft.server.log.statemachine.data.sync.timeout = 10s (default)
2019-06-15 10:18:41,956 INFO  server.RaftServerConfigKeys (ConfUtils.java:logGet(43)) - raft.server.log.statemachine.data.sync.timeout.retry = -1 (default)
2019-06-15 10:18:41,956 INFO  server.RaftServerConfigKeys (ConfUtils.java:logGet(43)) - raft.server.log.statemachine.data.caching.enabled = true (custom)
2019-06-15 10:18:41,956 INFO  server.RaftServerConfigKeys (ConfUtils.java:logGet(43)) - raft.server.snapshot.auto.trigger.enabled = true (custom)
2019-06-15 10:18:41,957 INFO  server.RaftServerConfigKeys (ConfUtils.java:logGet(43)) - raft.server.snapshot.auto.trigger.threshold = 10000 (custom)
2019-06-15 10:18:41,957 INFO  server.RaftServerConfigKeys (ConfUtils.java:logGet(43)) - raft.server.retrycache.expirytime = 600000ms (custom)
2019-06-15 10:18:41,957 INFO  impl.RaftServerImpl (RaftServerImpl.java:start(173)) - a67df30a-c15d-4097-b576-6fe853c8cb80: start group-8E37F84468F1
2019-06-15 10:18:41,957 INFO  impl.RaftServerImpl (RaftServerImpl.java:setRole(164)) - a67df30a-c15d-4097-b576-6fe853c8cb80:group-8E37F84468F1 changes role from null to FOLLOWER at term 0 for startAsFollower
2019-06-15 10:18:41,957 INFO  impl.RoleInfo (RoleInfo.java:updateAndGet(143)) - a67df30a-c15d-4097-b576-6fe853c8cb80: start FollowerState
2019-06-15 10:18:41,962 INFO  util.JmxRegister (JmxRegister.java:tryRegister(44)) - Successfully registered JMX Bean with object name Ratis:service=RaftServer,group=group-8E37F84468F1,id=a67df30a-c15d-4097-b576-6fe853c8cb80
2019-06-15 10:18:41,966 INFO  pipeline.PipelineStateManager (PipelineStateManager.java:addPipeline(56)) - Created pipeline Pipeline[ Id: 7664f27c-6b9b-40bd-8bd5-8e37f84468f1, Nodes: a67df30a-c15d-4097-b576-6fe853c8cb80{ip: 192.168.46.52, host: ozone-unit-076618677d3-624gv-3109658893, networkLocation: /default-rack, certSerialId: null}, Type:RATIS, Factor:ONE, State:OPEN]
2019-06-15 10:18:42,189 INFO  ozone.MiniOzoneClusterImpl (MiniOzoneClusterImpl.java:lambda$waitForClusterToBeReady$0(142)) - Waiting for cluster to be ready. Got 1 of 6 DN Heartbeats.
2019-06-15 10:18:42,190 INFO  node.SCMNodeManager (SCMNodeManager.java:register(269)) - Registered Data node : 2d11b312-9f22-4a93-a0fc-762107e6cc36{ip: 192.168.46.52, host: ozone-unit-076618677d3-624gv-3109658893, networkLocation: /default-rack, certSerialId: null}
2019-06-15 10:18:42,208 INFO  impl.RaftServerProxy (RaftServerProxy.java:addNew(89)) - 2d11b312-9f22-4a93-a0fc-762107e6cc36: addNew group-CBDC9A1736A4:[2d11b312-9f22-4a93-a0fc-762107e6cc36:192.168.46.52:39915] returns group-CBDC9A1736A4:java.util.concurrent.CompletableFuture@6fdf04d0[Not completed]
2019-06-15 10:18:42,214 INFO  impl.RaftServerImpl (RaftServerImpl.java:<init>(91)) - 2d11b312-9f22-4a93-a0fc-762107e6cc36: new RaftServerImpl for group-CBDC9A1736A4:[2d11b312-9f22-4a93-a0fc-762107e6cc36:192.168.46.52:39915] with ContainerStateMachine:uninitialized
2019-06-15 10:18:42,215 INFO  server.RaftServerConfigKeys (ConfUtils.java:logGet(43)) - raft.server.rpc.timeout.min = 1s (custom)
2019-06-15 10:18:42,215 INFO  server.RaftServerConfigKeys (ConfUtils.java:logGet(43)) - raft.server.rpc.timeout.max = 1200ms (custom)
2019-06-15 10:18:42,215 INFO  server.RaftServerConfigKeys (ConfUtils.java:logGet(43)) - raft.server.rpcslowness.timeout = 120s (custom)
2019-06-15 10:18:42,215 INFO  server.RaftServerConfigKeys (ConfUtils.java:logGet(43)) - raft.server.log.appender.install.snapshot.enabled = true (default)
2019-06-15 10:18:42,215 INFO  impl.RaftServerImpl (ServerState.java:<init>(101)) - 2d11b312-9f22-4a93-a0fc-762107e6cc36:group-CBDC9A1736A4 ConfigurationManager, init=-1: [2d11b312-9f22-4a93-a0fc-762107e6cc36:192.168.46.52:39915], old=null, confs=<EMPTY_MAP>
2019-06-15 10:18:42,215 INFO  server.RaftServerConfigKeys (ConfUtils.java:logGet(43)) - raft.server.storage.dir = [/opt/src/hadoop-ozone/integration-test/target/test-dir/MiniOzoneClusterImpl-e1d04c3c-ad13-46e8-b4e3-e8d267144a49/datanode-1/data/ratis] (custom)
2019-06-15 10:18:42,216 INFO  storage.RaftStorageDirectory (RaftStorageDirectory.java:analyzeStorage(246)) - The storage directory /opt/src/hadoop-ozone/integration-test/target/test-dir/MiniOzoneClusterImpl-e1d04c3c-ad13-46e8-b4e3-e8d267144a49/datanode-1/data/ratis/16b6a609-5e69-4933-a176-cbdc9a1736a4 does not exist. Creating ...
2019-06-15 10:18:42,218 INFO  storage.RaftStorageDirectory (RaftStorageDirectory.java:tryLock(328)) - Lock on /opt/src/hadoop-ozone/integration-test/target/test-dir/MiniOzoneClusterImpl-e1d04c3c-ad13-46e8-b4e3-e8d267144a49/datanode-1/data/ratis/16b6a609-5e69-4933-a176-cbdc9a1736a4/in_use.lock acquired by nodename 14996@ozone-unit-076618677d3-624gv-3109658893
2019-06-15 10:18:42,220 INFO  storage.RaftStorage (RaftStorage.java:format(75)) - Storage directory /opt/src/hadoop-ozone/integration-test/target/test-dir/MiniOzoneClusterImpl-e1d04c3c-ad13-46e8-b4e3-e8d267144a49/datanode-1/data/ratis/16b6a609-5e69-4933-a176-cbdc9a1736a4 has been successfully formatted.
2019-06-15 10:18:42,220 INFO  ratis.ContainerStateMachine (ContainerStateMachine.java:loadSnapshot(199)) - The snapshot info is null.Setting the last applied index to:(t:0, i:~)
2019-06-15 10:18:42,220 INFO  server.RaftServerConfigKeys (ConfUtils.java:logGet(43)) - raft.server.leader.election.timeout = 120s (custom)
2019-06-15 10:18:42,220 INFO  server.RaftServerConfigKeys (ConfUtils.java:logGet(43)) - raft.server.log.use.memory = false (default)
2019-06-15 10:18:42,220 INFO  server.RaftServerConfigKeys (ConfUtils.java:logGet(43)) - raft.server.log.appender.buffer.byte-limit = 33554432 (custom)
2019-06-15 10:18:42,220 INFO  server.RaftServerConfigKeys (ConfUtils.java:logGet(43)) - raft.server.log.segment.size.max = 16384 (custom)
2019-06-15 10:18:42,221 INFO  server.RaftServerConfigKeys (ConfUtils.java:logGet(43)) - raft.server.log.segment.cache.num.max = 2 (custom)
2019-06-15 10:18:42,221 INFO  storage.RaftLogWorker (RaftLogWorker.java:<init>(123)) - new 2d11b312-9f22-4a93-a0fc-762107e6cc36-RaftLogWorker for Storage Directory /opt/src/hadoop-ozone/integration-test/target/test-dir/MiniOzoneClusterImpl-e1d04c3c-ad13-46e8-b4e3-e8d267144a49/datanode-1/data/ratis/16b6a609-5e69-4933-a176-cbdc9a1736a4
2019-06-15 10:18:42,221 INFO  server.RaftServerConfigKeys (ConfUtils.java:logGet(43)) - raft.server.log.queue.byte-limit = 2147483647 (custom)
2019-06-15 10:18:42,221 INFO  server.RaftServerConfigKeys (ConfUtils.java:logGet(43)) - raft.server.log.queue.element-limit = 1024 (custom)
2019-06-15 10:18:42,221 INFO  server.RaftServerConfigKeys (ConfUtils.java:logGet(43)) - raft.server.log.segment.size.max = 16384 (custom)
2019-06-15 10:18:42,221 INFO  server.RaftServerConfigKeys (ConfUtils.java:logGet(43)) - raft.server.log.preallocated.size = 16384 (custom)
2019-06-15 10:18:42,221 INFO  server.RaftServerConfigKeys (ConfUtils.java:logGet(43)) - raft.server.log.write.buffer.size = 33554432 (custom)
2019-06-15 10:18:42,221 INFO  server.RaftServerConfigKeys (ConfUtils.java:logGet(43)) - raft.server.log.force.sync.num = 128 (default)
2019-06-15 10:18:42,221 INFO  server.RaftServerConfigKeys (ConfUtils.java:logGet(43)) - raft.server.log.statemachine.data.sync = true (default)
2019-06-15 10:18:42,222 INFO  server.RaftServerConfigKeys (ConfUtils.java:logGet(43)) - raft.server.log.statemachine.data.sync.timeout = 10s (default)
2019-06-15 10:18:42,222 INFO  server.RaftServerConfigKeys (ConfUtils.java:logGet(43)) - raft.server.log.statemachine.data.sync.timeout.retry = -1 (default)
2019-06-15 10:18:42,222 INFO  server.RaftServerConfigKeys (ConfUtils.java:logGet(43)) - raft.server.log.statemachine.data.caching.enabled = true (custom)
2019-06-15 10:18:42,223 INFO  server.RaftServerConfigKeys (ConfUtils.java:logGet(43)) - raft.server.snapshot.auto.trigger.enabled = true (custom)
2019-06-15 10:18:42,223 INFO  server.RaftServerConfigKeys (ConfUtils.java:logGet(43)) - raft.server.snapshot.auto.trigger.threshold = 10000 (custom)
2019-06-15 10:18:42,223 INFO  server.RaftServerConfigKeys (ConfUtils.java:logGet(43)) - raft.server.retrycache.expirytime = 600000ms (custom)
2019-06-15 10:18:42,224 INFO  impl.RaftServerImpl (RaftServerImpl.java:start(173)) - 2d11b312-9f22-4a93-a0fc-762107e6cc36: start group-CBDC9A1736A4
2019-06-15 10:18:42,224 INFO  impl.RaftServerImpl (RaftServerImpl.java:setRole(164)) - 2d11b312-9f22-4a93-a0fc-762107e6cc36:group-CBDC9A1736A4 changes role from null to FOLLOWER at term 0 for startAsFollower
2019-06-15 10:18:42,224 INFO  impl.RoleInfo (RoleInfo.java:updateAndGet(143)) - 2d11b312-9f22-4a93-a0fc-762107e6cc36: start FollowerState
2019-06-15 10:18:42,224 INFO  util.JmxRegister (JmxRegister.java:tryRegister(44)) - Successfully registered JMX Bean with object name Ratis:service=RaftServer,group=group-CBDC9A1736A4,id=2d11b312-9f22-4a93-a0fc-762107e6cc36
2019-06-15 10:18:42,234 INFO  pipeline.PipelineStateManager (PipelineStateManager.java:addPipeline(56)) - Created pipeline Pipeline[ Id: 16b6a609-5e69-4933-a176-cbdc9a1736a4, Nodes: 2d11b312-9f22-4a93-a0fc-762107e6cc36{ip: 192.168.46.52, host: ozone-unit-076618677d3-624gv-3109658893, networkLocation: /default-rack, certSerialId: null}, Type:RATIS, Factor:ONE, State:OPEN]
2019-06-15 10:18:42,436 INFO  node.SCMNodeManager (SCMNodeManager.java:register(269)) - Registered Data node : 2ad65335-a15e-4e37-9368-1d6f9b619238{ip: 192.168.46.52, host: ozone-unit-076618677d3-624gv-3109658893, networkLocation: /default-rack, certSerialId: null}
2019-06-15 10:18:42,445 INFO  impl.RaftServerProxy (RaftServerProxy.java:addNew(89)) - 2ad65335-a15e-4e37-9368-1d6f9b619238: addNew group-34966F25F3A1:[2ad65335-a15e-4e37-9368-1d6f9b619238:192.168.46.52:42867] returns group-34966F25F3A1:java.util.concurrent.CompletableFuture@6efa2d37[Not completed]
2019-06-15 10:18:42,446 INFO  impl.RaftServerImpl (RaftServerImpl.java:<init>(91)) - 2ad65335-a15e-4e37-9368-1d6f9b619238: new RaftServerImpl for group-34966F25F3A1:[2ad65335-a15e-4e37-9368-1d6f9b619238:192.168.46.52:42867] with ContainerStateMachine:uninitialized
2019-06-15 10:18:42,446 INFO  server.RaftServerConfigKeys (ConfUtils.java:logGet(43)) - raft.server.rpc.timeout.min = 1s (custom)
2019-06-15 10:18:42,446 INFO  server.RaftServerConfigKeys (ConfUtils.java:logGet(43)) - raft.server.rpc.timeout.max = 1200ms (custom)
2019-06-15 10:18:42,446 INFO  server.RaftServerConfigKeys (ConfUtils.java:logGet(43)) - raft.server.rpcslowness.timeout = 120s (custom)
2019-06-15 10:18:42,446 INFO  server.RaftServerConfigKeys (ConfUtils.java:logGet(43)) - raft.server.log.appender.install.snapshot.enabled = true (default)
2019-06-15 10:18:42,446 INFO  impl.RaftServerImpl (ServerState.java:<init>(101)) - 2ad65335-a15e-4e37-9368-1d6f9b619238:group-34966F25F3A1 ConfigurationManager, init=-1: [2ad65335-a15e-4e37-9368-1d6f9b619238:192.168.46.52:42867], old=null, confs=<EMPTY_MAP>
2019-06-15 10:18:42,447 INFO  server.RaftServerConfigKeys (ConfUtils.java:logGet(43)) - raft.server.storage.dir = [/opt/src/hadoop-ozone/integration-test/target/test-dir/MiniOzoneClusterImpl-e1d04c3c-ad13-46e8-b4e3-e8d267144a49/datanode-2/data/ratis] (custom)
2019-06-15 10:18:42,447 INFO  storage.RaftStorageDirectory (RaftStorageDirectory.java:analyzeStorage(246)) - The storage directory /opt/src/hadoop-ozone/integration-test/target/test-dir/MiniOzoneClusterImpl-e1d04c3c-ad13-46e8-b4e3-e8d267144a49/datanode-2/data/ratis/dc5eb1b0-33ec-4898-897f-34966f25f3a1 does not exist. Creating ...
2019-06-15 10:18:42,450 INFO  storage.RaftStorageDirectory (RaftStorageDirectory.java:tryLock(328)) - Lock on /opt/src/hadoop-ozone/integration-test/target/test-dir/MiniOzoneClusterImpl-e1d04c3c-ad13-46e8-b4e3-e8d267144a49/datanode-2/data/ratis/dc5eb1b0-33ec-4898-897f-34966f25f3a1/in_use.lock acquired by nodename 14996@ozone-unit-076618677d3-624gv-3109658893
2019-06-15 10:18:42,453 INFO  storage.RaftStorage (RaftStorage.java:format(75)) - Storage directory /opt/src/hadoop-ozone/integration-test/target/test-dir/MiniOzoneClusterImpl-e1d04c3c-ad13-46e8-b4e3-e8d267144a49/datanode-2/data/ratis/dc5eb1b0-33ec-4898-897f-34966f25f3a1 has been successfully formatted.
2019-06-15 10:18:42,453 INFO  ratis.ContainerStateMachine (ContainerStateMachine.java:loadSnapshot(199)) - The snapshot info is null.Setting the last applied index to:(t:0, i:~)
2019-06-15 10:18:42,454 INFO  server.RaftServerConfigKeys (ConfUtils.java:logGet(43)) - raft.server.leader.election.timeout = 120s (custom)
2019-06-15 10:18:42,454 INFO  server.RaftServerConfigKeys (ConfUtils.java:logGet(43)) - raft.server.log.use.memory = false (default)
2019-06-15 10:18:42,454 INFO  server.RaftServerConfigKeys (ConfUtils.java:logGet(43)) - raft.server.log.appender.buffer.byte-limit = 33554432 (custom)
2019-06-15 10:18:42,454 INFO  server.RaftServerConfigKeys (ConfUtils.java:logGet(43)) - raft.server.log.segment.size.max = 16384 (custom)
2019-06-15 10:18:42,454 INFO  server.RaftServerConfigKeys (ConfUtils.java:logGet(43)) - raft.server.log.segment.cache.num.max = 2 (custom)
2019-06-15 10:18:42,454 INFO  storage.RaftLogWorker (RaftLogWorker.java:<init>(123)) - new 2ad65335-a15e-4e37-9368-1d6f9b619238-RaftLogWorker for Storage Directory /opt/src/hadoop-ozone/integration-test/target/test-dir/MiniOzoneClusterImpl-e1d04c3c-ad13-46e8-b4e3-e8d267144a49/datanode-2/data/ratis/dc5eb1b0-33ec-4898-897f-34966f25f3a1
2019-06-15 10:18:42,454 INFO  server.RaftServerConfigKeys (ConfUtils.java:logGet(43)) - raft.server.log.queue.byte-limit = 2147483647 (custom)
2019-06-15 10:18:42,454 INFO  server.RaftServerConfigKeys (ConfUtils.java:logGet(43)) - raft.server.log.queue.element-limit = 1024 (custom)
2019-06-15 10:18:42,454 INFO  server.RaftServerConfigKeys (ConfUtils.java:logGet(43)) - raft.server.log.segment.size.max = 16384 (custom)
2019-06-15 10:18:42,454 INFO  server.RaftServerConfigKeys (ConfUtils.java:logGet(43)) - raft.server.log.preallocated.size = 16384 (custom)
2019-06-15 10:18:42,455 INFO  server.RaftServerConfigKeys (ConfUtils.java:logGet(43)) - raft.server.log.write.buffer.size = 33554432 (custom)
2019-06-15 10:18:42,455 INFO  server.RaftServerConfigKeys (ConfUtils.java:logGet(43)) - raft.server.log.force.sync.num = 128 (default)
2019-06-15 10:18:42,455 INFO  server.RaftServerConfigKeys (ConfUtils.java:logGet(43)) - raft.server.log.statemachine.data.sync = true (default)
2019-06-15 10:18:42,455 INFO  server.RaftServerConfigKeys (ConfUtils.java:logGet(43)) - raft.server.log.statemachine.data.sync.timeout = 10s (default)
2019-06-15 10:18:42,455 INFO  server.RaftServerConfigKeys (ConfUtils.java:logGet(43)) - raft.server.log.statemachine.data.sync.timeout.retry = -1 (default)
2019-06-15 10:18:42,455 INFO  server.RaftServerConfigKeys (ConfUtils.java:logGet(43)) - raft.server.log.statemachine.data.caching.enabled = true (custom)
2019-06-15 10:18:42,455 INFO  server.RaftServerConfigKeys (ConfUtils.java:logGet(43)) - raft.server.snapshot.auto.trigger.enabled = true (custom)
2019-06-15 10:18:42,456 INFO  server.RaftServerConfigKeys (ConfUtils.java:logGet(43)) - raft.server.snapshot.auto.trigger.threshold = 10000 (custom)
2019-06-15 10:18:42,456 INFO  server.RaftServerConfigKeys (ConfUtils.java:logGet(43)) - raft.server.retrycache.expirytime = 600000ms (custom)
2019-06-15 10:18:42,456 INFO  impl.RaftServerImpl (RaftServerImpl.java:start(173)) - 2ad65335-a15e-4e37-9368-1d6f9b619238: start group-34966F25F3A1
2019-06-15 10:18:42,456 INFO  impl.RaftServerImpl (RaftServerImpl.java:setRole(164)) - 2ad65335-a15e-4e37-9368-1d6f9b619238:group-34966F25F3A1 changes role from null to FOLLOWER at term 0 for startAsFollower
2019-06-15 10:18:42,456 INFO  impl.RoleInfo (RoleInfo.java:updateAndGet(143)) - 2ad65335-a15e-4e37-9368-1d6f9b619238: start FollowerState
2019-06-15 10:18:42,457 INFO  util.JmxRegister (JmxRegister.java:tryRegister(44)) - Successfully registered JMX Bean with object name Ratis:service=RaftServer,group=group-34966F25F3A1,id=2ad65335-a15e-4e37-9368-1d6f9b619238
2019-06-15 10:18:42,459 INFO  pipeline.PipelineStateManager (PipelineStateManager.java:addPipeline(56)) - Created pipeline Pipeline[ Id: dc5eb1b0-33ec-4898-897f-34966f25f3a1, Nodes: 2ad65335-a15e-4e37-9368-1d6f9b619238{ip: 192.168.46.52, host: ozone-unit-076618677d3-624gv-3109658893, networkLocation: /default-rack, certSerialId: null}, Type:RATIS, Factor:ONE, State:OPEN]
2019-06-15 10:18:42,470 INFO  impl.RaftServerProxy (RaftServerProxy.java:addNew(89)) - 2d11b312-9f22-4a93-a0fc-762107e6cc36: addNew group-FF8871A9387B:[2ad65335-a15e-4e37-9368-1d6f9b619238:192.168.46.52:42867, a67df30a-c15d-4097-b576-6fe853c8cb80:192.168.46.52:36803, 2d11b312-9f22-4a93-a0fc-762107e6cc36:192.168.46.52:39915] returns group-FF8871A9387B:java.util.concurrent.CompletableFuture@4a047e30[Not completed]
2019-06-15 10:18:42,471 INFO  impl.RaftServerImpl (RaftServerImpl.java:<init>(91)) - 2d11b312-9f22-4a93-a0fc-762107e6cc36: new RaftServerImpl for group-FF8871A9387B:[2ad65335-a15e-4e37-9368-1d6f9b619238:192.168.46.52:42867, a67df30a-c15d-4097-b576-6fe853c8cb80:192.168.46.52:36803, 2d11b312-9f22-4a93-a0fc-762107e6cc36:192.168.46.52:39915] with ContainerStateMachine:uninitialized
2019-06-15 10:18:42,471 INFO  server.RaftServerConfigKeys (ConfUtils.java:logGet(43)) - raft.server.rpc.timeout.min = 1s (custom)
2019-06-15 10:18:42,471 INFO  server.RaftServerConfigKeys (ConfUtils.java:logGet(43)) - raft.server.rpc.timeout.max = 1200ms (custom)
2019-06-15 10:18:42,471 INFO  server.RaftServerConfigKeys (ConfUtils.java:logGet(43)) - raft.server.rpcslowness.timeout = 120s (custom)
2019-06-15 10:18:42,471 INFO  server.RaftServerConfigKeys (ConfUtils.java:logGet(43)) - raft.server.log.appender.install.snapshot.enabled = true (default)
2019-06-15 10:18:42,471 INFO  impl.RaftServerImpl (ServerState.java:<init>(101)) - 2d11b312-9f22-4a93-a0fc-762107e6cc36:group-FF8871A9387B ConfigurationManager, init=-1: [2ad65335-a15e-4e37-9368-1d6f9b619238:192.168.46.52:42867, a67df30a-c15d-4097-b576-6fe853c8cb80:192.168.46.52:36803, 2d11b312-9f22-4a93-a0fc-762107e6cc36:192.168.46.52:39915], old=null, confs=<EMPTY_MAP>
2019-06-15 10:18:42,472 INFO  server.RaftServerConfigKeys (ConfUtils.java:logGet(43)) - raft.server.storage.dir = [/opt/src/hadoop-ozone/integration-test/target/test-dir/MiniOzoneClusterImpl-e1d04c3c-ad13-46e8-b4e3-e8d267144a49/datanode-1/data/ratis] (custom)
2019-06-15 10:18:42,472 INFO  storage.RaftStorageDirectory (RaftStorageDirectory.java:analyzeStorage(246)) - The storage directory /opt/src/hadoop-ozone/integration-test/target/test-dir/MiniOzoneClusterImpl-e1d04c3c-ad13-46e8-b4e3-e8d267144a49/datanode-1/data/ratis/1fd0db44-c0d3-47c2-85d3-ff8871a9387b does not exist. Creating ...
2019-06-15 10:18:42,473 INFO  impl.RaftServerProxy (RaftServerProxy.java:addNew(89)) - 2ad65335-a15e-4e37-9368-1d6f9b619238: addNew group-FF8871A9387B:[2ad65335-a15e-4e37-9368-1d6f9b619238:192.168.46.52:42867, a67df30a-c15d-4097-b576-6fe853c8cb80:192.168.46.52:36803, 2d11b312-9f22-4a93-a0fc-762107e6cc36:192.168.46.52:39915] returns group-FF8871A9387B:java.util.concurrent.CompletableFuture@16cff458[Not completed]
2019-06-15 10:18:42,473 INFO  impl.RaftServerImpl (RaftServerImpl.java:<init>(91)) - 2ad65335-a15e-4e37-9368-1d6f9b619238: new RaftServerImpl for group-FF8871A9387B:[2ad65335-a15e-4e37-9368-1d6f9b619238:192.168.46.52:42867, a67df30a-c15d-4097-b576-6fe853c8cb80:192.168.46.52:36803, 2d11b312-9f22-4a93-a0fc-762107e6cc36:192.168.46.52:39915] with ContainerStateMachine:uninitialized
2019-06-15 10:18:42,473 INFO  server.RaftServerConfigKeys (ConfUtils.java:logGet(43)) - raft.server.rpc.timeout.min = 1s (custom)
2019-06-15 10:18:42,473 INFO  server.RaftServerConfigKeys (ConfUtils.java:logGet(43)) - raft.server.rpc.timeout.max = 1200ms (custom)
2019-06-15 10:18:42,473 INFO  server.RaftServerConfigKeys (ConfUtils.java:logGet(43)) - raft.server.rpcslowness.timeout = 120s (custom)
2019-06-15 10:18:42,473 INFO  impl.RaftServerProxy (RaftServerProxy.java:addNew(89)) - a67df30a-c15d-4097-b576-6fe853c8cb80: addNew group-FF8871A9387B:[2ad65335-a15e-4e37-9368-1d6f9b619238:192.168.46.52:42867, a67df30a-c15d-4097-b576-6fe853c8cb80:192.168.46.52:36803, 2d11b312-9f22-4a93-a0fc-762107e6cc36:192.168.46.52:39915] returns group-FF8871A9387B:java.util.concurrent.CompletableFuture@29e3e023[Not completed]
2019-06-15 10:18:42,473 INFO  server.RaftServerConfigKeys (ConfUtils.java:logGet(43)) - raft.server.log.appender.install.snapshot.enabled = true (default)
2019-06-15 10:18:42,473 INFO  impl.RaftServerImpl (ServerState.java:<init>(101)) - 2ad65335-a15e-4e37-9368-1d6f9b619238:group-FF8871A9387B ConfigurationManager, init=-1: [2ad65335-a15e-4e37-9368-1d6f9b619238:192.168.46.52:42867, a67df30a-c15d-4097-b576-6fe853c8cb80:192.168.46.52:36803, 2d11b312-9f22-4a93-a0fc-762107e6cc36:192.168.46.52:39915], old=null, confs=<EMPTY_MAP>
2019-06-15 10:18:42,474 INFO  server.RaftServerConfigKeys (ConfUtils.java:logGet(43)) - raft.server.storage.dir = [/opt/src/hadoop-ozone/integration-test/target/test-dir/MiniOzoneClusterImpl-e1d04c3c-ad13-46e8-b4e3-e8d267144a49/datanode-2/data/ratis] (custom)
2019-06-15 10:18:42,474 INFO  impl.RaftServerImpl (RaftServerImpl.java:<init>(91)) - a67df30a-c15d-4097-b576-6fe853c8cb80: new RaftServerImpl for group-FF8871A9387B:[2ad65335-a15e-4e37-9368-1d6f9b619238:192.168.46.52:42867, a67df30a-c15d-4097-b576-6fe853c8cb80:192.168.46.52:36803, 2d11b312-9f22-4a93-a0fc-762107e6cc36:192.168.46.52:39915] with ContainerStateMachine:uninitialized
2019-06-15 10:18:42,474 INFO  storage.RaftStorageDirectory (RaftStorageDirectory.java:analyzeStorage(246)) - The storage directory /opt/src/hadoop-ozone/integration-test/target/test-dir/MiniOzoneClusterImpl-e1d04c3c-ad13-46e8-b4e3-e8d267144a49/datanode-2/data/ratis/1fd0db44-c0d3-47c2-85d3-ff8871a9387b does not exist. Creating ...
2019-06-15 10:18:42,474 INFO  server.RaftServerConfigKeys (ConfUtils.java:logGet(43)) - raft.server.rpc.timeout.min = 1s (custom)
2019-06-15 10:18:42,474 INFO  server.RaftServerConfigKeys (ConfUtils.java:logGet(43)) - raft.server.rpc.timeout.max = 1200ms (custom)
2019-06-15 10:18:42,474 INFO  server.RaftServerConfigKeys (ConfUtils.java:logGet(43)) - raft.server.rpcslowness.timeout = 120s (custom)
2019-06-15 10:18:42,474 INFO  server.RaftServerConfigKeys (ConfUtils.java:logGet(43)) - raft.server.log.appender.install.snapshot.enabled = true (default)
2019-06-15 10:18:42,474 INFO  impl.RaftServerImpl (ServerState.java:<init>(101)) - a67df30a-c15d-4097-b576-6fe853c8cb80:group-FF8871A9387B ConfigurationManager, init=-1: [2ad65335-a15e-4e37-9368-1d6f9b619238:192.168.46.52:42867, a67df30a-c15d-4097-b576-6fe853c8cb80:192.168.46.52:36803, 2d11b312-9f22-4a93-a0fc-762107e6cc36:192.168.46.52:39915], old=null, confs=<EMPTY_MAP>
2019-06-15 10:18:42,474 INFO  server.RaftServerConfigKeys (ConfUtils.java:logGet(43)) - raft.server.storage.dir = [/opt/src/hadoop-ozone/integration-test/target/test-dir/MiniOzoneClusterImpl-e1d04c3c-ad13-46e8-b4e3-e8d267144a49/datanode-0/data/ratis] (custom)
2019-06-15 10:18:42,475 INFO  storage.RaftStorageDirectory (RaftStorageDirectory.java:analyzeStorage(246)) - The storage directory /opt/src/hadoop-ozone/integration-test/target/test-dir/MiniOzoneClusterImpl-e1d04c3c-ad13-46e8-b4e3-e8d267144a49/datanode-0/data/ratis/1fd0db44-c0d3-47c2-85d3-ff8871a9387b does not exist. Creating ...
2019-06-15 10:18:42,476 INFO  storage.RaftStorageDirectory (RaftStorageDirectory.java:tryLock(328)) - Lock on /opt/src/hadoop-ozone/integration-test/target/test-dir/MiniOzoneClusterImpl-e1d04c3c-ad13-46e8-b4e3-e8d267144a49/datanode-1/data/ratis/1fd0db44-c0d3-47c2-85d3-ff8871a9387b/in_use.lock acquired by nodename 14996@ozone-unit-076618677d3-624gv-3109658893
2019-06-15 10:18:42,477 INFO  storage.RaftStorageDirectory (RaftStorageDirectory.java:tryLock(328)) - Lock on /opt/src/hadoop-ozone/integration-test/target/test-dir/MiniOzoneClusterImpl-e1d04c3c-ad13-46e8-b4e3-e8d267144a49/datanode-0/data/ratis/1fd0db44-c0d3-47c2-85d3-ff8871a9387b/in_use.lock acquired by nodename 14996@ozone-unit-076618677d3-624gv-3109658893
2019-06-15 10:18:42,477 INFO  storage.RaftStorageDirectory (RaftStorageDirectory.java:tryLock(328)) - Lock on /opt/src/hadoop-ozone/integration-test/target/test-dir/MiniOzoneClusterImpl-e1d04c3c-ad13-46e8-b4e3-e8d267144a49/datanode-2/data/ratis/1fd0db44-c0d3-47c2-85d3-ff8871a9387b/in_use.lock acquired by nodename 14996@ozone-unit-076618677d3-624gv-3109658893
2019-06-15 10:18:42,479 INFO  storage.RaftStorage (RaftStorage.java:format(75)) - Storage directory /opt/src/hadoop-ozone/integration-test/target/test-dir/MiniOzoneClusterImpl-e1d04c3c-ad13-46e8-b4e3-e8d267144a49/datanode-0/data/ratis/1fd0db44-c0d3-47c2-85d3-ff8871a9387b has been successfully formatted.
2019-06-15 10:18:42,479 INFO  ratis.ContainerStateMachine (ContainerStateMachine.java:loadSnapshot(199)) - The snapshot info is null.Setting the last applied index to:(t:0, i:~)
2019-06-15 10:18:42,479 INFO  server.RaftServerConfigKeys (ConfUtils.java:logGet(43)) - raft.server.leader.election.timeout = 120s (custom)
2019-06-15 10:18:42,479 INFO  server.RaftServerConfigKeys (ConfUtils.java:logGet(43)) - raft.server.log.use.memory = false (default)
2019-06-15 10:18:42,480 INFO  server.RaftServerConfigKeys (ConfUtils.java:logGet(43)) - raft.server.log.appender.buffer.byte-limit = 33554432 (custom)
2019-06-15 10:18:42,480 INFO  server.RaftServerConfigKeys (ConfUtils.java:logGet(43)) - raft.server.log.segment.size.max = 16384 (custom)
2019-06-15 10:18:42,480 INFO  server.RaftServerConfigKeys (ConfUtils.java:logGet(43)) - raft.server.log.segment.cache.num.max = 2 (custom)
2019-06-15 10:18:42,480 INFO  storage.RaftLogWorker (RaftLogWorker.java:<init>(123)) - new a67df30a-c15d-4097-b576-6fe853c8cb80-RaftLogWorker for Storage Directory /opt/src/hadoop-ozone/integration-test/target/test-dir/MiniOzoneClusterImpl-e1d04c3c-ad13-46e8-b4e3-e8d267144a49/datanode-0/data/ratis/1fd0db44-c0d3-47c2-85d3-ff8871a9387b
2019-06-15 10:18:42,480 INFO  server.RaftServerConfigKeys (ConfUtils.java:logGet(43)) - raft.server.log.queue.byte-limit = 2147483647 (custom)
2019-06-15 10:18:42,480 INFO  server.RaftServerConfigKeys (ConfUtils.java:logGet(43)) - raft.server.log.queue.element-limit = 1024 (custom)
2019-06-15 10:18:42,480 INFO  server.RaftServerConfigKeys (ConfUtils.java:logGet(43)) - raft.server.log.segment.size.max = 16384 (custom)
2019-06-15 10:18:42,480 INFO  server.RaftServerConfigKeys (ConfUtils.java:logGet(43)) - raft.server.log.preallocated.size = 16384 (custom)
2019-06-15 10:18:42,480 INFO  server.RaftServerConfigKeys (ConfUtils.java:logGet(43)) - raft.server.log.write.buffer.size = 33554432 (custom)
2019-06-15 10:18:42,480 INFO  server.RaftServerConfigKeys (ConfUtils.java:logGet(43)) - raft.server.log.force.sync.num = 128 (default)
2019-06-15 10:18:42,481 INFO  server.RaftServerConfigKeys (ConfUtils.java:logGet(43)) - raft.server.log.statemachine.data.sync = true (default)
2019-06-15 10:18:42,481 INFO  server.RaftServerConfigKeys (ConfUtils.java:logGet(43)) - raft.server.log.statemachine.data.sync.timeout = 10s (default)
2019-06-15 10:18:42,481 INFO  server.RaftServerConfigKeys (ConfUtils.java:logGet(43)) - raft.server.log.statemachine.data.sync.timeout.retry = -1 (default)
2019-06-15 10:18:42,481 INFO  server.RaftServerConfigKeys (ConfUtils.java:logGet(43)) - raft.server.log.statemachine.data.caching.enabled = true (custom)
2019-06-15 10:18:42,485 INFO  server.RaftServerConfigKeys (ConfUtils.java:logGet(43)) - raft.server.snapshot.auto.trigger.enabled = true (custom)
2019-06-15 10:18:42,485 INFO  server.RaftServerConfigKeys (ConfUtils.java:logGet(43)) - raft.server.snapshot.auto.trigger.threshold = 10000 (custom)
2019-06-15 10:18:42,486 INFO  server.RaftServerConfigKeys (ConfUtils.java:logGet(43)) - raft.server.retrycache.expirytime = 600000ms (custom)
2019-06-15 10:18:42,486 INFO  impl.RaftServerImpl (RaftServerImpl.java:start(173)) - a67df30a-c15d-4097-b576-6fe853c8cb80: start group-FF8871A9387B
2019-06-15 10:18:42,486 INFO  impl.RaftServerImpl (RaftServerImpl.java:setRole(164)) - a67df30a-c15d-4097-b576-6fe853c8cb80:group-FF8871A9387B changes role from null to FOLLOWER at term 0 for startAsFollower
2019-06-15 10:18:42,486 INFO  impl.RoleInfo (RoleInfo.java:updateAndGet(143)) - a67df30a-c15d-4097-b576-6fe853c8cb80: start FollowerState
2019-06-15 10:18:42,487 INFO  storage.RaftStorage (RaftStorage.java:format(75)) - Storage directory /opt/src/hadoop-ozone/integration-test/target/test-dir/MiniOzoneClusterImpl-e1d04c3c-ad13-46e8-b4e3-e8d267144a49/datanode-1/data/ratis/1fd0db44-c0d3-47c2-85d3-ff8871a9387b has been successfully formatted.
2019-06-15 10:18:42,487 INFO  ratis.ContainerStateMachine (ContainerStateMachine.java:loadSnapshot(199)) - The snapshot info is null.Setting the last applied index to:(t:0, i:~)
2019-06-15 10:18:42,487 INFO  server.RaftServerConfigKeys (ConfUtils.java:logGet(43)) - raft.server.leader.election.timeout = 120s (custom)
2019-06-15 10:18:42,487 INFO  server.RaftServerConfigKeys (ConfUtils.java:logGet(43)) - raft.server.log.use.memory = false (default)
2019-06-15 10:18:42,487 INFO  server.RaftServerConfigKeys (ConfUtils.java:logGet(43)) - raft.server.log.appender.buffer.byte-limit = 33554432 (custom)
2019-06-15 10:18:42,488 INFO  server.RaftServerConfigKeys (ConfUtils.java:logGet(43)) - raft.server.log.segment.size.max = 16384 (custom)
2019-06-15 10:18:42,488 INFO  server.RaftServerConfigKeys (ConfUtils.java:logGet(43)) - raft.server.log.segment.cache.num.max = 2 (custom)
2019-06-15 10:18:42,488 INFO  storage.RaftLogWorker (RaftLogWorker.java:<init>(123)) - new 2d11b312-9f22-4a93-a0fc-762107e6cc36-RaftLogWorker for Storage Directory /opt/src/hadoop-ozone/integration-test/target/test-dir/MiniOzoneClusterImpl-e1d04c3c-ad13-46e8-b4e3-e8d267144a49/datanode-1/data/ratis/1fd0db44-c0d3-47c2-85d3-ff8871a9387b
2019-06-15 10:18:42,488 INFO  server.RaftServerConfigKeys (ConfUtils.java:logGet(43)) - raft.server.log.queue.byte-limit = 2147483647 (custom)
2019-06-15 10:18:42,488 INFO  server.RaftServerConfigKeys (ConfUtils.java:logGet(43)) - raft.server.log.queue.element-limit = 1024 (custom)
2019-06-15 10:18:42,488 INFO  server.RaftServerConfigKeys (ConfUtils.java:logGet(43)) - raft.server.log.segment.size.max = 16384 (custom)
2019-06-15 10:18:42,488 INFO  server.RaftServerConfigKeys (ConfUtils.java:logGet(43)) - raft.server.log.preallocated.size = 16384 (custom)
2019-06-15 10:18:42,488 INFO  server.RaftServerConfigKeys (ConfUtils.java:logGet(43)) - raft.server.log.write.buffer.size = 33554432 (custom)
2019-06-15 10:18:42,488 INFO  server.RaftServerConfigKeys (ConfUtils.java:logGet(43)) - raft.server.log.force.sync.num = 128 (default)
2019-06-15 10:18:42,488 INFO  server.RaftServerConfigKeys (ConfUtils.java:logGet(43)) - raft.server.log.statemachine.data.sync = true (default)
2019-06-15 10:18:42,488 INFO  server.RaftServerConfigKeys (ConfUtils.java:logGet(43)) - raft.server.log.statemachine.data.sync.timeout = 10s (default)
2019-06-15 10:18:42,489 INFO  server.RaftServerConfigKeys (ConfUtils.java:logGet(43)) - raft.server.log.statemachine.data.sync.timeout.retry = -1 (default)
2019-06-15 10:18:42,493 INFO  storage.RaftStorage (RaftStorage.java:format(75)) - Storage directory /opt/src/hadoop-ozone/integration-test/target/test-dir/MiniOzoneClusterImpl-e1d04c3c-ad13-46e8-b4e3-e8d267144a49/datanode-2/data/ratis/1fd0db44-c0d3-47c2-85d3-ff8871a9387b has been successfully formatted.
2019-06-15 10:18:42,494 INFO  ratis.ContainerStateMachine (ContainerStateMachine.java:loadSnapshot(199)) - The snapshot info is null.Setting the last applied index to:(t:0, i:~)
2019-06-15 10:18:42,494 INFO  server.RaftServerConfigKeys (ConfUtils.java:logGet(43)) - raft.server.leader.election.timeout = 120s (custom)
2019-06-15 10:18:42,494 INFO  server.RaftServerConfigKeys (ConfUtils.java:logGet(43)) - raft.server.log.use.memory = false (default)
2019-06-15 10:18:42,494 INFO  server.RaftServerConfigKeys (ConfUtils.java:logGet(43)) - raft.server.log.appender.buffer.byte-limit = 33554432 (custom)
2019-06-15 10:18:42,494 INFO  server.RaftServerConfigKeys (ConfUtils.java:logGet(43)) - raft.server.log.segment.size.max = 16384 (custom)
2019-06-15 10:18:42,494 INFO  server.RaftServerConfigKeys (ConfUtils.java:logGet(43)) - raft.server.log.segment.cache.num.max = 2 (custom)
2019-06-15 10:18:42,494 INFO  storage.RaftLogWorker (RaftLogWorker.java:<init>(123)) - new 2ad65335-a15e-4e37-9368-1d6f9b619238-RaftLogWorker for Storage Directory /opt/src/hadoop-ozone/integration-test/target/test-dir/MiniOzoneClusterImpl-e1d04c3c-ad13-46e8-b4e3-e8d267144a49/datanode-2/data/ratis/1fd0db44-c0d3-47c2-85d3-ff8871a9387b
2019-06-15 10:18:42,494 INFO  server.RaftServerConfigKeys (ConfUtils.java:logGet(43)) - raft.server.log.queue.byte-limit = 2147483647 (custom)
2019-06-15 10:18:42,494 INFO  server.RaftServerConfigKeys (ConfUtils.java:logGet(43)) - raft.server.log.queue.element-limit = 1024 (custom)
2019-06-15 10:18:42,494 INFO  server.RaftServerConfigKeys (ConfUtils.java:logGet(43)) - raft.server.log.segment.size.max = 16384 (custom)
2019-06-15 10:18:42,494 INFO  server.RaftServerConfigKeys (ConfUtils.java:logGet(43)) - raft.server.log.preallocated.size = 16384 (custom)
2019-06-15 10:18:42,494 INFO  server.RaftServerConfigKeys (ConfUtils.java:logGet(43)) - raft.server.log.write.buffer.size = 33554432 (custom)
2019-06-15 10:18:42,494 INFO  server.RaftServerConfigKeys (ConfUtils.java:logGet(43)) - raft.server.log.force.sync.num = 128 (default)
2019-06-15 10:18:42,494 INFO  server.RaftServerConfigKeys (ConfUtils.java:logGet(43)) - raft.server.log.statemachine.data.sync = true (default)
2019-06-15 10:18:42,494 INFO  server.RaftServerConfigKeys (ConfUtils.java:logGet(43)) - raft.server.log.statemachine.data.sync.timeout = 10s (default)
2019-06-15 10:18:42,494 INFO  server.RaftServerConfigKeys (ConfUtils.java:logGet(43)) - raft.server.log.statemachine.data.sync.timeout.retry = -1 (default)
2019-06-15 10:18:42,495 INFO  server.RaftServerConfigKeys (ConfUtils.java:logGet(43)) - raft.server.log.statemachine.data.caching.enabled = true (custom)
2019-06-15 10:18:42,495 INFO  server.RaftServerConfigKeys (ConfUtils.java:logGet(43)) - raft.server.log.statemachine.data.caching.enabled = true (custom)
2019-06-15 10:18:42,504 INFO  server.RaftServerConfigKeys (ConfUtils.java:logGet(43)) - raft.server.snapshot.auto.trigger.enabled = true (custom)
2019-06-15 10:18:42,504 INFO  util.JmxRegister (JmxRegister.java:tryRegister(44)) - Successfully registered JMX Bean with object name Ratis:service=RaftServer,group=group-FF8871A9387B,id=a67df30a-c15d-4097-b576-6fe853c8cb80
2019-06-15 10:18:42,505 INFO  server.RaftServerConfigKeys (ConfUtils.java:logGet(43)) - raft.server.snapshot.auto.trigger.threshold = 10000 (custom)
2019-06-15 10:18:42,505 INFO  server.RaftServerConfigKeys (ConfUtils.java:logGet(43)) - raft.server.snapshot.auto.trigger.enabled = true (custom)
2019-06-15 10:18:42,505 INFO  server.RaftServerConfigKeys (ConfUtils.java:logGet(43)) - raft.server.snapshot.auto.trigger.threshold = 10000 (custom)
2019-06-15 10:18:42,506 INFO  server.RaftServerConfigKeys (ConfUtils.java:logGet(43)) - raft.server.retrycache.expirytime = 600000ms (custom)
2019-06-15 10:18:42,506 INFO  impl.RaftServerImpl (RaftServerImpl.java:start(173)) - 2d11b312-9f22-4a93-a0fc-762107e6cc36: start group-FF8871A9387B
2019-06-15 10:18:42,506 INFO  impl.RaftServerImpl (RaftServerImpl.java:setRole(164)) - 2d11b312-9f22-4a93-a0fc-762107e6cc36:group-FF8871A9387B changes role from null to FOLLOWER at term 0 for startAsFollower
2019-06-15 10:18:42,506 INFO  impl.RoleInfo (RoleInfo.java:updateAndGet(143)) - 2d11b312-9f22-4a93-a0fc-762107e6cc36: start FollowerState
2019-06-15 10:18:42,506 INFO  server.RaftServerConfigKeys (ConfUtils.java:logGet(43)) - raft.server.retrycache.expirytime = 600000ms (custom)
2019-06-15 10:18:42,506 INFO  util.JmxRegister (JmxRegister.java:tryRegister(44)) - Successfully registered JMX Bean with object name Ratis:service=RaftServer,group=group-FF8871A9387B,id=2d11b312-9f22-4a93-a0fc-762107e6cc36
2019-06-15 10:18:42,507 INFO  impl.RaftServerImpl (RaftServerImpl.java:start(173)) - 2ad65335-a15e-4e37-9368-1d6f9b619238: start group-FF8871A9387B
2019-06-15 10:18:42,507 INFO  impl.RaftServerImpl (RaftServerImpl.java:setRole(164)) - 2ad65335-a15e-4e37-9368-1d6f9b619238:group-FF8871A9387B changes role from null to FOLLOWER at term 0 for startAsFollower
2019-06-15 10:18:42,507 INFO  impl.RoleInfo (RoleInfo.java:updateAndGet(143)) - 2ad65335-a15e-4e37-9368-1d6f9b619238: start FollowerState
2019-06-15 10:18:42,525 INFO  util.JmxRegister (JmxRegister.java:tryRegister(44)) - Successfully registered JMX Bean with object name Ratis:service=RaftServer,group=group-FF8871A9387B,id=2ad65335-a15e-4e37-9368-1d6f9b619238
2019-06-15 10:18:42,538 INFO  pipeline.PipelineStateManager (PipelineStateManager.java:addPipeline(56)) - Created pipeline Pipeline[ Id: 1fd0db44-c0d3-47c2-85d3-ff8871a9387b, Nodes: 2ad65335-a15e-4e37-9368-1d6f9b619238{ip: 192.168.46.52, host: ozone-unit-076618677d3-624gv-3109658893, networkLocation: /default-rack, certSerialId: null}a67df30a-c15d-4097-b576-6fe853c8cb80{ip: 192.168.46.52, host: ozone-unit-076618677d3-624gv-3109658893, networkLocation: /default-rack, certSerialId: null}2d11b312-9f22-4a93-a0fc-762107e6cc36{ip: 192.168.46.52, host: ozone-unit-076618677d3-624gv-3109658893, networkLocation: /default-rack, certSerialId: null}, Type:RATIS, Factor:THREE, State:OPEN]
2019-06-15 10:18:42,671 INFO  node.SCMNodeManager (SCMNodeManager.java:register(269)) - Registered Data node : 9cff47a9-23d7-4aec-a59f-08c933a51d83{ip: 192.168.46.52, host: ozone-unit-076618677d3-624gv-3109658893, networkLocation: /default-rack, certSerialId: null}
2019-06-15 10:18:42,680 INFO  impl.RaftServerProxy (RaftServerProxy.java:addNew(89)) - 9cff47a9-23d7-4aec-a59f-08c933a51d83: addNew group-7A9B49C3DDD8:[9cff47a9-23d7-4aec-a59f-08c933a51d83:192.168.46.52:43693] returns group-7A9B49C3DDD8:java.util.concurrent.CompletableFuture@72596e9f[Not completed]
2019-06-15 10:18:42,680 INFO  impl.RaftServerImpl (RaftServerImpl.java:<init>(91)) - 9cff47a9-23d7-4aec-a59f-08c933a51d83: new RaftServerImpl for group-7A9B49C3DDD8:[9cff47a9-23d7-4aec-a59f-08c933a51d83:192.168.46.52:43693] with ContainerStateMachine:uninitialized
2019-06-15 10:18:42,686 INFO  server.RaftServerConfigKeys (ConfUtils.java:logGet(43)) - raft.server.rpc.timeout.min = 1s (custom)
2019-06-15 10:18:42,686 INFO  server.RaftServerConfigKeys (ConfUtils.java:logGet(43)) - raft.server.rpc.timeout.max = 1200ms (custom)
2019-06-15 10:18:42,686 INFO  server.RaftServerConfigKeys (ConfUtils.java:logGet(43)) - raft.server.rpcslowness.timeout = 120s (custom)
2019-06-15 10:18:42,686 INFO  server.RaftServerConfigKeys (ConfUtils.java:logGet(43)) - raft.server.log.appender.install.snapshot.enabled = true (default)
2019-06-15 10:18:42,686 INFO  impl.RaftServerImpl (ServerState.java:<init>(101)) - 9cff47a9-23d7-4aec-a59f-08c933a51d83:group-7A9B49C3DDD8 ConfigurationManager, init=-1: [9cff47a9-23d7-4aec-a59f-08c933a51d83:192.168.46.52:43693], old=null, confs=<EMPTY_MAP>
2019-06-15 10:18:42,686 INFO  server.RaftServerConfigKeys (ConfUtils.java:logGet(43)) - raft.server.storage.dir = [/opt/src/hadoop-ozone/integration-test/target/test-dir/MiniOzoneClusterImpl-e1d04c3c-ad13-46e8-b4e3-e8d267144a49/datanode-3/data/ratis] (custom)
2019-06-15 10:18:42,687 INFO  storage.RaftStorageDirectory (RaftStorageDirectory.java:analyzeStorage(246)) - The storage directory /opt/src/hadoop-ozone/integration-test/target/test-dir/MiniOzoneClusterImpl-e1d04c3c-ad13-46e8-b4e3-e8d267144a49/datanode-3/data/ratis/a7a25d52-2bcb-43dc-bc54-7a9b49c3ddd8 does not exist. Creating ...
2019-06-15 10:18:42,694 INFO  storage.RaftStorageDirectory (RaftStorageDirectory.java:tryLock(328)) - Lock on /opt/src/hadoop-ozone/integration-test/target/test-dir/MiniOzoneClusterImpl-e1d04c3c-ad13-46e8-b4e3-e8d267144a49/datanode-3/data/ratis/a7a25d52-2bcb-43dc-bc54-7a9b49c3ddd8/in_use.lock acquired by nodename 14996@ozone-unit-076618677d3-624gv-3109658893
2019-06-15 10:18:42,698 INFO  storage.RaftStorage (RaftStorage.java:format(75)) - Storage directory /opt/src/hadoop-ozone/integration-test/target/test-dir/MiniOzoneClusterImpl-e1d04c3c-ad13-46e8-b4e3-e8d267144a49/datanode-3/data/ratis/a7a25d52-2bcb-43dc-bc54-7a9b49c3ddd8 has been successfully formatted.
2019-06-15 10:18:42,698 INFO  ratis.ContainerStateMachine (ContainerStateMachine.java:loadSnapshot(199)) - The snapshot info is null.Setting the last applied index to:(t:0, i:~)
2019-06-15 10:18:42,698 INFO  server.RaftServerConfigKeys (ConfUtils.java:logGet(43)) - raft.server.leader.election.timeout = 120s (custom)
2019-06-15 10:18:42,698 INFO  server.RaftServerConfigKeys (ConfUtils.java:logGet(43)) - raft.server.log.use.memory = false (default)
2019-06-15 10:18:42,698 INFO  server.RaftServerConfigKeys (ConfUtils.java:logGet(43)) - raft.server.log.appender.buffer.byte-limit = 33554432 (custom)
2019-06-15 10:18:42,698 INFO  server.RaftServerConfigKeys (ConfUtils.java:logGet(43)) - raft.server.log.segment.size.max = 16384 (custom)
2019-06-15 10:18:42,698 INFO  server.RaftServerConfigKeys (ConfUtils.java:logGet(43)) - raft.server.log.segment.cache.num.max = 2 (custom)
2019-06-15 10:18:42,699 INFO  storage.RaftLogWorker (RaftLogWorker.java:<init>(123)) - new 9cff47a9-23d7-4aec-a59f-08c933a51d83-RaftLogWorker for Storage Directory /opt/src/hadoop-ozone/integration-test/target/test-dir/MiniOzoneClusterImpl-e1d04c3c-ad13-46e8-b4e3-e8d267144a49/datanode-3/data/ratis/a7a25d52-2bcb-43dc-bc54-7a9b49c3ddd8
2019-06-15 10:18:42,699 INFO  server.RaftServerConfigKeys (ConfUtils.java:logGet(43)) - raft.server.log.queue.byte-limit = 2147483647 (custom)
2019-06-15 10:18:42,699 INFO  server.RaftServerConfigKeys (ConfUtils.java:logGet(43)) - raft.server.log.queue.element-limit = 1024 (custom)
2019-06-15 10:18:42,699 INFO  server.RaftServerConfigKeys (ConfUtils.java:logGet(43)) - raft.server.log.segment.size.max = 16384 (custom)
2019-06-15 10:18:42,699 INFO  server.RaftServerConfigKeys (ConfUtils.java:logGet(43)) - raft.server.log.preallocated.size = 16384 (custom)
2019-06-15 10:18:42,699 INFO  server.RaftServerConfigKeys (ConfUtils.java:logGet(43)) - raft.server.log.write.buffer.size = 33554432 (custom)
2019-06-15 10:18:42,699 INFO  server.RaftServerConfigKeys (ConfUtils.java:logGet(43)) - raft.server.log.force.sync.num = 128 (default)
2019-06-15 10:18:42,699 INFO  server.RaftServerConfigKeys (ConfUtils.java:logGet(43)) - raft.server.log.statemachine.data.sync = true (default)
2019-06-15 10:18:42,699 INFO  server.RaftServerConfigKeys (ConfUtils.java:logGet(43)) - raft.server.log.statemachine.data.sync.timeout = 10s (default)
2019-06-15 10:18:42,699 INFO  server.RaftServerConfigKeys (ConfUtils.java:logGet(43)) - raft.server.log.statemachine.data.sync.timeout.retry = -1 (default)
2019-06-15 10:18:42,699 INFO  server.RaftServerConfigKeys (ConfUtils.java:logGet(43)) - raft.server.log.statemachine.data.caching.enabled = true (custom)
2019-06-15 10:18:42,700 INFO  server.RaftServerConfigKeys (ConfUtils.java:logGet(43)) - raft.server.snapshot.auto.trigger.enabled = true (custom)
2019-06-15 10:18:42,700 INFO  server.RaftServerConfigKeys (ConfUtils.java:logGet(43)) - raft.server.snapshot.auto.trigger.threshold = 10000 (custom)
2019-06-15 10:18:42,700 INFO  server.RaftServerConfigKeys (ConfUtils.java:logGet(43)) - raft.server.retrycache.expirytime = 600000ms (custom)
2019-06-15 10:18:42,700 INFO  impl.RaftServerImpl (RaftServerImpl.java:start(173)) - 9cff47a9-23d7-4aec-a59f-08c933a51d83: start group-7A9B49C3DDD8
2019-06-15 10:18:42,700 INFO  impl.RaftServerImpl (RaftServerImpl.java:setRole(164)) - 9cff47a9-23d7-4aec-a59f-08c933a51d83:group-7A9B49C3DDD8 changes role from null to FOLLOWER at term 0 for startAsFollower
2019-06-15 10:18:42,700 INFO  impl.RoleInfo (RoleInfo.java:updateAndGet(143)) - 9cff47a9-23d7-4aec-a59f-08c933a51d83: start FollowerState
2019-06-15 10:18:42,703 INFO  util.JmxRegister (JmxRegister.java:tryRegister(44)) - Successfully registered JMX Bean with object name Ratis:service=RaftServer,group=group-7A9B49C3DDD8,id=9cff47a9-23d7-4aec-a59f-08c933a51d83
2019-06-15 10:18:42,705 INFO  pipeline.PipelineStateManager (PipelineStateManager.java:addPipeline(56)) - Created pipeline Pipeline[ Id: a7a25d52-2bcb-43dc-bc54-7a9b49c3ddd8, Nodes: 9cff47a9-23d7-4aec-a59f-08c933a51d83{ip: 192.168.46.52, host: ozone-unit-076618677d3-624gv-3109658893, networkLocation: /default-rack, certSerialId: null}, Type:RATIS, Factor:ONE, State:OPEN]
2019-06-15 10:18:42,886 INFO  node.SCMNodeManager (SCMNodeManager.java:register(269)) - Registered Data node : bcaf4d56-741c-42ae-9172-598b7b2f7cc4{ip: 192.168.46.52, host: ozone-unit-076618677d3-624gv-3109658893, networkLocation: /default-rack, certSerialId: null}
2019-06-15 10:18:42,894 INFO  impl.RaftServerProxy (RaftServerProxy.java:addNew(89)) - bcaf4d56-741c-42ae-9172-598b7b2f7cc4: addNew group-CBB31815B1F6:[bcaf4d56-741c-42ae-9172-598b7b2f7cc4:192.168.46.52:42413] returns group-CBB31815B1F6:java.util.concurrent.CompletableFuture@4db4f05a[Not completed]
2019-06-15 10:18:42,897 INFO  impl.RaftServerImpl (RaftServerImpl.java:<init>(91)) - bcaf4d56-741c-42ae-9172-598b7b2f7cc4: new RaftServerImpl for group-CBB31815B1F6:[bcaf4d56-741c-42ae-9172-598b7b2f7cc4:192.168.46.52:42413] with ContainerStateMachine:uninitialized
2019-06-15 10:18:42,898 INFO  server.RaftServerConfigKeys (ConfUtils.java:logGet(43)) - raft.server.rpc.timeout.min = 1s (custom)
2019-06-15 10:18:42,898 INFO  server.RaftServerConfigKeys (ConfUtils.java:logGet(43)) - raft.server.rpc.timeout.max = 1200ms (custom)
2019-06-15 10:18:42,898 INFO  server.RaftServerConfigKeys (ConfUtils.java:logGet(43)) - raft.server.rpcslowness.timeout = 120s (custom)
2019-06-15 10:18:42,898 INFO  server.RaftServerConfigKeys (ConfUtils.java:logGet(43)) - raft.server.log.appender.install.snapshot.enabled = true (default)
2019-06-15 10:18:42,898 INFO  impl.RaftServerImpl (ServerState.java:<init>(101)) - bcaf4d56-741c-42ae-9172-598b7b2f7cc4:group-CBB31815B1F6 ConfigurationManager, init=-1: [bcaf4d56-741c-42ae-9172-598b7b2f7cc4:192.168.46.52:42413], old=null, confs=<EMPTY_MAP>
2019-06-15 10:18:42,898 INFO  server.RaftServerConfigKeys (ConfUtils.java:logGet(43)) - raft.server.storage.dir = [/opt/src/hadoop-ozone/integration-test/target/test-dir/MiniOzoneClusterImpl-e1d04c3c-ad13-46e8-b4e3-e8d267144a49/datanode-4/data/ratis] (custom)
2019-06-15 10:18:42,898 INFO  storage.RaftStorageDirectory (RaftStorageDirectory.java:analyzeStorage(246)) - The storage directory /opt/src/hadoop-ozone/integration-test/target/test-dir/MiniOzoneClusterImpl-e1d04c3c-ad13-46e8-b4e3-e8d267144a49/datanode-4/data/ratis/11c4ea45-40cb-40b7-a903-cbb31815b1f6 does not exist. Creating ...
2019-06-15 10:18:42,903 INFO  storage.RaftStorageDirectory (RaftStorageDirectory.java:tryLock(328)) - Lock on /opt/src/hadoop-ozone/integration-test/target/test-dir/MiniOzoneClusterImpl-e1d04c3c-ad13-46e8-b4e3-e8d267144a49/datanode-4/data/ratis/11c4ea45-40cb-40b7-a903-cbb31815b1f6/in_use.lock acquired by nodename 14996@ozone-unit-076618677d3-624gv-3109658893
2019-06-15 10:18:42,905 INFO  storage.RaftStorage (RaftStorage.java:format(75)) - Storage directory /opt/src/hadoop-ozone/integration-test/target/test-dir/MiniOzoneClusterImpl-e1d04c3c-ad13-46e8-b4e3-e8d267144a49/datanode-4/data/ratis/11c4ea45-40cb-40b7-a903-cbb31815b1f6 has been successfully formatted.
2019-06-15 10:18:42,906 INFO  ratis.ContainerStateMachine (ContainerStateMachine.java:loadSnapshot(199)) - The snapshot info is null.Setting the last applied index to:(t:0, i:~)
2019-06-15 10:18:42,906 INFO  server.RaftServerConfigKeys (ConfUtils.java:logGet(43)) - raft.server.leader.election.timeout = 120s (custom)
2019-06-15 10:18:42,906 INFO  server.RaftServerConfigKeys (ConfUtils.java:logGet(43)) - raft.server.log.use.memory = false (default)
2019-06-15 10:18:42,906 INFO  server.RaftServerConfigKeys (ConfUtils.java:logGet(43)) - raft.server.log.appender.buffer.byte-limit = 33554432 (custom)
2019-06-15 10:18:42,906 INFO  server.RaftServerConfigKeys (ConfUtils.java:logGet(43)) - raft.server.log.segment.size.max = 16384 (custom)
2019-06-15 10:18:42,906 INFO  server.RaftServerConfigKeys (ConfUtils.java:logGet(43)) - raft.server.log.segment.cache.num.max = 2 (custom)
2019-06-15 10:18:42,906 INFO  storage.RaftLogWorker (RaftLogWorker.java:<init>(123)) - new bcaf4d56-741c-42ae-9172-598b7b2f7cc4-RaftLogWorker for Storage Directory /opt/src/hadoop-ozone/integration-test/target/test-dir/MiniOzoneClusterImpl-e1d04c3c-ad13-46e8-b4e3-e8d267144a49/datanode-4/data/ratis/11c4ea45-40cb-40b7-a903-cbb31815b1f6
2019-06-15 10:18:42,907 INFO  server.RaftServerConfigKeys (ConfUtils.java:logGet(43)) - raft.server.log.queue.byte-limit = 2147483647 (custom)
2019-06-15 10:18:42,907 INFO  server.RaftServerConfigKeys (ConfUtils.java:logGet(43)) - raft.server.log.queue.element-limit = 1024 (custom)
2019-06-15 10:18:42,907 INFO  server.RaftServerConfigKeys (ConfUtils.java:logGet(43)) - raft.server.log.segment.size.max = 16384 (custom)
2019-06-15 10:18:42,907 INFO  server.RaftServerConfigKeys (ConfUtils.java:logGet(43)) - raft.server.log.preallocated.size = 16384 (custom)
2019-06-15 10:18:42,907 INFO  server.RaftServerConfigKeys (ConfUtils.java:logGet(43)) - raft.server.log.write.buffer.size = 33554432 (custom)
2019-06-15 10:18:42,907 INFO  server.RaftServerConfigKeys (ConfUtils.java:logGet(43)) - raft.server.log.force.sync.num = 128 (default)
2019-06-15 10:18:42,907 INFO  server.RaftServerConfigKeys (ConfUtils.java:logGet(43)) - raft.server.log.statemachine.data.sync = true (default)
2019-06-15 10:18:42,907 INFO  server.RaftServerConfigKeys (ConfUtils.java:logGet(43)) - raft.server.log.statemachine.data.sync.timeout = 10s (default)
2019-06-15 10:18:42,907 INFO  server.RaftServerConfigKeys (ConfUtils.java:logGet(43)) - raft.server.log.statemachine.data.sync.timeout.retry = -1 (default)
2019-06-15 10:18:42,907 INFO  server.RaftServerConfigKeys (ConfUtils.java:logGet(43)) - raft.server.log.statemachine.data.caching.enabled = true (custom)
2019-06-15 10:18:42,908 INFO  server.RaftServerConfigKeys (ConfUtils.java:logGet(43)) - raft.server.snapshot.auto.trigger.enabled = true (custom)
2019-06-15 10:18:42,908 INFO  server.RaftServerConfigKeys (ConfUtils.java:logGet(43)) - raft.server.snapshot.auto.trigger.threshold = 10000 (custom)
2019-06-15 10:18:42,908 INFO  server.RaftServerConfigKeys (ConfUtils.java:logGet(43)) - raft.server.retrycache.expirytime = 600000ms (custom)
2019-06-15 10:18:42,909 INFO  impl.RaftServerImpl (RaftServerImpl.java:start(173)) - bcaf4d56-741c-42ae-9172-598b7b2f7cc4: start group-CBB31815B1F6
2019-06-15 10:18:42,909 INFO  impl.RaftServerImpl (RaftServerImpl.java:setRole(164)) - bcaf4d56-741c-42ae-9172-598b7b2f7cc4:group-CBB31815B1F6 changes role from null to FOLLOWER at term 0 for startAsFollower
2019-06-15 10:18:42,909 INFO  impl.RoleInfo (RoleInfo.java:updateAndGet(143)) - bcaf4d56-741c-42ae-9172-598b7b2f7cc4: start FollowerState
2019-06-15 10:18:42,909 INFO  util.JmxRegister (JmxRegister.java:tryRegister(44)) - Successfully registered JMX Bean with object name Ratis:service=RaftServer,group=group-CBB31815B1F6,id=bcaf4d56-741c-42ae-9172-598b7b2f7cc4
2019-06-15 10:18:42,911 INFO  pipeline.PipelineStateManager (PipelineStateManager.java:addPipeline(56)) - Created pipeline Pipeline[ Id: 11c4ea45-40cb-40b7-a903-cbb31815b1f6, Nodes: bcaf4d56-741c-42ae-9172-598b7b2f7cc4{ip: 192.168.46.52, host: ozone-unit-076618677d3-624gv-3109658893, networkLocation: /default-rack, certSerialId: null}, Type:RATIS, Factor:ONE, State:OPEN]
2019-06-15 10:18:43,088 INFO  impl.FollowerState (FollowerState.java:run(101)) - a67df30a-c15d-4097-b576-6fe853c8cb80:group-8E37F84468F1 changes to CANDIDATE, lastRpcTime:1131, electionTimeout:1131ms
2019-06-15 10:18:43,089 INFO  impl.RoleInfo (RoleInfo.java:shutdownFollowerState(121)) - a67df30a-c15d-4097-b576-6fe853c8cb80: shutdown FollowerState
2019-06-15 10:18:43,089 INFO  impl.RaftServerImpl (RaftServerImpl.java:setRole(164)) - a67df30a-c15d-4097-b576-6fe853c8cb80:group-8E37F84468F1 changes role from FOLLOWER to CANDIDATE at term 0 for changeToCandidate
2019-06-15 10:18:43,089 INFO  impl.RoleInfo (RoleInfo.java:updateAndGet(143)) - a67df30a-c15d-4097-b576-6fe853c8cb80: start LeaderElection
2019-06-15 10:18:43,095 INFO  impl.LeaderElection (LeaderElection.java:askForVotes(181)) - a67df30a-c15d-4097-b576-6fe853c8cb80:group-8E37F84468F1:LeaderElection38: begin an election at term 1 for -1: [a67df30a-c15d-4097-b576-6fe853c8cb80:192.168.46.52:36803], old=null
2019-06-15 10:18:43,095 INFO  impl.RoleInfo (RoleInfo.java:shutdownLeaderElection(134)) - a67df30a-c15d-4097-b576-6fe853c8cb80: shutdown LeaderElection
2019-06-15 10:18:43,095 INFO  impl.RaftServerImpl (RaftServerImpl.java:setRole(164)) - a67df30a-c15d-4097-b576-6fe853c8cb80:group-8E37F84468F1 changes role from CANDIDATE to LEADER at term 1 for changeToLeader
2019-06-15 10:18:43,095 INFO  impl.RaftServerImpl (ServerState.java:setLeader(263)) - a67df30a-c15d-4097-b576-6fe853c8cb80:group-8E37F84468F1 change Leader from null to a67df30a-c15d-4097-b576-6fe853c8cb80 at term 1 for becomeLeader, leader elected after 1140ms
2019-06-15 10:18:43,095 INFO  server.RaftServerConfigKeys (ConfUtils.java:logGet(43)) - raft.server.staging.catchup.gap = 1000 (default)
2019-06-15 10:18:43,096 INFO  server.RaftServerConfigKeys (ConfUtils.java:logGet(43)) - raft.server.rpc.sleep.time = 25ms (default)
2019-06-15 10:18:43,096 INFO  server.RaftServerConfigKeys (ConfUtils.java:logGet(43)) - raft.server.watch.timeout = 10s (default)
2019-06-15 10:18:43,096 INFO  server.RaftServerConfigKeys (ConfUtils.java:logGet(43)) - raft.server.watch.timeout.denomination = 1s (default)
2019-06-15 10:18:43,096 INFO  impl.RoleInfo (RoleInfo.java:updateAndGet(143)) - a67df30a-c15d-4097-b576-6fe853c8cb80: start LeaderState
2019-06-15 10:18:43,096 INFO  storage.RaftLogWorker (RaftLogWorker.java:startLogSegment(298)) - a67df30a-c15d-4097-b576-6fe853c8cb80-RaftLogWorker: Starting segment from index:0
2019-06-15 10:18:43,110 INFO  impl.RaftServerImpl (ServerState.java:setRaftConf(361)) - a67df30a-c15d-4097-b576-6fe853c8cb80:group-8E37F84468F1 set configuration 0: [a67df30a-c15d-4097-b576-6fe853c8cb80:192.168.46.52:36803], old=null at 0
2019-06-15 10:18:43,139 INFO  storage.RaftLogWorker (RaftLogWorker.java:execute(469)) - a67df30a-c15d-4097-b576-6fe853c8cb80-RaftLogWorker: created new log segment /opt/src/hadoop-ozone/integration-test/target/test-dir/MiniOzoneClusterImpl-e1d04c3c-ad13-46e8-b4e3-e8d267144a49/datanode-0/data/ratis/7664f27c-6b9b-40bd-8bd5-8e37f84468f1/current/log_inprogress_0
2019-06-15 10:18:43,183 INFO  node.SCMNodeManager (SCMNodeManager.java:register(269)) - Registered Data node : 829bbbb8-3dd6-40c5-81bd-e5ee89259339{ip: 192.168.46.52, host: ozone-unit-076618677d3-624gv-3109658893, networkLocation: /default-rack, certSerialId: null}
2019-06-15 10:18:43,192 INFO  ozone.MiniOzoneClusterImpl (MiniOzoneClusterImpl.java:lambda$waitForClusterToBeReady$0(142)) - Cluster is ready. Got 6 of 6 DN Heartbeats.
2019-06-15 10:18:43,193 INFO  impl.RaftServerProxy (RaftServerProxy.java:addNew(89)) - 829bbbb8-3dd6-40c5-81bd-e5ee89259339: addNew group-0ADD8BB38062:[829bbbb8-3dd6-40c5-81bd-e5ee89259339:192.168.46.52:41479] returns group-0ADD8BB38062:java.util.concurrent.CompletableFuture@1ffb97b5[Not completed]
2019-06-15 10:18:43,204 INFO  impl.RaftServerImpl (RaftServerImpl.java:<init>(91)) - 829bbbb8-3dd6-40c5-81bd-e5ee89259339: new RaftServerImpl for group-0ADD8BB38062:[829bbbb8-3dd6-40c5-81bd-e5ee89259339:192.168.46.52:41479] with ContainerStateMachine:uninitialized
2019-06-15 10:18:43,204 INFO  server.RaftServerConfigKeys (ConfUtils.java:logGet(43)) - raft.server.rpc.timeout.min = 1s (custom)
2019-06-15 10:18:43,204 INFO  server.RaftServerConfigKeys (ConfUtils.java:logGet(43)) - raft.server.rpc.timeout.max = 1200ms (custom)
2019-06-15 10:18:43,204 INFO  server.RaftServerConfigKeys (ConfUtils.java:logGet(43)) - raft.server.rpcslowness.timeout = 120s (custom)
2019-06-15 10:18:43,204 INFO  server.RaftServerConfigKeys (ConfUtils.java:logGet(43)) - raft.server.log.appender.install.snapshot.enabled = true (default)
2019-06-15 10:18:43,204 INFO  impl.RaftServerImpl (ServerState.java:<init>(101)) - 829bbbb8-3dd6-40c5-81bd-e5ee89259339:group-0ADD8BB38062 ConfigurationManager, init=-1: [829bbbb8-3dd6-40c5-81bd-e5ee89259339:192.168.46.52:41479], old=null, confs=<EMPTY_MAP>
2019-06-15 10:18:43,204 INFO  server.RaftServerConfigKeys (ConfUtils.java:logGet(43)) - raft.server.storage.dir = [/opt/src/hadoop-ozone/integration-test/target/test-dir/MiniOzoneClusterImpl-e1d04c3c-ad13-46e8-b4e3-e8d267144a49/datanode-5/data/ratis] (custom)
2019-06-15 10:18:43,205 INFO  storage.RaftStorageDirectory (RaftStorageDirectory.java:analyzeStorage(246)) - The storage directory /opt/src/hadoop-ozone/integration-test/target/test-dir/MiniOzoneClusterImpl-e1d04c3c-ad13-46e8-b4e3-e8d267144a49/datanode-5/data/ratis/b20fa37a-42f4-4c05-a40d-0add8bb38062 does not exist. Creating ...
2019-06-15 10:18:43,208 INFO  storage.RaftStorageDirectory (RaftStorageDirectory.java:tryLock(328)) - Lock on /opt/src/hadoop-ozone/integration-test/target/test-dir/MiniOzoneClusterImpl-e1d04c3c-ad13-46e8-b4e3-e8d267144a49/datanode-5/data/ratis/b20fa37a-42f4-4c05-a40d-0add8bb38062/in_use.lock acquired by nodename 14996@ozone-unit-076618677d3-624gv-3109658893
2019-06-15 10:18:43,210 INFO  storage.RaftStorage (RaftStorage.java:format(75)) - Storage directory /opt/src/hadoop-ozone/integration-test/target/test-dir/MiniOzoneClusterImpl-e1d04c3c-ad13-46e8-b4e3-e8d267144a49/datanode-5/data/ratis/b20fa37a-42f4-4c05-a40d-0add8bb38062 has been successfully formatted.
2019-06-15 10:18:43,210 INFO  ratis.ContainerStateMachine (ContainerStateMachine.java:loadSnapshot(199)) - The snapshot info is null.Setting the last applied index to:(t:0, i:~)
2019-06-15 10:18:43,210 INFO  server.RaftServerConfigKeys (ConfUtils.java:logGet(43)) - raft.server.leader.election.timeout = 120s (custom)
2019-06-15 10:18:43,210 INFO  server.RaftServerConfigKeys (ConfUtils.java:logGet(43)) - raft.server.log.use.memory = false (default)
2019-06-15 10:18:43,210 INFO  server.RaftServerConfigKeys (ConfUtils.java:logGet(43)) - raft.server.log.appender.buffer.byte-limit = 33554432 (custom)
2019-06-15 10:18:43,210 INFO  server.RaftServerConfigKeys (ConfUtils.java:logGet(43)) - raft.server.log.segment.size.max = 16384 (custom)
2019-06-15 10:18:43,210 INFO  server.RaftServerConfigKeys (ConfUtils.java:logGet(43)) - raft.server.log.segment.cache.num.max = 2 (custom)
2019-06-15 10:18:43,211 INFO  storage.RaftLogWorker (RaftLogWorker.java:<init>(123)) - new 829bbbb8-3dd6-40c5-81bd-e5ee89259339-RaftLogWorker for Storage Directory /opt/src/hadoop-ozone/integration-test/target/test-dir/MiniOzoneClusterImpl-e1d04c3c-ad13-46e8-b4e3-e8d267144a49/datanode-5/data/ratis/b20fa37a-42f4-4c05-a40d-0add8bb38062
2019-06-15 10:18:43,211 INFO  server.RaftServerConfigKeys (ConfUtils.java:logGet(43)) - raft.server.log.queue.byte-limit = 2147483647 (custom)
2019-06-15 10:18:43,211 INFO  server.RaftServerConfigKeys (ConfUtils.java:logGet(43)) - raft.server.log.queue.element-limit = 1024 (custom)
2019-06-15 10:18:43,211 INFO  server.RaftServerConfigKeys (ConfUtils.java:logGet(43)) - raft.server.log.segment.size.max = 16384 (custom)
2019-06-15 10:18:43,211 INFO  server.RaftServerConfigKeys (ConfUtils.java:logGet(43)) - raft.server.log.preallocated.size = 16384 (custom)
2019-06-15 10:18:43,211 INFO  server.RaftServerConfigKeys (ConfUtils.java:logGet(43)) - raft.server.log.write.buffer.size = 33554432 (custom)
2019-06-15 10:18:43,211 INFO  server.RaftServerConfigKeys (ConfUtils.java:logGet(43)) - raft.server.log.force.sync.num = 128 (default)
2019-06-15 10:18:43,211 INFO  server.RaftServerConfigKeys (ConfUtils.java:logGet(43)) - raft.server.log.statemachine.data.sync = true (default)
2019-06-15 10:18:43,211 INFO  server.RaftServerConfigKeys (ConfUtils.java:logGet(43)) - raft.server.log.statemachine.data.sync.timeout = 10s (default)
2019-06-15 10:18:43,211 INFO  server.RaftServerConfigKeys (ConfUtils.java:logGet(43)) - raft.server.log.statemachine.data.sync.timeout.retry = -1 (default)
2019-06-15 10:18:43,211 INFO  server.RaftServerConfigKeys (ConfUtils.java:logGet(43)) - raft.server.log.statemachine.data.caching.enabled = true (custom)
2019-06-15 10:18:43,212 INFO  server.RaftServerConfigKeys (ConfUtils.java:logGet(43)) - raft.server.snapshot.auto.trigger.enabled = true (custom)
2019-06-15 10:18:43,212 INFO  server.RaftServerConfigKeys (ConfUtils.java:logGet(43)) - raft.server.snapshot.auto.trigger.threshold = 10000 (custom)
2019-06-15 10:18:43,212 INFO  server.RaftServerConfigKeys (ConfUtils.java:logGet(43)) - raft.server.retrycache.expirytime = 600000ms (custom)
2019-06-15 10:18:43,212 INFO  impl.RaftServerImpl (RaftServerImpl.java:start(173)) - 829bbbb8-3dd6-40c5-81bd-e5ee89259339: start group-0ADD8BB38062
2019-06-15 10:18:43,212 INFO  impl.RaftServerImpl (RaftServerImpl.java:setRole(164)) - 829bbbb8-3dd6-40c5-81bd-e5ee89259339:group-0ADD8BB38062 changes role from null to FOLLOWER at term 0 for startAsFollower
2019-06-15 10:18:43,212 INFO  impl.RoleInfo (RoleInfo.java:updateAndGet(143)) - 829bbbb8-3dd6-40c5-81bd-e5ee89259339: start FollowerState
2019-06-15 10:18:43,213 INFO  util.JmxRegister (JmxRegister.java:tryRegister(44)) - Successfully registered JMX Bean with object name Ratis:service=RaftServer,group=group-0ADD8BB38062,id=829bbbb8-3dd6-40c5-81bd-e5ee89259339
2019-06-15 10:18:43,215 INFO  pipeline.PipelineStateManager (PipelineStateManager.java:addPipeline(56)) - Created pipeline Pipeline[ Id: b20fa37a-42f4-4c05-a40d-0add8bb38062, Nodes: 829bbbb8-3dd6-40c5-81bd-e5ee89259339{ip: 192.168.46.52, host: ozone-unit-076618677d3-624gv-3109658893, networkLocation: /default-rack, certSerialId: null}, Type:RATIS, Factor:ONE, State:OPEN]
2019-06-15 10:18:43,220 INFO  impl.RaftServerProxy (RaftServerProxy.java:addNew(89)) - bcaf4d56-741c-42ae-9172-598b7b2f7cc4: addNew group-442E48B48751:[bcaf4d56-741c-42ae-9172-598b7b2f7cc4:192.168.46.52:42413, 829bbbb8-3dd6-40c5-81bd-e5ee89259339:192.168.46.52:41479, 9cff47a9-23d7-4aec-a59f-08c933a51d83:192.168.46.52:43693] returns group-442E48B48751:java.util.concurrent.CompletableFuture@3e6c11b[Not completed]
2019-06-15 10:18:43,221 INFO  impl.RaftServerImpl (RaftServerImpl.java:<init>(91)) - bcaf4d56-741c-42ae-9172-598b7b2f7cc4: new RaftServerImpl for group-442E48B48751:[bcaf4d56-741c-42ae-9172-598b7b2f7cc4:192.168.46.52:42413, 829bbbb8-3dd6-40c5-81bd-e5ee89259339:192.168.46.52:41479, 9cff47a9-23d7-4aec-a59f-08c933a51d83:192.168.46.52:43693] with ContainerStateMachine:uninitialized
2019-06-15 10:18:43,221 INFO  server.RaftServerConfigKeys (ConfUtils.java:logGet(43)) - raft.server.rpc.timeout.min = 1s (custom)
2019-06-15 10:18:43,221 INFO  server.RaftServerConfigKeys (ConfUtils.java:logGet(43)) - raft.server.rpc.timeout.max = 1200ms (custom)
2019-06-15 10:18:43,221 INFO  server.RaftServerConfigKeys (ConfUtils.java:logGet(43)) - raft.server.rpcslowness.timeout = 120s (custom)
2019-06-15 10:18:43,221 INFO  server.RaftServerConfigKeys (ConfUtils.java:logGet(43)) - raft.server.log.appender.install.snapshot.enabled = true (default)
2019-06-15 10:18:43,221 INFO  impl.RaftServerImpl (ServerState.java:<init>(101)) - bcaf4d56-741c-42ae-9172-598b7b2f7cc4:group-442E48B48751 ConfigurationManager, init=-1: [bcaf4d56-741c-42ae-9172-598b7b2f7cc4:192.168.46.52:42413, 829bbbb8-3dd6-40c5-81bd-e5ee89259339:192.168.46.52:41479, 9cff47a9-23d7-4aec-a59f-08c933a51d83:192.168.46.52:43693], old=null, confs=<EMPTY_MAP>
2019-06-15 10:18:43,222 INFO  server.RaftServerConfigKeys (ConfUtils.java:logGet(43)) - raft.server.storage.dir = [/opt/src/hadoop-ozone/integration-test/target/test-dir/MiniOzoneClusterImpl-e1d04c3c-ad13-46e8-b4e3-e8d267144a49/datanode-4/data/ratis] (custom)
2019-06-15 10:18:43,222 INFO  storage.RaftStorageDirectory (RaftStorageDirectory.java:analyzeStorage(246)) - The storage directory /opt/src/hadoop-ozone/integration-test/target/test-dir/MiniOzoneClusterImpl-e1d04c3c-ad13-46e8-b4e3-e8d267144a49/datanode-4/data/ratis/25cdc29a-6ddb-4582-bc9f-442e48b48751 does not exist. Creating ...
2019-06-15 10:18:43,223 INFO  impl.RaftServerProxy (RaftServerProxy.java:addNew(89)) - 829bbbb8-3dd6-40c5-81bd-e5ee89259339: addNew group-442E48B48751:[bcaf4d56-741c-42ae-9172-598b7b2f7cc4:192.168.46.52:42413, 829bbbb8-3dd6-40c5-81bd-e5ee89259339:192.168.46.52:41479, 9cff47a9-23d7-4aec-a59f-08c933a51d83:192.168.46.52:43693] returns group-442E48B48751:java.util.concurrent.CompletableFuture@5c1186a5[Not completed]
2019-06-15 10:18:43,224 INFO  impl.RaftServerImpl (RaftServerImpl.java:<init>(91)) - 829bbbb8-3dd6-40c5-81bd-e5ee89259339: new RaftServerImpl for group-442E48B48751:[bcaf4d56-741c-42ae-9172-598b7b2f7cc4:192.168.46.52:42413, 829bbbb8-3dd6-40c5-81bd-e5ee89259339:192.168.46.52:41479, 9cff47a9-23d7-4aec-a59f-08c933a51d83:192.168.46.52:43693] with ContainerStateMachine:uninitialized
2019-06-15 10:18:43,224 INFO  server.RaftServerConfigKeys (ConfUtils.java:logGet(43)) - raft.server.rpc.timeout.min = 1s (custom)
2019-06-15 10:18:43,224 INFO  server.RaftServerConfigKeys (ConfUtils.java:logGet(43)) - raft.server.rpc.timeout.max = 1200ms (custom)
2019-06-15 10:18:43,224 INFO  server.RaftServerConfigKeys (ConfUtils.java:logGet(43)) - raft.server.rpcslowness.timeout = 120s (custom)
2019-06-15 10:18:43,224 INFO  server.RaftServerConfigKeys (ConfUtils.java:logGet(43)) - raft.server.log.appender.install.snapshot.enabled = true (default)
2019-06-15 10:18:43,224 INFO  impl.RaftServerImpl (ServerState.java:<init>(101)) - 829bbbb8-3dd6-40c5-81bd-e5ee89259339:group-442E48B48751 ConfigurationManager, init=-1: [bcaf4d56-741c-42ae-9172-598b7b2f7cc4:192.168.46.52:42413, 829bbbb8-3dd6-40c5-81bd-e5ee89259339:192.168.46.52:41479, 9cff47a9-23d7-4aec-a59f-08c933a51d83:192.168.46.52:43693], old=null, confs=<EMPTY_MAP>
2019-06-15 10:18:43,224 INFO  impl.RaftServerProxy (RaftServerProxy.java:addNew(89)) - 9cff47a9-23d7-4aec-a59f-08c933a51d83: addNew group-442E48B48751:[bcaf4d56-741c-42ae-9172-598b7b2f7cc4:192.168.46.52:42413, 829bbbb8-3dd6-40c5-81bd-e5ee89259339:192.168.46.52:41479, 9cff47a9-23d7-4aec-a59f-08c933a51d83:192.168.46.52:43693] returns group-442E48B48751:java.util.concurrent.CompletableFuture@470410eb[Not completed]
2019-06-15 10:18:43,224 INFO  storage.RaftStorageDirectory (RaftStorageDirectory.java:tryLock(328)) - Lock on /opt/src/hadoop-ozone/integration-test/target/test-dir/MiniOzoneClusterImpl-e1d04c3c-ad13-46e8-b4e3-e8d267144a49/datanode-4/data/ratis/25cdc29a-6ddb-4582-bc9f-442e48b48751/in_use.lock acquired by nodename 14996@ozone-unit-076618677d3-624gv-3109658893
2019-06-15 10:18:43,224 INFO  server.RaftServerConfigKeys (ConfUtils.java:logGet(43)) - raft.server.storage.dir = [/opt/src/hadoop-ozone/integration-test/target/test-dir/MiniOzoneClusterImpl-e1d04c3c-ad13-46e8-b4e3-e8d267144a49/datanode-5/data/ratis] (custom)
2019-06-15 10:18:43,224 INFO  impl.RaftServerImpl (RaftServerImpl.java:<init>(91)) - 9cff47a9-23d7-4aec-a59f-08c933a51d83: new RaftServerImpl for group-442E48B48751:[bcaf4d56-741c-42ae-9172-598b7b2f7cc4:192.168.46.52:42413, 829bbbb8-3dd6-40c5-81bd-e5ee89259339:192.168.46.52:41479, 9cff47a9-23d7-4aec-a59f-08c933a51d83:192.168.46.52:43693] with ContainerStateMachine:uninitialized
2019-06-15 10:18:43,225 INFO  server.RaftServerConfigKeys (ConfUtils.java:logGet(43)) - raft.server.rpc.timeout.min = 1s (custom)
2019-06-15 10:18:43,225 INFO  storage.RaftStorageDirectory (RaftStorageDirectory.java:analyzeStorage(246)) - The storage directory /opt/src/hadoop-ozone/integration-test/target/test-dir/MiniOzoneClusterImpl-e1d04c3c-ad13-46e8-b4e3-e8d267144a49/datanode-5/data/ratis/25cdc29a-6ddb-4582-bc9f-442e48b48751 does not exist. Creating ...
2019-06-15 10:18:43,225 INFO  server.RaftServerConfigKeys (ConfUtils.java:logGet(43)) - raft.server.rpc.timeout.max = 1200ms (custom)
2019-06-15 10:18:43,226 INFO  server.RaftServerConfigKeys (ConfUtils.java:logGet(43)) - raft.server.rpcslowness.timeout = 120s (custom)
2019-06-15 10:18:43,226 INFO  server.RaftServerConfigKeys (ConfUtils.java:logGet(43)) - raft.server.log.appender.install.snapshot.enabled = true (default)
2019-06-15 10:18:43,226 INFO  impl.RaftServerImpl (ServerState.java:<init>(101)) - 9cff47a9-23d7-4aec-a59f-08c933a51d83:group-442E48B48751 ConfigurationManager, init=-1: [bcaf4d56-741c-42ae-9172-598b7b2f7cc4:192.168.46.52:42413, 829bbbb8-3dd6-40c5-81bd-e5ee89259339:192.168.46.52:41479, 9cff47a9-23d7-4aec-a59f-08c933a51d83:192.168.46.52:43693], old=null, confs=<EMPTY_MAP>
2019-06-15 10:18:43,226 INFO  server.RaftServerConfigKeys (ConfUtils.java:logGet(43)) - raft.server.storage.dir = [/opt/src/hadoop-ozone/integration-test/target/test-dir/MiniOzoneClusterImpl-e1d04c3c-ad13-46e8-b4e3-e8d267144a49/datanode-3/data/ratis] (custom)
2019-06-15 10:18:43,226 INFO  storage.RaftStorageDirectory (RaftStorageDirectory.java:analyzeStorage(246)) - The storage directory /opt/src/hadoop-ozone/integration-test/target/test-dir/MiniOzoneClusterImpl-e1d04c3c-ad13-46e8-b4e3-e8d267144a49/datanode-3/data/ratis/25cdc29a-6ddb-4582-bc9f-442e48b48751 does not exist. Creating ...
2019-06-15 10:18:43,227 INFO  storage.RaftStorage (RaftStorage.java:format(75)) - Storage directory /opt/src/hadoop-ozone/integration-test/target/test-dir/MiniOzoneClusterImpl-e1d04c3c-ad13-46e8-b4e3-e8d267144a49/datanode-4/data/ratis/25cdc29a-6ddb-4582-bc9f-442e48b48751 has been successfully formatted.
2019-06-15 10:18:43,227 INFO  ratis.ContainerStateMachine (ContainerStateMachine.java:loadSnapshot(199)) - The snapshot info is null.Setting the last applied index to:(t:0, i:~)
2019-06-15 10:18:43,227 INFO  server.RaftServerConfigKeys (ConfUtils.java:logGet(43)) - raft.server.leader.election.timeout = 120s (custom)
2019-06-15 10:18:43,227 INFO  server.RaftServerConfigKeys (ConfUtils.java:logGet(43)) - raft.server.log.use.memory = false (default)
2019-06-15 10:18:43,227 INFO  server.RaftServerConfigKeys (ConfUtils.java:logGet(43)) - raft.server.log.appender.buffer.byte-limit = 33554432 (custom)
2019-06-15 10:18:43,227 INFO  server.RaftServerConfigKeys (ConfUtils.java:logGet(43)) - raft.server.log.segment.size.max = 16384 (custom)
2019-06-15 10:18:43,227 INFO  server.RaftServerConfigKeys (ConfUtils.java:logGet(43)) - raft.server.log.segment.cache.num.max = 2 (custom)
2019-06-15 10:18:43,227 INFO  storage.RaftLogWorker (RaftLogWorker.java:<init>(123)) - new bcaf4d56-741c-42ae-9172-598b7b2f7cc4-RaftLogWorker for Storage Directory /opt/src/hadoop-ozone/integration-test/target/test-dir/MiniOzoneClusterImpl-e1d04c3c-ad13-46e8-b4e3-e8d267144a49/datanode-4/data/ratis/25cdc29a-6ddb-4582-bc9f-442e48b48751
2019-06-15 10:18:43,227 INFO  server.RaftServerConfigKeys (ConfUtils.java:logGet(43)) - raft.server.log.queue.byte-limit = 2147483647 (custom)
2019-06-15 10:18:43,228 INFO  server.RaftServerConfigKeys (ConfUtils.java:logGet(43)) - raft.server.log.queue.element-limit = 1024 (custom)
2019-06-15 10:18:43,228 INFO  server.RaftServerConfigKeys (ConfUtils.java:logGet(43)) - raft.server.log.segment.size.max = 16384 (custom)
2019-06-15 10:18:43,228 INFO  server.RaftServerConfigKeys (ConfUtils.java:logGet(43)) - raft.server.log.preallocated.size = 16384 (custom)
2019-06-15 10:18:43,228 INFO  server.RaftServerConfigKeys (ConfUtils.java:logGet(43)) - raft.server.log.write.buffer.size = 33554432 (custom)
2019-06-15 10:18:43,228 INFO  server.RaftServerConfigKeys (ConfUtils.java:logGet(43)) - raft.server.log.force.sync.num = 128 (default)
2019-06-15 10:18:43,228 INFO  server.RaftServerConfigKeys (ConfUtils.java:logGet(43)) - raft.server.log.statemachine.data.sync = true (default)
2019-06-15 10:18:43,228 INFO  storage.RaftStorageDirectory (RaftStorageDirectory.java:tryLock(328)) - Lock on /opt/src/hadoop-ozone/integration-test/target/test-dir/MiniOzoneClusterImpl-e1d04c3c-ad13-46e8-b4e3-e8d267144a49/datanode-3/data/ratis/25cdc29a-6ddb-4582-bc9f-442e48b48751/in_use.lock acquired by nodename 14996@ozone-unit-076618677d3-624gv-3109658893
2019-06-15 10:18:43,228 INFO  storage.RaftStorageDirectory (RaftStorageDirectory.java:tryLock(328)) - Lock on /opt/src/hadoop-ozone/integration-test/target/test-dir/MiniOzoneClusterImpl-e1d04c3c-ad13-46e8-b4e3-e8d267144a49/datanode-5/data/ratis/25cdc29a-6ddb-4582-bc9f-442e48b48751/in_use.lock acquired by nodename 14996@ozone-unit-076618677d3-624gv-3109658893
2019-06-15 10:18:43,228 INFO  server.RaftServerConfigKeys (ConfUtils.java:logGet(43)) - raft.server.log.statemachine.data.sync.timeout = 10s (default)
2019-06-15 10:18:43,228 INFO  server.RaftServerConfigKeys (ConfUtils.java:logGet(43)) - raft.server.log.statemachine.data.sync.timeout.retry = -1 (default)
2019-06-15 10:18:43,229 INFO  server.RaftServerConfigKeys (ConfUtils.java:logGet(43)) - raft.server.log.statemachine.data.caching.enabled = true (custom)
2019-06-15 10:18:43,231 INFO  storage.RaftStorage (RaftStorage.java:format(75)) - Storage directory /opt/src/hadoop-ozone/integration-test/target/test-dir/MiniOzoneClusterImpl-e1d04c3c-ad13-46e8-b4e3-e8d267144a49/datanode-3/data/ratis/25cdc29a-6ddb-4582-bc9f-442e48b48751 has been successfully formatted.
2019-06-15 10:18:43,231 INFO  ratis.ContainerStateMachine (ContainerStateMachine.java:loadSnapshot(199)) - The snapshot info is null.Setting the last applied index to:(t:0, i:~)
2019-06-15 10:18:43,231 INFO  server.RaftServerConfigKeys (ConfUtils.java:logGet(43)) - raft.server.leader.election.timeout = 120s (custom)
2019-06-15 10:18:43,231 INFO  server.RaftServerConfigKeys (ConfUtils.java:logGet(43)) - raft.server.log.use.memory = false (default)
2019-06-15 10:18:43,231 INFO  server.RaftServerConfigKeys (ConfUtils.java:logGet(43)) - raft.server.log.appender.buffer.byte-limit = 33554432 (custom)
2019-06-15 10:18:43,231 INFO  server.RaftServerConfigKeys (ConfUtils.java:logGet(43)) - raft.server.log.segment.size.max = 16384 (custom)
2019-06-15 10:18:43,231 INFO  server.RaftServerConfigKeys (ConfUtils.java:logGet(43)) - raft.server.log.segment.cache.num.max = 2 (custom)
2019-06-15 10:18:43,231 INFO  storage.RaftLogWorker (RaftLogWorker.java:<init>(123)) - new 9cff47a9-23d7-4aec-a59f-08c933a51d83-RaftLogWorker for Storage Directory /opt/src/hadoop-ozone/integration-test/target/test-dir/MiniOzoneClusterImpl-e1d04c3c-ad13-46e8-b4e3-e8d267144a49/datanode-3/data/ratis/25cdc29a-6ddb-4582-bc9f-442e48b48751
2019-06-15 10:18:43,231 INFO  server.RaftServerConfigKeys (ConfUtils.java:logGet(43)) - raft.server.log.queue.byte-limit = 2147483647 (custom)
2019-06-15 10:18:43,232 INFO  server.RaftServerConfigKeys (ConfUtils.java:logGet(43)) - raft.server.log.queue.element-limit = 1024 (custom)
2019-06-15 10:18:43,232 INFO  server.RaftServerConfigKeys (ConfUtils.java:logGet(43)) - raft.server.snapshot.auto.trigger.enabled = true (custom)
2019-06-15 10:18:43,232 INFO  server.RaftServerConfigKeys (ConfUtils.java:logGet(43)) - raft.server.snapshot.auto.trigger.threshold = 10000 (custom)
2019-06-15 10:18:43,232 INFO  server.RaftServerConfigKeys (ConfUtils.java:logGet(43)) - raft.server.log.segment.size.max = 16384 (custom)
2019-06-15 10:18:43,235 INFO  server.RaftServerConfigKeys (ConfUtils.java:logGet(43)) - raft.server.log.preallocated.size = 16384 (custom)
2019-06-15 10:18:43,235 INFO  server.RaftServerConfigKeys (ConfUtils.java:logGet(43)) - raft.server.log.write.buffer.size = 33554432 (custom)
2019-06-15 10:18:43,235 INFO  server.RaftServerConfigKeys (ConfUtils.java:logGet(43)) - raft.server.log.force.sync.num = 128 (default)
2019-06-15 10:18:43,235 INFO  server.RaftServerConfigKeys (ConfUtils.java:logGet(43)) - raft.server.log.statemachine.data.sync = true (default)
2019-06-15 10:18:43,236 INFO  server.RaftServerConfigKeys (ConfUtils.java:logGet(43)) - raft.server.log.statemachine.data.sync.timeout = 10s (default)
2019-06-15 10:18:43,236 INFO  server.RaftServerConfigKeys (ConfUtils.java:logGet(43)) - raft.server.log.statemachine.data.sync.timeout.retry = -1 (default)
2019-06-15 10:18:43,238 INFO  server.RaftServerConfigKeys (ConfUtils.java:logGet(43)) - raft.server.log.statemachine.data.caching.enabled = true (custom)
2019-06-15 10:18:43,235 INFO  storage.RaftStorage (RaftStorage.java:format(75)) - Storage directory /opt/src/hadoop-ozone/integration-test/target/test-dir/MiniOzoneClusterImpl-e1d04c3c-ad13-46e8-b4e3-e8d267144a49/datanode-5/data/ratis/25cdc29a-6ddb-4582-bc9f-442e48b48751 has been successfully formatted.
2019-06-15 10:18:43,232 INFO  server.RaftServerConfigKeys (ConfUtils.java:logGet(43)) - raft.server.retrycache.expirytime = 600000ms (custom)
2019-06-15 10:18:43,244 INFO  impl.RaftServerImpl (RaftServerImpl.java:start(173)) - bcaf4d56-741c-42ae-9172-598b7b2f7cc4: start group-442E48B48751
2019-06-15 10:18:43,244 INFO  impl.RaftServerImpl (RaftServerImpl.java:setRole(164)) - bcaf4d56-741c-42ae-9172-598b7b2f7cc4:group-442E48B48751 changes role from null to FOLLOWER at term 0 for startAsFollower
2019-06-15 10:18:43,244 INFO  impl.RoleInfo (RoleInfo.java:updateAndGet(143)) - bcaf4d56-741c-42ae-9172-598b7b2f7cc4: start FollowerState
2019-06-15 10:18:43,238 INFO  server.RaftServerConfigKeys (ConfUtils.java:logGet(43)) - raft.server.snapshot.auto.trigger.enabled = true (custom)
2019-06-15 10:18:43,245 INFO  server.RaftServerConfigKeys (ConfUtils.java:logGet(43)) - raft.server.snapshot.auto.trigger.threshold = 10000 (custom)
2019-06-15 10:18:43,245 INFO  server.RaftServerConfigKeys (ConfUtils.java:logGet(43)) - raft.server.retrycache.expirytime = 600000ms (custom)
2019-06-15 10:18:43,245 INFO  util.JmxRegister (JmxRegister.java:tryRegister(44)) - Successfully registered JMX Bean with object name Ratis:service=RaftServer,group=group-442E48B48751,id=bcaf4d56-741c-42ae-9172-598b7b2f7cc4
2019-06-15 10:18:43,245 INFO  impl.RaftServerImpl (RaftServerImpl.java:start(173)) - 9cff47a9-23d7-4aec-a59f-08c933a51d83: start group-442E48B48751
2019-06-15 10:18:43,245 INFO  impl.RaftServerImpl (RaftServerImpl.java:setRole(164)) - 9cff47a9-23d7-4aec-a59f-08c933a51d83:group-442E48B48751 changes role from null to FOLLOWER at term 0 for startAsFollower
2019-06-15 10:18:43,245 INFO  ratis.ContainerStateMachine (ContainerStateMachine.java:loadSnapshot(199)) - The snapshot info is null.Setting the last applied index to:(t:0, i:~)
2019-06-15 10:18:43,245 INFO  server.RaftServerConfigKeys (ConfUtils.java:logGet(43)) - raft.server.leader.election.timeout = 120s (custom)
2019-06-15 10:18:43,246 INFO  server.RaftServerConfigKeys (ConfUtils.java:logGet(43)) - raft.server.log.use.memory = false (default)
2019-06-15 10:18:43,246 INFO  server.RaftServerConfigKeys (ConfUtils.java:logGet(43)) - raft.server.log.appender.buffer.byte-limit = 33554432 (custom)
2019-06-15 10:18:43,246 INFO  server.RaftServerConfigKeys (ConfUtils.java:logGet(43)) - raft.server.log.segment.size.max = 16384 (custom)
2019-06-15 10:18:43,246 INFO  server.RaftServerConfigKeys (ConfUtils.java:logGet(43)) - raft.server.log.segment.cache.num.max = 2 (custom)
2019-06-15 10:18:43,246 INFO  storage.RaftLogWorker (RaftLogWorker.java:<init>(123)) - new 829bbbb8-3dd6-40c5-81bd-e5ee89259339-RaftLogWorker for Storage Directory /opt/src/hadoop-ozone/integration-test/target/test-dir/MiniOzoneClusterImpl-e1d04c3c-ad13-46e8-b4e3-e8d267144a49/datanode-5/data/ratis/25cdc29a-6ddb-4582-bc9f-442e48b48751
2019-06-15 10:18:43,246 INFO  server.RaftServerConfigKeys (ConfUtils.java:logGet(43)) - raft.server.log.queue.byte-limit = 2147483647 (custom)
2019-06-15 10:18:43,246 INFO  server.RaftServerConfigKeys (ConfUtils.java:logGet(43)) - raft.server.log.queue.element-limit = 1024 (custom)
2019-06-15 10:18:43,246 INFO  server.RaftServerConfigKeys (ConfUtils.java:logGet(43)) - raft.server.log.segment.size.max = 16384 (custom)
2019-06-15 10:18:43,246 INFO  server.RaftServerConfigKeys (ConfUtils.java:logGet(43)) - raft.server.log.preallocated.size = 16384 (custom)
2019-06-15 10:18:43,246 INFO  server.RaftServerConfigKeys (ConfUtils.java:logGet(43)) - raft.server.log.write.buffer.size = 33554432 (custom)
2019-06-15 10:18:43,247 INFO  server.RaftServerConfigKeys (ConfUtils.java:logGet(43)) - raft.server.log.force.sync.num = 128 (default)
2019-06-15 10:18:43,247 INFO  server.RaftServerConfigKeys (ConfUtils.java:logGet(43)) - raft.server.log.statemachine.data.sync = true (default)
2019-06-15 10:18:43,247 INFO  server.RaftServerConfigKeys (ConfUtils.java:logGet(43)) - raft.server.log.statemachine.data.sync.timeout = 10s (default)
2019-06-15 10:18:43,247 INFO  server.RaftServerConfigKeys (ConfUtils.java:logGet(43)) - raft.server.log.statemachine.data.sync.timeout.retry = -1 (default)
2019-06-15 10:18:43,247 INFO  rpc.RpcClient (RpcClient.java:createVolume(289)) - Creating Volume: datanodefailurehandlingtest, with jenkins1000 as owner.
2019-06-15 10:18:43,250 INFO  impl.RoleInfo (RoleInfo.java:updateAndGet(143)) - 9cff47a9-23d7-4aec-a59f-08c933a51d83: start FollowerState
2019-06-15 10:18:43,250 INFO  util.JmxRegister (JmxRegister.java:tryRegister(44)) - Successfully registered JMX Bean with object name Ratis:service=RaftServer,group=group-442E48B48751,id=9cff47a9-23d7-4aec-a59f-08c933a51d83
2019-06-15 10:18:43,250 INFO  server.RaftServerConfigKeys (ConfUtils.java:logGet(43)) - raft.server.log.statemachine.data.caching.enabled = true (custom)
2019-06-15 10:18:43,263 INFO  server.RaftServerConfigKeys (ConfUtils.java:logGet(43)) - raft.server.snapshot.auto.trigger.enabled = true (custom)
2019-06-15 10:18:43,264 INFO  server.RaftServerConfigKeys (ConfUtils.java:logGet(43)) - raft.server.snapshot.auto.trigger.threshold = 10000 (custom)
2019-06-15 10:18:43,264 INFO  server.RaftServerConfigKeys (ConfUtils.java:logGet(43)) - raft.server.retrycache.expirytime = 600000ms (custom)
2019-06-15 10:18:43,264 INFO  impl.RaftServerImpl (RaftServerImpl.java:start(173)) - 829bbbb8-3dd6-40c5-81bd-e5ee89259339: start group-442E48B48751
2019-06-15 10:18:43,265 INFO  impl.RaftServerImpl (RaftServerImpl.java:setRole(164)) - 829bbbb8-3dd6-40c5-81bd-e5ee89259339:group-442E48B48751 changes role from null to FOLLOWER at term 0 for startAsFollower
2019-06-15 10:18:43,265 INFO  impl.RoleInfo (RoleInfo.java:updateAndGet(143)) - 829bbbb8-3dd6-40c5-81bd-e5ee89259339: start FollowerState
2019-06-15 10:18:43,265 INFO  rpc.RpcClient (RpcClient.java:createBucket(426)) - Creating Bucket: datanodefailurehandlingtest/datanodefailurehandlingtest, with Versioning false and Storage Type set to DISK and Encryption set to false 
2019-06-15 10:18:43,265 INFO  util.JmxRegister (JmxRegister.java:tryRegister(44)) - Successfully registered JMX Bean with object name Ratis:service=RaftServer,group=group-442E48B48751,id=829bbbb8-3dd6-40c5-81bd-e5ee89259339
2019-06-15 10:18:43,268 INFO  pipeline.PipelineStateManager (PipelineStateManager.java:addPipeline(56)) - Created pipeline Pipeline[ Id: 25cdc29a-6ddb-4582-bc9f-442e48b48751, Nodes: bcaf4d56-741c-42ae-9172-598b7b2f7cc4{ip: 192.168.46.52, host: ozone-unit-076618677d3-624gv-3109658893, networkLocation: /default-rack, certSerialId: null}9cff47a9-23d7-4aec-a59f-08c933a51d83{ip: 192.168.46.52, host: ozone-unit-076618677d3-624gv-3109658893, networkLocation: /default-rack, certSerialId: null}829bbbb8-3dd6-40c5-81bd-e5ee89259339{ip: 192.168.46.52, host: ozone-unit-076618677d3-624gv-3109658893, networkLocation: /default-rack, certSerialId: null}, Type:RATIS, Factor:THREE, State:OPEN]
2019-06-15 10:18:43,419 INFO  client.GrpcClientProtocolClient (GrpcClientProtocolClient.java:onNext(254)) - client-96032EE2A90F->2ad65335-a15e-4e37-9368-1d6f9b619238: receive RaftClientReply:client-96032EE2A90F->2ad65335-a15e-4e37-9368-1d6f9b619238@group-FF8871A9387B, cid=69, FAILED org.apache.ratis.protocol.NotLeaderException: Server 2ad65335-a15e-4e37-9368-1d6f9b619238 is not the leader (2d11b312-9f22-4a93-a0fc-762107e6cc36:192.168.46.52:39915). Request must be sent to leader., logIndex=0, commits[2ad65335-a15e-4e37-9368-1d6f9b619238:c-1]
2019-06-15 10:18:43,423 INFO  impl.FollowerState (FollowerState.java:run(101)) - 2d11b312-9f22-4a93-a0fc-762107e6cc36:group-CBDC9A1736A4 changes to CANDIDATE, lastRpcTime:1199, electionTimeout:1199ms
2019-06-15 10:18:43,424 INFO  impl.RoleInfo (RoleInfo.java:shutdownFollowerState(121)) - 2d11b312-9f22-4a93-a0fc-762107e6cc36: shutdown FollowerState
2019-06-15 10:18:43,424 INFO  impl.RaftServerImpl (RaftServerImpl.java:setRole(164)) - 2d11b312-9f22-4a93-a0fc-762107e6cc36:group-CBDC9A1736A4 changes role from FOLLOWER to CANDIDATE at term 0 for changeToCandidate
2019-06-15 10:18:43,424 INFO  impl.RoleInfo (RoleInfo.java:updateAndGet(143)) - 2d11b312-9f22-4a93-a0fc-762107e6cc36: start LeaderElection
2019-06-15 10:18:43,433 WARN  client.GrpcClientProtocolService (LogUtils.java:warn(134)) - 0-OrderedRequestStreamObserver0: onError: org.apache.ratis.thirdparty.io.grpc.StatusRuntimeException: CANCELLED: cancelled before receiving half close
2019-06-15 10:18:43,435 INFO  impl.LeaderElection (LeaderElection.java:askForVotes(181)) - 2d11b312-9f22-4a93-a0fc-762107e6cc36:group-CBDC9A1736A4:LeaderElection39: begin an election at term 1 for -1: [2d11b312-9f22-4a93-a0fc-762107e6cc36:192.168.46.52:39915], old=null
2019-06-15 10:18:43,435 INFO  impl.RoleInfo (RoleInfo.java:shutdownLeaderElection(134)) - 2d11b312-9f22-4a93-a0fc-762107e6cc36: shutdown LeaderElection
2019-06-15 10:18:43,435 INFO  impl.RaftServerImpl (RaftServerImpl.java:setRole(164)) - 2d11b312-9f22-4a93-a0fc-762107e6cc36:group-CBDC9A1736A4 changes role from CANDIDATE to LEADER at term 1 for changeToLeader
2019-06-15 10:18:43,435 INFO  impl.RaftServerImpl (ServerState.java:setLeader(263)) - 2d11b312-9f22-4a93-a0fc-762107e6cc36:group-CBDC9A1736A4 change Leader from null to 2d11b312-9f22-4a93-a0fc-762107e6cc36 at term 1 for becomeLeader, leader elected after 1215ms
2019-06-15 10:18:43,435 INFO  server.RaftServerConfigKeys (ConfUtils.java:logGet(43)) - raft.server.staging.catchup.gap = 1000 (default)
2019-06-15 10:18:43,436 INFO  server.RaftServerConfigKeys (ConfUtils.java:logGet(43)) - raft.server.rpc.sleep.time = 25ms (default)
2019-06-15 10:18:43,436 INFO  server.RaftServerConfigKeys (ConfUtils.java:logGet(43)) - raft.server.watch.timeout = 10s (default)
2019-06-15 10:18:43,436 INFO  server.RaftServerConfigKeys (ConfUtils.java:logGet(43)) - raft.server.watch.timeout.denomination = 1s (default)
2019-06-15 10:18:43,436 INFO  impl.RoleInfo (RoleInfo.java:updateAndGet(143)) - 2d11b312-9f22-4a93-a0fc-762107e6cc36: start LeaderState
2019-06-15 10:18:43,436 INFO  storage.RaftLogWorker (RaftLogWorker.java:startLogSegment(298)) - 2d11b312-9f22-4a93-a0fc-762107e6cc36-RaftLogWorker: Starting segment from index:0
2019-06-15 10:18:43,436 INFO  impl.RaftServerImpl (ServerState.java:setRaftConf(361)) - 2d11b312-9f22-4a93-a0fc-762107e6cc36:group-CBDC9A1736A4 set configuration 0: [2d11b312-9f22-4a93-a0fc-762107e6cc36:192.168.46.52:39915], old=null at 0
2019-06-15 10:18:43,482 INFO  storage.RaftLogWorker (RaftLogWorker.java:execute(469)) - 2d11b312-9f22-4a93-a0fc-762107e6cc36-RaftLogWorker: created new log segment /opt/src/hadoop-ozone/integration-test/target/test-dir/MiniOzoneClusterImpl-e1d04c3c-ad13-46e8-b4e3-e8d267144a49/datanode-1/data/ratis/16b6a609-5e69-4933-a176-cbdc9a1736a4/current/log_inprogress_0
2019-06-15 10:18:43,519 INFO  impl.FollowerState (FollowerState.java:run(101)) - 2ad65335-a15e-4e37-9368-1d6f9b619238:group-34966F25F3A1 changes to CANDIDATE, lastRpcTime:1062, electionTimeout:1062ms
2019-06-15 10:18:43,519 INFO  impl.RoleInfo (RoleInfo.java:shutdownFollowerState(121)) - 2ad65335-a15e-4e37-9368-1d6f9b619238: shutdown FollowerState
2019-06-15 10:18:43,519 INFO  impl.RaftServerImpl (RaftServerImpl.java:setRole(164)) - 2ad65335-a15e-4e37-9368-1d6f9b619238:group-34966F25F3A1 changes role from FOLLOWER to CANDIDATE at term 0 for changeToCandidate
2019-06-15 10:18:43,519 INFO  impl.RoleInfo (RoleInfo.java:updateAndGet(143)) - 2ad65335-a15e-4e37-9368-1d6f9b619238: start LeaderElection
2019-06-15 10:18:43,526 INFO  impl.LeaderElection (LeaderElection.java:askForVotes(181)) - 2ad65335-a15e-4e37-9368-1d6f9b619238:group-34966F25F3A1:LeaderElection40: begin an election at term 1 for -1: [2ad65335-a15e-4e37-9368-1d6f9b619238:192.168.46.52:42867], old=null
2019-06-15 10:18:43,526 INFO  impl.RoleInfo (RoleInfo.java:shutdownLeaderElection(134)) - 2ad65335-a15e-4e37-9368-1d6f9b619238: shutdown LeaderElection
2019-06-15 10:18:43,526 INFO  impl.RaftServerImpl (RaftServerImpl.java:setRole(164)) - 2ad65335-a15e-4e37-9368-1d6f9b619238:group-34966F25F3A1 changes role from CANDIDATE to LEADER at term 1 for changeToLeader
2019-06-15 10:18:43,526 INFO  impl.RaftServerImpl (ServerState.java:setLeader(263)) - 2ad65335-a15e-4e37-9368-1d6f9b619238:group-34966F25F3A1 change Leader from null to 2ad65335-a15e-4e37-9368-1d6f9b619238 at term 1 for becomeLeader, leader elected after 1072ms
2019-06-15 10:18:43,527 INFO  server.RaftServerConfigKeys (ConfUtils.java:logGet(43)) - raft.server.staging.catchup.gap = 1000 (default)
2019-06-15 10:18:43,527 INFO  server.RaftServerConfigKeys (ConfUtils.java:logGet(43)) - raft.server.rpc.sleep.time = 25ms (default)
2019-06-15 10:18:43,527 INFO  server.RaftServerConfigKeys (ConfUtils.java:logGet(43)) - raft.server.watch.timeout = 10s (default)
2019-06-15 10:18:43,527 INFO  server.RaftServerConfigKeys (ConfUtils.java:logGet(43)) - raft.server.watch.timeout.denomination = 1s (default)
2019-06-15 10:18:43,527 INFO  impl.RoleInfo (RoleInfo.java:updateAndGet(143)) - 2ad65335-a15e-4e37-9368-1d6f9b619238: start LeaderState
2019-06-15 10:18:43,527 INFO  storage.RaftLogWorker (RaftLogWorker.java:startLogSegment(298)) - 2ad65335-a15e-4e37-9368-1d6f9b619238-RaftLogWorker: Starting segment from index:0
2019-06-15 10:18:43,528 INFO  impl.RaftServerImpl (ServerState.java:setRaftConf(361)) - 2ad65335-a15e-4e37-9368-1d6f9b619238:group-34966F25F3A1 set configuration 0: [2ad65335-a15e-4e37-9368-1d6f9b619238:192.168.46.52:42867], old=null at 0
2019-06-15 10:18:43,568 INFO  storage.RaftLogWorker (RaftLogWorker.java:execute(469)) - 2ad65335-a15e-4e37-9368-1d6f9b619238-RaftLogWorker: created new log segment /opt/src/hadoop-ozone/integration-test/target/test-dir/MiniOzoneClusterImpl-e1d04c3c-ad13-46e8-b4e3-e8d267144a49/datanode-2/data/ratis/dc5eb1b0-33ec-4898-897f-34966f25f3a1/current/log_inprogress_0
2019-06-15 10:18:43,680 INFO  impl.FollowerState (FollowerState.java:run(101)) - a67df30a-c15d-4097-b576-6fe853c8cb80:group-FF8871A9387B changes to CANDIDATE, lastRpcTime:1193, electionTimeout:1175ms
2019-06-15 10:18:43,680 INFO  impl.RoleInfo (RoleInfo.java:shutdownFollowerState(121)) - a67df30a-c15d-4097-b576-6fe853c8cb80: shutdown FollowerState
2019-06-15 10:18:43,680 INFO  impl.RaftServerImpl (RaftServerImpl.java:setRole(164)) - a67df30a-c15d-4097-b576-6fe853c8cb80:group-FF8871A9387B changes role from FOLLOWER to CANDIDATE at term 0 for changeToCandidate
2019-06-15 10:18:43,680 INFO  impl.RoleInfo (RoleInfo.java:updateAndGet(143)) - a67df30a-c15d-4097-b576-6fe853c8cb80: start LeaderElection
2019-06-15 10:18:43,687 INFO  impl.LeaderElection (LeaderElection.java:askForVotes(181)) - a67df30a-c15d-4097-b576-6fe853c8cb80:group-FF8871A9387B:LeaderElection41: begin an election at term 1 for -1: [2ad65335-a15e-4e37-9368-1d6f9b619238:192.168.46.52:42867, a67df30a-c15d-4097-b576-6fe853c8cb80:192.168.46.52:36803, 2d11b312-9f22-4a93-a0fc-762107e6cc36:192.168.46.52:39915], old=null
2019-06-15 10:18:43,698 INFO  impl.RaftServerImpl (RaftServerImpl.java:setRole(164)) - 2d11b312-9f22-4a93-a0fc-762107e6cc36:group-FF8871A9387B changes role from FOLLOWER to FOLLOWER at term 1 for recognizeCandidate:a67df30a-c15d-4097-b576-6fe853c8cb80
2019-06-15 10:18:43,698 INFO  impl.RaftServerImpl (RaftServerImpl.java:setRole(164)) - 2ad65335-a15e-4e37-9368-1d6f9b619238:group-FF8871A9387B changes role from FOLLOWER to FOLLOWER at term 1 for recognizeCandidate:a67df30a-c15d-4097-b576-6fe853c8cb80
2019-06-15 10:18:43,698 INFO  impl.RoleInfo (RoleInfo.java:shutdownFollowerState(121)) - 2d11b312-9f22-4a93-a0fc-762107e6cc36: shutdown FollowerState
2019-06-15 10:18:43,698 INFO  impl.RoleInfo (RoleInfo.java:updateAndGet(143)) - 2d11b312-9f22-4a93-a0fc-762107e6cc36: start FollowerState
2019-06-15 10:18:43,698 INFO  impl.RoleInfo (RoleInfo.java:shutdownFollowerState(121)) - 2ad65335-a15e-4e37-9368-1d6f9b619238: shutdown FollowerState
2019-06-15 10:18:43,699 INFO  impl.RoleInfo (RoleInfo.java:updateAndGet(143)) - 2ad65335-a15e-4e37-9368-1d6f9b619238: start FollowerState
2019-06-15 10:18:43,698 INFO  impl.FollowerState (FollowerState.java:run(109)) - 2d11b312-9f22-4a93-a0fc-762107e6cc36: FollowerState was interrupted: java.lang.InterruptedException: sleep interrupted
2019-06-15 10:18:43,699 INFO  impl.FollowerState (FollowerState.java:run(109)) - 2ad65335-a15e-4e37-9368-1d6f9b619238: FollowerState was interrupted: java.lang.InterruptedException: sleep interrupted
2019-06-15 10:18:43,709 INFO  impl.LeaderElection (LeaderElection.java:logAndReturn(56)) - a67df30a-c15d-4097-b576-6fe853c8cb80:group-FF8871A9387B:LeaderElection41: Election PASSED; received 1 response(s) [a67df30a-c15d-4097-b576-6fe853c8cb80->2d11b312-9f22-4a93-a0fc-762107e6cc36,true-t1] and 0 exception(s); a67df30a-c15d-4097-b576-6fe853c8cb80:t1, leader=null, voted=a67df30a-c15d-4097-b576-6fe853c8cb80, raftlog=a67df30a-c15d-4097-b576-6fe853c8cb80-SegmentedRaftLog:OPENED:c-1,f-1,i0, conf=-1: [2ad65335-a15e-4e37-9368-1d6f9b619238:192.168.46.52:42867, a67df30a-c15d-4097-b576-6fe853c8cb80:192.168.46.52:36803, 2d11b312-9f22-4a93-a0fc-762107e6cc36:192.168.46.52:39915], old=null
2019-06-15 10:18:43,709 INFO  impl.RoleInfo (RoleInfo.java:shutdownLeaderElection(134)) - a67df30a-c15d-4097-b576-6fe853c8cb80: shutdown LeaderElection
2019-06-15 10:18:43,709 INFO  impl.RaftServerImpl (RaftServerImpl.java:setRole(164)) - a67df30a-c15d-4097-b576-6fe853c8cb80:group-FF8871A9387B changes role from CANDIDATE to LEADER at term 1 for changeToLeader
2019-06-15 10:18:43,709 INFO  impl.RaftServerImpl (ServerState.java:setLeader(263)) - a67df30a-c15d-4097-b576-6fe853c8cb80:group-FF8871A9387B change Leader from null to a67df30a-c15d-4097-b576-6fe853c8cb80 at term 1 for becomeLeader, leader elected after 1229ms
2019-06-15 10:18:43,709 INFO  server.RaftServerConfigKeys (ConfUtils.java:logGet(43)) - raft.server.staging.catchup.gap = 1000 (default)
2019-06-15 10:18:43,709 INFO  server.RaftServerConfigKeys (ConfUtils.java:logGet(43)) - raft.server.rpc.sleep.time = 25ms (default)
2019-06-15 10:18:43,709 INFO  server.RaftServerConfigKeys (ConfUtils.java:logGet(43)) - raft.server.watch.timeout = 10s (default)
2019-06-15 10:18:43,709 INFO  server.RaftServerConfigKeys (ConfUtils.java:logGet(43)) - raft.server.watch.timeout.denomination = 1s (default)
2019-06-15 10:18:43,710 INFO  server.RaftServerConfigKeys (ConfUtils.java:logGet(43)) - raft.server.log.appender.snapshot.chunk.size.max = 16MB (=16777216) (default)
2019-06-15 10:18:43,710 INFO  server.RaftServerConfigKeys (ConfUtils.java:logGet(43)) - raft.server.log.appender.buffer.byte-limit = 33554432 (custom)
2019-06-15 10:18:43,710 INFO  server.RaftServerConfigKeys (ConfUtils.java:logGet(43)) - raft.server.log.appender.buffer.element-limit = 1 (custom)
2019-06-15 10:18:43,710 INFO  grpc.GrpcConfigKeys$Server (ConfUtils.java:logGet(43)) - raft.grpc.server.leader.outstanding.appends.max = 128 (default)
2019-06-15 10:18:43,710 INFO  server.RaftServerConfigKeys (ConfUtils.java:logGet(43)) - raft.server.rpc.request.timeout = 3000ms (default)
2019-06-15 10:18:43,710 INFO  server.RaftServerConfigKeys (ConfUtils.java:logGet(43)) - raft.server.log.appender.install.snapshot.enabled = true (default)
2019-06-15 10:18:43,710 INFO  server.RaftServerConfigKeys (ConfUtils.java:logGet(43)) - raft.server.log.appender.snapshot.chunk.size.max = 16MB (=16777216) (default)
2019-06-15 10:18:43,711 INFO  server.RaftServerConfigKeys (ConfUtils.java:logGet(43)) - raft.server.log.appender.buffer.byte-limit = 33554432 (custom)
2019-06-15 10:18:43,711 INFO  server.RaftServerConfigKeys (ConfUtils.java:logGet(43)) - raft.server.log.appender.buffer.element-limit = 1 (custom)
2019-06-15 10:18:43,711 INFO  grpc.GrpcConfigKeys$Server (ConfUtils.java:logGet(43)) - raft.grpc.server.leader.outstanding.appends.max = 128 (default)
2019-06-15 10:18:43,711 INFO  server.RaftServerConfigKeys (ConfUtils.java:logGet(43)) - raft.server.rpc.request.timeout = 3000ms (default)
2019-06-15 10:18:43,711 INFO  server.RaftServerConfigKeys (ConfUtils.java:logGet(43)) - raft.server.log.appender.install.snapshot.enabled = true (default)
2019-06-15 10:18:43,711 INFO  impl.RoleInfo (RoleInfo.java:updateAndGet(143)) - a67df30a-c15d-4097-b576-6fe853c8cb80: start LeaderState
2019-06-15 10:18:43,711 INFO  storage.RaftLogWorker (RaftLogWorker.java:startLogSegment(298)) - a67df30a-c15d-4097-b576-6fe853c8cb80-RaftLogWorker: Starting segment from index:0
2019-06-15 10:18:43,712 INFO  impl.RaftServerImpl (ServerState.java:setRaftConf(361)) - a67df30a-c15d-4097-b576-6fe853c8cb80:group-FF8871A9387B set configuration 0: [2ad65335-a15e-4e37-9368-1d6f9b619238:192.168.46.52:42867, a67df30a-c15d-4097-b576-6fe853c8cb80:192.168.46.52:36803, 2d11b312-9f22-4a93-a0fc-762107e6cc36:192.168.46.52:39915], old=null at 0
2019-06-15 10:18:43,713 INFO  impl.RaftServerImpl (ServerState.java:setLeader(263)) - 2d11b312-9f22-4a93-a0fc-762107e6cc36:group-FF8871A9387B change Leader from null to a67df30a-c15d-4097-b576-6fe853c8cb80 at term 1 for appendEntries, leader elected after 1225ms
2019-06-15 10:18:43,739 INFO  impl.RaftServerImpl (ServerState.java:setRaftConf(361)) - 2d11b312-9f22-4a93-a0fc-762107e6cc36:group-FF8871A9387B set configuration 0: [2ad65335-a15e-4e37-9368-1d6f9b619238:192.168.46.52:42867, a67df30a-c15d-4097-b576-6fe853c8cb80:192.168.46.52:36803, 2d11b312-9f22-4a93-a0fc-762107e6cc36:192.168.46.52:39915], old=null at 0
2019-06-15 10:18:43,739 INFO  storage.RaftLogWorker (RaftLogWorker.java:startLogSegment(298)) - 2d11b312-9f22-4a93-a0fc-762107e6cc36-RaftLogWorker: Starting segment from index:0
2019-06-15 10:18:43,740 INFO  impl.RaftServerImpl (ServerState.java:setLeader(263)) - 2ad65335-a15e-4e37-9368-1d6f9b619238:group-FF8871A9387B change Leader from null to a67df30a-c15d-4097-b576-6fe853c8cb80 at term 1 for appendEntries, leader elected after 1246ms
2019-06-15 10:18:43,775 INFO  impl.RaftServerImpl (ServerState.java:setRaftConf(361)) - 2ad65335-a15e-4e37-9368-1d6f9b619238:group-FF8871A9387B set configuration 0: [2ad65335-a15e-4e37-9368-1d6f9b619238:192.168.46.52:42867, a67df30a-c15d-4097-b576-6fe853c8cb80:192.168.46.52:36803, 2d11b312-9f22-4a93-a0fc-762107e6cc36:192.168.46.52:39915], old=null at 0
2019-06-15 10:18:43,775 INFO  storage.RaftLogWorker (RaftLogWorker.java:startLogSegment(298)) - 2ad65335-a15e-4e37-9368-1d6f9b619238-RaftLogWorker: Starting segment from index:0
2019-06-15 10:18:43,783 INFO  storage.RaftLogWorker (RaftLogWorker.java:execute(469)) - a67df30a-c15d-4097-b576-6fe853c8cb80-RaftLogWorker: created new log segment /opt/src/hadoop-ozone/integration-test/target/test-dir/MiniOzoneClusterImpl-e1d04c3c-ad13-46e8-b4e3-e8d267144a49/datanode-0/data/ratis/1fd0db44-c0d3-47c2-85d3-ff8871a9387b/current/log_inprogress_0
2019-06-15 10:18:43,798 INFO  storage.RaftLogWorker (RaftLogWorker.java:execute(469)) - 2d11b312-9f22-4a93-a0fc-762107e6cc36-RaftLogWorker: created new log segment /opt/src/hadoop-ozone/integration-test/target/test-dir/MiniOzoneClusterImpl-e1d04c3c-ad13-46e8-b4e3-e8d267144a49/datanode-1/data/ratis/1fd0db44-c0d3-47c2-85d3-ff8871a9387b/current/log_inprogress_0
2019-06-15 10:18:43,817 INFO  storage.RaftLogWorker (RaftLogWorker.java:execute(469)) - 2ad65335-a15e-4e37-9368-1d6f9b619238-RaftLogWorker: created new log segment /opt/src/hadoop-ozone/integration-test/target/test-dir/MiniOzoneClusterImpl-e1d04c3c-ad13-46e8-b4e3-e8d267144a49/datanode-2/data/ratis/1fd0db44-c0d3-47c2-85d3-ff8871a9387b/current/log_inprogress_0
2019-06-15 10:18:43,851 INFO  impl.FollowerState (FollowerState.java:run(101)) - 9cff47a9-23d7-4aec-a59f-08c933a51d83:group-7A9B49C3DDD8 changes to CANDIDATE, lastRpcTime:1150, electionTimeout:1148ms
2019-06-15 10:18:43,851 INFO  impl.RoleInfo (RoleInfo.java:shutdownFollowerState(121)) - 9cff47a9-23d7-4aec-a59f-08c933a51d83: shutdown FollowerState
2019-06-15 10:18:43,851 INFO  impl.RaftServerImpl (RaftServerImpl.java:setRole(164)) - 9cff47a9-23d7-4aec-a59f-08c933a51d83:group-7A9B49C3DDD8 changes role from FOLLOWER to CANDIDATE at term 0 for changeToCandidate
2019-06-15 10:18:43,852 INFO  impl.RoleInfo (RoleInfo.java:updateAndGet(143)) - 9cff47a9-23d7-4aec-a59f-08c933a51d83: start LeaderElection
2019-06-15 10:18:43,856 INFO  impl.LeaderElection (LeaderElection.java:askForVotes(181)) - 9cff47a9-23d7-4aec-a59f-08c933a51d83:group-7A9B49C3DDD8:LeaderElection42: begin an election at term 1 for -1: [9cff47a9-23d7-4aec-a59f-08c933a51d83:192.168.46.52:43693], old=null
2019-06-15 10:18:43,856 INFO  impl.RoleInfo (RoleInfo.java:shutdownLeaderElection(134)) - 9cff47a9-23d7-4aec-a59f-08c933a51d83: shutdown LeaderElection
2019-06-15 10:18:43,856 INFO  impl.RaftServerImpl (RaftServerImpl.java:setRole(164)) - 9cff47a9-23d7-4aec-a59f-08c933a51d83:group-7A9B49C3DDD8 changes role from CANDIDATE to LEADER at term 1 for changeToLeader
2019-06-15 10:18:43,856 INFO  impl.RaftServerImpl (ServerState.java:setLeader(263)) - 9cff47a9-23d7-4aec-a59f-08c933a51d83:group-7A9B49C3DDD8 change Leader from null to 9cff47a9-23d7-4aec-a59f-08c933a51d83 at term 1 for becomeLeader, leader elected after 1158ms
2019-06-15 10:18:43,856 INFO  server.RaftServerConfigKeys (ConfUtils.java:logGet(43)) - raft.server.staging.catchup.gap = 1000 (default)
2019-06-15 10:18:43,857 INFO  server.RaftServerConfigKeys (ConfUtils.java:logGet(43)) - raft.server.rpc.sleep.time = 25ms (default)
2019-06-15 10:18:43,857 INFO  server.RaftServerConfigKeys (ConfUtils.java:logGet(43)) - raft.server.watch.timeout = 10s (default)
2019-06-15 10:18:43,857 INFO  server.RaftServerConfigKeys (ConfUtils.java:logGet(43)) - raft.server.watch.timeout.denomination = 1s (default)
2019-06-15 10:18:43,857 INFO  impl.RoleInfo (RoleInfo.java:updateAndGet(143)) - 9cff47a9-23d7-4aec-a59f-08c933a51d83: start LeaderState
2019-06-15 10:18:43,857 INFO  storage.RaftLogWorker (RaftLogWorker.java:startLogSegment(298)) - 9cff47a9-23d7-4aec-a59f-08c933a51d83-RaftLogWorker: Starting segment from index:0
2019-06-15 10:18:43,861 INFO  impl.RaftServerImpl (ServerState.java:setRaftConf(361)) - 9cff47a9-23d7-4aec-a59f-08c933a51d83:group-7A9B49C3DDD8 set configuration 0: [9cff47a9-23d7-4aec-a59f-08c933a51d83:192.168.46.52:43693], old=null at 0
2019-06-15 10:18:43,894 INFO  storage.RaftLogWorker (RaftLogWorker.java:execute(469)) - 9cff47a9-23d7-4aec-a59f-08c933a51d83-RaftLogWorker: created new log segment /opt/src/hadoop-ozone/integration-test/target/test-dir/MiniOzoneClusterImpl-e1d04c3c-ad13-46e8-b4e3-e8d267144a49/datanode-3/data/ratis/a7a25d52-2bcb-43dc-bc54-7a9b49c3ddd8/current/log_inprogress_0
2019-06-15 10:18:44,000 INFO  impl.FollowerState (FollowerState.java:run(101)) - bcaf4d56-741c-42ae-9172-598b7b2f7cc4:group-CBB31815B1F6 changes to CANDIDATE, lastRpcTime:1091, electionTimeout:1091ms
2019-06-15 10:18:44,000 INFO  impl.RoleInfo (RoleInfo.java:shutdownFollowerState(121)) - bcaf4d56-741c-42ae-9172-598b7b2f7cc4: shutdown FollowerState
2019-06-15 10:18:44,000 INFO  impl.RaftServerImpl (RaftServerImpl.java:setRole(164)) - bcaf4d56-741c-42ae-9172-598b7b2f7cc4:group-CBB31815B1F6 changes role from FOLLOWER to CANDIDATE at term 0 for changeToCandidate
2019-06-15 10:18:44,001 INFO  impl.RoleInfo (RoleInfo.java:updateAndGet(143)) - bcaf4d56-741c-42ae-9172-598b7b2f7cc4: start LeaderElection
2019-06-15 10:18:44,009 INFO  impl.LeaderElection (LeaderElection.java:askForVotes(181)) - bcaf4d56-741c-42ae-9172-598b7b2f7cc4:group-CBB31815B1F6:LeaderElection43: begin an election at term 1 for -1: [bcaf4d56-741c-42ae-9172-598b7b2f7cc4:192.168.46.52:42413], old=null
2019-06-15 10:18:44,009 INFO  impl.RoleInfo (RoleInfo.java:shutdownLeaderElection(134)) - bcaf4d56-741c-42ae-9172-598b7b2f7cc4: shutdown LeaderElection
2019-06-15 10:18:44,009 INFO  impl.RaftServerImpl (RaftServerImpl.java:setRole(164)) - bcaf4d56-741c-42ae-9172-598b7b2f7cc4:group-CBB31815B1F6 changes role from CANDIDATE to LEADER at term 1 for changeToLeader
2019-06-15 10:18:44,009 INFO  impl.RaftServerImpl (ServerState.java:setLeader(263)) - bcaf4d56-741c-42ae-9172-598b7b2f7cc4:group-CBB31815B1F6 change Leader from null to bcaf4d56-741c-42ae-9172-598b7b2f7cc4 at term 1 for becomeLeader, leader elected after 1103ms
2019-06-15 10:18:44,009 INFO  server.RaftServerConfigKeys (ConfUtils.java:logGet(43)) - raft.server.staging.catchup.gap = 1000 (default)
2019-06-15 10:18:44,009 INFO  server.RaftServerConfigKeys (ConfUtils.java:logGet(43)) - raft.server.rpc.sleep.time = 25ms (default)
2019-06-15 10:18:44,010 INFO  server.RaftServerConfigKeys (ConfUtils.java:logGet(43)) - raft.server.watch.timeout = 10s (default)
2019-06-15 10:18:44,010 INFO  server.RaftServerConfigKeys (ConfUtils.java:logGet(43)) - raft.server.watch.timeout.denomination = 1s (default)
2019-06-15 10:18:44,010 INFO  impl.RoleInfo (RoleInfo.java:updateAndGet(143)) - bcaf4d56-741c-42ae-9172-598b7b2f7cc4: start LeaderState
2019-06-15 10:18:44,010 INFO  storage.RaftLogWorker (RaftLogWorker.java:startLogSegment(298)) - bcaf4d56-741c-42ae-9172-598b7b2f7cc4-RaftLogWorker: Starting segment from index:0
2019-06-15 10:18:44,010 INFO  impl.RaftServerImpl (ServerState.java:setRaftConf(361)) - bcaf4d56-741c-42ae-9172-598b7b2f7cc4:group-CBB31815B1F6 set configuration 0: [bcaf4d56-741c-42ae-9172-598b7b2f7cc4:192.168.46.52:42413], old=null at 0
2019-06-15 10:18:44,046 INFO  storage.RaftLogWorker (RaftLogWorker.java:execute(469)) - bcaf4d56-741c-42ae-9172-598b7b2f7cc4-RaftLogWorker: created new log segment /opt/src/hadoop-ozone/integration-test/target/test-dir/MiniOzoneClusterImpl-e1d04c3c-ad13-46e8-b4e3-e8d267144a49/datanode-4/data/ratis/11c4ea45-40cb-40b7-a903-cbb31815b1f6/current/log_inprogress_0
2019-06-15 10:18:44,309 INFO  impl.FollowerState (FollowerState.java:run(101)) - 829bbbb8-3dd6-40c5-81bd-e5ee89259339:group-0ADD8BB38062 changes to CANDIDATE, lastRpcTime:1096, electionTimeout:1096ms
2019-06-15 10:18:44,309 INFO  impl.RoleInfo (RoleInfo.java:shutdownFollowerState(121)) - 829bbbb8-3dd6-40c5-81bd-e5ee89259339: shutdown FollowerState
2019-06-15 10:18:44,309 INFO  impl.RaftServerImpl (RaftServerImpl.java:setRole(164)) - 829bbbb8-3dd6-40c5-81bd-e5ee89259339:group-0ADD8BB38062 changes role from FOLLOWER to CANDIDATE at term 0 for changeToCandidate
2019-06-15 10:18:44,309 INFO  impl.RoleInfo (RoleInfo.java:updateAndGet(143)) - 829bbbb8-3dd6-40c5-81bd-e5ee89259339: start LeaderElection
2019-06-15 10:18:44,312 INFO  impl.LeaderElection (LeaderElection.java:askForVotes(181)) - 829bbbb8-3dd6-40c5-81bd-e5ee89259339:group-0ADD8BB38062:LeaderElection44: begin an election at term 1 for -1: [829bbbb8-3dd6-40c5-81bd-e5ee89259339:192.168.46.52:41479], old=null
2019-06-15 10:18:44,312 INFO  impl.RoleInfo (RoleInfo.java:shutdownLeaderElection(134)) - 829bbbb8-3dd6-40c5-81bd-e5ee89259339: shutdown LeaderElection
2019-06-15 10:18:44,312 INFO  impl.RaftServerImpl (RaftServerImpl.java:setRole(164)) - 829bbbb8-3dd6-40c5-81bd-e5ee89259339:group-0ADD8BB38062 changes role from CANDIDATE to LEADER at term 1 for changeToLeader
2019-06-15 10:18:44,312 INFO  impl.RaftServerImpl (ServerState.java:setLeader(263)) - 829bbbb8-3dd6-40c5-81bd-e5ee89259339:group-0ADD8BB38062 change Leader from null to 829bbbb8-3dd6-40c5-81bd-e5ee89259339 at term 1 for becomeLeader, leader elected after 1101ms
2019-06-15 10:18:44,312 INFO  server.RaftServerConfigKeys (ConfUtils.java:logGet(43)) - raft.server.staging.catchup.gap = 1000 (default)
2019-06-15 10:18:44,312 INFO  server.RaftServerConfigKeys (ConfUtils.java:logGet(43)) - raft.server.rpc.sleep.time = 25ms (default)
2019-06-15 10:18:44,312 INFO  server.RaftServerConfigKeys (ConfUtils.java:logGet(43)) - raft.server.watch.timeout = 10s (default)
2019-06-15 10:18:44,312 INFO  server.RaftServerConfigKeys (ConfUtils.java:logGet(43)) - raft.server.watch.timeout.denomination = 1s (default)
2019-06-15 10:18:44,312 INFO  impl.RoleInfo (RoleInfo.java:updateAndGet(143)) - 829bbbb8-3dd6-40c5-81bd-e5ee89259339: start LeaderState
2019-06-15 10:18:44,313 INFO  storage.RaftLogWorker (RaftLogWorker.java:startLogSegment(298)) - 829bbbb8-3dd6-40c5-81bd-e5ee89259339-RaftLogWorker: Starting segment from index:0
2019-06-15 10:18:44,325 INFO  impl.RaftServerImpl (ServerState.java:setRaftConf(361)) - 829bbbb8-3dd6-40c5-81bd-e5ee89259339:group-0ADD8BB38062 set configuration 0: [829bbbb8-3dd6-40c5-81bd-e5ee89259339:192.168.46.52:41479], old=null at 0
2019-06-15 10:18:44,355 INFO  storage.RaftLogWorker (RaftLogWorker.java:execute(469)) - 829bbbb8-3dd6-40c5-81bd-e5ee89259339-RaftLogWorker: created new log segment /opt/src/hadoop-ozone/integration-test/target/test-dir/MiniOzoneClusterImpl-e1d04c3c-ad13-46e8-b4e3-e8d267144a49/datanode-5/data/ratis/b20fa37a-42f4-4c05-a40d-0add8bb38062/current/log_inprogress_0
2019-06-15 10:18:44,361 INFO  impl.FollowerState (FollowerState.java:run(101)) - 829bbbb8-3dd6-40c5-81bd-e5ee89259339:group-442E48B48751 changes to CANDIDATE, lastRpcTime:1096, electionTimeout:1095ms
2019-06-15 10:18:44,361 INFO  impl.RoleInfo (RoleInfo.java:shutdownFollowerState(121)) - 829bbbb8-3dd6-40c5-81bd-e5ee89259339: shutdown FollowerState
2019-06-15 10:18:44,362 INFO  impl.RaftServerImpl (RaftServerImpl.java:setRole(164)) - 829bbbb8-3dd6-40c5-81bd-e5ee89259339:group-442E48B48751 changes role from FOLLOWER to CANDIDATE at term 0 for changeToCandidate
2019-06-15 10:18:44,362 INFO  impl.RoleInfo (RoleInfo.java:updateAndGet(143)) - 829bbbb8-3dd6-40c5-81bd-e5ee89259339: start LeaderElection
2019-06-15 10:18:44,368 INFO  impl.LeaderElection (LeaderElection.java:askForVotes(181)) - 829bbbb8-3dd6-40c5-81bd-e5ee89259339:group-442E48B48751:LeaderElection45: begin an election at term 1 for -1: [bcaf4d56-741c-42ae-9172-598b7b2f7cc4:192.168.46.52:42413, 829bbbb8-3dd6-40c5-81bd-e5ee89259339:192.168.46.52:41479, 9cff47a9-23d7-4aec-a59f-08c933a51d83:192.168.46.52:43693], old=null
2019-06-15 10:18:44,396 INFO  impl.RaftServerImpl (RaftServerImpl.java:setRole(164)) - bcaf4d56-741c-42ae-9172-598b7b2f7cc4:group-442E48B48751 changes role from FOLLOWER to FOLLOWER at term 1 for recognizeCandidate:829bbbb8-3dd6-40c5-81bd-e5ee89259339
2019-06-15 10:18:44,397 INFO  impl.RoleInfo (RoleInfo.java:shutdownFollowerState(121)) - bcaf4d56-741c-42ae-9172-598b7b2f7cc4: shutdown FollowerState
2019-06-15 10:18:44,397 INFO  impl.RoleInfo (RoleInfo.java:updateAndGet(143)) - bcaf4d56-741c-42ae-9172-598b7b2f7cc4: start FollowerState
2019-06-15 10:18:44,397 INFO  impl.FollowerState (FollowerState.java:run(109)) - bcaf4d56-741c-42ae-9172-598b7b2f7cc4: FollowerState was interrupted: java.lang.InterruptedException: sleep interrupted
2019-06-15 10:18:44,401 INFO  impl.FollowerState (FollowerState.java:run(101)) - 9cff47a9-23d7-4aec-a59f-08c933a51d83:group-442E48B48751 changes to CANDIDATE, lastRpcTime:1151, electionTimeout:1151ms
2019-06-15 10:18:44,401 INFO  impl.RoleInfo (RoleInfo.java:shutdownFollowerState(121)) - 9cff47a9-23d7-4aec-a59f-08c933a51d83: shutdown FollowerState
2019-06-15 10:18:44,401 INFO  impl.RaftServerImpl (RaftServerImpl.java:setRole(164)) - 9cff47a9-23d7-4aec-a59f-08c933a51d83:group-442E48B48751 changes role from FOLLOWER to CANDIDATE at term 0 for changeToCandidate
2019-06-15 10:18:44,402 INFO  impl.RoleInfo (RoleInfo.java:updateAndGet(143)) - 9cff47a9-23d7-4aec-a59f-08c933a51d83: start LeaderElection
2019-06-15 10:18:44,405 INFO  impl.RaftServerImpl (RaftServerImpl.java:setRole(164)) - 9cff47a9-23d7-4aec-a59f-08c933a51d83:group-442E48B48751 changes role from CANDIDATE to FOLLOWER at term 1 for recognizeCandidate:829bbbb8-3dd6-40c5-81bd-e5ee89259339
2019-06-15 10:18:44,405 INFO  impl.RoleInfo (RoleInfo.java:shutdownLeaderElection(134)) - 9cff47a9-23d7-4aec-a59f-08c933a51d83: shutdown LeaderElection
2019-06-15 10:18:44,406 INFO  impl.RoleInfo (RoleInfo.java:updateAndGet(143)) - 9cff47a9-23d7-4aec-a59f-08c933a51d83: start FollowerState
2019-06-15 10:18:44,410 INFO  impl.LeaderElection (LeaderElection.java:logAndReturn(56)) - 829bbbb8-3dd6-40c5-81bd-e5ee89259339:group-442E48B48751:LeaderElection45: Election PASSED; received 1 response(s) [829bbbb8-3dd6-40c5-81bd-e5ee89259339->bcaf4d56-741c-42ae-9172-598b7b2f7cc4,true-t1] and 0 exception(s); 829bbbb8-3dd6-40c5-81bd-e5ee89259339:t1, leader=null, voted=829bbbb8-3dd6-40c5-81bd-e5ee89259339, raftlog=829bbbb8-3dd6-40c5-81bd-e5ee89259339-SegmentedRaftLog:OPENED:c-1,f-1,i0, conf=-1: [bcaf4d56-741c-42ae-9172-598b7b2f7cc4:192.168.46.52:42413, 829bbbb8-3dd6-40c5-81bd-e5ee89259339:192.168.46.52:41479, 9cff47a9-23d7-4aec-a59f-08c933a51d83:192.168.46.52:43693], old=null
2019-06-15 10:18:44,410 INFO  impl.RoleInfo (RoleInfo.java:shutdownLeaderElection(134)) - 829bbbb8-3dd6-40c5-81bd-e5ee89259339: shutdown LeaderElection
2019-06-15 10:18:44,410 INFO  impl.RaftServerImpl (RaftServerImpl.java:setRole(164)) - 829bbbb8-3dd6-40c5-81bd-e5ee89259339:group-442E48B48751 changes role from CANDIDATE to LEADER at term 1 for changeToLeader
2019-06-15 10:18:44,410 INFO  impl.RaftServerImpl (ServerState.java:setLeader(263)) - 829bbbb8-3dd6-40c5-81bd-e5ee89259339:group-442E48B48751 change Leader from null to 829bbbb8-3dd6-40c5-81bd-e5ee89259339 at term 1 for becomeLeader, leader elected after 1164ms
2019-06-15 10:18:44,410 INFO  server.RaftServerConfigKeys (ConfUtils.java:logGet(43)) - raft.server.staging.catchup.gap = 1000 (default)
2019-06-15 10:18:44,410 INFO  server.RaftServerConfigKeys (ConfUtils.java:logGet(43)) - raft.server.rpc.sleep.time = 25ms (default)
2019-06-15 10:18:44,410 INFO  server.RaftServerConfigKeys (ConfUtils.java:logGet(43)) - raft.server.watch.timeout = 10s (default)
2019-06-15 10:18:44,410 INFO  server.RaftServerConfigKeys (ConfUtils.java:logGet(43)) - raft.server.watch.timeout.denomination = 1s (default)
2019-06-15 10:18:44,410 INFO  server.RaftServerConfigKeys (ConfUtils.java:logGet(43)) - raft.server.log.appender.snapshot.chunk.size.max = 16MB (=16777216) (default)
2019-06-15 10:18:44,410 INFO  server.RaftServerConfigKeys (ConfUtils.java:logGet(43)) - raft.server.log.appender.buffer.byte-limit = 33554432 (custom)
2019-06-15 10:18:44,411 INFO  server.RaftServerConfigKeys (ConfUtils.java:logGet(43)) - raft.server.log.appender.buffer.element-limit = 1 (custom)
2019-06-15 10:18:44,411 INFO  grpc.GrpcConfigKeys$Server (ConfUtils.java:logGet(43)) - raft.grpc.server.leader.outstanding.appends.max = 128 (default)
2019-06-15 10:18:44,411 INFO  server.RaftServerConfigKeys (ConfUtils.java:logGet(43)) - raft.server.rpc.request.timeout = 3000ms (default)
2019-06-15 10:18:44,411 INFO  server.RaftServerConfigKeys (ConfUtils.java:logGet(43)) - raft.server.log.appender.install.snapshot.enabled = true (default)
2019-06-15 10:18:44,411 INFO  server.RaftServerConfigKeys (ConfUtils.java:logGet(43)) - raft.server.log.appender.snapshot.chunk.size.max = 16MB (=16777216) (default)
2019-06-15 10:18:44,411 INFO  server.RaftServerConfigKeys (ConfUtils.java:logGet(43)) - raft.server.log.appender.buffer.byte-limit = 33554432 (custom)
2019-06-15 10:18:44,411 INFO  server.RaftServerConfigKeys (ConfUtils.java:logGet(43)) - raft.server.log.appender.buffer.element-limit = 1 (custom)
2019-06-15 10:18:44,411 INFO  grpc.GrpcConfigKeys$Server (ConfUtils.java:logGet(43)) - raft.grpc.server.leader.outstanding.appends.max = 128 (default)
2019-06-15 10:18:44,411 INFO  server.RaftServerConfigKeys (ConfUtils.java:logGet(43)) - raft.server.rpc.request.timeout = 3000ms (default)
2019-06-15 10:18:44,411 INFO  server.RaftServerConfigKeys (ConfUtils.java:logGet(43)) - raft.server.log.appender.install.snapshot.enabled = true (default)
2019-06-15 10:18:44,412 INFO  impl.RoleInfo (RoleInfo.java:updateAndGet(143)) - 829bbbb8-3dd6-40c5-81bd-e5ee89259339: start LeaderState
2019-06-15 10:18:44,412 INFO  storage.RaftLogWorker (RaftLogWorker.java:startLogSegment(298)) - 829bbbb8-3dd6-40c5-81bd-e5ee89259339-RaftLogWorker: Starting segment from index:0
2019-06-15 10:18:44,416 INFO  impl.RaftServerImpl (ServerState.java:setRaftConf(361)) - 829bbbb8-3dd6-40c5-81bd-e5ee89259339:group-442E48B48751 set configuration 0: [bcaf4d56-741c-42ae-9172-598b7b2f7cc4:192.168.46.52:42413, 829bbbb8-3dd6-40c5-81bd-e5ee89259339:192.168.46.52:41479, 9cff47a9-23d7-4aec-a59f-08c933a51d83:192.168.46.52:43693], old=null at 0
2019-06-15 10:18:44,422 INFO  impl.RaftServerImpl (ServerState.java:setLeader(263)) - bcaf4d56-741c-42ae-9172-598b7b2f7cc4:group-442E48B48751 change Leader from null to 829bbbb8-3dd6-40c5-81bd-e5ee89259339 at term 1 for appendEntries, leader elected after 1195ms
2019-06-15 10:18:44,426 INFO  impl.RaftServerImpl (ServerState.java:setLeader(263)) - 9cff47a9-23d7-4aec-a59f-08c933a51d83:group-442E48B48751 change Leader from null to 829bbbb8-3dd6-40c5-81bd-e5ee89259339 at term 1 for appendEntries, leader elected after 1194ms
2019-06-15 10:18:44,429 INFO  impl.RaftServerImpl (ServerState.java:setRaftConf(361)) - bcaf4d56-741c-42ae-9172-598b7b2f7cc4:group-442E48B48751 set configuration 0: [bcaf4d56-741c-42ae-9172-598b7b2f7cc4:192.168.46.52:42413, 829bbbb8-3dd6-40c5-81bd-e5ee89259339:192.168.46.52:41479, 9cff47a9-23d7-4aec-a59f-08c933a51d83:192.168.46.52:43693], old=null at 0
2019-06-15 10:18:44,429 INFO  storage.RaftLogWorker (RaftLogWorker.java:startLogSegment(298)) - bcaf4d56-741c-42ae-9172-598b7b2f7cc4-RaftLogWorker: Starting segment from index:0
2019-06-15 10:18:44,431 INFO  impl.RaftServerImpl (ServerState.java:setRaftConf(361)) - 9cff47a9-23d7-4aec-a59f-08c933a51d83:group-442E48B48751 set configuration 0: [bcaf4d56-741c-42ae-9172-598b7b2f7cc4:192.168.46.52:42413, 829bbbb8-3dd6-40c5-81bd-e5ee89259339:192.168.46.52:41479, 9cff47a9-23d7-4aec-a59f-08c933a51d83:192.168.46.52:43693], old=null at 0
2019-06-15 10:18:44,431 INFO  storage.RaftLogWorker (RaftLogWorker.java:startLogSegment(298)) - 9cff47a9-23d7-4aec-a59f-08c933a51d83-RaftLogWorker: Starting segment from index:0
2019-06-15 10:18:44,493 INFO  storage.RaftLogWorker (RaftLogWorker.java:execute(469)) - 829bbbb8-3dd6-40c5-81bd-e5ee89259339-RaftLogWorker: created new log segment /opt/src/hadoop-ozone/integration-test/target/test-dir/MiniOzoneClusterImpl-e1d04c3c-ad13-46e8-b4e3-e8d267144a49/datanode-5/data/ratis/25cdc29a-6ddb-4582-bc9f-442e48b48751/current/log_inprogress_0
2019-06-15 10:18:44,493 INFO  client.GrpcClientProtocolClient (GrpcClientProtocolClient.java:onNext(254)) - client-96032EE2A90F->2d11b312-9f22-4a93-a0fc-762107e6cc36: receive RaftClientReply:client-96032EE2A90F->2d11b312-9f22-4a93-a0fc-762107e6cc36@group-FF8871A9387B, cid=69, FAILED org.apache.ratis.protocol.NotLeaderException: Server 2d11b312-9f22-4a93-a0fc-762107e6cc36 is not the leader (a67df30a-c15d-4097-b576-6fe853c8cb80:192.168.46.52:36803). Request must be sent to leader., logIndex=0, commits[2d11b312-9f22-4a93-a0fc-762107e6cc36:c0, 2ad65335-a15e-4e37-9368-1d6f9b619238:c-1, a67df30a-c15d-4097-b576-6fe853c8cb80:c0]
2019-06-15 10:18:44,515 INFO  storage.RaftLogWorker (RaftLogWorker.java:execute(469)) - 9cff47a9-23d7-4aec-a59f-08c933a51d83-RaftLogWorker: created new log segment /opt/src/hadoop-ozone/integration-test/target/test-dir/MiniOzoneClusterImpl-e1d04c3c-ad13-46e8-b4e3-e8d267144a49/datanode-3/data/ratis/25cdc29a-6ddb-4582-bc9f-442e48b48751/current/log_inprogress_0
2019-06-15 10:18:44,516 WARN  client.GrpcClientProtocolService (LogUtils.java:warn(134)) - 0-OrderedRequestStreamObserver0: onError: org.apache.ratis.thirdparty.io.grpc.StatusRuntimeException: CANCELLED: cancelled before receiving half close
2019-06-15 10:18:44,517 INFO  storage.RaftLogWorker (RaftLogWorker.java:execute(469)) - bcaf4d56-741c-42ae-9172-598b7b2f7cc4-RaftLogWorker: created new log segment /opt/src/hadoop-ozone/integration-test/target/test-dir/MiniOzoneClusterImpl-e1d04c3c-ad13-46e8-b4e3-e8d267144a49/datanode-4/data/ratis/25cdc29a-6ddb-4582-bc9f-442e48b48751/current/log_inprogress_0
2019-06-15 10:18:45,580 INFO  client.GrpcClientProtocolClient (GrpcClientProtocolClient.java:onNext(254)) - client-96032EE2A90F->a67df30a-c15d-4097-b576-6fe853c8cb80: receive RaftClientReply:client-96032EE2A90F->a67df30a-c15d-4097-b576-6fe853c8cb80@group-FF8871A9387B, cid=69, SUCCESS, logIndex=1, commits[a67df30a-c15d-4097-b576-6fe853c8cb80:c1, 2ad65335-a15e-4e37-9368-1d6f9b619238:c0, 2d11b312-9f22-4a93-a0fc-762107e6cc36:c0]
2019-06-15 10:18:45,627 INFO  client.GrpcClientProtocolClient (GrpcClientProtocolClient.java:onNext(254)) - client-96032EE2A90F->a67df30a-c15d-4097-b576-6fe853c8cb80: receive RaftClientReply:client-96032EE2A90F->a67df30a-c15d-4097-b576-6fe853c8cb80@group-FF8871A9387B, cid=70, SUCCESS, logIndex=3, commits[a67df30a-c15d-4097-b576-6fe853c8cb80:c4, 2ad65335-a15e-4e37-9368-1d6f9b619238:c3, 2d11b312-9f22-4a93-a0fc-762107e6cc36:c3]
2019-06-15 10:18:45,653 INFO  client.GrpcClientProtocolClient (GrpcClientProtocolClient.java:onNext(254)) - client-96032EE2A90F->a67df30a-c15d-4097-b576-6fe853c8cb80: receive RaftClientReply:client-96032EE2A90F->a67df30a-c15d-4097-b576-6fe853c8cb80@group-FF8871A9387B, cid=71, SUCCESS, logIndex=5, commits[a67df30a-c15d-4097-b576-6fe853c8cb80:c5, 2ad65335-a15e-4e37-9368-1d6f9b619238:c4, 2d11b312-9f22-4a93-a0fc-762107e6cc36:c4]
2019-06-15 10:18:45,664 INFO  client.GrpcClientProtocolClient (GrpcClientProtocolClient.java:onNext(254)) - client-96032EE2A90F->a67df30a-c15d-4097-b576-6fe853c8cb80: receive RaftClientReply:client-96032EE2A90F->a67df30a-c15d-4097-b576-6fe853c8cb80@group-FF8871A9387B, cid=72, SUCCESS, logIndex=6, commits[a67df30a-c15d-4097-b576-6fe853c8cb80:c7, 2ad65335-a15e-4e37-9368-1d6f9b619238:c4, 2d11b312-9f22-4a93-a0fc-762107e6cc36:c5]
2019-06-15 10:18:45,684 INFO  client.GrpcClientProtocolClient (GrpcClientProtocolClient.java:onNext(254)) - client-96032EE2A90F->a67df30a-c15d-4097-b576-6fe853c8cb80: receive RaftClientReply:client-96032EE2A90F->a67df30a-c15d-4097-b576-6fe853c8cb80@group-FF8871A9387B, cid=73, SUCCESS, logIndex=9, commits[a67df30a-c15d-4097-b576-6fe853c8cb80:c9, 2ad65335-a15e-4e37-9368-1d6f9b619238:c8, 2d11b312-9f22-4a93-a0fc-762107e6cc36:c6]
2019-06-15 10:18:45,687 INFO  client.GrpcClientProtocolClient (GrpcClientProtocolClient.java:onNext(254)) - client-96032EE2A90F->a67df30a-c15d-4097-b576-6fe853c8cb80: receive RaftClientReply:client-96032EE2A90F->a67df30a-c15d-4097-b576-6fe853c8cb80@group-FF8871A9387B, cid=74, SUCCESS, logIndex=11, commits[a67df30a-c15d-4097-b576-6fe853c8cb80:c11, 2ad65335-a15e-4e37-9368-1d6f9b619238:c10, 2d11b312-9f22-4a93-a0fc-762107e6cc36:c9]
2019-06-15 10:18:45,705 INFO  client.GrpcClientProtocolClient (GrpcClientProtocolClient.java:onNext(254)) - client-96032EE2A90F->a67df30a-c15d-4097-b576-6fe853c8cb80: receive RaftClientReply:client-96032EE2A90F->a67df30a-c15d-4097-b576-6fe853c8cb80@group-FF8871A9387B, cid=75, SUCCESS, logIndex=13, commits[a67df30a-c15d-4097-b576-6fe853c8cb80:c13, 2ad65335-a15e-4e37-9368-1d6f9b619238:c12, 2d11b312-9f22-4a93-a0fc-762107e6cc36:c11]
2019-06-15 10:18:45,709 INFO  client.GrpcClientProtocolClient (GrpcClientProtocolClient.java:onNext(254)) - client-96032EE2A90F->a67df30a-c15d-4097-b576-6fe853c8cb80: receive RaftClientReply:client-96032EE2A90F->a67df30a-c15d-4097-b576-6fe853c8cb80@group-FF8871A9387B, cid=76, SUCCESS, logIndex=15, commits[a67df30a-c15d-4097-b576-6fe853c8cb80:c15, 2ad65335-a15e-4e37-9368-1d6f9b619238:c12, 2d11b312-9f22-4a93-a0fc-762107e6cc36:c13]
2019-06-15 10:18:45,724 INFO  client.GrpcClientProtocolClient (GrpcClientProtocolClient.java:onNext(254)) - client-96032EE2A90F->a67df30a-c15d-4097-b576-6fe853c8cb80: receive RaftClientReply:client-96032EE2A90F->a67df30a-c15d-4097-b576-6fe853c8cb80@group-FF8871A9387B, cid=77, SUCCESS, logIndex=0, commits[a67df30a-c15d-4097-b576-6fe853c8cb80:c16, 2ad65335-a15e-4e37-9368-1d6f9b619238:c15, 2d11b312-9f22-4a93-a0fc-762107e6cc36:c15]
2019-06-15 10:18:45,736 INFO  client.GrpcClientProtocolClient (GrpcClientProtocolClient.java:onNext(254)) - client-76831240D8F5->bcaf4d56-741c-42ae-9172-598b7b2f7cc4: receive RaftClientReply:client-76831240D8F5->bcaf4d56-741c-42ae-9172-598b7b2f7cc4@group-442E48B48751, cid=78, FAILED org.apache.ratis.protocol.NotLeaderException: Server bcaf4d56-741c-42ae-9172-598b7b2f7cc4 is not the leader (829bbbb8-3dd6-40c5-81bd-e5ee89259339:192.168.46.52:41479). Request must be sent to leader., logIndex=0, commits[bcaf4d56-741c-42ae-9172-598b7b2f7cc4:c0, 829bbbb8-3dd6-40c5-81bd-e5ee89259339:c0, 9cff47a9-23d7-4aec-a59f-08c933a51d83:c0]
2019-06-15 10:18:45,743 WARN  client.GrpcClientProtocolService (LogUtils.java:warn(134)) - 0-OrderedRequestStreamObserver0: onError: org.apache.ratis.thirdparty.io.grpc.StatusRuntimeException: CANCELLED: cancelled before receiving half close
2019-06-15 10:18:46,754 INFO  client.GrpcClientProtocolClient (GrpcClientProtocolClient.java:onNext(254)) - client-76831240D8F5->9cff47a9-23d7-4aec-a59f-08c933a51d83: receive RaftClientReply:client-76831240D8F5->9cff47a9-23d7-4aec-a59f-08c933a51d83@group-442E48B48751, cid=78, FAILED org.apache.ratis.protocol.NotLeaderException: Server 9cff47a9-23d7-4aec-a59f-08c933a51d83 is not the leader (829bbbb8-3dd6-40c5-81bd-e5ee89259339:192.168.46.52:41479). Request must be sent to leader., logIndex=0, commits[9cff47a9-23d7-4aec-a59f-08c933a51d83:c0, bcaf4d56-741c-42ae-9172-598b7b2f7cc4:c0, 829bbbb8-3dd6-40c5-81bd-e5ee89259339:c0]
2019-06-15 10:18:46,758 WARN  client.GrpcClientProtocolService (LogUtils.java:warn(134)) - 0-OrderedRequestStreamObserver0: onError: org.apache.ratis.thirdparty.io.grpc.StatusRuntimeException: CANCELLED: cancelled before receiving half close
2019-06-15 10:18:47,771 INFO  client.GrpcClientProtocolClient (GrpcClientProtocolClient.java:onNext(254)) - client-76831240D8F5->bcaf4d56-741c-42ae-9172-598b7b2f7cc4: receive RaftClientReply:client-76831240D8F5->bcaf4d56-741c-42ae-9172-598b7b2f7cc4@group-442E48B48751, cid=78, FAILED org.apache.ratis.protocol.NotLeaderException: Server bcaf4d56-741c-42ae-9172-598b7b2f7cc4 is not the leader (829bbbb8-3dd6-40c5-81bd-e5ee89259339:192.168.46.52:41479). Request must be sent to leader., logIndex=0, commits[bcaf4d56-741c-42ae-9172-598b7b2f7cc4:c0, 829bbbb8-3dd6-40c5-81bd-e5ee89259339:c0, 9cff47a9-23d7-4aec-a59f-08c933a51d83:c0]
2019-06-15 10:18:47,778 WARN  client.GrpcClientProtocolService (LogUtils.java:warn(134)) - 1-OrderedRequestStreamObserver1: onError: org.apache.ratis.thirdparty.io.grpc.StatusRuntimeException: CANCELLED: cancelled before receiving half close
2019-06-15 10:18:48,785 INFO  client.GrpcClientProtocolClient (GrpcClientProtocolClient.java:onNext(254)) - client-76831240D8F5->9cff47a9-23d7-4aec-a59f-08c933a51d83: receive RaftClientReply:client-76831240D8F5->9cff47a9-23d7-4aec-a59f-08c933a51d83@group-442E48B48751, cid=78, FAILED org.apache.ratis.protocol.NotLeaderException: Server 9cff47a9-23d7-4aec-a59f-08c933a51d83 is not the leader (829bbbb8-3dd6-40c5-81bd-e5ee89259339:192.168.46.52:41479). Request must be sent to leader., logIndex=0, commits[9cff47a9-23d7-4aec-a59f-08c933a51d83:c0, bcaf4d56-741c-42ae-9172-598b7b2f7cc4:c0, 829bbbb8-3dd6-40c5-81bd-e5ee89259339:c0]
2019-06-15 10:18:48,790 WARN  client.GrpcClientProtocolService (LogUtils.java:warn(134)) - 1-OrderedRequestStreamObserver1: onError: org.apache.ratis.thirdparty.io.grpc.StatusRuntimeException: CANCELLED: cancelled before receiving half close
2019-06-15 10:18:49,800 INFO  client.GrpcClientProtocolClient (GrpcClientProtocolClient.java:onNext(254)) - client-76831240D8F5->bcaf4d56-741c-42ae-9172-598b7b2f7cc4: receive RaftClientReply:client-76831240D8F5->bcaf4d56-741c-42ae-9172-598b7b2f7cc4@group-442E48B48751, cid=78, FAILED org.apache.ratis.protocol.NotLeaderException: Server bcaf4d56-741c-42ae-9172-598b7b2f7cc4 is not the leader (829bbbb8-3dd6-40c5-81bd-e5ee89259339:192.168.46.52:41479). Request must be sent to leader., logIndex=0, commits[bcaf4d56-741c-42ae-9172-598b7b2f7cc4:c0, 829bbbb8-3dd6-40c5-81bd-e5ee89259339:c0, 9cff47a9-23d7-4aec-a59f-08c933a51d83:c0]
2019-06-15 10:18:49,804 WARN  client.GrpcClientProtocolService (LogUtils.java:warn(134)) - 2-OrderedRequestStreamObserver2: onError: org.apache.ratis.thirdparty.io.grpc.StatusRuntimeException: CANCELLED: cancelled before receiving half close
2019-06-15 10:18:50,818 INFO  client.GrpcClientProtocolClient (GrpcClientProtocolClient.java:onNext(254)) - client-76831240D8F5->9cff47a9-23d7-4aec-a59f-08c933a51d83: receive RaftClientReply:client-76831240D8F5->9cff47a9-23d7-4aec-a59f-08c933a51d83@group-442E48B48751, cid=78, FAILED org.apache.ratis.protocol.NotLeaderException: Server 9cff47a9-23d7-4aec-a59f-08c933a51d83 is not the leader (829bbbb8-3dd6-40c5-81bd-e5ee89259339:192.168.46.52:41479). Request must be sent to leader., logIndex=0, commits[9cff47a9-23d7-4aec-a59f-08c933a51d83:c0, bcaf4d56-741c-42ae-9172-598b7b2f7cc4:c0, 829bbbb8-3dd6-40c5-81bd-e5ee89259339:c0]
2019-06-15 10:18:50,826 WARN  io.KeyOutputStream (KeyOutputStream.java:handleException(276)) - Encountered exception java.io.IOException: Unexpected Storage Container Exception: java.util.concurrent.CompletionException: java.util.concurrent.CompletionException: org.apache.ratis.protocol.RaftRetryFailureException: Failed RaftClientRequest:client-76831240D8F5->9cff47a9-23d7-4aec-a59f-08c933a51d83@group-442E48B48751, cid=78, seq=1*, RW, org.apache.hadoop.hdds.scm.XceiverClientRatis$$Lambda$410/1446188993@3ca3b8b6 for 5 attempts with RetryLimited(maxAttempts=5, sleepTime=1000ms) on the pipeline Pipeline[ Id: 25cdc29a-6ddb-4582-bc9f-442e48b48751, Nodes: bcaf4d56-741c-42ae-9172-598b7b2f7cc4{ip: 192.168.46.52, host: ozone-unit-076618677d3-624gv-3109658893, networkLocation: /default-rack, certSerialId: null}9cff47a9-23d7-4aec-a59f-08c933a51d83{ip: 192.168.46.52, host: ozone-unit-076618677d3-624gv-3109658893, networkLocation: /default-rack, certSerialId: null}829bbbb8-3dd6-40c5-81bd-e5ee89259339{ip: 192.168.46.52, host: ozone-unit-076618677d3-624gv-3109658893, networkLocation: /default-rack, certSerialId: null}, Type:RATIS, Factor:THREE, State:OPEN]. The last committed block length is 0, uncommitted data length is 2097152 retry count 0
2019-06-15 10:18:50,828 WARN  client.GrpcClientProtocolService (LogUtils.java:warn(134)) - 2-OrderedRequestStreamObserver2: onError: org.apache.ratis.thirdparty.io.grpc.StatusRuntimeException: CANCELLED: cancelled before receiving half close
2019-06-15 10:18:50,884 INFO  client.GrpcClientProtocolClient (GrpcClientProtocolClient.java:onNext(254)) - client-96032EE2A90F->a67df30a-c15d-4097-b576-6fe853c8cb80: receive RaftClientReply:client-96032EE2A90F->a67df30a-c15d-4097-b576-6fe853c8cb80@group-FF8871A9387B, cid=82, SUCCESS, logIndex=17, commits[a67df30a-c15d-4097-b576-6fe853c8cb80:c17, 2ad65335-a15e-4e37-9368-1d6f9b619238:c16, 2d11b312-9f22-4a93-a0fc-762107e6cc36:c16]
2019-06-15 10:18:50,943 INFO  client.GrpcClientProtocolClient (GrpcClientProtocolClient.java:onNext(254)) - client-96032EE2A90F->a67df30a-c15d-4097-b576-6fe853c8cb80: receive RaftClientReply:client-96032EE2A90F->a67df30a-c15d-4097-b576-6fe853c8cb80@group-FF8871A9387B, cid=83, SUCCESS, logIndex=19, commits[a67df30a-c15d-4097-b576-6fe853c8cb80:c24, 2ad65335-a15e-4e37-9368-1d6f9b619238:c21, 2d11b312-9f22-4a93-a0fc-762107e6cc36:c21]
2019-06-15 10:18:50,944 INFO  client.GrpcClientProtocolClient (GrpcClientProtocolClient.java:onNext(254)) - client-96032EE2A90F->a67df30a-c15d-4097-b576-6fe853c8cb80: receive RaftClientReply:client-96032EE2A90F->a67df30a-c15d-4097-b576-6fe853c8cb80@group-FF8871A9387B, cid=84, SUCCESS, logIndex=20, commits[a67df30a-c15d-4097-b576-6fe853c8cb80:c24, 2ad65335-a15e-4e37-9368-1d6f9b619238:c21, 2d11b312-9f22-4a93-a0fc-762107e6cc36:c21]
2019-06-15 10:18:50,969 INFO  client.GrpcClientProtocolClient (GrpcClientProtocolClient.java:onNext(254)) - client-96032EE2A90F->a67df30a-c15d-4097-b576-6fe853c8cb80: receive RaftClientReply:client-96032EE2A90F->a67df30a-c15d-4097-b576-6fe853c8cb80@group-FF8871A9387B, cid=85, SUCCESS, logIndex=21, commits[a67df30a-c15d-4097-b576-6fe853c8cb80:c24, 2ad65335-a15e-4e37-9368-1d6f9b619238:c21, 2d11b312-9f22-4a93-a0fc-762107e6cc36:c21]
2019-06-15 10:18:50,998 INFO  client.GrpcClientProtocolClient (GrpcClientProtocolClient.java:onNext(254)) - client-96032EE2A90F->a67df30a-c15d-4097-b576-6fe853c8cb80: receive RaftClientReply:client-96032EE2A90F->a67df30a-c15d-4097-b576-6fe853c8cb80@group-FF8871A9387B, cid=86, SUCCESS, logIndex=25, commits[a67df30a-c15d-4097-b576-6fe853c8cb80:c25, 2ad65335-a15e-4e37-9368-1d6f9b619238:c24, 2d11b312-9f22-4a93-a0fc-762107e6cc36:c21]
2019-06-15 10:18:51,020 INFO  client.GrpcClientProtocolClient (GrpcClientProtocolClient.java:onNext(254)) - client-96032EE2A90F->a67df30a-c15d-4097-b576-6fe853c8cb80: receive RaftClientReply:client-96032EE2A90F->a67df30a-c15d-4097-b576-6fe853c8cb80@group-FF8871A9387B, cid=87, SUCCESS, logIndex=27, commits[a67df30a-c15d-4097-b576-6fe853c8cb80:c27, 2ad65335-a15e-4e37-9368-1d6f9b619238:c25, 2d11b312-9f22-4a93-a0fc-762107e6cc36:c25]
2019-06-15 10:18:51,023 INFO  client.GrpcClientProtocolClient (GrpcClientProtocolClient.java:onNext(254)) - client-96032EE2A90F->a67df30a-c15d-4097-b576-6fe853c8cb80: receive RaftClientReply:client-96032EE2A90F->a67df30a-c15d-4097-b576-6fe853c8cb80@group-FF8871A9387B, cid=88, SUCCESS, logIndex=28, commits[a67df30a-c15d-4097-b576-6fe853c8cb80:c29, 2ad65335-a15e-4e37-9368-1d6f9b619238:c26, 2d11b312-9f22-4a93-a0fc-762107e6cc36:c25]
2019-06-15 10:18:51,026 INFO  client.GrpcClientProtocolClient (GrpcClientProtocolClient.java:onNext(254)) - client-96032EE2A90F->a67df30a-c15d-4097-b576-6fe853c8cb80: receive RaftClientReply:client-96032EE2A90F->a67df30a-c15d-4097-b576-6fe853c8cb80@group-FF8871A9387B, cid=89, SUCCESS, logIndex=29, commits[a67df30a-c15d-4097-b576-6fe853c8cb80:c29, 2ad65335-a15e-4e37-9368-1d6f9b619238:c26, 2d11b312-9f22-4a93-a0fc-762107e6cc36:c25]
2019-06-15 10:18:51,033 INFO  client.GrpcClientProtocolClient (GrpcClientProtocolClient.java:onNext(254)) - client-96032EE2A90F->a67df30a-c15d-4097-b576-6fe853c8cb80: receive RaftClientReply:client-96032EE2A90F->a67df30a-c15d-4097-b576-6fe853c8cb80@group-FF8871A9387B, cid=90, SUCCESS, logIndex=0, commits[a67df30a-c15d-4097-b576-6fe853c8cb80:c31, 2ad65335-a15e-4e37-9368-1d6f9b619238:c29, 2d11b312-9f22-4a93-a0fc-762107e6cc36:c27]
2019-06-15 10:18:51,045 INFO  client.GrpcClientProtocolClient (GrpcClientProtocolClient.java:onNext(254)) - client-96032EE2A90F->a67df30a-c15d-4097-b576-6fe853c8cb80: receive RaftClientReply:client-96032EE2A90F->a67df30a-c15d-4097-b576-6fe853c8cb80@group-FF8871A9387B, cid=91, SUCCESS, logIndex=0, commits[a67df30a-c15d-4097-b576-6fe853c8cb80:c31, 2ad65335-a15e-4e37-9368-1d6f9b619238:c29, 2d11b312-9f22-4a93-a0fc-762107e6cc36:c29]
2019-06-15 10:18:51,208 INFO  client.GrpcClientProtocolClient (GrpcClientProtocolClient.java:onNext(254)) - client-96032EE2A90F->a67df30a-c15d-4097-b576-6fe853c8cb80: receive RaftClientReply:client-96032EE2A90F->a67df30a-c15d-4097-b576-6fe853c8cb80@group-FF8871A9387B, cid=92, SUCCESS, logIndex=32, commits[a67df30a-c15d-4097-b576-6fe853c8cb80:c33, 2ad65335-a15e-4e37-9368-1d6f9b619238:c32, 2d11b312-9f22-4a93-a0fc-762107e6cc36:c32]
2019-06-15 10:18:51,235 INFO  client.GrpcClientProtocolClient (GrpcClientProtocolClient.java:onNext(254)) - client-96032EE2A90F->a67df30a-c15d-4097-b576-6fe853c8cb80: receive RaftClientReply:client-96032EE2A90F->a67df30a-c15d-4097-b576-6fe853c8cb80@group-FF8871A9387B, cid=93, SUCCESS, logIndex=34, commits[a67df30a-c15d-4097-b576-6fe853c8cb80:c37, 2ad65335-a15e-4e37-9368-1d6f9b619238:c34, 2d11b312-9f22-4a93-a0fc-762107e6cc36:c34]
2019-06-15 10:18:51,236 INFO  client.GrpcClientProtocolClient (GrpcClientProtocolClient.java:onNext(254)) - client-96032EE2A90F->a67df30a-c15d-4097-b576-6fe853c8cb80: receive RaftClientReply:client-96032EE2A90F->a67df30a-c15d-4097-b576-6fe853c8cb80@group-FF8871A9387B, cid=94, SUCCESS, logIndex=35, commits[a67df30a-c15d-4097-b576-6fe853c8cb80:c37, 2ad65335-a15e-4e37-9368-1d6f9b619238:c34, 2d11b312-9f22-4a93-a0fc-762107e6cc36:c34]
2019-06-15 10:18:51,262 INFO  client.GrpcClientProtocolClient (GrpcClientProtocolClient.java:onNext(254)) - client-96032EE2A90F->a67df30a-c15d-4097-b576-6fe853c8cb80: receive RaftClientReply:client-96032EE2A90F->a67df30a-c15d-4097-b576-6fe853c8cb80@group-FF8871A9387B, cid=95, SUCCESS, logIndex=36, commits[a67df30a-c15d-4097-b576-6fe853c8cb80:c37, 2ad65335-a15e-4e37-9368-1d6f9b619238:c34, 2d11b312-9f22-4a93-a0fc-762107e6cc36:c34]
2019-06-15 10:18:51,742 INFO  client.GrpcClientProtocolClient (GrpcClientProtocolClient.java:onNext(254)) - client-96032EE2A90F->a67df30a-c15d-4097-b576-6fe853c8cb80: receive RaftClientReply:client-96032EE2A90F->a67df30a-c15d-4097-b576-6fe853c8cb80@group-FF8871A9387B, cid=96, SUCCESS, logIndex=0, commits[a67df30a-c15d-4097-b576-6fe853c8cb80:c37, 2ad65335-a15e-4e37-9368-1d6f9b619238:c37, 2d11b312-9f22-4a93-a0fc-762107e6cc36:c37]
2019-06-15 10:18:51,743 INFO  datanode.ObjectStoreHandler (ObjectStoreHandler.java:close(155)) - Closing ObjectStoreHandler.
2019-06-15 10:18:51,743 INFO  ozone.HddsDatanodeService (HddsDatanodeService.java:stop(452)) - Stopped plug-in org.apache.hadoop.ozone.web.OzoneHddsDatanodeService@3fc051ce
2019-06-15 10:18:51,744 INFO  statemachine.DatanodeStateMachine (DatanodeStateMachine.java:lambda$startDaemon$0(350)) - Ozone container server started.
2019-06-15 10:18:51,744 INFO  ozoneimpl.OzoneContainer (OzoneContainer.java:stop(199)) - Attempting to stop container services.
2019-06-15 10:18:51,744 INFO  impl.RaftServerProxy (RaftServerProxy.java:lambda$close$4(314)) - 2ad65335-a15e-4e37-9368-1d6f9b619238: close
2019-06-15 10:18:51,744 INFO  impl.RaftServerImpl (RaftServerImpl.java:lambda$shutdown$3(238)) - 2ad65335-a15e-4e37-9368-1d6f9b619238: shutdown group-34966F25F3A1
2019-06-15 10:18:51,744 INFO  impl.RaftServerImpl (RaftServerImpl.java:lambda$shutdown$3(238)) - 2ad65335-a15e-4e37-9368-1d6f9b619238: shutdown group-FF8871A9387B
2019-06-15 10:18:51,745 INFO  util.JmxRegister (JmxRegister.java:unregister(73)) - Successfully un-registered JMX Bean with object name Ratis:service=RaftServer,group=group-34966F25F3A1,id=2ad65335-a15e-4e37-9368-1d6f9b619238
2019-06-15 10:18:51,745 INFO  util.JmxRegister (JmxRegister.java:unregister(73)) - Successfully un-registered JMX Bean with object name Ratis:service=RaftServer,group=group-FF8871A9387B,id=2ad65335-a15e-4e37-9368-1d6f9b619238
2019-06-15 10:18:51,745 INFO  impl.RoleInfo (RoleInfo.java:shutdownLeaderState(104)) - 2ad65335-a15e-4e37-9368-1d6f9b619238: shutdown LeaderState
2019-06-15 10:18:51,745 INFO  impl.RoleInfo (RoleInfo.java:shutdownFollowerState(121)) - 2ad65335-a15e-4e37-9368-1d6f9b619238: shutdown FollowerState
2019-06-15 10:18:51,745 INFO  impl.PendingRequests (PendingRequests.java:sendNotLeaderResponses(140)) - 2ad65335-a15e-4e37-9368-1d6f9b619238-PendingRequests: sendNotLeaderResponses
2019-06-15 10:18:51,746 INFO  impl.FollowerState (FollowerState.java:run(109)) - 2ad65335-a15e-4e37-9368-1d6f9b619238: FollowerState was interrupted: java.lang.InterruptedException: sleep interrupted
2019-06-15 10:18:51,746 INFO  ratis.ContainerStateMachine (ContainerStateMachine.java:takeSnapshot(245)) - Taking snapshot at termIndex:(t:1, i:37)
2019-06-15 10:18:51,746 INFO  impl.StateMachineUpdater (StateMachineUpdater.java:stopAndJoin(109)) - StateMachineUpdater-2ad65335-a15e-4e37-9368-1d6f9b619238-group-FF8871A9387B: set stopIndex = 37
2019-06-15 10:18:51,748 INFO  ratis.ContainerStateMachine (ContainerStateMachine.java:takeSnapshot(249)) - Taking a snapshot to file /opt/src/hadoop-ozone/integration-test/target/test-dir/MiniOzoneClusterImpl-e1d04c3c-ad13-46e8-b4e3-e8d267144a49/datanode-2/data/ratis/1fd0db44-c0d3-47c2-85d3-ff8871a9387b/sm/snapshot.1_37
2019-06-15 10:18:51,750 INFO  ratis.ContainerStateMachine (ContainerStateMachine.java:takeSnapshot(245)) - Taking snapshot at termIndex:(t:0, i:~)
2019-06-15 10:18:51,749 INFO  impl.StateMachineUpdater (StateMachineUpdater.java:stopAndJoin(109)) - StateMachineUpdater-2ad65335-a15e-4e37-9368-1d6f9b619238-group-34966F25F3A1: set stopIndex = 0
2019-06-15 10:18:51,750 INFO  impl.RaftServerImpl (ServerState.java:close(394)) - 2ad65335-a15e-4e37-9368-1d6f9b619238:group-FF8871A9387B closes. The last applied log index is 37
2019-06-15 10:18:51,750 INFO  impl.RaftServerImpl (ServerState.java:close(394)) - 2ad65335-a15e-4e37-9368-1d6f9b619238:group-34966F25F3A1 closes. The last applied log index is 0
2019-06-15 10:18:51,750 INFO  storage.RaftLogWorker (RaftLogWorker.java:run(236)) - 2ad65335-a15e-4e37-9368-1d6f9b619238-RaftLogWorker was interrupted, exiting. There are 0 tasks remaining in the queue.
2019-06-15 10:18:51,750 INFO  storage.RaftLogWorker (RaftLogWorker.java:run(236)) - 2ad65335-a15e-4e37-9368-1d6f9b619238-RaftLogWorker was interrupted, exiting. There are 0 tasks remaining in the queue.
2019-06-15 10:18:51,753 INFO  storage.RaftLogWorker (RaftLogWorker.java:close(168)) - 2ad65335-a15e-4e37-9368-1d6f9b619238-RaftLogWorker close()
2019-06-15 10:18:51,753 INFO  storage.RaftLogWorker (RaftLogWorker.java:close(168)) - 2ad65335-a15e-4e37-9368-1d6f9b619238-RaftLogWorker close()
2019-06-15 10:18:51,756 INFO  server.GrpcService (GrpcService.java:closeImpl(154)) - 2ad65335-a15e-4e37-9368-1d6f9b619238: shutdown server with port 42867 now
2019-06-15 10:18:51,757 WARN  server.GrpcServerProtocolService (LogUtils.java:warn(134)) - 2ad65335-a15e-4e37-9368-1d6f9b619238: appendEntries onError: org.apache.ratis.thirdparty.io.grpc.StatusRuntimeException: CANCELLED: cancelled before receiving half close
2019-06-15 10:18:51,757 WARN  server.GrpcLogAppender (LogUtils.java:warn(134)) - a67df30a-c15d-4097-b576-6fe853c8cb80: Failed appendEntries to 2ad65335-a15e-4e37-9368-1d6f9b619238:192.168.46.52:42867: org.apache.ratis.thirdparty.io.grpc.StatusRuntimeException: CANCELLED: HTTP/2 error code: CANCEL
Received Rst Stream
2019-06-15 10:18:51,757 INFO  server.GrpcService (GrpcService.java:closeImpl(162)) - 2ad65335-a15e-4e37-9368-1d6f9b619238: shutdown server with port 42867 successfully
2019-06-15 10:18:51,759 INFO  impl.FollowerInfo (FollowerInfo.java:lambda$new$0(50)) - a67df30a-c15d-4097-b576-6fe853c8cb80->2ad65335-a15e-4e37-9368-1d6f9b619238: nextIndex: updateUnconditionally 38 -> 0
2019-06-15 10:18:51,761 WARN  fs.CachingGetSpaceUsed (CachingGetSpaceUsed.java:run(183)) - Thread Interrupted waiting to refresh disk information: sleep interrupted
2019-06-15 10:18:51,777 INFO  statemachine.DatanodeStateMachine (DatanodeStateMachine.java:stopDaemon(395)) - Ozone container server stopped.
2019-06-15 10:18:51,778 INFO  handler.ContextHandler (ContextHandler.java:doStop(910)) - Stopped o.e.j.w.WebAppContext@3fdbb7ee{/,null,UNAVAILABLE}{/hddsDatanode}
2019-06-15 10:18:51,778 INFO  server.AbstractConnector (AbstractConnector.java:doStop(318)) - Stopped ServerConnector@32c08610{HTTP/1.1,[http/1.1]}{0.0.0.0:0}
2019-06-15 10:18:51,779 INFO  handler.ContextHandler (ContextHandler.java:doStop(910)) - Stopped o.e.j.s.ServletContextHandler@45c2c396{/static,jar:file:/home/user/.m2/repository/org/apache/hadoop/hadoop-hdds-container-service/0.5.0-SNAPSHOT/hadoop-hdds-container-service-0.5.0-SNAPSHOT.jar!/webapps/static,UNAVAILABLE}
2019-06-15 10:18:51,780 INFO  handler.ContextHandler (ContextHandler.java:doStop(910)) - Stopped o.e.j.s.ServletContextHandler@22617270{/logs,file:///opt/src/hadoop-ozone/integration-test/target/log,UNAVAILABLE}
2019-06-15 10:18:51,794 WARN  server.GrpcLogAppender (LogUtils.java:warn(134)) - a67df30a-c15d-4097-b576-6fe853c8cb80: Failed appendEntries to 2ad65335-a15e-4e37-9368-1d6f9b619238:192.168.46.52:42867: org.apache.ratis.thirdparty.io.grpc.StatusRuntimeException: UNAVAILABLE: io exception
2019-06-15 10:18:51,801 INFO  impl.FollowerInfo (FollowerInfo.java:lambda$new$0(50)) - a67df30a-c15d-4097-b576-6fe853c8cb80->2ad65335-a15e-4e37-9368-1d6f9b619238: nextIndex: updateUnconditionally 1 -> 0
2019-06-15 10:18:51,804 WARN  server.GrpcLogAppender (LogUtils.java:warn(134)) - a67df30a-c15d-4097-b576-6fe853c8cb80: Failed appendEntries to 2ad65335-a15e-4e37-9368-1d6f9b619238:192.168.46.52:42867: org.apache.ratis.thirdparty.io.grpc.StatusRuntimeException: UNAVAILABLE: io exception
2019-06-15 10:18:51,810 INFO  impl.FollowerInfo (FollowerInfo.java:lambda$new$0(50)) - a67df30a-c15d-4097-b576-6fe853c8cb80->2ad65335-a15e-4e37-9368-1d6f9b619238: nextIndex: updateUnconditionally 1 -> 0
2019-06-15 10:18:51,814 INFO  client.GrpcClientProtocolClient (GrpcClientProtocolClient.java:onNext(254)) - client-96032EE2A90F->a67df30a-c15d-4097-b576-6fe853c8cb80: receive RaftClientReply:client-96032EE2A90F->a67df30a-c15d-4097-b576-6fe853c8cb80@group-FF8871A9387B, cid=97, SUCCESS, logIndex=38, commits[a67df30a-c15d-4097-b576-6fe853c8cb80:c38, 2ad65335-a15e-4e37-9368-1d6f9b619238:c37, 2d11b312-9f22-4a93-a0fc-762107e6cc36:c37]
2019-06-15 10:18:51,814 WARN  server.GrpcLogAppender (LogUtils.java:warn(134)) - a67df30a-c15d-4097-b576-6fe853c8cb80: Failed appendEntries to 2ad65335-a15e-4e37-9368-1d6f9b619238:192.168.46.52:42867: org.apache.ratis.thirdparty.io.grpc.StatusRuntimeException: UNAVAILABLE: io exception
2019-06-15 10:18:51,817 INFO  impl.FollowerInfo (FollowerInfo.java:lambda$new$0(50)) - a67df30a-c15d-4097-b576-6fe853c8cb80->2ad65335-a15e-4e37-9368-1d6f9b619238: nextIndex: updateUnconditionally 1 -> 0
2019-06-15 10:18:51,821 WARN  server.GrpcLogAppender (LogUtils.java:warn(134)) - a67df30a-c15d-4097-b576-6fe853c8cb80: Failed appendEntries to 2ad65335-a15e-4e37-9368-1d6f9b619238:192.168.46.52:42867: org.apache.ratis.thirdparty.io.grpc.StatusRuntimeException: UNAVAILABLE: io exception
2019-06-15 10:18:51,824 INFO  impl.FollowerInfo (FollowerInfo.java:lambda$new$0(50)) - a67df30a-c15d-4097-b576-6fe853c8cb80->2ad65335-a15e-4e37-9368-1d6f9b619238: nextIndex: updateUnconditionally 1 -> 0
2019-06-15 10:18:51,825 INFO  client.GrpcClientProtocolClient (GrpcClientProtocolClient.java:onNext(254)) - client-96032EE2A90F->a67df30a-c15d-4097-b576-6fe853c8cb80: receive RaftClientReply:client-96032EE2A90F->a67df30a-c15d-4097-b576-6fe853c8cb80@group-FF8871A9387B, cid=98, SUCCESS, logIndex=40, commits[a67df30a-c15d-4097-b576-6fe853c8cb80:c40, 2ad65335-a15e-4e37-9368-1d6f9b619238:c37, 2d11b312-9f22-4a93-a0fc-762107e6cc36:c38]
2019-06-15 10:18:51,826 WARN  server.GrpcLogAppender (LogUtils.java:warn(134)) - a67df30a-c15d-4097-b576-6fe853c8cb80: Failed appendEntries to 2ad65335-a15e-4e37-9368-1d6f9b619238:192.168.46.52:42867: org.apache.ratis.thirdparty.io.grpc.StatusRuntimeException: UNAVAILABLE: io exception
2019-06-15 10:18:51,829 INFO  impl.FollowerInfo (FollowerInfo.java:lambda$new$0(50)) - a67df30a-c15d-4097-b576-6fe853c8cb80->2ad65335-a15e-4e37-9368-1d6f9b619238: nextIndex: updateUnconditionally 1 -> 0
2019-06-15 10:18:51,835 WARN  server.GrpcLogAppender (LogUtils.java:warn(134)) - a67df30a-c15d-4097-b576-6fe853c8cb80: Failed appendEntries to 2ad65335-a15e-4e37-9368-1d6f9b619238:192.168.46.52:42867: org.apache.ratis.thirdparty.io.grpc.StatusRuntimeException: UNAVAILABLE: io exception
2019-06-15 10:18:51,835 INFO  client.GrpcClientProtocolClient (GrpcClientProtocolClient.java:onNext(254)) - client-96032EE2A90F->a67df30a-c15d-4097-b576-6fe853c8cb80: receive RaftClientReply:client-96032EE2A90F->a67df30a-c15d-4097-b576-6fe853c8cb80@group-FF8871A9387B, cid=99, SUCCESS, logIndex=41, commits[a67df30a-c15d-4097-b576-6fe853c8cb80:c42, 2ad65335-a15e-4e37-9368-1d6f9b619238:c37, 2d11b312-9f22-4a93-a0fc-762107e6cc36:c38]
2019-06-15 10:18:51,837 INFO  impl.FollowerInfo (FollowerInfo.java:lambda$new$0(50)) - a67df30a-c15d-4097-b576-6fe853c8cb80->2ad65335-a15e-4e37-9368-1d6f9b619238: nextIndex: updateUnconditionally 1 -> 0
2019-06-15 10:18:51,838 INFO  client.GrpcClientProtocolClient (GrpcClientProtocolClient.java:onNext(254)) - client-96032EE2A90F->a67df30a-c15d-4097-b576-6fe853c8cb80: receive RaftClientReply:client-96032EE2A90F->a67df30a-c15d-4097-b576-6fe853c8cb80@group-FF8871A9387B, cid=100, SUCCESS, logIndex=42, commits[a67df30a-c15d-4097-b576-6fe853c8cb80:c43, 2ad65335-a15e-4e37-9368-1d6f9b619238:c37, 2d11b312-9f22-4a93-a0fc-762107e6cc36:c40]
2019-06-15 10:18:51,839 WARN  server.GrpcLogAppender (LogUtils.java:warn(134)) - a67df30a-c15d-4097-b576-6fe853c8cb80: Failed appendEntries to 2ad65335-a15e-4e37-9368-1d6f9b619238:192.168.46.52:42867: org.apache.ratis.thirdparty.io.grpc.StatusRuntimeException: UNAVAILABLE: io exception
2019-06-15 10:18:51,840 INFO  impl.FollowerInfo (FollowerInfo.java:lambda$new$0(50)) - a67df30a-c15d-4097-b576-6fe853c8cb80->2ad65335-a15e-4e37-9368-1d6f9b619238: nextIndex: updateUnconditionally 1 -> 0
2019-06-15 10:18:52,340 WARN  server.GrpcLogAppender (LogUtils.java:warn(134)) - a67df30a-c15d-4097-b576-6fe853c8cb80: Failed appendEntries to 2ad65335-a15e-4e37-9368-1d6f9b619238:192.168.46.52:42867: org.apache.ratis.thirdparty.io.grpc.StatusRuntimeException: UNAVAILABLE: io exception
2019-06-15 10:18:52,342 INFO  impl.FollowerInfo (FollowerInfo.java:lambda$new$0(50)) - a67df30a-c15d-4097-b576-6fe853c8cb80->2ad65335-a15e-4e37-9368-1d6f9b619238: nextIndex: updateUnconditionally 0 -> 0
2019-06-15 10:18:52,840 WARN  server.GrpcLogAppender (LogUtils.java:warn(134)) - a67df30a-c15d-4097-b576-6fe853c8cb80: Failed appendEntries to 2ad65335-a15e-4e37-9368-1d6f9b619238:192.168.46.52:42867: org.apache.ratis.thirdparty.io.grpc.StatusRuntimeException: UNAVAILABLE: io exception
2019-06-15 10:18:52,843 INFO  impl.FollowerInfo (FollowerInfo.java:lambda$new$0(50)) - a67df30a-c15d-4097-b576-6fe853c8cb80->2ad65335-a15e-4e37-9368-1d6f9b619238: nextIndex: updateUnconditionally 0 -> 0
2019-06-15 10:18:53,341 WARN  server.GrpcLogAppender (LogUtils.java:warn(134)) - a67df30a-c15d-4097-b576-6fe853c8cb80: Failed appendEntries to 2ad65335-a15e-4e37-9368-1d6f9b619238:192.168.46.52:42867: org.apache.ratis.thirdparty.io.grpc.StatusRuntimeException: UNAVAILABLE: io exception
2019-06-15 10:18:53,343 INFO  impl.FollowerInfo (FollowerInfo.java:lambda$new$0(50)) - a67df30a-c15d-4097-b576-6fe853c8cb80->2ad65335-a15e-4e37-9368-1d6f9b619238: nextIndex: updateUnconditionally 0 -> 0
2019-06-15 10:18:53,842 WARN  server.GrpcLogAppender (LogUtils.java:warn(134)) - a67df30a-c15d-4097-b576-6fe853c8cb80: Failed appendEntries to 2ad65335-a15e-4e37-9368-1d6f9b619238:192.168.46.52:42867: org.apache.ratis.thirdparty.io.grpc.StatusRuntimeException: UNAVAILABLE: io exception
2019-06-15 10:18:53,848 INFO  impl.FollowerInfo (FollowerInfo.java:lambda$new$0(50)) - a67df30a-c15d-4097-b576-6fe853c8cb80->2ad65335-a15e-4e37-9368-1d6f9b619238: nextIndex: updateUnconditionally 0 -> 0
2019-06-15 10:18:54,248 INFO  node.StaleNodeHandler (StaleNodeHandler.java:onMessage(58)) - Datanode 2ad65335-a15e-4e37-9368-1d6f9b619238{ip: 192.168.46.52, host: ozone-unit-076618677d3-624gv-3109658893, networkLocation: /default-rack, certSerialId: null} moved to stale state. Finalizing its pipelines [PipelineID=dc5eb1b0-33ec-4898-897f-34966f25f3a1, PipelineID=1fd0db44-c0d3-47c2-85d3-ff8871a9387b]
2019-06-15 10:18:54,249 INFO  pipeline.SCMPipelineManager (SCMPipelineManager.java:finalizeAndDestroyPipeline(307)) - destroying pipeline:Pipeline[ Id: dc5eb1b0-33ec-4898-897f-34966f25f3a1, Nodes: 2ad65335-a15e-4e37-9368-1d6f9b619238{ip: 192.168.46.52, host: ozone-unit-076618677d3-624gv-3109658893, networkLocation: /default-rack, certSerialId: null}, Type:RATIS, Factor:ONE, State:OPEN]
2019-06-15 10:18:54,249 INFO  pipeline.PipelineStateManager (PipelineStateManager.java:finalizePipeline(123)) - Pipeline Pipeline[ Id: dc5eb1b0-33ec-4898-897f-34966f25f3a1, Nodes: 2ad65335-a15e-4e37-9368-1d6f9b619238{ip: 192.168.46.52, host: ozone-unit-076618677d3-624gv-3109658893, networkLocation: /default-rack, certSerialId: null}, Type:RATIS, Factor:ONE, State:CLOSED] moved to CLOSED state
2019-06-15 10:18:54,249 INFO  pipeline.SCMPipelineManager (SCMPipelineManager.java:finalizeAndDestroyPipeline(307)) - destroying pipeline:Pipeline[ Id: 1fd0db44-c0d3-47c2-85d3-ff8871a9387b, Nodes: 2ad65335-a15e-4e37-9368-1d6f9b619238{ip: 192.168.46.52, host: ozone-unit-076618677d3-624gv-3109658893, networkLocation: /default-rack, certSerialId: null}a67df30a-c15d-4097-b576-6fe853c8cb80{ip: 192.168.46.52, host: ozone-unit-076618677d3-624gv-3109658893, networkLocation: /default-rack, certSerialId: null}2d11b312-9f22-4a93-a0fc-762107e6cc36{ip: 192.168.46.52, host: ozone-unit-076618677d3-624gv-3109658893, networkLocation: /default-rack, certSerialId: null}, Type:RATIS, Factor:THREE, State:OPEN]
2019-06-15 10:18:54,249 INFO  pipeline.PipelineStateManager (PipelineStateManager.java:finalizePipeline(123)) - Pipeline Pipeline[ Id: 1fd0db44-c0d3-47c2-85d3-ff8871a9387b, Nodes: 2ad65335-a15e-4e37-9368-1d6f9b619238{ip: 192.168.46.52, host: ozone-unit-076618677d3-624gv-3109658893, networkLocation: /default-rack, certSerialId: null}a67df30a-c15d-4097-b576-6fe853c8cb80{ip: 192.168.46.52, host: ozone-unit-076618677d3-624gv-3109658893, networkLocation: /default-rack, certSerialId: null}2d11b312-9f22-4a93-a0fc-762107e6cc36{ip: 192.168.46.52, host: ozone-unit-076618677d3-624gv-3109658893, networkLocation: /default-rack, certSerialId: null}, Type:RATIS, Factor:THREE, State:CLOSED] moved to CLOSED state
2019-06-15 10:18:54,249 INFO  container.CloseContainerEventHandler (CloseContainerEventHandler.java:onMessage(61)) - Close container Event triggered for container : #1
2019-06-15 10:18:54,250 INFO  container.CloseContainerEventHandler (CloseContainerEventHandler.java:onMessage(61)) - Close container Event triggered for container : #3
2019-06-15 10:18:54,250 INFO  container.CloseContainerEventHandler (CloseContainerEventHandler.java:onMessage(61)) - Close container Event triggered for container : #5
2019-06-15 10:18:54,342 WARN  server.GrpcLogAppender (LogUtils.java:warn(134)) - a67df30a-c15d-4097-b576-6fe853c8cb80: Failed appendEntries to 2ad65335-a15e-4e37-9368-1d6f9b619238:192.168.46.52:42867: org.apache.ratis.thirdparty.io.grpc.StatusRuntimeException: UNAVAILABLE: io exception
2019-06-15 10:18:54,345 INFO  impl.FollowerInfo (FollowerInfo.java:lambda$new$0(50)) - a67df30a-c15d-4097-b576-6fe853c8cb80->2ad65335-a15e-4e37-9368-1d6f9b619238: nextIndex: updateUnconditionally 0 -> 0
2019-06-15 10:18:54,847 WARN  client.GrpcClientProtocolService (LogUtils.java:warn(134)) - 1-UnorderedRequestStreamObserver1: onError: org.apache.ratis.thirdparty.io.grpc.StatusRuntimeException: CANCELLED: cancelled before receiving half close
2019-06-15 10:18:54,849 WARN  server.GrpcLogAppender (LogUtils.java:warn(134)) - a67df30a-c15d-4097-b576-6fe853c8cb80: Failed appendEntries to 2ad65335-a15e-4e37-9368-1d6f9b619238:192.168.46.52:42867: org.apache.ratis.thirdparty.io.grpc.StatusRuntimeException: UNAVAILABLE: io exception
2019-06-15 10:18:54,851 INFO  impl.FollowerInfo (FollowerInfo.java:lambda$new$0(50)) - a67df30a-c15d-4097-b576-6fe853c8cb80->2ad65335-a15e-4e37-9368-1d6f9b619238: nextIndex: updateUnconditionally 0 -> 0
2019-06-15 10:18:55,348 WARN  server.GrpcLogAppender (LogUtils.java:warn(134)) - a67df30a-c15d-4097-b576-6fe853c8cb80: Failed appendEntries to 2ad65335-a15e-4e37-9368-1d6f9b619238:192.168.46.52:42867: org.apache.ratis.thirdparty.io.grpc.StatusRuntimeException: UNAVAILABLE: io exception
2019-06-15 10:18:55,350 INFO  impl.FollowerInfo (FollowerInfo.java:lambda$new$0(50)) - a67df30a-c15d-4097-b576-6fe853c8cb80->2ad65335-a15e-4e37-9368-1d6f9b619238: nextIndex: updateUnconditionally 0 -> 0
2019-06-15 10:18:55,849 WARN  server.GrpcLogAppender (LogUtils.java:warn(134)) - a67df30a-c15d-4097-b576-6fe853c8cb80: Failed appendEntries to 2ad65335-a15e-4e37-9368-1d6f9b619238:192.168.46.52:42867: org.apache.ratis.thirdparty.io.grpc.StatusRuntimeException: UNAVAILABLE: io exception
2019-06-15 10:18:55,852 INFO  impl.FollowerInfo (FollowerInfo.java:lambda$new$0(50)) - a67df30a-c15d-4097-b576-6fe853c8cb80->2ad65335-a15e-4e37-9368-1d6f9b619238: nextIndex: updateUnconditionally 0 -> 0
2019-06-15 10:18:55,853 INFO  client.GrpcClientProtocolService (GrpcClientProtocolService.java:lambda$processClientRequest$0(264)) - Failed RaftClientRequest:client-96032EE2A90F->2d11b312-9f22-4a93-a0fc-762107e6cc36@group-FF8871A9387B, cid=101, seq=0, Watch-ALL_COMMITTED(40), Message:<EMPTY>, reply=RaftClientReply:client-96032EE2A90F->2d11b312-9f22-4a93-a0fc-762107e6cc36@group-FF8871A9387B, cid=101, FAILED org.apache.ratis.protocol.NotLeaderException: Server 2d11b312-9f22-4a93-a0fc-762107e6cc36 is not the leader (a67df30a-c15d-4097-b576-6fe853c8cb80:192.168.46.52:36803). Request must be sent to leader., logIndex=0, commits[2d11b312-9f22-4a93-a0fc-762107e6cc36:c45, 2ad65335-a15e-4e37-9368-1d6f9b619238:c37, a67df30a-c15d-4097-b576-6fe853c8cb80:c45]
2019-06-15 10:18:55,857 INFO  client.GrpcClientProtocolClient (GrpcClientProtocolClient.java:onNext(254)) - client-96032EE2A90F->2d11b312-9f22-4a93-a0fc-762107e6cc36: receive RaftClientReply:client-96032EE2A90F->2d11b312-9f22-4a93-a0fc-762107e6cc36@group-FF8871A9387B, cid=101, FAILED org.apache.ratis.protocol.NotLeaderException: Server 2d11b312-9f22-4a93-a0fc-762107e6cc36 is not the leader (a67df30a-c15d-4097-b576-6fe853c8cb80:192.168.46.52:36803). Request must be sent to leader., logIndex=0, commits[2d11b312-9f22-4a93-a0fc-762107e6cc36:c45, 2ad65335-a15e-4e37-9368-1d6f9b619238:c37, a67df30a-c15d-4097-b576-6fe853c8cb80:c45]
2019-06-15 10:18:55,862 WARN  client.GrpcClientProtocolService (LogUtils.java:warn(134)) - 1-UnorderedRequestStreamObserver1: onError: org.apache.ratis.thirdparty.io.grpc.StatusRuntimeException: CANCELLED: cancelled before receiving half close
2019-06-15 10:18:56,350 WARN  server.GrpcLogAppender (LogUtils.java:warn(134)) - a67df30a-c15d-4097-b576-6fe853c8cb80: Failed appendEntries to 2ad65335-a15e-4e37-9368-1d6f9b619238:192.168.46.52:42867: org.apache.ratis.thirdparty.io.grpc.StatusRuntimeException: UNAVAILABLE: io exception
2019-06-15 10:18:56,352 INFO  impl.FollowerInfo (FollowerInfo.java:lambda$new$0(50)) - a67df30a-c15d-4097-b576-6fe853c8cb80->2ad65335-a15e-4e37-9368-1d6f9b619238: nextIndex: updateUnconditionally 0 -> 0
2019-06-15 10:18:56,838 WARN  scm.XceiverClientRatis (XceiverClientRatis.java:watchForCommit(260)) - 3 way commit failed 
java.util.concurrent.TimeoutException
	at java.util.concurrent.CompletableFuture.timedGet(CompletableFuture.java:1771)
	at java.util.concurrent.CompletableFuture.get(CompletableFuture.java:1915)
	at org.apache.hadoop.hdds.scm.XceiverClientRatis.watchForCommit(XceiverClientRatis.java:257)
	at org.apache.hadoop.hdds.scm.storage.CommitWatcher.watchForCommit(CommitWatcher.java:194)
	at org.apache.hadoop.hdds.scm.storage.CommitWatcher.watchOnFirstIndex(CommitWatcher.java:135)
	at org.apache.hadoop.hdds.scm.storage.BlockOutputStream.watchForCommit(BlockOutputStream.java:355)
	at org.apache.hadoop.hdds.scm.storage.BlockOutputStream.handleFullBuffer(BlockOutputStream.java:332)
	at org.apache.hadoop.hdds.scm.storage.BlockOutputStream.write(BlockOutputStream.java:259)
	at org.apache.hadoop.ozone.client.io.BlockOutputStreamEntry.write(BlockOutputStreamEntry.java:129)
	at org.apache.hadoop.ozone.client.io.KeyOutputStream.handleWrite(KeyOutputStream.java:211)
	at org.apache.hadoop.ozone.client.io.KeyOutputStream.write(KeyOutputStream.java:193)
	at org.apache.hadoop.ozone.client.io.OzoneOutputStream.write(OzoneOutputStream.java:49)
	at java.io.OutputStream.write(OutputStream.java:75)
	at org.apache.hadoop.ozone.client.rpc.TestFailureHandlingByClient.testMultiBlockWritesWithIntermittentDnFailures(TestFailureHandlingByClient.java:237)
	at sun.reflect.NativeMethodAccessorImpl.invoke0(Native Method)
	at sun.reflect.NativeMethodAccessorImpl.invoke(NativeMethodAccessorImpl.java:62)
	at sun.reflect.DelegatingMethodAccessorImpl.invoke(DelegatingMethodAccessorImpl.java:43)
	at java.lang.reflect.Method.invoke(Method.java:498)
	at org.junit.runners.model.FrameworkMethod$1.runReflectiveCall(FrameworkMethod.java:47)
	at org.junit.internal.runners.model.ReflectiveCallable.run(ReflectiveCallable.java:12)
	at org.junit.runners.model.FrameworkMethod.invokeExplosively(FrameworkMethod.java:44)
	at org.junit.internal.runners.statements.InvokeMethod.evaluate(InvokeMethod.java:17)
	at org.junit.runners.ParentRunner.runLeaf(ParentRunner.java:271)
	at org.junit.runners.BlockJUnit4ClassRunner.runChild(BlockJUnit4ClassRunner.java:70)
	at org.junit.runners.BlockJUnit4ClassRunner.runChild(BlockJUnit4ClassRunner.java:50)
	at org.junit.runners.ParentRunner$3.run(ParentRunner.java:238)
	at org.junit.runners.ParentRunner$1.schedule(ParentRunner.java:63)
	at org.junit.runners.ParentRunner.runChildren(ParentRunner.java:236)
	at org.junit.runners.ParentRunner.access$000(ParentRunner.java:53)
	at org.junit.runners.ParentRunner$2.evaluate(ParentRunner.java:229)
	at org.junit.runners.ParentRunner.run(ParentRunner.java:309)
	at org.apache.maven.surefire.junit4.JUnit4Provider.execute(JUnit4Provider.java:365)
	at org.apache.maven.surefire.junit4.JUnit4Provider.executeWithRerun(JUnit4Provider.java:273)
	at org.apache.maven.surefire.junit4.JUnit4Provider.executeTestSet(JUnit4Provider.java:238)
	at org.apache.maven.surefire.junit4.JUnit4Provider.invoke(JUnit4Provider.java:159)
	at org.apache.maven.surefire.booter.ForkedBooter.invokeProviderInSameClassLoader(ForkedBooter.java:384)
	at org.apache.maven.surefire.booter.ForkedBooter.runSuitesInProcess(ForkedBooter.java:345)
	at org.apache.maven.surefire.booter.ForkedBooter.execute(ForkedBooter.java:126)
	at org.apache.maven.surefire.booter.ForkedBooter.main(ForkedBooter.java:418)
2019-06-15 10:18:56,848 INFO  client.GrpcClientProtocolClient (GrpcClientProtocolClient.java:onNext(254)) - client-96032EE2A90F->a67df30a-c15d-4097-b576-6fe853c8cb80: receive RaftClientReply:client-96032EE2A90F->a67df30a-c15d-4097-b576-6fe853c8cb80@group-FF8871A9387B, cid=102, SUCCESS, logIndex=0, commits[a67df30a-c15d-4097-b576-6fe853c8cb80:c45, 2ad65335-a15e-4e37-9368-1d6f9b619238:c37, 2d11b312-9f22-4a93-a0fc-762107e6cc36:c45]
2019-06-15 10:18:56,849 INFO  scm.XceiverClientRatis (XceiverClientRatis.java:lambda$watchForCommit$7(278)) - Could not commit 40 to all the nodes. Server 2ad65335-a15e-4e37-9368-1d6f9b619238 has failed. Committed by majority.
2019-06-15 10:18:56,850 WARN  server.GrpcLogAppender (LogUtils.java:warn(134)) - a67df30a-c15d-4097-b576-6fe853c8cb80: Failed appendEntries to 2ad65335-a15e-4e37-9368-1d6f9b619238:192.168.46.52:42867: org.apache.ratis.thirdparty.io.grpc.StatusRuntimeException: UNAVAILABLE: io exception
2019-06-15 10:18:56,853 INFO  impl.FollowerInfo (FollowerInfo.java:lambda$new$0(50)) - a67df30a-c15d-4097-b576-6fe853c8cb80->2ad65335-a15e-4e37-9368-1d6f9b619238: nextIndex: updateUnconditionally 0 -> 0
2019-06-15 10:18:57,187 WARN  server.GrpcLogAppender (LogUtils.java:warn(134)) - a67df30a-c15d-4097-b576-6fe853c8cb80: Failed appendEntries to 2ad65335-a15e-4e37-9368-1d6f9b619238:192.168.46.52:42867: org.apache.ratis.thirdparty.io.grpc.StatusRuntimeException: UNAVAILABLE: io exception
2019-06-15 10:18:57,190 INFO  impl.FollowerInfo (FollowerInfo.java:lambda$new$0(50)) - a67df30a-c15d-4097-b576-6fe853c8cb80->2ad65335-a15e-4e37-9368-1d6f9b619238: nextIndex: updateUnconditionally 1 -> 0
2019-06-15 10:18:57,192 WARN  server.GrpcLogAppender (LogUtils.java:warn(134)) - a67df30a-c15d-4097-b576-6fe853c8cb80: Failed appendEntries to 2ad65335-a15e-4e37-9368-1d6f9b619238:192.168.46.52:42867: org.apache.ratis.thirdparty.io.grpc.StatusRuntimeException: UNAVAILABLE: io exception
2019-06-15 10:18:57,194 INFO  impl.FollowerInfo (FollowerInfo.java:lambda$new$0(50)) - a67df30a-c15d-4097-b576-6fe853c8cb80->2ad65335-a15e-4e37-9368-1d6f9b619238: nextIndex: updateUnconditionally 1 -> 0
2019-06-15 10:18:57,197 WARN  server.GrpcLogAppender (LogUtils.java:warn(134)) - a67df30a-c15d-4097-b576-6fe853c8cb80: Failed appendEntries to 2ad65335-a15e-4e37-9368-1d6f9b619238:192.168.46.52:42867: org.apache.ratis.thirdparty.io.grpc.StatusRuntimeException: UNAVAILABLE: io exception
2019-06-15 10:18:57,199 INFO  impl.FollowerInfo (FollowerInfo.java:lambda$new$0(50)) - a67df30a-c15d-4097-b576-6fe853c8cb80->2ad65335-a15e-4e37-9368-1d6f9b619238: nextIndex: updateUnconditionally 1 -> 0
2019-06-15 10:18:57,205 INFO  interfaces.Container (KeyValueContainer.java:compactDB(356)) - Container 1 is closed with bcsId 15.
2019-06-15 10:18:57,208 WARN  server.GrpcLogAppender (LogUtils.java:warn(134)) - a67df30a-c15d-4097-b576-6fe853c8cb80: Failed appendEntries to 2ad65335-a15e-4e37-9368-1d6f9b619238:192.168.46.52:42867: org.apache.ratis.thirdparty.io.grpc.StatusRuntimeException: UNAVAILABLE: io exception
2019-06-15 10:18:57,210 INFO  interfaces.Container (KeyValueContainer.java:compactDB(356)) - Container 1 is closed with bcsId 15.
2019-06-15 10:18:57,211 INFO  impl.FollowerInfo (FollowerInfo.java:lambda$new$0(50)) - a67df30a-c15d-4097-b576-6fe853c8cb80->2ad65335-a15e-4e37-9368-1d6f9b619238: nextIndex: updateUnconditionally 1 -> 0
2019-06-15 10:18:57,214 WARN  server.GrpcLogAppender (LogUtils.java:warn(134)) - a67df30a-c15d-4097-b576-6fe853c8cb80: Failed appendEntries to 2ad65335-a15e-4e37-9368-1d6f9b619238:192.168.46.52:42867: org.apache.ratis.thirdparty.io.grpc.StatusRuntimeException: UNAVAILABLE: io exception
2019-06-15 10:18:57,215 INFO  impl.FollowerInfo (FollowerInfo.java:lambda$new$0(50)) - a67df30a-c15d-4097-b576-6fe853c8cb80->2ad65335-a15e-4e37-9368-1d6f9b619238: nextIndex: updateUnconditionally 1 -> 0
2019-06-15 10:18:57,217 WARN  server.GrpcLogAppender (LogUtils.java:warn(134)) - a67df30a-c15d-4097-b576-6fe853c8cb80: Failed appendEntries to 2ad65335-a15e-4e37-9368-1d6f9b619238:192.168.46.52:42867: org.apache.ratis.thirdparty.io.grpc.StatusRuntimeException: UNAVAILABLE: io exception
2019-06-15 10:18:57,219 INFO  impl.FollowerInfo (FollowerInfo.java:lambda$new$0(50)) - a67df30a-c15d-4097-b576-6fe853c8cb80->2ad65335-a15e-4e37-9368-1d6f9b619238: nextIndex: updateUnconditionally 1 -> 0
2019-06-15 10:18:57,221 INFO  interfaces.Container (KeyValueContainer.java:compactDB(356)) - Container 3 is closed with bcsId 29.
2019-06-15 10:18:57,224 WARN  server.GrpcLogAppender (LogUtils.java:warn(134)) - a67df30a-c15d-4097-b576-6fe853c8cb80: Failed appendEntries to 2ad65335-a15e-4e37-9368-1d6f9b619238:192.168.46.52:42867: org.apache.ratis.thirdparty.io.grpc.StatusRuntimeException: UNAVAILABLE: io exception
2019-06-15 10:18:57,225 INFO  interfaces.Container (KeyValueContainer.java:compactDB(356)) - Container 3 is closed with bcsId 29.
2019-06-15 10:18:57,226 INFO  impl.FollowerInfo (FollowerInfo.java:lambda$new$0(50)) - a67df30a-c15d-4097-b576-6fe853c8cb80->2ad65335-a15e-4e37-9368-1d6f9b619238: nextIndex: updateUnconditionally 1 -> 0
2019-06-15 10:18:57,228 WARN  server.GrpcLogAppender (LogUtils.java:warn(134)) - a67df30a-c15d-4097-b576-6fe853c8cb80: Failed appendEntries to 2ad65335-a15e-4e37-9368-1d6f9b619238:192.168.46.52:42867: org.apache.ratis.thirdparty.io.grpc.StatusRuntimeException: UNAVAILABLE: io exception
2019-06-15 10:18:57,231 INFO  impl.FollowerInfo (FollowerInfo.java:lambda$new$0(50)) - a67df30a-c15d-4097-b576-6fe853c8cb80->2ad65335-a15e-4e37-9368-1d6f9b619238: nextIndex: updateUnconditionally 1 -> 0
2019-06-15 10:18:57,232 WARN  server.GrpcLogAppender (LogUtils.java:warn(134)) - a67df30a-c15d-4097-b576-6fe853c8cb80: Failed appendEntries to 2ad65335-a15e-4e37-9368-1d6f9b619238:192.168.46.52:42867: org.apache.ratis.thirdparty.io.grpc.StatusRuntimeException: UNAVAILABLE: io exception
2019-06-15 10:18:57,235 INFO  impl.FollowerInfo (FollowerInfo.java:lambda$new$0(50)) - a67df30a-c15d-4097-b576-6fe853c8cb80->2ad65335-a15e-4e37-9368-1d6f9b619238: nextIndex: updateUnconditionally 1 -> 0
2019-06-15 10:18:57,236 INFO  interfaces.Container (KeyValueContainer.java:compactDB(356)) - Container 5 is closed with bcsId 42.
2019-06-15 10:18:57,241 INFO  interfaces.Container (KeyValueContainer.java:compactDB(356)) - Container 5 is closed with bcsId 42.
2019-06-15 10:18:57,733 WARN  server.GrpcLogAppender (LogUtils.java:warn(134)) - a67df30a-c15d-4097-b576-6fe853c8cb80: Failed appendEntries to 2ad65335-a15e-4e37-9368-1d6f9b619238:192.168.46.52:42867: org.apache.ratis.thirdparty.io.grpc.StatusRuntimeException: UNAVAILABLE: io exception
2019-06-15 10:18:57,736 INFO  impl.FollowerInfo (FollowerInfo.java:lambda$new$0(50)) - a67df30a-c15d-4097-b576-6fe853c8cb80->2ad65335-a15e-4e37-9368-1d6f9b619238: nextIndex: updateUnconditionally 0 -> 0
2019-06-15 10:18:58,237 WARN  server.GrpcLogAppender (LogUtils.java:warn(134)) - a67df30a-c15d-4097-b576-6fe853c8cb80: Failed appendEntries to 2ad65335-a15e-4e37-9368-1d6f9b619238:192.168.46.52:42867: org.apache.ratis.thirdparty.io.grpc.StatusRuntimeException: UNAVAILABLE: io exception
2019-06-15 10:18:58,240 INFO  impl.FollowerInfo (FollowerInfo.java:lambda$new$0(50)) - a67df30a-c15d-4097-b576-6fe853c8cb80->2ad65335-a15e-4e37-9368-1d6f9b619238: nextIndex: updateUnconditionally 0 -> 0
2019-06-15 10:18:58,734 WARN  server.GrpcLogAppender (LogUtils.java:warn(134)) - a67df30a-c15d-4097-b576-6fe853c8cb80: Failed appendEntries to 2ad65335-a15e-4e37-9368-1d6f9b619238:192.168.46.52:42867: org.apache.ratis.thirdparty.io.grpc.StatusRuntimeException: UNAVAILABLE: io exception
2019-06-15 10:18:58,737 INFO  impl.FollowerInfo (FollowerInfo.java:lambda$new$0(50)) - a67df30a-c15d-4097-b576-6fe853c8cb80->2ad65335-a15e-4e37-9368-1d6f9b619238: nextIndex: updateUnconditionally 0 -> 0
2019-06-15 10:18:59,235 WARN  server.GrpcLogAppender (LogUtils.java:warn(134)) - a67df30a-c15d-4097-b576-6fe853c8cb80: Failed appendEntries to 2ad65335-a15e-4e37-9368-1d6f9b619238:192.168.46.52:42867: org.apache.ratis.thirdparty.io.grpc.StatusRuntimeException: UNAVAILABLE: io exception
2019-06-15 10:18:59,242 INFO  impl.FollowerInfo (FollowerInfo.java:lambda$new$0(50)) - a67df30a-c15d-4097-b576-6fe853c8cb80->2ad65335-a15e-4e37-9368-1d6f9b619238: nextIndex: updateUnconditionally 0 -> 0
2019-06-15 10:18:59,735 WARN  server.GrpcLogAppender (LogUtils.java:warn(134)) - a67df30a-c15d-4097-b576-6fe853c8cb80: Failed appendEntries to 2ad65335-a15e-4e37-9368-1d6f9b619238:192.168.46.52:42867: org.apache.ratis.thirdparty.io.grpc.StatusRuntimeException: UNAVAILABLE: io exception
2019-06-15 10:18:59,736 INFO  impl.FollowerInfo (FollowerInfo.java:lambda$new$0(50)) - a67df30a-c15d-4097-b576-6fe853c8cb80->2ad65335-a15e-4e37-9368-1d6f9b619238: nextIndex: updateUnconditionally 0 -> 0
2019-06-15 10:19:00,236 WARN  server.GrpcLogAppender (LogUtils.java:warn(134)) - a67df30a-c15d-4097-b576-6fe853c8cb80: Failed appendEntries to 2ad65335-a15e-4e37-9368-1d6f9b619238:192.168.46.52:42867: org.apache.ratis.thirdparty.io.grpc.StatusRuntimeException: UNAVAILABLE: io exception
2019-06-15 10:19:00,236 INFO  impl.FollowerInfo (FollowerInfo.java:lambda$new$0(50)) - a67df30a-c15d-4097-b576-6fe853c8cb80->2ad65335-a15e-4e37-9368-1d6f9b619238: nextIndex: updateUnconditionally 0 -> 0
2019-06-15 10:19:00,736 WARN  server.GrpcLogAppender (LogUtils.java:warn(134)) - a67df30a-c15d-4097-b576-6fe853c8cb80: Failed appendEntries to 2ad65335-a15e-4e37-9368-1d6f9b619238:192.168.46.52:42867: org.apache.ratis.thirdparty.io.grpc.StatusRuntimeException: UNAVAILABLE: io exception
2019-06-15 10:19:00,737 INFO  impl.FollowerInfo (FollowerInfo.java:lambda$new$0(50)) - a67df30a-c15d-4097-b576-6fe853c8cb80->2ad65335-a15e-4e37-9368-1d6f9b619238: nextIndex: updateUnconditionally 0 -> 0
2019-06-15 10:19:00,862 INFO  client.GrpcClientProtocolService (GrpcClientProtocolService.java:lambda$processClientRequest$0(264)) - Failed RaftClientRequest:client-96032EE2A90F->2d11b312-9f22-4a93-a0fc-762107e6cc36@group-FF8871A9387B, cid=103, seq=0, Watch-ALL_COMMITTED(42), Message:<EMPTY>, reply=RaftClientReply:client-96032EE2A90F->2d11b312-9f22-4a93-a0fc-762107e6cc36@group-FF8871A9387B, cid=103, FAILED org.apache.ratis.protocol.NotLeaderException: Server 2d11b312-9f22-4a93-a0fc-762107e6cc36 is not the leader (a67df30a-c15d-4097-b576-6fe853c8cb80:192.168.46.52:36803). Request must be sent to leader., logIndex=0, commits[2d11b312-9f22-4a93-a0fc-762107e6cc36:c51, 2ad65335-a15e-4e37-9368-1d6f9b619238:c37, a67df30a-c15d-4097-b576-6fe853c8cb80:c51]
2019-06-15 10:19:00,867 INFO  client.GrpcClientProtocolService (GrpcClientProtocolService.java:lambda$processClientRequest$0(264)) - Failed RaftClientRequest:client-96032EE2A90F->2d11b312-9f22-4a93-a0fc-762107e6cc36@group-FF8871A9387B, cid=101, seq=0, Watch-ALL_COMMITTED(40), Message:<EMPTY>, reply=RaftClientReply:client-96032EE2A90F->2d11b312-9f22-4a93-a0fc-762107e6cc36@group-FF8871A9387B, cid=101, FAILED org.apache.ratis.protocol.NotLeaderException: Server 2d11b312-9f22-4a93-a0fc-762107e6cc36 is not the leader (a67df30a-c15d-4097-b576-6fe853c8cb80:192.168.46.52:36803). Request must be sent to leader., logIndex=0, commits[2d11b312-9f22-4a93-a0fc-762107e6cc36:c51, 2ad65335-a15e-4e37-9368-1d6f9b619238:c37, a67df30a-c15d-4097-b576-6fe853c8cb80:c51]
2019-06-15 10:19:00,867 INFO  client.GrpcClientProtocolClient (GrpcClientProtocolClient.java:onNext(254)) - client-96032EE2A90F->2d11b312-9f22-4a93-a0fc-762107e6cc36: receive RaftClientReply:client-96032EE2A90F->2d11b312-9f22-4a93-a0fc-762107e6cc36@group-FF8871A9387B, cid=103, FAILED org.apache.ratis.protocol.NotLeaderException: Server 2d11b312-9f22-4a93-a0fc-762107e6cc36 is not the leader (a67df30a-c15d-4097-b576-6fe853c8cb80:192.168.46.52:36803). Request must be sent to leader., logIndex=0, commits[2d11b312-9f22-4a93-a0fc-762107e6cc36:c51, 2ad65335-a15e-4e37-9368-1d6f9b619238:c37, a67df30a-c15d-4097-b576-6fe853c8cb80:c51]
2019-06-15 10:19:00,871 INFO  client.GrpcClientProtocolClient (GrpcClientProtocolClient.java:onNext(254)) - client-96032EE2A90F->2d11b312-9f22-4a93-a0fc-762107e6cc36: receive RaftClientReply:client-96032EE2A90F->2d11b312-9f22-4a93-a0fc-762107e6cc36@group-FF8871A9387B, cid=101, FAILED org.apache.ratis.protocol.NotLeaderException: Server 2d11b312-9f22-4a93-a0fc-762107e6cc36 is not the leader (a67df30a-c15d-4097-b576-6fe853c8cb80:192.168.46.52:36803). Request must be sent to leader., logIndex=0, commits[2d11b312-9f22-4a93-a0fc-762107e6cc36:c51, 2ad65335-a15e-4e37-9368-1d6f9b619238:c37, a67df30a-c15d-4097-b576-6fe853c8cb80:c51]
2019-06-15 10:19:00,871 WARN  client.GrpcClientProtocolService (LogUtils.java:warn(134)) - 2-UnorderedRequestStreamObserver2: onError: org.apache.ratis.thirdparty.io.grpc.StatusRuntimeException: CANCELLED: cancelled before receiving half close
2019-06-15 10:19:01,239 WARN  server.GrpcLogAppender (LogUtils.java:warn(134)) - a67df30a-c15d-4097-b576-6fe853c8cb80: Failed appendEntries to 2ad65335-a15e-4e37-9368-1d6f9b619238:192.168.46.52:42867: org.apache.ratis.thirdparty.io.grpc.StatusRuntimeException: UNAVAILABLE: io exception
2019-06-15 10:19:01,239 INFO  impl.FollowerInfo (FollowerInfo.java:lambda$new$0(50)) - a67df30a-c15d-4097-b576-6fe853c8cb80->2ad65335-a15e-4e37-9368-1d6f9b619238: nextIndex: updateUnconditionally 0 -> 0
2019-06-15 10:19:01,737 WARN  server.GrpcLogAppender (LogUtils.java:warn(134)) - a67df30a-c15d-4097-b576-6fe853c8cb80: Failed appendEntries to 2ad65335-a15e-4e37-9368-1d6f9b619238:192.168.46.52:42867: org.apache.ratis.thirdparty.io.grpc.StatusRuntimeException: UNAVAILABLE: io exception
2019-06-15 10:19:01,738 INFO  impl.FollowerInfo (FollowerInfo.java:lambda$new$0(50)) - a67df30a-c15d-4097-b576-6fe853c8cb80->2ad65335-a15e-4e37-9368-1d6f9b619238: nextIndex: updateUnconditionally 0 -> 0
2019-06-15 10:19:01,850 WARN  scm.XceiverClientRatis (XceiverClientRatis.java:watchForCommit(260)) - 3 way commit failed 
java.util.concurrent.TimeoutException
	at java.util.concurrent.CompletableFuture.timedGet(CompletableFuture.java:1771)
	at java.util.concurrent.CompletableFuture.get(CompletableFuture.java:1915)
	at org.apache.hadoop.hdds.scm.XceiverClientRatis.watchForCommit(XceiverClientRatis.java:257)
	at org.apache.hadoop.hdds.scm.storage.CommitWatcher.watchForCommit(CommitWatcher.java:194)
	at org.apache.hadoop.hdds.scm.storage.CommitWatcher.watchOnLastIndex(CommitWatcher.java:157)
	at org.apache.hadoop.hdds.scm.storage.BlockOutputStream.watchForCommit(BlockOutputStream.java:355)
	at org.apache.hadoop.hdds.scm.storage.BlockOutputStream.handleFlush(BlockOutputStream.java:486)
	at org.apache.hadoop.hdds.scm.storage.BlockOutputStream.close(BlockOutputStream.java:500)
	at org.apache.hadoop.ozone.client.io.BlockOutputStreamEntry.close(BlockOutputStreamEntry.java:143)
	at org.apache.hadoop.ozone.client.io.KeyOutputStream.handleFlushOrClose(KeyOutputStream.java:438)
	at org.apache.hadoop.ozone.client.io.KeyOutputStream.handleWrite(KeyOutputStream.java:235)
	at org.apache.hadoop.ozone.client.io.KeyOutputStream.write(KeyOutputStream.java:193)
	at org.apache.hadoop.ozone.client.io.OzoneOutputStream.write(OzoneOutputStream.java:49)
	at java.io.OutputStream.write(OutputStream.java:75)
	at org.apache.hadoop.ozone.client.rpc.TestFailureHandlingByClient.testMultiBlockWritesWithIntermittentDnFailures(TestFailureHandlingByClient.java:237)
	at sun.reflect.NativeMethodAccessorImpl.invoke0(Native Method)
	at sun.reflect.NativeMethodAccessorImpl.invoke(NativeMethodAccessorImpl.java:62)
	at sun.reflect.DelegatingMethodAccessorImpl.invoke(DelegatingMethodAccessorImpl.java:43)
	at java.lang.reflect.Method.invoke(Method.java:498)
	at org.junit.runners.model.FrameworkMethod$1.runReflectiveCall(FrameworkMethod.java:47)
	at org.junit.internal.runners.model.ReflectiveCallable.run(ReflectiveCallable.java:12)
	at org.junit.runners.model.FrameworkMethod.invokeExplosively(FrameworkMethod.java:44)
	at org.junit.internal.runners.statements.InvokeMethod.evaluate(InvokeMethod.java:17)
	at org.junit.runners.ParentRunner.runLeaf(ParentRunner.java:271)
	at org.junit.runners.BlockJUnit4ClassRunner.runChild(BlockJUnit4ClassRunner.java:70)
	at org.junit.runners.BlockJUnit4ClassRunner.runChild(BlockJUnit4ClassRunner.java:50)
	at org.junit.runners.ParentRunner$3.run(ParentRunner.java:238)
	at org.junit.runners.ParentRunner$1.schedule(ParentRunner.java:63)
	at org.junit.runners.ParentRunner.runChildren(ParentRunner.java:236)
	at org.junit.runners.ParentRunner.access$000(ParentRunner.java:53)
	at org.junit.runners.ParentRunner$2.evaluate(ParentRunner.java:229)
	at org.junit.runners.ParentRunner.run(ParentRunner.java:309)
	at org.apache.maven.surefire.junit4.JUnit4Provider.execute(JUnit4Provider.java:365)
	at org.apache.maven.surefire.junit4.JUnit4Provider.executeWithRerun(JUnit4Provider.java:273)
	at org.apache.maven.surefire.junit4.JUnit4Provider.executeTestSet(JUnit4Provider.java:238)
	at org.apache.maven.surefire.junit4.JUnit4Provider.invoke(JUnit4Provider.java:159)
	at org.apache.maven.surefire.booter.ForkedBooter.invokeProviderInSameClassLoader(ForkedBooter.java:384)
	at org.apache.maven.surefire.booter.ForkedBooter.runSuitesInProcess(ForkedBooter.java:345)
	at org.apache.maven.surefire.booter.ForkedBooter.execute(ForkedBooter.java:126)
	at org.apache.maven.surefire.booter.ForkedBooter.main(ForkedBooter.java:418)
2019-06-15 10:19:01,856 INFO  client.GrpcClientProtocolClient (GrpcClientProtocolClient.java:onNext(254)) - client-96032EE2A90F->a67df30a-c15d-4097-b576-6fe853c8cb80: receive RaftClientReply:client-96032EE2A90F->a67df30a-c15d-4097-b576-6fe853c8cb80@group-FF8871A9387B, cid=104, SUCCESS, logIndex=0, commits[a67df30a-c15d-4097-b576-6fe853c8cb80:c51, 2ad65335-a15e-4e37-9368-1d6f9b619238:c37, 2d11b312-9f22-4a93-a0fc-762107e6cc36:c51]
2019-06-15 10:19:01,856 INFO  scm.XceiverClientRatis (XceiverClientRatis.java:lambda$watchForCommit$7(278)) - Could not commit 42 to all the nodes. Server 2ad65335-a15e-4e37-9368-1d6f9b619238 has failed. Committed by majority.
2019-06-15 10:19:02,238 WARN  server.GrpcLogAppender (LogUtils.java:warn(134)) - a67df30a-c15d-4097-b576-6fe853c8cb80: Failed appendEntries to 2ad65335-a15e-4e37-9368-1d6f9b619238:192.168.46.52:42867: org.apache.ratis.thirdparty.io.grpc.StatusRuntimeException: UNAVAILABLE: io exception
2019-06-15 10:19:02,238 INFO  impl.FollowerInfo (FollowerInfo.java:lambda$new$0(50)) - a67df30a-c15d-4097-b576-6fe853c8cb80->2ad65335-a15e-4e37-9368-1d6f9b619238: nextIndex: updateUnconditionally 0 -> 0
2019-06-15 10:19:02,674 INFO  client.GrpcClientProtocolService (GrpcClientProtocolService.java:lambda$processClientRequest$0(264)) - Failed RaftClientRequest:client-96032EE2A90F->a67df30a-c15d-4097-b576-6fe853c8cb80@group-FF8871A9387B, cid=101, seq=0, Watch-ALL_COMMITTED(40), Message:<EMPTY>, reply=RaftClientReply:client-96032EE2A90F->a67df30a-c15d-4097-b576-6fe853c8cb80@group-FF8871A9387B, cid=101, FAILED org.apache.ratis.protocol.NotReplicatedException: Request with call Id 101 and log index 40 is not yet replicated to ALL_COMMITTED, logIndex=40, commits[a67df30a-c15d-4097-b576-6fe853c8cb80:c51, 2ad65335-a15e-4e37-9368-1d6f9b619238:c37, 2d11b312-9f22-4a93-a0fc-762107e6cc36:c51]
2019-06-15 10:19:02,738 WARN  server.GrpcLogAppender (LogUtils.java:warn(134)) - a67df30a-c15d-4097-b576-6fe853c8cb80: Failed appendEntries to 2ad65335-a15e-4e37-9368-1d6f9b619238:192.168.46.52:42867: org.apache.ratis.thirdparty.io.grpc.StatusRuntimeException: UNAVAILABLE: io exception
2019-06-15 10:19:02,739 INFO  impl.FollowerInfo (FollowerInfo.java:lambda$new$0(50)) - a67df30a-c15d-4097-b576-6fe853c8cb80->2ad65335-a15e-4e37-9368-1d6f9b619238: nextIndex: updateUnconditionally 0 -> 0
2019-06-15 10:19:02,874 INFO  client.GrpcClientProtocolClient (GrpcClientProtocolClient.java:onNext(254)) - client-AA66233FDC55->2d11b312-9f22-4a93-a0fc-762107e6cc36: receive RaftClientReply:client-AA66233FDC55->2d11b312-9f22-4a93-a0fc-762107e6cc36@group-FF8871A9387B, cid=105, FAILED org.apache.ratis.protocol.NotLeaderException: Server 2d11b312-9f22-4a93-a0fc-762107e6cc36 is not the leader (a67df30a-c15d-4097-b576-6fe853c8cb80:192.168.46.52:36803). Request must be sent to leader., logIndex=0, commits[2d11b312-9f22-4a93-a0fc-762107e6cc36:c51, 2ad65335-a15e-4e37-9368-1d6f9b619238:c37, a67df30a-c15d-4097-b576-6fe853c8cb80:c51]
2019-06-15 10:19:02,876 ERROR client.GrpcClientRpc (GrpcClientRpc.java:sendRequestAsyncUnordered(82)) - client-96032EE2A90F: XXX Failed RaftClientRequest:client-96032EE2A90F->2ad65335-a15e-4e37-9368-1d6f9b619238@group-FF8871A9387B, cid=101, seq=0, Watch-ALL_COMMITTED(40), null
org.apache.ratis.protocol.AlreadyClosedException: client-96032EE2A90F is already CLOSED
	at org.apache.ratis.util.PeerProxyMap$PeerAndProxy.getProxy(PeerProxyMap.java:58)
	at org.apache.ratis.util.PeerProxyMap.getProxy(PeerProxyMap.java:107)
	at org.apache.ratis.grpc.client.GrpcClientRpc.sendRequestAsyncUnordered(GrpcClientRpc.java:78)
	at org.apache.ratis.client.impl.UnorderedAsync.sendRequestWithRetry(UnorderedAsync.java:73)
	at org.apache.ratis.client.impl.UnorderedAsync.lambda$null$2(UnorderedAsync.java:113)
	at org.apache.ratis.util.TimeoutScheduler.lambda$onTimeout$0(TimeoutScheduler.java:85)
	at org.apache.ratis.util.TimeoutScheduler.lambda$onTimeout$1(TimeoutScheduler.java:104)
	at org.apache.ratis.util.LogUtils.runAndLog(LogUtils.java:50)
	at org.apache.ratis.util.LogUtils$1.run(LogUtils.java:91)
	at java.util.concurrent.Executors$RunnableAdapter.call(Executors.java:511)
	at java.util.concurrent.FutureTask.run(FutureTask.java:266)
	at java.util.concurrent.ScheduledThreadPoolExecutor$ScheduledFutureTask.access$201(ScheduledThreadPoolExecutor.java:180)
	at java.util.concurrent.ScheduledThreadPoolExecutor$ScheduledFutureTask.run(ScheduledThreadPoolExecutor.java:293)
	at java.util.concurrent.ThreadPoolExecutor.runWorker(ThreadPoolExecutor.java:1149)
	at java.util.concurrent.ThreadPoolExecutor$Worker.run(ThreadPoolExecutor.java:624)
	at java.lang.Thread.run(Thread.java:748)
2019-06-15 10:19:02,876 ERROR client.GrpcClientRpc (GrpcClientRpc.java:sendRequestAsyncUnordered(82)) - client-96032EE2A90F: XXX Failed RaftClientRequest:client-96032EE2A90F->2ad65335-a15e-4e37-9368-1d6f9b619238@group-FF8871A9387B, cid=103, seq=0, Watch-ALL_COMMITTED(42), null
org.apache.ratis.protocol.AlreadyClosedException: client-96032EE2A90F is already CLOSED
	at org.apache.ratis.util.PeerProxyMap$PeerAndProxy.getProxy(PeerProxyMap.java:58)
	at org.apache.ratis.util.PeerProxyMap.getProxy(PeerProxyMap.java:107)
	at org.apache.ratis.grpc.client.GrpcClientRpc.sendRequestAsyncUnordered(GrpcClientRpc.java:78)
	at org.apache.ratis.client.impl.UnorderedAsync.sendRequestWithRetry(UnorderedAsync.java:73)
	at org.apache.ratis.client.impl.UnorderedAsync.lambda$null$2(UnorderedAsync.java:113)
	at org.apache.ratis.util.TimeoutScheduler.lambda$onTimeout$0(TimeoutScheduler.java:85)
	at org.apache.ratis.util.TimeoutScheduler.lambda$onTimeout$1(TimeoutScheduler.java:104)
	at org.apache.ratis.util.LogUtils.runAndLog(LogUtils.java:50)
	at org.apache.ratis.util.LogUtils$1.run(LogUtils.java:91)
	at java.util.concurrent.Executors$RunnableAdapter.call(Executors.java:511)
	at java.util.concurrent.FutureTask.run(FutureTask.java:266)
	at java.util.concurrent.ScheduledThreadPoolExecutor$ScheduledFutureTask.access$201(ScheduledThreadPoolExecutor.java:180)
	at java.util.concurrent.ScheduledThreadPoolExecutor$ScheduledFutureTask.run(ScheduledThreadPoolExecutor.java:293)
	at java.util.concurrent.ThreadPoolExecutor.runWorker(ThreadPoolExecutor.java:1149)
	at java.util.concurrent.ThreadPoolExecutor$Worker.run(ThreadPoolExecutor.java:624)
	at java.lang.Thread.run(Thread.java:748)
2019-06-15 10:19:02,882 WARN  client.GrpcClientProtocolService (LogUtils.java:warn(134)) - 3-OrderedRequestStreamObserver3: onError: org.apache.ratis.thirdparty.io.grpc.StatusRuntimeException: CANCELLED: cancelled before receiving half close
2019-06-15 10:19:03,242 WARN  server.GrpcLogAppender (LogUtils.java:warn(134)) - a67df30a-c15d-4097-b576-6fe853c8cb80: Failed appendEntries to 2ad65335-a15e-4e37-9368-1d6f9b619238:192.168.46.52:42867: org.apache.ratis.thirdparty.io.grpc.StatusRuntimeException: UNAVAILABLE: io exception
2019-06-15 10:19:03,242 INFO  impl.FollowerInfo (FollowerInfo.java:lambda$new$0(50)) - a67df30a-c15d-4097-b576-6fe853c8cb80->2ad65335-a15e-4e37-9368-1d6f9b619238: nextIndex: updateUnconditionally 0 -> 0
2019-06-15 10:19:03,739 WARN  server.GrpcLogAppender (LogUtils.java:warn(134)) - a67df30a-c15d-4097-b576-6fe853c8cb80: Failed appendEntries to 2ad65335-a15e-4e37-9368-1d6f9b619238:192.168.46.52:42867: org.apache.ratis.thirdparty.io.grpc.StatusRuntimeException: UNAVAILABLE: io exception
2019-06-15 10:19:03,739 INFO  impl.FollowerInfo (FollowerInfo.java:lambda$new$0(50)) - a67df30a-c15d-4097-b576-6fe853c8cb80->2ad65335-a15e-4e37-9368-1d6f9b619238: nextIndex: updateUnconditionally 0 -> 0
2019-06-15 10:19:03,882 ERROR client.GrpcClientRpc (GrpcClientRpc.java:sendRequestAsyncUnordered(82)) - client-96032EE2A90F: XXX Failed RaftClientRequest:client-96032EE2A90F->2d11b312-9f22-4a93-a0fc-762107e6cc36@group-FF8871A9387B, cid=103, seq=0, Watch-ALL_COMMITTED(42), null
org.apache.ratis.protocol.AlreadyClosedException: client-96032EE2A90F is already CLOSED
	at org.apache.ratis.util.PeerProxyMap$PeerAndProxy.getProxy(PeerProxyMap.java:58)
	at org.apache.ratis.util.PeerProxyMap.getProxy(PeerProxyMap.java:107)
	at org.apache.ratis.grpc.client.GrpcClientRpc.sendRequestAsyncUnordered(GrpcClientRpc.java:78)
	at org.apache.ratis.client.impl.UnorderedAsync.sendRequestWithRetry(UnorderedAsync.java:73)
	at org.apache.ratis.client.impl.UnorderedAsync.lambda$null$2(UnorderedAsync.java:113)
	at org.apache.ratis.util.TimeoutScheduler.lambda$onTimeout$0(TimeoutScheduler.java:85)
	at org.apache.ratis.util.TimeoutScheduler.lambda$onTimeout$1(TimeoutScheduler.java:104)
	at org.apache.ratis.util.LogUtils.runAndLog(LogUtils.java:50)
	at org.apache.ratis.util.LogUtils$1.run(LogUtils.java:91)
	at java.util.concurrent.Executors$RunnableAdapter.call(Executors.java:511)
	at java.util.concurrent.FutureTask.run(FutureTask.java:266)
	at java.util.concurrent.ScheduledThreadPoolExecutor$ScheduledFutureTask.access$201(ScheduledThreadPoolExecutor.java:180)
	at java.util.concurrent.ScheduledThreadPoolExecutor$ScheduledFutureTask.run(ScheduledThreadPoolExecutor.java:293)
	at java.util.concurrent.ThreadPoolExecutor.runWorker(ThreadPoolExecutor.java:1149)
	at java.util.concurrent.ThreadPoolExecutor$Worker.run(ThreadPoolExecutor.java:624)
	at java.lang.Thread.run(Thread.java:748)
2019-06-15 10:19:04,240 WARN  server.GrpcLogAppender (LogUtils.java:warn(134)) - a67df30a-c15d-4097-b576-6fe853c8cb80: Failed appendEntries to 2ad65335-a15e-4e37-9368-1d6f9b619238:192.168.46.52:42867: org.apache.ratis.thirdparty.io.grpc.StatusRuntimeException: UNAVAILABLE: io exception
2019-06-15 10:19:04,240 INFO  impl.FollowerInfo (FollowerInfo.java:lambda$new$0(50)) - a67df30a-c15d-4097-b576-6fe853c8cb80->2ad65335-a15e-4e37-9368-1d6f9b619238: nextIndex: updateUnconditionally 0 -> 0
2019-06-15 10:19:04,740 WARN  server.GrpcLogAppender (LogUtils.java:warn(134)) - a67df30a-c15d-4097-b576-6fe853c8cb80: Failed appendEntries to 2ad65335-a15e-4e37-9368-1d6f9b619238:192.168.46.52:42867: org.apache.ratis.thirdparty.io.grpc.StatusRuntimeException: UNAVAILABLE: io exception
2019-06-15 10:19:04,740 INFO  impl.FollowerInfo (FollowerInfo.java:lambda$new$0(50)) - a67df30a-c15d-4097-b576-6fe853c8cb80->2ad65335-a15e-4e37-9368-1d6f9b619238: nextIndex: updateUnconditionally 0 -> 0
2019-06-15 10:19:04,894 INFO  client.GrpcClientProtocolClient (GrpcClientProtocolClient.java:onNext(254)) - client-AA66233FDC55->2d11b312-9f22-4a93-a0fc-762107e6cc36: receive RaftClientReply:client-AA66233FDC55->2d11b312-9f22-4a93-a0fc-762107e6cc36@group-FF8871A9387B, cid=105, FAILED org.apache.ratis.protocol.NotLeaderException: Server 2d11b312-9f22-4a93-a0fc-762107e6cc36 is not the leader (a67df30a-c15d-4097-b576-6fe853c8cb80:192.168.46.52:36803). Request must be sent to leader., logIndex=0, commits[2d11b312-9f22-4a93-a0fc-762107e6cc36:c51, 2ad65335-a15e-4e37-9368-1d6f9b619238:c37, a67df30a-c15d-4097-b576-6fe853c8cb80:c51]
2019-06-15 10:19:04,897 WARN  client.GrpcClientProtocolService (LogUtils.java:warn(134)) - 4-OrderedRequestStreamObserver4: onError: org.apache.ratis.thirdparty.io.grpc.StatusRuntimeException: CANCELLED: cancelled before receiving half close
2019-06-15 10:19:05,241 WARN  server.GrpcLogAppender (LogUtils.java:warn(134)) - a67df30a-c15d-4097-b576-6fe853c8cb80: Failed appendEntries to 2ad65335-a15e-4e37-9368-1d6f9b619238:192.168.46.52:42867: org.apache.ratis.thirdparty.io.grpc.StatusRuntimeException: UNAVAILABLE: io exception
2019-06-15 10:19:05,241 INFO  impl.FollowerInfo (FollowerInfo.java:lambda$new$0(50)) - a67df30a-c15d-4097-b576-6fe853c8cb80->2ad65335-a15e-4e37-9368-1d6f9b619238: nextIndex: updateUnconditionally 0 -> 0
2019-06-15 10:19:05,741 WARN  server.GrpcLogAppender (LogUtils.java:warn(134)) - a67df30a-c15d-4097-b576-6fe853c8cb80: Failed appendEntries to 2ad65335-a15e-4e37-9368-1d6f9b619238:192.168.46.52:42867: org.apache.ratis.thirdparty.io.grpc.StatusRuntimeException: UNAVAILABLE: io exception
2019-06-15 10:19:05,742 INFO  impl.FollowerInfo (FollowerInfo.java:lambda$new$0(50)) - a67df30a-c15d-4097-b576-6fe853c8cb80->2ad65335-a15e-4e37-9368-1d6f9b619238: nextIndex: updateUnconditionally 0 -> 0
10:19:05.903 [grpc-default-executor-0] ERROR DNAudit - user=null | ip=null | op=WRITE_CHUNK {blockData=conID: 1 locID: 102275083355881487 bcsId: 0} | ret=FAILURE
org.apache.hadoop.hdds.scm.container.common.helpers.ContainerNotOpenException: Container 1 in CLOSED state
	at org.apache.hadoop.ozone.container.common.impl.HddsDispatcher.validateContainerCommand(HddsDispatcher.java:408) ~[hadoop-hdds-container-service-0.5.0-SNAPSHOT.jar:?]
	at org.apache.hadoop.ozone.container.common.transport.server.ratis.ContainerStateMachine.startTransaction(ContainerStateMachine.java:269) ~[hadoop-hdds-container-service-0.5.0-SNAPSHOT.jar:?]
	at org.apache.ratis.server.impl.RaftServerImpl.submitClientRequestAsync(RaftServerImpl.java:550) ~[ratis-server-0.4.0-fe2b15d-SNAPSHOT.jar:0.4.0-fe2b15d-SNAPSHOT]
	at org.apache.ratis.server.impl.RaftServerProxy.lambda$submitClientRequestAsync$7(RaftServerProxy.java:333) ~[ratis-server-0.4.0-fe2b15d-SNAPSHOT.jar:0.4.0-fe2b15d-SNAPSHOT]
	at org.apache.ratis.server.impl.RaftServerProxy.lambda$null$5(RaftServerProxy.java:328) ~[ratis-server-0.4.0-fe2b15d-SNAPSHOT.jar:0.4.0-fe2b15d-SNAPSHOT]
	at org.apache.ratis.util.JavaUtils.callAsUnchecked(JavaUtils.java:109) ~[ratis-common-0.4.0-fe2b15d-SNAPSHOT.jar:0.4.0-fe2b15d-SNAPSHOT]
	at org.apache.ratis.server.impl.RaftServerProxy.lambda$submitRequest$6(RaftServerProxy.java:328) ~[ratis-server-0.4.0-fe2b15d-SNAPSHOT.jar:0.4.0-fe2b15d-SNAPSHOT]
	at java.util.concurrent.CompletableFuture.uniComposeStage(CompletableFuture.java:981) ~[?:1.8.0_212]
	at java.util.concurrent.CompletableFuture.thenCompose(CompletableFuture.java:2124) ~[?:1.8.0_212]
	at org.apache.ratis.server.impl.RaftServerProxy.submitRequest(RaftServerProxy.java:327) ~[ratis-server-0.4.0-fe2b15d-SNAPSHOT.jar:0.4.0-fe2b15d-SNAPSHOT]
	at org.apache.ratis.server.impl.RaftServerProxy.submitClientRequestAsync(RaftServerProxy.java:333) ~[ratis-server-0.4.0-fe2b15d-SNAPSHOT.jar:0.4.0-fe2b15d-SNAPSHOT]
	at org.apache.ratis.grpc.client.GrpcClientProtocolService$RequestStreamObserver.processClientRequest(GrpcClientProtocolService.java:206) ~[ratis-grpc-0.4.0-fe2b15d-SNAPSHOT.jar:0.4.0-fe2b15d-SNAPSHOT]
	at org.apache.ratis.grpc.client.GrpcClientProtocolService$OrderedRequestStreamObserver.processClientRequest(GrpcClientProtocolService.java:306) ~[ratis-grpc-0.4.0-fe2b15d-SNAPSHOT.jar:0.4.0-fe2b15d-SNAPSHOT]
	at org.apache.ratis.util.SlidingWindow$Server.processRequestsFromHead(SlidingWindow.java:399) [ratis-common-0.4.0-fe2b15d-SNAPSHOT.jar:0.4.0-fe2b15d-SNAPSHOT]
	at org.apache.ratis.util.SlidingWindow$Server.receivedRequest(SlidingWindow.java:391) [ratis-common-0.4.0-fe2b15d-SNAPSHOT.jar:0.4.0-fe2b15d-SNAPSHOT]
	at org.apache.ratis.grpc.client.GrpcClientProtocolService$OrderedRequestStreamObserver.processClientRequest(GrpcClientProtocolService.java:312) [ratis-grpc-0.4.0-fe2b15d-SNAPSHOT.jar:0.4.0-fe2b15d-SNAPSHOT]
	at org.apache.ratis.grpc.client.GrpcClientProtocolService$RequestStreamObserver.onNext(GrpcClientProtocolService.java:226) [ratis-grpc-0.4.0-fe2b15d-SNAPSHOT.jar:0.4.0-fe2b15d-SNAPSHOT]
	at org.apache.ratis.grpc.client.GrpcClientProtocolService$RequestStreamObserver.onNext(GrpcClientProtocolService.java:154) [ratis-grpc-0.4.0-fe2b15d-SNAPSHOT.jar:0.4.0-fe2b15d-SNAPSHOT]
	at org.apache.ratis.thirdparty.io.grpc.stub.ServerCalls$StreamingServerCallHandler$StreamingServerCallListener.onMessage(ServerCalls.java:248) [ratis-thirdparty-misc-0.2.0.jar:0.2.0]
	at org.apache.ratis.thirdparty.io.grpc.internal.ServerCallImpl$ServerStreamListenerImpl.messagesAvailable(ServerCallImpl.java:263) [ratis-thirdparty-misc-0.2.0.jar:0.2.0]
	at org.apache.ratis.thirdparty.io.grpc.internal.ServerImpl$JumpToApplicationThreadServerStreamListener$1MessagesAvailable.runInContext(ServerImpl.java:686) [ratis-thirdparty-misc-0.2.0.jar:0.2.0]
	at org.apache.ratis.thirdparty.io.grpc.internal.ContextRunnable.run(ContextRunnable.java:37) [ratis-thirdparty-misc-0.2.0.jar:0.2.0]
	at org.apache.ratis.thirdparty.io.grpc.internal.SerializingExecutor.run(SerializingExecutor.java:123) [ratis-thirdparty-misc-0.2.0.jar:0.2.0]
	at java.util.concurrent.ThreadPoolExecutor.runWorker(ThreadPoolExecutor.java:1149) [?:1.8.0_212]
	at java.util.concurrent.ThreadPoolExecutor$Worker.run(ThreadPoolExecutor.java:624) [?:1.8.0_212]
	at java.lang.Thread.run(Thread.java:748) [?:1.8.0_212]
2019-06-15 10:19:05,911 INFO  client.GrpcClientProtocolClient (GrpcClientProtocolClient.java:onNext(254)) - client-AA66233FDC55->a67df30a-c15d-4097-b576-6fe853c8cb80: receive RaftClientReply:client-AA66233FDC55->a67df30a-c15d-4097-b576-6fe853c8cb80@group-FF8871A9387B, cid=105, FAILED org.apache.ratis.protocol.StateMachineException: org.apache.hadoop.hdds.scm.container.common.helpers.ContainerNotOpenException from Server a67df30a-c15d-4097-b576-6fe853c8cb80: Container 1 in CLOSED state, logIndex=0, commits[a67df30a-c15d-4097-b576-6fe853c8cb80:c51, 2ad65335-a15e-4e37-9368-1d6f9b619238:c37, 2d11b312-9f22-4a93-a0fc-762107e6cc36:c51]
10:19:05.914 [grpc-default-executor-3] ERROR DNAudit - user=null | ip=null | op=PUT_BLOCK {blockData=[blockId=conID: 1 locID: 102275083355881487 bcsId: 0,size=1048576]} | ret=FAILURE
org.apache.hadoop.hdds.scm.container.common.helpers.ContainerNotOpenException: Container 1 in CLOSED state
	at org.apache.hadoop.ozone.container.common.impl.HddsDispatcher.validateContainerCommand(HddsDispatcher.java:408) ~[hadoop-hdds-container-service-0.5.0-SNAPSHOT.jar:?]
	at org.apache.hadoop.ozone.container.common.transport.server.ratis.ContainerStateMachine.startTransaction(ContainerStateMachine.java:269) ~[hadoop-hdds-container-service-0.5.0-SNAPSHOT.jar:?]
	at org.apache.ratis.server.impl.RaftServerImpl.submitClientRequestAsync(RaftServerImpl.java:550) ~[ratis-server-0.4.0-fe2b15d-SNAPSHOT.jar:0.4.0-fe2b15d-SNAPSHOT]
	at org.apache.ratis.server.impl.RaftServerProxy.lambda$submitClientRequestAsync$7(RaftServerProxy.java:333) ~[ratis-server-0.4.0-fe2b15d-SNAPSHOT.jar:0.4.0-fe2b15d-SNAPSHOT]
	at org.apache.ratis.server.impl.RaftServerProxy.lambda$null$5(RaftServerProxy.java:328) ~[ratis-server-0.4.0-fe2b15d-SNAPSHOT.jar:0.4.0-fe2b15d-SNAPSHOT]
	at org.apache.ratis.util.JavaUtils.callAsUnchecked(JavaUtils.java:109) ~[ratis-common-0.4.0-fe2b15d-SNAPSHOT.jar:0.4.0-fe2b15d-SNAPSHOT]
	at org.apache.ratis.server.impl.RaftServerProxy.lambda$submitRequest$6(RaftServerProxy.java:328) ~[ratis-server-0.4.0-fe2b15d-SNAPSHOT.jar:0.4.0-fe2b15d-SNAPSHOT]
	at java.util.concurrent.CompletableFuture.uniComposeStage(CompletableFuture.java:981) ~[?:1.8.0_212]
	at java.util.concurrent.CompletableFuture.thenCompose(CompletableFuture.java:2124) ~[?:1.8.0_212]
	at org.apache.ratis.server.impl.RaftServerProxy.submitRequest(RaftServerProxy.java:327) ~[ratis-server-0.4.0-fe2b15d-SNAPSHOT.jar:0.4.0-fe2b15d-SNAPSHOT]
	at org.apache.ratis.server.impl.RaftServerProxy.submitClientRequestAsync(RaftServerProxy.java:333) ~[ratis-server-0.4.0-fe2b15d-SNAPSHOT.jar:0.4.0-fe2b15d-SNAPSHOT]
	at org.apache.ratis.grpc.client.GrpcClientProtocolService$RequestStreamObserver.processClientRequest(GrpcClientProtocolService.java:206) ~[ratis-grpc-0.4.0-fe2b15d-SNAPSHOT.jar:0.4.0-fe2b15d-SNAPSHOT]
	at org.apache.ratis.grpc.client.GrpcClientProtocolService$OrderedRequestStreamObserver.processClientRequest(GrpcClientProtocolService.java:306) ~[ratis-grpc-0.4.0-fe2b15d-SNAPSHOT.jar:0.4.0-fe2b15d-SNAPSHOT]
	at org.apache.ratis.util.SlidingWindow$Server.processRequestsFromHead(SlidingWindow.java:399) [ratis-common-0.4.0-fe2b15d-SNAPSHOT.jar:0.4.0-fe2b15d-SNAPSHOT]
	at org.apache.ratis.util.SlidingWindow$Server.receivedRequest(SlidingWindow.java:391) [ratis-common-0.4.0-fe2b15d-SNAPSHOT.jar:0.4.0-fe2b15d-SNAPSHOT]
	at org.apache.ratis.grpc.client.GrpcClientProtocolService$OrderedRequestStreamObserver.processClientRequest(GrpcClientProtocolService.java:312) [ratis-grpc-0.4.0-fe2b15d-SNAPSHOT.jar:0.4.0-fe2b15d-SNAPSHOT]
	at org.apache.ratis.grpc.client.GrpcClientProtocolService$RequestStreamObserver.onNext(GrpcClientProtocolService.java:226) [ratis-grpc-0.4.0-fe2b15d-SNAPSHOT.jar:0.4.0-fe2b15d-SNAPSHOT]
	at org.apache.ratis.grpc.client.GrpcClientProtocolService$RequestStreamObserver.onNext(GrpcClientProtocolService.java:154) [ratis-grpc-0.4.0-fe2b15d-SNAPSHOT.jar:0.4.0-fe2b15d-SNAPSHOT]
	at org.apache.ratis.thirdparty.io.grpc.stub.ServerCalls$StreamingServerCallHandler$StreamingServerCallListener.onMessage(ServerCalls.java:248) [ratis-thirdparty-misc-0.2.0.jar:0.2.0]
	at org.apache.ratis.thirdparty.io.grpc.internal.ServerCallImpl$ServerStreamListenerImpl.messagesAvailable(ServerCallImpl.java:263) [ratis-thirdparty-misc-0.2.0.jar:0.2.0]
	at org.apache.ratis.thirdparty.io.grpc.internal.ServerImpl$JumpToApplicationThreadServerStreamListener$1MessagesAvailable.runInContext(ServerImpl.java:686) [ratis-thirdparty-misc-0.2.0.jar:0.2.0]
	at org.apache.ratis.thirdparty.io.grpc.internal.ContextRunnable.run(ContextRunnable.java:37) [ratis-thirdparty-misc-0.2.0.jar:0.2.0]
	at org.apache.ratis.thirdparty.io.grpc.internal.SerializingExecutor.run(SerializingExecutor.java:123) [ratis-thirdparty-misc-0.2.0.jar:0.2.0]
	at java.util.concurrent.ThreadPoolExecutor.runWorker(ThreadPoolExecutor.java:1149) [?:1.8.0_212]
	at java.util.concurrent.ThreadPoolExecutor$Worker.run(ThreadPoolExecutor.java:624) [?:1.8.0_212]
	at java.lang.Thread.run(Thread.java:748) [?:1.8.0_212]
10:19:05.931 [grpc-default-executor-0] ERROR DNAudit - user=null | ip=null | op=WRITE_CHUNK {blockData=conID: 1 locID: 102275083355881487 bcsId: 0} | ret=FAILURE
org.apache.hadoop.hdds.scm.container.common.helpers.ContainerNotOpenException: Container 1 in CLOSED state
	at org.apache.hadoop.ozone.container.common.impl.HddsDispatcher.validateContainerCommand(HddsDispatcher.java:408) ~[hadoop-hdds-container-service-0.5.0-SNAPSHOT.jar:?]
	at org.apache.hadoop.ozone.container.common.transport.server.ratis.ContainerStateMachine.startTransaction(ContainerStateMachine.java:269) ~[hadoop-hdds-container-service-0.5.0-SNAPSHOT.jar:?]
	at org.apache.ratis.server.impl.RaftServerImpl.submitClientRequestAsync(RaftServerImpl.java:550) ~[ratis-server-0.4.0-fe2b15d-SNAPSHOT.jar:0.4.0-fe2b15d-SNAPSHOT]
	at org.apache.ratis.server.impl.RaftServerProxy.lambda$submitClientRequestAsync$7(RaftServerProxy.java:333) ~[ratis-server-0.4.0-fe2b15d-SNAPSHOT.jar:0.4.0-fe2b15d-SNAPSHOT]
	at org.apache.ratis.server.impl.RaftServerProxy.lambda$null$5(RaftServerProxy.java:328) ~[ratis-server-0.4.0-fe2b15d-SNAPSHOT.jar:0.4.0-fe2b15d-SNAPSHOT]
	at org.apache.ratis.util.JavaUtils.callAsUnchecked(JavaUtils.java:109) ~[ratis-common-0.4.0-fe2b15d-SNAPSHOT.jar:0.4.0-fe2b15d-SNAPSHOT]
	at org.apache.ratis.server.impl.RaftServerProxy.lambda$submitRequest$6(RaftServerProxy.java:328) ~[ratis-server-0.4.0-fe2b15d-SNAPSHOT.jar:0.4.0-fe2b15d-SNAPSHOT]
	at java.util.concurrent.CompletableFuture.uniComposeStage(CompletableFuture.java:981) ~[?:1.8.0_212]
	at java.util.concurrent.CompletableFuture.thenCompose(CompletableFuture.java:2124) ~[?:1.8.0_212]
	at org.apache.ratis.server.impl.RaftServerProxy.submitRequest(RaftServerProxy.java:327) ~[ratis-server-0.4.0-fe2b15d-SNAPSHOT.jar:0.4.0-fe2b15d-SNAPSHOT]
	at org.apache.ratis.server.impl.RaftServerProxy.submitClientRequestAsync(RaftServerProxy.java:333) ~[ratis-server-0.4.0-fe2b15d-SNAPSHOT.jar:0.4.0-fe2b15d-SNAPSHOT]
	at org.apache.ratis.grpc.client.GrpcClientProtocolService$RequestStreamObserver.processClientRequest(GrpcClientProtocolService.java:206) ~[ratis-grpc-0.4.0-fe2b15d-SNAPSHOT.jar:0.4.0-fe2b15d-SNAPSHOT]
	at org.apache.ratis.grpc.client.GrpcClientProtocolService$OrderedRequestStreamObserver.processClientRequest(GrpcClientProtocolService.java:306) ~[ratis-grpc-0.4.0-fe2b15d-SNAPSHOT.jar:0.4.0-fe2b15d-SNAPSHOT]
	at org.apache.ratis.util.SlidingWindow$Server.processRequestsFromHead(SlidingWindow.java:399) [ratis-common-0.4.0-fe2b15d-SNAPSHOT.jar:0.4.0-fe2b15d-SNAPSHOT]
	at org.apache.ratis.util.SlidingWindow$Server.receivedRequest(SlidingWindow.java:391) [ratis-common-0.4.0-fe2b15d-SNAPSHOT.jar:0.4.0-fe2b15d-SNAPSHOT]
	at org.apache.ratis.grpc.client.GrpcClientProtocolService$OrderedRequestStreamObserver.processClientRequest(GrpcClientProtocolService.java:312) [ratis-grpc-0.4.0-fe2b15d-SNAPSHOT.jar:0.4.0-fe2b15d-SNAPSHOT]
	at org.apache.ratis.grpc.client.GrpcClientProtocolService$RequestStreamObserver.onNext(GrpcClientProtocolService.java:226) [ratis-grpc-0.4.0-fe2b15d-SNAPSHOT.jar:0.4.0-fe2b15d-SNAPSHOT]
	at org.apache.ratis.grpc.client.GrpcClientProtocolService$RequestStreamObserver.onNext(GrpcClientProtocolService.java:154) [ratis-grpc-0.4.0-fe2b15d-SNAPSHOT.jar:0.4.0-fe2b15d-SNAPSHOT]
	at org.apache.ratis.thirdparty.io.grpc.stub.ServerCalls$StreamingServerCallHandler$StreamingServerCallListener.onMessage(ServerCalls.java:248) [ratis-thirdparty-misc-0.2.0.jar:0.2.0]
	at org.apache.ratis.thirdparty.io.grpc.internal.ServerCallImpl$ServerStreamListenerImpl.messagesAvailable(ServerCallImpl.java:263) [ratis-thirdparty-misc-0.2.0.jar:0.2.0]
	at org.apache.ratis.thirdparty.io.grpc.internal.ServerImpl$JumpToApplicationThreadServerStreamListener$1MessagesAvailable.runInContext(ServerImpl.java:686) [ratis-thirdparty-misc-0.2.0.jar:0.2.0]
	at org.apache.ratis.thirdparty.io.grpc.internal.ContextRunnable.run(ContextRunnable.java:37) [ratis-thirdparty-misc-0.2.0.jar:0.2.0]
	at org.apache.ratis.thirdparty.io.grpc.internal.SerializingExecutor.run(SerializingExecutor.java:123) [ratis-thirdparty-misc-0.2.0.jar:0.2.0]
	at java.util.concurrent.ThreadPoolExecutor.runWorker(ThreadPoolExecutor.java:1149) [?:1.8.0_212]
	at java.util.concurrent.ThreadPoolExecutor$Worker.run(ThreadPoolExecutor.java:624) [?:1.8.0_212]
	at java.lang.Thread.run(Thread.java:748) [?:1.8.0_212]
2019-06-15 10:19:05,932 INFO  client.GrpcClientProtocolClient (GrpcClientProtocolClient.java:onNext(254)) - client-AA66233FDC55->a67df30a-c15d-4097-b576-6fe853c8cb80: receive RaftClientReply:client-AA66233FDC55->a67df30a-c15d-4097-b576-6fe853c8cb80@group-FF8871A9387B, cid=106, FAILED org.apache.ratis.protocol.StateMachineException: org.apache.hadoop.hdds.scm.container.common.helpers.ContainerNotOpenException from Server a67df30a-c15d-4097-b576-6fe853c8cb80: Container 1 in CLOSED state, logIndex=0, commits[a67df30a-c15d-4097-b576-6fe853c8cb80:c51, 2ad65335-a15e-4e37-9368-1d6f9b619238:c37, 2d11b312-9f22-4a93-a0fc-762107e6cc36:c51]
2019-06-15 10:19:05,939 INFO  client.GrpcClientProtocolClient (GrpcClientProtocolClient.java:onNext(254)) - client-AA66233FDC55->a67df30a-c15d-4097-b576-6fe853c8cb80: receive RaftClientReply:client-AA66233FDC55->a67df30a-c15d-4097-b576-6fe853c8cb80@group-FF8871A9387B, cid=107, FAILED org.apache.ratis.protocol.StateMachineException: org.apache.hadoop.hdds.scm.container.common.helpers.ContainerNotOpenException from Server a67df30a-c15d-4097-b576-6fe853c8cb80: Container 1 in CLOSED state, logIndex=0, commits[a67df30a-c15d-4097-b576-6fe853c8cb80:c51, 2ad65335-a15e-4e37-9368-1d6f9b619238:c37, 2d11b312-9f22-4a93-a0fc-762107e6cc36:c51]
10:19:05.945 [grpc-default-executor-0] ERROR DNAudit - user=null | ip=null | op=PUT_BLOCK {blockData=[blockId=conID: 1 locID: 102275083355881487 bcsId: 0,size=2097152]} | ret=FAILURE
org.apache.hadoop.hdds.scm.container.common.helpers.ContainerNotOpenException: Container 1 in CLOSED state
	at org.apache.hadoop.ozone.container.common.impl.HddsDispatcher.validateContainerCommand(HddsDispatcher.java:408) ~[hadoop-hdds-container-service-0.5.0-SNAPSHOT.jar:?]
	at org.apache.hadoop.ozone.container.common.transport.server.ratis.ContainerStateMachine.startTransaction(ContainerStateMachine.java:269) ~[hadoop-hdds-container-service-0.5.0-SNAPSHOT.jar:?]
	at org.apache.ratis.server.impl.RaftServerImpl.submitClientRequestAsync(RaftServerImpl.java:550) ~[ratis-server-0.4.0-fe2b15d-SNAPSHOT.jar:0.4.0-fe2b15d-SNAPSHOT]
	at org.apache.ratis.server.impl.RaftServerProxy.lambda$submitClientRequestAsync$7(RaftServerProxy.java:333) ~[ratis-server-0.4.0-fe2b15d-SNAPSHOT.jar:0.4.0-fe2b15d-SNAPSHOT]
	at org.apache.ratis.server.impl.RaftServerProxy.lambda$null$5(RaftServerProxy.java:328) ~[ratis-server-0.4.0-fe2b15d-SNAPSHOT.jar:0.4.0-fe2b15d-SNAPSHOT]
	at org.apache.ratis.util.JavaUtils.callAsUnchecked(JavaUtils.java:109) ~[ratis-common-0.4.0-fe2b15d-SNAPSHOT.jar:0.4.0-fe2b15d-SNAPSHOT]
	at org.apache.ratis.server.impl.RaftServerProxy.lambda$submitRequest$6(RaftServerProxy.java:328) ~[ratis-server-0.4.0-fe2b15d-SNAPSHOT.jar:0.4.0-fe2b15d-SNAPSHOT]
	at java.util.concurrent.CompletableFuture.uniComposeStage(CompletableFuture.java:981) ~[?:1.8.0_212]
	at java.util.concurrent.CompletableFuture.thenCompose(CompletableFuture.java:2124) ~[?:1.8.0_212]
	at org.apache.ratis.server.impl.RaftServerProxy.submitRequest(RaftServerProxy.java:327) ~[ratis-server-0.4.0-fe2b15d-SNAPSHOT.jar:0.4.0-fe2b15d-SNAPSHOT]
	at org.apache.ratis.server.impl.RaftServerProxy.submitClientRequestAsync(RaftServerProxy.java:333) ~[ratis-server-0.4.0-fe2b15d-SNAPSHOT.jar:0.4.0-fe2b15d-SNAPSHOT]
	at org.apache.ratis.grpc.client.GrpcClientProtocolService$RequestStreamObserver.processClientRequest(GrpcClientProtocolService.java:206) ~[ratis-grpc-0.4.0-fe2b15d-SNAPSHOT.jar:0.4.0-fe2b15d-SNAPSHOT]
	at org.apache.ratis.grpc.client.GrpcClientProtocolService$OrderedRequestStreamObserver.processClientRequest(GrpcClientProtocolService.java:306) ~[ratis-grpc-0.4.0-fe2b15d-SNAPSHOT.jar:0.4.0-fe2b15d-SNAPSHOT]
	at org.apache.ratis.util.SlidingWindow$Server.processRequestsFromHead(SlidingWindow.java:399) [ratis-common-0.4.0-fe2b15d-SNAPSHOT.jar:0.4.0-fe2b15d-SNAPSHOT]
	at org.apache.ratis.util.SlidingWindow$Server.receivedRequest(SlidingWindow.java:391) [ratis-common-0.4.0-fe2b15d-SNAPSHOT.jar:0.4.0-fe2b15d-SNAPSHOT]
	at org.apache.ratis.grpc.client.GrpcClientProtocolService$OrderedRequestStreamObserver.processClientRequest(GrpcClientProtocolService.java:312) [ratis-grpc-0.4.0-fe2b15d-SNAPSHOT.jar:0.4.0-fe2b15d-SNAPSHOT]
	at org.apache.ratis.grpc.client.GrpcClientProtocolService$RequestStreamObserver.onNext(GrpcClientProtocolService.java:226) [ratis-grpc-0.4.0-fe2b15d-SNAPSHOT.jar:0.4.0-fe2b15d-SNAPSHOT]
	at org.apache.ratis.grpc.client.GrpcClientProtocolService$RequestStreamObserver.onNext(GrpcClientProtocolService.java:154) [ratis-grpc-0.4.0-fe2b15d-SNAPSHOT.jar:0.4.0-fe2b15d-SNAPSHOT]
	at org.apache.ratis.thirdparty.io.grpc.stub.ServerCalls$StreamingServerCallHandler$StreamingServerCallListener.onMessage(ServerCalls.java:248) [ratis-thirdparty-misc-0.2.0.jar:0.2.0]
	at org.apache.ratis.thirdparty.io.grpc.internal.ServerCallImpl$ServerStreamListenerImpl.messagesAvailable(ServerCallImpl.java:263) [ratis-thirdparty-misc-0.2.0.jar:0.2.0]
	at org.apache.ratis.thirdparty.io.grpc.internal.ServerImpl$JumpToApplicationThreadServerStreamListener$1MessagesAvailable.runInContext(ServerImpl.java:686) [ratis-thirdparty-misc-0.2.0.jar:0.2.0]
	at org.apache.ratis.thirdparty.io.grpc.internal.ContextRunnable.run(ContextRunnable.java:37) [ratis-thirdparty-misc-0.2.0.jar:0.2.0]
	at org.apache.ratis.thirdparty.io.grpc.internal.SerializingExecutor.run(SerializingExecutor.java:123) [ratis-thirdparty-misc-0.2.0.jar:0.2.0]
	at java.util.concurrent.ThreadPoolExecutor.runWorker(ThreadPoolExecutor.java:1149) [?:1.8.0_212]
	at java.util.concurrent.ThreadPoolExecutor$Worker.run(ThreadPoolExecutor.java:624) [?:1.8.0_212]
	at java.lang.Thread.run(Thread.java:748) [?:1.8.0_212]
2019-06-15 10:19:05,951 INFO  client.GrpcClientProtocolClient (GrpcClientProtocolClient.java:onNext(254)) - client-AA66233FDC55->a67df30a-c15d-4097-b576-6fe853c8cb80: receive RaftClientReply:client-AA66233FDC55->a67df30a-c15d-4097-b576-6fe853c8cb80@group-FF8871A9387B, cid=108, FAILED org.apache.ratis.protocol.StateMachineException: org.apache.hadoop.hdds.scm.container.common.helpers.ContainerNotOpenException from Server a67df30a-c15d-4097-b576-6fe853c8cb80: Container 1 in CLOSED state, logIndex=0, commits[a67df30a-c15d-4097-b576-6fe853c8cb80:c51, 2ad65335-a15e-4e37-9368-1d6f9b619238:c37, 2d11b312-9f22-4a93-a0fc-762107e6cc36:c51]
2019-06-15 10:19:05,974 WARN  block.BlockManagerImpl (BlockManagerImpl.java:allocateBlock(192)) - Pipeline creation failed for type:RATIS factor:THREE. Retrying get pipelines call once.
org.apache.hadoop.hdds.scm.pipeline.InsufficientDatanodesException: Cannot create pipeline of factor 3 using 2 nodes.
	at org.apache.hadoop.hdds.scm.pipeline.RatisPipelineProvider.create(RatisPipelineProvider.java:151)
	at org.apache.hadoop.hdds.scm.pipeline.PipelineFactory.create(PipelineFactory.java:57)
	at org.apache.hadoop.hdds.scm.pipeline.SCMPipelineManager.createPipeline(SCMPipelineManager.java:149)
	at org.apache.hadoop.hdds.scm.block.BlockManagerImpl.allocateBlock(BlockManagerImpl.java:190)
	at org.apache.hadoop.hdds.scm.server.SCMBlockProtocolServer.allocateBlock(SCMBlockProtocolServer.java:172)
	at org.apache.hadoop.ozone.protocolPB.ScmBlockLocationProtocolServerSideTranslatorPB.allocateScmBlock(ScmBlockLocationProtocolServerSideTranslatorPB.java:82)
	at org.apache.hadoop.hdds.protocol.proto.ScmBlockLocationProtocolProtos$ScmBlockLocationProtocolService$2.callBlockingMethod(ScmBlockLocationProtocolProtos.java:7533)
	at org.apache.hadoop.ipc.ProtobufRpcEngine$Server$ProtoBufRpcInvoker.call(ProtobufRpcEngine.java:524)
	at org.apache.hadoop.ipc.RPC$Server.call(RPC.java:1025)
	at org.apache.hadoop.ipc.Server$RpcCall.run(Server.java:876)
	at org.apache.hadoop.ipc.Server$RpcCall.run(Server.java:822)
	at java.security.AccessController.doPrivileged(Native Method)
	at javax.security.auth.Subject.doAs(Subject.java:422)
	at org.apache.hadoop.security.UserGroupInformation.doAs(UserGroupInformation.java:1730)
	at org.apache.hadoop.ipc.Server$Handler.run(Server.java:2682)
2019-06-15 10:19:05,974 INFO  block.BlockManagerImpl (BlockManagerImpl.java:allocateBlock(198)) - Could not find available pipeline of type:RATIS and factor:THREE even after retrying
2019-06-15 10:19:05,974 ERROR block.BlockManagerImpl (BlockManagerImpl.java:allocateBlock(222)) - Unable to allocate a block for the size: 4194304, type: RATIS, factor: THREE
10:19:05.976 [IPC Server handler 1 on 34129] ERROR OMAudit - user=jenkins1000 | ip=127.0.0.1 | op=ALLOCATE_BLOCK {volume=datanodefailurehandlingtest, bucket=datanodefailurehandlingtest, key=8e158136-8849-4ed7-b71a-e3722c12e034, dataSize=0, replicationType=null, replicationFactor=null, keyLocationInfo=null, clientID=102275083355815945} | ret=FAILURE
java.io.IOException: Allocate block failed.
	at org.apache.hadoop.hdds.scm.protocolPB.ScmBlockLocationProtocolClientSideTranslatorPB.allocateBlock(ScmBlockLocationProtocolClientSideTranslatorPB.java:111) ~[hadoop-hdds-common-0.5.0-SNAPSHOT.jar:?]
	at sun.reflect.NativeMethodAccessorImpl.invoke0(Native Method) ~[?:1.8.0_212]
	at sun.reflect.NativeMethodAccessorImpl.invoke(NativeMethodAccessorImpl.java:62) ~[?:1.8.0_212]
	at sun.reflect.DelegatingMethodAccessorImpl.invoke(DelegatingMethodAccessorImpl.java:43) ~[?:1.8.0_212]
	at java.lang.reflect.Method.invoke(Method.java:498) ~[?:1.8.0_212]
	at org.apache.hadoop.hdds.tracing.TraceAllMethod.invoke(TraceAllMethod.java:66) ~[hadoop-hdds-common-0.5.0-SNAPSHOT.jar:?]
	at com.sun.proxy.$Proxy25.allocateBlock(Unknown Source) ~[?:?]
	at org.apache.hadoop.ozone.om.KeyManagerImpl.allocateBlock(KeyManagerImpl.java:347) ~[hadoop-ozone-ozone-manager-0.5.0-SNAPSHOT.jar:?]
	at org.apache.hadoop.ozone.om.KeyManagerImpl.allocateBlock(KeyManagerImpl.java:315) ~[hadoop-ozone-ozone-manager-0.5.0-SNAPSHOT.jar:?]
	at org.apache.hadoop.ozone.om.OzoneManager.allocateBlock(OzoneManager.java:2314) [hadoop-ozone-ozone-manager-0.5.0-SNAPSHOT.jar:?]
	at org.apache.hadoop.ozone.protocolPB.OzoneManagerRequestHandler.allocateBlock(OzoneManagerRequestHandler.java:756) [hadoop-ozone-ozone-manager-0.5.0-SNAPSHOT.jar:?]
	at org.apache.hadoop.ozone.protocolPB.OzoneManagerRequestHandler.handle(OzoneManagerRequestHandler.java:249) [hadoop-ozone-ozone-manager-0.5.0-SNAPSHOT.jar:?]
	at org.apache.hadoop.ozone.protocolPB.OzoneManagerProtocolServerSideTranslatorPB.submitRequestDirectlyToOM(OzoneManagerProtocolServerSideTranslatorPB.java:180) [hadoop-ozone-ozone-manager-0.5.0-SNAPSHOT.jar:?]
	at org.apache.hadoop.ozone.protocolPB.OzoneManagerProtocolServerSideTranslatorPB.submitRequest(OzoneManagerProtocolServerSideTranslatorPB.java:102) [hadoop-ozone-ozone-manager-0.5.0-SNAPSHOT.jar:?]
	at org.apache.hadoop.ozone.protocol.proto.OzoneManagerProtocolProtos$OzoneManagerService$2.callBlockingMethod(OzoneManagerProtocolProtos.java) [hadoop-ozone-common-0.5.0-SNAPSHOT.jar:?]
	at org.apache.hadoop.ipc.ProtobufRpcEngine$Server$ProtoBufRpcInvoker.call(ProtobufRpcEngine.java:524) [hadoop-common-3.2.0.jar:?]
	at org.apache.hadoop.ipc.RPC$Server.call(RPC.java:1025) [hadoop-common-3.2.0.jar:?]
	at org.apache.hadoop.ipc.Server$RpcCall.run(Server.java:876) [hadoop-common-3.2.0.jar:?]
	at org.apache.hadoop.ipc.Server$RpcCall.run(Server.java:822) [hadoop-common-3.2.0.jar:?]
	at java.security.AccessController.doPrivileged(Native Method) [?:1.8.0_212]
	at javax.security.auth.Subject.doAs(Subject.java:422) [?:1.8.0_212]
	at org.apache.hadoop.security.UserGroupInformation.doAs(UserGroupInformation.java:1730) [hadoop-common-3.2.0.jar:?]
	at org.apache.hadoop.ipc.Server$Handler.run(Server.java:2682) [hadoop-common-3.2.0.jar:?]
2019-06-15 10:19:05,978 ERROR io.BlockOutputStreamEntryPool (BlockOutputStreamEntryPool.java:allocateBlockIfNeeded(299)) - Try to allocate more blocks for write failed, already allocated 0 blocks for this write.
INTERNAL_ERROR org.apache.hadoop.ozone.om.exceptions.OMException: Allocate block failed.
	at org.apache.hadoop.ozone.om.protocolPB.OzoneManagerProtocolClientSideTranslatorPB.handleError(OzoneManagerProtocolClientSideTranslatorPB.java:720)
	at org.apache.hadoop.ozone.om.protocolPB.OzoneManagerProtocolClientSideTranslatorPB.allocateBlock(OzoneManagerProtocolClientSideTranslatorPB.java:743)
	at org.apache.hadoop.ozone.client.io.BlockOutputStreamEntryPool.allocateNewBlock(BlockOutputStreamEntryPool.java:248)
	at org.apache.hadoop.ozone.client.io.BlockOutputStreamEntryPool.allocateBlockIfNeeded(BlockOutputStreamEntryPool.java:296)
	at org.apache.hadoop.ozone.client.io.KeyOutputStream.handleWrite(KeyOutputStream.java:201)
	at org.apache.hadoop.ozone.client.io.KeyOutputStream.handleRetry(KeyOutputStream.java:376)
	at org.apache.hadoop.ozone.client.io.KeyOutputStream.handleException(KeyOutputStream.java:325)
	at org.apache.hadoop.ozone.client.io.KeyOutputStream.handleWrite(KeyOutputStream.java:231)
	at org.apache.hadoop.ozone.client.io.KeyOutputStream.write(KeyOutputStream.java:193)
	at org.apache.hadoop.ozone.client.io.OzoneOutputStream.write(OzoneOutputStream.java:49)
	at java.io.OutputStream.write(OutputStream.java:75)
	at org.apache.hadoop.ozone.client.rpc.TestFailureHandlingByClient.testMultiBlockWritesWithIntermittentDnFailures(TestFailureHandlingByClient.java:237)
	at sun.reflect.NativeMethodAccessorImpl.invoke0(Native Method)
	at sun.reflect.NativeMethodAccessorImpl.invoke(NativeMethodAccessorImpl.java:62)
	at sun.reflect.DelegatingMethodAccessorImpl.invoke(DelegatingMethodAccessorImpl.java:43)
	at java.lang.reflect.Method.invoke(Method.java:498)
	at org.junit.runners.model.FrameworkMethod$1.runReflectiveCall(FrameworkMethod.java:47)
	at org.junit.internal.runners.model.ReflectiveCallable.run(ReflectiveCallable.java:12)
	at org.junit.runners.model.FrameworkMethod.invokeExplosively(FrameworkMethod.java:44)
	at org.junit.internal.runners.statements.InvokeMethod.evaluate(InvokeMethod.java:17)
	at org.junit.runners.ParentRunner.runLeaf(ParentRunner.java:271)
	at org.junit.runners.BlockJUnit4ClassRunner.runChild(BlockJUnit4ClassRunner.java:70)
	at org.junit.runners.BlockJUnit4ClassRunner.runChild(BlockJUnit4ClassRunner.java:50)
	at org.junit.runners.ParentRunner$3.run(ParentRunner.java:238)
	at org.junit.runners.ParentRunner$1.schedule(ParentRunner.java:63)
	at org.junit.runners.ParentRunner.runChildren(ParentRunner.java:236)
	at org.junit.runners.ParentRunner.access$000(ParentRunner.java:53)
	at org.junit.runners.ParentRunner$2.evaluate(ParentRunner.java:229)
	at org.junit.runners.ParentRunner.run(ParentRunner.java:309)
	at org.apache.maven.surefire.junit4.JUnit4Provider.execute(JUnit4Provider.java:365)
	at org.apache.maven.surefire.junit4.JUnit4Provider.executeWithRerun(JUnit4Provider.java:273)
	at org.apache.maven.surefire.junit4.JUnit4Provider.executeTestSet(JUnit4Provider.java:238)
	at org.apache.maven.surefire.junit4.JUnit4Provider.invoke(JUnit4Provider.java:159)
	at org.apache.maven.surefire.booter.ForkedBooter.invokeProviderInSameClassLoader(ForkedBooter.java:384)
	at org.apache.maven.surefire.booter.ForkedBooter.runSuitesInProcess(ForkedBooter.java:345)
	at org.apache.maven.surefire.booter.ForkedBooter.execute(ForkedBooter.java:126)
	at org.apache.maven.surefire.booter.ForkedBooter.main(ForkedBooter.java:418)
]]></system-out>
    <system-err><![CDATA[Jun 15, 2019 10:18:37 AM com.sun.jersey.server.impl.application.WebApplicationImpl _initiate
INFO: Initiating Jersey application, version 'Jersey: 1.19 02/11/2015 03:25 AM'
Jun 15, 2019 10:18:38 AM com.sun.jersey.server.impl.application.WebApplicationImpl _initiate
INFO: Initiating Jersey application, version 'Jersey: 1.19 02/11/2015 03:25 AM'
Jun 15, 2019 10:18:38 AM com.sun.jersey.server.impl.application.WebApplicationImpl _initiate
INFO: Initiating Jersey application, version 'Jersey: 1.19 02/11/2015 03:25 AM'
Jun 15, 2019 10:18:38 AM com.sun.jersey.server.impl.application.WebApplicationImpl _initiate
INFO: Initiating Jersey application, version 'Jersey: 1.19 02/11/2015 03:25 AM'
Jun 15, 2019 10:18:38 AM com.sun.jersey.server.impl.application.WebApplicationImpl _initiate
INFO: Initiating Jersey application, version 'Jersey: 1.19 02/11/2015 03:25 AM'
Jun 15, 2019 10:18:39 AM com.sun.jersey.server.impl.application.WebApplicationImpl _initiate
INFO: Initiating Jersey application, version 'Jersey: 1.19 02/11/2015 03:25 AM'
]]></system-err>
  </testcase>
  <testcase name="testBlockWritesWithDnFailures" classname="org.apache.hadoop.ozone.client.rpc.TestFailureHandlingByClient" time="14.663"/>
  <testcase name="testDatanodeExclusionWithMajorityCommit" classname="org.apache.hadoop.ozone.client.rpc.TestFailureHandlingByClient" time="22.694"/>
  <testcase name="testMultiBlockWritesWithDnFailures" classname="org.apache.hadoop.ozone.client.rpc.TestFailureHandlingByClient" time="24.487"/>
</testsuite>