<?xml version="1.0" encoding="UTF-8"?>
<testsuite xmlns:xsi="http://www.w3.org/2001/XMLSchema-instance" xsi:noNamespaceSchemaLocation="https://maven.apache.org/surefire/maven-surefire-plugin/xsd/surefire-test-report.xsd" name="org.apache.hadoop.hdds.scm.pipeline.TestNodeFailure" time="10.185" tests="1" errors="0" skipped="1" failures="0">
  <properties>
    <property name="awt.toolkit" value="sun.awt.X11.XToolkit"/>
    <property name="file.encoding.pkg" value="sun.io"/>
    <property name="java.specification.version" value="1.8"/>
    <property name="sun.cpu.isalist" value=""/>
    <property name="sun.jnu.encoding" value="UTF-8"/>
    <property name="java.class.path" value="/opt/src/hadoop-ozone/integration-test/target/test-classes:/opt/src/hadoop-ozone/integration-test/target/classes:/root/.m2/repository/org/apache/hadoop/hadoop-ozone-common/0.5.0-SNAPSHOT/hadoop-ozone-common-0.5.0-SNAPSHOT.jar:/root/.m2/repository/org/apache/commons/commons-compress/1.4.1/commons-compress-1.4.1.jar:/root/.m2/repository/org/tukaani/xz/1.0/xz-1.0.jar:/root/.m2/repository/org/apache/hadoop/hadoop-common/3.2.0/hadoop-common-3.2.0.jar:/root/.m2/repository/org/apache/hadoop/hadoop-hdfs/3.2.0/hadoop-hdfs-3.2.0.jar:/root/.m2/repository/org/apache/hadoop/hadoop-hdfs-client/3.2.0/hadoop-hdfs-client-3.2.0.jar:/root/.m2/repository/com/fasterxml/jackson/core/jackson-annotations/2.9.5/jackson-annotations-2.9.5.jar:/root/.m2/repository/org/apache/hadoop/hadoop-hdds-common/0.5.0-SNAPSHOT/hadoop-hdds-common-0.5.0-SNAPSHOT.jar:/root/.m2/repository/javax/annotation/javax.annotation-api/1.2/javax.annotation-api-1.2.jar:/root/.m2/repository/org/apache/ratis/ratis-server/0.4.0-fe2b15d-SNAPSHOT/ratis-server-0.4.0-fe2b15d-SNAPSHOT.jar:/root/.m2/repository/org/apache/ratis/ratis-thirdparty-misc/0.2.0/ratis-thirdparty-misc-0.2.0.jar:/root/.m2/repository/org/apache/ratis/ratis-proto/0.4.0-fe2b15d-SNAPSHOT/ratis-proto-0.4.0-fe2b15d-SNAPSHOT.jar:/root/.m2/repository/org/apache/ratis/ratis-common/0.4.0-fe2b15d-SNAPSHOT/ratis-common-0.4.0-fe2b15d-SNAPSHOT.jar:/root/.m2/repository/org/apache/ratis/ratis-client/0.4.0-fe2b15d-SNAPSHOT/ratis-client-0.4.0-fe2b15d-SNAPSHOT.jar:/root/.m2/repository/org/apache/ratis/ratis-netty/0.4.0-fe2b15d-SNAPSHOT/ratis-netty-0.4.0-fe2b15d-SNAPSHOT.jar:/root/.m2/repository/org/apache/ratis/ratis-grpc/0.4.0-fe2b15d-SNAPSHOT/ratis-grpc-0.4.0-fe2b15d-SNAPSHOT.jar:/root/.m2/repository/org/rocksdb/rocksdbjni/5.14.2/rocksdbjni-5.14.2.jar:/root/.m2/repository/org/apache/logging/log4j/log4j-api/2.11.0/log4j-api-2.11.0.jar:/root/.m2/repository/org/apache/logging/log4j/log4j-core/2.11.0/log4j-core-2.11.0.jar:/root/.m2/repository/com/lmax/disruptor/3.4.2/disruptor-3.4.2.jar:/root/.m2/repository/org/apache/commons/commons-pool2/2.6.0/commons-pool2-2.6.0.jar:/root/.m2/repository/org/bouncycastle/bcpkix-jdk15on/1.60/bcpkix-jdk15on-1.60.jar:/root/.m2/repository/commons-validator/commons-validator/1.6/commons-validator-1.6.jar:/root/.m2/repository/commons-digester/commons-digester/1.8.1/commons-digester-1.8.1.jar:/root/.m2/repository/io/jaegertracing/jaeger-client/0.33.1/jaeger-client-0.33.1.jar:/root/.m2/repository/io/jaegertracing/jaeger-thrift/0.33.1/jaeger-thrift-0.33.1.jar:/root/.m2/repository/org/apache/thrift/libthrift/0.11.0/libthrift-0.11.0.jar:/root/.m2/repository/com/squareup/okhttp3/okhttp/3.9.0/okhttp-3.9.0.jar:/root/.m2/repository/com/squareup/okio/okio/1.13.0/okio-1.13.0.jar:/root/.m2/repository/io/jaegertracing/jaeger-core/0.33.1/jaeger-core-0.33.1.jar:/root/.m2/repository/io/jaegertracing/jaeger-tracerresolver/0.33.1/jaeger-tracerresolver-0.33.1.jar:/root/.m2/repository/io/opentracing/contrib/opentracing-tracerresolver/0.1.5/opentracing-tracerresolver-0.1.5.jar:/root/.m2/repository/io/opentracing/opentracing-util/0.31.0/opentracing-util-0.31.0.jar:/root/.m2/repository/io/opentracing/opentracing-api/0.31.0/opentracing-api-0.31.0.jar:/root/.m2/repository/io/opentracing/opentracing-noop/0.31.0/opentracing-noop-0.31.0.jar:/root/.m2/repository/org/apache/hadoop/hadoop-hdds-server-framework/0.5.0-SNAPSHOT/hadoop-hdds-server-framework-0.5.0-SNAPSHOT.jar:/root/.m2/repository/org/apache/hadoop/hadoop-hdds-server-scm/0.5.0-SNAPSHOT/hadoop-hdds-server-scm-0.5.0-SNAPSHOT.jar:/root/.m2/repository/org/apache/hadoop/hadoop-hdds-container-service/0.5.0-SNAPSHOT/hadoop-hdds-container-service-0.5.0-SNAPSHOT.jar:/root/.m2/repository/org/apache/hadoop/hadoop-hdds-client/0.5.0-SNAPSHOT/hadoop-hdds-client-0.5.0-SNAPSHOT.jar:/root/.m2/repository/org/apache/hadoop/hadoop-hdds-tools/0.5.0-SNAPSHOT/hadoop-hdds-tools-0.5.0-SNAPSHOT.jar:/root/.m2/repository/org/apache/hadoop/hadoop-ozone-ozone-manager/0.5.0-SNAPSHOT/hadoop-ozone-ozone-manager-0.5.0-SNAPSHOT.jar:/root/.m2/repository/org/apache/hadoop/hadoop-hdds-docs/0.5.0-SNAPSHOT/hadoop-hdds-docs-0.5.0-SNAPSHOT.jar:/root/.m2/repository/org/bouncycastle/bcprov-jdk15on/1.60/bcprov-jdk15on-1.60.jar:/root/.m2/repository/org/apache/hadoop/hadoop-minikdc/3.2.0/hadoop-minikdc-3.2.0.jar:/root/.m2/repository/commons-io/commons-io/2.5/commons-io-2.5.jar:/root/.m2/repository/org/apache/kerby/kerb-simplekdc/1.0.1/kerb-simplekdc-1.0.1.jar:/root/.m2/repository/org/apache/kerby/kerb-client/1.0.1/kerb-client-1.0.1.jar:/root/.m2/repository/org/apache/kerby/kerby-config/1.0.1/kerby-config-1.0.1.jar:/root/.m2/repository/org/apache/kerby/kerb-core/1.0.1/kerb-core-1.0.1.jar:/root/.m2/repository/org/apache/kerby/kerby-pkix/1.0.1/kerby-pkix-1.0.1.jar:/root/.m2/repository/org/apache/kerby/kerby-asn1/1.0.1/kerby-asn1-1.0.1.jar:/root/.m2/repository/org/apache/kerby/kerby-util/1.0.1/kerby-util-1.0.1.jar:/root/.m2/repository/org/apache/kerby/kerb-common/1.0.1/kerb-common-1.0.1.jar:/root/.m2/repository/org/apache/kerby/kerb-crypto/1.0.1/kerb-crypto-1.0.1.jar:/root/.m2/repository/org/apache/kerby/kerb-util/1.0.1/kerb-util-1.0.1.jar:/root/.m2/repository/org/apache/kerby/token-provider/1.0.1/token-provider-1.0.1.jar:/root/.m2/repository/org/apache/kerby/kerb-admin/1.0.1/kerb-admin-1.0.1.jar:/root/.m2/repository/org/apache/kerby/kerb-server/1.0.1/kerb-server-1.0.1.jar:/root/.m2/repository/org/apache/kerby/kerb-identity/1.0.1/kerb-identity-1.0.1.jar:/root/.m2/repository/org/apache/kerby/kerby-xdr/1.0.1/kerby-xdr-1.0.1.jar:/root/.m2/repository/org/slf4j/slf4j-log4j12/1.7.25/slf4j-log4j12-1.7.25.jar:/root/.m2/repository/org/apache/hadoop/hadoop-ozone-objectstore-service/0.5.0-SNAPSHOT/hadoop-ozone-objectstore-service-0.5.0-SNAPSHOT.jar:/root/.m2/repository/org/apache/hadoop/hadoop-ozone-s3gateway/0.5.0-SNAPSHOT/hadoop-ozone-s3gateway-0.5.0-SNAPSHOT.jar:/root/.m2/repository/org/jboss/weld/servlet/weld-servlet/2.4.7.Final/weld-servlet-2.4.7.Final.jar:/root/.m2/repository/org/glassfish/jersey/containers/jersey-container-servlet-core/2.27/jersey-container-servlet-core-2.27.jar:/root/.m2/repository/org/glassfish/hk2/external/javax.inject/2.5.0-b42/javax.inject-2.5.0-b42.jar:/root/.m2/repository/org/glassfish/jersey/core/jersey-common/2.27/jersey-common-2.27.jar:/root/.m2/repository/org/glassfish/hk2/osgi-resource-locator/1.0.1/osgi-resource-locator-1.0.1.jar:/root/.m2/repository/javax/ws/rs/javax.ws.rs-api/2.1/javax.ws.rs-api-2.1.jar:/root/.m2/repository/org/glassfish/jersey/ext/cdi/jersey-cdi1x/2.27/jersey-cdi1x-2.27.jar:/root/.m2/repository/org/glassfish/jersey/inject/jersey-hk2/2.27/jersey-hk2-2.27.jar:/root/.m2/repository/org/glassfish/hk2/hk2-locator/2.5.0-b42/hk2-locator-2.5.0-b42.jar:/root/.m2/repository/org/javassist/javassist/3.22.0-CR2/javassist-3.22.0-CR2.jar:/root/.m2/repository/org/glassfish/hk2/hk2-api/2.5.0/hk2-api-2.5.0.jar:/root/.m2/repository/org/glassfish/hk2/external/jakarta.inject/2.5.0/jakarta.inject-2.5.0.jar:/root/.m2/repository/org/glassfish/hk2/hk2-utils/2.5.0/hk2-utils-2.5.0.jar:/root/.m2/repository/jakarta/annotation/jakarta.annotation-api/1.3.4/jakarta.annotation-api-1.3.4.jar:/root/.m2/repository/org/glassfish/hk2/external/aopalliance-repackaged/2.5.0/aopalliance-repackaged-2.5.0.jar:/root/.m2/repository/com/fasterxml/jackson/dataformat/jackson-dataformat-xml/2.9.0/jackson-dataformat-xml-2.9.0.jar:/root/.m2/repository/com/fasterxml/jackson/core/jackson-core/2.9.5/jackson-core-2.9.5.jar:/root/.m2/repository/com/fasterxml/jackson/module/jackson-module-jaxb-annotations/2.9.5/jackson-module-jaxb-annotations-2.9.5.jar:/root/.m2/repository/javax/enterprise/cdi-api/1.2/cdi-api-1.2.jar:/root/.m2/repository/javax/el/javax.el-api/3.0.0/javax.el-api-3.0.0.jar:/root/.m2/repository/javax/interceptor/javax.interceptor-api/1.2/javax.interceptor-api-1.2.jar:/root/.m2/repository/javax/inject/javax.inject/1/javax.inject-1.jar:/root/.m2/repository/com/sun/xml/bind/jaxb-impl/2.3.0.1/jaxb-impl-2.3.0.1.jar:/root/.m2/repository/com/sun/xml/bind/jaxb-core/2.3.0.1/jaxb-core-2.3.0.1.jar:/root/.m2/repository/javax/xml/bind/jaxb-api/2.3.0/jaxb-api-2.3.0.jar:/root/.m2/repository/javax/activation/activation/1.1.1/activation-1.1.1.jar:/root/.m2/repository/org/apache/hadoop/hadoop-ozone-csi/0.5.0-SNAPSHOT/hadoop-ozone-csi-0.5.0-SNAPSHOT.jar:/root/.m2/repository/com/google/protobuf/protobuf-java-util/3.5.1/protobuf-java-util-3.5.1.jar:/root/.m2/repository/org/apache/hadoop/hadoop-hdds-config/0.5.0-SNAPSHOT/hadoop-hdds-config-0.5.0-SNAPSHOT.jar:/root/.m2/repository/com/google/guava/guava/11.0.2/guava-11.0.2.jar:/root/.m2/repository/com/google/protobuf/protobuf-java/2.5.0/protobuf-java-2.5.0.jar:/root/.m2/repository/io/grpc/grpc-netty/1.17.1/grpc-netty-1.17.1.jar:/root/.m2/repository/io/grpc/grpc-core/1.17.1/grpc-core-1.17.1.jar:/root/.m2/repository/io/grpc/grpc-context/1.17.1/grpc-context-1.17.1.jar:/root/.m2/repository/com/google/errorprone/error_prone_annotations/2.2.0/error_prone_annotations-2.2.0.jar:/root/.m2/repository/org/codehaus/mojo/animal-sniffer-annotations/1.17/animal-sniffer-annotations-1.17.jar:/root/.m2/repository/io/opencensus/opencensus-api/0.17.0/opencensus-api-0.17.0.jar:/root/.m2/repository/io/opencensus/opencensus-contrib-grpc-metrics/0.17.0/opencensus-contrib-grpc-metrics-0.17.0.jar:/root/.m2/repository/io/netty/netty-codec-http2/4.1.30.Final/netty-codec-http2-4.1.30.Final.jar:/root/.m2/repository/io/netty/netty-codec-http/4.1.30.Final/netty-codec-http-4.1.30.Final.jar:/root/.m2/repository/io/netty/netty-codec/4.1.30.Final/netty-codec-4.1.30.Final.jar:/root/.m2/repository/io/netty/netty-handler/4.1.30.Final/netty-handler-4.1.30.Final.jar:/root/.m2/repository/io/netty/netty-handler-proxy/4.1.30.Final/netty-handler-proxy-4.1.30.Final.jar:/root/.m2/repository/io/netty/netty-codec-socks/4.1.30.Final/netty-codec-socks-4.1.30.Final.jar:/root/.m2/repository/io/netty/netty-transport-native-epoll/4.1.30.Final/netty-transport-native-epoll-4.1.30.Final.jar:/root/.m2/repository/io/netty/netty-common/4.1.30.Final/netty-common-4.1.30.Final.jar:/root/.m2/repository/io/netty/netty-buffer/4.1.30.Final/netty-buffer-4.1.30.Final.jar:/root/.m2/repository/io/netty/netty-transport/4.1.30.Final/netty-transport-4.1.30.Final.jar:/root/.m2/repository/io/netty/netty-resolver/4.1.30.Final/netty-resolver-4.1.30.Final.jar:/root/.m2/repository/io/netty/netty-transport-native-unix-common/4.1.30.Final/netty-transport-native-unix-common-4.1.30.Final.jar:/root/.m2/repository/io/grpc/grpc-protobuf/1.17.1/grpc-protobuf-1.17.1.jar:/root/.m2/repository/com/google/api/grpc/proto-google-common-protos/1.0.0/proto-google-common-protos-1.0.0.jar:/root/.m2/repository/io/grpc/grpc-protobuf-lite/1.17.1/grpc-protobuf-lite-1.17.1.jar:/root/.m2/repository/io/grpc/grpc-stub/1.17.1/grpc-stub-1.17.1.jar:/root/.m2/repository/org/apache/hadoop/hadoop-ozone-recon/0.5.0-SNAPSHOT/hadoop-ozone-recon-0.5.0-SNAPSHOT.jar:/root/.m2/repository/org/apache/hadoop/hadoop-ozone-reconcodegen/0.5.0-SNAPSHOT/hadoop-ozone-reconcodegen-0.5.0-SNAPSHOT.jar:/root/.m2/repository/com/google/inject/extensions/guice-multibindings/4.0/guice-multibindings-4.0.jar:/root/.m2/repository/com/google/inject/guice/4.0/guice-4.0.jar:/root/.m2/repository/aopalliance/aopalliance/1.0/aopalliance-1.0.jar:/root/.m2/repository/com/google/inject/extensions/guice-servlet/4.0/guice-servlet-4.0.jar:/root/.m2/repository/org/glassfish/jersey/containers/jersey-container-servlet/2.27/jersey-container-servlet-2.27.jar:/root/.m2/repository/org/glassfish/hk2/guice-bridge/2.5.0/guice-bridge-2.5.0.jar:/root/.m2/repository/org/glassfish/jersey/core/jersey-server/2.27/jersey-server-2.27.jar:/root/.m2/repository/org/glassfish/jersey/core/jersey-client/2.27/jersey-client-2.27.jar:/root/.m2/repository/org/glassfish/jersey/media/jersey-media-jaxb/2.27/jersey-media-jaxb-2.27.jar:/root/.m2/repository/javax/validation/validation-api/1.1.0.Final/validation-api-1.1.0.Final.jar:/root/.m2/repository/org/glassfish/jersey/media/jersey-media-json-jackson/2.27/jersey-media-json-jackson-2.27.jar:/root/.m2/repository/org/glassfish/jersey/ext/jersey-entity-filtering/2.27/jersey-entity-filtering-2.27.jar:/root/.m2/repository/com/google/inject/extensions/guice-assistedinject/4.0/guice-assistedinject-4.0.jar:/root/.m2/repository/org/jooq/jooq/3.11.10/jooq-3.11.10.jar:/root/.m2/repository/org/jooq/jooq-meta/3.11.10/jooq-meta-3.11.10.jar:/root/.m2/repository/org/jooq/jooq-codegen/3.11.10/jooq-codegen-3.11.10.jar:/root/.m2/repository/com/jolbox/bonecp/0.8.0.RELEASE/bonecp-0.8.0.RELEASE.jar:/root/.m2/repository/org/xerial/sqlite-jdbc/3.25.2/sqlite-jdbc-3.25.2.jar:/root/.m2/repository/org/springframework/spring-jdbc/5.1.3.RELEASE/spring-jdbc-5.1.3.RELEASE.jar:/root/.m2/repository/org/springframework/spring-beans/5.1.3.RELEASE/spring-beans-5.1.3.RELEASE.jar:/root/.m2/repository/org/springframework/spring-core/5.1.3.RELEASE/spring-core-5.1.3.RELEASE.jar:/root/.m2/repository/org/springframework/spring-jcl/5.1.3.RELEASE/spring-jcl-5.1.3.RELEASE.jar:/root/.m2/repository/org/springframework/spring-tx/5.1.3.RELEASE/spring-tx-5.1.3.RELEASE.jar:/root/.m2/repository/org/apache/hadoop/hadoop-ozone-client/0.5.0-SNAPSHOT/hadoop-ozone-client-0.5.0-SNAPSHOT.jar:/root/.m2/repository/org/apache/hadoop/hadoop-ozone-ozone-manager/0.5.0-SNAPSHOT/hadoop-ozone-ozone-manager-0.5.0-SNAPSHOT-tests.jar:/root/.m2/repository/junit/junit/4.11/junit-4.11.jar:/root/.m2/repository/org/hamcrest/hamcrest-core/1.3/hamcrest-core-1.3.jar:/root/.m2/repository/org/openjdk/jmh/jmh-core/1.19/jmh-core-1.19.jar:/root/.m2/repository/net/sf/jopt-simple/jopt-simple/4.6/jopt-simple-4.6.jar:/root/.m2/repository/org/apache/commons/commons-math3/3.1.1/commons-math3-3.1.1.jar:/root/.m2/repository/org/openjdk/jmh/jmh-generator-annprocess/1.19/jmh-generator-annprocess-1.19.jar:/root/.m2/repository/org/mockito/mockito-all/1.8.5/mockito-all-1.8.5.jar:/root/.m2/repository/org/apache/hadoop/hadoop-kms/3.2.0/hadoop-kms-3.2.0.jar:/root/.m2/repository/org/apache/hadoop/hadoop-auth/3.2.0/hadoop-auth-3.2.0.jar:/root/.m2/repository/com/nimbusds/nimbus-jose-jwt/4.41.1/nimbus-jose-jwt-4.41.1.jar:/root/.m2/repository/com/github/stephenc/jcip/jcip-annotations/1.0-1/jcip-annotations-1.0-1.jar:/root/.m2/repository/net/minidev/json-smart/2.3/json-smart-2.3.jar:/root/.m2/repository/net/minidev/accessors-smart/1.2/accessors-smart-1.2.jar:/root/.m2/repository/org/ow2/asm/asm/5.0.4/asm-5.0.4.jar:/root/.m2/repository/org/apache/curator/curator-framework/2.12.0/curator-framework-2.12.0.jar:/root/.m2/repository/com/sun/jersey/jersey-core/1.19/jersey-core-1.19.jar:/root/.m2/repository/javax/ws/rs/jsr311-api/1.1.1/jsr311-api-1.1.1.jar:/root/.m2/repository/com/sun/jersey/jersey-server/1.19/jersey-server-1.19.jar:/root/.m2/repository/javax/servlet/javax.servlet-api/3.1.0/javax.servlet-api-3.1.0.jar:/root/.m2/repository/org/eclipse/jetty/jetty-server/9.3.24.v20180605/jetty-server-9.3.24.v20180605.jar:/root/.m2/repository/org/eclipse/jetty/jetty-http/9.3.24.v20180605/jetty-http-9.3.24.v20180605.jar:/root/.m2/repository/org/eclipse/jetty/jetty-io/9.3.24.v20180605/jetty-io-9.3.24.v20180605.jar:/root/.m2/repository/org/eclipse/jetty/jetty-webapp/9.3.24.v20180605/jetty-webapp-9.3.24.v20180605.jar:/root/.m2/repository/org/eclipse/jetty/jetty-xml/9.3.24.v20180605/jetty-xml-9.3.24.v20180605.jar:/root/.m2/repository/log4j/log4j/1.2.17/log4j-1.2.17.jar:/root/.m2/repository/org/slf4j/slf4j-api/1.7.25/slf4j-api-1.7.25.jar:/root/.m2/repository/org/slf4j/jul-to-slf4j/1.7.25/jul-to-slf4j-1.7.25.jar:/root/.m2/repository/org/eclipse/jetty/jetty-util/9.3.24.v20180605/jetty-util-9.3.24.v20180605.jar:/root/.m2/repository/io/dropwizard/metrics/metrics-core/3.2.4/metrics-core-3.2.4.jar:/root/.m2/repository/com/fasterxml/jackson/core/jackson-databind/2.9.5/jackson-databind-2.9.5.jar:/root/.m2/repository/org/apache/hadoop/hadoop-kms/3.2.0/hadoop-kms-3.2.0-tests.jar:/root/.m2/repository/org/apache/hadoop/hadoop-hdds-server-scm/0.5.0-SNAPSHOT/hadoop-hdds-server-scm-0.5.0-SNAPSHOT-tests.jar:/root/.m2/repository/org/hamcrest/hamcrest-all/1.3/hamcrest-all-1.3.jar:/root/.m2/repository/info/picocli/picocli/3.9.6/picocli-3.9.6.jar:/root/.m2/repository/org/apache/hadoop/hadoop-hdds-container-service/0.5.0-SNAPSHOT/hadoop-hdds-container-service-0.5.0-SNAPSHOT-tests.jar:/root/.m2/repository/org/yaml/snakeyaml/1.16/snakeyaml-1.16.jar:/root/.m2/repository/org/apache/hadoop/hadoop-common/3.2.0/hadoop-common-3.2.0-tests.jar:/root/.m2/repository/org/apache/hadoop/hadoop-annotations/3.2.0/hadoop-annotations-3.2.0.jar:/usr/lib/jvm/java-1.8-openjdk/jre/../lib/tools.jar:/root/.m2/repository/commons-cli/commons-cli/1.2/commons-cli-1.2.jar:/root/.m2/repository/org/apache/httpcomponents/httpclient/4.5.2/httpclient-4.5.2.jar:/root/.m2/repository/org/apache/httpcomponents/httpcore/4.4.4/httpcore-4.4.4.jar:/root/.m2/repository/commons-codec/commons-codec/1.11/commons-codec-1.11.jar:/root/.m2/repository/commons-net/commons-net/3.6/commons-net-3.6.jar:/root/.m2/repository/commons-collections/commons-collections/3.2.2/commons-collections-3.2.2.jar:/root/.m2/repository/org/eclipse/jetty/jetty-servlet/9.3.24.v20180605/jetty-servlet-9.3.24.v20180605.jar:/root/.m2/repository/org/eclipse/jetty/jetty-security/9.3.24.v20180605/jetty-security-9.3.24.v20180605.jar:/root/.m2/repository/javax/servlet/jsp/jsp-api/2.1/jsp-api-2.1.jar:/root/.m2/repository/com/sun/jersey/jersey-servlet/1.19/jersey-servlet-1.19.jar:/root/.m2/repository/com/sun/jersey/jersey-json/1.19/jersey-json-1.19.jar:/root/.m2/repository/org/codehaus/jettison/jettison/1.1/jettison-1.1.jar:/root/.m2/repository/org/codehaus/jackson/jackson-core-asl/1.9.13/jackson-core-asl-1.9.13.jar:/root/.m2/repository/org/codehaus/jackson/jackson-mapper-asl/1.9.13/jackson-mapper-asl-1.9.13.jar:/root/.m2/repository/org/codehaus/jackson/jackson-jaxrs/1.9.13/jackson-jaxrs-1.9.13.jar:/root/.m2/repository/org/codehaus/jackson/jackson-xc/1.9.13/jackson-xc-1.9.13.jar:/root/.m2/repository/commons-logging/commons-logging/1.1.3/commons-logging-1.1.3.jar:/root/.m2/repository/commons-beanutils/commons-beanutils/1.9.3/commons-beanutils-1.9.3.jar:/root/.m2/repository/org/apache/commons/commons-configuration2/2.1.1/commons-configuration2-2.1.1.jar:/root/.m2/repository/org/apache/commons/commons-lang3/3.7/commons-lang3-3.7.jar:/root/.m2/repository/org/apache/commons/commons-text/1.4/commons-text-1.4.jar:/root/.m2/repository/org/apache/avro/avro/1.7.7/avro-1.7.7.jar:/root/.m2/repository/com/thoughtworks/paranamer/paranamer/2.3/paranamer-2.3.jar:/root/.m2/repository/org/xerial/snappy/snappy-java/1.0.5/snappy-java-1.0.5.jar:/root/.m2/repository/com/google/re2j/re2j/1.1/re2j-1.1.jar:/root/.m2/repository/com/google/code/gson/gson/2.2.4/gson-2.2.4.jar:/root/.m2/repository/com/jcraft/jsch/0.1.54/jsch-0.1.54.jar:/root/.m2/repository/org/apache/curator/curator-client/2.12.0/curator-client-2.12.0.jar:/root/.m2/repository/org/apache/curator/curator-recipes/2.12.0/curator-recipes-2.12.0.jar:/root/.m2/repository/com/google/code/findbugs/jsr305/3.0.0/jsr305-3.0.0.jar:/root/.m2/repository/org/apache/htrace/htrace-core4/4.1.0-incubating/htrace-core4-4.1.0-incubating.jar:/root/.m2/repository/org/apache/zookeeper/zookeeper/3.4.13/zookeeper-3.4.13.jar:/root/.m2/repository/org/apache/yetus/audience-annotations/0.5.0/audience-annotations-0.5.0.jar:/root/.m2/repository/org/codehaus/woodstox/stax2-api/3.1.4/stax2-api-3.1.4.jar:/root/.m2/repository/com/fasterxml/woodstox/woodstox-core/5.0.3/woodstox-core-5.0.3.jar:/root/.m2/repository/dnsjava/dnsjava/2.1.7/dnsjava-2.1.7.jar:/root/.m2/repository/org/apache/hadoop/hadoop-hdfs/3.2.0/hadoop-hdfs-3.2.0-tests.jar:/root/.m2/repository/org/eclipse/jetty/jetty-util-ajax/9.3.24.v20180605/jetty-util-ajax-9.3.24.v20180605.jar:/root/.m2/repository/commons-daemon/commons-daemon/1.0.13/commons-daemon-1.0.13.jar:/root/.m2/repository/io/netty/netty/3.10.5.Final/netty-3.10.5.Final.jar:/root/.m2/repository/io/netty/netty-all/4.0.52.Final/netty-all-4.0.52.Final.jar:/root/.m2/repository/org/fusesource/leveldbjni/leveldbjni-all/1.8/leveldbjni-all-1.8.jar:"/>
    <property name="java.vm.vendor" value="IcedTea"/>
    <property name="sun.arch.data.model" value="64"/>
    <property name="test.build.dir" value="/opt/src/hadoop-ozone/integration-test/target/test-dir"/>
    <property name="test.cache.data" value=""/>
    <property name="java.vendor.url" value="https://icedtea.classpath.org"/>
    <property name="user.timezone" value=""/>
    <property name="java.vm.specification.version" value="1.8"/>
    <property name="os.name" value="Linux"/>
    <property name="test.build.data" value="/opt/src/hadoop-ozone/integration-test/target/test-dir"/>
    <property name="user.country" value="US"/>
    <property name="sun.java.launcher" value="SUN_STANDARD"/>
    <property name="sun.boot.library.path" value="/usr/lib/jvm/java-1.8-openjdk/jre/lib/amd64"/>
    <property name="sun.java.command" value="/opt/src/hadoop-ozone/integration-test/target/surefire/surefirebooter1694191371873155402.jar /opt/src/hadoop-ozone/integration-test/target/surefire 2019-06-12T23-40-13_312-jvmRun1 surefire2841844407454248976tmp surefire_87404681185479628513tmp"/>
    <property name="surefire.test.class.path" value="/opt/src/hadoop-ozone/integration-test/target/test-classes:/opt/src/hadoop-ozone/integration-test/target/classes:/root/.m2/repository/org/apache/hadoop/hadoop-ozone-common/0.5.0-SNAPSHOT/hadoop-ozone-common-0.5.0-SNAPSHOT.jar:/root/.m2/repository/org/apache/commons/commons-compress/1.4.1/commons-compress-1.4.1.jar:/root/.m2/repository/org/tukaani/xz/1.0/xz-1.0.jar:/root/.m2/repository/org/apache/hadoop/hadoop-common/3.2.0/hadoop-common-3.2.0.jar:/root/.m2/repository/org/apache/hadoop/hadoop-hdfs/3.2.0/hadoop-hdfs-3.2.0.jar:/root/.m2/repository/org/apache/hadoop/hadoop-hdfs-client/3.2.0/hadoop-hdfs-client-3.2.0.jar:/root/.m2/repository/com/fasterxml/jackson/core/jackson-annotations/2.9.5/jackson-annotations-2.9.5.jar:/root/.m2/repository/org/apache/hadoop/hadoop-hdds-common/0.5.0-SNAPSHOT/hadoop-hdds-common-0.5.0-SNAPSHOT.jar:/root/.m2/repository/javax/annotation/javax.annotation-api/1.2/javax.annotation-api-1.2.jar:/root/.m2/repository/org/apache/ratis/ratis-server/0.4.0-fe2b15d-SNAPSHOT/ratis-server-0.4.0-fe2b15d-SNAPSHOT.jar:/root/.m2/repository/org/apache/ratis/ratis-thirdparty-misc/0.2.0/ratis-thirdparty-misc-0.2.0.jar:/root/.m2/repository/org/apache/ratis/ratis-proto/0.4.0-fe2b15d-SNAPSHOT/ratis-proto-0.4.0-fe2b15d-SNAPSHOT.jar:/root/.m2/repository/org/apache/ratis/ratis-common/0.4.0-fe2b15d-SNAPSHOT/ratis-common-0.4.0-fe2b15d-SNAPSHOT.jar:/root/.m2/repository/org/apache/ratis/ratis-client/0.4.0-fe2b15d-SNAPSHOT/ratis-client-0.4.0-fe2b15d-SNAPSHOT.jar:/root/.m2/repository/org/apache/ratis/ratis-netty/0.4.0-fe2b15d-SNAPSHOT/ratis-netty-0.4.0-fe2b15d-SNAPSHOT.jar:/root/.m2/repository/org/apache/ratis/ratis-grpc/0.4.0-fe2b15d-SNAPSHOT/ratis-grpc-0.4.0-fe2b15d-SNAPSHOT.jar:/root/.m2/repository/org/rocksdb/rocksdbjni/5.14.2/rocksdbjni-5.14.2.jar:/root/.m2/repository/org/apache/logging/log4j/log4j-api/2.11.0/log4j-api-2.11.0.jar:/root/.m2/repository/org/apache/logging/log4j/log4j-core/2.11.0/log4j-core-2.11.0.jar:/root/.m2/repository/com/lmax/disruptor/3.4.2/disruptor-3.4.2.jar:/root/.m2/repository/org/apache/commons/commons-pool2/2.6.0/commons-pool2-2.6.0.jar:/root/.m2/repository/org/bouncycastle/bcpkix-jdk15on/1.60/bcpkix-jdk15on-1.60.jar:/root/.m2/repository/commons-validator/commons-validator/1.6/commons-validator-1.6.jar:/root/.m2/repository/commons-digester/commons-digester/1.8.1/commons-digester-1.8.1.jar:/root/.m2/repository/io/jaegertracing/jaeger-client/0.33.1/jaeger-client-0.33.1.jar:/root/.m2/repository/io/jaegertracing/jaeger-thrift/0.33.1/jaeger-thrift-0.33.1.jar:/root/.m2/repository/org/apache/thrift/libthrift/0.11.0/libthrift-0.11.0.jar:/root/.m2/repository/com/squareup/okhttp3/okhttp/3.9.0/okhttp-3.9.0.jar:/root/.m2/repository/com/squareup/okio/okio/1.13.0/okio-1.13.0.jar:/root/.m2/repository/io/jaegertracing/jaeger-core/0.33.1/jaeger-core-0.33.1.jar:/root/.m2/repository/io/jaegertracing/jaeger-tracerresolver/0.33.1/jaeger-tracerresolver-0.33.1.jar:/root/.m2/repository/io/opentracing/contrib/opentracing-tracerresolver/0.1.5/opentracing-tracerresolver-0.1.5.jar:/root/.m2/repository/io/opentracing/opentracing-util/0.31.0/opentracing-util-0.31.0.jar:/root/.m2/repository/io/opentracing/opentracing-api/0.31.0/opentracing-api-0.31.0.jar:/root/.m2/repository/io/opentracing/opentracing-noop/0.31.0/opentracing-noop-0.31.0.jar:/root/.m2/repository/org/apache/hadoop/hadoop-hdds-server-framework/0.5.0-SNAPSHOT/hadoop-hdds-server-framework-0.5.0-SNAPSHOT.jar:/root/.m2/repository/org/apache/hadoop/hadoop-hdds-server-scm/0.5.0-SNAPSHOT/hadoop-hdds-server-scm-0.5.0-SNAPSHOT.jar:/root/.m2/repository/org/apache/hadoop/hadoop-hdds-container-service/0.5.0-SNAPSHOT/hadoop-hdds-container-service-0.5.0-SNAPSHOT.jar:/root/.m2/repository/org/apache/hadoop/hadoop-hdds-client/0.5.0-SNAPSHOT/hadoop-hdds-client-0.5.0-SNAPSHOT.jar:/root/.m2/repository/org/apache/hadoop/hadoop-hdds-tools/0.5.0-SNAPSHOT/hadoop-hdds-tools-0.5.0-SNAPSHOT.jar:/root/.m2/repository/org/apache/hadoop/hadoop-ozone-ozone-manager/0.5.0-SNAPSHOT/hadoop-ozone-ozone-manager-0.5.0-SNAPSHOT.jar:/root/.m2/repository/org/apache/hadoop/hadoop-hdds-docs/0.5.0-SNAPSHOT/hadoop-hdds-docs-0.5.0-SNAPSHOT.jar:/root/.m2/repository/org/bouncycastle/bcprov-jdk15on/1.60/bcprov-jdk15on-1.60.jar:/root/.m2/repository/org/apache/hadoop/hadoop-minikdc/3.2.0/hadoop-minikdc-3.2.0.jar:/root/.m2/repository/commons-io/commons-io/2.5/commons-io-2.5.jar:/root/.m2/repository/org/apache/kerby/kerb-simplekdc/1.0.1/kerb-simplekdc-1.0.1.jar:/root/.m2/repository/org/apache/kerby/kerb-client/1.0.1/kerb-client-1.0.1.jar:/root/.m2/repository/org/apache/kerby/kerby-config/1.0.1/kerby-config-1.0.1.jar:/root/.m2/repository/org/apache/kerby/kerb-core/1.0.1/kerb-core-1.0.1.jar:/root/.m2/repository/org/apache/kerby/kerby-pkix/1.0.1/kerby-pkix-1.0.1.jar:/root/.m2/repository/org/apache/kerby/kerby-asn1/1.0.1/kerby-asn1-1.0.1.jar:/root/.m2/repository/org/apache/kerby/kerby-util/1.0.1/kerby-util-1.0.1.jar:/root/.m2/repository/org/apache/kerby/kerb-common/1.0.1/kerb-common-1.0.1.jar:/root/.m2/repository/org/apache/kerby/kerb-crypto/1.0.1/kerb-crypto-1.0.1.jar:/root/.m2/repository/org/apache/kerby/kerb-util/1.0.1/kerb-util-1.0.1.jar:/root/.m2/repository/org/apache/kerby/token-provider/1.0.1/token-provider-1.0.1.jar:/root/.m2/repository/org/apache/kerby/kerb-admin/1.0.1/kerb-admin-1.0.1.jar:/root/.m2/repository/org/apache/kerby/kerb-server/1.0.1/kerb-server-1.0.1.jar:/root/.m2/repository/org/apache/kerby/kerb-identity/1.0.1/kerb-identity-1.0.1.jar:/root/.m2/repository/org/apache/kerby/kerby-xdr/1.0.1/kerby-xdr-1.0.1.jar:/root/.m2/repository/org/slf4j/slf4j-log4j12/1.7.25/slf4j-log4j12-1.7.25.jar:/root/.m2/repository/org/apache/hadoop/hadoop-ozone-objectstore-service/0.5.0-SNAPSHOT/hadoop-ozone-objectstore-service-0.5.0-SNAPSHOT.jar:/root/.m2/repository/org/apache/hadoop/hadoop-ozone-s3gateway/0.5.0-SNAPSHOT/hadoop-ozone-s3gateway-0.5.0-SNAPSHOT.jar:/root/.m2/repository/org/jboss/weld/servlet/weld-servlet/2.4.7.Final/weld-servlet-2.4.7.Final.jar:/root/.m2/repository/org/glassfish/jersey/containers/jersey-container-servlet-core/2.27/jersey-container-servlet-core-2.27.jar:/root/.m2/repository/org/glassfish/hk2/external/javax.inject/2.5.0-b42/javax.inject-2.5.0-b42.jar:/root/.m2/repository/org/glassfish/jersey/core/jersey-common/2.27/jersey-common-2.27.jar:/root/.m2/repository/org/glassfish/hk2/osgi-resource-locator/1.0.1/osgi-resource-locator-1.0.1.jar:/root/.m2/repository/javax/ws/rs/javax.ws.rs-api/2.1/javax.ws.rs-api-2.1.jar:/root/.m2/repository/org/glassfish/jersey/ext/cdi/jersey-cdi1x/2.27/jersey-cdi1x-2.27.jar:/root/.m2/repository/org/glassfish/jersey/inject/jersey-hk2/2.27/jersey-hk2-2.27.jar:/root/.m2/repository/org/glassfish/hk2/hk2-locator/2.5.0-b42/hk2-locator-2.5.0-b42.jar:/root/.m2/repository/org/javassist/javassist/3.22.0-CR2/javassist-3.22.0-CR2.jar:/root/.m2/repository/org/glassfish/hk2/hk2-api/2.5.0/hk2-api-2.5.0.jar:/root/.m2/repository/org/glassfish/hk2/external/jakarta.inject/2.5.0/jakarta.inject-2.5.0.jar:/root/.m2/repository/org/glassfish/hk2/hk2-utils/2.5.0/hk2-utils-2.5.0.jar:/root/.m2/repository/jakarta/annotation/jakarta.annotation-api/1.3.4/jakarta.annotation-api-1.3.4.jar:/root/.m2/repository/org/glassfish/hk2/external/aopalliance-repackaged/2.5.0/aopalliance-repackaged-2.5.0.jar:/root/.m2/repository/com/fasterxml/jackson/dataformat/jackson-dataformat-xml/2.9.0/jackson-dataformat-xml-2.9.0.jar:/root/.m2/repository/com/fasterxml/jackson/core/jackson-core/2.9.5/jackson-core-2.9.5.jar:/root/.m2/repository/com/fasterxml/jackson/module/jackson-module-jaxb-annotations/2.9.5/jackson-module-jaxb-annotations-2.9.5.jar:/root/.m2/repository/javax/enterprise/cdi-api/1.2/cdi-api-1.2.jar:/root/.m2/repository/javax/el/javax.el-api/3.0.0/javax.el-api-3.0.0.jar:/root/.m2/repository/javax/interceptor/javax.interceptor-api/1.2/javax.interceptor-api-1.2.jar:/root/.m2/repository/javax/inject/javax.inject/1/javax.inject-1.jar:/root/.m2/repository/com/sun/xml/bind/jaxb-impl/2.3.0.1/jaxb-impl-2.3.0.1.jar:/root/.m2/repository/com/sun/xml/bind/jaxb-core/2.3.0.1/jaxb-core-2.3.0.1.jar:/root/.m2/repository/javax/xml/bind/jaxb-api/2.3.0/jaxb-api-2.3.0.jar:/root/.m2/repository/javax/activation/activation/1.1.1/activation-1.1.1.jar:/root/.m2/repository/org/apache/hadoop/hadoop-ozone-csi/0.5.0-SNAPSHOT/hadoop-ozone-csi-0.5.0-SNAPSHOT.jar:/root/.m2/repository/com/google/protobuf/protobuf-java-util/3.5.1/protobuf-java-util-3.5.1.jar:/root/.m2/repository/org/apache/hadoop/hadoop-hdds-config/0.5.0-SNAPSHOT/hadoop-hdds-config-0.5.0-SNAPSHOT.jar:/root/.m2/repository/com/google/guava/guava/11.0.2/guava-11.0.2.jar:/root/.m2/repository/com/google/protobuf/protobuf-java/2.5.0/protobuf-java-2.5.0.jar:/root/.m2/repository/io/grpc/grpc-netty/1.17.1/grpc-netty-1.17.1.jar:/root/.m2/repository/io/grpc/grpc-core/1.17.1/grpc-core-1.17.1.jar:/root/.m2/repository/io/grpc/grpc-context/1.17.1/grpc-context-1.17.1.jar:/root/.m2/repository/com/google/errorprone/error_prone_annotations/2.2.0/error_prone_annotations-2.2.0.jar:/root/.m2/repository/org/codehaus/mojo/animal-sniffer-annotations/1.17/animal-sniffer-annotations-1.17.jar:/root/.m2/repository/io/opencensus/opencensus-api/0.17.0/opencensus-api-0.17.0.jar:/root/.m2/repository/io/opencensus/opencensus-contrib-grpc-metrics/0.17.0/opencensus-contrib-grpc-metrics-0.17.0.jar:/root/.m2/repository/io/netty/netty-codec-http2/4.1.30.Final/netty-codec-http2-4.1.30.Final.jar:/root/.m2/repository/io/netty/netty-codec-http/4.1.30.Final/netty-codec-http-4.1.30.Final.jar:/root/.m2/repository/io/netty/netty-codec/4.1.30.Final/netty-codec-4.1.30.Final.jar:/root/.m2/repository/io/netty/netty-handler/4.1.30.Final/netty-handler-4.1.30.Final.jar:/root/.m2/repository/io/netty/netty-handler-proxy/4.1.30.Final/netty-handler-proxy-4.1.30.Final.jar:/root/.m2/repository/io/netty/netty-codec-socks/4.1.30.Final/netty-codec-socks-4.1.30.Final.jar:/root/.m2/repository/io/netty/netty-transport-native-epoll/4.1.30.Final/netty-transport-native-epoll-4.1.30.Final.jar:/root/.m2/repository/io/netty/netty-common/4.1.30.Final/netty-common-4.1.30.Final.jar:/root/.m2/repository/io/netty/netty-buffer/4.1.30.Final/netty-buffer-4.1.30.Final.jar:/root/.m2/repository/io/netty/netty-transport/4.1.30.Final/netty-transport-4.1.30.Final.jar:/root/.m2/repository/io/netty/netty-resolver/4.1.30.Final/netty-resolver-4.1.30.Final.jar:/root/.m2/repository/io/netty/netty-transport-native-unix-common/4.1.30.Final/netty-transport-native-unix-common-4.1.30.Final.jar:/root/.m2/repository/io/grpc/grpc-protobuf/1.17.1/grpc-protobuf-1.17.1.jar:/root/.m2/repository/com/google/api/grpc/proto-google-common-protos/1.0.0/proto-google-common-protos-1.0.0.jar:/root/.m2/repository/io/grpc/grpc-protobuf-lite/1.17.1/grpc-protobuf-lite-1.17.1.jar:/root/.m2/repository/io/grpc/grpc-stub/1.17.1/grpc-stub-1.17.1.jar:/root/.m2/repository/org/apache/hadoop/hadoop-ozone-recon/0.5.0-SNAPSHOT/hadoop-ozone-recon-0.5.0-SNAPSHOT.jar:/root/.m2/repository/org/apache/hadoop/hadoop-ozone-reconcodegen/0.5.0-SNAPSHOT/hadoop-ozone-reconcodegen-0.5.0-SNAPSHOT.jar:/root/.m2/repository/com/google/inject/extensions/guice-multibindings/4.0/guice-multibindings-4.0.jar:/root/.m2/repository/com/google/inject/guice/4.0/guice-4.0.jar:/root/.m2/repository/aopalliance/aopalliance/1.0/aopalliance-1.0.jar:/root/.m2/repository/com/google/inject/extensions/guice-servlet/4.0/guice-servlet-4.0.jar:/root/.m2/repository/org/glassfish/jersey/containers/jersey-container-servlet/2.27/jersey-container-servlet-2.27.jar:/root/.m2/repository/org/glassfish/hk2/guice-bridge/2.5.0/guice-bridge-2.5.0.jar:/root/.m2/repository/org/glassfish/jersey/core/jersey-server/2.27/jersey-server-2.27.jar:/root/.m2/repository/org/glassfish/jersey/core/jersey-client/2.27/jersey-client-2.27.jar:/root/.m2/repository/org/glassfish/jersey/media/jersey-media-jaxb/2.27/jersey-media-jaxb-2.27.jar:/root/.m2/repository/javax/validation/validation-api/1.1.0.Final/validation-api-1.1.0.Final.jar:/root/.m2/repository/org/glassfish/jersey/media/jersey-media-json-jackson/2.27/jersey-media-json-jackson-2.27.jar:/root/.m2/repository/org/glassfish/jersey/ext/jersey-entity-filtering/2.27/jersey-entity-filtering-2.27.jar:/root/.m2/repository/com/google/inject/extensions/guice-assistedinject/4.0/guice-assistedinject-4.0.jar:/root/.m2/repository/org/jooq/jooq/3.11.10/jooq-3.11.10.jar:/root/.m2/repository/org/jooq/jooq-meta/3.11.10/jooq-meta-3.11.10.jar:/root/.m2/repository/org/jooq/jooq-codegen/3.11.10/jooq-codegen-3.11.10.jar:/root/.m2/repository/com/jolbox/bonecp/0.8.0.RELEASE/bonecp-0.8.0.RELEASE.jar:/root/.m2/repository/org/xerial/sqlite-jdbc/3.25.2/sqlite-jdbc-3.25.2.jar:/root/.m2/repository/org/springframework/spring-jdbc/5.1.3.RELEASE/spring-jdbc-5.1.3.RELEASE.jar:/root/.m2/repository/org/springframework/spring-beans/5.1.3.RELEASE/spring-beans-5.1.3.RELEASE.jar:/root/.m2/repository/org/springframework/spring-core/5.1.3.RELEASE/spring-core-5.1.3.RELEASE.jar:/root/.m2/repository/org/springframework/spring-jcl/5.1.3.RELEASE/spring-jcl-5.1.3.RELEASE.jar:/root/.m2/repository/org/springframework/spring-tx/5.1.3.RELEASE/spring-tx-5.1.3.RELEASE.jar:/root/.m2/repository/org/apache/hadoop/hadoop-ozone-client/0.5.0-SNAPSHOT/hadoop-ozone-client-0.5.0-SNAPSHOT.jar:/root/.m2/repository/org/apache/hadoop/hadoop-ozone-ozone-manager/0.5.0-SNAPSHOT/hadoop-ozone-ozone-manager-0.5.0-SNAPSHOT-tests.jar:/root/.m2/repository/junit/junit/4.11/junit-4.11.jar:/root/.m2/repository/org/hamcrest/hamcrest-core/1.3/hamcrest-core-1.3.jar:/root/.m2/repository/org/openjdk/jmh/jmh-core/1.19/jmh-core-1.19.jar:/root/.m2/repository/net/sf/jopt-simple/jopt-simple/4.6/jopt-simple-4.6.jar:/root/.m2/repository/org/apache/commons/commons-math3/3.1.1/commons-math3-3.1.1.jar:/root/.m2/repository/org/openjdk/jmh/jmh-generator-annprocess/1.19/jmh-generator-annprocess-1.19.jar:/root/.m2/repository/org/mockito/mockito-all/1.8.5/mockito-all-1.8.5.jar:/root/.m2/repository/org/apache/hadoop/hadoop-kms/3.2.0/hadoop-kms-3.2.0.jar:/root/.m2/repository/org/apache/hadoop/hadoop-auth/3.2.0/hadoop-auth-3.2.0.jar:/root/.m2/repository/com/nimbusds/nimbus-jose-jwt/4.41.1/nimbus-jose-jwt-4.41.1.jar:/root/.m2/repository/com/github/stephenc/jcip/jcip-annotations/1.0-1/jcip-annotations-1.0-1.jar:/root/.m2/repository/net/minidev/json-smart/2.3/json-smart-2.3.jar:/root/.m2/repository/net/minidev/accessors-smart/1.2/accessors-smart-1.2.jar:/root/.m2/repository/org/ow2/asm/asm/5.0.4/asm-5.0.4.jar:/root/.m2/repository/org/apache/curator/curator-framework/2.12.0/curator-framework-2.12.0.jar:/root/.m2/repository/com/sun/jersey/jersey-core/1.19/jersey-core-1.19.jar:/root/.m2/repository/javax/ws/rs/jsr311-api/1.1.1/jsr311-api-1.1.1.jar:/root/.m2/repository/com/sun/jersey/jersey-server/1.19/jersey-server-1.19.jar:/root/.m2/repository/javax/servlet/javax.servlet-api/3.1.0/javax.servlet-api-3.1.0.jar:/root/.m2/repository/org/eclipse/jetty/jetty-server/9.3.24.v20180605/jetty-server-9.3.24.v20180605.jar:/root/.m2/repository/org/eclipse/jetty/jetty-http/9.3.24.v20180605/jetty-http-9.3.24.v20180605.jar:/root/.m2/repository/org/eclipse/jetty/jetty-io/9.3.24.v20180605/jetty-io-9.3.24.v20180605.jar:/root/.m2/repository/org/eclipse/jetty/jetty-webapp/9.3.24.v20180605/jetty-webapp-9.3.24.v20180605.jar:/root/.m2/repository/org/eclipse/jetty/jetty-xml/9.3.24.v20180605/jetty-xml-9.3.24.v20180605.jar:/root/.m2/repository/log4j/log4j/1.2.17/log4j-1.2.17.jar:/root/.m2/repository/org/slf4j/slf4j-api/1.7.25/slf4j-api-1.7.25.jar:/root/.m2/repository/org/slf4j/jul-to-slf4j/1.7.25/jul-to-slf4j-1.7.25.jar:/root/.m2/repository/org/eclipse/jetty/jetty-util/9.3.24.v20180605/jetty-util-9.3.24.v20180605.jar:/root/.m2/repository/io/dropwizard/metrics/metrics-core/3.2.4/metrics-core-3.2.4.jar:/root/.m2/repository/com/fasterxml/jackson/core/jackson-databind/2.9.5/jackson-databind-2.9.5.jar:/root/.m2/repository/org/apache/hadoop/hadoop-kms/3.2.0/hadoop-kms-3.2.0-tests.jar:/root/.m2/repository/org/apache/hadoop/hadoop-hdds-server-scm/0.5.0-SNAPSHOT/hadoop-hdds-server-scm-0.5.0-SNAPSHOT-tests.jar:/root/.m2/repository/org/hamcrest/hamcrest-all/1.3/hamcrest-all-1.3.jar:/root/.m2/repository/info/picocli/picocli/3.9.6/picocli-3.9.6.jar:/root/.m2/repository/org/apache/hadoop/hadoop-hdds-container-service/0.5.0-SNAPSHOT/hadoop-hdds-container-service-0.5.0-SNAPSHOT-tests.jar:/root/.m2/repository/org/yaml/snakeyaml/1.16/snakeyaml-1.16.jar:/root/.m2/repository/org/apache/hadoop/hadoop-common/3.2.0/hadoop-common-3.2.0-tests.jar:/root/.m2/repository/org/apache/hadoop/hadoop-annotations/3.2.0/hadoop-annotations-3.2.0.jar:/usr/lib/jvm/java-1.8-openjdk/jre/../lib/tools.jar:/root/.m2/repository/commons-cli/commons-cli/1.2/commons-cli-1.2.jar:/root/.m2/repository/org/apache/httpcomponents/httpclient/4.5.2/httpclient-4.5.2.jar:/root/.m2/repository/org/apache/httpcomponents/httpcore/4.4.4/httpcore-4.4.4.jar:/root/.m2/repository/commons-codec/commons-codec/1.11/commons-codec-1.11.jar:/root/.m2/repository/commons-net/commons-net/3.6/commons-net-3.6.jar:/root/.m2/repository/commons-collections/commons-collections/3.2.2/commons-collections-3.2.2.jar:/root/.m2/repository/org/eclipse/jetty/jetty-servlet/9.3.24.v20180605/jetty-servlet-9.3.24.v20180605.jar:/root/.m2/repository/org/eclipse/jetty/jetty-security/9.3.24.v20180605/jetty-security-9.3.24.v20180605.jar:/root/.m2/repository/javax/servlet/jsp/jsp-api/2.1/jsp-api-2.1.jar:/root/.m2/repository/com/sun/jersey/jersey-servlet/1.19/jersey-servlet-1.19.jar:/root/.m2/repository/com/sun/jersey/jersey-json/1.19/jersey-json-1.19.jar:/root/.m2/repository/org/codehaus/jettison/jettison/1.1/jettison-1.1.jar:/root/.m2/repository/org/codehaus/jackson/jackson-core-asl/1.9.13/jackson-core-asl-1.9.13.jar:/root/.m2/repository/org/codehaus/jackson/jackson-mapper-asl/1.9.13/jackson-mapper-asl-1.9.13.jar:/root/.m2/repository/org/codehaus/jackson/jackson-jaxrs/1.9.13/jackson-jaxrs-1.9.13.jar:/root/.m2/repository/org/codehaus/jackson/jackson-xc/1.9.13/jackson-xc-1.9.13.jar:/root/.m2/repository/commons-logging/commons-logging/1.1.3/commons-logging-1.1.3.jar:/root/.m2/repository/commons-beanutils/commons-beanutils/1.9.3/commons-beanutils-1.9.3.jar:/root/.m2/repository/org/apache/commons/commons-configuration2/2.1.1/commons-configuration2-2.1.1.jar:/root/.m2/repository/org/apache/commons/commons-lang3/3.7/commons-lang3-3.7.jar:/root/.m2/repository/org/apache/commons/commons-text/1.4/commons-text-1.4.jar:/root/.m2/repository/org/apache/avro/avro/1.7.7/avro-1.7.7.jar:/root/.m2/repository/com/thoughtworks/paranamer/paranamer/2.3/paranamer-2.3.jar:/root/.m2/repository/org/xerial/snappy/snappy-java/1.0.5/snappy-java-1.0.5.jar:/root/.m2/repository/com/google/re2j/re2j/1.1/re2j-1.1.jar:/root/.m2/repository/com/google/code/gson/gson/2.2.4/gson-2.2.4.jar:/root/.m2/repository/com/jcraft/jsch/0.1.54/jsch-0.1.54.jar:/root/.m2/repository/org/apache/curator/curator-client/2.12.0/curator-client-2.12.0.jar:/root/.m2/repository/org/apache/curator/curator-recipes/2.12.0/curator-recipes-2.12.0.jar:/root/.m2/repository/com/google/code/findbugs/jsr305/3.0.0/jsr305-3.0.0.jar:/root/.m2/repository/org/apache/htrace/htrace-core4/4.1.0-incubating/htrace-core4-4.1.0-incubating.jar:/root/.m2/repository/org/apache/zookeeper/zookeeper/3.4.13/zookeeper-3.4.13.jar:/root/.m2/repository/org/apache/yetus/audience-annotations/0.5.0/audience-annotations-0.5.0.jar:/root/.m2/repository/org/codehaus/woodstox/stax2-api/3.1.4/stax2-api-3.1.4.jar:/root/.m2/repository/com/fasterxml/woodstox/woodstox-core/5.0.3/woodstox-core-5.0.3.jar:/root/.m2/repository/dnsjava/dnsjava/2.1.7/dnsjava-2.1.7.jar:/root/.m2/repository/org/apache/hadoop/hadoop-hdfs/3.2.0/hadoop-hdfs-3.2.0-tests.jar:/root/.m2/repository/org/eclipse/jetty/jetty-util-ajax/9.3.24.v20180605/jetty-util-ajax-9.3.24.v20180605.jar:/root/.m2/repository/commons-daemon/commons-daemon/1.0.13/commons-daemon-1.0.13.jar:/root/.m2/repository/io/netty/netty/3.10.5.Final/netty-3.10.5.Final.jar:/root/.m2/repository/io/netty/netty-all/4.0.52.Final/netty-all-4.0.52.Final.jar:/root/.m2/repository/org/fusesource/leveldbjni/leveldbjni-all/1.8/leveldbjni-all-1.8.jar:"/>
    <property name="sun.cpu.endian" value="little"/>
    <property name="user.home" value="/root"/>
    <property name="user.language" value="en"/>
    <property name="java.specification.vendor" value="Oracle Corporation"/>
    <property name="java.home" value="/usr/lib/jvm/java-1.8-openjdk/jre"/>
    <property name="java.security.krb5.conf" value="/opt/src/hadoop-ozone/integration-test/target/test-classes/krb5.conf"/>
    <property name="basedir" value="/opt/src/hadoop-ozone/integration-test"/>
    <property name="file.separator" value="/"/>
    <property name="line.separator" value="&#10;"/>
    <property name="java.vm.specification.vendor" value="Oracle Corporation"/>
    <property name="java.specification.name" value="Java Platform API Specification"/>
    <property name="java.awt.graphicsenv" value="sun.awt.X11GraphicsEnvironment"/>
    <property name="surefire.real.class.path" value="/opt/src/hadoop-ozone/integration-test/target/surefire/surefirebooter1694191371873155402.jar"/>
    <property name="hadoop.log.dir" value="/opt/src/hadoop-ozone/integration-test/target/log"/>
    <property name="sun.boot.class.path" value="/usr/lib/jvm/java-1.8-openjdk/jre/lib/resources.jar:/usr/lib/jvm/java-1.8-openjdk/jre/lib/rt.jar:/usr/lib/jvm/java-1.8-openjdk/jre/lib/sunrsasign.jar:/usr/lib/jvm/java-1.8-openjdk/jre/lib/jsse.jar:/usr/lib/jvm/java-1.8-openjdk/jre/lib/jce.jar:/usr/lib/jvm/java-1.8-openjdk/jre/lib/charsets.jar:/usr/lib/jvm/java-1.8-openjdk/jre/lib/jfr.jar:/usr/lib/jvm/java-1.8-openjdk/jre/classes"/>
    <property name="sun.management.compiler" value="HotSpot 64-Bit Tiered Compilers"/>
    <property name="java.runtime.version" value="1.8.0_212-b04"/>
    <property name="java.net.preferIPv4Stack" value="true"/>
    <property name="user.name" value="root"/>
    <property name="path.separator" value=":"/>
    <property name="java.security.egd" value="file:///dev/urandom"/>
    <property name="os.version" value="4.15.0-1021-aws"/>
    <property name="java.endorsed.dirs" value="/usr/lib/jvm/java-1.8-openjdk/jre/lib/endorsed"/>
    <property name="java.runtime.name" value="OpenJDK Runtime Environment"/>
    <property name="file.encoding" value="UTF-8"/>
    <property name="java.vm.name" value="OpenJDK 64-Bit Server VM"/>
    <property name="test.build.webapps" value=""/>
    <property name="localRepository" value="/root/.m2/repository"/>
    <property name="java.vendor.url.bug" value="https://icedtea.classpath.org/bugzilla"/>
    <property name="java.io.tmpdir" value="/tmp"/>
    <property name="require.test.libhadoop" value=""/>
    <property name="java.version" value="1.8.0_212"/>
    <property name="user.dir" value="/opt/src/hadoop-ozone/integration-test"/>
    <property name="os.arch" value="amd64"/>
    <property name="java.vm.specification.name" value="Java Virtual Machine Specification"/>
    <property name="test.build.classes" value="/opt/src/hadoop-ozone/integration-test/target/test-classes"/>
    <property name="java.awt.printerjob" value="sun.print.PSPrinterJob"/>
    <property name="sun.os.patch.level" value="unknown"/>
    <property name="hadoop.tmp.dir" value="/opt/src/hadoop-ozone/integration-test/target/tmp"/>
    <property name="java.library.path" value="/usr/lib/jvm/java-1.8-openjdk/jre/lib/amd64/server:/usr/lib/jvm/java-1.8-openjdk/jre/lib/amd64:/usr/lib/jvm/java-1.8-openjdk/jre/../lib/amd64:/opt/src/hadoop-ozone/integration-test/target/native/target/usr/local/lib:/opt/src/hadoop-ozone/integration-test/../../hadoop-common-project/hadoop-common/target/native/target/usr/local/lib:/usr/java/packages/lib/amd64:/usr/lib64:/lib64:/lib:/usr/lib"/>
    <property name="java.vm.info" value="mixed mode"/>
    <property name="java.vendor" value="IcedTea"/>
    <property name="java.vm.version" value="25.212-b04"/>
    <property name="java.ext.dirs" value="/usr/lib/jvm/java-1.8-openjdk/jre/lib/ext:/usr/java/packages/lib/ext"/>
    <property name="sun.io.unicode.encoding" value="UnicodeLittle"/>
    <property name="java.class.version" value="52.0"/>
  </properties>
  <testcase name="testPipelineFail" classname="org.apache.hadoop.hdds.scm.pipeline.TestNodeFailure" time="0">
    <skipped/>
    <system-out><![CDATA[2019-06-12 23:43:40,242 WARN  server.ServerUtils (ServerUtils.java:getScmDbDir(145)) - ozone.scm.db.dirs is not configured. We recommend adding this setting. Falling back to ozone.metadata.dirs instead.
2019-06-12 23:43:40,313 WARN  server.ServerUtils (ServerUtils.java:getScmDbDir(145)) - ozone.scm.db.dirs is not configured. We recommend adding this setting. Falling back to ozone.metadata.dirs instead.
2019-06-12 23:43:40,315 WARN  server.ServerUtils (ServerUtils.java:getScmDbDir(145)) - ozone.scm.db.dirs is not configured. We recommend adding this setting. Falling back to ozone.metadata.dirs instead.
2019-06-12 23:43:40,329 INFO  util.log (Log.java:initialized(192)) - Logging initialized @672ms
2019-06-12 23:43:40,408 INFO  db.DBStoreBuilder (DBStoreBuilder.java:addTable(110)) - using custom profile for table: deletedBlocks
2019-06-12 23:43:40,408 INFO  db.DBStoreBuilder (DBStoreBuilder.java:processTables(161)) - Using default column profile:DBProfile.DISK for Table:deletedBlocks
2019-06-12 23:43:40,408 INFO  db.DBStoreBuilder (DBStoreBuilder.java:addTable(110)) - using custom profile for table: validCerts
2019-06-12 23:43:40,408 INFO  db.DBStoreBuilder (DBStoreBuilder.java:processTables(161)) - Using default column profile:DBProfile.DISK for Table:validCerts
2019-06-12 23:43:40,409 INFO  db.DBStoreBuilder (DBStoreBuilder.java:addTable(110)) - using custom profile for table: revokedCerts
2019-06-12 23:43:40,409 INFO  db.DBStoreBuilder (DBStoreBuilder.java:processTables(161)) - Using default column profile:DBProfile.DISK for Table:revokedCerts
2019-06-12 23:43:40,418 INFO  db.DBStoreBuilder (DBStoreBuilder.java:addTable(110)) - using custom profile for table: default
2019-06-12 23:43:40,418 INFO  db.DBStoreBuilder (DBStoreBuilder.java:processTables(167)) - Using default column profile:DBProfile.DISK for Table:default
2019-06-12 23:43:40,419 INFO  db.DBStoreBuilder (DBStoreBuilder.java:getDbProfile(198)) - Using default options. DBProfile.DISK
2019-06-12 23:43:40,484 INFO  node.SCMNodeManager (SCMNodeManager.java:<init>(108)) - Entering startup safe mode.
2019-06-12 23:43:40,533 INFO  net.NodeSchemaLoader (NodeSchemaLoader.java:loadSchemaFromFile(125)) - Loading file from sun.misc.CompoundEnumeration@443118b0
2019-06-12 23:43:40,535 INFO  net.NodeSchemaLoader (NodeSchemaLoader.java:loadSchema(171)) - Loading network topology layer schema file
2019-06-12 23:43:40,581 WARN  server.ServerUtils (ServerUtils.java:getScmDbDir(145)) - ozone.scm.db.dirs is not configured. We recommend adding this setting. Falling back to ozone.metadata.dirs instead.
2019-06-12 23:43:40,599 INFO  pipeline.SCMPipelineManager (SCMPipelineManager.java:initializePipelineState(126)) - No pipeline exists in current db
2019-06-12 23:43:40,600 WARN  server.ServerUtils (ServerUtils.java:getScmDbDir(145)) - ozone.scm.db.dirs is not configured. We recommend adding this setting. Falling back to ozone.metadata.dirs instead.
2019-06-12 23:43:40,650 WARN  events.EventQueue (EventQueue.java:fireEvent(175)) - No event handler registered for event TypedEvent{payloadType=SafeModeStatus, name='SafeModeStatus'}
2019-06-12 23:43:40,917 INFO  ipc.CallQueueManager (CallQueueManager.java:<init>(84)) - Using callQueue: class java.util.concurrent.LinkedBlockingQueue, queueCapacity: 2000, scheduler: class org.apache.hadoop.ipc.DefaultRpcScheduler, ipcBackoff: false.
2019-06-12 23:43:40,940 INFO  ipc.Server (Server.java:run(1074)) - Starting Socket Reader #1 for port 37725
2019-06-12 23:43:40,960 INFO  ipc.CallQueueManager (CallQueueManager.java:<init>(84)) - Using callQueue: class java.util.concurrent.LinkedBlockingQueue, queueCapacity: 2000, scheduler: class org.apache.hadoop.ipc.DefaultRpcScheduler, ipcBackoff: false.
2019-06-12 23:43:40,961 INFO  ipc.Server (Server.java:run(1074)) - Starting Socket Reader #1 for port 44607
2019-06-12 23:43:40,967 INFO  ipc.CallQueueManager (CallQueueManager.java:<init>(84)) - Using callQueue: class java.util.concurrent.LinkedBlockingQueue, queueCapacity: 2000, scheduler: class org.apache.hadoop.ipc.DefaultRpcScheduler, ipcBackoff: false.
2019-06-12 23:43:40,996 INFO  ipc.Server (Server.java:run(1074)) - Starting Socket Reader #1 for port 41971
2019-06-12 23:43:41,046 INFO  hdfs.DFSUtil (DFSUtil.java:httpServerTemplateForNNAndJN(1641)) - Starting Web-server for scm at: http://0.0.0.0:0
2019-06-12 23:43:41,179 INFO  server.AuthenticationFilter (AuthenticationFilter.java:constructSecretProvider(240)) - Unable to initialize FileSignerSecretProvider, falling back to use random secrets.
2019-06-12 23:43:41,185 WARN  http.HttpRequestLog (HttpRequestLog.java:getRequestLog(97)) - Jetty request log can only be enabled using Log4j
2019-06-12 23:43:41,191 INFO  http.HttpServer2 (HttpServer2.java:addGlobalFilter(975)) - Added global filter 'safety' (class=org.apache.hadoop.http.HttpServer2$QuotingInputFilter)
2019-06-12 23:43:41,194 INFO  http.HttpServer2 (HttpServer2.java:addFilter(948)) - Added filter static_user_filter (class=org.apache.hadoop.http.lib.StaticUserWebFilter$StaticUserFilter) to context scm
2019-06-12 23:43:41,194 INFO  http.HttpServer2 (HttpServer2.java:addFilter(958)) - Added filter static_user_filter (class=org.apache.hadoop.http.lib.StaticUserWebFilter$StaticUserFilter) to context logs
2019-06-12 23:43:41,194 INFO  http.HttpServer2 (HttpServer2.java:addFilter(958)) - Added filter static_user_filter (class=org.apache.hadoop.http.lib.StaticUserWebFilter$StaticUserFilter) to context static
2019-06-12 23:43:41,217 INFO  server.StorageContainerManager (StorageContainerManager.java:start(752)) - StorageContainerLocationProtocol RPC server is listening at /0.0.0.0:41971
2019-06-12 23:43:41,259 WARN  impl.MetricsConfig (MetricsConfig.java:loadFirst(134)) - Cannot locate configuration: tried hadoop-metrics2-storagecontainermanager.properties,hadoop-metrics2.properties
2019-06-12 23:43:41,268 INFO  impl.MetricsSystemImpl (MetricsSystemImpl.java:startTimer(374)) - Scheduled Metric snapshot period at 10 second(s).
2019-06-12 23:43:41,268 INFO  impl.MetricsSystemImpl (MetricsSystemImpl.java:start(191)) - StorageContainerManager metrics system started
2019-06-12 23:43:41,428 INFO  server.SCMClientProtocolServer (SCMClientProtocolServer.java:start(149)) - RPC server for Client  is listening at /0.0.0.0:41971
2019-06-12 23:43:41,428 INFO  ipc.Server (Server.java:run(1314)) - IPC Server Responder: starting
2019-06-12 23:43:41,428 INFO  ipc.Server (Server.java:run(1153)) - IPC Server listener on 41971: starting
2019-06-12 23:43:41,431 INFO  server.StorageContainerManager (StorageContainerManager.java:start(761)) - ScmBlockLocationProtocol RPC server is listening at /0.0.0.0:44607
2019-06-12 23:43:41,431 INFO  server.SCMBlockProtocolServer (SCMBlockProtocolServer.java:start(137)) - RPC server for Block Protocol is listening at /0.0.0.0:44607
2019-06-12 23:43:41,431 INFO  ipc.Server (Server.java:run(1314)) - IPC Server Responder: starting
2019-06-12 23:43:41,431 INFO  ipc.Server (Server.java:run(1153)) - IPC Server listener on 44607: starting
2019-06-12 23:43:41,433 INFO  server.StorageContainerManager (StorageContainerManager.java:start(765)) - ScmDatanodeProtocl RPC server is listening at /0.0.0.0:37725
2019-06-12 23:43:41,433 INFO  server.SCMDatanodeProtocolServer (SCMDatanodeProtocolServer.java:start(191)) - RPC server for DataNodes is listening at /0.0.0.0:37725
2019-06-12 23:43:41,434 INFO  ipc.Server (Server.java:run(1314)) - IPC Server Responder: starting
2019-06-12 23:43:41,434 INFO  ipc.Server (Server.java:run(1153)) - IPC Server listener on 37725: starting
2019-06-12 23:43:41,437 INFO  http.HttpServer2 (HttpServer2.java:bindListener(1191)) - Jetty bound to port 44691
2019-06-12 23:43:41,439 INFO  server.Server (Server.java:doStart(351)) - jetty-9.3.24.v20180605, build timestamp: 2018-06-05T17:11:56Z, git hash: 84205aa28f11a4f31f2a3b86d1bba2cc8ab69827
2019-06-12 23:43:41,476 INFO  handler.ContextHandler (ContextHandler.java:doStart(781)) - Started o.e.j.s.ServletContextHandler@2df6226d{/logs,file:///opt/src/hadoop-ozone/integration-test/target/log,AVAILABLE}
2019-06-12 23:43:41,477 INFO  handler.ContextHandler (ContextHandler.java:doStart(781)) - Started o.e.j.s.ServletContextHandler@4ff4357f{/static,file:///opt/src/hadoop-ozone/integration-test/target/test-classes/webapps/static,AVAILABLE}
2019-06-12 23:43:41,501 INFO  handler.ContextHandler (ContextHandler.java:doStart(781)) - Started o.e.j.w.WebAppContext@2484f433{/,file:///opt/src/hadoop-ozone/integration-test/target/test-classes/webapps/scm/,AVAILABLE}{/scm}
2019-06-12 23:43:41,505 INFO  server.AbstractConnector (AbstractConnector.java:doStart(278)) - Started ServerConnector@841e575{HTTP/1.1,[http/1.1]}{0.0.0.0:44691}
2019-06-12 23:43:41,506 INFO  server.Server (Server.java:doStart(419)) - Started @1848ms
2019-06-12 23:43:41,506 INFO  server.BaseHttpServer (BaseHttpServer.java:updateConnectorAddress(207)) - HTTP server of SCM is listening at http://0.0.0.0:44691
2019-06-12 23:43:41,511 INFO  util.JvmPauseMonitor (JvmPauseMonitor.java:run(188)) - Starting JVM pause monitor
2019-06-12 23:43:41,514 WARN  scm.ScmUtils (ScmUtils.java:getDBPath(63)) - ozone.om.db.dirs is not configured. We recommend adding this setting. Falling back to ozone.metadata.dirs instead.
2019-06-12 23:43:41,600 WARN  scm.ScmUtils (ScmUtils.java:getDBPath(63)) - ozone.om.db.dirs is not configured. We recommend adding this setting. Falling back to ozone.metadata.dirs instead.
2019-06-12 23:43:41,602 INFO  om.OzoneManager (OzoneManager.java:setOMNodeDetails(519)) - OM Service ID is not set. Setting it to the default ID: omServiceIdDefault
2019-06-12 23:43:41,602 INFO  om.OzoneManager (OzoneManager.java:setOMNodeDetails(525)) - OM Node ID is not set. Setting it to the OmStorage's OmID: 63502493-3554-4da5-9e0e-ca1fc3c98405
2019-06-12 23:43:41,603 WARN  scm.HddsServerUtil (HddsServerUtil.java:getDefaultRatisDirectory(354)) - Storage directory for Ratis is not configured. It is a good idea to map this to an SSD disk. Falling back to ozone.metadata.dirs
2019-06-12 23:43:41,604 WARN  scm.HddsServerUtil (HddsServerUtil.java:getDefaultRatisDirectory(354)) - Storage directory for Ratis is not configured. It is a good idea to map this to an SSD disk. Falling back to ozone.metadata.dirs
2019-06-12 23:43:41,604 INFO  om.OzoneManager (OzoneManager.java:loadOMHAConfigs(476)) - Found matching OM address with OMServiceId: null, OMNodeId: null, RPC Address: localhost:0 and Ratis port: 9872
2019-06-12 23:43:41,780 WARN  scm.ScmUtils (ScmUtils.java:getDBPath(63)) - ozone.om.db.dirs is not configured. We recommend adding this setting. Falling back to ozone.metadata.dirs instead.
2019-06-12 23:43:41,786 INFO  db.DBStoreBuilder (DBStoreBuilder.java:addTable(110)) - using custom profile for table: userTable
2019-06-12 23:43:41,786 INFO  db.DBStoreBuilder (DBStoreBuilder.java:processTables(161)) - Using default column profile:DBProfile.DISK for Table:userTable
2019-06-12 23:43:41,786 INFO  db.DBStoreBuilder (DBStoreBuilder.java:addTable(110)) - using custom profile for table: volumeTable
2019-06-12 23:43:41,786 INFO  db.DBStoreBuilder (DBStoreBuilder.java:processTables(161)) - Using default column profile:DBProfile.DISK for Table:volumeTable
2019-06-12 23:43:41,786 INFO  db.DBStoreBuilder (DBStoreBuilder.java:addTable(110)) - using custom profile for table: bucketTable
2019-06-12 23:43:41,787 INFO  db.DBStoreBuilder (DBStoreBuilder.java:processTables(161)) - Using default column profile:DBProfile.DISK for Table:bucketTable
2019-06-12 23:43:41,787 INFO  db.DBStoreBuilder (DBStoreBuilder.java:addTable(110)) - using custom profile for table: keyTable
2019-06-12 23:43:41,787 INFO  db.DBStoreBuilder (DBStoreBuilder.java:processTables(161)) - Using default column profile:DBProfile.DISK for Table:keyTable
2019-06-12 23:43:41,787 INFO  db.DBStoreBuilder (DBStoreBuilder.java:addTable(110)) - using custom profile for table: deletedTable
2019-06-12 23:43:41,787 INFO  db.DBStoreBuilder (DBStoreBuilder.java:processTables(161)) - Using default column profile:DBProfile.DISK for Table:deletedTable
2019-06-12 23:43:41,788 INFO  db.DBStoreBuilder (DBStoreBuilder.java:addTable(110)) - using custom profile for table: openKeyTable
2019-06-12 23:43:41,788 INFO  db.DBStoreBuilder (DBStoreBuilder.java:processTables(161)) - Using default column profile:DBProfile.DISK for Table:openKeyTable
2019-06-12 23:43:41,788 INFO  db.DBStoreBuilder (DBStoreBuilder.java:addTable(110)) - using custom profile for table: s3Table
2019-06-12 23:43:41,788 INFO  db.DBStoreBuilder (DBStoreBuilder.java:processTables(161)) - Using default column profile:DBProfile.DISK for Table:s3Table
2019-06-12 23:43:41,788 INFO  db.DBStoreBuilder (DBStoreBuilder.java:addTable(110)) - using custom profile for table: multipartInfoTable
2019-06-12 23:43:41,789 INFO  db.DBStoreBuilder (DBStoreBuilder.java:processTables(161)) - Using default column profile:DBProfile.DISK for Table:multipartInfoTable
2019-06-12 23:43:41,789 INFO  db.DBStoreBuilder (DBStoreBuilder.java:addTable(110)) - using custom profile for table: dTokenTable
2019-06-12 23:43:41,789 INFO  db.DBStoreBuilder (DBStoreBuilder.java:processTables(161)) - Using default column profile:DBProfile.DISK for Table:dTokenTable
2019-06-12 23:43:41,789 INFO  db.DBStoreBuilder (DBStoreBuilder.java:addTable(110)) - using custom profile for table: s3SecretTable
2019-06-12 23:43:41,789 INFO  db.DBStoreBuilder (DBStoreBuilder.java:processTables(161)) - Using default column profile:DBProfile.DISK for Table:s3SecretTable
2019-06-12 23:43:41,790 INFO  db.DBStoreBuilder (DBStoreBuilder.java:addTable(110)) - using custom profile for table: prefixTable
2019-06-12 23:43:41,790 INFO  db.DBStoreBuilder (DBStoreBuilder.java:processTables(161)) - Using default column profile:DBProfile.DISK for Table:prefixTable
2019-06-12 23:43:41,790 INFO  db.DBStoreBuilder (DBStoreBuilder.java:addTable(110)) - using custom profile for table: default
2019-06-12 23:43:41,790 INFO  db.DBStoreBuilder (DBStoreBuilder.java:processTables(167)) - Using default column profile:DBProfile.DISK for Table:default
2019-06-12 23:43:41,790 INFO  db.DBStoreBuilder (DBStoreBuilder.java:getDbProfile(198)) - Using default options. DBProfile.DISK
2019-06-12 23:43:42,243 INFO  ipc.CallQueueManager (CallQueueManager.java:<init>(84)) - Using callQueue: class java.util.concurrent.LinkedBlockingQueue, queueCapacity: 2000, scheduler: class org.apache.hadoop.ipc.DefaultRpcScheduler, ipcBackoff: false.
2019-06-12 23:43:42,244 INFO  ipc.Server (Server.java:run(1074)) - Starting Socket Reader #1 for port 37845
2019-06-12 23:43:42,266 WARN  scm.ScmUtils (ScmUtils.java:getDBPath(63)) - ozone.om.db.dirs is not configured. We recommend adding this setting. Falling back to ozone.metadata.dirs instead.
2019-06-12 23:43:42,267 INFO  om.OzoneManager (OzoneManager.java:start(1217)) - OzoneManager RPC server is listening at localhost/127.0.0.1:37845
2019-06-12 23:43:42,267 INFO  impl.MetricsSystemImpl (MetricsSystemImpl.java:init(158)) - OzoneManager metrics system started (again)
2019-06-12 23:43:42,268 INFO  ipc.Server (Server.java:run(1314)) - IPC Server Responder: starting
2019-06-12 23:43:42,269 INFO  ipc.Server (Server.java:run(1153)) - IPC Server listener on 37845: starting
2019-06-12 23:43:42,283 INFO  hdfs.DFSUtil (DFSUtil.java:httpServerTemplateForNNAndJN(1641)) - Starting Web-server for ozoneManager at: http://0.0.0.0:0
2019-06-12 23:43:42,284 INFO  server.AuthenticationFilter (AuthenticationFilter.java:constructSecretProvider(240)) - Unable to initialize FileSignerSecretProvider, falling back to use random secrets.
2019-06-12 23:43:42,285 WARN  http.HttpRequestLog (HttpRequestLog.java:getRequestLog(97)) - Jetty request log can only be enabled using Log4j
2019-06-12 23:43:42,287 INFO  http.HttpServer2 (HttpServer2.java:addGlobalFilter(975)) - Added global filter 'safety' (class=org.apache.hadoop.http.HttpServer2$QuotingInputFilter)
2019-06-12 23:43:42,288 INFO  http.HttpServer2 (HttpServer2.java:addFilter(948)) - Added filter static_user_filter (class=org.apache.hadoop.http.lib.StaticUserWebFilter$StaticUserFilter) to context ozoneManager
2019-06-12 23:43:42,288 INFO  http.HttpServer2 (HttpServer2.java:addFilter(958)) - Added filter static_user_filter (class=org.apache.hadoop.http.lib.StaticUserWebFilter$StaticUserFilter) to context logs
2019-06-12 23:43:42,288 INFO  http.HttpServer2 (HttpServer2.java:addFilter(958)) - Added filter static_user_filter (class=org.apache.hadoop.http.lib.StaticUserWebFilter$StaticUserFilter) to context static
2019-06-12 23:43:42,290 INFO  http.HttpServer2 (HttpServer2.java:bindListener(1191)) - Jetty bound to port 45697
2019-06-12 23:43:42,290 INFO  server.Server (Server.java:doStart(351)) - jetty-9.3.24.v20180605, build timestamp: 2018-06-05T17:11:56Z, git hash: 84205aa28f11a4f31f2a3b86d1bba2cc8ab69827
2019-06-12 23:43:42,312 INFO  handler.ContextHandler (ContextHandler.java:doStart(781)) - Started o.e.j.s.ServletContextHandler@7c2a69b4{/logs,file:///opt/src/hadoop-ozone/integration-test/target/log,AVAILABLE}
2019-06-12 23:43:42,313 INFO  handler.ContextHandler (ContextHandler.java:doStart(781)) - Started o.e.j.s.ServletContextHandler@648ee871{/static,file:///opt/src/hadoop-ozone/integration-test/target/test-classes/webapps/static,AVAILABLE}
2019-06-12 23:43:42,317 INFO  handler.ContextHandler (ContextHandler.java:doStart(781)) - Started o.e.j.w.WebAppContext@6f012914{/,file:///opt/src/hadoop-ozone/integration-test/target/test-classes/webapps/ozoneManager/,AVAILABLE}{/ozoneManager}
2019-06-12 23:43:42,318 INFO  server.AbstractConnector (AbstractConnector.java:doStart(278)) - Started ServerConnector@18fdb6cf{HTTP/1.1,[http/1.1]}{0.0.0.0:45697}
2019-06-12 23:43:42,318 INFO  server.Server (Server.java:doStart(419)) - Started @2661ms
2019-06-12 23:43:42,319 INFO  server.BaseHttpServer (BaseHttpServer.java:updateConnectorAddress(207)) - HTTP server of OZONEMANAGER is listening at http://0.0.0.0:45697
2019-06-12 23:43:42,452 INFO  impl.MetricsSystemImpl (MetricsSystemImpl.java:init(158)) - HddsDatanode metrics system started (again)
2019-06-12 23:43:42,588 INFO  ozone.HddsDatanodeService (HddsDatanodeService.java:start(185)) - HddsDatanodeService host:ozone-tmnf5-1138113507 ip:192.168.11.232
2019-06-12 23:43:42,612 INFO  volume.HddsVolume (HddsVolume.java:<init>(176)) - Creating Volume: /opt/src/hadoop-ozone/integration-test/target/test-dir/MiniOzoneClusterImpl-e6ca0132-8494-43dc-a03e-d7219afd67fc/datanode-0/data/containers/hdds of  storage type : DISK and capacity : 104021790720
2019-06-12 23:43:42,613 INFO  volume.VolumeSet (VolumeSet.java:initializeVolumeSet(170)) - Added Volume : /opt/src/hadoop-ozone/integration-test/target/test-dir/MiniOzoneClusterImpl-e6ca0132-8494-43dc-a03e-d7219afd67fc/datanode-0/data/containers/hdds to VolumeSet
2019-06-12 23:43:42,616 INFO  volume.ThrottledAsyncChecker (ThrottledAsyncChecker.java:schedule(140)) - Scheduling a check for org.apache.hadoop.ozone.container.common.volume.HddsVolume@4a6c18ad
2019-06-12 23:43:42,629 INFO  volume.HddsVolumeChecker (HddsVolumeChecker.java:checkAllVolumes(203)) - Scheduled health check for volume org.apache.hadoop.ozone.container.common.volume.HddsVolume@4a6c18ad
2019-06-12 23:43:42,664 INFO  ratis.XceiverServerRatis (XceiverServerRatis.java:newXceiverServerRatis(401)) - Found a free port for the server : 33179
2019-06-12 23:43:42,715 INFO  impl.RaftServerProxy (ConfUtils.java:logGet(43)) - raft.rpc.type = GRPC (default)
2019-06-12 23:43:42,723 INFO  grpc.GrpcConfigKeys$Server (ConfUtils.java:logGet(43)) - raft.grpc.server.port = 33179 (custom)
2019-06-12 23:43:42,724 INFO  server.GrpcService (ConfUtils.java:logGet(43)) - raft.grpc.message.size.max = 33570816 (custom)
2019-06-12 23:43:42,725 INFO  server.RaftServerConfigKeys (ConfUtils.java:logGet(43)) - raft.server.log.appender.buffer.byte-limit = 33554432 (custom)
2019-06-12 23:43:42,726 INFO  server.GrpcService (ConfUtils.java:logGet(43)) - raft.grpc.flow.control.window = 1MB (=1048576) (default)
2019-06-12 23:43:42,727 INFO  server.RaftServerConfigKeys (ConfUtils.java:logGet(43)) - raft.server.rpc.request.timeout = 3000ms (default)
2019-06-12 23:43:42,841 INFO  server.RaftServerConfigKeys (ConfUtils.java:logGet(43)) - raft.server.storage.dir = [/opt/src/hadoop-ozone/integration-test/target/test-dir/MiniOzoneClusterImpl-e6ca0132-8494-43dc-a03e-d7219afd67fc/datanode-0/data/ratis] (custom)
2019-06-12 23:43:42,848 INFO  server.XceiverServerGrpc (XceiverServerGrpc.java:<init>(97)) - Found a free port for the server : 43841
2019-06-12 23:43:42,877 INFO  replication.SimpleContainerDownloader (SimpleContainerDownloader.java:<init>(72)) - Starting container downloader service to copy containers to replicate.
2019-06-12 23:43:42,890 INFO  hdfs.DFSUtil (DFSUtil.java:httpServerTemplateForNNAndJN(1641)) - Starting Web-server for hddsDatanode at: http://0.0.0.0:0
2019-06-12 23:43:42,891 INFO  server.AuthenticationFilter (AuthenticationFilter.java:constructSecretProvider(240)) - Unable to initialize FileSignerSecretProvider, falling back to use random secrets.
2019-06-12 23:43:42,892 WARN  http.HttpRequestLog (HttpRequestLog.java:getRequestLog(97)) - Jetty request log can only be enabled using Log4j
2019-06-12 23:43:42,893 INFO  http.HttpServer2 (HttpServer2.java:addGlobalFilter(975)) - Added global filter 'safety' (class=org.apache.hadoop.http.HttpServer2$QuotingInputFilter)
2019-06-12 23:43:42,894 INFO  http.HttpServer2 (HttpServer2.java:addFilter(948)) - Added filter static_user_filter (class=org.apache.hadoop.http.lib.StaticUserWebFilter$StaticUserFilter) to context hddsDatanode
2019-06-12 23:43:42,894 INFO  http.HttpServer2 (HttpServer2.java:addFilter(958)) - Added filter static_user_filter (class=org.apache.hadoop.http.lib.StaticUserWebFilter$StaticUserFilter) to context logs
2019-06-12 23:43:42,894 INFO  http.HttpServer2 (HttpServer2.java:addFilter(958)) - Added filter static_user_filter (class=org.apache.hadoop.http.lib.StaticUserWebFilter$StaticUserFilter) to context static
2019-06-12 23:43:42,895 INFO  http.HttpServer2 (HttpServer2.java:bindListener(1191)) - Jetty bound to port 39719
2019-06-12 23:43:42,895 INFO  server.Server (Server.java:doStart(351)) - jetty-9.3.24.v20180605, build timestamp: 2018-06-05T17:11:56Z, git hash: 84205aa28f11a4f31f2a3b86d1bba2cc8ab69827
2019-06-12 23:43:42,897 INFO  handler.ContextHandler (ContextHandler.java:doStart(781)) - Started o.e.j.s.ServletContextHandler@2e51d054{/logs,file:///opt/src/hadoop-ozone/integration-test/target/log,AVAILABLE}
2019-06-12 23:43:42,897 INFO  handler.ContextHandler (ContextHandler.java:doStart(781)) - Started o.e.j.s.ServletContextHandler@615e3f51{/static,jar:file:/root/.m2/repository/org/apache/hadoop/hadoop-hdds-container-service/0.5.0-SNAPSHOT/hadoop-hdds-container-service-0.5.0-SNAPSHOT.jar!/webapps/static,AVAILABLE}
2019-06-12 23:43:42,925 INFO  handler.ContextHandler (ContextHandler.java:doStart(781)) - Started o.e.j.w.WebAppContext@5e1fc2aa{/,file:///tmp/jetty-0.0.0.0-39719-hddsDatanode-_-any-3995957404088241235.dir/webapp/,AVAILABLE}{/hddsDatanode}
2019-06-12 23:43:42,926 INFO  server.AbstractConnector (AbstractConnector.java:doStart(278)) - Started ServerConnector@688d411b{HTTP/1.1,[http/1.1]}{0.0.0.0:39719}
2019-06-12 23:43:42,926 INFO  server.Server (Server.java:doStart(419)) - Started @3269ms
2019-06-12 23:43:42,927 INFO  server.BaseHttpServer (BaseHttpServer.java:updateConnectorAddress(207)) - HTTP server of HDDSDATANODE is listening at http://0.0.0.0:39719
2019-06-12 23:43:43,794 INFO  ozone.HddsDatanodeService (HddsDatanodeService.java:startPlugins(396)) - Started plug-in org.apache.hadoop.ozone.web.OzoneHddsDatanodeService@30bf26df
2019-06-12 23:43:43,795 INFO  impl.MetricsSystemImpl (MetricsSystemImpl.java:init(158)) - HddsDatanode metrics system started (again)
2019-06-12 23:43:43,795 INFO  ozone.HddsDatanodeService (HddsDatanodeService.java:start(185)) - HddsDatanodeService host:ozone-tmnf5-1138113507 ip:192.168.11.232
2019-06-12 23:43:43,802 INFO  util.JvmPauseMonitor (JvmPauseMonitor.java:run(188)) - Starting JVM pause monitor
2019-06-12 23:43:43,807 INFO  volume.HddsVolume (HddsVolume.java:<init>(176)) - Creating Volume: /opt/src/hadoop-ozone/integration-test/target/test-dir/MiniOzoneClusterImpl-e6ca0132-8494-43dc-a03e-d7219afd67fc/datanode-1/data/containers/hdds of  storage type : DISK and capacity : 104021790720
2019-06-12 23:43:43,807 INFO  volume.VolumeSet (VolumeSet.java:initializeVolumeSet(170)) - Added Volume : /opt/src/hadoop-ozone/integration-test/target/test-dir/MiniOzoneClusterImpl-e6ca0132-8494-43dc-a03e-d7219afd67fc/datanode-1/data/containers/hdds to VolumeSet
2019-06-12 23:43:43,808 INFO  volume.ThrottledAsyncChecker (ThrottledAsyncChecker.java:schedule(140)) - Scheduling a check for org.apache.hadoop.ozone.container.common.volume.HddsVolume@f171912
2019-06-12 23:43:43,814 INFO  volume.HddsVolumeChecker (HddsVolumeChecker.java:checkAllVolumes(203)) - Scheduled health check for volume org.apache.hadoop.ozone.container.common.volume.HddsVolume@f171912
2019-06-12 23:43:43,833 INFO  ratis.XceiverServerRatis (XceiverServerRatis.java:newXceiverServerRatis(401)) - Found a free port for the server : 35617
2019-06-12 23:43:43,834 INFO  impl.RaftServerProxy (ConfUtils.java:logGet(43)) - raft.rpc.type = GRPC (default)
2019-06-12 23:43:43,834 INFO  grpc.GrpcConfigKeys$Server (ConfUtils.java:logGet(43)) - raft.grpc.server.port = 35617 (custom)
2019-06-12 23:43:43,834 INFO  server.GrpcService (ConfUtils.java:logGet(43)) - raft.grpc.message.size.max = 33570816 (custom)
2019-06-12 23:43:43,835 INFO  server.RaftServerConfigKeys (ConfUtils.java:logGet(43)) - raft.server.log.appender.buffer.byte-limit = 33554432 (custom)
2019-06-12 23:43:43,835 INFO  server.GrpcService (ConfUtils.java:logGet(43)) - raft.grpc.flow.control.window = 1MB (=1048576) (default)
2019-06-12 23:43:43,835 INFO  server.RaftServerConfigKeys (ConfUtils.java:logGet(43)) - raft.server.rpc.request.timeout = 3000ms (default)
2019-06-12 23:43:43,836 INFO  server.RaftServerConfigKeys (ConfUtils.java:logGet(43)) - raft.server.storage.dir = [/opt/src/hadoop-ozone/integration-test/target/test-dir/MiniOzoneClusterImpl-e6ca0132-8494-43dc-a03e-d7219afd67fc/datanode-1/data/ratis] (custom)
2019-06-12 23:43:43,836 INFO  server.XceiverServerGrpc (XceiverServerGrpc.java:<init>(97)) - Found a free port for the server : 45203
2019-06-12 23:43:43,836 INFO  replication.SimpleContainerDownloader (SimpleContainerDownloader.java:<init>(72)) - Starting container downloader service to copy containers to replicate.
2019-06-12 23:43:43,838 INFO  hdfs.DFSUtil (DFSUtil.java:httpServerTemplateForNNAndJN(1641)) - Starting Web-server for hddsDatanode at: http://0.0.0.0:0
2019-06-12 23:43:43,839 INFO  server.AuthenticationFilter (AuthenticationFilter.java:constructSecretProvider(240)) - Unable to initialize FileSignerSecretProvider, falling back to use random secrets.
2019-06-12 23:43:43,840 WARN  http.HttpRequestLog (HttpRequestLog.java:getRequestLog(97)) - Jetty request log can only be enabled using Log4j
2019-06-12 23:43:43,841 INFO  http.HttpServer2 (HttpServer2.java:addGlobalFilter(975)) - Added global filter 'safety' (class=org.apache.hadoop.http.HttpServer2$QuotingInputFilter)
2019-06-12 23:43:43,842 INFO  http.HttpServer2 (HttpServer2.java:addFilter(948)) - Added filter static_user_filter (class=org.apache.hadoop.http.lib.StaticUserWebFilter$StaticUserFilter) to context hddsDatanode
2019-06-12 23:43:43,842 INFO  http.HttpServer2 (HttpServer2.java:addFilter(958)) - Added filter static_user_filter (class=org.apache.hadoop.http.lib.StaticUserWebFilter$StaticUserFilter) to context logs
2019-06-12 23:43:43,842 INFO  http.HttpServer2 (HttpServer2.java:addFilter(958)) - Added filter static_user_filter (class=org.apache.hadoop.http.lib.StaticUserWebFilter$StaticUserFilter) to context static
2019-06-12 23:43:43,843 INFO  http.HttpServer2 (HttpServer2.java:bindListener(1191)) - Jetty bound to port 42929
2019-06-12 23:43:43,843 INFO  server.Server (Server.java:doStart(351)) - jetty-9.3.24.v20180605, build timestamp: 2018-06-05T17:11:56Z, git hash: 84205aa28f11a4f31f2a3b86d1bba2cc8ab69827
2019-06-12 23:43:43,845 INFO  handler.ContextHandler (ContextHandler.java:doStart(781)) - Started o.e.j.s.ServletContextHandler@18b6d3c1{/logs,file:///opt/src/hadoop-ozone/integration-test/target/log,AVAILABLE}
2019-06-12 23:43:43,846 INFO  handler.ContextHandler (ContextHandler.java:doStart(781)) - Started o.e.j.s.ServletContextHandler@3fe512d2{/static,jar:file:/root/.m2/repository/org/apache/hadoop/hadoop-hdds-container-service/0.5.0-SNAPSHOT/hadoop-hdds-container-service-0.5.0-SNAPSHOT.jar!/webapps/static,AVAILABLE}
2019-06-12 23:43:43,868 INFO  handler.ContextHandler (ContextHandler.java:doStart(781)) - Started o.e.j.w.WebAppContext@e7b265e{/,file:///tmp/jetty-0.0.0.0-42929-hddsDatanode-_-any-3455467524644737258.dir/webapp/,AVAILABLE}{/hddsDatanode}
2019-06-12 23:43:43,869 INFO  server.AbstractConnector (AbstractConnector.java:doStart(278)) - Started ServerConnector@51da32e5{HTTP/1.1,[http/1.1]}{0.0.0.0:42929}
2019-06-12 23:43:43,869 INFO  server.Server (Server.java:doStart(419)) - Started @4212ms
2019-06-12 23:43:43,871 INFO  server.BaseHttpServer (BaseHttpServer.java:updateConnectorAddress(207)) - HTTP server of HDDSDATANODE is listening at http://0.0.0.0:42929
2019-06-12 23:43:43,901 INFO  datanode.InitDatanodeState (InitDatanodeState.java:persistContainerDatanodeDetails(140)) - DatanodeDetails is persisted to /opt/src/hadoop-ozone/integration-test/target/test-dir/MiniOzoneClusterImpl-e6ca0132-8494-43dc-a03e-d7219afd67fc/datanode-0/meta/datanode.id
2019-06-12 23:43:43,975 INFO  ozone.HddsDatanodeService (HddsDatanodeService.java:startPlugins(396)) - Started plug-in org.apache.hadoop.ozone.web.OzoneHddsDatanodeService@1d6751e3
2019-06-12 23:43:43,976 INFO  impl.MetricsSystemImpl (MetricsSystemImpl.java:init(158)) - HddsDatanode metrics system started (again)
2019-06-12 23:43:43,976 INFO  ozone.HddsDatanodeService (HddsDatanodeService.java:start(185)) - HddsDatanodeService host:ozone-tmnf5-1138113507 ip:192.168.11.232
2019-06-12 23:43:43,983 INFO  util.JvmPauseMonitor (JvmPauseMonitor.java:run(188)) - Starting JVM pause monitor
2019-06-12 23:43:43,994 INFO  volume.HddsVolume (HddsVolume.java:<init>(176)) - Creating Volume: /opt/src/hadoop-ozone/integration-test/target/test-dir/MiniOzoneClusterImpl-e6ca0132-8494-43dc-a03e-d7219afd67fc/datanode-2/data/containers/hdds of  storage type : DISK and capacity : 104021790720
2019-06-12 23:43:43,994 INFO  volume.VolumeSet (VolumeSet.java:initializeVolumeSet(170)) - Added Volume : /opt/src/hadoop-ozone/integration-test/target/test-dir/MiniOzoneClusterImpl-e6ca0132-8494-43dc-a03e-d7219afd67fc/datanode-2/data/containers/hdds to VolumeSet
2019-06-12 23:43:43,995 INFO  volume.ThrottledAsyncChecker (ThrottledAsyncChecker.java:schedule(140)) - Scheduling a check for org.apache.hadoop.ozone.container.common.volume.HddsVolume@2e7af36e
2019-06-12 23:43:43,999 INFO  datanode.InitDatanodeState (InitDatanodeState.java:persistContainerDatanodeDetails(140)) - DatanodeDetails is persisted to /opt/src/hadoop-ozone/integration-test/target/test-dir/MiniOzoneClusterImpl-e6ca0132-8494-43dc-a03e-d7219afd67fc/datanode-1/meta/datanode.id
2019-06-12 23:43:44,000 INFO  volume.HddsVolumeChecker (HddsVolumeChecker.java:checkAllVolumes(203)) - Scheduled health check for volume org.apache.hadoop.ozone.container.common.volume.HddsVolume@2e7af36e
2019-06-12 23:43:44,014 INFO  ratis.XceiverServerRatis (XceiverServerRatis.java:newXceiverServerRatis(401)) - Found a free port for the server : 40073
2019-06-12 23:43:44,016 INFO  impl.RaftServerProxy (ConfUtils.java:logGet(43)) - raft.rpc.type = GRPC (default)
2019-06-12 23:43:44,016 INFO  grpc.GrpcConfigKeys$Server (ConfUtils.java:logGet(43)) - raft.grpc.server.port = 40073 (custom)
2019-06-12 23:43:44,016 INFO  server.GrpcService (ConfUtils.java:logGet(43)) - raft.grpc.message.size.max = 33570816 (custom)
2019-06-12 23:43:44,017 INFO  server.RaftServerConfigKeys (ConfUtils.java:logGet(43)) - raft.server.log.appender.buffer.byte-limit = 33554432 (custom)
2019-06-12 23:43:44,017 INFO  server.GrpcService (ConfUtils.java:logGet(43)) - raft.grpc.flow.control.window = 1MB (=1048576) (default)
2019-06-12 23:43:44,017 INFO  server.RaftServerConfigKeys (ConfUtils.java:logGet(43)) - raft.server.rpc.request.timeout = 3000ms (default)
2019-06-12 23:43:44,018 INFO  server.RaftServerConfigKeys (ConfUtils.java:logGet(43)) - raft.server.storage.dir = [/opt/src/hadoop-ozone/integration-test/target/test-dir/MiniOzoneClusterImpl-e6ca0132-8494-43dc-a03e-d7219afd67fc/datanode-2/data/ratis] (custom)
2019-06-12 23:43:44,018 INFO  server.XceiverServerGrpc (XceiverServerGrpc.java:<init>(97)) - Found a free port for the server : 44553
2019-06-12 23:43:44,019 INFO  replication.SimpleContainerDownloader (SimpleContainerDownloader.java:<init>(72)) - Starting container downloader service to copy containers to replicate.
2019-06-12 23:43:44,020 INFO  hdfs.DFSUtil (DFSUtil.java:httpServerTemplateForNNAndJN(1641)) - Starting Web-server for hddsDatanode at: http://0.0.0.0:0
2019-06-12 23:43:44,021 INFO  server.AuthenticationFilter (AuthenticationFilter.java:constructSecretProvider(240)) - Unable to initialize FileSignerSecretProvider, falling back to use random secrets.
2019-06-12 23:43:44,021 WARN  http.HttpRequestLog (HttpRequestLog.java:getRequestLog(97)) - Jetty request log can only be enabled using Log4j
2019-06-12 23:43:44,023 INFO  http.HttpServer2 (HttpServer2.java:addGlobalFilter(975)) - Added global filter 'safety' (class=org.apache.hadoop.http.HttpServer2$QuotingInputFilter)
2019-06-12 23:43:44,023 INFO  http.HttpServer2 (HttpServer2.java:addFilter(948)) - Added filter static_user_filter (class=org.apache.hadoop.http.lib.StaticUserWebFilter$StaticUserFilter) to context hddsDatanode
2019-06-12 23:43:44,023 INFO  http.HttpServer2 (HttpServer2.java:addFilter(958)) - Added filter static_user_filter (class=org.apache.hadoop.http.lib.StaticUserWebFilter$StaticUserFilter) to context static
2019-06-12 23:43:44,023 INFO  http.HttpServer2 (HttpServer2.java:addFilter(958)) - Added filter static_user_filter (class=org.apache.hadoop.http.lib.StaticUserWebFilter$StaticUserFilter) to context logs
2019-06-12 23:43:44,024 INFO  http.HttpServer2 (HttpServer2.java:bindListener(1191)) - Jetty bound to port 42625
2019-06-12 23:43:44,024 INFO  server.Server (Server.java:doStart(351)) - jetty-9.3.24.v20180605, build timestamp: 2018-06-05T17:11:56Z, git hash: 84205aa28f11a4f31f2a3b86d1bba2cc8ab69827
2019-06-12 23:43:44,025 INFO  handler.ContextHandler (ContextHandler.java:doStart(781)) - Started o.e.j.s.ServletContextHandler@674da77b{/logs,file:///opt/src/hadoop-ozone/integration-test/target/log,AVAILABLE}
2019-06-12 23:43:44,026 INFO  handler.ContextHandler (ContextHandler.java:doStart(781)) - Started o.e.j.s.ServletContextHandler@6010d0d1{/static,jar:file:/root/.m2/repository/org/apache/hadoop/hadoop-hdds-container-service/0.5.0-SNAPSHOT/hadoop-hdds-container-service-0.5.0-SNAPSHOT.jar!/webapps/static,AVAILABLE}
2019-06-12 23:43:44,046 INFO  handler.ContextHandler (ContextHandler.java:doStart(781)) - Started o.e.j.w.WebAppContext@624b523{/,file:///tmp/jetty-0.0.0.0-42625-hddsDatanode-_-any-6212715396121315599.dir/webapp/,AVAILABLE}{/hddsDatanode}
2019-06-12 23:43:44,047 INFO  server.AbstractConnector (AbstractConnector.java:doStart(278)) - Started ServerConnector@50b46e24{HTTP/1.1,[http/1.1]}{0.0.0.0:42625}
2019-06-12 23:43:44,048 INFO  server.Server (Server.java:doStart(419)) - Started @4391ms
2019-06-12 23:43:44,049 INFO  server.BaseHttpServer (BaseHttpServer.java:updateConnectorAddress(207)) - HTTP server of HDDSDATANODE is listening at http://0.0.0.0:42625
2019-06-12 23:43:44,187 INFO  ozone.HddsDatanodeService (HddsDatanodeService.java:startPlugins(396)) - Started plug-in org.apache.hadoop.ozone.web.OzoneHddsDatanodeService@662be9f7
2019-06-12 23:43:44,188 INFO  impl.MetricsSystemImpl (MetricsSystemImpl.java:init(158)) - HddsDatanode metrics system started (again)
2019-06-12 23:43:44,188 INFO  ozone.HddsDatanodeService (HddsDatanodeService.java:start(185)) - HddsDatanodeService host:ozone-tmnf5-1138113507 ip:192.168.11.232
2019-06-12 23:43:44,203 INFO  util.JvmPauseMonitor (JvmPauseMonitor.java:run(188)) - Starting JVM pause monitor
2019-06-12 23:43:44,208 INFO  volume.HddsVolume (HddsVolume.java:<init>(176)) - Creating Volume: /opt/src/hadoop-ozone/integration-test/target/test-dir/MiniOzoneClusterImpl-e6ca0132-8494-43dc-a03e-d7219afd67fc/datanode-3/data/containers/hdds of  storage type : DISK and capacity : 104021790720
2019-06-12 23:43:44,208 INFO  volume.VolumeSet (VolumeSet.java:initializeVolumeSet(170)) - Added Volume : /opt/src/hadoop-ozone/integration-test/target/test-dir/MiniOzoneClusterImpl-e6ca0132-8494-43dc-a03e-d7219afd67fc/datanode-3/data/containers/hdds to VolumeSet
2019-06-12 23:43:44,209 INFO  volume.ThrottledAsyncChecker (ThrottledAsyncChecker.java:schedule(140)) - Scheduling a check for org.apache.hadoop.ozone.container.common.volume.HddsVolume@2f9dda71
2019-06-12 23:43:44,209 INFO  datanode.InitDatanodeState (InitDatanodeState.java:persistContainerDatanodeDetails(140)) - DatanodeDetails is persisted to /opt/src/hadoop-ozone/integration-test/target/test-dir/MiniOzoneClusterImpl-e6ca0132-8494-43dc-a03e-d7219afd67fc/datanode-2/meta/datanode.id
2019-06-12 23:43:44,211 INFO  volume.HddsVolumeChecker (HddsVolumeChecker.java:checkAllVolumes(203)) - Scheduled health check for volume org.apache.hadoop.ozone.container.common.volume.HddsVolume@2f9dda71
2019-06-12 23:43:44,222 INFO  ratis.XceiverServerRatis (XceiverServerRatis.java:newXceiverServerRatis(401)) - Found a free port for the server : 37833
2019-06-12 23:43:44,224 INFO  impl.RaftServerProxy (ConfUtils.java:logGet(43)) - raft.rpc.type = GRPC (default)
2019-06-12 23:43:44,224 INFO  grpc.GrpcConfigKeys$Server (ConfUtils.java:logGet(43)) - raft.grpc.server.port = 37833 (custom)
2019-06-12 23:43:44,224 INFO  server.GrpcService (ConfUtils.java:logGet(43)) - raft.grpc.message.size.max = 33570816 (custom)
2019-06-12 23:43:44,225 INFO  server.RaftServerConfigKeys (ConfUtils.java:logGet(43)) - raft.server.log.appender.buffer.byte-limit = 33554432 (custom)
2019-06-12 23:43:44,225 INFO  server.GrpcService (ConfUtils.java:logGet(43)) - raft.grpc.flow.control.window = 1MB (=1048576) (default)
2019-06-12 23:43:44,225 INFO  server.RaftServerConfigKeys (ConfUtils.java:logGet(43)) - raft.server.rpc.request.timeout = 3000ms (default)
2019-06-12 23:43:44,226 INFO  server.RaftServerConfigKeys (ConfUtils.java:logGet(43)) - raft.server.storage.dir = [/opt/src/hadoop-ozone/integration-test/target/test-dir/MiniOzoneClusterImpl-e6ca0132-8494-43dc-a03e-d7219afd67fc/datanode-3/data/ratis] (custom)
2019-06-12 23:43:44,226 INFO  server.XceiverServerGrpc (XceiverServerGrpc.java:<init>(97)) - Found a free port for the server : 46687
2019-06-12 23:43:44,227 INFO  replication.SimpleContainerDownloader (SimpleContainerDownloader.java:<init>(72)) - Starting container downloader service to copy containers to replicate.
2019-06-12 23:43:44,255 INFO  hdfs.DFSUtil (DFSUtil.java:httpServerTemplateForNNAndJN(1641)) - Starting Web-server for hddsDatanode at: http://0.0.0.0:0
2019-06-12 23:43:44,256 INFO  server.AuthenticationFilter (AuthenticationFilter.java:constructSecretProvider(240)) - Unable to initialize FileSignerSecretProvider, falling back to use random secrets.
2019-06-12 23:43:44,256 WARN  http.HttpRequestLog (HttpRequestLog.java:getRequestLog(97)) - Jetty request log can only be enabled using Log4j
2019-06-12 23:43:44,257 INFO  http.HttpServer2 (HttpServer2.java:addGlobalFilter(975)) - Added global filter 'safety' (class=org.apache.hadoop.http.HttpServer2$QuotingInputFilter)
2019-06-12 23:43:44,258 INFO  http.HttpServer2 (HttpServer2.java:addFilter(948)) - Added filter static_user_filter (class=org.apache.hadoop.http.lib.StaticUserWebFilter$StaticUserFilter) to context hddsDatanode
2019-06-12 23:43:44,258 INFO  http.HttpServer2 (HttpServer2.java:addFilter(958)) - Added filter static_user_filter (class=org.apache.hadoop.http.lib.StaticUserWebFilter$StaticUserFilter) to context static
2019-06-12 23:43:44,258 INFO  http.HttpServer2 (HttpServer2.java:addFilter(958)) - Added filter static_user_filter (class=org.apache.hadoop.http.lib.StaticUserWebFilter$StaticUserFilter) to context logs
2019-06-12 23:43:44,259 INFO  http.HttpServer2 (HttpServer2.java:bindListener(1191)) - Jetty bound to port 42727
2019-06-12 23:43:44,259 INFO  server.Server (Server.java:doStart(351)) - jetty-9.3.24.v20180605, build timestamp: 2018-06-05T17:11:56Z, git hash: 84205aa28f11a4f31f2a3b86d1bba2cc8ab69827
2019-06-12 23:43:44,261 INFO  handler.ContextHandler (ContextHandler.java:doStart(781)) - Started o.e.j.s.ServletContextHandler@1f15e689{/logs,file:///opt/src/hadoop-ozone/integration-test/target/log,AVAILABLE}
2019-06-12 23:43:44,262 INFO  handler.ContextHandler (ContextHandler.java:doStart(781)) - Started o.e.j.s.ServletContextHandler@3ebc955b{/static,jar:file:/root/.m2/repository/org/apache/hadoop/hadoop-hdds-container-service/0.5.0-SNAPSHOT/hadoop-hdds-container-service-0.5.0-SNAPSHOT.jar!/webapps/static,AVAILABLE}
2019-06-12 23:43:44,283 INFO  handler.ContextHandler (ContextHandler.java:doStart(781)) - Started o.e.j.w.WebAppContext@9fe720a{/,file:///tmp/jetty-0.0.0.0-42727-hddsDatanode-_-any-8424041619418267299.dir/webapp/,AVAILABLE}{/hddsDatanode}
2019-06-12 23:43:44,288 INFO  server.AbstractConnector (AbstractConnector.java:doStart(278)) - Started ServerConnector@149274cb{HTTP/1.1,[http/1.1]}{0.0.0.0:42727}
2019-06-12 23:43:44,288 INFO  server.Server (Server.java:doStart(419)) - Started @4631ms
2019-06-12 23:43:44,289 INFO  server.BaseHttpServer (BaseHttpServer.java:updateConnectorAddress(207)) - HTTP server of HDDSDATANODE is listening at http://0.0.0.0:42727
2019-06-12 23:43:44,415 INFO  ozone.HddsDatanodeService (HddsDatanodeService.java:startPlugins(396)) - Started plug-in org.apache.hadoop.ozone.web.OzoneHddsDatanodeService@7aded903
2019-06-12 23:43:44,416 INFO  impl.MetricsSystemImpl (MetricsSystemImpl.java:init(158)) - HddsDatanode metrics system started (again)
2019-06-12 23:43:44,416 INFO  ozone.HddsDatanodeService (HddsDatanodeService.java:start(185)) - HddsDatanodeService host:ozone-tmnf5-1138113507 ip:192.168.11.232
2019-06-12 23:43:44,419 INFO  util.JvmPauseMonitor (JvmPauseMonitor.java:run(188)) - Starting JVM pause monitor
2019-06-12 23:43:44,422 INFO  datanode.InitDatanodeState (InitDatanodeState.java:persistContainerDatanodeDetails(140)) - DatanodeDetails is persisted to /opt/src/hadoop-ozone/integration-test/target/test-dir/MiniOzoneClusterImpl-e6ca0132-8494-43dc-a03e-d7219afd67fc/datanode-3/meta/datanode.id
2019-06-12 23:43:44,425 INFO  volume.HddsVolume (HddsVolume.java:<init>(176)) - Creating Volume: /opt/src/hadoop-ozone/integration-test/target/test-dir/MiniOzoneClusterImpl-e6ca0132-8494-43dc-a03e-d7219afd67fc/datanode-4/data/containers/hdds of  storage type : DISK and capacity : 104021790720
2019-06-12 23:43:44,425 INFO  volume.VolumeSet (VolumeSet.java:initializeVolumeSet(170)) - Added Volume : /opt/src/hadoop-ozone/integration-test/target/test-dir/MiniOzoneClusterImpl-e6ca0132-8494-43dc-a03e-d7219afd67fc/datanode-4/data/containers/hdds to VolumeSet
2019-06-12 23:43:44,425 INFO  volume.ThrottledAsyncChecker (ThrottledAsyncChecker.java:schedule(140)) - Scheduling a check for org.apache.hadoop.ozone.container.common.volume.HddsVolume@66f16742
2019-06-12 23:43:44,426 INFO  volume.HddsVolumeChecker (HddsVolumeChecker.java:checkAllVolumes(203)) - Scheduled health check for volume org.apache.hadoop.ozone.container.common.volume.HddsVolume@66f16742
2019-06-12 23:43:44,436 INFO  ratis.XceiverServerRatis (XceiverServerRatis.java:newXceiverServerRatis(401)) - Found a free port for the server : 41659
2019-06-12 23:43:44,437 INFO  impl.RaftServerProxy (ConfUtils.java:logGet(43)) - raft.rpc.type = GRPC (default)
2019-06-12 23:43:44,437 INFO  grpc.GrpcConfigKeys$Server (ConfUtils.java:logGet(43)) - raft.grpc.server.port = 41659 (custom)
2019-06-12 23:43:44,437 INFO  server.GrpcService (ConfUtils.java:logGet(43)) - raft.grpc.message.size.max = 33570816 (custom)
2019-06-12 23:43:44,437 INFO  server.RaftServerConfigKeys (ConfUtils.java:logGet(43)) - raft.server.log.appender.buffer.byte-limit = 33554432 (custom)
2019-06-12 23:43:44,438 INFO  server.GrpcService (ConfUtils.java:logGet(43)) - raft.grpc.flow.control.window = 1MB (=1048576) (default)
2019-06-12 23:43:44,438 INFO  server.RaftServerConfigKeys (ConfUtils.java:logGet(43)) - raft.server.rpc.request.timeout = 3000ms (default)
2019-06-12 23:43:44,438 INFO  server.RaftServerConfigKeys (ConfUtils.java:logGet(43)) - raft.server.storage.dir = [/opt/src/hadoop-ozone/integration-test/target/test-dir/MiniOzoneClusterImpl-e6ca0132-8494-43dc-a03e-d7219afd67fc/datanode-4/data/ratis] (custom)
2019-06-12 23:43:44,438 INFO  server.XceiverServerGrpc (XceiverServerGrpc.java:<init>(97)) - Found a free port for the server : 35853
2019-06-12 23:43:44,439 INFO  replication.SimpleContainerDownloader (SimpleContainerDownloader.java:<init>(72)) - Starting container downloader service to copy containers to replicate.
2019-06-12 23:43:44,440 INFO  hdfs.DFSUtil (DFSUtil.java:httpServerTemplateForNNAndJN(1641)) - Starting Web-server for hddsDatanode at: http://0.0.0.0:0
2019-06-12 23:43:44,441 INFO  server.AuthenticationFilter (AuthenticationFilter.java:constructSecretProvider(240)) - Unable to initialize FileSignerSecretProvider, falling back to use random secrets.
2019-06-12 23:43:44,441 WARN  http.HttpRequestLog (HttpRequestLog.java:getRequestLog(97)) - Jetty request log can only be enabled using Log4j
2019-06-12 23:43:44,442 INFO  http.HttpServer2 (HttpServer2.java:addGlobalFilter(975)) - Added global filter 'safety' (class=org.apache.hadoop.http.HttpServer2$QuotingInputFilter)
2019-06-12 23:43:44,442 INFO  http.HttpServer2 (HttpServer2.java:addFilter(948)) - Added filter static_user_filter (class=org.apache.hadoop.http.lib.StaticUserWebFilter$StaticUserFilter) to context hddsDatanode
2019-06-12 23:43:44,443 INFO  http.HttpServer2 (HttpServer2.java:addFilter(958)) - Added filter static_user_filter (class=org.apache.hadoop.http.lib.StaticUserWebFilter$StaticUserFilter) to context logs
2019-06-12 23:43:44,443 INFO  http.HttpServer2 (HttpServer2.java:addFilter(958)) - Added filter static_user_filter (class=org.apache.hadoop.http.lib.StaticUserWebFilter$StaticUserFilter) to context static
2019-06-12 23:43:44,443 INFO  http.HttpServer2 (HttpServer2.java:bindListener(1191)) - Jetty bound to port 34295
2019-06-12 23:43:44,443 INFO  server.Server (Server.java:doStart(351)) - jetty-9.3.24.v20180605, build timestamp: 2018-06-05T17:11:56Z, git hash: 84205aa28f11a4f31f2a3b86d1bba2cc8ab69827
2019-06-12 23:43:44,448 INFO  handler.ContextHandler (ContextHandler.java:doStart(781)) - Started o.e.j.s.ServletContextHandler@4ef18604{/logs,file:///opt/src/hadoop-ozone/integration-test/target/log,AVAILABLE}
2019-06-12 23:43:44,449 INFO  handler.ContextHandler (ContextHandler.java:doStart(781)) - Started o.e.j.s.ServletContextHandler@16cf8438{/static,jar:file:/root/.m2/repository/org/apache/hadoop/hadoop-hdds-container-service/0.5.0-SNAPSHOT/hadoop-hdds-container-service-0.5.0-SNAPSHOT.jar!/webapps/static,AVAILABLE}
2019-06-12 23:43:44,471 INFO  handler.ContextHandler (ContextHandler.java:doStart(781)) - Started o.e.j.w.WebAppContext@2ca3d826{/,file:///tmp/jetty-0.0.0.0-34295-hddsDatanode-_-any-7335851781679443822.dir/webapp/,AVAILABLE}{/hddsDatanode}
2019-06-12 23:43:44,472 INFO  server.AbstractConnector (AbstractConnector.java:doStart(278)) - Started ServerConnector@5d194314{HTTP/1.1,[http/1.1]}{0.0.0.0:34295}
2019-06-12 23:43:44,473 INFO  server.Server (Server.java:doStart(419)) - Started @4816ms
2019-06-12 23:43:44,474 INFO  server.BaseHttpServer (BaseHttpServer.java:updateConnectorAddress(207)) - HTTP server of HDDSDATANODE is listening at http://0.0.0.0:34295
2019-06-12 23:43:44,576 INFO  ozone.HddsDatanodeService (HddsDatanodeService.java:startPlugins(396)) - Started plug-in org.apache.hadoop.ozone.web.OzoneHddsDatanodeService@454bcbbf
2019-06-12 23:43:44,576 INFO  impl.MetricsSystemImpl (MetricsSystemImpl.java:init(158)) - HddsDatanode metrics system started (again)
2019-06-12 23:43:44,577 INFO  ozone.HddsDatanodeService (HddsDatanodeService.java:start(185)) - HddsDatanodeService host:ozone-tmnf5-1138113507 ip:192.168.11.232
2019-06-12 23:43:44,595 INFO  util.JvmPauseMonitor (JvmPauseMonitor.java:run(188)) - Starting JVM pause monitor
2019-06-12 23:43:44,598 INFO  volume.HddsVolume (HddsVolume.java:<init>(176)) - Creating Volume: /opt/src/hadoop-ozone/integration-test/target/test-dir/MiniOzoneClusterImpl-e6ca0132-8494-43dc-a03e-d7219afd67fc/datanode-5/data/containers/hdds of  storage type : DISK and capacity : 104021790720
2019-06-12 23:43:44,598 INFO  volume.VolumeSet (VolumeSet.java:initializeVolumeSet(170)) - Added Volume : /opt/src/hadoop-ozone/integration-test/target/test-dir/MiniOzoneClusterImpl-e6ca0132-8494-43dc-a03e-d7219afd67fc/datanode-5/data/containers/hdds to VolumeSet
2019-06-12 23:43:44,598 INFO  volume.ThrottledAsyncChecker (ThrottledAsyncChecker.java:schedule(140)) - Scheduling a check for org.apache.hadoop.ozone.container.common.volume.HddsVolume@7ea42c82
2019-06-12 23:43:44,599 INFO  datanode.InitDatanodeState (InitDatanodeState.java:persistContainerDatanodeDetails(140)) - DatanodeDetails is persisted to /opt/src/hadoop-ozone/integration-test/target/test-dir/MiniOzoneClusterImpl-e6ca0132-8494-43dc-a03e-d7219afd67fc/datanode-4/meta/datanode.id
2019-06-12 23:43:44,603 INFO  volume.HddsVolumeChecker (HddsVolumeChecker.java:checkAllVolumes(203)) - Scheduled health check for volume org.apache.hadoop.ozone.container.common.volume.HddsVolume@7ea42c82
2019-06-12 23:43:44,615 INFO  ratis.XceiverServerRatis (XceiverServerRatis.java:newXceiverServerRatis(401)) - Found a free port for the server : 46451
2019-06-12 23:43:44,616 INFO  impl.RaftServerProxy (ConfUtils.java:logGet(43)) - raft.rpc.type = GRPC (default)
2019-06-12 23:43:44,617 INFO  grpc.GrpcConfigKeys$Server (ConfUtils.java:logGet(43)) - raft.grpc.server.port = 46451 (custom)
2019-06-12 23:43:44,617 INFO  server.GrpcService (ConfUtils.java:logGet(43)) - raft.grpc.message.size.max = 33570816 (custom)
2019-06-12 23:43:44,617 INFO  server.RaftServerConfigKeys (ConfUtils.java:logGet(43)) - raft.server.log.appender.buffer.byte-limit = 33554432 (custom)
2019-06-12 23:43:44,617 INFO  server.GrpcService (ConfUtils.java:logGet(43)) - raft.grpc.flow.control.window = 1MB (=1048576) (default)
2019-06-12 23:43:44,618 INFO  server.RaftServerConfigKeys (ConfUtils.java:logGet(43)) - raft.server.rpc.request.timeout = 3000ms (default)
2019-06-12 23:43:44,618 INFO  server.RaftServerConfigKeys (ConfUtils.java:logGet(43)) - raft.server.storage.dir = [/opt/src/hadoop-ozone/integration-test/target/test-dir/MiniOzoneClusterImpl-e6ca0132-8494-43dc-a03e-d7219afd67fc/datanode-5/data/ratis] (custom)
2019-06-12 23:43:44,619 INFO  server.XceiverServerGrpc (XceiverServerGrpc.java:<init>(97)) - Found a free port for the server : 42163
2019-06-12 23:43:44,619 INFO  replication.SimpleContainerDownloader (SimpleContainerDownloader.java:<init>(72)) - Starting container downloader service to copy containers to replicate.
2019-06-12 23:43:44,620 INFO  hdfs.DFSUtil (DFSUtil.java:httpServerTemplateForNNAndJN(1641)) - Starting Web-server for hddsDatanode at: http://0.0.0.0:0
2019-06-12 23:43:44,621 INFO  server.AuthenticationFilter (AuthenticationFilter.java:constructSecretProvider(240)) - Unable to initialize FileSignerSecretProvider, falling back to use random secrets.
2019-06-12 23:43:44,621 WARN  http.HttpRequestLog (HttpRequestLog.java:getRequestLog(97)) - Jetty request log can only be enabled using Log4j
2019-06-12 23:43:44,623 INFO  http.HttpServer2 (HttpServer2.java:addGlobalFilter(975)) - Added global filter 'safety' (class=org.apache.hadoop.http.HttpServer2$QuotingInputFilter)
2019-06-12 23:43:44,623 INFO  http.HttpServer2 (HttpServer2.java:addFilter(948)) - Added filter static_user_filter (class=org.apache.hadoop.http.lib.StaticUserWebFilter$StaticUserFilter) to context hddsDatanode
2019-06-12 23:43:44,623 INFO  http.HttpServer2 (HttpServer2.java:addFilter(958)) - Added filter static_user_filter (class=org.apache.hadoop.http.lib.StaticUserWebFilter$StaticUserFilter) to context static
2019-06-12 23:43:44,623 INFO  http.HttpServer2 (HttpServer2.java:addFilter(958)) - Added filter static_user_filter (class=org.apache.hadoop.http.lib.StaticUserWebFilter$StaticUserFilter) to context logs
2019-06-12 23:43:44,624 INFO  http.HttpServer2 (HttpServer2.java:bindListener(1191)) - Jetty bound to port 37047
2019-06-12 23:43:44,624 INFO  server.Server (Server.java:doStart(351)) - jetty-9.3.24.v20180605, build timestamp: 2018-06-05T17:11:56Z, git hash: 84205aa28f11a4f31f2a3b86d1bba2cc8ab69827
2019-06-12 23:43:44,627 INFO  handler.ContextHandler (ContextHandler.java:doStart(781)) - Started o.e.j.s.ServletContextHandler@58a7dc4{/logs,file:///opt/src/hadoop-ozone/integration-test/target/log,AVAILABLE}
2019-06-12 23:43:44,628 INFO  handler.ContextHandler (ContextHandler.java:doStart(781)) - Started o.e.j.s.ServletContextHandler@27f71195{/static,jar:file:/root/.m2/repository/org/apache/hadoop/hadoop-hdds-container-service/0.5.0-SNAPSHOT/hadoop-hdds-container-service-0.5.0-SNAPSHOT.jar!/webapps/static,AVAILABLE}
2019-06-12 23:43:44,656 INFO  handler.ContextHandler (ContextHandler.java:doStart(781)) - Started o.e.j.w.WebAppContext@26b3c9a2{/,file:///tmp/jetty-0.0.0.0-37047-hddsDatanode-_-any-4028385410010440834.dir/webapp/,AVAILABLE}{/hddsDatanode}
2019-06-12 23:43:44,657 INFO  server.AbstractConnector (AbstractConnector.java:doStart(278)) - Started ServerConnector@241b971f{HTTP/1.1,[http/1.1]}{0.0.0.0:37047}
2019-06-12 23:43:44,657 INFO  server.Server (Server.java:doStart(419)) - Started @5000ms
2019-06-12 23:43:44,658 INFO  server.BaseHttpServer (BaseHttpServer.java:updateConnectorAddress(207)) - HTTP server of HDDSDATANODE is listening at http://0.0.0.0:37047
2019-06-12 23:43:44,818 INFO  ozone.HddsDatanodeService (HddsDatanodeService.java:startPlugins(396)) - Started plug-in org.apache.hadoop.ozone.web.OzoneHddsDatanodeService@693f2213
2019-06-12 23:43:44,819 INFO  ozone.MiniOzoneClusterImpl (MiniOzoneClusterImpl.java:lambda$waitForClusterToBeReady$0(142)) - Waiting for cluster to be ready. Got 0 of 6 DN Heartbeats.
2019-06-12 23:43:44,822 INFO  util.JvmPauseMonitor (JvmPauseMonitor.java:run(188)) - Starting JVM pause monitor
2019-06-12 23:43:44,824 INFO  datanode.InitDatanodeState (InitDatanodeState.java:persistContainerDatanodeDetails(140)) - DatanodeDetails is persisted to /opt/src/hadoop-ozone/integration-test/target/test-dir/MiniOzoneClusterImpl-e6ca0132-8494-43dc-a03e-d7219afd67fc/datanode-5/meta/datanode.id
2019-06-12 23:43:45,819 INFO  ozone.MiniOzoneClusterImpl (MiniOzoneClusterImpl.java:lambda$waitForClusterToBeReady$0(142)) - Waiting for cluster to be ready. Got 0 of 6 DN Heartbeats.
2019-06-12 23:43:45,825 INFO  ozoneimpl.OzoneContainer (OzoneContainer.java:start(186)) - Attempting to start container services.
2019-06-12 23:43:45,825 INFO  ozoneimpl.OzoneContainer (OzoneContainer.java:startContainerScrub(160)) - Background container scrubber has been disabled by hdds.containerscrub.enabled
2019-06-12 23:43:45,825 INFO  ratis.XceiverServerRatis (XceiverServerRatis.java:start(418)) - Starting XceiverServerRatis 06ef2a18-301c-4ee4-bf7e-ae4e43156744 at port 33179
2019-06-12 23:43:45,844 INFO  impl.RaftServerProxy (RaftServerProxy.java:lambda$start$3(299)) - 06ef2a18-301c-4ee4-bf7e-ae4e43156744: start RPC server
2019-06-12 23:43:45,955 INFO  server.GrpcService (GrpcService.java:startImpl(148)) - 06ef2a18-301c-4ee4-bf7e-ae4e43156744: GrpcService started, listening on 0.0.0.0/0.0.0.0:33179
2019-06-12 23:43:45,987 INFO  ozoneimpl.OzoneContainer (OzoneContainer.java:start(186)) - Attempting to start container services.
2019-06-12 23:43:45,988 INFO  ozoneimpl.OzoneContainer (OzoneContainer.java:startContainerScrub(160)) - Background container scrubber has been disabled by hdds.containerscrub.enabled
2019-06-12 23:43:45,989 INFO  ratis.XceiverServerRatis (XceiverServerRatis.java:start(418)) - Starting XceiverServerRatis 8ef101a3-a22f-4c21-aa09-c42829167c7a at port 35617
2019-06-12 23:43:46,000 INFO  impl.RaftServerProxy (RaftServerProxy.java:lambda$start$3(299)) - 8ef101a3-a22f-4c21-aa09-c42829167c7a: start RPC server
2019-06-12 23:43:46,002 INFO  server.GrpcService (GrpcService.java:startImpl(148)) - 8ef101a3-a22f-4c21-aa09-c42829167c7a: GrpcService started, listening on 0.0.0.0/0.0.0.0:35617
2019-06-12 23:43:46,207 INFO  ozoneimpl.OzoneContainer (OzoneContainer.java:start(186)) - Attempting to start container services.
2019-06-12 23:43:46,208 INFO  ozoneimpl.OzoneContainer (OzoneContainer.java:startContainerScrub(160)) - Background container scrubber has been disabled by hdds.containerscrub.enabled
2019-06-12 23:43:46,208 INFO  ratis.XceiverServerRatis (XceiverServerRatis.java:start(418)) - Starting XceiverServerRatis 7bf565de-fdfe-4f9f-949f-75a5c22b816f at port 40073
2019-06-12 23:43:46,213 INFO  impl.RaftServerProxy (RaftServerProxy.java:lambda$start$3(299)) - 7bf565de-fdfe-4f9f-949f-75a5c22b816f: start RPC server
2019-06-12 23:43:46,215 INFO  server.GrpcService (GrpcService.java:startImpl(148)) - 7bf565de-fdfe-4f9f-949f-75a5c22b816f: GrpcService started, listening on 0.0.0.0/0.0.0.0:40073
2019-06-12 23:43:46,423 INFO  ozoneimpl.OzoneContainer (OzoneContainer.java:start(186)) - Attempting to start container services.
2019-06-12 23:43:46,425 INFO  ozoneimpl.OzoneContainer (OzoneContainer.java:startContainerScrub(160)) - Background container scrubber has been disabled by hdds.containerscrub.enabled
2019-06-12 23:43:46,425 INFO  ratis.XceiverServerRatis (XceiverServerRatis.java:start(418)) - Starting XceiverServerRatis d9d671ab-92f0-449d-b84b-2dfc099750a2 at port 37833
2019-06-12 23:43:46,430 INFO  impl.RaftServerProxy (RaftServerProxy.java:lambda$start$3(299)) - d9d671ab-92f0-449d-b84b-2dfc099750a2: start RPC server
2019-06-12 23:43:46,432 INFO  server.GrpcService (GrpcService.java:startImpl(148)) - d9d671ab-92f0-449d-b84b-2dfc099750a2: GrpcService started, listening on 0.0.0.0/0.0.0.0:37833
2019-06-12 23:43:46,591 INFO  ozoneimpl.OzoneContainer (OzoneContainer.java:start(186)) - Attempting to start container services.
2019-06-12 23:43:46,592 INFO  ozoneimpl.OzoneContainer (OzoneContainer.java:startContainerScrub(160)) - Background container scrubber has been disabled by hdds.containerscrub.enabled
2019-06-12 23:43:46,592 INFO  ratis.XceiverServerRatis (XceiverServerRatis.java:start(418)) - Starting XceiverServerRatis 676f4422-3246-45c7-ab40-119038ccc63a at port 41659
2019-06-12 23:43:46,597 INFO  impl.RaftServerProxy (RaftServerProxy.java:lambda$start$3(299)) - 676f4422-3246-45c7-ab40-119038ccc63a: start RPC server
2019-06-12 23:43:46,600 INFO  server.GrpcService (GrpcService.java:startImpl(148)) - 676f4422-3246-45c7-ab40-119038ccc63a: GrpcService started, listening on 0.0.0.0/0.0.0.0:41659
2019-06-12 23:43:46,820 INFO  ozone.MiniOzoneClusterImpl (MiniOzoneClusterImpl.java:lambda$waitForClusterToBeReady$0(142)) - Waiting for cluster to be ready. Got 0 of 6 DN Heartbeats.
2019-06-12 23:43:46,827 INFO  ozoneimpl.OzoneContainer (OzoneContainer.java:start(186)) - Attempting to start container services.
2019-06-12 23:43:46,828 INFO  ozoneimpl.OzoneContainer (OzoneContainer.java:startContainerScrub(160)) - Background container scrubber has been disabled by hdds.containerscrub.enabled
2019-06-12 23:43:46,828 INFO  ratis.XceiverServerRatis (XceiverServerRatis.java:start(418)) - Starting XceiverServerRatis fc702641-5a40-4409-8be8-0eeb8c9862a0 at port 46451
2019-06-12 23:43:46,833 INFO  impl.RaftServerProxy (RaftServerProxy.java:lambda$start$3(299)) - fc702641-5a40-4409-8be8-0eeb8c9862a0: start RPC server
2019-06-12 23:43:46,836 INFO  server.GrpcService (GrpcService.java:startImpl(148)) - fc702641-5a40-4409-8be8-0eeb8c9862a0: GrpcService started, listening on 0.0.0.0/0.0.0.0:46451
2019-06-12 23:43:47,820 INFO  ozone.MiniOzoneClusterImpl (MiniOzoneClusterImpl.java:lambda$waitForClusterToBeReady$0(142)) - Waiting for cluster to be ready. Got 0 of 6 DN Heartbeats.
2019-06-12 23:43:47,823 INFO  node.SCMNodeManager (SCMNodeManager.java:register(234)) - Registered Data node : 06ef2a18-301c-4ee4-bf7e-ae4e43156744{ip: 192.168.11.232, host: ozone-tmnf5-1138113507, networkLocation: /default-rack, certSerialId: null}
2019-06-12 23:43:47,826 INFO  safemode.SCMSafeModeManager (DataNodeSafeModeRule.java:process(71)) - SCM in safe mode. 1 DataNodes registered, 1 required.
2019-06-12 23:43:47,826 INFO  safemode.SCMSafeModeManager (SCMSafeModeManager.java:validateSafeModeExitRules(177)) - ScmSafeModeManager, all rules are successfully validated
2019-06-12 23:43:47,826 INFO  safemode.SCMSafeModeManager (SCMSafeModeManager.java:exitSafeMode(193)) - SCM exiting safe mode.
2019-06-12 23:43:47,988 INFO  node.SCMNodeManager (SCMNodeManager.java:register(234)) - Registered Data node : 8ef101a3-a22f-4c21-aa09-c42829167c7a{ip: 192.168.11.232, host: ozone-tmnf5-1138113507, networkLocation: /default-rack, certSerialId: null}
2019-06-12 23:43:48,156 INFO  impl.RaftServerProxy (RaftServerProxy.java:addNew(89)) - 06ef2a18-301c-4ee4-bf7e-ae4e43156744: addNew group-7FCC0F32CB2D:[06ef2a18-301c-4ee4-bf7e-ae4e43156744:192.168.11.232:33179] returns group-7FCC0F32CB2D:java.util.concurrent.CompletableFuture@749ca006[Not completed]
2019-06-12 23:43:48,161 INFO  impl.RaftServerImpl (RaftServerImpl.java:<init>(91)) - 06ef2a18-301c-4ee4-bf7e-ae4e43156744: new RaftServerImpl for group-7FCC0F32CB2D:[06ef2a18-301c-4ee4-bf7e-ae4e43156744:192.168.11.232:33179] with ContainerStateMachine:uninitialized
2019-06-12 23:43:48,162 INFO  server.RaftServerConfigKeys (ConfUtils.java:logGet(43)) - raft.server.rpc.timeout.min = 1s (custom)
2019-06-12 23:43:48,162 INFO  server.RaftServerConfigKeys (ConfUtils.java:logGet(43)) - raft.server.rpc.timeout.max = 1200ms (custom)
2019-06-12 23:43:48,162 INFO  server.RaftServerConfigKeys (ConfUtils.java:logGet(43)) - raft.server.rpcslowness.timeout = 10s (custom)
2019-06-12 23:43:48,162 INFO  server.RaftServerConfigKeys (ConfUtils.java:logGet(43)) - raft.server.log.appender.install.snapshot.enabled = true (default)
2019-06-12 23:43:48,167 INFO  impl.RaftServerImpl (ServerState.java:<init>(101)) - 06ef2a18-301c-4ee4-bf7e-ae4e43156744:group-7FCC0F32CB2D ConfigurationManager, init=-1: [06ef2a18-301c-4ee4-bf7e-ae4e43156744:192.168.11.232:33179], old=null, confs=<EMPTY_MAP>
2019-06-12 23:43:48,167 INFO  server.RaftServerConfigKeys (ConfUtils.java:logGet(43)) - raft.server.storage.dir = [/opt/src/hadoop-ozone/integration-test/target/test-dir/MiniOzoneClusterImpl-e6ca0132-8494-43dc-a03e-d7219afd67fc/datanode-0/data/ratis] (custom)
2019-06-12 23:43:48,174 INFO  storage.RaftStorageDirectory (RaftStorageDirectory.java:analyzeStorage(246)) - The storage directory /opt/src/hadoop-ozone/integration-test/target/test-dir/MiniOzoneClusterImpl-e6ca0132-8494-43dc-a03e-d7219afd67fc/datanode-0/data/ratis/0594e7c2-e798-42db-ab8d-7fcc0f32cb2d does not exist. Creating ...
2019-06-12 23:43:48,178 INFO  storage.RaftStorageDirectory (RaftStorageDirectory.java:tryLock(328)) - Lock on /opt/src/hadoop-ozone/integration-test/target/test-dir/MiniOzoneClusterImpl-e6ca0132-8494-43dc-a03e-d7219afd67fc/datanode-0/data/ratis/0594e7c2-e798-42db-ab8d-7fcc0f32cb2d/in_use.lock acquired by nodename 9964@ozone-tmnf5-1138113507
2019-06-12 23:43:48,181 INFO  storage.RaftStorage (RaftStorage.java:format(75)) - Storage directory /opt/src/hadoop-ozone/integration-test/target/test-dir/MiniOzoneClusterImpl-e6ca0132-8494-43dc-a03e-d7219afd67fc/datanode-0/data/ratis/0594e7c2-e798-42db-ab8d-7fcc0f32cb2d has been successfully formatted.
2019-06-12 23:43:48,183 INFO  ratis.ContainerStateMachine (ContainerStateMachine.java:loadSnapshot(199)) - The snapshot info is null.Setting the last applied index to:(t:0, i:~)
2019-06-12 23:43:48,183 INFO  server.RaftServerConfigKeys (ConfUtils.java:logGet(43)) - raft.server.leader.election.timeout = 10s (custom)
2019-06-12 23:43:48,184 INFO  server.RaftServerConfigKeys (ConfUtils.java:logGet(43)) - raft.server.log.use.memory = false (default)
2019-06-12 23:43:48,303 INFO  server.RaftServerConfigKeys (ConfUtils.java:logGet(43)) - raft.server.log.appender.buffer.byte-limit = 33554432 (custom)
2019-06-12 23:43:48,307 INFO  node.SCMNodeManager (SCMNodeManager.java:register(234)) - Registered Data node : 7bf565de-fdfe-4f9f-949f-75a5c22b816f{ip: 192.168.11.232, host: ozone-tmnf5-1138113507, networkLocation: /default-rack, certSerialId: null}
2019-06-12 23:43:48,310 INFO  server.RaftServerConfigKeys (ConfUtils.java:logGet(43)) - raft.server.log.segment.size.max = 16384 (custom)
2019-06-12 23:43:48,314 INFO  server.RaftServerConfigKeys (ConfUtils.java:logGet(43)) - raft.server.log.segment.cache.num.max = 2 (custom)
2019-06-12 23:43:48,318 INFO  storage.RaftLogWorker (RaftLogWorker.java:<init>(123)) - new 06ef2a18-301c-4ee4-bf7e-ae4e43156744-RaftLogWorker for Storage Directory /opt/src/hadoop-ozone/integration-test/target/test-dir/MiniOzoneClusterImpl-e6ca0132-8494-43dc-a03e-d7219afd67fc/datanode-0/data/ratis/0594e7c2-e798-42db-ab8d-7fcc0f32cb2d
2019-06-12 23:43:48,318 INFO  server.RaftServerConfigKeys (ConfUtils.java:logGet(43)) - raft.server.log.queue.byte-limit = 2147483647 (custom)
2019-06-12 23:43:48,318 INFO  server.RaftServerConfigKeys (ConfUtils.java:logGet(43)) - raft.server.log.queue.element-limit = 1024 (custom)
2019-06-12 23:43:48,320 INFO  server.RaftServerConfigKeys (ConfUtils.java:logGet(43)) - raft.server.log.segment.size.max = 16384 (custom)
2019-06-12 23:43:48,321 INFO  server.RaftServerConfigKeys (ConfUtils.java:logGet(43)) - raft.server.log.preallocated.size = 16384 (custom)
2019-06-12 23:43:48,321 INFO  server.RaftServerConfigKeys (ConfUtils.java:logGet(43)) - raft.server.log.write.buffer.size = 33554432 (custom)
2019-06-12 23:43:48,322 INFO  server.RaftServerConfigKeys (ConfUtils.java:logGet(43)) - raft.server.log.force.sync.num = 128 (default)
2019-06-12 23:43:48,323 INFO  server.RaftServerConfigKeys (ConfUtils.java:logGet(43)) - raft.server.log.statemachine.data.sync = true (default)
2019-06-12 23:43:48,323 INFO  server.RaftServerConfigKeys (ConfUtils.java:logGet(43)) - raft.server.log.statemachine.data.sync.timeout = 10s (default)
2019-06-12 23:43:48,323 INFO  server.RaftServerConfigKeys (ConfUtils.java:logGet(43)) - raft.server.log.statemachine.data.sync.timeout.retry = -1 (default)
2019-06-12 23:43:48,326 INFO  server.RaftServerConfigKeys (ConfUtils.java:logGet(43)) - raft.server.log.statemachine.data.caching.enabled = true (custom)
2019-06-12 23:43:48,332 INFO  server.RaftServerConfigKeys (ConfUtils.java:logGet(43)) - raft.server.snapshot.auto.trigger.enabled = true (custom)
2019-06-12 23:43:48,332 INFO  server.RaftServerConfigKeys (ConfUtils.java:logGet(43)) - raft.server.snapshot.auto.trigger.threshold = 10000 (custom)
2019-06-12 23:43:48,333 INFO  server.RaftServerConfigKeys (ConfUtils.java:logGet(43)) - raft.server.retrycache.expirytime = 600000ms (custom)
2019-06-12 23:43:48,352 INFO  impl.RaftServerImpl (RaftServerImpl.java:start(173)) - 06ef2a18-301c-4ee4-bf7e-ae4e43156744: start group-7FCC0F32CB2D
2019-06-12 23:43:48,353 INFO  impl.RaftServerImpl (RaftServerImpl.java:setRole(164)) - 06ef2a18-301c-4ee4-bf7e-ae4e43156744:group-7FCC0F32CB2D changes role from null to FOLLOWER at term 0 for startAsFollower
2019-06-12 23:43:48,354 INFO  impl.RoleInfo (RoleInfo.java:updateAndGet(143)) - 06ef2a18-301c-4ee4-bf7e-ae4e43156744: start FollowerState
2019-06-12 23:43:48,356 INFO  util.JmxRegister (JmxRegister.java:tryRegister(44)) - Successfully registered JMX Bean with object name Ratis:service=RaftServer,group=group-7FCC0F32CB2D,id=06ef2a18-301c-4ee4-bf7e-ae4e43156744
2019-06-12 23:43:48,396 INFO  pipeline.PipelineStateManager (PipelineStateManager.java:addPipeline(56)) - Created pipeline Pipeline[ Id: 0594e7c2-e798-42db-ab8d-7fcc0f32cb2d, Nodes: 06ef2a18-301c-4ee4-bf7e-ae4e43156744{ip: 192.168.11.232, host: ozone-tmnf5-1138113507, networkLocation: /default-rack, certSerialId: null}, Type:RATIS, Factor:ONE, State:OPEN]
2019-06-12 23:43:48,419 INFO  impl.RaftServerProxy (RaftServerProxy.java:addNew(89)) - 8ef101a3-a22f-4c21-aa09-c42829167c7a: addNew group-23C3F5BCEF0C:[8ef101a3-a22f-4c21-aa09-c42829167c7a:192.168.11.232:35617] returns group-23C3F5BCEF0C:java.util.concurrent.CompletableFuture@63d8bdba[Not completed]
2019-06-12 23:43:48,421 INFO  node.SCMNodeManager (SCMNodeManager.java:register(234)) - Registered Data node : d9d671ab-92f0-449d-b84b-2dfc099750a2{ip: 192.168.11.232, host: ozone-tmnf5-1138113507, networkLocation: /default-rack, certSerialId: null}
2019-06-12 23:43:48,422 INFO  impl.RaftServerImpl (RaftServerImpl.java:<init>(91)) - 8ef101a3-a22f-4c21-aa09-c42829167c7a: new RaftServerImpl for group-23C3F5BCEF0C:[8ef101a3-a22f-4c21-aa09-c42829167c7a:192.168.11.232:35617] with ContainerStateMachine:uninitialized
2019-06-12 23:43:48,423 INFO  server.RaftServerConfigKeys (ConfUtils.java:logGet(43)) - raft.server.rpc.timeout.min = 1s (custom)
2019-06-12 23:43:48,423 INFO  server.RaftServerConfigKeys (ConfUtils.java:logGet(43)) - raft.server.rpc.timeout.max = 1200ms (custom)
2019-06-12 23:43:48,423 INFO  server.RaftServerConfigKeys (ConfUtils.java:logGet(43)) - raft.server.rpcslowness.timeout = 10s (custom)
2019-06-12 23:43:48,423 INFO  server.RaftServerConfigKeys (ConfUtils.java:logGet(43)) - raft.server.log.appender.install.snapshot.enabled = true (default)
2019-06-12 23:43:48,423 INFO  impl.RaftServerImpl (ServerState.java:<init>(101)) - 8ef101a3-a22f-4c21-aa09-c42829167c7a:group-23C3F5BCEF0C ConfigurationManager, init=-1: [8ef101a3-a22f-4c21-aa09-c42829167c7a:192.168.11.232:35617], old=null, confs=<EMPTY_MAP>
2019-06-12 23:43:48,424 INFO  server.RaftServerConfigKeys (ConfUtils.java:logGet(43)) - raft.server.storage.dir = [/opt/src/hadoop-ozone/integration-test/target/test-dir/MiniOzoneClusterImpl-e6ca0132-8494-43dc-a03e-d7219afd67fc/datanode-1/data/ratis] (custom)
2019-06-12 23:43:48,424 INFO  storage.RaftStorageDirectory (RaftStorageDirectory.java:analyzeStorage(246)) - The storage directory /opt/src/hadoop-ozone/integration-test/target/test-dir/MiniOzoneClusterImpl-e6ca0132-8494-43dc-a03e-d7219afd67fc/datanode-1/data/ratis/bc99deb3-a090-4373-85b5-23c3f5bcef0c does not exist. Creating ...
2019-06-12 23:43:48,426 INFO  storage.RaftStorageDirectory (RaftStorageDirectory.java:tryLock(328)) - Lock on /opt/src/hadoop-ozone/integration-test/target/test-dir/MiniOzoneClusterImpl-e6ca0132-8494-43dc-a03e-d7219afd67fc/datanode-1/data/ratis/bc99deb3-a090-4373-85b5-23c3f5bcef0c/in_use.lock acquired by nodename 9964@ozone-tmnf5-1138113507
2019-06-12 23:43:48,428 INFO  storage.RaftStorage (RaftStorage.java:format(75)) - Storage directory /opt/src/hadoop-ozone/integration-test/target/test-dir/MiniOzoneClusterImpl-e6ca0132-8494-43dc-a03e-d7219afd67fc/datanode-1/data/ratis/bc99deb3-a090-4373-85b5-23c3f5bcef0c has been successfully formatted.
2019-06-12 23:43:48,428 INFO  ratis.ContainerStateMachine (ContainerStateMachine.java:loadSnapshot(199)) - The snapshot info is null.Setting the last applied index to:(t:0, i:~)
2019-06-12 23:43:48,429 INFO  server.RaftServerConfigKeys (ConfUtils.java:logGet(43)) - raft.server.leader.election.timeout = 10s (custom)
2019-06-12 23:43:48,429 INFO  server.RaftServerConfigKeys (ConfUtils.java:logGet(43)) - raft.server.log.use.memory = false (default)
2019-06-12 23:43:48,429 INFO  server.RaftServerConfigKeys (ConfUtils.java:logGet(43)) - raft.server.log.appender.buffer.byte-limit = 33554432 (custom)
2019-06-12 23:43:48,429 INFO  server.RaftServerConfigKeys (ConfUtils.java:logGet(43)) - raft.server.log.segment.size.max = 16384 (custom)
2019-06-12 23:43:48,429 INFO  server.RaftServerConfigKeys (ConfUtils.java:logGet(43)) - raft.server.log.segment.cache.num.max = 2 (custom)
2019-06-12 23:43:48,429 INFO  storage.RaftLogWorker (RaftLogWorker.java:<init>(123)) - new 8ef101a3-a22f-4c21-aa09-c42829167c7a-RaftLogWorker for Storage Directory /opt/src/hadoop-ozone/integration-test/target/test-dir/MiniOzoneClusterImpl-e6ca0132-8494-43dc-a03e-d7219afd67fc/datanode-1/data/ratis/bc99deb3-a090-4373-85b5-23c3f5bcef0c
2019-06-12 23:43:48,430 INFO  server.RaftServerConfigKeys (ConfUtils.java:logGet(43)) - raft.server.log.queue.byte-limit = 2147483647 (custom)
2019-06-12 23:43:48,430 INFO  server.RaftServerConfigKeys (ConfUtils.java:logGet(43)) - raft.server.log.queue.element-limit = 1024 (custom)
2019-06-12 23:43:48,430 INFO  server.RaftServerConfigKeys (ConfUtils.java:logGet(43)) - raft.server.log.segment.size.max = 16384 (custom)
2019-06-12 23:43:48,431 INFO  server.RaftServerConfigKeys (ConfUtils.java:logGet(43)) - raft.server.log.preallocated.size = 16384 (custom)
2019-06-12 23:43:48,431 INFO  server.RaftServerConfigKeys (ConfUtils.java:logGet(43)) - raft.server.log.write.buffer.size = 33554432 (custom)
2019-06-12 23:43:48,431 INFO  server.RaftServerConfigKeys (ConfUtils.java:logGet(43)) - raft.server.log.force.sync.num = 128 (default)
2019-06-12 23:43:48,431 INFO  server.RaftServerConfigKeys (ConfUtils.java:logGet(43)) - raft.server.log.statemachine.data.sync = true (default)
2019-06-12 23:43:48,431 INFO  server.RaftServerConfigKeys (ConfUtils.java:logGet(43)) - raft.server.log.statemachine.data.sync.timeout = 10s (default)
2019-06-12 23:43:48,431 INFO  server.RaftServerConfigKeys (ConfUtils.java:logGet(43)) - raft.server.log.statemachine.data.sync.timeout.retry = -1 (default)
2019-06-12 23:43:48,431 INFO  server.RaftServerConfigKeys (ConfUtils.java:logGet(43)) - raft.server.log.statemachine.data.caching.enabled = true (custom)
2019-06-12 23:43:48,432 INFO  server.RaftServerConfigKeys (ConfUtils.java:logGet(43)) - raft.server.snapshot.auto.trigger.enabled = true (custom)
2019-06-12 23:43:48,432 INFO  server.RaftServerConfigKeys (ConfUtils.java:logGet(43)) - raft.server.snapshot.auto.trigger.threshold = 10000 (custom)
2019-06-12 23:43:48,432 INFO  server.RaftServerConfigKeys (ConfUtils.java:logGet(43)) - raft.server.retrycache.expirytime = 600000ms (custom)
2019-06-12 23:43:48,432 INFO  impl.RaftServerImpl (RaftServerImpl.java:start(173)) - 8ef101a3-a22f-4c21-aa09-c42829167c7a: start group-23C3F5BCEF0C
2019-06-12 23:43:48,432 INFO  impl.RaftServerImpl (RaftServerImpl.java:setRole(164)) - 8ef101a3-a22f-4c21-aa09-c42829167c7a:group-23C3F5BCEF0C changes role from null to FOLLOWER at term 0 for startAsFollower
2019-06-12 23:43:48,433 INFO  impl.RoleInfo (RoleInfo.java:updateAndGet(143)) - 8ef101a3-a22f-4c21-aa09-c42829167c7a: start FollowerState
2019-06-12 23:43:48,434 INFO  util.JmxRegister (JmxRegister.java:tryRegister(44)) - Successfully registered JMX Bean with object name Ratis:service=RaftServer,group=group-23C3F5BCEF0C,id=8ef101a3-a22f-4c21-aa09-c42829167c7a
2019-06-12 23:43:48,450 INFO  pipeline.PipelineStateManager (PipelineStateManager.java:addPipeline(56)) - Created pipeline Pipeline[ Id: bc99deb3-a090-4373-85b5-23c3f5bcef0c, Nodes: 8ef101a3-a22f-4c21-aa09-c42829167c7a{ip: 192.168.11.232, host: ozone-tmnf5-1138113507, networkLocation: /default-rack, certSerialId: null}, Type:RATIS, Factor:ONE, State:OPEN]
2019-06-12 23:43:48,465 INFO  impl.RaftServerProxy (RaftServerProxy.java:addNew(89)) - d9d671ab-92f0-449d-b84b-2dfc099750a2: addNew group-DF9F29D154AD:[d9d671ab-92f0-449d-b84b-2dfc099750a2:192.168.11.232:37833] returns group-DF9F29D154AD:java.util.concurrent.CompletableFuture@3dafd9c[Not completed]
2019-06-12 23:43:48,488 INFO  impl.RaftServerImpl (RaftServerImpl.java:<init>(91)) - d9d671ab-92f0-449d-b84b-2dfc099750a2: new RaftServerImpl for group-DF9F29D154AD:[d9d671ab-92f0-449d-b84b-2dfc099750a2:192.168.11.232:37833] with ContainerStateMachine:uninitialized
2019-06-12 23:43:48,488 INFO  server.RaftServerConfigKeys (ConfUtils.java:logGet(43)) - raft.server.rpc.timeout.min = 1s (custom)
2019-06-12 23:43:48,489 INFO  server.RaftServerConfigKeys (ConfUtils.java:logGet(43)) - raft.server.rpc.timeout.max = 1200ms (custom)
2019-06-12 23:43:48,489 INFO  server.RaftServerConfigKeys (ConfUtils.java:logGet(43)) - raft.server.rpcslowness.timeout = 10s (custom)
2019-06-12 23:43:48,489 INFO  server.RaftServerConfigKeys (ConfUtils.java:logGet(43)) - raft.server.log.appender.install.snapshot.enabled = true (default)
2019-06-12 23:43:48,489 INFO  impl.RaftServerImpl (ServerState.java:<init>(101)) - d9d671ab-92f0-449d-b84b-2dfc099750a2:group-DF9F29D154AD ConfigurationManager, init=-1: [d9d671ab-92f0-449d-b84b-2dfc099750a2:192.168.11.232:37833], old=null, confs=<EMPTY_MAP>
2019-06-12 23:43:48,489 INFO  server.RaftServerConfigKeys (ConfUtils.java:logGet(43)) - raft.server.storage.dir = [/opt/src/hadoop-ozone/integration-test/target/test-dir/MiniOzoneClusterImpl-e6ca0132-8494-43dc-a03e-d7219afd67fc/datanode-3/data/ratis] (custom)
2019-06-12 23:43:48,489 INFO  storage.RaftStorageDirectory (RaftStorageDirectory.java:analyzeStorage(246)) - The storage directory /opt/src/hadoop-ozone/integration-test/target/test-dir/MiniOzoneClusterImpl-e6ca0132-8494-43dc-a03e-d7219afd67fc/datanode-3/data/ratis/3f9257a4-085c-4bd6-8d11-df9f29d154ad does not exist. Creating ...
2019-06-12 23:43:48,492 INFO  storage.RaftStorageDirectory (RaftStorageDirectory.java:tryLock(328)) - Lock on /opt/src/hadoop-ozone/integration-test/target/test-dir/MiniOzoneClusterImpl-e6ca0132-8494-43dc-a03e-d7219afd67fc/datanode-3/data/ratis/3f9257a4-085c-4bd6-8d11-df9f29d154ad/in_use.lock acquired by nodename 9964@ozone-tmnf5-1138113507
2019-06-12 23:43:48,494 INFO  storage.RaftStorage (RaftStorage.java:format(75)) - Storage directory /opt/src/hadoop-ozone/integration-test/target/test-dir/MiniOzoneClusterImpl-e6ca0132-8494-43dc-a03e-d7219afd67fc/datanode-3/data/ratis/3f9257a4-085c-4bd6-8d11-df9f29d154ad has been successfully formatted.
2019-06-12 23:43:48,495 INFO  ratis.ContainerStateMachine (ContainerStateMachine.java:loadSnapshot(199)) - The snapshot info is null.Setting the last applied index to:(t:0, i:~)
2019-06-12 23:43:48,496 INFO  server.RaftServerConfigKeys (ConfUtils.java:logGet(43)) - raft.server.leader.election.timeout = 10s (custom)
2019-06-12 23:43:48,496 INFO  server.RaftServerConfigKeys (ConfUtils.java:logGet(43)) - raft.server.log.use.memory = false (default)
2019-06-12 23:43:48,496 INFO  server.RaftServerConfigKeys (ConfUtils.java:logGet(43)) - raft.server.log.appender.buffer.byte-limit = 33554432 (custom)
2019-06-12 23:43:48,496 INFO  server.RaftServerConfigKeys (ConfUtils.java:logGet(43)) - raft.server.log.segment.size.max = 16384 (custom)
2019-06-12 23:43:48,496 INFO  server.RaftServerConfigKeys (ConfUtils.java:logGet(43)) - raft.server.log.segment.cache.num.max = 2 (custom)
2019-06-12 23:43:48,496 INFO  storage.RaftLogWorker (RaftLogWorker.java:<init>(123)) - new d9d671ab-92f0-449d-b84b-2dfc099750a2-RaftLogWorker for Storage Directory /opt/src/hadoop-ozone/integration-test/target/test-dir/MiniOzoneClusterImpl-e6ca0132-8494-43dc-a03e-d7219afd67fc/datanode-3/data/ratis/3f9257a4-085c-4bd6-8d11-df9f29d154ad
2019-06-12 23:43:48,496 INFO  server.RaftServerConfigKeys (ConfUtils.java:logGet(43)) - raft.server.log.queue.byte-limit = 2147483647 (custom)
2019-06-12 23:43:48,496 INFO  server.RaftServerConfigKeys (ConfUtils.java:logGet(43)) - raft.server.log.queue.element-limit = 1024 (custom)
2019-06-12 23:43:48,496 INFO  server.RaftServerConfigKeys (ConfUtils.java:logGet(43)) - raft.server.log.segment.size.max = 16384 (custom)
2019-06-12 23:43:48,496 INFO  server.RaftServerConfigKeys (ConfUtils.java:logGet(43)) - raft.server.log.preallocated.size = 16384 (custom)
2019-06-12 23:43:48,496 INFO  server.RaftServerConfigKeys (ConfUtils.java:logGet(43)) - raft.server.log.write.buffer.size = 33554432 (custom)
2019-06-12 23:43:48,497 INFO  server.RaftServerConfigKeys (ConfUtils.java:logGet(43)) - raft.server.log.force.sync.num = 128 (default)
2019-06-12 23:43:48,497 INFO  server.RaftServerConfigKeys (ConfUtils.java:logGet(43)) - raft.server.log.statemachine.data.sync = true (default)
2019-06-12 23:43:48,497 INFO  server.RaftServerConfigKeys (ConfUtils.java:logGet(43)) - raft.server.log.statemachine.data.sync.timeout = 10s (default)
2019-06-12 23:43:48,497 INFO  server.RaftServerConfigKeys (ConfUtils.java:logGet(43)) - raft.server.log.statemachine.data.sync.timeout.retry = -1 (default)
2019-06-12 23:43:48,497 INFO  server.RaftServerConfigKeys (ConfUtils.java:logGet(43)) - raft.server.log.statemachine.data.caching.enabled = true (custom)
2019-06-12 23:43:48,497 INFO  server.RaftServerConfigKeys (ConfUtils.java:logGet(43)) - raft.server.snapshot.auto.trigger.enabled = true (custom)
2019-06-12 23:43:48,497 INFO  server.RaftServerConfigKeys (ConfUtils.java:logGet(43)) - raft.server.snapshot.auto.trigger.threshold = 10000 (custom)
2019-06-12 23:43:48,497 INFO  server.RaftServerConfigKeys (ConfUtils.java:logGet(43)) - raft.server.retrycache.expirytime = 600000ms (custom)
2019-06-12 23:43:48,498 INFO  impl.RaftServerImpl (RaftServerImpl.java:start(173)) - d9d671ab-92f0-449d-b84b-2dfc099750a2: start group-DF9F29D154AD
2019-06-12 23:43:48,498 INFO  impl.RaftServerImpl (RaftServerImpl.java:setRole(164)) - d9d671ab-92f0-449d-b84b-2dfc099750a2:group-DF9F29D154AD changes role from null to FOLLOWER at term 0 for startAsFollower
2019-06-12 23:43:48,498 INFO  impl.RoleInfo (RoleInfo.java:updateAndGet(143)) - d9d671ab-92f0-449d-b84b-2dfc099750a2: start FollowerState
2019-06-12 23:43:48,498 INFO  util.JmxRegister (JmxRegister.java:tryRegister(44)) - Successfully registered JMX Bean with object name Ratis:service=RaftServer,group=group-DF9F29D154AD,id=d9d671ab-92f0-449d-b84b-2dfc099750a2
2019-06-12 23:43:48,505 INFO  pipeline.PipelineStateManager (PipelineStateManager.java:addPipeline(56)) - Created pipeline Pipeline[ Id: 3f9257a4-085c-4bd6-8d11-df9f29d154ad, Nodes: d9d671ab-92f0-449d-b84b-2dfc099750a2{ip: 192.168.11.232, host: ozone-tmnf5-1138113507, networkLocation: /default-rack, certSerialId: null}, Type:RATIS, Factor:ONE, State:OPEN]
2019-06-12 23:43:48,522 INFO  impl.RaftServerProxy (RaftServerProxy.java:addNew(89)) - 7bf565de-fdfe-4f9f-949f-75a5c22b816f: addNew group-AF205CD8AD26:[7bf565de-fdfe-4f9f-949f-75a5c22b816f:192.168.11.232:40073] returns group-AF205CD8AD26:java.util.concurrent.CompletableFuture@5b5306e5[Not completed]
2019-06-12 23:43:48,526 INFO  impl.RaftServerImpl (RaftServerImpl.java:<init>(91)) - 7bf565de-fdfe-4f9f-949f-75a5c22b816f: new RaftServerImpl for group-AF205CD8AD26:[7bf565de-fdfe-4f9f-949f-75a5c22b816f:192.168.11.232:40073] with ContainerStateMachine:uninitialized
2019-06-12 23:43:48,526 INFO  server.RaftServerConfigKeys (ConfUtils.java:logGet(43)) - raft.server.rpc.timeout.min = 1s (custom)
2019-06-12 23:43:48,526 INFO  server.RaftServerConfigKeys (ConfUtils.java:logGet(43)) - raft.server.rpc.timeout.max = 1200ms (custom)
2019-06-12 23:43:48,526 INFO  server.RaftServerConfigKeys (ConfUtils.java:logGet(43)) - raft.server.rpcslowness.timeout = 10s (custom)
2019-06-12 23:43:48,526 INFO  server.RaftServerConfigKeys (ConfUtils.java:logGet(43)) - raft.server.log.appender.install.snapshot.enabled = true (default)
2019-06-12 23:43:48,526 INFO  impl.RaftServerImpl (ServerState.java:<init>(101)) - 7bf565de-fdfe-4f9f-949f-75a5c22b816f:group-AF205CD8AD26 ConfigurationManager, init=-1: [7bf565de-fdfe-4f9f-949f-75a5c22b816f:192.168.11.232:40073], old=null, confs=<EMPTY_MAP>
2019-06-12 23:43:48,526 INFO  server.RaftServerConfigKeys (ConfUtils.java:logGet(43)) - raft.server.storage.dir = [/opt/src/hadoop-ozone/integration-test/target/test-dir/MiniOzoneClusterImpl-e6ca0132-8494-43dc-a03e-d7219afd67fc/datanode-2/data/ratis] (custom)
2019-06-12 23:43:48,526 INFO  storage.RaftStorageDirectory (RaftStorageDirectory.java:analyzeStorage(246)) - The storage directory /opt/src/hadoop-ozone/integration-test/target/test-dir/MiniOzoneClusterImpl-e6ca0132-8494-43dc-a03e-d7219afd67fc/datanode-2/data/ratis/59e7b301-7a02-4053-8852-af205cd8ad26 does not exist. Creating ...
2019-06-12 23:43:48,528 INFO  storage.RaftStorageDirectory (RaftStorageDirectory.java:tryLock(328)) - Lock on /opt/src/hadoop-ozone/integration-test/target/test-dir/MiniOzoneClusterImpl-e6ca0132-8494-43dc-a03e-d7219afd67fc/datanode-2/data/ratis/59e7b301-7a02-4053-8852-af205cd8ad26/in_use.lock acquired by nodename 9964@ozone-tmnf5-1138113507
2019-06-12 23:43:48,530 INFO  storage.RaftStorage (RaftStorage.java:format(75)) - Storage directory /opt/src/hadoop-ozone/integration-test/target/test-dir/MiniOzoneClusterImpl-e6ca0132-8494-43dc-a03e-d7219afd67fc/datanode-2/data/ratis/59e7b301-7a02-4053-8852-af205cd8ad26 has been successfully formatted.
2019-06-12 23:43:48,531 INFO  ratis.ContainerStateMachine (ContainerStateMachine.java:loadSnapshot(199)) - The snapshot info is null.Setting the last applied index to:(t:0, i:~)
2019-06-12 23:43:48,531 INFO  server.RaftServerConfigKeys (ConfUtils.java:logGet(43)) - raft.server.leader.election.timeout = 10s (custom)
2019-06-12 23:43:48,531 INFO  server.RaftServerConfigKeys (ConfUtils.java:logGet(43)) - raft.server.log.use.memory = false (default)
2019-06-12 23:43:48,531 INFO  server.RaftServerConfigKeys (ConfUtils.java:logGet(43)) - raft.server.log.appender.buffer.byte-limit = 33554432 (custom)
2019-06-12 23:43:48,531 INFO  server.RaftServerConfigKeys (ConfUtils.java:logGet(43)) - raft.server.log.segment.size.max = 16384 (custom)
2019-06-12 23:43:48,531 INFO  server.RaftServerConfigKeys (ConfUtils.java:logGet(43)) - raft.server.log.segment.cache.num.max = 2 (custom)
2019-06-12 23:43:48,531 INFO  storage.RaftLogWorker (RaftLogWorker.java:<init>(123)) - new 7bf565de-fdfe-4f9f-949f-75a5c22b816f-RaftLogWorker for Storage Directory /opt/src/hadoop-ozone/integration-test/target/test-dir/MiniOzoneClusterImpl-e6ca0132-8494-43dc-a03e-d7219afd67fc/datanode-2/data/ratis/59e7b301-7a02-4053-8852-af205cd8ad26
2019-06-12 23:43:48,531 INFO  server.RaftServerConfigKeys (ConfUtils.java:logGet(43)) - raft.server.log.queue.byte-limit = 2147483647 (custom)
2019-06-12 23:43:48,531 INFO  server.RaftServerConfigKeys (ConfUtils.java:logGet(43)) - raft.server.log.queue.element-limit = 1024 (custom)
2019-06-12 23:43:48,531 INFO  server.RaftServerConfigKeys (ConfUtils.java:logGet(43)) - raft.server.log.segment.size.max = 16384 (custom)
2019-06-12 23:43:48,532 INFO  server.RaftServerConfigKeys (ConfUtils.java:logGet(43)) - raft.server.log.preallocated.size = 16384 (custom)
2019-06-12 23:43:48,532 INFO  server.RaftServerConfigKeys (ConfUtils.java:logGet(43)) - raft.server.log.write.buffer.size = 33554432 (custom)
2019-06-12 23:43:48,532 INFO  server.RaftServerConfigKeys (ConfUtils.java:logGet(43)) - raft.server.log.force.sync.num = 128 (default)
2019-06-12 23:43:48,532 INFO  server.RaftServerConfigKeys (ConfUtils.java:logGet(43)) - raft.server.log.statemachine.data.sync = true (default)
2019-06-12 23:43:48,532 INFO  server.RaftServerConfigKeys (ConfUtils.java:logGet(43)) - raft.server.log.statemachine.data.sync.timeout = 10s (default)
2019-06-12 23:43:48,532 INFO  server.RaftServerConfigKeys (ConfUtils.java:logGet(43)) - raft.server.log.statemachine.data.sync.timeout.retry = -1 (default)
2019-06-12 23:43:48,532 INFO  server.RaftServerConfigKeys (ConfUtils.java:logGet(43)) - raft.server.log.statemachine.data.caching.enabled = true (custom)
2019-06-12 23:43:48,532 INFO  server.RaftServerConfigKeys (ConfUtils.java:logGet(43)) - raft.server.snapshot.auto.trigger.enabled = true (custom)
2019-06-12 23:43:48,532 INFO  server.RaftServerConfigKeys (ConfUtils.java:logGet(43)) - raft.server.snapshot.auto.trigger.threshold = 10000 (custom)
2019-06-12 23:43:48,533 INFO  server.RaftServerConfigKeys (ConfUtils.java:logGet(43)) - raft.server.retrycache.expirytime = 600000ms (custom)
2019-06-12 23:43:48,533 INFO  impl.RaftServerImpl (RaftServerImpl.java:start(173)) - 7bf565de-fdfe-4f9f-949f-75a5c22b816f: start group-AF205CD8AD26
2019-06-12 23:43:48,533 INFO  impl.RaftServerImpl (RaftServerImpl.java:setRole(164)) - 7bf565de-fdfe-4f9f-949f-75a5c22b816f:group-AF205CD8AD26 changes role from null to FOLLOWER at term 0 for startAsFollower
2019-06-12 23:43:48,533 INFO  impl.RoleInfo (RoleInfo.java:updateAndGet(143)) - 7bf565de-fdfe-4f9f-949f-75a5c22b816f: start FollowerState
2019-06-12 23:43:48,533 INFO  util.JmxRegister (JmxRegister.java:tryRegister(44)) - Successfully registered JMX Bean with object name Ratis:service=RaftServer,group=group-AF205CD8AD26,id=7bf565de-fdfe-4f9f-949f-75a5c22b816f
2019-06-12 23:43:48,540 INFO  pipeline.PipelineStateManager (PipelineStateManager.java:addPipeline(56)) - Created pipeline Pipeline[ Id: 59e7b301-7a02-4053-8852-af205cd8ad26, Nodes: 7bf565de-fdfe-4f9f-949f-75a5c22b816f{ip: 192.168.11.232, host: ozone-tmnf5-1138113507, networkLocation: /default-rack, certSerialId: null}, Type:RATIS, Factor:ONE, State:OPEN]
2019-06-12 23:43:48,562 INFO  impl.RaftServerProxy (RaftServerProxy.java:addNew(89)) - 8ef101a3-a22f-4c21-aa09-c42829167c7a: addNew group-4783133B81C3:[7bf565de-fdfe-4f9f-949f-75a5c22b816f:192.168.11.232:40073, 8ef101a3-a22f-4c21-aa09-c42829167c7a:192.168.11.232:35617, d9d671ab-92f0-449d-b84b-2dfc099750a2:192.168.11.232:37833] returns group-4783133B81C3:java.util.concurrent.CompletableFuture@24b4b044[Not completed]
2019-06-12 23:43:48,562 INFO  impl.RaftServerImpl (RaftServerImpl.java:<init>(91)) - 8ef101a3-a22f-4c21-aa09-c42829167c7a: new RaftServerImpl for group-4783133B81C3:[7bf565de-fdfe-4f9f-949f-75a5c22b816f:192.168.11.232:40073, 8ef101a3-a22f-4c21-aa09-c42829167c7a:192.168.11.232:35617, d9d671ab-92f0-449d-b84b-2dfc099750a2:192.168.11.232:37833] with ContainerStateMachine:uninitialized
2019-06-12 23:43:48,563 INFO  server.RaftServerConfigKeys (ConfUtils.java:logGet(43)) - raft.server.rpc.timeout.min = 1s (custom)
2019-06-12 23:43:48,563 INFO  server.RaftServerConfigKeys (ConfUtils.java:logGet(43)) - raft.server.rpc.timeout.max = 1200ms (custom)
2019-06-12 23:43:48,563 INFO  server.RaftServerConfigKeys (ConfUtils.java:logGet(43)) - raft.server.rpcslowness.timeout = 10s (custom)
2019-06-12 23:43:48,563 INFO  server.RaftServerConfigKeys (ConfUtils.java:logGet(43)) - raft.server.log.appender.install.snapshot.enabled = true (default)
2019-06-12 23:43:48,563 INFO  impl.RaftServerImpl (ServerState.java:<init>(101)) - 8ef101a3-a22f-4c21-aa09-c42829167c7a:group-4783133B81C3 ConfigurationManager, init=-1: [7bf565de-fdfe-4f9f-949f-75a5c22b816f:192.168.11.232:40073, 8ef101a3-a22f-4c21-aa09-c42829167c7a:192.168.11.232:35617, d9d671ab-92f0-449d-b84b-2dfc099750a2:192.168.11.232:37833], old=null, confs=<EMPTY_MAP>
2019-06-12 23:43:48,563 INFO  server.RaftServerConfigKeys (ConfUtils.java:logGet(43)) - raft.server.storage.dir = [/opt/src/hadoop-ozone/integration-test/target/test-dir/MiniOzoneClusterImpl-e6ca0132-8494-43dc-a03e-d7219afd67fc/datanode-1/data/ratis] (custom)
2019-06-12 23:43:48,564 INFO  storage.RaftStorageDirectory (RaftStorageDirectory.java:analyzeStorage(246)) - The storage directory /opt/src/hadoop-ozone/integration-test/target/test-dir/MiniOzoneClusterImpl-e6ca0132-8494-43dc-a03e-d7219afd67fc/datanode-1/data/ratis/eaa8bacb-8b51-44c8-afca-4783133b81c3 does not exist. Creating ...
2019-06-12 23:43:48,568 INFO  storage.RaftStorageDirectory (RaftStorageDirectory.java:tryLock(328)) - Lock on /opt/src/hadoop-ozone/integration-test/target/test-dir/MiniOzoneClusterImpl-e6ca0132-8494-43dc-a03e-d7219afd67fc/datanode-1/data/ratis/eaa8bacb-8b51-44c8-afca-4783133b81c3/in_use.lock acquired by nodename 9964@ozone-tmnf5-1138113507
2019-06-12 23:43:48,569 INFO  impl.RaftServerProxy (RaftServerProxy.java:addNew(89)) - d9d671ab-92f0-449d-b84b-2dfc099750a2: addNew group-4783133B81C3:[7bf565de-fdfe-4f9f-949f-75a5c22b816f:192.168.11.232:40073, 8ef101a3-a22f-4c21-aa09-c42829167c7a:192.168.11.232:35617, d9d671ab-92f0-449d-b84b-2dfc099750a2:192.168.11.232:37833] returns group-4783133B81C3:java.util.concurrent.CompletableFuture@2233738a[Not completed]
2019-06-12 23:43:48,571 INFO  storage.RaftStorage (RaftStorage.java:format(75)) - Storage directory /opt/src/hadoop-ozone/integration-test/target/test-dir/MiniOzoneClusterImpl-e6ca0132-8494-43dc-a03e-d7219afd67fc/datanode-1/data/ratis/eaa8bacb-8b51-44c8-afca-4783133b81c3 has been successfully formatted.
2019-06-12 23:43:48,571 INFO  impl.RaftServerImpl (RaftServerImpl.java:<init>(91)) - d9d671ab-92f0-449d-b84b-2dfc099750a2: new RaftServerImpl for group-4783133B81C3:[7bf565de-fdfe-4f9f-949f-75a5c22b816f:192.168.11.232:40073, 8ef101a3-a22f-4c21-aa09-c42829167c7a:192.168.11.232:35617, d9d671ab-92f0-449d-b84b-2dfc099750a2:192.168.11.232:37833] with ContainerStateMachine:uninitialized
2019-06-12 23:43:48,571 INFO  ratis.ContainerStateMachine (ContainerStateMachine.java:loadSnapshot(199)) - The snapshot info is null.Setting the last applied index to:(t:0, i:~)
2019-06-12 23:43:48,571 INFO  server.RaftServerConfigKeys (ConfUtils.java:logGet(43)) - raft.server.leader.election.timeout = 10s (custom)
2019-06-12 23:43:48,571 INFO  server.RaftServerConfigKeys (ConfUtils.java:logGet(43)) - raft.server.log.use.memory = false (default)
2019-06-12 23:43:48,571 INFO  server.RaftServerConfigKeys (ConfUtils.java:logGet(43)) - raft.server.log.appender.buffer.byte-limit = 33554432 (custom)
2019-06-12 23:43:48,571 INFO  server.RaftServerConfigKeys (ConfUtils.java:logGet(43)) - raft.server.log.segment.size.max = 16384 (custom)
2019-06-12 23:43:48,571 INFO  server.RaftServerConfigKeys (ConfUtils.java:logGet(43)) - raft.server.log.segment.cache.num.max = 2 (custom)
2019-06-12 23:43:48,572 INFO  storage.RaftLogWorker (RaftLogWorker.java:<init>(123)) - new 8ef101a3-a22f-4c21-aa09-c42829167c7a-RaftLogWorker for Storage Directory /opt/src/hadoop-ozone/integration-test/target/test-dir/MiniOzoneClusterImpl-e6ca0132-8494-43dc-a03e-d7219afd67fc/datanode-1/data/ratis/eaa8bacb-8b51-44c8-afca-4783133b81c3
2019-06-12 23:43:48,572 INFO  server.RaftServerConfigKeys (ConfUtils.java:logGet(43)) - raft.server.log.queue.byte-limit = 2147483647 (custom)
2019-06-12 23:43:48,572 INFO  server.RaftServerConfigKeys (ConfUtils.java:logGet(43)) - raft.server.log.queue.element-limit = 1024 (custom)
2019-06-12 23:43:48,572 INFO  server.RaftServerConfigKeys (ConfUtils.java:logGet(43)) - raft.server.log.segment.size.max = 16384 (custom)
2019-06-12 23:43:48,572 INFO  server.RaftServerConfigKeys (ConfUtils.java:logGet(43)) - raft.server.log.preallocated.size = 16384 (custom)
2019-06-12 23:43:48,572 INFO  server.RaftServerConfigKeys (ConfUtils.java:logGet(43)) - raft.server.log.write.buffer.size = 33554432 (custom)
2019-06-12 23:43:48,572 INFO  server.RaftServerConfigKeys (ConfUtils.java:logGet(43)) - raft.server.log.force.sync.num = 128 (default)
2019-06-12 23:43:48,572 INFO  server.RaftServerConfigKeys (ConfUtils.java:logGet(43)) - raft.server.log.statemachine.data.sync = true (default)
2019-06-12 23:43:48,572 INFO  server.RaftServerConfigKeys (ConfUtils.java:logGet(43)) - raft.server.log.statemachine.data.sync.timeout = 10s (default)
2019-06-12 23:43:48,572 INFO  server.RaftServerConfigKeys (ConfUtils.java:logGet(43)) - raft.server.log.statemachine.data.sync.timeout.retry = -1 (default)
2019-06-12 23:43:48,572 INFO  server.RaftServerConfigKeys (ConfUtils.java:logGet(43)) - raft.server.log.statemachine.data.caching.enabled = true (custom)
2019-06-12 23:43:48,571 INFO  server.RaftServerConfigKeys (ConfUtils.java:logGet(43)) - raft.server.rpc.timeout.min = 1s (custom)
2019-06-12 23:43:48,572 INFO  impl.RaftServerImpl (RaftServerImpl.java:<init>(91)) - 7bf565de-fdfe-4f9f-949f-75a5c22b816f: new RaftServerImpl for group-4783133B81C3:[7bf565de-fdfe-4f9f-949f-75a5c22b816f:192.168.11.232:40073, 8ef101a3-a22f-4c21-aa09-c42829167c7a:192.168.11.232:35617, d9d671ab-92f0-449d-b84b-2dfc099750a2:192.168.11.232:37833] with ContainerStateMachine:uninitialized
2019-06-12 23:43:48,571 INFO  impl.RaftServerProxy (RaftServerProxy.java:addNew(89)) - 7bf565de-fdfe-4f9f-949f-75a5c22b816f: addNew group-4783133B81C3:[7bf565de-fdfe-4f9f-949f-75a5c22b816f:192.168.11.232:40073, 8ef101a3-a22f-4c21-aa09-c42829167c7a:192.168.11.232:35617, d9d671ab-92f0-449d-b84b-2dfc099750a2:192.168.11.232:37833] returns group-4783133B81C3:java.util.concurrent.CompletableFuture@5dc59bb3[Not completed]
2019-06-12 23:43:48,573 INFO  server.RaftServerConfigKeys (ConfUtils.java:logGet(43)) - raft.server.rpc.timeout.min = 1s (custom)
2019-06-12 23:43:48,573 INFO  server.RaftServerConfigKeys (ConfUtils.java:logGet(43)) - raft.server.rpc.timeout.max = 1200ms (custom)
2019-06-12 23:43:48,573 INFO  server.RaftServerConfigKeys (ConfUtils.java:logGet(43)) - raft.server.rpcslowness.timeout = 10s (custom)
2019-06-12 23:43:48,573 INFO  server.RaftServerConfigKeys (ConfUtils.java:logGet(43)) - raft.server.log.appender.install.snapshot.enabled = true (default)
2019-06-12 23:43:48,573 INFO  impl.RaftServerImpl (ServerState.java:<init>(101)) - 7bf565de-fdfe-4f9f-949f-75a5c22b816f:group-4783133B81C3 ConfigurationManager, init=-1: [7bf565de-fdfe-4f9f-949f-75a5c22b816f:192.168.11.232:40073, 8ef101a3-a22f-4c21-aa09-c42829167c7a:192.168.11.232:35617, d9d671ab-92f0-449d-b84b-2dfc099750a2:192.168.11.232:37833], old=null, confs=<EMPTY_MAP>
2019-06-12 23:43:48,574 INFO  server.RaftServerConfigKeys (ConfUtils.java:logGet(43)) - raft.server.storage.dir = [/opt/src/hadoop-ozone/integration-test/target/test-dir/MiniOzoneClusterImpl-e6ca0132-8494-43dc-a03e-d7219afd67fc/datanode-2/data/ratis] (custom)
2019-06-12 23:43:48,574 INFO  storage.RaftStorageDirectory (RaftStorageDirectory.java:analyzeStorage(246)) - The storage directory /opt/src/hadoop-ozone/integration-test/target/test-dir/MiniOzoneClusterImpl-e6ca0132-8494-43dc-a03e-d7219afd67fc/datanode-2/data/ratis/eaa8bacb-8b51-44c8-afca-4783133b81c3 does not exist. Creating ...
2019-06-12 23:43:48,573 INFO  server.RaftServerConfigKeys (ConfUtils.java:logGet(43)) - raft.server.snapshot.auto.trigger.enabled = true (custom)
2019-06-12 23:43:48,574 INFO  server.RaftServerConfigKeys (ConfUtils.java:logGet(43)) - raft.server.snapshot.auto.trigger.threshold = 10000 (custom)
2019-06-12 23:43:48,575 INFO  server.RaftServerConfigKeys (ConfUtils.java:logGet(43)) - raft.server.retrycache.expirytime = 600000ms (custom)
2019-06-12 23:43:48,575 INFO  impl.RaftServerImpl (RaftServerImpl.java:start(173)) - 8ef101a3-a22f-4c21-aa09-c42829167c7a: start group-4783133B81C3
2019-06-12 23:43:48,575 INFO  impl.RaftServerImpl (RaftServerImpl.java:setRole(164)) - 8ef101a3-a22f-4c21-aa09-c42829167c7a:group-4783133B81C3 changes role from null to FOLLOWER at term 0 for startAsFollower
2019-06-12 23:43:48,575 INFO  impl.RoleInfo (RoleInfo.java:updateAndGet(143)) - 8ef101a3-a22f-4c21-aa09-c42829167c7a: start FollowerState
2019-06-12 23:43:48,573 INFO  server.RaftServerConfigKeys (ConfUtils.java:logGet(43)) - raft.server.rpc.timeout.max = 1200ms (custom)
2019-06-12 23:43:48,575 INFO  server.RaftServerConfigKeys (ConfUtils.java:logGet(43)) - raft.server.rpcslowness.timeout = 10s (custom)
2019-06-12 23:43:48,575 INFO  server.RaftServerConfigKeys (ConfUtils.java:logGet(43)) - raft.server.log.appender.install.snapshot.enabled = true (default)
2019-06-12 23:43:48,575 INFO  util.JmxRegister (JmxRegister.java:tryRegister(44)) - Successfully registered JMX Bean with object name Ratis:service=RaftServer,group=group-4783133B81C3,id=8ef101a3-a22f-4c21-aa09-c42829167c7a
2019-06-12 23:43:48,575 INFO  impl.RaftServerImpl (ServerState.java:<init>(101)) - d9d671ab-92f0-449d-b84b-2dfc099750a2:group-4783133B81C3 ConfigurationManager, init=-1: [7bf565de-fdfe-4f9f-949f-75a5c22b816f:192.168.11.232:40073, 8ef101a3-a22f-4c21-aa09-c42829167c7a:192.168.11.232:35617, d9d671ab-92f0-449d-b84b-2dfc099750a2:192.168.11.232:37833], old=null, confs=<EMPTY_MAP>
2019-06-12 23:43:48,576 INFO  server.RaftServerConfigKeys (ConfUtils.java:logGet(43)) - raft.server.storage.dir = [/opt/src/hadoop-ozone/integration-test/target/test-dir/MiniOzoneClusterImpl-e6ca0132-8494-43dc-a03e-d7219afd67fc/datanode-3/data/ratis] (custom)
2019-06-12 23:43:48,576 INFO  storage.RaftStorageDirectory (RaftStorageDirectory.java:analyzeStorage(246)) - The storage directory /opt/src/hadoop-ozone/integration-test/target/test-dir/MiniOzoneClusterImpl-e6ca0132-8494-43dc-a03e-d7219afd67fc/datanode-3/data/ratis/eaa8bacb-8b51-44c8-afca-4783133b81c3 does not exist. Creating ...
2019-06-12 23:43:48,577 INFO  storage.RaftStorageDirectory (RaftStorageDirectory.java:tryLock(328)) - Lock on /opt/src/hadoop-ozone/integration-test/target/test-dir/MiniOzoneClusterImpl-e6ca0132-8494-43dc-a03e-d7219afd67fc/datanode-2/data/ratis/eaa8bacb-8b51-44c8-afca-4783133b81c3/in_use.lock acquired by nodename 9964@ozone-tmnf5-1138113507
2019-06-12 23:43:48,579 INFO  storage.RaftStorageDirectory (RaftStorageDirectory.java:tryLock(328)) - Lock on /opt/src/hadoop-ozone/integration-test/target/test-dir/MiniOzoneClusterImpl-e6ca0132-8494-43dc-a03e-d7219afd67fc/datanode-3/data/ratis/eaa8bacb-8b51-44c8-afca-4783133b81c3/in_use.lock acquired by nodename 9964@ozone-tmnf5-1138113507
2019-06-12 23:43:48,579 INFO  storage.RaftStorage (RaftStorage.java:format(75)) - Storage directory /opt/src/hadoop-ozone/integration-test/target/test-dir/MiniOzoneClusterImpl-e6ca0132-8494-43dc-a03e-d7219afd67fc/datanode-2/data/ratis/eaa8bacb-8b51-44c8-afca-4783133b81c3 has been successfully formatted.
2019-06-12 23:43:48,580 INFO  ratis.ContainerStateMachine (ContainerStateMachine.java:loadSnapshot(199)) - The snapshot info is null.Setting the last applied index to:(t:0, i:~)
2019-06-12 23:43:48,580 INFO  server.RaftServerConfigKeys (ConfUtils.java:logGet(43)) - raft.server.leader.election.timeout = 10s (custom)
2019-06-12 23:43:48,580 INFO  server.RaftServerConfigKeys (ConfUtils.java:logGet(43)) - raft.server.log.use.memory = false (default)
2019-06-12 23:43:48,580 INFO  server.RaftServerConfigKeys (ConfUtils.java:logGet(43)) - raft.server.log.appender.buffer.byte-limit = 33554432 (custom)
2019-06-12 23:43:48,580 INFO  server.RaftServerConfigKeys (ConfUtils.java:logGet(43)) - raft.server.log.segment.size.max = 16384 (custom)
2019-06-12 23:43:48,580 INFO  server.RaftServerConfigKeys (ConfUtils.java:logGet(43)) - raft.server.log.segment.cache.num.max = 2 (custom)
2019-06-12 23:43:48,580 INFO  storage.RaftLogWorker (RaftLogWorker.java:<init>(123)) - new 7bf565de-fdfe-4f9f-949f-75a5c22b816f-RaftLogWorker for Storage Directory /opt/src/hadoop-ozone/integration-test/target/test-dir/MiniOzoneClusterImpl-e6ca0132-8494-43dc-a03e-d7219afd67fc/datanode-2/data/ratis/eaa8bacb-8b51-44c8-afca-4783133b81c3
2019-06-12 23:43:48,580 INFO  server.RaftServerConfigKeys (ConfUtils.java:logGet(43)) - raft.server.log.queue.byte-limit = 2147483647 (custom)
2019-06-12 23:43:48,581 INFO  server.RaftServerConfigKeys (ConfUtils.java:logGet(43)) - raft.server.log.queue.element-limit = 1024 (custom)
2019-06-12 23:43:48,581 INFO  server.RaftServerConfigKeys (ConfUtils.java:logGet(43)) - raft.server.log.segment.size.max = 16384 (custom)
2019-06-12 23:43:48,581 INFO  server.RaftServerConfigKeys (ConfUtils.java:logGet(43)) - raft.server.log.preallocated.size = 16384 (custom)
2019-06-12 23:43:48,581 INFO  server.RaftServerConfigKeys (ConfUtils.java:logGet(43)) - raft.server.log.write.buffer.size = 33554432 (custom)
2019-06-12 23:43:48,581 INFO  server.RaftServerConfigKeys (ConfUtils.java:logGet(43)) - raft.server.log.force.sync.num = 128 (default)
2019-06-12 23:43:48,581 INFO  server.RaftServerConfigKeys (ConfUtils.java:logGet(43)) - raft.server.log.statemachine.data.sync = true (default)
2019-06-12 23:43:48,581 INFO  server.RaftServerConfigKeys (ConfUtils.java:logGet(43)) - raft.server.log.statemachine.data.sync.timeout = 10s (default)
2019-06-12 23:43:48,581 INFO  storage.RaftStorage (RaftStorage.java:format(75)) - Storage directory /opt/src/hadoop-ozone/integration-test/target/test-dir/MiniOzoneClusterImpl-e6ca0132-8494-43dc-a03e-d7219afd67fc/datanode-3/data/ratis/eaa8bacb-8b51-44c8-afca-4783133b81c3 has been successfully formatted.
2019-06-12 23:43:48,582 INFO  ratis.ContainerStateMachine (ContainerStateMachine.java:loadSnapshot(199)) - The snapshot info is null.Setting the last applied index to:(t:0, i:~)
2019-06-12 23:43:48,582 INFO  server.RaftServerConfigKeys (ConfUtils.java:logGet(43)) - raft.server.leader.election.timeout = 10s (custom)
2019-06-12 23:43:48,582 INFO  server.RaftServerConfigKeys (ConfUtils.java:logGet(43)) - raft.server.log.use.memory = false (default)
2019-06-12 23:43:48,582 INFO  server.RaftServerConfigKeys (ConfUtils.java:logGet(43)) - raft.server.log.appender.buffer.byte-limit = 33554432 (custom)
2019-06-12 23:43:48,582 INFO  server.RaftServerConfigKeys (ConfUtils.java:logGet(43)) - raft.server.log.segment.size.max = 16384 (custom)
2019-06-12 23:43:48,582 INFO  server.RaftServerConfigKeys (ConfUtils.java:logGet(43)) - raft.server.log.segment.cache.num.max = 2 (custom)
2019-06-12 23:43:48,582 INFO  storage.RaftLogWorker (RaftLogWorker.java:<init>(123)) - new d9d671ab-92f0-449d-b84b-2dfc099750a2-RaftLogWorker for Storage Directory /opt/src/hadoop-ozone/integration-test/target/test-dir/MiniOzoneClusterImpl-e6ca0132-8494-43dc-a03e-d7219afd67fc/datanode-3/data/ratis/eaa8bacb-8b51-44c8-afca-4783133b81c3
2019-06-12 23:43:48,582 INFO  server.RaftServerConfigKeys (ConfUtils.java:logGet(43)) - raft.server.log.queue.byte-limit = 2147483647 (custom)
2019-06-12 23:43:48,582 INFO  server.RaftServerConfigKeys (ConfUtils.java:logGet(43)) - raft.server.log.queue.element-limit = 1024 (custom)
2019-06-12 23:43:48,582 INFO  server.RaftServerConfigKeys (ConfUtils.java:logGet(43)) - raft.server.log.segment.size.max = 16384 (custom)
2019-06-12 23:43:48,582 INFO  server.RaftServerConfigKeys (ConfUtils.java:logGet(43)) - raft.server.log.preallocated.size = 16384 (custom)
2019-06-12 23:43:48,582 INFO  server.RaftServerConfigKeys (ConfUtils.java:logGet(43)) - raft.server.log.write.buffer.size = 33554432 (custom)
2019-06-12 23:43:48,583 INFO  server.RaftServerConfigKeys (ConfUtils.java:logGet(43)) - raft.server.log.force.sync.num = 128 (default)
2019-06-12 23:43:48,583 INFO  server.RaftServerConfigKeys (ConfUtils.java:logGet(43)) - raft.server.log.statemachine.data.sync = true (default)
2019-06-12 23:43:48,583 INFO  server.RaftServerConfigKeys (ConfUtils.java:logGet(43)) - raft.server.log.statemachine.data.sync.timeout = 10s (default)
2019-06-12 23:43:48,583 INFO  server.RaftServerConfigKeys (ConfUtils.java:logGet(43)) - raft.server.log.statemachine.data.sync.timeout.retry = -1 (default)
2019-06-12 23:43:48,583 INFO  server.RaftServerConfigKeys (ConfUtils.java:logGet(43)) - raft.server.log.statemachine.data.caching.enabled = true (custom)
2019-06-12 23:43:48,581 INFO  server.RaftServerConfigKeys (ConfUtils.java:logGet(43)) - raft.server.log.statemachine.data.sync.timeout.retry = -1 (default)
2019-06-12 23:43:48,584 INFO  server.RaftServerConfigKeys (ConfUtils.java:logGet(43)) - raft.server.snapshot.auto.trigger.enabled = true (custom)
2019-06-12 23:43:48,584 INFO  server.RaftServerConfigKeys (ConfUtils.java:logGet(43)) - raft.server.snapshot.auto.trigger.threshold = 10000 (custom)
2019-06-12 23:43:48,584 INFO  server.RaftServerConfigKeys (ConfUtils.java:logGet(43)) - raft.server.retrycache.expirytime = 600000ms (custom)
2019-06-12 23:43:48,584 INFO  impl.RaftServerImpl (RaftServerImpl.java:start(173)) - d9d671ab-92f0-449d-b84b-2dfc099750a2: start group-4783133B81C3
2019-06-12 23:43:48,584 INFO  impl.RaftServerImpl (RaftServerImpl.java:setRole(164)) - d9d671ab-92f0-449d-b84b-2dfc099750a2:group-4783133B81C3 changes role from null to FOLLOWER at term 0 for startAsFollower
2019-06-12 23:43:48,584 INFO  impl.RoleInfo (RoleInfo.java:updateAndGet(143)) - d9d671ab-92f0-449d-b84b-2dfc099750a2: start FollowerState
2019-06-12 23:43:48,585 INFO  util.JmxRegister (JmxRegister.java:tryRegister(44)) - Successfully registered JMX Bean with object name Ratis:service=RaftServer,group=group-4783133B81C3,id=d9d671ab-92f0-449d-b84b-2dfc099750a2
2019-06-12 23:43:48,585 INFO  server.RaftServerConfigKeys (ConfUtils.java:logGet(43)) - raft.server.log.statemachine.data.caching.enabled = true (custom)
2019-06-12 23:43:48,587 INFO  server.RaftServerConfigKeys (ConfUtils.java:logGet(43)) - raft.server.snapshot.auto.trigger.enabled = true (custom)
2019-06-12 23:43:48,588 INFO  server.RaftServerConfigKeys (ConfUtils.java:logGet(43)) - raft.server.snapshot.auto.trigger.threshold = 10000 (custom)
2019-06-12 23:43:48,589 INFO  server.RaftServerConfigKeys (ConfUtils.java:logGet(43)) - raft.server.retrycache.expirytime = 600000ms (custom)
2019-06-12 23:43:48,589 INFO  impl.RaftServerImpl (RaftServerImpl.java:start(173)) - 7bf565de-fdfe-4f9f-949f-75a5c22b816f: start group-4783133B81C3
2019-06-12 23:43:48,589 INFO  impl.RaftServerImpl (RaftServerImpl.java:setRole(164)) - 7bf565de-fdfe-4f9f-949f-75a5c22b816f:group-4783133B81C3 changes role from null to FOLLOWER at term 0 for startAsFollower
2019-06-12 23:43:48,589 INFO  impl.RoleInfo (RoleInfo.java:updateAndGet(143)) - 7bf565de-fdfe-4f9f-949f-75a5c22b816f: start FollowerState
2019-06-12 23:43:48,589 INFO  util.JmxRegister (JmxRegister.java:tryRegister(44)) - Successfully registered JMX Bean with object name Ratis:service=RaftServer,group=group-4783133B81C3,id=7bf565de-fdfe-4f9f-949f-75a5c22b816f
2019-06-12 23:43:48,596 INFO  node.SCMNodeManager (SCMNodeManager.java:register(234)) - Registered Data node : 676f4422-3246-45c7-ab40-119038ccc63a{ip: 192.168.11.232, host: ozone-tmnf5-1138113507, networkLocation: /default-rack, certSerialId: null}
2019-06-12 23:43:48,603 INFO  pipeline.PipelineStateManager (PipelineStateManager.java:addPipeline(56)) - Created pipeline Pipeline[ Id: eaa8bacb-8b51-44c8-afca-4783133b81c3, Nodes: 8ef101a3-a22f-4c21-aa09-c42829167c7a{ip: 192.168.11.232, host: ozone-tmnf5-1138113507, networkLocation: /default-rack, certSerialId: null}d9d671ab-92f0-449d-b84b-2dfc099750a2{ip: 192.168.11.232, host: ozone-tmnf5-1138113507, networkLocation: /default-rack, certSerialId: null}7bf565de-fdfe-4f9f-949f-75a5c22b816f{ip: 192.168.11.232, host: ozone-tmnf5-1138113507, networkLocation: /default-rack, certSerialId: null}, Type:RATIS, Factor:THREE, State:OPEN]
2019-06-12 23:43:48,614 INFO  impl.RaftServerProxy (RaftServerProxy.java:addNew(89)) - 676f4422-3246-45c7-ab40-119038ccc63a: addNew group-2F9E869231BA:[676f4422-3246-45c7-ab40-119038ccc63a:192.168.11.232:41659] returns group-2F9E869231BA:java.util.concurrent.CompletableFuture@123f7440[Not completed]
2019-06-12 23:43:48,615 INFO  impl.RaftServerImpl (RaftServerImpl.java:<init>(91)) - 676f4422-3246-45c7-ab40-119038ccc63a: new RaftServerImpl for group-2F9E869231BA:[676f4422-3246-45c7-ab40-119038ccc63a:192.168.11.232:41659] with ContainerStateMachine:uninitialized
2019-06-12 23:43:48,616 INFO  server.RaftServerConfigKeys (ConfUtils.java:logGet(43)) - raft.server.rpc.timeout.min = 1s (custom)
2019-06-12 23:43:48,616 INFO  server.RaftServerConfigKeys (ConfUtils.java:logGet(43)) - raft.server.rpc.timeout.max = 1200ms (custom)
2019-06-12 23:43:48,616 INFO  server.RaftServerConfigKeys (ConfUtils.java:logGet(43)) - raft.server.rpcslowness.timeout = 10s (custom)
2019-06-12 23:43:48,616 INFO  server.RaftServerConfigKeys (ConfUtils.java:logGet(43)) - raft.server.log.appender.install.snapshot.enabled = true (default)
2019-06-12 23:43:48,616 INFO  impl.RaftServerImpl (ServerState.java:<init>(101)) - 676f4422-3246-45c7-ab40-119038ccc63a:group-2F9E869231BA ConfigurationManager, init=-1: [676f4422-3246-45c7-ab40-119038ccc63a:192.168.11.232:41659], old=null, confs=<EMPTY_MAP>
2019-06-12 23:43:48,616 INFO  server.RaftServerConfigKeys (ConfUtils.java:logGet(43)) - raft.server.storage.dir = [/opt/src/hadoop-ozone/integration-test/target/test-dir/MiniOzoneClusterImpl-e6ca0132-8494-43dc-a03e-d7219afd67fc/datanode-4/data/ratis] (custom)
2019-06-12 23:43:48,617 INFO  storage.RaftStorageDirectory (RaftStorageDirectory.java:analyzeStorage(246)) - The storage directory /opt/src/hadoop-ozone/integration-test/target/test-dir/MiniOzoneClusterImpl-e6ca0132-8494-43dc-a03e-d7219afd67fc/datanode-4/data/ratis/20ff0178-7eae-49ac-be74-2f9e869231ba does not exist. Creating ...
2019-06-12 23:43:48,618 INFO  storage.RaftStorageDirectory (RaftStorageDirectory.java:tryLock(328)) - Lock on /opt/src/hadoop-ozone/integration-test/target/test-dir/MiniOzoneClusterImpl-e6ca0132-8494-43dc-a03e-d7219afd67fc/datanode-4/data/ratis/20ff0178-7eae-49ac-be74-2f9e869231ba/in_use.lock acquired by nodename 9964@ozone-tmnf5-1138113507
2019-06-12 23:43:48,620 INFO  storage.RaftStorage (RaftStorage.java:format(75)) - Storage directory /opt/src/hadoop-ozone/integration-test/target/test-dir/MiniOzoneClusterImpl-e6ca0132-8494-43dc-a03e-d7219afd67fc/datanode-4/data/ratis/20ff0178-7eae-49ac-be74-2f9e869231ba has been successfully formatted.
2019-06-12 23:43:48,621 INFO  ratis.ContainerStateMachine (ContainerStateMachine.java:loadSnapshot(199)) - The snapshot info is null.Setting the last applied index to:(t:0, i:~)
2019-06-12 23:43:48,621 INFO  server.RaftServerConfigKeys (ConfUtils.java:logGet(43)) - raft.server.leader.election.timeout = 10s (custom)
2019-06-12 23:43:48,621 INFO  server.RaftServerConfigKeys (ConfUtils.java:logGet(43)) - raft.server.log.use.memory = false (default)
2019-06-12 23:43:48,621 INFO  server.RaftServerConfigKeys (ConfUtils.java:logGet(43)) - raft.server.log.appender.buffer.byte-limit = 33554432 (custom)
2019-06-12 23:43:48,621 INFO  server.RaftServerConfigKeys (ConfUtils.java:logGet(43)) - raft.server.log.segment.size.max = 16384 (custom)
2019-06-12 23:43:48,621 INFO  server.RaftServerConfigKeys (ConfUtils.java:logGet(43)) - raft.server.log.segment.cache.num.max = 2 (custom)
2019-06-12 23:43:48,621 INFO  storage.RaftLogWorker (RaftLogWorker.java:<init>(123)) - new 676f4422-3246-45c7-ab40-119038ccc63a-RaftLogWorker for Storage Directory /opt/src/hadoop-ozone/integration-test/target/test-dir/MiniOzoneClusterImpl-e6ca0132-8494-43dc-a03e-d7219afd67fc/datanode-4/data/ratis/20ff0178-7eae-49ac-be74-2f9e869231ba
2019-06-12 23:43:48,621 INFO  server.RaftServerConfigKeys (ConfUtils.java:logGet(43)) - raft.server.log.queue.byte-limit = 2147483647 (custom)
2019-06-12 23:43:48,621 INFO  server.RaftServerConfigKeys (ConfUtils.java:logGet(43)) - raft.server.log.queue.element-limit = 1024 (custom)
2019-06-12 23:43:48,621 INFO  server.RaftServerConfigKeys (ConfUtils.java:logGet(43)) - raft.server.log.segment.size.max = 16384 (custom)
2019-06-12 23:43:48,621 INFO  server.RaftServerConfigKeys (ConfUtils.java:logGet(43)) - raft.server.log.preallocated.size = 16384 (custom)
2019-06-12 23:43:48,621 INFO  server.RaftServerConfigKeys (ConfUtils.java:logGet(43)) - raft.server.log.write.buffer.size = 33554432 (custom)
2019-06-12 23:43:48,622 INFO  server.RaftServerConfigKeys (ConfUtils.java:logGet(43)) - raft.server.log.force.sync.num = 128 (default)
2019-06-12 23:43:48,622 INFO  server.RaftServerConfigKeys (ConfUtils.java:logGet(43)) - raft.server.log.statemachine.data.sync = true (default)
2019-06-12 23:43:48,622 INFO  server.RaftServerConfigKeys (ConfUtils.java:logGet(43)) - raft.server.log.statemachine.data.sync.timeout = 10s (default)
2019-06-12 23:43:48,622 INFO  server.RaftServerConfigKeys (ConfUtils.java:logGet(43)) - raft.server.log.statemachine.data.sync.timeout.retry = -1 (default)
2019-06-12 23:43:48,622 INFO  server.RaftServerConfigKeys (ConfUtils.java:logGet(43)) - raft.server.log.statemachine.data.caching.enabled = true (custom)
2019-06-12 23:43:48,622 INFO  server.RaftServerConfigKeys (ConfUtils.java:logGet(43)) - raft.server.snapshot.auto.trigger.enabled = true (custom)
2019-06-12 23:43:48,622 INFO  server.RaftServerConfigKeys (ConfUtils.java:logGet(43)) - raft.server.snapshot.auto.trigger.threshold = 10000 (custom)
2019-06-12 23:43:48,622 INFO  server.RaftServerConfigKeys (ConfUtils.java:logGet(43)) - raft.server.retrycache.expirytime = 600000ms (custom)
2019-06-12 23:43:48,623 INFO  impl.RaftServerImpl (RaftServerImpl.java:start(173)) - 676f4422-3246-45c7-ab40-119038ccc63a: start group-2F9E869231BA
2019-06-12 23:43:48,623 INFO  impl.RaftServerImpl (RaftServerImpl.java:setRole(164)) - 676f4422-3246-45c7-ab40-119038ccc63a:group-2F9E869231BA changes role from null to FOLLOWER at term 0 for startAsFollower
2019-06-12 23:43:48,623 INFO  impl.RoleInfo (RoleInfo.java:updateAndGet(143)) - 676f4422-3246-45c7-ab40-119038ccc63a: start FollowerState
2019-06-12 23:43:48,623 INFO  util.JmxRegister (JmxRegister.java:tryRegister(44)) - Successfully registered JMX Bean with object name Ratis:service=RaftServer,group=group-2F9E869231BA,id=676f4422-3246-45c7-ab40-119038ccc63a
2019-06-12 23:43:48,629 INFO  pipeline.PipelineStateManager (PipelineStateManager.java:addPipeline(56)) - Created pipeline Pipeline[ Id: 20ff0178-7eae-49ac-be74-2f9e869231ba, Nodes: 676f4422-3246-45c7-ab40-119038ccc63a{ip: 192.168.11.232, host: ozone-tmnf5-1138113507, networkLocation: /default-rack, certSerialId: null}, Type:RATIS, Factor:ONE, State:OPEN]
2019-06-12 23:43:48,820 INFO  ozone.MiniOzoneClusterImpl (MiniOzoneClusterImpl.java:lambda$waitForClusterToBeReady$0(142)) - Waiting for cluster to be ready. Got 5 of 6 DN Heartbeats.
2019-06-12 23:43:48,824 INFO  node.SCMNodeManager (SCMNodeManager.java:register(234)) - Registered Data node : fc702641-5a40-4409-8be8-0eeb8c9862a0{ip: 192.168.11.232, host: ozone-tmnf5-1138113507, networkLocation: /default-rack, certSerialId: null}
2019-06-12 23:43:48,835 INFO  impl.RaftServerProxy (RaftServerProxy.java:addNew(89)) - fc702641-5a40-4409-8be8-0eeb8c9862a0: addNew group-FFA6112CFB27:[fc702641-5a40-4409-8be8-0eeb8c9862a0:192.168.11.232:46451] returns group-FFA6112CFB27:java.util.concurrent.CompletableFuture@1b646157[Not completed]
2019-06-12 23:43:48,835 INFO  impl.RaftServerImpl (RaftServerImpl.java:<init>(91)) - fc702641-5a40-4409-8be8-0eeb8c9862a0: new RaftServerImpl for group-FFA6112CFB27:[fc702641-5a40-4409-8be8-0eeb8c9862a0:192.168.11.232:46451] with ContainerStateMachine:uninitialized
2019-06-12 23:43:48,836 INFO  server.RaftServerConfigKeys (ConfUtils.java:logGet(43)) - raft.server.rpc.timeout.min = 1s (custom)
2019-06-12 23:43:48,836 INFO  server.RaftServerConfigKeys (ConfUtils.java:logGet(43)) - raft.server.rpc.timeout.max = 1200ms (custom)
2019-06-12 23:43:48,836 INFO  server.RaftServerConfigKeys (ConfUtils.java:logGet(43)) - raft.server.rpcslowness.timeout = 10s (custom)
2019-06-12 23:43:48,836 INFO  server.RaftServerConfigKeys (ConfUtils.java:logGet(43)) - raft.server.log.appender.install.snapshot.enabled = true (default)
2019-06-12 23:43:48,836 INFO  impl.RaftServerImpl (ServerState.java:<init>(101)) - fc702641-5a40-4409-8be8-0eeb8c9862a0:group-FFA6112CFB27 ConfigurationManager, init=-1: [fc702641-5a40-4409-8be8-0eeb8c9862a0:192.168.11.232:46451], old=null, confs=<EMPTY_MAP>
2019-06-12 23:43:48,836 INFO  server.RaftServerConfigKeys (ConfUtils.java:logGet(43)) - raft.server.storage.dir = [/opt/src/hadoop-ozone/integration-test/target/test-dir/MiniOzoneClusterImpl-e6ca0132-8494-43dc-a03e-d7219afd67fc/datanode-5/data/ratis] (custom)
2019-06-12 23:43:48,836 INFO  storage.RaftStorageDirectory (RaftStorageDirectory.java:analyzeStorage(246)) - The storage directory /opt/src/hadoop-ozone/integration-test/target/test-dir/MiniOzoneClusterImpl-e6ca0132-8494-43dc-a03e-d7219afd67fc/datanode-5/data/ratis/8a1dbc71-c51f-450b-b159-ffa6112cfb27 does not exist. Creating ...
2019-06-12 23:43:48,839 INFO  storage.RaftStorageDirectory (RaftStorageDirectory.java:tryLock(328)) - Lock on /opt/src/hadoop-ozone/integration-test/target/test-dir/MiniOzoneClusterImpl-e6ca0132-8494-43dc-a03e-d7219afd67fc/datanode-5/data/ratis/8a1dbc71-c51f-450b-b159-ffa6112cfb27/in_use.lock acquired by nodename 9964@ozone-tmnf5-1138113507
2019-06-12 23:43:48,841 INFO  storage.RaftStorage (RaftStorage.java:format(75)) - Storage directory /opt/src/hadoop-ozone/integration-test/target/test-dir/MiniOzoneClusterImpl-e6ca0132-8494-43dc-a03e-d7219afd67fc/datanode-5/data/ratis/8a1dbc71-c51f-450b-b159-ffa6112cfb27 has been successfully formatted.
2019-06-12 23:43:48,841 INFO  ratis.ContainerStateMachine (ContainerStateMachine.java:loadSnapshot(199)) - The snapshot info is null.Setting the last applied index to:(t:0, i:~)
2019-06-12 23:43:48,841 INFO  server.RaftServerConfigKeys (ConfUtils.java:logGet(43)) - raft.server.leader.election.timeout = 10s (custom)
2019-06-12 23:43:48,841 INFO  server.RaftServerConfigKeys (ConfUtils.java:logGet(43)) - raft.server.log.use.memory = false (default)
2019-06-12 23:43:48,841 INFO  server.RaftServerConfigKeys (ConfUtils.java:logGet(43)) - raft.server.log.appender.buffer.byte-limit = 33554432 (custom)
2019-06-12 23:43:48,842 INFO  server.RaftServerConfigKeys (ConfUtils.java:logGet(43)) - raft.server.log.segment.size.max = 16384 (custom)
2019-06-12 23:43:48,842 INFO  server.RaftServerConfigKeys (ConfUtils.java:logGet(43)) - raft.server.log.segment.cache.num.max = 2 (custom)
2019-06-12 23:43:48,842 INFO  storage.RaftLogWorker (RaftLogWorker.java:<init>(123)) - new fc702641-5a40-4409-8be8-0eeb8c9862a0-RaftLogWorker for Storage Directory /opt/src/hadoop-ozone/integration-test/target/test-dir/MiniOzoneClusterImpl-e6ca0132-8494-43dc-a03e-d7219afd67fc/datanode-5/data/ratis/8a1dbc71-c51f-450b-b159-ffa6112cfb27
2019-06-12 23:43:48,842 INFO  server.RaftServerConfigKeys (ConfUtils.java:logGet(43)) - raft.server.log.queue.byte-limit = 2147483647 (custom)
2019-06-12 23:43:48,842 INFO  server.RaftServerConfigKeys (ConfUtils.java:logGet(43)) - raft.server.log.queue.element-limit = 1024 (custom)
2019-06-12 23:43:48,842 INFO  server.RaftServerConfigKeys (ConfUtils.java:logGet(43)) - raft.server.log.segment.size.max = 16384 (custom)
2019-06-12 23:43:48,842 INFO  server.RaftServerConfigKeys (ConfUtils.java:logGet(43)) - raft.server.log.preallocated.size = 16384 (custom)
2019-06-12 23:43:48,842 INFO  server.RaftServerConfigKeys (ConfUtils.java:logGet(43)) - raft.server.log.write.buffer.size = 33554432 (custom)
2019-06-12 23:43:48,842 INFO  server.RaftServerConfigKeys (ConfUtils.java:logGet(43)) - raft.server.log.force.sync.num = 128 (default)
2019-06-12 23:43:48,842 INFO  server.RaftServerConfigKeys (ConfUtils.java:logGet(43)) - raft.server.log.statemachine.data.sync = true (default)
2019-06-12 23:43:48,843 INFO  server.RaftServerConfigKeys (ConfUtils.java:logGet(43)) - raft.server.log.statemachine.data.sync.timeout = 10s (default)
2019-06-12 23:43:48,843 INFO  server.RaftServerConfigKeys (ConfUtils.java:logGet(43)) - raft.server.log.statemachine.data.sync.timeout.retry = -1 (default)
2019-06-12 23:43:48,843 INFO  server.RaftServerConfigKeys (ConfUtils.java:logGet(43)) - raft.server.log.statemachine.data.caching.enabled = true (custom)
2019-06-12 23:43:48,843 INFO  server.RaftServerConfigKeys (ConfUtils.java:logGet(43)) - raft.server.snapshot.auto.trigger.enabled = true (custom)
2019-06-12 23:43:48,843 INFO  server.RaftServerConfigKeys (ConfUtils.java:logGet(43)) - raft.server.snapshot.auto.trigger.threshold = 10000 (custom)
2019-06-12 23:43:48,843 INFO  server.RaftServerConfigKeys (ConfUtils.java:logGet(43)) - raft.server.retrycache.expirytime = 600000ms (custom)
2019-06-12 23:43:48,844 INFO  impl.RaftServerImpl (RaftServerImpl.java:start(173)) - fc702641-5a40-4409-8be8-0eeb8c9862a0: start group-FFA6112CFB27
2019-06-12 23:43:48,844 INFO  impl.RaftServerImpl (RaftServerImpl.java:setRole(164)) - fc702641-5a40-4409-8be8-0eeb8c9862a0:group-FFA6112CFB27 changes role from null to FOLLOWER at term 0 for startAsFollower
2019-06-12 23:43:48,844 INFO  impl.RoleInfo (RoleInfo.java:updateAndGet(143)) - fc702641-5a40-4409-8be8-0eeb8c9862a0: start FollowerState
2019-06-12 23:43:48,844 INFO  util.JmxRegister (JmxRegister.java:tryRegister(44)) - Successfully registered JMX Bean with object name Ratis:service=RaftServer,group=group-FFA6112CFB27,id=fc702641-5a40-4409-8be8-0eeb8c9862a0
2019-06-12 23:43:48,852 INFO  pipeline.PipelineStateManager (PipelineStateManager.java:addPipeline(56)) - Created pipeline Pipeline[ Id: 8a1dbc71-c51f-450b-b159-ffa6112cfb27, Nodes: fc702641-5a40-4409-8be8-0eeb8c9862a0{ip: 192.168.11.232, host: ozone-tmnf5-1138113507, networkLocation: /default-rack, certSerialId: null}, Type:RATIS, Factor:ONE, State:OPEN]
2019-06-12 23:43:48,872 INFO  impl.RaftServerProxy (RaftServerProxy.java:addNew(89)) - 06ef2a18-301c-4ee4-bf7e-ae4e43156744: addNew group-71BA30E5A589:[fc702641-5a40-4409-8be8-0eeb8c9862a0:192.168.11.232:46451, 06ef2a18-301c-4ee4-bf7e-ae4e43156744:192.168.11.232:33179, 676f4422-3246-45c7-ab40-119038ccc63a:192.168.11.232:41659] returns group-71BA30E5A589:java.util.concurrent.CompletableFuture@37e1cfb9[Not completed]
2019-06-12 23:43:48,872 INFO  impl.RaftServerProxy (RaftServerProxy.java:addNew(89)) - 676f4422-3246-45c7-ab40-119038ccc63a: addNew group-71BA30E5A589:[fc702641-5a40-4409-8be8-0eeb8c9862a0:192.168.11.232:46451, 06ef2a18-301c-4ee4-bf7e-ae4e43156744:192.168.11.232:33179, 676f4422-3246-45c7-ab40-119038ccc63a:192.168.11.232:41659] returns group-71BA30E5A589:java.util.concurrent.CompletableFuture@72ed7c1e[Not completed]
2019-06-12 23:43:48,874 INFO  impl.RaftServerImpl (RaftServerImpl.java:<init>(91)) - 06ef2a18-301c-4ee4-bf7e-ae4e43156744: new RaftServerImpl for group-71BA30E5A589:[fc702641-5a40-4409-8be8-0eeb8c9862a0:192.168.11.232:46451, 06ef2a18-301c-4ee4-bf7e-ae4e43156744:192.168.11.232:33179, 676f4422-3246-45c7-ab40-119038ccc63a:192.168.11.232:41659] with ContainerStateMachine:uninitialized
2019-06-12 23:43:48,875 INFO  server.RaftServerConfigKeys (ConfUtils.java:logGet(43)) - raft.server.rpc.timeout.min = 1s (custom)
2019-06-12 23:43:48,875 INFO  server.RaftServerConfigKeys (ConfUtils.java:logGet(43)) - raft.server.rpc.timeout.max = 1200ms (custom)
2019-06-12 23:43:48,876 INFO  server.RaftServerConfigKeys (ConfUtils.java:logGet(43)) - raft.server.rpcslowness.timeout = 10s (custom)
2019-06-12 23:43:48,876 INFO  server.RaftServerConfigKeys (ConfUtils.java:logGet(43)) - raft.server.log.appender.install.snapshot.enabled = true (default)
2019-06-12 23:43:48,876 INFO  impl.RaftServerImpl (ServerState.java:<init>(101)) - 06ef2a18-301c-4ee4-bf7e-ae4e43156744:group-71BA30E5A589 ConfigurationManager, init=-1: [fc702641-5a40-4409-8be8-0eeb8c9862a0:192.168.11.232:46451, 06ef2a18-301c-4ee4-bf7e-ae4e43156744:192.168.11.232:33179, 676f4422-3246-45c7-ab40-119038ccc63a:192.168.11.232:41659], old=null, confs=<EMPTY_MAP>
2019-06-12 23:43:48,876 INFO  server.RaftServerConfigKeys (ConfUtils.java:logGet(43)) - raft.server.storage.dir = [/opt/src/hadoop-ozone/integration-test/target/test-dir/MiniOzoneClusterImpl-e6ca0132-8494-43dc-a03e-d7219afd67fc/datanode-0/data/ratis] (custom)
2019-06-12 23:43:48,875 INFO  impl.RaftServerImpl (RaftServerImpl.java:<init>(91)) - 676f4422-3246-45c7-ab40-119038ccc63a: new RaftServerImpl for group-71BA30E5A589:[fc702641-5a40-4409-8be8-0eeb8c9862a0:192.168.11.232:46451, 06ef2a18-301c-4ee4-bf7e-ae4e43156744:192.168.11.232:33179, 676f4422-3246-45c7-ab40-119038ccc63a:192.168.11.232:41659] with ContainerStateMachine:uninitialized
2019-06-12 23:43:48,875 INFO  impl.RaftServerProxy (RaftServerProxy.java:addNew(89)) - fc702641-5a40-4409-8be8-0eeb8c9862a0: addNew group-71BA30E5A589:[fc702641-5a40-4409-8be8-0eeb8c9862a0:192.168.11.232:46451, 06ef2a18-301c-4ee4-bf7e-ae4e43156744:192.168.11.232:33179, 676f4422-3246-45c7-ab40-119038ccc63a:192.168.11.232:41659] returns group-71BA30E5A589:java.util.concurrent.CompletableFuture@73dad497[Not completed]
2019-06-12 23:43:48,876 INFO  server.RaftServerConfigKeys (ConfUtils.java:logGet(43)) - raft.server.rpc.timeout.min = 1s (custom)
2019-06-12 23:43:48,877 INFO  server.RaftServerConfigKeys (ConfUtils.java:logGet(43)) - raft.server.rpc.timeout.max = 1200ms (custom)
2019-06-12 23:43:48,877 INFO  server.RaftServerConfigKeys (ConfUtils.java:logGet(43)) - raft.server.rpcslowness.timeout = 10s (custom)
2019-06-12 23:43:48,877 INFO  server.RaftServerConfigKeys (ConfUtils.java:logGet(43)) - raft.server.log.appender.install.snapshot.enabled = true (default)
2019-06-12 23:43:48,877 INFO  impl.RaftServerImpl (ServerState.java:<init>(101)) - 676f4422-3246-45c7-ab40-119038ccc63a:group-71BA30E5A589 ConfigurationManager, init=-1: [fc702641-5a40-4409-8be8-0eeb8c9862a0:192.168.11.232:46451, 06ef2a18-301c-4ee4-bf7e-ae4e43156744:192.168.11.232:33179, 676f4422-3246-45c7-ab40-119038ccc63a:192.168.11.232:41659], old=null, confs=<EMPTY_MAP>
2019-06-12 23:43:48,877 INFO  server.RaftServerConfigKeys (ConfUtils.java:logGet(43)) - raft.server.storage.dir = [/opt/src/hadoop-ozone/integration-test/target/test-dir/MiniOzoneClusterImpl-e6ca0132-8494-43dc-a03e-d7219afd67fc/datanode-4/data/ratis] (custom)
2019-06-12 23:43:48,877 INFO  storage.RaftStorageDirectory (RaftStorageDirectory.java:analyzeStorage(246)) - The storage directory /opt/src/hadoop-ozone/integration-test/target/test-dir/MiniOzoneClusterImpl-e6ca0132-8494-43dc-a03e-d7219afd67fc/datanode-4/data/ratis/27d3e1f3-5e9d-4ad6-8a14-71ba30e5a589 does not exist. Creating ...
2019-06-12 23:43:48,876 INFO  storage.RaftStorageDirectory (RaftStorageDirectory.java:analyzeStorage(246)) - The storage directory /opt/src/hadoop-ozone/integration-test/target/test-dir/MiniOzoneClusterImpl-e6ca0132-8494-43dc-a03e-d7219afd67fc/datanode-0/data/ratis/27d3e1f3-5e9d-4ad6-8a14-71ba30e5a589 does not exist. Creating ...
2019-06-12 23:43:48,876 INFO  impl.RaftServerImpl (RaftServerImpl.java:<init>(91)) - fc702641-5a40-4409-8be8-0eeb8c9862a0: new RaftServerImpl for group-71BA30E5A589:[fc702641-5a40-4409-8be8-0eeb8c9862a0:192.168.11.232:46451, 06ef2a18-301c-4ee4-bf7e-ae4e43156744:192.168.11.232:33179, 676f4422-3246-45c7-ab40-119038ccc63a:192.168.11.232:41659] with ContainerStateMachine:uninitialized
2019-06-12 23:43:48,878 INFO  server.RaftServerConfigKeys (ConfUtils.java:logGet(43)) - raft.server.rpc.timeout.min = 1s (custom)
2019-06-12 23:43:48,878 INFO  server.RaftServerConfigKeys (ConfUtils.java:logGet(43)) - raft.server.rpc.timeout.max = 1200ms (custom)
2019-06-12 23:43:48,878 INFO  server.RaftServerConfigKeys (ConfUtils.java:logGet(43)) - raft.server.rpcslowness.timeout = 10s (custom)
2019-06-12 23:43:48,878 INFO  server.RaftServerConfigKeys (ConfUtils.java:logGet(43)) - raft.server.log.appender.install.snapshot.enabled = true (default)
2019-06-12 23:43:48,878 INFO  impl.RaftServerImpl (ServerState.java:<init>(101)) - fc702641-5a40-4409-8be8-0eeb8c9862a0:group-71BA30E5A589 ConfigurationManager, init=-1: [fc702641-5a40-4409-8be8-0eeb8c9862a0:192.168.11.232:46451, 06ef2a18-301c-4ee4-bf7e-ae4e43156744:192.168.11.232:33179, 676f4422-3246-45c7-ab40-119038ccc63a:192.168.11.232:41659], old=null, confs=<EMPTY_MAP>
2019-06-12 23:43:48,879 INFO  server.RaftServerConfigKeys (ConfUtils.java:logGet(43)) - raft.server.storage.dir = [/opt/src/hadoop-ozone/integration-test/target/test-dir/MiniOzoneClusterImpl-e6ca0132-8494-43dc-a03e-d7219afd67fc/datanode-5/data/ratis] (custom)
2019-06-12 23:43:48,879 INFO  storage.RaftStorageDirectory (RaftStorageDirectory.java:analyzeStorage(246)) - The storage directory /opt/src/hadoop-ozone/integration-test/target/test-dir/MiniOzoneClusterImpl-e6ca0132-8494-43dc-a03e-d7219afd67fc/datanode-5/data/ratis/27d3e1f3-5e9d-4ad6-8a14-71ba30e5a589 does not exist. Creating ...
2019-06-12 23:43:48,880 INFO  storage.RaftStorageDirectory (RaftStorageDirectory.java:tryLock(328)) - Lock on /opt/src/hadoop-ozone/integration-test/target/test-dir/MiniOzoneClusterImpl-e6ca0132-8494-43dc-a03e-d7219afd67fc/datanode-4/data/ratis/27d3e1f3-5e9d-4ad6-8a14-71ba30e5a589/in_use.lock acquired by nodename 9964@ozone-tmnf5-1138113507
2019-06-12 23:43:48,880 INFO  storage.RaftStorageDirectory (RaftStorageDirectory.java:tryLock(328)) - Lock on /opt/src/hadoop-ozone/integration-test/target/test-dir/MiniOzoneClusterImpl-e6ca0132-8494-43dc-a03e-d7219afd67fc/datanode-0/data/ratis/27d3e1f3-5e9d-4ad6-8a14-71ba30e5a589/in_use.lock acquired by nodename 9964@ozone-tmnf5-1138113507
2019-06-12 23:43:48,883 INFO  storage.RaftStorageDirectory (RaftStorageDirectory.java:tryLock(328)) - Lock on /opt/src/hadoop-ozone/integration-test/target/test-dir/MiniOzoneClusterImpl-e6ca0132-8494-43dc-a03e-d7219afd67fc/datanode-5/data/ratis/27d3e1f3-5e9d-4ad6-8a14-71ba30e5a589/in_use.lock acquired by nodename 9964@ozone-tmnf5-1138113507
2019-06-12 23:43:48,883 INFO  storage.RaftStorage (RaftStorage.java:format(75)) - Storage directory /opt/src/hadoop-ozone/integration-test/target/test-dir/MiniOzoneClusterImpl-e6ca0132-8494-43dc-a03e-d7219afd67fc/datanode-0/data/ratis/27d3e1f3-5e9d-4ad6-8a14-71ba30e5a589 has been successfully formatted.
2019-06-12 23:43:48,883 INFO  ratis.ContainerStateMachine (ContainerStateMachine.java:loadSnapshot(199)) - The snapshot info is null.Setting the last applied index to:(t:0, i:~)
2019-06-12 23:43:48,883 INFO  server.RaftServerConfigKeys (ConfUtils.java:logGet(43)) - raft.server.leader.election.timeout = 10s (custom)
2019-06-12 23:43:48,883 INFO  server.RaftServerConfigKeys (ConfUtils.java:logGet(43)) - raft.server.log.use.memory = false (default)
2019-06-12 23:43:48,883 INFO  server.RaftServerConfigKeys (ConfUtils.java:logGet(43)) - raft.server.log.appender.buffer.byte-limit = 33554432 (custom)
2019-06-12 23:43:48,883 INFO  storage.RaftStorage (RaftStorage.java:format(75)) - Storage directory /opt/src/hadoop-ozone/integration-test/target/test-dir/MiniOzoneClusterImpl-e6ca0132-8494-43dc-a03e-d7219afd67fc/datanode-4/data/ratis/27d3e1f3-5e9d-4ad6-8a14-71ba30e5a589 has been successfully formatted.
2019-06-12 23:43:48,884 INFO  server.RaftServerConfigKeys (ConfUtils.java:logGet(43)) - raft.server.log.segment.size.max = 16384 (custom)
2019-06-12 23:43:48,884 INFO  server.RaftServerConfigKeys (ConfUtils.java:logGet(43)) - raft.server.log.segment.cache.num.max = 2 (custom)
2019-06-12 23:43:48,884 INFO  storage.RaftLogWorker (RaftLogWorker.java:<init>(123)) - new 06ef2a18-301c-4ee4-bf7e-ae4e43156744-RaftLogWorker for Storage Directory /opt/src/hadoop-ozone/integration-test/target/test-dir/MiniOzoneClusterImpl-e6ca0132-8494-43dc-a03e-d7219afd67fc/datanode-0/data/ratis/27d3e1f3-5e9d-4ad6-8a14-71ba30e5a589
2019-06-12 23:43:48,884 INFO  server.RaftServerConfigKeys (ConfUtils.java:logGet(43)) - raft.server.log.queue.byte-limit = 2147483647 (custom)
2019-06-12 23:43:48,884 INFO  ratis.ContainerStateMachine (ContainerStateMachine.java:loadSnapshot(199)) - The snapshot info is null.Setting the last applied index to:(t:0, i:~)
2019-06-12 23:43:48,884 INFO  server.RaftServerConfigKeys (ConfUtils.java:logGet(43)) - raft.server.log.queue.element-limit = 1024 (custom)
2019-06-12 23:43:48,885 INFO  storage.RaftStorage (RaftStorage.java:format(75)) - Storage directory /opt/src/hadoop-ozone/integration-test/target/test-dir/MiniOzoneClusterImpl-e6ca0132-8494-43dc-a03e-d7219afd67fc/datanode-5/data/ratis/27d3e1f3-5e9d-4ad6-8a14-71ba30e5a589 has been successfully formatted.
2019-06-12 23:43:48,884 INFO  server.RaftServerConfigKeys (ConfUtils.java:logGet(43)) - raft.server.leader.election.timeout = 10s (custom)
2019-06-12 23:43:48,885 INFO  ratis.ContainerStateMachine (ContainerStateMachine.java:loadSnapshot(199)) - The snapshot info is null.Setting the last applied index to:(t:0, i:~)
2019-06-12 23:43:48,885 INFO  server.RaftServerConfigKeys (ConfUtils.java:logGet(43)) - raft.server.log.segment.size.max = 16384 (custom)
2019-06-12 23:43:48,885 INFO  server.RaftServerConfigKeys (ConfUtils.java:logGet(43)) - raft.server.leader.election.timeout = 10s (custom)
2019-06-12 23:43:48,885 INFO  server.RaftServerConfigKeys (ConfUtils.java:logGet(43)) - raft.server.log.use.memory = false (default)
2019-06-12 23:43:48,885 INFO  server.RaftServerConfigKeys (ConfUtils.java:logGet(43)) - raft.server.log.use.memory = false (default)
2019-06-12 23:43:48,885 INFO  server.RaftServerConfigKeys (ConfUtils.java:logGet(43)) - raft.server.log.preallocated.size = 16384 (custom)
2019-06-12 23:43:48,885 INFO  server.RaftServerConfigKeys (ConfUtils.java:logGet(43)) - raft.server.log.appender.buffer.byte-limit = 33554432 (custom)
2019-06-12 23:43:48,885 INFO  server.RaftServerConfigKeys (ConfUtils.java:logGet(43)) - raft.server.log.appender.buffer.byte-limit = 33554432 (custom)
2019-06-12 23:43:48,885 INFO  server.RaftServerConfigKeys (ConfUtils.java:logGet(43)) - raft.server.log.segment.size.max = 16384 (custom)
2019-06-12 23:43:48,885 INFO  server.RaftServerConfigKeys (ConfUtils.java:logGet(43)) - raft.server.log.write.buffer.size = 33554432 (custom)
2019-06-12 23:43:48,885 INFO  server.RaftServerConfigKeys (ConfUtils.java:logGet(43)) - raft.server.log.segment.size.max = 16384 (custom)
2019-06-12 23:43:48,886 INFO  server.RaftServerConfigKeys (ConfUtils.java:logGet(43)) - raft.server.log.segment.cache.num.max = 2 (custom)
2019-06-12 23:43:48,886 INFO  storage.RaftLogWorker (RaftLogWorker.java:<init>(123)) - new 676f4422-3246-45c7-ab40-119038ccc63a-RaftLogWorker for Storage Directory /opt/src/hadoop-ozone/integration-test/target/test-dir/MiniOzoneClusterImpl-e6ca0132-8494-43dc-a03e-d7219afd67fc/datanode-4/data/ratis/27d3e1f3-5e9d-4ad6-8a14-71ba30e5a589
2019-06-12 23:43:48,886 INFO  server.RaftServerConfigKeys (ConfUtils.java:logGet(43)) - raft.server.log.queue.byte-limit = 2147483647 (custom)
2019-06-12 23:43:48,886 INFO  server.RaftServerConfigKeys (ConfUtils.java:logGet(43)) - raft.server.log.queue.element-limit = 1024 (custom)
2019-06-12 23:43:48,886 INFO  server.RaftServerConfigKeys (ConfUtils.java:logGet(43)) - raft.server.log.segment.size.max = 16384 (custom)
2019-06-12 23:43:48,886 INFO  server.RaftServerConfigKeys (ConfUtils.java:logGet(43)) - raft.server.log.preallocated.size = 16384 (custom)
2019-06-12 23:43:48,886 INFO  server.RaftServerConfigKeys (ConfUtils.java:logGet(43)) - raft.server.log.write.buffer.size = 33554432 (custom)
2019-06-12 23:43:48,886 INFO  server.RaftServerConfigKeys (ConfUtils.java:logGet(43)) - raft.server.log.force.sync.num = 128 (default)
2019-06-12 23:43:48,886 INFO  server.RaftServerConfigKeys (ConfUtils.java:logGet(43)) - raft.server.log.statemachine.data.sync = true (default)
2019-06-12 23:43:48,887 INFO  server.RaftServerConfigKeys (ConfUtils.java:logGet(43)) - raft.server.log.statemachine.data.sync.timeout = 10s (default)
2019-06-12 23:43:48,887 INFO  server.RaftServerConfigKeys (ConfUtils.java:logGet(43)) - raft.server.log.statemachine.data.sync.timeout.retry = -1 (default)
2019-06-12 23:43:48,887 INFO  server.RaftServerConfigKeys (ConfUtils.java:logGet(43)) - raft.server.log.statemachine.data.caching.enabled = true (custom)
2019-06-12 23:43:48,887 INFO  server.RaftServerConfigKeys (ConfUtils.java:logGet(43)) - raft.server.log.force.sync.num = 128 (default)
2019-06-12 23:43:48,887 INFO  server.RaftServerConfigKeys (ConfUtils.java:logGet(43)) - raft.server.snapshot.auto.trigger.enabled = true (custom)
2019-06-12 23:43:48,887 INFO  server.RaftServerConfigKeys (ConfUtils.java:logGet(43)) - raft.server.log.segment.cache.num.max = 2 (custom)
2019-06-12 23:43:48,887 INFO  server.RaftServerConfigKeys (ConfUtils.java:logGet(43)) - raft.server.log.statemachine.data.sync = true (default)
2019-06-12 23:43:48,887 INFO  storage.RaftLogWorker (RaftLogWorker.java:<init>(123)) - new fc702641-5a40-4409-8be8-0eeb8c9862a0-RaftLogWorker for Storage Directory /opt/src/hadoop-ozone/integration-test/target/test-dir/MiniOzoneClusterImpl-e6ca0132-8494-43dc-a03e-d7219afd67fc/datanode-5/data/ratis/27d3e1f3-5e9d-4ad6-8a14-71ba30e5a589
2019-06-12 23:43:48,887 INFO  server.RaftServerConfigKeys (ConfUtils.java:logGet(43)) - raft.server.snapshot.auto.trigger.threshold = 10000 (custom)
2019-06-12 23:43:48,887 INFO  server.RaftServerConfigKeys (ConfUtils.java:logGet(43)) - raft.server.log.queue.byte-limit = 2147483647 (custom)
2019-06-12 23:43:48,887 INFO  server.RaftServerConfigKeys (ConfUtils.java:logGet(43)) - raft.server.log.statemachine.data.sync.timeout = 10s (default)
2019-06-12 23:43:48,888 INFO  server.RaftServerConfigKeys (ConfUtils.java:logGet(43)) - raft.server.retrycache.expirytime = 600000ms (custom)
2019-06-12 23:43:48,888 INFO  server.RaftServerConfigKeys (ConfUtils.java:logGet(43)) - raft.server.log.queue.element-limit = 1024 (custom)
2019-06-12 23:43:48,888 INFO  server.RaftServerConfigKeys (ConfUtils.java:logGet(43)) - raft.server.log.statemachine.data.sync.timeout.retry = -1 (default)
2019-06-12 23:43:48,888 INFO  impl.RaftServerImpl (RaftServerImpl.java:start(173)) - 676f4422-3246-45c7-ab40-119038ccc63a: start group-71BA30E5A589
2019-06-12 23:43:48,888 INFO  server.RaftServerConfigKeys (ConfUtils.java:logGet(43)) - raft.server.log.segment.size.max = 16384 (custom)
2019-06-12 23:43:48,888 INFO  server.RaftServerConfigKeys (ConfUtils.java:logGet(43)) - raft.server.log.statemachine.data.caching.enabled = true (custom)
2019-06-12 23:43:48,888 INFO  server.RaftServerConfigKeys (ConfUtils.java:logGet(43)) - raft.server.log.preallocated.size = 16384 (custom)
2019-06-12 23:43:48,888 INFO  impl.RaftServerImpl (RaftServerImpl.java:setRole(164)) - 676f4422-3246-45c7-ab40-119038ccc63a:group-71BA30E5A589 changes role from null to FOLLOWER at term 0 for startAsFollower
2019-06-12 23:43:48,889 INFO  server.RaftServerConfigKeys (ConfUtils.java:logGet(43)) - raft.server.log.write.buffer.size = 33554432 (custom)
2019-06-12 23:43:48,889 INFO  server.RaftServerConfigKeys (ConfUtils.java:logGet(43)) - raft.server.log.force.sync.num = 128 (default)
2019-06-12 23:43:48,889 INFO  server.RaftServerConfigKeys (ConfUtils.java:logGet(43)) - raft.server.log.statemachine.data.sync = true (default)
2019-06-12 23:43:48,889 INFO  server.RaftServerConfigKeys (ConfUtils.java:logGet(43)) - raft.server.log.statemachine.data.sync.timeout = 10s (default)
2019-06-12 23:43:48,889 INFO  server.RaftServerConfigKeys (ConfUtils.java:logGet(43)) - raft.server.log.statemachine.data.sync.timeout.retry = -1 (default)
2019-06-12 23:43:48,889 INFO  impl.RoleInfo (RoleInfo.java:updateAndGet(143)) - 676f4422-3246-45c7-ab40-119038ccc63a: start FollowerState
2019-06-12 23:43:48,889 INFO  server.RaftServerConfigKeys (ConfUtils.java:logGet(43)) - raft.server.snapshot.auto.trigger.enabled = true (custom)
2019-06-12 23:43:48,889 INFO  server.RaftServerConfigKeys (ConfUtils.java:logGet(43)) - raft.server.snapshot.auto.trigger.threshold = 10000 (custom)
2019-06-12 23:43:48,889 INFO  server.RaftServerConfigKeys (ConfUtils.java:logGet(43)) - raft.server.log.statemachine.data.caching.enabled = true (custom)
2019-06-12 23:43:48,890 INFO  server.RaftServerConfigKeys (ConfUtils.java:logGet(43)) - raft.server.retrycache.expirytime = 600000ms (custom)
2019-06-12 23:43:48,890 INFO  impl.RaftServerImpl (RaftServerImpl.java:start(173)) - 06ef2a18-301c-4ee4-bf7e-ae4e43156744: start group-71BA30E5A589
2019-06-12 23:43:48,890 INFO  util.JmxRegister (JmxRegister.java:tryRegister(44)) - Successfully registered JMX Bean with object name Ratis:service=RaftServer,group=group-71BA30E5A589,id=676f4422-3246-45c7-ab40-119038ccc63a
2019-06-12 23:43:48,890 INFO  impl.RaftServerImpl (RaftServerImpl.java:setRole(164)) - 06ef2a18-301c-4ee4-bf7e-ae4e43156744:group-71BA30E5A589 changes role from null to FOLLOWER at term 0 for startAsFollower
2019-06-12 23:43:48,890 INFO  server.RaftServerConfigKeys (ConfUtils.java:logGet(43)) - raft.server.snapshot.auto.trigger.enabled = true (custom)
2019-06-12 23:43:48,890 INFO  server.RaftServerConfigKeys (ConfUtils.java:logGet(43)) - raft.server.snapshot.auto.trigger.threshold = 10000 (custom)
2019-06-12 23:43:48,890 INFO  impl.RoleInfo (RoleInfo.java:updateAndGet(143)) - 06ef2a18-301c-4ee4-bf7e-ae4e43156744: start FollowerState
2019-06-12 23:43:48,891 INFO  server.RaftServerConfigKeys (ConfUtils.java:logGet(43)) - raft.server.retrycache.expirytime = 600000ms (custom)
2019-06-12 23:43:48,891 INFO  util.JmxRegister (JmxRegister.java:tryRegister(44)) - Successfully registered JMX Bean with object name Ratis:service=RaftServer,group=group-71BA30E5A589,id=06ef2a18-301c-4ee4-bf7e-ae4e43156744
2019-06-12 23:43:48,891 INFO  impl.RaftServerImpl (RaftServerImpl.java:start(173)) - fc702641-5a40-4409-8be8-0eeb8c9862a0: start group-71BA30E5A589
2019-06-12 23:43:48,891 INFO  impl.RaftServerImpl (RaftServerImpl.java:setRole(164)) - fc702641-5a40-4409-8be8-0eeb8c9862a0:group-71BA30E5A589 changes role from null to FOLLOWER at term 0 for startAsFollower
2019-06-12 23:43:48,896 INFO  impl.RoleInfo (RoleInfo.java:updateAndGet(143)) - fc702641-5a40-4409-8be8-0eeb8c9862a0: start FollowerState
2019-06-12 23:43:48,896 INFO  util.JmxRegister (JmxRegister.java:tryRegister(44)) - Successfully registered JMX Bean with object name Ratis:service=RaftServer,group=group-71BA30E5A589,id=fc702641-5a40-4409-8be8-0eeb8c9862a0
2019-06-12 23:43:48,909 INFO  pipeline.PipelineStateManager (PipelineStateManager.java:addPipeline(56)) - Created pipeline Pipeline[ Id: 27d3e1f3-5e9d-4ad6-8a14-71ba30e5a589, Nodes: fc702641-5a40-4409-8be8-0eeb8c9862a0{ip: 192.168.11.232, host: ozone-tmnf5-1138113507, networkLocation: /default-rack, certSerialId: null}676f4422-3246-45c7-ab40-119038ccc63a{ip: 192.168.11.232, host: ozone-tmnf5-1138113507, networkLocation: /default-rack, certSerialId: null}06ef2a18-301c-4ee4-bf7e-ae4e43156744{ip: 192.168.11.232, host: ozone-tmnf5-1138113507, networkLocation: /default-rack, certSerialId: null}, Type:RATIS, Factor:THREE, State:OPEN]
2019-06-12 23:43:49,365 INFO  impl.FollowerState (FollowerState.java:run(101)) - 06ef2a18-301c-4ee4-bf7e-ae4e43156744:group-7FCC0F32CB2D changes to CANDIDATE, lastRpcTime:1010, electionTimeout:1010ms
2019-06-12 23:43:49,365 INFO  impl.RoleInfo (RoleInfo.java:shutdownFollowerState(121)) - 06ef2a18-301c-4ee4-bf7e-ae4e43156744: shutdown FollowerState
2019-06-12 23:43:49,365 INFO  impl.RaftServerImpl (RaftServerImpl.java:setRole(164)) - 06ef2a18-301c-4ee4-bf7e-ae4e43156744:group-7FCC0F32CB2D changes role from FOLLOWER to CANDIDATE at term 0 for changeToCandidate
2019-06-12 23:43:49,367 INFO  impl.RoleInfo (RoleInfo.java:updateAndGet(143)) - 06ef2a18-301c-4ee4-bf7e-ae4e43156744: start LeaderElection
2019-06-12 23:43:49,373 INFO  impl.LeaderElection (LeaderElection.java:askForVotes(181)) - 06ef2a18-301c-4ee4-bf7e-ae4e43156744:group-7FCC0F32CB2D:LeaderElection1: begin an election at term 1 for -1: [06ef2a18-301c-4ee4-bf7e-ae4e43156744:192.168.11.232:33179], old=null
2019-06-12 23:43:49,375 INFO  impl.RoleInfo (RoleInfo.java:shutdownLeaderElection(134)) - 06ef2a18-301c-4ee4-bf7e-ae4e43156744: shutdown LeaderElection
2019-06-12 23:43:49,375 INFO  impl.RaftServerImpl (RaftServerImpl.java:setRole(164)) - 06ef2a18-301c-4ee4-bf7e-ae4e43156744:group-7FCC0F32CB2D changes role from CANDIDATE to LEADER at term 1 for changeToLeader
2019-06-12 23:43:49,376 INFO  impl.RaftServerImpl (ServerState.java:setLeader(263)) - 06ef2a18-301c-4ee4-bf7e-ae4e43156744:group-7FCC0F32CB2D change Leader from null to 06ef2a18-301c-4ee4-bf7e-ae4e43156744 at term 1 for becomeLeader, leader elected after 1192ms
2019-06-12 23:43:49,380 INFO  server.RaftServerConfigKeys (ConfUtils.java:logGet(43)) - raft.server.staging.catchup.gap = 1000 (default)
2019-06-12 23:43:49,380 INFO  server.RaftServerConfigKeys (ConfUtils.java:logGet(43)) - raft.server.rpc.sleep.time = 25ms (default)
2019-06-12 23:43:49,382 INFO  server.RaftServerConfigKeys (ConfUtils.java:logGet(43)) - raft.server.watch.timeout = 10s (default)
2019-06-12 23:43:49,382 INFO  server.RaftServerConfigKeys (ConfUtils.java:logGet(43)) - raft.server.watch.timeout.denomination = 1s (default)
2019-06-12 23:43:49,387 INFO  impl.RoleInfo (RoleInfo.java:updateAndGet(143)) - 06ef2a18-301c-4ee4-bf7e-ae4e43156744: start LeaderState
2019-06-12 23:43:49,400 INFO  storage.RaftLogWorker (RaftLogWorker.java:startLogSegment(298)) - 06ef2a18-301c-4ee4-bf7e-ae4e43156744-RaftLogWorker: Starting segment from index:0
2019-06-12 23:43:49,408 INFO  impl.RaftServerImpl (ServerState.java:setRaftConf(361)) - 06ef2a18-301c-4ee4-bf7e-ae4e43156744:group-7FCC0F32CB2D set configuration 0: [06ef2a18-301c-4ee4-bf7e-ae4e43156744:192.168.11.232:33179], old=null at 0
2019-06-12 23:43:49,507 INFO  impl.FollowerState (FollowerState.java:run(101)) - 8ef101a3-a22f-4c21-aa09-c42829167c7a:group-23C3F5BCEF0C changes to CANDIDATE, lastRpcTime:1074, electionTimeout:1073ms
2019-06-12 23:43:49,519 INFO  impl.RoleInfo (RoleInfo.java:shutdownFollowerState(121)) - 8ef101a3-a22f-4c21-aa09-c42829167c7a: shutdown FollowerState
2019-06-12 23:43:49,519 INFO  impl.RaftServerImpl (RaftServerImpl.java:setRole(164)) - 8ef101a3-a22f-4c21-aa09-c42829167c7a:group-23C3F5BCEF0C changes role from FOLLOWER to CANDIDATE at term 0 for changeToCandidate
2019-06-12 23:43:49,519 INFO  impl.RoleInfo (RoleInfo.java:updateAndGet(143)) - 8ef101a3-a22f-4c21-aa09-c42829167c7a: start LeaderElection
2019-06-12 23:43:49,551 INFO  impl.LeaderElection (LeaderElection.java:askForVotes(181)) - 8ef101a3-a22f-4c21-aa09-c42829167c7a:group-23C3F5BCEF0C:LeaderElection2: begin an election at term 1 for -1: [8ef101a3-a22f-4c21-aa09-c42829167c7a:192.168.11.232:35617], old=null
2019-06-12 23:43:49,553 INFO  impl.RoleInfo (RoleInfo.java:shutdownLeaderElection(134)) - 8ef101a3-a22f-4c21-aa09-c42829167c7a: shutdown LeaderElection
2019-06-12 23:43:49,553 INFO  impl.RaftServerImpl (RaftServerImpl.java:setRole(164)) - 8ef101a3-a22f-4c21-aa09-c42829167c7a:group-23C3F5BCEF0C changes role from CANDIDATE to LEADER at term 1 for changeToLeader
2019-06-12 23:43:49,553 INFO  impl.RaftServerImpl (ServerState.java:setLeader(263)) - 8ef101a3-a22f-4c21-aa09-c42829167c7a:group-23C3F5BCEF0C change Leader from null to 8ef101a3-a22f-4c21-aa09-c42829167c7a at term 1 for becomeLeader, leader elected after 1124ms
2019-06-12 23:43:49,554 INFO  server.RaftServerConfigKeys (ConfUtils.java:logGet(43)) - raft.server.staging.catchup.gap = 1000 (default)
2019-06-12 23:43:49,554 INFO  storage.RaftLogWorker (RaftLogWorker.java:execute(469)) - 06ef2a18-301c-4ee4-bf7e-ae4e43156744-RaftLogWorker: created new log segment /opt/src/hadoop-ozone/integration-test/target/test-dir/MiniOzoneClusterImpl-e6ca0132-8494-43dc-a03e-d7219afd67fc/datanode-0/data/ratis/0594e7c2-e798-42db-ab8d-7fcc0f32cb2d/current/log_inprogress_0
2019-06-12 23:43:49,554 INFO  server.RaftServerConfigKeys (ConfUtils.java:logGet(43)) - raft.server.rpc.sleep.time = 25ms (default)
2019-06-12 23:43:49,554 INFO  server.RaftServerConfigKeys (ConfUtils.java:logGet(43)) - raft.server.watch.timeout = 10s (default)
2019-06-12 23:43:49,554 INFO  server.RaftServerConfigKeys (ConfUtils.java:logGet(43)) - raft.server.watch.timeout.denomination = 1s (default)
2019-06-12 23:43:49,555 INFO  impl.RoleInfo (RoleInfo.java:updateAndGet(143)) - 8ef101a3-a22f-4c21-aa09-c42829167c7a: start LeaderState
2019-06-12 23:43:49,555 INFO  storage.RaftLogWorker (RaftLogWorker.java:startLogSegment(298)) - 8ef101a3-a22f-4c21-aa09-c42829167c7a-RaftLogWorker: Starting segment from index:0
2019-06-12 23:43:49,559 INFO  impl.RaftServerImpl (ServerState.java:setRaftConf(361)) - 8ef101a3-a22f-4c21-aa09-c42829167c7a:group-23C3F5BCEF0C set configuration 0: [8ef101a3-a22f-4c21-aa09-c42829167c7a:192.168.11.232:35617], old=null at 0
2019-06-12 23:43:49,594 INFO  storage.RaftLogWorker (RaftLogWorker.java:execute(469)) - 8ef101a3-a22f-4c21-aa09-c42829167c7a-RaftLogWorker: created new log segment /opt/src/hadoop-ozone/integration-test/target/test-dir/MiniOzoneClusterImpl-e6ca0132-8494-43dc-a03e-d7219afd67fc/datanode-1/data/ratis/bc99deb3-a090-4373-85b5-23c3f5bcef0c/current/log_inprogress_0
2019-06-12 23:43:49,629 INFO  impl.FollowerState (FollowerState.java:run(101)) - d9d671ab-92f0-449d-b84b-2dfc099750a2:group-DF9F29D154AD changes to CANDIDATE, lastRpcTime:1131, electionTimeout:1131ms
2019-06-12 23:43:49,629 INFO  impl.RoleInfo (RoleInfo.java:shutdownFollowerState(121)) - d9d671ab-92f0-449d-b84b-2dfc099750a2: shutdown FollowerState
2019-06-12 23:43:49,629 INFO  impl.RaftServerImpl (RaftServerImpl.java:setRole(164)) - d9d671ab-92f0-449d-b84b-2dfc099750a2:group-DF9F29D154AD changes role from FOLLOWER to CANDIDATE at term 0 for changeToCandidate
2019-06-12 23:43:49,629 INFO  impl.RoleInfo (RoleInfo.java:updateAndGet(143)) - d9d671ab-92f0-449d-b84b-2dfc099750a2: start LeaderElection
2019-06-12 23:43:49,634 INFO  impl.LeaderElection (LeaderElection.java:askForVotes(181)) - d9d671ab-92f0-449d-b84b-2dfc099750a2:group-DF9F29D154AD:LeaderElection3: begin an election at term 1 for -1: [d9d671ab-92f0-449d-b84b-2dfc099750a2:192.168.11.232:37833], old=null
2019-06-12 23:43:49,634 INFO  impl.RoleInfo (RoleInfo.java:shutdownLeaderElection(134)) - d9d671ab-92f0-449d-b84b-2dfc099750a2: shutdown LeaderElection
2019-06-12 23:43:49,635 INFO  impl.RaftServerImpl (RaftServerImpl.java:setRole(164)) - d9d671ab-92f0-449d-b84b-2dfc099750a2:group-DF9F29D154AD changes role from CANDIDATE to LEADER at term 1 for changeToLeader
2019-06-12 23:43:49,635 INFO  impl.RaftServerImpl (ServerState.java:setLeader(263)) - d9d671ab-92f0-449d-b84b-2dfc099750a2:group-DF9F29D154AD change Leader from null to d9d671ab-92f0-449d-b84b-2dfc099750a2 at term 1 for becomeLeader, leader elected after 1139ms
2019-06-12 23:43:49,635 INFO  server.RaftServerConfigKeys (ConfUtils.java:logGet(43)) - raft.server.staging.catchup.gap = 1000 (default)
2019-06-12 23:43:49,636 INFO  server.RaftServerConfigKeys (ConfUtils.java:logGet(43)) - raft.server.rpc.sleep.time = 25ms (default)
2019-06-12 23:43:49,636 INFO  server.RaftServerConfigKeys (ConfUtils.java:logGet(43)) - raft.server.watch.timeout = 10s (default)
2019-06-12 23:43:49,636 INFO  server.RaftServerConfigKeys (ConfUtils.java:logGet(43)) - raft.server.watch.timeout.denomination = 1s (default)
2019-06-12 23:43:49,636 INFO  impl.RoleInfo (RoleInfo.java:updateAndGet(143)) - d9d671ab-92f0-449d-b84b-2dfc099750a2: start LeaderState
2019-06-12 23:43:49,636 INFO  storage.RaftLogWorker (RaftLogWorker.java:startLogSegment(298)) - d9d671ab-92f0-449d-b84b-2dfc099750a2-RaftLogWorker: Starting segment from index:0
2019-06-12 23:43:49,637 INFO  impl.RaftServerImpl (ServerState.java:setRaftConf(361)) - d9d671ab-92f0-449d-b84b-2dfc099750a2:group-DF9F29D154AD set configuration 0: [d9d671ab-92f0-449d-b84b-2dfc099750a2:192.168.11.232:37833], old=null at 0
2019-06-12 23:43:49,654 INFO  impl.FollowerState (FollowerState.java:run(101)) - 676f4422-3246-45c7-ab40-119038ccc63a:group-2F9E869231BA changes to CANDIDATE, lastRpcTime:1031, electionTimeout:1027ms
2019-06-12 23:43:49,654 INFO  impl.RoleInfo (RoleInfo.java:shutdownFollowerState(121)) - 676f4422-3246-45c7-ab40-119038ccc63a: shutdown FollowerState
2019-06-12 23:43:49,654 INFO  impl.RaftServerImpl (RaftServerImpl.java:setRole(164)) - 676f4422-3246-45c7-ab40-119038ccc63a:group-2F9E869231BA changes role from FOLLOWER to CANDIDATE at term 0 for changeToCandidate
2019-06-12 23:43:49,654 INFO  impl.RoleInfo (RoleInfo.java:updateAndGet(143)) - 676f4422-3246-45c7-ab40-119038ccc63a: start LeaderElection
2019-06-12 23:43:49,676 INFO  storage.RaftLogWorker (RaftLogWorker.java:execute(469)) - d9d671ab-92f0-449d-b84b-2dfc099750a2-RaftLogWorker: created new log segment /opt/src/hadoop-ozone/integration-test/target/test-dir/MiniOzoneClusterImpl-e6ca0132-8494-43dc-a03e-d7219afd67fc/datanode-3/data/ratis/3f9257a4-085c-4bd6-8d11-df9f29d154ad/current/log_inprogress_0
2019-06-12 23:43:49,676 INFO  impl.LeaderElection (LeaderElection.java:askForVotes(181)) - 676f4422-3246-45c7-ab40-119038ccc63a:group-2F9E869231BA:LeaderElection4: begin an election at term 1 for -1: [676f4422-3246-45c7-ab40-119038ccc63a:192.168.11.232:41659], old=null
2019-06-12 23:43:49,676 INFO  impl.RoleInfo (RoleInfo.java:shutdownLeaderElection(134)) - 676f4422-3246-45c7-ab40-119038ccc63a: shutdown LeaderElection
2019-06-12 23:43:49,676 INFO  impl.RaftServerImpl (RaftServerImpl.java:setRole(164)) - 676f4422-3246-45c7-ab40-119038ccc63a:group-2F9E869231BA changes role from CANDIDATE to LEADER at term 1 for changeToLeader
2019-06-12 23:43:49,676 INFO  impl.RaftServerImpl (ServerState.java:setLeader(263)) - 676f4422-3246-45c7-ab40-119038ccc63a:group-2F9E869231BA change Leader from null to 676f4422-3246-45c7-ab40-119038ccc63a at term 1 for becomeLeader, leader elected after 1055ms
2019-06-12 23:43:49,677 INFO  server.RaftServerConfigKeys (ConfUtils.java:logGet(43)) - raft.server.staging.catchup.gap = 1000 (default)
2019-06-12 23:43:49,677 INFO  server.RaftServerConfigKeys (ConfUtils.java:logGet(43)) - raft.server.rpc.sleep.time = 25ms (default)
2019-06-12 23:43:49,677 INFO  server.RaftServerConfigKeys (ConfUtils.java:logGet(43)) - raft.server.watch.timeout = 10s (default)
2019-06-12 23:43:49,677 INFO  server.RaftServerConfigKeys (ConfUtils.java:logGet(43)) - raft.server.watch.timeout.denomination = 1s (default)
2019-06-12 23:43:49,677 INFO  impl.RoleInfo (RoleInfo.java:updateAndGet(143)) - 676f4422-3246-45c7-ab40-119038ccc63a: start LeaderState
2019-06-12 23:43:49,678 INFO  storage.RaftLogWorker (RaftLogWorker.java:startLogSegment(298)) - 676f4422-3246-45c7-ab40-119038ccc63a-RaftLogWorker: Starting segment from index:0
2019-06-12 23:43:49,695 INFO  impl.RaftServerImpl (ServerState.java:setRaftConf(361)) - 676f4422-3246-45c7-ab40-119038ccc63a:group-2F9E869231BA set configuration 0: [676f4422-3246-45c7-ab40-119038ccc63a:192.168.11.232:41659], old=null at 0
2019-06-12 23:43:49,695 INFO  impl.FollowerState (FollowerState.java:run(101)) - 7bf565de-fdfe-4f9f-949f-75a5c22b816f:group-AF205CD8AD26 changes to CANDIDATE, lastRpcTime:1162, electionTimeout:1155ms
2019-06-12 23:43:49,712 INFO  impl.RoleInfo (RoleInfo.java:shutdownFollowerState(121)) - 7bf565de-fdfe-4f9f-949f-75a5c22b816f: shutdown FollowerState
2019-06-12 23:43:49,712 INFO  impl.FollowerState (FollowerState.java:run(101)) - d9d671ab-92f0-449d-b84b-2dfc099750a2:group-4783133B81C3 changes to CANDIDATE, lastRpcTime:1128, electionTimeout:1114ms
2019-06-12 23:43:49,712 INFO  impl.RaftServerImpl (RaftServerImpl.java:setRole(164)) - 7bf565de-fdfe-4f9f-949f-75a5c22b816f:group-AF205CD8AD26 changes role from FOLLOWER to CANDIDATE at term 0 for changeToCandidate
2019-06-12 23:43:49,713 INFO  impl.RoleInfo (RoleInfo.java:shutdownFollowerState(121)) - d9d671ab-92f0-449d-b84b-2dfc099750a2: shutdown FollowerState
2019-06-12 23:43:49,713 INFO  impl.RaftServerImpl (RaftServerImpl.java:setRole(164)) - d9d671ab-92f0-449d-b84b-2dfc099750a2:group-4783133B81C3 changes role from FOLLOWER to CANDIDATE at term 0 for changeToCandidate
2019-06-12 23:43:49,713 INFO  impl.RoleInfo (RoleInfo.java:updateAndGet(143)) - 7bf565de-fdfe-4f9f-949f-75a5c22b816f: start LeaderElection
2019-06-12 23:43:49,713 INFO  impl.RoleInfo (RoleInfo.java:updateAndGet(143)) - d9d671ab-92f0-449d-b84b-2dfc099750a2: start LeaderElection
2019-06-12 23:43:49,716 INFO  storage.RaftLogWorker (RaftLogWorker.java:execute(469)) - 676f4422-3246-45c7-ab40-119038ccc63a-RaftLogWorker: created new log segment /opt/src/hadoop-ozone/integration-test/target/test-dir/MiniOzoneClusterImpl-e6ca0132-8494-43dc-a03e-d7219afd67fc/datanode-4/data/ratis/20ff0178-7eae-49ac-be74-2f9e869231ba/current/log_inprogress_0
2019-06-12 23:43:49,719 INFO  impl.LeaderElection (LeaderElection.java:askForVotes(181)) - 7bf565de-fdfe-4f9f-949f-75a5c22b816f:group-AF205CD8AD26:LeaderElection5: begin an election at term 1 for -1: [7bf565de-fdfe-4f9f-949f-75a5c22b816f:192.168.11.232:40073], old=null
2019-06-12 23:43:49,719 INFO  impl.LeaderElection (LeaderElection.java:askForVotes(181)) - d9d671ab-92f0-449d-b84b-2dfc099750a2:group-4783133B81C3:LeaderElection6: begin an election at term 1 for -1: [7bf565de-fdfe-4f9f-949f-75a5c22b816f:192.168.11.232:40073, 8ef101a3-a22f-4c21-aa09-c42829167c7a:192.168.11.232:35617, d9d671ab-92f0-449d-b84b-2dfc099750a2:192.168.11.232:37833], old=null
2019-06-12 23:43:49,719 INFO  impl.RoleInfo (RoleInfo.java:shutdownLeaderElection(134)) - 7bf565de-fdfe-4f9f-949f-75a5c22b816f: shutdown LeaderElection
2019-06-12 23:43:49,719 INFO  impl.RaftServerImpl (RaftServerImpl.java:setRole(164)) - 7bf565de-fdfe-4f9f-949f-75a5c22b816f:group-AF205CD8AD26 changes role from CANDIDATE to LEADER at term 1 for changeToLeader
2019-06-12 23:43:49,720 INFO  impl.RaftServerImpl (ServerState.java:setLeader(263)) - 7bf565de-fdfe-4f9f-949f-75a5c22b816f:group-AF205CD8AD26 change Leader from null to 7bf565de-fdfe-4f9f-949f-75a5c22b816f at term 1 for becomeLeader, leader elected after 1188ms
2019-06-12 23:43:49,721 INFO  server.RaftServerConfigKeys (ConfUtils.java:logGet(43)) - raft.server.staging.catchup.gap = 1000 (default)
2019-06-12 23:43:49,721 INFO  server.RaftServerConfigKeys (ConfUtils.java:logGet(43)) - raft.server.rpc.sleep.time = 25ms (default)
2019-06-12 23:43:49,721 INFO  server.RaftServerConfigKeys (ConfUtils.java:logGet(43)) - raft.server.watch.timeout = 10s (default)
2019-06-12 23:43:49,721 INFO  server.RaftServerConfigKeys (ConfUtils.java:logGet(43)) - raft.server.watch.timeout.denomination = 1s (default)
2019-06-12 23:43:49,721 INFO  impl.RoleInfo (RoleInfo.java:updateAndGet(143)) - 7bf565de-fdfe-4f9f-949f-75a5c22b816f: start LeaderState
2019-06-12 23:43:49,722 INFO  storage.RaftLogWorker (RaftLogWorker.java:startLogSegment(298)) - 7bf565de-fdfe-4f9f-949f-75a5c22b816f-RaftLogWorker: Starting segment from index:0
2019-06-12 23:43:49,723 INFO  impl.RaftServerImpl (ServerState.java:setRaftConf(361)) - 7bf565de-fdfe-4f9f-949f-75a5c22b816f:group-AF205CD8AD26 set configuration 0: [7bf565de-fdfe-4f9f-949f-75a5c22b816f:192.168.11.232:40073], old=null at 0
2019-06-12 23:43:49,761 INFO  storage.RaftLogWorker (RaftLogWorker.java:execute(469)) - 7bf565de-fdfe-4f9f-949f-75a5c22b816f-RaftLogWorker: created new log segment /opt/src/hadoop-ozone/integration-test/target/test-dir/MiniOzoneClusterImpl-e6ca0132-8494-43dc-a03e-d7219afd67fc/datanode-2/data/ratis/59e7b301-7a02-4053-8852-af205cd8ad26/current/log_inprogress_0
2019-06-12 23:43:49,773 INFO  impl.FollowerState (FollowerState.java:run(101)) - 7bf565de-fdfe-4f9f-949f-75a5c22b816f:group-4783133B81C3 changes to CANDIDATE, lastRpcTime:1183, electionTimeout:1183ms
2019-06-12 23:43:49,773 INFO  impl.RoleInfo (RoleInfo.java:shutdownFollowerState(121)) - 7bf565de-fdfe-4f9f-949f-75a5c22b816f: shutdown FollowerState
2019-06-12 23:43:49,773 INFO  impl.RaftServerImpl (RaftServerImpl.java:setRole(164)) - 7bf565de-fdfe-4f9f-949f-75a5c22b816f:group-4783133B81C3 changes role from FOLLOWER to CANDIDATE at term 0 for changeToCandidate
2019-06-12 23:43:49,773 INFO  impl.RoleInfo (RoleInfo.java:updateAndGet(143)) - 7bf565de-fdfe-4f9f-949f-75a5c22b816f: start LeaderElection
2019-06-12 23:43:49,776 INFO  impl.FollowerState (FollowerState.java:run(101)) - 8ef101a3-a22f-4c21-aa09-c42829167c7a:group-4783133B81C3 changes to CANDIDATE, lastRpcTime:1201, electionTimeout:1200ms
2019-06-12 23:43:49,776 INFO  impl.RoleInfo (RoleInfo.java:shutdownFollowerState(121)) - 8ef101a3-a22f-4c21-aa09-c42829167c7a: shutdown FollowerState
2019-06-12 23:43:49,776 INFO  impl.RaftServerImpl (RaftServerImpl.java:setRole(164)) - 8ef101a3-a22f-4c21-aa09-c42829167c7a:group-4783133B81C3 changes role from FOLLOWER to CANDIDATE at term 0 for changeToCandidate
2019-06-12 23:43:49,777 INFO  impl.RoleInfo (RoleInfo.java:updateAndGet(143)) - 8ef101a3-a22f-4c21-aa09-c42829167c7a: start LeaderElection
2019-06-12 23:43:49,784 INFO  impl.LeaderElection (LeaderElection.java:askForVotes(181)) - 8ef101a3-a22f-4c21-aa09-c42829167c7a:group-4783133B81C3:LeaderElection8: begin an election at term 1 for -1: [7bf565de-fdfe-4f9f-949f-75a5c22b816f:192.168.11.232:40073, 8ef101a3-a22f-4c21-aa09-c42829167c7a:192.168.11.232:35617, d9d671ab-92f0-449d-b84b-2dfc099750a2:192.168.11.232:37833], old=null
2019-06-12 23:43:49,784 INFO  impl.LeaderElection (LeaderElection.java:askForVotes(181)) - 7bf565de-fdfe-4f9f-949f-75a5c22b816f:group-4783133B81C3:LeaderElection7: begin an election at term 1 for -1: [7bf565de-fdfe-4f9f-949f-75a5c22b816f:192.168.11.232:40073, 8ef101a3-a22f-4c21-aa09-c42829167c7a:192.168.11.232:35617, d9d671ab-92f0-449d-b84b-2dfc099750a2:192.168.11.232:37833], old=null
2019-06-12 23:43:49,803 INFO  impl.LeaderElection (LeaderElection.java:logAndReturn(56)) - d9d671ab-92f0-449d-b84b-2dfc099750a2:group-4783133B81C3:LeaderElection6: Election REJECTED; received 2 response(s) [d9d671ab-92f0-449d-b84b-2dfc099750a2->7bf565de-fdfe-4f9f-949f-75a5c22b816f,false-t1, d9d671ab-92f0-449d-b84b-2dfc099750a2->8ef101a3-a22f-4c21-aa09-c42829167c7a,false-t1] and 0 exception(s); d9d671ab-92f0-449d-b84b-2dfc099750a2:t1, leader=null, voted=d9d671ab-92f0-449d-b84b-2dfc099750a2, raftlog=d9d671ab-92f0-449d-b84b-2dfc099750a2-SegmentedRaftLog:OPENED:c-1,f-1,i0, conf=-1: [7bf565de-fdfe-4f9f-949f-75a5c22b816f:192.168.11.232:40073, 8ef101a3-a22f-4c21-aa09-c42829167c7a:192.168.11.232:35617, d9d671ab-92f0-449d-b84b-2dfc099750a2:192.168.11.232:37833], old=null
2019-06-12 23:43:49,804 INFO  impl.RaftServerImpl (RaftServerImpl.java:setRole(164)) - d9d671ab-92f0-449d-b84b-2dfc099750a2:group-4783133B81C3 changes role from CANDIDATE to FOLLOWER at term 1 for DISCOVERED_A_NEW_TERM
2019-06-12 23:43:49,804 INFO  impl.RoleInfo (RoleInfo.java:shutdownLeaderElection(134)) - d9d671ab-92f0-449d-b84b-2dfc099750a2: shutdown LeaderElection
2019-06-12 23:43:49,804 INFO  impl.RoleInfo (RoleInfo.java:updateAndGet(143)) - d9d671ab-92f0-449d-b84b-2dfc099750a2: start FollowerState
2019-06-12 23:43:49,821 INFO  ozone.MiniOzoneClusterImpl (MiniOzoneClusterImpl.java:lambda$waitForClusterToBeReady$0(142)) - Cluster is ready. Got 6 of 6 DN Heartbeats.
2019-06-12 23:43:49,823 INFO  impl.LeaderElection (LeaderElection.java:logAndReturn(56)) - 8ef101a3-a22f-4c21-aa09-c42829167c7a:group-4783133B81C3:LeaderElection8: Election REJECTED; received 2 response(s) [8ef101a3-a22f-4c21-aa09-c42829167c7a->7bf565de-fdfe-4f9f-949f-75a5c22b816f,false-t1, 8ef101a3-a22f-4c21-aa09-c42829167c7a->d9d671ab-92f0-449d-b84b-2dfc099750a2,false-t1] and 0 exception(s); 8ef101a3-a22f-4c21-aa09-c42829167c7a:t1, leader=null, voted=8ef101a3-a22f-4c21-aa09-c42829167c7a, raftlog=8ef101a3-a22f-4c21-aa09-c42829167c7a-SegmentedRaftLog:OPENED:c-1,f-1,i0, conf=-1: [7bf565de-fdfe-4f9f-949f-75a5c22b816f:192.168.11.232:40073, 8ef101a3-a22f-4c21-aa09-c42829167c7a:192.168.11.232:35617, d9d671ab-92f0-449d-b84b-2dfc099750a2:192.168.11.232:37833], old=null
2019-06-12 23:43:49,823 INFO  impl.LeaderElection (LeaderElection.java:logAndReturn(56)) - 7bf565de-fdfe-4f9f-949f-75a5c22b816f:group-4783133B81C3:LeaderElection7: Election REJECTED; received 2 response(s) [7bf565de-fdfe-4f9f-949f-75a5c22b816f->8ef101a3-a22f-4c21-aa09-c42829167c7a,false-t1, 7bf565de-fdfe-4f9f-949f-75a5c22b816f->d9d671ab-92f0-449d-b84b-2dfc099750a2,false-t1] and 0 exception(s); 7bf565de-fdfe-4f9f-949f-75a5c22b816f:t1, leader=null, voted=7bf565de-fdfe-4f9f-949f-75a5c22b816f, raftlog=7bf565de-fdfe-4f9f-949f-75a5c22b816f-SegmentedRaftLog:OPENED:c-1,f-1,i0, conf=-1: [7bf565de-fdfe-4f9f-949f-75a5c22b816f:192.168.11.232:40073, 8ef101a3-a22f-4c21-aa09-c42829167c7a:192.168.11.232:35617, d9d671ab-92f0-449d-b84b-2dfc099750a2:192.168.11.232:37833], old=null
2019-06-12 23:43:49,823 INFO  impl.RaftServerImpl (RaftServerImpl.java:setRole(164)) - 8ef101a3-a22f-4c21-aa09-c42829167c7a:group-4783133B81C3 changes role from CANDIDATE to FOLLOWER at term 1 for DISCOVERED_A_NEW_TERM
2019-06-12 23:43:49,824 INFO  impl.RaftServerImpl (RaftServerImpl.java:setRole(164)) - 7bf565de-fdfe-4f9f-949f-75a5c22b816f:group-4783133B81C3 changes role from CANDIDATE to FOLLOWER at term 1 for DISCOVERED_A_NEW_TERM
2019-06-12 23:43:49,829 INFO  impl.RoleInfo (RoleInfo.java:shutdownLeaderElection(134)) - 8ef101a3-a22f-4c21-aa09-c42829167c7a: shutdown LeaderElection
2019-06-12 23:43:49,830 INFO  impl.RoleInfo (RoleInfo.java:shutdownLeaderElection(134)) - 7bf565de-fdfe-4f9f-949f-75a5c22b816f: shutdown LeaderElection
2019-06-12 23:43:49,830 INFO  impl.RoleInfo (RoleInfo.java:updateAndGet(143)) - 8ef101a3-a22f-4c21-aa09-c42829167c7a: start FollowerState
2019-06-12 23:43:49,830 INFO  impl.RoleInfo (RoleInfo.java:updateAndGet(143)) - 7bf565de-fdfe-4f9f-949f-75a5c22b816f: start FollowerState
]]></system-out>
    <system-err><![CDATA[ERROR StatusLogger No Log4j 2 configuration file found. Using default configuration (logging only errors to the console), or user programmatically provided configurations. Set system property 'log4j2.debug' to show Log4j 2 internal initialization logging. See https://logging.apache.org/log4j/2.x/manual/configuration.html for instructions on how to configure Log4j 2
Jun 12, 2019 11:43:43 PM com.sun.jersey.server.impl.application.WebApplicationImpl _initiate
INFO: Initiating Jersey application, version 'Jersey: 1.19 02/11/2015 03:25 AM'
Jun 12, 2019 11:43:43 PM com.sun.jersey.server.impl.application.WebApplicationImpl _initiate
INFO: Initiating Jersey application, version 'Jersey: 1.19 02/11/2015 03:25 AM'
Jun 12, 2019 11:43:44 PM com.sun.jersey.server.impl.application.WebApplicationImpl _initiate
INFO: Initiating Jersey application, version 'Jersey: 1.19 02/11/2015 03:25 AM'
Jun 12, 2019 11:43:44 PM com.sun.jersey.server.impl.application.WebApplicationImpl _initiate
INFO: Initiating Jersey application, version 'Jersey: 1.19 02/11/2015 03:25 AM'
Jun 12, 2019 11:43:44 PM com.sun.jersey.server.impl.application.WebApplicationImpl _initiate
INFO: Initiating Jersey application, version 'Jersey: 1.19 02/11/2015 03:25 AM'
Jun 12, 2019 11:43:44 PM com.sun.jersey.server.impl.application.WebApplicationImpl _initiate
INFO: Initiating Jersey application, version 'Jersey: 1.19 02/11/2015 03:25 AM'
]]></system-err>
  </testcase>
</testsuite>