<?xml version="1.0" encoding="UTF-8"?>
<testsuite xmlns:xsi="http://www.w3.org/2001/XMLSchema-instance" xsi:noNamespaceSchemaLocation="https://maven.apache.org/surefire/maven-surefire-plugin/xsd/surefire-test-report.xsd" name="org.apache.hadoop.ozone.client.rpc.TestFailureHandlingByClient" time="139.389" tests="7" errors="0" skipped="0" failures="1">
  <properties>
    <property name="awt.toolkit" value="sun.awt.X11.XToolkit"/>
    <property name="file.encoding.pkg" value="sun.io"/>
    <property name="java.specification.version" value="1.8"/>
    <property name="sun.cpu.isalist" value=""/>
    <property name="sun.jnu.encoding" value="UTF-8"/>
    <property name="java.class.path" value="/opt/src/hadoop-ozone/integration-test/target/test-classes:/opt/src/hadoop-ozone/integration-test/target/classes:/root/.m2/repository/org/apache/hadoop/hadoop-ozone-common/0.5.0-SNAPSHOT/hadoop-ozone-common-0.5.0-SNAPSHOT.jar:/root/.m2/repository/org/apache/commons/commons-compress/1.4.1/commons-compress-1.4.1.jar:/root/.m2/repository/org/tukaani/xz/1.0/xz-1.0.jar:/root/.m2/repository/org/apache/hadoop/hadoop-common/3.2.0/hadoop-common-3.2.0.jar:/root/.m2/repository/org/apache/hadoop/hadoop-hdfs/3.2.0/hadoop-hdfs-3.2.0.jar:/root/.m2/repository/org/apache/hadoop/hadoop-hdfs-client/3.2.0/hadoop-hdfs-client-3.2.0.jar:/root/.m2/repository/com/fasterxml/jackson/core/jackson-annotations/2.9.5/jackson-annotations-2.9.5.jar:/root/.m2/repository/org/apache/hadoop/hadoop-hdds-common/0.5.0-SNAPSHOT/hadoop-hdds-common-0.5.0-SNAPSHOT.jar:/root/.m2/repository/javax/annotation/javax.annotation-api/1.2/javax.annotation-api-1.2.jar:/root/.m2/repository/org/apache/ratis/ratis-server/0.4.0-fe2b15d-SNAPSHOT/ratis-server-0.4.0-fe2b15d-SNAPSHOT.jar:/root/.m2/repository/org/apache/ratis/ratis-thirdparty-misc/0.2.0/ratis-thirdparty-misc-0.2.0.jar:/root/.m2/repository/org/apache/ratis/ratis-proto/0.4.0-fe2b15d-SNAPSHOT/ratis-proto-0.4.0-fe2b15d-SNAPSHOT.jar:/root/.m2/repository/org/apache/ratis/ratis-common/0.4.0-fe2b15d-SNAPSHOT/ratis-common-0.4.0-fe2b15d-SNAPSHOT.jar:/root/.m2/repository/org/apache/ratis/ratis-client/0.4.0-fe2b15d-SNAPSHOT/ratis-client-0.4.0-fe2b15d-SNAPSHOT.jar:/root/.m2/repository/org/apache/ratis/ratis-netty/0.4.0-fe2b15d-SNAPSHOT/ratis-netty-0.4.0-fe2b15d-SNAPSHOT.jar:/root/.m2/repository/org/apache/ratis/ratis-grpc/0.4.0-fe2b15d-SNAPSHOT/ratis-grpc-0.4.0-fe2b15d-SNAPSHOT.jar:/root/.m2/repository/org/rocksdb/rocksdbjni/5.14.2/rocksdbjni-5.14.2.jar:/root/.m2/repository/org/apache/logging/log4j/log4j-api/2.11.0/log4j-api-2.11.0.jar:/root/.m2/repository/org/apache/logging/log4j/log4j-core/2.11.0/log4j-core-2.11.0.jar:/root/.m2/repository/com/lmax/disruptor/3.4.2/disruptor-3.4.2.jar:/root/.m2/repository/org/apache/commons/commons-pool2/2.6.0/commons-pool2-2.6.0.jar:/root/.m2/repository/org/bouncycastle/bcpkix-jdk15on/1.60/bcpkix-jdk15on-1.60.jar:/root/.m2/repository/commons-validator/commons-validator/1.6/commons-validator-1.6.jar:/root/.m2/repository/commons-digester/commons-digester/1.8.1/commons-digester-1.8.1.jar:/root/.m2/repository/io/jaegertracing/jaeger-client/0.33.1/jaeger-client-0.33.1.jar:/root/.m2/repository/io/jaegertracing/jaeger-thrift/0.33.1/jaeger-thrift-0.33.1.jar:/root/.m2/repository/org/apache/thrift/libthrift/0.11.0/libthrift-0.11.0.jar:/root/.m2/repository/com/squareup/okhttp3/okhttp/3.9.0/okhttp-3.9.0.jar:/root/.m2/repository/com/squareup/okio/okio/1.13.0/okio-1.13.0.jar:/root/.m2/repository/io/jaegertracing/jaeger-core/0.33.1/jaeger-core-0.33.1.jar:/root/.m2/repository/io/jaegertracing/jaeger-tracerresolver/0.33.1/jaeger-tracerresolver-0.33.1.jar:/root/.m2/repository/io/opentracing/contrib/opentracing-tracerresolver/0.1.5/opentracing-tracerresolver-0.1.5.jar:/root/.m2/repository/io/opentracing/opentracing-util/0.31.0/opentracing-util-0.31.0.jar:/root/.m2/repository/io/opentracing/opentracing-api/0.31.0/opentracing-api-0.31.0.jar:/root/.m2/repository/io/opentracing/opentracing-noop/0.31.0/opentracing-noop-0.31.0.jar:/root/.m2/repository/org/apache/hadoop/hadoop-hdds-server-framework/0.5.0-SNAPSHOT/hadoop-hdds-server-framework-0.5.0-SNAPSHOT.jar:/root/.m2/repository/org/apache/hadoop/hadoop-hdds-server-scm/0.5.0-SNAPSHOT/hadoop-hdds-server-scm-0.5.0-SNAPSHOT.jar:/root/.m2/repository/org/apache/hadoop/hadoop-hdds-container-service/0.5.0-SNAPSHOT/hadoop-hdds-container-service-0.5.0-SNAPSHOT.jar:/root/.m2/repository/org/apache/hadoop/hadoop-hdds-client/0.5.0-SNAPSHOT/hadoop-hdds-client-0.5.0-SNAPSHOT.jar:/root/.m2/repository/org/apache/hadoop/hadoop-hdds-tools/0.5.0-SNAPSHOT/hadoop-hdds-tools-0.5.0-SNAPSHOT.jar:/root/.m2/repository/org/apache/hadoop/hadoop-ozone-ozone-manager/0.5.0-SNAPSHOT/hadoop-ozone-ozone-manager-0.5.0-SNAPSHOT.jar:/root/.m2/repository/org/apache/hadoop/hadoop-hdds-docs/0.5.0-SNAPSHOT/hadoop-hdds-docs-0.5.0-SNAPSHOT.jar:/root/.m2/repository/org/bouncycastle/bcprov-jdk15on/1.60/bcprov-jdk15on-1.60.jar:/root/.m2/repository/org/apache/hadoop/hadoop-minikdc/3.2.0/hadoop-minikdc-3.2.0.jar:/root/.m2/repository/commons-io/commons-io/2.5/commons-io-2.5.jar:/root/.m2/repository/org/apache/kerby/kerb-simplekdc/1.0.1/kerb-simplekdc-1.0.1.jar:/root/.m2/repository/org/apache/kerby/kerb-client/1.0.1/kerb-client-1.0.1.jar:/root/.m2/repository/org/apache/kerby/kerby-config/1.0.1/kerby-config-1.0.1.jar:/root/.m2/repository/org/apache/kerby/kerb-core/1.0.1/kerb-core-1.0.1.jar:/root/.m2/repository/org/apache/kerby/kerby-pkix/1.0.1/kerby-pkix-1.0.1.jar:/root/.m2/repository/org/apache/kerby/kerby-asn1/1.0.1/kerby-asn1-1.0.1.jar:/root/.m2/repository/org/apache/kerby/kerby-util/1.0.1/kerby-util-1.0.1.jar:/root/.m2/repository/org/apache/kerby/kerb-common/1.0.1/kerb-common-1.0.1.jar:/root/.m2/repository/org/apache/kerby/kerb-crypto/1.0.1/kerb-crypto-1.0.1.jar:/root/.m2/repository/org/apache/kerby/kerb-util/1.0.1/kerb-util-1.0.1.jar:/root/.m2/repository/org/apache/kerby/token-provider/1.0.1/token-provider-1.0.1.jar:/root/.m2/repository/org/apache/kerby/kerb-admin/1.0.1/kerb-admin-1.0.1.jar:/root/.m2/repository/org/apache/kerby/kerb-server/1.0.1/kerb-server-1.0.1.jar:/root/.m2/repository/org/apache/kerby/kerb-identity/1.0.1/kerb-identity-1.0.1.jar:/root/.m2/repository/org/apache/kerby/kerby-xdr/1.0.1/kerby-xdr-1.0.1.jar:/root/.m2/repository/org/slf4j/slf4j-log4j12/1.7.25/slf4j-log4j12-1.7.25.jar:/root/.m2/repository/org/apache/hadoop/hadoop-ozone-objectstore-service/0.5.0-SNAPSHOT/hadoop-ozone-objectstore-service-0.5.0-SNAPSHOT.jar:/root/.m2/repository/org/apache/hadoop/hadoop-ozone-s3gateway/0.5.0-SNAPSHOT/hadoop-ozone-s3gateway-0.5.0-SNAPSHOT.jar:/root/.m2/repository/org/jboss/weld/servlet/weld-servlet/2.4.7.Final/weld-servlet-2.4.7.Final.jar:/root/.m2/repository/org/glassfish/jersey/containers/jersey-container-servlet-core/2.27/jersey-container-servlet-core-2.27.jar:/root/.m2/repository/org/glassfish/hk2/external/javax.inject/2.5.0-b42/javax.inject-2.5.0-b42.jar:/root/.m2/repository/org/glassfish/jersey/core/jersey-common/2.27/jersey-common-2.27.jar:/root/.m2/repository/org/glassfish/hk2/osgi-resource-locator/1.0.1/osgi-resource-locator-1.0.1.jar:/root/.m2/repository/javax/ws/rs/javax.ws.rs-api/2.1/javax.ws.rs-api-2.1.jar:/root/.m2/repository/org/glassfish/jersey/ext/cdi/jersey-cdi1x/2.27/jersey-cdi1x-2.27.jar:/root/.m2/repository/org/glassfish/jersey/inject/jersey-hk2/2.27/jersey-hk2-2.27.jar:/root/.m2/repository/org/glassfish/hk2/hk2-locator/2.5.0-b42/hk2-locator-2.5.0-b42.jar:/root/.m2/repository/org/javassist/javassist/3.22.0-CR2/javassist-3.22.0-CR2.jar:/root/.m2/repository/org/glassfish/hk2/hk2-api/2.5.0/hk2-api-2.5.0.jar:/root/.m2/repository/org/glassfish/hk2/external/jakarta.inject/2.5.0/jakarta.inject-2.5.0.jar:/root/.m2/repository/org/glassfish/hk2/hk2-utils/2.5.0/hk2-utils-2.5.0.jar:/root/.m2/repository/jakarta/annotation/jakarta.annotation-api/1.3.4/jakarta.annotation-api-1.3.4.jar:/root/.m2/repository/org/glassfish/hk2/external/aopalliance-repackaged/2.5.0/aopalliance-repackaged-2.5.0.jar:/root/.m2/repository/com/fasterxml/jackson/dataformat/jackson-dataformat-xml/2.9.0/jackson-dataformat-xml-2.9.0.jar:/root/.m2/repository/com/fasterxml/jackson/core/jackson-core/2.9.5/jackson-core-2.9.5.jar:/root/.m2/repository/com/fasterxml/jackson/module/jackson-module-jaxb-annotations/2.9.5/jackson-module-jaxb-annotations-2.9.5.jar:/root/.m2/repository/javax/enterprise/cdi-api/1.2/cdi-api-1.2.jar:/root/.m2/repository/javax/el/javax.el-api/3.0.0/javax.el-api-3.0.0.jar:/root/.m2/repository/javax/interceptor/javax.interceptor-api/1.2/javax.interceptor-api-1.2.jar:/root/.m2/repository/javax/inject/javax.inject/1/javax.inject-1.jar:/root/.m2/repository/com/sun/xml/bind/jaxb-impl/2.3.0.1/jaxb-impl-2.3.0.1.jar:/root/.m2/repository/com/sun/xml/bind/jaxb-core/2.3.0.1/jaxb-core-2.3.0.1.jar:/root/.m2/repository/javax/xml/bind/jaxb-api/2.3.0/jaxb-api-2.3.0.jar:/root/.m2/repository/javax/activation/activation/1.1.1/activation-1.1.1.jar:/root/.m2/repository/org/apache/hadoop/hadoop-ozone-csi/0.5.0-SNAPSHOT/hadoop-ozone-csi-0.5.0-SNAPSHOT.jar:/root/.m2/repository/com/google/protobuf/protobuf-java-util/3.5.1/protobuf-java-util-3.5.1.jar:/root/.m2/repository/org/apache/hadoop/hadoop-hdds-config/0.5.0-SNAPSHOT/hadoop-hdds-config-0.5.0-SNAPSHOT.jar:/root/.m2/repository/com/google/guava/guava/11.0.2/guava-11.0.2.jar:/root/.m2/repository/com/google/protobuf/protobuf-java/2.5.0/protobuf-java-2.5.0.jar:/root/.m2/repository/io/grpc/grpc-netty/1.17.1/grpc-netty-1.17.1.jar:/root/.m2/repository/io/grpc/grpc-core/1.17.1/grpc-core-1.17.1.jar:/root/.m2/repository/io/grpc/grpc-context/1.17.1/grpc-context-1.17.1.jar:/root/.m2/repository/com/google/errorprone/error_prone_annotations/2.2.0/error_prone_annotations-2.2.0.jar:/root/.m2/repository/org/codehaus/mojo/animal-sniffer-annotations/1.17/animal-sniffer-annotations-1.17.jar:/root/.m2/repository/io/opencensus/opencensus-api/0.17.0/opencensus-api-0.17.0.jar:/root/.m2/repository/io/opencensus/opencensus-contrib-grpc-metrics/0.17.0/opencensus-contrib-grpc-metrics-0.17.0.jar:/root/.m2/repository/io/netty/netty-codec-http2/4.1.30.Final/netty-codec-http2-4.1.30.Final.jar:/root/.m2/repository/io/netty/netty-codec-http/4.1.30.Final/netty-codec-http-4.1.30.Final.jar:/root/.m2/repository/io/netty/netty-codec/4.1.30.Final/netty-codec-4.1.30.Final.jar:/root/.m2/repository/io/netty/netty-handler/4.1.30.Final/netty-handler-4.1.30.Final.jar:/root/.m2/repository/io/netty/netty-handler-proxy/4.1.30.Final/netty-handler-proxy-4.1.30.Final.jar:/root/.m2/repository/io/netty/netty-codec-socks/4.1.30.Final/netty-codec-socks-4.1.30.Final.jar:/root/.m2/repository/io/netty/netty-transport-native-epoll/4.1.30.Final/netty-transport-native-epoll-4.1.30.Final.jar:/root/.m2/repository/io/netty/netty-common/4.1.30.Final/netty-common-4.1.30.Final.jar:/root/.m2/repository/io/netty/netty-buffer/4.1.30.Final/netty-buffer-4.1.30.Final.jar:/root/.m2/repository/io/netty/netty-transport/4.1.30.Final/netty-transport-4.1.30.Final.jar:/root/.m2/repository/io/netty/netty-resolver/4.1.30.Final/netty-resolver-4.1.30.Final.jar:/root/.m2/repository/io/netty/netty-transport-native-unix-common/4.1.30.Final/netty-transport-native-unix-common-4.1.30.Final.jar:/root/.m2/repository/io/grpc/grpc-protobuf/1.17.1/grpc-protobuf-1.17.1.jar:/root/.m2/repository/com/google/api/grpc/proto-google-common-protos/1.0.0/proto-google-common-protos-1.0.0.jar:/root/.m2/repository/io/grpc/grpc-protobuf-lite/1.17.1/grpc-protobuf-lite-1.17.1.jar:/root/.m2/repository/io/grpc/grpc-stub/1.17.1/grpc-stub-1.17.1.jar:/root/.m2/repository/org/apache/hadoop/hadoop-ozone-recon/0.5.0-SNAPSHOT/hadoop-ozone-recon-0.5.0-SNAPSHOT.jar:/root/.m2/repository/org/apache/hadoop/hadoop-ozone-reconcodegen/0.5.0-SNAPSHOT/hadoop-ozone-reconcodegen-0.5.0-SNAPSHOT.jar:/root/.m2/repository/com/google/inject/extensions/guice-multibindings/4.0/guice-multibindings-4.0.jar:/root/.m2/repository/com/google/inject/guice/4.0/guice-4.0.jar:/root/.m2/repository/aopalliance/aopalliance/1.0/aopalliance-1.0.jar:/root/.m2/repository/com/google/inject/extensions/guice-servlet/4.0/guice-servlet-4.0.jar:/root/.m2/repository/org/glassfish/jersey/containers/jersey-container-servlet/2.27/jersey-container-servlet-2.27.jar:/root/.m2/repository/org/glassfish/hk2/guice-bridge/2.5.0/guice-bridge-2.5.0.jar:/root/.m2/repository/org/glassfish/jersey/core/jersey-server/2.27/jersey-server-2.27.jar:/root/.m2/repository/org/glassfish/jersey/core/jersey-client/2.27/jersey-client-2.27.jar:/root/.m2/repository/org/glassfish/jersey/media/jersey-media-jaxb/2.27/jersey-media-jaxb-2.27.jar:/root/.m2/repository/javax/validation/validation-api/1.1.0.Final/validation-api-1.1.0.Final.jar:/root/.m2/repository/org/glassfish/jersey/media/jersey-media-json-jackson/2.27/jersey-media-json-jackson-2.27.jar:/root/.m2/repository/org/glassfish/jersey/ext/jersey-entity-filtering/2.27/jersey-entity-filtering-2.27.jar:/root/.m2/repository/com/google/inject/extensions/guice-assistedinject/4.0/guice-assistedinject-4.0.jar:/root/.m2/repository/org/jooq/jooq/3.11.10/jooq-3.11.10.jar:/root/.m2/repository/org/jooq/jooq-meta/3.11.10/jooq-meta-3.11.10.jar:/root/.m2/repository/org/jooq/jooq-codegen/3.11.10/jooq-codegen-3.11.10.jar:/root/.m2/repository/com/jolbox/bonecp/0.8.0.RELEASE/bonecp-0.8.0.RELEASE.jar:/root/.m2/repository/org/xerial/sqlite-jdbc/3.25.2/sqlite-jdbc-3.25.2.jar:/root/.m2/repository/org/springframework/spring-jdbc/5.1.3.RELEASE/spring-jdbc-5.1.3.RELEASE.jar:/root/.m2/repository/org/springframework/spring-beans/5.1.3.RELEASE/spring-beans-5.1.3.RELEASE.jar:/root/.m2/repository/org/springframework/spring-core/5.1.3.RELEASE/spring-core-5.1.3.RELEASE.jar:/root/.m2/repository/org/springframework/spring-jcl/5.1.3.RELEASE/spring-jcl-5.1.3.RELEASE.jar:/root/.m2/repository/org/springframework/spring-tx/5.1.3.RELEASE/spring-tx-5.1.3.RELEASE.jar:/root/.m2/repository/org/apache/hadoop/hadoop-ozone-client/0.5.0-SNAPSHOT/hadoop-ozone-client-0.5.0-SNAPSHOT.jar:/root/.m2/repository/org/apache/hadoop/hadoop-ozone-ozone-manager/0.5.0-SNAPSHOT/hadoop-ozone-ozone-manager-0.5.0-SNAPSHOT-tests.jar:/root/.m2/repository/junit/junit/4.11/junit-4.11.jar:/root/.m2/repository/org/hamcrest/hamcrest-core/1.3/hamcrest-core-1.3.jar:/root/.m2/repository/org/openjdk/jmh/jmh-core/1.19/jmh-core-1.19.jar:/root/.m2/repository/net/sf/jopt-simple/jopt-simple/4.6/jopt-simple-4.6.jar:/root/.m2/repository/org/apache/commons/commons-math3/3.1.1/commons-math3-3.1.1.jar:/root/.m2/repository/org/openjdk/jmh/jmh-generator-annprocess/1.19/jmh-generator-annprocess-1.19.jar:/root/.m2/repository/org/mockito/mockito-all/1.8.5/mockito-all-1.8.5.jar:/root/.m2/repository/org/apache/hadoop/hadoop-kms/3.2.0/hadoop-kms-3.2.0.jar:/root/.m2/repository/org/apache/hadoop/hadoop-auth/3.2.0/hadoop-auth-3.2.0.jar:/root/.m2/repository/com/nimbusds/nimbus-jose-jwt/4.41.1/nimbus-jose-jwt-4.41.1.jar:/root/.m2/repository/com/github/stephenc/jcip/jcip-annotations/1.0-1/jcip-annotations-1.0-1.jar:/root/.m2/repository/net/minidev/json-smart/2.3/json-smart-2.3.jar:/root/.m2/repository/net/minidev/accessors-smart/1.2/accessors-smart-1.2.jar:/root/.m2/repository/org/ow2/asm/asm/5.0.4/asm-5.0.4.jar:/root/.m2/repository/org/apache/curator/curator-framework/2.12.0/curator-framework-2.12.0.jar:/root/.m2/repository/com/sun/jersey/jersey-core/1.19/jersey-core-1.19.jar:/root/.m2/repository/javax/ws/rs/jsr311-api/1.1.1/jsr311-api-1.1.1.jar:/root/.m2/repository/com/sun/jersey/jersey-server/1.19/jersey-server-1.19.jar:/root/.m2/repository/javax/servlet/javax.servlet-api/3.1.0/javax.servlet-api-3.1.0.jar:/root/.m2/repository/org/eclipse/jetty/jetty-server/9.3.24.v20180605/jetty-server-9.3.24.v20180605.jar:/root/.m2/repository/org/eclipse/jetty/jetty-http/9.3.24.v20180605/jetty-http-9.3.24.v20180605.jar:/root/.m2/repository/org/eclipse/jetty/jetty-io/9.3.24.v20180605/jetty-io-9.3.24.v20180605.jar:/root/.m2/repository/org/eclipse/jetty/jetty-webapp/9.3.24.v20180605/jetty-webapp-9.3.24.v20180605.jar:/root/.m2/repository/org/eclipse/jetty/jetty-xml/9.3.24.v20180605/jetty-xml-9.3.24.v20180605.jar:/root/.m2/repository/log4j/log4j/1.2.17/log4j-1.2.17.jar:/root/.m2/repository/org/slf4j/slf4j-api/1.7.25/slf4j-api-1.7.25.jar:/root/.m2/repository/org/slf4j/jul-to-slf4j/1.7.25/jul-to-slf4j-1.7.25.jar:/root/.m2/repository/org/eclipse/jetty/jetty-util/9.3.24.v20180605/jetty-util-9.3.24.v20180605.jar:/root/.m2/repository/io/dropwizard/metrics/metrics-core/3.2.4/metrics-core-3.2.4.jar:/root/.m2/repository/com/fasterxml/jackson/core/jackson-databind/2.9.5/jackson-databind-2.9.5.jar:/root/.m2/repository/org/apache/hadoop/hadoop-kms/3.2.0/hadoop-kms-3.2.0-tests.jar:/root/.m2/repository/org/apache/hadoop/hadoop-hdds-server-scm/0.5.0-SNAPSHOT/hadoop-hdds-server-scm-0.5.0-SNAPSHOT-tests.jar:/root/.m2/repository/org/hamcrest/hamcrest-all/1.3/hamcrest-all-1.3.jar:/root/.m2/repository/info/picocli/picocli/3.9.6/picocli-3.9.6.jar:/root/.m2/repository/org/apache/hadoop/hadoop-hdds-container-service/0.5.0-SNAPSHOT/hadoop-hdds-container-service-0.5.0-SNAPSHOT-tests.jar:/root/.m2/repository/org/yaml/snakeyaml/1.16/snakeyaml-1.16.jar:/root/.m2/repository/org/apache/hadoop/hadoop-common/3.2.0/hadoop-common-3.2.0-tests.jar:/root/.m2/repository/org/apache/hadoop/hadoop-annotations/3.2.0/hadoop-annotations-3.2.0.jar:/usr/lib/jvm/java-1.8-openjdk/jre/../lib/tools.jar:/root/.m2/repository/commons-cli/commons-cli/1.2/commons-cli-1.2.jar:/root/.m2/repository/org/apache/httpcomponents/httpclient/4.5.2/httpclient-4.5.2.jar:/root/.m2/repository/org/apache/httpcomponents/httpcore/4.4.4/httpcore-4.4.4.jar:/root/.m2/repository/commons-codec/commons-codec/1.11/commons-codec-1.11.jar:/root/.m2/repository/commons-net/commons-net/3.6/commons-net-3.6.jar:/root/.m2/repository/commons-collections/commons-collections/3.2.2/commons-collections-3.2.2.jar:/root/.m2/repository/org/eclipse/jetty/jetty-servlet/9.3.24.v20180605/jetty-servlet-9.3.24.v20180605.jar:/root/.m2/repository/org/eclipse/jetty/jetty-security/9.3.24.v20180605/jetty-security-9.3.24.v20180605.jar:/root/.m2/repository/javax/servlet/jsp/jsp-api/2.1/jsp-api-2.1.jar:/root/.m2/repository/com/sun/jersey/jersey-servlet/1.19/jersey-servlet-1.19.jar:/root/.m2/repository/com/sun/jersey/jersey-json/1.19/jersey-json-1.19.jar:/root/.m2/repository/org/codehaus/jettison/jettison/1.1/jettison-1.1.jar:/root/.m2/repository/org/codehaus/jackson/jackson-core-asl/1.9.13/jackson-core-asl-1.9.13.jar:/root/.m2/repository/org/codehaus/jackson/jackson-mapper-asl/1.9.13/jackson-mapper-asl-1.9.13.jar:/root/.m2/repository/org/codehaus/jackson/jackson-jaxrs/1.9.13/jackson-jaxrs-1.9.13.jar:/root/.m2/repository/org/codehaus/jackson/jackson-xc/1.9.13/jackson-xc-1.9.13.jar:/root/.m2/repository/commons-logging/commons-logging/1.1.3/commons-logging-1.1.3.jar:/root/.m2/repository/commons-beanutils/commons-beanutils/1.9.3/commons-beanutils-1.9.3.jar:/root/.m2/repository/org/apache/commons/commons-configuration2/2.1.1/commons-configuration2-2.1.1.jar:/root/.m2/repository/org/apache/commons/commons-lang3/3.7/commons-lang3-3.7.jar:/root/.m2/repository/org/apache/commons/commons-text/1.4/commons-text-1.4.jar:/root/.m2/repository/org/apache/avro/avro/1.7.7/avro-1.7.7.jar:/root/.m2/repository/com/thoughtworks/paranamer/paranamer/2.3/paranamer-2.3.jar:/root/.m2/repository/org/xerial/snappy/snappy-java/1.0.5/snappy-java-1.0.5.jar:/root/.m2/repository/com/google/re2j/re2j/1.1/re2j-1.1.jar:/root/.m2/repository/com/google/code/gson/gson/2.2.4/gson-2.2.4.jar:/root/.m2/repository/com/jcraft/jsch/0.1.54/jsch-0.1.54.jar:/root/.m2/repository/org/apache/curator/curator-client/2.12.0/curator-client-2.12.0.jar:/root/.m2/repository/org/apache/curator/curator-recipes/2.12.0/curator-recipes-2.12.0.jar:/root/.m2/repository/com/google/code/findbugs/jsr305/3.0.0/jsr305-3.0.0.jar:/root/.m2/repository/org/apache/htrace/htrace-core4/4.1.0-incubating/htrace-core4-4.1.0-incubating.jar:/root/.m2/repository/org/apache/zookeeper/zookeeper/3.4.13/zookeeper-3.4.13.jar:/root/.m2/repository/org/apache/yetus/audience-annotations/0.5.0/audience-annotations-0.5.0.jar:/root/.m2/repository/org/codehaus/woodstox/stax2-api/3.1.4/stax2-api-3.1.4.jar:/root/.m2/repository/com/fasterxml/woodstox/woodstox-core/5.0.3/woodstox-core-5.0.3.jar:/root/.m2/repository/dnsjava/dnsjava/2.1.7/dnsjava-2.1.7.jar:/root/.m2/repository/org/apache/hadoop/hadoop-hdfs/3.2.0/hadoop-hdfs-3.2.0-tests.jar:/root/.m2/repository/org/eclipse/jetty/jetty-util-ajax/9.3.24.v20180605/jetty-util-ajax-9.3.24.v20180605.jar:/root/.m2/repository/commons-daemon/commons-daemon/1.0.13/commons-daemon-1.0.13.jar:/root/.m2/repository/io/netty/netty/3.10.5.Final/netty-3.10.5.Final.jar:/root/.m2/repository/io/netty/netty-all/4.0.52.Final/netty-all-4.0.52.Final.jar:/root/.m2/repository/org/fusesource/leveldbjni/leveldbjni-all/1.8/leveldbjni-all-1.8.jar:"/>
    <property name="java.vm.vendor" value="IcedTea"/>
    <property name="sun.arch.data.model" value="64"/>
    <property name="test.build.dir" value="/opt/src/hadoop-ozone/integration-test/target/test-dir"/>
    <property name="test.cache.data" value=""/>
    <property name="java.vendor.url" value="https://icedtea.classpath.org"/>
    <property name="user.timezone" value=""/>
    <property name="java.vm.specification.version" value="1.8"/>
    <property name="os.name" value="Linux"/>
    <property name="test.build.data" value="/opt/src/hadoop-ozone/integration-test/target/test-dir"/>
    <property name="user.country" value="US"/>
    <property name="sun.java.launcher" value="SUN_STANDARD"/>
    <property name="sun.boot.library.path" value="/usr/lib/jvm/java-1.8-openjdk/jre/lib/amd64"/>
    <property name="sun.java.command" value="/opt/src/hadoop-ozone/integration-test/target/surefire/surefirebooter7722330426220962337.jar /opt/src/hadoop-ozone/integration-test/target/surefire 2019-06-12T19-38-46_123-jvmRun1 surefire9201660504162247545tmp surefire_126101757890537552939tmp"/>
    <property name="surefire.test.class.path" value="/opt/src/hadoop-ozone/integration-test/target/test-classes:/opt/src/hadoop-ozone/integration-test/target/classes:/root/.m2/repository/org/apache/hadoop/hadoop-ozone-common/0.5.0-SNAPSHOT/hadoop-ozone-common-0.5.0-SNAPSHOT.jar:/root/.m2/repository/org/apache/commons/commons-compress/1.4.1/commons-compress-1.4.1.jar:/root/.m2/repository/org/tukaani/xz/1.0/xz-1.0.jar:/root/.m2/repository/org/apache/hadoop/hadoop-common/3.2.0/hadoop-common-3.2.0.jar:/root/.m2/repository/org/apache/hadoop/hadoop-hdfs/3.2.0/hadoop-hdfs-3.2.0.jar:/root/.m2/repository/org/apache/hadoop/hadoop-hdfs-client/3.2.0/hadoop-hdfs-client-3.2.0.jar:/root/.m2/repository/com/fasterxml/jackson/core/jackson-annotations/2.9.5/jackson-annotations-2.9.5.jar:/root/.m2/repository/org/apache/hadoop/hadoop-hdds-common/0.5.0-SNAPSHOT/hadoop-hdds-common-0.5.0-SNAPSHOT.jar:/root/.m2/repository/javax/annotation/javax.annotation-api/1.2/javax.annotation-api-1.2.jar:/root/.m2/repository/org/apache/ratis/ratis-server/0.4.0-fe2b15d-SNAPSHOT/ratis-server-0.4.0-fe2b15d-SNAPSHOT.jar:/root/.m2/repository/org/apache/ratis/ratis-thirdparty-misc/0.2.0/ratis-thirdparty-misc-0.2.0.jar:/root/.m2/repository/org/apache/ratis/ratis-proto/0.4.0-fe2b15d-SNAPSHOT/ratis-proto-0.4.0-fe2b15d-SNAPSHOT.jar:/root/.m2/repository/org/apache/ratis/ratis-common/0.4.0-fe2b15d-SNAPSHOT/ratis-common-0.4.0-fe2b15d-SNAPSHOT.jar:/root/.m2/repository/org/apache/ratis/ratis-client/0.4.0-fe2b15d-SNAPSHOT/ratis-client-0.4.0-fe2b15d-SNAPSHOT.jar:/root/.m2/repository/org/apache/ratis/ratis-netty/0.4.0-fe2b15d-SNAPSHOT/ratis-netty-0.4.0-fe2b15d-SNAPSHOT.jar:/root/.m2/repository/org/apache/ratis/ratis-grpc/0.4.0-fe2b15d-SNAPSHOT/ratis-grpc-0.4.0-fe2b15d-SNAPSHOT.jar:/root/.m2/repository/org/rocksdb/rocksdbjni/5.14.2/rocksdbjni-5.14.2.jar:/root/.m2/repository/org/apache/logging/log4j/log4j-api/2.11.0/log4j-api-2.11.0.jar:/root/.m2/repository/org/apache/logging/log4j/log4j-core/2.11.0/log4j-core-2.11.0.jar:/root/.m2/repository/com/lmax/disruptor/3.4.2/disruptor-3.4.2.jar:/root/.m2/repository/org/apache/commons/commons-pool2/2.6.0/commons-pool2-2.6.0.jar:/root/.m2/repository/org/bouncycastle/bcpkix-jdk15on/1.60/bcpkix-jdk15on-1.60.jar:/root/.m2/repository/commons-validator/commons-validator/1.6/commons-validator-1.6.jar:/root/.m2/repository/commons-digester/commons-digester/1.8.1/commons-digester-1.8.1.jar:/root/.m2/repository/io/jaegertracing/jaeger-client/0.33.1/jaeger-client-0.33.1.jar:/root/.m2/repository/io/jaegertracing/jaeger-thrift/0.33.1/jaeger-thrift-0.33.1.jar:/root/.m2/repository/org/apache/thrift/libthrift/0.11.0/libthrift-0.11.0.jar:/root/.m2/repository/com/squareup/okhttp3/okhttp/3.9.0/okhttp-3.9.0.jar:/root/.m2/repository/com/squareup/okio/okio/1.13.0/okio-1.13.0.jar:/root/.m2/repository/io/jaegertracing/jaeger-core/0.33.1/jaeger-core-0.33.1.jar:/root/.m2/repository/io/jaegertracing/jaeger-tracerresolver/0.33.1/jaeger-tracerresolver-0.33.1.jar:/root/.m2/repository/io/opentracing/contrib/opentracing-tracerresolver/0.1.5/opentracing-tracerresolver-0.1.5.jar:/root/.m2/repository/io/opentracing/opentracing-util/0.31.0/opentracing-util-0.31.0.jar:/root/.m2/repository/io/opentracing/opentracing-api/0.31.0/opentracing-api-0.31.0.jar:/root/.m2/repository/io/opentracing/opentracing-noop/0.31.0/opentracing-noop-0.31.0.jar:/root/.m2/repository/org/apache/hadoop/hadoop-hdds-server-framework/0.5.0-SNAPSHOT/hadoop-hdds-server-framework-0.5.0-SNAPSHOT.jar:/root/.m2/repository/org/apache/hadoop/hadoop-hdds-server-scm/0.5.0-SNAPSHOT/hadoop-hdds-server-scm-0.5.0-SNAPSHOT.jar:/root/.m2/repository/org/apache/hadoop/hadoop-hdds-container-service/0.5.0-SNAPSHOT/hadoop-hdds-container-service-0.5.0-SNAPSHOT.jar:/root/.m2/repository/org/apache/hadoop/hadoop-hdds-client/0.5.0-SNAPSHOT/hadoop-hdds-client-0.5.0-SNAPSHOT.jar:/root/.m2/repository/org/apache/hadoop/hadoop-hdds-tools/0.5.0-SNAPSHOT/hadoop-hdds-tools-0.5.0-SNAPSHOT.jar:/root/.m2/repository/org/apache/hadoop/hadoop-ozone-ozone-manager/0.5.0-SNAPSHOT/hadoop-ozone-ozone-manager-0.5.0-SNAPSHOT.jar:/root/.m2/repository/org/apache/hadoop/hadoop-hdds-docs/0.5.0-SNAPSHOT/hadoop-hdds-docs-0.5.0-SNAPSHOT.jar:/root/.m2/repository/org/bouncycastle/bcprov-jdk15on/1.60/bcprov-jdk15on-1.60.jar:/root/.m2/repository/org/apache/hadoop/hadoop-minikdc/3.2.0/hadoop-minikdc-3.2.0.jar:/root/.m2/repository/commons-io/commons-io/2.5/commons-io-2.5.jar:/root/.m2/repository/org/apache/kerby/kerb-simplekdc/1.0.1/kerb-simplekdc-1.0.1.jar:/root/.m2/repository/org/apache/kerby/kerb-client/1.0.1/kerb-client-1.0.1.jar:/root/.m2/repository/org/apache/kerby/kerby-config/1.0.1/kerby-config-1.0.1.jar:/root/.m2/repository/org/apache/kerby/kerb-core/1.0.1/kerb-core-1.0.1.jar:/root/.m2/repository/org/apache/kerby/kerby-pkix/1.0.1/kerby-pkix-1.0.1.jar:/root/.m2/repository/org/apache/kerby/kerby-asn1/1.0.1/kerby-asn1-1.0.1.jar:/root/.m2/repository/org/apache/kerby/kerby-util/1.0.1/kerby-util-1.0.1.jar:/root/.m2/repository/org/apache/kerby/kerb-common/1.0.1/kerb-common-1.0.1.jar:/root/.m2/repository/org/apache/kerby/kerb-crypto/1.0.1/kerb-crypto-1.0.1.jar:/root/.m2/repository/org/apache/kerby/kerb-util/1.0.1/kerb-util-1.0.1.jar:/root/.m2/repository/org/apache/kerby/token-provider/1.0.1/token-provider-1.0.1.jar:/root/.m2/repository/org/apache/kerby/kerb-admin/1.0.1/kerb-admin-1.0.1.jar:/root/.m2/repository/org/apache/kerby/kerb-server/1.0.1/kerb-server-1.0.1.jar:/root/.m2/repository/org/apache/kerby/kerb-identity/1.0.1/kerb-identity-1.0.1.jar:/root/.m2/repository/org/apache/kerby/kerby-xdr/1.0.1/kerby-xdr-1.0.1.jar:/root/.m2/repository/org/slf4j/slf4j-log4j12/1.7.25/slf4j-log4j12-1.7.25.jar:/root/.m2/repository/org/apache/hadoop/hadoop-ozone-objectstore-service/0.5.0-SNAPSHOT/hadoop-ozone-objectstore-service-0.5.0-SNAPSHOT.jar:/root/.m2/repository/org/apache/hadoop/hadoop-ozone-s3gateway/0.5.0-SNAPSHOT/hadoop-ozone-s3gateway-0.5.0-SNAPSHOT.jar:/root/.m2/repository/org/jboss/weld/servlet/weld-servlet/2.4.7.Final/weld-servlet-2.4.7.Final.jar:/root/.m2/repository/org/glassfish/jersey/containers/jersey-container-servlet-core/2.27/jersey-container-servlet-core-2.27.jar:/root/.m2/repository/org/glassfish/hk2/external/javax.inject/2.5.0-b42/javax.inject-2.5.0-b42.jar:/root/.m2/repository/org/glassfish/jersey/core/jersey-common/2.27/jersey-common-2.27.jar:/root/.m2/repository/org/glassfish/hk2/osgi-resource-locator/1.0.1/osgi-resource-locator-1.0.1.jar:/root/.m2/repository/javax/ws/rs/javax.ws.rs-api/2.1/javax.ws.rs-api-2.1.jar:/root/.m2/repository/org/glassfish/jersey/ext/cdi/jersey-cdi1x/2.27/jersey-cdi1x-2.27.jar:/root/.m2/repository/org/glassfish/jersey/inject/jersey-hk2/2.27/jersey-hk2-2.27.jar:/root/.m2/repository/org/glassfish/hk2/hk2-locator/2.5.0-b42/hk2-locator-2.5.0-b42.jar:/root/.m2/repository/org/javassist/javassist/3.22.0-CR2/javassist-3.22.0-CR2.jar:/root/.m2/repository/org/glassfish/hk2/hk2-api/2.5.0/hk2-api-2.5.0.jar:/root/.m2/repository/org/glassfish/hk2/external/jakarta.inject/2.5.0/jakarta.inject-2.5.0.jar:/root/.m2/repository/org/glassfish/hk2/hk2-utils/2.5.0/hk2-utils-2.5.0.jar:/root/.m2/repository/jakarta/annotation/jakarta.annotation-api/1.3.4/jakarta.annotation-api-1.3.4.jar:/root/.m2/repository/org/glassfish/hk2/external/aopalliance-repackaged/2.5.0/aopalliance-repackaged-2.5.0.jar:/root/.m2/repository/com/fasterxml/jackson/dataformat/jackson-dataformat-xml/2.9.0/jackson-dataformat-xml-2.9.0.jar:/root/.m2/repository/com/fasterxml/jackson/core/jackson-core/2.9.5/jackson-core-2.9.5.jar:/root/.m2/repository/com/fasterxml/jackson/module/jackson-module-jaxb-annotations/2.9.5/jackson-module-jaxb-annotations-2.9.5.jar:/root/.m2/repository/javax/enterprise/cdi-api/1.2/cdi-api-1.2.jar:/root/.m2/repository/javax/el/javax.el-api/3.0.0/javax.el-api-3.0.0.jar:/root/.m2/repository/javax/interceptor/javax.interceptor-api/1.2/javax.interceptor-api-1.2.jar:/root/.m2/repository/javax/inject/javax.inject/1/javax.inject-1.jar:/root/.m2/repository/com/sun/xml/bind/jaxb-impl/2.3.0.1/jaxb-impl-2.3.0.1.jar:/root/.m2/repository/com/sun/xml/bind/jaxb-core/2.3.0.1/jaxb-core-2.3.0.1.jar:/root/.m2/repository/javax/xml/bind/jaxb-api/2.3.0/jaxb-api-2.3.0.jar:/root/.m2/repository/javax/activation/activation/1.1.1/activation-1.1.1.jar:/root/.m2/repository/org/apache/hadoop/hadoop-ozone-csi/0.5.0-SNAPSHOT/hadoop-ozone-csi-0.5.0-SNAPSHOT.jar:/root/.m2/repository/com/google/protobuf/protobuf-java-util/3.5.1/protobuf-java-util-3.5.1.jar:/root/.m2/repository/org/apache/hadoop/hadoop-hdds-config/0.5.0-SNAPSHOT/hadoop-hdds-config-0.5.0-SNAPSHOT.jar:/root/.m2/repository/com/google/guava/guava/11.0.2/guava-11.0.2.jar:/root/.m2/repository/com/google/protobuf/protobuf-java/2.5.0/protobuf-java-2.5.0.jar:/root/.m2/repository/io/grpc/grpc-netty/1.17.1/grpc-netty-1.17.1.jar:/root/.m2/repository/io/grpc/grpc-core/1.17.1/grpc-core-1.17.1.jar:/root/.m2/repository/io/grpc/grpc-context/1.17.1/grpc-context-1.17.1.jar:/root/.m2/repository/com/google/errorprone/error_prone_annotations/2.2.0/error_prone_annotations-2.2.0.jar:/root/.m2/repository/org/codehaus/mojo/animal-sniffer-annotations/1.17/animal-sniffer-annotations-1.17.jar:/root/.m2/repository/io/opencensus/opencensus-api/0.17.0/opencensus-api-0.17.0.jar:/root/.m2/repository/io/opencensus/opencensus-contrib-grpc-metrics/0.17.0/opencensus-contrib-grpc-metrics-0.17.0.jar:/root/.m2/repository/io/netty/netty-codec-http2/4.1.30.Final/netty-codec-http2-4.1.30.Final.jar:/root/.m2/repository/io/netty/netty-codec-http/4.1.30.Final/netty-codec-http-4.1.30.Final.jar:/root/.m2/repository/io/netty/netty-codec/4.1.30.Final/netty-codec-4.1.30.Final.jar:/root/.m2/repository/io/netty/netty-handler/4.1.30.Final/netty-handler-4.1.30.Final.jar:/root/.m2/repository/io/netty/netty-handler-proxy/4.1.30.Final/netty-handler-proxy-4.1.30.Final.jar:/root/.m2/repository/io/netty/netty-codec-socks/4.1.30.Final/netty-codec-socks-4.1.30.Final.jar:/root/.m2/repository/io/netty/netty-transport-native-epoll/4.1.30.Final/netty-transport-native-epoll-4.1.30.Final.jar:/root/.m2/repository/io/netty/netty-common/4.1.30.Final/netty-common-4.1.30.Final.jar:/root/.m2/repository/io/netty/netty-buffer/4.1.30.Final/netty-buffer-4.1.30.Final.jar:/root/.m2/repository/io/netty/netty-transport/4.1.30.Final/netty-transport-4.1.30.Final.jar:/root/.m2/repository/io/netty/netty-resolver/4.1.30.Final/netty-resolver-4.1.30.Final.jar:/root/.m2/repository/io/netty/netty-transport-native-unix-common/4.1.30.Final/netty-transport-native-unix-common-4.1.30.Final.jar:/root/.m2/repository/io/grpc/grpc-protobuf/1.17.1/grpc-protobuf-1.17.1.jar:/root/.m2/repository/com/google/api/grpc/proto-google-common-protos/1.0.0/proto-google-common-protos-1.0.0.jar:/root/.m2/repository/io/grpc/grpc-protobuf-lite/1.17.1/grpc-protobuf-lite-1.17.1.jar:/root/.m2/repository/io/grpc/grpc-stub/1.17.1/grpc-stub-1.17.1.jar:/root/.m2/repository/org/apache/hadoop/hadoop-ozone-recon/0.5.0-SNAPSHOT/hadoop-ozone-recon-0.5.0-SNAPSHOT.jar:/root/.m2/repository/org/apache/hadoop/hadoop-ozone-reconcodegen/0.5.0-SNAPSHOT/hadoop-ozone-reconcodegen-0.5.0-SNAPSHOT.jar:/root/.m2/repository/com/google/inject/extensions/guice-multibindings/4.0/guice-multibindings-4.0.jar:/root/.m2/repository/com/google/inject/guice/4.0/guice-4.0.jar:/root/.m2/repository/aopalliance/aopalliance/1.0/aopalliance-1.0.jar:/root/.m2/repository/com/google/inject/extensions/guice-servlet/4.0/guice-servlet-4.0.jar:/root/.m2/repository/org/glassfish/jersey/containers/jersey-container-servlet/2.27/jersey-container-servlet-2.27.jar:/root/.m2/repository/org/glassfish/hk2/guice-bridge/2.5.0/guice-bridge-2.5.0.jar:/root/.m2/repository/org/glassfish/jersey/core/jersey-server/2.27/jersey-server-2.27.jar:/root/.m2/repository/org/glassfish/jersey/core/jersey-client/2.27/jersey-client-2.27.jar:/root/.m2/repository/org/glassfish/jersey/media/jersey-media-jaxb/2.27/jersey-media-jaxb-2.27.jar:/root/.m2/repository/javax/validation/validation-api/1.1.0.Final/validation-api-1.1.0.Final.jar:/root/.m2/repository/org/glassfish/jersey/media/jersey-media-json-jackson/2.27/jersey-media-json-jackson-2.27.jar:/root/.m2/repository/org/glassfish/jersey/ext/jersey-entity-filtering/2.27/jersey-entity-filtering-2.27.jar:/root/.m2/repository/com/google/inject/extensions/guice-assistedinject/4.0/guice-assistedinject-4.0.jar:/root/.m2/repository/org/jooq/jooq/3.11.10/jooq-3.11.10.jar:/root/.m2/repository/org/jooq/jooq-meta/3.11.10/jooq-meta-3.11.10.jar:/root/.m2/repository/org/jooq/jooq-codegen/3.11.10/jooq-codegen-3.11.10.jar:/root/.m2/repository/com/jolbox/bonecp/0.8.0.RELEASE/bonecp-0.8.0.RELEASE.jar:/root/.m2/repository/org/xerial/sqlite-jdbc/3.25.2/sqlite-jdbc-3.25.2.jar:/root/.m2/repository/org/springframework/spring-jdbc/5.1.3.RELEASE/spring-jdbc-5.1.3.RELEASE.jar:/root/.m2/repository/org/springframework/spring-beans/5.1.3.RELEASE/spring-beans-5.1.3.RELEASE.jar:/root/.m2/repository/org/springframework/spring-core/5.1.3.RELEASE/spring-core-5.1.3.RELEASE.jar:/root/.m2/repository/org/springframework/spring-jcl/5.1.3.RELEASE/spring-jcl-5.1.3.RELEASE.jar:/root/.m2/repository/org/springframework/spring-tx/5.1.3.RELEASE/spring-tx-5.1.3.RELEASE.jar:/root/.m2/repository/org/apache/hadoop/hadoop-ozone-client/0.5.0-SNAPSHOT/hadoop-ozone-client-0.5.0-SNAPSHOT.jar:/root/.m2/repository/org/apache/hadoop/hadoop-ozone-ozone-manager/0.5.0-SNAPSHOT/hadoop-ozone-ozone-manager-0.5.0-SNAPSHOT-tests.jar:/root/.m2/repository/junit/junit/4.11/junit-4.11.jar:/root/.m2/repository/org/hamcrest/hamcrest-core/1.3/hamcrest-core-1.3.jar:/root/.m2/repository/org/openjdk/jmh/jmh-core/1.19/jmh-core-1.19.jar:/root/.m2/repository/net/sf/jopt-simple/jopt-simple/4.6/jopt-simple-4.6.jar:/root/.m2/repository/org/apache/commons/commons-math3/3.1.1/commons-math3-3.1.1.jar:/root/.m2/repository/org/openjdk/jmh/jmh-generator-annprocess/1.19/jmh-generator-annprocess-1.19.jar:/root/.m2/repository/org/mockito/mockito-all/1.8.5/mockito-all-1.8.5.jar:/root/.m2/repository/org/apache/hadoop/hadoop-kms/3.2.0/hadoop-kms-3.2.0.jar:/root/.m2/repository/org/apache/hadoop/hadoop-auth/3.2.0/hadoop-auth-3.2.0.jar:/root/.m2/repository/com/nimbusds/nimbus-jose-jwt/4.41.1/nimbus-jose-jwt-4.41.1.jar:/root/.m2/repository/com/github/stephenc/jcip/jcip-annotations/1.0-1/jcip-annotations-1.0-1.jar:/root/.m2/repository/net/minidev/json-smart/2.3/json-smart-2.3.jar:/root/.m2/repository/net/minidev/accessors-smart/1.2/accessors-smart-1.2.jar:/root/.m2/repository/org/ow2/asm/asm/5.0.4/asm-5.0.4.jar:/root/.m2/repository/org/apache/curator/curator-framework/2.12.0/curator-framework-2.12.0.jar:/root/.m2/repository/com/sun/jersey/jersey-core/1.19/jersey-core-1.19.jar:/root/.m2/repository/javax/ws/rs/jsr311-api/1.1.1/jsr311-api-1.1.1.jar:/root/.m2/repository/com/sun/jersey/jersey-server/1.19/jersey-server-1.19.jar:/root/.m2/repository/javax/servlet/javax.servlet-api/3.1.0/javax.servlet-api-3.1.0.jar:/root/.m2/repository/org/eclipse/jetty/jetty-server/9.3.24.v20180605/jetty-server-9.3.24.v20180605.jar:/root/.m2/repository/org/eclipse/jetty/jetty-http/9.3.24.v20180605/jetty-http-9.3.24.v20180605.jar:/root/.m2/repository/org/eclipse/jetty/jetty-io/9.3.24.v20180605/jetty-io-9.3.24.v20180605.jar:/root/.m2/repository/org/eclipse/jetty/jetty-webapp/9.3.24.v20180605/jetty-webapp-9.3.24.v20180605.jar:/root/.m2/repository/org/eclipse/jetty/jetty-xml/9.3.24.v20180605/jetty-xml-9.3.24.v20180605.jar:/root/.m2/repository/log4j/log4j/1.2.17/log4j-1.2.17.jar:/root/.m2/repository/org/slf4j/slf4j-api/1.7.25/slf4j-api-1.7.25.jar:/root/.m2/repository/org/slf4j/jul-to-slf4j/1.7.25/jul-to-slf4j-1.7.25.jar:/root/.m2/repository/org/eclipse/jetty/jetty-util/9.3.24.v20180605/jetty-util-9.3.24.v20180605.jar:/root/.m2/repository/io/dropwizard/metrics/metrics-core/3.2.4/metrics-core-3.2.4.jar:/root/.m2/repository/com/fasterxml/jackson/core/jackson-databind/2.9.5/jackson-databind-2.9.5.jar:/root/.m2/repository/org/apache/hadoop/hadoop-kms/3.2.0/hadoop-kms-3.2.0-tests.jar:/root/.m2/repository/org/apache/hadoop/hadoop-hdds-server-scm/0.5.0-SNAPSHOT/hadoop-hdds-server-scm-0.5.0-SNAPSHOT-tests.jar:/root/.m2/repository/org/hamcrest/hamcrest-all/1.3/hamcrest-all-1.3.jar:/root/.m2/repository/info/picocli/picocli/3.9.6/picocli-3.9.6.jar:/root/.m2/repository/org/apache/hadoop/hadoop-hdds-container-service/0.5.0-SNAPSHOT/hadoop-hdds-container-service-0.5.0-SNAPSHOT-tests.jar:/root/.m2/repository/org/yaml/snakeyaml/1.16/snakeyaml-1.16.jar:/root/.m2/repository/org/apache/hadoop/hadoop-common/3.2.0/hadoop-common-3.2.0-tests.jar:/root/.m2/repository/org/apache/hadoop/hadoop-annotations/3.2.0/hadoop-annotations-3.2.0.jar:/usr/lib/jvm/java-1.8-openjdk/jre/../lib/tools.jar:/root/.m2/repository/commons-cli/commons-cli/1.2/commons-cli-1.2.jar:/root/.m2/repository/org/apache/httpcomponents/httpclient/4.5.2/httpclient-4.5.2.jar:/root/.m2/repository/org/apache/httpcomponents/httpcore/4.4.4/httpcore-4.4.4.jar:/root/.m2/repository/commons-codec/commons-codec/1.11/commons-codec-1.11.jar:/root/.m2/repository/commons-net/commons-net/3.6/commons-net-3.6.jar:/root/.m2/repository/commons-collections/commons-collections/3.2.2/commons-collections-3.2.2.jar:/root/.m2/repository/org/eclipse/jetty/jetty-servlet/9.3.24.v20180605/jetty-servlet-9.3.24.v20180605.jar:/root/.m2/repository/org/eclipse/jetty/jetty-security/9.3.24.v20180605/jetty-security-9.3.24.v20180605.jar:/root/.m2/repository/javax/servlet/jsp/jsp-api/2.1/jsp-api-2.1.jar:/root/.m2/repository/com/sun/jersey/jersey-servlet/1.19/jersey-servlet-1.19.jar:/root/.m2/repository/com/sun/jersey/jersey-json/1.19/jersey-json-1.19.jar:/root/.m2/repository/org/codehaus/jettison/jettison/1.1/jettison-1.1.jar:/root/.m2/repository/org/codehaus/jackson/jackson-core-asl/1.9.13/jackson-core-asl-1.9.13.jar:/root/.m2/repository/org/codehaus/jackson/jackson-mapper-asl/1.9.13/jackson-mapper-asl-1.9.13.jar:/root/.m2/repository/org/codehaus/jackson/jackson-jaxrs/1.9.13/jackson-jaxrs-1.9.13.jar:/root/.m2/repository/org/codehaus/jackson/jackson-xc/1.9.13/jackson-xc-1.9.13.jar:/root/.m2/repository/commons-logging/commons-logging/1.1.3/commons-logging-1.1.3.jar:/root/.m2/repository/commons-beanutils/commons-beanutils/1.9.3/commons-beanutils-1.9.3.jar:/root/.m2/repository/org/apache/commons/commons-configuration2/2.1.1/commons-configuration2-2.1.1.jar:/root/.m2/repository/org/apache/commons/commons-lang3/3.7/commons-lang3-3.7.jar:/root/.m2/repository/org/apache/commons/commons-text/1.4/commons-text-1.4.jar:/root/.m2/repository/org/apache/avro/avro/1.7.7/avro-1.7.7.jar:/root/.m2/repository/com/thoughtworks/paranamer/paranamer/2.3/paranamer-2.3.jar:/root/.m2/repository/org/xerial/snappy/snappy-java/1.0.5/snappy-java-1.0.5.jar:/root/.m2/repository/com/google/re2j/re2j/1.1/re2j-1.1.jar:/root/.m2/repository/com/google/code/gson/gson/2.2.4/gson-2.2.4.jar:/root/.m2/repository/com/jcraft/jsch/0.1.54/jsch-0.1.54.jar:/root/.m2/repository/org/apache/curator/curator-client/2.12.0/curator-client-2.12.0.jar:/root/.m2/repository/org/apache/curator/curator-recipes/2.12.0/curator-recipes-2.12.0.jar:/root/.m2/repository/com/google/code/findbugs/jsr305/3.0.0/jsr305-3.0.0.jar:/root/.m2/repository/org/apache/htrace/htrace-core4/4.1.0-incubating/htrace-core4-4.1.0-incubating.jar:/root/.m2/repository/org/apache/zookeeper/zookeeper/3.4.13/zookeeper-3.4.13.jar:/root/.m2/repository/org/apache/yetus/audience-annotations/0.5.0/audience-annotations-0.5.0.jar:/root/.m2/repository/org/codehaus/woodstox/stax2-api/3.1.4/stax2-api-3.1.4.jar:/root/.m2/repository/com/fasterxml/woodstox/woodstox-core/5.0.3/woodstox-core-5.0.3.jar:/root/.m2/repository/dnsjava/dnsjava/2.1.7/dnsjava-2.1.7.jar:/root/.m2/repository/org/apache/hadoop/hadoop-hdfs/3.2.0/hadoop-hdfs-3.2.0-tests.jar:/root/.m2/repository/org/eclipse/jetty/jetty-util-ajax/9.3.24.v20180605/jetty-util-ajax-9.3.24.v20180605.jar:/root/.m2/repository/commons-daemon/commons-daemon/1.0.13/commons-daemon-1.0.13.jar:/root/.m2/repository/io/netty/netty/3.10.5.Final/netty-3.10.5.Final.jar:/root/.m2/repository/io/netty/netty-all/4.0.52.Final/netty-all-4.0.52.Final.jar:/root/.m2/repository/org/fusesource/leveldbjni/leveldbjni-all/1.8/leveldbjni-all-1.8.jar:"/>
    <property name="sun.cpu.endian" value="little"/>
    <property name="user.home" value="/root"/>
    <property name="user.language" value="en"/>
    <property name="java.specification.vendor" value="Oracle Corporation"/>
    <property name="java.home" value="/usr/lib/jvm/java-1.8-openjdk/jre"/>
    <property name="java.security.krb5.conf" value="/opt/src/hadoop-ozone/integration-test/target/test-classes/krb5.conf"/>
    <property name="basedir" value="/opt/src/hadoop-ozone/integration-test"/>
    <property name="file.separator" value="/"/>
    <property name="line.separator" value="&#10;"/>
    <property name="java.vm.specification.vendor" value="Oracle Corporation"/>
    <property name="java.specification.name" value="Java Platform API Specification"/>
    <property name="java.awt.graphicsenv" value="sun.awt.X11GraphicsEnvironment"/>
    <property name="surefire.real.class.path" value="/opt/src/hadoop-ozone/integration-test/target/surefire/surefirebooter7722330426220962337.jar"/>
    <property name="hadoop.log.dir" value="/opt/src/hadoop-ozone/integration-test/target/log"/>
    <property name="sun.boot.class.path" value="/usr/lib/jvm/java-1.8-openjdk/jre/lib/resources.jar:/usr/lib/jvm/java-1.8-openjdk/jre/lib/rt.jar:/usr/lib/jvm/java-1.8-openjdk/jre/lib/sunrsasign.jar:/usr/lib/jvm/java-1.8-openjdk/jre/lib/jsse.jar:/usr/lib/jvm/java-1.8-openjdk/jre/lib/jce.jar:/usr/lib/jvm/java-1.8-openjdk/jre/lib/charsets.jar:/usr/lib/jvm/java-1.8-openjdk/jre/lib/jfr.jar:/usr/lib/jvm/java-1.8-openjdk/jre/classes"/>
    <property name="sun.management.compiler" value="HotSpot 64-Bit Tiered Compilers"/>
    <property name="java.runtime.version" value="1.8.0_212-b04"/>
    <property name="java.net.preferIPv4Stack" value="true"/>
    <property name="user.name" value="root"/>
    <property name="path.separator" value=":"/>
    <property name="java.security.egd" value="file:///dev/urandom"/>
    <property name="os.version" value="4.15.0-1021-aws"/>
    <property name="java.endorsed.dirs" value="/usr/lib/jvm/java-1.8-openjdk/jre/lib/endorsed"/>
    <property name="java.runtime.name" value="OpenJDK Runtime Environment"/>
    <property name="file.encoding" value="UTF-8"/>
    <property name="java.vm.name" value="OpenJDK 64-Bit Server VM"/>
    <property name="test.build.webapps" value=""/>
    <property name="localRepository" value="/root/.m2/repository"/>
    <property name="java.vendor.url.bug" value="https://icedtea.classpath.org/bugzilla"/>
    <property name="java.io.tmpdir" value="/tmp"/>
    <property name="require.test.libhadoop" value=""/>
    <property name="java.version" value="1.8.0_212"/>
    <property name="user.dir" value="/opt/src/hadoop-ozone/integration-test"/>
    <property name="os.arch" value="amd64"/>
    <property name="java.vm.specification.name" value="Java Virtual Machine Specification"/>
    <property name="test.build.classes" value="/opt/src/hadoop-ozone/integration-test/target/test-classes"/>
    <property name="java.awt.printerjob" value="sun.print.PSPrinterJob"/>
    <property name="sun.os.patch.level" value="unknown"/>
    <property name="hadoop.tmp.dir" value="/opt/src/hadoop-ozone/integration-test/target/tmp"/>
    <property name="java.library.path" value="/usr/lib/jvm/java-1.8-openjdk/jre/lib/amd64/server:/usr/lib/jvm/java-1.8-openjdk/jre/lib/amd64:/usr/lib/jvm/java-1.8-openjdk/jre/../lib/amd64:/opt/src/hadoop-ozone/integration-test/target/native/target/usr/local/lib:/opt/src/hadoop-ozone/integration-test/../../hadoop-common-project/hadoop-common/target/native/target/usr/local/lib:/usr/java/packages/lib/amd64:/usr/lib64:/lib64:/lib:/usr/lib"/>
    <property name="java.vm.info" value="mixed mode"/>
    <property name="java.vendor" value="IcedTea"/>
    <property name="java.vm.version" value="25.212-b04"/>
    <property name="java.ext.dirs" value="/usr/lib/jvm/java-1.8-openjdk/jre/lib/ext:/usr/java/packages/lib/ext"/>
    <property name="sun.io.unicode.encoding" value="UnicodeLittle"/>
    <property name="java.class.version" value="52.0"/>
  </properties>
  <testcase name="testPipelineExclusionWithPipelineFailure" classname="org.apache.hadoop.ozone.client.rpc.TestFailureHandlingByClient" time="17.569"/>
  <testcase name="testContainerExclusionWithClosedContainerException" classname="org.apache.hadoop.ozone.client.rpc.TestFailureHandlingByClient" time="10.42"/>
  <testcase name="testWriteSmallFile" classname="org.apache.hadoop.ozone.client.rpc.TestFailureHandlingByClient" time="10.706"/>
  <testcase name="testMultiBlockWritesWithIntermittentDnFailures" classname="org.apache.hadoop.ozone.client.rpc.TestFailureHandlingByClient" time="57.427"/>
  <testcase name="testBlockWritesWithDnFailures" classname="org.apache.hadoop.ozone.client.rpc.TestFailureHandlingByClient" time="15.854"/>
  <testcase name="testDatanodeExclusionWithMajorityCommit" classname="org.apache.hadoop.ozone.client.rpc.TestFailureHandlingByClient" time="11.589">
    <failure type="java.lang.AssertionError">java.lang.AssertionError
	at org.junit.Assert.fail(Assert.java:86)
	at org.junit.Assert.assertTrue(Assert.java:41)
	at org.junit.Assert.assertTrue(Assert.java:52)
	at org.apache.hadoop.ozone.client.rpc.TestFailureHandlingByClient.testDatanodeExclusionWithMajorityCommit(TestFailureHandlingByClient.java:400)
	at sun.reflect.NativeMethodAccessorImpl.invoke0(Native Method)
	at sun.reflect.NativeMethodAccessorImpl.invoke(NativeMethodAccessorImpl.java:62)
	at sun.reflect.DelegatingMethodAccessorImpl.invoke(DelegatingMethodAccessorImpl.java:43)
	at java.lang.reflect.Method.invoke(Method.java:498)
	at org.junit.runners.model.FrameworkMethod$1.runReflectiveCall(FrameworkMethod.java:47)
	at org.junit.internal.runners.model.ReflectiveCallable.run(ReflectiveCallable.java:12)
	at org.junit.runners.model.FrameworkMethod.invokeExplosively(FrameworkMethod.java:44)
	at org.junit.internal.runners.statements.InvokeMethod.evaluate(InvokeMethod.java:17)
	at org.junit.runners.ParentRunner.runLeaf(ParentRunner.java:271)
	at org.junit.runners.BlockJUnit4ClassRunner.runChild(BlockJUnit4ClassRunner.java:70)
	at org.junit.runners.BlockJUnit4ClassRunner.runChild(BlockJUnit4ClassRunner.java:50)
	at org.junit.runners.ParentRunner$3.run(ParentRunner.java:238)
	at org.junit.runners.ParentRunner$1.schedule(ParentRunner.java:63)
	at org.junit.runners.ParentRunner.runChildren(ParentRunner.java:236)
	at org.junit.runners.ParentRunner.access$000(ParentRunner.java:53)
	at org.junit.runners.ParentRunner$2.evaluate(ParentRunner.java:229)
	at org.junit.runners.ParentRunner.run(ParentRunner.java:309)
	at org.apache.maven.surefire.junit4.JUnit4Provider.execute(JUnit4Provider.java:365)
	at org.apache.maven.surefire.junit4.JUnit4Provider.executeWithRerun(JUnit4Provider.java:273)
	at org.apache.maven.surefire.junit4.JUnit4Provider.executeTestSet(JUnit4Provider.java:238)
	at org.apache.maven.surefire.junit4.JUnit4Provider.invoke(JUnit4Provider.java:159)
	at org.apache.maven.surefire.booter.ForkedBooter.invokeProviderInSameClassLoader(ForkedBooter.java:384)
	at org.apache.maven.surefire.booter.ForkedBooter.runSuitesInProcess(ForkedBooter.java:345)
	at org.apache.maven.surefire.booter.ForkedBooter.execute(ForkedBooter.java:126)
	at org.apache.maven.surefire.booter.ForkedBooter.main(ForkedBooter.java:418)
</failure>
    <system-out><![CDATA[2019-06-12 19:45:29,691 WARN  server.ServerUtils (ServerUtils.java:getScmDbDir(145)) - ozone.scm.db.dirs is not configured. We recommend adding this setting. Falling back to ozone.metadata.dirs instead.
2019-06-12 19:45:29,694 WARN  server.ServerUtils (ServerUtils.java:getScmDbDir(145)) - ozone.scm.db.dirs is not configured. We recommend adding this setting. Falling back to ozone.metadata.dirs instead.
2019-06-12 19:45:29,695 WARN  server.ServerUtils (ServerUtils.java:getScmDbDir(145)) - ozone.scm.db.dirs is not configured. We recommend adding this setting. Falling back to ozone.metadata.dirs instead.
2019-06-12 19:45:29,695 INFO  db.DBStoreBuilder (DBStoreBuilder.java:addTable(110)) - using custom profile for table: deletedBlocks
2019-06-12 19:45:29,695 INFO  db.DBStoreBuilder (DBStoreBuilder.java:processTables(161)) - Using default column profile:DBProfile.DISK for Table:deletedBlocks
2019-06-12 19:45:29,695 INFO  db.DBStoreBuilder (DBStoreBuilder.java:addTable(110)) - using custom profile for table: validCerts
2019-06-12 19:45:29,695 INFO  db.DBStoreBuilder (DBStoreBuilder.java:processTables(161)) - Using default column profile:DBProfile.DISK for Table:validCerts
2019-06-12 19:45:29,695 INFO  db.DBStoreBuilder (DBStoreBuilder.java:addTable(110)) - using custom profile for table: revokedCerts
2019-06-12 19:45:29,696 INFO  db.DBStoreBuilder (DBStoreBuilder.java:processTables(161)) - Using default column profile:DBProfile.DISK for Table:revokedCerts
2019-06-12 19:45:29,696 INFO  db.DBStoreBuilder (DBStoreBuilder.java:addTable(110)) - using custom profile for table: default
2019-06-12 19:45:29,696 INFO  db.DBStoreBuilder (DBStoreBuilder.java:processTables(167)) - Using default column profile:DBProfile.DISK for Table:default
2019-06-12 19:45:29,696 INFO  db.DBStoreBuilder (DBStoreBuilder.java:getDbProfile(198)) - Using default options. DBProfile.DISK
2019-06-12 19:45:29,735 INFO  node.SCMNodeManager (SCMNodeManager.java:<init>(108)) - Entering startup safe mode.
2019-06-12 19:45:29,736 INFO  net.NodeSchemaLoader (NodeSchemaLoader.java:loadSchemaFromFile(125)) - Loading file from sun.misc.CompoundEnumeration@7d43c89f
2019-06-12 19:45:29,736 INFO  net.NodeSchemaLoader (NodeSchemaLoader.java:loadSchema(171)) - Loading network topology layer schema file
2019-06-12 19:45:29,738 WARN  server.ServerUtils (ServerUtils.java:getScmDbDir(145)) - ozone.scm.db.dirs is not configured. We recommend adding this setting. Falling back to ozone.metadata.dirs instead.
2019-06-12 19:45:29,753 INFO  pipeline.SCMPipelineManager (SCMPipelineManager.java:initializePipelineState(126)) - No pipeline exists in current db
2019-06-12 19:45:29,754 WARN  server.ServerUtils (ServerUtils.java:getScmDbDir(145)) - ozone.scm.db.dirs is not configured. We recommend adding this setting. Falling back to ozone.metadata.dirs instead.
2019-06-12 19:45:29,769 WARN  events.EventQueue (EventQueue.java:fireEvent(175)) - No event handler registered for event TypedEvent{payloadType=SafeModeStatus, name='SafeModeStatus'}
2019-06-12 19:45:29,770 INFO  ipc.CallQueueManager (CallQueueManager.java:<init>(84)) - Using callQueue: class java.util.concurrent.LinkedBlockingQueue, queueCapacity: 2000, scheduler: class org.apache.hadoop.ipc.DefaultRpcScheduler, ipcBackoff: false.
2019-06-12 19:45:29,771 INFO  ipc.Server (Server.java:run(1074)) - Starting Socket Reader #1 for port 35165
2019-06-12 19:45:29,774 INFO  ipc.CallQueueManager (CallQueueManager.java:<init>(84)) - Using callQueue: class java.util.concurrent.LinkedBlockingQueue, queueCapacity: 2000, scheduler: class org.apache.hadoop.ipc.DefaultRpcScheduler, ipcBackoff: false.
2019-06-12 19:45:29,774 INFO  ipc.Server (Server.java:run(1074)) - Starting Socket Reader #1 for port 43179
2019-06-12 19:45:29,776 INFO  ipc.CallQueueManager (CallQueueManager.java:<init>(84)) - Using callQueue: class java.util.concurrent.LinkedBlockingQueue, queueCapacity: 2000, scheduler: class org.apache.hadoop.ipc.DefaultRpcScheduler, ipcBackoff: false.
2019-06-12 19:45:29,776 INFO  ipc.Server (Server.java:run(1074)) - Starting Socket Reader #1 for port 39045
2019-06-12 19:45:29,780 INFO  hdfs.DFSUtil (DFSUtil.java:httpServerTemplateForNNAndJN(1641)) - Starting Web-server for scm at: http://0.0.0.0:0
2019-06-12 19:45:29,781 INFO  server.AuthenticationFilter (AuthenticationFilter.java:constructSecretProvider(240)) - Unable to initialize FileSignerSecretProvider, falling back to use random secrets.
2019-06-12 19:45:29,782 WARN  http.HttpRequestLog (HttpRequestLog.java:getRequestLog(97)) - Jetty request log can only be enabled using Log4j
2019-06-12 19:45:29,783 INFO  http.HttpServer2 (HttpServer2.java:addGlobalFilter(975)) - Added global filter 'safety' (class=org.apache.hadoop.http.HttpServer2$QuotingInputFilter)
2019-06-12 19:45:29,783 INFO  http.HttpServer2 (HttpServer2.java:addFilter(948)) - Added filter static_user_filter (class=org.apache.hadoop.http.lib.StaticUserWebFilter$StaticUserFilter) to context scm
2019-06-12 19:45:29,783 INFO  http.HttpServer2 (HttpServer2.java:addFilter(958)) - Added filter static_user_filter (class=org.apache.hadoop.http.lib.StaticUserWebFilter$StaticUserFilter) to context static
2019-06-12 19:45:29,784 INFO  http.HttpServer2 (HttpServer2.java:addFilter(958)) - Added filter static_user_filter (class=org.apache.hadoop.http.lib.StaticUserWebFilter$StaticUserFilter) to context logs
2019-06-12 19:45:29,786 INFO  server.StorageContainerManager (StorageContainerManager.java:start(752)) - StorageContainerLocationProtocol RPC server is listening at /0.0.0.0:39045
2019-06-12 19:45:29,786 INFO  impl.MetricsSystemImpl (MetricsSystemImpl.java:init(158)) - StorageContainerManager metrics system started (again)
2019-06-12 19:45:29,786 INFO  server.SCMClientProtocolServer (SCMClientProtocolServer.java:start(149)) - RPC server for Client  is listening at /0.0.0.0:39045
2019-06-12 19:45:29,786 INFO  ipc.Server (Server.java:run(1314)) - IPC Server Responder: starting
2019-06-12 19:45:29,786 INFO  ipc.Server (Server.java:run(1153)) - IPC Server listener on 39045: starting
2019-06-12 19:45:29,789 INFO  server.StorageContainerManager (StorageContainerManager.java:start(761)) - ScmBlockLocationProtocol RPC server is listening at /0.0.0.0:43179
2019-06-12 19:45:29,789 INFO  server.SCMBlockProtocolServer (SCMBlockProtocolServer.java:start(137)) - RPC server for Block Protocol is listening at /0.0.0.0:43179
2019-06-12 19:45:29,789 INFO  ipc.Server (Server.java:run(1314)) - IPC Server Responder: starting
2019-06-12 19:45:29,789 INFO  ipc.Server (Server.java:run(1153)) - IPC Server listener on 43179: starting
2019-06-12 19:45:29,792 INFO  server.StorageContainerManager (StorageContainerManager.java:start(765)) - ScmDatanodeProtocl RPC server is listening at /0.0.0.0:35165
2019-06-12 19:45:29,792 INFO  server.SCMDatanodeProtocolServer (SCMDatanodeProtocolServer.java:start(191)) - RPC server for DataNodes is listening at /0.0.0.0:35165
2019-06-12 19:45:29,793 INFO  ipc.Server (Server.java:run(1314)) - IPC Server Responder: starting
2019-06-12 19:45:29,793 INFO  ipc.Server (Server.java:run(1153)) - IPC Server listener on 35165: starting
2019-06-12 19:45:29,801 INFO  http.HttpServer2 (HttpServer2.java:bindListener(1191)) - Jetty bound to port 45317
2019-06-12 19:45:29,801 INFO  server.Server (Server.java:doStart(351)) - jetty-9.3.24.v20180605, build timestamp: 2018-06-05T17:11:56Z, git hash: 84205aa28f11a4f31f2a3b86d1bba2cc8ab69827
2019-06-12 19:45:29,802 INFO  handler.ContextHandler (ContextHandler.java:doStart(781)) - Started o.e.j.s.ServletContextHandler@1235732d{/logs,file:///opt/src/hadoop-ozone/integration-test/target/log,AVAILABLE}
2019-06-12 19:45:29,803 INFO  handler.ContextHandler (ContextHandler.java:doStart(781)) - Started o.e.j.s.ServletContextHandler@54644470{/static,file:///opt/src/hadoop-ozone/integration-test/target/test-classes/webapps/static,AVAILABLE}
2019-06-12 19:45:29,806 INFO  handler.ContextHandler (ContextHandler.java:doStart(781)) - Started o.e.j.w.WebAppContext@1b1d1558{/,file:///opt/src/hadoop-ozone/integration-test/target/test-classes/webapps/scm/,AVAILABLE}{/scm}
2019-06-12 19:45:29,806 INFO  server.AbstractConnector (AbstractConnector.java:doStart(278)) - Started ServerConnector@6cc022ac{HTTP/1.1,[http/1.1]}{0.0.0.0:45317}
2019-06-12 19:45:29,806 INFO  server.Server (Server.java:doStart(419)) - Started @112409ms
2019-06-12 19:45:29,807 INFO  server.BaseHttpServer (BaseHttpServer.java:updateConnectorAddress(207)) - HTTP server of SCM is listening at http://0.0.0.0:45317
2019-06-12 19:45:29,809 WARN  scm.ScmUtils (ScmUtils.java:getDBPath(63)) - ozone.om.db.dirs is not configured. We recommend adding this setting. Falling back to ozone.metadata.dirs instead.
2019-06-12 19:45:29,810 INFO  util.JvmPauseMonitor (JvmPauseMonitor.java:run(188)) - Starting JVM pause monitor
2019-06-12 19:45:29,812 WARN  scm.ScmUtils (ScmUtils.java:getDBPath(63)) - ozone.om.db.dirs is not configured. We recommend adding this setting. Falling back to ozone.metadata.dirs instead.
2019-06-12 19:45:29,812 INFO  om.OzoneManager (OzoneManager.java:setOMNodeDetails(519)) - OM Service ID is not set. Setting it to the default ID: omServiceIdDefault
2019-06-12 19:45:29,812 INFO  om.OzoneManager (OzoneManager.java:setOMNodeDetails(525)) - OM Node ID is not set. Setting it to the OmStorage's OmID: 6950d067-3f71-4ee8-addf-db4230494d7a
2019-06-12 19:45:29,812 WARN  scm.HddsServerUtil (HddsServerUtil.java:getDefaultRatisDirectory(354)) - Storage directory for Ratis is not configured. It is a good idea to map this to an SSD disk. Falling back to ozone.metadata.dirs
2019-06-12 19:45:29,812 WARN  scm.HddsServerUtil (HddsServerUtil.java:getDefaultRatisDirectory(354)) - Storage directory for Ratis is not configured. It is a good idea to map this to an SSD disk. Falling back to ozone.metadata.dirs
2019-06-12 19:45:29,812 INFO  om.OzoneManager (OzoneManager.java:loadOMHAConfigs(476)) - Found matching OM address with OMServiceId: null, OMNodeId: null, RPC Address: localhost:0 and Ratis port: 9872
2019-06-12 19:45:29,818 WARN  scm.ScmUtils (ScmUtils.java:getDBPath(63)) - ozone.om.db.dirs is not configured. We recommend adding this setting. Falling back to ozone.metadata.dirs instead.
2019-06-12 19:45:29,818 INFO  db.DBStoreBuilder (DBStoreBuilder.java:addTable(110)) - using custom profile for table: userTable
2019-06-12 19:45:29,818 INFO  db.DBStoreBuilder (DBStoreBuilder.java:processTables(161)) - Using default column profile:DBProfile.DISK for Table:userTable
2019-06-12 19:45:29,819 INFO  db.DBStoreBuilder (DBStoreBuilder.java:addTable(110)) - using custom profile for table: volumeTable
2019-06-12 19:45:29,819 INFO  db.DBStoreBuilder (DBStoreBuilder.java:processTables(161)) - Using default column profile:DBProfile.DISK for Table:volumeTable
2019-06-12 19:45:29,819 INFO  db.DBStoreBuilder (DBStoreBuilder.java:addTable(110)) - using custom profile for table: bucketTable
2019-06-12 19:45:29,819 INFO  db.DBStoreBuilder (DBStoreBuilder.java:processTables(161)) - Using default column profile:DBProfile.DISK for Table:bucketTable
2019-06-12 19:45:29,819 INFO  db.DBStoreBuilder (DBStoreBuilder.java:addTable(110)) - using custom profile for table: keyTable
2019-06-12 19:45:29,819 INFO  db.DBStoreBuilder (DBStoreBuilder.java:processTables(161)) - Using default column profile:DBProfile.DISK for Table:keyTable
2019-06-12 19:45:29,819 INFO  db.DBStoreBuilder (DBStoreBuilder.java:addTable(110)) - using custom profile for table: deletedTable
2019-06-12 19:45:29,819 INFO  db.DBStoreBuilder (DBStoreBuilder.java:processTables(161)) - Using default column profile:DBProfile.DISK for Table:deletedTable
2019-06-12 19:45:29,820 INFO  db.DBStoreBuilder (DBStoreBuilder.java:addTable(110)) - using custom profile for table: openKeyTable
2019-06-12 19:45:29,820 INFO  db.DBStoreBuilder (DBStoreBuilder.java:processTables(161)) - Using default column profile:DBProfile.DISK for Table:openKeyTable
2019-06-12 19:45:29,820 INFO  db.DBStoreBuilder (DBStoreBuilder.java:addTable(110)) - using custom profile for table: s3Table
2019-06-12 19:45:29,820 INFO  db.DBStoreBuilder (DBStoreBuilder.java:processTables(161)) - Using default column profile:DBProfile.DISK for Table:s3Table
2019-06-12 19:45:29,820 INFO  db.DBStoreBuilder (DBStoreBuilder.java:addTable(110)) - using custom profile for table: multipartInfoTable
2019-06-12 19:45:29,820 INFO  db.DBStoreBuilder (DBStoreBuilder.java:processTables(161)) - Using default column profile:DBProfile.DISK for Table:multipartInfoTable
2019-06-12 19:45:29,820 INFO  db.DBStoreBuilder (DBStoreBuilder.java:addTable(110)) - using custom profile for table: dTokenTable
2019-06-12 19:45:29,820 INFO  db.DBStoreBuilder (DBStoreBuilder.java:processTables(161)) - Using default column profile:DBProfile.DISK for Table:dTokenTable
2019-06-12 19:45:29,820 INFO  db.DBStoreBuilder (DBStoreBuilder.java:addTable(110)) - using custom profile for table: s3SecretTable
2019-06-12 19:45:29,821 INFO  db.DBStoreBuilder (DBStoreBuilder.java:processTables(161)) - Using default column profile:DBProfile.DISK for Table:s3SecretTable
2019-06-12 19:45:29,821 INFO  db.DBStoreBuilder (DBStoreBuilder.java:addTable(110)) - using custom profile for table: prefixTable
2019-06-12 19:45:29,821 INFO  db.DBStoreBuilder (DBStoreBuilder.java:processTables(161)) - Using default column profile:DBProfile.DISK for Table:prefixTable
2019-06-12 19:45:29,821 INFO  db.DBStoreBuilder (DBStoreBuilder.java:addTable(110)) - using custom profile for table: default
2019-06-12 19:45:29,821 INFO  db.DBStoreBuilder (DBStoreBuilder.java:processTables(167)) - Using default column profile:DBProfile.DISK for Table:default
2019-06-12 19:45:29,821 INFO  db.DBStoreBuilder (DBStoreBuilder.java:getDbProfile(198)) - Using default options. DBProfile.DISK
2019-06-12 19:45:29,956 INFO  ipc.CallQueueManager (CallQueueManager.java:<init>(84)) - Using callQueue: class java.util.concurrent.LinkedBlockingQueue, queueCapacity: 2000, scheduler: class org.apache.hadoop.ipc.DefaultRpcScheduler, ipcBackoff: false.
2019-06-12 19:45:29,957 INFO  ipc.Server (Server.java:run(1074)) - Starting Socket Reader #1 for port 40853
2019-06-12 19:45:29,972 WARN  scm.ScmUtils (ScmUtils.java:getDBPath(63)) - ozone.om.db.dirs is not configured. We recommend adding this setting. Falling back to ozone.metadata.dirs instead.
2019-06-12 19:45:29,973 INFO  om.OzoneManager (OzoneManager.java:start(1217)) - OzoneManager RPC server is listening at localhost/127.0.0.1:40853
2019-06-12 19:45:29,973 INFO  impl.MetricsSystemImpl (MetricsSystemImpl.java:init(158)) - OzoneManager metrics system started (again)
2019-06-12 19:45:29,979 INFO  ipc.Server (Server.java:run(1314)) - IPC Server Responder: starting
2019-06-12 19:45:29,982 INFO  ipc.Server (Server.java:run(1153)) - IPC Server listener on 40853: starting
2019-06-12 19:45:29,998 INFO  hdfs.DFSUtil (DFSUtil.java:httpServerTemplateForNNAndJN(1641)) - Starting Web-server for ozoneManager at: http://0.0.0.0:0
2019-06-12 19:45:29,999 INFO  server.AuthenticationFilter (AuthenticationFilter.java:constructSecretProvider(240)) - Unable to initialize FileSignerSecretProvider, falling back to use random secrets.
2019-06-12 19:45:29,999 WARN  http.HttpRequestLog (HttpRequestLog.java:getRequestLog(97)) - Jetty request log can only be enabled using Log4j
2019-06-12 19:45:30,001 INFO  http.HttpServer2 (HttpServer2.java:addGlobalFilter(975)) - Added global filter 'safety' (class=org.apache.hadoop.http.HttpServer2$QuotingInputFilter)
2019-06-12 19:45:30,001 INFO  http.HttpServer2 (HttpServer2.java:addFilter(948)) - Added filter static_user_filter (class=org.apache.hadoop.http.lib.StaticUserWebFilter$StaticUserFilter) to context ozoneManager
2019-06-12 19:45:30,001 INFO  http.HttpServer2 (HttpServer2.java:addFilter(958)) - Added filter static_user_filter (class=org.apache.hadoop.http.lib.StaticUserWebFilter$StaticUserFilter) to context logs
2019-06-12 19:45:30,001 INFO  http.HttpServer2 (HttpServer2.java:addFilter(958)) - Added filter static_user_filter (class=org.apache.hadoop.http.lib.StaticUserWebFilter$StaticUserFilter) to context static
2019-06-12 19:45:30,002 INFO  http.HttpServer2 (HttpServer2.java:bindListener(1191)) - Jetty bound to port 33869
2019-06-12 19:45:30,002 INFO  server.Server (Server.java:doStart(351)) - jetty-9.3.24.v20180605, build timestamp: 2018-06-05T17:11:56Z, git hash: 84205aa28f11a4f31f2a3b86d1bba2cc8ab69827
2019-06-12 19:45:30,003 INFO  handler.ContextHandler (ContextHandler.java:doStart(781)) - Started o.e.j.s.ServletContextHandler@235b4aea{/logs,file:///opt/src/hadoop-ozone/integration-test/target/log,AVAILABLE}
2019-06-12 19:45:30,003 INFO  handler.ContextHandler (ContextHandler.java:doStart(781)) - Started o.e.j.s.ServletContextHandler@64e680c5{/static,file:///opt/src/hadoop-ozone/integration-test/target/test-classes/webapps/static,AVAILABLE}
2019-06-12 19:45:30,005 INFO  handler.ContextHandler (ContextHandler.java:doStart(781)) - Started o.e.j.w.WebAppContext@6b61a4b0{/,file:///opt/src/hadoop-ozone/integration-test/target/test-classes/webapps/ozoneManager/,AVAILABLE}{/ozoneManager}
2019-06-12 19:45:30,005 INFO  server.AbstractConnector (AbstractConnector.java:doStart(278)) - Started ServerConnector@5c00de0d{HTTP/1.1,[http/1.1]}{0.0.0.0:33869}
2019-06-12 19:45:30,006 INFO  server.Server (Server.java:doStart(419)) - Started @112609ms
2019-06-12 19:45:30,007 INFO  server.BaseHttpServer (BaseHttpServer.java:updateConnectorAddress(207)) - HTTP server of OZONEMANAGER is listening at http://0.0.0.0:33869
2019-06-12 19:45:30,013 INFO  impl.MetricsSystemImpl (MetricsSystemImpl.java:init(158)) - HddsDatanode metrics system started (again)
2019-06-12 19:45:30,013 INFO  ozone.HddsDatanodeService (HddsDatanodeService.java:start(185)) - HddsDatanodeService host:ozone-jdgtl-3343835462 ip:192.168.11.214
2019-06-12 19:45:30,017 INFO  volume.HddsVolume (HddsVolume.java:<init>(176)) - Creating Volume: /opt/src/hadoop-ozone/integration-test/target/test-dir/MiniOzoneClusterImpl-4fbde124-f1f4-48c9-be06-d4a30676b84b/datanode-0/data/containers/hdds of  storage type : DISK and capacity : 104021790720
2019-06-12 19:45:30,017 INFO  volume.VolumeSet (VolumeSet.java:initializeVolumeSet(170)) - Added Volume : /opt/src/hadoop-ozone/integration-test/target/test-dir/MiniOzoneClusterImpl-4fbde124-f1f4-48c9-be06-d4a30676b84b/datanode-0/data/containers/hdds to VolumeSet
2019-06-12 19:45:30,017 INFO  volume.ThrottledAsyncChecker (ThrottledAsyncChecker.java:schedule(140)) - Scheduling a check for org.apache.hadoop.ozone.container.common.volume.HddsVolume@3599b7e8
2019-06-12 19:45:30,018 INFO  volume.HddsVolumeChecker (HddsVolumeChecker.java:checkAllVolumes(203)) - Scheduled health check for volume org.apache.hadoop.ozone.container.common.volume.HddsVolume@3599b7e8
2019-06-12 19:45:30,029 INFO  ratis.XceiverServerRatis (XceiverServerRatis.java:newXceiverServerRatis(401)) - Found a free port for the server : 44303
2019-06-12 19:45:30,030 INFO  impl.RaftServerProxy (ConfUtils.java:logGet(43)) - raft.rpc.type = GRPC (default)
2019-06-12 19:45:30,030 INFO  grpc.GrpcConfigKeys$Server (ConfUtils.java:logGet(43)) - raft.grpc.server.port = 44303 (custom)
2019-06-12 19:45:30,030 INFO  server.GrpcService (ConfUtils.java:logGet(43)) - raft.grpc.message.size.max = 33570816 (custom)
2019-06-12 19:45:30,031 INFO  server.RaftServerConfigKeys (ConfUtils.java:logGet(43)) - raft.server.log.appender.buffer.byte-limit = 33554432 (custom)
2019-06-12 19:45:30,031 INFO  server.GrpcService (ConfUtils.java:logGet(43)) - raft.grpc.flow.control.window = 1MB (=1048576) (default)
2019-06-12 19:45:30,031 INFO  server.RaftServerConfigKeys (ConfUtils.java:logGet(43)) - raft.server.rpc.request.timeout = 3000ms (default)
2019-06-12 19:45:30,031 INFO  server.RaftServerConfigKeys (ConfUtils.java:logGet(43)) - raft.server.storage.dir = [/opt/src/hadoop-ozone/integration-test/target/test-dir/MiniOzoneClusterImpl-4fbde124-f1f4-48c9-be06-d4a30676b84b/datanode-0/data/ratis] (custom)
2019-06-12 19:45:30,032 INFO  server.XceiverServerGrpc (XceiverServerGrpc.java:<init>(97)) - Found a free port for the server : 43703
2019-06-12 19:45:30,032 INFO  replication.SimpleContainerDownloader (SimpleContainerDownloader.java:<init>(72)) - Starting container downloader service to copy containers to replicate.
2019-06-12 19:45:30,033 INFO  hdfs.DFSUtil (DFSUtil.java:httpServerTemplateForNNAndJN(1641)) - Starting Web-server for hddsDatanode at: http://0.0.0.0:0
2019-06-12 19:45:30,034 INFO  server.AuthenticationFilter (AuthenticationFilter.java:constructSecretProvider(240)) - Unable to initialize FileSignerSecretProvider, falling back to use random secrets.
2019-06-12 19:45:30,034 WARN  http.HttpRequestLog (HttpRequestLog.java:getRequestLog(97)) - Jetty request log can only be enabled using Log4j
2019-06-12 19:45:30,036 INFO  http.HttpServer2 (HttpServer2.java:addGlobalFilter(975)) - Added global filter 'safety' (class=org.apache.hadoop.http.HttpServer2$QuotingInputFilter)
2019-06-12 19:45:30,036 INFO  http.HttpServer2 (HttpServer2.java:addFilter(948)) - Added filter static_user_filter (class=org.apache.hadoop.http.lib.StaticUserWebFilter$StaticUserFilter) to context hddsDatanode
2019-06-12 19:45:30,036 INFO  http.HttpServer2 (HttpServer2.java:addFilter(958)) - Added filter static_user_filter (class=org.apache.hadoop.http.lib.StaticUserWebFilter$StaticUserFilter) to context logs
2019-06-12 19:45:30,036 INFO  http.HttpServer2 (HttpServer2.java:addFilter(958)) - Added filter static_user_filter (class=org.apache.hadoop.http.lib.StaticUserWebFilter$StaticUserFilter) to context static
2019-06-12 19:45:30,037 INFO  http.HttpServer2 (HttpServer2.java:bindListener(1191)) - Jetty bound to port 44031
2019-06-12 19:45:30,037 INFO  server.Server (Server.java:doStart(351)) - jetty-9.3.24.v20180605, build timestamp: 2018-06-05T17:11:56Z, git hash: 84205aa28f11a4f31f2a3b86d1bba2cc8ab69827
2019-06-12 19:45:30,039 INFO  handler.ContextHandler (ContextHandler.java:doStart(781)) - Started o.e.j.s.ServletContextHandler@70e07ef8{/logs,file:///opt/src/hadoop-ozone/integration-test/target/log,AVAILABLE}
2019-06-12 19:45:30,041 INFO  handler.ContextHandler (ContextHandler.java:doStart(781)) - Started o.e.j.s.ServletContextHandler@1aa64998{/static,jar:file:/root/.m2/repository/org/apache/hadoop/hadoop-hdds-container-service/0.5.0-SNAPSHOT/hadoop-hdds-container-service-0.5.0-SNAPSHOT.jar!/webapps/static,AVAILABLE}
2019-06-12 19:45:30,069 INFO  handler.ContextHandler (ContextHandler.java:doStart(781)) - Started o.e.j.w.WebAppContext@665c79a2{/,file:///tmp/jetty-0.0.0.0-44031-hddsDatanode-_-any-8117596347484705388.dir/webapp/,AVAILABLE}{/hddsDatanode}
2019-06-12 19:45:30,069 INFO  server.AbstractConnector (AbstractConnector.java:doStart(278)) - Started ServerConnector@3e79473d{HTTP/1.1,[http/1.1]}{0.0.0.0:44031}
2019-06-12 19:45:30,071 INFO  server.Server (Server.java:doStart(419)) - Started @112673ms
2019-06-12 19:45:30,072 INFO  server.BaseHttpServer (BaseHttpServer.java:updateConnectorAddress(207)) - HTTP server of HDDSDATANODE is listening at http://0.0.0.0:44031
2019-06-12 19:45:30,143 INFO  ozone.HddsDatanodeService (HddsDatanodeService.java:startPlugins(396)) - Started plug-in org.apache.hadoop.ozone.web.OzoneHddsDatanodeService@3d72abea
2019-06-12 19:45:30,143 INFO  impl.MetricsSystemImpl (MetricsSystemImpl.java:init(158)) - HddsDatanode metrics system started (again)
2019-06-12 19:45:30,143 INFO  ozone.HddsDatanodeService (HddsDatanodeService.java:start(185)) - HddsDatanodeService host:ozone-jdgtl-3343835462 ip:192.168.11.214
2019-06-12 19:45:30,145 INFO  util.JvmPauseMonitor (JvmPauseMonitor.java:run(188)) - Starting JVM pause monitor
2019-06-12 19:45:30,145 INFO  datanode.InitDatanodeState (InitDatanodeState.java:persistContainerDatanodeDetails(140)) - DatanodeDetails is persisted to /opt/src/hadoop-ozone/integration-test/target/test-dir/MiniOzoneClusterImpl-4fbde124-f1f4-48c9-be06-d4a30676b84b/datanode-0/meta/datanode.id
2019-06-12 19:45:30,151 INFO  volume.HddsVolume (HddsVolume.java:<init>(176)) - Creating Volume: /opt/src/hadoop-ozone/integration-test/target/test-dir/MiniOzoneClusterImpl-4fbde124-f1f4-48c9-be06-d4a30676b84b/datanode-1/data/containers/hdds of  storage type : DISK and capacity : 104021790720
2019-06-12 19:45:30,152 INFO  volume.VolumeSet (VolumeSet.java:initializeVolumeSet(170)) - Added Volume : /opt/src/hadoop-ozone/integration-test/target/test-dir/MiniOzoneClusterImpl-4fbde124-f1f4-48c9-be06-d4a30676b84b/datanode-1/data/containers/hdds to VolumeSet
2019-06-12 19:45:30,152 INFO  volume.ThrottledAsyncChecker (ThrottledAsyncChecker.java:schedule(140)) - Scheduling a check for org.apache.hadoop.ozone.container.common.volume.HddsVolume@4feea86f
2019-06-12 19:45:30,154 INFO  volume.HddsVolumeChecker (HddsVolumeChecker.java:checkAllVolumes(203)) - Scheduled health check for volume org.apache.hadoop.ozone.container.common.volume.HddsVolume@4feea86f
2019-06-12 19:45:30,161 INFO  ratis.XceiverServerRatis (XceiverServerRatis.java:newXceiverServerRatis(401)) - Found a free port for the server : 39469
2019-06-12 19:45:30,163 INFO  impl.RaftServerProxy (ConfUtils.java:logGet(43)) - raft.rpc.type = GRPC (default)
2019-06-12 19:45:30,163 INFO  grpc.GrpcConfigKeys$Server (ConfUtils.java:logGet(43)) - raft.grpc.server.port = 39469 (custom)
2019-06-12 19:45:30,163 INFO  server.GrpcService (ConfUtils.java:logGet(43)) - raft.grpc.message.size.max = 33570816 (custom)
2019-06-12 19:45:30,163 INFO  server.RaftServerConfigKeys (ConfUtils.java:logGet(43)) - raft.server.log.appender.buffer.byte-limit = 33554432 (custom)
2019-06-12 19:45:30,163 INFO  server.GrpcService (ConfUtils.java:logGet(43)) - raft.grpc.flow.control.window = 1MB (=1048576) (default)
2019-06-12 19:45:30,163 INFO  server.RaftServerConfigKeys (ConfUtils.java:logGet(43)) - raft.server.rpc.request.timeout = 3000ms (default)
2019-06-12 19:45:30,164 INFO  server.RaftServerConfigKeys (ConfUtils.java:logGet(43)) - raft.server.storage.dir = [/opt/src/hadoop-ozone/integration-test/target/test-dir/MiniOzoneClusterImpl-4fbde124-f1f4-48c9-be06-d4a30676b84b/datanode-1/data/ratis] (custom)
2019-06-12 19:45:30,164 INFO  server.XceiverServerGrpc (XceiverServerGrpc.java:<init>(97)) - Found a free port for the server : 39327
2019-06-12 19:45:30,164 INFO  replication.SimpleContainerDownloader (SimpleContainerDownloader.java:<init>(72)) - Starting container downloader service to copy containers to replicate.
2019-06-12 19:45:30,165 INFO  hdfs.DFSUtil (DFSUtil.java:httpServerTemplateForNNAndJN(1641)) - Starting Web-server for hddsDatanode at: http://0.0.0.0:0
2019-06-12 19:45:30,166 INFO  server.AuthenticationFilter (AuthenticationFilter.java:constructSecretProvider(240)) - Unable to initialize FileSignerSecretProvider, falling back to use random secrets.
2019-06-12 19:45:30,166 WARN  http.HttpRequestLog (HttpRequestLog.java:getRequestLog(97)) - Jetty request log can only be enabled using Log4j
2019-06-12 19:45:30,167 INFO  http.HttpServer2 (HttpServer2.java:addGlobalFilter(975)) - Added global filter 'safety' (class=org.apache.hadoop.http.HttpServer2$QuotingInputFilter)
2019-06-12 19:45:30,167 INFO  http.HttpServer2 (HttpServer2.java:addFilter(948)) - Added filter static_user_filter (class=org.apache.hadoop.http.lib.StaticUserWebFilter$StaticUserFilter) to context hddsDatanode
2019-06-12 19:45:30,168 INFO  http.HttpServer2 (HttpServer2.java:addFilter(958)) - Added filter static_user_filter (class=org.apache.hadoop.http.lib.StaticUserWebFilter$StaticUserFilter) to context static
2019-06-12 19:45:30,168 INFO  http.HttpServer2 (HttpServer2.java:addFilter(958)) - Added filter static_user_filter (class=org.apache.hadoop.http.lib.StaticUserWebFilter$StaticUserFilter) to context logs
2019-06-12 19:45:30,168 INFO  http.HttpServer2 (HttpServer2.java:bindListener(1191)) - Jetty bound to port 46511
2019-06-12 19:45:30,168 INFO  server.Server (Server.java:doStart(351)) - jetty-9.3.24.v20180605, build timestamp: 2018-06-05T17:11:56Z, git hash: 84205aa28f11a4f31f2a3b86d1bba2cc8ab69827
2019-06-12 19:45:30,169 INFO  handler.ContextHandler (ContextHandler.java:doStart(781)) - Started o.e.j.s.ServletContextHandler@70d24586{/logs,file:///opt/src/hadoop-ozone/integration-test/target/log,AVAILABLE}
2019-06-12 19:45:30,169 INFO  handler.ContextHandler (ContextHandler.java:doStart(781)) - Started o.e.j.s.ServletContextHandler@52238861{/static,jar:file:/root/.m2/repository/org/apache/hadoop/hadoop-hdds-container-service/0.5.0-SNAPSHOT/hadoop-hdds-container-service-0.5.0-SNAPSHOT.jar!/webapps/static,AVAILABLE}
2019-06-12 19:45:30,190 INFO  handler.ContextHandler (ContextHandler.java:doStart(781)) - Started o.e.j.w.WebAppContext@78fd1179{/,file:///tmp/jetty-0.0.0.0-46511-hddsDatanode-_-any-6947126137275541372.dir/webapp/,AVAILABLE}{/hddsDatanode}
2019-06-12 19:45:30,190 INFO  server.AbstractConnector (AbstractConnector.java:doStart(278)) - Started ServerConnector@13cec4ff{HTTP/1.1,[http/1.1]}{0.0.0.0:46511}
2019-06-12 19:45:30,191 INFO  server.Server (Server.java:doStart(419)) - Started @112794ms
2019-06-12 19:45:30,192 INFO  server.BaseHttpServer (BaseHttpServer.java:updateConnectorAddress(207)) - HTTP server of HDDSDATANODE is listening at http://0.0.0.0:46511
2019-06-12 19:45:30,314 INFO  ozone.HddsDatanodeService (HddsDatanodeService.java:startPlugins(396)) - Started plug-in org.apache.hadoop.ozone.web.OzoneHddsDatanodeService@18ada4e1
2019-06-12 19:45:30,318 INFO  impl.MetricsSystemImpl (MetricsSystemImpl.java:init(158)) - HddsDatanode metrics system started (again)
2019-06-12 19:45:30,318 INFO  ozone.HddsDatanodeService (HddsDatanodeService.java:start(185)) - HddsDatanodeService host:ozone-jdgtl-3343835462 ip:192.168.11.214
2019-06-12 19:45:30,319 INFO  util.JvmPauseMonitor (JvmPauseMonitor.java:run(188)) - Starting JVM pause monitor
2019-06-12 19:45:30,320 INFO  datanode.InitDatanodeState (InitDatanodeState.java:persistContainerDatanodeDetails(140)) - DatanodeDetails is persisted to /opt/src/hadoop-ozone/integration-test/target/test-dir/MiniOzoneClusterImpl-4fbde124-f1f4-48c9-be06-d4a30676b84b/datanode-1/meta/datanode.id
2019-06-12 19:45:30,331 INFO  volume.HddsVolume (HddsVolume.java:<init>(176)) - Creating Volume: /opt/src/hadoop-ozone/integration-test/target/test-dir/MiniOzoneClusterImpl-4fbde124-f1f4-48c9-be06-d4a30676b84b/datanode-2/data/containers/hdds of  storage type : DISK and capacity : 104021790720
2019-06-12 19:45:30,331 INFO  volume.VolumeSet (VolumeSet.java:initializeVolumeSet(170)) - Added Volume : /opt/src/hadoop-ozone/integration-test/target/test-dir/MiniOzoneClusterImpl-4fbde124-f1f4-48c9-be06-d4a30676b84b/datanode-2/data/containers/hdds to VolumeSet
2019-06-12 19:45:30,332 INFO  volume.ThrottledAsyncChecker (ThrottledAsyncChecker.java:schedule(140)) - Scheduling a check for org.apache.hadoop.ozone.container.common.volume.HddsVolume@74727e41
2019-06-12 19:45:30,334 INFO  volume.HddsVolumeChecker (HddsVolumeChecker.java:checkAllVolumes(203)) - Scheduled health check for volume org.apache.hadoop.ozone.container.common.volume.HddsVolume@74727e41
2019-06-12 19:45:30,345 INFO  ratis.XceiverServerRatis (XceiverServerRatis.java:newXceiverServerRatis(401)) - Found a free port for the server : 37275
2019-06-12 19:45:30,346 INFO  impl.RaftServerProxy (ConfUtils.java:logGet(43)) - raft.rpc.type = GRPC (default)
2019-06-12 19:45:30,346 INFO  grpc.GrpcConfigKeys$Server (ConfUtils.java:logGet(43)) - raft.grpc.server.port = 37275 (custom)
2019-06-12 19:45:30,347 INFO  server.GrpcService (ConfUtils.java:logGet(43)) - raft.grpc.message.size.max = 33570816 (custom)
2019-06-12 19:45:30,347 INFO  server.RaftServerConfigKeys (ConfUtils.java:logGet(43)) - raft.server.log.appender.buffer.byte-limit = 33554432 (custom)
2019-06-12 19:45:30,347 INFO  server.GrpcService (ConfUtils.java:logGet(43)) - raft.grpc.flow.control.window = 1MB (=1048576) (default)
2019-06-12 19:45:30,347 INFO  server.RaftServerConfigKeys (ConfUtils.java:logGet(43)) - raft.server.rpc.request.timeout = 3000ms (default)
2019-06-12 19:45:30,348 INFO  server.RaftServerConfigKeys (ConfUtils.java:logGet(43)) - raft.server.storage.dir = [/opt/src/hadoop-ozone/integration-test/target/test-dir/MiniOzoneClusterImpl-4fbde124-f1f4-48c9-be06-d4a30676b84b/datanode-2/data/ratis] (custom)
2019-06-12 19:45:30,348 INFO  server.XceiverServerGrpc (XceiverServerGrpc.java:<init>(97)) - Found a free port for the server : 33025
2019-06-12 19:45:30,348 INFO  replication.SimpleContainerDownloader (SimpleContainerDownloader.java:<init>(72)) - Starting container downloader service to copy containers to replicate.
2019-06-12 19:45:30,349 INFO  hdfs.DFSUtil (DFSUtil.java:httpServerTemplateForNNAndJN(1641)) - Starting Web-server for hddsDatanode at: http://0.0.0.0:0
2019-06-12 19:45:30,350 INFO  server.AuthenticationFilter (AuthenticationFilter.java:constructSecretProvider(240)) - Unable to initialize FileSignerSecretProvider, falling back to use random secrets.
2019-06-12 19:45:30,350 WARN  http.HttpRequestLog (HttpRequestLog.java:getRequestLog(97)) - Jetty request log can only be enabled using Log4j
2019-06-12 19:45:30,351 INFO  http.HttpServer2 (HttpServer2.java:addGlobalFilter(975)) - Added global filter 'safety' (class=org.apache.hadoop.http.HttpServer2$QuotingInputFilter)
2019-06-12 19:45:30,351 INFO  http.HttpServer2 (HttpServer2.java:addFilter(948)) - Added filter static_user_filter (class=org.apache.hadoop.http.lib.StaticUserWebFilter$StaticUserFilter) to context hddsDatanode
2019-06-12 19:45:30,351 INFO  http.HttpServer2 (HttpServer2.java:addFilter(958)) - Added filter static_user_filter (class=org.apache.hadoop.http.lib.StaticUserWebFilter$StaticUserFilter) to context logs
2019-06-12 19:45:30,352 INFO  http.HttpServer2 (HttpServer2.java:addFilter(958)) - Added filter static_user_filter (class=org.apache.hadoop.http.lib.StaticUserWebFilter$StaticUserFilter) to context static
2019-06-12 19:45:30,352 INFO  http.HttpServer2 (HttpServer2.java:bindListener(1191)) - Jetty bound to port 39835
2019-06-12 19:45:30,352 INFO  server.Server (Server.java:doStart(351)) - jetty-9.3.24.v20180605, build timestamp: 2018-06-05T17:11:56Z, git hash: 84205aa28f11a4f31f2a3b86d1bba2cc8ab69827
2019-06-12 19:45:30,353 INFO  handler.ContextHandler (ContextHandler.java:doStart(781)) - Started o.e.j.s.ServletContextHandler@4ab959e8{/logs,file:///opt/src/hadoop-ozone/integration-test/target/log,AVAILABLE}
2019-06-12 19:45:30,353 INFO  handler.ContextHandler (ContextHandler.java:doStart(781)) - Started o.e.j.s.ServletContextHandler@5f910283{/static,jar:file:/root/.m2/repository/org/apache/hadoop/hadoop-hdds-container-service/0.5.0-SNAPSHOT/hadoop-hdds-container-service-0.5.0-SNAPSHOT.jar!/webapps/static,AVAILABLE}
2019-06-12 19:45:30,372 INFO  handler.ContextHandler (ContextHandler.java:doStart(781)) - Started o.e.j.w.WebAppContext@2afa1b1a{/,file:///tmp/jetty-0.0.0.0-39835-hddsDatanode-_-any-3789095819232478709.dir/webapp/,AVAILABLE}{/hddsDatanode}
2019-06-12 19:45:30,373 INFO  server.AbstractConnector (AbstractConnector.java:doStart(278)) - Started ServerConnector@30fffb53{HTTP/1.1,[http/1.1]}{0.0.0.0:39835}
2019-06-12 19:45:30,374 INFO  server.Server (Server.java:doStart(419)) - Started @112977ms
2019-06-12 19:45:30,375 INFO  server.BaseHttpServer (BaseHttpServer.java:updateConnectorAddress(207)) - HTTP server of HDDSDATANODE is listening at http://0.0.0.0:39835
2019-06-12 19:45:30,465 INFO  ozone.HddsDatanodeService (HddsDatanodeService.java:startPlugins(396)) - Started plug-in org.apache.hadoop.ozone.web.OzoneHddsDatanodeService@51f412e6
2019-06-12 19:45:30,465 INFO  impl.MetricsSystemImpl (MetricsSystemImpl.java:init(158)) - HddsDatanode metrics system started (again)
2019-06-12 19:45:30,466 INFO  ozone.HddsDatanodeService (HddsDatanodeService.java:start(185)) - HddsDatanodeService host:ozone-jdgtl-3343835462 ip:192.168.11.214
2019-06-12 19:45:30,471 INFO  util.JvmPauseMonitor (JvmPauseMonitor.java:run(188)) - Starting JVM pause monitor
2019-06-12 19:45:30,471 INFO  datanode.InitDatanodeState (InitDatanodeState.java:persistContainerDatanodeDetails(140)) - DatanodeDetails is persisted to /opt/src/hadoop-ozone/integration-test/target/test-dir/MiniOzoneClusterImpl-4fbde124-f1f4-48c9-be06-d4a30676b84b/datanode-2/meta/datanode.id
2019-06-12 19:45:30,475 INFO  volume.HddsVolume (HddsVolume.java:<init>(176)) - Creating Volume: /opt/src/hadoop-ozone/integration-test/target/test-dir/MiniOzoneClusterImpl-4fbde124-f1f4-48c9-be06-d4a30676b84b/datanode-3/data/containers/hdds of  storage type : DISK and capacity : 104021790720
2019-06-12 19:45:30,476 INFO  volume.VolumeSet (VolumeSet.java:initializeVolumeSet(170)) - Added Volume : /opt/src/hadoop-ozone/integration-test/target/test-dir/MiniOzoneClusterImpl-4fbde124-f1f4-48c9-be06-d4a30676b84b/datanode-3/data/containers/hdds to VolumeSet
2019-06-12 19:45:30,476 INFO  volume.ThrottledAsyncChecker (ThrottledAsyncChecker.java:schedule(140)) - Scheduling a check for org.apache.hadoop.ozone.container.common.volume.HddsVolume@3e60be48
2019-06-12 19:45:30,476 INFO  volume.HddsVolumeChecker (HddsVolumeChecker.java:checkAllVolumes(203)) - Scheduled health check for volume org.apache.hadoop.ozone.container.common.volume.HddsVolume@3e60be48
2019-06-12 19:45:30,487 INFO  ratis.XceiverServerRatis (XceiverServerRatis.java:newXceiverServerRatis(401)) - Found a free port for the server : 37497
2019-06-12 19:45:30,489 INFO  impl.RaftServerProxy (ConfUtils.java:logGet(43)) - raft.rpc.type = GRPC (default)
2019-06-12 19:45:30,489 INFO  grpc.GrpcConfigKeys$Server (ConfUtils.java:logGet(43)) - raft.grpc.server.port = 37497 (custom)
2019-06-12 19:45:30,490 INFO  server.GrpcService (ConfUtils.java:logGet(43)) - raft.grpc.message.size.max = 33570816 (custom)
2019-06-12 19:45:30,490 INFO  server.RaftServerConfigKeys (ConfUtils.java:logGet(43)) - raft.server.log.appender.buffer.byte-limit = 33554432 (custom)
2019-06-12 19:45:30,490 INFO  server.GrpcService (ConfUtils.java:logGet(43)) - raft.grpc.flow.control.window = 1MB (=1048576) (default)
2019-06-12 19:45:30,490 INFO  server.RaftServerConfigKeys (ConfUtils.java:logGet(43)) - raft.server.rpc.request.timeout = 3000ms (default)
2019-06-12 19:45:30,491 INFO  server.RaftServerConfigKeys (ConfUtils.java:logGet(43)) - raft.server.storage.dir = [/opt/src/hadoop-ozone/integration-test/target/test-dir/MiniOzoneClusterImpl-4fbde124-f1f4-48c9-be06-d4a30676b84b/datanode-3/data/ratis] (custom)
2019-06-12 19:45:30,491 INFO  server.XceiverServerGrpc (XceiverServerGrpc.java:<init>(97)) - Found a free port for the server : 45475
2019-06-12 19:45:30,491 INFO  replication.SimpleContainerDownloader (SimpleContainerDownloader.java:<init>(72)) - Starting container downloader service to copy containers to replicate.
2019-06-12 19:45:30,492 INFO  hdfs.DFSUtil (DFSUtil.java:httpServerTemplateForNNAndJN(1641)) - Starting Web-server for hddsDatanode at: http://0.0.0.0:0
2019-06-12 19:45:30,493 INFO  server.AuthenticationFilter (AuthenticationFilter.java:constructSecretProvider(240)) - Unable to initialize FileSignerSecretProvider, falling back to use random secrets.
2019-06-12 19:45:30,494 WARN  http.HttpRequestLog (HttpRequestLog.java:getRequestLog(97)) - Jetty request log can only be enabled using Log4j
2019-06-12 19:45:30,495 INFO  http.HttpServer2 (HttpServer2.java:addGlobalFilter(975)) - Added global filter 'safety' (class=org.apache.hadoop.http.HttpServer2$QuotingInputFilter)
2019-06-12 19:45:30,495 INFO  http.HttpServer2 (HttpServer2.java:addFilter(948)) - Added filter static_user_filter (class=org.apache.hadoop.http.lib.StaticUserWebFilter$StaticUserFilter) to context hddsDatanode
2019-06-12 19:45:30,495 INFO  http.HttpServer2 (HttpServer2.java:addFilter(958)) - Added filter static_user_filter (class=org.apache.hadoop.http.lib.StaticUserWebFilter$StaticUserFilter) to context logs
2019-06-12 19:45:30,495 INFO  http.HttpServer2 (HttpServer2.java:addFilter(958)) - Added filter static_user_filter (class=org.apache.hadoop.http.lib.StaticUserWebFilter$StaticUserFilter) to context static
2019-06-12 19:45:30,496 INFO  http.HttpServer2 (HttpServer2.java:bindListener(1191)) - Jetty bound to port 44561
2019-06-12 19:45:30,496 INFO  server.Server (Server.java:doStart(351)) - jetty-9.3.24.v20180605, build timestamp: 2018-06-05T17:11:56Z, git hash: 84205aa28f11a4f31f2a3b86d1bba2cc8ab69827
2019-06-12 19:45:30,497 INFO  handler.ContextHandler (ContextHandler.java:doStart(781)) - Started o.e.j.s.ServletContextHandler@4578d654{/logs,file:///opt/src/hadoop-ozone/integration-test/target/log,AVAILABLE}
2019-06-12 19:45:30,498 INFO  handler.ContextHandler (ContextHandler.java:doStart(781)) - Started o.e.j.s.ServletContextHandler@4c32aa7e{/static,jar:file:/root/.m2/repository/org/apache/hadoop/hadoop-hdds-container-service/0.5.0-SNAPSHOT/hadoop-hdds-container-service-0.5.0-SNAPSHOT.jar!/webapps/static,AVAILABLE}
2019-06-12 19:45:30,525 INFO  handler.ContextHandler (ContextHandler.java:doStart(781)) - Started o.e.j.w.WebAppContext@416bff93{/,file:///tmp/jetty-0.0.0.0-44561-hddsDatanode-_-any-5965015816157889372.dir/webapp/,AVAILABLE}{/hddsDatanode}
2019-06-12 19:45:30,526 INFO  server.AbstractConnector (AbstractConnector.java:doStart(278)) - Started ServerConnector@5ef03158{HTTP/1.1,[http/1.1]}{0.0.0.0:44561}
2019-06-12 19:45:30,528 INFO  server.Server (Server.java:doStart(419)) - Started @113130ms
2019-06-12 19:45:30,528 INFO  server.BaseHttpServer (BaseHttpServer.java:updateConnectorAddress(207)) - HTTP server of HDDSDATANODE is listening at http://0.0.0.0:44561
2019-06-12 19:45:30,612 INFO  ozone.HddsDatanodeService (HddsDatanodeService.java:startPlugins(396)) - Started plug-in org.apache.hadoop.ozone.web.OzoneHddsDatanodeService@5896899d
2019-06-12 19:45:30,613 INFO  impl.MetricsSystemImpl (MetricsSystemImpl.java:init(158)) - HddsDatanode metrics system started (again)
2019-06-12 19:45:30,613 INFO  ozone.HddsDatanodeService (HddsDatanodeService.java:start(185)) - HddsDatanodeService host:ozone-jdgtl-3343835462 ip:192.168.11.214
2019-06-12 19:45:30,618 INFO  util.JvmPauseMonitor (JvmPauseMonitor.java:run(188)) - Starting JVM pause monitor
2019-06-12 19:45:30,619 INFO  datanode.InitDatanodeState (InitDatanodeState.java:persistContainerDatanodeDetails(140)) - DatanodeDetails is persisted to /opt/src/hadoop-ozone/integration-test/target/test-dir/MiniOzoneClusterImpl-4fbde124-f1f4-48c9-be06-d4a30676b84b/datanode-3/meta/datanode.id
2019-06-12 19:45:30,623 INFO  volume.HddsVolume (HddsVolume.java:<init>(176)) - Creating Volume: /opt/src/hadoop-ozone/integration-test/target/test-dir/MiniOzoneClusterImpl-4fbde124-f1f4-48c9-be06-d4a30676b84b/datanode-4/data/containers/hdds of  storage type : DISK and capacity : 104021790720
2019-06-12 19:45:30,623 INFO  volume.VolumeSet (VolumeSet.java:initializeVolumeSet(170)) - Added Volume : /opt/src/hadoop-ozone/integration-test/target/test-dir/MiniOzoneClusterImpl-4fbde124-f1f4-48c9-be06-d4a30676b84b/datanode-4/data/containers/hdds to VolumeSet
2019-06-12 19:45:30,623 INFO  volume.ThrottledAsyncChecker (ThrottledAsyncChecker.java:schedule(140)) - Scheduling a check for org.apache.hadoop.ozone.container.common.volume.HddsVolume@5339cdc6
2019-06-12 19:45:30,623 INFO  volume.HddsVolumeChecker (HddsVolumeChecker.java:checkAllVolumes(203)) - Scheduled health check for volume org.apache.hadoop.ozone.container.common.volume.HddsVolume@5339cdc6
2019-06-12 19:45:30,631 INFO  ratis.XceiverServerRatis (XceiverServerRatis.java:newXceiverServerRatis(401)) - Found a free port for the server : 40579
2019-06-12 19:45:30,633 INFO  impl.RaftServerProxy (ConfUtils.java:logGet(43)) - raft.rpc.type = GRPC (default)
2019-06-12 19:45:30,633 INFO  grpc.GrpcConfigKeys$Server (ConfUtils.java:logGet(43)) - raft.grpc.server.port = 40579 (custom)
2019-06-12 19:45:30,633 INFO  server.GrpcService (ConfUtils.java:logGet(43)) - raft.grpc.message.size.max = 33570816 (custom)
2019-06-12 19:45:30,633 INFO  server.RaftServerConfigKeys (ConfUtils.java:logGet(43)) - raft.server.log.appender.buffer.byte-limit = 33554432 (custom)
2019-06-12 19:45:30,633 INFO  server.GrpcService (ConfUtils.java:logGet(43)) - raft.grpc.flow.control.window = 1MB (=1048576) (default)
2019-06-12 19:45:30,633 INFO  server.RaftServerConfigKeys (ConfUtils.java:logGet(43)) - raft.server.rpc.request.timeout = 3000ms (default)
2019-06-12 19:45:30,634 INFO  server.RaftServerConfigKeys (ConfUtils.java:logGet(43)) - raft.server.storage.dir = [/opt/src/hadoop-ozone/integration-test/target/test-dir/MiniOzoneClusterImpl-4fbde124-f1f4-48c9-be06-d4a30676b84b/datanode-4/data/ratis] (custom)
2019-06-12 19:45:30,634 INFO  server.XceiverServerGrpc (XceiverServerGrpc.java:<init>(97)) - Found a free port for the server : 33685
2019-06-12 19:45:30,634 INFO  replication.SimpleContainerDownloader (SimpleContainerDownloader.java:<init>(72)) - Starting container downloader service to copy containers to replicate.
2019-06-12 19:45:30,635 INFO  hdfs.DFSUtil (DFSUtil.java:httpServerTemplateForNNAndJN(1641)) - Starting Web-server for hddsDatanode at: http://0.0.0.0:0
2019-06-12 19:45:30,636 INFO  server.AuthenticationFilter (AuthenticationFilter.java:constructSecretProvider(240)) - Unable to initialize FileSignerSecretProvider, falling back to use random secrets.
2019-06-12 19:45:30,636 WARN  http.HttpRequestLog (HttpRequestLog.java:getRequestLog(97)) - Jetty request log can only be enabled using Log4j
2019-06-12 19:45:30,637 INFO  http.HttpServer2 (HttpServer2.java:addGlobalFilter(975)) - Added global filter 'safety' (class=org.apache.hadoop.http.HttpServer2$QuotingInputFilter)
2019-06-12 19:45:30,637 INFO  http.HttpServer2 (HttpServer2.java:addFilter(948)) - Added filter static_user_filter (class=org.apache.hadoop.http.lib.StaticUserWebFilter$StaticUserFilter) to context hddsDatanode
2019-06-12 19:45:30,638 INFO  http.HttpServer2 (HttpServer2.java:addFilter(958)) - Added filter static_user_filter (class=org.apache.hadoop.http.lib.StaticUserWebFilter$StaticUserFilter) to context logs
2019-06-12 19:45:30,638 INFO  http.HttpServer2 (HttpServer2.java:addFilter(958)) - Added filter static_user_filter (class=org.apache.hadoop.http.lib.StaticUserWebFilter$StaticUserFilter) to context static
2019-06-12 19:45:30,638 INFO  http.HttpServer2 (HttpServer2.java:bindListener(1191)) - Jetty bound to port 36883
2019-06-12 19:45:30,638 INFO  server.Server (Server.java:doStart(351)) - jetty-9.3.24.v20180605, build timestamp: 2018-06-05T17:11:56Z, git hash: 84205aa28f11a4f31f2a3b86d1bba2cc8ab69827
2019-06-12 19:45:30,639 INFO  handler.ContextHandler (ContextHandler.java:doStart(781)) - Started o.e.j.s.ServletContextHandler@56d189d0{/logs,file:///opt/src/hadoop-ozone/integration-test/target/log,AVAILABLE}
2019-06-12 19:45:30,640 INFO  handler.ContextHandler (ContextHandler.java:doStart(781)) - Started o.e.j.s.ServletContextHandler@7d776105{/static,jar:file:/root/.m2/repository/org/apache/hadoop/hadoop-hdds-container-service/0.5.0-SNAPSHOT/hadoop-hdds-container-service-0.5.0-SNAPSHOT.jar!/webapps/static,AVAILABLE}
2019-06-12 19:45:30,666 INFO  handler.ContextHandler (ContextHandler.java:doStart(781)) - Started o.e.j.w.WebAppContext@301434fb{/,file:///tmp/jetty-0.0.0.0-36883-hddsDatanode-_-any-1911423911992361687.dir/webapp/,AVAILABLE}{/hddsDatanode}
2019-06-12 19:45:30,666 INFO  server.AbstractConnector (AbstractConnector.java:doStart(278)) - Started ServerConnector@1641dfb3{HTTP/1.1,[http/1.1]}{0.0.0.0:36883}
2019-06-12 19:45:30,667 INFO  server.Server (Server.java:doStart(419)) - Started @113270ms
2019-06-12 19:45:30,668 INFO  server.BaseHttpServer (BaseHttpServer.java:updateConnectorAddress(207)) - HTTP server of HDDSDATANODE is listening at http://0.0.0.0:36883
2019-06-12 19:45:30,759 INFO  ozone.HddsDatanodeService (HddsDatanodeService.java:startPlugins(396)) - Started plug-in org.apache.hadoop.ozone.web.OzoneHddsDatanodeService@24032706
2019-06-12 19:45:30,760 INFO  impl.MetricsSystemImpl (MetricsSystemImpl.java:init(158)) - HddsDatanode metrics system started (again)
2019-06-12 19:45:30,760 INFO  ozone.HddsDatanodeService (HddsDatanodeService.java:start(185)) - HddsDatanodeService host:ozone-jdgtl-3343835462 ip:192.168.11.214
2019-06-12 19:45:30,765 INFO  datanode.InitDatanodeState (InitDatanodeState.java:persistContainerDatanodeDetails(140)) - DatanodeDetails is persisted to /opt/src/hadoop-ozone/integration-test/target/test-dir/MiniOzoneClusterImpl-4fbde124-f1f4-48c9-be06-d4a30676b84b/datanode-4/meta/datanode.id
2019-06-12 19:45:30,765 INFO  util.JvmPauseMonitor (JvmPauseMonitor.java:run(188)) - Starting JVM pause monitor
2019-06-12 19:45:30,769 INFO  volume.HddsVolume (HddsVolume.java:<init>(176)) - Creating Volume: /opt/src/hadoop-ozone/integration-test/target/test-dir/MiniOzoneClusterImpl-4fbde124-f1f4-48c9-be06-d4a30676b84b/datanode-5/data/containers/hdds of  storage type : DISK and capacity : 104021790720
2019-06-12 19:45:30,769 INFO  volume.VolumeSet (VolumeSet.java:initializeVolumeSet(170)) - Added Volume : /opt/src/hadoop-ozone/integration-test/target/test-dir/MiniOzoneClusterImpl-4fbde124-f1f4-48c9-be06-d4a30676b84b/datanode-5/data/containers/hdds to VolumeSet
2019-06-12 19:45:30,769 INFO  volume.ThrottledAsyncChecker (ThrottledAsyncChecker.java:schedule(140)) - Scheduling a check for org.apache.hadoop.ozone.container.common.volume.HddsVolume@609f136b
2019-06-12 19:45:30,770 INFO  volume.HddsVolumeChecker (HddsVolumeChecker.java:checkAllVolumes(203)) - Scheduled health check for volume org.apache.hadoop.ozone.container.common.volume.HddsVolume@609f136b
2019-06-12 19:45:30,777 INFO  ratis.XceiverServerRatis (XceiverServerRatis.java:newXceiverServerRatis(401)) - Found a free port for the server : 46311
2019-06-12 19:45:30,779 INFO  impl.RaftServerProxy (ConfUtils.java:logGet(43)) - raft.rpc.type = GRPC (default)
2019-06-12 19:45:30,779 INFO  grpc.GrpcConfigKeys$Server (ConfUtils.java:logGet(43)) - raft.grpc.server.port = 46311 (custom)
2019-06-12 19:45:30,779 INFO  server.GrpcService (ConfUtils.java:logGet(43)) - raft.grpc.message.size.max = 33570816 (custom)
2019-06-12 19:45:30,779 INFO  server.RaftServerConfigKeys (ConfUtils.java:logGet(43)) - raft.server.log.appender.buffer.byte-limit = 33554432 (custom)
2019-06-12 19:45:30,779 INFO  server.GrpcService (ConfUtils.java:logGet(43)) - raft.grpc.flow.control.window = 1MB (=1048576) (default)
2019-06-12 19:45:30,780 INFO  server.RaftServerConfigKeys (ConfUtils.java:logGet(43)) - raft.server.rpc.request.timeout = 3000ms (default)
2019-06-12 19:45:30,780 INFO  server.RaftServerConfigKeys (ConfUtils.java:logGet(43)) - raft.server.storage.dir = [/opt/src/hadoop-ozone/integration-test/target/test-dir/MiniOzoneClusterImpl-4fbde124-f1f4-48c9-be06-d4a30676b84b/datanode-5/data/ratis] (custom)
2019-06-12 19:45:30,780 INFO  server.XceiverServerGrpc (XceiverServerGrpc.java:<init>(97)) - Found a free port for the server : 46319
2019-06-12 19:45:30,780 INFO  replication.SimpleContainerDownloader (SimpleContainerDownloader.java:<init>(72)) - Starting container downloader service to copy containers to replicate.
2019-06-12 19:45:30,781 INFO  hdfs.DFSUtil (DFSUtil.java:httpServerTemplateForNNAndJN(1641)) - Starting Web-server for hddsDatanode at: http://0.0.0.0:0
2019-06-12 19:45:30,782 INFO  server.AuthenticationFilter (AuthenticationFilter.java:constructSecretProvider(240)) - Unable to initialize FileSignerSecretProvider, falling back to use random secrets.
2019-06-12 19:45:30,782 WARN  http.HttpRequestLog (HttpRequestLog.java:getRequestLog(97)) - Jetty request log can only be enabled using Log4j
2019-06-12 19:45:30,783 INFO  http.HttpServer2 (HttpServer2.java:addGlobalFilter(975)) - Added global filter 'safety' (class=org.apache.hadoop.http.HttpServer2$QuotingInputFilter)
2019-06-12 19:45:30,783 INFO  http.HttpServer2 (HttpServer2.java:addFilter(948)) - Added filter static_user_filter (class=org.apache.hadoop.http.lib.StaticUserWebFilter$StaticUserFilter) to context hddsDatanode
2019-06-12 19:45:30,783 INFO  http.HttpServer2 (HttpServer2.java:addFilter(958)) - Added filter static_user_filter (class=org.apache.hadoop.http.lib.StaticUserWebFilter$StaticUserFilter) to context logs
2019-06-12 19:45:30,784 INFO  http.HttpServer2 (HttpServer2.java:addFilter(958)) - Added filter static_user_filter (class=org.apache.hadoop.http.lib.StaticUserWebFilter$StaticUserFilter) to context static
2019-06-12 19:45:30,784 INFO  http.HttpServer2 (HttpServer2.java:bindListener(1191)) - Jetty bound to port 35747
2019-06-12 19:45:30,784 INFO  server.Server (Server.java:doStart(351)) - jetty-9.3.24.v20180605, build timestamp: 2018-06-05T17:11:56Z, git hash: 84205aa28f11a4f31f2a3b86d1bba2cc8ab69827
2019-06-12 19:45:30,785 INFO  handler.ContextHandler (ContextHandler.java:doStart(781)) - Started o.e.j.s.ServletContextHandler@3533b614{/logs,file:///opt/src/hadoop-ozone/integration-test/target/log,AVAILABLE}
2019-06-12 19:45:30,785 INFO  handler.ContextHandler (ContextHandler.java:doStart(781)) - Started o.e.j.s.ServletContextHandler@4fec93d0{/static,jar:file:/root/.m2/repository/org/apache/hadoop/hadoop-hdds-container-service/0.5.0-SNAPSHOT/hadoop-hdds-container-service-0.5.0-SNAPSHOT.jar!/webapps/static,AVAILABLE}
2019-06-12 19:45:30,805 INFO  handler.ContextHandler (ContextHandler.java:doStart(781)) - Started o.e.j.w.WebAppContext@26fee641{/,file:///tmp/jetty-0.0.0.0-35747-hddsDatanode-_-any-3869212692466568724.dir/webapp/,AVAILABLE}{/hddsDatanode}
2019-06-12 19:45:30,805 INFO  server.AbstractConnector (AbstractConnector.java:doStart(278)) - Started ServerConnector@32fb4a87{HTTP/1.1,[http/1.1]}{0.0.0.0:35747}
2019-06-12 19:45:30,807 INFO  server.Server (Server.java:doStart(419)) - Started @113410ms
2019-06-12 19:45:30,808 INFO  server.BaseHttpServer (BaseHttpServer.java:updateConnectorAddress(207)) - HTTP server of HDDSDATANODE is listening at http://0.0.0.0:35747
2019-06-12 19:45:30,908 INFO  ozone.HddsDatanodeService (HddsDatanodeService.java:startPlugins(396)) - Started plug-in org.apache.hadoop.ozone.web.OzoneHddsDatanodeService@63fe055
2019-06-12 19:45:30,908 INFO  ozone.MiniOzoneClusterImpl (MiniOzoneClusterImpl.java:lambda$waitForClusterToBeReady$0(142)) - Waiting for cluster to be ready. Got 0 of 6 DN Heartbeats.
2019-06-12 19:45:30,909 INFO  util.JvmPauseMonitor (JvmPauseMonitor.java:run(188)) - Starting JVM pause monitor
2019-06-12 19:45:30,910 INFO  datanode.InitDatanodeState (InitDatanodeState.java:persistContainerDatanodeDetails(140)) - DatanodeDetails is persisted to /opt/src/hadoop-ozone/integration-test/target/test-dir/MiniOzoneClusterImpl-4fbde124-f1f4-48c9-be06-d4a30676b84b/datanode-5/meta/datanode.id
2019-06-12 19:45:31,908 INFO  ozone.MiniOzoneClusterImpl (MiniOzoneClusterImpl.java:lambda$waitForClusterToBeReady$0(142)) - Waiting for cluster to be ready. Got 0 of 6 DN Heartbeats.
2019-06-12 19:45:32,151 INFO  ozoneimpl.OzoneContainer (OzoneContainer.java:start(186)) - Attempting to start container services.
2019-06-12 19:45:32,151 INFO  ozoneimpl.OzoneContainer (OzoneContainer.java:startContainerScrub(160)) - Background container scrubber has been disabled by hdds.containerscrub.enabled
2019-06-12 19:45:32,151 INFO  ratis.XceiverServerRatis (XceiverServerRatis.java:start(418)) - Starting XceiverServerRatis de7e55f9-8d70-4d3a-a529-24ac5e0f0ecd at port 44303
2019-06-12 19:45:32,154 INFO  impl.RaftServerProxy (RaftServerProxy.java:lambda$start$3(299)) - de7e55f9-8d70-4d3a-a529-24ac5e0f0ecd: start RPC server
2019-06-12 19:45:32,155 INFO  server.GrpcService (GrpcService.java:startImpl(148)) - de7e55f9-8d70-4d3a-a529-24ac5e0f0ecd: GrpcService started, listening on 0.0.0.0/0.0.0.0:44303
2019-06-12 19:45:32,322 INFO  ozoneimpl.OzoneContainer (OzoneContainer.java:start(186)) - Attempting to start container services.
2019-06-12 19:45:32,322 INFO  ozoneimpl.OzoneContainer (OzoneContainer.java:startContainerScrub(160)) - Background container scrubber has been disabled by hdds.containerscrub.enabled
2019-06-12 19:45:32,322 INFO  ratis.XceiverServerRatis (XceiverServerRatis.java:start(418)) - Starting XceiverServerRatis aeca973f-ca62-470c-910a-77205c1f1eaa at port 39469
2019-06-12 19:45:32,325 INFO  impl.RaftServerProxy (RaftServerProxy.java:lambda$start$3(299)) - aeca973f-ca62-470c-910a-77205c1f1eaa: start RPC server
2019-06-12 19:45:32,326 INFO  server.GrpcService (GrpcService.java:startImpl(148)) - aeca973f-ca62-470c-910a-77205c1f1eaa: GrpcService started, listening on 0.0.0.0/0.0.0.0:39469
2019-06-12 19:45:32,440 WARN  events.EventQueue (EventQueue.java:fireEvent(147)) - Processing of TypedEvent{payloadType=DatanodeDetails, name='Stale_Node'} is skipped, EventQueue is not running
2019-06-12 19:45:32,440 WARN  events.EventQueue (EventQueue.java:fireEvent(147)) - Processing of TypedEvent{payloadType=DatanodeDetails, name='Stale_Node'} is skipped, EventQueue is not running
2019-06-12 19:45:32,440 WARN  events.EventQueue (EventQueue.java:fireEvent(147)) - Processing of TypedEvent{payloadType=DatanodeDetails, name='Stale_Node'} is skipped, EventQueue is not running
2019-06-12 19:45:32,440 WARN  events.EventQueue (EventQueue.java:fireEvent(147)) - Processing of TypedEvent{payloadType=DatanodeDetails, name='Stale_Node'} is skipped, EventQueue is not running
2019-06-12 19:45:32,474 INFO  ozoneimpl.OzoneContainer (OzoneContainer.java:start(186)) - Attempting to start container services.
2019-06-12 19:45:32,474 INFO  ozoneimpl.OzoneContainer (OzoneContainer.java:startContainerScrub(160)) - Background container scrubber has been disabled by hdds.containerscrub.enabled
2019-06-12 19:45:32,474 INFO  ratis.XceiverServerRatis (XceiverServerRatis.java:start(418)) - Starting XceiverServerRatis f4717ce4-c525-4f1f-9cc3-cce4d62aaaab at port 37275
2019-06-12 19:45:32,477 INFO  impl.RaftServerProxy (RaftServerProxy.java:lambda$start$3(299)) - f4717ce4-c525-4f1f-9cc3-cce4d62aaaab: start RPC server
2019-06-12 19:45:32,478 INFO  server.GrpcService (GrpcService.java:startImpl(148)) - f4717ce4-c525-4f1f-9cc3-cce4d62aaaab: GrpcService started, listening on 0.0.0.0/0.0.0.0:37275
2019-06-12 19:45:32,621 INFO  ozoneimpl.OzoneContainer (OzoneContainer.java:start(186)) - Attempting to start container services.
2019-06-12 19:45:32,621 INFO  ozoneimpl.OzoneContainer (OzoneContainer.java:startContainerScrub(160)) - Background container scrubber has been disabled by hdds.containerscrub.enabled
2019-06-12 19:45:32,621 INFO  ratis.XceiverServerRatis (XceiverServerRatis.java:start(418)) - Starting XceiverServerRatis ba65791d-aa66-480e-894b-af07eaf19b15 at port 37497
2019-06-12 19:45:32,625 INFO  impl.RaftServerProxy (RaftServerProxy.java:lambda$start$3(299)) - ba65791d-aa66-480e-894b-af07eaf19b15: start RPC server
2019-06-12 19:45:32,626 INFO  server.GrpcService (GrpcService.java:startImpl(148)) - ba65791d-aa66-480e-894b-af07eaf19b15: GrpcService started, listening on 0.0.0.0/0.0.0.0:37497
2019-06-12 19:45:32,767 INFO  ozoneimpl.OzoneContainer (OzoneContainer.java:start(186)) - Attempting to start container services.
2019-06-12 19:45:32,768 INFO  ozoneimpl.OzoneContainer (OzoneContainer.java:startContainerScrub(160)) - Background container scrubber has been disabled by hdds.containerscrub.enabled
2019-06-12 19:45:32,768 INFO  ratis.XceiverServerRatis (XceiverServerRatis.java:start(418)) - Starting XceiverServerRatis 443e94e8-6c65-491a-bc45-ca8edd1d93a8 at port 40579
2019-06-12 19:45:32,771 INFO  impl.RaftServerProxy (RaftServerProxy.java:lambda$start$3(299)) - 443e94e8-6c65-491a-bc45-ca8edd1d93a8: start RPC server
2019-06-12 19:45:32,771 INFO  server.GrpcService (GrpcService.java:startImpl(148)) - 443e94e8-6c65-491a-bc45-ca8edd1d93a8: GrpcService started, listening on 0.0.0.0/0.0.0.0:40579
2019-06-12 19:45:32,909 INFO  ozone.MiniOzoneClusterImpl (MiniOzoneClusterImpl.java:lambda$waitForClusterToBeReady$0(142)) - Waiting for cluster to be ready. Got 0 of 6 DN Heartbeats.
2019-06-12 19:45:32,912 INFO  ozoneimpl.OzoneContainer (OzoneContainer.java:start(186)) - Attempting to start container services.
2019-06-12 19:45:32,912 INFO  ozoneimpl.OzoneContainer (OzoneContainer.java:startContainerScrub(160)) - Background container scrubber has been disabled by hdds.containerscrub.enabled
2019-06-12 19:45:32,912 INFO  ratis.XceiverServerRatis (XceiverServerRatis.java:start(418)) - Starting XceiverServerRatis beaf75e6-1d4c-460e-8609-06881d6a300a at port 46311
2019-06-12 19:45:32,921 INFO  impl.RaftServerProxy (RaftServerProxy.java:lambda$start$3(299)) - beaf75e6-1d4c-460e-8609-06881d6a300a: start RPC server
2019-06-12 19:45:32,921 INFO  server.GrpcService (GrpcService.java:startImpl(148)) - beaf75e6-1d4c-460e-8609-06881d6a300a: GrpcService started, listening on 0.0.0.0/0.0.0.0:46311
2019-06-12 19:45:33,909 INFO  ozone.MiniOzoneClusterImpl (MiniOzoneClusterImpl.java:lambda$waitForClusterToBeReady$0(142)) - Waiting for cluster to be ready. Got 0 of 6 DN Heartbeats.
2019-06-12 19:45:34,151 INFO  node.SCMNodeManager (SCMNodeManager.java:register(234)) - Registered Data node : de7e55f9-8d70-4d3a-a529-24ac5e0f0ecd{ip: 192.168.11.214, host: ozone-jdgtl-3343835462, networkLocation: /default-rack, certSerialId: null}
2019-06-12 19:45:34,155 INFO  safemode.SCMSafeModeManager (DataNodeSafeModeRule.java:process(71)) - SCM in safe mode. 1 DataNodes registered, 1 required.
2019-06-12 19:45:34,157 INFO  safemode.SCMSafeModeManager (SCMSafeModeManager.java:validateSafeModeExitRules(177)) - ScmSafeModeManager, all rules are successfully validated
2019-06-12 19:45:34,158 INFO  safemode.SCMSafeModeManager (SCMSafeModeManager.java:exitSafeMode(193)) - SCM exiting safe mode.
2019-06-12 19:45:34,173 INFO  impl.RaftServerProxy (RaftServerProxy.java:addNew(89)) - de7e55f9-8d70-4d3a-a529-24ac5e0f0ecd: addNew group-D62870966BF5:[de7e55f9-8d70-4d3a-a529-24ac5e0f0ecd:192.168.11.214:44303] returns group-D62870966BF5:java.util.concurrent.CompletableFuture@57e1bfb1[Not completed]
2019-06-12 19:45:34,174 INFO  impl.RaftServerImpl (RaftServerImpl.java:<init>(91)) - de7e55f9-8d70-4d3a-a529-24ac5e0f0ecd: new RaftServerImpl for group-D62870966BF5:[de7e55f9-8d70-4d3a-a529-24ac5e0f0ecd:192.168.11.214:44303] with ContainerStateMachine:uninitialized
2019-06-12 19:45:34,174 INFO  server.RaftServerConfigKeys (ConfUtils.java:logGet(43)) - raft.server.rpc.timeout.min = 1s (custom)
2019-06-12 19:45:34,174 INFO  server.RaftServerConfigKeys (ConfUtils.java:logGet(43)) - raft.server.rpc.timeout.max = 1200ms (custom)
2019-06-12 19:45:34,174 INFO  server.RaftServerConfigKeys (ConfUtils.java:logGet(43)) - raft.server.rpcslowness.timeout = 120s (custom)
2019-06-12 19:45:34,174 INFO  server.RaftServerConfigKeys (ConfUtils.java:logGet(43)) - raft.server.log.appender.install.snapshot.enabled = true (default)
2019-06-12 19:45:34,174 INFO  impl.RaftServerImpl (ServerState.java:<init>(101)) - de7e55f9-8d70-4d3a-a529-24ac5e0f0ecd:group-D62870966BF5 ConfigurationManager, init=-1: [de7e55f9-8d70-4d3a-a529-24ac5e0f0ecd:192.168.11.214:44303], old=null, confs=<EMPTY_MAP>
2019-06-12 19:45:34,174 INFO  server.RaftServerConfigKeys (ConfUtils.java:logGet(43)) - raft.server.storage.dir = [/opt/src/hadoop-ozone/integration-test/target/test-dir/MiniOzoneClusterImpl-4fbde124-f1f4-48c9-be06-d4a30676b84b/datanode-0/data/ratis] (custom)
2019-06-12 19:45:34,174 INFO  storage.RaftStorageDirectory (RaftStorageDirectory.java:analyzeStorage(246)) - The storage directory /opt/src/hadoop-ozone/integration-test/target/test-dir/MiniOzoneClusterImpl-4fbde124-f1f4-48c9-be06-d4a30676b84b/datanode-0/data/ratis/e7b234d3-6234-41f8-830e-d62870966bf5 does not exist. Creating ...
2019-06-12 19:45:34,177 INFO  storage.RaftStorageDirectory (RaftStorageDirectory.java:tryLock(328)) - Lock on /opt/src/hadoop-ozone/integration-test/target/test-dir/MiniOzoneClusterImpl-4fbde124-f1f4-48c9-be06-d4a30676b84b/datanode-0/data/ratis/e7b234d3-6234-41f8-830e-d62870966bf5/in_use.lock acquired by nodename 14677@ozone-jdgtl-3343835462
2019-06-12 19:45:34,179 INFO  storage.RaftStorage (RaftStorage.java:format(75)) - Storage directory /opt/src/hadoop-ozone/integration-test/target/test-dir/MiniOzoneClusterImpl-4fbde124-f1f4-48c9-be06-d4a30676b84b/datanode-0/data/ratis/e7b234d3-6234-41f8-830e-d62870966bf5 has been successfully formatted.
2019-06-12 19:45:34,179 INFO  ratis.ContainerStateMachine (ContainerStateMachine.java:loadSnapshot(199)) - The snapshot info is null.Setting the last applied index to:(t:0, i:~)
2019-06-12 19:45:34,179 INFO  server.RaftServerConfigKeys (ConfUtils.java:logGet(43)) - raft.server.leader.election.timeout = 120s (custom)
2019-06-12 19:45:34,179 INFO  server.RaftServerConfigKeys (ConfUtils.java:logGet(43)) - raft.server.log.use.memory = false (default)
2019-06-12 19:45:34,179 INFO  server.RaftServerConfigKeys (ConfUtils.java:logGet(43)) - raft.server.log.appender.buffer.byte-limit = 33554432 (custom)
2019-06-12 19:45:34,179 INFO  server.RaftServerConfigKeys (ConfUtils.java:logGet(43)) - raft.server.log.segment.size.max = 16384 (custom)
2019-06-12 19:45:34,179 INFO  server.RaftServerConfigKeys (ConfUtils.java:logGet(43)) - raft.server.log.segment.cache.num.max = 2 (custom)
2019-06-12 19:45:34,179 INFO  storage.RaftLogWorker (RaftLogWorker.java:<init>(123)) - new de7e55f9-8d70-4d3a-a529-24ac5e0f0ecd-RaftLogWorker for Storage Directory /opt/src/hadoop-ozone/integration-test/target/test-dir/MiniOzoneClusterImpl-4fbde124-f1f4-48c9-be06-d4a30676b84b/datanode-0/data/ratis/e7b234d3-6234-41f8-830e-d62870966bf5
2019-06-12 19:45:34,180 INFO  server.RaftServerConfigKeys (ConfUtils.java:logGet(43)) - raft.server.log.queue.byte-limit = 2147483647 (custom)
2019-06-12 19:45:34,180 INFO  server.RaftServerConfigKeys (ConfUtils.java:logGet(43)) - raft.server.log.queue.element-limit = 1024 (custom)
2019-06-12 19:45:34,180 INFO  server.RaftServerConfigKeys (ConfUtils.java:logGet(43)) - raft.server.log.segment.size.max = 16384 (custom)
2019-06-12 19:45:34,180 INFO  server.RaftServerConfigKeys (ConfUtils.java:logGet(43)) - raft.server.log.preallocated.size = 16384 (custom)
2019-06-12 19:45:34,180 INFO  server.RaftServerConfigKeys (ConfUtils.java:logGet(43)) - raft.server.log.write.buffer.size = 33554432 (custom)
2019-06-12 19:45:34,180 INFO  server.RaftServerConfigKeys (ConfUtils.java:logGet(43)) - raft.server.log.force.sync.num = 128 (default)
2019-06-12 19:45:34,180 INFO  server.RaftServerConfigKeys (ConfUtils.java:logGet(43)) - raft.server.log.statemachine.data.sync = true (default)
2019-06-12 19:45:34,180 INFO  server.RaftServerConfigKeys (ConfUtils.java:logGet(43)) - raft.server.log.statemachine.data.sync.timeout = 10s (default)
2019-06-12 19:45:34,180 INFO  server.RaftServerConfigKeys (ConfUtils.java:logGet(43)) - raft.server.log.statemachine.data.sync.timeout.retry = -1 (default)
2019-06-12 19:45:34,180 INFO  server.RaftServerConfigKeys (ConfUtils.java:logGet(43)) - raft.server.log.statemachine.data.caching.enabled = true (custom)
2019-06-12 19:45:34,180 INFO  server.RaftServerConfigKeys (ConfUtils.java:logGet(43)) - raft.server.snapshot.auto.trigger.enabled = true (custom)
2019-06-12 19:45:34,180 INFO  server.RaftServerConfigKeys (ConfUtils.java:logGet(43)) - raft.server.snapshot.auto.trigger.threshold = 10000 (custom)
2019-06-12 19:45:34,181 INFO  server.RaftServerConfigKeys (ConfUtils.java:logGet(43)) - raft.server.retrycache.expirytime = 600000ms (custom)
2019-06-12 19:45:34,181 INFO  impl.RaftServerImpl (RaftServerImpl.java:start(173)) - de7e55f9-8d70-4d3a-a529-24ac5e0f0ecd: start group-D62870966BF5
2019-06-12 19:45:34,181 INFO  impl.RaftServerImpl (RaftServerImpl.java:setRole(164)) - de7e55f9-8d70-4d3a-a529-24ac5e0f0ecd:group-D62870966BF5 changes role from null to FOLLOWER at term 0 for startAsFollower
2019-06-12 19:45:34,181 INFO  impl.RoleInfo (RoleInfo.java:updateAndGet(143)) - de7e55f9-8d70-4d3a-a529-24ac5e0f0ecd: start FollowerState
2019-06-12 19:45:34,181 INFO  util.JmxRegister (JmxRegister.java:tryRegister(44)) - Successfully registered JMX Bean with object name Ratis:service=RaftServer,group=group-D62870966BF5,id=de7e55f9-8d70-4d3a-a529-24ac5e0f0ecd
2019-06-12 19:45:34,182 INFO  pipeline.PipelineStateManager (PipelineStateManager.java:addPipeline(56)) - Created pipeline Pipeline[ Id: e7b234d3-6234-41f8-830e-d62870966bf5, Nodes: de7e55f9-8d70-4d3a-a529-24ac5e0f0ecd{ip: 192.168.11.214, host: ozone-jdgtl-3343835462, networkLocation: /default-rack, certSerialId: null}, Type:RATIS, Factor:ONE, State:OPEN]
2019-06-12 19:45:34,320 INFO  node.SCMNodeManager (SCMNodeManager.java:register(234)) - Registered Data node : aeca973f-ca62-470c-910a-77205c1f1eaa{ip: 192.168.11.214, host: ozone-jdgtl-3343835462, networkLocation: /default-rack, certSerialId: null}
2019-06-12 19:45:34,325 INFO  impl.RaftServerProxy (RaftServerProxy.java:addNew(89)) - aeca973f-ca62-470c-910a-77205c1f1eaa: addNew group-3C9627DFFFB4:[aeca973f-ca62-470c-910a-77205c1f1eaa:192.168.11.214:39469] returns group-3C9627DFFFB4:java.util.concurrent.CompletableFuture@2b7426e8[Not completed]
2019-06-12 19:45:34,326 INFO  impl.RaftServerImpl (RaftServerImpl.java:<init>(91)) - aeca973f-ca62-470c-910a-77205c1f1eaa: new RaftServerImpl for group-3C9627DFFFB4:[aeca973f-ca62-470c-910a-77205c1f1eaa:192.168.11.214:39469] with ContainerStateMachine:uninitialized
2019-06-12 19:45:34,326 INFO  server.RaftServerConfigKeys (ConfUtils.java:logGet(43)) - raft.server.rpc.timeout.min = 1s (custom)
2019-06-12 19:45:34,326 INFO  server.RaftServerConfigKeys (ConfUtils.java:logGet(43)) - raft.server.rpc.timeout.max = 1200ms (custom)
2019-06-12 19:45:34,326 INFO  server.RaftServerConfigKeys (ConfUtils.java:logGet(43)) - raft.server.rpcslowness.timeout = 120s (custom)
2019-06-12 19:45:34,326 INFO  server.RaftServerConfigKeys (ConfUtils.java:logGet(43)) - raft.server.log.appender.install.snapshot.enabled = true (default)
2019-06-12 19:45:34,326 INFO  impl.RaftServerImpl (ServerState.java:<init>(101)) - aeca973f-ca62-470c-910a-77205c1f1eaa:group-3C9627DFFFB4 ConfigurationManager, init=-1: [aeca973f-ca62-470c-910a-77205c1f1eaa:192.168.11.214:39469], old=null, confs=<EMPTY_MAP>
2019-06-12 19:45:34,326 INFO  server.RaftServerConfigKeys (ConfUtils.java:logGet(43)) - raft.server.storage.dir = [/opt/src/hadoop-ozone/integration-test/target/test-dir/MiniOzoneClusterImpl-4fbde124-f1f4-48c9-be06-d4a30676b84b/datanode-1/data/ratis] (custom)
2019-06-12 19:45:34,327 INFO  storage.RaftStorageDirectory (RaftStorageDirectory.java:analyzeStorage(246)) - The storage directory /opt/src/hadoop-ozone/integration-test/target/test-dir/MiniOzoneClusterImpl-4fbde124-f1f4-48c9-be06-d4a30676b84b/datanode-1/data/ratis/a790bbd0-19b7-4b81-ab8a-3c9627dfffb4 does not exist. Creating ...
2019-06-12 19:45:34,329 INFO  storage.RaftStorageDirectory (RaftStorageDirectory.java:tryLock(328)) - Lock on /opt/src/hadoop-ozone/integration-test/target/test-dir/MiniOzoneClusterImpl-4fbde124-f1f4-48c9-be06-d4a30676b84b/datanode-1/data/ratis/a790bbd0-19b7-4b81-ab8a-3c9627dfffb4/in_use.lock acquired by nodename 14677@ozone-jdgtl-3343835462
2019-06-12 19:45:34,331 INFO  storage.RaftStorage (RaftStorage.java:format(75)) - Storage directory /opt/src/hadoop-ozone/integration-test/target/test-dir/MiniOzoneClusterImpl-4fbde124-f1f4-48c9-be06-d4a30676b84b/datanode-1/data/ratis/a790bbd0-19b7-4b81-ab8a-3c9627dfffb4 has been successfully formatted.
2019-06-12 19:45:34,331 INFO  ratis.ContainerStateMachine (ContainerStateMachine.java:loadSnapshot(199)) - The snapshot info is null.Setting the last applied index to:(t:0, i:~)
2019-06-12 19:45:34,331 INFO  server.RaftServerConfigKeys (ConfUtils.java:logGet(43)) - raft.server.leader.election.timeout = 120s (custom)
2019-06-12 19:45:34,331 INFO  server.RaftServerConfigKeys (ConfUtils.java:logGet(43)) - raft.server.log.use.memory = false (default)
2019-06-12 19:45:34,332 INFO  server.RaftServerConfigKeys (ConfUtils.java:logGet(43)) - raft.server.log.appender.buffer.byte-limit = 33554432 (custom)
2019-06-12 19:45:34,332 INFO  server.RaftServerConfigKeys (ConfUtils.java:logGet(43)) - raft.server.log.segment.size.max = 16384 (custom)
2019-06-12 19:45:34,332 INFO  server.RaftServerConfigKeys (ConfUtils.java:logGet(43)) - raft.server.log.segment.cache.num.max = 2 (custom)
2019-06-12 19:45:34,332 INFO  storage.RaftLogWorker (RaftLogWorker.java:<init>(123)) - new aeca973f-ca62-470c-910a-77205c1f1eaa-RaftLogWorker for Storage Directory /opt/src/hadoop-ozone/integration-test/target/test-dir/MiniOzoneClusterImpl-4fbde124-f1f4-48c9-be06-d4a30676b84b/datanode-1/data/ratis/a790bbd0-19b7-4b81-ab8a-3c9627dfffb4
2019-06-12 19:45:34,332 INFO  server.RaftServerConfigKeys (ConfUtils.java:logGet(43)) - raft.server.log.queue.byte-limit = 2147483647 (custom)
2019-06-12 19:45:34,332 INFO  server.RaftServerConfigKeys (ConfUtils.java:logGet(43)) - raft.server.log.queue.element-limit = 1024 (custom)
2019-06-12 19:45:34,332 INFO  server.RaftServerConfigKeys (ConfUtils.java:logGet(43)) - raft.server.log.segment.size.max = 16384 (custom)
2019-06-12 19:45:34,332 INFO  server.RaftServerConfigKeys (ConfUtils.java:logGet(43)) - raft.server.log.preallocated.size = 16384 (custom)
2019-06-12 19:45:34,332 INFO  server.RaftServerConfigKeys (ConfUtils.java:logGet(43)) - raft.server.log.write.buffer.size = 33554432 (custom)
2019-06-12 19:45:34,332 INFO  server.RaftServerConfigKeys (ConfUtils.java:logGet(43)) - raft.server.log.force.sync.num = 128 (default)
2019-06-12 19:45:34,332 INFO  server.RaftServerConfigKeys (ConfUtils.java:logGet(43)) - raft.server.log.statemachine.data.sync = true (default)
2019-06-12 19:45:34,333 INFO  server.RaftServerConfigKeys (ConfUtils.java:logGet(43)) - raft.server.log.statemachine.data.sync.timeout = 10s (default)
2019-06-12 19:45:34,333 INFO  server.RaftServerConfigKeys (ConfUtils.java:logGet(43)) - raft.server.log.statemachine.data.sync.timeout.retry = -1 (default)
2019-06-12 19:45:34,333 INFO  server.RaftServerConfigKeys (ConfUtils.java:logGet(43)) - raft.server.log.statemachine.data.caching.enabled = true (custom)
2019-06-12 19:45:34,333 INFO  server.RaftServerConfigKeys (ConfUtils.java:logGet(43)) - raft.server.snapshot.auto.trigger.enabled = true (custom)
2019-06-12 19:45:34,333 INFO  server.RaftServerConfigKeys (ConfUtils.java:logGet(43)) - raft.server.snapshot.auto.trigger.threshold = 10000 (custom)
2019-06-12 19:45:34,333 INFO  server.RaftServerConfigKeys (ConfUtils.java:logGet(43)) - raft.server.retrycache.expirytime = 600000ms (custom)
2019-06-12 19:45:34,333 INFO  impl.RaftServerImpl (RaftServerImpl.java:start(173)) - aeca973f-ca62-470c-910a-77205c1f1eaa: start group-3C9627DFFFB4
2019-06-12 19:45:34,334 INFO  impl.RaftServerImpl (RaftServerImpl.java:setRole(164)) - aeca973f-ca62-470c-910a-77205c1f1eaa:group-3C9627DFFFB4 changes role from null to FOLLOWER at term 0 for startAsFollower
2019-06-12 19:45:34,334 INFO  impl.RoleInfo (RoleInfo.java:updateAndGet(143)) - aeca973f-ca62-470c-910a-77205c1f1eaa: start FollowerState
2019-06-12 19:45:34,334 INFO  util.JmxRegister (JmxRegister.java:tryRegister(44)) - Successfully registered JMX Bean with object name Ratis:service=RaftServer,group=group-3C9627DFFFB4,id=aeca973f-ca62-470c-910a-77205c1f1eaa
2019-06-12 19:45:34,339 INFO  pipeline.PipelineStateManager (PipelineStateManager.java:addPipeline(56)) - Created pipeline Pipeline[ Id: a790bbd0-19b7-4b81-ab8a-3c9627dfffb4, Nodes: aeca973f-ca62-470c-910a-77205c1f1eaa{ip: 192.168.11.214, host: ozone-jdgtl-3343835462, networkLocation: /default-rack, certSerialId: null}, Type:RATIS, Factor:ONE, State:OPEN]
2019-06-12 19:45:34,472 INFO  node.SCMNodeManager (SCMNodeManager.java:register(234)) - Registered Data node : f4717ce4-c525-4f1f-9cc3-cce4d62aaaab{ip: 192.168.11.214, host: ozone-jdgtl-3343835462, networkLocation: /default-rack, certSerialId: null}
2019-06-12 19:45:34,477 INFO  impl.RaftServerProxy (RaftServerProxy.java:addNew(89)) - f4717ce4-c525-4f1f-9cc3-cce4d62aaaab: addNew group-AB2EC3FD775C:[f4717ce4-c525-4f1f-9cc3-cce4d62aaaab:192.168.11.214:37275] returns group-AB2EC3FD775C:java.util.concurrent.CompletableFuture@344d7975[Not completed]
2019-06-12 19:45:34,477 INFO  impl.RaftServerImpl (RaftServerImpl.java:<init>(91)) - f4717ce4-c525-4f1f-9cc3-cce4d62aaaab: new RaftServerImpl for group-AB2EC3FD775C:[f4717ce4-c525-4f1f-9cc3-cce4d62aaaab:192.168.11.214:37275] with ContainerStateMachine:uninitialized
2019-06-12 19:45:34,478 INFO  server.RaftServerConfigKeys (ConfUtils.java:logGet(43)) - raft.server.rpc.timeout.min = 1s (custom)
2019-06-12 19:45:34,478 INFO  server.RaftServerConfigKeys (ConfUtils.java:logGet(43)) - raft.server.rpc.timeout.max = 1200ms (custom)
2019-06-12 19:45:34,478 INFO  server.RaftServerConfigKeys (ConfUtils.java:logGet(43)) - raft.server.rpcslowness.timeout = 120s (custom)
2019-06-12 19:45:34,478 INFO  server.RaftServerConfigKeys (ConfUtils.java:logGet(43)) - raft.server.log.appender.install.snapshot.enabled = true (default)
2019-06-12 19:45:34,478 INFO  impl.RaftServerImpl (ServerState.java:<init>(101)) - f4717ce4-c525-4f1f-9cc3-cce4d62aaaab:group-AB2EC3FD775C ConfigurationManager, init=-1: [f4717ce4-c525-4f1f-9cc3-cce4d62aaaab:192.168.11.214:37275], old=null, confs=<EMPTY_MAP>
2019-06-12 19:45:34,478 INFO  server.RaftServerConfigKeys (ConfUtils.java:logGet(43)) - raft.server.storage.dir = [/opt/src/hadoop-ozone/integration-test/target/test-dir/MiniOzoneClusterImpl-4fbde124-f1f4-48c9-be06-d4a30676b84b/datanode-2/data/ratis] (custom)
2019-06-12 19:45:34,478 INFO  storage.RaftStorageDirectory (RaftStorageDirectory.java:analyzeStorage(246)) - The storage directory /opt/src/hadoop-ozone/integration-test/target/test-dir/MiniOzoneClusterImpl-4fbde124-f1f4-48c9-be06-d4a30676b84b/datanode-2/data/ratis/1ca360f4-d13d-4218-9cbc-ab2ec3fd775c does not exist. Creating ...
2019-06-12 19:45:34,480 INFO  storage.RaftStorageDirectory (RaftStorageDirectory.java:tryLock(328)) - Lock on /opt/src/hadoop-ozone/integration-test/target/test-dir/MiniOzoneClusterImpl-4fbde124-f1f4-48c9-be06-d4a30676b84b/datanode-2/data/ratis/1ca360f4-d13d-4218-9cbc-ab2ec3fd775c/in_use.lock acquired by nodename 14677@ozone-jdgtl-3343835462
2019-06-12 19:45:34,482 INFO  storage.RaftStorage (RaftStorage.java:format(75)) - Storage directory /opt/src/hadoop-ozone/integration-test/target/test-dir/MiniOzoneClusterImpl-4fbde124-f1f4-48c9-be06-d4a30676b84b/datanode-2/data/ratis/1ca360f4-d13d-4218-9cbc-ab2ec3fd775c has been successfully formatted.
2019-06-12 19:45:34,482 INFO  ratis.ContainerStateMachine (ContainerStateMachine.java:loadSnapshot(199)) - The snapshot info is null.Setting the last applied index to:(t:0, i:~)
2019-06-12 19:45:34,483 INFO  server.RaftServerConfigKeys (ConfUtils.java:logGet(43)) - raft.server.leader.election.timeout = 120s (custom)
2019-06-12 19:45:34,483 INFO  server.RaftServerConfigKeys (ConfUtils.java:logGet(43)) - raft.server.log.use.memory = false (default)
2019-06-12 19:45:34,483 INFO  server.RaftServerConfigKeys (ConfUtils.java:logGet(43)) - raft.server.log.appender.buffer.byte-limit = 33554432 (custom)
2019-06-12 19:45:34,483 INFO  server.RaftServerConfigKeys (ConfUtils.java:logGet(43)) - raft.server.log.segment.size.max = 16384 (custom)
2019-06-12 19:45:34,483 INFO  server.RaftServerConfigKeys (ConfUtils.java:logGet(43)) - raft.server.log.segment.cache.num.max = 2 (custom)
2019-06-12 19:45:34,483 INFO  storage.RaftLogWorker (RaftLogWorker.java:<init>(123)) - new f4717ce4-c525-4f1f-9cc3-cce4d62aaaab-RaftLogWorker for Storage Directory /opt/src/hadoop-ozone/integration-test/target/test-dir/MiniOzoneClusterImpl-4fbde124-f1f4-48c9-be06-d4a30676b84b/datanode-2/data/ratis/1ca360f4-d13d-4218-9cbc-ab2ec3fd775c
2019-06-12 19:45:34,483 INFO  server.RaftServerConfigKeys (ConfUtils.java:logGet(43)) - raft.server.log.queue.byte-limit = 2147483647 (custom)
2019-06-12 19:45:34,483 INFO  server.RaftServerConfigKeys (ConfUtils.java:logGet(43)) - raft.server.log.queue.element-limit = 1024 (custom)
2019-06-12 19:45:34,483 INFO  server.RaftServerConfigKeys (ConfUtils.java:logGet(43)) - raft.server.log.segment.size.max = 16384 (custom)
2019-06-12 19:45:34,483 INFO  server.RaftServerConfigKeys (ConfUtils.java:logGet(43)) - raft.server.log.preallocated.size = 16384 (custom)
2019-06-12 19:45:34,483 INFO  server.RaftServerConfigKeys (ConfUtils.java:logGet(43)) - raft.server.log.write.buffer.size = 33554432 (custom)
2019-06-12 19:45:34,483 INFO  server.RaftServerConfigKeys (ConfUtils.java:logGet(43)) - raft.server.log.force.sync.num = 128 (default)
2019-06-12 19:45:34,483 INFO  server.RaftServerConfigKeys (ConfUtils.java:logGet(43)) - raft.server.log.statemachine.data.sync = true (default)
2019-06-12 19:45:34,483 INFO  server.RaftServerConfigKeys (ConfUtils.java:logGet(43)) - raft.server.log.statemachine.data.sync.timeout = 10s (default)
2019-06-12 19:45:34,483 INFO  server.RaftServerConfigKeys (ConfUtils.java:logGet(43)) - raft.server.log.statemachine.data.sync.timeout.retry = -1 (default)
2019-06-12 19:45:34,483 INFO  server.RaftServerConfigKeys (ConfUtils.java:logGet(43)) - raft.server.log.statemachine.data.caching.enabled = true (custom)
2019-06-12 19:45:34,484 INFO  server.RaftServerConfigKeys (ConfUtils.java:logGet(43)) - raft.server.snapshot.auto.trigger.enabled = true (custom)
2019-06-12 19:45:34,484 INFO  server.RaftServerConfigKeys (ConfUtils.java:logGet(43)) - raft.server.snapshot.auto.trigger.threshold = 10000 (custom)
2019-06-12 19:45:34,484 INFO  server.RaftServerConfigKeys (ConfUtils.java:logGet(43)) - raft.server.retrycache.expirytime = 600000ms (custom)
2019-06-12 19:45:34,484 INFO  impl.RaftServerImpl (RaftServerImpl.java:start(173)) - f4717ce4-c525-4f1f-9cc3-cce4d62aaaab: start group-AB2EC3FD775C
2019-06-12 19:45:34,484 INFO  impl.RaftServerImpl (RaftServerImpl.java:setRole(164)) - f4717ce4-c525-4f1f-9cc3-cce4d62aaaab:group-AB2EC3FD775C changes role from null to FOLLOWER at term 0 for startAsFollower
2019-06-12 19:45:34,484 INFO  impl.RoleInfo (RoleInfo.java:updateAndGet(143)) - f4717ce4-c525-4f1f-9cc3-cce4d62aaaab: start FollowerState
2019-06-12 19:45:34,484 INFO  util.JmxRegister (JmxRegister.java:tryRegister(44)) - Successfully registered JMX Bean with object name Ratis:service=RaftServer,group=group-AB2EC3FD775C,id=f4717ce4-c525-4f1f-9cc3-cce4d62aaaab
2019-06-12 19:45:34,485 INFO  pipeline.PipelineStateManager (PipelineStateManager.java:addPipeline(56)) - Created pipeline Pipeline[ Id: 1ca360f4-d13d-4218-9cbc-ab2ec3fd775c, Nodes: f4717ce4-c525-4f1f-9cc3-cce4d62aaaab{ip: 192.168.11.214, host: ozone-jdgtl-3343835462, networkLocation: /default-rack, certSerialId: null}, Type:RATIS, Factor:ONE, State:OPEN]
2019-06-12 19:45:34,497 INFO  impl.RaftServerProxy (RaftServerProxy.java:addNew(89)) - de7e55f9-8d70-4d3a-a529-24ac5e0f0ecd: addNew group-8315BA7E3302:[f4717ce4-c525-4f1f-9cc3-cce4d62aaaab:192.168.11.214:37275, aeca973f-ca62-470c-910a-77205c1f1eaa:192.168.11.214:39469, de7e55f9-8d70-4d3a-a529-24ac5e0f0ecd:192.168.11.214:44303] returns group-8315BA7E3302:java.util.concurrent.CompletableFuture@e1494a6[Not completed]
2019-06-12 19:45:34,498 INFO  impl.RaftServerProxy (RaftServerProxy.java:addNew(89)) - aeca973f-ca62-470c-910a-77205c1f1eaa: addNew group-8315BA7E3302:[f4717ce4-c525-4f1f-9cc3-cce4d62aaaab:192.168.11.214:37275, aeca973f-ca62-470c-910a-77205c1f1eaa:192.168.11.214:39469, de7e55f9-8d70-4d3a-a529-24ac5e0f0ecd:192.168.11.214:44303] returns group-8315BA7E3302:java.util.concurrent.CompletableFuture@1d085807[Not completed]
2019-06-12 19:45:34,498 INFO  impl.RaftServerImpl (RaftServerImpl.java:<init>(91)) - de7e55f9-8d70-4d3a-a529-24ac5e0f0ecd: new RaftServerImpl for group-8315BA7E3302:[f4717ce4-c525-4f1f-9cc3-cce4d62aaaab:192.168.11.214:37275, aeca973f-ca62-470c-910a-77205c1f1eaa:192.168.11.214:39469, de7e55f9-8d70-4d3a-a529-24ac5e0f0ecd:192.168.11.214:44303] with ContainerStateMachine:uninitialized
2019-06-12 19:45:34,498 INFO  impl.RaftServerProxy (RaftServerProxy.java:addNew(89)) - f4717ce4-c525-4f1f-9cc3-cce4d62aaaab: addNew group-8315BA7E3302:[f4717ce4-c525-4f1f-9cc3-cce4d62aaaab:192.168.11.214:37275, aeca973f-ca62-470c-910a-77205c1f1eaa:192.168.11.214:39469, de7e55f9-8d70-4d3a-a529-24ac5e0f0ecd:192.168.11.214:44303] returns group-8315BA7E3302:java.util.concurrent.CompletableFuture@243b8bc4[Not completed]
2019-06-12 19:45:34,498 INFO  server.RaftServerConfigKeys (ConfUtils.java:logGet(43)) - raft.server.rpc.timeout.min = 1s (custom)
2019-06-12 19:45:34,498 INFO  server.RaftServerConfigKeys (ConfUtils.java:logGet(43)) - raft.server.rpc.timeout.max = 1200ms (custom)
2019-06-12 19:45:34,498 INFO  server.RaftServerConfigKeys (ConfUtils.java:logGet(43)) - raft.server.rpcslowness.timeout = 120s (custom)
2019-06-12 19:45:34,498 INFO  server.RaftServerConfigKeys (ConfUtils.java:logGet(43)) - raft.server.log.appender.install.snapshot.enabled = true (default)
2019-06-12 19:45:34,498 INFO  impl.RaftServerImpl (ServerState.java:<init>(101)) - de7e55f9-8d70-4d3a-a529-24ac5e0f0ecd:group-8315BA7E3302 ConfigurationManager, init=-1: [f4717ce4-c525-4f1f-9cc3-cce4d62aaaab:192.168.11.214:37275, aeca973f-ca62-470c-910a-77205c1f1eaa:192.168.11.214:39469, de7e55f9-8d70-4d3a-a529-24ac5e0f0ecd:192.168.11.214:44303], old=null, confs=<EMPTY_MAP>
2019-06-12 19:45:34,498 INFO  server.RaftServerConfigKeys (ConfUtils.java:logGet(43)) - raft.server.storage.dir = [/opt/src/hadoop-ozone/integration-test/target/test-dir/MiniOzoneClusterImpl-4fbde124-f1f4-48c9-be06-d4a30676b84b/datanode-0/data/ratis] (custom)
2019-06-12 19:45:34,499 INFO  storage.RaftStorageDirectory (RaftStorageDirectory.java:analyzeStorage(246)) - The storage directory /opt/src/hadoop-ozone/integration-test/target/test-dir/MiniOzoneClusterImpl-4fbde124-f1f4-48c9-be06-d4a30676b84b/datanode-0/data/ratis/f4a072bd-c576-477e-bef8-8315ba7e3302 does not exist. Creating ...
2019-06-12 19:45:34,498 INFO  impl.RaftServerImpl (RaftServerImpl.java:<init>(91)) - aeca973f-ca62-470c-910a-77205c1f1eaa: new RaftServerImpl for group-8315BA7E3302:[f4717ce4-c525-4f1f-9cc3-cce4d62aaaab:192.168.11.214:37275, aeca973f-ca62-470c-910a-77205c1f1eaa:192.168.11.214:39469, de7e55f9-8d70-4d3a-a529-24ac5e0f0ecd:192.168.11.214:44303] with ContainerStateMachine:uninitialized
2019-06-12 19:45:34,499 INFO  server.RaftServerConfigKeys (ConfUtils.java:logGet(43)) - raft.server.rpc.timeout.min = 1s (custom)
2019-06-12 19:45:34,498 INFO  impl.RaftServerImpl (RaftServerImpl.java:<init>(91)) - f4717ce4-c525-4f1f-9cc3-cce4d62aaaab: new RaftServerImpl for group-8315BA7E3302:[f4717ce4-c525-4f1f-9cc3-cce4d62aaaab:192.168.11.214:37275, aeca973f-ca62-470c-910a-77205c1f1eaa:192.168.11.214:39469, de7e55f9-8d70-4d3a-a529-24ac5e0f0ecd:192.168.11.214:44303] with ContainerStateMachine:uninitialized
2019-06-12 19:45:34,499 INFO  server.RaftServerConfigKeys (ConfUtils.java:logGet(43)) - raft.server.rpc.timeout.max = 1200ms (custom)
2019-06-12 19:45:34,499 INFO  server.RaftServerConfigKeys (ConfUtils.java:logGet(43)) - raft.server.rpcslowness.timeout = 120s (custom)
2019-06-12 19:45:34,500 INFO  server.RaftServerConfigKeys (ConfUtils.java:logGet(43)) - raft.server.log.appender.install.snapshot.enabled = true (default)
2019-06-12 19:45:34,499 INFO  server.RaftServerConfigKeys (ConfUtils.java:logGet(43)) - raft.server.rpc.timeout.min = 1s (custom)
2019-06-12 19:45:34,500 INFO  impl.RaftServerImpl (ServerState.java:<init>(101)) - aeca973f-ca62-470c-910a-77205c1f1eaa:group-8315BA7E3302 ConfigurationManager, init=-1: [f4717ce4-c525-4f1f-9cc3-cce4d62aaaab:192.168.11.214:37275, aeca973f-ca62-470c-910a-77205c1f1eaa:192.168.11.214:39469, de7e55f9-8d70-4d3a-a529-24ac5e0f0ecd:192.168.11.214:44303], old=null, confs=<EMPTY_MAP>
2019-06-12 19:45:34,500 INFO  server.RaftServerConfigKeys (ConfUtils.java:logGet(43)) - raft.server.storage.dir = [/opt/src/hadoop-ozone/integration-test/target/test-dir/MiniOzoneClusterImpl-4fbde124-f1f4-48c9-be06-d4a30676b84b/datanode-1/data/ratis] (custom)
2019-06-12 19:45:34,500 INFO  server.RaftServerConfigKeys (ConfUtils.java:logGet(43)) - raft.server.rpc.timeout.max = 1200ms (custom)
2019-06-12 19:45:34,500 INFO  server.RaftServerConfigKeys (ConfUtils.java:logGet(43)) - raft.server.rpcslowness.timeout = 120s (custom)
2019-06-12 19:45:34,500 INFO  server.RaftServerConfigKeys (ConfUtils.java:logGet(43)) - raft.server.log.appender.install.snapshot.enabled = true (default)
2019-06-12 19:45:34,500 INFO  impl.RaftServerImpl (ServerState.java:<init>(101)) - f4717ce4-c525-4f1f-9cc3-cce4d62aaaab:group-8315BA7E3302 ConfigurationManager, init=-1: [f4717ce4-c525-4f1f-9cc3-cce4d62aaaab:192.168.11.214:37275, aeca973f-ca62-470c-910a-77205c1f1eaa:192.168.11.214:39469, de7e55f9-8d70-4d3a-a529-24ac5e0f0ecd:192.168.11.214:44303], old=null, confs=<EMPTY_MAP>
2019-06-12 19:45:34,500 INFO  server.RaftServerConfigKeys (ConfUtils.java:logGet(43)) - raft.server.storage.dir = [/opt/src/hadoop-ozone/integration-test/target/test-dir/MiniOzoneClusterImpl-4fbde124-f1f4-48c9-be06-d4a30676b84b/datanode-2/data/ratis] (custom)
2019-06-12 19:45:34,501 INFO  storage.RaftStorageDirectory (RaftStorageDirectory.java:analyzeStorage(246)) - The storage directory /opt/src/hadoop-ozone/integration-test/target/test-dir/MiniOzoneClusterImpl-4fbde124-f1f4-48c9-be06-d4a30676b84b/datanode-2/data/ratis/f4a072bd-c576-477e-bef8-8315ba7e3302 does not exist. Creating ...
2019-06-12 19:45:34,501 INFO  storage.RaftStorageDirectory (RaftStorageDirectory.java:analyzeStorage(246)) - The storage directory /opt/src/hadoop-ozone/integration-test/target/test-dir/MiniOzoneClusterImpl-4fbde124-f1f4-48c9-be06-d4a30676b84b/datanode-1/data/ratis/f4a072bd-c576-477e-bef8-8315ba7e3302 does not exist. Creating ...
2019-06-12 19:45:34,501 INFO  storage.RaftStorageDirectory (RaftStorageDirectory.java:tryLock(328)) - Lock on /opt/src/hadoop-ozone/integration-test/target/test-dir/MiniOzoneClusterImpl-4fbde124-f1f4-48c9-be06-d4a30676b84b/datanode-0/data/ratis/f4a072bd-c576-477e-bef8-8315ba7e3302/in_use.lock acquired by nodename 14677@ozone-jdgtl-3343835462
2019-06-12 19:45:34,503 INFO  storage.RaftStorageDirectory (RaftStorageDirectory.java:tryLock(328)) - Lock on /opt/src/hadoop-ozone/integration-test/target/test-dir/MiniOzoneClusterImpl-4fbde124-f1f4-48c9-be06-d4a30676b84b/datanode-1/data/ratis/f4a072bd-c576-477e-bef8-8315ba7e3302/in_use.lock acquired by nodename 14677@ozone-jdgtl-3343835462
2019-06-12 19:45:34,503 INFO  storage.RaftStorage (RaftStorage.java:format(75)) - Storage directory /opt/src/hadoop-ozone/integration-test/target/test-dir/MiniOzoneClusterImpl-4fbde124-f1f4-48c9-be06-d4a30676b84b/datanode-0/data/ratis/f4a072bd-c576-477e-bef8-8315ba7e3302 has been successfully formatted.
2019-06-12 19:45:34,503 INFO  storage.RaftStorageDirectory (RaftStorageDirectory.java:tryLock(328)) - Lock on /opt/src/hadoop-ozone/integration-test/target/test-dir/MiniOzoneClusterImpl-4fbde124-f1f4-48c9-be06-d4a30676b84b/datanode-2/data/ratis/f4a072bd-c576-477e-bef8-8315ba7e3302/in_use.lock acquired by nodename 14677@ozone-jdgtl-3343835462
2019-06-12 19:45:34,503 INFO  ratis.ContainerStateMachine (ContainerStateMachine.java:loadSnapshot(199)) - The snapshot info is null.Setting the last applied index to:(t:0, i:~)
2019-06-12 19:45:34,503 INFO  server.RaftServerConfigKeys (ConfUtils.java:logGet(43)) - raft.server.leader.election.timeout = 120s (custom)
2019-06-12 19:45:34,503 INFO  server.RaftServerConfigKeys (ConfUtils.java:logGet(43)) - raft.server.log.use.memory = false (default)
2019-06-12 19:45:34,504 INFO  server.RaftServerConfigKeys (ConfUtils.java:logGet(43)) - raft.server.log.appender.buffer.byte-limit = 33554432 (custom)
2019-06-12 19:45:34,504 INFO  server.RaftServerConfigKeys (ConfUtils.java:logGet(43)) - raft.server.log.segment.size.max = 16384 (custom)
2019-06-12 19:45:34,504 INFO  server.RaftServerConfigKeys (ConfUtils.java:logGet(43)) - raft.server.log.segment.cache.num.max = 2 (custom)
2019-06-12 19:45:34,504 INFO  storage.RaftLogWorker (RaftLogWorker.java:<init>(123)) - new de7e55f9-8d70-4d3a-a529-24ac5e0f0ecd-RaftLogWorker for Storage Directory /opt/src/hadoop-ozone/integration-test/target/test-dir/MiniOzoneClusterImpl-4fbde124-f1f4-48c9-be06-d4a30676b84b/datanode-0/data/ratis/f4a072bd-c576-477e-bef8-8315ba7e3302
2019-06-12 19:45:34,504 INFO  server.RaftServerConfigKeys (ConfUtils.java:logGet(43)) - raft.server.log.queue.byte-limit = 2147483647 (custom)
2019-06-12 19:45:34,504 INFO  server.RaftServerConfigKeys (ConfUtils.java:logGet(43)) - raft.server.log.queue.element-limit = 1024 (custom)
2019-06-12 19:45:34,504 INFO  server.RaftServerConfigKeys (ConfUtils.java:logGet(43)) - raft.server.log.segment.size.max = 16384 (custom)
2019-06-12 19:45:34,504 INFO  server.RaftServerConfigKeys (ConfUtils.java:logGet(43)) - raft.server.log.preallocated.size = 16384 (custom)
2019-06-12 19:45:34,504 INFO  server.RaftServerConfigKeys (ConfUtils.java:logGet(43)) - raft.server.log.write.buffer.size = 33554432 (custom)
2019-06-12 19:45:34,504 INFO  server.RaftServerConfigKeys (ConfUtils.java:logGet(43)) - raft.server.log.force.sync.num = 128 (default)
2019-06-12 19:45:34,504 INFO  server.RaftServerConfigKeys (ConfUtils.java:logGet(43)) - raft.server.log.statemachine.data.sync = true (default)
2019-06-12 19:45:34,504 INFO  server.RaftServerConfigKeys (ConfUtils.java:logGet(43)) - raft.server.log.statemachine.data.sync.timeout = 10s (default)
2019-06-12 19:45:34,504 INFO  server.RaftServerConfigKeys (ConfUtils.java:logGet(43)) - raft.server.log.statemachine.data.sync.timeout.retry = -1 (default)
2019-06-12 19:45:34,504 INFO  server.RaftServerConfigKeys (ConfUtils.java:logGet(43)) - raft.server.log.statemachine.data.caching.enabled = true (custom)
2019-06-12 19:45:34,505 INFO  server.RaftServerConfigKeys (ConfUtils.java:logGet(43)) - raft.server.snapshot.auto.trigger.enabled = true (custom)
2019-06-12 19:45:34,505 INFO  server.RaftServerConfigKeys (ConfUtils.java:logGet(43)) - raft.server.snapshot.auto.trigger.threshold = 10000 (custom)
2019-06-12 19:45:34,505 INFO  server.RaftServerConfigKeys (ConfUtils.java:logGet(43)) - raft.server.retrycache.expirytime = 600000ms (custom)
2019-06-12 19:45:34,505 INFO  impl.RaftServerImpl (RaftServerImpl.java:start(173)) - de7e55f9-8d70-4d3a-a529-24ac5e0f0ecd: start group-8315BA7E3302
2019-06-12 19:45:34,505 INFO  impl.RaftServerImpl (RaftServerImpl.java:setRole(164)) - de7e55f9-8d70-4d3a-a529-24ac5e0f0ecd:group-8315BA7E3302 changes role from null to FOLLOWER at term 0 for startAsFollower
2019-06-12 19:45:34,505 INFO  storage.RaftStorage (RaftStorage.java:format(75)) - Storage directory /opt/src/hadoop-ozone/integration-test/target/test-dir/MiniOzoneClusterImpl-4fbde124-f1f4-48c9-be06-d4a30676b84b/datanode-2/data/ratis/f4a072bd-c576-477e-bef8-8315ba7e3302 has been successfully formatted.
2019-06-12 19:45:34,505 INFO  storage.RaftStorage (RaftStorage.java:format(75)) - Storage directory /opt/src/hadoop-ozone/integration-test/target/test-dir/MiniOzoneClusterImpl-4fbde124-f1f4-48c9-be06-d4a30676b84b/datanode-1/data/ratis/f4a072bd-c576-477e-bef8-8315ba7e3302 has been successfully formatted.
2019-06-12 19:45:34,505 INFO  ratis.ContainerStateMachine (ContainerStateMachine.java:loadSnapshot(199)) - The snapshot info is null.Setting the last applied index to:(t:0, i:~)
2019-06-12 19:45:34,505 INFO  ratis.ContainerStateMachine (ContainerStateMachine.java:loadSnapshot(199)) - The snapshot info is null.Setting the last applied index to:(t:0, i:~)
2019-06-12 19:45:34,505 INFO  impl.RoleInfo (RoleInfo.java:updateAndGet(143)) - de7e55f9-8d70-4d3a-a529-24ac5e0f0ecd: start FollowerState
2019-06-12 19:45:34,506 INFO  server.RaftServerConfigKeys (ConfUtils.java:logGet(43)) - raft.server.leader.election.timeout = 120s (custom)
2019-06-12 19:45:34,506 INFO  server.RaftServerConfigKeys (ConfUtils.java:logGet(43)) - raft.server.log.use.memory = false (default)
2019-06-12 19:45:34,506 INFO  server.RaftServerConfigKeys (ConfUtils.java:logGet(43)) - raft.server.log.appender.buffer.byte-limit = 33554432 (custom)
2019-06-12 19:45:34,506 INFO  server.RaftServerConfigKeys (ConfUtils.java:logGet(43)) - raft.server.log.segment.size.max = 16384 (custom)
2019-06-12 19:45:34,506 INFO  server.RaftServerConfigKeys (ConfUtils.java:logGet(43)) - raft.server.log.segment.cache.num.max = 2 (custom)
2019-06-12 19:45:34,506 INFO  storage.RaftLogWorker (RaftLogWorker.java:<init>(123)) - new aeca973f-ca62-470c-910a-77205c1f1eaa-RaftLogWorker for Storage Directory /opt/src/hadoop-ozone/integration-test/target/test-dir/MiniOzoneClusterImpl-4fbde124-f1f4-48c9-be06-d4a30676b84b/datanode-1/data/ratis/f4a072bd-c576-477e-bef8-8315ba7e3302
2019-06-12 19:45:34,506 INFO  server.RaftServerConfigKeys (ConfUtils.java:logGet(43)) - raft.server.log.queue.byte-limit = 2147483647 (custom)
2019-06-12 19:45:34,506 INFO  server.RaftServerConfigKeys (ConfUtils.java:logGet(43)) - raft.server.log.queue.element-limit = 1024 (custom)
2019-06-12 19:45:34,506 INFO  server.RaftServerConfigKeys (ConfUtils.java:logGet(43)) - raft.server.log.segment.size.max = 16384 (custom)
2019-06-12 19:45:34,506 INFO  server.RaftServerConfigKeys (ConfUtils.java:logGet(43)) - raft.server.log.preallocated.size = 16384 (custom)
2019-06-12 19:45:34,507 INFO  server.RaftServerConfigKeys (ConfUtils.java:logGet(43)) - raft.server.log.write.buffer.size = 33554432 (custom)
2019-06-12 19:45:34,507 INFO  server.RaftServerConfigKeys (ConfUtils.java:logGet(43)) - raft.server.log.force.sync.num = 128 (default)
2019-06-12 19:45:34,507 INFO  server.RaftServerConfigKeys (ConfUtils.java:logGet(43)) - raft.server.log.statemachine.data.sync = true (default)
2019-06-12 19:45:34,507 INFO  server.RaftServerConfigKeys (ConfUtils.java:logGet(43)) - raft.server.log.statemachine.data.sync.timeout = 10s (default)
2019-06-12 19:45:34,507 INFO  server.RaftServerConfigKeys (ConfUtils.java:logGet(43)) - raft.server.log.statemachine.data.sync.timeout.retry = -1 (default)
2019-06-12 19:45:34,507 INFO  server.RaftServerConfigKeys (ConfUtils.java:logGet(43)) - raft.server.log.statemachine.data.caching.enabled = true (custom)
2019-06-12 19:45:34,505 INFO  server.RaftServerConfigKeys (ConfUtils.java:logGet(43)) - raft.server.leader.election.timeout = 120s (custom)
2019-06-12 19:45:34,507 INFO  server.RaftServerConfigKeys (ConfUtils.java:logGet(43)) - raft.server.snapshot.auto.trigger.enabled = true (custom)
2019-06-12 19:45:34,506 INFO  util.JmxRegister (JmxRegister.java:tryRegister(44)) - Successfully registered JMX Bean with object name Ratis:service=RaftServer,group=group-8315BA7E3302,id=de7e55f9-8d70-4d3a-a529-24ac5e0f0ecd
2019-06-12 19:45:34,507 INFO  server.RaftServerConfigKeys (ConfUtils.java:logGet(43)) - raft.server.snapshot.auto.trigger.threshold = 10000 (custom)
2019-06-12 19:45:34,507 INFO  server.RaftServerConfigKeys (ConfUtils.java:logGet(43)) - raft.server.log.use.memory = false (default)
2019-06-12 19:45:34,508 INFO  server.RaftServerConfigKeys (ConfUtils.java:logGet(43)) - raft.server.retrycache.expirytime = 600000ms (custom)
2019-06-12 19:45:34,508 INFO  server.RaftServerConfigKeys (ConfUtils.java:logGet(43)) - raft.server.log.appender.buffer.byte-limit = 33554432 (custom)
2019-06-12 19:45:34,508 INFO  impl.RaftServerImpl (RaftServerImpl.java:start(173)) - aeca973f-ca62-470c-910a-77205c1f1eaa: start group-8315BA7E3302
2019-06-12 19:45:34,508 INFO  server.RaftServerConfigKeys (ConfUtils.java:logGet(43)) - raft.server.log.segment.size.max = 16384 (custom)
2019-06-12 19:45:34,508 INFO  impl.RaftServerImpl (RaftServerImpl.java:setRole(164)) - aeca973f-ca62-470c-910a-77205c1f1eaa:group-8315BA7E3302 changes role from null to FOLLOWER at term 0 for startAsFollower
2019-06-12 19:45:34,508 INFO  server.RaftServerConfigKeys (ConfUtils.java:logGet(43)) - raft.server.log.segment.cache.num.max = 2 (custom)
2019-06-12 19:45:34,508 INFO  storage.RaftLogWorker (RaftLogWorker.java:<init>(123)) - new f4717ce4-c525-4f1f-9cc3-cce4d62aaaab-RaftLogWorker for Storage Directory /opt/src/hadoop-ozone/integration-test/target/test-dir/MiniOzoneClusterImpl-4fbde124-f1f4-48c9-be06-d4a30676b84b/datanode-2/data/ratis/f4a072bd-c576-477e-bef8-8315ba7e3302
2019-06-12 19:45:34,508 INFO  server.RaftServerConfigKeys (ConfUtils.java:logGet(43)) - raft.server.log.queue.byte-limit = 2147483647 (custom)
2019-06-12 19:45:34,508 INFO  server.RaftServerConfigKeys (ConfUtils.java:logGet(43)) - raft.server.log.queue.element-limit = 1024 (custom)
2019-06-12 19:45:34,508 INFO  server.RaftServerConfigKeys (ConfUtils.java:logGet(43)) - raft.server.log.segment.size.max = 16384 (custom)
2019-06-12 19:45:34,509 INFO  server.RaftServerConfigKeys (ConfUtils.java:logGet(43)) - raft.server.log.preallocated.size = 16384 (custom)
2019-06-12 19:45:34,509 INFO  server.RaftServerConfigKeys (ConfUtils.java:logGet(43)) - raft.server.log.write.buffer.size = 33554432 (custom)
2019-06-12 19:45:34,509 INFO  server.RaftServerConfigKeys (ConfUtils.java:logGet(43)) - raft.server.log.force.sync.num = 128 (default)
2019-06-12 19:45:34,509 INFO  server.RaftServerConfigKeys (ConfUtils.java:logGet(43)) - raft.server.log.statemachine.data.sync = true (default)
2019-06-12 19:45:34,509 INFO  server.RaftServerConfigKeys (ConfUtils.java:logGet(43)) - raft.server.log.statemachine.data.sync.timeout = 10s (default)
2019-06-12 19:45:34,509 INFO  server.RaftServerConfigKeys (ConfUtils.java:logGet(43)) - raft.server.log.statemachine.data.sync.timeout.retry = -1 (default)
2019-06-12 19:45:34,509 INFO  server.RaftServerConfigKeys (ConfUtils.java:logGet(43)) - raft.server.log.statemachine.data.caching.enabled = true (custom)
2019-06-12 19:45:34,508 INFO  impl.RoleInfo (RoleInfo.java:updateAndGet(143)) - aeca973f-ca62-470c-910a-77205c1f1eaa: start FollowerState
2019-06-12 19:45:34,509 INFO  server.RaftServerConfigKeys (ConfUtils.java:logGet(43)) - raft.server.snapshot.auto.trigger.enabled = true (custom)
2019-06-12 19:45:34,509 INFO  server.RaftServerConfigKeys (ConfUtils.java:logGet(43)) - raft.server.snapshot.auto.trigger.threshold = 10000 (custom)
2019-06-12 19:45:34,509 INFO  util.JmxRegister (JmxRegister.java:tryRegister(44)) - Successfully registered JMX Bean with object name Ratis:service=RaftServer,group=group-8315BA7E3302,id=aeca973f-ca62-470c-910a-77205c1f1eaa
2019-06-12 19:45:34,509 INFO  server.RaftServerConfigKeys (ConfUtils.java:logGet(43)) - raft.server.retrycache.expirytime = 600000ms (custom)
2019-06-12 19:45:34,510 INFO  impl.RaftServerImpl (RaftServerImpl.java:start(173)) - f4717ce4-c525-4f1f-9cc3-cce4d62aaaab: start group-8315BA7E3302
2019-06-12 19:45:34,510 INFO  impl.RaftServerImpl (RaftServerImpl.java:setRole(164)) - f4717ce4-c525-4f1f-9cc3-cce4d62aaaab:group-8315BA7E3302 changes role from null to FOLLOWER at term 0 for startAsFollower
2019-06-12 19:45:34,510 INFO  impl.RoleInfo (RoleInfo.java:updateAndGet(143)) - f4717ce4-c525-4f1f-9cc3-cce4d62aaaab: start FollowerState
2019-06-12 19:45:34,510 INFO  util.JmxRegister (JmxRegister.java:tryRegister(44)) - Successfully registered JMX Bean with object name Ratis:service=RaftServer,group=group-8315BA7E3302,id=f4717ce4-c525-4f1f-9cc3-cce4d62aaaab
2019-06-12 19:45:34,512 INFO  pipeline.PipelineStateManager (PipelineStateManager.java:addPipeline(56)) - Created pipeline Pipeline[ Id: f4a072bd-c576-477e-bef8-8315ba7e3302, Nodes: aeca973f-ca62-470c-910a-77205c1f1eaa{ip: 192.168.11.214, host: ozone-jdgtl-3343835462, networkLocation: /default-rack, certSerialId: null}f4717ce4-c525-4f1f-9cc3-cce4d62aaaab{ip: 192.168.11.214, host: ozone-jdgtl-3343835462, networkLocation: /default-rack, certSerialId: null}de7e55f9-8d70-4d3a-a529-24ac5e0f0ecd{ip: 192.168.11.214, host: ozone-jdgtl-3343835462, networkLocation: /default-rack, certSerialId: null}, Type:RATIS, Factor:THREE, State:OPEN]
2019-06-12 19:45:34,619 INFO  node.SCMNodeManager (SCMNodeManager.java:register(234)) - Registered Data node : ba65791d-aa66-480e-894b-af07eaf19b15{ip: 192.168.11.214, host: ozone-jdgtl-3343835462, networkLocation: /default-rack, certSerialId: null}
2019-06-12 19:45:34,624 INFO  impl.RaftServerProxy (RaftServerProxy.java:addNew(89)) - ba65791d-aa66-480e-894b-af07eaf19b15: addNew group-300BB4CCB392:[ba65791d-aa66-480e-894b-af07eaf19b15:192.168.11.214:37497] returns group-300BB4CCB392:java.util.concurrent.CompletableFuture@287e1592[Not completed]
2019-06-12 19:45:34,625 INFO  impl.RaftServerImpl (RaftServerImpl.java:<init>(91)) - ba65791d-aa66-480e-894b-af07eaf19b15: new RaftServerImpl for group-300BB4CCB392:[ba65791d-aa66-480e-894b-af07eaf19b15:192.168.11.214:37497] with ContainerStateMachine:uninitialized
2019-06-12 19:45:34,625 INFO  server.RaftServerConfigKeys (ConfUtils.java:logGet(43)) - raft.server.rpc.timeout.min = 1s (custom)
2019-06-12 19:45:34,625 INFO  server.RaftServerConfigKeys (ConfUtils.java:logGet(43)) - raft.server.rpc.timeout.max = 1200ms (custom)
2019-06-12 19:45:34,625 INFO  server.RaftServerConfigKeys (ConfUtils.java:logGet(43)) - raft.server.rpcslowness.timeout = 120s (custom)
2019-06-12 19:45:34,625 INFO  server.RaftServerConfigKeys (ConfUtils.java:logGet(43)) - raft.server.log.appender.install.snapshot.enabled = true (default)
2019-06-12 19:45:34,625 INFO  impl.RaftServerImpl (ServerState.java:<init>(101)) - ba65791d-aa66-480e-894b-af07eaf19b15:group-300BB4CCB392 ConfigurationManager, init=-1: [ba65791d-aa66-480e-894b-af07eaf19b15:192.168.11.214:37497], old=null, confs=<EMPTY_MAP>
2019-06-12 19:45:34,625 INFO  server.RaftServerConfigKeys (ConfUtils.java:logGet(43)) - raft.server.storage.dir = [/opt/src/hadoop-ozone/integration-test/target/test-dir/MiniOzoneClusterImpl-4fbde124-f1f4-48c9-be06-d4a30676b84b/datanode-3/data/ratis] (custom)
2019-06-12 19:45:34,625 INFO  storage.RaftStorageDirectory (RaftStorageDirectory.java:analyzeStorage(246)) - The storage directory /opt/src/hadoop-ozone/integration-test/target/test-dir/MiniOzoneClusterImpl-4fbde124-f1f4-48c9-be06-d4a30676b84b/datanode-3/data/ratis/40d39e87-8726-404b-b536-300bb4ccb392 does not exist. Creating ...
2019-06-12 19:45:34,627 INFO  storage.RaftStorageDirectory (RaftStorageDirectory.java:tryLock(328)) - Lock on /opt/src/hadoop-ozone/integration-test/target/test-dir/MiniOzoneClusterImpl-4fbde124-f1f4-48c9-be06-d4a30676b84b/datanode-3/data/ratis/40d39e87-8726-404b-b536-300bb4ccb392/in_use.lock acquired by nodename 14677@ozone-jdgtl-3343835462
2019-06-12 19:45:34,629 INFO  storage.RaftStorage (RaftStorage.java:format(75)) - Storage directory /opt/src/hadoop-ozone/integration-test/target/test-dir/MiniOzoneClusterImpl-4fbde124-f1f4-48c9-be06-d4a30676b84b/datanode-3/data/ratis/40d39e87-8726-404b-b536-300bb4ccb392 has been successfully formatted.
2019-06-12 19:45:34,630 INFO  ratis.ContainerStateMachine (ContainerStateMachine.java:loadSnapshot(199)) - The snapshot info is null.Setting the last applied index to:(t:0, i:~)
2019-06-12 19:45:34,630 INFO  server.RaftServerConfigKeys (ConfUtils.java:logGet(43)) - raft.server.leader.election.timeout = 120s (custom)
2019-06-12 19:45:34,630 INFO  server.RaftServerConfigKeys (ConfUtils.java:logGet(43)) - raft.server.log.use.memory = false (default)
2019-06-12 19:45:34,630 INFO  server.RaftServerConfigKeys (ConfUtils.java:logGet(43)) - raft.server.log.appender.buffer.byte-limit = 33554432 (custom)
2019-06-12 19:45:34,630 INFO  server.RaftServerConfigKeys (ConfUtils.java:logGet(43)) - raft.server.log.segment.size.max = 16384 (custom)
2019-06-12 19:45:34,630 INFO  server.RaftServerConfigKeys (ConfUtils.java:logGet(43)) - raft.server.log.segment.cache.num.max = 2 (custom)
2019-06-12 19:45:34,630 INFO  storage.RaftLogWorker (RaftLogWorker.java:<init>(123)) - new ba65791d-aa66-480e-894b-af07eaf19b15-RaftLogWorker for Storage Directory /opt/src/hadoop-ozone/integration-test/target/test-dir/MiniOzoneClusterImpl-4fbde124-f1f4-48c9-be06-d4a30676b84b/datanode-3/data/ratis/40d39e87-8726-404b-b536-300bb4ccb392
2019-06-12 19:45:34,630 INFO  server.RaftServerConfigKeys (ConfUtils.java:logGet(43)) - raft.server.log.queue.byte-limit = 2147483647 (custom)
2019-06-12 19:45:34,630 INFO  server.RaftServerConfigKeys (ConfUtils.java:logGet(43)) - raft.server.log.queue.element-limit = 1024 (custom)
2019-06-12 19:45:34,630 INFO  server.RaftServerConfigKeys (ConfUtils.java:logGet(43)) - raft.server.log.segment.size.max = 16384 (custom)
2019-06-12 19:45:34,630 INFO  server.RaftServerConfigKeys (ConfUtils.java:logGet(43)) - raft.server.log.preallocated.size = 16384 (custom)
2019-06-12 19:45:34,630 INFO  server.RaftServerConfigKeys (ConfUtils.java:logGet(43)) - raft.server.log.write.buffer.size = 33554432 (custom)
2019-06-12 19:45:34,630 INFO  server.RaftServerConfigKeys (ConfUtils.java:logGet(43)) - raft.server.log.force.sync.num = 128 (default)
2019-06-12 19:45:34,631 INFO  server.RaftServerConfigKeys (ConfUtils.java:logGet(43)) - raft.server.log.statemachine.data.sync = true (default)
2019-06-12 19:45:34,631 INFO  server.RaftServerConfigKeys (ConfUtils.java:logGet(43)) - raft.server.log.statemachine.data.sync.timeout = 10s (default)
2019-06-12 19:45:34,631 INFO  server.RaftServerConfigKeys (ConfUtils.java:logGet(43)) - raft.server.log.statemachine.data.sync.timeout.retry = -1 (default)
2019-06-12 19:45:34,631 INFO  server.RaftServerConfigKeys (ConfUtils.java:logGet(43)) - raft.server.log.statemachine.data.caching.enabled = true (custom)
2019-06-12 19:45:34,631 INFO  server.RaftServerConfigKeys (ConfUtils.java:logGet(43)) - raft.server.snapshot.auto.trigger.enabled = true (custom)
2019-06-12 19:45:34,631 INFO  server.RaftServerConfigKeys (ConfUtils.java:logGet(43)) - raft.server.snapshot.auto.trigger.threshold = 10000 (custom)
2019-06-12 19:45:34,631 INFO  server.RaftServerConfigKeys (ConfUtils.java:logGet(43)) - raft.server.retrycache.expirytime = 600000ms (custom)
2019-06-12 19:45:34,631 INFO  impl.RaftServerImpl (RaftServerImpl.java:start(173)) - ba65791d-aa66-480e-894b-af07eaf19b15: start group-300BB4CCB392
2019-06-12 19:45:34,631 INFO  impl.RaftServerImpl (RaftServerImpl.java:setRole(164)) - ba65791d-aa66-480e-894b-af07eaf19b15:group-300BB4CCB392 changes role from null to FOLLOWER at term 0 for startAsFollower
2019-06-12 19:45:34,631 INFO  impl.RoleInfo (RoleInfo.java:updateAndGet(143)) - ba65791d-aa66-480e-894b-af07eaf19b15: start FollowerState
2019-06-12 19:45:34,632 INFO  util.JmxRegister (JmxRegister.java:tryRegister(44)) - Successfully registered JMX Bean with object name Ratis:service=RaftServer,group=group-300BB4CCB392,id=ba65791d-aa66-480e-894b-af07eaf19b15
2019-06-12 19:45:34,633 INFO  pipeline.PipelineStateManager (PipelineStateManager.java:addPipeline(56)) - Created pipeline Pipeline[ Id: 40d39e87-8726-404b-b536-300bb4ccb392, Nodes: ba65791d-aa66-480e-894b-af07eaf19b15{ip: 192.168.11.214, host: ozone-jdgtl-3343835462, networkLocation: /default-rack, certSerialId: null}, Type:RATIS, Factor:ONE, State:OPEN]
2019-06-12 19:45:34,764 INFO  node.SCMNodeManager (SCMNodeManager.java:register(234)) - Registered Data node : 443e94e8-6c65-491a-bc45-ca8edd1d93a8{ip: 192.168.11.214, host: ozone-jdgtl-3343835462, networkLocation: /default-rack, certSerialId: null}
2019-06-12 19:45:34,769 INFO  impl.RaftServerProxy (RaftServerProxy.java:addNew(89)) - 443e94e8-6c65-491a-bc45-ca8edd1d93a8: addNew group-068382F1CA1E:[443e94e8-6c65-491a-bc45-ca8edd1d93a8:192.168.11.214:40579] returns group-068382F1CA1E:java.util.concurrent.CompletableFuture@22ff572a[Not completed]
2019-06-12 19:45:34,770 INFO  impl.RaftServerImpl (RaftServerImpl.java:<init>(91)) - 443e94e8-6c65-491a-bc45-ca8edd1d93a8: new RaftServerImpl for group-068382F1CA1E:[443e94e8-6c65-491a-bc45-ca8edd1d93a8:192.168.11.214:40579] with ContainerStateMachine:uninitialized
2019-06-12 19:45:34,770 INFO  server.RaftServerConfigKeys (ConfUtils.java:logGet(43)) - raft.server.rpc.timeout.min = 1s (custom)
2019-06-12 19:45:34,770 INFO  server.RaftServerConfigKeys (ConfUtils.java:logGet(43)) - raft.server.rpc.timeout.max = 1200ms (custom)
2019-06-12 19:45:34,770 INFO  server.RaftServerConfigKeys (ConfUtils.java:logGet(43)) - raft.server.rpcslowness.timeout = 120s (custom)
2019-06-12 19:45:34,770 INFO  server.RaftServerConfigKeys (ConfUtils.java:logGet(43)) - raft.server.log.appender.install.snapshot.enabled = true (default)
2019-06-12 19:45:34,770 INFO  impl.RaftServerImpl (ServerState.java:<init>(101)) - 443e94e8-6c65-491a-bc45-ca8edd1d93a8:group-068382F1CA1E ConfigurationManager, init=-1: [443e94e8-6c65-491a-bc45-ca8edd1d93a8:192.168.11.214:40579], old=null, confs=<EMPTY_MAP>
2019-06-12 19:45:34,770 INFO  server.RaftServerConfigKeys (ConfUtils.java:logGet(43)) - raft.server.storage.dir = [/opt/src/hadoop-ozone/integration-test/target/test-dir/MiniOzoneClusterImpl-4fbde124-f1f4-48c9-be06-d4a30676b84b/datanode-4/data/ratis] (custom)
2019-06-12 19:45:34,770 INFO  storage.RaftStorageDirectory (RaftStorageDirectory.java:analyzeStorage(246)) - The storage directory /opt/src/hadoop-ozone/integration-test/target/test-dir/MiniOzoneClusterImpl-4fbde124-f1f4-48c9-be06-d4a30676b84b/datanode-4/data/ratis/be4e9d83-5b29-44d9-ab36-068382f1ca1e does not exist. Creating ...
2019-06-12 19:45:34,773 INFO  storage.RaftStorageDirectory (RaftStorageDirectory.java:tryLock(328)) - Lock on /opt/src/hadoop-ozone/integration-test/target/test-dir/MiniOzoneClusterImpl-4fbde124-f1f4-48c9-be06-d4a30676b84b/datanode-4/data/ratis/be4e9d83-5b29-44d9-ab36-068382f1ca1e/in_use.lock acquired by nodename 14677@ozone-jdgtl-3343835462
2019-06-12 19:45:34,775 INFO  storage.RaftStorage (RaftStorage.java:format(75)) - Storage directory /opt/src/hadoop-ozone/integration-test/target/test-dir/MiniOzoneClusterImpl-4fbde124-f1f4-48c9-be06-d4a30676b84b/datanode-4/data/ratis/be4e9d83-5b29-44d9-ab36-068382f1ca1e has been successfully formatted.
2019-06-12 19:45:34,775 INFO  ratis.ContainerStateMachine (ContainerStateMachine.java:loadSnapshot(199)) - The snapshot info is null.Setting the last applied index to:(t:0, i:~)
2019-06-12 19:45:34,775 INFO  server.RaftServerConfigKeys (ConfUtils.java:logGet(43)) - raft.server.leader.election.timeout = 120s (custom)
2019-06-12 19:45:34,775 INFO  server.RaftServerConfigKeys (ConfUtils.java:logGet(43)) - raft.server.log.use.memory = false (default)
2019-06-12 19:45:34,775 INFO  server.RaftServerConfigKeys (ConfUtils.java:logGet(43)) - raft.server.log.appender.buffer.byte-limit = 33554432 (custom)
2019-06-12 19:45:34,775 INFO  server.RaftServerConfigKeys (ConfUtils.java:logGet(43)) - raft.server.log.segment.size.max = 16384 (custom)
2019-06-12 19:45:34,775 INFO  server.RaftServerConfigKeys (ConfUtils.java:logGet(43)) - raft.server.log.segment.cache.num.max = 2 (custom)
2019-06-12 19:45:34,775 INFO  storage.RaftLogWorker (RaftLogWorker.java:<init>(123)) - new 443e94e8-6c65-491a-bc45-ca8edd1d93a8-RaftLogWorker for Storage Directory /opt/src/hadoop-ozone/integration-test/target/test-dir/MiniOzoneClusterImpl-4fbde124-f1f4-48c9-be06-d4a30676b84b/datanode-4/data/ratis/be4e9d83-5b29-44d9-ab36-068382f1ca1e
2019-06-12 19:45:34,775 INFO  server.RaftServerConfigKeys (ConfUtils.java:logGet(43)) - raft.server.log.queue.byte-limit = 2147483647 (custom)
2019-06-12 19:45:34,775 INFO  server.RaftServerConfigKeys (ConfUtils.java:logGet(43)) - raft.server.log.queue.element-limit = 1024 (custom)
2019-06-12 19:45:34,775 INFO  server.RaftServerConfigKeys (ConfUtils.java:logGet(43)) - raft.server.log.segment.size.max = 16384 (custom)
2019-06-12 19:45:34,776 INFO  server.RaftServerConfigKeys (ConfUtils.java:logGet(43)) - raft.server.log.preallocated.size = 16384 (custom)
2019-06-12 19:45:34,776 INFO  server.RaftServerConfigKeys (ConfUtils.java:logGet(43)) - raft.server.log.write.buffer.size = 33554432 (custom)
2019-06-12 19:45:34,776 INFO  server.RaftServerConfigKeys (ConfUtils.java:logGet(43)) - raft.server.log.force.sync.num = 128 (default)
2019-06-12 19:45:34,776 INFO  server.RaftServerConfigKeys (ConfUtils.java:logGet(43)) - raft.server.log.statemachine.data.sync = true (default)
2019-06-12 19:45:34,776 INFO  server.RaftServerConfigKeys (ConfUtils.java:logGet(43)) - raft.server.log.statemachine.data.sync.timeout = 10s (default)
2019-06-12 19:45:34,776 INFO  server.RaftServerConfigKeys (ConfUtils.java:logGet(43)) - raft.server.log.statemachine.data.sync.timeout.retry = -1 (default)
2019-06-12 19:45:34,776 INFO  server.RaftServerConfigKeys (ConfUtils.java:logGet(43)) - raft.server.log.statemachine.data.caching.enabled = true (custom)
2019-06-12 19:45:34,776 INFO  server.RaftServerConfigKeys (ConfUtils.java:logGet(43)) - raft.server.snapshot.auto.trigger.enabled = true (custom)
2019-06-12 19:45:34,776 INFO  server.RaftServerConfigKeys (ConfUtils.java:logGet(43)) - raft.server.snapshot.auto.trigger.threshold = 10000 (custom)
2019-06-12 19:45:34,776 INFO  server.RaftServerConfigKeys (ConfUtils.java:logGet(43)) - raft.server.retrycache.expirytime = 600000ms (custom)
2019-06-12 19:45:34,776 INFO  impl.RaftServerImpl (RaftServerImpl.java:start(173)) - 443e94e8-6c65-491a-bc45-ca8edd1d93a8: start group-068382F1CA1E
2019-06-12 19:45:34,777 INFO  impl.RaftServerImpl (RaftServerImpl.java:setRole(164)) - 443e94e8-6c65-491a-bc45-ca8edd1d93a8:group-068382F1CA1E changes role from null to FOLLOWER at term 0 for startAsFollower
2019-06-12 19:45:34,777 INFO  impl.RoleInfo (RoleInfo.java:updateAndGet(143)) - 443e94e8-6c65-491a-bc45-ca8edd1d93a8: start FollowerState
2019-06-12 19:45:34,777 INFO  util.JmxRegister (JmxRegister.java:tryRegister(44)) - Successfully registered JMX Bean with object name Ratis:service=RaftServer,group=group-068382F1CA1E,id=443e94e8-6c65-491a-bc45-ca8edd1d93a8
2019-06-12 19:45:34,778 INFO  pipeline.PipelineStateManager (PipelineStateManager.java:addPipeline(56)) - Created pipeline Pipeline[ Id: be4e9d83-5b29-44d9-ab36-068382f1ca1e, Nodes: 443e94e8-6c65-491a-bc45-ca8edd1d93a8{ip: 192.168.11.214, host: ozone-jdgtl-3343835462, networkLocation: /default-rack, certSerialId: null}, Type:RATIS, Factor:ONE, State:OPEN]
2019-06-12 19:45:34,909 INFO  ozone.MiniOzoneClusterImpl (MiniOzoneClusterImpl.java:lambda$waitForClusterToBeReady$0(142)) - Waiting for cluster to be ready. Got 5 of 6 DN Heartbeats.
2019-06-12 19:45:34,910 INFO  node.SCMNodeManager (SCMNodeManager.java:register(234)) - Registered Data node : beaf75e6-1d4c-460e-8609-06881d6a300a{ip: 192.168.11.214, host: ozone-jdgtl-3343835462, networkLocation: /default-rack, certSerialId: null}
2019-06-12 19:45:34,915 INFO  impl.RaftServerProxy (RaftServerProxy.java:addNew(89)) - beaf75e6-1d4c-460e-8609-06881d6a300a: addNew group-970852C6E9AE:[beaf75e6-1d4c-460e-8609-06881d6a300a:192.168.11.214:46311] returns group-970852C6E9AE:java.util.concurrent.CompletableFuture@e93bfbc[Not completed]
2019-06-12 19:45:34,916 INFO  impl.RaftServerImpl (RaftServerImpl.java:<init>(91)) - beaf75e6-1d4c-460e-8609-06881d6a300a: new RaftServerImpl for group-970852C6E9AE:[beaf75e6-1d4c-460e-8609-06881d6a300a:192.168.11.214:46311] with ContainerStateMachine:uninitialized
2019-06-12 19:45:34,916 INFO  server.RaftServerConfigKeys (ConfUtils.java:logGet(43)) - raft.server.rpc.timeout.min = 1s (custom)
2019-06-12 19:45:34,916 INFO  server.RaftServerConfigKeys (ConfUtils.java:logGet(43)) - raft.server.rpc.timeout.max = 1200ms (custom)
2019-06-12 19:45:34,916 INFO  server.RaftServerConfigKeys (ConfUtils.java:logGet(43)) - raft.server.rpcslowness.timeout = 120s (custom)
2019-06-12 19:45:34,916 INFO  server.RaftServerConfigKeys (ConfUtils.java:logGet(43)) - raft.server.log.appender.install.snapshot.enabled = true (default)
2019-06-12 19:45:34,916 INFO  impl.RaftServerImpl (ServerState.java:<init>(101)) - beaf75e6-1d4c-460e-8609-06881d6a300a:group-970852C6E9AE ConfigurationManager, init=-1: [beaf75e6-1d4c-460e-8609-06881d6a300a:192.168.11.214:46311], old=null, confs=<EMPTY_MAP>
2019-06-12 19:45:34,916 INFO  server.RaftServerConfigKeys (ConfUtils.java:logGet(43)) - raft.server.storage.dir = [/opt/src/hadoop-ozone/integration-test/target/test-dir/MiniOzoneClusterImpl-4fbde124-f1f4-48c9-be06-d4a30676b84b/datanode-5/data/ratis] (custom)
2019-06-12 19:45:34,916 INFO  storage.RaftStorageDirectory (RaftStorageDirectory.java:analyzeStorage(246)) - The storage directory /opt/src/hadoop-ozone/integration-test/target/test-dir/MiniOzoneClusterImpl-4fbde124-f1f4-48c9-be06-d4a30676b84b/datanode-5/data/ratis/081f8ba8-323e-411c-9baf-970852c6e9ae does not exist. Creating ...
2019-06-12 19:45:34,918 INFO  storage.RaftStorageDirectory (RaftStorageDirectory.java:tryLock(328)) - Lock on /opt/src/hadoop-ozone/integration-test/target/test-dir/MiniOzoneClusterImpl-4fbde124-f1f4-48c9-be06-d4a30676b84b/datanode-5/data/ratis/081f8ba8-323e-411c-9baf-970852c6e9ae/in_use.lock acquired by nodename 14677@ozone-jdgtl-3343835462
2019-06-12 19:45:34,920 INFO  storage.RaftStorage (RaftStorage.java:format(75)) - Storage directory /opt/src/hadoop-ozone/integration-test/target/test-dir/MiniOzoneClusterImpl-4fbde124-f1f4-48c9-be06-d4a30676b84b/datanode-5/data/ratis/081f8ba8-323e-411c-9baf-970852c6e9ae has been successfully formatted.
2019-06-12 19:45:34,920 INFO  ratis.ContainerStateMachine (ContainerStateMachine.java:loadSnapshot(199)) - The snapshot info is null.Setting the last applied index to:(t:0, i:~)
2019-06-12 19:45:34,921 INFO  server.RaftServerConfigKeys (ConfUtils.java:logGet(43)) - raft.server.leader.election.timeout = 120s (custom)
2019-06-12 19:45:34,921 INFO  server.RaftServerConfigKeys (ConfUtils.java:logGet(43)) - raft.server.log.use.memory = false (default)
2019-06-12 19:45:34,921 INFO  server.RaftServerConfigKeys (ConfUtils.java:logGet(43)) - raft.server.log.appender.buffer.byte-limit = 33554432 (custom)
2019-06-12 19:45:34,921 INFO  server.RaftServerConfigKeys (ConfUtils.java:logGet(43)) - raft.server.log.segment.size.max = 16384 (custom)
2019-06-12 19:45:34,921 INFO  server.RaftServerConfigKeys (ConfUtils.java:logGet(43)) - raft.server.log.segment.cache.num.max = 2 (custom)
2019-06-12 19:45:34,921 INFO  storage.RaftLogWorker (RaftLogWorker.java:<init>(123)) - new beaf75e6-1d4c-460e-8609-06881d6a300a-RaftLogWorker for Storage Directory /opt/src/hadoop-ozone/integration-test/target/test-dir/MiniOzoneClusterImpl-4fbde124-f1f4-48c9-be06-d4a30676b84b/datanode-5/data/ratis/081f8ba8-323e-411c-9baf-970852c6e9ae
2019-06-12 19:45:34,921 INFO  server.RaftServerConfigKeys (ConfUtils.java:logGet(43)) - raft.server.log.queue.byte-limit = 2147483647 (custom)
2019-06-12 19:45:34,921 INFO  server.RaftServerConfigKeys (ConfUtils.java:logGet(43)) - raft.server.log.queue.element-limit = 1024 (custom)
2019-06-12 19:45:34,921 INFO  server.RaftServerConfigKeys (ConfUtils.java:logGet(43)) - raft.server.log.segment.size.max = 16384 (custom)
2019-06-12 19:45:34,921 INFO  server.RaftServerConfigKeys (ConfUtils.java:logGet(43)) - raft.server.log.preallocated.size = 16384 (custom)
2019-06-12 19:45:34,921 INFO  server.RaftServerConfigKeys (ConfUtils.java:logGet(43)) - raft.server.log.write.buffer.size = 33554432 (custom)
2019-06-12 19:45:34,921 INFO  server.RaftServerConfigKeys (ConfUtils.java:logGet(43)) - raft.server.log.force.sync.num = 128 (default)
2019-06-12 19:45:34,921 INFO  server.RaftServerConfigKeys (ConfUtils.java:logGet(43)) - raft.server.log.statemachine.data.sync = true (default)
2019-06-12 19:45:34,921 INFO  server.RaftServerConfigKeys (ConfUtils.java:logGet(43)) - raft.server.log.statemachine.data.sync.timeout = 10s (default)
2019-06-12 19:45:34,921 INFO  server.RaftServerConfigKeys (ConfUtils.java:logGet(43)) - raft.server.log.statemachine.data.sync.timeout.retry = -1 (default)
2019-06-12 19:45:34,921 INFO  server.RaftServerConfigKeys (ConfUtils.java:logGet(43)) - raft.server.log.statemachine.data.caching.enabled = true (custom)
2019-06-12 19:45:34,922 INFO  server.RaftServerConfigKeys (ConfUtils.java:logGet(43)) - raft.server.snapshot.auto.trigger.enabled = true (custom)
2019-06-12 19:45:34,922 INFO  server.RaftServerConfigKeys (ConfUtils.java:logGet(43)) - raft.server.snapshot.auto.trigger.threshold = 10000 (custom)
2019-06-12 19:45:34,922 INFO  server.RaftServerConfigKeys (ConfUtils.java:logGet(43)) - raft.server.retrycache.expirytime = 600000ms (custom)
2019-06-12 19:45:34,922 INFO  impl.RaftServerImpl (RaftServerImpl.java:start(173)) - beaf75e6-1d4c-460e-8609-06881d6a300a: start group-970852C6E9AE
2019-06-12 19:45:34,922 INFO  impl.RaftServerImpl (RaftServerImpl.java:setRole(164)) - beaf75e6-1d4c-460e-8609-06881d6a300a:group-970852C6E9AE changes role from null to FOLLOWER at term 0 for startAsFollower
2019-06-12 19:45:34,922 INFO  impl.RoleInfo (RoleInfo.java:updateAndGet(143)) - beaf75e6-1d4c-460e-8609-06881d6a300a: start FollowerState
2019-06-12 19:45:34,922 INFO  util.JmxRegister (JmxRegister.java:tryRegister(44)) - Successfully registered JMX Bean with object name Ratis:service=RaftServer,group=group-970852C6E9AE,id=beaf75e6-1d4c-460e-8609-06881d6a300a
2019-06-12 19:45:34,925 INFO  pipeline.PipelineStateManager (PipelineStateManager.java:addPipeline(56)) - Created pipeline Pipeline[ Id: 081f8ba8-323e-411c-9baf-970852c6e9ae, Nodes: beaf75e6-1d4c-460e-8609-06881d6a300a{ip: 192.168.11.214, host: ozone-jdgtl-3343835462, networkLocation: /default-rack, certSerialId: null}, Type:RATIS, Factor:ONE, State:OPEN]
2019-06-12 19:45:34,932 INFO  impl.RaftServerProxy (RaftServerProxy.java:addNew(89)) - ba65791d-aa66-480e-894b-af07eaf19b15: addNew group-21DD918D6836:[443e94e8-6c65-491a-bc45-ca8edd1d93a8:192.168.11.214:40579, ba65791d-aa66-480e-894b-af07eaf19b15:192.168.11.214:37497, beaf75e6-1d4c-460e-8609-06881d6a300a:192.168.11.214:46311] returns group-21DD918D6836:java.util.concurrent.CompletableFuture@48927f4[Not completed]
2019-06-12 19:45:34,932 INFO  impl.RaftServerProxy (RaftServerProxy.java:addNew(89)) - 443e94e8-6c65-491a-bc45-ca8edd1d93a8: addNew group-21DD918D6836:[443e94e8-6c65-491a-bc45-ca8edd1d93a8:192.168.11.214:40579, ba65791d-aa66-480e-894b-af07eaf19b15:192.168.11.214:37497, beaf75e6-1d4c-460e-8609-06881d6a300a:192.168.11.214:46311] returns group-21DD918D6836:java.util.concurrent.CompletableFuture@7e23888b[Not completed]
2019-06-12 19:45:34,932 INFO  impl.RaftServerImpl (RaftServerImpl.java:<init>(91)) - ba65791d-aa66-480e-894b-af07eaf19b15: new RaftServerImpl for group-21DD918D6836:[443e94e8-6c65-491a-bc45-ca8edd1d93a8:192.168.11.214:40579, ba65791d-aa66-480e-894b-af07eaf19b15:192.168.11.214:37497, beaf75e6-1d4c-460e-8609-06881d6a300a:192.168.11.214:46311] with ContainerStateMachine:uninitialized
2019-06-12 19:45:34,932 INFO  server.RaftServerConfigKeys (ConfUtils.java:logGet(43)) - raft.server.rpc.timeout.min = 1s (custom)
2019-06-12 19:45:34,932 INFO  server.RaftServerConfigKeys (ConfUtils.java:logGet(43)) - raft.server.rpc.timeout.max = 1200ms (custom)
2019-06-12 19:45:34,932 INFO  server.RaftServerConfigKeys (ConfUtils.java:logGet(43)) - raft.server.rpcslowness.timeout = 120s (custom)
2019-06-12 19:45:34,932 INFO  server.RaftServerConfigKeys (ConfUtils.java:logGet(43)) - raft.server.log.appender.install.snapshot.enabled = true (default)
2019-06-12 19:45:34,933 INFO  impl.RaftServerImpl (ServerState.java:<init>(101)) - ba65791d-aa66-480e-894b-af07eaf19b15:group-21DD918D6836 ConfigurationManager, init=-1: [443e94e8-6c65-491a-bc45-ca8edd1d93a8:192.168.11.214:40579, ba65791d-aa66-480e-894b-af07eaf19b15:192.168.11.214:37497, beaf75e6-1d4c-460e-8609-06881d6a300a:192.168.11.214:46311], old=null, confs=<EMPTY_MAP>
2019-06-12 19:45:34,933 INFO  server.RaftServerConfigKeys (ConfUtils.java:logGet(43)) - raft.server.storage.dir = [/opt/src/hadoop-ozone/integration-test/target/test-dir/MiniOzoneClusterImpl-4fbde124-f1f4-48c9-be06-d4a30676b84b/datanode-3/data/ratis] (custom)
2019-06-12 19:45:34,933 INFO  storage.RaftStorageDirectory (RaftStorageDirectory.java:analyzeStorage(246)) - The storage directory /opt/src/hadoop-ozone/integration-test/target/test-dir/MiniOzoneClusterImpl-4fbde124-f1f4-48c9-be06-d4a30676b84b/datanode-3/data/ratis/d94c0a61-e949-4424-a5b9-21dd918d6836 does not exist. Creating ...
2019-06-12 19:45:34,933 INFO  impl.RaftServerImpl (RaftServerImpl.java:<init>(91)) - 443e94e8-6c65-491a-bc45-ca8edd1d93a8: new RaftServerImpl for group-21DD918D6836:[443e94e8-6c65-491a-bc45-ca8edd1d93a8:192.168.11.214:40579, ba65791d-aa66-480e-894b-af07eaf19b15:192.168.11.214:37497, beaf75e6-1d4c-460e-8609-06881d6a300a:192.168.11.214:46311] with ContainerStateMachine:uninitialized
2019-06-12 19:45:34,933 INFO  server.RaftServerConfigKeys (ConfUtils.java:logGet(43)) - raft.server.rpc.timeout.min = 1s (custom)
2019-06-12 19:45:34,933 INFO  server.RaftServerConfigKeys (ConfUtils.java:logGet(43)) - raft.server.rpc.timeout.max = 1200ms (custom)
2019-06-12 19:45:34,933 INFO  server.RaftServerConfigKeys (ConfUtils.java:logGet(43)) - raft.server.rpcslowness.timeout = 120s (custom)
2019-06-12 19:45:34,933 INFO  server.RaftServerConfigKeys (ConfUtils.java:logGet(43)) - raft.server.log.appender.install.snapshot.enabled = true (default)
2019-06-12 19:45:34,933 INFO  impl.RaftServerImpl (ServerState.java:<init>(101)) - 443e94e8-6c65-491a-bc45-ca8edd1d93a8:group-21DD918D6836 ConfigurationManager, init=-1: [443e94e8-6c65-491a-bc45-ca8edd1d93a8:192.168.11.214:40579, ba65791d-aa66-480e-894b-af07eaf19b15:192.168.11.214:37497, beaf75e6-1d4c-460e-8609-06881d6a300a:192.168.11.214:46311], old=null, confs=<EMPTY_MAP>
2019-06-12 19:45:34,934 INFO  server.RaftServerConfigKeys (ConfUtils.java:logGet(43)) - raft.server.storage.dir = [/opt/src/hadoop-ozone/integration-test/target/test-dir/MiniOzoneClusterImpl-4fbde124-f1f4-48c9-be06-d4a30676b84b/datanode-4/data/ratis] (custom)
2019-06-12 19:45:34,934 INFO  storage.RaftStorageDirectory (RaftStorageDirectory.java:analyzeStorage(246)) - The storage directory /opt/src/hadoop-ozone/integration-test/target/test-dir/MiniOzoneClusterImpl-4fbde124-f1f4-48c9-be06-d4a30676b84b/datanode-4/data/ratis/d94c0a61-e949-4424-a5b9-21dd918d6836 does not exist. Creating ...
2019-06-12 19:45:34,934 INFO  impl.RaftServerProxy (RaftServerProxy.java:addNew(89)) - beaf75e6-1d4c-460e-8609-06881d6a300a: addNew group-21DD918D6836:[443e94e8-6c65-491a-bc45-ca8edd1d93a8:192.168.11.214:40579, ba65791d-aa66-480e-894b-af07eaf19b15:192.168.11.214:37497, beaf75e6-1d4c-460e-8609-06881d6a300a:192.168.11.214:46311] returns group-21DD918D6836:java.util.concurrent.CompletableFuture@4e60c524[Not completed]
2019-06-12 19:45:34,935 INFO  impl.RaftServerImpl (RaftServerImpl.java:<init>(91)) - beaf75e6-1d4c-460e-8609-06881d6a300a: new RaftServerImpl for group-21DD918D6836:[443e94e8-6c65-491a-bc45-ca8edd1d93a8:192.168.11.214:40579, ba65791d-aa66-480e-894b-af07eaf19b15:192.168.11.214:37497, beaf75e6-1d4c-460e-8609-06881d6a300a:192.168.11.214:46311] with ContainerStateMachine:uninitialized
2019-06-12 19:45:34,935 INFO  server.RaftServerConfigKeys (ConfUtils.java:logGet(43)) - raft.server.rpc.timeout.min = 1s (custom)
2019-06-12 19:45:34,935 INFO  server.RaftServerConfigKeys (ConfUtils.java:logGet(43)) - raft.server.rpc.timeout.max = 1200ms (custom)
2019-06-12 19:45:34,935 INFO  server.RaftServerConfigKeys (ConfUtils.java:logGet(43)) - raft.server.rpcslowness.timeout = 120s (custom)
2019-06-12 19:45:34,935 INFO  server.RaftServerConfigKeys (ConfUtils.java:logGet(43)) - raft.server.log.appender.install.snapshot.enabled = true (default)
2019-06-12 19:45:34,935 INFO  impl.RaftServerImpl (ServerState.java:<init>(101)) - beaf75e6-1d4c-460e-8609-06881d6a300a:group-21DD918D6836 ConfigurationManager, init=-1: [443e94e8-6c65-491a-bc45-ca8edd1d93a8:192.168.11.214:40579, ba65791d-aa66-480e-894b-af07eaf19b15:192.168.11.214:37497, beaf75e6-1d4c-460e-8609-06881d6a300a:192.168.11.214:46311], old=null, confs=<EMPTY_MAP>
2019-06-12 19:45:34,935 INFO  server.RaftServerConfigKeys (ConfUtils.java:logGet(43)) - raft.server.storage.dir = [/opt/src/hadoop-ozone/integration-test/target/test-dir/MiniOzoneClusterImpl-4fbde124-f1f4-48c9-be06-d4a30676b84b/datanode-5/data/ratis] (custom)
2019-06-12 19:45:34,935 INFO  storage.RaftStorageDirectory (RaftStorageDirectory.java:analyzeStorage(246)) - The storage directory /opt/src/hadoop-ozone/integration-test/target/test-dir/MiniOzoneClusterImpl-4fbde124-f1f4-48c9-be06-d4a30676b84b/datanode-5/data/ratis/d94c0a61-e949-4424-a5b9-21dd918d6836 does not exist. Creating ...
2019-06-12 19:45:34,936 INFO  storage.RaftStorageDirectory (RaftStorageDirectory.java:tryLock(328)) - Lock on /opt/src/hadoop-ozone/integration-test/target/test-dir/MiniOzoneClusterImpl-4fbde124-f1f4-48c9-be06-d4a30676b84b/datanode-3/data/ratis/d94c0a61-e949-4424-a5b9-21dd918d6836/in_use.lock acquired by nodename 14677@ozone-jdgtl-3343835462
2019-06-12 19:45:34,937 INFO  storage.RaftStorageDirectory (RaftStorageDirectory.java:tryLock(328)) - Lock on /opt/src/hadoop-ozone/integration-test/target/test-dir/MiniOzoneClusterImpl-4fbde124-f1f4-48c9-be06-d4a30676b84b/datanode-5/data/ratis/d94c0a61-e949-4424-a5b9-21dd918d6836/in_use.lock acquired by nodename 14677@ozone-jdgtl-3343835462
2019-06-12 19:45:34,937 INFO  storage.RaftStorageDirectory (RaftStorageDirectory.java:tryLock(328)) - Lock on /opt/src/hadoop-ozone/integration-test/target/test-dir/MiniOzoneClusterImpl-4fbde124-f1f4-48c9-be06-d4a30676b84b/datanode-4/data/ratis/d94c0a61-e949-4424-a5b9-21dd918d6836/in_use.lock acquired by nodename 14677@ozone-jdgtl-3343835462
2019-06-12 19:45:34,939 INFO  storage.RaftStorage (RaftStorage.java:format(75)) - Storage directory /opt/src/hadoop-ozone/integration-test/target/test-dir/MiniOzoneClusterImpl-4fbde124-f1f4-48c9-be06-d4a30676b84b/datanode-3/data/ratis/d94c0a61-e949-4424-a5b9-21dd918d6836 has been successfully formatted.
2019-06-12 19:45:34,939 INFO  ratis.ContainerStateMachine (ContainerStateMachine.java:loadSnapshot(199)) - The snapshot info is null.Setting the last applied index to:(t:0, i:~)
2019-06-12 19:45:34,939 INFO  server.RaftServerConfigKeys (ConfUtils.java:logGet(43)) - raft.server.leader.election.timeout = 120s (custom)
2019-06-12 19:45:34,939 INFO  server.RaftServerConfigKeys (ConfUtils.java:logGet(43)) - raft.server.log.use.memory = false (default)
2019-06-12 19:45:34,939 INFO  server.RaftServerConfigKeys (ConfUtils.java:logGet(43)) - raft.server.log.appender.buffer.byte-limit = 33554432 (custom)
2019-06-12 19:45:34,939 INFO  server.RaftServerConfigKeys (ConfUtils.java:logGet(43)) - raft.server.log.segment.size.max = 16384 (custom)
2019-06-12 19:45:34,939 INFO  server.RaftServerConfigKeys (ConfUtils.java:logGet(43)) - raft.server.log.segment.cache.num.max = 2 (custom)
2019-06-12 19:45:34,939 INFO  storage.RaftLogWorker (RaftLogWorker.java:<init>(123)) - new ba65791d-aa66-480e-894b-af07eaf19b15-RaftLogWorker for Storage Directory /opt/src/hadoop-ozone/integration-test/target/test-dir/MiniOzoneClusterImpl-4fbde124-f1f4-48c9-be06-d4a30676b84b/datanode-3/data/ratis/d94c0a61-e949-4424-a5b9-21dd918d6836
2019-06-12 19:45:34,939 INFO  server.RaftServerConfigKeys (ConfUtils.java:logGet(43)) - raft.server.log.queue.byte-limit = 2147483647 (custom)
2019-06-12 19:45:34,939 INFO  server.RaftServerConfigKeys (ConfUtils.java:logGet(43)) - raft.server.log.queue.element-limit = 1024 (custom)
2019-06-12 19:45:34,939 INFO  server.RaftServerConfigKeys (ConfUtils.java:logGet(43)) - raft.server.log.segment.size.max = 16384 (custom)
2019-06-12 19:45:34,939 INFO  server.RaftServerConfigKeys (ConfUtils.java:logGet(43)) - raft.server.log.preallocated.size = 16384 (custom)
2019-06-12 19:45:34,939 INFO  server.RaftServerConfigKeys (ConfUtils.java:logGet(43)) - raft.server.log.write.buffer.size = 33554432 (custom)
2019-06-12 19:45:34,939 INFO  server.RaftServerConfigKeys (ConfUtils.java:logGet(43)) - raft.server.log.force.sync.num = 128 (default)
2019-06-12 19:45:34,939 INFO  server.RaftServerConfigKeys (ConfUtils.java:logGet(43)) - raft.server.log.statemachine.data.sync = true (default)
2019-06-12 19:45:34,940 INFO  server.RaftServerConfigKeys (ConfUtils.java:logGet(43)) - raft.server.log.statemachine.data.sync.timeout = 10s (default)
2019-06-12 19:45:34,940 INFO  server.RaftServerConfigKeys (ConfUtils.java:logGet(43)) - raft.server.log.statemachine.data.sync.timeout.retry = -1 (default)
2019-06-12 19:45:34,940 INFO  server.RaftServerConfigKeys (ConfUtils.java:logGet(43)) - raft.server.log.statemachine.data.caching.enabled = true (custom)
2019-06-12 19:45:34,940 INFO  server.RaftServerConfigKeys (ConfUtils.java:logGet(43)) - raft.server.snapshot.auto.trigger.enabled = true (custom)
2019-06-12 19:45:34,940 INFO  server.RaftServerConfigKeys (ConfUtils.java:logGet(43)) - raft.server.snapshot.auto.trigger.threshold = 10000 (custom)
2019-06-12 19:45:34,940 INFO  server.RaftServerConfigKeys (ConfUtils.java:logGet(43)) - raft.server.retrycache.expirytime = 600000ms (custom)
2019-06-12 19:45:34,940 INFO  storage.RaftStorage (RaftStorage.java:format(75)) - Storage directory /opt/src/hadoop-ozone/integration-test/target/test-dir/MiniOzoneClusterImpl-4fbde124-f1f4-48c9-be06-d4a30676b84b/datanode-5/data/ratis/d94c0a61-e949-4424-a5b9-21dd918d6836 has been successfully formatted.
2019-06-12 19:45:34,940 INFO  impl.RaftServerImpl (RaftServerImpl.java:start(173)) - ba65791d-aa66-480e-894b-af07eaf19b15: start group-21DD918D6836
2019-06-12 19:45:34,940 INFO  storage.RaftStorage (RaftStorage.java:format(75)) - Storage directory /opt/src/hadoop-ozone/integration-test/target/test-dir/MiniOzoneClusterImpl-4fbde124-f1f4-48c9-be06-d4a30676b84b/datanode-4/data/ratis/d94c0a61-e949-4424-a5b9-21dd918d6836 has been successfully formatted.
2019-06-12 19:45:34,940 INFO  impl.RaftServerImpl (RaftServerImpl.java:setRole(164)) - ba65791d-aa66-480e-894b-af07eaf19b15:group-21DD918D6836 changes role from null to FOLLOWER at term 0 for startAsFollower
2019-06-12 19:45:34,941 INFO  ratis.ContainerStateMachine (ContainerStateMachine.java:loadSnapshot(199)) - The snapshot info is null.Setting the last applied index to:(t:0, i:~)
2019-06-12 19:45:34,941 INFO  ratis.ContainerStateMachine (ContainerStateMachine.java:loadSnapshot(199)) - The snapshot info is null.Setting the last applied index to:(t:0, i:~)
2019-06-12 19:45:34,941 INFO  impl.RoleInfo (RoleInfo.java:updateAndGet(143)) - ba65791d-aa66-480e-894b-af07eaf19b15: start FollowerState
2019-06-12 19:45:34,941 INFO  server.RaftServerConfigKeys (ConfUtils.java:logGet(43)) - raft.server.leader.election.timeout = 120s (custom)
2019-06-12 19:45:34,941 INFO  server.RaftServerConfigKeys (ConfUtils.java:logGet(43)) - raft.server.log.use.memory = false (default)
2019-06-12 19:45:34,941 INFO  util.JmxRegister (JmxRegister.java:tryRegister(44)) - Successfully registered JMX Bean with object name Ratis:service=RaftServer,group=group-21DD918D6836,id=ba65791d-aa66-480e-894b-af07eaf19b15
2019-06-12 19:45:34,941 INFO  server.RaftServerConfigKeys (ConfUtils.java:logGet(43)) - raft.server.leader.election.timeout = 120s (custom)
2019-06-12 19:45:34,941 INFO  server.RaftServerConfigKeys (ConfUtils.java:logGet(43)) - raft.server.log.appender.buffer.byte-limit = 33554432 (custom)
2019-06-12 19:45:34,941 INFO  server.RaftServerConfigKeys (ConfUtils.java:logGet(43)) - raft.server.log.segment.size.max = 16384 (custom)
2019-06-12 19:45:34,941 INFO  server.RaftServerConfigKeys (ConfUtils.java:logGet(43)) - raft.server.log.segment.cache.num.max = 2 (custom)
2019-06-12 19:45:34,941 INFO  server.RaftServerConfigKeys (ConfUtils.java:logGet(43)) - raft.server.log.use.memory = false (default)
2019-06-12 19:45:34,941 INFO  storage.RaftLogWorker (RaftLogWorker.java:<init>(123)) - new beaf75e6-1d4c-460e-8609-06881d6a300a-RaftLogWorker for Storage Directory /opt/src/hadoop-ozone/integration-test/target/test-dir/MiniOzoneClusterImpl-4fbde124-f1f4-48c9-be06-d4a30676b84b/datanode-5/data/ratis/d94c0a61-e949-4424-a5b9-21dd918d6836
2019-06-12 19:45:34,942 INFO  server.RaftServerConfigKeys (ConfUtils.java:logGet(43)) - raft.server.log.queue.byte-limit = 2147483647 (custom)
2019-06-12 19:45:34,942 INFO  server.RaftServerConfigKeys (ConfUtils.java:logGet(43)) - raft.server.log.queue.element-limit = 1024 (custom)
2019-06-12 19:45:34,942 INFO  server.RaftServerConfigKeys (ConfUtils.java:logGet(43)) - raft.server.log.segment.size.max = 16384 (custom)
2019-06-12 19:45:34,942 INFO  server.RaftServerConfigKeys (ConfUtils.java:logGet(43)) - raft.server.log.preallocated.size = 16384 (custom)
2019-06-12 19:45:34,942 INFO  server.RaftServerConfigKeys (ConfUtils.java:logGet(43)) - raft.server.log.write.buffer.size = 33554432 (custom)
2019-06-12 19:45:34,942 INFO  server.RaftServerConfigKeys (ConfUtils.java:logGet(43)) - raft.server.log.force.sync.num = 128 (default)
2019-06-12 19:45:34,942 INFO  server.RaftServerConfigKeys (ConfUtils.java:logGet(43)) - raft.server.log.statemachine.data.sync = true (default)
2019-06-12 19:45:34,942 INFO  server.RaftServerConfigKeys (ConfUtils.java:logGet(43)) - raft.server.log.statemachine.data.sync.timeout = 10s (default)
2019-06-12 19:45:34,942 INFO  server.RaftServerConfigKeys (ConfUtils.java:logGet(43)) - raft.server.log.statemachine.data.sync.timeout.retry = -1 (default)
2019-06-12 19:45:34,942 INFO  server.RaftServerConfigKeys (ConfUtils.java:logGet(43)) - raft.server.log.statemachine.data.caching.enabled = true (custom)
2019-06-12 19:45:34,941 INFO  server.RaftServerConfigKeys (ConfUtils.java:logGet(43)) - raft.server.log.appender.buffer.byte-limit = 33554432 (custom)
2019-06-12 19:45:34,943 INFO  server.RaftServerConfigKeys (ConfUtils.java:logGet(43)) - raft.server.log.segment.size.max = 16384 (custom)
2019-06-12 19:45:34,943 INFO  server.RaftServerConfigKeys (ConfUtils.java:logGet(43)) - raft.server.snapshot.auto.trigger.enabled = true (custom)
2019-06-12 19:45:34,943 INFO  server.RaftServerConfigKeys (ConfUtils.java:logGet(43)) - raft.server.snapshot.auto.trigger.threshold = 10000 (custom)
2019-06-12 19:45:34,943 INFO  server.RaftServerConfigKeys (ConfUtils.java:logGet(43)) - raft.server.retrycache.expirytime = 600000ms (custom)
2019-06-12 19:45:34,943 INFO  impl.RaftServerImpl (RaftServerImpl.java:start(173)) - beaf75e6-1d4c-460e-8609-06881d6a300a: start group-21DD918D6836
2019-06-12 19:45:34,943 INFO  impl.RaftServerImpl (RaftServerImpl.java:setRole(164)) - beaf75e6-1d4c-460e-8609-06881d6a300a:group-21DD918D6836 changes role from null to FOLLOWER at term 0 for startAsFollower
2019-06-12 19:45:34,943 INFO  impl.RoleInfo (RoleInfo.java:updateAndGet(143)) - beaf75e6-1d4c-460e-8609-06881d6a300a: start FollowerState
2019-06-12 19:45:34,943 INFO  server.RaftServerConfigKeys (ConfUtils.java:logGet(43)) - raft.server.log.segment.cache.num.max = 2 (custom)
2019-06-12 19:45:34,943 INFO  storage.RaftLogWorker (RaftLogWorker.java:<init>(123)) - new 443e94e8-6c65-491a-bc45-ca8edd1d93a8-RaftLogWorker for Storage Directory /opt/src/hadoop-ozone/integration-test/target/test-dir/MiniOzoneClusterImpl-4fbde124-f1f4-48c9-be06-d4a30676b84b/datanode-4/data/ratis/d94c0a61-e949-4424-a5b9-21dd918d6836
2019-06-12 19:45:34,943 INFO  server.RaftServerConfigKeys (ConfUtils.java:logGet(43)) - raft.server.log.queue.byte-limit = 2147483647 (custom)
2019-06-12 19:45:34,944 INFO  server.RaftServerConfigKeys (ConfUtils.java:logGet(43)) - raft.server.log.queue.element-limit = 1024 (custom)
2019-06-12 19:45:34,944 INFO  server.RaftServerConfigKeys (ConfUtils.java:logGet(43)) - raft.server.log.segment.size.max = 16384 (custom)
2019-06-12 19:45:34,944 INFO  server.RaftServerConfigKeys (ConfUtils.java:logGet(43)) - raft.server.log.preallocated.size = 16384 (custom)
2019-06-12 19:45:34,944 INFO  server.RaftServerConfigKeys (ConfUtils.java:logGet(43)) - raft.server.log.write.buffer.size = 33554432 (custom)
2019-06-12 19:45:34,944 INFO  server.RaftServerConfigKeys (ConfUtils.java:logGet(43)) - raft.server.log.force.sync.num = 128 (default)
2019-06-12 19:45:34,944 INFO  server.RaftServerConfigKeys (ConfUtils.java:logGet(43)) - raft.server.log.statemachine.data.sync = true (default)
2019-06-12 19:45:34,944 INFO  server.RaftServerConfigKeys (ConfUtils.java:logGet(43)) - raft.server.log.statemachine.data.sync.timeout = 10s (default)
2019-06-12 19:45:34,944 INFO  server.RaftServerConfigKeys (ConfUtils.java:logGet(43)) - raft.server.log.statemachine.data.sync.timeout.retry = -1 (default)
2019-06-12 19:45:34,947 INFO  server.RaftServerConfigKeys (ConfUtils.java:logGet(43)) - raft.server.log.statemachine.data.caching.enabled = true (custom)
2019-06-12 19:45:34,947 INFO  util.JmxRegister (JmxRegister.java:tryRegister(44)) - Successfully registered JMX Bean with object name Ratis:service=RaftServer,group=group-21DD918D6836,id=beaf75e6-1d4c-460e-8609-06881d6a300a
2019-06-12 19:45:34,947 INFO  server.RaftServerConfigKeys (ConfUtils.java:logGet(43)) - raft.server.snapshot.auto.trigger.enabled = true (custom)
2019-06-12 19:45:34,947 INFO  server.RaftServerConfigKeys (ConfUtils.java:logGet(43)) - raft.server.snapshot.auto.trigger.threshold = 10000 (custom)
2019-06-12 19:45:34,947 INFO  server.RaftServerConfigKeys (ConfUtils.java:logGet(43)) - raft.server.retrycache.expirytime = 600000ms (custom)
2019-06-12 19:45:34,947 INFO  impl.RaftServerImpl (RaftServerImpl.java:start(173)) - 443e94e8-6c65-491a-bc45-ca8edd1d93a8: start group-21DD918D6836
2019-06-12 19:45:34,947 INFO  impl.RaftServerImpl (RaftServerImpl.java:setRole(164)) - 443e94e8-6c65-491a-bc45-ca8edd1d93a8:group-21DD918D6836 changes role from null to FOLLOWER at term 0 for startAsFollower
2019-06-12 19:45:34,947 INFO  impl.RoleInfo (RoleInfo.java:updateAndGet(143)) - 443e94e8-6c65-491a-bc45-ca8edd1d93a8: start FollowerState
2019-06-12 19:45:34,947 INFO  util.JmxRegister (JmxRegister.java:tryRegister(44)) - Successfully registered JMX Bean with object name Ratis:service=RaftServer,group=group-21DD918D6836,id=443e94e8-6c65-491a-bc45-ca8edd1d93a8
2019-06-12 19:45:34,951 INFO  pipeline.PipelineStateManager (PipelineStateManager.java:addPipeline(56)) - Created pipeline Pipeline[ Id: d94c0a61-e949-4424-a5b9-21dd918d6836, Nodes: 443e94e8-6c65-491a-bc45-ca8edd1d93a8{ip: 192.168.11.214, host: ozone-jdgtl-3343835462, networkLocation: /default-rack, certSerialId: null}ba65791d-aa66-480e-894b-af07eaf19b15{ip: 192.168.11.214, host: ozone-jdgtl-3343835462, networkLocation: /default-rack, certSerialId: null}beaf75e6-1d4c-460e-8609-06881d6a300a{ip: 192.168.11.214, host: ozone-jdgtl-3343835462, networkLocation: /default-rack, certSerialId: null}, Type:RATIS, Factor:THREE, State:OPEN]
2019-06-12 19:45:35,301 INFO  impl.FollowerState (FollowerState.java:run(101)) - de7e55f9-8d70-4d3a-a529-24ac5e0f0ecd:group-D62870966BF5 changes to CANDIDATE, lastRpcTime:1120, electionTimeout:1120ms
2019-06-12 19:45:35,301 INFO  impl.RoleInfo (RoleInfo.java:shutdownFollowerState(121)) - de7e55f9-8d70-4d3a-a529-24ac5e0f0ecd: shutdown FollowerState
2019-06-12 19:45:35,301 INFO  impl.RaftServerImpl (RaftServerImpl.java:setRole(164)) - de7e55f9-8d70-4d3a-a529-24ac5e0f0ecd:group-D62870966BF5 changes role from FOLLOWER to CANDIDATE at term 0 for changeToCandidate
2019-06-12 19:45:35,301 INFO  impl.RoleInfo (RoleInfo.java:updateAndGet(143)) - de7e55f9-8d70-4d3a-a529-24ac5e0f0ecd: start LeaderElection
2019-06-12 19:45:35,304 INFO  impl.LeaderElection (LeaderElection.java:askForVotes(181)) - de7e55f9-8d70-4d3a-a529-24ac5e0f0ecd:group-D62870966BF5:LeaderElection53: begin an election at term 1 for -1: [de7e55f9-8d70-4d3a-a529-24ac5e0f0ecd:192.168.11.214:44303], old=null
2019-06-12 19:45:35,304 INFO  impl.RoleInfo (RoleInfo.java:shutdownLeaderElection(134)) - de7e55f9-8d70-4d3a-a529-24ac5e0f0ecd: shutdown LeaderElection
2019-06-12 19:45:35,304 INFO  impl.RaftServerImpl (RaftServerImpl.java:setRole(164)) - de7e55f9-8d70-4d3a-a529-24ac5e0f0ecd:group-D62870966BF5 changes role from CANDIDATE to LEADER at term 1 for changeToLeader
2019-06-12 19:45:35,304 INFO  impl.RaftServerImpl (ServerState.java:setLeader(263)) - de7e55f9-8d70-4d3a-a529-24ac5e0f0ecd:group-D62870966BF5 change Leader from null to de7e55f9-8d70-4d3a-a529-24ac5e0f0ecd at term 1 for becomeLeader, leader elected after 1124ms
2019-06-12 19:45:35,304 INFO  server.RaftServerConfigKeys (ConfUtils.java:logGet(43)) - raft.server.staging.catchup.gap = 1000 (default)
2019-06-12 19:45:35,304 INFO  server.RaftServerConfigKeys (ConfUtils.java:logGet(43)) - raft.server.rpc.sleep.time = 25ms (default)
2019-06-12 19:45:35,304 INFO  server.RaftServerConfigKeys (ConfUtils.java:logGet(43)) - raft.server.watch.timeout = 10s (default)
2019-06-12 19:45:35,304 INFO  server.RaftServerConfigKeys (ConfUtils.java:logGet(43)) - raft.server.watch.timeout.denomination = 1s (default)
2019-06-12 19:45:35,304 INFO  impl.RoleInfo (RoleInfo.java:updateAndGet(143)) - de7e55f9-8d70-4d3a-a529-24ac5e0f0ecd: start LeaderState
2019-06-12 19:45:35,304 INFO  storage.RaftLogWorker (RaftLogWorker.java:startLogSegment(298)) - de7e55f9-8d70-4d3a-a529-24ac5e0f0ecd-RaftLogWorker: Starting segment from index:0
2019-06-12 19:45:35,305 INFO  impl.RaftServerImpl (ServerState.java:setRaftConf(361)) - de7e55f9-8d70-4d3a-a529-24ac5e0f0ecd:group-D62870966BF5 set configuration 0: [de7e55f9-8d70-4d3a-a529-24ac5e0f0ecd:192.168.11.214:44303], old=null at 0
2019-06-12 19:45:35,339 INFO  storage.RaftLogWorker (RaftLogWorker.java:execute(469)) - de7e55f9-8d70-4d3a-a529-24ac5e0f0ecd-RaftLogWorker: created new log segment /opt/src/hadoop-ozone/integration-test/target/test-dir/MiniOzoneClusterImpl-4fbde124-f1f4-48c9-be06-d4a30676b84b/datanode-0/data/ratis/e7b234d3-6234-41f8-830e-d62870966bf5/current/log_inprogress_0
2019-06-12 19:45:35,384 INFO  impl.FollowerState (FollowerState.java:run(101)) - aeca973f-ca62-470c-910a-77205c1f1eaa:group-3C9627DFFFB4 changes to CANDIDATE, lastRpcTime:1050, electionTimeout:1050ms
2019-06-12 19:45:35,384 INFO  impl.RoleInfo (RoleInfo.java:shutdownFollowerState(121)) - aeca973f-ca62-470c-910a-77205c1f1eaa: shutdown FollowerState
2019-06-12 19:45:35,384 INFO  impl.RaftServerImpl (RaftServerImpl.java:setRole(164)) - aeca973f-ca62-470c-910a-77205c1f1eaa:group-3C9627DFFFB4 changes role from FOLLOWER to CANDIDATE at term 0 for changeToCandidate
2019-06-12 19:45:35,384 INFO  impl.RoleInfo (RoleInfo.java:updateAndGet(143)) - aeca973f-ca62-470c-910a-77205c1f1eaa: start LeaderElection
2019-06-12 19:45:35,386 INFO  impl.LeaderElection (LeaderElection.java:askForVotes(181)) - aeca973f-ca62-470c-910a-77205c1f1eaa:group-3C9627DFFFB4:LeaderElection54: begin an election at term 1 for -1: [aeca973f-ca62-470c-910a-77205c1f1eaa:192.168.11.214:39469], old=null
2019-06-12 19:45:35,386 INFO  impl.RoleInfo (RoleInfo.java:shutdownLeaderElection(134)) - aeca973f-ca62-470c-910a-77205c1f1eaa: shutdown LeaderElection
2019-06-12 19:45:35,386 INFO  impl.RaftServerImpl (RaftServerImpl.java:setRole(164)) - aeca973f-ca62-470c-910a-77205c1f1eaa:group-3C9627DFFFB4 changes role from CANDIDATE to LEADER at term 1 for changeToLeader
2019-06-12 19:45:35,387 INFO  impl.RaftServerImpl (ServerState.java:setLeader(263)) - aeca973f-ca62-470c-910a-77205c1f1eaa:group-3C9627DFFFB4 change Leader from null to aeca973f-ca62-470c-910a-77205c1f1eaa at term 1 for becomeLeader, leader elected after 1055ms
2019-06-12 19:45:35,387 INFO  server.RaftServerConfigKeys (ConfUtils.java:logGet(43)) - raft.server.staging.catchup.gap = 1000 (default)
2019-06-12 19:45:35,387 INFO  server.RaftServerConfigKeys (ConfUtils.java:logGet(43)) - raft.server.rpc.sleep.time = 25ms (default)
2019-06-12 19:45:35,387 INFO  server.RaftServerConfigKeys (ConfUtils.java:logGet(43)) - raft.server.watch.timeout = 10s (default)
2019-06-12 19:45:35,387 INFO  server.RaftServerConfigKeys (ConfUtils.java:logGet(43)) - raft.server.watch.timeout.denomination = 1s (default)
2019-06-12 19:45:35,387 INFO  impl.RoleInfo (RoleInfo.java:updateAndGet(143)) - aeca973f-ca62-470c-910a-77205c1f1eaa: start LeaderState
2019-06-12 19:45:35,387 INFO  storage.RaftLogWorker (RaftLogWorker.java:startLogSegment(298)) - aeca973f-ca62-470c-910a-77205c1f1eaa-RaftLogWorker: Starting segment from index:0
2019-06-12 19:45:35,387 INFO  impl.RaftServerImpl (ServerState.java:setRaftConf(361)) - aeca973f-ca62-470c-910a-77205c1f1eaa:group-3C9627DFFFB4 set configuration 0: [aeca973f-ca62-470c-910a-77205c1f1eaa:192.168.11.214:39469], old=null at 0
2019-06-12 19:45:35,422 INFO  storage.RaftLogWorker (RaftLogWorker.java:execute(469)) - aeca973f-ca62-470c-910a-77205c1f1eaa-RaftLogWorker: created new log segment /opt/src/hadoop-ozone/integration-test/target/test-dir/MiniOzoneClusterImpl-4fbde124-f1f4-48c9-be06-d4a30676b84b/datanode-1/data/ratis/a790bbd0-19b7-4b81-ab8a-3c9627dfffb4/current/log_inprogress_0
2019-06-12 19:45:35,488 INFO  impl.FollowerState (FollowerState.java:run(101)) - f4717ce4-c525-4f1f-9cc3-cce4d62aaaab:group-AB2EC3FD775C changes to CANDIDATE, lastRpcTime:1004, electionTimeout:1004ms
2019-06-12 19:45:35,489 INFO  impl.RoleInfo (RoleInfo.java:shutdownFollowerState(121)) - f4717ce4-c525-4f1f-9cc3-cce4d62aaaab: shutdown FollowerState
2019-06-12 19:45:35,489 INFO  impl.RaftServerImpl (RaftServerImpl.java:setRole(164)) - f4717ce4-c525-4f1f-9cc3-cce4d62aaaab:group-AB2EC3FD775C changes role from FOLLOWER to CANDIDATE at term 0 for changeToCandidate
2019-06-12 19:45:35,489 INFO  impl.RoleInfo (RoleInfo.java:updateAndGet(143)) - f4717ce4-c525-4f1f-9cc3-cce4d62aaaab: start LeaderElection
2019-06-12 19:45:35,491 INFO  impl.LeaderElection (LeaderElection.java:askForVotes(181)) - f4717ce4-c525-4f1f-9cc3-cce4d62aaaab:group-AB2EC3FD775C:LeaderElection55: begin an election at term 1 for -1: [f4717ce4-c525-4f1f-9cc3-cce4d62aaaab:192.168.11.214:37275], old=null
2019-06-12 19:45:35,491 INFO  impl.RoleInfo (RoleInfo.java:shutdownLeaderElection(134)) - f4717ce4-c525-4f1f-9cc3-cce4d62aaaab: shutdown LeaderElection
2019-06-12 19:45:35,491 INFO  impl.RaftServerImpl (RaftServerImpl.java:setRole(164)) - f4717ce4-c525-4f1f-9cc3-cce4d62aaaab:group-AB2EC3FD775C changes role from CANDIDATE to LEADER at term 1 for changeToLeader
2019-06-12 19:45:35,491 INFO  impl.RaftServerImpl (ServerState.java:setLeader(263)) - f4717ce4-c525-4f1f-9cc3-cce4d62aaaab:group-AB2EC3FD775C change Leader from null to f4717ce4-c525-4f1f-9cc3-cce4d62aaaab at term 1 for becomeLeader, leader elected after 1008ms
2019-06-12 19:45:35,491 INFO  server.RaftServerConfigKeys (ConfUtils.java:logGet(43)) - raft.server.staging.catchup.gap = 1000 (default)
2019-06-12 19:45:35,491 INFO  server.RaftServerConfigKeys (ConfUtils.java:logGet(43)) - raft.server.rpc.sleep.time = 25ms (default)
2019-06-12 19:45:35,491 INFO  server.RaftServerConfigKeys (ConfUtils.java:logGet(43)) - raft.server.watch.timeout = 10s (default)
2019-06-12 19:45:35,492 INFO  server.RaftServerConfigKeys (ConfUtils.java:logGet(43)) - raft.server.watch.timeout.denomination = 1s (default)
2019-06-12 19:45:35,492 INFO  impl.RoleInfo (RoleInfo.java:updateAndGet(143)) - f4717ce4-c525-4f1f-9cc3-cce4d62aaaab: start LeaderState
2019-06-12 19:45:35,492 INFO  storage.RaftLogWorker (RaftLogWorker.java:startLogSegment(298)) - f4717ce4-c525-4f1f-9cc3-cce4d62aaaab-RaftLogWorker: Starting segment from index:0
2019-06-12 19:45:35,492 INFO  impl.RaftServerImpl (ServerState.java:setRaftConf(361)) - f4717ce4-c525-4f1f-9cc3-cce4d62aaaab:group-AB2EC3FD775C set configuration 0: [f4717ce4-c525-4f1f-9cc3-cce4d62aaaab:192.168.11.214:37275], old=null at 0
2019-06-12 19:45:35,526 INFO  storage.RaftLogWorker (RaftLogWorker.java:execute(469)) - f4717ce4-c525-4f1f-9cc3-cce4d62aaaab-RaftLogWorker: created new log segment /opt/src/hadoop-ozone/integration-test/target/test-dir/MiniOzoneClusterImpl-4fbde124-f1f4-48c9-be06-d4a30676b84b/datanode-2/data/ratis/1ca360f4-d13d-4218-9cbc-ab2ec3fd775c/current/log_inprogress_0
2019-06-12 19:45:35,583 INFO  impl.FollowerState (FollowerState.java:run(101)) - aeca973f-ca62-470c-910a-77205c1f1eaa:group-8315BA7E3302 changes to CANDIDATE, lastRpcTime:1074, electionTimeout:1073ms
2019-06-12 19:45:35,583 INFO  impl.RoleInfo (RoleInfo.java:shutdownFollowerState(121)) - aeca973f-ca62-470c-910a-77205c1f1eaa: shutdown FollowerState
2019-06-12 19:45:35,583 INFO  impl.RaftServerImpl (RaftServerImpl.java:setRole(164)) - aeca973f-ca62-470c-910a-77205c1f1eaa:group-8315BA7E3302 changes role from FOLLOWER to CANDIDATE at term 0 for changeToCandidate
2019-06-12 19:45:35,583 INFO  impl.RoleInfo (RoleInfo.java:updateAndGet(143)) - aeca973f-ca62-470c-910a-77205c1f1eaa: start LeaderElection
2019-06-12 19:45:35,585 INFO  impl.LeaderElection (LeaderElection.java:askForVotes(181)) - aeca973f-ca62-470c-910a-77205c1f1eaa:group-8315BA7E3302:LeaderElection56: begin an election at term 1 for -1: [f4717ce4-c525-4f1f-9cc3-cce4d62aaaab:192.168.11.214:37275, aeca973f-ca62-470c-910a-77205c1f1eaa:192.168.11.214:39469, de7e55f9-8d70-4d3a-a529-24ac5e0f0ecd:192.168.11.214:44303], old=null
2019-06-12 19:45:35,590 INFO  impl.RaftServerImpl (RaftServerImpl.java:setRole(164)) - de7e55f9-8d70-4d3a-a529-24ac5e0f0ecd:group-8315BA7E3302 changes role from FOLLOWER to FOLLOWER at term 1 for recognizeCandidate:aeca973f-ca62-470c-910a-77205c1f1eaa
2019-06-12 19:45:35,590 INFO  impl.RoleInfo (RoleInfo.java:shutdownFollowerState(121)) - de7e55f9-8d70-4d3a-a529-24ac5e0f0ecd: shutdown FollowerState
2019-06-12 19:45:35,590 INFO  impl.RaftServerImpl (RaftServerImpl.java:setRole(164)) - f4717ce4-c525-4f1f-9cc3-cce4d62aaaab:group-8315BA7E3302 changes role from FOLLOWER to FOLLOWER at term 1 for recognizeCandidate:aeca973f-ca62-470c-910a-77205c1f1eaa
2019-06-12 19:45:35,590 INFO  impl.FollowerState (FollowerState.java:run(109)) - de7e55f9-8d70-4d3a-a529-24ac5e0f0ecd: FollowerState was interrupted: java.lang.InterruptedException: sleep interrupted
2019-06-12 19:45:35,590 INFO  impl.RoleInfo (RoleInfo.java:updateAndGet(143)) - de7e55f9-8d70-4d3a-a529-24ac5e0f0ecd: start FollowerState
2019-06-12 19:45:35,590 INFO  impl.RoleInfo (RoleInfo.java:shutdownFollowerState(121)) - f4717ce4-c525-4f1f-9cc3-cce4d62aaaab: shutdown FollowerState
2019-06-12 19:45:35,591 INFO  impl.RoleInfo (RoleInfo.java:updateAndGet(143)) - f4717ce4-c525-4f1f-9cc3-cce4d62aaaab: start FollowerState
2019-06-12 19:45:35,591 INFO  impl.FollowerState (FollowerState.java:run(109)) - f4717ce4-c525-4f1f-9cc3-cce4d62aaaab: FollowerState was interrupted: java.lang.InterruptedException: sleep interrupted
2019-06-12 19:45:35,594 INFO  impl.LeaderElection (LeaderElection.java:logAndReturn(56)) - aeca973f-ca62-470c-910a-77205c1f1eaa:group-8315BA7E3302:LeaderElection56: Election PASSED; received 1 response(s) [aeca973f-ca62-470c-910a-77205c1f1eaa->de7e55f9-8d70-4d3a-a529-24ac5e0f0ecd,true-t1] and 0 exception(s); aeca973f-ca62-470c-910a-77205c1f1eaa:t1, leader=null, voted=aeca973f-ca62-470c-910a-77205c1f1eaa, raftlog=aeca973f-ca62-470c-910a-77205c1f1eaa-SegmentedRaftLog:OPENED:c-1,f-1,i0, conf=-1: [f4717ce4-c525-4f1f-9cc3-cce4d62aaaab:192.168.11.214:37275, aeca973f-ca62-470c-910a-77205c1f1eaa:192.168.11.214:39469, de7e55f9-8d70-4d3a-a529-24ac5e0f0ecd:192.168.11.214:44303], old=null
2019-06-12 19:45:35,594 INFO  impl.RoleInfo (RoleInfo.java:shutdownLeaderElection(134)) - aeca973f-ca62-470c-910a-77205c1f1eaa: shutdown LeaderElection
2019-06-12 19:45:35,594 INFO  impl.RaftServerImpl (RaftServerImpl.java:setRole(164)) - aeca973f-ca62-470c-910a-77205c1f1eaa:group-8315BA7E3302 changes role from CANDIDATE to LEADER at term 1 for changeToLeader
2019-06-12 19:45:35,594 INFO  impl.RaftServerImpl (ServerState.java:setLeader(263)) - aeca973f-ca62-470c-910a-77205c1f1eaa:group-8315BA7E3302 change Leader from null to aeca973f-ca62-470c-910a-77205c1f1eaa at term 1 for becomeLeader, leader elected after 1088ms
2019-06-12 19:45:35,594 INFO  server.RaftServerConfigKeys (ConfUtils.java:logGet(43)) - raft.server.staging.catchup.gap = 1000 (default)
2019-06-12 19:45:35,594 INFO  server.RaftServerConfigKeys (ConfUtils.java:logGet(43)) - raft.server.rpc.sleep.time = 25ms (default)
2019-06-12 19:45:35,594 INFO  server.RaftServerConfigKeys (ConfUtils.java:logGet(43)) - raft.server.watch.timeout = 10s (default)
2019-06-12 19:45:35,594 INFO  server.RaftServerConfigKeys (ConfUtils.java:logGet(43)) - raft.server.watch.timeout.denomination = 1s (default)
2019-06-12 19:45:35,594 INFO  server.RaftServerConfigKeys (ConfUtils.java:logGet(43)) - raft.server.log.appender.snapshot.chunk.size.max = 16MB (=16777216) (default)
2019-06-12 19:45:35,594 INFO  server.RaftServerConfigKeys (ConfUtils.java:logGet(43)) - raft.server.log.appender.buffer.byte-limit = 33554432 (custom)
2019-06-12 19:45:35,595 INFO  server.RaftServerConfigKeys (ConfUtils.java:logGet(43)) - raft.server.log.appender.buffer.element-limit = 1 (custom)
2019-06-12 19:45:35,595 INFO  grpc.GrpcConfigKeys$Server (ConfUtils.java:logGet(43)) - raft.grpc.server.leader.outstanding.appends.max = 128 (default)
2019-06-12 19:45:35,595 INFO  server.RaftServerConfigKeys (ConfUtils.java:logGet(43)) - raft.server.rpc.request.timeout = 3000ms (default)
2019-06-12 19:45:35,595 INFO  server.RaftServerConfigKeys (ConfUtils.java:logGet(43)) - raft.server.log.appender.install.snapshot.enabled = true (default)
2019-06-12 19:45:35,595 INFO  server.RaftServerConfigKeys (ConfUtils.java:logGet(43)) - raft.server.log.appender.snapshot.chunk.size.max = 16MB (=16777216) (default)
2019-06-12 19:45:35,595 INFO  server.RaftServerConfigKeys (ConfUtils.java:logGet(43)) - raft.server.log.appender.buffer.byte-limit = 33554432 (custom)
2019-06-12 19:45:35,595 INFO  server.RaftServerConfigKeys (ConfUtils.java:logGet(43)) - raft.server.log.appender.buffer.element-limit = 1 (custom)
2019-06-12 19:45:35,595 INFO  grpc.GrpcConfigKeys$Server (ConfUtils.java:logGet(43)) - raft.grpc.server.leader.outstanding.appends.max = 128 (default)
2019-06-12 19:45:35,595 INFO  server.RaftServerConfigKeys (ConfUtils.java:logGet(43)) - raft.server.rpc.request.timeout = 3000ms (default)
2019-06-12 19:45:35,595 INFO  server.RaftServerConfigKeys (ConfUtils.java:logGet(43)) - raft.server.log.appender.install.snapshot.enabled = true (default)
2019-06-12 19:45:35,595 INFO  impl.RoleInfo (RoleInfo.java:updateAndGet(143)) - aeca973f-ca62-470c-910a-77205c1f1eaa: start LeaderState
2019-06-12 19:45:35,595 INFO  storage.RaftLogWorker (RaftLogWorker.java:startLogSegment(298)) - aeca973f-ca62-470c-910a-77205c1f1eaa-RaftLogWorker: Starting segment from index:0
2019-06-12 19:45:35,603 INFO  impl.RaftServerImpl (ServerState.java:setRaftConf(361)) - aeca973f-ca62-470c-910a-77205c1f1eaa:group-8315BA7E3302 set configuration 0: [f4717ce4-c525-4f1f-9cc3-cce4d62aaaab:192.168.11.214:37275, aeca973f-ca62-470c-910a-77205c1f1eaa:192.168.11.214:39469, de7e55f9-8d70-4d3a-a529-24ac5e0f0ecd:192.168.11.214:44303], old=null at 0
2019-06-12 19:45:35,603 INFO  impl.RaftServerImpl (ServerState.java:setLeader(263)) - f4717ce4-c525-4f1f-9cc3-cce4d62aaaab:group-8315BA7E3302 change Leader from null to aeca973f-ca62-470c-910a-77205c1f1eaa at term 1 for appendEntries, leader elected after 1097ms
2019-06-12 19:45:35,604 INFO  impl.RaftServerImpl (ServerState.java:setLeader(263)) - de7e55f9-8d70-4d3a-a529-24ac5e0f0ecd:group-8315BA7E3302 change Leader from null to aeca973f-ca62-470c-910a-77205c1f1eaa at term 1 for appendEntries, leader elected after 1100ms
2019-06-12 19:45:35,605 INFO  impl.RaftServerImpl (ServerState.java:setRaftConf(361)) - f4717ce4-c525-4f1f-9cc3-cce4d62aaaab:group-8315BA7E3302 set configuration 0: [f4717ce4-c525-4f1f-9cc3-cce4d62aaaab:192.168.11.214:37275, aeca973f-ca62-470c-910a-77205c1f1eaa:192.168.11.214:39469, de7e55f9-8d70-4d3a-a529-24ac5e0f0ecd:192.168.11.214:44303], old=null at 0
2019-06-12 19:45:35,605 INFO  storage.RaftLogWorker (RaftLogWorker.java:startLogSegment(298)) - f4717ce4-c525-4f1f-9cc3-cce4d62aaaab-RaftLogWorker: Starting segment from index:0
2019-06-12 19:45:35,605 INFO  impl.RaftServerImpl (ServerState.java:setRaftConf(361)) - de7e55f9-8d70-4d3a-a529-24ac5e0f0ecd:group-8315BA7E3302 set configuration 0: [f4717ce4-c525-4f1f-9cc3-cce4d62aaaab:192.168.11.214:37275, aeca973f-ca62-470c-910a-77205c1f1eaa:192.168.11.214:39469, de7e55f9-8d70-4d3a-a529-24ac5e0f0ecd:192.168.11.214:44303], old=null at 0
2019-06-12 19:45:35,606 INFO  storage.RaftLogWorker (RaftLogWorker.java:startLogSegment(298)) - de7e55f9-8d70-4d3a-a529-24ac5e0f0ecd-RaftLogWorker: Starting segment from index:0
2019-06-12 19:45:35,637 INFO  storage.RaftLogWorker (RaftLogWorker.java:execute(469)) - aeca973f-ca62-470c-910a-77205c1f1eaa-RaftLogWorker: created new log segment /opt/src/hadoop-ozone/integration-test/target/test-dir/MiniOzoneClusterImpl-4fbde124-f1f4-48c9-be06-d4a30676b84b/datanode-1/data/ratis/f4a072bd-c576-477e-bef8-8315ba7e3302/current/log_inprogress_0
2019-06-12 19:45:35,647 INFO  storage.RaftLogWorker (RaftLogWorker.java:execute(469)) - f4717ce4-c525-4f1f-9cc3-cce4d62aaaab-RaftLogWorker: created new log segment /opt/src/hadoop-ozone/integration-test/target/test-dir/MiniOzoneClusterImpl-4fbde124-f1f4-48c9-be06-d4a30676b84b/datanode-2/data/ratis/f4a072bd-c576-477e-bef8-8315ba7e3302/current/log_inprogress_0
2019-06-12 19:45:35,651 INFO  storage.RaftLogWorker (RaftLogWorker.java:execute(469)) - de7e55f9-8d70-4d3a-a529-24ac5e0f0ecd-RaftLogWorker: created new log segment /opt/src/hadoop-ozone/integration-test/target/test-dir/MiniOzoneClusterImpl-4fbde124-f1f4-48c9-be06-d4a30676b84b/datanode-0/data/ratis/f4a072bd-c576-477e-bef8-8315ba7e3302/current/log_inprogress_0
2019-06-12 19:45:35,753 INFO  impl.FollowerState (FollowerState.java:run(101)) - ba65791d-aa66-480e-894b-af07eaf19b15:group-300BB4CCB392 changes to CANDIDATE, lastRpcTime:1121, electionTimeout:1121ms
2019-06-12 19:45:35,753 INFO  impl.RoleInfo (RoleInfo.java:shutdownFollowerState(121)) - ba65791d-aa66-480e-894b-af07eaf19b15: shutdown FollowerState
2019-06-12 19:45:35,753 INFO  impl.RaftServerImpl (RaftServerImpl.java:setRole(164)) - ba65791d-aa66-480e-894b-af07eaf19b15:group-300BB4CCB392 changes role from FOLLOWER to CANDIDATE at term 0 for changeToCandidate
2019-06-12 19:45:35,753 INFO  impl.RoleInfo (RoleInfo.java:updateAndGet(143)) - ba65791d-aa66-480e-894b-af07eaf19b15: start LeaderElection
2019-06-12 19:45:35,755 INFO  impl.LeaderElection (LeaderElection.java:askForVotes(181)) - ba65791d-aa66-480e-894b-af07eaf19b15:group-300BB4CCB392:LeaderElection57: begin an election at term 1 for -1: [ba65791d-aa66-480e-894b-af07eaf19b15:192.168.11.214:37497], old=null
2019-06-12 19:45:35,755 INFO  impl.RoleInfo (RoleInfo.java:shutdownLeaderElection(134)) - ba65791d-aa66-480e-894b-af07eaf19b15: shutdown LeaderElection
2019-06-12 19:45:35,755 INFO  impl.RaftServerImpl (RaftServerImpl.java:setRole(164)) - ba65791d-aa66-480e-894b-af07eaf19b15:group-300BB4CCB392 changes role from CANDIDATE to LEADER at term 1 for changeToLeader
2019-06-12 19:45:35,755 INFO  impl.RaftServerImpl (ServerState.java:setLeader(263)) - ba65791d-aa66-480e-894b-af07eaf19b15:group-300BB4CCB392 change Leader from null to ba65791d-aa66-480e-894b-af07eaf19b15 at term 1 for becomeLeader, leader elected after 1125ms
2019-06-12 19:45:35,756 INFO  server.RaftServerConfigKeys (ConfUtils.java:logGet(43)) - raft.server.staging.catchup.gap = 1000 (default)
2019-06-12 19:45:35,756 INFO  server.RaftServerConfigKeys (ConfUtils.java:logGet(43)) - raft.server.rpc.sleep.time = 25ms (default)
2019-06-12 19:45:35,756 INFO  server.RaftServerConfigKeys (ConfUtils.java:logGet(43)) - raft.server.watch.timeout = 10s (default)
2019-06-12 19:45:35,756 INFO  server.RaftServerConfigKeys (ConfUtils.java:logGet(43)) - raft.server.watch.timeout.denomination = 1s (default)
2019-06-12 19:45:35,756 INFO  impl.RoleInfo (RoleInfo.java:updateAndGet(143)) - ba65791d-aa66-480e-894b-af07eaf19b15: start LeaderState
2019-06-12 19:45:35,756 INFO  storage.RaftLogWorker (RaftLogWorker.java:startLogSegment(298)) - ba65791d-aa66-480e-894b-af07eaf19b15-RaftLogWorker: Starting segment from index:0
2019-06-12 19:45:35,756 INFO  impl.RaftServerImpl (ServerState.java:setRaftConf(361)) - ba65791d-aa66-480e-894b-af07eaf19b15:group-300BB4CCB392 set configuration 0: [ba65791d-aa66-480e-894b-af07eaf19b15:192.168.11.214:37497], old=null at 0
2019-06-12 19:45:35,791 INFO  storage.RaftLogWorker (RaftLogWorker.java:execute(469)) - ba65791d-aa66-480e-894b-af07eaf19b15-RaftLogWorker: created new log segment /opt/src/hadoop-ozone/integration-test/target/test-dir/MiniOzoneClusterImpl-4fbde124-f1f4-48c9-be06-d4a30676b84b/datanode-3/data/ratis/40d39e87-8726-404b-b536-300bb4ccb392/current/log_inprogress_0
2019-06-12 19:45:35,896 INFO  impl.FollowerState (FollowerState.java:run(101)) - 443e94e8-6c65-491a-bc45-ca8edd1d93a8:group-068382F1CA1E changes to CANDIDATE, lastRpcTime:1119, electionTimeout:1119ms
2019-06-12 19:45:35,896 INFO  impl.RoleInfo (RoleInfo.java:shutdownFollowerState(121)) - 443e94e8-6c65-491a-bc45-ca8edd1d93a8: shutdown FollowerState
2019-06-12 19:45:35,896 INFO  impl.RaftServerImpl (RaftServerImpl.java:setRole(164)) - 443e94e8-6c65-491a-bc45-ca8edd1d93a8:group-068382F1CA1E changes role from FOLLOWER to CANDIDATE at term 0 for changeToCandidate
2019-06-12 19:45:35,896 INFO  impl.RoleInfo (RoleInfo.java:updateAndGet(143)) - 443e94e8-6c65-491a-bc45-ca8edd1d93a8: start LeaderElection
2019-06-12 19:45:35,898 INFO  impl.LeaderElection (LeaderElection.java:askForVotes(181)) - 443e94e8-6c65-491a-bc45-ca8edd1d93a8:group-068382F1CA1E:LeaderElection58: begin an election at term 1 for -1: [443e94e8-6c65-491a-bc45-ca8edd1d93a8:192.168.11.214:40579], old=null
2019-06-12 19:45:35,899 INFO  impl.RoleInfo (RoleInfo.java:shutdownLeaderElection(134)) - 443e94e8-6c65-491a-bc45-ca8edd1d93a8: shutdown LeaderElection
2019-06-12 19:45:35,899 INFO  impl.RaftServerImpl (RaftServerImpl.java:setRole(164)) - 443e94e8-6c65-491a-bc45-ca8edd1d93a8:group-068382F1CA1E changes role from CANDIDATE to LEADER at term 1 for changeToLeader
2019-06-12 19:45:35,899 INFO  impl.RaftServerImpl (ServerState.java:setLeader(263)) - 443e94e8-6c65-491a-bc45-ca8edd1d93a8:group-068382F1CA1E change Leader from null to 443e94e8-6c65-491a-bc45-ca8edd1d93a8 at term 1 for becomeLeader, leader elected after 1123ms
2019-06-12 19:45:35,899 INFO  server.RaftServerConfigKeys (ConfUtils.java:logGet(43)) - raft.server.staging.catchup.gap = 1000 (default)
2019-06-12 19:45:35,899 INFO  server.RaftServerConfigKeys (ConfUtils.java:logGet(43)) - raft.server.rpc.sleep.time = 25ms (default)
2019-06-12 19:45:35,899 INFO  server.RaftServerConfigKeys (ConfUtils.java:logGet(43)) - raft.server.watch.timeout = 10s (default)
2019-06-12 19:45:35,899 INFO  server.RaftServerConfigKeys (ConfUtils.java:logGet(43)) - raft.server.watch.timeout.denomination = 1s (default)
2019-06-12 19:45:35,899 INFO  impl.RoleInfo (RoleInfo.java:updateAndGet(143)) - 443e94e8-6c65-491a-bc45-ca8edd1d93a8: start LeaderState
2019-06-12 19:45:35,899 INFO  storage.RaftLogWorker (RaftLogWorker.java:startLogSegment(298)) - 443e94e8-6c65-491a-bc45-ca8edd1d93a8-RaftLogWorker: Starting segment from index:0
2019-06-12 19:45:35,899 INFO  impl.RaftServerImpl (ServerState.java:setRaftConf(361)) - 443e94e8-6c65-491a-bc45-ca8edd1d93a8:group-068382F1CA1E set configuration 0: [443e94e8-6c65-491a-bc45-ca8edd1d93a8:192.168.11.214:40579], old=null at 0
2019-06-12 19:45:35,910 INFO  ozone.MiniOzoneClusterImpl (MiniOzoneClusterImpl.java:lambda$waitForClusterToBeReady$0(142)) - Cluster is ready. Got 6 of 6 DN Heartbeats.
2019-06-12 19:45:35,940 INFO  storage.RaftLogWorker (RaftLogWorker.java:execute(469)) - 443e94e8-6c65-491a-bc45-ca8edd1d93a8-RaftLogWorker: created new log segment /opt/src/hadoop-ozone/integration-test/target/test-dir/MiniOzoneClusterImpl-4fbde124-f1f4-48c9-be06-d4a30676b84b/datanode-4/data/ratis/be4e9d83-5b29-44d9-ab36-068382f1ca1e/current/log_inprogress_0
2019-06-12 19:45:35,945 INFO  rpc.RpcClient (RpcClient.java:createVolume(289)) - Creating Volume: datanodefailurehandlingtest, with root as owner.
2019-06-12 19:45:35,945 INFO  impl.FollowerState (FollowerState.java:run(101)) - ba65791d-aa66-480e-894b-af07eaf19b15:group-21DD918D6836 changes to CANDIDATE, lastRpcTime:1004, electionTimeout:1004ms
2019-06-12 19:45:35,945 INFO  impl.RoleInfo (RoleInfo.java:shutdownFollowerState(121)) - ba65791d-aa66-480e-894b-af07eaf19b15: shutdown FollowerState
2019-06-12 19:45:35,945 INFO  impl.RaftServerImpl (RaftServerImpl.java:setRole(164)) - ba65791d-aa66-480e-894b-af07eaf19b15:group-21DD918D6836 changes role from FOLLOWER to CANDIDATE at term 0 for changeToCandidate
2019-06-12 19:45:35,945 INFO  impl.RoleInfo (RoleInfo.java:updateAndGet(143)) - ba65791d-aa66-480e-894b-af07eaf19b15: start LeaderElection
2019-06-12 19:45:35,952 INFO  impl.LeaderElection (LeaderElection.java:askForVotes(181)) - ba65791d-aa66-480e-894b-af07eaf19b15:group-21DD918D6836:LeaderElection59: begin an election at term 1 for -1: [443e94e8-6c65-491a-bc45-ca8edd1d93a8:192.168.11.214:40579, ba65791d-aa66-480e-894b-af07eaf19b15:192.168.11.214:37497, beaf75e6-1d4c-460e-8609-06881d6a300a:192.168.11.214:46311], old=null
2019-06-12 19:45:35,954 INFO  rpc.RpcClient (RpcClient.java:createBucket(426)) - Creating Bucket: datanodefailurehandlingtest/datanodefailurehandlingtest, with Versioning false and Storage Type set to DISK and Encryption set to false 
2019-06-12 19:45:35,954 INFO  impl.RaftServerImpl (RaftServerImpl.java:setRole(164)) - 443e94e8-6c65-491a-bc45-ca8edd1d93a8:group-21DD918D6836 changes role from FOLLOWER to FOLLOWER at term 1 for recognizeCandidate:ba65791d-aa66-480e-894b-af07eaf19b15
2019-06-12 19:45:35,955 INFO  impl.RoleInfo (RoleInfo.java:shutdownFollowerState(121)) - 443e94e8-6c65-491a-bc45-ca8edd1d93a8: shutdown FollowerState
2019-06-12 19:45:35,955 INFO  impl.RoleInfo (RoleInfo.java:updateAndGet(143)) - 443e94e8-6c65-491a-bc45-ca8edd1d93a8: start FollowerState
2019-06-12 19:45:35,955 INFO  impl.RaftServerImpl (RaftServerImpl.java:setRole(164)) - beaf75e6-1d4c-460e-8609-06881d6a300a:group-21DD918D6836 changes role from FOLLOWER to FOLLOWER at term 1 for recognizeCandidate:ba65791d-aa66-480e-894b-af07eaf19b15
2019-06-12 19:45:35,955 INFO  impl.RoleInfo (RoleInfo.java:shutdownFollowerState(121)) - beaf75e6-1d4c-460e-8609-06881d6a300a: shutdown FollowerState
2019-06-12 19:45:35,955 INFO  impl.RoleInfo (RoleInfo.java:updateAndGet(143)) - beaf75e6-1d4c-460e-8609-06881d6a300a: start FollowerState
2019-06-12 19:45:35,955 INFO  impl.FollowerState (FollowerState.java:run(109)) - beaf75e6-1d4c-460e-8609-06881d6a300a: FollowerState was interrupted: java.lang.InterruptedException: sleep interrupted
2019-06-12 19:45:35,957 INFO  impl.LeaderElection (LeaderElection.java:logAndReturn(56)) - ba65791d-aa66-480e-894b-af07eaf19b15:group-21DD918D6836:LeaderElection59: Election PASSED; received 1 response(s) [ba65791d-aa66-480e-894b-af07eaf19b15->443e94e8-6c65-491a-bc45-ca8edd1d93a8,true-t1] and 0 exception(s); ba65791d-aa66-480e-894b-af07eaf19b15:t1, leader=null, voted=ba65791d-aa66-480e-894b-af07eaf19b15, raftlog=ba65791d-aa66-480e-894b-af07eaf19b15-SegmentedRaftLog:OPENED:c-1,f-1,i0, conf=-1: [443e94e8-6c65-491a-bc45-ca8edd1d93a8:192.168.11.214:40579, ba65791d-aa66-480e-894b-af07eaf19b15:192.168.11.214:37497, beaf75e6-1d4c-460e-8609-06881d6a300a:192.168.11.214:46311], old=null
2019-06-12 19:45:35,957 INFO  impl.RoleInfo (RoleInfo.java:shutdownLeaderElection(134)) - ba65791d-aa66-480e-894b-af07eaf19b15: shutdown LeaderElection
2019-06-12 19:45:35,957 INFO  impl.RaftServerImpl (RaftServerImpl.java:setRole(164)) - ba65791d-aa66-480e-894b-af07eaf19b15:group-21DD918D6836 changes role from CANDIDATE to LEADER at term 1 for changeToLeader
2019-06-12 19:45:35,957 INFO  impl.RaftServerImpl (ServerState.java:setLeader(263)) - ba65791d-aa66-480e-894b-af07eaf19b15:group-21DD918D6836 change Leader from null to ba65791d-aa66-480e-894b-af07eaf19b15 at term 1 for becomeLeader, leader elected after 1018ms
2019-06-12 19:45:35,958 INFO  server.RaftServerConfigKeys (ConfUtils.java:logGet(43)) - raft.server.staging.catchup.gap = 1000 (default)
2019-06-12 19:45:35,958 INFO  server.RaftServerConfigKeys (ConfUtils.java:logGet(43)) - raft.server.rpc.sleep.time = 25ms (default)
2019-06-12 19:45:35,958 INFO  server.RaftServerConfigKeys (ConfUtils.java:logGet(43)) - raft.server.watch.timeout = 10s (default)
2019-06-12 19:45:35,958 INFO  server.RaftServerConfigKeys (ConfUtils.java:logGet(43)) - raft.server.watch.timeout.denomination = 1s (default)
2019-06-12 19:45:35,958 INFO  server.RaftServerConfigKeys (ConfUtils.java:logGet(43)) - raft.server.log.appender.snapshot.chunk.size.max = 16MB (=16777216) (default)
2019-06-12 19:45:35,958 INFO  server.RaftServerConfigKeys (ConfUtils.java:logGet(43)) - raft.server.log.appender.buffer.byte-limit = 33554432 (custom)
2019-06-12 19:45:35,958 INFO  server.RaftServerConfigKeys (ConfUtils.java:logGet(43)) - raft.server.log.appender.buffer.element-limit = 1 (custom)
2019-06-12 19:45:35,958 INFO  grpc.GrpcConfigKeys$Server (ConfUtils.java:logGet(43)) - raft.grpc.server.leader.outstanding.appends.max = 128 (default)
2019-06-12 19:45:35,958 INFO  server.RaftServerConfigKeys (ConfUtils.java:logGet(43)) - raft.server.rpc.request.timeout = 3000ms (default)
2019-06-12 19:45:35,959 INFO  impl.FollowerState (FollowerState.java:run(109)) - 443e94e8-6c65-491a-bc45-ca8edd1d93a8: FollowerState was interrupted: java.lang.InterruptedException: sleep interrupted
2019-06-12 19:45:35,959 INFO  server.RaftServerConfigKeys (ConfUtils.java:logGet(43)) - raft.server.log.appender.install.snapshot.enabled = true (default)
2019-06-12 19:45:35,959 INFO  server.RaftServerConfigKeys (ConfUtils.java:logGet(43)) - raft.server.log.appender.snapshot.chunk.size.max = 16MB (=16777216) (default)
2019-06-12 19:45:35,959 INFO  server.RaftServerConfigKeys (ConfUtils.java:logGet(43)) - raft.server.log.appender.buffer.byte-limit = 33554432 (custom)
2019-06-12 19:45:35,959 INFO  server.RaftServerConfigKeys (ConfUtils.java:logGet(43)) - raft.server.log.appender.buffer.element-limit = 1 (custom)
2019-06-12 19:45:35,959 INFO  grpc.GrpcConfigKeys$Server (ConfUtils.java:logGet(43)) - raft.grpc.server.leader.outstanding.appends.max = 128 (default)
2019-06-12 19:45:35,959 INFO  server.RaftServerConfigKeys (ConfUtils.java:logGet(43)) - raft.server.rpc.request.timeout = 3000ms (default)
2019-06-12 19:45:35,959 INFO  server.RaftServerConfigKeys (ConfUtils.java:logGet(43)) - raft.server.log.appender.install.snapshot.enabled = true (default)
2019-06-12 19:45:35,959 INFO  impl.RoleInfo (RoleInfo.java:updateAndGet(143)) - ba65791d-aa66-480e-894b-af07eaf19b15: start LeaderState
2019-06-12 19:45:35,960 INFO  storage.RaftLogWorker (RaftLogWorker.java:startLogSegment(298)) - ba65791d-aa66-480e-894b-af07eaf19b15-RaftLogWorker: Starting segment from index:0
2019-06-12 19:45:35,963 INFO  impl.RaftServerImpl (ServerState.java:setRaftConf(361)) - ba65791d-aa66-480e-894b-af07eaf19b15:group-21DD918D6836 set configuration 0: [443e94e8-6c65-491a-bc45-ca8edd1d93a8:192.168.11.214:40579, ba65791d-aa66-480e-894b-af07eaf19b15:192.168.11.214:37497, beaf75e6-1d4c-460e-8609-06881d6a300a:192.168.11.214:46311], old=null at 0
2019-06-12 19:45:35,964 INFO  impl.RaftServerImpl (ServerState.java:setLeader(263)) - 443e94e8-6c65-491a-bc45-ca8edd1d93a8:group-21DD918D6836 change Leader from null to ba65791d-aa66-480e-894b-af07eaf19b15 at term 1 for appendEntries, leader elected after 1022ms
2019-06-12 19:45:35,965 INFO  impl.RaftServerImpl (ServerState.java:setLeader(263)) - beaf75e6-1d4c-460e-8609-06881d6a300a:group-21DD918D6836 change Leader from null to ba65791d-aa66-480e-894b-af07eaf19b15 at term 1 for appendEntries, leader elected after 1024ms
2019-06-12 19:45:35,968 INFO  impl.RaftServerImpl (ServerState.java:setRaftConf(361)) - beaf75e6-1d4c-460e-8609-06881d6a300a:group-21DD918D6836 set configuration 0: [443e94e8-6c65-491a-bc45-ca8edd1d93a8:192.168.11.214:40579, ba65791d-aa66-480e-894b-af07eaf19b15:192.168.11.214:37497, beaf75e6-1d4c-460e-8609-06881d6a300a:192.168.11.214:46311], old=null at 0
2019-06-12 19:45:35,968 INFO  storage.RaftLogWorker (RaftLogWorker.java:startLogSegment(298)) - beaf75e6-1d4c-460e-8609-06881d6a300a-RaftLogWorker: Starting segment from index:0
2019-06-12 19:45:35,975 INFO  impl.RaftServerImpl (ServerState.java:setRaftConf(361)) - 443e94e8-6c65-491a-bc45-ca8edd1d93a8:group-21DD918D6836 set configuration 0: [443e94e8-6c65-491a-bc45-ca8edd1d93a8:192.168.11.214:40579, ba65791d-aa66-480e-894b-af07eaf19b15:192.168.11.214:37497, beaf75e6-1d4c-460e-8609-06881d6a300a:192.168.11.214:46311], old=null at 0
2019-06-12 19:45:35,975 INFO  storage.RaftLogWorker (RaftLogWorker.java:startLogSegment(298)) - 443e94e8-6c65-491a-bc45-ca8edd1d93a8-RaftLogWorker: Starting segment from index:0
2019-06-12 19:45:36,001 INFO  impl.FollowerState (FollowerState.java:run(101)) - beaf75e6-1d4c-460e-8609-06881d6a300a:group-970852C6E9AE changes to CANDIDATE, lastRpcTime:1079, electionTimeout:1075ms
2019-06-12 19:45:36,001 INFO  impl.RoleInfo (RoleInfo.java:shutdownFollowerState(121)) - beaf75e6-1d4c-460e-8609-06881d6a300a: shutdown FollowerState
2019-06-12 19:45:36,001 INFO  impl.RaftServerImpl (RaftServerImpl.java:setRole(164)) - beaf75e6-1d4c-460e-8609-06881d6a300a:group-970852C6E9AE changes role from FOLLOWER to CANDIDATE at term 0 for changeToCandidate
2019-06-12 19:45:36,001 INFO  impl.RoleInfo (RoleInfo.java:updateAndGet(143)) - beaf75e6-1d4c-460e-8609-06881d6a300a: start LeaderElection
2019-06-12 19:45:36,013 INFO  impl.LeaderElection (LeaderElection.java:askForVotes(181)) - beaf75e6-1d4c-460e-8609-06881d6a300a:group-970852C6E9AE:LeaderElection60: begin an election at term 1 for -1: [beaf75e6-1d4c-460e-8609-06881d6a300a:192.168.11.214:46311], old=null
2019-06-12 19:45:36,013 INFO  impl.RoleInfo (RoleInfo.java:shutdownLeaderElection(134)) - beaf75e6-1d4c-460e-8609-06881d6a300a: shutdown LeaderElection
2019-06-12 19:45:36,014 INFO  impl.RaftServerImpl (RaftServerImpl.java:setRole(164)) - beaf75e6-1d4c-460e-8609-06881d6a300a:group-970852C6E9AE changes role from CANDIDATE to LEADER at term 1 for changeToLeader
2019-06-12 19:45:36,014 INFO  impl.RaftServerImpl (ServerState.java:setLeader(263)) - beaf75e6-1d4c-460e-8609-06881d6a300a:group-970852C6E9AE change Leader from null to beaf75e6-1d4c-460e-8609-06881d6a300a at term 1 for becomeLeader, leader elected after 1093ms
2019-06-12 19:45:36,014 INFO  server.RaftServerConfigKeys (ConfUtils.java:logGet(43)) - raft.server.staging.catchup.gap = 1000 (default)
2019-06-12 19:45:36,014 INFO  server.RaftServerConfigKeys (ConfUtils.java:logGet(43)) - raft.server.rpc.sleep.time = 25ms (default)
2019-06-12 19:45:36,023 INFO  server.RaftServerConfigKeys (ConfUtils.java:logGet(43)) - raft.server.watch.timeout = 10s (default)
2019-06-12 19:45:36,023 INFO  server.RaftServerConfigKeys (ConfUtils.java:logGet(43)) - raft.server.watch.timeout.denomination = 1s (default)
2019-06-12 19:45:36,023 INFO  impl.RoleInfo (RoleInfo.java:updateAndGet(143)) - beaf75e6-1d4c-460e-8609-06881d6a300a: start LeaderState
2019-06-12 19:45:36,023 INFO  storage.RaftLogWorker (RaftLogWorker.java:startLogSegment(298)) - beaf75e6-1d4c-460e-8609-06881d6a300a-RaftLogWorker: Starting segment from index:0
2019-06-12 19:45:36,029 INFO  impl.RaftServerImpl (ServerState.java:setRaftConf(361)) - beaf75e6-1d4c-460e-8609-06881d6a300a:group-970852C6E9AE set configuration 0: [beaf75e6-1d4c-460e-8609-06881d6a300a:192.168.11.214:46311], old=null at 0
2019-06-12 19:45:36,031 INFO  client.GrpcClientProtocolClient (GrpcClientProtocolClient.java:onNext(254)) - client-97304EDAF076->443e94e8-6c65-491a-bc45-ca8edd1d93a8: receive RaftClientReply:client-97304EDAF076->443e94e8-6c65-491a-bc45-ca8edd1d93a8@group-21DD918D6836, cid=154, FAILED org.apache.ratis.protocol.NotLeaderException: Server 443e94e8-6c65-491a-bc45-ca8edd1d93a8 is not the leader (ba65791d-aa66-480e-894b-af07eaf19b15:192.168.11.214:37497). Request must be sent to leader., logIndex=0, commits[443e94e8-6c65-491a-bc45-ca8edd1d93a8:c-1, ba65791d-aa66-480e-894b-af07eaf19b15:c-1, beaf75e6-1d4c-460e-8609-06881d6a300a:c-1]
2019-06-12 19:45:36,049 INFO  storage.RaftLogWorker (RaftLogWorker.java:execute(469)) - 443e94e8-6c65-491a-bc45-ca8edd1d93a8-RaftLogWorker: created new log segment /opt/src/hadoop-ozone/integration-test/target/test-dir/MiniOzoneClusterImpl-4fbde124-f1f4-48c9-be06-d4a30676b84b/datanode-4/data/ratis/d94c0a61-e949-4424-a5b9-21dd918d6836/current/log_inprogress_0
2019-06-12 19:45:36,049 INFO  storage.RaftLogWorker (RaftLogWorker.java:execute(469)) - ba65791d-aa66-480e-894b-af07eaf19b15-RaftLogWorker: created new log segment /opt/src/hadoop-ozone/integration-test/target/test-dir/MiniOzoneClusterImpl-4fbde124-f1f4-48c9-be06-d4a30676b84b/datanode-3/data/ratis/d94c0a61-e949-4424-a5b9-21dd918d6836/current/log_inprogress_0
2019-06-12 19:45:36,068 WARN  client.GrpcClientProtocolService (LogUtils.java:warn(134)) - 0-OrderedRequestStreamObserver0: onError: org.apache.ratis.thirdparty.io.grpc.StatusRuntimeException: CANCELLED: cancelled before receiving half close
2019-06-12 19:45:36,067 INFO  storage.RaftLogWorker (RaftLogWorker.java:execute(469)) - beaf75e6-1d4c-460e-8609-06881d6a300a-RaftLogWorker: created new log segment /opt/src/hadoop-ozone/integration-test/target/test-dir/MiniOzoneClusterImpl-4fbde124-f1f4-48c9-be06-d4a30676b84b/datanode-5/data/ratis/d94c0a61-e949-4424-a5b9-21dd918d6836/current/log_inprogress_0
2019-06-12 19:45:36,069 INFO  storage.RaftLogWorker (RaftLogWorker.java:execute(469)) - beaf75e6-1d4c-460e-8609-06881d6a300a-RaftLogWorker: created new log segment /opt/src/hadoop-ozone/integration-test/target/test-dir/MiniOzoneClusterImpl-4fbde124-f1f4-48c9-be06-d4a30676b84b/datanode-5/data/ratis/081f8ba8-323e-411c-9baf-970852c6e9ae/current/log_inprogress_0
2019-06-12 19:45:37,074 INFO  client.GrpcClientProtocolClient (GrpcClientProtocolClient.java:onNext(254)) - client-97304EDAF076->beaf75e6-1d4c-460e-8609-06881d6a300a: receive RaftClientReply:client-97304EDAF076->beaf75e6-1d4c-460e-8609-06881d6a300a@group-21DD918D6836, cid=154, FAILED org.apache.ratis.protocol.NotLeaderException: Server beaf75e6-1d4c-460e-8609-06881d6a300a is not the leader (ba65791d-aa66-480e-894b-af07eaf19b15:192.168.11.214:37497). Request must be sent to leader., logIndex=0, commits[beaf75e6-1d4c-460e-8609-06881d6a300a:c0, 443e94e8-6c65-491a-bc45-ca8edd1d93a8:c-1, ba65791d-aa66-480e-894b-af07eaf19b15:c0]
2019-06-12 19:45:37,076 WARN  client.GrpcClientProtocolService (LogUtils.java:warn(134)) - 0-OrderedRequestStreamObserver0: onError: org.apache.ratis.thirdparty.io.grpc.StatusRuntimeException: CANCELLED: cancelled before receiving half close
2019-06-12 19:45:38,081 INFO  client.GrpcClientProtocolClient (GrpcClientProtocolClient.java:onNext(254)) - client-97304EDAF076->443e94e8-6c65-491a-bc45-ca8edd1d93a8: receive RaftClientReply:client-97304EDAF076->443e94e8-6c65-491a-bc45-ca8edd1d93a8@group-21DD918D6836, cid=154, FAILED org.apache.ratis.protocol.NotLeaderException: Server 443e94e8-6c65-491a-bc45-ca8edd1d93a8 is not the leader (ba65791d-aa66-480e-894b-af07eaf19b15:192.168.11.214:37497). Request must be sent to leader., logIndex=0, commits[443e94e8-6c65-491a-bc45-ca8edd1d93a8:c0, ba65791d-aa66-480e-894b-af07eaf19b15:c0, beaf75e6-1d4c-460e-8609-06881d6a300a:c0]
2019-06-12 19:45:38,083 WARN  client.GrpcClientProtocolService (LogUtils.java:warn(134)) - 1-OrderedRequestStreamObserver1: onError: org.apache.ratis.thirdparty.io.grpc.StatusRuntimeException: CANCELLED: cancelled before receiving half close
2019-06-12 19:45:39,090 INFO  client.GrpcClientProtocolClient (GrpcClientProtocolClient.java:onNext(254)) - client-97304EDAF076->beaf75e6-1d4c-460e-8609-06881d6a300a: receive RaftClientReply:client-97304EDAF076->beaf75e6-1d4c-460e-8609-06881d6a300a@group-21DD918D6836, cid=154, FAILED org.apache.ratis.protocol.NotLeaderException: Server beaf75e6-1d4c-460e-8609-06881d6a300a is not the leader (ba65791d-aa66-480e-894b-af07eaf19b15:192.168.11.214:37497). Request must be sent to leader., logIndex=0, commits[beaf75e6-1d4c-460e-8609-06881d6a300a:c0, 443e94e8-6c65-491a-bc45-ca8edd1d93a8:c0, ba65791d-aa66-480e-894b-af07eaf19b15:c0]
2019-06-12 19:45:39,092 WARN  client.GrpcClientProtocolService (LogUtils.java:warn(134)) - 1-OrderedRequestStreamObserver1: onError: org.apache.ratis.thirdparty.io.grpc.StatusRuntimeException: CANCELLED: cancelled before receiving half close
2019-06-12 19:45:40,098 INFO  client.GrpcClientProtocolClient (GrpcClientProtocolClient.java:onNext(254)) - client-97304EDAF076->443e94e8-6c65-491a-bc45-ca8edd1d93a8: receive RaftClientReply:client-97304EDAF076->443e94e8-6c65-491a-bc45-ca8edd1d93a8@group-21DD918D6836, cid=154, FAILED org.apache.ratis.protocol.NotLeaderException: Server 443e94e8-6c65-491a-bc45-ca8edd1d93a8 is not the leader (ba65791d-aa66-480e-894b-af07eaf19b15:192.168.11.214:37497). Request must be sent to leader., logIndex=0, commits[443e94e8-6c65-491a-bc45-ca8edd1d93a8:c0, ba65791d-aa66-480e-894b-af07eaf19b15:c0, beaf75e6-1d4c-460e-8609-06881d6a300a:c0]
2019-06-12 19:45:40,100 WARN  client.GrpcClientProtocolService (LogUtils.java:warn(134)) - 2-OrderedRequestStreamObserver2: onError: org.apache.ratis.thirdparty.io.grpc.StatusRuntimeException: CANCELLED: cancelled before receiving half close
2019-06-12 19:45:41,106 INFO  client.GrpcClientProtocolClient (GrpcClientProtocolClient.java:onNext(254)) - client-97304EDAF076->beaf75e6-1d4c-460e-8609-06881d6a300a: receive RaftClientReply:client-97304EDAF076->beaf75e6-1d4c-460e-8609-06881d6a300a@group-21DD918D6836, cid=154, FAILED org.apache.ratis.protocol.NotLeaderException: Server beaf75e6-1d4c-460e-8609-06881d6a300a is not the leader (ba65791d-aa66-480e-894b-af07eaf19b15:192.168.11.214:37497). Request must be sent to leader., logIndex=0, commits[beaf75e6-1d4c-460e-8609-06881d6a300a:c0, 443e94e8-6c65-491a-bc45-ca8edd1d93a8:c0, ba65791d-aa66-480e-894b-af07eaf19b15:c0]
2019-06-12 19:45:41,113 WARN  io.KeyOutputStream (KeyOutputStream.java:handleException(276)) - Encountered exception java.io.IOException: Unexpected Storage Container Exception: java.util.concurrent.CompletionException: java.util.concurrent.CompletionException: org.apache.ratis.protocol.RaftRetryFailureException: Failed RaftClientRequest:client-97304EDAF076->beaf75e6-1d4c-460e-8609-06881d6a300a@group-21DD918D6836, cid=154, seq=1*, RW, org.apache.hadoop.hdds.scm.XceiverClientRatis$$Lambda$423/2046142189@4aa6aa8b for 5 attempts with RetryLimited(maxAttempts=5, sleepTime=1000ms) on the pipeline Pipeline[ Id: d94c0a61-e949-4424-a5b9-21dd918d6836, Nodes: 443e94e8-6c65-491a-bc45-ca8edd1d93a8{ip: 192.168.11.214, host: ozone-jdgtl-3343835462, networkLocation: /default-rack, certSerialId: null}ba65791d-aa66-480e-894b-af07eaf19b15{ip: 192.168.11.214, host: ozone-jdgtl-3343835462, networkLocation: /default-rack, certSerialId: null}beaf75e6-1d4c-460e-8609-06881d6a300a{ip: 192.168.11.214, host: ozone-jdgtl-3343835462, networkLocation: /default-rack, certSerialId: null}, Type:RATIS, Factor:THREE, State:OPEN]. The last committed block length is 0, uncommitted data length is 1048576 retry count 0
2019-06-12 19:45:41,114 WARN  client.GrpcClientProtocolService (LogUtils.java:warn(134)) - 2-OrderedRequestStreamObserver2: onError: org.apache.ratis.thirdparty.io.grpc.StatusRuntimeException: CANCELLED: cancelled before receiving half close
2019-06-12 19:45:41,159 INFO  client.GrpcClientProtocolClient (GrpcClientProtocolClient.java:onNext(254)) - client-A961166FF027->aeca973f-ca62-470c-910a-77205c1f1eaa: receive RaftClientReply:client-A961166FF027->aeca973f-ca62-470c-910a-77205c1f1eaa@group-8315BA7E3302, cid=156, SUCCESS, logIndex=1, commits[aeca973f-ca62-470c-910a-77205c1f1eaa:c1, f4717ce4-c525-4f1f-9cc3-cce4d62aaaab:c0, de7e55f9-8d70-4d3a-a529-24ac5e0f0ecd:c0]
2019-06-12 19:45:41,189 INFO  client.GrpcClientProtocolClient (GrpcClientProtocolClient.java:onNext(254)) - client-A961166FF027->aeca973f-ca62-470c-910a-77205c1f1eaa: receive RaftClientReply:client-A961166FF027->aeca973f-ca62-470c-910a-77205c1f1eaa@group-8315BA7E3302, cid=157, SUCCESS, logIndex=3, commits[aeca973f-ca62-470c-910a-77205c1f1eaa:c4, f4717ce4-c525-4f1f-9cc3-cce4d62aaaab:c3, de7e55f9-8d70-4d3a-a529-24ac5e0f0ecd:c3]
2019-06-12 19:45:41,190 INFO  datanode.ObjectStoreHandler (ObjectStoreHandler.java:close(155)) - Closing ObjectStoreHandler.
2019-06-12 19:45:41,190 INFO  ozone.HddsDatanodeService (HddsDatanodeService.java:stop(452)) - Stopped plug-in org.apache.hadoop.ozone.web.OzoneHddsDatanodeService@24032706
2019-06-12 19:45:41,190 INFO  statemachine.DatanodeStateMachine (DatanodeStateMachine.java:lambda$startDaemon$0(350)) - Ozone container server started.
2019-06-12 19:45:41,190 INFO  ozoneimpl.OzoneContainer (OzoneContainer.java:stop(199)) - Attempting to stop container services.
2019-06-12 19:45:41,191 INFO  impl.RaftServerProxy (RaftServerProxy.java:lambda$close$4(314)) - 443e94e8-6c65-491a-bc45-ca8edd1d93a8: close
2019-06-12 19:45:41,191 INFO  impl.RaftServerImpl (RaftServerImpl.java:lambda$shutdown$3(238)) - 443e94e8-6c65-491a-bc45-ca8edd1d93a8: shutdown group-068382F1CA1E
2019-06-12 19:45:41,191 INFO  util.JmxRegister (JmxRegister.java:unregister(73)) - Successfully un-registered JMX Bean with object name Ratis:service=RaftServer,group=group-068382F1CA1E,id=443e94e8-6c65-491a-bc45-ca8edd1d93a8
2019-06-12 19:45:41,191 INFO  impl.RoleInfo (RoleInfo.java:shutdownLeaderState(104)) - 443e94e8-6c65-491a-bc45-ca8edd1d93a8: shutdown LeaderState
2019-06-12 19:45:41,191 INFO  impl.PendingRequests (PendingRequests.java:sendNotLeaderResponses(140)) - 443e94e8-6c65-491a-bc45-ca8edd1d93a8-PendingRequests: sendNotLeaderResponses
2019-06-12 19:45:41,192 INFO  impl.RaftServerImpl (RaftServerImpl.java:lambda$shutdown$3(238)) - 443e94e8-6c65-491a-bc45-ca8edd1d93a8: shutdown group-21DD918D6836
2019-06-12 19:45:41,192 INFO  util.JmxRegister (JmxRegister.java:unregister(73)) - Successfully un-registered JMX Bean with object name Ratis:service=RaftServer,group=group-21DD918D6836,id=443e94e8-6c65-491a-bc45-ca8edd1d93a8
2019-06-12 19:45:41,192 INFO  impl.RoleInfo (RoleInfo.java:shutdownFollowerState(121)) - 443e94e8-6c65-491a-bc45-ca8edd1d93a8: shutdown FollowerState
2019-06-12 19:45:41,192 INFO  impl.FollowerState (FollowerState.java:run(109)) - 443e94e8-6c65-491a-bc45-ca8edd1d93a8: FollowerState was interrupted: java.lang.InterruptedException: sleep interrupted
2019-06-12 19:45:41,192 INFO  ratis.ContainerStateMachine (ContainerStateMachine.java:takeSnapshot(245)) - Taking snapshot at termIndex:(t:0, i:~)
2019-06-12 19:45:41,192 INFO  impl.StateMachineUpdater (StateMachineUpdater.java:stopAndJoin(109)) - StateMachineUpdater-443e94e8-6c65-491a-bc45-ca8edd1d93a8-group-21DD918D6836: set stopIndex = 0
2019-06-12 19:45:41,192 INFO  impl.RaftServerImpl (ServerState.java:close(394)) - 443e94e8-6c65-491a-bc45-ca8edd1d93a8:group-21DD918D6836 closes. The last applied log index is 0
2019-06-12 19:45:41,194 INFO  storage.RaftLogWorker (RaftLogWorker.java:run(236)) - 443e94e8-6c65-491a-bc45-ca8edd1d93a8-RaftLogWorker was interrupted, exiting. There are 0 tasks remaining in the queue.
2019-06-12 19:45:41,197 INFO  impl.StateMachineUpdater (StateMachineUpdater.java:stopAndJoin(109)) - StateMachineUpdater-443e94e8-6c65-491a-bc45-ca8edd1d93a8-group-068382F1CA1E: set stopIndex = 0
2019-06-12 19:45:41,197 INFO  storage.RaftLogWorker (RaftLogWorker.java:close(168)) - 443e94e8-6c65-491a-bc45-ca8edd1d93a8-RaftLogWorker close()
2019-06-12 19:45:41,197 INFO  ratis.ContainerStateMachine (ContainerStateMachine.java:takeSnapshot(245)) - Taking snapshot at termIndex:(t:0, i:~)
2019-06-12 19:45:41,198 INFO  impl.RaftServerImpl (ServerState.java:close(394)) - 443e94e8-6c65-491a-bc45-ca8edd1d93a8:group-068382F1CA1E closes. The last applied log index is 0
2019-06-12 19:45:41,198 INFO  storage.RaftLogWorker (RaftLogWorker.java:run(236)) - 443e94e8-6c65-491a-bc45-ca8edd1d93a8-RaftLogWorker was interrupted, exiting. There are 0 tasks remaining in the queue.
2019-06-12 19:45:41,200 INFO  storage.RaftLogWorker (RaftLogWorker.java:close(168)) - 443e94e8-6c65-491a-bc45-ca8edd1d93a8-RaftLogWorker close()
2019-06-12 19:45:41,201 INFO  server.GrpcService (GrpcService.java:closeImpl(154)) - 443e94e8-6c65-491a-bc45-ca8edd1d93a8: shutdown server with port 40579 now
2019-06-12 19:45:41,202 WARN  server.GrpcServerProtocolService (LogUtils.java:warn(134)) - 443e94e8-6c65-491a-bc45-ca8edd1d93a8: appendEntries onError: org.apache.ratis.thirdparty.io.grpc.StatusRuntimeException: CANCELLED: cancelled before receiving half close
2019-06-12 19:45:41,202 INFO  server.GrpcService (GrpcService.java:closeImpl(162)) - 443e94e8-6c65-491a-bc45-ca8edd1d93a8: shutdown server with port 40579 successfully
2019-06-12 19:45:41,202 WARN  server.GrpcLogAppender (LogUtils.java:warn(134)) - ba65791d-aa66-480e-894b-af07eaf19b15: Failed appendEntries to 443e94e8-6c65-491a-bc45-ca8edd1d93a8:192.168.11.214:40579: org.apache.ratis.thirdparty.io.grpc.StatusRuntimeException: CANCELLED: HTTP/2 error code: CANCEL
Received Rst Stream
2019-06-12 19:45:41,202 INFO  impl.FollowerInfo (FollowerInfo.java:lambda$new$0(50)) - ba65791d-aa66-480e-894b-af07eaf19b15->443e94e8-6c65-491a-bc45-ca8edd1d93a8: nextIndex: updateUnconditionally 1 -> 0
2019-06-12 19:45:41,207 WARN  fs.CachingGetSpaceUsed (CachingGetSpaceUsed.java:run(183)) - Thread Interrupted waiting to refresh disk information: sleep interrupted
2019-06-12 19:45:41,218 INFO  statemachine.DatanodeStateMachine (DatanodeStateMachine.java:stopDaemon(395)) - Ozone container server stopped.
2019-06-12 19:45:41,218 INFO  handler.ContextHandler (ContextHandler.java:doStop(910)) - Stopped o.e.j.w.WebAppContext@301434fb{/,null,UNAVAILABLE}{/hddsDatanode}
2019-06-12 19:45:41,218 INFO  server.AbstractConnector (AbstractConnector.java:doStop(318)) - Stopped ServerConnector@1641dfb3{HTTP/1.1,[http/1.1]}{0.0.0.0:0}
2019-06-12 19:45:41,219 INFO  handler.ContextHandler (ContextHandler.java:doStop(910)) - Stopped o.e.j.s.ServletContextHandler@7d776105{/static,jar:file:/root/.m2/repository/org/apache/hadoop/hadoop-hdds-container-service/0.5.0-SNAPSHOT/hadoop-hdds-container-service-0.5.0-SNAPSHOT.jar!/webapps/static,UNAVAILABLE}
2019-06-12 19:45:41,219 INFO  handler.ContextHandler (ContextHandler.java:doStop(910)) - Stopped o.e.j.s.ServletContextHandler@56d189d0{/logs,file:///opt/src/hadoop-ozone/integration-test/target/log,UNAVAILABLE}
2019-06-12 19:45:41,237 INFO  client.GrpcClientProtocolClient (GrpcClientProtocolClient.java:onNext(254)) - client-A961166FF027->aeca973f-ca62-470c-910a-77205c1f1eaa: receive RaftClientReply:client-A961166FF027->aeca973f-ca62-470c-910a-77205c1f1eaa@group-8315BA7E3302, cid=158, SUCCESS, logIndex=5, commits[aeca973f-ca62-470c-910a-77205c1f1eaa:c5, f4717ce4-c525-4f1f-9cc3-cce4d62aaaab:c4, de7e55f9-8d70-4d3a-a529-24ac5e0f0ecd:c3]
2019-06-12 19:45:41,246 INFO  client.GrpcClientProtocolClient (GrpcClientProtocolClient.java:onNext(254)) - client-A961166FF027->aeca973f-ca62-470c-910a-77205c1f1eaa: receive RaftClientReply:client-A961166FF027->aeca973f-ca62-470c-910a-77205c1f1eaa@group-8315BA7E3302, cid=159, SUCCESS, logIndex=7, commits[aeca973f-ca62-470c-910a-77205c1f1eaa:c7, f4717ce4-c525-4f1f-9cc3-cce4d62aaaab:c6, de7e55f9-8d70-4d3a-a529-24ac5e0f0ecd:c6]
2019-06-12 19:45:41,252 INFO  client.GrpcClientProtocolClient (GrpcClientProtocolClient.java:onNext(254)) - client-A961166FF027->aeca973f-ca62-470c-910a-77205c1f1eaa: receive RaftClientReply:client-A961166FF027->aeca973f-ca62-470c-910a-77205c1f1eaa@group-8315BA7E3302, cid=160, SUCCESS, logIndex=8, commits[aeca973f-ca62-470c-910a-77205c1f1eaa:c8, f4717ce4-c525-4f1f-9cc3-cce4d62aaaab:c7, de7e55f9-8d70-4d3a-a529-24ac5e0f0ecd:c7]
2019-06-12 19:45:41,259 INFO  client.GrpcClientProtocolClient (GrpcClientProtocolClient.java:onNext(254)) - client-A961166FF027->aeca973f-ca62-470c-910a-77205c1f1eaa: receive RaftClientReply:client-A961166FF027->aeca973f-ca62-470c-910a-77205c1f1eaa@group-8315BA7E3302, cid=161, SUCCESS, logIndex=10, commits[aeca973f-ca62-470c-910a-77205c1f1eaa:c10, f4717ce4-c525-4f1f-9cc3-cce4d62aaaab:c7, de7e55f9-8d70-4d3a-a529-24ac5e0f0ecd:c7]
2019-06-12 19:45:41,265 INFO  client.GrpcClientProtocolClient (GrpcClientProtocolClient.java:onNext(254)) - client-A961166FF027->aeca973f-ca62-470c-910a-77205c1f1eaa: receive RaftClientReply:client-A961166FF027->aeca973f-ca62-470c-910a-77205c1f1eaa@group-8315BA7E3302, cid=162, SUCCESS, logIndex=0, commits[aeca973f-ca62-470c-910a-77205c1f1eaa:c12, f4717ce4-c525-4f1f-9cc3-cce4d62aaaab:c10, de7e55f9-8d70-4d3a-a529-24ac5e0f0ecd:c10]
]]></system-out>
    <system-err><![CDATA[Jun 12, 2019 7:45:30 PM com.sun.jersey.server.impl.application.WebApplicationImpl _initiate
INFO: Initiating Jersey application, version 'Jersey: 1.19 02/11/2015 03:25 AM'
Jun 12, 2019 7:45:30 PM com.sun.jersey.server.impl.application.WebApplicationImpl _initiate
INFO: Initiating Jersey application, version 'Jersey: 1.19 02/11/2015 03:25 AM'
Jun 12, 2019 7:45:30 PM com.sun.jersey.server.impl.application.WebApplicationImpl _initiate
INFO: Initiating Jersey application, version 'Jersey: 1.19 02/11/2015 03:25 AM'
Jun 12, 2019 7:45:30 PM com.sun.jersey.server.impl.application.WebApplicationImpl _initiate
INFO: Initiating Jersey application, version 'Jersey: 1.19 02/11/2015 03:25 AM'
Jun 12, 2019 7:45:30 PM com.sun.jersey.server.impl.application.WebApplicationImpl _initiate
INFO: Initiating Jersey application, version 'Jersey: 1.19 02/11/2015 03:25 AM'
Jun 12, 2019 7:45:30 PM com.sun.jersey.server.impl.application.WebApplicationImpl _initiate
INFO: Initiating Jersey application, version 'Jersey: 1.19 02/11/2015 03:25 AM'
Jun 12, 2019 7:45:34 PM org.apache.ratis.thirdparty.io.grpc.internal.ManagedChannelOrphanWrapper$ManagedChannelReference cleanQueue
SEVERE: *~*~*~ Channel ManagedChannelImpl{logId=1769, target=192.168.11.214:33449} was not shutdown properly!!! ~*~*~*
    Make sure to call shutdown()/shutdownNow() and wait until awaitTermination() returns true.
java.lang.RuntimeException: ManagedChannel allocation site
	at org.apache.ratis.thirdparty.io.grpc.internal.ManagedChannelOrphanWrapper$ManagedChannelReference.<init>(ManagedChannelOrphanWrapper.java:103)
	at org.apache.ratis.thirdparty.io.grpc.internal.ManagedChannelOrphanWrapper.<init>(ManagedChannelOrphanWrapper.java:53)
	at org.apache.ratis.thirdparty.io.grpc.internal.ManagedChannelOrphanWrapper.<init>(ManagedChannelOrphanWrapper.java:44)
	at org.apache.ratis.thirdparty.io.grpc.internal.AbstractManagedChannelImplBuilder.build(AbstractManagedChannelImplBuilder.java:411)
	at org.apache.hadoop.hdds.scm.XceiverClientGrpc.connectToDatanode(XceiverClientGrpc.java:163)
	at org.apache.hadoop.hdds.scm.XceiverClientGrpc.reconnect(XceiverClientGrpc.java:398)
	at org.apache.hadoop.hdds.scm.XceiverClientGrpc.sendCommandAsync(XceiverClientGrpc.java:349)
	at org.apache.hadoop.hdds.scm.XceiverClientGrpc.sendCommandWithRetry(XceiverClientGrpc.java:262)
	at org.apache.hadoop.hdds.scm.XceiverClientGrpc.sendCommandWithTraceIDAndRetry(XceiverClientGrpc.java:239)
	at org.apache.hadoop.hdds.scm.XceiverClientGrpc.sendCommand(XceiverClientGrpc.java:222)
	at org.apache.hadoop.hdds.scm.storage.ContainerProtocolCalls.getBlock(ContainerProtocolCalls.java:118)
	at org.apache.hadoop.hdds.scm.storage.BlockInputStream.getChunkInfos(BlockInputStream.java:167)
	at org.apache.hadoop.hdds.scm.storage.BlockInputStream.initialize(BlockInputStream.java:118)
	at org.apache.hadoop.hdds.scm.storage.BlockInputStream.read(BlockInputStream.java:222)
	at org.apache.hadoop.ozone.client.io.KeyInputStream.read(KeyInputStream.java:171)
	at org.apache.hadoop.ozone.client.io.OzoneInputStream.read(OzoneInputStream.java:47)
	at java.io.InputStream.read(InputStream.java:101)
	at org.apache.hadoop.ozone.container.ContainerTestHelper.validateData(ContainerTestHelper.java:709)
	at org.apache.hadoop.ozone.client.rpc.TestFailureHandlingByClient.validateData(TestFailureHandlingByClient.java:497)
	at org.apache.hadoop.ozone.client.rpc.TestFailureHandlingByClient.testBlockWritesWithDnFailures(TestFailureHandlingByClient.java:155)
	at sun.reflect.NativeMethodAccessorImpl.invoke0(Native Method)
	at sun.reflect.NativeMethodAccessorImpl.invoke(NativeMethodAccessorImpl.java:62)
	at sun.reflect.DelegatingMethodAccessorImpl.invoke(DelegatingMethodAccessorImpl.java:43)
	at java.lang.reflect.Method.invoke(Method.java:498)
	at org.junit.runners.model.FrameworkMethod$1.runReflectiveCall(FrameworkMethod.java:47)
	at org.junit.internal.runners.model.ReflectiveCallable.run(ReflectiveCallable.java:12)
	at org.junit.runners.model.FrameworkMethod.invokeExplosively(FrameworkMethod.java:44)
	at org.junit.internal.runners.statements.InvokeMethod.evaluate(InvokeMethod.java:17)
	at org.junit.runners.ParentRunner.runLeaf(ParentRunner.java:271)
	at org.junit.runners.BlockJUnit4ClassRunner.runChild(BlockJUnit4ClassRunner.java:70)
	at org.junit.runners.BlockJUnit4ClassRunner.runChild(BlockJUnit4ClassRunner.java:50)
	at org.junit.runners.ParentRunner$3.run(ParentRunner.java:238)
	at org.junit.runners.ParentRunner$1.schedule(ParentRunner.java:63)
	at org.junit.runners.ParentRunner.runChildren(ParentRunner.java:236)
	at org.junit.runners.ParentRunner.access$000(ParentRunner.java:53)
	at org.junit.runners.ParentRunner$2.evaluate(ParentRunner.java:229)
	at org.junit.runners.ParentRunner.run(ParentRunner.java:309)
	at org.apache.maven.surefire.junit4.JUnit4Provider.execute(JUnit4Provider.java:365)
	at org.apache.maven.surefire.junit4.JUnit4Provider.executeWithRerun(JUnit4Provider.java:273)
	at org.apache.maven.surefire.junit4.JUnit4Provider.executeTestSet(JUnit4Provider.java:238)
	at org.apache.maven.surefire.junit4.JUnit4Provider.invoke(JUnit4Provider.java:159)
	at org.apache.maven.surefire.booter.ForkedBooter.invokeProviderInSameClassLoader(ForkedBooter.java:384)
	at org.apache.maven.surefire.booter.ForkedBooter.runSuitesInProcess(ForkedBooter.java:345)
	at org.apache.maven.surefire.booter.ForkedBooter.execute(ForkedBooter.java:126)
	at org.apache.maven.surefire.booter.ForkedBooter.main(ForkedBooter.java:418)

Jun 12, 2019 7:45:34 PM org.apache.ratis.thirdparty.io.grpc.internal.ManagedChannelOrphanWrapper$ManagedChannelReference cleanQueue
SEVERE: *~*~*~ Channel ManagedChannelImpl{logId=1681, target=192.168.11.214:38667} was not shutdown properly!!! ~*~*~*
    Make sure to call shutdown()/shutdownNow() and wait until awaitTermination() returns true.
java.lang.RuntimeException: ManagedChannel allocation site
	at org.apache.ratis.thirdparty.io.grpc.internal.ManagedChannelOrphanWrapper$ManagedChannelReference.<init>(ManagedChannelOrphanWrapper.java:103)
	at org.apache.ratis.thirdparty.io.grpc.internal.ManagedChannelOrphanWrapper.<init>(ManagedChannelOrphanWrapper.java:53)
	at org.apache.ratis.thirdparty.io.grpc.internal.ManagedChannelOrphanWrapper.<init>(ManagedChannelOrphanWrapper.java:44)
	at org.apache.ratis.thirdparty.io.grpc.internal.AbstractManagedChannelImplBuilder.build(AbstractManagedChannelImplBuilder.java:411)
	at org.apache.ratis.grpc.client.GrpcClientProtocolClient.<init>(GrpcClientProtocolClient.java:118)
	at org.apache.ratis.grpc.client.GrpcClientRpc.lambda$new$0(GrpcClientRpc.java:55)
	at org.apache.ratis.util.PeerProxyMap$PeerAndProxy.lambda$getProxy$0(PeerProxyMap.java:61)
	at org.apache.ratis.util.LifeCycle.startAndTransition(LifeCycle.java:202)
	at org.apache.ratis.util.PeerProxyMap$PeerAndProxy.getProxy(PeerProxyMap.java:60)
	at org.apache.ratis.util.PeerProxyMap.getProxy(PeerProxyMap.java:107)
	at org.apache.ratis.grpc.client.GrpcClientRpc.sendRequestAsync(GrpcClientRpc.java:66)
	at org.apache.ratis.client.impl.RaftClientImpl.sendRequestAsync(RaftClientImpl.java:351)
	at org.apache.ratis.client.impl.RaftClientImpl.sendRequestWithRetryAsync(RaftClientImpl.java:313)
	at org.apache.ratis.util.SlidingWindow$Client.sendOrDelayRequest(SlidingWindow.java:251)
	at org.apache.ratis.util.SlidingWindow$Client.retry(SlidingWindow.java:267)
	at org.apache.ratis.client.impl.RaftClientImpl.lambda$null$10(RaftClientImpl.java:320)
	at org.apache.ratis.util.TimeoutScheduler.lambda$onTimeout$0(TimeoutScheduler.java:85)
	at org.apache.ratis.util.TimeoutScheduler.lambda$onTimeout$1(TimeoutScheduler.java:104)
	at org.apache.ratis.util.LogUtils.runAndLog(LogUtils.java:50)
	at org.apache.ratis.util.LogUtils$1.run(LogUtils.java:91)
	at java.util.concurrent.Executors$RunnableAdapter.call(Executors.java:511)
	at java.util.concurrent.FutureTask.run(FutureTask.java:266)
	at java.util.concurrent.ScheduledThreadPoolExecutor$ScheduledFutureTask.access$201(ScheduledThreadPoolExecutor.java:180)
	at java.util.concurrent.ScheduledThreadPoolExecutor$ScheduledFutureTask.run(ScheduledThreadPoolExecutor.java:293)
	at java.util.concurrent.ThreadPoolExecutor.runWorker(ThreadPoolExecutor.java:1149)
	at java.util.concurrent.ThreadPoolExecutor$Worker.run(ThreadPoolExecutor.java:624)
	at java.lang.Thread.run(Thread.java:748)

]]></system-err>
  </testcase>
  <testcase name="testMultiBlockWritesWithDnFailures" classname="org.apache.hadoop.ozone.client.rpc.TestFailureHandlingByClient" time="15.762"/>
</testsuite>