<?xml version="1.0" encoding="UTF-8"?>
<testsuite xmlns:xsi="http://www.w3.org/2001/XMLSchema-instance" xsi:noNamespaceSchemaLocation="https://maven.apache.org/surefire/maven-surefire-plugin/xsd/surefire-test-report.xsd" name="org.apache.hadoop.hdds.scm.pipeline.TestNodeFailure" time="12.611" tests="1" errors="0" skipped="1" failures="0">
  <properties>
    <property name="awt.toolkit" value="sun.awt.X11.XToolkit"/>
    <property name="file.encoding.pkg" value="sun.io"/>
    <property name="java.specification.version" value="1.8"/>
    <property name="sun.cpu.isalist" value=""/>
    <property name="sun.jnu.encoding" value="UTF-8"/>
    <property name="java.class.path" value="/opt/src/hadoop-ozone/integration-test/target/test-classes:/opt/src/hadoop-ozone/integration-test/target/classes:/root/.m2/repository/org/apache/hadoop/hadoop-ozone-common/0.5.0-SNAPSHOT/hadoop-ozone-common-0.5.0-SNAPSHOT.jar:/root/.m2/repository/org/apache/commons/commons-compress/1.4.1/commons-compress-1.4.1.jar:/root/.m2/repository/org/tukaani/xz/1.0/xz-1.0.jar:/root/.m2/repository/org/apache/hadoop/hadoop-common/3.2.0/hadoop-common-3.2.0.jar:/root/.m2/repository/org/apache/hadoop/hadoop-hdfs/3.2.0/hadoop-hdfs-3.2.0.jar:/root/.m2/repository/org/apache/hadoop/hadoop-hdfs-client/3.2.0/hadoop-hdfs-client-3.2.0.jar:/root/.m2/repository/com/fasterxml/jackson/core/jackson-annotations/2.9.5/jackson-annotations-2.9.5.jar:/root/.m2/repository/org/apache/hadoop/hadoop-hdds-common/0.5.0-SNAPSHOT/hadoop-hdds-common-0.5.0-SNAPSHOT.jar:/root/.m2/repository/javax/annotation/javax.annotation-api/1.2/javax.annotation-api-1.2.jar:/root/.m2/repository/org/apache/ratis/ratis-server/0.4.0-fe2b15d-SNAPSHOT/ratis-server-0.4.0-fe2b15d-SNAPSHOT.jar:/root/.m2/repository/org/apache/ratis/ratis-thirdparty-misc/0.2.0/ratis-thirdparty-misc-0.2.0.jar:/root/.m2/repository/org/apache/ratis/ratis-proto/0.4.0-fe2b15d-SNAPSHOT/ratis-proto-0.4.0-fe2b15d-SNAPSHOT.jar:/root/.m2/repository/org/apache/ratis/ratis-common/0.4.0-fe2b15d-SNAPSHOT/ratis-common-0.4.0-fe2b15d-SNAPSHOT.jar:/root/.m2/repository/org/apache/ratis/ratis-client/0.4.0-fe2b15d-SNAPSHOT/ratis-client-0.4.0-fe2b15d-SNAPSHOT.jar:/root/.m2/repository/org/apache/ratis/ratis-netty/0.4.0-fe2b15d-SNAPSHOT/ratis-netty-0.4.0-fe2b15d-SNAPSHOT.jar:/root/.m2/repository/org/apache/ratis/ratis-grpc/0.4.0-fe2b15d-SNAPSHOT/ratis-grpc-0.4.0-fe2b15d-SNAPSHOT.jar:/root/.m2/repository/org/rocksdb/rocksdbjni/5.14.2/rocksdbjni-5.14.2.jar:/root/.m2/repository/org/apache/logging/log4j/log4j-api/2.11.0/log4j-api-2.11.0.jar:/root/.m2/repository/org/apache/logging/log4j/log4j-core/2.11.0/log4j-core-2.11.0.jar:/root/.m2/repository/com/lmax/disruptor/3.4.2/disruptor-3.4.2.jar:/root/.m2/repository/org/apache/commons/commons-pool2/2.6.0/commons-pool2-2.6.0.jar:/root/.m2/repository/org/bouncycastle/bcpkix-jdk15on/1.60/bcpkix-jdk15on-1.60.jar:/root/.m2/repository/commons-validator/commons-validator/1.6/commons-validator-1.6.jar:/root/.m2/repository/commons-digester/commons-digester/1.8.1/commons-digester-1.8.1.jar:/root/.m2/repository/io/jaegertracing/jaeger-client/0.33.1/jaeger-client-0.33.1.jar:/root/.m2/repository/io/jaegertracing/jaeger-thrift/0.33.1/jaeger-thrift-0.33.1.jar:/root/.m2/repository/org/apache/thrift/libthrift/0.11.0/libthrift-0.11.0.jar:/root/.m2/repository/com/squareup/okhttp3/okhttp/3.9.0/okhttp-3.9.0.jar:/root/.m2/repository/com/squareup/okio/okio/1.13.0/okio-1.13.0.jar:/root/.m2/repository/io/jaegertracing/jaeger-core/0.33.1/jaeger-core-0.33.1.jar:/root/.m2/repository/io/jaegertracing/jaeger-tracerresolver/0.33.1/jaeger-tracerresolver-0.33.1.jar:/root/.m2/repository/io/opentracing/contrib/opentracing-tracerresolver/0.1.5/opentracing-tracerresolver-0.1.5.jar:/root/.m2/repository/io/opentracing/opentracing-util/0.31.0/opentracing-util-0.31.0.jar:/root/.m2/repository/io/opentracing/opentracing-api/0.31.0/opentracing-api-0.31.0.jar:/root/.m2/repository/io/opentracing/opentracing-noop/0.31.0/opentracing-noop-0.31.0.jar:/root/.m2/repository/org/apache/hadoop/hadoop-hdds-server-framework/0.5.0-SNAPSHOT/hadoop-hdds-server-framework-0.5.0-SNAPSHOT.jar:/root/.m2/repository/org/apache/hadoop/hadoop-hdds-server-scm/0.5.0-SNAPSHOT/hadoop-hdds-server-scm-0.5.0-SNAPSHOT.jar:/root/.m2/repository/org/apache/hadoop/hadoop-hdds-container-service/0.5.0-SNAPSHOT/hadoop-hdds-container-service-0.5.0-SNAPSHOT.jar:/root/.m2/repository/org/apache/hadoop/hadoop-hdds-client/0.5.0-SNAPSHOT/hadoop-hdds-client-0.5.0-SNAPSHOT.jar:/root/.m2/repository/org/apache/hadoop/hadoop-hdds-tools/0.5.0-SNAPSHOT/hadoop-hdds-tools-0.5.0-SNAPSHOT.jar:/root/.m2/repository/org/apache/hadoop/hadoop-ozone-ozone-manager/0.5.0-SNAPSHOT/hadoop-ozone-ozone-manager-0.5.0-SNAPSHOT.jar:/root/.m2/repository/org/apache/hadoop/hadoop-hdds-docs/0.5.0-SNAPSHOT/hadoop-hdds-docs-0.5.0-SNAPSHOT.jar:/root/.m2/repository/org/bouncycastle/bcprov-jdk15on/1.60/bcprov-jdk15on-1.60.jar:/root/.m2/repository/org/apache/hadoop/hadoop-minikdc/3.2.0/hadoop-minikdc-3.2.0.jar:/root/.m2/repository/commons-io/commons-io/2.5/commons-io-2.5.jar:/root/.m2/repository/org/apache/kerby/kerb-simplekdc/1.0.1/kerb-simplekdc-1.0.1.jar:/root/.m2/repository/org/apache/kerby/kerb-client/1.0.1/kerb-client-1.0.1.jar:/root/.m2/repository/org/apache/kerby/kerby-config/1.0.1/kerby-config-1.0.1.jar:/root/.m2/repository/org/apache/kerby/kerb-core/1.0.1/kerb-core-1.0.1.jar:/root/.m2/repository/org/apache/kerby/kerby-pkix/1.0.1/kerby-pkix-1.0.1.jar:/root/.m2/repository/org/apache/kerby/kerby-asn1/1.0.1/kerby-asn1-1.0.1.jar:/root/.m2/repository/org/apache/kerby/kerby-util/1.0.1/kerby-util-1.0.1.jar:/root/.m2/repository/org/apache/kerby/kerb-common/1.0.1/kerb-common-1.0.1.jar:/root/.m2/repository/org/apache/kerby/kerb-crypto/1.0.1/kerb-crypto-1.0.1.jar:/root/.m2/repository/org/apache/kerby/kerb-util/1.0.1/kerb-util-1.0.1.jar:/root/.m2/repository/org/apache/kerby/token-provider/1.0.1/token-provider-1.0.1.jar:/root/.m2/repository/org/apache/kerby/kerb-admin/1.0.1/kerb-admin-1.0.1.jar:/root/.m2/repository/org/apache/kerby/kerb-server/1.0.1/kerb-server-1.0.1.jar:/root/.m2/repository/org/apache/kerby/kerb-identity/1.0.1/kerb-identity-1.0.1.jar:/root/.m2/repository/org/apache/kerby/kerby-xdr/1.0.1/kerby-xdr-1.0.1.jar:/root/.m2/repository/org/slf4j/slf4j-log4j12/1.7.25/slf4j-log4j12-1.7.25.jar:/root/.m2/repository/org/apache/hadoop/hadoop-ozone-objectstore-service/0.5.0-SNAPSHOT/hadoop-ozone-objectstore-service-0.5.0-SNAPSHOT.jar:/root/.m2/repository/org/apache/hadoop/hadoop-ozone-s3gateway/0.5.0-SNAPSHOT/hadoop-ozone-s3gateway-0.5.0-SNAPSHOT.jar:/root/.m2/repository/org/jboss/weld/servlet/weld-servlet/2.4.7.Final/weld-servlet-2.4.7.Final.jar:/root/.m2/repository/org/glassfish/jersey/containers/jersey-container-servlet-core/2.27/jersey-container-servlet-core-2.27.jar:/root/.m2/repository/org/glassfish/hk2/external/javax.inject/2.5.0-b42/javax.inject-2.5.0-b42.jar:/root/.m2/repository/org/glassfish/jersey/core/jersey-common/2.27/jersey-common-2.27.jar:/root/.m2/repository/org/glassfish/hk2/osgi-resource-locator/1.0.1/osgi-resource-locator-1.0.1.jar:/root/.m2/repository/javax/ws/rs/javax.ws.rs-api/2.1/javax.ws.rs-api-2.1.jar:/root/.m2/repository/org/glassfish/jersey/ext/cdi/jersey-cdi1x/2.27/jersey-cdi1x-2.27.jar:/root/.m2/repository/org/glassfish/jersey/inject/jersey-hk2/2.27/jersey-hk2-2.27.jar:/root/.m2/repository/org/glassfish/hk2/hk2-locator/2.5.0-b42/hk2-locator-2.5.0-b42.jar:/root/.m2/repository/org/javassist/javassist/3.22.0-CR2/javassist-3.22.0-CR2.jar:/root/.m2/repository/org/glassfish/hk2/hk2-api/2.5.0/hk2-api-2.5.0.jar:/root/.m2/repository/org/glassfish/hk2/external/jakarta.inject/2.5.0/jakarta.inject-2.5.0.jar:/root/.m2/repository/org/glassfish/hk2/hk2-utils/2.5.0/hk2-utils-2.5.0.jar:/root/.m2/repository/jakarta/annotation/jakarta.annotation-api/1.3.4/jakarta.annotation-api-1.3.4.jar:/root/.m2/repository/org/glassfish/hk2/external/aopalliance-repackaged/2.5.0/aopalliance-repackaged-2.5.0.jar:/root/.m2/repository/com/fasterxml/jackson/dataformat/jackson-dataformat-xml/2.9.0/jackson-dataformat-xml-2.9.0.jar:/root/.m2/repository/com/fasterxml/jackson/core/jackson-core/2.9.5/jackson-core-2.9.5.jar:/root/.m2/repository/com/fasterxml/jackson/module/jackson-module-jaxb-annotations/2.9.5/jackson-module-jaxb-annotations-2.9.5.jar:/root/.m2/repository/javax/enterprise/cdi-api/1.2/cdi-api-1.2.jar:/root/.m2/repository/javax/el/javax.el-api/3.0.0/javax.el-api-3.0.0.jar:/root/.m2/repository/javax/interceptor/javax.interceptor-api/1.2/javax.interceptor-api-1.2.jar:/root/.m2/repository/javax/inject/javax.inject/1/javax.inject-1.jar:/root/.m2/repository/com/sun/xml/bind/jaxb-impl/2.3.0.1/jaxb-impl-2.3.0.1.jar:/root/.m2/repository/com/sun/xml/bind/jaxb-core/2.3.0.1/jaxb-core-2.3.0.1.jar:/root/.m2/repository/javax/xml/bind/jaxb-api/2.3.0/jaxb-api-2.3.0.jar:/root/.m2/repository/javax/activation/activation/1.1.1/activation-1.1.1.jar:/root/.m2/repository/org/apache/hadoop/hadoop-ozone-csi/0.5.0-SNAPSHOT/hadoop-ozone-csi-0.5.0-SNAPSHOT.jar:/root/.m2/repository/com/google/protobuf/protobuf-java-util/3.5.1/protobuf-java-util-3.5.1.jar:/root/.m2/repository/org/apache/hadoop/hadoop-hdds-config/0.5.0-SNAPSHOT/hadoop-hdds-config-0.5.0-SNAPSHOT.jar:/root/.m2/repository/com/google/guava/guava/11.0.2/guava-11.0.2.jar:/root/.m2/repository/com/google/protobuf/protobuf-java/2.5.0/protobuf-java-2.5.0.jar:/root/.m2/repository/io/grpc/grpc-netty/1.17.1/grpc-netty-1.17.1.jar:/root/.m2/repository/io/grpc/grpc-core/1.17.1/grpc-core-1.17.1.jar:/root/.m2/repository/io/grpc/grpc-context/1.17.1/grpc-context-1.17.1.jar:/root/.m2/repository/com/google/errorprone/error_prone_annotations/2.2.0/error_prone_annotations-2.2.0.jar:/root/.m2/repository/org/codehaus/mojo/animal-sniffer-annotations/1.17/animal-sniffer-annotations-1.17.jar:/root/.m2/repository/io/opencensus/opencensus-api/0.17.0/opencensus-api-0.17.0.jar:/root/.m2/repository/io/opencensus/opencensus-contrib-grpc-metrics/0.17.0/opencensus-contrib-grpc-metrics-0.17.0.jar:/root/.m2/repository/io/netty/netty-codec-http2/4.1.30.Final/netty-codec-http2-4.1.30.Final.jar:/root/.m2/repository/io/netty/netty-codec-http/4.1.30.Final/netty-codec-http-4.1.30.Final.jar:/root/.m2/repository/io/netty/netty-codec/4.1.30.Final/netty-codec-4.1.30.Final.jar:/root/.m2/repository/io/netty/netty-handler/4.1.30.Final/netty-handler-4.1.30.Final.jar:/root/.m2/repository/io/netty/netty-handler-proxy/4.1.30.Final/netty-handler-proxy-4.1.30.Final.jar:/root/.m2/repository/io/netty/netty-codec-socks/4.1.30.Final/netty-codec-socks-4.1.30.Final.jar:/root/.m2/repository/io/netty/netty-transport-native-epoll/4.1.30.Final/netty-transport-native-epoll-4.1.30.Final.jar:/root/.m2/repository/io/netty/netty-common/4.1.30.Final/netty-common-4.1.30.Final.jar:/root/.m2/repository/io/netty/netty-buffer/4.1.30.Final/netty-buffer-4.1.30.Final.jar:/root/.m2/repository/io/netty/netty-transport/4.1.30.Final/netty-transport-4.1.30.Final.jar:/root/.m2/repository/io/netty/netty-resolver/4.1.30.Final/netty-resolver-4.1.30.Final.jar:/root/.m2/repository/io/netty/netty-transport-native-unix-common/4.1.30.Final/netty-transport-native-unix-common-4.1.30.Final.jar:/root/.m2/repository/io/grpc/grpc-protobuf/1.17.1/grpc-protobuf-1.17.1.jar:/root/.m2/repository/com/google/api/grpc/proto-google-common-protos/1.0.0/proto-google-common-protos-1.0.0.jar:/root/.m2/repository/io/grpc/grpc-protobuf-lite/1.17.1/grpc-protobuf-lite-1.17.1.jar:/root/.m2/repository/io/grpc/grpc-stub/1.17.1/grpc-stub-1.17.1.jar:/root/.m2/repository/org/apache/hadoop/hadoop-ozone-recon/0.5.0-SNAPSHOT/hadoop-ozone-recon-0.5.0-SNAPSHOT.jar:/root/.m2/repository/org/apache/hadoop/hadoop-ozone-reconcodegen/0.5.0-SNAPSHOT/hadoop-ozone-reconcodegen-0.5.0-SNAPSHOT.jar:/root/.m2/repository/com/google/inject/extensions/guice-multibindings/4.0/guice-multibindings-4.0.jar:/root/.m2/repository/com/google/inject/guice/4.0/guice-4.0.jar:/root/.m2/repository/aopalliance/aopalliance/1.0/aopalliance-1.0.jar:/root/.m2/repository/com/google/inject/extensions/guice-servlet/4.0/guice-servlet-4.0.jar:/root/.m2/repository/org/glassfish/jersey/containers/jersey-container-servlet/2.27/jersey-container-servlet-2.27.jar:/root/.m2/repository/org/glassfish/hk2/guice-bridge/2.5.0/guice-bridge-2.5.0.jar:/root/.m2/repository/org/glassfish/jersey/core/jersey-server/2.27/jersey-server-2.27.jar:/root/.m2/repository/org/glassfish/jersey/core/jersey-client/2.27/jersey-client-2.27.jar:/root/.m2/repository/org/glassfish/jersey/media/jersey-media-jaxb/2.27/jersey-media-jaxb-2.27.jar:/root/.m2/repository/javax/validation/validation-api/1.1.0.Final/validation-api-1.1.0.Final.jar:/root/.m2/repository/org/glassfish/jersey/media/jersey-media-json-jackson/2.27/jersey-media-json-jackson-2.27.jar:/root/.m2/repository/org/glassfish/jersey/ext/jersey-entity-filtering/2.27/jersey-entity-filtering-2.27.jar:/root/.m2/repository/com/google/inject/extensions/guice-assistedinject/4.0/guice-assistedinject-4.0.jar:/root/.m2/repository/org/jooq/jooq/3.11.10/jooq-3.11.10.jar:/root/.m2/repository/org/jooq/jooq-meta/3.11.10/jooq-meta-3.11.10.jar:/root/.m2/repository/org/jooq/jooq-codegen/3.11.10/jooq-codegen-3.11.10.jar:/root/.m2/repository/com/jolbox/bonecp/0.8.0.RELEASE/bonecp-0.8.0.RELEASE.jar:/root/.m2/repository/org/xerial/sqlite-jdbc/3.25.2/sqlite-jdbc-3.25.2.jar:/root/.m2/repository/org/springframework/spring-jdbc/5.1.3.RELEASE/spring-jdbc-5.1.3.RELEASE.jar:/root/.m2/repository/org/springframework/spring-beans/5.1.3.RELEASE/spring-beans-5.1.3.RELEASE.jar:/root/.m2/repository/org/springframework/spring-core/5.1.3.RELEASE/spring-core-5.1.3.RELEASE.jar:/root/.m2/repository/org/springframework/spring-jcl/5.1.3.RELEASE/spring-jcl-5.1.3.RELEASE.jar:/root/.m2/repository/org/springframework/spring-tx/5.1.3.RELEASE/spring-tx-5.1.3.RELEASE.jar:/root/.m2/repository/org/apache/hadoop/hadoop-ozone-client/0.5.0-SNAPSHOT/hadoop-ozone-client-0.5.0-SNAPSHOT.jar:/root/.m2/repository/org/apache/hadoop/hadoop-ozone-ozone-manager/0.5.0-SNAPSHOT/hadoop-ozone-ozone-manager-0.5.0-SNAPSHOT-tests.jar:/root/.m2/repository/junit/junit/4.11/junit-4.11.jar:/root/.m2/repository/org/hamcrest/hamcrest-core/1.3/hamcrest-core-1.3.jar:/root/.m2/repository/org/openjdk/jmh/jmh-core/1.19/jmh-core-1.19.jar:/root/.m2/repository/net/sf/jopt-simple/jopt-simple/4.6/jopt-simple-4.6.jar:/root/.m2/repository/org/apache/commons/commons-math3/3.1.1/commons-math3-3.1.1.jar:/root/.m2/repository/org/openjdk/jmh/jmh-generator-annprocess/1.19/jmh-generator-annprocess-1.19.jar:/root/.m2/repository/org/mockito/mockito-all/1.8.5/mockito-all-1.8.5.jar:/root/.m2/repository/org/apache/hadoop/hadoop-kms/3.2.0/hadoop-kms-3.2.0.jar:/root/.m2/repository/org/apache/hadoop/hadoop-auth/3.2.0/hadoop-auth-3.2.0.jar:/root/.m2/repository/com/nimbusds/nimbus-jose-jwt/4.41.1/nimbus-jose-jwt-4.41.1.jar:/root/.m2/repository/com/github/stephenc/jcip/jcip-annotations/1.0-1/jcip-annotations-1.0-1.jar:/root/.m2/repository/net/minidev/json-smart/2.3/json-smart-2.3.jar:/root/.m2/repository/net/minidev/accessors-smart/1.2/accessors-smart-1.2.jar:/root/.m2/repository/org/ow2/asm/asm/5.0.4/asm-5.0.4.jar:/root/.m2/repository/org/apache/curator/curator-framework/2.12.0/curator-framework-2.12.0.jar:/root/.m2/repository/com/sun/jersey/jersey-core/1.19/jersey-core-1.19.jar:/root/.m2/repository/javax/ws/rs/jsr311-api/1.1.1/jsr311-api-1.1.1.jar:/root/.m2/repository/com/sun/jersey/jersey-server/1.19/jersey-server-1.19.jar:/root/.m2/repository/javax/servlet/javax.servlet-api/3.1.0/javax.servlet-api-3.1.0.jar:/root/.m2/repository/org/eclipse/jetty/jetty-server/9.3.24.v20180605/jetty-server-9.3.24.v20180605.jar:/root/.m2/repository/org/eclipse/jetty/jetty-http/9.3.24.v20180605/jetty-http-9.3.24.v20180605.jar:/root/.m2/repository/org/eclipse/jetty/jetty-io/9.3.24.v20180605/jetty-io-9.3.24.v20180605.jar:/root/.m2/repository/org/eclipse/jetty/jetty-webapp/9.3.24.v20180605/jetty-webapp-9.3.24.v20180605.jar:/root/.m2/repository/org/eclipse/jetty/jetty-xml/9.3.24.v20180605/jetty-xml-9.3.24.v20180605.jar:/root/.m2/repository/log4j/log4j/1.2.17/log4j-1.2.17.jar:/root/.m2/repository/org/slf4j/slf4j-api/1.7.25/slf4j-api-1.7.25.jar:/root/.m2/repository/org/slf4j/jul-to-slf4j/1.7.25/jul-to-slf4j-1.7.25.jar:/root/.m2/repository/org/eclipse/jetty/jetty-util/9.3.24.v20180605/jetty-util-9.3.24.v20180605.jar:/root/.m2/repository/io/dropwizard/metrics/metrics-core/3.2.4/metrics-core-3.2.4.jar:/root/.m2/repository/com/fasterxml/jackson/core/jackson-databind/2.9.5/jackson-databind-2.9.5.jar:/root/.m2/repository/org/apache/hadoop/hadoop-kms/3.2.0/hadoop-kms-3.2.0-tests.jar:/root/.m2/repository/org/apache/hadoop/hadoop-hdds-server-scm/0.5.0-SNAPSHOT/hadoop-hdds-server-scm-0.5.0-SNAPSHOT-tests.jar:/root/.m2/repository/org/hamcrest/hamcrest-all/1.3/hamcrest-all-1.3.jar:/root/.m2/repository/info/picocli/picocli/3.9.6/picocli-3.9.6.jar:/root/.m2/repository/org/apache/hadoop/hadoop-hdds-container-service/0.5.0-SNAPSHOT/hadoop-hdds-container-service-0.5.0-SNAPSHOT-tests.jar:/root/.m2/repository/org/yaml/snakeyaml/1.16/snakeyaml-1.16.jar:/root/.m2/repository/org/apache/hadoop/hadoop-common/3.2.0/hadoop-common-3.2.0-tests.jar:/root/.m2/repository/org/apache/hadoop/hadoop-annotations/3.2.0/hadoop-annotations-3.2.0.jar:/usr/lib/jvm/java-1.8-openjdk/jre/../lib/tools.jar:/root/.m2/repository/commons-cli/commons-cli/1.2/commons-cli-1.2.jar:/root/.m2/repository/org/apache/httpcomponents/httpclient/4.5.2/httpclient-4.5.2.jar:/root/.m2/repository/org/apache/httpcomponents/httpcore/4.4.4/httpcore-4.4.4.jar:/root/.m2/repository/commons-codec/commons-codec/1.11/commons-codec-1.11.jar:/root/.m2/repository/commons-net/commons-net/3.6/commons-net-3.6.jar:/root/.m2/repository/commons-collections/commons-collections/3.2.2/commons-collections-3.2.2.jar:/root/.m2/repository/org/eclipse/jetty/jetty-servlet/9.3.24.v20180605/jetty-servlet-9.3.24.v20180605.jar:/root/.m2/repository/org/eclipse/jetty/jetty-security/9.3.24.v20180605/jetty-security-9.3.24.v20180605.jar:/root/.m2/repository/javax/servlet/jsp/jsp-api/2.1/jsp-api-2.1.jar:/root/.m2/repository/com/sun/jersey/jersey-servlet/1.19/jersey-servlet-1.19.jar:/root/.m2/repository/com/sun/jersey/jersey-json/1.19/jersey-json-1.19.jar:/root/.m2/repository/org/codehaus/jettison/jettison/1.1/jettison-1.1.jar:/root/.m2/repository/org/codehaus/jackson/jackson-core-asl/1.9.13/jackson-core-asl-1.9.13.jar:/root/.m2/repository/org/codehaus/jackson/jackson-mapper-asl/1.9.13/jackson-mapper-asl-1.9.13.jar:/root/.m2/repository/org/codehaus/jackson/jackson-jaxrs/1.9.13/jackson-jaxrs-1.9.13.jar:/root/.m2/repository/org/codehaus/jackson/jackson-xc/1.9.13/jackson-xc-1.9.13.jar:/root/.m2/repository/commons-logging/commons-logging/1.1.3/commons-logging-1.1.3.jar:/root/.m2/repository/commons-beanutils/commons-beanutils/1.9.3/commons-beanutils-1.9.3.jar:/root/.m2/repository/org/apache/commons/commons-configuration2/2.1.1/commons-configuration2-2.1.1.jar:/root/.m2/repository/org/apache/commons/commons-lang3/3.7/commons-lang3-3.7.jar:/root/.m2/repository/org/apache/commons/commons-text/1.4/commons-text-1.4.jar:/root/.m2/repository/org/apache/avro/avro/1.7.7/avro-1.7.7.jar:/root/.m2/repository/com/thoughtworks/paranamer/paranamer/2.3/paranamer-2.3.jar:/root/.m2/repository/org/xerial/snappy/snappy-java/1.0.5/snappy-java-1.0.5.jar:/root/.m2/repository/com/google/re2j/re2j/1.1/re2j-1.1.jar:/root/.m2/repository/com/google/code/gson/gson/2.2.4/gson-2.2.4.jar:/root/.m2/repository/com/jcraft/jsch/0.1.54/jsch-0.1.54.jar:/root/.m2/repository/org/apache/curator/curator-client/2.12.0/curator-client-2.12.0.jar:/root/.m2/repository/org/apache/curator/curator-recipes/2.12.0/curator-recipes-2.12.0.jar:/root/.m2/repository/com/google/code/findbugs/jsr305/3.0.0/jsr305-3.0.0.jar:/root/.m2/repository/org/apache/htrace/htrace-core4/4.1.0-incubating/htrace-core4-4.1.0-incubating.jar:/root/.m2/repository/org/apache/zookeeper/zookeeper/3.4.13/zookeeper-3.4.13.jar:/root/.m2/repository/org/apache/yetus/audience-annotations/0.5.0/audience-annotations-0.5.0.jar:/root/.m2/repository/org/codehaus/woodstox/stax2-api/3.1.4/stax2-api-3.1.4.jar:/root/.m2/repository/com/fasterxml/woodstox/woodstox-core/5.0.3/woodstox-core-5.0.3.jar:/root/.m2/repository/dnsjava/dnsjava/2.1.7/dnsjava-2.1.7.jar:/root/.m2/repository/org/apache/hadoop/hadoop-hdfs/3.2.0/hadoop-hdfs-3.2.0-tests.jar:/root/.m2/repository/org/eclipse/jetty/jetty-util-ajax/9.3.24.v20180605/jetty-util-ajax-9.3.24.v20180605.jar:/root/.m2/repository/commons-daemon/commons-daemon/1.0.13/commons-daemon-1.0.13.jar:/root/.m2/repository/io/netty/netty/3.10.5.Final/netty-3.10.5.Final.jar:/root/.m2/repository/io/netty/netty-all/4.0.52.Final/netty-all-4.0.52.Final.jar:/root/.m2/repository/org/fusesource/leveldbjni/leveldbjni-all/1.8/leveldbjni-all-1.8.jar:"/>
    <property name="java.vm.vendor" value="IcedTea"/>
    <property name="sun.arch.data.model" value="64"/>
    <property name="test.build.dir" value="/opt/src/hadoop-ozone/integration-test/target/test-dir"/>
    <property name="test.cache.data" value=""/>
    <property name="java.vendor.url" value="https://icedtea.classpath.org"/>
    <property name="user.timezone" value=""/>
    <property name="java.vm.specification.version" value="1.8"/>
    <property name="os.name" value="Linux"/>
    <property name="test.build.data" value="/opt/src/hadoop-ozone/integration-test/target/test-dir"/>
    <property name="user.country" value="US"/>
    <property name="sun.java.launcher" value="SUN_STANDARD"/>
    <property name="sun.boot.library.path" value="/usr/lib/jvm/java-1.8-openjdk/jre/lib/amd64"/>
    <property name="sun.java.command" value="/opt/src/hadoop-ozone/integration-test/target/surefire/surefirebooter5175895062554579847.jar /opt/src/hadoop-ozone/integration-test/target/surefire 2019-06-13T03-51-50_402-jvmRun1 surefire360608759654108506tmp surefire_83169774768257935879tmp"/>
    <property name="surefire.test.class.path" value="/opt/src/hadoop-ozone/integration-test/target/test-classes:/opt/src/hadoop-ozone/integration-test/target/classes:/root/.m2/repository/org/apache/hadoop/hadoop-ozone-common/0.5.0-SNAPSHOT/hadoop-ozone-common-0.5.0-SNAPSHOT.jar:/root/.m2/repository/org/apache/commons/commons-compress/1.4.1/commons-compress-1.4.1.jar:/root/.m2/repository/org/tukaani/xz/1.0/xz-1.0.jar:/root/.m2/repository/org/apache/hadoop/hadoop-common/3.2.0/hadoop-common-3.2.0.jar:/root/.m2/repository/org/apache/hadoop/hadoop-hdfs/3.2.0/hadoop-hdfs-3.2.0.jar:/root/.m2/repository/org/apache/hadoop/hadoop-hdfs-client/3.2.0/hadoop-hdfs-client-3.2.0.jar:/root/.m2/repository/com/fasterxml/jackson/core/jackson-annotations/2.9.5/jackson-annotations-2.9.5.jar:/root/.m2/repository/org/apache/hadoop/hadoop-hdds-common/0.5.0-SNAPSHOT/hadoop-hdds-common-0.5.0-SNAPSHOT.jar:/root/.m2/repository/javax/annotation/javax.annotation-api/1.2/javax.annotation-api-1.2.jar:/root/.m2/repository/org/apache/ratis/ratis-server/0.4.0-fe2b15d-SNAPSHOT/ratis-server-0.4.0-fe2b15d-SNAPSHOT.jar:/root/.m2/repository/org/apache/ratis/ratis-thirdparty-misc/0.2.0/ratis-thirdparty-misc-0.2.0.jar:/root/.m2/repository/org/apache/ratis/ratis-proto/0.4.0-fe2b15d-SNAPSHOT/ratis-proto-0.4.0-fe2b15d-SNAPSHOT.jar:/root/.m2/repository/org/apache/ratis/ratis-common/0.4.0-fe2b15d-SNAPSHOT/ratis-common-0.4.0-fe2b15d-SNAPSHOT.jar:/root/.m2/repository/org/apache/ratis/ratis-client/0.4.0-fe2b15d-SNAPSHOT/ratis-client-0.4.0-fe2b15d-SNAPSHOT.jar:/root/.m2/repository/org/apache/ratis/ratis-netty/0.4.0-fe2b15d-SNAPSHOT/ratis-netty-0.4.0-fe2b15d-SNAPSHOT.jar:/root/.m2/repository/org/apache/ratis/ratis-grpc/0.4.0-fe2b15d-SNAPSHOT/ratis-grpc-0.4.0-fe2b15d-SNAPSHOT.jar:/root/.m2/repository/org/rocksdb/rocksdbjni/5.14.2/rocksdbjni-5.14.2.jar:/root/.m2/repository/org/apache/logging/log4j/log4j-api/2.11.0/log4j-api-2.11.0.jar:/root/.m2/repository/org/apache/logging/log4j/log4j-core/2.11.0/log4j-core-2.11.0.jar:/root/.m2/repository/com/lmax/disruptor/3.4.2/disruptor-3.4.2.jar:/root/.m2/repository/org/apache/commons/commons-pool2/2.6.0/commons-pool2-2.6.0.jar:/root/.m2/repository/org/bouncycastle/bcpkix-jdk15on/1.60/bcpkix-jdk15on-1.60.jar:/root/.m2/repository/commons-validator/commons-validator/1.6/commons-validator-1.6.jar:/root/.m2/repository/commons-digester/commons-digester/1.8.1/commons-digester-1.8.1.jar:/root/.m2/repository/io/jaegertracing/jaeger-client/0.33.1/jaeger-client-0.33.1.jar:/root/.m2/repository/io/jaegertracing/jaeger-thrift/0.33.1/jaeger-thrift-0.33.1.jar:/root/.m2/repository/org/apache/thrift/libthrift/0.11.0/libthrift-0.11.0.jar:/root/.m2/repository/com/squareup/okhttp3/okhttp/3.9.0/okhttp-3.9.0.jar:/root/.m2/repository/com/squareup/okio/okio/1.13.0/okio-1.13.0.jar:/root/.m2/repository/io/jaegertracing/jaeger-core/0.33.1/jaeger-core-0.33.1.jar:/root/.m2/repository/io/jaegertracing/jaeger-tracerresolver/0.33.1/jaeger-tracerresolver-0.33.1.jar:/root/.m2/repository/io/opentracing/contrib/opentracing-tracerresolver/0.1.5/opentracing-tracerresolver-0.1.5.jar:/root/.m2/repository/io/opentracing/opentracing-util/0.31.0/opentracing-util-0.31.0.jar:/root/.m2/repository/io/opentracing/opentracing-api/0.31.0/opentracing-api-0.31.0.jar:/root/.m2/repository/io/opentracing/opentracing-noop/0.31.0/opentracing-noop-0.31.0.jar:/root/.m2/repository/org/apache/hadoop/hadoop-hdds-server-framework/0.5.0-SNAPSHOT/hadoop-hdds-server-framework-0.5.0-SNAPSHOT.jar:/root/.m2/repository/org/apache/hadoop/hadoop-hdds-server-scm/0.5.0-SNAPSHOT/hadoop-hdds-server-scm-0.5.0-SNAPSHOT.jar:/root/.m2/repository/org/apache/hadoop/hadoop-hdds-container-service/0.5.0-SNAPSHOT/hadoop-hdds-container-service-0.5.0-SNAPSHOT.jar:/root/.m2/repository/org/apache/hadoop/hadoop-hdds-client/0.5.0-SNAPSHOT/hadoop-hdds-client-0.5.0-SNAPSHOT.jar:/root/.m2/repository/org/apache/hadoop/hadoop-hdds-tools/0.5.0-SNAPSHOT/hadoop-hdds-tools-0.5.0-SNAPSHOT.jar:/root/.m2/repository/org/apache/hadoop/hadoop-ozone-ozone-manager/0.5.0-SNAPSHOT/hadoop-ozone-ozone-manager-0.5.0-SNAPSHOT.jar:/root/.m2/repository/org/apache/hadoop/hadoop-hdds-docs/0.5.0-SNAPSHOT/hadoop-hdds-docs-0.5.0-SNAPSHOT.jar:/root/.m2/repository/org/bouncycastle/bcprov-jdk15on/1.60/bcprov-jdk15on-1.60.jar:/root/.m2/repository/org/apache/hadoop/hadoop-minikdc/3.2.0/hadoop-minikdc-3.2.0.jar:/root/.m2/repository/commons-io/commons-io/2.5/commons-io-2.5.jar:/root/.m2/repository/org/apache/kerby/kerb-simplekdc/1.0.1/kerb-simplekdc-1.0.1.jar:/root/.m2/repository/org/apache/kerby/kerb-client/1.0.1/kerb-client-1.0.1.jar:/root/.m2/repository/org/apache/kerby/kerby-config/1.0.1/kerby-config-1.0.1.jar:/root/.m2/repository/org/apache/kerby/kerb-core/1.0.1/kerb-core-1.0.1.jar:/root/.m2/repository/org/apache/kerby/kerby-pkix/1.0.1/kerby-pkix-1.0.1.jar:/root/.m2/repository/org/apache/kerby/kerby-asn1/1.0.1/kerby-asn1-1.0.1.jar:/root/.m2/repository/org/apache/kerby/kerby-util/1.0.1/kerby-util-1.0.1.jar:/root/.m2/repository/org/apache/kerby/kerb-common/1.0.1/kerb-common-1.0.1.jar:/root/.m2/repository/org/apache/kerby/kerb-crypto/1.0.1/kerb-crypto-1.0.1.jar:/root/.m2/repository/org/apache/kerby/kerb-util/1.0.1/kerb-util-1.0.1.jar:/root/.m2/repository/org/apache/kerby/token-provider/1.0.1/token-provider-1.0.1.jar:/root/.m2/repository/org/apache/kerby/kerb-admin/1.0.1/kerb-admin-1.0.1.jar:/root/.m2/repository/org/apache/kerby/kerb-server/1.0.1/kerb-server-1.0.1.jar:/root/.m2/repository/org/apache/kerby/kerb-identity/1.0.1/kerb-identity-1.0.1.jar:/root/.m2/repository/org/apache/kerby/kerby-xdr/1.0.1/kerby-xdr-1.0.1.jar:/root/.m2/repository/org/slf4j/slf4j-log4j12/1.7.25/slf4j-log4j12-1.7.25.jar:/root/.m2/repository/org/apache/hadoop/hadoop-ozone-objectstore-service/0.5.0-SNAPSHOT/hadoop-ozone-objectstore-service-0.5.0-SNAPSHOT.jar:/root/.m2/repository/org/apache/hadoop/hadoop-ozone-s3gateway/0.5.0-SNAPSHOT/hadoop-ozone-s3gateway-0.5.0-SNAPSHOT.jar:/root/.m2/repository/org/jboss/weld/servlet/weld-servlet/2.4.7.Final/weld-servlet-2.4.7.Final.jar:/root/.m2/repository/org/glassfish/jersey/containers/jersey-container-servlet-core/2.27/jersey-container-servlet-core-2.27.jar:/root/.m2/repository/org/glassfish/hk2/external/javax.inject/2.5.0-b42/javax.inject-2.5.0-b42.jar:/root/.m2/repository/org/glassfish/jersey/core/jersey-common/2.27/jersey-common-2.27.jar:/root/.m2/repository/org/glassfish/hk2/osgi-resource-locator/1.0.1/osgi-resource-locator-1.0.1.jar:/root/.m2/repository/javax/ws/rs/javax.ws.rs-api/2.1/javax.ws.rs-api-2.1.jar:/root/.m2/repository/org/glassfish/jersey/ext/cdi/jersey-cdi1x/2.27/jersey-cdi1x-2.27.jar:/root/.m2/repository/org/glassfish/jersey/inject/jersey-hk2/2.27/jersey-hk2-2.27.jar:/root/.m2/repository/org/glassfish/hk2/hk2-locator/2.5.0-b42/hk2-locator-2.5.0-b42.jar:/root/.m2/repository/org/javassist/javassist/3.22.0-CR2/javassist-3.22.0-CR2.jar:/root/.m2/repository/org/glassfish/hk2/hk2-api/2.5.0/hk2-api-2.5.0.jar:/root/.m2/repository/org/glassfish/hk2/external/jakarta.inject/2.5.0/jakarta.inject-2.5.0.jar:/root/.m2/repository/org/glassfish/hk2/hk2-utils/2.5.0/hk2-utils-2.5.0.jar:/root/.m2/repository/jakarta/annotation/jakarta.annotation-api/1.3.4/jakarta.annotation-api-1.3.4.jar:/root/.m2/repository/org/glassfish/hk2/external/aopalliance-repackaged/2.5.0/aopalliance-repackaged-2.5.0.jar:/root/.m2/repository/com/fasterxml/jackson/dataformat/jackson-dataformat-xml/2.9.0/jackson-dataformat-xml-2.9.0.jar:/root/.m2/repository/com/fasterxml/jackson/core/jackson-core/2.9.5/jackson-core-2.9.5.jar:/root/.m2/repository/com/fasterxml/jackson/module/jackson-module-jaxb-annotations/2.9.5/jackson-module-jaxb-annotations-2.9.5.jar:/root/.m2/repository/javax/enterprise/cdi-api/1.2/cdi-api-1.2.jar:/root/.m2/repository/javax/el/javax.el-api/3.0.0/javax.el-api-3.0.0.jar:/root/.m2/repository/javax/interceptor/javax.interceptor-api/1.2/javax.interceptor-api-1.2.jar:/root/.m2/repository/javax/inject/javax.inject/1/javax.inject-1.jar:/root/.m2/repository/com/sun/xml/bind/jaxb-impl/2.3.0.1/jaxb-impl-2.3.0.1.jar:/root/.m2/repository/com/sun/xml/bind/jaxb-core/2.3.0.1/jaxb-core-2.3.0.1.jar:/root/.m2/repository/javax/xml/bind/jaxb-api/2.3.0/jaxb-api-2.3.0.jar:/root/.m2/repository/javax/activation/activation/1.1.1/activation-1.1.1.jar:/root/.m2/repository/org/apache/hadoop/hadoop-ozone-csi/0.5.0-SNAPSHOT/hadoop-ozone-csi-0.5.0-SNAPSHOT.jar:/root/.m2/repository/com/google/protobuf/protobuf-java-util/3.5.1/protobuf-java-util-3.5.1.jar:/root/.m2/repository/org/apache/hadoop/hadoop-hdds-config/0.5.0-SNAPSHOT/hadoop-hdds-config-0.5.0-SNAPSHOT.jar:/root/.m2/repository/com/google/guava/guava/11.0.2/guava-11.0.2.jar:/root/.m2/repository/com/google/protobuf/protobuf-java/2.5.0/protobuf-java-2.5.0.jar:/root/.m2/repository/io/grpc/grpc-netty/1.17.1/grpc-netty-1.17.1.jar:/root/.m2/repository/io/grpc/grpc-core/1.17.1/grpc-core-1.17.1.jar:/root/.m2/repository/io/grpc/grpc-context/1.17.1/grpc-context-1.17.1.jar:/root/.m2/repository/com/google/errorprone/error_prone_annotations/2.2.0/error_prone_annotations-2.2.0.jar:/root/.m2/repository/org/codehaus/mojo/animal-sniffer-annotations/1.17/animal-sniffer-annotations-1.17.jar:/root/.m2/repository/io/opencensus/opencensus-api/0.17.0/opencensus-api-0.17.0.jar:/root/.m2/repository/io/opencensus/opencensus-contrib-grpc-metrics/0.17.0/opencensus-contrib-grpc-metrics-0.17.0.jar:/root/.m2/repository/io/netty/netty-codec-http2/4.1.30.Final/netty-codec-http2-4.1.30.Final.jar:/root/.m2/repository/io/netty/netty-codec-http/4.1.30.Final/netty-codec-http-4.1.30.Final.jar:/root/.m2/repository/io/netty/netty-codec/4.1.30.Final/netty-codec-4.1.30.Final.jar:/root/.m2/repository/io/netty/netty-handler/4.1.30.Final/netty-handler-4.1.30.Final.jar:/root/.m2/repository/io/netty/netty-handler-proxy/4.1.30.Final/netty-handler-proxy-4.1.30.Final.jar:/root/.m2/repository/io/netty/netty-codec-socks/4.1.30.Final/netty-codec-socks-4.1.30.Final.jar:/root/.m2/repository/io/netty/netty-transport-native-epoll/4.1.30.Final/netty-transport-native-epoll-4.1.30.Final.jar:/root/.m2/repository/io/netty/netty-common/4.1.30.Final/netty-common-4.1.30.Final.jar:/root/.m2/repository/io/netty/netty-buffer/4.1.30.Final/netty-buffer-4.1.30.Final.jar:/root/.m2/repository/io/netty/netty-transport/4.1.30.Final/netty-transport-4.1.30.Final.jar:/root/.m2/repository/io/netty/netty-resolver/4.1.30.Final/netty-resolver-4.1.30.Final.jar:/root/.m2/repository/io/netty/netty-transport-native-unix-common/4.1.30.Final/netty-transport-native-unix-common-4.1.30.Final.jar:/root/.m2/repository/io/grpc/grpc-protobuf/1.17.1/grpc-protobuf-1.17.1.jar:/root/.m2/repository/com/google/api/grpc/proto-google-common-protos/1.0.0/proto-google-common-protos-1.0.0.jar:/root/.m2/repository/io/grpc/grpc-protobuf-lite/1.17.1/grpc-protobuf-lite-1.17.1.jar:/root/.m2/repository/io/grpc/grpc-stub/1.17.1/grpc-stub-1.17.1.jar:/root/.m2/repository/org/apache/hadoop/hadoop-ozone-recon/0.5.0-SNAPSHOT/hadoop-ozone-recon-0.5.0-SNAPSHOT.jar:/root/.m2/repository/org/apache/hadoop/hadoop-ozone-reconcodegen/0.5.0-SNAPSHOT/hadoop-ozone-reconcodegen-0.5.0-SNAPSHOT.jar:/root/.m2/repository/com/google/inject/extensions/guice-multibindings/4.0/guice-multibindings-4.0.jar:/root/.m2/repository/com/google/inject/guice/4.0/guice-4.0.jar:/root/.m2/repository/aopalliance/aopalliance/1.0/aopalliance-1.0.jar:/root/.m2/repository/com/google/inject/extensions/guice-servlet/4.0/guice-servlet-4.0.jar:/root/.m2/repository/org/glassfish/jersey/containers/jersey-container-servlet/2.27/jersey-container-servlet-2.27.jar:/root/.m2/repository/org/glassfish/hk2/guice-bridge/2.5.0/guice-bridge-2.5.0.jar:/root/.m2/repository/org/glassfish/jersey/core/jersey-server/2.27/jersey-server-2.27.jar:/root/.m2/repository/org/glassfish/jersey/core/jersey-client/2.27/jersey-client-2.27.jar:/root/.m2/repository/org/glassfish/jersey/media/jersey-media-jaxb/2.27/jersey-media-jaxb-2.27.jar:/root/.m2/repository/javax/validation/validation-api/1.1.0.Final/validation-api-1.1.0.Final.jar:/root/.m2/repository/org/glassfish/jersey/media/jersey-media-json-jackson/2.27/jersey-media-json-jackson-2.27.jar:/root/.m2/repository/org/glassfish/jersey/ext/jersey-entity-filtering/2.27/jersey-entity-filtering-2.27.jar:/root/.m2/repository/com/google/inject/extensions/guice-assistedinject/4.0/guice-assistedinject-4.0.jar:/root/.m2/repository/org/jooq/jooq/3.11.10/jooq-3.11.10.jar:/root/.m2/repository/org/jooq/jooq-meta/3.11.10/jooq-meta-3.11.10.jar:/root/.m2/repository/org/jooq/jooq-codegen/3.11.10/jooq-codegen-3.11.10.jar:/root/.m2/repository/com/jolbox/bonecp/0.8.0.RELEASE/bonecp-0.8.0.RELEASE.jar:/root/.m2/repository/org/xerial/sqlite-jdbc/3.25.2/sqlite-jdbc-3.25.2.jar:/root/.m2/repository/org/springframework/spring-jdbc/5.1.3.RELEASE/spring-jdbc-5.1.3.RELEASE.jar:/root/.m2/repository/org/springframework/spring-beans/5.1.3.RELEASE/spring-beans-5.1.3.RELEASE.jar:/root/.m2/repository/org/springframework/spring-core/5.1.3.RELEASE/spring-core-5.1.3.RELEASE.jar:/root/.m2/repository/org/springframework/spring-jcl/5.1.3.RELEASE/spring-jcl-5.1.3.RELEASE.jar:/root/.m2/repository/org/springframework/spring-tx/5.1.3.RELEASE/spring-tx-5.1.3.RELEASE.jar:/root/.m2/repository/org/apache/hadoop/hadoop-ozone-client/0.5.0-SNAPSHOT/hadoop-ozone-client-0.5.0-SNAPSHOT.jar:/root/.m2/repository/org/apache/hadoop/hadoop-ozone-ozone-manager/0.5.0-SNAPSHOT/hadoop-ozone-ozone-manager-0.5.0-SNAPSHOT-tests.jar:/root/.m2/repository/junit/junit/4.11/junit-4.11.jar:/root/.m2/repository/org/hamcrest/hamcrest-core/1.3/hamcrest-core-1.3.jar:/root/.m2/repository/org/openjdk/jmh/jmh-core/1.19/jmh-core-1.19.jar:/root/.m2/repository/net/sf/jopt-simple/jopt-simple/4.6/jopt-simple-4.6.jar:/root/.m2/repository/org/apache/commons/commons-math3/3.1.1/commons-math3-3.1.1.jar:/root/.m2/repository/org/openjdk/jmh/jmh-generator-annprocess/1.19/jmh-generator-annprocess-1.19.jar:/root/.m2/repository/org/mockito/mockito-all/1.8.5/mockito-all-1.8.5.jar:/root/.m2/repository/org/apache/hadoop/hadoop-kms/3.2.0/hadoop-kms-3.2.0.jar:/root/.m2/repository/org/apache/hadoop/hadoop-auth/3.2.0/hadoop-auth-3.2.0.jar:/root/.m2/repository/com/nimbusds/nimbus-jose-jwt/4.41.1/nimbus-jose-jwt-4.41.1.jar:/root/.m2/repository/com/github/stephenc/jcip/jcip-annotations/1.0-1/jcip-annotations-1.0-1.jar:/root/.m2/repository/net/minidev/json-smart/2.3/json-smart-2.3.jar:/root/.m2/repository/net/minidev/accessors-smart/1.2/accessors-smart-1.2.jar:/root/.m2/repository/org/ow2/asm/asm/5.0.4/asm-5.0.4.jar:/root/.m2/repository/org/apache/curator/curator-framework/2.12.0/curator-framework-2.12.0.jar:/root/.m2/repository/com/sun/jersey/jersey-core/1.19/jersey-core-1.19.jar:/root/.m2/repository/javax/ws/rs/jsr311-api/1.1.1/jsr311-api-1.1.1.jar:/root/.m2/repository/com/sun/jersey/jersey-server/1.19/jersey-server-1.19.jar:/root/.m2/repository/javax/servlet/javax.servlet-api/3.1.0/javax.servlet-api-3.1.0.jar:/root/.m2/repository/org/eclipse/jetty/jetty-server/9.3.24.v20180605/jetty-server-9.3.24.v20180605.jar:/root/.m2/repository/org/eclipse/jetty/jetty-http/9.3.24.v20180605/jetty-http-9.3.24.v20180605.jar:/root/.m2/repository/org/eclipse/jetty/jetty-io/9.3.24.v20180605/jetty-io-9.3.24.v20180605.jar:/root/.m2/repository/org/eclipse/jetty/jetty-webapp/9.3.24.v20180605/jetty-webapp-9.3.24.v20180605.jar:/root/.m2/repository/org/eclipse/jetty/jetty-xml/9.3.24.v20180605/jetty-xml-9.3.24.v20180605.jar:/root/.m2/repository/log4j/log4j/1.2.17/log4j-1.2.17.jar:/root/.m2/repository/org/slf4j/slf4j-api/1.7.25/slf4j-api-1.7.25.jar:/root/.m2/repository/org/slf4j/jul-to-slf4j/1.7.25/jul-to-slf4j-1.7.25.jar:/root/.m2/repository/org/eclipse/jetty/jetty-util/9.3.24.v20180605/jetty-util-9.3.24.v20180605.jar:/root/.m2/repository/io/dropwizard/metrics/metrics-core/3.2.4/metrics-core-3.2.4.jar:/root/.m2/repository/com/fasterxml/jackson/core/jackson-databind/2.9.5/jackson-databind-2.9.5.jar:/root/.m2/repository/org/apache/hadoop/hadoop-kms/3.2.0/hadoop-kms-3.2.0-tests.jar:/root/.m2/repository/org/apache/hadoop/hadoop-hdds-server-scm/0.5.0-SNAPSHOT/hadoop-hdds-server-scm-0.5.0-SNAPSHOT-tests.jar:/root/.m2/repository/org/hamcrest/hamcrest-all/1.3/hamcrest-all-1.3.jar:/root/.m2/repository/info/picocli/picocli/3.9.6/picocli-3.9.6.jar:/root/.m2/repository/org/apache/hadoop/hadoop-hdds-container-service/0.5.0-SNAPSHOT/hadoop-hdds-container-service-0.5.0-SNAPSHOT-tests.jar:/root/.m2/repository/org/yaml/snakeyaml/1.16/snakeyaml-1.16.jar:/root/.m2/repository/org/apache/hadoop/hadoop-common/3.2.0/hadoop-common-3.2.0-tests.jar:/root/.m2/repository/org/apache/hadoop/hadoop-annotations/3.2.0/hadoop-annotations-3.2.0.jar:/usr/lib/jvm/java-1.8-openjdk/jre/../lib/tools.jar:/root/.m2/repository/commons-cli/commons-cli/1.2/commons-cli-1.2.jar:/root/.m2/repository/org/apache/httpcomponents/httpclient/4.5.2/httpclient-4.5.2.jar:/root/.m2/repository/org/apache/httpcomponents/httpcore/4.4.4/httpcore-4.4.4.jar:/root/.m2/repository/commons-codec/commons-codec/1.11/commons-codec-1.11.jar:/root/.m2/repository/commons-net/commons-net/3.6/commons-net-3.6.jar:/root/.m2/repository/commons-collections/commons-collections/3.2.2/commons-collections-3.2.2.jar:/root/.m2/repository/org/eclipse/jetty/jetty-servlet/9.3.24.v20180605/jetty-servlet-9.3.24.v20180605.jar:/root/.m2/repository/org/eclipse/jetty/jetty-security/9.3.24.v20180605/jetty-security-9.3.24.v20180605.jar:/root/.m2/repository/javax/servlet/jsp/jsp-api/2.1/jsp-api-2.1.jar:/root/.m2/repository/com/sun/jersey/jersey-servlet/1.19/jersey-servlet-1.19.jar:/root/.m2/repository/com/sun/jersey/jersey-json/1.19/jersey-json-1.19.jar:/root/.m2/repository/org/codehaus/jettison/jettison/1.1/jettison-1.1.jar:/root/.m2/repository/org/codehaus/jackson/jackson-core-asl/1.9.13/jackson-core-asl-1.9.13.jar:/root/.m2/repository/org/codehaus/jackson/jackson-mapper-asl/1.9.13/jackson-mapper-asl-1.9.13.jar:/root/.m2/repository/org/codehaus/jackson/jackson-jaxrs/1.9.13/jackson-jaxrs-1.9.13.jar:/root/.m2/repository/org/codehaus/jackson/jackson-xc/1.9.13/jackson-xc-1.9.13.jar:/root/.m2/repository/commons-logging/commons-logging/1.1.3/commons-logging-1.1.3.jar:/root/.m2/repository/commons-beanutils/commons-beanutils/1.9.3/commons-beanutils-1.9.3.jar:/root/.m2/repository/org/apache/commons/commons-configuration2/2.1.1/commons-configuration2-2.1.1.jar:/root/.m2/repository/org/apache/commons/commons-lang3/3.7/commons-lang3-3.7.jar:/root/.m2/repository/org/apache/commons/commons-text/1.4/commons-text-1.4.jar:/root/.m2/repository/org/apache/avro/avro/1.7.7/avro-1.7.7.jar:/root/.m2/repository/com/thoughtworks/paranamer/paranamer/2.3/paranamer-2.3.jar:/root/.m2/repository/org/xerial/snappy/snappy-java/1.0.5/snappy-java-1.0.5.jar:/root/.m2/repository/com/google/re2j/re2j/1.1/re2j-1.1.jar:/root/.m2/repository/com/google/code/gson/gson/2.2.4/gson-2.2.4.jar:/root/.m2/repository/com/jcraft/jsch/0.1.54/jsch-0.1.54.jar:/root/.m2/repository/org/apache/curator/curator-client/2.12.0/curator-client-2.12.0.jar:/root/.m2/repository/org/apache/curator/curator-recipes/2.12.0/curator-recipes-2.12.0.jar:/root/.m2/repository/com/google/code/findbugs/jsr305/3.0.0/jsr305-3.0.0.jar:/root/.m2/repository/org/apache/htrace/htrace-core4/4.1.0-incubating/htrace-core4-4.1.0-incubating.jar:/root/.m2/repository/org/apache/zookeeper/zookeeper/3.4.13/zookeeper-3.4.13.jar:/root/.m2/repository/org/apache/yetus/audience-annotations/0.5.0/audience-annotations-0.5.0.jar:/root/.m2/repository/org/codehaus/woodstox/stax2-api/3.1.4/stax2-api-3.1.4.jar:/root/.m2/repository/com/fasterxml/woodstox/woodstox-core/5.0.3/woodstox-core-5.0.3.jar:/root/.m2/repository/dnsjava/dnsjava/2.1.7/dnsjava-2.1.7.jar:/root/.m2/repository/org/apache/hadoop/hadoop-hdfs/3.2.0/hadoop-hdfs-3.2.0-tests.jar:/root/.m2/repository/org/eclipse/jetty/jetty-util-ajax/9.3.24.v20180605/jetty-util-ajax-9.3.24.v20180605.jar:/root/.m2/repository/commons-daemon/commons-daemon/1.0.13/commons-daemon-1.0.13.jar:/root/.m2/repository/io/netty/netty/3.10.5.Final/netty-3.10.5.Final.jar:/root/.m2/repository/io/netty/netty-all/4.0.52.Final/netty-all-4.0.52.Final.jar:/root/.m2/repository/org/fusesource/leveldbjni/leveldbjni-all/1.8/leveldbjni-all-1.8.jar:"/>
    <property name="sun.cpu.endian" value="little"/>
    <property name="user.home" value="/root"/>
    <property name="user.language" value="en"/>
    <property name="java.specification.vendor" value="Oracle Corporation"/>
    <property name="java.home" value="/usr/lib/jvm/java-1.8-openjdk/jre"/>
    <property name="java.security.krb5.conf" value="/opt/src/hadoop-ozone/integration-test/target/test-classes/krb5.conf"/>
    <property name="basedir" value="/opt/src/hadoop-ozone/integration-test"/>
    <property name="file.separator" value="/"/>
    <property name="line.separator" value="&#10;"/>
    <property name="java.vm.specification.vendor" value="Oracle Corporation"/>
    <property name="java.specification.name" value="Java Platform API Specification"/>
    <property name="java.awt.graphicsenv" value="sun.awt.X11GraphicsEnvironment"/>
    <property name="surefire.real.class.path" value="/opt/src/hadoop-ozone/integration-test/target/surefire/surefirebooter5175895062554579847.jar"/>
    <property name="hadoop.log.dir" value="/opt/src/hadoop-ozone/integration-test/target/log"/>
    <property name="sun.boot.class.path" value="/usr/lib/jvm/java-1.8-openjdk/jre/lib/resources.jar:/usr/lib/jvm/java-1.8-openjdk/jre/lib/rt.jar:/usr/lib/jvm/java-1.8-openjdk/jre/lib/sunrsasign.jar:/usr/lib/jvm/java-1.8-openjdk/jre/lib/jsse.jar:/usr/lib/jvm/java-1.8-openjdk/jre/lib/jce.jar:/usr/lib/jvm/java-1.8-openjdk/jre/lib/charsets.jar:/usr/lib/jvm/java-1.8-openjdk/jre/lib/jfr.jar:/usr/lib/jvm/java-1.8-openjdk/jre/classes"/>
    <property name="sun.management.compiler" value="HotSpot 64-Bit Tiered Compilers"/>
    <property name="java.runtime.version" value="1.8.0_212-b04"/>
    <property name="java.net.preferIPv4Stack" value="true"/>
    <property name="user.name" value="root"/>
    <property name="path.separator" value=":"/>
    <property name="java.security.egd" value="file:///dev/urandom"/>
    <property name="os.version" value="4.15.0-1021-aws"/>
    <property name="java.endorsed.dirs" value="/usr/lib/jvm/java-1.8-openjdk/jre/lib/endorsed"/>
    <property name="java.runtime.name" value="OpenJDK Runtime Environment"/>
    <property name="file.encoding" value="UTF-8"/>
    <property name="java.vm.name" value="OpenJDK 64-Bit Server VM"/>
    <property name="test.build.webapps" value=""/>
    <property name="localRepository" value="/root/.m2/repository"/>
    <property name="java.vendor.url.bug" value="https://icedtea.classpath.org/bugzilla"/>
    <property name="java.io.tmpdir" value="/tmp"/>
    <property name="require.test.libhadoop" value=""/>
    <property name="java.version" value="1.8.0_212"/>
    <property name="user.dir" value="/opt/src/hadoop-ozone/integration-test"/>
    <property name="os.arch" value="amd64"/>
    <property name="java.vm.specification.name" value="Java Virtual Machine Specification"/>
    <property name="test.build.classes" value="/opt/src/hadoop-ozone/integration-test/target/test-classes"/>
    <property name="java.awt.printerjob" value="sun.print.PSPrinterJob"/>
    <property name="sun.os.patch.level" value="unknown"/>
    <property name="hadoop.tmp.dir" value="/opt/src/hadoop-ozone/integration-test/target/tmp"/>
    <property name="java.library.path" value="/usr/lib/jvm/java-1.8-openjdk/jre/lib/amd64/server:/usr/lib/jvm/java-1.8-openjdk/jre/lib/amd64:/usr/lib/jvm/java-1.8-openjdk/jre/../lib/amd64:/opt/src/hadoop-ozone/integration-test/target/native/target/usr/local/lib:/opt/src/hadoop-ozone/integration-test/../../hadoop-common-project/hadoop-common/target/native/target/usr/local/lib:/usr/java/packages/lib/amd64:/usr/lib64:/lib64:/lib:/usr/lib"/>
    <property name="java.vm.info" value="mixed mode"/>
    <property name="java.vendor" value="IcedTea"/>
    <property name="java.vm.version" value="25.212-b04"/>
    <property name="java.ext.dirs" value="/usr/lib/jvm/java-1.8-openjdk/jre/lib/ext:/usr/java/packages/lib/ext"/>
    <property name="sun.io.unicode.encoding" value="UnicodeLittle"/>
    <property name="java.class.version" value="52.0"/>
  </properties>
  <testcase name="testPipelineFail" classname="org.apache.hadoop.hdds.scm.pipeline.TestNodeFailure" time="0">
    <skipped/>
    <system-out><![CDATA[2019-06-13 03:55:50,862 WARN  server.ServerUtils (ServerUtils.java:getScmDbDir(145)) - ozone.scm.db.dirs is not configured. We recommend adding this setting. Falling back to ozone.metadata.dirs instead.
2019-06-13 03:55:50,986 WARN  server.ServerUtils (ServerUtils.java:getScmDbDir(145)) - ozone.scm.db.dirs is not configured. We recommend adding this setting. Falling back to ozone.metadata.dirs instead.
2019-06-13 03:55:50,989 WARN  server.ServerUtils (ServerUtils.java:getScmDbDir(145)) - ozone.scm.db.dirs is not configured. We recommend adding this setting. Falling back to ozone.metadata.dirs instead.
2019-06-13 03:55:51,005 INFO  util.log (Log.java:initialized(192)) - Logging initialized @979ms
2019-06-13 03:55:51,087 INFO  db.DBStoreBuilder (DBStoreBuilder.java:addTable(110)) - using custom profile for table: deletedBlocks
2019-06-13 03:55:51,087 INFO  db.DBStoreBuilder (DBStoreBuilder.java:processTables(161)) - Using default column profile:DBProfile.DISK for Table:deletedBlocks
2019-06-13 03:55:51,088 INFO  db.DBStoreBuilder (DBStoreBuilder.java:addTable(110)) - using custom profile for table: validCerts
2019-06-13 03:55:51,088 INFO  db.DBStoreBuilder (DBStoreBuilder.java:processTables(161)) - Using default column profile:DBProfile.DISK for Table:validCerts
2019-06-13 03:55:51,088 INFO  db.DBStoreBuilder (DBStoreBuilder.java:addTable(110)) - using custom profile for table: revokedCerts
2019-06-13 03:55:51,088 INFO  db.DBStoreBuilder (DBStoreBuilder.java:processTables(161)) - Using default column profile:DBProfile.DISK for Table:revokedCerts
2019-06-13 03:55:51,098 INFO  db.DBStoreBuilder (DBStoreBuilder.java:addTable(110)) - using custom profile for table: default
2019-06-13 03:55:51,098 INFO  db.DBStoreBuilder (DBStoreBuilder.java:processTables(167)) - Using default column profile:DBProfile.DISK for Table:default
2019-06-13 03:55:51,099 INFO  db.DBStoreBuilder (DBStoreBuilder.java:getDbProfile(198)) - Using default options. DBProfile.DISK
2019-06-13 03:55:51,166 INFO  node.SCMNodeManager (SCMNodeManager.java:<init>(108)) - Entering startup safe mode.
2019-06-13 03:55:51,222 INFO  net.NodeSchemaLoader (NodeSchemaLoader.java:loadSchemaFromFile(125)) - Loading file from sun.misc.CompoundEnumeration@443118b0
2019-06-13 03:55:51,223 INFO  net.NodeSchemaLoader (NodeSchemaLoader.java:loadSchema(171)) - Loading network topology layer schema file
2019-06-13 03:55:51,272 WARN  server.ServerUtils (ServerUtils.java:getScmDbDir(145)) - ozone.scm.db.dirs is not configured. We recommend adding this setting. Falling back to ozone.metadata.dirs instead.
2019-06-13 03:55:51,299 INFO  pipeline.SCMPipelineManager (SCMPipelineManager.java:initializePipelineState(126)) - No pipeline exists in current db
2019-06-13 03:55:51,301 WARN  server.ServerUtils (ServerUtils.java:getScmDbDir(145)) - ozone.scm.db.dirs is not configured. We recommend adding this setting. Falling back to ozone.metadata.dirs instead.
2019-06-13 03:55:51,359 WARN  events.EventQueue (EventQueue.java:fireEvent(175)) - No event handler registered for event TypedEvent{payloadType=SafeModeStatus, name='SafeModeStatus'}
2019-06-13 03:55:51,768 INFO  ipc.CallQueueManager (CallQueueManager.java:<init>(84)) - Using callQueue: class java.util.concurrent.LinkedBlockingQueue, queueCapacity: 2000, scheduler: class org.apache.hadoop.ipc.DefaultRpcScheduler, ipcBackoff: false.
2019-06-13 03:55:51,805 INFO  ipc.Server (Server.java:run(1074)) - Starting Socket Reader #1 for port 33523
2019-06-13 03:55:51,846 INFO  ipc.CallQueueManager (CallQueueManager.java:<init>(84)) - Using callQueue: class java.util.concurrent.LinkedBlockingQueue, queueCapacity: 2000, scheduler: class org.apache.hadoop.ipc.DefaultRpcScheduler, ipcBackoff: false.
2019-06-13 03:55:51,852 INFO  ipc.Server (Server.java:run(1074)) - Starting Socket Reader #1 for port 34577
2019-06-13 03:55:51,873 INFO  ipc.CallQueueManager (CallQueueManager.java:<init>(84)) - Using callQueue: class java.util.concurrent.LinkedBlockingQueue, queueCapacity: 2000, scheduler: class org.apache.hadoop.ipc.DefaultRpcScheduler, ipcBackoff: false.
2019-06-13 03:55:51,909 INFO  ipc.Server (Server.java:run(1074)) - Starting Socket Reader #1 for port 45963
2019-06-13 03:55:51,932 INFO  hdfs.DFSUtil (DFSUtil.java:httpServerTemplateForNNAndJN(1641)) - Starting Web-server for scm at: http://0.0.0.0:0
2019-06-13 03:55:52,146 INFO  server.AuthenticationFilter (AuthenticationFilter.java:constructSecretProvider(240)) - Unable to initialize FileSignerSecretProvider, falling back to use random secrets.
2019-06-13 03:55:52,156 WARN  http.HttpRequestLog (HttpRequestLog.java:getRequestLog(97)) - Jetty request log can only be enabled using Log4j
2019-06-13 03:55:52,170 INFO  http.HttpServer2 (HttpServer2.java:addGlobalFilter(975)) - Added global filter 'safety' (class=org.apache.hadoop.http.HttpServer2$QuotingInputFilter)
2019-06-13 03:55:52,173 INFO  http.HttpServer2 (HttpServer2.java:addFilter(948)) - Added filter static_user_filter (class=org.apache.hadoop.http.lib.StaticUserWebFilter$StaticUserFilter) to context scm
2019-06-13 03:55:52,173 INFO  http.HttpServer2 (HttpServer2.java:addFilter(958)) - Added filter static_user_filter (class=org.apache.hadoop.http.lib.StaticUserWebFilter$StaticUserFilter) to context logs
2019-06-13 03:55:52,173 INFO  http.HttpServer2 (HttpServer2.java:addFilter(958)) - Added filter static_user_filter (class=org.apache.hadoop.http.lib.StaticUserWebFilter$StaticUserFilter) to context static
2019-06-13 03:55:52,202 INFO  server.StorageContainerManager (StorageContainerManager.java:start(752)) - StorageContainerLocationProtocol RPC server is listening at /0.0.0.0:45963
2019-06-13 03:55:52,272 WARN  impl.MetricsConfig (MetricsConfig.java:loadFirst(134)) - Cannot locate configuration: tried hadoop-metrics2-storagecontainermanager.properties,hadoop-metrics2.properties
2019-06-13 03:55:52,285 INFO  impl.MetricsSystemImpl (MetricsSystemImpl.java:startTimer(374)) - Scheduled Metric snapshot period at 10 second(s).
2019-06-13 03:55:52,285 INFO  impl.MetricsSystemImpl (MetricsSystemImpl.java:start(191)) - StorageContainerManager metrics system started
2019-06-13 03:55:52,465 INFO  server.SCMClientProtocolServer (SCMClientProtocolServer.java:start(149)) - RPC server for Client  is listening at /0.0.0.0:45963
2019-06-13 03:55:52,466 INFO  ipc.Server (Server.java:run(1314)) - IPC Server Responder: starting
2019-06-13 03:55:52,473 INFO  ipc.Server (Server.java:run(1153)) - IPC Server listener on 45963: starting
2019-06-13 03:55:52,478 INFO  server.StorageContainerManager (StorageContainerManager.java:start(761)) - ScmBlockLocationProtocol RPC server is listening at /0.0.0.0:34577
2019-06-13 03:55:52,478 INFO  server.SCMBlockProtocolServer (SCMBlockProtocolServer.java:start(137)) - RPC server for Block Protocol is listening at /0.0.0.0:34577
2019-06-13 03:55:52,481 INFO  ipc.Server (Server.java:run(1314)) - IPC Server Responder: starting
2019-06-13 03:55:52,481 INFO  ipc.Server (Server.java:run(1153)) - IPC Server listener on 34577: starting
2019-06-13 03:55:52,484 INFO  server.StorageContainerManager (StorageContainerManager.java:start(765)) - ScmDatanodeProtocl RPC server is listening at /0.0.0.0:33523
2019-06-13 03:55:52,484 INFO  server.SCMDatanodeProtocolServer (SCMDatanodeProtocolServer.java:start(191)) - RPC server for DataNodes is listening at /0.0.0.0:33523
2019-06-13 03:55:52,485 INFO  ipc.Server (Server.java:run(1314)) - IPC Server Responder: starting
2019-06-13 03:55:52,486 INFO  ipc.Server (Server.java:run(1153)) - IPC Server listener on 33523: starting
2019-06-13 03:55:52,490 INFO  http.HttpServer2 (HttpServer2.java:bindListener(1191)) - Jetty bound to port 37563
2019-06-13 03:55:52,492 INFO  server.Server (Server.java:doStart(351)) - jetty-9.3.24.v20180605, build timestamp: 2018-06-05T17:11:56Z, git hash: 84205aa28f11a4f31f2a3b86d1bba2cc8ab69827
2019-06-13 03:55:52,537 INFO  handler.ContextHandler (ContextHandler.java:doStart(781)) - Started o.e.j.s.ServletContextHandler@2df6226d{/logs,file:///opt/src/hadoop-ozone/integration-test/target/log,AVAILABLE}
2019-06-13 03:55:52,547 INFO  handler.ContextHandler (ContextHandler.java:doStart(781)) - Started o.e.j.s.ServletContextHandler@4ff4357f{/static,file:///opt/src/hadoop-ozone/integration-test/target/test-classes/webapps/static,AVAILABLE}
2019-06-13 03:55:52,581 INFO  handler.ContextHandler (ContextHandler.java:doStart(781)) - Started o.e.j.w.WebAppContext@34645867{/,file:///opt/src/hadoop-ozone/integration-test/target/test-classes/webapps/scm/,AVAILABLE}{/scm}
2019-06-13 03:55:52,587 INFO  server.AbstractConnector (AbstractConnector.java:doStart(278)) - Started ServerConnector@7e02daff{HTTP/1.1,[http/1.1]}{0.0.0.0:37563}
2019-06-13 03:55:52,587 INFO  server.Server (Server.java:doStart(419)) - Started @2561ms
2019-06-13 03:55:52,589 INFO  server.BaseHttpServer (BaseHttpServer.java:updateConnectorAddress(207)) - HTTP server of SCM is listening at http://0.0.0.0:37563
2019-06-13 03:55:52,615 INFO  util.JvmPauseMonitor (JvmPauseMonitor.java:run(188)) - Starting JVM pause monitor
2019-06-13 03:55:52,618 WARN  scm.ScmUtils (ScmUtils.java:getDBPath(63)) - ozone.om.db.dirs is not configured. We recommend adding this setting. Falling back to ozone.metadata.dirs instead.
2019-06-13 03:55:52,710 WARN  scm.ScmUtils (ScmUtils.java:getDBPath(63)) - ozone.om.db.dirs is not configured. We recommend adding this setting. Falling back to ozone.metadata.dirs instead.
2019-06-13 03:55:52,711 INFO  om.OzoneManager (OzoneManager.java:setOMNodeDetails(519)) - OM Service ID is not set. Setting it to the default ID: omServiceIdDefault
2019-06-13 03:55:52,712 INFO  om.OzoneManager (OzoneManager.java:setOMNodeDetails(525)) - OM Node ID is not set. Setting it to the OmStorage's OmID: a52b3b87-d72c-425c-a0cf-52bf2ee34c64
2019-06-13 03:55:52,713 WARN  scm.HddsServerUtil (HddsServerUtil.java:getDefaultRatisDirectory(354)) - Storage directory for Ratis is not configured. It is a good idea to map this to an SSD disk. Falling back to ozone.metadata.dirs
2019-06-13 03:55:52,714 WARN  scm.HddsServerUtil (HddsServerUtil.java:getDefaultRatisDirectory(354)) - Storage directory for Ratis is not configured. It is a good idea to map this to an SSD disk. Falling back to ozone.metadata.dirs
2019-06-13 03:55:52,714 INFO  om.OzoneManager (OzoneManager.java:loadOMHAConfigs(476)) - Found matching OM address with OMServiceId: null, OMNodeId: null, RPC Address: localhost:0 and Ratis port: 9872
2019-06-13 03:55:52,951 WARN  scm.ScmUtils (ScmUtils.java:getDBPath(63)) - ozone.om.db.dirs is not configured. We recommend adding this setting. Falling back to ozone.metadata.dirs instead.
2019-06-13 03:55:52,958 INFO  db.DBStoreBuilder (DBStoreBuilder.java:addTable(110)) - using custom profile for table: userTable
2019-06-13 03:55:52,959 INFO  db.DBStoreBuilder (DBStoreBuilder.java:processTables(161)) - Using default column profile:DBProfile.DISK for Table:userTable
2019-06-13 03:55:52,959 INFO  db.DBStoreBuilder (DBStoreBuilder.java:addTable(110)) - using custom profile for table: volumeTable
2019-06-13 03:55:52,959 INFO  db.DBStoreBuilder (DBStoreBuilder.java:processTables(161)) - Using default column profile:DBProfile.DISK for Table:volumeTable
2019-06-13 03:55:52,961 INFO  db.DBStoreBuilder (DBStoreBuilder.java:addTable(110)) - using custom profile for table: bucketTable
2019-06-13 03:55:52,961 INFO  db.DBStoreBuilder (DBStoreBuilder.java:processTables(161)) - Using default column profile:DBProfile.DISK for Table:bucketTable
2019-06-13 03:55:52,962 INFO  db.DBStoreBuilder (DBStoreBuilder.java:addTable(110)) - using custom profile for table: keyTable
2019-06-13 03:55:52,962 INFO  db.DBStoreBuilder (DBStoreBuilder.java:processTables(161)) - Using default column profile:DBProfile.DISK for Table:keyTable
2019-06-13 03:55:52,963 INFO  db.DBStoreBuilder (DBStoreBuilder.java:addTable(110)) - using custom profile for table: deletedTable
2019-06-13 03:55:52,963 INFO  db.DBStoreBuilder (DBStoreBuilder.java:processTables(161)) - Using default column profile:DBProfile.DISK for Table:deletedTable
2019-06-13 03:55:52,963 INFO  db.DBStoreBuilder (DBStoreBuilder.java:addTable(110)) - using custom profile for table: openKeyTable
2019-06-13 03:55:52,963 INFO  db.DBStoreBuilder (DBStoreBuilder.java:processTables(161)) - Using default column profile:DBProfile.DISK for Table:openKeyTable
2019-06-13 03:55:52,963 INFO  db.DBStoreBuilder (DBStoreBuilder.java:addTable(110)) - using custom profile for table: s3Table
2019-06-13 03:55:52,964 INFO  db.DBStoreBuilder (DBStoreBuilder.java:processTables(161)) - Using default column profile:DBProfile.DISK for Table:s3Table
2019-06-13 03:55:52,964 INFO  db.DBStoreBuilder (DBStoreBuilder.java:addTable(110)) - using custom profile for table: multipartInfoTable
2019-06-13 03:55:52,964 INFO  db.DBStoreBuilder (DBStoreBuilder.java:processTables(161)) - Using default column profile:DBProfile.DISK for Table:multipartInfoTable
2019-06-13 03:55:52,967 INFO  db.DBStoreBuilder (DBStoreBuilder.java:addTable(110)) - using custom profile for table: dTokenTable
2019-06-13 03:55:52,967 INFO  db.DBStoreBuilder (DBStoreBuilder.java:processTables(161)) - Using default column profile:DBProfile.DISK for Table:dTokenTable
2019-06-13 03:55:52,967 INFO  db.DBStoreBuilder (DBStoreBuilder.java:addTable(110)) - using custom profile for table: s3SecretTable
2019-06-13 03:55:52,968 INFO  db.DBStoreBuilder (DBStoreBuilder.java:processTables(161)) - Using default column profile:DBProfile.DISK for Table:s3SecretTable
2019-06-13 03:55:52,968 INFO  db.DBStoreBuilder (DBStoreBuilder.java:addTable(110)) - using custom profile for table: prefixTable
2019-06-13 03:55:52,969 INFO  db.DBStoreBuilder (DBStoreBuilder.java:processTables(161)) - Using default column profile:DBProfile.DISK for Table:prefixTable
2019-06-13 03:55:52,969 INFO  db.DBStoreBuilder (DBStoreBuilder.java:addTable(110)) - using custom profile for table: default
2019-06-13 03:55:52,973 INFO  db.DBStoreBuilder (DBStoreBuilder.java:processTables(167)) - Using default column profile:DBProfile.DISK for Table:default
2019-06-13 03:55:52,973 INFO  db.DBStoreBuilder (DBStoreBuilder.java:getDbProfile(198)) - Using default options. DBProfile.DISK
2019-06-13 03:55:53,659 INFO  ipc.CallQueueManager (CallQueueManager.java:<init>(84)) - Using callQueue: class java.util.concurrent.LinkedBlockingQueue, queueCapacity: 2000, scheduler: class org.apache.hadoop.ipc.DefaultRpcScheduler, ipcBackoff: false.
2019-06-13 03:55:53,660 INFO  ipc.Server (Server.java:run(1074)) - Starting Socket Reader #1 for port 44985
2019-06-13 03:55:53,691 WARN  scm.ScmUtils (ScmUtils.java:getDBPath(63)) - ozone.om.db.dirs is not configured. We recommend adding this setting. Falling back to ozone.metadata.dirs instead.
2019-06-13 03:55:53,692 INFO  om.OzoneManager (OzoneManager.java:start(1217)) - OzoneManager RPC server is listening at localhost/127.0.0.1:44985
2019-06-13 03:55:53,692 INFO  impl.MetricsSystemImpl (MetricsSystemImpl.java:init(158)) - OzoneManager metrics system started (again)
2019-06-13 03:55:53,692 INFO  ipc.Server (Server.java:run(1314)) - IPC Server Responder: starting
2019-06-13 03:55:53,693 INFO  ipc.Server (Server.java:run(1153)) - IPC Server listener on 44985: starting
2019-06-13 03:55:53,737 INFO  hdfs.DFSUtil (DFSUtil.java:httpServerTemplateForNNAndJN(1641)) - Starting Web-server for ozoneManager at: http://0.0.0.0:0
2019-06-13 03:55:53,739 INFO  server.AuthenticationFilter (AuthenticationFilter.java:constructSecretProvider(240)) - Unable to initialize FileSignerSecretProvider, falling back to use random secrets.
2019-06-13 03:55:53,741 WARN  http.HttpRequestLog (HttpRequestLog.java:getRequestLog(97)) - Jetty request log can only be enabled using Log4j
2019-06-13 03:55:53,744 INFO  http.HttpServer2 (HttpServer2.java:addGlobalFilter(975)) - Added global filter 'safety' (class=org.apache.hadoop.http.HttpServer2$QuotingInputFilter)
2019-06-13 03:55:53,746 INFO  http.HttpServer2 (HttpServer2.java:addFilter(948)) - Added filter static_user_filter (class=org.apache.hadoop.http.lib.StaticUserWebFilter$StaticUserFilter) to context ozoneManager
2019-06-13 03:55:53,747 INFO  http.HttpServer2 (HttpServer2.java:addFilter(958)) - Added filter static_user_filter (class=org.apache.hadoop.http.lib.StaticUserWebFilter$StaticUserFilter) to context logs
2019-06-13 03:55:53,747 INFO  http.HttpServer2 (HttpServer2.java:addFilter(958)) - Added filter static_user_filter (class=org.apache.hadoop.http.lib.StaticUserWebFilter$StaticUserFilter) to context static
2019-06-13 03:55:53,751 INFO  http.HttpServer2 (HttpServer2.java:bindListener(1191)) - Jetty bound to port 44943
2019-06-13 03:55:53,751 INFO  server.Server (Server.java:doStart(351)) - jetty-9.3.24.v20180605, build timestamp: 2018-06-05T17:11:56Z, git hash: 84205aa28f11a4f31f2a3b86d1bba2cc8ab69827
2019-06-13 03:55:53,755 INFO  handler.ContextHandler (ContextHandler.java:doStart(781)) - Started o.e.j.s.ServletContextHandler@67207d8a{/logs,file:///opt/src/hadoop-ozone/integration-test/target/log,AVAILABLE}
2019-06-13 03:55:53,756 INFO  handler.ContextHandler (ContextHandler.java:doStart(781)) - Started o.e.j.s.ServletContextHandler@7c2a69b4{/static,file:///opt/src/hadoop-ozone/integration-test/target/test-classes/webapps/static,AVAILABLE}
2019-06-13 03:55:53,763 INFO  handler.ContextHandler (ContextHandler.java:doStart(781)) - Started o.e.j.w.WebAppContext@69ce2f62{/,file:///opt/src/hadoop-ozone/integration-test/target/test-classes/webapps/ozoneManager/,AVAILABLE}{/ozoneManager}
2019-06-13 03:55:53,764 INFO  server.AbstractConnector (AbstractConnector.java:doStart(278)) - Started ServerConnector@c9d82f9{HTTP/1.1,[http/1.1]}{0.0.0.0:44943}
2019-06-13 03:55:53,764 INFO  server.Server (Server.java:doStart(419)) - Started @3738ms
2019-06-13 03:55:53,766 INFO  server.BaseHttpServer (BaseHttpServer.java:updateConnectorAddress(207)) - HTTP server of OZONEMANAGER is listening at http://0.0.0.0:44943
2019-06-13 03:55:53,977 INFO  impl.MetricsSystemImpl (MetricsSystemImpl.java:init(158)) - HddsDatanode metrics system started (again)
2019-06-13 03:55:54,222 INFO  ozone.HddsDatanodeService (HddsDatanodeService.java:start(185)) - HddsDatanodeService host:ozone-dndsk-2842815781 ip:192.168.19.22
2019-06-13 03:55:54,281 INFO  volume.HddsVolume (HddsVolume.java:<init>(176)) - Creating Volume: /opt/src/hadoop-ozone/integration-test/target/test-dir/MiniOzoneClusterImpl-c76a3a2c-182a-4364-88ec-6f6c84ce1a63/datanode-0/data/containers/hdds of  storage type : DISK and capacity : 104021790720
2019-06-13 03:55:54,283 INFO  volume.VolumeSet (VolumeSet.java:initializeVolumeSet(170)) - Added Volume : /opt/src/hadoop-ozone/integration-test/target/test-dir/MiniOzoneClusterImpl-c76a3a2c-182a-4364-88ec-6f6c84ce1a63/datanode-0/data/containers/hdds to VolumeSet
2019-06-13 03:55:54,287 INFO  volume.ThrottledAsyncChecker (ThrottledAsyncChecker.java:schedule(140)) - Scheduling a check for org.apache.hadoop.ozone.container.common.volume.HddsVolume@6892cc6f
2019-06-13 03:55:54,312 INFO  volume.HddsVolumeChecker (HddsVolumeChecker.java:checkAllVolumes(203)) - Scheduled health check for volume org.apache.hadoop.ozone.container.common.volume.HddsVolume@6892cc6f
2019-06-13 03:55:54,407 INFO  ratis.XceiverServerRatis (XceiverServerRatis.java:newXceiverServerRatis(401)) - Found a free port for the server : 35261
2019-06-13 03:55:54,488 INFO  impl.RaftServerProxy (ConfUtils.java:logGet(43)) - raft.rpc.type = GRPC (default)
2019-06-13 03:55:54,498 INFO  grpc.GrpcConfigKeys$Server (ConfUtils.java:logGet(43)) - raft.grpc.server.port = 35261 (custom)
2019-06-13 03:55:54,499 INFO  server.GrpcService (ConfUtils.java:logGet(43)) - raft.grpc.message.size.max = 33570816 (custom)
2019-06-13 03:55:54,501 INFO  server.RaftServerConfigKeys (ConfUtils.java:logGet(43)) - raft.server.log.appender.buffer.byte-limit = 33554432 (custom)
2019-06-13 03:55:54,501 INFO  server.GrpcService (ConfUtils.java:logGet(43)) - raft.grpc.flow.control.window = 1MB (=1048576) (default)
2019-06-13 03:55:54,502 INFO  server.RaftServerConfigKeys (ConfUtils.java:logGet(43)) - raft.server.rpc.request.timeout = 3000ms (default)
2019-06-13 03:55:54,661 INFO  server.RaftServerConfigKeys (ConfUtils.java:logGet(43)) - raft.server.storage.dir = [/opt/src/hadoop-ozone/integration-test/target/test-dir/MiniOzoneClusterImpl-c76a3a2c-182a-4364-88ec-6f6c84ce1a63/datanode-0/data/ratis] (custom)
2019-06-13 03:55:54,667 INFO  server.XceiverServerGrpc (XceiverServerGrpc.java:<init>(97)) - Found a free port for the server : 44527
2019-06-13 03:55:54,699 INFO  replication.SimpleContainerDownloader (SimpleContainerDownloader.java:<init>(72)) - Starting container downloader service to copy containers to replicate.
2019-06-13 03:55:54,712 INFO  hdfs.DFSUtil (DFSUtil.java:httpServerTemplateForNNAndJN(1641)) - Starting Web-server for hddsDatanode at: http://0.0.0.0:0
2019-06-13 03:55:54,714 INFO  server.AuthenticationFilter (AuthenticationFilter.java:constructSecretProvider(240)) - Unable to initialize FileSignerSecretProvider, falling back to use random secrets.
2019-06-13 03:55:54,715 WARN  http.HttpRequestLog (HttpRequestLog.java:getRequestLog(97)) - Jetty request log can only be enabled using Log4j
2019-06-13 03:55:54,717 INFO  http.HttpServer2 (HttpServer2.java:addGlobalFilter(975)) - Added global filter 'safety' (class=org.apache.hadoop.http.HttpServer2$QuotingInputFilter)
2019-06-13 03:55:54,718 INFO  http.HttpServer2 (HttpServer2.java:addFilter(948)) - Added filter static_user_filter (class=org.apache.hadoop.http.lib.StaticUserWebFilter$StaticUserFilter) to context hddsDatanode
2019-06-13 03:55:54,718 INFO  http.HttpServer2 (HttpServer2.java:addFilter(958)) - Added filter static_user_filter (class=org.apache.hadoop.http.lib.StaticUserWebFilter$StaticUserFilter) to context logs
2019-06-13 03:55:54,718 INFO  http.HttpServer2 (HttpServer2.java:addFilter(958)) - Added filter static_user_filter (class=org.apache.hadoop.http.lib.StaticUserWebFilter$StaticUserFilter) to context static
2019-06-13 03:55:54,720 INFO  http.HttpServer2 (HttpServer2.java:bindListener(1191)) - Jetty bound to port 37327
2019-06-13 03:55:54,721 INFO  server.Server (Server.java:doStart(351)) - jetty-9.3.24.v20180605, build timestamp: 2018-06-05T17:11:56Z, git hash: 84205aa28f11a4f31f2a3b86d1bba2cc8ab69827
2019-06-13 03:55:54,735 INFO  handler.ContextHandler (ContextHandler.java:doStart(781)) - Started o.e.j.s.ServletContextHandler@49206065{/logs,file:///opt/src/hadoop-ozone/integration-test/target/log,AVAILABLE}
2019-06-13 03:55:54,738 INFO  handler.ContextHandler (ContextHandler.java:doStart(781)) - Started o.e.j.s.ServletContextHandler@1317b708{/static,jar:file:/root/.m2/repository/org/apache/hadoop/hadoop-hdds-container-service/0.5.0-SNAPSHOT/hadoop-hdds-container-service-0.5.0-SNAPSHOT.jar!/webapps/static,AVAILABLE}
2019-06-13 03:55:54,789 INFO  handler.ContextHandler (ContextHandler.java:doStart(781)) - Started o.e.j.w.WebAppContext@2a2843ec{/,file:///tmp/jetty-0.0.0.0-37327-hddsDatanode-_-any-1355965116832867050.dir/webapp/,AVAILABLE}{/hddsDatanode}
2019-06-13 03:55:54,790 INFO  server.AbstractConnector (AbstractConnector.java:doStart(278)) - Started ServerConnector@2042ccce{HTTP/1.1,[http/1.1]}{0.0.0.0:37327}
2019-06-13 03:55:54,791 INFO  server.Server (Server.java:doStart(419)) - Started @4765ms
2019-06-13 03:55:54,791 INFO  server.BaseHttpServer (BaseHttpServer.java:updateConnectorAddress(207)) - HTTP server of HDDSDATANODE is listening at http://0.0.0.0:37327
2019-06-13 03:55:55,958 INFO  ozone.HddsDatanodeService (HddsDatanodeService.java:startPlugins(396)) - Started plug-in org.apache.hadoop.ozone.web.OzoneHddsDatanodeService@433d9680
2019-06-13 03:55:55,963 INFO  impl.MetricsSystemImpl (MetricsSystemImpl.java:init(158)) - HddsDatanode metrics system started (again)
2019-06-13 03:55:55,964 INFO  ozone.HddsDatanodeService (HddsDatanodeService.java:start(185)) - HddsDatanodeService host:ozone-dndsk-2842815781 ip:192.168.19.22
2019-06-13 03:55:55,995 INFO  util.JvmPauseMonitor (JvmPauseMonitor.java:run(188)) - Starting JVM pause monitor
2019-06-13 03:55:56,015 INFO  volume.HddsVolume (HddsVolume.java:<init>(176)) - Creating Volume: /opt/src/hadoop-ozone/integration-test/target/test-dir/MiniOzoneClusterImpl-c76a3a2c-182a-4364-88ec-6f6c84ce1a63/datanode-1/data/containers/hdds of  storage type : DISK and capacity : 104021790720
2019-06-13 03:55:56,016 INFO  volume.VolumeSet (VolumeSet.java:initializeVolumeSet(170)) - Added Volume : /opt/src/hadoop-ozone/integration-test/target/test-dir/MiniOzoneClusterImpl-c76a3a2c-182a-4364-88ec-6f6c84ce1a63/datanode-1/data/containers/hdds to VolumeSet
2019-06-13 03:55:56,016 INFO  volume.ThrottledAsyncChecker (ThrottledAsyncChecker.java:schedule(140)) - Scheduling a check for org.apache.hadoop.ozone.container.common.volume.HddsVolume@6002e944
2019-06-13 03:55:56,017 INFO  volume.HddsVolumeChecker (HddsVolumeChecker.java:checkAllVolumes(203)) - Scheduled health check for volume org.apache.hadoop.ozone.container.common.volume.HddsVolume@6002e944
2019-06-13 03:55:56,101 INFO  ratis.XceiverServerRatis (XceiverServerRatis.java:newXceiverServerRatis(401)) - Found a free port for the server : 46167
2019-06-13 03:55:56,122 INFO  impl.RaftServerProxy (ConfUtils.java:logGet(43)) - raft.rpc.type = GRPC (default)
2019-06-13 03:55:56,124 INFO  grpc.GrpcConfigKeys$Server (ConfUtils.java:logGet(43)) - raft.grpc.server.port = 46167 (custom)
2019-06-13 03:55:56,124 INFO  server.GrpcService (ConfUtils.java:logGet(43)) - raft.grpc.message.size.max = 33570816 (custom)
2019-06-13 03:55:56,125 INFO  server.RaftServerConfigKeys (ConfUtils.java:logGet(43)) - raft.server.log.appender.buffer.byte-limit = 33554432 (custom)
2019-06-13 03:55:56,125 INFO  server.GrpcService (ConfUtils.java:logGet(43)) - raft.grpc.flow.control.window = 1MB (=1048576) (default)
2019-06-13 03:55:56,125 INFO  server.RaftServerConfigKeys (ConfUtils.java:logGet(43)) - raft.server.rpc.request.timeout = 3000ms (default)
2019-06-13 03:55:56,129 INFO  server.RaftServerConfigKeys (ConfUtils.java:logGet(43)) - raft.server.storage.dir = [/opt/src/hadoop-ozone/integration-test/target/test-dir/MiniOzoneClusterImpl-c76a3a2c-182a-4364-88ec-6f6c84ce1a63/datanode-1/data/ratis] (custom)
2019-06-13 03:55:56,130 INFO  server.XceiverServerGrpc (XceiverServerGrpc.java:<init>(97)) - Found a free port for the server : 46097
2019-06-13 03:55:56,131 INFO  replication.SimpleContainerDownloader (SimpleContainerDownloader.java:<init>(72)) - Starting container downloader service to copy containers to replicate.
2019-06-13 03:55:56,142 INFO  hdfs.DFSUtil (DFSUtil.java:httpServerTemplateForNNAndJN(1641)) - Starting Web-server for hddsDatanode at: http://0.0.0.0:0
2019-06-13 03:55:56,143 INFO  server.AuthenticationFilter (AuthenticationFilter.java:constructSecretProvider(240)) - Unable to initialize FileSignerSecretProvider, falling back to use random secrets.
2019-06-13 03:55:56,144 WARN  http.HttpRequestLog (HttpRequestLog.java:getRequestLog(97)) - Jetty request log can only be enabled using Log4j
2019-06-13 03:55:56,147 INFO  http.HttpServer2 (HttpServer2.java:addGlobalFilter(975)) - Added global filter 'safety' (class=org.apache.hadoop.http.HttpServer2$QuotingInputFilter)
2019-06-13 03:55:56,149 INFO  http.HttpServer2 (HttpServer2.java:addFilter(948)) - Added filter static_user_filter (class=org.apache.hadoop.http.lib.StaticUserWebFilter$StaticUserFilter) to context hddsDatanode
2019-06-13 03:55:56,149 INFO  http.HttpServer2 (HttpServer2.java:addFilter(958)) - Added filter static_user_filter (class=org.apache.hadoop.http.lib.StaticUserWebFilter$StaticUserFilter) to context static
2019-06-13 03:55:56,150 INFO  http.HttpServer2 (HttpServer2.java:addFilter(958)) - Added filter static_user_filter (class=org.apache.hadoop.http.lib.StaticUserWebFilter$StaticUserFilter) to context logs
2019-06-13 03:55:56,150 INFO  http.HttpServer2 (HttpServer2.java:bindListener(1191)) - Jetty bound to port 40585
2019-06-13 03:55:56,150 INFO  server.Server (Server.java:doStart(351)) - jetty-9.3.24.v20180605, build timestamp: 2018-06-05T17:11:56Z, git hash: 84205aa28f11a4f31f2a3b86d1bba2cc8ab69827
2019-06-13 03:55:56,190 INFO  handler.ContextHandler (ContextHandler.java:doStart(781)) - Started o.e.j.s.ServletContextHandler@637791d{/logs,file:///opt/src/hadoop-ozone/integration-test/target/log,AVAILABLE}
2019-06-13 03:55:56,194 INFO  handler.ContextHandler (ContextHandler.java:doStart(781)) - Started o.e.j.s.ServletContextHandler@60f77af{/static,jar:file:/root/.m2/repository/org/apache/hadoop/hadoop-hdds-container-service/0.5.0-SNAPSHOT/hadoop-hdds-container-service-0.5.0-SNAPSHOT.jar!/webapps/static,AVAILABLE}
2019-06-13 03:55:56,253 INFO  handler.ContextHandler (ContextHandler.java:doStart(781)) - Started o.e.j.w.WebAppContext@262a1fad{/,file:///tmp/jetty-0.0.0.0-40585-hddsDatanode-_-any-3829003582296102891.dir/webapp/,AVAILABLE}{/hddsDatanode}
2019-06-13 03:55:56,259 INFO  server.AbstractConnector (AbstractConnector.java:doStart(278)) - Started ServerConnector@1c252ba7{HTTP/1.1,[http/1.1]}{0.0.0.0:40585}
2019-06-13 03:55:56,259 INFO  server.Server (Server.java:doStart(419)) - Started @6233ms
2019-06-13 03:55:56,260 INFO  server.BaseHttpServer (BaseHttpServer.java:updateConnectorAddress(207)) - HTTP server of HDDSDATANODE is listening at http://0.0.0.0:40585
2019-06-13 03:55:56,267 INFO  datanode.InitDatanodeState (InitDatanodeState.java:persistContainerDatanodeDetails(140)) - DatanodeDetails is persisted to /opt/src/hadoop-ozone/integration-test/target/test-dir/MiniOzoneClusterImpl-c76a3a2c-182a-4364-88ec-6f6c84ce1a63/datanode-0/meta/datanode.id
2019-06-13 03:55:56,454 INFO  ozone.HddsDatanodeService (HddsDatanodeService.java:startPlugins(396)) - Started plug-in org.apache.hadoop.ozone.web.OzoneHddsDatanodeService@2c1f8dbd
2019-06-13 03:55:56,454 INFO  impl.MetricsSystemImpl (MetricsSystemImpl.java:init(158)) - HddsDatanode metrics system started (again)
2019-06-13 03:55:56,455 INFO  ozone.HddsDatanodeService (HddsDatanodeService.java:start(185)) - HddsDatanodeService host:ozone-dndsk-2842815781 ip:192.168.19.22
2019-06-13 03:55:56,477 INFO  volume.HddsVolume (HddsVolume.java:<init>(176)) - Creating Volume: /opt/src/hadoop-ozone/integration-test/target/test-dir/MiniOzoneClusterImpl-c76a3a2c-182a-4364-88ec-6f6c84ce1a63/datanode-2/data/containers/hdds of  storage type : DISK and capacity : 104021790720
2019-06-13 03:55:56,477 INFO  volume.VolumeSet (VolumeSet.java:initializeVolumeSet(170)) - Added Volume : /opt/src/hadoop-ozone/integration-test/target/test-dir/MiniOzoneClusterImpl-c76a3a2c-182a-4364-88ec-6f6c84ce1a63/datanode-2/data/containers/hdds to VolumeSet
2019-06-13 03:55:56,478 INFO  volume.ThrottledAsyncChecker (ThrottledAsyncChecker.java:schedule(140)) - Scheduling a check for org.apache.hadoop.ozone.container.common.volume.HddsVolume@2d258eff
2019-06-13 03:55:56,479 INFO  volume.HddsVolumeChecker (HddsVolumeChecker.java:checkAllVolumes(203)) - Scheduled health check for volume org.apache.hadoop.ozone.container.common.volume.HddsVolume@2d258eff
2019-06-13 03:55:56,494 INFO  util.JvmPauseMonitor (JvmPauseMonitor.java:run(188)) - Starting JVM pause monitor
2019-06-13 03:55:56,511 INFO  datanode.InitDatanodeState (InitDatanodeState.java:persistContainerDatanodeDetails(140)) - DatanodeDetails is persisted to /opt/src/hadoop-ozone/integration-test/target/test-dir/MiniOzoneClusterImpl-c76a3a2c-182a-4364-88ec-6f6c84ce1a63/datanode-1/meta/datanode.id
2019-06-13 03:55:56,514 INFO  ratis.XceiverServerRatis (XceiverServerRatis.java:newXceiverServerRatis(401)) - Found a free port for the server : 40523
2019-06-13 03:55:56,515 INFO  impl.RaftServerProxy (ConfUtils.java:logGet(43)) - raft.rpc.type = GRPC (default)
2019-06-13 03:55:56,515 INFO  grpc.GrpcConfigKeys$Server (ConfUtils.java:logGet(43)) - raft.grpc.server.port = 40523 (custom)
2019-06-13 03:55:56,516 INFO  server.GrpcService (ConfUtils.java:logGet(43)) - raft.grpc.message.size.max = 33570816 (custom)
2019-06-13 03:55:56,516 INFO  server.RaftServerConfigKeys (ConfUtils.java:logGet(43)) - raft.server.log.appender.buffer.byte-limit = 33554432 (custom)
2019-06-13 03:55:56,516 INFO  server.GrpcService (ConfUtils.java:logGet(43)) - raft.grpc.flow.control.window = 1MB (=1048576) (default)
2019-06-13 03:55:56,516 INFO  server.RaftServerConfigKeys (ConfUtils.java:logGet(43)) - raft.server.rpc.request.timeout = 3000ms (default)
2019-06-13 03:55:56,517 INFO  server.RaftServerConfigKeys (ConfUtils.java:logGet(43)) - raft.server.storage.dir = [/opt/src/hadoop-ozone/integration-test/target/test-dir/MiniOzoneClusterImpl-c76a3a2c-182a-4364-88ec-6f6c84ce1a63/datanode-2/data/ratis] (custom)
2019-06-13 03:55:56,517 INFO  server.XceiverServerGrpc (XceiverServerGrpc.java:<init>(97)) - Found a free port for the server : 45111
2019-06-13 03:55:56,522 INFO  replication.SimpleContainerDownloader (SimpleContainerDownloader.java:<init>(72)) - Starting container downloader service to copy containers to replicate.
2019-06-13 03:55:56,523 INFO  hdfs.DFSUtil (DFSUtil.java:httpServerTemplateForNNAndJN(1641)) - Starting Web-server for hddsDatanode at: http://0.0.0.0:0
2019-06-13 03:55:56,524 INFO  server.AuthenticationFilter (AuthenticationFilter.java:constructSecretProvider(240)) - Unable to initialize FileSignerSecretProvider, falling back to use random secrets.
2019-06-13 03:55:56,525 WARN  http.HttpRequestLog (HttpRequestLog.java:getRequestLog(97)) - Jetty request log can only be enabled using Log4j
2019-06-13 03:55:56,526 INFO  http.HttpServer2 (HttpServer2.java:addGlobalFilter(975)) - Added global filter 'safety' (class=org.apache.hadoop.http.HttpServer2$QuotingInputFilter)
2019-06-13 03:55:56,527 INFO  http.HttpServer2 (HttpServer2.java:addFilter(948)) - Added filter static_user_filter (class=org.apache.hadoop.http.lib.StaticUserWebFilter$StaticUserFilter) to context hddsDatanode
2019-06-13 03:55:56,527 INFO  http.HttpServer2 (HttpServer2.java:addFilter(958)) - Added filter static_user_filter (class=org.apache.hadoop.http.lib.StaticUserWebFilter$StaticUserFilter) to context logs
2019-06-13 03:55:56,527 INFO  http.HttpServer2 (HttpServer2.java:addFilter(958)) - Added filter static_user_filter (class=org.apache.hadoop.http.lib.StaticUserWebFilter$StaticUserFilter) to context static
2019-06-13 03:55:56,528 INFO  http.HttpServer2 (HttpServer2.java:bindListener(1191)) - Jetty bound to port 33317
2019-06-13 03:55:56,528 INFO  server.Server (Server.java:doStart(351)) - jetty-9.3.24.v20180605, build timestamp: 2018-06-05T17:11:56Z, git hash: 84205aa28f11a4f31f2a3b86d1bba2cc8ab69827
2019-06-13 03:55:56,531 INFO  handler.ContextHandler (ContextHandler.java:doStart(781)) - Started o.e.j.s.ServletContextHandler@ab2e6d2{/logs,file:///opt/src/hadoop-ozone/integration-test/target/log,AVAILABLE}
2019-06-13 03:55:56,532 INFO  handler.ContextHandler (ContextHandler.java:doStart(781)) - Started o.e.j.s.ServletContextHandler@4d4436d0{/static,jar:file:/root/.m2/repository/org/apache/hadoop/hadoop-hdds-container-service/0.5.0-SNAPSHOT/hadoop-hdds-container-service-0.5.0-SNAPSHOT.jar!/webapps/static,AVAILABLE}
2019-06-13 03:55:56,562 INFO  handler.ContextHandler (ContextHandler.java:doStart(781)) - Started o.e.j.w.WebAppContext@481b2f10{/,file:///tmp/jetty-0.0.0.0-33317-hddsDatanode-_-any-3227002331574823607.dir/webapp/,AVAILABLE}{/hddsDatanode}
2019-06-13 03:55:56,564 INFO  server.AbstractConnector (AbstractConnector.java:doStart(278)) - Started ServerConnector@6d252347{HTTP/1.1,[http/1.1]}{0.0.0.0:33317}
2019-06-13 03:55:56,564 INFO  server.Server (Server.java:doStart(419)) - Started @6538ms
2019-06-13 03:55:56,565 INFO  server.BaseHttpServer (BaseHttpServer.java:updateConnectorAddress(207)) - HTTP server of HDDSDATANODE is listening at http://0.0.0.0:33317
2019-06-13 03:55:56,716 INFO  ozone.HddsDatanodeService (HddsDatanodeService.java:startPlugins(396)) - Started plug-in org.apache.hadoop.ozone.web.OzoneHddsDatanodeService@3086f480
2019-06-13 03:55:56,718 INFO  impl.MetricsSystemImpl (MetricsSystemImpl.java:init(158)) - HddsDatanode metrics system started (again)
2019-06-13 03:55:56,719 INFO  ozone.HddsDatanodeService (HddsDatanodeService.java:start(185)) - HddsDatanodeService host:ozone-dndsk-2842815781 ip:192.168.19.22
2019-06-13 03:55:56,743 INFO  datanode.InitDatanodeState (InitDatanodeState.java:persistContainerDatanodeDetails(140)) - DatanodeDetails is persisted to /opt/src/hadoop-ozone/integration-test/target/test-dir/MiniOzoneClusterImpl-c76a3a2c-182a-4364-88ec-6f6c84ce1a63/datanode-2/meta/datanode.id
2019-06-13 03:55:56,744 INFO  util.JvmPauseMonitor (JvmPauseMonitor.java:run(188)) - Starting JVM pause monitor
2019-06-13 03:55:56,752 INFO  volume.HddsVolume (HddsVolume.java:<init>(176)) - Creating Volume: /opt/src/hadoop-ozone/integration-test/target/test-dir/MiniOzoneClusterImpl-c76a3a2c-182a-4364-88ec-6f6c84ce1a63/datanode-3/data/containers/hdds of  storage type : DISK and capacity : 104021790720
2019-06-13 03:55:56,752 INFO  volume.VolumeSet (VolumeSet.java:initializeVolumeSet(170)) - Added Volume : /opt/src/hadoop-ozone/integration-test/target/test-dir/MiniOzoneClusterImpl-c76a3a2c-182a-4364-88ec-6f6c84ce1a63/datanode-3/data/containers/hdds to VolumeSet
2019-06-13 03:55:56,753 INFO  volume.ThrottledAsyncChecker (ThrottledAsyncChecker.java:schedule(140)) - Scheduling a check for org.apache.hadoop.ozone.container.common.volume.HddsVolume@662be9f7
2019-06-13 03:55:56,766 INFO  volume.HddsVolumeChecker (HddsVolumeChecker.java:checkAllVolumes(203)) - Scheduled health check for volume org.apache.hadoop.ozone.container.common.volume.HddsVolume@662be9f7
2019-06-13 03:55:56,799 INFO  ratis.XceiverServerRatis (XceiverServerRatis.java:newXceiverServerRatis(401)) - Found a free port for the server : 35115
2019-06-13 03:55:56,802 INFO  impl.RaftServerProxy (ConfUtils.java:logGet(43)) - raft.rpc.type = GRPC (default)
2019-06-13 03:55:56,803 INFO  grpc.GrpcConfigKeys$Server (ConfUtils.java:logGet(43)) - raft.grpc.server.port = 35115 (custom)
2019-06-13 03:55:56,803 INFO  server.GrpcService (ConfUtils.java:logGet(43)) - raft.grpc.message.size.max = 33570816 (custom)
2019-06-13 03:55:56,804 INFO  server.RaftServerConfigKeys (ConfUtils.java:logGet(43)) - raft.server.log.appender.buffer.byte-limit = 33554432 (custom)
2019-06-13 03:55:56,804 INFO  server.GrpcService (ConfUtils.java:logGet(43)) - raft.grpc.flow.control.window = 1MB (=1048576) (default)
2019-06-13 03:55:56,804 INFO  server.RaftServerConfigKeys (ConfUtils.java:logGet(43)) - raft.server.rpc.request.timeout = 3000ms (default)
2019-06-13 03:55:56,805 INFO  server.RaftServerConfigKeys (ConfUtils.java:logGet(43)) - raft.server.storage.dir = [/opt/src/hadoop-ozone/integration-test/target/test-dir/MiniOzoneClusterImpl-c76a3a2c-182a-4364-88ec-6f6c84ce1a63/datanode-3/data/ratis] (custom)
2019-06-13 03:55:56,806 INFO  server.XceiverServerGrpc (XceiverServerGrpc.java:<init>(97)) - Found a free port for the server : 44779
2019-06-13 03:55:56,806 INFO  replication.SimpleContainerDownloader (SimpleContainerDownloader.java:<init>(72)) - Starting container downloader service to copy containers to replicate.
2019-06-13 03:55:56,807 INFO  hdfs.DFSUtil (DFSUtil.java:httpServerTemplateForNNAndJN(1641)) - Starting Web-server for hddsDatanode at: http://0.0.0.0:0
2019-06-13 03:55:56,809 INFO  server.AuthenticationFilter (AuthenticationFilter.java:constructSecretProvider(240)) - Unable to initialize FileSignerSecretProvider, falling back to use random secrets.
2019-06-13 03:55:56,809 WARN  http.HttpRequestLog (HttpRequestLog.java:getRequestLog(97)) - Jetty request log can only be enabled using Log4j
2019-06-13 03:55:56,812 INFO  http.HttpServer2 (HttpServer2.java:addGlobalFilter(975)) - Added global filter 'safety' (class=org.apache.hadoop.http.HttpServer2$QuotingInputFilter)
2019-06-13 03:55:56,812 INFO  http.HttpServer2 (HttpServer2.java:addFilter(948)) - Added filter static_user_filter (class=org.apache.hadoop.http.lib.StaticUserWebFilter$StaticUserFilter) to context hddsDatanode
2019-06-13 03:55:56,813 INFO  http.HttpServer2 (HttpServer2.java:addFilter(958)) - Added filter static_user_filter (class=org.apache.hadoop.http.lib.StaticUserWebFilter$StaticUserFilter) to context logs
2019-06-13 03:55:56,813 INFO  http.HttpServer2 (HttpServer2.java:addFilter(958)) - Added filter static_user_filter (class=org.apache.hadoop.http.lib.StaticUserWebFilter$StaticUserFilter) to context static
2019-06-13 03:55:56,817 INFO  http.HttpServer2 (HttpServer2.java:bindListener(1191)) - Jetty bound to port 46471
2019-06-13 03:55:56,817 INFO  server.Server (Server.java:doStart(351)) - jetty-9.3.24.v20180605, build timestamp: 2018-06-05T17:11:56Z, git hash: 84205aa28f11a4f31f2a3b86d1bba2cc8ab69827
2019-06-13 03:55:56,828 INFO  handler.ContextHandler (ContextHandler.java:doStart(781)) - Started o.e.j.s.ServletContextHandler@632b305d{/logs,file:///opt/src/hadoop-ozone/integration-test/target/log,AVAILABLE}
2019-06-13 03:55:56,829 INFO  handler.ContextHandler (ContextHandler.java:doStart(781)) - Started o.e.j.s.ServletContextHandler@57fdb8a4{/static,jar:file:/root/.m2/repository/org/apache/hadoop/hadoop-hdds-container-service/0.5.0-SNAPSHOT/hadoop-hdds-container-service-0.5.0-SNAPSHOT.jar!/webapps/static,AVAILABLE}
2019-06-13 03:55:56,853 INFO  handler.ContextHandler (ContextHandler.java:doStart(781)) - Started o.e.j.w.WebAppContext@31b0f02{/,file:///tmp/jetty-0.0.0.0-46471-hddsDatanode-_-any-773495282666184218.dir/webapp/,AVAILABLE}{/hddsDatanode}
2019-06-13 03:55:56,854 INFO  server.AbstractConnector (AbstractConnector.java:doStart(278)) - Started ServerConnector@2850ec70{HTTP/1.1,[http/1.1]}{0.0.0.0:46471}
2019-06-13 03:55:56,854 INFO  server.Server (Server.java:doStart(419)) - Started @6828ms
2019-06-13 03:55:56,855 INFO  server.BaseHttpServer (BaseHttpServer.java:updateConnectorAddress(207)) - HTTP server of HDDSDATANODE is listening at http://0.0.0.0:46471
2019-06-13 03:55:56,971 INFO  ozone.HddsDatanodeService (HddsDatanodeService.java:startPlugins(396)) - Started plug-in org.apache.hadoop.ozone.web.OzoneHddsDatanodeService@52abed9d
2019-06-13 03:55:56,972 INFO  impl.MetricsSystemImpl (MetricsSystemImpl.java:init(158)) - HddsDatanode metrics system started (again)
2019-06-13 03:55:56,972 INFO  ozone.HddsDatanodeService (HddsDatanodeService.java:start(185)) - HddsDatanodeService host:ozone-dndsk-2842815781 ip:192.168.19.22
2019-06-13 03:55:56,987 INFO  util.JvmPauseMonitor (JvmPauseMonitor.java:run(188)) - Starting JVM pause monitor
2019-06-13 03:55:56,994 INFO  datanode.InitDatanodeState (InitDatanodeState.java:persistContainerDatanodeDetails(140)) - DatanodeDetails is persisted to /opt/src/hadoop-ozone/integration-test/target/test-dir/MiniOzoneClusterImpl-c76a3a2c-182a-4364-88ec-6f6c84ce1a63/datanode-3/meta/datanode.id
2019-06-13 03:55:56,997 INFO  volume.HddsVolume (HddsVolume.java:<init>(176)) - Creating Volume: /opt/src/hadoop-ozone/integration-test/target/test-dir/MiniOzoneClusterImpl-c76a3a2c-182a-4364-88ec-6f6c84ce1a63/datanode-4/data/containers/hdds of  storage type : DISK and capacity : 104021790720
2019-06-13 03:55:56,998 INFO  volume.VolumeSet (VolumeSet.java:initializeVolumeSet(170)) - Added Volume : /opt/src/hadoop-ozone/integration-test/target/test-dir/MiniOzoneClusterImpl-c76a3a2c-182a-4364-88ec-6f6c84ce1a63/datanode-4/data/containers/hdds to VolumeSet
2019-06-13 03:55:56,998 INFO  volume.ThrottledAsyncChecker (ThrottledAsyncChecker.java:schedule(140)) - Scheduling a check for org.apache.hadoop.ozone.container.common.volume.HddsVolume@76216830
2019-06-13 03:55:57,002 INFO  volume.HddsVolumeChecker (HddsVolumeChecker.java:checkAllVolumes(203)) - Scheduled health check for volume org.apache.hadoop.ozone.container.common.volume.HddsVolume@76216830
2019-06-13 03:55:57,015 INFO  ratis.XceiverServerRatis (XceiverServerRatis.java:newXceiverServerRatis(401)) - Found a free port for the server : 35277
2019-06-13 03:55:57,019 INFO  impl.RaftServerProxy (ConfUtils.java:logGet(43)) - raft.rpc.type = GRPC (default)
2019-06-13 03:55:57,027 INFO  grpc.GrpcConfigKeys$Server (ConfUtils.java:logGet(43)) - raft.grpc.server.port = 35277 (custom)
2019-06-13 03:55:57,027 INFO  server.GrpcService (ConfUtils.java:logGet(43)) - raft.grpc.message.size.max = 33570816 (custom)
2019-06-13 03:55:57,028 INFO  server.RaftServerConfigKeys (ConfUtils.java:logGet(43)) - raft.server.log.appender.buffer.byte-limit = 33554432 (custom)
2019-06-13 03:55:57,028 INFO  server.GrpcService (ConfUtils.java:logGet(43)) - raft.grpc.flow.control.window = 1MB (=1048576) (default)
2019-06-13 03:55:57,028 INFO  server.RaftServerConfigKeys (ConfUtils.java:logGet(43)) - raft.server.rpc.request.timeout = 3000ms (default)
2019-06-13 03:55:57,029 INFO  server.RaftServerConfigKeys (ConfUtils.java:logGet(43)) - raft.server.storage.dir = [/opt/src/hadoop-ozone/integration-test/target/test-dir/MiniOzoneClusterImpl-c76a3a2c-182a-4364-88ec-6f6c84ce1a63/datanode-4/data/ratis] (custom)
2019-06-13 03:55:57,029 INFO  server.XceiverServerGrpc (XceiverServerGrpc.java:<init>(97)) - Found a free port for the server : 38499
2019-06-13 03:55:57,029 INFO  replication.SimpleContainerDownloader (SimpleContainerDownloader.java:<init>(72)) - Starting container downloader service to copy containers to replicate.
2019-06-13 03:55:57,032 INFO  hdfs.DFSUtil (DFSUtil.java:httpServerTemplateForNNAndJN(1641)) - Starting Web-server for hddsDatanode at: http://0.0.0.0:0
2019-06-13 03:55:57,033 INFO  server.AuthenticationFilter (AuthenticationFilter.java:constructSecretProvider(240)) - Unable to initialize FileSignerSecretProvider, falling back to use random secrets.
2019-06-13 03:55:57,033 WARN  http.HttpRequestLog (HttpRequestLog.java:getRequestLog(97)) - Jetty request log can only be enabled using Log4j
2019-06-13 03:55:57,035 INFO  http.HttpServer2 (HttpServer2.java:addGlobalFilter(975)) - Added global filter 'safety' (class=org.apache.hadoop.http.HttpServer2$QuotingInputFilter)
2019-06-13 03:55:57,036 INFO  http.HttpServer2 (HttpServer2.java:addFilter(948)) - Added filter static_user_filter (class=org.apache.hadoop.http.lib.StaticUserWebFilter$StaticUserFilter) to context hddsDatanode
2019-06-13 03:55:57,036 INFO  http.HttpServer2 (HttpServer2.java:addFilter(958)) - Added filter static_user_filter (class=org.apache.hadoop.http.lib.StaticUserWebFilter$StaticUserFilter) to context static
2019-06-13 03:55:57,036 INFO  http.HttpServer2 (HttpServer2.java:addFilter(958)) - Added filter static_user_filter (class=org.apache.hadoop.http.lib.StaticUserWebFilter$StaticUserFilter) to context logs
2019-06-13 03:55:57,036 INFO  http.HttpServer2 (HttpServer2.java:bindListener(1191)) - Jetty bound to port 34455
2019-06-13 03:55:57,037 INFO  server.Server (Server.java:doStart(351)) - jetty-9.3.24.v20180605, build timestamp: 2018-06-05T17:11:56Z, git hash: 84205aa28f11a4f31f2a3b86d1bba2cc8ab69827
2019-06-13 03:55:57,041 INFO  handler.ContextHandler (ContextHandler.java:doStart(781)) - Started o.e.j.s.ServletContextHandler@2a8dd942{/logs,file:///opt/src/hadoop-ozone/integration-test/target/log,AVAILABLE}
2019-06-13 03:55:57,042 INFO  handler.ContextHandler (ContextHandler.java:doStart(781)) - Started o.e.j.s.ServletContextHandler@35025a0a{/static,jar:file:/root/.m2/repository/org/apache/hadoop/hadoop-hdds-container-service/0.5.0-SNAPSHOT/hadoop-hdds-container-service-0.5.0-SNAPSHOT.jar!/webapps/static,AVAILABLE}
2019-06-13 03:55:57,071 INFO  handler.ContextHandler (ContextHandler.java:doStart(781)) - Started o.e.j.w.WebAppContext@65da01f4{/,file:///tmp/jetty-0.0.0.0-34455-hddsDatanode-_-any-7782584706635658233.dir/webapp/,AVAILABLE}{/hddsDatanode}
2019-06-13 03:55:57,073 INFO  server.AbstractConnector (AbstractConnector.java:doStart(278)) - Started ServerConnector@1ee5f59a{HTTP/1.1,[http/1.1]}{0.0.0.0:34455}
2019-06-13 03:55:57,073 INFO  server.Server (Server.java:doStart(419)) - Started @7047ms
2019-06-13 03:55:57,074 INFO  server.BaseHttpServer (BaseHttpServer.java:updateConnectorAddress(207)) - HTTP server of HDDSDATANODE is listening at http://0.0.0.0:34455
2019-06-13 03:55:57,200 INFO  ozone.HddsDatanodeService (HddsDatanodeService.java:startPlugins(396)) - Started plug-in org.apache.hadoop.ozone.web.OzoneHddsDatanodeService@30b3d899
2019-06-13 03:55:57,201 INFO  impl.MetricsSystemImpl (MetricsSystemImpl.java:init(158)) - HddsDatanode metrics system started (again)
2019-06-13 03:55:57,201 INFO  ozone.HddsDatanodeService (HddsDatanodeService.java:start(185)) - HddsDatanodeService host:ozone-dndsk-2842815781 ip:192.168.19.22
2019-06-13 03:55:57,214 INFO  util.JvmPauseMonitor (JvmPauseMonitor.java:run(188)) - Starting JVM pause monitor
2019-06-13 03:55:57,228 INFO  datanode.InitDatanodeState (InitDatanodeState.java:persistContainerDatanodeDetails(140)) - DatanodeDetails is persisted to /opt/src/hadoop-ozone/integration-test/target/test-dir/MiniOzoneClusterImpl-c76a3a2c-182a-4364-88ec-6f6c84ce1a63/datanode-4/meta/datanode.id
2019-06-13 03:55:57,231 INFO  volume.HddsVolume (HddsVolume.java:<init>(176)) - Creating Volume: /opt/src/hadoop-ozone/integration-test/target/test-dir/MiniOzoneClusterImpl-c76a3a2c-182a-4364-88ec-6f6c84ce1a63/datanode-5/data/containers/hdds of  storage type : DISK and capacity : 104021790720
2019-06-13 03:55:57,232 INFO  volume.VolumeSet (VolumeSet.java:initializeVolumeSet(170)) - Added Volume : /opt/src/hadoop-ozone/integration-test/target/test-dir/MiniOzoneClusterImpl-c76a3a2c-182a-4364-88ec-6f6c84ce1a63/datanode-5/data/containers/hdds to VolumeSet
2019-06-13 03:55:57,232 INFO  volume.ThrottledAsyncChecker (ThrottledAsyncChecker.java:schedule(140)) - Scheduling a check for org.apache.hadoop.ozone.container.common.volume.HddsVolume@20256a0b
2019-06-13 03:55:57,233 INFO  volume.HddsVolumeChecker (HddsVolumeChecker.java:checkAllVolumes(203)) - Scheduled health check for volume org.apache.hadoop.ozone.container.common.volume.HddsVolume@20256a0b
2019-06-13 03:55:57,242 INFO  ratis.XceiverServerRatis (XceiverServerRatis.java:newXceiverServerRatis(401)) - Found a free port for the server : 32917
2019-06-13 03:55:57,243 INFO  impl.RaftServerProxy (ConfUtils.java:logGet(43)) - raft.rpc.type = GRPC (default)
2019-06-13 03:55:57,244 INFO  grpc.GrpcConfigKeys$Server (ConfUtils.java:logGet(43)) - raft.grpc.server.port = 32917 (custom)
2019-06-13 03:55:57,244 INFO  server.GrpcService (ConfUtils.java:logGet(43)) - raft.grpc.message.size.max = 33570816 (custom)
2019-06-13 03:55:57,244 INFO  server.RaftServerConfigKeys (ConfUtils.java:logGet(43)) - raft.server.log.appender.buffer.byte-limit = 33554432 (custom)
2019-06-13 03:55:57,244 INFO  server.GrpcService (ConfUtils.java:logGet(43)) - raft.grpc.flow.control.window = 1MB (=1048576) (default)
2019-06-13 03:55:57,245 INFO  server.RaftServerConfigKeys (ConfUtils.java:logGet(43)) - raft.server.rpc.request.timeout = 3000ms (default)
2019-06-13 03:55:57,245 INFO  server.RaftServerConfigKeys (ConfUtils.java:logGet(43)) - raft.server.storage.dir = [/opt/src/hadoop-ozone/integration-test/target/test-dir/MiniOzoneClusterImpl-c76a3a2c-182a-4364-88ec-6f6c84ce1a63/datanode-5/data/ratis] (custom)
2019-06-13 03:55:57,246 INFO  server.XceiverServerGrpc (XceiverServerGrpc.java:<init>(97)) - Found a free port for the server : 39131
2019-06-13 03:55:57,246 INFO  replication.SimpleContainerDownloader (SimpleContainerDownloader.java:<init>(72)) - Starting container downloader service to copy containers to replicate.
2019-06-13 03:55:57,247 INFO  hdfs.DFSUtil (DFSUtil.java:httpServerTemplateForNNAndJN(1641)) - Starting Web-server for hddsDatanode at: http://0.0.0.0:0
2019-06-13 03:55:57,248 INFO  server.AuthenticationFilter (AuthenticationFilter.java:constructSecretProvider(240)) - Unable to initialize FileSignerSecretProvider, falling back to use random secrets.
2019-06-13 03:55:57,249 WARN  http.HttpRequestLog (HttpRequestLog.java:getRequestLog(97)) - Jetty request log can only be enabled using Log4j
2019-06-13 03:55:57,251 INFO  http.HttpServer2 (HttpServer2.java:addGlobalFilter(975)) - Added global filter 'safety' (class=org.apache.hadoop.http.HttpServer2$QuotingInputFilter)
2019-06-13 03:55:57,251 INFO  http.HttpServer2 (HttpServer2.java:addFilter(948)) - Added filter static_user_filter (class=org.apache.hadoop.http.lib.StaticUserWebFilter$StaticUserFilter) to context hddsDatanode
2019-06-13 03:55:57,251 INFO  http.HttpServer2 (HttpServer2.java:addFilter(958)) - Added filter static_user_filter (class=org.apache.hadoop.http.lib.StaticUserWebFilter$StaticUserFilter) to context static
2019-06-13 03:55:57,251 INFO  http.HttpServer2 (HttpServer2.java:addFilter(958)) - Added filter static_user_filter (class=org.apache.hadoop.http.lib.StaticUserWebFilter$StaticUserFilter) to context logs
2019-06-13 03:55:57,252 INFO  http.HttpServer2 (HttpServer2.java:bindListener(1191)) - Jetty bound to port 38197
2019-06-13 03:55:57,252 INFO  server.Server (Server.java:doStart(351)) - jetty-9.3.24.v20180605, build timestamp: 2018-06-05T17:11:56Z, git hash: 84205aa28f11a4f31f2a3b86d1bba2cc8ab69827
2019-06-13 03:55:57,253 INFO  handler.ContextHandler (ContextHandler.java:doStart(781)) - Started o.e.j.s.ServletContextHandler@54f6b629{/logs,file:///opt/src/hadoop-ozone/integration-test/target/log,AVAILABLE}
2019-06-13 03:55:57,254 INFO  handler.ContextHandler (ContextHandler.java:doStart(781)) - Started o.e.j.s.ServletContextHandler@3e43f049{/static,jar:file:/root/.m2/repository/org/apache/hadoop/hadoop-hdds-container-service/0.5.0-SNAPSHOT/hadoop-hdds-container-service-0.5.0-SNAPSHOT.jar!/webapps/static,AVAILABLE}
2019-06-13 03:55:57,276 INFO  handler.ContextHandler (ContextHandler.java:doStart(781)) - Started o.e.j.w.WebAppContext@788e3702{/,file:///tmp/jetty-0.0.0.0-38197-hddsDatanode-_-any-9048920777497192437.dir/webapp/,AVAILABLE}{/hddsDatanode}
2019-06-13 03:55:57,277 INFO  server.AbstractConnector (AbstractConnector.java:doStart(278)) - Started ServerConnector@d25e878{HTTP/1.1,[http/1.1]}{0.0.0.0:38197}
2019-06-13 03:55:57,277 INFO  server.Server (Server.java:doStart(419)) - Started @7251ms
2019-06-13 03:55:57,282 INFO  server.BaseHttpServer (BaseHttpServer.java:updateConnectorAddress(207)) - HTTP server of HDDSDATANODE is listening at http://0.0.0.0:38197
2019-06-13 03:55:57,403 INFO  ozone.HddsDatanodeService (HddsDatanodeService.java:startPlugins(396)) - Started plug-in org.apache.hadoop.ozone.web.OzoneHddsDatanodeService@25699aa7
2019-06-13 03:55:57,410 INFO  ozone.MiniOzoneClusterImpl (MiniOzoneClusterImpl.java:lambda$waitForClusterToBeReady$0(142)) - Waiting for cluster to be ready. Got 0 of 6 DN Heartbeats.
2019-06-13 03:55:57,413 INFO  util.JvmPauseMonitor (JvmPauseMonitor.java:run(188)) - Starting JVM pause monitor
2019-06-13 03:55:57,414 INFO  datanode.InitDatanodeState (InitDatanodeState.java:persistContainerDatanodeDetails(140)) - DatanodeDetails is persisted to /opt/src/hadoop-ozone/integration-test/target/test-dir/MiniOzoneClusterImpl-c76a3a2c-182a-4364-88ec-6f6c84ce1a63/datanode-5/meta/datanode.id
2019-06-13 03:55:58,009 INFO  ozoneimpl.OzoneContainer (OzoneContainer.java:start(186)) - Attempting to start container services.
2019-06-13 03:55:58,010 INFO  ozoneimpl.OzoneContainer (OzoneContainer.java:startContainerScrub(160)) - Background container scrubber has been disabled by hdds.containerscrub.enabled
2019-06-13 03:55:58,010 INFO  ratis.XceiverServerRatis (XceiverServerRatis.java:start(418)) - Starting XceiverServerRatis 33202acd-1a8c-41d7-b7d7-b00c34602f9b at port 35261
2019-06-13 03:55:58,023 INFO  impl.RaftServerProxy (RaftServerProxy.java:lambda$start$3(299)) - 33202acd-1a8c-41d7-b7d7-b00c34602f9b: start RPC server
2019-06-13 03:55:58,154 INFO  server.GrpcService (GrpcService.java:startImpl(148)) - 33202acd-1a8c-41d7-b7d7-b00c34602f9b: GrpcService started, listening on 0.0.0.0/0.0.0.0:35261
2019-06-13 03:55:58,410 INFO  ozone.MiniOzoneClusterImpl (MiniOzoneClusterImpl.java:lambda$waitForClusterToBeReady$0(142)) - Waiting for cluster to be ready. Got 0 of 6 DN Heartbeats.
2019-06-13 03:55:58,498 INFO  ozoneimpl.OzoneContainer (OzoneContainer.java:start(186)) - Attempting to start container services.
2019-06-13 03:55:58,500 INFO  ozoneimpl.OzoneContainer (OzoneContainer.java:startContainerScrub(160)) - Background container scrubber has been disabled by hdds.containerscrub.enabled
2019-06-13 03:55:58,500 INFO  ratis.XceiverServerRatis (XceiverServerRatis.java:start(418)) - Starting XceiverServerRatis 465f52f6-fda4-4ad8-972d-c5f573af6500 at port 46167
2019-06-13 03:55:58,505 INFO  impl.RaftServerProxy (RaftServerProxy.java:lambda$start$3(299)) - 465f52f6-fda4-4ad8-972d-c5f573af6500: start RPC server
2019-06-13 03:55:58,507 INFO  server.GrpcService (GrpcService.java:startImpl(148)) - 465f52f6-fda4-4ad8-972d-c5f573af6500: GrpcService started, listening on 0.0.0.0/0.0.0.0:46167
2019-06-13 03:55:58,738 INFO  ozoneimpl.OzoneContainer (OzoneContainer.java:start(186)) - Attempting to start container services.
2019-06-13 03:55:58,739 INFO  ozoneimpl.OzoneContainer (OzoneContainer.java:startContainerScrub(160)) - Background container scrubber has been disabled by hdds.containerscrub.enabled
2019-06-13 03:55:58,740 INFO  ratis.XceiverServerRatis (XceiverServerRatis.java:start(418)) - Starting XceiverServerRatis 6e95da1e-678d-4c06-b40b-d7aba027492b at port 40523
2019-06-13 03:55:58,747 INFO  impl.RaftServerProxy (RaftServerProxy.java:lambda$start$3(299)) - 6e95da1e-678d-4c06-b40b-d7aba027492b: start RPC server
2019-06-13 03:55:58,750 INFO  server.GrpcService (GrpcService.java:startImpl(148)) - 6e95da1e-678d-4c06-b40b-d7aba027492b: GrpcService started, listening on 0.0.0.0/0.0.0.0:40523
2019-06-13 03:55:58,991 INFO  ozoneimpl.OzoneContainer (OzoneContainer.java:start(186)) - Attempting to start container services.
2019-06-13 03:55:58,993 INFO  ozoneimpl.OzoneContainer (OzoneContainer.java:startContainerScrub(160)) - Background container scrubber has been disabled by hdds.containerscrub.enabled
2019-06-13 03:55:58,993 INFO  ratis.XceiverServerRatis (XceiverServerRatis.java:start(418)) - Starting XceiverServerRatis 92ce1048-bf61-49d1-a757-d6c40b9089fd at port 35115
2019-06-13 03:55:58,998 INFO  impl.RaftServerProxy (RaftServerProxy.java:lambda$start$3(299)) - 92ce1048-bf61-49d1-a757-d6c40b9089fd: start RPC server
2019-06-13 03:55:59,000 INFO  server.GrpcService (GrpcService.java:startImpl(148)) - 92ce1048-bf61-49d1-a757-d6c40b9089fd: GrpcService started, listening on 0.0.0.0/0.0.0.0:35115
2019-06-13 03:55:59,219 INFO  ozoneimpl.OzoneContainer (OzoneContainer.java:start(186)) - Attempting to start container services.
2019-06-13 03:55:59,220 INFO  ozoneimpl.OzoneContainer (OzoneContainer.java:startContainerScrub(160)) - Background container scrubber has been disabled by hdds.containerscrub.enabled
2019-06-13 03:55:59,221 INFO  ratis.XceiverServerRatis (XceiverServerRatis.java:start(418)) - Starting XceiverServerRatis 7325cea1-d1b7-4165-a419-397d8ae17b8e at port 35277
2019-06-13 03:55:59,230 INFO  impl.RaftServerProxy (RaftServerProxy.java:lambda$start$3(299)) - 7325cea1-d1b7-4165-a419-397d8ae17b8e: start RPC server
2019-06-13 03:55:59,233 INFO  server.GrpcService (GrpcService.java:startImpl(148)) - 7325cea1-d1b7-4165-a419-397d8ae17b8e: GrpcService started, listening on 0.0.0.0/0.0.0.0:35277
2019-06-13 03:55:59,410 INFO  ozone.MiniOzoneClusterImpl (MiniOzoneClusterImpl.java:lambda$waitForClusterToBeReady$0(142)) - Waiting for cluster to be ready. Got 0 of 6 DN Heartbeats.
2019-06-13 03:55:59,418 INFO  ozoneimpl.OzoneContainer (OzoneContainer.java:start(186)) - Attempting to start container services.
2019-06-13 03:55:59,420 INFO  ozoneimpl.OzoneContainer (OzoneContainer.java:startContainerScrub(160)) - Background container scrubber has been disabled by hdds.containerscrub.enabled
2019-06-13 03:55:59,420 INFO  ratis.XceiverServerRatis (XceiverServerRatis.java:start(418)) - Starting XceiverServerRatis c9580194-944b-4fbc-a245-7728cc5bd6a6 at port 32917
2019-06-13 03:55:59,423 INFO  impl.RaftServerProxy (RaftServerProxy.java:lambda$start$3(299)) - c9580194-944b-4fbc-a245-7728cc5bd6a6: start RPC server
2019-06-13 03:55:59,428 INFO  server.GrpcService (GrpcService.java:startImpl(148)) - c9580194-944b-4fbc-a245-7728cc5bd6a6: GrpcService started, listening on 0.0.0.0/0.0.0.0:32917
2019-06-13 03:56:00,007 INFO  node.SCMNodeManager (SCMNodeManager.java:register(234)) - Registered Data node : 33202acd-1a8c-41d7-b7d7-b00c34602f9b{ip: 192.168.19.22, host: ozone-dndsk-2842815781, networkLocation: /default-rack, certSerialId: null}
2019-06-13 03:56:00,014 INFO  safemode.SCMSafeModeManager (DataNodeSafeModeRule.java:process(71)) - SCM in safe mode. 1 DataNodes registered, 1 required.
2019-06-13 03:56:00,014 INFO  safemode.SCMSafeModeManager (SCMSafeModeManager.java:validateSafeModeExitRules(177)) - ScmSafeModeManager, all rules are successfully validated
2019-06-13 03:56:00,014 INFO  safemode.SCMSafeModeManager (SCMSafeModeManager.java:exitSafeMode(193)) - SCM exiting safe mode.
2019-06-13 03:56:00,411 INFO  ozone.MiniOzoneClusterImpl (MiniOzoneClusterImpl.java:lambda$waitForClusterToBeReady$0(142)) - Waiting for cluster to be ready. Got 1 of 6 DN Heartbeats.
2019-06-13 03:56:00,470 INFO  impl.RaftServerProxy (RaftServerProxy.java:addNew(89)) - 33202acd-1a8c-41d7-b7d7-b00c34602f9b: addNew group-8B01A5E769FD:[33202acd-1a8c-41d7-b7d7-b00c34602f9b:192.168.19.22:35261] returns group-8B01A5E769FD:java.util.concurrent.CompletableFuture@2dcf1110[Not completed]
2019-06-13 03:56:00,503 INFO  node.SCMNodeManager (SCMNodeManager.java:register(234)) - Registered Data node : 465f52f6-fda4-4ad8-972d-c5f573af6500{ip: 192.168.19.22, host: ozone-dndsk-2842815781, networkLocation: /default-rack, certSerialId: null}
2019-06-13 03:56:00,505 INFO  impl.RaftServerImpl (RaftServerImpl.java:<init>(91)) - 33202acd-1a8c-41d7-b7d7-b00c34602f9b: new RaftServerImpl for group-8B01A5E769FD:[33202acd-1a8c-41d7-b7d7-b00c34602f9b:192.168.19.22:35261] with ContainerStateMachine:uninitialized
2019-06-13 03:56:00,513 INFO  server.RaftServerConfigKeys (ConfUtils.java:logGet(43)) - raft.server.rpc.timeout.min = 1s (custom)
2019-06-13 03:56:00,515 INFO  server.RaftServerConfigKeys (ConfUtils.java:logGet(43)) - raft.server.rpc.timeout.max = 1200ms (custom)
2019-06-13 03:56:00,515 INFO  server.RaftServerConfigKeys (ConfUtils.java:logGet(43)) - raft.server.rpcslowness.timeout = 10s (custom)
2019-06-13 03:56:00,516 INFO  server.RaftServerConfigKeys (ConfUtils.java:logGet(43)) - raft.server.log.appender.install.snapshot.enabled = true (default)
2019-06-13 03:56:00,523 INFO  impl.RaftServerImpl (ServerState.java:<init>(101)) - 33202acd-1a8c-41d7-b7d7-b00c34602f9b:group-8B01A5E769FD ConfigurationManager, init=-1: [33202acd-1a8c-41d7-b7d7-b00c34602f9b:192.168.19.22:35261], old=null, confs=<EMPTY_MAP>
2019-06-13 03:56:00,523 INFO  server.RaftServerConfigKeys (ConfUtils.java:logGet(43)) - raft.server.storage.dir = [/opt/src/hadoop-ozone/integration-test/target/test-dir/MiniOzoneClusterImpl-c76a3a2c-182a-4364-88ec-6f6c84ce1a63/datanode-0/data/ratis] (custom)
2019-06-13 03:56:00,530 INFO  storage.RaftStorageDirectory (RaftStorageDirectory.java:analyzeStorage(246)) - The storage directory /opt/src/hadoop-ozone/integration-test/target/test-dir/MiniOzoneClusterImpl-c76a3a2c-182a-4364-88ec-6f6c84ce1a63/datanode-0/data/ratis/a34f0293-a24c-4e00-9fc2-8b01a5e769fd does not exist. Creating ...
2019-06-13 03:56:00,538 INFO  storage.RaftStorageDirectory (RaftStorageDirectory.java:tryLock(328)) - Lock on /opt/src/hadoop-ozone/integration-test/target/test-dir/MiniOzoneClusterImpl-c76a3a2c-182a-4364-88ec-6f6c84ce1a63/datanode-0/data/ratis/a34f0293-a24c-4e00-9fc2-8b01a5e769fd/in_use.lock acquired by nodename 10176@ozone-dndsk-2842815781
2019-06-13 03:56:00,542 INFO  storage.RaftStorage (RaftStorage.java:format(75)) - Storage directory /opt/src/hadoop-ozone/integration-test/target/test-dir/MiniOzoneClusterImpl-c76a3a2c-182a-4364-88ec-6f6c84ce1a63/datanode-0/data/ratis/a34f0293-a24c-4e00-9fc2-8b01a5e769fd has been successfully formatted.
2019-06-13 03:56:00,544 INFO  ratis.ContainerStateMachine (ContainerStateMachine.java:loadSnapshot(199)) - The snapshot info is null.Setting the last applied index to:(t:0, i:~)
2019-06-13 03:56:00,544 INFO  server.RaftServerConfigKeys (ConfUtils.java:logGet(43)) - raft.server.leader.election.timeout = 10s (custom)
2019-06-13 03:56:00,553 INFO  server.RaftServerConfigKeys (ConfUtils.java:logGet(43)) - raft.server.log.use.memory = false (default)
2019-06-13 03:56:00,768 INFO  node.SCMNodeManager (SCMNodeManager.java:register(234)) - Registered Data node : 6e95da1e-678d-4c06-b40b-d7aba027492b{ip: 192.168.19.22, host: ozone-dndsk-2842815781, networkLocation: /default-rack, certSerialId: null}
2019-06-13 03:56:00,783 INFO  server.RaftServerConfigKeys (ConfUtils.java:logGet(43)) - raft.server.log.appender.buffer.byte-limit = 33554432 (custom)
2019-06-13 03:56:00,790 INFO  server.RaftServerConfigKeys (ConfUtils.java:logGet(43)) - raft.server.log.segment.size.max = 16384 (custom)
2019-06-13 03:56:00,807 INFO  server.RaftServerConfigKeys (ConfUtils.java:logGet(43)) - raft.server.log.segment.cache.num.max = 2 (custom)
2019-06-13 03:56:00,811 INFO  storage.RaftLogWorker (RaftLogWorker.java:<init>(123)) - new 33202acd-1a8c-41d7-b7d7-b00c34602f9b-RaftLogWorker for Storage Directory /opt/src/hadoop-ozone/integration-test/target/test-dir/MiniOzoneClusterImpl-c76a3a2c-182a-4364-88ec-6f6c84ce1a63/datanode-0/data/ratis/a34f0293-a24c-4e00-9fc2-8b01a5e769fd
2019-06-13 03:56:00,811 INFO  server.RaftServerConfigKeys (ConfUtils.java:logGet(43)) - raft.server.log.queue.byte-limit = 2147483647 (custom)
2019-06-13 03:56:00,812 INFO  server.RaftServerConfigKeys (ConfUtils.java:logGet(43)) - raft.server.log.queue.element-limit = 1024 (custom)
2019-06-13 03:56:00,814 INFO  server.RaftServerConfigKeys (ConfUtils.java:logGet(43)) - raft.server.log.segment.size.max = 16384 (custom)
2019-06-13 03:56:00,814 INFO  server.RaftServerConfigKeys (ConfUtils.java:logGet(43)) - raft.server.log.preallocated.size = 16384 (custom)
2019-06-13 03:56:00,815 INFO  server.RaftServerConfigKeys (ConfUtils.java:logGet(43)) - raft.server.log.write.buffer.size = 33554432 (custom)
2019-06-13 03:56:00,816 INFO  server.RaftServerConfigKeys (ConfUtils.java:logGet(43)) - raft.server.log.force.sync.num = 128 (default)
2019-06-13 03:56:00,817 INFO  server.RaftServerConfigKeys (ConfUtils.java:logGet(43)) - raft.server.log.statemachine.data.sync = true (default)
2019-06-13 03:56:00,817 INFO  server.RaftServerConfigKeys (ConfUtils.java:logGet(43)) - raft.server.log.statemachine.data.sync.timeout = 10s (default)
2019-06-13 03:56:00,818 INFO  server.RaftServerConfigKeys (ConfUtils.java:logGet(43)) - raft.server.log.statemachine.data.sync.timeout.retry = -1 (default)
2019-06-13 03:56:00,838 INFO  server.RaftServerConfigKeys (ConfUtils.java:logGet(43)) - raft.server.log.statemachine.data.caching.enabled = true (custom)
2019-06-13 03:56:00,859 INFO  server.RaftServerConfigKeys (ConfUtils.java:logGet(43)) - raft.server.snapshot.auto.trigger.enabled = true (custom)
2019-06-13 03:56:00,860 INFO  server.RaftServerConfigKeys (ConfUtils.java:logGet(43)) - raft.server.snapshot.auto.trigger.threshold = 10000 (custom)
2019-06-13 03:56:00,861 INFO  server.RaftServerConfigKeys (ConfUtils.java:logGet(43)) - raft.server.retrycache.expirytime = 600000ms (custom)
2019-06-13 03:56:00,905 INFO  impl.RaftServerImpl (RaftServerImpl.java:start(173)) - 33202acd-1a8c-41d7-b7d7-b00c34602f9b: start group-8B01A5E769FD
2019-06-13 03:56:00,906 INFO  impl.RaftServerImpl (RaftServerImpl.java:setRole(164)) - 33202acd-1a8c-41d7-b7d7-b00c34602f9b:group-8B01A5E769FD changes role from null to FOLLOWER at term 0 for startAsFollower
2019-06-13 03:56:00,910 INFO  impl.RoleInfo (RoleInfo.java:updateAndGet(143)) - 33202acd-1a8c-41d7-b7d7-b00c34602f9b: start FollowerState
2019-06-13 03:56:00,925 INFO  util.JmxRegister (JmxRegister.java:tryRegister(44)) - Successfully registered JMX Bean with object name Ratis:service=RaftServer,group=group-8B01A5E769FD,id=33202acd-1a8c-41d7-b7d7-b00c34602f9b
2019-06-13 03:56:01,004 INFO  pipeline.PipelineStateManager (PipelineStateManager.java:addPipeline(56)) - Created pipeline Pipeline[ Id: a34f0293-a24c-4e00-9fc2-8b01a5e769fd, Nodes: 33202acd-1a8c-41d7-b7d7-b00c34602f9b{ip: 192.168.19.22, host: ozone-dndsk-2842815781, networkLocation: /default-rack, certSerialId: null}, Type:RATIS, Factor:ONE, State:OPEN]
2019-06-13 03:56:01,007 INFO  node.SCMNodeManager (SCMNodeManager.java:register(234)) - Registered Data node : 92ce1048-bf61-49d1-a757-d6c40b9089fd{ip: 192.168.19.22, host: ozone-dndsk-2842815781, networkLocation: /default-rack, certSerialId: null}
2019-06-13 03:56:01,063 INFO  impl.RaftServerProxy (RaftServerProxy.java:addNew(89)) - 465f52f6-fda4-4ad8-972d-c5f573af6500: addNew group-2017404E48B6:[465f52f6-fda4-4ad8-972d-c5f573af6500:192.168.19.22:46167] returns group-2017404E48B6:java.util.concurrent.CompletableFuture@7e92219c[Not completed]
2019-06-13 03:56:01,065 INFO  impl.RaftServerImpl (RaftServerImpl.java:<init>(91)) - 465f52f6-fda4-4ad8-972d-c5f573af6500: new RaftServerImpl for group-2017404E48B6:[465f52f6-fda4-4ad8-972d-c5f573af6500:192.168.19.22:46167] with ContainerStateMachine:uninitialized
2019-06-13 03:56:01,068 INFO  server.RaftServerConfigKeys (ConfUtils.java:logGet(43)) - raft.server.rpc.timeout.min = 1s (custom)
2019-06-13 03:56:01,070 INFO  server.RaftServerConfigKeys (ConfUtils.java:logGet(43)) - raft.server.rpc.timeout.max = 1200ms (custom)
2019-06-13 03:56:01,070 INFO  server.RaftServerConfigKeys (ConfUtils.java:logGet(43)) - raft.server.rpcslowness.timeout = 10s (custom)
2019-06-13 03:56:01,070 INFO  server.RaftServerConfigKeys (ConfUtils.java:logGet(43)) - raft.server.log.appender.install.snapshot.enabled = true (default)
2019-06-13 03:56:01,070 INFO  impl.RaftServerImpl (ServerState.java:<init>(101)) - 465f52f6-fda4-4ad8-972d-c5f573af6500:group-2017404E48B6 ConfigurationManager, init=-1: [465f52f6-fda4-4ad8-972d-c5f573af6500:192.168.19.22:46167], old=null, confs=<EMPTY_MAP>
2019-06-13 03:56:01,071 INFO  server.RaftServerConfigKeys (ConfUtils.java:logGet(43)) - raft.server.storage.dir = [/opt/src/hadoop-ozone/integration-test/target/test-dir/MiniOzoneClusterImpl-c76a3a2c-182a-4364-88ec-6f6c84ce1a63/datanode-1/data/ratis] (custom)
2019-06-13 03:56:01,072 INFO  storage.RaftStorageDirectory (RaftStorageDirectory.java:analyzeStorage(246)) - The storage directory /opt/src/hadoop-ozone/integration-test/target/test-dir/MiniOzoneClusterImpl-c76a3a2c-182a-4364-88ec-6f6c84ce1a63/datanode-1/data/ratis/9a82c90a-565b-455a-8fb3-2017404e48b6 does not exist. Creating ...
2019-06-13 03:56:01,075 INFO  storage.RaftStorageDirectory (RaftStorageDirectory.java:tryLock(328)) - Lock on /opt/src/hadoop-ozone/integration-test/target/test-dir/MiniOzoneClusterImpl-c76a3a2c-182a-4364-88ec-6f6c84ce1a63/datanode-1/data/ratis/9a82c90a-565b-455a-8fb3-2017404e48b6/in_use.lock acquired by nodename 10176@ozone-dndsk-2842815781
2019-06-13 03:56:01,077 INFO  storage.RaftStorage (RaftStorage.java:format(75)) - Storage directory /opt/src/hadoop-ozone/integration-test/target/test-dir/MiniOzoneClusterImpl-c76a3a2c-182a-4364-88ec-6f6c84ce1a63/datanode-1/data/ratis/9a82c90a-565b-455a-8fb3-2017404e48b6 has been successfully formatted.
2019-06-13 03:56:01,078 INFO  ratis.ContainerStateMachine (ContainerStateMachine.java:loadSnapshot(199)) - The snapshot info is null.Setting the last applied index to:(t:0, i:~)
2019-06-13 03:56:01,078 INFO  server.RaftServerConfigKeys (ConfUtils.java:logGet(43)) - raft.server.leader.election.timeout = 10s (custom)
2019-06-13 03:56:01,078 INFO  server.RaftServerConfigKeys (ConfUtils.java:logGet(43)) - raft.server.log.use.memory = false (default)
2019-06-13 03:56:01,078 INFO  server.RaftServerConfigKeys (ConfUtils.java:logGet(43)) - raft.server.log.appender.buffer.byte-limit = 33554432 (custom)
2019-06-13 03:56:01,085 INFO  server.RaftServerConfigKeys (ConfUtils.java:logGet(43)) - raft.server.log.segment.size.max = 16384 (custom)
2019-06-13 03:56:01,086 INFO  server.RaftServerConfigKeys (ConfUtils.java:logGet(43)) - raft.server.log.segment.cache.num.max = 2 (custom)
2019-06-13 03:56:01,086 INFO  storage.RaftLogWorker (RaftLogWorker.java:<init>(123)) - new 465f52f6-fda4-4ad8-972d-c5f573af6500-RaftLogWorker for Storage Directory /opt/src/hadoop-ozone/integration-test/target/test-dir/MiniOzoneClusterImpl-c76a3a2c-182a-4364-88ec-6f6c84ce1a63/datanode-1/data/ratis/9a82c90a-565b-455a-8fb3-2017404e48b6
2019-06-13 03:56:01,087 INFO  server.RaftServerConfigKeys (ConfUtils.java:logGet(43)) - raft.server.log.queue.byte-limit = 2147483647 (custom)
2019-06-13 03:56:01,087 INFO  server.RaftServerConfigKeys (ConfUtils.java:logGet(43)) - raft.server.log.queue.element-limit = 1024 (custom)
2019-06-13 03:56:01,088 INFO  server.RaftServerConfigKeys (ConfUtils.java:logGet(43)) - raft.server.log.segment.size.max = 16384 (custom)
2019-06-13 03:56:01,088 INFO  server.RaftServerConfigKeys (ConfUtils.java:logGet(43)) - raft.server.log.preallocated.size = 16384 (custom)
2019-06-13 03:56:01,090 INFO  server.RaftServerConfigKeys (ConfUtils.java:logGet(43)) - raft.server.log.write.buffer.size = 33554432 (custom)
2019-06-13 03:56:01,090 INFO  server.RaftServerConfigKeys (ConfUtils.java:logGet(43)) - raft.server.log.force.sync.num = 128 (default)
2019-06-13 03:56:01,090 INFO  server.RaftServerConfigKeys (ConfUtils.java:logGet(43)) - raft.server.log.statemachine.data.sync = true (default)
2019-06-13 03:56:01,097 INFO  server.RaftServerConfigKeys (ConfUtils.java:logGet(43)) - raft.server.log.statemachine.data.sync.timeout = 10s (default)
2019-06-13 03:56:01,098 INFO  server.RaftServerConfigKeys (ConfUtils.java:logGet(43)) - raft.server.log.statemachine.data.sync.timeout.retry = -1 (default)
2019-06-13 03:56:01,098 INFO  server.RaftServerConfigKeys (ConfUtils.java:logGet(43)) - raft.server.log.statemachine.data.caching.enabled = true (custom)
2019-06-13 03:56:01,098 INFO  server.RaftServerConfigKeys (ConfUtils.java:logGet(43)) - raft.server.snapshot.auto.trigger.enabled = true (custom)
2019-06-13 03:56:01,098 INFO  server.RaftServerConfigKeys (ConfUtils.java:logGet(43)) - raft.server.snapshot.auto.trigger.threshold = 10000 (custom)
2019-06-13 03:56:01,099 INFO  server.RaftServerConfigKeys (ConfUtils.java:logGet(43)) - raft.server.retrycache.expirytime = 600000ms (custom)
2019-06-13 03:56:01,099 INFO  impl.RaftServerImpl (RaftServerImpl.java:start(173)) - 465f52f6-fda4-4ad8-972d-c5f573af6500: start group-2017404E48B6
2019-06-13 03:56:01,099 INFO  impl.RaftServerImpl (RaftServerImpl.java:setRole(164)) - 465f52f6-fda4-4ad8-972d-c5f573af6500:group-2017404E48B6 changes role from null to FOLLOWER at term 0 for startAsFollower
2019-06-13 03:56:01,099 INFO  impl.RoleInfo (RoleInfo.java:updateAndGet(143)) - 465f52f6-fda4-4ad8-972d-c5f573af6500: start FollowerState
2019-06-13 03:56:01,103 INFO  util.JmxRegister (JmxRegister.java:tryRegister(44)) - Successfully registered JMX Bean with object name Ratis:service=RaftServer,group=group-2017404E48B6,id=465f52f6-fda4-4ad8-972d-c5f573af6500
2019-06-13 03:56:01,118 INFO  pipeline.PipelineStateManager (PipelineStateManager.java:addPipeline(56)) - Created pipeline Pipeline[ Id: 9a82c90a-565b-455a-8fb3-2017404e48b6, Nodes: 465f52f6-fda4-4ad8-972d-c5f573af6500{ip: 192.168.19.22, host: ozone-dndsk-2842815781, networkLocation: /default-rack, certSerialId: null}, Type:RATIS, Factor:ONE, State:OPEN]
2019-06-13 03:56:01,133 INFO  impl.RaftServerProxy (RaftServerProxy.java:addNew(89)) - 92ce1048-bf61-49d1-a757-d6c40b9089fd: addNew group-CBB0E5BF55CC:[92ce1048-bf61-49d1-a757-d6c40b9089fd:192.168.19.22:35115] returns group-CBB0E5BF55CC:java.util.concurrent.CompletableFuture@799e3d99[Not completed]
2019-06-13 03:56:01,167 INFO  impl.RaftServerImpl (RaftServerImpl.java:<init>(91)) - 92ce1048-bf61-49d1-a757-d6c40b9089fd: new RaftServerImpl for group-CBB0E5BF55CC:[92ce1048-bf61-49d1-a757-d6c40b9089fd:192.168.19.22:35115] with ContainerStateMachine:uninitialized
2019-06-13 03:56:01,168 INFO  server.RaftServerConfigKeys (ConfUtils.java:logGet(43)) - raft.server.rpc.timeout.min = 1s (custom)
2019-06-13 03:56:01,168 INFO  server.RaftServerConfigKeys (ConfUtils.java:logGet(43)) - raft.server.rpc.timeout.max = 1200ms (custom)
2019-06-13 03:56:01,168 INFO  server.RaftServerConfigKeys (ConfUtils.java:logGet(43)) - raft.server.rpcslowness.timeout = 10s (custom)
2019-06-13 03:56:01,168 INFO  server.RaftServerConfigKeys (ConfUtils.java:logGet(43)) - raft.server.log.appender.install.snapshot.enabled = true (default)
2019-06-13 03:56:01,168 INFO  impl.RaftServerImpl (ServerState.java:<init>(101)) - 92ce1048-bf61-49d1-a757-d6c40b9089fd:group-CBB0E5BF55CC ConfigurationManager, init=-1: [92ce1048-bf61-49d1-a757-d6c40b9089fd:192.168.19.22:35115], old=null, confs=<EMPTY_MAP>
2019-06-13 03:56:01,168 INFO  server.RaftServerConfigKeys (ConfUtils.java:logGet(43)) - raft.server.storage.dir = [/opt/src/hadoop-ozone/integration-test/target/test-dir/MiniOzoneClusterImpl-c76a3a2c-182a-4364-88ec-6f6c84ce1a63/datanode-3/data/ratis] (custom)
2019-06-13 03:56:01,169 INFO  storage.RaftStorageDirectory (RaftStorageDirectory.java:analyzeStorage(246)) - The storage directory /opt/src/hadoop-ozone/integration-test/target/test-dir/MiniOzoneClusterImpl-c76a3a2c-182a-4364-88ec-6f6c84ce1a63/datanode-3/data/ratis/1d3a1e99-b337-4c73-8989-cbb0e5bf55cc does not exist. Creating ...
2019-06-13 03:56:01,172 INFO  storage.RaftStorageDirectory (RaftStorageDirectory.java:tryLock(328)) - Lock on /opt/src/hadoop-ozone/integration-test/target/test-dir/MiniOzoneClusterImpl-c76a3a2c-182a-4364-88ec-6f6c84ce1a63/datanode-3/data/ratis/1d3a1e99-b337-4c73-8989-cbb0e5bf55cc/in_use.lock acquired by nodename 10176@ozone-dndsk-2842815781
2019-06-13 03:56:01,175 INFO  storage.RaftStorage (RaftStorage.java:format(75)) - Storage directory /opt/src/hadoop-ozone/integration-test/target/test-dir/MiniOzoneClusterImpl-c76a3a2c-182a-4364-88ec-6f6c84ce1a63/datanode-3/data/ratis/1d3a1e99-b337-4c73-8989-cbb0e5bf55cc has been successfully formatted.
2019-06-13 03:56:01,176 INFO  ratis.ContainerStateMachine (ContainerStateMachine.java:loadSnapshot(199)) - The snapshot info is null.Setting the last applied index to:(t:0, i:~)
2019-06-13 03:56:01,177 INFO  server.RaftServerConfigKeys (ConfUtils.java:logGet(43)) - raft.server.leader.election.timeout = 10s (custom)
2019-06-13 03:56:01,177 INFO  server.RaftServerConfigKeys (ConfUtils.java:logGet(43)) - raft.server.log.use.memory = false (default)
2019-06-13 03:56:01,178 INFO  server.RaftServerConfigKeys (ConfUtils.java:logGet(43)) - raft.server.log.appender.buffer.byte-limit = 33554432 (custom)
2019-06-13 03:56:01,178 INFO  server.RaftServerConfigKeys (ConfUtils.java:logGet(43)) - raft.server.log.segment.size.max = 16384 (custom)
2019-06-13 03:56:01,178 INFO  server.RaftServerConfigKeys (ConfUtils.java:logGet(43)) - raft.server.log.segment.cache.num.max = 2 (custom)
2019-06-13 03:56:01,178 INFO  storage.RaftLogWorker (RaftLogWorker.java:<init>(123)) - new 92ce1048-bf61-49d1-a757-d6c40b9089fd-RaftLogWorker for Storage Directory /opt/src/hadoop-ozone/integration-test/target/test-dir/MiniOzoneClusterImpl-c76a3a2c-182a-4364-88ec-6f6c84ce1a63/datanode-3/data/ratis/1d3a1e99-b337-4c73-8989-cbb0e5bf55cc
2019-06-13 03:56:01,178 INFO  server.RaftServerConfigKeys (ConfUtils.java:logGet(43)) - raft.server.log.queue.byte-limit = 2147483647 (custom)
2019-06-13 03:56:01,178 INFO  server.RaftServerConfigKeys (ConfUtils.java:logGet(43)) - raft.server.log.queue.element-limit = 1024 (custom)
2019-06-13 03:56:01,178 INFO  server.RaftServerConfigKeys (ConfUtils.java:logGet(43)) - raft.server.log.segment.size.max = 16384 (custom)
2019-06-13 03:56:01,178 INFO  server.RaftServerConfigKeys (ConfUtils.java:logGet(43)) - raft.server.log.preallocated.size = 16384 (custom)
2019-06-13 03:56:01,178 INFO  server.RaftServerConfigKeys (ConfUtils.java:logGet(43)) - raft.server.log.write.buffer.size = 33554432 (custom)
2019-06-13 03:56:01,179 INFO  server.RaftServerConfigKeys (ConfUtils.java:logGet(43)) - raft.server.log.force.sync.num = 128 (default)
2019-06-13 03:56:01,179 INFO  server.RaftServerConfigKeys (ConfUtils.java:logGet(43)) - raft.server.log.statemachine.data.sync = true (default)
2019-06-13 03:56:01,179 INFO  server.RaftServerConfigKeys (ConfUtils.java:logGet(43)) - raft.server.log.statemachine.data.sync.timeout = 10s (default)
2019-06-13 03:56:01,179 INFO  server.RaftServerConfigKeys (ConfUtils.java:logGet(43)) - raft.server.log.statemachine.data.sync.timeout.retry = -1 (default)
2019-06-13 03:56:01,179 INFO  server.RaftServerConfigKeys (ConfUtils.java:logGet(43)) - raft.server.log.statemachine.data.caching.enabled = true (custom)
2019-06-13 03:56:01,180 INFO  server.RaftServerConfigKeys (ConfUtils.java:logGet(43)) - raft.server.snapshot.auto.trigger.enabled = true (custom)
2019-06-13 03:56:01,180 INFO  server.RaftServerConfigKeys (ConfUtils.java:logGet(43)) - raft.server.snapshot.auto.trigger.threshold = 10000 (custom)
2019-06-13 03:56:01,180 INFO  server.RaftServerConfigKeys (ConfUtils.java:logGet(43)) - raft.server.retrycache.expirytime = 600000ms (custom)
2019-06-13 03:56:01,180 INFO  impl.RaftServerImpl (RaftServerImpl.java:start(173)) - 92ce1048-bf61-49d1-a757-d6c40b9089fd: start group-CBB0E5BF55CC
2019-06-13 03:56:01,180 INFO  impl.RaftServerImpl (RaftServerImpl.java:setRole(164)) - 92ce1048-bf61-49d1-a757-d6c40b9089fd:group-CBB0E5BF55CC changes role from null to FOLLOWER at term 0 for startAsFollower
2019-06-13 03:56:01,180 INFO  impl.RoleInfo (RoleInfo.java:updateAndGet(143)) - 92ce1048-bf61-49d1-a757-d6c40b9089fd: start FollowerState
2019-06-13 03:56:01,180 INFO  util.JmxRegister (JmxRegister.java:tryRegister(44)) - Successfully registered JMX Bean with object name Ratis:service=RaftServer,group=group-CBB0E5BF55CC,id=92ce1048-bf61-49d1-a757-d6c40b9089fd
2019-06-13 03:56:01,194 INFO  pipeline.PipelineStateManager (PipelineStateManager.java:addPipeline(56)) - Created pipeline Pipeline[ Id: 1d3a1e99-b337-4c73-8989-cbb0e5bf55cc, Nodes: 92ce1048-bf61-49d1-a757-d6c40b9089fd{ip: 192.168.19.22, host: ozone-dndsk-2842815781, networkLocation: /default-rack, certSerialId: null}, Type:RATIS, Factor:ONE, State:OPEN]
2019-06-13 03:56:01,220 INFO  node.SCMNodeManager (SCMNodeManager.java:register(234)) - Registered Data node : 7325cea1-d1b7-4165-a419-397d8ae17b8e{ip: 192.168.19.22, host: ozone-dndsk-2842815781, networkLocation: /default-rack, certSerialId: null}
2019-06-13 03:56:01,226 INFO  impl.RaftServerProxy (RaftServerProxy.java:addNew(89)) - 6e95da1e-678d-4c06-b40b-d7aba027492b: addNew group-5B23FE865B5D:[6e95da1e-678d-4c06-b40b-d7aba027492b:192.168.19.22:40523] returns group-5B23FE865B5D:java.util.concurrent.CompletableFuture@1e5db7c[Not completed]
2019-06-13 03:56:01,233 INFO  impl.RaftServerImpl (RaftServerImpl.java:<init>(91)) - 6e95da1e-678d-4c06-b40b-d7aba027492b: new RaftServerImpl for group-5B23FE865B5D:[6e95da1e-678d-4c06-b40b-d7aba027492b:192.168.19.22:40523] with ContainerStateMachine:uninitialized
2019-06-13 03:56:01,233 INFO  server.RaftServerConfigKeys (ConfUtils.java:logGet(43)) - raft.server.rpc.timeout.min = 1s (custom)
2019-06-13 03:56:01,233 INFO  server.RaftServerConfigKeys (ConfUtils.java:logGet(43)) - raft.server.rpc.timeout.max = 1200ms (custom)
2019-06-13 03:56:01,233 INFO  server.RaftServerConfigKeys (ConfUtils.java:logGet(43)) - raft.server.rpcslowness.timeout = 10s (custom)
2019-06-13 03:56:01,233 INFO  server.RaftServerConfigKeys (ConfUtils.java:logGet(43)) - raft.server.log.appender.install.snapshot.enabled = true (default)
2019-06-13 03:56:01,233 INFO  impl.RaftServerImpl (ServerState.java:<init>(101)) - 6e95da1e-678d-4c06-b40b-d7aba027492b:group-5B23FE865B5D ConfigurationManager, init=-1: [6e95da1e-678d-4c06-b40b-d7aba027492b:192.168.19.22:40523], old=null, confs=<EMPTY_MAP>
2019-06-13 03:56:01,233 INFO  server.RaftServerConfigKeys (ConfUtils.java:logGet(43)) - raft.server.storage.dir = [/opt/src/hadoop-ozone/integration-test/target/test-dir/MiniOzoneClusterImpl-c76a3a2c-182a-4364-88ec-6f6c84ce1a63/datanode-2/data/ratis] (custom)
2019-06-13 03:56:01,234 INFO  storage.RaftStorageDirectory (RaftStorageDirectory.java:analyzeStorage(246)) - The storage directory /opt/src/hadoop-ozone/integration-test/target/test-dir/MiniOzoneClusterImpl-c76a3a2c-182a-4364-88ec-6f6c84ce1a63/datanode-2/data/ratis/83b894e2-4c70-45c3-af89-5b23fe865b5d does not exist. Creating ...
2019-06-13 03:56:01,236 INFO  storage.RaftStorageDirectory (RaftStorageDirectory.java:tryLock(328)) - Lock on /opt/src/hadoop-ozone/integration-test/target/test-dir/MiniOzoneClusterImpl-c76a3a2c-182a-4364-88ec-6f6c84ce1a63/datanode-2/data/ratis/83b894e2-4c70-45c3-af89-5b23fe865b5d/in_use.lock acquired by nodename 10176@ozone-dndsk-2842815781
2019-06-13 03:56:01,241 INFO  storage.RaftStorage (RaftStorage.java:format(75)) - Storage directory /opt/src/hadoop-ozone/integration-test/target/test-dir/MiniOzoneClusterImpl-c76a3a2c-182a-4364-88ec-6f6c84ce1a63/datanode-2/data/ratis/83b894e2-4c70-45c3-af89-5b23fe865b5d has been successfully formatted.
2019-06-13 03:56:01,242 INFO  ratis.ContainerStateMachine (ContainerStateMachine.java:loadSnapshot(199)) - The snapshot info is null.Setting the last applied index to:(t:0, i:~)
2019-06-13 03:56:01,242 INFO  server.RaftServerConfigKeys (ConfUtils.java:logGet(43)) - raft.server.leader.election.timeout = 10s (custom)
2019-06-13 03:56:01,242 INFO  server.RaftServerConfigKeys (ConfUtils.java:logGet(43)) - raft.server.log.use.memory = false (default)
2019-06-13 03:56:01,242 INFO  server.RaftServerConfigKeys (ConfUtils.java:logGet(43)) - raft.server.log.appender.buffer.byte-limit = 33554432 (custom)
2019-06-13 03:56:01,242 INFO  server.RaftServerConfigKeys (ConfUtils.java:logGet(43)) - raft.server.log.segment.size.max = 16384 (custom)
2019-06-13 03:56:01,242 INFO  server.RaftServerConfigKeys (ConfUtils.java:logGet(43)) - raft.server.log.segment.cache.num.max = 2 (custom)
2019-06-13 03:56:01,242 INFO  storage.RaftLogWorker (RaftLogWorker.java:<init>(123)) - new 6e95da1e-678d-4c06-b40b-d7aba027492b-RaftLogWorker for Storage Directory /opt/src/hadoop-ozone/integration-test/target/test-dir/MiniOzoneClusterImpl-c76a3a2c-182a-4364-88ec-6f6c84ce1a63/datanode-2/data/ratis/83b894e2-4c70-45c3-af89-5b23fe865b5d
2019-06-13 03:56:01,242 INFO  server.RaftServerConfigKeys (ConfUtils.java:logGet(43)) - raft.server.log.queue.byte-limit = 2147483647 (custom)
2019-06-13 03:56:01,242 INFO  server.RaftServerConfigKeys (ConfUtils.java:logGet(43)) - raft.server.log.queue.element-limit = 1024 (custom)
2019-06-13 03:56:01,242 INFO  server.RaftServerConfigKeys (ConfUtils.java:logGet(43)) - raft.server.log.segment.size.max = 16384 (custom)
2019-06-13 03:56:01,243 INFO  server.RaftServerConfigKeys (ConfUtils.java:logGet(43)) - raft.server.log.preallocated.size = 16384 (custom)
2019-06-13 03:56:01,243 INFO  server.RaftServerConfigKeys (ConfUtils.java:logGet(43)) - raft.server.log.write.buffer.size = 33554432 (custom)
2019-06-13 03:56:01,243 INFO  server.RaftServerConfigKeys (ConfUtils.java:logGet(43)) - raft.server.log.force.sync.num = 128 (default)
2019-06-13 03:56:01,243 INFO  server.RaftServerConfigKeys (ConfUtils.java:logGet(43)) - raft.server.log.statemachine.data.sync = true (default)
2019-06-13 03:56:01,243 INFO  server.RaftServerConfigKeys (ConfUtils.java:logGet(43)) - raft.server.log.statemachine.data.sync.timeout = 10s (default)
2019-06-13 03:56:01,243 INFO  server.RaftServerConfigKeys (ConfUtils.java:logGet(43)) - raft.server.log.statemachine.data.sync.timeout.retry = -1 (default)
2019-06-13 03:56:01,243 INFO  server.RaftServerConfigKeys (ConfUtils.java:logGet(43)) - raft.server.log.statemachine.data.caching.enabled = true (custom)
2019-06-13 03:56:01,244 INFO  server.RaftServerConfigKeys (ConfUtils.java:logGet(43)) - raft.server.snapshot.auto.trigger.enabled = true (custom)
2019-06-13 03:56:01,244 INFO  server.RaftServerConfigKeys (ConfUtils.java:logGet(43)) - raft.server.snapshot.auto.trigger.threshold = 10000 (custom)
2019-06-13 03:56:01,244 INFO  server.RaftServerConfigKeys (ConfUtils.java:logGet(43)) - raft.server.retrycache.expirytime = 600000ms (custom)
2019-06-13 03:56:01,244 INFO  impl.RaftServerImpl (RaftServerImpl.java:start(173)) - 6e95da1e-678d-4c06-b40b-d7aba027492b: start group-5B23FE865B5D
2019-06-13 03:56:01,244 INFO  impl.RaftServerImpl (RaftServerImpl.java:setRole(164)) - 6e95da1e-678d-4c06-b40b-d7aba027492b:group-5B23FE865B5D changes role from null to FOLLOWER at term 0 for startAsFollower
2019-06-13 03:56:01,244 INFO  impl.RoleInfo (RoleInfo.java:updateAndGet(143)) - 6e95da1e-678d-4c06-b40b-d7aba027492b: start FollowerState
2019-06-13 03:56:01,244 INFO  util.JmxRegister (JmxRegister.java:tryRegister(44)) - Successfully registered JMX Bean with object name Ratis:service=RaftServer,group=group-5B23FE865B5D,id=6e95da1e-678d-4c06-b40b-d7aba027492b
2019-06-13 03:56:01,264 INFO  pipeline.PipelineStateManager (PipelineStateManager.java:addPipeline(56)) - Created pipeline Pipeline[ Id: 83b894e2-4c70-45c3-af89-5b23fe865b5d, Nodes: 6e95da1e-678d-4c06-b40b-d7aba027492b{ip: 192.168.19.22, host: ozone-dndsk-2842815781, networkLocation: /default-rack, certSerialId: null}, Type:RATIS, Factor:ONE, State:OPEN]
2019-06-13 03:56:01,283 INFO  impl.RaftServerProxy (RaftServerProxy.java:addNew(89)) - 7325cea1-d1b7-4165-a419-397d8ae17b8e: addNew group-C45538ECDC92:[7325cea1-d1b7-4165-a419-397d8ae17b8e:192.168.19.22:35277] returns group-C45538ECDC92:java.util.concurrent.CompletableFuture@5131d9b7[Not completed]
2019-06-13 03:56:01,285 INFO  impl.RaftServerImpl (RaftServerImpl.java:<init>(91)) - 7325cea1-d1b7-4165-a419-397d8ae17b8e: new RaftServerImpl for group-C45538ECDC92:[7325cea1-d1b7-4165-a419-397d8ae17b8e:192.168.19.22:35277] with ContainerStateMachine:uninitialized
2019-06-13 03:56:01,285 INFO  server.RaftServerConfigKeys (ConfUtils.java:logGet(43)) - raft.server.rpc.timeout.min = 1s (custom)
2019-06-13 03:56:01,285 INFO  server.RaftServerConfigKeys (ConfUtils.java:logGet(43)) - raft.server.rpc.timeout.max = 1200ms (custom)
2019-06-13 03:56:01,285 INFO  server.RaftServerConfigKeys (ConfUtils.java:logGet(43)) - raft.server.rpcslowness.timeout = 10s (custom)
2019-06-13 03:56:01,286 INFO  server.RaftServerConfigKeys (ConfUtils.java:logGet(43)) - raft.server.log.appender.install.snapshot.enabled = true (default)
2019-06-13 03:56:01,286 INFO  impl.RaftServerImpl (ServerState.java:<init>(101)) - 7325cea1-d1b7-4165-a419-397d8ae17b8e:group-C45538ECDC92 ConfigurationManager, init=-1: [7325cea1-d1b7-4165-a419-397d8ae17b8e:192.168.19.22:35277], old=null, confs=<EMPTY_MAP>
2019-06-13 03:56:01,286 INFO  server.RaftServerConfigKeys (ConfUtils.java:logGet(43)) - raft.server.storage.dir = [/opt/src/hadoop-ozone/integration-test/target/test-dir/MiniOzoneClusterImpl-c76a3a2c-182a-4364-88ec-6f6c84ce1a63/datanode-4/data/ratis] (custom)
2019-06-13 03:56:01,286 INFO  storage.RaftStorageDirectory (RaftStorageDirectory.java:analyzeStorage(246)) - The storage directory /opt/src/hadoop-ozone/integration-test/target/test-dir/MiniOzoneClusterImpl-c76a3a2c-182a-4364-88ec-6f6c84ce1a63/datanode-4/data/ratis/6caf19bb-84b9-4335-8b8b-c45538ecdc92 does not exist. Creating ...
2019-06-13 03:56:01,288 INFO  storage.RaftStorageDirectory (RaftStorageDirectory.java:tryLock(328)) - Lock on /opt/src/hadoop-ozone/integration-test/target/test-dir/MiniOzoneClusterImpl-c76a3a2c-182a-4364-88ec-6f6c84ce1a63/datanode-4/data/ratis/6caf19bb-84b9-4335-8b8b-c45538ecdc92/in_use.lock acquired by nodename 10176@ozone-dndsk-2842815781
2019-06-13 03:56:01,290 INFO  storage.RaftStorage (RaftStorage.java:format(75)) - Storage directory /opt/src/hadoop-ozone/integration-test/target/test-dir/MiniOzoneClusterImpl-c76a3a2c-182a-4364-88ec-6f6c84ce1a63/datanode-4/data/ratis/6caf19bb-84b9-4335-8b8b-c45538ecdc92 has been successfully formatted.
2019-06-13 03:56:01,291 INFO  ratis.ContainerStateMachine (ContainerStateMachine.java:loadSnapshot(199)) - The snapshot info is null.Setting the last applied index to:(t:0, i:~)
2019-06-13 03:56:01,291 INFO  server.RaftServerConfigKeys (ConfUtils.java:logGet(43)) - raft.server.leader.election.timeout = 10s (custom)
2019-06-13 03:56:01,291 INFO  server.RaftServerConfigKeys (ConfUtils.java:logGet(43)) - raft.server.log.use.memory = false (default)
2019-06-13 03:56:01,291 INFO  server.RaftServerConfigKeys (ConfUtils.java:logGet(43)) - raft.server.log.appender.buffer.byte-limit = 33554432 (custom)
2019-06-13 03:56:01,291 INFO  server.RaftServerConfigKeys (ConfUtils.java:logGet(43)) - raft.server.log.segment.size.max = 16384 (custom)
2019-06-13 03:56:01,291 INFO  server.RaftServerConfigKeys (ConfUtils.java:logGet(43)) - raft.server.log.segment.cache.num.max = 2 (custom)
2019-06-13 03:56:01,292 INFO  storage.RaftLogWorker (RaftLogWorker.java:<init>(123)) - new 7325cea1-d1b7-4165-a419-397d8ae17b8e-RaftLogWorker for Storage Directory /opt/src/hadoop-ozone/integration-test/target/test-dir/MiniOzoneClusterImpl-c76a3a2c-182a-4364-88ec-6f6c84ce1a63/datanode-4/data/ratis/6caf19bb-84b9-4335-8b8b-c45538ecdc92
2019-06-13 03:56:01,292 INFO  server.RaftServerConfigKeys (ConfUtils.java:logGet(43)) - raft.server.log.queue.byte-limit = 2147483647 (custom)
2019-06-13 03:56:01,292 INFO  server.RaftServerConfigKeys (ConfUtils.java:logGet(43)) - raft.server.log.queue.element-limit = 1024 (custom)
2019-06-13 03:56:01,292 INFO  server.RaftServerConfigKeys (ConfUtils.java:logGet(43)) - raft.server.log.segment.size.max = 16384 (custom)
2019-06-13 03:56:01,292 INFO  server.RaftServerConfigKeys (ConfUtils.java:logGet(43)) - raft.server.log.preallocated.size = 16384 (custom)
2019-06-13 03:56:01,292 INFO  server.RaftServerConfigKeys (ConfUtils.java:logGet(43)) - raft.server.log.write.buffer.size = 33554432 (custom)
2019-06-13 03:56:01,292 INFO  server.RaftServerConfigKeys (ConfUtils.java:logGet(43)) - raft.server.log.force.sync.num = 128 (default)
2019-06-13 03:56:01,292 INFO  server.RaftServerConfigKeys (ConfUtils.java:logGet(43)) - raft.server.log.statemachine.data.sync = true (default)
2019-06-13 03:56:01,292 INFO  server.RaftServerConfigKeys (ConfUtils.java:logGet(43)) - raft.server.log.statemachine.data.sync.timeout = 10s (default)
2019-06-13 03:56:01,292 INFO  server.RaftServerConfigKeys (ConfUtils.java:logGet(43)) - raft.server.log.statemachine.data.sync.timeout.retry = -1 (default)
2019-06-13 03:56:01,293 INFO  server.RaftServerConfigKeys (ConfUtils.java:logGet(43)) - raft.server.log.statemachine.data.caching.enabled = true (custom)
2019-06-13 03:56:01,293 INFO  server.RaftServerConfigKeys (ConfUtils.java:logGet(43)) - raft.server.snapshot.auto.trigger.enabled = true (custom)
2019-06-13 03:56:01,293 INFO  server.RaftServerConfigKeys (ConfUtils.java:logGet(43)) - raft.server.snapshot.auto.trigger.threshold = 10000 (custom)
2019-06-13 03:56:01,293 INFO  server.RaftServerConfigKeys (ConfUtils.java:logGet(43)) - raft.server.retrycache.expirytime = 600000ms (custom)
2019-06-13 03:56:01,294 INFO  impl.RaftServerImpl (RaftServerImpl.java:start(173)) - 7325cea1-d1b7-4165-a419-397d8ae17b8e: start group-C45538ECDC92
2019-06-13 03:56:01,294 INFO  impl.RaftServerImpl (RaftServerImpl.java:setRole(164)) - 7325cea1-d1b7-4165-a419-397d8ae17b8e:group-C45538ECDC92 changes role from null to FOLLOWER at term 0 for startAsFollower
2019-06-13 03:56:01,294 INFO  impl.RoleInfo (RoleInfo.java:updateAndGet(143)) - 7325cea1-d1b7-4165-a419-397d8ae17b8e: start FollowerState
2019-06-13 03:56:01,294 INFO  util.JmxRegister (JmxRegister.java:tryRegister(44)) - Successfully registered JMX Bean with object name Ratis:service=RaftServer,group=group-C45538ECDC92,id=7325cea1-d1b7-4165-a419-397d8ae17b8e
2019-06-13 03:56:01,304 INFO  pipeline.PipelineStateManager (PipelineStateManager.java:addPipeline(56)) - Created pipeline Pipeline[ Id: 6caf19bb-84b9-4335-8b8b-c45538ecdc92, Nodes: 7325cea1-d1b7-4165-a419-397d8ae17b8e{ip: 192.168.19.22, host: ozone-dndsk-2842815781, networkLocation: /default-rack, certSerialId: null}, Type:RATIS, Factor:ONE, State:OPEN]
2019-06-13 03:56:01,348 INFO  impl.RaftServerProxy (RaftServerProxy.java:addNew(89)) - 33202acd-1a8c-41d7-b7d7-b00c34602f9b: addNew group-12AEB0A3C5E9:[33202acd-1a8c-41d7-b7d7-b00c34602f9b:192.168.19.22:35261, 92ce1048-bf61-49d1-a757-d6c40b9089fd:192.168.19.22:35115, 465f52f6-fda4-4ad8-972d-c5f573af6500:192.168.19.22:46167] returns group-12AEB0A3C5E9:java.util.concurrent.CompletableFuture@79eac9ea[Not completed]
2019-06-13 03:56:01,349 INFO  impl.RaftServerImpl (RaftServerImpl.java:<init>(91)) - 33202acd-1a8c-41d7-b7d7-b00c34602f9b: new RaftServerImpl for group-12AEB0A3C5E9:[33202acd-1a8c-41d7-b7d7-b00c34602f9b:192.168.19.22:35261, 92ce1048-bf61-49d1-a757-d6c40b9089fd:192.168.19.22:35115, 465f52f6-fda4-4ad8-972d-c5f573af6500:192.168.19.22:46167] with ContainerStateMachine:uninitialized
2019-06-13 03:56:01,349 INFO  server.RaftServerConfigKeys (ConfUtils.java:logGet(43)) - raft.server.rpc.timeout.min = 1s (custom)
2019-06-13 03:56:01,350 INFO  server.RaftServerConfigKeys (ConfUtils.java:logGet(43)) - raft.server.rpc.timeout.max = 1200ms (custom)
2019-06-13 03:56:01,350 INFO  server.RaftServerConfigKeys (ConfUtils.java:logGet(43)) - raft.server.rpcslowness.timeout = 10s (custom)
2019-06-13 03:56:01,350 INFO  server.RaftServerConfigKeys (ConfUtils.java:logGet(43)) - raft.server.log.appender.install.snapshot.enabled = true (default)
2019-06-13 03:56:01,350 INFO  impl.RaftServerImpl (ServerState.java:<init>(101)) - 33202acd-1a8c-41d7-b7d7-b00c34602f9b:group-12AEB0A3C5E9 ConfigurationManager, init=-1: [33202acd-1a8c-41d7-b7d7-b00c34602f9b:192.168.19.22:35261, 92ce1048-bf61-49d1-a757-d6c40b9089fd:192.168.19.22:35115, 465f52f6-fda4-4ad8-972d-c5f573af6500:192.168.19.22:46167], old=null, confs=<EMPTY_MAP>
2019-06-13 03:56:01,350 INFO  server.RaftServerConfigKeys (ConfUtils.java:logGet(43)) - raft.server.storage.dir = [/opt/src/hadoop-ozone/integration-test/target/test-dir/MiniOzoneClusterImpl-c76a3a2c-182a-4364-88ec-6f6c84ce1a63/datanode-0/data/ratis] (custom)
2019-06-13 03:56:01,350 INFO  storage.RaftStorageDirectory (RaftStorageDirectory.java:analyzeStorage(246)) - The storage directory /opt/src/hadoop-ozone/integration-test/target/test-dir/MiniOzoneClusterImpl-c76a3a2c-182a-4364-88ec-6f6c84ce1a63/datanode-0/data/ratis/bf4f4c3f-4e1d-48c0-92a8-12aeb0a3c5e9 does not exist. Creating ...
2019-06-13 03:56:01,353 INFO  storage.RaftStorageDirectory (RaftStorageDirectory.java:tryLock(328)) - Lock on /opt/src/hadoop-ozone/integration-test/target/test-dir/MiniOzoneClusterImpl-c76a3a2c-182a-4364-88ec-6f6c84ce1a63/datanode-0/data/ratis/bf4f4c3f-4e1d-48c0-92a8-12aeb0a3c5e9/in_use.lock acquired by nodename 10176@ozone-dndsk-2842815781
2019-06-13 03:56:01,356 INFO  impl.RaftServerProxy (RaftServerProxy.java:addNew(89)) - 465f52f6-fda4-4ad8-972d-c5f573af6500: addNew group-12AEB0A3C5E9:[33202acd-1a8c-41d7-b7d7-b00c34602f9b:192.168.19.22:35261, 92ce1048-bf61-49d1-a757-d6c40b9089fd:192.168.19.22:35115, 465f52f6-fda4-4ad8-972d-c5f573af6500:192.168.19.22:46167] returns group-12AEB0A3C5E9:java.util.concurrent.CompletableFuture@1a667dba[Not completed]
2019-06-13 03:56:01,357 INFO  impl.RaftServerProxy (RaftServerProxy.java:addNew(89)) - 92ce1048-bf61-49d1-a757-d6c40b9089fd: addNew group-12AEB0A3C5E9:[33202acd-1a8c-41d7-b7d7-b00c34602f9b:192.168.19.22:35261, 92ce1048-bf61-49d1-a757-d6c40b9089fd:192.168.19.22:35115, 465f52f6-fda4-4ad8-972d-c5f573af6500:192.168.19.22:46167] returns group-12AEB0A3C5E9:java.util.concurrent.CompletableFuture@7fe3c95e[Not completed]
2019-06-13 03:56:01,358 INFO  impl.RaftServerImpl (RaftServerImpl.java:<init>(91)) - 92ce1048-bf61-49d1-a757-d6c40b9089fd: new RaftServerImpl for group-12AEB0A3C5E9:[33202acd-1a8c-41d7-b7d7-b00c34602f9b:192.168.19.22:35261, 92ce1048-bf61-49d1-a757-d6c40b9089fd:192.168.19.22:35115, 465f52f6-fda4-4ad8-972d-c5f573af6500:192.168.19.22:46167] with ContainerStateMachine:uninitialized
2019-06-13 03:56:01,358 INFO  impl.RaftServerImpl (RaftServerImpl.java:<init>(91)) - 465f52f6-fda4-4ad8-972d-c5f573af6500: new RaftServerImpl for group-12AEB0A3C5E9:[33202acd-1a8c-41d7-b7d7-b00c34602f9b:192.168.19.22:35261, 92ce1048-bf61-49d1-a757-d6c40b9089fd:192.168.19.22:35115, 465f52f6-fda4-4ad8-972d-c5f573af6500:192.168.19.22:46167] with ContainerStateMachine:uninitialized
2019-06-13 03:56:01,358 INFO  server.RaftServerConfigKeys (ConfUtils.java:logGet(43)) - raft.server.rpc.timeout.min = 1s (custom)
2019-06-13 03:56:01,358 INFO  server.RaftServerConfigKeys (ConfUtils.java:logGet(43)) - raft.server.rpc.timeout.max = 1200ms (custom)
2019-06-13 03:56:01,359 INFO  server.RaftServerConfigKeys (ConfUtils.java:logGet(43)) - raft.server.rpcslowness.timeout = 10s (custom)
2019-06-13 03:56:01,359 INFO  server.RaftServerConfigKeys (ConfUtils.java:logGet(43)) - raft.server.log.appender.install.snapshot.enabled = true (default)
2019-06-13 03:56:01,359 INFO  impl.RaftServerImpl (ServerState.java:<init>(101)) - 465f52f6-fda4-4ad8-972d-c5f573af6500:group-12AEB0A3C5E9 ConfigurationManager, init=-1: [33202acd-1a8c-41d7-b7d7-b00c34602f9b:192.168.19.22:35261, 92ce1048-bf61-49d1-a757-d6c40b9089fd:192.168.19.22:35115, 465f52f6-fda4-4ad8-972d-c5f573af6500:192.168.19.22:46167], old=null, confs=<EMPTY_MAP>
2019-06-13 03:56:01,359 INFO  server.RaftServerConfigKeys (ConfUtils.java:logGet(43)) - raft.server.storage.dir = [/opt/src/hadoop-ozone/integration-test/target/test-dir/MiniOzoneClusterImpl-c76a3a2c-182a-4364-88ec-6f6c84ce1a63/datanode-1/data/ratis] (custom)
2019-06-13 03:56:01,359 INFO  storage.RaftStorageDirectory (RaftStorageDirectory.java:analyzeStorage(246)) - The storage directory /opt/src/hadoop-ozone/integration-test/target/test-dir/MiniOzoneClusterImpl-c76a3a2c-182a-4364-88ec-6f6c84ce1a63/datanode-1/data/ratis/bf4f4c3f-4e1d-48c0-92a8-12aeb0a3c5e9 does not exist. Creating ...
2019-06-13 03:56:01,362 INFO  storage.RaftStorageDirectory (RaftStorageDirectory.java:tryLock(328)) - Lock on /opt/src/hadoop-ozone/integration-test/target/test-dir/MiniOzoneClusterImpl-c76a3a2c-182a-4364-88ec-6f6c84ce1a63/datanode-1/data/ratis/bf4f4c3f-4e1d-48c0-92a8-12aeb0a3c5e9/in_use.lock acquired by nodename 10176@ozone-dndsk-2842815781
2019-06-13 03:56:01,363 INFO  storage.RaftStorage (RaftStorage.java:format(75)) - Storage directory /opt/src/hadoop-ozone/integration-test/target/test-dir/MiniOzoneClusterImpl-c76a3a2c-182a-4364-88ec-6f6c84ce1a63/datanode-0/data/ratis/bf4f4c3f-4e1d-48c0-92a8-12aeb0a3c5e9 has been successfully formatted.
2019-06-13 03:56:01,363 INFO  ratis.ContainerStateMachine (ContainerStateMachine.java:loadSnapshot(199)) - The snapshot info is null.Setting the last applied index to:(t:0, i:~)
2019-06-13 03:56:01,364 INFO  server.RaftServerConfigKeys (ConfUtils.java:logGet(43)) - raft.server.leader.election.timeout = 10s (custom)
2019-06-13 03:56:01,364 INFO  server.RaftServerConfigKeys (ConfUtils.java:logGet(43)) - raft.server.log.use.memory = false (default)
2019-06-13 03:56:01,364 INFO  server.RaftServerConfigKeys (ConfUtils.java:logGet(43)) - raft.server.log.appender.buffer.byte-limit = 33554432 (custom)
2019-06-13 03:56:01,364 INFO  server.RaftServerConfigKeys (ConfUtils.java:logGet(43)) - raft.server.log.segment.size.max = 16384 (custom)
2019-06-13 03:56:01,364 INFO  server.RaftServerConfigKeys (ConfUtils.java:logGet(43)) - raft.server.log.segment.cache.num.max = 2 (custom)
2019-06-13 03:56:01,364 INFO  storage.RaftLogWorker (RaftLogWorker.java:<init>(123)) - new 33202acd-1a8c-41d7-b7d7-b00c34602f9b-RaftLogWorker for Storage Directory /opt/src/hadoop-ozone/integration-test/target/test-dir/MiniOzoneClusterImpl-c76a3a2c-182a-4364-88ec-6f6c84ce1a63/datanode-0/data/ratis/bf4f4c3f-4e1d-48c0-92a8-12aeb0a3c5e9
2019-06-13 03:56:01,364 INFO  server.RaftServerConfigKeys (ConfUtils.java:logGet(43)) - raft.server.log.queue.byte-limit = 2147483647 (custom)
2019-06-13 03:56:01,364 INFO  server.RaftServerConfigKeys (ConfUtils.java:logGet(43)) - raft.server.log.queue.element-limit = 1024 (custom)
2019-06-13 03:56:01,364 INFO  server.RaftServerConfigKeys (ConfUtils.java:logGet(43)) - raft.server.log.segment.size.max = 16384 (custom)
2019-06-13 03:56:01,365 INFO  server.RaftServerConfigKeys (ConfUtils.java:logGet(43)) - raft.server.log.preallocated.size = 16384 (custom)
2019-06-13 03:56:01,365 INFO  server.RaftServerConfigKeys (ConfUtils.java:logGet(43)) - raft.server.log.write.buffer.size = 33554432 (custom)
2019-06-13 03:56:01,365 INFO  server.RaftServerConfigKeys (ConfUtils.java:logGet(43)) - raft.server.log.force.sync.num = 128 (default)
2019-06-13 03:56:01,365 INFO  server.RaftServerConfigKeys (ConfUtils.java:logGet(43)) - raft.server.log.statemachine.data.sync = true (default)
2019-06-13 03:56:01,365 INFO  server.RaftServerConfigKeys (ConfUtils.java:logGet(43)) - raft.server.log.statemachine.data.sync.timeout = 10s (default)
2019-06-13 03:56:01,365 INFO  server.RaftServerConfigKeys (ConfUtils.java:logGet(43)) - raft.server.log.statemachine.data.sync.timeout.retry = -1 (default)
2019-06-13 03:56:01,365 INFO  server.RaftServerConfigKeys (ConfUtils.java:logGet(43)) - raft.server.log.statemachine.data.caching.enabled = true (custom)
2019-06-13 03:56:01,366 INFO  server.RaftServerConfigKeys (ConfUtils.java:logGet(43)) - raft.server.rpc.timeout.min = 1s (custom)
2019-06-13 03:56:01,366 INFO  server.RaftServerConfigKeys (ConfUtils.java:logGet(43)) - raft.server.rpc.timeout.max = 1200ms (custom)
2019-06-13 03:56:01,366 INFO  server.RaftServerConfigKeys (ConfUtils.java:logGet(43)) - raft.server.rpcslowness.timeout = 10s (custom)
2019-06-13 03:56:01,366 INFO  server.RaftServerConfigKeys (ConfUtils.java:logGet(43)) - raft.server.log.appender.install.snapshot.enabled = true (default)
2019-06-13 03:56:01,366 INFO  impl.RaftServerImpl (ServerState.java:<init>(101)) - 92ce1048-bf61-49d1-a757-d6c40b9089fd:group-12AEB0A3C5E9 ConfigurationManager, init=-1: [33202acd-1a8c-41d7-b7d7-b00c34602f9b:192.168.19.22:35261, 92ce1048-bf61-49d1-a757-d6c40b9089fd:192.168.19.22:35115, 465f52f6-fda4-4ad8-972d-c5f573af6500:192.168.19.22:46167], old=null, confs=<EMPTY_MAP>
2019-06-13 03:56:01,366 INFO  server.RaftServerConfigKeys (ConfUtils.java:logGet(43)) - raft.server.storage.dir = [/opt/src/hadoop-ozone/integration-test/target/test-dir/MiniOzoneClusterImpl-c76a3a2c-182a-4364-88ec-6f6c84ce1a63/datanode-3/data/ratis] (custom)
2019-06-13 03:56:01,367 INFO  storage.RaftStorageDirectory (RaftStorageDirectory.java:analyzeStorage(246)) - The storage directory /opt/src/hadoop-ozone/integration-test/target/test-dir/MiniOzoneClusterImpl-c76a3a2c-182a-4364-88ec-6f6c84ce1a63/datanode-3/data/ratis/bf4f4c3f-4e1d-48c0-92a8-12aeb0a3c5e9 does not exist. Creating ...
2019-06-13 03:56:01,367 INFO  server.RaftServerConfigKeys (ConfUtils.java:logGet(43)) - raft.server.snapshot.auto.trigger.enabled = true (custom)
2019-06-13 03:56:01,367 INFO  server.RaftServerConfigKeys (ConfUtils.java:logGet(43)) - raft.server.snapshot.auto.trigger.threshold = 10000 (custom)
2019-06-13 03:56:01,368 INFO  server.RaftServerConfigKeys (ConfUtils.java:logGet(43)) - raft.server.retrycache.expirytime = 600000ms (custom)
2019-06-13 03:56:01,368 INFO  storage.RaftStorageDirectory (RaftStorageDirectory.java:tryLock(328)) - Lock on /opt/src/hadoop-ozone/integration-test/target/test-dir/MiniOzoneClusterImpl-c76a3a2c-182a-4364-88ec-6f6c84ce1a63/datanode-3/data/ratis/bf4f4c3f-4e1d-48c0-92a8-12aeb0a3c5e9/in_use.lock acquired by nodename 10176@ozone-dndsk-2842815781
2019-06-13 03:56:01,368 INFO  storage.RaftStorage (RaftStorage.java:format(75)) - Storage directory /opt/src/hadoop-ozone/integration-test/target/test-dir/MiniOzoneClusterImpl-c76a3a2c-182a-4364-88ec-6f6c84ce1a63/datanode-1/data/ratis/bf4f4c3f-4e1d-48c0-92a8-12aeb0a3c5e9 has been successfully formatted.
2019-06-13 03:56:01,369 INFO  ratis.ContainerStateMachine (ContainerStateMachine.java:loadSnapshot(199)) - The snapshot info is null.Setting the last applied index to:(t:0, i:~)
2019-06-13 03:56:01,369 INFO  server.RaftServerConfigKeys (ConfUtils.java:logGet(43)) - raft.server.leader.election.timeout = 10s (custom)
2019-06-13 03:56:01,369 INFO  server.RaftServerConfigKeys (ConfUtils.java:logGet(43)) - raft.server.log.use.memory = false (default)
2019-06-13 03:56:01,369 INFO  server.RaftServerConfigKeys (ConfUtils.java:logGet(43)) - raft.server.log.appender.buffer.byte-limit = 33554432 (custom)
2019-06-13 03:56:01,369 INFO  server.RaftServerConfigKeys (ConfUtils.java:logGet(43)) - raft.server.log.segment.size.max = 16384 (custom)
2019-06-13 03:56:01,369 INFO  server.RaftServerConfigKeys (ConfUtils.java:logGet(43)) - raft.server.log.segment.cache.num.max = 2 (custom)
2019-06-13 03:56:01,369 INFO  storage.RaftLogWorker (RaftLogWorker.java:<init>(123)) - new 465f52f6-fda4-4ad8-972d-c5f573af6500-RaftLogWorker for Storage Directory /opt/src/hadoop-ozone/integration-test/target/test-dir/MiniOzoneClusterImpl-c76a3a2c-182a-4364-88ec-6f6c84ce1a63/datanode-1/data/ratis/bf4f4c3f-4e1d-48c0-92a8-12aeb0a3c5e9
2019-06-13 03:56:01,371 INFO  storage.RaftStorage (RaftStorage.java:format(75)) - Storage directory /opt/src/hadoop-ozone/integration-test/target/test-dir/MiniOzoneClusterImpl-c76a3a2c-182a-4364-88ec-6f6c84ce1a63/datanode-3/data/ratis/bf4f4c3f-4e1d-48c0-92a8-12aeb0a3c5e9 has been successfully formatted.
2019-06-13 03:56:01,371 INFO  impl.RaftServerImpl (RaftServerImpl.java:start(173)) - 33202acd-1a8c-41d7-b7d7-b00c34602f9b: start group-12AEB0A3C5E9
2019-06-13 03:56:01,371 INFO  impl.RaftServerImpl (RaftServerImpl.java:setRole(164)) - 33202acd-1a8c-41d7-b7d7-b00c34602f9b:group-12AEB0A3C5E9 changes role from null to FOLLOWER at term 0 for startAsFollower
2019-06-13 03:56:01,371 INFO  impl.RoleInfo (RoleInfo.java:updateAndGet(143)) - 33202acd-1a8c-41d7-b7d7-b00c34602f9b: start FollowerState
2019-06-13 03:56:01,371 INFO  server.RaftServerConfigKeys (ConfUtils.java:logGet(43)) - raft.server.log.queue.byte-limit = 2147483647 (custom)
2019-06-13 03:56:01,372 INFO  server.RaftServerConfigKeys (ConfUtils.java:logGet(43)) - raft.server.log.queue.element-limit = 1024 (custom)
2019-06-13 03:56:01,372 INFO  server.RaftServerConfigKeys (ConfUtils.java:logGet(43)) - raft.server.log.segment.size.max = 16384 (custom)
2019-06-13 03:56:01,372 INFO  server.RaftServerConfigKeys (ConfUtils.java:logGet(43)) - raft.server.log.preallocated.size = 16384 (custom)
2019-06-13 03:56:01,372 INFO  server.RaftServerConfigKeys (ConfUtils.java:logGet(43)) - raft.server.log.write.buffer.size = 33554432 (custom)
2019-06-13 03:56:01,372 INFO  server.RaftServerConfigKeys (ConfUtils.java:logGet(43)) - raft.server.log.force.sync.num = 128 (default)
2019-06-13 03:56:01,372 INFO  server.RaftServerConfigKeys (ConfUtils.java:logGet(43)) - raft.server.log.statemachine.data.sync = true (default)
2019-06-13 03:56:01,373 INFO  server.RaftServerConfigKeys (ConfUtils.java:logGet(43)) - raft.server.log.statemachine.data.sync.timeout = 10s (default)
2019-06-13 03:56:01,373 INFO  server.RaftServerConfigKeys (ConfUtils.java:logGet(43)) - raft.server.log.statemachine.data.sync.timeout.retry = -1 (default)
2019-06-13 03:56:01,371 INFO  ratis.ContainerStateMachine (ContainerStateMachine.java:loadSnapshot(199)) - The snapshot info is null.Setting the last applied index to:(t:0, i:~)
2019-06-13 03:56:01,373 INFO  server.RaftServerConfigKeys (ConfUtils.java:logGet(43)) - raft.server.leader.election.timeout = 10s (custom)
2019-06-13 03:56:01,375 INFO  server.RaftServerConfigKeys (ConfUtils.java:logGet(43)) - raft.server.log.use.memory = false (default)
2019-06-13 03:56:01,376 INFO  server.RaftServerConfigKeys (ConfUtils.java:logGet(43)) - raft.server.log.appender.buffer.byte-limit = 33554432 (custom)
2019-06-13 03:56:01,376 INFO  server.RaftServerConfigKeys (ConfUtils.java:logGet(43)) - raft.server.log.segment.size.max = 16384 (custom)
2019-06-13 03:56:01,376 INFO  server.RaftServerConfigKeys (ConfUtils.java:logGet(43)) - raft.server.log.segment.cache.num.max = 2 (custom)
2019-06-13 03:56:01,376 INFO  storage.RaftLogWorker (RaftLogWorker.java:<init>(123)) - new 92ce1048-bf61-49d1-a757-d6c40b9089fd-RaftLogWorker for Storage Directory /opt/src/hadoop-ozone/integration-test/target/test-dir/MiniOzoneClusterImpl-c76a3a2c-182a-4364-88ec-6f6c84ce1a63/datanode-3/data/ratis/bf4f4c3f-4e1d-48c0-92a8-12aeb0a3c5e9
2019-06-13 03:56:01,376 INFO  server.RaftServerConfigKeys (ConfUtils.java:logGet(43)) - raft.server.log.queue.byte-limit = 2147483647 (custom)
2019-06-13 03:56:01,376 INFO  server.RaftServerConfigKeys (ConfUtils.java:logGet(43)) - raft.server.log.queue.element-limit = 1024 (custom)
2019-06-13 03:56:01,376 INFO  server.RaftServerConfigKeys (ConfUtils.java:logGet(43)) - raft.server.log.segment.size.max = 16384 (custom)
2019-06-13 03:56:01,376 INFO  server.RaftServerConfigKeys (ConfUtils.java:logGet(43)) - raft.server.log.preallocated.size = 16384 (custom)
2019-06-13 03:56:01,376 INFO  server.RaftServerConfigKeys (ConfUtils.java:logGet(43)) - raft.server.log.write.buffer.size = 33554432 (custom)
2019-06-13 03:56:01,376 INFO  server.RaftServerConfigKeys (ConfUtils.java:logGet(43)) - raft.server.log.force.sync.num = 128 (default)
2019-06-13 03:56:01,377 INFO  server.RaftServerConfigKeys (ConfUtils.java:logGet(43)) - raft.server.log.statemachine.data.sync = true (default)
2019-06-13 03:56:01,377 INFO  server.RaftServerConfigKeys (ConfUtils.java:logGet(43)) - raft.server.log.statemachine.data.sync.timeout = 10s (default)
2019-06-13 03:56:01,377 INFO  server.RaftServerConfigKeys (ConfUtils.java:logGet(43)) - raft.server.log.statemachine.data.sync.timeout.retry = -1 (default)
2019-06-13 03:56:01,377 INFO  util.JmxRegister (JmxRegister.java:tryRegister(44)) - Successfully registered JMX Bean with object name Ratis:service=RaftServer,group=group-12AEB0A3C5E9,id=33202acd-1a8c-41d7-b7d7-b00c34602f9b
2019-06-13 03:56:01,381 INFO  server.RaftServerConfigKeys (ConfUtils.java:logGet(43)) - raft.server.log.statemachine.data.caching.enabled = true (custom)
2019-06-13 03:56:01,384 INFO  server.RaftServerConfigKeys (ConfUtils.java:logGet(43)) - raft.server.log.statemachine.data.caching.enabled = true (custom)
2019-06-13 03:56:01,384 INFO  server.RaftServerConfigKeys (ConfUtils.java:logGet(43)) - raft.server.snapshot.auto.trigger.enabled = true (custom)
2019-06-13 03:56:01,388 INFO  server.RaftServerConfigKeys (ConfUtils.java:logGet(43)) - raft.server.snapshot.auto.trigger.threshold = 10000 (custom)
2019-06-13 03:56:01,389 INFO  server.RaftServerConfigKeys (ConfUtils.java:logGet(43)) - raft.server.snapshot.auto.trigger.enabled = true (custom)
2019-06-13 03:56:01,390 INFO  server.RaftServerConfigKeys (ConfUtils.java:logGet(43)) - raft.server.snapshot.auto.trigger.threshold = 10000 (custom)
2019-06-13 03:56:01,390 INFO  server.RaftServerConfigKeys (ConfUtils.java:logGet(43)) - raft.server.retrycache.expirytime = 600000ms (custom)
2019-06-13 03:56:01,391 INFO  server.RaftServerConfigKeys (ConfUtils.java:logGet(43)) - raft.server.retrycache.expirytime = 600000ms (custom)
2019-06-13 03:56:01,391 INFO  impl.RaftServerImpl (RaftServerImpl.java:start(173)) - 465f52f6-fda4-4ad8-972d-c5f573af6500: start group-12AEB0A3C5E9
2019-06-13 03:56:01,392 INFO  impl.RaftServerImpl (RaftServerImpl.java:start(173)) - 92ce1048-bf61-49d1-a757-d6c40b9089fd: start group-12AEB0A3C5E9
2019-06-13 03:56:01,392 INFO  impl.RaftServerImpl (RaftServerImpl.java:setRole(164)) - 92ce1048-bf61-49d1-a757-d6c40b9089fd:group-12AEB0A3C5E9 changes role from null to FOLLOWER at term 0 for startAsFollower
2019-06-13 03:56:01,392 INFO  impl.RoleInfo (RoleInfo.java:updateAndGet(143)) - 92ce1048-bf61-49d1-a757-d6c40b9089fd: start FollowerState
2019-06-13 03:56:01,392 INFO  util.JmxRegister (JmxRegister.java:tryRegister(44)) - Successfully registered JMX Bean with object name Ratis:service=RaftServer,group=group-12AEB0A3C5E9,id=92ce1048-bf61-49d1-a757-d6c40b9089fd
2019-06-13 03:56:01,392 INFO  impl.RaftServerImpl (RaftServerImpl.java:setRole(164)) - 465f52f6-fda4-4ad8-972d-c5f573af6500:group-12AEB0A3C5E9 changes role from null to FOLLOWER at term 0 for startAsFollower
2019-06-13 03:56:01,393 INFO  impl.RoleInfo (RoleInfo.java:updateAndGet(143)) - 465f52f6-fda4-4ad8-972d-c5f573af6500: start FollowerState
2019-06-13 03:56:01,394 INFO  util.JmxRegister (JmxRegister.java:tryRegister(44)) - Successfully registered JMX Bean with object name Ratis:service=RaftServer,group=group-12AEB0A3C5E9,id=465f52f6-fda4-4ad8-972d-c5f573af6500
2019-06-13 03:56:01,411 INFO  ozone.MiniOzoneClusterImpl (MiniOzoneClusterImpl.java:lambda$waitForClusterToBeReady$0(142)) - Waiting for cluster to be ready. Got 5 of 6 DN Heartbeats.
2019-06-13 03:56:01,413 INFO  pipeline.PipelineStateManager (PipelineStateManager.java:addPipeline(56)) - Created pipeline Pipeline[ Id: bf4f4c3f-4e1d-48c0-92a8-12aeb0a3c5e9, Nodes: 465f52f6-fda4-4ad8-972d-c5f573af6500{ip: 192.168.19.22, host: ozone-dndsk-2842815781, networkLocation: /default-rack, certSerialId: null}33202acd-1a8c-41d7-b7d7-b00c34602f9b{ip: 192.168.19.22, host: ozone-dndsk-2842815781, networkLocation: /default-rack, certSerialId: null}92ce1048-bf61-49d1-a757-d6c40b9089fd{ip: 192.168.19.22, host: ozone-dndsk-2842815781, networkLocation: /default-rack, certSerialId: null}, Type:RATIS, Factor:THREE, State:OPEN]
2019-06-13 03:56:01,418 INFO  node.SCMNodeManager (SCMNodeManager.java:register(234)) - Registered Data node : c9580194-944b-4fbc-a245-7728cc5bd6a6{ip: 192.168.19.22, host: ozone-dndsk-2842815781, networkLocation: /default-rack, certSerialId: null}
2019-06-13 03:56:01,432 INFO  impl.RaftServerProxy (RaftServerProxy.java:addNew(89)) - c9580194-944b-4fbc-a245-7728cc5bd6a6: addNew group-849CFCD0B74F:[c9580194-944b-4fbc-a245-7728cc5bd6a6:192.168.19.22:32917] returns group-849CFCD0B74F:java.util.concurrent.CompletableFuture@301932e9[Not completed]
2019-06-13 03:56:01,434 INFO  impl.RaftServerImpl (RaftServerImpl.java:<init>(91)) - c9580194-944b-4fbc-a245-7728cc5bd6a6: new RaftServerImpl for group-849CFCD0B74F:[c9580194-944b-4fbc-a245-7728cc5bd6a6:192.168.19.22:32917] with ContainerStateMachine:uninitialized
2019-06-13 03:56:01,435 INFO  server.RaftServerConfigKeys (ConfUtils.java:logGet(43)) - raft.server.rpc.timeout.min = 1s (custom)
2019-06-13 03:56:01,435 INFO  server.RaftServerConfigKeys (ConfUtils.java:logGet(43)) - raft.server.rpc.timeout.max = 1200ms (custom)
2019-06-13 03:56:01,435 INFO  server.RaftServerConfigKeys (ConfUtils.java:logGet(43)) - raft.server.rpcslowness.timeout = 10s (custom)
2019-06-13 03:56:01,435 INFO  server.RaftServerConfigKeys (ConfUtils.java:logGet(43)) - raft.server.log.appender.install.snapshot.enabled = true (default)
2019-06-13 03:56:01,435 INFO  impl.RaftServerImpl (ServerState.java:<init>(101)) - c9580194-944b-4fbc-a245-7728cc5bd6a6:group-849CFCD0B74F ConfigurationManager, init=-1: [c9580194-944b-4fbc-a245-7728cc5bd6a6:192.168.19.22:32917], old=null, confs=<EMPTY_MAP>
2019-06-13 03:56:01,435 INFO  server.RaftServerConfigKeys (ConfUtils.java:logGet(43)) - raft.server.storage.dir = [/opt/src/hadoop-ozone/integration-test/target/test-dir/MiniOzoneClusterImpl-c76a3a2c-182a-4364-88ec-6f6c84ce1a63/datanode-5/data/ratis] (custom)
2019-06-13 03:56:01,435 INFO  storage.RaftStorageDirectory (RaftStorageDirectory.java:analyzeStorage(246)) - The storage directory /opt/src/hadoop-ozone/integration-test/target/test-dir/MiniOzoneClusterImpl-c76a3a2c-182a-4364-88ec-6f6c84ce1a63/datanode-5/data/ratis/93b1e7de-3079-4232-aac0-849cfcd0b74f does not exist. Creating ...
2019-06-13 03:56:01,437 INFO  storage.RaftStorageDirectory (RaftStorageDirectory.java:tryLock(328)) - Lock on /opt/src/hadoop-ozone/integration-test/target/test-dir/MiniOzoneClusterImpl-c76a3a2c-182a-4364-88ec-6f6c84ce1a63/datanode-5/data/ratis/93b1e7de-3079-4232-aac0-849cfcd0b74f/in_use.lock acquired by nodename 10176@ozone-dndsk-2842815781
2019-06-13 03:56:01,440 INFO  storage.RaftStorage (RaftStorage.java:format(75)) - Storage directory /opt/src/hadoop-ozone/integration-test/target/test-dir/MiniOzoneClusterImpl-c76a3a2c-182a-4364-88ec-6f6c84ce1a63/datanode-5/data/ratis/93b1e7de-3079-4232-aac0-849cfcd0b74f has been successfully formatted.
2019-06-13 03:56:01,440 INFO  ratis.ContainerStateMachine (ContainerStateMachine.java:loadSnapshot(199)) - The snapshot info is null.Setting the last applied index to:(t:0, i:~)
2019-06-13 03:56:01,440 INFO  server.RaftServerConfigKeys (ConfUtils.java:logGet(43)) - raft.server.leader.election.timeout = 10s (custom)
2019-06-13 03:56:01,440 INFO  server.RaftServerConfigKeys (ConfUtils.java:logGet(43)) - raft.server.log.use.memory = false (default)
2019-06-13 03:56:01,440 INFO  server.RaftServerConfigKeys (ConfUtils.java:logGet(43)) - raft.server.log.appender.buffer.byte-limit = 33554432 (custom)
2019-06-13 03:56:01,440 INFO  server.RaftServerConfigKeys (ConfUtils.java:logGet(43)) - raft.server.log.segment.size.max = 16384 (custom)
2019-06-13 03:56:01,441 INFO  server.RaftServerConfigKeys (ConfUtils.java:logGet(43)) - raft.server.log.segment.cache.num.max = 2 (custom)
2019-06-13 03:56:01,441 INFO  storage.RaftLogWorker (RaftLogWorker.java:<init>(123)) - new c9580194-944b-4fbc-a245-7728cc5bd6a6-RaftLogWorker for Storage Directory /opt/src/hadoop-ozone/integration-test/target/test-dir/MiniOzoneClusterImpl-c76a3a2c-182a-4364-88ec-6f6c84ce1a63/datanode-5/data/ratis/93b1e7de-3079-4232-aac0-849cfcd0b74f
2019-06-13 03:56:01,441 INFO  server.RaftServerConfigKeys (ConfUtils.java:logGet(43)) - raft.server.log.queue.byte-limit = 2147483647 (custom)
2019-06-13 03:56:01,441 INFO  server.RaftServerConfigKeys (ConfUtils.java:logGet(43)) - raft.server.log.queue.element-limit = 1024 (custom)
2019-06-13 03:56:01,441 INFO  server.RaftServerConfigKeys (ConfUtils.java:logGet(43)) - raft.server.log.segment.size.max = 16384 (custom)
2019-06-13 03:56:01,441 INFO  server.RaftServerConfigKeys (ConfUtils.java:logGet(43)) - raft.server.log.preallocated.size = 16384 (custom)
2019-06-13 03:56:01,441 INFO  server.RaftServerConfigKeys (ConfUtils.java:logGet(43)) - raft.server.log.write.buffer.size = 33554432 (custom)
2019-06-13 03:56:01,441 INFO  server.RaftServerConfigKeys (ConfUtils.java:logGet(43)) - raft.server.log.force.sync.num = 128 (default)
2019-06-13 03:56:01,441 INFO  server.RaftServerConfigKeys (ConfUtils.java:logGet(43)) - raft.server.log.statemachine.data.sync = true (default)
2019-06-13 03:56:01,441 INFO  server.RaftServerConfigKeys (ConfUtils.java:logGet(43)) - raft.server.log.statemachine.data.sync.timeout = 10s (default)
2019-06-13 03:56:01,441 INFO  server.RaftServerConfigKeys (ConfUtils.java:logGet(43)) - raft.server.log.statemachine.data.sync.timeout.retry = -1 (default)
2019-06-13 03:56:01,441 INFO  server.RaftServerConfigKeys (ConfUtils.java:logGet(43)) - raft.server.log.statemachine.data.caching.enabled = true (custom)
2019-06-13 03:56:01,442 INFO  server.RaftServerConfigKeys (ConfUtils.java:logGet(43)) - raft.server.snapshot.auto.trigger.enabled = true (custom)
2019-06-13 03:56:01,442 INFO  server.RaftServerConfigKeys (ConfUtils.java:logGet(43)) - raft.server.snapshot.auto.trigger.threshold = 10000 (custom)
2019-06-13 03:56:01,443 INFO  server.RaftServerConfigKeys (ConfUtils.java:logGet(43)) - raft.server.retrycache.expirytime = 600000ms (custom)
2019-06-13 03:56:01,443 INFO  impl.RaftServerImpl (RaftServerImpl.java:start(173)) - c9580194-944b-4fbc-a245-7728cc5bd6a6: start group-849CFCD0B74F
2019-06-13 03:56:01,443 INFO  impl.RaftServerImpl (RaftServerImpl.java:setRole(164)) - c9580194-944b-4fbc-a245-7728cc5bd6a6:group-849CFCD0B74F changes role from null to FOLLOWER at term 0 for startAsFollower
2019-06-13 03:56:01,443 INFO  impl.RoleInfo (RoleInfo.java:updateAndGet(143)) - c9580194-944b-4fbc-a245-7728cc5bd6a6: start FollowerState
2019-06-13 03:56:01,443 INFO  util.JmxRegister (JmxRegister.java:tryRegister(44)) - Successfully registered JMX Bean with object name Ratis:service=RaftServer,group=group-849CFCD0B74F,id=c9580194-944b-4fbc-a245-7728cc5bd6a6
2019-06-13 03:56:01,457 INFO  pipeline.PipelineStateManager (PipelineStateManager.java:addPipeline(56)) - Created pipeline Pipeline[ Id: 93b1e7de-3079-4232-aac0-849cfcd0b74f, Nodes: c9580194-944b-4fbc-a245-7728cc5bd6a6{ip: 192.168.19.22, host: ozone-dndsk-2842815781, networkLocation: /default-rack, certSerialId: null}, Type:RATIS, Factor:ONE, State:OPEN]
2019-06-13 03:56:01,479 INFO  impl.RaftServerProxy (RaftServerProxy.java:addNew(89)) - c9580194-944b-4fbc-a245-7728cc5bd6a6: addNew group-C847E0D4C87B:[c9580194-944b-4fbc-a245-7728cc5bd6a6:192.168.19.22:32917, 7325cea1-d1b7-4165-a419-397d8ae17b8e:192.168.19.22:35277, 6e95da1e-678d-4c06-b40b-d7aba027492b:192.168.19.22:40523] returns group-C847E0D4C87B:java.util.concurrent.CompletableFuture@5ea73f68[Not completed]
2019-06-13 03:56:01,480 INFO  impl.RaftServerProxy (RaftServerProxy.java:addNew(89)) - 6e95da1e-678d-4c06-b40b-d7aba027492b: addNew group-C847E0D4C87B:[c9580194-944b-4fbc-a245-7728cc5bd6a6:192.168.19.22:32917, 7325cea1-d1b7-4165-a419-397d8ae17b8e:192.168.19.22:35277, 6e95da1e-678d-4c06-b40b-d7aba027492b:192.168.19.22:40523] returns group-C847E0D4C87B:java.util.concurrent.CompletableFuture@1e3e4cd[Not completed]
2019-06-13 03:56:01,480 INFO  impl.RaftServerProxy (RaftServerProxy.java:addNew(89)) - 7325cea1-d1b7-4165-a419-397d8ae17b8e: addNew group-C847E0D4C87B:[c9580194-944b-4fbc-a245-7728cc5bd6a6:192.168.19.22:32917, 7325cea1-d1b7-4165-a419-397d8ae17b8e:192.168.19.22:35277, 6e95da1e-678d-4c06-b40b-d7aba027492b:192.168.19.22:40523] returns group-C847E0D4C87B:java.util.concurrent.CompletableFuture@5b5b7781[Not completed]
2019-06-13 03:56:01,481 INFO  impl.RaftServerImpl (RaftServerImpl.java:<init>(91)) - 6e95da1e-678d-4c06-b40b-d7aba027492b: new RaftServerImpl for group-C847E0D4C87B:[c9580194-944b-4fbc-a245-7728cc5bd6a6:192.168.19.22:32917, 7325cea1-d1b7-4165-a419-397d8ae17b8e:192.168.19.22:35277, 6e95da1e-678d-4c06-b40b-d7aba027492b:192.168.19.22:40523] with ContainerStateMachine:uninitialized
2019-06-13 03:56:01,481 INFO  server.RaftServerConfigKeys (ConfUtils.java:logGet(43)) - raft.server.rpc.timeout.min = 1s (custom)
2019-06-13 03:56:01,481 INFO  server.RaftServerConfigKeys (ConfUtils.java:logGet(43)) - raft.server.rpc.timeout.max = 1200ms (custom)
2019-06-13 03:56:01,481 INFO  server.RaftServerConfigKeys (ConfUtils.java:logGet(43)) - raft.server.rpcslowness.timeout = 10s (custom)
2019-06-13 03:56:01,481 INFO  server.RaftServerConfigKeys (ConfUtils.java:logGet(43)) - raft.server.log.appender.install.snapshot.enabled = true (default)
2019-06-13 03:56:01,481 INFO  impl.RaftServerImpl (ServerState.java:<init>(101)) - 6e95da1e-678d-4c06-b40b-d7aba027492b:group-C847E0D4C87B ConfigurationManager, init=-1: [c9580194-944b-4fbc-a245-7728cc5bd6a6:192.168.19.22:32917, 7325cea1-d1b7-4165-a419-397d8ae17b8e:192.168.19.22:35277, 6e95da1e-678d-4c06-b40b-d7aba027492b:192.168.19.22:40523], old=null, confs=<EMPTY_MAP>
2019-06-13 03:56:01,481 INFO  server.RaftServerConfigKeys (ConfUtils.java:logGet(43)) - raft.server.storage.dir = [/opt/src/hadoop-ozone/integration-test/target/test-dir/MiniOzoneClusterImpl-c76a3a2c-182a-4364-88ec-6f6c84ce1a63/datanode-2/data/ratis] (custom)
2019-06-13 03:56:01,482 INFO  storage.RaftStorageDirectory (RaftStorageDirectory.java:analyzeStorage(246)) - The storage directory /opt/src/hadoop-ozone/integration-test/target/test-dir/MiniOzoneClusterImpl-c76a3a2c-182a-4364-88ec-6f6c84ce1a63/datanode-2/data/ratis/f5322096-8e88-410a-9730-c847e0d4c87b does not exist. Creating ...
2019-06-13 03:56:01,481 INFO  impl.RaftServerImpl (RaftServerImpl.java:<init>(91)) - 7325cea1-d1b7-4165-a419-397d8ae17b8e: new RaftServerImpl for group-C847E0D4C87B:[c9580194-944b-4fbc-a245-7728cc5bd6a6:192.168.19.22:32917, 7325cea1-d1b7-4165-a419-397d8ae17b8e:192.168.19.22:35277, 6e95da1e-678d-4c06-b40b-d7aba027492b:192.168.19.22:40523] with ContainerStateMachine:uninitialized
2019-06-13 03:56:01,482 INFO  server.RaftServerConfigKeys (ConfUtils.java:logGet(43)) - raft.server.rpc.timeout.min = 1s (custom)
2019-06-13 03:56:01,482 INFO  server.RaftServerConfigKeys (ConfUtils.java:logGet(43)) - raft.server.rpc.timeout.max = 1200ms (custom)
2019-06-13 03:56:01,483 INFO  server.RaftServerConfigKeys (ConfUtils.java:logGet(43)) - raft.server.rpcslowness.timeout = 10s (custom)
2019-06-13 03:56:01,483 INFO  server.RaftServerConfigKeys (ConfUtils.java:logGet(43)) - raft.server.log.appender.install.snapshot.enabled = true (default)
2019-06-13 03:56:01,483 INFO  impl.RaftServerImpl (ServerState.java:<init>(101)) - 7325cea1-d1b7-4165-a419-397d8ae17b8e:group-C847E0D4C87B ConfigurationManager, init=-1: [c9580194-944b-4fbc-a245-7728cc5bd6a6:192.168.19.22:32917, 7325cea1-d1b7-4165-a419-397d8ae17b8e:192.168.19.22:35277, 6e95da1e-678d-4c06-b40b-d7aba027492b:192.168.19.22:40523], old=null, confs=<EMPTY_MAP>
2019-06-13 03:56:01,483 INFO  server.RaftServerConfigKeys (ConfUtils.java:logGet(43)) - raft.server.storage.dir = [/opt/src/hadoop-ozone/integration-test/target/test-dir/MiniOzoneClusterImpl-c76a3a2c-182a-4364-88ec-6f6c84ce1a63/datanode-4/data/ratis] (custom)
2019-06-13 03:56:01,483 INFO  storage.RaftStorageDirectory (RaftStorageDirectory.java:analyzeStorage(246)) - The storage directory /opt/src/hadoop-ozone/integration-test/target/test-dir/MiniOzoneClusterImpl-c76a3a2c-182a-4364-88ec-6f6c84ce1a63/datanode-4/data/ratis/f5322096-8e88-410a-9730-c847e0d4c87b does not exist. Creating ...
2019-06-13 03:56:01,482 INFO  impl.RaftServerImpl (RaftServerImpl.java:<init>(91)) - c9580194-944b-4fbc-a245-7728cc5bd6a6: new RaftServerImpl for group-C847E0D4C87B:[c9580194-944b-4fbc-a245-7728cc5bd6a6:192.168.19.22:32917, 7325cea1-d1b7-4165-a419-397d8ae17b8e:192.168.19.22:35277, 6e95da1e-678d-4c06-b40b-d7aba027492b:192.168.19.22:40523] with ContainerStateMachine:uninitialized
2019-06-13 03:56:01,484 INFO  server.RaftServerConfigKeys (ConfUtils.java:logGet(43)) - raft.server.rpc.timeout.min = 1s (custom)
2019-06-13 03:56:01,484 INFO  server.RaftServerConfigKeys (ConfUtils.java:logGet(43)) - raft.server.rpc.timeout.max = 1200ms (custom)
2019-06-13 03:56:01,484 INFO  server.RaftServerConfigKeys (ConfUtils.java:logGet(43)) - raft.server.rpcslowness.timeout = 10s (custom)
2019-06-13 03:56:01,484 INFO  server.RaftServerConfigKeys (ConfUtils.java:logGet(43)) - raft.server.log.appender.install.snapshot.enabled = true (default)
2019-06-13 03:56:01,484 INFO  impl.RaftServerImpl (ServerState.java:<init>(101)) - c9580194-944b-4fbc-a245-7728cc5bd6a6:group-C847E0D4C87B ConfigurationManager, init=-1: [c9580194-944b-4fbc-a245-7728cc5bd6a6:192.168.19.22:32917, 7325cea1-d1b7-4165-a419-397d8ae17b8e:192.168.19.22:35277, 6e95da1e-678d-4c06-b40b-d7aba027492b:192.168.19.22:40523], old=null, confs=<EMPTY_MAP>
2019-06-13 03:56:01,484 INFO  server.RaftServerConfigKeys (ConfUtils.java:logGet(43)) - raft.server.storage.dir = [/opt/src/hadoop-ozone/integration-test/target/test-dir/MiniOzoneClusterImpl-c76a3a2c-182a-4364-88ec-6f6c84ce1a63/datanode-5/data/ratis] (custom)
2019-06-13 03:56:01,485 INFO  storage.RaftStorageDirectory (RaftStorageDirectory.java:analyzeStorage(246)) - The storage directory /opt/src/hadoop-ozone/integration-test/target/test-dir/MiniOzoneClusterImpl-c76a3a2c-182a-4364-88ec-6f6c84ce1a63/datanode-5/data/ratis/f5322096-8e88-410a-9730-c847e0d4c87b does not exist. Creating ...
2019-06-13 03:56:01,485 INFO  storage.RaftStorageDirectory (RaftStorageDirectory.java:tryLock(328)) - Lock on /opt/src/hadoop-ozone/integration-test/target/test-dir/MiniOzoneClusterImpl-c76a3a2c-182a-4364-88ec-6f6c84ce1a63/datanode-4/data/ratis/f5322096-8e88-410a-9730-c847e0d4c87b/in_use.lock acquired by nodename 10176@ozone-dndsk-2842815781
2019-06-13 03:56:01,485 INFO  storage.RaftStorageDirectory (RaftStorageDirectory.java:tryLock(328)) - Lock on /opt/src/hadoop-ozone/integration-test/target/test-dir/MiniOzoneClusterImpl-c76a3a2c-182a-4364-88ec-6f6c84ce1a63/datanode-2/data/ratis/f5322096-8e88-410a-9730-c847e0d4c87b/in_use.lock acquired by nodename 10176@ozone-dndsk-2842815781
2019-06-13 03:56:01,487 INFO  storage.RaftStorageDirectory (RaftStorageDirectory.java:tryLock(328)) - Lock on /opt/src/hadoop-ozone/integration-test/target/test-dir/MiniOzoneClusterImpl-c76a3a2c-182a-4364-88ec-6f6c84ce1a63/datanode-5/data/ratis/f5322096-8e88-410a-9730-c847e0d4c87b/in_use.lock acquired by nodename 10176@ozone-dndsk-2842815781
2019-06-13 03:56:01,488 INFO  storage.RaftStorage (RaftStorage.java:format(75)) - Storage directory /opt/src/hadoop-ozone/integration-test/target/test-dir/MiniOzoneClusterImpl-c76a3a2c-182a-4364-88ec-6f6c84ce1a63/datanode-2/data/ratis/f5322096-8e88-410a-9730-c847e0d4c87b has been successfully formatted.
2019-06-13 03:56:01,488 INFO  ratis.ContainerStateMachine (ContainerStateMachine.java:loadSnapshot(199)) - The snapshot info is null.Setting the last applied index to:(t:0, i:~)
2019-06-13 03:56:01,488 INFO  server.RaftServerConfigKeys (ConfUtils.java:logGet(43)) - raft.server.leader.election.timeout = 10s (custom)
2019-06-13 03:56:01,488 INFO  server.RaftServerConfigKeys (ConfUtils.java:logGet(43)) - raft.server.log.use.memory = false (default)
2019-06-13 03:56:01,488 INFO  storage.RaftStorage (RaftStorage.java:format(75)) - Storage directory /opt/src/hadoop-ozone/integration-test/target/test-dir/MiniOzoneClusterImpl-c76a3a2c-182a-4364-88ec-6f6c84ce1a63/datanode-4/data/ratis/f5322096-8e88-410a-9730-c847e0d4c87b has been successfully formatted.
2019-06-13 03:56:01,489 INFO  ratis.ContainerStateMachine (ContainerStateMachine.java:loadSnapshot(199)) - The snapshot info is null.Setting the last applied index to:(t:0, i:~)
2019-06-13 03:56:01,489 INFO  server.RaftServerConfigKeys (ConfUtils.java:logGet(43)) - raft.server.leader.election.timeout = 10s (custom)
2019-06-13 03:56:01,489 INFO  server.RaftServerConfigKeys (ConfUtils.java:logGet(43)) - raft.server.log.use.memory = false (default)
2019-06-13 03:56:01,489 INFO  server.RaftServerConfigKeys (ConfUtils.java:logGet(43)) - raft.server.log.appender.buffer.byte-limit = 33554432 (custom)
2019-06-13 03:56:01,489 INFO  server.RaftServerConfigKeys (ConfUtils.java:logGet(43)) - raft.server.log.segment.size.max = 16384 (custom)
2019-06-13 03:56:01,490 INFO  server.RaftServerConfigKeys (ConfUtils.java:logGet(43)) - raft.server.log.segment.cache.num.max = 2 (custom)
2019-06-13 03:56:01,490 INFO  storage.RaftLogWorker (RaftLogWorker.java:<init>(123)) - new 7325cea1-d1b7-4165-a419-397d8ae17b8e-RaftLogWorker for Storage Directory /opt/src/hadoop-ozone/integration-test/target/test-dir/MiniOzoneClusterImpl-c76a3a2c-182a-4364-88ec-6f6c84ce1a63/datanode-4/data/ratis/f5322096-8e88-410a-9730-c847e0d4c87b
2019-06-13 03:56:01,490 INFO  server.RaftServerConfigKeys (ConfUtils.java:logGet(43)) - raft.server.log.queue.byte-limit = 2147483647 (custom)
2019-06-13 03:56:01,490 INFO  server.RaftServerConfigKeys (ConfUtils.java:logGet(43)) - raft.server.log.queue.element-limit = 1024 (custom)
2019-06-13 03:56:01,490 INFO  server.RaftServerConfigKeys (ConfUtils.java:logGet(43)) - raft.server.log.segment.size.max = 16384 (custom)
2019-06-13 03:56:01,490 INFO  server.RaftServerConfigKeys (ConfUtils.java:logGet(43)) - raft.server.log.preallocated.size = 16384 (custom)
2019-06-13 03:56:01,490 INFO  server.RaftServerConfigKeys (ConfUtils.java:logGet(43)) - raft.server.log.write.buffer.size = 33554432 (custom)
2019-06-13 03:56:01,490 INFO  server.RaftServerConfigKeys (ConfUtils.java:logGet(43)) - raft.server.log.force.sync.num = 128 (default)
2019-06-13 03:56:01,490 INFO  server.RaftServerConfigKeys (ConfUtils.java:logGet(43)) - raft.server.log.statemachine.data.sync = true (default)
2019-06-13 03:56:01,490 INFO  server.RaftServerConfigKeys (ConfUtils.java:logGet(43)) - raft.server.log.statemachine.data.sync.timeout = 10s (default)
2019-06-13 03:56:01,490 INFO  server.RaftServerConfigKeys (ConfUtils.java:logGet(43)) - raft.server.log.statemachine.data.sync.timeout.retry = -1 (default)
2019-06-13 03:56:01,490 INFO  server.RaftServerConfigKeys (ConfUtils.java:logGet(43)) - raft.server.log.statemachine.data.caching.enabled = true (custom)
2019-06-13 03:56:01,491 INFO  server.RaftServerConfigKeys (ConfUtils.java:logGet(43)) - raft.server.snapshot.auto.trigger.enabled = true (custom)
2019-06-13 03:56:01,491 INFO  server.RaftServerConfigKeys (ConfUtils.java:logGet(43)) - raft.server.snapshot.auto.trigger.threshold = 10000 (custom)
2019-06-13 03:56:01,491 INFO  server.RaftServerConfigKeys (ConfUtils.java:logGet(43)) - raft.server.retrycache.expirytime = 600000ms (custom)
2019-06-13 03:56:01,491 INFO  impl.RaftServerImpl (RaftServerImpl.java:start(173)) - 7325cea1-d1b7-4165-a419-397d8ae17b8e: start group-C847E0D4C87B
2019-06-13 03:56:01,491 INFO  impl.RaftServerImpl (RaftServerImpl.java:setRole(164)) - 7325cea1-d1b7-4165-a419-397d8ae17b8e:group-C847E0D4C87B changes role from null to FOLLOWER at term 0 for startAsFollower
2019-06-13 03:56:01,492 INFO  impl.RoleInfo (RoleInfo.java:updateAndGet(143)) - 7325cea1-d1b7-4165-a419-397d8ae17b8e: start FollowerState
2019-06-13 03:56:01,489 INFO  server.RaftServerConfigKeys (ConfUtils.java:logGet(43)) - raft.server.log.appender.buffer.byte-limit = 33554432 (custom)
2019-06-13 03:56:01,492 INFO  server.RaftServerConfigKeys (ConfUtils.java:logGet(43)) - raft.server.log.segment.size.max = 16384 (custom)
2019-06-13 03:56:01,492 INFO  util.JmxRegister (JmxRegister.java:tryRegister(44)) - Successfully registered JMX Bean with object name Ratis:service=RaftServer,group=group-C847E0D4C87B,id=7325cea1-d1b7-4165-a419-397d8ae17b8e
2019-06-13 03:56:01,492 INFO  server.RaftServerConfigKeys (ConfUtils.java:logGet(43)) - raft.server.log.segment.cache.num.max = 2 (custom)
2019-06-13 03:56:01,492 INFO  storage.RaftStorage (RaftStorage.java:format(75)) - Storage directory /opt/src/hadoop-ozone/integration-test/target/test-dir/MiniOzoneClusterImpl-c76a3a2c-182a-4364-88ec-6f6c84ce1a63/datanode-5/data/ratis/f5322096-8e88-410a-9730-c847e0d4c87b has been successfully formatted.
2019-06-13 03:56:01,492 INFO  storage.RaftLogWorker (RaftLogWorker.java:<init>(123)) - new 6e95da1e-678d-4c06-b40b-d7aba027492b-RaftLogWorker for Storage Directory /opt/src/hadoop-ozone/integration-test/target/test-dir/MiniOzoneClusterImpl-c76a3a2c-182a-4364-88ec-6f6c84ce1a63/datanode-2/data/ratis/f5322096-8e88-410a-9730-c847e0d4c87b
2019-06-13 03:56:01,492 INFO  server.RaftServerConfigKeys (ConfUtils.java:logGet(43)) - raft.server.log.queue.byte-limit = 2147483647 (custom)
2019-06-13 03:56:01,492 INFO  ratis.ContainerStateMachine (ContainerStateMachine.java:loadSnapshot(199)) - The snapshot info is null.Setting the last applied index to:(t:0, i:~)
2019-06-13 03:56:01,492 INFO  server.RaftServerConfigKeys (ConfUtils.java:logGet(43)) - raft.server.log.queue.element-limit = 1024 (custom)
2019-06-13 03:56:01,492 INFO  server.RaftServerConfigKeys (ConfUtils.java:logGet(43)) - raft.server.leader.election.timeout = 10s (custom)
2019-06-13 03:56:01,493 INFO  server.RaftServerConfigKeys (ConfUtils.java:logGet(43)) - raft.server.log.segment.size.max = 16384 (custom)
2019-06-13 03:56:01,493 INFO  server.RaftServerConfigKeys (ConfUtils.java:logGet(43)) - raft.server.log.use.memory = false (default)
2019-06-13 03:56:01,493 INFO  server.RaftServerConfigKeys (ConfUtils.java:logGet(43)) - raft.server.log.preallocated.size = 16384 (custom)
2019-06-13 03:56:01,493 INFO  server.RaftServerConfigKeys (ConfUtils.java:logGet(43)) - raft.server.log.appender.buffer.byte-limit = 33554432 (custom)
2019-06-13 03:56:01,493 INFO  server.RaftServerConfigKeys (ConfUtils.java:logGet(43)) - raft.server.log.write.buffer.size = 33554432 (custom)
2019-06-13 03:56:01,493 INFO  server.RaftServerConfigKeys (ConfUtils.java:logGet(43)) - raft.server.log.segment.size.max = 16384 (custom)
2019-06-13 03:56:01,493 INFO  server.RaftServerConfigKeys (ConfUtils.java:logGet(43)) - raft.server.log.force.sync.num = 128 (default)
2019-06-13 03:56:01,493 INFO  server.RaftServerConfigKeys (ConfUtils.java:logGet(43)) - raft.server.log.segment.cache.num.max = 2 (custom)
2019-06-13 03:56:01,493 INFO  server.RaftServerConfigKeys (ConfUtils.java:logGet(43)) - raft.server.log.statemachine.data.sync = true (default)
2019-06-13 03:56:01,493 INFO  server.RaftServerConfigKeys (ConfUtils.java:logGet(43)) - raft.server.log.statemachine.data.sync.timeout = 10s (default)
2019-06-13 03:56:01,493 INFO  server.RaftServerConfigKeys (ConfUtils.java:logGet(43)) - raft.server.log.statemachine.data.sync.timeout.retry = -1 (default)
2019-06-13 03:56:01,493 INFO  storage.RaftLogWorker (RaftLogWorker.java:<init>(123)) - new c9580194-944b-4fbc-a245-7728cc5bd6a6-RaftLogWorker for Storage Directory /opt/src/hadoop-ozone/integration-test/target/test-dir/MiniOzoneClusterImpl-c76a3a2c-182a-4364-88ec-6f6c84ce1a63/datanode-5/data/ratis/f5322096-8e88-410a-9730-c847e0d4c87b
2019-06-13 03:56:01,494 INFO  server.RaftServerConfigKeys (ConfUtils.java:logGet(43)) - raft.server.log.queue.byte-limit = 2147483647 (custom)
2019-06-13 03:56:01,494 INFO  server.RaftServerConfigKeys (ConfUtils.java:logGet(43)) - raft.server.log.queue.element-limit = 1024 (custom)
2019-06-13 03:56:01,494 INFO  server.RaftServerConfigKeys (ConfUtils.java:logGet(43)) - raft.server.log.segment.size.max = 16384 (custom)
2019-06-13 03:56:01,494 INFO  server.RaftServerConfigKeys (ConfUtils.java:logGet(43)) - raft.server.log.preallocated.size = 16384 (custom)
2019-06-13 03:56:01,494 INFO  server.RaftServerConfigKeys (ConfUtils.java:logGet(43)) - raft.server.log.write.buffer.size = 33554432 (custom)
2019-06-13 03:56:01,494 INFO  server.RaftServerConfigKeys (ConfUtils.java:logGet(43)) - raft.server.log.force.sync.num = 128 (default)
2019-06-13 03:56:01,494 INFO  server.RaftServerConfigKeys (ConfUtils.java:logGet(43)) - raft.server.log.statemachine.data.sync = true (default)
2019-06-13 03:56:01,494 INFO  server.RaftServerConfigKeys (ConfUtils.java:logGet(43)) - raft.server.log.statemachine.data.sync.timeout = 10s (default)
2019-06-13 03:56:01,495 INFO  server.RaftServerConfigKeys (ConfUtils.java:logGet(43)) - raft.server.log.statemachine.data.sync.timeout.retry = -1 (default)
2019-06-13 03:56:01,501 INFO  server.RaftServerConfigKeys (ConfUtils.java:logGet(43)) - raft.server.log.statemachine.data.caching.enabled = true (custom)
2019-06-13 03:56:01,502 INFO  server.RaftServerConfigKeys (ConfUtils.java:logGet(43)) - raft.server.log.statemachine.data.caching.enabled = true (custom)
2019-06-13 03:56:01,502 INFO  server.RaftServerConfigKeys (ConfUtils.java:logGet(43)) - raft.server.snapshot.auto.trigger.enabled = true (custom)
2019-06-13 03:56:01,502 INFO  server.RaftServerConfigKeys (ConfUtils.java:logGet(43)) - raft.server.snapshot.auto.trigger.threshold = 10000 (custom)
2019-06-13 03:56:01,502 INFO  server.RaftServerConfigKeys (ConfUtils.java:logGet(43)) - raft.server.retrycache.expirytime = 600000ms (custom)
2019-06-13 03:56:01,502 INFO  impl.RaftServerImpl (RaftServerImpl.java:start(173)) - c9580194-944b-4fbc-a245-7728cc5bd6a6: start group-C847E0D4C87B
2019-06-13 03:56:01,502 INFO  impl.RaftServerImpl (RaftServerImpl.java:setRole(164)) - c9580194-944b-4fbc-a245-7728cc5bd6a6:group-C847E0D4C87B changes role from null to FOLLOWER at term 0 for startAsFollower
2019-06-13 03:56:01,502 INFO  server.RaftServerConfigKeys (ConfUtils.java:logGet(43)) - raft.server.snapshot.auto.trigger.enabled = true (custom)
2019-06-13 03:56:01,502 INFO  impl.RoleInfo (RoleInfo.java:updateAndGet(143)) - c9580194-944b-4fbc-a245-7728cc5bd6a6: start FollowerState
2019-06-13 03:56:01,502 INFO  server.RaftServerConfigKeys (ConfUtils.java:logGet(43)) - raft.server.snapshot.auto.trigger.threshold = 10000 (custom)
2019-06-13 03:56:01,503 INFO  server.RaftServerConfigKeys (ConfUtils.java:logGet(43)) - raft.server.retrycache.expirytime = 600000ms (custom)
2019-06-13 03:56:01,503 INFO  util.JmxRegister (JmxRegister.java:tryRegister(44)) - Successfully registered JMX Bean with object name Ratis:service=RaftServer,group=group-C847E0D4C87B,id=c9580194-944b-4fbc-a245-7728cc5bd6a6
2019-06-13 03:56:01,503 INFO  impl.RaftServerImpl (RaftServerImpl.java:start(173)) - 6e95da1e-678d-4c06-b40b-d7aba027492b: start group-C847E0D4C87B
2019-06-13 03:56:01,503 INFO  impl.RaftServerImpl (RaftServerImpl.java:setRole(164)) - 6e95da1e-678d-4c06-b40b-d7aba027492b:group-C847E0D4C87B changes role from null to FOLLOWER at term 0 for startAsFollower
2019-06-13 03:56:01,503 INFO  impl.RoleInfo (RoleInfo.java:updateAndGet(143)) - 6e95da1e-678d-4c06-b40b-d7aba027492b: start FollowerState
2019-06-13 03:56:01,504 INFO  util.JmxRegister (JmxRegister.java:tryRegister(44)) - Successfully registered JMX Bean with object name Ratis:service=RaftServer,group=group-C847E0D4C87B,id=6e95da1e-678d-4c06-b40b-d7aba027492b
2019-06-13 03:56:01,524 INFO  pipeline.PipelineStateManager (PipelineStateManager.java:addPipeline(56)) - Created pipeline Pipeline[ Id: f5322096-8e88-410a-9730-c847e0d4c87b, Nodes: c9580194-944b-4fbc-a245-7728cc5bd6a6{ip: 192.168.19.22, host: ozone-dndsk-2842815781, networkLocation: /default-rack, certSerialId: null}6e95da1e-678d-4c06-b40b-d7aba027492b{ip: 192.168.19.22, host: ozone-dndsk-2842815781, networkLocation: /default-rack, certSerialId: null}7325cea1-d1b7-4165-a419-397d8ae17b8e{ip: 192.168.19.22, host: ozone-dndsk-2842815781, networkLocation: /default-rack, certSerialId: null}, Type:RATIS, Factor:THREE, State:OPEN]
2019-06-13 03:56:01,963 INFO  impl.FollowerState (FollowerState.java:run(101)) - 33202acd-1a8c-41d7-b7d7-b00c34602f9b:group-8B01A5E769FD changes to CANDIDATE, lastRpcTime:1055, electionTimeout:1048ms
2019-06-13 03:56:01,963 INFO  impl.RoleInfo (RoleInfo.java:shutdownFollowerState(121)) - 33202acd-1a8c-41d7-b7d7-b00c34602f9b: shutdown FollowerState
2019-06-13 03:56:01,964 INFO  impl.RaftServerImpl (RaftServerImpl.java:setRole(164)) - 33202acd-1a8c-41d7-b7d7-b00c34602f9b:group-8B01A5E769FD changes role from FOLLOWER to CANDIDATE at term 0 for changeToCandidate
2019-06-13 03:56:01,967 INFO  impl.RoleInfo (RoleInfo.java:updateAndGet(143)) - 33202acd-1a8c-41d7-b7d7-b00c34602f9b: start LeaderElection
2019-06-13 03:56:01,973 INFO  impl.LeaderElection (LeaderElection.java:askForVotes(181)) - 33202acd-1a8c-41d7-b7d7-b00c34602f9b:group-8B01A5E769FD:LeaderElection1: begin an election at term 1 for -1: [33202acd-1a8c-41d7-b7d7-b00c34602f9b:192.168.19.22:35261], old=null
2019-06-13 03:56:01,975 INFO  impl.RoleInfo (RoleInfo.java:shutdownLeaderElection(134)) - 33202acd-1a8c-41d7-b7d7-b00c34602f9b: shutdown LeaderElection
2019-06-13 03:56:01,976 INFO  impl.RaftServerImpl (RaftServerImpl.java:setRole(164)) - 33202acd-1a8c-41d7-b7d7-b00c34602f9b:group-8B01A5E769FD changes role from CANDIDATE to LEADER at term 1 for changeToLeader
2019-06-13 03:56:01,976 INFO  impl.RaftServerImpl (ServerState.java:setLeader(263)) - 33202acd-1a8c-41d7-b7d7-b00c34602f9b:group-8B01A5E769FD change Leader from null to 33202acd-1a8c-41d7-b7d7-b00c34602f9b at term 1 for becomeLeader, leader elected after 1432ms
2019-06-13 03:56:01,980 INFO  server.RaftServerConfigKeys (ConfUtils.java:logGet(43)) - raft.server.staging.catchup.gap = 1000 (default)
2019-06-13 03:56:01,980 INFO  server.RaftServerConfigKeys (ConfUtils.java:logGet(43)) - raft.server.rpc.sleep.time = 25ms (default)
2019-06-13 03:56:01,982 INFO  server.RaftServerConfigKeys (ConfUtils.java:logGet(43)) - raft.server.watch.timeout = 10s (default)
2019-06-13 03:56:01,982 INFO  server.RaftServerConfigKeys (ConfUtils.java:logGet(43)) - raft.server.watch.timeout.denomination = 1s (default)
2019-06-13 03:56:01,988 INFO  impl.RoleInfo (RoleInfo.java:updateAndGet(143)) - 33202acd-1a8c-41d7-b7d7-b00c34602f9b: start LeaderState
2019-06-13 03:56:02,006 INFO  storage.RaftLogWorker (RaftLogWorker.java:startLogSegment(298)) - 33202acd-1a8c-41d7-b7d7-b00c34602f9b-RaftLogWorker: Starting segment from index:0
2019-06-13 03:56:02,014 INFO  impl.RaftServerImpl (ServerState.java:setRaftConf(361)) - 33202acd-1a8c-41d7-b7d7-b00c34602f9b:group-8B01A5E769FD set configuration 0: [33202acd-1a8c-41d7-b7d7-b00c34602f9b:192.168.19.22:35261], old=null at 0
2019-06-13 03:56:02,182 INFO  storage.RaftLogWorker (RaftLogWorker.java:execute(469)) - 33202acd-1a8c-41d7-b7d7-b00c34602f9b-RaftLogWorker: created new log segment /opt/src/hadoop-ozone/integration-test/target/test-dir/MiniOzoneClusterImpl-c76a3a2c-182a-4364-88ec-6f6c84ce1a63/datanode-0/data/ratis/a34f0293-a24c-4e00-9fc2-8b01a5e769fd/current/log_inprogress_0
2019-06-13 03:56:02,250 INFO  impl.FollowerState (FollowerState.java:run(101)) - 465f52f6-fda4-4ad8-972d-c5f573af6500:group-2017404E48B6 changes to CANDIDATE, lastRpcTime:1151, electionTimeout:1147ms
2019-06-13 03:56:02,252 INFO  impl.RoleInfo (RoleInfo.java:shutdownFollowerState(121)) - 465f52f6-fda4-4ad8-972d-c5f573af6500: shutdown FollowerState
2019-06-13 03:56:02,252 INFO  impl.RaftServerImpl (RaftServerImpl.java:setRole(164)) - 465f52f6-fda4-4ad8-972d-c5f573af6500:group-2017404E48B6 changes role from FOLLOWER to CANDIDATE at term 0 for changeToCandidate
2019-06-13 03:56:02,252 INFO  impl.RoleInfo (RoleInfo.java:updateAndGet(143)) - 465f52f6-fda4-4ad8-972d-c5f573af6500: start LeaderElection
2019-06-13 03:56:02,258 INFO  impl.LeaderElection (LeaderElection.java:askForVotes(181)) - 465f52f6-fda4-4ad8-972d-c5f573af6500:group-2017404E48B6:LeaderElection2: begin an election at term 1 for -1: [465f52f6-fda4-4ad8-972d-c5f573af6500:192.168.19.22:46167], old=null
2019-06-13 03:56:02,259 INFO  impl.RoleInfo (RoleInfo.java:shutdownLeaderElection(134)) - 465f52f6-fda4-4ad8-972d-c5f573af6500: shutdown LeaderElection
2019-06-13 03:56:02,259 INFO  impl.RaftServerImpl (RaftServerImpl.java:setRole(164)) - 465f52f6-fda4-4ad8-972d-c5f573af6500:group-2017404E48B6 changes role from CANDIDATE to LEADER at term 1 for changeToLeader
2019-06-13 03:56:02,259 INFO  impl.RaftServerImpl (ServerState.java:setLeader(263)) - 465f52f6-fda4-4ad8-972d-c5f573af6500:group-2017404E48B6 change Leader from null to 465f52f6-fda4-4ad8-972d-c5f573af6500 at term 1 for becomeLeader, leader elected after 1181ms
2019-06-13 03:56:02,260 INFO  server.RaftServerConfigKeys (ConfUtils.java:logGet(43)) - raft.server.staging.catchup.gap = 1000 (default)
2019-06-13 03:56:02,260 INFO  server.RaftServerConfigKeys (ConfUtils.java:logGet(43)) - raft.server.rpc.sleep.time = 25ms (default)
2019-06-13 03:56:02,261 INFO  server.RaftServerConfigKeys (ConfUtils.java:logGet(43)) - raft.server.watch.timeout = 10s (default)
2019-06-13 03:56:02,261 INFO  server.RaftServerConfigKeys (ConfUtils.java:logGet(43)) - raft.server.watch.timeout.denomination = 1s (default)
2019-06-13 03:56:02,261 INFO  impl.RoleInfo (RoleInfo.java:updateAndGet(143)) - 465f52f6-fda4-4ad8-972d-c5f573af6500: start LeaderState
2019-06-13 03:56:02,261 INFO  storage.RaftLogWorker (RaftLogWorker.java:startLogSegment(298)) - 465f52f6-fda4-4ad8-972d-c5f573af6500-RaftLogWorker: Starting segment from index:0
2019-06-13 03:56:02,265 INFO  impl.FollowerState (FollowerState.java:run(101)) - 6e95da1e-678d-4c06-b40b-d7aba027492b:group-5B23FE865B5D changes to CANDIDATE, lastRpcTime:1021, electionTimeout:1021ms
2019-06-13 03:56:02,266 INFO  impl.RoleInfo (RoleInfo.java:shutdownFollowerState(121)) - 6e95da1e-678d-4c06-b40b-d7aba027492b: shutdown FollowerState
2019-06-13 03:56:02,266 INFO  impl.RaftServerImpl (RaftServerImpl.java:setRole(164)) - 6e95da1e-678d-4c06-b40b-d7aba027492b:group-5B23FE865B5D changes role from FOLLOWER to CANDIDATE at term 0 for changeToCandidate
2019-06-13 03:56:02,266 INFO  impl.RoleInfo (RoleInfo.java:updateAndGet(143)) - 6e95da1e-678d-4c06-b40b-d7aba027492b: start LeaderElection
2019-06-13 03:56:02,281 INFO  impl.RaftServerImpl (ServerState.java:setRaftConf(361)) - 465f52f6-fda4-4ad8-972d-c5f573af6500:group-2017404E48B6 set configuration 0: [465f52f6-fda4-4ad8-972d-c5f573af6500:192.168.19.22:46167], old=null at 0
2019-06-13 03:56:02,300 INFO  impl.FollowerState (FollowerState.java:run(101)) - 92ce1048-bf61-49d1-a757-d6c40b9089fd:group-CBB0E5BF55CC changes to CANDIDATE, lastRpcTime:1120, electionTimeout:1117ms
2019-06-13 03:56:02,303 INFO  impl.RoleInfo (RoleInfo.java:shutdownFollowerState(121)) - 92ce1048-bf61-49d1-a757-d6c40b9089fd: shutdown FollowerState
2019-06-13 03:56:02,304 INFO  impl.RaftServerImpl (RaftServerImpl.java:setRole(164)) - 92ce1048-bf61-49d1-a757-d6c40b9089fd:group-CBB0E5BF55CC changes role from FOLLOWER to CANDIDATE at term 0 for changeToCandidate
2019-06-13 03:56:02,304 INFO  impl.RoleInfo (RoleInfo.java:updateAndGet(143)) - 92ce1048-bf61-49d1-a757-d6c40b9089fd: start LeaderElection
2019-06-13 03:56:02,306 INFO  impl.LeaderElection (LeaderElection.java:askForVotes(181)) - 6e95da1e-678d-4c06-b40b-d7aba027492b:group-5B23FE865B5D:LeaderElection3: begin an election at term 1 for -1: [6e95da1e-678d-4c06-b40b-d7aba027492b:192.168.19.22:40523], old=null
2019-06-13 03:56:02,306 INFO  impl.RoleInfo (RoleInfo.java:shutdownLeaderElection(134)) - 6e95da1e-678d-4c06-b40b-d7aba027492b: shutdown LeaderElection
2019-06-13 03:56:02,306 INFO  impl.RaftServerImpl (RaftServerImpl.java:setRole(164)) - 6e95da1e-678d-4c06-b40b-d7aba027492b:group-5B23FE865B5D changes role from CANDIDATE to LEADER at term 1 for changeToLeader
2019-06-13 03:56:02,306 INFO  impl.RaftServerImpl (ServerState.java:setLeader(263)) - 6e95da1e-678d-4c06-b40b-d7aba027492b:group-5B23FE865B5D change Leader from null to 6e95da1e-678d-4c06-b40b-d7aba027492b at term 1 for becomeLeader, leader elected after 1064ms
2019-06-13 03:56:02,308 INFO  server.RaftServerConfigKeys (ConfUtils.java:logGet(43)) - raft.server.staging.catchup.gap = 1000 (default)
2019-06-13 03:56:02,312 INFO  server.RaftServerConfigKeys (ConfUtils.java:logGet(43)) - raft.server.rpc.sleep.time = 25ms (default)
2019-06-13 03:56:02,313 INFO  server.RaftServerConfigKeys (ConfUtils.java:logGet(43)) - raft.server.watch.timeout = 10s (default)
2019-06-13 03:56:02,313 INFO  server.RaftServerConfigKeys (ConfUtils.java:logGet(43)) - raft.server.watch.timeout.denomination = 1s (default)
2019-06-13 03:56:02,314 INFO  impl.RoleInfo (RoleInfo.java:updateAndGet(143)) - 6e95da1e-678d-4c06-b40b-d7aba027492b: start LeaderState
2019-06-13 03:56:02,314 INFO  storage.RaftLogWorker (RaftLogWorker.java:execute(469)) - 465f52f6-fda4-4ad8-972d-c5f573af6500-RaftLogWorker: created new log segment /opt/src/hadoop-ozone/integration-test/target/test-dir/MiniOzoneClusterImpl-c76a3a2c-182a-4364-88ec-6f6c84ce1a63/datanode-1/data/ratis/9a82c90a-565b-455a-8fb3-2017404e48b6/current/log_inprogress_0
2019-06-13 03:56:02,314 INFO  storage.RaftLogWorker (RaftLogWorker.java:startLogSegment(298)) - 6e95da1e-678d-4c06-b40b-d7aba027492b-RaftLogWorker: Starting segment from index:0
2019-06-13 03:56:02,314 INFO  impl.LeaderElection (LeaderElection.java:askForVotes(181)) - 92ce1048-bf61-49d1-a757-d6c40b9089fd:group-CBB0E5BF55CC:LeaderElection4: begin an election at term 1 for -1: [92ce1048-bf61-49d1-a757-d6c40b9089fd:192.168.19.22:35115], old=null
2019-06-13 03:56:02,314 INFO  impl.RoleInfo (RoleInfo.java:shutdownLeaderElection(134)) - 92ce1048-bf61-49d1-a757-d6c40b9089fd: shutdown LeaderElection
2019-06-13 03:56:02,314 INFO  impl.RaftServerImpl (RaftServerImpl.java:setRole(164)) - 92ce1048-bf61-49d1-a757-d6c40b9089fd:group-CBB0E5BF55CC changes role from CANDIDATE to LEADER at term 1 for changeToLeader
2019-06-13 03:56:02,314 INFO  impl.RaftServerImpl (ServerState.java:setLeader(263)) - 92ce1048-bf61-49d1-a757-d6c40b9089fd:group-CBB0E5BF55CC change Leader from null to 92ce1048-bf61-49d1-a757-d6c40b9089fd at term 1 for becomeLeader, leader elected after 1136ms
2019-06-13 03:56:02,315 INFO  server.RaftServerConfigKeys (ConfUtils.java:logGet(43)) - raft.server.staging.catchup.gap = 1000 (default)
2019-06-13 03:56:02,315 INFO  server.RaftServerConfigKeys (ConfUtils.java:logGet(43)) - raft.server.rpc.sleep.time = 25ms (default)
2019-06-13 03:56:02,315 INFO  server.RaftServerConfigKeys (ConfUtils.java:logGet(43)) - raft.server.watch.timeout = 10s (default)
2019-06-13 03:56:02,316 INFO  server.RaftServerConfigKeys (ConfUtils.java:logGet(43)) - raft.server.watch.timeout.denomination = 1s (default)
2019-06-13 03:56:02,316 INFO  impl.RoleInfo (RoleInfo.java:updateAndGet(143)) - 92ce1048-bf61-49d1-a757-d6c40b9089fd: start LeaderState
2019-06-13 03:56:02,316 INFO  storage.RaftLogWorker (RaftLogWorker.java:startLogSegment(298)) - 92ce1048-bf61-49d1-a757-d6c40b9089fd-RaftLogWorker: Starting segment from index:0
2019-06-13 03:56:02,321 INFO  impl.RaftServerImpl (ServerState.java:setRaftConf(361)) - 92ce1048-bf61-49d1-a757-d6c40b9089fd:group-CBB0E5BF55CC set configuration 0: [92ce1048-bf61-49d1-a757-d6c40b9089fd:192.168.19.22:35115], old=null at 0
2019-06-13 03:56:02,345 INFO  impl.RaftServerImpl (ServerState.java:setRaftConf(361)) - 6e95da1e-678d-4c06-b40b-d7aba027492b:group-5B23FE865B5D set configuration 0: [6e95da1e-678d-4c06-b40b-d7aba027492b:192.168.19.22:40523], old=null at 0
2019-06-13 03:56:02,371 INFO  storage.RaftLogWorker (RaftLogWorker.java:execute(469)) - 92ce1048-bf61-49d1-a757-d6c40b9089fd-RaftLogWorker: created new log segment /opt/src/hadoop-ozone/integration-test/target/test-dir/MiniOzoneClusterImpl-c76a3a2c-182a-4364-88ec-6f6c84ce1a63/datanode-3/data/ratis/1d3a1e99-b337-4c73-8989-cbb0e5bf55cc/current/log_inprogress_0
2019-06-13 03:56:02,372 INFO  storage.RaftLogWorker (RaftLogWorker.java:execute(469)) - 6e95da1e-678d-4c06-b40b-d7aba027492b-RaftLogWorker: created new log segment /opt/src/hadoop-ozone/integration-test/target/test-dir/MiniOzoneClusterImpl-c76a3a2c-182a-4364-88ec-6f6c84ce1a63/datanode-2/data/ratis/83b894e2-4c70-45c3-af89-5b23fe865b5d/current/log_inprogress_0
2019-06-13 03:56:02,412 INFO  ozone.MiniOzoneClusterImpl (MiniOzoneClusterImpl.java:lambda$waitForClusterToBeReady$0(142)) - Cluster is ready. Got 6 of 6 DN Heartbeats.
]]></system-out>
    <system-err><![CDATA[ERROR StatusLogger No Log4j 2 configuration file found. Using default configuration (logging only errors to the console), or user programmatically provided configurations. Set system property 'log4j2.debug' to show Log4j 2 internal initialization logging. See https://logging.apache.org/log4j/2.x/manual/configuration.html for instructions on how to configure Log4j 2
Jun 13, 2019 3:55:55 AM com.sun.jersey.server.impl.application.WebApplicationImpl _initiate
INFO: Initiating Jersey application, version 'Jersey: 1.19 02/11/2015 03:25 AM'
Jun 13, 2019 3:55:56 AM com.sun.jersey.server.impl.application.WebApplicationImpl _initiate
INFO: Initiating Jersey application, version 'Jersey: 1.19 02/11/2015 03:25 AM'
Jun 13, 2019 3:55:56 AM com.sun.jersey.server.impl.application.WebApplicationImpl _initiate
INFO: Initiating Jersey application, version 'Jersey: 1.19 02/11/2015 03:25 AM'
Jun 13, 2019 3:55:56 AM com.sun.jersey.server.impl.application.WebApplicationImpl _initiate
INFO: Initiating Jersey application, version 'Jersey: 1.19 02/11/2015 03:25 AM'
Jun 13, 2019 3:55:57 AM com.sun.jersey.server.impl.application.WebApplicationImpl _initiate
INFO: Initiating Jersey application, version 'Jersey: 1.19 02/11/2015 03:25 AM'
Jun 13, 2019 3:55:57 AM com.sun.jersey.server.impl.application.WebApplicationImpl _initiate
INFO: Initiating Jersey application, version 'Jersey: 1.19 02/11/2015 03:25 AM'
]]></system-err>
  </testcase>
</testsuite>