<?xml version="1.0" encoding="UTF-8"?>
<testsuite xmlns:xsi="http://www.w3.org/2001/XMLSchema-instance" xsi:noNamespaceSchemaLocation="https://maven.apache.org/surefire/maven-surefire-plugin/xsd/surefire-test-report.xsd" name="org.apache.hadoop.hdds.scm.pipeline.TestNodeFailure" time="10.555" tests="1" errors="0" skipped="1" failures="0">
  <properties>
    <property name="awt.toolkit" value="sun.awt.X11.XToolkit"/>
    <property name="file.encoding.pkg" value="sun.io"/>
    <property name="java.specification.version" value="1.8"/>
    <property name="sun.cpu.isalist" value=""/>
    <property name="sun.jnu.encoding" value="UTF-8"/>
    <property name="java.class.path" value="/opt/src/hadoop-ozone/integration-test/target/test-classes:/opt/src/hadoop-ozone/integration-test/target/classes:/root/.m2/repository/org/apache/hadoop/hadoop-ozone-common/0.5.0-SNAPSHOT/hadoop-ozone-common-0.5.0-SNAPSHOT.jar:/root/.m2/repository/org/apache/commons/commons-compress/1.4.1/commons-compress-1.4.1.jar:/root/.m2/repository/org/tukaani/xz/1.0/xz-1.0.jar:/root/.m2/repository/org/apache/hadoop/hadoop-common/3.2.0/hadoop-common-3.2.0.jar:/root/.m2/repository/org/apache/hadoop/hadoop-hdfs/3.2.0/hadoop-hdfs-3.2.0.jar:/root/.m2/repository/org/apache/hadoop/hadoop-hdfs-client/3.2.0/hadoop-hdfs-client-3.2.0.jar:/root/.m2/repository/com/fasterxml/jackson/core/jackson-annotations/2.9.5/jackson-annotations-2.9.5.jar:/root/.m2/repository/org/apache/hadoop/hadoop-hdds-common/0.5.0-SNAPSHOT/hadoop-hdds-common-0.5.0-SNAPSHOT.jar:/root/.m2/repository/javax/annotation/javax.annotation-api/1.2/javax.annotation-api-1.2.jar:/root/.m2/repository/org/apache/ratis/ratis-server/0.4.0-fe2b15d-SNAPSHOT/ratis-server-0.4.0-fe2b15d-SNAPSHOT.jar:/root/.m2/repository/org/apache/ratis/ratis-thirdparty-misc/0.2.0/ratis-thirdparty-misc-0.2.0.jar:/root/.m2/repository/org/apache/ratis/ratis-proto/0.4.0-fe2b15d-SNAPSHOT/ratis-proto-0.4.0-fe2b15d-SNAPSHOT.jar:/root/.m2/repository/org/apache/ratis/ratis-common/0.4.0-fe2b15d-SNAPSHOT/ratis-common-0.4.0-fe2b15d-SNAPSHOT.jar:/root/.m2/repository/org/apache/ratis/ratis-client/0.4.0-fe2b15d-SNAPSHOT/ratis-client-0.4.0-fe2b15d-SNAPSHOT.jar:/root/.m2/repository/org/apache/ratis/ratis-netty/0.4.0-fe2b15d-SNAPSHOT/ratis-netty-0.4.0-fe2b15d-SNAPSHOT.jar:/root/.m2/repository/org/apache/ratis/ratis-grpc/0.4.0-fe2b15d-SNAPSHOT/ratis-grpc-0.4.0-fe2b15d-SNAPSHOT.jar:/root/.m2/repository/org/rocksdb/rocksdbjni/5.14.2/rocksdbjni-5.14.2.jar:/root/.m2/repository/org/apache/logging/log4j/log4j-api/2.11.0/log4j-api-2.11.0.jar:/root/.m2/repository/org/apache/logging/log4j/log4j-core/2.11.0/log4j-core-2.11.0.jar:/root/.m2/repository/com/lmax/disruptor/3.4.2/disruptor-3.4.2.jar:/root/.m2/repository/org/apache/commons/commons-pool2/2.6.0/commons-pool2-2.6.0.jar:/root/.m2/repository/org/bouncycastle/bcpkix-jdk15on/1.60/bcpkix-jdk15on-1.60.jar:/root/.m2/repository/commons-validator/commons-validator/1.6/commons-validator-1.6.jar:/root/.m2/repository/commons-digester/commons-digester/1.8.1/commons-digester-1.8.1.jar:/root/.m2/repository/io/jaegertracing/jaeger-client/0.33.1/jaeger-client-0.33.1.jar:/root/.m2/repository/io/jaegertracing/jaeger-thrift/0.33.1/jaeger-thrift-0.33.1.jar:/root/.m2/repository/org/apache/thrift/libthrift/0.11.0/libthrift-0.11.0.jar:/root/.m2/repository/com/squareup/okhttp3/okhttp/3.9.0/okhttp-3.9.0.jar:/root/.m2/repository/com/squareup/okio/okio/1.13.0/okio-1.13.0.jar:/root/.m2/repository/io/jaegertracing/jaeger-core/0.33.1/jaeger-core-0.33.1.jar:/root/.m2/repository/io/jaegertracing/jaeger-tracerresolver/0.33.1/jaeger-tracerresolver-0.33.1.jar:/root/.m2/repository/io/opentracing/contrib/opentracing-tracerresolver/0.1.5/opentracing-tracerresolver-0.1.5.jar:/root/.m2/repository/io/opentracing/opentracing-util/0.31.0/opentracing-util-0.31.0.jar:/root/.m2/repository/io/opentracing/opentracing-api/0.31.0/opentracing-api-0.31.0.jar:/root/.m2/repository/io/opentracing/opentracing-noop/0.31.0/opentracing-noop-0.31.0.jar:/root/.m2/repository/org/apache/hadoop/hadoop-hdds-server-framework/0.5.0-SNAPSHOT/hadoop-hdds-server-framework-0.5.0-SNAPSHOT.jar:/root/.m2/repository/org/apache/hadoop/hadoop-hdds-server-scm/0.5.0-SNAPSHOT/hadoop-hdds-server-scm-0.5.0-SNAPSHOT.jar:/root/.m2/repository/org/apache/hadoop/hadoop-hdds-container-service/0.5.0-SNAPSHOT/hadoop-hdds-container-service-0.5.0-SNAPSHOT.jar:/root/.m2/repository/org/apache/hadoop/hadoop-hdds-client/0.5.0-SNAPSHOT/hadoop-hdds-client-0.5.0-SNAPSHOT.jar:/root/.m2/repository/org/apache/hadoop/hadoop-hdds-tools/0.5.0-SNAPSHOT/hadoop-hdds-tools-0.5.0-SNAPSHOT.jar:/root/.m2/repository/org/apache/hadoop/hadoop-ozone-ozone-manager/0.5.0-SNAPSHOT/hadoop-ozone-ozone-manager-0.5.0-SNAPSHOT.jar:/root/.m2/repository/org/apache/hadoop/hadoop-hdds-docs/0.5.0-SNAPSHOT/hadoop-hdds-docs-0.5.0-SNAPSHOT.jar:/root/.m2/repository/org/bouncycastle/bcprov-jdk15on/1.60/bcprov-jdk15on-1.60.jar:/root/.m2/repository/org/apache/hadoop/hadoop-minikdc/3.2.0/hadoop-minikdc-3.2.0.jar:/root/.m2/repository/commons-io/commons-io/2.5/commons-io-2.5.jar:/root/.m2/repository/org/apache/kerby/kerb-simplekdc/1.0.1/kerb-simplekdc-1.0.1.jar:/root/.m2/repository/org/apache/kerby/kerb-client/1.0.1/kerb-client-1.0.1.jar:/root/.m2/repository/org/apache/kerby/kerby-config/1.0.1/kerby-config-1.0.1.jar:/root/.m2/repository/org/apache/kerby/kerb-core/1.0.1/kerb-core-1.0.1.jar:/root/.m2/repository/org/apache/kerby/kerby-pkix/1.0.1/kerby-pkix-1.0.1.jar:/root/.m2/repository/org/apache/kerby/kerby-asn1/1.0.1/kerby-asn1-1.0.1.jar:/root/.m2/repository/org/apache/kerby/kerby-util/1.0.1/kerby-util-1.0.1.jar:/root/.m2/repository/org/apache/kerby/kerb-common/1.0.1/kerb-common-1.0.1.jar:/root/.m2/repository/org/apache/kerby/kerb-crypto/1.0.1/kerb-crypto-1.0.1.jar:/root/.m2/repository/org/apache/kerby/kerb-util/1.0.1/kerb-util-1.0.1.jar:/root/.m2/repository/org/apache/kerby/token-provider/1.0.1/token-provider-1.0.1.jar:/root/.m2/repository/org/apache/kerby/kerb-admin/1.0.1/kerb-admin-1.0.1.jar:/root/.m2/repository/org/apache/kerby/kerb-server/1.0.1/kerb-server-1.0.1.jar:/root/.m2/repository/org/apache/kerby/kerb-identity/1.0.1/kerb-identity-1.0.1.jar:/root/.m2/repository/org/apache/kerby/kerby-xdr/1.0.1/kerby-xdr-1.0.1.jar:/root/.m2/repository/org/slf4j/slf4j-log4j12/1.7.25/slf4j-log4j12-1.7.25.jar:/root/.m2/repository/org/apache/hadoop/hadoop-ozone-objectstore-service/0.5.0-SNAPSHOT/hadoop-ozone-objectstore-service-0.5.0-SNAPSHOT.jar:/root/.m2/repository/org/apache/hadoop/hadoop-ozone-s3gateway/0.5.0-SNAPSHOT/hadoop-ozone-s3gateway-0.5.0-SNAPSHOT.jar:/root/.m2/repository/org/jboss/weld/servlet/weld-servlet/2.4.7.Final/weld-servlet-2.4.7.Final.jar:/root/.m2/repository/org/glassfish/jersey/containers/jersey-container-servlet-core/2.27/jersey-container-servlet-core-2.27.jar:/root/.m2/repository/org/glassfish/hk2/external/javax.inject/2.5.0-b42/javax.inject-2.5.0-b42.jar:/root/.m2/repository/org/glassfish/jersey/core/jersey-common/2.27/jersey-common-2.27.jar:/root/.m2/repository/org/glassfish/hk2/osgi-resource-locator/1.0.1/osgi-resource-locator-1.0.1.jar:/root/.m2/repository/javax/ws/rs/javax.ws.rs-api/2.1/javax.ws.rs-api-2.1.jar:/root/.m2/repository/org/glassfish/jersey/ext/cdi/jersey-cdi1x/2.27/jersey-cdi1x-2.27.jar:/root/.m2/repository/org/glassfish/jersey/inject/jersey-hk2/2.27/jersey-hk2-2.27.jar:/root/.m2/repository/org/glassfish/hk2/hk2-locator/2.5.0-b42/hk2-locator-2.5.0-b42.jar:/root/.m2/repository/org/javassist/javassist/3.22.0-CR2/javassist-3.22.0-CR2.jar:/root/.m2/repository/org/glassfish/hk2/hk2-api/2.5.0/hk2-api-2.5.0.jar:/root/.m2/repository/org/glassfish/hk2/external/jakarta.inject/2.5.0/jakarta.inject-2.5.0.jar:/root/.m2/repository/org/glassfish/hk2/hk2-utils/2.5.0/hk2-utils-2.5.0.jar:/root/.m2/repository/jakarta/annotation/jakarta.annotation-api/1.3.4/jakarta.annotation-api-1.3.4.jar:/root/.m2/repository/org/glassfish/hk2/external/aopalliance-repackaged/2.5.0/aopalliance-repackaged-2.5.0.jar:/root/.m2/repository/com/fasterxml/jackson/dataformat/jackson-dataformat-xml/2.9.0/jackson-dataformat-xml-2.9.0.jar:/root/.m2/repository/com/fasterxml/jackson/core/jackson-core/2.9.5/jackson-core-2.9.5.jar:/root/.m2/repository/com/fasterxml/jackson/module/jackson-module-jaxb-annotations/2.9.5/jackson-module-jaxb-annotations-2.9.5.jar:/root/.m2/repository/javax/enterprise/cdi-api/1.2/cdi-api-1.2.jar:/root/.m2/repository/javax/el/javax.el-api/3.0.0/javax.el-api-3.0.0.jar:/root/.m2/repository/javax/interceptor/javax.interceptor-api/1.2/javax.interceptor-api-1.2.jar:/root/.m2/repository/javax/inject/javax.inject/1/javax.inject-1.jar:/root/.m2/repository/com/sun/xml/bind/jaxb-impl/2.3.0.1/jaxb-impl-2.3.0.1.jar:/root/.m2/repository/com/sun/xml/bind/jaxb-core/2.3.0.1/jaxb-core-2.3.0.1.jar:/root/.m2/repository/javax/xml/bind/jaxb-api/2.3.0/jaxb-api-2.3.0.jar:/root/.m2/repository/javax/activation/activation/1.1.1/activation-1.1.1.jar:/root/.m2/repository/org/apache/hadoop/hadoop-ozone-csi/0.5.0-SNAPSHOT/hadoop-ozone-csi-0.5.0-SNAPSHOT.jar:/root/.m2/repository/com/google/protobuf/protobuf-java-util/3.5.1/protobuf-java-util-3.5.1.jar:/root/.m2/repository/org/apache/hadoop/hadoop-hdds-config/0.5.0-SNAPSHOT/hadoop-hdds-config-0.5.0-SNAPSHOT.jar:/root/.m2/repository/com/google/guava/guava/11.0.2/guava-11.0.2.jar:/root/.m2/repository/com/google/protobuf/protobuf-java/2.5.0/protobuf-java-2.5.0.jar:/root/.m2/repository/io/grpc/grpc-netty/1.17.1/grpc-netty-1.17.1.jar:/root/.m2/repository/io/grpc/grpc-core/1.17.1/grpc-core-1.17.1.jar:/root/.m2/repository/io/grpc/grpc-context/1.17.1/grpc-context-1.17.1.jar:/root/.m2/repository/com/google/errorprone/error_prone_annotations/2.2.0/error_prone_annotations-2.2.0.jar:/root/.m2/repository/org/codehaus/mojo/animal-sniffer-annotations/1.17/animal-sniffer-annotations-1.17.jar:/root/.m2/repository/io/opencensus/opencensus-api/0.17.0/opencensus-api-0.17.0.jar:/root/.m2/repository/io/opencensus/opencensus-contrib-grpc-metrics/0.17.0/opencensus-contrib-grpc-metrics-0.17.0.jar:/root/.m2/repository/io/netty/netty-codec-http2/4.1.30.Final/netty-codec-http2-4.1.30.Final.jar:/root/.m2/repository/io/netty/netty-codec-http/4.1.30.Final/netty-codec-http-4.1.30.Final.jar:/root/.m2/repository/io/netty/netty-codec/4.1.30.Final/netty-codec-4.1.30.Final.jar:/root/.m2/repository/io/netty/netty-handler/4.1.30.Final/netty-handler-4.1.30.Final.jar:/root/.m2/repository/io/netty/netty-handler-proxy/4.1.30.Final/netty-handler-proxy-4.1.30.Final.jar:/root/.m2/repository/io/netty/netty-codec-socks/4.1.30.Final/netty-codec-socks-4.1.30.Final.jar:/root/.m2/repository/io/netty/netty-transport-native-epoll/4.1.30.Final/netty-transport-native-epoll-4.1.30.Final.jar:/root/.m2/repository/io/netty/netty-common/4.1.30.Final/netty-common-4.1.30.Final.jar:/root/.m2/repository/io/netty/netty-buffer/4.1.30.Final/netty-buffer-4.1.30.Final.jar:/root/.m2/repository/io/netty/netty-transport/4.1.30.Final/netty-transport-4.1.30.Final.jar:/root/.m2/repository/io/netty/netty-resolver/4.1.30.Final/netty-resolver-4.1.30.Final.jar:/root/.m2/repository/io/netty/netty-transport-native-unix-common/4.1.30.Final/netty-transport-native-unix-common-4.1.30.Final.jar:/root/.m2/repository/io/grpc/grpc-protobuf/1.17.1/grpc-protobuf-1.17.1.jar:/root/.m2/repository/com/google/api/grpc/proto-google-common-protos/1.0.0/proto-google-common-protos-1.0.0.jar:/root/.m2/repository/io/grpc/grpc-protobuf-lite/1.17.1/grpc-protobuf-lite-1.17.1.jar:/root/.m2/repository/io/grpc/grpc-stub/1.17.1/grpc-stub-1.17.1.jar:/root/.m2/repository/org/apache/hadoop/hadoop-ozone-recon/0.5.0-SNAPSHOT/hadoop-ozone-recon-0.5.0-SNAPSHOT.jar:/root/.m2/repository/org/apache/hadoop/hadoop-ozone-reconcodegen/0.5.0-SNAPSHOT/hadoop-ozone-reconcodegen-0.5.0-SNAPSHOT.jar:/root/.m2/repository/com/google/inject/extensions/guice-multibindings/4.0/guice-multibindings-4.0.jar:/root/.m2/repository/com/google/inject/guice/4.0/guice-4.0.jar:/root/.m2/repository/aopalliance/aopalliance/1.0/aopalliance-1.0.jar:/root/.m2/repository/com/google/inject/extensions/guice-servlet/4.0/guice-servlet-4.0.jar:/root/.m2/repository/org/glassfish/jersey/containers/jersey-container-servlet/2.27/jersey-container-servlet-2.27.jar:/root/.m2/repository/org/glassfish/hk2/guice-bridge/2.5.0/guice-bridge-2.5.0.jar:/root/.m2/repository/org/glassfish/jersey/core/jersey-server/2.27/jersey-server-2.27.jar:/root/.m2/repository/org/glassfish/jersey/core/jersey-client/2.27/jersey-client-2.27.jar:/root/.m2/repository/org/glassfish/jersey/media/jersey-media-jaxb/2.27/jersey-media-jaxb-2.27.jar:/root/.m2/repository/javax/validation/validation-api/1.1.0.Final/validation-api-1.1.0.Final.jar:/root/.m2/repository/org/glassfish/jersey/media/jersey-media-json-jackson/2.27/jersey-media-json-jackson-2.27.jar:/root/.m2/repository/org/glassfish/jersey/ext/jersey-entity-filtering/2.27/jersey-entity-filtering-2.27.jar:/root/.m2/repository/com/google/inject/extensions/guice-assistedinject/4.0/guice-assistedinject-4.0.jar:/root/.m2/repository/org/jooq/jooq/3.11.10/jooq-3.11.10.jar:/root/.m2/repository/org/jooq/jooq-meta/3.11.10/jooq-meta-3.11.10.jar:/root/.m2/repository/org/jooq/jooq-codegen/3.11.10/jooq-codegen-3.11.10.jar:/root/.m2/repository/com/jolbox/bonecp/0.8.0.RELEASE/bonecp-0.8.0.RELEASE.jar:/root/.m2/repository/org/xerial/sqlite-jdbc/3.25.2/sqlite-jdbc-3.25.2.jar:/root/.m2/repository/org/springframework/spring-jdbc/5.1.3.RELEASE/spring-jdbc-5.1.3.RELEASE.jar:/root/.m2/repository/org/springframework/spring-beans/5.1.3.RELEASE/spring-beans-5.1.3.RELEASE.jar:/root/.m2/repository/org/springframework/spring-core/5.1.3.RELEASE/spring-core-5.1.3.RELEASE.jar:/root/.m2/repository/org/springframework/spring-jcl/5.1.3.RELEASE/spring-jcl-5.1.3.RELEASE.jar:/root/.m2/repository/org/springframework/spring-tx/5.1.3.RELEASE/spring-tx-5.1.3.RELEASE.jar:/root/.m2/repository/org/apache/hadoop/hadoop-ozone-client/0.5.0-SNAPSHOT/hadoop-ozone-client-0.5.0-SNAPSHOT.jar:/root/.m2/repository/org/apache/hadoop/hadoop-ozone-ozone-manager/0.5.0-SNAPSHOT/hadoop-ozone-ozone-manager-0.5.0-SNAPSHOT-tests.jar:/root/.m2/repository/junit/junit/4.11/junit-4.11.jar:/root/.m2/repository/org/hamcrest/hamcrest-core/1.3/hamcrest-core-1.3.jar:/root/.m2/repository/org/openjdk/jmh/jmh-core/1.19/jmh-core-1.19.jar:/root/.m2/repository/net/sf/jopt-simple/jopt-simple/4.6/jopt-simple-4.6.jar:/root/.m2/repository/org/apache/commons/commons-math3/3.1.1/commons-math3-3.1.1.jar:/root/.m2/repository/org/openjdk/jmh/jmh-generator-annprocess/1.19/jmh-generator-annprocess-1.19.jar:/root/.m2/repository/org/mockito/mockito-all/1.8.5/mockito-all-1.8.5.jar:/root/.m2/repository/org/apache/hadoop/hadoop-kms/3.2.0/hadoop-kms-3.2.0.jar:/root/.m2/repository/org/apache/hadoop/hadoop-auth/3.2.0/hadoop-auth-3.2.0.jar:/root/.m2/repository/com/nimbusds/nimbus-jose-jwt/4.41.1/nimbus-jose-jwt-4.41.1.jar:/root/.m2/repository/com/github/stephenc/jcip/jcip-annotations/1.0-1/jcip-annotations-1.0-1.jar:/root/.m2/repository/net/minidev/json-smart/2.3/json-smart-2.3.jar:/root/.m2/repository/net/minidev/accessors-smart/1.2/accessors-smart-1.2.jar:/root/.m2/repository/org/ow2/asm/asm/5.0.4/asm-5.0.4.jar:/root/.m2/repository/org/apache/curator/curator-framework/2.12.0/curator-framework-2.12.0.jar:/root/.m2/repository/com/sun/jersey/jersey-core/1.19/jersey-core-1.19.jar:/root/.m2/repository/javax/ws/rs/jsr311-api/1.1.1/jsr311-api-1.1.1.jar:/root/.m2/repository/com/sun/jersey/jersey-server/1.19/jersey-server-1.19.jar:/root/.m2/repository/javax/servlet/javax.servlet-api/3.1.0/javax.servlet-api-3.1.0.jar:/root/.m2/repository/org/eclipse/jetty/jetty-server/9.3.24.v20180605/jetty-server-9.3.24.v20180605.jar:/root/.m2/repository/org/eclipse/jetty/jetty-http/9.3.24.v20180605/jetty-http-9.3.24.v20180605.jar:/root/.m2/repository/org/eclipse/jetty/jetty-io/9.3.24.v20180605/jetty-io-9.3.24.v20180605.jar:/root/.m2/repository/org/eclipse/jetty/jetty-webapp/9.3.24.v20180605/jetty-webapp-9.3.24.v20180605.jar:/root/.m2/repository/org/eclipse/jetty/jetty-xml/9.3.24.v20180605/jetty-xml-9.3.24.v20180605.jar:/root/.m2/repository/log4j/log4j/1.2.17/log4j-1.2.17.jar:/root/.m2/repository/org/slf4j/slf4j-api/1.7.25/slf4j-api-1.7.25.jar:/root/.m2/repository/org/slf4j/jul-to-slf4j/1.7.25/jul-to-slf4j-1.7.25.jar:/root/.m2/repository/org/eclipse/jetty/jetty-util/9.3.24.v20180605/jetty-util-9.3.24.v20180605.jar:/root/.m2/repository/io/dropwizard/metrics/metrics-core/3.2.4/metrics-core-3.2.4.jar:/root/.m2/repository/com/fasterxml/jackson/core/jackson-databind/2.9.5/jackson-databind-2.9.5.jar:/root/.m2/repository/org/apache/hadoop/hadoop-kms/3.2.0/hadoop-kms-3.2.0-tests.jar:/root/.m2/repository/org/apache/hadoop/hadoop-hdds-server-scm/0.5.0-SNAPSHOT/hadoop-hdds-server-scm-0.5.0-SNAPSHOT-tests.jar:/root/.m2/repository/org/hamcrest/hamcrest-all/1.3/hamcrest-all-1.3.jar:/root/.m2/repository/info/picocli/picocli/3.9.6/picocli-3.9.6.jar:/root/.m2/repository/org/apache/hadoop/hadoop-hdds-container-service/0.5.0-SNAPSHOT/hadoop-hdds-container-service-0.5.0-SNAPSHOT-tests.jar:/root/.m2/repository/org/yaml/snakeyaml/1.16/snakeyaml-1.16.jar:/root/.m2/repository/org/apache/hadoop/hadoop-common/3.2.0/hadoop-common-3.2.0-tests.jar:/root/.m2/repository/org/apache/hadoop/hadoop-annotations/3.2.0/hadoop-annotations-3.2.0.jar:/usr/lib/jvm/java-1.8-openjdk/jre/../lib/tools.jar:/root/.m2/repository/commons-cli/commons-cli/1.2/commons-cli-1.2.jar:/root/.m2/repository/org/apache/httpcomponents/httpclient/4.5.2/httpclient-4.5.2.jar:/root/.m2/repository/org/apache/httpcomponents/httpcore/4.4.4/httpcore-4.4.4.jar:/root/.m2/repository/commons-codec/commons-codec/1.11/commons-codec-1.11.jar:/root/.m2/repository/commons-net/commons-net/3.6/commons-net-3.6.jar:/root/.m2/repository/commons-collections/commons-collections/3.2.2/commons-collections-3.2.2.jar:/root/.m2/repository/org/eclipse/jetty/jetty-servlet/9.3.24.v20180605/jetty-servlet-9.3.24.v20180605.jar:/root/.m2/repository/org/eclipse/jetty/jetty-security/9.3.24.v20180605/jetty-security-9.3.24.v20180605.jar:/root/.m2/repository/javax/servlet/jsp/jsp-api/2.1/jsp-api-2.1.jar:/root/.m2/repository/com/sun/jersey/jersey-servlet/1.19/jersey-servlet-1.19.jar:/root/.m2/repository/com/sun/jersey/jersey-json/1.19/jersey-json-1.19.jar:/root/.m2/repository/org/codehaus/jettison/jettison/1.1/jettison-1.1.jar:/root/.m2/repository/org/codehaus/jackson/jackson-core-asl/1.9.13/jackson-core-asl-1.9.13.jar:/root/.m2/repository/org/codehaus/jackson/jackson-mapper-asl/1.9.13/jackson-mapper-asl-1.9.13.jar:/root/.m2/repository/org/codehaus/jackson/jackson-jaxrs/1.9.13/jackson-jaxrs-1.9.13.jar:/root/.m2/repository/org/codehaus/jackson/jackson-xc/1.9.13/jackson-xc-1.9.13.jar:/root/.m2/repository/commons-logging/commons-logging/1.1.3/commons-logging-1.1.3.jar:/root/.m2/repository/commons-beanutils/commons-beanutils/1.9.3/commons-beanutils-1.9.3.jar:/root/.m2/repository/org/apache/commons/commons-configuration2/2.1.1/commons-configuration2-2.1.1.jar:/root/.m2/repository/org/apache/commons/commons-lang3/3.7/commons-lang3-3.7.jar:/root/.m2/repository/org/apache/commons/commons-text/1.4/commons-text-1.4.jar:/root/.m2/repository/org/apache/avro/avro/1.7.7/avro-1.7.7.jar:/root/.m2/repository/com/thoughtworks/paranamer/paranamer/2.3/paranamer-2.3.jar:/root/.m2/repository/org/xerial/snappy/snappy-java/1.0.5/snappy-java-1.0.5.jar:/root/.m2/repository/com/google/re2j/re2j/1.1/re2j-1.1.jar:/root/.m2/repository/com/google/code/gson/gson/2.2.4/gson-2.2.4.jar:/root/.m2/repository/com/jcraft/jsch/0.1.54/jsch-0.1.54.jar:/root/.m2/repository/org/apache/curator/curator-client/2.12.0/curator-client-2.12.0.jar:/root/.m2/repository/org/apache/curator/curator-recipes/2.12.0/curator-recipes-2.12.0.jar:/root/.m2/repository/com/google/code/findbugs/jsr305/3.0.0/jsr305-3.0.0.jar:/root/.m2/repository/org/apache/htrace/htrace-core4/4.1.0-incubating/htrace-core4-4.1.0-incubating.jar:/root/.m2/repository/org/apache/zookeeper/zookeeper/3.4.13/zookeeper-3.4.13.jar:/root/.m2/repository/org/apache/yetus/audience-annotations/0.5.0/audience-annotations-0.5.0.jar:/root/.m2/repository/org/codehaus/woodstox/stax2-api/3.1.4/stax2-api-3.1.4.jar:/root/.m2/repository/com/fasterxml/woodstox/woodstox-core/5.0.3/woodstox-core-5.0.3.jar:/root/.m2/repository/dnsjava/dnsjava/2.1.7/dnsjava-2.1.7.jar:/root/.m2/repository/org/apache/hadoop/hadoop-hdfs/3.2.0/hadoop-hdfs-3.2.0-tests.jar:/root/.m2/repository/org/eclipse/jetty/jetty-util-ajax/9.3.24.v20180605/jetty-util-ajax-9.3.24.v20180605.jar:/root/.m2/repository/commons-daemon/commons-daemon/1.0.13/commons-daemon-1.0.13.jar:/root/.m2/repository/io/netty/netty/3.10.5.Final/netty-3.10.5.Final.jar:/root/.m2/repository/io/netty/netty-all/4.0.52.Final/netty-all-4.0.52.Final.jar:/root/.m2/repository/org/fusesource/leveldbjni/leveldbjni-all/1.8/leveldbjni-all-1.8.jar:"/>
    <property name="java.vm.vendor" value="IcedTea"/>
    <property name="sun.arch.data.model" value="64"/>
    <property name="test.build.dir" value="/opt/src/hadoop-ozone/integration-test/target/test-dir"/>
    <property name="test.cache.data" value=""/>
    <property name="java.vendor.url" value="https://icedtea.classpath.org"/>
    <property name="user.timezone" value=""/>
    <property name="java.vm.specification.version" value="1.8"/>
    <property name="os.name" value="Linux"/>
    <property name="test.build.data" value="/opt/src/hadoop-ozone/integration-test/target/test-dir"/>
    <property name="user.country" value="US"/>
    <property name="sun.java.launcher" value="SUN_STANDARD"/>
    <property name="sun.boot.library.path" value="/usr/lib/jvm/java-1.8-openjdk/jre/lib/amd64"/>
    <property name="sun.java.command" value="/opt/src/hadoop-ozone/integration-test/target/surefire/surefirebooter2062888631180405495.jar /opt/src/hadoop-ozone/integration-test/target/surefire 2019-06-12T22-33-08_236-jvmRun1 surefire6133178652838191183tmp surefire_87388943112789538699tmp"/>
    <property name="surefire.test.class.path" value="/opt/src/hadoop-ozone/integration-test/target/test-classes:/opt/src/hadoop-ozone/integration-test/target/classes:/root/.m2/repository/org/apache/hadoop/hadoop-ozone-common/0.5.0-SNAPSHOT/hadoop-ozone-common-0.5.0-SNAPSHOT.jar:/root/.m2/repository/org/apache/commons/commons-compress/1.4.1/commons-compress-1.4.1.jar:/root/.m2/repository/org/tukaani/xz/1.0/xz-1.0.jar:/root/.m2/repository/org/apache/hadoop/hadoop-common/3.2.0/hadoop-common-3.2.0.jar:/root/.m2/repository/org/apache/hadoop/hadoop-hdfs/3.2.0/hadoop-hdfs-3.2.0.jar:/root/.m2/repository/org/apache/hadoop/hadoop-hdfs-client/3.2.0/hadoop-hdfs-client-3.2.0.jar:/root/.m2/repository/com/fasterxml/jackson/core/jackson-annotations/2.9.5/jackson-annotations-2.9.5.jar:/root/.m2/repository/org/apache/hadoop/hadoop-hdds-common/0.5.0-SNAPSHOT/hadoop-hdds-common-0.5.0-SNAPSHOT.jar:/root/.m2/repository/javax/annotation/javax.annotation-api/1.2/javax.annotation-api-1.2.jar:/root/.m2/repository/org/apache/ratis/ratis-server/0.4.0-fe2b15d-SNAPSHOT/ratis-server-0.4.0-fe2b15d-SNAPSHOT.jar:/root/.m2/repository/org/apache/ratis/ratis-thirdparty-misc/0.2.0/ratis-thirdparty-misc-0.2.0.jar:/root/.m2/repository/org/apache/ratis/ratis-proto/0.4.0-fe2b15d-SNAPSHOT/ratis-proto-0.4.0-fe2b15d-SNAPSHOT.jar:/root/.m2/repository/org/apache/ratis/ratis-common/0.4.0-fe2b15d-SNAPSHOT/ratis-common-0.4.0-fe2b15d-SNAPSHOT.jar:/root/.m2/repository/org/apache/ratis/ratis-client/0.4.0-fe2b15d-SNAPSHOT/ratis-client-0.4.0-fe2b15d-SNAPSHOT.jar:/root/.m2/repository/org/apache/ratis/ratis-netty/0.4.0-fe2b15d-SNAPSHOT/ratis-netty-0.4.0-fe2b15d-SNAPSHOT.jar:/root/.m2/repository/org/apache/ratis/ratis-grpc/0.4.0-fe2b15d-SNAPSHOT/ratis-grpc-0.4.0-fe2b15d-SNAPSHOT.jar:/root/.m2/repository/org/rocksdb/rocksdbjni/5.14.2/rocksdbjni-5.14.2.jar:/root/.m2/repository/org/apache/logging/log4j/log4j-api/2.11.0/log4j-api-2.11.0.jar:/root/.m2/repository/org/apache/logging/log4j/log4j-core/2.11.0/log4j-core-2.11.0.jar:/root/.m2/repository/com/lmax/disruptor/3.4.2/disruptor-3.4.2.jar:/root/.m2/repository/org/apache/commons/commons-pool2/2.6.0/commons-pool2-2.6.0.jar:/root/.m2/repository/org/bouncycastle/bcpkix-jdk15on/1.60/bcpkix-jdk15on-1.60.jar:/root/.m2/repository/commons-validator/commons-validator/1.6/commons-validator-1.6.jar:/root/.m2/repository/commons-digester/commons-digester/1.8.1/commons-digester-1.8.1.jar:/root/.m2/repository/io/jaegertracing/jaeger-client/0.33.1/jaeger-client-0.33.1.jar:/root/.m2/repository/io/jaegertracing/jaeger-thrift/0.33.1/jaeger-thrift-0.33.1.jar:/root/.m2/repository/org/apache/thrift/libthrift/0.11.0/libthrift-0.11.0.jar:/root/.m2/repository/com/squareup/okhttp3/okhttp/3.9.0/okhttp-3.9.0.jar:/root/.m2/repository/com/squareup/okio/okio/1.13.0/okio-1.13.0.jar:/root/.m2/repository/io/jaegertracing/jaeger-core/0.33.1/jaeger-core-0.33.1.jar:/root/.m2/repository/io/jaegertracing/jaeger-tracerresolver/0.33.1/jaeger-tracerresolver-0.33.1.jar:/root/.m2/repository/io/opentracing/contrib/opentracing-tracerresolver/0.1.5/opentracing-tracerresolver-0.1.5.jar:/root/.m2/repository/io/opentracing/opentracing-util/0.31.0/opentracing-util-0.31.0.jar:/root/.m2/repository/io/opentracing/opentracing-api/0.31.0/opentracing-api-0.31.0.jar:/root/.m2/repository/io/opentracing/opentracing-noop/0.31.0/opentracing-noop-0.31.0.jar:/root/.m2/repository/org/apache/hadoop/hadoop-hdds-server-framework/0.5.0-SNAPSHOT/hadoop-hdds-server-framework-0.5.0-SNAPSHOT.jar:/root/.m2/repository/org/apache/hadoop/hadoop-hdds-server-scm/0.5.0-SNAPSHOT/hadoop-hdds-server-scm-0.5.0-SNAPSHOT.jar:/root/.m2/repository/org/apache/hadoop/hadoop-hdds-container-service/0.5.0-SNAPSHOT/hadoop-hdds-container-service-0.5.0-SNAPSHOT.jar:/root/.m2/repository/org/apache/hadoop/hadoop-hdds-client/0.5.0-SNAPSHOT/hadoop-hdds-client-0.5.0-SNAPSHOT.jar:/root/.m2/repository/org/apache/hadoop/hadoop-hdds-tools/0.5.0-SNAPSHOT/hadoop-hdds-tools-0.5.0-SNAPSHOT.jar:/root/.m2/repository/org/apache/hadoop/hadoop-ozone-ozone-manager/0.5.0-SNAPSHOT/hadoop-ozone-ozone-manager-0.5.0-SNAPSHOT.jar:/root/.m2/repository/org/apache/hadoop/hadoop-hdds-docs/0.5.0-SNAPSHOT/hadoop-hdds-docs-0.5.0-SNAPSHOT.jar:/root/.m2/repository/org/bouncycastle/bcprov-jdk15on/1.60/bcprov-jdk15on-1.60.jar:/root/.m2/repository/org/apache/hadoop/hadoop-minikdc/3.2.0/hadoop-minikdc-3.2.0.jar:/root/.m2/repository/commons-io/commons-io/2.5/commons-io-2.5.jar:/root/.m2/repository/org/apache/kerby/kerb-simplekdc/1.0.1/kerb-simplekdc-1.0.1.jar:/root/.m2/repository/org/apache/kerby/kerb-client/1.0.1/kerb-client-1.0.1.jar:/root/.m2/repository/org/apache/kerby/kerby-config/1.0.1/kerby-config-1.0.1.jar:/root/.m2/repository/org/apache/kerby/kerb-core/1.0.1/kerb-core-1.0.1.jar:/root/.m2/repository/org/apache/kerby/kerby-pkix/1.0.1/kerby-pkix-1.0.1.jar:/root/.m2/repository/org/apache/kerby/kerby-asn1/1.0.1/kerby-asn1-1.0.1.jar:/root/.m2/repository/org/apache/kerby/kerby-util/1.0.1/kerby-util-1.0.1.jar:/root/.m2/repository/org/apache/kerby/kerb-common/1.0.1/kerb-common-1.0.1.jar:/root/.m2/repository/org/apache/kerby/kerb-crypto/1.0.1/kerb-crypto-1.0.1.jar:/root/.m2/repository/org/apache/kerby/kerb-util/1.0.1/kerb-util-1.0.1.jar:/root/.m2/repository/org/apache/kerby/token-provider/1.0.1/token-provider-1.0.1.jar:/root/.m2/repository/org/apache/kerby/kerb-admin/1.0.1/kerb-admin-1.0.1.jar:/root/.m2/repository/org/apache/kerby/kerb-server/1.0.1/kerb-server-1.0.1.jar:/root/.m2/repository/org/apache/kerby/kerb-identity/1.0.1/kerb-identity-1.0.1.jar:/root/.m2/repository/org/apache/kerby/kerby-xdr/1.0.1/kerby-xdr-1.0.1.jar:/root/.m2/repository/org/slf4j/slf4j-log4j12/1.7.25/slf4j-log4j12-1.7.25.jar:/root/.m2/repository/org/apache/hadoop/hadoop-ozone-objectstore-service/0.5.0-SNAPSHOT/hadoop-ozone-objectstore-service-0.5.0-SNAPSHOT.jar:/root/.m2/repository/org/apache/hadoop/hadoop-ozone-s3gateway/0.5.0-SNAPSHOT/hadoop-ozone-s3gateway-0.5.0-SNAPSHOT.jar:/root/.m2/repository/org/jboss/weld/servlet/weld-servlet/2.4.7.Final/weld-servlet-2.4.7.Final.jar:/root/.m2/repository/org/glassfish/jersey/containers/jersey-container-servlet-core/2.27/jersey-container-servlet-core-2.27.jar:/root/.m2/repository/org/glassfish/hk2/external/javax.inject/2.5.0-b42/javax.inject-2.5.0-b42.jar:/root/.m2/repository/org/glassfish/jersey/core/jersey-common/2.27/jersey-common-2.27.jar:/root/.m2/repository/org/glassfish/hk2/osgi-resource-locator/1.0.1/osgi-resource-locator-1.0.1.jar:/root/.m2/repository/javax/ws/rs/javax.ws.rs-api/2.1/javax.ws.rs-api-2.1.jar:/root/.m2/repository/org/glassfish/jersey/ext/cdi/jersey-cdi1x/2.27/jersey-cdi1x-2.27.jar:/root/.m2/repository/org/glassfish/jersey/inject/jersey-hk2/2.27/jersey-hk2-2.27.jar:/root/.m2/repository/org/glassfish/hk2/hk2-locator/2.5.0-b42/hk2-locator-2.5.0-b42.jar:/root/.m2/repository/org/javassist/javassist/3.22.0-CR2/javassist-3.22.0-CR2.jar:/root/.m2/repository/org/glassfish/hk2/hk2-api/2.5.0/hk2-api-2.5.0.jar:/root/.m2/repository/org/glassfish/hk2/external/jakarta.inject/2.5.0/jakarta.inject-2.5.0.jar:/root/.m2/repository/org/glassfish/hk2/hk2-utils/2.5.0/hk2-utils-2.5.0.jar:/root/.m2/repository/jakarta/annotation/jakarta.annotation-api/1.3.4/jakarta.annotation-api-1.3.4.jar:/root/.m2/repository/org/glassfish/hk2/external/aopalliance-repackaged/2.5.0/aopalliance-repackaged-2.5.0.jar:/root/.m2/repository/com/fasterxml/jackson/dataformat/jackson-dataformat-xml/2.9.0/jackson-dataformat-xml-2.9.0.jar:/root/.m2/repository/com/fasterxml/jackson/core/jackson-core/2.9.5/jackson-core-2.9.5.jar:/root/.m2/repository/com/fasterxml/jackson/module/jackson-module-jaxb-annotations/2.9.5/jackson-module-jaxb-annotations-2.9.5.jar:/root/.m2/repository/javax/enterprise/cdi-api/1.2/cdi-api-1.2.jar:/root/.m2/repository/javax/el/javax.el-api/3.0.0/javax.el-api-3.0.0.jar:/root/.m2/repository/javax/interceptor/javax.interceptor-api/1.2/javax.interceptor-api-1.2.jar:/root/.m2/repository/javax/inject/javax.inject/1/javax.inject-1.jar:/root/.m2/repository/com/sun/xml/bind/jaxb-impl/2.3.0.1/jaxb-impl-2.3.0.1.jar:/root/.m2/repository/com/sun/xml/bind/jaxb-core/2.3.0.1/jaxb-core-2.3.0.1.jar:/root/.m2/repository/javax/xml/bind/jaxb-api/2.3.0/jaxb-api-2.3.0.jar:/root/.m2/repository/javax/activation/activation/1.1.1/activation-1.1.1.jar:/root/.m2/repository/org/apache/hadoop/hadoop-ozone-csi/0.5.0-SNAPSHOT/hadoop-ozone-csi-0.5.0-SNAPSHOT.jar:/root/.m2/repository/com/google/protobuf/protobuf-java-util/3.5.1/protobuf-java-util-3.5.1.jar:/root/.m2/repository/org/apache/hadoop/hadoop-hdds-config/0.5.0-SNAPSHOT/hadoop-hdds-config-0.5.0-SNAPSHOT.jar:/root/.m2/repository/com/google/guava/guava/11.0.2/guava-11.0.2.jar:/root/.m2/repository/com/google/protobuf/protobuf-java/2.5.0/protobuf-java-2.5.0.jar:/root/.m2/repository/io/grpc/grpc-netty/1.17.1/grpc-netty-1.17.1.jar:/root/.m2/repository/io/grpc/grpc-core/1.17.1/grpc-core-1.17.1.jar:/root/.m2/repository/io/grpc/grpc-context/1.17.1/grpc-context-1.17.1.jar:/root/.m2/repository/com/google/errorprone/error_prone_annotations/2.2.0/error_prone_annotations-2.2.0.jar:/root/.m2/repository/org/codehaus/mojo/animal-sniffer-annotations/1.17/animal-sniffer-annotations-1.17.jar:/root/.m2/repository/io/opencensus/opencensus-api/0.17.0/opencensus-api-0.17.0.jar:/root/.m2/repository/io/opencensus/opencensus-contrib-grpc-metrics/0.17.0/opencensus-contrib-grpc-metrics-0.17.0.jar:/root/.m2/repository/io/netty/netty-codec-http2/4.1.30.Final/netty-codec-http2-4.1.30.Final.jar:/root/.m2/repository/io/netty/netty-codec-http/4.1.30.Final/netty-codec-http-4.1.30.Final.jar:/root/.m2/repository/io/netty/netty-codec/4.1.30.Final/netty-codec-4.1.30.Final.jar:/root/.m2/repository/io/netty/netty-handler/4.1.30.Final/netty-handler-4.1.30.Final.jar:/root/.m2/repository/io/netty/netty-handler-proxy/4.1.30.Final/netty-handler-proxy-4.1.30.Final.jar:/root/.m2/repository/io/netty/netty-codec-socks/4.1.30.Final/netty-codec-socks-4.1.30.Final.jar:/root/.m2/repository/io/netty/netty-transport-native-epoll/4.1.30.Final/netty-transport-native-epoll-4.1.30.Final.jar:/root/.m2/repository/io/netty/netty-common/4.1.30.Final/netty-common-4.1.30.Final.jar:/root/.m2/repository/io/netty/netty-buffer/4.1.30.Final/netty-buffer-4.1.30.Final.jar:/root/.m2/repository/io/netty/netty-transport/4.1.30.Final/netty-transport-4.1.30.Final.jar:/root/.m2/repository/io/netty/netty-resolver/4.1.30.Final/netty-resolver-4.1.30.Final.jar:/root/.m2/repository/io/netty/netty-transport-native-unix-common/4.1.30.Final/netty-transport-native-unix-common-4.1.30.Final.jar:/root/.m2/repository/io/grpc/grpc-protobuf/1.17.1/grpc-protobuf-1.17.1.jar:/root/.m2/repository/com/google/api/grpc/proto-google-common-protos/1.0.0/proto-google-common-protos-1.0.0.jar:/root/.m2/repository/io/grpc/grpc-protobuf-lite/1.17.1/grpc-protobuf-lite-1.17.1.jar:/root/.m2/repository/io/grpc/grpc-stub/1.17.1/grpc-stub-1.17.1.jar:/root/.m2/repository/org/apache/hadoop/hadoop-ozone-recon/0.5.0-SNAPSHOT/hadoop-ozone-recon-0.5.0-SNAPSHOT.jar:/root/.m2/repository/org/apache/hadoop/hadoop-ozone-reconcodegen/0.5.0-SNAPSHOT/hadoop-ozone-reconcodegen-0.5.0-SNAPSHOT.jar:/root/.m2/repository/com/google/inject/extensions/guice-multibindings/4.0/guice-multibindings-4.0.jar:/root/.m2/repository/com/google/inject/guice/4.0/guice-4.0.jar:/root/.m2/repository/aopalliance/aopalliance/1.0/aopalliance-1.0.jar:/root/.m2/repository/com/google/inject/extensions/guice-servlet/4.0/guice-servlet-4.0.jar:/root/.m2/repository/org/glassfish/jersey/containers/jersey-container-servlet/2.27/jersey-container-servlet-2.27.jar:/root/.m2/repository/org/glassfish/hk2/guice-bridge/2.5.0/guice-bridge-2.5.0.jar:/root/.m2/repository/org/glassfish/jersey/core/jersey-server/2.27/jersey-server-2.27.jar:/root/.m2/repository/org/glassfish/jersey/core/jersey-client/2.27/jersey-client-2.27.jar:/root/.m2/repository/org/glassfish/jersey/media/jersey-media-jaxb/2.27/jersey-media-jaxb-2.27.jar:/root/.m2/repository/javax/validation/validation-api/1.1.0.Final/validation-api-1.1.0.Final.jar:/root/.m2/repository/org/glassfish/jersey/media/jersey-media-json-jackson/2.27/jersey-media-json-jackson-2.27.jar:/root/.m2/repository/org/glassfish/jersey/ext/jersey-entity-filtering/2.27/jersey-entity-filtering-2.27.jar:/root/.m2/repository/com/google/inject/extensions/guice-assistedinject/4.0/guice-assistedinject-4.0.jar:/root/.m2/repository/org/jooq/jooq/3.11.10/jooq-3.11.10.jar:/root/.m2/repository/org/jooq/jooq-meta/3.11.10/jooq-meta-3.11.10.jar:/root/.m2/repository/org/jooq/jooq-codegen/3.11.10/jooq-codegen-3.11.10.jar:/root/.m2/repository/com/jolbox/bonecp/0.8.0.RELEASE/bonecp-0.8.0.RELEASE.jar:/root/.m2/repository/org/xerial/sqlite-jdbc/3.25.2/sqlite-jdbc-3.25.2.jar:/root/.m2/repository/org/springframework/spring-jdbc/5.1.3.RELEASE/spring-jdbc-5.1.3.RELEASE.jar:/root/.m2/repository/org/springframework/spring-beans/5.1.3.RELEASE/spring-beans-5.1.3.RELEASE.jar:/root/.m2/repository/org/springframework/spring-core/5.1.3.RELEASE/spring-core-5.1.3.RELEASE.jar:/root/.m2/repository/org/springframework/spring-jcl/5.1.3.RELEASE/spring-jcl-5.1.3.RELEASE.jar:/root/.m2/repository/org/springframework/spring-tx/5.1.3.RELEASE/spring-tx-5.1.3.RELEASE.jar:/root/.m2/repository/org/apache/hadoop/hadoop-ozone-client/0.5.0-SNAPSHOT/hadoop-ozone-client-0.5.0-SNAPSHOT.jar:/root/.m2/repository/org/apache/hadoop/hadoop-ozone-ozone-manager/0.5.0-SNAPSHOT/hadoop-ozone-ozone-manager-0.5.0-SNAPSHOT-tests.jar:/root/.m2/repository/junit/junit/4.11/junit-4.11.jar:/root/.m2/repository/org/hamcrest/hamcrest-core/1.3/hamcrest-core-1.3.jar:/root/.m2/repository/org/openjdk/jmh/jmh-core/1.19/jmh-core-1.19.jar:/root/.m2/repository/net/sf/jopt-simple/jopt-simple/4.6/jopt-simple-4.6.jar:/root/.m2/repository/org/apache/commons/commons-math3/3.1.1/commons-math3-3.1.1.jar:/root/.m2/repository/org/openjdk/jmh/jmh-generator-annprocess/1.19/jmh-generator-annprocess-1.19.jar:/root/.m2/repository/org/mockito/mockito-all/1.8.5/mockito-all-1.8.5.jar:/root/.m2/repository/org/apache/hadoop/hadoop-kms/3.2.0/hadoop-kms-3.2.0.jar:/root/.m2/repository/org/apache/hadoop/hadoop-auth/3.2.0/hadoop-auth-3.2.0.jar:/root/.m2/repository/com/nimbusds/nimbus-jose-jwt/4.41.1/nimbus-jose-jwt-4.41.1.jar:/root/.m2/repository/com/github/stephenc/jcip/jcip-annotations/1.0-1/jcip-annotations-1.0-1.jar:/root/.m2/repository/net/minidev/json-smart/2.3/json-smart-2.3.jar:/root/.m2/repository/net/minidev/accessors-smart/1.2/accessors-smart-1.2.jar:/root/.m2/repository/org/ow2/asm/asm/5.0.4/asm-5.0.4.jar:/root/.m2/repository/org/apache/curator/curator-framework/2.12.0/curator-framework-2.12.0.jar:/root/.m2/repository/com/sun/jersey/jersey-core/1.19/jersey-core-1.19.jar:/root/.m2/repository/javax/ws/rs/jsr311-api/1.1.1/jsr311-api-1.1.1.jar:/root/.m2/repository/com/sun/jersey/jersey-server/1.19/jersey-server-1.19.jar:/root/.m2/repository/javax/servlet/javax.servlet-api/3.1.0/javax.servlet-api-3.1.0.jar:/root/.m2/repository/org/eclipse/jetty/jetty-server/9.3.24.v20180605/jetty-server-9.3.24.v20180605.jar:/root/.m2/repository/org/eclipse/jetty/jetty-http/9.3.24.v20180605/jetty-http-9.3.24.v20180605.jar:/root/.m2/repository/org/eclipse/jetty/jetty-io/9.3.24.v20180605/jetty-io-9.3.24.v20180605.jar:/root/.m2/repository/org/eclipse/jetty/jetty-webapp/9.3.24.v20180605/jetty-webapp-9.3.24.v20180605.jar:/root/.m2/repository/org/eclipse/jetty/jetty-xml/9.3.24.v20180605/jetty-xml-9.3.24.v20180605.jar:/root/.m2/repository/log4j/log4j/1.2.17/log4j-1.2.17.jar:/root/.m2/repository/org/slf4j/slf4j-api/1.7.25/slf4j-api-1.7.25.jar:/root/.m2/repository/org/slf4j/jul-to-slf4j/1.7.25/jul-to-slf4j-1.7.25.jar:/root/.m2/repository/org/eclipse/jetty/jetty-util/9.3.24.v20180605/jetty-util-9.3.24.v20180605.jar:/root/.m2/repository/io/dropwizard/metrics/metrics-core/3.2.4/metrics-core-3.2.4.jar:/root/.m2/repository/com/fasterxml/jackson/core/jackson-databind/2.9.5/jackson-databind-2.9.5.jar:/root/.m2/repository/org/apache/hadoop/hadoop-kms/3.2.0/hadoop-kms-3.2.0-tests.jar:/root/.m2/repository/org/apache/hadoop/hadoop-hdds-server-scm/0.5.0-SNAPSHOT/hadoop-hdds-server-scm-0.5.0-SNAPSHOT-tests.jar:/root/.m2/repository/org/hamcrest/hamcrest-all/1.3/hamcrest-all-1.3.jar:/root/.m2/repository/info/picocli/picocli/3.9.6/picocli-3.9.6.jar:/root/.m2/repository/org/apache/hadoop/hadoop-hdds-container-service/0.5.0-SNAPSHOT/hadoop-hdds-container-service-0.5.0-SNAPSHOT-tests.jar:/root/.m2/repository/org/yaml/snakeyaml/1.16/snakeyaml-1.16.jar:/root/.m2/repository/org/apache/hadoop/hadoop-common/3.2.0/hadoop-common-3.2.0-tests.jar:/root/.m2/repository/org/apache/hadoop/hadoop-annotations/3.2.0/hadoop-annotations-3.2.0.jar:/usr/lib/jvm/java-1.8-openjdk/jre/../lib/tools.jar:/root/.m2/repository/commons-cli/commons-cli/1.2/commons-cli-1.2.jar:/root/.m2/repository/org/apache/httpcomponents/httpclient/4.5.2/httpclient-4.5.2.jar:/root/.m2/repository/org/apache/httpcomponents/httpcore/4.4.4/httpcore-4.4.4.jar:/root/.m2/repository/commons-codec/commons-codec/1.11/commons-codec-1.11.jar:/root/.m2/repository/commons-net/commons-net/3.6/commons-net-3.6.jar:/root/.m2/repository/commons-collections/commons-collections/3.2.2/commons-collections-3.2.2.jar:/root/.m2/repository/org/eclipse/jetty/jetty-servlet/9.3.24.v20180605/jetty-servlet-9.3.24.v20180605.jar:/root/.m2/repository/org/eclipse/jetty/jetty-security/9.3.24.v20180605/jetty-security-9.3.24.v20180605.jar:/root/.m2/repository/javax/servlet/jsp/jsp-api/2.1/jsp-api-2.1.jar:/root/.m2/repository/com/sun/jersey/jersey-servlet/1.19/jersey-servlet-1.19.jar:/root/.m2/repository/com/sun/jersey/jersey-json/1.19/jersey-json-1.19.jar:/root/.m2/repository/org/codehaus/jettison/jettison/1.1/jettison-1.1.jar:/root/.m2/repository/org/codehaus/jackson/jackson-core-asl/1.9.13/jackson-core-asl-1.9.13.jar:/root/.m2/repository/org/codehaus/jackson/jackson-mapper-asl/1.9.13/jackson-mapper-asl-1.9.13.jar:/root/.m2/repository/org/codehaus/jackson/jackson-jaxrs/1.9.13/jackson-jaxrs-1.9.13.jar:/root/.m2/repository/org/codehaus/jackson/jackson-xc/1.9.13/jackson-xc-1.9.13.jar:/root/.m2/repository/commons-logging/commons-logging/1.1.3/commons-logging-1.1.3.jar:/root/.m2/repository/commons-beanutils/commons-beanutils/1.9.3/commons-beanutils-1.9.3.jar:/root/.m2/repository/org/apache/commons/commons-configuration2/2.1.1/commons-configuration2-2.1.1.jar:/root/.m2/repository/org/apache/commons/commons-lang3/3.7/commons-lang3-3.7.jar:/root/.m2/repository/org/apache/commons/commons-text/1.4/commons-text-1.4.jar:/root/.m2/repository/org/apache/avro/avro/1.7.7/avro-1.7.7.jar:/root/.m2/repository/com/thoughtworks/paranamer/paranamer/2.3/paranamer-2.3.jar:/root/.m2/repository/org/xerial/snappy/snappy-java/1.0.5/snappy-java-1.0.5.jar:/root/.m2/repository/com/google/re2j/re2j/1.1/re2j-1.1.jar:/root/.m2/repository/com/google/code/gson/gson/2.2.4/gson-2.2.4.jar:/root/.m2/repository/com/jcraft/jsch/0.1.54/jsch-0.1.54.jar:/root/.m2/repository/org/apache/curator/curator-client/2.12.0/curator-client-2.12.0.jar:/root/.m2/repository/org/apache/curator/curator-recipes/2.12.0/curator-recipes-2.12.0.jar:/root/.m2/repository/com/google/code/findbugs/jsr305/3.0.0/jsr305-3.0.0.jar:/root/.m2/repository/org/apache/htrace/htrace-core4/4.1.0-incubating/htrace-core4-4.1.0-incubating.jar:/root/.m2/repository/org/apache/zookeeper/zookeeper/3.4.13/zookeeper-3.4.13.jar:/root/.m2/repository/org/apache/yetus/audience-annotations/0.5.0/audience-annotations-0.5.0.jar:/root/.m2/repository/org/codehaus/woodstox/stax2-api/3.1.4/stax2-api-3.1.4.jar:/root/.m2/repository/com/fasterxml/woodstox/woodstox-core/5.0.3/woodstox-core-5.0.3.jar:/root/.m2/repository/dnsjava/dnsjava/2.1.7/dnsjava-2.1.7.jar:/root/.m2/repository/org/apache/hadoop/hadoop-hdfs/3.2.0/hadoop-hdfs-3.2.0-tests.jar:/root/.m2/repository/org/eclipse/jetty/jetty-util-ajax/9.3.24.v20180605/jetty-util-ajax-9.3.24.v20180605.jar:/root/.m2/repository/commons-daemon/commons-daemon/1.0.13/commons-daemon-1.0.13.jar:/root/.m2/repository/io/netty/netty/3.10.5.Final/netty-3.10.5.Final.jar:/root/.m2/repository/io/netty/netty-all/4.0.52.Final/netty-all-4.0.52.Final.jar:/root/.m2/repository/org/fusesource/leveldbjni/leveldbjni-all/1.8/leveldbjni-all-1.8.jar:"/>
    <property name="sun.cpu.endian" value="little"/>
    <property name="user.home" value="/root"/>
    <property name="user.language" value="en"/>
    <property name="java.specification.vendor" value="Oracle Corporation"/>
    <property name="java.home" value="/usr/lib/jvm/java-1.8-openjdk/jre"/>
    <property name="java.security.krb5.conf" value="/opt/src/hadoop-ozone/integration-test/target/test-classes/krb5.conf"/>
    <property name="basedir" value="/opt/src/hadoop-ozone/integration-test"/>
    <property name="file.separator" value="/"/>
    <property name="line.separator" value="&#10;"/>
    <property name="java.vm.specification.vendor" value="Oracle Corporation"/>
    <property name="java.specification.name" value="Java Platform API Specification"/>
    <property name="java.awt.graphicsenv" value="sun.awt.X11GraphicsEnvironment"/>
    <property name="surefire.real.class.path" value="/opt/src/hadoop-ozone/integration-test/target/surefire/surefirebooter2062888631180405495.jar"/>
    <property name="hadoop.log.dir" value="/opt/src/hadoop-ozone/integration-test/target/log"/>
    <property name="sun.boot.class.path" value="/usr/lib/jvm/java-1.8-openjdk/jre/lib/resources.jar:/usr/lib/jvm/java-1.8-openjdk/jre/lib/rt.jar:/usr/lib/jvm/java-1.8-openjdk/jre/lib/sunrsasign.jar:/usr/lib/jvm/java-1.8-openjdk/jre/lib/jsse.jar:/usr/lib/jvm/java-1.8-openjdk/jre/lib/jce.jar:/usr/lib/jvm/java-1.8-openjdk/jre/lib/charsets.jar:/usr/lib/jvm/java-1.8-openjdk/jre/lib/jfr.jar:/usr/lib/jvm/java-1.8-openjdk/jre/classes"/>
    <property name="sun.management.compiler" value="HotSpot 64-Bit Tiered Compilers"/>
    <property name="java.runtime.version" value="1.8.0_212-b04"/>
    <property name="java.net.preferIPv4Stack" value="true"/>
    <property name="user.name" value="root"/>
    <property name="path.separator" value=":"/>
    <property name="java.security.egd" value="file:///dev/urandom"/>
    <property name="os.version" value="4.15.0-1021-aws"/>
    <property name="java.endorsed.dirs" value="/usr/lib/jvm/java-1.8-openjdk/jre/lib/endorsed"/>
    <property name="java.runtime.name" value="OpenJDK Runtime Environment"/>
    <property name="file.encoding" value="UTF-8"/>
    <property name="java.vm.name" value="OpenJDK 64-Bit Server VM"/>
    <property name="test.build.webapps" value=""/>
    <property name="localRepository" value="/root/.m2/repository"/>
    <property name="java.vendor.url.bug" value="https://icedtea.classpath.org/bugzilla"/>
    <property name="java.io.tmpdir" value="/tmp"/>
    <property name="require.test.libhadoop" value=""/>
    <property name="java.version" value="1.8.0_212"/>
    <property name="user.dir" value="/opt/src/hadoop-ozone/integration-test"/>
    <property name="os.arch" value="amd64"/>
    <property name="java.vm.specification.name" value="Java Virtual Machine Specification"/>
    <property name="test.build.classes" value="/opt/src/hadoop-ozone/integration-test/target/test-classes"/>
    <property name="java.awt.printerjob" value="sun.print.PSPrinterJob"/>
    <property name="sun.os.patch.level" value="unknown"/>
    <property name="hadoop.tmp.dir" value="/opt/src/hadoop-ozone/integration-test/target/tmp"/>
    <property name="java.library.path" value="/usr/lib/jvm/java-1.8-openjdk/jre/lib/amd64/server:/usr/lib/jvm/java-1.8-openjdk/jre/lib/amd64:/usr/lib/jvm/java-1.8-openjdk/jre/../lib/amd64:/opt/src/hadoop-ozone/integration-test/target/native/target/usr/local/lib:/opt/src/hadoop-ozone/integration-test/../../hadoop-common-project/hadoop-common/target/native/target/usr/local/lib:/usr/java/packages/lib/amd64:/usr/lib64:/lib64:/lib:/usr/lib"/>
    <property name="java.vm.info" value="mixed mode"/>
    <property name="java.vendor" value="IcedTea"/>
    <property name="java.vm.version" value="25.212-b04"/>
    <property name="java.ext.dirs" value="/usr/lib/jvm/java-1.8-openjdk/jre/lib/ext:/usr/java/packages/lib/ext"/>
    <property name="sun.io.unicode.encoding" value="UnicodeLittle"/>
    <property name="java.class.version" value="52.0"/>
  </properties>
  <testcase name="testPipelineFail" classname="org.apache.hadoop.hdds.scm.pipeline.TestNodeFailure" time="0">
    <skipped/>
    <system-out><![CDATA[2019-06-12 22:37:10,183 WARN  server.ServerUtils (ServerUtils.java:getScmDbDir(145)) - ozone.scm.db.dirs is not configured. We recommend adding this setting. Falling back to ozone.metadata.dirs instead.
2019-06-12 22:37:10,250 WARN  server.ServerUtils (ServerUtils.java:getScmDbDir(145)) - ozone.scm.db.dirs is not configured. We recommend adding this setting. Falling back to ozone.metadata.dirs instead.
2019-06-12 22:37:10,252 WARN  server.ServerUtils (ServerUtils.java:getScmDbDir(145)) - ozone.scm.db.dirs is not configured. We recommend adding this setting. Falling back to ozone.metadata.dirs instead.
2019-06-12 22:37:10,267 INFO  util.log (Log.java:initialized(192)) - Logging initialized @742ms
2019-06-12 22:37:10,348 INFO  db.DBStoreBuilder (DBStoreBuilder.java:addTable(110)) - using custom profile for table: deletedBlocks
2019-06-12 22:37:10,348 INFO  db.DBStoreBuilder (DBStoreBuilder.java:processTables(161)) - Using default column profile:DBProfile.DISK for Table:deletedBlocks
2019-06-12 22:37:10,348 INFO  db.DBStoreBuilder (DBStoreBuilder.java:addTable(110)) - using custom profile for table: validCerts
2019-06-12 22:37:10,349 INFO  db.DBStoreBuilder (DBStoreBuilder.java:processTables(161)) - Using default column profile:DBProfile.DISK for Table:validCerts
2019-06-12 22:37:10,349 INFO  db.DBStoreBuilder (DBStoreBuilder.java:addTable(110)) - using custom profile for table: revokedCerts
2019-06-12 22:37:10,349 INFO  db.DBStoreBuilder (DBStoreBuilder.java:processTables(161)) - Using default column profile:DBProfile.DISK for Table:revokedCerts
2019-06-12 22:37:10,359 INFO  db.DBStoreBuilder (DBStoreBuilder.java:addTable(110)) - using custom profile for table: default
2019-06-12 22:37:10,359 INFO  db.DBStoreBuilder (DBStoreBuilder.java:processTables(167)) - Using default column profile:DBProfile.DISK for Table:default
2019-06-12 22:37:10,360 INFO  db.DBStoreBuilder (DBStoreBuilder.java:getDbProfile(198)) - Using default options. DBProfile.DISK
2019-06-12 22:37:10,429 INFO  node.SCMNodeManager (SCMNodeManager.java:<init>(108)) - Entering startup safe mode.
2019-06-12 22:37:10,485 INFO  net.NodeSchemaLoader (NodeSchemaLoader.java:loadSchemaFromFile(125)) - Loading file from sun.misc.CompoundEnumeration@443118b0
2019-06-12 22:37:10,487 INFO  net.NodeSchemaLoader (NodeSchemaLoader.java:loadSchema(171)) - Loading network topology layer schema file
2019-06-12 22:37:10,537 WARN  server.ServerUtils (ServerUtils.java:getScmDbDir(145)) - ozone.scm.db.dirs is not configured. We recommend adding this setting. Falling back to ozone.metadata.dirs instead.
2019-06-12 22:37:10,556 INFO  pipeline.SCMPipelineManager (SCMPipelineManager.java:initializePipelineState(126)) - No pipeline exists in current db
2019-06-12 22:37:10,558 WARN  server.ServerUtils (ServerUtils.java:getScmDbDir(145)) - ozone.scm.db.dirs is not configured. We recommend adding this setting. Falling back to ozone.metadata.dirs instead.
2019-06-12 22:37:10,606 WARN  events.EventQueue (EventQueue.java:fireEvent(175)) - No event handler registered for event TypedEvent{payloadType=SafeModeStatus, name='SafeModeStatus'}
2019-06-12 22:37:10,883 INFO  ipc.CallQueueManager (CallQueueManager.java:<init>(84)) - Using callQueue: class java.util.concurrent.LinkedBlockingQueue, queueCapacity: 2000, scheduler: class org.apache.hadoop.ipc.DefaultRpcScheduler, ipcBackoff: false.
2019-06-12 22:37:10,906 INFO  ipc.Server (Server.java:run(1074)) - Starting Socket Reader #1 for port 44031
2019-06-12 22:37:10,928 INFO  ipc.CallQueueManager (CallQueueManager.java:<init>(84)) - Using callQueue: class java.util.concurrent.LinkedBlockingQueue, queueCapacity: 2000, scheduler: class org.apache.hadoop.ipc.DefaultRpcScheduler, ipcBackoff: false.
2019-06-12 22:37:10,929 INFO  ipc.Server (Server.java:run(1074)) - Starting Socket Reader #1 for port 33225
2019-06-12 22:37:10,937 INFO  ipc.CallQueueManager (CallQueueManager.java:<init>(84)) - Using callQueue: class java.util.concurrent.LinkedBlockingQueue, queueCapacity: 2000, scheduler: class org.apache.hadoop.ipc.DefaultRpcScheduler, ipcBackoff: false.
2019-06-12 22:37:10,979 INFO  ipc.Server (Server.java:run(1074)) - Starting Socket Reader #1 for port 42515
2019-06-12 22:37:10,993 INFO  hdfs.DFSUtil (DFSUtil.java:httpServerTemplateForNNAndJN(1641)) - Starting Web-server for scm at: http://0.0.0.0:0
2019-06-12 22:37:11,130 INFO  server.AuthenticationFilter (AuthenticationFilter.java:constructSecretProvider(240)) - Unable to initialize FileSignerSecretProvider, falling back to use random secrets.
2019-06-12 22:37:11,137 WARN  http.HttpRequestLog (HttpRequestLog.java:getRequestLog(97)) - Jetty request log can only be enabled using Log4j
2019-06-12 22:37:11,145 INFO  http.HttpServer2 (HttpServer2.java:addGlobalFilter(975)) - Added global filter 'safety' (class=org.apache.hadoop.http.HttpServer2$QuotingInputFilter)
2019-06-12 22:37:11,147 INFO  http.HttpServer2 (HttpServer2.java:addFilter(948)) - Added filter static_user_filter (class=org.apache.hadoop.http.lib.StaticUserWebFilter$StaticUserFilter) to context scm
2019-06-12 22:37:11,148 INFO  http.HttpServer2 (HttpServer2.java:addFilter(958)) - Added filter static_user_filter (class=org.apache.hadoop.http.lib.StaticUserWebFilter$StaticUserFilter) to context logs
2019-06-12 22:37:11,148 INFO  http.HttpServer2 (HttpServer2.java:addFilter(958)) - Added filter static_user_filter (class=org.apache.hadoop.http.lib.StaticUserWebFilter$StaticUserFilter) to context static
2019-06-12 22:37:11,170 INFO  server.StorageContainerManager (StorageContainerManager.java:start(752)) - StorageContainerLocationProtocol RPC server is listening at /0.0.0.0:42515
2019-06-12 22:37:11,214 WARN  impl.MetricsConfig (MetricsConfig.java:loadFirst(134)) - Cannot locate configuration: tried hadoop-metrics2-storagecontainermanager.properties,hadoop-metrics2.properties
2019-06-12 22:37:11,224 INFO  impl.MetricsSystemImpl (MetricsSystemImpl.java:startTimer(374)) - Scheduled Metric snapshot period at 10 second(s).
2019-06-12 22:37:11,224 INFO  impl.MetricsSystemImpl (MetricsSystemImpl.java:start(191)) - StorageContainerManager metrics system started
2019-06-12 22:37:11,391 INFO  server.SCMClientProtocolServer (SCMClientProtocolServer.java:start(149)) - RPC server for Client  is listening at /0.0.0.0:42515
2019-06-12 22:37:11,391 INFO  ipc.Server (Server.java:run(1153)) - IPC Server listener on 42515: starting
2019-06-12 22:37:11,391 INFO  ipc.Server (Server.java:run(1314)) - IPC Server Responder: starting
2019-06-12 22:37:11,400 INFO  server.StorageContainerManager (StorageContainerManager.java:start(761)) - ScmBlockLocationProtocol RPC server is listening at /0.0.0.0:33225
2019-06-12 22:37:11,401 INFO  server.SCMBlockProtocolServer (SCMBlockProtocolServer.java:start(137)) - RPC server for Block Protocol is listening at /0.0.0.0:33225
2019-06-12 22:37:11,401 INFO  ipc.Server (Server.java:run(1314)) - IPC Server Responder: starting
2019-06-12 22:37:11,401 INFO  ipc.Server (Server.java:run(1153)) - IPC Server listener on 33225: starting
2019-06-12 22:37:11,403 INFO  server.StorageContainerManager (StorageContainerManager.java:start(765)) - ScmDatanodeProtocl RPC server is listening at /0.0.0.0:44031
2019-06-12 22:37:11,403 INFO  server.SCMDatanodeProtocolServer (SCMDatanodeProtocolServer.java:start(191)) - RPC server for DataNodes is listening at /0.0.0.0:44031
2019-06-12 22:37:11,403 INFO  ipc.Server (Server.java:run(1314)) - IPC Server Responder: starting
2019-06-12 22:37:11,403 INFO  ipc.Server (Server.java:run(1153)) - IPC Server listener on 44031: starting
2019-06-12 22:37:11,406 INFO  http.HttpServer2 (HttpServer2.java:bindListener(1191)) - Jetty bound to port 42889
2019-06-12 22:37:11,408 INFO  server.Server (Server.java:doStart(351)) - jetty-9.3.24.v20180605, build timestamp: 2018-06-05T17:11:56Z, git hash: 84205aa28f11a4f31f2a3b86d1bba2cc8ab69827
2019-06-12 22:37:11,440 INFO  handler.ContextHandler (ContextHandler.java:doStart(781)) - Started o.e.j.s.ServletContextHandler@2df6226d{/logs,file:///opt/src/hadoop-ozone/integration-test/target/log,AVAILABLE}
2019-06-12 22:37:11,441 INFO  handler.ContextHandler (ContextHandler.java:doStart(781)) - Started o.e.j.s.ServletContextHandler@4ff4357f{/static,file:///opt/src/hadoop-ozone/integration-test/target/test-classes/webapps/static,AVAILABLE}
2019-06-12 22:37:11,469 INFO  handler.ContextHandler (ContextHandler.java:doStart(781)) - Started o.e.j.w.WebAppContext@2484f433{/,file:///opt/src/hadoop-ozone/integration-test/target/test-classes/webapps/scm/,AVAILABLE}{/scm}
2019-06-12 22:37:11,474 INFO  server.AbstractConnector (AbstractConnector.java:doStart(278)) - Started ServerConnector@841e575{HTTP/1.1,[http/1.1]}{0.0.0.0:42889}
2019-06-12 22:37:11,474 INFO  server.Server (Server.java:doStart(419)) - Started @1949ms
2019-06-12 22:37:11,475 INFO  server.BaseHttpServer (BaseHttpServer.java:updateConnectorAddress(207)) - HTTP server of SCM is listening at http://0.0.0.0:42889
2019-06-12 22:37:11,482 INFO  util.JvmPauseMonitor (JvmPauseMonitor.java:run(188)) - Starting JVM pause monitor
2019-06-12 22:37:11,484 WARN  scm.ScmUtils (ScmUtils.java:getDBPath(63)) - ozone.om.db.dirs is not configured. We recommend adding this setting. Falling back to ozone.metadata.dirs instead.
2019-06-12 22:37:11,561 WARN  scm.ScmUtils (ScmUtils.java:getDBPath(63)) - ozone.om.db.dirs is not configured. We recommend adding this setting. Falling back to ozone.metadata.dirs instead.
2019-06-12 22:37:11,562 INFO  om.OzoneManager (OzoneManager.java:setOMNodeDetails(519)) - OM Service ID is not set. Setting it to the default ID: omServiceIdDefault
2019-06-12 22:37:11,562 INFO  om.OzoneManager (OzoneManager.java:setOMNodeDetails(525)) - OM Node ID is not set. Setting it to the OmStorage's OmID: 473beb5b-35cc-4710-a8f5-12a0960e9775
2019-06-12 22:37:11,563 WARN  scm.HddsServerUtil (HddsServerUtil.java:getDefaultRatisDirectory(354)) - Storage directory for Ratis is not configured. It is a good idea to map this to an SSD disk. Falling back to ozone.metadata.dirs
2019-06-12 22:37:11,564 WARN  scm.HddsServerUtil (HddsServerUtil.java:getDefaultRatisDirectory(354)) - Storage directory for Ratis is not configured. It is a good idea to map this to an SSD disk. Falling back to ozone.metadata.dirs
2019-06-12 22:37:11,564 INFO  om.OzoneManager (OzoneManager.java:loadOMHAConfigs(476)) - Found matching OM address with OMServiceId: null, OMNodeId: null, RPC Address: localhost:0 and Ratis port: 9872
2019-06-12 22:37:11,721 WARN  scm.ScmUtils (ScmUtils.java:getDBPath(63)) - ozone.om.db.dirs is not configured. We recommend adding this setting. Falling back to ozone.metadata.dirs instead.
2019-06-12 22:37:11,726 INFO  db.DBStoreBuilder (DBStoreBuilder.java:addTable(110)) - using custom profile for table: userTable
2019-06-12 22:37:11,726 INFO  db.DBStoreBuilder (DBStoreBuilder.java:processTables(161)) - Using default column profile:DBProfile.DISK for Table:userTable
2019-06-12 22:37:11,726 INFO  db.DBStoreBuilder (DBStoreBuilder.java:addTable(110)) - using custom profile for table: volumeTable
2019-06-12 22:37:11,726 INFO  db.DBStoreBuilder (DBStoreBuilder.java:processTables(161)) - Using default column profile:DBProfile.DISK for Table:volumeTable
2019-06-12 22:37:11,726 INFO  db.DBStoreBuilder (DBStoreBuilder.java:addTable(110)) - using custom profile for table: bucketTable
2019-06-12 22:37:11,727 INFO  db.DBStoreBuilder (DBStoreBuilder.java:processTables(161)) - Using default column profile:DBProfile.DISK for Table:bucketTable
2019-06-12 22:37:11,727 INFO  db.DBStoreBuilder (DBStoreBuilder.java:addTable(110)) - using custom profile for table: keyTable
2019-06-12 22:37:11,727 INFO  db.DBStoreBuilder (DBStoreBuilder.java:processTables(161)) - Using default column profile:DBProfile.DISK for Table:keyTable
2019-06-12 22:37:11,727 INFO  db.DBStoreBuilder (DBStoreBuilder.java:addTable(110)) - using custom profile for table: deletedTable
2019-06-12 22:37:11,728 INFO  db.DBStoreBuilder (DBStoreBuilder.java:processTables(161)) - Using default column profile:DBProfile.DISK for Table:deletedTable
2019-06-12 22:37:11,728 INFO  db.DBStoreBuilder (DBStoreBuilder.java:addTable(110)) - using custom profile for table: openKeyTable
2019-06-12 22:37:11,728 INFO  db.DBStoreBuilder (DBStoreBuilder.java:processTables(161)) - Using default column profile:DBProfile.DISK for Table:openKeyTable
2019-06-12 22:37:11,728 INFO  db.DBStoreBuilder (DBStoreBuilder.java:addTable(110)) - using custom profile for table: s3Table
2019-06-12 22:37:11,728 INFO  db.DBStoreBuilder (DBStoreBuilder.java:processTables(161)) - Using default column profile:DBProfile.DISK for Table:s3Table
2019-06-12 22:37:11,729 INFO  db.DBStoreBuilder (DBStoreBuilder.java:addTable(110)) - using custom profile for table: multipartInfoTable
2019-06-12 22:37:11,729 INFO  db.DBStoreBuilder (DBStoreBuilder.java:processTables(161)) - Using default column profile:DBProfile.DISK for Table:multipartInfoTable
2019-06-12 22:37:11,729 INFO  db.DBStoreBuilder (DBStoreBuilder.java:addTable(110)) - using custom profile for table: dTokenTable
2019-06-12 22:37:11,729 INFO  db.DBStoreBuilder (DBStoreBuilder.java:processTables(161)) - Using default column profile:DBProfile.DISK for Table:dTokenTable
2019-06-12 22:37:11,730 INFO  db.DBStoreBuilder (DBStoreBuilder.java:addTable(110)) - using custom profile for table: s3SecretTable
2019-06-12 22:37:11,730 INFO  db.DBStoreBuilder (DBStoreBuilder.java:processTables(161)) - Using default column profile:DBProfile.DISK for Table:s3SecretTable
2019-06-12 22:37:11,730 INFO  db.DBStoreBuilder (DBStoreBuilder.java:addTable(110)) - using custom profile for table: prefixTable
2019-06-12 22:37:11,730 INFO  db.DBStoreBuilder (DBStoreBuilder.java:processTables(161)) - Using default column profile:DBProfile.DISK for Table:prefixTable
2019-06-12 22:37:11,731 INFO  db.DBStoreBuilder (DBStoreBuilder.java:addTable(110)) - using custom profile for table: default
2019-06-12 22:37:11,731 INFO  db.DBStoreBuilder (DBStoreBuilder.java:processTables(167)) - Using default column profile:DBProfile.DISK for Table:default
2019-06-12 22:37:11,731 INFO  db.DBStoreBuilder (DBStoreBuilder.java:getDbProfile(198)) - Using default options. DBProfile.DISK
2019-06-12 22:37:12,160 INFO  ipc.CallQueueManager (CallQueueManager.java:<init>(84)) - Using callQueue: class java.util.concurrent.LinkedBlockingQueue, queueCapacity: 2000, scheduler: class org.apache.hadoop.ipc.DefaultRpcScheduler, ipcBackoff: false.
2019-06-12 22:37:12,161 INFO  ipc.Server (Server.java:run(1074)) - Starting Socket Reader #1 for port 40067
2019-06-12 22:37:12,186 WARN  scm.ScmUtils (ScmUtils.java:getDBPath(63)) - ozone.om.db.dirs is not configured. We recommend adding this setting. Falling back to ozone.metadata.dirs instead.
2019-06-12 22:37:12,187 INFO  om.OzoneManager (OzoneManager.java:start(1217)) - OzoneManager RPC server is listening at localhost/127.0.0.1:40067
2019-06-12 22:37:12,187 INFO  impl.MetricsSystemImpl (MetricsSystemImpl.java:init(158)) - OzoneManager metrics system started (again)
2019-06-12 22:37:12,189 INFO  ipc.Server (Server.java:run(1314)) - IPC Server Responder: starting
2019-06-12 22:37:12,193 INFO  ipc.Server (Server.java:run(1153)) - IPC Server listener on 40067: starting
2019-06-12 22:37:12,205 INFO  hdfs.DFSUtil (DFSUtil.java:httpServerTemplateForNNAndJN(1641)) - Starting Web-server for ozoneManager at: http://0.0.0.0:0
2019-06-12 22:37:12,206 INFO  server.AuthenticationFilter (AuthenticationFilter.java:constructSecretProvider(240)) - Unable to initialize FileSignerSecretProvider, falling back to use random secrets.
2019-06-12 22:37:12,207 WARN  http.HttpRequestLog (HttpRequestLog.java:getRequestLog(97)) - Jetty request log can only be enabled using Log4j
2019-06-12 22:37:12,209 INFO  http.HttpServer2 (HttpServer2.java:addGlobalFilter(975)) - Added global filter 'safety' (class=org.apache.hadoop.http.HttpServer2$QuotingInputFilter)
2019-06-12 22:37:12,209 INFO  http.HttpServer2 (HttpServer2.java:addFilter(948)) - Added filter static_user_filter (class=org.apache.hadoop.http.lib.StaticUserWebFilter$StaticUserFilter) to context ozoneManager
2019-06-12 22:37:12,210 INFO  http.HttpServer2 (HttpServer2.java:addFilter(958)) - Added filter static_user_filter (class=org.apache.hadoop.http.lib.StaticUserWebFilter$StaticUserFilter) to context logs
2019-06-12 22:37:12,210 INFO  http.HttpServer2 (HttpServer2.java:addFilter(958)) - Added filter static_user_filter (class=org.apache.hadoop.http.lib.StaticUserWebFilter$StaticUserFilter) to context static
2019-06-12 22:37:12,211 INFO  http.HttpServer2 (HttpServer2.java:bindListener(1191)) - Jetty bound to port 35999
2019-06-12 22:37:12,212 INFO  server.Server (Server.java:doStart(351)) - jetty-9.3.24.v20180605, build timestamp: 2018-06-05T17:11:56Z, git hash: 84205aa28f11a4f31f2a3b86d1bba2cc8ab69827
2019-06-12 22:37:12,213 INFO  handler.ContextHandler (ContextHandler.java:doStart(781)) - Started o.e.j.s.ServletContextHandler@7c2a69b4{/logs,file:///opt/src/hadoop-ozone/integration-test/target/log,AVAILABLE}
2019-06-12 22:37:12,214 INFO  handler.ContextHandler (ContextHandler.java:doStart(781)) - Started o.e.j.s.ServletContextHandler@648ee871{/static,file:///opt/src/hadoop-ozone/integration-test/target/test-classes/webapps/static,AVAILABLE}
2019-06-12 22:37:12,217 INFO  handler.ContextHandler (ContextHandler.java:doStart(781)) - Started o.e.j.w.WebAppContext@6f012914{/,file:///opt/src/hadoop-ozone/integration-test/target/test-classes/webapps/ozoneManager/,AVAILABLE}{/ozoneManager}
2019-06-12 22:37:12,217 INFO  server.AbstractConnector (AbstractConnector.java:doStart(278)) - Started ServerConnector@18fdb6cf{HTTP/1.1,[http/1.1]}{0.0.0.0:35999}
2019-06-12 22:37:12,218 INFO  server.Server (Server.java:doStart(419)) - Started @2692ms
2019-06-12 22:37:12,218 INFO  server.BaseHttpServer (BaseHttpServer.java:updateConnectorAddress(207)) - HTTP server of OZONEMANAGER is listening at http://0.0.0.0:35999
2019-06-12 22:37:12,352 INFO  impl.MetricsSystemImpl (MetricsSystemImpl.java:init(158)) - HddsDatanode metrics system started (again)
2019-06-12 22:37:12,507 INFO  ozone.HddsDatanodeService (HddsDatanodeService.java:start(185)) - HddsDatanodeService host:ozone-rf5t8-2531498618 ip:192.168.19.23
2019-06-12 22:37:12,528 INFO  volume.HddsVolume (HddsVolume.java:<init>(176)) - Creating Volume: /opt/src/hadoop-ozone/integration-test/target/test-dir/MiniOzoneClusterImpl-a7f07da6-eaf7-45c6-b9b6-980b7bf56ee7/datanode-0/data/containers/hdds of  storage type : DISK and capacity : 104021790720
2019-06-12 22:37:12,529 INFO  volume.VolumeSet (VolumeSet.java:initializeVolumeSet(170)) - Added Volume : /opt/src/hadoop-ozone/integration-test/target/test-dir/MiniOzoneClusterImpl-a7f07da6-eaf7-45c6-b9b6-980b7bf56ee7/datanode-0/data/containers/hdds to VolumeSet
2019-06-12 22:37:12,533 INFO  volume.ThrottledAsyncChecker (ThrottledAsyncChecker.java:schedule(140)) - Scheduling a check for org.apache.hadoop.ozone.container.common.volume.HddsVolume@4a6c18ad
2019-06-12 22:37:12,550 INFO  volume.HddsVolumeChecker (HddsVolumeChecker.java:checkAllVolumes(203)) - Scheduled health check for volume org.apache.hadoop.ozone.container.common.volume.HddsVolume@4a6c18ad
2019-06-12 22:37:12,596 INFO  ratis.XceiverServerRatis (XceiverServerRatis.java:newXceiverServerRatis(401)) - Found a free port for the server : 39791
2019-06-12 22:37:12,654 INFO  impl.RaftServerProxy (ConfUtils.java:logGet(43)) - raft.rpc.type = GRPC (default)
2019-06-12 22:37:12,662 INFO  grpc.GrpcConfigKeys$Server (ConfUtils.java:logGet(43)) - raft.grpc.server.port = 39791 (custom)
2019-06-12 22:37:12,662 INFO  server.GrpcService (ConfUtils.java:logGet(43)) - raft.grpc.message.size.max = 33570816 (custom)
2019-06-12 22:37:12,663 INFO  server.RaftServerConfigKeys (ConfUtils.java:logGet(43)) - raft.server.log.appender.buffer.byte-limit = 33554432 (custom)
2019-06-12 22:37:12,664 INFO  server.GrpcService (ConfUtils.java:logGet(43)) - raft.grpc.flow.control.window = 1MB (=1048576) (default)
2019-06-12 22:37:12,665 INFO  server.RaftServerConfigKeys (ConfUtils.java:logGet(43)) - raft.server.rpc.request.timeout = 3000ms (default)
2019-06-12 22:37:12,789 INFO  server.RaftServerConfigKeys (ConfUtils.java:logGet(43)) - raft.server.storage.dir = [/opt/src/hadoop-ozone/integration-test/target/test-dir/MiniOzoneClusterImpl-a7f07da6-eaf7-45c6-b9b6-980b7bf56ee7/datanode-0/data/ratis] (custom)
2019-06-12 22:37:12,796 INFO  server.XceiverServerGrpc (XceiverServerGrpc.java:<init>(97)) - Found a free port for the server : 33871
2019-06-12 22:37:12,820 INFO  replication.SimpleContainerDownloader (SimpleContainerDownloader.java:<init>(72)) - Starting container downloader service to copy containers to replicate.
2019-06-12 22:37:12,830 INFO  hdfs.DFSUtil (DFSUtil.java:httpServerTemplateForNNAndJN(1641)) - Starting Web-server for hddsDatanode at: http://0.0.0.0:0
2019-06-12 22:37:12,831 INFO  server.AuthenticationFilter (AuthenticationFilter.java:constructSecretProvider(240)) - Unable to initialize FileSignerSecretProvider, falling back to use random secrets.
2019-06-12 22:37:12,832 WARN  http.HttpRequestLog (HttpRequestLog.java:getRequestLog(97)) - Jetty request log can only be enabled using Log4j
2019-06-12 22:37:12,834 INFO  http.HttpServer2 (HttpServer2.java:addGlobalFilter(975)) - Added global filter 'safety' (class=org.apache.hadoop.http.HttpServer2$QuotingInputFilter)
2019-06-12 22:37:12,835 INFO  http.HttpServer2 (HttpServer2.java:addFilter(948)) - Added filter static_user_filter (class=org.apache.hadoop.http.lib.StaticUserWebFilter$StaticUserFilter) to context hddsDatanode
2019-06-12 22:37:12,835 INFO  http.HttpServer2 (HttpServer2.java:addFilter(958)) - Added filter static_user_filter (class=org.apache.hadoop.http.lib.StaticUserWebFilter$StaticUserFilter) to context logs
2019-06-12 22:37:12,835 INFO  http.HttpServer2 (HttpServer2.java:addFilter(958)) - Added filter static_user_filter (class=org.apache.hadoop.http.lib.StaticUserWebFilter$StaticUserFilter) to context static
2019-06-12 22:37:12,836 INFO  http.HttpServer2 (HttpServer2.java:bindListener(1191)) - Jetty bound to port 39135
2019-06-12 22:37:12,836 INFO  server.Server (Server.java:doStart(351)) - jetty-9.3.24.v20180605, build timestamp: 2018-06-05T17:11:56Z, git hash: 84205aa28f11a4f31f2a3b86d1bba2cc8ab69827
2019-06-12 22:37:12,838 INFO  handler.ContextHandler (ContextHandler.java:doStart(781)) - Started o.e.j.s.ServletContextHandler@2e51d054{/logs,file:///opt/src/hadoop-ozone/integration-test/target/log,AVAILABLE}
2019-06-12 22:37:12,839 INFO  handler.ContextHandler (ContextHandler.java:doStart(781)) - Started o.e.j.s.ServletContextHandler@615e3f51{/static,jar:file:/root/.m2/repository/org/apache/hadoop/hadoop-hdds-container-service/0.5.0-SNAPSHOT/hadoop-hdds-container-service-0.5.0-SNAPSHOT.jar!/webapps/static,AVAILABLE}
2019-06-12 22:37:12,873 INFO  handler.ContextHandler (ContextHandler.java:doStart(781)) - Started o.e.j.w.WebAppContext@5e1fc2aa{/,file:///tmp/jetty-0.0.0.0-39135-hddsDatanode-_-any-3188649459716816122.dir/webapp/,AVAILABLE}{/hddsDatanode}
2019-06-12 22:37:12,874 INFO  server.AbstractConnector (AbstractConnector.java:doStart(278)) - Started ServerConnector@688d411b{HTTP/1.1,[http/1.1]}{0.0.0.0:39135}
2019-06-12 22:37:12,874 INFO  server.Server (Server.java:doStart(419)) - Started @3349ms
2019-06-12 22:37:12,875 INFO  server.BaseHttpServer (BaseHttpServer.java:updateConnectorAddress(207)) - HTTP server of HDDSDATANODE is listening at http://0.0.0.0:39135
2019-06-12 22:37:13,754 INFO  ozone.HddsDatanodeService (HddsDatanodeService.java:startPlugins(396)) - Started plug-in org.apache.hadoop.ozone.web.OzoneHddsDatanodeService@30bf26df
2019-06-12 22:37:13,755 INFO  impl.MetricsSystemImpl (MetricsSystemImpl.java:init(158)) - HddsDatanode metrics system started (again)
2019-06-12 22:37:13,755 INFO  ozone.HddsDatanodeService (HddsDatanodeService.java:start(185)) - HddsDatanodeService host:ozone-rf5t8-2531498618 ip:192.168.19.23
2019-06-12 22:37:13,770 INFO  util.JvmPauseMonitor (JvmPauseMonitor.java:run(188)) - Starting JVM pause monitor
2019-06-12 22:37:13,773 INFO  volume.HddsVolume (HddsVolume.java:<init>(176)) - Creating Volume: /opt/src/hadoop-ozone/integration-test/target/test-dir/MiniOzoneClusterImpl-a7f07da6-eaf7-45c6-b9b6-980b7bf56ee7/datanode-1/data/containers/hdds of  storage type : DISK and capacity : 104021790720
2019-06-12 22:37:13,774 INFO  volume.VolumeSet (VolumeSet.java:initializeVolumeSet(170)) - Added Volume : /opt/src/hadoop-ozone/integration-test/target/test-dir/MiniOzoneClusterImpl-a7f07da6-eaf7-45c6-b9b6-980b7bf56ee7/datanode-1/data/containers/hdds to VolumeSet
2019-06-12 22:37:13,774 INFO  volume.ThrottledAsyncChecker (ThrottledAsyncChecker.java:schedule(140)) - Scheduling a check for org.apache.hadoop.ozone.container.common.volume.HddsVolume@f171912
2019-06-12 22:37:13,781 INFO  volume.HddsVolumeChecker (HddsVolumeChecker.java:checkAllVolumes(203)) - Scheduled health check for volume org.apache.hadoop.ozone.container.common.volume.HddsVolume@f171912
2019-06-12 22:37:13,800 INFO  ratis.XceiverServerRatis (XceiverServerRatis.java:newXceiverServerRatis(401)) - Found a free port for the server : 37153
2019-06-12 22:37:13,801 INFO  impl.RaftServerProxy (ConfUtils.java:logGet(43)) - raft.rpc.type = GRPC (default)
2019-06-12 22:37:13,801 INFO  grpc.GrpcConfigKeys$Server (ConfUtils.java:logGet(43)) - raft.grpc.server.port = 37153 (custom)
2019-06-12 22:37:13,801 INFO  server.GrpcService (ConfUtils.java:logGet(43)) - raft.grpc.message.size.max = 33570816 (custom)
2019-06-12 22:37:13,802 INFO  server.RaftServerConfigKeys (ConfUtils.java:logGet(43)) - raft.server.log.appender.buffer.byte-limit = 33554432 (custom)
2019-06-12 22:37:13,802 INFO  server.GrpcService (ConfUtils.java:logGet(43)) - raft.grpc.flow.control.window = 1MB (=1048576) (default)
2019-06-12 22:37:13,802 INFO  server.RaftServerConfigKeys (ConfUtils.java:logGet(43)) - raft.server.rpc.request.timeout = 3000ms (default)
2019-06-12 22:37:13,803 INFO  server.RaftServerConfigKeys (ConfUtils.java:logGet(43)) - raft.server.storage.dir = [/opt/src/hadoop-ozone/integration-test/target/test-dir/MiniOzoneClusterImpl-a7f07da6-eaf7-45c6-b9b6-980b7bf56ee7/datanode-1/data/ratis] (custom)
2019-06-12 22:37:13,803 INFO  server.XceiverServerGrpc (XceiverServerGrpc.java:<init>(97)) - Found a free port for the server : 45311
2019-06-12 22:37:13,804 INFO  replication.SimpleContainerDownloader (SimpleContainerDownloader.java:<init>(72)) - Starting container downloader service to copy containers to replicate.
2019-06-12 22:37:13,805 INFO  hdfs.DFSUtil (DFSUtil.java:httpServerTemplateForNNAndJN(1641)) - Starting Web-server for hddsDatanode at: http://0.0.0.0:0
2019-06-12 22:37:13,807 INFO  server.AuthenticationFilter (AuthenticationFilter.java:constructSecretProvider(240)) - Unable to initialize FileSignerSecretProvider, falling back to use random secrets.
2019-06-12 22:37:13,808 WARN  http.HttpRequestLog (HttpRequestLog.java:getRequestLog(97)) - Jetty request log can only be enabled using Log4j
2019-06-12 22:37:13,811 INFO  http.HttpServer2 (HttpServer2.java:addGlobalFilter(975)) - Added global filter 'safety' (class=org.apache.hadoop.http.HttpServer2$QuotingInputFilter)
2019-06-12 22:37:13,812 INFO  http.HttpServer2 (HttpServer2.java:addFilter(948)) - Added filter static_user_filter (class=org.apache.hadoop.http.lib.StaticUserWebFilter$StaticUserFilter) to context hddsDatanode
2019-06-12 22:37:13,812 INFO  http.HttpServer2 (HttpServer2.java:addFilter(958)) - Added filter static_user_filter (class=org.apache.hadoop.http.lib.StaticUserWebFilter$StaticUserFilter) to context logs
2019-06-12 22:37:13,812 INFO  http.HttpServer2 (HttpServer2.java:addFilter(958)) - Added filter static_user_filter (class=org.apache.hadoop.http.lib.StaticUserWebFilter$StaticUserFilter) to context static
2019-06-12 22:37:13,813 INFO  http.HttpServer2 (HttpServer2.java:bindListener(1191)) - Jetty bound to port 33281
2019-06-12 22:37:13,813 INFO  server.Server (Server.java:doStart(351)) - jetty-9.3.24.v20180605, build timestamp: 2018-06-05T17:11:56Z, git hash: 84205aa28f11a4f31f2a3b86d1bba2cc8ab69827
2019-06-12 22:37:13,839 INFO  handler.ContextHandler (ContextHandler.java:doStart(781)) - Started o.e.j.s.ServletContextHandler@18b6d3c1{/logs,file:///opt/src/hadoop-ozone/integration-test/target/log,AVAILABLE}
2019-06-12 22:37:13,840 INFO  handler.ContextHandler (ContextHandler.java:doStart(781)) - Started o.e.j.s.ServletContextHandler@3fe512d2{/static,jar:file:/root/.m2/repository/org/apache/hadoop/hadoop-hdds-container-service/0.5.0-SNAPSHOT/hadoop-hdds-container-service-0.5.0-SNAPSHOT.jar!/webapps/static,AVAILABLE}
2019-06-12 22:37:13,860 INFO  datanode.InitDatanodeState (InitDatanodeState.java:persistContainerDatanodeDetails(140)) - DatanodeDetails is persisted to /opt/src/hadoop-ozone/integration-test/target/test-dir/MiniOzoneClusterImpl-a7f07da6-eaf7-45c6-b9b6-980b7bf56ee7/datanode-0/meta/datanode.id
2019-06-12 22:37:13,865 INFO  handler.ContextHandler (ContextHandler.java:doStart(781)) - Started o.e.j.w.WebAppContext@e7b265e{/,file:///tmp/jetty-0.0.0.0-33281-hddsDatanode-_-any-3726966056254642310.dir/webapp/,AVAILABLE}{/hddsDatanode}
2019-06-12 22:37:13,866 INFO  server.AbstractConnector (AbstractConnector.java:doStart(278)) - Started ServerConnector@51da32e5{HTTP/1.1,[http/1.1]}{0.0.0.0:33281}
2019-06-12 22:37:13,866 INFO  server.Server (Server.java:doStart(419)) - Started @4341ms
2019-06-12 22:37:13,867 INFO  server.BaseHttpServer (BaseHttpServer.java:updateConnectorAddress(207)) - HTTP server of HDDSDATANODE is listening at http://0.0.0.0:33281
2019-06-12 22:37:13,979 INFO  ozone.HddsDatanodeService (HddsDatanodeService.java:startPlugins(396)) - Started plug-in org.apache.hadoop.ozone.web.OzoneHddsDatanodeService@1d6751e3
2019-06-12 22:37:13,980 INFO  impl.MetricsSystemImpl (MetricsSystemImpl.java:init(158)) - HddsDatanode metrics system started (again)
2019-06-12 22:37:13,980 INFO  ozone.HddsDatanodeService (HddsDatanodeService.java:start(185)) - HddsDatanodeService host:ozone-rf5t8-2531498618 ip:192.168.19.23
2019-06-12 22:37:13,985 INFO  util.JvmPauseMonitor (JvmPauseMonitor.java:run(188)) - Starting JVM pause monitor
2019-06-12 22:37:13,991 INFO  datanode.InitDatanodeState (InitDatanodeState.java:persistContainerDatanodeDetails(140)) - DatanodeDetails is persisted to /opt/src/hadoop-ozone/integration-test/target/test-dir/MiniOzoneClusterImpl-a7f07da6-eaf7-45c6-b9b6-980b7bf56ee7/datanode-1/meta/datanode.id
2019-06-12 22:37:13,994 INFO  volume.HddsVolume (HddsVolume.java:<init>(176)) - Creating Volume: /opt/src/hadoop-ozone/integration-test/target/test-dir/MiniOzoneClusterImpl-a7f07da6-eaf7-45c6-b9b6-980b7bf56ee7/datanode-2/data/containers/hdds of  storage type : DISK and capacity : 104021790720
2019-06-12 22:37:13,994 INFO  volume.VolumeSet (VolumeSet.java:initializeVolumeSet(170)) - Added Volume : /opt/src/hadoop-ozone/integration-test/target/test-dir/MiniOzoneClusterImpl-a7f07da6-eaf7-45c6-b9b6-980b7bf56ee7/datanode-2/data/containers/hdds to VolumeSet
2019-06-12 22:37:13,994 INFO  volume.ThrottledAsyncChecker (ThrottledAsyncChecker.java:schedule(140)) - Scheduling a check for org.apache.hadoop.ozone.container.common.volume.HddsVolume@2e7af36e
2019-06-12 22:37:13,995 INFO  volume.HddsVolumeChecker (HddsVolumeChecker.java:checkAllVolumes(203)) - Scheduled health check for volume org.apache.hadoop.ozone.container.common.volume.HddsVolume@2e7af36e
2019-06-12 22:37:14,010 INFO  ratis.XceiverServerRatis (XceiverServerRatis.java:newXceiverServerRatis(401)) - Found a free port for the server : 39913
2019-06-12 22:37:14,012 INFO  impl.RaftServerProxy (ConfUtils.java:logGet(43)) - raft.rpc.type = GRPC (default)
2019-06-12 22:37:14,012 INFO  grpc.GrpcConfigKeys$Server (ConfUtils.java:logGet(43)) - raft.grpc.server.port = 39913 (custom)
2019-06-12 22:37:14,012 INFO  server.GrpcService (ConfUtils.java:logGet(43)) - raft.grpc.message.size.max = 33570816 (custom)
2019-06-12 22:37:14,013 INFO  server.RaftServerConfigKeys (ConfUtils.java:logGet(43)) - raft.server.log.appender.buffer.byte-limit = 33554432 (custom)
2019-06-12 22:37:14,013 INFO  server.GrpcService (ConfUtils.java:logGet(43)) - raft.grpc.flow.control.window = 1MB (=1048576) (default)
2019-06-12 22:37:14,013 INFO  server.RaftServerConfigKeys (ConfUtils.java:logGet(43)) - raft.server.rpc.request.timeout = 3000ms (default)
2019-06-12 22:37:14,013 INFO  server.RaftServerConfigKeys (ConfUtils.java:logGet(43)) - raft.server.storage.dir = [/opt/src/hadoop-ozone/integration-test/target/test-dir/MiniOzoneClusterImpl-a7f07da6-eaf7-45c6-b9b6-980b7bf56ee7/datanode-2/data/ratis] (custom)
2019-06-12 22:37:14,014 INFO  server.XceiverServerGrpc (XceiverServerGrpc.java:<init>(97)) - Found a free port for the server : 44045
2019-06-12 22:37:14,015 INFO  replication.SimpleContainerDownloader (SimpleContainerDownloader.java:<init>(72)) - Starting container downloader service to copy containers to replicate.
2019-06-12 22:37:14,016 INFO  hdfs.DFSUtil (DFSUtil.java:httpServerTemplateForNNAndJN(1641)) - Starting Web-server for hddsDatanode at: http://0.0.0.0:0
2019-06-12 22:37:14,017 INFO  server.AuthenticationFilter (AuthenticationFilter.java:constructSecretProvider(240)) - Unable to initialize FileSignerSecretProvider, falling back to use random secrets.
2019-06-12 22:37:14,017 WARN  http.HttpRequestLog (HttpRequestLog.java:getRequestLog(97)) - Jetty request log can only be enabled using Log4j
2019-06-12 22:37:14,018 INFO  http.HttpServer2 (HttpServer2.java:addGlobalFilter(975)) - Added global filter 'safety' (class=org.apache.hadoop.http.HttpServer2$QuotingInputFilter)
2019-06-12 22:37:14,019 INFO  http.HttpServer2 (HttpServer2.java:addFilter(948)) - Added filter static_user_filter (class=org.apache.hadoop.http.lib.StaticUserWebFilter$StaticUserFilter) to context hddsDatanode
2019-06-12 22:37:14,019 INFO  http.HttpServer2 (HttpServer2.java:addFilter(958)) - Added filter static_user_filter (class=org.apache.hadoop.http.lib.StaticUserWebFilter$StaticUserFilter) to context static
2019-06-12 22:37:14,019 INFO  http.HttpServer2 (HttpServer2.java:addFilter(958)) - Added filter static_user_filter (class=org.apache.hadoop.http.lib.StaticUserWebFilter$StaticUserFilter) to context logs
2019-06-12 22:37:14,020 INFO  http.HttpServer2 (HttpServer2.java:bindListener(1191)) - Jetty bound to port 42915
2019-06-12 22:37:14,020 INFO  server.Server (Server.java:doStart(351)) - jetty-9.3.24.v20180605, build timestamp: 2018-06-05T17:11:56Z, git hash: 84205aa28f11a4f31f2a3b86d1bba2cc8ab69827
2019-06-12 22:37:14,021 INFO  handler.ContextHandler (ContextHandler.java:doStart(781)) - Started o.e.j.s.ServletContextHandler@674da77b{/logs,file:///opt/src/hadoop-ozone/integration-test/target/log,AVAILABLE}
2019-06-12 22:37:14,022 INFO  handler.ContextHandler (ContextHandler.java:doStart(781)) - Started o.e.j.s.ServletContextHandler@6010d0d1{/static,jar:file:/root/.m2/repository/org/apache/hadoop/hadoop-hdds-container-service/0.5.0-SNAPSHOT/hadoop-hdds-container-service-0.5.0-SNAPSHOT.jar!/webapps/static,AVAILABLE}
2019-06-12 22:37:14,043 INFO  handler.ContextHandler (ContextHandler.java:doStart(781)) - Started o.e.j.w.WebAppContext@624b523{/,file:///tmp/jetty-0.0.0.0-42915-hddsDatanode-_-any-4291718560745868607.dir/webapp/,AVAILABLE}{/hddsDatanode}
2019-06-12 22:37:14,044 INFO  server.AbstractConnector (AbstractConnector.java:doStart(278)) - Started ServerConnector@50b46e24{HTTP/1.1,[http/1.1]}{0.0.0.0:42915}
2019-06-12 22:37:14,045 INFO  server.Server (Server.java:doStart(419)) - Started @4520ms
2019-06-12 22:37:14,046 INFO  server.BaseHttpServer (BaseHttpServer.java:updateConnectorAddress(207)) - HTTP server of HDDSDATANODE is listening at http://0.0.0.0:42915
2019-06-12 22:37:14,192 INFO  ozone.HddsDatanodeService (HddsDatanodeService.java:startPlugins(396)) - Started plug-in org.apache.hadoop.ozone.web.OzoneHddsDatanodeService@662be9f7
2019-06-12 22:37:14,192 INFO  impl.MetricsSystemImpl (MetricsSystemImpl.java:init(158)) - HddsDatanode metrics system started (again)
2019-06-12 22:37:14,192 INFO  ozone.HddsDatanodeService (HddsDatanodeService.java:start(185)) - HddsDatanodeService host:ozone-rf5t8-2531498618 ip:192.168.19.23
2019-06-12 22:37:14,198 INFO  util.JvmPauseMonitor (JvmPauseMonitor.java:run(188)) - Starting JVM pause monitor
2019-06-12 22:37:14,204 INFO  volume.HddsVolume (HddsVolume.java:<init>(176)) - Creating Volume: /opt/src/hadoop-ozone/integration-test/target/test-dir/MiniOzoneClusterImpl-a7f07da6-eaf7-45c6-b9b6-980b7bf56ee7/datanode-3/data/containers/hdds of  storage type : DISK and capacity : 104021790720
2019-06-12 22:37:14,204 INFO  volume.VolumeSet (VolumeSet.java:initializeVolumeSet(170)) - Added Volume : /opt/src/hadoop-ozone/integration-test/target/test-dir/MiniOzoneClusterImpl-a7f07da6-eaf7-45c6-b9b6-980b7bf56ee7/datanode-3/data/containers/hdds to VolumeSet
2019-06-12 22:37:14,205 INFO  volume.ThrottledAsyncChecker (ThrottledAsyncChecker.java:schedule(140)) - Scheduling a check for org.apache.hadoop.ozone.container.common.volume.HddsVolume@2f9dda71
2019-06-12 22:37:14,206 INFO  datanode.InitDatanodeState (InitDatanodeState.java:persistContainerDatanodeDetails(140)) - DatanodeDetails is persisted to /opt/src/hadoop-ozone/integration-test/target/test-dir/MiniOzoneClusterImpl-a7f07da6-eaf7-45c6-b9b6-980b7bf56ee7/datanode-2/meta/datanode.id
2019-06-12 22:37:14,210 INFO  volume.HddsVolumeChecker (HddsVolumeChecker.java:checkAllVolumes(203)) - Scheduled health check for volume org.apache.hadoop.ozone.container.common.volume.HddsVolume@2f9dda71
2019-06-12 22:37:14,223 INFO  ratis.XceiverServerRatis (XceiverServerRatis.java:newXceiverServerRatis(401)) - Found a free port for the server : 37917
2019-06-12 22:37:14,225 INFO  impl.RaftServerProxy (ConfUtils.java:logGet(43)) - raft.rpc.type = GRPC (default)
2019-06-12 22:37:14,225 INFO  grpc.GrpcConfigKeys$Server (ConfUtils.java:logGet(43)) - raft.grpc.server.port = 37917 (custom)
2019-06-12 22:37:14,225 INFO  server.GrpcService (ConfUtils.java:logGet(43)) - raft.grpc.message.size.max = 33570816 (custom)
2019-06-12 22:37:14,226 INFO  server.RaftServerConfigKeys (ConfUtils.java:logGet(43)) - raft.server.log.appender.buffer.byte-limit = 33554432 (custom)
2019-06-12 22:37:14,226 INFO  server.GrpcService (ConfUtils.java:logGet(43)) - raft.grpc.flow.control.window = 1MB (=1048576) (default)
2019-06-12 22:37:14,226 INFO  server.RaftServerConfigKeys (ConfUtils.java:logGet(43)) - raft.server.rpc.request.timeout = 3000ms (default)
2019-06-12 22:37:14,227 INFO  server.RaftServerConfigKeys (ConfUtils.java:logGet(43)) - raft.server.storage.dir = [/opt/src/hadoop-ozone/integration-test/target/test-dir/MiniOzoneClusterImpl-a7f07da6-eaf7-45c6-b9b6-980b7bf56ee7/datanode-3/data/ratis] (custom)
2019-06-12 22:37:14,227 INFO  server.XceiverServerGrpc (XceiverServerGrpc.java:<init>(97)) - Found a free port for the server : 42483
2019-06-12 22:37:14,227 INFO  replication.SimpleContainerDownloader (SimpleContainerDownloader.java:<init>(72)) - Starting container downloader service to copy containers to replicate.
2019-06-12 22:37:14,228 INFO  hdfs.DFSUtil (DFSUtil.java:httpServerTemplateForNNAndJN(1641)) - Starting Web-server for hddsDatanode at: http://0.0.0.0:0
2019-06-12 22:37:14,230 INFO  server.AuthenticationFilter (AuthenticationFilter.java:constructSecretProvider(240)) - Unable to initialize FileSignerSecretProvider, falling back to use random secrets.
2019-06-12 22:37:14,230 WARN  http.HttpRequestLog (HttpRequestLog.java:getRequestLog(97)) - Jetty request log can only be enabled using Log4j
2019-06-12 22:37:14,232 INFO  http.HttpServer2 (HttpServer2.java:addGlobalFilter(975)) - Added global filter 'safety' (class=org.apache.hadoop.http.HttpServer2$QuotingInputFilter)
2019-06-12 22:37:14,232 INFO  http.HttpServer2 (HttpServer2.java:addFilter(948)) - Added filter static_user_filter (class=org.apache.hadoop.http.lib.StaticUserWebFilter$StaticUserFilter) to context hddsDatanode
2019-06-12 22:37:14,233 INFO  http.HttpServer2 (HttpServer2.java:addFilter(958)) - Added filter static_user_filter (class=org.apache.hadoop.http.lib.StaticUserWebFilter$StaticUserFilter) to context static
2019-06-12 22:37:14,233 INFO  http.HttpServer2 (HttpServer2.java:addFilter(958)) - Added filter static_user_filter (class=org.apache.hadoop.http.lib.StaticUserWebFilter$StaticUserFilter) to context logs
2019-06-12 22:37:14,233 INFO  http.HttpServer2 (HttpServer2.java:bindListener(1191)) - Jetty bound to port 39943
2019-06-12 22:37:14,234 INFO  server.Server (Server.java:doStart(351)) - jetty-9.3.24.v20180605, build timestamp: 2018-06-05T17:11:56Z, git hash: 84205aa28f11a4f31f2a3b86d1bba2cc8ab69827
2019-06-12 22:37:14,263 INFO  handler.ContextHandler (ContextHandler.java:doStart(781)) - Started o.e.j.s.ServletContextHandler@1f15e689{/logs,file:///opt/src/hadoop-ozone/integration-test/target/log,AVAILABLE}
2019-06-12 22:37:14,265 INFO  handler.ContextHandler (ContextHandler.java:doStart(781)) - Started o.e.j.s.ServletContextHandler@3ebc955b{/static,jar:file:/root/.m2/repository/org/apache/hadoop/hadoop-hdds-container-service/0.5.0-SNAPSHOT/hadoop-hdds-container-service-0.5.0-SNAPSHOT.jar!/webapps/static,AVAILABLE}
2019-06-12 22:37:14,287 INFO  handler.ContextHandler (ContextHandler.java:doStart(781)) - Started o.e.j.w.WebAppContext@9fe720a{/,file:///tmp/jetty-0.0.0.0-39943-hddsDatanode-_-any-2659624677379134850.dir/webapp/,AVAILABLE}{/hddsDatanode}
2019-06-12 22:37:14,288 INFO  server.AbstractConnector (AbstractConnector.java:doStart(278)) - Started ServerConnector@149274cb{HTTP/1.1,[http/1.1]}{0.0.0.0:39943}
2019-06-12 22:37:14,290 INFO  server.Server (Server.java:doStart(419)) - Started @4764ms
2019-06-12 22:37:14,290 INFO  server.BaseHttpServer (BaseHttpServer.java:updateConnectorAddress(207)) - HTTP server of HDDSDATANODE is listening at http://0.0.0.0:39943
2019-06-12 22:37:14,416 INFO  ozone.HddsDatanodeService (HddsDatanodeService.java:startPlugins(396)) - Started plug-in org.apache.hadoop.ozone.web.OzoneHddsDatanodeService@7aded903
2019-06-12 22:37:14,416 INFO  impl.MetricsSystemImpl (MetricsSystemImpl.java:init(158)) - HddsDatanode metrics system started (again)
2019-06-12 22:37:14,416 INFO  ozone.HddsDatanodeService (HddsDatanodeService.java:start(185)) - HddsDatanodeService host:ozone-rf5t8-2531498618 ip:192.168.19.23
2019-06-12 22:37:14,421 INFO  util.JvmPauseMonitor (JvmPauseMonitor.java:run(188)) - Starting JVM pause monitor
2019-06-12 22:37:14,423 INFO  datanode.InitDatanodeState (InitDatanodeState.java:persistContainerDatanodeDetails(140)) - DatanodeDetails is persisted to /opt/src/hadoop-ozone/integration-test/target/test-dir/MiniOzoneClusterImpl-a7f07da6-eaf7-45c6-b9b6-980b7bf56ee7/datanode-3/meta/datanode.id
2019-06-12 22:37:14,428 INFO  volume.HddsVolume (HddsVolume.java:<init>(176)) - Creating Volume: /opt/src/hadoop-ozone/integration-test/target/test-dir/MiniOzoneClusterImpl-a7f07da6-eaf7-45c6-b9b6-980b7bf56ee7/datanode-4/data/containers/hdds of  storage type : DISK and capacity : 104021790720
2019-06-12 22:37:14,429 INFO  volume.VolumeSet (VolumeSet.java:initializeVolumeSet(170)) - Added Volume : /opt/src/hadoop-ozone/integration-test/target/test-dir/MiniOzoneClusterImpl-a7f07da6-eaf7-45c6-b9b6-980b7bf56ee7/datanode-4/data/containers/hdds to VolumeSet
2019-06-12 22:37:14,429 INFO  volume.ThrottledAsyncChecker (ThrottledAsyncChecker.java:schedule(140)) - Scheduling a check for org.apache.hadoop.ozone.container.common.volume.HddsVolume@66f16742
2019-06-12 22:37:14,434 INFO  volume.HddsVolumeChecker (HddsVolumeChecker.java:checkAllVolumes(203)) - Scheduled health check for volume org.apache.hadoop.ozone.container.common.volume.HddsVolume@66f16742
2019-06-12 22:37:14,443 INFO  ratis.XceiverServerRatis (XceiverServerRatis.java:newXceiverServerRatis(401)) - Found a free port for the server : 37413
2019-06-12 22:37:14,445 INFO  impl.RaftServerProxy (ConfUtils.java:logGet(43)) - raft.rpc.type = GRPC (default)
2019-06-12 22:37:14,445 INFO  grpc.GrpcConfigKeys$Server (ConfUtils.java:logGet(43)) - raft.grpc.server.port = 37413 (custom)
2019-06-12 22:37:14,445 INFO  server.GrpcService (ConfUtils.java:logGet(43)) - raft.grpc.message.size.max = 33570816 (custom)
2019-06-12 22:37:14,445 INFO  server.RaftServerConfigKeys (ConfUtils.java:logGet(43)) - raft.server.log.appender.buffer.byte-limit = 33554432 (custom)
2019-06-12 22:37:14,446 INFO  server.GrpcService (ConfUtils.java:logGet(43)) - raft.grpc.flow.control.window = 1MB (=1048576) (default)
2019-06-12 22:37:14,446 INFO  server.RaftServerConfigKeys (ConfUtils.java:logGet(43)) - raft.server.rpc.request.timeout = 3000ms (default)
2019-06-12 22:37:14,446 INFO  server.RaftServerConfigKeys (ConfUtils.java:logGet(43)) - raft.server.storage.dir = [/opt/src/hadoop-ozone/integration-test/target/test-dir/MiniOzoneClusterImpl-a7f07da6-eaf7-45c6-b9b6-980b7bf56ee7/datanode-4/data/ratis] (custom)
2019-06-12 22:37:14,447 INFO  server.XceiverServerGrpc (XceiverServerGrpc.java:<init>(97)) - Found a free port for the server : 39217
2019-06-12 22:37:14,447 INFO  replication.SimpleContainerDownloader (SimpleContainerDownloader.java:<init>(72)) - Starting container downloader service to copy containers to replicate.
2019-06-12 22:37:14,448 INFO  hdfs.DFSUtil (DFSUtil.java:httpServerTemplateForNNAndJN(1641)) - Starting Web-server for hddsDatanode at: http://0.0.0.0:0
2019-06-12 22:37:14,449 INFO  server.AuthenticationFilter (AuthenticationFilter.java:constructSecretProvider(240)) - Unable to initialize FileSignerSecretProvider, falling back to use random secrets.
2019-06-12 22:37:14,450 WARN  http.HttpRequestLog (HttpRequestLog.java:getRequestLog(97)) - Jetty request log can only be enabled using Log4j
2019-06-12 22:37:14,451 INFO  http.HttpServer2 (HttpServer2.java:addGlobalFilter(975)) - Added global filter 'safety' (class=org.apache.hadoop.http.HttpServer2$QuotingInputFilter)
2019-06-12 22:37:14,451 INFO  http.HttpServer2 (HttpServer2.java:addFilter(948)) - Added filter static_user_filter (class=org.apache.hadoop.http.lib.StaticUserWebFilter$StaticUserFilter) to context hddsDatanode
2019-06-12 22:37:14,451 INFO  http.HttpServer2 (HttpServer2.java:addFilter(958)) - Added filter static_user_filter (class=org.apache.hadoop.http.lib.StaticUserWebFilter$StaticUserFilter) to context logs
2019-06-12 22:37:14,451 INFO  http.HttpServer2 (HttpServer2.java:addFilter(958)) - Added filter static_user_filter (class=org.apache.hadoop.http.lib.StaticUserWebFilter$StaticUserFilter) to context static
2019-06-12 22:37:14,452 INFO  http.HttpServer2 (HttpServer2.java:bindListener(1191)) - Jetty bound to port 33445
2019-06-12 22:37:14,452 INFO  server.Server (Server.java:doStart(351)) - jetty-9.3.24.v20180605, build timestamp: 2018-06-05T17:11:56Z, git hash: 84205aa28f11a4f31f2a3b86d1bba2cc8ab69827
2019-06-12 22:37:14,460 INFO  handler.ContextHandler (ContextHandler.java:doStart(781)) - Started o.e.j.s.ServletContextHandler@4ef18604{/logs,file:///opt/src/hadoop-ozone/integration-test/target/log,AVAILABLE}
2019-06-12 22:37:14,460 INFO  handler.ContextHandler (ContextHandler.java:doStart(781)) - Started o.e.j.s.ServletContextHandler@16cf8438{/static,jar:file:/root/.m2/repository/org/apache/hadoop/hadoop-hdds-container-service/0.5.0-SNAPSHOT/hadoop-hdds-container-service-0.5.0-SNAPSHOT.jar!/webapps/static,AVAILABLE}
2019-06-12 22:37:14,481 INFO  handler.ContextHandler (ContextHandler.java:doStart(781)) - Started o.e.j.w.WebAppContext@2ca3d826{/,file:///tmp/jetty-0.0.0.0-33445-hddsDatanode-_-any-5261983752337805231.dir/webapp/,AVAILABLE}{/hddsDatanode}
2019-06-12 22:37:14,482 INFO  server.AbstractConnector (AbstractConnector.java:doStart(278)) - Started ServerConnector@5d194314{HTTP/1.1,[http/1.1]}{0.0.0.0:33445}
2019-06-12 22:37:14,483 INFO  server.Server (Server.java:doStart(419)) - Started @4958ms
2019-06-12 22:37:14,484 INFO  server.BaseHttpServer (BaseHttpServer.java:updateConnectorAddress(207)) - HTTP server of HDDSDATANODE is listening at http://0.0.0.0:33445
2019-06-12 22:37:14,583 INFO  ozone.HddsDatanodeService (HddsDatanodeService.java:startPlugins(396)) - Started plug-in org.apache.hadoop.ozone.web.OzoneHddsDatanodeService@454bcbbf
2019-06-12 22:37:14,584 INFO  impl.MetricsSystemImpl (MetricsSystemImpl.java:init(158)) - HddsDatanode metrics system started (again)
2019-06-12 22:37:14,584 INFO  ozone.HddsDatanodeService (HddsDatanodeService.java:start(185)) - HddsDatanodeService host:ozone-rf5t8-2531498618 ip:192.168.19.23
2019-06-12 22:37:14,597 INFO  util.JvmPauseMonitor (JvmPauseMonitor.java:run(188)) - Starting JVM pause monitor
2019-06-12 22:37:14,605 INFO  datanode.InitDatanodeState (InitDatanodeState.java:persistContainerDatanodeDetails(140)) - DatanodeDetails is persisted to /opt/src/hadoop-ozone/integration-test/target/test-dir/MiniOzoneClusterImpl-a7f07da6-eaf7-45c6-b9b6-980b7bf56ee7/datanode-4/meta/datanode.id
2019-06-12 22:37:14,608 INFO  volume.HddsVolume (HddsVolume.java:<init>(176)) - Creating Volume: /opt/src/hadoop-ozone/integration-test/target/test-dir/MiniOzoneClusterImpl-a7f07da6-eaf7-45c6-b9b6-980b7bf56ee7/datanode-5/data/containers/hdds of  storage type : DISK and capacity : 104021790720
2019-06-12 22:37:14,608 INFO  volume.VolumeSet (VolumeSet.java:initializeVolumeSet(170)) - Added Volume : /opt/src/hadoop-ozone/integration-test/target/test-dir/MiniOzoneClusterImpl-a7f07da6-eaf7-45c6-b9b6-980b7bf56ee7/datanode-5/data/containers/hdds to VolumeSet
2019-06-12 22:37:14,608 INFO  volume.ThrottledAsyncChecker (ThrottledAsyncChecker.java:schedule(140)) - Scheduling a check for org.apache.hadoop.ozone.container.common.volume.HddsVolume@7ea42c82
2019-06-12 22:37:14,612 INFO  volume.HddsVolumeChecker (HddsVolumeChecker.java:checkAllVolumes(203)) - Scheduled health check for volume org.apache.hadoop.ozone.container.common.volume.HddsVolume@7ea42c82
2019-06-12 22:37:14,623 INFO  ratis.XceiverServerRatis (XceiverServerRatis.java:newXceiverServerRatis(401)) - Found a free port for the server : 45885
2019-06-12 22:37:14,625 INFO  impl.RaftServerProxy (ConfUtils.java:logGet(43)) - raft.rpc.type = GRPC (default)
2019-06-12 22:37:14,625 INFO  grpc.GrpcConfigKeys$Server (ConfUtils.java:logGet(43)) - raft.grpc.server.port = 45885 (custom)
2019-06-12 22:37:14,625 INFO  server.GrpcService (ConfUtils.java:logGet(43)) - raft.grpc.message.size.max = 33570816 (custom)
2019-06-12 22:37:14,625 INFO  server.RaftServerConfigKeys (ConfUtils.java:logGet(43)) - raft.server.log.appender.buffer.byte-limit = 33554432 (custom)
2019-06-12 22:37:14,626 INFO  server.GrpcService (ConfUtils.java:logGet(43)) - raft.grpc.flow.control.window = 1MB (=1048576) (default)
2019-06-12 22:37:14,626 INFO  server.RaftServerConfigKeys (ConfUtils.java:logGet(43)) - raft.server.rpc.request.timeout = 3000ms (default)
2019-06-12 22:37:14,626 INFO  server.RaftServerConfigKeys (ConfUtils.java:logGet(43)) - raft.server.storage.dir = [/opt/src/hadoop-ozone/integration-test/target/test-dir/MiniOzoneClusterImpl-a7f07da6-eaf7-45c6-b9b6-980b7bf56ee7/datanode-5/data/ratis] (custom)
2019-06-12 22:37:14,627 INFO  server.XceiverServerGrpc (XceiverServerGrpc.java:<init>(97)) - Found a free port for the server : 39793
2019-06-12 22:37:14,627 INFO  replication.SimpleContainerDownloader (SimpleContainerDownloader.java:<init>(72)) - Starting container downloader service to copy containers to replicate.
2019-06-12 22:37:14,628 INFO  hdfs.DFSUtil (DFSUtil.java:httpServerTemplateForNNAndJN(1641)) - Starting Web-server for hddsDatanode at: http://0.0.0.0:0
2019-06-12 22:37:14,630 INFO  server.AuthenticationFilter (AuthenticationFilter.java:constructSecretProvider(240)) - Unable to initialize FileSignerSecretProvider, falling back to use random secrets.
2019-06-12 22:37:14,630 WARN  http.HttpRequestLog (HttpRequestLog.java:getRequestLog(97)) - Jetty request log can only be enabled using Log4j
2019-06-12 22:37:14,631 INFO  http.HttpServer2 (HttpServer2.java:addGlobalFilter(975)) - Added global filter 'safety' (class=org.apache.hadoop.http.HttpServer2$QuotingInputFilter)
2019-06-12 22:37:14,632 INFO  http.HttpServer2 (HttpServer2.java:addFilter(948)) - Added filter static_user_filter (class=org.apache.hadoop.http.lib.StaticUserWebFilter$StaticUserFilter) to context hddsDatanode
2019-06-12 22:37:14,632 INFO  http.HttpServer2 (HttpServer2.java:addFilter(958)) - Added filter static_user_filter (class=org.apache.hadoop.http.lib.StaticUserWebFilter$StaticUserFilter) to context static
2019-06-12 22:37:14,632 INFO  http.HttpServer2 (HttpServer2.java:addFilter(958)) - Added filter static_user_filter (class=org.apache.hadoop.http.lib.StaticUserWebFilter$StaticUserFilter) to context logs
2019-06-12 22:37:14,633 INFO  http.HttpServer2 (HttpServer2.java:bindListener(1191)) - Jetty bound to port 44655
2019-06-12 22:37:14,633 INFO  server.Server (Server.java:doStart(351)) - jetty-9.3.24.v20180605, build timestamp: 2018-06-05T17:11:56Z, git hash: 84205aa28f11a4f31f2a3b86d1bba2cc8ab69827
2019-06-12 22:37:14,640 INFO  handler.ContextHandler (ContextHandler.java:doStart(781)) - Started o.e.j.s.ServletContextHandler@58a7dc4{/logs,file:///opt/src/hadoop-ozone/integration-test/target/log,AVAILABLE}
2019-06-12 22:37:14,640 INFO  handler.ContextHandler (ContextHandler.java:doStart(781)) - Started o.e.j.s.ServletContextHandler@27f71195{/static,jar:file:/root/.m2/repository/org/apache/hadoop/hadoop-hdds-container-service/0.5.0-SNAPSHOT/hadoop-hdds-container-service-0.5.0-SNAPSHOT.jar!/webapps/static,AVAILABLE}
2019-06-12 22:37:14,661 INFO  handler.ContextHandler (ContextHandler.java:doStart(781)) - Started o.e.j.w.WebAppContext@26b3c9a2{/,file:///tmp/jetty-0.0.0.0-44655-hddsDatanode-_-any-6069449713607593570.dir/webapp/,AVAILABLE}{/hddsDatanode}
2019-06-12 22:37:14,662 INFO  server.AbstractConnector (AbstractConnector.java:doStart(278)) - Started ServerConnector@241b971f{HTTP/1.1,[http/1.1]}{0.0.0.0:44655}
2019-06-12 22:37:14,662 INFO  server.Server (Server.java:doStart(419)) - Started @5137ms
2019-06-12 22:37:14,663 INFO  server.BaseHttpServer (BaseHttpServer.java:updateConnectorAddress(207)) - HTTP server of HDDSDATANODE is listening at http://0.0.0.0:44655
2019-06-12 22:37:14,791 INFO  ozone.HddsDatanodeService (HddsDatanodeService.java:startPlugins(396)) - Started plug-in org.apache.hadoop.ozone.web.OzoneHddsDatanodeService@693f2213
2019-06-12 22:37:14,794 INFO  ozone.MiniOzoneClusterImpl (MiniOzoneClusterImpl.java:lambda$waitForClusterToBeReady$0(142)) - Waiting for cluster to be ready. Got 0 of 6 DN Heartbeats.
2019-06-12 22:37:14,800 INFO  util.JvmPauseMonitor (JvmPauseMonitor.java:run(188)) - Starting JVM pause monitor
2019-06-12 22:37:14,816 INFO  datanode.InitDatanodeState (InitDatanodeState.java:persistContainerDatanodeDetails(140)) - DatanodeDetails is persisted to /opt/src/hadoop-ozone/integration-test/target/test-dir/MiniOzoneClusterImpl-a7f07da6-eaf7-45c6-b9b6-980b7bf56ee7/datanode-5/meta/datanode.id
2019-06-12 22:37:15,791 INFO  ozoneimpl.OzoneContainer (OzoneContainer.java:start(186)) - Attempting to start container services.
2019-06-12 22:37:15,791 INFO  ozoneimpl.OzoneContainer (OzoneContainer.java:startContainerScrub(160)) - Background container scrubber has been disabled by hdds.containerscrub.enabled
2019-06-12 22:37:15,792 INFO  ratis.XceiverServerRatis (XceiverServerRatis.java:start(418)) - Starting XceiverServerRatis 96859173-048a-47ee-8a14-43e6d9ba3429 at port 39791
2019-06-12 22:37:15,795 INFO  ozone.MiniOzoneClusterImpl (MiniOzoneClusterImpl.java:lambda$waitForClusterToBeReady$0(142)) - Waiting for cluster to be ready. Got 0 of 6 DN Heartbeats.
2019-06-12 22:37:15,805 INFO  impl.RaftServerProxy (RaftServerProxy.java:lambda$start$3(299)) - 96859173-048a-47ee-8a14-43e6d9ba3429: start RPC server
2019-06-12 22:37:15,939 INFO  server.GrpcService (GrpcService.java:startImpl(148)) - 96859173-048a-47ee-8a14-43e6d9ba3429: GrpcService started, listening on 0.0.0.0/0.0.0.0:39791
2019-06-12 22:37:15,990 INFO  ozoneimpl.OzoneContainer (OzoneContainer.java:start(186)) - Attempting to start container services.
2019-06-12 22:37:15,991 INFO  ozoneimpl.OzoneContainer (OzoneContainer.java:startContainerScrub(160)) - Background container scrubber has been disabled by hdds.containerscrub.enabled
2019-06-12 22:37:15,991 INFO  ratis.XceiverServerRatis (XceiverServerRatis.java:start(418)) - Starting XceiverServerRatis f28c37ad-b6d2-45d1-abe7-44ecb714149e at port 37153
2019-06-12 22:37:15,998 INFO  impl.RaftServerProxy (RaftServerProxy.java:lambda$start$3(299)) - f28c37ad-b6d2-45d1-abe7-44ecb714149e: start RPC server
2019-06-12 22:37:16,000 INFO  server.GrpcService (GrpcService.java:startImpl(148)) - f28c37ad-b6d2-45d1-abe7-44ecb714149e: GrpcService started, listening on 0.0.0.0/0.0.0.0:37153
2019-06-12 22:37:16,202 INFO  ozoneimpl.OzoneContainer (OzoneContainer.java:start(186)) - Attempting to start container services.
2019-06-12 22:37:16,203 INFO  ozoneimpl.OzoneContainer (OzoneContainer.java:startContainerScrub(160)) - Background container scrubber has been disabled by hdds.containerscrub.enabled
2019-06-12 22:37:16,203 INFO  ratis.XceiverServerRatis (XceiverServerRatis.java:start(418)) - Starting XceiverServerRatis 8e4a8d7f-cd84-43c6-932d-07e4a4c9a366 at port 39913
2019-06-12 22:37:16,209 INFO  impl.RaftServerProxy (RaftServerProxy.java:lambda$start$3(299)) - 8e4a8d7f-cd84-43c6-932d-07e4a4c9a366: start RPC server
2019-06-12 22:37:16,211 INFO  server.GrpcService (GrpcService.java:startImpl(148)) - 8e4a8d7f-cd84-43c6-932d-07e4a4c9a366: GrpcService started, listening on 0.0.0.0/0.0.0.0:39913
2019-06-12 22:37:16,426 INFO  ozoneimpl.OzoneContainer (OzoneContainer.java:start(186)) - Attempting to start container services.
2019-06-12 22:37:16,428 INFO  ozoneimpl.OzoneContainer (OzoneContainer.java:startContainerScrub(160)) - Background container scrubber has been disabled by hdds.containerscrub.enabled
2019-06-12 22:37:16,428 INFO  ratis.XceiverServerRatis (XceiverServerRatis.java:start(418)) - Starting XceiverServerRatis 4d39419c-cae3-4063-8850-de1ba7a76112 at port 37917
2019-06-12 22:37:16,433 INFO  impl.RaftServerProxy (RaftServerProxy.java:lambda$start$3(299)) - 4d39419c-cae3-4063-8850-de1ba7a76112: start RPC server
2019-06-12 22:37:16,435 INFO  server.GrpcService (GrpcService.java:startImpl(148)) - 4d39419c-cae3-4063-8850-de1ba7a76112: GrpcService started, listening on 0.0.0.0/0.0.0.0:37917
2019-06-12 22:37:16,603 INFO  ozoneimpl.OzoneContainer (OzoneContainer.java:start(186)) - Attempting to start container services.
2019-06-12 22:37:16,604 INFO  ozoneimpl.OzoneContainer (OzoneContainer.java:startContainerScrub(160)) - Background container scrubber has been disabled by hdds.containerscrub.enabled
2019-06-12 22:37:16,604 INFO  ratis.XceiverServerRatis (XceiverServerRatis.java:start(418)) - Starting XceiverServerRatis c26ca4bc-0f9c-4e92-8a42-1804f6f4046f at port 37413
2019-06-12 22:37:16,610 INFO  impl.RaftServerProxy (RaftServerProxy.java:lambda$start$3(299)) - c26ca4bc-0f9c-4e92-8a42-1804f6f4046f: start RPC server
2019-06-12 22:37:16,612 INFO  server.GrpcService (GrpcService.java:startImpl(148)) - c26ca4bc-0f9c-4e92-8a42-1804f6f4046f: GrpcService started, listening on 0.0.0.0/0.0.0.0:37413
2019-06-12 22:37:16,795 INFO  ozone.MiniOzoneClusterImpl (MiniOzoneClusterImpl.java:lambda$waitForClusterToBeReady$0(142)) - Waiting for cluster to be ready. Got 0 of 6 DN Heartbeats.
2019-06-12 22:37:16,803 INFO  ozoneimpl.OzoneContainer (OzoneContainer.java:start(186)) - Attempting to start container services.
2019-06-12 22:37:16,805 INFO  ozoneimpl.OzoneContainer (OzoneContainer.java:startContainerScrub(160)) - Background container scrubber has been disabled by hdds.containerscrub.enabled
2019-06-12 22:37:16,805 INFO  ratis.XceiverServerRatis (XceiverServerRatis.java:start(418)) - Starting XceiverServerRatis 37002335-7b04-40f8-80c4-24cb206ad3a4 at port 45885
2019-06-12 22:37:16,810 INFO  impl.RaftServerProxy (RaftServerProxy.java:lambda$start$3(299)) - 37002335-7b04-40f8-80c4-24cb206ad3a4: start RPC server
2019-06-12 22:37:16,813 INFO  server.GrpcService (GrpcService.java:startImpl(148)) - 37002335-7b04-40f8-80c4-24cb206ad3a4: GrpcService started, listening on 0.0.0.0/0.0.0.0:45885
2019-06-12 22:37:17,793 INFO  node.SCMNodeManager (SCMNodeManager.java:register(234)) - Registered Data node : 96859173-048a-47ee-8a14-43e6d9ba3429{ip: 192.168.19.23, host: ozone-rf5t8-2531498618, networkLocation: /default-rack, certSerialId: null}
2019-06-12 22:37:17,796 INFO  ozone.MiniOzoneClusterImpl (MiniOzoneClusterImpl.java:lambda$waitForClusterToBeReady$0(142)) - Waiting for cluster to be ready. Got 1 of 6 DN Heartbeats.
2019-06-12 22:37:17,803 INFO  safemode.SCMSafeModeManager (DataNodeSafeModeRule.java:process(71)) - SCM in safe mode. 1 DataNodes registered, 1 required.
2019-06-12 22:37:17,803 INFO  safemode.SCMSafeModeManager (SCMSafeModeManager.java:validateSafeModeExitRules(177)) - ScmSafeModeManager, all rules are successfully validated
2019-06-12 22:37:17,803 INFO  safemode.SCMSafeModeManager (SCMSafeModeManager.java:exitSafeMode(193)) - SCM exiting safe mode.
2019-06-12 22:37:17,988 INFO  node.SCMNodeManager (SCMNodeManager.java:register(234)) - Registered Data node : f28c37ad-b6d2-45d1-abe7-44ecb714149e{ip: 192.168.19.23, host: ozone-rf5t8-2531498618, networkLocation: /default-rack, certSerialId: null}
2019-06-12 22:37:18,147 INFO  impl.RaftServerProxy (RaftServerProxy.java:addNew(89)) - 96859173-048a-47ee-8a14-43e6d9ba3429: addNew group-1780CF8E53F0:[96859173-048a-47ee-8a14-43e6d9ba3429:192.168.19.23:39791] returns group-1780CF8E53F0:java.util.concurrent.CompletableFuture@3605b54[Not completed]
2019-06-12 22:37:18,152 INFO  impl.RaftServerImpl (RaftServerImpl.java:<init>(91)) - 96859173-048a-47ee-8a14-43e6d9ba3429: new RaftServerImpl for group-1780CF8E53F0:[96859173-048a-47ee-8a14-43e6d9ba3429:192.168.19.23:39791] with ContainerStateMachine:uninitialized
2019-06-12 22:37:18,153 INFO  server.RaftServerConfigKeys (ConfUtils.java:logGet(43)) - raft.server.rpc.timeout.min = 1s (custom)
2019-06-12 22:37:18,154 INFO  server.RaftServerConfigKeys (ConfUtils.java:logGet(43)) - raft.server.rpc.timeout.max = 1200ms (custom)
2019-06-12 22:37:18,154 INFO  server.RaftServerConfigKeys (ConfUtils.java:logGet(43)) - raft.server.rpcslowness.timeout = 10s (custom)
2019-06-12 22:37:18,154 INFO  server.RaftServerConfigKeys (ConfUtils.java:logGet(43)) - raft.server.log.appender.install.snapshot.enabled = true (default)
2019-06-12 22:37:18,160 INFO  impl.RaftServerImpl (ServerState.java:<init>(101)) - 96859173-048a-47ee-8a14-43e6d9ba3429:group-1780CF8E53F0 ConfigurationManager, init=-1: [96859173-048a-47ee-8a14-43e6d9ba3429:192.168.19.23:39791], old=null, confs=<EMPTY_MAP>
2019-06-12 22:37:18,160 INFO  server.RaftServerConfigKeys (ConfUtils.java:logGet(43)) - raft.server.storage.dir = [/opt/src/hadoop-ozone/integration-test/target/test-dir/MiniOzoneClusterImpl-a7f07da6-eaf7-45c6-b9b6-980b7bf56ee7/datanode-0/data/ratis] (custom)
2019-06-12 22:37:18,165 INFO  storage.RaftStorageDirectory (RaftStorageDirectory.java:analyzeStorage(246)) - The storage directory /opt/src/hadoop-ozone/integration-test/target/test-dir/MiniOzoneClusterImpl-a7f07da6-eaf7-45c6-b9b6-980b7bf56ee7/datanode-0/data/ratis/f42d95fa-fa3e-4276-a4d4-1780cf8e53f0 does not exist. Creating ...
2019-06-12 22:37:18,170 INFO  storage.RaftStorageDirectory (RaftStorageDirectory.java:tryLock(328)) - Lock on /opt/src/hadoop-ozone/integration-test/target/test-dir/MiniOzoneClusterImpl-a7f07da6-eaf7-45c6-b9b6-980b7bf56ee7/datanode-0/data/ratis/f42d95fa-fa3e-4276-a4d4-1780cf8e53f0/in_use.lock acquired by nodename 10111@ozone-rf5t8-2531498618
2019-06-12 22:37:18,174 INFO  storage.RaftStorage (RaftStorage.java:format(75)) - Storage directory /opt/src/hadoop-ozone/integration-test/target/test-dir/MiniOzoneClusterImpl-a7f07da6-eaf7-45c6-b9b6-980b7bf56ee7/datanode-0/data/ratis/f42d95fa-fa3e-4276-a4d4-1780cf8e53f0 has been successfully formatted.
2019-06-12 22:37:18,175 INFO  ratis.ContainerStateMachine (ContainerStateMachine.java:loadSnapshot(199)) - The snapshot info is null.Setting the last applied index to:(t:0, i:~)
2019-06-12 22:37:18,176 INFO  server.RaftServerConfigKeys (ConfUtils.java:logGet(43)) - raft.server.leader.election.timeout = 10s (custom)
2019-06-12 22:37:18,177 INFO  server.RaftServerConfigKeys (ConfUtils.java:logGet(43)) - raft.server.log.use.memory = false (default)
2019-06-12 22:37:18,301 INFO  server.RaftServerConfigKeys (ConfUtils.java:logGet(43)) - raft.server.log.appender.buffer.byte-limit = 33554432 (custom)
2019-06-12 22:37:18,304 INFO  node.SCMNodeManager (SCMNodeManager.java:register(234)) - Registered Data node : 8e4a8d7f-cd84-43c6-932d-07e4a4c9a366{ip: 192.168.19.23, host: ozone-rf5t8-2531498618, networkLocation: /default-rack, certSerialId: null}
2019-06-12 22:37:18,306 INFO  server.RaftServerConfigKeys (ConfUtils.java:logGet(43)) - raft.server.log.segment.size.max = 16384 (custom)
2019-06-12 22:37:18,309 INFO  server.RaftServerConfigKeys (ConfUtils.java:logGet(43)) - raft.server.log.segment.cache.num.max = 2 (custom)
2019-06-12 22:37:18,312 INFO  storage.RaftLogWorker (RaftLogWorker.java:<init>(123)) - new 96859173-048a-47ee-8a14-43e6d9ba3429-RaftLogWorker for Storage Directory /opt/src/hadoop-ozone/integration-test/target/test-dir/MiniOzoneClusterImpl-a7f07da6-eaf7-45c6-b9b6-980b7bf56ee7/datanode-0/data/ratis/f42d95fa-fa3e-4276-a4d4-1780cf8e53f0
2019-06-12 22:37:18,312 INFO  server.RaftServerConfigKeys (ConfUtils.java:logGet(43)) - raft.server.log.queue.byte-limit = 2147483647 (custom)
2019-06-12 22:37:18,312 INFO  server.RaftServerConfigKeys (ConfUtils.java:logGet(43)) - raft.server.log.queue.element-limit = 1024 (custom)
2019-06-12 22:37:18,314 INFO  server.RaftServerConfigKeys (ConfUtils.java:logGet(43)) - raft.server.log.segment.size.max = 16384 (custom)
2019-06-12 22:37:18,314 INFO  server.RaftServerConfigKeys (ConfUtils.java:logGet(43)) - raft.server.log.preallocated.size = 16384 (custom)
2019-06-12 22:37:18,315 INFO  server.RaftServerConfigKeys (ConfUtils.java:logGet(43)) - raft.server.log.write.buffer.size = 33554432 (custom)
2019-06-12 22:37:18,315 INFO  server.RaftServerConfigKeys (ConfUtils.java:logGet(43)) - raft.server.log.force.sync.num = 128 (default)
2019-06-12 22:37:18,316 INFO  server.RaftServerConfigKeys (ConfUtils.java:logGet(43)) - raft.server.log.statemachine.data.sync = true (default)
2019-06-12 22:37:18,316 INFO  server.RaftServerConfigKeys (ConfUtils.java:logGet(43)) - raft.server.log.statemachine.data.sync.timeout = 10s (default)
2019-06-12 22:37:18,316 INFO  server.RaftServerConfigKeys (ConfUtils.java:logGet(43)) - raft.server.log.statemachine.data.sync.timeout.retry = -1 (default)
2019-06-12 22:37:18,318 INFO  server.RaftServerConfigKeys (ConfUtils.java:logGet(43)) - raft.server.log.statemachine.data.caching.enabled = true (custom)
2019-06-12 22:37:18,324 INFO  server.RaftServerConfigKeys (ConfUtils.java:logGet(43)) - raft.server.snapshot.auto.trigger.enabled = true (custom)
2019-06-12 22:37:18,325 INFO  server.RaftServerConfigKeys (ConfUtils.java:logGet(43)) - raft.server.snapshot.auto.trigger.threshold = 10000 (custom)
2019-06-12 22:37:18,325 INFO  server.RaftServerConfigKeys (ConfUtils.java:logGet(43)) - raft.server.retrycache.expirytime = 600000ms (custom)
2019-06-12 22:37:18,340 INFO  impl.RaftServerImpl (RaftServerImpl.java:start(173)) - 96859173-048a-47ee-8a14-43e6d9ba3429: start group-1780CF8E53F0
2019-06-12 22:37:18,341 INFO  impl.RaftServerImpl (RaftServerImpl.java:setRole(164)) - 96859173-048a-47ee-8a14-43e6d9ba3429:group-1780CF8E53F0 changes role from null to FOLLOWER at term 0 for startAsFollower
2019-06-12 22:37:18,342 INFO  impl.RoleInfo (RoleInfo.java:updateAndGet(143)) - 96859173-048a-47ee-8a14-43e6d9ba3429: start FollowerState
2019-06-12 22:37:18,344 INFO  util.JmxRegister (JmxRegister.java:tryRegister(44)) - Successfully registered JMX Bean with object name Ratis:service=RaftServer,group=group-1780CF8E53F0,id=96859173-048a-47ee-8a14-43e6d9ba3429
2019-06-12 22:37:18,393 INFO  pipeline.PipelineStateManager (PipelineStateManager.java:addPipeline(56)) - Created pipeline Pipeline[ Id: f42d95fa-fa3e-4276-a4d4-1780cf8e53f0, Nodes: 96859173-048a-47ee-8a14-43e6d9ba3429{ip: 192.168.19.23, host: ozone-rf5t8-2531498618, networkLocation: /default-rack, certSerialId: null}, Type:RATIS, Factor:ONE, State:OPEN]
2019-06-12 22:37:18,412 INFO  impl.RaftServerProxy (RaftServerProxy.java:addNew(89)) - 8e4a8d7f-cd84-43c6-932d-07e4a4c9a366: addNew group-410824BA03D8:[8e4a8d7f-cd84-43c6-932d-07e4a4c9a366:192.168.19.23:39913] returns group-410824BA03D8:java.util.concurrent.CompletableFuture@530177eb[Not completed]
2019-06-12 22:37:18,413 INFO  impl.RaftServerImpl (RaftServerImpl.java:<init>(91)) - 8e4a8d7f-cd84-43c6-932d-07e4a4c9a366: new RaftServerImpl for group-410824BA03D8:[8e4a8d7f-cd84-43c6-932d-07e4a4c9a366:192.168.19.23:39913] with ContainerStateMachine:uninitialized
2019-06-12 22:37:18,414 INFO  server.RaftServerConfigKeys (ConfUtils.java:logGet(43)) - raft.server.rpc.timeout.min = 1s (custom)
2019-06-12 22:37:18,414 INFO  server.RaftServerConfigKeys (ConfUtils.java:logGet(43)) - raft.server.rpc.timeout.max = 1200ms (custom)
2019-06-12 22:37:18,414 INFO  server.RaftServerConfigKeys (ConfUtils.java:logGet(43)) - raft.server.rpcslowness.timeout = 10s (custom)
2019-06-12 22:37:18,414 INFO  server.RaftServerConfigKeys (ConfUtils.java:logGet(43)) - raft.server.log.appender.install.snapshot.enabled = true (default)
2019-06-12 22:37:18,414 INFO  impl.RaftServerImpl (ServerState.java:<init>(101)) - 8e4a8d7f-cd84-43c6-932d-07e4a4c9a366:group-410824BA03D8 ConfigurationManager, init=-1: [8e4a8d7f-cd84-43c6-932d-07e4a4c9a366:192.168.19.23:39913], old=null, confs=<EMPTY_MAP>
2019-06-12 22:37:18,415 INFO  server.RaftServerConfigKeys (ConfUtils.java:logGet(43)) - raft.server.storage.dir = [/opt/src/hadoop-ozone/integration-test/target/test-dir/MiniOzoneClusterImpl-a7f07da6-eaf7-45c6-b9b6-980b7bf56ee7/datanode-2/data/ratis] (custom)
2019-06-12 22:37:18,415 INFO  storage.RaftStorageDirectory (RaftStorageDirectory.java:analyzeStorage(246)) - The storage directory /opt/src/hadoop-ozone/integration-test/target/test-dir/MiniOzoneClusterImpl-a7f07da6-eaf7-45c6-b9b6-980b7bf56ee7/datanode-2/data/ratis/2eb5e146-993b-46ae-ad82-410824ba03d8 does not exist. Creating ...
2019-06-12 22:37:18,417 INFO  storage.RaftStorageDirectory (RaftStorageDirectory.java:tryLock(328)) - Lock on /opt/src/hadoop-ozone/integration-test/target/test-dir/MiniOzoneClusterImpl-a7f07da6-eaf7-45c6-b9b6-980b7bf56ee7/datanode-2/data/ratis/2eb5e146-993b-46ae-ad82-410824ba03d8/in_use.lock acquired by nodename 10111@ozone-rf5t8-2531498618
2019-06-12 22:37:18,420 INFO  storage.RaftStorage (RaftStorage.java:format(75)) - Storage directory /opt/src/hadoop-ozone/integration-test/target/test-dir/MiniOzoneClusterImpl-a7f07da6-eaf7-45c6-b9b6-980b7bf56ee7/datanode-2/data/ratis/2eb5e146-993b-46ae-ad82-410824ba03d8 has been successfully formatted.
2019-06-12 22:37:18,420 INFO  ratis.ContainerStateMachine (ContainerStateMachine.java:loadSnapshot(199)) - The snapshot info is null.Setting the last applied index to:(t:0, i:~)
2019-06-12 22:37:18,420 INFO  server.RaftServerConfigKeys (ConfUtils.java:logGet(43)) - raft.server.leader.election.timeout = 10s (custom)
2019-06-12 22:37:18,420 INFO  server.RaftServerConfigKeys (ConfUtils.java:logGet(43)) - raft.server.log.use.memory = false (default)
2019-06-12 22:37:18,420 INFO  server.RaftServerConfigKeys (ConfUtils.java:logGet(43)) - raft.server.log.appender.buffer.byte-limit = 33554432 (custom)
2019-06-12 22:37:18,420 INFO  server.RaftServerConfigKeys (ConfUtils.java:logGet(43)) - raft.server.log.segment.size.max = 16384 (custom)
2019-06-12 22:37:18,420 INFO  server.RaftServerConfigKeys (ConfUtils.java:logGet(43)) - raft.server.log.segment.cache.num.max = 2 (custom)
2019-06-12 22:37:18,421 INFO  storage.RaftLogWorker (RaftLogWorker.java:<init>(123)) - new 8e4a8d7f-cd84-43c6-932d-07e4a4c9a366-RaftLogWorker for Storage Directory /opt/src/hadoop-ozone/integration-test/target/test-dir/MiniOzoneClusterImpl-a7f07da6-eaf7-45c6-b9b6-980b7bf56ee7/datanode-2/data/ratis/2eb5e146-993b-46ae-ad82-410824ba03d8
2019-06-12 22:37:18,422 INFO  server.RaftServerConfigKeys (ConfUtils.java:logGet(43)) - raft.server.log.queue.byte-limit = 2147483647 (custom)
2019-06-12 22:37:18,422 INFO  server.RaftServerConfigKeys (ConfUtils.java:logGet(43)) - raft.server.log.queue.element-limit = 1024 (custom)
2019-06-12 22:37:18,422 INFO  server.RaftServerConfigKeys (ConfUtils.java:logGet(43)) - raft.server.log.segment.size.max = 16384 (custom)
2019-06-12 22:37:18,422 INFO  server.RaftServerConfigKeys (ConfUtils.java:logGet(43)) - raft.server.log.preallocated.size = 16384 (custom)
2019-06-12 22:37:18,422 INFO  server.RaftServerConfigKeys (ConfUtils.java:logGet(43)) - raft.server.log.write.buffer.size = 33554432 (custom)
2019-06-12 22:37:18,422 INFO  server.RaftServerConfigKeys (ConfUtils.java:logGet(43)) - raft.server.log.force.sync.num = 128 (default)
2019-06-12 22:37:18,422 INFO  server.RaftServerConfigKeys (ConfUtils.java:logGet(43)) - raft.server.log.statemachine.data.sync = true (default)
2019-06-12 22:37:18,422 INFO  server.RaftServerConfigKeys (ConfUtils.java:logGet(43)) - raft.server.log.statemachine.data.sync.timeout = 10s (default)
2019-06-12 22:37:18,423 INFO  server.RaftServerConfigKeys (ConfUtils.java:logGet(43)) - raft.server.log.statemachine.data.sync.timeout.retry = -1 (default)
2019-06-12 22:37:18,424 INFO  server.RaftServerConfigKeys (ConfUtils.java:logGet(43)) - raft.server.log.statemachine.data.caching.enabled = true (custom)
2019-06-12 22:37:18,424 INFO  node.SCMNodeManager (SCMNodeManager.java:register(234)) - Registered Data node : 4d39419c-cae3-4063-8850-de1ba7a76112{ip: 192.168.19.23, host: ozone-rf5t8-2531498618, networkLocation: /default-rack, certSerialId: null}
2019-06-12 22:37:18,424 INFO  server.RaftServerConfigKeys (ConfUtils.java:logGet(43)) - raft.server.snapshot.auto.trigger.enabled = true (custom)
2019-06-12 22:37:18,424 INFO  server.RaftServerConfigKeys (ConfUtils.java:logGet(43)) - raft.server.snapshot.auto.trigger.threshold = 10000 (custom)
2019-06-12 22:37:18,425 INFO  server.RaftServerConfigKeys (ConfUtils.java:logGet(43)) - raft.server.retrycache.expirytime = 600000ms (custom)
2019-06-12 22:37:18,425 INFO  impl.RaftServerImpl (RaftServerImpl.java:start(173)) - 8e4a8d7f-cd84-43c6-932d-07e4a4c9a366: start group-410824BA03D8
2019-06-12 22:37:18,425 INFO  impl.RaftServerImpl (RaftServerImpl.java:setRole(164)) - 8e4a8d7f-cd84-43c6-932d-07e4a4c9a366:group-410824BA03D8 changes role from null to FOLLOWER at term 0 for startAsFollower
2019-06-12 22:37:18,425 INFO  impl.RoleInfo (RoleInfo.java:updateAndGet(143)) - 8e4a8d7f-cd84-43c6-932d-07e4a4c9a366: start FollowerState
2019-06-12 22:37:18,426 INFO  util.JmxRegister (JmxRegister.java:tryRegister(44)) - Successfully registered JMX Bean with object name Ratis:service=RaftServer,group=group-410824BA03D8,id=8e4a8d7f-cd84-43c6-932d-07e4a4c9a366
2019-06-12 22:37:18,435 INFO  pipeline.PipelineStateManager (PipelineStateManager.java:addPipeline(56)) - Created pipeline Pipeline[ Id: 2eb5e146-993b-46ae-ad82-410824ba03d8, Nodes: 8e4a8d7f-cd84-43c6-932d-07e4a4c9a366{ip: 192.168.19.23, host: ozone-rf5t8-2531498618, networkLocation: /default-rack, certSerialId: null}, Type:RATIS, Factor:ONE, State:OPEN]
2019-06-12 22:37:18,451 INFO  impl.RaftServerProxy (RaftServerProxy.java:addNew(89)) - f28c37ad-b6d2-45d1-abe7-44ecb714149e: addNew group-E285CB49491C:[f28c37ad-b6d2-45d1-abe7-44ecb714149e:192.168.19.23:37153] returns group-E285CB49491C:java.util.concurrent.CompletableFuture@5ff5e7f1[Not completed]
2019-06-12 22:37:18,485 INFO  impl.RaftServerImpl (RaftServerImpl.java:<init>(91)) - f28c37ad-b6d2-45d1-abe7-44ecb714149e: new RaftServerImpl for group-E285CB49491C:[f28c37ad-b6d2-45d1-abe7-44ecb714149e:192.168.19.23:37153] with ContainerStateMachine:uninitialized
2019-06-12 22:37:18,485 INFO  server.RaftServerConfigKeys (ConfUtils.java:logGet(43)) - raft.server.rpc.timeout.min = 1s (custom)
2019-06-12 22:37:18,486 INFO  server.RaftServerConfigKeys (ConfUtils.java:logGet(43)) - raft.server.rpc.timeout.max = 1200ms (custom)
2019-06-12 22:37:18,486 INFO  server.RaftServerConfigKeys (ConfUtils.java:logGet(43)) - raft.server.rpcslowness.timeout = 10s (custom)
2019-06-12 22:37:18,486 INFO  server.RaftServerConfigKeys (ConfUtils.java:logGet(43)) - raft.server.log.appender.install.snapshot.enabled = true (default)
2019-06-12 22:37:18,486 INFO  impl.RaftServerImpl (ServerState.java:<init>(101)) - f28c37ad-b6d2-45d1-abe7-44ecb714149e:group-E285CB49491C ConfigurationManager, init=-1: [f28c37ad-b6d2-45d1-abe7-44ecb714149e:192.168.19.23:37153], old=null, confs=<EMPTY_MAP>
2019-06-12 22:37:18,486 INFO  server.RaftServerConfigKeys (ConfUtils.java:logGet(43)) - raft.server.storage.dir = [/opt/src/hadoop-ozone/integration-test/target/test-dir/MiniOzoneClusterImpl-a7f07da6-eaf7-45c6-b9b6-980b7bf56ee7/datanode-1/data/ratis] (custom)
2019-06-12 22:37:18,486 INFO  storage.RaftStorageDirectory (RaftStorageDirectory.java:analyzeStorage(246)) - The storage directory /opt/src/hadoop-ozone/integration-test/target/test-dir/MiniOzoneClusterImpl-a7f07da6-eaf7-45c6-b9b6-980b7bf56ee7/datanode-1/data/ratis/e8b7c5d0-b2e4-4a36-8c59-e285cb49491c does not exist. Creating ...
2019-06-12 22:37:18,489 INFO  storage.RaftStorageDirectory (RaftStorageDirectory.java:tryLock(328)) - Lock on /opt/src/hadoop-ozone/integration-test/target/test-dir/MiniOzoneClusterImpl-a7f07da6-eaf7-45c6-b9b6-980b7bf56ee7/datanode-1/data/ratis/e8b7c5d0-b2e4-4a36-8c59-e285cb49491c/in_use.lock acquired by nodename 10111@ozone-rf5t8-2531498618
2019-06-12 22:37:18,491 INFO  storage.RaftStorage (RaftStorage.java:format(75)) - Storage directory /opt/src/hadoop-ozone/integration-test/target/test-dir/MiniOzoneClusterImpl-a7f07da6-eaf7-45c6-b9b6-980b7bf56ee7/datanode-1/data/ratis/e8b7c5d0-b2e4-4a36-8c59-e285cb49491c has been successfully formatted.
2019-06-12 22:37:18,493 INFO  ratis.ContainerStateMachine (ContainerStateMachine.java:loadSnapshot(199)) - The snapshot info is null.Setting the last applied index to:(t:0, i:~)
2019-06-12 22:37:18,494 INFO  server.RaftServerConfigKeys (ConfUtils.java:logGet(43)) - raft.server.leader.election.timeout = 10s (custom)
2019-06-12 22:37:18,494 INFO  server.RaftServerConfigKeys (ConfUtils.java:logGet(43)) - raft.server.log.use.memory = false (default)
2019-06-12 22:37:18,494 INFO  server.RaftServerConfigKeys (ConfUtils.java:logGet(43)) - raft.server.log.appender.buffer.byte-limit = 33554432 (custom)
2019-06-12 22:37:18,494 INFO  server.RaftServerConfigKeys (ConfUtils.java:logGet(43)) - raft.server.log.segment.size.max = 16384 (custom)
2019-06-12 22:37:18,494 INFO  server.RaftServerConfigKeys (ConfUtils.java:logGet(43)) - raft.server.log.segment.cache.num.max = 2 (custom)
2019-06-12 22:37:18,494 INFO  storage.RaftLogWorker (RaftLogWorker.java:<init>(123)) - new f28c37ad-b6d2-45d1-abe7-44ecb714149e-RaftLogWorker for Storage Directory /opt/src/hadoop-ozone/integration-test/target/test-dir/MiniOzoneClusterImpl-a7f07da6-eaf7-45c6-b9b6-980b7bf56ee7/datanode-1/data/ratis/e8b7c5d0-b2e4-4a36-8c59-e285cb49491c
2019-06-12 22:37:18,494 INFO  server.RaftServerConfigKeys (ConfUtils.java:logGet(43)) - raft.server.log.queue.byte-limit = 2147483647 (custom)
2019-06-12 22:37:18,494 INFO  server.RaftServerConfigKeys (ConfUtils.java:logGet(43)) - raft.server.log.queue.element-limit = 1024 (custom)
2019-06-12 22:37:18,495 INFO  server.RaftServerConfigKeys (ConfUtils.java:logGet(43)) - raft.server.log.segment.size.max = 16384 (custom)
2019-06-12 22:37:18,495 INFO  server.RaftServerConfigKeys (ConfUtils.java:logGet(43)) - raft.server.log.preallocated.size = 16384 (custom)
2019-06-12 22:37:18,495 INFO  server.RaftServerConfigKeys (ConfUtils.java:logGet(43)) - raft.server.log.write.buffer.size = 33554432 (custom)
2019-06-12 22:37:18,495 INFO  server.RaftServerConfigKeys (ConfUtils.java:logGet(43)) - raft.server.log.force.sync.num = 128 (default)
2019-06-12 22:37:18,495 INFO  server.RaftServerConfigKeys (ConfUtils.java:logGet(43)) - raft.server.log.statemachine.data.sync = true (default)
2019-06-12 22:37:18,495 INFO  server.RaftServerConfigKeys (ConfUtils.java:logGet(43)) - raft.server.log.statemachine.data.sync.timeout = 10s (default)
2019-06-12 22:37:18,495 INFO  server.RaftServerConfigKeys (ConfUtils.java:logGet(43)) - raft.server.log.statemachine.data.sync.timeout.retry = -1 (default)
2019-06-12 22:37:18,495 INFO  server.RaftServerConfigKeys (ConfUtils.java:logGet(43)) - raft.server.log.statemachine.data.caching.enabled = true (custom)
2019-06-12 22:37:18,496 INFO  server.RaftServerConfigKeys (ConfUtils.java:logGet(43)) - raft.server.snapshot.auto.trigger.enabled = true (custom)
2019-06-12 22:37:18,496 INFO  server.RaftServerConfigKeys (ConfUtils.java:logGet(43)) - raft.server.snapshot.auto.trigger.threshold = 10000 (custom)
2019-06-12 22:37:18,496 INFO  server.RaftServerConfigKeys (ConfUtils.java:logGet(43)) - raft.server.retrycache.expirytime = 600000ms (custom)
2019-06-12 22:37:18,496 INFO  impl.RaftServerImpl (RaftServerImpl.java:start(173)) - f28c37ad-b6d2-45d1-abe7-44ecb714149e: start group-E285CB49491C
2019-06-12 22:37:18,496 INFO  impl.RaftServerImpl (RaftServerImpl.java:setRole(164)) - f28c37ad-b6d2-45d1-abe7-44ecb714149e:group-E285CB49491C changes role from null to FOLLOWER at term 0 for startAsFollower
2019-06-12 22:37:18,496 INFO  impl.RoleInfo (RoleInfo.java:updateAndGet(143)) - f28c37ad-b6d2-45d1-abe7-44ecb714149e: start FollowerState
2019-06-12 22:37:18,496 INFO  util.JmxRegister (JmxRegister.java:tryRegister(44)) - Successfully registered JMX Bean with object name Ratis:service=RaftServer,group=group-E285CB49491C,id=f28c37ad-b6d2-45d1-abe7-44ecb714149e
2019-06-12 22:37:18,505 INFO  pipeline.PipelineStateManager (PipelineStateManager.java:addPipeline(56)) - Created pipeline Pipeline[ Id: e8b7c5d0-b2e4-4a36-8c59-e285cb49491c, Nodes: f28c37ad-b6d2-45d1-abe7-44ecb714149e{ip: 192.168.19.23, host: ozone-rf5t8-2531498618, networkLocation: /default-rack, certSerialId: null}, Type:RATIS, Factor:ONE, State:OPEN]
2019-06-12 22:37:18,523 INFO  impl.RaftServerProxy (RaftServerProxy.java:addNew(89)) - 4d39419c-cae3-4063-8850-de1ba7a76112: addNew group-C27FF8CB2460:[4d39419c-cae3-4063-8850-de1ba7a76112:192.168.19.23:37917] returns group-C27FF8CB2460:java.util.concurrent.CompletableFuture@66daa4ee[Not completed]
2019-06-12 22:37:18,526 INFO  impl.RaftServerImpl (RaftServerImpl.java:<init>(91)) - 4d39419c-cae3-4063-8850-de1ba7a76112: new RaftServerImpl for group-C27FF8CB2460:[4d39419c-cae3-4063-8850-de1ba7a76112:192.168.19.23:37917] with ContainerStateMachine:uninitialized
2019-06-12 22:37:18,526 INFO  server.RaftServerConfigKeys (ConfUtils.java:logGet(43)) - raft.server.rpc.timeout.min = 1s (custom)
2019-06-12 22:37:18,526 INFO  server.RaftServerConfigKeys (ConfUtils.java:logGet(43)) - raft.server.rpc.timeout.max = 1200ms (custom)
2019-06-12 22:37:18,526 INFO  server.RaftServerConfigKeys (ConfUtils.java:logGet(43)) - raft.server.rpcslowness.timeout = 10s (custom)
2019-06-12 22:37:18,526 INFO  server.RaftServerConfigKeys (ConfUtils.java:logGet(43)) - raft.server.log.appender.install.snapshot.enabled = true (default)
2019-06-12 22:37:18,527 INFO  impl.RaftServerImpl (ServerState.java:<init>(101)) - 4d39419c-cae3-4063-8850-de1ba7a76112:group-C27FF8CB2460 ConfigurationManager, init=-1: [4d39419c-cae3-4063-8850-de1ba7a76112:192.168.19.23:37917], old=null, confs=<EMPTY_MAP>
2019-06-12 22:37:18,527 INFO  server.RaftServerConfigKeys (ConfUtils.java:logGet(43)) - raft.server.storage.dir = [/opt/src/hadoop-ozone/integration-test/target/test-dir/MiniOzoneClusterImpl-a7f07da6-eaf7-45c6-b9b6-980b7bf56ee7/datanode-3/data/ratis] (custom)
2019-06-12 22:37:18,527 INFO  storage.RaftStorageDirectory (RaftStorageDirectory.java:analyzeStorage(246)) - The storage directory /opt/src/hadoop-ozone/integration-test/target/test-dir/MiniOzoneClusterImpl-a7f07da6-eaf7-45c6-b9b6-980b7bf56ee7/datanode-3/data/ratis/9fa41cb5-89ea-4f30-bba6-c27ff8cb2460 does not exist. Creating ...
2019-06-12 22:37:18,529 INFO  storage.RaftStorageDirectory (RaftStorageDirectory.java:tryLock(328)) - Lock on /opt/src/hadoop-ozone/integration-test/target/test-dir/MiniOzoneClusterImpl-a7f07da6-eaf7-45c6-b9b6-980b7bf56ee7/datanode-3/data/ratis/9fa41cb5-89ea-4f30-bba6-c27ff8cb2460/in_use.lock acquired by nodename 10111@ozone-rf5t8-2531498618
2019-06-12 22:37:18,532 INFO  storage.RaftStorage (RaftStorage.java:format(75)) - Storage directory /opt/src/hadoop-ozone/integration-test/target/test-dir/MiniOzoneClusterImpl-a7f07da6-eaf7-45c6-b9b6-980b7bf56ee7/datanode-3/data/ratis/9fa41cb5-89ea-4f30-bba6-c27ff8cb2460 has been successfully formatted.
2019-06-12 22:37:18,532 INFO  ratis.ContainerStateMachine (ContainerStateMachine.java:loadSnapshot(199)) - The snapshot info is null.Setting the last applied index to:(t:0, i:~)
2019-06-12 22:37:18,532 INFO  server.RaftServerConfigKeys (ConfUtils.java:logGet(43)) - raft.server.leader.election.timeout = 10s (custom)
2019-06-12 22:37:18,532 INFO  server.RaftServerConfigKeys (ConfUtils.java:logGet(43)) - raft.server.log.use.memory = false (default)
2019-06-12 22:37:18,532 INFO  server.RaftServerConfigKeys (ConfUtils.java:logGet(43)) - raft.server.log.appender.buffer.byte-limit = 33554432 (custom)
2019-06-12 22:37:18,532 INFO  server.RaftServerConfigKeys (ConfUtils.java:logGet(43)) - raft.server.log.segment.size.max = 16384 (custom)
2019-06-12 22:37:18,533 INFO  server.RaftServerConfigKeys (ConfUtils.java:logGet(43)) - raft.server.log.segment.cache.num.max = 2 (custom)
2019-06-12 22:37:18,533 INFO  storage.RaftLogWorker (RaftLogWorker.java:<init>(123)) - new 4d39419c-cae3-4063-8850-de1ba7a76112-RaftLogWorker for Storage Directory /opt/src/hadoop-ozone/integration-test/target/test-dir/MiniOzoneClusterImpl-a7f07da6-eaf7-45c6-b9b6-980b7bf56ee7/datanode-3/data/ratis/9fa41cb5-89ea-4f30-bba6-c27ff8cb2460
2019-06-12 22:37:18,533 INFO  server.RaftServerConfigKeys (ConfUtils.java:logGet(43)) - raft.server.log.queue.byte-limit = 2147483647 (custom)
2019-06-12 22:37:18,533 INFO  server.RaftServerConfigKeys (ConfUtils.java:logGet(43)) - raft.server.log.queue.element-limit = 1024 (custom)
2019-06-12 22:37:18,533 INFO  server.RaftServerConfigKeys (ConfUtils.java:logGet(43)) - raft.server.log.segment.size.max = 16384 (custom)
2019-06-12 22:37:18,533 INFO  server.RaftServerConfigKeys (ConfUtils.java:logGet(43)) - raft.server.log.preallocated.size = 16384 (custom)
2019-06-12 22:37:18,533 INFO  server.RaftServerConfigKeys (ConfUtils.java:logGet(43)) - raft.server.log.write.buffer.size = 33554432 (custom)
2019-06-12 22:37:18,533 INFO  server.RaftServerConfigKeys (ConfUtils.java:logGet(43)) - raft.server.log.force.sync.num = 128 (default)
2019-06-12 22:37:18,533 INFO  server.RaftServerConfigKeys (ConfUtils.java:logGet(43)) - raft.server.log.statemachine.data.sync = true (default)
2019-06-12 22:37:18,534 INFO  server.RaftServerConfigKeys (ConfUtils.java:logGet(43)) - raft.server.log.statemachine.data.sync.timeout = 10s (default)
2019-06-12 22:37:18,534 INFO  server.RaftServerConfigKeys (ConfUtils.java:logGet(43)) - raft.server.log.statemachine.data.sync.timeout.retry = -1 (default)
2019-06-12 22:37:18,534 INFO  server.RaftServerConfigKeys (ConfUtils.java:logGet(43)) - raft.server.log.statemachine.data.caching.enabled = true (custom)
2019-06-12 22:37:18,534 INFO  server.RaftServerConfigKeys (ConfUtils.java:logGet(43)) - raft.server.snapshot.auto.trigger.enabled = true (custom)
2019-06-12 22:37:18,534 INFO  server.RaftServerConfigKeys (ConfUtils.java:logGet(43)) - raft.server.snapshot.auto.trigger.threshold = 10000 (custom)
2019-06-12 22:37:18,535 INFO  server.RaftServerConfigKeys (ConfUtils.java:logGet(43)) - raft.server.retrycache.expirytime = 600000ms (custom)
2019-06-12 22:37:18,535 INFO  impl.RaftServerImpl (RaftServerImpl.java:start(173)) - 4d39419c-cae3-4063-8850-de1ba7a76112: start group-C27FF8CB2460
2019-06-12 22:37:18,535 INFO  impl.RaftServerImpl (RaftServerImpl.java:setRole(164)) - 4d39419c-cae3-4063-8850-de1ba7a76112:group-C27FF8CB2460 changes role from null to FOLLOWER at term 0 for startAsFollower
2019-06-12 22:37:18,535 INFO  impl.RoleInfo (RoleInfo.java:updateAndGet(143)) - 4d39419c-cae3-4063-8850-de1ba7a76112: start FollowerState
2019-06-12 22:37:18,535 INFO  util.JmxRegister (JmxRegister.java:tryRegister(44)) - Successfully registered JMX Bean with object name Ratis:service=RaftServer,group=group-C27FF8CB2460,id=4d39419c-cae3-4063-8850-de1ba7a76112
2019-06-12 22:37:18,544 INFO  pipeline.PipelineStateManager (PipelineStateManager.java:addPipeline(56)) - Created pipeline Pipeline[ Id: 9fa41cb5-89ea-4f30-bba6-c27ff8cb2460, Nodes: 4d39419c-cae3-4063-8850-de1ba7a76112{ip: 192.168.19.23, host: ozone-rf5t8-2531498618, networkLocation: /default-rack, certSerialId: null}, Type:RATIS, Factor:ONE, State:OPEN]
2019-06-12 22:37:18,566 INFO  impl.RaftServerImpl (RaftServerImpl.java:<init>(91)) - 8e4a8d7f-cd84-43c6-932d-07e4a4c9a366: new RaftServerImpl for group-904383810348:[8e4a8d7f-cd84-43c6-932d-07e4a4c9a366:192.168.19.23:39913, 96859173-048a-47ee-8a14-43e6d9ba3429:192.168.19.23:39791, f28c37ad-b6d2-45d1-abe7-44ecb714149e:192.168.19.23:37153] with ContainerStateMachine:uninitialized
2019-06-12 22:37:18,566 INFO  server.RaftServerConfigKeys (ConfUtils.java:logGet(43)) - raft.server.rpc.timeout.min = 1s (custom)
2019-06-12 22:37:18,566 INFO  server.RaftServerConfigKeys (ConfUtils.java:logGet(43)) - raft.server.rpc.timeout.max = 1200ms (custom)
2019-06-12 22:37:18,566 INFO  server.RaftServerConfigKeys (ConfUtils.java:logGet(43)) - raft.server.rpcslowness.timeout = 10s (custom)
2019-06-12 22:37:18,566 INFO  impl.RaftServerProxy (RaftServerProxy.java:addNew(89)) - 8e4a8d7f-cd84-43c6-932d-07e4a4c9a366: addNew group-904383810348:[8e4a8d7f-cd84-43c6-932d-07e4a4c9a366:192.168.19.23:39913, 96859173-048a-47ee-8a14-43e6d9ba3429:192.168.19.23:39791, f28c37ad-b6d2-45d1-abe7-44ecb714149e:192.168.19.23:37153] returns group-904383810348:java.util.concurrent.CompletableFuture@2d270b65[Not completed]
2019-06-12 22:37:18,566 INFO  server.RaftServerConfigKeys (ConfUtils.java:logGet(43)) - raft.server.log.appender.install.snapshot.enabled = true (default)
2019-06-12 22:37:18,567 INFO  impl.RaftServerImpl (ServerState.java:<init>(101)) - 8e4a8d7f-cd84-43c6-932d-07e4a4c9a366:group-904383810348 ConfigurationManager, init=-1: [8e4a8d7f-cd84-43c6-932d-07e4a4c9a366:192.168.19.23:39913, 96859173-048a-47ee-8a14-43e6d9ba3429:192.168.19.23:39791, f28c37ad-b6d2-45d1-abe7-44ecb714149e:192.168.19.23:37153], old=null, confs=<EMPTY_MAP>
2019-06-12 22:37:18,567 INFO  server.RaftServerConfigKeys (ConfUtils.java:logGet(43)) - raft.server.storage.dir = [/opt/src/hadoop-ozone/integration-test/target/test-dir/MiniOzoneClusterImpl-a7f07da6-eaf7-45c6-b9b6-980b7bf56ee7/datanode-2/data/ratis] (custom)
2019-06-12 22:37:18,567 INFO  storage.RaftStorageDirectory (RaftStorageDirectory.java:analyzeStorage(246)) - The storage directory /opt/src/hadoop-ozone/integration-test/target/test-dir/MiniOzoneClusterImpl-a7f07da6-eaf7-45c6-b9b6-980b7bf56ee7/datanode-2/data/ratis/c18b8ac7-31e4-4fd5-9515-904383810348 does not exist. Creating ...
2019-06-12 22:37:18,569 INFO  storage.RaftStorageDirectory (RaftStorageDirectory.java:tryLock(328)) - Lock on /opt/src/hadoop-ozone/integration-test/target/test-dir/MiniOzoneClusterImpl-a7f07da6-eaf7-45c6-b9b6-980b7bf56ee7/datanode-2/data/ratis/c18b8ac7-31e4-4fd5-9515-904383810348/in_use.lock acquired by nodename 10111@ozone-rf5t8-2531498618
2019-06-12 22:37:18,575 INFO  storage.RaftStorage (RaftStorage.java:format(75)) - Storage directory /opt/src/hadoop-ozone/integration-test/target/test-dir/MiniOzoneClusterImpl-a7f07da6-eaf7-45c6-b9b6-980b7bf56ee7/datanode-2/data/ratis/c18b8ac7-31e4-4fd5-9515-904383810348 has been successfully formatted.
2019-06-12 22:37:18,575 INFO  ratis.ContainerStateMachine (ContainerStateMachine.java:loadSnapshot(199)) - The snapshot info is null.Setting the last applied index to:(t:0, i:~)
2019-06-12 22:37:18,575 INFO  server.RaftServerConfigKeys (ConfUtils.java:logGet(43)) - raft.server.leader.election.timeout = 10s (custom)
2019-06-12 22:37:18,575 INFO  server.RaftServerConfigKeys (ConfUtils.java:logGet(43)) - raft.server.log.use.memory = false (default)
2019-06-12 22:37:18,575 INFO  server.RaftServerConfigKeys (ConfUtils.java:logGet(43)) - raft.server.log.appender.buffer.byte-limit = 33554432 (custom)
2019-06-12 22:37:18,576 INFO  server.RaftServerConfigKeys (ConfUtils.java:logGet(43)) - raft.server.log.segment.size.max = 16384 (custom)
2019-06-12 22:37:18,576 INFO  server.RaftServerConfigKeys (ConfUtils.java:logGet(43)) - raft.server.log.segment.cache.num.max = 2 (custom)
2019-06-12 22:37:18,576 INFO  storage.RaftLogWorker (RaftLogWorker.java:<init>(123)) - new 8e4a8d7f-cd84-43c6-932d-07e4a4c9a366-RaftLogWorker for Storage Directory /opt/src/hadoop-ozone/integration-test/target/test-dir/MiniOzoneClusterImpl-a7f07da6-eaf7-45c6-b9b6-980b7bf56ee7/datanode-2/data/ratis/c18b8ac7-31e4-4fd5-9515-904383810348
2019-06-12 22:37:18,576 INFO  server.RaftServerConfigKeys (ConfUtils.java:logGet(43)) - raft.server.log.queue.byte-limit = 2147483647 (custom)
2019-06-12 22:37:18,576 INFO  server.RaftServerConfigKeys (ConfUtils.java:logGet(43)) - raft.server.log.queue.element-limit = 1024 (custom)
2019-06-12 22:37:18,576 INFO  impl.RaftServerProxy (RaftServerProxy.java:addNew(89)) - 96859173-048a-47ee-8a14-43e6d9ba3429: addNew group-904383810348:[8e4a8d7f-cd84-43c6-932d-07e4a4c9a366:192.168.19.23:39913, 96859173-048a-47ee-8a14-43e6d9ba3429:192.168.19.23:39791, f28c37ad-b6d2-45d1-abe7-44ecb714149e:192.168.19.23:37153] returns group-904383810348:java.util.concurrent.CompletableFuture@29189a19[Not completed]
2019-06-12 22:37:18,576 INFO  impl.RaftServerImpl (RaftServerImpl.java:<init>(91)) - 96859173-048a-47ee-8a14-43e6d9ba3429: new RaftServerImpl for group-904383810348:[8e4a8d7f-cd84-43c6-932d-07e4a4c9a366:192.168.19.23:39913, 96859173-048a-47ee-8a14-43e6d9ba3429:192.168.19.23:39791, f28c37ad-b6d2-45d1-abe7-44ecb714149e:192.168.19.23:37153] with ContainerStateMachine:uninitialized
2019-06-12 22:37:18,576 INFO  server.RaftServerConfigKeys (ConfUtils.java:logGet(43)) - raft.server.rpc.timeout.min = 1s (custom)
2019-06-12 22:37:18,577 INFO  server.RaftServerConfigKeys (ConfUtils.java:logGet(43)) - raft.server.rpc.timeout.max = 1200ms (custom)
2019-06-12 22:37:18,576 INFO  server.RaftServerConfigKeys (ConfUtils.java:logGet(43)) - raft.server.log.segment.size.max = 16384 (custom)
2019-06-12 22:37:18,577 INFO  server.RaftServerConfigKeys (ConfUtils.java:logGet(43)) - raft.server.rpcslowness.timeout = 10s (custom)
2019-06-12 22:37:18,577 INFO  server.RaftServerConfigKeys (ConfUtils.java:logGet(43)) - raft.server.log.appender.install.snapshot.enabled = true (default)
2019-06-12 22:37:18,577 INFO  impl.RaftServerImpl (ServerState.java:<init>(101)) - 96859173-048a-47ee-8a14-43e6d9ba3429:group-904383810348 ConfigurationManager, init=-1: [8e4a8d7f-cd84-43c6-932d-07e4a4c9a366:192.168.19.23:39913, 96859173-048a-47ee-8a14-43e6d9ba3429:192.168.19.23:39791, f28c37ad-b6d2-45d1-abe7-44ecb714149e:192.168.19.23:37153], old=null, confs=<EMPTY_MAP>
2019-06-12 22:37:18,577 INFO  server.RaftServerConfigKeys (ConfUtils.java:logGet(43)) - raft.server.storage.dir = [/opt/src/hadoop-ozone/integration-test/target/test-dir/MiniOzoneClusterImpl-a7f07da6-eaf7-45c6-b9b6-980b7bf56ee7/datanode-0/data/ratis] (custom)
2019-06-12 22:37:18,577 INFO  storage.RaftStorageDirectory (RaftStorageDirectory.java:analyzeStorage(246)) - The storage directory /opt/src/hadoop-ozone/integration-test/target/test-dir/MiniOzoneClusterImpl-a7f07da6-eaf7-45c6-b9b6-980b7bf56ee7/datanode-0/data/ratis/c18b8ac7-31e4-4fd5-9515-904383810348 does not exist. Creating ...
2019-06-12 22:37:18,577 INFO  impl.RaftServerProxy (RaftServerProxy.java:addNew(89)) - f28c37ad-b6d2-45d1-abe7-44ecb714149e: addNew group-904383810348:[8e4a8d7f-cd84-43c6-932d-07e4a4c9a366:192.168.19.23:39913, 96859173-048a-47ee-8a14-43e6d9ba3429:192.168.19.23:39791, f28c37ad-b6d2-45d1-abe7-44ecb714149e:192.168.19.23:37153] returns group-904383810348:java.util.concurrent.CompletableFuture@771498a5[Not completed]
2019-06-12 22:37:18,577 INFO  impl.RaftServerImpl (RaftServerImpl.java:<init>(91)) - f28c37ad-b6d2-45d1-abe7-44ecb714149e: new RaftServerImpl for group-904383810348:[8e4a8d7f-cd84-43c6-932d-07e4a4c9a366:192.168.19.23:39913, 96859173-048a-47ee-8a14-43e6d9ba3429:192.168.19.23:39791, f28c37ad-b6d2-45d1-abe7-44ecb714149e:192.168.19.23:37153] with ContainerStateMachine:uninitialized
2019-06-12 22:37:18,578 INFO  server.RaftServerConfigKeys (ConfUtils.java:logGet(43)) - raft.server.rpc.timeout.min = 1s (custom)
2019-06-12 22:37:18,578 INFO  server.RaftServerConfigKeys (ConfUtils.java:logGet(43)) - raft.server.rpc.timeout.max = 1200ms (custom)
2019-06-12 22:37:18,578 INFO  server.RaftServerConfigKeys (ConfUtils.java:logGet(43)) - raft.server.rpcslowness.timeout = 10s (custom)
2019-06-12 22:37:18,578 INFO  server.RaftServerConfigKeys (ConfUtils.java:logGet(43)) - raft.server.log.appender.install.snapshot.enabled = true (default)
2019-06-12 22:37:18,579 INFO  impl.RaftServerImpl (ServerState.java:<init>(101)) - f28c37ad-b6d2-45d1-abe7-44ecb714149e:group-904383810348 ConfigurationManager, init=-1: [8e4a8d7f-cd84-43c6-932d-07e4a4c9a366:192.168.19.23:39913, 96859173-048a-47ee-8a14-43e6d9ba3429:192.168.19.23:39791, f28c37ad-b6d2-45d1-abe7-44ecb714149e:192.168.19.23:37153], old=null, confs=<EMPTY_MAP>
2019-06-12 22:37:18,579 INFO  server.RaftServerConfigKeys (ConfUtils.java:logGet(43)) - raft.server.storage.dir = [/opt/src/hadoop-ozone/integration-test/target/test-dir/MiniOzoneClusterImpl-a7f07da6-eaf7-45c6-b9b6-980b7bf56ee7/datanode-1/data/ratis] (custom)
2019-06-12 22:37:18,579 INFO  server.RaftServerConfigKeys (ConfUtils.java:logGet(43)) - raft.server.log.preallocated.size = 16384 (custom)
2019-06-12 22:37:18,579 INFO  server.RaftServerConfigKeys (ConfUtils.java:logGet(43)) - raft.server.log.write.buffer.size = 33554432 (custom)
2019-06-12 22:37:18,579 INFO  server.RaftServerConfigKeys (ConfUtils.java:logGet(43)) - raft.server.log.force.sync.num = 128 (default)
2019-06-12 22:37:18,579 INFO  server.RaftServerConfigKeys (ConfUtils.java:logGet(43)) - raft.server.log.statemachine.data.sync = true (default)
2019-06-12 22:37:18,579 INFO  server.RaftServerConfigKeys (ConfUtils.java:logGet(43)) - raft.server.log.statemachine.data.sync.timeout = 10s (default)
2019-06-12 22:37:18,579 INFO  server.RaftServerConfigKeys (ConfUtils.java:logGet(43)) - raft.server.log.statemachine.data.sync.timeout.retry = -1 (default)
2019-06-12 22:37:18,580 INFO  server.RaftServerConfigKeys (ConfUtils.java:logGet(43)) - raft.server.log.statemachine.data.caching.enabled = true (custom)
2019-06-12 22:37:18,579 INFO  storage.RaftStorageDirectory (RaftStorageDirectory.java:analyzeStorage(246)) - The storage directory /opt/src/hadoop-ozone/integration-test/target/test-dir/MiniOzoneClusterImpl-a7f07da6-eaf7-45c6-b9b6-980b7bf56ee7/datanode-1/data/ratis/c18b8ac7-31e4-4fd5-9515-904383810348 does not exist. Creating ...
2019-06-12 22:37:18,579 INFO  storage.RaftStorageDirectory (RaftStorageDirectory.java:tryLock(328)) - Lock on /opt/src/hadoop-ozone/integration-test/target/test-dir/MiniOzoneClusterImpl-a7f07da6-eaf7-45c6-b9b6-980b7bf56ee7/datanode-0/data/ratis/c18b8ac7-31e4-4fd5-9515-904383810348/in_use.lock acquired by nodename 10111@ozone-rf5t8-2531498618
2019-06-12 22:37:18,582 INFO  storage.RaftStorageDirectory (RaftStorageDirectory.java:tryLock(328)) - Lock on /opt/src/hadoop-ozone/integration-test/target/test-dir/MiniOzoneClusterImpl-a7f07da6-eaf7-45c6-b9b6-980b7bf56ee7/datanode-1/data/ratis/c18b8ac7-31e4-4fd5-9515-904383810348/in_use.lock acquired by nodename 10111@ozone-rf5t8-2531498618
2019-06-12 22:37:18,582 INFO  server.RaftServerConfigKeys (ConfUtils.java:logGet(43)) - raft.server.snapshot.auto.trigger.enabled = true (custom)
2019-06-12 22:37:18,582 INFO  server.RaftServerConfigKeys (ConfUtils.java:logGet(43)) - raft.server.snapshot.auto.trigger.threshold = 10000 (custom)
2019-06-12 22:37:18,583 INFO  server.RaftServerConfigKeys (ConfUtils.java:logGet(43)) - raft.server.retrycache.expirytime = 600000ms (custom)
2019-06-12 22:37:18,583 INFO  impl.RaftServerImpl (RaftServerImpl.java:start(173)) - 8e4a8d7f-cd84-43c6-932d-07e4a4c9a366: start group-904383810348
2019-06-12 22:37:18,583 INFO  impl.RaftServerImpl (RaftServerImpl.java:setRole(164)) - 8e4a8d7f-cd84-43c6-932d-07e4a4c9a366:group-904383810348 changes role from null to FOLLOWER at term 0 for startAsFollower
2019-06-12 22:37:18,583 INFO  impl.RoleInfo (RoleInfo.java:updateAndGet(143)) - 8e4a8d7f-cd84-43c6-932d-07e4a4c9a366: start FollowerState
2019-06-12 22:37:18,582 INFO  storage.RaftStorage (RaftStorage.java:format(75)) - Storage directory /opt/src/hadoop-ozone/integration-test/target/test-dir/MiniOzoneClusterImpl-a7f07da6-eaf7-45c6-b9b6-980b7bf56ee7/datanode-0/data/ratis/c18b8ac7-31e4-4fd5-9515-904383810348 has been successfully formatted.
2019-06-12 22:37:18,583 INFO  util.JmxRegister (JmxRegister.java:tryRegister(44)) - Successfully registered JMX Bean with object name Ratis:service=RaftServer,group=group-904383810348,id=8e4a8d7f-cd84-43c6-932d-07e4a4c9a366
2019-06-12 22:37:18,584 INFO  ratis.ContainerStateMachine (ContainerStateMachine.java:loadSnapshot(199)) - The snapshot info is null.Setting the last applied index to:(t:0, i:~)
2019-06-12 22:37:18,584 INFO  server.RaftServerConfigKeys (ConfUtils.java:logGet(43)) - raft.server.leader.election.timeout = 10s (custom)
2019-06-12 22:37:18,584 INFO  server.RaftServerConfigKeys (ConfUtils.java:logGet(43)) - raft.server.log.use.memory = false (default)
2019-06-12 22:37:18,584 INFO  server.RaftServerConfigKeys (ConfUtils.java:logGet(43)) - raft.server.log.appender.buffer.byte-limit = 33554432 (custom)
2019-06-12 22:37:18,584 INFO  server.RaftServerConfigKeys (ConfUtils.java:logGet(43)) - raft.server.log.segment.size.max = 16384 (custom)
2019-06-12 22:37:18,585 INFO  server.RaftServerConfigKeys (ConfUtils.java:logGet(43)) - raft.server.log.segment.cache.num.max = 2 (custom)
2019-06-12 22:37:18,585 INFO  storage.RaftLogWorker (RaftLogWorker.java:<init>(123)) - new 96859173-048a-47ee-8a14-43e6d9ba3429-RaftLogWorker for Storage Directory /opt/src/hadoop-ozone/integration-test/target/test-dir/MiniOzoneClusterImpl-a7f07da6-eaf7-45c6-b9b6-980b7bf56ee7/datanode-0/data/ratis/c18b8ac7-31e4-4fd5-9515-904383810348
2019-06-12 22:37:18,585 INFO  server.RaftServerConfigKeys (ConfUtils.java:logGet(43)) - raft.server.log.queue.byte-limit = 2147483647 (custom)
2019-06-12 22:37:18,585 INFO  server.RaftServerConfigKeys (ConfUtils.java:logGet(43)) - raft.server.log.queue.element-limit = 1024 (custom)
2019-06-12 22:37:18,585 INFO  server.RaftServerConfigKeys (ConfUtils.java:logGet(43)) - raft.server.log.segment.size.max = 16384 (custom)
2019-06-12 22:37:18,585 INFO  server.RaftServerConfigKeys (ConfUtils.java:logGet(43)) - raft.server.log.preallocated.size = 16384 (custom)
2019-06-12 22:37:18,585 INFO  server.RaftServerConfigKeys (ConfUtils.java:logGet(43)) - raft.server.log.write.buffer.size = 33554432 (custom)
2019-06-12 22:37:18,587 INFO  server.RaftServerConfigKeys (ConfUtils.java:logGet(43)) - raft.server.log.force.sync.num = 128 (default)
2019-06-12 22:37:18,587 INFO  server.RaftServerConfigKeys (ConfUtils.java:logGet(43)) - raft.server.log.statemachine.data.sync = true (default)
2019-06-12 22:37:18,587 INFO  server.RaftServerConfigKeys (ConfUtils.java:logGet(43)) - raft.server.log.statemachine.data.sync.timeout = 10s (default)
2019-06-12 22:37:18,587 INFO  server.RaftServerConfigKeys (ConfUtils.java:logGet(43)) - raft.server.log.statemachine.data.sync.timeout.retry = -1 (default)
2019-06-12 22:37:18,587 INFO  server.RaftServerConfigKeys (ConfUtils.java:logGet(43)) - raft.server.log.statemachine.data.caching.enabled = true (custom)
2019-06-12 22:37:18,585 INFO  storage.RaftStorage (RaftStorage.java:format(75)) - Storage directory /opt/src/hadoop-ozone/integration-test/target/test-dir/MiniOzoneClusterImpl-a7f07da6-eaf7-45c6-b9b6-980b7bf56ee7/datanode-1/data/ratis/c18b8ac7-31e4-4fd5-9515-904383810348 has been successfully formatted.
2019-06-12 22:37:18,587 INFO  server.RaftServerConfigKeys (ConfUtils.java:logGet(43)) - raft.server.snapshot.auto.trigger.enabled = true (custom)
2019-06-12 22:37:18,588 INFO  ratis.ContainerStateMachine (ContainerStateMachine.java:loadSnapshot(199)) - The snapshot info is null.Setting the last applied index to:(t:0, i:~)
2019-06-12 22:37:18,588 INFO  server.RaftServerConfigKeys (ConfUtils.java:logGet(43)) - raft.server.snapshot.auto.trigger.threshold = 10000 (custom)
2019-06-12 22:37:18,588 INFO  server.RaftServerConfigKeys (ConfUtils.java:logGet(43)) - raft.server.leader.election.timeout = 10s (custom)
2019-06-12 22:37:18,588 INFO  server.RaftServerConfigKeys (ConfUtils.java:logGet(43)) - raft.server.retrycache.expirytime = 600000ms (custom)
2019-06-12 22:37:18,588 INFO  impl.RaftServerImpl (RaftServerImpl.java:start(173)) - 96859173-048a-47ee-8a14-43e6d9ba3429: start group-904383810348
2019-06-12 22:37:18,588 INFO  impl.RaftServerImpl (RaftServerImpl.java:setRole(164)) - 96859173-048a-47ee-8a14-43e6d9ba3429:group-904383810348 changes role from null to FOLLOWER at term 0 for startAsFollower
2019-06-12 22:37:18,588 INFO  server.RaftServerConfigKeys (ConfUtils.java:logGet(43)) - raft.server.log.use.memory = false (default)
2019-06-12 22:37:18,589 INFO  server.RaftServerConfigKeys (ConfUtils.java:logGet(43)) - raft.server.log.appender.buffer.byte-limit = 33554432 (custom)
2019-06-12 22:37:18,589 INFO  server.RaftServerConfigKeys (ConfUtils.java:logGet(43)) - raft.server.log.segment.size.max = 16384 (custom)
2019-06-12 22:37:18,588 INFO  impl.RoleInfo (RoleInfo.java:updateAndGet(143)) - 96859173-048a-47ee-8a14-43e6d9ba3429: start FollowerState
2019-06-12 22:37:18,590 INFO  server.RaftServerConfigKeys (ConfUtils.java:logGet(43)) - raft.server.log.segment.cache.num.max = 2 (custom)
2019-06-12 22:37:18,591 INFO  storage.RaftLogWorker (RaftLogWorker.java:<init>(123)) - new f28c37ad-b6d2-45d1-abe7-44ecb714149e-RaftLogWorker for Storage Directory /opt/src/hadoop-ozone/integration-test/target/test-dir/MiniOzoneClusterImpl-a7f07da6-eaf7-45c6-b9b6-980b7bf56ee7/datanode-1/data/ratis/c18b8ac7-31e4-4fd5-9515-904383810348
2019-06-12 22:37:18,591 INFO  server.RaftServerConfigKeys (ConfUtils.java:logGet(43)) - raft.server.log.queue.byte-limit = 2147483647 (custom)
2019-06-12 22:37:18,591 INFO  server.RaftServerConfigKeys (ConfUtils.java:logGet(43)) - raft.server.log.queue.element-limit = 1024 (custom)
2019-06-12 22:37:18,591 INFO  server.RaftServerConfigKeys (ConfUtils.java:logGet(43)) - raft.server.log.segment.size.max = 16384 (custom)
2019-06-12 22:37:18,591 INFO  server.RaftServerConfigKeys (ConfUtils.java:logGet(43)) - raft.server.log.preallocated.size = 16384 (custom)
2019-06-12 22:37:18,591 INFO  server.RaftServerConfigKeys (ConfUtils.java:logGet(43)) - raft.server.log.write.buffer.size = 33554432 (custom)
2019-06-12 22:37:18,591 INFO  server.RaftServerConfigKeys (ConfUtils.java:logGet(43)) - raft.server.log.force.sync.num = 128 (default)
2019-06-12 22:37:18,591 INFO  server.RaftServerConfigKeys (ConfUtils.java:logGet(43)) - raft.server.log.statemachine.data.sync = true (default)
2019-06-12 22:37:18,591 INFO  server.RaftServerConfigKeys (ConfUtils.java:logGet(43)) - raft.server.log.statemachine.data.sync.timeout = 10s (default)
2019-06-12 22:37:18,591 INFO  server.RaftServerConfigKeys (ConfUtils.java:logGet(43)) - raft.server.log.statemachine.data.sync.timeout.retry = -1 (default)
2019-06-12 22:37:18,592 INFO  server.RaftServerConfigKeys (ConfUtils.java:logGet(43)) - raft.server.log.statemachine.data.caching.enabled = true (custom)
2019-06-12 22:37:18,592 INFO  util.JmxRegister (JmxRegister.java:tryRegister(44)) - Successfully registered JMX Bean with object name Ratis:service=RaftServer,group=group-904383810348,id=96859173-048a-47ee-8a14-43e6d9ba3429
2019-06-12 22:37:18,595 INFO  server.RaftServerConfigKeys (ConfUtils.java:logGet(43)) - raft.server.snapshot.auto.trigger.enabled = true (custom)
2019-06-12 22:37:18,595 INFO  server.RaftServerConfigKeys (ConfUtils.java:logGet(43)) - raft.server.snapshot.auto.trigger.threshold = 10000 (custom)
2019-06-12 22:37:18,596 INFO  server.RaftServerConfigKeys (ConfUtils.java:logGet(43)) - raft.server.retrycache.expirytime = 600000ms (custom)
2019-06-12 22:37:18,596 INFO  impl.RaftServerImpl (RaftServerImpl.java:start(173)) - f28c37ad-b6d2-45d1-abe7-44ecb714149e: start group-904383810348
2019-06-12 22:37:18,596 INFO  impl.RaftServerImpl (RaftServerImpl.java:setRole(164)) - f28c37ad-b6d2-45d1-abe7-44ecb714149e:group-904383810348 changes role from null to FOLLOWER at term 0 for startAsFollower
2019-06-12 22:37:18,596 INFO  impl.RoleInfo (RoleInfo.java:updateAndGet(143)) - f28c37ad-b6d2-45d1-abe7-44ecb714149e: start FollowerState
2019-06-12 22:37:18,598 INFO  util.JmxRegister (JmxRegister.java:tryRegister(44)) - Successfully registered JMX Bean with object name Ratis:service=RaftServer,group=group-904383810348,id=f28c37ad-b6d2-45d1-abe7-44ecb714149e
2019-06-12 22:37:18,605 INFO  node.SCMNodeManager (SCMNodeManager.java:register(234)) - Registered Data node : c26ca4bc-0f9c-4e92-8a42-1804f6f4046f{ip: 192.168.19.23, host: ozone-rf5t8-2531498618, networkLocation: /default-rack, certSerialId: null}
2019-06-12 22:37:18,609 INFO  pipeline.PipelineStateManager (PipelineStateManager.java:addPipeline(56)) - Created pipeline Pipeline[ Id: c18b8ac7-31e4-4fd5-9515-904383810348, Nodes: 8e4a8d7f-cd84-43c6-932d-07e4a4c9a366{ip: 192.168.19.23, host: ozone-rf5t8-2531498618, networkLocation: /default-rack, certSerialId: null}96859173-048a-47ee-8a14-43e6d9ba3429{ip: 192.168.19.23, host: ozone-rf5t8-2531498618, networkLocation: /default-rack, certSerialId: null}f28c37ad-b6d2-45d1-abe7-44ecb714149e{ip: 192.168.19.23, host: ozone-rf5t8-2531498618, networkLocation: /default-rack, certSerialId: null}, Type:RATIS, Factor:THREE, State:OPEN]
2019-06-12 22:37:18,623 INFO  impl.RaftServerProxy (RaftServerProxy.java:addNew(89)) - c26ca4bc-0f9c-4e92-8a42-1804f6f4046f: addNew group-FF98BBD72860:[c26ca4bc-0f9c-4e92-8a42-1804f6f4046f:192.168.19.23:37413] returns group-FF98BBD72860:java.util.concurrent.CompletableFuture@56f8d7d6[Not completed]
2019-06-12 22:37:18,624 INFO  impl.RaftServerImpl (RaftServerImpl.java:<init>(91)) - c26ca4bc-0f9c-4e92-8a42-1804f6f4046f: new RaftServerImpl for group-FF98BBD72860:[c26ca4bc-0f9c-4e92-8a42-1804f6f4046f:192.168.19.23:37413] with ContainerStateMachine:uninitialized
2019-06-12 22:37:18,625 INFO  server.RaftServerConfigKeys (ConfUtils.java:logGet(43)) - raft.server.rpc.timeout.min = 1s (custom)
2019-06-12 22:37:18,625 INFO  server.RaftServerConfigKeys (ConfUtils.java:logGet(43)) - raft.server.rpc.timeout.max = 1200ms (custom)
2019-06-12 22:37:18,625 INFO  server.RaftServerConfigKeys (ConfUtils.java:logGet(43)) - raft.server.rpcslowness.timeout = 10s (custom)
2019-06-12 22:37:18,625 INFO  server.RaftServerConfigKeys (ConfUtils.java:logGet(43)) - raft.server.log.appender.install.snapshot.enabled = true (default)
2019-06-12 22:37:18,626 INFO  impl.RaftServerImpl (ServerState.java:<init>(101)) - c26ca4bc-0f9c-4e92-8a42-1804f6f4046f:group-FF98BBD72860 ConfigurationManager, init=-1: [c26ca4bc-0f9c-4e92-8a42-1804f6f4046f:192.168.19.23:37413], old=null, confs=<EMPTY_MAP>
2019-06-12 22:37:18,626 INFO  server.RaftServerConfigKeys (ConfUtils.java:logGet(43)) - raft.server.storage.dir = [/opt/src/hadoop-ozone/integration-test/target/test-dir/MiniOzoneClusterImpl-a7f07da6-eaf7-45c6-b9b6-980b7bf56ee7/datanode-4/data/ratis] (custom)
2019-06-12 22:37:18,626 INFO  storage.RaftStorageDirectory (RaftStorageDirectory.java:analyzeStorage(246)) - The storage directory /opt/src/hadoop-ozone/integration-test/target/test-dir/MiniOzoneClusterImpl-a7f07da6-eaf7-45c6-b9b6-980b7bf56ee7/datanode-4/data/ratis/884999c2-371f-42b9-b610-ff98bbd72860 does not exist. Creating ...
2019-06-12 22:37:18,628 INFO  storage.RaftStorageDirectory (RaftStorageDirectory.java:tryLock(328)) - Lock on /opt/src/hadoop-ozone/integration-test/target/test-dir/MiniOzoneClusterImpl-a7f07da6-eaf7-45c6-b9b6-980b7bf56ee7/datanode-4/data/ratis/884999c2-371f-42b9-b610-ff98bbd72860/in_use.lock acquired by nodename 10111@ozone-rf5t8-2531498618
2019-06-12 22:37:18,631 INFO  storage.RaftStorage (RaftStorage.java:format(75)) - Storage directory /opt/src/hadoop-ozone/integration-test/target/test-dir/MiniOzoneClusterImpl-a7f07da6-eaf7-45c6-b9b6-980b7bf56ee7/datanode-4/data/ratis/884999c2-371f-42b9-b610-ff98bbd72860 has been successfully formatted.
2019-06-12 22:37:18,631 INFO  ratis.ContainerStateMachine (ContainerStateMachine.java:loadSnapshot(199)) - The snapshot info is null.Setting the last applied index to:(t:0, i:~)
2019-06-12 22:37:18,631 INFO  server.RaftServerConfigKeys (ConfUtils.java:logGet(43)) - raft.server.leader.election.timeout = 10s (custom)
2019-06-12 22:37:18,631 INFO  server.RaftServerConfigKeys (ConfUtils.java:logGet(43)) - raft.server.log.use.memory = false (default)
2019-06-12 22:37:18,631 INFO  server.RaftServerConfigKeys (ConfUtils.java:logGet(43)) - raft.server.log.appender.buffer.byte-limit = 33554432 (custom)
2019-06-12 22:37:18,631 INFO  server.RaftServerConfigKeys (ConfUtils.java:logGet(43)) - raft.server.log.segment.size.max = 16384 (custom)
2019-06-12 22:37:18,631 INFO  server.RaftServerConfigKeys (ConfUtils.java:logGet(43)) - raft.server.log.segment.cache.num.max = 2 (custom)
2019-06-12 22:37:18,631 INFO  storage.RaftLogWorker (RaftLogWorker.java:<init>(123)) - new c26ca4bc-0f9c-4e92-8a42-1804f6f4046f-RaftLogWorker for Storage Directory /opt/src/hadoop-ozone/integration-test/target/test-dir/MiniOzoneClusterImpl-a7f07da6-eaf7-45c6-b9b6-980b7bf56ee7/datanode-4/data/ratis/884999c2-371f-42b9-b610-ff98bbd72860
2019-06-12 22:37:18,631 INFO  server.RaftServerConfigKeys (ConfUtils.java:logGet(43)) - raft.server.log.queue.byte-limit = 2147483647 (custom)
2019-06-12 22:37:18,631 INFO  server.RaftServerConfigKeys (ConfUtils.java:logGet(43)) - raft.server.log.queue.element-limit = 1024 (custom)
2019-06-12 22:37:18,632 INFO  server.RaftServerConfigKeys (ConfUtils.java:logGet(43)) - raft.server.log.segment.size.max = 16384 (custom)
2019-06-12 22:37:18,632 INFO  server.RaftServerConfigKeys (ConfUtils.java:logGet(43)) - raft.server.log.preallocated.size = 16384 (custom)
2019-06-12 22:37:18,632 INFO  server.RaftServerConfigKeys (ConfUtils.java:logGet(43)) - raft.server.log.write.buffer.size = 33554432 (custom)
2019-06-12 22:37:18,632 INFO  server.RaftServerConfigKeys (ConfUtils.java:logGet(43)) - raft.server.log.force.sync.num = 128 (default)
2019-06-12 22:37:18,632 INFO  server.RaftServerConfigKeys (ConfUtils.java:logGet(43)) - raft.server.log.statemachine.data.sync = true (default)
2019-06-12 22:37:18,632 INFO  server.RaftServerConfigKeys (ConfUtils.java:logGet(43)) - raft.server.log.statemachine.data.sync.timeout = 10s (default)
2019-06-12 22:37:18,632 INFO  server.RaftServerConfigKeys (ConfUtils.java:logGet(43)) - raft.server.log.statemachine.data.sync.timeout.retry = -1 (default)
2019-06-12 22:37:18,632 INFO  server.RaftServerConfigKeys (ConfUtils.java:logGet(43)) - raft.server.log.statemachine.data.caching.enabled = true (custom)
2019-06-12 22:37:18,633 INFO  server.RaftServerConfigKeys (ConfUtils.java:logGet(43)) - raft.server.snapshot.auto.trigger.enabled = true (custom)
2019-06-12 22:37:18,633 INFO  server.RaftServerConfigKeys (ConfUtils.java:logGet(43)) - raft.server.snapshot.auto.trigger.threshold = 10000 (custom)
2019-06-12 22:37:18,633 INFO  server.RaftServerConfigKeys (ConfUtils.java:logGet(43)) - raft.server.retrycache.expirytime = 600000ms (custom)
2019-06-12 22:37:18,633 INFO  impl.RaftServerImpl (RaftServerImpl.java:start(173)) - c26ca4bc-0f9c-4e92-8a42-1804f6f4046f: start group-FF98BBD72860
2019-06-12 22:37:18,633 INFO  impl.RaftServerImpl (RaftServerImpl.java:setRole(164)) - c26ca4bc-0f9c-4e92-8a42-1804f6f4046f:group-FF98BBD72860 changes role from null to FOLLOWER at term 0 for startAsFollower
2019-06-12 22:37:18,633 INFO  impl.RoleInfo (RoleInfo.java:updateAndGet(143)) - c26ca4bc-0f9c-4e92-8a42-1804f6f4046f: start FollowerState
2019-06-12 22:37:18,634 INFO  util.JmxRegister (JmxRegister.java:tryRegister(44)) - Successfully registered JMX Bean with object name Ratis:service=RaftServer,group=group-FF98BBD72860,id=c26ca4bc-0f9c-4e92-8a42-1804f6f4046f
2019-06-12 22:37:18,641 INFO  pipeline.PipelineStateManager (PipelineStateManager.java:addPipeline(56)) - Created pipeline Pipeline[ Id: 884999c2-371f-42b9-b610-ff98bbd72860, Nodes: c26ca4bc-0f9c-4e92-8a42-1804f6f4046f{ip: 192.168.19.23, host: ozone-rf5t8-2531498618, networkLocation: /default-rack, certSerialId: null}, Type:RATIS, Factor:ONE, State:OPEN]
2019-06-12 22:37:18,796 INFO  ozone.MiniOzoneClusterImpl (MiniOzoneClusterImpl.java:lambda$waitForClusterToBeReady$0(142)) - Waiting for cluster to be ready. Got 5 of 6 DN Heartbeats.
2019-06-12 22:37:18,801 INFO  node.SCMNodeManager (SCMNodeManager.java:register(234)) - Registered Data node : 37002335-7b04-40f8-80c4-24cb206ad3a4{ip: 192.168.19.23, host: ozone-rf5t8-2531498618, networkLocation: /default-rack, certSerialId: null}
2019-06-12 22:37:18,814 INFO  impl.RaftServerProxy (RaftServerProxy.java:addNew(89)) - 37002335-7b04-40f8-80c4-24cb206ad3a4: addNew group-3D906DB00309:[37002335-7b04-40f8-80c4-24cb206ad3a4:192.168.19.23:45885] returns group-3D906DB00309:java.util.concurrent.CompletableFuture@4daa5e27[Not completed]
2019-06-12 22:37:18,814 INFO  impl.RaftServerImpl (RaftServerImpl.java:<init>(91)) - 37002335-7b04-40f8-80c4-24cb206ad3a4: new RaftServerImpl for group-3D906DB00309:[37002335-7b04-40f8-80c4-24cb206ad3a4:192.168.19.23:45885] with ContainerStateMachine:uninitialized
2019-06-12 22:37:18,815 INFO  server.RaftServerConfigKeys (ConfUtils.java:logGet(43)) - raft.server.rpc.timeout.min = 1s (custom)
2019-06-12 22:37:18,815 INFO  server.RaftServerConfigKeys (ConfUtils.java:logGet(43)) - raft.server.rpc.timeout.max = 1200ms (custom)
2019-06-12 22:37:18,815 INFO  server.RaftServerConfigKeys (ConfUtils.java:logGet(43)) - raft.server.rpcslowness.timeout = 10s (custom)
2019-06-12 22:37:18,815 INFO  server.RaftServerConfigKeys (ConfUtils.java:logGet(43)) - raft.server.log.appender.install.snapshot.enabled = true (default)
2019-06-12 22:37:18,815 INFO  impl.RaftServerImpl (ServerState.java:<init>(101)) - 37002335-7b04-40f8-80c4-24cb206ad3a4:group-3D906DB00309 ConfigurationManager, init=-1: [37002335-7b04-40f8-80c4-24cb206ad3a4:192.168.19.23:45885], old=null, confs=<EMPTY_MAP>
2019-06-12 22:37:18,815 INFO  server.RaftServerConfigKeys (ConfUtils.java:logGet(43)) - raft.server.storage.dir = [/opt/src/hadoop-ozone/integration-test/target/test-dir/MiniOzoneClusterImpl-a7f07da6-eaf7-45c6-b9b6-980b7bf56ee7/datanode-5/data/ratis] (custom)
2019-06-12 22:37:18,816 INFO  storage.RaftStorageDirectory (RaftStorageDirectory.java:analyzeStorage(246)) - The storage directory /opt/src/hadoop-ozone/integration-test/target/test-dir/MiniOzoneClusterImpl-a7f07da6-eaf7-45c6-b9b6-980b7bf56ee7/datanode-5/data/ratis/b86f0771-e3b1-4e3a-9ae6-3d906db00309 does not exist. Creating ...
2019-06-12 22:37:18,818 INFO  storage.RaftStorageDirectory (RaftStorageDirectory.java:tryLock(328)) - Lock on /opt/src/hadoop-ozone/integration-test/target/test-dir/MiniOzoneClusterImpl-a7f07da6-eaf7-45c6-b9b6-980b7bf56ee7/datanode-5/data/ratis/b86f0771-e3b1-4e3a-9ae6-3d906db00309/in_use.lock acquired by nodename 10111@ozone-rf5t8-2531498618
2019-06-12 22:37:18,820 INFO  storage.RaftStorage (RaftStorage.java:format(75)) - Storage directory /opt/src/hadoop-ozone/integration-test/target/test-dir/MiniOzoneClusterImpl-a7f07da6-eaf7-45c6-b9b6-980b7bf56ee7/datanode-5/data/ratis/b86f0771-e3b1-4e3a-9ae6-3d906db00309 has been successfully formatted.
2019-06-12 22:37:18,820 INFO  ratis.ContainerStateMachine (ContainerStateMachine.java:loadSnapshot(199)) - The snapshot info is null.Setting the last applied index to:(t:0, i:~)
2019-06-12 22:37:18,820 INFO  server.RaftServerConfigKeys (ConfUtils.java:logGet(43)) - raft.server.leader.election.timeout = 10s (custom)
2019-06-12 22:37:18,821 INFO  server.RaftServerConfigKeys (ConfUtils.java:logGet(43)) - raft.server.log.use.memory = false (default)
2019-06-12 22:37:18,821 INFO  server.RaftServerConfigKeys (ConfUtils.java:logGet(43)) - raft.server.log.appender.buffer.byte-limit = 33554432 (custom)
2019-06-12 22:37:18,821 INFO  server.RaftServerConfigKeys (ConfUtils.java:logGet(43)) - raft.server.log.segment.size.max = 16384 (custom)
2019-06-12 22:37:18,821 INFO  server.RaftServerConfigKeys (ConfUtils.java:logGet(43)) - raft.server.log.segment.cache.num.max = 2 (custom)
2019-06-12 22:37:18,821 INFO  storage.RaftLogWorker (RaftLogWorker.java:<init>(123)) - new 37002335-7b04-40f8-80c4-24cb206ad3a4-RaftLogWorker for Storage Directory /opt/src/hadoop-ozone/integration-test/target/test-dir/MiniOzoneClusterImpl-a7f07da6-eaf7-45c6-b9b6-980b7bf56ee7/datanode-5/data/ratis/b86f0771-e3b1-4e3a-9ae6-3d906db00309
2019-06-12 22:37:18,821 INFO  server.RaftServerConfigKeys (ConfUtils.java:logGet(43)) - raft.server.log.queue.byte-limit = 2147483647 (custom)
2019-06-12 22:37:18,821 INFO  server.RaftServerConfigKeys (ConfUtils.java:logGet(43)) - raft.server.log.queue.element-limit = 1024 (custom)
2019-06-12 22:37:18,821 INFO  server.RaftServerConfigKeys (ConfUtils.java:logGet(43)) - raft.server.log.segment.size.max = 16384 (custom)
2019-06-12 22:37:18,821 INFO  server.RaftServerConfigKeys (ConfUtils.java:logGet(43)) - raft.server.log.preallocated.size = 16384 (custom)
2019-06-12 22:37:18,821 INFO  server.RaftServerConfigKeys (ConfUtils.java:logGet(43)) - raft.server.log.write.buffer.size = 33554432 (custom)
2019-06-12 22:37:18,821 INFO  server.RaftServerConfigKeys (ConfUtils.java:logGet(43)) - raft.server.log.force.sync.num = 128 (default)
2019-06-12 22:37:18,821 INFO  server.RaftServerConfigKeys (ConfUtils.java:logGet(43)) - raft.server.log.statemachine.data.sync = true (default)
2019-06-12 22:37:18,822 INFO  server.RaftServerConfigKeys (ConfUtils.java:logGet(43)) - raft.server.log.statemachine.data.sync.timeout = 10s (default)
2019-06-12 22:37:18,822 INFO  server.RaftServerConfigKeys (ConfUtils.java:logGet(43)) - raft.server.log.statemachine.data.sync.timeout.retry = -1 (default)
2019-06-12 22:37:18,822 INFO  server.RaftServerConfigKeys (ConfUtils.java:logGet(43)) - raft.server.log.statemachine.data.caching.enabled = true (custom)
2019-06-12 22:37:18,822 INFO  server.RaftServerConfigKeys (ConfUtils.java:logGet(43)) - raft.server.snapshot.auto.trigger.enabled = true (custom)
2019-06-12 22:37:18,822 INFO  server.RaftServerConfigKeys (ConfUtils.java:logGet(43)) - raft.server.snapshot.auto.trigger.threshold = 10000 (custom)
2019-06-12 22:37:18,822 INFO  server.RaftServerConfigKeys (ConfUtils.java:logGet(43)) - raft.server.retrycache.expirytime = 600000ms (custom)
2019-06-12 22:37:18,822 INFO  impl.RaftServerImpl (RaftServerImpl.java:start(173)) - 37002335-7b04-40f8-80c4-24cb206ad3a4: start group-3D906DB00309
2019-06-12 22:37:18,823 INFO  impl.RaftServerImpl (RaftServerImpl.java:setRole(164)) - 37002335-7b04-40f8-80c4-24cb206ad3a4:group-3D906DB00309 changes role from null to FOLLOWER at term 0 for startAsFollower
2019-06-12 22:37:18,823 INFO  impl.RoleInfo (RoleInfo.java:updateAndGet(143)) - 37002335-7b04-40f8-80c4-24cb206ad3a4: start FollowerState
2019-06-12 22:37:18,823 INFO  util.JmxRegister (JmxRegister.java:tryRegister(44)) - Successfully registered JMX Bean with object name Ratis:service=RaftServer,group=group-3D906DB00309,id=37002335-7b04-40f8-80c4-24cb206ad3a4
2019-06-12 22:37:18,829 INFO  pipeline.PipelineStateManager (PipelineStateManager.java:addPipeline(56)) - Created pipeline Pipeline[ Id: b86f0771-e3b1-4e3a-9ae6-3d906db00309, Nodes: 37002335-7b04-40f8-80c4-24cb206ad3a4{ip: 192.168.19.23, host: ozone-rf5t8-2531498618, networkLocation: /default-rack, certSerialId: null}, Type:RATIS, Factor:ONE, State:OPEN]
2019-06-12 22:37:18,851 INFO  impl.RaftServerProxy (RaftServerProxy.java:addNew(89)) - 37002335-7b04-40f8-80c4-24cb206ad3a4: addNew group-3C2922ABF56C:[c26ca4bc-0f9c-4e92-8a42-1804f6f4046f:192.168.19.23:37413, 37002335-7b04-40f8-80c4-24cb206ad3a4:192.168.19.23:45885, 4d39419c-cae3-4063-8850-de1ba7a76112:192.168.19.23:37917] returns group-3C2922ABF56C:java.util.concurrent.CompletableFuture@301919bd[Not completed]
2019-06-12 22:37:18,851 INFO  impl.RaftServerProxy (RaftServerProxy.java:addNew(89)) - 4d39419c-cae3-4063-8850-de1ba7a76112: addNew group-3C2922ABF56C:[c26ca4bc-0f9c-4e92-8a42-1804f6f4046f:192.168.19.23:37413, 37002335-7b04-40f8-80c4-24cb206ad3a4:192.168.19.23:45885, 4d39419c-cae3-4063-8850-de1ba7a76112:192.168.19.23:37917] returns group-3C2922ABF56C:java.util.concurrent.CompletableFuture@db62bcc[Not completed]
2019-06-12 22:37:18,852 INFO  impl.RaftServerImpl (RaftServerImpl.java:<init>(91)) - 37002335-7b04-40f8-80c4-24cb206ad3a4: new RaftServerImpl for group-3C2922ABF56C:[c26ca4bc-0f9c-4e92-8a42-1804f6f4046f:192.168.19.23:37413, 37002335-7b04-40f8-80c4-24cb206ad3a4:192.168.19.23:45885, 4d39419c-cae3-4063-8850-de1ba7a76112:192.168.19.23:37917] with ContainerStateMachine:uninitialized
2019-06-12 22:37:18,852 INFO  server.RaftServerConfigKeys (ConfUtils.java:logGet(43)) - raft.server.rpc.timeout.min = 1s (custom)
2019-06-12 22:37:18,852 INFO  server.RaftServerConfigKeys (ConfUtils.java:logGet(43)) - raft.server.rpc.timeout.max = 1200ms (custom)
2019-06-12 22:37:18,853 INFO  server.RaftServerConfigKeys (ConfUtils.java:logGet(43)) - raft.server.rpcslowness.timeout = 10s (custom)
2019-06-12 22:37:18,853 INFO  server.RaftServerConfigKeys (ConfUtils.java:logGet(43)) - raft.server.log.appender.install.snapshot.enabled = true (default)
2019-06-12 22:37:18,854 INFO  impl.RaftServerImpl (RaftServerImpl.java:<init>(91)) - 4d39419c-cae3-4063-8850-de1ba7a76112: new RaftServerImpl for group-3C2922ABF56C:[c26ca4bc-0f9c-4e92-8a42-1804f6f4046f:192.168.19.23:37413, 37002335-7b04-40f8-80c4-24cb206ad3a4:192.168.19.23:45885, 4d39419c-cae3-4063-8850-de1ba7a76112:192.168.19.23:37917] with ContainerStateMachine:uninitialized
2019-06-12 22:37:18,854 INFO  impl.RaftServerImpl (ServerState.java:<init>(101)) - 37002335-7b04-40f8-80c4-24cb206ad3a4:group-3C2922ABF56C ConfigurationManager, init=-1: [c26ca4bc-0f9c-4e92-8a42-1804f6f4046f:192.168.19.23:37413, 37002335-7b04-40f8-80c4-24cb206ad3a4:192.168.19.23:45885, 4d39419c-cae3-4063-8850-de1ba7a76112:192.168.19.23:37917], old=null, confs=<EMPTY_MAP>
2019-06-12 22:37:18,854 INFO  server.RaftServerConfigKeys (ConfUtils.java:logGet(43)) - raft.server.storage.dir = [/opt/src/hadoop-ozone/integration-test/target/test-dir/MiniOzoneClusterImpl-a7f07da6-eaf7-45c6-b9b6-980b7bf56ee7/datanode-5/data/ratis] (custom)
2019-06-12 22:37:18,854 INFO  storage.RaftStorageDirectory (RaftStorageDirectory.java:analyzeStorage(246)) - The storage directory /opt/src/hadoop-ozone/integration-test/target/test-dir/MiniOzoneClusterImpl-a7f07da6-eaf7-45c6-b9b6-980b7bf56ee7/datanode-5/data/ratis/fe51083b-45f4-4be6-bac6-3c2922abf56c does not exist. Creating ...
2019-06-12 22:37:18,854 INFO  server.RaftServerConfigKeys (ConfUtils.java:logGet(43)) - raft.server.rpc.timeout.min = 1s (custom)
2019-06-12 22:37:18,854 INFO  server.RaftServerConfigKeys (ConfUtils.java:logGet(43)) - raft.server.rpc.timeout.max = 1200ms (custom)
2019-06-12 22:37:18,855 INFO  server.RaftServerConfigKeys (ConfUtils.java:logGet(43)) - raft.server.rpcslowness.timeout = 10s (custom)
2019-06-12 22:37:18,855 INFO  server.RaftServerConfigKeys (ConfUtils.java:logGet(43)) - raft.server.log.appender.install.snapshot.enabled = true (default)
2019-06-12 22:37:18,855 INFO  impl.RaftServerImpl (ServerState.java:<init>(101)) - 4d39419c-cae3-4063-8850-de1ba7a76112:group-3C2922ABF56C ConfigurationManager, init=-1: [c26ca4bc-0f9c-4e92-8a42-1804f6f4046f:192.168.19.23:37413, 37002335-7b04-40f8-80c4-24cb206ad3a4:192.168.19.23:45885, 4d39419c-cae3-4063-8850-de1ba7a76112:192.168.19.23:37917], old=null, confs=<EMPTY_MAP>
2019-06-12 22:37:18,855 INFO  server.RaftServerConfigKeys (ConfUtils.java:logGet(43)) - raft.server.storage.dir = [/opt/src/hadoop-ozone/integration-test/target/test-dir/MiniOzoneClusterImpl-a7f07da6-eaf7-45c6-b9b6-980b7bf56ee7/datanode-3/data/ratis] (custom)
2019-06-12 22:37:18,855 INFO  storage.RaftStorageDirectory (RaftStorageDirectory.java:analyzeStorage(246)) - The storage directory /opt/src/hadoop-ozone/integration-test/target/test-dir/MiniOzoneClusterImpl-a7f07da6-eaf7-45c6-b9b6-980b7bf56ee7/datanode-3/data/ratis/fe51083b-45f4-4be6-bac6-3c2922abf56c does not exist. Creating ...
2019-06-12 22:37:18,855 INFO  impl.RaftServerProxy (RaftServerProxy.java:addNew(89)) - c26ca4bc-0f9c-4e92-8a42-1804f6f4046f: addNew group-3C2922ABF56C:[c26ca4bc-0f9c-4e92-8a42-1804f6f4046f:192.168.19.23:37413, 37002335-7b04-40f8-80c4-24cb206ad3a4:192.168.19.23:45885, 4d39419c-cae3-4063-8850-de1ba7a76112:192.168.19.23:37917] returns group-3C2922ABF56C:java.util.concurrent.CompletableFuture@4feab661[Not completed]
2019-06-12 22:37:18,856 INFO  impl.RaftServerImpl (RaftServerImpl.java:<init>(91)) - c26ca4bc-0f9c-4e92-8a42-1804f6f4046f: new RaftServerImpl for group-3C2922ABF56C:[c26ca4bc-0f9c-4e92-8a42-1804f6f4046f:192.168.19.23:37413, 37002335-7b04-40f8-80c4-24cb206ad3a4:192.168.19.23:45885, 4d39419c-cae3-4063-8850-de1ba7a76112:192.168.19.23:37917] with ContainerStateMachine:uninitialized
2019-06-12 22:37:18,856 INFO  server.RaftServerConfigKeys (ConfUtils.java:logGet(43)) - raft.server.rpc.timeout.min = 1s (custom)
2019-06-12 22:37:18,856 INFO  server.RaftServerConfigKeys (ConfUtils.java:logGet(43)) - raft.server.rpc.timeout.max = 1200ms (custom)
2019-06-12 22:37:18,856 INFO  storage.RaftStorageDirectory (RaftStorageDirectory.java:tryLock(328)) - Lock on /opt/src/hadoop-ozone/integration-test/target/test-dir/MiniOzoneClusterImpl-a7f07da6-eaf7-45c6-b9b6-980b7bf56ee7/datanode-5/data/ratis/fe51083b-45f4-4be6-bac6-3c2922abf56c/in_use.lock acquired by nodename 10111@ozone-rf5t8-2531498618
2019-06-12 22:37:18,856 INFO  server.RaftServerConfigKeys (ConfUtils.java:logGet(43)) - raft.server.rpcslowness.timeout = 10s (custom)
2019-06-12 22:37:18,857 INFO  server.RaftServerConfigKeys (ConfUtils.java:logGet(43)) - raft.server.log.appender.install.snapshot.enabled = true (default)
2019-06-12 22:37:18,857 INFO  impl.RaftServerImpl (ServerState.java:<init>(101)) - c26ca4bc-0f9c-4e92-8a42-1804f6f4046f:group-3C2922ABF56C ConfigurationManager, init=-1: [c26ca4bc-0f9c-4e92-8a42-1804f6f4046f:192.168.19.23:37413, 37002335-7b04-40f8-80c4-24cb206ad3a4:192.168.19.23:45885, 4d39419c-cae3-4063-8850-de1ba7a76112:192.168.19.23:37917], old=null, confs=<EMPTY_MAP>
2019-06-12 22:37:18,857 INFO  server.RaftServerConfigKeys (ConfUtils.java:logGet(43)) - raft.server.storage.dir = [/opt/src/hadoop-ozone/integration-test/target/test-dir/MiniOzoneClusterImpl-a7f07da6-eaf7-45c6-b9b6-980b7bf56ee7/datanode-4/data/ratis] (custom)
2019-06-12 22:37:18,857 INFO  storage.RaftStorageDirectory (RaftStorageDirectory.java:analyzeStorage(246)) - The storage directory /opt/src/hadoop-ozone/integration-test/target/test-dir/MiniOzoneClusterImpl-a7f07da6-eaf7-45c6-b9b6-980b7bf56ee7/datanode-4/data/ratis/fe51083b-45f4-4be6-bac6-3c2922abf56c does not exist. Creating ...
2019-06-12 22:37:18,859 INFO  storage.RaftStorageDirectory (RaftStorageDirectory.java:tryLock(328)) - Lock on /opt/src/hadoop-ozone/integration-test/target/test-dir/MiniOzoneClusterImpl-a7f07da6-eaf7-45c6-b9b6-980b7bf56ee7/datanode-3/data/ratis/fe51083b-45f4-4be6-bac6-3c2922abf56c/in_use.lock acquired by nodename 10111@ozone-rf5t8-2531498618
2019-06-12 22:37:18,860 INFO  storage.RaftStorageDirectory (RaftStorageDirectory.java:tryLock(328)) - Lock on /opt/src/hadoop-ozone/integration-test/target/test-dir/MiniOzoneClusterImpl-a7f07da6-eaf7-45c6-b9b6-980b7bf56ee7/datanode-4/data/ratis/fe51083b-45f4-4be6-bac6-3c2922abf56c/in_use.lock acquired by nodename 10111@ozone-rf5t8-2531498618
2019-06-12 22:37:18,861 INFO  storage.RaftStorage (RaftStorage.java:format(75)) - Storage directory /opt/src/hadoop-ozone/integration-test/target/test-dir/MiniOzoneClusterImpl-a7f07da6-eaf7-45c6-b9b6-980b7bf56ee7/datanode-5/data/ratis/fe51083b-45f4-4be6-bac6-3c2922abf56c has been successfully formatted.
2019-06-12 22:37:18,862 INFO  ratis.ContainerStateMachine (ContainerStateMachine.java:loadSnapshot(199)) - The snapshot info is null.Setting the last applied index to:(t:0, i:~)
2019-06-12 22:37:18,862 INFO  server.RaftServerConfigKeys (ConfUtils.java:logGet(43)) - raft.server.leader.election.timeout = 10s (custom)
2019-06-12 22:37:18,862 INFO  server.RaftServerConfigKeys (ConfUtils.java:logGet(43)) - raft.server.log.use.memory = false (default)
2019-06-12 22:37:18,862 INFO  storage.RaftStorage (RaftStorage.java:format(75)) - Storage directory /opt/src/hadoop-ozone/integration-test/target/test-dir/MiniOzoneClusterImpl-a7f07da6-eaf7-45c6-b9b6-980b7bf56ee7/datanode-4/data/ratis/fe51083b-45f4-4be6-bac6-3c2922abf56c has been successfully formatted.
2019-06-12 22:37:18,862 INFO  server.RaftServerConfigKeys (ConfUtils.java:logGet(43)) - raft.server.log.appender.buffer.byte-limit = 33554432 (custom)
2019-06-12 22:37:18,862 INFO  storage.RaftStorage (RaftStorage.java:format(75)) - Storage directory /opt/src/hadoop-ozone/integration-test/target/test-dir/MiniOzoneClusterImpl-a7f07da6-eaf7-45c6-b9b6-980b7bf56ee7/datanode-3/data/ratis/fe51083b-45f4-4be6-bac6-3c2922abf56c has been successfully formatted.
2019-06-12 22:37:18,863 INFO  server.RaftServerConfigKeys (ConfUtils.java:logGet(43)) - raft.server.log.segment.size.max = 16384 (custom)
2019-06-12 22:37:18,862 INFO  ratis.ContainerStateMachine (ContainerStateMachine.java:loadSnapshot(199)) - The snapshot info is null.Setting the last applied index to:(t:0, i:~)
2019-06-12 22:37:18,863 INFO  server.RaftServerConfigKeys (ConfUtils.java:logGet(43)) - raft.server.log.segment.cache.num.max = 2 (custom)
2019-06-12 22:37:18,863 INFO  ratis.ContainerStateMachine (ContainerStateMachine.java:loadSnapshot(199)) - The snapshot info is null.Setting the last applied index to:(t:0, i:~)
2019-06-12 22:37:18,863 INFO  storage.RaftLogWorker (RaftLogWorker.java:<init>(123)) - new 37002335-7b04-40f8-80c4-24cb206ad3a4-RaftLogWorker for Storage Directory /opt/src/hadoop-ozone/integration-test/target/test-dir/MiniOzoneClusterImpl-a7f07da6-eaf7-45c6-b9b6-980b7bf56ee7/datanode-5/data/ratis/fe51083b-45f4-4be6-bac6-3c2922abf56c
2019-06-12 22:37:18,863 INFO  server.RaftServerConfigKeys (ConfUtils.java:logGet(43)) - raft.server.leader.election.timeout = 10s (custom)
2019-06-12 22:37:18,863 INFO  server.RaftServerConfigKeys (ConfUtils.java:logGet(43)) - raft.server.log.queue.byte-limit = 2147483647 (custom)
2019-06-12 22:37:18,863 INFO  server.RaftServerConfigKeys (ConfUtils.java:logGet(43)) - raft.server.leader.election.timeout = 10s (custom)
2019-06-12 22:37:18,864 INFO  server.RaftServerConfigKeys (ConfUtils.java:logGet(43)) - raft.server.log.queue.element-limit = 1024 (custom)
2019-06-12 22:37:18,864 INFO  server.RaftServerConfigKeys (ConfUtils.java:logGet(43)) - raft.server.log.segment.size.max = 16384 (custom)
2019-06-12 22:37:18,863 INFO  server.RaftServerConfigKeys (ConfUtils.java:logGet(43)) - raft.server.log.use.memory = false (default)
2019-06-12 22:37:18,864 INFO  server.RaftServerConfigKeys (ConfUtils.java:logGet(43)) - raft.server.log.preallocated.size = 16384 (custom)
2019-06-12 22:37:18,864 INFO  server.RaftServerConfigKeys (ConfUtils.java:logGet(43)) - raft.server.log.write.buffer.size = 33554432 (custom)
2019-06-12 22:37:18,864 INFO  server.RaftServerConfigKeys (ConfUtils.java:logGet(43)) - raft.server.log.force.sync.num = 128 (default)
2019-06-12 22:37:18,865 INFO  server.RaftServerConfigKeys (ConfUtils.java:logGet(43)) - raft.server.log.statemachine.data.sync = true (default)
2019-06-12 22:37:18,865 INFO  server.RaftServerConfigKeys (ConfUtils.java:logGet(43)) - raft.server.log.statemachine.data.sync.timeout = 10s (default)
2019-06-12 22:37:18,864 INFO  server.RaftServerConfigKeys (ConfUtils.java:logGet(43)) - raft.server.log.use.memory = false (default)
2019-06-12 22:37:18,868 INFO  server.RaftServerConfigKeys (ConfUtils.java:logGet(43)) - raft.server.log.statemachine.data.sync.timeout.retry = -1 (default)
2019-06-12 22:37:18,864 INFO  server.RaftServerConfigKeys (ConfUtils.java:logGet(43)) - raft.server.log.appender.buffer.byte-limit = 33554432 (custom)
2019-06-12 22:37:18,869 INFO  server.RaftServerConfigKeys (ConfUtils.java:logGet(43)) - raft.server.log.statemachine.data.caching.enabled = true (custom)
2019-06-12 22:37:18,868 INFO  server.RaftServerConfigKeys (ConfUtils.java:logGet(43)) - raft.server.log.appender.buffer.byte-limit = 33554432 (custom)
2019-06-12 22:37:18,869 INFO  server.RaftServerConfigKeys (ConfUtils.java:logGet(43)) - raft.server.log.segment.size.max = 16384 (custom)
2019-06-12 22:37:18,869 INFO  server.RaftServerConfigKeys (ConfUtils.java:logGet(43)) - raft.server.log.segment.cache.num.max = 2 (custom)
2019-06-12 22:37:18,869 INFO  storage.RaftLogWorker (RaftLogWorker.java:<init>(123)) - new 4d39419c-cae3-4063-8850-de1ba7a76112-RaftLogWorker for Storage Directory /opt/src/hadoop-ozone/integration-test/target/test-dir/MiniOzoneClusterImpl-a7f07da6-eaf7-45c6-b9b6-980b7bf56ee7/datanode-3/data/ratis/fe51083b-45f4-4be6-bac6-3c2922abf56c
2019-06-12 22:37:18,869 INFO  server.RaftServerConfigKeys (ConfUtils.java:logGet(43)) - raft.server.log.queue.byte-limit = 2147483647 (custom)
2019-06-12 22:37:18,869 INFO  server.RaftServerConfigKeys (ConfUtils.java:logGet(43)) - raft.server.log.queue.element-limit = 1024 (custom)
2019-06-12 22:37:18,869 INFO  server.RaftServerConfigKeys (ConfUtils.java:logGet(43)) - raft.server.log.segment.size.max = 16384 (custom)
2019-06-12 22:37:18,869 INFO  server.RaftServerConfigKeys (ConfUtils.java:logGet(43)) - raft.server.log.preallocated.size = 16384 (custom)
2019-06-12 22:37:18,870 INFO  server.RaftServerConfigKeys (ConfUtils.java:logGet(43)) - raft.server.log.write.buffer.size = 33554432 (custom)
2019-06-12 22:37:18,870 INFO  server.RaftServerConfigKeys (ConfUtils.java:logGet(43)) - raft.server.log.force.sync.num = 128 (default)
2019-06-12 22:37:18,870 INFO  server.RaftServerConfigKeys (ConfUtils.java:logGet(43)) - raft.server.log.statemachine.data.sync = true (default)
2019-06-12 22:37:18,870 INFO  server.RaftServerConfigKeys (ConfUtils.java:logGet(43)) - raft.server.log.statemachine.data.sync.timeout = 10s (default)
2019-06-12 22:37:18,870 INFO  server.RaftServerConfigKeys (ConfUtils.java:logGet(43)) - raft.server.log.statemachine.data.sync.timeout.retry = -1 (default)
2019-06-12 22:37:18,869 INFO  server.RaftServerConfigKeys (ConfUtils.java:logGet(43)) - raft.server.log.segment.size.max = 16384 (custom)
2019-06-12 22:37:18,870 INFO  server.RaftServerConfigKeys (ConfUtils.java:logGet(43)) - raft.server.log.segment.cache.num.max = 2 (custom)
2019-06-12 22:37:18,871 INFO  storage.RaftLogWorker (RaftLogWorker.java:<init>(123)) - new c26ca4bc-0f9c-4e92-8a42-1804f6f4046f-RaftLogWorker for Storage Directory /opt/src/hadoop-ozone/integration-test/target/test-dir/MiniOzoneClusterImpl-a7f07da6-eaf7-45c6-b9b6-980b7bf56ee7/datanode-4/data/ratis/fe51083b-45f4-4be6-bac6-3c2922abf56c
2019-06-12 22:37:18,871 INFO  server.RaftServerConfigKeys (ConfUtils.java:logGet(43)) - raft.server.log.queue.byte-limit = 2147483647 (custom)
2019-06-12 22:37:18,871 INFO  server.RaftServerConfigKeys (ConfUtils.java:logGet(43)) - raft.server.log.queue.element-limit = 1024 (custom)
2019-06-12 22:37:18,871 INFO  server.RaftServerConfigKeys (ConfUtils.java:logGet(43)) - raft.server.log.segment.size.max = 16384 (custom)
2019-06-12 22:37:18,871 INFO  server.RaftServerConfigKeys (ConfUtils.java:logGet(43)) - raft.server.log.preallocated.size = 16384 (custom)
2019-06-12 22:37:18,871 INFO  server.RaftServerConfigKeys (ConfUtils.java:logGet(43)) - raft.server.log.write.buffer.size = 33554432 (custom)
2019-06-12 22:37:18,871 INFO  server.RaftServerConfigKeys (ConfUtils.java:logGet(43)) - raft.server.log.force.sync.num = 128 (default)
2019-06-12 22:37:18,871 INFO  server.RaftServerConfigKeys (ConfUtils.java:logGet(43)) - raft.server.log.statemachine.data.sync = true (default)
2019-06-12 22:37:18,871 INFO  server.RaftServerConfigKeys (ConfUtils.java:logGet(43)) - raft.server.log.statemachine.data.sync.timeout = 10s (default)
2019-06-12 22:37:18,872 INFO  server.RaftServerConfigKeys (ConfUtils.java:logGet(43)) - raft.server.log.statemachine.data.sync.timeout.retry = -1 (default)
2019-06-12 22:37:18,872 INFO  server.RaftServerConfigKeys (ConfUtils.java:logGet(43)) - raft.server.log.statemachine.data.caching.enabled = true (custom)
2019-06-12 22:37:18,872 INFO  server.RaftServerConfigKeys (ConfUtils.java:logGet(43)) - raft.server.snapshot.auto.trigger.enabled = true (custom)
2019-06-12 22:37:18,872 INFO  server.RaftServerConfigKeys (ConfUtils.java:logGet(43)) - raft.server.snapshot.auto.trigger.threshold = 10000 (custom)
2019-06-12 22:37:18,873 INFO  server.RaftServerConfigKeys (ConfUtils.java:logGet(43)) - raft.server.log.statemachine.data.caching.enabled = true (custom)
2019-06-12 22:37:18,873 INFO  server.RaftServerConfigKeys (ConfUtils.java:logGet(43)) - raft.server.snapshot.auto.trigger.enabled = true (custom)
2019-06-12 22:37:18,874 INFO  server.RaftServerConfigKeys (ConfUtils.java:logGet(43)) - raft.server.snapshot.auto.trigger.threshold = 10000 (custom)
2019-06-12 22:37:18,874 INFO  server.RaftServerConfigKeys (ConfUtils.java:logGet(43)) - raft.server.snapshot.auto.trigger.enabled = true (custom)
2019-06-12 22:37:18,874 INFO  server.RaftServerConfigKeys (ConfUtils.java:logGet(43)) - raft.server.snapshot.auto.trigger.threshold = 10000 (custom)
2019-06-12 22:37:18,874 INFO  server.RaftServerConfigKeys (ConfUtils.java:logGet(43)) - raft.server.retrycache.expirytime = 600000ms (custom)
2019-06-12 22:37:18,874 INFO  server.RaftServerConfigKeys (ConfUtils.java:logGet(43)) - raft.server.retrycache.expirytime = 600000ms (custom)
2019-06-12 22:37:18,874 INFO  impl.RaftServerImpl (RaftServerImpl.java:start(173)) - c26ca4bc-0f9c-4e92-8a42-1804f6f4046f: start group-3C2922ABF56C
2019-06-12 22:37:18,874 INFO  impl.RaftServerImpl (RaftServerImpl.java:setRole(164)) - c26ca4bc-0f9c-4e92-8a42-1804f6f4046f:group-3C2922ABF56C changes role from null to FOLLOWER at term 0 for startAsFollower
2019-06-12 22:37:18,874 INFO  impl.RoleInfo (RoleInfo.java:updateAndGet(143)) - c26ca4bc-0f9c-4e92-8a42-1804f6f4046f: start FollowerState
2019-06-12 22:37:18,874 INFO  server.RaftServerConfigKeys (ConfUtils.java:logGet(43)) - raft.server.retrycache.expirytime = 600000ms (custom)
2019-06-12 22:37:18,875 INFO  impl.RaftServerImpl (RaftServerImpl.java:start(173)) - 4d39419c-cae3-4063-8850-de1ba7a76112: start group-3C2922ABF56C
2019-06-12 22:37:18,875 INFO  impl.RaftServerImpl (RaftServerImpl.java:setRole(164)) - 4d39419c-cae3-4063-8850-de1ba7a76112:group-3C2922ABF56C changes role from null to FOLLOWER at term 0 for startAsFollower
2019-06-12 22:37:18,874 INFO  impl.RaftServerImpl (RaftServerImpl.java:start(173)) - 37002335-7b04-40f8-80c4-24cb206ad3a4: start group-3C2922ABF56C
2019-06-12 22:37:18,875 INFO  impl.RaftServerImpl (RaftServerImpl.java:setRole(164)) - 37002335-7b04-40f8-80c4-24cb206ad3a4:group-3C2922ABF56C changes role from null to FOLLOWER at term 0 for startAsFollower
2019-06-12 22:37:18,875 INFO  util.JmxRegister (JmxRegister.java:tryRegister(44)) - Successfully registered JMX Bean with object name Ratis:service=RaftServer,group=group-3C2922ABF56C,id=c26ca4bc-0f9c-4e92-8a42-1804f6f4046f
2019-06-12 22:37:18,878 INFO  impl.RoleInfo (RoleInfo.java:updateAndGet(143)) - 4d39419c-cae3-4063-8850-de1ba7a76112: start FollowerState
2019-06-12 22:37:18,878 INFO  impl.RoleInfo (RoleInfo.java:updateAndGet(143)) - 37002335-7b04-40f8-80c4-24cb206ad3a4: start FollowerState
2019-06-12 22:37:18,878 INFO  util.JmxRegister (JmxRegister.java:tryRegister(44)) - Successfully registered JMX Bean with object name Ratis:service=RaftServer,group=group-3C2922ABF56C,id=4d39419c-cae3-4063-8850-de1ba7a76112
2019-06-12 22:37:18,878 INFO  util.JmxRegister (JmxRegister.java:tryRegister(44)) - Successfully registered JMX Bean with object name Ratis:service=RaftServer,group=group-3C2922ABF56C,id=37002335-7b04-40f8-80c4-24cb206ad3a4
2019-06-12 22:37:18,908 INFO  pipeline.PipelineStateManager (PipelineStateManager.java:addPipeline(56)) - Created pipeline Pipeline[ Id: fe51083b-45f4-4be6-bac6-3c2922abf56c, Nodes: c26ca4bc-0f9c-4e92-8a42-1804f6f4046f{ip: 192.168.19.23, host: ozone-rf5t8-2531498618, networkLocation: /default-rack, certSerialId: null}37002335-7b04-40f8-80c4-24cb206ad3a4{ip: 192.168.19.23, host: ozone-rf5t8-2531498618, networkLocation: /default-rack, certSerialId: null}4d39419c-cae3-4063-8850-de1ba7a76112{ip: 192.168.19.23, host: ozone-rf5t8-2531498618, networkLocation: /default-rack, certSerialId: null}, Type:RATIS, Factor:THREE, State:OPEN]
2019-06-12 22:37:19,393 INFO  impl.FollowerState (FollowerState.java:run(101)) - 96859173-048a-47ee-8a14-43e6d9ba3429:group-1780CF8E53F0 changes to CANDIDATE, lastRpcTime:1050, electionTimeout:1048ms
2019-06-12 22:37:19,393 INFO  impl.RoleInfo (RoleInfo.java:shutdownFollowerState(121)) - 96859173-048a-47ee-8a14-43e6d9ba3429: shutdown FollowerState
2019-06-12 22:37:19,393 INFO  impl.RaftServerImpl (RaftServerImpl.java:setRole(164)) - 96859173-048a-47ee-8a14-43e6d9ba3429:group-1780CF8E53F0 changes role from FOLLOWER to CANDIDATE at term 0 for changeToCandidate
2019-06-12 22:37:19,395 INFO  impl.RoleInfo (RoleInfo.java:updateAndGet(143)) - 96859173-048a-47ee-8a14-43e6d9ba3429: start LeaderElection
2019-06-12 22:37:19,401 INFO  impl.LeaderElection (LeaderElection.java:askForVotes(181)) - 96859173-048a-47ee-8a14-43e6d9ba3429:group-1780CF8E53F0:LeaderElection1: begin an election at term 1 for -1: [96859173-048a-47ee-8a14-43e6d9ba3429:192.168.19.23:39791], old=null
2019-06-12 22:37:19,403 INFO  impl.RoleInfo (RoleInfo.java:shutdownLeaderElection(134)) - 96859173-048a-47ee-8a14-43e6d9ba3429: shutdown LeaderElection
2019-06-12 22:37:19,403 INFO  impl.RaftServerImpl (RaftServerImpl.java:setRole(164)) - 96859173-048a-47ee-8a14-43e6d9ba3429:group-1780CF8E53F0 changes role from CANDIDATE to LEADER at term 1 for changeToLeader
2019-06-12 22:37:19,403 INFO  impl.RaftServerImpl (ServerState.java:setLeader(263)) - 96859173-048a-47ee-8a14-43e6d9ba3429:group-1780CF8E53F0 change Leader from null to 96859173-048a-47ee-8a14-43e6d9ba3429 at term 1 for becomeLeader, leader elected after 1227ms
2019-06-12 22:37:19,407 INFO  server.RaftServerConfigKeys (ConfUtils.java:logGet(43)) - raft.server.staging.catchup.gap = 1000 (default)
2019-06-12 22:37:19,407 INFO  server.RaftServerConfigKeys (ConfUtils.java:logGet(43)) - raft.server.rpc.sleep.time = 25ms (default)
2019-06-12 22:37:19,409 INFO  server.RaftServerConfigKeys (ConfUtils.java:logGet(43)) - raft.server.watch.timeout = 10s (default)
2019-06-12 22:37:19,409 INFO  server.RaftServerConfigKeys (ConfUtils.java:logGet(43)) - raft.server.watch.timeout.denomination = 1s (default)
2019-06-12 22:37:19,414 INFO  impl.RoleInfo (RoleInfo.java:updateAndGet(143)) - 96859173-048a-47ee-8a14-43e6d9ba3429: start LeaderState
2019-06-12 22:37:19,428 INFO  storage.RaftLogWorker (RaftLogWorker.java:startLogSegment(298)) - 96859173-048a-47ee-8a14-43e6d9ba3429-RaftLogWorker: Starting segment from index:0
2019-06-12 22:37:19,435 INFO  impl.RaftServerImpl (ServerState.java:setRaftConf(361)) - 96859173-048a-47ee-8a14-43e6d9ba3429:group-1780CF8E53F0 set configuration 0: [96859173-048a-47ee-8a14-43e6d9ba3429:192.168.19.23:39791], old=null at 0
2019-06-12 22:37:19,559 INFO  storage.RaftLogWorker (RaftLogWorker.java:execute(469)) - 96859173-048a-47ee-8a14-43e6d9ba3429-RaftLogWorker: created new log segment /opt/src/hadoop-ozone/integration-test/target/test-dir/MiniOzoneClusterImpl-a7f07da6-eaf7-45c6-b9b6-980b7bf56ee7/datanode-0/data/ratis/f42d95fa-fa3e-4276-a4d4-1780cf8e53f0/current/log_inprogress_0
2019-06-12 22:37:19,601 INFO  impl.FollowerState (FollowerState.java:run(101)) - f28c37ad-b6d2-45d1-abe7-44ecb714149e:group-904383810348 changes to CANDIDATE, lastRpcTime:1004, electionTimeout:1001ms
2019-06-12 22:37:19,602 INFO  impl.RoleInfo (RoleInfo.java:shutdownFollowerState(121)) - f28c37ad-b6d2-45d1-abe7-44ecb714149e: shutdown FollowerState
2019-06-12 22:37:19,602 INFO  impl.RaftServerImpl (RaftServerImpl.java:setRole(164)) - f28c37ad-b6d2-45d1-abe7-44ecb714149e:group-904383810348 changes role from FOLLOWER to CANDIDATE at term 0 for changeToCandidate
2019-06-12 22:37:19,602 INFO  impl.RoleInfo (RoleInfo.java:updateAndGet(143)) - f28c37ad-b6d2-45d1-abe7-44ecb714149e: start LeaderElection
2019-06-12 22:37:19,607 INFO  impl.LeaderElection (LeaderElection.java:askForVotes(181)) - f28c37ad-b6d2-45d1-abe7-44ecb714149e:group-904383810348:LeaderElection2: begin an election at term 1 for -1: [8e4a8d7f-cd84-43c6-932d-07e4a4c9a366:192.168.19.23:39913, 96859173-048a-47ee-8a14-43e6d9ba3429:192.168.19.23:39791, f28c37ad-b6d2-45d1-abe7-44ecb714149e:192.168.19.23:37153], old=null
2019-06-12 22:37:19,614 INFO  impl.FollowerState (FollowerState.java:run(101)) - 8e4a8d7f-cd84-43c6-932d-07e4a4c9a366:group-410824BA03D8 changes to CANDIDATE, lastRpcTime:1189, electionTimeout:1187ms
2019-06-12 22:37:19,614 INFO  impl.RoleInfo (RoleInfo.java:shutdownFollowerState(121)) - 8e4a8d7f-cd84-43c6-932d-07e4a4c9a366: shutdown FollowerState
2019-06-12 22:37:19,614 INFO  impl.RaftServerImpl (RaftServerImpl.java:setRole(164)) - 8e4a8d7f-cd84-43c6-932d-07e4a4c9a366:group-410824BA03D8 changes role from FOLLOWER to CANDIDATE at term 0 for changeToCandidate
2019-06-12 22:37:19,614 INFO  impl.RoleInfo (RoleInfo.java:updateAndGet(143)) - 8e4a8d7f-cd84-43c6-932d-07e4a4c9a366: start LeaderElection
2019-06-12 22:37:19,619 INFO  impl.FollowerState (FollowerState.java:run(101)) - 96859173-048a-47ee-8a14-43e6d9ba3429:group-904383810348 changes to CANDIDATE, lastRpcTime:1030, electionTimeout:1026ms
2019-06-12 22:37:19,619 INFO  impl.RoleInfo (RoleInfo.java:shutdownFollowerState(121)) - 96859173-048a-47ee-8a14-43e6d9ba3429: shutdown FollowerState
2019-06-12 22:37:19,619 INFO  impl.RaftServerImpl (RaftServerImpl.java:setRole(164)) - 96859173-048a-47ee-8a14-43e6d9ba3429:group-904383810348 changes role from FOLLOWER to CANDIDATE at term 0 for changeToCandidate
2019-06-12 22:37:19,619 INFO  impl.RoleInfo (RoleInfo.java:updateAndGet(143)) - 96859173-048a-47ee-8a14-43e6d9ba3429: start LeaderElection
2019-06-12 22:37:19,627 INFO  impl.LeaderElection (LeaderElection.java:askForVotes(181)) - 96859173-048a-47ee-8a14-43e6d9ba3429:group-904383810348:LeaderElection4: begin an election at term 1 for -1: [8e4a8d7f-cd84-43c6-932d-07e4a4c9a366:192.168.19.23:39913, 96859173-048a-47ee-8a14-43e6d9ba3429:192.168.19.23:39791, f28c37ad-b6d2-45d1-abe7-44ecb714149e:192.168.19.23:37153], old=null
2019-06-12 22:37:19,636 INFO  impl.RaftServerImpl (RaftServerImpl.java:setRole(164)) - 8e4a8d7f-cd84-43c6-932d-07e4a4c9a366:group-904383810348 changes role from FOLLOWER to FOLLOWER at term 1 for recognizeCandidate:f28c37ad-b6d2-45d1-abe7-44ecb714149e
2019-06-12 22:37:19,636 INFO  impl.RoleInfo (RoleInfo.java:shutdownFollowerState(121)) - 8e4a8d7f-cd84-43c6-932d-07e4a4c9a366: shutdown FollowerState
2019-06-12 22:37:19,636 INFO  impl.RoleInfo (RoleInfo.java:updateAndGet(143)) - 8e4a8d7f-cd84-43c6-932d-07e4a4c9a366: start FollowerState
2019-06-12 22:37:19,636 INFO  impl.FollowerState (FollowerState.java:run(109)) - 8e4a8d7f-cd84-43c6-932d-07e4a4c9a366: FollowerState was interrupted: java.lang.InterruptedException: sleep interrupted
2019-06-12 22:37:19,642 INFO  impl.LeaderElection (LeaderElection.java:askForVotes(181)) - 8e4a8d7f-cd84-43c6-932d-07e4a4c9a366:group-410824BA03D8:LeaderElection3: begin an election at term 1 for -1: [8e4a8d7f-cd84-43c6-932d-07e4a4c9a366:192.168.19.23:39913], old=null
2019-06-12 22:37:19,643 INFO  impl.RoleInfo (RoleInfo.java:shutdownLeaderElection(134)) - 8e4a8d7f-cd84-43c6-932d-07e4a4c9a366: shutdown LeaderElection
2019-06-12 22:37:19,643 INFO  impl.RaftServerImpl (RaftServerImpl.java:setRole(164)) - 8e4a8d7f-cd84-43c6-932d-07e4a4c9a366:group-410824BA03D8 changes role from CANDIDATE to LEADER at term 1 for changeToLeader
2019-06-12 22:37:19,643 INFO  impl.RaftServerImpl (ServerState.java:setLeader(263)) - 8e4a8d7f-cd84-43c6-932d-07e4a4c9a366:group-410824BA03D8 change Leader from null to 8e4a8d7f-cd84-43c6-932d-07e4a4c9a366 at term 1 for becomeLeader, leader elected after 1222ms
2019-06-12 22:37:19,651 INFO  server.RaftServerConfigKeys (ConfUtils.java:logGet(43)) - raft.server.staging.catchup.gap = 1000 (default)
2019-06-12 22:37:19,651 INFO  server.RaftServerConfigKeys (ConfUtils.java:logGet(43)) - raft.server.rpc.sleep.time = 25ms (default)
2019-06-12 22:37:19,653 INFO  server.RaftServerConfigKeys (ConfUtils.java:logGet(43)) - raft.server.watch.timeout = 10s (default)
2019-06-12 22:37:19,654 INFO  server.RaftServerConfigKeys (ConfUtils.java:logGet(43)) - raft.server.watch.timeout.denomination = 1s (default)
2019-06-12 22:37:19,654 INFO  impl.RoleInfo (RoleInfo.java:updateAndGet(143)) - 8e4a8d7f-cd84-43c6-932d-07e4a4c9a366: start LeaderState
2019-06-12 22:37:19,654 INFO  storage.RaftLogWorker (RaftLogWorker.java:startLogSegment(298)) - 8e4a8d7f-cd84-43c6-932d-07e4a4c9a366-RaftLogWorker: Starting segment from index:0
2019-06-12 22:37:19,673 INFO  impl.FollowerState (FollowerState.java:run(101)) - f28c37ad-b6d2-45d1-abe7-44ecb714149e:group-E285CB49491C changes to CANDIDATE, lastRpcTime:1176, electionTimeout:1172ms
2019-06-12 22:37:19,673 INFO  impl.RoleInfo (RoleInfo.java:shutdownFollowerState(121)) - f28c37ad-b6d2-45d1-abe7-44ecb714149e: shutdown FollowerState
2019-06-12 22:37:19,673 INFO  impl.RaftServerImpl (RaftServerImpl.java:setRole(164)) - f28c37ad-b6d2-45d1-abe7-44ecb714149e:group-E285CB49491C changes role from FOLLOWER to CANDIDATE at term 0 for changeToCandidate
2019-06-12 22:37:19,673 INFO  impl.RoleInfo (RoleInfo.java:updateAndGet(143)) - f28c37ad-b6d2-45d1-abe7-44ecb714149e: start LeaderElection
2019-06-12 22:37:19,674 INFO  impl.LeaderElection (LeaderElection.java:logAndReturn(56)) - f28c37ad-b6d2-45d1-abe7-44ecb714149e:group-904383810348:LeaderElection2: Election PASSED; received 1 response(s) [f28c37ad-b6d2-45d1-abe7-44ecb714149e->8e4a8d7f-cd84-43c6-932d-07e4a4c9a366,true-t1] and 0 exception(s); f28c37ad-b6d2-45d1-abe7-44ecb714149e:t1, leader=null, voted=f28c37ad-b6d2-45d1-abe7-44ecb714149e, raftlog=f28c37ad-b6d2-45d1-abe7-44ecb714149e-SegmentedRaftLog:OPENED:c-1,f-1,i0, conf=-1: [8e4a8d7f-cd84-43c6-932d-07e4a4c9a366:192.168.19.23:39913, 96859173-048a-47ee-8a14-43e6d9ba3429:192.168.19.23:39791, f28c37ad-b6d2-45d1-abe7-44ecb714149e:192.168.19.23:37153], old=null
2019-06-12 22:37:19,674 INFO  impl.RoleInfo (RoleInfo.java:shutdownLeaderElection(134)) - f28c37ad-b6d2-45d1-abe7-44ecb714149e: shutdown LeaderElection
2019-06-12 22:37:19,674 INFO  impl.RaftServerImpl (RaftServerImpl.java:setRole(164)) - f28c37ad-b6d2-45d1-abe7-44ecb714149e:group-904383810348 changes role from CANDIDATE to LEADER at term 1 for changeToLeader
2019-06-12 22:37:19,674 INFO  impl.RaftServerImpl (ServerState.java:setLeader(263)) - f28c37ad-b6d2-45d1-abe7-44ecb714149e:group-904383810348 change Leader from null to f28c37ad-b6d2-45d1-abe7-44ecb714149e at term 1 for becomeLeader, leader elected after 1086ms
2019-06-12 22:37:19,692 INFO  impl.RaftServerImpl (ServerState.java:setRaftConf(361)) - 8e4a8d7f-cd84-43c6-932d-07e4a4c9a366:group-410824BA03D8 set configuration 0: [8e4a8d7f-cd84-43c6-932d-07e4a4c9a366:192.168.19.23:39913], old=null at 0
2019-06-12 22:37:19,698 INFO  storage.RaftLogWorker (RaftLogWorker.java:execute(469)) - 8e4a8d7f-cd84-43c6-932d-07e4a4c9a366-RaftLogWorker: created new log segment /opt/src/hadoop-ozone/integration-test/target/test-dir/MiniOzoneClusterImpl-a7f07da6-eaf7-45c6-b9b6-980b7bf56ee7/datanode-2/data/ratis/2eb5e146-993b-46ae-ad82-410824ba03d8/current/log_inprogress_0
2019-06-12 22:37:19,693 INFO  server.RaftServerConfigKeys (ConfUtils.java:logGet(43)) - raft.server.staging.catchup.gap = 1000 (default)
2019-06-12 22:37:19,701 INFO  server.RaftServerConfigKeys (ConfUtils.java:logGet(43)) - raft.server.rpc.sleep.time = 25ms (default)
2019-06-12 22:37:19,701 INFO  server.RaftServerConfigKeys (ConfUtils.java:logGet(43)) - raft.server.watch.timeout = 10s (default)
2019-06-12 22:37:19,701 INFO  server.RaftServerConfigKeys (ConfUtils.java:logGet(43)) - raft.server.watch.timeout.denomination = 1s (default)
2019-06-12 22:37:19,702 INFO  impl.LeaderElection (LeaderElection.java:askForVotes(181)) - f28c37ad-b6d2-45d1-abe7-44ecb714149e:group-E285CB49491C:LeaderElection5: begin an election at term 1 for -1: [f28c37ad-b6d2-45d1-abe7-44ecb714149e:192.168.19.23:37153], old=null
2019-06-12 22:37:19,703 INFO  impl.RoleInfo (RoleInfo.java:shutdownLeaderElection(134)) - f28c37ad-b6d2-45d1-abe7-44ecb714149e: shutdown LeaderElection
2019-06-12 22:37:19,703 INFO  impl.RaftServerImpl (RaftServerImpl.java:setRole(164)) - f28c37ad-b6d2-45d1-abe7-44ecb714149e:group-E285CB49491C changes role from CANDIDATE to LEADER at term 1 for changeToLeader
2019-06-12 22:37:19,703 INFO  impl.RaftServerImpl (ServerState.java:setLeader(263)) - f28c37ad-b6d2-45d1-abe7-44ecb714149e:group-E285CB49491C change Leader from null to f28c37ad-b6d2-45d1-abe7-44ecb714149e at term 1 for becomeLeader, leader elected after 1209ms
2019-06-12 22:37:19,703 INFO  server.RaftServerConfigKeys (ConfUtils.java:logGet(43)) - raft.server.staging.catchup.gap = 1000 (default)
2019-06-12 22:37:19,703 INFO  server.RaftServerConfigKeys (ConfUtils.java:logGet(43)) - raft.server.rpc.sleep.time = 25ms (default)
2019-06-12 22:37:19,704 INFO  server.RaftServerConfigKeys (ConfUtils.java:logGet(43)) - raft.server.watch.timeout = 10s (default)
2019-06-12 22:37:19,704 INFO  server.RaftServerConfigKeys (ConfUtils.java:logGet(43)) - raft.server.log.appender.snapshot.chunk.size.max = 16MB (=16777216) (default)
2019-06-12 22:37:19,704 INFO  server.RaftServerConfigKeys (ConfUtils.java:logGet(43)) - raft.server.watch.timeout.denomination = 1s (default)
2019-06-12 22:37:19,706 INFO  impl.LeaderElection (LeaderElection.java:logAndReturn(56)) - 96859173-048a-47ee-8a14-43e6d9ba3429:group-904383810348:LeaderElection4: Election REJECTED; received 2 response(s) [96859173-048a-47ee-8a14-43e6d9ba3429->8e4a8d7f-cd84-43c6-932d-07e4a4c9a366,false-t1, 96859173-048a-47ee-8a14-43e6d9ba3429->f28c37ad-b6d2-45d1-abe7-44ecb714149e,false-t1] and 0 exception(s); 96859173-048a-47ee-8a14-43e6d9ba3429:t1, leader=null, voted=96859173-048a-47ee-8a14-43e6d9ba3429, raftlog=96859173-048a-47ee-8a14-43e6d9ba3429-SegmentedRaftLog:OPENED:c-1,f-1,i0, conf=-1: [8e4a8d7f-cd84-43c6-932d-07e4a4c9a366:192.168.19.23:39913, 96859173-048a-47ee-8a14-43e6d9ba3429:192.168.19.23:39791, f28c37ad-b6d2-45d1-abe7-44ecb714149e:192.168.19.23:37153], old=null
2019-06-12 22:37:19,706 INFO  impl.RaftServerImpl (RaftServerImpl.java:setRole(164)) - 96859173-048a-47ee-8a14-43e6d9ba3429:group-904383810348 changes role from CANDIDATE to FOLLOWER at term 1 for DISCOVERED_A_NEW_TERM
2019-06-12 22:37:19,707 INFO  impl.RoleInfo (RoleInfo.java:shutdownLeaderElection(134)) - 96859173-048a-47ee-8a14-43e6d9ba3429: shutdown LeaderElection
2019-06-12 22:37:19,707 INFO  impl.RoleInfo (RoleInfo.java:updateAndGet(143)) - 96859173-048a-47ee-8a14-43e6d9ba3429: start FollowerState
2019-06-12 22:37:19,705 INFO  server.RaftServerConfigKeys (ConfUtils.java:logGet(43)) - raft.server.log.appender.buffer.byte-limit = 33554432 (custom)
2019-06-12 22:37:19,706 INFO  impl.RoleInfo (RoleInfo.java:updateAndGet(143)) - f28c37ad-b6d2-45d1-abe7-44ecb714149e: start LeaderState
2019-06-12 22:37:19,709 INFO  storage.RaftLogWorker (RaftLogWorker.java:startLogSegment(298)) - f28c37ad-b6d2-45d1-abe7-44ecb714149e-RaftLogWorker: Starting segment from index:0
2019-06-12 22:37:19,709 INFO  server.RaftServerConfigKeys (ConfUtils.java:logGet(43)) - raft.server.log.appender.buffer.element-limit = 1 (custom)
2019-06-12 22:37:19,710 INFO  grpc.GrpcConfigKeys$Server (ConfUtils.java:logGet(43)) - raft.grpc.server.leader.outstanding.appends.max = 128 (default)
2019-06-12 22:37:19,711 INFO  server.RaftServerConfigKeys (ConfUtils.java:logGet(43)) - raft.server.rpc.request.timeout = 3000ms (default)
2019-06-12 22:37:19,711 INFO  server.RaftServerConfigKeys (ConfUtils.java:logGet(43)) - raft.server.log.appender.install.snapshot.enabled = true (default)
2019-06-12 22:37:19,713 INFO  server.RaftServerConfigKeys (ConfUtils.java:logGet(43)) - raft.server.log.appender.snapshot.chunk.size.max = 16MB (=16777216) (default)
2019-06-12 22:37:19,713 INFO  impl.RaftServerImpl (ServerState.java:setRaftConf(361)) - f28c37ad-b6d2-45d1-abe7-44ecb714149e:group-E285CB49491C set configuration 0: [f28c37ad-b6d2-45d1-abe7-44ecb714149e:192.168.19.23:37153], old=null at 0
2019-06-12 22:37:19,713 INFO  server.RaftServerConfigKeys (ConfUtils.java:logGet(43)) - raft.server.log.appender.buffer.byte-limit = 33554432 (custom)
2019-06-12 22:37:19,728 INFO  server.RaftServerConfigKeys (ConfUtils.java:logGet(43)) - raft.server.log.appender.buffer.element-limit = 1 (custom)
2019-06-12 22:37:19,728 INFO  grpc.GrpcConfigKeys$Server (ConfUtils.java:logGet(43)) - raft.grpc.server.leader.outstanding.appends.max = 128 (default)
2019-06-12 22:37:19,728 INFO  server.RaftServerConfigKeys (ConfUtils.java:logGet(43)) - raft.server.rpc.request.timeout = 3000ms (default)
2019-06-12 22:37:19,728 INFO  server.RaftServerConfigKeys (ConfUtils.java:logGet(43)) - raft.server.log.appender.install.snapshot.enabled = true (default)
2019-06-12 22:37:19,728 INFO  impl.RoleInfo (RoleInfo.java:updateAndGet(143)) - f28c37ad-b6d2-45d1-abe7-44ecb714149e: start LeaderState
2019-06-12 22:37:19,729 INFO  storage.RaftLogWorker (RaftLogWorker.java:startLogSegment(298)) - f28c37ad-b6d2-45d1-abe7-44ecb714149e-RaftLogWorker: Starting segment from index:0
2019-06-12 22:37:19,729 INFO  impl.FollowerState (FollowerState.java:run(101)) - 4d39419c-cae3-4063-8850-de1ba7a76112:group-C27FF8CB2460 changes to CANDIDATE, lastRpcTime:1192, electionTimeout:1181ms
2019-06-12 22:37:19,729 INFO  impl.RoleInfo (RoleInfo.java:shutdownFollowerState(121)) - 4d39419c-cae3-4063-8850-de1ba7a76112: shutdown FollowerState
2019-06-12 22:37:19,729 INFO  impl.RaftServerImpl (RaftServerImpl.java:setRole(164)) - 4d39419c-cae3-4063-8850-de1ba7a76112:group-C27FF8CB2460 changes role from FOLLOWER to CANDIDATE at term 0 for changeToCandidate
2019-06-12 22:37:19,731 INFO  impl.RoleInfo (RoleInfo.java:updateAndGet(143)) - 4d39419c-cae3-4063-8850-de1ba7a76112: start LeaderElection
2019-06-12 22:37:19,740 INFO  impl.RaftServerImpl (ServerState.java:setRaftConf(361)) - f28c37ad-b6d2-45d1-abe7-44ecb714149e:group-904383810348 set configuration 0: [8e4a8d7f-cd84-43c6-932d-07e4a4c9a366:192.168.19.23:39913, 96859173-048a-47ee-8a14-43e6d9ba3429:192.168.19.23:39791, f28c37ad-b6d2-45d1-abe7-44ecb714149e:192.168.19.23:37153], old=null at 0
2019-06-12 22:37:19,757 INFO  impl.LeaderElection (LeaderElection.java:askForVotes(181)) - 4d39419c-cae3-4063-8850-de1ba7a76112:group-C27FF8CB2460:LeaderElection6: begin an election at term 1 for -1: [4d39419c-cae3-4063-8850-de1ba7a76112:192.168.19.23:37917], old=null
2019-06-12 22:37:19,757 INFO  impl.RoleInfo (RoleInfo.java:shutdownLeaderElection(134)) - 4d39419c-cae3-4063-8850-de1ba7a76112: shutdown LeaderElection
2019-06-12 22:37:19,757 INFO  impl.RaftServerImpl (RaftServerImpl.java:setRole(164)) - 4d39419c-cae3-4063-8850-de1ba7a76112:group-C27FF8CB2460 changes role from CANDIDATE to LEADER at term 1 for changeToLeader
2019-06-12 22:37:19,757 INFO  impl.RaftServerImpl (ServerState.java:setLeader(263)) - 4d39419c-cae3-4063-8850-de1ba7a76112:group-C27FF8CB2460 change Leader from null to 4d39419c-cae3-4063-8850-de1ba7a76112 at term 1 for becomeLeader, leader elected after 1225ms
2019-06-12 22:37:19,758 INFO  storage.RaftLogWorker (RaftLogWorker.java:execute(469)) - f28c37ad-b6d2-45d1-abe7-44ecb714149e-RaftLogWorker: created new log segment /opt/src/hadoop-ozone/integration-test/target/test-dir/MiniOzoneClusterImpl-a7f07da6-eaf7-45c6-b9b6-980b7bf56ee7/datanode-1/data/ratis/e8b7c5d0-b2e4-4a36-8c59-e285cb49491c/current/log_inprogress_0
2019-06-12 22:37:19,776 INFO  server.RaftServerConfigKeys (ConfUtils.java:logGet(43)) - raft.server.staging.catchup.gap = 1000 (default)
2019-06-12 22:37:19,776 INFO  server.RaftServerConfigKeys (ConfUtils.java:logGet(43)) - raft.server.rpc.sleep.time = 25ms (default)
2019-06-12 22:37:19,776 INFO  server.RaftServerConfigKeys (ConfUtils.java:logGet(43)) - raft.server.watch.timeout = 10s (default)
2019-06-12 22:37:19,776 INFO  server.RaftServerConfigKeys (ConfUtils.java:logGet(43)) - raft.server.watch.timeout.denomination = 1s (default)
2019-06-12 22:37:19,776 INFO  impl.RoleInfo (RoleInfo.java:updateAndGet(143)) - 4d39419c-cae3-4063-8850-de1ba7a76112: start LeaderState
2019-06-12 22:37:19,777 INFO  storage.RaftLogWorker (RaftLogWorker.java:startLogSegment(298)) - 4d39419c-cae3-4063-8850-de1ba7a76112-RaftLogWorker: Starting segment from index:0
2019-06-12 22:37:19,777 INFO  impl.RaftServerImpl (ServerState.java:setRaftConf(361)) - 4d39419c-cae3-4063-8850-de1ba7a76112:group-C27FF8CB2460 set configuration 0: [4d39419c-cae3-4063-8850-de1ba7a76112:192.168.19.23:37917], old=null at 0
2019-06-12 22:37:19,781 INFO  impl.RaftServerImpl (ServerState.java:setLeader(263)) - 8e4a8d7f-cd84-43c6-932d-07e4a4c9a366:group-904383810348 change Leader from null to f28c37ad-b6d2-45d1-abe7-44ecb714149e at term 1 for appendEntries, leader elected after 1205ms
2019-06-12 22:37:19,781 INFO  storage.RaftLogWorker (RaftLogWorker.java:execute(469)) - f28c37ad-b6d2-45d1-abe7-44ecb714149e-RaftLogWorker: created new log segment /opt/src/hadoop-ozone/integration-test/target/test-dir/MiniOzoneClusterImpl-a7f07da6-eaf7-45c6-b9b6-980b7bf56ee7/datanode-1/data/ratis/c18b8ac7-31e4-4fd5-9515-904383810348/current/log_inprogress_0
2019-06-12 22:37:19,809 INFO  impl.FollowerState (FollowerState.java:run(101)) - c26ca4bc-0f9c-4e92-8a42-1804f6f4046f:group-FF98BBD72860 changes to CANDIDATE, lastRpcTime:1176, electionTimeout:1171ms
2019-06-12 22:37:19,803 INFO  impl.RaftServerImpl (ServerState.java:setLeader(263)) - 96859173-048a-47ee-8a14-43e6d9ba3429:group-904383810348 change Leader from null to f28c37ad-b6d2-45d1-abe7-44ecb714149e at term 1 for appendEntries, leader elected after 1218ms
2019-06-12 22:37:19,803 INFO  ozone.MiniOzoneClusterImpl (MiniOzoneClusterImpl.java:lambda$waitForClusterToBeReady$0(142)) - Cluster is ready. Got 6 of 6 DN Heartbeats.
2019-06-12 22:37:19,825 INFO  impl.RoleInfo (RoleInfo.java:shutdownFollowerState(121)) - c26ca4bc-0f9c-4e92-8a42-1804f6f4046f: shutdown FollowerState
2019-06-12 22:37:19,829 INFO  impl.RaftServerImpl (RaftServerImpl.java:setRole(164)) - c26ca4bc-0f9c-4e92-8a42-1804f6f4046f:group-FF98BBD72860 changes role from FOLLOWER to CANDIDATE at term 0 for changeToCandidate
2019-06-12 22:37:19,830 INFO  impl.RoleInfo (RoleInfo.java:updateAndGet(143)) - c26ca4bc-0f9c-4e92-8a42-1804f6f4046f: start LeaderElection
2019-06-12 22:37:19,842 INFO  storage.RaftLogWorker (RaftLogWorker.java:execute(469)) - 4d39419c-cae3-4063-8850-de1ba7a76112-RaftLogWorker: created new log segment /opt/src/hadoop-ozone/integration-test/target/test-dir/MiniOzoneClusterImpl-a7f07da6-eaf7-45c6-b9b6-980b7bf56ee7/datanode-3/data/ratis/9fa41cb5-89ea-4f30-bba6-c27ff8cb2460/current/log_inprogress_0
]]></system-out>
    <system-err><![CDATA[ERROR StatusLogger No Log4j 2 configuration file found. Using default configuration (logging only errors to the console), or user programmatically provided configurations. Set system property 'log4j2.debug' to show Log4j 2 internal initialization logging. See https://logging.apache.org/log4j/2.x/manual/configuration.html for instructions on how to configure Log4j 2
Jun 12, 2019 10:37:13 PM com.sun.jersey.server.impl.application.WebApplicationImpl _initiate
INFO: Initiating Jersey application, version 'Jersey: 1.19 02/11/2015 03:25 AM'
Jun 12, 2019 10:37:13 PM com.sun.jersey.server.impl.application.WebApplicationImpl _initiate
INFO: Initiating Jersey application, version 'Jersey: 1.19 02/11/2015 03:25 AM'
Jun 12, 2019 10:37:14 PM com.sun.jersey.server.impl.application.WebApplicationImpl _initiate
INFO: Initiating Jersey application, version 'Jersey: 1.19 02/11/2015 03:25 AM'
Jun 12, 2019 10:37:14 PM com.sun.jersey.server.impl.application.WebApplicationImpl _initiate
INFO: Initiating Jersey application, version 'Jersey: 1.19 02/11/2015 03:25 AM'
Jun 12, 2019 10:37:14 PM com.sun.jersey.server.impl.application.WebApplicationImpl _initiate
INFO: Initiating Jersey application, version 'Jersey: 1.19 02/11/2015 03:25 AM'
Jun 12, 2019 10:37:14 PM com.sun.jersey.server.impl.application.WebApplicationImpl _initiate
INFO: Initiating Jersey application, version 'Jersey: 1.19 02/11/2015 03:25 AM'
]]></system-err>
  </testcase>
</testsuite>