<?xml version="1.0" encoding="UTF-8"?>
<testsuite xmlns:xsi="http://www.w3.org/2001/XMLSchema-instance" xsi:noNamespaceSchemaLocation="https://maven.apache.org/surefire/maven-surefire-plugin/xsd/surefire-test-report.xsd" name="org.apache.hadoop.hdds.scm.pipeline.TestNodeFailure" time="10.185" tests="1" errors="0" skipped="1" failures="0">
  <properties>
    <property name="awt.toolkit" value="sun.awt.X11.XToolkit"/>
    <property name="file.encoding.pkg" value="sun.io"/>
    <property name="java.specification.version" value="1.8"/>
    <property name="sun.cpu.isalist" value=""/>
    <property name="sun.jnu.encoding" value="UTF-8"/>
    <property name="java.class.path" value="/opt/src/hadoop-ozone/integration-test/target/test-classes:/opt/src/hadoop-ozone/integration-test/target/classes:/home/user/.m2/repository/org/apache/hadoop/hadoop-ozone-common/0.5.0-SNAPSHOT/hadoop-ozone-common-0.5.0-SNAPSHOT.jar:/home/user/.m2/repository/org/apache/commons/commons-compress/1.4.1/commons-compress-1.4.1.jar:/home/user/.m2/repository/org/tukaani/xz/1.0/xz-1.0.jar:/home/user/.m2/repository/org/apache/hadoop/hadoop-common/3.2.0/hadoop-common-3.2.0.jar:/home/user/.m2/repository/org/apache/hadoop/hadoop-hdfs/3.2.0/hadoop-hdfs-3.2.0.jar:/home/user/.m2/repository/org/apache/hadoop/hadoop-hdfs-client/3.2.0/hadoop-hdfs-client-3.2.0.jar:/home/user/.m2/repository/com/fasterxml/jackson/core/jackson-annotations/2.9.5/jackson-annotations-2.9.5.jar:/home/user/.m2/repository/org/apache/hadoop/hadoop-hdds-common/0.5.0-SNAPSHOT/hadoop-hdds-common-0.5.0-SNAPSHOT.jar:/home/user/.m2/repository/javax/annotation/javax.annotation-api/1.2/javax.annotation-api-1.2.jar:/home/user/.m2/repository/org/apache/ratis/ratis-server/0.4.0-fe2b15d-SNAPSHOT/ratis-server-0.4.0-fe2b15d-SNAPSHOT.jar:/home/user/.m2/repository/org/apache/ratis/ratis-thirdparty-misc/0.2.0/ratis-thirdparty-misc-0.2.0.jar:/home/user/.m2/repository/org/apache/ratis/ratis-proto/0.4.0-fe2b15d-SNAPSHOT/ratis-proto-0.4.0-fe2b15d-SNAPSHOT.jar:/home/user/.m2/repository/org/apache/ratis/ratis-common/0.4.0-fe2b15d-SNAPSHOT/ratis-common-0.4.0-fe2b15d-SNAPSHOT.jar:/home/user/.m2/repository/org/apache/ratis/ratis-client/0.4.0-fe2b15d-SNAPSHOT/ratis-client-0.4.0-fe2b15d-SNAPSHOT.jar:/home/user/.m2/repository/org/apache/ratis/ratis-netty/0.4.0-fe2b15d-SNAPSHOT/ratis-netty-0.4.0-fe2b15d-SNAPSHOT.jar:/home/user/.m2/repository/org/apache/ratis/ratis-grpc/0.4.0-fe2b15d-SNAPSHOT/ratis-grpc-0.4.0-fe2b15d-SNAPSHOT.jar:/home/user/.m2/repository/org/rocksdb/rocksdbjni/5.14.2/rocksdbjni-5.14.2.jar:/home/user/.m2/repository/org/apache/logging/log4j/log4j-api/2.11.0/log4j-api-2.11.0.jar:/home/user/.m2/repository/org/apache/logging/log4j/log4j-core/2.11.0/log4j-core-2.11.0.jar:/home/user/.m2/repository/com/lmax/disruptor/3.4.2/disruptor-3.4.2.jar:/home/user/.m2/repository/org/apache/commons/commons-pool2/2.6.0/commons-pool2-2.6.0.jar:/home/user/.m2/repository/org/bouncycastle/bcpkix-jdk15on/1.60/bcpkix-jdk15on-1.60.jar:/home/user/.m2/repository/commons-validator/commons-validator/1.6/commons-validator-1.6.jar:/home/user/.m2/repository/commons-digester/commons-digester/1.8.1/commons-digester-1.8.1.jar:/home/user/.m2/repository/io/jaegertracing/jaeger-client/0.33.1/jaeger-client-0.33.1.jar:/home/user/.m2/repository/io/jaegertracing/jaeger-thrift/0.33.1/jaeger-thrift-0.33.1.jar:/home/user/.m2/repository/org/apache/thrift/libthrift/0.11.0/libthrift-0.11.0.jar:/home/user/.m2/repository/com/squareup/okhttp3/okhttp/3.9.0/okhttp-3.9.0.jar:/home/user/.m2/repository/com/squareup/okio/okio/1.13.0/okio-1.13.0.jar:/home/user/.m2/repository/io/jaegertracing/jaeger-core/0.33.1/jaeger-core-0.33.1.jar:/home/user/.m2/repository/io/jaegertracing/jaeger-tracerresolver/0.33.1/jaeger-tracerresolver-0.33.1.jar:/home/user/.m2/repository/io/opentracing/contrib/opentracing-tracerresolver/0.1.5/opentracing-tracerresolver-0.1.5.jar:/home/user/.m2/repository/io/opentracing/opentracing-util/0.31.0/opentracing-util-0.31.0.jar:/home/user/.m2/repository/io/opentracing/opentracing-api/0.31.0/opentracing-api-0.31.0.jar:/home/user/.m2/repository/io/opentracing/opentracing-noop/0.31.0/opentracing-noop-0.31.0.jar:/home/user/.m2/repository/org/apache/hadoop/hadoop-hdds-server-framework/0.5.0-SNAPSHOT/hadoop-hdds-server-framework-0.5.0-SNAPSHOT.jar:/home/user/.m2/repository/org/apache/hadoop/hadoop-hdds-server-scm/0.5.0-SNAPSHOT/hadoop-hdds-server-scm-0.5.0-SNAPSHOT.jar:/home/user/.m2/repository/org/apache/hadoop/hadoop-hdds-container-service/0.5.0-SNAPSHOT/hadoop-hdds-container-service-0.5.0-SNAPSHOT.jar:/home/user/.m2/repository/org/apache/hadoop/hadoop-hdds-client/0.5.0-SNAPSHOT/hadoop-hdds-client-0.5.0-SNAPSHOT.jar:/home/user/.m2/repository/org/apache/hadoop/hadoop-hdds-tools/0.5.0-SNAPSHOT/hadoop-hdds-tools-0.5.0-SNAPSHOT.jar:/home/user/.m2/repository/org/apache/hadoop/hadoop-ozone-ozone-manager/0.5.0-SNAPSHOT/hadoop-ozone-ozone-manager-0.5.0-SNAPSHOT.jar:/home/user/.m2/repository/org/apache/hadoop/hadoop-hdds-docs/0.5.0-SNAPSHOT/hadoop-hdds-docs-0.5.0-SNAPSHOT.jar:/home/user/.m2/repository/org/bouncycastle/bcprov-jdk15on/1.60/bcprov-jdk15on-1.60.jar:/home/user/.m2/repository/org/apache/hadoop/hadoop-minikdc/3.2.0/hadoop-minikdc-3.2.0.jar:/home/user/.m2/repository/commons-io/commons-io/2.5/commons-io-2.5.jar:/home/user/.m2/repository/org/apache/kerby/kerb-simplekdc/1.0.1/kerb-simplekdc-1.0.1.jar:/home/user/.m2/repository/org/apache/kerby/kerb-client/1.0.1/kerb-client-1.0.1.jar:/home/user/.m2/repository/org/apache/kerby/kerby-config/1.0.1/kerby-config-1.0.1.jar:/home/user/.m2/repository/org/apache/kerby/kerb-core/1.0.1/kerb-core-1.0.1.jar:/home/user/.m2/repository/org/apache/kerby/kerby-pkix/1.0.1/kerby-pkix-1.0.1.jar:/home/user/.m2/repository/org/apache/kerby/kerby-asn1/1.0.1/kerby-asn1-1.0.1.jar:/home/user/.m2/repository/org/apache/kerby/kerby-util/1.0.1/kerby-util-1.0.1.jar:/home/user/.m2/repository/org/apache/kerby/kerb-common/1.0.1/kerb-common-1.0.1.jar:/home/user/.m2/repository/org/apache/kerby/kerb-crypto/1.0.1/kerb-crypto-1.0.1.jar:/home/user/.m2/repository/org/apache/kerby/kerb-util/1.0.1/kerb-util-1.0.1.jar:/home/user/.m2/repository/org/apache/kerby/token-provider/1.0.1/token-provider-1.0.1.jar:/home/user/.m2/repository/org/apache/kerby/kerb-admin/1.0.1/kerb-admin-1.0.1.jar:/home/user/.m2/repository/org/apache/kerby/kerb-server/1.0.1/kerb-server-1.0.1.jar:/home/user/.m2/repository/org/apache/kerby/kerb-identity/1.0.1/kerb-identity-1.0.1.jar:/home/user/.m2/repository/org/apache/kerby/kerby-xdr/1.0.1/kerby-xdr-1.0.1.jar:/home/user/.m2/repository/org/slf4j/slf4j-log4j12/1.7.25/slf4j-log4j12-1.7.25.jar:/home/user/.m2/repository/org/apache/hadoop/hadoop-ozone-objectstore-service/0.5.0-SNAPSHOT/hadoop-ozone-objectstore-service-0.5.0-SNAPSHOT.jar:/home/user/.m2/repository/org/apache/hadoop/hadoop-ozone-s3gateway/0.5.0-SNAPSHOT/hadoop-ozone-s3gateway-0.5.0-SNAPSHOT.jar:/home/user/.m2/repository/org/jboss/weld/servlet/weld-servlet/2.4.7.Final/weld-servlet-2.4.7.Final.jar:/home/user/.m2/repository/org/glassfish/jersey/containers/jersey-container-servlet-core/2.27/jersey-container-servlet-core-2.27.jar:/home/user/.m2/repository/org/glassfish/hk2/external/javax.inject/2.5.0-b42/javax.inject-2.5.0-b42.jar:/home/user/.m2/repository/org/glassfish/jersey/core/jersey-common/2.27/jersey-common-2.27.jar:/home/user/.m2/repository/org/glassfish/hk2/osgi-resource-locator/1.0.1/osgi-resource-locator-1.0.1.jar:/home/user/.m2/repository/javax/ws/rs/javax.ws.rs-api/2.1/javax.ws.rs-api-2.1.jar:/home/user/.m2/repository/org/glassfish/jersey/ext/cdi/jersey-cdi1x/2.27/jersey-cdi1x-2.27.jar:/home/user/.m2/repository/org/glassfish/jersey/inject/jersey-hk2/2.27/jersey-hk2-2.27.jar:/home/user/.m2/repository/org/glassfish/hk2/hk2-locator/2.5.0-b42/hk2-locator-2.5.0-b42.jar:/home/user/.m2/repository/org/javassist/javassist/3.22.0-CR2/javassist-3.22.0-CR2.jar:/home/user/.m2/repository/org/glassfish/hk2/hk2-api/2.5.0/hk2-api-2.5.0.jar:/home/user/.m2/repository/org/glassfish/hk2/external/jakarta.inject/2.5.0/jakarta.inject-2.5.0.jar:/home/user/.m2/repository/org/glassfish/hk2/hk2-utils/2.5.0/hk2-utils-2.5.0.jar:/home/user/.m2/repository/jakarta/annotation/jakarta.annotation-api/1.3.4/jakarta.annotation-api-1.3.4.jar:/home/user/.m2/repository/org/glassfish/hk2/external/aopalliance-repackaged/2.5.0/aopalliance-repackaged-2.5.0.jar:/home/user/.m2/repository/com/fasterxml/jackson/dataformat/jackson-dataformat-xml/2.9.0/jackson-dataformat-xml-2.9.0.jar:/home/user/.m2/repository/com/fasterxml/jackson/core/jackson-core/2.9.5/jackson-core-2.9.5.jar:/home/user/.m2/repository/com/fasterxml/jackson/module/jackson-module-jaxb-annotations/2.9.5/jackson-module-jaxb-annotations-2.9.5.jar:/home/user/.m2/repository/javax/enterprise/cdi-api/1.2/cdi-api-1.2.jar:/home/user/.m2/repository/javax/el/javax.el-api/3.0.0/javax.el-api-3.0.0.jar:/home/user/.m2/repository/javax/interceptor/javax.interceptor-api/1.2/javax.interceptor-api-1.2.jar:/home/user/.m2/repository/javax/inject/javax.inject/1/javax.inject-1.jar:/home/user/.m2/repository/com/sun/xml/bind/jaxb-impl/2.3.0.1/jaxb-impl-2.3.0.1.jar:/home/user/.m2/repository/com/sun/xml/bind/jaxb-core/2.3.0.1/jaxb-core-2.3.0.1.jar:/home/user/.m2/repository/javax/xml/bind/jaxb-api/2.3.0/jaxb-api-2.3.0.jar:/home/user/.m2/repository/javax/activation/activation/1.1.1/activation-1.1.1.jar:/home/user/.m2/repository/org/apache/hadoop/hadoop-ozone-csi/0.5.0-SNAPSHOT/hadoop-ozone-csi-0.5.0-SNAPSHOT.jar:/home/user/.m2/repository/com/google/protobuf/protobuf-java-util/3.5.1/protobuf-java-util-3.5.1.jar:/home/user/.m2/repository/org/apache/hadoop/hadoop-hdds-config/0.5.0-SNAPSHOT/hadoop-hdds-config-0.5.0-SNAPSHOT.jar:/home/user/.m2/repository/com/google/guava/guava/11.0.2/guava-11.0.2.jar:/home/user/.m2/repository/com/google/protobuf/protobuf-java/2.5.0/protobuf-java-2.5.0.jar:/home/user/.m2/repository/io/grpc/grpc-netty/1.17.1/grpc-netty-1.17.1.jar:/home/user/.m2/repository/io/grpc/grpc-core/1.17.1/grpc-core-1.17.1.jar:/home/user/.m2/repository/io/grpc/grpc-context/1.17.1/grpc-context-1.17.1.jar:/home/user/.m2/repository/com/google/errorprone/error_prone_annotations/2.2.0/error_prone_annotations-2.2.0.jar:/home/user/.m2/repository/org/codehaus/mojo/animal-sniffer-annotations/1.17/animal-sniffer-annotations-1.17.jar:/home/user/.m2/repository/io/opencensus/opencensus-api/0.17.0/opencensus-api-0.17.0.jar:/home/user/.m2/repository/io/opencensus/opencensus-contrib-grpc-metrics/0.17.0/opencensus-contrib-grpc-metrics-0.17.0.jar:/home/user/.m2/repository/io/netty/netty-codec-http2/4.1.30.Final/netty-codec-http2-4.1.30.Final.jar:/home/user/.m2/repository/io/netty/netty-codec-http/4.1.30.Final/netty-codec-http-4.1.30.Final.jar:/home/user/.m2/repository/io/netty/netty-codec/4.1.30.Final/netty-codec-4.1.30.Final.jar:/home/user/.m2/repository/io/netty/netty-handler/4.1.30.Final/netty-handler-4.1.30.Final.jar:/home/user/.m2/repository/io/netty/netty-handler-proxy/4.1.30.Final/netty-handler-proxy-4.1.30.Final.jar:/home/user/.m2/repository/io/netty/netty-codec-socks/4.1.30.Final/netty-codec-socks-4.1.30.Final.jar:/home/user/.m2/repository/io/netty/netty-transport-native-epoll/4.1.30.Final/netty-transport-native-epoll-4.1.30.Final.jar:/home/user/.m2/repository/io/netty/netty-common/4.1.30.Final/netty-common-4.1.30.Final.jar:/home/user/.m2/repository/io/netty/netty-buffer/4.1.30.Final/netty-buffer-4.1.30.Final.jar:/home/user/.m2/repository/io/netty/netty-transport/4.1.30.Final/netty-transport-4.1.30.Final.jar:/home/user/.m2/repository/io/netty/netty-resolver/4.1.30.Final/netty-resolver-4.1.30.Final.jar:/home/user/.m2/repository/io/netty/netty-transport-native-unix-common/4.1.30.Final/netty-transport-native-unix-common-4.1.30.Final.jar:/home/user/.m2/repository/io/grpc/grpc-protobuf/1.17.1/grpc-protobuf-1.17.1.jar:/home/user/.m2/repository/com/google/api/grpc/proto-google-common-protos/1.0.0/proto-google-common-protos-1.0.0.jar:/home/user/.m2/repository/io/grpc/grpc-protobuf-lite/1.17.1/grpc-protobuf-lite-1.17.1.jar:/home/user/.m2/repository/io/grpc/grpc-stub/1.17.1/grpc-stub-1.17.1.jar:/home/user/.m2/repository/org/apache/hadoop/hadoop-ozone-recon/0.5.0-SNAPSHOT/hadoop-ozone-recon-0.5.0-SNAPSHOT.jar:/home/user/.m2/repository/org/apache/hadoop/hadoop-ozone-reconcodegen/0.5.0-SNAPSHOT/hadoop-ozone-reconcodegen-0.5.0-SNAPSHOT.jar:/home/user/.m2/repository/com/google/inject/extensions/guice-multibindings/4.0/guice-multibindings-4.0.jar:/home/user/.m2/repository/com/google/inject/guice/4.0/guice-4.0.jar:/home/user/.m2/repository/aopalliance/aopalliance/1.0/aopalliance-1.0.jar:/home/user/.m2/repository/com/google/inject/extensions/guice-servlet/4.0/guice-servlet-4.0.jar:/home/user/.m2/repository/org/glassfish/jersey/containers/jersey-container-servlet/2.27/jersey-container-servlet-2.27.jar:/home/user/.m2/repository/org/glassfish/hk2/guice-bridge/2.5.0/guice-bridge-2.5.0.jar:/home/user/.m2/repository/org/glassfish/jersey/core/jersey-server/2.27/jersey-server-2.27.jar:/home/user/.m2/repository/org/glassfish/jersey/core/jersey-client/2.27/jersey-client-2.27.jar:/home/user/.m2/repository/org/glassfish/jersey/media/jersey-media-jaxb/2.27/jersey-media-jaxb-2.27.jar:/home/user/.m2/repository/javax/validation/validation-api/1.1.0.Final/validation-api-1.1.0.Final.jar:/home/user/.m2/repository/org/glassfish/jersey/media/jersey-media-json-jackson/2.27/jersey-media-json-jackson-2.27.jar:/home/user/.m2/repository/org/glassfish/jersey/ext/jersey-entity-filtering/2.27/jersey-entity-filtering-2.27.jar:/home/user/.m2/repository/com/google/inject/extensions/guice-assistedinject/4.0/guice-assistedinject-4.0.jar:/home/user/.m2/repository/org/jooq/jooq/3.11.10/jooq-3.11.10.jar:/home/user/.m2/repository/org/jooq/jooq-meta/3.11.10/jooq-meta-3.11.10.jar:/home/user/.m2/repository/org/jooq/jooq-codegen/3.11.10/jooq-codegen-3.11.10.jar:/home/user/.m2/repository/com/jolbox/bonecp/0.8.0.RELEASE/bonecp-0.8.0.RELEASE.jar:/home/user/.m2/repository/org/xerial/sqlite-jdbc/3.25.2/sqlite-jdbc-3.25.2.jar:/home/user/.m2/repository/org/springframework/spring-jdbc/5.1.3.RELEASE/spring-jdbc-5.1.3.RELEASE.jar:/home/user/.m2/repository/org/springframework/spring-beans/5.1.3.RELEASE/spring-beans-5.1.3.RELEASE.jar:/home/user/.m2/repository/org/springframework/spring-core/5.1.3.RELEASE/spring-core-5.1.3.RELEASE.jar:/home/user/.m2/repository/org/springframework/spring-jcl/5.1.3.RELEASE/spring-jcl-5.1.3.RELEASE.jar:/home/user/.m2/repository/org/springframework/spring-tx/5.1.3.RELEASE/spring-tx-5.1.3.RELEASE.jar:/home/user/.m2/repository/org/apache/hadoop/hadoop-ozone-client/0.5.0-SNAPSHOT/hadoop-ozone-client-0.5.0-SNAPSHOT.jar:/home/user/.m2/repository/org/apache/hadoop/hadoop-ozone-ozone-manager/0.5.0-SNAPSHOT/hadoop-ozone-ozone-manager-0.5.0-SNAPSHOT-tests.jar:/home/user/.m2/repository/junit/junit/4.11/junit-4.11.jar:/home/user/.m2/repository/org/hamcrest/hamcrest-core/1.3/hamcrest-core-1.3.jar:/home/user/.m2/repository/org/openjdk/jmh/jmh-core/1.19/jmh-core-1.19.jar:/home/user/.m2/repository/net/sf/jopt-simple/jopt-simple/4.6/jopt-simple-4.6.jar:/home/user/.m2/repository/org/apache/commons/commons-math3/3.1.1/commons-math3-3.1.1.jar:/home/user/.m2/repository/org/openjdk/jmh/jmh-generator-annprocess/1.19/jmh-generator-annprocess-1.19.jar:/home/user/.m2/repository/org/mockito/mockito-all/1.8.5/mockito-all-1.8.5.jar:/home/user/.m2/repository/org/apache/hadoop/hadoop-kms/3.2.0/hadoop-kms-3.2.0.jar:/home/user/.m2/repository/org/apache/hadoop/hadoop-auth/3.2.0/hadoop-auth-3.2.0.jar:/home/user/.m2/repository/com/nimbusds/nimbus-jose-jwt/4.41.1/nimbus-jose-jwt-4.41.1.jar:/home/user/.m2/repository/com/github/stephenc/jcip/jcip-annotations/1.0-1/jcip-annotations-1.0-1.jar:/home/user/.m2/repository/net/minidev/json-smart/2.3/json-smart-2.3.jar:/home/user/.m2/repository/net/minidev/accessors-smart/1.2/accessors-smart-1.2.jar:/home/user/.m2/repository/org/ow2/asm/asm/5.0.4/asm-5.0.4.jar:/home/user/.m2/repository/org/apache/curator/curator-framework/2.12.0/curator-framework-2.12.0.jar:/home/user/.m2/repository/com/sun/jersey/jersey-core/1.19/jersey-core-1.19.jar:/home/user/.m2/repository/javax/ws/rs/jsr311-api/1.1.1/jsr311-api-1.1.1.jar:/home/user/.m2/repository/com/sun/jersey/jersey-server/1.19/jersey-server-1.19.jar:/home/user/.m2/repository/javax/servlet/javax.servlet-api/3.1.0/javax.servlet-api-3.1.0.jar:/home/user/.m2/repository/org/eclipse/jetty/jetty-server/9.3.24.v20180605/jetty-server-9.3.24.v20180605.jar:/home/user/.m2/repository/org/eclipse/jetty/jetty-http/9.3.24.v20180605/jetty-http-9.3.24.v20180605.jar:/home/user/.m2/repository/org/eclipse/jetty/jetty-io/9.3.24.v20180605/jetty-io-9.3.24.v20180605.jar:/home/user/.m2/repository/org/eclipse/jetty/jetty-webapp/9.3.24.v20180605/jetty-webapp-9.3.24.v20180605.jar:/home/user/.m2/repository/org/eclipse/jetty/jetty-xml/9.3.24.v20180605/jetty-xml-9.3.24.v20180605.jar:/home/user/.m2/repository/log4j/log4j/1.2.17/log4j-1.2.17.jar:/home/user/.m2/repository/org/slf4j/slf4j-api/1.7.25/slf4j-api-1.7.25.jar:/home/user/.m2/repository/org/slf4j/jul-to-slf4j/1.7.25/jul-to-slf4j-1.7.25.jar:/home/user/.m2/repository/org/eclipse/jetty/jetty-util/9.3.24.v20180605/jetty-util-9.3.24.v20180605.jar:/home/user/.m2/repository/io/dropwizard/metrics/metrics-core/3.2.4/metrics-core-3.2.4.jar:/home/user/.m2/repository/com/fasterxml/jackson/core/jackson-databind/2.9.5/jackson-databind-2.9.5.jar:/home/user/.m2/repository/org/apache/hadoop/hadoop-kms/3.2.0/hadoop-kms-3.2.0-tests.jar:/home/user/.m2/repository/org/apache/hadoop/hadoop-hdds-server-scm/0.5.0-SNAPSHOT/hadoop-hdds-server-scm-0.5.0-SNAPSHOT-tests.jar:/home/user/.m2/repository/org/hamcrest/hamcrest-all/1.3/hamcrest-all-1.3.jar:/home/user/.m2/repository/info/picocli/picocli/3.9.6/picocli-3.9.6.jar:/home/user/.m2/repository/org/apache/hadoop/hadoop-hdds-container-service/0.5.0-SNAPSHOT/hadoop-hdds-container-service-0.5.0-SNAPSHOT-tests.jar:/home/user/.m2/repository/org/yaml/snakeyaml/1.16/snakeyaml-1.16.jar:/home/user/.m2/repository/org/apache/hadoop/hadoop-common/3.2.0/hadoop-common-3.2.0-tests.jar:/home/user/.m2/repository/org/apache/hadoop/hadoop-annotations/3.2.0/hadoop-annotations-3.2.0.jar:/usr/lib/jvm/java-1.8-openjdk/jre/../lib/tools.jar:/home/user/.m2/repository/commons-cli/commons-cli/1.2/commons-cli-1.2.jar:/home/user/.m2/repository/org/apache/httpcomponents/httpclient/4.5.2/httpclient-4.5.2.jar:/home/user/.m2/repository/org/apache/httpcomponents/httpcore/4.4.4/httpcore-4.4.4.jar:/home/user/.m2/repository/commons-codec/commons-codec/1.11/commons-codec-1.11.jar:/home/user/.m2/repository/commons-net/commons-net/3.6/commons-net-3.6.jar:/home/user/.m2/repository/commons-collections/commons-collections/3.2.2/commons-collections-3.2.2.jar:/home/user/.m2/repository/org/eclipse/jetty/jetty-servlet/9.3.24.v20180605/jetty-servlet-9.3.24.v20180605.jar:/home/user/.m2/repository/org/eclipse/jetty/jetty-security/9.3.24.v20180605/jetty-security-9.3.24.v20180605.jar:/home/user/.m2/repository/javax/servlet/jsp/jsp-api/2.1/jsp-api-2.1.jar:/home/user/.m2/repository/com/sun/jersey/jersey-servlet/1.19/jersey-servlet-1.19.jar:/home/user/.m2/repository/com/sun/jersey/jersey-json/1.19/jersey-json-1.19.jar:/home/user/.m2/repository/org/codehaus/jettison/jettison/1.1/jettison-1.1.jar:/home/user/.m2/repository/org/codehaus/jackson/jackson-core-asl/1.9.13/jackson-core-asl-1.9.13.jar:/home/user/.m2/repository/org/codehaus/jackson/jackson-mapper-asl/1.9.13/jackson-mapper-asl-1.9.13.jar:/home/user/.m2/repository/org/codehaus/jackson/jackson-jaxrs/1.9.13/jackson-jaxrs-1.9.13.jar:/home/user/.m2/repository/org/codehaus/jackson/jackson-xc/1.9.13/jackson-xc-1.9.13.jar:/home/user/.m2/repository/commons-logging/commons-logging/1.1.3/commons-logging-1.1.3.jar:/home/user/.m2/repository/commons-beanutils/commons-beanutils/1.9.3/commons-beanutils-1.9.3.jar:/home/user/.m2/repository/org/apache/commons/commons-configuration2/2.1.1/commons-configuration2-2.1.1.jar:/home/user/.m2/repository/org/apache/commons/commons-lang3/3.7/commons-lang3-3.7.jar:/home/user/.m2/repository/org/apache/commons/commons-text/1.4/commons-text-1.4.jar:/home/user/.m2/repository/org/apache/avro/avro/1.7.7/avro-1.7.7.jar:/home/user/.m2/repository/com/thoughtworks/paranamer/paranamer/2.3/paranamer-2.3.jar:/home/user/.m2/repository/org/xerial/snappy/snappy-java/1.0.5/snappy-java-1.0.5.jar:/home/user/.m2/repository/com/google/re2j/re2j/1.1/re2j-1.1.jar:/home/user/.m2/repository/com/google/code/gson/gson/2.2.4/gson-2.2.4.jar:/home/user/.m2/repository/com/jcraft/jsch/0.1.54/jsch-0.1.54.jar:/home/user/.m2/repository/org/apache/curator/curator-client/2.12.0/curator-client-2.12.0.jar:/home/user/.m2/repository/org/apache/curator/curator-recipes/2.12.0/curator-recipes-2.12.0.jar:/home/user/.m2/repository/com/google/code/findbugs/jsr305/3.0.0/jsr305-3.0.0.jar:/home/user/.m2/repository/org/apache/htrace/htrace-core4/4.1.0-incubating/htrace-core4-4.1.0-incubating.jar:/home/user/.m2/repository/org/apache/zookeeper/zookeeper/3.4.13/zookeeper-3.4.13.jar:/home/user/.m2/repository/org/apache/yetus/audience-annotations/0.5.0/audience-annotations-0.5.0.jar:/home/user/.m2/repository/org/codehaus/woodstox/stax2-api/3.1.4/stax2-api-3.1.4.jar:/home/user/.m2/repository/com/fasterxml/woodstox/woodstox-core/5.0.3/woodstox-core-5.0.3.jar:/home/user/.m2/repository/dnsjava/dnsjava/2.1.7/dnsjava-2.1.7.jar:/home/user/.m2/repository/org/apache/hadoop/hadoop-hdfs/3.2.0/hadoop-hdfs-3.2.0-tests.jar:/home/user/.m2/repository/org/eclipse/jetty/jetty-util-ajax/9.3.24.v20180605/jetty-util-ajax-9.3.24.v20180605.jar:/home/user/.m2/repository/commons-daemon/commons-daemon/1.0.13/commons-daemon-1.0.13.jar:/home/user/.m2/repository/io/netty/netty/3.10.5.Final/netty-3.10.5.Final.jar:/home/user/.m2/repository/io/netty/netty-all/4.0.52.Final/netty-all-4.0.52.Final.jar:/home/user/.m2/repository/org/fusesource/leveldbjni/leveldbjni-all/1.8/leveldbjni-all-1.8.jar:"/>
    <property name="java.vm.vendor" value="IcedTea"/>
    <property name="sun.arch.data.model" value="64"/>
    <property name="test.build.dir" value="/opt/src/hadoop-ozone/integration-test/target/test-dir"/>
    <property name="test.cache.data" value=""/>
    <property name="java.vendor.url" value="https://icedtea.classpath.org"/>
    <property name="user.timezone" value=""/>
    <property name="java.vm.specification.version" value="1.8"/>
    <property name="os.name" value="Linux"/>
    <property name="test.build.data" value="/opt/src/hadoop-ozone/integration-test/target/test-dir"/>
    <property name="user.country" value="US"/>
    <property name="sun.java.launcher" value="SUN_STANDARD"/>
    <property name="sun.boot.library.path" value="/usr/lib/jvm/java-1.8-openjdk/jre/lib/amd64"/>
    <property name="sun.java.command" value="/opt/src/hadoop-ozone/integration-test/target/surefire/surefirebooter3941870627513107321.jar /opt/src/hadoop-ozone/integration-test/target/surefire 2019-06-15T08-12-08_658-jvmRun1 surefire6040992547814664159tmp surefire_88165120966643269068tmp"/>
    <property name="surefire.test.class.path" value="/opt/src/hadoop-ozone/integration-test/target/test-classes:/opt/src/hadoop-ozone/integration-test/target/classes:/home/user/.m2/repository/org/apache/hadoop/hadoop-ozone-common/0.5.0-SNAPSHOT/hadoop-ozone-common-0.5.0-SNAPSHOT.jar:/home/user/.m2/repository/org/apache/commons/commons-compress/1.4.1/commons-compress-1.4.1.jar:/home/user/.m2/repository/org/tukaani/xz/1.0/xz-1.0.jar:/home/user/.m2/repository/org/apache/hadoop/hadoop-common/3.2.0/hadoop-common-3.2.0.jar:/home/user/.m2/repository/org/apache/hadoop/hadoop-hdfs/3.2.0/hadoop-hdfs-3.2.0.jar:/home/user/.m2/repository/org/apache/hadoop/hadoop-hdfs-client/3.2.0/hadoop-hdfs-client-3.2.0.jar:/home/user/.m2/repository/com/fasterxml/jackson/core/jackson-annotations/2.9.5/jackson-annotations-2.9.5.jar:/home/user/.m2/repository/org/apache/hadoop/hadoop-hdds-common/0.5.0-SNAPSHOT/hadoop-hdds-common-0.5.0-SNAPSHOT.jar:/home/user/.m2/repository/javax/annotation/javax.annotation-api/1.2/javax.annotation-api-1.2.jar:/home/user/.m2/repository/org/apache/ratis/ratis-server/0.4.0-fe2b15d-SNAPSHOT/ratis-server-0.4.0-fe2b15d-SNAPSHOT.jar:/home/user/.m2/repository/org/apache/ratis/ratis-thirdparty-misc/0.2.0/ratis-thirdparty-misc-0.2.0.jar:/home/user/.m2/repository/org/apache/ratis/ratis-proto/0.4.0-fe2b15d-SNAPSHOT/ratis-proto-0.4.0-fe2b15d-SNAPSHOT.jar:/home/user/.m2/repository/org/apache/ratis/ratis-common/0.4.0-fe2b15d-SNAPSHOT/ratis-common-0.4.0-fe2b15d-SNAPSHOT.jar:/home/user/.m2/repository/org/apache/ratis/ratis-client/0.4.0-fe2b15d-SNAPSHOT/ratis-client-0.4.0-fe2b15d-SNAPSHOT.jar:/home/user/.m2/repository/org/apache/ratis/ratis-netty/0.4.0-fe2b15d-SNAPSHOT/ratis-netty-0.4.0-fe2b15d-SNAPSHOT.jar:/home/user/.m2/repository/org/apache/ratis/ratis-grpc/0.4.0-fe2b15d-SNAPSHOT/ratis-grpc-0.4.0-fe2b15d-SNAPSHOT.jar:/home/user/.m2/repository/org/rocksdb/rocksdbjni/5.14.2/rocksdbjni-5.14.2.jar:/home/user/.m2/repository/org/apache/logging/log4j/log4j-api/2.11.0/log4j-api-2.11.0.jar:/home/user/.m2/repository/org/apache/logging/log4j/log4j-core/2.11.0/log4j-core-2.11.0.jar:/home/user/.m2/repository/com/lmax/disruptor/3.4.2/disruptor-3.4.2.jar:/home/user/.m2/repository/org/apache/commons/commons-pool2/2.6.0/commons-pool2-2.6.0.jar:/home/user/.m2/repository/org/bouncycastle/bcpkix-jdk15on/1.60/bcpkix-jdk15on-1.60.jar:/home/user/.m2/repository/commons-validator/commons-validator/1.6/commons-validator-1.6.jar:/home/user/.m2/repository/commons-digester/commons-digester/1.8.1/commons-digester-1.8.1.jar:/home/user/.m2/repository/io/jaegertracing/jaeger-client/0.33.1/jaeger-client-0.33.1.jar:/home/user/.m2/repository/io/jaegertracing/jaeger-thrift/0.33.1/jaeger-thrift-0.33.1.jar:/home/user/.m2/repository/org/apache/thrift/libthrift/0.11.0/libthrift-0.11.0.jar:/home/user/.m2/repository/com/squareup/okhttp3/okhttp/3.9.0/okhttp-3.9.0.jar:/home/user/.m2/repository/com/squareup/okio/okio/1.13.0/okio-1.13.0.jar:/home/user/.m2/repository/io/jaegertracing/jaeger-core/0.33.1/jaeger-core-0.33.1.jar:/home/user/.m2/repository/io/jaegertracing/jaeger-tracerresolver/0.33.1/jaeger-tracerresolver-0.33.1.jar:/home/user/.m2/repository/io/opentracing/contrib/opentracing-tracerresolver/0.1.5/opentracing-tracerresolver-0.1.5.jar:/home/user/.m2/repository/io/opentracing/opentracing-util/0.31.0/opentracing-util-0.31.0.jar:/home/user/.m2/repository/io/opentracing/opentracing-api/0.31.0/opentracing-api-0.31.0.jar:/home/user/.m2/repository/io/opentracing/opentracing-noop/0.31.0/opentracing-noop-0.31.0.jar:/home/user/.m2/repository/org/apache/hadoop/hadoop-hdds-server-framework/0.5.0-SNAPSHOT/hadoop-hdds-server-framework-0.5.0-SNAPSHOT.jar:/home/user/.m2/repository/org/apache/hadoop/hadoop-hdds-server-scm/0.5.0-SNAPSHOT/hadoop-hdds-server-scm-0.5.0-SNAPSHOT.jar:/home/user/.m2/repository/org/apache/hadoop/hadoop-hdds-container-service/0.5.0-SNAPSHOT/hadoop-hdds-container-service-0.5.0-SNAPSHOT.jar:/home/user/.m2/repository/org/apache/hadoop/hadoop-hdds-client/0.5.0-SNAPSHOT/hadoop-hdds-client-0.5.0-SNAPSHOT.jar:/home/user/.m2/repository/org/apache/hadoop/hadoop-hdds-tools/0.5.0-SNAPSHOT/hadoop-hdds-tools-0.5.0-SNAPSHOT.jar:/home/user/.m2/repository/org/apache/hadoop/hadoop-ozone-ozone-manager/0.5.0-SNAPSHOT/hadoop-ozone-ozone-manager-0.5.0-SNAPSHOT.jar:/home/user/.m2/repository/org/apache/hadoop/hadoop-hdds-docs/0.5.0-SNAPSHOT/hadoop-hdds-docs-0.5.0-SNAPSHOT.jar:/home/user/.m2/repository/org/bouncycastle/bcprov-jdk15on/1.60/bcprov-jdk15on-1.60.jar:/home/user/.m2/repository/org/apache/hadoop/hadoop-minikdc/3.2.0/hadoop-minikdc-3.2.0.jar:/home/user/.m2/repository/commons-io/commons-io/2.5/commons-io-2.5.jar:/home/user/.m2/repository/org/apache/kerby/kerb-simplekdc/1.0.1/kerb-simplekdc-1.0.1.jar:/home/user/.m2/repository/org/apache/kerby/kerb-client/1.0.1/kerb-client-1.0.1.jar:/home/user/.m2/repository/org/apache/kerby/kerby-config/1.0.1/kerby-config-1.0.1.jar:/home/user/.m2/repository/org/apache/kerby/kerb-core/1.0.1/kerb-core-1.0.1.jar:/home/user/.m2/repository/org/apache/kerby/kerby-pkix/1.0.1/kerby-pkix-1.0.1.jar:/home/user/.m2/repository/org/apache/kerby/kerby-asn1/1.0.1/kerby-asn1-1.0.1.jar:/home/user/.m2/repository/org/apache/kerby/kerby-util/1.0.1/kerby-util-1.0.1.jar:/home/user/.m2/repository/org/apache/kerby/kerb-common/1.0.1/kerb-common-1.0.1.jar:/home/user/.m2/repository/org/apache/kerby/kerb-crypto/1.0.1/kerb-crypto-1.0.1.jar:/home/user/.m2/repository/org/apache/kerby/kerb-util/1.0.1/kerb-util-1.0.1.jar:/home/user/.m2/repository/org/apache/kerby/token-provider/1.0.1/token-provider-1.0.1.jar:/home/user/.m2/repository/org/apache/kerby/kerb-admin/1.0.1/kerb-admin-1.0.1.jar:/home/user/.m2/repository/org/apache/kerby/kerb-server/1.0.1/kerb-server-1.0.1.jar:/home/user/.m2/repository/org/apache/kerby/kerb-identity/1.0.1/kerb-identity-1.0.1.jar:/home/user/.m2/repository/org/apache/kerby/kerby-xdr/1.0.1/kerby-xdr-1.0.1.jar:/home/user/.m2/repository/org/slf4j/slf4j-log4j12/1.7.25/slf4j-log4j12-1.7.25.jar:/home/user/.m2/repository/org/apache/hadoop/hadoop-ozone-objectstore-service/0.5.0-SNAPSHOT/hadoop-ozone-objectstore-service-0.5.0-SNAPSHOT.jar:/home/user/.m2/repository/org/apache/hadoop/hadoop-ozone-s3gateway/0.5.0-SNAPSHOT/hadoop-ozone-s3gateway-0.5.0-SNAPSHOT.jar:/home/user/.m2/repository/org/jboss/weld/servlet/weld-servlet/2.4.7.Final/weld-servlet-2.4.7.Final.jar:/home/user/.m2/repository/org/glassfish/jersey/containers/jersey-container-servlet-core/2.27/jersey-container-servlet-core-2.27.jar:/home/user/.m2/repository/org/glassfish/hk2/external/javax.inject/2.5.0-b42/javax.inject-2.5.0-b42.jar:/home/user/.m2/repository/org/glassfish/jersey/core/jersey-common/2.27/jersey-common-2.27.jar:/home/user/.m2/repository/org/glassfish/hk2/osgi-resource-locator/1.0.1/osgi-resource-locator-1.0.1.jar:/home/user/.m2/repository/javax/ws/rs/javax.ws.rs-api/2.1/javax.ws.rs-api-2.1.jar:/home/user/.m2/repository/org/glassfish/jersey/ext/cdi/jersey-cdi1x/2.27/jersey-cdi1x-2.27.jar:/home/user/.m2/repository/org/glassfish/jersey/inject/jersey-hk2/2.27/jersey-hk2-2.27.jar:/home/user/.m2/repository/org/glassfish/hk2/hk2-locator/2.5.0-b42/hk2-locator-2.5.0-b42.jar:/home/user/.m2/repository/org/javassist/javassist/3.22.0-CR2/javassist-3.22.0-CR2.jar:/home/user/.m2/repository/org/glassfish/hk2/hk2-api/2.5.0/hk2-api-2.5.0.jar:/home/user/.m2/repository/org/glassfish/hk2/external/jakarta.inject/2.5.0/jakarta.inject-2.5.0.jar:/home/user/.m2/repository/org/glassfish/hk2/hk2-utils/2.5.0/hk2-utils-2.5.0.jar:/home/user/.m2/repository/jakarta/annotation/jakarta.annotation-api/1.3.4/jakarta.annotation-api-1.3.4.jar:/home/user/.m2/repository/org/glassfish/hk2/external/aopalliance-repackaged/2.5.0/aopalliance-repackaged-2.5.0.jar:/home/user/.m2/repository/com/fasterxml/jackson/dataformat/jackson-dataformat-xml/2.9.0/jackson-dataformat-xml-2.9.0.jar:/home/user/.m2/repository/com/fasterxml/jackson/core/jackson-core/2.9.5/jackson-core-2.9.5.jar:/home/user/.m2/repository/com/fasterxml/jackson/module/jackson-module-jaxb-annotations/2.9.5/jackson-module-jaxb-annotations-2.9.5.jar:/home/user/.m2/repository/javax/enterprise/cdi-api/1.2/cdi-api-1.2.jar:/home/user/.m2/repository/javax/el/javax.el-api/3.0.0/javax.el-api-3.0.0.jar:/home/user/.m2/repository/javax/interceptor/javax.interceptor-api/1.2/javax.interceptor-api-1.2.jar:/home/user/.m2/repository/javax/inject/javax.inject/1/javax.inject-1.jar:/home/user/.m2/repository/com/sun/xml/bind/jaxb-impl/2.3.0.1/jaxb-impl-2.3.0.1.jar:/home/user/.m2/repository/com/sun/xml/bind/jaxb-core/2.3.0.1/jaxb-core-2.3.0.1.jar:/home/user/.m2/repository/javax/xml/bind/jaxb-api/2.3.0/jaxb-api-2.3.0.jar:/home/user/.m2/repository/javax/activation/activation/1.1.1/activation-1.1.1.jar:/home/user/.m2/repository/org/apache/hadoop/hadoop-ozone-csi/0.5.0-SNAPSHOT/hadoop-ozone-csi-0.5.0-SNAPSHOT.jar:/home/user/.m2/repository/com/google/protobuf/protobuf-java-util/3.5.1/protobuf-java-util-3.5.1.jar:/home/user/.m2/repository/org/apache/hadoop/hadoop-hdds-config/0.5.0-SNAPSHOT/hadoop-hdds-config-0.5.0-SNAPSHOT.jar:/home/user/.m2/repository/com/google/guava/guava/11.0.2/guava-11.0.2.jar:/home/user/.m2/repository/com/google/protobuf/protobuf-java/2.5.0/protobuf-java-2.5.0.jar:/home/user/.m2/repository/io/grpc/grpc-netty/1.17.1/grpc-netty-1.17.1.jar:/home/user/.m2/repository/io/grpc/grpc-core/1.17.1/grpc-core-1.17.1.jar:/home/user/.m2/repository/io/grpc/grpc-context/1.17.1/grpc-context-1.17.1.jar:/home/user/.m2/repository/com/google/errorprone/error_prone_annotations/2.2.0/error_prone_annotations-2.2.0.jar:/home/user/.m2/repository/org/codehaus/mojo/animal-sniffer-annotations/1.17/animal-sniffer-annotations-1.17.jar:/home/user/.m2/repository/io/opencensus/opencensus-api/0.17.0/opencensus-api-0.17.0.jar:/home/user/.m2/repository/io/opencensus/opencensus-contrib-grpc-metrics/0.17.0/opencensus-contrib-grpc-metrics-0.17.0.jar:/home/user/.m2/repository/io/netty/netty-codec-http2/4.1.30.Final/netty-codec-http2-4.1.30.Final.jar:/home/user/.m2/repository/io/netty/netty-codec-http/4.1.30.Final/netty-codec-http-4.1.30.Final.jar:/home/user/.m2/repository/io/netty/netty-codec/4.1.30.Final/netty-codec-4.1.30.Final.jar:/home/user/.m2/repository/io/netty/netty-handler/4.1.30.Final/netty-handler-4.1.30.Final.jar:/home/user/.m2/repository/io/netty/netty-handler-proxy/4.1.30.Final/netty-handler-proxy-4.1.30.Final.jar:/home/user/.m2/repository/io/netty/netty-codec-socks/4.1.30.Final/netty-codec-socks-4.1.30.Final.jar:/home/user/.m2/repository/io/netty/netty-transport-native-epoll/4.1.30.Final/netty-transport-native-epoll-4.1.30.Final.jar:/home/user/.m2/repository/io/netty/netty-common/4.1.30.Final/netty-common-4.1.30.Final.jar:/home/user/.m2/repository/io/netty/netty-buffer/4.1.30.Final/netty-buffer-4.1.30.Final.jar:/home/user/.m2/repository/io/netty/netty-transport/4.1.30.Final/netty-transport-4.1.30.Final.jar:/home/user/.m2/repository/io/netty/netty-resolver/4.1.30.Final/netty-resolver-4.1.30.Final.jar:/home/user/.m2/repository/io/netty/netty-transport-native-unix-common/4.1.30.Final/netty-transport-native-unix-common-4.1.30.Final.jar:/home/user/.m2/repository/io/grpc/grpc-protobuf/1.17.1/grpc-protobuf-1.17.1.jar:/home/user/.m2/repository/com/google/api/grpc/proto-google-common-protos/1.0.0/proto-google-common-protos-1.0.0.jar:/home/user/.m2/repository/io/grpc/grpc-protobuf-lite/1.17.1/grpc-protobuf-lite-1.17.1.jar:/home/user/.m2/repository/io/grpc/grpc-stub/1.17.1/grpc-stub-1.17.1.jar:/home/user/.m2/repository/org/apache/hadoop/hadoop-ozone-recon/0.5.0-SNAPSHOT/hadoop-ozone-recon-0.5.0-SNAPSHOT.jar:/home/user/.m2/repository/org/apache/hadoop/hadoop-ozone-reconcodegen/0.5.0-SNAPSHOT/hadoop-ozone-reconcodegen-0.5.0-SNAPSHOT.jar:/home/user/.m2/repository/com/google/inject/extensions/guice-multibindings/4.0/guice-multibindings-4.0.jar:/home/user/.m2/repository/com/google/inject/guice/4.0/guice-4.0.jar:/home/user/.m2/repository/aopalliance/aopalliance/1.0/aopalliance-1.0.jar:/home/user/.m2/repository/com/google/inject/extensions/guice-servlet/4.0/guice-servlet-4.0.jar:/home/user/.m2/repository/org/glassfish/jersey/containers/jersey-container-servlet/2.27/jersey-container-servlet-2.27.jar:/home/user/.m2/repository/org/glassfish/hk2/guice-bridge/2.5.0/guice-bridge-2.5.0.jar:/home/user/.m2/repository/org/glassfish/jersey/core/jersey-server/2.27/jersey-server-2.27.jar:/home/user/.m2/repository/org/glassfish/jersey/core/jersey-client/2.27/jersey-client-2.27.jar:/home/user/.m2/repository/org/glassfish/jersey/media/jersey-media-jaxb/2.27/jersey-media-jaxb-2.27.jar:/home/user/.m2/repository/javax/validation/validation-api/1.1.0.Final/validation-api-1.1.0.Final.jar:/home/user/.m2/repository/org/glassfish/jersey/media/jersey-media-json-jackson/2.27/jersey-media-json-jackson-2.27.jar:/home/user/.m2/repository/org/glassfish/jersey/ext/jersey-entity-filtering/2.27/jersey-entity-filtering-2.27.jar:/home/user/.m2/repository/com/google/inject/extensions/guice-assistedinject/4.0/guice-assistedinject-4.0.jar:/home/user/.m2/repository/org/jooq/jooq/3.11.10/jooq-3.11.10.jar:/home/user/.m2/repository/org/jooq/jooq-meta/3.11.10/jooq-meta-3.11.10.jar:/home/user/.m2/repository/org/jooq/jooq-codegen/3.11.10/jooq-codegen-3.11.10.jar:/home/user/.m2/repository/com/jolbox/bonecp/0.8.0.RELEASE/bonecp-0.8.0.RELEASE.jar:/home/user/.m2/repository/org/xerial/sqlite-jdbc/3.25.2/sqlite-jdbc-3.25.2.jar:/home/user/.m2/repository/org/springframework/spring-jdbc/5.1.3.RELEASE/spring-jdbc-5.1.3.RELEASE.jar:/home/user/.m2/repository/org/springframework/spring-beans/5.1.3.RELEASE/spring-beans-5.1.3.RELEASE.jar:/home/user/.m2/repository/org/springframework/spring-core/5.1.3.RELEASE/spring-core-5.1.3.RELEASE.jar:/home/user/.m2/repository/org/springframework/spring-jcl/5.1.3.RELEASE/spring-jcl-5.1.3.RELEASE.jar:/home/user/.m2/repository/org/springframework/spring-tx/5.1.3.RELEASE/spring-tx-5.1.3.RELEASE.jar:/home/user/.m2/repository/org/apache/hadoop/hadoop-ozone-client/0.5.0-SNAPSHOT/hadoop-ozone-client-0.5.0-SNAPSHOT.jar:/home/user/.m2/repository/org/apache/hadoop/hadoop-ozone-ozone-manager/0.5.0-SNAPSHOT/hadoop-ozone-ozone-manager-0.5.0-SNAPSHOT-tests.jar:/home/user/.m2/repository/junit/junit/4.11/junit-4.11.jar:/home/user/.m2/repository/org/hamcrest/hamcrest-core/1.3/hamcrest-core-1.3.jar:/home/user/.m2/repository/org/openjdk/jmh/jmh-core/1.19/jmh-core-1.19.jar:/home/user/.m2/repository/net/sf/jopt-simple/jopt-simple/4.6/jopt-simple-4.6.jar:/home/user/.m2/repository/org/apache/commons/commons-math3/3.1.1/commons-math3-3.1.1.jar:/home/user/.m2/repository/org/openjdk/jmh/jmh-generator-annprocess/1.19/jmh-generator-annprocess-1.19.jar:/home/user/.m2/repository/org/mockito/mockito-all/1.8.5/mockito-all-1.8.5.jar:/home/user/.m2/repository/org/apache/hadoop/hadoop-kms/3.2.0/hadoop-kms-3.2.0.jar:/home/user/.m2/repository/org/apache/hadoop/hadoop-auth/3.2.0/hadoop-auth-3.2.0.jar:/home/user/.m2/repository/com/nimbusds/nimbus-jose-jwt/4.41.1/nimbus-jose-jwt-4.41.1.jar:/home/user/.m2/repository/com/github/stephenc/jcip/jcip-annotations/1.0-1/jcip-annotations-1.0-1.jar:/home/user/.m2/repository/net/minidev/json-smart/2.3/json-smart-2.3.jar:/home/user/.m2/repository/net/minidev/accessors-smart/1.2/accessors-smart-1.2.jar:/home/user/.m2/repository/org/ow2/asm/asm/5.0.4/asm-5.0.4.jar:/home/user/.m2/repository/org/apache/curator/curator-framework/2.12.0/curator-framework-2.12.0.jar:/home/user/.m2/repository/com/sun/jersey/jersey-core/1.19/jersey-core-1.19.jar:/home/user/.m2/repository/javax/ws/rs/jsr311-api/1.1.1/jsr311-api-1.1.1.jar:/home/user/.m2/repository/com/sun/jersey/jersey-server/1.19/jersey-server-1.19.jar:/home/user/.m2/repository/javax/servlet/javax.servlet-api/3.1.0/javax.servlet-api-3.1.0.jar:/home/user/.m2/repository/org/eclipse/jetty/jetty-server/9.3.24.v20180605/jetty-server-9.3.24.v20180605.jar:/home/user/.m2/repository/org/eclipse/jetty/jetty-http/9.3.24.v20180605/jetty-http-9.3.24.v20180605.jar:/home/user/.m2/repository/org/eclipse/jetty/jetty-io/9.3.24.v20180605/jetty-io-9.3.24.v20180605.jar:/home/user/.m2/repository/org/eclipse/jetty/jetty-webapp/9.3.24.v20180605/jetty-webapp-9.3.24.v20180605.jar:/home/user/.m2/repository/org/eclipse/jetty/jetty-xml/9.3.24.v20180605/jetty-xml-9.3.24.v20180605.jar:/home/user/.m2/repository/log4j/log4j/1.2.17/log4j-1.2.17.jar:/home/user/.m2/repository/org/slf4j/slf4j-api/1.7.25/slf4j-api-1.7.25.jar:/home/user/.m2/repository/org/slf4j/jul-to-slf4j/1.7.25/jul-to-slf4j-1.7.25.jar:/home/user/.m2/repository/org/eclipse/jetty/jetty-util/9.3.24.v20180605/jetty-util-9.3.24.v20180605.jar:/home/user/.m2/repository/io/dropwizard/metrics/metrics-core/3.2.4/metrics-core-3.2.4.jar:/home/user/.m2/repository/com/fasterxml/jackson/core/jackson-databind/2.9.5/jackson-databind-2.9.5.jar:/home/user/.m2/repository/org/apache/hadoop/hadoop-kms/3.2.0/hadoop-kms-3.2.0-tests.jar:/home/user/.m2/repository/org/apache/hadoop/hadoop-hdds-server-scm/0.5.0-SNAPSHOT/hadoop-hdds-server-scm-0.5.0-SNAPSHOT-tests.jar:/home/user/.m2/repository/org/hamcrest/hamcrest-all/1.3/hamcrest-all-1.3.jar:/home/user/.m2/repository/info/picocli/picocli/3.9.6/picocli-3.9.6.jar:/home/user/.m2/repository/org/apache/hadoop/hadoop-hdds-container-service/0.5.0-SNAPSHOT/hadoop-hdds-container-service-0.5.0-SNAPSHOT-tests.jar:/home/user/.m2/repository/org/yaml/snakeyaml/1.16/snakeyaml-1.16.jar:/home/user/.m2/repository/org/apache/hadoop/hadoop-common/3.2.0/hadoop-common-3.2.0-tests.jar:/home/user/.m2/repository/org/apache/hadoop/hadoop-annotations/3.2.0/hadoop-annotations-3.2.0.jar:/usr/lib/jvm/java-1.8-openjdk/jre/../lib/tools.jar:/home/user/.m2/repository/commons-cli/commons-cli/1.2/commons-cli-1.2.jar:/home/user/.m2/repository/org/apache/httpcomponents/httpclient/4.5.2/httpclient-4.5.2.jar:/home/user/.m2/repository/org/apache/httpcomponents/httpcore/4.4.4/httpcore-4.4.4.jar:/home/user/.m2/repository/commons-codec/commons-codec/1.11/commons-codec-1.11.jar:/home/user/.m2/repository/commons-net/commons-net/3.6/commons-net-3.6.jar:/home/user/.m2/repository/commons-collections/commons-collections/3.2.2/commons-collections-3.2.2.jar:/home/user/.m2/repository/org/eclipse/jetty/jetty-servlet/9.3.24.v20180605/jetty-servlet-9.3.24.v20180605.jar:/home/user/.m2/repository/org/eclipse/jetty/jetty-security/9.3.24.v20180605/jetty-security-9.3.24.v20180605.jar:/home/user/.m2/repository/javax/servlet/jsp/jsp-api/2.1/jsp-api-2.1.jar:/home/user/.m2/repository/com/sun/jersey/jersey-servlet/1.19/jersey-servlet-1.19.jar:/home/user/.m2/repository/com/sun/jersey/jersey-json/1.19/jersey-json-1.19.jar:/home/user/.m2/repository/org/codehaus/jettison/jettison/1.1/jettison-1.1.jar:/home/user/.m2/repository/org/codehaus/jackson/jackson-core-asl/1.9.13/jackson-core-asl-1.9.13.jar:/home/user/.m2/repository/org/codehaus/jackson/jackson-mapper-asl/1.9.13/jackson-mapper-asl-1.9.13.jar:/home/user/.m2/repository/org/codehaus/jackson/jackson-jaxrs/1.9.13/jackson-jaxrs-1.9.13.jar:/home/user/.m2/repository/org/codehaus/jackson/jackson-xc/1.9.13/jackson-xc-1.9.13.jar:/home/user/.m2/repository/commons-logging/commons-logging/1.1.3/commons-logging-1.1.3.jar:/home/user/.m2/repository/commons-beanutils/commons-beanutils/1.9.3/commons-beanutils-1.9.3.jar:/home/user/.m2/repository/org/apache/commons/commons-configuration2/2.1.1/commons-configuration2-2.1.1.jar:/home/user/.m2/repository/org/apache/commons/commons-lang3/3.7/commons-lang3-3.7.jar:/home/user/.m2/repository/org/apache/commons/commons-text/1.4/commons-text-1.4.jar:/home/user/.m2/repository/org/apache/avro/avro/1.7.7/avro-1.7.7.jar:/home/user/.m2/repository/com/thoughtworks/paranamer/paranamer/2.3/paranamer-2.3.jar:/home/user/.m2/repository/org/xerial/snappy/snappy-java/1.0.5/snappy-java-1.0.5.jar:/home/user/.m2/repository/com/google/re2j/re2j/1.1/re2j-1.1.jar:/home/user/.m2/repository/com/google/code/gson/gson/2.2.4/gson-2.2.4.jar:/home/user/.m2/repository/com/jcraft/jsch/0.1.54/jsch-0.1.54.jar:/home/user/.m2/repository/org/apache/curator/curator-client/2.12.0/curator-client-2.12.0.jar:/home/user/.m2/repository/org/apache/curator/curator-recipes/2.12.0/curator-recipes-2.12.0.jar:/home/user/.m2/repository/com/google/code/findbugs/jsr305/3.0.0/jsr305-3.0.0.jar:/home/user/.m2/repository/org/apache/htrace/htrace-core4/4.1.0-incubating/htrace-core4-4.1.0-incubating.jar:/home/user/.m2/repository/org/apache/zookeeper/zookeeper/3.4.13/zookeeper-3.4.13.jar:/home/user/.m2/repository/org/apache/yetus/audience-annotations/0.5.0/audience-annotations-0.5.0.jar:/home/user/.m2/repository/org/codehaus/woodstox/stax2-api/3.1.4/stax2-api-3.1.4.jar:/home/user/.m2/repository/com/fasterxml/woodstox/woodstox-core/5.0.3/woodstox-core-5.0.3.jar:/home/user/.m2/repository/dnsjava/dnsjava/2.1.7/dnsjava-2.1.7.jar:/home/user/.m2/repository/org/apache/hadoop/hadoop-hdfs/3.2.0/hadoop-hdfs-3.2.0-tests.jar:/home/user/.m2/repository/org/eclipse/jetty/jetty-util-ajax/9.3.24.v20180605/jetty-util-ajax-9.3.24.v20180605.jar:/home/user/.m2/repository/commons-daemon/commons-daemon/1.0.13/commons-daemon-1.0.13.jar:/home/user/.m2/repository/io/netty/netty/3.10.5.Final/netty-3.10.5.Final.jar:/home/user/.m2/repository/io/netty/netty-all/4.0.52.Final/netty-all-4.0.52.Final.jar:/home/user/.m2/repository/org/fusesource/leveldbjni/leveldbjni-all/1.8/leveldbjni-all-1.8.jar:"/>
    <property name="sun.cpu.endian" value="little"/>
    <property name="user.home" value="/home/user"/>
    <property name="user.language" value="en"/>
    <property name="java.specification.vendor" value="Oracle Corporation"/>
    <property name="java.home" value="/usr/lib/jvm/java-1.8-openjdk/jre"/>
    <property name="java.security.krb5.conf" value="/opt/src/hadoop-ozone/integration-test/target/test-classes/krb5.conf"/>
    <property name="basedir" value="/opt/src/hadoop-ozone/integration-test"/>
    <property name="file.separator" value="/"/>
    <property name="line.separator" value="&#10;"/>
    <property name="java.vm.specification.vendor" value="Oracle Corporation"/>
    <property name="java.specification.name" value="Java Platform API Specification"/>
    <property name="java.awt.graphicsenv" value="sun.awt.X11GraphicsEnvironment"/>
    <property name="surefire.real.class.path" value="/opt/src/hadoop-ozone/integration-test/target/surefire/surefirebooter3941870627513107321.jar"/>
    <property name="hadoop.log.dir" value="/opt/src/hadoop-ozone/integration-test/target/log"/>
    <property name="sun.boot.class.path" value="/usr/lib/jvm/java-1.8-openjdk/jre/lib/resources.jar:/usr/lib/jvm/java-1.8-openjdk/jre/lib/rt.jar:/usr/lib/jvm/java-1.8-openjdk/jre/lib/sunrsasign.jar:/usr/lib/jvm/java-1.8-openjdk/jre/lib/jsse.jar:/usr/lib/jvm/java-1.8-openjdk/jre/lib/jce.jar:/usr/lib/jvm/java-1.8-openjdk/jre/lib/charsets.jar:/usr/lib/jvm/java-1.8-openjdk/jre/lib/jfr.jar:/usr/lib/jvm/java-1.8-openjdk/jre/classes"/>
    <property name="sun.management.compiler" value="HotSpot 64-Bit Tiered Compilers"/>
    <property name="java.runtime.version" value="1.8.0_212-b04"/>
    <property name="java.net.preferIPv4Stack" value="true"/>
    <property name="user.name" value="jenkins1000"/>
    <property name="path.separator" value=":"/>
    <property name="java.security.egd" value="file:///dev/urandom"/>
    <property name="os.version" value="4.15.0-1021-aws"/>
    <property name="java.endorsed.dirs" value="/usr/lib/jvm/java-1.8-openjdk/jre/lib/endorsed"/>
    <property name="java.runtime.name" value="OpenJDK Runtime Environment"/>
    <property name="file.encoding" value="UTF-8"/>
    <property name="java.vm.name" value="OpenJDK 64-Bit Server VM"/>
    <property name="test.build.webapps" value=""/>
    <property name="localRepository" value="/home/user/.m2/repository"/>
    <property name="java.vendor.url.bug" value="https://icedtea.classpath.org/bugzilla"/>
    <property name="java.io.tmpdir" value="/tmp"/>
    <property name="require.test.libhadoop" value=""/>
    <property name="java.version" value="1.8.0_212"/>
    <property name="user.dir" value="/opt/src/hadoop-ozone/integration-test"/>
    <property name="os.arch" value="amd64"/>
    <property name="java.vm.specification.name" value="Java Virtual Machine Specification"/>
    <property name="test.build.classes" value="/opt/src/hadoop-ozone/integration-test/target/test-classes"/>
    <property name="java.awt.printerjob" value="sun.print.PSPrinterJob"/>
    <property name="sun.os.patch.level" value="unknown"/>
    <property name="hadoop.tmp.dir" value="/opt/src/hadoop-ozone/integration-test/target/tmp"/>
    <property name="java.library.path" value="/usr/lib/jvm/java-1.8-openjdk/jre/lib/amd64/server:/usr/lib/jvm/java-1.8-openjdk/jre/lib/amd64:/usr/lib/jvm/java-1.8-openjdk/jre/../lib/amd64:/opt/src/hadoop-ozone/integration-test/target/native/target/usr/local/lib:/opt/src/hadoop-ozone/integration-test/../../hadoop-common-project/hadoop-common/target/native/target/usr/local/lib:/usr/java/packages/lib/amd64:/usr/lib64:/lib64:/lib:/usr/lib"/>
    <property name="java.vm.info" value="mixed mode"/>
    <property name="java.vendor" value="IcedTea"/>
    <property name="java.vm.version" value="25.212-b04"/>
    <property name="java.ext.dirs" value="/usr/lib/jvm/java-1.8-openjdk/jre/lib/ext:/usr/java/packages/lib/ext"/>
    <property name="sun.io.unicode.encoding" value="UnicodeLittle"/>
    <property name="java.class.version" value="52.0"/>
  </properties>
  <testcase name="testPipelineFail" classname="org.apache.hadoop.hdds.scm.pipeline.TestNodeFailure" time="0">
    <skipped/>
    <system-out><![CDATA[2019-06-15 08:15:59,046 WARN  server.ServerUtils (ServerUtils.java:getScmDbDir(145)) - ozone.scm.db.dirs is not configured. We recommend adding this setting. Falling back to ozone.metadata.dirs instead.
2019-06-15 08:15:59,125 WARN  server.ServerUtils (ServerUtils.java:getScmDbDir(145)) - ozone.scm.db.dirs is not configured. We recommend adding this setting. Falling back to ozone.metadata.dirs instead.
2019-06-15 08:15:59,128 WARN  server.ServerUtils (ServerUtils.java:getScmDbDir(145)) - ozone.scm.db.dirs is not configured. We recommend adding this setting. Falling back to ozone.metadata.dirs instead.
2019-06-15 08:15:59,143 INFO  util.log (Log.java:initialized(192)) - Logging initialized @665ms
2019-06-15 08:15:59,226 INFO  db.DBStoreBuilder (DBStoreBuilder.java:addTable(110)) - using custom profile for table: deletedBlocks
2019-06-15 08:15:59,226 INFO  db.DBStoreBuilder (DBStoreBuilder.java:processTables(161)) - Using default column profile:DBProfile.DISK for Table:deletedBlocks
2019-06-15 08:15:59,227 INFO  db.DBStoreBuilder (DBStoreBuilder.java:addTable(110)) - using custom profile for table: validCerts
2019-06-15 08:15:59,227 INFO  db.DBStoreBuilder (DBStoreBuilder.java:processTables(161)) - Using default column profile:DBProfile.DISK for Table:validCerts
2019-06-15 08:15:59,227 INFO  db.DBStoreBuilder (DBStoreBuilder.java:addTable(110)) - using custom profile for table: revokedCerts
2019-06-15 08:15:59,227 INFO  db.DBStoreBuilder (DBStoreBuilder.java:processTables(161)) - Using default column profile:DBProfile.DISK for Table:revokedCerts
2019-06-15 08:15:59,236 INFO  db.DBStoreBuilder (DBStoreBuilder.java:addTable(110)) - using custom profile for table: default
2019-06-15 08:15:59,236 INFO  db.DBStoreBuilder (DBStoreBuilder.java:processTables(167)) - Using default column profile:DBProfile.DISK for Table:default
2019-06-15 08:15:59,237 INFO  db.DBStoreBuilder (DBStoreBuilder.java:getDbProfile(198)) - Using default options. DBProfile.DISK
2019-06-15 08:15:59,290 INFO  net.NodeSchemaLoader (NodeSchemaLoader.java:loadSchemaFromFile(125)) - Loading file from sun.misc.CompoundEnumeration@27ce24aa
2019-06-15 08:15:59,291 INFO  net.NodeSchemaLoader (NodeSchemaLoader.java:loadSchema(171)) - Loading network topology layer schema file
2019-06-15 08:15:59,339 INFO  node.SCMNodeManager (SCMNodeManager.java:<init>(119)) - Entering startup safe mode.
2019-06-15 08:15:59,397 WARN  server.ServerUtils (ServerUtils.java:getScmDbDir(145)) - ozone.scm.db.dirs is not configured. We recommend adding this setting. Falling back to ozone.metadata.dirs instead.
2019-06-15 08:15:59,415 INFO  pipeline.SCMPipelineManager (SCMPipelineManager.java:initializePipelineState(126)) - No pipeline exists in current db
2019-06-15 08:15:59,416 WARN  server.ServerUtils (ServerUtils.java:getScmDbDir(145)) - ozone.scm.db.dirs is not configured. We recommend adding this setting. Falling back to ozone.metadata.dirs instead.
2019-06-15 08:15:59,459 WARN  events.EventQueue (EventQueue.java:fireEvent(175)) - No event handler registered for event TypedEvent{payloadType=SafeModeStatus, name='SafeModeStatus'}
2019-06-15 08:15:59,710 INFO  ipc.CallQueueManager (CallQueueManager.java:<init>(84)) - Using callQueue: class java.util.concurrent.LinkedBlockingQueue, queueCapacity: 2000, scheduler: class org.apache.hadoop.ipc.DefaultRpcScheduler, ipcBackoff: false.
2019-06-15 08:15:59,730 INFO  ipc.Server (Server.java:run(1074)) - Starting Socket Reader #1 for port 46479
2019-06-15 08:15:59,750 INFO  ipc.CallQueueManager (CallQueueManager.java:<init>(84)) - Using callQueue: class java.util.concurrent.LinkedBlockingQueue, queueCapacity: 2000, scheduler: class org.apache.hadoop.ipc.DefaultRpcScheduler, ipcBackoff: false.
2019-06-15 08:15:59,750 INFO  ipc.Server (Server.java:run(1074)) - Starting Socket Reader #1 for port 44239
2019-06-15 08:15:59,782 INFO  ipc.CallQueueManager (CallQueueManager.java:<init>(84)) - Using callQueue: class java.util.concurrent.LinkedBlockingQueue, queueCapacity: 2000, scheduler: class org.apache.hadoop.ipc.DefaultRpcScheduler, ipcBackoff: false.
2019-06-15 08:15:59,783 INFO  ipc.Server (Server.java:run(1074)) - Starting Socket Reader #1 for port 35755
2019-06-15 08:15:59,802 INFO  hdfs.DFSUtil (DFSUtil.java:httpServerTemplateForNNAndJN(1641)) - Starting Web-server for scm at: http://0.0.0.0:0
2019-06-15 08:15:59,938 INFO  server.AuthenticationFilter (AuthenticationFilter.java:constructSecretProvider(240)) - Unable to initialize FileSignerSecretProvider, falling back to use random secrets.
2019-06-15 08:15:59,944 WARN  http.HttpRequestLog (HttpRequestLog.java:getRequestLog(97)) - Jetty request log can only be enabled using Log4j
2019-06-15 08:15:59,950 INFO  http.HttpServer2 (HttpServer2.java:addGlobalFilter(975)) - Added global filter 'safety' (class=org.apache.hadoop.http.HttpServer2$QuotingInputFilter)
2019-06-15 08:15:59,952 INFO  http.HttpServer2 (HttpServer2.java:addFilter(948)) - Added filter static_user_filter (class=org.apache.hadoop.http.lib.StaticUserWebFilter$StaticUserFilter) to context scm
2019-06-15 08:15:59,952 INFO  http.HttpServer2 (HttpServer2.java:addFilter(958)) - Added filter static_user_filter (class=org.apache.hadoop.http.lib.StaticUserWebFilter$StaticUserFilter) to context logs
2019-06-15 08:15:59,952 INFO  http.HttpServer2 (HttpServer2.java:addFilter(958)) - Added filter static_user_filter (class=org.apache.hadoop.http.lib.StaticUserWebFilter$StaticUserFilter) to context static
2019-06-15 08:15:59,975 INFO  server.StorageContainerManager (StorageContainerManager.java:start(753)) - StorageContainerLocationProtocol RPC server is listening at /0.0.0.0:35755
2019-06-15 08:16:00,020 WARN  impl.MetricsConfig (MetricsConfig.java:loadFirst(134)) - Cannot locate configuration: tried hadoop-metrics2-storagecontainermanager.properties,hadoop-metrics2.properties
2019-06-15 08:16:00,030 INFO  impl.MetricsSystemImpl (MetricsSystemImpl.java:startTimer(374)) - Scheduled Metric snapshot period at 10 second(s).
2019-06-15 08:16:00,030 INFO  impl.MetricsSystemImpl (MetricsSystemImpl.java:start(191)) - StorageContainerManager metrics system started
2019-06-15 08:16:00,189 INFO  server.SCMClientProtocolServer (SCMClientProtocolServer.java:start(149)) - RPC server for Client  is listening at /0.0.0.0:35755
2019-06-15 08:16:00,189 INFO  ipc.Server (Server.java:run(1314)) - IPC Server Responder: starting
2019-06-15 08:16:00,190 INFO  ipc.Server (Server.java:run(1153)) - IPC Server listener on 35755: starting
2019-06-15 08:16:00,192 INFO  server.StorageContainerManager (StorageContainerManager.java:start(762)) - ScmBlockLocationProtocol RPC server is listening at /0.0.0.0:44239
2019-06-15 08:16:00,192 INFO  server.SCMBlockProtocolServer (SCMBlockProtocolServer.java:start(137)) - RPC server for Block Protocol is listening at /0.0.0.0:44239
2019-06-15 08:16:00,192 INFO  ipc.Server (Server.java:run(1314)) - IPC Server Responder: starting
2019-06-15 08:16:00,192 INFO  ipc.Server (Server.java:run(1153)) - IPC Server listener on 44239: starting
2019-06-15 08:16:00,194 INFO  server.StorageContainerManager (StorageContainerManager.java:start(766)) - ScmDatanodeProtocl RPC server is listening at /0.0.0.0:46479
2019-06-15 08:16:00,194 INFO  server.SCMDatanodeProtocolServer (SCMDatanodeProtocolServer.java:start(191)) - RPC server for DataNodes is listening at /0.0.0.0:46479
2019-06-15 08:16:00,194 INFO  ipc.Server (Server.java:run(1314)) - IPC Server Responder: starting
2019-06-15 08:16:00,195 INFO  ipc.Server (Server.java:run(1153)) - IPC Server listener on 46479: starting
2019-06-15 08:16:00,198 INFO  http.HttpServer2 (HttpServer2.java:bindListener(1191)) - Jetty bound to port 35083
2019-06-15 08:16:00,199 INFO  server.Server (Server.java:doStart(351)) - jetty-9.3.24.v20180605, build timestamp: 2018-06-05T17:11:56Z, git hash: 84205aa28f11a4f31f2a3b86d1bba2cc8ab69827
2019-06-15 08:16:00,225 INFO  handler.ContextHandler (ContextHandler.java:doStart(781)) - Started o.e.j.s.ServletContextHandler@16c63f5{/logs,file:///opt/src/hadoop-ozone/integration-test/target/log,AVAILABLE}
2019-06-15 08:16:00,226 INFO  handler.ContextHandler (ContextHandler.java:doStart(781)) - Started o.e.j.s.ServletContextHandler@6d3c5255{/static,file:///opt/src/hadoop-ozone/integration-test/target/test-classes/webapps/static,AVAILABLE}
2019-06-15 08:16:00,248 INFO  handler.ContextHandler (ContextHandler.java:doStart(781)) - Started o.e.j.w.WebAppContext@2b62442c{/,file:///opt/src/hadoop-ozone/integration-test/target/test-classes/webapps/scm/,AVAILABLE}{/scm}
2019-06-15 08:16:00,251 INFO  server.AbstractConnector (AbstractConnector.java:doStart(278)) - Started ServerConnector@6e521c1e{HTTP/1.1,[http/1.1]}{0.0.0.0:35083}
2019-06-15 08:16:00,252 INFO  server.Server (Server.java:doStart(419)) - Started @1774ms
2019-06-15 08:16:00,253 INFO  server.BaseHttpServer (BaseHttpServer.java:updateConnectorAddress(207)) - HTTP server of SCM is listening at http://0.0.0.0:35083
2019-06-15 08:16:00,261 WARN  scm.ScmUtils (ScmUtils.java:getDBPath(63)) - ozone.om.db.dirs is not configured. We recommend adding this setting. Falling back to ozone.metadata.dirs instead.
2019-06-15 08:16:00,262 INFO  util.JvmPauseMonitor (JvmPauseMonitor.java:run(188)) - Starting JVM pause monitor
2019-06-15 08:16:00,354 WARN  scm.ScmUtils (ScmUtils.java:getDBPath(63)) - ozone.om.db.dirs is not configured. We recommend adding this setting. Falling back to ozone.metadata.dirs instead.
2019-06-15 08:16:00,354 INFO  om.OzoneManager (OzoneManager.java:setOMNodeDetails(532)) - OM Service ID is not set. Setting it to the default ID: omServiceIdDefault
2019-06-15 08:16:00,355 INFO  om.OzoneManager (OzoneManager.java:setOMNodeDetails(538)) - OM Node ID is not set. Setting it to the OmStorage's OmID: 8cd8b8c5-b13a-4e2c-b994-110aa45aee0e
2019-06-15 08:16:00,356 WARN  scm.HddsServerUtil (HddsServerUtil.java:getDefaultRatisDirectory(354)) - Storage directory for Ratis is not configured. It is a good idea to map this to an SSD disk. Falling back to ozone.metadata.dirs
2019-06-15 08:16:00,356 WARN  scm.HddsServerUtil (HddsServerUtil.java:getDefaultRatisDirectory(354)) - Storage directory for Ratis is not configured. It is a good idea to map this to an SSD disk. Falling back to ozone.metadata.dirs
2019-06-15 08:16:00,357 INFO  om.OzoneManager (OzoneManager.java:loadOMHAConfigs(489)) - Found matching OM address with OMServiceId: null, OMNodeId: null, RPC Address: localhost:0 and Ratis port: 9872
2019-06-15 08:16:00,528 WARN  scm.ScmUtils (ScmUtils.java:getDBPath(63)) - ozone.om.db.dirs is not configured. We recommend adding this setting. Falling back to ozone.metadata.dirs instead.
2019-06-15 08:16:00,532 INFO  db.DBStoreBuilder (DBStoreBuilder.java:addTable(110)) - using custom profile for table: userTable
2019-06-15 08:16:00,532 INFO  db.DBStoreBuilder (DBStoreBuilder.java:processTables(161)) - Using default column profile:DBProfile.DISK for Table:userTable
2019-06-15 08:16:00,533 INFO  db.DBStoreBuilder (DBStoreBuilder.java:addTable(110)) - using custom profile for table: volumeTable
2019-06-15 08:16:00,533 INFO  db.DBStoreBuilder (DBStoreBuilder.java:processTables(161)) - Using default column profile:DBProfile.DISK for Table:volumeTable
2019-06-15 08:16:00,533 INFO  db.DBStoreBuilder (DBStoreBuilder.java:addTable(110)) - using custom profile for table: bucketTable
2019-06-15 08:16:00,533 INFO  db.DBStoreBuilder (DBStoreBuilder.java:processTables(161)) - Using default column profile:DBProfile.DISK for Table:bucketTable
2019-06-15 08:16:00,533 INFO  db.DBStoreBuilder (DBStoreBuilder.java:addTable(110)) - using custom profile for table: keyTable
2019-06-15 08:16:00,533 INFO  db.DBStoreBuilder (DBStoreBuilder.java:processTables(161)) - Using default column profile:DBProfile.DISK for Table:keyTable
2019-06-15 08:16:00,534 INFO  db.DBStoreBuilder (DBStoreBuilder.java:addTable(110)) - using custom profile for table: deletedTable
2019-06-15 08:16:00,534 INFO  db.DBStoreBuilder (DBStoreBuilder.java:processTables(161)) - Using default column profile:DBProfile.DISK for Table:deletedTable
2019-06-15 08:16:00,534 INFO  db.DBStoreBuilder (DBStoreBuilder.java:addTable(110)) - using custom profile for table: openKeyTable
2019-06-15 08:16:00,534 INFO  db.DBStoreBuilder (DBStoreBuilder.java:processTables(161)) - Using default column profile:DBProfile.DISK for Table:openKeyTable
2019-06-15 08:16:00,534 INFO  db.DBStoreBuilder (DBStoreBuilder.java:addTable(110)) - using custom profile for table: s3Table
2019-06-15 08:16:00,534 INFO  db.DBStoreBuilder (DBStoreBuilder.java:processTables(161)) - Using default column profile:DBProfile.DISK for Table:s3Table
2019-06-15 08:16:00,535 INFO  db.DBStoreBuilder (DBStoreBuilder.java:addTable(110)) - using custom profile for table: multipartInfoTable
2019-06-15 08:16:00,535 INFO  db.DBStoreBuilder (DBStoreBuilder.java:processTables(161)) - Using default column profile:DBProfile.DISK for Table:multipartInfoTable
2019-06-15 08:16:00,535 INFO  db.DBStoreBuilder (DBStoreBuilder.java:addTable(110)) - using custom profile for table: dTokenTable
2019-06-15 08:16:00,535 INFO  db.DBStoreBuilder (DBStoreBuilder.java:processTables(161)) - Using default column profile:DBProfile.DISK for Table:dTokenTable
2019-06-15 08:16:00,535 INFO  db.DBStoreBuilder (DBStoreBuilder.java:addTable(110)) - using custom profile for table: s3SecretTable
2019-06-15 08:16:00,535 INFO  db.DBStoreBuilder (DBStoreBuilder.java:processTables(161)) - Using default column profile:DBProfile.DISK for Table:s3SecretTable
2019-06-15 08:16:00,536 INFO  db.DBStoreBuilder (DBStoreBuilder.java:addTable(110)) - using custom profile for table: prefixTable
2019-06-15 08:16:00,536 INFO  db.DBStoreBuilder (DBStoreBuilder.java:processTables(161)) - Using default column profile:DBProfile.DISK for Table:prefixTable
2019-06-15 08:16:00,536 INFO  db.DBStoreBuilder (DBStoreBuilder.java:addTable(110)) - using custom profile for table: default
2019-06-15 08:16:00,536 INFO  db.DBStoreBuilder (DBStoreBuilder.java:processTables(167)) - Using default column profile:DBProfile.DISK for Table:default
2019-06-15 08:16:00,536 INFO  db.DBStoreBuilder (DBStoreBuilder.java:getDbProfile(198)) - Using default options. DBProfile.DISK
2019-06-15 08:16:00,970 INFO  ipc.CallQueueManager (CallQueueManager.java:<init>(84)) - Using callQueue: class java.util.concurrent.LinkedBlockingQueue, queueCapacity: 2000, scheduler: class org.apache.hadoop.ipc.DefaultRpcScheduler, ipcBackoff: false.
2019-06-15 08:16:00,971 INFO  ipc.Server (Server.java:run(1074)) - Starting Socket Reader #1 for port 40837
2019-06-15 08:16:00,991 WARN  scm.ScmUtils (ScmUtils.java:getDBPath(63)) - ozone.om.db.dirs is not configured. We recommend adding this setting. Falling back to ozone.metadata.dirs instead.
2019-06-15 08:16:00,991 INFO  om.OzoneManager (OzoneManager.java:start(1230)) - OzoneManager RPC server is listening at localhost/127.0.0.1:40837
2019-06-15 08:16:00,991 INFO  impl.MetricsSystemImpl (MetricsSystemImpl.java:init(158)) - OzoneManager metrics system started (again)
2019-06-15 08:16:00,992 INFO  ipc.Server (Server.java:run(1314)) - IPC Server Responder: starting
2019-06-15 08:16:00,993 INFO  ipc.Server (Server.java:run(1153)) - IPC Server listener on 40837: starting
2019-06-15 08:16:01,035 INFO  hdfs.DFSUtil (DFSUtil.java:httpServerTemplateForNNAndJN(1641)) - Starting Web-server for ozoneManager at: http://0.0.0.0:0
2019-06-15 08:16:01,036 INFO  server.AuthenticationFilter (AuthenticationFilter.java:constructSecretProvider(240)) - Unable to initialize FileSignerSecretProvider, falling back to use random secrets.
2019-06-15 08:16:01,037 WARN  http.HttpRequestLog (HttpRequestLog.java:getRequestLog(97)) - Jetty request log can only be enabled using Log4j
2019-06-15 08:16:01,038 INFO  http.HttpServer2 (HttpServer2.java:addGlobalFilter(975)) - Added global filter 'safety' (class=org.apache.hadoop.http.HttpServer2$QuotingInputFilter)
2019-06-15 08:16:01,039 INFO  http.HttpServer2 (HttpServer2.java:addFilter(948)) - Added filter static_user_filter (class=org.apache.hadoop.http.lib.StaticUserWebFilter$StaticUserFilter) to context ozoneManager
2019-06-15 08:16:01,039 INFO  http.HttpServer2 (HttpServer2.java:addFilter(958)) - Added filter static_user_filter (class=org.apache.hadoop.http.lib.StaticUserWebFilter$StaticUserFilter) to context logs
2019-06-15 08:16:01,039 INFO  http.HttpServer2 (HttpServer2.java:addFilter(958)) - Added filter static_user_filter (class=org.apache.hadoop.http.lib.StaticUserWebFilter$StaticUserFilter) to context static
2019-06-15 08:16:01,040 INFO  http.HttpServer2 (HttpServer2.java:bindListener(1191)) - Jetty bound to port 44895
2019-06-15 08:16:01,040 INFO  server.Server (Server.java:doStart(351)) - jetty-9.3.24.v20180605, build timestamp: 2018-06-05T17:11:56Z, git hash: 84205aa28f11a4f31f2a3b86d1bba2cc8ab69827
2019-06-15 08:16:01,042 INFO  handler.ContextHandler (ContextHandler.java:doStart(781)) - Started o.e.j.s.ServletContextHandler@3d7fa3ae{/logs,file:///opt/src/hadoop-ozone/integration-test/target/log,AVAILABLE}
2019-06-15 08:16:01,043 INFO  handler.ContextHandler (ContextHandler.java:doStart(781)) - Started o.e.j.s.ServletContextHandler@3605c4d3{/static,file:///opt/src/hadoop-ozone/integration-test/target/test-classes/webapps/static,AVAILABLE}
2019-06-15 08:16:01,047 INFO  handler.ContextHandler (ContextHandler.java:doStart(781)) - Started o.e.j.w.WebAppContext@7b60c3e{/,file:///opt/src/hadoop-ozone/integration-test/target/test-classes/webapps/ozoneManager/,AVAILABLE}{/ozoneManager}
2019-06-15 08:16:01,048 INFO  server.AbstractConnector (AbstractConnector.java:doStart(278)) - Started ServerConnector@3fbfa96{HTTP/1.1,[http/1.1]}{0.0.0.0:44895}
2019-06-15 08:16:01,048 INFO  server.Server (Server.java:doStart(419)) - Started @2570ms
2019-06-15 08:16:01,049 INFO  server.BaseHttpServer (BaseHttpServer.java:updateConnectorAddress(207)) - HTTP server of OZONEMANAGER is listening at http://0.0.0.0:44895
2019-06-15 08:16:01,181 INFO  impl.MetricsSystemImpl (MetricsSystemImpl.java:init(158)) - HddsDatanode metrics system started (again)
2019-06-15 08:16:01,329 INFO  ozone.HddsDatanodeService (HddsDatanodeService.java:start(185)) - HddsDatanodeService host:ozone-unit-076618677d3-xbqfw-572796842 ip:192.168.105.190
2019-06-15 08:16:01,354 INFO  volume.HddsVolume (HddsVolume.java:<init>(176)) - Creating Volume: /opt/src/hadoop-ozone/integration-test/target/test-dir/MiniOzoneClusterImpl-5f5b8459-6688-48c0-90a8-3adfedafb084/datanode-0/data/containers/hdds of  storage type : DISK and capacity : 104021790720
2019-06-15 08:16:01,356 INFO  volume.VolumeSet (VolumeSet.java:initializeVolumeSet(170)) - Added Volume : /opt/src/hadoop-ozone/integration-test/target/test-dir/MiniOzoneClusterImpl-5f5b8459-6688-48c0-90a8-3adfedafb084/datanode-0/data/containers/hdds to VolumeSet
2019-06-15 08:16:01,359 INFO  volume.ThrottledAsyncChecker (ThrottledAsyncChecker.java:schedule(140)) - Scheduling a check for org.apache.hadoop.ozone.container.common.volume.HddsVolume@5fb7183b
2019-06-15 08:16:01,376 INFO  volume.HddsVolumeChecker (HddsVolumeChecker.java:checkAllVolumes(203)) - Scheduled health check for volume org.apache.hadoop.ozone.container.common.volume.HddsVolume@5fb7183b
2019-06-15 08:16:01,420 INFO  ratis.XceiverServerRatis (XceiverServerRatis.java:newXceiverServerRatis(401)) - Found a free port for the server : 37241
2019-06-15 08:16:01,479 INFO  impl.RaftServerProxy (ConfUtils.java:logGet(43)) - raft.rpc.type = GRPC (default)
2019-06-15 08:16:01,487 INFO  grpc.GrpcConfigKeys$Server (ConfUtils.java:logGet(43)) - raft.grpc.server.port = 37241 (custom)
2019-06-15 08:16:01,488 INFO  server.GrpcService (ConfUtils.java:logGet(43)) - raft.grpc.message.size.max = 33570816 (custom)
2019-06-15 08:16:01,490 INFO  server.RaftServerConfigKeys (ConfUtils.java:logGet(43)) - raft.server.log.appender.buffer.byte-limit = 33554432 (custom)
2019-06-15 08:16:01,490 INFO  server.GrpcService (ConfUtils.java:logGet(43)) - raft.grpc.flow.control.window = 1MB (=1048576) (default)
2019-06-15 08:16:01,491 INFO  server.RaftServerConfigKeys (ConfUtils.java:logGet(43)) - raft.server.rpc.request.timeout = 3000ms (default)
2019-06-15 08:16:01,601 INFO  server.RaftServerConfigKeys (ConfUtils.java:logGet(43)) - raft.server.storage.dir = [/opt/src/hadoop-ozone/integration-test/target/test-dir/MiniOzoneClusterImpl-5f5b8459-6688-48c0-90a8-3adfedafb084/datanode-0/data/ratis] (custom)
2019-06-15 08:16:01,607 INFO  server.XceiverServerGrpc (XceiverServerGrpc.java:<init>(97)) - Found a free port for the server : 45671
2019-06-15 08:16:01,628 INFO  replication.SimpleContainerDownloader (SimpleContainerDownloader.java:<init>(72)) - Starting container downloader service to copy containers to replicate.
2019-06-15 08:16:01,637 INFO  hdfs.DFSUtil (DFSUtil.java:httpServerTemplateForNNAndJN(1641)) - Starting Web-server for hddsDatanode at: http://0.0.0.0:0
2019-06-15 08:16:01,638 INFO  server.AuthenticationFilter (AuthenticationFilter.java:constructSecretProvider(240)) - Unable to initialize FileSignerSecretProvider, falling back to use random secrets.
2019-06-15 08:16:01,639 WARN  http.HttpRequestLog (HttpRequestLog.java:getRequestLog(97)) - Jetty request log can only be enabled using Log4j
2019-06-15 08:16:01,641 INFO  http.HttpServer2 (HttpServer2.java:addGlobalFilter(975)) - Added global filter 'safety' (class=org.apache.hadoop.http.HttpServer2$QuotingInputFilter)
2019-06-15 08:16:01,642 INFO  http.HttpServer2 (HttpServer2.java:addFilter(948)) - Added filter static_user_filter (class=org.apache.hadoop.http.lib.StaticUserWebFilter$StaticUserFilter) to context hddsDatanode
2019-06-15 08:16:01,642 INFO  http.HttpServer2 (HttpServer2.java:addFilter(958)) - Added filter static_user_filter (class=org.apache.hadoop.http.lib.StaticUserWebFilter$StaticUserFilter) to context static
2019-06-15 08:16:01,642 INFO  http.HttpServer2 (HttpServer2.java:addFilter(958)) - Added filter static_user_filter (class=org.apache.hadoop.http.lib.StaticUserWebFilter$StaticUserFilter) to context logs
2019-06-15 08:16:01,643 INFO  http.HttpServer2 (HttpServer2.java:bindListener(1191)) - Jetty bound to port 45913
2019-06-15 08:16:01,643 INFO  server.Server (Server.java:doStart(351)) - jetty-9.3.24.v20180605, build timestamp: 2018-06-05T17:11:56Z, git hash: 84205aa28f11a4f31f2a3b86d1bba2cc8ab69827
2019-06-15 08:16:01,645 INFO  handler.ContextHandler (ContextHandler.java:doStart(781)) - Started o.e.j.s.ServletContextHandler@4cdb8504{/logs,file:///opt/src/hadoop-ozone/integration-test/target/log,AVAILABLE}
2019-06-15 08:16:01,646 INFO  handler.ContextHandler (ContextHandler.java:doStart(781)) - Started o.e.j.s.ServletContextHandler@10358c32{/static,jar:file:/home/user/.m2/repository/org/apache/hadoop/hadoop-hdds-container-service/0.5.0-SNAPSHOT/hadoop-hdds-container-service-0.5.0-SNAPSHOT.jar!/webapps/static,AVAILABLE}
2019-06-15 08:16:01,678 INFO  handler.ContextHandler (ContextHandler.java:doStart(781)) - Started o.e.j.w.WebAppContext@53830483{/,file:///tmp/jetty-0.0.0.0-45913-hddsDatanode-_-any-2152077457860493678.dir/webapp/,AVAILABLE}{/hddsDatanode}
2019-06-15 08:16:01,679 INFO  server.AbstractConnector (AbstractConnector.java:doStart(278)) - Started ServerConnector@29f85fe1{HTTP/1.1,[http/1.1]}{0.0.0.0:45913}
2019-06-15 08:16:01,679 INFO  server.Server (Server.java:doStart(419)) - Started @3201ms
2019-06-15 08:16:01,680 INFO  server.BaseHttpServer (BaseHttpServer.java:updateConnectorAddress(207)) - HTTP server of HDDSDATANODE is listening at http://0.0.0.0:45913
2019-06-15 08:16:02,439 INFO  ozone.HddsDatanodeService (HddsDatanodeService.java:startPlugins(396)) - Started plug-in org.apache.hadoop.ozone.web.OzoneHddsDatanodeService@4351ed61
2019-06-15 08:16:02,440 INFO  impl.MetricsSystemImpl (MetricsSystemImpl.java:init(158)) - HddsDatanode metrics system started (again)
2019-06-15 08:16:02,440 INFO  ozone.HddsDatanodeService (HddsDatanodeService.java:start(185)) - HddsDatanodeService host:ozone-unit-076618677d3-xbqfw-572796842 ip:192.168.105.190
2019-06-15 08:16:02,449 INFO  util.JvmPauseMonitor (JvmPauseMonitor.java:run(188)) - Starting JVM pause monitor
2019-06-15 08:16:02,450 INFO  volume.HddsVolume (HddsVolume.java:<init>(176)) - Creating Volume: /opt/src/hadoop-ozone/integration-test/target/test-dir/MiniOzoneClusterImpl-5f5b8459-6688-48c0-90a8-3adfedafb084/datanode-1/data/containers/hdds of  storage type : DISK and capacity : 104021790720
2019-06-15 08:16:02,451 INFO  volume.VolumeSet (VolumeSet.java:initializeVolumeSet(170)) - Added Volume : /opt/src/hadoop-ozone/integration-test/target/test-dir/MiniOzoneClusterImpl-5f5b8459-6688-48c0-90a8-3adfedafb084/datanode-1/data/containers/hdds to VolumeSet
2019-06-15 08:16:02,451 INFO  volume.ThrottledAsyncChecker (ThrottledAsyncChecker.java:schedule(140)) - Scheduling a check for org.apache.hadoop.ozone.container.common.volume.HddsVolume@2574a9e3
2019-06-15 08:16:02,453 INFO  volume.HddsVolumeChecker (HddsVolumeChecker.java:checkAllVolumes(203)) - Scheduled health check for volume org.apache.hadoop.ozone.container.common.volume.HddsVolume@2574a9e3
2019-06-15 08:16:02,469 INFO  ratis.XceiverServerRatis (XceiverServerRatis.java:newXceiverServerRatis(401)) - Found a free port for the server : 36791
2019-06-15 08:16:02,470 INFO  impl.RaftServerProxy (ConfUtils.java:logGet(43)) - raft.rpc.type = GRPC (default)
2019-06-15 08:16:02,471 INFO  grpc.GrpcConfigKeys$Server (ConfUtils.java:logGet(43)) - raft.grpc.server.port = 36791 (custom)
2019-06-15 08:16:02,471 INFO  server.GrpcService (ConfUtils.java:logGet(43)) - raft.grpc.message.size.max = 33570816 (custom)
2019-06-15 08:16:02,471 INFO  server.RaftServerConfigKeys (ConfUtils.java:logGet(43)) - raft.server.log.appender.buffer.byte-limit = 33554432 (custom)
2019-06-15 08:16:02,472 INFO  server.GrpcService (ConfUtils.java:logGet(43)) - raft.grpc.flow.control.window = 1MB (=1048576) (default)
2019-06-15 08:16:02,472 INFO  server.RaftServerConfigKeys (ConfUtils.java:logGet(43)) - raft.server.rpc.request.timeout = 3000ms (default)
2019-06-15 08:16:02,473 INFO  server.RaftServerConfigKeys (ConfUtils.java:logGet(43)) - raft.server.storage.dir = [/opt/src/hadoop-ozone/integration-test/target/test-dir/MiniOzoneClusterImpl-5f5b8459-6688-48c0-90a8-3adfedafb084/datanode-1/data/ratis] (custom)
2019-06-15 08:16:02,473 INFO  server.XceiverServerGrpc (XceiverServerGrpc.java:<init>(97)) - Found a free port for the server : 45883
2019-06-15 08:16:02,474 INFO  replication.SimpleContainerDownloader (SimpleContainerDownloader.java:<init>(72)) - Starting container downloader service to copy containers to replicate.
2019-06-15 08:16:02,475 INFO  hdfs.DFSUtil (DFSUtil.java:httpServerTemplateForNNAndJN(1641)) - Starting Web-server for hddsDatanode at: http://0.0.0.0:0
2019-06-15 08:16:02,476 INFO  server.AuthenticationFilter (AuthenticationFilter.java:constructSecretProvider(240)) - Unable to initialize FileSignerSecretProvider, falling back to use random secrets.
2019-06-15 08:16:02,477 WARN  http.HttpRequestLog (HttpRequestLog.java:getRequestLog(97)) - Jetty request log can only be enabled using Log4j
2019-06-15 08:16:02,478 INFO  http.HttpServer2 (HttpServer2.java:addGlobalFilter(975)) - Added global filter 'safety' (class=org.apache.hadoop.http.HttpServer2$QuotingInputFilter)
2019-06-15 08:16:02,479 INFO  http.HttpServer2 (HttpServer2.java:addFilter(948)) - Added filter static_user_filter (class=org.apache.hadoop.http.lib.StaticUserWebFilter$StaticUserFilter) to context hddsDatanode
2019-06-15 08:16:02,479 INFO  http.HttpServer2 (HttpServer2.java:addFilter(958)) - Added filter static_user_filter (class=org.apache.hadoop.http.lib.StaticUserWebFilter$StaticUserFilter) to context static
2019-06-15 08:16:02,479 INFO  http.HttpServer2 (HttpServer2.java:addFilter(958)) - Added filter static_user_filter (class=org.apache.hadoop.http.lib.StaticUserWebFilter$StaticUserFilter) to context logs
2019-06-15 08:16:02,480 INFO  http.HttpServer2 (HttpServer2.java:bindListener(1191)) - Jetty bound to port 39313
2019-06-15 08:16:02,480 INFO  server.Server (Server.java:doStart(351)) - jetty-9.3.24.v20180605, build timestamp: 2018-06-05T17:11:56Z, git hash: 84205aa28f11a4f31f2a3b86d1bba2cc8ab69827
2019-06-15 08:16:02,494 INFO  handler.ContextHandler (ContextHandler.java:doStart(781)) - Started o.e.j.s.ServletContextHandler@3d53e6f7{/logs,file:///opt/src/hadoop-ozone/integration-test/target/log,AVAILABLE}
2019-06-15 08:16:02,497 INFO  handler.ContextHandler (ContextHandler.java:doStart(781)) - Started o.e.j.s.ServletContextHandler@3ece79fe{/static,jar:file:/home/user/.m2/repository/org/apache/hadoop/hadoop-hdds-container-service/0.5.0-SNAPSHOT/hadoop-hdds-container-service-0.5.0-SNAPSHOT.jar!/webapps/static,AVAILABLE}
2019-06-15 08:16:02,526 INFO  handler.ContextHandler (ContextHandler.java:doStart(781)) - Started o.e.j.w.WebAppContext@47b33e07{/,file:///tmp/jetty-0.0.0.0-39313-hddsDatanode-_-any-2436048210613420212.dir/webapp/,AVAILABLE}{/hddsDatanode}
2019-06-15 08:16:02,527 INFO  server.AbstractConnector (AbstractConnector.java:doStart(278)) - Started ServerConnector@7126e26{HTTP/1.1,[http/1.1]}{0.0.0.0:39313}
2019-06-15 08:16:02,527 INFO  server.Server (Server.java:doStart(419)) - Started @4049ms
2019-06-15 08:16:02,528 INFO  server.BaseHttpServer (BaseHttpServer.java:updateConnectorAddress(207)) - HTTP server of HDDSDATANODE is listening at http://0.0.0.0:39313
2019-06-15 08:16:02,532 INFO  datanode.InitDatanodeState (InitDatanodeState.java:persistContainerDatanodeDetails(140)) - DatanodeDetails is persisted to /opt/src/hadoop-ozone/integration-test/target/test-dir/MiniOzoneClusterImpl-5f5b8459-6688-48c0-90a8-3adfedafb084/datanode-0/meta/datanode.id
2019-06-15 08:16:02,621 INFO  ozone.HddsDatanodeService (HddsDatanodeService.java:startPlugins(396)) - Started plug-in org.apache.hadoop.ozone.web.OzoneHddsDatanodeService@30c19bff
2019-06-15 08:16:02,621 INFO  impl.MetricsSystemImpl (MetricsSystemImpl.java:init(158)) - HddsDatanode metrics system started (again)
2019-06-15 08:16:02,622 INFO  ozone.HddsDatanodeService (HddsDatanodeService.java:start(185)) - HddsDatanodeService host:ozone-unit-076618677d3-xbqfw-572796842 ip:192.168.105.190
2019-06-15 08:16:02,635 INFO  volume.HddsVolume (HddsVolume.java:<init>(176)) - Creating Volume: /opt/src/hadoop-ozone/integration-test/target/test-dir/MiniOzoneClusterImpl-5f5b8459-6688-48c0-90a8-3adfedafb084/datanode-2/data/containers/hdds of  storage type : DISK and capacity : 104021790720
2019-06-15 08:16:02,635 INFO  volume.VolumeSet (VolumeSet.java:initializeVolumeSet(170)) - Added Volume : /opt/src/hadoop-ozone/integration-test/target/test-dir/MiniOzoneClusterImpl-5f5b8459-6688-48c0-90a8-3adfedafb084/datanode-2/data/containers/hdds to VolumeSet
2019-06-15 08:16:02,636 INFO  volume.ThrottledAsyncChecker (ThrottledAsyncChecker.java:schedule(140)) - Scheduling a check for org.apache.hadoop.ozone.container.common.volume.HddsVolume@2443abd6
2019-06-15 08:16:02,637 INFO  util.JvmPauseMonitor (JvmPauseMonitor.java:run(188)) - Starting JVM pause monitor
2019-06-15 08:16:02,643 INFO  datanode.InitDatanodeState (InitDatanodeState.java:persistContainerDatanodeDetails(140)) - DatanodeDetails is persisted to /opt/src/hadoop-ozone/integration-test/target/test-dir/MiniOzoneClusterImpl-5f5b8459-6688-48c0-90a8-3adfedafb084/datanode-1/meta/datanode.id
2019-06-15 08:16:02,645 INFO  volume.HddsVolumeChecker (HddsVolumeChecker.java:checkAllVolumes(203)) - Scheduled health check for volume org.apache.hadoop.ozone.container.common.volume.HddsVolume@2443abd6
2019-06-15 08:16:02,659 INFO  ratis.XceiverServerRatis (XceiverServerRatis.java:newXceiverServerRatis(401)) - Found a free port for the server : 35481
2019-06-15 08:16:02,660 INFO  impl.RaftServerProxy (ConfUtils.java:logGet(43)) - raft.rpc.type = GRPC (default)
2019-06-15 08:16:02,660 INFO  grpc.GrpcConfigKeys$Server (ConfUtils.java:logGet(43)) - raft.grpc.server.port = 35481 (custom)
2019-06-15 08:16:02,660 INFO  server.GrpcService (ConfUtils.java:logGet(43)) - raft.grpc.message.size.max = 33570816 (custom)
2019-06-15 08:16:02,661 INFO  server.RaftServerConfigKeys (ConfUtils.java:logGet(43)) - raft.server.log.appender.buffer.byte-limit = 33554432 (custom)
2019-06-15 08:16:02,661 INFO  server.GrpcService (ConfUtils.java:logGet(43)) - raft.grpc.flow.control.window = 1MB (=1048576) (default)
2019-06-15 08:16:02,661 INFO  server.RaftServerConfigKeys (ConfUtils.java:logGet(43)) - raft.server.rpc.request.timeout = 3000ms (default)
2019-06-15 08:16:02,661 INFO  server.RaftServerConfigKeys (ConfUtils.java:logGet(43)) - raft.server.storage.dir = [/opt/src/hadoop-ozone/integration-test/target/test-dir/MiniOzoneClusterImpl-5f5b8459-6688-48c0-90a8-3adfedafb084/datanode-2/data/ratis] (custom)
2019-06-15 08:16:02,662 INFO  server.XceiverServerGrpc (XceiverServerGrpc.java:<init>(97)) - Found a free port for the server : 34179
2019-06-15 08:16:02,662 INFO  replication.SimpleContainerDownloader (SimpleContainerDownloader.java:<init>(72)) - Starting container downloader service to copy containers to replicate.
2019-06-15 08:16:02,663 INFO  hdfs.DFSUtil (DFSUtil.java:httpServerTemplateForNNAndJN(1641)) - Starting Web-server for hddsDatanode at: http://0.0.0.0:0
2019-06-15 08:16:02,664 INFO  server.AuthenticationFilter (AuthenticationFilter.java:constructSecretProvider(240)) - Unable to initialize FileSignerSecretProvider, falling back to use random secrets.
2019-06-15 08:16:02,665 WARN  http.HttpRequestLog (HttpRequestLog.java:getRequestLog(97)) - Jetty request log can only be enabled using Log4j
2019-06-15 08:16:02,666 INFO  http.HttpServer2 (HttpServer2.java:addGlobalFilter(975)) - Added global filter 'safety' (class=org.apache.hadoop.http.HttpServer2$QuotingInputFilter)
2019-06-15 08:16:02,666 INFO  http.HttpServer2 (HttpServer2.java:addFilter(948)) - Added filter static_user_filter (class=org.apache.hadoop.http.lib.StaticUserWebFilter$StaticUserFilter) to context hddsDatanode
2019-06-15 08:16:02,666 INFO  http.HttpServer2 (HttpServer2.java:addFilter(958)) - Added filter static_user_filter (class=org.apache.hadoop.http.lib.StaticUserWebFilter$StaticUserFilter) to context logs
2019-06-15 08:16:02,666 INFO  http.HttpServer2 (HttpServer2.java:addFilter(958)) - Added filter static_user_filter (class=org.apache.hadoop.http.lib.StaticUserWebFilter$StaticUserFilter) to context static
2019-06-15 08:16:02,667 INFO  http.HttpServer2 (HttpServer2.java:bindListener(1191)) - Jetty bound to port 46203
2019-06-15 08:16:02,667 INFO  server.Server (Server.java:doStart(351)) - jetty-9.3.24.v20180605, build timestamp: 2018-06-05T17:11:56Z, git hash: 84205aa28f11a4f31f2a3b86d1bba2cc8ab69827
2019-06-15 08:16:02,668 INFO  handler.ContextHandler (ContextHandler.java:doStart(781)) - Started o.e.j.s.ServletContextHandler@14d25b6e{/logs,file:///opt/src/hadoop-ozone/integration-test/target/log,AVAILABLE}
2019-06-15 08:16:02,669 INFO  handler.ContextHandler (ContextHandler.java:doStart(781)) - Started o.e.j.s.ServletContextHandler@740dcae3{/static,jar:file:/home/user/.m2/repository/org/apache/hadoop/hadoop-hdds-container-service/0.5.0-SNAPSHOT/hadoop-hdds-container-service-0.5.0-SNAPSHOT.jar!/webapps/static,AVAILABLE}
2019-06-15 08:16:02,689 INFO  handler.ContextHandler (ContextHandler.java:doStart(781)) - Started o.e.j.w.WebAppContext@739265f1{/,file:///tmp/jetty-0.0.0.0-46203-hddsDatanode-_-any-6636644033342490329.dir/webapp/,AVAILABLE}{/hddsDatanode}
2019-06-15 08:16:02,690 INFO  server.AbstractConnector (AbstractConnector.java:doStart(278)) - Started ServerConnector@58eac00e{HTTP/1.1,[http/1.1]}{0.0.0.0:46203}
2019-06-15 08:16:02,690 INFO  server.Server (Server.java:doStart(419)) - Started @4212ms
2019-06-15 08:16:02,691 INFO  server.BaseHttpServer (BaseHttpServer.java:updateConnectorAddress(207)) - HTTP server of HDDSDATANODE is listening at http://0.0.0.0:46203
2019-06-15 08:16:02,838 INFO  ozone.HddsDatanodeService (HddsDatanodeService.java:startPlugins(396)) - Started plug-in org.apache.hadoop.ozone.web.OzoneHddsDatanodeService@632b305d
2019-06-15 08:16:02,840 INFO  impl.MetricsSystemImpl (MetricsSystemImpl.java:init(158)) - HddsDatanode metrics system started (again)
2019-06-15 08:16:02,840 INFO  ozone.HddsDatanodeService (HddsDatanodeService.java:start(185)) - HddsDatanodeService host:ozone-unit-076618677d3-xbqfw-572796842 ip:192.168.105.190
2019-06-15 08:16:02,850 INFO  util.JvmPauseMonitor (JvmPauseMonitor.java:run(188)) - Starting JVM pause monitor
2019-06-15 08:16:02,852 INFO  datanode.InitDatanodeState (InitDatanodeState.java:persistContainerDatanodeDetails(140)) - DatanodeDetails is persisted to /opt/src/hadoop-ozone/integration-test/target/test-dir/MiniOzoneClusterImpl-5f5b8459-6688-48c0-90a8-3adfedafb084/datanode-2/meta/datanode.id
2019-06-15 08:16:02,853 INFO  volume.HddsVolume (HddsVolume.java:<init>(176)) - Creating Volume: /opt/src/hadoop-ozone/integration-test/target/test-dir/MiniOzoneClusterImpl-5f5b8459-6688-48c0-90a8-3adfedafb084/datanode-3/data/containers/hdds of  storage type : DISK and capacity : 104021790720
2019-06-15 08:16:02,854 INFO  volume.VolumeSet (VolumeSet.java:initializeVolumeSet(170)) - Added Volume : /opt/src/hadoop-ozone/integration-test/target/test-dir/MiniOzoneClusterImpl-5f5b8459-6688-48c0-90a8-3adfedafb084/datanode-3/data/containers/hdds to VolumeSet
2019-06-15 08:16:02,854 INFO  volume.ThrottledAsyncChecker (ThrottledAsyncChecker.java:schedule(140)) - Scheduling a check for org.apache.hadoop.ozone.container.common.volume.HddsVolume@1f15e689
2019-06-15 08:16:02,854 INFO  volume.HddsVolumeChecker (HddsVolumeChecker.java:checkAllVolumes(203)) - Scheduled health check for volume org.apache.hadoop.ozone.container.common.volume.HddsVolume@1f15e689
2019-06-15 08:16:02,866 INFO  ratis.XceiverServerRatis (XceiverServerRatis.java:newXceiverServerRatis(401)) - Found a free port for the server : 42463
2019-06-15 08:16:02,867 INFO  impl.RaftServerProxy (ConfUtils.java:logGet(43)) - raft.rpc.type = GRPC (default)
2019-06-15 08:16:02,867 INFO  grpc.GrpcConfigKeys$Server (ConfUtils.java:logGet(43)) - raft.grpc.server.port = 42463 (custom)
2019-06-15 08:16:02,867 INFO  server.GrpcService (ConfUtils.java:logGet(43)) - raft.grpc.message.size.max = 33570816 (custom)
2019-06-15 08:16:02,867 INFO  server.RaftServerConfigKeys (ConfUtils.java:logGet(43)) - raft.server.log.appender.buffer.byte-limit = 33554432 (custom)
2019-06-15 08:16:02,868 INFO  server.GrpcService (ConfUtils.java:logGet(43)) - raft.grpc.flow.control.window = 1MB (=1048576) (default)
2019-06-15 08:16:02,868 INFO  server.RaftServerConfigKeys (ConfUtils.java:logGet(43)) - raft.server.rpc.request.timeout = 3000ms (default)
2019-06-15 08:16:02,868 INFO  server.RaftServerConfigKeys (ConfUtils.java:logGet(43)) - raft.server.storage.dir = [/opt/src/hadoop-ozone/integration-test/target/test-dir/MiniOzoneClusterImpl-5f5b8459-6688-48c0-90a8-3adfedafb084/datanode-3/data/ratis] (custom)
2019-06-15 08:16:02,868 INFO  server.XceiverServerGrpc (XceiverServerGrpc.java:<init>(97)) - Found a free port for the server : 37863
2019-06-15 08:16:02,869 INFO  replication.SimpleContainerDownloader (SimpleContainerDownloader.java:<init>(72)) - Starting container downloader service to copy containers to replicate.
2019-06-15 08:16:02,869 INFO  hdfs.DFSUtil (DFSUtil.java:httpServerTemplateForNNAndJN(1641)) - Starting Web-server for hddsDatanode at: http://0.0.0.0:0
2019-06-15 08:16:02,870 INFO  server.AuthenticationFilter (AuthenticationFilter.java:constructSecretProvider(240)) - Unable to initialize FileSignerSecretProvider, falling back to use random secrets.
2019-06-15 08:16:02,873 WARN  http.HttpRequestLog (HttpRequestLog.java:getRequestLog(97)) - Jetty request log can only be enabled using Log4j
2019-06-15 08:16:02,874 INFO  http.HttpServer2 (HttpServer2.java:addGlobalFilter(975)) - Added global filter 'safety' (class=org.apache.hadoop.http.HttpServer2$QuotingInputFilter)
2019-06-15 08:16:02,874 INFO  http.HttpServer2 (HttpServer2.java:addFilter(948)) - Added filter static_user_filter (class=org.apache.hadoop.http.lib.StaticUserWebFilter$StaticUserFilter) to context hddsDatanode
2019-06-15 08:16:02,875 INFO  http.HttpServer2 (HttpServer2.java:addFilter(958)) - Added filter static_user_filter (class=org.apache.hadoop.http.lib.StaticUserWebFilter$StaticUserFilter) to context logs
2019-06-15 08:16:02,875 INFO  http.HttpServer2 (HttpServer2.java:addFilter(958)) - Added filter static_user_filter (class=org.apache.hadoop.http.lib.StaticUserWebFilter$StaticUserFilter) to context static
2019-06-15 08:16:02,875 INFO  http.HttpServer2 (HttpServer2.java:bindListener(1191)) - Jetty bound to port 37075
2019-06-15 08:16:02,875 INFO  server.Server (Server.java:doStart(351)) - jetty-9.3.24.v20180605, build timestamp: 2018-06-05T17:11:56Z, git hash: 84205aa28f11a4f31f2a3b86d1bba2cc8ab69827
2019-06-15 08:16:02,879 INFO  handler.ContextHandler (ContextHandler.java:doStart(781)) - Started o.e.j.s.ServletContextHandler@445bce9a{/logs,file:///opt/src/hadoop-ozone/integration-test/target/log,AVAILABLE}
2019-06-15 08:16:02,879 INFO  handler.ContextHandler (ContextHandler.java:doStart(781)) - Started o.e.j.s.ServletContextHandler@5e1a5f{/static,jar:file:/home/user/.m2/repository/org/apache/hadoop/hadoop-hdds-container-service/0.5.0-SNAPSHOT/hadoop-hdds-container-service-0.5.0-SNAPSHOT.jar!/webapps/static,AVAILABLE}
2019-06-15 08:16:02,900 INFO  handler.ContextHandler (ContextHandler.java:doStart(781)) - Started o.e.j.w.WebAppContext@7d9c45ee{/,file:///tmp/jetty-0.0.0.0-37075-hddsDatanode-_-any-6799792577519126702.dir/webapp/,AVAILABLE}{/hddsDatanode}
2019-06-15 08:16:02,901 INFO  server.AbstractConnector (AbstractConnector.java:doStart(278)) - Started ServerConnector@31da0434{HTTP/1.1,[http/1.1]}{0.0.0.0:37075}
2019-06-15 08:16:02,902 INFO  server.Server (Server.java:doStart(419)) - Started @4424ms
2019-06-15 08:16:02,902 INFO  server.BaseHttpServer (BaseHttpServer.java:updateConnectorAddress(207)) - HTTP server of HDDSDATANODE is listening at http://0.0.0.0:37075
2019-06-15 08:16:03,018 INFO  ozone.HddsDatanodeService (HddsDatanodeService.java:startPlugins(396)) - Started plug-in org.apache.hadoop.ozone.web.OzoneHddsDatanodeService@2322e56f
2019-06-15 08:16:03,021 INFO  impl.MetricsSystemImpl (MetricsSystemImpl.java:init(158)) - HddsDatanode metrics system started (again)
2019-06-15 08:16:03,022 INFO  ozone.HddsDatanodeService (HddsDatanodeService.java:start(185)) - HddsDatanodeService host:ozone-unit-076618677d3-xbqfw-572796842 ip:192.168.105.190
2019-06-15 08:16:03,041 INFO  util.JvmPauseMonitor (JvmPauseMonitor.java:run(188)) - Starting JVM pause monitor
2019-06-15 08:16:03,049 INFO  datanode.InitDatanodeState (InitDatanodeState.java:persistContainerDatanodeDetails(140)) - DatanodeDetails is persisted to /opt/src/hadoop-ozone/integration-test/target/test-dir/MiniOzoneClusterImpl-5f5b8459-6688-48c0-90a8-3adfedafb084/datanode-3/meta/datanode.id
2019-06-15 08:16:03,057 INFO  volume.HddsVolume (HddsVolume.java:<init>(176)) - Creating Volume: /opt/src/hadoop-ozone/integration-test/target/test-dir/MiniOzoneClusterImpl-5f5b8459-6688-48c0-90a8-3adfedafb084/datanode-4/data/containers/hdds of  storage type : DISK and capacity : 104021790720
2019-06-15 08:16:03,058 INFO  volume.VolumeSet (VolumeSet.java:initializeVolumeSet(170)) - Added Volume : /opt/src/hadoop-ozone/integration-test/target/test-dir/MiniOzoneClusterImpl-5f5b8459-6688-48c0-90a8-3adfedafb084/datanode-4/data/containers/hdds to VolumeSet
2019-06-15 08:16:03,058 INFO  volume.ThrottledAsyncChecker (ThrottledAsyncChecker.java:schedule(140)) - Scheduling a check for org.apache.hadoop.ozone.container.common.volume.HddsVolume@4ef18604
2019-06-15 08:16:03,059 INFO  volume.HddsVolumeChecker (HddsVolumeChecker.java:checkAllVolumes(203)) - Scheduled health check for volume org.apache.hadoop.ozone.container.common.volume.HddsVolume@4ef18604
2019-06-15 08:16:03,077 INFO  ratis.XceiverServerRatis (XceiverServerRatis.java:newXceiverServerRatis(401)) - Found a free port for the server : 43605
2019-06-15 08:16:03,079 INFO  impl.RaftServerProxy (ConfUtils.java:logGet(43)) - raft.rpc.type = GRPC (default)
2019-06-15 08:16:03,081 INFO  grpc.GrpcConfigKeys$Server (ConfUtils.java:logGet(43)) - raft.grpc.server.port = 43605 (custom)
2019-06-15 08:16:03,081 INFO  server.GrpcService (ConfUtils.java:logGet(43)) - raft.grpc.message.size.max = 33570816 (custom)
2019-06-15 08:16:03,082 INFO  server.RaftServerConfigKeys (ConfUtils.java:logGet(43)) - raft.server.log.appender.buffer.byte-limit = 33554432 (custom)
2019-06-15 08:16:03,082 INFO  server.GrpcService (ConfUtils.java:logGet(43)) - raft.grpc.flow.control.window = 1MB (=1048576) (default)
2019-06-15 08:16:03,082 INFO  server.RaftServerConfigKeys (ConfUtils.java:logGet(43)) - raft.server.rpc.request.timeout = 3000ms (default)
2019-06-15 08:16:03,083 INFO  server.RaftServerConfigKeys (ConfUtils.java:logGet(43)) - raft.server.storage.dir = [/opt/src/hadoop-ozone/integration-test/target/test-dir/MiniOzoneClusterImpl-5f5b8459-6688-48c0-90a8-3adfedafb084/datanode-4/data/ratis] (custom)
2019-06-15 08:16:03,083 INFO  server.XceiverServerGrpc (XceiverServerGrpc.java:<init>(97)) - Found a free port for the server : 41659
2019-06-15 08:16:03,084 INFO  replication.SimpleContainerDownloader (SimpleContainerDownloader.java:<init>(72)) - Starting container downloader service to copy containers to replicate.
2019-06-15 08:16:03,085 INFO  hdfs.DFSUtil (DFSUtil.java:httpServerTemplateForNNAndJN(1641)) - Starting Web-server for hddsDatanode at: http://0.0.0.0:0
2019-06-15 08:16:03,089 INFO  server.AuthenticationFilter (AuthenticationFilter.java:constructSecretProvider(240)) - Unable to initialize FileSignerSecretProvider, falling back to use random secrets.
2019-06-15 08:16:03,089 WARN  http.HttpRequestLog (HttpRequestLog.java:getRequestLog(97)) - Jetty request log can only be enabled using Log4j
2019-06-15 08:16:03,091 INFO  http.HttpServer2 (HttpServer2.java:addGlobalFilter(975)) - Added global filter 'safety' (class=org.apache.hadoop.http.HttpServer2$QuotingInputFilter)
2019-06-15 08:16:03,091 INFO  http.HttpServer2 (HttpServer2.java:addFilter(948)) - Added filter static_user_filter (class=org.apache.hadoop.http.lib.StaticUserWebFilter$StaticUserFilter) to context hddsDatanode
2019-06-15 08:16:03,091 INFO  http.HttpServer2 (HttpServer2.java:addFilter(958)) - Added filter static_user_filter (class=org.apache.hadoop.http.lib.StaticUserWebFilter$StaticUserFilter) to context logs
2019-06-15 08:16:03,092 INFO  http.HttpServer2 (HttpServer2.java:addFilter(958)) - Added filter static_user_filter (class=org.apache.hadoop.http.lib.StaticUserWebFilter$StaticUserFilter) to context static
2019-06-15 08:16:03,092 INFO  http.HttpServer2 (HttpServer2.java:bindListener(1191)) - Jetty bound to port 37017
2019-06-15 08:16:03,092 INFO  server.Server (Server.java:doStart(351)) - jetty-9.3.24.v20180605, build timestamp: 2018-06-05T17:11:56Z, git hash: 84205aa28f11a4f31f2a3b86d1bba2cc8ab69827
2019-06-15 08:16:03,097 INFO  handler.ContextHandler (ContextHandler.java:doStart(781)) - Started o.e.j.s.ServletContextHandler@6da54910{/logs,file:///opt/src/hadoop-ozone/integration-test/target/log,AVAILABLE}
2019-06-15 08:16:03,097 INFO  handler.ContextHandler (ContextHandler.java:doStart(781)) - Started o.e.j.s.ServletContextHandler@24134cbc{/static,jar:file:/home/user/.m2/repository/org/apache/hadoop/hadoop-hdds-container-service/0.5.0-SNAPSHOT/hadoop-hdds-container-service-0.5.0-SNAPSHOT.jar!/webapps/static,AVAILABLE}
2019-06-15 08:16:03,117 INFO  handler.ContextHandler (ContextHandler.java:doStart(781)) - Started o.e.j.w.WebAppContext@256bb5be{/,file:///tmp/jetty-0.0.0.0-37017-hddsDatanode-_-any-8923417672960046549.dir/webapp/,AVAILABLE}{/hddsDatanode}
2019-06-15 08:16:03,118 INFO  server.AbstractConnector (AbstractConnector.java:doStart(278)) - Started ServerConnector@5fef0c19{HTTP/1.1,[http/1.1]}{0.0.0.0:37017}
2019-06-15 08:16:03,118 INFO  server.Server (Server.java:doStart(419)) - Started @4640ms
2019-06-15 08:16:03,119 INFO  server.BaseHttpServer (BaseHttpServer.java:updateConnectorAddress(207)) - HTTP server of HDDSDATANODE is listening at http://0.0.0.0:37017
2019-06-15 08:16:03,230 INFO  ozone.HddsDatanodeService (HddsDatanodeService.java:startPlugins(396)) - Started plug-in org.apache.hadoop.ozone.web.OzoneHddsDatanodeService@3e43f049
2019-06-15 08:16:03,230 INFO  impl.MetricsSystemImpl (MetricsSystemImpl.java:init(158)) - HddsDatanode metrics system started (again)
2019-06-15 08:16:03,230 INFO  ozone.HddsDatanodeService (HddsDatanodeService.java:start(185)) - HddsDatanodeService host:ozone-unit-076618677d3-xbqfw-572796842 ip:192.168.105.190
2019-06-15 08:16:03,233 INFO  util.JvmPauseMonitor (JvmPauseMonitor.java:run(188)) - Starting JVM pause monitor
2019-06-15 08:16:03,235 INFO  datanode.InitDatanodeState (InitDatanodeState.java:persistContainerDatanodeDetails(140)) - DatanodeDetails is persisted to /opt/src/hadoop-ozone/integration-test/target/test-dir/MiniOzoneClusterImpl-5f5b8459-6688-48c0-90a8-3adfedafb084/datanode-4/meta/datanode.id
2019-06-15 08:16:03,239 INFO  volume.HddsVolume (HddsVolume.java:<init>(176)) - Creating Volume: /opt/src/hadoop-ozone/integration-test/target/test-dir/MiniOzoneClusterImpl-5f5b8459-6688-48c0-90a8-3adfedafb084/datanode-5/data/containers/hdds of  storage type : DISK and capacity : 104021790720
2019-06-15 08:16:03,239 INFO  volume.VolumeSet (VolumeSet.java:initializeVolumeSet(170)) - Added Volume : /opt/src/hadoop-ozone/integration-test/target/test-dir/MiniOzoneClusterImpl-5f5b8459-6688-48c0-90a8-3adfedafb084/datanode-5/data/containers/hdds to VolumeSet
2019-06-15 08:16:03,240 INFO  volume.ThrottledAsyncChecker (ThrottledAsyncChecker.java:schedule(140)) - Scheduling a check for org.apache.hadoop.ozone.container.common.volume.HddsVolume@58a7dc4
2019-06-15 08:16:03,240 INFO  volume.HddsVolumeChecker (HddsVolumeChecker.java:checkAllVolumes(203)) - Scheduled health check for volume org.apache.hadoop.ozone.container.common.volume.HddsVolume@58a7dc4
2019-06-15 08:16:03,252 INFO  ratis.XceiverServerRatis (XceiverServerRatis.java:newXceiverServerRatis(401)) - Found a free port for the server : 33151
2019-06-15 08:16:03,253 INFO  impl.RaftServerProxy (ConfUtils.java:logGet(43)) - raft.rpc.type = GRPC (default)
2019-06-15 08:16:03,254 INFO  grpc.GrpcConfigKeys$Server (ConfUtils.java:logGet(43)) - raft.grpc.server.port = 33151 (custom)
2019-06-15 08:16:03,254 INFO  server.GrpcService (ConfUtils.java:logGet(43)) - raft.grpc.message.size.max = 33570816 (custom)
2019-06-15 08:16:03,254 INFO  server.RaftServerConfigKeys (ConfUtils.java:logGet(43)) - raft.server.log.appender.buffer.byte-limit = 33554432 (custom)
2019-06-15 08:16:03,254 INFO  server.GrpcService (ConfUtils.java:logGet(43)) - raft.grpc.flow.control.window = 1MB (=1048576) (default)
2019-06-15 08:16:03,254 INFO  server.RaftServerConfigKeys (ConfUtils.java:logGet(43)) - raft.server.rpc.request.timeout = 3000ms (default)
2019-06-15 08:16:03,255 INFO  server.RaftServerConfigKeys (ConfUtils.java:logGet(43)) - raft.server.storage.dir = [/opt/src/hadoop-ozone/integration-test/target/test-dir/MiniOzoneClusterImpl-5f5b8459-6688-48c0-90a8-3adfedafb084/datanode-5/data/ratis] (custom)
2019-06-15 08:16:03,255 INFO  server.XceiverServerGrpc (XceiverServerGrpc.java:<init>(97)) - Found a free port for the server : 36651
2019-06-15 08:16:03,256 INFO  replication.SimpleContainerDownloader (SimpleContainerDownloader.java:<init>(72)) - Starting container downloader service to copy containers to replicate.
2019-06-15 08:16:03,257 INFO  hdfs.DFSUtil (DFSUtil.java:httpServerTemplateForNNAndJN(1641)) - Starting Web-server for hddsDatanode at: http://0.0.0.0:0
2019-06-15 08:16:03,258 INFO  server.AuthenticationFilter (AuthenticationFilter.java:constructSecretProvider(240)) - Unable to initialize FileSignerSecretProvider, falling back to use random secrets.
2019-06-15 08:16:03,258 WARN  http.HttpRequestLog (HttpRequestLog.java:getRequestLog(97)) - Jetty request log can only be enabled using Log4j
2019-06-15 08:16:03,259 INFO  http.HttpServer2 (HttpServer2.java:addGlobalFilter(975)) - Added global filter 'safety' (class=org.apache.hadoop.http.HttpServer2$QuotingInputFilter)
2019-06-15 08:16:03,260 INFO  http.HttpServer2 (HttpServer2.java:addFilter(948)) - Added filter static_user_filter (class=org.apache.hadoop.http.lib.StaticUserWebFilter$StaticUserFilter) to context hddsDatanode
2019-06-15 08:16:03,260 INFO  http.HttpServer2 (HttpServer2.java:addFilter(958)) - Added filter static_user_filter (class=org.apache.hadoop.http.lib.StaticUserWebFilter$StaticUserFilter) to context logs
2019-06-15 08:16:03,260 INFO  http.HttpServer2 (HttpServer2.java:addFilter(958)) - Added filter static_user_filter (class=org.apache.hadoop.http.lib.StaticUserWebFilter$StaticUserFilter) to context static
2019-06-15 08:16:03,261 INFO  http.HttpServer2 (HttpServer2.java:bindListener(1191)) - Jetty bound to port 43315
2019-06-15 08:16:03,261 INFO  server.Server (Server.java:doStart(351)) - jetty-9.3.24.v20180605, build timestamp: 2018-06-05T17:11:56Z, git hash: 84205aa28f11a4f31f2a3b86d1bba2cc8ab69827
2019-06-15 08:16:03,262 INFO  handler.ContextHandler (ContextHandler.java:doStart(781)) - Started o.e.j.s.ServletContextHandler@e3899fd{/logs,file:///opt/src/hadoop-ozone/integration-test/target/log,AVAILABLE}
2019-06-15 08:16:03,263 INFO  handler.ContextHandler (ContextHandler.java:doStart(781)) - Started o.e.j.s.ServletContextHandler@788e3702{/static,jar:file:/home/user/.m2/repository/org/apache/hadoop/hadoop-hdds-container-service/0.5.0-SNAPSHOT/hadoop-hdds-container-service-0.5.0-SNAPSHOT.jar!/webapps/static,AVAILABLE}
2019-06-15 08:16:03,292 INFO  handler.ContextHandler (ContextHandler.java:doStart(781)) - Started o.e.j.w.WebAppContext@99a8de3{/,file:///tmp/jetty-0.0.0.0-43315-hddsDatanode-_-any-6057433042413004819.dir/webapp/,AVAILABLE}{/hddsDatanode}
2019-06-15 08:16:03,292 INFO  server.AbstractConnector (AbstractConnector.java:doStart(278)) - Started ServerConnector@87f501f{HTTP/1.1,[http/1.1]}{0.0.0.0:43315}
2019-06-15 08:16:03,294 INFO  server.Server (Server.java:doStart(419)) - Started @4816ms
2019-06-15 08:16:03,294 INFO  server.BaseHttpServer (BaseHttpServer.java:updateConnectorAddress(207)) - HTTP server of HDDSDATANODE is listening at http://0.0.0.0:43315
2019-06-15 08:16:03,438 INFO  ozone.HddsDatanodeService (HddsDatanodeService.java:startPlugins(396)) - Started plug-in org.apache.hadoop.ozone.web.OzoneHddsDatanodeService@6c5ca0b6
2019-06-15 08:16:03,439 INFO  ozone.MiniOzoneClusterImpl (MiniOzoneClusterImpl.java:lambda$waitForClusterToBeReady$0(142)) - Waiting for cluster to be ready. Got 0 of 6 DN Heartbeats.
2019-06-15 08:16:03,440 INFO  util.JvmPauseMonitor (JvmPauseMonitor.java:run(188)) - Starting JVM pause monitor
2019-06-15 08:16:03,441 INFO  datanode.InitDatanodeState (InitDatanodeState.java:persistContainerDatanodeDetails(140)) - DatanodeDetails is persisted to /opt/src/hadoop-ozone/integration-test/target/test-dir/MiniOzoneClusterImpl-5f5b8459-6688-48c0-90a8-3adfedafb084/datanode-5/meta/datanode.id
2019-06-15 08:16:04,439 INFO  ozone.MiniOzoneClusterImpl (MiniOzoneClusterImpl.java:lambda$waitForClusterToBeReady$0(142)) - Waiting for cluster to be ready. Got 0 of 6 DN Heartbeats.
2019-06-15 08:16:04,471 INFO  ozoneimpl.OzoneContainer (OzoneContainer.java:start(186)) - Attempting to start container services.
2019-06-15 08:16:04,471 INFO  ozoneimpl.OzoneContainer (OzoneContainer.java:startContainerScrub(160)) - Background container scrubber has been disabled by hdds.containerscrub.enabled
2019-06-15 08:16:04,471 INFO  ratis.XceiverServerRatis (XceiverServerRatis.java:start(418)) - Starting XceiverServerRatis 0137ee16-d057-4c9b-8c7c-ca32fc7297d0 at port 37241
2019-06-15 08:16:04,483 INFO  impl.RaftServerProxy (RaftServerProxy.java:lambda$start$3(299)) - 0137ee16-d057-4c9b-8c7c-ca32fc7297d0: start RPC server
2019-06-15 08:16:04,590 INFO  server.GrpcService (GrpcService.java:startImpl(148)) - 0137ee16-d057-4c9b-8c7c-ca32fc7297d0: GrpcService started, listening on 0.0.0.0/0.0.0.0:37241
2019-06-15 08:16:04,642 INFO  ozoneimpl.OzoneContainer (OzoneContainer.java:start(186)) - Attempting to start container services.
2019-06-15 08:16:04,643 INFO  ozoneimpl.OzoneContainer (OzoneContainer.java:startContainerScrub(160)) - Background container scrubber has been disabled by hdds.containerscrub.enabled
2019-06-15 08:16:04,643 INFO  ratis.XceiverServerRatis (XceiverServerRatis.java:start(418)) - Starting XceiverServerRatis d21e4beb-8633-4633-94c8-3521e9cdc4c4 at port 36791
2019-06-15 08:16:04,647 INFO  impl.RaftServerProxy (RaftServerProxy.java:lambda$start$3(299)) - d21e4beb-8633-4633-94c8-3521e9cdc4c4: start RPC server
2019-06-15 08:16:04,649 INFO  server.GrpcService (GrpcService.java:startImpl(148)) - d21e4beb-8633-4633-94c8-3521e9cdc4c4: GrpcService started, listening on 0.0.0.0/0.0.0.0:36791
2019-06-15 08:16:04,849 INFO  ozoneimpl.OzoneContainer (OzoneContainer.java:start(186)) - Attempting to start container services.
2019-06-15 08:16:04,850 INFO  ozoneimpl.OzoneContainer (OzoneContainer.java:startContainerScrub(160)) - Background container scrubber has been disabled by hdds.containerscrub.enabled
2019-06-15 08:16:04,850 INFO  ratis.XceiverServerRatis (XceiverServerRatis.java:start(418)) - Starting XceiverServerRatis 1bef906d-9a85-4502-92ea-9a526555fa3c at port 35481
2019-06-15 08:16:04,856 INFO  impl.RaftServerProxy (RaftServerProxy.java:lambda$start$3(299)) - 1bef906d-9a85-4502-92ea-9a526555fa3c: start RPC server
2019-06-15 08:16:04,858 INFO  server.GrpcService (GrpcService.java:startImpl(148)) - 1bef906d-9a85-4502-92ea-9a526555fa3c: GrpcService started, listening on 0.0.0.0/0.0.0.0:35481
2019-06-15 08:16:05,042 INFO  ozoneimpl.OzoneContainer (OzoneContainer.java:start(186)) - Attempting to start container services.
2019-06-15 08:16:05,043 INFO  ozoneimpl.OzoneContainer (OzoneContainer.java:startContainerScrub(160)) - Background container scrubber has been disabled by hdds.containerscrub.enabled
2019-06-15 08:16:05,043 INFO  ratis.XceiverServerRatis (XceiverServerRatis.java:start(418)) - Starting XceiverServerRatis 3fe1c831-b364-461e-a215-fc15f75c5ec8 at port 42463
2019-06-15 08:16:05,049 INFO  impl.RaftServerProxy (RaftServerProxy.java:lambda$start$3(299)) - 3fe1c831-b364-461e-a215-fc15f75c5ec8: start RPC server
2019-06-15 08:16:05,051 INFO  server.GrpcService (GrpcService.java:startImpl(148)) - 3fe1c831-b364-461e-a215-fc15f75c5ec8: GrpcService started, listening on 0.0.0.0/0.0.0.0:42463
2019-06-15 08:16:05,238 INFO  ozoneimpl.OzoneContainer (OzoneContainer.java:start(186)) - Attempting to start container services.
2019-06-15 08:16:05,239 INFO  ozoneimpl.OzoneContainer (OzoneContainer.java:startContainerScrub(160)) - Background container scrubber has been disabled by hdds.containerscrub.enabled
2019-06-15 08:16:05,239 INFO  ratis.XceiverServerRatis (XceiverServerRatis.java:start(418)) - Starting XceiverServerRatis 9ff0ff85-f4bc-42b1-9258-fd0a72bfc201 at port 43605
2019-06-15 08:16:05,244 INFO  impl.RaftServerProxy (RaftServerProxy.java:lambda$start$3(299)) - 9ff0ff85-f4bc-42b1-9258-fd0a72bfc201: start RPC server
2019-06-15 08:16:05,246 INFO  server.GrpcService (GrpcService.java:startImpl(148)) - 9ff0ff85-f4bc-42b1-9258-fd0a72bfc201: GrpcService started, listening on 0.0.0.0/0.0.0.0:43605
2019-06-15 08:16:05,440 INFO  ozone.MiniOzoneClusterImpl (MiniOzoneClusterImpl.java:lambda$waitForClusterToBeReady$0(142)) - Waiting for cluster to be ready. Got 0 of 6 DN Heartbeats.
2019-06-15 08:16:05,443 INFO  ozoneimpl.OzoneContainer (OzoneContainer.java:start(186)) - Attempting to start container services.
2019-06-15 08:16:05,445 INFO  ozoneimpl.OzoneContainer (OzoneContainer.java:startContainerScrub(160)) - Background container scrubber has been disabled by hdds.containerscrub.enabled
2019-06-15 08:16:05,445 INFO  ratis.XceiverServerRatis (XceiverServerRatis.java:start(418)) - Starting XceiverServerRatis f1360491-aa95-4f78-970f-4e6e519d76e0 at port 33151
2019-06-15 08:16:05,449 INFO  impl.RaftServerProxy (RaftServerProxy.java:lambda$start$3(299)) - f1360491-aa95-4f78-970f-4e6e519d76e0: start RPC server
2019-06-15 08:16:05,451 INFO  server.GrpcService (GrpcService.java:startImpl(148)) - f1360491-aa95-4f78-970f-4e6e519d76e0: GrpcService started, listening on 0.0.0.0/0.0.0.0:33151
2019-06-15 08:16:06,441 INFO  ozone.MiniOzoneClusterImpl (MiniOzoneClusterImpl.java:lambda$waitForClusterToBeReady$0(142)) - Waiting for cluster to be ready. Got 0 of 6 DN Heartbeats.
2019-06-15 08:16:06,470 INFO  net.NetworkTopology (NetworkTopologyImpl.java:add(109)) - Added a new node: /default-rack/192.168.105.190
2019-06-15 08:16:06,470 INFO  node.SCMNodeManager (SCMNodeManager.java:register(269)) - Registered Data node : 0137ee16-d057-4c9b-8c7c-ca32fc7297d0{ip: 192.168.105.190, host: ozone-unit-076618677d3-xbqfw-572796842, networkLocation: /default-rack, certSerialId: null}
2019-06-15 08:16:06,477 INFO  safemode.SCMSafeModeManager (DataNodeSafeModeRule.java:process(71)) - SCM in safe mode. 1 DataNodes registered, 1 required.
2019-06-15 08:16:06,478 INFO  safemode.SCMSafeModeManager (SCMSafeModeManager.java:validateSafeModeExitRules(177)) - ScmSafeModeManager, all rules are successfully validated
2019-06-15 08:16:06,478 INFO  safemode.SCMSafeModeManager (SCMSafeModeManager.java:exitSafeMode(193)) - SCM exiting safe mode.
2019-06-15 08:16:06,641 INFO  node.SCMNodeManager (SCMNodeManager.java:register(269)) - Registered Data node : d21e4beb-8633-4633-94c8-3521e9cdc4c4{ip: 192.168.105.190, host: ozone-unit-076618677d3-xbqfw-572796842, networkLocation: /default-rack, certSerialId: null}
2019-06-15 08:16:06,789 INFO  impl.RaftServerProxy (RaftServerProxy.java:addNew(89)) - 0137ee16-d057-4c9b-8c7c-ca32fc7297d0: addNew group-41D377EF6919:[0137ee16-d057-4c9b-8c7c-ca32fc7297d0:192.168.105.190:37241] returns group-41D377EF6919:java.util.concurrent.CompletableFuture@6af74bc9[Not completed]
2019-06-15 08:16:06,794 INFO  impl.RaftServerImpl (RaftServerImpl.java:<init>(91)) - 0137ee16-d057-4c9b-8c7c-ca32fc7297d0: new RaftServerImpl for group-41D377EF6919:[0137ee16-d057-4c9b-8c7c-ca32fc7297d0:192.168.105.190:37241] with ContainerStateMachine:uninitialized
2019-06-15 08:16:06,795 INFO  server.RaftServerConfigKeys (ConfUtils.java:logGet(43)) - raft.server.rpc.timeout.min = 1s (custom)
2019-06-15 08:16:06,795 INFO  server.RaftServerConfigKeys (ConfUtils.java:logGet(43)) - raft.server.rpc.timeout.max = 1200ms (custom)
2019-06-15 08:16:06,795 INFO  server.RaftServerConfigKeys (ConfUtils.java:logGet(43)) - raft.server.rpcslowness.timeout = 10s (custom)
2019-06-15 08:16:06,795 INFO  server.RaftServerConfigKeys (ConfUtils.java:logGet(43)) - raft.server.log.appender.install.snapshot.enabled = true (default)
2019-06-15 08:16:06,800 INFO  impl.RaftServerImpl (ServerState.java:<init>(101)) - 0137ee16-d057-4c9b-8c7c-ca32fc7297d0:group-41D377EF6919 ConfigurationManager, init=-1: [0137ee16-d057-4c9b-8c7c-ca32fc7297d0:192.168.105.190:37241], old=null, confs=<EMPTY_MAP>
2019-06-15 08:16:06,801 INFO  server.RaftServerConfigKeys (ConfUtils.java:logGet(43)) - raft.server.storage.dir = [/opt/src/hadoop-ozone/integration-test/target/test-dir/MiniOzoneClusterImpl-5f5b8459-6688-48c0-90a8-3adfedafb084/datanode-0/data/ratis] (custom)
2019-06-15 08:16:06,807 INFO  storage.RaftStorageDirectory (RaftStorageDirectory.java:analyzeStorage(246)) - The storage directory /opt/src/hadoop-ozone/integration-test/target/test-dir/MiniOzoneClusterImpl-5f5b8459-6688-48c0-90a8-3adfedafb084/datanode-0/data/ratis/eb282baa-15e4-4712-848d-41d377ef6919 does not exist. Creating ...
2019-06-15 08:16:06,922 INFO  node.SCMNodeManager (SCMNodeManager.java:register(269)) - Registered Data node : 1bef906d-9a85-4502-92ea-9a526555fa3c{ip: 192.168.105.190, host: ozone-unit-076618677d3-xbqfw-572796842, networkLocation: /default-rack, certSerialId: null}
2019-06-15 08:16:06,922 INFO  storage.RaftStorageDirectory (RaftStorageDirectory.java:tryLock(328)) - Lock on /opt/src/hadoop-ozone/integration-test/target/test-dir/MiniOzoneClusterImpl-5f5b8459-6688-48c0-90a8-3adfedafb084/datanode-0/data/ratis/eb282baa-15e4-4712-848d-41d377ef6919/in_use.lock acquired by nodename 9934@ozone-unit-076618677d3-xbqfw-572796842
2019-06-15 08:16:06,926 INFO  storage.RaftStorage (RaftStorage.java:format(75)) - Storage directory /opt/src/hadoop-ozone/integration-test/target/test-dir/MiniOzoneClusterImpl-5f5b8459-6688-48c0-90a8-3adfedafb084/datanode-0/data/ratis/eb282baa-15e4-4712-848d-41d377ef6919 has been successfully formatted.
2019-06-15 08:16:06,927 INFO  ratis.ContainerStateMachine (ContainerStateMachine.java:loadSnapshot(199)) - The snapshot info is null.Setting the last applied index to:(t:0, i:~)
2019-06-15 08:16:06,928 INFO  server.RaftServerConfigKeys (ConfUtils.java:logGet(43)) - raft.server.leader.election.timeout = 10s (custom)
2019-06-15 08:16:06,929 INFO  server.RaftServerConfigKeys (ConfUtils.java:logGet(43)) - raft.server.log.use.memory = false (default)
2019-06-15 08:16:06,931 INFO  server.RaftServerConfigKeys (ConfUtils.java:logGet(43)) - raft.server.log.appender.buffer.byte-limit = 33554432 (custom)
2019-06-15 08:16:06,933 INFO  server.RaftServerConfigKeys (ConfUtils.java:logGet(43)) - raft.server.log.segment.size.max = 16384 (custom)
2019-06-15 08:16:06,936 INFO  server.RaftServerConfigKeys (ConfUtils.java:logGet(43)) - raft.server.log.segment.cache.num.max = 2 (custom)
2019-06-15 08:16:06,938 INFO  storage.RaftLogWorker (RaftLogWorker.java:<init>(123)) - new 0137ee16-d057-4c9b-8c7c-ca32fc7297d0-RaftLogWorker for Storage Directory /opt/src/hadoop-ozone/integration-test/target/test-dir/MiniOzoneClusterImpl-5f5b8459-6688-48c0-90a8-3adfedafb084/datanode-0/data/ratis/eb282baa-15e4-4712-848d-41d377ef6919
2019-06-15 08:16:06,938 INFO  server.RaftServerConfigKeys (ConfUtils.java:logGet(43)) - raft.server.log.queue.byte-limit = 2147483647 (custom)
2019-06-15 08:16:06,939 INFO  server.RaftServerConfigKeys (ConfUtils.java:logGet(43)) - raft.server.log.queue.element-limit = 1024 (custom)
2019-06-15 08:16:06,940 INFO  server.RaftServerConfigKeys (ConfUtils.java:logGet(43)) - raft.server.log.segment.size.max = 16384 (custom)
2019-06-15 08:16:06,940 INFO  server.RaftServerConfigKeys (ConfUtils.java:logGet(43)) - raft.server.log.preallocated.size = 16384 (custom)
2019-06-15 08:16:06,941 INFO  server.RaftServerConfigKeys (ConfUtils.java:logGet(43)) - raft.server.log.write.buffer.size = 33554432 (custom)
2019-06-15 08:16:06,941 INFO  server.RaftServerConfigKeys (ConfUtils.java:logGet(43)) - raft.server.log.force.sync.num = 128 (default)
2019-06-15 08:16:06,942 INFO  server.RaftServerConfigKeys (ConfUtils.java:logGet(43)) - raft.server.log.statemachine.data.sync = true (default)
2019-06-15 08:16:06,942 INFO  server.RaftServerConfigKeys (ConfUtils.java:logGet(43)) - raft.server.log.statemachine.data.sync.timeout = 10s (default)
2019-06-15 08:16:06,942 INFO  server.RaftServerConfigKeys (ConfUtils.java:logGet(43)) - raft.server.log.statemachine.data.sync.timeout.retry = -1 (default)
2019-06-15 08:16:06,945 INFO  server.RaftServerConfigKeys (ConfUtils.java:logGet(43)) - raft.server.log.statemachine.data.caching.enabled = true (custom)
2019-06-15 08:16:06,950 INFO  server.RaftServerConfigKeys (ConfUtils.java:logGet(43)) - raft.server.snapshot.auto.trigger.enabled = true (custom)
2019-06-15 08:16:06,951 INFO  server.RaftServerConfigKeys (ConfUtils.java:logGet(43)) - raft.server.snapshot.auto.trigger.threshold = 10000 (custom)
2019-06-15 08:16:06,951 INFO  server.RaftServerConfigKeys (ConfUtils.java:logGet(43)) - raft.server.retrycache.expirytime = 600000ms (custom)
2019-06-15 08:16:06,964 INFO  impl.RaftServerImpl (RaftServerImpl.java:start(173)) - 0137ee16-d057-4c9b-8c7c-ca32fc7297d0: start group-41D377EF6919
2019-06-15 08:16:06,965 INFO  impl.RaftServerImpl (RaftServerImpl.java:setRole(164)) - 0137ee16-d057-4c9b-8c7c-ca32fc7297d0:group-41D377EF6919 changes role from null to FOLLOWER at term 0 for startAsFollower
2019-06-15 08:16:06,966 INFO  impl.RoleInfo (RoleInfo.java:updateAndGet(143)) - 0137ee16-d057-4c9b-8c7c-ca32fc7297d0: start FollowerState
2019-06-15 08:16:06,967 INFO  util.JmxRegister (JmxRegister.java:tryRegister(44)) - Successfully registered JMX Bean with object name Ratis:service=RaftServer,group=group-41D377EF6919,id=0137ee16-d057-4c9b-8c7c-ca32fc7297d0
2019-06-15 08:16:07,006 INFO  pipeline.PipelineStateManager (PipelineStateManager.java:addPipeline(56)) - Created pipeline Pipeline[ Id: eb282baa-15e4-4712-848d-41d377ef6919, Nodes: 0137ee16-d057-4c9b-8c7c-ca32fc7297d0{ip: 192.168.105.190, host: ozone-unit-076618677d3-xbqfw-572796842, networkLocation: /default-rack, certSerialId: null}, Type:RATIS, Factor:ONE, State:OPEN]
2019-06-15 08:16:07,022 INFO  impl.RaftServerProxy (RaftServerProxy.java:addNew(89)) - 1bef906d-9a85-4502-92ea-9a526555fa3c: addNew group-23C54253D862:[1bef906d-9a85-4502-92ea-9a526555fa3c:192.168.105.190:35481] returns group-23C54253D862:java.util.concurrent.CompletableFuture@64c468fd[Not completed]
2019-06-15 08:16:07,022 INFO  impl.RaftServerImpl (RaftServerImpl.java:<init>(91)) - 1bef906d-9a85-4502-92ea-9a526555fa3c: new RaftServerImpl for group-23C54253D862:[1bef906d-9a85-4502-92ea-9a526555fa3c:192.168.105.190:35481] with ContainerStateMachine:uninitialized
2019-06-15 08:16:07,023 INFO  server.RaftServerConfigKeys (ConfUtils.java:logGet(43)) - raft.server.rpc.timeout.min = 1s (custom)
2019-06-15 08:16:07,023 INFO  server.RaftServerConfigKeys (ConfUtils.java:logGet(43)) - raft.server.rpc.timeout.max = 1200ms (custom)
2019-06-15 08:16:07,023 INFO  server.RaftServerConfigKeys (ConfUtils.java:logGet(43)) - raft.server.rpcslowness.timeout = 10s (custom)
2019-06-15 08:16:07,023 INFO  server.RaftServerConfigKeys (ConfUtils.java:logGet(43)) - raft.server.log.appender.install.snapshot.enabled = true (default)
2019-06-15 08:16:07,023 INFO  impl.RaftServerImpl (ServerState.java:<init>(101)) - 1bef906d-9a85-4502-92ea-9a526555fa3c:group-23C54253D862 ConfigurationManager, init=-1: [1bef906d-9a85-4502-92ea-9a526555fa3c:192.168.105.190:35481], old=null, confs=<EMPTY_MAP>
2019-06-15 08:16:07,024 INFO  server.RaftServerConfigKeys (ConfUtils.java:logGet(43)) - raft.server.storage.dir = [/opt/src/hadoop-ozone/integration-test/target/test-dir/MiniOzoneClusterImpl-5f5b8459-6688-48c0-90a8-3adfedafb084/datanode-2/data/ratis] (custom)
2019-06-15 08:16:07,024 INFO  storage.RaftStorageDirectory (RaftStorageDirectory.java:analyzeStorage(246)) - The storage directory /opt/src/hadoop-ozone/integration-test/target/test-dir/MiniOzoneClusterImpl-5f5b8459-6688-48c0-90a8-3adfedafb084/datanode-2/data/ratis/e728cb00-c3cc-4131-bd84-23c54253d862 does not exist. Creating ...
2019-06-15 08:16:07,027 INFO  storage.RaftStorageDirectory (RaftStorageDirectory.java:tryLock(328)) - Lock on /opt/src/hadoop-ozone/integration-test/target/test-dir/MiniOzoneClusterImpl-5f5b8459-6688-48c0-90a8-3adfedafb084/datanode-2/data/ratis/e728cb00-c3cc-4131-bd84-23c54253d862/in_use.lock acquired by nodename 9934@ozone-unit-076618677d3-xbqfw-572796842
2019-06-15 08:16:07,029 INFO  storage.RaftStorage (RaftStorage.java:format(75)) - Storage directory /opt/src/hadoop-ozone/integration-test/target/test-dir/MiniOzoneClusterImpl-5f5b8459-6688-48c0-90a8-3adfedafb084/datanode-2/data/ratis/e728cb00-c3cc-4131-bd84-23c54253d862 has been successfully formatted.
2019-06-15 08:16:07,030 INFO  ratis.ContainerStateMachine (ContainerStateMachine.java:loadSnapshot(199)) - The snapshot info is null.Setting the last applied index to:(t:0, i:~)
2019-06-15 08:16:07,031 INFO  server.RaftServerConfigKeys (ConfUtils.java:logGet(43)) - raft.server.leader.election.timeout = 10s (custom)
2019-06-15 08:16:07,031 INFO  server.RaftServerConfigKeys (ConfUtils.java:logGet(43)) - raft.server.log.use.memory = false (default)
2019-06-15 08:16:07,031 INFO  server.RaftServerConfigKeys (ConfUtils.java:logGet(43)) - raft.server.log.appender.buffer.byte-limit = 33554432 (custom)
2019-06-15 08:16:07,031 INFO  server.RaftServerConfigKeys (ConfUtils.java:logGet(43)) - raft.server.log.segment.size.max = 16384 (custom)
2019-06-15 08:16:07,031 INFO  server.RaftServerConfigKeys (ConfUtils.java:logGet(43)) - raft.server.log.segment.cache.num.max = 2 (custom)
2019-06-15 08:16:07,031 INFO  storage.RaftLogWorker (RaftLogWorker.java:<init>(123)) - new 1bef906d-9a85-4502-92ea-9a526555fa3c-RaftLogWorker for Storage Directory /opt/src/hadoop-ozone/integration-test/target/test-dir/MiniOzoneClusterImpl-5f5b8459-6688-48c0-90a8-3adfedafb084/datanode-2/data/ratis/e728cb00-c3cc-4131-bd84-23c54253d862
2019-06-15 08:16:07,032 INFO  server.RaftServerConfigKeys (ConfUtils.java:logGet(43)) - raft.server.log.queue.byte-limit = 2147483647 (custom)
2019-06-15 08:16:07,032 INFO  server.RaftServerConfigKeys (ConfUtils.java:logGet(43)) - raft.server.log.queue.element-limit = 1024 (custom)
2019-06-15 08:16:07,032 INFO  server.RaftServerConfigKeys (ConfUtils.java:logGet(43)) - raft.server.log.segment.size.max = 16384 (custom)
2019-06-15 08:16:07,032 INFO  server.RaftServerConfigKeys (ConfUtils.java:logGet(43)) - raft.server.log.preallocated.size = 16384 (custom)
2019-06-15 08:16:07,032 INFO  server.RaftServerConfigKeys (ConfUtils.java:logGet(43)) - raft.server.log.write.buffer.size = 33554432 (custom)
2019-06-15 08:16:07,032 INFO  server.RaftServerConfigKeys (ConfUtils.java:logGet(43)) - raft.server.log.force.sync.num = 128 (default)
2019-06-15 08:16:07,033 INFO  server.RaftServerConfigKeys (ConfUtils.java:logGet(43)) - raft.server.log.statemachine.data.sync = true (default)
2019-06-15 08:16:07,033 INFO  server.RaftServerConfigKeys (ConfUtils.java:logGet(43)) - raft.server.log.statemachine.data.sync.timeout = 10s (default)
2019-06-15 08:16:07,033 INFO  server.RaftServerConfigKeys (ConfUtils.java:logGet(43)) - raft.server.log.statemachine.data.sync.timeout.retry = -1 (default)
2019-06-15 08:16:07,033 INFO  server.RaftServerConfigKeys (ConfUtils.java:logGet(43)) - raft.server.log.statemachine.data.caching.enabled = true (custom)
2019-06-15 08:16:07,033 INFO  server.RaftServerConfigKeys (ConfUtils.java:logGet(43)) - raft.server.snapshot.auto.trigger.enabled = true (custom)
2019-06-15 08:16:07,034 INFO  server.RaftServerConfigKeys (ConfUtils.java:logGet(43)) - raft.server.snapshot.auto.trigger.threshold = 10000 (custom)
2019-06-15 08:16:07,034 INFO  server.RaftServerConfigKeys (ConfUtils.java:logGet(43)) - raft.server.retrycache.expirytime = 600000ms (custom)
2019-06-15 08:16:07,034 INFO  impl.RaftServerImpl (RaftServerImpl.java:start(173)) - 1bef906d-9a85-4502-92ea-9a526555fa3c: start group-23C54253D862
2019-06-15 08:16:07,034 INFO  impl.RaftServerImpl (RaftServerImpl.java:setRole(164)) - 1bef906d-9a85-4502-92ea-9a526555fa3c:group-23C54253D862 changes role from null to FOLLOWER at term 0 for startAsFollower
2019-06-15 08:16:07,034 INFO  impl.RoleInfo (RoleInfo.java:updateAndGet(143)) - 1bef906d-9a85-4502-92ea-9a526555fa3c: start FollowerState
2019-06-15 08:16:07,035 INFO  util.JmxRegister (JmxRegister.java:tryRegister(44)) - Successfully registered JMX Bean with object name Ratis:service=RaftServer,group=group-23C54253D862,id=1bef906d-9a85-4502-92ea-9a526555fa3c
2019-06-15 08:16:07,041 INFO  node.SCMNodeManager (SCMNodeManager.java:register(269)) - Registered Data node : 3fe1c831-b364-461e-a215-fc15f75c5ec8{ip: 192.168.105.190, host: ozone-unit-076618677d3-xbqfw-572796842, networkLocation: /default-rack, certSerialId: null}
2019-06-15 08:16:07,045 INFO  pipeline.PipelineStateManager (PipelineStateManager.java:addPipeline(56)) - Created pipeline Pipeline[ Id: e728cb00-c3cc-4131-bd84-23c54253d862, Nodes: 1bef906d-9a85-4502-92ea-9a526555fa3c{ip: 192.168.105.190, host: ozone-unit-076618677d3-xbqfw-572796842, networkLocation: /default-rack, certSerialId: null}, Type:RATIS, Factor:ONE, State:OPEN]
2019-06-15 08:16:07,059 INFO  impl.RaftServerProxy (RaftServerProxy.java:addNew(89)) - d21e4beb-8633-4633-94c8-3521e9cdc4c4: addNew group-7718E26EAD7F:[d21e4beb-8633-4633-94c8-3521e9cdc4c4:192.168.105.190:36791] returns group-7718E26EAD7F:java.util.concurrent.CompletableFuture@1870a386[Not completed]
2019-06-15 08:16:07,093 INFO  impl.RaftServerImpl (RaftServerImpl.java:<init>(91)) - d21e4beb-8633-4633-94c8-3521e9cdc4c4: new RaftServerImpl for group-7718E26EAD7F:[d21e4beb-8633-4633-94c8-3521e9cdc4c4:192.168.105.190:36791] with ContainerStateMachine:uninitialized
2019-06-15 08:16:07,093 INFO  server.RaftServerConfigKeys (ConfUtils.java:logGet(43)) - raft.server.rpc.timeout.min = 1s (custom)
2019-06-15 08:16:07,094 INFO  server.RaftServerConfigKeys (ConfUtils.java:logGet(43)) - raft.server.rpc.timeout.max = 1200ms (custom)
2019-06-15 08:16:07,094 INFO  server.RaftServerConfigKeys (ConfUtils.java:logGet(43)) - raft.server.rpcslowness.timeout = 10s (custom)
2019-06-15 08:16:07,094 INFO  server.RaftServerConfigKeys (ConfUtils.java:logGet(43)) - raft.server.log.appender.install.snapshot.enabled = true (default)
2019-06-15 08:16:07,094 INFO  impl.RaftServerImpl (ServerState.java:<init>(101)) - d21e4beb-8633-4633-94c8-3521e9cdc4c4:group-7718E26EAD7F ConfigurationManager, init=-1: [d21e4beb-8633-4633-94c8-3521e9cdc4c4:192.168.105.190:36791], old=null, confs=<EMPTY_MAP>
2019-06-15 08:16:07,094 INFO  server.RaftServerConfigKeys (ConfUtils.java:logGet(43)) - raft.server.storage.dir = [/opt/src/hadoop-ozone/integration-test/target/test-dir/MiniOzoneClusterImpl-5f5b8459-6688-48c0-90a8-3adfedafb084/datanode-1/data/ratis] (custom)
2019-06-15 08:16:07,094 INFO  storage.RaftStorageDirectory (RaftStorageDirectory.java:analyzeStorage(246)) - The storage directory /opt/src/hadoop-ozone/integration-test/target/test-dir/MiniOzoneClusterImpl-5f5b8459-6688-48c0-90a8-3adfedafb084/datanode-1/data/ratis/906e6ad8-0a2f-49d3-bb0a-7718e26ead7f does not exist. Creating ...
2019-06-15 08:16:07,096 INFO  storage.RaftStorageDirectory (RaftStorageDirectory.java:tryLock(328)) - Lock on /opt/src/hadoop-ozone/integration-test/target/test-dir/MiniOzoneClusterImpl-5f5b8459-6688-48c0-90a8-3adfedafb084/datanode-1/data/ratis/906e6ad8-0a2f-49d3-bb0a-7718e26ead7f/in_use.lock acquired by nodename 9934@ozone-unit-076618677d3-xbqfw-572796842
2019-06-15 08:16:07,098 INFO  storage.RaftStorage (RaftStorage.java:format(75)) - Storage directory /opt/src/hadoop-ozone/integration-test/target/test-dir/MiniOzoneClusterImpl-5f5b8459-6688-48c0-90a8-3adfedafb084/datanode-1/data/ratis/906e6ad8-0a2f-49d3-bb0a-7718e26ead7f has been successfully formatted.
2019-06-15 08:16:07,099 INFO  ratis.ContainerStateMachine (ContainerStateMachine.java:loadSnapshot(199)) - The snapshot info is null.Setting the last applied index to:(t:0, i:~)
2019-06-15 08:16:07,099 INFO  server.RaftServerConfigKeys (ConfUtils.java:logGet(43)) - raft.server.leader.election.timeout = 10s (custom)
2019-06-15 08:16:07,099 INFO  server.RaftServerConfigKeys (ConfUtils.java:logGet(43)) - raft.server.log.use.memory = false (default)
2019-06-15 08:16:07,099 INFO  server.RaftServerConfigKeys (ConfUtils.java:logGet(43)) - raft.server.log.appender.buffer.byte-limit = 33554432 (custom)
2019-06-15 08:16:07,099 INFO  server.RaftServerConfigKeys (ConfUtils.java:logGet(43)) - raft.server.log.segment.size.max = 16384 (custom)
2019-06-15 08:16:07,099 INFO  server.RaftServerConfigKeys (ConfUtils.java:logGet(43)) - raft.server.log.segment.cache.num.max = 2 (custom)
2019-06-15 08:16:07,099 INFO  storage.RaftLogWorker (RaftLogWorker.java:<init>(123)) - new d21e4beb-8633-4633-94c8-3521e9cdc4c4-RaftLogWorker for Storage Directory /opt/src/hadoop-ozone/integration-test/target/test-dir/MiniOzoneClusterImpl-5f5b8459-6688-48c0-90a8-3adfedafb084/datanode-1/data/ratis/906e6ad8-0a2f-49d3-bb0a-7718e26ead7f
2019-06-15 08:16:07,099 INFO  server.RaftServerConfigKeys (ConfUtils.java:logGet(43)) - raft.server.log.queue.byte-limit = 2147483647 (custom)
2019-06-15 08:16:07,099 INFO  server.RaftServerConfigKeys (ConfUtils.java:logGet(43)) - raft.server.log.queue.element-limit = 1024 (custom)
2019-06-15 08:16:07,099 INFO  server.RaftServerConfigKeys (ConfUtils.java:logGet(43)) - raft.server.log.segment.size.max = 16384 (custom)
2019-06-15 08:16:07,099 INFO  server.RaftServerConfigKeys (ConfUtils.java:logGet(43)) - raft.server.log.preallocated.size = 16384 (custom)
2019-06-15 08:16:07,099 INFO  server.RaftServerConfigKeys (ConfUtils.java:logGet(43)) - raft.server.log.write.buffer.size = 33554432 (custom)
2019-06-15 08:16:07,100 INFO  server.RaftServerConfigKeys (ConfUtils.java:logGet(43)) - raft.server.log.force.sync.num = 128 (default)
2019-06-15 08:16:07,100 INFO  server.RaftServerConfigKeys (ConfUtils.java:logGet(43)) - raft.server.log.statemachine.data.sync = true (default)
2019-06-15 08:16:07,100 INFO  server.RaftServerConfigKeys (ConfUtils.java:logGet(43)) - raft.server.log.statemachine.data.sync.timeout = 10s (default)
2019-06-15 08:16:07,100 INFO  server.RaftServerConfigKeys (ConfUtils.java:logGet(43)) - raft.server.log.statemachine.data.sync.timeout.retry = -1 (default)
2019-06-15 08:16:07,100 INFO  server.RaftServerConfigKeys (ConfUtils.java:logGet(43)) - raft.server.log.statemachine.data.caching.enabled = true (custom)
2019-06-15 08:16:07,100 INFO  server.RaftServerConfigKeys (ConfUtils.java:logGet(43)) - raft.server.snapshot.auto.trigger.enabled = true (custom)
2019-06-15 08:16:07,100 INFO  server.RaftServerConfigKeys (ConfUtils.java:logGet(43)) - raft.server.snapshot.auto.trigger.threshold = 10000 (custom)
2019-06-15 08:16:07,100 INFO  server.RaftServerConfigKeys (ConfUtils.java:logGet(43)) - raft.server.retrycache.expirytime = 600000ms (custom)
2019-06-15 08:16:07,100 INFO  impl.RaftServerImpl (RaftServerImpl.java:start(173)) - d21e4beb-8633-4633-94c8-3521e9cdc4c4: start group-7718E26EAD7F
2019-06-15 08:16:07,101 INFO  impl.RaftServerImpl (RaftServerImpl.java:setRole(164)) - d21e4beb-8633-4633-94c8-3521e9cdc4c4:group-7718E26EAD7F changes role from null to FOLLOWER at term 0 for startAsFollower
2019-06-15 08:16:07,101 INFO  impl.RoleInfo (RoleInfo.java:updateAndGet(143)) - d21e4beb-8633-4633-94c8-3521e9cdc4c4: start FollowerState
2019-06-15 08:16:07,101 INFO  util.JmxRegister (JmxRegister.java:tryRegister(44)) - Successfully registered JMX Bean with object name Ratis:service=RaftServer,group=group-7718E26EAD7F,id=d21e4beb-8633-4633-94c8-3521e9cdc4c4
2019-06-15 08:16:07,108 INFO  pipeline.PipelineStateManager (PipelineStateManager.java:addPipeline(56)) - Created pipeline Pipeline[ Id: 906e6ad8-0a2f-49d3-bb0a-7718e26ead7f, Nodes: d21e4beb-8633-4633-94c8-3521e9cdc4c4{ip: 192.168.105.190, host: ozone-unit-076618677d3-xbqfw-572796842, networkLocation: /default-rack, certSerialId: null}, Type:RATIS, Factor:ONE, State:OPEN]
2019-06-15 08:16:07,121 INFO  impl.RaftServerProxy (RaftServerProxy.java:addNew(89)) - 3fe1c831-b364-461e-a215-fc15f75c5ec8: addNew group-2FDD21634EF0:[3fe1c831-b364-461e-a215-fc15f75c5ec8:192.168.105.190:42463] returns group-2FDD21634EF0:java.util.concurrent.CompletableFuture@586f4b88[Not completed]
2019-06-15 08:16:07,124 INFO  impl.RaftServerImpl (RaftServerImpl.java:<init>(91)) - 3fe1c831-b364-461e-a215-fc15f75c5ec8: new RaftServerImpl for group-2FDD21634EF0:[3fe1c831-b364-461e-a215-fc15f75c5ec8:192.168.105.190:42463] with ContainerStateMachine:uninitialized
2019-06-15 08:16:07,124 INFO  server.RaftServerConfigKeys (ConfUtils.java:logGet(43)) - raft.server.rpc.timeout.min = 1s (custom)
2019-06-15 08:16:07,124 INFO  server.RaftServerConfigKeys (ConfUtils.java:logGet(43)) - raft.server.rpc.timeout.max = 1200ms (custom)
2019-06-15 08:16:07,124 INFO  server.RaftServerConfigKeys (ConfUtils.java:logGet(43)) - raft.server.rpcslowness.timeout = 10s (custom)
2019-06-15 08:16:07,125 INFO  server.RaftServerConfigKeys (ConfUtils.java:logGet(43)) - raft.server.log.appender.install.snapshot.enabled = true (default)
2019-06-15 08:16:07,125 INFO  impl.RaftServerImpl (ServerState.java:<init>(101)) - 3fe1c831-b364-461e-a215-fc15f75c5ec8:group-2FDD21634EF0 ConfigurationManager, init=-1: [3fe1c831-b364-461e-a215-fc15f75c5ec8:192.168.105.190:42463], old=null, confs=<EMPTY_MAP>
2019-06-15 08:16:07,125 INFO  server.RaftServerConfigKeys (ConfUtils.java:logGet(43)) - raft.server.storage.dir = [/opt/src/hadoop-ozone/integration-test/target/test-dir/MiniOzoneClusterImpl-5f5b8459-6688-48c0-90a8-3adfedafb084/datanode-3/data/ratis] (custom)
2019-06-15 08:16:07,125 INFO  storage.RaftStorageDirectory (RaftStorageDirectory.java:analyzeStorage(246)) - The storage directory /opt/src/hadoop-ozone/integration-test/target/test-dir/MiniOzoneClusterImpl-5f5b8459-6688-48c0-90a8-3adfedafb084/datanode-3/data/ratis/a20f6c55-ccc1-4128-bda9-2fdd21634ef0 does not exist. Creating ...
2019-06-15 08:16:07,127 INFO  storage.RaftStorageDirectory (RaftStorageDirectory.java:tryLock(328)) - Lock on /opt/src/hadoop-ozone/integration-test/target/test-dir/MiniOzoneClusterImpl-5f5b8459-6688-48c0-90a8-3adfedafb084/datanode-3/data/ratis/a20f6c55-ccc1-4128-bda9-2fdd21634ef0/in_use.lock acquired by nodename 9934@ozone-unit-076618677d3-xbqfw-572796842
2019-06-15 08:16:07,130 INFO  storage.RaftStorage (RaftStorage.java:format(75)) - Storage directory /opt/src/hadoop-ozone/integration-test/target/test-dir/MiniOzoneClusterImpl-5f5b8459-6688-48c0-90a8-3adfedafb084/datanode-3/data/ratis/a20f6c55-ccc1-4128-bda9-2fdd21634ef0 has been successfully formatted.
2019-06-15 08:16:07,130 INFO  ratis.ContainerStateMachine (ContainerStateMachine.java:loadSnapshot(199)) - The snapshot info is null.Setting the last applied index to:(t:0, i:~)
2019-06-15 08:16:07,130 INFO  server.RaftServerConfigKeys (ConfUtils.java:logGet(43)) - raft.server.leader.election.timeout = 10s (custom)
2019-06-15 08:16:07,130 INFO  server.RaftServerConfigKeys (ConfUtils.java:logGet(43)) - raft.server.log.use.memory = false (default)
2019-06-15 08:16:07,130 INFO  server.RaftServerConfigKeys (ConfUtils.java:logGet(43)) - raft.server.log.appender.buffer.byte-limit = 33554432 (custom)
2019-06-15 08:16:07,130 INFO  server.RaftServerConfigKeys (ConfUtils.java:logGet(43)) - raft.server.log.segment.size.max = 16384 (custom)
2019-06-15 08:16:07,131 INFO  server.RaftServerConfigKeys (ConfUtils.java:logGet(43)) - raft.server.log.segment.cache.num.max = 2 (custom)
2019-06-15 08:16:07,131 INFO  storage.RaftLogWorker (RaftLogWorker.java:<init>(123)) - new 3fe1c831-b364-461e-a215-fc15f75c5ec8-RaftLogWorker for Storage Directory /opt/src/hadoop-ozone/integration-test/target/test-dir/MiniOzoneClusterImpl-5f5b8459-6688-48c0-90a8-3adfedafb084/datanode-3/data/ratis/a20f6c55-ccc1-4128-bda9-2fdd21634ef0
2019-06-15 08:16:07,131 INFO  server.RaftServerConfigKeys (ConfUtils.java:logGet(43)) - raft.server.log.queue.byte-limit = 2147483647 (custom)
2019-06-15 08:16:07,131 INFO  server.RaftServerConfigKeys (ConfUtils.java:logGet(43)) - raft.server.log.queue.element-limit = 1024 (custom)
2019-06-15 08:16:07,131 INFO  server.RaftServerConfigKeys (ConfUtils.java:logGet(43)) - raft.server.log.segment.size.max = 16384 (custom)
2019-06-15 08:16:07,131 INFO  server.RaftServerConfigKeys (ConfUtils.java:logGet(43)) - raft.server.log.preallocated.size = 16384 (custom)
2019-06-15 08:16:07,131 INFO  server.RaftServerConfigKeys (ConfUtils.java:logGet(43)) - raft.server.log.write.buffer.size = 33554432 (custom)
2019-06-15 08:16:07,131 INFO  server.RaftServerConfigKeys (ConfUtils.java:logGet(43)) - raft.server.log.force.sync.num = 128 (default)
2019-06-15 08:16:07,132 INFO  server.RaftServerConfigKeys (ConfUtils.java:logGet(43)) - raft.server.log.statemachine.data.sync = true (default)
2019-06-15 08:16:07,132 INFO  server.RaftServerConfigKeys (ConfUtils.java:logGet(43)) - raft.server.log.statemachine.data.sync.timeout = 10s (default)
2019-06-15 08:16:07,132 INFO  server.RaftServerConfigKeys (ConfUtils.java:logGet(43)) - raft.server.log.statemachine.data.sync.timeout.retry = -1 (default)
2019-06-15 08:16:07,132 INFO  server.RaftServerConfigKeys (ConfUtils.java:logGet(43)) - raft.server.log.statemachine.data.caching.enabled = true (custom)
2019-06-15 08:16:07,132 INFO  server.RaftServerConfigKeys (ConfUtils.java:logGet(43)) - raft.server.snapshot.auto.trigger.enabled = true (custom)
2019-06-15 08:16:07,132 INFO  server.RaftServerConfigKeys (ConfUtils.java:logGet(43)) - raft.server.snapshot.auto.trigger.threshold = 10000 (custom)
2019-06-15 08:16:07,133 INFO  server.RaftServerConfigKeys (ConfUtils.java:logGet(43)) - raft.server.retrycache.expirytime = 600000ms (custom)
2019-06-15 08:16:07,133 INFO  impl.RaftServerImpl (RaftServerImpl.java:start(173)) - 3fe1c831-b364-461e-a215-fc15f75c5ec8: start group-2FDD21634EF0
2019-06-15 08:16:07,133 INFO  impl.RaftServerImpl (RaftServerImpl.java:setRole(164)) - 3fe1c831-b364-461e-a215-fc15f75c5ec8:group-2FDD21634EF0 changes role from null to FOLLOWER at term 0 for startAsFollower
2019-06-15 08:16:07,133 INFO  impl.RoleInfo (RoleInfo.java:updateAndGet(143)) - 3fe1c831-b364-461e-a215-fc15f75c5ec8: start FollowerState
2019-06-15 08:16:07,133 INFO  util.JmxRegister (JmxRegister.java:tryRegister(44)) - Successfully registered JMX Bean with object name Ratis:service=RaftServer,group=group-2FDD21634EF0,id=3fe1c831-b364-461e-a215-fc15f75c5ec8
2019-06-15 08:16:07,147 INFO  pipeline.PipelineStateManager (PipelineStateManager.java:addPipeline(56)) - Created pipeline Pipeline[ Id: a20f6c55-ccc1-4128-bda9-2fdd21634ef0, Nodes: 3fe1c831-b364-461e-a215-fc15f75c5ec8{ip: 192.168.105.190, host: ozone-unit-076618677d3-xbqfw-572796842, networkLocation: /default-rack, certSerialId: null}, Type:RATIS, Factor:ONE, State:OPEN]
2019-06-15 08:16:07,171 INFO  impl.RaftServerProxy (RaftServerProxy.java:addNew(89)) - 1bef906d-9a85-4502-92ea-9a526555fa3c: addNew group-9ECC60476D3B:[0137ee16-d057-4c9b-8c7c-ca32fc7297d0:192.168.105.190:37241, 1bef906d-9a85-4502-92ea-9a526555fa3c:192.168.105.190:35481, d21e4beb-8633-4633-94c8-3521e9cdc4c4:192.168.105.190:36791] returns group-9ECC60476D3B:java.util.concurrent.CompletableFuture@7009a5b4[Not completed]
2019-06-15 08:16:07,171 INFO  impl.RaftServerImpl (RaftServerImpl.java:<init>(91)) - 1bef906d-9a85-4502-92ea-9a526555fa3c: new RaftServerImpl for group-9ECC60476D3B:[0137ee16-d057-4c9b-8c7c-ca32fc7297d0:192.168.105.190:37241, 1bef906d-9a85-4502-92ea-9a526555fa3c:192.168.105.190:35481, d21e4beb-8633-4633-94c8-3521e9cdc4c4:192.168.105.190:36791] with ContainerStateMachine:uninitialized
2019-06-15 08:16:07,171 INFO  server.RaftServerConfigKeys (ConfUtils.java:logGet(43)) - raft.server.rpc.timeout.min = 1s (custom)
2019-06-15 08:16:07,171 INFO  server.RaftServerConfigKeys (ConfUtils.java:logGet(43)) - raft.server.rpc.timeout.max = 1200ms (custom)
2019-06-15 08:16:07,171 INFO  server.RaftServerConfigKeys (ConfUtils.java:logGet(43)) - raft.server.rpcslowness.timeout = 10s (custom)
2019-06-15 08:16:07,172 INFO  server.RaftServerConfigKeys (ConfUtils.java:logGet(43)) - raft.server.log.appender.install.snapshot.enabled = true (default)
2019-06-15 08:16:07,172 INFO  impl.RaftServerImpl (ServerState.java:<init>(101)) - 1bef906d-9a85-4502-92ea-9a526555fa3c:group-9ECC60476D3B ConfigurationManager, init=-1: [0137ee16-d057-4c9b-8c7c-ca32fc7297d0:192.168.105.190:37241, 1bef906d-9a85-4502-92ea-9a526555fa3c:192.168.105.190:35481, d21e4beb-8633-4633-94c8-3521e9cdc4c4:192.168.105.190:36791], old=null, confs=<EMPTY_MAP>
2019-06-15 08:16:07,172 INFO  server.RaftServerConfigKeys (ConfUtils.java:logGet(43)) - raft.server.storage.dir = [/opt/src/hadoop-ozone/integration-test/target/test-dir/MiniOzoneClusterImpl-5f5b8459-6688-48c0-90a8-3adfedafb084/datanode-2/data/ratis] (custom)
2019-06-15 08:16:07,172 INFO  storage.RaftStorageDirectory (RaftStorageDirectory.java:analyzeStorage(246)) - The storage directory /opt/src/hadoop-ozone/integration-test/target/test-dir/MiniOzoneClusterImpl-5f5b8459-6688-48c0-90a8-3adfedafb084/datanode-2/data/ratis/af90c844-a288-4dde-83c3-9ecc60476d3b does not exist. Creating ...
2019-06-15 08:16:07,181 INFO  storage.RaftStorageDirectory (RaftStorageDirectory.java:tryLock(328)) - Lock on /opt/src/hadoop-ozone/integration-test/target/test-dir/MiniOzoneClusterImpl-5f5b8459-6688-48c0-90a8-3adfedafb084/datanode-2/data/ratis/af90c844-a288-4dde-83c3-9ecc60476d3b/in_use.lock acquired by nodename 9934@ozone-unit-076618677d3-xbqfw-572796842
2019-06-15 08:16:07,181 INFO  impl.RaftServerProxy (RaftServerProxy.java:addNew(89)) - d21e4beb-8633-4633-94c8-3521e9cdc4c4: addNew group-9ECC60476D3B:[0137ee16-d057-4c9b-8c7c-ca32fc7297d0:192.168.105.190:37241, 1bef906d-9a85-4502-92ea-9a526555fa3c:192.168.105.190:35481, d21e4beb-8633-4633-94c8-3521e9cdc4c4:192.168.105.190:36791] returns group-9ECC60476D3B:java.util.concurrent.CompletableFuture@3f4f87dd[Not completed]
2019-06-15 08:16:07,183 INFO  impl.RaftServerImpl (RaftServerImpl.java:<init>(91)) - 0137ee16-d057-4c9b-8c7c-ca32fc7297d0: new RaftServerImpl for group-9ECC60476D3B:[0137ee16-d057-4c9b-8c7c-ca32fc7297d0:192.168.105.190:37241, 1bef906d-9a85-4502-92ea-9a526555fa3c:192.168.105.190:35481, d21e4beb-8633-4633-94c8-3521e9cdc4c4:192.168.105.190:36791] with ContainerStateMachine:uninitialized
2019-06-15 08:16:07,183 INFO  server.RaftServerConfigKeys (ConfUtils.java:logGet(43)) - raft.server.rpc.timeout.min = 1s (custom)
2019-06-15 08:16:07,183 INFO  server.RaftServerConfigKeys (ConfUtils.java:logGet(43)) - raft.server.rpc.timeout.max = 1200ms (custom)
2019-06-15 08:16:07,183 INFO  server.RaftServerConfigKeys (ConfUtils.java:logGet(43)) - raft.server.rpcslowness.timeout = 10s (custom)
2019-06-15 08:16:07,186 INFO  server.RaftServerConfigKeys (ConfUtils.java:logGet(43)) - raft.server.log.appender.install.snapshot.enabled = true (default)
2019-06-15 08:16:07,186 INFO  impl.RaftServerImpl (ServerState.java:<init>(101)) - 0137ee16-d057-4c9b-8c7c-ca32fc7297d0:group-9ECC60476D3B ConfigurationManager, init=-1: [0137ee16-d057-4c9b-8c7c-ca32fc7297d0:192.168.105.190:37241, 1bef906d-9a85-4502-92ea-9a526555fa3c:192.168.105.190:35481, d21e4beb-8633-4633-94c8-3521e9cdc4c4:192.168.105.190:36791], old=null, confs=<EMPTY_MAP>
2019-06-15 08:16:07,186 INFO  server.RaftServerConfigKeys (ConfUtils.java:logGet(43)) - raft.server.storage.dir = [/opt/src/hadoop-ozone/integration-test/target/test-dir/MiniOzoneClusterImpl-5f5b8459-6688-48c0-90a8-3adfedafb084/datanode-0/data/ratis] (custom)
2019-06-15 08:16:07,187 INFO  storage.RaftStorageDirectory (RaftStorageDirectory.java:analyzeStorage(246)) - The storage directory /opt/src/hadoop-ozone/integration-test/target/test-dir/MiniOzoneClusterImpl-5f5b8459-6688-48c0-90a8-3adfedafb084/datanode-0/data/ratis/af90c844-a288-4dde-83c3-9ecc60476d3b does not exist. Creating ...
2019-06-15 08:16:07,184 INFO  impl.RaftServerImpl (RaftServerImpl.java:<init>(91)) - d21e4beb-8633-4633-94c8-3521e9cdc4c4: new RaftServerImpl for group-9ECC60476D3B:[0137ee16-d057-4c9b-8c7c-ca32fc7297d0:192.168.105.190:37241, 1bef906d-9a85-4502-92ea-9a526555fa3c:192.168.105.190:35481, d21e4beb-8633-4633-94c8-3521e9cdc4c4:192.168.105.190:36791] with ContainerStateMachine:uninitialized
2019-06-15 08:16:07,187 INFO  server.RaftServerConfigKeys (ConfUtils.java:logGet(43)) - raft.server.rpc.timeout.min = 1s (custom)
2019-06-15 08:16:07,187 INFO  server.RaftServerConfigKeys (ConfUtils.java:logGet(43)) - raft.server.rpc.timeout.max = 1200ms (custom)
2019-06-15 08:16:07,187 INFO  server.RaftServerConfigKeys (ConfUtils.java:logGet(43)) - raft.server.rpcslowness.timeout = 10s (custom)
2019-06-15 08:16:07,187 INFO  server.RaftServerConfigKeys (ConfUtils.java:logGet(43)) - raft.server.log.appender.install.snapshot.enabled = true (default)
2019-06-15 08:16:07,187 INFO  impl.RaftServerImpl (ServerState.java:<init>(101)) - d21e4beb-8633-4633-94c8-3521e9cdc4c4:group-9ECC60476D3B ConfigurationManager, init=-1: [0137ee16-d057-4c9b-8c7c-ca32fc7297d0:192.168.105.190:37241, 1bef906d-9a85-4502-92ea-9a526555fa3c:192.168.105.190:35481, d21e4beb-8633-4633-94c8-3521e9cdc4c4:192.168.105.190:36791], old=null, confs=<EMPTY_MAP>
2019-06-15 08:16:07,188 INFO  server.RaftServerConfigKeys (ConfUtils.java:logGet(43)) - raft.server.storage.dir = [/opt/src/hadoop-ozone/integration-test/target/test-dir/MiniOzoneClusterImpl-5f5b8459-6688-48c0-90a8-3adfedafb084/datanode-1/data/ratis] (custom)
2019-06-15 08:16:07,184 INFO  storage.RaftStorage (RaftStorage.java:format(75)) - Storage directory /opt/src/hadoop-ozone/integration-test/target/test-dir/MiniOzoneClusterImpl-5f5b8459-6688-48c0-90a8-3adfedafb084/datanode-2/data/ratis/af90c844-a288-4dde-83c3-9ecc60476d3b has been successfully formatted.
2019-06-15 08:16:07,188 INFO  impl.RaftServerProxy (RaftServerProxy.java:addNew(89)) - 0137ee16-d057-4c9b-8c7c-ca32fc7297d0: addNew group-9ECC60476D3B:[0137ee16-d057-4c9b-8c7c-ca32fc7297d0:192.168.105.190:37241, 1bef906d-9a85-4502-92ea-9a526555fa3c:192.168.105.190:35481, d21e4beb-8633-4633-94c8-3521e9cdc4c4:192.168.105.190:36791] returns group-9ECC60476D3B:java.util.concurrent.CompletableFuture@350b25d1[Not completed]
2019-06-15 08:16:07,188 INFO  storage.RaftStorageDirectory (RaftStorageDirectory.java:tryLock(328)) - Lock on /opt/src/hadoop-ozone/integration-test/target/test-dir/MiniOzoneClusterImpl-5f5b8459-6688-48c0-90a8-3adfedafb084/datanode-0/data/ratis/af90c844-a288-4dde-83c3-9ecc60476d3b/in_use.lock acquired by nodename 9934@ozone-unit-076618677d3-xbqfw-572796842
2019-06-15 08:16:07,188 INFO  ratis.ContainerStateMachine (ContainerStateMachine.java:loadSnapshot(199)) - The snapshot info is null.Setting the last applied index to:(t:0, i:~)
2019-06-15 08:16:07,189 INFO  server.RaftServerConfigKeys (ConfUtils.java:logGet(43)) - raft.server.leader.election.timeout = 10s (custom)
2019-06-15 08:16:07,189 INFO  server.RaftServerConfigKeys (ConfUtils.java:logGet(43)) - raft.server.log.use.memory = false (default)
2019-06-15 08:16:07,188 INFO  storage.RaftStorageDirectory (RaftStorageDirectory.java:analyzeStorage(246)) - The storage directory /opt/src/hadoop-ozone/integration-test/target/test-dir/MiniOzoneClusterImpl-5f5b8459-6688-48c0-90a8-3adfedafb084/datanode-1/data/ratis/af90c844-a288-4dde-83c3-9ecc60476d3b does not exist. Creating ...
2019-06-15 08:16:07,190 INFO  server.RaftServerConfigKeys (ConfUtils.java:logGet(43)) - raft.server.log.appender.buffer.byte-limit = 33554432 (custom)
2019-06-15 08:16:07,190 INFO  server.RaftServerConfigKeys (ConfUtils.java:logGet(43)) - raft.server.log.segment.size.max = 16384 (custom)
2019-06-15 08:16:07,190 INFO  server.RaftServerConfigKeys (ConfUtils.java:logGet(43)) - raft.server.log.segment.cache.num.max = 2 (custom)
2019-06-15 08:16:07,190 INFO  storage.RaftLogWorker (RaftLogWorker.java:<init>(123)) - new 1bef906d-9a85-4502-92ea-9a526555fa3c-RaftLogWorker for Storage Directory /opt/src/hadoop-ozone/integration-test/target/test-dir/MiniOzoneClusterImpl-5f5b8459-6688-48c0-90a8-3adfedafb084/datanode-2/data/ratis/af90c844-a288-4dde-83c3-9ecc60476d3b
2019-06-15 08:16:07,190 INFO  server.RaftServerConfigKeys (ConfUtils.java:logGet(43)) - raft.server.log.queue.byte-limit = 2147483647 (custom)
2019-06-15 08:16:07,190 INFO  server.RaftServerConfigKeys (ConfUtils.java:logGet(43)) - raft.server.log.queue.element-limit = 1024 (custom)
2019-06-15 08:16:07,191 INFO  server.RaftServerConfigKeys (ConfUtils.java:logGet(43)) - raft.server.log.segment.size.max = 16384 (custom)
2019-06-15 08:16:07,191 INFO  server.RaftServerConfigKeys (ConfUtils.java:logGet(43)) - raft.server.log.preallocated.size = 16384 (custom)
2019-06-15 08:16:07,191 INFO  server.RaftServerConfigKeys (ConfUtils.java:logGet(43)) - raft.server.log.write.buffer.size = 33554432 (custom)
2019-06-15 08:16:07,191 INFO  storage.RaftStorage (RaftStorage.java:format(75)) - Storage directory /opt/src/hadoop-ozone/integration-test/target/test-dir/MiniOzoneClusterImpl-5f5b8459-6688-48c0-90a8-3adfedafb084/datanode-0/data/ratis/af90c844-a288-4dde-83c3-9ecc60476d3b has been successfully formatted.
2019-06-15 08:16:07,191 INFO  server.RaftServerConfigKeys (ConfUtils.java:logGet(43)) - raft.server.log.force.sync.num = 128 (default)
2019-06-15 08:16:07,191 INFO  server.RaftServerConfigKeys (ConfUtils.java:logGet(43)) - raft.server.log.statemachine.data.sync = true (default)
2019-06-15 08:16:07,191 INFO  server.RaftServerConfigKeys (ConfUtils.java:logGet(43)) - raft.server.log.statemachine.data.sync.timeout = 10s (default)
2019-06-15 08:16:07,191 INFO  server.RaftServerConfigKeys (ConfUtils.java:logGet(43)) - raft.server.log.statemachine.data.sync.timeout.retry = -1 (default)
2019-06-15 08:16:07,192 INFO  server.RaftServerConfigKeys (ConfUtils.java:logGet(43)) - raft.server.log.statemachine.data.caching.enabled = true (custom)
2019-06-15 08:16:07,191 INFO  ratis.ContainerStateMachine (ContainerStateMachine.java:loadSnapshot(199)) - The snapshot info is null.Setting the last applied index to:(t:0, i:~)
2019-06-15 08:16:07,192 INFO  server.RaftServerConfigKeys (ConfUtils.java:logGet(43)) - raft.server.snapshot.auto.trigger.enabled = true (custom)
2019-06-15 08:16:07,192 INFO  server.RaftServerConfigKeys (ConfUtils.java:logGet(43)) - raft.server.leader.election.timeout = 10s (custom)
2019-06-15 08:16:07,192 INFO  server.RaftServerConfigKeys (ConfUtils.java:logGet(43)) - raft.server.snapshot.auto.trigger.threshold = 10000 (custom)
2019-06-15 08:16:07,192 INFO  storage.RaftStorageDirectory (RaftStorageDirectory.java:tryLock(328)) - Lock on /opt/src/hadoop-ozone/integration-test/target/test-dir/MiniOzoneClusterImpl-5f5b8459-6688-48c0-90a8-3adfedafb084/datanode-1/data/ratis/af90c844-a288-4dde-83c3-9ecc60476d3b/in_use.lock acquired by nodename 9934@ozone-unit-076618677d3-xbqfw-572796842
2019-06-15 08:16:07,192 INFO  server.RaftServerConfigKeys (ConfUtils.java:logGet(43)) - raft.server.log.use.memory = false (default)
2019-06-15 08:16:07,192 INFO  server.RaftServerConfigKeys (ConfUtils.java:logGet(43)) - raft.server.retrycache.expirytime = 600000ms (custom)
2019-06-15 08:16:07,193 INFO  server.RaftServerConfigKeys (ConfUtils.java:logGet(43)) - raft.server.log.appender.buffer.byte-limit = 33554432 (custom)
2019-06-15 08:16:07,193 INFO  impl.RaftServerImpl (RaftServerImpl.java:start(173)) - 1bef906d-9a85-4502-92ea-9a526555fa3c: start group-9ECC60476D3B
2019-06-15 08:16:07,193 INFO  impl.RaftServerImpl (RaftServerImpl.java:setRole(164)) - 1bef906d-9a85-4502-92ea-9a526555fa3c:group-9ECC60476D3B changes role from null to FOLLOWER at term 0 for startAsFollower
2019-06-15 08:16:07,193 INFO  impl.RoleInfo (RoleInfo.java:updateAndGet(143)) - 1bef906d-9a85-4502-92ea-9a526555fa3c: start FollowerState
2019-06-15 08:16:07,193 INFO  server.RaftServerConfigKeys (ConfUtils.java:logGet(43)) - raft.server.log.segment.size.max = 16384 (custom)
2019-06-15 08:16:07,193 INFO  server.RaftServerConfigKeys (ConfUtils.java:logGet(43)) - raft.server.log.segment.cache.num.max = 2 (custom)
2019-06-15 08:16:07,193 INFO  storage.RaftLogWorker (RaftLogWorker.java:<init>(123)) - new 0137ee16-d057-4c9b-8c7c-ca32fc7297d0-RaftLogWorker for Storage Directory /opt/src/hadoop-ozone/integration-test/target/test-dir/MiniOzoneClusterImpl-5f5b8459-6688-48c0-90a8-3adfedafb084/datanode-0/data/ratis/af90c844-a288-4dde-83c3-9ecc60476d3b
2019-06-15 08:16:07,194 INFO  server.RaftServerConfigKeys (ConfUtils.java:logGet(43)) - raft.server.log.queue.byte-limit = 2147483647 (custom)
2019-06-15 08:16:07,194 INFO  server.RaftServerConfigKeys (ConfUtils.java:logGet(43)) - raft.server.log.queue.element-limit = 1024 (custom)
2019-06-15 08:16:07,194 INFO  util.JmxRegister (JmxRegister.java:tryRegister(44)) - Successfully registered JMX Bean with object name Ratis:service=RaftServer,group=group-9ECC60476D3B,id=1bef906d-9a85-4502-92ea-9a526555fa3c
2019-06-15 08:16:07,194 INFO  server.RaftServerConfigKeys (ConfUtils.java:logGet(43)) - raft.server.log.segment.size.max = 16384 (custom)
2019-06-15 08:16:07,194 INFO  server.RaftServerConfigKeys (ConfUtils.java:logGet(43)) - raft.server.log.preallocated.size = 16384 (custom)
2019-06-15 08:16:07,194 INFO  server.RaftServerConfigKeys (ConfUtils.java:logGet(43)) - raft.server.log.write.buffer.size = 33554432 (custom)
2019-06-15 08:16:07,195 INFO  server.RaftServerConfigKeys (ConfUtils.java:logGet(43)) - raft.server.log.force.sync.num = 128 (default)
2019-06-15 08:16:07,195 INFO  server.RaftServerConfigKeys (ConfUtils.java:logGet(43)) - raft.server.log.statemachine.data.sync = true (default)
2019-06-15 08:16:07,195 INFO  server.RaftServerConfigKeys (ConfUtils.java:logGet(43)) - raft.server.log.statemachine.data.sync.timeout = 10s (default)
2019-06-15 08:16:07,195 INFO  server.RaftServerConfigKeys (ConfUtils.java:logGet(43)) - raft.server.log.statemachine.data.sync.timeout.retry = -1 (default)
2019-06-15 08:16:07,195 INFO  storage.RaftStorage (RaftStorage.java:format(75)) - Storage directory /opt/src/hadoop-ozone/integration-test/target/test-dir/MiniOzoneClusterImpl-5f5b8459-6688-48c0-90a8-3adfedafb084/datanode-1/data/ratis/af90c844-a288-4dde-83c3-9ecc60476d3b has been successfully formatted.
2019-06-15 08:16:07,195 INFO  ratis.ContainerStateMachine (ContainerStateMachine.java:loadSnapshot(199)) - The snapshot info is null.Setting the last applied index to:(t:0, i:~)
2019-06-15 08:16:07,195 INFO  server.RaftServerConfigKeys (ConfUtils.java:logGet(43)) - raft.server.leader.election.timeout = 10s (custom)
2019-06-15 08:16:07,195 INFO  server.RaftServerConfigKeys (ConfUtils.java:logGet(43)) - raft.server.log.use.memory = false (default)
2019-06-15 08:16:07,196 INFO  server.RaftServerConfigKeys (ConfUtils.java:logGet(43)) - raft.server.log.appender.buffer.byte-limit = 33554432 (custom)
2019-06-15 08:16:07,196 INFO  server.RaftServerConfigKeys (ConfUtils.java:logGet(43)) - raft.server.log.segment.size.max = 16384 (custom)
2019-06-15 08:16:07,196 INFO  server.RaftServerConfigKeys (ConfUtils.java:logGet(43)) - raft.server.log.segment.cache.num.max = 2 (custom)
2019-06-15 08:16:07,196 INFO  storage.RaftLogWorker (RaftLogWorker.java:<init>(123)) - new d21e4beb-8633-4633-94c8-3521e9cdc4c4-RaftLogWorker for Storage Directory /opt/src/hadoop-ozone/integration-test/target/test-dir/MiniOzoneClusterImpl-5f5b8459-6688-48c0-90a8-3adfedafb084/datanode-1/data/ratis/af90c844-a288-4dde-83c3-9ecc60476d3b
2019-06-15 08:16:07,196 INFO  server.RaftServerConfigKeys (ConfUtils.java:logGet(43)) - raft.server.log.queue.byte-limit = 2147483647 (custom)
2019-06-15 08:16:07,196 INFO  server.RaftServerConfigKeys (ConfUtils.java:logGet(43)) - raft.server.log.queue.element-limit = 1024 (custom)
2019-06-15 08:16:07,196 INFO  server.RaftServerConfigKeys (ConfUtils.java:logGet(43)) - raft.server.log.segment.size.max = 16384 (custom)
2019-06-15 08:16:07,197 INFO  server.RaftServerConfigKeys (ConfUtils.java:logGet(43)) - raft.server.log.preallocated.size = 16384 (custom)
2019-06-15 08:16:07,198 INFO  server.RaftServerConfigKeys (ConfUtils.java:logGet(43)) - raft.server.log.write.buffer.size = 33554432 (custom)
2019-06-15 08:16:07,198 INFO  server.RaftServerConfigKeys (ConfUtils.java:logGet(43)) - raft.server.log.force.sync.num = 128 (default)
2019-06-15 08:16:07,198 INFO  server.RaftServerConfigKeys (ConfUtils.java:logGet(43)) - raft.server.log.statemachine.data.sync = true (default)
2019-06-15 08:16:07,198 INFO  server.RaftServerConfigKeys (ConfUtils.java:logGet(43)) - raft.server.log.statemachine.data.sync.timeout = 10s (default)
2019-06-15 08:16:07,198 INFO  server.RaftServerConfigKeys (ConfUtils.java:logGet(43)) - raft.server.log.statemachine.data.sync.timeout.retry = -1 (default)
2019-06-15 08:16:07,198 INFO  server.RaftServerConfigKeys (ConfUtils.java:logGet(43)) - raft.server.log.statemachine.data.caching.enabled = true (custom)
2019-06-15 08:16:07,195 INFO  server.RaftServerConfigKeys (ConfUtils.java:logGet(43)) - raft.server.log.statemachine.data.caching.enabled = true (custom)
2019-06-15 08:16:07,201 INFO  server.RaftServerConfigKeys (ConfUtils.java:logGet(43)) - raft.server.snapshot.auto.trigger.enabled = true (custom)
2019-06-15 08:16:07,201 INFO  server.RaftServerConfigKeys (ConfUtils.java:logGet(43)) - raft.server.snapshot.auto.trigger.threshold = 10000 (custom)
2019-06-15 08:16:07,202 INFO  server.RaftServerConfigKeys (ConfUtils.java:logGet(43)) - raft.server.retrycache.expirytime = 600000ms (custom)
2019-06-15 08:16:07,202 INFO  impl.RaftServerImpl (RaftServerImpl.java:start(173)) - d21e4beb-8633-4633-94c8-3521e9cdc4c4: start group-9ECC60476D3B
2019-06-15 08:16:07,202 INFO  impl.RaftServerImpl (RaftServerImpl.java:setRole(164)) - d21e4beb-8633-4633-94c8-3521e9cdc4c4:group-9ECC60476D3B changes role from null to FOLLOWER at term 0 for startAsFollower
2019-06-15 08:16:07,202 INFO  impl.RoleInfo (RoleInfo.java:updateAndGet(143)) - d21e4beb-8633-4633-94c8-3521e9cdc4c4: start FollowerState
2019-06-15 08:16:07,202 INFO  util.JmxRegister (JmxRegister.java:tryRegister(44)) - Successfully registered JMX Bean with object name Ratis:service=RaftServer,group=group-9ECC60476D3B,id=d21e4beb-8633-4633-94c8-3521e9cdc4c4
2019-06-15 08:16:07,214 INFO  server.RaftServerConfigKeys (ConfUtils.java:logGet(43)) - raft.server.snapshot.auto.trigger.enabled = true (custom)
2019-06-15 08:16:07,216 INFO  server.RaftServerConfigKeys (ConfUtils.java:logGet(43)) - raft.server.snapshot.auto.trigger.threshold = 10000 (custom)
2019-06-15 08:16:07,216 INFO  server.RaftServerConfigKeys (ConfUtils.java:logGet(43)) - raft.server.retrycache.expirytime = 600000ms (custom)
2019-06-15 08:16:07,216 INFO  impl.RaftServerImpl (RaftServerImpl.java:start(173)) - 0137ee16-d057-4c9b-8c7c-ca32fc7297d0: start group-9ECC60476D3B
2019-06-15 08:16:07,216 INFO  impl.RaftServerImpl (RaftServerImpl.java:setRole(164)) - 0137ee16-d057-4c9b-8c7c-ca32fc7297d0:group-9ECC60476D3B changes role from null to FOLLOWER at term 0 for startAsFollower
2019-06-15 08:16:07,216 INFO  impl.RoleInfo (RoleInfo.java:updateAndGet(143)) - 0137ee16-d057-4c9b-8c7c-ca32fc7297d0: start FollowerState
2019-06-15 08:16:07,217 INFO  util.JmxRegister (JmxRegister.java:tryRegister(44)) - Successfully registered JMX Bean with object name Ratis:service=RaftServer,group=group-9ECC60476D3B,id=0137ee16-d057-4c9b-8c7c-ca32fc7297d0
2019-06-15 08:16:07,230 INFO  pipeline.PipelineStateManager (PipelineStateManager.java:addPipeline(56)) - Created pipeline Pipeline[ Id: af90c844-a288-4dde-83c3-9ecc60476d3b, Nodes: 0137ee16-d057-4c9b-8c7c-ca32fc7297d0{ip: 192.168.105.190, host: ozone-unit-076618677d3-xbqfw-572796842, networkLocation: /default-rack, certSerialId: null}1bef906d-9a85-4502-92ea-9a526555fa3c{ip: 192.168.105.190, host: ozone-unit-076618677d3-xbqfw-572796842, networkLocation: /default-rack, certSerialId: null}d21e4beb-8633-4633-94c8-3521e9cdc4c4{ip: 192.168.105.190, host: ozone-unit-076618677d3-xbqfw-572796842, networkLocation: /default-rack, certSerialId: null}, Type:RATIS, Factor:THREE, State:OPEN]
2019-06-15 08:16:07,236 INFO  node.SCMNodeManager (SCMNodeManager.java:register(269)) - Registered Data node : 9ff0ff85-f4bc-42b1-9258-fd0a72bfc201{ip: 192.168.105.190, host: ozone-unit-076618677d3-xbqfw-572796842, networkLocation: /default-rack, certSerialId: null}
2019-06-15 08:16:07,248 INFO  impl.RaftServerProxy (RaftServerProxy.java:addNew(89)) - 9ff0ff85-f4bc-42b1-9258-fd0a72bfc201: addNew group-F4249C5C3191:[9ff0ff85-f4bc-42b1-9258-fd0a72bfc201:192.168.105.190:43605] returns group-F4249C5C3191:java.util.concurrent.CompletableFuture@396d45cf[Not completed]
2019-06-15 08:16:07,249 INFO  impl.RaftServerImpl (RaftServerImpl.java:<init>(91)) - 9ff0ff85-f4bc-42b1-9258-fd0a72bfc201: new RaftServerImpl for group-F4249C5C3191:[9ff0ff85-f4bc-42b1-9258-fd0a72bfc201:192.168.105.190:43605] with ContainerStateMachine:uninitialized
2019-06-15 08:16:07,249 INFO  server.RaftServerConfigKeys (ConfUtils.java:logGet(43)) - raft.server.rpc.timeout.min = 1s (custom)
2019-06-15 08:16:07,249 INFO  server.RaftServerConfigKeys (ConfUtils.java:logGet(43)) - raft.server.rpc.timeout.max = 1200ms (custom)
2019-06-15 08:16:07,249 INFO  server.RaftServerConfigKeys (ConfUtils.java:logGet(43)) - raft.server.rpcslowness.timeout = 10s (custom)
2019-06-15 08:16:07,250 INFO  server.RaftServerConfigKeys (ConfUtils.java:logGet(43)) - raft.server.log.appender.install.snapshot.enabled = true (default)
2019-06-15 08:16:07,250 INFO  impl.RaftServerImpl (ServerState.java:<init>(101)) - 9ff0ff85-f4bc-42b1-9258-fd0a72bfc201:group-F4249C5C3191 ConfigurationManager, init=-1: [9ff0ff85-f4bc-42b1-9258-fd0a72bfc201:192.168.105.190:43605], old=null, confs=<EMPTY_MAP>
2019-06-15 08:16:07,250 INFO  server.RaftServerConfigKeys (ConfUtils.java:logGet(43)) - raft.server.storage.dir = [/opt/src/hadoop-ozone/integration-test/target/test-dir/MiniOzoneClusterImpl-5f5b8459-6688-48c0-90a8-3adfedafb084/datanode-4/data/ratis] (custom)
2019-06-15 08:16:07,250 INFO  storage.RaftStorageDirectory (RaftStorageDirectory.java:analyzeStorage(246)) - The storage directory /opt/src/hadoop-ozone/integration-test/target/test-dir/MiniOzoneClusterImpl-5f5b8459-6688-48c0-90a8-3adfedafb084/datanode-4/data/ratis/ba8de171-12c3-4f53-a95a-f4249c5c3191 does not exist. Creating ...
2019-06-15 08:16:07,253 INFO  storage.RaftStorageDirectory (RaftStorageDirectory.java:tryLock(328)) - Lock on /opt/src/hadoop-ozone/integration-test/target/test-dir/MiniOzoneClusterImpl-5f5b8459-6688-48c0-90a8-3adfedafb084/datanode-4/data/ratis/ba8de171-12c3-4f53-a95a-f4249c5c3191/in_use.lock acquired by nodename 9934@ozone-unit-076618677d3-xbqfw-572796842
2019-06-15 08:16:07,255 INFO  storage.RaftStorage (RaftStorage.java:format(75)) - Storage directory /opt/src/hadoop-ozone/integration-test/target/test-dir/MiniOzoneClusterImpl-5f5b8459-6688-48c0-90a8-3adfedafb084/datanode-4/data/ratis/ba8de171-12c3-4f53-a95a-f4249c5c3191 has been successfully formatted.
2019-06-15 08:16:07,255 INFO  ratis.ContainerStateMachine (ContainerStateMachine.java:loadSnapshot(199)) - The snapshot info is null.Setting the last applied index to:(t:0, i:~)
2019-06-15 08:16:07,255 INFO  server.RaftServerConfigKeys (ConfUtils.java:logGet(43)) - raft.server.leader.election.timeout = 10s (custom)
2019-06-15 08:16:07,255 INFO  server.RaftServerConfigKeys (ConfUtils.java:logGet(43)) - raft.server.log.use.memory = false (default)
2019-06-15 08:16:07,255 INFO  server.RaftServerConfigKeys (ConfUtils.java:logGet(43)) - raft.server.log.appender.buffer.byte-limit = 33554432 (custom)
2019-06-15 08:16:07,255 INFO  server.RaftServerConfigKeys (ConfUtils.java:logGet(43)) - raft.server.log.segment.size.max = 16384 (custom)
2019-06-15 08:16:07,255 INFO  server.RaftServerConfigKeys (ConfUtils.java:logGet(43)) - raft.server.log.segment.cache.num.max = 2 (custom)
2019-06-15 08:16:07,255 INFO  storage.RaftLogWorker (RaftLogWorker.java:<init>(123)) - new 9ff0ff85-f4bc-42b1-9258-fd0a72bfc201-RaftLogWorker for Storage Directory /opt/src/hadoop-ozone/integration-test/target/test-dir/MiniOzoneClusterImpl-5f5b8459-6688-48c0-90a8-3adfedafb084/datanode-4/data/ratis/ba8de171-12c3-4f53-a95a-f4249c5c3191
2019-06-15 08:16:07,256 INFO  server.RaftServerConfigKeys (ConfUtils.java:logGet(43)) - raft.server.log.queue.byte-limit = 2147483647 (custom)
2019-06-15 08:16:07,256 INFO  server.RaftServerConfigKeys (ConfUtils.java:logGet(43)) - raft.server.log.queue.element-limit = 1024 (custom)
2019-06-15 08:16:07,256 INFO  server.RaftServerConfigKeys (ConfUtils.java:logGet(43)) - raft.server.log.segment.size.max = 16384 (custom)
2019-06-15 08:16:07,256 INFO  server.RaftServerConfigKeys (ConfUtils.java:logGet(43)) - raft.server.log.preallocated.size = 16384 (custom)
2019-06-15 08:16:07,256 INFO  server.RaftServerConfigKeys (ConfUtils.java:logGet(43)) - raft.server.log.write.buffer.size = 33554432 (custom)
2019-06-15 08:16:07,256 INFO  server.RaftServerConfigKeys (ConfUtils.java:logGet(43)) - raft.server.log.force.sync.num = 128 (default)
2019-06-15 08:16:07,256 INFO  server.RaftServerConfigKeys (ConfUtils.java:logGet(43)) - raft.server.log.statemachine.data.sync = true (default)
2019-06-15 08:16:07,256 INFO  server.RaftServerConfigKeys (ConfUtils.java:logGet(43)) - raft.server.log.statemachine.data.sync.timeout = 10s (default)
2019-06-15 08:16:07,256 INFO  server.RaftServerConfigKeys (ConfUtils.java:logGet(43)) - raft.server.log.statemachine.data.sync.timeout.retry = -1 (default)
2019-06-15 08:16:07,257 INFO  server.RaftServerConfigKeys (ConfUtils.java:logGet(43)) - raft.server.log.statemachine.data.caching.enabled = true (custom)
2019-06-15 08:16:07,257 INFO  server.RaftServerConfigKeys (ConfUtils.java:logGet(43)) - raft.server.snapshot.auto.trigger.enabled = true (custom)
2019-06-15 08:16:07,257 INFO  server.RaftServerConfigKeys (ConfUtils.java:logGet(43)) - raft.server.snapshot.auto.trigger.threshold = 10000 (custom)
2019-06-15 08:16:07,257 INFO  server.RaftServerConfigKeys (ConfUtils.java:logGet(43)) - raft.server.retrycache.expirytime = 600000ms (custom)
2019-06-15 08:16:07,257 INFO  impl.RaftServerImpl (RaftServerImpl.java:start(173)) - 9ff0ff85-f4bc-42b1-9258-fd0a72bfc201: start group-F4249C5C3191
2019-06-15 08:16:07,257 INFO  impl.RaftServerImpl (RaftServerImpl.java:setRole(164)) - 9ff0ff85-f4bc-42b1-9258-fd0a72bfc201:group-F4249C5C3191 changes role from null to FOLLOWER at term 0 for startAsFollower
2019-06-15 08:16:07,258 INFO  impl.RoleInfo (RoleInfo.java:updateAndGet(143)) - 9ff0ff85-f4bc-42b1-9258-fd0a72bfc201: start FollowerState
2019-06-15 08:16:07,258 INFO  util.JmxRegister (JmxRegister.java:tryRegister(44)) - Successfully registered JMX Bean with object name Ratis:service=RaftServer,group=group-F4249C5C3191,id=9ff0ff85-f4bc-42b1-9258-fd0a72bfc201
2019-06-15 08:16:07,265 INFO  pipeline.PipelineStateManager (PipelineStateManager.java:addPipeline(56)) - Created pipeline Pipeline[ Id: ba8de171-12c3-4f53-a95a-f4249c5c3191, Nodes: 9ff0ff85-f4bc-42b1-9258-fd0a72bfc201{ip: 192.168.105.190, host: ozone-unit-076618677d3-xbqfw-572796842, networkLocation: /default-rack, certSerialId: null}, Type:RATIS, Factor:ONE, State:OPEN]
2019-06-15 08:16:07,441 INFO  ozone.MiniOzoneClusterImpl (MiniOzoneClusterImpl.java:lambda$waitForClusterToBeReady$0(142)) - Waiting for cluster to be ready. Got 5 of 6 DN Heartbeats.
2019-06-15 08:16:07,442 INFO  node.SCMNodeManager (SCMNodeManager.java:register(269)) - Registered Data node : f1360491-aa95-4f78-970f-4e6e519d76e0{ip: 192.168.105.190, host: ozone-unit-076618677d3-xbqfw-572796842, networkLocation: /default-rack, certSerialId: null}
2019-06-15 08:16:07,452 INFO  impl.RaftServerProxy (RaftServerProxy.java:addNew(89)) - f1360491-aa95-4f78-970f-4e6e519d76e0: addNew group-FDB79F10FF16:[f1360491-aa95-4f78-970f-4e6e519d76e0:192.168.105.190:33151] returns group-FDB79F10FF16:java.util.concurrent.CompletableFuture@71f9dd3f[Not completed]
2019-06-15 08:16:07,452 INFO  impl.RaftServerImpl (RaftServerImpl.java:<init>(91)) - f1360491-aa95-4f78-970f-4e6e519d76e0: new RaftServerImpl for group-FDB79F10FF16:[f1360491-aa95-4f78-970f-4e6e519d76e0:192.168.105.190:33151] with ContainerStateMachine:uninitialized
2019-06-15 08:16:07,452 INFO  server.RaftServerConfigKeys (ConfUtils.java:logGet(43)) - raft.server.rpc.timeout.min = 1s (custom)
2019-06-15 08:16:07,452 INFO  server.RaftServerConfigKeys (ConfUtils.java:logGet(43)) - raft.server.rpc.timeout.max = 1200ms (custom)
2019-06-15 08:16:07,453 INFO  server.RaftServerConfigKeys (ConfUtils.java:logGet(43)) - raft.server.rpcslowness.timeout = 10s (custom)
2019-06-15 08:16:07,453 INFO  server.RaftServerConfigKeys (ConfUtils.java:logGet(43)) - raft.server.log.appender.install.snapshot.enabled = true (default)
2019-06-15 08:16:07,453 INFO  impl.RaftServerImpl (ServerState.java:<init>(101)) - f1360491-aa95-4f78-970f-4e6e519d76e0:group-FDB79F10FF16 ConfigurationManager, init=-1: [f1360491-aa95-4f78-970f-4e6e519d76e0:192.168.105.190:33151], old=null, confs=<EMPTY_MAP>
2019-06-15 08:16:07,453 INFO  server.RaftServerConfigKeys (ConfUtils.java:logGet(43)) - raft.server.storage.dir = [/opt/src/hadoop-ozone/integration-test/target/test-dir/MiniOzoneClusterImpl-5f5b8459-6688-48c0-90a8-3adfedafb084/datanode-5/data/ratis] (custom)
2019-06-15 08:16:07,453 INFO  storage.RaftStorageDirectory (RaftStorageDirectory.java:analyzeStorage(246)) - The storage directory /opt/src/hadoop-ozone/integration-test/target/test-dir/MiniOzoneClusterImpl-5f5b8459-6688-48c0-90a8-3adfedafb084/datanode-5/data/ratis/058c4680-5ed2-4462-93b4-fdb79f10ff16 does not exist. Creating ...
2019-06-15 08:16:07,455 INFO  storage.RaftStorageDirectory (RaftStorageDirectory.java:tryLock(328)) - Lock on /opt/src/hadoop-ozone/integration-test/target/test-dir/MiniOzoneClusterImpl-5f5b8459-6688-48c0-90a8-3adfedafb084/datanode-5/data/ratis/058c4680-5ed2-4462-93b4-fdb79f10ff16/in_use.lock acquired by nodename 9934@ozone-unit-076618677d3-xbqfw-572796842
2019-06-15 08:16:07,457 INFO  storage.RaftStorage (RaftStorage.java:format(75)) - Storage directory /opt/src/hadoop-ozone/integration-test/target/test-dir/MiniOzoneClusterImpl-5f5b8459-6688-48c0-90a8-3adfedafb084/datanode-5/data/ratis/058c4680-5ed2-4462-93b4-fdb79f10ff16 has been successfully formatted.
2019-06-15 08:16:07,457 INFO  ratis.ContainerStateMachine (ContainerStateMachine.java:loadSnapshot(199)) - The snapshot info is null.Setting the last applied index to:(t:0, i:~)
2019-06-15 08:16:07,457 INFO  server.RaftServerConfigKeys (ConfUtils.java:logGet(43)) - raft.server.leader.election.timeout = 10s (custom)
2019-06-15 08:16:07,458 INFO  server.RaftServerConfigKeys (ConfUtils.java:logGet(43)) - raft.server.log.use.memory = false (default)
2019-06-15 08:16:07,458 INFO  server.RaftServerConfigKeys (ConfUtils.java:logGet(43)) - raft.server.log.appender.buffer.byte-limit = 33554432 (custom)
2019-06-15 08:16:07,458 INFO  server.RaftServerConfigKeys (ConfUtils.java:logGet(43)) - raft.server.log.segment.size.max = 16384 (custom)
2019-06-15 08:16:07,458 INFO  server.RaftServerConfigKeys (ConfUtils.java:logGet(43)) - raft.server.log.segment.cache.num.max = 2 (custom)
2019-06-15 08:16:07,458 INFO  storage.RaftLogWorker (RaftLogWorker.java:<init>(123)) - new f1360491-aa95-4f78-970f-4e6e519d76e0-RaftLogWorker for Storage Directory /opt/src/hadoop-ozone/integration-test/target/test-dir/MiniOzoneClusterImpl-5f5b8459-6688-48c0-90a8-3adfedafb084/datanode-5/data/ratis/058c4680-5ed2-4462-93b4-fdb79f10ff16
2019-06-15 08:16:07,458 INFO  server.RaftServerConfigKeys (ConfUtils.java:logGet(43)) - raft.server.log.queue.byte-limit = 2147483647 (custom)
2019-06-15 08:16:07,458 INFO  server.RaftServerConfigKeys (ConfUtils.java:logGet(43)) - raft.server.log.queue.element-limit = 1024 (custom)
2019-06-15 08:16:07,458 INFO  server.RaftServerConfigKeys (ConfUtils.java:logGet(43)) - raft.server.log.segment.size.max = 16384 (custom)
2019-06-15 08:16:07,458 INFO  server.RaftServerConfigKeys (ConfUtils.java:logGet(43)) - raft.server.log.preallocated.size = 16384 (custom)
2019-06-15 08:16:07,458 INFO  server.RaftServerConfigKeys (ConfUtils.java:logGet(43)) - raft.server.log.write.buffer.size = 33554432 (custom)
2019-06-15 08:16:07,458 INFO  server.RaftServerConfigKeys (ConfUtils.java:logGet(43)) - raft.server.log.force.sync.num = 128 (default)
2019-06-15 08:16:07,458 INFO  server.RaftServerConfigKeys (ConfUtils.java:logGet(43)) - raft.server.log.statemachine.data.sync = true (default)
2019-06-15 08:16:07,458 INFO  server.RaftServerConfigKeys (ConfUtils.java:logGet(43)) - raft.server.log.statemachine.data.sync.timeout = 10s (default)
2019-06-15 08:16:07,459 INFO  server.RaftServerConfigKeys (ConfUtils.java:logGet(43)) - raft.server.log.statemachine.data.sync.timeout.retry = -1 (default)
2019-06-15 08:16:07,459 INFO  server.RaftServerConfigKeys (ConfUtils.java:logGet(43)) - raft.server.log.statemachine.data.caching.enabled = true (custom)
2019-06-15 08:16:07,459 INFO  server.RaftServerConfigKeys (ConfUtils.java:logGet(43)) - raft.server.snapshot.auto.trigger.enabled = true (custom)
2019-06-15 08:16:07,459 INFO  server.RaftServerConfigKeys (ConfUtils.java:logGet(43)) - raft.server.snapshot.auto.trigger.threshold = 10000 (custom)
2019-06-15 08:16:07,459 INFO  server.RaftServerConfigKeys (ConfUtils.java:logGet(43)) - raft.server.retrycache.expirytime = 600000ms (custom)
2019-06-15 08:16:07,459 INFO  impl.RaftServerImpl (RaftServerImpl.java:start(173)) - f1360491-aa95-4f78-970f-4e6e519d76e0: start group-FDB79F10FF16
2019-06-15 08:16:07,459 INFO  impl.RaftServerImpl (RaftServerImpl.java:setRole(164)) - f1360491-aa95-4f78-970f-4e6e519d76e0:group-FDB79F10FF16 changes role from null to FOLLOWER at term 0 for startAsFollower
2019-06-15 08:16:07,459 INFO  impl.RoleInfo (RoleInfo.java:updateAndGet(143)) - f1360491-aa95-4f78-970f-4e6e519d76e0: start FollowerState
2019-06-15 08:16:07,460 INFO  util.JmxRegister (JmxRegister.java:tryRegister(44)) - Successfully registered JMX Bean with object name Ratis:service=RaftServer,group=group-FDB79F10FF16,id=f1360491-aa95-4f78-970f-4e6e519d76e0
2019-06-15 08:16:07,464 INFO  pipeline.PipelineStateManager (PipelineStateManager.java:addPipeline(56)) - Created pipeline Pipeline[ Id: 058c4680-5ed2-4462-93b4-fdb79f10ff16, Nodes: f1360491-aa95-4f78-970f-4e6e519d76e0{ip: 192.168.105.190, host: ozone-unit-076618677d3-xbqfw-572796842, networkLocation: /default-rack, certSerialId: null}, Type:RATIS, Factor:ONE, State:OPEN]
2019-06-15 08:16:07,481 INFO  impl.RaftServerProxy (RaftServerProxy.java:addNew(89)) - f1360491-aa95-4f78-970f-4e6e519d76e0: addNew group-85A0168E61A9:[3fe1c831-b364-461e-a215-fc15f75c5ec8:192.168.105.190:42463, f1360491-aa95-4f78-970f-4e6e519d76e0:192.168.105.190:33151, 9ff0ff85-f4bc-42b1-9258-fd0a72bfc201:192.168.105.190:43605] returns group-85A0168E61A9:java.util.concurrent.CompletableFuture@54e05322[Not completed]
2019-06-15 08:16:07,482 INFO  impl.RaftServerImpl (RaftServerImpl.java:<init>(91)) - f1360491-aa95-4f78-970f-4e6e519d76e0: new RaftServerImpl for group-85A0168E61A9:[3fe1c831-b364-461e-a215-fc15f75c5ec8:192.168.105.190:42463, f1360491-aa95-4f78-970f-4e6e519d76e0:192.168.105.190:33151, 9ff0ff85-f4bc-42b1-9258-fd0a72bfc201:192.168.105.190:43605] with ContainerStateMachine:uninitialized
2019-06-15 08:16:07,482 INFO  server.RaftServerConfigKeys (ConfUtils.java:logGet(43)) - raft.server.rpc.timeout.min = 1s (custom)
2019-06-15 08:16:07,482 INFO  server.RaftServerConfigKeys (ConfUtils.java:logGet(43)) - raft.server.rpc.timeout.max = 1200ms (custom)
2019-06-15 08:16:07,482 INFO  server.RaftServerConfigKeys (ConfUtils.java:logGet(43)) - raft.server.rpcslowness.timeout = 10s (custom)
2019-06-15 08:16:07,482 INFO  server.RaftServerConfigKeys (ConfUtils.java:logGet(43)) - raft.server.log.appender.install.snapshot.enabled = true (default)
2019-06-15 08:16:07,483 INFO  impl.RaftServerImpl (ServerState.java:<init>(101)) - f1360491-aa95-4f78-970f-4e6e519d76e0:group-85A0168E61A9 ConfigurationManager, init=-1: [3fe1c831-b364-461e-a215-fc15f75c5ec8:192.168.105.190:42463, f1360491-aa95-4f78-970f-4e6e519d76e0:192.168.105.190:33151, 9ff0ff85-f4bc-42b1-9258-fd0a72bfc201:192.168.105.190:43605], old=null, confs=<EMPTY_MAP>
2019-06-15 08:16:07,483 INFO  server.RaftServerConfigKeys (ConfUtils.java:logGet(43)) - raft.server.storage.dir = [/opt/src/hadoop-ozone/integration-test/target/test-dir/MiniOzoneClusterImpl-5f5b8459-6688-48c0-90a8-3adfedafb084/datanode-5/data/ratis] (custom)
2019-06-15 08:16:07,483 INFO  storage.RaftStorageDirectory (RaftStorageDirectory.java:analyzeStorage(246)) - The storage directory /opt/src/hadoop-ozone/integration-test/target/test-dir/MiniOzoneClusterImpl-5f5b8459-6688-48c0-90a8-3adfedafb084/datanode-5/data/ratis/3fe80e14-1fab-4abc-a4b4-85a0168e61a9 does not exist. Creating ...
2019-06-15 08:16:07,485 INFO  storage.RaftStorageDirectory (RaftStorageDirectory.java:tryLock(328)) - Lock on /opt/src/hadoop-ozone/integration-test/target/test-dir/MiniOzoneClusterImpl-5f5b8459-6688-48c0-90a8-3adfedafb084/datanode-5/data/ratis/3fe80e14-1fab-4abc-a4b4-85a0168e61a9/in_use.lock acquired by nodename 9934@ozone-unit-076618677d3-xbqfw-572796842
2019-06-15 08:16:07,485 INFO  impl.RaftServerProxy (RaftServerProxy.java:addNew(89)) - 9ff0ff85-f4bc-42b1-9258-fd0a72bfc201: addNew group-85A0168E61A9:[3fe1c831-b364-461e-a215-fc15f75c5ec8:192.168.105.190:42463, f1360491-aa95-4f78-970f-4e6e519d76e0:192.168.105.190:33151, 9ff0ff85-f4bc-42b1-9258-fd0a72bfc201:192.168.105.190:43605] returns group-85A0168E61A9:java.util.concurrent.CompletableFuture@2da3cbda[Not completed]
2019-06-15 08:16:07,486 INFO  impl.RaftServerImpl (RaftServerImpl.java:<init>(91)) - 9ff0ff85-f4bc-42b1-9258-fd0a72bfc201: new RaftServerImpl for group-85A0168E61A9:[3fe1c831-b364-461e-a215-fc15f75c5ec8:192.168.105.190:42463, f1360491-aa95-4f78-970f-4e6e519d76e0:192.168.105.190:33151, 9ff0ff85-f4bc-42b1-9258-fd0a72bfc201:192.168.105.190:43605] with ContainerStateMachine:uninitialized
2019-06-15 08:16:07,486 INFO  server.RaftServerConfigKeys (ConfUtils.java:logGet(43)) - raft.server.rpc.timeout.min = 1s (custom)
2019-06-15 08:16:07,486 INFO  server.RaftServerConfigKeys (ConfUtils.java:logGet(43)) - raft.server.rpc.timeout.max = 1200ms (custom)
2019-06-15 08:16:07,486 INFO  server.RaftServerConfigKeys (ConfUtils.java:logGet(43)) - raft.server.rpcslowness.timeout = 10s (custom)
2019-06-15 08:16:07,486 INFO  server.RaftServerConfigKeys (ConfUtils.java:logGet(43)) - raft.server.log.appender.install.snapshot.enabled = true (default)
2019-06-15 08:16:07,486 INFO  impl.RaftServerImpl (ServerState.java:<init>(101)) - 9ff0ff85-f4bc-42b1-9258-fd0a72bfc201:group-85A0168E61A9 ConfigurationManager, init=-1: [3fe1c831-b364-461e-a215-fc15f75c5ec8:192.168.105.190:42463, f1360491-aa95-4f78-970f-4e6e519d76e0:192.168.105.190:33151, 9ff0ff85-f4bc-42b1-9258-fd0a72bfc201:192.168.105.190:43605], old=null, confs=<EMPTY_MAP>
2019-06-15 08:16:07,486 INFO  server.RaftServerConfigKeys (ConfUtils.java:logGet(43)) - raft.server.storage.dir = [/opt/src/hadoop-ozone/integration-test/target/test-dir/MiniOzoneClusterImpl-5f5b8459-6688-48c0-90a8-3adfedafb084/datanode-4/data/ratis] (custom)
2019-06-15 08:16:07,487 INFO  storage.RaftStorageDirectory (RaftStorageDirectory.java:analyzeStorage(246)) - The storage directory /opt/src/hadoop-ozone/integration-test/target/test-dir/MiniOzoneClusterImpl-5f5b8459-6688-48c0-90a8-3adfedafb084/datanode-4/data/ratis/3fe80e14-1fab-4abc-a4b4-85a0168e61a9 does not exist. Creating ...
2019-06-15 08:16:07,487 INFO  impl.RaftServerProxy (RaftServerProxy.java:addNew(89)) - 3fe1c831-b364-461e-a215-fc15f75c5ec8: addNew group-85A0168E61A9:[3fe1c831-b364-461e-a215-fc15f75c5ec8:192.168.105.190:42463, f1360491-aa95-4f78-970f-4e6e519d76e0:192.168.105.190:33151, 9ff0ff85-f4bc-42b1-9258-fd0a72bfc201:192.168.105.190:43605] returns group-85A0168E61A9:java.util.concurrent.CompletableFuture@50dfdd66[Not completed]
2019-06-15 08:16:07,488 INFO  impl.RaftServerImpl (RaftServerImpl.java:<init>(91)) - 3fe1c831-b364-461e-a215-fc15f75c5ec8: new RaftServerImpl for group-85A0168E61A9:[3fe1c831-b364-461e-a215-fc15f75c5ec8:192.168.105.190:42463, f1360491-aa95-4f78-970f-4e6e519d76e0:192.168.105.190:33151, 9ff0ff85-f4bc-42b1-9258-fd0a72bfc201:192.168.105.190:43605] with ContainerStateMachine:uninitialized
2019-06-15 08:16:07,488 INFO  server.RaftServerConfigKeys (ConfUtils.java:logGet(43)) - raft.server.rpc.timeout.min = 1s (custom)
2019-06-15 08:16:07,488 INFO  server.RaftServerConfigKeys (ConfUtils.java:logGet(43)) - raft.server.rpc.timeout.max = 1200ms (custom)
2019-06-15 08:16:07,488 INFO  server.RaftServerConfigKeys (ConfUtils.java:logGet(43)) - raft.server.rpcslowness.timeout = 10s (custom)
2019-06-15 08:16:07,488 INFO  server.RaftServerConfigKeys (ConfUtils.java:logGet(43)) - raft.server.log.appender.install.snapshot.enabled = true (default)
2019-06-15 08:16:07,488 INFO  impl.RaftServerImpl (ServerState.java:<init>(101)) - 3fe1c831-b364-461e-a215-fc15f75c5ec8:group-85A0168E61A9 ConfigurationManager, init=-1: [3fe1c831-b364-461e-a215-fc15f75c5ec8:192.168.105.190:42463, f1360491-aa95-4f78-970f-4e6e519d76e0:192.168.105.190:33151, 9ff0ff85-f4bc-42b1-9258-fd0a72bfc201:192.168.105.190:43605], old=null, confs=<EMPTY_MAP>
2019-06-15 08:16:07,488 INFO  server.RaftServerConfigKeys (ConfUtils.java:logGet(43)) - raft.server.storage.dir = [/opt/src/hadoop-ozone/integration-test/target/test-dir/MiniOzoneClusterImpl-5f5b8459-6688-48c0-90a8-3adfedafb084/datanode-3/data/ratis] (custom)
2019-06-15 08:16:07,489 INFO  storage.RaftStorageDirectory (RaftStorageDirectory.java:tryLock(328)) - Lock on /opt/src/hadoop-ozone/integration-test/target/test-dir/MiniOzoneClusterImpl-5f5b8459-6688-48c0-90a8-3adfedafb084/datanode-4/data/ratis/3fe80e14-1fab-4abc-a4b4-85a0168e61a9/in_use.lock acquired by nodename 9934@ozone-unit-076618677d3-xbqfw-572796842
2019-06-15 08:16:07,489 INFO  storage.RaftStorageDirectory (RaftStorageDirectory.java:analyzeStorage(246)) - The storage directory /opt/src/hadoop-ozone/integration-test/target/test-dir/MiniOzoneClusterImpl-5f5b8459-6688-48c0-90a8-3adfedafb084/datanode-3/data/ratis/3fe80e14-1fab-4abc-a4b4-85a0168e61a9 does not exist. Creating ...
2019-06-15 08:16:07,489 INFO  storage.RaftStorage (RaftStorage.java:format(75)) - Storage directory /opt/src/hadoop-ozone/integration-test/target/test-dir/MiniOzoneClusterImpl-5f5b8459-6688-48c0-90a8-3adfedafb084/datanode-5/data/ratis/3fe80e14-1fab-4abc-a4b4-85a0168e61a9 has been successfully formatted.
2019-06-15 08:16:07,489 INFO  ratis.ContainerStateMachine (ContainerStateMachine.java:loadSnapshot(199)) - The snapshot info is null.Setting the last applied index to:(t:0, i:~)
2019-06-15 08:16:07,490 INFO  server.RaftServerConfigKeys (ConfUtils.java:logGet(43)) - raft.server.leader.election.timeout = 10s (custom)
2019-06-15 08:16:07,490 INFO  server.RaftServerConfigKeys (ConfUtils.java:logGet(43)) - raft.server.log.use.memory = false (default)
2019-06-15 08:16:07,490 INFO  server.RaftServerConfigKeys (ConfUtils.java:logGet(43)) - raft.server.log.appender.buffer.byte-limit = 33554432 (custom)
2019-06-15 08:16:07,490 INFO  server.RaftServerConfigKeys (ConfUtils.java:logGet(43)) - raft.server.log.segment.size.max = 16384 (custom)
2019-06-15 08:16:07,490 INFO  server.RaftServerConfigKeys (ConfUtils.java:logGet(43)) - raft.server.log.segment.cache.num.max = 2 (custom)
2019-06-15 08:16:07,490 INFO  storage.RaftLogWorker (RaftLogWorker.java:<init>(123)) - new f1360491-aa95-4f78-970f-4e6e519d76e0-RaftLogWorker for Storage Directory /opt/src/hadoop-ozone/integration-test/target/test-dir/MiniOzoneClusterImpl-5f5b8459-6688-48c0-90a8-3adfedafb084/datanode-5/data/ratis/3fe80e14-1fab-4abc-a4b4-85a0168e61a9
2019-06-15 08:16:07,490 INFO  server.RaftServerConfigKeys (ConfUtils.java:logGet(43)) - raft.server.log.queue.byte-limit = 2147483647 (custom)
2019-06-15 08:16:07,490 INFO  server.RaftServerConfigKeys (ConfUtils.java:logGet(43)) - raft.server.log.queue.element-limit = 1024 (custom)
2019-06-15 08:16:07,490 INFO  server.RaftServerConfigKeys (ConfUtils.java:logGet(43)) - raft.server.log.segment.size.max = 16384 (custom)
2019-06-15 08:16:07,490 INFO  server.RaftServerConfigKeys (ConfUtils.java:logGet(43)) - raft.server.log.preallocated.size = 16384 (custom)
2019-06-15 08:16:07,490 INFO  server.RaftServerConfigKeys (ConfUtils.java:logGet(43)) - raft.server.log.write.buffer.size = 33554432 (custom)
2019-06-15 08:16:07,490 INFO  server.RaftServerConfigKeys (ConfUtils.java:logGet(43)) - raft.server.log.force.sync.num = 128 (default)
2019-06-15 08:16:07,490 INFO  server.RaftServerConfigKeys (ConfUtils.java:logGet(43)) - raft.server.log.statemachine.data.sync = true (default)
2019-06-15 08:16:07,491 INFO  server.RaftServerConfigKeys (ConfUtils.java:logGet(43)) - raft.server.log.statemachine.data.sync.timeout = 10s (default)
2019-06-15 08:16:07,491 INFO  server.RaftServerConfigKeys (ConfUtils.java:logGet(43)) - raft.server.log.statemachine.data.sync.timeout.retry = -1 (default)
2019-06-15 08:16:07,491 INFO  server.RaftServerConfigKeys (ConfUtils.java:logGet(43)) - raft.server.log.statemachine.data.caching.enabled = true (custom)
2019-06-15 08:16:07,491 INFO  storage.RaftStorageDirectory (RaftStorageDirectory.java:tryLock(328)) - Lock on /opt/src/hadoop-ozone/integration-test/target/test-dir/MiniOzoneClusterImpl-5f5b8459-6688-48c0-90a8-3adfedafb084/datanode-3/data/ratis/3fe80e14-1fab-4abc-a4b4-85a0168e61a9/in_use.lock acquired by nodename 9934@ozone-unit-076618677d3-xbqfw-572796842
2019-06-15 08:16:07,491 INFO  server.RaftServerConfigKeys (ConfUtils.java:logGet(43)) - raft.server.snapshot.auto.trigger.enabled = true (custom)
2019-06-15 08:16:07,491 INFO  server.RaftServerConfigKeys (ConfUtils.java:logGet(43)) - raft.server.snapshot.auto.trigger.threshold = 10000 (custom)
2019-06-15 08:16:07,491 INFO  storage.RaftStorage (RaftStorage.java:format(75)) - Storage directory /opt/src/hadoop-ozone/integration-test/target/test-dir/MiniOzoneClusterImpl-5f5b8459-6688-48c0-90a8-3adfedafb084/datanode-4/data/ratis/3fe80e14-1fab-4abc-a4b4-85a0168e61a9 has been successfully formatted.
2019-06-15 08:16:07,491 INFO  ratis.ContainerStateMachine (ContainerStateMachine.java:loadSnapshot(199)) - The snapshot info is null.Setting the last applied index to:(t:0, i:~)
2019-06-15 08:16:07,492 INFO  server.RaftServerConfigKeys (ConfUtils.java:logGet(43)) - raft.server.leader.election.timeout = 10s (custom)
2019-06-15 08:16:07,492 INFO  server.RaftServerConfigKeys (ConfUtils.java:logGet(43)) - raft.server.log.use.memory = false (default)
2019-06-15 08:16:07,492 INFO  server.RaftServerConfigKeys (ConfUtils.java:logGet(43)) - raft.server.log.appender.buffer.byte-limit = 33554432 (custom)
2019-06-15 08:16:07,492 INFO  server.RaftServerConfigKeys (ConfUtils.java:logGet(43)) - raft.server.log.segment.size.max = 16384 (custom)
2019-06-15 08:16:07,492 INFO  server.RaftServerConfigKeys (ConfUtils.java:logGet(43)) - raft.server.log.segment.cache.num.max = 2 (custom)
2019-06-15 08:16:07,492 INFO  storage.RaftLogWorker (RaftLogWorker.java:<init>(123)) - new 9ff0ff85-f4bc-42b1-9258-fd0a72bfc201-RaftLogWorker for Storage Directory /opt/src/hadoop-ozone/integration-test/target/test-dir/MiniOzoneClusterImpl-5f5b8459-6688-48c0-90a8-3adfedafb084/datanode-4/data/ratis/3fe80e14-1fab-4abc-a4b4-85a0168e61a9
2019-06-15 08:16:07,492 INFO  server.RaftServerConfigKeys (ConfUtils.java:logGet(43)) - raft.server.log.queue.byte-limit = 2147483647 (custom)
2019-06-15 08:16:07,492 INFO  server.RaftServerConfigKeys (ConfUtils.java:logGet(43)) - raft.server.log.queue.element-limit = 1024 (custom)
2019-06-15 08:16:07,492 INFO  server.RaftServerConfigKeys (ConfUtils.java:logGet(43)) - raft.server.log.segment.size.max = 16384 (custom)
2019-06-15 08:16:07,493 INFO  server.RaftServerConfigKeys (ConfUtils.java:logGet(43)) - raft.server.log.preallocated.size = 16384 (custom)
2019-06-15 08:16:07,493 INFO  server.RaftServerConfigKeys (ConfUtils.java:logGet(43)) - raft.server.log.write.buffer.size = 33554432 (custom)
2019-06-15 08:16:07,491 INFO  server.RaftServerConfigKeys (ConfUtils.java:logGet(43)) - raft.server.retrycache.expirytime = 600000ms (custom)
2019-06-15 08:16:07,493 INFO  server.RaftServerConfigKeys (ConfUtils.java:logGet(43)) - raft.server.log.force.sync.num = 128 (default)
2019-06-15 08:16:07,493 INFO  server.RaftServerConfigKeys (ConfUtils.java:logGet(43)) - raft.server.log.statemachine.data.sync = true (default)
2019-06-15 08:16:07,493 INFO  server.RaftServerConfigKeys (ConfUtils.java:logGet(43)) - raft.server.log.statemachine.data.sync.timeout = 10s (default)
2019-06-15 08:16:07,493 INFO  server.RaftServerConfigKeys (ConfUtils.java:logGet(43)) - raft.server.log.statemachine.data.sync.timeout.retry = -1 (default)
2019-06-15 08:16:07,493 INFO  server.RaftServerConfigKeys (ConfUtils.java:logGet(43)) - raft.server.log.statemachine.data.caching.enabled = true (custom)
2019-06-15 08:16:07,493 INFO  impl.RaftServerImpl (RaftServerImpl.java:start(173)) - f1360491-aa95-4f78-970f-4e6e519d76e0: start group-85A0168E61A9
2019-06-15 08:16:07,494 INFO  impl.RaftServerImpl (RaftServerImpl.java:setRole(164)) - f1360491-aa95-4f78-970f-4e6e519d76e0:group-85A0168E61A9 changes role from null to FOLLOWER at term 0 for startAsFollower
2019-06-15 08:16:07,494 INFO  impl.RoleInfo (RoleInfo.java:updateAndGet(143)) - f1360491-aa95-4f78-970f-4e6e519d76e0: start FollowerState
2019-06-15 08:16:07,494 INFO  server.RaftServerConfigKeys (ConfUtils.java:logGet(43)) - raft.server.snapshot.auto.trigger.enabled = true (custom)
2019-06-15 08:16:07,494 INFO  util.JmxRegister (JmxRegister.java:tryRegister(44)) - Successfully registered JMX Bean with object name Ratis:service=RaftServer,group=group-85A0168E61A9,id=f1360491-aa95-4f78-970f-4e6e519d76e0
2019-06-15 08:16:07,494 INFO  server.RaftServerConfigKeys (ConfUtils.java:logGet(43)) - raft.server.snapshot.auto.trigger.threshold = 10000 (custom)
2019-06-15 08:16:07,494 INFO  storage.RaftStorage (RaftStorage.java:format(75)) - Storage directory /opt/src/hadoop-ozone/integration-test/target/test-dir/MiniOzoneClusterImpl-5f5b8459-6688-48c0-90a8-3adfedafb084/datanode-3/data/ratis/3fe80e14-1fab-4abc-a4b4-85a0168e61a9 has been successfully formatted.
2019-06-15 08:16:07,495 INFO  ratis.ContainerStateMachine (ContainerStateMachine.java:loadSnapshot(199)) - The snapshot info is null.Setting the last applied index to:(t:0, i:~)
2019-06-15 08:16:07,495 INFO  server.RaftServerConfigKeys (ConfUtils.java:logGet(43)) - raft.server.leader.election.timeout = 10s (custom)
2019-06-15 08:16:07,495 INFO  server.RaftServerConfigKeys (ConfUtils.java:logGet(43)) - raft.server.log.use.memory = false (default)
2019-06-15 08:16:07,495 INFO  server.RaftServerConfigKeys (ConfUtils.java:logGet(43)) - raft.server.log.appender.buffer.byte-limit = 33554432 (custom)
2019-06-15 08:16:07,495 INFO  server.RaftServerConfigKeys (ConfUtils.java:logGet(43)) - raft.server.log.segment.size.max = 16384 (custom)
2019-06-15 08:16:07,495 INFO  server.RaftServerConfigKeys (ConfUtils.java:logGet(43)) - raft.server.log.segment.cache.num.max = 2 (custom)
2019-06-15 08:16:07,495 INFO  storage.RaftLogWorker (RaftLogWorker.java:<init>(123)) - new 3fe1c831-b364-461e-a215-fc15f75c5ec8-RaftLogWorker for Storage Directory /opt/src/hadoop-ozone/integration-test/target/test-dir/MiniOzoneClusterImpl-5f5b8459-6688-48c0-90a8-3adfedafb084/datanode-3/data/ratis/3fe80e14-1fab-4abc-a4b4-85a0168e61a9
2019-06-15 08:16:07,495 INFO  server.RaftServerConfigKeys (ConfUtils.java:logGet(43)) - raft.server.log.queue.byte-limit = 2147483647 (custom)
2019-06-15 08:16:07,495 INFO  server.RaftServerConfigKeys (ConfUtils.java:logGet(43)) - raft.server.log.queue.element-limit = 1024 (custom)
2019-06-15 08:16:07,495 INFO  server.RaftServerConfigKeys (ConfUtils.java:logGet(43)) - raft.server.log.segment.size.max = 16384 (custom)
2019-06-15 08:16:07,496 INFO  server.RaftServerConfigKeys (ConfUtils.java:logGet(43)) - raft.server.log.preallocated.size = 16384 (custom)
2019-06-15 08:16:07,496 INFO  server.RaftServerConfigKeys (ConfUtils.java:logGet(43)) - raft.server.log.write.buffer.size = 33554432 (custom)
2019-06-15 08:16:07,496 INFO  server.RaftServerConfigKeys (ConfUtils.java:logGet(43)) - raft.server.log.force.sync.num = 128 (default)
2019-06-15 08:16:07,496 INFO  server.RaftServerConfigKeys (ConfUtils.java:logGet(43)) - raft.server.log.statemachine.data.sync = true (default)
2019-06-15 08:16:07,496 INFO  server.RaftServerConfigKeys (ConfUtils.java:logGet(43)) - raft.server.log.statemachine.data.sync.timeout = 10s (default)
2019-06-15 08:16:07,496 INFO  server.RaftServerConfigKeys (ConfUtils.java:logGet(43)) - raft.server.log.statemachine.data.sync.timeout.retry = -1 (default)
2019-06-15 08:16:07,494 INFO  server.RaftServerConfigKeys (ConfUtils.java:logGet(43)) - raft.server.retrycache.expirytime = 600000ms (custom)
2019-06-15 08:16:07,496 INFO  impl.RaftServerImpl (RaftServerImpl.java:start(173)) - 9ff0ff85-f4bc-42b1-9258-fd0a72bfc201: start group-85A0168E61A9
2019-06-15 08:16:07,497 INFO  impl.RaftServerImpl (RaftServerImpl.java:setRole(164)) - 9ff0ff85-f4bc-42b1-9258-fd0a72bfc201:group-85A0168E61A9 changes role from null to FOLLOWER at term 0 for startAsFollower
2019-06-15 08:16:07,497 INFO  impl.RoleInfo (RoleInfo.java:updateAndGet(143)) - 9ff0ff85-f4bc-42b1-9258-fd0a72bfc201: start FollowerState
2019-06-15 08:16:07,497 INFO  server.RaftServerConfigKeys (ConfUtils.java:logGet(43)) - raft.server.log.statemachine.data.caching.enabled = true (custom)
2019-06-15 08:16:07,497 INFO  util.JmxRegister (JmxRegister.java:tryRegister(44)) - Successfully registered JMX Bean with object name Ratis:service=RaftServer,group=group-85A0168E61A9,id=9ff0ff85-f4bc-42b1-9258-fd0a72bfc201
2019-06-15 08:16:07,497 INFO  server.RaftServerConfigKeys (ConfUtils.java:logGet(43)) - raft.server.snapshot.auto.trigger.enabled = true (custom)
2019-06-15 08:16:07,498 INFO  server.RaftServerConfigKeys (ConfUtils.java:logGet(43)) - raft.server.snapshot.auto.trigger.threshold = 10000 (custom)
2019-06-15 08:16:07,498 INFO  server.RaftServerConfigKeys (ConfUtils.java:logGet(43)) - raft.server.retrycache.expirytime = 600000ms (custom)
2019-06-15 08:16:07,498 INFO  impl.RaftServerImpl (RaftServerImpl.java:start(173)) - 3fe1c831-b364-461e-a215-fc15f75c5ec8: start group-85A0168E61A9
2019-06-15 08:16:07,498 INFO  impl.RaftServerImpl (RaftServerImpl.java:setRole(164)) - 3fe1c831-b364-461e-a215-fc15f75c5ec8:group-85A0168E61A9 changes role from null to FOLLOWER at term 0 for startAsFollower
2019-06-15 08:16:07,498 INFO  impl.RoleInfo (RoleInfo.java:updateAndGet(143)) - 3fe1c831-b364-461e-a215-fc15f75c5ec8: start FollowerState
2019-06-15 08:16:07,501 INFO  util.JmxRegister (JmxRegister.java:tryRegister(44)) - Successfully registered JMX Bean with object name Ratis:service=RaftServer,group=group-85A0168E61A9,id=3fe1c831-b364-461e-a215-fc15f75c5ec8
2019-06-15 08:16:07,515 INFO  pipeline.PipelineStateManager (PipelineStateManager.java:addPipeline(56)) - Created pipeline Pipeline[ Id: 3fe80e14-1fab-4abc-a4b4-85a0168e61a9, Nodes: 9ff0ff85-f4bc-42b1-9258-fd0a72bfc201{ip: 192.168.105.190, host: ozone-unit-076618677d3-xbqfw-572796842, networkLocation: /default-rack, certSerialId: null}f1360491-aa95-4f78-970f-4e6e519d76e0{ip: 192.168.105.190, host: ozone-unit-076618677d3-xbqfw-572796842, networkLocation: /default-rack, certSerialId: null}3fe1c831-b364-461e-a215-fc15f75c5ec8{ip: 192.168.105.190, host: ozone-unit-076618677d3-xbqfw-572796842, networkLocation: /default-rack, certSerialId: null}, Type:RATIS, Factor:THREE, State:OPEN]
2019-06-15 08:16:08,054 INFO  impl.FollowerState (FollowerState.java:run(101)) - 0137ee16-d057-4c9b-8c7c-ca32fc7297d0:group-41D377EF6919 changes to CANDIDATE, lastRpcTime:1088, electionTimeout:1088ms
2019-06-15 08:16:08,055 INFO  impl.RoleInfo (RoleInfo.java:shutdownFollowerState(121)) - 0137ee16-d057-4c9b-8c7c-ca32fc7297d0: shutdown FollowerState
2019-06-15 08:16:08,055 INFO  impl.RaftServerImpl (RaftServerImpl.java:setRole(164)) - 0137ee16-d057-4c9b-8c7c-ca32fc7297d0:group-41D377EF6919 changes role from FOLLOWER to CANDIDATE at term 0 for changeToCandidate
2019-06-15 08:16:08,056 INFO  impl.RoleInfo (RoleInfo.java:updateAndGet(143)) - 0137ee16-d057-4c9b-8c7c-ca32fc7297d0: start LeaderElection
2019-06-15 08:16:08,062 INFO  impl.LeaderElection (LeaderElection.java:askForVotes(181)) - 0137ee16-d057-4c9b-8c7c-ca32fc7297d0:group-41D377EF6919:LeaderElection1: begin an election at term 1 for -1: [0137ee16-d057-4c9b-8c7c-ca32fc7297d0:192.168.105.190:37241], old=null
2019-06-15 08:16:08,064 INFO  impl.RoleInfo (RoleInfo.java:shutdownLeaderElection(134)) - 0137ee16-d057-4c9b-8c7c-ca32fc7297d0: shutdown LeaderElection
2019-06-15 08:16:08,064 INFO  impl.RaftServerImpl (RaftServerImpl.java:setRole(164)) - 0137ee16-d057-4c9b-8c7c-ca32fc7297d0:group-41D377EF6919 changes role from CANDIDATE to LEADER at term 1 for changeToLeader
2019-06-15 08:16:08,064 INFO  impl.RaftServerImpl (ServerState.java:setLeader(263)) - 0137ee16-d057-4c9b-8c7c-ca32fc7297d0:group-41D377EF6919 change Leader from null to 0137ee16-d057-4c9b-8c7c-ca32fc7297d0 at term 1 for becomeLeader, leader elected after 1136ms
2019-06-15 08:16:08,068 INFO  server.RaftServerConfigKeys (ConfUtils.java:logGet(43)) - raft.server.staging.catchup.gap = 1000 (default)
2019-06-15 08:16:08,068 INFO  server.RaftServerConfigKeys (ConfUtils.java:logGet(43)) - raft.server.rpc.sleep.time = 25ms (default)
2019-06-15 08:16:08,070 INFO  server.RaftServerConfigKeys (ConfUtils.java:logGet(43)) - raft.server.watch.timeout = 10s (default)
2019-06-15 08:16:08,070 INFO  server.RaftServerConfigKeys (ConfUtils.java:logGet(43)) - raft.server.watch.timeout.denomination = 1s (default)
2019-06-15 08:16:08,075 INFO  impl.RoleInfo (RoleInfo.java:updateAndGet(143)) - 0137ee16-d057-4c9b-8c7c-ca32fc7297d0: start LeaderState
2019-06-15 08:16:08,088 INFO  storage.RaftLogWorker (RaftLogWorker.java:startLogSegment(298)) - 0137ee16-d057-4c9b-8c7c-ca32fc7297d0-RaftLogWorker: Starting segment from index:0
2019-06-15 08:16:08,095 INFO  impl.RaftServerImpl (ServerState.java:setRaftConf(361)) - 0137ee16-d057-4c9b-8c7c-ca32fc7297d0:group-41D377EF6919 set configuration 0: [0137ee16-d057-4c9b-8c7c-ca32fc7297d0:192.168.105.190:37241], old=null at 0
2019-06-15 08:16:08,216 INFO  impl.FollowerState (FollowerState.java:run(101)) - 1bef906d-9a85-4502-92ea-9a526555fa3c:group-23C54253D862 changes to CANDIDATE, lastRpcTime:1182, electionTimeout:1181ms
2019-06-15 08:16:08,222 INFO  impl.RoleInfo (RoleInfo.java:shutdownFollowerState(121)) - 1bef906d-9a85-4502-92ea-9a526555fa3c: shutdown FollowerState
2019-06-15 08:16:08,222 INFO  impl.RaftServerImpl (RaftServerImpl.java:setRole(164)) - 1bef906d-9a85-4502-92ea-9a526555fa3c:group-23C54253D862 changes role from FOLLOWER to CANDIDATE at term 0 for changeToCandidate
2019-06-15 08:16:08,222 INFO  impl.RoleInfo (RoleInfo.java:updateAndGet(143)) - 1bef906d-9a85-4502-92ea-9a526555fa3c: start LeaderElection
2019-06-15 08:16:08,228 INFO  impl.LeaderElection (LeaderElection.java:askForVotes(181)) - 1bef906d-9a85-4502-92ea-9a526555fa3c:group-23C54253D862:LeaderElection2: begin an election at term 1 for -1: [1bef906d-9a85-4502-92ea-9a526555fa3c:192.168.105.190:35481], old=null
2019-06-15 08:16:08,229 INFO  storage.RaftLogWorker (RaftLogWorker.java:execute(469)) - 0137ee16-d057-4c9b-8c7c-ca32fc7297d0-RaftLogWorker: created new log segment /opt/src/hadoop-ozone/integration-test/target/test-dir/MiniOzoneClusterImpl-5f5b8459-6688-48c0-90a8-3adfedafb084/datanode-0/data/ratis/eb282baa-15e4-4712-848d-41d377ef6919/current/log_inprogress_0
2019-06-15 08:16:08,229 INFO  impl.RoleInfo (RoleInfo.java:shutdownLeaderElection(134)) - 1bef906d-9a85-4502-92ea-9a526555fa3c: shutdown LeaderElection
2019-06-15 08:16:08,229 INFO  impl.RaftServerImpl (RaftServerImpl.java:setRole(164)) - 1bef906d-9a85-4502-92ea-9a526555fa3c:group-23C54253D862 changes role from CANDIDATE to LEADER at term 1 for changeToLeader
2019-06-15 08:16:08,229 INFO  impl.RaftServerImpl (ServerState.java:setLeader(263)) - 1bef906d-9a85-4502-92ea-9a526555fa3c:group-23C54253D862 change Leader from null to 1bef906d-9a85-4502-92ea-9a526555fa3c at term 1 for becomeLeader, leader elected after 1198ms
2019-06-15 08:16:08,230 INFO  server.RaftServerConfigKeys (ConfUtils.java:logGet(43)) - raft.server.staging.catchup.gap = 1000 (default)
2019-06-15 08:16:08,230 INFO  server.RaftServerConfigKeys (ConfUtils.java:logGet(43)) - raft.server.rpc.sleep.time = 25ms (default)
2019-06-15 08:16:08,231 INFO  server.RaftServerConfigKeys (ConfUtils.java:logGet(43)) - raft.server.watch.timeout = 10s (default)
2019-06-15 08:16:08,231 INFO  server.RaftServerConfigKeys (ConfUtils.java:logGet(43)) - raft.server.watch.timeout.denomination = 1s (default)
2019-06-15 08:16:08,231 INFO  impl.RoleInfo (RoleInfo.java:updateAndGet(143)) - 1bef906d-9a85-4502-92ea-9a526555fa3c: start LeaderState
2019-06-15 08:16:08,231 INFO  storage.RaftLogWorker (RaftLogWorker.java:startLogSegment(298)) - 1bef906d-9a85-4502-92ea-9a526555fa3c-RaftLogWorker: Starting segment from index:0
2019-06-15 08:16:08,232 INFO  impl.RaftServerImpl (ServerState.java:setRaftConf(361)) - 1bef906d-9a85-4502-92ea-9a526555fa3c:group-23C54253D862 set configuration 0: [1bef906d-9a85-4502-92ea-9a526555fa3c:192.168.105.190:35481], old=null at 0
2019-06-15 08:16:08,249 INFO  impl.FollowerState (FollowerState.java:run(101)) - d21e4beb-8633-4633-94c8-3521e9cdc4c4:group-7718E26EAD7F changes to CANDIDATE, lastRpcTime:1147, electionTimeout:1137ms
2019-06-15 08:16:08,249 INFO  impl.RoleInfo (RoleInfo.java:shutdownFollowerState(121)) - d21e4beb-8633-4633-94c8-3521e9cdc4c4: shutdown FollowerState
2019-06-15 08:16:08,249 INFO  impl.RaftServerImpl (RaftServerImpl.java:setRole(164)) - d21e4beb-8633-4633-94c8-3521e9cdc4c4:group-7718E26EAD7F changes role from FOLLOWER to CANDIDATE at term 0 for changeToCandidate
2019-06-15 08:16:08,249 INFO  impl.RoleInfo (RoleInfo.java:updateAndGet(143)) - d21e4beb-8633-4633-94c8-3521e9cdc4c4: start LeaderElection
2019-06-15 08:16:08,268 INFO  storage.RaftLogWorker (RaftLogWorker.java:execute(469)) - 1bef906d-9a85-4502-92ea-9a526555fa3c-RaftLogWorker: created new log segment /opt/src/hadoop-ozone/integration-test/target/test-dir/MiniOzoneClusterImpl-5f5b8459-6688-48c0-90a8-3adfedafb084/datanode-2/data/ratis/e728cb00-c3cc-4131-bd84-23c54253d862/current/log_inprogress_0
2019-06-15 08:16:08,270 INFO  impl.LeaderElection (LeaderElection.java:askForVotes(181)) - d21e4beb-8633-4633-94c8-3521e9cdc4c4:group-7718E26EAD7F:LeaderElection3: begin an election at term 1 for -1: [d21e4beb-8633-4633-94c8-3521e9cdc4c4:192.168.105.190:36791], old=null
2019-06-15 08:16:08,270 INFO  impl.RoleInfo (RoleInfo.java:shutdownLeaderElection(134)) - d21e4beb-8633-4633-94c8-3521e9cdc4c4: shutdown LeaderElection
2019-06-15 08:16:08,270 INFO  impl.RaftServerImpl (RaftServerImpl.java:setRole(164)) - d21e4beb-8633-4633-94c8-3521e9cdc4c4:group-7718E26EAD7F changes role from CANDIDATE to LEADER at term 1 for changeToLeader
2019-06-15 08:16:08,270 INFO  impl.RaftServerImpl (ServerState.java:setLeader(263)) - d21e4beb-8633-4633-94c8-3521e9cdc4c4:group-7718E26EAD7F change Leader from null to d21e4beb-8633-4633-94c8-3521e9cdc4c4 at term 1 for becomeLeader, leader elected after 1171ms
2019-06-15 08:16:08,271 INFO  server.RaftServerConfigKeys (ConfUtils.java:logGet(43)) - raft.server.staging.catchup.gap = 1000 (default)
2019-06-15 08:16:08,271 INFO  server.RaftServerConfigKeys (ConfUtils.java:logGet(43)) - raft.server.rpc.sleep.time = 25ms (default)
2019-06-15 08:16:08,271 INFO  server.RaftServerConfigKeys (ConfUtils.java:logGet(43)) - raft.server.watch.timeout = 10s (default)
2019-06-15 08:16:08,272 INFO  server.RaftServerConfigKeys (ConfUtils.java:logGet(43)) - raft.server.watch.timeout.denomination = 1s (default)
2019-06-15 08:16:08,272 INFO  impl.RoleInfo (RoleInfo.java:updateAndGet(143)) - d21e4beb-8633-4633-94c8-3521e9cdc4c4: start LeaderState
2019-06-15 08:16:08,272 INFO  storage.RaftLogWorker (RaftLogWorker.java:startLogSegment(298)) - d21e4beb-8633-4633-94c8-3521e9cdc4c4-RaftLogWorker: Starting segment from index:0
2019-06-15 08:16:08,273 INFO  impl.RaftServerImpl (ServerState.java:setRaftConf(361)) - d21e4beb-8633-4633-94c8-3521e9cdc4c4:group-7718E26EAD7F set configuration 0: [d21e4beb-8633-4633-94c8-3521e9cdc4c4:192.168.105.190:36791], old=null at 0
2019-06-15 08:16:08,306 INFO  impl.FollowerState (FollowerState.java:run(101)) - 3fe1c831-b364-461e-a215-fc15f75c5ec8:group-2FDD21634EF0 changes to CANDIDATE, lastRpcTime:1172, electionTimeout:1163ms
2019-06-15 08:16:08,306 INFO  impl.RoleInfo (RoleInfo.java:shutdownFollowerState(121)) - 3fe1c831-b364-461e-a215-fc15f75c5ec8: shutdown FollowerState
2019-06-15 08:16:08,306 INFO  impl.RaftServerImpl (RaftServerImpl.java:setRole(164)) - 3fe1c831-b364-461e-a215-fc15f75c5ec8:group-2FDD21634EF0 changes role from FOLLOWER to CANDIDATE at term 0 for changeToCandidate
2019-06-15 08:16:08,306 INFO  impl.RoleInfo (RoleInfo.java:updateAndGet(143)) - 3fe1c831-b364-461e-a215-fc15f75c5ec8: start LeaderElection
2019-06-15 08:16:08,308 INFO  storage.RaftLogWorker (RaftLogWorker.java:execute(469)) - d21e4beb-8633-4633-94c8-3521e9cdc4c4-RaftLogWorker: created new log segment /opt/src/hadoop-ozone/integration-test/target/test-dir/MiniOzoneClusterImpl-5f5b8459-6688-48c0-90a8-3adfedafb084/datanode-1/data/ratis/906e6ad8-0a2f-49d3-bb0a-7718e26ead7f/current/log_inprogress_0
2019-06-15 08:16:08,312 INFO  impl.LeaderElection (LeaderElection.java:askForVotes(181)) - 3fe1c831-b364-461e-a215-fc15f75c5ec8:group-2FDD21634EF0:LeaderElection4: begin an election at term 1 for -1: [3fe1c831-b364-461e-a215-fc15f75c5ec8:192.168.105.190:42463], old=null
2019-06-15 08:16:08,312 INFO  impl.RoleInfo (RoleInfo.java:shutdownLeaderElection(134)) - 3fe1c831-b364-461e-a215-fc15f75c5ec8: shutdown LeaderElection
2019-06-15 08:16:08,312 INFO  impl.RaftServerImpl (RaftServerImpl.java:setRole(164)) - 3fe1c831-b364-461e-a215-fc15f75c5ec8:group-2FDD21634EF0 changes role from CANDIDATE to LEADER at term 1 for changeToLeader
2019-06-15 08:16:08,312 INFO  impl.RaftServerImpl (ServerState.java:setLeader(263)) - 3fe1c831-b364-461e-a215-fc15f75c5ec8:group-2FDD21634EF0 change Leader from null to 3fe1c831-b364-461e-a215-fc15f75c5ec8 at term 1 for becomeLeader, leader elected after 1181ms
2019-06-15 08:16:08,313 INFO  server.RaftServerConfigKeys (ConfUtils.java:logGet(43)) - raft.server.staging.catchup.gap = 1000 (default)
2019-06-15 08:16:08,313 INFO  server.RaftServerConfigKeys (ConfUtils.java:logGet(43)) - raft.server.rpc.sleep.time = 25ms (default)
2019-06-15 08:16:08,313 INFO  server.RaftServerConfigKeys (ConfUtils.java:logGet(43)) - raft.server.watch.timeout = 10s (default)
2019-06-15 08:16:08,313 INFO  server.RaftServerConfigKeys (ConfUtils.java:logGet(43)) - raft.server.watch.timeout.denomination = 1s (default)
2019-06-15 08:16:08,313 INFO  impl.RoleInfo (RoleInfo.java:updateAndGet(143)) - 3fe1c831-b364-461e-a215-fc15f75c5ec8: start LeaderState
2019-06-15 08:16:08,314 INFO  storage.RaftLogWorker (RaftLogWorker.java:startLogSegment(298)) - 3fe1c831-b364-461e-a215-fc15f75c5ec8-RaftLogWorker: Starting segment from index:0
2019-06-15 08:16:08,332 INFO  impl.FollowerState (FollowerState.java:run(101)) - d21e4beb-8633-4633-94c8-3521e9cdc4c4:group-9ECC60476D3B changes to CANDIDATE, lastRpcTime:1130, electionTimeout:1127ms
2019-06-15 08:16:08,332 INFO  impl.RoleInfo (RoleInfo.java:shutdownFollowerState(121)) - d21e4beb-8633-4633-94c8-3521e9cdc4c4: shutdown FollowerState
2019-06-15 08:16:08,333 INFO  impl.RaftServerImpl (RaftServerImpl.java:setRole(164)) - d21e4beb-8633-4633-94c8-3521e9cdc4c4:group-9ECC60476D3B changes role from FOLLOWER to CANDIDATE at term 0 for changeToCandidate
2019-06-15 08:16:08,333 INFO  impl.RoleInfo (RoleInfo.java:updateAndGet(143)) - d21e4beb-8633-4633-94c8-3521e9cdc4c4: start LeaderElection
2019-06-15 08:16:08,335 INFO  impl.FollowerState (FollowerState.java:run(101)) - 0137ee16-d057-4c9b-8c7c-ca32fc7297d0:group-9ECC60476D3B changes to CANDIDATE, lastRpcTime:1118, electionTimeout:1118ms
2019-06-15 08:16:08,335 INFO  impl.RoleInfo (RoleInfo.java:shutdownFollowerState(121)) - 0137ee16-d057-4c9b-8c7c-ca32fc7297d0: shutdown FollowerState
2019-06-15 08:16:08,335 INFO  impl.RaftServerImpl (RaftServerImpl.java:setRole(164)) - 0137ee16-d057-4c9b-8c7c-ca32fc7297d0:group-9ECC60476D3B changes role from FOLLOWER to CANDIDATE at term 0 for changeToCandidate
2019-06-15 08:16:08,352 INFO  impl.FollowerState (FollowerState.java:run(101)) - 1bef906d-9a85-4502-92ea-9a526555fa3c:group-9ECC60476D3B changes to CANDIDATE, lastRpcTime:1159, electionTimeout:1150ms
2019-06-15 08:16:08,353 INFO  impl.RoleInfo (RoleInfo.java:shutdownFollowerState(121)) - 1bef906d-9a85-4502-92ea-9a526555fa3c: shutdown FollowerState
2019-06-15 08:16:08,353 INFO  impl.RoleInfo (RoleInfo.java:updateAndGet(143)) - 0137ee16-d057-4c9b-8c7c-ca32fc7297d0: start LeaderElection
2019-06-15 08:16:08,353 INFO  impl.RaftServerImpl (RaftServerImpl.java:setRole(164)) - 1bef906d-9a85-4502-92ea-9a526555fa3c:group-9ECC60476D3B changes role from FOLLOWER to CANDIDATE at term 0 for changeToCandidate
2019-06-15 08:16:08,357 INFO  storage.RaftLogWorker (RaftLogWorker.java:execute(469)) - 3fe1c831-b364-461e-a215-fc15f75c5ec8-RaftLogWorker: created new log segment /opt/src/hadoop-ozone/integration-test/target/test-dir/MiniOzoneClusterImpl-5f5b8459-6688-48c0-90a8-3adfedafb084/datanode-3/data/ratis/a20f6c55-ccc1-4128-bda9-2fdd21634ef0/current/log_inprogress_0
2019-06-15 08:16:08,357 INFO  impl.RoleInfo (RoleInfo.java:updateAndGet(143)) - 1bef906d-9a85-4502-92ea-9a526555fa3c: start LeaderElection
2019-06-15 08:16:08,358 INFO  impl.RaftServerImpl (ServerState.java:setRaftConf(361)) - 3fe1c831-b364-461e-a215-fc15f75c5ec8:group-2FDD21634EF0 set configuration 0: [3fe1c831-b364-461e-a215-fc15f75c5ec8:192.168.105.190:42463], old=null at 0
2019-06-15 08:16:08,362 INFO  impl.LeaderElection (LeaderElection.java:askForVotes(181)) - d21e4beb-8633-4633-94c8-3521e9cdc4c4:group-9ECC60476D3B:LeaderElection5: begin an election at term 1 for -1: [0137ee16-d057-4c9b-8c7c-ca32fc7297d0:192.168.105.190:37241, 1bef906d-9a85-4502-92ea-9a526555fa3c:192.168.105.190:35481, d21e4beb-8633-4633-94c8-3521e9cdc4c4:192.168.105.190:36791], old=null
2019-06-15 08:16:08,364 INFO  impl.LeaderElection (LeaderElection.java:askForVotes(181)) - 1bef906d-9a85-4502-92ea-9a526555fa3c:group-9ECC60476D3B:LeaderElection7: begin an election at term 1 for -1: [0137ee16-d057-4c9b-8c7c-ca32fc7297d0:192.168.105.190:37241, 1bef906d-9a85-4502-92ea-9a526555fa3c:192.168.105.190:35481, d21e4beb-8633-4633-94c8-3521e9cdc4c4:192.168.105.190:36791], old=null
2019-06-15 08:16:08,364 INFO  impl.LeaderElection (LeaderElection.java:askForVotes(181)) - 0137ee16-d057-4c9b-8c7c-ca32fc7297d0:group-9ECC60476D3B:LeaderElection6: begin an election at term 1 for -1: [0137ee16-d057-4c9b-8c7c-ca32fc7297d0:192.168.105.190:37241, 1bef906d-9a85-4502-92ea-9a526555fa3c:192.168.105.190:35481, d21e4beb-8633-4633-94c8-3521e9cdc4c4:192.168.105.190:36791], old=null
2019-06-15 08:16:08,417 INFO  impl.LeaderElection (LeaderElection.java:logAndReturn(56)) - 1bef906d-9a85-4502-92ea-9a526555fa3c:group-9ECC60476D3B:LeaderElection7: Election REJECTED; received 2 response(s) [1bef906d-9a85-4502-92ea-9a526555fa3c->0137ee16-d057-4c9b-8c7c-ca32fc7297d0,false-t1, 1bef906d-9a85-4502-92ea-9a526555fa3c->d21e4beb-8633-4633-94c8-3521e9cdc4c4,false-t1] and 0 exception(s); 1bef906d-9a85-4502-92ea-9a526555fa3c:t1, leader=null, voted=1bef906d-9a85-4502-92ea-9a526555fa3c, raftlog=1bef906d-9a85-4502-92ea-9a526555fa3c-SegmentedRaftLog:OPENED:c-1,f-1,i0, conf=-1: [0137ee16-d057-4c9b-8c7c-ca32fc7297d0:192.168.105.190:37241, 1bef906d-9a85-4502-92ea-9a526555fa3c:192.168.105.190:35481, d21e4beb-8633-4633-94c8-3521e9cdc4c4:192.168.105.190:36791], old=null
2019-06-15 08:16:08,424 INFO  impl.RaftServerImpl (RaftServerImpl.java:setRole(164)) - 1bef906d-9a85-4502-92ea-9a526555fa3c:group-9ECC60476D3B changes role from CANDIDATE to FOLLOWER at term 1 for DISCOVERED_A_NEW_TERM
2019-06-15 08:16:08,424 INFO  impl.RoleInfo (RoleInfo.java:shutdownLeaderElection(134)) - 1bef906d-9a85-4502-92ea-9a526555fa3c: shutdown LeaderElection
2019-06-15 08:16:08,424 INFO  impl.RoleInfo (RoleInfo.java:updateAndGet(143)) - 1bef906d-9a85-4502-92ea-9a526555fa3c: start FollowerState
2019-06-15 08:16:08,429 INFO  impl.LeaderElection (LeaderElection.java:logAndReturn(56)) - 0137ee16-d057-4c9b-8c7c-ca32fc7297d0:group-9ECC60476D3B:LeaderElection6: Election REJECTED; received 2 response(s) [0137ee16-d057-4c9b-8c7c-ca32fc7297d0->1bef906d-9a85-4502-92ea-9a526555fa3c,false-t1, 0137ee16-d057-4c9b-8c7c-ca32fc7297d0->d21e4beb-8633-4633-94c8-3521e9cdc4c4,false-t1] and 0 exception(s); 0137ee16-d057-4c9b-8c7c-ca32fc7297d0:t1, leader=null, voted=0137ee16-d057-4c9b-8c7c-ca32fc7297d0, raftlog=0137ee16-d057-4c9b-8c7c-ca32fc7297d0-SegmentedRaftLog:OPENED:c-1,f-1,i0, conf=-1: [0137ee16-d057-4c9b-8c7c-ca32fc7297d0:192.168.105.190:37241, 1bef906d-9a85-4502-92ea-9a526555fa3c:192.168.105.190:35481, d21e4beb-8633-4633-94c8-3521e9cdc4c4:192.168.105.190:36791], old=null
2019-06-15 08:16:08,430 INFO  impl.RaftServerImpl (RaftServerImpl.java:setRole(164)) - 0137ee16-d057-4c9b-8c7c-ca32fc7297d0:group-9ECC60476D3B changes role from CANDIDATE to FOLLOWER at term 1 for DISCOVERED_A_NEW_TERM
2019-06-15 08:16:08,430 INFO  impl.RoleInfo (RoleInfo.java:shutdownLeaderElection(134)) - 0137ee16-d057-4c9b-8c7c-ca32fc7297d0: shutdown LeaderElection
2019-06-15 08:16:08,430 INFO  impl.RoleInfo (RoleInfo.java:updateAndGet(143)) - 0137ee16-d057-4c9b-8c7c-ca32fc7297d0: start FollowerState
2019-06-15 08:16:08,436 INFO  impl.LeaderElection (LeaderElection.java:logAndReturn(56)) - d21e4beb-8633-4633-94c8-3521e9cdc4c4:group-9ECC60476D3B:LeaderElection5: Election REJECTED; received 2 response(s) [d21e4beb-8633-4633-94c8-3521e9cdc4c4->0137ee16-d057-4c9b-8c7c-ca32fc7297d0,false-t1, d21e4beb-8633-4633-94c8-3521e9cdc4c4->1bef906d-9a85-4502-92ea-9a526555fa3c,false-t1] and 0 exception(s); d21e4beb-8633-4633-94c8-3521e9cdc4c4:t1, leader=null, voted=d21e4beb-8633-4633-94c8-3521e9cdc4c4, raftlog=d21e4beb-8633-4633-94c8-3521e9cdc4c4-SegmentedRaftLog:OPENED:c-1,f-1,i0, conf=-1: [0137ee16-d057-4c9b-8c7c-ca32fc7297d0:192.168.105.190:37241, 1bef906d-9a85-4502-92ea-9a526555fa3c:192.168.105.190:35481, d21e4beb-8633-4633-94c8-3521e9cdc4c4:192.168.105.190:36791], old=null
2019-06-15 08:16:08,437 INFO  impl.RaftServerImpl (RaftServerImpl.java:setRole(164)) - d21e4beb-8633-4633-94c8-3521e9cdc4c4:group-9ECC60476D3B changes role from CANDIDATE to FOLLOWER at term 1 for DISCOVERED_A_NEW_TERM
2019-06-15 08:16:08,437 INFO  impl.RoleInfo (RoleInfo.java:shutdownLeaderElection(134)) - d21e4beb-8633-4633-94c8-3521e9cdc4c4: shutdown LeaderElection
2019-06-15 08:16:08,437 INFO  impl.RoleInfo (RoleInfo.java:updateAndGet(143)) - d21e4beb-8633-4633-94c8-3521e9cdc4c4: start FollowerState
2019-06-15 08:16:08,441 INFO  ozone.MiniOzoneClusterImpl (MiniOzoneClusterImpl.java:lambda$waitForClusterToBeReady$0(142)) - Cluster is ready. Got 6 of 6 DN Heartbeats.
2019-06-15 08:16:08,449 INFO  impl.FollowerState (FollowerState.java:run(101)) - 9ff0ff85-f4bc-42b1-9258-fd0a72bfc201:group-F4249C5C3191 changes to CANDIDATE, lastRpcTime:1191, electionTimeout:1191ms
2019-06-15 08:16:08,449 INFO  impl.RoleInfo (RoleInfo.java:shutdownFollowerState(121)) - 9ff0ff85-f4bc-42b1-9258-fd0a72bfc201: shutdown FollowerState
2019-06-15 08:16:08,449 INFO  impl.RaftServerImpl (RaftServerImpl.java:setRole(164)) - 9ff0ff85-f4bc-42b1-9258-fd0a72bfc201:group-F4249C5C3191 changes role from FOLLOWER to CANDIDATE at term 0 for changeToCandidate
2019-06-15 08:16:08,449 INFO  impl.RoleInfo (RoleInfo.java:updateAndGet(143)) - 9ff0ff85-f4bc-42b1-9258-fd0a72bfc201: start LeaderElection
2019-06-15 08:16:08,456 INFO  impl.LeaderElection (LeaderElection.java:askForVotes(181)) - 9ff0ff85-f4bc-42b1-9258-fd0a72bfc201:group-F4249C5C3191:LeaderElection8: begin an election at term 1 for -1: [9ff0ff85-f4bc-42b1-9258-fd0a72bfc201:192.168.105.190:43605], old=null
2019-06-15 08:16:08,456 INFO  impl.RoleInfo (RoleInfo.java:shutdownLeaderElection(134)) - 9ff0ff85-f4bc-42b1-9258-fd0a72bfc201: shutdown LeaderElection
2019-06-15 08:16:08,456 INFO  impl.RaftServerImpl (RaftServerImpl.java:setRole(164)) - 9ff0ff85-f4bc-42b1-9258-fd0a72bfc201:group-F4249C5C3191 changes role from CANDIDATE to LEADER at term 1 for changeToLeader
2019-06-15 08:16:08,456 INFO  impl.RaftServerImpl (ServerState.java:setLeader(263)) - 9ff0ff85-f4bc-42b1-9258-fd0a72bfc201:group-F4249C5C3191 change Leader from null to 9ff0ff85-f4bc-42b1-9258-fd0a72bfc201 at term 1 for becomeLeader, leader elected after 1201ms
2019-06-15 08:16:08,458 INFO  server.RaftServerConfigKeys (ConfUtils.java:logGet(43)) - raft.server.staging.catchup.gap = 1000 (default)
2019-06-15 08:16:08,458 INFO  server.RaftServerConfigKeys (ConfUtils.java:logGet(43)) - raft.server.rpc.sleep.time = 25ms (default)
2019-06-15 08:16:08,458 INFO  server.RaftServerConfigKeys (ConfUtils.java:logGet(43)) - raft.server.watch.timeout = 10s (default)
2019-06-15 08:16:08,458 INFO  server.RaftServerConfigKeys (ConfUtils.java:logGet(43)) - raft.server.watch.timeout.denomination = 1s (default)
2019-06-15 08:16:08,458 INFO  impl.RoleInfo (RoleInfo.java:updateAndGet(143)) - 9ff0ff85-f4bc-42b1-9258-fd0a72bfc201: start LeaderState
2019-06-15 08:16:08,459 INFO  storage.RaftLogWorker (RaftLogWorker.java:startLogSegment(298)) - 9ff0ff85-f4bc-42b1-9258-fd0a72bfc201-RaftLogWorker: Starting segment from index:0
]]></system-out>
    <system-err><![CDATA[ERROR StatusLogger No Log4j 2 configuration file found. Using default configuration (logging only errors to the console), or user programmatically provided configurations. Set system property 'log4j2.debug' to show Log4j 2 internal initialization logging. See https://logging.apache.org/log4j/2.x/manual/configuration.html for instructions on how to configure Log4j 2
Jun 15, 2019 8:16:01 AM com.sun.jersey.server.impl.application.WebApplicationImpl _initiate
INFO: Initiating Jersey application, version 'Jersey: 1.19 02/11/2015 03:25 AM'
Jun 15, 2019 8:16:02 AM com.sun.jersey.server.impl.application.WebApplicationImpl _initiate
INFO: Initiating Jersey application, version 'Jersey: 1.19 02/11/2015 03:25 AM'
Jun 15, 2019 8:16:02 AM com.sun.jersey.server.impl.application.WebApplicationImpl _initiate
INFO: Initiating Jersey application, version 'Jersey: 1.19 02/11/2015 03:25 AM'
Jun 15, 2019 8:16:02 AM com.sun.jersey.server.impl.application.WebApplicationImpl _initiate
INFO: Initiating Jersey application, version 'Jersey: 1.19 02/11/2015 03:25 AM'
Jun 15, 2019 8:16:03 AM com.sun.jersey.server.impl.application.WebApplicationImpl _initiate
INFO: Initiating Jersey application, version 'Jersey: 1.19 02/11/2015 03:25 AM'
Jun 15, 2019 8:16:03 AM com.sun.jersey.server.impl.application.WebApplicationImpl _initiate
INFO: Initiating Jersey application, version 'Jersey: 1.19 02/11/2015 03:25 AM'
]]></system-err>
  </testcase>
</testsuite>