<?xml version="1.0" encoding="UTF-8"?>
<testsuite xmlns:xsi="http://www.w3.org/2001/XMLSchema-instance" xsi:noNamespaceSchemaLocation="https://maven.apache.org/surefire/maven-surefire-plugin/xsd/surefire-test-report.xsd" name="org.apache.hadoop.ozone.client.rpc.TestWatchForCommit" time="122.654" tests="6" errors="1" skipped="0" failures="0">
  <properties>
    <property name="awt.toolkit" value="sun.awt.X11.XToolkit"/>
    <property name="file.encoding.pkg" value="sun.io"/>
    <property name="java.specification.version" value="1.8"/>
    <property name="sun.cpu.isalist" value=""/>
    <property name="sun.jnu.encoding" value="UTF-8"/>
    <property name="java.class.path" value="/opt/src/hadoop-ozone/integration-test/target/test-classes:/opt/src/hadoop-ozone/integration-test/target/classes:/home/user/.m2/repository/org/apache/hadoop/hadoop-ozone-common/0.5.0-SNAPSHOT/hadoop-ozone-common-0.5.0-SNAPSHOT.jar:/home/user/.m2/repository/org/apache/commons/commons-compress/1.4.1/commons-compress-1.4.1.jar:/home/user/.m2/repository/org/tukaani/xz/1.0/xz-1.0.jar:/home/user/.m2/repository/org/apache/hadoop/hadoop-common/3.2.0/hadoop-common-3.2.0.jar:/home/user/.m2/repository/org/apache/hadoop/hadoop-hdfs/3.2.0/hadoop-hdfs-3.2.0.jar:/home/user/.m2/repository/org/apache/hadoop/hadoop-hdfs-client/3.2.0/hadoop-hdfs-client-3.2.0.jar:/home/user/.m2/repository/com/fasterxml/jackson/core/jackson-annotations/2.9.5/jackson-annotations-2.9.5.jar:/home/user/.m2/repository/org/apache/hadoop/hadoop-hdds-common/0.5.0-SNAPSHOT/hadoop-hdds-common-0.5.0-SNAPSHOT.jar:/home/user/.m2/repository/javax/annotation/javax.annotation-api/1.2/javax.annotation-api-1.2.jar:/home/user/.m2/repository/org/apache/ratis/ratis-server/0.4.0-fe2b15d-SNAPSHOT/ratis-server-0.4.0-fe2b15d-SNAPSHOT.jar:/home/user/.m2/repository/org/apache/ratis/ratis-thirdparty-misc/0.2.0/ratis-thirdparty-misc-0.2.0.jar:/home/user/.m2/repository/org/apache/ratis/ratis-proto/0.4.0-fe2b15d-SNAPSHOT/ratis-proto-0.4.0-fe2b15d-SNAPSHOT.jar:/home/user/.m2/repository/org/apache/ratis/ratis-common/0.4.0-fe2b15d-SNAPSHOT/ratis-common-0.4.0-fe2b15d-SNAPSHOT.jar:/home/user/.m2/repository/org/apache/ratis/ratis-client/0.4.0-fe2b15d-SNAPSHOT/ratis-client-0.4.0-fe2b15d-SNAPSHOT.jar:/home/user/.m2/repository/org/apache/ratis/ratis-netty/0.4.0-fe2b15d-SNAPSHOT/ratis-netty-0.4.0-fe2b15d-SNAPSHOT.jar:/home/user/.m2/repository/org/apache/ratis/ratis-grpc/0.4.0-fe2b15d-SNAPSHOT/ratis-grpc-0.4.0-fe2b15d-SNAPSHOT.jar:/home/user/.m2/repository/org/rocksdb/rocksdbjni/5.14.2/rocksdbjni-5.14.2.jar:/home/user/.m2/repository/org/apache/logging/log4j/log4j-api/2.11.0/log4j-api-2.11.0.jar:/home/user/.m2/repository/org/apache/logging/log4j/log4j-core/2.11.0/log4j-core-2.11.0.jar:/home/user/.m2/repository/com/lmax/disruptor/3.4.2/disruptor-3.4.2.jar:/home/user/.m2/repository/org/apache/commons/commons-pool2/2.6.0/commons-pool2-2.6.0.jar:/home/user/.m2/repository/org/bouncycastle/bcpkix-jdk15on/1.60/bcpkix-jdk15on-1.60.jar:/home/user/.m2/repository/commons-validator/commons-validator/1.6/commons-validator-1.6.jar:/home/user/.m2/repository/commons-digester/commons-digester/1.8.1/commons-digester-1.8.1.jar:/home/user/.m2/repository/io/jaegertracing/jaeger-client/0.33.1/jaeger-client-0.33.1.jar:/home/user/.m2/repository/io/jaegertracing/jaeger-thrift/0.33.1/jaeger-thrift-0.33.1.jar:/home/user/.m2/repository/org/apache/thrift/libthrift/0.11.0/libthrift-0.11.0.jar:/home/user/.m2/repository/com/squareup/okhttp3/okhttp/3.9.0/okhttp-3.9.0.jar:/home/user/.m2/repository/com/squareup/okio/okio/1.13.0/okio-1.13.0.jar:/home/user/.m2/repository/io/jaegertracing/jaeger-core/0.33.1/jaeger-core-0.33.1.jar:/home/user/.m2/repository/io/jaegertracing/jaeger-tracerresolver/0.33.1/jaeger-tracerresolver-0.33.1.jar:/home/user/.m2/repository/io/opentracing/contrib/opentracing-tracerresolver/0.1.5/opentracing-tracerresolver-0.1.5.jar:/home/user/.m2/repository/io/opentracing/opentracing-util/0.31.0/opentracing-util-0.31.0.jar:/home/user/.m2/repository/io/opentracing/opentracing-api/0.31.0/opentracing-api-0.31.0.jar:/home/user/.m2/repository/io/opentracing/opentracing-noop/0.31.0/opentracing-noop-0.31.0.jar:/home/user/.m2/repository/org/apache/hadoop/hadoop-hdds-server-framework/0.5.0-SNAPSHOT/hadoop-hdds-server-framework-0.5.0-SNAPSHOT.jar:/home/user/.m2/repository/org/apache/hadoop/hadoop-hdds-server-scm/0.5.0-SNAPSHOT/hadoop-hdds-server-scm-0.5.0-SNAPSHOT.jar:/home/user/.m2/repository/org/apache/hadoop/hadoop-hdds-container-service/0.5.0-SNAPSHOT/hadoop-hdds-container-service-0.5.0-SNAPSHOT.jar:/home/user/.m2/repository/org/apache/hadoop/hadoop-hdds-client/0.5.0-SNAPSHOT/hadoop-hdds-client-0.5.0-SNAPSHOT.jar:/home/user/.m2/repository/org/apache/hadoop/hadoop-hdds-tools/0.5.0-SNAPSHOT/hadoop-hdds-tools-0.5.0-SNAPSHOT.jar:/home/user/.m2/repository/org/apache/hadoop/hadoop-ozone-ozone-manager/0.5.0-SNAPSHOT/hadoop-ozone-ozone-manager-0.5.0-SNAPSHOT.jar:/home/user/.m2/repository/org/apache/hadoop/hadoop-hdds-docs/0.5.0-SNAPSHOT/hadoop-hdds-docs-0.5.0-SNAPSHOT.jar:/home/user/.m2/repository/org/bouncycastle/bcprov-jdk15on/1.60/bcprov-jdk15on-1.60.jar:/home/user/.m2/repository/org/apache/hadoop/hadoop-minikdc/3.2.0/hadoop-minikdc-3.2.0.jar:/home/user/.m2/repository/commons-io/commons-io/2.5/commons-io-2.5.jar:/home/user/.m2/repository/org/apache/kerby/kerb-simplekdc/1.0.1/kerb-simplekdc-1.0.1.jar:/home/user/.m2/repository/org/apache/kerby/kerb-client/1.0.1/kerb-client-1.0.1.jar:/home/user/.m2/repository/org/apache/kerby/kerby-config/1.0.1/kerby-config-1.0.1.jar:/home/user/.m2/repository/org/apache/kerby/kerb-core/1.0.1/kerb-core-1.0.1.jar:/home/user/.m2/repository/org/apache/kerby/kerby-pkix/1.0.1/kerby-pkix-1.0.1.jar:/home/user/.m2/repository/org/apache/kerby/kerby-asn1/1.0.1/kerby-asn1-1.0.1.jar:/home/user/.m2/repository/org/apache/kerby/kerby-util/1.0.1/kerby-util-1.0.1.jar:/home/user/.m2/repository/org/apache/kerby/kerb-common/1.0.1/kerb-common-1.0.1.jar:/home/user/.m2/repository/org/apache/kerby/kerb-crypto/1.0.1/kerb-crypto-1.0.1.jar:/home/user/.m2/repository/org/apache/kerby/kerb-util/1.0.1/kerb-util-1.0.1.jar:/home/user/.m2/repository/org/apache/kerby/token-provider/1.0.1/token-provider-1.0.1.jar:/home/user/.m2/repository/org/apache/kerby/kerb-admin/1.0.1/kerb-admin-1.0.1.jar:/home/user/.m2/repository/org/apache/kerby/kerb-server/1.0.1/kerb-server-1.0.1.jar:/home/user/.m2/repository/org/apache/kerby/kerb-identity/1.0.1/kerb-identity-1.0.1.jar:/home/user/.m2/repository/org/apache/kerby/kerby-xdr/1.0.1/kerby-xdr-1.0.1.jar:/home/user/.m2/repository/org/slf4j/slf4j-log4j12/1.7.25/slf4j-log4j12-1.7.25.jar:/home/user/.m2/repository/org/apache/hadoop/hadoop-ozone-objectstore-service/0.5.0-SNAPSHOT/hadoop-ozone-objectstore-service-0.5.0-SNAPSHOT.jar:/home/user/.m2/repository/org/apache/hadoop/hadoop-ozone-s3gateway/0.5.0-SNAPSHOT/hadoop-ozone-s3gateway-0.5.0-SNAPSHOT.jar:/home/user/.m2/repository/org/jboss/weld/servlet/weld-servlet/2.4.7.Final/weld-servlet-2.4.7.Final.jar:/home/user/.m2/repository/org/glassfish/jersey/containers/jersey-container-servlet-core/2.27/jersey-container-servlet-core-2.27.jar:/home/user/.m2/repository/org/glassfish/hk2/external/javax.inject/2.5.0-b42/javax.inject-2.5.0-b42.jar:/home/user/.m2/repository/org/glassfish/jersey/core/jersey-common/2.27/jersey-common-2.27.jar:/home/user/.m2/repository/org/glassfish/hk2/osgi-resource-locator/1.0.1/osgi-resource-locator-1.0.1.jar:/home/user/.m2/repository/javax/ws/rs/javax.ws.rs-api/2.1/javax.ws.rs-api-2.1.jar:/home/user/.m2/repository/org/glassfish/jersey/ext/cdi/jersey-cdi1x/2.27/jersey-cdi1x-2.27.jar:/home/user/.m2/repository/org/glassfish/jersey/inject/jersey-hk2/2.27/jersey-hk2-2.27.jar:/home/user/.m2/repository/org/glassfish/hk2/hk2-locator/2.5.0-b42/hk2-locator-2.5.0-b42.jar:/home/user/.m2/repository/org/javassist/javassist/3.22.0-CR2/javassist-3.22.0-CR2.jar:/home/user/.m2/repository/org/glassfish/hk2/hk2-api/2.5.0/hk2-api-2.5.0.jar:/home/user/.m2/repository/org/glassfish/hk2/external/jakarta.inject/2.5.0/jakarta.inject-2.5.0.jar:/home/user/.m2/repository/org/glassfish/hk2/hk2-utils/2.5.0/hk2-utils-2.5.0.jar:/home/user/.m2/repository/jakarta/annotation/jakarta.annotation-api/1.3.4/jakarta.annotation-api-1.3.4.jar:/home/user/.m2/repository/org/glassfish/hk2/external/aopalliance-repackaged/2.5.0/aopalliance-repackaged-2.5.0.jar:/home/user/.m2/repository/com/fasterxml/jackson/dataformat/jackson-dataformat-xml/2.9.0/jackson-dataformat-xml-2.9.0.jar:/home/user/.m2/repository/com/fasterxml/jackson/core/jackson-core/2.9.5/jackson-core-2.9.5.jar:/home/user/.m2/repository/com/fasterxml/jackson/module/jackson-module-jaxb-annotations/2.9.5/jackson-module-jaxb-annotations-2.9.5.jar:/home/user/.m2/repository/javax/enterprise/cdi-api/1.2/cdi-api-1.2.jar:/home/user/.m2/repository/javax/el/javax.el-api/3.0.0/javax.el-api-3.0.0.jar:/home/user/.m2/repository/javax/interceptor/javax.interceptor-api/1.2/javax.interceptor-api-1.2.jar:/home/user/.m2/repository/javax/inject/javax.inject/1/javax.inject-1.jar:/home/user/.m2/repository/com/sun/xml/bind/jaxb-impl/2.3.0.1/jaxb-impl-2.3.0.1.jar:/home/user/.m2/repository/com/sun/xml/bind/jaxb-core/2.3.0.1/jaxb-core-2.3.0.1.jar:/home/user/.m2/repository/javax/xml/bind/jaxb-api/2.3.0/jaxb-api-2.3.0.jar:/home/user/.m2/repository/javax/activation/activation/1.1.1/activation-1.1.1.jar:/home/user/.m2/repository/org/apache/hadoop/hadoop-ozone-csi/0.5.0-SNAPSHOT/hadoop-ozone-csi-0.5.0-SNAPSHOT.jar:/home/user/.m2/repository/com/google/protobuf/protobuf-java-util/3.5.1/protobuf-java-util-3.5.1.jar:/home/user/.m2/repository/org/apache/hadoop/hadoop-hdds-config/0.5.0-SNAPSHOT/hadoop-hdds-config-0.5.0-SNAPSHOT.jar:/home/user/.m2/repository/com/google/guava/guava/11.0.2/guava-11.0.2.jar:/home/user/.m2/repository/com/google/protobuf/protobuf-java/2.5.0/protobuf-java-2.5.0.jar:/home/user/.m2/repository/io/grpc/grpc-netty/1.17.1/grpc-netty-1.17.1.jar:/home/user/.m2/repository/io/grpc/grpc-core/1.17.1/grpc-core-1.17.1.jar:/home/user/.m2/repository/io/grpc/grpc-context/1.17.1/grpc-context-1.17.1.jar:/home/user/.m2/repository/com/google/errorprone/error_prone_annotations/2.2.0/error_prone_annotations-2.2.0.jar:/home/user/.m2/repository/org/codehaus/mojo/animal-sniffer-annotations/1.17/animal-sniffer-annotations-1.17.jar:/home/user/.m2/repository/io/opencensus/opencensus-api/0.17.0/opencensus-api-0.17.0.jar:/home/user/.m2/repository/io/opencensus/opencensus-contrib-grpc-metrics/0.17.0/opencensus-contrib-grpc-metrics-0.17.0.jar:/home/user/.m2/repository/io/netty/netty-codec-http2/4.1.30.Final/netty-codec-http2-4.1.30.Final.jar:/home/user/.m2/repository/io/netty/netty-codec-http/4.1.30.Final/netty-codec-http-4.1.30.Final.jar:/home/user/.m2/repository/io/netty/netty-codec/4.1.30.Final/netty-codec-4.1.30.Final.jar:/home/user/.m2/repository/io/netty/netty-handler/4.1.30.Final/netty-handler-4.1.30.Final.jar:/home/user/.m2/repository/io/netty/netty-handler-proxy/4.1.30.Final/netty-handler-proxy-4.1.30.Final.jar:/home/user/.m2/repository/io/netty/netty-codec-socks/4.1.30.Final/netty-codec-socks-4.1.30.Final.jar:/home/user/.m2/repository/io/netty/netty-transport-native-epoll/4.1.30.Final/netty-transport-native-epoll-4.1.30.Final.jar:/home/user/.m2/repository/io/netty/netty-common/4.1.30.Final/netty-common-4.1.30.Final.jar:/home/user/.m2/repository/io/netty/netty-buffer/4.1.30.Final/netty-buffer-4.1.30.Final.jar:/home/user/.m2/repository/io/netty/netty-transport/4.1.30.Final/netty-transport-4.1.30.Final.jar:/home/user/.m2/repository/io/netty/netty-resolver/4.1.30.Final/netty-resolver-4.1.30.Final.jar:/home/user/.m2/repository/io/netty/netty-transport-native-unix-common/4.1.30.Final/netty-transport-native-unix-common-4.1.30.Final.jar:/home/user/.m2/repository/io/grpc/grpc-protobuf/1.17.1/grpc-protobuf-1.17.1.jar:/home/user/.m2/repository/com/google/api/grpc/proto-google-common-protos/1.0.0/proto-google-common-protos-1.0.0.jar:/home/user/.m2/repository/io/grpc/grpc-protobuf-lite/1.17.1/grpc-protobuf-lite-1.17.1.jar:/home/user/.m2/repository/io/grpc/grpc-stub/1.17.1/grpc-stub-1.17.1.jar:/home/user/.m2/repository/org/apache/hadoop/hadoop-ozone-recon/0.5.0-SNAPSHOT/hadoop-ozone-recon-0.5.0-SNAPSHOT.jar:/home/user/.m2/repository/org/apache/hadoop/hadoop-ozone-reconcodegen/0.5.0-SNAPSHOT/hadoop-ozone-reconcodegen-0.5.0-SNAPSHOT.jar:/home/user/.m2/repository/com/google/inject/extensions/guice-multibindings/4.0/guice-multibindings-4.0.jar:/home/user/.m2/repository/com/google/inject/guice/4.0/guice-4.0.jar:/home/user/.m2/repository/aopalliance/aopalliance/1.0/aopalliance-1.0.jar:/home/user/.m2/repository/com/google/inject/extensions/guice-servlet/4.0/guice-servlet-4.0.jar:/home/user/.m2/repository/org/glassfish/jersey/containers/jersey-container-servlet/2.27/jersey-container-servlet-2.27.jar:/home/user/.m2/repository/org/glassfish/hk2/guice-bridge/2.5.0/guice-bridge-2.5.0.jar:/home/user/.m2/repository/org/glassfish/jersey/core/jersey-server/2.27/jersey-server-2.27.jar:/home/user/.m2/repository/org/glassfish/jersey/core/jersey-client/2.27/jersey-client-2.27.jar:/home/user/.m2/repository/org/glassfish/jersey/media/jersey-media-jaxb/2.27/jersey-media-jaxb-2.27.jar:/home/user/.m2/repository/javax/validation/validation-api/1.1.0.Final/validation-api-1.1.0.Final.jar:/home/user/.m2/repository/org/glassfish/jersey/media/jersey-media-json-jackson/2.27/jersey-media-json-jackson-2.27.jar:/home/user/.m2/repository/org/glassfish/jersey/ext/jersey-entity-filtering/2.27/jersey-entity-filtering-2.27.jar:/home/user/.m2/repository/com/google/inject/extensions/guice-assistedinject/4.0/guice-assistedinject-4.0.jar:/home/user/.m2/repository/org/jooq/jooq/3.11.10/jooq-3.11.10.jar:/home/user/.m2/repository/org/jooq/jooq-meta/3.11.10/jooq-meta-3.11.10.jar:/home/user/.m2/repository/org/jooq/jooq-codegen/3.11.10/jooq-codegen-3.11.10.jar:/home/user/.m2/repository/com/jolbox/bonecp/0.8.0.RELEASE/bonecp-0.8.0.RELEASE.jar:/home/user/.m2/repository/org/xerial/sqlite-jdbc/3.25.2/sqlite-jdbc-3.25.2.jar:/home/user/.m2/repository/org/springframework/spring-jdbc/5.1.3.RELEASE/spring-jdbc-5.1.3.RELEASE.jar:/home/user/.m2/repository/org/springframework/spring-beans/5.1.3.RELEASE/spring-beans-5.1.3.RELEASE.jar:/home/user/.m2/repository/org/springframework/spring-core/5.1.3.RELEASE/spring-core-5.1.3.RELEASE.jar:/home/user/.m2/repository/org/springframework/spring-jcl/5.1.3.RELEASE/spring-jcl-5.1.3.RELEASE.jar:/home/user/.m2/repository/org/springframework/spring-tx/5.1.3.RELEASE/spring-tx-5.1.3.RELEASE.jar:/home/user/.m2/repository/org/apache/hadoop/hadoop-ozone-client/0.5.0-SNAPSHOT/hadoop-ozone-client-0.5.0-SNAPSHOT.jar:/home/user/.m2/repository/org/apache/hadoop/hadoop-ozone-ozone-manager/0.5.0-SNAPSHOT/hadoop-ozone-ozone-manager-0.5.0-SNAPSHOT-tests.jar:/home/user/.m2/repository/junit/junit/4.11/junit-4.11.jar:/home/user/.m2/repository/org/hamcrest/hamcrest-core/1.3/hamcrest-core-1.3.jar:/home/user/.m2/repository/org/openjdk/jmh/jmh-core/1.19/jmh-core-1.19.jar:/home/user/.m2/repository/net/sf/jopt-simple/jopt-simple/4.6/jopt-simple-4.6.jar:/home/user/.m2/repository/org/apache/commons/commons-math3/3.1.1/commons-math3-3.1.1.jar:/home/user/.m2/repository/org/openjdk/jmh/jmh-generator-annprocess/1.19/jmh-generator-annprocess-1.19.jar:/home/user/.m2/repository/org/mockito/mockito-all/1.8.5/mockito-all-1.8.5.jar:/home/user/.m2/repository/org/apache/hadoop/hadoop-kms/3.2.0/hadoop-kms-3.2.0.jar:/home/user/.m2/repository/org/apache/hadoop/hadoop-auth/3.2.0/hadoop-auth-3.2.0.jar:/home/user/.m2/repository/com/nimbusds/nimbus-jose-jwt/4.41.1/nimbus-jose-jwt-4.41.1.jar:/home/user/.m2/repository/com/github/stephenc/jcip/jcip-annotations/1.0-1/jcip-annotations-1.0-1.jar:/home/user/.m2/repository/net/minidev/json-smart/2.3/json-smart-2.3.jar:/home/user/.m2/repository/net/minidev/accessors-smart/1.2/accessors-smart-1.2.jar:/home/user/.m2/repository/org/ow2/asm/asm/5.0.4/asm-5.0.4.jar:/home/user/.m2/repository/org/apache/curator/curator-framework/2.12.0/curator-framework-2.12.0.jar:/home/user/.m2/repository/com/sun/jersey/jersey-core/1.19/jersey-core-1.19.jar:/home/user/.m2/repository/javax/ws/rs/jsr311-api/1.1.1/jsr311-api-1.1.1.jar:/home/user/.m2/repository/com/sun/jersey/jersey-server/1.19/jersey-server-1.19.jar:/home/user/.m2/repository/javax/servlet/javax.servlet-api/3.1.0/javax.servlet-api-3.1.0.jar:/home/user/.m2/repository/org/eclipse/jetty/jetty-server/9.3.24.v20180605/jetty-server-9.3.24.v20180605.jar:/home/user/.m2/repository/org/eclipse/jetty/jetty-http/9.3.24.v20180605/jetty-http-9.3.24.v20180605.jar:/home/user/.m2/repository/org/eclipse/jetty/jetty-io/9.3.24.v20180605/jetty-io-9.3.24.v20180605.jar:/home/user/.m2/repository/org/eclipse/jetty/jetty-webapp/9.3.24.v20180605/jetty-webapp-9.3.24.v20180605.jar:/home/user/.m2/repository/org/eclipse/jetty/jetty-xml/9.3.24.v20180605/jetty-xml-9.3.24.v20180605.jar:/home/user/.m2/repository/log4j/log4j/1.2.17/log4j-1.2.17.jar:/home/user/.m2/repository/org/slf4j/slf4j-api/1.7.25/slf4j-api-1.7.25.jar:/home/user/.m2/repository/org/slf4j/jul-to-slf4j/1.7.25/jul-to-slf4j-1.7.25.jar:/home/user/.m2/repository/org/eclipse/jetty/jetty-util/9.3.24.v20180605/jetty-util-9.3.24.v20180605.jar:/home/user/.m2/repository/io/dropwizard/metrics/metrics-core/3.2.4/metrics-core-3.2.4.jar:/home/user/.m2/repository/com/fasterxml/jackson/core/jackson-databind/2.9.5/jackson-databind-2.9.5.jar:/home/user/.m2/repository/org/apache/hadoop/hadoop-kms/3.2.0/hadoop-kms-3.2.0-tests.jar:/home/user/.m2/repository/org/apache/hadoop/hadoop-hdds-server-scm/0.5.0-SNAPSHOT/hadoop-hdds-server-scm-0.5.0-SNAPSHOT-tests.jar:/home/user/.m2/repository/org/hamcrest/hamcrest-all/1.3/hamcrest-all-1.3.jar:/home/user/.m2/repository/info/picocli/picocli/3.9.6/picocli-3.9.6.jar:/home/user/.m2/repository/org/apache/hadoop/hadoop-hdds-container-service/0.5.0-SNAPSHOT/hadoop-hdds-container-service-0.5.0-SNAPSHOT-tests.jar:/home/user/.m2/repository/org/yaml/snakeyaml/1.16/snakeyaml-1.16.jar:/home/user/.m2/repository/org/apache/hadoop/hadoop-common/3.2.0/hadoop-common-3.2.0-tests.jar:/home/user/.m2/repository/org/apache/hadoop/hadoop-annotations/3.2.0/hadoop-annotations-3.2.0.jar:/usr/lib/jvm/java-1.8-openjdk/jre/../lib/tools.jar:/home/user/.m2/repository/commons-cli/commons-cli/1.2/commons-cli-1.2.jar:/home/user/.m2/repository/org/apache/httpcomponents/httpclient/4.5.2/httpclient-4.5.2.jar:/home/user/.m2/repository/org/apache/httpcomponents/httpcore/4.4.4/httpcore-4.4.4.jar:/home/user/.m2/repository/commons-codec/commons-codec/1.11/commons-codec-1.11.jar:/home/user/.m2/repository/commons-net/commons-net/3.6/commons-net-3.6.jar:/home/user/.m2/repository/commons-collections/commons-collections/3.2.2/commons-collections-3.2.2.jar:/home/user/.m2/repository/org/eclipse/jetty/jetty-servlet/9.3.24.v20180605/jetty-servlet-9.3.24.v20180605.jar:/home/user/.m2/repository/org/eclipse/jetty/jetty-security/9.3.24.v20180605/jetty-security-9.3.24.v20180605.jar:/home/user/.m2/repository/javax/servlet/jsp/jsp-api/2.1/jsp-api-2.1.jar:/home/user/.m2/repository/com/sun/jersey/jersey-servlet/1.19/jersey-servlet-1.19.jar:/home/user/.m2/repository/com/sun/jersey/jersey-json/1.19/jersey-json-1.19.jar:/home/user/.m2/repository/org/codehaus/jettison/jettison/1.1/jettison-1.1.jar:/home/user/.m2/repository/org/codehaus/jackson/jackson-core-asl/1.9.13/jackson-core-asl-1.9.13.jar:/home/user/.m2/repository/org/codehaus/jackson/jackson-mapper-asl/1.9.13/jackson-mapper-asl-1.9.13.jar:/home/user/.m2/repository/org/codehaus/jackson/jackson-jaxrs/1.9.13/jackson-jaxrs-1.9.13.jar:/home/user/.m2/repository/org/codehaus/jackson/jackson-xc/1.9.13/jackson-xc-1.9.13.jar:/home/user/.m2/repository/commons-logging/commons-logging/1.1.3/commons-logging-1.1.3.jar:/home/user/.m2/repository/commons-beanutils/commons-beanutils/1.9.3/commons-beanutils-1.9.3.jar:/home/user/.m2/repository/org/apache/commons/commons-configuration2/2.1.1/commons-configuration2-2.1.1.jar:/home/user/.m2/repository/org/apache/commons/commons-lang3/3.7/commons-lang3-3.7.jar:/home/user/.m2/repository/org/apache/commons/commons-text/1.4/commons-text-1.4.jar:/home/user/.m2/repository/org/apache/avro/avro/1.7.7/avro-1.7.7.jar:/home/user/.m2/repository/com/thoughtworks/paranamer/paranamer/2.3/paranamer-2.3.jar:/home/user/.m2/repository/org/xerial/snappy/snappy-java/1.0.5/snappy-java-1.0.5.jar:/home/user/.m2/repository/com/google/re2j/re2j/1.1/re2j-1.1.jar:/home/user/.m2/repository/com/google/code/gson/gson/2.2.4/gson-2.2.4.jar:/home/user/.m2/repository/com/jcraft/jsch/0.1.54/jsch-0.1.54.jar:/home/user/.m2/repository/org/apache/curator/curator-client/2.12.0/curator-client-2.12.0.jar:/home/user/.m2/repository/org/apache/curator/curator-recipes/2.12.0/curator-recipes-2.12.0.jar:/home/user/.m2/repository/com/google/code/findbugs/jsr305/3.0.0/jsr305-3.0.0.jar:/home/user/.m2/repository/org/apache/htrace/htrace-core4/4.1.0-incubating/htrace-core4-4.1.0-incubating.jar:/home/user/.m2/repository/org/apache/zookeeper/zookeeper/3.4.13/zookeeper-3.4.13.jar:/home/user/.m2/repository/org/apache/yetus/audience-annotations/0.5.0/audience-annotations-0.5.0.jar:/home/user/.m2/repository/org/codehaus/woodstox/stax2-api/3.1.4/stax2-api-3.1.4.jar:/home/user/.m2/repository/com/fasterxml/woodstox/woodstox-core/5.0.3/woodstox-core-5.0.3.jar:/home/user/.m2/repository/dnsjava/dnsjava/2.1.7/dnsjava-2.1.7.jar:/home/user/.m2/repository/org/apache/hadoop/hadoop-hdfs/3.2.0/hadoop-hdfs-3.2.0-tests.jar:/home/user/.m2/repository/org/eclipse/jetty/jetty-util-ajax/9.3.24.v20180605/jetty-util-ajax-9.3.24.v20180605.jar:/home/user/.m2/repository/commons-daemon/commons-daemon/1.0.13/commons-daemon-1.0.13.jar:/home/user/.m2/repository/io/netty/netty/3.10.5.Final/netty-3.10.5.Final.jar:/home/user/.m2/repository/io/netty/netty-all/4.0.52.Final/netty-all-4.0.52.Final.jar:/home/user/.m2/repository/org/fusesource/leveldbjni/leveldbjni-all/1.8/leveldbjni-all-1.8.jar:"/>
    <property name="java.vm.vendor" value="IcedTea"/>
    <property name="sun.arch.data.model" value="64"/>
    <property name="test.build.dir" value="/opt/src/hadoop-ozone/integration-test/target/test-dir"/>
    <property name="test.cache.data" value=""/>
    <property name="java.vendor.url" value="https://icedtea.classpath.org"/>
    <property name="user.timezone" value=""/>
    <property name="java.vm.specification.version" value="1.8"/>
    <property name="os.name" value="Linux"/>
    <property name="test.build.data" value="/opt/src/hadoop-ozone/integration-test/target/test-dir"/>
    <property name="user.country" value="US"/>
    <property name="sun.java.launcher" value="SUN_STANDARD"/>
    <property name="sun.boot.library.path" value="/usr/lib/jvm/java-1.8-openjdk/jre/lib/amd64"/>
    <property name="sun.java.command" value="/opt/src/hadoop-ozone/integration-test/target/surefire/surefirebooter7408623847264427757.jar /opt/src/hadoop-ozone/integration-test/target/surefire 2019-06-15T08-12-08_658-jvmRun1 surefire3039785355451431644tmp surefire_215790599211584459380tmp"/>
    <property name="surefire.test.class.path" value="/opt/src/hadoop-ozone/integration-test/target/test-classes:/opt/src/hadoop-ozone/integration-test/target/classes:/home/user/.m2/repository/org/apache/hadoop/hadoop-ozone-common/0.5.0-SNAPSHOT/hadoop-ozone-common-0.5.0-SNAPSHOT.jar:/home/user/.m2/repository/org/apache/commons/commons-compress/1.4.1/commons-compress-1.4.1.jar:/home/user/.m2/repository/org/tukaani/xz/1.0/xz-1.0.jar:/home/user/.m2/repository/org/apache/hadoop/hadoop-common/3.2.0/hadoop-common-3.2.0.jar:/home/user/.m2/repository/org/apache/hadoop/hadoop-hdfs/3.2.0/hadoop-hdfs-3.2.0.jar:/home/user/.m2/repository/org/apache/hadoop/hadoop-hdfs-client/3.2.0/hadoop-hdfs-client-3.2.0.jar:/home/user/.m2/repository/com/fasterxml/jackson/core/jackson-annotations/2.9.5/jackson-annotations-2.9.5.jar:/home/user/.m2/repository/org/apache/hadoop/hadoop-hdds-common/0.5.0-SNAPSHOT/hadoop-hdds-common-0.5.0-SNAPSHOT.jar:/home/user/.m2/repository/javax/annotation/javax.annotation-api/1.2/javax.annotation-api-1.2.jar:/home/user/.m2/repository/org/apache/ratis/ratis-server/0.4.0-fe2b15d-SNAPSHOT/ratis-server-0.4.0-fe2b15d-SNAPSHOT.jar:/home/user/.m2/repository/org/apache/ratis/ratis-thirdparty-misc/0.2.0/ratis-thirdparty-misc-0.2.0.jar:/home/user/.m2/repository/org/apache/ratis/ratis-proto/0.4.0-fe2b15d-SNAPSHOT/ratis-proto-0.4.0-fe2b15d-SNAPSHOT.jar:/home/user/.m2/repository/org/apache/ratis/ratis-common/0.4.0-fe2b15d-SNAPSHOT/ratis-common-0.4.0-fe2b15d-SNAPSHOT.jar:/home/user/.m2/repository/org/apache/ratis/ratis-client/0.4.0-fe2b15d-SNAPSHOT/ratis-client-0.4.0-fe2b15d-SNAPSHOT.jar:/home/user/.m2/repository/org/apache/ratis/ratis-netty/0.4.0-fe2b15d-SNAPSHOT/ratis-netty-0.4.0-fe2b15d-SNAPSHOT.jar:/home/user/.m2/repository/org/apache/ratis/ratis-grpc/0.4.0-fe2b15d-SNAPSHOT/ratis-grpc-0.4.0-fe2b15d-SNAPSHOT.jar:/home/user/.m2/repository/org/rocksdb/rocksdbjni/5.14.2/rocksdbjni-5.14.2.jar:/home/user/.m2/repository/org/apache/logging/log4j/log4j-api/2.11.0/log4j-api-2.11.0.jar:/home/user/.m2/repository/org/apache/logging/log4j/log4j-core/2.11.0/log4j-core-2.11.0.jar:/home/user/.m2/repository/com/lmax/disruptor/3.4.2/disruptor-3.4.2.jar:/home/user/.m2/repository/org/apache/commons/commons-pool2/2.6.0/commons-pool2-2.6.0.jar:/home/user/.m2/repository/org/bouncycastle/bcpkix-jdk15on/1.60/bcpkix-jdk15on-1.60.jar:/home/user/.m2/repository/commons-validator/commons-validator/1.6/commons-validator-1.6.jar:/home/user/.m2/repository/commons-digester/commons-digester/1.8.1/commons-digester-1.8.1.jar:/home/user/.m2/repository/io/jaegertracing/jaeger-client/0.33.1/jaeger-client-0.33.1.jar:/home/user/.m2/repository/io/jaegertracing/jaeger-thrift/0.33.1/jaeger-thrift-0.33.1.jar:/home/user/.m2/repository/org/apache/thrift/libthrift/0.11.0/libthrift-0.11.0.jar:/home/user/.m2/repository/com/squareup/okhttp3/okhttp/3.9.0/okhttp-3.9.0.jar:/home/user/.m2/repository/com/squareup/okio/okio/1.13.0/okio-1.13.0.jar:/home/user/.m2/repository/io/jaegertracing/jaeger-core/0.33.1/jaeger-core-0.33.1.jar:/home/user/.m2/repository/io/jaegertracing/jaeger-tracerresolver/0.33.1/jaeger-tracerresolver-0.33.1.jar:/home/user/.m2/repository/io/opentracing/contrib/opentracing-tracerresolver/0.1.5/opentracing-tracerresolver-0.1.5.jar:/home/user/.m2/repository/io/opentracing/opentracing-util/0.31.0/opentracing-util-0.31.0.jar:/home/user/.m2/repository/io/opentracing/opentracing-api/0.31.0/opentracing-api-0.31.0.jar:/home/user/.m2/repository/io/opentracing/opentracing-noop/0.31.0/opentracing-noop-0.31.0.jar:/home/user/.m2/repository/org/apache/hadoop/hadoop-hdds-server-framework/0.5.0-SNAPSHOT/hadoop-hdds-server-framework-0.5.0-SNAPSHOT.jar:/home/user/.m2/repository/org/apache/hadoop/hadoop-hdds-server-scm/0.5.0-SNAPSHOT/hadoop-hdds-server-scm-0.5.0-SNAPSHOT.jar:/home/user/.m2/repository/org/apache/hadoop/hadoop-hdds-container-service/0.5.0-SNAPSHOT/hadoop-hdds-container-service-0.5.0-SNAPSHOT.jar:/home/user/.m2/repository/org/apache/hadoop/hadoop-hdds-client/0.5.0-SNAPSHOT/hadoop-hdds-client-0.5.0-SNAPSHOT.jar:/home/user/.m2/repository/org/apache/hadoop/hadoop-hdds-tools/0.5.0-SNAPSHOT/hadoop-hdds-tools-0.5.0-SNAPSHOT.jar:/home/user/.m2/repository/org/apache/hadoop/hadoop-ozone-ozone-manager/0.5.0-SNAPSHOT/hadoop-ozone-ozone-manager-0.5.0-SNAPSHOT.jar:/home/user/.m2/repository/org/apache/hadoop/hadoop-hdds-docs/0.5.0-SNAPSHOT/hadoop-hdds-docs-0.5.0-SNAPSHOT.jar:/home/user/.m2/repository/org/bouncycastle/bcprov-jdk15on/1.60/bcprov-jdk15on-1.60.jar:/home/user/.m2/repository/org/apache/hadoop/hadoop-minikdc/3.2.0/hadoop-minikdc-3.2.0.jar:/home/user/.m2/repository/commons-io/commons-io/2.5/commons-io-2.5.jar:/home/user/.m2/repository/org/apache/kerby/kerb-simplekdc/1.0.1/kerb-simplekdc-1.0.1.jar:/home/user/.m2/repository/org/apache/kerby/kerb-client/1.0.1/kerb-client-1.0.1.jar:/home/user/.m2/repository/org/apache/kerby/kerby-config/1.0.1/kerby-config-1.0.1.jar:/home/user/.m2/repository/org/apache/kerby/kerb-core/1.0.1/kerb-core-1.0.1.jar:/home/user/.m2/repository/org/apache/kerby/kerby-pkix/1.0.1/kerby-pkix-1.0.1.jar:/home/user/.m2/repository/org/apache/kerby/kerby-asn1/1.0.1/kerby-asn1-1.0.1.jar:/home/user/.m2/repository/org/apache/kerby/kerby-util/1.0.1/kerby-util-1.0.1.jar:/home/user/.m2/repository/org/apache/kerby/kerb-common/1.0.1/kerb-common-1.0.1.jar:/home/user/.m2/repository/org/apache/kerby/kerb-crypto/1.0.1/kerb-crypto-1.0.1.jar:/home/user/.m2/repository/org/apache/kerby/kerb-util/1.0.1/kerb-util-1.0.1.jar:/home/user/.m2/repository/org/apache/kerby/token-provider/1.0.1/token-provider-1.0.1.jar:/home/user/.m2/repository/org/apache/kerby/kerb-admin/1.0.1/kerb-admin-1.0.1.jar:/home/user/.m2/repository/org/apache/kerby/kerb-server/1.0.1/kerb-server-1.0.1.jar:/home/user/.m2/repository/org/apache/kerby/kerb-identity/1.0.1/kerb-identity-1.0.1.jar:/home/user/.m2/repository/org/apache/kerby/kerby-xdr/1.0.1/kerby-xdr-1.0.1.jar:/home/user/.m2/repository/org/slf4j/slf4j-log4j12/1.7.25/slf4j-log4j12-1.7.25.jar:/home/user/.m2/repository/org/apache/hadoop/hadoop-ozone-objectstore-service/0.5.0-SNAPSHOT/hadoop-ozone-objectstore-service-0.5.0-SNAPSHOT.jar:/home/user/.m2/repository/org/apache/hadoop/hadoop-ozone-s3gateway/0.5.0-SNAPSHOT/hadoop-ozone-s3gateway-0.5.0-SNAPSHOT.jar:/home/user/.m2/repository/org/jboss/weld/servlet/weld-servlet/2.4.7.Final/weld-servlet-2.4.7.Final.jar:/home/user/.m2/repository/org/glassfish/jersey/containers/jersey-container-servlet-core/2.27/jersey-container-servlet-core-2.27.jar:/home/user/.m2/repository/org/glassfish/hk2/external/javax.inject/2.5.0-b42/javax.inject-2.5.0-b42.jar:/home/user/.m2/repository/org/glassfish/jersey/core/jersey-common/2.27/jersey-common-2.27.jar:/home/user/.m2/repository/org/glassfish/hk2/osgi-resource-locator/1.0.1/osgi-resource-locator-1.0.1.jar:/home/user/.m2/repository/javax/ws/rs/javax.ws.rs-api/2.1/javax.ws.rs-api-2.1.jar:/home/user/.m2/repository/org/glassfish/jersey/ext/cdi/jersey-cdi1x/2.27/jersey-cdi1x-2.27.jar:/home/user/.m2/repository/org/glassfish/jersey/inject/jersey-hk2/2.27/jersey-hk2-2.27.jar:/home/user/.m2/repository/org/glassfish/hk2/hk2-locator/2.5.0-b42/hk2-locator-2.5.0-b42.jar:/home/user/.m2/repository/org/javassist/javassist/3.22.0-CR2/javassist-3.22.0-CR2.jar:/home/user/.m2/repository/org/glassfish/hk2/hk2-api/2.5.0/hk2-api-2.5.0.jar:/home/user/.m2/repository/org/glassfish/hk2/external/jakarta.inject/2.5.0/jakarta.inject-2.5.0.jar:/home/user/.m2/repository/org/glassfish/hk2/hk2-utils/2.5.0/hk2-utils-2.5.0.jar:/home/user/.m2/repository/jakarta/annotation/jakarta.annotation-api/1.3.4/jakarta.annotation-api-1.3.4.jar:/home/user/.m2/repository/org/glassfish/hk2/external/aopalliance-repackaged/2.5.0/aopalliance-repackaged-2.5.0.jar:/home/user/.m2/repository/com/fasterxml/jackson/dataformat/jackson-dataformat-xml/2.9.0/jackson-dataformat-xml-2.9.0.jar:/home/user/.m2/repository/com/fasterxml/jackson/core/jackson-core/2.9.5/jackson-core-2.9.5.jar:/home/user/.m2/repository/com/fasterxml/jackson/module/jackson-module-jaxb-annotations/2.9.5/jackson-module-jaxb-annotations-2.9.5.jar:/home/user/.m2/repository/javax/enterprise/cdi-api/1.2/cdi-api-1.2.jar:/home/user/.m2/repository/javax/el/javax.el-api/3.0.0/javax.el-api-3.0.0.jar:/home/user/.m2/repository/javax/interceptor/javax.interceptor-api/1.2/javax.interceptor-api-1.2.jar:/home/user/.m2/repository/javax/inject/javax.inject/1/javax.inject-1.jar:/home/user/.m2/repository/com/sun/xml/bind/jaxb-impl/2.3.0.1/jaxb-impl-2.3.0.1.jar:/home/user/.m2/repository/com/sun/xml/bind/jaxb-core/2.3.0.1/jaxb-core-2.3.0.1.jar:/home/user/.m2/repository/javax/xml/bind/jaxb-api/2.3.0/jaxb-api-2.3.0.jar:/home/user/.m2/repository/javax/activation/activation/1.1.1/activation-1.1.1.jar:/home/user/.m2/repository/org/apache/hadoop/hadoop-ozone-csi/0.5.0-SNAPSHOT/hadoop-ozone-csi-0.5.0-SNAPSHOT.jar:/home/user/.m2/repository/com/google/protobuf/protobuf-java-util/3.5.1/protobuf-java-util-3.5.1.jar:/home/user/.m2/repository/org/apache/hadoop/hadoop-hdds-config/0.5.0-SNAPSHOT/hadoop-hdds-config-0.5.0-SNAPSHOT.jar:/home/user/.m2/repository/com/google/guava/guava/11.0.2/guava-11.0.2.jar:/home/user/.m2/repository/com/google/protobuf/protobuf-java/2.5.0/protobuf-java-2.5.0.jar:/home/user/.m2/repository/io/grpc/grpc-netty/1.17.1/grpc-netty-1.17.1.jar:/home/user/.m2/repository/io/grpc/grpc-core/1.17.1/grpc-core-1.17.1.jar:/home/user/.m2/repository/io/grpc/grpc-context/1.17.1/grpc-context-1.17.1.jar:/home/user/.m2/repository/com/google/errorprone/error_prone_annotations/2.2.0/error_prone_annotations-2.2.0.jar:/home/user/.m2/repository/org/codehaus/mojo/animal-sniffer-annotations/1.17/animal-sniffer-annotations-1.17.jar:/home/user/.m2/repository/io/opencensus/opencensus-api/0.17.0/opencensus-api-0.17.0.jar:/home/user/.m2/repository/io/opencensus/opencensus-contrib-grpc-metrics/0.17.0/opencensus-contrib-grpc-metrics-0.17.0.jar:/home/user/.m2/repository/io/netty/netty-codec-http2/4.1.30.Final/netty-codec-http2-4.1.30.Final.jar:/home/user/.m2/repository/io/netty/netty-codec-http/4.1.30.Final/netty-codec-http-4.1.30.Final.jar:/home/user/.m2/repository/io/netty/netty-codec/4.1.30.Final/netty-codec-4.1.30.Final.jar:/home/user/.m2/repository/io/netty/netty-handler/4.1.30.Final/netty-handler-4.1.30.Final.jar:/home/user/.m2/repository/io/netty/netty-handler-proxy/4.1.30.Final/netty-handler-proxy-4.1.30.Final.jar:/home/user/.m2/repository/io/netty/netty-codec-socks/4.1.30.Final/netty-codec-socks-4.1.30.Final.jar:/home/user/.m2/repository/io/netty/netty-transport-native-epoll/4.1.30.Final/netty-transport-native-epoll-4.1.30.Final.jar:/home/user/.m2/repository/io/netty/netty-common/4.1.30.Final/netty-common-4.1.30.Final.jar:/home/user/.m2/repository/io/netty/netty-buffer/4.1.30.Final/netty-buffer-4.1.30.Final.jar:/home/user/.m2/repository/io/netty/netty-transport/4.1.30.Final/netty-transport-4.1.30.Final.jar:/home/user/.m2/repository/io/netty/netty-resolver/4.1.30.Final/netty-resolver-4.1.30.Final.jar:/home/user/.m2/repository/io/netty/netty-transport-native-unix-common/4.1.30.Final/netty-transport-native-unix-common-4.1.30.Final.jar:/home/user/.m2/repository/io/grpc/grpc-protobuf/1.17.1/grpc-protobuf-1.17.1.jar:/home/user/.m2/repository/com/google/api/grpc/proto-google-common-protos/1.0.0/proto-google-common-protos-1.0.0.jar:/home/user/.m2/repository/io/grpc/grpc-protobuf-lite/1.17.1/grpc-protobuf-lite-1.17.1.jar:/home/user/.m2/repository/io/grpc/grpc-stub/1.17.1/grpc-stub-1.17.1.jar:/home/user/.m2/repository/org/apache/hadoop/hadoop-ozone-recon/0.5.0-SNAPSHOT/hadoop-ozone-recon-0.5.0-SNAPSHOT.jar:/home/user/.m2/repository/org/apache/hadoop/hadoop-ozone-reconcodegen/0.5.0-SNAPSHOT/hadoop-ozone-reconcodegen-0.5.0-SNAPSHOT.jar:/home/user/.m2/repository/com/google/inject/extensions/guice-multibindings/4.0/guice-multibindings-4.0.jar:/home/user/.m2/repository/com/google/inject/guice/4.0/guice-4.0.jar:/home/user/.m2/repository/aopalliance/aopalliance/1.0/aopalliance-1.0.jar:/home/user/.m2/repository/com/google/inject/extensions/guice-servlet/4.0/guice-servlet-4.0.jar:/home/user/.m2/repository/org/glassfish/jersey/containers/jersey-container-servlet/2.27/jersey-container-servlet-2.27.jar:/home/user/.m2/repository/org/glassfish/hk2/guice-bridge/2.5.0/guice-bridge-2.5.0.jar:/home/user/.m2/repository/org/glassfish/jersey/core/jersey-server/2.27/jersey-server-2.27.jar:/home/user/.m2/repository/org/glassfish/jersey/core/jersey-client/2.27/jersey-client-2.27.jar:/home/user/.m2/repository/org/glassfish/jersey/media/jersey-media-jaxb/2.27/jersey-media-jaxb-2.27.jar:/home/user/.m2/repository/javax/validation/validation-api/1.1.0.Final/validation-api-1.1.0.Final.jar:/home/user/.m2/repository/org/glassfish/jersey/media/jersey-media-json-jackson/2.27/jersey-media-json-jackson-2.27.jar:/home/user/.m2/repository/org/glassfish/jersey/ext/jersey-entity-filtering/2.27/jersey-entity-filtering-2.27.jar:/home/user/.m2/repository/com/google/inject/extensions/guice-assistedinject/4.0/guice-assistedinject-4.0.jar:/home/user/.m2/repository/org/jooq/jooq/3.11.10/jooq-3.11.10.jar:/home/user/.m2/repository/org/jooq/jooq-meta/3.11.10/jooq-meta-3.11.10.jar:/home/user/.m2/repository/org/jooq/jooq-codegen/3.11.10/jooq-codegen-3.11.10.jar:/home/user/.m2/repository/com/jolbox/bonecp/0.8.0.RELEASE/bonecp-0.8.0.RELEASE.jar:/home/user/.m2/repository/org/xerial/sqlite-jdbc/3.25.2/sqlite-jdbc-3.25.2.jar:/home/user/.m2/repository/org/springframework/spring-jdbc/5.1.3.RELEASE/spring-jdbc-5.1.3.RELEASE.jar:/home/user/.m2/repository/org/springframework/spring-beans/5.1.3.RELEASE/spring-beans-5.1.3.RELEASE.jar:/home/user/.m2/repository/org/springframework/spring-core/5.1.3.RELEASE/spring-core-5.1.3.RELEASE.jar:/home/user/.m2/repository/org/springframework/spring-jcl/5.1.3.RELEASE/spring-jcl-5.1.3.RELEASE.jar:/home/user/.m2/repository/org/springframework/spring-tx/5.1.3.RELEASE/spring-tx-5.1.3.RELEASE.jar:/home/user/.m2/repository/org/apache/hadoop/hadoop-ozone-client/0.5.0-SNAPSHOT/hadoop-ozone-client-0.5.0-SNAPSHOT.jar:/home/user/.m2/repository/org/apache/hadoop/hadoop-ozone-ozone-manager/0.5.0-SNAPSHOT/hadoop-ozone-ozone-manager-0.5.0-SNAPSHOT-tests.jar:/home/user/.m2/repository/junit/junit/4.11/junit-4.11.jar:/home/user/.m2/repository/org/hamcrest/hamcrest-core/1.3/hamcrest-core-1.3.jar:/home/user/.m2/repository/org/openjdk/jmh/jmh-core/1.19/jmh-core-1.19.jar:/home/user/.m2/repository/net/sf/jopt-simple/jopt-simple/4.6/jopt-simple-4.6.jar:/home/user/.m2/repository/org/apache/commons/commons-math3/3.1.1/commons-math3-3.1.1.jar:/home/user/.m2/repository/org/openjdk/jmh/jmh-generator-annprocess/1.19/jmh-generator-annprocess-1.19.jar:/home/user/.m2/repository/org/mockito/mockito-all/1.8.5/mockito-all-1.8.5.jar:/home/user/.m2/repository/org/apache/hadoop/hadoop-kms/3.2.0/hadoop-kms-3.2.0.jar:/home/user/.m2/repository/org/apache/hadoop/hadoop-auth/3.2.0/hadoop-auth-3.2.0.jar:/home/user/.m2/repository/com/nimbusds/nimbus-jose-jwt/4.41.1/nimbus-jose-jwt-4.41.1.jar:/home/user/.m2/repository/com/github/stephenc/jcip/jcip-annotations/1.0-1/jcip-annotations-1.0-1.jar:/home/user/.m2/repository/net/minidev/json-smart/2.3/json-smart-2.3.jar:/home/user/.m2/repository/net/minidev/accessors-smart/1.2/accessors-smart-1.2.jar:/home/user/.m2/repository/org/ow2/asm/asm/5.0.4/asm-5.0.4.jar:/home/user/.m2/repository/org/apache/curator/curator-framework/2.12.0/curator-framework-2.12.0.jar:/home/user/.m2/repository/com/sun/jersey/jersey-core/1.19/jersey-core-1.19.jar:/home/user/.m2/repository/javax/ws/rs/jsr311-api/1.1.1/jsr311-api-1.1.1.jar:/home/user/.m2/repository/com/sun/jersey/jersey-server/1.19/jersey-server-1.19.jar:/home/user/.m2/repository/javax/servlet/javax.servlet-api/3.1.0/javax.servlet-api-3.1.0.jar:/home/user/.m2/repository/org/eclipse/jetty/jetty-server/9.3.24.v20180605/jetty-server-9.3.24.v20180605.jar:/home/user/.m2/repository/org/eclipse/jetty/jetty-http/9.3.24.v20180605/jetty-http-9.3.24.v20180605.jar:/home/user/.m2/repository/org/eclipse/jetty/jetty-io/9.3.24.v20180605/jetty-io-9.3.24.v20180605.jar:/home/user/.m2/repository/org/eclipse/jetty/jetty-webapp/9.3.24.v20180605/jetty-webapp-9.3.24.v20180605.jar:/home/user/.m2/repository/org/eclipse/jetty/jetty-xml/9.3.24.v20180605/jetty-xml-9.3.24.v20180605.jar:/home/user/.m2/repository/log4j/log4j/1.2.17/log4j-1.2.17.jar:/home/user/.m2/repository/org/slf4j/slf4j-api/1.7.25/slf4j-api-1.7.25.jar:/home/user/.m2/repository/org/slf4j/jul-to-slf4j/1.7.25/jul-to-slf4j-1.7.25.jar:/home/user/.m2/repository/org/eclipse/jetty/jetty-util/9.3.24.v20180605/jetty-util-9.3.24.v20180605.jar:/home/user/.m2/repository/io/dropwizard/metrics/metrics-core/3.2.4/metrics-core-3.2.4.jar:/home/user/.m2/repository/com/fasterxml/jackson/core/jackson-databind/2.9.5/jackson-databind-2.9.5.jar:/home/user/.m2/repository/org/apache/hadoop/hadoop-kms/3.2.0/hadoop-kms-3.2.0-tests.jar:/home/user/.m2/repository/org/apache/hadoop/hadoop-hdds-server-scm/0.5.0-SNAPSHOT/hadoop-hdds-server-scm-0.5.0-SNAPSHOT-tests.jar:/home/user/.m2/repository/org/hamcrest/hamcrest-all/1.3/hamcrest-all-1.3.jar:/home/user/.m2/repository/info/picocli/picocli/3.9.6/picocli-3.9.6.jar:/home/user/.m2/repository/org/apache/hadoop/hadoop-hdds-container-service/0.5.0-SNAPSHOT/hadoop-hdds-container-service-0.5.0-SNAPSHOT-tests.jar:/home/user/.m2/repository/org/yaml/snakeyaml/1.16/snakeyaml-1.16.jar:/home/user/.m2/repository/org/apache/hadoop/hadoop-common/3.2.0/hadoop-common-3.2.0-tests.jar:/home/user/.m2/repository/org/apache/hadoop/hadoop-annotations/3.2.0/hadoop-annotations-3.2.0.jar:/usr/lib/jvm/java-1.8-openjdk/jre/../lib/tools.jar:/home/user/.m2/repository/commons-cli/commons-cli/1.2/commons-cli-1.2.jar:/home/user/.m2/repository/org/apache/httpcomponents/httpclient/4.5.2/httpclient-4.5.2.jar:/home/user/.m2/repository/org/apache/httpcomponents/httpcore/4.4.4/httpcore-4.4.4.jar:/home/user/.m2/repository/commons-codec/commons-codec/1.11/commons-codec-1.11.jar:/home/user/.m2/repository/commons-net/commons-net/3.6/commons-net-3.6.jar:/home/user/.m2/repository/commons-collections/commons-collections/3.2.2/commons-collections-3.2.2.jar:/home/user/.m2/repository/org/eclipse/jetty/jetty-servlet/9.3.24.v20180605/jetty-servlet-9.3.24.v20180605.jar:/home/user/.m2/repository/org/eclipse/jetty/jetty-security/9.3.24.v20180605/jetty-security-9.3.24.v20180605.jar:/home/user/.m2/repository/javax/servlet/jsp/jsp-api/2.1/jsp-api-2.1.jar:/home/user/.m2/repository/com/sun/jersey/jersey-servlet/1.19/jersey-servlet-1.19.jar:/home/user/.m2/repository/com/sun/jersey/jersey-json/1.19/jersey-json-1.19.jar:/home/user/.m2/repository/org/codehaus/jettison/jettison/1.1/jettison-1.1.jar:/home/user/.m2/repository/org/codehaus/jackson/jackson-core-asl/1.9.13/jackson-core-asl-1.9.13.jar:/home/user/.m2/repository/org/codehaus/jackson/jackson-mapper-asl/1.9.13/jackson-mapper-asl-1.9.13.jar:/home/user/.m2/repository/org/codehaus/jackson/jackson-jaxrs/1.9.13/jackson-jaxrs-1.9.13.jar:/home/user/.m2/repository/org/codehaus/jackson/jackson-xc/1.9.13/jackson-xc-1.9.13.jar:/home/user/.m2/repository/commons-logging/commons-logging/1.1.3/commons-logging-1.1.3.jar:/home/user/.m2/repository/commons-beanutils/commons-beanutils/1.9.3/commons-beanutils-1.9.3.jar:/home/user/.m2/repository/org/apache/commons/commons-configuration2/2.1.1/commons-configuration2-2.1.1.jar:/home/user/.m2/repository/org/apache/commons/commons-lang3/3.7/commons-lang3-3.7.jar:/home/user/.m2/repository/org/apache/commons/commons-text/1.4/commons-text-1.4.jar:/home/user/.m2/repository/org/apache/avro/avro/1.7.7/avro-1.7.7.jar:/home/user/.m2/repository/com/thoughtworks/paranamer/paranamer/2.3/paranamer-2.3.jar:/home/user/.m2/repository/org/xerial/snappy/snappy-java/1.0.5/snappy-java-1.0.5.jar:/home/user/.m2/repository/com/google/re2j/re2j/1.1/re2j-1.1.jar:/home/user/.m2/repository/com/google/code/gson/gson/2.2.4/gson-2.2.4.jar:/home/user/.m2/repository/com/jcraft/jsch/0.1.54/jsch-0.1.54.jar:/home/user/.m2/repository/org/apache/curator/curator-client/2.12.0/curator-client-2.12.0.jar:/home/user/.m2/repository/org/apache/curator/curator-recipes/2.12.0/curator-recipes-2.12.0.jar:/home/user/.m2/repository/com/google/code/findbugs/jsr305/3.0.0/jsr305-3.0.0.jar:/home/user/.m2/repository/org/apache/htrace/htrace-core4/4.1.0-incubating/htrace-core4-4.1.0-incubating.jar:/home/user/.m2/repository/org/apache/zookeeper/zookeeper/3.4.13/zookeeper-3.4.13.jar:/home/user/.m2/repository/org/apache/yetus/audience-annotations/0.5.0/audience-annotations-0.5.0.jar:/home/user/.m2/repository/org/codehaus/woodstox/stax2-api/3.1.4/stax2-api-3.1.4.jar:/home/user/.m2/repository/com/fasterxml/woodstox/woodstox-core/5.0.3/woodstox-core-5.0.3.jar:/home/user/.m2/repository/dnsjava/dnsjava/2.1.7/dnsjava-2.1.7.jar:/home/user/.m2/repository/org/apache/hadoop/hadoop-hdfs/3.2.0/hadoop-hdfs-3.2.0-tests.jar:/home/user/.m2/repository/org/eclipse/jetty/jetty-util-ajax/9.3.24.v20180605/jetty-util-ajax-9.3.24.v20180605.jar:/home/user/.m2/repository/commons-daemon/commons-daemon/1.0.13/commons-daemon-1.0.13.jar:/home/user/.m2/repository/io/netty/netty/3.10.5.Final/netty-3.10.5.Final.jar:/home/user/.m2/repository/io/netty/netty-all/4.0.52.Final/netty-all-4.0.52.Final.jar:/home/user/.m2/repository/org/fusesource/leveldbjni/leveldbjni-all/1.8/leveldbjni-all-1.8.jar:"/>
    <property name="sun.cpu.endian" value="little"/>
    <property name="user.home" value="/home/user"/>
    <property name="user.language" value="en"/>
    <property name="java.specification.vendor" value="Oracle Corporation"/>
    <property name="java.home" value="/usr/lib/jvm/java-1.8-openjdk/jre"/>
    <property name="java.security.krb5.conf" value="/opt/src/hadoop-ozone/integration-test/target/test-classes/krb5.conf"/>
    <property name="basedir" value="/opt/src/hadoop-ozone/integration-test"/>
    <property name="file.separator" value="/"/>
    <property name="line.separator" value="&#10;"/>
    <property name="java.vm.specification.vendor" value="Oracle Corporation"/>
    <property name="java.specification.name" value="Java Platform API Specification"/>
    <property name="java.awt.graphicsenv" value="sun.awt.X11GraphicsEnvironment"/>
    <property name="surefire.real.class.path" value="/opt/src/hadoop-ozone/integration-test/target/surefire/surefirebooter7408623847264427757.jar"/>
    <property name="hadoop.log.dir" value="/opt/src/hadoop-ozone/integration-test/target/log"/>
    <property name="sun.boot.class.path" value="/usr/lib/jvm/java-1.8-openjdk/jre/lib/resources.jar:/usr/lib/jvm/java-1.8-openjdk/jre/lib/rt.jar:/usr/lib/jvm/java-1.8-openjdk/jre/lib/sunrsasign.jar:/usr/lib/jvm/java-1.8-openjdk/jre/lib/jsse.jar:/usr/lib/jvm/java-1.8-openjdk/jre/lib/jce.jar:/usr/lib/jvm/java-1.8-openjdk/jre/lib/charsets.jar:/usr/lib/jvm/java-1.8-openjdk/jre/lib/jfr.jar:/usr/lib/jvm/java-1.8-openjdk/jre/classes"/>
    <property name="sun.management.compiler" value="HotSpot 64-Bit Tiered Compilers"/>
    <property name="java.runtime.version" value="1.8.0_212-b04"/>
    <property name="java.net.preferIPv4Stack" value="true"/>
    <property name="user.name" value="jenkins1000"/>
    <property name="path.separator" value=":"/>
    <property name="java.security.egd" value="file:///dev/urandom"/>
    <property name="os.version" value="4.15.0-1021-aws"/>
    <property name="java.endorsed.dirs" value="/usr/lib/jvm/java-1.8-openjdk/jre/lib/endorsed"/>
    <property name="java.runtime.name" value="OpenJDK Runtime Environment"/>
    <property name="file.encoding" value="UTF-8"/>
    <property name="java.vm.name" value="OpenJDK 64-Bit Server VM"/>
    <property name="test.build.webapps" value=""/>
    <property name="localRepository" value="/home/user/.m2/repository"/>
    <property name="java.vendor.url.bug" value="https://icedtea.classpath.org/bugzilla"/>
    <property name="java.io.tmpdir" value="/tmp"/>
    <property name="require.test.libhadoop" value=""/>
    <property name="java.version" value="1.8.0_212"/>
    <property name="user.dir" value="/opt/src/hadoop-ozone/integration-test"/>
    <property name="os.arch" value="amd64"/>
    <property name="java.vm.specification.name" value="Java Virtual Machine Specification"/>
    <property name="test.build.classes" value="/opt/src/hadoop-ozone/integration-test/target/test-classes"/>
    <property name="java.awt.printerjob" value="sun.print.PSPrinterJob"/>
    <property name="sun.os.patch.level" value="unknown"/>
    <property name="hadoop.tmp.dir" value="/opt/src/hadoop-ozone/integration-test/target/tmp"/>
    <property name="java.library.path" value="/usr/lib/jvm/java-1.8-openjdk/jre/lib/amd64/server:/usr/lib/jvm/java-1.8-openjdk/jre/lib/amd64:/usr/lib/jvm/java-1.8-openjdk/jre/../lib/amd64:/opt/src/hadoop-ozone/integration-test/target/native/target/usr/local/lib:/opt/src/hadoop-ozone/integration-test/../../hadoop-common-project/hadoop-common/target/native/target/usr/local/lib:/usr/java/packages/lib/amd64:/usr/lib64:/lib64:/lib:/usr/lib"/>
    <property name="java.vm.info" value="mixed mode"/>
    <property name="java.vendor" value="IcedTea"/>
    <property name="java.vm.version" value="25.212-b04"/>
    <property name="java.ext.dirs" value="/usr/lib/jvm/java-1.8-openjdk/jre/lib/ext:/usr/java/packages/lib/ext"/>
    <property name="sun.io.unicode.encoding" value="UnicodeLittle"/>
    <property name="java.class.version" value="52.0"/>
  </properties>
  <testcase name="testWatchForCommitWithKeyWrite" classname="org.apache.hadoop.ozone.client.rpc.TestWatchForCommit" time="17.781"/>
  <testcase name="testWatchForCommitWithSmallerTimeoutValue" classname="org.apache.hadoop.ozone.client.rpc.TestWatchForCommit" time="12.786"/>
  <testcase name="testWatchForCommitForRetryfailure" classname="org.apache.hadoop.ozone.client.rpc.TestWatchForCommit" time="44.111"/>
  <testcase name="testWatchForCommitForGroupMismatchException" classname="org.apache.hadoop.ozone.client.rpc.TestWatchForCommit" time="6.735"/>
  <testcase name="test2WayCommitForTimeoutException" classname="org.apache.hadoop.ozone.client.rpc.TestWatchForCommit" time="13.348">
    <error type="java.util.concurrent.TimeoutException">java.util.concurrent.TimeoutException
	at java.util.concurrent.CompletableFuture.timedGet(CompletableFuture.java:1771)
	at java.util.concurrent.CompletableFuture.get(CompletableFuture.java:1915)
	at org.apache.hadoop.hdds.scm.XceiverClientRatis.watchForCommit(XceiverClientRatis.java:266)
	at org.apache.hadoop.ozone.client.rpc.TestWatchForCommit.test2WayCommitForTimeoutException(TestWatchForCommit.java:433)
	at sun.reflect.NativeMethodAccessorImpl.invoke0(Native Method)
	at sun.reflect.NativeMethodAccessorImpl.invoke(NativeMethodAccessorImpl.java:62)
	at sun.reflect.DelegatingMethodAccessorImpl.invoke(DelegatingMethodAccessorImpl.java:43)
	at java.lang.reflect.Method.invoke(Method.java:498)
	at org.junit.runners.model.FrameworkMethod$1.runReflectiveCall(FrameworkMethod.java:47)
	at org.junit.internal.runners.model.ReflectiveCallable.run(ReflectiveCallable.java:12)
	at org.junit.runners.model.FrameworkMethod.invokeExplosively(FrameworkMethod.java:44)
	at org.junit.internal.runners.statements.InvokeMethod.evaluate(InvokeMethod.java:17)
	at org.junit.runners.ParentRunner.runLeaf(ParentRunner.java:271)
	at org.junit.runners.BlockJUnit4ClassRunner.runChild(BlockJUnit4ClassRunner.java:70)
	at org.junit.runners.BlockJUnit4ClassRunner.runChild(BlockJUnit4ClassRunner.java:50)
	at org.junit.runners.ParentRunner$3.run(ParentRunner.java:238)
	at org.junit.runners.ParentRunner$1.schedule(ParentRunner.java:63)
	at org.junit.runners.ParentRunner.runChildren(ParentRunner.java:236)
	at org.junit.runners.ParentRunner.access$000(ParentRunner.java:53)
	at org.junit.runners.ParentRunner$2.evaluate(ParentRunner.java:229)
	at org.junit.runners.ParentRunner.run(ParentRunner.java:309)
	at org.apache.maven.surefire.junit4.JUnit4Provider.execute(JUnit4Provider.java:365)
	at org.apache.maven.surefire.junit4.JUnit4Provider.executeWithRerun(JUnit4Provider.java:273)
	at org.apache.maven.surefire.junit4.JUnit4Provider.executeTestSet(JUnit4Provider.java:238)
	at org.apache.maven.surefire.junit4.JUnit4Provider.invoke(JUnit4Provider.java:159)
	at org.apache.maven.surefire.booter.ForkedBooter.invokeProviderInSameClassLoader(ForkedBooter.java:384)
	at org.apache.maven.surefire.booter.ForkedBooter.runSuitesInProcess(ForkedBooter.java:345)
	at org.apache.maven.surefire.booter.ForkedBooter.execute(ForkedBooter.java:126)
	at org.apache.maven.surefire.booter.ForkedBooter.main(ForkedBooter.java:418)
</error>
    <system-out><![CDATA[2019-06-15 08:26:45,986 WARN  server.ServerUtils (ServerUtils.java:getScmDbDir(145)) - ozone.scm.db.dirs is not configured. We recommend adding this setting. Falling back to ozone.metadata.dirs instead.
2019-06-15 08:26:45,989 WARN  server.ServerUtils (ServerUtils.java:getScmDbDir(145)) - ozone.scm.db.dirs is not configured. We recommend adding this setting. Falling back to ozone.metadata.dirs instead.
2019-06-15 08:26:45,989 WARN  server.ServerUtils (ServerUtils.java:getScmDbDir(145)) - ozone.scm.db.dirs is not configured. We recommend adding this setting. Falling back to ozone.metadata.dirs instead.
2019-06-15 08:26:45,990 INFO  db.DBStoreBuilder (DBStoreBuilder.java:addTable(110)) - using custom profile for table: deletedBlocks
2019-06-15 08:26:45,990 INFO  db.DBStoreBuilder (DBStoreBuilder.java:processTables(161)) - Using default column profile:DBProfile.DISK for Table:deletedBlocks
2019-06-15 08:26:45,990 INFO  db.DBStoreBuilder (DBStoreBuilder.java:addTable(110)) - using custom profile for table: validCerts
2019-06-15 08:26:45,990 INFO  db.DBStoreBuilder (DBStoreBuilder.java:processTables(161)) - Using default column profile:DBProfile.DISK for Table:validCerts
2019-06-15 08:26:45,990 INFO  db.DBStoreBuilder (DBStoreBuilder.java:addTable(110)) - using custom profile for table: revokedCerts
2019-06-15 08:26:45,990 INFO  db.DBStoreBuilder (DBStoreBuilder.java:processTables(161)) - Using default column profile:DBProfile.DISK for Table:revokedCerts
2019-06-15 08:26:45,990 INFO  db.DBStoreBuilder (DBStoreBuilder.java:addTable(110)) - using custom profile for table: default
2019-06-15 08:26:45,990 INFO  db.DBStoreBuilder (DBStoreBuilder.java:processTables(167)) - Using default column profile:DBProfile.DISK for Table:default
2019-06-15 08:26:45,991 INFO  db.DBStoreBuilder (DBStoreBuilder.java:getDbProfile(198)) - Using default options. DBProfile.DISK
2019-06-15 08:26:46,027 INFO  net.NodeSchemaLoader (NodeSchemaLoader.java:loadSchemaFromFile(125)) - Loading file from sun.misc.CompoundEnumeration@1fb379e4
2019-06-15 08:26:46,027 INFO  net.NodeSchemaLoader (NodeSchemaLoader.java:loadSchema(171)) - Loading network topology layer schema file
2019-06-15 08:26:46,030 WARN  server.ServerUtils (ServerUtils.java:sanitizeUserArgs(70)) - ozone.scm.stale.node.interval value = 300000 is larger than max = 100000 based on the key value of ozone.scm.heartbeat.thread.interval, reset to the max value 100000.
2019-06-15 08:26:46,030 WARN  server.ServerUtils (ServerUtils.java:sanitizeUserArgs(70)) - ozone.scm.stale.node.interval value = 300000 is larger than max = 100000 based on the key value of ozone.scm.heartbeat.thread.interval, reset to the max value 100000.
2019-06-15 08:26:46,030 INFO  node.SCMNodeManager (SCMNodeManager.java:<init>(119)) - Entering startup safe mode.
2019-06-15 08:26:46,031 WARN  server.ServerUtils (ServerUtils.java:getScmDbDir(145)) - ozone.scm.db.dirs is not configured. We recommend adding this setting. Falling back to ozone.metadata.dirs instead.
2019-06-15 08:26:46,043 INFO  pipeline.SCMPipelineManager (SCMPipelineManager.java:initializePipelineState(126)) - No pipeline exists in current db
2019-06-15 08:26:46,043 WARN  server.ServerUtils (ServerUtils.java:getScmDbDir(145)) - ozone.scm.db.dirs is not configured. We recommend adding this setting. Falling back to ozone.metadata.dirs instead.
2019-06-15 08:26:46,056 WARN  events.EventQueue (EventQueue.java:fireEvent(175)) - No event handler registered for event TypedEvent{payloadType=SafeModeStatus, name='SafeModeStatus'}
2019-06-15 08:26:46,057 INFO  ipc.CallQueueManager (CallQueueManager.java:<init>(84)) - Using callQueue: class java.util.concurrent.LinkedBlockingQueue, queueCapacity: 2000, scheduler: class org.apache.hadoop.ipc.DefaultRpcScheduler, ipcBackoff: false.
2019-06-15 08:26:46,057 INFO  ipc.Server (Server.java:run(1074)) - Starting Socket Reader #1 for port 34193
2019-06-15 08:26:46,059 INFO  ipc.CallQueueManager (CallQueueManager.java:<init>(84)) - Using callQueue: class java.util.concurrent.LinkedBlockingQueue, queueCapacity: 2000, scheduler: class org.apache.hadoop.ipc.DefaultRpcScheduler, ipcBackoff: false.
2019-06-15 08:26:46,059 INFO  ipc.Server (Server.java:run(1074)) - Starting Socket Reader #1 for port 34949
2019-06-15 08:26:46,061 INFO  ipc.CallQueueManager (CallQueueManager.java:<init>(84)) - Using callQueue: class java.util.concurrent.LinkedBlockingQueue, queueCapacity: 2000, scheduler: class org.apache.hadoop.ipc.DefaultRpcScheduler, ipcBackoff: false.
2019-06-15 08:26:46,062 INFO  ipc.Server (Server.java:run(1074)) - Starting Socket Reader #1 for port 45803
2019-06-15 08:26:46,063 INFO  hdfs.DFSUtil (DFSUtil.java:httpServerTemplateForNNAndJN(1641)) - Starting Web-server for scm at: http://0.0.0.0:0
2019-06-15 08:26:46,064 INFO  server.AuthenticationFilter (AuthenticationFilter.java:constructSecretProvider(240)) - Unable to initialize FileSignerSecretProvider, falling back to use random secrets.
2019-06-15 08:26:46,064 WARN  http.HttpRequestLog (HttpRequestLog.java:getRequestLog(97)) - Jetty request log can only be enabled using Log4j
2019-06-15 08:26:46,065 INFO  http.HttpServer2 (HttpServer2.java:addGlobalFilter(975)) - Added global filter 'safety' (class=org.apache.hadoop.http.HttpServer2$QuotingInputFilter)
2019-06-15 08:26:46,066 INFO  http.HttpServer2 (HttpServer2.java:addFilter(948)) - Added filter static_user_filter (class=org.apache.hadoop.http.lib.StaticUserWebFilter$StaticUserFilter) to context scm
2019-06-15 08:26:46,066 INFO  http.HttpServer2 (HttpServer2.java:addFilter(958)) - Added filter static_user_filter (class=org.apache.hadoop.http.lib.StaticUserWebFilter$StaticUserFilter) to context logs
2019-06-15 08:26:46,066 INFO  http.HttpServer2 (HttpServer2.java:addFilter(958)) - Added filter static_user_filter (class=org.apache.hadoop.http.lib.StaticUserWebFilter$StaticUserFilter) to context static
2019-06-15 08:26:46,068 INFO  server.StorageContainerManager (StorageContainerManager.java:start(753)) - StorageContainerLocationProtocol RPC server is listening at /0.0.0.0:45803
2019-06-15 08:26:46,068 INFO  impl.MetricsSystemImpl (MetricsSystemImpl.java:init(158)) - StorageContainerManager metrics system started (again)
2019-06-15 08:26:46,068 INFO  server.SCMClientProtocolServer (SCMClientProtocolServer.java:start(149)) - RPC server for Client  is listening at /0.0.0.0:45803
2019-06-15 08:26:46,069 INFO  ipc.Server (Server.java:run(1314)) - IPC Server Responder: starting
2019-06-15 08:26:46,069 INFO  ipc.Server (Server.java:run(1153)) - IPC Server listener on 45803: starting
2019-06-15 08:26:46,071 INFO  server.StorageContainerManager (StorageContainerManager.java:start(762)) - ScmBlockLocationProtocol RPC server is listening at /0.0.0.0:34949
2019-06-15 08:26:46,072 INFO  server.SCMBlockProtocolServer (SCMBlockProtocolServer.java:start(137)) - RPC server for Block Protocol is listening at /0.0.0.0:34949
2019-06-15 08:26:46,072 INFO  ipc.Server (Server.java:run(1153)) - IPC Server listener on 34949: starting
2019-06-15 08:26:46,072 INFO  ipc.Server (Server.java:run(1314)) - IPC Server Responder: starting
2019-06-15 08:26:46,075 INFO  server.StorageContainerManager (StorageContainerManager.java:start(766)) - ScmDatanodeProtocl RPC server is listening at /0.0.0.0:34193
2019-06-15 08:26:46,076 INFO  server.SCMDatanodeProtocolServer (SCMDatanodeProtocolServer.java:start(191)) - RPC server for DataNodes is listening at /0.0.0.0:34193
2019-06-15 08:26:46,076 INFO  ipc.Server (Server.java:run(1314)) - IPC Server Responder: starting
2019-06-15 08:26:46,076 INFO  ipc.Server (Server.java:run(1153)) - IPC Server listener on 34193: starting
2019-06-15 08:26:46,080 INFO  http.HttpServer2 (HttpServer2.java:bindListener(1191)) - Jetty bound to port 41995
2019-06-15 08:26:46,080 INFO  server.Server (Server.java:doStart(351)) - jetty-9.3.24.v20180605, build timestamp: 2018-06-05T17:11:56Z, git hash: 84205aa28f11a4f31f2a3b86d1bba2cc8ab69827
2019-06-15 08:26:46,081 INFO  handler.ContextHandler (ContextHandler.java:doStart(781)) - Started o.e.j.s.ServletContextHandler@39dee5fd{/logs,file:///opt/src/hadoop-ozone/integration-test/target/log,AVAILABLE}
2019-06-15 08:26:46,082 INFO  handler.ContextHandler (ContextHandler.java:doStart(781)) - Started o.e.j.s.ServletContextHandler@2ec258f1{/static,file:///opt/src/hadoop-ozone/integration-test/target/test-classes/webapps/static,AVAILABLE}
2019-06-15 08:26:46,084 INFO  handler.ContextHandler (ContextHandler.java:doStart(781)) - Started o.e.j.w.WebAppContext@45f4c27c{/,file:///opt/src/hadoop-ozone/integration-test/target/test-classes/webapps/scm/,AVAILABLE}{/scm}
2019-06-15 08:26:46,084 INFO  server.AbstractConnector (AbstractConnector.java:doStart(278)) - Started ServerConnector@64710a6{HTTP/1.1,[http/1.1]}{0.0.0.0:41995}
2019-06-15 08:26:46,085 INFO  server.Server (Server.java:doStart(419)) - Started @81985ms
2019-06-15 08:26:46,086 INFO  server.BaseHttpServer (BaseHttpServer.java:updateConnectorAddress(207)) - HTTP server of SCM is listening at http://0.0.0.0:41995
2019-06-15 08:26:46,088 WARN  scm.ScmUtils (ScmUtils.java:getDBPath(63)) - ozone.om.db.dirs is not configured. We recommend adding this setting. Falling back to ozone.metadata.dirs instead.
2019-06-15 08:26:46,088 INFO  util.JvmPauseMonitor (JvmPauseMonitor.java:run(188)) - Starting JVM pause monitor
2019-06-15 08:26:46,091 WARN  scm.ScmUtils (ScmUtils.java:getDBPath(63)) - ozone.om.db.dirs is not configured. We recommend adding this setting. Falling back to ozone.metadata.dirs instead.
2019-06-15 08:26:46,091 INFO  om.OzoneManager (OzoneManager.java:setOMNodeDetails(532)) - OM Service ID is not set. Setting it to the default ID: omServiceIdDefault
2019-06-15 08:26:46,091 INFO  om.OzoneManager (OzoneManager.java:setOMNodeDetails(538)) - OM Node ID is not set. Setting it to the OmStorage's OmID: 1ac7af7d-0681-4bbe-a73e-20483d257c20
2019-06-15 08:26:46,091 WARN  scm.HddsServerUtil (HddsServerUtil.java:getDefaultRatisDirectory(354)) - Storage directory for Ratis is not configured. It is a good idea to map this to an SSD disk. Falling back to ozone.metadata.dirs
2019-06-15 08:26:46,091 WARN  scm.HddsServerUtil (HddsServerUtil.java:getDefaultRatisDirectory(354)) - Storage directory for Ratis is not configured. It is a good idea to map this to an SSD disk. Falling back to ozone.metadata.dirs
2019-06-15 08:26:46,091 INFO  om.OzoneManager (OzoneManager.java:loadOMHAConfigs(489)) - Found matching OM address with OMServiceId: null, OMNodeId: null, RPC Address: localhost:0 and Ratis port: 9872
2019-06-15 08:26:46,096 WARN  scm.ScmUtils (ScmUtils.java:getDBPath(63)) - ozone.om.db.dirs is not configured. We recommend adding this setting. Falling back to ozone.metadata.dirs instead.
2019-06-15 08:26:46,096 INFO  db.DBStoreBuilder (DBStoreBuilder.java:addTable(110)) - using custom profile for table: userTable
2019-06-15 08:26:46,096 INFO  db.DBStoreBuilder (DBStoreBuilder.java:processTables(161)) - Using default column profile:DBProfile.DISK for Table:userTable
2019-06-15 08:26:46,096 INFO  db.DBStoreBuilder (DBStoreBuilder.java:addTable(110)) - using custom profile for table: volumeTable
2019-06-15 08:26:46,096 INFO  db.DBStoreBuilder (DBStoreBuilder.java:processTables(161)) - Using default column profile:DBProfile.DISK for Table:volumeTable
2019-06-15 08:26:46,096 INFO  db.DBStoreBuilder (DBStoreBuilder.java:addTable(110)) - using custom profile for table: bucketTable
2019-06-15 08:26:46,097 INFO  db.DBStoreBuilder (DBStoreBuilder.java:processTables(161)) - Using default column profile:DBProfile.DISK for Table:bucketTable
2019-06-15 08:26:46,097 INFO  db.DBStoreBuilder (DBStoreBuilder.java:addTable(110)) - using custom profile for table: keyTable
2019-06-15 08:26:46,097 INFO  db.DBStoreBuilder (DBStoreBuilder.java:processTables(161)) - Using default column profile:DBProfile.DISK for Table:keyTable
2019-06-15 08:26:46,097 INFO  db.DBStoreBuilder (DBStoreBuilder.java:addTable(110)) - using custom profile for table: deletedTable
2019-06-15 08:26:46,097 INFO  db.DBStoreBuilder (DBStoreBuilder.java:processTables(161)) - Using default column profile:DBProfile.DISK for Table:deletedTable
2019-06-15 08:26:46,097 INFO  db.DBStoreBuilder (DBStoreBuilder.java:addTable(110)) - using custom profile for table: openKeyTable
2019-06-15 08:26:46,097 INFO  db.DBStoreBuilder (DBStoreBuilder.java:processTables(161)) - Using default column profile:DBProfile.DISK for Table:openKeyTable
2019-06-15 08:26:46,098 INFO  db.DBStoreBuilder (DBStoreBuilder.java:addTable(110)) - using custom profile for table: s3Table
2019-06-15 08:26:46,098 INFO  db.DBStoreBuilder (DBStoreBuilder.java:processTables(161)) - Using default column profile:DBProfile.DISK for Table:s3Table
2019-06-15 08:26:46,098 INFO  db.DBStoreBuilder (DBStoreBuilder.java:addTable(110)) - using custom profile for table: multipartInfoTable
2019-06-15 08:26:46,098 INFO  db.DBStoreBuilder (DBStoreBuilder.java:processTables(161)) - Using default column profile:DBProfile.DISK for Table:multipartInfoTable
2019-06-15 08:26:46,098 INFO  db.DBStoreBuilder (DBStoreBuilder.java:addTable(110)) - using custom profile for table: dTokenTable
2019-06-15 08:26:46,098 INFO  db.DBStoreBuilder (DBStoreBuilder.java:processTables(161)) - Using default column profile:DBProfile.DISK for Table:dTokenTable
2019-06-15 08:26:46,099 INFO  db.DBStoreBuilder (DBStoreBuilder.java:addTable(110)) - using custom profile for table: s3SecretTable
2019-06-15 08:26:46,099 INFO  db.DBStoreBuilder (DBStoreBuilder.java:processTables(161)) - Using default column profile:DBProfile.DISK for Table:s3SecretTable
2019-06-15 08:26:46,099 INFO  db.DBStoreBuilder (DBStoreBuilder.java:addTable(110)) - using custom profile for table: prefixTable
2019-06-15 08:26:46,099 INFO  db.DBStoreBuilder (DBStoreBuilder.java:processTables(161)) - Using default column profile:DBProfile.DISK for Table:prefixTable
2019-06-15 08:26:46,099 INFO  db.DBStoreBuilder (DBStoreBuilder.java:addTable(110)) - using custom profile for table: default
2019-06-15 08:26:46,099 INFO  db.DBStoreBuilder (DBStoreBuilder.java:processTables(167)) - Using default column profile:DBProfile.DISK for Table:default
2019-06-15 08:26:46,100 INFO  db.DBStoreBuilder (DBStoreBuilder.java:getDbProfile(198)) - Using default options. DBProfile.DISK
2019-06-15 08:26:46,229 INFO  ipc.CallQueueManager (CallQueueManager.java:<init>(84)) - Using callQueue: class java.util.concurrent.LinkedBlockingQueue, queueCapacity: 2000, scheduler: class org.apache.hadoop.ipc.DefaultRpcScheduler, ipcBackoff: false.
2019-06-15 08:26:46,230 INFO  ipc.Server (Server.java:run(1074)) - Starting Socket Reader #1 for port 37163
2019-06-15 08:26:46,238 WARN  scm.ScmUtils (ScmUtils.java:getDBPath(63)) - ozone.om.db.dirs is not configured. We recommend adding this setting. Falling back to ozone.metadata.dirs instead.
2019-06-15 08:26:46,238 INFO  om.OzoneManager (OzoneManager.java:start(1230)) - OzoneManager RPC server is listening at localhost/127.0.0.1:37163
2019-06-15 08:26:46,238 INFO  impl.MetricsSystemImpl (MetricsSystemImpl.java:init(158)) - OzoneManager metrics system started (again)
2019-06-15 08:26:46,241 INFO  ipc.Server (Server.java:run(1314)) - IPC Server Responder: starting
2019-06-15 08:26:46,242 INFO  ipc.Server (Server.java:run(1153)) - IPC Server listener on 37163: starting
2019-06-15 08:26:46,245 INFO  hdfs.DFSUtil (DFSUtil.java:httpServerTemplateForNNAndJN(1641)) - Starting Web-server for ozoneManager at: http://0.0.0.0:0
2019-06-15 08:26:46,246 INFO  server.AuthenticationFilter (AuthenticationFilter.java:constructSecretProvider(240)) - Unable to initialize FileSignerSecretProvider, falling back to use random secrets.
2019-06-15 08:26:46,246 WARN  http.HttpRequestLog (HttpRequestLog.java:getRequestLog(97)) - Jetty request log can only be enabled using Log4j
2019-06-15 08:26:46,247 INFO  http.HttpServer2 (HttpServer2.java:addGlobalFilter(975)) - Added global filter 'safety' (class=org.apache.hadoop.http.HttpServer2$QuotingInputFilter)
2019-06-15 08:26:46,247 INFO  http.HttpServer2 (HttpServer2.java:addFilter(948)) - Added filter static_user_filter (class=org.apache.hadoop.http.lib.StaticUserWebFilter$StaticUserFilter) to context ozoneManager
2019-06-15 08:26:46,247 INFO  http.HttpServer2 (HttpServer2.java:addFilter(958)) - Added filter static_user_filter (class=org.apache.hadoop.http.lib.StaticUserWebFilter$StaticUserFilter) to context static
2019-06-15 08:26:46,247 INFO  http.HttpServer2 (HttpServer2.java:addFilter(958)) - Added filter static_user_filter (class=org.apache.hadoop.http.lib.StaticUserWebFilter$StaticUserFilter) to context logs
2019-06-15 08:26:46,248 INFO  http.HttpServer2 (HttpServer2.java:bindListener(1191)) - Jetty bound to port 41949
2019-06-15 08:26:46,248 INFO  server.Server (Server.java:doStart(351)) - jetty-9.3.24.v20180605, build timestamp: 2018-06-05T17:11:56Z, git hash: 84205aa28f11a4f31f2a3b86d1bba2cc8ab69827
2019-06-15 08:26:46,249 INFO  handler.ContextHandler (ContextHandler.java:doStart(781)) - Started o.e.j.s.ServletContextHandler@1a598e30{/logs,file:///opt/src/hadoop-ozone/integration-test/target/log,AVAILABLE}
2019-06-15 08:26:46,249 INFO  handler.ContextHandler (ContextHandler.java:doStart(781)) - Started o.e.j.s.ServletContextHandler@31dbca5d{/static,file:///opt/src/hadoop-ozone/integration-test/target/test-classes/webapps/static,AVAILABLE}
2019-06-15 08:26:46,251 INFO  handler.ContextHandler (ContextHandler.java:doStart(781)) - Started o.e.j.w.WebAppContext@7860a014{/,file:///opt/src/hadoop-ozone/integration-test/target/test-classes/webapps/ozoneManager/,AVAILABLE}{/ozoneManager}
2019-06-15 08:26:46,251 INFO  server.AbstractConnector (AbstractConnector.java:doStart(278)) - Started ServerConnector@86e8469{HTTP/1.1,[http/1.1]}{0.0.0.0:41949}
2019-06-15 08:26:46,252 INFO  server.Server (Server.java:doStart(419)) - Started @82152ms
2019-06-15 08:26:46,253 INFO  server.BaseHttpServer (BaseHttpServer.java:updateConnectorAddress(207)) - HTTP server of OZONEMANAGER is listening at http://0.0.0.0:41949
2019-06-15 08:26:46,260 INFO  impl.MetricsSystemImpl (MetricsSystemImpl.java:init(158)) - HddsDatanode metrics system started (again)
2019-06-15 08:26:46,260 INFO  ozone.HddsDatanodeService (HddsDatanodeService.java:start(185)) - HddsDatanodeService host:ozone-unit-076618677d3-xbqfw-572796842 ip:192.168.105.190
2019-06-15 08:26:46,264 INFO  volume.HddsVolume (HddsVolume.java:<init>(176)) - Creating Volume: /opt/src/hadoop-ozone/integration-test/target/test-dir/MiniOzoneClusterImpl-8a9cd9b6-4273-4701-8b60-89cb67930d99/datanode-0/data/containers/hdds of  storage type : DISK and capacity : 104021790720
2019-06-15 08:26:46,264 INFO  volume.VolumeSet (VolumeSet.java:initializeVolumeSet(170)) - Added Volume : /opt/src/hadoop-ozone/integration-test/target/test-dir/MiniOzoneClusterImpl-8a9cd9b6-4273-4701-8b60-89cb67930d99/datanode-0/data/containers/hdds to VolumeSet
2019-06-15 08:26:46,264 INFO  volume.ThrottledAsyncChecker (ThrottledAsyncChecker.java:schedule(140)) - Scheduling a check for org.apache.hadoop.ozone.container.common.volume.HddsVolume@3f36c191
2019-06-15 08:26:46,264 INFO  volume.HddsVolumeChecker (HddsVolumeChecker.java:checkAllVolumes(203)) - Scheduled health check for volume org.apache.hadoop.ozone.container.common.volume.HddsVolume@3f36c191
2019-06-15 08:26:46,271 INFO  ratis.XceiverServerRatis (XceiverServerRatis.java:newXceiverServerRatis(401)) - Found a free port for the server : 46289
2019-06-15 08:26:46,272 INFO  impl.RaftServerProxy (ConfUtils.java:logGet(43)) - raft.rpc.type = GRPC (default)
2019-06-15 08:26:46,272 INFO  grpc.GrpcConfigKeys$Server (ConfUtils.java:logGet(43)) - raft.grpc.server.port = 46289 (custom)
2019-06-15 08:26:46,273 INFO  server.GrpcService (ConfUtils.java:logGet(43)) - raft.grpc.message.size.max = 33570816 (custom)
2019-06-15 08:26:46,273 INFO  server.RaftServerConfigKeys (ConfUtils.java:logGet(43)) - raft.server.log.appender.buffer.byte-limit = 33554432 (custom)
2019-06-15 08:26:46,273 INFO  server.GrpcService (ConfUtils.java:logGet(43)) - raft.grpc.flow.control.window = 1MB (=1048576) (default)
2019-06-15 08:26:46,273 INFO  server.RaftServerConfigKeys (ConfUtils.java:logGet(43)) - raft.server.rpc.request.timeout = 3000ms (default)
2019-06-15 08:26:46,273 INFO  server.RaftServerConfigKeys (ConfUtils.java:logGet(43)) - raft.server.storage.dir = [/opt/src/hadoop-ozone/integration-test/target/test-dir/MiniOzoneClusterImpl-8a9cd9b6-4273-4701-8b60-89cb67930d99/datanode-0/data/ratis] (custom)
2019-06-15 08:26:46,274 INFO  server.XceiverServerGrpc (XceiverServerGrpc.java:<init>(97)) - Found a free port for the server : 38213
2019-06-15 08:26:46,274 INFO  replication.SimpleContainerDownloader (SimpleContainerDownloader.java:<init>(72)) - Starting container downloader service to copy containers to replicate.
2019-06-15 08:26:46,274 INFO  hdfs.DFSUtil (DFSUtil.java:httpServerTemplateForNNAndJN(1641)) - Starting Web-server for hddsDatanode at: http://0.0.0.0:0
2019-06-15 08:26:46,275 INFO  server.AuthenticationFilter (AuthenticationFilter.java:constructSecretProvider(240)) - Unable to initialize FileSignerSecretProvider, falling back to use random secrets.
2019-06-15 08:26:46,275 WARN  http.HttpRequestLog (HttpRequestLog.java:getRequestLog(97)) - Jetty request log can only be enabled using Log4j
2019-06-15 08:26:46,276 INFO  http.HttpServer2 (HttpServer2.java:addGlobalFilter(975)) - Added global filter 'safety' (class=org.apache.hadoop.http.HttpServer2$QuotingInputFilter)
2019-06-15 08:26:46,276 INFO  http.HttpServer2 (HttpServer2.java:addFilter(948)) - Added filter static_user_filter (class=org.apache.hadoop.http.lib.StaticUserWebFilter$StaticUserFilter) to context hddsDatanode
2019-06-15 08:26:46,277 INFO  http.HttpServer2 (HttpServer2.java:addFilter(958)) - Added filter static_user_filter (class=org.apache.hadoop.http.lib.StaticUserWebFilter$StaticUserFilter) to context logs
2019-06-15 08:26:46,277 INFO  http.HttpServer2 (HttpServer2.java:addFilter(958)) - Added filter static_user_filter (class=org.apache.hadoop.http.lib.StaticUserWebFilter$StaticUserFilter) to context static
2019-06-15 08:26:46,277 INFO  http.HttpServer2 (HttpServer2.java:bindListener(1191)) - Jetty bound to port 33331
2019-06-15 08:26:46,277 INFO  server.Server (Server.java:doStart(351)) - jetty-9.3.24.v20180605, build timestamp: 2018-06-05T17:11:56Z, git hash: 84205aa28f11a4f31f2a3b86d1bba2cc8ab69827
2019-06-15 08:26:46,278 INFO  handler.ContextHandler (ContextHandler.java:doStart(781)) - Started o.e.j.s.ServletContextHandler@47a90d2a{/logs,file:///opt/src/hadoop-ozone/integration-test/target/log,AVAILABLE}
2019-06-15 08:26:46,278 INFO  handler.ContextHandler (ContextHandler.java:doStart(781)) - Started o.e.j.s.ServletContextHandler@4b8c9729{/static,jar:file:/home/user/.m2/repository/org/apache/hadoop/hadoop-hdds-container-service/0.5.0-SNAPSHOT/hadoop-hdds-container-service-0.5.0-SNAPSHOT.jar!/webapps/static,AVAILABLE}
2019-06-15 08:26:46,299 INFO  handler.ContextHandler (ContextHandler.java:doStart(781)) - Started o.e.j.w.WebAppContext@4fbed6fc{/,file:///tmp/jetty-0.0.0.0-33331-hddsDatanode-_-any-4944709784204278798.dir/webapp/,AVAILABLE}{/hddsDatanode}
2019-06-15 08:26:46,300 INFO  server.AbstractConnector (AbstractConnector.java:doStart(278)) - Started ServerConnector@1b1d93e9{HTTP/1.1,[http/1.1]}{0.0.0.0:33331}
2019-06-15 08:26:46,300 INFO  server.Server (Server.java:doStart(419)) - Started @82200ms
2019-06-15 08:26:46,301 INFO  server.BaseHttpServer (BaseHttpServer.java:updateConnectorAddress(207)) - HTTP server of HDDSDATANODE is listening at http://0.0.0.0:33331
2019-06-15 08:26:46,376 INFO  ozone.HddsDatanodeService (HddsDatanodeService.java:startPlugins(396)) - Started plug-in org.apache.hadoop.ozone.web.OzoneHddsDatanodeService@3b44ed3c
2019-06-15 08:26:46,376 INFO  impl.MetricsSystemImpl (MetricsSystemImpl.java:init(158)) - HddsDatanode metrics system started (again)
2019-06-15 08:26:46,376 INFO  ozone.HddsDatanodeService (HddsDatanodeService.java:start(185)) - HddsDatanodeService host:ozone-unit-076618677d3-xbqfw-572796842 ip:192.168.105.190
2019-06-15 08:26:46,384 INFO  util.JvmPauseMonitor (JvmPauseMonitor.java:run(188)) - Starting JVM pause monitor
2019-06-15 08:26:46,385 INFO  volume.HddsVolume (HddsVolume.java:<init>(176)) - Creating Volume: /opt/src/hadoop-ozone/integration-test/target/test-dir/MiniOzoneClusterImpl-8a9cd9b6-4273-4701-8b60-89cb67930d99/datanode-1/data/containers/hdds of  storage type : DISK and capacity : 104021790720
2019-06-15 08:26:46,385 INFO  volume.VolumeSet (VolumeSet.java:initializeVolumeSet(170)) - Added Volume : /opt/src/hadoop-ozone/integration-test/target/test-dir/MiniOzoneClusterImpl-8a9cd9b6-4273-4701-8b60-89cb67930d99/datanode-1/data/containers/hdds to VolumeSet
2019-06-15 08:26:46,385 INFO  volume.ThrottledAsyncChecker (ThrottledAsyncChecker.java:schedule(140)) - Scheduling a check for org.apache.hadoop.ozone.container.common.volume.HddsVolume@7fd3197b
2019-06-15 08:26:46,385 INFO  datanode.InitDatanodeState (InitDatanodeState.java:persistContainerDatanodeDetails(140)) - DatanodeDetails is persisted to /opt/src/hadoop-ozone/integration-test/target/test-dir/MiniOzoneClusterImpl-8a9cd9b6-4273-4701-8b60-89cb67930d99/datanode-0/meta/datanode.id
2019-06-15 08:26:46,385 INFO  volume.HddsVolumeChecker (HddsVolumeChecker.java:checkAllVolumes(203)) - Scheduled health check for volume org.apache.hadoop.ozone.container.common.volume.HddsVolume@7fd3197b
2019-06-15 08:26:46,392 INFO  ratis.XceiverServerRatis (XceiverServerRatis.java:newXceiverServerRatis(401)) - Found a free port for the server : 36543
2019-06-15 08:26:46,394 INFO  impl.RaftServerProxy (ConfUtils.java:logGet(43)) - raft.rpc.type = GRPC (default)
2019-06-15 08:26:46,394 INFO  grpc.GrpcConfigKeys$Server (ConfUtils.java:logGet(43)) - raft.grpc.server.port = 36543 (custom)
2019-06-15 08:26:46,394 INFO  server.GrpcService (ConfUtils.java:logGet(43)) - raft.grpc.message.size.max = 33570816 (custom)
2019-06-15 08:26:46,394 INFO  server.RaftServerConfigKeys (ConfUtils.java:logGet(43)) - raft.server.log.appender.buffer.byte-limit = 33554432 (custom)
2019-06-15 08:26:46,394 INFO  server.GrpcService (ConfUtils.java:logGet(43)) - raft.grpc.flow.control.window = 1MB (=1048576) (default)
2019-06-15 08:26:46,394 INFO  server.RaftServerConfigKeys (ConfUtils.java:logGet(43)) - raft.server.rpc.request.timeout = 3000ms (default)
2019-06-15 08:26:46,395 INFO  server.RaftServerConfigKeys (ConfUtils.java:logGet(43)) - raft.server.storage.dir = [/opt/src/hadoop-ozone/integration-test/target/test-dir/MiniOzoneClusterImpl-8a9cd9b6-4273-4701-8b60-89cb67930d99/datanode-1/data/ratis] (custom)
2019-06-15 08:26:46,395 INFO  server.XceiverServerGrpc (XceiverServerGrpc.java:<init>(97)) - Found a free port for the server : 33931
2019-06-15 08:26:46,395 INFO  replication.SimpleContainerDownloader (SimpleContainerDownloader.java:<init>(72)) - Starting container downloader service to copy containers to replicate.
2019-06-15 08:26:46,396 INFO  hdfs.DFSUtil (DFSUtil.java:httpServerTemplateForNNAndJN(1641)) - Starting Web-server for hddsDatanode at: http://0.0.0.0:0
2019-06-15 08:26:46,396 INFO  server.AuthenticationFilter (AuthenticationFilter.java:constructSecretProvider(240)) - Unable to initialize FileSignerSecretProvider, falling back to use random secrets.
2019-06-15 08:26:46,397 WARN  http.HttpRequestLog (HttpRequestLog.java:getRequestLog(97)) - Jetty request log can only be enabled using Log4j
2019-06-15 08:26:46,397 INFO  http.HttpServer2 (HttpServer2.java:addGlobalFilter(975)) - Added global filter 'safety' (class=org.apache.hadoop.http.HttpServer2$QuotingInputFilter)
2019-06-15 08:26:46,398 INFO  http.HttpServer2 (HttpServer2.java:addFilter(948)) - Added filter static_user_filter (class=org.apache.hadoop.http.lib.StaticUserWebFilter$StaticUserFilter) to context hddsDatanode
2019-06-15 08:26:46,398 INFO  http.HttpServer2 (HttpServer2.java:addFilter(958)) - Added filter static_user_filter (class=org.apache.hadoop.http.lib.StaticUserWebFilter$StaticUserFilter) to context logs
2019-06-15 08:26:46,398 INFO  http.HttpServer2 (HttpServer2.java:addFilter(958)) - Added filter static_user_filter (class=org.apache.hadoop.http.lib.StaticUserWebFilter$StaticUserFilter) to context static
2019-06-15 08:26:46,398 INFO  http.HttpServer2 (HttpServer2.java:bindListener(1191)) - Jetty bound to port 35789
2019-06-15 08:26:46,398 INFO  server.Server (Server.java:doStart(351)) - jetty-9.3.24.v20180605, build timestamp: 2018-06-05T17:11:56Z, git hash: 84205aa28f11a4f31f2a3b86d1bba2cc8ab69827
2019-06-15 08:26:46,399 INFO  handler.ContextHandler (ContextHandler.java:doStart(781)) - Started o.e.j.s.ServletContextHandler@41bc501b{/logs,file:///opt/src/hadoop-ozone/integration-test/target/log,AVAILABLE}
2019-06-15 08:26:46,399 INFO  handler.ContextHandler (ContextHandler.java:doStart(781)) - Started o.e.j.s.ServletContextHandler@321302bc{/static,jar:file:/home/user/.m2/repository/org/apache/hadoop/hadoop-hdds-container-service/0.5.0-SNAPSHOT/hadoop-hdds-container-service-0.5.0-SNAPSHOT.jar!/webapps/static,AVAILABLE}
2019-06-15 08:26:46,418 INFO  handler.ContextHandler (ContextHandler.java:doStart(781)) - Started o.e.j.w.WebAppContext@49b73e6c{/,file:///tmp/jetty-0.0.0.0-35789-hddsDatanode-_-any-7987033123996004691.dir/webapp/,AVAILABLE}{/hddsDatanode}
2019-06-15 08:26:46,418 INFO  server.AbstractConnector (AbstractConnector.java:doStart(278)) - Started ServerConnector@1f138b74{HTTP/1.1,[http/1.1]}{0.0.0.0:35789}
2019-06-15 08:26:46,419 INFO  server.Server (Server.java:doStart(419)) - Started @82319ms
2019-06-15 08:26:46,420 INFO  server.BaseHttpServer (BaseHttpServer.java:updateConnectorAddress(207)) - HTTP server of HDDSDATANODE is listening at http://0.0.0.0:35789
2019-06-15 08:26:46,487 INFO  ozone.HddsDatanodeService (HddsDatanodeService.java:startPlugins(396)) - Started plug-in org.apache.hadoop.ozone.web.OzoneHddsDatanodeService@2c4eda3a
2019-06-15 08:26:46,487 INFO  impl.MetricsSystemImpl (MetricsSystemImpl.java:init(158)) - HddsDatanode metrics system started (again)
2019-06-15 08:26:46,487 INFO  ozone.HddsDatanodeService (HddsDatanodeService.java:start(185)) - HddsDatanodeService host:ozone-unit-076618677d3-xbqfw-572796842 ip:192.168.105.190
2019-06-15 08:26:46,493 INFO  util.JvmPauseMonitor (JvmPauseMonitor.java:run(188)) - Starting JVM pause monitor
2019-06-15 08:26:46,494 INFO  datanode.InitDatanodeState (InitDatanodeState.java:persistContainerDatanodeDetails(140)) - DatanodeDetails is persisted to /opt/src/hadoop-ozone/integration-test/target/test-dir/MiniOzoneClusterImpl-8a9cd9b6-4273-4701-8b60-89cb67930d99/datanode-1/meta/datanode.id
2019-06-15 08:26:46,497 INFO  volume.HddsVolume (HddsVolume.java:<init>(176)) - Creating Volume: /opt/src/hadoop-ozone/integration-test/target/test-dir/MiniOzoneClusterImpl-8a9cd9b6-4273-4701-8b60-89cb67930d99/datanode-2/data/containers/hdds of  storage type : DISK and capacity : 104021790720
2019-06-15 08:26:46,498 INFO  volume.VolumeSet (VolumeSet.java:initializeVolumeSet(170)) - Added Volume : /opt/src/hadoop-ozone/integration-test/target/test-dir/MiniOzoneClusterImpl-8a9cd9b6-4273-4701-8b60-89cb67930d99/datanode-2/data/containers/hdds to VolumeSet
2019-06-15 08:26:46,498 INFO  volume.ThrottledAsyncChecker (ThrottledAsyncChecker.java:schedule(140)) - Scheduling a check for org.apache.hadoop.ozone.container.common.volume.HddsVolume@68a1bb31
2019-06-15 08:26:46,498 INFO  volume.HddsVolumeChecker (HddsVolumeChecker.java:checkAllVolumes(203)) - Scheduled health check for volume org.apache.hadoop.ozone.container.common.volume.HddsVolume@68a1bb31
2019-06-15 08:26:46,505 INFO  ratis.XceiverServerRatis (XceiverServerRatis.java:newXceiverServerRatis(401)) - Found a free port for the server : 45731
2019-06-15 08:26:46,506 INFO  impl.RaftServerProxy (ConfUtils.java:logGet(43)) - raft.rpc.type = GRPC (default)
2019-06-15 08:26:46,507 INFO  grpc.GrpcConfigKeys$Server (ConfUtils.java:logGet(43)) - raft.grpc.server.port = 45731 (custom)
2019-06-15 08:26:46,507 INFO  server.GrpcService (ConfUtils.java:logGet(43)) - raft.grpc.message.size.max = 33570816 (custom)
2019-06-15 08:26:46,507 INFO  server.RaftServerConfigKeys (ConfUtils.java:logGet(43)) - raft.server.log.appender.buffer.byte-limit = 33554432 (custom)
2019-06-15 08:26:46,507 INFO  server.GrpcService (ConfUtils.java:logGet(43)) - raft.grpc.flow.control.window = 1MB (=1048576) (default)
2019-06-15 08:26:46,507 INFO  server.RaftServerConfigKeys (ConfUtils.java:logGet(43)) - raft.server.rpc.request.timeout = 3000ms (default)
2019-06-15 08:26:46,507 INFO  server.RaftServerConfigKeys (ConfUtils.java:logGet(43)) - raft.server.storage.dir = [/opt/src/hadoop-ozone/integration-test/target/test-dir/MiniOzoneClusterImpl-8a9cd9b6-4273-4701-8b60-89cb67930d99/datanode-2/data/ratis] (custom)
2019-06-15 08:26:46,508 INFO  server.XceiverServerGrpc (XceiverServerGrpc.java:<init>(97)) - Found a free port for the server : 43433
2019-06-15 08:26:46,508 INFO  replication.SimpleContainerDownloader (SimpleContainerDownloader.java:<init>(72)) - Starting container downloader service to copy containers to replicate.
2019-06-15 08:26:46,508 INFO  hdfs.DFSUtil (DFSUtil.java:httpServerTemplateForNNAndJN(1641)) - Starting Web-server for hddsDatanode at: http://0.0.0.0:0
2019-06-15 08:26:46,509 INFO  server.AuthenticationFilter (AuthenticationFilter.java:constructSecretProvider(240)) - Unable to initialize FileSignerSecretProvider, falling back to use random secrets.
2019-06-15 08:26:46,509 WARN  http.HttpRequestLog (HttpRequestLog.java:getRequestLog(97)) - Jetty request log can only be enabled using Log4j
2019-06-15 08:26:46,510 INFO  http.HttpServer2 (HttpServer2.java:addGlobalFilter(975)) - Added global filter 'safety' (class=org.apache.hadoop.http.HttpServer2$QuotingInputFilter)
2019-06-15 08:26:46,510 INFO  http.HttpServer2 (HttpServer2.java:addFilter(948)) - Added filter static_user_filter (class=org.apache.hadoop.http.lib.StaticUserWebFilter$StaticUserFilter) to context hddsDatanode
2019-06-15 08:26:46,510 INFO  http.HttpServer2 (HttpServer2.java:addFilter(958)) - Added filter static_user_filter (class=org.apache.hadoop.http.lib.StaticUserWebFilter$StaticUserFilter) to context logs
2019-06-15 08:26:46,511 INFO  http.HttpServer2 (HttpServer2.java:addFilter(958)) - Added filter static_user_filter (class=org.apache.hadoop.http.lib.StaticUserWebFilter$StaticUserFilter) to context static
2019-06-15 08:26:46,511 INFO  http.HttpServer2 (HttpServer2.java:bindListener(1191)) - Jetty bound to port 38139
2019-06-15 08:26:46,511 INFO  server.Server (Server.java:doStart(351)) - jetty-9.3.24.v20180605, build timestamp: 2018-06-05T17:11:56Z, git hash: 84205aa28f11a4f31f2a3b86d1bba2cc8ab69827
2019-06-15 08:26:46,512 INFO  handler.ContextHandler (ContextHandler.java:doStart(781)) - Started o.e.j.s.ServletContextHandler@5cb3cfef{/logs,file:///opt/src/hadoop-ozone/integration-test/target/log,AVAILABLE}
2019-06-15 08:26:46,513 INFO  handler.ContextHandler (ContextHandler.java:doStart(781)) - Started o.e.j.s.ServletContextHandler@197da701{/static,jar:file:/home/user/.m2/repository/org/apache/hadoop/hadoop-hdds-container-service/0.5.0-SNAPSHOT/hadoop-hdds-container-service-0.5.0-SNAPSHOT.jar!/webapps/static,AVAILABLE}
2019-06-15 08:26:46,532 INFO  handler.ContextHandler (ContextHandler.java:doStart(781)) - Started o.e.j.w.WebAppContext@72924f19{/,file:///tmp/jetty-0.0.0.0-38139-hddsDatanode-_-any-7296758231724553828.dir/webapp/,AVAILABLE}{/hddsDatanode}
2019-06-15 08:26:46,533 INFO  server.AbstractConnector (AbstractConnector.java:doStart(278)) - Started ServerConnector@46c093b4{HTTP/1.1,[http/1.1]}{0.0.0.0:38139}
2019-06-15 08:26:46,533 INFO  server.Server (Server.java:doStart(419)) - Started @82433ms
2019-06-15 08:26:46,534 INFO  server.BaseHttpServer (BaseHttpServer.java:updateConnectorAddress(207)) - HTTP server of HDDSDATANODE is listening at http://0.0.0.0:38139
2019-06-15 08:26:46,638 INFO  ozone.HddsDatanodeService (HddsDatanodeService.java:startPlugins(396)) - Started plug-in org.apache.hadoop.ozone.web.OzoneHddsDatanodeService@4c5379f5
2019-06-15 08:26:46,639 INFO  impl.MetricsSystemImpl (MetricsSystemImpl.java:init(158)) - HddsDatanode metrics system started (again)
2019-06-15 08:26:46,639 INFO  ozone.HddsDatanodeService (HddsDatanodeService.java:start(185)) - HddsDatanodeService host:ozone-unit-076618677d3-xbqfw-572796842 ip:192.168.105.190
2019-06-15 08:26:46,641 INFO  util.JvmPauseMonitor (JvmPauseMonitor.java:run(188)) - Starting JVM pause monitor
2019-06-15 08:26:46,642 INFO  datanode.InitDatanodeState (InitDatanodeState.java:persistContainerDatanodeDetails(140)) - DatanodeDetails is persisted to /opt/src/hadoop-ozone/integration-test/target/test-dir/MiniOzoneClusterImpl-8a9cd9b6-4273-4701-8b60-89cb67930d99/datanode-2/meta/datanode.id
2019-06-15 08:26:46,645 INFO  volume.HddsVolume (HddsVolume.java:<init>(176)) - Creating Volume: /opt/src/hadoop-ozone/integration-test/target/test-dir/MiniOzoneClusterImpl-8a9cd9b6-4273-4701-8b60-89cb67930d99/datanode-3/data/containers/hdds of  storage type : DISK and capacity : 104021790720
2019-06-15 08:26:46,646 INFO  volume.VolumeSet (VolumeSet.java:initializeVolumeSet(170)) - Added Volume : /opt/src/hadoop-ozone/integration-test/target/test-dir/MiniOzoneClusterImpl-8a9cd9b6-4273-4701-8b60-89cb67930d99/datanode-3/data/containers/hdds to VolumeSet
2019-06-15 08:26:46,646 INFO  volume.ThrottledAsyncChecker (ThrottledAsyncChecker.java:schedule(140)) - Scheduling a check for org.apache.hadoop.ozone.container.common.volume.HddsVolume@705ebb4d
2019-06-15 08:26:46,646 INFO  volume.HddsVolumeChecker (HddsVolumeChecker.java:checkAllVolumes(203)) - Scheduled health check for volume org.apache.hadoop.ozone.container.common.volume.HddsVolume@705ebb4d
2019-06-15 08:26:46,653 INFO  ratis.XceiverServerRatis (XceiverServerRatis.java:newXceiverServerRatis(401)) - Found a free port for the server : 36695
2019-06-15 08:26:46,654 INFO  impl.RaftServerProxy (ConfUtils.java:logGet(43)) - raft.rpc.type = GRPC (default)
2019-06-15 08:26:46,655 INFO  grpc.GrpcConfigKeys$Server (ConfUtils.java:logGet(43)) - raft.grpc.server.port = 36695 (custom)
2019-06-15 08:26:46,655 INFO  server.GrpcService (ConfUtils.java:logGet(43)) - raft.grpc.message.size.max = 33570816 (custom)
2019-06-15 08:26:46,655 INFO  server.RaftServerConfigKeys (ConfUtils.java:logGet(43)) - raft.server.log.appender.buffer.byte-limit = 33554432 (custom)
2019-06-15 08:26:46,655 INFO  server.GrpcService (ConfUtils.java:logGet(43)) - raft.grpc.flow.control.window = 1MB (=1048576) (default)
2019-06-15 08:26:46,655 INFO  server.RaftServerConfigKeys (ConfUtils.java:logGet(43)) - raft.server.rpc.request.timeout = 3000ms (default)
2019-06-15 08:26:46,655 INFO  server.RaftServerConfigKeys (ConfUtils.java:logGet(43)) - raft.server.storage.dir = [/opt/src/hadoop-ozone/integration-test/target/test-dir/MiniOzoneClusterImpl-8a9cd9b6-4273-4701-8b60-89cb67930d99/datanode-3/data/ratis] (custom)
2019-06-15 08:26:46,656 INFO  server.XceiverServerGrpc (XceiverServerGrpc.java:<init>(97)) - Found a free port for the server : 33807
2019-06-15 08:26:46,656 INFO  replication.SimpleContainerDownloader (SimpleContainerDownloader.java:<init>(72)) - Starting container downloader service to copy containers to replicate.
2019-06-15 08:26:46,656 INFO  hdfs.DFSUtil (DFSUtil.java:httpServerTemplateForNNAndJN(1641)) - Starting Web-server for hddsDatanode at: http://0.0.0.0:0
2019-06-15 08:26:46,657 INFO  server.AuthenticationFilter (AuthenticationFilter.java:constructSecretProvider(240)) - Unable to initialize FileSignerSecretProvider, falling back to use random secrets.
2019-06-15 08:26:46,657 WARN  http.HttpRequestLog (HttpRequestLog.java:getRequestLog(97)) - Jetty request log can only be enabled using Log4j
2019-06-15 08:26:46,658 INFO  http.HttpServer2 (HttpServer2.java:addGlobalFilter(975)) - Added global filter 'safety' (class=org.apache.hadoop.http.HttpServer2$QuotingInputFilter)
2019-06-15 08:26:46,659 INFO  http.HttpServer2 (HttpServer2.java:addFilter(948)) - Added filter static_user_filter (class=org.apache.hadoop.http.lib.StaticUserWebFilter$StaticUserFilter) to context hddsDatanode
2019-06-15 08:26:46,659 INFO  http.HttpServer2 (HttpServer2.java:addFilter(958)) - Added filter static_user_filter (class=org.apache.hadoop.http.lib.StaticUserWebFilter$StaticUserFilter) to context static
2019-06-15 08:26:46,659 INFO  http.HttpServer2 (HttpServer2.java:addFilter(958)) - Added filter static_user_filter (class=org.apache.hadoop.http.lib.StaticUserWebFilter$StaticUserFilter) to context logs
2019-06-15 08:26:46,659 INFO  http.HttpServer2 (HttpServer2.java:bindListener(1191)) - Jetty bound to port 35529
2019-06-15 08:26:46,659 INFO  server.Server (Server.java:doStart(351)) - jetty-9.3.24.v20180605, build timestamp: 2018-06-05T17:11:56Z, git hash: 84205aa28f11a4f31f2a3b86d1bba2cc8ab69827
2019-06-15 08:26:46,661 INFO  handler.ContextHandler (ContextHandler.java:doStart(781)) - Started o.e.j.s.ServletContextHandler@2d541e01{/logs,file:///opt/src/hadoop-ozone/integration-test/target/log,AVAILABLE}
2019-06-15 08:26:46,661 INFO  handler.ContextHandler (ContextHandler.java:doStart(781)) - Started o.e.j.s.ServletContextHandler@5a8d03ce{/static,jar:file:/home/user/.m2/repository/org/apache/hadoop/hadoop-hdds-container-service/0.5.0-SNAPSHOT/hadoop-hdds-container-service-0.5.0-SNAPSHOT.jar!/webapps/static,AVAILABLE}
2019-06-15 08:26:46,680 INFO  handler.ContextHandler (ContextHandler.java:doStart(781)) - Started o.e.j.w.WebAppContext@34c050a1{/,file:///tmp/jetty-0.0.0.0-35529-hddsDatanode-_-any-5368217435095377489.dir/webapp/,AVAILABLE}{/hddsDatanode}
2019-06-15 08:26:46,681 INFO  server.AbstractConnector (AbstractConnector.java:doStart(278)) - Started ServerConnector@7ecf4608{HTTP/1.1,[http/1.1]}{0.0.0.0:35529}
2019-06-15 08:26:46,682 INFO  server.Server (Server.java:doStart(419)) - Started @82581ms
2019-06-15 08:26:46,682 INFO  server.BaseHttpServer (BaseHttpServer.java:updateConnectorAddress(207)) - HTTP server of HDDSDATANODE is listening at http://0.0.0.0:35529
2019-06-15 08:26:46,759 INFO  ozone.HddsDatanodeService (HddsDatanodeService.java:startPlugins(396)) - Started plug-in org.apache.hadoop.ozone.web.OzoneHddsDatanodeService@5bb24266
2019-06-15 08:26:46,759 INFO  impl.MetricsSystemImpl (MetricsSystemImpl.java:init(158)) - HddsDatanode metrics system started (again)
2019-06-15 08:26:46,759 INFO  ozone.HddsDatanodeService (HddsDatanodeService.java:start(185)) - HddsDatanodeService host:ozone-unit-076618677d3-xbqfw-572796842 ip:192.168.105.190
2019-06-15 08:26:46,760 INFO  util.JvmPauseMonitor (JvmPauseMonitor.java:run(188)) - Starting JVM pause monitor
2019-06-15 08:26:46,761 INFO  datanode.InitDatanodeState (InitDatanodeState.java:persistContainerDatanodeDetails(140)) - DatanodeDetails is persisted to /opt/src/hadoop-ozone/integration-test/target/test-dir/MiniOzoneClusterImpl-8a9cd9b6-4273-4701-8b60-89cb67930d99/datanode-3/meta/datanode.id
2019-06-15 08:26:46,764 INFO  volume.HddsVolume (HddsVolume.java:<init>(176)) - Creating Volume: /opt/src/hadoop-ozone/integration-test/target/test-dir/MiniOzoneClusterImpl-8a9cd9b6-4273-4701-8b60-89cb67930d99/datanode-4/data/containers/hdds of  storage type : DISK and capacity : 104021790720
2019-06-15 08:26:46,764 INFO  volume.VolumeSet (VolumeSet.java:initializeVolumeSet(170)) - Added Volume : /opt/src/hadoop-ozone/integration-test/target/test-dir/MiniOzoneClusterImpl-8a9cd9b6-4273-4701-8b60-89cb67930d99/datanode-4/data/containers/hdds to VolumeSet
2019-06-15 08:26:46,765 INFO  volume.ThrottledAsyncChecker (ThrottledAsyncChecker.java:schedule(140)) - Scheduling a check for org.apache.hadoop.ozone.container.common.volume.HddsVolume@6cf34b88
2019-06-15 08:26:46,765 INFO  volume.HddsVolumeChecker (HddsVolumeChecker.java:checkAllVolumes(203)) - Scheduled health check for volume org.apache.hadoop.ozone.container.common.volume.HddsVolume@6cf34b88
2019-06-15 08:26:46,772 INFO  ratis.XceiverServerRatis (XceiverServerRatis.java:newXceiverServerRatis(401)) - Found a free port for the server : 40855
2019-06-15 08:26:46,774 INFO  impl.RaftServerProxy (ConfUtils.java:logGet(43)) - raft.rpc.type = GRPC (default)
2019-06-15 08:26:46,774 INFO  grpc.GrpcConfigKeys$Server (ConfUtils.java:logGet(43)) - raft.grpc.server.port = 40855 (custom)
2019-06-15 08:26:46,775 INFO  server.GrpcService (ConfUtils.java:logGet(43)) - raft.grpc.message.size.max = 33570816 (custom)
2019-06-15 08:26:46,775 INFO  server.RaftServerConfigKeys (ConfUtils.java:logGet(43)) - raft.server.log.appender.buffer.byte-limit = 33554432 (custom)
2019-06-15 08:26:46,775 INFO  server.GrpcService (ConfUtils.java:logGet(43)) - raft.grpc.flow.control.window = 1MB (=1048576) (default)
2019-06-15 08:26:46,775 INFO  server.RaftServerConfigKeys (ConfUtils.java:logGet(43)) - raft.server.rpc.request.timeout = 3000ms (default)
2019-06-15 08:26:46,775 INFO  server.RaftServerConfigKeys (ConfUtils.java:logGet(43)) - raft.server.storage.dir = [/opt/src/hadoop-ozone/integration-test/target/test-dir/MiniOzoneClusterImpl-8a9cd9b6-4273-4701-8b60-89cb67930d99/datanode-4/data/ratis] (custom)
2019-06-15 08:26:46,776 INFO  server.XceiverServerGrpc (XceiverServerGrpc.java:<init>(97)) - Found a free port for the server : 45825
2019-06-15 08:26:46,776 INFO  replication.SimpleContainerDownloader (SimpleContainerDownloader.java:<init>(72)) - Starting container downloader service to copy containers to replicate.
2019-06-15 08:26:46,776 INFO  hdfs.DFSUtil (DFSUtil.java:httpServerTemplateForNNAndJN(1641)) - Starting Web-server for hddsDatanode at: http://0.0.0.0:0
2019-06-15 08:26:46,777 INFO  server.AuthenticationFilter (AuthenticationFilter.java:constructSecretProvider(240)) - Unable to initialize FileSignerSecretProvider, falling back to use random secrets.
2019-06-15 08:26:46,777 WARN  http.HttpRequestLog (HttpRequestLog.java:getRequestLog(97)) - Jetty request log can only be enabled using Log4j
2019-06-15 08:26:46,778 INFO  http.HttpServer2 (HttpServer2.java:addGlobalFilter(975)) - Added global filter 'safety' (class=org.apache.hadoop.http.HttpServer2$QuotingInputFilter)
2019-06-15 08:26:46,778 INFO  http.HttpServer2 (HttpServer2.java:addFilter(948)) - Added filter static_user_filter (class=org.apache.hadoop.http.lib.StaticUserWebFilter$StaticUserFilter) to context hddsDatanode
2019-06-15 08:26:46,779 INFO  http.HttpServer2 (HttpServer2.java:addFilter(958)) - Added filter static_user_filter (class=org.apache.hadoop.http.lib.StaticUserWebFilter$StaticUserFilter) to context logs
2019-06-15 08:26:46,779 INFO  http.HttpServer2 (HttpServer2.java:addFilter(958)) - Added filter static_user_filter (class=org.apache.hadoop.http.lib.StaticUserWebFilter$StaticUserFilter) to context static
2019-06-15 08:26:46,779 INFO  http.HttpServer2 (HttpServer2.java:bindListener(1191)) - Jetty bound to port 39893
2019-06-15 08:26:46,779 INFO  server.Server (Server.java:doStart(351)) - jetty-9.3.24.v20180605, build timestamp: 2018-06-05T17:11:56Z, git hash: 84205aa28f11a4f31f2a3b86d1bba2cc8ab69827
2019-06-15 08:26:46,780 INFO  handler.ContextHandler (ContextHandler.java:doStart(781)) - Started o.e.j.s.ServletContextHandler@40cd02fc{/logs,file:///opt/src/hadoop-ozone/integration-test/target/log,AVAILABLE}
2019-06-15 08:26:46,781 INFO  handler.ContextHandler (ContextHandler.java:doStart(781)) - Started o.e.j.s.ServletContextHandler@9742012{/static,jar:file:/home/user/.m2/repository/org/apache/hadoop/hadoop-hdds-container-service/0.5.0-SNAPSHOT/hadoop-hdds-container-service-0.5.0-SNAPSHOT.jar!/webapps/static,AVAILABLE}
2019-06-15 08:26:46,801 INFO  handler.ContextHandler (ContextHandler.java:doStart(781)) - Started o.e.j.w.WebAppContext@2df40273{/,file:///tmp/jetty-0.0.0.0-39893-hddsDatanode-_-any-1691599898995276496.dir/webapp/,AVAILABLE}{/hddsDatanode}
2019-06-15 08:26:46,801 INFO  server.AbstractConnector (AbstractConnector.java:doStart(278)) - Started ServerConnector@49467fc6{HTTP/1.1,[http/1.1]}{0.0.0.0:39893}
2019-06-15 08:26:46,802 INFO  server.Server (Server.java:doStart(419)) - Started @82702ms
2019-06-15 08:26:46,803 INFO  server.BaseHttpServer (BaseHttpServer.java:updateConnectorAddress(207)) - HTTP server of HDDSDATANODE is listening at http://0.0.0.0:39893
2019-06-15 08:26:46,873 INFO  ozone.HddsDatanodeService (HddsDatanodeService.java:startPlugins(396)) - Started plug-in org.apache.hadoop.ozone.web.OzoneHddsDatanodeService@7e113065
2019-06-15 08:26:46,874 INFO  impl.MetricsSystemImpl (MetricsSystemImpl.java:init(158)) - HddsDatanode metrics system started (again)
2019-06-15 08:26:46,874 INFO  ozone.HddsDatanodeService (HddsDatanodeService.java:start(185)) - HddsDatanodeService host:ozone-unit-076618677d3-xbqfw-572796842 ip:192.168.105.190
2019-06-15 08:26:46,877 INFO  util.JvmPauseMonitor (JvmPauseMonitor.java:run(188)) - Starting JVM pause monitor
2019-06-15 08:26:46,878 INFO  volume.HddsVolume (HddsVolume.java:<init>(176)) - Creating Volume: /opt/src/hadoop-ozone/integration-test/target/test-dir/MiniOzoneClusterImpl-8a9cd9b6-4273-4701-8b60-89cb67930d99/datanode-5/data/containers/hdds of  storage type : DISK and capacity : 104021790720
2019-06-15 08:26:46,879 INFO  volume.VolumeSet (VolumeSet.java:initializeVolumeSet(170)) - Added Volume : /opt/src/hadoop-ozone/integration-test/target/test-dir/MiniOzoneClusterImpl-8a9cd9b6-4273-4701-8b60-89cb67930d99/datanode-5/data/containers/hdds to VolumeSet
2019-06-15 08:26:46,879 INFO  volume.ThrottledAsyncChecker (ThrottledAsyncChecker.java:schedule(140)) - Scheduling a check for org.apache.hadoop.ozone.container.common.volume.HddsVolume@3f8c4bcf
2019-06-15 08:26:46,879 INFO  datanode.InitDatanodeState (InitDatanodeState.java:persistContainerDatanodeDetails(140)) - DatanodeDetails is persisted to /opt/src/hadoop-ozone/integration-test/target/test-dir/MiniOzoneClusterImpl-8a9cd9b6-4273-4701-8b60-89cb67930d99/datanode-4/meta/datanode.id
2019-06-15 08:26:46,879 INFO  volume.HddsVolumeChecker (HddsVolumeChecker.java:checkAllVolumes(203)) - Scheduled health check for volume org.apache.hadoop.ozone.container.common.volume.HddsVolume@3f8c4bcf
2019-06-15 08:26:46,886 INFO  ratis.XceiverServerRatis (XceiverServerRatis.java:newXceiverServerRatis(401)) - Found a free port for the server : 39427
2019-06-15 08:26:46,887 INFO  impl.RaftServerProxy (ConfUtils.java:logGet(43)) - raft.rpc.type = GRPC (default)
2019-06-15 08:26:46,888 INFO  grpc.GrpcConfigKeys$Server (ConfUtils.java:logGet(43)) - raft.grpc.server.port = 39427 (custom)
2019-06-15 08:26:46,888 INFO  server.GrpcService (ConfUtils.java:logGet(43)) - raft.grpc.message.size.max = 33570816 (custom)
2019-06-15 08:26:46,888 INFO  server.RaftServerConfigKeys (ConfUtils.java:logGet(43)) - raft.server.log.appender.buffer.byte-limit = 33554432 (custom)
2019-06-15 08:26:46,888 INFO  server.GrpcService (ConfUtils.java:logGet(43)) - raft.grpc.flow.control.window = 1MB (=1048576) (default)
2019-06-15 08:26:46,888 INFO  server.RaftServerConfigKeys (ConfUtils.java:logGet(43)) - raft.server.rpc.request.timeout = 3000ms (default)
2019-06-15 08:26:46,888 INFO  server.RaftServerConfigKeys (ConfUtils.java:logGet(43)) - raft.server.storage.dir = [/opt/src/hadoop-ozone/integration-test/target/test-dir/MiniOzoneClusterImpl-8a9cd9b6-4273-4701-8b60-89cb67930d99/datanode-5/data/ratis] (custom)
2019-06-15 08:26:46,889 INFO  server.XceiverServerGrpc (XceiverServerGrpc.java:<init>(97)) - Found a free port for the server : 36439
2019-06-15 08:26:46,889 INFO  replication.SimpleContainerDownloader (SimpleContainerDownloader.java:<init>(72)) - Starting container downloader service to copy containers to replicate.
2019-06-15 08:26:46,889 INFO  hdfs.DFSUtil (DFSUtil.java:httpServerTemplateForNNAndJN(1641)) - Starting Web-server for hddsDatanode at: http://0.0.0.0:0
2019-06-15 08:26:46,890 INFO  server.AuthenticationFilter (AuthenticationFilter.java:constructSecretProvider(240)) - Unable to initialize FileSignerSecretProvider, falling back to use random secrets.
2019-06-15 08:26:46,890 WARN  http.HttpRequestLog (HttpRequestLog.java:getRequestLog(97)) - Jetty request log can only be enabled using Log4j
2019-06-15 08:26:46,891 INFO  http.HttpServer2 (HttpServer2.java:addGlobalFilter(975)) - Added global filter 'safety' (class=org.apache.hadoop.http.HttpServer2$QuotingInputFilter)
2019-06-15 08:26:46,891 INFO  http.HttpServer2 (HttpServer2.java:addFilter(948)) - Added filter static_user_filter (class=org.apache.hadoop.http.lib.StaticUserWebFilter$StaticUserFilter) to context hddsDatanode
2019-06-15 08:26:46,891 INFO  http.HttpServer2 (HttpServer2.java:addFilter(958)) - Added filter static_user_filter (class=org.apache.hadoop.http.lib.StaticUserWebFilter$StaticUserFilter) to context static
2019-06-15 08:26:46,892 INFO  http.HttpServer2 (HttpServer2.java:addFilter(958)) - Added filter static_user_filter (class=org.apache.hadoop.http.lib.StaticUserWebFilter$StaticUserFilter) to context logs
2019-06-15 08:26:46,892 INFO  http.HttpServer2 (HttpServer2.java:bindListener(1191)) - Jetty bound to port 37947
2019-06-15 08:26:46,892 INFO  server.Server (Server.java:doStart(351)) - jetty-9.3.24.v20180605, build timestamp: 2018-06-05T17:11:56Z, git hash: 84205aa28f11a4f31f2a3b86d1bba2cc8ab69827
2019-06-15 08:26:46,893 INFO  handler.ContextHandler (ContextHandler.java:doStart(781)) - Started o.e.j.s.ServletContextHandler@6eb6750f{/logs,file:///opt/src/hadoop-ozone/integration-test/target/log,AVAILABLE}
2019-06-15 08:26:46,893 INFO  handler.ContextHandler (ContextHandler.java:doStart(781)) - Started o.e.j.s.ServletContextHandler@55b7f0d{/static,jar:file:/home/user/.m2/repository/org/apache/hadoop/hadoop-hdds-container-service/0.5.0-SNAPSHOT/hadoop-hdds-container-service-0.5.0-SNAPSHOT.jar!/webapps/static,AVAILABLE}
2019-06-15 08:26:46,912 INFO  handler.ContextHandler (ContextHandler.java:doStart(781)) - Started o.e.j.w.WebAppContext@623dc0b8{/,file:///tmp/jetty-0.0.0.0-37947-hddsDatanode-_-any-8671188922966478398.dir/webapp/,AVAILABLE}{/hddsDatanode}
2019-06-15 08:26:46,912 INFO  server.AbstractConnector (AbstractConnector.java:doStart(278)) - Started ServerConnector@fee1e32{HTTP/1.1,[http/1.1]}{0.0.0.0:37947}
2019-06-15 08:26:46,913 INFO  server.Server (Server.java:doStart(419)) - Started @82813ms
2019-06-15 08:26:46,914 INFO  server.BaseHttpServer (BaseHttpServer.java:updateConnectorAddress(207)) - HTTP server of HDDSDATANODE is listening at http://0.0.0.0:37947
2019-06-15 08:26:46,990 INFO  ozone.HddsDatanodeService (HddsDatanodeService.java:startPlugins(396)) - Started plug-in org.apache.hadoop.ozone.web.OzoneHddsDatanodeService@4f45290f
2019-06-15 08:26:46,990 INFO  impl.MetricsSystemImpl (MetricsSystemImpl.java:init(158)) - HddsDatanode metrics system started (again)
2019-06-15 08:26:46,991 INFO  ozone.HddsDatanodeService (HddsDatanodeService.java:start(185)) - HddsDatanodeService host:ozone-unit-076618677d3-xbqfw-572796842 ip:192.168.105.190
2019-06-15 08:26:46,997 INFO  util.JvmPauseMonitor (JvmPauseMonitor.java:run(188)) - Starting JVM pause monitor
2019-06-15 08:26:46,998 INFO  datanode.InitDatanodeState (InitDatanodeState.java:persistContainerDatanodeDetails(140)) - DatanodeDetails is persisted to /opt/src/hadoop-ozone/integration-test/target/test-dir/MiniOzoneClusterImpl-8a9cd9b6-4273-4701-8b60-89cb67930d99/datanode-5/meta/datanode.id
2019-06-15 08:26:47,002 INFO  volume.HddsVolume (HddsVolume.java:<init>(176)) - Creating Volume: /opt/src/hadoop-ozone/integration-test/target/test-dir/MiniOzoneClusterImpl-8a9cd9b6-4273-4701-8b60-89cb67930d99/datanode-6/data/containers/hdds of  storage type : DISK and capacity : 104021790720
2019-06-15 08:26:47,002 INFO  volume.VolumeSet (VolumeSet.java:initializeVolumeSet(170)) - Added Volume : /opt/src/hadoop-ozone/integration-test/target/test-dir/MiniOzoneClusterImpl-8a9cd9b6-4273-4701-8b60-89cb67930d99/datanode-6/data/containers/hdds to VolumeSet
2019-06-15 08:26:47,002 INFO  volume.ThrottledAsyncChecker (ThrottledAsyncChecker.java:schedule(140)) - Scheduling a check for org.apache.hadoop.ozone.container.common.volume.HddsVolume@3b9d85c2
2019-06-15 08:26:47,002 INFO  volume.HddsVolumeChecker (HddsVolumeChecker.java:checkAllVolumes(203)) - Scheduled health check for volume org.apache.hadoop.ozone.container.common.volume.HddsVolume@3b9d85c2
2019-06-15 08:26:47,009 INFO  ratis.XceiverServerRatis (XceiverServerRatis.java:newXceiverServerRatis(401)) - Found a free port for the server : 39389
2019-06-15 08:26:47,011 INFO  impl.RaftServerProxy (ConfUtils.java:logGet(43)) - raft.rpc.type = GRPC (default)
2019-06-15 08:26:47,011 INFO  grpc.GrpcConfigKeys$Server (ConfUtils.java:logGet(43)) - raft.grpc.server.port = 39389 (custom)
2019-06-15 08:26:47,011 INFO  server.GrpcService (ConfUtils.java:logGet(43)) - raft.grpc.message.size.max = 33570816 (custom)
2019-06-15 08:26:47,011 INFO  server.RaftServerConfigKeys (ConfUtils.java:logGet(43)) - raft.server.log.appender.buffer.byte-limit = 33554432 (custom)
2019-06-15 08:26:47,011 INFO  server.GrpcService (ConfUtils.java:logGet(43)) - raft.grpc.flow.control.window = 1MB (=1048576) (default)
2019-06-15 08:26:47,012 INFO  server.RaftServerConfigKeys (ConfUtils.java:logGet(43)) - raft.server.rpc.request.timeout = 3000ms (default)
2019-06-15 08:26:47,012 INFO  server.RaftServerConfigKeys (ConfUtils.java:logGet(43)) - raft.server.storage.dir = [/opt/src/hadoop-ozone/integration-test/target/test-dir/MiniOzoneClusterImpl-8a9cd9b6-4273-4701-8b60-89cb67930d99/datanode-6/data/ratis] (custom)
2019-06-15 08:26:47,012 INFO  server.XceiverServerGrpc (XceiverServerGrpc.java:<init>(97)) - Found a free port for the server : 35129
2019-06-15 08:26:47,013 INFO  replication.SimpleContainerDownloader (SimpleContainerDownloader.java:<init>(72)) - Starting container downloader service to copy containers to replicate.
2019-06-15 08:26:47,013 INFO  hdfs.DFSUtil (DFSUtil.java:httpServerTemplateForNNAndJN(1641)) - Starting Web-server for hddsDatanode at: http://0.0.0.0:0
2019-06-15 08:26:47,014 INFO  server.AuthenticationFilter (AuthenticationFilter.java:constructSecretProvider(240)) - Unable to initialize FileSignerSecretProvider, falling back to use random secrets.
2019-06-15 08:26:47,015 WARN  http.HttpRequestLog (HttpRequestLog.java:getRequestLog(97)) - Jetty request log can only be enabled using Log4j
2019-06-15 08:26:47,016 INFO  http.HttpServer2 (HttpServer2.java:addGlobalFilter(975)) - Added global filter 'safety' (class=org.apache.hadoop.http.HttpServer2$QuotingInputFilter)
2019-06-15 08:26:47,016 INFO  http.HttpServer2 (HttpServer2.java:addFilter(948)) - Added filter static_user_filter (class=org.apache.hadoop.http.lib.StaticUserWebFilter$StaticUserFilter) to context hddsDatanode
2019-06-15 08:26:47,016 INFO  http.HttpServer2 (HttpServer2.java:addFilter(958)) - Added filter static_user_filter (class=org.apache.hadoop.http.lib.StaticUserWebFilter$StaticUserFilter) to context static
2019-06-15 08:26:47,016 INFO  http.HttpServer2 (HttpServer2.java:addFilter(958)) - Added filter static_user_filter (class=org.apache.hadoop.http.lib.StaticUserWebFilter$StaticUserFilter) to context logs
2019-06-15 08:26:47,016 INFO  http.HttpServer2 (HttpServer2.java:bindListener(1191)) - Jetty bound to port 33843
2019-06-15 08:26:47,017 INFO  server.Server (Server.java:doStart(351)) - jetty-9.3.24.v20180605, build timestamp: 2018-06-05T17:11:56Z, git hash: 84205aa28f11a4f31f2a3b86d1bba2cc8ab69827
2019-06-15 08:26:47,018 INFO  handler.ContextHandler (ContextHandler.java:doStart(781)) - Started o.e.j.s.ServletContextHandler@611f28f5{/logs,file:///opt/src/hadoop-ozone/integration-test/target/log,AVAILABLE}
2019-06-15 08:26:47,018 INFO  handler.ContextHandler (ContextHandler.java:doStart(781)) - Started o.e.j.s.ServletContextHandler@78907a46{/static,jar:file:/home/user/.m2/repository/org/apache/hadoop/hadoop-hdds-container-service/0.5.0-SNAPSHOT/hadoop-hdds-container-service-0.5.0-SNAPSHOT.jar!/webapps/static,AVAILABLE}
2019-06-15 08:26:47,037 INFO  handler.ContextHandler (ContextHandler.java:doStart(781)) - Started o.e.j.w.WebAppContext@44872224{/,file:///tmp/jetty-0.0.0.0-33843-hddsDatanode-_-any-784551640864118516.dir/webapp/,AVAILABLE}{/hddsDatanode}
2019-06-15 08:26:47,038 INFO  server.AbstractConnector (AbstractConnector.java:doStart(278)) - Started ServerConnector@4ebe6c24{HTTP/1.1,[http/1.1]}{0.0.0.0:33843}
2019-06-15 08:26:47,039 INFO  server.Server (Server.java:doStart(419)) - Started @82938ms
2019-06-15 08:26:47,039 INFO  server.BaseHttpServer (BaseHttpServer.java:updateConnectorAddress(207)) - HTTP server of HDDSDATANODE is listening at http://0.0.0.0:33843
2019-06-15 08:26:47,122 WARN  events.EventQueue (EventQueue.java:fireEvent(147)) - Processing of TypedEvent{payloadType=DatanodeDetails, name='Stale_Node'} is skipped, EventQueue is not running
2019-06-15 08:26:47,148 INFO  ozone.HddsDatanodeService (HddsDatanodeService.java:startPlugins(396)) - Started plug-in org.apache.hadoop.ozone.web.OzoneHddsDatanodeService@28c38eeb
2019-06-15 08:26:47,149 INFO  ozone.MiniOzoneClusterImpl (MiniOzoneClusterImpl.java:lambda$waitForClusterToBeReady$0(142)) - Waiting for cluster to be ready. Got 0 of 7 DN Heartbeats.
2019-06-15 08:26:47,149 INFO  util.JvmPauseMonitor (JvmPauseMonitor.java:run(188)) - Starting JVM pause monitor
2019-06-15 08:26:47,150 INFO  datanode.InitDatanodeState (InitDatanodeState.java:persistContainerDatanodeDetails(140)) - DatanodeDetails is persisted to /opt/src/hadoop-ozone/integration-test/target/test-dir/MiniOzoneClusterImpl-8a9cd9b6-4273-4701-8b60-89cb67930d99/datanode-6/meta/datanode.id
2019-06-15 08:26:47,322 WARN  events.EventQueue (EventQueue.java:fireEvent(147)) - Processing of TypedEvent{payloadType=DatanodeDetails, name='Stale_Node'} is skipped, EventQueue is not running
2019-06-15 08:26:47,422 WARN  events.EventQueue (EventQueue.java:fireEvent(147)) - Processing of TypedEvent{payloadType=DatanodeDetails, name='Stale_Node'} is skipped, EventQueue is not running
2019-06-15 08:26:47,522 WARN  events.EventQueue (EventQueue.java:fireEvent(147)) - Processing of TypedEvent{payloadType=DatanodeDetails, name='Stale_Node'} is skipped, EventQueue is not running
2019-06-15 08:26:48,149 INFO  ozone.MiniOzoneClusterImpl (MiniOzoneClusterImpl.java:lambda$waitForClusterToBeReady$0(142)) - Waiting for cluster to be ready. Got 0 of 7 DN Heartbeats.
2019-06-15 08:26:48,391 INFO  ozoneimpl.OzoneContainer (OzoneContainer.java:start(186)) - Attempting to start container services.
2019-06-15 08:26:48,391 INFO  ozoneimpl.OzoneContainer (OzoneContainer.java:startContainerScrub(160)) - Background container scrubber has been disabled by hdds.containerscrub.enabled
2019-06-15 08:26:48,391 INFO  ratis.XceiverServerRatis (XceiverServerRatis.java:start(418)) - Starting XceiverServerRatis 407fd6ee-8148-49c5-8cae-78844c459de6 at port 46289
2019-06-15 08:26:48,394 INFO  impl.RaftServerProxy (RaftServerProxy.java:lambda$start$3(299)) - 407fd6ee-8148-49c5-8cae-78844c459de6: start RPC server
2019-06-15 08:26:48,395 INFO  server.GrpcService (GrpcService.java:startImpl(148)) - 407fd6ee-8148-49c5-8cae-78844c459de6: GrpcService started, listening on 0.0.0.0/0.0.0.0:46289
2019-06-15 08:26:48,496 INFO  ozoneimpl.OzoneContainer (OzoneContainer.java:start(186)) - Attempting to start container services.
2019-06-15 08:26:48,496 INFO  ozoneimpl.OzoneContainer (OzoneContainer.java:startContainerScrub(160)) - Background container scrubber has been disabled by hdds.containerscrub.enabled
2019-06-15 08:26:48,496 INFO  ratis.XceiverServerRatis (XceiverServerRatis.java:start(418)) - Starting XceiverServerRatis 8baf71c5-98df-46a3-bec1-533518be995a at port 36543
2019-06-15 08:26:48,499 INFO  impl.RaftServerProxy (RaftServerProxy.java:lambda$start$3(299)) - 8baf71c5-98df-46a3-bec1-533518be995a: start RPC server
2019-06-15 08:26:48,499 INFO  server.GrpcService (GrpcService.java:startImpl(148)) - 8baf71c5-98df-46a3-bec1-533518be995a: GrpcService started, listening on 0.0.0.0/0.0.0.0:36543
2019-06-15 08:26:48,644 INFO  ozoneimpl.OzoneContainer (OzoneContainer.java:start(186)) - Attempting to start container services.
2019-06-15 08:26:48,644 INFO  ozoneimpl.OzoneContainer (OzoneContainer.java:startContainerScrub(160)) - Background container scrubber has been disabled by hdds.containerscrub.enabled
2019-06-15 08:26:48,644 INFO  ratis.XceiverServerRatis (XceiverServerRatis.java:start(418)) - Starting XceiverServerRatis e939c624-a441-43db-ba41-384394c99663 at port 45731
2019-06-15 08:26:48,647 INFO  impl.RaftServerProxy (RaftServerProxy.java:lambda$start$3(299)) - e939c624-a441-43db-ba41-384394c99663: start RPC server
2019-06-15 08:26:48,647 INFO  server.GrpcService (GrpcService.java:startImpl(148)) - e939c624-a441-43db-ba41-384394c99663: GrpcService started, listening on 0.0.0.0/0.0.0.0:45731
2019-06-15 08:26:48,724 WARN  events.EventQueue (EventQueue.java:fireEvent(147)) - Processing of TypedEvent{payloadType=DatanodeDetails, name='Stale_Node'} is skipped, EventQueue is not running
2019-06-15 08:26:48,724 WARN  events.EventQueue (EventQueue.java:fireEvent(147)) - Processing of TypedEvent{payloadType=DatanodeDetails, name='Stale_Node'} is skipped, EventQueue is not running
2019-06-15 08:26:48,724 WARN  events.EventQueue (EventQueue.java:fireEvent(147)) - Processing of TypedEvent{payloadType=DatanodeDetails, name='Stale_Node'} is skipped, EventQueue is not running
2019-06-15 08:26:48,763 INFO  ozoneimpl.OzoneContainer (OzoneContainer.java:start(186)) - Attempting to start container services.
2019-06-15 08:26:48,763 INFO  ozoneimpl.OzoneContainer (OzoneContainer.java:startContainerScrub(160)) - Background container scrubber has been disabled by hdds.containerscrub.enabled
2019-06-15 08:26:48,763 INFO  ratis.XceiverServerRatis (XceiverServerRatis.java:start(418)) - Starting XceiverServerRatis e00a706f-c101-444f-9f76-ab80597b7058 at port 36695
2019-06-15 08:26:48,766 INFO  impl.RaftServerProxy (RaftServerProxy.java:lambda$start$3(299)) - e00a706f-c101-444f-9f76-ab80597b7058: start RPC server
2019-06-15 08:26:48,767 INFO  server.GrpcService (GrpcService.java:startImpl(148)) - e00a706f-c101-444f-9f76-ab80597b7058: GrpcService started, listening on 0.0.0.0/0.0.0.0:36695
2019-06-15 08:26:48,881 INFO  ozoneimpl.OzoneContainer (OzoneContainer.java:start(186)) - Attempting to start container services.
2019-06-15 08:26:48,881 INFO  ozoneimpl.OzoneContainer (OzoneContainer.java:startContainerScrub(160)) - Background container scrubber has been disabled by hdds.containerscrub.enabled
2019-06-15 08:26:48,881 INFO  ratis.XceiverServerRatis (XceiverServerRatis.java:start(418)) - Starting XceiverServerRatis fa7fe605-74af-4db1-b2d9-3dae21fce408 at port 40855
2019-06-15 08:26:48,884 INFO  impl.RaftServerProxy (RaftServerProxy.java:lambda$start$3(299)) - fa7fe605-74af-4db1-b2d9-3dae21fce408: start RPC server
2019-06-15 08:26:48,884 INFO  server.GrpcService (GrpcService.java:startImpl(148)) - fa7fe605-74af-4db1-b2d9-3dae21fce408: GrpcService started, listening on 0.0.0.0/0.0.0.0:40855
2019-06-15 08:26:49,000 INFO  ozoneimpl.OzoneContainer (OzoneContainer.java:start(186)) - Attempting to start container services.
2019-06-15 08:26:49,000 INFO  ozoneimpl.OzoneContainer (OzoneContainer.java:startContainerScrub(160)) - Background container scrubber has been disabled by hdds.containerscrub.enabled
2019-06-15 08:26:49,000 INFO  ratis.XceiverServerRatis (XceiverServerRatis.java:start(418)) - Starting XceiverServerRatis 7c083bf8-2fac-4ac5-b98e-77c986bf8112 at port 39427
2019-06-15 08:26:49,003 INFO  impl.RaftServerProxy (RaftServerProxy.java:lambda$start$3(299)) - 7c083bf8-2fac-4ac5-b98e-77c986bf8112: start RPC server
2019-06-15 08:26:49,004 INFO  server.GrpcService (GrpcService.java:startImpl(148)) - 7c083bf8-2fac-4ac5-b98e-77c986bf8112: GrpcService started, listening on 0.0.0.0/0.0.0.0:39427
2019-06-15 08:26:49,149 INFO  ozone.MiniOzoneClusterImpl (MiniOzoneClusterImpl.java:lambda$waitForClusterToBeReady$0(142)) - Waiting for cluster to be ready. Got 0 of 7 DN Heartbeats.
2019-06-15 08:26:49,152 INFO  ozoneimpl.OzoneContainer (OzoneContainer.java:start(186)) - Attempting to start container services.
2019-06-15 08:26:49,152 INFO  ozoneimpl.OzoneContainer (OzoneContainer.java:startContainerScrub(160)) - Background container scrubber has been disabled by hdds.containerscrub.enabled
2019-06-15 08:26:49,152 INFO  ratis.XceiverServerRatis (XceiverServerRatis.java:start(418)) - Starting XceiverServerRatis 9363af17-72ca-425b-a533-832a401773b1 at port 39389
2019-06-15 08:26:49,155 INFO  impl.RaftServerProxy (RaftServerProxy.java:lambda$start$3(299)) - 9363af17-72ca-425b-a533-832a401773b1: start RPC server
2019-06-15 08:26:49,155 INFO  server.GrpcService (GrpcService.java:startImpl(148)) - 9363af17-72ca-425b-a533-832a401773b1: GrpcService started, listening on 0.0.0.0/0.0.0.0:39389
2019-06-15 08:26:50,149 INFO  ozone.MiniOzoneClusterImpl (MiniOzoneClusterImpl.java:lambda$waitForClusterToBeReady$0(142)) - Waiting for cluster to be ready. Got 0 of 7 DN Heartbeats.
2019-06-15 08:26:50,386 INFO  net.NetworkTopology (NetworkTopologyImpl.java:add(109)) - Added a new node: /default-rack/192.168.105.190
2019-06-15 08:26:50,388 INFO  node.SCMNodeManager (SCMNodeManager.java:register(269)) - Registered Data node : 407fd6ee-8148-49c5-8cae-78844c459de6{ip: 192.168.105.190, host: ozone-unit-076618677d3-xbqfw-572796842, networkLocation: /default-rack, certSerialId: null}
2019-06-15 08:26:50,389 INFO  safemode.SCMSafeModeManager (DataNodeSafeModeRule.java:process(71)) - SCM in safe mode. 1 DataNodes registered, 1 required.
2019-06-15 08:26:50,390 INFO  safemode.SCMSafeModeManager (SCMSafeModeManager.java:validateSafeModeExitRules(177)) - ScmSafeModeManager, all rules are successfully validated
2019-06-15 08:26:50,390 INFO  safemode.SCMSafeModeManager (SCMSafeModeManager.java:exitSafeMode(193)) - SCM exiting safe mode.
2019-06-15 08:26:50,400 INFO  impl.RaftServerProxy (RaftServerProxy.java:addNew(89)) - 407fd6ee-8148-49c5-8cae-78844c459de6: addNew group-99B9BDBAF0E1:[407fd6ee-8148-49c5-8cae-78844c459de6:192.168.105.190:46289] returns group-99B9BDBAF0E1:java.util.concurrent.CompletableFuture@cb5f927[Not completed]
2019-06-15 08:26:50,400 INFO  impl.RaftServerImpl (RaftServerImpl.java:<init>(91)) - 407fd6ee-8148-49c5-8cae-78844c459de6: new RaftServerImpl for group-99B9BDBAF0E1:[407fd6ee-8148-49c5-8cae-78844c459de6:192.168.105.190:46289] with ContainerStateMachine:uninitialized
2019-06-15 08:26:50,400 INFO  server.RaftServerConfigKeys (ConfUtils.java:logGet(43)) - raft.server.rpc.timeout.min = 1s (custom)
2019-06-15 08:26:50,400 INFO  server.RaftServerConfigKeys (ConfUtils.java:logGet(43)) - raft.server.rpc.timeout.max = 1200ms (custom)
2019-06-15 08:26:50,400 INFO  server.RaftServerConfigKeys (ConfUtils.java:logGet(43)) - raft.server.rpcslowness.timeout = 120s (custom)
2019-06-15 08:26:50,400 INFO  server.RaftServerConfigKeys (ConfUtils.java:logGet(43)) - raft.server.log.appender.install.snapshot.enabled = true (default)
2019-06-15 08:26:50,401 INFO  impl.RaftServerImpl (ServerState.java:<init>(101)) - 407fd6ee-8148-49c5-8cae-78844c459de6:group-99B9BDBAF0E1 ConfigurationManager, init=-1: [407fd6ee-8148-49c5-8cae-78844c459de6:192.168.105.190:46289], old=null, confs=<EMPTY_MAP>
2019-06-15 08:26:50,401 INFO  server.RaftServerConfigKeys (ConfUtils.java:logGet(43)) - raft.server.storage.dir = [/opt/src/hadoop-ozone/integration-test/target/test-dir/MiniOzoneClusterImpl-8a9cd9b6-4273-4701-8b60-89cb67930d99/datanode-0/data/ratis] (custom)
2019-06-15 08:26:50,401 INFO  storage.RaftStorageDirectory (RaftStorageDirectory.java:analyzeStorage(246)) - The storage directory /opt/src/hadoop-ozone/integration-test/target/test-dir/MiniOzoneClusterImpl-8a9cd9b6-4273-4701-8b60-89cb67930d99/datanode-0/data/ratis/44a5bfa6-e6a5-4501-8952-99b9bdbaf0e1 does not exist. Creating ...
2019-06-15 08:26:50,403 INFO  storage.RaftStorageDirectory (RaftStorageDirectory.java:tryLock(328)) - Lock on /opt/src/hadoop-ozone/integration-test/target/test-dir/MiniOzoneClusterImpl-8a9cd9b6-4273-4701-8b60-89cb67930d99/datanode-0/data/ratis/44a5bfa6-e6a5-4501-8952-99b9bdbaf0e1/in_use.lock acquired by nodename 8639@ozone-unit-076618677d3-xbqfw-572796842
2019-06-15 08:26:50,405 INFO  storage.RaftStorage (RaftStorage.java:format(75)) - Storage directory /opt/src/hadoop-ozone/integration-test/target/test-dir/MiniOzoneClusterImpl-8a9cd9b6-4273-4701-8b60-89cb67930d99/datanode-0/data/ratis/44a5bfa6-e6a5-4501-8952-99b9bdbaf0e1 has been successfully formatted.
2019-06-15 08:26:50,406 INFO  ratis.ContainerStateMachine (ContainerStateMachine.java:loadSnapshot(199)) - The snapshot info is null.Setting the last applied index to:(t:0, i:~)
2019-06-15 08:26:50,406 INFO  server.RaftServerConfigKeys (ConfUtils.java:logGet(43)) - raft.server.leader.election.timeout = 120s (custom)
2019-06-15 08:26:50,406 INFO  server.RaftServerConfigKeys (ConfUtils.java:logGet(43)) - raft.server.log.use.memory = false (default)
2019-06-15 08:26:50,406 INFO  server.RaftServerConfigKeys (ConfUtils.java:logGet(43)) - raft.server.log.appender.buffer.byte-limit = 33554432 (custom)
2019-06-15 08:26:50,406 INFO  server.RaftServerConfigKeys (ConfUtils.java:logGet(43)) - raft.server.log.segment.size.max = 16384 (custom)
2019-06-15 08:26:50,406 INFO  server.RaftServerConfigKeys (ConfUtils.java:logGet(43)) - raft.server.log.segment.cache.num.max = 2 (custom)
2019-06-15 08:26:50,406 INFO  storage.RaftLogWorker (RaftLogWorker.java:<init>(123)) - new 407fd6ee-8148-49c5-8cae-78844c459de6-RaftLogWorker for Storage Directory /opt/src/hadoop-ozone/integration-test/target/test-dir/MiniOzoneClusterImpl-8a9cd9b6-4273-4701-8b60-89cb67930d99/datanode-0/data/ratis/44a5bfa6-e6a5-4501-8952-99b9bdbaf0e1
2019-06-15 08:26:50,406 INFO  server.RaftServerConfigKeys (ConfUtils.java:logGet(43)) - raft.server.log.queue.byte-limit = 2147483647 (custom)
2019-06-15 08:26:50,406 INFO  server.RaftServerConfigKeys (ConfUtils.java:logGet(43)) - raft.server.log.queue.element-limit = 1024 (custom)
2019-06-15 08:26:50,406 INFO  server.RaftServerConfigKeys (ConfUtils.java:logGet(43)) - raft.server.log.segment.size.max = 16384 (custom)
2019-06-15 08:26:50,406 INFO  server.RaftServerConfigKeys (ConfUtils.java:logGet(43)) - raft.server.log.preallocated.size = 16384 (custom)
2019-06-15 08:26:50,406 INFO  server.RaftServerConfigKeys (ConfUtils.java:logGet(43)) - raft.server.log.write.buffer.size = 33554432 (custom)
2019-06-15 08:26:50,406 INFO  server.RaftServerConfigKeys (ConfUtils.java:logGet(43)) - raft.server.log.force.sync.num = 128 (default)
2019-06-15 08:26:50,406 INFO  server.RaftServerConfigKeys (ConfUtils.java:logGet(43)) - raft.server.log.statemachine.data.sync = true (default)
2019-06-15 08:26:50,406 INFO  server.RaftServerConfigKeys (ConfUtils.java:logGet(43)) - raft.server.log.statemachine.data.sync.timeout = 10s (default)
2019-06-15 08:26:50,406 INFO  server.RaftServerConfigKeys (ConfUtils.java:logGet(43)) - raft.server.log.statemachine.data.sync.timeout.retry = -1 (default)
2019-06-15 08:26:50,406 INFO  server.RaftServerConfigKeys (ConfUtils.java:logGet(43)) - raft.server.log.statemachine.data.caching.enabled = true (custom)
2019-06-15 08:26:50,407 INFO  server.RaftServerConfigKeys (ConfUtils.java:logGet(43)) - raft.server.snapshot.auto.trigger.enabled = true (custom)
2019-06-15 08:26:50,407 INFO  server.RaftServerConfigKeys (ConfUtils.java:logGet(43)) - raft.server.snapshot.auto.trigger.threshold = 10000 (custom)
2019-06-15 08:26:50,407 INFO  server.RaftServerConfigKeys (ConfUtils.java:logGet(43)) - raft.server.retrycache.expirytime = 600000ms (custom)
2019-06-15 08:26:50,407 INFO  impl.RaftServerImpl (RaftServerImpl.java:start(173)) - 407fd6ee-8148-49c5-8cae-78844c459de6: start group-99B9BDBAF0E1
2019-06-15 08:26:50,407 INFO  impl.RaftServerImpl (RaftServerImpl.java:setRole(164)) - 407fd6ee-8148-49c5-8cae-78844c459de6:group-99B9BDBAF0E1 changes role from null to FOLLOWER at term 0 for startAsFollower
2019-06-15 08:26:50,407 INFO  impl.RoleInfo (RoleInfo.java:updateAndGet(143)) - 407fd6ee-8148-49c5-8cae-78844c459de6: start FollowerState
2019-06-15 08:26:50,407 INFO  util.JmxRegister (JmxRegister.java:tryRegister(44)) - Successfully registered JMX Bean with object name Ratis:service=RaftServer,group=group-99B9BDBAF0E1,id=407fd6ee-8148-49c5-8cae-78844c459de6
2019-06-15 08:26:50,408 INFO  pipeline.PipelineStateManager (PipelineStateManager.java:addPipeline(56)) - Created pipeline Pipeline[ Id: 44a5bfa6-e6a5-4501-8952-99b9bdbaf0e1, Nodes: 407fd6ee-8148-49c5-8cae-78844c459de6{ip: 192.168.105.190, host: ozone-unit-076618677d3-xbqfw-572796842, networkLocation: /default-rack, certSerialId: null}, Type:RATIS, Factor:ONE, State:OPEN]
2019-06-15 08:26:50,493 INFO  node.SCMNodeManager (SCMNodeManager.java:register(269)) - Registered Data node : 8baf71c5-98df-46a3-bec1-533518be995a{ip: 192.168.105.190, host: ozone-unit-076618677d3-xbqfw-572796842, networkLocation: /default-rack, certSerialId: null}
2019-06-15 08:26:50,497 INFO  impl.RaftServerProxy (RaftServerProxy.java:addNew(89)) - 8baf71c5-98df-46a3-bec1-533518be995a: addNew group-56B1DEBA0301:[8baf71c5-98df-46a3-bec1-533518be995a:192.168.105.190:36543] returns group-56B1DEBA0301:java.util.concurrent.CompletableFuture@77ab865d[Not completed]
2019-06-15 08:26:50,498 INFO  impl.RaftServerImpl (RaftServerImpl.java:<init>(91)) - 8baf71c5-98df-46a3-bec1-533518be995a: new RaftServerImpl for group-56B1DEBA0301:[8baf71c5-98df-46a3-bec1-533518be995a:192.168.105.190:36543] with ContainerStateMachine:uninitialized
2019-06-15 08:26:50,498 INFO  server.RaftServerConfigKeys (ConfUtils.java:logGet(43)) - raft.server.rpc.timeout.min = 1s (custom)
2019-06-15 08:26:50,498 INFO  server.RaftServerConfigKeys (ConfUtils.java:logGet(43)) - raft.server.rpc.timeout.max = 1200ms (custom)
2019-06-15 08:26:50,498 INFO  server.RaftServerConfigKeys (ConfUtils.java:logGet(43)) - raft.server.rpcslowness.timeout = 120s (custom)
2019-06-15 08:26:50,498 INFO  server.RaftServerConfigKeys (ConfUtils.java:logGet(43)) - raft.server.log.appender.install.snapshot.enabled = true (default)
2019-06-15 08:26:50,498 INFO  impl.RaftServerImpl (ServerState.java:<init>(101)) - 8baf71c5-98df-46a3-bec1-533518be995a:group-56B1DEBA0301 ConfigurationManager, init=-1: [8baf71c5-98df-46a3-bec1-533518be995a:192.168.105.190:36543], old=null, confs=<EMPTY_MAP>
2019-06-15 08:26:50,498 INFO  server.RaftServerConfigKeys (ConfUtils.java:logGet(43)) - raft.server.storage.dir = [/opt/src/hadoop-ozone/integration-test/target/test-dir/MiniOzoneClusterImpl-8a9cd9b6-4273-4701-8b60-89cb67930d99/datanode-1/data/ratis] (custom)
2019-06-15 08:26:50,499 INFO  storage.RaftStorageDirectory (RaftStorageDirectory.java:analyzeStorage(246)) - The storage directory /opt/src/hadoop-ozone/integration-test/target/test-dir/MiniOzoneClusterImpl-8a9cd9b6-4273-4701-8b60-89cb67930d99/datanode-1/data/ratis/dcdf3f1e-fe36-4c63-b054-56b1deba0301 does not exist. Creating ...
2019-06-15 08:26:50,501 INFO  storage.RaftStorageDirectory (RaftStorageDirectory.java:tryLock(328)) - Lock on /opt/src/hadoop-ozone/integration-test/target/test-dir/MiniOzoneClusterImpl-8a9cd9b6-4273-4701-8b60-89cb67930d99/datanode-1/data/ratis/dcdf3f1e-fe36-4c63-b054-56b1deba0301/in_use.lock acquired by nodename 8639@ozone-unit-076618677d3-xbqfw-572796842
2019-06-15 08:26:50,503 INFO  storage.RaftStorage (RaftStorage.java:format(75)) - Storage directory /opt/src/hadoop-ozone/integration-test/target/test-dir/MiniOzoneClusterImpl-8a9cd9b6-4273-4701-8b60-89cb67930d99/datanode-1/data/ratis/dcdf3f1e-fe36-4c63-b054-56b1deba0301 has been successfully formatted.
2019-06-15 08:26:50,503 INFO  ratis.ContainerStateMachine (ContainerStateMachine.java:loadSnapshot(199)) - The snapshot info is null.Setting the last applied index to:(t:0, i:~)
2019-06-15 08:26:50,503 INFO  server.RaftServerConfigKeys (ConfUtils.java:logGet(43)) - raft.server.leader.election.timeout = 120s (custom)
2019-06-15 08:26:50,503 INFO  server.RaftServerConfigKeys (ConfUtils.java:logGet(43)) - raft.server.log.use.memory = false (default)
2019-06-15 08:26:50,503 INFO  server.RaftServerConfigKeys (ConfUtils.java:logGet(43)) - raft.server.log.appender.buffer.byte-limit = 33554432 (custom)
2019-06-15 08:26:50,503 INFO  server.RaftServerConfigKeys (ConfUtils.java:logGet(43)) - raft.server.log.segment.size.max = 16384 (custom)
2019-06-15 08:26:50,503 INFO  server.RaftServerConfigKeys (ConfUtils.java:logGet(43)) - raft.server.log.segment.cache.num.max = 2 (custom)
2019-06-15 08:26:50,503 INFO  storage.RaftLogWorker (RaftLogWorker.java:<init>(123)) - new 8baf71c5-98df-46a3-bec1-533518be995a-RaftLogWorker for Storage Directory /opt/src/hadoop-ozone/integration-test/target/test-dir/MiniOzoneClusterImpl-8a9cd9b6-4273-4701-8b60-89cb67930d99/datanode-1/data/ratis/dcdf3f1e-fe36-4c63-b054-56b1deba0301
2019-06-15 08:26:50,503 INFO  server.RaftServerConfigKeys (ConfUtils.java:logGet(43)) - raft.server.log.queue.byte-limit = 2147483647 (custom)
2019-06-15 08:26:50,503 INFO  server.RaftServerConfigKeys (ConfUtils.java:logGet(43)) - raft.server.log.queue.element-limit = 1024 (custom)
2019-06-15 08:26:50,504 INFO  server.RaftServerConfigKeys (ConfUtils.java:logGet(43)) - raft.server.log.segment.size.max = 16384 (custom)
2019-06-15 08:26:50,504 INFO  server.RaftServerConfigKeys (ConfUtils.java:logGet(43)) - raft.server.log.preallocated.size = 16384 (custom)
2019-06-15 08:26:50,504 INFO  server.RaftServerConfigKeys (ConfUtils.java:logGet(43)) - raft.server.log.write.buffer.size = 33554432 (custom)
2019-06-15 08:26:50,504 INFO  server.RaftServerConfigKeys (ConfUtils.java:logGet(43)) - raft.server.log.force.sync.num = 128 (default)
2019-06-15 08:26:50,504 INFO  server.RaftServerConfigKeys (ConfUtils.java:logGet(43)) - raft.server.log.statemachine.data.sync = true (default)
2019-06-15 08:26:50,504 INFO  server.RaftServerConfigKeys (ConfUtils.java:logGet(43)) - raft.server.log.statemachine.data.sync.timeout = 10s (default)
2019-06-15 08:26:50,504 INFO  server.RaftServerConfigKeys (ConfUtils.java:logGet(43)) - raft.server.log.statemachine.data.sync.timeout.retry = -1 (default)
2019-06-15 08:26:50,504 INFO  server.RaftServerConfigKeys (ConfUtils.java:logGet(43)) - raft.server.log.statemachine.data.caching.enabled = true (custom)
2019-06-15 08:26:50,504 INFO  server.RaftServerConfigKeys (ConfUtils.java:logGet(43)) - raft.server.snapshot.auto.trigger.enabled = true (custom)
2019-06-15 08:26:50,504 INFO  server.RaftServerConfigKeys (ConfUtils.java:logGet(43)) - raft.server.snapshot.auto.trigger.threshold = 10000 (custom)
2019-06-15 08:26:50,504 INFO  server.RaftServerConfigKeys (ConfUtils.java:logGet(43)) - raft.server.retrycache.expirytime = 600000ms (custom)
2019-06-15 08:26:50,504 INFO  impl.RaftServerImpl (RaftServerImpl.java:start(173)) - 8baf71c5-98df-46a3-bec1-533518be995a: start group-56B1DEBA0301
2019-06-15 08:26:50,505 INFO  impl.RaftServerImpl (RaftServerImpl.java:setRole(164)) - 8baf71c5-98df-46a3-bec1-533518be995a:group-56B1DEBA0301 changes role from null to FOLLOWER at term 0 for startAsFollower
2019-06-15 08:26:50,505 INFO  impl.RoleInfo (RoleInfo.java:updateAndGet(143)) - 8baf71c5-98df-46a3-bec1-533518be995a: start FollowerState
2019-06-15 08:26:50,505 INFO  util.JmxRegister (JmxRegister.java:tryRegister(44)) - Successfully registered JMX Bean with object name Ratis:service=RaftServer,group=group-56B1DEBA0301,id=8baf71c5-98df-46a3-bec1-533518be995a
2019-06-15 08:26:50,506 INFO  pipeline.PipelineStateManager (PipelineStateManager.java:addPipeline(56)) - Created pipeline Pipeline[ Id: dcdf3f1e-fe36-4c63-b054-56b1deba0301, Nodes: 8baf71c5-98df-46a3-bec1-533518be995a{ip: 192.168.105.190, host: ozone-unit-076618677d3-xbqfw-572796842, networkLocation: /default-rack, certSerialId: null}, Type:RATIS, Factor:ONE, State:OPEN]
2019-06-15 08:26:50,642 INFO  node.SCMNodeManager (SCMNodeManager.java:register(269)) - Registered Data node : e939c624-a441-43db-ba41-384394c99663{ip: 192.168.105.190, host: ozone-unit-076618677d3-xbqfw-572796842, networkLocation: /default-rack, certSerialId: null}
2019-06-15 08:26:50,647 INFO  impl.RaftServerProxy (RaftServerProxy.java:addNew(89)) - e939c624-a441-43db-ba41-384394c99663: addNew group-2AEF800BE3B1:[e939c624-a441-43db-ba41-384394c99663:192.168.105.190:45731] returns group-2AEF800BE3B1:java.util.concurrent.CompletableFuture@66aca01[Not completed]
2019-06-15 08:26:50,647 INFO  impl.RaftServerImpl (RaftServerImpl.java:<init>(91)) - e939c624-a441-43db-ba41-384394c99663: new RaftServerImpl for group-2AEF800BE3B1:[e939c624-a441-43db-ba41-384394c99663:192.168.105.190:45731] with ContainerStateMachine:uninitialized
2019-06-15 08:26:50,647 INFO  server.RaftServerConfigKeys (ConfUtils.java:logGet(43)) - raft.server.rpc.timeout.min = 1s (custom)
2019-06-15 08:26:50,647 INFO  server.RaftServerConfigKeys (ConfUtils.java:logGet(43)) - raft.server.rpc.timeout.max = 1200ms (custom)
2019-06-15 08:26:50,647 INFO  server.RaftServerConfigKeys (ConfUtils.java:logGet(43)) - raft.server.rpcslowness.timeout = 120s (custom)
2019-06-15 08:26:50,647 INFO  server.RaftServerConfigKeys (ConfUtils.java:logGet(43)) - raft.server.log.appender.install.snapshot.enabled = true (default)
2019-06-15 08:26:50,647 INFO  impl.RaftServerImpl (ServerState.java:<init>(101)) - e939c624-a441-43db-ba41-384394c99663:group-2AEF800BE3B1 ConfigurationManager, init=-1: [e939c624-a441-43db-ba41-384394c99663:192.168.105.190:45731], old=null, confs=<EMPTY_MAP>
2019-06-15 08:26:50,648 INFO  server.RaftServerConfigKeys (ConfUtils.java:logGet(43)) - raft.server.storage.dir = [/opt/src/hadoop-ozone/integration-test/target/test-dir/MiniOzoneClusterImpl-8a9cd9b6-4273-4701-8b60-89cb67930d99/datanode-2/data/ratis] (custom)
2019-06-15 08:26:50,648 INFO  storage.RaftStorageDirectory (RaftStorageDirectory.java:analyzeStorage(246)) - The storage directory /opt/src/hadoop-ozone/integration-test/target/test-dir/MiniOzoneClusterImpl-8a9cd9b6-4273-4701-8b60-89cb67930d99/datanode-2/data/ratis/346daebc-6000-498c-bc81-2aef800be3b1 does not exist. Creating ...
2019-06-15 08:26:50,650 INFO  storage.RaftStorageDirectory (RaftStorageDirectory.java:tryLock(328)) - Lock on /opt/src/hadoop-ozone/integration-test/target/test-dir/MiniOzoneClusterImpl-8a9cd9b6-4273-4701-8b60-89cb67930d99/datanode-2/data/ratis/346daebc-6000-498c-bc81-2aef800be3b1/in_use.lock acquired by nodename 8639@ozone-unit-076618677d3-xbqfw-572796842
2019-06-15 08:26:50,652 INFO  storage.RaftStorage (RaftStorage.java:format(75)) - Storage directory /opt/src/hadoop-ozone/integration-test/target/test-dir/MiniOzoneClusterImpl-8a9cd9b6-4273-4701-8b60-89cb67930d99/datanode-2/data/ratis/346daebc-6000-498c-bc81-2aef800be3b1 has been successfully formatted.
2019-06-15 08:26:50,652 INFO  ratis.ContainerStateMachine (ContainerStateMachine.java:loadSnapshot(199)) - The snapshot info is null.Setting the last applied index to:(t:0, i:~)
2019-06-15 08:26:50,652 INFO  server.RaftServerConfigKeys (ConfUtils.java:logGet(43)) - raft.server.leader.election.timeout = 120s (custom)
2019-06-15 08:26:50,652 INFO  server.RaftServerConfigKeys (ConfUtils.java:logGet(43)) - raft.server.log.use.memory = false (default)
2019-06-15 08:26:50,652 INFO  server.RaftServerConfigKeys (ConfUtils.java:logGet(43)) - raft.server.log.appender.buffer.byte-limit = 33554432 (custom)
2019-06-15 08:26:50,652 INFO  server.RaftServerConfigKeys (ConfUtils.java:logGet(43)) - raft.server.log.segment.size.max = 16384 (custom)
2019-06-15 08:26:50,652 INFO  server.RaftServerConfigKeys (ConfUtils.java:logGet(43)) - raft.server.log.segment.cache.num.max = 2 (custom)
2019-06-15 08:26:50,652 INFO  storage.RaftLogWorker (RaftLogWorker.java:<init>(123)) - new e939c624-a441-43db-ba41-384394c99663-RaftLogWorker for Storage Directory /opt/src/hadoop-ozone/integration-test/target/test-dir/MiniOzoneClusterImpl-8a9cd9b6-4273-4701-8b60-89cb67930d99/datanode-2/data/ratis/346daebc-6000-498c-bc81-2aef800be3b1
2019-06-15 08:26:50,652 INFO  server.RaftServerConfigKeys (ConfUtils.java:logGet(43)) - raft.server.log.queue.byte-limit = 2147483647 (custom)
2019-06-15 08:26:50,652 INFO  server.RaftServerConfigKeys (ConfUtils.java:logGet(43)) - raft.server.log.queue.element-limit = 1024 (custom)
2019-06-15 08:26:50,653 INFO  server.RaftServerConfigKeys (ConfUtils.java:logGet(43)) - raft.server.log.segment.size.max = 16384 (custom)
2019-06-15 08:26:50,653 INFO  server.RaftServerConfigKeys (ConfUtils.java:logGet(43)) - raft.server.log.preallocated.size = 16384 (custom)
2019-06-15 08:26:50,653 INFO  server.RaftServerConfigKeys (ConfUtils.java:logGet(43)) - raft.server.log.write.buffer.size = 33554432 (custom)
2019-06-15 08:26:50,653 INFO  server.RaftServerConfigKeys (ConfUtils.java:logGet(43)) - raft.server.log.force.sync.num = 128 (default)
2019-06-15 08:26:50,653 INFO  server.RaftServerConfigKeys (ConfUtils.java:logGet(43)) - raft.server.log.statemachine.data.sync = true (default)
2019-06-15 08:26:50,653 INFO  server.RaftServerConfigKeys (ConfUtils.java:logGet(43)) - raft.server.log.statemachine.data.sync.timeout = 10s (default)
2019-06-15 08:26:50,653 INFO  server.RaftServerConfigKeys (ConfUtils.java:logGet(43)) - raft.server.log.statemachine.data.sync.timeout.retry = -1 (default)
2019-06-15 08:26:50,653 INFO  server.RaftServerConfigKeys (ConfUtils.java:logGet(43)) - raft.server.log.statemachine.data.caching.enabled = true (custom)
2019-06-15 08:26:50,653 INFO  server.RaftServerConfigKeys (ConfUtils.java:logGet(43)) - raft.server.snapshot.auto.trigger.enabled = true (custom)
2019-06-15 08:26:50,653 INFO  server.RaftServerConfigKeys (ConfUtils.java:logGet(43)) - raft.server.snapshot.auto.trigger.threshold = 10000 (custom)
2019-06-15 08:26:50,653 INFO  server.RaftServerConfigKeys (ConfUtils.java:logGet(43)) - raft.server.retrycache.expirytime = 600000ms (custom)
2019-06-15 08:26:50,653 INFO  impl.RaftServerImpl (RaftServerImpl.java:start(173)) - e939c624-a441-43db-ba41-384394c99663: start group-2AEF800BE3B1
2019-06-15 08:26:50,654 INFO  impl.RaftServerImpl (RaftServerImpl.java:setRole(164)) - e939c624-a441-43db-ba41-384394c99663:group-2AEF800BE3B1 changes role from null to FOLLOWER at term 0 for startAsFollower
2019-06-15 08:26:50,654 INFO  impl.RoleInfo (RoleInfo.java:updateAndGet(143)) - e939c624-a441-43db-ba41-384394c99663: start FollowerState
2019-06-15 08:26:50,654 INFO  util.JmxRegister (JmxRegister.java:tryRegister(44)) - Successfully registered JMX Bean with object name Ratis:service=RaftServer,group=group-2AEF800BE3B1,id=e939c624-a441-43db-ba41-384394c99663
2019-06-15 08:26:50,655 INFO  pipeline.PipelineStateManager (PipelineStateManager.java:addPipeline(56)) - Created pipeline Pipeline[ Id: 346daebc-6000-498c-bc81-2aef800be3b1, Nodes: e939c624-a441-43db-ba41-384394c99663{ip: 192.168.105.190, host: ozone-unit-076618677d3-xbqfw-572796842, networkLocation: /default-rack, certSerialId: null}, Type:RATIS, Factor:ONE, State:OPEN]
2019-06-15 08:26:50,664 INFO  impl.RaftServerProxy (RaftServerProxy.java:addNew(89)) - e939c624-a441-43db-ba41-384394c99663: addNew group-F3B6366F64DB:[8baf71c5-98df-46a3-bec1-533518be995a:192.168.105.190:36543, 407fd6ee-8148-49c5-8cae-78844c459de6:192.168.105.190:46289, e939c624-a441-43db-ba41-384394c99663:192.168.105.190:45731] returns group-F3B6366F64DB:java.util.concurrent.CompletableFuture@c819276[Not completed]
2019-06-15 08:26:50,664 INFO  impl.RaftServerProxy (RaftServerProxy.java:addNew(89)) - 8baf71c5-98df-46a3-bec1-533518be995a: addNew group-F3B6366F64DB:[8baf71c5-98df-46a3-bec1-533518be995a:192.168.105.190:36543, 407fd6ee-8148-49c5-8cae-78844c459de6:192.168.105.190:46289, e939c624-a441-43db-ba41-384394c99663:192.168.105.190:45731] returns group-F3B6366F64DB:java.util.concurrent.CompletableFuture@5873a34f[Not completed]
2019-06-15 08:26:50,664 INFO  impl.RaftServerImpl (RaftServerImpl.java:<init>(91)) - e939c624-a441-43db-ba41-384394c99663: new RaftServerImpl for group-F3B6366F64DB:[8baf71c5-98df-46a3-bec1-533518be995a:192.168.105.190:36543, 407fd6ee-8148-49c5-8cae-78844c459de6:192.168.105.190:46289, e939c624-a441-43db-ba41-384394c99663:192.168.105.190:45731] with ContainerStateMachine:uninitialized
2019-06-15 08:26:50,664 INFO  server.RaftServerConfigKeys (ConfUtils.java:logGet(43)) - raft.server.rpc.timeout.min = 1s (custom)
2019-06-15 08:26:50,664 INFO  server.RaftServerConfigKeys (ConfUtils.java:logGet(43)) - raft.server.rpc.timeout.max = 1200ms (custom)
2019-06-15 08:26:50,664 INFO  server.RaftServerConfigKeys (ConfUtils.java:logGet(43)) - raft.server.rpcslowness.timeout = 120s (custom)
2019-06-15 08:26:50,665 INFO  server.RaftServerConfigKeys (ConfUtils.java:logGet(43)) - raft.server.log.appender.install.snapshot.enabled = true (default)
2019-06-15 08:26:50,665 INFO  impl.RaftServerImpl (ServerState.java:<init>(101)) - e939c624-a441-43db-ba41-384394c99663:group-F3B6366F64DB ConfigurationManager, init=-1: [8baf71c5-98df-46a3-bec1-533518be995a:192.168.105.190:36543, 407fd6ee-8148-49c5-8cae-78844c459de6:192.168.105.190:46289, e939c624-a441-43db-ba41-384394c99663:192.168.105.190:45731], old=null, confs=<EMPTY_MAP>
2019-06-15 08:26:50,665 INFO  impl.RaftServerImpl (RaftServerImpl.java:<init>(91)) - 8baf71c5-98df-46a3-bec1-533518be995a: new RaftServerImpl for group-F3B6366F64DB:[8baf71c5-98df-46a3-bec1-533518be995a:192.168.105.190:36543, 407fd6ee-8148-49c5-8cae-78844c459de6:192.168.105.190:46289, e939c624-a441-43db-ba41-384394c99663:192.168.105.190:45731] with ContainerStateMachine:uninitialized
2019-06-15 08:26:50,665 INFO  server.RaftServerConfigKeys (ConfUtils.java:logGet(43)) - raft.server.rpc.timeout.min = 1s (custom)
2019-06-15 08:26:50,665 INFO  server.RaftServerConfigKeys (ConfUtils.java:logGet(43)) - raft.server.storage.dir = [/opt/src/hadoop-ozone/integration-test/target/test-dir/MiniOzoneClusterImpl-8a9cd9b6-4273-4701-8b60-89cb67930d99/datanode-2/data/ratis] (custom)
2019-06-15 08:26:50,665 INFO  storage.RaftStorageDirectory (RaftStorageDirectory.java:analyzeStorage(246)) - The storage directory /opt/src/hadoop-ozone/integration-test/target/test-dir/MiniOzoneClusterImpl-8a9cd9b6-4273-4701-8b60-89cb67930d99/datanode-2/data/ratis/f9157c4b-a684-4e54-969c-f3b6366f64db does not exist. Creating ...
2019-06-15 08:26:50,665 INFO  server.RaftServerConfigKeys (ConfUtils.java:logGet(43)) - raft.server.rpc.timeout.max = 1200ms (custom)
2019-06-15 08:26:50,666 INFO  server.RaftServerConfigKeys (ConfUtils.java:logGet(43)) - raft.server.rpcslowness.timeout = 120s (custom)
2019-06-15 08:26:50,666 INFO  server.RaftServerConfigKeys (ConfUtils.java:logGet(43)) - raft.server.log.appender.install.snapshot.enabled = true (default)
2019-06-15 08:26:50,666 INFO  impl.RaftServerImpl (ServerState.java:<init>(101)) - 8baf71c5-98df-46a3-bec1-533518be995a:group-F3B6366F64DB ConfigurationManager, init=-1: [8baf71c5-98df-46a3-bec1-533518be995a:192.168.105.190:36543, 407fd6ee-8148-49c5-8cae-78844c459de6:192.168.105.190:46289, e939c624-a441-43db-ba41-384394c99663:192.168.105.190:45731], old=null, confs=<EMPTY_MAP>
2019-06-15 08:26:50,666 INFO  server.RaftServerConfigKeys (ConfUtils.java:logGet(43)) - raft.server.storage.dir = [/opt/src/hadoop-ozone/integration-test/target/test-dir/MiniOzoneClusterImpl-8a9cd9b6-4273-4701-8b60-89cb67930d99/datanode-1/data/ratis] (custom)
2019-06-15 08:26:50,666 INFO  storage.RaftStorageDirectory (RaftStorageDirectory.java:analyzeStorage(246)) - The storage directory /opt/src/hadoop-ozone/integration-test/target/test-dir/MiniOzoneClusterImpl-8a9cd9b6-4273-4701-8b60-89cb67930d99/datanode-1/data/ratis/f9157c4b-a684-4e54-969c-f3b6366f64db does not exist. Creating ...
2019-06-15 08:26:50,666 INFO  impl.RaftServerProxy (RaftServerProxy.java:addNew(89)) - 407fd6ee-8148-49c5-8cae-78844c459de6: addNew group-F3B6366F64DB:[8baf71c5-98df-46a3-bec1-533518be995a:192.168.105.190:36543, 407fd6ee-8148-49c5-8cae-78844c459de6:192.168.105.190:46289, e939c624-a441-43db-ba41-384394c99663:192.168.105.190:45731] returns group-F3B6366F64DB:java.util.concurrent.CompletableFuture@5bba65d9[Not completed]
2019-06-15 08:26:50,666 INFO  impl.RaftServerImpl (RaftServerImpl.java:<init>(91)) - 407fd6ee-8148-49c5-8cae-78844c459de6: new RaftServerImpl for group-F3B6366F64DB:[8baf71c5-98df-46a3-bec1-533518be995a:192.168.105.190:36543, 407fd6ee-8148-49c5-8cae-78844c459de6:192.168.105.190:46289, e939c624-a441-43db-ba41-384394c99663:192.168.105.190:45731] with ContainerStateMachine:uninitialized
2019-06-15 08:26:50,667 INFO  server.RaftServerConfigKeys (ConfUtils.java:logGet(43)) - raft.server.rpc.timeout.min = 1s (custom)
2019-06-15 08:26:50,667 INFO  server.RaftServerConfigKeys (ConfUtils.java:logGet(43)) - raft.server.rpc.timeout.max = 1200ms (custom)
2019-06-15 08:26:50,667 INFO  server.RaftServerConfigKeys (ConfUtils.java:logGet(43)) - raft.server.rpcslowness.timeout = 120s (custom)
2019-06-15 08:26:50,667 INFO  server.RaftServerConfigKeys (ConfUtils.java:logGet(43)) - raft.server.log.appender.install.snapshot.enabled = true (default)
2019-06-15 08:26:50,667 INFO  impl.RaftServerImpl (ServerState.java:<init>(101)) - 407fd6ee-8148-49c5-8cae-78844c459de6:group-F3B6366F64DB ConfigurationManager, init=-1: [8baf71c5-98df-46a3-bec1-533518be995a:192.168.105.190:36543, 407fd6ee-8148-49c5-8cae-78844c459de6:192.168.105.190:46289, e939c624-a441-43db-ba41-384394c99663:192.168.105.190:45731], old=null, confs=<EMPTY_MAP>
2019-06-15 08:26:50,667 INFO  server.RaftServerConfigKeys (ConfUtils.java:logGet(43)) - raft.server.storage.dir = [/opt/src/hadoop-ozone/integration-test/target/test-dir/MiniOzoneClusterImpl-8a9cd9b6-4273-4701-8b60-89cb67930d99/datanode-0/data/ratis] (custom)
2019-06-15 08:26:50,667 INFO  storage.RaftStorageDirectory (RaftStorageDirectory.java:analyzeStorage(246)) - The storage directory /opt/src/hadoop-ozone/integration-test/target/test-dir/MiniOzoneClusterImpl-8a9cd9b6-4273-4701-8b60-89cb67930d99/datanode-0/data/ratis/f9157c4b-a684-4e54-969c-f3b6366f64db does not exist. Creating ...
2019-06-15 08:26:50,667 INFO  storage.RaftStorageDirectory (RaftStorageDirectory.java:tryLock(328)) - Lock on /opt/src/hadoop-ozone/integration-test/target/test-dir/MiniOzoneClusterImpl-8a9cd9b6-4273-4701-8b60-89cb67930d99/datanode-2/data/ratis/f9157c4b-a684-4e54-969c-f3b6366f64db/in_use.lock acquired by nodename 8639@ozone-unit-076618677d3-xbqfw-572796842
2019-06-15 08:26:50,668 INFO  storage.RaftStorageDirectory (RaftStorageDirectory.java:tryLock(328)) - Lock on /opt/src/hadoop-ozone/integration-test/target/test-dir/MiniOzoneClusterImpl-8a9cd9b6-4273-4701-8b60-89cb67930d99/datanode-1/data/ratis/f9157c4b-a684-4e54-969c-f3b6366f64db/in_use.lock acquired by nodename 8639@ozone-unit-076618677d3-xbqfw-572796842
2019-06-15 08:26:50,670 INFO  storage.RaftStorageDirectory (RaftStorageDirectory.java:tryLock(328)) - Lock on /opt/src/hadoop-ozone/integration-test/target/test-dir/MiniOzoneClusterImpl-8a9cd9b6-4273-4701-8b60-89cb67930d99/datanode-0/data/ratis/f9157c4b-a684-4e54-969c-f3b6366f64db/in_use.lock acquired by nodename 8639@ozone-unit-076618677d3-xbqfw-572796842
2019-06-15 08:26:50,670 INFO  storage.RaftStorage (RaftStorage.java:format(75)) - Storage directory /opt/src/hadoop-ozone/integration-test/target/test-dir/MiniOzoneClusterImpl-8a9cd9b6-4273-4701-8b60-89cb67930d99/datanode-2/data/ratis/f9157c4b-a684-4e54-969c-f3b6366f64db has been successfully formatted.
2019-06-15 08:26:50,670 INFO  ratis.ContainerStateMachine (ContainerStateMachine.java:loadSnapshot(199)) - The snapshot info is null.Setting the last applied index to:(t:0, i:~)
2019-06-15 08:26:50,670 INFO  server.RaftServerConfigKeys (ConfUtils.java:logGet(43)) - raft.server.leader.election.timeout = 120s (custom)
2019-06-15 08:26:50,670 INFO  server.RaftServerConfigKeys (ConfUtils.java:logGet(43)) - raft.server.log.use.memory = false (default)
2019-06-15 08:26:50,670 INFO  server.RaftServerConfigKeys (ConfUtils.java:logGet(43)) - raft.server.log.appender.buffer.byte-limit = 33554432 (custom)
2019-06-15 08:26:50,670 INFO  server.RaftServerConfigKeys (ConfUtils.java:logGet(43)) - raft.server.log.segment.size.max = 16384 (custom)
2019-06-15 08:26:50,671 INFO  server.RaftServerConfigKeys (ConfUtils.java:logGet(43)) - raft.server.log.segment.cache.num.max = 2 (custom)
2019-06-15 08:26:50,671 INFO  storage.RaftLogWorker (RaftLogWorker.java:<init>(123)) - new e939c624-a441-43db-ba41-384394c99663-RaftLogWorker for Storage Directory /opt/src/hadoop-ozone/integration-test/target/test-dir/MiniOzoneClusterImpl-8a9cd9b6-4273-4701-8b60-89cb67930d99/datanode-2/data/ratis/f9157c4b-a684-4e54-969c-f3b6366f64db
2019-06-15 08:26:50,671 INFO  server.RaftServerConfigKeys (ConfUtils.java:logGet(43)) - raft.server.log.queue.byte-limit = 2147483647 (custom)
2019-06-15 08:26:50,671 INFO  server.RaftServerConfigKeys (ConfUtils.java:logGet(43)) - raft.server.log.queue.element-limit = 1024 (custom)
2019-06-15 08:26:50,671 INFO  server.RaftServerConfigKeys (ConfUtils.java:logGet(43)) - raft.server.log.segment.size.max = 16384 (custom)
2019-06-15 08:26:50,671 INFO  server.RaftServerConfigKeys (ConfUtils.java:logGet(43)) - raft.server.log.preallocated.size = 16384 (custom)
2019-06-15 08:26:50,671 INFO  server.RaftServerConfigKeys (ConfUtils.java:logGet(43)) - raft.server.log.write.buffer.size = 33554432 (custom)
2019-06-15 08:26:50,671 INFO  server.RaftServerConfigKeys (ConfUtils.java:logGet(43)) - raft.server.log.force.sync.num = 128 (default)
2019-06-15 08:26:50,671 INFO  server.RaftServerConfigKeys (ConfUtils.java:logGet(43)) - raft.server.log.statemachine.data.sync = true (default)
2019-06-15 08:26:50,671 INFO  server.RaftServerConfigKeys (ConfUtils.java:logGet(43)) - raft.server.log.statemachine.data.sync.timeout = 10s (default)
2019-06-15 08:26:50,671 INFO  server.RaftServerConfigKeys (ConfUtils.java:logGet(43)) - raft.server.log.statemachine.data.sync.timeout.retry = -1 (default)
2019-06-15 08:26:50,671 INFO  server.RaftServerConfigKeys (ConfUtils.java:logGet(43)) - raft.server.log.statemachine.data.caching.enabled = true (custom)
2019-06-15 08:26:50,672 INFO  storage.RaftStorage (RaftStorage.java:format(75)) - Storage directory /opt/src/hadoop-ozone/integration-test/target/test-dir/MiniOzoneClusterImpl-8a9cd9b6-4273-4701-8b60-89cb67930d99/datanode-1/data/ratis/f9157c4b-a684-4e54-969c-f3b6366f64db has been successfully formatted.
2019-06-15 08:26:50,672 INFO  ratis.ContainerStateMachine (ContainerStateMachine.java:loadSnapshot(199)) - The snapshot info is null.Setting the last applied index to:(t:0, i:~)
2019-06-15 08:26:50,672 INFO  server.RaftServerConfigKeys (ConfUtils.java:logGet(43)) - raft.server.snapshot.auto.trigger.enabled = true (custom)
2019-06-15 08:26:50,672 INFO  server.RaftServerConfigKeys (ConfUtils.java:logGet(43)) - raft.server.leader.election.timeout = 120s (custom)
2019-06-15 08:26:50,672 INFO  server.RaftServerConfigKeys (ConfUtils.java:logGet(43)) - raft.server.snapshot.auto.trigger.threshold = 10000 (custom)
2019-06-15 08:26:50,672 INFO  server.RaftServerConfigKeys (ConfUtils.java:logGet(43)) - raft.server.log.use.memory = false (default)
2019-06-15 08:26:50,672 INFO  server.RaftServerConfigKeys (ConfUtils.java:logGet(43)) - raft.server.retrycache.expirytime = 600000ms (custom)
2019-06-15 08:26:50,672 INFO  server.RaftServerConfigKeys (ConfUtils.java:logGet(43)) - raft.server.log.appender.buffer.byte-limit = 33554432 (custom)
2019-06-15 08:26:50,672 INFO  impl.RaftServerImpl (RaftServerImpl.java:start(173)) - e939c624-a441-43db-ba41-384394c99663: start group-F3B6366F64DB
2019-06-15 08:26:50,672 INFO  server.RaftServerConfigKeys (ConfUtils.java:logGet(43)) - raft.server.log.segment.size.max = 16384 (custom)
2019-06-15 08:26:50,672 INFO  impl.RaftServerImpl (RaftServerImpl.java:setRole(164)) - e939c624-a441-43db-ba41-384394c99663:group-F3B6366F64DB changes role from null to FOLLOWER at term 0 for startAsFollower
2019-06-15 08:26:50,672 INFO  server.RaftServerConfigKeys (ConfUtils.java:logGet(43)) - raft.server.log.segment.cache.num.max = 2 (custom)
2019-06-15 08:26:50,672 INFO  impl.RoleInfo (RoleInfo.java:updateAndGet(143)) - e939c624-a441-43db-ba41-384394c99663: start FollowerState
2019-06-15 08:26:50,673 INFO  storage.RaftLogWorker (RaftLogWorker.java:<init>(123)) - new 8baf71c5-98df-46a3-bec1-533518be995a-RaftLogWorker for Storage Directory /opt/src/hadoop-ozone/integration-test/target/test-dir/MiniOzoneClusterImpl-8a9cd9b6-4273-4701-8b60-89cb67930d99/datanode-1/data/ratis/f9157c4b-a684-4e54-969c-f3b6366f64db
2019-06-15 08:26:50,673 INFO  server.RaftServerConfigKeys (ConfUtils.java:logGet(43)) - raft.server.log.queue.byte-limit = 2147483647 (custom)
2019-06-15 08:26:50,673 INFO  server.RaftServerConfigKeys (ConfUtils.java:logGet(43)) - raft.server.log.queue.element-limit = 1024 (custom)
2019-06-15 08:26:50,673 INFO  storage.RaftStorage (RaftStorage.java:format(75)) - Storage directory /opt/src/hadoop-ozone/integration-test/target/test-dir/MiniOzoneClusterImpl-8a9cd9b6-4273-4701-8b60-89cb67930d99/datanode-0/data/ratis/f9157c4b-a684-4e54-969c-f3b6366f64db has been successfully formatted.
2019-06-15 08:26:50,673 INFO  server.RaftServerConfigKeys (ConfUtils.java:logGet(43)) - raft.server.log.segment.size.max = 16384 (custom)
2019-06-15 08:26:50,673 INFO  server.RaftServerConfigKeys (ConfUtils.java:logGet(43)) - raft.server.log.preallocated.size = 16384 (custom)
2019-06-15 08:26:50,673 INFO  server.RaftServerConfigKeys (ConfUtils.java:logGet(43)) - raft.server.log.write.buffer.size = 33554432 (custom)
2019-06-15 08:26:50,680 INFO  util.JmxRegister (JmxRegister.java:tryRegister(44)) - Successfully registered JMX Bean with object name Ratis:service=RaftServer,group=group-F3B6366F64DB,id=e939c624-a441-43db-ba41-384394c99663
2019-06-15 08:26:50,673 INFO  ratis.ContainerStateMachine (ContainerStateMachine.java:loadSnapshot(199)) - The snapshot info is null.Setting the last applied index to:(t:0, i:~)
2019-06-15 08:26:50,680 INFO  server.RaftServerConfigKeys (ConfUtils.java:logGet(43)) - raft.server.log.force.sync.num = 128 (default)
2019-06-15 08:26:50,680 INFO  server.RaftServerConfigKeys (ConfUtils.java:logGet(43)) - raft.server.leader.election.timeout = 120s (custom)
2019-06-15 08:26:50,680 INFO  server.RaftServerConfigKeys (ConfUtils.java:logGet(43)) - raft.server.log.use.memory = false (default)
2019-06-15 08:26:50,680 INFO  server.RaftServerConfigKeys (ConfUtils.java:logGet(43)) - raft.server.log.statemachine.data.sync = true (default)
2019-06-15 08:26:50,685 INFO  server.RaftServerConfigKeys (ConfUtils.java:logGet(43)) - raft.server.log.appender.buffer.byte-limit = 33554432 (custom)
2019-06-15 08:26:50,685 INFO  server.RaftServerConfigKeys (ConfUtils.java:logGet(43)) - raft.server.log.statemachine.data.sync.timeout = 10s (default)
2019-06-15 08:26:50,685 INFO  server.RaftServerConfigKeys (ConfUtils.java:logGet(43)) - raft.server.log.segment.size.max = 16384 (custom)
2019-06-15 08:26:50,685 INFO  server.RaftServerConfigKeys (ConfUtils.java:logGet(43)) - raft.server.log.statemachine.data.sync.timeout.retry = -1 (default)
2019-06-15 08:26:50,685 INFO  server.RaftServerConfigKeys (ConfUtils.java:logGet(43)) - raft.server.log.segment.cache.num.max = 2 (custom)
2019-06-15 08:26:50,685 INFO  server.RaftServerConfigKeys (ConfUtils.java:logGet(43)) - raft.server.log.statemachine.data.caching.enabled = true (custom)
2019-06-15 08:26:50,686 INFO  storage.RaftLogWorker (RaftLogWorker.java:<init>(123)) - new 407fd6ee-8148-49c5-8cae-78844c459de6-RaftLogWorker for Storage Directory /opt/src/hadoop-ozone/integration-test/target/test-dir/MiniOzoneClusterImpl-8a9cd9b6-4273-4701-8b60-89cb67930d99/datanode-0/data/ratis/f9157c4b-a684-4e54-969c-f3b6366f64db
2019-06-15 08:26:50,686 INFO  server.RaftServerConfigKeys (ConfUtils.java:logGet(43)) - raft.server.log.queue.byte-limit = 2147483647 (custom)
2019-06-15 08:26:50,686 INFO  server.RaftServerConfigKeys (ConfUtils.java:logGet(43)) - raft.server.log.queue.element-limit = 1024 (custom)
2019-06-15 08:26:50,686 INFO  server.RaftServerConfigKeys (ConfUtils.java:logGet(43)) - raft.server.snapshot.auto.trigger.enabled = true (custom)
2019-06-15 08:26:50,686 INFO  server.RaftServerConfigKeys (ConfUtils.java:logGet(43)) - raft.server.snapshot.auto.trigger.threshold = 10000 (custom)
2019-06-15 08:26:50,686 INFO  server.RaftServerConfigKeys (ConfUtils.java:logGet(43)) - raft.server.log.segment.size.max = 16384 (custom)
2019-06-15 08:26:50,686 INFO  server.RaftServerConfigKeys (ConfUtils.java:logGet(43)) - raft.server.retrycache.expirytime = 600000ms (custom)
2019-06-15 08:26:50,686 INFO  server.RaftServerConfigKeys (ConfUtils.java:logGet(43)) - raft.server.log.preallocated.size = 16384 (custom)
2019-06-15 08:26:50,686 INFO  impl.RaftServerImpl (RaftServerImpl.java:start(173)) - 8baf71c5-98df-46a3-bec1-533518be995a: start group-F3B6366F64DB
2019-06-15 08:26:50,686 INFO  server.RaftServerConfigKeys (ConfUtils.java:logGet(43)) - raft.server.log.write.buffer.size = 33554432 (custom)
2019-06-15 08:26:50,686 INFO  impl.RaftServerImpl (RaftServerImpl.java:setRole(164)) - 8baf71c5-98df-46a3-bec1-533518be995a:group-F3B6366F64DB changes role from null to FOLLOWER at term 0 for startAsFollower
2019-06-15 08:26:50,686 INFO  server.RaftServerConfigKeys (ConfUtils.java:logGet(43)) - raft.server.log.force.sync.num = 128 (default)
2019-06-15 08:26:50,686 INFO  impl.RoleInfo (RoleInfo.java:updateAndGet(143)) - 8baf71c5-98df-46a3-bec1-533518be995a: start FollowerState
2019-06-15 08:26:50,687 INFO  server.RaftServerConfigKeys (ConfUtils.java:logGet(43)) - raft.server.log.statemachine.data.sync = true (default)
2019-06-15 08:26:50,687 INFO  server.RaftServerConfigKeys (ConfUtils.java:logGet(43)) - raft.server.log.statemachine.data.sync.timeout = 10s (default)
2019-06-15 08:26:50,687 INFO  server.RaftServerConfigKeys (ConfUtils.java:logGet(43)) - raft.server.log.statemachine.data.sync.timeout.retry = -1 (default)
2019-06-15 08:26:50,687 INFO  server.RaftServerConfigKeys (ConfUtils.java:logGet(43)) - raft.server.log.statemachine.data.caching.enabled = true (custom)
2019-06-15 08:26:50,687 INFO  util.JmxRegister (JmxRegister.java:tryRegister(44)) - Successfully registered JMX Bean with object name Ratis:service=RaftServer,group=group-F3B6366F64DB,id=8baf71c5-98df-46a3-bec1-533518be995a
2019-06-15 08:26:50,687 INFO  server.RaftServerConfigKeys (ConfUtils.java:logGet(43)) - raft.server.snapshot.auto.trigger.enabled = true (custom)
2019-06-15 08:26:50,687 INFO  server.RaftServerConfigKeys (ConfUtils.java:logGet(43)) - raft.server.snapshot.auto.trigger.threshold = 10000 (custom)
2019-06-15 08:26:50,688 INFO  server.RaftServerConfigKeys (ConfUtils.java:logGet(43)) - raft.server.retrycache.expirytime = 600000ms (custom)
2019-06-15 08:26:50,688 INFO  impl.RaftServerImpl (RaftServerImpl.java:start(173)) - 407fd6ee-8148-49c5-8cae-78844c459de6: start group-F3B6366F64DB
2019-06-15 08:26:50,688 INFO  impl.RaftServerImpl (RaftServerImpl.java:setRole(164)) - 407fd6ee-8148-49c5-8cae-78844c459de6:group-F3B6366F64DB changes role from null to FOLLOWER at term 0 for startAsFollower
2019-06-15 08:26:50,688 INFO  impl.RoleInfo (RoleInfo.java:updateAndGet(143)) - 407fd6ee-8148-49c5-8cae-78844c459de6: start FollowerState
2019-06-15 08:26:50,689 INFO  util.JmxRegister (JmxRegister.java:tryRegister(44)) - Successfully registered JMX Bean with object name Ratis:service=RaftServer,group=group-F3B6366F64DB,id=407fd6ee-8148-49c5-8cae-78844c459de6
2019-06-15 08:26:50,691 INFO  pipeline.PipelineStateManager (PipelineStateManager.java:addPipeline(56)) - Created pipeline Pipeline[ Id: f9157c4b-a684-4e54-969c-f3b6366f64db, Nodes: 407fd6ee-8148-49c5-8cae-78844c459de6{ip: 192.168.105.190, host: ozone-unit-076618677d3-xbqfw-572796842, networkLocation: /default-rack, certSerialId: null}8baf71c5-98df-46a3-bec1-533518be995a{ip: 192.168.105.190, host: ozone-unit-076618677d3-xbqfw-572796842, networkLocation: /default-rack, certSerialId: null}e939c624-a441-43db-ba41-384394c99663{ip: 192.168.105.190, host: ozone-unit-076618677d3-xbqfw-572796842, networkLocation: /default-rack, certSerialId: null}, Type:RATIS, Factor:THREE, State:OPEN]
2019-06-15 08:26:50,762 INFO  node.SCMNodeManager (SCMNodeManager.java:register(269)) - Registered Data node : e00a706f-c101-444f-9f76-ab80597b7058{ip: 192.168.105.190, host: ozone-unit-076618677d3-xbqfw-572796842, networkLocation: /default-rack, certSerialId: null}
2019-06-15 08:26:50,766 INFO  impl.RaftServerProxy (RaftServerProxy.java:addNew(89)) - e00a706f-c101-444f-9f76-ab80597b7058: addNew group-AFFC8D6F01BC:[e00a706f-c101-444f-9f76-ab80597b7058:192.168.105.190:36695] returns group-AFFC8D6F01BC:java.util.concurrent.CompletableFuture@22a7db58[Not completed]
2019-06-15 08:26:50,767 INFO  impl.RaftServerImpl (RaftServerImpl.java:<init>(91)) - e00a706f-c101-444f-9f76-ab80597b7058: new RaftServerImpl for group-AFFC8D6F01BC:[e00a706f-c101-444f-9f76-ab80597b7058:192.168.105.190:36695] with ContainerStateMachine:uninitialized
2019-06-15 08:26:50,768 INFO  server.RaftServerConfigKeys (ConfUtils.java:logGet(43)) - raft.server.rpc.timeout.min = 1s (custom)
2019-06-15 08:26:50,768 INFO  server.RaftServerConfigKeys (ConfUtils.java:logGet(43)) - raft.server.rpc.timeout.max = 1200ms (custom)
2019-06-15 08:26:50,768 INFO  server.RaftServerConfigKeys (ConfUtils.java:logGet(43)) - raft.server.rpcslowness.timeout = 120s (custom)
2019-06-15 08:26:50,768 INFO  server.RaftServerConfigKeys (ConfUtils.java:logGet(43)) - raft.server.log.appender.install.snapshot.enabled = true (default)
2019-06-15 08:26:50,768 INFO  impl.RaftServerImpl (ServerState.java:<init>(101)) - e00a706f-c101-444f-9f76-ab80597b7058:group-AFFC8D6F01BC ConfigurationManager, init=-1: [e00a706f-c101-444f-9f76-ab80597b7058:192.168.105.190:36695], old=null, confs=<EMPTY_MAP>
2019-06-15 08:26:50,768 INFO  server.RaftServerConfigKeys (ConfUtils.java:logGet(43)) - raft.server.storage.dir = [/opt/src/hadoop-ozone/integration-test/target/test-dir/MiniOzoneClusterImpl-8a9cd9b6-4273-4701-8b60-89cb67930d99/datanode-3/data/ratis] (custom)
2019-06-15 08:26:50,768 INFO  storage.RaftStorageDirectory (RaftStorageDirectory.java:analyzeStorage(246)) - The storage directory /opt/src/hadoop-ozone/integration-test/target/test-dir/MiniOzoneClusterImpl-8a9cd9b6-4273-4701-8b60-89cb67930d99/datanode-3/data/ratis/f912db36-1208-4e89-9b58-affc8d6f01bc does not exist. Creating ...
2019-06-15 08:26:50,770 INFO  storage.RaftStorageDirectory (RaftStorageDirectory.java:tryLock(328)) - Lock on /opt/src/hadoop-ozone/integration-test/target/test-dir/MiniOzoneClusterImpl-8a9cd9b6-4273-4701-8b60-89cb67930d99/datanode-3/data/ratis/f912db36-1208-4e89-9b58-affc8d6f01bc/in_use.lock acquired by nodename 8639@ozone-unit-076618677d3-xbqfw-572796842
2019-06-15 08:26:50,772 INFO  storage.RaftStorage (RaftStorage.java:format(75)) - Storage directory /opt/src/hadoop-ozone/integration-test/target/test-dir/MiniOzoneClusterImpl-8a9cd9b6-4273-4701-8b60-89cb67930d99/datanode-3/data/ratis/f912db36-1208-4e89-9b58-affc8d6f01bc has been successfully formatted.
2019-06-15 08:26:50,772 INFO  ratis.ContainerStateMachine (ContainerStateMachine.java:loadSnapshot(199)) - The snapshot info is null.Setting the last applied index to:(t:0, i:~)
2019-06-15 08:26:50,772 INFO  server.RaftServerConfigKeys (ConfUtils.java:logGet(43)) - raft.server.leader.election.timeout = 120s (custom)
2019-06-15 08:26:50,772 INFO  server.RaftServerConfigKeys (ConfUtils.java:logGet(43)) - raft.server.log.use.memory = false (default)
2019-06-15 08:26:50,772 INFO  server.RaftServerConfigKeys (ConfUtils.java:logGet(43)) - raft.server.log.appender.buffer.byte-limit = 33554432 (custom)
2019-06-15 08:26:50,772 INFO  server.RaftServerConfigKeys (ConfUtils.java:logGet(43)) - raft.server.log.segment.size.max = 16384 (custom)
2019-06-15 08:26:50,772 INFO  server.RaftServerConfigKeys (ConfUtils.java:logGet(43)) - raft.server.log.segment.cache.num.max = 2 (custom)
2019-06-15 08:26:50,773 INFO  storage.RaftLogWorker (RaftLogWorker.java:<init>(123)) - new e00a706f-c101-444f-9f76-ab80597b7058-RaftLogWorker for Storage Directory /opt/src/hadoop-ozone/integration-test/target/test-dir/MiniOzoneClusterImpl-8a9cd9b6-4273-4701-8b60-89cb67930d99/datanode-3/data/ratis/f912db36-1208-4e89-9b58-affc8d6f01bc
2019-06-15 08:26:50,773 INFO  server.RaftServerConfigKeys (ConfUtils.java:logGet(43)) - raft.server.log.queue.byte-limit = 2147483647 (custom)
2019-06-15 08:26:50,773 INFO  server.RaftServerConfigKeys (ConfUtils.java:logGet(43)) - raft.server.log.queue.element-limit = 1024 (custom)
2019-06-15 08:26:50,773 INFO  server.RaftServerConfigKeys (ConfUtils.java:logGet(43)) - raft.server.log.segment.size.max = 16384 (custom)
2019-06-15 08:26:50,773 INFO  server.RaftServerConfigKeys (ConfUtils.java:logGet(43)) - raft.server.log.preallocated.size = 16384 (custom)
2019-06-15 08:26:50,773 INFO  server.RaftServerConfigKeys (ConfUtils.java:logGet(43)) - raft.server.log.write.buffer.size = 33554432 (custom)
2019-06-15 08:26:50,773 INFO  server.RaftServerConfigKeys (ConfUtils.java:logGet(43)) - raft.server.log.force.sync.num = 128 (default)
2019-06-15 08:26:50,773 INFO  server.RaftServerConfigKeys (ConfUtils.java:logGet(43)) - raft.server.log.statemachine.data.sync = true (default)
2019-06-15 08:26:50,773 INFO  server.RaftServerConfigKeys (ConfUtils.java:logGet(43)) - raft.server.log.statemachine.data.sync.timeout = 10s (default)
2019-06-15 08:26:50,773 INFO  server.RaftServerConfigKeys (ConfUtils.java:logGet(43)) - raft.server.log.statemachine.data.sync.timeout.retry = -1 (default)
2019-06-15 08:26:50,773 INFO  server.RaftServerConfigKeys (ConfUtils.java:logGet(43)) - raft.server.log.statemachine.data.caching.enabled = true (custom)
2019-06-15 08:26:50,773 INFO  server.RaftServerConfigKeys (ConfUtils.java:logGet(43)) - raft.server.snapshot.auto.trigger.enabled = true (custom)
2019-06-15 08:26:50,773 INFO  server.RaftServerConfigKeys (ConfUtils.java:logGet(43)) - raft.server.snapshot.auto.trigger.threshold = 10000 (custom)
2019-06-15 08:26:50,774 INFO  server.RaftServerConfigKeys (ConfUtils.java:logGet(43)) - raft.server.retrycache.expirytime = 600000ms (custom)
2019-06-15 08:26:50,774 INFO  impl.RaftServerImpl (RaftServerImpl.java:start(173)) - e00a706f-c101-444f-9f76-ab80597b7058: start group-AFFC8D6F01BC
2019-06-15 08:26:50,774 INFO  impl.RaftServerImpl (RaftServerImpl.java:setRole(164)) - e00a706f-c101-444f-9f76-ab80597b7058:group-AFFC8D6F01BC changes role from null to FOLLOWER at term 0 for startAsFollower
2019-06-15 08:26:50,774 INFO  impl.RoleInfo (RoleInfo.java:updateAndGet(143)) - e00a706f-c101-444f-9f76-ab80597b7058: start FollowerState
2019-06-15 08:26:50,774 INFO  util.JmxRegister (JmxRegister.java:tryRegister(44)) - Successfully registered JMX Bean with object name Ratis:service=RaftServer,group=group-AFFC8D6F01BC,id=e00a706f-c101-444f-9f76-ab80597b7058
2019-06-15 08:26:50,775 INFO  pipeline.PipelineStateManager (PipelineStateManager.java:addPipeline(56)) - Created pipeline Pipeline[ Id: f912db36-1208-4e89-9b58-affc8d6f01bc, Nodes: e00a706f-c101-444f-9f76-ab80597b7058{ip: 192.168.105.190, host: ozone-unit-076618677d3-xbqfw-572796842, networkLocation: /default-rack, certSerialId: null}, Type:RATIS, Factor:ONE, State:OPEN]
2019-06-15 08:26:50,878 INFO  node.SCMNodeManager (SCMNodeManager.java:register(269)) - Registered Data node : fa7fe605-74af-4db1-b2d9-3dae21fce408{ip: 192.168.105.190, host: ozone-unit-076618677d3-xbqfw-572796842, networkLocation: /default-rack, certSerialId: null}
2019-06-15 08:26:50,884 INFO  impl.RaftServerProxy (RaftServerProxy.java:addNew(89)) - fa7fe605-74af-4db1-b2d9-3dae21fce408: addNew group-B2DD59868B03:[fa7fe605-74af-4db1-b2d9-3dae21fce408:192.168.105.190:40855] returns group-B2DD59868B03:java.util.concurrent.CompletableFuture@19c9d526[Not completed]
2019-06-15 08:26:50,885 INFO  impl.RaftServerImpl (RaftServerImpl.java:<init>(91)) - fa7fe605-74af-4db1-b2d9-3dae21fce408: new RaftServerImpl for group-B2DD59868B03:[fa7fe605-74af-4db1-b2d9-3dae21fce408:192.168.105.190:40855] with ContainerStateMachine:uninitialized
2019-06-15 08:26:50,885 INFO  server.RaftServerConfigKeys (ConfUtils.java:logGet(43)) - raft.server.rpc.timeout.min = 1s (custom)
2019-06-15 08:26:50,885 INFO  server.RaftServerConfigKeys (ConfUtils.java:logGet(43)) - raft.server.rpc.timeout.max = 1200ms (custom)
2019-06-15 08:26:50,885 INFO  server.RaftServerConfigKeys (ConfUtils.java:logGet(43)) - raft.server.rpcslowness.timeout = 120s (custom)
2019-06-15 08:26:50,885 INFO  server.RaftServerConfigKeys (ConfUtils.java:logGet(43)) - raft.server.log.appender.install.snapshot.enabled = true (default)
2019-06-15 08:26:50,885 INFO  impl.RaftServerImpl (ServerState.java:<init>(101)) - fa7fe605-74af-4db1-b2d9-3dae21fce408:group-B2DD59868B03 ConfigurationManager, init=-1: [fa7fe605-74af-4db1-b2d9-3dae21fce408:192.168.105.190:40855], old=null, confs=<EMPTY_MAP>
2019-06-15 08:26:50,885 INFO  server.RaftServerConfigKeys (ConfUtils.java:logGet(43)) - raft.server.storage.dir = [/opt/src/hadoop-ozone/integration-test/target/test-dir/MiniOzoneClusterImpl-8a9cd9b6-4273-4701-8b60-89cb67930d99/datanode-4/data/ratis] (custom)
2019-06-15 08:26:50,885 INFO  storage.RaftStorageDirectory (RaftStorageDirectory.java:analyzeStorage(246)) - The storage directory /opt/src/hadoop-ozone/integration-test/target/test-dir/MiniOzoneClusterImpl-8a9cd9b6-4273-4701-8b60-89cb67930d99/datanode-4/data/ratis/688f458c-0272-4c36-aace-b2dd59868b03 does not exist. Creating ...
2019-06-15 08:26:50,888 INFO  storage.RaftStorageDirectory (RaftStorageDirectory.java:tryLock(328)) - Lock on /opt/src/hadoop-ozone/integration-test/target/test-dir/MiniOzoneClusterImpl-8a9cd9b6-4273-4701-8b60-89cb67930d99/datanode-4/data/ratis/688f458c-0272-4c36-aace-b2dd59868b03/in_use.lock acquired by nodename 8639@ozone-unit-076618677d3-xbqfw-572796842
2019-06-15 08:26:50,890 INFO  storage.RaftStorage (RaftStorage.java:format(75)) - Storage directory /opt/src/hadoop-ozone/integration-test/target/test-dir/MiniOzoneClusterImpl-8a9cd9b6-4273-4701-8b60-89cb67930d99/datanode-4/data/ratis/688f458c-0272-4c36-aace-b2dd59868b03 has been successfully formatted.
2019-06-15 08:26:50,890 INFO  ratis.ContainerStateMachine (ContainerStateMachine.java:loadSnapshot(199)) - The snapshot info is null.Setting the last applied index to:(t:0, i:~)
2019-06-15 08:26:50,890 INFO  server.RaftServerConfigKeys (ConfUtils.java:logGet(43)) - raft.server.leader.election.timeout = 120s (custom)
2019-06-15 08:26:50,890 INFO  server.RaftServerConfigKeys (ConfUtils.java:logGet(43)) - raft.server.log.use.memory = false (default)
2019-06-15 08:26:50,890 INFO  server.RaftServerConfigKeys (ConfUtils.java:logGet(43)) - raft.server.log.appender.buffer.byte-limit = 33554432 (custom)
2019-06-15 08:26:50,890 INFO  server.RaftServerConfigKeys (ConfUtils.java:logGet(43)) - raft.server.log.segment.size.max = 16384 (custom)
2019-06-15 08:26:50,890 INFO  server.RaftServerConfigKeys (ConfUtils.java:logGet(43)) - raft.server.log.segment.cache.num.max = 2 (custom)
2019-06-15 08:26:50,890 INFO  storage.RaftLogWorker (RaftLogWorker.java:<init>(123)) - new fa7fe605-74af-4db1-b2d9-3dae21fce408-RaftLogWorker for Storage Directory /opt/src/hadoop-ozone/integration-test/target/test-dir/MiniOzoneClusterImpl-8a9cd9b6-4273-4701-8b60-89cb67930d99/datanode-4/data/ratis/688f458c-0272-4c36-aace-b2dd59868b03
2019-06-15 08:26:50,890 INFO  server.RaftServerConfigKeys (ConfUtils.java:logGet(43)) - raft.server.log.queue.byte-limit = 2147483647 (custom)
2019-06-15 08:26:50,890 INFO  server.RaftServerConfigKeys (ConfUtils.java:logGet(43)) - raft.server.log.queue.element-limit = 1024 (custom)
2019-06-15 08:26:50,890 INFO  server.RaftServerConfigKeys (ConfUtils.java:logGet(43)) - raft.server.log.segment.size.max = 16384 (custom)
2019-06-15 08:26:50,890 INFO  server.RaftServerConfigKeys (ConfUtils.java:logGet(43)) - raft.server.log.preallocated.size = 16384 (custom)
2019-06-15 08:26:50,891 INFO  server.RaftServerConfigKeys (ConfUtils.java:logGet(43)) - raft.server.log.write.buffer.size = 33554432 (custom)
2019-06-15 08:26:50,891 INFO  server.RaftServerConfigKeys (ConfUtils.java:logGet(43)) - raft.server.log.force.sync.num = 128 (default)
2019-06-15 08:26:50,891 INFO  server.RaftServerConfigKeys (ConfUtils.java:logGet(43)) - raft.server.log.statemachine.data.sync = true (default)
2019-06-15 08:26:50,891 INFO  server.RaftServerConfigKeys (ConfUtils.java:logGet(43)) - raft.server.log.statemachine.data.sync.timeout = 10s (default)
2019-06-15 08:26:50,891 INFO  server.RaftServerConfigKeys (ConfUtils.java:logGet(43)) - raft.server.log.statemachine.data.sync.timeout.retry = -1 (default)
2019-06-15 08:26:50,891 INFO  server.RaftServerConfigKeys (ConfUtils.java:logGet(43)) - raft.server.log.statemachine.data.caching.enabled = true (custom)
2019-06-15 08:26:50,891 INFO  server.RaftServerConfigKeys (ConfUtils.java:logGet(43)) - raft.server.snapshot.auto.trigger.enabled = true (custom)
2019-06-15 08:26:50,891 INFO  server.RaftServerConfigKeys (ConfUtils.java:logGet(43)) - raft.server.snapshot.auto.trigger.threshold = 10000 (custom)
2019-06-15 08:26:50,891 INFO  server.RaftServerConfigKeys (ConfUtils.java:logGet(43)) - raft.server.retrycache.expirytime = 600000ms (custom)
2019-06-15 08:26:50,891 INFO  impl.RaftServerImpl (RaftServerImpl.java:start(173)) - fa7fe605-74af-4db1-b2d9-3dae21fce408: start group-B2DD59868B03
2019-06-15 08:26:50,892 INFO  impl.RaftServerImpl (RaftServerImpl.java:setRole(164)) - fa7fe605-74af-4db1-b2d9-3dae21fce408:group-B2DD59868B03 changes role from null to FOLLOWER at term 0 for startAsFollower
2019-06-15 08:26:50,892 INFO  impl.RoleInfo (RoleInfo.java:updateAndGet(143)) - fa7fe605-74af-4db1-b2d9-3dae21fce408: start FollowerState
2019-06-15 08:26:50,892 INFO  util.JmxRegister (JmxRegister.java:tryRegister(44)) - Successfully registered JMX Bean with object name Ratis:service=RaftServer,group=group-B2DD59868B03,id=fa7fe605-74af-4db1-b2d9-3dae21fce408
2019-06-15 08:26:50,893 INFO  pipeline.PipelineStateManager (PipelineStateManager.java:addPipeline(56)) - Created pipeline Pipeline[ Id: 688f458c-0272-4c36-aace-b2dd59868b03, Nodes: fa7fe605-74af-4db1-b2d9-3dae21fce408{ip: 192.168.105.190, host: ozone-unit-076618677d3-xbqfw-572796842, networkLocation: /default-rack, certSerialId: null}, Type:RATIS, Factor:ONE, State:OPEN]
2019-06-15 08:26:50,999 INFO  node.SCMNodeManager (SCMNodeManager.java:register(269)) - Registered Data node : 7c083bf8-2fac-4ac5-b98e-77c986bf8112{ip: 192.168.105.190, host: ozone-unit-076618677d3-xbqfw-572796842, networkLocation: /default-rack, certSerialId: null}
2019-06-15 08:26:51,004 INFO  impl.RaftServerProxy (RaftServerProxy.java:addNew(89)) - 7c083bf8-2fac-4ac5-b98e-77c986bf8112: addNew group-8DF8C5FCBC86:[7c083bf8-2fac-4ac5-b98e-77c986bf8112:192.168.105.190:39427] returns group-8DF8C5FCBC86:java.util.concurrent.CompletableFuture@6a6dbc1f[Not completed]
2019-06-15 08:26:51,005 INFO  impl.RaftServerImpl (RaftServerImpl.java:<init>(91)) - 7c083bf8-2fac-4ac5-b98e-77c986bf8112: new RaftServerImpl for group-8DF8C5FCBC86:[7c083bf8-2fac-4ac5-b98e-77c986bf8112:192.168.105.190:39427] with ContainerStateMachine:uninitialized
2019-06-15 08:26:51,005 INFO  server.RaftServerConfigKeys (ConfUtils.java:logGet(43)) - raft.server.rpc.timeout.min = 1s (custom)
2019-06-15 08:26:51,005 INFO  server.RaftServerConfigKeys (ConfUtils.java:logGet(43)) - raft.server.rpc.timeout.max = 1200ms (custom)
2019-06-15 08:26:51,005 INFO  server.RaftServerConfigKeys (ConfUtils.java:logGet(43)) - raft.server.rpcslowness.timeout = 120s (custom)
2019-06-15 08:26:51,005 INFO  server.RaftServerConfigKeys (ConfUtils.java:logGet(43)) - raft.server.log.appender.install.snapshot.enabled = true (default)
2019-06-15 08:26:51,005 INFO  impl.RaftServerImpl (ServerState.java:<init>(101)) - 7c083bf8-2fac-4ac5-b98e-77c986bf8112:group-8DF8C5FCBC86 ConfigurationManager, init=-1: [7c083bf8-2fac-4ac5-b98e-77c986bf8112:192.168.105.190:39427], old=null, confs=<EMPTY_MAP>
2019-06-15 08:26:51,005 INFO  server.RaftServerConfigKeys (ConfUtils.java:logGet(43)) - raft.server.storage.dir = [/opt/src/hadoop-ozone/integration-test/target/test-dir/MiniOzoneClusterImpl-8a9cd9b6-4273-4701-8b60-89cb67930d99/datanode-5/data/ratis] (custom)
2019-06-15 08:26:51,005 INFO  storage.RaftStorageDirectory (RaftStorageDirectory.java:analyzeStorage(246)) - The storage directory /opt/src/hadoop-ozone/integration-test/target/test-dir/MiniOzoneClusterImpl-8a9cd9b6-4273-4701-8b60-89cb67930d99/datanode-5/data/ratis/52f76549-492e-404a-999f-8df8c5fcbc86 does not exist. Creating ...
2019-06-15 08:26:51,007 INFO  storage.RaftStorageDirectory (RaftStorageDirectory.java:tryLock(328)) - Lock on /opt/src/hadoop-ozone/integration-test/target/test-dir/MiniOzoneClusterImpl-8a9cd9b6-4273-4701-8b60-89cb67930d99/datanode-5/data/ratis/52f76549-492e-404a-999f-8df8c5fcbc86/in_use.lock acquired by nodename 8639@ozone-unit-076618677d3-xbqfw-572796842
2019-06-15 08:26:51,009 INFO  storage.RaftStorage (RaftStorage.java:format(75)) - Storage directory /opt/src/hadoop-ozone/integration-test/target/test-dir/MiniOzoneClusterImpl-8a9cd9b6-4273-4701-8b60-89cb67930d99/datanode-5/data/ratis/52f76549-492e-404a-999f-8df8c5fcbc86 has been successfully formatted.
2019-06-15 08:26:51,009 INFO  ratis.ContainerStateMachine (ContainerStateMachine.java:loadSnapshot(199)) - The snapshot info is null.Setting the last applied index to:(t:0, i:~)
2019-06-15 08:26:51,009 INFO  server.RaftServerConfigKeys (ConfUtils.java:logGet(43)) - raft.server.leader.election.timeout = 120s (custom)
2019-06-15 08:26:51,009 INFO  server.RaftServerConfigKeys (ConfUtils.java:logGet(43)) - raft.server.log.use.memory = false (default)
2019-06-15 08:26:51,009 INFO  server.RaftServerConfigKeys (ConfUtils.java:logGet(43)) - raft.server.log.appender.buffer.byte-limit = 33554432 (custom)
2019-06-15 08:26:51,009 INFO  server.RaftServerConfigKeys (ConfUtils.java:logGet(43)) - raft.server.log.segment.size.max = 16384 (custom)
2019-06-15 08:26:51,010 INFO  server.RaftServerConfigKeys (ConfUtils.java:logGet(43)) - raft.server.log.segment.cache.num.max = 2 (custom)
2019-06-15 08:26:51,010 INFO  storage.RaftLogWorker (RaftLogWorker.java:<init>(123)) - new 7c083bf8-2fac-4ac5-b98e-77c986bf8112-RaftLogWorker for Storage Directory /opt/src/hadoop-ozone/integration-test/target/test-dir/MiniOzoneClusterImpl-8a9cd9b6-4273-4701-8b60-89cb67930d99/datanode-5/data/ratis/52f76549-492e-404a-999f-8df8c5fcbc86
2019-06-15 08:26:51,010 INFO  server.RaftServerConfigKeys (ConfUtils.java:logGet(43)) - raft.server.log.queue.byte-limit = 2147483647 (custom)
2019-06-15 08:26:51,010 INFO  server.RaftServerConfigKeys (ConfUtils.java:logGet(43)) - raft.server.log.queue.element-limit = 1024 (custom)
2019-06-15 08:26:51,010 INFO  server.RaftServerConfigKeys (ConfUtils.java:logGet(43)) - raft.server.log.segment.size.max = 16384 (custom)
2019-06-15 08:26:51,010 INFO  server.RaftServerConfigKeys (ConfUtils.java:logGet(43)) - raft.server.log.preallocated.size = 16384 (custom)
2019-06-15 08:26:51,010 INFO  server.RaftServerConfigKeys (ConfUtils.java:logGet(43)) - raft.server.log.write.buffer.size = 33554432 (custom)
2019-06-15 08:26:51,010 INFO  server.RaftServerConfigKeys (ConfUtils.java:logGet(43)) - raft.server.log.force.sync.num = 128 (default)
2019-06-15 08:26:51,010 INFO  server.RaftServerConfigKeys (ConfUtils.java:logGet(43)) - raft.server.log.statemachine.data.sync = true (default)
2019-06-15 08:26:51,010 INFO  server.RaftServerConfigKeys (ConfUtils.java:logGet(43)) - raft.server.log.statemachine.data.sync.timeout = 10s (default)
2019-06-15 08:26:51,010 INFO  server.RaftServerConfigKeys (ConfUtils.java:logGet(43)) - raft.server.log.statemachine.data.sync.timeout.retry = -1 (default)
2019-06-15 08:26:51,010 INFO  server.RaftServerConfigKeys (ConfUtils.java:logGet(43)) - raft.server.log.statemachine.data.caching.enabled = true (custom)
2019-06-15 08:26:51,010 INFO  server.RaftServerConfigKeys (ConfUtils.java:logGet(43)) - raft.server.snapshot.auto.trigger.enabled = true (custom)
2019-06-15 08:26:51,010 INFO  server.RaftServerConfigKeys (ConfUtils.java:logGet(43)) - raft.server.snapshot.auto.trigger.threshold = 10000 (custom)
2019-06-15 08:26:51,011 INFO  server.RaftServerConfigKeys (ConfUtils.java:logGet(43)) - raft.server.retrycache.expirytime = 600000ms (custom)
2019-06-15 08:26:51,011 INFO  impl.RaftServerImpl (RaftServerImpl.java:start(173)) - 7c083bf8-2fac-4ac5-b98e-77c986bf8112: start group-8DF8C5FCBC86
2019-06-15 08:26:51,011 INFO  impl.RaftServerImpl (RaftServerImpl.java:setRole(164)) - 7c083bf8-2fac-4ac5-b98e-77c986bf8112:group-8DF8C5FCBC86 changes role from null to FOLLOWER at term 0 for startAsFollower
2019-06-15 08:26:51,011 INFO  impl.RoleInfo (RoleInfo.java:updateAndGet(143)) - 7c083bf8-2fac-4ac5-b98e-77c986bf8112: start FollowerState
2019-06-15 08:26:51,011 INFO  util.JmxRegister (JmxRegister.java:tryRegister(44)) - Successfully registered JMX Bean with object name Ratis:service=RaftServer,group=group-8DF8C5FCBC86,id=7c083bf8-2fac-4ac5-b98e-77c986bf8112
2019-06-15 08:26:51,012 INFO  pipeline.PipelineStateManager (PipelineStateManager.java:addPipeline(56)) - Created pipeline Pipeline[ Id: 52f76549-492e-404a-999f-8df8c5fcbc86, Nodes: 7c083bf8-2fac-4ac5-b98e-77c986bf8112{ip: 192.168.105.190, host: ozone-unit-076618677d3-xbqfw-572796842, networkLocation: /default-rack, certSerialId: null}, Type:RATIS, Factor:ONE, State:OPEN]
2019-06-15 08:26:51,020 INFO  impl.RaftServerProxy (RaftServerProxy.java:addNew(89)) - fa7fe605-74af-4db1-b2d9-3dae21fce408: addNew group-6FA952E3DE80:[e00a706f-c101-444f-9f76-ab80597b7058:192.168.105.190:36695, fa7fe605-74af-4db1-b2d9-3dae21fce408:192.168.105.190:40855, 7c083bf8-2fac-4ac5-b98e-77c986bf8112:192.168.105.190:39427] returns group-6FA952E3DE80:java.util.concurrent.CompletableFuture@7db04936[Not completed]
2019-06-15 08:26:51,022 INFO  impl.RaftServerImpl (RaftServerImpl.java:<init>(91)) - fa7fe605-74af-4db1-b2d9-3dae21fce408: new RaftServerImpl for group-6FA952E3DE80:[e00a706f-c101-444f-9f76-ab80597b7058:192.168.105.190:36695, fa7fe605-74af-4db1-b2d9-3dae21fce408:192.168.105.190:40855, 7c083bf8-2fac-4ac5-b98e-77c986bf8112:192.168.105.190:39427] with ContainerStateMachine:uninitialized
2019-06-15 08:26:51,023 INFO  impl.RaftServerProxy (RaftServerProxy.java:addNew(89)) - 7c083bf8-2fac-4ac5-b98e-77c986bf8112: addNew group-6FA952E3DE80:[e00a706f-c101-444f-9f76-ab80597b7058:192.168.105.190:36695, fa7fe605-74af-4db1-b2d9-3dae21fce408:192.168.105.190:40855, 7c083bf8-2fac-4ac5-b98e-77c986bf8112:192.168.105.190:39427] returns group-6FA952E3DE80:java.util.concurrent.CompletableFuture@2548d091[Not completed]
2019-06-15 08:26:51,023 INFO  server.RaftServerConfigKeys (ConfUtils.java:logGet(43)) - raft.server.rpc.timeout.min = 1s (custom)
2019-06-15 08:26:51,023 INFO  impl.RaftServerImpl (RaftServerImpl.java:<init>(91)) - 7c083bf8-2fac-4ac5-b98e-77c986bf8112: new RaftServerImpl for group-6FA952E3DE80:[e00a706f-c101-444f-9f76-ab80597b7058:192.168.105.190:36695, fa7fe605-74af-4db1-b2d9-3dae21fce408:192.168.105.190:40855, 7c083bf8-2fac-4ac5-b98e-77c986bf8112:192.168.105.190:39427] with ContainerStateMachine:uninitialized
2019-06-15 08:26:51,023 INFO  server.RaftServerConfigKeys (ConfUtils.java:logGet(43)) - raft.server.rpc.timeout.min = 1s (custom)
2019-06-15 08:26:51,023 INFO  server.RaftServerConfigKeys (ConfUtils.java:logGet(43)) - raft.server.rpc.timeout.max = 1200ms (custom)
2019-06-15 08:26:51,023 INFO  server.RaftServerConfigKeys (ConfUtils.java:logGet(43)) - raft.server.rpcslowness.timeout = 120s (custom)
2019-06-15 08:26:51,023 INFO  server.RaftServerConfigKeys (ConfUtils.java:logGet(43)) - raft.server.log.appender.install.snapshot.enabled = true (default)
2019-06-15 08:26:51,023 INFO  impl.RaftServerImpl (ServerState.java:<init>(101)) - 7c083bf8-2fac-4ac5-b98e-77c986bf8112:group-6FA952E3DE80 ConfigurationManager, init=-1: [e00a706f-c101-444f-9f76-ab80597b7058:192.168.105.190:36695, fa7fe605-74af-4db1-b2d9-3dae21fce408:192.168.105.190:40855, 7c083bf8-2fac-4ac5-b98e-77c986bf8112:192.168.105.190:39427], old=null, confs=<EMPTY_MAP>
2019-06-15 08:26:51,023 INFO  server.RaftServerConfigKeys (ConfUtils.java:logGet(43)) - raft.server.rpc.timeout.max = 1200ms (custom)
2019-06-15 08:26:51,023 INFO  server.RaftServerConfigKeys (ConfUtils.java:logGet(43)) - raft.server.storage.dir = [/opt/src/hadoop-ozone/integration-test/target/test-dir/MiniOzoneClusterImpl-8a9cd9b6-4273-4701-8b60-89cb67930d99/datanode-5/data/ratis] (custom)
2019-06-15 08:26:51,024 INFO  impl.RaftServerProxy (RaftServerProxy.java:addNew(89)) - e00a706f-c101-444f-9f76-ab80597b7058: addNew group-6FA952E3DE80:[e00a706f-c101-444f-9f76-ab80597b7058:192.168.105.190:36695, fa7fe605-74af-4db1-b2d9-3dae21fce408:192.168.105.190:40855, 7c083bf8-2fac-4ac5-b98e-77c986bf8112:192.168.105.190:39427] returns group-6FA952E3DE80:java.util.concurrent.CompletableFuture@22c21d63[Not completed]
2019-06-15 08:26:51,024 INFO  server.RaftServerConfigKeys (ConfUtils.java:logGet(43)) - raft.server.rpcslowness.timeout = 120s (custom)
2019-06-15 08:26:51,024 INFO  server.RaftServerConfigKeys (ConfUtils.java:logGet(43)) - raft.server.log.appender.install.snapshot.enabled = true (default)
2019-06-15 08:26:51,024 INFO  impl.RaftServerImpl (ServerState.java:<init>(101)) - fa7fe605-74af-4db1-b2d9-3dae21fce408:group-6FA952E3DE80 ConfigurationManager, init=-1: [e00a706f-c101-444f-9f76-ab80597b7058:192.168.105.190:36695, fa7fe605-74af-4db1-b2d9-3dae21fce408:192.168.105.190:40855, 7c083bf8-2fac-4ac5-b98e-77c986bf8112:192.168.105.190:39427], old=null, confs=<EMPTY_MAP>
2019-06-15 08:26:51,024 INFO  server.RaftServerConfigKeys (ConfUtils.java:logGet(43)) - raft.server.storage.dir = [/opt/src/hadoop-ozone/integration-test/target/test-dir/MiniOzoneClusterImpl-8a9cd9b6-4273-4701-8b60-89cb67930d99/datanode-4/data/ratis] (custom)
2019-06-15 08:26:51,024 INFO  storage.RaftStorageDirectory (RaftStorageDirectory.java:analyzeStorage(246)) - The storage directory /opt/src/hadoop-ozone/integration-test/target/test-dir/MiniOzoneClusterImpl-8a9cd9b6-4273-4701-8b60-89cb67930d99/datanode-4/data/ratis/7963e35e-abb0-4d37-b843-6fa952e3de80 does not exist. Creating ...
2019-06-15 08:26:51,024 INFO  storage.RaftStorageDirectory (RaftStorageDirectory.java:analyzeStorage(246)) - The storage directory /opt/src/hadoop-ozone/integration-test/target/test-dir/MiniOzoneClusterImpl-8a9cd9b6-4273-4701-8b60-89cb67930d99/datanode-5/data/ratis/7963e35e-abb0-4d37-b843-6fa952e3de80 does not exist. Creating ...
2019-06-15 08:26:51,026 INFO  impl.RaftServerImpl (RaftServerImpl.java:<init>(91)) - e00a706f-c101-444f-9f76-ab80597b7058: new RaftServerImpl for group-6FA952E3DE80:[e00a706f-c101-444f-9f76-ab80597b7058:192.168.105.190:36695, fa7fe605-74af-4db1-b2d9-3dae21fce408:192.168.105.190:40855, 7c083bf8-2fac-4ac5-b98e-77c986bf8112:192.168.105.190:39427] with ContainerStateMachine:uninitialized
2019-06-15 08:26:51,026 INFO  server.RaftServerConfigKeys (ConfUtils.java:logGet(43)) - raft.server.rpc.timeout.min = 1s (custom)
2019-06-15 08:26:51,026 INFO  server.RaftServerConfigKeys (ConfUtils.java:logGet(43)) - raft.server.rpc.timeout.max = 1200ms (custom)
2019-06-15 08:26:51,026 INFO  server.RaftServerConfigKeys (ConfUtils.java:logGet(43)) - raft.server.rpcslowness.timeout = 120s (custom)
2019-06-15 08:26:51,026 INFO  server.RaftServerConfigKeys (ConfUtils.java:logGet(43)) - raft.server.log.appender.install.snapshot.enabled = true (default)
2019-06-15 08:26:51,026 INFO  impl.RaftServerImpl (ServerState.java:<init>(101)) - e00a706f-c101-444f-9f76-ab80597b7058:group-6FA952E3DE80 ConfigurationManager, init=-1: [e00a706f-c101-444f-9f76-ab80597b7058:192.168.105.190:36695, fa7fe605-74af-4db1-b2d9-3dae21fce408:192.168.105.190:40855, 7c083bf8-2fac-4ac5-b98e-77c986bf8112:192.168.105.190:39427], old=null, confs=<EMPTY_MAP>
2019-06-15 08:26:51,026 INFO  server.RaftServerConfigKeys (ConfUtils.java:logGet(43)) - raft.server.storage.dir = [/opt/src/hadoop-ozone/integration-test/target/test-dir/MiniOzoneClusterImpl-8a9cd9b6-4273-4701-8b60-89cb67930d99/datanode-3/data/ratis] (custom)
2019-06-15 08:26:51,026 INFO  storage.RaftStorageDirectory (RaftStorageDirectory.java:analyzeStorage(246)) - The storage directory /opt/src/hadoop-ozone/integration-test/target/test-dir/MiniOzoneClusterImpl-8a9cd9b6-4273-4701-8b60-89cb67930d99/datanode-3/data/ratis/7963e35e-abb0-4d37-b843-6fa952e3de80 does not exist. Creating ...
2019-06-15 08:26:51,026 INFO  storage.RaftStorageDirectory (RaftStorageDirectory.java:tryLock(328)) - Lock on /opt/src/hadoop-ozone/integration-test/target/test-dir/MiniOzoneClusterImpl-8a9cd9b6-4273-4701-8b60-89cb67930d99/datanode-5/data/ratis/7963e35e-abb0-4d37-b843-6fa952e3de80/in_use.lock acquired by nodename 8639@ozone-unit-076618677d3-xbqfw-572796842
2019-06-15 08:26:51,026 INFO  storage.RaftStorageDirectory (RaftStorageDirectory.java:tryLock(328)) - Lock on /opt/src/hadoop-ozone/integration-test/target/test-dir/MiniOzoneClusterImpl-8a9cd9b6-4273-4701-8b60-89cb67930d99/datanode-4/data/ratis/7963e35e-abb0-4d37-b843-6fa952e3de80/in_use.lock acquired by nodename 8639@ozone-unit-076618677d3-xbqfw-572796842
2019-06-15 08:26:51,028 INFO  storage.RaftStorageDirectory (RaftStorageDirectory.java:tryLock(328)) - Lock on /opt/src/hadoop-ozone/integration-test/target/test-dir/MiniOzoneClusterImpl-8a9cd9b6-4273-4701-8b60-89cb67930d99/datanode-3/data/ratis/7963e35e-abb0-4d37-b843-6fa952e3de80/in_use.lock acquired by nodename 8639@ozone-unit-076618677d3-xbqfw-572796842
2019-06-15 08:26:51,029 INFO  storage.RaftStorage (RaftStorage.java:format(75)) - Storage directory /opt/src/hadoop-ozone/integration-test/target/test-dir/MiniOzoneClusterImpl-8a9cd9b6-4273-4701-8b60-89cb67930d99/datanode-4/data/ratis/7963e35e-abb0-4d37-b843-6fa952e3de80 has been successfully formatted.
2019-06-15 08:26:51,029 INFO  storage.RaftStorage (RaftStorage.java:format(75)) - Storage directory /opt/src/hadoop-ozone/integration-test/target/test-dir/MiniOzoneClusterImpl-8a9cd9b6-4273-4701-8b60-89cb67930d99/datanode-5/data/ratis/7963e35e-abb0-4d37-b843-6fa952e3de80 has been successfully formatted.
2019-06-15 08:26:51,029 INFO  ratis.ContainerStateMachine (ContainerStateMachine.java:loadSnapshot(199)) - The snapshot info is null.Setting the last applied index to:(t:0, i:~)
2019-06-15 08:26:51,029 INFO  ratis.ContainerStateMachine (ContainerStateMachine.java:loadSnapshot(199)) - The snapshot info is null.Setting the last applied index to:(t:0, i:~)
2019-06-15 08:26:51,029 INFO  server.RaftServerConfigKeys (ConfUtils.java:logGet(43)) - raft.server.leader.election.timeout = 120s (custom)
2019-06-15 08:26:51,030 INFO  server.RaftServerConfigKeys (ConfUtils.java:logGet(43)) - raft.server.log.use.memory = false (default)
2019-06-15 08:26:51,030 INFO  server.RaftServerConfigKeys (ConfUtils.java:logGet(43)) - raft.server.leader.election.timeout = 120s (custom)
2019-06-15 08:26:51,030 INFO  server.RaftServerConfigKeys (ConfUtils.java:logGet(43)) - raft.server.log.appender.buffer.byte-limit = 33554432 (custom)
2019-06-15 08:26:51,030 INFO  server.RaftServerConfigKeys (ConfUtils.java:logGet(43)) - raft.server.log.segment.size.max = 16384 (custom)
2019-06-15 08:26:51,030 INFO  server.RaftServerConfigKeys (ConfUtils.java:logGet(43)) - raft.server.log.use.memory = false (default)
2019-06-15 08:26:51,030 INFO  server.RaftServerConfigKeys (ConfUtils.java:logGet(43)) - raft.server.log.segment.cache.num.max = 2 (custom)
2019-06-15 08:26:51,030 INFO  server.RaftServerConfigKeys (ConfUtils.java:logGet(43)) - raft.server.log.appender.buffer.byte-limit = 33554432 (custom)
2019-06-15 08:26:51,030 INFO  storage.RaftLogWorker (RaftLogWorker.java:<init>(123)) - new fa7fe605-74af-4db1-b2d9-3dae21fce408-RaftLogWorker for Storage Directory /opt/src/hadoop-ozone/integration-test/target/test-dir/MiniOzoneClusterImpl-8a9cd9b6-4273-4701-8b60-89cb67930d99/datanode-4/data/ratis/7963e35e-abb0-4d37-b843-6fa952e3de80
2019-06-15 08:26:51,030 INFO  server.RaftServerConfigKeys (ConfUtils.java:logGet(43)) - raft.server.log.segment.size.max = 16384 (custom)
2019-06-15 08:26:51,030 INFO  server.RaftServerConfigKeys (ConfUtils.java:logGet(43)) - raft.server.log.queue.byte-limit = 2147483647 (custom)
2019-06-15 08:26:51,030 INFO  server.RaftServerConfigKeys (ConfUtils.java:logGet(43)) - raft.server.log.segment.cache.num.max = 2 (custom)
2019-06-15 08:26:51,030 INFO  server.RaftServerConfigKeys (ConfUtils.java:logGet(43)) - raft.server.log.queue.element-limit = 1024 (custom)
2019-06-15 08:26:51,030 INFO  storage.RaftLogWorker (RaftLogWorker.java:<init>(123)) - new 7c083bf8-2fac-4ac5-b98e-77c986bf8112-RaftLogWorker for Storage Directory /opt/src/hadoop-ozone/integration-test/target/test-dir/MiniOzoneClusterImpl-8a9cd9b6-4273-4701-8b60-89cb67930d99/datanode-5/data/ratis/7963e35e-abb0-4d37-b843-6fa952e3de80
2019-06-15 08:26:51,031 INFO  server.RaftServerConfigKeys (ConfUtils.java:logGet(43)) - raft.server.log.segment.size.max = 16384 (custom)
2019-06-15 08:26:51,031 INFO  server.RaftServerConfigKeys (ConfUtils.java:logGet(43)) - raft.server.log.queue.byte-limit = 2147483647 (custom)
2019-06-15 08:26:51,031 INFO  server.RaftServerConfigKeys (ConfUtils.java:logGet(43)) - raft.server.log.preallocated.size = 16384 (custom)
2019-06-15 08:26:51,031 INFO  server.RaftServerConfigKeys (ConfUtils.java:logGet(43)) - raft.server.log.queue.element-limit = 1024 (custom)
2019-06-15 08:26:51,031 INFO  storage.RaftStorage (RaftStorage.java:format(75)) - Storage directory /opt/src/hadoop-ozone/integration-test/target/test-dir/MiniOzoneClusterImpl-8a9cd9b6-4273-4701-8b60-89cb67930d99/datanode-3/data/ratis/7963e35e-abb0-4d37-b843-6fa952e3de80 has been successfully formatted.
2019-06-15 08:26:51,031 INFO  server.RaftServerConfigKeys (ConfUtils.java:logGet(43)) - raft.server.log.write.buffer.size = 33554432 (custom)
2019-06-15 08:26:51,031 INFO  ratis.ContainerStateMachine (ContainerStateMachine.java:loadSnapshot(199)) - The snapshot info is null.Setting the last applied index to:(t:0, i:~)
2019-06-15 08:26:51,031 INFO  server.RaftServerConfigKeys (ConfUtils.java:logGet(43)) - raft.server.log.segment.size.max = 16384 (custom)
2019-06-15 08:26:51,031 INFO  server.RaftServerConfigKeys (ConfUtils.java:logGet(43)) - raft.server.leader.election.timeout = 120s (custom)
2019-06-15 08:26:51,031 INFO  server.RaftServerConfigKeys (ConfUtils.java:logGet(43)) - raft.server.log.force.sync.num = 128 (default)
2019-06-15 08:26:51,031 INFO  server.RaftServerConfigKeys (ConfUtils.java:logGet(43)) - raft.server.log.use.memory = false (default)
2019-06-15 08:26:51,031 INFO  server.RaftServerConfigKeys (ConfUtils.java:logGet(43)) - raft.server.log.preallocated.size = 16384 (custom)
2019-06-15 08:26:51,031 INFO  server.RaftServerConfigKeys (ConfUtils.java:logGet(43)) - raft.server.log.appender.buffer.byte-limit = 33554432 (custom)
2019-06-15 08:26:51,031 INFO  server.RaftServerConfigKeys (ConfUtils.java:logGet(43)) - raft.server.log.statemachine.data.sync = true (default)
2019-06-15 08:26:51,031 INFO  server.RaftServerConfigKeys (ConfUtils.java:logGet(43)) - raft.server.log.segment.size.max = 16384 (custom)
2019-06-15 08:26:51,031 INFO  server.RaftServerConfigKeys (ConfUtils.java:logGet(43)) - raft.server.log.write.buffer.size = 33554432 (custom)
2019-06-15 08:26:51,032 INFO  server.RaftServerConfigKeys (ConfUtils.java:logGet(43)) - raft.server.log.segment.cache.num.max = 2 (custom)
2019-06-15 08:26:51,032 INFO  server.RaftServerConfigKeys (ConfUtils.java:logGet(43)) - raft.server.log.statemachine.data.sync.timeout = 10s (default)
2019-06-15 08:26:51,032 INFO  storage.RaftLogWorker (RaftLogWorker.java:<init>(123)) - new e00a706f-c101-444f-9f76-ab80597b7058-RaftLogWorker for Storage Directory /opt/src/hadoop-ozone/integration-test/target/test-dir/MiniOzoneClusterImpl-8a9cd9b6-4273-4701-8b60-89cb67930d99/datanode-3/data/ratis/7963e35e-abb0-4d37-b843-6fa952e3de80
2019-06-15 08:26:51,032 INFO  server.RaftServerConfigKeys (ConfUtils.java:logGet(43)) - raft.server.log.force.sync.num = 128 (default)
2019-06-15 08:26:51,032 INFO  server.RaftServerConfigKeys (ConfUtils.java:logGet(43)) - raft.server.log.queue.byte-limit = 2147483647 (custom)
2019-06-15 08:26:51,032 INFO  server.RaftServerConfigKeys (ConfUtils.java:logGet(43)) - raft.server.log.statemachine.data.sync.timeout.retry = -1 (default)
2019-06-15 08:26:51,032 INFO  server.RaftServerConfigKeys (ConfUtils.java:logGet(43)) - raft.server.log.queue.element-limit = 1024 (custom)
2019-06-15 08:26:51,032 INFO  server.RaftServerConfigKeys (ConfUtils.java:logGet(43)) - raft.server.log.statemachine.data.sync = true (default)
2019-06-15 08:26:51,032 INFO  server.RaftServerConfigKeys (ConfUtils.java:logGet(43)) - raft.server.log.segment.size.max = 16384 (custom)
2019-06-15 08:26:51,032 INFO  server.RaftServerConfigKeys (ConfUtils.java:logGet(43)) - raft.server.log.statemachine.data.caching.enabled = true (custom)
2019-06-15 08:26:51,032 INFO  server.RaftServerConfigKeys (ConfUtils.java:logGet(43)) - raft.server.log.preallocated.size = 16384 (custom)
2019-06-15 08:26:51,032 INFO  server.RaftServerConfigKeys (ConfUtils.java:logGet(43)) - raft.server.log.write.buffer.size = 33554432 (custom)
2019-06-15 08:26:51,032 INFO  server.RaftServerConfigKeys (ConfUtils.java:logGet(43)) - raft.server.log.force.sync.num = 128 (default)
2019-06-15 08:26:51,033 INFO  server.RaftServerConfigKeys (ConfUtils.java:logGet(43)) - raft.server.log.statemachine.data.sync = true (default)
2019-06-15 08:26:51,033 INFO  server.RaftServerConfigKeys (ConfUtils.java:logGet(43)) - raft.server.log.statemachine.data.sync.timeout = 10s (default)
2019-06-15 08:26:51,033 INFO  server.RaftServerConfigKeys (ConfUtils.java:logGet(43)) - raft.server.log.statemachine.data.sync.timeout.retry = -1 (default)
2019-06-15 08:26:51,033 INFO  server.RaftServerConfigKeys (ConfUtils.java:logGet(43)) - raft.server.log.statemachine.data.caching.enabled = true (custom)
2019-06-15 08:26:51,032 INFO  server.RaftServerConfigKeys (ConfUtils.java:logGet(43)) - raft.server.log.statemachine.data.sync.timeout = 10s (default)
2019-06-15 08:26:51,033 INFO  server.RaftServerConfigKeys (ConfUtils.java:logGet(43)) - raft.server.log.statemachine.data.sync.timeout.retry = -1 (default)
2019-06-15 08:26:51,033 INFO  server.RaftServerConfigKeys (ConfUtils.java:logGet(43)) - raft.server.log.statemachine.data.caching.enabled = true (custom)
2019-06-15 08:26:51,033 INFO  server.RaftServerConfigKeys (ConfUtils.java:logGet(43)) - raft.server.snapshot.auto.trigger.enabled = true (custom)
2019-06-15 08:26:51,033 INFO  server.RaftServerConfigKeys (ConfUtils.java:logGet(43)) - raft.server.snapshot.auto.trigger.threshold = 10000 (custom)
2019-06-15 08:26:51,032 INFO  server.RaftServerConfigKeys (ConfUtils.java:logGet(43)) - raft.server.snapshot.auto.trigger.enabled = true (custom)
2019-06-15 08:26:51,033 INFO  server.RaftServerConfigKeys (ConfUtils.java:logGet(43)) - raft.server.snapshot.auto.trigger.enabled = true (custom)
2019-06-15 08:26:51,034 INFO  server.RaftServerConfigKeys (ConfUtils.java:logGet(43)) - raft.server.retrycache.expirytime = 600000ms (custom)
2019-06-15 08:26:51,033 INFO  server.RaftServerConfigKeys (ConfUtils.java:logGet(43)) - raft.server.snapshot.auto.trigger.threshold = 10000 (custom)
2019-06-15 08:26:51,034 INFO  server.RaftServerConfigKeys (ConfUtils.java:logGet(43)) - raft.server.retrycache.expirytime = 600000ms (custom)
2019-06-15 08:26:51,034 INFO  impl.RaftServerImpl (RaftServerImpl.java:start(173)) - fa7fe605-74af-4db1-b2d9-3dae21fce408: start group-6FA952E3DE80
2019-06-15 08:26:51,034 INFO  impl.RaftServerImpl (RaftServerImpl.java:setRole(164)) - fa7fe605-74af-4db1-b2d9-3dae21fce408:group-6FA952E3DE80 changes role from null to FOLLOWER at term 0 for startAsFollower
2019-06-15 08:26:51,034 INFO  impl.RoleInfo (RoleInfo.java:updateAndGet(143)) - fa7fe605-74af-4db1-b2d9-3dae21fce408: start FollowerState
2019-06-15 08:26:51,034 INFO  impl.RaftServerImpl (RaftServerImpl.java:start(173)) - e00a706f-c101-444f-9f76-ab80597b7058: start group-6FA952E3DE80
2019-06-15 08:26:51,034 INFO  impl.RaftServerImpl (RaftServerImpl.java:setRole(164)) - e00a706f-c101-444f-9f76-ab80597b7058:group-6FA952E3DE80 changes role from null to FOLLOWER at term 0 for startAsFollower
2019-06-15 08:26:51,034 INFO  impl.RoleInfo (RoleInfo.java:updateAndGet(143)) - e00a706f-c101-444f-9f76-ab80597b7058: start FollowerState
2019-06-15 08:26:51,034 INFO  server.RaftServerConfigKeys (ConfUtils.java:logGet(43)) - raft.server.snapshot.auto.trigger.threshold = 10000 (custom)
2019-06-15 08:26:51,034 INFO  util.JmxRegister (JmxRegister.java:tryRegister(44)) - Successfully registered JMX Bean with object name Ratis:service=RaftServer,group=group-6FA952E3DE80,id=e00a706f-c101-444f-9f76-ab80597b7058
2019-06-15 08:26:51,034 INFO  util.JmxRegister (JmxRegister.java:tryRegister(44)) - Successfully registered JMX Bean with object name Ratis:service=RaftServer,group=group-6FA952E3DE80,id=fa7fe605-74af-4db1-b2d9-3dae21fce408
2019-06-15 08:26:51,034 INFO  server.RaftServerConfigKeys (ConfUtils.java:logGet(43)) - raft.server.retrycache.expirytime = 600000ms (custom)
2019-06-15 08:26:51,035 INFO  impl.RaftServerImpl (RaftServerImpl.java:start(173)) - 7c083bf8-2fac-4ac5-b98e-77c986bf8112: start group-6FA952E3DE80
2019-06-15 08:26:51,035 INFO  impl.RaftServerImpl (RaftServerImpl.java:setRole(164)) - 7c083bf8-2fac-4ac5-b98e-77c986bf8112:group-6FA952E3DE80 changes role from null to FOLLOWER at term 0 for startAsFollower
2019-06-15 08:26:51,035 INFO  impl.RoleInfo (RoleInfo.java:updateAndGet(143)) - 7c083bf8-2fac-4ac5-b98e-77c986bf8112: start FollowerState
2019-06-15 08:26:51,035 INFO  util.JmxRegister (JmxRegister.java:tryRegister(44)) - Successfully registered JMX Bean with object name Ratis:service=RaftServer,group=group-6FA952E3DE80,id=7c083bf8-2fac-4ac5-b98e-77c986bf8112
2019-06-15 08:26:51,037 INFO  pipeline.PipelineStateManager (PipelineStateManager.java:addPipeline(56)) - Created pipeline Pipeline[ Id: 7963e35e-abb0-4d37-b843-6fa952e3de80, Nodes: 7c083bf8-2fac-4ac5-b98e-77c986bf8112{ip: 192.168.105.190, host: ozone-unit-076618677d3-xbqfw-572796842, networkLocation: /default-rack, certSerialId: null}fa7fe605-74af-4db1-b2d9-3dae21fce408{ip: 192.168.105.190, host: ozone-unit-076618677d3-xbqfw-572796842, networkLocation: /default-rack, certSerialId: null}e00a706f-c101-444f-9f76-ab80597b7058{ip: 192.168.105.190, host: ozone-unit-076618677d3-xbqfw-572796842, networkLocation: /default-rack, certSerialId: null}, Type:RATIS, Factor:THREE, State:OPEN]
2019-06-15 08:26:51,149 INFO  node.SCMNodeManager (SCMNodeManager.java:register(269)) - Registered Data node : 9363af17-72ca-425b-a533-832a401773b1{ip: 192.168.105.190, host: ozone-unit-076618677d3-xbqfw-572796842, networkLocation: /default-rack, certSerialId: null}
2019-06-15 08:26:51,150 INFO  ozone.MiniOzoneClusterImpl (MiniOzoneClusterImpl.java:lambda$waitForClusterToBeReady$0(142)) - Cluster is ready. Got 7 of 7 DN Heartbeats.
2019-06-15 08:26:51,159 INFO  impl.RaftServerProxy (RaftServerProxy.java:addNew(89)) - 9363af17-72ca-425b-a533-832a401773b1: addNew group-4A4A4002B08D:[9363af17-72ca-425b-a533-832a401773b1:192.168.105.190:39389] returns group-4A4A4002B08D:java.util.concurrent.CompletableFuture@52f940e0[Not completed]
2019-06-15 08:26:51,161 INFO  impl.RaftServerImpl (RaftServerImpl.java:<init>(91)) - 9363af17-72ca-425b-a533-832a401773b1: new RaftServerImpl for group-4A4A4002B08D:[9363af17-72ca-425b-a533-832a401773b1:192.168.105.190:39389] with ContainerStateMachine:uninitialized
2019-06-15 08:26:51,161 INFO  server.RaftServerConfigKeys (ConfUtils.java:logGet(43)) - raft.server.rpc.timeout.min = 1s (custom)
2019-06-15 08:26:51,161 INFO  server.RaftServerConfigKeys (ConfUtils.java:logGet(43)) - raft.server.rpc.timeout.max = 1200ms (custom)
2019-06-15 08:26:51,161 INFO  server.RaftServerConfigKeys (ConfUtils.java:logGet(43)) - raft.server.rpcslowness.timeout = 120s (custom)
2019-06-15 08:26:51,161 INFO  server.RaftServerConfigKeys (ConfUtils.java:logGet(43)) - raft.server.log.appender.install.snapshot.enabled = true (default)
2019-06-15 08:26:51,161 INFO  impl.RaftServerImpl (ServerState.java:<init>(101)) - 9363af17-72ca-425b-a533-832a401773b1:group-4A4A4002B08D ConfigurationManager, init=-1: [9363af17-72ca-425b-a533-832a401773b1:192.168.105.190:39389], old=null, confs=<EMPTY_MAP>
2019-06-15 08:26:51,162 INFO  server.RaftServerConfigKeys (ConfUtils.java:logGet(43)) - raft.server.storage.dir = [/opt/src/hadoop-ozone/integration-test/target/test-dir/MiniOzoneClusterImpl-8a9cd9b6-4273-4701-8b60-89cb67930d99/datanode-6/data/ratis] (custom)
2019-06-15 08:26:51,162 INFO  storage.RaftStorageDirectory (RaftStorageDirectory.java:analyzeStorage(246)) - The storage directory /opt/src/hadoop-ozone/integration-test/target/test-dir/MiniOzoneClusterImpl-8a9cd9b6-4273-4701-8b60-89cb67930d99/datanode-6/data/ratis/d8ccc8a7-2af6-4dbc-87f5-4a4a4002b08d does not exist. Creating ...
2019-06-15 08:26:51,165 INFO  storage.RaftStorageDirectory (RaftStorageDirectory.java:tryLock(328)) - Lock on /opt/src/hadoop-ozone/integration-test/target/test-dir/MiniOzoneClusterImpl-8a9cd9b6-4273-4701-8b60-89cb67930d99/datanode-6/data/ratis/d8ccc8a7-2af6-4dbc-87f5-4a4a4002b08d/in_use.lock acquired by nodename 8639@ozone-unit-076618677d3-xbqfw-572796842
2019-06-15 08:26:51,170 INFO  storage.RaftStorage (RaftStorage.java:format(75)) - Storage directory /opt/src/hadoop-ozone/integration-test/target/test-dir/MiniOzoneClusterImpl-8a9cd9b6-4273-4701-8b60-89cb67930d99/datanode-6/data/ratis/d8ccc8a7-2af6-4dbc-87f5-4a4a4002b08d has been successfully formatted.
2019-06-15 08:26:51,171 INFO  ratis.ContainerStateMachine (ContainerStateMachine.java:loadSnapshot(199)) - The snapshot info is null.Setting the last applied index to:(t:0, i:~)
2019-06-15 08:26:51,171 INFO  server.RaftServerConfigKeys (ConfUtils.java:logGet(43)) - raft.server.leader.election.timeout = 120s (custom)
2019-06-15 08:26:51,171 INFO  server.RaftServerConfigKeys (ConfUtils.java:logGet(43)) - raft.server.log.use.memory = false (default)
2019-06-15 08:26:51,171 INFO  server.RaftServerConfigKeys (ConfUtils.java:logGet(43)) - raft.server.log.appender.buffer.byte-limit = 33554432 (custom)
2019-06-15 08:26:51,171 INFO  server.RaftServerConfigKeys (ConfUtils.java:logGet(43)) - raft.server.log.segment.size.max = 16384 (custom)
2019-06-15 08:26:51,171 INFO  server.RaftServerConfigKeys (ConfUtils.java:logGet(43)) - raft.server.log.segment.cache.num.max = 2 (custom)
2019-06-15 08:26:51,171 INFO  storage.RaftLogWorker (RaftLogWorker.java:<init>(123)) - new 9363af17-72ca-425b-a533-832a401773b1-RaftLogWorker for Storage Directory /opt/src/hadoop-ozone/integration-test/target/test-dir/MiniOzoneClusterImpl-8a9cd9b6-4273-4701-8b60-89cb67930d99/datanode-6/data/ratis/d8ccc8a7-2af6-4dbc-87f5-4a4a4002b08d
2019-06-15 08:26:51,171 INFO  server.RaftServerConfigKeys (ConfUtils.java:logGet(43)) - raft.server.log.queue.byte-limit = 2147483647 (custom)
2019-06-15 08:26:51,171 INFO  server.RaftServerConfigKeys (ConfUtils.java:logGet(43)) - raft.server.log.queue.element-limit = 1024 (custom)
2019-06-15 08:26:51,171 INFO  server.RaftServerConfigKeys (ConfUtils.java:logGet(43)) - raft.server.log.segment.size.max = 16384 (custom)
2019-06-15 08:26:51,171 INFO  server.RaftServerConfigKeys (ConfUtils.java:logGet(43)) - raft.server.log.preallocated.size = 16384 (custom)
2019-06-15 08:26:51,171 INFO  server.RaftServerConfigKeys (ConfUtils.java:logGet(43)) - raft.server.log.write.buffer.size = 33554432 (custom)
2019-06-15 08:26:51,172 INFO  server.RaftServerConfigKeys (ConfUtils.java:logGet(43)) - raft.server.log.force.sync.num = 128 (default)
2019-06-15 08:26:51,172 INFO  server.RaftServerConfigKeys (ConfUtils.java:logGet(43)) - raft.server.log.statemachine.data.sync = true (default)
2019-06-15 08:26:51,172 INFO  server.RaftServerConfigKeys (ConfUtils.java:logGet(43)) - raft.server.log.statemachine.data.sync.timeout = 10s (default)
2019-06-15 08:26:51,172 INFO  server.RaftServerConfigKeys (ConfUtils.java:logGet(43)) - raft.server.log.statemachine.data.sync.timeout.retry = -1 (default)
2019-06-15 08:26:51,172 INFO  server.RaftServerConfigKeys (ConfUtils.java:logGet(43)) - raft.server.log.statemachine.data.caching.enabled = true (custom)
2019-06-15 08:26:51,172 INFO  server.RaftServerConfigKeys (ConfUtils.java:logGet(43)) - raft.server.snapshot.auto.trigger.enabled = true (custom)
2019-06-15 08:26:51,172 INFO  server.RaftServerConfigKeys (ConfUtils.java:logGet(43)) - raft.server.snapshot.auto.trigger.threshold = 10000 (custom)
2019-06-15 08:26:51,172 INFO  server.RaftServerConfigKeys (ConfUtils.java:logGet(43)) - raft.server.retrycache.expirytime = 600000ms (custom)
2019-06-15 08:26:51,172 INFO  impl.RaftServerImpl (RaftServerImpl.java:start(173)) - 9363af17-72ca-425b-a533-832a401773b1: start group-4A4A4002B08D
2019-06-15 08:26:51,173 INFO  impl.RaftServerImpl (RaftServerImpl.java:setRole(164)) - 9363af17-72ca-425b-a533-832a401773b1:group-4A4A4002B08D changes role from null to FOLLOWER at term 0 for startAsFollower
2019-06-15 08:26:51,173 INFO  impl.RoleInfo (RoleInfo.java:updateAndGet(143)) - 9363af17-72ca-425b-a533-832a401773b1: start FollowerState
2019-06-15 08:26:51,181 INFO  util.JmxRegister (JmxRegister.java:tryRegister(44)) - Successfully registered JMX Bean with object name Ratis:service=RaftServer,group=group-4A4A4002B08D,id=9363af17-72ca-425b-a533-832a401773b1
2019-06-15 08:26:51,182 INFO  rpc.RpcClient (RpcClient.java:createVolume(289)) - Creating Volume: watchforcommithandlingtest, with jenkins1000 as owner.
2019-06-15 08:26:51,185 INFO  pipeline.PipelineStateManager (PipelineStateManager.java:addPipeline(56)) - Created pipeline Pipeline[ Id: d8ccc8a7-2af6-4dbc-87f5-4a4a4002b08d, Nodes: 9363af17-72ca-425b-a533-832a401773b1{ip: 192.168.105.190, host: ozone-unit-076618677d3-xbqfw-572796842, networkLocation: /default-rack, certSerialId: null}, Type:RATIS, Factor:ONE, State:OPEN]
2019-06-15 08:26:51,193 INFO  rpc.RpcClient (RpcClient.java:createBucket(426)) - Creating Bucket: watchforcommithandlingtest/watchforcommithandlingtest, with Versioning false and Storage Type set to DISK and Encryption set to false 
2019-06-15 08:26:51,195 INFO  ozone.MiniOzoneClusterImpl (MiniOzoneClusterImpl.java:getStorageContainerLocationClient(241)) - Creating StorageContainerLocationProtocol RPC client with address /0.0.0.0:45803
2019-06-15 08:26:51,202 INFO  client.GrpcClientProtocolClient (GrpcClientProtocolClient.java:onNext(254)) - client-8B1B6C708D51->407fd6ee-8148-49c5-8cae-78844c459de6: receive RaftClientReply:client-8B1B6C708D51->407fd6ee-8148-49c5-8cae-78844c459de6@group-F3B6366F64DB, cid=102, FAILED org.apache.ratis.protocol.NotLeaderException: Server 407fd6ee-8148-49c5-8cae-78844c459de6 is not the leader (8baf71c5-98df-46a3-bec1-533518be995a:192.168.105.190:36543). Request must be sent to leader., logIndex=0, commits[407fd6ee-8148-49c5-8cae-78844c459de6:c-1]
2019-06-15 08:26:51,206 WARN  client.GrpcClientProtocolService (LogUtils.java:warn(134)) - 0-OrderedRequestStreamObserver0: onError: org.apache.ratis.thirdparty.io.grpc.StatusRuntimeException: CANCELLED: cancelled before receiving half close
2019-06-15 08:26:51,555 INFO  impl.FollowerState (FollowerState.java:run(101)) - 8baf71c5-98df-46a3-bec1-533518be995a:group-56B1DEBA0301 changes to CANDIDATE, lastRpcTime:1050, electionTimeout:1050ms
2019-06-15 08:26:51,558 INFO  impl.RoleInfo (RoleInfo.java:shutdownFollowerState(121)) - 8baf71c5-98df-46a3-bec1-533518be995a: shutdown FollowerState
2019-06-15 08:26:51,558 INFO  impl.RaftServerImpl (RaftServerImpl.java:setRole(164)) - 8baf71c5-98df-46a3-bec1-533518be995a:group-56B1DEBA0301 changes role from FOLLOWER to CANDIDATE at term 0 for changeToCandidate
2019-06-15 08:26:51,558 INFO  impl.RoleInfo (RoleInfo.java:updateAndGet(143)) - 8baf71c5-98df-46a3-bec1-533518be995a: start LeaderElection
2019-06-15 08:26:51,562 INFO  impl.LeaderElection (LeaderElection.java:askForVotes(181)) - 8baf71c5-98df-46a3-bec1-533518be995a:group-56B1DEBA0301:LeaderElection50: begin an election at term 1 for -1: [8baf71c5-98df-46a3-bec1-533518be995a:192.168.105.190:36543], old=null
2019-06-15 08:26:51,562 INFO  impl.RoleInfo (RoleInfo.java:shutdownLeaderElection(134)) - 8baf71c5-98df-46a3-bec1-533518be995a: shutdown LeaderElection
2019-06-15 08:26:51,562 INFO  impl.RaftServerImpl (RaftServerImpl.java:setRole(164)) - 8baf71c5-98df-46a3-bec1-533518be995a:group-56B1DEBA0301 changes role from CANDIDATE to LEADER at term 1 for changeToLeader
2019-06-15 08:26:51,562 INFO  impl.RaftServerImpl (ServerState.java:setLeader(263)) - 8baf71c5-98df-46a3-bec1-533518be995a:group-56B1DEBA0301 change Leader from null to 8baf71c5-98df-46a3-bec1-533518be995a at term 1 for becomeLeader, leader elected after 1059ms
2019-06-15 08:26:51,562 INFO  server.RaftServerConfigKeys (ConfUtils.java:logGet(43)) - raft.server.staging.catchup.gap = 1000 (default)
2019-06-15 08:26:51,562 INFO  server.RaftServerConfigKeys (ConfUtils.java:logGet(43)) - raft.server.rpc.sleep.time = 25ms (default)
2019-06-15 08:26:51,563 INFO  server.RaftServerConfigKeys (ConfUtils.java:logGet(43)) - raft.server.watch.timeout = 10s (default)
2019-06-15 08:26:51,563 INFO  server.RaftServerConfigKeys (ConfUtils.java:logGet(43)) - raft.server.watch.timeout.denomination = 1s (default)
2019-06-15 08:26:51,563 INFO  impl.RoleInfo (RoleInfo.java:updateAndGet(143)) - 8baf71c5-98df-46a3-bec1-533518be995a: start LeaderState
2019-06-15 08:26:51,563 INFO  storage.RaftLogWorker (RaftLogWorker.java:startLogSegment(298)) - 8baf71c5-98df-46a3-bec1-533518be995a-RaftLogWorker: Starting segment from index:0
2019-06-15 08:26:51,563 INFO  impl.RaftServerImpl (ServerState.java:setRaftConf(361)) - 8baf71c5-98df-46a3-bec1-533518be995a:group-56B1DEBA0301 set configuration 0: [8baf71c5-98df-46a3-bec1-533518be995a:192.168.105.190:36543], old=null at 0
2019-06-15 08:26:51,589 INFO  impl.FollowerState (FollowerState.java:run(101)) - 407fd6ee-8148-49c5-8cae-78844c459de6:group-99B9BDBAF0E1 changes to CANDIDATE, lastRpcTime:1182, electionTimeout:1182ms
2019-06-15 08:26:51,589 INFO  impl.RoleInfo (RoleInfo.java:shutdownFollowerState(121)) - 407fd6ee-8148-49c5-8cae-78844c459de6: shutdown FollowerState
2019-06-15 08:26:51,589 INFO  impl.RaftServerImpl (RaftServerImpl.java:setRole(164)) - 407fd6ee-8148-49c5-8cae-78844c459de6:group-99B9BDBAF0E1 changes role from FOLLOWER to CANDIDATE at term 0 for changeToCandidate
2019-06-15 08:26:51,589 INFO  impl.RoleInfo (RoleInfo.java:updateAndGet(143)) - 407fd6ee-8148-49c5-8cae-78844c459de6: start LeaderElection
2019-06-15 08:26:51,599 INFO  storage.RaftLogWorker (RaftLogWorker.java:execute(469)) - 8baf71c5-98df-46a3-bec1-533518be995a-RaftLogWorker: created new log segment /opt/src/hadoop-ozone/integration-test/target/test-dir/MiniOzoneClusterImpl-8a9cd9b6-4273-4701-8b60-89cb67930d99/datanode-1/data/ratis/dcdf3f1e-fe36-4c63-b054-56b1deba0301/current/log_inprogress_0
2019-06-15 08:26:51,599 INFO  impl.LeaderElection (LeaderElection.java:askForVotes(181)) - 407fd6ee-8148-49c5-8cae-78844c459de6:group-99B9BDBAF0E1:LeaderElection51: begin an election at term 1 for -1: [407fd6ee-8148-49c5-8cae-78844c459de6:192.168.105.190:46289], old=null
2019-06-15 08:26:51,599 INFO  impl.RoleInfo (RoleInfo.java:shutdownLeaderElection(134)) - 407fd6ee-8148-49c5-8cae-78844c459de6: shutdown LeaderElection
2019-06-15 08:26:51,600 INFO  impl.RaftServerImpl (RaftServerImpl.java:setRole(164)) - 407fd6ee-8148-49c5-8cae-78844c459de6:group-99B9BDBAF0E1 changes role from CANDIDATE to LEADER at term 1 for changeToLeader
2019-06-15 08:26:51,600 INFO  impl.RaftServerImpl (ServerState.java:setLeader(263)) - 407fd6ee-8148-49c5-8cae-78844c459de6:group-99B9BDBAF0E1 change Leader from null to 407fd6ee-8148-49c5-8cae-78844c459de6 at term 1 for becomeLeader, leader elected after 1194ms
2019-06-15 08:26:51,600 INFO  server.RaftServerConfigKeys (ConfUtils.java:logGet(43)) - raft.server.staging.catchup.gap = 1000 (default)
2019-06-15 08:26:51,600 INFO  server.RaftServerConfigKeys (ConfUtils.java:logGet(43)) - raft.server.rpc.sleep.time = 25ms (default)
2019-06-15 08:26:51,600 INFO  server.RaftServerConfigKeys (ConfUtils.java:logGet(43)) - raft.server.watch.timeout = 10s (default)
2019-06-15 08:26:51,600 INFO  server.RaftServerConfigKeys (ConfUtils.java:logGet(43)) - raft.server.watch.timeout.denomination = 1s (default)
2019-06-15 08:26:51,600 INFO  impl.RoleInfo (RoleInfo.java:updateAndGet(143)) - 407fd6ee-8148-49c5-8cae-78844c459de6: start LeaderState
2019-06-15 08:26:51,600 INFO  storage.RaftLogWorker (RaftLogWorker.java:startLogSegment(298)) - 407fd6ee-8148-49c5-8cae-78844c459de6-RaftLogWorker: Starting segment from index:0
2019-06-15 08:26:51,603 INFO  impl.RaftServerImpl (ServerState.java:setRaftConf(361)) - 407fd6ee-8148-49c5-8cae-78844c459de6:group-99B9BDBAF0E1 set configuration 0: [407fd6ee-8148-49c5-8cae-78844c459de6:192.168.105.190:46289], old=null at 0
2019-06-15 08:26:51,634 INFO  storage.RaftLogWorker (RaftLogWorker.java:execute(469)) - 407fd6ee-8148-49c5-8cae-78844c459de6-RaftLogWorker: created new log segment /opt/src/hadoop-ozone/integration-test/target/test-dir/MiniOzoneClusterImpl-8a9cd9b6-4273-4701-8b60-89cb67930d99/datanode-0/data/ratis/44a5bfa6-e6a5-4501-8952-99b9bdbaf0e1/current/log_inprogress_0
2019-06-15 08:26:51,745 INFO  impl.FollowerState (FollowerState.java:run(101)) - e939c624-a441-43db-ba41-384394c99663:group-2AEF800BE3B1 changes to CANDIDATE, lastRpcTime:1091, electionTimeout:1091ms
2019-06-15 08:26:51,745 INFO  impl.RoleInfo (RoleInfo.java:shutdownFollowerState(121)) - e939c624-a441-43db-ba41-384394c99663: shutdown FollowerState
2019-06-15 08:26:51,745 INFO  impl.RaftServerImpl (RaftServerImpl.java:setRole(164)) - e939c624-a441-43db-ba41-384394c99663:group-2AEF800BE3B1 changes role from FOLLOWER to CANDIDATE at term 0 for changeToCandidate
2019-06-15 08:26:51,745 INFO  impl.RoleInfo (RoleInfo.java:updateAndGet(143)) - e939c624-a441-43db-ba41-384394c99663: start LeaderElection
2019-06-15 08:26:51,749 INFO  impl.LeaderElection (LeaderElection.java:askForVotes(181)) - e939c624-a441-43db-ba41-384394c99663:group-2AEF800BE3B1:LeaderElection52: begin an election at term 1 for -1: [e939c624-a441-43db-ba41-384394c99663:192.168.105.190:45731], old=null
2019-06-15 08:26:51,750 INFO  impl.RoleInfo (RoleInfo.java:shutdownLeaderElection(134)) - e939c624-a441-43db-ba41-384394c99663: shutdown LeaderElection
2019-06-15 08:26:51,750 INFO  impl.RaftServerImpl (RaftServerImpl.java:setRole(164)) - e939c624-a441-43db-ba41-384394c99663:group-2AEF800BE3B1 changes role from CANDIDATE to LEADER at term 1 for changeToLeader
2019-06-15 08:26:51,750 INFO  impl.RaftServerImpl (ServerState.java:setLeader(263)) - e939c624-a441-43db-ba41-384394c99663:group-2AEF800BE3B1 change Leader from null to e939c624-a441-43db-ba41-384394c99663 at term 1 for becomeLeader, leader elected after 1097ms
2019-06-15 08:26:51,750 INFO  server.RaftServerConfigKeys (ConfUtils.java:logGet(43)) - raft.server.staging.catchup.gap = 1000 (default)
2019-06-15 08:26:51,750 INFO  server.RaftServerConfigKeys (ConfUtils.java:logGet(43)) - raft.server.rpc.sleep.time = 25ms (default)
2019-06-15 08:26:51,750 INFO  server.RaftServerConfigKeys (ConfUtils.java:logGet(43)) - raft.server.watch.timeout = 10s (default)
2019-06-15 08:26:51,750 INFO  server.RaftServerConfigKeys (ConfUtils.java:logGet(43)) - raft.server.watch.timeout.denomination = 1s (default)
2019-06-15 08:26:51,750 INFO  impl.RoleInfo (RoleInfo.java:updateAndGet(143)) - e939c624-a441-43db-ba41-384394c99663: start LeaderState
2019-06-15 08:26:51,750 INFO  storage.RaftLogWorker (RaftLogWorker.java:startLogSegment(298)) - e939c624-a441-43db-ba41-384394c99663-RaftLogWorker: Starting segment from index:0
2019-06-15 08:26:51,750 INFO  impl.RaftServerImpl (ServerState.java:setRaftConf(361)) - e939c624-a441-43db-ba41-384394c99663:group-2AEF800BE3B1 set configuration 0: [e939c624-a441-43db-ba41-384394c99663:192.168.105.190:45731], old=null at 0
2019-06-15 08:26:51,782 INFO  impl.FollowerState (FollowerState.java:run(101)) - 8baf71c5-98df-46a3-bec1-533518be995a:group-F3B6366F64DB changes to CANDIDATE, lastRpcTime:1095, electionTimeout:1095ms
2019-06-15 08:26:51,782 INFO  impl.RoleInfo (RoleInfo.java:shutdownFollowerState(121)) - 8baf71c5-98df-46a3-bec1-533518be995a: shutdown FollowerState
2019-06-15 08:26:51,782 INFO  impl.RaftServerImpl (RaftServerImpl.java:setRole(164)) - 8baf71c5-98df-46a3-bec1-533518be995a:group-F3B6366F64DB changes role from FOLLOWER to CANDIDATE at term 0 for changeToCandidate
2019-06-15 08:26:51,782 INFO  impl.RoleInfo (RoleInfo.java:updateAndGet(143)) - 8baf71c5-98df-46a3-bec1-533518be995a: start LeaderElection
2019-06-15 08:26:51,785 INFO  storage.RaftLogWorker (RaftLogWorker.java:execute(469)) - e939c624-a441-43db-ba41-384394c99663-RaftLogWorker: created new log segment /opt/src/hadoop-ozone/integration-test/target/test-dir/MiniOzoneClusterImpl-8a9cd9b6-4273-4701-8b60-89cb67930d99/datanode-2/data/ratis/346daebc-6000-498c-bc81-2aef800be3b1/current/log_inprogress_0
2019-06-15 08:26:51,787 INFO  impl.LeaderElection (LeaderElection.java:askForVotes(181)) - 8baf71c5-98df-46a3-bec1-533518be995a:group-F3B6366F64DB:LeaderElection53: begin an election at term 1 for -1: [8baf71c5-98df-46a3-bec1-533518be995a:192.168.105.190:36543, 407fd6ee-8148-49c5-8cae-78844c459de6:192.168.105.190:46289, e939c624-a441-43db-ba41-384394c99663:192.168.105.190:45731], old=null
2019-06-15 08:26:51,792 INFO  impl.RaftServerImpl (RaftServerImpl.java:setRole(164)) - 407fd6ee-8148-49c5-8cae-78844c459de6:group-F3B6366F64DB changes role from FOLLOWER to FOLLOWER at term 1 for recognizeCandidate:8baf71c5-98df-46a3-bec1-533518be995a
2019-06-15 08:26:51,792 INFO  impl.RoleInfo (RoleInfo.java:shutdownFollowerState(121)) - 407fd6ee-8148-49c5-8cae-78844c459de6: shutdown FollowerState
2019-06-15 08:26:51,792 INFO  impl.RoleInfo (RoleInfo.java:updateAndGet(143)) - 407fd6ee-8148-49c5-8cae-78844c459de6: start FollowerState
2019-06-15 08:26:51,792 INFO  impl.FollowerState (FollowerState.java:run(109)) - 407fd6ee-8148-49c5-8cae-78844c459de6: FollowerState was interrupted: java.lang.InterruptedException: sleep interrupted
2019-06-15 08:26:51,796 INFO  impl.RaftServerImpl (RaftServerImpl.java:setRole(164)) - e939c624-a441-43db-ba41-384394c99663:group-F3B6366F64DB changes role from FOLLOWER to FOLLOWER at term 1 for recognizeCandidate:8baf71c5-98df-46a3-bec1-533518be995a
2019-06-15 08:26:51,796 INFO  impl.RoleInfo (RoleInfo.java:shutdownFollowerState(121)) - e939c624-a441-43db-ba41-384394c99663: shutdown FollowerState
2019-06-15 08:26:51,796 INFO  impl.RoleInfo (RoleInfo.java:updateAndGet(143)) - e939c624-a441-43db-ba41-384394c99663: start FollowerState
2019-06-15 08:26:51,796 INFO  impl.FollowerState (FollowerState.java:run(109)) - e939c624-a441-43db-ba41-384394c99663: FollowerState was interrupted: java.lang.InterruptedException: sleep interrupted
2019-06-15 08:26:51,797 INFO  impl.LeaderElection (LeaderElection.java:logAndReturn(56)) - 8baf71c5-98df-46a3-bec1-533518be995a:group-F3B6366F64DB:LeaderElection53: Election PASSED; received 1 response(s) [8baf71c5-98df-46a3-bec1-533518be995a->407fd6ee-8148-49c5-8cae-78844c459de6,true-t1] and 0 exception(s); 8baf71c5-98df-46a3-bec1-533518be995a:t1, leader=null, voted=8baf71c5-98df-46a3-bec1-533518be995a, raftlog=8baf71c5-98df-46a3-bec1-533518be995a-SegmentedRaftLog:OPENED:c-1,f-1,i0, conf=-1: [8baf71c5-98df-46a3-bec1-533518be995a:192.168.105.190:36543, 407fd6ee-8148-49c5-8cae-78844c459de6:192.168.105.190:46289, e939c624-a441-43db-ba41-384394c99663:192.168.105.190:45731], old=null
2019-06-15 08:26:51,797 INFO  impl.RoleInfo (RoleInfo.java:shutdownLeaderElection(134)) - 8baf71c5-98df-46a3-bec1-533518be995a: shutdown LeaderElection
2019-06-15 08:26:51,797 INFO  impl.RaftServerImpl (RaftServerImpl.java:setRole(164)) - 8baf71c5-98df-46a3-bec1-533518be995a:group-F3B6366F64DB changes role from CANDIDATE to LEADER at term 1 for changeToLeader
2019-06-15 08:26:51,797 INFO  impl.RaftServerImpl (ServerState.java:setLeader(263)) - 8baf71c5-98df-46a3-bec1-533518be995a:group-F3B6366F64DB change Leader from null to 8baf71c5-98df-46a3-bec1-533518be995a at term 1 for becomeLeader, leader elected after 1125ms
2019-06-15 08:26:51,798 INFO  server.RaftServerConfigKeys (ConfUtils.java:logGet(43)) - raft.server.staging.catchup.gap = 1000 (default)
2019-06-15 08:26:51,798 INFO  server.RaftServerConfigKeys (ConfUtils.java:logGet(43)) - raft.server.rpc.sleep.time = 25ms (default)
2019-06-15 08:26:51,798 INFO  server.RaftServerConfigKeys (ConfUtils.java:logGet(43)) - raft.server.watch.timeout = 10s (default)
2019-06-15 08:26:51,798 INFO  server.RaftServerConfigKeys (ConfUtils.java:logGet(43)) - raft.server.watch.timeout.denomination = 1s (default)
2019-06-15 08:26:51,798 INFO  server.RaftServerConfigKeys (ConfUtils.java:logGet(43)) - raft.server.log.appender.snapshot.chunk.size.max = 16MB (=16777216) (default)
2019-06-15 08:26:51,798 INFO  server.RaftServerConfigKeys (ConfUtils.java:logGet(43)) - raft.server.log.appender.buffer.byte-limit = 33554432 (custom)
2019-06-15 08:26:51,798 INFO  server.RaftServerConfigKeys (ConfUtils.java:logGet(43)) - raft.server.log.appender.buffer.element-limit = 1 (custom)
2019-06-15 08:26:51,798 INFO  grpc.GrpcConfigKeys$Server (ConfUtils.java:logGet(43)) - raft.grpc.server.leader.outstanding.appends.max = 128 (default)
2019-06-15 08:26:51,798 INFO  server.RaftServerConfigKeys (ConfUtils.java:logGet(43)) - raft.server.rpc.request.timeout = 3000ms (default)
2019-06-15 08:26:51,798 INFO  server.RaftServerConfigKeys (ConfUtils.java:logGet(43)) - raft.server.log.appender.install.snapshot.enabled = true (default)
2019-06-15 08:26:51,798 INFO  server.RaftServerConfigKeys (ConfUtils.java:logGet(43)) - raft.server.log.appender.snapshot.chunk.size.max = 16MB (=16777216) (default)
2019-06-15 08:26:51,799 INFO  server.RaftServerConfigKeys (ConfUtils.java:logGet(43)) - raft.server.log.appender.buffer.byte-limit = 33554432 (custom)
2019-06-15 08:26:51,799 INFO  server.RaftServerConfigKeys (ConfUtils.java:logGet(43)) - raft.server.log.appender.buffer.element-limit = 1 (custom)
2019-06-15 08:26:51,799 INFO  grpc.GrpcConfigKeys$Server (ConfUtils.java:logGet(43)) - raft.grpc.server.leader.outstanding.appends.max = 128 (default)
2019-06-15 08:26:51,799 INFO  server.RaftServerConfigKeys (ConfUtils.java:logGet(43)) - raft.server.rpc.request.timeout = 3000ms (default)
2019-06-15 08:26:51,799 INFO  server.RaftServerConfigKeys (ConfUtils.java:logGet(43)) - raft.server.log.appender.install.snapshot.enabled = true (default)
2019-06-15 08:26:51,799 INFO  impl.RoleInfo (RoleInfo.java:updateAndGet(143)) - 8baf71c5-98df-46a3-bec1-533518be995a: start LeaderState
2019-06-15 08:26:51,799 INFO  storage.RaftLogWorker (RaftLogWorker.java:startLogSegment(298)) - 8baf71c5-98df-46a3-bec1-533518be995a-RaftLogWorker: Starting segment from index:0
2019-06-15 08:26:51,802 INFO  impl.RaftServerImpl (ServerState.java:setLeader(263)) - 407fd6ee-8148-49c5-8cae-78844c459de6:group-F3B6366F64DB change Leader from null to 8baf71c5-98df-46a3-bec1-533518be995a at term 1 for appendEntries, leader elected after 1122ms
2019-06-15 08:26:51,818 INFO  impl.RaftServerImpl (ServerState.java:setRaftConf(361)) - 8baf71c5-98df-46a3-bec1-533518be995a:group-F3B6366F64DB set configuration 0: [8baf71c5-98df-46a3-bec1-533518be995a:192.168.105.190:36543, 407fd6ee-8148-49c5-8cae-78844c459de6:192.168.105.190:46289, e939c624-a441-43db-ba41-384394c99663:192.168.105.190:45731], old=null at 0
2019-06-15 08:26:51,819 INFO  impl.RaftServerImpl (ServerState.java:setRaftConf(361)) - 407fd6ee-8148-49c5-8cae-78844c459de6:group-F3B6366F64DB set configuration 0: [8baf71c5-98df-46a3-bec1-533518be995a:192.168.105.190:36543, 407fd6ee-8148-49c5-8cae-78844c459de6:192.168.105.190:46289, e939c624-a441-43db-ba41-384394c99663:192.168.105.190:45731], old=null at 0
2019-06-15 08:26:51,819 INFO  storage.RaftLogWorker (RaftLogWorker.java:startLogSegment(298)) - 407fd6ee-8148-49c5-8cae-78844c459de6-RaftLogWorker: Starting segment from index:0
2019-06-15 08:26:51,820 INFO  impl.RaftServerImpl (ServerState.java:setLeader(263)) - e939c624-a441-43db-ba41-384394c99663:group-F3B6366F64DB change Leader from null to 8baf71c5-98df-46a3-bec1-533518be995a at term 1 for appendEntries, leader elected after 1149ms
2019-06-15 08:26:51,827 INFO  impl.RaftServerImpl (ServerState.java:setRaftConf(361)) - e939c624-a441-43db-ba41-384394c99663:group-F3B6366F64DB set configuration 0: [8baf71c5-98df-46a3-bec1-533518be995a:192.168.105.190:36543, 407fd6ee-8148-49c5-8cae-78844c459de6:192.168.105.190:46289, e939c624-a441-43db-ba41-384394c99663:192.168.105.190:45731], old=null at 0
2019-06-15 08:26:51,827 INFO  storage.RaftLogWorker (RaftLogWorker.java:startLogSegment(298)) - e939c624-a441-43db-ba41-384394c99663-RaftLogWorker: Starting segment from index:0
2019-06-15 08:26:51,838 INFO  storage.RaftLogWorker (RaftLogWorker.java:execute(469)) - 8baf71c5-98df-46a3-bec1-533518be995a-RaftLogWorker: created new log segment /opt/src/hadoop-ozone/integration-test/target/test-dir/MiniOzoneClusterImpl-8a9cd9b6-4273-4701-8b60-89cb67930d99/datanode-1/data/ratis/f9157c4b-a684-4e54-969c-f3b6366f64db/current/log_inprogress_0
2019-06-15 08:26:51,863 INFO  impl.FollowerState (FollowerState.java:run(101)) - e00a706f-c101-444f-9f76-ab80597b7058:group-AFFC8D6F01BC changes to CANDIDATE, lastRpcTime:1089, electionTimeout:1089ms
2019-06-15 08:26:51,863 INFO  impl.RoleInfo (RoleInfo.java:shutdownFollowerState(121)) - e00a706f-c101-444f-9f76-ab80597b7058: shutdown FollowerState
2019-06-15 08:26:51,863 INFO  impl.RaftServerImpl (RaftServerImpl.java:setRole(164)) - e00a706f-c101-444f-9f76-ab80597b7058:group-AFFC8D6F01BC changes role from FOLLOWER to CANDIDATE at term 0 for changeToCandidate
2019-06-15 08:26:51,863 INFO  impl.RoleInfo (RoleInfo.java:updateAndGet(143)) - e00a706f-c101-444f-9f76-ab80597b7058: start LeaderElection
2019-06-15 08:26:51,876 INFO  storage.RaftLogWorker (RaftLogWorker.java:execute(469)) - e939c624-a441-43db-ba41-384394c99663-RaftLogWorker: created new log segment /opt/src/hadoop-ozone/integration-test/target/test-dir/MiniOzoneClusterImpl-8a9cd9b6-4273-4701-8b60-89cb67930d99/datanode-2/data/ratis/f9157c4b-a684-4e54-969c-f3b6366f64db/current/log_inprogress_0
2019-06-15 08:26:51,876 INFO  impl.LeaderElection (LeaderElection.java:askForVotes(181)) - e00a706f-c101-444f-9f76-ab80597b7058:group-AFFC8D6F01BC:LeaderElection54: begin an election at term 1 for -1: [e00a706f-c101-444f-9f76-ab80597b7058:192.168.105.190:36695], old=null
2019-06-15 08:26:51,876 INFO  storage.RaftLogWorker (RaftLogWorker.java:execute(469)) - 407fd6ee-8148-49c5-8cae-78844c459de6-RaftLogWorker: created new log segment /opt/src/hadoop-ozone/integration-test/target/test-dir/MiniOzoneClusterImpl-8a9cd9b6-4273-4701-8b60-89cb67930d99/datanode-0/data/ratis/f9157c4b-a684-4e54-969c-f3b6366f64db/current/log_inprogress_0
2019-06-15 08:26:51,877 INFO  impl.RoleInfo (RoleInfo.java:shutdownLeaderElection(134)) - e00a706f-c101-444f-9f76-ab80597b7058: shutdown LeaderElection
2019-06-15 08:26:51,877 INFO  impl.RaftServerImpl (RaftServerImpl.java:setRole(164)) - e00a706f-c101-444f-9f76-ab80597b7058:group-AFFC8D6F01BC changes role from CANDIDATE to LEADER at term 1 for changeToLeader
2019-06-15 08:26:51,877 INFO  impl.RaftServerImpl (ServerState.java:setLeader(263)) - e00a706f-c101-444f-9f76-ab80597b7058:group-AFFC8D6F01BC change Leader from null to e00a706f-c101-444f-9f76-ab80597b7058 at term 1 for becomeLeader, leader elected after 1104ms
2019-06-15 08:26:51,877 INFO  server.RaftServerConfigKeys (ConfUtils.java:logGet(43)) - raft.server.staging.catchup.gap = 1000 (default)
2019-06-15 08:26:51,877 INFO  server.RaftServerConfigKeys (ConfUtils.java:logGet(43)) - raft.server.rpc.sleep.time = 25ms (default)
2019-06-15 08:26:51,877 INFO  server.RaftServerConfigKeys (ConfUtils.java:logGet(43)) - raft.server.watch.timeout = 10s (default)
2019-06-15 08:26:51,877 INFO  server.RaftServerConfigKeys (ConfUtils.java:logGet(43)) - raft.server.watch.timeout.denomination = 1s (default)
2019-06-15 08:26:51,877 INFO  impl.RoleInfo (RoleInfo.java:updateAndGet(143)) - e00a706f-c101-444f-9f76-ab80597b7058: start LeaderState
2019-06-15 08:26:51,877 INFO  storage.RaftLogWorker (RaftLogWorker.java:startLogSegment(298)) - e00a706f-c101-444f-9f76-ab80597b7058-RaftLogWorker: Starting segment from index:0
2019-06-15 08:26:51,878 INFO  impl.RaftServerImpl (ServerState.java:setRaftConf(361)) - e00a706f-c101-444f-9f76-ab80597b7058:group-AFFC8D6F01BC set configuration 0: [e00a706f-c101-444f-9f76-ab80597b7058:192.168.105.190:36695], old=null at 0
2019-06-15 08:26:51,911 INFO  impl.FollowerState (FollowerState.java:run(101)) - fa7fe605-74af-4db1-b2d9-3dae21fce408:group-B2DD59868B03 changes to CANDIDATE, lastRpcTime:1019, electionTimeout:1019ms
2019-06-15 08:26:51,911 INFO  impl.RoleInfo (RoleInfo.java:shutdownFollowerState(121)) - fa7fe605-74af-4db1-b2d9-3dae21fce408: shutdown FollowerState
2019-06-15 08:26:51,911 INFO  impl.RaftServerImpl (RaftServerImpl.java:setRole(164)) - fa7fe605-74af-4db1-b2d9-3dae21fce408:group-B2DD59868B03 changes role from FOLLOWER to CANDIDATE at term 0 for changeToCandidate
2019-06-15 08:26:51,911 INFO  impl.RoleInfo (RoleInfo.java:updateAndGet(143)) - fa7fe605-74af-4db1-b2d9-3dae21fce408: start LeaderElection
2019-06-15 08:26:51,913 INFO  storage.RaftLogWorker (RaftLogWorker.java:execute(469)) - e00a706f-c101-444f-9f76-ab80597b7058-RaftLogWorker: created new log segment /opt/src/hadoop-ozone/integration-test/target/test-dir/MiniOzoneClusterImpl-8a9cd9b6-4273-4701-8b60-89cb67930d99/datanode-3/data/ratis/f912db36-1208-4e89-9b58-affc8d6f01bc/current/log_inprogress_0
2019-06-15 08:26:51,914 INFO  impl.LeaderElection (LeaderElection.java:askForVotes(181)) - fa7fe605-74af-4db1-b2d9-3dae21fce408:group-B2DD59868B03:LeaderElection55: begin an election at term 1 for -1: [fa7fe605-74af-4db1-b2d9-3dae21fce408:192.168.105.190:40855], old=null
2019-06-15 08:26:51,914 INFO  impl.RoleInfo (RoleInfo.java:shutdownLeaderElection(134)) - fa7fe605-74af-4db1-b2d9-3dae21fce408: shutdown LeaderElection
2019-06-15 08:26:51,914 INFO  impl.RaftServerImpl (RaftServerImpl.java:setRole(164)) - fa7fe605-74af-4db1-b2d9-3dae21fce408:group-B2DD59868B03 changes role from CANDIDATE to LEADER at term 1 for changeToLeader
2019-06-15 08:26:51,914 INFO  impl.RaftServerImpl (ServerState.java:setLeader(263)) - fa7fe605-74af-4db1-b2d9-3dae21fce408:group-B2DD59868B03 change Leader from null to fa7fe605-74af-4db1-b2d9-3dae21fce408 at term 1 for becomeLeader, leader elected after 1023ms
2019-06-15 08:26:51,914 INFO  server.RaftServerConfigKeys (ConfUtils.java:logGet(43)) - raft.server.staging.catchup.gap = 1000 (default)
2019-06-15 08:26:51,914 INFO  server.RaftServerConfigKeys (ConfUtils.java:logGet(43)) - raft.server.rpc.sleep.time = 25ms (default)
2019-06-15 08:26:51,914 INFO  server.RaftServerConfigKeys (ConfUtils.java:logGet(43)) - raft.server.watch.timeout = 10s (default)
2019-06-15 08:26:51,914 INFO  server.RaftServerConfigKeys (ConfUtils.java:logGet(43)) - raft.server.watch.timeout.denomination = 1s (default)
2019-06-15 08:26:51,914 INFO  impl.RoleInfo (RoleInfo.java:updateAndGet(143)) - fa7fe605-74af-4db1-b2d9-3dae21fce408: start LeaderState
2019-06-15 08:26:51,914 INFO  storage.RaftLogWorker (RaftLogWorker.java:startLogSegment(298)) - fa7fe605-74af-4db1-b2d9-3dae21fce408-RaftLogWorker: Starting segment from index:0
2019-06-15 08:26:51,915 INFO  impl.RaftServerImpl (ServerState.java:setRaftConf(361)) - fa7fe605-74af-4db1-b2d9-3dae21fce408:group-B2DD59868B03 set configuration 0: [fa7fe605-74af-4db1-b2d9-3dae21fce408:192.168.105.190:40855], old=null at 0
2019-06-15 08:26:51,951 INFO  storage.RaftLogWorker (RaftLogWorker.java:execute(469)) - fa7fe605-74af-4db1-b2d9-3dae21fce408-RaftLogWorker: created new log segment /opt/src/hadoop-ozone/integration-test/target/test-dir/MiniOzoneClusterImpl-8a9cd9b6-4273-4701-8b60-89cb67930d99/datanode-4/data/ratis/688f458c-0272-4c36-aace-b2dd59868b03/current/log_inprogress_0
2019-06-15 08:26:52,042 INFO  impl.FollowerState (FollowerState.java:run(101)) - e00a706f-c101-444f-9f76-ab80597b7058:group-6FA952E3DE80 changes to CANDIDATE, lastRpcTime:1008, electionTimeout:1008ms
2019-06-15 08:26:52,043 INFO  impl.RoleInfo (RoleInfo.java:shutdownFollowerState(121)) - e00a706f-c101-444f-9f76-ab80597b7058: shutdown FollowerState
2019-06-15 08:26:52,043 INFO  impl.RaftServerImpl (RaftServerImpl.java:setRole(164)) - e00a706f-c101-444f-9f76-ab80597b7058:group-6FA952E3DE80 changes role from FOLLOWER to CANDIDATE at term 0 for changeToCandidate
2019-06-15 08:26:52,043 INFO  impl.RoleInfo (RoleInfo.java:updateAndGet(143)) - e00a706f-c101-444f-9f76-ab80597b7058: start LeaderElection
2019-06-15 08:26:52,045 INFO  impl.LeaderElection (LeaderElection.java:askForVotes(181)) - e00a706f-c101-444f-9f76-ab80597b7058:group-6FA952E3DE80:LeaderElection56: begin an election at term 1 for -1: [e00a706f-c101-444f-9f76-ab80597b7058:192.168.105.190:36695, fa7fe605-74af-4db1-b2d9-3dae21fce408:192.168.105.190:40855, 7c083bf8-2fac-4ac5-b98e-77c986bf8112:192.168.105.190:39427], old=null
2019-06-15 08:26:52,050 INFO  impl.RaftServerImpl (RaftServerImpl.java:setRole(164)) - 7c083bf8-2fac-4ac5-b98e-77c986bf8112:group-6FA952E3DE80 changes role from FOLLOWER to FOLLOWER at term 1 for recognizeCandidate:e00a706f-c101-444f-9f76-ab80597b7058
2019-06-15 08:26:52,050 INFO  impl.RoleInfo (RoleInfo.java:shutdownFollowerState(121)) - 7c083bf8-2fac-4ac5-b98e-77c986bf8112: shutdown FollowerState
2019-06-15 08:26:52,050 INFO  impl.RoleInfo (RoleInfo.java:updateAndGet(143)) - 7c083bf8-2fac-4ac5-b98e-77c986bf8112: start FollowerState
2019-06-15 08:26:52,050 INFO  impl.FollowerState (FollowerState.java:run(109)) - 7c083bf8-2fac-4ac5-b98e-77c986bf8112: FollowerState was interrupted: java.lang.InterruptedException: sleep interrupted
2019-06-15 08:26:52,051 INFO  impl.RaftServerImpl (RaftServerImpl.java:setRole(164)) - fa7fe605-74af-4db1-b2d9-3dae21fce408:group-6FA952E3DE80 changes role from FOLLOWER to FOLLOWER at term 1 for recognizeCandidate:e00a706f-c101-444f-9f76-ab80597b7058
2019-06-15 08:26:52,051 INFO  impl.RoleInfo (RoleInfo.java:shutdownFollowerState(121)) - fa7fe605-74af-4db1-b2d9-3dae21fce408: shutdown FollowerState
2019-06-15 08:26:52,051 INFO  impl.RoleInfo (RoleInfo.java:updateAndGet(143)) - fa7fe605-74af-4db1-b2d9-3dae21fce408: start FollowerState
2019-06-15 08:26:52,051 INFO  impl.FollowerState (FollowerState.java:run(109)) - fa7fe605-74af-4db1-b2d9-3dae21fce408: FollowerState was interrupted: java.lang.InterruptedException: sleep interrupted
2019-06-15 08:26:52,053 INFO  impl.LeaderElection (LeaderElection.java:logAndReturn(56)) - e00a706f-c101-444f-9f76-ab80597b7058:group-6FA952E3DE80:LeaderElection56: Election PASSED; received 1 response(s) [e00a706f-c101-444f-9f76-ab80597b7058->7c083bf8-2fac-4ac5-b98e-77c986bf8112,true-t1] and 0 exception(s); e00a706f-c101-444f-9f76-ab80597b7058:t1, leader=null, voted=e00a706f-c101-444f-9f76-ab80597b7058, raftlog=e00a706f-c101-444f-9f76-ab80597b7058-SegmentedRaftLog:OPENED:c-1,f-1,i0, conf=-1: [e00a706f-c101-444f-9f76-ab80597b7058:192.168.105.190:36695, fa7fe605-74af-4db1-b2d9-3dae21fce408:192.168.105.190:40855, 7c083bf8-2fac-4ac5-b98e-77c986bf8112:192.168.105.190:39427], old=null
2019-06-15 08:26:52,053 INFO  impl.RoleInfo (RoleInfo.java:shutdownLeaderElection(134)) - e00a706f-c101-444f-9f76-ab80597b7058: shutdown LeaderElection
2019-06-15 08:26:52,053 INFO  impl.RaftServerImpl (RaftServerImpl.java:setRole(164)) - e00a706f-c101-444f-9f76-ab80597b7058:group-6FA952E3DE80 changes role from CANDIDATE to LEADER at term 1 for changeToLeader
2019-06-15 08:26:52,053 INFO  impl.RaftServerImpl (ServerState.java:setLeader(263)) - e00a706f-c101-444f-9f76-ab80597b7058:group-6FA952E3DE80 change Leader from null to e00a706f-c101-444f-9f76-ab80597b7058 at term 1 for becomeLeader, leader elected after 1021ms
2019-06-15 08:26:52,053 INFO  server.RaftServerConfigKeys (ConfUtils.java:logGet(43)) - raft.server.staging.catchup.gap = 1000 (default)
2019-06-15 08:26:52,053 INFO  server.RaftServerConfigKeys (ConfUtils.java:logGet(43)) - raft.server.rpc.sleep.time = 25ms (default)
2019-06-15 08:26:52,053 INFO  server.RaftServerConfigKeys (ConfUtils.java:logGet(43)) - raft.server.watch.timeout = 10s (default)
2019-06-15 08:26:52,053 INFO  server.RaftServerConfigKeys (ConfUtils.java:logGet(43)) - raft.server.watch.timeout.denomination = 1s (default)
2019-06-15 08:26:52,054 INFO  server.RaftServerConfigKeys (ConfUtils.java:logGet(43)) - raft.server.log.appender.snapshot.chunk.size.max = 16MB (=16777216) (default)
2019-06-15 08:26:52,054 INFO  server.RaftServerConfigKeys (ConfUtils.java:logGet(43)) - raft.server.log.appender.buffer.byte-limit = 33554432 (custom)
2019-06-15 08:26:52,054 INFO  server.RaftServerConfigKeys (ConfUtils.java:logGet(43)) - raft.server.log.appender.buffer.element-limit = 1 (custom)
2019-06-15 08:26:52,054 INFO  grpc.GrpcConfigKeys$Server (ConfUtils.java:logGet(43)) - raft.grpc.server.leader.outstanding.appends.max = 128 (default)
2019-06-15 08:26:52,054 INFO  server.RaftServerConfigKeys (ConfUtils.java:logGet(43)) - raft.server.rpc.request.timeout = 3000ms (default)
2019-06-15 08:26:52,054 INFO  server.RaftServerConfigKeys (ConfUtils.java:logGet(43)) - raft.server.log.appender.install.snapshot.enabled = true (default)
2019-06-15 08:26:52,054 INFO  server.RaftServerConfigKeys (ConfUtils.java:logGet(43)) - raft.server.log.appender.snapshot.chunk.size.max = 16MB (=16777216) (default)
2019-06-15 08:26:52,054 INFO  server.RaftServerConfigKeys (ConfUtils.java:logGet(43)) - raft.server.log.appender.buffer.byte-limit = 33554432 (custom)
2019-06-15 08:26:52,055 INFO  server.RaftServerConfigKeys (ConfUtils.java:logGet(43)) - raft.server.log.appender.buffer.element-limit = 1 (custom)
2019-06-15 08:26:52,055 INFO  grpc.GrpcConfigKeys$Server (ConfUtils.java:logGet(43)) - raft.grpc.server.leader.outstanding.appends.max = 128 (default)
2019-06-15 08:26:52,055 INFO  server.RaftServerConfigKeys (ConfUtils.java:logGet(43)) - raft.server.rpc.request.timeout = 3000ms (default)
2019-06-15 08:26:52,055 INFO  server.RaftServerConfigKeys (ConfUtils.java:logGet(43)) - raft.server.log.appender.install.snapshot.enabled = true (default)
2019-06-15 08:26:52,055 INFO  impl.RoleInfo (RoleInfo.java:updateAndGet(143)) - e00a706f-c101-444f-9f76-ab80597b7058: start LeaderState
2019-06-15 08:26:52,055 INFO  storage.RaftLogWorker (RaftLogWorker.java:startLogSegment(298)) - e00a706f-c101-444f-9f76-ab80597b7058-RaftLogWorker: Starting segment from index:0
2019-06-15 08:26:52,060 INFO  impl.RaftServerImpl (ServerState.java:setRaftConf(361)) - e00a706f-c101-444f-9f76-ab80597b7058:group-6FA952E3DE80 set configuration 0: [e00a706f-c101-444f-9f76-ab80597b7058:192.168.105.190:36695, fa7fe605-74af-4db1-b2d9-3dae21fce408:192.168.105.190:40855, 7c083bf8-2fac-4ac5-b98e-77c986bf8112:192.168.105.190:39427], old=null at 0
2019-06-15 08:26:52,060 INFO  impl.RaftServerImpl (ServerState.java:setLeader(263)) - fa7fe605-74af-4db1-b2d9-3dae21fce408:group-6FA952E3DE80 change Leader from null to e00a706f-c101-444f-9f76-ab80597b7058 at term 1 for appendEntries, leader elected after 1030ms
2019-06-15 08:26:52,061 INFO  impl.RaftServerImpl (ServerState.java:setLeader(263)) - 7c083bf8-2fac-4ac5-b98e-77c986bf8112:group-6FA952E3DE80 change Leader from null to e00a706f-c101-444f-9f76-ab80597b7058 at term 1 for appendEntries, leader elected after 1031ms
2019-06-15 08:26:52,098 INFO  impl.FollowerState (FollowerState.java:run(101)) - 7c083bf8-2fac-4ac5-b98e-77c986bf8112:group-8DF8C5FCBC86 changes to CANDIDATE, lastRpcTime:1087, electionTimeout:1085ms
2019-06-15 08:26:52,098 INFO  impl.RaftServerImpl (ServerState.java:setRaftConf(361)) - fa7fe605-74af-4db1-b2d9-3dae21fce408:group-6FA952E3DE80 set configuration 0: [e00a706f-c101-444f-9f76-ab80597b7058:192.168.105.190:36695, fa7fe605-74af-4db1-b2d9-3dae21fce408:192.168.105.190:40855, 7c083bf8-2fac-4ac5-b98e-77c986bf8112:192.168.105.190:39427], old=null at 0
2019-06-15 08:26:52,098 INFO  impl.RoleInfo (RoleInfo.java:shutdownFollowerState(121)) - 7c083bf8-2fac-4ac5-b98e-77c986bf8112: shutdown FollowerState
2019-06-15 08:26:52,098 INFO  impl.RaftServerImpl (RaftServerImpl.java:setRole(164)) - 7c083bf8-2fac-4ac5-b98e-77c986bf8112:group-8DF8C5FCBC86 changes role from FOLLOWER to CANDIDATE at term 0 for changeToCandidate
2019-06-15 08:26:52,098 INFO  storage.RaftLogWorker (RaftLogWorker.java:startLogSegment(298)) - fa7fe605-74af-4db1-b2d9-3dae21fce408-RaftLogWorker: Starting segment from index:0
2019-06-15 08:26:52,098 INFO  impl.RoleInfo (RoleInfo.java:updateAndGet(143)) - 7c083bf8-2fac-4ac5-b98e-77c986bf8112: start LeaderElection
2019-06-15 08:26:52,100 INFO  storage.RaftLogWorker (RaftLogWorker.java:execute(469)) - e00a706f-c101-444f-9f76-ab80597b7058-RaftLogWorker: created new log segment /opt/src/hadoop-ozone/integration-test/target/test-dir/MiniOzoneClusterImpl-8a9cd9b6-4273-4701-8b60-89cb67930d99/datanode-3/data/ratis/7963e35e-abb0-4d37-b843-6fa952e3de80/current/log_inprogress_0
2019-06-15 08:26:52,101 INFO  impl.LeaderElection (LeaderElection.java:askForVotes(181)) - 7c083bf8-2fac-4ac5-b98e-77c986bf8112:group-8DF8C5FCBC86:LeaderElection57: begin an election at term 1 for -1: [7c083bf8-2fac-4ac5-b98e-77c986bf8112:192.168.105.190:39427], old=null
2019-06-15 08:26:52,101 INFO  impl.RoleInfo (RoleInfo.java:shutdownLeaderElection(134)) - 7c083bf8-2fac-4ac5-b98e-77c986bf8112: shutdown LeaderElection
2019-06-15 08:26:52,101 INFO  impl.RaftServerImpl (RaftServerImpl.java:setRole(164)) - 7c083bf8-2fac-4ac5-b98e-77c986bf8112:group-8DF8C5FCBC86 changes role from CANDIDATE to LEADER at term 1 for changeToLeader
2019-06-15 08:26:52,102 INFO  impl.RaftServerImpl (ServerState.java:setLeader(263)) - 7c083bf8-2fac-4ac5-b98e-77c986bf8112:group-8DF8C5FCBC86 change Leader from null to 7c083bf8-2fac-4ac5-b98e-77c986bf8112 at term 1 for becomeLeader, leader elected after 1092ms
2019-06-15 08:26:52,102 INFO  server.RaftServerConfigKeys (ConfUtils.java:logGet(43)) - raft.server.staging.catchup.gap = 1000 (default)
2019-06-15 08:26:52,102 INFO  server.RaftServerConfigKeys (ConfUtils.java:logGet(43)) - raft.server.rpc.sleep.time = 25ms (default)
2019-06-15 08:26:52,102 INFO  server.RaftServerConfigKeys (ConfUtils.java:logGet(43)) - raft.server.watch.timeout = 10s (default)
2019-06-15 08:26:52,102 INFO  server.RaftServerConfigKeys (ConfUtils.java:logGet(43)) - raft.server.watch.timeout.denomination = 1s (default)
2019-06-15 08:26:52,102 INFO  impl.RoleInfo (RoleInfo.java:updateAndGet(143)) - 7c083bf8-2fac-4ac5-b98e-77c986bf8112: start LeaderState
2019-06-15 08:26:52,102 INFO  storage.RaftLogWorker (RaftLogWorker.java:startLogSegment(298)) - 7c083bf8-2fac-4ac5-b98e-77c986bf8112-RaftLogWorker: Starting segment from index:0
2019-06-15 08:26:52,103 INFO  impl.RaftServerImpl (ServerState.java:setRaftConf(361)) - 7c083bf8-2fac-4ac5-b98e-77c986bf8112:group-8DF8C5FCBC86 set configuration 0: [7c083bf8-2fac-4ac5-b98e-77c986bf8112:192.168.105.190:39427], old=null at 0
2019-06-15 08:26:52,122 INFO  impl.RaftServerImpl (ServerState.java:setRaftConf(361)) - 7c083bf8-2fac-4ac5-b98e-77c986bf8112:group-6FA952E3DE80 set configuration 0: [e00a706f-c101-444f-9f76-ab80597b7058:192.168.105.190:36695, fa7fe605-74af-4db1-b2d9-3dae21fce408:192.168.105.190:40855, 7c083bf8-2fac-4ac5-b98e-77c986bf8112:192.168.105.190:39427], old=null at 0
2019-06-15 08:26:52,122 INFO  storage.RaftLogWorker (RaftLogWorker.java:startLogSegment(298)) - 7c083bf8-2fac-4ac5-b98e-77c986bf8112-RaftLogWorker: Starting segment from index:0
2019-06-15 08:26:52,142 INFO  storage.RaftLogWorker (RaftLogWorker.java:execute(469)) - fa7fe605-74af-4db1-b2d9-3dae21fce408-RaftLogWorker: created new log segment /opt/src/hadoop-ozone/integration-test/target/test-dir/MiniOzoneClusterImpl-8a9cd9b6-4273-4701-8b60-89cb67930d99/datanode-4/data/ratis/7963e35e-abb0-4d37-b843-6fa952e3de80/current/log_inprogress_0
2019-06-15 08:26:52,146 INFO  storage.RaftLogWorker (RaftLogWorker.java:execute(469)) - 7c083bf8-2fac-4ac5-b98e-77c986bf8112-RaftLogWorker: created new log segment /opt/src/hadoop-ozone/integration-test/target/test-dir/MiniOzoneClusterImpl-8a9cd9b6-4273-4701-8b60-89cb67930d99/datanode-5/data/ratis/52f76549-492e-404a-999f-8df8c5fcbc86/current/log_inprogress_0
2019-06-15 08:26:52,162 INFO  storage.RaftLogWorker (RaftLogWorker.java:execute(469)) - 7c083bf8-2fac-4ac5-b98e-77c986bf8112-RaftLogWorker: created new log segment /opt/src/hadoop-ozone/integration-test/target/test-dir/MiniOzoneClusterImpl-8a9cd9b6-4273-4701-8b60-89cb67930d99/datanode-5/data/ratis/7963e35e-abb0-4d37-b843-6fa952e3de80/current/log_inprogress_0
2019-06-15 08:26:52,210 INFO  client.GrpcClientProtocolClient (GrpcClientProtocolClient.java:onNext(254)) - client-8B1B6C708D51->e939c624-a441-43db-ba41-384394c99663: receive RaftClientReply:client-8B1B6C708D51->e939c624-a441-43db-ba41-384394c99663@group-F3B6366F64DB, cid=102, FAILED org.apache.ratis.protocol.NotLeaderException: Server e939c624-a441-43db-ba41-384394c99663 is not the leader (8baf71c5-98df-46a3-bec1-533518be995a:192.168.105.190:36543). Request must be sent to leader., logIndex=0, commits[e939c624-a441-43db-ba41-384394c99663:c-1, 8baf71c5-98df-46a3-bec1-533518be995a:c-1, 407fd6ee-8148-49c5-8cae-78844c459de6:c-1]
2019-06-15 08:26:52,213 WARN  client.GrpcClientProtocolService (LogUtils.java:warn(134)) - 0-OrderedRequestStreamObserver0: onError: org.apache.ratis.thirdparty.io.grpc.StatusRuntimeException: CANCELLED: cancelled before receiving half close
2019-06-15 08:26:52,308 INFO  impl.FollowerState (FollowerState.java:run(101)) - 9363af17-72ca-425b-a533-832a401773b1:group-4A4A4002B08D changes to CANDIDATE, lastRpcTime:1135, electionTimeout:1127ms
2019-06-15 08:26:52,310 INFO  impl.RoleInfo (RoleInfo.java:shutdownFollowerState(121)) - 9363af17-72ca-425b-a533-832a401773b1: shutdown FollowerState
2019-06-15 08:26:52,310 INFO  impl.RaftServerImpl (RaftServerImpl.java:setRole(164)) - 9363af17-72ca-425b-a533-832a401773b1:group-4A4A4002B08D changes role from FOLLOWER to CANDIDATE at term 0 for changeToCandidate
2019-06-15 08:26:52,310 INFO  impl.RoleInfo (RoleInfo.java:updateAndGet(143)) - 9363af17-72ca-425b-a533-832a401773b1: start LeaderElection
2019-06-15 08:26:52,312 INFO  impl.LeaderElection (LeaderElection.java:askForVotes(181)) - 9363af17-72ca-425b-a533-832a401773b1:group-4A4A4002B08D:LeaderElection58: begin an election at term 1 for -1: [9363af17-72ca-425b-a533-832a401773b1:192.168.105.190:39389], old=null
2019-06-15 08:26:52,312 INFO  impl.RoleInfo (RoleInfo.java:shutdownLeaderElection(134)) - 9363af17-72ca-425b-a533-832a401773b1: shutdown LeaderElection
2019-06-15 08:26:52,312 INFO  impl.RaftServerImpl (RaftServerImpl.java:setRole(164)) - 9363af17-72ca-425b-a533-832a401773b1:group-4A4A4002B08D changes role from CANDIDATE to LEADER at term 1 for changeToLeader
2019-06-15 08:26:52,312 INFO  impl.RaftServerImpl (ServerState.java:setLeader(263)) - 9363af17-72ca-425b-a533-832a401773b1:group-4A4A4002B08D change Leader from null to 9363af17-72ca-425b-a533-832a401773b1 at term 1 for becomeLeader, leader elected after 1141ms
2019-06-15 08:26:52,312 INFO  server.RaftServerConfigKeys (ConfUtils.java:logGet(43)) - raft.server.staging.catchup.gap = 1000 (default)
2019-06-15 08:26:52,312 INFO  server.RaftServerConfigKeys (ConfUtils.java:logGet(43)) - raft.server.rpc.sleep.time = 25ms (default)
2019-06-15 08:26:52,312 INFO  server.RaftServerConfigKeys (ConfUtils.java:logGet(43)) - raft.server.watch.timeout = 10s (default)
2019-06-15 08:26:52,312 INFO  server.RaftServerConfigKeys (ConfUtils.java:logGet(43)) - raft.server.watch.timeout.denomination = 1s (default)
2019-06-15 08:26:52,312 INFO  impl.RoleInfo (RoleInfo.java:updateAndGet(143)) - 9363af17-72ca-425b-a533-832a401773b1: start LeaderState
2019-06-15 08:26:52,313 INFO  storage.RaftLogWorker (RaftLogWorker.java:startLogSegment(298)) - 9363af17-72ca-425b-a533-832a401773b1-RaftLogWorker: Starting segment from index:0
2019-06-15 08:26:52,313 INFO  impl.RaftServerImpl (ServerState.java:setRaftConf(361)) - 9363af17-72ca-425b-a533-832a401773b1:group-4A4A4002B08D set configuration 0: [9363af17-72ca-425b-a533-832a401773b1:192.168.105.190:39389], old=null at 0
2019-06-15 08:26:52,348 INFO  storage.RaftLogWorker (RaftLogWorker.java:execute(469)) - 9363af17-72ca-425b-a533-832a401773b1-RaftLogWorker: created new log segment /opt/src/hadoop-ozone/integration-test/target/test-dir/MiniOzoneClusterImpl-8a9cd9b6-4273-4701-8b60-89cb67930d99/datanode-6/data/ratis/d8ccc8a7-2af6-4dbc-87f5-4a4a4002b08d/current/log_inprogress_0
2019-06-15 08:26:53,244 INFO  client.GrpcClientProtocolClient (GrpcClientProtocolClient.java:onNext(254)) - client-8B1B6C708D51->8baf71c5-98df-46a3-bec1-533518be995a: receive RaftClientReply:client-8B1B6C708D51->8baf71c5-98df-46a3-bec1-533518be995a@group-F3B6366F64DB, cid=102, SUCCESS, logIndex=1, commits[8baf71c5-98df-46a3-bec1-533518be995a:c2, 407fd6ee-8148-49c5-8cae-78844c459de6:c1, e939c624-a441-43db-ba41-384394c99663:c1]
2019-06-15 08:26:53,244 INFO  datanode.ObjectStoreHandler (ObjectStoreHandler.java:close(155)) - Closing ObjectStoreHandler.
2019-06-15 08:26:53,244 INFO  ozone.HddsDatanodeService (HddsDatanodeService.java:stop(452)) - Stopped plug-in org.apache.hadoop.ozone.web.OzoneHddsDatanodeService@3b44ed3c
2019-06-15 08:26:53,245 INFO  statemachine.DatanodeStateMachine (DatanodeStateMachine.java:lambda$startDaemon$0(350)) - Ozone container server started.
2019-06-15 08:26:53,245 INFO  ozoneimpl.OzoneContainer (OzoneContainer.java:stop(199)) - Attempting to stop container services.
2019-06-15 08:26:53,245 INFO  impl.RaftServerProxy (RaftServerProxy.java:lambda$close$4(314)) - 407fd6ee-8148-49c5-8cae-78844c459de6: close
2019-06-15 08:26:53,246 INFO  impl.RaftServerImpl (RaftServerImpl.java:lambda$shutdown$3(238)) - 407fd6ee-8148-49c5-8cae-78844c459de6: shutdown group-F3B6366F64DB
2019-06-15 08:26:53,246 INFO  util.JmxRegister (JmxRegister.java:unregister(73)) - Successfully un-registered JMX Bean with object name Ratis:service=RaftServer,group=group-F3B6366F64DB,id=407fd6ee-8148-49c5-8cae-78844c459de6
2019-06-15 08:26:53,246 INFO  impl.RoleInfo (RoleInfo.java:shutdownFollowerState(121)) - 407fd6ee-8148-49c5-8cae-78844c459de6: shutdown FollowerState
2019-06-15 08:26:53,246 INFO  impl.StateMachineUpdater (StateMachineUpdater.java:stopAndJoin(109)) - StateMachineUpdater-407fd6ee-8148-49c5-8cae-78844c459de6-group-F3B6366F64DB: set stopIndex = 1
2019-06-15 08:26:53,246 INFO  impl.FollowerState (FollowerState.java:run(109)) - 407fd6ee-8148-49c5-8cae-78844c459de6: FollowerState was interrupted: java.lang.InterruptedException: sleep interrupted
2019-06-15 08:26:53,246 INFO  ratis.ContainerStateMachine (ContainerStateMachine.java:takeSnapshot(245)) - Taking snapshot at termIndex:(t:1, i:1)
2019-06-15 08:26:53,247 INFO  ratis.ContainerStateMachine (ContainerStateMachine.java:takeSnapshot(249)) - Taking a snapshot to file /opt/src/hadoop-ozone/integration-test/target/test-dir/MiniOzoneClusterImpl-8a9cd9b6-4273-4701-8b60-89cb67930d99/datanode-0/data/ratis/f9157c4b-a684-4e54-969c-f3b6366f64db/sm/snapshot.1_1
2019-06-15 08:26:53,247 INFO  impl.RaftServerImpl (ServerState.java:close(394)) - 407fd6ee-8148-49c5-8cae-78844c459de6:group-F3B6366F64DB closes. The last applied log index is 1
2019-06-15 08:26:53,247 INFO  storage.RaftLogWorker (RaftLogWorker.java:run(236)) - 407fd6ee-8148-49c5-8cae-78844c459de6-RaftLogWorker was interrupted, exiting. There are 0 tasks remaining in the queue.
2019-06-15 08:26:53,249 INFO  storage.RaftLogWorker (RaftLogWorker.java:close(168)) - 407fd6ee-8148-49c5-8cae-78844c459de6-RaftLogWorker close()
2019-06-15 08:26:53,251 INFO  impl.RaftServerImpl (RaftServerImpl.java:lambda$shutdown$3(238)) - 407fd6ee-8148-49c5-8cae-78844c459de6: shutdown group-99B9BDBAF0E1
2019-06-15 08:26:53,251 INFO  util.JmxRegister (JmxRegister.java:unregister(73)) - Successfully un-registered JMX Bean with object name Ratis:service=RaftServer,group=group-99B9BDBAF0E1,id=407fd6ee-8148-49c5-8cae-78844c459de6
2019-06-15 08:26:53,251 INFO  impl.RoleInfo (RoleInfo.java:shutdownLeaderState(104)) - 407fd6ee-8148-49c5-8cae-78844c459de6: shutdown LeaderState
2019-06-15 08:26:53,251 INFO  impl.PendingRequests (PendingRequests.java:sendNotLeaderResponses(140)) - 407fd6ee-8148-49c5-8cae-78844c459de6-PendingRequests: sendNotLeaderResponses
2019-06-15 08:26:53,254 INFO  impl.StateMachineUpdater (StateMachineUpdater.java:stopAndJoin(109)) - StateMachineUpdater-407fd6ee-8148-49c5-8cae-78844c459de6-group-99B9BDBAF0E1: set stopIndex = 0
2019-06-15 08:26:53,254 INFO  ratis.ContainerStateMachine (ContainerStateMachine.java:takeSnapshot(245)) - Taking snapshot at termIndex:(t:0, i:~)
2019-06-15 08:26:53,255 INFO  impl.RaftServerImpl (ServerState.java:close(394)) - 407fd6ee-8148-49c5-8cae-78844c459de6:group-99B9BDBAF0E1 closes. The last applied log index is 0
2019-06-15 08:26:53,255 INFO  storage.RaftLogWorker (RaftLogWorker.java:run(236)) - 407fd6ee-8148-49c5-8cae-78844c459de6-RaftLogWorker was interrupted, exiting. There are 0 tasks remaining in the queue.
2019-06-15 08:26:53,256 INFO  storage.RaftLogWorker (RaftLogWorker.java:close(168)) - 407fd6ee-8148-49c5-8cae-78844c459de6-RaftLogWorker close()
2019-06-15 08:26:53,258 INFO  server.GrpcService (GrpcService.java:closeImpl(154)) - 407fd6ee-8148-49c5-8cae-78844c459de6: shutdown server with port 46289 now
2019-06-15 08:26:53,258 WARN  server.GrpcServerProtocolService (LogUtils.java:warn(134)) - 407fd6ee-8148-49c5-8cae-78844c459de6: appendEntries onError: org.apache.ratis.thirdparty.io.grpc.StatusRuntimeException: CANCELLED: cancelled before receiving half close
2019-06-15 08:26:53,258 INFO  server.GrpcService (GrpcService.java:closeImpl(162)) - 407fd6ee-8148-49c5-8cae-78844c459de6: shutdown server with port 46289 successfully
2019-06-15 08:26:53,259 WARN  server.GrpcLogAppender (LogUtils.java:warn(134)) - 8baf71c5-98df-46a3-bec1-533518be995a: Failed appendEntries to 407fd6ee-8148-49c5-8cae-78844c459de6:192.168.105.190:46289: org.apache.ratis.thirdparty.io.grpc.StatusRuntimeException: CANCELLED: HTTP/2 error code: CANCEL
Received Rst Stream
2019-06-15 08:26:53,259 INFO  impl.FollowerInfo (FollowerInfo.java:lambda$new$0(50)) - 8baf71c5-98df-46a3-bec1-533518be995a->407fd6ee-8148-49c5-8cae-78844c459de6: nextIndex: updateUnconditionally 3 -> 0
2019-06-15 08:26:53,260 WARN  fs.CachingGetSpaceUsed (CachingGetSpaceUsed.java:run(183)) - Thread Interrupted waiting to refresh disk information: sleep interrupted
2019-06-15 08:26:53,270 INFO  statemachine.DatanodeStateMachine (DatanodeStateMachine.java:stopDaemon(395)) - Ozone container server stopped.
2019-06-15 08:26:53,271 INFO  handler.ContextHandler (ContextHandler.java:doStop(910)) - Stopped o.e.j.w.WebAppContext@4fbed6fc{/,null,UNAVAILABLE}{/hddsDatanode}
2019-06-15 08:26:53,271 INFO  server.AbstractConnector (AbstractConnector.java:doStop(318)) - Stopped ServerConnector@1b1d93e9{HTTP/1.1,[http/1.1]}{0.0.0.0:0}
2019-06-15 08:26:53,271 INFO  handler.ContextHandler (ContextHandler.java:doStop(910)) - Stopped o.e.j.s.ServletContextHandler@4b8c9729{/static,jar:file:/home/user/.m2/repository/org/apache/hadoop/hadoop-hdds-container-service/0.5.0-SNAPSHOT/hadoop-hdds-container-service-0.5.0-SNAPSHOT.jar!/webapps/static,UNAVAILABLE}
2019-06-15 08:26:53,272 INFO  handler.ContextHandler (ContextHandler.java:doStop(910)) - Stopped o.e.j.s.ServletContextHandler@47a90d2a{/logs,file:///opt/src/hadoop-ozone/integration-test/target/log,UNAVAILABLE}
2019-06-15 08:26:53,277 WARN  server.GrpcLogAppender (LogUtils.java:warn(134)) - 8baf71c5-98df-46a3-bec1-533518be995a: Failed appendEntries to 407fd6ee-8148-49c5-8cae-78844c459de6:192.168.105.190:46289: org.apache.ratis.thirdparty.io.grpc.StatusRuntimeException: UNAVAILABLE: io exception
2019-06-15 08:26:53,277 INFO  impl.FollowerInfo (FollowerInfo.java:lambda$new$0(50)) - 8baf71c5-98df-46a3-bec1-533518be995a->407fd6ee-8148-49c5-8cae-78844c459de6: nextIndex: updateUnconditionally 1 -> 0
2019-06-15 08:26:53,280 WARN  server.GrpcLogAppender (LogUtils.java:warn(134)) - 8baf71c5-98df-46a3-bec1-533518be995a: Failed appendEntries to 407fd6ee-8148-49c5-8cae-78844c459de6:192.168.105.190:46289: org.apache.ratis.thirdparty.io.grpc.StatusRuntimeException: UNAVAILABLE: io exception
2019-06-15 08:26:53,280 INFO  impl.FollowerInfo (FollowerInfo.java:lambda$new$0(50)) - 8baf71c5-98df-46a3-bec1-533518be995a->407fd6ee-8148-49c5-8cae-78844c459de6: nextIndex: updateUnconditionally 1 -> 0
2019-06-15 08:26:53,283 WARN  server.GrpcLogAppender (LogUtils.java:warn(134)) - 8baf71c5-98df-46a3-bec1-533518be995a: Failed appendEntries to 407fd6ee-8148-49c5-8cae-78844c459de6:192.168.105.190:46289: org.apache.ratis.thirdparty.io.grpc.StatusRuntimeException: UNAVAILABLE: io exception
2019-06-15 08:26:53,283 INFO  impl.FollowerInfo (FollowerInfo.java:lambda$new$0(50)) - 8baf71c5-98df-46a3-bec1-533518be995a->407fd6ee-8148-49c5-8cae-78844c459de6: nextIndex: updateUnconditionally 1 -> 0
2019-06-15 08:26:53,294 INFO  interfaces.Container (KeyValueContainer.java:compactDB(356)) - Container 1 is closed with bcsId 0.
2019-06-15 08:26:53,303 INFO  interfaces.Container (KeyValueContainer.java:compactDB(356)) - Container 1 is closed with bcsId 0.
2019-06-15 08:26:53,307 INFO  client.GrpcClientProtocolClient (GrpcClientProtocolClient.java:onNext(254)) - client-8B1B6C708D51->8baf71c5-98df-46a3-bec1-533518be995a: receive RaftClientReply:client-8B1B6C708D51->8baf71c5-98df-46a3-bec1-533518be995a@group-F3B6366F64DB, cid=103, SUCCESS, logIndex=3, commits[8baf71c5-98df-46a3-bec1-533518be995a:c4, 407fd6ee-8148-49c5-8cae-78844c459de6:c1, e939c624-a441-43db-ba41-384394c99663:c3]
2019-06-15 08:26:53,784 WARN  server.GrpcLogAppender (LogUtils.java:warn(134)) - 8baf71c5-98df-46a3-bec1-533518be995a: Failed appendEntries to 407fd6ee-8148-49c5-8cae-78844c459de6:192.168.105.190:46289: org.apache.ratis.thirdparty.io.grpc.StatusRuntimeException: UNAVAILABLE: io exception
2019-06-15 08:26:53,784 INFO  impl.FollowerInfo (FollowerInfo.java:lambda$new$0(50)) - 8baf71c5-98df-46a3-bec1-533518be995a->407fd6ee-8148-49c5-8cae-78844c459de6: nextIndex: updateUnconditionally 0 -> 0
2019-06-15 08:26:54,284 WARN  server.GrpcLogAppender (LogUtils.java:warn(134)) - 8baf71c5-98df-46a3-bec1-533518be995a: Failed appendEntries to 407fd6ee-8148-49c5-8cae-78844c459de6:192.168.105.190:46289: org.apache.ratis.thirdparty.io.grpc.StatusRuntimeException: UNAVAILABLE: io exception
2019-06-15 08:26:54,284 INFO  impl.FollowerInfo (FollowerInfo.java:lambda$new$0(50)) - 8baf71c5-98df-46a3-bec1-533518be995a->407fd6ee-8148-49c5-8cae-78844c459de6: nextIndex: updateUnconditionally 0 -> 0
2019-06-15 08:26:54,784 WARN  server.GrpcLogAppender (LogUtils.java:warn(134)) - 8baf71c5-98df-46a3-bec1-533518be995a: Failed appendEntries to 407fd6ee-8148-49c5-8cae-78844c459de6:192.168.105.190:46289: org.apache.ratis.thirdparty.io.grpc.StatusRuntimeException: UNAVAILABLE: io exception
2019-06-15 08:26:54,785 INFO  impl.FollowerInfo (FollowerInfo.java:lambda$new$0(50)) - 8baf71c5-98df-46a3-bec1-533518be995a->407fd6ee-8148-49c5-8cae-78844c459de6: nextIndex: updateUnconditionally 0 -> 0
2019-06-15 08:26:55,285 WARN  server.GrpcLogAppender (LogUtils.java:warn(134)) - 8baf71c5-98df-46a3-bec1-533518be995a: Failed appendEntries to 407fd6ee-8148-49c5-8cae-78844c459de6:192.168.105.190:46289: org.apache.ratis.thirdparty.io.grpc.StatusRuntimeException: UNAVAILABLE: io exception
2019-06-15 08:26:55,285 INFO  impl.FollowerInfo (FollowerInfo.java:lambda$new$0(50)) - 8baf71c5-98df-46a3-bec1-533518be995a->407fd6ee-8148-49c5-8cae-78844c459de6: nextIndex: updateUnconditionally 0 -> 0
2019-06-15 08:26:55,785 WARN  server.GrpcLogAppender (LogUtils.java:warn(134)) - 8baf71c5-98df-46a3-bec1-533518be995a: Failed appendEntries to 407fd6ee-8148-49c5-8cae-78844c459de6:192.168.105.190:46289: org.apache.ratis.thirdparty.io.grpc.StatusRuntimeException: UNAVAILABLE: io exception
2019-06-15 08:26:55,785 INFO  impl.FollowerInfo (FollowerInfo.java:lambda$new$0(50)) - 8baf71c5-98df-46a3-bec1-533518be995a->407fd6ee-8148-49c5-8cae-78844c459de6: nextIndex: updateUnconditionally 0 -> 0
2019-06-15 08:26:56,286 WARN  server.GrpcLogAppender (LogUtils.java:warn(134)) - 8baf71c5-98df-46a3-bec1-533518be995a: Failed appendEntries to 407fd6ee-8148-49c5-8cae-78844c459de6:192.168.105.190:46289: org.apache.ratis.thirdparty.io.grpc.StatusRuntimeException: UNAVAILABLE: io exception
2019-06-15 08:26:56,286 INFO  impl.FollowerInfo (FollowerInfo.java:lambda$new$0(50)) - 8baf71c5-98df-46a3-bec1-533518be995a->407fd6ee-8148-49c5-8cae-78844c459de6: nextIndex: updateUnconditionally 0 -> 0
2019-06-15 08:26:56,309 WARN  scm.XceiverClientRatis (XceiverClientRatis.java:watchForCommit(260)) - 3 way commit failed 
java.util.concurrent.TimeoutException
	at java.util.concurrent.CompletableFuture.timedGet(CompletableFuture.java:1771)
	at java.util.concurrent.CompletableFuture.get(CompletableFuture.java:1915)
	at org.apache.hadoop.hdds.scm.XceiverClientRatis.watchForCommit(XceiverClientRatis.java:257)
	at org.apache.hadoop.ozone.client.rpc.TestWatchForCommit.test2WayCommitForTimeoutException(TestWatchForCommit.java:433)
	at sun.reflect.NativeMethodAccessorImpl.invoke0(Native Method)
	at sun.reflect.NativeMethodAccessorImpl.invoke(NativeMethodAccessorImpl.java:62)
	at sun.reflect.DelegatingMethodAccessorImpl.invoke(DelegatingMethodAccessorImpl.java:43)
	at java.lang.reflect.Method.invoke(Method.java:498)
	at org.junit.runners.model.FrameworkMethod$1.runReflectiveCall(FrameworkMethod.java:47)
	at org.junit.internal.runners.model.ReflectiveCallable.run(ReflectiveCallable.java:12)
	at org.junit.runners.model.FrameworkMethod.invokeExplosively(FrameworkMethod.java:44)
	at org.junit.internal.runners.statements.InvokeMethod.evaluate(InvokeMethod.java:17)
	at org.junit.runners.ParentRunner.runLeaf(ParentRunner.java:271)
	at org.junit.runners.BlockJUnit4ClassRunner.runChild(BlockJUnit4ClassRunner.java:70)
	at org.junit.runners.BlockJUnit4ClassRunner.runChild(BlockJUnit4ClassRunner.java:50)
	at org.junit.runners.ParentRunner$3.run(ParentRunner.java:238)
	at org.junit.runners.ParentRunner$1.schedule(ParentRunner.java:63)
	at org.junit.runners.ParentRunner.runChildren(ParentRunner.java:236)
	at org.junit.runners.ParentRunner.access$000(ParentRunner.java:53)
	at org.junit.runners.ParentRunner$2.evaluate(ParentRunner.java:229)
	at org.junit.runners.ParentRunner.run(ParentRunner.java:309)
	at org.apache.maven.surefire.junit4.JUnit4Provider.execute(JUnit4Provider.java:365)
	at org.apache.maven.surefire.junit4.JUnit4Provider.executeWithRerun(JUnit4Provider.java:273)
	at org.apache.maven.surefire.junit4.JUnit4Provider.executeTestSet(JUnit4Provider.java:238)
	at org.apache.maven.surefire.junit4.JUnit4Provider.invoke(JUnit4Provider.java:159)
	at org.apache.maven.surefire.booter.ForkedBooter.invokeProviderInSameClassLoader(ForkedBooter.java:384)
	at org.apache.maven.surefire.booter.ForkedBooter.runSuitesInProcess(ForkedBooter.java:345)
	at org.apache.maven.surefire.booter.ForkedBooter.execute(ForkedBooter.java:126)
	at org.apache.maven.surefire.booter.ForkedBooter.main(ForkedBooter.java:418)
2019-06-15 08:26:56,323 WARN  client.GrpcClientProtocolService (LogUtils.java:warn(134)) - 1-UnorderedRequestStreamObserver1: onError: org.apache.ratis.thirdparty.io.grpc.StatusRuntimeException: CANCELLED: cancelled before receiving half close
2019-06-15 08:26:56,786 WARN  server.GrpcLogAppender (LogUtils.java:warn(134)) - 8baf71c5-98df-46a3-bec1-533518be995a: Failed appendEntries to 407fd6ee-8148-49c5-8cae-78844c459de6:192.168.105.190:46289: org.apache.ratis.thirdparty.io.grpc.StatusRuntimeException: UNAVAILABLE: io exception
2019-06-15 08:26:56,786 INFO  impl.FollowerInfo (FollowerInfo.java:lambda$new$0(50)) - 8baf71c5-98df-46a3-bec1-533518be995a->407fd6ee-8148-49c5-8cae-78844c459de6: nextIndex: updateUnconditionally 0 -> 0
2019-06-15 08:26:57,286 WARN  server.GrpcLogAppender (LogUtils.java:warn(134)) - 8baf71c5-98df-46a3-bec1-533518be995a: Failed appendEntries to 407fd6ee-8148-49c5-8cae-78844c459de6:192.168.105.190:46289: org.apache.ratis.thirdparty.io.grpc.StatusRuntimeException: UNAVAILABLE: io exception
2019-06-15 08:26:57,287 INFO  impl.FollowerInfo (FollowerInfo.java:lambda$new$0(50)) - 8baf71c5-98df-46a3-bec1-533518be995a->407fd6ee-8148-49c5-8cae-78844c459de6: nextIndex: updateUnconditionally 0 -> 0
2019-06-15 08:26:57,322 INFO  client.GrpcClientProtocolService (GrpcClientProtocolService.java:lambda$processClientRequest$0(264)) - Failed RaftClientRequest:client-8B1B6C708D51->e939c624-a441-43db-ba41-384394c99663@group-F3B6366F64DB, cid=104, seq=0, Watch-ALL_COMMITTED(3), Message:<EMPTY>, reply=RaftClientReply:client-8B1B6C708D51->e939c624-a441-43db-ba41-384394c99663@group-F3B6366F64DB, cid=104, FAILED org.apache.ratis.protocol.NotLeaderException: Server e939c624-a441-43db-ba41-384394c99663 is not the leader (8baf71c5-98df-46a3-bec1-533518be995a:192.168.105.190:36543). Request must be sent to leader., logIndex=0, commits[e939c624-a441-43db-ba41-384394c99663:c4, 8baf71c5-98df-46a3-bec1-533518be995a:c4, 407fd6ee-8148-49c5-8cae-78844c459de6:c1]
2019-06-15 08:26:57,325 INFO  client.GrpcClientProtocolClient (GrpcClientProtocolClient.java:onNext(254)) - client-8B1B6C708D51->e939c624-a441-43db-ba41-384394c99663: receive RaftClientReply:client-8B1B6C708D51->e939c624-a441-43db-ba41-384394c99663@group-F3B6366F64DB, cid=104, FAILED org.apache.ratis.protocol.NotLeaderException: Server e939c624-a441-43db-ba41-384394c99663 is not the leader (8baf71c5-98df-46a3-bec1-533518be995a:192.168.105.190:36543). Request must be sent to leader., logIndex=0, commits[e939c624-a441-43db-ba41-384394c99663:c4, 8baf71c5-98df-46a3-bec1-533518be995a:c4, 407fd6ee-8148-49c5-8cae-78844c459de6:c1]
2019-06-15 08:26:57,334 WARN  client.GrpcClientProtocolService (LogUtils.java:warn(134)) - 1-UnorderedRequestStreamObserver1: onError: org.apache.ratis.thirdparty.io.grpc.StatusRuntimeException: CANCELLED: cancelled before receiving half close
2019-06-15 08:26:57,335 WARN  client.GrpcClientProtocolService (LogUtils.java:warn(134)) - 2-UnorderedRequestStreamObserver2: onError: org.apache.ratis.thirdparty.io.grpc.StatusRuntimeException: CANCELLED: cancelled before receiving half close
2019-06-15 08:26:57,787 WARN  server.GrpcLogAppender (LogUtils.java:warn(134)) - 8baf71c5-98df-46a3-bec1-533518be995a: Failed appendEntries to 407fd6ee-8148-49c5-8cae-78844c459de6:192.168.105.190:46289: org.apache.ratis.thirdparty.io.grpc.StatusRuntimeException: UNAVAILABLE: io exception
2019-06-15 08:26:57,787 INFO  impl.FollowerInfo (FollowerInfo.java:lambda$new$0(50)) - 8baf71c5-98df-46a3-bec1-533518be995a->407fd6ee-8148-49c5-8cae-78844c459de6: nextIndex: updateUnconditionally 0 -> 0
2019-06-15 08:26:58,287 WARN  server.GrpcLogAppender (LogUtils.java:warn(134)) - 8baf71c5-98df-46a3-bec1-533518be995a: Failed appendEntries to 407fd6ee-8148-49c5-8cae-78844c459de6:192.168.105.190:46289: org.apache.ratis.thirdparty.io.grpc.StatusRuntimeException: UNAVAILABLE: io exception
2019-06-15 08:26:58,287 INFO  impl.FollowerInfo (FollowerInfo.java:lambda$new$0(50)) - 8baf71c5-98df-46a3-bec1-533518be995a->407fd6ee-8148-49c5-8cae-78844c459de6: nextIndex: updateUnconditionally 0 -> 0
2019-06-15 08:26:58,787 WARN  server.GrpcLogAppender (LogUtils.java:warn(134)) - 8baf71c5-98df-46a3-bec1-533518be995a: Failed appendEntries to 407fd6ee-8148-49c5-8cae-78844c459de6:192.168.105.190:46289: org.apache.ratis.thirdparty.io.grpc.StatusRuntimeException: UNAVAILABLE: io exception
2019-06-15 08:26:58,788 INFO  impl.FollowerInfo (FollowerInfo.java:lambda$new$0(50)) - 8baf71c5-98df-46a3-bec1-533518be995a->407fd6ee-8148-49c5-8cae-78844c459de6: nextIndex: updateUnconditionally 0 -> 0
2019-06-15 08:26:59,288 WARN  server.GrpcLogAppender (LogUtils.java:warn(134)) - 8baf71c5-98df-46a3-bec1-533518be995a: Failed appendEntries to 407fd6ee-8148-49c5-8cae-78844c459de6:192.168.105.190:46289: org.apache.ratis.thirdparty.io.grpc.StatusRuntimeException: UNAVAILABLE: io exception
2019-06-15 08:26:59,288 INFO  impl.FollowerInfo (FollowerInfo.java:lambda$new$0(50)) - 8baf71c5-98df-46a3-bec1-533518be995a->407fd6ee-8148-49c5-8cae-78844c459de6: nextIndex: updateUnconditionally 0 -> 0
]]></system-out>
    <system-err><![CDATA[Jun 15, 2019 8:26:46 AM com.sun.jersey.server.impl.application.WebApplicationImpl _initiate
INFO: Initiating Jersey application, version 'Jersey: 1.19 02/11/2015 03:25 AM'
Jun 15, 2019 8:26:46 AM com.sun.jersey.server.impl.application.WebApplicationImpl _initiate
INFO: Initiating Jersey application, version 'Jersey: 1.19 02/11/2015 03:25 AM'
Jun 15, 2019 8:26:46 AM com.sun.jersey.server.impl.application.WebApplicationImpl _initiate
INFO: Initiating Jersey application, version 'Jersey: 1.19 02/11/2015 03:25 AM'
Jun 15, 2019 8:26:46 AM com.sun.jersey.server.impl.application.WebApplicationImpl _initiate
INFO: Initiating Jersey application, version 'Jersey: 1.19 02/11/2015 03:25 AM'
Jun 15, 2019 8:26:46 AM com.sun.jersey.server.impl.application.WebApplicationImpl _initiate
INFO: Initiating Jersey application, version 'Jersey: 1.19 02/11/2015 03:25 AM'
Jun 15, 2019 8:26:46 AM com.sun.jersey.server.impl.application.WebApplicationImpl _initiate
INFO: Initiating Jersey application, version 'Jersey: 1.19 02/11/2015 03:25 AM'
Jun 15, 2019 8:26:47 AM com.sun.jersey.server.impl.application.WebApplicationImpl _initiate
INFO: Initiating Jersey application, version 'Jersey: 1.19 02/11/2015 03:25 AM'
Jun 15, 2019 8:26:50 AM org.apache.ratis.thirdparty.io.grpc.internal.ManagedChannelOrphanWrapper$ManagedChannelReference cleanQueue
SEVERE: *~*~*~ Channel ManagedChannelImpl{logId=1396, target=192.168.105.190:38961} was not shutdown properly!!! ~*~*~*
    Make sure to call shutdown()/shutdownNow() and wait until awaitTermination() returns true.
java.lang.RuntimeException: ManagedChannel allocation site
	at org.apache.ratis.thirdparty.io.grpc.internal.ManagedChannelOrphanWrapper$ManagedChannelReference.<init>(ManagedChannelOrphanWrapper.java:103)
	at org.apache.ratis.thirdparty.io.grpc.internal.ManagedChannelOrphanWrapper.<init>(ManagedChannelOrphanWrapper.java:53)
	at org.apache.ratis.thirdparty.io.grpc.internal.ManagedChannelOrphanWrapper.<init>(ManagedChannelOrphanWrapper.java:44)
	at org.apache.ratis.thirdparty.io.grpc.internal.AbstractManagedChannelImplBuilder.build(AbstractManagedChannelImplBuilder.java:411)
	at org.apache.ratis.grpc.client.GrpcClientProtocolClient.<init>(GrpcClientProtocolClient.java:118)
	at org.apache.ratis.grpc.client.GrpcClientRpc.lambda$new$0(GrpcClientRpc.java:55)
	at org.apache.ratis.util.PeerProxyMap$PeerAndProxy.lambda$getProxy$0(PeerProxyMap.java:61)
	at org.apache.ratis.util.LifeCycle.startAndTransition(LifeCycle.java:202)
	at org.apache.ratis.util.PeerProxyMap$PeerAndProxy.getProxy(PeerProxyMap.java:60)
	at org.apache.ratis.util.PeerProxyMap.getProxy(PeerProxyMap.java:107)
	at org.apache.ratis.grpc.client.GrpcClientRpc.sendRequest(GrpcClientRpc.java:91)
	at org.apache.ratis.client.impl.RaftClientImpl.sendRequest(RaftClientImpl.java:401)
	at org.apache.ratis.client.impl.RaftClientImpl.groupRemove(RaftClientImpl.java:280)
	at org.apache.hadoop.hdds.scm.pipeline.RatisPipelineUtils.destroyPipeline(RatisPipelineUtils.java:97)
	at org.apache.hadoop.hdds.scm.pipeline.RatisPipelineUtils.destroyPipeline(RatisPipelineUtils.java:64)
	at org.apache.hadoop.hdds.scm.pipeline.SCMPipelineManager.destroyPipeline(SCMPipelineManager.java:378)
	at org.apache.hadoop.hdds.scm.pipeline.SCMPipelineManager.finalizeAndDestroyPipeline(SCMPipelineManager.java:318)
	at org.apache.hadoop.ozone.container.ContainerTestHelper.waitForPipelineClose(ContainerTestHelper.java:799)
	at org.apache.hadoop.ozone.client.rpc.TestWatchForCommit.testWatchForCommitForGroupMismatchException(TestWatchForCommit.java:478)
	at sun.reflect.NativeMethodAccessorImpl.invoke0(Native Method)
	at sun.reflect.NativeMethodAccessorImpl.invoke(NativeMethodAccessorImpl.java:62)
	at sun.reflect.DelegatingMethodAccessorImpl.invoke(DelegatingMethodAccessorImpl.java:43)
	at java.lang.reflect.Method.invoke(Method.java:498)
	at org.junit.runners.model.FrameworkMethod$1.runReflectiveCall(FrameworkMethod.java:47)
	at org.junit.internal.runners.model.ReflectiveCallable.run(ReflectiveCallable.java:12)
	at org.junit.runners.model.FrameworkMethod.invokeExplosively(FrameworkMethod.java:44)
	at org.junit.internal.runners.statements.InvokeMethod.evaluate(InvokeMethod.java:17)
	at org.junit.runners.ParentRunner.runLeaf(ParentRunner.java:271)
	at org.junit.runners.BlockJUnit4ClassRunner.runChild(BlockJUnit4ClassRunner.java:70)
	at org.junit.runners.BlockJUnit4ClassRunner.runChild(BlockJUnit4ClassRunner.java:50)
	at org.junit.runners.ParentRunner$3.run(ParentRunner.java:238)
	at org.junit.runners.ParentRunner$1.schedule(ParentRunner.java:63)
	at org.junit.runners.ParentRunner.runChildren(ParentRunner.java:236)
	at org.junit.runners.ParentRunner.access$000(ParentRunner.java:53)
	at org.junit.runners.ParentRunner$2.evaluate(ParentRunner.java:229)
	at org.junit.runners.ParentRunner.run(ParentRunner.java:309)
	at org.apache.maven.surefire.junit4.JUnit4Provider.execute(JUnit4Provider.java:365)
	at org.apache.maven.surefire.junit4.JUnit4Provider.executeWithRerun(JUnit4Provider.java:273)
	at org.apache.maven.surefire.junit4.JUnit4Provider.executeTestSet(JUnit4Provider.java:238)
	at org.apache.maven.surefire.junit4.JUnit4Provider.invoke(JUnit4Provider.java:159)
	at org.apache.maven.surefire.booter.ForkedBooter.invokeProviderInSameClassLoader(ForkedBooter.java:384)
	at org.apache.maven.surefire.booter.ForkedBooter.runSuitesInProcess(ForkedBooter.java:345)
	at org.apache.maven.surefire.booter.ForkedBooter.execute(ForkedBooter.java:126)
	at org.apache.maven.surefire.booter.ForkedBooter.main(ForkedBooter.java:418)

Jun 15, 2019 8:26:50 AM org.apache.ratis.thirdparty.io.grpc.internal.ManagedChannelOrphanWrapper$ManagedChannelReference cleanQueue
SEVERE: *~*~*~ Channel ManagedChannelImpl{logId=1386, target=192.168.105.190:45829} was not shutdown properly!!! ~*~*~*
    Make sure to call shutdown()/shutdownNow() and wait until awaitTermination() returns true.
java.lang.RuntimeException: ManagedChannel allocation site
	at org.apache.ratis.thirdparty.io.grpc.internal.ManagedChannelOrphanWrapper$ManagedChannelReference.<init>(ManagedChannelOrphanWrapper.java:103)
	at org.apache.ratis.thirdparty.io.grpc.internal.ManagedChannelOrphanWrapper.<init>(ManagedChannelOrphanWrapper.java:53)
	at org.apache.ratis.thirdparty.io.grpc.internal.ManagedChannelOrphanWrapper.<init>(ManagedChannelOrphanWrapper.java:44)
	at org.apache.ratis.thirdparty.io.grpc.internal.AbstractManagedChannelImplBuilder.build(AbstractManagedChannelImplBuilder.java:411)
	at org.apache.ratis.grpc.client.GrpcClientProtocolClient.<init>(GrpcClientProtocolClient.java:118)
	at org.apache.ratis.grpc.client.GrpcClientRpc.lambda$new$0(GrpcClientRpc.java:55)
	at org.apache.ratis.util.PeerProxyMap$PeerAndProxy.lambda$getProxy$0(PeerProxyMap.java:61)
	at org.apache.ratis.util.LifeCycle.startAndTransition(LifeCycle.java:202)
	at org.apache.ratis.util.PeerProxyMap$PeerAndProxy.getProxy(PeerProxyMap.java:60)
	at org.apache.ratis.util.PeerProxyMap.getProxy(PeerProxyMap.java:107)
	at org.apache.ratis.grpc.client.GrpcClientRpc.sendRequest(GrpcClientRpc.java:91)
	at org.apache.ratis.client.impl.RaftClientImpl.sendRequest(RaftClientImpl.java:401)
	at org.apache.ratis.client.impl.RaftClientImpl.groupRemove(RaftClientImpl.java:280)
	at org.apache.hadoop.hdds.scm.pipeline.RatisPipelineUtils.destroyPipeline(RatisPipelineUtils.java:97)
	at org.apache.hadoop.hdds.scm.pipeline.RatisPipelineUtils.destroyPipeline(RatisPipelineUtils.java:64)
	at org.apache.hadoop.hdds.scm.pipeline.SCMPipelineManager.destroyPipeline(SCMPipelineManager.java:378)
	at org.apache.hadoop.hdds.scm.pipeline.SCMPipelineManager.finalizeAndDestroyPipeline(SCMPipelineManager.java:318)
	at org.apache.hadoop.ozone.container.ContainerTestHelper.waitForPipelineClose(ContainerTestHelper.java:799)
	at org.apache.hadoop.ozone.client.rpc.TestWatchForCommit.testWatchForCommitForGroupMismatchException(TestWatchForCommit.java:478)
	at sun.reflect.NativeMethodAccessorImpl.invoke0(Native Method)
	at sun.reflect.NativeMethodAccessorImpl.invoke(NativeMethodAccessorImpl.java:62)
	at sun.reflect.DelegatingMethodAccessorImpl.invoke(DelegatingMethodAccessorImpl.java:43)
	at java.lang.reflect.Method.invoke(Method.java:498)
	at org.junit.runners.model.FrameworkMethod$1.runReflectiveCall(FrameworkMethod.java:47)
	at org.junit.internal.runners.model.ReflectiveCallable.run(ReflectiveCallable.java:12)
	at org.junit.runners.model.FrameworkMethod.invokeExplosively(FrameworkMethod.java:44)
	at org.junit.internal.runners.statements.InvokeMethod.evaluate(InvokeMethod.java:17)
	at org.junit.runners.ParentRunner.runLeaf(ParentRunner.java:271)
	at org.junit.runners.BlockJUnit4ClassRunner.runChild(BlockJUnit4ClassRunner.java:70)
	at org.junit.runners.BlockJUnit4ClassRunner.runChild(BlockJUnit4ClassRunner.java:50)
	at org.junit.runners.ParentRunner$3.run(ParentRunner.java:238)
	at org.junit.runners.ParentRunner$1.schedule(ParentRunner.java:63)
	at org.junit.runners.ParentRunner.runChildren(ParentRunner.java:236)
	at org.junit.runners.ParentRunner.access$000(ParentRunner.java:53)
	at org.junit.runners.ParentRunner$2.evaluate(ParentRunner.java:229)
	at org.junit.runners.ParentRunner.run(ParentRunner.java:309)
	at org.apache.maven.surefire.junit4.JUnit4Provider.execute(JUnit4Provider.java:365)
	at org.apache.maven.surefire.junit4.JUnit4Provider.executeWithRerun(JUnit4Provider.java:273)
	at org.apache.maven.surefire.junit4.JUnit4Provider.executeTestSet(JUnit4Provider.java:238)
	at org.apache.maven.surefire.junit4.JUnit4Provider.invoke(JUnit4Provider.java:159)
	at org.apache.maven.surefire.booter.ForkedBooter.invokeProviderInSameClassLoader(ForkedBooter.java:384)
	at org.apache.maven.surefire.booter.ForkedBooter.runSuitesInProcess(ForkedBooter.java:345)
	at org.apache.maven.surefire.booter.ForkedBooter.execute(ForkedBooter.java:126)
	at org.apache.maven.surefire.booter.ForkedBooter.main(ForkedBooter.java:418)

Jun 15, 2019 8:26:50 AM org.apache.ratis.thirdparty.io.grpc.internal.ManagedChannelOrphanWrapper$ManagedChannelReference cleanQueue
SEVERE: *~*~*~ Channel ManagedChannelImpl{logId=1391, target=192.168.105.190:33345} was not shutdown properly!!! ~*~*~*
    Make sure to call shutdown()/shutdownNow() and wait until awaitTermination() returns true.
java.lang.RuntimeException: ManagedChannel allocation site
	at org.apache.ratis.thirdparty.io.grpc.internal.ManagedChannelOrphanWrapper$ManagedChannelReference.<init>(ManagedChannelOrphanWrapper.java:103)
	at org.apache.ratis.thirdparty.io.grpc.internal.ManagedChannelOrphanWrapper.<init>(ManagedChannelOrphanWrapper.java:53)
	at org.apache.ratis.thirdparty.io.grpc.internal.ManagedChannelOrphanWrapper.<init>(ManagedChannelOrphanWrapper.java:44)
	at org.apache.ratis.thirdparty.io.grpc.internal.AbstractManagedChannelImplBuilder.build(AbstractManagedChannelImplBuilder.java:411)
	at org.apache.ratis.grpc.client.GrpcClientProtocolClient.<init>(GrpcClientProtocolClient.java:118)
	at org.apache.ratis.grpc.client.GrpcClientRpc.lambda$new$0(GrpcClientRpc.java:55)
	at org.apache.ratis.util.PeerProxyMap$PeerAndProxy.lambda$getProxy$0(PeerProxyMap.java:61)
	at org.apache.ratis.util.LifeCycle.startAndTransition(LifeCycle.java:202)
	at org.apache.ratis.util.PeerProxyMap$PeerAndProxy.getProxy(PeerProxyMap.java:60)
	at org.apache.ratis.util.PeerProxyMap.getProxy(PeerProxyMap.java:107)
	at org.apache.ratis.grpc.client.GrpcClientRpc.sendRequest(GrpcClientRpc.java:91)
	at org.apache.ratis.client.impl.RaftClientImpl.sendRequest(RaftClientImpl.java:401)
	at org.apache.ratis.client.impl.RaftClientImpl.groupRemove(RaftClientImpl.java:280)
	at org.apache.hadoop.hdds.scm.pipeline.RatisPipelineUtils.destroyPipeline(RatisPipelineUtils.java:97)
	at org.apache.hadoop.hdds.scm.pipeline.RatisPipelineUtils.destroyPipeline(RatisPipelineUtils.java:64)
	at org.apache.hadoop.hdds.scm.pipeline.SCMPipelineManager.destroyPipeline(SCMPipelineManager.java:378)
	at org.apache.hadoop.hdds.scm.pipeline.SCMPipelineManager.finalizeAndDestroyPipeline(SCMPipelineManager.java:318)
	at org.apache.hadoop.ozone.container.ContainerTestHelper.waitForPipelineClose(ContainerTestHelper.java:799)
	at org.apache.hadoop.ozone.client.rpc.TestWatchForCommit.testWatchForCommitForGroupMismatchException(TestWatchForCommit.java:478)
	at sun.reflect.NativeMethodAccessorImpl.invoke0(Native Method)
	at sun.reflect.NativeMethodAccessorImpl.invoke(NativeMethodAccessorImpl.java:62)
	at sun.reflect.DelegatingMethodAccessorImpl.invoke(DelegatingMethodAccessorImpl.java:43)
	at java.lang.reflect.Method.invoke(Method.java:498)
	at org.junit.runners.model.FrameworkMethod$1.runReflectiveCall(FrameworkMethod.java:47)
	at org.junit.internal.runners.model.ReflectiveCallable.run(ReflectiveCallable.java:12)
	at org.junit.runners.model.FrameworkMethod.invokeExplosively(FrameworkMethod.java:44)
	at org.junit.internal.runners.statements.InvokeMethod.evaluate(InvokeMethod.java:17)
	at org.junit.runners.ParentRunner.runLeaf(ParentRunner.java:271)
	at org.junit.runners.BlockJUnit4ClassRunner.runChild(BlockJUnit4ClassRunner.java:70)
	at org.junit.runners.BlockJUnit4ClassRunner.runChild(BlockJUnit4ClassRunner.java:50)
	at org.junit.runners.ParentRunner$3.run(ParentRunner.java:238)
	at org.junit.runners.ParentRunner$1.schedule(ParentRunner.java:63)
	at org.junit.runners.ParentRunner.runChildren(ParentRunner.java:236)
	at org.junit.runners.ParentRunner.access$000(ParentRunner.java:53)
	at org.junit.runners.ParentRunner$2.evaluate(ParentRunner.java:229)
	at org.junit.runners.ParentRunner.run(ParentRunner.java:309)
	at org.apache.maven.surefire.junit4.JUnit4Provider.execute(JUnit4Provider.java:365)
	at org.apache.maven.surefire.junit4.JUnit4Provider.executeWithRerun(JUnit4Provider.java:273)
	at org.apache.maven.surefire.junit4.JUnit4Provider.executeTestSet(JUnit4Provider.java:238)
	at org.apache.maven.surefire.junit4.JUnit4Provider.invoke(JUnit4Provider.java:159)
	at org.apache.maven.surefire.booter.ForkedBooter.invokeProviderInSameClassLoader(ForkedBooter.java:384)
	at org.apache.maven.surefire.booter.ForkedBooter.runSuitesInProcess(ForkedBooter.java:345)
	at org.apache.maven.surefire.booter.ForkedBooter.execute(ForkedBooter.java:126)
	at org.apache.maven.surefire.booter.ForkedBooter.main(ForkedBooter.java:418)

]]></system-err>
  </testcase>
  <testcase name="test2WayCommitForRetryfailure" classname="org.apache.hadoop.ozone.client.rpc.TestWatchForCommit" time="27.798"/>
</testsuite>