<?xml version="1.0" encoding="UTF-8"?>
<testsuite xmlns:xsi="http://www.w3.org/2001/XMLSchema-instance" xsi:noNamespaceSchemaLocation="https://maven.apache.org/surefire/maven-surefire-plugin/xsd/surefire-test-report.xsd" name="org.apache.hadoop.hdds.scm.pipeline.TestNodeFailure" time="10.709" tests="1" errors="0" skipped="1" failures="0">
  <properties>
    <property name="awt.toolkit" value="sun.awt.X11.XToolkit"/>
    <property name="file.encoding.pkg" value="sun.io"/>
    <property name="java.specification.version" value="1.8"/>
    <property name="sun.cpu.isalist" value=""/>
    <property name="sun.jnu.encoding" value="UTF-8"/>
    <property name="java.class.path" value="/opt/src/hadoop-ozone/integration-test/target/test-classes:/opt/src/hadoop-ozone/integration-test/target/classes:/root/.m2/repository/org/apache/hadoop/hadoop-ozone-common/0.5.0-SNAPSHOT/hadoop-ozone-common-0.5.0-SNAPSHOT.jar:/root/.m2/repository/org/apache/commons/commons-compress/1.4.1/commons-compress-1.4.1.jar:/root/.m2/repository/org/tukaani/xz/1.0/xz-1.0.jar:/root/.m2/repository/org/apache/hadoop/hadoop-common/3.2.0/hadoop-common-3.2.0.jar:/root/.m2/repository/org/apache/hadoop/hadoop-hdfs/3.2.0/hadoop-hdfs-3.2.0.jar:/root/.m2/repository/org/apache/hadoop/hadoop-hdfs-client/3.2.0/hadoop-hdfs-client-3.2.0.jar:/root/.m2/repository/com/fasterxml/jackson/core/jackson-annotations/2.9.5/jackson-annotations-2.9.5.jar:/root/.m2/repository/org/apache/hadoop/hadoop-hdds-common/0.5.0-SNAPSHOT/hadoop-hdds-common-0.5.0-SNAPSHOT.jar:/root/.m2/repository/javax/annotation/javax.annotation-api/1.2/javax.annotation-api-1.2.jar:/root/.m2/repository/org/apache/ratis/ratis-server/0.4.0-fe2b15d-SNAPSHOT/ratis-server-0.4.0-fe2b15d-SNAPSHOT.jar:/root/.m2/repository/org/apache/ratis/ratis-thirdparty-misc/0.2.0/ratis-thirdparty-misc-0.2.0.jar:/root/.m2/repository/org/apache/ratis/ratis-proto/0.4.0-fe2b15d-SNAPSHOT/ratis-proto-0.4.0-fe2b15d-SNAPSHOT.jar:/root/.m2/repository/org/apache/ratis/ratis-common/0.4.0-fe2b15d-SNAPSHOT/ratis-common-0.4.0-fe2b15d-SNAPSHOT.jar:/root/.m2/repository/org/apache/ratis/ratis-client/0.4.0-fe2b15d-SNAPSHOT/ratis-client-0.4.0-fe2b15d-SNAPSHOT.jar:/root/.m2/repository/org/apache/ratis/ratis-netty/0.4.0-fe2b15d-SNAPSHOT/ratis-netty-0.4.0-fe2b15d-SNAPSHOT.jar:/root/.m2/repository/org/apache/ratis/ratis-grpc/0.4.0-fe2b15d-SNAPSHOT/ratis-grpc-0.4.0-fe2b15d-SNAPSHOT.jar:/root/.m2/repository/org/rocksdb/rocksdbjni/5.14.2/rocksdbjni-5.14.2.jar:/root/.m2/repository/org/apache/logging/log4j/log4j-api/2.11.0/log4j-api-2.11.0.jar:/root/.m2/repository/org/apache/logging/log4j/log4j-core/2.11.0/log4j-core-2.11.0.jar:/root/.m2/repository/com/lmax/disruptor/3.4.2/disruptor-3.4.2.jar:/root/.m2/repository/org/apache/commons/commons-pool2/2.6.0/commons-pool2-2.6.0.jar:/root/.m2/repository/org/bouncycastle/bcpkix-jdk15on/1.60/bcpkix-jdk15on-1.60.jar:/root/.m2/repository/commons-validator/commons-validator/1.6/commons-validator-1.6.jar:/root/.m2/repository/commons-digester/commons-digester/1.8.1/commons-digester-1.8.1.jar:/root/.m2/repository/io/jaegertracing/jaeger-client/0.33.1/jaeger-client-0.33.1.jar:/root/.m2/repository/io/jaegertracing/jaeger-thrift/0.33.1/jaeger-thrift-0.33.1.jar:/root/.m2/repository/org/apache/thrift/libthrift/0.11.0/libthrift-0.11.0.jar:/root/.m2/repository/com/squareup/okhttp3/okhttp/3.9.0/okhttp-3.9.0.jar:/root/.m2/repository/com/squareup/okio/okio/1.13.0/okio-1.13.0.jar:/root/.m2/repository/io/jaegertracing/jaeger-core/0.33.1/jaeger-core-0.33.1.jar:/root/.m2/repository/io/jaegertracing/jaeger-tracerresolver/0.33.1/jaeger-tracerresolver-0.33.1.jar:/root/.m2/repository/io/opentracing/contrib/opentracing-tracerresolver/0.1.5/opentracing-tracerresolver-0.1.5.jar:/root/.m2/repository/io/opentracing/opentracing-util/0.31.0/opentracing-util-0.31.0.jar:/root/.m2/repository/io/opentracing/opentracing-api/0.31.0/opentracing-api-0.31.0.jar:/root/.m2/repository/io/opentracing/opentracing-noop/0.31.0/opentracing-noop-0.31.0.jar:/root/.m2/repository/org/apache/hadoop/hadoop-hdds-server-framework/0.5.0-SNAPSHOT/hadoop-hdds-server-framework-0.5.0-SNAPSHOT.jar:/root/.m2/repository/org/apache/hadoop/hadoop-hdds-server-scm/0.5.0-SNAPSHOT/hadoop-hdds-server-scm-0.5.0-SNAPSHOT.jar:/root/.m2/repository/org/apache/hadoop/hadoop-hdds-container-service/0.5.0-SNAPSHOT/hadoop-hdds-container-service-0.5.0-SNAPSHOT.jar:/root/.m2/repository/org/apache/hadoop/hadoop-hdds-client/0.5.0-SNAPSHOT/hadoop-hdds-client-0.5.0-SNAPSHOT.jar:/root/.m2/repository/org/apache/hadoop/hadoop-hdds-tools/0.5.0-SNAPSHOT/hadoop-hdds-tools-0.5.0-SNAPSHOT.jar:/root/.m2/repository/org/apache/hadoop/hadoop-ozone-ozone-manager/0.5.0-SNAPSHOT/hadoop-ozone-ozone-manager-0.5.0-SNAPSHOT.jar:/root/.m2/repository/org/apache/hadoop/hadoop-hdds-docs/0.5.0-SNAPSHOT/hadoop-hdds-docs-0.5.0-SNAPSHOT.jar:/root/.m2/repository/org/bouncycastle/bcprov-jdk15on/1.60/bcprov-jdk15on-1.60.jar:/root/.m2/repository/org/apache/hadoop/hadoop-minikdc/3.2.0/hadoop-minikdc-3.2.0.jar:/root/.m2/repository/commons-io/commons-io/2.5/commons-io-2.5.jar:/root/.m2/repository/org/apache/kerby/kerb-simplekdc/1.0.1/kerb-simplekdc-1.0.1.jar:/root/.m2/repository/org/apache/kerby/kerb-client/1.0.1/kerb-client-1.0.1.jar:/root/.m2/repository/org/apache/kerby/kerby-config/1.0.1/kerby-config-1.0.1.jar:/root/.m2/repository/org/apache/kerby/kerb-core/1.0.1/kerb-core-1.0.1.jar:/root/.m2/repository/org/apache/kerby/kerby-pkix/1.0.1/kerby-pkix-1.0.1.jar:/root/.m2/repository/org/apache/kerby/kerby-asn1/1.0.1/kerby-asn1-1.0.1.jar:/root/.m2/repository/org/apache/kerby/kerby-util/1.0.1/kerby-util-1.0.1.jar:/root/.m2/repository/org/apache/kerby/kerb-common/1.0.1/kerb-common-1.0.1.jar:/root/.m2/repository/org/apache/kerby/kerb-crypto/1.0.1/kerb-crypto-1.0.1.jar:/root/.m2/repository/org/apache/kerby/kerb-util/1.0.1/kerb-util-1.0.1.jar:/root/.m2/repository/org/apache/kerby/token-provider/1.0.1/token-provider-1.0.1.jar:/root/.m2/repository/org/apache/kerby/kerb-admin/1.0.1/kerb-admin-1.0.1.jar:/root/.m2/repository/org/apache/kerby/kerb-server/1.0.1/kerb-server-1.0.1.jar:/root/.m2/repository/org/apache/kerby/kerb-identity/1.0.1/kerb-identity-1.0.1.jar:/root/.m2/repository/org/apache/kerby/kerby-xdr/1.0.1/kerby-xdr-1.0.1.jar:/root/.m2/repository/org/slf4j/slf4j-log4j12/1.7.25/slf4j-log4j12-1.7.25.jar:/root/.m2/repository/org/apache/hadoop/hadoop-ozone-objectstore-service/0.5.0-SNAPSHOT/hadoop-ozone-objectstore-service-0.5.0-SNAPSHOT.jar:/root/.m2/repository/org/apache/hadoop/hadoop-ozone-s3gateway/0.5.0-SNAPSHOT/hadoop-ozone-s3gateway-0.5.0-SNAPSHOT.jar:/root/.m2/repository/org/jboss/weld/servlet/weld-servlet/2.4.7.Final/weld-servlet-2.4.7.Final.jar:/root/.m2/repository/org/glassfish/jersey/containers/jersey-container-servlet-core/2.27/jersey-container-servlet-core-2.27.jar:/root/.m2/repository/org/glassfish/hk2/external/javax.inject/2.5.0-b42/javax.inject-2.5.0-b42.jar:/root/.m2/repository/org/glassfish/jersey/core/jersey-common/2.27/jersey-common-2.27.jar:/root/.m2/repository/org/glassfish/hk2/osgi-resource-locator/1.0.1/osgi-resource-locator-1.0.1.jar:/root/.m2/repository/javax/ws/rs/javax.ws.rs-api/2.1/javax.ws.rs-api-2.1.jar:/root/.m2/repository/org/glassfish/jersey/ext/cdi/jersey-cdi1x/2.27/jersey-cdi1x-2.27.jar:/root/.m2/repository/org/glassfish/jersey/inject/jersey-hk2/2.27/jersey-hk2-2.27.jar:/root/.m2/repository/org/glassfish/hk2/hk2-locator/2.5.0-b42/hk2-locator-2.5.0-b42.jar:/root/.m2/repository/org/javassist/javassist/3.22.0-CR2/javassist-3.22.0-CR2.jar:/root/.m2/repository/org/glassfish/hk2/hk2-api/2.5.0/hk2-api-2.5.0.jar:/root/.m2/repository/org/glassfish/hk2/external/jakarta.inject/2.5.0/jakarta.inject-2.5.0.jar:/root/.m2/repository/org/glassfish/hk2/hk2-utils/2.5.0/hk2-utils-2.5.0.jar:/root/.m2/repository/jakarta/annotation/jakarta.annotation-api/1.3.4/jakarta.annotation-api-1.3.4.jar:/root/.m2/repository/org/glassfish/hk2/external/aopalliance-repackaged/2.5.0/aopalliance-repackaged-2.5.0.jar:/root/.m2/repository/com/fasterxml/jackson/dataformat/jackson-dataformat-xml/2.9.0/jackson-dataformat-xml-2.9.0.jar:/root/.m2/repository/com/fasterxml/jackson/core/jackson-core/2.9.5/jackson-core-2.9.5.jar:/root/.m2/repository/com/fasterxml/jackson/module/jackson-module-jaxb-annotations/2.9.5/jackson-module-jaxb-annotations-2.9.5.jar:/root/.m2/repository/javax/enterprise/cdi-api/1.2/cdi-api-1.2.jar:/root/.m2/repository/javax/el/javax.el-api/3.0.0/javax.el-api-3.0.0.jar:/root/.m2/repository/javax/interceptor/javax.interceptor-api/1.2/javax.interceptor-api-1.2.jar:/root/.m2/repository/javax/inject/javax.inject/1/javax.inject-1.jar:/root/.m2/repository/com/sun/xml/bind/jaxb-impl/2.3.0.1/jaxb-impl-2.3.0.1.jar:/root/.m2/repository/com/sun/xml/bind/jaxb-core/2.3.0.1/jaxb-core-2.3.0.1.jar:/root/.m2/repository/javax/xml/bind/jaxb-api/2.3.0/jaxb-api-2.3.0.jar:/root/.m2/repository/javax/activation/activation/1.1.1/activation-1.1.1.jar:/root/.m2/repository/org/apache/hadoop/hadoop-ozone-csi/0.5.0-SNAPSHOT/hadoop-ozone-csi-0.5.0-SNAPSHOT.jar:/root/.m2/repository/com/google/protobuf/protobuf-java-util/3.5.1/protobuf-java-util-3.5.1.jar:/root/.m2/repository/org/apache/hadoop/hadoop-hdds-config/0.5.0-SNAPSHOT/hadoop-hdds-config-0.5.0-SNAPSHOT.jar:/root/.m2/repository/com/google/guava/guava/11.0.2/guava-11.0.2.jar:/root/.m2/repository/com/google/protobuf/protobuf-java/2.5.0/protobuf-java-2.5.0.jar:/root/.m2/repository/io/grpc/grpc-netty/1.17.1/grpc-netty-1.17.1.jar:/root/.m2/repository/io/grpc/grpc-core/1.17.1/grpc-core-1.17.1.jar:/root/.m2/repository/io/grpc/grpc-context/1.17.1/grpc-context-1.17.1.jar:/root/.m2/repository/com/google/errorprone/error_prone_annotations/2.2.0/error_prone_annotations-2.2.0.jar:/root/.m2/repository/org/codehaus/mojo/animal-sniffer-annotations/1.17/animal-sniffer-annotations-1.17.jar:/root/.m2/repository/io/opencensus/opencensus-api/0.17.0/opencensus-api-0.17.0.jar:/root/.m2/repository/io/opencensus/opencensus-contrib-grpc-metrics/0.17.0/opencensus-contrib-grpc-metrics-0.17.0.jar:/root/.m2/repository/io/netty/netty-codec-http2/4.1.30.Final/netty-codec-http2-4.1.30.Final.jar:/root/.m2/repository/io/netty/netty-codec-http/4.1.30.Final/netty-codec-http-4.1.30.Final.jar:/root/.m2/repository/io/netty/netty-codec/4.1.30.Final/netty-codec-4.1.30.Final.jar:/root/.m2/repository/io/netty/netty-handler/4.1.30.Final/netty-handler-4.1.30.Final.jar:/root/.m2/repository/io/netty/netty-handler-proxy/4.1.30.Final/netty-handler-proxy-4.1.30.Final.jar:/root/.m2/repository/io/netty/netty-codec-socks/4.1.30.Final/netty-codec-socks-4.1.30.Final.jar:/root/.m2/repository/io/netty/netty-transport-native-epoll/4.1.30.Final/netty-transport-native-epoll-4.1.30.Final.jar:/root/.m2/repository/io/netty/netty-common/4.1.30.Final/netty-common-4.1.30.Final.jar:/root/.m2/repository/io/netty/netty-buffer/4.1.30.Final/netty-buffer-4.1.30.Final.jar:/root/.m2/repository/io/netty/netty-transport/4.1.30.Final/netty-transport-4.1.30.Final.jar:/root/.m2/repository/io/netty/netty-resolver/4.1.30.Final/netty-resolver-4.1.30.Final.jar:/root/.m2/repository/io/netty/netty-transport-native-unix-common/4.1.30.Final/netty-transport-native-unix-common-4.1.30.Final.jar:/root/.m2/repository/io/grpc/grpc-protobuf/1.17.1/grpc-protobuf-1.17.1.jar:/root/.m2/repository/com/google/api/grpc/proto-google-common-protos/1.0.0/proto-google-common-protos-1.0.0.jar:/root/.m2/repository/io/grpc/grpc-protobuf-lite/1.17.1/grpc-protobuf-lite-1.17.1.jar:/root/.m2/repository/io/grpc/grpc-stub/1.17.1/grpc-stub-1.17.1.jar:/root/.m2/repository/org/apache/hadoop/hadoop-ozone-recon/0.5.0-SNAPSHOT/hadoop-ozone-recon-0.5.0-SNAPSHOT.jar:/root/.m2/repository/org/apache/hadoop/hadoop-ozone-reconcodegen/0.5.0-SNAPSHOT/hadoop-ozone-reconcodegen-0.5.0-SNAPSHOT.jar:/root/.m2/repository/com/google/inject/extensions/guice-multibindings/4.0/guice-multibindings-4.0.jar:/root/.m2/repository/com/google/inject/guice/4.0/guice-4.0.jar:/root/.m2/repository/aopalliance/aopalliance/1.0/aopalliance-1.0.jar:/root/.m2/repository/com/google/inject/extensions/guice-servlet/4.0/guice-servlet-4.0.jar:/root/.m2/repository/org/glassfish/jersey/containers/jersey-container-servlet/2.27/jersey-container-servlet-2.27.jar:/root/.m2/repository/org/glassfish/hk2/guice-bridge/2.5.0/guice-bridge-2.5.0.jar:/root/.m2/repository/org/glassfish/jersey/core/jersey-server/2.27/jersey-server-2.27.jar:/root/.m2/repository/org/glassfish/jersey/core/jersey-client/2.27/jersey-client-2.27.jar:/root/.m2/repository/org/glassfish/jersey/media/jersey-media-jaxb/2.27/jersey-media-jaxb-2.27.jar:/root/.m2/repository/javax/validation/validation-api/1.1.0.Final/validation-api-1.1.0.Final.jar:/root/.m2/repository/org/glassfish/jersey/media/jersey-media-json-jackson/2.27/jersey-media-json-jackson-2.27.jar:/root/.m2/repository/org/glassfish/jersey/ext/jersey-entity-filtering/2.27/jersey-entity-filtering-2.27.jar:/root/.m2/repository/com/google/inject/extensions/guice-assistedinject/4.0/guice-assistedinject-4.0.jar:/root/.m2/repository/org/jooq/jooq/3.11.10/jooq-3.11.10.jar:/root/.m2/repository/org/jooq/jooq-meta/3.11.10/jooq-meta-3.11.10.jar:/root/.m2/repository/org/jooq/jooq-codegen/3.11.10/jooq-codegen-3.11.10.jar:/root/.m2/repository/com/jolbox/bonecp/0.8.0.RELEASE/bonecp-0.8.0.RELEASE.jar:/root/.m2/repository/org/xerial/sqlite-jdbc/3.25.2/sqlite-jdbc-3.25.2.jar:/root/.m2/repository/org/springframework/spring-jdbc/5.1.3.RELEASE/spring-jdbc-5.1.3.RELEASE.jar:/root/.m2/repository/org/springframework/spring-beans/5.1.3.RELEASE/spring-beans-5.1.3.RELEASE.jar:/root/.m2/repository/org/springframework/spring-core/5.1.3.RELEASE/spring-core-5.1.3.RELEASE.jar:/root/.m2/repository/org/springframework/spring-jcl/5.1.3.RELEASE/spring-jcl-5.1.3.RELEASE.jar:/root/.m2/repository/org/springframework/spring-tx/5.1.3.RELEASE/spring-tx-5.1.3.RELEASE.jar:/root/.m2/repository/org/apache/hadoop/hadoop-ozone-client/0.5.0-SNAPSHOT/hadoop-ozone-client-0.5.0-SNAPSHOT.jar:/root/.m2/repository/org/apache/hadoop/hadoop-ozone-ozone-manager/0.5.0-SNAPSHOT/hadoop-ozone-ozone-manager-0.5.0-SNAPSHOT-tests.jar:/root/.m2/repository/junit/junit/4.11/junit-4.11.jar:/root/.m2/repository/org/hamcrest/hamcrest-core/1.3/hamcrest-core-1.3.jar:/root/.m2/repository/org/openjdk/jmh/jmh-core/1.19/jmh-core-1.19.jar:/root/.m2/repository/net/sf/jopt-simple/jopt-simple/4.6/jopt-simple-4.6.jar:/root/.m2/repository/org/apache/commons/commons-math3/3.1.1/commons-math3-3.1.1.jar:/root/.m2/repository/org/openjdk/jmh/jmh-generator-annprocess/1.19/jmh-generator-annprocess-1.19.jar:/root/.m2/repository/org/mockito/mockito-all/1.8.5/mockito-all-1.8.5.jar:/root/.m2/repository/org/apache/hadoop/hadoop-kms/3.2.0/hadoop-kms-3.2.0.jar:/root/.m2/repository/org/apache/hadoop/hadoop-auth/3.2.0/hadoop-auth-3.2.0.jar:/root/.m2/repository/com/nimbusds/nimbus-jose-jwt/4.41.1/nimbus-jose-jwt-4.41.1.jar:/root/.m2/repository/com/github/stephenc/jcip/jcip-annotations/1.0-1/jcip-annotations-1.0-1.jar:/root/.m2/repository/net/minidev/json-smart/2.3/json-smart-2.3.jar:/root/.m2/repository/net/minidev/accessors-smart/1.2/accessors-smart-1.2.jar:/root/.m2/repository/org/ow2/asm/asm/5.0.4/asm-5.0.4.jar:/root/.m2/repository/org/apache/curator/curator-framework/2.12.0/curator-framework-2.12.0.jar:/root/.m2/repository/com/sun/jersey/jersey-core/1.19/jersey-core-1.19.jar:/root/.m2/repository/javax/ws/rs/jsr311-api/1.1.1/jsr311-api-1.1.1.jar:/root/.m2/repository/com/sun/jersey/jersey-server/1.19/jersey-server-1.19.jar:/root/.m2/repository/javax/servlet/javax.servlet-api/3.1.0/javax.servlet-api-3.1.0.jar:/root/.m2/repository/org/eclipse/jetty/jetty-server/9.3.24.v20180605/jetty-server-9.3.24.v20180605.jar:/root/.m2/repository/org/eclipse/jetty/jetty-http/9.3.24.v20180605/jetty-http-9.3.24.v20180605.jar:/root/.m2/repository/org/eclipse/jetty/jetty-io/9.3.24.v20180605/jetty-io-9.3.24.v20180605.jar:/root/.m2/repository/org/eclipse/jetty/jetty-webapp/9.3.24.v20180605/jetty-webapp-9.3.24.v20180605.jar:/root/.m2/repository/org/eclipse/jetty/jetty-xml/9.3.24.v20180605/jetty-xml-9.3.24.v20180605.jar:/root/.m2/repository/log4j/log4j/1.2.17/log4j-1.2.17.jar:/root/.m2/repository/org/slf4j/slf4j-api/1.7.25/slf4j-api-1.7.25.jar:/root/.m2/repository/org/slf4j/jul-to-slf4j/1.7.25/jul-to-slf4j-1.7.25.jar:/root/.m2/repository/org/eclipse/jetty/jetty-util/9.3.24.v20180605/jetty-util-9.3.24.v20180605.jar:/root/.m2/repository/io/dropwizard/metrics/metrics-core/3.2.4/metrics-core-3.2.4.jar:/root/.m2/repository/com/fasterxml/jackson/core/jackson-databind/2.9.5/jackson-databind-2.9.5.jar:/root/.m2/repository/org/apache/hadoop/hadoop-kms/3.2.0/hadoop-kms-3.2.0-tests.jar:/root/.m2/repository/org/apache/hadoop/hadoop-hdds-server-scm/0.5.0-SNAPSHOT/hadoop-hdds-server-scm-0.5.0-SNAPSHOT-tests.jar:/root/.m2/repository/org/hamcrest/hamcrest-all/1.3/hamcrest-all-1.3.jar:/root/.m2/repository/info/picocli/picocli/3.9.6/picocli-3.9.6.jar:/root/.m2/repository/org/apache/hadoop/hadoop-hdds-container-service/0.5.0-SNAPSHOT/hadoop-hdds-container-service-0.5.0-SNAPSHOT-tests.jar:/root/.m2/repository/org/yaml/snakeyaml/1.16/snakeyaml-1.16.jar:/root/.m2/repository/org/apache/hadoop/hadoop-common/3.2.0/hadoop-common-3.2.0-tests.jar:/root/.m2/repository/org/apache/hadoop/hadoop-annotations/3.2.0/hadoop-annotations-3.2.0.jar:/usr/lib/jvm/java-1.8-openjdk/jre/../lib/tools.jar:/root/.m2/repository/commons-cli/commons-cli/1.2/commons-cli-1.2.jar:/root/.m2/repository/org/apache/httpcomponents/httpclient/4.5.2/httpclient-4.5.2.jar:/root/.m2/repository/org/apache/httpcomponents/httpcore/4.4.4/httpcore-4.4.4.jar:/root/.m2/repository/commons-codec/commons-codec/1.11/commons-codec-1.11.jar:/root/.m2/repository/commons-net/commons-net/3.6/commons-net-3.6.jar:/root/.m2/repository/commons-collections/commons-collections/3.2.2/commons-collections-3.2.2.jar:/root/.m2/repository/org/eclipse/jetty/jetty-servlet/9.3.24.v20180605/jetty-servlet-9.3.24.v20180605.jar:/root/.m2/repository/org/eclipse/jetty/jetty-security/9.3.24.v20180605/jetty-security-9.3.24.v20180605.jar:/root/.m2/repository/javax/servlet/jsp/jsp-api/2.1/jsp-api-2.1.jar:/root/.m2/repository/com/sun/jersey/jersey-servlet/1.19/jersey-servlet-1.19.jar:/root/.m2/repository/com/sun/jersey/jersey-json/1.19/jersey-json-1.19.jar:/root/.m2/repository/org/codehaus/jettison/jettison/1.1/jettison-1.1.jar:/root/.m2/repository/org/codehaus/jackson/jackson-core-asl/1.9.13/jackson-core-asl-1.9.13.jar:/root/.m2/repository/org/codehaus/jackson/jackson-mapper-asl/1.9.13/jackson-mapper-asl-1.9.13.jar:/root/.m2/repository/org/codehaus/jackson/jackson-jaxrs/1.9.13/jackson-jaxrs-1.9.13.jar:/root/.m2/repository/org/codehaus/jackson/jackson-xc/1.9.13/jackson-xc-1.9.13.jar:/root/.m2/repository/commons-logging/commons-logging/1.1.3/commons-logging-1.1.3.jar:/root/.m2/repository/commons-beanutils/commons-beanutils/1.9.3/commons-beanutils-1.9.3.jar:/root/.m2/repository/org/apache/commons/commons-configuration2/2.1.1/commons-configuration2-2.1.1.jar:/root/.m2/repository/org/apache/commons/commons-lang3/3.7/commons-lang3-3.7.jar:/root/.m2/repository/org/apache/commons/commons-text/1.4/commons-text-1.4.jar:/root/.m2/repository/org/apache/avro/avro/1.7.7/avro-1.7.7.jar:/root/.m2/repository/com/thoughtworks/paranamer/paranamer/2.3/paranamer-2.3.jar:/root/.m2/repository/org/xerial/snappy/snappy-java/1.0.5/snappy-java-1.0.5.jar:/root/.m2/repository/com/google/re2j/re2j/1.1/re2j-1.1.jar:/root/.m2/repository/com/google/code/gson/gson/2.2.4/gson-2.2.4.jar:/root/.m2/repository/com/jcraft/jsch/0.1.54/jsch-0.1.54.jar:/root/.m2/repository/org/apache/curator/curator-client/2.12.0/curator-client-2.12.0.jar:/root/.m2/repository/org/apache/curator/curator-recipes/2.12.0/curator-recipes-2.12.0.jar:/root/.m2/repository/com/google/code/findbugs/jsr305/3.0.0/jsr305-3.0.0.jar:/root/.m2/repository/org/apache/htrace/htrace-core4/4.1.0-incubating/htrace-core4-4.1.0-incubating.jar:/root/.m2/repository/org/apache/zookeeper/zookeeper/3.4.13/zookeeper-3.4.13.jar:/root/.m2/repository/org/apache/yetus/audience-annotations/0.5.0/audience-annotations-0.5.0.jar:/root/.m2/repository/org/codehaus/woodstox/stax2-api/3.1.4/stax2-api-3.1.4.jar:/root/.m2/repository/com/fasterxml/woodstox/woodstox-core/5.0.3/woodstox-core-5.0.3.jar:/root/.m2/repository/dnsjava/dnsjava/2.1.7/dnsjava-2.1.7.jar:/root/.m2/repository/org/apache/hadoop/hadoop-hdfs/3.2.0/hadoop-hdfs-3.2.0-tests.jar:/root/.m2/repository/org/eclipse/jetty/jetty-util-ajax/9.3.24.v20180605/jetty-util-ajax-9.3.24.v20180605.jar:/root/.m2/repository/commons-daemon/commons-daemon/1.0.13/commons-daemon-1.0.13.jar:/root/.m2/repository/io/netty/netty/3.10.5.Final/netty-3.10.5.Final.jar:/root/.m2/repository/io/netty/netty-all/4.0.52.Final/netty-all-4.0.52.Final.jar:/root/.m2/repository/org/fusesource/leveldbjni/leveldbjni-all/1.8/leveldbjni-all-1.8.jar:"/>
    <property name="java.vm.vendor" value="IcedTea"/>
    <property name="sun.arch.data.model" value="64"/>
    <property name="test.build.dir" value="/opt/src/hadoop-ozone/integration-test/target/test-dir"/>
    <property name="test.cache.data" value=""/>
    <property name="java.vendor.url" value="https://icedtea.classpath.org"/>
    <property name="user.timezone" value=""/>
    <property name="java.vm.specification.version" value="1.8"/>
    <property name="os.name" value="Linux"/>
    <property name="test.build.data" value="/opt/src/hadoop-ozone/integration-test/target/test-dir"/>
    <property name="user.country" value="US"/>
    <property name="sun.java.launcher" value="SUN_STANDARD"/>
    <property name="sun.boot.library.path" value="/usr/lib/jvm/java-1.8-openjdk/jre/lib/amd64"/>
    <property name="sun.java.command" value="/opt/src/hadoop-ozone/integration-test/target/surefire/surefirebooter7163815243502694731.jar /opt/src/hadoop-ozone/integration-test/target/surefire 2019-06-14T06-13-17_743-jvmRun1 surefire6505431159129556354tmp surefire_84205171392410809211tmp"/>
    <property name="surefire.test.class.path" value="/opt/src/hadoop-ozone/integration-test/target/test-classes:/opt/src/hadoop-ozone/integration-test/target/classes:/root/.m2/repository/org/apache/hadoop/hadoop-ozone-common/0.5.0-SNAPSHOT/hadoop-ozone-common-0.5.0-SNAPSHOT.jar:/root/.m2/repository/org/apache/commons/commons-compress/1.4.1/commons-compress-1.4.1.jar:/root/.m2/repository/org/tukaani/xz/1.0/xz-1.0.jar:/root/.m2/repository/org/apache/hadoop/hadoop-common/3.2.0/hadoop-common-3.2.0.jar:/root/.m2/repository/org/apache/hadoop/hadoop-hdfs/3.2.0/hadoop-hdfs-3.2.0.jar:/root/.m2/repository/org/apache/hadoop/hadoop-hdfs-client/3.2.0/hadoop-hdfs-client-3.2.0.jar:/root/.m2/repository/com/fasterxml/jackson/core/jackson-annotations/2.9.5/jackson-annotations-2.9.5.jar:/root/.m2/repository/org/apache/hadoop/hadoop-hdds-common/0.5.0-SNAPSHOT/hadoop-hdds-common-0.5.0-SNAPSHOT.jar:/root/.m2/repository/javax/annotation/javax.annotation-api/1.2/javax.annotation-api-1.2.jar:/root/.m2/repository/org/apache/ratis/ratis-server/0.4.0-fe2b15d-SNAPSHOT/ratis-server-0.4.0-fe2b15d-SNAPSHOT.jar:/root/.m2/repository/org/apache/ratis/ratis-thirdparty-misc/0.2.0/ratis-thirdparty-misc-0.2.0.jar:/root/.m2/repository/org/apache/ratis/ratis-proto/0.4.0-fe2b15d-SNAPSHOT/ratis-proto-0.4.0-fe2b15d-SNAPSHOT.jar:/root/.m2/repository/org/apache/ratis/ratis-common/0.4.0-fe2b15d-SNAPSHOT/ratis-common-0.4.0-fe2b15d-SNAPSHOT.jar:/root/.m2/repository/org/apache/ratis/ratis-client/0.4.0-fe2b15d-SNAPSHOT/ratis-client-0.4.0-fe2b15d-SNAPSHOT.jar:/root/.m2/repository/org/apache/ratis/ratis-netty/0.4.0-fe2b15d-SNAPSHOT/ratis-netty-0.4.0-fe2b15d-SNAPSHOT.jar:/root/.m2/repository/org/apache/ratis/ratis-grpc/0.4.0-fe2b15d-SNAPSHOT/ratis-grpc-0.4.0-fe2b15d-SNAPSHOT.jar:/root/.m2/repository/org/rocksdb/rocksdbjni/5.14.2/rocksdbjni-5.14.2.jar:/root/.m2/repository/org/apache/logging/log4j/log4j-api/2.11.0/log4j-api-2.11.0.jar:/root/.m2/repository/org/apache/logging/log4j/log4j-core/2.11.0/log4j-core-2.11.0.jar:/root/.m2/repository/com/lmax/disruptor/3.4.2/disruptor-3.4.2.jar:/root/.m2/repository/org/apache/commons/commons-pool2/2.6.0/commons-pool2-2.6.0.jar:/root/.m2/repository/org/bouncycastle/bcpkix-jdk15on/1.60/bcpkix-jdk15on-1.60.jar:/root/.m2/repository/commons-validator/commons-validator/1.6/commons-validator-1.6.jar:/root/.m2/repository/commons-digester/commons-digester/1.8.1/commons-digester-1.8.1.jar:/root/.m2/repository/io/jaegertracing/jaeger-client/0.33.1/jaeger-client-0.33.1.jar:/root/.m2/repository/io/jaegertracing/jaeger-thrift/0.33.1/jaeger-thrift-0.33.1.jar:/root/.m2/repository/org/apache/thrift/libthrift/0.11.0/libthrift-0.11.0.jar:/root/.m2/repository/com/squareup/okhttp3/okhttp/3.9.0/okhttp-3.9.0.jar:/root/.m2/repository/com/squareup/okio/okio/1.13.0/okio-1.13.0.jar:/root/.m2/repository/io/jaegertracing/jaeger-core/0.33.1/jaeger-core-0.33.1.jar:/root/.m2/repository/io/jaegertracing/jaeger-tracerresolver/0.33.1/jaeger-tracerresolver-0.33.1.jar:/root/.m2/repository/io/opentracing/contrib/opentracing-tracerresolver/0.1.5/opentracing-tracerresolver-0.1.5.jar:/root/.m2/repository/io/opentracing/opentracing-util/0.31.0/opentracing-util-0.31.0.jar:/root/.m2/repository/io/opentracing/opentracing-api/0.31.0/opentracing-api-0.31.0.jar:/root/.m2/repository/io/opentracing/opentracing-noop/0.31.0/opentracing-noop-0.31.0.jar:/root/.m2/repository/org/apache/hadoop/hadoop-hdds-server-framework/0.5.0-SNAPSHOT/hadoop-hdds-server-framework-0.5.0-SNAPSHOT.jar:/root/.m2/repository/org/apache/hadoop/hadoop-hdds-server-scm/0.5.0-SNAPSHOT/hadoop-hdds-server-scm-0.5.0-SNAPSHOT.jar:/root/.m2/repository/org/apache/hadoop/hadoop-hdds-container-service/0.5.0-SNAPSHOT/hadoop-hdds-container-service-0.5.0-SNAPSHOT.jar:/root/.m2/repository/org/apache/hadoop/hadoop-hdds-client/0.5.0-SNAPSHOT/hadoop-hdds-client-0.5.0-SNAPSHOT.jar:/root/.m2/repository/org/apache/hadoop/hadoop-hdds-tools/0.5.0-SNAPSHOT/hadoop-hdds-tools-0.5.0-SNAPSHOT.jar:/root/.m2/repository/org/apache/hadoop/hadoop-ozone-ozone-manager/0.5.0-SNAPSHOT/hadoop-ozone-ozone-manager-0.5.0-SNAPSHOT.jar:/root/.m2/repository/org/apache/hadoop/hadoop-hdds-docs/0.5.0-SNAPSHOT/hadoop-hdds-docs-0.5.0-SNAPSHOT.jar:/root/.m2/repository/org/bouncycastle/bcprov-jdk15on/1.60/bcprov-jdk15on-1.60.jar:/root/.m2/repository/org/apache/hadoop/hadoop-minikdc/3.2.0/hadoop-minikdc-3.2.0.jar:/root/.m2/repository/commons-io/commons-io/2.5/commons-io-2.5.jar:/root/.m2/repository/org/apache/kerby/kerb-simplekdc/1.0.1/kerb-simplekdc-1.0.1.jar:/root/.m2/repository/org/apache/kerby/kerb-client/1.0.1/kerb-client-1.0.1.jar:/root/.m2/repository/org/apache/kerby/kerby-config/1.0.1/kerby-config-1.0.1.jar:/root/.m2/repository/org/apache/kerby/kerb-core/1.0.1/kerb-core-1.0.1.jar:/root/.m2/repository/org/apache/kerby/kerby-pkix/1.0.1/kerby-pkix-1.0.1.jar:/root/.m2/repository/org/apache/kerby/kerby-asn1/1.0.1/kerby-asn1-1.0.1.jar:/root/.m2/repository/org/apache/kerby/kerby-util/1.0.1/kerby-util-1.0.1.jar:/root/.m2/repository/org/apache/kerby/kerb-common/1.0.1/kerb-common-1.0.1.jar:/root/.m2/repository/org/apache/kerby/kerb-crypto/1.0.1/kerb-crypto-1.0.1.jar:/root/.m2/repository/org/apache/kerby/kerb-util/1.0.1/kerb-util-1.0.1.jar:/root/.m2/repository/org/apache/kerby/token-provider/1.0.1/token-provider-1.0.1.jar:/root/.m2/repository/org/apache/kerby/kerb-admin/1.0.1/kerb-admin-1.0.1.jar:/root/.m2/repository/org/apache/kerby/kerb-server/1.0.1/kerb-server-1.0.1.jar:/root/.m2/repository/org/apache/kerby/kerb-identity/1.0.1/kerb-identity-1.0.1.jar:/root/.m2/repository/org/apache/kerby/kerby-xdr/1.0.1/kerby-xdr-1.0.1.jar:/root/.m2/repository/org/slf4j/slf4j-log4j12/1.7.25/slf4j-log4j12-1.7.25.jar:/root/.m2/repository/org/apache/hadoop/hadoop-ozone-objectstore-service/0.5.0-SNAPSHOT/hadoop-ozone-objectstore-service-0.5.0-SNAPSHOT.jar:/root/.m2/repository/org/apache/hadoop/hadoop-ozone-s3gateway/0.5.0-SNAPSHOT/hadoop-ozone-s3gateway-0.5.0-SNAPSHOT.jar:/root/.m2/repository/org/jboss/weld/servlet/weld-servlet/2.4.7.Final/weld-servlet-2.4.7.Final.jar:/root/.m2/repository/org/glassfish/jersey/containers/jersey-container-servlet-core/2.27/jersey-container-servlet-core-2.27.jar:/root/.m2/repository/org/glassfish/hk2/external/javax.inject/2.5.0-b42/javax.inject-2.5.0-b42.jar:/root/.m2/repository/org/glassfish/jersey/core/jersey-common/2.27/jersey-common-2.27.jar:/root/.m2/repository/org/glassfish/hk2/osgi-resource-locator/1.0.1/osgi-resource-locator-1.0.1.jar:/root/.m2/repository/javax/ws/rs/javax.ws.rs-api/2.1/javax.ws.rs-api-2.1.jar:/root/.m2/repository/org/glassfish/jersey/ext/cdi/jersey-cdi1x/2.27/jersey-cdi1x-2.27.jar:/root/.m2/repository/org/glassfish/jersey/inject/jersey-hk2/2.27/jersey-hk2-2.27.jar:/root/.m2/repository/org/glassfish/hk2/hk2-locator/2.5.0-b42/hk2-locator-2.5.0-b42.jar:/root/.m2/repository/org/javassist/javassist/3.22.0-CR2/javassist-3.22.0-CR2.jar:/root/.m2/repository/org/glassfish/hk2/hk2-api/2.5.0/hk2-api-2.5.0.jar:/root/.m2/repository/org/glassfish/hk2/external/jakarta.inject/2.5.0/jakarta.inject-2.5.0.jar:/root/.m2/repository/org/glassfish/hk2/hk2-utils/2.5.0/hk2-utils-2.5.0.jar:/root/.m2/repository/jakarta/annotation/jakarta.annotation-api/1.3.4/jakarta.annotation-api-1.3.4.jar:/root/.m2/repository/org/glassfish/hk2/external/aopalliance-repackaged/2.5.0/aopalliance-repackaged-2.5.0.jar:/root/.m2/repository/com/fasterxml/jackson/dataformat/jackson-dataformat-xml/2.9.0/jackson-dataformat-xml-2.9.0.jar:/root/.m2/repository/com/fasterxml/jackson/core/jackson-core/2.9.5/jackson-core-2.9.5.jar:/root/.m2/repository/com/fasterxml/jackson/module/jackson-module-jaxb-annotations/2.9.5/jackson-module-jaxb-annotations-2.9.5.jar:/root/.m2/repository/javax/enterprise/cdi-api/1.2/cdi-api-1.2.jar:/root/.m2/repository/javax/el/javax.el-api/3.0.0/javax.el-api-3.0.0.jar:/root/.m2/repository/javax/interceptor/javax.interceptor-api/1.2/javax.interceptor-api-1.2.jar:/root/.m2/repository/javax/inject/javax.inject/1/javax.inject-1.jar:/root/.m2/repository/com/sun/xml/bind/jaxb-impl/2.3.0.1/jaxb-impl-2.3.0.1.jar:/root/.m2/repository/com/sun/xml/bind/jaxb-core/2.3.0.1/jaxb-core-2.3.0.1.jar:/root/.m2/repository/javax/xml/bind/jaxb-api/2.3.0/jaxb-api-2.3.0.jar:/root/.m2/repository/javax/activation/activation/1.1.1/activation-1.1.1.jar:/root/.m2/repository/org/apache/hadoop/hadoop-ozone-csi/0.5.0-SNAPSHOT/hadoop-ozone-csi-0.5.0-SNAPSHOT.jar:/root/.m2/repository/com/google/protobuf/protobuf-java-util/3.5.1/protobuf-java-util-3.5.1.jar:/root/.m2/repository/org/apache/hadoop/hadoop-hdds-config/0.5.0-SNAPSHOT/hadoop-hdds-config-0.5.0-SNAPSHOT.jar:/root/.m2/repository/com/google/guava/guava/11.0.2/guava-11.0.2.jar:/root/.m2/repository/com/google/protobuf/protobuf-java/2.5.0/protobuf-java-2.5.0.jar:/root/.m2/repository/io/grpc/grpc-netty/1.17.1/grpc-netty-1.17.1.jar:/root/.m2/repository/io/grpc/grpc-core/1.17.1/grpc-core-1.17.1.jar:/root/.m2/repository/io/grpc/grpc-context/1.17.1/grpc-context-1.17.1.jar:/root/.m2/repository/com/google/errorprone/error_prone_annotations/2.2.0/error_prone_annotations-2.2.0.jar:/root/.m2/repository/org/codehaus/mojo/animal-sniffer-annotations/1.17/animal-sniffer-annotations-1.17.jar:/root/.m2/repository/io/opencensus/opencensus-api/0.17.0/opencensus-api-0.17.0.jar:/root/.m2/repository/io/opencensus/opencensus-contrib-grpc-metrics/0.17.0/opencensus-contrib-grpc-metrics-0.17.0.jar:/root/.m2/repository/io/netty/netty-codec-http2/4.1.30.Final/netty-codec-http2-4.1.30.Final.jar:/root/.m2/repository/io/netty/netty-codec-http/4.1.30.Final/netty-codec-http-4.1.30.Final.jar:/root/.m2/repository/io/netty/netty-codec/4.1.30.Final/netty-codec-4.1.30.Final.jar:/root/.m2/repository/io/netty/netty-handler/4.1.30.Final/netty-handler-4.1.30.Final.jar:/root/.m2/repository/io/netty/netty-handler-proxy/4.1.30.Final/netty-handler-proxy-4.1.30.Final.jar:/root/.m2/repository/io/netty/netty-codec-socks/4.1.30.Final/netty-codec-socks-4.1.30.Final.jar:/root/.m2/repository/io/netty/netty-transport-native-epoll/4.1.30.Final/netty-transport-native-epoll-4.1.30.Final.jar:/root/.m2/repository/io/netty/netty-common/4.1.30.Final/netty-common-4.1.30.Final.jar:/root/.m2/repository/io/netty/netty-buffer/4.1.30.Final/netty-buffer-4.1.30.Final.jar:/root/.m2/repository/io/netty/netty-transport/4.1.30.Final/netty-transport-4.1.30.Final.jar:/root/.m2/repository/io/netty/netty-resolver/4.1.30.Final/netty-resolver-4.1.30.Final.jar:/root/.m2/repository/io/netty/netty-transport-native-unix-common/4.1.30.Final/netty-transport-native-unix-common-4.1.30.Final.jar:/root/.m2/repository/io/grpc/grpc-protobuf/1.17.1/grpc-protobuf-1.17.1.jar:/root/.m2/repository/com/google/api/grpc/proto-google-common-protos/1.0.0/proto-google-common-protos-1.0.0.jar:/root/.m2/repository/io/grpc/grpc-protobuf-lite/1.17.1/grpc-protobuf-lite-1.17.1.jar:/root/.m2/repository/io/grpc/grpc-stub/1.17.1/grpc-stub-1.17.1.jar:/root/.m2/repository/org/apache/hadoop/hadoop-ozone-recon/0.5.0-SNAPSHOT/hadoop-ozone-recon-0.5.0-SNAPSHOT.jar:/root/.m2/repository/org/apache/hadoop/hadoop-ozone-reconcodegen/0.5.0-SNAPSHOT/hadoop-ozone-reconcodegen-0.5.0-SNAPSHOT.jar:/root/.m2/repository/com/google/inject/extensions/guice-multibindings/4.0/guice-multibindings-4.0.jar:/root/.m2/repository/com/google/inject/guice/4.0/guice-4.0.jar:/root/.m2/repository/aopalliance/aopalliance/1.0/aopalliance-1.0.jar:/root/.m2/repository/com/google/inject/extensions/guice-servlet/4.0/guice-servlet-4.0.jar:/root/.m2/repository/org/glassfish/jersey/containers/jersey-container-servlet/2.27/jersey-container-servlet-2.27.jar:/root/.m2/repository/org/glassfish/hk2/guice-bridge/2.5.0/guice-bridge-2.5.0.jar:/root/.m2/repository/org/glassfish/jersey/core/jersey-server/2.27/jersey-server-2.27.jar:/root/.m2/repository/org/glassfish/jersey/core/jersey-client/2.27/jersey-client-2.27.jar:/root/.m2/repository/org/glassfish/jersey/media/jersey-media-jaxb/2.27/jersey-media-jaxb-2.27.jar:/root/.m2/repository/javax/validation/validation-api/1.1.0.Final/validation-api-1.1.0.Final.jar:/root/.m2/repository/org/glassfish/jersey/media/jersey-media-json-jackson/2.27/jersey-media-json-jackson-2.27.jar:/root/.m2/repository/org/glassfish/jersey/ext/jersey-entity-filtering/2.27/jersey-entity-filtering-2.27.jar:/root/.m2/repository/com/google/inject/extensions/guice-assistedinject/4.0/guice-assistedinject-4.0.jar:/root/.m2/repository/org/jooq/jooq/3.11.10/jooq-3.11.10.jar:/root/.m2/repository/org/jooq/jooq-meta/3.11.10/jooq-meta-3.11.10.jar:/root/.m2/repository/org/jooq/jooq-codegen/3.11.10/jooq-codegen-3.11.10.jar:/root/.m2/repository/com/jolbox/bonecp/0.8.0.RELEASE/bonecp-0.8.0.RELEASE.jar:/root/.m2/repository/org/xerial/sqlite-jdbc/3.25.2/sqlite-jdbc-3.25.2.jar:/root/.m2/repository/org/springframework/spring-jdbc/5.1.3.RELEASE/spring-jdbc-5.1.3.RELEASE.jar:/root/.m2/repository/org/springframework/spring-beans/5.1.3.RELEASE/spring-beans-5.1.3.RELEASE.jar:/root/.m2/repository/org/springframework/spring-core/5.1.3.RELEASE/spring-core-5.1.3.RELEASE.jar:/root/.m2/repository/org/springframework/spring-jcl/5.1.3.RELEASE/spring-jcl-5.1.3.RELEASE.jar:/root/.m2/repository/org/springframework/spring-tx/5.1.3.RELEASE/spring-tx-5.1.3.RELEASE.jar:/root/.m2/repository/org/apache/hadoop/hadoop-ozone-client/0.5.0-SNAPSHOT/hadoop-ozone-client-0.5.0-SNAPSHOT.jar:/root/.m2/repository/org/apache/hadoop/hadoop-ozone-ozone-manager/0.5.0-SNAPSHOT/hadoop-ozone-ozone-manager-0.5.0-SNAPSHOT-tests.jar:/root/.m2/repository/junit/junit/4.11/junit-4.11.jar:/root/.m2/repository/org/hamcrest/hamcrest-core/1.3/hamcrest-core-1.3.jar:/root/.m2/repository/org/openjdk/jmh/jmh-core/1.19/jmh-core-1.19.jar:/root/.m2/repository/net/sf/jopt-simple/jopt-simple/4.6/jopt-simple-4.6.jar:/root/.m2/repository/org/apache/commons/commons-math3/3.1.1/commons-math3-3.1.1.jar:/root/.m2/repository/org/openjdk/jmh/jmh-generator-annprocess/1.19/jmh-generator-annprocess-1.19.jar:/root/.m2/repository/org/mockito/mockito-all/1.8.5/mockito-all-1.8.5.jar:/root/.m2/repository/org/apache/hadoop/hadoop-kms/3.2.0/hadoop-kms-3.2.0.jar:/root/.m2/repository/org/apache/hadoop/hadoop-auth/3.2.0/hadoop-auth-3.2.0.jar:/root/.m2/repository/com/nimbusds/nimbus-jose-jwt/4.41.1/nimbus-jose-jwt-4.41.1.jar:/root/.m2/repository/com/github/stephenc/jcip/jcip-annotations/1.0-1/jcip-annotations-1.0-1.jar:/root/.m2/repository/net/minidev/json-smart/2.3/json-smart-2.3.jar:/root/.m2/repository/net/minidev/accessors-smart/1.2/accessors-smart-1.2.jar:/root/.m2/repository/org/ow2/asm/asm/5.0.4/asm-5.0.4.jar:/root/.m2/repository/org/apache/curator/curator-framework/2.12.0/curator-framework-2.12.0.jar:/root/.m2/repository/com/sun/jersey/jersey-core/1.19/jersey-core-1.19.jar:/root/.m2/repository/javax/ws/rs/jsr311-api/1.1.1/jsr311-api-1.1.1.jar:/root/.m2/repository/com/sun/jersey/jersey-server/1.19/jersey-server-1.19.jar:/root/.m2/repository/javax/servlet/javax.servlet-api/3.1.0/javax.servlet-api-3.1.0.jar:/root/.m2/repository/org/eclipse/jetty/jetty-server/9.3.24.v20180605/jetty-server-9.3.24.v20180605.jar:/root/.m2/repository/org/eclipse/jetty/jetty-http/9.3.24.v20180605/jetty-http-9.3.24.v20180605.jar:/root/.m2/repository/org/eclipse/jetty/jetty-io/9.3.24.v20180605/jetty-io-9.3.24.v20180605.jar:/root/.m2/repository/org/eclipse/jetty/jetty-webapp/9.3.24.v20180605/jetty-webapp-9.3.24.v20180605.jar:/root/.m2/repository/org/eclipse/jetty/jetty-xml/9.3.24.v20180605/jetty-xml-9.3.24.v20180605.jar:/root/.m2/repository/log4j/log4j/1.2.17/log4j-1.2.17.jar:/root/.m2/repository/org/slf4j/slf4j-api/1.7.25/slf4j-api-1.7.25.jar:/root/.m2/repository/org/slf4j/jul-to-slf4j/1.7.25/jul-to-slf4j-1.7.25.jar:/root/.m2/repository/org/eclipse/jetty/jetty-util/9.3.24.v20180605/jetty-util-9.3.24.v20180605.jar:/root/.m2/repository/io/dropwizard/metrics/metrics-core/3.2.4/metrics-core-3.2.4.jar:/root/.m2/repository/com/fasterxml/jackson/core/jackson-databind/2.9.5/jackson-databind-2.9.5.jar:/root/.m2/repository/org/apache/hadoop/hadoop-kms/3.2.0/hadoop-kms-3.2.0-tests.jar:/root/.m2/repository/org/apache/hadoop/hadoop-hdds-server-scm/0.5.0-SNAPSHOT/hadoop-hdds-server-scm-0.5.0-SNAPSHOT-tests.jar:/root/.m2/repository/org/hamcrest/hamcrest-all/1.3/hamcrest-all-1.3.jar:/root/.m2/repository/info/picocli/picocli/3.9.6/picocli-3.9.6.jar:/root/.m2/repository/org/apache/hadoop/hadoop-hdds-container-service/0.5.0-SNAPSHOT/hadoop-hdds-container-service-0.5.0-SNAPSHOT-tests.jar:/root/.m2/repository/org/yaml/snakeyaml/1.16/snakeyaml-1.16.jar:/root/.m2/repository/org/apache/hadoop/hadoop-common/3.2.0/hadoop-common-3.2.0-tests.jar:/root/.m2/repository/org/apache/hadoop/hadoop-annotations/3.2.0/hadoop-annotations-3.2.0.jar:/usr/lib/jvm/java-1.8-openjdk/jre/../lib/tools.jar:/root/.m2/repository/commons-cli/commons-cli/1.2/commons-cli-1.2.jar:/root/.m2/repository/org/apache/httpcomponents/httpclient/4.5.2/httpclient-4.5.2.jar:/root/.m2/repository/org/apache/httpcomponents/httpcore/4.4.4/httpcore-4.4.4.jar:/root/.m2/repository/commons-codec/commons-codec/1.11/commons-codec-1.11.jar:/root/.m2/repository/commons-net/commons-net/3.6/commons-net-3.6.jar:/root/.m2/repository/commons-collections/commons-collections/3.2.2/commons-collections-3.2.2.jar:/root/.m2/repository/org/eclipse/jetty/jetty-servlet/9.3.24.v20180605/jetty-servlet-9.3.24.v20180605.jar:/root/.m2/repository/org/eclipse/jetty/jetty-security/9.3.24.v20180605/jetty-security-9.3.24.v20180605.jar:/root/.m2/repository/javax/servlet/jsp/jsp-api/2.1/jsp-api-2.1.jar:/root/.m2/repository/com/sun/jersey/jersey-servlet/1.19/jersey-servlet-1.19.jar:/root/.m2/repository/com/sun/jersey/jersey-json/1.19/jersey-json-1.19.jar:/root/.m2/repository/org/codehaus/jettison/jettison/1.1/jettison-1.1.jar:/root/.m2/repository/org/codehaus/jackson/jackson-core-asl/1.9.13/jackson-core-asl-1.9.13.jar:/root/.m2/repository/org/codehaus/jackson/jackson-mapper-asl/1.9.13/jackson-mapper-asl-1.9.13.jar:/root/.m2/repository/org/codehaus/jackson/jackson-jaxrs/1.9.13/jackson-jaxrs-1.9.13.jar:/root/.m2/repository/org/codehaus/jackson/jackson-xc/1.9.13/jackson-xc-1.9.13.jar:/root/.m2/repository/commons-logging/commons-logging/1.1.3/commons-logging-1.1.3.jar:/root/.m2/repository/commons-beanutils/commons-beanutils/1.9.3/commons-beanutils-1.9.3.jar:/root/.m2/repository/org/apache/commons/commons-configuration2/2.1.1/commons-configuration2-2.1.1.jar:/root/.m2/repository/org/apache/commons/commons-lang3/3.7/commons-lang3-3.7.jar:/root/.m2/repository/org/apache/commons/commons-text/1.4/commons-text-1.4.jar:/root/.m2/repository/org/apache/avro/avro/1.7.7/avro-1.7.7.jar:/root/.m2/repository/com/thoughtworks/paranamer/paranamer/2.3/paranamer-2.3.jar:/root/.m2/repository/org/xerial/snappy/snappy-java/1.0.5/snappy-java-1.0.5.jar:/root/.m2/repository/com/google/re2j/re2j/1.1/re2j-1.1.jar:/root/.m2/repository/com/google/code/gson/gson/2.2.4/gson-2.2.4.jar:/root/.m2/repository/com/jcraft/jsch/0.1.54/jsch-0.1.54.jar:/root/.m2/repository/org/apache/curator/curator-client/2.12.0/curator-client-2.12.0.jar:/root/.m2/repository/org/apache/curator/curator-recipes/2.12.0/curator-recipes-2.12.0.jar:/root/.m2/repository/com/google/code/findbugs/jsr305/3.0.0/jsr305-3.0.0.jar:/root/.m2/repository/org/apache/htrace/htrace-core4/4.1.0-incubating/htrace-core4-4.1.0-incubating.jar:/root/.m2/repository/org/apache/zookeeper/zookeeper/3.4.13/zookeeper-3.4.13.jar:/root/.m2/repository/org/apache/yetus/audience-annotations/0.5.0/audience-annotations-0.5.0.jar:/root/.m2/repository/org/codehaus/woodstox/stax2-api/3.1.4/stax2-api-3.1.4.jar:/root/.m2/repository/com/fasterxml/woodstox/woodstox-core/5.0.3/woodstox-core-5.0.3.jar:/root/.m2/repository/dnsjava/dnsjava/2.1.7/dnsjava-2.1.7.jar:/root/.m2/repository/org/apache/hadoop/hadoop-hdfs/3.2.0/hadoop-hdfs-3.2.0-tests.jar:/root/.m2/repository/org/eclipse/jetty/jetty-util-ajax/9.3.24.v20180605/jetty-util-ajax-9.3.24.v20180605.jar:/root/.m2/repository/commons-daemon/commons-daemon/1.0.13/commons-daemon-1.0.13.jar:/root/.m2/repository/io/netty/netty/3.10.5.Final/netty-3.10.5.Final.jar:/root/.m2/repository/io/netty/netty-all/4.0.52.Final/netty-all-4.0.52.Final.jar:/root/.m2/repository/org/fusesource/leveldbjni/leveldbjni-all/1.8/leveldbjni-all-1.8.jar:"/>
    <property name="sun.cpu.endian" value="little"/>
    <property name="user.home" value="/root"/>
    <property name="user.language" value="en"/>
    <property name="java.specification.vendor" value="Oracle Corporation"/>
    <property name="java.home" value="/usr/lib/jvm/java-1.8-openjdk/jre"/>
    <property name="java.security.krb5.conf" value="/opt/src/hadoop-ozone/integration-test/target/test-classes/krb5.conf"/>
    <property name="basedir" value="/opt/src/hadoop-ozone/integration-test"/>
    <property name="file.separator" value="/"/>
    <property name="line.separator" value="&#10;"/>
    <property name="java.vm.specification.vendor" value="Oracle Corporation"/>
    <property name="java.specification.name" value="Java Platform API Specification"/>
    <property name="java.awt.graphicsenv" value="sun.awt.X11GraphicsEnvironment"/>
    <property name="surefire.real.class.path" value="/opt/src/hadoop-ozone/integration-test/target/surefire/surefirebooter7163815243502694731.jar"/>
    <property name="hadoop.log.dir" value="/opt/src/hadoop-ozone/integration-test/target/log"/>
    <property name="sun.boot.class.path" value="/usr/lib/jvm/java-1.8-openjdk/jre/lib/resources.jar:/usr/lib/jvm/java-1.8-openjdk/jre/lib/rt.jar:/usr/lib/jvm/java-1.8-openjdk/jre/lib/sunrsasign.jar:/usr/lib/jvm/java-1.8-openjdk/jre/lib/jsse.jar:/usr/lib/jvm/java-1.8-openjdk/jre/lib/jce.jar:/usr/lib/jvm/java-1.8-openjdk/jre/lib/charsets.jar:/usr/lib/jvm/java-1.8-openjdk/jre/lib/jfr.jar:/usr/lib/jvm/java-1.8-openjdk/jre/classes"/>
    <property name="sun.management.compiler" value="HotSpot 64-Bit Tiered Compilers"/>
    <property name="java.runtime.version" value="1.8.0_212-b04"/>
    <property name="java.net.preferIPv4Stack" value="true"/>
    <property name="user.name" value="root"/>
    <property name="path.separator" value=":"/>
    <property name="java.security.egd" value="file:///dev/urandom"/>
    <property name="os.version" value="4.15.0-1021-aws"/>
    <property name="java.endorsed.dirs" value="/usr/lib/jvm/java-1.8-openjdk/jre/lib/endorsed"/>
    <property name="java.runtime.name" value="OpenJDK Runtime Environment"/>
    <property name="file.encoding" value="UTF-8"/>
    <property name="java.vm.name" value="OpenJDK 64-Bit Server VM"/>
    <property name="test.build.webapps" value=""/>
    <property name="localRepository" value="/root/.m2/repository"/>
    <property name="java.vendor.url.bug" value="https://icedtea.classpath.org/bugzilla"/>
    <property name="java.io.tmpdir" value="/tmp"/>
    <property name="require.test.libhadoop" value=""/>
    <property name="java.version" value="1.8.0_212"/>
    <property name="user.dir" value="/opt/src/hadoop-ozone/integration-test"/>
    <property name="os.arch" value="amd64"/>
    <property name="java.vm.specification.name" value="Java Virtual Machine Specification"/>
    <property name="test.build.classes" value="/opt/src/hadoop-ozone/integration-test/target/test-classes"/>
    <property name="java.awt.printerjob" value="sun.print.PSPrinterJob"/>
    <property name="sun.os.patch.level" value="unknown"/>
    <property name="hadoop.tmp.dir" value="/opt/src/hadoop-ozone/integration-test/target/tmp"/>
    <property name="java.library.path" value="/usr/lib/jvm/java-1.8-openjdk/jre/lib/amd64/server:/usr/lib/jvm/java-1.8-openjdk/jre/lib/amd64:/usr/lib/jvm/java-1.8-openjdk/jre/../lib/amd64:/opt/src/hadoop-ozone/integration-test/target/native/target/usr/local/lib:/opt/src/hadoop-ozone/integration-test/../../hadoop-common-project/hadoop-common/target/native/target/usr/local/lib:/usr/java/packages/lib/amd64:/usr/lib64:/lib64:/lib:/usr/lib"/>
    <property name="java.vm.info" value="mixed mode"/>
    <property name="java.vendor" value="IcedTea"/>
    <property name="java.vm.version" value="25.212-b04"/>
    <property name="java.ext.dirs" value="/usr/lib/jvm/java-1.8-openjdk/jre/lib/ext:/usr/java/packages/lib/ext"/>
    <property name="sun.io.unicode.encoding" value="UnicodeLittle"/>
    <property name="java.class.version" value="52.0"/>
  </properties>
  <testcase name="testPipelineFail" classname="org.apache.hadoop.hdds.scm.pipeline.TestNodeFailure" time="0">
    <skipped/>
    <system-out><![CDATA[2019-06-14 06:16:47,099 WARN  server.ServerUtils (ServerUtils.java:getScmDbDir(145)) - ozone.scm.db.dirs is not configured. We recommend adding this setting. Falling back to ozone.metadata.dirs instead.
2019-06-14 06:16:47,182 WARN  server.ServerUtils (ServerUtils.java:getScmDbDir(145)) - ozone.scm.db.dirs is not configured. We recommend adding this setting. Falling back to ozone.metadata.dirs instead.
2019-06-14 06:16:47,185 WARN  server.ServerUtils (ServerUtils.java:getScmDbDir(145)) - ozone.scm.db.dirs is not configured. We recommend adding this setting. Falling back to ozone.metadata.dirs instead.
2019-06-14 06:16:47,204 INFO  util.log (Log.java:initialized(192)) - Logging initialized @712ms
2019-06-14 06:16:47,294 INFO  db.DBStoreBuilder (DBStoreBuilder.java:addTable(110)) - using custom profile for table: deletedBlocks
2019-06-14 06:16:47,294 INFO  db.DBStoreBuilder (DBStoreBuilder.java:processTables(161)) - Using default column profile:DBProfile.DISK for Table:deletedBlocks
2019-06-14 06:16:47,294 INFO  db.DBStoreBuilder (DBStoreBuilder.java:addTable(110)) - using custom profile for table: validCerts
2019-06-14 06:16:47,294 INFO  db.DBStoreBuilder (DBStoreBuilder.java:processTables(161)) - Using default column profile:DBProfile.DISK for Table:validCerts
2019-06-14 06:16:47,295 INFO  db.DBStoreBuilder (DBStoreBuilder.java:addTable(110)) - using custom profile for table: revokedCerts
2019-06-14 06:16:47,295 INFO  db.DBStoreBuilder (DBStoreBuilder.java:processTables(161)) - Using default column profile:DBProfile.DISK for Table:revokedCerts
2019-06-14 06:16:47,305 INFO  db.DBStoreBuilder (DBStoreBuilder.java:addTable(110)) - using custom profile for table: default
2019-06-14 06:16:47,305 INFO  db.DBStoreBuilder (DBStoreBuilder.java:processTables(167)) - Using default column profile:DBProfile.DISK for Table:default
2019-06-14 06:16:47,307 INFO  db.DBStoreBuilder (DBStoreBuilder.java:getDbProfile(198)) - Using default options. DBProfile.DISK
2019-06-14 06:16:47,374 INFO  node.SCMNodeManager (SCMNodeManager.java:<init>(108)) - Entering startup safe mode.
2019-06-14 06:16:47,432 INFO  net.NodeSchemaLoader (NodeSchemaLoader.java:loadSchemaFromFile(125)) - Loading file from sun.misc.CompoundEnumeration@443118b0
2019-06-14 06:16:47,433 INFO  net.NodeSchemaLoader (NodeSchemaLoader.java:loadSchema(171)) - Loading network topology layer schema file
2019-06-14 06:16:47,483 WARN  server.ServerUtils (ServerUtils.java:getScmDbDir(145)) - ozone.scm.db.dirs is not configured. We recommend adding this setting. Falling back to ozone.metadata.dirs instead.
2019-06-14 06:16:47,502 INFO  pipeline.SCMPipelineManager (SCMPipelineManager.java:initializePipelineState(126)) - No pipeline exists in current db
2019-06-14 06:16:47,503 WARN  server.ServerUtils (ServerUtils.java:getScmDbDir(145)) - ozone.scm.db.dirs is not configured. We recommend adding this setting. Falling back to ozone.metadata.dirs instead.
2019-06-14 06:16:47,554 WARN  events.EventQueue (EventQueue.java:fireEvent(175)) - No event handler registered for event TypedEvent{payloadType=SafeModeStatus, name='SafeModeStatus'}
2019-06-14 06:16:47,826 INFO  ipc.CallQueueManager (CallQueueManager.java:<init>(84)) - Using callQueue: class java.util.concurrent.LinkedBlockingQueue, queueCapacity: 2000, scheduler: class org.apache.hadoop.ipc.DefaultRpcScheduler, ipcBackoff: false.
2019-06-14 06:16:47,849 INFO  ipc.Server (Server.java:run(1074)) - Starting Socket Reader #1 for port 36783
2019-06-14 06:16:47,871 INFO  ipc.CallQueueManager (CallQueueManager.java:<init>(84)) - Using callQueue: class java.util.concurrent.LinkedBlockingQueue, queueCapacity: 2000, scheduler: class org.apache.hadoop.ipc.DefaultRpcScheduler, ipcBackoff: false.
2019-06-14 06:16:47,872 INFO  ipc.Server (Server.java:run(1074)) - Starting Socket Reader #1 for port 41679
2019-06-14 06:16:47,878 INFO  ipc.CallQueueManager (CallQueueManager.java:<init>(84)) - Using callQueue: class java.util.concurrent.LinkedBlockingQueue, queueCapacity: 2000, scheduler: class org.apache.hadoop.ipc.DefaultRpcScheduler, ipcBackoff: false.
2019-06-14 06:16:47,906 INFO  ipc.Server (Server.java:run(1074)) - Starting Socket Reader #1 for port 36287
2019-06-14 06:16:47,953 INFO  hdfs.DFSUtil (DFSUtil.java:httpServerTemplateForNNAndJN(1641)) - Starting Web-server for scm at: http://0.0.0.0:0
2019-06-14 06:16:48,098 INFO  server.AuthenticationFilter (AuthenticationFilter.java:constructSecretProvider(240)) - Unable to initialize FileSignerSecretProvider, falling back to use random secrets.
2019-06-14 06:16:48,104 WARN  http.HttpRequestLog (HttpRequestLog.java:getRequestLog(97)) - Jetty request log can only be enabled using Log4j
2019-06-14 06:16:48,111 INFO  http.HttpServer2 (HttpServer2.java:addGlobalFilter(975)) - Added global filter 'safety' (class=org.apache.hadoop.http.HttpServer2$QuotingInputFilter)
2019-06-14 06:16:48,114 INFO  http.HttpServer2 (HttpServer2.java:addFilter(948)) - Added filter static_user_filter (class=org.apache.hadoop.http.lib.StaticUserWebFilter$StaticUserFilter) to context scm
2019-06-14 06:16:48,114 INFO  http.HttpServer2 (HttpServer2.java:addFilter(958)) - Added filter static_user_filter (class=org.apache.hadoop.http.lib.StaticUserWebFilter$StaticUserFilter) to context logs
2019-06-14 06:16:48,114 INFO  http.HttpServer2 (HttpServer2.java:addFilter(958)) - Added filter static_user_filter (class=org.apache.hadoop.http.lib.StaticUserWebFilter$StaticUserFilter) to context static
2019-06-14 06:16:48,138 INFO  server.StorageContainerManager (StorageContainerManager.java:start(752)) - StorageContainerLocationProtocol RPC server is listening at /0.0.0.0:36287
2019-06-14 06:16:48,184 WARN  impl.MetricsConfig (MetricsConfig.java:loadFirst(134)) - Cannot locate configuration: tried hadoop-metrics2-storagecontainermanager.properties,hadoop-metrics2.properties
2019-06-14 06:16:48,193 INFO  impl.MetricsSystemImpl (MetricsSystemImpl.java:startTimer(374)) - Scheduled Metric snapshot period at 10 second(s).
2019-06-14 06:16:48,193 INFO  impl.MetricsSystemImpl (MetricsSystemImpl.java:start(191)) - StorageContainerManager metrics system started
2019-06-14 06:16:48,356 INFO  server.SCMClientProtocolServer (SCMClientProtocolServer.java:start(149)) - RPC server for Client  is listening at /0.0.0.0:36287
2019-06-14 06:16:48,357 INFO  ipc.Server (Server.java:run(1314)) - IPC Server Responder: starting
2019-06-14 06:16:48,357 INFO  ipc.Server (Server.java:run(1153)) - IPC Server listener on 36287: starting
2019-06-14 06:16:48,360 INFO  server.StorageContainerManager (StorageContainerManager.java:start(761)) - ScmBlockLocationProtocol RPC server is listening at /0.0.0.0:41679
2019-06-14 06:16:48,360 INFO  server.SCMBlockProtocolServer (SCMBlockProtocolServer.java:start(137)) - RPC server for Block Protocol is listening at /0.0.0.0:41679
2019-06-14 06:16:48,361 INFO  ipc.Server (Server.java:run(1314)) - IPC Server Responder: starting
2019-06-14 06:16:48,361 INFO  ipc.Server (Server.java:run(1153)) - IPC Server listener on 41679: starting
2019-06-14 06:16:48,363 INFO  server.StorageContainerManager (StorageContainerManager.java:start(765)) - ScmDatanodeProtocl RPC server is listening at /0.0.0.0:36783
2019-06-14 06:16:48,363 INFO  server.SCMDatanodeProtocolServer (SCMDatanodeProtocolServer.java:start(191)) - RPC server for DataNodes is listening at /0.0.0.0:36783
2019-06-14 06:16:48,364 INFO  ipc.Server (Server.java:run(1314)) - IPC Server Responder: starting
2019-06-14 06:16:48,364 INFO  ipc.Server (Server.java:run(1153)) - IPC Server listener on 36783: starting
2019-06-14 06:16:48,367 INFO  http.HttpServer2 (HttpServer2.java:bindListener(1191)) - Jetty bound to port 35591
2019-06-14 06:16:48,368 INFO  server.Server (Server.java:doStart(351)) - jetty-9.3.24.v20180605, build timestamp: 2018-06-05T17:11:56Z, git hash: 84205aa28f11a4f31f2a3b86d1bba2cc8ab69827
2019-06-14 06:16:48,400 INFO  handler.ContextHandler (ContextHandler.java:doStart(781)) - Started o.e.j.s.ServletContextHandler@2df6226d{/logs,file:///opt/src/hadoop-ozone/integration-test/target/log,AVAILABLE}
2019-06-14 06:16:48,401 INFO  handler.ContextHandler (ContextHandler.java:doStart(781)) - Started o.e.j.s.ServletContextHandler@4ff4357f{/static,file:///opt/src/hadoop-ozone/integration-test/target/test-classes/webapps/static,AVAILABLE}
2019-06-14 06:16:48,429 INFO  handler.ContextHandler (ContextHandler.java:doStart(781)) - Started o.e.j.w.WebAppContext@2484f433{/,file:///opt/src/hadoop-ozone/integration-test/target/test-classes/webapps/scm/,AVAILABLE}{/scm}
2019-06-14 06:16:48,433 INFO  server.AbstractConnector (AbstractConnector.java:doStart(278)) - Started ServerConnector@841e575{HTTP/1.1,[http/1.1]}{0.0.0.0:35591}
2019-06-14 06:16:48,434 INFO  server.Server (Server.java:doStart(419)) - Started @1941ms
2019-06-14 06:16:48,434 INFO  server.BaseHttpServer (BaseHttpServer.java:updateConnectorAddress(207)) - HTTP server of SCM is listening at http://0.0.0.0:35591
2019-06-14 06:16:48,441 INFO  util.JvmPauseMonitor (JvmPauseMonitor.java:run(188)) - Starting JVM pause monitor
2019-06-14 06:16:48,444 WARN  scm.ScmUtils (ScmUtils.java:getDBPath(63)) - ozone.om.db.dirs is not configured. We recommend adding this setting. Falling back to ozone.metadata.dirs instead.
2019-06-14 06:16:48,541 WARN  scm.ScmUtils (ScmUtils.java:getDBPath(63)) - ozone.om.db.dirs is not configured. We recommend adding this setting. Falling back to ozone.metadata.dirs instead.
2019-06-14 06:16:48,542 INFO  om.OzoneManager (OzoneManager.java:setOMNodeDetails(519)) - OM Service ID is not set. Setting it to the default ID: omServiceIdDefault
2019-06-14 06:16:48,543 INFO  om.OzoneManager (OzoneManager.java:setOMNodeDetails(525)) - OM Node ID is not set. Setting it to the OmStorage's OmID: 55c547eb-7a04-49fd-914d-48db8075d699
2019-06-14 06:16:48,544 WARN  scm.HddsServerUtil (HddsServerUtil.java:getDefaultRatisDirectory(354)) - Storage directory for Ratis is not configured. It is a good idea to map this to an SSD disk. Falling back to ozone.metadata.dirs
2019-06-14 06:16:48,545 WARN  scm.HddsServerUtil (HddsServerUtil.java:getDefaultRatisDirectory(354)) - Storage directory for Ratis is not configured. It is a good idea to map this to an SSD disk. Falling back to ozone.metadata.dirs
2019-06-14 06:16:48,545 INFO  om.OzoneManager (OzoneManager.java:loadOMHAConfigs(476)) - Found matching OM address with OMServiceId: null, OMNodeId: null, RPC Address: localhost:0 and Ratis port: 9872
2019-06-14 06:16:48,713 WARN  scm.ScmUtils (ScmUtils.java:getDBPath(63)) - ozone.om.db.dirs is not configured. We recommend adding this setting. Falling back to ozone.metadata.dirs instead.
2019-06-14 06:16:48,718 INFO  db.DBStoreBuilder (DBStoreBuilder.java:addTable(110)) - using custom profile for table: userTable
2019-06-14 06:16:48,718 INFO  db.DBStoreBuilder (DBStoreBuilder.java:processTables(161)) - Using default column profile:DBProfile.DISK for Table:userTable
2019-06-14 06:16:48,718 INFO  db.DBStoreBuilder (DBStoreBuilder.java:addTable(110)) - using custom profile for table: volumeTable
2019-06-14 06:16:48,718 INFO  db.DBStoreBuilder (DBStoreBuilder.java:processTables(161)) - Using default column profile:DBProfile.DISK for Table:volumeTable
2019-06-14 06:16:48,719 INFO  db.DBStoreBuilder (DBStoreBuilder.java:addTable(110)) - using custom profile for table: bucketTable
2019-06-14 06:16:48,719 INFO  db.DBStoreBuilder (DBStoreBuilder.java:processTables(161)) - Using default column profile:DBProfile.DISK for Table:bucketTable
2019-06-14 06:16:48,719 INFO  db.DBStoreBuilder (DBStoreBuilder.java:addTable(110)) - using custom profile for table: keyTable
2019-06-14 06:16:48,719 INFO  db.DBStoreBuilder (DBStoreBuilder.java:processTables(161)) - Using default column profile:DBProfile.DISK for Table:keyTable
2019-06-14 06:16:48,720 INFO  db.DBStoreBuilder (DBStoreBuilder.java:addTable(110)) - using custom profile for table: deletedTable
2019-06-14 06:16:48,720 INFO  db.DBStoreBuilder (DBStoreBuilder.java:processTables(161)) - Using default column profile:DBProfile.DISK for Table:deletedTable
2019-06-14 06:16:48,720 INFO  db.DBStoreBuilder (DBStoreBuilder.java:addTable(110)) - using custom profile for table: openKeyTable
2019-06-14 06:16:48,720 INFO  db.DBStoreBuilder (DBStoreBuilder.java:processTables(161)) - Using default column profile:DBProfile.DISK for Table:openKeyTable
2019-06-14 06:16:48,721 INFO  db.DBStoreBuilder (DBStoreBuilder.java:addTable(110)) - using custom profile for table: s3Table
2019-06-14 06:16:48,721 INFO  db.DBStoreBuilder (DBStoreBuilder.java:processTables(161)) - Using default column profile:DBProfile.DISK for Table:s3Table
2019-06-14 06:16:48,721 INFO  db.DBStoreBuilder (DBStoreBuilder.java:addTable(110)) - using custom profile for table: multipartInfoTable
2019-06-14 06:16:48,721 INFO  db.DBStoreBuilder (DBStoreBuilder.java:processTables(161)) - Using default column profile:DBProfile.DISK for Table:multipartInfoTable
2019-06-14 06:16:48,721 INFO  db.DBStoreBuilder (DBStoreBuilder.java:addTable(110)) - using custom profile for table: dTokenTable
2019-06-14 06:16:48,721 INFO  db.DBStoreBuilder (DBStoreBuilder.java:processTables(161)) - Using default column profile:DBProfile.DISK for Table:dTokenTable
2019-06-14 06:16:48,722 INFO  db.DBStoreBuilder (DBStoreBuilder.java:addTable(110)) - using custom profile for table: s3SecretTable
2019-06-14 06:16:48,722 INFO  db.DBStoreBuilder (DBStoreBuilder.java:processTables(161)) - Using default column profile:DBProfile.DISK for Table:s3SecretTable
2019-06-14 06:16:48,722 INFO  db.DBStoreBuilder (DBStoreBuilder.java:addTable(110)) - using custom profile for table: prefixTable
2019-06-14 06:16:48,722 INFO  db.DBStoreBuilder (DBStoreBuilder.java:processTables(161)) - Using default column profile:DBProfile.DISK for Table:prefixTable
2019-06-14 06:16:48,722 INFO  db.DBStoreBuilder (DBStoreBuilder.java:addTable(110)) - using custom profile for table: default
2019-06-14 06:16:48,723 INFO  db.DBStoreBuilder (DBStoreBuilder.java:processTables(167)) - Using default column profile:DBProfile.DISK for Table:default
2019-06-14 06:16:48,723 INFO  db.DBStoreBuilder (DBStoreBuilder.java:getDbProfile(198)) - Using default options. DBProfile.DISK
2019-06-14 06:16:49,264 INFO  ipc.CallQueueManager (CallQueueManager.java:<init>(84)) - Using callQueue: class java.util.concurrent.LinkedBlockingQueue, queueCapacity: 2000, scheduler: class org.apache.hadoop.ipc.DefaultRpcScheduler, ipcBackoff: false.
2019-06-14 06:16:49,265 INFO  ipc.Server (Server.java:run(1074)) - Starting Socket Reader #1 for port 38251
2019-06-14 06:16:49,285 WARN  scm.ScmUtils (ScmUtils.java:getDBPath(63)) - ozone.om.db.dirs is not configured. We recommend adding this setting. Falling back to ozone.metadata.dirs instead.
2019-06-14 06:16:49,286 INFO  om.OzoneManager (OzoneManager.java:start(1217)) - OzoneManager RPC server is listening at localhost/127.0.0.1:38251
2019-06-14 06:16:49,286 INFO  impl.MetricsSystemImpl (MetricsSystemImpl.java:init(158)) - OzoneManager metrics system started (again)
2019-06-14 06:16:49,286 INFO  ipc.Server (Server.java:run(1314)) - IPC Server Responder: starting
2019-06-14 06:16:49,287 INFO  ipc.Server (Server.java:run(1153)) - IPC Server listener on 38251: starting
2019-06-14 06:16:49,324 INFO  hdfs.DFSUtil (DFSUtil.java:httpServerTemplateForNNAndJN(1641)) - Starting Web-server for ozoneManager at: http://0.0.0.0:0
2019-06-14 06:16:49,326 INFO  server.AuthenticationFilter (AuthenticationFilter.java:constructSecretProvider(240)) - Unable to initialize FileSignerSecretProvider, falling back to use random secrets.
2019-06-14 06:16:49,326 WARN  http.HttpRequestLog (HttpRequestLog.java:getRequestLog(97)) - Jetty request log can only be enabled using Log4j
2019-06-14 06:16:49,328 INFO  http.HttpServer2 (HttpServer2.java:addGlobalFilter(975)) - Added global filter 'safety' (class=org.apache.hadoop.http.HttpServer2$QuotingInputFilter)
2019-06-14 06:16:49,328 INFO  http.HttpServer2 (HttpServer2.java:addFilter(948)) - Added filter static_user_filter (class=org.apache.hadoop.http.lib.StaticUserWebFilter$StaticUserFilter) to context ozoneManager
2019-06-14 06:16:49,328 INFO  http.HttpServer2 (HttpServer2.java:addFilter(958)) - Added filter static_user_filter (class=org.apache.hadoop.http.lib.StaticUserWebFilter$StaticUserFilter) to context logs
2019-06-14 06:16:49,328 INFO  http.HttpServer2 (HttpServer2.java:addFilter(958)) - Added filter static_user_filter (class=org.apache.hadoop.http.lib.StaticUserWebFilter$StaticUserFilter) to context static
2019-06-14 06:16:49,330 INFO  http.HttpServer2 (HttpServer2.java:bindListener(1191)) - Jetty bound to port 35329
2019-06-14 06:16:49,330 INFO  server.Server (Server.java:doStart(351)) - jetty-9.3.24.v20180605, build timestamp: 2018-06-05T17:11:56Z, git hash: 84205aa28f11a4f31f2a3b86d1bba2cc8ab69827
2019-06-14 06:16:49,346 INFO  handler.ContextHandler (ContextHandler.java:doStart(781)) - Started o.e.j.s.ServletContextHandler@7c2a69b4{/logs,file:///opt/src/hadoop-ozone/integration-test/target/log,AVAILABLE}
2019-06-14 06:16:49,346 INFO  handler.ContextHandler (ContextHandler.java:doStart(781)) - Started o.e.j.s.ServletContextHandler@648ee871{/static,file:///opt/src/hadoop-ozone/integration-test/target/test-classes/webapps/static,AVAILABLE}
2019-06-14 06:16:49,350 INFO  handler.ContextHandler (ContextHandler.java:doStart(781)) - Started o.e.j.w.WebAppContext@6f012914{/,file:///opt/src/hadoop-ozone/integration-test/target/test-classes/webapps/ozoneManager/,AVAILABLE}{/ozoneManager}
2019-06-14 06:16:49,350 INFO  server.AbstractConnector (AbstractConnector.java:doStart(278)) - Started ServerConnector@18fdb6cf{HTTP/1.1,[http/1.1]}{0.0.0.0:35329}
2019-06-14 06:16:49,350 INFO  server.Server (Server.java:doStart(419)) - Started @2858ms
2019-06-14 06:16:49,351 INFO  server.BaseHttpServer (BaseHttpServer.java:updateConnectorAddress(207)) - HTTP server of OZONEMANAGER is listening at http://0.0.0.0:35329
2019-06-14 06:16:49,477 INFO  impl.MetricsSystemImpl (MetricsSystemImpl.java:init(158)) - HddsDatanode metrics system started (again)
2019-06-14 06:16:49,617 INFO  ozone.HddsDatanodeService (HddsDatanodeService.java:start(185)) - HddsDatanodeService host:ozone-gjs5h-1633418606 ip:192.168.46.35
2019-06-14 06:16:49,641 INFO  volume.HddsVolume (HddsVolume.java:<init>(176)) - Creating Volume: /opt/src/hadoop-ozone/integration-test/target/test-dir/MiniOzoneClusterImpl-9b161556-9504-4239-87d6-8cf5f428c5bf/datanode-0/data/containers/hdds of  storage type : DISK and capacity : 104021790720
2019-06-14 06:16:49,643 INFO  volume.VolumeSet (VolumeSet.java:initializeVolumeSet(170)) - Added Volume : /opt/src/hadoop-ozone/integration-test/target/test-dir/MiniOzoneClusterImpl-9b161556-9504-4239-87d6-8cf5f428c5bf/datanode-0/data/containers/hdds to VolumeSet
2019-06-14 06:16:49,645 INFO  volume.ThrottledAsyncChecker (ThrottledAsyncChecker.java:schedule(140)) - Scheduling a check for org.apache.hadoop.ozone.container.common.volume.HddsVolume@4a6c18ad
2019-06-14 06:16:49,660 INFO  volume.HddsVolumeChecker (HddsVolumeChecker.java:checkAllVolumes(203)) - Scheduled health check for volume org.apache.hadoop.ozone.container.common.volume.HddsVolume@4a6c18ad
2019-06-14 06:16:49,696 INFO  ratis.XceiverServerRatis (XceiverServerRatis.java:newXceiverServerRatis(401)) - Found a free port for the server : 35661
2019-06-14 06:16:49,755 INFO  impl.RaftServerProxy (ConfUtils.java:logGet(43)) - raft.rpc.type = GRPC (default)
2019-06-14 06:16:49,765 INFO  grpc.GrpcConfigKeys$Server (ConfUtils.java:logGet(43)) - raft.grpc.server.port = 35661 (custom)
2019-06-14 06:16:49,766 INFO  server.GrpcService (ConfUtils.java:logGet(43)) - raft.grpc.message.size.max = 33570816 (custom)
2019-06-14 06:16:49,768 INFO  server.RaftServerConfigKeys (ConfUtils.java:logGet(43)) - raft.server.log.appender.buffer.byte-limit = 33554432 (custom)
2019-06-14 06:16:49,769 INFO  server.GrpcService (ConfUtils.java:logGet(43)) - raft.grpc.flow.control.window = 1MB (=1048576) (default)
2019-06-14 06:16:49,770 INFO  server.RaftServerConfigKeys (ConfUtils.java:logGet(43)) - raft.server.rpc.request.timeout = 3000ms (default)
2019-06-14 06:16:49,897 INFO  server.RaftServerConfigKeys (ConfUtils.java:logGet(43)) - raft.server.storage.dir = [/opt/src/hadoop-ozone/integration-test/target/test-dir/MiniOzoneClusterImpl-9b161556-9504-4239-87d6-8cf5f428c5bf/datanode-0/data/ratis] (custom)
2019-06-14 06:16:49,904 INFO  server.XceiverServerGrpc (XceiverServerGrpc.java:<init>(97)) - Found a free port for the server : 37979
2019-06-14 06:16:49,929 INFO  replication.SimpleContainerDownloader (SimpleContainerDownloader.java:<init>(72)) - Starting container downloader service to copy containers to replicate.
2019-06-14 06:16:49,940 INFO  hdfs.DFSUtil (DFSUtil.java:httpServerTemplateForNNAndJN(1641)) - Starting Web-server for hddsDatanode at: http://0.0.0.0:0
2019-06-14 06:16:49,942 INFO  server.AuthenticationFilter (AuthenticationFilter.java:constructSecretProvider(240)) - Unable to initialize FileSignerSecretProvider, falling back to use random secrets.
2019-06-14 06:16:49,942 WARN  http.HttpRequestLog (HttpRequestLog.java:getRequestLog(97)) - Jetty request log can only be enabled using Log4j
2019-06-14 06:16:49,944 INFO  http.HttpServer2 (HttpServer2.java:addGlobalFilter(975)) - Added global filter 'safety' (class=org.apache.hadoop.http.HttpServer2$QuotingInputFilter)
2019-06-14 06:16:49,944 INFO  http.HttpServer2 (HttpServer2.java:addFilter(948)) - Added filter static_user_filter (class=org.apache.hadoop.http.lib.StaticUserWebFilter$StaticUserFilter) to context hddsDatanode
2019-06-14 06:16:49,944 INFO  http.HttpServer2 (HttpServer2.java:addFilter(958)) - Added filter static_user_filter (class=org.apache.hadoop.http.lib.StaticUserWebFilter$StaticUserFilter) to context logs
2019-06-14 06:16:49,945 INFO  http.HttpServer2 (HttpServer2.java:addFilter(958)) - Added filter static_user_filter (class=org.apache.hadoop.http.lib.StaticUserWebFilter$StaticUserFilter) to context static
2019-06-14 06:16:49,945 INFO  http.HttpServer2 (HttpServer2.java:bindListener(1191)) - Jetty bound to port 41097
2019-06-14 06:16:49,945 INFO  server.Server (Server.java:doStart(351)) - jetty-9.3.24.v20180605, build timestamp: 2018-06-05T17:11:56Z, git hash: 84205aa28f11a4f31f2a3b86d1bba2cc8ab69827
2019-06-14 06:16:49,947 INFO  handler.ContextHandler (ContextHandler.java:doStart(781)) - Started o.e.j.s.ServletContextHandler@2e51d054{/logs,file:///opt/src/hadoop-ozone/integration-test/target/log,AVAILABLE}
2019-06-14 06:16:49,948 INFO  handler.ContextHandler (ContextHandler.java:doStart(781)) - Started o.e.j.s.ServletContextHandler@615e3f51{/static,jar:file:/root/.m2/repository/org/apache/hadoop/hadoop-hdds-container-service/0.5.0-SNAPSHOT/hadoop-hdds-container-service-0.5.0-SNAPSHOT.jar!/webapps/static,AVAILABLE}
2019-06-14 06:16:49,976 INFO  handler.ContextHandler (ContextHandler.java:doStart(781)) - Started o.e.j.w.WebAppContext@5e1fc2aa{/,file:///tmp/jetty-0.0.0.0-41097-hddsDatanode-_-any-1872331544747209119.dir/webapp/,AVAILABLE}{/hddsDatanode}
2019-06-14 06:16:49,977 INFO  server.AbstractConnector (AbstractConnector.java:doStart(278)) - Started ServerConnector@688d411b{HTTP/1.1,[http/1.1]}{0.0.0.0:41097}
2019-06-14 06:16:49,977 INFO  server.Server (Server.java:doStart(419)) - Started @3485ms
2019-06-14 06:16:49,978 INFO  server.BaseHttpServer (BaseHttpServer.java:updateConnectorAddress(207)) - HTTP server of HDDSDATANODE is listening at http://0.0.0.0:41097
2019-06-14 06:16:50,863 INFO  ozone.HddsDatanodeService (HddsDatanodeService.java:startPlugins(396)) - Started plug-in org.apache.hadoop.ozone.web.OzoneHddsDatanodeService@30bf26df
2019-06-14 06:16:50,863 INFO  impl.MetricsSystemImpl (MetricsSystemImpl.java:init(158)) - HddsDatanode metrics system started (again)
2019-06-14 06:16:50,864 INFO  ozone.HddsDatanodeService (HddsDatanodeService.java:start(185)) - HddsDatanodeService host:ozone-gjs5h-1633418606 ip:192.168.46.35
2019-06-14 06:16:50,873 INFO  util.JvmPauseMonitor (JvmPauseMonitor.java:run(188)) - Starting JVM pause monitor
2019-06-14 06:16:50,875 INFO  volume.HddsVolume (HddsVolume.java:<init>(176)) - Creating Volume: /opt/src/hadoop-ozone/integration-test/target/test-dir/MiniOzoneClusterImpl-9b161556-9504-4239-87d6-8cf5f428c5bf/datanode-1/data/containers/hdds of  storage type : DISK and capacity : 104021790720
2019-06-14 06:16:50,875 INFO  volume.VolumeSet (VolumeSet.java:initializeVolumeSet(170)) - Added Volume : /opt/src/hadoop-ozone/integration-test/target/test-dir/MiniOzoneClusterImpl-9b161556-9504-4239-87d6-8cf5f428c5bf/datanode-1/data/containers/hdds to VolumeSet
2019-06-14 06:16:50,875 INFO  volume.ThrottledAsyncChecker (ThrottledAsyncChecker.java:schedule(140)) - Scheduling a check for org.apache.hadoop.ozone.container.common.volume.HddsVolume@f171912
2019-06-14 06:16:50,878 INFO  volume.HddsVolumeChecker (HddsVolumeChecker.java:checkAllVolumes(203)) - Scheduled health check for volume org.apache.hadoop.ozone.container.common.volume.HddsVolume@f171912
2019-06-14 06:16:50,908 INFO  ratis.XceiverServerRatis (XceiverServerRatis.java:newXceiverServerRatis(401)) - Found a free port for the server : 36935
2019-06-14 06:16:50,914 INFO  impl.RaftServerProxy (ConfUtils.java:logGet(43)) - raft.rpc.type = GRPC (default)
2019-06-14 06:16:50,915 INFO  grpc.GrpcConfigKeys$Server (ConfUtils.java:logGet(43)) - raft.grpc.server.port = 36935 (custom)
2019-06-14 06:16:50,915 INFO  server.GrpcService (ConfUtils.java:logGet(43)) - raft.grpc.message.size.max = 33570816 (custom)
2019-06-14 06:16:50,915 INFO  server.RaftServerConfigKeys (ConfUtils.java:logGet(43)) - raft.server.log.appender.buffer.byte-limit = 33554432 (custom)
2019-06-14 06:16:50,916 INFO  server.GrpcService (ConfUtils.java:logGet(43)) - raft.grpc.flow.control.window = 1MB (=1048576) (default)
2019-06-14 06:16:50,916 INFO  server.RaftServerConfigKeys (ConfUtils.java:logGet(43)) - raft.server.rpc.request.timeout = 3000ms (default)
2019-06-14 06:16:50,917 INFO  server.RaftServerConfigKeys (ConfUtils.java:logGet(43)) - raft.server.storage.dir = [/opt/src/hadoop-ozone/integration-test/target/test-dir/MiniOzoneClusterImpl-9b161556-9504-4239-87d6-8cf5f428c5bf/datanode-1/data/ratis] (custom)
2019-06-14 06:16:50,917 INFO  server.XceiverServerGrpc (XceiverServerGrpc.java:<init>(97)) - Found a free port for the server : 35465
2019-06-14 06:16:50,917 INFO  replication.SimpleContainerDownloader (SimpleContainerDownloader.java:<init>(72)) - Starting container downloader service to copy containers to replicate.
2019-06-14 06:16:50,919 INFO  hdfs.DFSUtil (DFSUtil.java:httpServerTemplateForNNAndJN(1641)) - Starting Web-server for hddsDatanode at: http://0.0.0.0:0
2019-06-14 06:16:50,920 INFO  server.AuthenticationFilter (AuthenticationFilter.java:constructSecretProvider(240)) - Unable to initialize FileSignerSecretProvider, falling back to use random secrets.
2019-06-14 06:16:50,920 WARN  http.HttpRequestLog (HttpRequestLog.java:getRequestLog(97)) - Jetty request log can only be enabled using Log4j
2019-06-14 06:16:50,922 INFO  http.HttpServer2 (HttpServer2.java:addGlobalFilter(975)) - Added global filter 'safety' (class=org.apache.hadoop.http.HttpServer2$QuotingInputFilter)
2019-06-14 06:16:50,922 INFO  http.HttpServer2 (HttpServer2.java:addFilter(948)) - Added filter static_user_filter (class=org.apache.hadoop.http.lib.StaticUserWebFilter$StaticUserFilter) to context hddsDatanode
2019-06-14 06:16:50,923 INFO  http.HttpServer2 (HttpServer2.java:addFilter(958)) - Added filter static_user_filter (class=org.apache.hadoop.http.lib.StaticUserWebFilter$StaticUserFilter) to context logs
2019-06-14 06:16:50,923 INFO  http.HttpServer2 (HttpServer2.java:addFilter(958)) - Added filter static_user_filter (class=org.apache.hadoop.http.lib.StaticUserWebFilter$StaticUserFilter) to context static
2019-06-14 06:16:50,924 INFO  http.HttpServer2 (HttpServer2.java:bindListener(1191)) - Jetty bound to port 38577
2019-06-14 06:16:50,924 INFO  server.Server (Server.java:doStart(351)) - jetty-9.3.24.v20180605, build timestamp: 2018-06-05T17:11:56Z, git hash: 84205aa28f11a4f31f2a3b86d1bba2cc8ab69827
2019-06-14 06:16:50,930 INFO  handler.ContextHandler (ContextHandler.java:doStart(781)) - Started o.e.j.s.ServletContextHandler@18b6d3c1{/logs,file:///opt/src/hadoop-ozone/integration-test/target/log,AVAILABLE}
2019-06-14 06:16:50,934 INFO  handler.ContextHandler (ContextHandler.java:doStart(781)) - Started o.e.j.s.ServletContextHandler@3fe512d2{/static,jar:file:/root/.m2/repository/org/apache/hadoop/hadoop-hdds-container-service/0.5.0-SNAPSHOT/hadoop-hdds-container-service-0.5.0-SNAPSHOT.jar!/webapps/static,AVAILABLE}
2019-06-14 06:16:50,958 INFO  handler.ContextHandler (ContextHandler.java:doStart(781)) - Started o.e.j.w.WebAppContext@e7b265e{/,file:///tmp/jetty-0.0.0.0-38577-hddsDatanode-_-any-3963278275384535831.dir/webapp/,AVAILABLE}{/hddsDatanode}
2019-06-14 06:16:50,959 INFO  server.AbstractConnector (AbstractConnector.java:doStart(278)) - Started ServerConnector@65f500e7{HTTP/1.1,[http/1.1]}{0.0.0.0:38577}
2019-06-14 06:16:50,959 INFO  server.Server (Server.java:doStart(419)) - Started @4467ms
2019-06-14 06:16:50,962 INFO  server.BaseHttpServer (BaseHttpServer.java:updateConnectorAddress(207)) - HTTP server of HDDSDATANODE is listening at http://0.0.0.0:38577
2019-06-14 06:16:50,972 INFO  datanode.InitDatanodeState (InitDatanodeState.java:persistContainerDatanodeDetails(140)) - DatanodeDetails is persisted to /opt/src/hadoop-ozone/integration-test/target/test-dir/MiniOzoneClusterImpl-9b161556-9504-4239-87d6-8cf5f428c5bf/datanode-0/meta/datanode.id
2019-06-14 06:16:51,075 INFO  ozone.HddsDatanodeService (HddsDatanodeService.java:startPlugins(396)) - Started plug-in org.apache.hadoop.ozone.web.OzoneHddsDatanodeService@63fd4dda
2019-06-14 06:16:51,077 INFO  impl.MetricsSystemImpl (MetricsSystemImpl.java:init(158)) - HddsDatanode metrics system started (again)
2019-06-14 06:16:51,078 INFO  ozone.HddsDatanodeService (HddsDatanodeService.java:start(185)) - HddsDatanodeService host:ozone-gjs5h-1633418606 ip:192.168.46.35
2019-06-14 06:16:51,098 INFO  util.JvmPauseMonitor (JvmPauseMonitor.java:run(188)) - Starting JVM pause monitor
2019-06-14 06:16:51,105 INFO  volume.HddsVolume (HddsVolume.java:<init>(176)) - Creating Volume: /opt/src/hadoop-ozone/integration-test/target/test-dir/MiniOzoneClusterImpl-9b161556-9504-4239-87d6-8cf5f428c5bf/datanode-2/data/containers/hdds of  storage type : DISK and capacity : 104021790720
2019-06-14 06:16:51,106 INFO  volume.VolumeSet (VolumeSet.java:initializeVolumeSet(170)) - Added Volume : /opt/src/hadoop-ozone/integration-test/target/test-dir/MiniOzoneClusterImpl-9b161556-9504-4239-87d6-8cf5f428c5bf/datanode-2/data/containers/hdds to VolumeSet
2019-06-14 06:16:51,106 INFO  volume.ThrottledAsyncChecker (ThrottledAsyncChecker.java:schedule(140)) - Scheduling a check for org.apache.hadoop.ozone.container.common.volume.HddsVolume@4b56b031
2019-06-14 06:16:51,107 INFO  volume.HddsVolumeChecker (HddsVolumeChecker.java:checkAllVolumes(203)) - Scheduled health check for volume org.apache.hadoop.ozone.container.common.volume.HddsVolume@4b56b031
2019-06-14 06:16:51,111 INFO  datanode.InitDatanodeState (InitDatanodeState.java:persistContainerDatanodeDetails(140)) - DatanodeDetails is persisted to /opt/src/hadoop-ozone/integration-test/target/test-dir/MiniOzoneClusterImpl-9b161556-9504-4239-87d6-8cf5f428c5bf/datanode-1/meta/datanode.id
2019-06-14 06:16:51,125 INFO  ratis.XceiverServerRatis (XceiverServerRatis.java:newXceiverServerRatis(401)) - Found a free port for the server : 40483
2019-06-14 06:16:51,127 INFO  impl.RaftServerProxy (ConfUtils.java:logGet(43)) - raft.rpc.type = GRPC (default)
2019-06-14 06:16:51,127 INFO  grpc.GrpcConfigKeys$Server (ConfUtils.java:logGet(43)) - raft.grpc.server.port = 40483 (custom)
2019-06-14 06:16:51,127 INFO  server.GrpcService (ConfUtils.java:logGet(43)) - raft.grpc.message.size.max = 33570816 (custom)
2019-06-14 06:16:51,128 INFO  server.RaftServerConfigKeys (ConfUtils.java:logGet(43)) - raft.server.log.appender.buffer.byte-limit = 33554432 (custom)
2019-06-14 06:16:51,128 INFO  server.GrpcService (ConfUtils.java:logGet(43)) - raft.grpc.flow.control.window = 1MB (=1048576) (default)
2019-06-14 06:16:51,128 INFO  server.RaftServerConfigKeys (ConfUtils.java:logGet(43)) - raft.server.rpc.request.timeout = 3000ms (default)
2019-06-14 06:16:51,129 INFO  server.RaftServerConfigKeys (ConfUtils.java:logGet(43)) - raft.server.storage.dir = [/opt/src/hadoop-ozone/integration-test/target/test-dir/MiniOzoneClusterImpl-9b161556-9504-4239-87d6-8cf5f428c5bf/datanode-2/data/ratis] (custom)
2019-06-14 06:16:51,129 INFO  server.XceiverServerGrpc (XceiverServerGrpc.java:<init>(97)) - Found a free port for the server : 46495
2019-06-14 06:16:51,130 INFO  replication.SimpleContainerDownloader (SimpleContainerDownloader.java:<init>(72)) - Starting container downloader service to copy containers to replicate.
2019-06-14 06:16:51,131 INFO  hdfs.DFSUtil (DFSUtil.java:httpServerTemplateForNNAndJN(1641)) - Starting Web-server for hddsDatanode at: http://0.0.0.0:0
2019-06-14 06:16:51,132 INFO  server.AuthenticationFilter (AuthenticationFilter.java:constructSecretProvider(240)) - Unable to initialize FileSignerSecretProvider, falling back to use random secrets.
2019-06-14 06:16:51,132 WARN  http.HttpRequestLog (HttpRequestLog.java:getRequestLog(97)) - Jetty request log can only be enabled using Log4j
2019-06-14 06:16:51,134 INFO  http.HttpServer2 (HttpServer2.java:addGlobalFilter(975)) - Added global filter 'safety' (class=org.apache.hadoop.http.HttpServer2$QuotingInputFilter)
2019-06-14 06:16:51,134 INFO  http.HttpServer2 (HttpServer2.java:addFilter(948)) - Added filter static_user_filter (class=org.apache.hadoop.http.lib.StaticUserWebFilter$StaticUserFilter) to context hddsDatanode
2019-06-14 06:16:51,134 INFO  http.HttpServer2 (HttpServer2.java:addFilter(958)) - Added filter static_user_filter (class=org.apache.hadoop.http.lib.StaticUserWebFilter$StaticUserFilter) to context logs
2019-06-14 06:16:51,134 INFO  http.HttpServer2 (HttpServer2.java:addFilter(958)) - Added filter static_user_filter (class=org.apache.hadoop.http.lib.StaticUserWebFilter$StaticUserFilter) to context static
2019-06-14 06:16:51,135 INFO  http.HttpServer2 (HttpServer2.java:bindListener(1191)) - Jetty bound to port 46393
2019-06-14 06:16:51,135 INFO  server.Server (Server.java:doStart(351)) - jetty-9.3.24.v20180605, build timestamp: 2018-06-05T17:11:56Z, git hash: 84205aa28f11a4f31f2a3b86d1bba2cc8ab69827
2019-06-14 06:16:51,137 INFO  handler.ContextHandler (ContextHandler.java:doStart(781)) - Started o.e.j.s.ServletContextHandler@2443abd6{/logs,file:///opt/src/hadoop-ozone/integration-test/target/log,AVAILABLE}
2019-06-14 06:16:51,138 INFO  handler.ContextHandler (ContextHandler.java:doStart(781)) - Started o.e.j.s.ServletContextHandler@bd3eff4{/static,jar:file:/root/.m2/repository/org/apache/hadoop/hadoop-hdds-container-service/0.5.0-SNAPSHOT/hadoop-hdds-container-service-0.5.0-SNAPSHOT.jar!/webapps/static,AVAILABLE}
2019-06-14 06:16:51,161 INFO  handler.ContextHandler (ContextHandler.java:doStart(781)) - Started o.e.j.w.WebAppContext@4e80a001{/,file:///tmp/jetty-0.0.0.0-46393-hddsDatanode-_-any-5752823890717719858.dir/webapp/,AVAILABLE}{/hddsDatanode}
2019-06-14 06:16:51,162 INFO  server.AbstractConnector (AbstractConnector.java:doStart(278)) - Started ServerConnector@624b523{HTTP/1.1,[http/1.1]}{0.0.0.0:46393}
2019-06-14 06:16:51,162 INFO  server.Server (Server.java:doStart(419)) - Started @4670ms
2019-06-14 06:16:51,163 INFO  server.BaseHttpServer (BaseHttpServer.java:updateConnectorAddress(207)) - HTTP server of HDDSDATANODE is listening at http://0.0.0.0:46393
2019-06-14 06:16:51,334 INFO  ozone.HddsDatanodeService (HddsDatanodeService.java:startPlugins(396)) - Started plug-in org.apache.hadoop.ozone.web.OzoneHddsDatanodeService@11c78080
2019-06-14 06:16:51,335 INFO  impl.MetricsSystemImpl (MetricsSystemImpl.java:init(158)) - HddsDatanode metrics system started (again)
2019-06-14 06:16:51,335 INFO  ozone.HddsDatanodeService (HddsDatanodeService.java:start(185)) - HddsDatanodeService host:ozone-gjs5h-1633418606 ip:192.168.46.35
2019-06-14 06:16:51,338 INFO  util.JvmPauseMonitor (JvmPauseMonitor.java:run(188)) - Starting JVM pause monitor
2019-06-14 06:16:51,342 INFO  datanode.InitDatanodeState (InitDatanodeState.java:persistContainerDatanodeDetails(140)) - DatanodeDetails is persisted to /opt/src/hadoop-ozone/integration-test/target/test-dir/MiniOzoneClusterImpl-9b161556-9504-4239-87d6-8cf5f428c5bf/datanode-2/meta/datanode.id
2019-06-14 06:16:51,345 INFO  volume.HddsVolume (HddsVolume.java:<init>(176)) - Creating Volume: /opt/src/hadoop-ozone/integration-test/target/test-dir/MiniOzoneClusterImpl-9b161556-9504-4239-87d6-8cf5f428c5bf/datanode-3/data/containers/hdds of  storage type : DISK and capacity : 104021790720
2019-06-14 06:16:51,346 INFO  volume.VolumeSet (VolumeSet.java:initializeVolumeSet(170)) - Added Volume : /opt/src/hadoop-ozone/integration-test/target/test-dir/MiniOzoneClusterImpl-9b161556-9504-4239-87d6-8cf5f428c5bf/datanode-3/data/containers/hdds to VolumeSet
2019-06-14 06:16:51,346 INFO  volume.ThrottledAsyncChecker (ThrottledAsyncChecker.java:schedule(140)) - Scheduling a check for org.apache.hadoop.ozone.container.common.volume.HddsVolume@7c11d32
2019-06-14 06:16:51,347 INFO  volume.HddsVolumeChecker (HddsVolumeChecker.java:checkAllVolumes(203)) - Scheduled health check for volume org.apache.hadoop.ozone.container.common.volume.HddsVolume@7c11d32
2019-06-14 06:16:51,366 INFO  ratis.XceiverServerRatis (XceiverServerRatis.java:newXceiverServerRatis(401)) - Found a free port for the server : 41455
2019-06-14 06:16:51,366 INFO  impl.RaftServerProxy (ConfUtils.java:logGet(43)) - raft.rpc.type = GRPC (default)
2019-06-14 06:16:51,367 INFO  grpc.GrpcConfigKeys$Server (ConfUtils.java:logGet(43)) - raft.grpc.server.port = 41455 (custom)
2019-06-14 06:16:51,367 INFO  server.GrpcService (ConfUtils.java:logGet(43)) - raft.grpc.message.size.max = 33570816 (custom)
2019-06-14 06:16:51,367 INFO  server.RaftServerConfigKeys (ConfUtils.java:logGet(43)) - raft.server.log.appender.buffer.byte-limit = 33554432 (custom)
2019-06-14 06:16:51,370 INFO  server.GrpcService (ConfUtils.java:logGet(43)) - raft.grpc.flow.control.window = 1MB (=1048576) (default)
2019-06-14 06:16:51,370 INFO  server.RaftServerConfigKeys (ConfUtils.java:logGet(43)) - raft.server.rpc.request.timeout = 3000ms (default)
2019-06-14 06:16:51,370 INFO  server.RaftServerConfigKeys (ConfUtils.java:logGet(43)) - raft.server.storage.dir = [/opt/src/hadoop-ozone/integration-test/target/test-dir/MiniOzoneClusterImpl-9b161556-9504-4239-87d6-8cf5f428c5bf/datanode-3/data/ratis] (custom)
2019-06-14 06:16:51,371 INFO  server.XceiverServerGrpc (XceiverServerGrpc.java:<init>(97)) - Found a free port for the server : 38535
2019-06-14 06:16:51,371 INFO  replication.SimpleContainerDownloader (SimpleContainerDownloader.java:<init>(72)) - Starting container downloader service to copy containers to replicate.
2019-06-14 06:16:51,372 INFO  hdfs.DFSUtil (DFSUtil.java:httpServerTemplateForNNAndJN(1641)) - Starting Web-server for hddsDatanode at: http://0.0.0.0:0
2019-06-14 06:16:51,374 INFO  server.AuthenticationFilter (AuthenticationFilter.java:constructSecretProvider(240)) - Unable to initialize FileSignerSecretProvider, falling back to use random secrets.
2019-06-14 06:16:51,378 WARN  http.HttpRequestLog (HttpRequestLog.java:getRequestLog(97)) - Jetty request log can only be enabled using Log4j
2019-06-14 06:16:51,380 INFO  http.HttpServer2 (HttpServer2.java:addGlobalFilter(975)) - Added global filter 'safety' (class=org.apache.hadoop.http.HttpServer2$QuotingInputFilter)
2019-06-14 06:16:51,381 INFO  http.HttpServer2 (HttpServer2.java:addFilter(948)) - Added filter static_user_filter (class=org.apache.hadoop.http.lib.StaticUserWebFilter$StaticUserFilter) to context hddsDatanode
2019-06-14 06:16:51,381 INFO  http.HttpServer2 (HttpServer2.java:addFilter(958)) - Added filter static_user_filter (class=org.apache.hadoop.http.lib.StaticUserWebFilter$StaticUserFilter) to context logs
2019-06-14 06:16:51,381 INFO  http.HttpServer2 (HttpServer2.java:addFilter(958)) - Added filter static_user_filter (class=org.apache.hadoop.http.lib.StaticUserWebFilter$StaticUserFilter) to context static
2019-06-14 06:16:51,382 INFO  http.HttpServer2 (HttpServer2.java:bindListener(1191)) - Jetty bound to port 44919
2019-06-14 06:16:51,382 INFO  server.Server (Server.java:doStart(351)) - jetty-9.3.24.v20180605, build timestamp: 2018-06-05T17:11:56Z, git hash: 84205aa28f11a4f31f2a3b86d1bba2cc8ab69827
2019-06-14 06:16:51,385 INFO  handler.ContextHandler (ContextHandler.java:doStart(781)) - Started o.e.j.s.ServletContextHandler@25974207{/logs,file:///opt/src/hadoop-ozone/integration-test/target/log,AVAILABLE}
2019-06-14 06:16:51,386 INFO  handler.ContextHandler (ContextHandler.java:doStart(781)) - Started o.e.j.s.ServletContextHandler@195113de{/static,jar:file:/root/.m2/repository/org/apache/hadoop/hadoop-hdds-container-service/0.5.0-SNAPSHOT/hadoop-hdds-container-service-0.5.0-SNAPSHOT.jar!/webapps/static,AVAILABLE}
2019-06-14 06:16:51,408 INFO  handler.ContextHandler (ContextHandler.java:doStart(781)) - Started o.e.j.w.WebAppContext@74c9e11{/,file:///tmp/jetty-0.0.0.0-44919-hddsDatanode-_-any-3519425537814123969.dir/webapp/,AVAILABLE}{/hddsDatanode}
2019-06-14 06:16:51,410 INFO  server.AbstractConnector (AbstractConnector.java:doStart(278)) - Started ServerConnector@9fe720a{HTTP/1.1,[http/1.1]}{0.0.0.0:44919}
2019-06-14 06:16:51,410 INFO  server.Server (Server.java:doStart(419)) - Started @4918ms
2019-06-14 06:16:51,413 INFO  server.BaseHttpServer (BaseHttpServer.java:updateConnectorAddress(207)) - HTTP server of HDDSDATANODE is listening at http://0.0.0.0:44919
2019-06-14 06:16:51,581 INFO  ozone.HddsDatanodeService (HddsDatanodeService.java:startPlugins(396)) - Started plug-in org.apache.hadoop.ozone.web.OzoneHddsDatanodeService@76216830
2019-06-14 06:16:51,585 INFO  impl.MetricsSystemImpl (MetricsSystemImpl.java:init(158)) - HddsDatanode metrics system started (again)
2019-06-14 06:16:51,586 INFO  ozone.HddsDatanodeService (HddsDatanodeService.java:start(185)) - HddsDatanodeService host:ozone-gjs5h-1633418606 ip:192.168.46.35
2019-06-14 06:16:51,611 INFO  util.JvmPauseMonitor (JvmPauseMonitor.java:run(188)) - Starting JVM pause monitor
2019-06-14 06:16:51,618 INFO  datanode.InitDatanodeState (InitDatanodeState.java:persistContainerDatanodeDetails(140)) - DatanodeDetails is persisted to /opt/src/hadoop-ozone/integration-test/target/test-dir/MiniOzoneClusterImpl-9b161556-9504-4239-87d6-8cf5f428c5bf/datanode-3/meta/datanode.id
2019-06-14 06:16:51,621 INFO  volume.HddsVolume (HddsVolume.java:<init>(176)) - Creating Volume: /opt/src/hadoop-ozone/integration-test/target/test-dir/MiniOzoneClusterImpl-9b161556-9504-4239-87d6-8cf5f428c5bf/datanode-4/data/containers/hdds of  storage type : DISK and capacity : 104021790720
2019-06-14 06:16:51,622 INFO  volume.VolumeSet (VolumeSet.java:initializeVolumeSet(170)) - Added Volume : /opt/src/hadoop-ozone/integration-test/target/test-dir/MiniOzoneClusterImpl-9b161556-9504-4239-87d6-8cf5f428c5bf/datanode-4/data/containers/hdds to VolumeSet
2019-06-14 06:16:51,622 INFO  volume.ThrottledAsyncChecker (ThrottledAsyncChecker.java:schedule(140)) - Scheduling a check for org.apache.hadoop.ozone.container.common.volume.HddsVolume@391d1e33
2019-06-14 06:16:51,624 INFO  volume.HddsVolumeChecker (HddsVolumeChecker.java:checkAllVolumes(203)) - Scheduled health check for volume org.apache.hadoop.ozone.container.common.volume.HddsVolume@391d1e33
2019-06-14 06:16:51,636 INFO  ratis.XceiverServerRatis (XceiverServerRatis.java:newXceiverServerRatis(401)) - Found a free port for the server : 42701
2019-06-14 06:16:51,638 INFO  impl.RaftServerProxy (ConfUtils.java:logGet(43)) - raft.rpc.type = GRPC (default)
2019-06-14 06:16:51,638 INFO  grpc.GrpcConfigKeys$Server (ConfUtils.java:logGet(43)) - raft.grpc.server.port = 42701 (custom)
2019-06-14 06:16:51,638 INFO  server.GrpcService (ConfUtils.java:logGet(43)) - raft.grpc.message.size.max = 33570816 (custom)
2019-06-14 06:16:51,638 INFO  server.RaftServerConfigKeys (ConfUtils.java:logGet(43)) - raft.server.log.appender.buffer.byte-limit = 33554432 (custom)
2019-06-14 06:16:51,639 INFO  server.GrpcService (ConfUtils.java:logGet(43)) - raft.grpc.flow.control.window = 1MB (=1048576) (default)
2019-06-14 06:16:51,639 INFO  server.RaftServerConfigKeys (ConfUtils.java:logGet(43)) - raft.server.rpc.request.timeout = 3000ms (default)
2019-06-14 06:16:51,639 INFO  server.RaftServerConfigKeys (ConfUtils.java:logGet(43)) - raft.server.storage.dir = [/opt/src/hadoop-ozone/integration-test/target/test-dir/MiniOzoneClusterImpl-9b161556-9504-4239-87d6-8cf5f428c5bf/datanode-4/data/ratis] (custom)
2019-06-14 06:16:51,640 INFO  server.XceiverServerGrpc (XceiverServerGrpc.java:<init>(97)) - Found a free port for the server : 42913
2019-06-14 06:16:51,640 INFO  replication.SimpleContainerDownloader (SimpleContainerDownloader.java:<init>(72)) - Starting container downloader service to copy containers to replicate.
2019-06-14 06:16:51,641 INFO  hdfs.DFSUtil (DFSUtil.java:httpServerTemplateForNNAndJN(1641)) - Starting Web-server for hddsDatanode at: http://0.0.0.0:0
2019-06-14 06:16:51,642 INFO  server.AuthenticationFilter (AuthenticationFilter.java:constructSecretProvider(240)) - Unable to initialize FileSignerSecretProvider, falling back to use random secrets.
2019-06-14 06:16:51,643 WARN  http.HttpRequestLog (HttpRequestLog.java:getRequestLog(97)) - Jetty request log can only be enabled using Log4j
2019-06-14 06:16:51,644 INFO  http.HttpServer2 (HttpServer2.java:addGlobalFilter(975)) - Added global filter 'safety' (class=org.apache.hadoop.http.HttpServer2$QuotingInputFilter)
2019-06-14 06:16:51,645 INFO  http.HttpServer2 (HttpServer2.java:addFilter(948)) - Added filter static_user_filter (class=org.apache.hadoop.http.lib.StaticUserWebFilter$StaticUserFilter) to context hddsDatanode
2019-06-14 06:16:51,645 INFO  http.HttpServer2 (HttpServer2.java:addFilter(958)) - Added filter static_user_filter (class=org.apache.hadoop.http.lib.StaticUserWebFilter$StaticUserFilter) to context static
2019-06-14 06:16:51,645 INFO  http.HttpServer2 (HttpServer2.java:addFilter(958)) - Added filter static_user_filter (class=org.apache.hadoop.http.lib.StaticUserWebFilter$StaticUserFilter) to context logs
2019-06-14 06:16:51,646 INFO  http.HttpServer2 (HttpServer2.java:bindListener(1191)) - Jetty bound to port 42307
2019-06-14 06:16:51,646 INFO  server.Server (Server.java:doStart(351)) - jetty-9.3.24.v20180605, build timestamp: 2018-06-05T17:11:56Z, git hash: 84205aa28f11a4f31f2a3b86d1bba2cc8ab69827
2019-06-14 06:16:51,648 INFO  handler.ContextHandler (ContextHandler.java:doStart(781)) - Started o.e.j.s.ServletContextHandler@6f38f084{/logs,file:///opt/src/hadoop-ozone/integration-test/target/log,AVAILABLE}
2019-06-14 06:16:51,649 INFO  handler.ContextHandler (ContextHandler.java:doStart(781)) - Started o.e.j.s.ServletContextHandler@372f0a99{/static,jar:file:/root/.m2/repository/org/apache/hadoop/hadoop-hdds-container-service/0.5.0-SNAPSHOT/hadoop-hdds-container-service-0.5.0-SNAPSHOT.jar!/webapps/static,AVAILABLE}
2019-06-14 06:16:51,679 INFO  handler.ContextHandler (ContextHandler.java:doStart(781)) - Started o.e.j.w.WebAppContext@6b2fdffc{/,file:///tmp/jetty-0.0.0.0-42307-hddsDatanode-_-any-1402548582783161348.dir/webapp/,AVAILABLE}{/hddsDatanode}
2019-06-14 06:16:51,680 INFO  server.AbstractConnector (AbstractConnector.java:doStart(278)) - Started ServerConnector@2ca3d826{HTTP/1.1,[http/1.1]}{0.0.0.0:42307}
2019-06-14 06:16:51,681 INFO  server.Server (Server.java:doStart(419)) - Started @5188ms
2019-06-14 06:16:51,681 INFO  server.BaseHttpServer (BaseHttpServer.java:updateConnectorAddress(207)) - HTTP server of HDDSDATANODE is listening at http://0.0.0.0:42307
2019-06-14 06:16:51,809 INFO  ozone.HddsDatanodeService (HddsDatanodeService.java:startPlugins(396)) - Started plug-in org.apache.hadoop.ozone.web.OzoneHddsDatanodeService@624b3544
2019-06-14 06:16:51,809 INFO  impl.MetricsSystemImpl (MetricsSystemImpl.java:init(158)) - HddsDatanode metrics system started (again)
2019-06-14 06:16:51,810 INFO  ozone.HddsDatanodeService (HddsDatanodeService.java:start(185)) - HddsDatanodeService host:ozone-gjs5h-1633418606 ip:192.168.46.35
2019-06-14 06:16:51,812 INFO  util.JvmPauseMonitor (JvmPauseMonitor.java:run(188)) - Starting JVM pause monitor
2019-06-14 06:16:51,813 INFO  datanode.InitDatanodeState (InitDatanodeState.java:persistContainerDatanodeDetails(140)) - DatanodeDetails is persisted to /opt/src/hadoop-ozone/integration-test/target/test-dir/MiniOzoneClusterImpl-9b161556-9504-4239-87d6-8cf5f428c5bf/datanode-4/meta/datanode.id
2019-06-14 06:16:51,818 INFO  volume.HddsVolume (HddsVolume.java:<init>(176)) - Creating Volume: /opt/src/hadoop-ozone/integration-test/target/test-dir/MiniOzoneClusterImpl-9b161556-9504-4239-87d6-8cf5f428c5bf/datanode-5/data/containers/hdds of  storage type : DISK and capacity : 104021790720
2019-06-14 06:16:51,818 INFO  volume.VolumeSet (VolumeSet.java:initializeVolumeSet(170)) - Added Volume : /opt/src/hadoop-ozone/integration-test/target/test-dir/MiniOzoneClusterImpl-9b161556-9504-4239-87d6-8cf5f428c5bf/datanode-5/data/containers/hdds to VolumeSet
2019-06-14 06:16:51,818 INFO  volume.ThrottledAsyncChecker (ThrottledAsyncChecker.java:schedule(140)) - Scheduling a check for org.apache.hadoop.ozone.container.common.volume.HddsVolume@55a0f011
2019-06-14 06:16:51,822 INFO  volume.HddsVolumeChecker (HddsVolumeChecker.java:checkAllVolumes(203)) - Scheduled health check for volume org.apache.hadoop.ozone.container.common.volume.HddsVolume@55a0f011
2019-06-14 06:16:51,832 INFO  ratis.XceiverServerRatis (XceiverServerRatis.java:newXceiverServerRatis(401)) - Found a free port for the server : 44063
2019-06-14 06:16:51,833 INFO  impl.RaftServerProxy (ConfUtils.java:logGet(43)) - raft.rpc.type = GRPC (default)
2019-06-14 06:16:51,833 INFO  grpc.GrpcConfigKeys$Server (ConfUtils.java:logGet(43)) - raft.grpc.server.port = 44063 (custom)
2019-06-14 06:16:51,834 INFO  server.GrpcService (ConfUtils.java:logGet(43)) - raft.grpc.message.size.max = 33570816 (custom)
2019-06-14 06:16:51,834 INFO  server.RaftServerConfigKeys (ConfUtils.java:logGet(43)) - raft.server.log.appender.buffer.byte-limit = 33554432 (custom)
2019-06-14 06:16:51,834 INFO  server.GrpcService (ConfUtils.java:logGet(43)) - raft.grpc.flow.control.window = 1MB (=1048576) (default)
2019-06-14 06:16:51,834 INFO  server.RaftServerConfigKeys (ConfUtils.java:logGet(43)) - raft.server.rpc.request.timeout = 3000ms (default)
2019-06-14 06:16:51,835 INFO  server.RaftServerConfigKeys (ConfUtils.java:logGet(43)) - raft.server.storage.dir = [/opt/src/hadoop-ozone/integration-test/target/test-dir/MiniOzoneClusterImpl-9b161556-9504-4239-87d6-8cf5f428c5bf/datanode-5/data/ratis] (custom)
2019-06-14 06:16:51,835 INFO  server.XceiverServerGrpc (XceiverServerGrpc.java:<init>(97)) - Found a free port for the server : 41295
2019-06-14 06:16:51,836 INFO  replication.SimpleContainerDownloader (SimpleContainerDownloader.java:<init>(72)) - Starting container downloader service to copy containers to replicate.
2019-06-14 06:16:51,837 INFO  hdfs.DFSUtil (DFSUtil.java:httpServerTemplateForNNAndJN(1641)) - Starting Web-server for hddsDatanode at: http://0.0.0.0:0
2019-06-14 06:16:51,838 INFO  server.AuthenticationFilter (AuthenticationFilter.java:constructSecretProvider(240)) - Unable to initialize FileSignerSecretProvider, falling back to use random secrets.
2019-06-14 06:16:51,838 WARN  http.HttpRequestLog (HttpRequestLog.java:getRequestLog(97)) - Jetty request log can only be enabled using Log4j
2019-06-14 06:16:51,840 INFO  http.HttpServer2 (HttpServer2.java:addGlobalFilter(975)) - Added global filter 'safety' (class=org.apache.hadoop.http.HttpServer2$QuotingInputFilter)
2019-06-14 06:16:51,840 INFO  http.HttpServer2 (HttpServer2.java:addFilter(948)) - Added filter static_user_filter (class=org.apache.hadoop.http.lib.StaticUserWebFilter$StaticUserFilter) to context hddsDatanode
2019-06-14 06:16:51,840 INFO  http.HttpServer2 (HttpServer2.java:addFilter(958)) - Added filter static_user_filter (class=org.apache.hadoop.http.lib.StaticUserWebFilter$StaticUserFilter) to context logs
2019-06-14 06:16:51,840 INFO  http.HttpServer2 (HttpServer2.java:addFilter(958)) - Added filter static_user_filter (class=org.apache.hadoop.http.lib.StaticUserWebFilter$StaticUserFilter) to context static
2019-06-14 06:16:51,841 INFO  http.HttpServer2 (HttpServer2.java:bindListener(1191)) - Jetty bound to port 42125
2019-06-14 06:16:51,841 INFO  server.Server (Server.java:doStart(351)) - jetty-9.3.24.v20180605, build timestamp: 2018-06-05T17:11:56Z, git hash: 84205aa28f11a4f31f2a3b86d1bba2cc8ab69827
2019-06-14 06:16:51,848 INFO  handler.ContextHandler (ContextHandler.java:doStart(781)) - Started o.e.j.s.ServletContextHandler@23e61112{/logs,file:///opt/src/hadoop-ozone/integration-test/target/log,AVAILABLE}
2019-06-14 06:16:51,848 INFO  handler.ContextHandler (ContextHandler.java:doStart(781)) - Started o.e.j.s.ServletContextHandler@61b60600{/static,jar:file:/root/.m2/repository/org/apache/hadoop/hadoop-hdds-container-service/0.5.0-SNAPSHOT/hadoop-hdds-container-service-0.5.0-SNAPSHOT.jar!/webapps/static,AVAILABLE}
2019-06-14 06:16:51,871 INFO  handler.ContextHandler (ContextHandler.java:doStart(781)) - Started o.e.j.w.WebAppContext@245cb8df{/,file:///tmp/jetty-0.0.0.0-42125-hddsDatanode-_-any-4464758629983026839.dir/webapp/,AVAILABLE}{/hddsDatanode}
2019-06-14 06:16:51,872 INFO  server.AbstractConnector (AbstractConnector.java:doStart(278)) - Started ServerConnector@26b3c9a2{HTTP/1.1,[http/1.1]}{0.0.0.0:42125}
2019-06-14 06:16:51,872 INFO  server.Server (Server.java:doStart(419)) - Started @5380ms
2019-06-14 06:16:51,873 INFO  server.BaseHttpServer (BaseHttpServer.java:updateConnectorAddress(207)) - HTTP server of HDDSDATANODE is listening at http://0.0.0.0:42125
2019-06-14 06:16:52,019 INFO  ozone.HddsDatanodeService (HddsDatanodeService.java:startPlugins(396)) - Started plug-in org.apache.hadoop.ozone.web.OzoneHddsDatanodeService@4662752a
2019-06-14 06:16:52,020 INFO  ozone.MiniOzoneClusterImpl (MiniOzoneClusterImpl.java:lambda$waitForClusterToBeReady$0(142)) - Waiting for cluster to be ready. Got 0 of 6 DN Heartbeats.
2019-06-14 06:16:52,022 INFO  util.JvmPauseMonitor (JvmPauseMonitor.java:run(188)) - Starting JVM pause monitor
2019-06-14 06:16:52,024 INFO  datanode.InitDatanodeState (InitDatanodeState.java:persistContainerDatanodeDetails(140)) - DatanodeDetails is persisted to /opt/src/hadoop-ozone/integration-test/target/test-dir/MiniOzoneClusterImpl-9b161556-9504-4239-87d6-8cf5f428c5bf/datanode-5/meta/datanode.id
2019-06-14 06:16:52,895 INFO  ozoneimpl.OzoneContainer (OzoneContainer.java:start(186)) - Attempting to start container services.
2019-06-14 06:16:52,895 INFO  ozoneimpl.OzoneContainer (OzoneContainer.java:startContainerScrub(160)) - Background container scrubber has been disabled by hdds.containerscrub.enabled
2019-06-14 06:16:52,895 INFO  ratis.XceiverServerRatis (XceiverServerRatis.java:start(418)) - Starting XceiverServerRatis 56fb8fe3-5a08-49cf-bb0a-4c181b887929 at port 35661
2019-06-14 06:16:52,910 INFO  impl.RaftServerProxy (RaftServerProxy.java:lambda$start$3(299)) - 56fb8fe3-5a08-49cf-bb0a-4c181b887929: start RPC server
2019-06-14 06:16:53,020 INFO  ozone.MiniOzoneClusterImpl (MiniOzoneClusterImpl.java:lambda$waitForClusterToBeReady$0(142)) - Waiting for cluster to be ready. Got 0 of 6 DN Heartbeats.
2019-06-14 06:16:53,028 INFO  server.GrpcService (GrpcService.java:startImpl(148)) - 56fb8fe3-5a08-49cf-bb0a-4c181b887929: GrpcService started, listening on 0.0.0.0/0.0.0.0:35661
2019-06-14 06:16:53,102 INFO  ozoneimpl.OzoneContainer (OzoneContainer.java:start(186)) - Attempting to start container services.
2019-06-14 06:16:53,103 INFO  ozoneimpl.OzoneContainer (OzoneContainer.java:startContainerScrub(160)) - Background container scrubber has been disabled by hdds.containerscrub.enabled
2019-06-14 06:16:53,103 INFO  ratis.XceiverServerRatis (XceiverServerRatis.java:start(418)) - Starting XceiverServerRatis 247409c1-b13f-4049-9d81-ae47a1097ff8 at port 36935
2019-06-14 06:16:53,110 INFO  impl.RaftServerProxy (RaftServerProxy.java:lambda$start$3(299)) - 247409c1-b13f-4049-9d81-ae47a1097ff8: start RPC server
2019-06-14 06:16:53,116 INFO  server.GrpcService (GrpcService.java:startImpl(148)) - 247409c1-b13f-4049-9d81-ae47a1097ff8: GrpcService started, listening on 0.0.0.0/0.0.0.0:36935
2019-06-14 06:16:53,342 INFO  ozoneimpl.OzoneContainer (OzoneContainer.java:start(186)) - Attempting to start container services.
2019-06-14 06:16:53,343 INFO  ozoneimpl.OzoneContainer (OzoneContainer.java:startContainerScrub(160)) - Background container scrubber has been disabled by hdds.containerscrub.enabled
2019-06-14 06:16:53,343 INFO  ratis.XceiverServerRatis (XceiverServerRatis.java:start(418)) - Starting XceiverServerRatis 0b3c29cf-394f-41a5-9204-b4d73d2a8196 at port 40483
2019-06-14 06:16:53,353 INFO  impl.RaftServerProxy (RaftServerProxy.java:lambda$start$3(299)) - 0b3c29cf-394f-41a5-9204-b4d73d2a8196: start RPC server
2019-06-14 06:16:53,355 INFO  server.GrpcService (GrpcService.java:startImpl(148)) - 0b3c29cf-394f-41a5-9204-b4d73d2a8196: GrpcService started, listening on 0.0.0.0/0.0.0.0:40483
2019-06-14 06:16:53,614 INFO  ozoneimpl.OzoneContainer (OzoneContainer.java:start(186)) - Attempting to start container services.
2019-06-14 06:16:53,616 INFO  ozoneimpl.OzoneContainer (OzoneContainer.java:startContainerScrub(160)) - Background container scrubber has been disabled by hdds.containerscrub.enabled
2019-06-14 06:16:53,616 INFO  ratis.XceiverServerRatis (XceiverServerRatis.java:start(418)) - Starting XceiverServerRatis 744deaf6-1c09-4e13-b802-df8280c61801 at port 41455
2019-06-14 06:16:53,624 INFO  impl.RaftServerProxy (RaftServerProxy.java:lambda$start$3(299)) - 744deaf6-1c09-4e13-b802-df8280c61801: start RPC server
2019-06-14 06:16:53,626 INFO  server.GrpcService (GrpcService.java:startImpl(148)) - 744deaf6-1c09-4e13-b802-df8280c61801: GrpcService started, listening on 0.0.0.0/0.0.0.0:41455
2019-06-14 06:16:53,821 INFO  ozoneimpl.OzoneContainer (OzoneContainer.java:start(186)) - Attempting to start container services.
2019-06-14 06:16:53,825 INFO  ozoneimpl.OzoneContainer (OzoneContainer.java:startContainerScrub(160)) - Background container scrubber has been disabled by hdds.containerscrub.enabled
2019-06-14 06:16:53,825 INFO  ratis.XceiverServerRatis (XceiverServerRatis.java:start(418)) - Starting XceiverServerRatis 16035f9c-e58c-4a75-82e6-fb2f99702ba6 at port 42701
2019-06-14 06:16:53,882 INFO  impl.RaftServerProxy (RaftServerProxy.java:lambda$start$3(299)) - 16035f9c-e58c-4a75-82e6-fb2f99702ba6: start RPC server
2019-06-14 06:16:53,887 INFO  server.GrpcService (GrpcService.java:startImpl(148)) - 16035f9c-e58c-4a75-82e6-fb2f99702ba6: GrpcService started, listening on 0.0.0.0/0.0.0.0:42701
2019-06-14 06:16:54,021 INFO  ozone.MiniOzoneClusterImpl (MiniOzoneClusterImpl.java:lambda$waitForClusterToBeReady$0(142)) - Waiting for cluster to be ready. Got 0 of 6 DN Heartbeats.
2019-06-14 06:16:54,027 INFO  ozoneimpl.OzoneContainer (OzoneContainer.java:start(186)) - Attempting to start container services.
2019-06-14 06:16:54,029 INFO  ozoneimpl.OzoneContainer (OzoneContainer.java:startContainerScrub(160)) - Background container scrubber has been disabled by hdds.containerscrub.enabled
2019-06-14 06:16:54,029 INFO  ratis.XceiverServerRatis (XceiverServerRatis.java:start(418)) - Starting XceiverServerRatis 0c163c63-e4dd-44dd-9c22-5518ec47b064 at port 44063
2019-06-14 06:16:54,037 INFO  impl.RaftServerProxy (RaftServerProxy.java:lambda$start$3(299)) - 0c163c63-e4dd-44dd-9c22-5518ec47b064: start RPC server
2019-06-14 06:16:54,040 INFO  server.GrpcService (GrpcService.java:startImpl(148)) - 0c163c63-e4dd-44dd-9c22-5518ec47b064: GrpcService started, listening on 0.0.0.0/0.0.0.0:44063
2019-06-14 06:16:54,902 INFO  node.SCMNodeManager (SCMNodeManager.java:register(234)) - Registered Data node : 56fb8fe3-5a08-49cf-bb0a-4c181b887929{ip: 192.168.46.35, host: ozone-gjs5h-1633418606, networkLocation: /default-rack, certSerialId: null}
2019-06-14 06:16:54,909 INFO  safemode.SCMSafeModeManager (DataNodeSafeModeRule.java:process(71)) - SCM in safe mode. 1 DataNodes registered, 1 required.
2019-06-14 06:16:54,909 INFO  safemode.SCMSafeModeManager (SCMSafeModeManager.java:validateSafeModeExitRules(177)) - ScmSafeModeManager, all rules are successfully validated
2019-06-14 06:16:54,909 INFO  safemode.SCMSafeModeManager (SCMSafeModeManager.java:exitSafeMode(193)) - SCM exiting safe mode.
2019-06-14 06:16:55,021 INFO  ozone.MiniOzoneClusterImpl (MiniOzoneClusterImpl.java:lambda$waitForClusterToBeReady$0(142)) - Waiting for cluster to be ready. Got 1 of 6 DN Heartbeats.
2019-06-14 06:16:55,100 INFO  node.SCMNodeManager (SCMNodeManager.java:register(234)) - Registered Data node : 247409c1-b13f-4049-9d81-ae47a1097ff8{ip: 192.168.46.35, host: ozone-gjs5h-1633418606, networkLocation: /default-rack, certSerialId: null}
2019-06-14 06:16:55,283 INFO  impl.RaftServerProxy (RaftServerProxy.java:addNew(89)) - 56fb8fe3-5a08-49cf-bb0a-4c181b887929: addNew group-77E3D2630819:[56fb8fe3-5a08-49cf-bb0a-4c181b887929:192.168.46.35:35661] returns group-77E3D2630819:java.util.concurrent.CompletableFuture@4974a13f[Not completed]
2019-06-14 06:16:55,289 INFO  impl.RaftServerImpl (RaftServerImpl.java:<init>(91)) - 56fb8fe3-5a08-49cf-bb0a-4c181b887929: new RaftServerImpl for group-77E3D2630819:[56fb8fe3-5a08-49cf-bb0a-4c181b887929:192.168.46.35:35661] with ContainerStateMachine:uninitialized
2019-06-14 06:16:55,290 INFO  server.RaftServerConfigKeys (ConfUtils.java:logGet(43)) - raft.server.rpc.timeout.min = 1s (custom)
2019-06-14 06:16:55,290 INFO  server.RaftServerConfigKeys (ConfUtils.java:logGet(43)) - raft.server.rpc.timeout.max = 1200ms (custom)
2019-06-14 06:16:55,290 INFO  server.RaftServerConfigKeys (ConfUtils.java:logGet(43)) - raft.server.rpcslowness.timeout = 10s (custom)
2019-06-14 06:16:55,290 INFO  server.RaftServerConfigKeys (ConfUtils.java:logGet(43)) - raft.server.log.appender.install.snapshot.enabled = true (default)
2019-06-14 06:16:55,296 INFO  impl.RaftServerImpl (ServerState.java:<init>(101)) - 56fb8fe3-5a08-49cf-bb0a-4c181b887929:group-77E3D2630819 ConfigurationManager, init=-1: [56fb8fe3-5a08-49cf-bb0a-4c181b887929:192.168.46.35:35661], old=null, confs=<EMPTY_MAP>
2019-06-14 06:16:55,296 INFO  server.RaftServerConfigKeys (ConfUtils.java:logGet(43)) - raft.server.storage.dir = [/opt/src/hadoop-ozone/integration-test/target/test-dir/MiniOzoneClusterImpl-9b161556-9504-4239-87d6-8cf5f428c5bf/datanode-0/data/ratis] (custom)
2019-06-14 06:16:55,301 INFO  storage.RaftStorageDirectory (RaftStorageDirectory.java:analyzeStorage(246)) - The storage directory /opt/src/hadoop-ozone/integration-test/target/test-dir/MiniOzoneClusterImpl-9b161556-9504-4239-87d6-8cf5f428c5bf/datanode-0/data/ratis/a4aa5efc-8a12-40e4-ad0e-77e3d2630819 does not exist. Creating ...
2019-06-14 06:16:55,433 INFO  storage.RaftStorageDirectory (RaftStorageDirectory.java:tryLock(328)) - Lock on /opt/src/hadoop-ozone/integration-test/target/test-dir/MiniOzoneClusterImpl-9b161556-9504-4239-87d6-8cf5f428c5bf/datanode-0/data/ratis/a4aa5efc-8a12-40e4-ad0e-77e3d2630819/in_use.lock acquired by nodename 10139@ozone-gjs5h-1633418606
2019-06-14 06:16:55,437 INFO  node.SCMNodeManager (SCMNodeManager.java:register(234)) - Registered Data node : 0b3c29cf-394f-41a5-9204-b4d73d2a8196{ip: 192.168.46.35, host: ozone-gjs5h-1633418606, networkLocation: /default-rack, certSerialId: null}
2019-06-14 06:16:55,439 INFO  storage.RaftStorage (RaftStorage.java:format(75)) - Storage directory /opt/src/hadoop-ozone/integration-test/target/test-dir/MiniOzoneClusterImpl-9b161556-9504-4239-87d6-8cf5f428c5bf/datanode-0/data/ratis/a4aa5efc-8a12-40e4-ad0e-77e3d2630819 has been successfully formatted.
2019-06-14 06:16:55,441 INFO  ratis.ContainerStateMachine (ContainerStateMachine.java:loadSnapshot(199)) - The snapshot info is null.Setting the last applied index to:(t:0, i:~)
2019-06-14 06:16:55,441 INFO  server.RaftServerConfigKeys (ConfUtils.java:logGet(43)) - raft.server.leader.election.timeout = 10s (custom)
2019-06-14 06:16:55,443 INFO  server.RaftServerConfigKeys (ConfUtils.java:logGet(43)) - raft.server.log.use.memory = false (default)
2019-06-14 06:16:55,444 INFO  server.RaftServerConfigKeys (ConfUtils.java:logGet(43)) - raft.server.log.appender.buffer.byte-limit = 33554432 (custom)
2019-06-14 06:16:55,447 INFO  server.RaftServerConfigKeys (ConfUtils.java:logGet(43)) - raft.server.log.segment.size.max = 16384 (custom)
2019-06-14 06:16:55,450 INFO  server.RaftServerConfigKeys (ConfUtils.java:logGet(43)) - raft.server.log.segment.cache.num.max = 2 (custom)
2019-06-14 06:16:55,453 INFO  storage.RaftLogWorker (RaftLogWorker.java:<init>(123)) - new 56fb8fe3-5a08-49cf-bb0a-4c181b887929-RaftLogWorker for Storage Directory /opt/src/hadoop-ozone/integration-test/target/test-dir/MiniOzoneClusterImpl-9b161556-9504-4239-87d6-8cf5f428c5bf/datanode-0/data/ratis/a4aa5efc-8a12-40e4-ad0e-77e3d2630819
2019-06-14 06:16:55,453 INFO  server.RaftServerConfigKeys (ConfUtils.java:logGet(43)) - raft.server.log.queue.byte-limit = 2147483647 (custom)
2019-06-14 06:16:55,454 INFO  server.RaftServerConfigKeys (ConfUtils.java:logGet(43)) - raft.server.log.queue.element-limit = 1024 (custom)
2019-06-14 06:16:55,455 INFO  server.RaftServerConfigKeys (ConfUtils.java:logGet(43)) - raft.server.log.segment.size.max = 16384 (custom)
2019-06-14 06:16:55,456 INFO  server.RaftServerConfigKeys (ConfUtils.java:logGet(43)) - raft.server.log.preallocated.size = 16384 (custom)
2019-06-14 06:16:55,457 INFO  server.RaftServerConfigKeys (ConfUtils.java:logGet(43)) - raft.server.log.write.buffer.size = 33554432 (custom)
2019-06-14 06:16:55,457 INFO  server.RaftServerConfigKeys (ConfUtils.java:logGet(43)) - raft.server.log.force.sync.num = 128 (default)
2019-06-14 06:16:55,458 INFO  server.RaftServerConfigKeys (ConfUtils.java:logGet(43)) - raft.server.log.statemachine.data.sync = true (default)
2019-06-14 06:16:55,458 INFO  server.RaftServerConfigKeys (ConfUtils.java:logGet(43)) - raft.server.log.statemachine.data.sync.timeout = 10s (default)
2019-06-14 06:16:55,458 INFO  server.RaftServerConfigKeys (ConfUtils.java:logGet(43)) - raft.server.log.statemachine.data.sync.timeout.retry = -1 (default)
2019-06-14 06:16:55,460 INFO  server.RaftServerConfigKeys (ConfUtils.java:logGet(43)) - raft.server.log.statemachine.data.caching.enabled = true (custom)
2019-06-14 06:16:55,466 INFO  server.RaftServerConfigKeys (ConfUtils.java:logGet(43)) - raft.server.snapshot.auto.trigger.enabled = true (custom)
2019-06-14 06:16:55,467 INFO  server.RaftServerConfigKeys (ConfUtils.java:logGet(43)) - raft.server.snapshot.auto.trigger.threshold = 10000 (custom)
2019-06-14 06:16:55,467 INFO  server.RaftServerConfigKeys (ConfUtils.java:logGet(43)) - raft.server.retrycache.expirytime = 600000ms (custom)
2019-06-14 06:16:55,482 INFO  impl.RaftServerImpl (RaftServerImpl.java:start(173)) - 56fb8fe3-5a08-49cf-bb0a-4c181b887929: start group-77E3D2630819
2019-06-14 06:16:55,483 INFO  impl.RaftServerImpl (RaftServerImpl.java:setRole(164)) - 56fb8fe3-5a08-49cf-bb0a-4c181b887929:group-77E3D2630819 changes role from null to FOLLOWER at term 0 for startAsFollower
2019-06-14 06:16:55,484 INFO  impl.RoleInfo (RoleInfo.java:updateAndGet(143)) - 56fb8fe3-5a08-49cf-bb0a-4c181b887929: start FollowerState
2019-06-14 06:16:55,485 INFO  util.JmxRegister (JmxRegister.java:tryRegister(44)) - Successfully registered JMX Bean with object name Ratis:service=RaftServer,group=group-77E3D2630819,id=56fb8fe3-5a08-49cf-bb0a-4c181b887929
2019-06-14 06:16:55,523 INFO  pipeline.PipelineStateManager (PipelineStateManager.java:addPipeline(56)) - Created pipeline Pipeline[ Id: a4aa5efc-8a12-40e4-ad0e-77e3d2630819, Nodes: 56fb8fe3-5a08-49cf-bb0a-4c181b887929{ip: 192.168.46.35, host: ozone-gjs5h-1633418606, networkLocation: /default-rack, certSerialId: null}, Type:RATIS, Factor:ONE, State:OPEN]
2019-06-14 06:16:55,539 INFO  impl.RaftServerProxy (RaftServerProxy.java:addNew(89)) - 247409c1-b13f-4049-9d81-ae47a1097ff8: addNew group-F81859EA3CB8:[247409c1-b13f-4049-9d81-ae47a1097ff8:192.168.46.35:36935] returns group-F81859EA3CB8:java.util.concurrent.CompletableFuture@289a4b06[Not completed]
2019-06-14 06:16:55,539 INFO  impl.RaftServerImpl (RaftServerImpl.java:<init>(91)) - 247409c1-b13f-4049-9d81-ae47a1097ff8: new RaftServerImpl for group-F81859EA3CB8:[247409c1-b13f-4049-9d81-ae47a1097ff8:192.168.46.35:36935] with ContainerStateMachine:uninitialized
2019-06-14 06:16:55,540 INFO  server.RaftServerConfigKeys (ConfUtils.java:logGet(43)) - raft.server.rpc.timeout.min = 1s (custom)
2019-06-14 06:16:55,541 INFO  server.RaftServerConfigKeys (ConfUtils.java:logGet(43)) - raft.server.rpc.timeout.max = 1200ms (custom)
2019-06-14 06:16:55,541 INFO  server.RaftServerConfigKeys (ConfUtils.java:logGet(43)) - raft.server.rpcslowness.timeout = 10s (custom)
2019-06-14 06:16:55,541 INFO  server.RaftServerConfigKeys (ConfUtils.java:logGet(43)) - raft.server.log.appender.install.snapshot.enabled = true (default)
2019-06-14 06:16:55,541 INFO  impl.RaftServerImpl (ServerState.java:<init>(101)) - 247409c1-b13f-4049-9d81-ae47a1097ff8:group-F81859EA3CB8 ConfigurationManager, init=-1: [247409c1-b13f-4049-9d81-ae47a1097ff8:192.168.46.35:36935], old=null, confs=<EMPTY_MAP>
2019-06-14 06:16:55,541 INFO  server.RaftServerConfigKeys (ConfUtils.java:logGet(43)) - raft.server.storage.dir = [/opt/src/hadoop-ozone/integration-test/target/test-dir/MiniOzoneClusterImpl-9b161556-9504-4239-87d6-8cf5f428c5bf/datanode-1/data/ratis] (custom)
2019-06-14 06:16:55,541 INFO  storage.RaftStorageDirectory (RaftStorageDirectory.java:analyzeStorage(246)) - The storage directory /opt/src/hadoop-ozone/integration-test/target/test-dir/MiniOzoneClusterImpl-9b161556-9504-4239-87d6-8cf5f428c5bf/datanode-1/data/ratis/fff7a2d8-1e62-4c6f-bce2-f81859ea3cb8 does not exist. Creating ...
2019-06-14 06:16:55,544 INFO  storage.RaftStorageDirectory (RaftStorageDirectory.java:tryLock(328)) - Lock on /opt/src/hadoop-ozone/integration-test/target/test-dir/MiniOzoneClusterImpl-9b161556-9504-4239-87d6-8cf5f428c5bf/datanode-1/data/ratis/fff7a2d8-1e62-4c6f-bce2-f81859ea3cb8/in_use.lock acquired by nodename 10139@ozone-gjs5h-1633418606
2019-06-14 06:16:55,546 INFO  storage.RaftStorage (RaftStorage.java:format(75)) - Storage directory /opt/src/hadoop-ozone/integration-test/target/test-dir/MiniOzoneClusterImpl-9b161556-9504-4239-87d6-8cf5f428c5bf/datanode-1/data/ratis/fff7a2d8-1e62-4c6f-bce2-f81859ea3cb8 has been successfully formatted.
2019-06-14 06:16:55,547 INFO  ratis.ContainerStateMachine (ContainerStateMachine.java:loadSnapshot(199)) - The snapshot info is null.Setting the last applied index to:(t:0, i:~)
2019-06-14 06:16:55,548 INFO  server.RaftServerConfigKeys (ConfUtils.java:logGet(43)) - raft.server.leader.election.timeout = 10s (custom)
2019-06-14 06:16:55,548 INFO  server.RaftServerConfigKeys (ConfUtils.java:logGet(43)) - raft.server.log.use.memory = false (default)
2019-06-14 06:16:55,548 INFO  server.RaftServerConfigKeys (ConfUtils.java:logGet(43)) - raft.server.log.appender.buffer.byte-limit = 33554432 (custom)
2019-06-14 06:16:55,548 INFO  server.RaftServerConfigKeys (ConfUtils.java:logGet(43)) - raft.server.log.segment.size.max = 16384 (custom)
2019-06-14 06:16:55,548 INFO  server.RaftServerConfigKeys (ConfUtils.java:logGet(43)) - raft.server.log.segment.cache.num.max = 2 (custom)
2019-06-14 06:16:55,548 INFO  storage.RaftLogWorker (RaftLogWorker.java:<init>(123)) - new 247409c1-b13f-4049-9d81-ae47a1097ff8-RaftLogWorker for Storage Directory /opt/src/hadoop-ozone/integration-test/target/test-dir/MiniOzoneClusterImpl-9b161556-9504-4239-87d6-8cf5f428c5bf/datanode-1/data/ratis/fff7a2d8-1e62-4c6f-bce2-f81859ea3cb8
2019-06-14 06:16:55,549 INFO  server.RaftServerConfigKeys (ConfUtils.java:logGet(43)) - raft.server.log.queue.byte-limit = 2147483647 (custom)
2019-06-14 06:16:55,549 INFO  server.RaftServerConfigKeys (ConfUtils.java:logGet(43)) - raft.server.log.queue.element-limit = 1024 (custom)
2019-06-14 06:16:55,549 INFO  server.RaftServerConfigKeys (ConfUtils.java:logGet(43)) - raft.server.log.segment.size.max = 16384 (custom)
2019-06-14 06:16:55,550 INFO  server.RaftServerConfigKeys (ConfUtils.java:logGet(43)) - raft.server.log.preallocated.size = 16384 (custom)
2019-06-14 06:16:55,550 INFO  server.RaftServerConfigKeys (ConfUtils.java:logGet(43)) - raft.server.log.write.buffer.size = 33554432 (custom)
2019-06-14 06:16:55,550 INFO  server.RaftServerConfigKeys (ConfUtils.java:logGet(43)) - raft.server.log.force.sync.num = 128 (default)
2019-06-14 06:16:55,550 INFO  server.RaftServerConfigKeys (ConfUtils.java:logGet(43)) - raft.server.log.statemachine.data.sync = true (default)
2019-06-14 06:16:55,550 INFO  server.RaftServerConfigKeys (ConfUtils.java:logGet(43)) - raft.server.log.statemachine.data.sync.timeout = 10s (default)
2019-06-14 06:16:55,550 INFO  server.RaftServerConfigKeys (ConfUtils.java:logGet(43)) - raft.server.log.statemachine.data.sync.timeout.retry = -1 (default)
2019-06-14 06:16:55,550 INFO  server.RaftServerConfigKeys (ConfUtils.java:logGet(43)) - raft.server.log.statemachine.data.caching.enabled = true (custom)
2019-06-14 06:16:55,551 INFO  server.RaftServerConfigKeys (ConfUtils.java:logGet(43)) - raft.server.snapshot.auto.trigger.enabled = true (custom)
2019-06-14 06:16:55,551 INFO  server.RaftServerConfigKeys (ConfUtils.java:logGet(43)) - raft.server.snapshot.auto.trigger.threshold = 10000 (custom)
2019-06-14 06:16:55,551 INFO  server.RaftServerConfigKeys (ConfUtils.java:logGet(43)) - raft.server.retrycache.expirytime = 600000ms (custom)
2019-06-14 06:16:55,551 INFO  impl.RaftServerImpl (RaftServerImpl.java:start(173)) - 247409c1-b13f-4049-9d81-ae47a1097ff8: start group-F81859EA3CB8
2019-06-14 06:16:55,551 INFO  impl.RaftServerImpl (RaftServerImpl.java:setRole(164)) - 247409c1-b13f-4049-9d81-ae47a1097ff8:group-F81859EA3CB8 changes role from null to FOLLOWER at term 0 for startAsFollower
2019-06-14 06:16:55,551 INFO  impl.RoleInfo (RoleInfo.java:updateAndGet(143)) - 247409c1-b13f-4049-9d81-ae47a1097ff8: start FollowerState
2019-06-14 06:16:55,552 INFO  util.JmxRegister (JmxRegister.java:tryRegister(44)) - Successfully registered JMX Bean with object name Ratis:service=RaftServer,group=group-F81859EA3CB8,id=247409c1-b13f-4049-9d81-ae47a1097ff8
2019-06-14 06:16:55,563 INFO  pipeline.PipelineStateManager (PipelineStateManager.java:addPipeline(56)) - Created pipeline Pipeline[ Id: fff7a2d8-1e62-4c6f-bce2-f81859ea3cb8, Nodes: 247409c1-b13f-4049-9d81-ae47a1097ff8{ip: 192.168.46.35, host: ozone-gjs5h-1633418606, networkLocation: /default-rack, certSerialId: null}, Type:RATIS, Factor:ONE, State:OPEN]
2019-06-14 06:16:55,575 INFO  impl.RaftServerProxy (RaftServerProxy.java:addNew(89)) - 0b3c29cf-394f-41a5-9204-b4d73d2a8196: addNew group-958C3455AE73:[0b3c29cf-394f-41a5-9204-b4d73d2a8196:192.168.46.35:40483] returns group-958C3455AE73:java.util.concurrent.CompletableFuture@7dd83f8f[Not completed]
2019-06-14 06:16:55,602 INFO  impl.RaftServerImpl (RaftServerImpl.java:<init>(91)) - 0b3c29cf-394f-41a5-9204-b4d73d2a8196: new RaftServerImpl for group-958C3455AE73:[0b3c29cf-394f-41a5-9204-b4d73d2a8196:192.168.46.35:40483] with ContainerStateMachine:uninitialized
2019-06-14 06:16:55,602 INFO  server.RaftServerConfigKeys (ConfUtils.java:logGet(43)) - raft.server.rpc.timeout.min = 1s (custom)
2019-06-14 06:16:55,602 INFO  server.RaftServerConfigKeys (ConfUtils.java:logGet(43)) - raft.server.rpc.timeout.max = 1200ms (custom)
2019-06-14 06:16:55,602 INFO  server.RaftServerConfigKeys (ConfUtils.java:logGet(43)) - raft.server.rpcslowness.timeout = 10s (custom)
2019-06-14 06:16:55,602 INFO  server.RaftServerConfigKeys (ConfUtils.java:logGet(43)) - raft.server.log.appender.install.snapshot.enabled = true (default)
2019-06-14 06:16:55,602 INFO  impl.RaftServerImpl (ServerState.java:<init>(101)) - 0b3c29cf-394f-41a5-9204-b4d73d2a8196:group-958C3455AE73 ConfigurationManager, init=-1: [0b3c29cf-394f-41a5-9204-b4d73d2a8196:192.168.46.35:40483], old=null, confs=<EMPTY_MAP>
2019-06-14 06:16:55,602 INFO  server.RaftServerConfigKeys (ConfUtils.java:logGet(43)) - raft.server.storage.dir = [/opt/src/hadoop-ozone/integration-test/target/test-dir/MiniOzoneClusterImpl-9b161556-9504-4239-87d6-8cf5f428c5bf/datanode-2/data/ratis] (custom)
2019-06-14 06:16:55,603 INFO  storage.RaftStorageDirectory (RaftStorageDirectory.java:analyzeStorage(246)) - The storage directory /opt/src/hadoop-ozone/integration-test/target/test-dir/MiniOzoneClusterImpl-9b161556-9504-4239-87d6-8cf5f428c5bf/datanode-2/data/ratis/b741c885-e419-4578-90f8-958c3455ae73 does not exist. Creating ...
2019-06-14 06:16:55,605 INFO  storage.RaftStorageDirectory (RaftStorageDirectory.java:tryLock(328)) - Lock on /opt/src/hadoop-ozone/integration-test/target/test-dir/MiniOzoneClusterImpl-9b161556-9504-4239-87d6-8cf5f428c5bf/datanode-2/data/ratis/b741c885-e419-4578-90f8-958c3455ae73/in_use.lock acquired by nodename 10139@ozone-gjs5h-1633418606
2019-06-14 06:16:55,607 INFO  storage.RaftStorage (RaftStorage.java:format(75)) - Storage directory /opt/src/hadoop-ozone/integration-test/target/test-dir/MiniOzoneClusterImpl-9b161556-9504-4239-87d6-8cf5f428c5bf/datanode-2/data/ratis/b741c885-e419-4578-90f8-958c3455ae73 has been successfully formatted.
2019-06-14 06:16:55,607 INFO  ratis.ContainerStateMachine (ContainerStateMachine.java:loadSnapshot(199)) - The snapshot info is null.Setting the last applied index to:(t:0, i:~)
2019-06-14 06:16:55,607 INFO  server.RaftServerConfigKeys (ConfUtils.java:logGet(43)) - raft.server.leader.election.timeout = 10s (custom)
2019-06-14 06:16:55,607 INFO  server.RaftServerConfigKeys (ConfUtils.java:logGet(43)) - raft.server.log.use.memory = false (default)
2019-06-14 06:16:55,607 INFO  server.RaftServerConfigKeys (ConfUtils.java:logGet(43)) - raft.server.log.appender.buffer.byte-limit = 33554432 (custom)
2019-06-14 06:16:55,607 INFO  server.RaftServerConfigKeys (ConfUtils.java:logGet(43)) - raft.server.log.segment.size.max = 16384 (custom)
2019-06-14 06:16:55,607 INFO  server.RaftServerConfigKeys (ConfUtils.java:logGet(43)) - raft.server.log.segment.cache.num.max = 2 (custom)
2019-06-14 06:16:55,607 INFO  storage.RaftLogWorker (RaftLogWorker.java:<init>(123)) - new 0b3c29cf-394f-41a5-9204-b4d73d2a8196-RaftLogWorker for Storage Directory /opt/src/hadoop-ozone/integration-test/target/test-dir/MiniOzoneClusterImpl-9b161556-9504-4239-87d6-8cf5f428c5bf/datanode-2/data/ratis/b741c885-e419-4578-90f8-958c3455ae73
2019-06-14 06:16:55,607 INFO  server.RaftServerConfigKeys (ConfUtils.java:logGet(43)) - raft.server.log.queue.byte-limit = 2147483647 (custom)
2019-06-14 06:16:55,607 INFO  server.RaftServerConfigKeys (ConfUtils.java:logGet(43)) - raft.server.log.queue.element-limit = 1024 (custom)
2019-06-14 06:16:55,608 INFO  server.RaftServerConfigKeys (ConfUtils.java:logGet(43)) - raft.server.log.segment.size.max = 16384 (custom)
2019-06-14 06:16:55,608 INFO  server.RaftServerConfigKeys (ConfUtils.java:logGet(43)) - raft.server.log.preallocated.size = 16384 (custom)
2019-06-14 06:16:55,608 INFO  server.RaftServerConfigKeys (ConfUtils.java:logGet(43)) - raft.server.log.write.buffer.size = 33554432 (custom)
2019-06-14 06:16:55,608 INFO  server.RaftServerConfigKeys (ConfUtils.java:logGet(43)) - raft.server.log.force.sync.num = 128 (default)
2019-06-14 06:16:55,608 INFO  server.RaftServerConfigKeys (ConfUtils.java:logGet(43)) - raft.server.log.statemachine.data.sync = true (default)
2019-06-14 06:16:55,608 INFO  server.RaftServerConfigKeys (ConfUtils.java:logGet(43)) - raft.server.log.statemachine.data.sync.timeout = 10s (default)
2019-06-14 06:16:55,608 INFO  server.RaftServerConfigKeys (ConfUtils.java:logGet(43)) - raft.server.log.statemachine.data.sync.timeout.retry = -1 (default)
2019-06-14 06:16:55,608 INFO  server.RaftServerConfigKeys (ConfUtils.java:logGet(43)) - raft.server.log.statemachine.data.caching.enabled = true (custom)
2019-06-14 06:16:55,608 INFO  server.RaftServerConfigKeys (ConfUtils.java:logGet(43)) - raft.server.snapshot.auto.trigger.enabled = true (custom)
2019-06-14 06:16:55,608 INFO  server.RaftServerConfigKeys (ConfUtils.java:logGet(43)) - raft.server.snapshot.auto.trigger.threshold = 10000 (custom)
2019-06-14 06:16:55,609 INFO  server.RaftServerConfigKeys (ConfUtils.java:logGet(43)) - raft.server.retrycache.expirytime = 600000ms (custom)
2019-06-14 06:16:55,609 INFO  impl.RaftServerImpl (RaftServerImpl.java:start(173)) - 0b3c29cf-394f-41a5-9204-b4d73d2a8196: start group-958C3455AE73
2019-06-14 06:16:55,609 INFO  impl.RaftServerImpl (RaftServerImpl.java:setRole(164)) - 0b3c29cf-394f-41a5-9204-b4d73d2a8196:group-958C3455AE73 changes role from null to FOLLOWER at term 0 for startAsFollower
2019-06-14 06:16:55,609 INFO  impl.RoleInfo (RoleInfo.java:updateAndGet(143)) - 0b3c29cf-394f-41a5-9204-b4d73d2a8196: start FollowerState
2019-06-14 06:16:55,609 INFO  util.JmxRegister (JmxRegister.java:tryRegister(44)) - Successfully registered JMX Bean with object name Ratis:service=RaftServer,group=group-958C3455AE73,id=0b3c29cf-394f-41a5-9204-b4d73d2a8196
2019-06-14 06:16:55,615 INFO  node.SCMNodeManager (SCMNodeManager.java:register(234)) - Registered Data node : 744deaf6-1c09-4e13-b802-df8280c61801{ip: 192.168.46.35, host: ozone-gjs5h-1633418606, networkLocation: /default-rack, certSerialId: null}
2019-06-14 06:16:55,617 INFO  pipeline.PipelineStateManager (PipelineStateManager.java:addPipeline(56)) - Created pipeline Pipeline[ Id: b741c885-e419-4578-90f8-958c3455ae73, Nodes: 0b3c29cf-394f-41a5-9204-b4d73d2a8196{ip: 192.168.46.35, host: ozone-gjs5h-1633418606, networkLocation: /default-rack, certSerialId: null}, Type:RATIS, Factor:ONE, State:OPEN]
2019-06-14 06:16:55,630 INFO  impl.RaftServerProxy (RaftServerProxy.java:addNew(89)) - 744deaf6-1c09-4e13-b802-df8280c61801: addNew group-BE514DA07123:[744deaf6-1c09-4e13-b802-df8280c61801:192.168.46.35:41455] returns group-BE514DA07123:java.util.concurrent.CompletableFuture@7dbd0436[Not completed]
2019-06-14 06:16:55,634 INFO  impl.RaftServerImpl (RaftServerImpl.java:<init>(91)) - 744deaf6-1c09-4e13-b802-df8280c61801: new RaftServerImpl for group-BE514DA07123:[744deaf6-1c09-4e13-b802-df8280c61801:192.168.46.35:41455] with ContainerStateMachine:uninitialized
2019-06-14 06:16:55,634 INFO  server.RaftServerConfigKeys (ConfUtils.java:logGet(43)) - raft.server.rpc.timeout.min = 1s (custom)
2019-06-14 06:16:55,634 INFO  server.RaftServerConfigKeys (ConfUtils.java:logGet(43)) - raft.server.rpc.timeout.max = 1200ms (custom)
2019-06-14 06:16:55,634 INFO  server.RaftServerConfigKeys (ConfUtils.java:logGet(43)) - raft.server.rpcslowness.timeout = 10s (custom)
2019-06-14 06:16:55,634 INFO  server.RaftServerConfigKeys (ConfUtils.java:logGet(43)) - raft.server.log.appender.install.snapshot.enabled = true (default)
2019-06-14 06:16:55,634 INFO  impl.RaftServerImpl (ServerState.java:<init>(101)) - 744deaf6-1c09-4e13-b802-df8280c61801:group-BE514DA07123 ConfigurationManager, init=-1: [744deaf6-1c09-4e13-b802-df8280c61801:192.168.46.35:41455], old=null, confs=<EMPTY_MAP>
2019-06-14 06:16:55,634 INFO  server.RaftServerConfigKeys (ConfUtils.java:logGet(43)) - raft.server.storage.dir = [/opt/src/hadoop-ozone/integration-test/target/test-dir/MiniOzoneClusterImpl-9b161556-9504-4239-87d6-8cf5f428c5bf/datanode-3/data/ratis] (custom)
2019-06-14 06:16:55,634 INFO  storage.RaftStorageDirectory (RaftStorageDirectory.java:analyzeStorage(246)) - The storage directory /opt/src/hadoop-ozone/integration-test/target/test-dir/MiniOzoneClusterImpl-9b161556-9504-4239-87d6-8cf5f428c5bf/datanode-3/data/ratis/8bba603b-d08a-4da2-85f6-be514da07123 does not exist. Creating ...
2019-06-14 06:16:55,636 INFO  storage.RaftStorageDirectory (RaftStorageDirectory.java:tryLock(328)) - Lock on /opt/src/hadoop-ozone/integration-test/target/test-dir/MiniOzoneClusterImpl-9b161556-9504-4239-87d6-8cf5f428c5bf/datanode-3/data/ratis/8bba603b-d08a-4da2-85f6-be514da07123/in_use.lock acquired by nodename 10139@ozone-gjs5h-1633418606
2019-06-14 06:16:55,639 INFO  storage.RaftStorage (RaftStorage.java:format(75)) - Storage directory /opt/src/hadoop-ozone/integration-test/target/test-dir/MiniOzoneClusterImpl-9b161556-9504-4239-87d6-8cf5f428c5bf/datanode-3/data/ratis/8bba603b-d08a-4da2-85f6-be514da07123 has been successfully formatted.
2019-06-14 06:16:55,639 INFO  ratis.ContainerStateMachine (ContainerStateMachine.java:loadSnapshot(199)) - The snapshot info is null.Setting the last applied index to:(t:0, i:~)
2019-06-14 06:16:55,639 INFO  server.RaftServerConfigKeys (ConfUtils.java:logGet(43)) - raft.server.leader.election.timeout = 10s (custom)
2019-06-14 06:16:55,639 INFO  server.RaftServerConfigKeys (ConfUtils.java:logGet(43)) - raft.server.log.use.memory = false (default)
2019-06-14 06:16:55,639 INFO  server.RaftServerConfigKeys (ConfUtils.java:logGet(43)) - raft.server.log.appender.buffer.byte-limit = 33554432 (custom)
2019-06-14 06:16:55,639 INFO  server.RaftServerConfigKeys (ConfUtils.java:logGet(43)) - raft.server.log.segment.size.max = 16384 (custom)
2019-06-14 06:16:55,639 INFO  server.RaftServerConfigKeys (ConfUtils.java:logGet(43)) - raft.server.log.segment.cache.num.max = 2 (custom)
2019-06-14 06:16:55,639 INFO  storage.RaftLogWorker (RaftLogWorker.java:<init>(123)) - new 744deaf6-1c09-4e13-b802-df8280c61801-RaftLogWorker for Storage Directory /opt/src/hadoop-ozone/integration-test/target/test-dir/MiniOzoneClusterImpl-9b161556-9504-4239-87d6-8cf5f428c5bf/datanode-3/data/ratis/8bba603b-d08a-4da2-85f6-be514da07123
2019-06-14 06:16:55,639 INFO  server.RaftServerConfigKeys (ConfUtils.java:logGet(43)) - raft.server.log.queue.byte-limit = 2147483647 (custom)
2019-06-14 06:16:55,639 INFO  server.RaftServerConfigKeys (ConfUtils.java:logGet(43)) - raft.server.log.queue.element-limit = 1024 (custom)
2019-06-14 06:16:55,640 INFO  server.RaftServerConfigKeys (ConfUtils.java:logGet(43)) - raft.server.log.segment.size.max = 16384 (custom)
2019-06-14 06:16:55,640 INFO  server.RaftServerConfigKeys (ConfUtils.java:logGet(43)) - raft.server.log.preallocated.size = 16384 (custom)
2019-06-14 06:16:55,640 INFO  server.RaftServerConfigKeys (ConfUtils.java:logGet(43)) - raft.server.log.write.buffer.size = 33554432 (custom)
2019-06-14 06:16:55,640 INFO  server.RaftServerConfigKeys (ConfUtils.java:logGet(43)) - raft.server.log.force.sync.num = 128 (default)
2019-06-14 06:16:55,640 INFO  server.RaftServerConfigKeys (ConfUtils.java:logGet(43)) - raft.server.log.statemachine.data.sync = true (default)
2019-06-14 06:16:55,640 INFO  server.RaftServerConfigKeys (ConfUtils.java:logGet(43)) - raft.server.log.statemachine.data.sync.timeout = 10s (default)
2019-06-14 06:16:55,640 INFO  server.RaftServerConfigKeys (ConfUtils.java:logGet(43)) - raft.server.log.statemachine.data.sync.timeout.retry = -1 (default)
2019-06-14 06:16:55,640 INFO  server.RaftServerConfigKeys (ConfUtils.java:logGet(43)) - raft.server.log.statemachine.data.caching.enabled = true (custom)
2019-06-14 06:16:55,641 INFO  server.RaftServerConfigKeys (ConfUtils.java:logGet(43)) - raft.server.snapshot.auto.trigger.enabled = true (custom)
2019-06-14 06:16:55,641 INFO  server.RaftServerConfigKeys (ConfUtils.java:logGet(43)) - raft.server.snapshot.auto.trigger.threshold = 10000 (custom)
2019-06-14 06:16:55,641 INFO  server.RaftServerConfigKeys (ConfUtils.java:logGet(43)) - raft.server.retrycache.expirytime = 600000ms (custom)
2019-06-14 06:16:55,641 INFO  impl.RaftServerImpl (RaftServerImpl.java:start(173)) - 744deaf6-1c09-4e13-b802-df8280c61801: start group-BE514DA07123
2019-06-14 06:16:55,641 INFO  impl.RaftServerImpl (RaftServerImpl.java:setRole(164)) - 744deaf6-1c09-4e13-b802-df8280c61801:group-BE514DA07123 changes role from null to FOLLOWER at term 0 for startAsFollower
2019-06-14 06:16:55,641 INFO  impl.RoleInfo (RoleInfo.java:updateAndGet(143)) - 744deaf6-1c09-4e13-b802-df8280c61801: start FollowerState
2019-06-14 06:16:55,641 INFO  util.JmxRegister (JmxRegister.java:tryRegister(44)) - Successfully registered JMX Bean with object name Ratis:service=RaftServer,group=group-BE514DA07123,id=744deaf6-1c09-4e13-b802-df8280c61801
2019-06-14 06:16:55,649 INFO  pipeline.PipelineStateManager (PipelineStateManager.java:addPipeline(56)) - Created pipeline Pipeline[ Id: 8bba603b-d08a-4da2-85f6-be514da07123, Nodes: 744deaf6-1c09-4e13-b802-df8280c61801{ip: 192.168.46.35, host: ozone-gjs5h-1633418606, networkLocation: /default-rack, certSerialId: null}, Type:RATIS, Factor:ONE, State:OPEN]
2019-06-14 06:16:55,673 INFO  impl.RaftServerProxy (RaftServerProxy.java:addNew(89)) - 744deaf6-1c09-4e13-b802-df8280c61801: addNew group-1189376BBBB9:[247409c1-b13f-4049-9d81-ae47a1097ff8:192.168.46.35:36935, 0b3c29cf-394f-41a5-9204-b4d73d2a8196:192.168.46.35:40483, 744deaf6-1c09-4e13-b802-df8280c61801:192.168.46.35:41455] returns group-1189376BBBB9:java.util.concurrent.CompletableFuture@50bb1eb6[Not completed]
2019-06-14 06:16:55,673 INFO  impl.RaftServerImpl (RaftServerImpl.java:<init>(91)) - 744deaf6-1c09-4e13-b802-df8280c61801: new RaftServerImpl for group-1189376BBBB9:[247409c1-b13f-4049-9d81-ae47a1097ff8:192.168.46.35:36935, 0b3c29cf-394f-41a5-9204-b4d73d2a8196:192.168.46.35:40483, 744deaf6-1c09-4e13-b802-df8280c61801:192.168.46.35:41455] with ContainerStateMachine:uninitialized
2019-06-14 06:16:55,674 INFO  server.RaftServerConfigKeys (ConfUtils.java:logGet(43)) - raft.server.rpc.timeout.min = 1s (custom)
2019-06-14 06:16:55,674 INFO  server.RaftServerConfigKeys (ConfUtils.java:logGet(43)) - raft.server.rpc.timeout.max = 1200ms (custom)
2019-06-14 06:16:55,674 INFO  server.RaftServerConfigKeys (ConfUtils.java:logGet(43)) - raft.server.rpcslowness.timeout = 10s (custom)
2019-06-14 06:16:55,674 INFO  server.RaftServerConfigKeys (ConfUtils.java:logGet(43)) - raft.server.log.appender.install.snapshot.enabled = true (default)
2019-06-14 06:16:55,674 INFO  impl.RaftServerImpl (ServerState.java:<init>(101)) - 744deaf6-1c09-4e13-b802-df8280c61801:group-1189376BBBB9 ConfigurationManager, init=-1: [247409c1-b13f-4049-9d81-ae47a1097ff8:192.168.46.35:36935, 0b3c29cf-394f-41a5-9204-b4d73d2a8196:192.168.46.35:40483, 744deaf6-1c09-4e13-b802-df8280c61801:192.168.46.35:41455], old=null, confs=<EMPTY_MAP>
2019-06-14 06:16:55,674 INFO  server.RaftServerConfigKeys (ConfUtils.java:logGet(43)) - raft.server.storage.dir = [/opt/src/hadoop-ozone/integration-test/target/test-dir/MiniOzoneClusterImpl-9b161556-9504-4239-87d6-8cf5f428c5bf/datanode-3/data/ratis] (custom)
2019-06-14 06:16:55,674 INFO  storage.RaftStorageDirectory (RaftStorageDirectory.java:analyzeStorage(246)) - The storage directory /opt/src/hadoop-ozone/integration-test/target/test-dir/MiniOzoneClusterImpl-9b161556-9504-4239-87d6-8cf5f428c5bf/datanode-3/data/ratis/b18a7690-0070-4ea3-a8ad-1189376bbbb9 does not exist. Creating ...
2019-06-14 06:16:55,680 INFO  impl.RaftServerProxy (RaftServerProxy.java:addNew(89)) - 0b3c29cf-394f-41a5-9204-b4d73d2a8196: addNew group-1189376BBBB9:[247409c1-b13f-4049-9d81-ae47a1097ff8:192.168.46.35:36935, 0b3c29cf-394f-41a5-9204-b4d73d2a8196:192.168.46.35:40483, 744deaf6-1c09-4e13-b802-df8280c61801:192.168.46.35:41455] returns group-1189376BBBB9:java.util.concurrent.CompletableFuture@54849079[Not completed]
2019-06-14 06:16:55,681 INFO  impl.RaftServerImpl (RaftServerImpl.java:<init>(91)) - 0b3c29cf-394f-41a5-9204-b4d73d2a8196: new RaftServerImpl for group-1189376BBBB9:[247409c1-b13f-4049-9d81-ae47a1097ff8:192.168.46.35:36935, 0b3c29cf-394f-41a5-9204-b4d73d2a8196:192.168.46.35:40483, 744deaf6-1c09-4e13-b802-df8280c61801:192.168.46.35:41455] with ContainerStateMachine:uninitialized
2019-06-14 06:16:55,681 INFO  server.RaftServerConfigKeys (ConfUtils.java:logGet(43)) - raft.server.rpc.timeout.min = 1s (custom)
2019-06-14 06:16:55,681 INFO  server.RaftServerConfigKeys (ConfUtils.java:logGet(43)) - raft.server.rpc.timeout.max = 1200ms (custom)
2019-06-14 06:16:55,681 INFO  server.RaftServerConfigKeys (ConfUtils.java:logGet(43)) - raft.server.rpcslowness.timeout = 10s (custom)
2019-06-14 06:16:55,681 INFO  server.RaftServerConfigKeys (ConfUtils.java:logGet(43)) - raft.server.log.appender.install.snapshot.enabled = true (default)
2019-06-14 06:16:55,681 INFO  impl.RaftServerImpl (ServerState.java:<init>(101)) - 0b3c29cf-394f-41a5-9204-b4d73d2a8196:group-1189376BBBB9 ConfigurationManager, init=-1: [247409c1-b13f-4049-9d81-ae47a1097ff8:192.168.46.35:36935, 0b3c29cf-394f-41a5-9204-b4d73d2a8196:192.168.46.35:40483, 744deaf6-1c09-4e13-b802-df8280c61801:192.168.46.35:41455], old=null, confs=<EMPTY_MAP>
2019-06-14 06:16:55,681 INFO  server.RaftServerConfigKeys (ConfUtils.java:logGet(43)) - raft.server.storage.dir = [/opt/src/hadoop-ozone/integration-test/target/test-dir/MiniOzoneClusterImpl-9b161556-9504-4239-87d6-8cf5f428c5bf/datanode-2/data/ratis] (custom)
2019-06-14 06:16:55,681 INFO  storage.RaftStorageDirectory (RaftStorageDirectory.java:analyzeStorage(246)) - The storage directory /opt/src/hadoop-ozone/integration-test/target/test-dir/MiniOzoneClusterImpl-9b161556-9504-4239-87d6-8cf5f428c5bf/datanode-2/data/ratis/b18a7690-0070-4ea3-a8ad-1189376bbbb9 does not exist. Creating ...
2019-06-14 06:16:55,682 INFO  storage.RaftStorageDirectory (RaftStorageDirectory.java:tryLock(328)) - Lock on /opt/src/hadoop-ozone/integration-test/target/test-dir/MiniOzoneClusterImpl-9b161556-9504-4239-87d6-8cf5f428c5bf/datanode-3/data/ratis/b18a7690-0070-4ea3-a8ad-1189376bbbb9/in_use.lock acquired by nodename 10139@ozone-gjs5h-1633418606
2019-06-14 06:16:55,683 INFO  storage.RaftStorageDirectory (RaftStorageDirectory.java:tryLock(328)) - Lock on /opt/src/hadoop-ozone/integration-test/target/test-dir/MiniOzoneClusterImpl-9b161556-9504-4239-87d6-8cf5f428c5bf/datanode-2/data/ratis/b18a7690-0070-4ea3-a8ad-1189376bbbb9/in_use.lock acquired by nodename 10139@ozone-gjs5h-1633418606
2019-06-14 06:16:55,684 INFO  impl.RaftServerProxy (RaftServerProxy.java:addNew(89)) - 247409c1-b13f-4049-9d81-ae47a1097ff8: addNew group-1189376BBBB9:[247409c1-b13f-4049-9d81-ae47a1097ff8:192.168.46.35:36935, 0b3c29cf-394f-41a5-9204-b4d73d2a8196:192.168.46.35:40483, 744deaf6-1c09-4e13-b802-df8280c61801:192.168.46.35:41455] returns group-1189376BBBB9:java.util.concurrent.CompletableFuture@1186148d[Not completed]
2019-06-14 06:16:55,685 INFO  impl.RaftServerImpl (RaftServerImpl.java:<init>(91)) - 247409c1-b13f-4049-9d81-ae47a1097ff8: new RaftServerImpl for group-1189376BBBB9:[247409c1-b13f-4049-9d81-ae47a1097ff8:192.168.46.35:36935, 0b3c29cf-394f-41a5-9204-b4d73d2a8196:192.168.46.35:40483, 744deaf6-1c09-4e13-b802-df8280c61801:192.168.46.35:41455] with ContainerStateMachine:uninitialized
2019-06-14 06:16:55,685 INFO  server.RaftServerConfigKeys (ConfUtils.java:logGet(43)) - raft.server.rpc.timeout.min = 1s (custom)
2019-06-14 06:16:55,685 INFO  server.RaftServerConfigKeys (ConfUtils.java:logGet(43)) - raft.server.rpc.timeout.max = 1200ms (custom)
2019-06-14 06:16:55,686 INFO  server.RaftServerConfigKeys (ConfUtils.java:logGet(43)) - raft.server.rpcslowness.timeout = 10s (custom)
2019-06-14 06:16:55,686 INFO  server.RaftServerConfigKeys (ConfUtils.java:logGet(43)) - raft.server.log.appender.install.snapshot.enabled = true (default)
2019-06-14 06:16:55,686 INFO  impl.RaftServerImpl (ServerState.java:<init>(101)) - 247409c1-b13f-4049-9d81-ae47a1097ff8:group-1189376BBBB9 ConfigurationManager, init=-1: [247409c1-b13f-4049-9d81-ae47a1097ff8:192.168.46.35:36935, 0b3c29cf-394f-41a5-9204-b4d73d2a8196:192.168.46.35:40483, 744deaf6-1c09-4e13-b802-df8280c61801:192.168.46.35:41455], old=null, confs=<EMPTY_MAP>
2019-06-14 06:16:55,686 INFO  server.RaftServerConfigKeys (ConfUtils.java:logGet(43)) - raft.server.storage.dir = [/opt/src/hadoop-ozone/integration-test/target/test-dir/MiniOzoneClusterImpl-9b161556-9504-4239-87d6-8cf5f428c5bf/datanode-1/data/ratis] (custom)
2019-06-14 06:16:55,686 INFO  storage.RaftStorage (RaftStorage.java:format(75)) - Storage directory /opt/src/hadoop-ozone/integration-test/target/test-dir/MiniOzoneClusterImpl-9b161556-9504-4239-87d6-8cf5f428c5bf/datanode-2/data/ratis/b18a7690-0070-4ea3-a8ad-1189376bbbb9 has been successfully formatted.
2019-06-14 06:16:55,686 INFO  storage.RaftStorageDirectory (RaftStorageDirectory.java:analyzeStorage(246)) - The storage directory /opt/src/hadoop-ozone/integration-test/target/test-dir/MiniOzoneClusterImpl-9b161556-9504-4239-87d6-8cf5f428c5bf/datanode-1/data/ratis/b18a7690-0070-4ea3-a8ad-1189376bbbb9 does not exist. Creating ...
2019-06-14 06:16:55,686 INFO  storage.RaftStorage (RaftStorage.java:format(75)) - Storage directory /opt/src/hadoop-ozone/integration-test/target/test-dir/MiniOzoneClusterImpl-9b161556-9504-4239-87d6-8cf5f428c5bf/datanode-3/data/ratis/b18a7690-0070-4ea3-a8ad-1189376bbbb9 has been successfully formatted.
2019-06-14 06:16:55,686 INFO  ratis.ContainerStateMachine (ContainerStateMachine.java:loadSnapshot(199)) - The snapshot info is null.Setting the last applied index to:(t:0, i:~)
2019-06-14 06:16:55,687 INFO  server.RaftServerConfigKeys (ConfUtils.java:logGet(43)) - raft.server.leader.election.timeout = 10s (custom)
2019-06-14 06:16:55,687 INFO  server.RaftServerConfigKeys (ConfUtils.java:logGet(43)) - raft.server.log.use.memory = false (default)
2019-06-14 06:16:55,687 INFO  server.RaftServerConfigKeys (ConfUtils.java:logGet(43)) - raft.server.log.appender.buffer.byte-limit = 33554432 (custom)
2019-06-14 06:16:55,687 INFO  server.RaftServerConfigKeys (ConfUtils.java:logGet(43)) - raft.server.log.segment.size.max = 16384 (custom)
2019-06-14 06:16:55,687 INFO  server.RaftServerConfigKeys (ConfUtils.java:logGet(43)) - raft.server.log.segment.cache.num.max = 2 (custom)
2019-06-14 06:16:55,687 INFO  storage.RaftLogWorker (RaftLogWorker.java:<init>(123)) - new 0b3c29cf-394f-41a5-9204-b4d73d2a8196-RaftLogWorker for Storage Directory /opt/src/hadoop-ozone/integration-test/target/test-dir/MiniOzoneClusterImpl-9b161556-9504-4239-87d6-8cf5f428c5bf/datanode-2/data/ratis/b18a7690-0070-4ea3-a8ad-1189376bbbb9
2019-06-14 06:16:55,687 INFO  server.RaftServerConfigKeys (ConfUtils.java:logGet(43)) - raft.server.log.queue.byte-limit = 2147483647 (custom)
2019-06-14 06:16:55,688 INFO  server.RaftServerConfigKeys (ConfUtils.java:logGet(43)) - raft.server.log.queue.element-limit = 1024 (custom)
2019-06-14 06:16:55,688 INFO  server.RaftServerConfigKeys (ConfUtils.java:logGet(43)) - raft.server.log.segment.size.max = 16384 (custom)
2019-06-14 06:16:55,688 INFO  server.RaftServerConfigKeys (ConfUtils.java:logGet(43)) - raft.server.log.preallocated.size = 16384 (custom)
2019-06-14 06:16:55,688 INFO  server.RaftServerConfigKeys (ConfUtils.java:logGet(43)) - raft.server.log.write.buffer.size = 33554432 (custom)
2019-06-14 06:16:55,688 INFO  server.RaftServerConfigKeys (ConfUtils.java:logGet(43)) - raft.server.log.force.sync.num = 128 (default)
2019-06-14 06:16:55,688 INFO  server.RaftServerConfigKeys (ConfUtils.java:logGet(43)) - raft.server.log.statemachine.data.sync = true (default)
2019-06-14 06:16:55,688 INFO  server.RaftServerConfigKeys (ConfUtils.java:logGet(43)) - raft.server.log.statemachine.data.sync.timeout = 10s (default)
2019-06-14 06:16:55,688 INFO  server.RaftServerConfigKeys (ConfUtils.java:logGet(43)) - raft.server.log.statemachine.data.sync.timeout.retry = -1 (default)
2019-06-14 06:16:55,688 INFO  server.RaftServerConfigKeys (ConfUtils.java:logGet(43)) - raft.server.log.statemachine.data.caching.enabled = true (custom)
2019-06-14 06:16:55,689 INFO  storage.RaftStorageDirectory (RaftStorageDirectory.java:tryLock(328)) - Lock on /opt/src/hadoop-ozone/integration-test/target/test-dir/MiniOzoneClusterImpl-9b161556-9504-4239-87d6-8cf5f428c5bf/datanode-1/data/ratis/b18a7690-0070-4ea3-a8ad-1189376bbbb9/in_use.lock acquired by nodename 10139@ozone-gjs5h-1633418606
2019-06-14 06:16:55,689 INFO  ratis.ContainerStateMachine (ContainerStateMachine.java:loadSnapshot(199)) - The snapshot info is null.Setting the last applied index to:(t:0, i:~)
2019-06-14 06:16:55,689 INFO  server.RaftServerConfigKeys (ConfUtils.java:logGet(43)) - raft.server.leader.election.timeout = 10s (custom)
2019-06-14 06:16:55,689 INFO  server.RaftServerConfigKeys (ConfUtils.java:logGet(43)) - raft.server.log.use.memory = false (default)
2019-06-14 06:16:55,689 INFO  server.RaftServerConfigKeys (ConfUtils.java:logGet(43)) - raft.server.snapshot.auto.trigger.enabled = true (custom)
2019-06-14 06:16:55,689 INFO  server.RaftServerConfigKeys (ConfUtils.java:logGet(43)) - raft.server.log.appender.buffer.byte-limit = 33554432 (custom)
2019-06-14 06:16:55,689 INFO  server.RaftServerConfigKeys (ConfUtils.java:logGet(43)) - raft.server.snapshot.auto.trigger.threshold = 10000 (custom)
2019-06-14 06:16:55,690 INFO  server.RaftServerConfigKeys (ConfUtils.java:logGet(43)) - raft.server.log.segment.size.max = 16384 (custom)
2019-06-14 06:16:55,690 INFO  server.RaftServerConfigKeys (ConfUtils.java:logGet(43)) - raft.server.log.segment.cache.num.max = 2 (custom)
2019-06-14 06:16:55,690 INFO  server.RaftServerConfigKeys (ConfUtils.java:logGet(43)) - raft.server.retrycache.expirytime = 600000ms (custom)
2019-06-14 06:16:55,690 INFO  storage.RaftLogWorker (RaftLogWorker.java:<init>(123)) - new 744deaf6-1c09-4e13-b802-df8280c61801-RaftLogWorker for Storage Directory /opt/src/hadoop-ozone/integration-test/target/test-dir/MiniOzoneClusterImpl-9b161556-9504-4239-87d6-8cf5f428c5bf/datanode-3/data/ratis/b18a7690-0070-4ea3-a8ad-1189376bbbb9
2019-06-14 06:16:55,690 INFO  impl.RaftServerImpl (RaftServerImpl.java:start(173)) - 0b3c29cf-394f-41a5-9204-b4d73d2a8196: start group-1189376BBBB9
2019-06-14 06:16:55,690 INFO  server.RaftServerConfigKeys (ConfUtils.java:logGet(43)) - raft.server.log.queue.byte-limit = 2147483647 (custom)
2019-06-14 06:16:55,690 INFO  impl.RaftServerImpl (RaftServerImpl.java:setRole(164)) - 0b3c29cf-394f-41a5-9204-b4d73d2a8196:group-1189376BBBB9 changes role from null to FOLLOWER at term 0 for startAsFollower
2019-06-14 06:16:55,690 INFO  server.RaftServerConfigKeys (ConfUtils.java:logGet(43)) - raft.server.log.queue.element-limit = 1024 (custom)
2019-06-14 06:16:55,691 INFO  storage.RaftStorage (RaftStorage.java:format(75)) - Storage directory /opt/src/hadoop-ozone/integration-test/target/test-dir/MiniOzoneClusterImpl-9b161556-9504-4239-87d6-8cf5f428c5bf/datanode-1/data/ratis/b18a7690-0070-4ea3-a8ad-1189376bbbb9 has been successfully formatted.
2019-06-14 06:16:55,691 INFO  server.RaftServerConfigKeys (ConfUtils.java:logGet(43)) - raft.server.log.segment.size.max = 16384 (custom)
2019-06-14 06:16:55,691 INFO  impl.RoleInfo (RoleInfo.java:updateAndGet(143)) - 0b3c29cf-394f-41a5-9204-b4d73d2a8196: start FollowerState
2019-06-14 06:16:55,691 INFO  server.RaftServerConfigKeys (ConfUtils.java:logGet(43)) - raft.server.log.preallocated.size = 16384 (custom)
2019-06-14 06:16:55,691 INFO  ratis.ContainerStateMachine (ContainerStateMachine.java:loadSnapshot(199)) - The snapshot info is null.Setting the last applied index to:(t:0, i:~)
2019-06-14 06:16:55,691 INFO  server.RaftServerConfigKeys (ConfUtils.java:logGet(43)) - raft.server.leader.election.timeout = 10s (custom)
2019-06-14 06:16:55,691 INFO  server.RaftServerConfigKeys (ConfUtils.java:logGet(43)) - raft.server.log.use.memory = false (default)
2019-06-14 06:16:55,691 INFO  server.RaftServerConfigKeys (ConfUtils.java:logGet(43)) - raft.server.log.appender.buffer.byte-limit = 33554432 (custom)
2019-06-14 06:16:55,692 INFO  server.RaftServerConfigKeys (ConfUtils.java:logGet(43)) - raft.server.log.segment.size.max = 16384 (custom)
2019-06-14 06:16:55,692 INFO  server.RaftServerConfigKeys (ConfUtils.java:logGet(43)) - raft.server.log.segment.cache.num.max = 2 (custom)
2019-06-14 06:16:55,692 INFO  storage.RaftLogWorker (RaftLogWorker.java:<init>(123)) - new 247409c1-b13f-4049-9d81-ae47a1097ff8-RaftLogWorker for Storage Directory /opt/src/hadoop-ozone/integration-test/target/test-dir/MiniOzoneClusterImpl-9b161556-9504-4239-87d6-8cf5f428c5bf/datanode-1/data/ratis/b18a7690-0070-4ea3-a8ad-1189376bbbb9
2019-06-14 06:16:55,692 INFO  server.RaftServerConfigKeys (ConfUtils.java:logGet(43)) - raft.server.log.queue.byte-limit = 2147483647 (custom)
2019-06-14 06:16:55,692 INFO  server.RaftServerConfigKeys (ConfUtils.java:logGet(43)) - raft.server.log.queue.element-limit = 1024 (custom)
2019-06-14 06:16:55,692 INFO  server.RaftServerConfigKeys (ConfUtils.java:logGet(43)) - raft.server.log.segment.size.max = 16384 (custom)
2019-06-14 06:16:55,692 INFO  server.RaftServerConfigKeys (ConfUtils.java:logGet(43)) - raft.server.log.preallocated.size = 16384 (custom)
2019-06-14 06:16:55,692 INFO  server.RaftServerConfigKeys (ConfUtils.java:logGet(43)) - raft.server.log.write.buffer.size = 33554432 (custom)
2019-06-14 06:16:55,693 INFO  server.RaftServerConfigKeys (ConfUtils.java:logGet(43)) - raft.server.log.force.sync.num = 128 (default)
2019-06-14 06:16:55,693 INFO  server.RaftServerConfigKeys (ConfUtils.java:logGet(43)) - raft.server.log.statemachine.data.sync = true (default)
2019-06-14 06:16:55,693 INFO  server.RaftServerConfigKeys (ConfUtils.java:logGet(43)) - raft.server.log.statemachine.data.sync.timeout = 10s (default)
2019-06-14 06:16:55,693 INFO  server.RaftServerConfigKeys (ConfUtils.java:logGet(43)) - raft.server.log.statemachine.data.sync.timeout.retry = -1 (default)
2019-06-14 06:16:55,693 INFO  server.RaftServerConfigKeys (ConfUtils.java:logGet(43)) - raft.server.log.write.buffer.size = 33554432 (custom)
2019-06-14 06:16:55,693 INFO  server.RaftServerConfigKeys (ConfUtils.java:logGet(43)) - raft.server.log.force.sync.num = 128 (default)
2019-06-14 06:16:55,693 INFO  server.RaftServerConfigKeys (ConfUtils.java:logGet(43)) - raft.server.log.statemachine.data.caching.enabled = true (custom)
2019-06-14 06:16:55,694 INFO  util.JmxRegister (JmxRegister.java:tryRegister(44)) - Successfully registered JMX Bean with object name Ratis:service=RaftServer,group=group-1189376BBBB9,id=0b3c29cf-394f-41a5-9204-b4d73d2a8196
2019-06-14 06:16:55,694 INFO  server.RaftServerConfigKeys (ConfUtils.java:logGet(43)) - raft.server.log.statemachine.data.sync = true (default)
2019-06-14 06:16:55,694 INFO  server.RaftServerConfigKeys (ConfUtils.java:logGet(43)) - raft.server.log.statemachine.data.sync.timeout = 10s (default)
2019-06-14 06:16:55,694 INFO  server.RaftServerConfigKeys (ConfUtils.java:logGet(43)) - raft.server.log.statemachine.data.sync.timeout.retry = -1 (default)
2019-06-14 06:16:55,694 INFO  server.RaftServerConfigKeys (ConfUtils.java:logGet(43)) - raft.server.log.statemachine.data.caching.enabled = true (custom)
2019-06-14 06:16:55,694 INFO  server.RaftServerConfigKeys (ConfUtils.java:logGet(43)) - raft.server.snapshot.auto.trigger.enabled = true (custom)
2019-06-14 06:16:55,694 INFO  server.RaftServerConfigKeys (ConfUtils.java:logGet(43)) - raft.server.snapshot.auto.trigger.threshold = 10000 (custom)
2019-06-14 06:16:55,697 INFO  server.RaftServerConfigKeys (ConfUtils.java:logGet(43)) - raft.server.retrycache.expirytime = 600000ms (custom)
2019-06-14 06:16:55,698 INFO  impl.RaftServerImpl (RaftServerImpl.java:start(173)) - 247409c1-b13f-4049-9d81-ae47a1097ff8: start group-1189376BBBB9
2019-06-14 06:16:55,698 INFO  impl.RaftServerImpl (RaftServerImpl.java:setRole(164)) - 247409c1-b13f-4049-9d81-ae47a1097ff8:group-1189376BBBB9 changes role from null to FOLLOWER at term 0 for startAsFollower
2019-06-14 06:16:55,698 INFO  impl.RoleInfo (RoleInfo.java:updateAndGet(143)) - 247409c1-b13f-4049-9d81-ae47a1097ff8: start FollowerState
2019-06-14 06:16:55,698 INFO  util.JmxRegister (JmxRegister.java:tryRegister(44)) - Successfully registered JMX Bean with object name Ratis:service=RaftServer,group=group-1189376BBBB9,id=247409c1-b13f-4049-9d81-ae47a1097ff8
2019-06-14 06:16:55,706 INFO  server.RaftServerConfigKeys (ConfUtils.java:logGet(43)) - raft.server.snapshot.auto.trigger.enabled = true (custom)
2019-06-14 06:16:55,706 INFO  server.RaftServerConfigKeys (ConfUtils.java:logGet(43)) - raft.server.snapshot.auto.trigger.threshold = 10000 (custom)
2019-06-14 06:16:55,706 INFO  server.RaftServerConfigKeys (ConfUtils.java:logGet(43)) - raft.server.retrycache.expirytime = 600000ms (custom)
2019-06-14 06:16:55,706 INFO  impl.RaftServerImpl (RaftServerImpl.java:start(173)) - 744deaf6-1c09-4e13-b802-df8280c61801: start group-1189376BBBB9
2019-06-14 06:16:55,707 INFO  impl.RaftServerImpl (RaftServerImpl.java:setRole(164)) - 744deaf6-1c09-4e13-b802-df8280c61801:group-1189376BBBB9 changes role from null to FOLLOWER at term 0 for startAsFollower
2019-06-14 06:16:55,707 INFO  impl.RoleInfo (RoleInfo.java:updateAndGet(143)) - 744deaf6-1c09-4e13-b802-df8280c61801: start FollowerState
2019-06-14 06:16:55,711 INFO  util.JmxRegister (JmxRegister.java:tryRegister(44)) - Successfully registered JMX Bean with object name Ratis:service=RaftServer,group=group-1189376BBBB9,id=744deaf6-1c09-4e13-b802-df8280c61801
2019-06-14 06:16:55,723 INFO  pipeline.PipelineStateManager (PipelineStateManager.java:addPipeline(56)) - Created pipeline Pipeline[ Id: b18a7690-0070-4ea3-a8ad-1189376bbbb9, Nodes: 247409c1-b13f-4049-9d81-ae47a1097ff8{ip: 192.168.46.35, host: ozone-gjs5h-1633418606, networkLocation: /default-rack, certSerialId: null}0b3c29cf-394f-41a5-9204-b4d73d2a8196{ip: 192.168.46.35, host: ozone-gjs5h-1633418606, networkLocation: /default-rack, certSerialId: null}744deaf6-1c09-4e13-b802-df8280c61801{ip: 192.168.46.35, host: ozone-gjs5h-1633418606, networkLocation: /default-rack, certSerialId: null}, Type:RATIS, Factor:THREE, State:OPEN]
2019-06-14 06:16:55,817 INFO  node.SCMNodeManager (SCMNodeManager.java:register(234)) - Registered Data node : 16035f9c-e58c-4a75-82e6-fb2f99702ba6{ip: 192.168.46.35, host: ozone-gjs5h-1633418606, networkLocation: /default-rack, certSerialId: null}
2019-06-14 06:16:55,832 INFO  impl.RaftServerProxy (RaftServerProxy.java:addNew(89)) - 16035f9c-e58c-4a75-82e6-fb2f99702ba6: addNew group-D986B0C98C5C:[16035f9c-e58c-4a75-82e6-fb2f99702ba6:192.168.46.35:42701] returns group-D986B0C98C5C:java.util.concurrent.CompletableFuture@50aaaf26[Not completed]
2019-06-14 06:16:55,833 INFO  impl.RaftServerImpl (RaftServerImpl.java:<init>(91)) - 16035f9c-e58c-4a75-82e6-fb2f99702ba6: new RaftServerImpl for group-D986B0C98C5C:[16035f9c-e58c-4a75-82e6-fb2f99702ba6:192.168.46.35:42701] with ContainerStateMachine:uninitialized
2019-06-14 06:16:55,833 INFO  server.RaftServerConfigKeys (ConfUtils.java:logGet(43)) - raft.server.rpc.timeout.min = 1s (custom)
2019-06-14 06:16:55,834 INFO  server.RaftServerConfigKeys (ConfUtils.java:logGet(43)) - raft.server.rpc.timeout.max = 1200ms (custom)
2019-06-14 06:16:55,834 INFO  server.RaftServerConfigKeys (ConfUtils.java:logGet(43)) - raft.server.rpcslowness.timeout = 10s (custom)
2019-06-14 06:16:55,834 INFO  server.RaftServerConfigKeys (ConfUtils.java:logGet(43)) - raft.server.log.appender.install.snapshot.enabled = true (default)
2019-06-14 06:16:55,834 INFO  impl.RaftServerImpl (ServerState.java:<init>(101)) - 16035f9c-e58c-4a75-82e6-fb2f99702ba6:group-D986B0C98C5C ConfigurationManager, init=-1: [16035f9c-e58c-4a75-82e6-fb2f99702ba6:192.168.46.35:42701], old=null, confs=<EMPTY_MAP>
2019-06-14 06:16:55,834 INFO  server.RaftServerConfigKeys (ConfUtils.java:logGet(43)) - raft.server.storage.dir = [/opt/src/hadoop-ozone/integration-test/target/test-dir/MiniOzoneClusterImpl-9b161556-9504-4239-87d6-8cf5f428c5bf/datanode-4/data/ratis] (custom)
2019-06-14 06:16:55,834 INFO  storage.RaftStorageDirectory (RaftStorageDirectory.java:analyzeStorage(246)) - The storage directory /opt/src/hadoop-ozone/integration-test/target/test-dir/MiniOzoneClusterImpl-9b161556-9504-4239-87d6-8cf5f428c5bf/datanode-4/data/ratis/38d0940b-7446-422c-9914-d986b0c98c5c does not exist. Creating ...
2019-06-14 06:16:55,836 INFO  storage.RaftStorageDirectory (RaftStorageDirectory.java:tryLock(328)) - Lock on /opt/src/hadoop-ozone/integration-test/target/test-dir/MiniOzoneClusterImpl-9b161556-9504-4239-87d6-8cf5f428c5bf/datanode-4/data/ratis/38d0940b-7446-422c-9914-d986b0c98c5c/in_use.lock acquired by nodename 10139@ozone-gjs5h-1633418606
2019-06-14 06:16:55,838 INFO  storage.RaftStorage (RaftStorage.java:format(75)) - Storage directory /opt/src/hadoop-ozone/integration-test/target/test-dir/MiniOzoneClusterImpl-9b161556-9504-4239-87d6-8cf5f428c5bf/datanode-4/data/ratis/38d0940b-7446-422c-9914-d986b0c98c5c has been successfully formatted.
2019-06-14 06:16:55,838 INFO  ratis.ContainerStateMachine (ContainerStateMachine.java:loadSnapshot(199)) - The snapshot info is null.Setting the last applied index to:(t:0, i:~)
2019-06-14 06:16:55,839 INFO  server.RaftServerConfigKeys (ConfUtils.java:logGet(43)) - raft.server.leader.election.timeout = 10s (custom)
2019-06-14 06:16:55,839 INFO  server.RaftServerConfigKeys (ConfUtils.java:logGet(43)) - raft.server.log.use.memory = false (default)
2019-06-14 06:16:55,839 INFO  server.RaftServerConfigKeys (ConfUtils.java:logGet(43)) - raft.server.log.appender.buffer.byte-limit = 33554432 (custom)
2019-06-14 06:16:55,839 INFO  server.RaftServerConfigKeys (ConfUtils.java:logGet(43)) - raft.server.log.segment.size.max = 16384 (custom)
2019-06-14 06:16:55,839 INFO  server.RaftServerConfigKeys (ConfUtils.java:logGet(43)) - raft.server.log.segment.cache.num.max = 2 (custom)
2019-06-14 06:16:55,839 INFO  storage.RaftLogWorker (RaftLogWorker.java:<init>(123)) - new 16035f9c-e58c-4a75-82e6-fb2f99702ba6-RaftLogWorker for Storage Directory /opt/src/hadoop-ozone/integration-test/target/test-dir/MiniOzoneClusterImpl-9b161556-9504-4239-87d6-8cf5f428c5bf/datanode-4/data/ratis/38d0940b-7446-422c-9914-d986b0c98c5c
2019-06-14 06:16:55,839 INFO  server.RaftServerConfigKeys (ConfUtils.java:logGet(43)) - raft.server.log.queue.byte-limit = 2147483647 (custom)
2019-06-14 06:16:55,839 INFO  server.RaftServerConfigKeys (ConfUtils.java:logGet(43)) - raft.server.log.queue.element-limit = 1024 (custom)
2019-06-14 06:16:55,839 INFO  server.RaftServerConfigKeys (ConfUtils.java:logGet(43)) - raft.server.log.segment.size.max = 16384 (custom)
2019-06-14 06:16:55,839 INFO  server.RaftServerConfigKeys (ConfUtils.java:logGet(43)) - raft.server.log.preallocated.size = 16384 (custom)
2019-06-14 06:16:55,839 INFO  server.RaftServerConfigKeys (ConfUtils.java:logGet(43)) - raft.server.log.write.buffer.size = 33554432 (custom)
2019-06-14 06:16:55,839 INFO  server.RaftServerConfigKeys (ConfUtils.java:logGet(43)) - raft.server.log.force.sync.num = 128 (default)
2019-06-14 06:16:55,840 INFO  server.RaftServerConfigKeys (ConfUtils.java:logGet(43)) - raft.server.log.statemachine.data.sync = true (default)
2019-06-14 06:16:55,840 INFO  server.RaftServerConfigKeys (ConfUtils.java:logGet(43)) - raft.server.log.statemachine.data.sync.timeout = 10s (default)
2019-06-14 06:16:55,840 INFO  server.RaftServerConfigKeys (ConfUtils.java:logGet(43)) - raft.server.log.statemachine.data.sync.timeout.retry = -1 (default)
2019-06-14 06:16:55,840 INFO  server.RaftServerConfigKeys (ConfUtils.java:logGet(43)) - raft.server.log.statemachine.data.caching.enabled = true (custom)
2019-06-14 06:16:55,840 INFO  server.RaftServerConfigKeys (ConfUtils.java:logGet(43)) - raft.server.snapshot.auto.trigger.enabled = true (custom)
2019-06-14 06:16:55,840 INFO  server.RaftServerConfigKeys (ConfUtils.java:logGet(43)) - raft.server.snapshot.auto.trigger.threshold = 10000 (custom)
2019-06-14 06:16:55,840 INFO  server.RaftServerConfigKeys (ConfUtils.java:logGet(43)) - raft.server.retrycache.expirytime = 600000ms (custom)
2019-06-14 06:16:55,840 INFO  impl.RaftServerImpl (RaftServerImpl.java:start(173)) - 16035f9c-e58c-4a75-82e6-fb2f99702ba6: start group-D986B0C98C5C
2019-06-14 06:16:55,841 INFO  impl.RaftServerImpl (RaftServerImpl.java:setRole(164)) - 16035f9c-e58c-4a75-82e6-fb2f99702ba6:group-D986B0C98C5C changes role from null to FOLLOWER at term 0 for startAsFollower
2019-06-14 06:16:55,841 INFO  impl.RoleInfo (RoleInfo.java:updateAndGet(143)) - 16035f9c-e58c-4a75-82e6-fb2f99702ba6: start FollowerState
2019-06-14 06:16:55,841 INFO  util.JmxRegister (JmxRegister.java:tryRegister(44)) - Successfully registered JMX Bean with object name Ratis:service=RaftServer,group=group-D986B0C98C5C,id=16035f9c-e58c-4a75-82e6-fb2f99702ba6
2019-06-14 06:16:55,846 INFO  pipeline.PipelineStateManager (PipelineStateManager.java:addPipeline(56)) - Created pipeline Pipeline[ Id: 38d0940b-7446-422c-9914-d986b0c98c5c, Nodes: 16035f9c-e58c-4a75-82e6-fb2f99702ba6{ip: 192.168.46.35, host: ozone-gjs5h-1633418606, networkLocation: /default-rack, certSerialId: null}, Type:RATIS, Factor:ONE, State:OPEN]
2019-06-14 06:16:56,022 INFO  ozone.MiniOzoneClusterImpl (MiniOzoneClusterImpl.java:lambda$waitForClusterToBeReady$0(142)) - Waiting for cluster to be ready. Got 5 of 6 DN Heartbeats.
2019-06-14 06:16:56,025 INFO  node.SCMNodeManager (SCMNodeManager.java:register(234)) - Registered Data node : 0c163c63-e4dd-44dd-9c22-5518ec47b064{ip: 192.168.46.35, host: ozone-gjs5h-1633418606, networkLocation: /default-rack, certSerialId: null}
2019-06-14 06:16:56,039 INFO  impl.RaftServerProxy (RaftServerProxy.java:addNew(89)) - 0c163c63-e4dd-44dd-9c22-5518ec47b064: addNew group-89CD53F523AD:[0c163c63-e4dd-44dd-9c22-5518ec47b064:192.168.46.35:44063] returns group-89CD53F523AD:java.util.concurrent.CompletableFuture@4ef826f8[Not completed]
2019-06-14 06:16:56,040 INFO  impl.RaftServerImpl (RaftServerImpl.java:<init>(91)) - 0c163c63-e4dd-44dd-9c22-5518ec47b064: new RaftServerImpl for group-89CD53F523AD:[0c163c63-e4dd-44dd-9c22-5518ec47b064:192.168.46.35:44063] with ContainerStateMachine:uninitialized
2019-06-14 06:16:56,040 INFO  server.RaftServerConfigKeys (ConfUtils.java:logGet(43)) - raft.server.rpc.timeout.min = 1s (custom)
2019-06-14 06:16:56,040 INFO  server.RaftServerConfigKeys (ConfUtils.java:logGet(43)) - raft.server.rpc.timeout.max = 1200ms (custom)
2019-06-14 06:16:56,040 INFO  server.RaftServerConfigKeys (ConfUtils.java:logGet(43)) - raft.server.rpcslowness.timeout = 10s (custom)
2019-06-14 06:16:56,040 INFO  server.RaftServerConfigKeys (ConfUtils.java:logGet(43)) - raft.server.log.appender.install.snapshot.enabled = true (default)
2019-06-14 06:16:56,040 INFO  impl.RaftServerImpl (ServerState.java:<init>(101)) - 0c163c63-e4dd-44dd-9c22-5518ec47b064:group-89CD53F523AD ConfigurationManager, init=-1: [0c163c63-e4dd-44dd-9c22-5518ec47b064:192.168.46.35:44063], old=null, confs=<EMPTY_MAP>
2019-06-14 06:16:56,041 INFO  server.RaftServerConfigKeys (ConfUtils.java:logGet(43)) - raft.server.storage.dir = [/opt/src/hadoop-ozone/integration-test/target/test-dir/MiniOzoneClusterImpl-9b161556-9504-4239-87d6-8cf5f428c5bf/datanode-5/data/ratis] (custom)
2019-06-14 06:16:56,041 INFO  storage.RaftStorageDirectory (RaftStorageDirectory.java:analyzeStorage(246)) - The storage directory /opt/src/hadoop-ozone/integration-test/target/test-dir/MiniOzoneClusterImpl-9b161556-9504-4239-87d6-8cf5f428c5bf/datanode-5/data/ratis/8a5c6e50-e0eb-45eb-838e-89cd53f523ad does not exist. Creating ...
2019-06-14 06:16:56,043 INFO  storage.RaftStorageDirectory (RaftStorageDirectory.java:tryLock(328)) - Lock on /opt/src/hadoop-ozone/integration-test/target/test-dir/MiniOzoneClusterImpl-9b161556-9504-4239-87d6-8cf5f428c5bf/datanode-5/data/ratis/8a5c6e50-e0eb-45eb-838e-89cd53f523ad/in_use.lock acquired by nodename 10139@ozone-gjs5h-1633418606
2019-06-14 06:16:56,045 INFO  storage.RaftStorage (RaftStorage.java:format(75)) - Storage directory /opt/src/hadoop-ozone/integration-test/target/test-dir/MiniOzoneClusterImpl-9b161556-9504-4239-87d6-8cf5f428c5bf/datanode-5/data/ratis/8a5c6e50-e0eb-45eb-838e-89cd53f523ad has been successfully formatted.
2019-06-14 06:16:56,046 INFO  ratis.ContainerStateMachine (ContainerStateMachine.java:loadSnapshot(199)) - The snapshot info is null.Setting the last applied index to:(t:0, i:~)
2019-06-14 06:16:56,046 INFO  server.RaftServerConfigKeys (ConfUtils.java:logGet(43)) - raft.server.leader.election.timeout = 10s (custom)
2019-06-14 06:16:56,046 INFO  server.RaftServerConfigKeys (ConfUtils.java:logGet(43)) - raft.server.log.use.memory = false (default)
2019-06-14 06:16:56,046 INFO  server.RaftServerConfigKeys (ConfUtils.java:logGet(43)) - raft.server.log.appender.buffer.byte-limit = 33554432 (custom)
2019-06-14 06:16:56,046 INFO  server.RaftServerConfigKeys (ConfUtils.java:logGet(43)) - raft.server.log.segment.size.max = 16384 (custom)
2019-06-14 06:16:56,046 INFO  server.RaftServerConfigKeys (ConfUtils.java:logGet(43)) - raft.server.log.segment.cache.num.max = 2 (custom)
2019-06-14 06:16:56,046 INFO  storage.RaftLogWorker (RaftLogWorker.java:<init>(123)) - new 0c163c63-e4dd-44dd-9c22-5518ec47b064-RaftLogWorker for Storage Directory /opt/src/hadoop-ozone/integration-test/target/test-dir/MiniOzoneClusterImpl-9b161556-9504-4239-87d6-8cf5f428c5bf/datanode-5/data/ratis/8a5c6e50-e0eb-45eb-838e-89cd53f523ad
2019-06-14 06:16:56,046 INFO  server.RaftServerConfigKeys (ConfUtils.java:logGet(43)) - raft.server.log.queue.byte-limit = 2147483647 (custom)
2019-06-14 06:16:56,046 INFO  server.RaftServerConfigKeys (ConfUtils.java:logGet(43)) - raft.server.log.queue.element-limit = 1024 (custom)
2019-06-14 06:16:56,046 INFO  server.RaftServerConfigKeys (ConfUtils.java:logGet(43)) - raft.server.log.segment.size.max = 16384 (custom)
2019-06-14 06:16:56,046 INFO  server.RaftServerConfigKeys (ConfUtils.java:logGet(43)) - raft.server.log.preallocated.size = 16384 (custom)
2019-06-14 06:16:56,046 INFO  server.RaftServerConfigKeys (ConfUtils.java:logGet(43)) - raft.server.log.write.buffer.size = 33554432 (custom)
2019-06-14 06:16:56,047 INFO  server.RaftServerConfigKeys (ConfUtils.java:logGet(43)) - raft.server.log.force.sync.num = 128 (default)
2019-06-14 06:16:56,047 INFO  server.RaftServerConfigKeys (ConfUtils.java:logGet(43)) - raft.server.log.statemachine.data.sync = true (default)
2019-06-14 06:16:56,047 INFO  server.RaftServerConfigKeys (ConfUtils.java:logGet(43)) - raft.server.log.statemachine.data.sync.timeout = 10s (default)
2019-06-14 06:16:56,047 INFO  server.RaftServerConfigKeys (ConfUtils.java:logGet(43)) - raft.server.log.statemachine.data.sync.timeout.retry = -1 (default)
2019-06-14 06:16:56,047 INFO  server.RaftServerConfigKeys (ConfUtils.java:logGet(43)) - raft.server.log.statemachine.data.caching.enabled = true (custom)
2019-06-14 06:16:56,047 INFO  server.RaftServerConfigKeys (ConfUtils.java:logGet(43)) - raft.server.snapshot.auto.trigger.enabled = true (custom)
2019-06-14 06:16:56,048 INFO  server.RaftServerConfigKeys (ConfUtils.java:logGet(43)) - raft.server.snapshot.auto.trigger.threshold = 10000 (custom)
2019-06-14 06:16:56,048 INFO  server.RaftServerConfigKeys (ConfUtils.java:logGet(43)) - raft.server.retrycache.expirytime = 600000ms (custom)
2019-06-14 06:16:56,048 INFO  impl.RaftServerImpl (RaftServerImpl.java:start(173)) - 0c163c63-e4dd-44dd-9c22-5518ec47b064: start group-89CD53F523AD
2019-06-14 06:16:56,048 INFO  impl.RaftServerImpl (RaftServerImpl.java:setRole(164)) - 0c163c63-e4dd-44dd-9c22-5518ec47b064:group-89CD53F523AD changes role from null to FOLLOWER at term 0 for startAsFollower
2019-06-14 06:16:56,048 INFO  impl.RoleInfo (RoleInfo.java:updateAndGet(143)) - 0c163c63-e4dd-44dd-9c22-5518ec47b064: start FollowerState
2019-06-14 06:16:56,048 INFO  util.JmxRegister (JmxRegister.java:tryRegister(44)) - Successfully registered JMX Bean with object name Ratis:service=RaftServer,group=group-89CD53F523AD,id=0c163c63-e4dd-44dd-9c22-5518ec47b064
2019-06-14 06:16:56,055 INFO  pipeline.PipelineStateManager (PipelineStateManager.java:addPipeline(56)) - Created pipeline Pipeline[ Id: 8a5c6e50-e0eb-45eb-838e-89cd53f523ad, Nodes: 0c163c63-e4dd-44dd-9c22-5518ec47b064{ip: 192.168.46.35, host: ozone-gjs5h-1633418606, networkLocation: /default-rack, certSerialId: null}, Type:RATIS, Factor:ONE, State:OPEN]
2019-06-14 06:16:56,072 INFO  impl.RaftServerProxy (RaftServerProxy.java:addNew(89)) - 56fb8fe3-5a08-49cf-bb0a-4c181b887929: addNew group-839527EA3E03:[16035f9c-e58c-4a75-82e6-fb2f99702ba6:192.168.46.35:42701, 0c163c63-e4dd-44dd-9c22-5518ec47b064:192.168.46.35:44063, 56fb8fe3-5a08-49cf-bb0a-4c181b887929:192.168.46.35:35661] returns group-839527EA3E03:java.util.concurrent.CompletableFuture@67eb9ea1[Not completed]
2019-06-14 06:16:56,074 INFO  impl.RaftServerImpl (RaftServerImpl.java:<init>(91)) - 56fb8fe3-5a08-49cf-bb0a-4c181b887929: new RaftServerImpl for group-839527EA3E03:[16035f9c-e58c-4a75-82e6-fb2f99702ba6:192.168.46.35:42701, 0c163c63-e4dd-44dd-9c22-5518ec47b064:192.168.46.35:44063, 56fb8fe3-5a08-49cf-bb0a-4c181b887929:192.168.46.35:35661] with ContainerStateMachine:uninitialized
2019-06-14 06:16:56,074 INFO  server.RaftServerConfigKeys (ConfUtils.java:logGet(43)) - raft.server.rpc.timeout.min = 1s (custom)
2019-06-14 06:16:56,075 INFO  server.RaftServerConfigKeys (ConfUtils.java:logGet(43)) - raft.server.rpc.timeout.max = 1200ms (custom)
2019-06-14 06:16:56,075 INFO  server.RaftServerConfigKeys (ConfUtils.java:logGet(43)) - raft.server.rpcslowness.timeout = 10s (custom)
2019-06-14 06:16:56,075 INFO  server.RaftServerConfigKeys (ConfUtils.java:logGet(43)) - raft.server.log.appender.install.snapshot.enabled = true (default)
2019-06-14 06:16:56,075 INFO  impl.RaftServerImpl (ServerState.java:<init>(101)) - 56fb8fe3-5a08-49cf-bb0a-4c181b887929:group-839527EA3E03 ConfigurationManager, init=-1: [16035f9c-e58c-4a75-82e6-fb2f99702ba6:192.168.46.35:42701, 0c163c63-e4dd-44dd-9c22-5518ec47b064:192.168.46.35:44063, 56fb8fe3-5a08-49cf-bb0a-4c181b887929:192.168.46.35:35661], old=null, confs=<EMPTY_MAP>
2019-06-14 06:16:56,075 INFO  impl.RaftServerProxy (RaftServerProxy.java:addNew(89)) - 0c163c63-e4dd-44dd-9c22-5518ec47b064: addNew group-839527EA3E03:[16035f9c-e58c-4a75-82e6-fb2f99702ba6:192.168.46.35:42701, 0c163c63-e4dd-44dd-9c22-5518ec47b064:192.168.46.35:44063, 56fb8fe3-5a08-49cf-bb0a-4c181b887929:192.168.46.35:35661] returns group-839527EA3E03:java.util.concurrent.CompletableFuture@22e91c38[Not completed]
2019-06-14 06:16:56,076 INFO  server.RaftServerConfigKeys (ConfUtils.java:logGet(43)) - raft.server.storage.dir = [/opt/src/hadoop-ozone/integration-test/target/test-dir/MiniOzoneClusterImpl-9b161556-9504-4239-87d6-8cf5f428c5bf/datanode-0/data/ratis] (custom)
2019-06-14 06:16:56,076 INFO  impl.RaftServerProxy (RaftServerProxy.java:addNew(89)) - 16035f9c-e58c-4a75-82e6-fb2f99702ba6: addNew group-839527EA3E03:[16035f9c-e58c-4a75-82e6-fb2f99702ba6:192.168.46.35:42701, 0c163c63-e4dd-44dd-9c22-5518ec47b064:192.168.46.35:44063, 56fb8fe3-5a08-49cf-bb0a-4c181b887929:192.168.46.35:35661] returns group-839527EA3E03:java.util.concurrent.CompletableFuture@720d928e[Not completed]
2019-06-14 06:16:56,076 INFO  storage.RaftStorageDirectory (RaftStorageDirectory.java:analyzeStorage(246)) - The storage directory /opt/src/hadoop-ozone/integration-test/target/test-dir/MiniOzoneClusterImpl-9b161556-9504-4239-87d6-8cf5f428c5bf/datanode-0/data/ratis/8c691d1c-cb77-48c2-b7b4-839527ea3e03 does not exist. Creating ...
2019-06-14 06:16:56,077 INFO  impl.RaftServerImpl (RaftServerImpl.java:<init>(91)) - 0c163c63-e4dd-44dd-9c22-5518ec47b064: new RaftServerImpl for group-839527EA3E03:[16035f9c-e58c-4a75-82e6-fb2f99702ba6:192.168.46.35:42701, 0c163c63-e4dd-44dd-9c22-5518ec47b064:192.168.46.35:44063, 56fb8fe3-5a08-49cf-bb0a-4c181b887929:192.168.46.35:35661] with ContainerStateMachine:uninitialized
2019-06-14 06:16:56,077 INFO  server.RaftServerConfigKeys (ConfUtils.java:logGet(43)) - raft.server.rpc.timeout.min = 1s (custom)
2019-06-14 06:16:56,077 INFO  server.RaftServerConfigKeys (ConfUtils.java:logGet(43)) - raft.server.rpc.timeout.max = 1200ms (custom)
2019-06-14 06:16:56,077 INFO  server.RaftServerConfigKeys (ConfUtils.java:logGet(43)) - raft.server.rpcslowness.timeout = 10s (custom)
2019-06-14 06:16:56,077 INFO  server.RaftServerConfigKeys (ConfUtils.java:logGet(43)) - raft.server.log.appender.install.snapshot.enabled = true (default)
2019-06-14 06:16:56,077 INFO  impl.RaftServerImpl (RaftServerImpl.java:<init>(91)) - 16035f9c-e58c-4a75-82e6-fb2f99702ba6: new RaftServerImpl for group-839527EA3E03:[16035f9c-e58c-4a75-82e6-fb2f99702ba6:192.168.46.35:42701, 0c163c63-e4dd-44dd-9c22-5518ec47b064:192.168.46.35:44063, 56fb8fe3-5a08-49cf-bb0a-4c181b887929:192.168.46.35:35661] with ContainerStateMachine:uninitialized
2019-06-14 06:16:56,077 INFO  server.RaftServerConfigKeys (ConfUtils.java:logGet(43)) - raft.server.rpc.timeout.min = 1s (custom)
2019-06-14 06:16:56,077 INFO  server.RaftServerConfigKeys (ConfUtils.java:logGet(43)) - raft.server.rpc.timeout.max = 1200ms (custom)
2019-06-14 06:16:56,078 INFO  server.RaftServerConfigKeys (ConfUtils.java:logGet(43)) - raft.server.rpcslowness.timeout = 10s (custom)
2019-06-14 06:16:56,078 INFO  server.RaftServerConfigKeys (ConfUtils.java:logGet(43)) - raft.server.log.appender.install.snapshot.enabled = true (default)
2019-06-14 06:16:56,078 INFO  impl.RaftServerImpl (ServerState.java:<init>(101)) - 16035f9c-e58c-4a75-82e6-fb2f99702ba6:group-839527EA3E03 ConfigurationManager, init=-1: [16035f9c-e58c-4a75-82e6-fb2f99702ba6:192.168.46.35:42701, 0c163c63-e4dd-44dd-9c22-5518ec47b064:192.168.46.35:44063, 56fb8fe3-5a08-49cf-bb0a-4c181b887929:192.168.46.35:35661], old=null, confs=<EMPTY_MAP>
2019-06-14 06:16:56,078 INFO  server.RaftServerConfigKeys (ConfUtils.java:logGet(43)) - raft.server.storage.dir = [/opt/src/hadoop-ozone/integration-test/target/test-dir/MiniOzoneClusterImpl-9b161556-9504-4239-87d6-8cf5f428c5bf/datanode-4/data/ratis] (custom)
2019-06-14 06:16:56,078 INFO  storage.RaftStorageDirectory (RaftStorageDirectory.java:analyzeStorage(246)) - The storage directory /opt/src/hadoop-ozone/integration-test/target/test-dir/MiniOzoneClusterImpl-9b161556-9504-4239-87d6-8cf5f428c5bf/datanode-4/data/ratis/8c691d1c-cb77-48c2-b7b4-839527ea3e03 does not exist. Creating ...
2019-06-14 06:16:56,077 INFO  impl.RaftServerImpl (ServerState.java:<init>(101)) - 0c163c63-e4dd-44dd-9c22-5518ec47b064:group-839527EA3E03 ConfigurationManager, init=-1: [16035f9c-e58c-4a75-82e6-fb2f99702ba6:192.168.46.35:42701, 0c163c63-e4dd-44dd-9c22-5518ec47b064:192.168.46.35:44063, 56fb8fe3-5a08-49cf-bb0a-4c181b887929:192.168.46.35:35661], old=null, confs=<EMPTY_MAP>
2019-06-14 06:16:56,078 INFO  server.RaftServerConfigKeys (ConfUtils.java:logGet(43)) - raft.server.storage.dir = [/opt/src/hadoop-ozone/integration-test/target/test-dir/MiniOzoneClusterImpl-9b161556-9504-4239-87d6-8cf5f428c5bf/datanode-5/data/ratis] (custom)
2019-06-14 06:16:56,078 INFO  storage.RaftStorageDirectory (RaftStorageDirectory.java:tryLock(328)) - Lock on /opt/src/hadoop-ozone/integration-test/target/test-dir/MiniOzoneClusterImpl-9b161556-9504-4239-87d6-8cf5f428c5bf/datanode-0/data/ratis/8c691d1c-cb77-48c2-b7b4-839527ea3e03/in_use.lock acquired by nodename 10139@ozone-gjs5h-1633418606
2019-06-14 06:16:56,079 INFO  storage.RaftStorageDirectory (RaftStorageDirectory.java:analyzeStorage(246)) - The storage directory /opt/src/hadoop-ozone/integration-test/target/test-dir/MiniOzoneClusterImpl-9b161556-9504-4239-87d6-8cf5f428c5bf/datanode-5/data/ratis/8c691d1c-cb77-48c2-b7b4-839527ea3e03 does not exist. Creating ...
2019-06-14 06:16:56,080 INFO  storage.RaftStorageDirectory (RaftStorageDirectory.java:tryLock(328)) - Lock on /opt/src/hadoop-ozone/integration-test/target/test-dir/MiniOzoneClusterImpl-9b161556-9504-4239-87d6-8cf5f428c5bf/datanode-4/data/ratis/8c691d1c-cb77-48c2-b7b4-839527ea3e03/in_use.lock acquired by nodename 10139@ozone-gjs5h-1633418606
2019-06-14 06:16:56,081 INFO  storage.RaftStorageDirectory (RaftStorageDirectory.java:tryLock(328)) - Lock on /opt/src/hadoop-ozone/integration-test/target/test-dir/MiniOzoneClusterImpl-9b161556-9504-4239-87d6-8cf5f428c5bf/datanode-5/data/ratis/8c691d1c-cb77-48c2-b7b4-839527ea3e03/in_use.lock acquired by nodename 10139@ozone-gjs5h-1633418606
2019-06-14 06:16:56,081 INFO  storage.RaftStorage (RaftStorage.java:format(75)) - Storage directory /opt/src/hadoop-ozone/integration-test/target/test-dir/MiniOzoneClusterImpl-9b161556-9504-4239-87d6-8cf5f428c5bf/datanode-0/data/ratis/8c691d1c-cb77-48c2-b7b4-839527ea3e03 has been successfully formatted.
2019-06-14 06:16:56,082 INFO  ratis.ContainerStateMachine (ContainerStateMachine.java:loadSnapshot(199)) - The snapshot info is null.Setting the last applied index to:(t:0, i:~)
2019-06-14 06:16:56,082 INFO  server.RaftServerConfigKeys (ConfUtils.java:logGet(43)) - raft.server.leader.election.timeout = 10s (custom)
2019-06-14 06:16:56,082 INFO  server.RaftServerConfigKeys (ConfUtils.java:logGet(43)) - raft.server.log.use.memory = false (default)
2019-06-14 06:16:56,082 INFO  server.RaftServerConfigKeys (ConfUtils.java:logGet(43)) - raft.server.log.appender.buffer.byte-limit = 33554432 (custom)
2019-06-14 06:16:56,083 INFO  server.RaftServerConfigKeys (ConfUtils.java:logGet(43)) - raft.server.log.segment.size.max = 16384 (custom)
2019-06-14 06:16:56,083 INFO  storage.RaftStorage (RaftStorage.java:format(75)) - Storage directory /opt/src/hadoop-ozone/integration-test/target/test-dir/MiniOzoneClusterImpl-9b161556-9504-4239-87d6-8cf5f428c5bf/datanode-4/data/ratis/8c691d1c-cb77-48c2-b7b4-839527ea3e03 has been successfully formatted.
2019-06-14 06:16:56,083 INFO  server.RaftServerConfigKeys (ConfUtils.java:logGet(43)) - raft.server.log.segment.cache.num.max = 2 (custom)
2019-06-14 06:16:56,083 INFO  storage.RaftLogWorker (RaftLogWorker.java:<init>(123)) - new 56fb8fe3-5a08-49cf-bb0a-4c181b887929-RaftLogWorker for Storage Directory /opt/src/hadoop-ozone/integration-test/target/test-dir/MiniOzoneClusterImpl-9b161556-9504-4239-87d6-8cf5f428c5bf/datanode-0/data/ratis/8c691d1c-cb77-48c2-b7b4-839527ea3e03
2019-06-14 06:16:56,083 INFO  server.RaftServerConfigKeys (ConfUtils.java:logGet(43)) - raft.server.log.queue.byte-limit = 2147483647 (custom)
2019-06-14 06:16:56,083 INFO  server.RaftServerConfigKeys (ConfUtils.java:logGet(43)) - raft.server.log.queue.element-limit = 1024 (custom)
2019-06-14 06:16:56,083 INFO  server.RaftServerConfigKeys (ConfUtils.java:logGet(43)) - raft.server.log.segment.size.max = 16384 (custom)
2019-06-14 06:16:56,083 INFO  server.RaftServerConfigKeys (ConfUtils.java:logGet(43)) - raft.server.log.preallocated.size = 16384 (custom)
2019-06-14 06:16:56,083 INFO  server.RaftServerConfigKeys (ConfUtils.java:logGet(43)) - raft.server.log.write.buffer.size = 33554432 (custom)
2019-06-14 06:16:56,083 INFO  server.RaftServerConfigKeys (ConfUtils.java:logGet(43)) - raft.server.log.force.sync.num = 128 (default)
2019-06-14 06:16:56,084 INFO  server.RaftServerConfigKeys (ConfUtils.java:logGet(43)) - raft.server.log.statemachine.data.sync = true (default)
2019-06-14 06:16:56,084 INFO  server.RaftServerConfigKeys (ConfUtils.java:logGet(43)) - raft.server.log.statemachine.data.sync.timeout = 10s (default)
2019-06-14 06:16:56,084 INFO  server.RaftServerConfigKeys (ConfUtils.java:logGet(43)) - raft.server.log.statemachine.data.sync.timeout.retry = -1 (default)
2019-06-14 06:16:56,084 INFO  server.RaftServerConfigKeys (ConfUtils.java:logGet(43)) - raft.server.log.statemachine.data.caching.enabled = true (custom)
2019-06-14 06:16:56,083 INFO  ratis.ContainerStateMachine (ContainerStateMachine.java:loadSnapshot(199)) - The snapshot info is null.Setting the last applied index to:(t:0, i:~)
2019-06-14 06:16:56,084 INFO  storage.RaftStorage (RaftStorage.java:format(75)) - Storage directory /opt/src/hadoop-ozone/integration-test/target/test-dir/MiniOzoneClusterImpl-9b161556-9504-4239-87d6-8cf5f428c5bf/datanode-5/data/ratis/8c691d1c-cb77-48c2-b7b4-839527ea3e03 has been successfully formatted.
2019-06-14 06:16:56,084 INFO  server.RaftServerConfigKeys (ConfUtils.java:logGet(43)) - raft.server.snapshot.auto.trigger.enabled = true (custom)
2019-06-14 06:16:56,084 INFO  server.RaftServerConfigKeys (ConfUtils.java:logGet(43)) - raft.server.leader.election.timeout = 10s (custom)
2019-06-14 06:16:56,084 INFO  server.RaftServerConfigKeys (ConfUtils.java:logGet(43)) - raft.server.log.use.memory = false (default)
2019-06-14 06:16:56,085 INFO  server.RaftServerConfigKeys (ConfUtils.java:logGet(43)) - raft.server.log.appender.buffer.byte-limit = 33554432 (custom)
2019-06-14 06:16:56,085 INFO  server.RaftServerConfigKeys (ConfUtils.java:logGet(43)) - raft.server.log.segment.size.max = 16384 (custom)
2019-06-14 06:16:56,085 INFO  server.RaftServerConfigKeys (ConfUtils.java:logGet(43)) - raft.server.log.segment.cache.num.max = 2 (custom)
2019-06-14 06:16:56,085 INFO  storage.RaftLogWorker (RaftLogWorker.java:<init>(123)) - new 16035f9c-e58c-4a75-82e6-fb2f99702ba6-RaftLogWorker for Storage Directory /opt/src/hadoop-ozone/integration-test/target/test-dir/MiniOzoneClusterImpl-9b161556-9504-4239-87d6-8cf5f428c5bf/datanode-4/data/ratis/8c691d1c-cb77-48c2-b7b4-839527ea3e03
2019-06-14 06:16:56,085 INFO  server.RaftServerConfigKeys (ConfUtils.java:logGet(43)) - raft.server.log.queue.byte-limit = 2147483647 (custom)
2019-06-14 06:16:56,085 INFO  server.RaftServerConfigKeys (ConfUtils.java:logGet(43)) - raft.server.log.queue.element-limit = 1024 (custom)
2019-06-14 06:16:56,085 INFO  server.RaftServerConfigKeys (ConfUtils.java:logGet(43)) - raft.server.log.segment.size.max = 16384 (custom)
2019-06-14 06:16:56,085 INFO  server.RaftServerConfigKeys (ConfUtils.java:logGet(43)) - raft.server.log.preallocated.size = 16384 (custom)
2019-06-14 06:16:56,085 INFO  server.RaftServerConfigKeys (ConfUtils.java:logGet(43)) - raft.server.log.write.buffer.size = 33554432 (custom)
2019-06-14 06:16:56,085 INFO  server.RaftServerConfigKeys (ConfUtils.java:logGet(43)) - raft.server.log.force.sync.num = 128 (default)
2019-06-14 06:16:56,085 INFO  server.RaftServerConfigKeys (ConfUtils.java:logGet(43)) - raft.server.log.statemachine.data.sync = true (default)
2019-06-14 06:16:56,085 INFO  server.RaftServerConfigKeys (ConfUtils.java:logGet(43)) - raft.server.log.statemachine.data.sync.timeout = 10s (default)
2019-06-14 06:16:56,085 INFO  server.RaftServerConfigKeys (ConfUtils.java:logGet(43)) - raft.server.log.statemachine.data.sync.timeout.retry = -1 (default)
2019-06-14 06:16:56,085 INFO  server.RaftServerConfigKeys (ConfUtils.java:logGet(43)) - raft.server.log.statemachine.data.caching.enabled = true (custom)
2019-06-14 06:16:56,084 INFO  server.RaftServerConfigKeys (ConfUtils.java:logGet(43)) - raft.server.snapshot.auto.trigger.threshold = 10000 (custom)
2019-06-14 06:16:56,085 INFO  ratis.ContainerStateMachine (ContainerStateMachine.java:loadSnapshot(199)) - The snapshot info is null.Setting the last applied index to:(t:0, i:~)
2019-06-14 06:16:56,086 INFO  server.RaftServerConfigKeys (ConfUtils.java:logGet(43)) - raft.server.leader.election.timeout = 10s (custom)
2019-06-14 06:16:56,086 INFO  server.RaftServerConfigKeys (ConfUtils.java:logGet(43)) - raft.server.snapshot.auto.trigger.enabled = true (custom)
2019-06-14 06:16:56,086 INFO  server.RaftServerConfigKeys (ConfUtils.java:logGet(43)) - raft.server.retrycache.expirytime = 600000ms (custom)
2019-06-14 06:16:56,086 INFO  server.RaftServerConfigKeys (ConfUtils.java:logGet(43)) - raft.server.log.use.memory = false (default)
2019-06-14 06:16:56,086 INFO  server.RaftServerConfigKeys (ConfUtils.java:logGet(43)) - raft.server.log.appender.buffer.byte-limit = 33554432 (custom)
2019-06-14 06:16:56,086 INFO  server.RaftServerConfigKeys (ConfUtils.java:logGet(43)) - raft.server.snapshot.auto.trigger.threshold = 10000 (custom)
2019-06-14 06:16:56,086 INFO  server.RaftServerConfigKeys (ConfUtils.java:logGet(43)) - raft.server.log.segment.size.max = 16384 (custom)
2019-06-14 06:16:56,086 INFO  impl.RaftServerImpl (RaftServerImpl.java:start(173)) - 56fb8fe3-5a08-49cf-bb0a-4c181b887929: start group-839527EA3E03
2019-06-14 06:16:56,087 INFO  server.RaftServerConfigKeys (ConfUtils.java:logGet(43)) - raft.server.log.segment.cache.num.max = 2 (custom)
2019-06-14 06:16:56,087 INFO  server.RaftServerConfigKeys (ConfUtils.java:logGet(43)) - raft.server.retrycache.expirytime = 600000ms (custom)
2019-06-14 06:16:56,087 INFO  storage.RaftLogWorker (RaftLogWorker.java:<init>(123)) - new 0c163c63-e4dd-44dd-9c22-5518ec47b064-RaftLogWorker for Storage Directory /opt/src/hadoop-ozone/integration-test/target/test-dir/MiniOzoneClusterImpl-9b161556-9504-4239-87d6-8cf5f428c5bf/datanode-5/data/ratis/8c691d1c-cb77-48c2-b7b4-839527ea3e03
2019-06-14 06:16:56,087 INFO  impl.RaftServerImpl (RaftServerImpl.java:setRole(164)) - 56fb8fe3-5a08-49cf-bb0a-4c181b887929:group-839527EA3E03 changes role from null to FOLLOWER at term 0 for startAsFollower
2019-06-14 06:16:56,087 INFO  impl.RoleInfo (RoleInfo.java:updateAndGet(143)) - 56fb8fe3-5a08-49cf-bb0a-4c181b887929: start FollowerState
2019-06-14 06:16:56,087 INFO  server.RaftServerConfigKeys (ConfUtils.java:logGet(43)) - raft.server.log.queue.byte-limit = 2147483647 (custom)
2019-06-14 06:16:56,088 INFO  server.RaftServerConfigKeys (ConfUtils.java:logGet(43)) - raft.server.log.queue.element-limit = 1024 (custom)
2019-06-14 06:16:56,088 INFO  util.JmxRegister (JmxRegister.java:tryRegister(44)) - Successfully registered JMX Bean with object name Ratis:service=RaftServer,group=group-839527EA3E03,id=56fb8fe3-5a08-49cf-bb0a-4c181b887929
2019-06-14 06:16:56,087 INFO  impl.RaftServerImpl (RaftServerImpl.java:start(173)) - 16035f9c-e58c-4a75-82e6-fb2f99702ba6: start group-839527EA3E03
2019-06-14 06:16:56,088 INFO  impl.RaftServerImpl (RaftServerImpl.java:setRole(164)) - 16035f9c-e58c-4a75-82e6-fb2f99702ba6:group-839527EA3E03 changes role from null to FOLLOWER at term 0 for startAsFollower
2019-06-14 06:16:56,088 INFO  impl.RoleInfo (RoleInfo.java:updateAndGet(143)) - 16035f9c-e58c-4a75-82e6-fb2f99702ba6: start FollowerState
2019-06-14 06:16:56,088 INFO  server.RaftServerConfigKeys (ConfUtils.java:logGet(43)) - raft.server.log.segment.size.max = 16384 (custom)
2019-06-14 06:16:56,103 INFO  util.JmxRegister (JmxRegister.java:tryRegister(44)) - Successfully registered JMX Bean with object name Ratis:service=RaftServer,group=group-839527EA3E03,id=16035f9c-e58c-4a75-82e6-fb2f99702ba6
2019-06-14 06:16:56,104 INFO  server.RaftServerConfigKeys (ConfUtils.java:logGet(43)) - raft.server.log.preallocated.size = 16384 (custom)
2019-06-14 06:16:56,104 INFO  server.RaftServerConfigKeys (ConfUtils.java:logGet(43)) - raft.server.log.write.buffer.size = 33554432 (custom)
2019-06-14 06:16:56,104 INFO  server.RaftServerConfigKeys (ConfUtils.java:logGet(43)) - raft.server.log.force.sync.num = 128 (default)
2019-06-14 06:16:56,104 INFO  server.RaftServerConfigKeys (ConfUtils.java:logGet(43)) - raft.server.log.statemachine.data.sync = true (default)
2019-06-14 06:16:56,104 INFO  server.RaftServerConfigKeys (ConfUtils.java:logGet(43)) - raft.server.log.statemachine.data.sync.timeout = 10s (default)
2019-06-14 06:16:56,104 INFO  server.RaftServerConfigKeys (ConfUtils.java:logGet(43)) - raft.server.log.statemachine.data.sync.timeout.retry = -1 (default)
2019-06-14 06:16:56,105 INFO  server.RaftServerConfigKeys (ConfUtils.java:logGet(43)) - raft.server.log.statemachine.data.caching.enabled = true (custom)
2019-06-14 06:16:56,107 INFO  server.RaftServerConfigKeys (ConfUtils.java:logGet(43)) - raft.server.snapshot.auto.trigger.enabled = true (custom)
2019-06-14 06:16:56,108 INFO  server.RaftServerConfigKeys (ConfUtils.java:logGet(43)) - raft.server.snapshot.auto.trigger.threshold = 10000 (custom)
2019-06-14 06:16:56,108 INFO  server.RaftServerConfigKeys (ConfUtils.java:logGet(43)) - raft.server.retrycache.expirytime = 600000ms (custom)
2019-06-14 06:16:56,108 INFO  impl.RaftServerImpl (RaftServerImpl.java:start(173)) - 0c163c63-e4dd-44dd-9c22-5518ec47b064: start group-839527EA3E03
2019-06-14 06:16:56,108 INFO  impl.RaftServerImpl (RaftServerImpl.java:setRole(164)) - 0c163c63-e4dd-44dd-9c22-5518ec47b064:group-839527EA3E03 changes role from null to FOLLOWER at term 0 for startAsFollower
2019-06-14 06:16:56,108 INFO  impl.RoleInfo (RoleInfo.java:updateAndGet(143)) - 0c163c63-e4dd-44dd-9c22-5518ec47b064: start FollowerState
2019-06-14 06:16:56,110 INFO  util.JmxRegister (JmxRegister.java:tryRegister(44)) - Successfully registered JMX Bean with object name Ratis:service=RaftServer,group=group-839527EA3E03,id=0c163c63-e4dd-44dd-9c22-5518ec47b064
2019-06-14 06:16:56,121 INFO  pipeline.PipelineStateManager (PipelineStateManager.java:addPipeline(56)) - Created pipeline Pipeline[ Id: 8c691d1c-cb77-48c2-b7b4-839527ea3e03, Nodes: 16035f9c-e58c-4a75-82e6-fb2f99702ba6{ip: 192.168.46.35, host: ozone-gjs5h-1633418606, networkLocation: /default-rack, certSerialId: null}56fb8fe3-5a08-49cf-bb0a-4c181b887929{ip: 192.168.46.35, host: ozone-gjs5h-1633418606, networkLocation: /default-rack, certSerialId: null}0c163c63-e4dd-44dd-9c22-5518ec47b064{ip: 192.168.46.35, host: ozone-gjs5h-1633418606, networkLocation: /default-rack, certSerialId: null}, Type:RATIS, Factor:THREE, State:OPEN]
2019-06-14 06:16:56,559 INFO  impl.FollowerState (FollowerState.java:run(101)) - 247409c1-b13f-4049-9d81-ae47a1097ff8:group-F81859EA3CB8 changes to CANDIDATE, lastRpcTime:1008, electionTimeout:1007ms
2019-06-14 06:16:56,559 INFO  impl.RoleInfo (RoleInfo.java:shutdownFollowerState(121)) - 247409c1-b13f-4049-9d81-ae47a1097ff8: shutdown FollowerState
2019-06-14 06:16:56,560 INFO  impl.RaftServerImpl (RaftServerImpl.java:setRole(164)) - 247409c1-b13f-4049-9d81-ae47a1097ff8:group-F81859EA3CB8 changes role from FOLLOWER to CANDIDATE at term 0 for changeToCandidate
2019-06-14 06:16:56,561 INFO  impl.RoleInfo (RoleInfo.java:updateAndGet(143)) - 247409c1-b13f-4049-9d81-ae47a1097ff8: start LeaderElection
2019-06-14 06:16:56,567 INFO  impl.LeaderElection (LeaderElection.java:askForVotes(181)) - 247409c1-b13f-4049-9d81-ae47a1097ff8:group-F81859EA3CB8:LeaderElection1: begin an election at term 1 for -1: [247409c1-b13f-4049-9d81-ae47a1097ff8:192.168.46.35:36935], old=null
2019-06-14 06:16:56,569 INFO  impl.RoleInfo (RoleInfo.java:shutdownLeaderElection(134)) - 247409c1-b13f-4049-9d81-ae47a1097ff8: shutdown LeaderElection
2019-06-14 06:16:56,569 INFO  impl.RaftServerImpl (RaftServerImpl.java:setRole(164)) - 247409c1-b13f-4049-9d81-ae47a1097ff8:group-F81859EA3CB8 changes role from CANDIDATE to LEADER at term 1 for changeToLeader
2019-06-14 06:16:56,569 INFO  impl.RaftServerImpl (ServerState.java:setLeader(263)) - 247409c1-b13f-4049-9d81-ae47a1097ff8:group-F81859EA3CB8 change Leader from null to 247409c1-b13f-4049-9d81-ae47a1097ff8 at term 1 for becomeLeader, leader elected after 1021ms
2019-06-14 06:16:56,574 INFO  server.RaftServerConfigKeys (ConfUtils.java:logGet(43)) - raft.server.staging.catchup.gap = 1000 (default)
2019-06-14 06:16:56,574 INFO  server.RaftServerConfigKeys (ConfUtils.java:logGet(43)) - raft.server.rpc.sleep.time = 25ms (default)
2019-06-14 06:16:56,576 INFO  server.RaftServerConfigKeys (ConfUtils.java:logGet(43)) - raft.server.watch.timeout = 10s (default)
2019-06-14 06:16:56,576 INFO  server.RaftServerConfigKeys (ConfUtils.java:logGet(43)) - raft.server.watch.timeout.denomination = 1s (default)
2019-06-14 06:16:56,581 INFO  impl.RoleInfo (RoleInfo.java:updateAndGet(143)) - 247409c1-b13f-4049-9d81-ae47a1097ff8: start LeaderState
2019-06-14 06:16:56,595 INFO  storage.RaftLogWorker (RaftLogWorker.java:startLogSegment(298)) - 247409c1-b13f-4049-9d81-ae47a1097ff8-RaftLogWorker: Starting segment from index:0
2019-06-14 06:16:56,601 INFO  impl.RaftServerImpl (ServerState.java:setRaftConf(361)) - 247409c1-b13f-4049-9d81-ae47a1097ff8:group-F81859EA3CB8 set configuration 0: [247409c1-b13f-4049-9d81-ae47a1097ff8:192.168.46.35:36935], old=null at 0
2019-06-14 06:16:56,625 INFO  impl.FollowerState (FollowerState.java:run(101)) - 0b3c29cf-394f-41a5-9204-b4d73d2a8196:group-958C3455AE73 changes to CANDIDATE, lastRpcTime:1016, electionTimeout:1016ms
2019-06-14 06:16:56,626 INFO  impl.RoleInfo (RoleInfo.java:shutdownFollowerState(121)) - 0b3c29cf-394f-41a5-9204-b4d73d2a8196: shutdown FollowerState
2019-06-14 06:16:56,626 INFO  impl.RaftServerImpl (RaftServerImpl.java:setRole(164)) - 0b3c29cf-394f-41a5-9204-b4d73d2a8196:group-958C3455AE73 changes role from FOLLOWER to CANDIDATE at term 0 for changeToCandidate
2019-06-14 06:16:56,626 INFO  impl.RoleInfo (RoleInfo.java:updateAndGet(143)) - 0b3c29cf-394f-41a5-9204-b4d73d2a8196: start LeaderElection
2019-06-14 06:16:56,646 INFO  impl.FollowerState (FollowerState.java:run(101)) - 56fb8fe3-5a08-49cf-bb0a-4c181b887929:group-77E3D2630819 changes to CANDIDATE, lastRpcTime:1162, electionTimeout:1161ms
2019-06-14 06:16:56,646 INFO  impl.RoleInfo (RoleInfo.java:shutdownFollowerState(121)) - 56fb8fe3-5a08-49cf-bb0a-4c181b887929: shutdown FollowerState
2019-06-14 06:16:56,647 INFO  impl.RaftServerImpl (RaftServerImpl.java:setRole(164)) - 56fb8fe3-5a08-49cf-bb0a-4c181b887929:group-77E3D2630819 changes role from FOLLOWER to CANDIDATE at term 0 for changeToCandidate
2019-06-14 06:16:56,647 INFO  impl.RoleInfo (RoleInfo.java:updateAndGet(143)) - 56fb8fe3-5a08-49cf-bb0a-4c181b887929: start LeaderElection
2019-06-14 06:16:56,652 INFO  impl.LeaderElection (LeaderElection.java:askForVotes(181)) - 0b3c29cf-394f-41a5-9204-b4d73d2a8196:group-958C3455AE73:LeaderElection2: begin an election at term 1 for -1: [0b3c29cf-394f-41a5-9204-b4d73d2a8196:192.168.46.35:40483], old=null
2019-06-14 06:16:56,653 INFO  impl.RoleInfo (RoleInfo.java:shutdownLeaderElection(134)) - 0b3c29cf-394f-41a5-9204-b4d73d2a8196: shutdown LeaderElection
2019-06-14 06:16:56,653 INFO  impl.RaftServerImpl (RaftServerImpl.java:setRole(164)) - 0b3c29cf-394f-41a5-9204-b4d73d2a8196:group-958C3455AE73 changes role from CANDIDATE to LEADER at term 1 for changeToLeader
2019-06-14 06:16:56,653 INFO  impl.RaftServerImpl (ServerState.java:setLeader(263)) - 0b3c29cf-394f-41a5-9204-b4d73d2a8196:group-958C3455AE73 change Leader from null to 0b3c29cf-394f-41a5-9204-b4d73d2a8196 at term 1 for becomeLeader, leader elected after 1046ms
2019-06-14 06:16:56,655 INFO  server.RaftServerConfigKeys (ConfUtils.java:logGet(43)) - raft.server.staging.catchup.gap = 1000 (default)
2019-06-14 06:16:56,655 INFO  impl.LeaderElection (LeaderElection.java:askForVotes(181)) - 56fb8fe3-5a08-49cf-bb0a-4c181b887929:group-77E3D2630819:LeaderElection3: begin an election at term 1 for -1: [56fb8fe3-5a08-49cf-bb0a-4c181b887929:192.168.46.35:35661], old=null
2019-06-14 06:16:56,655 INFO  server.RaftServerConfigKeys (ConfUtils.java:logGet(43)) - raft.server.rpc.sleep.time = 25ms (default)
2019-06-14 06:16:56,655 INFO  impl.RoleInfo (RoleInfo.java:shutdownLeaderElection(134)) - 56fb8fe3-5a08-49cf-bb0a-4c181b887929: shutdown LeaderElection
2019-06-14 06:16:56,655 INFO  impl.RaftServerImpl (RaftServerImpl.java:setRole(164)) - 56fb8fe3-5a08-49cf-bb0a-4c181b887929:group-77E3D2630819 changes role from CANDIDATE to LEADER at term 1 for changeToLeader
2019-06-14 06:16:56,655 INFO  impl.RaftServerImpl (ServerState.java:setLeader(263)) - 56fb8fe3-5a08-49cf-bb0a-4c181b887929:group-77E3D2630819 change Leader from null to 56fb8fe3-5a08-49cf-bb0a-4c181b887929 at term 1 for becomeLeader, leader elected after 1214ms
2019-06-14 06:16:56,655 INFO  server.RaftServerConfigKeys (ConfUtils.java:logGet(43)) - raft.server.staging.catchup.gap = 1000 (default)
2019-06-14 06:16:56,655 INFO  server.RaftServerConfigKeys (ConfUtils.java:logGet(43)) - raft.server.rpc.sleep.time = 25ms (default)
2019-06-14 06:16:56,657 INFO  server.RaftServerConfigKeys (ConfUtils.java:logGet(43)) - raft.server.watch.timeout = 10s (default)
2019-06-14 06:16:56,657 INFO  server.RaftServerConfigKeys (ConfUtils.java:logGet(43)) - raft.server.watch.timeout = 10s (default)
2019-06-14 06:16:56,657 INFO  server.RaftServerConfigKeys (ConfUtils.java:logGet(43)) - raft.server.watch.timeout.denomination = 1s (default)
2019-06-14 06:16:56,657 INFO  server.RaftServerConfigKeys (ConfUtils.java:logGet(43)) - raft.server.watch.timeout.denomination = 1s (default)
2019-06-14 06:16:56,657 INFO  impl.RoleInfo (RoleInfo.java:updateAndGet(143)) - 0b3c29cf-394f-41a5-9204-b4d73d2a8196: start LeaderState
2019-06-14 06:16:56,657 INFO  impl.RoleInfo (RoleInfo.java:updateAndGet(143)) - 56fb8fe3-5a08-49cf-bb0a-4c181b887929: start LeaderState
2019-06-14 06:16:56,658 INFO  storage.RaftLogWorker (RaftLogWorker.java:startLogSegment(298)) - 0b3c29cf-394f-41a5-9204-b4d73d2a8196-RaftLogWorker: Starting segment from index:0
2019-06-14 06:16:56,658 INFO  storage.RaftLogWorker (RaftLogWorker.java:startLogSegment(298)) - 56fb8fe3-5a08-49cf-bb0a-4c181b887929-RaftLogWorker: Starting segment from index:0
2019-06-14 06:16:56,661 INFO  impl.RaftServerImpl (ServerState.java:setRaftConf(361)) - 0b3c29cf-394f-41a5-9204-b4d73d2a8196:group-958C3455AE73 set configuration 0: [0b3c29cf-394f-41a5-9204-b4d73d2a8196:192.168.46.35:40483], old=null at 0
2019-06-14 06:16:56,663 INFO  impl.RaftServerImpl (ServerState.java:setRaftConf(361)) - 56fb8fe3-5a08-49cf-bb0a-4c181b887929:group-77E3D2630819 set configuration 0: [56fb8fe3-5a08-49cf-bb0a-4c181b887929:192.168.46.35:35661], old=null at 0
2019-06-14 06:16:56,674 INFO  impl.FollowerState (FollowerState.java:run(101)) - 744deaf6-1c09-4e13-b802-df8280c61801:group-BE514DA07123 changes to CANDIDATE, lastRpcTime:1033, electionTimeout:1033ms
2019-06-14 06:16:56,675 INFO  impl.RoleInfo (RoleInfo.java:shutdownFollowerState(121)) - 744deaf6-1c09-4e13-b802-df8280c61801: shutdown FollowerState
2019-06-14 06:16:56,675 INFO  impl.RaftServerImpl (RaftServerImpl.java:setRole(164)) - 744deaf6-1c09-4e13-b802-df8280c61801:group-BE514DA07123 changes role from FOLLOWER to CANDIDATE at term 0 for changeToCandidate
2019-06-14 06:16:56,675 INFO  impl.RoleInfo (RoleInfo.java:updateAndGet(143)) - 744deaf6-1c09-4e13-b802-df8280c61801: start LeaderElection
2019-06-14 06:16:56,687 INFO  impl.LeaderElection (LeaderElection.java:askForVotes(181)) - 744deaf6-1c09-4e13-b802-df8280c61801:group-BE514DA07123:LeaderElection4: begin an election at term 1 for -1: [744deaf6-1c09-4e13-b802-df8280c61801:192.168.46.35:41455], old=null
2019-06-14 06:16:56,687 INFO  impl.RoleInfo (RoleInfo.java:shutdownLeaderElection(134)) - 744deaf6-1c09-4e13-b802-df8280c61801: shutdown LeaderElection
2019-06-14 06:16:56,687 INFO  impl.RaftServerImpl (RaftServerImpl.java:setRole(164)) - 744deaf6-1c09-4e13-b802-df8280c61801:group-BE514DA07123 changes role from CANDIDATE to LEADER at term 1 for changeToLeader
2019-06-14 06:16:56,688 INFO  impl.RaftServerImpl (ServerState.java:setLeader(263)) - 744deaf6-1c09-4e13-b802-df8280c61801:group-BE514DA07123 change Leader from null to 744deaf6-1c09-4e13-b802-df8280c61801 at term 1 for becomeLeader, leader elected after 1048ms
2019-06-14 06:16:56,689 INFO  server.RaftServerConfigKeys (ConfUtils.java:logGet(43)) - raft.server.staging.catchup.gap = 1000 (default)
2019-06-14 06:16:56,689 INFO  server.RaftServerConfigKeys (ConfUtils.java:logGet(43)) - raft.server.rpc.sleep.time = 25ms (default)
2019-06-14 06:16:56,689 INFO  server.RaftServerConfigKeys (ConfUtils.java:logGet(43)) - raft.server.watch.timeout = 10s (default)
2019-06-14 06:16:56,689 INFO  server.RaftServerConfigKeys (ConfUtils.java:logGet(43)) - raft.server.watch.timeout.denomination = 1s (default)
2019-06-14 06:16:56,689 INFO  impl.RoleInfo (RoleInfo.java:updateAndGet(143)) - 744deaf6-1c09-4e13-b802-df8280c61801: start LeaderState
2019-06-14 06:16:56,689 INFO  storage.RaftLogWorker (RaftLogWorker.java:startLogSegment(298)) - 744deaf6-1c09-4e13-b802-df8280c61801-RaftLogWorker: Starting segment from index:0
2019-06-14 06:16:56,690 INFO  impl.RaftServerImpl (ServerState.java:setRaftConf(361)) - 744deaf6-1c09-4e13-b802-df8280c61801:group-BE514DA07123 set configuration 0: [744deaf6-1c09-4e13-b802-df8280c61801:192.168.46.35:41455], old=null at 0
2019-06-14 06:16:56,741 INFO  impl.FollowerState (FollowerState.java:run(101)) - 247409c1-b13f-4049-9d81-ae47a1097ff8:group-1189376BBBB9 changes to CANDIDATE, lastRpcTime:1043, electionTimeout:1043ms
2019-06-14 06:16:56,741 INFO  impl.RoleInfo (RoleInfo.java:shutdownFollowerState(121)) - 247409c1-b13f-4049-9d81-ae47a1097ff8: shutdown FollowerState
2019-06-14 06:16:56,741 INFO  impl.RaftServerImpl (RaftServerImpl.java:setRole(164)) - 247409c1-b13f-4049-9d81-ae47a1097ff8:group-1189376BBBB9 changes role from FOLLOWER to CANDIDATE at term 0 for changeToCandidate
2019-06-14 06:16:56,742 INFO  impl.RoleInfo (RoleInfo.java:updateAndGet(143)) - 247409c1-b13f-4049-9d81-ae47a1097ff8: start LeaderElection
2019-06-14 06:16:56,761 INFO  impl.FollowerState (FollowerState.java:run(101)) - 0b3c29cf-394f-41a5-9204-b4d73d2a8196:group-1189376BBBB9 changes to CANDIDATE, lastRpcTime:1070, electionTimeout:1058ms
2019-06-14 06:16:56,761 INFO  impl.RoleInfo (RoleInfo.java:shutdownFollowerState(121)) - 0b3c29cf-394f-41a5-9204-b4d73d2a8196: shutdown FollowerState
2019-06-14 06:16:56,761 INFO  impl.RaftServerImpl (RaftServerImpl.java:setRole(164)) - 0b3c29cf-394f-41a5-9204-b4d73d2a8196:group-1189376BBBB9 changes role from FOLLOWER to CANDIDATE at term 0 for changeToCandidate
2019-06-14 06:16:56,761 INFO  impl.RoleInfo (RoleInfo.java:updateAndGet(143)) - 0b3c29cf-394f-41a5-9204-b4d73d2a8196: start LeaderElection
2019-06-14 06:16:56,794 WARN  impl.FollowerState (FollowerState.java:run(113)) - 0b3c29cf-394f-41a5-9204-b4d73d2a8196: FollowerState caught an exception
java.lang.IllegalStateException: ILLEGAL TRANSITION: In 0b3c29cf-394f-41a5-9204-b4d73d2a8196:group-1189376BBBB9:LeaderElection6, CLOSED -> RUNNING
	at org.apache.ratis.util.Preconditions.assertTrue(Preconditions.java:60)
	at org.apache.ratis.util.LifeCycle$State.validate(LifeCycle.java:123)
	at org.apache.ratis.util.LifeCycle.transition(LifeCycle.java:143)
	at org.apache.ratis.util.LifeCycle.startAndTransition(LifeCycle.java:203)
	at org.apache.ratis.server.impl.LeaderElection.start(LeaderElection.java:120)
	at org.apache.ratis.server.impl.RoleInfo.startLeaderElection(RoleInfo.java:128)
	at org.apache.ratis.server.impl.RaftServerImpl.changeToCandidate(RaftServerImpl.java:404)
	at org.apache.ratis.server.impl.FollowerState.run(FollowerState.java:104)
2019-06-14 06:16:56,795 INFO  impl.LeaderElection (LeaderElection.java:askForVotes(181)) - 247409c1-b13f-4049-9d81-ae47a1097ff8:group-1189376BBBB9:LeaderElection5: begin an election at term 1 for -1: [247409c1-b13f-4049-9d81-ae47a1097ff8:192.168.46.35:36935, 0b3c29cf-394f-41a5-9204-b4d73d2a8196:192.168.46.35:40483, 744deaf6-1c09-4e13-b802-df8280c61801:192.168.46.35:41455], old=null
2019-06-14 06:16:56,794 INFO  impl.FollowerState (FollowerState.java:run(101)) - 744deaf6-1c09-4e13-b802-df8280c61801:group-1189376BBBB9 changes to CANDIDATE, lastRpcTime:1087, electionTimeout:1083ms
2019-06-14 06:16:56,800 INFO  impl.RoleInfo (RoleInfo.java:shutdownFollowerState(121)) - 744deaf6-1c09-4e13-b802-df8280c61801: shutdown FollowerState
2019-06-14 06:16:56,800 INFO  impl.RaftServerImpl (RaftServerImpl.java:setRole(164)) - 744deaf6-1c09-4e13-b802-df8280c61801:group-1189376BBBB9 changes role from FOLLOWER to CANDIDATE at term 0 for changeToCandidate
2019-06-14 06:16:56,800 INFO  impl.RoleInfo (RoleInfo.java:updateAndGet(143)) - 744deaf6-1c09-4e13-b802-df8280c61801: start LeaderElection
2019-06-14 06:16:56,800 INFO  storage.RaftLogWorker (RaftLogWorker.java:execute(469)) - 56fb8fe3-5a08-49cf-bb0a-4c181b887929-RaftLogWorker: created new log segment /opt/src/hadoop-ozone/integration-test/target/test-dir/MiniOzoneClusterImpl-9b161556-9504-4239-87d6-8cf5f428c5bf/datanode-0/data/ratis/a4aa5efc-8a12-40e4-ad0e-77e3d2630819/current/log_inprogress_0
2019-06-14 06:16:56,802 INFO  storage.RaftLogWorker (RaftLogWorker.java:execute(469)) - 247409c1-b13f-4049-9d81-ae47a1097ff8-RaftLogWorker: created new log segment /opt/src/hadoop-ozone/integration-test/target/test-dir/MiniOzoneClusterImpl-9b161556-9504-4239-87d6-8cf5f428c5bf/datanode-1/data/ratis/fff7a2d8-1e62-4c6f-bce2-f81859ea3cb8/current/log_inprogress_0
2019-06-14 06:16:56,803 INFO  storage.RaftLogWorker (RaftLogWorker.java:execute(469)) - 0b3c29cf-394f-41a5-9204-b4d73d2a8196-RaftLogWorker: created new log segment /opt/src/hadoop-ozone/integration-test/target/test-dir/MiniOzoneClusterImpl-9b161556-9504-4239-87d6-8cf5f428c5bf/datanode-2/data/ratis/b741c885-e419-4578-90f8-958c3455ae73/current/log_inprogress_0
2019-06-14 06:16:56,803 INFO  storage.RaftLogWorker (RaftLogWorker.java:execute(469)) - 744deaf6-1c09-4e13-b802-df8280c61801-RaftLogWorker: created new log segment /opt/src/hadoop-ozone/integration-test/target/test-dir/MiniOzoneClusterImpl-9b161556-9504-4239-87d6-8cf5f428c5bf/datanode-3/data/ratis/8bba603b-d08a-4da2-85f6-be514da07123/current/log_inprogress_0
2019-06-14 06:16:56,811 INFO  impl.LeaderElection (LeaderElection.java:askForVotes(181)) - 744deaf6-1c09-4e13-b802-df8280c61801:group-1189376BBBB9:LeaderElection7: begin an election at term 1 for -1: [247409c1-b13f-4049-9d81-ae47a1097ff8:192.168.46.35:36935, 0b3c29cf-394f-41a5-9204-b4d73d2a8196:192.168.46.35:40483, 744deaf6-1c09-4e13-b802-df8280c61801:192.168.46.35:41455], old=null
2019-06-14 06:16:56,867 INFO  impl.RaftServerImpl (RaftServerImpl.java:setRole(164)) - 0b3c29cf-394f-41a5-9204-b4d73d2a8196:group-1189376BBBB9 changes role from CANDIDATE to FOLLOWER at term 1 for recognizeCandidate:247409c1-b13f-4049-9d81-ae47a1097ff8
2019-06-14 06:16:56,867 INFO  impl.RoleInfo (RoleInfo.java:shutdownLeaderElection(134)) - 0b3c29cf-394f-41a5-9204-b4d73d2a8196: shutdown LeaderElection
2019-06-14 06:16:56,867 INFO  impl.RoleInfo (RoleInfo.java:updateAndGet(143)) - 0b3c29cf-394f-41a5-9204-b4d73d2a8196: start FollowerState
2019-06-14 06:16:56,878 INFO  impl.RaftServerImpl (RaftServerImpl.java:setRole(164)) - 0b3c29cf-394f-41a5-9204-b4d73d2a8196:group-1189376BBBB9 changes role from FOLLOWER to FOLLOWER at term 1 for recognizeCandidate:744deaf6-1c09-4e13-b802-df8280c61801
2019-06-14 06:16:56,878 INFO  impl.RoleInfo (RoleInfo.java:shutdownFollowerState(121)) - 0b3c29cf-394f-41a5-9204-b4d73d2a8196: shutdown FollowerState
2019-06-14 06:16:56,878 INFO  impl.RoleInfo (RoleInfo.java:updateAndGet(143)) - 0b3c29cf-394f-41a5-9204-b4d73d2a8196: start FollowerState
2019-06-14 06:16:56,885 INFO  impl.FollowerState (FollowerState.java:run(109)) - 0b3c29cf-394f-41a5-9204-b4d73d2a8196: FollowerState was interrupted: java.lang.InterruptedException: sleep interrupted
2019-06-14 06:16:56,889 INFO  impl.LeaderElection (LeaderElection.java:logAndReturn(56)) - 744deaf6-1c09-4e13-b802-df8280c61801:group-1189376BBBB9:LeaderElection7: Election PASSED; received 2 response(s) [744deaf6-1c09-4e13-b802-df8280c61801->247409c1-b13f-4049-9d81-ae47a1097ff8,false-t1, 744deaf6-1c09-4e13-b802-df8280c61801->0b3c29cf-394f-41a5-9204-b4d73d2a8196,true-t1] and 0 exception(s); 744deaf6-1c09-4e13-b802-df8280c61801:t1, leader=null, voted=744deaf6-1c09-4e13-b802-df8280c61801, raftlog=744deaf6-1c09-4e13-b802-df8280c61801-SegmentedRaftLog:OPENED:c-1,f-1,i0, conf=-1: [247409c1-b13f-4049-9d81-ae47a1097ff8:192.168.46.35:36935, 0b3c29cf-394f-41a5-9204-b4d73d2a8196:192.168.46.35:40483, 744deaf6-1c09-4e13-b802-df8280c61801:192.168.46.35:41455], old=null
2019-06-14 06:16:56,890 INFO  impl.RoleInfo (RoleInfo.java:shutdownLeaderElection(134)) - 744deaf6-1c09-4e13-b802-df8280c61801: shutdown LeaderElection
2019-06-14 06:16:56,890 INFO  impl.RaftServerImpl (RaftServerImpl.java:setRole(164)) - 744deaf6-1c09-4e13-b802-df8280c61801:group-1189376BBBB9 changes role from CANDIDATE to LEADER at term 1 for changeToLeader
2019-06-14 06:16:56,890 INFO  impl.RaftServerImpl (ServerState.java:setLeader(263)) - 744deaf6-1c09-4e13-b802-df8280c61801:group-1189376BBBB9 change Leader from null to 744deaf6-1c09-4e13-b802-df8280c61801 at term 1 for becomeLeader, leader elected after 1200ms
2019-06-14 06:16:56,890 INFO  server.RaftServerConfigKeys (ConfUtils.java:logGet(43)) - raft.server.staging.catchup.gap = 1000 (default)
2019-06-14 06:16:56,890 INFO  server.RaftServerConfigKeys (ConfUtils.java:logGet(43)) - raft.server.rpc.sleep.time = 25ms (default)
2019-06-14 06:16:56,890 INFO  server.RaftServerConfigKeys (ConfUtils.java:logGet(43)) - raft.server.watch.timeout = 10s (default)
2019-06-14 06:16:56,890 INFO  server.RaftServerConfigKeys (ConfUtils.java:logGet(43)) - raft.server.watch.timeout.denomination = 1s (default)
2019-06-14 06:16:56,893 INFO  impl.LeaderElection (LeaderElection.java:logAndReturn(56)) - 247409c1-b13f-4049-9d81-ae47a1097ff8:group-1189376BBBB9:LeaderElection5: Election REJECTED; received 2 response(s) [247409c1-b13f-4049-9d81-ae47a1097ff8->744deaf6-1c09-4e13-b802-df8280c61801,false-t1, 247409c1-b13f-4049-9d81-ae47a1097ff8->0b3c29cf-394f-41a5-9204-b4d73d2a8196,false-t1] and 0 exception(s); 247409c1-b13f-4049-9d81-ae47a1097ff8:t1, leader=null, voted=247409c1-b13f-4049-9d81-ae47a1097ff8, raftlog=247409c1-b13f-4049-9d81-ae47a1097ff8-SegmentedRaftLog:OPENED:c-1,f-1,i0, conf=-1: [247409c1-b13f-4049-9d81-ae47a1097ff8:192.168.46.35:36935, 0b3c29cf-394f-41a5-9204-b4d73d2a8196:192.168.46.35:40483, 744deaf6-1c09-4e13-b802-df8280c61801:192.168.46.35:41455], old=null
2019-06-14 06:16:56,896 INFO  impl.RaftServerImpl (RaftServerImpl.java:setRole(164)) - 247409c1-b13f-4049-9d81-ae47a1097ff8:group-1189376BBBB9 changes role from CANDIDATE to FOLLOWER at term 1 for DISCOVERED_A_NEW_TERM
2019-06-14 06:16:56,897 INFO  impl.RoleInfo (RoleInfo.java:shutdownLeaderElection(134)) - 247409c1-b13f-4049-9d81-ae47a1097ff8: shutdown LeaderElection
2019-06-14 06:16:56,898 INFO  impl.RoleInfo (RoleInfo.java:updateAndGet(143)) - 247409c1-b13f-4049-9d81-ae47a1097ff8: start FollowerState
2019-06-14 06:16:56,894 INFO  server.RaftServerConfigKeys (ConfUtils.java:logGet(43)) - raft.server.log.appender.snapshot.chunk.size.max = 16MB (=16777216) (default)
2019-06-14 06:16:56,899 INFO  server.RaftServerConfigKeys (ConfUtils.java:logGet(43)) - raft.server.log.appender.buffer.byte-limit = 33554432 (custom)
2019-06-14 06:16:56,900 INFO  server.RaftServerConfigKeys (ConfUtils.java:logGet(43)) - raft.server.log.appender.buffer.element-limit = 1 (custom)
2019-06-14 06:16:56,901 INFO  grpc.GrpcConfigKeys$Server (ConfUtils.java:logGet(43)) - raft.grpc.server.leader.outstanding.appends.max = 128 (default)
2019-06-14 06:16:56,901 INFO  server.RaftServerConfigKeys (ConfUtils.java:logGet(43)) - raft.server.rpc.request.timeout = 3000ms (default)
2019-06-14 06:16:56,901 INFO  server.RaftServerConfigKeys (ConfUtils.java:logGet(43)) - raft.server.log.appender.install.snapshot.enabled = true (default)
2019-06-14 06:16:56,901 INFO  server.RaftServerConfigKeys (ConfUtils.java:logGet(43)) - raft.server.log.appender.snapshot.chunk.size.max = 16MB (=16777216) (default)
2019-06-14 06:16:56,901 INFO  server.RaftServerConfigKeys (ConfUtils.java:logGet(43)) - raft.server.log.appender.buffer.byte-limit = 33554432 (custom)
2019-06-14 06:16:56,901 INFO  server.RaftServerConfigKeys (ConfUtils.java:logGet(43)) - raft.server.log.appender.buffer.element-limit = 1 (custom)
2019-06-14 06:16:56,901 INFO  grpc.GrpcConfigKeys$Server (ConfUtils.java:logGet(43)) - raft.grpc.server.leader.outstanding.appends.max = 128 (default)
2019-06-14 06:16:56,901 INFO  server.RaftServerConfigKeys (ConfUtils.java:logGet(43)) - raft.server.rpc.request.timeout = 3000ms (default)
2019-06-14 06:16:56,901 INFO  server.RaftServerConfigKeys (ConfUtils.java:logGet(43)) - raft.server.log.appender.install.snapshot.enabled = true (default)
2019-06-14 06:16:56,902 INFO  impl.RoleInfo (RoleInfo.java:updateAndGet(143)) - 744deaf6-1c09-4e13-b802-df8280c61801: start LeaderState
2019-06-14 06:16:56,902 INFO  storage.RaftLogWorker (RaftLogWorker.java:startLogSegment(298)) - 744deaf6-1c09-4e13-b802-df8280c61801-RaftLogWorker: Starting segment from index:0
2019-06-14 06:16:56,903 INFO  impl.RaftServerImpl (ServerState.java:setRaftConf(361)) - 744deaf6-1c09-4e13-b802-df8280c61801:group-1189376BBBB9 set configuration 0: [247409c1-b13f-4049-9d81-ae47a1097ff8:192.168.46.35:36935, 0b3c29cf-394f-41a5-9204-b4d73d2a8196:192.168.46.35:40483, 744deaf6-1c09-4e13-b802-df8280c61801:192.168.46.35:41455], old=null at 0
2019-06-14 06:16:56,933 INFO  impl.RaftServerImpl (ServerState.java:setLeader(263)) - 0b3c29cf-394f-41a5-9204-b4d73d2a8196:group-1189376BBBB9 change Leader from null to 744deaf6-1c09-4e13-b802-df8280c61801 at term 1 for appendEntries, leader elected after 1245ms
2019-06-14 06:16:56,933 INFO  impl.RaftServerImpl (ServerState.java:setLeader(263)) - 247409c1-b13f-4049-9d81-ae47a1097ff8:group-1189376BBBB9 change Leader from null to 744deaf6-1c09-4e13-b802-df8280c61801 at term 1 for appendEntries, leader elected after 1241ms
2019-06-14 06:16:56,941 INFO  storage.RaftLogWorker (RaftLogWorker.java:execute(469)) - 744deaf6-1c09-4e13-b802-df8280c61801-RaftLogWorker: created new log segment /opt/src/hadoop-ozone/integration-test/target/test-dir/MiniOzoneClusterImpl-9b161556-9504-4239-87d6-8cf5f428c5bf/datanode-3/data/ratis/b18a7690-0070-4ea3-a8ad-1189376bbbb9/current/log_inprogress_0
2019-06-14 06:16:56,960 INFO  impl.RaftServerImpl (ServerState.java:setRaftConf(361)) - 247409c1-b13f-4049-9d81-ae47a1097ff8:group-1189376BBBB9 set configuration 0: [247409c1-b13f-4049-9d81-ae47a1097ff8:192.168.46.35:36935, 0b3c29cf-394f-41a5-9204-b4d73d2a8196:192.168.46.35:40483, 744deaf6-1c09-4e13-b802-df8280c61801:192.168.46.35:41455], old=null at 0
2019-06-14 06:16:56,961 INFO  storage.RaftLogWorker (RaftLogWorker.java:startLogSegment(298)) - 247409c1-b13f-4049-9d81-ae47a1097ff8-RaftLogWorker: Starting segment from index:0
2019-06-14 06:16:56,964 INFO  impl.RaftServerImpl (ServerState.java:setRaftConf(361)) - 0b3c29cf-394f-41a5-9204-b4d73d2a8196:group-1189376BBBB9 set configuration 0: [247409c1-b13f-4049-9d81-ae47a1097ff8:192.168.46.35:36935, 0b3c29cf-394f-41a5-9204-b4d73d2a8196:192.168.46.35:40483, 744deaf6-1c09-4e13-b802-df8280c61801:192.168.46.35:41455], old=null at 0
2019-06-14 06:16:56,965 INFO  storage.RaftLogWorker (RaftLogWorker.java:startLogSegment(298)) - 0b3c29cf-394f-41a5-9204-b4d73d2a8196-RaftLogWorker: Starting segment from index:0
2019-06-14 06:16:56,993 INFO  impl.FollowerState (FollowerState.java:run(101)) - 16035f9c-e58c-4a75-82e6-fb2f99702ba6:group-D986B0C98C5C changes to CANDIDATE, lastRpcTime:1152, electionTimeout:1152ms
2019-06-14 06:16:56,993 INFO  impl.RoleInfo (RoleInfo.java:shutdownFollowerState(121)) - 16035f9c-e58c-4a75-82e6-fb2f99702ba6: shutdown FollowerState
2019-06-14 06:16:56,993 INFO  impl.RaftServerImpl (RaftServerImpl.java:setRole(164)) - 16035f9c-e58c-4a75-82e6-fb2f99702ba6:group-D986B0C98C5C changes role from FOLLOWER to CANDIDATE at term 0 for changeToCandidate
2019-06-14 06:16:56,993 INFO  impl.RoleInfo (RoleInfo.java:updateAndGet(143)) - 16035f9c-e58c-4a75-82e6-fb2f99702ba6: start LeaderElection
2019-06-14 06:16:57,010 INFO  storage.RaftLogWorker (RaftLogWorker.java:execute(469)) - 247409c1-b13f-4049-9d81-ae47a1097ff8-RaftLogWorker: created new log segment /opt/src/hadoop-ozone/integration-test/target/test-dir/MiniOzoneClusterImpl-9b161556-9504-4239-87d6-8cf5f428c5bf/datanode-1/data/ratis/b18a7690-0070-4ea3-a8ad-1189376bbbb9/current/log_inprogress_0
2019-06-14 06:16:57,010 INFO  storage.RaftLogWorker (RaftLogWorker.java:execute(469)) - 0b3c29cf-394f-41a5-9204-b4d73d2a8196-RaftLogWorker: created new log segment /opt/src/hadoop-ozone/integration-test/target/test-dir/MiniOzoneClusterImpl-9b161556-9504-4239-87d6-8cf5f428c5bf/datanode-2/data/ratis/b18a7690-0070-4ea3-a8ad-1189376bbbb9/current/log_inprogress_0
2019-06-14 06:16:57,012 INFO  impl.LeaderElection (LeaderElection.java:askForVotes(181)) - 16035f9c-e58c-4a75-82e6-fb2f99702ba6:group-D986B0C98C5C:LeaderElection8: begin an election at term 1 for -1: [16035f9c-e58c-4a75-82e6-fb2f99702ba6:192.168.46.35:42701], old=null
2019-06-14 06:16:57,013 INFO  impl.RoleInfo (RoleInfo.java:shutdownLeaderElection(134)) - 16035f9c-e58c-4a75-82e6-fb2f99702ba6: shutdown LeaderElection
2019-06-14 06:16:57,013 INFO  impl.RaftServerImpl (RaftServerImpl.java:setRole(164)) - 16035f9c-e58c-4a75-82e6-fb2f99702ba6:group-D986B0C98C5C changes role from CANDIDATE to LEADER at term 1 for changeToLeader
2019-06-14 06:16:57,013 INFO  impl.RaftServerImpl (ServerState.java:setLeader(263)) - 16035f9c-e58c-4a75-82e6-fb2f99702ba6:group-D986B0C98C5C change Leader from null to 16035f9c-e58c-4a75-82e6-fb2f99702ba6 at term 1 for becomeLeader, leader elected after 1174ms
2019-06-14 06:16:57,014 INFO  server.RaftServerConfigKeys (ConfUtils.java:logGet(43)) - raft.server.staging.catchup.gap = 1000 (default)
2019-06-14 06:16:57,014 INFO  server.RaftServerConfigKeys (ConfUtils.java:logGet(43)) - raft.server.rpc.sleep.time = 25ms (default)
2019-06-14 06:16:57,014 INFO  server.RaftServerConfigKeys (ConfUtils.java:logGet(43)) - raft.server.watch.timeout = 10s (default)
2019-06-14 06:16:57,014 INFO  server.RaftServerConfigKeys (ConfUtils.java:logGet(43)) - raft.server.watch.timeout.denomination = 1s (default)
2019-06-14 06:16:57,015 INFO  impl.RoleInfo (RoleInfo.java:updateAndGet(143)) - 16035f9c-e58c-4a75-82e6-fb2f99702ba6: start LeaderState
2019-06-14 06:16:57,015 INFO  storage.RaftLogWorker (RaftLogWorker.java:startLogSegment(298)) - 16035f9c-e58c-4a75-82e6-fb2f99702ba6-RaftLogWorker: Starting segment from index:0
2019-06-14 06:16:57,015 INFO  impl.RaftServerImpl (ServerState.java:setRaftConf(361)) - 16035f9c-e58c-4a75-82e6-fb2f99702ba6:group-D986B0C98C5C set configuration 0: [16035f9c-e58c-4a75-82e6-fb2f99702ba6:192.168.46.35:42701], old=null at 0
2019-06-14 06:16:57,033 INFO  ozone.MiniOzoneClusterImpl (MiniOzoneClusterImpl.java:lambda$waitForClusterToBeReady$0(142)) - Cluster is ready. Got 6 of 6 DN Heartbeats.
]]></system-out>
    <system-err><![CDATA[ERROR StatusLogger No Log4j 2 configuration file found. Using default configuration (logging only errors to the console), or user programmatically provided configurations. Set system property 'log4j2.debug' to show Log4j 2 internal initialization logging. See https://logging.apache.org/log4j/2.x/manual/configuration.html for instructions on how to configure Log4j 2
Jun 14, 2019 6:16:50 AM com.sun.jersey.server.impl.application.WebApplicationImpl _initiate
INFO: Initiating Jersey application, version 'Jersey: 1.19 02/11/2015 03:25 AM'
Jun 14, 2019 6:16:50 AM com.sun.jersey.server.impl.application.WebApplicationImpl _initiate
INFO: Initiating Jersey application, version 'Jersey: 1.19 02/11/2015 03:25 AM'
Jun 14, 2019 6:16:51 AM com.sun.jersey.server.impl.application.WebApplicationImpl _initiate
INFO: Initiating Jersey application, version 'Jersey: 1.19 02/11/2015 03:25 AM'
Jun 14, 2019 6:16:51 AM com.sun.jersey.server.impl.application.WebApplicationImpl _initiate
INFO: Initiating Jersey application, version 'Jersey: 1.19 02/11/2015 03:25 AM'
Jun 14, 2019 6:16:51 AM com.sun.jersey.server.impl.application.WebApplicationImpl _initiate
INFO: Initiating Jersey application, version 'Jersey: 1.19 02/11/2015 03:25 AM'
Jun 14, 2019 6:16:51 AM com.sun.jersey.server.impl.application.WebApplicationImpl _initiate
INFO: Initiating Jersey application, version 'Jersey: 1.19 02/11/2015 03:25 AM'
Exception in thread "0b3c29cf-394f-41a5-9204-b4d73d2a8196:group-1189376BBBB9:LeaderElection6" java.lang.IllegalStateException: ILLEGAL TRANSITION: In 0b3c29cf-394f-41a5-9204-b4d73d2a8196:group-1189376BBBB9:LeaderElection6, STARTING -> CLOSED
	at org.apache.ratis.util.Preconditions.assertTrue(Preconditions.java:60)
	at org.apache.ratis.util.LifeCycle$State.validate(LifeCycle.java:123)
	at org.apache.ratis.util.LifeCycle.transition(LifeCycle.java:143)
	at org.apache.ratis.server.impl.LeaderElection.run(LeaderElection.java:154)
	at java.lang.Thread.run(Thread.java:748)
]]></system-err>
  </testcase>
</testsuite>