<?xml version="1.0" encoding="UTF-8"?>
<testsuite xmlns:xsi="http://www.w3.org/2001/XMLSchema-instance" xsi:noNamespaceSchemaLocation="https://maven.apache.org/surefire/maven-surefire-plugin/xsd/surefire-test-report.xsd" name="org.apache.hadoop.hdds.scm.pipeline.TestNodeFailure" time="11.719" tests="1" errors="0" skipped="1" failures="0">
  <properties>
    <property name="awt.toolkit" value="sun.awt.X11.XToolkit"/>
    <property name="file.encoding.pkg" value="sun.io"/>
    <property name="java.specification.version" value="1.8"/>
    <property name="sun.cpu.isalist" value=""/>
    <property name="sun.jnu.encoding" value="UTF-8"/>
    <property name="java.class.path" value="/opt/src/hadoop-ozone/integration-test/target/test-classes:/opt/src/hadoop-ozone/integration-test/target/classes:/home/user/.m2/repository/org/apache/hadoop/hadoop-ozone-common/0.5.0-SNAPSHOT/hadoop-ozone-common-0.5.0-SNAPSHOT.jar:/home/user/.m2/repository/org/apache/commons/commons-compress/1.4.1/commons-compress-1.4.1.jar:/home/user/.m2/repository/org/tukaani/xz/1.0/xz-1.0.jar:/home/user/.m2/repository/org/apache/hadoop/hadoop-common/3.2.0/hadoop-common-3.2.0.jar:/home/user/.m2/repository/org/apache/hadoop/hadoop-hdfs/3.2.0/hadoop-hdfs-3.2.0.jar:/home/user/.m2/repository/org/apache/hadoop/hadoop-hdfs-client/3.2.0/hadoop-hdfs-client-3.2.0.jar:/home/user/.m2/repository/com/fasterxml/jackson/core/jackson-annotations/2.9.5/jackson-annotations-2.9.5.jar:/home/user/.m2/repository/org/apache/hadoop/hadoop-hdds-common/0.5.0-SNAPSHOT/hadoop-hdds-common-0.5.0-SNAPSHOT.jar:/home/user/.m2/repository/javax/annotation/javax.annotation-api/1.2/javax.annotation-api-1.2.jar:/home/user/.m2/repository/org/apache/ratis/ratis-server/0.4.0-fe2b15d-SNAPSHOT/ratis-server-0.4.0-fe2b15d-SNAPSHOT.jar:/home/user/.m2/repository/org/apache/ratis/ratis-thirdparty-misc/0.2.0/ratis-thirdparty-misc-0.2.0.jar:/home/user/.m2/repository/org/apache/ratis/ratis-proto/0.4.0-fe2b15d-SNAPSHOT/ratis-proto-0.4.0-fe2b15d-SNAPSHOT.jar:/home/user/.m2/repository/org/apache/ratis/ratis-common/0.4.0-fe2b15d-SNAPSHOT/ratis-common-0.4.0-fe2b15d-SNAPSHOT.jar:/home/user/.m2/repository/org/apache/ratis/ratis-client/0.4.0-fe2b15d-SNAPSHOT/ratis-client-0.4.0-fe2b15d-SNAPSHOT.jar:/home/user/.m2/repository/org/apache/ratis/ratis-netty/0.4.0-fe2b15d-SNAPSHOT/ratis-netty-0.4.0-fe2b15d-SNAPSHOT.jar:/home/user/.m2/repository/org/apache/ratis/ratis-grpc/0.4.0-fe2b15d-SNAPSHOT/ratis-grpc-0.4.0-fe2b15d-SNAPSHOT.jar:/home/user/.m2/repository/org/rocksdb/rocksdbjni/5.14.2/rocksdbjni-5.14.2.jar:/home/user/.m2/repository/org/apache/logging/log4j/log4j-api/2.11.0/log4j-api-2.11.0.jar:/home/user/.m2/repository/org/apache/logging/log4j/log4j-core/2.11.0/log4j-core-2.11.0.jar:/home/user/.m2/repository/com/lmax/disruptor/3.4.2/disruptor-3.4.2.jar:/home/user/.m2/repository/org/apache/commons/commons-pool2/2.6.0/commons-pool2-2.6.0.jar:/home/user/.m2/repository/org/bouncycastle/bcpkix-jdk15on/1.60/bcpkix-jdk15on-1.60.jar:/home/user/.m2/repository/commons-validator/commons-validator/1.6/commons-validator-1.6.jar:/home/user/.m2/repository/commons-digester/commons-digester/1.8.1/commons-digester-1.8.1.jar:/home/user/.m2/repository/io/jaegertracing/jaeger-client/0.33.1/jaeger-client-0.33.1.jar:/home/user/.m2/repository/io/jaegertracing/jaeger-thrift/0.33.1/jaeger-thrift-0.33.1.jar:/home/user/.m2/repository/org/apache/thrift/libthrift/0.11.0/libthrift-0.11.0.jar:/home/user/.m2/repository/com/squareup/okhttp3/okhttp/3.9.0/okhttp-3.9.0.jar:/home/user/.m2/repository/com/squareup/okio/okio/1.13.0/okio-1.13.0.jar:/home/user/.m2/repository/io/jaegertracing/jaeger-core/0.33.1/jaeger-core-0.33.1.jar:/home/user/.m2/repository/io/jaegertracing/jaeger-tracerresolver/0.33.1/jaeger-tracerresolver-0.33.1.jar:/home/user/.m2/repository/io/opentracing/contrib/opentracing-tracerresolver/0.1.5/opentracing-tracerresolver-0.1.5.jar:/home/user/.m2/repository/io/opentracing/opentracing-util/0.31.0/opentracing-util-0.31.0.jar:/home/user/.m2/repository/io/opentracing/opentracing-api/0.31.0/opentracing-api-0.31.0.jar:/home/user/.m2/repository/io/opentracing/opentracing-noop/0.31.0/opentracing-noop-0.31.0.jar:/home/user/.m2/repository/org/apache/hadoop/hadoop-hdds-server-framework/0.5.0-SNAPSHOT/hadoop-hdds-server-framework-0.5.0-SNAPSHOT.jar:/home/user/.m2/repository/org/apache/hadoop/hadoop-hdds-server-scm/0.5.0-SNAPSHOT/hadoop-hdds-server-scm-0.5.0-SNAPSHOT.jar:/home/user/.m2/repository/org/apache/hadoop/hadoop-hdds-container-service/0.5.0-SNAPSHOT/hadoop-hdds-container-service-0.5.0-SNAPSHOT.jar:/home/user/.m2/repository/org/apache/hadoop/hadoop-hdds-client/0.5.0-SNAPSHOT/hadoop-hdds-client-0.5.0-SNAPSHOT.jar:/home/user/.m2/repository/org/apache/hadoop/hadoop-hdds-tools/0.5.0-SNAPSHOT/hadoop-hdds-tools-0.5.0-SNAPSHOT.jar:/home/user/.m2/repository/org/apache/hadoop/hadoop-ozone-ozone-manager/0.5.0-SNAPSHOT/hadoop-ozone-ozone-manager-0.5.0-SNAPSHOT.jar:/home/user/.m2/repository/org/apache/hadoop/hadoop-hdds-docs/0.5.0-SNAPSHOT/hadoop-hdds-docs-0.5.0-SNAPSHOT.jar:/home/user/.m2/repository/org/bouncycastle/bcprov-jdk15on/1.60/bcprov-jdk15on-1.60.jar:/home/user/.m2/repository/org/apache/hadoop/hadoop-minikdc/3.2.0/hadoop-minikdc-3.2.0.jar:/home/user/.m2/repository/commons-io/commons-io/2.5/commons-io-2.5.jar:/home/user/.m2/repository/org/apache/kerby/kerb-simplekdc/1.0.1/kerb-simplekdc-1.0.1.jar:/home/user/.m2/repository/org/apache/kerby/kerb-client/1.0.1/kerb-client-1.0.1.jar:/home/user/.m2/repository/org/apache/kerby/kerby-config/1.0.1/kerby-config-1.0.1.jar:/home/user/.m2/repository/org/apache/kerby/kerb-core/1.0.1/kerb-core-1.0.1.jar:/home/user/.m2/repository/org/apache/kerby/kerby-pkix/1.0.1/kerby-pkix-1.0.1.jar:/home/user/.m2/repository/org/apache/kerby/kerby-asn1/1.0.1/kerby-asn1-1.0.1.jar:/home/user/.m2/repository/org/apache/kerby/kerby-util/1.0.1/kerby-util-1.0.1.jar:/home/user/.m2/repository/org/apache/kerby/kerb-common/1.0.1/kerb-common-1.0.1.jar:/home/user/.m2/repository/org/apache/kerby/kerb-crypto/1.0.1/kerb-crypto-1.0.1.jar:/home/user/.m2/repository/org/apache/kerby/kerb-util/1.0.1/kerb-util-1.0.1.jar:/home/user/.m2/repository/org/apache/kerby/token-provider/1.0.1/token-provider-1.0.1.jar:/home/user/.m2/repository/org/apache/kerby/kerb-admin/1.0.1/kerb-admin-1.0.1.jar:/home/user/.m2/repository/org/apache/kerby/kerb-server/1.0.1/kerb-server-1.0.1.jar:/home/user/.m2/repository/org/apache/kerby/kerb-identity/1.0.1/kerb-identity-1.0.1.jar:/home/user/.m2/repository/org/apache/kerby/kerby-xdr/1.0.1/kerby-xdr-1.0.1.jar:/home/user/.m2/repository/org/slf4j/slf4j-log4j12/1.7.25/slf4j-log4j12-1.7.25.jar:/home/user/.m2/repository/org/apache/hadoop/hadoop-ozone-objectstore-service/0.5.0-SNAPSHOT/hadoop-ozone-objectstore-service-0.5.0-SNAPSHOT.jar:/home/user/.m2/repository/org/apache/hadoop/hadoop-ozone-s3gateway/0.5.0-SNAPSHOT/hadoop-ozone-s3gateway-0.5.0-SNAPSHOT.jar:/home/user/.m2/repository/org/jboss/weld/servlet/weld-servlet/2.4.7.Final/weld-servlet-2.4.7.Final.jar:/home/user/.m2/repository/org/glassfish/jersey/containers/jersey-container-servlet-core/2.27/jersey-container-servlet-core-2.27.jar:/home/user/.m2/repository/org/glassfish/hk2/external/javax.inject/2.5.0-b42/javax.inject-2.5.0-b42.jar:/home/user/.m2/repository/org/glassfish/jersey/core/jersey-common/2.27/jersey-common-2.27.jar:/home/user/.m2/repository/org/glassfish/hk2/osgi-resource-locator/1.0.1/osgi-resource-locator-1.0.1.jar:/home/user/.m2/repository/javax/ws/rs/javax.ws.rs-api/2.1/javax.ws.rs-api-2.1.jar:/home/user/.m2/repository/org/glassfish/jersey/ext/cdi/jersey-cdi1x/2.27/jersey-cdi1x-2.27.jar:/home/user/.m2/repository/org/glassfish/jersey/inject/jersey-hk2/2.27/jersey-hk2-2.27.jar:/home/user/.m2/repository/org/glassfish/hk2/hk2-locator/2.5.0-b42/hk2-locator-2.5.0-b42.jar:/home/user/.m2/repository/org/javassist/javassist/3.22.0-CR2/javassist-3.22.0-CR2.jar:/home/user/.m2/repository/org/glassfish/hk2/hk2-api/2.5.0/hk2-api-2.5.0.jar:/home/user/.m2/repository/org/glassfish/hk2/external/jakarta.inject/2.5.0/jakarta.inject-2.5.0.jar:/home/user/.m2/repository/org/glassfish/hk2/hk2-utils/2.5.0/hk2-utils-2.5.0.jar:/home/user/.m2/repository/jakarta/annotation/jakarta.annotation-api/1.3.4/jakarta.annotation-api-1.3.4.jar:/home/user/.m2/repository/org/glassfish/hk2/external/aopalliance-repackaged/2.5.0/aopalliance-repackaged-2.5.0.jar:/home/user/.m2/repository/com/fasterxml/jackson/dataformat/jackson-dataformat-xml/2.9.0/jackson-dataformat-xml-2.9.0.jar:/home/user/.m2/repository/com/fasterxml/jackson/core/jackson-core/2.9.5/jackson-core-2.9.5.jar:/home/user/.m2/repository/com/fasterxml/jackson/module/jackson-module-jaxb-annotations/2.9.5/jackson-module-jaxb-annotations-2.9.5.jar:/home/user/.m2/repository/javax/enterprise/cdi-api/1.2/cdi-api-1.2.jar:/home/user/.m2/repository/javax/el/javax.el-api/3.0.0/javax.el-api-3.0.0.jar:/home/user/.m2/repository/javax/interceptor/javax.interceptor-api/1.2/javax.interceptor-api-1.2.jar:/home/user/.m2/repository/javax/inject/javax.inject/1/javax.inject-1.jar:/home/user/.m2/repository/com/sun/xml/bind/jaxb-impl/2.3.0.1/jaxb-impl-2.3.0.1.jar:/home/user/.m2/repository/com/sun/xml/bind/jaxb-core/2.3.0.1/jaxb-core-2.3.0.1.jar:/home/user/.m2/repository/javax/xml/bind/jaxb-api/2.3.0/jaxb-api-2.3.0.jar:/home/user/.m2/repository/javax/activation/activation/1.1.1/activation-1.1.1.jar:/home/user/.m2/repository/org/apache/hadoop/hadoop-ozone-csi/0.5.0-SNAPSHOT/hadoop-ozone-csi-0.5.0-SNAPSHOT.jar:/home/user/.m2/repository/com/google/protobuf/protobuf-java-util/3.5.1/protobuf-java-util-3.5.1.jar:/home/user/.m2/repository/org/apache/hadoop/hadoop-hdds-config/0.5.0-SNAPSHOT/hadoop-hdds-config-0.5.0-SNAPSHOT.jar:/home/user/.m2/repository/com/google/guava/guava/11.0.2/guava-11.0.2.jar:/home/user/.m2/repository/com/google/protobuf/protobuf-java/2.5.0/protobuf-java-2.5.0.jar:/home/user/.m2/repository/io/grpc/grpc-netty/1.17.1/grpc-netty-1.17.1.jar:/home/user/.m2/repository/io/grpc/grpc-core/1.17.1/grpc-core-1.17.1.jar:/home/user/.m2/repository/io/grpc/grpc-context/1.17.1/grpc-context-1.17.1.jar:/home/user/.m2/repository/com/google/errorprone/error_prone_annotations/2.2.0/error_prone_annotations-2.2.0.jar:/home/user/.m2/repository/org/codehaus/mojo/animal-sniffer-annotations/1.17/animal-sniffer-annotations-1.17.jar:/home/user/.m2/repository/io/opencensus/opencensus-api/0.17.0/opencensus-api-0.17.0.jar:/home/user/.m2/repository/io/opencensus/opencensus-contrib-grpc-metrics/0.17.0/opencensus-contrib-grpc-metrics-0.17.0.jar:/home/user/.m2/repository/io/netty/netty-codec-http2/4.1.30.Final/netty-codec-http2-4.1.30.Final.jar:/home/user/.m2/repository/io/netty/netty-codec-http/4.1.30.Final/netty-codec-http-4.1.30.Final.jar:/home/user/.m2/repository/io/netty/netty-codec/4.1.30.Final/netty-codec-4.1.30.Final.jar:/home/user/.m2/repository/io/netty/netty-handler/4.1.30.Final/netty-handler-4.1.30.Final.jar:/home/user/.m2/repository/io/netty/netty-handler-proxy/4.1.30.Final/netty-handler-proxy-4.1.30.Final.jar:/home/user/.m2/repository/io/netty/netty-codec-socks/4.1.30.Final/netty-codec-socks-4.1.30.Final.jar:/home/user/.m2/repository/io/netty/netty-transport-native-epoll/4.1.30.Final/netty-transport-native-epoll-4.1.30.Final.jar:/home/user/.m2/repository/io/netty/netty-common/4.1.30.Final/netty-common-4.1.30.Final.jar:/home/user/.m2/repository/io/netty/netty-buffer/4.1.30.Final/netty-buffer-4.1.30.Final.jar:/home/user/.m2/repository/io/netty/netty-transport/4.1.30.Final/netty-transport-4.1.30.Final.jar:/home/user/.m2/repository/io/netty/netty-resolver/4.1.30.Final/netty-resolver-4.1.30.Final.jar:/home/user/.m2/repository/io/netty/netty-transport-native-unix-common/4.1.30.Final/netty-transport-native-unix-common-4.1.30.Final.jar:/home/user/.m2/repository/io/grpc/grpc-protobuf/1.17.1/grpc-protobuf-1.17.1.jar:/home/user/.m2/repository/com/google/api/grpc/proto-google-common-protos/1.0.0/proto-google-common-protos-1.0.0.jar:/home/user/.m2/repository/io/grpc/grpc-protobuf-lite/1.17.1/grpc-protobuf-lite-1.17.1.jar:/home/user/.m2/repository/io/grpc/grpc-stub/1.17.1/grpc-stub-1.17.1.jar:/home/user/.m2/repository/org/apache/hadoop/hadoop-ozone-recon/0.5.0-SNAPSHOT/hadoop-ozone-recon-0.5.0-SNAPSHOT.jar:/home/user/.m2/repository/org/apache/hadoop/hadoop-ozone-reconcodegen/0.5.0-SNAPSHOT/hadoop-ozone-reconcodegen-0.5.0-SNAPSHOT.jar:/home/user/.m2/repository/com/google/inject/extensions/guice-multibindings/4.0/guice-multibindings-4.0.jar:/home/user/.m2/repository/com/google/inject/guice/4.0/guice-4.0.jar:/home/user/.m2/repository/aopalliance/aopalliance/1.0/aopalliance-1.0.jar:/home/user/.m2/repository/com/google/inject/extensions/guice-servlet/4.0/guice-servlet-4.0.jar:/home/user/.m2/repository/org/glassfish/jersey/containers/jersey-container-servlet/2.27/jersey-container-servlet-2.27.jar:/home/user/.m2/repository/org/glassfish/hk2/guice-bridge/2.5.0/guice-bridge-2.5.0.jar:/home/user/.m2/repository/org/glassfish/jersey/core/jersey-server/2.27/jersey-server-2.27.jar:/home/user/.m2/repository/org/glassfish/jersey/core/jersey-client/2.27/jersey-client-2.27.jar:/home/user/.m2/repository/org/glassfish/jersey/media/jersey-media-jaxb/2.27/jersey-media-jaxb-2.27.jar:/home/user/.m2/repository/javax/validation/validation-api/1.1.0.Final/validation-api-1.1.0.Final.jar:/home/user/.m2/repository/org/glassfish/jersey/media/jersey-media-json-jackson/2.27/jersey-media-json-jackson-2.27.jar:/home/user/.m2/repository/org/glassfish/jersey/ext/jersey-entity-filtering/2.27/jersey-entity-filtering-2.27.jar:/home/user/.m2/repository/com/google/inject/extensions/guice-assistedinject/4.0/guice-assistedinject-4.0.jar:/home/user/.m2/repository/org/jooq/jooq/3.11.10/jooq-3.11.10.jar:/home/user/.m2/repository/org/jooq/jooq-meta/3.11.10/jooq-meta-3.11.10.jar:/home/user/.m2/repository/org/jooq/jooq-codegen/3.11.10/jooq-codegen-3.11.10.jar:/home/user/.m2/repository/com/jolbox/bonecp/0.8.0.RELEASE/bonecp-0.8.0.RELEASE.jar:/home/user/.m2/repository/org/xerial/sqlite-jdbc/3.25.2/sqlite-jdbc-3.25.2.jar:/home/user/.m2/repository/org/springframework/spring-jdbc/5.1.3.RELEASE/spring-jdbc-5.1.3.RELEASE.jar:/home/user/.m2/repository/org/springframework/spring-beans/5.1.3.RELEASE/spring-beans-5.1.3.RELEASE.jar:/home/user/.m2/repository/org/springframework/spring-core/5.1.3.RELEASE/spring-core-5.1.3.RELEASE.jar:/home/user/.m2/repository/org/springframework/spring-jcl/5.1.3.RELEASE/spring-jcl-5.1.3.RELEASE.jar:/home/user/.m2/repository/org/springframework/spring-tx/5.1.3.RELEASE/spring-tx-5.1.3.RELEASE.jar:/home/user/.m2/repository/org/apache/hadoop/hadoop-ozone-client/0.5.0-SNAPSHOT/hadoop-ozone-client-0.5.0-SNAPSHOT.jar:/home/user/.m2/repository/org/apache/hadoop/hadoop-ozone-ozone-manager/0.5.0-SNAPSHOT/hadoop-ozone-ozone-manager-0.5.0-SNAPSHOT-tests.jar:/home/user/.m2/repository/junit/junit/4.11/junit-4.11.jar:/home/user/.m2/repository/org/hamcrest/hamcrest-core/1.3/hamcrest-core-1.3.jar:/home/user/.m2/repository/org/openjdk/jmh/jmh-core/1.19/jmh-core-1.19.jar:/home/user/.m2/repository/net/sf/jopt-simple/jopt-simple/4.6/jopt-simple-4.6.jar:/home/user/.m2/repository/org/apache/commons/commons-math3/3.1.1/commons-math3-3.1.1.jar:/home/user/.m2/repository/org/openjdk/jmh/jmh-generator-annprocess/1.19/jmh-generator-annprocess-1.19.jar:/home/user/.m2/repository/org/mockito/mockito-all/1.8.5/mockito-all-1.8.5.jar:/home/user/.m2/repository/org/apache/hadoop/hadoop-kms/3.2.0/hadoop-kms-3.2.0.jar:/home/user/.m2/repository/org/apache/hadoop/hadoop-auth/3.2.0/hadoop-auth-3.2.0.jar:/home/user/.m2/repository/com/nimbusds/nimbus-jose-jwt/4.41.1/nimbus-jose-jwt-4.41.1.jar:/home/user/.m2/repository/com/github/stephenc/jcip/jcip-annotations/1.0-1/jcip-annotations-1.0-1.jar:/home/user/.m2/repository/net/minidev/json-smart/2.3/json-smart-2.3.jar:/home/user/.m2/repository/net/minidev/accessors-smart/1.2/accessors-smart-1.2.jar:/home/user/.m2/repository/org/ow2/asm/asm/5.0.4/asm-5.0.4.jar:/home/user/.m2/repository/org/apache/curator/curator-framework/2.12.0/curator-framework-2.12.0.jar:/home/user/.m2/repository/com/sun/jersey/jersey-core/1.19/jersey-core-1.19.jar:/home/user/.m2/repository/javax/ws/rs/jsr311-api/1.1.1/jsr311-api-1.1.1.jar:/home/user/.m2/repository/com/sun/jersey/jersey-server/1.19/jersey-server-1.19.jar:/home/user/.m2/repository/javax/servlet/javax.servlet-api/3.1.0/javax.servlet-api-3.1.0.jar:/home/user/.m2/repository/org/eclipse/jetty/jetty-server/9.3.24.v20180605/jetty-server-9.3.24.v20180605.jar:/home/user/.m2/repository/org/eclipse/jetty/jetty-http/9.3.24.v20180605/jetty-http-9.3.24.v20180605.jar:/home/user/.m2/repository/org/eclipse/jetty/jetty-io/9.3.24.v20180605/jetty-io-9.3.24.v20180605.jar:/home/user/.m2/repository/org/eclipse/jetty/jetty-webapp/9.3.24.v20180605/jetty-webapp-9.3.24.v20180605.jar:/home/user/.m2/repository/org/eclipse/jetty/jetty-xml/9.3.24.v20180605/jetty-xml-9.3.24.v20180605.jar:/home/user/.m2/repository/log4j/log4j/1.2.17/log4j-1.2.17.jar:/home/user/.m2/repository/org/slf4j/slf4j-api/1.7.25/slf4j-api-1.7.25.jar:/home/user/.m2/repository/org/slf4j/jul-to-slf4j/1.7.25/jul-to-slf4j-1.7.25.jar:/home/user/.m2/repository/org/eclipse/jetty/jetty-util/9.3.24.v20180605/jetty-util-9.3.24.v20180605.jar:/home/user/.m2/repository/io/dropwizard/metrics/metrics-core/3.2.4/metrics-core-3.2.4.jar:/home/user/.m2/repository/com/fasterxml/jackson/core/jackson-databind/2.9.5/jackson-databind-2.9.5.jar:/home/user/.m2/repository/org/apache/hadoop/hadoop-kms/3.2.0/hadoop-kms-3.2.0-tests.jar:/home/user/.m2/repository/org/apache/hadoop/hadoop-hdds-server-scm/0.5.0-SNAPSHOT/hadoop-hdds-server-scm-0.5.0-SNAPSHOT-tests.jar:/home/user/.m2/repository/org/hamcrest/hamcrest-all/1.3/hamcrest-all-1.3.jar:/home/user/.m2/repository/info/picocli/picocli/3.9.6/picocli-3.9.6.jar:/home/user/.m2/repository/org/apache/hadoop/hadoop-hdds-container-service/0.5.0-SNAPSHOT/hadoop-hdds-container-service-0.5.0-SNAPSHOT-tests.jar:/home/user/.m2/repository/org/yaml/snakeyaml/1.16/snakeyaml-1.16.jar:/home/user/.m2/repository/org/apache/hadoop/hadoop-common/3.2.0/hadoop-common-3.2.0-tests.jar:/home/user/.m2/repository/org/apache/hadoop/hadoop-annotations/3.2.0/hadoop-annotations-3.2.0.jar:/usr/lib/jvm/java-1.8-openjdk/jre/../lib/tools.jar:/home/user/.m2/repository/commons-cli/commons-cli/1.2/commons-cli-1.2.jar:/home/user/.m2/repository/org/apache/httpcomponents/httpclient/4.5.2/httpclient-4.5.2.jar:/home/user/.m2/repository/org/apache/httpcomponents/httpcore/4.4.4/httpcore-4.4.4.jar:/home/user/.m2/repository/commons-codec/commons-codec/1.11/commons-codec-1.11.jar:/home/user/.m2/repository/commons-net/commons-net/3.6/commons-net-3.6.jar:/home/user/.m2/repository/commons-collections/commons-collections/3.2.2/commons-collections-3.2.2.jar:/home/user/.m2/repository/org/eclipse/jetty/jetty-servlet/9.3.24.v20180605/jetty-servlet-9.3.24.v20180605.jar:/home/user/.m2/repository/org/eclipse/jetty/jetty-security/9.3.24.v20180605/jetty-security-9.3.24.v20180605.jar:/home/user/.m2/repository/javax/servlet/jsp/jsp-api/2.1/jsp-api-2.1.jar:/home/user/.m2/repository/com/sun/jersey/jersey-servlet/1.19/jersey-servlet-1.19.jar:/home/user/.m2/repository/com/sun/jersey/jersey-json/1.19/jersey-json-1.19.jar:/home/user/.m2/repository/org/codehaus/jettison/jettison/1.1/jettison-1.1.jar:/home/user/.m2/repository/org/codehaus/jackson/jackson-core-asl/1.9.13/jackson-core-asl-1.9.13.jar:/home/user/.m2/repository/org/codehaus/jackson/jackson-mapper-asl/1.9.13/jackson-mapper-asl-1.9.13.jar:/home/user/.m2/repository/org/codehaus/jackson/jackson-jaxrs/1.9.13/jackson-jaxrs-1.9.13.jar:/home/user/.m2/repository/org/codehaus/jackson/jackson-xc/1.9.13/jackson-xc-1.9.13.jar:/home/user/.m2/repository/commons-logging/commons-logging/1.1.3/commons-logging-1.1.3.jar:/home/user/.m2/repository/commons-beanutils/commons-beanutils/1.9.3/commons-beanutils-1.9.3.jar:/home/user/.m2/repository/org/apache/commons/commons-configuration2/2.1.1/commons-configuration2-2.1.1.jar:/home/user/.m2/repository/org/apache/commons/commons-lang3/3.7/commons-lang3-3.7.jar:/home/user/.m2/repository/org/apache/commons/commons-text/1.4/commons-text-1.4.jar:/home/user/.m2/repository/org/apache/avro/avro/1.7.7/avro-1.7.7.jar:/home/user/.m2/repository/com/thoughtworks/paranamer/paranamer/2.3/paranamer-2.3.jar:/home/user/.m2/repository/org/xerial/snappy/snappy-java/1.0.5/snappy-java-1.0.5.jar:/home/user/.m2/repository/com/google/re2j/re2j/1.1/re2j-1.1.jar:/home/user/.m2/repository/com/google/code/gson/gson/2.2.4/gson-2.2.4.jar:/home/user/.m2/repository/com/jcraft/jsch/0.1.54/jsch-0.1.54.jar:/home/user/.m2/repository/org/apache/curator/curator-client/2.12.0/curator-client-2.12.0.jar:/home/user/.m2/repository/org/apache/curator/curator-recipes/2.12.0/curator-recipes-2.12.0.jar:/home/user/.m2/repository/com/google/code/findbugs/jsr305/3.0.0/jsr305-3.0.0.jar:/home/user/.m2/repository/org/apache/htrace/htrace-core4/4.1.0-incubating/htrace-core4-4.1.0-incubating.jar:/home/user/.m2/repository/org/apache/zookeeper/zookeeper/3.4.13/zookeeper-3.4.13.jar:/home/user/.m2/repository/org/apache/yetus/audience-annotations/0.5.0/audience-annotations-0.5.0.jar:/home/user/.m2/repository/org/codehaus/woodstox/stax2-api/3.1.4/stax2-api-3.1.4.jar:/home/user/.m2/repository/com/fasterxml/woodstox/woodstox-core/5.0.3/woodstox-core-5.0.3.jar:/home/user/.m2/repository/dnsjava/dnsjava/2.1.7/dnsjava-2.1.7.jar:/home/user/.m2/repository/org/apache/hadoop/hadoop-hdfs/3.2.0/hadoop-hdfs-3.2.0-tests.jar:/home/user/.m2/repository/org/eclipse/jetty/jetty-util-ajax/9.3.24.v20180605/jetty-util-ajax-9.3.24.v20180605.jar:/home/user/.m2/repository/commons-daemon/commons-daemon/1.0.13/commons-daemon-1.0.13.jar:/home/user/.m2/repository/io/netty/netty/3.10.5.Final/netty-3.10.5.Final.jar:/home/user/.m2/repository/io/netty/netty-all/4.0.52.Final/netty-all-4.0.52.Final.jar:/home/user/.m2/repository/org/fusesource/leveldbjni/leveldbjni-all/1.8/leveldbjni-all-1.8.jar:"/>
    <property name="java.vm.vendor" value="IcedTea"/>
    <property name="sun.arch.data.model" value="64"/>
    <property name="test.build.dir" value="/opt/src/hadoop-ozone/integration-test/target/test-dir"/>
    <property name="test.cache.data" value=""/>
    <property name="java.vendor.url" value="https://icedtea.classpath.org"/>
    <property name="user.timezone" value=""/>
    <property name="java.vm.specification.version" value="1.8"/>
    <property name="os.name" value="Linux"/>
    <property name="test.build.data" value="/opt/src/hadoop-ozone/integration-test/target/test-dir"/>
    <property name="user.country" value="US"/>
    <property name="sun.java.launcher" value="SUN_STANDARD"/>
    <property name="sun.boot.library.path" value="/usr/lib/jvm/java-1.8-openjdk/jre/lib/amd64"/>
    <property name="sun.java.command" value="/opt/src/hadoop-ozone/integration-test/target/surefire/surefirebooter6481459138713059815.jar /opt/src/hadoop-ozone/integration-test/target/surefire 2019-06-15T08-59-57_734-jvmRun1 surefire1171600631406999002tmp surefire_84719925716326328789tmp"/>
    <property name="surefire.test.class.path" value="/opt/src/hadoop-ozone/integration-test/target/test-classes:/opt/src/hadoop-ozone/integration-test/target/classes:/home/user/.m2/repository/org/apache/hadoop/hadoop-ozone-common/0.5.0-SNAPSHOT/hadoop-ozone-common-0.5.0-SNAPSHOT.jar:/home/user/.m2/repository/org/apache/commons/commons-compress/1.4.1/commons-compress-1.4.1.jar:/home/user/.m2/repository/org/tukaani/xz/1.0/xz-1.0.jar:/home/user/.m2/repository/org/apache/hadoop/hadoop-common/3.2.0/hadoop-common-3.2.0.jar:/home/user/.m2/repository/org/apache/hadoop/hadoop-hdfs/3.2.0/hadoop-hdfs-3.2.0.jar:/home/user/.m2/repository/org/apache/hadoop/hadoop-hdfs-client/3.2.0/hadoop-hdfs-client-3.2.0.jar:/home/user/.m2/repository/com/fasterxml/jackson/core/jackson-annotations/2.9.5/jackson-annotations-2.9.5.jar:/home/user/.m2/repository/org/apache/hadoop/hadoop-hdds-common/0.5.0-SNAPSHOT/hadoop-hdds-common-0.5.0-SNAPSHOT.jar:/home/user/.m2/repository/javax/annotation/javax.annotation-api/1.2/javax.annotation-api-1.2.jar:/home/user/.m2/repository/org/apache/ratis/ratis-server/0.4.0-fe2b15d-SNAPSHOT/ratis-server-0.4.0-fe2b15d-SNAPSHOT.jar:/home/user/.m2/repository/org/apache/ratis/ratis-thirdparty-misc/0.2.0/ratis-thirdparty-misc-0.2.0.jar:/home/user/.m2/repository/org/apache/ratis/ratis-proto/0.4.0-fe2b15d-SNAPSHOT/ratis-proto-0.4.0-fe2b15d-SNAPSHOT.jar:/home/user/.m2/repository/org/apache/ratis/ratis-common/0.4.0-fe2b15d-SNAPSHOT/ratis-common-0.4.0-fe2b15d-SNAPSHOT.jar:/home/user/.m2/repository/org/apache/ratis/ratis-client/0.4.0-fe2b15d-SNAPSHOT/ratis-client-0.4.0-fe2b15d-SNAPSHOT.jar:/home/user/.m2/repository/org/apache/ratis/ratis-netty/0.4.0-fe2b15d-SNAPSHOT/ratis-netty-0.4.0-fe2b15d-SNAPSHOT.jar:/home/user/.m2/repository/org/apache/ratis/ratis-grpc/0.4.0-fe2b15d-SNAPSHOT/ratis-grpc-0.4.0-fe2b15d-SNAPSHOT.jar:/home/user/.m2/repository/org/rocksdb/rocksdbjni/5.14.2/rocksdbjni-5.14.2.jar:/home/user/.m2/repository/org/apache/logging/log4j/log4j-api/2.11.0/log4j-api-2.11.0.jar:/home/user/.m2/repository/org/apache/logging/log4j/log4j-core/2.11.0/log4j-core-2.11.0.jar:/home/user/.m2/repository/com/lmax/disruptor/3.4.2/disruptor-3.4.2.jar:/home/user/.m2/repository/org/apache/commons/commons-pool2/2.6.0/commons-pool2-2.6.0.jar:/home/user/.m2/repository/org/bouncycastle/bcpkix-jdk15on/1.60/bcpkix-jdk15on-1.60.jar:/home/user/.m2/repository/commons-validator/commons-validator/1.6/commons-validator-1.6.jar:/home/user/.m2/repository/commons-digester/commons-digester/1.8.1/commons-digester-1.8.1.jar:/home/user/.m2/repository/io/jaegertracing/jaeger-client/0.33.1/jaeger-client-0.33.1.jar:/home/user/.m2/repository/io/jaegertracing/jaeger-thrift/0.33.1/jaeger-thrift-0.33.1.jar:/home/user/.m2/repository/org/apache/thrift/libthrift/0.11.0/libthrift-0.11.0.jar:/home/user/.m2/repository/com/squareup/okhttp3/okhttp/3.9.0/okhttp-3.9.0.jar:/home/user/.m2/repository/com/squareup/okio/okio/1.13.0/okio-1.13.0.jar:/home/user/.m2/repository/io/jaegertracing/jaeger-core/0.33.1/jaeger-core-0.33.1.jar:/home/user/.m2/repository/io/jaegertracing/jaeger-tracerresolver/0.33.1/jaeger-tracerresolver-0.33.1.jar:/home/user/.m2/repository/io/opentracing/contrib/opentracing-tracerresolver/0.1.5/opentracing-tracerresolver-0.1.5.jar:/home/user/.m2/repository/io/opentracing/opentracing-util/0.31.0/opentracing-util-0.31.0.jar:/home/user/.m2/repository/io/opentracing/opentracing-api/0.31.0/opentracing-api-0.31.0.jar:/home/user/.m2/repository/io/opentracing/opentracing-noop/0.31.0/opentracing-noop-0.31.0.jar:/home/user/.m2/repository/org/apache/hadoop/hadoop-hdds-server-framework/0.5.0-SNAPSHOT/hadoop-hdds-server-framework-0.5.0-SNAPSHOT.jar:/home/user/.m2/repository/org/apache/hadoop/hadoop-hdds-server-scm/0.5.0-SNAPSHOT/hadoop-hdds-server-scm-0.5.0-SNAPSHOT.jar:/home/user/.m2/repository/org/apache/hadoop/hadoop-hdds-container-service/0.5.0-SNAPSHOT/hadoop-hdds-container-service-0.5.0-SNAPSHOT.jar:/home/user/.m2/repository/org/apache/hadoop/hadoop-hdds-client/0.5.0-SNAPSHOT/hadoop-hdds-client-0.5.0-SNAPSHOT.jar:/home/user/.m2/repository/org/apache/hadoop/hadoop-hdds-tools/0.5.0-SNAPSHOT/hadoop-hdds-tools-0.5.0-SNAPSHOT.jar:/home/user/.m2/repository/org/apache/hadoop/hadoop-ozone-ozone-manager/0.5.0-SNAPSHOT/hadoop-ozone-ozone-manager-0.5.0-SNAPSHOT.jar:/home/user/.m2/repository/org/apache/hadoop/hadoop-hdds-docs/0.5.0-SNAPSHOT/hadoop-hdds-docs-0.5.0-SNAPSHOT.jar:/home/user/.m2/repository/org/bouncycastle/bcprov-jdk15on/1.60/bcprov-jdk15on-1.60.jar:/home/user/.m2/repository/org/apache/hadoop/hadoop-minikdc/3.2.0/hadoop-minikdc-3.2.0.jar:/home/user/.m2/repository/commons-io/commons-io/2.5/commons-io-2.5.jar:/home/user/.m2/repository/org/apache/kerby/kerb-simplekdc/1.0.1/kerb-simplekdc-1.0.1.jar:/home/user/.m2/repository/org/apache/kerby/kerb-client/1.0.1/kerb-client-1.0.1.jar:/home/user/.m2/repository/org/apache/kerby/kerby-config/1.0.1/kerby-config-1.0.1.jar:/home/user/.m2/repository/org/apache/kerby/kerb-core/1.0.1/kerb-core-1.0.1.jar:/home/user/.m2/repository/org/apache/kerby/kerby-pkix/1.0.1/kerby-pkix-1.0.1.jar:/home/user/.m2/repository/org/apache/kerby/kerby-asn1/1.0.1/kerby-asn1-1.0.1.jar:/home/user/.m2/repository/org/apache/kerby/kerby-util/1.0.1/kerby-util-1.0.1.jar:/home/user/.m2/repository/org/apache/kerby/kerb-common/1.0.1/kerb-common-1.0.1.jar:/home/user/.m2/repository/org/apache/kerby/kerb-crypto/1.0.1/kerb-crypto-1.0.1.jar:/home/user/.m2/repository/org/apache/kerby/kerb-util/1.0.1/kerb-util-1.0.1.jar:/home/user/.m2/repository/org/apache/kerby/token-provider/1.0.1/token-provider-1.0.1.jar:/home/user/.m2/repository/org/apache/kerby/kerb-admin/1.0.1/kerb-admin-1.0.1.jar:/home/user/.m2/repository/org/apache/kerby/kerb-server/1.0.1/kerb-server-1.0.1.jar:/home/user/.m2/repository/org/apache/kerby/kerb-identity/1.0.1/kerb-identity-1.0.1.jar:/home/user/.m2/repository/org/apache/kerby/kerby-xdr/1.0.1/kerby-xdr-1.0.1.jar:/home/user/.m2/repository/org/slf4j/slf4j-log4j12/1.7.25/slf4j-log4j12-1.7.25.jar:/home/user/.m2/repository/org/apache/hadoop/hadoop-ozone-objectstore-service/0.5.0-SNAPSHOT/hadoop-ozone-objectstore-service-0.5.0-SNAPSHOT.jar:/home/user/.m2/repository/org/apache/hadoop/hadoop-ozone-s3gateway/0.5.0-SNAPSHOT/hadoop-ozone-s3gateway-0.5.0-SNAPSHOT.jar:/home/user/.m2/repository/org/jboss/weld/servlet/weld-servlet/2.4.7.Final/weld-servlet-2.4.7.Final.jar:/home/user/.m2/repository/org/glassfish/jersey/containers/jersey-container-servlet-core/2.27/jersey-container-servlet-core-2.27.jar:/home/user/.m2/repository/org/glassfish/hk2/external/javax.inject/2.5.0-b42/javax.inject-2.5.0-b42.jar:/home/user/.m2/repository/org/glassfish/jersey/core/jersey-common/2.27/jersey-common-2.27.jar:/home/user/.m2/repository/org/glassfish/hk2/osgi-resource-locator/1.0.1/osgi-resource-locator-1.0.1.jar:/home/user/.m2/repository/javax/ws/rs/javax.ws.rs-api/2.1/javax.ws.rs-api-2.1.jar:/home/user/.m2/repository/org/glassfish/jersey/ext/cdi/jersey-cdi1x/2.27/jersey-cdi1x-2.27.jar:/home/user/.m2/repository/org/glassfish/jersey/inject/jersey-hk2/2.27/jersey-hk2-2.27.jar:/home/user/.m2/repository/org/glassfish/hk2/hk2-locator/2.5.0-b42/hk2-locator-2.5.0-b42.jar:/home/user/.m2/repository/org/javassist/javassist/3.22.0-CR2/javassist-3.22.0-CR2.jar:/home/user/.m2/repository/org/glassfish/hk2/hk2-api/2.5.0/hk2-api-2.5.0.jar:/home/user/.m2/repository/org/glassfish/hk2/external/jakarta.inject/2.5.0/jakarta.inject-2.5.0.jar:/home/user/.m2/repository/org/glassfish/hk2/hk2-utils/2.5.0/hk2-utils-2.5.0.jar:/home/user/.m2/repository/jakarta/annotation/jakarta.annotation-api/1.3.4/jakarta.annotation-api-1.3.4.jar:/home/user/.m2/repository/org/glassfish/hk2/external/aopalliance-repackaged/2.5.0/aopalliance-repackaged-2.5.0.jar:/home/user/.m2/repository/com/fasterxml/jackson/dataformat/jackson-dataformat-xml/2.9.0/jackson-dataformat-xml-2.9.0.jar:/home/user/.m2/repository/com/fasterxml/jackson/core/jackson-core/2.9.5/jackson-core-2.9.5.jar:/home/user/.m2/repository/com/fasterxml/jackson/module/jackson-module-jaxb-annotations/2.9.5/jackson-module-jaxb-annotations-2.9.5.jar:/home/user/.m2/repository/javax/enterprise/cdi-api/1.2/cdi-api-1.2.jar:/home/user/.m2/repository/javax/el/javax.el-api/3.0.0/javax.el-api-3.0.0.jar:/home/user/.m2/repository/javax/interceptor/javax.interceptor-api/1.2/javax.interceptor-api-1.2.jar:/home/user/.m2/repository/javax/inject/javax.inject/1/javax.inject-1.jar:/home/user/.m2/repository/com/sun/xml/bind/jaxb-impl/2.3.0.1/jaxb-impl-2.3.0.1.jar:/home/user/.m2/repository/com/sun/xml/bind/jaxb-core/2.3.0.1/jaxb-core-2.3.0.1.jar:/home/user/.m2/repository/javax/xml/bind/jaxb-api/2.3.0/jaxb-api-2.3.0.jar:/home/user/.m2/repository/javax/activation/activation/1.1.1/activation-1.1.1.jar:/home/user/.m2/repository/org/apache/hadoop/hadoop-ozone-csi/0.5.0-SNAPSHOT/hadoop-ozone-csi-0.5.0-SNAPSHOT.jar:/home/user/.m2/repository/com/google/protobuf/protobuf-java-util/3.5.1/protobuf-java-util-3.5.1.jar:/home/user/.m2/repository/org/apache/hadoop/hadoop-hdds-config/0.5.0-SNAPSHOT/hadoop-hdds-config-0.5.0-SNAPSHOT.jar:/home/user/.m2/repository/com/google/guava/guava/11.0.2/guava-11.0.2.jar:/home/user/.m2/repository/com/google/protobuf/protobuf-java/2.5.0/protobuf-java-2.5.0.jar:/home/user/.m2/repository/io/grpc/grpc-netty/1.17.1/grpc-netty-1.17.1.jar:/home/user/.m2/repository/io/grpc/grpc-core/1.17.1/grpc-core-1.17.1.jar:/home/user/.m2/repository/io/grpc/grpc-context/1.17.1/grpc-context-1.17.1.jar:/home/user/.m2/repository/com/google/errorprone/error_prone_annotations/2.2.0/error_prone_annotations-2.2.0.jar:/home/user/.m2/repository/org/codehaus/mojo/animal-sniffer-annotations/1.17/animal-sniffer-annotations-1.17.jar:/home/user/.m2/repository/io/opencensus/opencensus-api/0.17.0/opencensus-api-0.17.0.jar:/home/user/.m2/repository/io/opencensus/opencensus-contrib-grpc-metrics/0.17.0/opencensus-contrib-grpc-metrics-0.17.0.jar:/home/user/.m2/repository/io/netty/netty-codec-http2/4.1.30.Final/netty-codec-http2-4.1.30.Final.jar:/home/user/.m2/repository/io/netty/netty-codec-http/4.1.30.Final/netty-codec-http-4.1.30.Final.jar:/home/user/.m2/repository/io/netty/netty-codec/4.1.30.Final/netty-codec-4.1.30.Final.jar:/home/user/.m2/repository/io/netty/netty-handler/4.1.30.Final/netty-handler-4.1.30.Final.jar:/home/user/.m2/repository/io/netty/netty-handler-proxy/4.1.30.Final/netty-handler-proxy-4.1.30.Final.jar:/home/user/.m2/repository/io/netty/netty-codec-socks/4.1.30.Final/netty-codec-socks-4.1.30.Final.jar:/home/user/.m2/repository/io/netty/netty-transport-native-epoll/4.1.30.Final/netty-transport-native-epoll-4.1.30.Final.jar:/home/user/.m2/repository/io/netty/netty-common/4.1.30.Final/netty-common-4.1.30.Final.jar:/home/user/.m2/repository/io/netty/netty-buffer/4.1.30.Final/netty-buffer-4.1.30.Final.jar:/home/user/.m2/repository/io/netty/netty-transport/4.1.30.Final/netty-transport-4.1.30.Final.jar:/home/user/.m2/repository/io/netty/netty-resolver/4.1.30.Final/netty-resolver-4.1.30.Final.jar:/home/user/.m2/repository/io/netty/netty-transport-native-unix-common/4.1.30.Final/netty-transport-native-unix-common-4.1.30.Final.jar:/home/user/.m2/repository/io/grpc/grpc-protobuf/1.17.1/grpc-protobuf-1.17.1.jar:/home/user/.m2/repository/com/google/api/grpc/proto-google-common-protos/1.0.0/proto-google-common-protos-1.0.0.jar:/home/user/.m2/repository/io/grpc/grpc-protobuf-lite/1.17.1/grpc-protobuf-lite-1.17.1.jar:/home/user/.m2/repository/io/grpc/grpc-stub/1.17.1/grpc-stub-1.17.1.jar:/home/user/.m2/repository/org/apache/hadoop/hadoop-ozone-recon/0.5.0-SNAPSHOT/hadoop-ozone-recon-0.5.0-SNAPSHOT.jar:/home/user/.m2/repository/org/apache/hadoop/hadoop-ozone-reconcodegen/0.5.0-SNAPSHOT/hadoop-ozone-reconcodegen-0.5.0-SNAPSHOT.jar:/home/user/.m2/repository/com/google/inject/extensions/guice-multibindings/4.0/guice-multibindings-4.0.jar:/home/user/.m2/repository/com/google/inject/guice/4.0/guice-4.0.jar:/home/user/.m2/repository/aopalliance/aopalliance/1.0/aopalliance-1.0.jar:/home/user/.m2/repository/com/google/inject/extensions/guice-servlet/4.0/guice-servlet-4.0.jar:/home/user/.m2/repository/org/glassfish/jersey/containers/jersey-container-servlet/2.27/jersey-container-servlet-2.27.jar:/home/user/.m2/repository/org/glassfish/hk2/guice-bridge/2.5.0/guice-bridge-2.5.0.jar:/home/user/.m2/repository/org/glassfish/jersey/core/jersey-server/2.27/jersey-server-2.27.jar:/home/user/.m2/repository/org/glassfish/jersey/core/jersey-client/2.27/jersey-client-2.27.jar:/home/user/.m2/repository/org/glassfish/jersey/media/jersey-media-jaxb/2.27/jersey-media-jaxb-2.27.jar:/home/user/.m2/repository/javax/validation/validation-api/1.1.0.Final/validation-api-1.1.0.Final.jar:/home/user/.m2/repository/org/glassfish/jersey/media/jersey-media-json-jackson/2.27/jersey-media-json-jackson-2.27.jar:/home/user/.m2/repository/org/glassfish/jersey/ext/jersey-entity-filtering/2.27/jersey-entity-filtering-2.27.jar:/home/user/.m2/repository/com/google/inject/extensions/guice-assistedinject/4.0/guice-assistedinject-4.0.jar:/home/user/.m2/repository/org/jooq/jooq/3.11.10/jooq-3.11.10.jar:/home/user/.m2/repository/org/jooq/jooq-meta/3.11.10/jooq-meta-3.11.10.jar:/home/user/.m2/repository/org/jooq/jooq-codegen/3.11.10/jooq-codegen-3.11.10.jar:/home/user/.m2/repository/com/jolbox/bonecp/0.8.0.RELEASE/bonecp-0.8.0.RELEASE.jar:/home/user/.m2/repository/org/xerial/sqlite-jdbc/3.25.2/sqlite-jdbc-3.25.2.jar:/home/user/.m2/repository/org/springframework/spring-jdbc/5.1.3.RELEASE/spring-jdbc-5.1.3.RELEASE.jar:/home/user/.m2/repository/org/springframework/spring-beans/5.1.3.RELEASE/spring-beans-5.1.3.RELEASE.jar:/home/user/.m2/repository/org/springframework/spring-core/5.1.3.RELEASE/spring-core-5.1.3.RELEASE.jar:/home/user/.m2/repository/org/springframework/spring-jcl/5.1.3.RELEASE/spring-jcl-5.1.3.RELEASE.jar:/home/user/.m2/repository/org/springframework/spring-tx/5.1.3.RELEASE/spring-tx-5.1.3.RELEASE.jar:/home/user/.m2/repository/org/apache/hadoop/hadoop-ozone-client/0.5.0-SNAPSHOT/hadoop-ozone-client-0.5.0-SNAPSHOT.jar:/home/user/.m2/repository/org/apache/hadoop/hadoop-ozone-ozone-manager/0.5.0-SNAPSHOT/hadoop-ozone-ozone-manager-0.5.0-SNAPSHOT-tests.jar:/home/user/.m2/repository/junit/junit/4.11/junit-4.11.jar:/home/user/.m2/repository/org/hamcrest/hamcrest-core/1.3/hamcrest-core-1.3.jar:/home/user/.m2/repository/org/openjdk/jmh/jmh-core/1.19/jmh-core-1.19.jar:/home/user/.m2/repository/net/sf/jopt-simple/jopt-simple/4.6/jopt-simple-4.6.jar:/home/user/.m2/repository/org/apache/commons/commons-math3/3.1.1/commons-math3-3.1.1.jar:/home/user/.m2/repository/org/openjdk/jmh/jmh-generator-annprocess/1.19/jmh-generator-annprocess-1.19.jar:/home/user/.m2/repository/org/mockito/mockito-all/1.8.5/mockito-all-1.8.5.jar:/home/user/.m2/repository/org/apache/hadoop/hadoop-kms/3.2.0/hadoop-kms-3.2.0.jar:/home/user/.m2/repository/org/apache/hadoop/hadoop-auth/3.2.0/hadoop-auth-3.2.0.jar:/home/user/.m2/repository/com/nimbusds/nimbus-jose-jwt/4.41.1/nimbus-jose-jwt-4.41.1.jar:/home/user/.m2/repository/com/github/stephenc/jcip/jcip-annotations/1.0-1/jcip-annotations-1.0-1.jar:/home/user/.m2/repository/net/minidev/json-smart/2.3/json-smart-2.3.jar:/home/user/.m2/repository/net/minidev/accessors-smart/1.2/accessors-smart-1.2.jar:/home/user/.m2/repository/org/ow2/asm/asm/5.0.4/asm-5.0.4.jar:/home/user/.m2/repository/org/apache/curator/curator-framework/2.12.0/curator-framework-2.12.0.jar:/home/user/.m2/repository/com/sun/jersey/jersey-core/1.19/jersey-core-1.19.jar:/home/user/.m2/repository/javax/ws/rs/jsr311-api/1.1.1/jsr311-api-1.1.1.jar:/home/user/.m2/repository/com/sun/jersey/jersey-server/1.19/jersey-server-1.19.jar:/home/user/.m2/repository/javax/servlet/javax.servlet-api/3.1.0/javax.servlet-api-3.1.0.jar:/home/user/.m2/repository/org/eclipse/jetty/jetty-server/9.3.24.v20180605/jetty-server-9.3.24.v20180605.jar:/home/user/.m2/repository/org/eclipse/jetty/jetty-http/9.3.24.v20180605/jetty-http-9.3.24.v20180605.jar:/home/user/.m2/repository/org/eclipse/jetty/jetty-io/9.3.24.v20180605/jetty-io-9.3.24.v20180605.jar:/home/user/.m2/repository/org/eclipse/jetty/jetty-webapp/9.3.24.v20180605/jetty-webapp-9.3.24.v20180605.jar:/home/user/.m2/repository/org/eclipse/jetty/jetty-xml/9.3.24.v20180605/jetty-xml-9.3.24.v20180605.jar:/home/user/.m2/repository/log4j/log4j/1.2.17/log4j-1.2.17.jar:/home/user/.m2/repository/org/slf4j/slf4j-api/1.7.25/slf4j-api-1.7.25.jar:/home/user/.m2/repository/org/slf4j/jul-to-slf4j/1.7.25/jul-to-slf4j-1.7.25.jar:/home/user/.m2/repository/org/eclipse/jetty/jetty-util/9.3.24.v20180605/jetty-util-9.3.24.v20180605.jar:/home/user/.m2/repository/io/dropwizard/metrics/metrics-core/3.2.4/metrics-core-3.2.4.jar:/home/user/.m2/repository/com/fasterxml/jackson/core/jackson-databind/2.9.5/jackson-databind-2.9.5.jar:/home/user/.m2/repository/org/apache/hadoop/hadoop-kms/3.2.0/hadoop-kms-3.2.0-tests.jar:/home/user/.m2/repository/org/apache/hadoop/hadoop-hdds-server-scm/0.5.0-SNAPSHOT/hadoop-hdds-server-scm-0.5.0-SNAPSHOT-tests.jar:/home/user/.m2/repository/org/hamcrest/hamcrest-all/1.3/hamcrest-all-1.3.jar:/home/user/.m2/repository/info/picocli/picocli/3.9.6/picocli-3.9.6.jar:/home/user/.m2/repository/org/apache/hadoop/hadoop-hdds-container-service/0.5.0-SNAPSHOT/hadoop-hdds-container-service-0.5.0-SNAPSHOT-tests.jar:/home/user/.m2/repository/org/yaml/snakeyaml/1.16/snakeyaml-1.16.jar:/home/user/.m2/repository/org/apache/hadoop/hadoop-common/3.2.0/hadoop-common-3.2.0-tests.jar:/home/user/.m2/repository/org/apache/hadoop/hadoop-annotations/3.2.0/hadoop-annotations-3.2.0.jar:/usr/lib/jvm/java-1.8-openjdk/jre/../lib/tools.jar:/home/user/.m2/repository/commons-cli/commons-cli/1.2/commons-cli-1.2.jar:/home/user/.m2/repository/org/apache/httpcomponents/httpclient/4.5.2/httpclient-4.5.2.jar:/home/user/.m2/repository/org/apache/httpcomponents/httpcore/4.4.4/httpcore-4.4.4.jar:/home/user/.m2/repository/commons-codec/commons-codec/1.11/commons-codec-1.11.jar:/home/user/.m2/repository/commons-net/commons-net/3.6/commons-net-3.6.jar:/home/user/.m2/repository/commons-collections/commons-collections/3.2.2/commons-collections-3.2.2.jar:/home/user/.m2/repository/org/eclipse/jetty/jetty-servlet/9.3.24.v20180605/jetty-servlet-9.3.24.v20180605.jar:/home/user/.m2/repository/org/eclipse/jetty/jetty-security/9.3.24.v20180605/jetty-security-9.3.24.v20180605.jar:/home/user/.m2/repository/javax/servlet/jsp/jsp-api/2.1/jsp-api-2.1.jar:/home/user/.m2/repository/com/sun/jersey/jersey-servlet/1.19/jersey-servlet-1.19.jar:/home/user/.m2/repository/com/sun/jersey/jersey-json/1.19/jersey-json-1.19.jar:/home/user/.m2/repository/org/codehaus/jettison/jettison/1.1/jettison-1.1.jar:/home/user/.m2/repository/org/codehaus/jackson/jackson-core-asl/1.9.13/jackson-core-asl-1.9.13.jar:/home/user/.m2/repository/org/codehaus/jackson/jackson-mapper-asl/1.9.13/jackson-mapper-asl-1.9.13.jar:/home/user/.m2/repository/org/codehaus/jackson/jackson-jaxrs/1.9.13/jackson-jaxrs-1.9.13.jar:/home/user/.m2/repository/org/codehaus/jackson/jackson-xc/1.9.13/jackson-xc-1.9.13.jar:/home/user/.m2/repository/commons-logging/commons-logging/1.1.3/commons-logging-1.1.3.jar:/home/user/.m2/repository/commons-beanutils/commons-beanutils/1.9.3/commons-beanutils-1.9.3.jar:/home/user/.m2/repository/org/apache/commons/commons-configuration2/2.1.1/commons-configuration2-2.1.1.jar:/home/user/.m2/repository/org/apache/commons/commons-lang3/3.7/commons-lang3-3.7.jar:/home/user/.m2/repository/org/apache/commons/commons-text/1.4/commons-text-1.4.jar:/home/user/.m2/repository/org/apache/avro/avro/1.7.7/avro-1.7.7.jar:/home/user/.m2/repository/com/thoughtworks/paranamer/paranamer/2.3/paranamer-2.3.jar:/home/user/.m2/repository/org/xerial/snappy/snappy-java/1.0.5/snappy-java-1.0.5.jar:/home/user/.m2/repository/com/google/re2j/re2j/1.1/re2j-1.1.jar:/home/user/.m2/repository/com/google/code/gson/gson/2.2.4/gson-2.2.4.jar:/home/user/.m2/repository/com/jcraft/jsch/0.1.54/jsch-0.1.54.jar:/home/user/.m2/repository/org/apache/curator/curator-client/2.12.0/curator-client-2.12.0.jar:/home/user/.m2/repository/org/apache/curator/curator-recipes/2.12.0/curator-recipes-2.12.0.jar:/home/user/.m2/repository/com/google/code/findbugs/jsr305/3.0.0/jsr305-3.0.0.jar:/home/user/.m2/repository/org/apache/htrace/htrace-core4/4.1.0-incubating/htrace-core4-4.1.0-incubating.jar:/home/user/.m2/repository/org/apache/zookeeper/zookeeper/3.4.13/zookeeper-3.4.13.jar:/home/user/.m2/repository/org/apache/yetus/audience-annotations/0.5.0/audience-annotations-0.5.0.jar:/home/user/.m2/repository/org/codehaus/woodstox/stax2-api/3.1.4/stax2-api-3.1.4.jar:/home/user/.m2/repository/com/fasterxml/woodstox/woodstox-core/5.0.3/woodstox-core-5.0.3.jar:/home/user/.m2/repository/dnsjava/dnsjava/2.1.7/dnsjava-2.1.7.jar:/home/user/.m2/repository/org/apache/hadoop/hadoop-hdfs/3.2.0/hadoop-hdfs-3.2.0-tests.jar:/home/user/.m2/repository/org/eclipse/jetty/jetty-util-ajax/9.3.24.v20180605/jetty-util-ajax-9.3.24.v20180605.jar:/home/user/.m2/repository/commons-daemon/commons-daemon/1.0.13/commons-daemon-1.0.13.jar:/home/user/.m2/repository/io/netty/netty/3.10.5.Final/netty-3.10.5.Final.jar:/home/user/.m2/repository/io/netty/netty-all/4.0.52.Final/netty-all-4.0.52.Final.jar:/home/user/.m2/repository/org/fusesource/leveldbjni/leveldbjni-all/1.8/leveldbjni-all-1.8.jar:"/>
    <property name="sun.cpu.endian" value="little"/>
    <property name="user.home" value="/home/user"/>
    <property name="user.language" value="en"/>
    <property name="java.specification.vendor" value="Oracle Corporation"/>
    <property name="java.home" value="/usr/lib/jvm/java-1.8-openjdk/jre"/>
    <property name="java.security.krb5.conf" value="/opt/src/hadoop-ozone/integration-test/target/test-classes/krb5.conf"/>
    <property name="basedir" value="/opt/src/hadoop-ozone/integration-test"/>
    <property name="file.separator" value="/"/>
    <property name="line.separator" value="&#10;"/>
    <property name="java.vm.specification.vendor" value="Oracle Corporation"/>
    <property name="java.specification.name" value="Java Platform API Specification"/>
    <property name="java.awt.graphicsenv" value="sun.awt.X11GraphicsEnvironment"/>
    <property name="surefire.real.class.path" value="/opt/src/hadoop-ozone/integration-test/target/surefire/surefirebooter6481459138713059815.jar"/>
    <property name="hadoop.log.dir" value="/opt/src/hadoop-ozone/integration-test/target/log"/>
    <property name="sun.boot.class.path" value="/usr/lib/jvm/java-1.8-openjdk/jre/lib/resources.jar:/usr/lib/jvm/java-1.8-openjdk/jre/lib/rt.jar:/usr/lib/jvm/java-1.8-openjdk/jre/lib/sunrsasign.jar:/usr/lib/jvm/java-1.8-openjdk/jre/lib/jsse.jar:/usr/lib/jvm/java-1.8-openjdk/jre/lib/jce.jar:/usr/lib/jvm/java-1.8-openjdk/jre/lib/charsets.jar:/usr/lib/jvm/java-1.8-openjdk/jre/lib/jfr.jar:/usr/lib/jvm/java-1.8-openjdk/jre/classes"/>
    <property name="sun.management.compiler" value="HotSpot 64-Bit Tiered Compilers"/>
    <property name="java.runtime.version" value="1.8.0_212-b04"/>
    <property name="java.net.preferIPv4Stack" value="true"/>
    <property name="user.name" value="jenkins1000"/>
    <property name="path.separator" value=":"/>
    <property name="java.security.egd" value="file:///dev/urandom"/>
    <property name="os.version" value="4.15.0-1021-aws"/>
    <property name="java.endorsed.dirs" value="/usr/lib/jvm/java-1.8-openjdk/jre/lib/endorsed"/>
    <property name="java.runtime.name" value="OpenJDK Runtime Environment"/>
    <property name="file.encoding" value="UTF-8"/>
    <property name="java.vm.name" value="OpenJDK 64-Bit Server VM"/>
    <property name="test.build.webapps" value=""/>
    <property name="localRepository" value="/home/user/.m2/repository"/>
    <property name="java.vendor.url.bug" value="https://icedtea.classpath.org/bugzilla"/>
    <property name="java.io.tmpdir" value="/tmp"/>
    <property name="require.test.libhadoop" value=""/>
    <property name="java.version" value="1.8.0_212"/>
    <property name="user.dir" value="/opt/src/hadoop-ozone/integration-test"/>
    <property name="os.arch" value="amd64"/>
    <property name="java.vm.specification.name" value="Java Virtual Machine Specification"/>
    <property name="test.build.classes" value="/opt/src/hadoop-ozone/integration-test/target/test-classes"/>
    <property name="java.awt.printerjob" value="sun.print.PSPrinterJob"/>
    <property name="sun.os.patch.level" value="unknown"/>
    <property name="hadoop.tmp.dir" value="/opt/src/hadoop-ozone/integration-test/target/tmp"/>
    <property name="java.library.path" value="/usr/lib/jvm/java-1.8-openjdk/jre/lib/amd64/server:/usr/lib/jvm/java-1.8-openjdk/jre/lib/amd64:/usr/lib/jvm/java-1.8-openjdk/jre/../lib/amd64:/opt/src/hadoop-ozone/integration-test/target/native/target/usr/local/lib:/opt/src/hadoop-ozone/integration-test/../../hadoop-common-project/hadoop-common/target/native/target/usr/local/lib:/usr/java/packages/lib/amd64:/usr/lib64:/lib64:/lib:/usr/lib"/>
    <property name="java.vm.info" value="mixed mode"/>
    <property name="java.vendor" value="IcedTea"/>
    <property name="java.vm.version" value="25.212-b04"/>
    <property name="java.ext.dirs" value="/usr/lib/jvm/java-1.8-openjdk/jre/lib/ext:/usr/java/packages/lib/ext"/>
    <property name="sun.io.unicode.encoding" value="UnicodeLittle"/>
    <property name="java.class.version" value="52.0"/>
  </properties>
  <testcase name="testPipelineFail" classname="org.apache.hadoop.hdds.scm.pipeline.TestNodeFailure" time="0">
    <skipped/>
    <system-out><![CDATA[2019-06-15 09:03:56,773 WARN  server.ServerUtils (ServerUtils.java:getScmDbDir(145)) - ozone.scm.db.dirs is not configured. We recommend adding this setting. Falling back to ozone.metadata.dirs instead.
2019-06-15 09:03:56,848 WARN  server.ServerUtils (ServerUtils.java:getScmDbDir(145)) - ozone.scm.db.dirs is not configured. We recommend adding this setting. Falling back to ozone.metadata.dirs instead.
2019-06-15 09:03:56,851 WARN  server.ServerUtils (ServerUtils.java:getScmDbDir(145)) - ozone.scm.db.dirs is not configured. We recommend adding this setting. Falling back to ozone.metadata.dirs instead.
2019-06-15 09:03:56,866 INFO  util.log (Log.java:initialized(192)) - Logging initialized @778ms
2019-06-15 09:03:56,955 INFO  db.DBStoreBuilder (DBStoreBuilder.java:addTable(110)) - using custom profile for table: deletedBlocks
2019-06-15 09:03:56,955 INFO  db.DBStoreBuilder (DBStoreBuilder.java:processTables(161)) - Using default column profile:DBProfile.DISK for Table:deletedBlocks
2019-06-15 09:03:56,955 INFO  db.DBStoreBuilder (DBStoreBuilder.java:addTable(110)) - using custom profile for table: validCerts
2019-06-15 09:03:56,956 INFO  db.DBStoreBuilder (DBStoreBuilder.java:processTables(161)) - Using default column profile:DBProfile.DISK for Table:validCerts
2019-06-15 09:03:56,956 INFO  db.DBStoreBuilder (DBStoreBuilder.java:addTable(110)) - using custom profile for table: revokedCerts
2019-06-15 09:03:56,956 INFO  db.DBStoreBuilder (DBStoreBuilder.java:processTables(161)) - Using default column profile:DBProfile.DISK for Table:revokedCerts
2019-06-15 09:03:56,967 INFO  db.DBStoreBuilder (DBStoreBuilder.java:addTable(110)) - using custom profile for table: default
2019-06-15 09:03:56,967 INFO  db.DBStoreBuilder (DBStoreBuilder.java:processTables(167)) - Using default column profile:DBProfile.DISK for Table:default
2019-06-15 09:03:56,968 INFO  db.DBStoreBuilder (DBStoreBuilder.java:getDbProfile(198)) - Using default options. DBProfile.DISK
2019-06-15 09:03:57,024 INFO  net.NodeSchemaLoader (NodeSchemaLoader.java:loadSchemaFromFile(125)) - Loading file from sun.misc.CompoundEnumeration@27ce24aa
2019-06-15 09:03:57,025 INFO  net.NodeSchemaLoader (NodeSchemaLoader.java:loadSchema(171)) - Loading network topology layer schema file
2019-06-15 09:03:57,084 INFO  node.SCMNodeManager (SCMNodeManager.java:<init>(119)) - Entering startup safe mode.
2019-06-15 09:03:57,160 WARN  server.ServerUtils (ServerUtils.java:getScmDbDir(145)) - ozone.scm.db.dirs is not configured. We recommend adding this setting. Falling back to ozone.metadata.dirs instead.
2019-06-15 09:03:57,180 INFO  pipeline.SCMPipelineManager (SCMPipelineManager.java:initializePipelineState(126)) - No pipeline exists in current db
2019-06-15 09:03:57,182 WARN  server.ServerUtils (ServerUtils.java:getScmDbDir(145)) - ozone.scm.db.dirs is not configured. We recommend adding this setting. Falling back to ozone.metadata.dirs instead.
2019-06-15 09:03:57,235 WARN  events.EventQueue (EventQueue.java:fireEvent(175)) - No event handler registered for event TypedEvent{payloadType=SafeModeStatus, name='SafeModeStatus'}
2019-06-15 09:03:57,549 INFO  ipc.CallQueueManager (CallQueueManager.java:<init>(84)) - Using callQueue: class java.util.concurrent.LinkedBlockingQueue, queueCapacity: 2000, scheduler: class org.apache.hadoop.ipc.DefaultRpcScheduler, ipcBackoff: false.
2019-06-15 09:03:57,575 INFO  ipc.Server (Server.java:run(1074)) - Starting Socket Reader #1 for port 38277
2019-06-15 09:03:57,596 INFO  ipc.CallQueueManager (CallQueueManager.java:<init>(84)) - Using callQueue: class java.util.concurrent.LinkedBlockingQueue, queueCapacity: 2000, scheduler: class org.apache.hadoop.ipc.DefaultRpcScheduler, ipcBackoff: false.
2019-06-15 09:03:57,598 INFO  ipc.Server (Server.java:run(1074)) - Starting Socket Reader #1 for port 38927
2019-06-15 09:03:57,640 INFO  ipc.CallQueueManager (CallQueueManager.java:<init>(84)) - Using callQueue: class java.util.concurrent.LinkedBlockingQueue, queueCapacity: 2000, scheduler: class org.apache.hadoop.ipc.DefaultRpcScheduler, ipcBackoff: false.
2019-06-15 09:03:57,641 INFO  ipc.Server (Server.java:run(1074)) - Starting Socket Reader #1 for port 46543
2019-06-15 09:03:57,662 INFO  hdfs.DFSUtil (DFSUtil.java:httpServerTemplateForNNAndJN(1641)) - Starting Web-server for scm at: http://0.0.0.0:0
2019-06-15 09:03:57,821 INFO  server.AuthenticationFilter (AuthenticationFilter.java:constructSecretProvider(240)) - Unable to initialize FileSignerSecretProvider, falling back to use random secrets.
2019-06-15 09:03:57,836 WARN  http.HttpRequestLog (HttpRequestLog.java:getRequestLog(97)) - Jetty request log can only be enabled using Log4j
2019-06-15 09:03:57,844 INFO  http.HttpServer2 (HttpServer2.java:addGlobalFilter(975)) - Added global filter 'safety' (class=org.apache.hadoop.http.HttpServer2$QuotingInputFilter)
2019-06-15 09:03:57,847 INFO  http.HttpServer2 (HttpServer2.java:addFilter(948)) - Added filter static_user_filter (class=org.apache.hadoop.http.lib.StaticUserWebFilter$StaticUserFilter) to context scm
2019-06-15 09:03:57,847 INFO  http.HttpServer2 (HttpServer2.java:addFilter(958)) - Added filter static_user_filter (class=org.apache.hadoop.http.lib.StaticUserWebFilter$StaticUserFilter) to context logs
2019-06-15 09:03:57,847 INFO  http.HttpServer2 (HttpServer2.java:addFilter(958)) - Added filter static_user_filter (class=org.apache.hadoop.http.lib.StaticUserWebFilter$StaticUserFilter) to context static
2019-06-15 09:03:57,874 INFO  server.StorageContainerManager (StorageContainerManager.java:start(753)) - StorageContainerLocationProtocol RPC server is listening at /0.0.0.0:46543
2019-06-15 09:03:57,932 WARN  impl.MetricsConfig (MetricsConfig.java:loadFirst(134)) - Cannot locate configuration: tried hadoop-metrics2-storagecontainermanager.properties,hadoop-metrics2.properties
2019-06-15 09:03:57,944 INFO  impl.MetricsSystemImpl (MetricsSystemImpl.java:startTimer(374)) - Scheduled Metric snapshot period at 10 second(s).
2019-06-15 09:03:57,944 INFO  impl.MetricsSystemImpl (MetricsSystemImpl.java:start(191)) - StorageContainerManager metrics system started
2019-06-15 09:03:58,152 INFO  server.SCMClientProtocolServer (SCMClientProtocolServer.java:start(149)) - RPC server for Client  is listening at /0.0.0.0:46543
2019-06-15 09:03:58,157 INFO  ipc.Server (Server.java:run(1314)) - IPC Server Responder: starting
2019-06-15 09:03:58,158 INFO  ipc.Server (Server.java:run(1153)) - IPC Server listener on 46543: starting
2019-06-15 09:03:58,175 INFO  server.StorageContainerManager (StorageContainerManager.java:start(762)) - ScmBlockLocationProtocol RPC server is listening at /0.0.0.0:38927
2019-06-15 09:03:58,176 INFO  server.SCMBlockProtocolServer (SCMBlockProtocolServer.java:start(137)) - RPC server for Block Protocol is listening at /0.0.0.0:38927
2019-06-15 09:03:58,176 INFO  ipc.Server (Server.java:run(1314)) - IPC Server Responder: starting
2019-06-15 09:03:58,176 INFO  ipc.Server (Server.java:run(1153)) - IPC Server listener on 38927: starting
2019-06-15 09:03:58,188 INFO  server.StorageContainerManager (StorageContainerManager.java:start(766)) - ScmDatanodeProtocl RPC server is listening at /0.0.0.0:38277
2019-06-15 09:03:58,189 INFO  server.SCMDatanodeProtocolServer (SCMDatanodeProtocolServer.java:start(191)) - RPC server for DataNodes is listening at /0.0.0.0:38277
2019-06-15 09:03:58,189 INFO  ipc.Server (Server.java:run(1314)) - IPC Server Responder: starting
2019-06-15 09:03:58,189 INFO  ipc.Server (Server.java:run(1153)) - IPC Server listener on 38277: starting
2019-06-15 09:03:58,219 INFO  http.HttpServer2 (HttpServer2.java:bindListener(1191)) - Jetty bound to port 36875
2019-06-15 09:03:58,221 INFO  server.Server (Server.java:doStart(351)) - jetty-9.3.24.v20180605, build timestamp: 2018-06-05T17:11:56Z, git hash: 84205aa28f11a4f31f2a3b86d1bba2cc8ab69827
2019-06-15 09:03:58,269 INFO  handler.ContextHandler (ContextHandler.java:doStart(781)) - Started o.e.j.s.ServletContextHandler@16c63f5{/logs,file:///opt/src/hadoop-ozone/integration-test/target/log,AVAILABLE}
2019-06-15 09:03:58,270 INFO  handler.ContextHandler (ContextHandler.java:doStart(781)) - Started o.e.j.s.ServletContextHandler@6d3c5255{/static,file:///opt/src/hadoop-ozone/integration-test/target/test-classes/webapps/static,AVAILABLE}
2019-06-15 09:03:58,322 INFO  handler.ContextHandler (ContextHandler.java:doStart(781)) - Started o.e.j.w.WebAppContext@28a0fd6c{/,file:///opt/src/hadoop-ozone/integration-test/target/test-classes/webapps/scm/,AVAILABLE}{/scm}
2019-06-15 09:03:58,328 INFO  server.AbstractConnector (AbstractConnector.java:doStart(278)) - Started ServerConnector@5f4d427e{HTTP/1.1,[http/1.1]}{0.0.0.0:36875}
2019-06-15 09:03:58,329 INFO  server.Server (Server.java:doStart(419)) - Started @2242ms
2019-06-15 09:03:58,332 INFO  server.BaseHttpServer (BaseHttpServer.java:updateConnectorAddress(207)) - HTTP server of SCM is listening at http://0.0.0.0:36875
2019-06-15 09:03:58,342 INFO  util.JvmPauseMonitor (JvmPauseMonitor.java:run(188)) - Starting JVM pause monitor
2019-06-15 09:03:58,347 WARN  scm.ScmUtils (ScmUtils.java:getDBPath(63)) - ozone.om.db.dirs is not configured. We recommend adding this setting. Falling back to ozone.metadata.dirs instead.
2019-06-15 09:03:58,456 WARN  scm.ScmUtils (ScmUtils.java:getDBPath(63)) - ozone.om.db.dirs is not configured. We recommend adding this setting. Falling back to ozone.metadata.dirs instead.
2019-06-15 09:03:58,457 INFO  om.OzoneManager (OzoneManager.java:setOMNodeDetails(532)) - OM Service ID is not set. Setting it to the default ID: omServiceIdDefault
2019-06-15 09:03:58,457 INFO  om.OzoneManager (OzoneManager.java:setOMNodeDetails(538)) - OM Node ID is not set. Setting it to the OmStorage's OmID: 19d7e328-b85e-46f6-8b5e-3b39c661691a
2019-06-15 09:03:58,459 WARN  scm.HddsServerUtil (HddsServerUtil.java:getDefaultRatisDirectory(354)) - Storage directory for Ratis is not configured. It is a good idea to map this to an SSD disk. Falling back to ozone.metadata.dirs
2019-06-15 09:03:58,459 WARN  scm.HddsServerUtil (HddsServerUtil.java:getDefaultRatisDirectory(354)) - Storage directory for Ratis is not configured. It is a good idea to map this to an SSD disk. Falling back to ozone.metadata.dirs
2019-06-15 09:03:58,460 INFO  om.OzoneManager (OzoneManager.java:loadOMHAConfigs(489)) - Found matching OM address with OMServiceId: null, OMNodeId: null, RPC Address: localhost:0 and Ratis port: 9872
2019-06-15 09:03:58,671 WARN  scm.ScmUtils (ScmUtils.java:getDBPath(63)) - ozone.om.db.dirs is not configured. We recommend adding this setting. Falling back to ozone.metadata.dirs instead.
2019-06-15 09:03:58,678 INFO  db.DBStoreBuilder (DBStoreBuilder.java:addTable(110)) - using custom profile for table: userTable
2019-06-15 09:03:58,678 INFO  db.DBStoreBuilder (DBStoreBuilder.java:processTables(161)) - Using default column profile:DBProfile.DISK for Table:userTable
2019-06-15 09:03:58,678 INFO  db.DBStoreBuilder (DBStoreBuilder.java:addTable(110)) - using custom profile for table: volumeTable
2019-06-15 09:03:58,678 INFO  db.DBStoreBuilder (DBStoreBuilder.java:processTables(161)) - Using default column profile:DBProfile.DISK for Table:volumeTable
2019-06-15 09:03:58,679 INFO  db.DBStoreBuilder (DBStoreBuilder.java:addTable(110)) - using custom profile for table: bucketTable
2019-06-15 09:03:58,679 INFO  db.DBStoreBuilder (DBStoreBuilder.java:processTables(161)) - Using default column profile:DBProfile.DISK for Table:bucketTable
2019-06-15 09:03:58,679 INFO  db.DBStoreBuilder (DBStoreBuilder.java:addTable(110)) - using custom profile for table: keyTable
2019-06-15 09:03:58,679 INFO  db.DBStoreBuilder (DBStoreBuilder.java:processTables(161)) - Using default column profile:DBProfile.DISK for Table:keyTable
2019-06-15 09:03:58,680 INFO  db.DBStoreBuilder (DBStoreBuilder.java:addTable(110)) - using custom profile for table: deletedTable
2019-06-15 09:03:58,680 INFO  db.DBStoreBuilder (DBStoreBuilder.java:processTables(161)) - Using default column profile:DBProfile.DISK for Table:deletedTable
2019-06-15 09:03:58,680 INFO  db.DBStoreBuilder (DBStoreBuilder.java:addTable(110)) - using custom profile for table: openKeyTable
2019-06-15 09:03:58,680 INFO  db.DBStoreBuilder (DBStoreBuilder.java:processTables(161)) - Using default column profile:DBProfile.DISK for Table:openKeyTable
2019-06-15 09:03:58,681 INFO  db.DBStoreBuilder (DBStoreBuilder.java:addTable(110)) - using custom profile for table: s3Table
2019-06-15 09:03:58,681 INFO  db.DBStoreBuilder (DBStoreBuilder.java:processTables(161)) - Using default column profile:DBProfile.DISK for Table:s3Table
2019-06-15 09:03:58,681 INFO  db.DBStoreBuilder (DBStoreBuilder.java:addTable(110)) - using custom profile for table: multipartInfoTable
2019-06-15 09:03:58,681 INFO  db.DBStoreBuilder (DBStoreBuilder.java:processTables(161)) - Using default column profile:DBProfile.DISK for Table:multipartInfoTable
2019-06-15 09:03:58,682 INFO  db.DBStoreBuilder (DBStoreBuilder.java:addTable(110)) - using custom profile for table: dTokenTable
2019-06-15 09:03:58,682 INFO  db.DBStoreBuilder (DBStoreBuilder.java:processTables(161)) - Using default column profile:DBProfile.DISK for Table:dTokenTable
2019-06-15 09:03:58,682 INFO  db.DBStoreBuilder (DBStoreBuilder.java:addTable(110)) - using custom profile for table: s3SecretTable
2019-06-15 09:03:58,682 INFO  db.DBStoreBuilder (DBStoreBuilder.java:processTables(161)) - Using default column profile:DBProfile.DISK for Table:s3SecretTable
2019-06-15 09:03:58,683 INFO  db.DBStoreBuilder (DBStoreBuilder.java:addTable(110)) - using custom profile for table: prefixTable
2019-06-15 09:03:58,683 INFO  db.DBStoreBuilder (DBStoreBuilder.java:processTables(161)) - Using default column profile:DBProfile.DISK for Table:prefixTable
2019-06-15 09:03:58,683 INFO  db.DBStoreBuilder (DBStoreBuilder.java:addTable(110)) - using custom profile for table: default
2019-06-15 09:03:58,683 INFO  db.DBStoreBuilder (DBStoreBuilder.java:processTables(167)) - Using default column profile:DBProfile.DISK for Table:default
2019-06-15 09:03:58,684 INFO  db.DBStoreBuilder (DBStoreBuilder.java:getDbProfile(198)) - Using default options. DBProfile.DISK
2019-06-15 09:03:59,301 INFO  ipc.CallQueueManager (CallQueueManager.java:<init>(84)) - Using callQueue: class java.util.concurrent.LinkedBlockingQueue, queueCapacity: 2000, scheduler: class org.apache.hadoop.ipc.DefaultRpcScheduler, ipcBackoff: false.
2019-06-15 09:03:59,305 INFO  ipc.Server (Server.java:run(1074)) - Starting Socket Reader #1 for port 45935
2019-06-15 09:03:59,339 WARN  scm.ScmUtils (ScmUtils.java:getDBPath(63)) - ozone.om.db.dirs is not configured. We recommend adding this setting. Falling back to ozone.metadata.dirs instead.
2019-06-15 09:03:59,339 INFO  om.OzoneManager (OzoneManager.java:start(1230)) - OzoneManager RPC server is listening at localhost/127.0.0.1:45935
2019-06-15 09:03:59,340 INFO  impl.MetricsSystemImpl (MetricsSystemImpl.java:init(158)) - OzoneManager metrics system started (again)
2019-06-15 09:03:59,342 INFO  ipc.Server (Server.java:run(1314)) - IPC Server Responder: starting
2019-06-15 09:03:59,347 INFO  ipc.Server (Server.java:run(1153)) - IPC Server listener on 45935: starting
2019-06-15 09:03:59,501 INFO  hdfs.DFSUtil (DFSUtil.java:httpServerTemplateForNNAndJN(1641)) - Starting Web-server for ozoneManager at: http://0.0.0.0:0
2019-06-15 09:03:59,503 INFO  server.AuthenticationFilter (AuthenticationFilter.java:constructSecretProvider(240)) - Unable to initialize FileSignerSecretProvider, falling back to use random secrets.
2019-06-15 09:03:59,505 WARN  http.HttpRequestLog (HttpRequestLog.java:getRequestLog(97)) - Jetty request log can only be enabled using Log4j
2019-06-15 09:03:59,508 INFO  http.HttpServer2 (HttpServer2.java:addGlobalFilter(975)) - Added global filter 'safety' (class=org.apache.hadoop.http.HttpServer2$QuotingInputFilter)
2019-06-15 09:03:59,509 INFO  http.HttpServer2 (HttpServer2.java:addFilter(948)) - Added filter static_user_filter (class=org.apache.hadoop.http.lib.StaticUserWebFilter$StaticUserFilter) to context ozoneManager
2019-06-15 09:03:59,509 INFO  http.HttpServer2 (HttpServer2.java:addFilter(958)) - Added filter static_user_filter (class=org.apache.hadoop.http.lib.StaticUserWebFilter$StaticUserFilter) to context static
2019-06-15 09:03:59,509 INFO  http.HttpServer2 (HttpServer2.java:addFilter(958)) - Added filter static_user_filter (class=org.apache.hadoop.http.lib.StaticUserWebFilter$StaticUserFilter) to context logs
2019-06-15 09:03:59,511 INFO  http.HttpServer2 (HttpServer2.java:bindListener(1191)) - Jetty bound to port 35917
2019-06-15 09:03:59,511 INFO  server.Server (Server.java:doStart(351)) - jetty-9.3.24.v20180605, build timestamp: 2018-06-05T17:11:56Z, git hash: 84205aa28f11a4f31f2a3b86d1bba2cc8ab69827
2019-06-15 09:03:59,542 INFO  handler.ContextHandler (ContextHandler.java:doStart(781)) - Started o.e.j.s.ServletContextHandler@5f462e3b{/logs,file:///opt/src/hadoop-ozone/integration-test/target/log,AVAILABLE}
2019-06-15 09:03:59,550 INFO  handler.ContextHandler (ContextHandler.java:doStart(781)) - Started o.e.j.s.ServletContextHandler@58065f0c{/static,file:///opt/src/hadoop-ozone/integration-test/target/test-classes/webapps/static,AVAILABLE}
2019-06-15 09:03:59,560 INFO  handler.ContextHandler (ContextHandler.java:doStart(781)) - Started o.e.j.w.WebAppContext@599f571f{/,file:///opt/src/hadoop-ozone/integration-test/target/test-classes/webapps/ozoneManager/,AVAILABLE}{/ozoneManager}
2019-06-15 09:03:59,562 INFO  server.AbstractConnector (AbstractConnector.java:doStart(278)) - Started ServerConnector@7b60c3e{HTTP/1.1,[http/1.1]}{0.0.0.0:35917}
2019-06-15 09:03:59,562 INFO  server.Server (Server.java:doStart(419)) - Started @3475ms
2019-06-15 09:03:59,565 INFO  server.BaseHttpServer (BaseHttpServer.java:updateConnectorAddress(207)) - HTTP server of OZONEMANAGER is listening at http://0.0.0.0:35917
2019-06-15 09:03:59,733 INFO  impl.MetricsSystemImpl (MetricsSystemImpl.java:init(158)) - HddsDatanode metrics system started (again)
2019-06-15 09:03:59,907 INFO  ozone.HddsDatanodeService (HddsDatanodeService.java:start(185)) - HddsDatanodeService host:ozone-unit-076618677d3-f4jks-397892598 ip:192.168.46.58
2019-06-15 09:03:59,943 INFO  volume.HddsVolume (HddsVolume.java:<init>(176)) - Creating Volume: /opt/src/hadoop-ozone/integration-test/target/test-dir/MiniOzoneClusterImpl-0884d3ab-8aeb-4d75-824c-caccd44d9c0f/datanode-0/data/containers/hdds of  storage type : DISK and capacity : 104021790720
2019-06-15 09:03:59,945 INFO  volume.VolumeSet (VolumeSet.java:initializeVolumeSet(170)) - Added Volume : /opt/src/hadoop-ozone/integration-test/target/test-dir/MiniOzoneClusterImpl-0884d3ab-8aeb-4d75-824c-caccd44d9c0f/datanode-0/data/containers/hdds to VolumeSet
2019-06-15 09:03:59,948 INFO  volume.ThrottledAsyncChecker (ThrottledAsyncChecker.java:schedule(140)) - Scheduling a check for org.apache.hadoop.ozone.container.common.volume.HddsVolume@35ff8fc9
2019-06-15 09:03:59,966 INFO  volume.HddsVolumeChecker (HddsVolumeChecker.java:checkAllVolumes(203)) - Scheduled health check for volume org.apache.hadoop.ozone.container.common.volume.HddsVolume@35ff8fc9
2019-06-15 09:04:00,018 INFO  ratis.XceiverServerRatis (XceiverServerRatis.java:newXceiverServerRatis(401)) - Found a free port for the server : 40997
2019-06-15 09:04:00,091 INFO  impl.RaftServerProxy (ConfUtils.java:logGet(43)) - raft.rpc.type = GRPC (default)
2019-06-15 09:04:00,102 INFO  grpc.GrpcConfigKeys$Server (ConfUtils.java:logGet(43)) - raft.grpc.server.port = 40997 (custom)
2019-06-15 09:04:00,103 INFO  server.GrpcService (ConfUtils.java:logGet(43)) - raft.grpc.message.size.max = 33570816 (custom)
2019-06-15 09:04:00,104 INFO  server.RaftServerConfigKeys (ConfUtils.java:logGet(43)) - raft.server.log.appender.buffer.byte-limit = 33554432 (custom)
2019-06-15 09:04:00,105 INFO  server.GrpcService (ConfUtils.java:logGet(43)) - raft.grpc.flow.control.window = 1MB (=1048576) (default)
2019-06-15 09:04:00,106 INFO  server.RaftServerConfigKeys (ConfUtils.java:logGet(43)) - raft.server.rpc.request.timeout = 3000ms (default)
2019-06-15 09:04:00,272 INFO  server.RaftServerConfigKeys (ConfUtils.java:logGet(43)) - raft.server.storage.dir = [/opt/src/hadoop-ozone/integration-test/target/test-dir/MiniOzoneClusterImpl-0884d3ab-8aeb-4d75-824c-caccd44d9c0f/datanode-0/data/ratis] (custom)
2019-06-15 09:04:00,280 INFO  server.XceiverServerGrpc (XceiverServerGrpc.java:<init>(97)) - Found a free port for the server : 44769
2019-06-15 09:04:00,311 INFO  replication.SimpleContainerDownloader (SimpleContainerDownloader.java:<init>(72)) - Starting container downloader service to copy containers to replicate.
2019-06-15 09:04:00,324 INFO  hdfs.DFSUtil (DFSUtil.java:httpServerTemplateForNNAndJN(1641)) - Starting Web-server for hddsDatanode at: http://0.0.0.0:0
2019-06-15 09:04:00,325 INFO  server.AuthenticationFilter (AuthenticationFilter.java:constructSecretProvider(240)) - Unable to initialize FileSignerSecretProvider, falling back to use random secrets.
2019-06-15 09:04:00,328 WARN  http.HttpRequestLog (HttpRequestLog.java:getRequestLog(97)) - Jetty request log can only be enabled using Log4j
2019-06-15 09:04:00,330 INFO  http.HttpServer2 (HttpServer2.java:addGlobalFilter(975)) - Added global filter 'safety' (class=org.apache.hadoop.http.HttpServer2$QuotingInputFilter)
2019-06-15 09:04:00,331 INFO  http.HttpServer2 (HttpServer2.java:addFilter(948)) - Added filter static_user_filter (class=org.apache.hadoop.http.lib.StaticUserWebFilter$StaticUserFilter) to context hddsDatanode
2019-06-15 09:04:00,331 INFO  http.HttpServer2 (HttpServer2.java:addFilter(958)) - Added filter static_user_filter (class=org.apache.hadoop.http.lib.StaticUserWebFilter$StaticUserFilter) to context static
2019-06-15 09:04:00,331 INFO  http.HttpServer2 (HttpServer2.java:addFilter(958)) - Added filter static_user_filter (class=org.apache.hadoop.http.lib.StaticUserWebFilter$StaticUserFilter) to context logs
2019-06-15 09:04:00,332 INFO  http.HttpServer2 (HttpServer2.java:bindListener(1191)) - Jetty bound to port 34781
2019-06-15 09:04:00,332 INFO  server.Server (Server.java:doStart(351)) - jetty-9.3.24.v20180605, build timestamp: 2018-06-05T17:11:56Z, git hash: 84205aa28f11a4f31f2a3b86d1bba2cc8ab69827
2019-06-15 09:04:00,334 INFO  handler.ContextHandler (ContextHandler.java:doStart(781)) - Started o.e.j.s.ServletContextHandler@16c587de{/logs,file:///opt/src/hadoop-ozone/integration-test/target/log,AVAILABLE}
2019-06-15 09:04:00,335 INFO  handler.ContextHandler (ContextHandler.java:doStart(781)) - Started o.e.j.s.ServletContextHandler@76db540e{/static,jar:file:/home/user/.m2/repository/org/apache/hadoop/hadoop-hdds-container-service/0.5.0-SNAPSHOT/hadoop-hdds-container-service-0.5.0-SNAPSHOT.jar!/webapps/static,AVAILABLE}
2019-06-15 09:04:00,369 INFO  handler.ContextHandler (ContextHandler.java:doStart(781)) - Started o.e.j.w.WebAppContext@3a08078c{/,file:///tmp/jetty-0.0.0.0-34781-hddsDatanode-_-any-3271835781319508787.dir/webapp/,AVAILABLE}{/hddsDatanode}
2019-06-15 09:04:00,369 INFO  server.AbstractConnector (AbstractConnector.java:doStart(278)) - Started ServerConnector@53830483{HTTP/1.1,[http/1.1]}{0.0.0.0:34781}
2019-06-15 09:04:00,369 INFO  server.Server (Server.java:doStart(419)) - Started @4282ms
2019-06-15 09:04:00,371 INFO  server.BaseHttpServer (BaseHttpServer.java:updateConnectorAddress(207)) - HTTP server of HDDSDATANODE is listening at http://0.0.0.0:34781
2019-06-15 09:04:01,347 INFO  ozone.HddsDatanodeService (HddsDatanodeService.java:startPlugins(396)) - Started plug-in org.apache.hadoop.ozone.web.OzoneHddsDatanodeService@469a7575
2019-06-15 09:04:01,349 INFO  impl.MetricsSystemImpl (MetricsSystemImpl.java:init(158)) - HddsDatanode metrics system started (again)
2019-06-15 09:04:01,349 INFO  ozone.HddsDatanodeService (HddsDatanodeService.java:start(185)) - HddsDatanodeService host:ozone-unit-076618677d3-f4jks-397892598 ip:192.168.46.58
2019-06-15 09:04:01,362 INFO  util.JvmPauseMonitor (JvmPauseMonitor.java:run(188)) - Starting JVM pause monitor
2019-06-15 09:04:01,372 INFO  volume.HddsVolume (HddsVolume.java:<init>(176)) - Creating Volume: /opt/src/hadoop-ozone/integration-test/target/test-dir/MiniOzoneClusterImpl-0884d3ab-8aeb-4d75-824c-caccd44d9c0f/datanode-1/data/containers/hdds of  storage type : DISK and capacity : 104021790720
2019-06-15 09:04:01,373 INFO  volume.VolumeSet (VolumeSet.java:initializeVolumeSet(170)) - Added Volume : /opt/src/hadoop-ozone/integration-test/target/test-dir/MiniOzoneClusterImpl-0884d3ab-8aeb-4d75-824c-caccd44d9c0f/datanode-1/data/containers/hdds to VolumeSet
2019-06-15 09:04:01,373 INFO  volume.ThrottledAsyncChecker (ThrottledAsyncChecker.java:schedule(140)) - Scheduling a check for org.apache.hadoop.ozone.container.common.volume.HddsVolume@60f77af
2019-06-15 09:04:01,386 INFO  volume.HddsVolumeChecker (HddsVolumeChecker.java:checkAllVolumes(203)) - Scheduled health check for volume org.apache.hadoop.ozone.container.common.volume.HddsVolume@60f77af
2019-06-15 09:04:01,410 INFO  ratis.XceiverServerRatis (XceiverServerRatis.java:newXceiverServerRatis(401)) - Found a free port for the server : 38515
2019-06-15 09:04:01,411 INFO  impl.RaftServerProxy (ConfUtils.java:logGet(43)) - raft.rpc.type = GRPC (default)
2019-06-15 09:04:01,411 INFO  grpc.GrpcConfigKeys$Server (ConfUtils.java:logGet(43)) - raft.grpc.server.port = 38515 (custom)
2019-06-15 09:04:01,411 INFO  server.GrpcService (ConfUtils.java:logGet(43)) - raft.grpc.message.size.max = 33570816 (custom)
2019-06-15 09:04:01,412 INFO  server.RaftServerConfigKeys (ConfUtils.java:logGet(43)) - raft.server.log.appender.buffer.byte-limit = 33554432 (custom)
2019-06-15 09:04:01,412 INFO  server.GrpcService (ConfUtils.java:logGet(43)) - raft.grpc.flow.control.window = 1MB (=1048576) (default)
2019-06-15 09:04:01,412 INFO  server.RaftServerConfigKeys (ConfUtils.java:logGet(43)) - raft.server.rpc.request.timeout = 3000ms (default)
2019-06-15 09:04:01,413 INFO  server.RaftServerConfigKeys (ConfUtils.java:logGet(43)) - raft.server.storage.dir = [/opt/src/hadoop-ozone/integration-test/target/test-dir/MiniOzoneClusterImpl-0884d3ab-8aeb-4d75-824c-caccd44d9c0f/datanode-1/data/ratis] (custom)
2019-06-15 09:04:01,413 INFO  server.XceiverServerGrpc (XceiverServerGrpc.java:<init>(97)) - Found a free port for the server : 40089
2019-06-15 09:04:01,414 INFO  replication.SimpleContainerDownloader (SimpleContainerDownloader.java:<init>(72)) - Starting container downloader service to copy containers to replicate.
2019-06-15 09:04:01,417 INFO  hdfs.DFSUtil (DFSUtil.java:httpServerTemplateForNNAndJN(1641)) - Starting Web-server for hddsDatanode at: http://0.0.0.0:0
2019-06-15 09:04:01,418 INFO  server.AuthenticationFilter (AuthenticationFilter.java:constructSecretProvider(240)) - Unable to initialize FileSignerSecretProvider, falling back to use random secrets.
2019-06-15 09:04:01,429 WARN  http.HttpRequestLog (HttpRequestLog.java:getRequestLog(97)) - Jetty request log can only be enabled using Log4j
2019-06-15 09:04:01,431 INFO  http.HttpServer2 (HttpServer2.java:addGlobalFilter(975)) - Added global filter 'safety' (class=org.apache.hadoop.http.HttpServer2$QuotingInputFilter)
2019-06-15 09:04:01,432 INFO  http.HttpServer2 (HttpServer2.java:addFilter(948)) - Added filter static_user_filter (class=org.apache.hadoop.http.lib.StaticUserWebFilter$StaticUserFilter) to context hddsDatanode
2019-06-15 09:04:01,432 INFO  http.HttpServer2 (HttpServer2.java:addFilter(958)) - Added filter static_user_filter (class=org.apache.hadoop.http.lib.StaticUserWebFilter$StaticUserFilter) to context static
2019-06-15 09:04:01,432 INFO  http.HttpServer2 (HttpServer2.java:addFilter(958)) - Added filter static_user_filter (class=org.apache.hadoop.http.lib.StaticUserWebFilter$StaticUserFilter) to context logs
2019-06-15 09:04:01,433 INFO  http.HttpServer2 (HttpServer2.java:bindListener(1191)) - Jetty bound to port 34279
2019-06-15 09:04:01,433 INFO  server.Server (Server.java:doStart(351)) - jetty-9.3.24.v20180605, build timestamp: 2018-06-05T17:11:56Z, git hash: 84205aa28f11a4f31f2a3b86d1bba2cc8ab69827
2019-06-15 09:04:01,451 INFO  handler.ContextHandler (ContextHandler.java:doStart(781)) - Started o.e.j.s.ServletContextHandler@2ac519dc{/logs,file:///opt/src/hadoop-ozone/integration-test/target/log,AVAILABLE}
2019-06-15 09:04:01,452 INFO  handler.ContextHandler (ContextHandler.java:doStart(781)) - Started o.e.j.s.ServletContextHandler@1de4bee0{/static,jar:file:/home/user/.m2/repository/org/apache/hadoop/hadoop-hdds-container-service/0.5.0-SNAPSHOT/hadoop-hdds-container-service-0.5.0-SNAPSHOT.jar!/webapps/static,AVAILABLE}
2019-06-15 09:04:01,481 INFO  handler.ContextHandler (ContextHandler.java:doStart(781)) - Started o.e.j.w.WebAppContext@648c5fb3{/,file:///tmp/jetty-0.0.0.0-34279-hddsDatanode-_-any-2292705336105033618.dir/webapp/,AVAILABLE}{/hddsDatanode}
2019-06-15 09:04:01,482 INFO  server.AbstractConnector (AbstractConnector.java:doStart(278)) - Started ServerConnector@47b33e07{HTTP/1.1,[http/1.1]}{0.0.0.0:34279}
2019-06-15 09:04:01,483 INFO  server.Server (Server.java:doStart(419)) - Started @5396ms
2019-06-15 09:04:01,486 INFO  server.BaseHttpServer (BaseHttpServer.java:updateConnectorAddress(207)) - HTTP server of HDDSDATANODE is listening at http://0.0.0.0:34279
2019-06-15 09:04:01,507 INFO  datanode.InitDatanodeState (InitDatanodeState.java:persistContainerDatanodeDetails(140)) - DatanodeDetails is persisted to /opt/src/hadoop-ozone/integration-test/target/test-dir/MiniOzoneClusterImpl-0884d3ab-8aeb-4d75-824c-caccd44d9c0f/datanode-0/meta/datanode.id
2019-06-15 09:04:01,642 INFO  ozone.HddsDatanodeService (HddsDatanodeService.java:startPlugins(396)) - Started plug-in org.apache.hadoop.ozone.web.OzoneHddsDatanodeService@59845579
2019-06-15 09:04:01,643 INFO  impl.MetricsSystemImpl (MetricsSystemImpl.java:init(158)) - HddsDatanode metrics system started (again)
2019-06-15 09:04:01,643 INFO  ozone.HddsDatanodeService (HddsDatanodeService.java:start(185)) - HddsDatanodeService host:ozone-unit-076618677d3-f4jks-397892598 ip:192.168.46.58
2019-06-15 09:04:01,650 INFO  util.JvmPauseMonitor (JvmPauseMonitor.java:run(188)) - Starting JVM pause monitor
2019-06-15 09:04:01,661 INFO  volume.HddsVolume (HddsVolume.java:<init>(176)) - Creating Volume: /opt/src/hadoop-ozone/integration-test/target/test-dir/MiniOzoneClusterImpl-0884d3ab-8aeb-4d75-824c-caccd44d9c0f/datanode-2/data/containers/hdds of  storage type : DISK and capacity : 104021790720
2019-06-15 09:04:01,662 INFO  volume.VolumeSet (VolumeSet.java:initializeVolumeSet(170)) - Added Volume : /opt/src/hadoop-ozone/integration-test/target/test-dir/MiniOzoneClusterImpl-0884d3ab-8aeb-4d75-824c-caccd44d9c0f/datanode-2/data/containers/hdds to VolumeSet
2019-06-15 09:04:01,662 INFO  volume.ThrottledAsyncChecker (ThrottledAsyncChecker.java:schedule(140)) - Scheduling a check for org.apache.hadoop.ozone.container.common.volume.HddsVolume@39da5e49
2019-06-15 09:04:01,663 INFO  datanode.InitDatanodeState (InitDatanodeState.java:persistContainerDatanodeDetails(140)) - DatanodeDetails is persisted to /opt/src/hadoop-ozone/integration-test/target/test-dir/MiniOzoneClusterImpl-0884d3ab-8aeb-4d75-824c-caccd44d9c0f/datanode-1/meta/datanode.id
2019-06-15 09:04:01,666 INFO  volume.HddsVolumeChecker (HddsVolumeChecker.java:checkAllVolumes(203)) - Scheduled health check for volume org.apache.hadoop.ozone.container.common.volume.HddsVolume@39da5e49
2019-06-15 09:04:01,682 INFO  ratis.XceiverServerRatis (XceiverServerRatis.java:newXceiverServerRatis(401)) - Found a free port for the server : 38423
2019-06-15 09:04:01,683 INFO  impl.RaftServerProxy (ConfUtils.java:logGet(43)) - raft.rpc.type = GRPC (default)
2019-06-15 09:04:01,684 INFO  grpc.GrpcConfigKeys$Server (ConfUtils.java:logGet(43)) - raft.grpc.server.port = 38423 (custom)
2019-06-15 09:04:01,684 INFO  server.GrpcService (ConfUtils.java:logGet(43)) - raft.grpc.message.size.max = 33570816 (custom)
2019-06-15 09:04:01,684 INFO  server.RaftServerConfigKeys (ConfUtils.java:logGet(43)) - raft.server.log.appender.buffer.byte-limit = 33554432 (custom)
2019-06-15 09:04:01,684 INFO  server.GrpcService (ConfUtils.java:logGet(43)) - raft.grpc.flow.control.window = 1MB (=1048576) (default)
2019-06-15 09:04:01,685 INFO  server.RaftServerConfigKeys (ConfUtils.java:logGet(43)) - raft.server.rpc.request.timeout = 3000ms (default)
2019-06-15 09:04:01,685 INFO  server.RaftServerConfigKeys (ConfUtils.java:logGet(43)) - raft.server.storage.dir = [/opt/src/hadoop-ozone/integration-test/target/test-dir/MiniOzoneClusterImpl-0884d3ab-8aeb-4d75-824c-caccd44d9c0f/datanode-2/data/ratis] (custom)
2019-06-15 09:04:01,686 INFO  server.XceiverServerGrpc (XceiverServerGrpc.java:<init>(97)) - Found a free port for the server : 38249
2019-06-15 09:04:01,686 INFO  replication.SimpleContainerDownloader (SimpleContainerDownloader.java:<init>(72)) - Starting container downloader service to copy containers to replicate.
2019-06-15 09:04:01,688 INFO  hdfs.DFSUtil (DFSUtil.java:httpServerTemplateForNNAndJN(1641)) - Starting Web-server for hddsDatanode at: http://0.0.0.0:0
2019-06-15 09:04:01,689 INFO  server.AuthenticationFilter (AuthenticationFilter.java:constructSecretProvider(240)) - Unable to initialize FileSignerSecretProvider, falling back to use random secrets.
2019-06-15 09:04:01,689 WARN  http.HttpRequestLog (HttpRequestLog.java:getRequestLog(97)) - Jetty request log can only be enabled using Log4j
2019-06-15 09:04:01,691 INFO  http.HttpServer2 (HttpServer2.java:addGlobalFilter(975)) - Added global filter 'safety' (class=org.apache.hadoop.http.HttpServer2$QuotingInputFilter)
2019-06-15 09:04:01,692 INFO  http.HttpServer2 (HttpServer2.java:addFilter(948)) - Added filter static_user_filter (class=org.apache.hadoop.http.lib.StaticUserWebFilter$StaticUserFilter) to context hddsDatanode
2019-06-15 09:04:01,692 INFO  http.HttpServer2 (HttpServer2.java:addFilter(958)) - Added filter static_user_filter (class=org.apache.hadoop.http.lib.StaticUserWebFilter$StaticUserFilter) to context static
2019-06-15 09:04:01,692 INFO  http.HttpServer2 (HttpServer2.java:addFilter(958)) - Added filter static_user_filter (class=org.apache.hadoop.http.lib.StaticUserWebFilter$StaticUserFilter) to context logs
2019-06-15 09:04:01,693 INFO  http.HttpServer2 (HttpServer2.java:bindListener(1191)) - Jetty bound to port 41759
2019-06-15 09:04:01,693 INFO  server.Server (Server.java:doStart(351)) - jetty-9.3.24.v20180605, build timestamp: 2018-06-05T17:11:56Z, git hash: 84205aa28f11a4f31f2a3b86d1bba2cc8ab69827
2019-06-15 09:04:01,699 INFO  handler.ContextHandler (ContextHandler.java:doStart(781)) - Started o.e.j.s.ServletContextHandler@40bf4386{/logs,file:///opt/src/hadoop-ozone/integration-test/target/log,AVAILABLE}
2019-06-15 09:04:01,699 INFO  handler.ContextHandler (ContextHandler.java:doStart(781)) - Started o.e.j.s.ServletContextHandler@51c65a43{/static,jar:file:/home/user/.m2/repository/org/apache/hadoop/hadoop-hdds-container-service/0.5.0-SNAPSHOT/hadoop-hdds-container-service-0.5.0-SNAPSHOT.jar!/webapps/static,AVAILABLE}
2019-06-15 09:04:01,726 INFO  handler.ContextHandler (ContextHandler.java:doStart(781)) - Started o.e.j.w.WebAppContext@541bf968{/,file:///tmp/jetty-0.0.0.0-41759-hddsDatanode-_-any-3638641813245264764.dir/webapp/,AVAILABLE}{/hddsDatanode}
2019-06-15 09:04:01,726 INFO  server.AbstractConnector (AbstractConnector.java:doStart(278)) - Started ServerConnector@739265f1{HTTP/1.1,[http/1.1]}{0.0.0.0:41759}
2019-06-15 09:04:01,727 INFO  server.Server (Server.java:doStart(419)) - Started @5640ms
2019-06-15 09:04:01,728 INFO  server.BaseHttpServer (BaseHttpServer.java:updateConnectorAddress(207)) - HTTP server of HDDSDATANODE is listening at http://0.0.0.0:41759
2019-06-15 09:04:01,872 INFO  ozone.HddsDatanodeService (HddsDatanodeService.java:startPlugins(396)) - Started plug-in org.apache.hadoop.ozone.web.OzoneHddsDatanodeService@6a55594b
2019-06-15 09:04:01,873 INFO  impl.MetricsSystemImpl (MetricsSystemImpl.java:init(158)) - HddsDatanode metrics system started (again)
2019-06-15 09:04:01,873 INFO  ozone.HddsDatanodeService (HddsDatanodeService.java:start(185)) - HddsDatanodeService host:ozone-unit-076618677d3-f4jks-397892598 ip:192.168.46.58
2019-06-15 09:04:01,883 INFO  util.JvmPauseMonitor (JvmPauseMonitor.java:run(188)) - Starting JVM pause monitor
2019-06-15 09:04:01,892 INFO  datanode.InitDatanodeState (InitDatanodeState.java:persistContainerDatanodeDetails(140)) - DatanodeDetails is persisted to /opt/src/hadoop-ozone/integration-test/target/test-dir/MiniOzoneClusterImpl-0884d3ab-8aeb-4d75-824c-caccd44d9c0f/datanode-2/meta/datanode.id
2019-06-15 09:04:01,890 INFO  volume.HddsVolume (HddsVolume.java:<init>(176)) - Creating Volume: /opt/src/hadoop-ozone/integration-test/target/test-dir/MiniOzoneClusterImpl-0884d3ab-8aeb-4d75-824c-caccd44d9c0f/datanode-3/data/containers/hdds of  storage type : DISK and capacity : 104021790720
2019-06-15 09:04:01,894 INFO  volume.VolumeSet (VolumeSet.java:initializeVolumeSet(170)) - Added Volume : /opt/src/hadoop-ozone/integration-test/target/test-dir/MiniOzoneClusterImpl-0884d3ab-8aeb-4d75-824c-caccd44d9c0f/datanode-3/data/containers/hdds to VolumeSet
2019-06-15 09:04:01,894 INFO  volume.ThrottledAsyncChecker (ThrottledAsyncChecker.java:schedule(140)) - Scheduling a check for org.apache.hadoop.ozone.container.common.volume.HddsVolume@25974207
2019-06-15 09:04:01,895 INFO  volume.HddsVolumeChecker (HddsVolumeChecker.java:checkAllVolumes(203)) - Scheduled health check for volume org.apache.hadoop.ozone.container.common.volume.HddsVolume@25974207
2019-06-15 09:04:01,908 INFO  ratis.XceiverServerRatis (XceiverServerRatis.java:newXceiverServerRatis(401)) - Found a free port for the server : 34665
2019-06-15 09:04:01,910 INFO  impl.RaftServerProxy (ConfUtils.java:logGet(43)) - raft.rpc.type = GRPC (default)
2019-06-15 09:04:01,910 INFO  grpc.GrpcConfigKeys$Server (ConfUtils.java:logGet(43)) - raft.grpc.server.port = 34665 (custom)
2019-06-15 09:04:01,910 INFO  server.GrpcService (ConfUtils.java:logGet(43)) - raft.grpc.message.size.max = 33570816 (custom)
2019-06-15 09:04:01,910 INFO  server.RaftServerConfigKeys (ConfUtils.java:logGet(43)) - raft.server.log.appender.buffer.byte-limit = 33554432 (custom)
2019-06-15 09:04:01,911 INFO  server.GrpcService (ConfUtils.java:logGet(43)) - raft.grpc.flow.control.window = 1MB (=1048576) (default)
2019-06-15 09:04:01,911 INFO  server.RaftServerConfigKeys (ConfUtils.java:logGet(43)) - raft.server.rpc.request.timeout = 3000ms (default)
2019-06-15 09:04:01,911 INFO  server.RaftServerConfigKeys (ConfUtils.java:logGet(43)) - raft.server.storage.dir = [/opt/src/hadoop-ozone/integration-test/target/test-dir/MiniOzoneClusterImpl-0884d3ab-8aeb-4d75-824c-caccd44d9c0f/datanode-3/data/ratis] (custom)
2019-06-15 09:04:01,912 INFO  server.XceiverServerGrpc (XceiverServerGrpc.java:<init>(97)) - Found a free port for the server : 38693
2019-06-15 09:04:01,912 INFO  replication.SimpleContainerDownloader (SimpleContainerDownloader.java:<init>(72)) - Starting container downloader service to copy containers to replicate.
2019-06-15 09:04:01,913 INFO  hdfs.DFSUtil (DFSUtil.java:httpServerTemplateForNNAndJN(1641)) - Starting Web-server for hddsDatanode at: http://0.0.0.0:0
2019-06-15 09:04:01,914 INFO  server.AuthenticationFilter (AuthenticationFilter.java:constructSecretProvider(240)) - Unable to initialize FileSignerSecretProvider, falling back to use random secrets.
2019-06-15 09:04:01,918 WARN  http.HttpRequestLog (HttpRequestLog.java:getRequestLog(97)) - Jetty request log can only be enabled using Log4j
2019-06-15 09:04:01,919 INFO  http.HttpServer2 (HttpServer2.java:addGlobalFilter(975)) - Added global filter 'safety' (class=org.apache.hadoop.http.HttpServer2$QuotingInputFilter)
2019-06-15 09:04:01,920 INFO  http.HttpServer2 (HttpServer2.java:addFilter(948)) - Added filter static_user_filter (class=org.apache.hadoop.http.lib.StaticUserWebFilter$StaticUserFilter) to context hddsDatanode
2019-06-15 09:04:01,920 INFO  http.HttpServer2 (HttpServer2.java:addFilter(958)) - Added filter static_user_filter (class=org.apache.hadoop.http.lib.StaticUserWebFilter$StaticUserFilter) to context static
2019-06-15 09:04:01,920 INFO  http.HttpServer2 (HttpServer2.java:addFilter(958)) - Added filter static_user_filter (class=org.apache.hadoop.http.lib.StaticUserWebFilter$StaticUserFilter) to context logs
2019-06-15 09:04:01,921 INFO  http.HttpServer2 (HttpServer2.java:bindListener(1191)) - Jetty bound to port 38461
2019-06-15 09:04:01,921 INFO  server.Server (Server.java:doStart(351)) - jetty-9.3.24.v20180605, build timestamp: 2018-06-05T17:11:56Z, git hash: 84205aa28f11a4f31f2a3b86d1bba2cc8ab69827
2019-06-15 09:04:01,930 INFO  handler.ContextHandler (ContextHandler.java:doStart(781)) - Started o.e.j.s.ServletContextHandler@541afb85{/logs,file:///opt/src/hadoop-ozone/integration-test/target/log,AVAILABLE}
2019-06-15 09:04:01,931 INFO  handler.ContextHandler (ContextHandler.java:doStart(781)) - Started o.e.j.s.ServletContextHandler@7db40fd5{/static,jar:file:/home/user/.m2/repository/org/apache/hadoop/hadoop-hdds-container-service/0.5.0-SNAPSHOT/hadoop-hdds-container-service-0.5.0-SNAPSHOT.jar!/webapps/static,AVAILABLE}
2019-06-15 09:04:01,962 INFO  handler.ContextHandler (ContextHandler.java:doStart(781)) - Started o.e.j.w.WebAppContext@38029686{/,file:///tmp/jetty-0.0.0.0-38461-hddsDatanode-_-any-1980044005952545783.dir/webapp/,AVAILABLE}{/hddsDatanode}
2019-06-15 09:04:01,969 INFO  server.AbstractConnector (AbstractConnector.java:doStart(278)) - Started ServerConnector@7d9c45ee{HTTP/1.1,[http/1.1]}{0.0.0.0:38461}
2019-06-15 09:04:01,970 INFO  server.Server (Server.java:doStart(419)) - Started @5883ms
2019-06-15 09:04:01,971 INFO  server.BaseHttpServer (BaseHttpServer.java:updateConnectorAddress(207)) - HTTP server of HDDSDATANODE is listening at http://0.0.0.0:38461
2019-06-15 09:04:02,111 INFO  ozone.HddsDatanodeService (HddsDatanodeService.java:startPlugins(396)) - Started plug-in org.apache.hadoop.ozone.web.OzoneHddsDatanodeService@2a8dd942
2019-06-15 09:04:02,113 INFO  impl.MetricsSystemImpl (MetricsSystemImpl.java:init(158)) - HddsDatanode metrics system started (again)
2019-06-15 09:04:02,113 INFO  ozone.HddsDatanodeService (HddsDatanodeService.java:start(185)) - HddsDatanodeService host:ozone-unit-076618677d3-f4jks-397892598 ip:192.168.46.58
2019-06-15 09:04:02,136 INFO  util.JvmPauseMonitor (JvmPauseMonitor.java:run(188)) - Starting JVM pause monitor
2019-06-15 09:04:02,138 INFO  datanode.InitDatanodeState (InitDatanodeState.java:persistContainerDatanodeDetails(140)) - DatanodeDetails is persisted to /opt/src/hadoop-ozone/integration-test/target/test-dir/MiniOzoneClusterImpl-0884d3ab-8aeb-4d75-824c-caccd44d9c0f/datanode-3/meta/datanode.id
2019-06-15 09:04:02,144 INFO  volume.HddsVolume (HddsVolume.java:<init>(176)) - Creating Volume: /opt/src/hadoop-ozone/integration-test/target/test-dir/MiniOzoneClusterImpl-0884d3ab-8aeb-4d75-824c-caccd44d9c0f/datanode-4/data/containers/hdds of  storage type : DISK and capacity : 104021790720
2019-06-15 09:04:02,145 INFO  volume.VolumeSet (VolumeSet.java:initializeVolumeSet(170)) - Added Volume : /opt/src/hadoop-ozone/integration-test/target/test-dir/MiniOzoneClusterImpl-0884d3ab-8aeb-4d75-824c-caccd44d9c0f/datanode-4/data/containers/hdds to VolumeSet
2019-06-15 09:04:02,145 INFO  volume.ThrottledAsyncChecker (ThrottledAsyncChecker.java:schedule(140)) - Scheduling a check for org.apache.hadoop.ozone.container.common.volume.HddsVolume@6f38f084
2019-06-15 09:04:02,152 INFO  volume.HddsVolumeChecker (HddsVolumeChecker.java:checkAllVolumes(203)) - Scheduled health check for volume org.apache.hadoop.ozone.container.common.volume.HddsVolume@6f38f084
2019-06-15 09:04:02,166 INFO  ratis.XceiverServerRatis (XceiverServerRatis.java:newXceiverServerRatis(401)) - Found a free port for the server : 45403
2019-06-15 09:04:02,166 INFO  impl.RaftServerProxy (ConfUtils.java:logGet(43)) - raft.rpc.type = GRPC (default)
2019-06-15 09:04:02,167 INFO  grpc.GrpcConfigKeys$Server (ConfUtils.java:logGet(43)) - raft.grpc.server.port = 45403 (custom)
2019-06-15 09:04:02,167 INFO  server.GrpcService (ConfUtils.java:logGet(43)) - raft.grpc.message.size.max = 33570816 (custom)
2019-06-15 09:04:02,167 INFO  server.RaftServerConfigKeys (ConfUtils.java:logGet(43)) - raft.server.log.appender.buffer.byte-limit = 33554432 (custom)
2019-06-15 09:04:02,168 INFO  server.GrpcService (ConfUtils.java:logGet(43)) - raft.grpc.flow.control.window = 1MB (=1048576) (default)
2019-06-15 09:04:02,168 INFO  server.RaftServerConfigKeys (ConfUtils.java:logGet(43)) - raft.server.rpc.request.timeout = 3000ms (default)
2019-06-15 09:04:02,168 INFO  server.RaftServerConfigKeys (ConfUtils.java:logGet(43)) - raft.server.storage.dir = [/opt/src/hadoop-ozone/integration-test/target/test-dir/MiniOzoneClusterImpl-0884d3ab-8aeb-4d75-824c-caccd44d9c0f/datanode-4/data/ratis] (custom)
2019-06-15 09:04:02,170 INFO  server.XceiverServerGrpc (XceiverServerGrpc.java:<init>(97)) - Found a free port for the server : 35367
2019-06-15 09:04:02,170 INFO  replication.SimpleContainerDownloader (SimpleContainerDownloader.java:<init>(72)) - Starting container downloader service to copy containers to replicate.
2019-06-15 09:04:02,171 INFO  hdfs.DFSUtil (DFSUtil.java:httpServerTemplateForNNAndJN(1641)) - Starting Web-server for hddsDatanode at: http://0.0.0.0:0
2019-06-15 09:04:02,172 INFO  server.AuthenticationFilter (AuthenticationFilter.java:constructSecretProvider(240)) - Unable to initialize FileSignerSecretProvider, falling back to use random secrets.
2019-06-15 09:04:02,173 WARN  http.HttpRequestLog (HttpRequestLog.java:getRequestLog(97)) - Jetty request log can only be enabled using Log4j
2019-06-15 09:04:02,174 INFO  http.HttpServer2 (HttpServer2.java:addGlobalFilter(975)) - Added global filter 'safety' (class=org.apache.hadoop.http.HttpServer2$QuotingInputFilter)
2019-06-15 09:04:02,175 INFO  http.HttpServer2 (HttpServer2.java:addFilter(948)) - Added filter static_user_filter (class=org.apache.hadoop.http.lib.StaticUserWebFilter$StaticUserFilter) to context hddsDatanode
2019-06-15 09:04:02,175 INFO  http.HttpServer2 (HttpServer2.java:addFilter(958)) - Added filter static_user_filter (class=org.apache.hadoop.http.lib.StaticUserWebFilter$StaticUserFilter) to context static
2019-06-15 09:04:02,175 INFO  http.HttpServer2 (HttpServer2.java:addFilter(958)) - Added filter static_user_filter (class=org.apache.hadoop.http.lib.StaticUserWebFilter$StaticUserFilter) to context logs
2019-06-15 09:04:02,176 INFO  http.HttpServer2 (HttpServer2.java:bindListener(1191)) - Jetty bound to port 38445
2019-06-15 09:04:02,176 INFO  server.Server (Server.java:doStart(351)) - jetty-9.3.24.v20180605, build timestamp: 2018-06-05T17:11:56Z, git hash: 84205aa28f11a4f31f2a3b86d1bba2cc8ab69827
2019-06-15 09:04:02,187 INFO  handler.ContextHandler (ContextHandler.java:doStart(781)) - Started o.e.j.s.ServletContextHandler@6544899b{/logs,file:///opt/src/hadoop-ozone/integration-test/target/log,AVAILABLE}
2019-06-15 09:04:02,187 INFO  handler.ContextHandler (ContextHandler.java:doStart(781)) - Started o.e.j.s.ServletContextHandler@1bd8afc8{/static,jar:file:/home/user/.m2/repository/org/apache/hadoop/hadoop-hdds-container-service/0.5.0-SNAPSHOT/hadoop-hdds-container-service-0.5.0-SNAPSHOT.jar!/webapps/static,AVAILABLE}
2019-06-15 09:04:02,209 INFO  handler.ContextHandler (ContextHandler.java:doStart(781)) - Started o.e.j.w.WebAppContext@615db358{/,file:///tmp/jetty-0.0.0.0-38445-hddsDatanode-_-any-7638539024502399632.dir/webapp/,AVAILABLE}{/hddsDatanode}
2019-06-15 09:04:02,211 INFO  server.AbstractConnector (AbstractConnector.java:doStart(278)) - Started ServerConnector@2afc081a{HTTP/1.1,[http/1.1]}{0.0.0.0:38445}
2019-06-15 09:04:02,211 INFO  server.Server (Server.java:doStart(419)) - Started @6124ms
2019-06-15 09:04:02,212 INFO  server.BaseHttpServer (BaseHttpServer.java:updateConnectorAddress(207)) - HTTP server of HDDSDATANODE is listening at http://0.0.0.0:38445
2019-06-15 09:04:02,361 INFO  ozone.HddsDatanodeService (HddsDatanodeService.java:startPlugins(396)) - Started plug-in org.apache.hadoop.ozone.web.OzoneHddsDatanodeService@54f6b629
2019-06-15 09:04:02,362 INFO  impl.MetricsSystemImpl (MetricsSystemImpl.java:init(158)) - HddsDatanode metrics system started (again)
2019-06-15 09:04:02,362 INFO  ozone.HddsDatanodeService (HddsDatanodeService.java:start(185)) - HddsDatanodeService host:ozone-unit-076618677d3-f4jks-397892598 ip:192.168.46.58
2019-06-15 09:04:02,392 INFO  util.JvmPauseMonitor (JvmPauseMonitor.java:run(188)) - Starting JVM pause monitor
2019-06-15 09:04:02,413 INFO  volume.HddsVolume (HddsVolume.java:<init>(176)) - Creating Volume: /opt/src/hadoop-ozone/integration-test/target/test-dir/MiniOzoneClusterImpl-0884d3ab-8aeb-4d75-824c-caccd44d9c0f/datanode-5/data/containers/hdds of  storage type : DISK and capacity : 104021790720
2019-06-15 09:04:02,414 INFO  volume.VolumeSet (VolumeSet.java:initializeVolumeSet(170)) - Added Volume : /opt/src/hadoop-ozone/integration-test/target/test-dir/MiniOzoneClusterImpl-0884d3ab-8aeb-4d75-824c-caccd44d9c0f/datanode-5/data/containers/hdds to VolumeSet
2019-06-15 09:04:02,414 INFO  volume.ThrottledAsyncChecker (ThrottledAsyncChecker.java:schedule(140)) - Scheduling a check for org.apache.hadoop.ozone.container.common.volume.HddsVolume@5122e4bf
2019-06-15 09:04:02,415 INFO  datanode.InitDatanodeState (InitDatanodeState.java:persistContainerDatanodeDetails(140)) - DatanodeDetails is persisted to /opt/src/hadoop-ozone/integration-test/target/test-dir/MiniOzoneClusterImpl-0884d3ab-8aeb-4d75-824c-caccd44d9c0f/datanode-4/meta/datanode.id
2019-06-15 09:04:02,422 INFO  volume.HddsVolumeChecker (HddsVolumeChecker.java:checkAllVolumes(203)) - Scheduled health check for volume org.apache.hadoop.ozone.container.common.volume.HddsVolume@5122e4bf
2019-06-15 09:04:02,439 INFO  ratis.XceiverServerRatis (XceiverServerRatis.java:newXceiverServerRatis(401)) - Found a free port for the server : 40939
2019-06-15 09:04:02,440 INFO  impl.RaftServerProxy (ConfUtils.java:logGet(43)) - raft.rpc.type = GRPC (default)
2019-06-15 09:04:02,440 INFO  grpc.GrpcConfigKeys$Server (ConfUtils.java:logGet(43)) - raft.grpc.server.port = 40939 (custom)
2019-06-15 09:04:02,440 INFO  server.GrpcService (ConfUtils.java:logGet(43)) - raft.grpc.message.size.max = 33570816 (custom)
2019-06-15 09:04:02,441 INFO  server.RaftServerConfigKeys (ConfUtils.java:logGet(43)) - raft.server.log.appender.buffer.byte-limit = 33554432 (custom)
2019-06-15 09:04:02,441 INFO  server.GrpcService (ConfUtils.java:logGet(43)) - raft.grpc.flow.control.window = 1MB (=1048576) (default)
2019-06-15 09:04:02,441 INFO  server.RaftServerConfigKeys (ConfUtils.java:logGet(43)) - raft.server.rpc.request.timeout = 3000ms (default)
2019-06-15 09:04:02,442 INFO  server.RaftServerConfigKeys (ConfUtils.java:logGet(43)) - raft.server.storage.dir = [/opt/src/hadoop-ozone/integration-test/target/test-dir/MiniOzoneClusterImpl-0884d3ab-8aeb-4d75-824c-caccd44d9c0f/datanode-5/data/ratis] (custom)
2019-06-15 09:04:02,442 INFO  server.XceiverServerGrpc (XceiverServerGrpc.java:<init>(97)) - Found a free port for the server : 42049
2019-06-15 09:04:02,442 INFO  replication.SimpleContainerDownloader (SimpleContainerDownloader.java:<init>(72)) - Starting container downloader service to copy containers to replicate.
2019-06-15 09:04:02,444 INFO  hdfs.DFSUtil (DFSUtil.java:httpServerTemplateForNNAndJN(1641)) - Starting Web-server for hddsDatanode at: http://0.0.0.0:0
2019-06-15 09:04:02,450 INFO  server.AuthenticationFilter (AuthenticationFilter.java:constructSecretProvider(240)) - Unable to initialize FileSignerSecretProvider, falling back to use random secrets.
2019-06-15 09:04:02,453 WARN  http.HttpRequestLog (HttpRequestLog.java:getRequestLog(97)) - Jetty request log can only be enabled using Log4j
2019-06-15 09:04:02,455 INFO  http.HttpServer2 (HttpServer2.java:addGlobalFilter(975)) - Added global filter 'safety' (class=org.apache.hadoop.http.HttpServer2$QuotingInputFilter)
2019-06-15 09:04:02,456 INFO  http.HttpServer2 (HttpServer2.java:addFilter(948)) - Added filter static_user_filter (class=org.apache.hadoop.http.lib.StaticUserWebFilter$StaticUserFilter) to context hddsDatanode
2019-06-15 09:04:02,456 INFO  http.HttpServer2 (HttpServer2.java:addFilter(958)) - Added filter static_user_filter (class=org.apache.hadoop.http.lib.StaticUserWebFilter$StaticUserFilter) to context static
2019-06-15 09:04:02,456 INFO  http.HttpServer2 (HttpServer2.java:addFilter(958)) - Added filter static_user_filter (class=org.apache.hadoop.http.lib.StaticUserWebFilter$StaticUserFilter) to context logs
2019-06-15 09:04:02,457 INFO  http.HttpServer2 (HttpServer2.java:bindListener(1191)) - Jetty bound to port 41479
2019-06-15 09:04:02,457 INFO  server.Server (Server.java:doStart(351)) - jetty-9.3.24.v20180605, build timestamp: 2018-06-05T17:11:56Z, git hash: 84205aa28f11a4f31f2a3b86d1bba2cc8ab69827
2019-06-15 09:04:02,497 INFO  handler.ContextHandler (ContextHandler.java:doStart(781)) - Started o.e.j.s.ServletContextHandler@2ce524d2{/logs,file:///opt/src/hadoop-ozone/integration-test/target/log,AVAILABLE}
2019-06-15 09:04:02,510 INFO  handler.ContextHandler (ContextHandler.java:doStart(781)) - Started o.e.j.s.ServletContextHandler@e3899fd{/static,jar:file:/home/user/.m2/repository/org/apache/hadoop/hadoop-hdds-container-service/0.5.0-SNAPSHOT/hadoop-hdds-container-service-0.5.0-SNAPSHOT.jar!/webapps/static,AVAILABLE}
2019-06-15 09:04:02,544 INFO  handler.ContextHandler (ContextHandler.java:doStart(781)) - Started o.e.j.w.WebAppContext@1eb85a47{/,file:///tmp/jetty-0.0.0.0-41479-hddsDatanode-_-any-8592829143708620516.dir/webapp/,AVAILABLE}{/hddsDatanode}
2019-06-15 09:04:02,545 INFO  server.AbstractConnector (AbstractConnector.java:doStart(278)) - Started ServerConnector@ca7e37f{HTTP/1.1,[http/1.1]}{0.0.0.0:41479}
2019-06-15 09:04:02,545 INFO  server.Server (Server.java:doStart(419)) - Started @6458ms
2019-06-15 09:04:02,546 INFO  server.BaseHttpServer (BaseHttpServer.java:updateConnectorAddress(207)) - HTTP server of HDDSDATANODE is listening at http://0.0.0.0:41479
2019-06-15 09:04:02,716 INFO  ozone.HddsDatanodeService (HddsDatanodeService.java:startPlugins(396)) - Started plug-in org.apache.hadoop.ozone.web.OzoneHddsDatanodeService@49cc9b2a
2019-06-15 09:04:02,717 INFO  ozone.MiniOzoneClusterImpl (MiniOzoneClusterImpl.java:lambda$waitForClusterToBeReady$0(142)) - Waiting for cluster to be ready. Got 0 of 6 DN Heartbeats.
2019-06-15 09:04:02,719 INFO  util.JvmPauseMonitor (JvmPauseMonitor.java:run(188)) - Starting JVM pause monitor
2019-06-15 09:04:02,721 INFO  datanode.InitDatanodeState (InitDatanodeState.java:persistContainerDatanodeDetails(140)) - DatanodeDetails is persisted to /opt/src/hadoop-ozone/integration-test/target/test-dir/MiniOzoneClusterImpl-0884d3ab-8aeb-4d75-824c-caccd44d9c0f/datanode-5/meta/datanode.id
2019-06-15 09:04:03,401 INFO  ozoneimpl.OzoneContainer (OzoneContainer.java:start(186)) - Attempting to start container services.
2019-06-15 09:04:03,401 INFO  ozoneimpl.OzoneContainer (OzoneContainer.java:startContainerScrub(160)) - Background container scrubber has been disabled by hdds.containerscrub.enabled
2019-06-15 09:04:03,401 INFO  ratis.XceiverServerRatis (XceiverServerRatis.java:start(418)) - Starting XceiverServerRatis 5770aa65-2ed7-4f26-b16b-68c861846249 at port 40997
2019-06-15 09:04:03,454 INFO  impl.RaftServerProxy (RaftServerProxy.java:lambda$start$3(299)) - 5770aa65-2ed7-4f26-b16b-68c861846249: start RPC server
2019-06-15 09:04:03,614 INFO  server.GrpcService (GrpcService.java:startImpl(148)) - 5770aa65-2ed7-4f26-b16b-68c861846249: GrpcService started, listening on 0.0.0.0/0.0.0.0:40997
2019-06-15 09:04:03,655 INFO  ozoneimpl.OzoneContainer (OzoneContainer.java:start(186)) - Attempting to start container services.
2019-06-15 09:04:03,657 INFO  ozoneimpl.OzoneContainer (OzoneContainer.java:startContainerScrub(160)) - Background container scrubber has been disabled by hdds.containerscrub.enabled
2019-06-15 09:04:03,657 INFO  ratis.XceiverServerRatis (XceiverServerRatis.java:start(418)) - Starting XceiverServerRatis 1c5aa3b0-faf1-4dce-a729-5ebc57de4a36 at port 38515
2019-06-15 09:04:03,686 INFO  impl.RaftServerProxy (RaftServerProxy.java:lambda$start$3(299)) - 1c5aa3b0-faf1-4dce-a729-5ebc57de4a36: start RPC server
2019-06-15 09:04:03,689 INFO  server.GrpcService (GrpcService.java:startImpl(148)) - 1c5aa3b0-faf1-4dce-a729-5ebc57de4a36: GrpcService started, listening on 0.0.0.0/0.0.0.0:38515
2019-06-15 09:04:03,717 INFO  ozone.MiniOzoneClusterImpl (MiniOzoneClusterImpl.java:lambda$waitForClusterToBeReady$0(142)) - Waiting for cluster to be ready. Got 0 of 6 DN Heartbeats.
2019-06-15 09:04:03,886 INFO  ozoneimpl.OzoneContainer (OzoneContainer.java:start(186)) - Attempting to start container services.
2019-06-15 09:04:03,887 INFO  ozoneimpl.OzoneContainer (OzoneContainer.java:startContainerScrub(160)) - Background container scrubber has been disabled by hdds.containerscrub.enabled
2019-06-15 09:04:03,887 INFO  ratis.XceiverServerRatis (XceiverServerRatis.java:start(418)) - Starting XceiverServerRatis a5f50c8b-6df7-442e-8e91-a8d53b3d3cee at port 38423
2019-06-15 09:04:03,894 INFO  impl.RaftServerProxy (RaftServerProxy.java:lambda$start$3(299)) - a5f50c8b-6df7-442e-8e91-a8d53b3d3cee: start RPC server
2019-06-15 09:04:03,896 INFO  server.GrpcService (GrpcService.java:startImpl(148)) - a5f50c8b-6df7-442e-8e91-a8d53b3d3cee: GrpcService started, listening on 0.0.0.0/0.0.0.0:38423
2019-06-15 09:04:04,130 INFO  ozoneimpl.OzoneContainer (OzoneContainer.java:start(186)) - Attempting to start container services.
2019-06-15 09:04:04,132 INFO  ozoneimpl.OzoneContainer (OzoneContainer.java:startContainerScrub(160)) - Background container scrubber has been disabled by hdds.containerscrub.enabled
2019-06-15 09:04:04,132 INFO  ratis.XceiverServerRatis (XceiverServerRatis.java:start(418)) - Starting XceiverServerRatis 6c16cd84-2c2d-4cd6-96a0-9d2b31d9b3a5 at port 34665
2019-06-15 09:04:04,139 INFO  impl.RaftServerProxy (RaftServerProxy.java:lambda$start$3(299)) - 6c16cd84-2c2d-4cd6-96a0-9d2b31d9b3a5: start RPC server
2019-06-15 09:04:04,141 INFO  server.GrpcService (GrpcService.java:startImpl(148)) - 6c16cd84-2c2d-4cd6-96a0-9d2b31d9b3a5: GrpcService started, listening on 0.0.0.0/0.0.0.0:34665
2019-06-15 09:04:04,390 INFO  ozoneimpl.OzoneContainer (OzoneContainer.java:start(186)) - Attempting to start container services.
2019-06-15 09:04:04,392 INFO  ozoneimpl.OzoneContainer (OzoneContainer.java:startContainerScrub(160)) - Background container scrubber has been disabled by hdds.containerscrub.enabled
2019-06-15 09:04:04,393 INFO  ratis.XceiverServerRatis (XceiverServerRatis.java:start(418)) - Starting XceiverServerRatis e132ee7e-eabf-4d4d-a2e3-876e3935210e at port 45403
2019-06-15 09:04:04,399 INFO  impl.RaftServerProxy (RaftServerProxy.java:lambda$start$3(299)) - e132ee7e-eabf-4d4d-a2e3-876e3935210e: start RPC server
2019-06-15 09:04:04,402 INFO  server.GrpcService (GrpcService.java:startImpl(148)) - e132ee7e-eabf-4d4d-a2e3-876e3935210e: GrpcService started, listening on 0.0.0.0/0.0.0.0:45403
2019-06-15 09:04:04,718 INFO  ozone.MiniOzoneClusterImpl (MiniOzoneClusterImpl.java:lambda$waitForClusterToBeReady$0(142)) - Waiting for cluster to be ready. Got 0 of 6 DN Heartbeats.
2019-06-15 09:04:04,724 INFO  ozoneimpl.OzoneContainer (OzoneContainer.java:start(186)) - Attempting to start container services.
2019-06-15 09:04:04,726 INFO  ozoneimpl.OzoneContainer (OzoneContainer.java:startContainerScrub(160)) - Background container scrubber has been disabled by hdds.containerscrub.enabled
2019-06-15 09:04:04,726 INFO  ratis.XceiverServerRatis (XceiverServerRatis.java:start(418)) - Starting XceiverServerRatis eda3ab58-4cb6-48c9-9a99-7c87daa9a4b0 at port 40939
2019-06-15 09:04:04,732 INFO  impl.RaftServerProxy (RaftServerProxy.java:lambda$start$3(299)) - eda3ab58-4cb6-48c9-9a99-7c87daa9a4b0: start RPC server
2019-06-15 09:04:04,735 INFO  server.GrpcService (GrpcService.java:startImpl(148)) - eda3ab58-4cb6-48c9-9a99-7c87daa9a4b0: GrpcService started, listening on 0.0.0.0/0.0.0.0:40939
2019-06-15 09:04:05,391 INFO  net.NetworkTopology (NetworkTopologyImpl.java:add(109)) - Added a new node: /default-rack/192.168.46.58
2019-06-15 09:04:05,394 INFO  node.SCMNodeManager (SCMNodeManager.java:register(269)) - Registered Data node : 5770aa65-2ed7-4f26-b16b-68c861846249{ip: 192.168.46.58, host: ozone-unit-076618677d3-f4jks-397892598, networkLocation: /default-rack, certSerialId: null}
2019-06-15 09:04:05,399 INFO  safemode.SCMSafeModeManager (DataNodeSafeModeRule.java:process(71)) - SCM in safe mode. 1 DataNodes registered, 1 required.
2019-06-15 09:04:05,399 INFO  safemode.SCMSafeModeManager (SCMSafeModeManager.java:validateSafeModeExitRules(177)) - ScmSafeModeManager, all rules are successfully validated
2019-06-15 09:04:05,400 INFO  safemode.SCMSafeModeManager (SCMSafeModeManager.java:exitSafeMode(193)) - SCM exiting safe mode.
2019-06-15 09:04:05,652 INFO  node.SCMNodeManager (SCMNodeManager.java:register(269)) - Registered Data node : 1c5aa3b0-faf1-4dce-a729-5ebc57de4a36{ip: 192.168.46.58, host: ozone-unit-076618677d3-f4jks-397892598, networkLocation: /default-rack, certSerialId: null}
2019-06-15 09:04:05,719 INFO  ozone.MiniOzoneClusterImpl (MiniOzoneClusterImpl.java:lambda$waitForClusterToBeReady$0(142)) - Waiting for cluster to be ready. Got 2 of 6 DN Heartbeats.
2019-06-15 09:04:05,800 INFO  impl.RaftServerProxy (RaftServerProxy.java:addNew(89)) - 5770aa65-2ed7-4f26-b16b-68c861846249: addNew group-593CCB747D39:[5770aa65-2ed7-4f26-b16b-68c861846249:192.168.46.58:40997] returns group-593CCB747D39:java.util.concurrent.CompletableFuture@1df3c4a[Not completed]
2019-06-15 09:04:05,805 INFO  impl.RaftServerImpl (RaftServerImpl.java:<init>(91)) - 5770aa65-2ed7-4f26-b16b-68c861846249: new RaftServerImpl for group-593CCB747D39:[5770aa65-2ed7-4f26-b16b-68c861846249:192.168.46.58:40997] with ContainerStateMachine:uninitialized
2019-06-15 09:04:05,806 INFO  server.RaftServerConfigKeys (ConfUtils.java:logGet(43)) - raft.server.rpc.timeout.min = 1s (custom)
2019-06-15 09:04:05,807 INFO  server.RaftServerConfigKeys (ConfUtils.java:logGet(43)) - raft.server.rpc.timeout.max = 1200ms (custom)
2019-06-15 09:04:05,807 INFO  server.RaftServerConfigKeys (ConfUtils.java:logGet(43)) - raft.server.rpcslowness.timeout = 10s (custom)
2019-06-15 09:04:05,807 INFO  server.RaftServerConfigKeys (ConfUtils.java:logGet(43)) - raft.server.log.appender.install.snapshot.enabled = true (default)
2019-06-15 09:04:05,814 INFO  impl.RaftServerImpl (ServerState.java:<init>(101)) - 5770aa65-2ed7-4f26-b16b-68c861846249:group-593CCB747D39 ConfigurationManager, init=-1: [5770aa65-2ed7-4f26-b16b-68c861846249:192.168.46.58:40997], old=null, confs=<EMPTY_MAP>
2019-06-15 09:04:05,814 INFO  server.RaftServerConfigKeys (ConfUtils.java:logGet(43)) - raft.server.storage.dir = [/opt/src/hadoop-ozone/integration-test/target/test-dir/MiniOzoneClusterImpl-0884d3ab-8aeb-4d75-824c-caccd44d9c0f/datanode-0/data/ratis] (custom)
2019-06-15 09:04:05,822 INFO  storage.RaftStorageDirectory (RaftStorageDirectory.java:analyzeStorage(246)) - The storage directory /opt/src/hadoop-ozone/integration-test/target/test-dir/MiniOzoneClusterImpl-0884d3ab-8aeb-4d75-824c-caccd44d9c0f/datanode-0/data/ratis/3a2e14c9-3c43-4f74-bef1-593ccb747d39 does not exist. Creating ...
2019-06-15 09:04:05,954 INFO  storage.RaftStorageDirectory (RaftStorageDirectory.java:tryLock(328)) - Lock on /opt/src/hadoop-ozone/integration-test/target/test-dir/MiniOzoneClusterImpl-0884d3ab-8aeb-4d75-824c-caccd44d9c0f/datanode-0/data/ratis/3a2e14c9-3c43-4f74-bef1-593ccb747d39/in_use.lock acquired by nodename 10004@ozone-unit-076618677d3-f4jks-397892598
2019-06-15 09:04:05,954 INFO  node.SCMNodeManager (SCMNodeManager.java:register(269)) - Registered Data node : a5f50c8b-6df7-442e-8e91-a8d53b3d3cee{ip: 192.168.46.58, host: ozone-unit-076618677d3-f4jks-397892598, networkLocation: /default-rack, certSerialId: null}
2019-06-15 09:04:05,958 INFO  storage.RaftStorage (RaftStorage.java:format(75)) - Storage directory /opt/src/hadoop-ozone/integration-test/target/test-dir/MiniOzoneClusterImpl-0884d3ab-8aeb-4d75-824c-caccd44d9c0f/datanode-0/data/ratis/3a2e14c9-3c43-4f74-bef1-593ccb747d39 has been successfully formatted.
2019-06-15 09:04:05,960 INFO  ratis.ContainerStateMachine (ContainerStateMachine.java:loadSnapshot(199)) - The snapshot info is null.Setting the last applied index to:(t:0, i:~)
2019-06-15 09:04:05,960 INFO  server.RaftServerConfigKeys (ConfUtils.java:logGet(43)) - raft.server.leader.election.timeout = 10s (custom)
2019-06-15 09:04:05,962 INFO  server.RaftServerConfigKeys (ConfUtils.java:logGet(43)) - raft.server.log.use.memory = false (default)
2019-06-15 09:04:05,964 INFO  server.RaftServerConfigKeys (ConfUtils.java:logGet(43)) - raft.server.log.appender.buffer.byte-limit = 33554432 (custom)
2019-06-15 09:04:05,967 INFO  server.RaftServerConfigKeys (ConfUtils.java:logGet(43)) - raft.server.log.segment.size.max = 16384 (custom)
2019-06-15 09:04:05,970 INFO  server.RaftServerConfigKeys (ConfUtils.java:logGet(43)) - raft.server.log.segment.cache.num.max = 2 (custom)
2019-06-15 09:04:05,973 INFO  storage.RaftLogWorker (RaftLogWorker.java:<init>(123)) - new 5770aa65-2ed7-4f26-b16b-68c861846249-RaftLogWorker for Storage Directory /opt/src/hadoop-ozone/integration-test/target/test-dir/MiniOzoneClusterImpl-0884d3ab-8aeb-4d75-824c-caccd44d9c0f/datanode-0/data/ratis/3a2e14c9-3c43-4f74-bef1-593ccb747d39
2019-06-15 09:04:05,974 INFO  server.RaftServerConfigKeys (ConfUtils.java:logGet(43)) - raft.server.log.queue.byte-limit = 2147483647 (custom)
2019-06-15 09:04:05,974 INFO  server.RaftServerConfigKeys (ConfUtils.java:logGet(43)) - raft.server.log.queue.element-limit = 1024 (custom)
2019-06-15 09:04:05,976 INFO  server.RaftServerConfigKeys (ConfUtils.java:logGet(43)) - raft.server.log.segment.size.max = 16384 (custom)
2019-06-15 09:04:05,977 INFO  server.RaftServerConfigKeys (ConfUtils.java:logGet(43)) - raft.server.log.preallocated.size = 16384 (custom)
2019-06-15 09:04:05,977 INFO  server.RaftServerConfigKeys (ConfUtils.java:logGet(43)) - raft.server.log.write.buffer.size = 33554432 (custom)
2019-06-15 09:04:05,977 INFO  server.RaftServerConfigKeys (ConfUtils.java:logGet(43)) - raft.server.log.force.sync.num = 128 (default)
2019-06-15 09:04:05,978 INFO  server.RaftServerConfigKeys (ConfUtils.java:logGet(43)) - raft.server.log.statemachine.data.sync = true (default)
2019-06-15 09:04:05,978 INFO  server.RaftServerConfigKeys (ConfUtils.java:logGet(43)) - raft.server.log.statemachine.data.sync.timeout = 10s (default)
2019-06-15 09:04:05,979 INFO  server.RaftServerConfigKeys (ConfUtils.java:logGet(43)) - raft.server.log.statemachine.data.sync.timeout.retry = -1 (default)
2019-06-15 09:04:05,982 INFO  server.RaftServerConfigKeys (ConfUtils.java:logGet(43)) - raft.server.log.statemachine.data.caching.enabled = true (custom)
2019-06-15 09:04:05,987 INFO  server.RaftServerConfigKeys (ConfUtils.java:logGet(43)) - raft.server.snapshot.auto.trigger.enabled = true (custom)
2019-06-15 09:04:05,988 INFO  server.RaftServerConfigKeys (ConfUtils.java:logGet(43)) - raft.server.snapshot.auto.trigger.threshold = 10000 (custom)
2019-06-15 09:04:05,988 INFO  server.RaftServerConfigKeys (ConfUtils.java:logGet(43)) - raft.server.retrycache.expirytime = 600000ms (custom)
2019-06-15 09:04:06,007 INFO  impl.RaftServerImpl (RaftServerImpl.java:start(173)) - 5770aa65-2ed7-4f26-b16b-68c861846249: start group-593CCB747D39
2019-06-15 09:04:06,008 INFO  impl.RaftServerImpl (RaftServerImpl.java:setRole(164)) - 5770aa65-2ed7-4f26-b16b-68c861846249:group-593CCB747D39 changes role from null to FOLLOWER at term 0 for startAsFollower
2019-06-15 09:04:06,009 INFO  impl.RoleInfo (RoleInfo.java:updateAndGet(143)) - 5770aa65-2ed7-4f26-b16b-68c861846249: start FollowerState
2019-06-15 09:04:06,012 INFO  util.JmxRegister (JmxRegister.java:tryRegister(44)) - Successfully registered JMX Bean with object name Ratis:service=RaftServer,group=group-593CCB747D39,id=5770aa65-2ed7-4f26-b16b-68c861846249
2019-06-15 09:04:06,065 INFO  pipeline.PipelineStateManager (PipelineStateManager.java:addPipeline(56)) - Created pipeline Pipeline[ Id: 3a2e14c9-3c43-4f74-bef1-593ccb747d39, Nodes: 5770aa65-2ed7-4f26-b16b-68c861846249{ip: 192.168.46.58, host: ozone-unit-076618677d3-f4jks-397892598, networkLocation: /default-rack, certSerialId: null}, Type:RATIS, Factor:ONE, State:OPEN]
2019-06-15 09:04:06,089 INFO  impl.RaftServerProxy (RaftServerProxy.java:addNew(89)) - a5f50c8b-6df7-442e-8e91-a8d53b3d3cee: addNew group-C0DBEBAF6506:[a5f50c8b-6df7-442e-8e91-a8d53b3d3cee:192.168.46.58:38423] returns group-C0DBEBAF6506:java.util.concurrent.CompletableFuture@2f03b0a[Not completed]
2019-06-15 09:04:06,090 INFO  impl.RaftServerImpl (RaftServerImpl.java:<init>(91)) - a5f50c8b-6df7-442e-8e91-a8d53b3d3cee: new RaftServerImpl for group-C0DBEBAF6506:[a5f50c8b-6df7-442e-8e91-a8d53b3d3cee:192.168.46.58:38423] with ContainerStateMachine:uninitialized
2019-06-15 09:04:06,091 INFO  server.RaftServerConfigKeys (ConfUtils.java:logGet(43)) - raft.server.rpc.timeout.min = 1s (custom)
2019-06-15 09:04:06,091 INFO  server.RaftServerConfigKeys (ConfUtils.java:logGet(43)) - raft.server.rpc.timeout.max = 1200ms (custom)
2019-06-15 09:04:06,091 INFO  server.RaftServerConfigKeys (ConfUtils.java:logGet(43)) - raft.server.rpcslowness.timeout = 10s (custom)
2019-06-15 09:04:06,091 INFO  server.RaftServerConfigKeys (ConfUtils.java:logGet(43)) - raft.server.log.appender.install.snapshot.enabled = true (default)
2019-06-15 09:04:06,091 INFO  impl.RaftServerImpl (ServerState.java:<init>(101)) - a5f50c8b-6df7-442e-8e91-a8d53b3d3cee:group-C0DBEBAF6506 ConfigurationManager, init=-1: [a5f50c8b-6df7-442e-8e91-a8d53b3d3cee:192.168.46.58:38423], old=null, confs=<EMPTY_MAP>
2019-06-15 09:04:06,092 INFO  server.RaftServerConfigKeys (ConfUtils.java:logGet(43)) - raft.server.storage.dir = [/opt/src/hadoop-ozone/integration-test/target/test-dir/MiniOzoneClusterImpl-0884d3ab-8aeb-4d75-824c-caccd44d9c0f/datanode-2/data/ratis] (custom)
2019-06-15 09:04:06,092 INFO  storage.RaftStorageDirectory (RaftStorageDirectory.java:analyzeStorage(246)) - The storage directory /opt/src/hadoop-ozone/integration-test/target/test-dir/MiniOzoneClusterImpl-0884d3ab-8aeb-4d75-824c-caccd44d9c0f/datanode-2/data/ratis/b061ce6e-1c0b-4024-a940-c0dbebaf6506 does not exist. Creating ...
2019-06-15 09:04:06,095 INFO  storage.RaftStorageDirectory (RaftStorageDirectory.java:tryLock(328)) - Lock on /opt/src/hadoop-ozone/integration-test/target/test-dir/MiniOzoneClusterImpl-0884d3ab-8aeb-4d75-824c-caccd44d9c0f/datanode-2/data/ratis/b061ce6e-1c0b-4024-a940-c0dbebaf6506/in_use.lock acquired by nodename 10004@ozone-unit-076618677d3-f4jks-397892598
2019-06-15 09:04:06,097 INFO  storage.RaftStorage (RaftStorage.java:format(75)) - Storage directory /opt/src/hadoop-ozone/integration-test/target/test-dir/MiniOzoneClusterImpl-0884d3ab-8aeb-4d75-824c-caccd44d9c0f/datanode-2/data/ratis/b061ce6e-1c0b-4024-a940-c0dbebaf6506 has been successfully formatted.
2019-06-15 09:04:06,098 INFO  ratis.ContainerStateMachine (ContainerStateMachine.java:loadSnapshot(199)) - The snapshot info is null.Setting the last applied index to:(t:0, i:~)
2019-06-15 09:04:06,099 INFO  server.RaftServerConfigKeys (ConfUtils.java:logGet(43)) - raft.server.leader.election.timeout = 10s (custom)
2019-06-15 09:04:06,099 INFO  server.RaftServerConfigKeys (ConfUtils.java:logGet(43)) - raft.server.log.use.memory = false (default)
2019-06-15 09:04:06,100 INFO  server.RaftServerConfigKeys (ConfUtils.java:logGet(43)) - raft.server.log.appender.buffer.byte-limit = 33554432 (custom)
2019-06-15 09:04:06,100 INFO  server.RaftServerConfigKeys (ConfUtils.java:logGet(43)) - raft.server.log.segment.size.max = 16384 (custom)
2019-06-15 09:04:06,100 INFO  server.RaftServerConfigKeys (ConfUtils.java:logGet(43)) - raft.server.log.segment.cache.num.max = 2 (custom)
2019-06-15 09:04:06,100 INFO  storage.RaftLogWorker (RaftLogWorker.java:<init>(123)) - new a5f50c8b-6df7-442e-8e91-a8d53b3d3cee-RaftLogWorker for Storage Directory /opt/src/hadoop-ozone/integration-test/target/test-dir/MiniOzoneClusterImpl-0884d3ab-8aeb-4d75-824c-caccd44d9c0f/datanode-2/data/ratis/b061ce6e-1c0b-4024-a940-c0dbebaf6506
2019-06-15 09:04:06,101 INFO  server.RaftServerConfigKeys (ConfUtils.java:logGet(43)) - raft.server.log.queue.byte-limit = 2147483647 (custom)
2019-06-15 09:04:06,101 INFO  server.RaftServerConfigKeys (ConfUtils.java:logGet(43)) - raft.server.log.queue.element-limit = 1024 (custom)
2019-06-15 09:04:06,101 INFO  server.RaftServerConfigKeys (ConfUtils.java:logGet(43)) - raft.server.log.segment.size.max = 16384 (custom)
2019-06-15 09:04:06,101 INFO  server.RaftServerConfigKeys (ConfUtils.java:logGet(43)) - raft.server.log.preallocated.size = 16384 (custom)
2019-06-15 09:04:06,101 INFO  server.RaftServerConfigKeys (ConfUtils.java:logGet(43)) - raft.server.log.write.buffer.size = 33554432 (custom)
2019-06-15 09:04:06,101 INFO  server.RaftServerConfigKeys (ConfUtils.java:logGet(43)) - raft.server.log.force.sync.num = 128 (default)
2019-06-15 09:04:06,102 INFO  server.RaftServerConfigKeys (ConfUtils.java:logGet(43)) - raft.server.log.statemachine.data.sync = true (default)
2019-06-15 09:04:06,102 INFO  server.RaftServerConfigKeys (ConfUtils.java:logGet(43)) - raft.server.log.statemachine.data.sync.timeout = 10s (default)
2019-06-15 09:04:06,102 INFO  server.RaftServerConfigKeys (ConfUtils.java:logGet(43)) - raft.server.log.statemachine.data.sync.timeout.retry = -1 (default)
2019-06-15 09:04:06,102 INFO  server.RaftServerConfigKeys (ConfUtils.java:logGet(43)) - raft.server.log.statemachine.data.caching.enabled = true (custom)
2019-06-15 09:04:06,102 INFO  server.RaftServerConfigKeys (ConfUtils.java:logGet(43)) - raft.server.snapshot.auto.trigger.enabled = true (custom)
2019-06-15 09:04:06,102 INFO  server.RaftServerConfigKeys (ConfUtils.java:logGet(43)) - raft.server.snapshot.auto.trigger.threshold = 10000 (custom)
2019-06-15 09:04:06,103 INFO  server.RaftServerConfigKeys (ConfUtils.java:logGet(43)) - raft.server.retrycache.expirytime = 600000ms (custom)
2019-06-15 09:04:06,103 INFO  impl.RaftServerImpl (RaftServerImpl.java:start(173)) - a5f50c8b-6df7-442e-8e91-a8d53b3d3cee: start group-C0DBEBAF6506
2019-06-15 09:04:06,103 INFO  impl.RaftServerImpl (RaftServerImpl.java:setRole(164)) - a5f50c8b-6df7-442e-8e91-a8d53b3d3cee:group-C0DBEBAF6506 changes role from null to FOLLOWER at term 0 for startAsFollower
2019-06-15 09:04:06,103 INFO  impl.RoleInfo (RoleInfo.java:updateAndGet(143)) - a5f50c8b-6df7-442e-8e91-a8d53b3d3cee: start FollowerState
2019-06-15 09:04:06,104 INFO  util.JmxRegister (JmxRegister.java:tryRegister(44)) - Successfully registered JMX Bean with object name Ratis:service=RaftServer,group=group-C0DBEBAF6506,id=a5f50c8b-6df7-442e-8e91-a8d53b3d3cee
2019-06-15 09:04:06,116 INFO  pipeline.PipelineStateManager (PipelineStateManager.java:addPipeline(56)) - Created pipeline Pipeline[ Id: b061ce6e-1c0b-4024-a940-c0dbebaf6506, Nodes: a5f50c8b-6df7-442e-8e91-a8d53b3d3cee{ip: 192.168.46.58, host: ozone-unit-076618677d3-f4jks-397892598, networkLocation: /default-rack, certSerialId: null}, Type:RATIS, Factor:ONE, State:OPEN]
2019-06-15 09:04:06,130 INFO  impl.RaftServerProxy (RaftServerProxy.java:addNew(89)) - 1c5aa3b0-faf1-4dce-a729-5ebc57de4a36: addNew group-F509E5AB4461:[1c5aa3b0-faf1-4dce-a729-5ebc57de4a36:192.168.46.58:38515] returns group-F509E5AB4461:java.util.concurrent.CompletableFuture@7419a5b2[Not completed]
2019-06-15 09:04:06,132 INFO  node.SCMNodeManager (SCMNodeManager.java:register(269)) - Registered Data node : 6c16cd84-2c2d-4cd6-96a0-9d2b31d9b3a5{ip: 192.168.46.58, host: ozone-unit-076618677d3-f4jks-397892598, networkLocation: /default-rack, certSerialId: null}
2019-06-15 09:04:06,165 INFO  impl.RaftServerImpl (RaftServerImpl.java:<init>(91)) - 1c5aa3b0-faf1-4dce-a729-5ebc57de4a36: new RaftServerImpl for group-F509E5AB4461:[1c5aa3b0-faf1-4dce-a729-5ebc57de4a36:192.168.46.58:38515] with ContainerStateMachine:uninitialized
2019-06-15 09:04:06,166 INFO  server.RaftServerConfigKeys (ConfUtils.java:logGet(43)) - raft.server.rpc.timeout.min = 1s (custom)
2019-06-15 09:04:06,166 INFO  server.RaftServerConfigKeys (ConfUtils.java:logGet(43)) - raft.server.rpc.timeout.max = 1200ms (custom)
2019-06-15 09:04:06,166 INFO  server.RaftServerConfigKeys (ConfUtils.java:logGet(43)) - raft.server.rpcslowness.timeout = 10s (custom)
2019-06-15 09:04:06,166 INFO  server.RaftServerConfigKeys (ConfUtils.java:logGet(43)) - raft.server.log.appender.install.snapshot.enabled = true (default)
2019-06-15 09:04:06,166 INFO  impl.RaftServerImpl (ServerState.java:<init>(101)) - 1c5aa3b0-faf1-4dce-a729-5ebc57de4a36:group-F509E5AB4461 ConfigurationManager, init=-1: [1c5aa3b0-faf1-4dce-a729-5ebc57de4a36:192.168.46.58:38515], old=null, confs=<EMPTY_MAP>
2019-06-15 09:04:06,166 INFO  server.RaftServerConfigKeys (ConfUtils.java:logGet(43)) - raft.server.storage.dir = [/opt/src/hadoop-ozone/integration-test/target/test-dir/MiniOzoneClusterImpl-0884d3ab-8aeb-4d75-824c-caccd44d9c0f/datanode-1/data/ratis] (custom)
2019-06-15 09:04:06,167 INFO  storage.RaftStorageDirectory (RaftStorageDirectory.java:analyzeStorage(246)) - The storage directory /opt/src/hadoop-ozone/integration-test/target/test-dir/MiniOzoneClusterImpl-0884d3ab-8aeb-4d75-824c-caccd44d9c0f/datanode-1/data/ratis/f21e2d5a-de9b-42cd-9202-f509e5ab4461 does not exist. Creating ...
2019-06-15 09:04:06,169 INFO  storage.RaftStorageDirectory (RaftStorageDirectory.java:tryLock(328)) - Lock on /opt/src/hadoop-ozone/integration-test/target/test-dir/MiniOzoneClusterImpl-0884d3ab-8aeb-4d75-824c-caccd44d9c0f/datanode-1/data/ratis/f21e2d5a-de9b-42cd-9202-f509e5ab4461/in_use.lock acquired by nodename 10004@ozone-unit-076618677d3-f4jks-397892598
2019-06-15 09:04:06,171 INFO  storage.RaftStorage (RaftStorage.java:format(75)) - Storage directory /opt/src/hadoop-ozone/integration-test/target/test-dir/MiniOzoneClusterImpl-0884d3ab-8aeb-4d75-824c-caccd44d9c0f/datanode-1/data/ratis/f21e2d5a-de9b-42cd-9202-f509e5ab4461 has been successfully formatted.
2019-06-15 09:04:06,171 INFO  ratis.ContainerStateMachine (ContainerStateMachine.java:loadSnapshot(199)) - The snapshot info is null.Setting the last applied index to:(t:0, i:~)
2019-06-15 09:04:06,171 INFO  server.RaftServerConfigKeys (ConfUtils.java:logGet(43)) - raft.server.leader.election.timeout = 10s (custom)
2019-06-15 09:04:06,171 INFO  server.RaftServerConfigKeys (ConfUtils.java:logGet(43)) - raft.server.log.use.memory = false (default)
2019-06-15 09:04:06,172 INFO  server.RaftServerConfigKeys (ConfUtils.java:logGet(43)) - raft.server.log.appender.buffer.byte-limit = 33554432 (custom)
2019-06-15 09:04:06,172 INFO  server.RaftServerConfigKeys (ConfUtils.java:logGet(43)) - raft.server.log.segment.size.max = 16384 (custom)
2019-06-15 09:04:06,172 INFO  server.RaftServerConfigKeys (ConfUtils.java:logGet(43)) - raft.server.log.segment.cache.num.max = 2 (custom)
2019-06-15 09:04:06,172 INFO  storage.RaftLogWorker (RaftLogWorker.java:<init>(123)) - new 1c5aa3b0-faf1-4dce-a729-5ebc57de4a36-RaftLogWorker for Storage Directory /opt/src/hadoop-ozone/integration-test/target/test-dir/MiniOzoneClusterImpl-0884d3ab-8aeb-4d75-824c-caccd44d9c0f/datanode-1/data/ratis/f21e2d5a-de9b-42cd-9202-f509e5ab4461
2019-06-15 09:04:06,172 INFO  server.RaftServerConfigKeys (ConfUtils.java:logGet(43)) - raft.server.log.queue.byte-limit = 2147483647 (custom)
2019-06-15 09:04:06,172 INFO  server.RaftServerConfigKeys (ConfUtils.java:logGet(43)) - raft.server.log.queue.element-limit = 1024 (custom)
2019-06-15 09:04:06,172 INFO  server.RaftServerConfigKeys (ConfUtils.java:logGet(43)) - raft.server.log.segment.size.max = 16384 (custom)
2019-06-15 09:04:06,172 INFO  server.RaftServerConfigKeys (ConfUtils.java:logGet(43)) - raft.server.log.preallocated.size = 16384 (custom)
2019-06-15 09:04:06,172 INFO  server.RaftServerConfigKeys (ConfUtils.java:logGet(43)) - raft.server.log.write.buffer.size = 33554432 (custom)
2019-06-15 09:04:06,172 INFO  server.RaftServerConfigKeys (ConfUtils.java:logGet(43)) - raft.server.log.force.sync.num = 128 (default)
2019-06-15 09:04:06,173 INFO  server.RaftServerConfigKeys (ConfUtils.java:logGet(43)) - raft.server.log.statemachine.data.sync = true (default)
2019-06-15 09:04:06,173 INFO  server.RaftServerConfigKeys (ConfUtils.java:logGet(43)) - raft.server.log.statemachine.data.sync.timeout = 10s (default)
2019-06-15 09:04:06,173 INFO  server.RaftServerConfigKeys (ConfUtils.java:logGet(43)) - raft.server.log.statemachine.data.sync.timeout.retry = -1 (default)
2019-06-15 09:04:06,173 INFO  server.RaftServerConfigKeys (ConfUtils.java:logGet(43)) - raft.server.log.statemachine.data.caching.enabled = true (custom)
2019-06-15 09:04:06,173 INFO  server.RaftServerConfigKeys (ConfUtils.java:logGet(43)) - raft.server.snapshot.auto.trigger.enabled = true (custom)
2019-06-15 09:04:06,173 INFO  server.RaftServerConfigKeys (ConfUtils.java:logGet(43)) - raft.server.snapshot.auto.trigger.threshold = 10000 (custom)
2019-06-15 09:04:06,173 INFO  server.RaftServerConfigKeys (ConfUtils.java:logGet(43)) - raft.server.retrycache.expirytime = 600000ms (custom)
2019-06-15 09:04:06,174 INFO  impl.RaftServerImpl (RaftServerImpl.java:start(173)) - 1c5aa3b0-faf1-4dce-a729-5ebc57de4a36: start group-F509E5AB4461
2019-06-15 09:04:06,174 INFO  impl.RaftServerImpl (RaftServerImpl.java:setRole(164)) - 1c5aa3b0-faf1-4dce-a729-5ebc57de4a36:group-F509E5AB4461 changes role from null to FOLLOWER at term 0 for startAsFollower
2019-06-15 09:04:06,174 INFO  impl.RoleInfo (RoleInfo.java:updateAndGet(143)) - 1c5aa3b0-faf1-4dce-a729-5ebc57de4a36: start FollowerState
2019-06-15 09:04:06,174 INFO  util.JmxRegister (JmxRegister.java:tryRegister(44)) - Successfully registered JMX Bean with object name Ratis:service=RaftServer,group=group-F509E5AB4461,id=1c5aa3b0-faf1-4dce-a729-5ebc57de4a36
2019-06-15 09:04:06,183 INFO  pipeline.PipelineStateManager (PipelineStateManager.java:addPipeline(56)) - Created pipeline Pipeline[ Id: f21e2d5a-de9b-42cd-9202-f509e5ab4461, Nodes: 1c5aa3b0-faf1-4dce-a729-5ebc57de4a36{ip: 192.168.46.58, host: ozone-unit-076618677d3-f4jks-397892598, networkLocation: /default-rack, certSerialId: null}, Type:RATIS, Factor:ONE, State:OPEN]
2019-06-15 09:04:06,200 INFO  impl.RaftServerProxy (RaftServerProxy.java:addNew(89)) - 6c16cd84-2c2d-4cd6-96a0-9d2b31d9b3a5: addNew group-4A48859FF458:[6c16cd84-2c2d-4cd6-96a0-9d2b31d9b3a5:192.168.46.58:34665] returns group-4A48859FF458:java.util.concurrent.CompletableFuture@c80964c[Not completed]
2019-06-15 09:04:06,208 INFO  impl.RaftServerImpl (RaftServerImpl.java:<init>(91)) - 6c16cd84-2c2d-4cd6-96a0-9d2b31d9b3a5: new RaftServerImpl for group-4A48859FF458:[6c16cd84-2c2d-4cd6-96a0-9d2b31d9b3a5:192.168.46.58:34665] with ContainerStateMachine:uninitialized
2019-06-15 09:04:06,208 INFO  server.RaftServerConfigKeys (ConfUtils.java:logGet(43)) - raft.server.rpc.timeout.min = 1s (custom)
2019-06-15 09:04:06,208 INFO  server.RaftServerConfigKeys (ConfUtils.java:logGet(43)) - raft.server.rpc.timeout.max = 1200ms (custom)
2019-06-15 09:04:06,209 INFO  server.RaftServerConfigKeys (ConfUtils.java:logGet(43)) - raft.server.rpcslowness.timeout = 10s (custom)
2019-06-15 09:04:06,209 INFO  server.RaftServerConfigKeys (ConfUtils.java:logGet(43)) - raft.server.log.appender.install.snapshot.enabled = true (default)
2019-06-15 09:04:06,209 INFO  impl.RaftServerImpl (ServerState.java:<init>(101)) - 6c16cd84-2c2d-4cd6-96a0-9d2b31d9b3a5:group-4A48859FF458 ConfigurationManager, init=-1: [6c16cd84-2c2d-4cd6-96a0-9d2b31d9b3a5:192.168.46.58:34665], old=null, confs=<EMPTY_MAP>
2019-06-15 09:04:06,209 INFO  server.RaftServerConfigKeys (ConfUtils.java:logGet(43)) - raft.server.storage.dir = [/opt/src/hadoop-ozone/integration-test/target/test-dir/MiniOzoneClusterImpl-0884d3ab-8aeb-4d75-824c-caccd44d9c0f/datanode-3/data/ratis] (custom)
2019-06-15 09:04:06,209 INFO  storage.RaftStorageDirectory (RaftStorageDirectory.java:analyzeStorage(246)) - The storage directory /opt/src/hadoop-ozone/integration-test/target/test-dir/MiniOzoneClusterImpl-0884d3ab-8aeb-4d75-824c-caccd44d9c0f/datanode-3/data/ratis/ffa62863-2238-4fb3-a498-4a48859ff458 does not exist. Creating ...
2019-06-15 09:04:06,211 INFO  storage.RaftStorageDirectory (RaftStorageDirectory.java:tryLock(328)) - Lock on /opt/src/hadoop-ozone/integration-test/target/test-dir/MiniOzoneClusterImpl-0884d3ab-8aeb-4d75-824c-caccd44d9c0f/datanode-3/data/ratis/ffa62863-2238-4fb3-a498-4a48859ff458/in_use.lock acquired by nodename 10004@ozone-unit-076618677d3-f4jks-397892598
2019-06-15 09:04:06,213 INFO  storage.RaftStorage (RaftStorage.java:format(75)) - Storage directory /opt/src/hadoop-ozone/integration-test/target/test-dir/MiniOzoneClusterImpl-0884d3ab-8aeb-4d75-824c-caccd44d9c0f/datanode-3/data/ratis/ffa62863-2238-4fb3-a498-4a48859ff458 has been successfully formatted.
2019-06-15 09:04:06,214 INFO  ratis.ContainerStateMachine (ContainerStateMachine.java:loadSnapshot(199)) - The snapshot info is null.Setting the last applied index to:(t:0, i:~)
2019-06-15 09:04:06,214 INFO  server.RaftServerConfigKeys (ConfUtils.java:logGet(43)) - raft.server.leader.election.timeout = 10s (custom)
2019-06-15 09:04:06,214 INFO  server.RaftServerConfigKeys (ConfUtils.java:logGet(43)) - raft.server.log.use.memory = false (default)
2019-06-15 09:04:06,214 INFO  server.RaftServerConfigKeys (ConfUtils.java:logGet(43)) - raft.server.log.appender.buffer.byte-limit = 33554432 (custom)
2019-06-15 09:04:06,214 INFO  server.RaftServerConfigKeys (ConfUtils.java:logGet(43)) - raft.server.log.segment.size.max = 16384 (custom)
2019-06-15 09:04:06,214 INFO  server.RaftServerConfigKeys (ConfUtils.java:logGet(43)) - raft.server.log.segment.cache.num.max = 2 (custom)
2019-06-15 09:04:06,214 INFO  storage.RaftLogWorker (RaftLogWorker.java:<init>(123)) - new 6c16cd84-2c2d-4cd6-96a0-9d2b31d9b3a5-RaftLogWorker for Storage Directory /opt/src/hadoop-ozone/integration-test/target/test-dir/MiniOzoneClusterImpl-0884d3ab-8aeb-4d75-824c-caccd44d9c0f/datanode-3/data/ratis/ffa62863-2238-4fb3-a498-4a48859ff458
2019-06-15 09:04:06,214 INFO  server.RaftServerConfigKeys (ConfUtils.java:logGet(43)) - raft.server.log.queue.byte-limit = 2147483647 (custom)
2019-06-15 09:04:06,215 INFO  server.RaftServerConfigKeys (ConfUtils.java:logGet(43)) - raft.server.log.queue.element-limit = 1024 (custom)
2019-06-15 09:04:06,215 INFO  server.RaftServerConfigKeys (ConfUtils.java:logGet(43)) - raft.server.log.segment.size.max = 16384 (custom)
2019-06-15 09:04:06,215 INFO  server.RaftServerConfigKeys (ConfUtils.java:logGet(43)) - raft.server.log.preallocated.size = 16384 (custom)
2019-06-15 09:04:06,215 INFO  server.RaftServerConfigKeys (ConfUtils.java:logGet(43)) - raft.server.log.write.buffer.size = 33554432 (custom)
2019-06-15 09:04:06,215 INFO  server.RaftServerConfigKeys (ConfUtils.java:logGet(43)) - raft.server.log.force.sync.num = 128 (default)
2019-06-15 09:04:06,215 INFO  server.RaftServerConfigKeys (ConfUtils.java:logGet(43)) - raft.server.log.statemachine.data.sync = true (default)
2019-06-15 09:04:06,215 INFO  server.RaftServerConfigKeys (ConfUtils.java:logGet(43)) - raft.server.log.statemachine.data.sync.timeout = 10s (default)
2019-06-15 09:04:06,215 INFO  server.RaftServerConfigKeys (ConfUtils.java:logGet(43)) - raft.server.log.statemachine.data.sync.timeout.retry = -1 (default)
2019-06-15 09:04:06,215 INFO  server.RaftServerConfigKeys (ConfUtils.java:logGet(43)) - raft.server.log.statemachine.data.caching.enabled = true (custom)
2019-06-15 09:04:06,216 INFO  server.RaftServerConfigKeys (ConfUtils.java:logGet(43)) - raft.server.snapshot.auto.trigger.enabled = true (custom)
2019-06-15 09:04:06,216 INFO  server.RaftServerConfigKeys (ConfUtils.java:logGet(43)) - raft.server.snapshot.auto.trigger.threshold = 10000 (custom)
2019-06-15 09:04:06,216 INFO  server.RaftServerConfigKeys (ConfUtils.java:logGet(43)) - raft.server.retrycache.expirytime = 600000ms (custom)
2019-06-15 09:04:06,216 INFO  impl.RaftServerImpl (RaftServerImpl.java:start(173)) - 6c16cd84-2c2d-4cd6-96a0-9d2b31d9b3a5: start group-4A48859FF458
2019-06-15 09:04:06,216 INFO  impl.RaftServerImpl (RaftServerImpl.java:setRole(164)) - 6c16cd84-2c2d-4cd6-96a0-9d2b31d9b3a5:group-4A48859FF458 changes role from null to FOLLOWER at term 0 for startAsFollower
2019-06-15 09:04:06,217 INFO  impl.RoleInfo (RoleInfo.java:updateAndGet(143)) - 6c16cd84-2c2d-4cd6-96a0-9d2b31d9b3a5: start FollowerState
2019-06-15 09:04:06,217 INFO  util.JmxRegister (JmxRegister.java:tryRegister(44)) - Successfully registered JMX Bean with object name Ratis:service=RaftServer,group=group-4A48859FF458,id=6c16cd84-2c2d-4cd6-96a0-9d2b31d9b3a5
2019-06-15 09:04:06,224 INFO  pipeline.PipelineStateManager (PipelineStateManager.java:addPipeline(56)) - Created pipeline Pipeline[ Id: ffa62863-2238-4fb3-a498-4a48859ff458, Nodes: 6c16cd84-2c2d-4cd6-96a0-9d2b31d9b3a5{ip: 192.168.46.58, host: ozone-unit-076618677d3-f4jks-397892598, networkLocation: /default-rack, certSerialId: null}, Type:RATIS, Factor:ONE, State:OPEN]
2019-06-15 09:04:06,258 INFO  impl.RaftServerProxy (RaftServerProxy.java:addNew(89)) - a5f50c8b-6df7-442e-8e91-a8d53b3d3cee: addNew group-61749B056004:[5770aa65-2ed7-4f26-b16b-68c861846249:192.168.46.58:40997, a5f50c8b-6df7-442e-8e91-a8d53b3d3cee:192.168.46.58:38423, 1c5aa3b0-faf1-4dce-a729-5ebc57de4a36:192.168.46.58:38515] returns group-61749B056004:java.util.concurrent.CompletableFuture@44c44a15[Not completed]
2019-06-15 09:04:06,258 INFO  impl.RaftServerImpl (RaftServerImpl.java:<init>(91)) - a5f50c8b-6df7-442e-8e91-a8d53b3d3cee: new RaftServerImpl for group-61749B056004:[5770aa65-2ed7-4f26-b16b-68c861846249:192.168.46.58:40997, a5f50c8b-6df7-442e-8e91-a8d53b3d3cee:192.168.46.58:38423, 1c5aa3b0-faf1-4dce-a729-5ebc57de4a36:192.168.46.58:38515] with ContainerStateMachine:uninitialized
2019-06-15 09:04:06,258 INFO  server.RaftServerConfigKeys (ConfUtils.java:logGet(43)) - raft.server.rpc.timeout.min = 1s (custom)
2019-06-15 09:04:06,260 INFO  server.RaftServerConfigKeys (ConfUtils.java:logGet(43)) - raft.server.rpc.timeout.max = 1200ms (custom)
2019-06-15 09:04:06,260 INFO  server.RaftServerConfigKeys (ConfUtils.java:logGet(43)) - raft.server.rpcslowness.timeout = 10s (custom)
2019-06-15 09:04:06,260 INFO  server.RaftServerConfigKeys (ConfUtils.java:logGet(43)) - raft.server.log.appender.install.snapshot.enabled = true (default)
2019-06-15 09:04:06,260 INFO  impl.RaftServerImpl (ServerState.java:<init>(101)) - a5f50c8b-6df7-442e-8e91-a8d53b3d3cee:group-61749B056004 ConfigurationManager, init=-1: [5770aa65-2ed7-4f26-b16b-68c861846249:192.168.46.58:40997, a5f50c8b-6df7-442e-8e91-a8d53b3d3cee:192.168.46.58:38423, 1c5aa3b0-faf1-4dce-a729-5ebc57de4a36:192.168.46.58:38515], old=null, confs=<EMPTY_MAP>
2019-06-15 09:04:06,260 INFO  server.RaftServerConfigKeys (ConfUtils.java:logGet(43)) - raft.server.storage.dir = [/opt/src/hadoop-ozone/integration-test/target/test-dir/MiniOzoneClusterImpl-0884d3ab-8aeb-4d75-824c-caccd44d9c0f/datanode-2/data/ratis] (custom)
2019-06-15 09:04:06,261 INFO  storage.RaftStorageDirectory (RaftStorageDirectory.java:analyzeStorage(246)) - The storage directory /opt/src/hadoop-ozone/integration-test/target/test-dir/MiniOzoneClusterImpl-0884d3ab-8aeb-4d75-824c-caccd44d9c0f/datanode-2/data/ratis/defd6993-7acc-4896-9486-61749b056004 does not exist. Creating ...
2019-06-15 09:04:06,262 INFO  impl.RaftServerProxy (RaftServerProxy.java:addNew(89)) - 1c5aa3b0-faf1-4dce-a729-5ebc57de4a36: addNew group-61749B056004:[5770aa65-2ed7-4f26-b16b-68c861846249:192.168.46.58:40997, a5f50c8b-6df7-442e-8e91-a8d53b3d3cee:192.168.46.58:38423, 1c5aa3b0-faf1-4dce-a729-5ebc57de4a36:192.168.46.58:38515] returns group-61749B056004:java.util.concurrent.CompletableFuture@4cfe8637[Not completed]
2019-06-15 09:04:06,263 INFO  impl.RaftServerImpl (RaftServerImpl.java:<init>(91)) - 1c5aa3b0-faf1-4dce-a729-5ebc57de4a36: new RaftServerImpl for group-61749B056004:[5770aa65-2ed7-4f26-b16b-68c861846249:192.168.46.58:40997, a5f50c8b-6df7-442e-8e91-a8d53b3d3cee:192.168.46.58:38423, 1c5aa3b0-faf1-4dce-a729-5ebc57de4a36:192.168.46.58:38515] with ContainerStateMachine:uninitialized
2019-06-15 09:04:06,263 INFO  server.RaftServerConfigKeys (ConfUtils.java:logGet(43)) - raft.server.rpc.timeout.min = 1s (custom)
2019-06-15 09:04:06,263 INFO  server.RaftServerConfigKeys (ConfUtils.java:logGet(43)) - raft.server.rpc.timeout.max = 1200ms (custom)
2019-06-15 09:04:06,264 INFO  server.RaftServerConfigKeys (ConfUtils.java:logGet(43)) - raft.server.rpcslowness.timeout = 10s (custom)
2019-06-15 09:04:06,264 INFO  server.RaftServerConfigKeys (ConfUtils.java:logGet(43)) - raft.server.log.appender.install.snapshot.enabled = true (default)
2019-06-15 09:04:06,264 INFO  impl.RaftServerImpl (ServerState.java:<init>(101)) - 1c5aa3b0-faf1-4dce-a729-5ebc57de4a36:group-61749B056004 ConfigurationManager, init=-1: [5770aa65-2ed7-4f26-b16b-68c861846249:192.168.46.58:40997, a5f50c8b-6df7-442e-8e91-a8d53b3d3cee:192.168.46.58:38423, 1c5aa3b0-faf1-4dce-a729-5ebc57de4a36:192.168.46.58:38515], old=null, confs=<EMPTY_MAP>
2019-06-15 09:04:06,264 INFO  server.RaftServerConfigKeys (ConfUtils.java:logGet(43)) - raft.server.storage.dir = [/opt/src/hadoop-ozone/integration-test/target/test-dir/MiniOzoneClusterImpl-0884d3ab-8aeb-4d75-824c-caccd44d9c0f/datanode-1/data/ratis] (custom)
2019-06-15 09:04:06,264 INFO  storage.RaftStorageDirectory (RaftStorageDirectory.java:tryLock(328)) - Lock on /opt/src/hadoop-ozone/integration-test/target/test-dir/MiniOzoneClusterImpl-0884d3ab-8aeb-4d75-824c-caccd44d9c0f/datanode-2/data/ratis/defd6993-7acc-4896-9486-61749b056004/in_use.lock acquired by nodename 10004@ozone-unit-076618677d3-f4jks-397892598
2019-06-15 09:04:06,264 INFO  storage.RaftStorageDirectory (RaftStorageDirectory.java:analyzeStorage(246)) - The storage directory /opt/src/hadoop-ozone/integration-test/target/test-dir/MiniOzoneClusterImpl-0884d3ab-8aeb-4d75-824c-caccd44d9c0f/datanode-1/data/ratis/defd6993-7acc-4896-9486-61749b056004 does not exist. Creating ...
2019-06-15 09:04:06,266 INFO  storage.RaftStorage (RaftStorage.java:format(75)) - Storage directory /opt/src/hadoop-ozone/integration-test/target/test-dir/MiniOzoneClusterImpl-0884d3ab-8aeb-4d75-824c-caccd44d9c0f/datanode-2/data/ratis/defd6993-7acc-4896-9486-61749b056004 has been successfully formatted.
2019-06-15 09:04:06,266 INFO  ratis.ContainerStateMachine (ContainerStateMachine.java:loadSnapshot(199)) - The snapshot info is null.Setting the last applied index to:(t:0, i:~)
2019-06-15 09:04:06,267 INFO  server.RaftServerConfigKeys (ConfUtils.java:logGet(43)) - raft.server.leader.election.timeout = 10s (custom)
2019-06-15 09:04:06,267 INFO  server.RaftServerConfigKeys (ConfUtils.java:logGet(43)) - raft.server.log.use.memory = false (default)
2019-06-15 09:04:06,267 INFO  server.RaftServerConfigKeys (ConfUtils.java:logGet(43)) - raft.server.log.appender.buffer.byte-limit = 33554432 (custom)
2019-06-15 09:04:06,267 INFO  server.RaftServerConfigKeys (ConfUtils.java:logGet(43)) - raft.server.log.segment.size.max = 16384 (custom)
2019-06-15 09:04:06,267 INFO  server.RaftServerConfigKeys (ConfUtils.java:logGet(43)) - raft.server.log.segment.cache.num.max = 2 (custom)
2019-06-15 09:04:06,267 INFO  storage.RaftLogWorker (RaftLogWorker.java:<init>(123)) - new a5f50c8b-6df7-442e-8e91-a8d53b3d3cee-RaftLogWorker for Storage Directory /opt/src/hadoop-ozone/integration-test/target/test-dir/MiniOzoneClusterImpl-0884d3ab-8aeb-4d75-824c-caccd44d9c0f/datanode-2/data/ratis/defd6993-7acc-4896-9486-61749b056004
2019-06-15 09:04:06,267 INFO  server.RaftServerConfigKeys (ConfUtils.java:logGet(43)) - raft.server.log.queue.byte-limit = 2147483647 (custom)
2019-06-15 09:04:06,267 INFO  server.RaftServerConfigKeys (ConfUtils.java:logGet(43)) - raft.server.log.queue.element-limit = 1024 (custom)
2019-06-15 09:04:06,267 INFO  server.RaftServerConfigKeys (ConfUtils.java:logGet(43)) - raft.server.log.segment.size.max = 16384 (custom)
2019-06-15 09:04:06,267 INFO  server.RaftServerConfigKeys (ConfUtils.java:logGet(43)) - raft.server.log.preallocated.size = 16384 (custom)
2019-06-15 09:04:06,267 INFO  server.RaftServerConfigKeys (ConfUtils.java:logGet(43)) - raft.server.log.write.buffer.size = 33554432 (custom)
2019-06-15 09:04:06,267 INFO  server.RaftServerConfigKeys (ConfUtils.java:logGet(43)) - raft.server.log.force.sync.num = 128 (default)
2019-06-15 09:04:06,267 INFO  server.RaftServerConfigKeys (ConfUtils.java:logGet(43)) - raft.server.log.statemachine.data.sync = true (default)
2019-06-15 09:04:06,267 INFO  server.RaftServerConfigKeys (ConfUtils.java:logGet(43)) - raft.server.log.statemachine.data.sync.timeout = 10s (default)
2019-06-15 09:04:06,268 INFO  server.RaftServerConfigKeys (ConfUtils.java:logGet(43)) - raft.server.log.statemachine.data.sync.timeout.retry = -1 (default)
2019-06-15 09:04:06,268 INFO  server.RaftServerConfigKeys (ConfUtils.java:logGet(43)) - raft.server.log.statemachine.data.caching.enabled = true (custom)
2019-06-15 09:04:06,268 INFO  storage.RaftStorageDirectory (RaftStorageDirectory.java:tryLock(328)) - Lock on /opt/src/hadoop-ozone/integration-test/target/test-dir/MiniOzoneClusterImpl-0884d3ab-8aeb-4d75-824c-caccd44d9c0f/datanode-1/data/ratis/defd6993-7acc-4896-9486-61749b056004/in_use.lock acquired by nodename 10004@ozone-unit-076618677d3-f4jks-397892598
2019-06-15 09:04:06,268 INFO  server.RaftServerConfigKeys (ConfUtils.java:logGet(43)) - raft.server.snapshot.auto.trigger.enabled = true (custom)
2019-06-15 09:04:06,268 INFO  server.RaftServerConfigKeys (ConfUtils.java:logGet(43)) - raft.server.snapshot.auto.trigger.threshold = 10000 (custom)
2019-06-15 09:04:06,269 INFO  impl.RaftServerProxy (RaftServerProxy.java:addNew(89)) - 5770aa65-2ed7-4f26-b16b-68c861846249: addNew group-61749B056004:[5770aa65-2ed7-4f26-b16b-68c861846249:192.168.46.58:40997, a5f50c8b-6df7-442e-8e91-a8d53b3d3cee:192.168.46.58:38423, 1c5aa3b0-faf1-4dce-a729-5ebc57de4a36:192.168.46.58:38515] returns group-61749B056004:java.util.concurrent.CompletableFuture@1598febd[Not completed]
2019-06-15 09:04:06,270 INFO  impl.RaftServerImpl (RaftServerImpl.java:<init>(91)) - 5770aa65-2ed7-4f26-b16b-68c861846249: new RaftServerImpl for group-61749B056004:[5770aa65-2ed7-4f26-b16b-68c861846249:192.168.46.58:40997, a5f50c8b-6df7-442e-8e91-a8d53b3d3cee:192.168.46.58:38423, 1c5aa3b0-faf1-4dce-a729-5ebc57de4a36:192.168.46.58:38515] with ContainerStateMachine:uninitialized
2019-06-15 09:04:06,270 INFO  server.RaftServerConfigKeys (ConfUtils.java:logGet(43)) - raft.server.rpc.timeout.min = 1s (custom)
2019-06-15 09:04:06,270 INFO  server.RaftServerConfigKeys (ConfUtils.java:logGet(43)) - raft.server.rpc.timeout.max = 1200ms (custom)
2019-06-15 09:04:06,270 INFO  server.RaftServerConfigKeys (ConfUtils.java:logGet(43)) - raft.server.rpcslowness.timeout = 10s (custom)
2019-06-15 09:04:06,270 INFO  server.RaftServerConfigKeys (ConfUtils.java:logGet(43)) - raft.server.log.appender.install.snapshot.enabled = true (default)
2019-06-15 09:04:06,270 INFO  storage.RaftStorage (RaftStorage.java:format(75)) - Storage directory /opt/src/hadoop-ozone/integration-test/target/test-dir/MiniOzoneClusterImpl-0884d3ab-8aeb-4d75-824c-caccd44d9c0f/datanode-1/data/ratis/defd6993-7acc-4896-9486-61749b056004 has been successfully formatted.
2019-06-15 09:04:06,270 INFO  server.RaftServerConfigKeys (ConfUtils.java:logGet(43)) - raft.server.retrycache.expirytime = 600000ms (custom)
2019-06-15 09:04:06,270 INFO  ratis.ContainerStateMachine (ContainerStateMachine.java:loadSnapshot(199)) - The snapshot info is null.Setting the last applied index to:(t:0, i:~)
2019-06-15 09:04:06,270 INFO  impl.RaftServerImpl (RaftServerImpl.java:start(173)) - a5f50c8b-6df7-442e-8e91-a8d53b3d3cee: start group-61749B056004
2019-06-15 09:04:06,270 INFO  impl.RaftServerImpl (ServerState.java:<init>(101)) - 5770aa65-2ed7-4f26-b16b-68c861846249:group-61749B056004 ConfigurationManager, init=-1: [5770aa65-2ed7-4f26-b16b-68c861846249:192.168.46.58:40997, a5f50c8b-6df7-442e-8e91-a8d53b3d3cee:192.168.46.58:38423, 1c5aa3b0-faf1-4dce-a729-5ebc57de4a36:192.168.46.58:38515], old=null, confs=<EMPTY_MAP>
2019-06-15 09:04:06,271 INFO  impl.RaftServerImpl (RaftServerImpl.java:setRole(164)) - a5f50c8b-6df7-442e-8e91-a8d53b3d3cee:group-61749B056004 changes role from null to FOLLOWER at term 0 for startAsFollower
2019-06-15 09:04:06,271 INFO  server.RaftServerConfigKeys (ConfUtils.java:logGet(43)) - raft.server.leader.election.timeout = 10s (custom)
2019-06-15 09:04:06,271 INFO  impl.RoleInfo (RoleInfo.java:updateAndGet(143)) - a5f50c8b-6df7-442e-8e91-a8d53b3d3cee: start FollowerState
2019-06-15 09:04:06,271 INFO  server.RaftServerConfigKeys (ConfUtils.java:logGet(43)) - raft.server.storage.dir = [/opt/src/hadoop-ozone/integration-test/target/test-dir/MiniOzoneClusterImpl-0884d3ab-8aeb-4d75-824c-caccd44d9c0f/datanode-0/data/ratis] (custom)
2019-06-15 09:04:06,271 INFO  storage.RaftStorageDirectory (RaftStorageDirectory.java:analyzeStorage(246)) - The storage directory /opt/src/hadoop-ozone/integration-test/target/test-dir/MiniOzoneClusterImpl-0884d3ab-8aeb-4d75-824c-caccd44d9c0f/datanode-0/data/ratis/defd6993-7acc-4896-9486-61749b056004 does not exist. Creating ...
2019-06-15 09:04:06,271 INFO  server.RaftServerConfigKeys (ConfUtils.java:logGet(43)) - raft.server.log.use.memory = false (default)
2019-06-15 09:04:06,272 INFO  server.RaftServerConfigKeys (ConfUtils.java:logGet(43)) - raft.server.log.appender.buffer.byte-limit = 33554432 (custom)
2019-06-15 09:04:06,272 INFO  server.RaftServerConfigKeys (ConfUtils.java:logGet(43)) - raft.server.log.segment.size.max = 16384 (custom)
2019-06-15 09:04:06,272 INFO  server.RaftServerConfigKeys (ConfUtils.java:logGet(43)) - raft.server.log.segment.cache.num.max = 2 (custom)
2019-06-15 09:04:06,272 INFO  storage.RaftLogWorker (RaftLogWorker.java:<init>(123)) - new 1c5aa3b0-faf1-4dce-a729-5ebc57de4a36-RaftLogWorker for Storage Directory /opt/src/hadoop-ozone/integration-test/target/test-dir/MiniOzoneClusterImpl-0884d3ab-8aeb-4d75-824c-caccd44d9c0f/datanode-1/data/ratis/defd6993-7acc-4896-9486-61749b056004
2019-06-15 09:04:06,272 INFO  server.RaftServerConfigKeys (ConfUtils.java:logGet(43)) - raft.server.log.queue.byte-limit = 2147483647 (custom)
2019-06-15 09:04:06,272 INFO  server.RaftServerConfigKeys (ConfUtils.java:logGet(43)) - raft.server.log.queue.element-limit = 1024 (custom)
2019-06-15 09:04:06,273 INFO  server.RaftServerConfigKeys (ConfUtils.java:logGet(43)) - raft.server.log.segment.size.max = 16384 (custom)
2019-06-15 09:04:06,273 INFO  server.RaftServerConfigKeys (ConfUtils.java:logGet(43)) - raft.server.log.preallocated.size = 16384 (custom)
2019-06-15 09:04:06,273 INFO  server.RaftServerConfigKeys (ConfUtils.java:logGet(43)) - raft.server.log.write.buffer.size = 33554432 (custom)
2019-06-15 09:04:06,273 INFO  server.RaftServerConfigKeys (ConfUtils.java:logGet(43)) - raft.server.log.force.sync.num = 128 (default)
2019-06-15 09:04:06,273 INFO  server.RaftServerConfigKeys (ConfUtils.java:logGet(43)) - raft.server.log.statemachine.data.sync = true (default)
2019-06-15 09:04:06,273 INFO  server.RaftServerConfigKeys (ConfUtils.java:logGet(43)) - raft.server.log.statemachine.data.sync.timeout = 10s (default)
2019-06-15 09:04:06,273 INFO  server.RaftServerConfigKeys (ConfUtils.java:logGet(43)) - raft.server.log.statemachine.data.sync.timeout.retry = -1 (default)
2019-06-15 09:04:06,273 INFO  server.RaftServerConfigKeys (ConfUtils.java:logGet(43)) - raft.server.log.statemachine.data.caching.enabled = true (custom)
2019-06-15 09:04:06,274 INFO  util.JmxRegister (JmxRegister.java:tryRegister(44)) - Successfully registered JMX Bean with object name Ratis:service=RaftServer,group=group-61749B056004,id=a5f50c8b-6df7-442e-8e91-a8d53b3d3cee
2019-06-15 09:04:06,274 INFO  server.RaftServerConfigKeys (ConfUtils.java:logGet(43)) - raft.server.snapshot.auto.trigger.enabled = true (custom)
2019-06-15 09:04:06,274 INFO  server.RaftServerConfigKeys (ConfUtils.java:logGet(43)) - raft.server.snapshot.auto.trigger.threshold = 10000 (custom)
2019-06-15 09:04:06,275 INFO  server.RaftServerConfigKeys (ConfUtils.java:logGet(43)) - raft.server.retrycache.expirytime = 600000ms (custom)
2019-06-15 09:04:06,275 INFO  impl.RaftServerImpl (RaftServerImpl.java:start(173)) - 1c5aa3b0-faf1-4dce-a729-5ebc57de4a36: start group-61749B056004
2019-06-15 09:04:06,275 INFO  impl.RaftServerImpl (RaftServerImpl.java:setRole(164)) - 1c5aa3b0-faf1-4dce-a729-5ebc57de4a36:group-61749B056004 changes role from null to FOLLOWER at term 0 for startAsFollower
2019-06-15 09:04:06,275 INFO  storage.RaftStorageDirectory (RaftStorageDirectory.java:tryLock(328)) - Lock on /opt/src/hadoop-ozone/integration-test/target/test-dir/MiniOzoneClusterImpl-0884d3ab-8aeb-4d75-824c-caccd44d9c0f/datanode-0/data/ratis/defd6993-7acc-4896-9486-61749b056004/in_use.lock acquired by nodename 10004@ozone-unit-076618677d3-f4jks-397892598
2019-06-15 09:04:06,277 INFO  storage.RaftStorage (RaftStorage.java:format(75)) - Storage directory /opt/src/hadoop-ozone/integration-test/target/test-dir/MiniOzoneClusterImpl-0884d3ab-8aeb-4d75-824c-caccd44d9c0f/datanode-0/data/ratis/defd6993-7acc-4896-9486-61749b056004 has been successfully formatted.
2019-06-15 09:04:06,277 INFO  ratis.ContainerStateMachine (ContainerStateMachine.java:loadSnapshot(199)) - The snapshot info is null.Setting the last applied index to:(t:0, i:~)
2019-06-15 09:04:06,277 INFO  server.RaftServerConfigKeys (ConfUtils.java:logGet(43)) - raft.server.leader.election.timeout = 10s (custom)
2019-06-15 09:04:06,277 INFO  server.RaftServerConfigKeys (ConfUtils.java:logGet(43)) - raft.server.log.use.memory = false (default)
2019-06-15 09:04:06,277 INFO  server.RaftServerConfigKeys (ConfUtils.java:logGet(43)) - raft.server.log.appender.buffer.byte-limit = 33554432 (custom)
2019-06-15 09:04:06,278 INFO  server.RaftServerConfigKeys (ConfUtils.java:logGet(43)) - raft.server.log.segment.size.max = 16384 (custom)
2019-06-15 09:04:06,278 INFO  server.RaftServerConfigKeys (ConfUtils.java:logGet(43)) - raft.server.log.segment.cache.num.max = 2 (custom)
2019-06-15 09:04:06,278 INFO  storage.RaftLogWorker (RaftLogWorker.java:<init>(123)) - new 5770aa65-2ed7-4f26-b16b-68c861846249-RaftLogWorker for Storage Directory /opt/src/hadoop-ozone/integration-test/target/test-dir/MiniOzoneClusterImpl-0884d3ab-8aeb-4d75-824c-caccd44d9c0f/datanode-0/data/ratis/defd6993-7acc-4896-9486-61749b056004
2019-06-15 09:04:06,278 INFO  server.RaftServerConfigKeys (ConfUtils.java:logGet(43)) - raft.server.log.queue.byte-limit = 2147483647 (custom)
2019-06-15 09:04:06,278 INFO  server.RaftServerConfigKeys (ConfUtils.java:logGet(43)) - raft.server.log.queue.element-limit = 1024 (custom)
2019-06-15 09:04:06,278 INFO  server.RaftServerConfigKeys (ConfUtils.java:logGet(43)) - raft.server.log.segment.size.max = 16384 (custom)
2019-06-15 09:04:06,278 INFO  server.RaftServerConfigKeys (ConfUtils.java:logGet(43)) - raft.server.log.preallocated.size = 16384 (custom)
2019-06-15 09:04:06,278 INFO  server.RaftServerConfigKeys (ConfUtils.java:logGet(43)) - raft.server.log.write.buffer.size = 33554432 (custom)
2019-06-15 09:04:06,278 INFO  server.RaftServerConfigKeys (ConfUtils.java:logGet(43)) - raft.server.log.force.sync.num = 128 (default)
2019-06-15 09:04:06,278 INFO  server.RaftServerConfigKeys (ConfUtils.java:logGet(43)) - raft.server.log.statemachine.data.sync = true (default)
2019-06-15 09:04:06,279 INFO  server.RaftServerConfigKeys (ConfUtils.java:logGet(43)) - raft.server.log.statemachine.data.sync.timeout = 10s (default)
2019-06-15 09:04:06,279 INFO  server.RaftServerConfigKeys (ConfUtils.java:logGet(43)) - raft.server.log.statemachine.data.sync.timeout.retry = -1 (default)
2019-06-15 09:04:06,281 INFO  server.RaftServerConfigKeys (ConfUtils.java:logGet(43)) - raft.server.log.statemachine.data.caching.enabled = true (custom)
2019-06-15 09:04:06,281 INFO  impl.RoleInfo (RoleInfo.java:updateAndGet(143)) - 1c5aa3b0-faf1-4dce-a729-5ebc57de4a36: start FollowerState
2019-06-15 09:04:06,292 INFO  server.RaftServerConfigKeys (ConfUtils.java:logGet(43)) - raft.server.snapshot.auto.trigger.enabled = true (custom)
2019-06-15 09:04:06,292 INFO  server.RaftServerConfigKeys (ConfUtils.java:logGet(43)) - raft.server.snapshot.auto.trigger.threshold = 10000 (custom)
2019-06-15 09:04:06,293 INFO  server.RaftServerConfigKeys (ConfUtils.java:logGet(43)) - raft.server.retrycache.expirytime = 600000ms (custom)
2019-06-15 09:04:06,293 INFO  impl.RaftServerImpl (RaftServerImpl.java:start(173)) - 5770aa65-2ed7-4f26-b16b-68c861846249: start group-61749B056004
2019-06-15 09:04:06,293 INFO  impl.RaftServerImpl (RaftServerImpl.java:setRole(164)) - 5770aa65-2ed7-4f26-b16b-68c861846249:group-61749B056004 changes role from null to FOLLOWER at term 0 for startAsFollower
2019-06-15 09:04:06,293 INFO  impl.RoleInfo (RoleInfo.java:updateAndGet(143)) - 5770aa65-2ed7-4f26-b16b-68c861846249: start FollowerState
2019-06-15 09:04:06,293 INFO  util.JmxRegister (JmxRegister.java:tryRegister(44)) - Successfully registered JMX Bean with object name Ratis:service=RaftServer,group=group-61749B056004,id=5770aa65-2ed7-4f26-b16b-68c861846249
2019-06-15 09:04:06,295 INFO  util.JmxRegister (JmxRegister.java:tryRegister(44)) - Successfully registered JMX Bean with object name Ratis:service=RaftServer,group=group-61749B056004,id=1c5aa3b0-faf1-4dce-a729-5ebc57de4a36
2019-06-15 09:04:06,310 INFO  pipeline.PipelineStateManager (PipelineStateManager.java:addPipeline(56)) - Created pipeline Pipeline[ Id: defd6993-7acc-4896-9486-61749b056004, Nodes: a5f50c8b-6df7-442e-8e91-a8d53b3d3cee{ip: 192.168.46.58, host: ozone-unit-076618677d3-f4jks-397892598, networkLocation: /default-rack, certSerialId: null}1c5aa3b0-faf1-4dce-a729-5ebc57de4a36{ip: 192.168.46.58, host: ozone-unit-076618677d3-f4jks-397892598, networkLocation: /default-rack, certSerialId: null}5770aa65-2ed7-4f26-b16b-68c861846249{ip: 192.168.46.58, host: ozone-unit-076618677d3-f4jks-397892598, networkLocation: /default-rack, certSerialId: null}, Type:RATIS, Factor:THREE, State:OPEN]
2019-06-15 09:04:06,388 INFO  node.SCMNodeManager (SCMNodeManager.java:register(269)) - Registered Data node : e132ee7e-eabf-4d4d-a2e3-876e3935210e{ip: 192.168.46.58, host: ozone-unit-076618677d3-f4jks-397892598, networkLocation: /default-rack, certSerialId: null}
2019-06-15 09:04:06,401 INFO  impl.RaftServerProxy (RaftServerProxy.java:addNew(89)) - e132ee7e-eabf-4d4d-a2e3-876e3935210e: addNew group-785F89DF98BD:[e132ee7e-eabf-4d4d-a2e3-876e3935210e:192.168.46.58:45403] returns group-785F89DF98BD:java.util.concurrent.CompletableFuture@72ff2464[Not completed]
2019-06-15 09:04:06,403 INFO  impl.RaftServerImpl (RaftServerImpl.java:<init>(91)) - e132ee7e-eabf-4d4d-a2e3-876e3935210e: new RaftServerImpl for group-785F89DF98BD:[e132ee7e-eabf-4d4d-a2e3-876e3935210e:192.168.46.58:45403] with ContainerStateMachine:uninitialized
2019-06-15 09:04:06,403 INFO  server.RaftServerConfigKeys (ConfUtils.java:logGet(43)) - raft.server.rpc.timeout.min = 1s (custom)
2019-06-15 09:04:06,403 INFO  server.RaftServerConfigKeys (ConfUtils.java:logGet(43)) - raft.server.rpc.timeout.max = 1200ms (custom)
2019-06-15 09:04:06,403 INFO  server.RaftServerConfigKeys (ConfUtils.java:logGet(43)) - raft.server.rpcslowness.timeout = 10s (custom)
2019-06-15 09:04:06,403 INFO  server.RaftServerConfigKeys (ConfUtils.java:logGet(43)) - raft.server.log.appender.install.snapshot.enabled = true (default)
2019-06-15 09:04:06,403 INFO  impl.RaftServerImpl (ServerState.java:<init>(101)) - e132ee7e-eabf-4d4d-a2e3-876e3935210e:group-785F89DF98BD ConfigurationManager, init=-1: [e132ee7e-eabf-4d4d-a2e3-876e3935210e:192.168.46.58:45403], old=null, confs=<EMPTY_MAP>
2019-06-15 09:04:06,404 INFO  server.RaftServerConfigKeys (ConfUtils.java:logGet(43)) - raft.server.storage.dir = [/opt/src/hadoop-ozone/integration-test/target/test-dir/MiniOzoneClusterImpl-0884d3ab-8aeb-4d75-824c-caccd44d9c0f/datanode-4/data/ratis] (custom)
2019-06-15 09:04:06,404 INFO  storage.RaftStorageDirectory (RaftStorageDirectory.java:analyzeStorage(246)) - The storage directory /opt/src/hadoop-ozone/integration-test/target/test-dir/MiniOzoneClusterImpl-0884d3ab-8aeb-4d75-824c-caccd44d9c0f/datanode-4/data/ratis/3ec281c3-bdb2-4575-9a2a-785f89df98bd does not exist. Creating ...
2019-06-15 09:04:06,407 INFO  storage.RaftStorageDirectory (RaftStorageDirectory.java:tryLock(328)) - Lock on /opt/src/hadoop-ozone/integration-test/target/test-dir/MiniOzoneClusterImpl-0884d3ab-8aeb-4d75-824c-caccd44d9c0f/datanode-4/data/ratis/3ec281c3-bdb2-4575-9a2a-785f89df98bd/in_use.lock acquired by nodename 10004@ozone-unit-076618677d3-f4jks-397892598
2019-06-15 09:04:06,409 INFO  storage.RaftStorage (RaftStorage.java:format(75)) - Storage directory /opt/src/hadoop-ozone/integration-test/target/test-dir/MiniOzoneClusterImpl-0884d3ab-8aeb-4d75-824c-caccd44d9c0f/datanode-4/data/ratis/3ec281c3-bdb2-4575-9a2a-785f89df98bd has been successfully formatted.
2019-06-15 09:04:06,409 INFO  ratis.ContainerStateMachine (ContainerStateMachine.java:loadSnapshot(199)) - The snapshot info is null.Setting the last applied index to:(t:0, i:~)
2019-06-15 09:04:06,409 INFO  server.RaftServerConfigKeys (ConfUtils.java:logGet(43)) - raft.server.leader.election.timeout = 10s (custom)
2019-06-15 09:04:06,409 INFO  server.RaftServerConfigKeys (ConfUtils.java:logGet(43)) - raft.server.log.use.memory = false (default)
2019-06-15 09:04:06,409 INFO  server.RaftServerConfigKeys (ConfUtils.java:logGet(43)) - raft.server.log.appender.buffer.byte-limit = 33554432 (custom)
2019-06-15 09:04:06,409 INFO  server.RaftServerConfigKeys (ConfUtils.java:logGet(43)) - raft.server.log.segment.size.max = 16384 (custom)
2019-06-15 09:04:06,410 INFO  server.RaftServerConfigKeys (ConfUtils.java:logGet(43)) - raft.server.log.segment.cache.num.max = 2 (custom)
2019-06-15 09:04:06,410 INFO  storage.RaftLogWorker (RaftLogWorker.java:<init>(123)) - new e132ee7e-eabf-4d4d-a2e3-876e3935210e-RaftLogWorker for Storage Directory /opt/src/hadoop-ozone/integration-test/target/test-dir/MiniOzoneClusterImpl-0884d3ab-8aeb-4d75-824c-caccd44d9c0f/datanode-4/data/ratis/3ec281c3-bdb2-4575-9a2a-785f89df98bd
2019-06-15 09:04:06,410 INFO  server.RaftServerConfigKeys (ConfUtils.java:logGet(43)) - raft.server.log.queue.byte-limit = 2147483647 (custom)
2019-06-15 09:04:06,410 INFO  server.RaftServerConfigKeys (ConfUtils.java:logGet(43)) - raft.server.log.queue.element-limit = 1024 (custom)
2019-06-15 09:04:06,410 INFO  server.RaftServerConfigKeys (ConfUtils.java:logGet(43)) - raft.server.log.segment.size.max = 16384 (custom)
2019-06-15 09:04:06,410 INFO  server.RaftServerConfigKeys (ConfUtils.java:logGet(43)) - raft.server.log.preallocated.size = 16384 (custom)
2019-06-15 09:04:06,410 INFO  server.RaftServerConfigKeys (ConfUtils.java:logGet(43)) - raft.server.log.write.buffer.size = 33554432 (custom)
2019-06-15 09:04:06,410 INFO  server.RaftServerConfigKeys (ConfUtils.java:logGet(43)) - raft.server.log.force.sync.num = 128 (default)
2019-06-15 09:04:06,410 INFO  server.RaftServerConfigKeys (ConfUtils.java:logGet(43)) - raft.server.log.statemachine.data.sync = true (default)
2019-06-15 09:04:06,411 INFO  server.RaftServerConfigKeys (ConfUtils.java:logGet(43)) - raft.server.log.statemachine.data.sync.timeout = 10s (default)
2019-06-15 09:04:06,411 INFO  server.RaftServerConfigKeys (ConfUtils.java:logGet(43)) - raft.server.log.statemachine.data.sync.timeout.retry = -1 (default)
2019-06-15 09:04:06,411 INFO  server.RaftServerConfigKeys (ConfUtils.java:logGet(43)) - raft.server.log.statemachine.data.caching.enabled = true (custom)
2019-06-15 09:04:06,411 INFO  server.RaftServerConfigKeys (ConfUtils.java:logGet(43)) - raft.server.snapshot.auto.trigger.enabled = true (custom)
2019-06-15 09:04:06,411 INFO  server.RaftServerConfigKeys (ConfUtils.java:logGet(43)) - raft.server.snapshot.auto.trigger.threshold = 10000 (custom)
2019-06-15 09:04:06,412 INFO  server.RaftServerConfigKeys (ConfUtils.java:logGet(43)) - raft.server.retrycache.expirytime = 600000ms (custom)
2019-06-15 09:04:06,412 INFO  impl.RaftServerImpl (RaftServerImpl.java:start(173)) - e132ee7e-eabf-4d4d-a2e3-876e3935210e: start group-785F89DF98BD
2019-06-15 09:04:06,412 INFO  impl.RaftServerImpl (RaftServerImpl.java:setRole(164)) - e132ee7e-eabf-4d4d-a2e3-876e3935210e:group-785F89DF98BD changes role from null to FOLLOWER at term 0 for startAsFollower
2019-06-15 09:04:06,412 INFO  impl.RoleInfo (RoleInfo.java:updateAndGet(143)) - e132ee7e-eabf-4d4d-a2e3-876e3935210e: start FollowerState
2019-06-15 09:04:06,412 INFO  util.JmxRegister (JmxRegister.java:tryRegister(44)) - Successfully registered JMX Bean with object name Ratis:service=RaftServer,group=group-785F89DF98BD,id=e132ee7e-eabf-4d4d-a2e3-876e3935210e
2019-06-15 09:04:06,418 INFO  pipeline.PipelineStateManager (PipelineStateManager.java:addPipeline(56)) - Created pipeline Pipeline[ Id: 3ec281c3-bdb2-4575-9a2a-785f89df98bd, Nodes: e132ee7e-eabf-4d4d-a2e3-876e3935210e{ip: 192.168.46.58, host: ozone-unit-076618677d3-f4jks-397892598, networkLocation: /default-rack, certSerialId: null}, Type:RATIS, Factor:ONE, State:OPEN]
2019-06-15 09:04:06,719 INFO  ozone.MiniOzoneClusterImpl (MiniOzoneClusterImpl.java:lambda$waitForClusterToBeReady$0(142)) - Waiting for cluster to be ready. Got 5 of 6 DN Heartbeats.
2019-06-15 09:04:06,723 INFO  node.SCMNodeManager (SCMNodeManager.java:register(269)) - Registered Data node : eda3ab58-4cb6-48c9-9a99-7c87daa9a4b0{ip: 192.168.46.58, host: ozone-unit-076618677d3-f4jks-397892598, networkLocation: /default-rack, certSerialId: null}
2019-06-15 09:04:06,737 INFO  impl.RaftServerProxy (RaftServerProxy.java:addNew(89)) - eda3ab58-4cb6-48c9-9a99-7c87daa9a4b0: addNew group-F7FFA2FEB938:[eda3ab58-4cb6-48c9-9a99-7c87daa9a4b0:192.168.46.58:40939] returns group-F7FFA2FEB938:java.util.concurrent.CompletableFuture@55dc8464[Not completed]
2019-06-15 09:04:06,737 INFO  impl.RaftServerImpl (RaftServerImpl.java:<init>(91)) - eda3ab58-4cb6-48c9-9a99-7c87daa9a4b0: new RaftServerImpl for group-F7FFA2FEB938:[eda3ab58-4cb6-48c9-9a99-7c87daa9a4b0:192.168.46.58:40939] with ContainerStateMachine:uninitialized
2019-06-15 09:04:06,738 INFO  server.RaftServerConfigKeys (ConfUtils.java:logGet(43)) - raft.server.rpc.timeout.min = 1s (custom)
2019-06-15 09:04:06,738 INFO  server.RaftServerConfigKeys (ConfUtils.java:logGet(43)) - raft.server.rpc.timeout.max = 1200ms (custom)
2019-06-15 09:04:06,738 INFO  server.RaftServerConfigKeys (ConfUtils.java:logGet(43)) - raft.server.rpcslowness.timeout = 10s (custom)
2019-06-15 09:04:06,738 INFO  server.RaftServerConfigKeys (ConfUtils.java:logGet(43)) - raft.server.log.appender.install.snapshot.enabled = true (default)
2019-06-15 09:04:06,738 INFO  impl.RaftServerImpl (ServerState.java:<init>(101)) - eda3ab58-4cb6-48c9-9a99-7c87daa9a4b0:group-F7FFA2FEB938 ConfigurationManager, init=-1: [eda3ab58-4cb6-48c9-9a99-7c87daa9a4b0:192.168.46.58:40939], old=null, confs=<EMPTY_MAP>
2019-06-15 09:04:06,738 INFO  server.RaftServerConfigKeys (ConfUtils.java:logGet(43)) - raft.server.storage.dir = [/opt/src/hadoop-ozone/integration-test/target/test-dir/MiniOzoneClusterImpl-0884d3ab-8aeb-4d75-824c-caccd44d9c0f/datanode-5/data/ratis] (custom)
2019-06-15 09:04:06,739 INFO  storage.RaftStorageDirectory (RaftStorageDirectory.java:analyzeStorage(246)) - The storage directory /opt/src/hadoop-ozone/integration-test/target/test-dir/MiniOzoneClusterImpl-0884d3ab-8aeb-4d75-824c-caccd44d9c0f/datanode-5/data/ratis/79688641-a097-4b39-9483-f7ffa2feb938 does not exist. Creating ...
2019-06-15 09:04:06,741 INFO  storage.RaftStorageDirectory (RaftStorageDirectory.java:tryLock(328)) - Lock on /opt/src/hadoop-ozone/integration-test/target/test-dir/MiniOzoneClusterImpl-0884d3ab-8aeb-4d75-824c-caccd44d9c0f/datanode-5/data/ratis/79688641-a097-4b39-9483-f7ffa2feb938/in_use.lock acquired by nodename 10004@ozone-unit-076618677d3-f4jks-397892598
2019-06-15 09:04:06,743 INFO  storage.RaftStorage (RaftStorage.java:format(75)) - Storage directory /opt/src/hadoop-ozone/integration-test/target/test-dir/MiniOzoneClusterImpl-0884d3ab-8aeb-4d75-824c-caccd44d9c0f/datanode-5/data/ratis/79688641-a097-4b39-9483-f7ffa2feb938 has been successfully formatted.
2019-06-15 09:04:06,743 INFO  ratis.ContainerStateMachine (ContainerStateMachine.java:loadSnapshot(199)) - The snapshot info is null.Setting the last applied index to:(t:0, i:~)
2019-06-15 09:04:06,743 INFO  server.RaftServerConfigKeys (ConfUtils.java:logGet(43)) - raft.server.leader.election.timeout = 10s (custom)
2019-06-15 09:04:06,743 INFO  server.RaftServerConfigKeys (ConfUtils.java:logGet(43)) - raft.server.log.use.memory = false (default)
2019-06-15 09:04:06,744 INFO  server.RaftServerConfigKeys (ConfUtils.java:logGet(43)) - raft.server.log.appender.buffer.byte-limit = 33554432 (custom)
2019-06-15 09:04:06,744 INFO  server.RaftServerConfigKeys (ConfUtils.java:logGet(43)) - raft.server.log.segment.size.max = 16384 (custom)
2019-06-15 09:04:06,744 INFO  server.RaftServerConfigKeys (ConfUtils.java:logGet(43)) - raft.server.log.segment.cache.num.max = 2 (custom)
2019-06-15 09:04:06,744 INFO  storage.RaftLogWorker (RaftLogWorker.java:<init>(123)) - new eda3ab58-4cb6-48c9-9a99-7c87daa9a4b0-RaftLogWorker for Storage Directory /opt/src/hadoop-ozone/integration-test/target/test-dir/MiniOzoneClusterImpl-0884d3ab-8aeb-4d75-824c-caccd44d9c0f/datanode-5/data/ratis/79688641-a097-4b39-9483-f7ffa2feb938
2019-06-15 09:04:06,744 INFO  server.RaftServerConfigKeys (ConfUtils.java:logGet(43)) - raft.server.log.queue.byte-limit = 2147483647 (custom)
2019-06-15 09:04:06,744 INFO  server.RaftServerConfigKeys (ConfUtils.java:logGet(43)) - raft.server.log.queue.element-limit = 1024 (custom)
2019-06-15 09:04:06,744 INFO  server.RaftServerConfigKeys (ConfUtils.java:logGet(43)) - raft.server.log.segment.size.max = 16384 (custom)
2019-06-15 09:04:06,744 INFO  server.RaftServerConfigKeys (ConfUtils.java:logGet(43)) - raft.server.log.preallocated.size = 16384 (custom)
2019-06-15 09:04:06,744 INFO  server.RaftServerConfigKeys (ConfUtils.java:logGet(43)) - raft.server.log.write.buffer.size = 33554432 (custom)
2019-06-15 09:04:06,745 INFO  server.RaftServerConfigKeys (ConfUtils.java:logGet(43)) - raft.server.log.force.sync.num = 128 (default)
2019-06-15 09:04:06,745 INFO  server.RaftServerConfigKeys (ConfUtils.java:logGet(43)) - raft.server.log.statemachine.data.sync = true (default)
2019-06-15 09:04:06,745 INFO  server.RaftServerConfigKeys (ConfUtils.java:logGet(43)) - raft.server.log.statemachine.data.sync.timeout = 10s (default)
2019-06-15 09:04:06,745 INFO  server.RaftServerConfigKeys (ConfUtils.java:logGet(43)) - raft.server.log.statemachine.data.sync.timeout.retry = -1 (default)
2019-06-15 09:04:06,745 INFO  server.RaftServerConfigKeys (ConfUtils.java:logGet(43)) - raft.server.log.statemachine.data.caching.enabled = true (custom)
2019-06-15 09:04:06,745 INFO  server.RaftServerConfigKeys (ConfUtils.java:logGet(43)) - raft.server.snapshot.auto.trigger.enabled = true (custom)
2019-06-15 09:04:06,746 INFO  server.RaftServerConfigKeys (ConfUtils.java:logGet(43)) - raft.server.snapshot.auto.trigger.threshold = 10000 (custom)
2019-06-15 09:04:06,746 INFO  server.RaftServerConfigKeys (ConfUtils.java:logGet(43)) - raft.server.retrycache.expirytime = 600000ms (custom)
2019-06-15 09:04:06,746 INFO  impl.RaftServerImpl (RaftServerImpl.java:start(173)) - eda3ab58-4cb6-48c9-9a99-7c87daa9a4b0: start group-F7FFA2FEB938
2019-06-15 09:04:06,746 INFO  impl.RaftServerImpl (RaftServerImpl.java:setRole(164)) - eda3ab58-4cb6-48c9-9a99-7c87daa9a4b0:group-F7FFA2FEB938 changes role from null to FOLLOWER at term 0 for startAsFollower
2019-06-15 09:04:06,746 INFO  impl.RoleInfo (RoleInfo.java:updateAndGet(143)) - eda3ab58-4cb6-48c9-9a99-7c87daa9a4b0: start FollowerState
2019-06-15 09:04:06,747 INFO  util.JmxRegister (JmxRegister.java:tryRegister(44)) - Successfully registered JMX Bean with object name Ratis:service=RaftServer,group=group-F7FFA2FEB938,id=eda3ab58-4cb6-48c9-9a99-7c87daa9a4b0
2019-06-15 09:04:06,752 INFO  pipeline.PipelineStateManager (PipelineStateManager.java:addPipeline(56)) - Created pipeline Pipeline[ Id: 79688641-a097-4b39-9483-f7ffa2feb938, Nodes: eda3ab58-4cb6-48c9-9a99-7c87daa9a4b0{ip: 192.168.46.58, host: ozone-unit-076618677d3-f4jks-397892598, networkLocation: /default-rack, certSerialId: null}, Type:RATIS, Factor:ONE, State:OPEN]
2019-06-15 09:04:06,777 INFO  impl.RaftServerProxy (RaftServerProxy.java:addNew(89)) - eda3ab58-4cb6-48c9-9a99-7c87daa9a4b0: addNew group-7D6D6693F5A3:[eda3ab58-4cb6-48c9-9a99-7c87daa9a4b0:192.168.46.58:40939, e132ee7e-eabf-4d4d-a2e3-876e3935210e:192.168.46.58:45403, 6c16cd84-2c2d-4cd6-96a0-9d2b31d9b3a5:192.168.46.58:34665] returns group-7D6D6693F5A3:java.util.concurrent.CompletableFuture@608935d1[Not completed]
2019-06-15 09:04:06,777 INFO  impl.RaftServerImpl (RaftServerImpl.java:<init>(91)) - eda3ab58-4cb6-48c9-9a99-7c87daa9a4b0: new RaftServerImpl for group-7D6D6693F5A3:[eda3ab58-4cb6-48c9-9a99-7c87daa9a4b0:192.168.46.58:40939, e132ee7e-eabf-4d4d-a2e3-876e3935210e:192.168.46.58:45403, 6c16cd84-2c2d-4cd6-96a0-9d2b31d9b3a5:192.168.46.58:34665] with ContainerStateMachine:uninitialized
2019-06-15 09:04:06,778 INFO  server.RaftServerConfigKeys (ConfUtils.java:logGet(43)) - raft.server.rpc.timeout.min = 1s (custom)
2019-06-15 09:04:06,778 INFO  server.RaftServerConfigKeys (ConfUtils.java:logGet(43)) - raft.server.rpc.timeout.max = 1200ms (custom)
2019-06-15 09:04:06,778 INFO  server.RaftServerConfigKeys (ConfUtils.java:logGet(43)) - raft.server.rpcslowness.timeout = 10s (custom)
2019-06-15 09:04:06,778 INFO  impl.RaftServerProxy (RaftServerProxy.java:addNew(89)) - 6c16cd84-2c2d-4cd6-96a0-9d2b31d9b3a5: addNew group-7D6D6693F5A3:[eda3ab58-4cb6-48c9-9a99-7c87daa9a4b0:192.168.46.58:40939, e132ee7e-eabf-4d4d-a2e3-876e3935210e:192.168.46.58:45403, 6c16cd84-2c2d-4cd6-96a0-9d2b31d9b3a5:192.168.46.58:34665] returns group-7D6D6693F5A3:java.util.concurrent.CompletableFuture@9199055[Not completed]
2019-06-15 09:04:06,778 INFO  server.RaftServerConfigKeys (ConfUtils.java:logGet(43)) - raft.server.log.appender.install.snapshot.enabled = true (default)
2019-06-15 09:04:06,780 INFO  impl.RaftServerProxy (RaftServerProxy.java:addNew(89)) - e132ee7e-eabf-4d4d-a2e3-876e3935210e: addNew group-7D6D6693F5A3:[eda3ab58-4cb6-48c9-9a99-7c87daa9a4b0:192.168.46.58:40939, e132ee7e-eabf-4d4d-a2e3-876e3935210e:192.168.46.58:45403, 6c16cd84-2c2d-4cd6-96a0-9d2b31d9b3a5:192.168.46.58:34665] returns group-7D6D6693F5A3:java.util.concurrent.CompletableFuture@258ba7a4[Not completed]
2019-06-15 09:04:06,780 INFO  impl.RaftServerImpl (RaftServerImpl.java:<init>(91)) - 6c16cd84-2c2d-4cd6-96a0-9d2b31d9b3a5: new RaftServerImpl for group-7D6D6693F5A3:[eda3ab58-4cb6-48c9-9a99-7c87daa9a4b0:192.168.46.58:40939, e132ee7e-eabf-4d4d-a2e3-876e3935210e:192.168.46.58:45403, 6c16cd84-2c2d-4cd6-96a0-9d2b31d9b3a5:192.168.46.58:34665] with ContainerStateMachine:uninitialized
2019-06-15 09:04:06,780 INFO  impl.RaftServerImpl (ServerState.java:<init>(101)) - eda3ab58-4cb6-48c9-9a99-7c87daa9a4b0:group-7D6D6693F5A3 ConfigurationManager, init=-1: [eda3ab58-4cb6-48c9-9a99-7c87daa9a4b0:192.168.46.58:40939, e132ee7e-eabf-4d4d-a2e3-876e3935210e:192.168.46.58:45403, 6c16cd84-2c2d-4cd6-96a0-9d2b31d9b3a5:192.168.46.58:34665], old=null, confs=<EMPTY_MAP>
2019-06-15 09:04:06,780 INFO  server.RaftServerConfigKeys (ConfUtils.java:logGet(43)) - raft.server.rpc.timeout.min = 1s (custom)
2019-06-15 09:04:06,781 INFO  server.RaftServerConfigKeys (ConfUtils.java:logGet(43)) - raft.server.rpc.timeout.max = 1200ms (custom)
2019-06-15 09:04:06,781 INFO  server.RaftServerConfigKeys (ConfUtils.java:logGet(43)) - raft.server.rpcslowness.timeout = 10s (custom)
2019-06-15 09:04:06,781 INFO  server.RaftServerConfigKeys (ConfUtils.java:logGet(43)) - raft.server.log.appender.install.snapshot.enabled = true (default)
2019-06-15 09:04:06,781 INFO  impl.RaftServerImpl (ServerState.java:<init>(101)) - 6c16cd84-2c2d-4cd6-96a0-9d2b31d9b3a5:group-7D6D6693F5A3 ConfigurationManager, init=-1: [eda3ab58-4cb6-48c9-9a99-7c87daa9a4b0:192.168.46.58:40939, e132ee7e-eabf-4d4d-a2e3-876e3935210e:192.168.46.58:45403, 6c16cd84-2c2d-4cd6-96a0-9d2b31d9b3a5:192.168.46.58:34665], old=null, confs=<EMPTY_MAP>
2019-06-15 09:04:06,781 INFO  server.RaftServerConfigKeys (ConfUtils.java:logGet(43)) - raft.server.storage.dir = [/opt/src/hadoop-ozone/integration-test/target/test-dir/MiniOzoneClusterImpl-0884d3ab-8aeb-4d75-824c-caccd44d9c0f/datanode-3/data/ratis] (custom)
2019-06-15 09:04:06,781 INFO  storage.RaftStorageDirectory (RaftStorageDirectory.java:analyzeStorage(246)) - The storage directory /opt/src/hadoop-ozone/integration-test/target/test-dir/MiniOzoneClusterImpl-0884d3ab-8aeb-4d75-824c-caccd44d9c0f/datanode-3/data/ratis/38f19109-e438-4498-a569-7d6d6693f5a3 does not exist. Creating ...
2019-06-15 09:04:06,780 INFO  server.RaftServerConfigKeys (ConfUtils.java:logGet(43)) - raft.server.storage.dir = [/opt/src/hadoop-ozone/integration-test/target/test-dir/MiniOzoneClusterImpl-0884d3ab-8aeb-4d75-824c-caccd44d9c0f/datanode-5/data/ratis] (custom)
2019-06-15 09:04:06,781 INFO  impl.RaftServerImpl (RaftServerImpl.java:<init>(91)) - e132ee7e-eabf-4d4d-a2e3-876e3935210e: new RaftServerImpl for group-7D6D6693F5A3:[eda3ab58-4cb6-48c9-9a99-7c87daa9a4b0:192.168.46.58:40939, e132ee7e-eabf-4d4d-a2e3-876e3935210e:192.168.46.58:45403, 6c16cd84-2c2d-4cd6-96a0-9d2b31d9b3a5:192.168.46.58:34665] with ContainerStateMachine:uninitialized
2019-06-15 09:04:06,782 INFO  storage.RaftStorageDirectory (RaftStorageDirectory.java:analyzeStorage(246)) - The storage directory /opt/src/hadoop-ozone/integration-test/target/test-dir/MiniOzoneClusterImpl-0884d3ab-8aeb-4d75-824c-caccd44d9c0f/datanode-5/data/ratis/38f19109-e438-4498-a569-7d6d6693f5a3 does not exist. Creating ...
2019-06-15 09:04:06,782 INFO  server.RaftServerConfigKeys (ConfUtils.java:logGet(43)) - raft.server.rpc.timeout.min = 1s (custom)
2019-06-15 09:04:06,782 INFO  server.RaftServerConfigKeys (ConfUtils.java:logGet(43)) - raft.server.rpc.timeout.max = 1200ms (custom)
2019-06-15 09:04:06,783 INFO  server.RaftServerConfigKeys (ConfUtils.java:logGet(43)) - raft.server.rpcslowness.timeout = 10s (custom)
2019-06-15 09:04:06,783 INFO  server.RaftServerConfigKeys (ConfUtils.java:logGet(43)) - raft.server.log.appender.install.snapshot.enabled = true (default)
2019-06-15 09:04:06,783 INFO  impl.RaftServerImpl (ServerState.java:<init>(101)) - e132ee7e-eabf-4d4d-a2e3-876e3935210e:group-7D6D6693F5A3 ConfigurationManager, init=-1: [eda3ab58-4cb6-48c9-9a99-7c87daa9a4b0:192.168.46.58:40939, e132ee7e-eabf-4d4d-a2e3-876e3935210e:192.168.46.58:45403, 6c16cd84-2c2d-4cd6-96a0-9d2b31d9b3a5:192.168.46.58:34665], old=null, confs=<EMPTY_MAP>
2019-06-15 09:04:06,783 INFO  server.RaftServerConfigKeys (ConfUtils.java:logGet(43)) - raft.server.storage.dir = [/opt/src/hadoop-ozone/integration-test/target/test-dir/MiniOzoneClusterImpl-0884d3ab-8aeb-4d75-824c-caccd44d9c0f/datanode-4/data/ratis] (custom)
2019-06-15 09:04:06,784 INFO  storage.RaftStorageDirectory (RaftStorageDirectory.java:analyzeStorage(246)) - The storage directory /opt/src/hadoop-ozone/integration-test/target/test-dir/MiniOzoneClusterImpl-0884d3ab-8aeb-4d75-824c-caccd44d9c0f/datanode-4/data/ratis/38f19109-e438-4498-a569-7d6d6693f5a3 does not exist. Creating ...
2019-06-15 09:04:06,784 INFO  storage.RaftStorageDirectory (RaftStorageDirectory.java:tryLock(328)) - Lock on /opt/src/hadoop-ozone/integration-test/target/test-dir/MiniOzoneClusterImpl-0884d3ab-8aeb-4d75-824c-caccd44d9c0f/datanode-5/data/ratis/38f19109-e438-4498-a569-7d6d6693f5a3/in_use.lock acquired by nodename 10004@ozone-unit-076618677d3-f4jks-397892598
2019-06-15 09:04:06,784 INFO  storage.RaftStorageDirectory (RaftStorageDirectory.java:tryLock(328)) - Lock on /opt/src/hadoop-ozone/integration-test/target/test-dir/MiniOzoneClusterImpl-0884d3ab-8aeb-4d75-824c-caccd44d9c0f/datanode-3/data/ratis/38f19109-e438-4498-a569-7d6d6693f5a3/in_use.lock acquired by nodename 10004@ozone-unit-076618677d3-f4jks-397892598
2019-06-15 09:04:06,786 INFO  storage.RaftStorage (RaftStorage.java:format(75)) - Storage directory /opt/src/hadoop-ozone/integration-test/target/test-dir/MiniOzoneClusterImpl-0884d3ab-8aeb-4d75-824c-caccd44d9c0f/datanode-5/data/ratis/38f19109-e438-4498-a569-7d6d6693f5a3 has been successfully formatted.
2019-06-15 09:04:06,786 INFO  storage.RaftStorage (RaftStorage.java:format(75)) - Storage directory /opt/src/hadoop-ozone/integration-test/target/test-dir/MiniOzoneClusterImpl-0884d3ab-8aeb-4d75-824c-caccd44d9c0f/datanode-3/data/ratis/38f19109-e438-4498-a569-7d6d6693f5a3 has been successfully formatted.
2019-06-15 09:04:06,787 INFO  ratis.ContainerStateMachine (ContainerStateMachine.java:loadSnapshot(199)) - The snapshot info is null.Setting the last applied index to:(t:0, i:~)
2019-06-15 09:04:06,787 INFO  server.RaftServerConfigKeys (ConfUtils.java:logGet(43)) - raft.server.leader.election.timeout = 10s (custom)
2019-06-15 09:04:06,787 INFO  server.RaftServerConfigKeys (ConfUtils.java:logGet(43)) - raft.server.log.use.memory = false (default)
2019-06-15 09:04:06,787 INFO  server.RaftServerConfigKeys (ConfUtils.java:logGet(43)) - raft.server.log.appender.buffer.byte-limit = 33554432 (custom)
2019-06-15 09:04:06,787 INFO  server.RaftServerConfigKeys (ConfUtils.java:logGet(43)) - raft.server.log.segment.size.max = 16384 (custom)
2019-06-15 09:04:06,787 INFO  server.RaftServerConfigKeys (ConfUtils.java:logGet(43)) - raft.server.log.segment.cache.num.max = 2 (custom)
2019-06-15 09:04:06,787 INFO  storage.RaftLogWorker (RaftLogWorker.java:<init>(123)) - new 6c16cd84-2c2d-4cd6-96a0-9d2b31d9b3a5-RaftLogWorker for Storage Directory /opt/src/hadoop-ozone/integration-test/target/test-dir/MiniOzoneClusterImpl-0884d3ab-8aeb-4d75-824c-caccd44d9c0f/datanode-3/data/ratis/38f19109-e438-4498-a569-7d6d6693f5a3
2019-06-15 09:04:06,787 INFO  server.RaftServerConfigKeys (ConfUtils.java:logGet(43)) - raft.server.log.queue.byte-limit = 2147483647 (custom)
2019-06-15 09:04:06,787 INFO  server.RaftServerConfigKeys (ConfUtils.java:logGet(43)) - raft.server.log.queue.element-limit = 1024 (custom)
2019-06-15 09:04:06,788 INFO  server.RaftServerConfigKeys (ConfUtils.java:logGet(43)) - raft.server.log.segment.size.max = 16384 (custom)
2019-06-15 09:04:06,788 INFO  server.RaftServerConfigKeys (ConfUtils.java:logGet(43)) - raft.server.log.preallocated.size = 16384 (custom)
2019-06-15 09:04:06,788 INFO  server.RaftServerConfigKeys (ConfUtils.java:logGet(43)) - raft.server.log.write.buffer.size = 33554432 (custom)
2019-06-15 09:04:06,788 INFO  server.RaftServerConfigKeys (ConfUtils.java:logGet(43)) - raft.server.log.force.sync.num = 128 (default)
2019-06-15 09:04:06,788 INFO  server.RaftServerConfigKeys (ConfUtils.java:logGet(43)) - raft.server.log.statemachine.data.sync = true (default)
2019-06-15 09:04:06,788 INFO  server.RaftServerConfigKeys (ConfUtils.java:logGet(43)) - raft.server.log.statemachine.data.sync.timeout = 10s (default)
2019-06-15 09:04:06,788 INFO  server.RaftServerConfigKeys (ConfUtils.java:logGet(43)) - raft.server.log.statemachine.data.sync.timeout.retry = -1 (default)
2019-06-15 09:04:06,788 INFO  server.RaftServerConfigKeys (ConfUtils.java:logGet(43)) - raft.server.log.statemachine.data.caching.enabled = true (custom)
2019-06-15 09:04:06,786 INFO  storage.RaftStorageDirectory (RaftStorageDirectory.java:tryLock(328)) - Lock on /opt/src/hadoop-ozone/integration-test/target/test-dir/MiniOzoneClusterImpl-0884d3ab-8aeb-4d75-824c-caccd44d9c0f/datanode-4/data/ratis/38f19109-e438-4498-a569-7d6d6693f5a3/in_use.lock acquired by nodename 10004@ozone-unit-076618677d3-f4jks-397892598
2019-06-15 09:04:06,789 INFO  server.RaftServerConfigKeys (ConfUtils.java:logGet(43)) - raft.server.snapshot.auto.trigger.enabled = true (custom)
2019-06-15 09:04:06,789 INFO  server.RaftServerConfigKeys (ConfUtils.java:logGet(43)) - raft.server.snapshot.auto.trigger.threshold = 10000 (custom)
2019-06-15 09:04:06,789 INFO  server.RaftServerConfigKeys (ConfUtils.java:logGet(43)) - raft.server.retrycache.expirytime = 600000ms (custom)
2019-06-15 09:04:06,786 INFO  ratis.ContainerStateMachine (ContainerStateMachine.java:loadSnapshot(199)) - The snapshot info is null.Setting the last applied index to:(t:0, i:~)
2019-06-15 09:04:06,789 INFO  impl.RaftServerImpl (RaftServerImpl.java:start(173)) - 6c16cd84-2c2d-4cd6-96a0-9d2b31d9b3a5: start group-7D6D6693F5A3
2019-06-15 09:04:06,789 INFO  impl.RaftServerImpl (RaftServerImpl.java:setRole(164)) - 6c16cd84-2c2d-4cd6-96a0-9d2b31d9b3a5:group-7D6D6693F5A3 changes role from null to FOLLOWER at term 0 for startAsFollower
2019-06-15 09:04:06,790 INFO  impl.RoleInfo (RoleInfo.java:updateAndGet(143)) - 6c16cd84-2c2d-4cd6-96a0-9d2b31d9b3a5: start FollowerState
2019-06-15 09:04:06,790 INFO  server.RaftServerConfigKeys (ConfUtils.java:logGet(43)) - raft.server.leader.election.timeout = 10s (custom)
2019-06-15 09:04:06,790 INFO  server.RaftServerConfigKeys (ConfUtils.java:logGet(43)) - raft.server.log.use.memory = false (default)
2019-06-15 09:04:06,790 INFO  server.RaftServerConfigKeys (ConfUtils.java:logGet(43)) - raft.server.log.appender.buffer.byte-limit = 33554432 (custom)
2019-06-15 09:04:06,790 INFO  server.RaftServerConfigKeys (ConfUtils.java:logGet(43)) - raft.server.log.segment.size.max = 16384 (custom)
2019-06-15 09:04:06,790 INFO  server.RaftServerConfigKeys (ConfUtils.java:logGet(43)) - raft.server.log.segment.cache.num.max = 2 (custom)
2019-06-15 09:04:06,790 INFO  storage.RaftLogWorker (RaftLogWorker.java:<init>(123)) - new eda3ab58-4cb6-48c9-9a99-7c87daa9a4b0-RaftLogWorker for Storage Directory /opt/src/hadoop-ozone/integration-test/target/test-dir/MiniOzoneClusterImpl-0884d3ab-8aeb-4d75-824c-caccd44d9c0f/datanode-5/data/ratis/38f19109-e438-4498-a569-7d6d6693f5a3
2019-06-15 09:04:06,790 INFO  server.RaftServerConfigKeys (ConfUtils.java:logGet(43)) - raft.server.log.queue.byte-limit = 2147483647 (custom)
2019-06-15 09:04:06,790 INFO  server.RaftServerConfigKeys (ConfUtils.java:logGet(43)) - raft.server.log.queue.element-limit = 1024 (custom)
2019-06-15 09:04:06,790 INFO  server.RaftServerConfigKeys (ConfUtils.java:logGet(43)) - raft.server.log.segment.size.max = 16384 (custom)
2019-06-15 09:04:06,791 INFO  server.RaftServerConfigKeys (ConfUtils.java:logGet(43)) - raft.server.log.preallocated.size = 16384 (custom)
2019-06-15 09:04:06,791 INFO  util.JmxRegister (JmxRegister.java:tryRegister(44)) - Successfully registered JMX Bean with object name Ratis:service=RaftServer,group=group-7D6D6693F5A3,id=6c16cd84-2c2d-4cd6-96a0-9d2b31d9b3a5
2019-06-15 09:04:06,791 INFO  storage.RaftStorage (RaftStorage.java:format(75)) - Storage directory /opt/src/hadoop-ozone/integration-test/target/test-dir/MiniOzoneClusterImpl-0884d3ab-8aeb-4d75-824c-caccd44d9c0f/datanode-4/data/ratis/38f19109-e438-4498-a569-7d6d6693f5a3 has been successfully formatted.
2019-06-15 09:04:06,791 INFO  ratis.ContainerStateMachine (ContainerStateMachine.java:loadSnapshot(199)) - The snapshot info is null.Setting the last applied index to:(t:0, i:~)
2019-06-15 09:04:06,792 INFO  server.RaftServerConfigKeys (ConfUtils.java:logGet(43)) - raft.server.leader.election.timeout = 10s (custom)
2019-06-15 09:04:06,792 INFO  server.RaftServerConfigKeys (ConfUtils.java:logGet(43)) - raft.server.log.use.memory = false (default)
2019-06-15 09:04:06,792 INFO  server.RaftServerConfigKeys (ConfUtils.java:logGet(43)) - raft.server.log.appender.buffer.byte-limit = 33554432 (custom)
2019-06-15 09:04:06,792 INFO  server.RaftServerConfigKeys (ConfUtils.java:logGet(43)) - raft.server.log.segment.size.max = 16384 (custom)
2019-06-15 09:04:06,792 INFO  server.RaftServerConfigKeys (ConfUtils.java:logGet(43)) - raft.server.log.segment.cache.num.max = 2 (custom)
2019-06-15 09:04:06,792 INFO  storage.RaftLogWorker (RaftLogWorker.java:<init>(123)) - new e132ee7e-eabf-4d4d-a2e3-876e3935210e-RaftLogWorker for Storage Directory /opt/src/hadoop-ozone/integration-test/target/test-dir/MiniOzoneClusterImpl-0884d3ab-8aeb-4d75-824c-caccd44d9c0f/datanode-4/data/ratis/38f19109-e438-4498-a569-7d6d6693f5a3
2019-06-15 09:04:06,792 INFO  server.RaftServerConfigKeys (ConfUtils.java:logGet(43)) - raft.server.log.queue.byte-limit = 2147483647 (custom)
2019-06-15 09:04:06,792 INFO  server.RaftServerConfigKeys (ConfUtils.java:logGet(43)) - raft.server.log.queue.element-limit = 1024 (custom)
2019-06-15 09:04:06,792 INFO  server.RaftServerConfigKeys (ConfUtils.java:logGet(43)) - raft.server.log.segment.size.max = 16384 (custom)
2019-06-15 09:04:06,792 INFO  server.RaftServerConfigKeys (ConfUtils.java:logGet(43)) - raft.server.log.preallocated.size = 16384 (custom)
2019-06-15 09:04:06,793 INFO  server.RaftServerConfigKeys (ConfUtils.java:logGet(43)) - raft.server.log.write.buffer.size = 33554432 (custom)
2019-06-15 09:04:06,793 INFO  server.RaftServerConfigKeys (ConfUtils.java:logGet(43)) - raft.server.log.force.sync.num = 128 (default)
2019-06-15 09:04:06,793 INFO  server.RaftServerConfigKeys (ConfUtils.java:logGet(43)) - raft.server.log.statemachine.data.sync = true (default)
2019-06-15 09:04:06,793 INFO  server.RaftServerConfigKeys (ConfUtils.java:logGet(43)) - raft.server.log.statemachine.data.sync.timeout = 10s (default)
2019-06-15 09:04:06,793 INFO  server.RaftServerConfigKeys (ConfUtils.java:logGet(43)) - raft.server.log.statemachine.data.sync.timeout.retry = -1 (default)
2019-06-15 09:04:06,793 INFO  server.RaftServerConfigKeys (ConfUtils.java:logGet(43)) - raft.server.log.statemachine.data.caching.enabled = true (custom)
2019-06-15 09:04:06,793 INFO  server.RaftServerConfigKeys (ConfUtils.java:logGet(43)) - raft.server.log.write.buffer.size = 33554432 (custom)
2019-06-15 09:04:06,793 INFO  server.RaftServerConfigKeys (ConfUtils.java:logGet(43)) - raft.server.snapshot.auto.trigger.enabled = true (custom)
2019-06-15 09:04:06,794 INFO  server.RaftServerConfigKeys (ConfUtils.java:logGet(43)) - raft.server.snapshot.auto.trigger.threshold = 10000 (custom)
2019-06-15 09:04:06,794 INFO  server.RaftServerConfigKeys (ConfUtils.java:logGet(43)) - raft.server.log.force.sync.num = 128 (default)
2019-06-15 09:04:06,794 INFO  server.RaftServerConfigKeys (ConfUtils.java:logGet(43)) - raft.server.log.statemachine.data.sync = true (default)
2019-06-15 09:04:06,794 INFO  server.RaftServerConfigKeys (ConfUtils.java:logGet(43)) - raft.server.log.statemachine.data.sync.timeout = 10s (default)
2019-06-15 09:04:06,794 INFO  server.RaftServerConfigKeys (ConfUtils.java:logGet(43)) - raft.server.log.statemachine.data.sync.timeout.retry = -1 (default)
2019-06-15 09:04:06,797 INFO  server.RaftServerConfigKeys (ConfUtils.java:logGet(43)) - raft.server.log.statemachine.data.caching.enabled = true (custom)
2019-06-15 09:04:06,797 INFO  server.RaftServerConfigKeys (ConfUtils.java:logGet(43)) - raft.server.retrycache.expirytime = 600000ms (custom)
2019-06-15 09:04:06,798 INFO  impl.RaftServerImpl (RaftServerImpl.java:start(173)) - e132ee7e-eabf-4d4d-a2e3-876e3935210e: start group-7D6D6693F5A3
2019-06-15 09:04:06,798 INFO  impl.RaftServerImpl (RaftServerImpl.java:setRole(164)) - e132ee7e-eabf-4d4d-a2e3-876e3935210e:group-7D6D6693F5A3 changes role from null to FOLLOWER at term 0 for startAsFollower
2019-06-15 09:04:06,798 INFO  server.RaftServerConfigKeys (ConfUtils.java:logGet(43)) - raft.server.snapshot.auto.trigger.enabled = true (custom)
2019-06-15 09:04:06,798 INFO  server.RaftServerConfigKeys (ConfUtils.java:logGet(43)) - raft.server.snapshot.auto.trigger.threshold = 10000 (custom)
2019-06-15 09:04:06,799 INFO  server.RaftServerConfigKeys (ConfUtils.java:logGet(43)) - raft.server.retrycache.expirytime = 600000ms (custom)
2019-06-15 09:04:06,811 INFO  impl.RaftServerImpl (RaftServerImpl.java:start(173)) - eda3ab58-4cb6-48c9-9a99-7c87daa9a4b0: start group-7D6D6693F5A3
2019-06-15 09:04:06,811 INFO  impl.RaftServerImpl (RaftServerImpl.java:setRole(164)) - eda3ab58-4cb6-48c9-9a99-7c87daa9a4b0:group-7D6D6693F5A3 changes role from null to FOLLOWER at term 0 for startAsFollower
2019-06-15 09:04:06,811 INFO  impl.RoleInfo (RoleInfo.java:updateAndGet(143)) - eda3ab58-4cb6-48c9-9a99-7c87daa9a4b0: start FollowerState
2019-06-15 09:04:06,798 INFO  impl.RoleInfo (RoleInfo.java:updateAndGet(143)) - e132ee7e-eabf-4d4d-a2e3-876e3935210e: start FollowerState
2019-06-15 09:04:06,814 INFO  util.JmxRegister (JmxRegister.java:tryRegister(44)) - Successfully registered JMX Bean with object name Ratis:service=RaftServer,group=group-7D6D6693F5A3,id=eda3ab58-4cb6-48c9-9a99-7c87daa9a4b0
2019-06-15 09:04:06,816 INFO  util.JmxRegister (JmxRegister.java:tryRegister(44)) - Successfully registered JMX Bean with object name Ratis:service=RaftServer,group=group-7D6D6693F5A3,id=e132ee7e-eabf-4d4d-a2e3-876e3935210e
2019-06-15 09:04:06,828 INFO  pipeline.PipelineStateManager (PipelineStateManager.java:addPipeline(56)) - Created pipeline Pipeline[ Id: 38f19109-e438-4498-a569-7d6d6693f5a3, Nodes: eda3ab58-4cb6-48c9-9a99-7c87daa9a4b0{ip: 192.168.46.58, host: ozone-unit-076618677d3-f4jks-397892598, networkLocation: /default-rack, certSerialId: null}e132ee7e-eabf-4d4d-a2e3-876e3935210e{ip: 192.168.46.58, host: ozone-unit-076618677d3-f4jks-397892598, networkLocation: /default-rack, certSerialId: null}6c16cd84-2c2d-4cd6-96a0-9d2b31d9b3a5{ip: 192.168.46.58, host: ozone-unit-076618677d3-f4jks-397892598, networkLocation: /default-rack, certSerialId: null}, Type:RATIS, Factor:THREE, State:OPEN]
2019-06-15 09:04:07,140 INFO  impl.FollowerState (FollowerState.java:run(101)) - 5770aa65-2ed7-4f26-b16b-68c861846249:group-593CCB747D39 changes to CANDIDATE, lastRpcTime:1131, electionTimeout:1129ms
2019-06-15 09:04:07,140 INFO  impl.RoleInfo (RoleInfo.java:shutdownFollowerState(121)) - 5770aa65-2ed7-4f26-b16b-68c861846249: shutdown FollowerState
2019-06-15 09:04:07,140 INFO  impl.RaftServerImpl (RaftServerImpl.java:setRole(164)) - 5770aa65-2ed7-4f26-b16b-68c861846249:group-593CCB747D39 changes role from FOLLOWER to CANDIDATE at term 0 for changeToCandidate
2019-06-15 09:04:07,142 INFO  impl.RoleInfo (RoleInfo.java:updateAndGet(143)) - 5770aa65-2ed7-4f26-b16b-68c861846249: start LeaderElection
2019-06-15 09:04:07,149 INFO  impl.LeaderElection (LeaderElection.java:askForVotes(181)) - 5770aa65-2ed7-4f26-b16b-68c861846249:group-593CCB747D39:LeaderElection1: begin an election at term 1 for -1: [5770aa65-2ed7-4f26-b16b-68c861846249:192.168.46.58:40997], old=null
2019-06-15 09:04:07,151 INFO  impl.RoleInfo (RoleInfo.java:shutdownLeaderElection(134)) - 5770aa65-2ed7-4f26-b16b-68c861846249: shutdown LeaderElection
2019-06-15 09:04:07,151 INFO  impl.RaftServerImpl (RaftServerImpl.java:setRole(164)) - 5770aa65-2ed7-4f26-b16b-68c861846249:group-593CCB747D39 changes role from CANDIDATE to LEADER at term 1 for changeToLeader
2019-06-15 09:04:07,151 INFO  impl.RaftServerImpl (ServerState.java:setLeader(263)) - 5770aa65-2ed7-4f26-b16b-68c861846249:group-593CCB747D39 change Leader from null to 5770aa65-2ed7-4f26-b16b-68c861846249 at term 1 for becomeLeader, leader elected after 1191ms
2019-06-15 09:04:07,155 INFO  server.RaftServerConfigKeys (ConfUtils.java:logGet(43)) - raft.server.staging.catchup.gap = 1000 (default)
2019-06-15 09:04:07,155 INFO  server.RaftServerConfigKeys (ConfUtils.java:logGet(43)) - raft.server.rpc.sleep.time = 25ms (default)
2019-06-15 09:04:07,158 INFO  server.RaftServerConfigKeys (ConfUtils.java:logGet(43)) - raft.server.watch.timeout = 10s (default)
2019-06-15 09:04:07,158 INFO  server.RaftServerConfigKeys (ConfUtils.java:logGet(43)) - raft.server.watch.timeout.denomination = 1s (default)
2019-06-15 09:04:07,164 INFO  impl.RoleInfo (RoleInfo.java:updateAndGet(143)) - 5770aa65-2ed7-4f26-b16b-68c861846249: start LeaderState
2019-06-15 09:04:07,180 INFO  storage.RaftLogWorker (RaftLogWorker.java:startLogSegment(298)) - 5770aa65-2ed7-4f26-b16b-68c861846249-RaftLogWorker: Starting segment from index:0
2019-06-15 09:04:07,186 INFO  impl.RaftServerImpl (ServerState.java:setRaftConf(361)) - 5770aa65-2ed7-4f26-b16b-68c861846249:group-593CCB747D39 set configuration 0: [5770aa65-2ed7-4f26-b16b-68c861846249:192.168.46.58:40997], old=null at 0
2019-06-15 09:04:07,253 INFO  impl.FollowerState (FollowerState.java:run(101)) - 6c16cd84-2c2d-4cd6-96a0-9d2b31d9b3a5:group-4A48859FF458 changes to CANDIDATE, lastRpcTime:1036, electionTimeout:1036ms
2019-06-15 09:04:07,255 INFO  impl.RoleInfo (RoleInfo.java:shutdownFollowerState(121)) - 6c16cd84-2c2d-4cd6-96a0-9d2b31d9b3a5: shutdown FollowerState
2019-06-15 09:04:07,255 INFO  impl.RaftServerImpl (RaftServerImpl.java:setRole(164)) - 6c16cd84-2c2d-4cd6-96a0-9d2b31d9b3a5:group-4A48859FF458 changes role from FOLLOWER to CANDIDATE at term 0 for changeToCandidate
2019-06-15 09:04:07,255 INFO  impl.RoleInfo (RoleInfo.java:updateAndGet(143)) - 6c16cd84-2c2d-4cd6-96a0-9d2b31d9b3a5: start LeaderElection
2019-06-15 09:04:07,260 INFO  impl.LeaderElection (LeaderElection.java:askForVotes(181)) - 6c16cd84-2c2d-4cd6-96a0-9d2b31d9b3a5:group-4A48859FF458:LeaderElection2: begin an election at term 1 for -1: [6c16cd84-2c2d-4cd6-96a0-9d2b31d9b3a5:192.168.46.58:34665], old=null
2019-06-15 09:04:07,261 INFO  impl.RoleInfo (RoleInfo.java:shutdownLeaderElection(134)) - 6c16cd84-2c2d-4cd6-96a0-9d2b31d9b3a5: shutdown LeaderElection
2019-06-15 09:04:07,261 INFO  impl.RaftServerImpl (RaftServerImpl.java:setRole(164)) - 6c16cd84-2c2d-4cd6-96a0-9d2b31d9b3a5:group-4A48859FF458 changes role from CANDIDATE to LEADER at term 1 for changeToLeader
2019-06-15 09:04:07,261 INFO  impl.RaftServerImpl (ServerState.java:setLeader(263)) - 6c16cd84-2c2d-4cd6-96a0-9d2b31d9b3a5:group-4A48859FF458 change Leader from null to 6c16cd84-2c2d-4cd6-96a0-9d2b31d9b3a5 at term 1 for becomeLeader, leader elected after 1047ms
2019-06-15 09:04:07,262 INFO  server.RaftServerConfigKeys (ConfUtils.java:logGet(43)) - raft.server.staging.catchup.gap = 1000 (default)
2019-06-15 09:04:07,262 INFO  server.RaftServerConfigKeys (ConfUtils.java:logGet(43)) - raft.server.rpc.sleep.time = 25ms (default)
2019-06-15 09:04:07,263 INFO  server.RaftServerConfigKeys (ConfUtils.java:logGet(43)) - raft.server.watch.timeout = 10s (default)
2019-06-15 09:04:07,263 INFO  server.RaftServerConfigKeys (ConfUtils.java:logGet(43)) - raft.server.watch.timeout.denomination = 1s (default)
2019-06-15 09:04:07,263 INFO  impl.RoleInfo (RoleInfo.java:updateAndGet(143)) - 6c16cd84-2c2d-4cd6-96a0-9d2b31d9b3a5: start LeaderState
2019-06-15 09:04:07,263 INFO  storage.RaftLogWorker (RaftLogWorker.java:startLogSegment(298)) - 6c16cd84-2c2d-4cd6-96a0-9d2b31d9b3a5-RaftLogWorker: Starting segment from index:0
2019-06-15 09:04:07,264 INFO  impl.RaftServerImpl (ServerState.java:setRaftConf(361)) - 6c16cd84-2c2d-4cd6-96a0-9d2b31d9b3a5:group-4A48859FF458 set configuration 0: [6c16cd84-2c2d-4cd6-96a0-9d2b31d9b3a5:192.168.46.58:34665], old=null at 0
2019-06-15 09:04:07,265 INFO  impl.FollowerState (FollowerState.java:run(101)) - a5f50c8b-6df7-442e-8e91-a8d53b3d3cee:group-C0DBEBAF6506 changes to CANDIDATE, lastRpcTime:1161, electionTimeout:1160ms
2019-06-15 09:04:07,265 INFO  impl.RoleInfo (RoleInfo.java:shutdownFollowerState(121)) - a5f50c8b-6df7-442e-8e91-a8d53b3d3cee: shutdown FollowerState
2019-06-15 09:04:07,265 INFO  impl.RaftServerImpl (RaftServerImpl.java:setRole(164)) - a5f50c8b-6df7-442e-8e91-a8d53b3d3cee:group-C0DBEBAF6506 changes role from FOLLOWER to CANDIDATE at term 0 for changeToCandidate
2019-06-15 09:04:07,265 INFO  impl.RoleInfo (RoleInfo.java:updateAndGet(143)) - a5f50c8b-6df7-442e-8e91-a8d53b3d3cee: start LeaderElection
2019-06-15 09:04:07,274 INFO  impl.LeaderElection (LeaderElection.java:askForVotes(181)) - a5f50c8b-6df7-442e-8e91-a8d53b3d3cee:group-C0DBEBAF6506:LeaderElection3: begin an election at term 1 for -1: [a5f50c8b-6df7-442e-8e91-a8d53b3d3cee:192.168.46.58:38423], old=null
2019-06-15 09:04:07,274 INFO  impl.RoleInfo (RoleInfo.java:shutdownLeaderElection(134)) - a5f50c8b-6df7-442e-8e91-a8d53b3d3cee: shutdown LeaderElection
2019-06-15 09:04:07,274 INFO  impl.RaftServerImpl (RaftServerImpl.java:setRole(164)) - a5f50c8b-6df7-442e-8e91-a8d53b3d3cee:group-C0DBEBAF6506 changes role from CANDIDATE to LEADER at term 1 for changeToLeader
2019-06-15 09:04:07,275 INFO  impl.RaftServerImpl (ServerState.java:setLeader(263)) - a5f50c8b-6df7-442e-8e91-a8d53b3d3cee:group-C0DBEBAF6506 change Leader from null to a5f50c8b-6df7-442e-8e91-a8d53b3d3cee at term 1 for becomeLeader, leader elected after 1175ms
2019-06-15 09:04:07,276 INFO  server.RaftServerConfigKeys (ConfUtils.java:logGet(43)) - raft.server.staging.catchup.gap = 1000 (default)
2019-06-15 09:04:07,276 INFO  server.RaftServerConfigKeys (ConfUtils.java:logGet(43)) - raft.server.rpc.sleep.time = 25ms (default)
2019-06-15 09:04:07,276 INFO  server.RaftServerConfigKeys (ConfUtils.java:logGet(43)) - raft.server.watch.timeout = 10s (default)
2019-06-15 09:04:07,276 INFO  server.RaftServerConfigKeys (ConfUtils.java:logGet(43)) - raft.server.watch.timeout.denomination = 1s (default)
2019-06-15 09:04:07,276 INFO  impl.RoleInfo (RoleInfo.java:updateAndGet(143)) - a5f50c8b-6df7-442e-8e91-a8d53b3d3cee: start LeaderState
2019-06-15 09:04:07,276 INFO  storage.RaftLogWorker (RaftLogWorker.java:startLogSegment(298)) - a5f50c8b-6df7-442e-8e91-a8d53b3d3cee-RaftLogWorker: Starting segment from index:0
2019-06-15 09:04:07,277 INFO  impl.RaftServerImpl (ServerState.java:setRaftConf(361)) - a5f50c8b-6df7-442e-8e91-a8d53b3d3cee:group-C0DBEBAF6506 set configuration 0: [a5f50c8b-6df7-442e-8e91-a8d53b3d3cee:192.168.46.58:38423], old=null at 0
2019-06-15 09:04:07,292 INFO  impl.FollowerState (FollowerState.java:run(101)) - a5f50c8b-6df7-442e-8e91-a8d53b3d3cee:group-61749B056004 changes to CANDIDATE, lastRpcTime:1021, electionTimeout:1018ms
2019-06-15 09:04:07,292 INFO  impl.RoleInfo (RoleInfo.java:shutdownFollowerState(121)) - a5f50c8b-6df7-442e-8e91-a8d53b3d3cee: shutdown FollowerState
2019-06-15 09:04:07,292 INFO  impl.RaftServerImpl (RaftServerImpl.java:setRole(164)) - a5f50c8b-6df7-442e-8e91-a8d53b3d3cee:group-61749B056004 changes role from FOLLOWER to CANDIDATE at term 0 for changeToCandidate
2019-06-15 09:04:07,292 INFO  impl.RoleInfo (RoleInfo.java:updateAndGet(143)) - a5f50c8b-6df7-442e-8e91-a8d53b3d3cee: start LeaderElection
2019-06-15 09:04:07,299 INFO  impl.LeaderElection (LeaderElection.java:askForVotes(181)) - a5f50c8b-6df7-442e-8e91-a8d53b3d3cee:group-61749B056004:LeaderElection4: begin an election at term 1 for -1: [5770aa65-2ed7-4f26-b16b-68c861846249:192.168.46.58:40997, a5f50c8b-6df7-442e-8e91-a8d53b3d3cee:192.168.46.58:38423, 1c5aa3b0-faf1-4dce-a729-5ebc57de4a36:192.168.46.58:38515], old=null
2019-06-15 09:04:07,366 INFO  impl.FollowerState (FollowerState.java:run(101)) - 1c5aa3b0-faf1-4dce-a729-5ebc57de4a36:group-F509E5AB4461 changes to CANDIDATE, lastRpcTime:1191, electionTimeout:1185ms
2019-06-15 09:04:07,366 INFO  impl.RoleInfo (RoleInfo.java:shutdownFollowerState(121)) - 1c5aa3b0-faf1-4dce-a729-5ebc57de4a36: shutdown FollowerState
2019-06-15 09:04:07,366 INFO  impl.RaftServerImpl (RaftServerImpl.java:setRole(164)) - 1c5aa3b0-faf1-4dce-a729-5ebc57de4a36:group-F509E5AB4461 changes role from FOLLOWER to CANDIDATE at term 0 for changeToCandidate
2019-06-15 09:04:07,366 INFO  impl.RoleInfo (RoleInfo.java:updateAndGet(143)) - 1c5aa3b0-faf1-4dce-a729-5ebc57de4a36: start LeaderElection
2019-06-15 09:04:07,375 INFO  impl.FollowerState (FollowerState.java:run(101)) - 5770aa65-2ed7-4f26-b16b-68c861846249:group-61749B056004 changes to CANDIDATE, lastRpcTime:1082, electionTimeout:1077ms
2019-06-15 09:04:07,376 INFO  impl.RoleInfo (RoleInfo.java:shutdownFollowerState(121)) - 5770aa65-2ed7-4f26-b16b-68c861846249: shutdown FollowerState
2019-06-15 09:04:07,376 INFO  impl.RaftServerImpl (RaftServerImpl.java:setRole(164)) - 5770aa65-2ed7-4f26-b16b-68c861846249:group-61749B056004 changes role from FOLLOWER to CANDIDATE at term 0 for changeToCandidate
2019-06-15 09:04:07,387 INFO  storage.RaftLogWorker (RaftLogWorker.java:execute(469)) - a5f50c8b-6df7-442e-8e91-a8d53b3d3cee-RaftLogWorker: created new log segment /opt/src/hadoop-ozone/integration-test/target/test-dir/MiniOzoneClusterImpl-0884d3ab-8aeb-4d75-824c-caccd44d9c0f/datanode-2/data/ratis/b061ce6e-1c0b-4024-a940-c0dbebaf6506/current/log_inprogress_0
2019-06-15 09:04:07,390 INFO  storage.RaftLogWorker (RaftLogWorker.java:execute(469)) - 5770aa65-2ed7-4f26-b16b-68c861846249-RaftLogWorker: created new log segment /opt/src/hadoop-ozone/integration-test/target/test-dir/MiniOzoneClusterImpl-0884d3ab-8aeb-4d75-824c-caccd44d9c0f/datanode-0/data/ratis/3a2e14c9-3c43-4f74-bef1-593ccb747d39/current/log_inprogress_0
2019-06-15 09:04:07,390 INFO  impl.FollowerState (FollowerState.java:run(101)) - 1c5aa3b0-faf1-4dce-a729-5ebc57de4a36:group-61749B056004 changes to CANDIDATE, lastRpcTime:1108, electionTimeout:1095ms
2019-06-15 09:04:07,402 INFO  impl.RoleInfo (RoleInfo.java:shutdownFollowerState(121)) - 1c5aa3b0-faf1-4dce-a729-5ebc57de4a36: shutdown FollowerState
2019-06-15 09:04:07,402 INFO  impl.RaftServerImpl (RaftServerImpl.java:setRole(164)) - 1c5aa3b0-faf1-4dce-a729-5ebc57de4a36:group-61749B056004 changes role from FOLLOWER to CANDIDATE at term 0 for changeToCandidate
2019-06-15 09:04:07,402 INFO  impl.RoleInfo (RoleInfo.java:updateAndGet(143)) - 1c5aa3b0-faf1-4dce-a729-5ebc57de4a36: start LeaderElection
2019-06-15 09:04:07,390 INFO  storage.RaftLogWorker (RaftLogWorker.java:execute(469)) - 6c16cd84-2c2d-4cd6-96a0-9d2b31d9b3a5-RaftLogWorker: created new log segment /opt/src/hadoop-ozone/integration-test/target/test-dir/MiniOzoneClusterImpl-0884d3ab-8aeb-4d75-824c-caccd44d9c0f/datanode-3/data/ratis/ffa62863-2238-4fb3-a498-4a48859ff458/current/log_inprogress_0
2019-06-15 09:04:07,390 INFO  impl.RoleInfo (RoleInfo.java:updateAndGet(143)) - 5770aa65-2ed7-4f26-b16b-68c861846249: start LeaderElection
2019-06-15 09:04:07,402 INFO  impl.LeaderElection (LeaderElection.java:askForVotes(181)) - 1c5aa3b0-faf1-4dce-a729-5ebc57de4a36:group-F509E5AB4461:LeaderElection5: begin an election at term 1 for -1: [1c5aa3b0-faf1-4dce-a729-5ebc57de4a36:192.168.46.58:38515], old=null
2019-06-15 09:04:07,423 INFO  impl.RoleInfo (RoleInfo.java:shutdownLeaderElection(134)) - 1c5aa3b0-faf1-4dce-a729-5ebc57de4a36: shutdown LeaderElection
2019-06-15 09:04:07,427 INFO  impl.RaftServerImpl (RaftServerImpl.java:setRole(164)) - 1c5aa3b0-faf1-4dce-a729-5ebc57de4a36:group-F509E5AB4461 changes role from CANDIDATE to LEADER at term 1 for changeToLeader
2019-06-15 09:04:07,427 INFO  impl.RaftServerImpl (ServerState.java:setLeader(263)) - 1c5aa3b0-faf1-4dce-a729-5ebc57de4a36:group-F509E5AB4461 change Leader from null to 1c5aa3b0-faf1-4dce-a729-5ebc57de4a36 at term 1 for becomeLeader, leader elected after 1256ms
2019-06-15 09:04:07,431 INFO  impl.LeaderElection (LeaderElection.java:askForVotes(181)) - 1c5aa3b0-faf1-4dce-a729-5ebc57de4a36:group-61749B056004:LeaderElection7: begin an election at term 1 for -1: [5770aa65-2ed7-4f26-b16b-68c861846249:192.168.46.58:40997, a5f50c8b-6df7-442e-8e91-a8d53b3d3cee:192.168.46.58:38423, 1c5aa3b0-faf1-4dce-a729-5ebc57de4a36:192.168.46.58:38515], old=null
2019-06-15 09:04:07,431 INFO  impl.RaftServerImpl (RaftServerImpl.java:setRole(164)) - 5770aa65-2ed7-4f26-b16b-68c861846249:group-61749B056004 changes role from CANDIDATE to FOLLOWER at term 1 for recognizeCandidate:a5f50c8b-6df7-442e-8e91-a8d53b3d3cee
2019-06-15 09:04:07,431 INFO  impl.RoleInfo (RoleInfo.java:shutdownLeaderElection(134)) - 5770aa65-2ed7-4f26-b16b-68c861846249: shutdown LeaderElection
2019-06-15 09:04:07,431 INFO  impl.RoleInfo (RoleInfo.java:updateAndGet(143)) - 5770aa65-2ed7-4f26-b16b-68c861846249: start FollowerState
2019-06-15 09:04:07,431 INFO  server.RaftServerConfigKeys (ConfUtils.java:logGet(43)) - raft.server.staging.catchup.gap = 1000 (default)
2019-06-15 09:04:07,431 INFO  server.RaftServerConfigKeys (ConfUtils.java:logGet(43)) - raft.server.rpc.sleep.time = 25ms (default)
2019-06-15 09:04:07,432 INFO  server.RaftServerConfigKeys (ConfUtils.java:logGet(43)) - raft.server.watch.timeout = 10s (default)
2019-06-15 09:04:07,432 INFO  server.RaftServerConfigKeys (ConfUtils.java:logGet(43)) - raft.server.watch.timeout.denomination = 1s (default)
2019-06-15 09:04:07,432 INFO  impl.RoleInfo (RoleInfo.java:updateAndGet(143)) - 1c5aa3b0-faf1-4dce-a729-5ebc57de4a36: start LeaderState
2019-06-15 09:04:07,432 INFO  storage.RaftLogWorker (RaftLogWorker.java:startLogSegment(298)) - 1c5aa3b0-faf1-4dce-a729-5ebc57de4a36-RaftLogWorker: Starting segment from index:0
2019-06-15 09:04:07,432 INFO  impl.RaftServerImpl (ServerState.java:setRaftConf(361)) - 1c5aa3b0-faf1-4dce-a729-5ebc57de4a36:group-F509E5AB4461 set configuration 0: [1c5aa3b0-faf1-4dce-a729-5ebc57de4a36:192.168.46.58:38515], old=null at 0
2019-06-15 09:04:07,456 INFO  impl.FollowerState (FollowerState.java:run(101)) - e132ee7e-eabf-4d4d-a2e3-876e3935210e:group-785F89DF98BD changes to CANDIDATE, lastRpcTime:1044, electionTimeout:1040ms
2019-06-15 09:04:07,456 INFO  impl.RoleInfo (RoleInfo.java:shutdownFollowerState(121)) - e132ee7e-eabf-4d4d-a2e3-876e3935210e: shutdown FollowerState
2019-06-15 09:04:07,456 INFO  impl.RaftServerImpl (RaftServerImpl.java:setRole(164)) - e132ee7e-eabf-4d4d-a2e3-876e3935210e:group-785F89DF98BD changes role from FOLLOWER to CANDIDATE at term 0 for changeToCandidate
2019-06-15 09:04:07,456 INFO  impl.RoleInfo (RoleInfo.java:updateAndGet(143)) - e132ee7e-eabf-4d4d-a2e3-876e3935210e: start LeaderElection
2019-06-15 09:04:07,458 INFO  impl.LeaderElection (LeaderElection.java:askForVotes(181)) - 5770aa65-2ed7-4f26-b16b-68c861846249:group-61749B056004:LeaderElection6: begin an election at term 2 for -1: [5770aa65-2ed7-4f26-b16b-68c861846249:192.168.46.58:40997, a5f50c8b-6df7-442e-8e91-a8d53b3d3cee:192.168.46.58:38423, 1c5aa3b0-faf1-4dce-a729-5ebc57de4a36:192.168.46.58:38515], old=null
2019-06-15 09:04:07,460 INFO  impl.LeaderElection (LeaderElection.java:logAndReturn(56)) - 5770aa65-2ed7-4f26-b16b-68c861846249:group-61749B056004:LeaderElection6: Election REJECTED; received 0 response(s) [] and 0 exception(s); 5770aa65-2ed7-4f26-b16b-68c861846249:t2, leader=null, voted=5770aa65-2ed7-4f26-b16b-68c861846249, raftlog=5770aa65-2ed7-4f26-b16b-68c861846249-SegmentedRaftLog:OPENED:c-1,f-1,i0, conf=-1: [5770aa65-2ed7-4f26-b16b-68c861846249:192.168.46.58:40997, a5f50c8b-6df7-442e-8e91-a8d53b3d3cee:192.168.46.58:38423, 1c5aa3b0-faf1-4dce-a729-5ebc57de4a36:192.168.46.58:38515], old=null
2019-06-15 09:04:07,479 INFO  storage.RaftLogWorker (RaftLogWorker.java:execute(469)) - 1c5aa3b0-faf1-4dce-a729-5ebc57de4a36-RaftLogWorker: created new log segment /opt/src/hadoop-ozone/integration-test/target/test-dir/MiniOzoneClusterImpl-0884d3ab-8aeb-4d75-824c-caccd44d9c0f/datanode-1/data/ratis/f21e2d5a-de9b-42cd-9202-f509e5ab4461/current/log_inprogress_0
2019-06-15 09:04:07,495 INFO  impl.LeaderElection (LeaderElection.java:logAndReturn(56)) - a5f50c8b-6df7-442e-8e91-a8d53b3d3cee:group-61749B056004:LeaderElection4: Election REJECTED; received 2 response(s) [a5f50c8b-6df7-442e-8e91-a8d53b3d3cee->5770aa65-2ed7-4f26-b16b-68c861846249,false-t1, a5f50c8b-6df7-442e-8e91-a8d53b3d3cee->1c5aa3b0-faf1-4dce-a729-5ebc57de4a36,false-t1] and 0 exception(s); a5f50c8b-6df7-442e-8e91-a8d53b3d3cee:t1, leader=null, voted=a5f50c8b-6df7-442e-8e91-a8d53b3d3cee, raftlog=a5f50c8b-6df7-442e-8e91-a8d53b3d3cee-SegmentedRaftLog:OPENED:c-1,f-1,i0, conf=-1: [5770aa65-2ed7-4f26-b16b-68c861846249:192.168.46.58:40997, a5f50c8b-6df7-442e-8e91-a8d53b3d3cee:192.168.46.58:38423, 1c5aa3b0-faf1-4dce-a729-5ebc57de4a36:192.168.46.58:38515], old=null
2019-06-15 09:04:07,502 INFO  impl.RaftServerImpl (RaftServerImpl.java:setRole(164)) - a5f50c8b-6df7-442e-8e91-a8d53b3d3cee:group-61749B056004 changes role from CANDIDATE to FOLLOWER at term 1 for DISCOVERED_A_NEW_TERM
2019-06-15 09:04:07,502 INFO  impl.RoleInfo (RoleInfo.java:shutdownLeaderElection(134)) - a5f50c8b-6df7-442e-8e91-a8d53b3d3cee: shutdown LeaderElection
2019-06-15 09:04:07,502 INFO  impl.RoleInfo (RoleInfo.java:updateAndGet(143)) - a5f50c8b-6df7-442e-8e91-a8d53b3d3cee: start FollowerState
2019-06-15 09:04:07,512 INFO  impl.LeaderElection (LeaderElection.java:askForVotes(181)) - e132ee7e-eabf-4d4d-a2e3-876e3935210e:group-785F89DF98BD:LeaderElection8: begin an election at term 1 for -1: [e132ee7e-eabf-4d4d-a2e3-876e3935210e:192.168.46.58:45403], old=null
2019-06-15 09:04:07,523 INFO  impl.RoleInfo (RoleInfo.java:shutdownLeaderElection(134)) - e132ee7e-eabf-4d4d-a2e3-876e3935210e: shutdown LeaderElection
2019-06-15 09:04:07,523 INFO  impl.RaftServerImpl (RaftServerImpl.java:setRole(164)) - e132ee7e-eabf-4d4d-a2e3-876e3935210e:group-785F89DF98BD changes role from CANDIDATE to LEADER at term 1 for changeToLeader
2019-06-15 09:04:07,524 INFO  impl.RaftServerImpl (ServerState.java:setLeader(263)) - e132ee7e-eabf-4d4d-a2e3-876e3935210e:group-785F89DF98BD change Leader from null to e132ee7e-eabf-4d4d-a2e3-876e3935210e at term 1 for becomeLeader, leader elected after 1114ms
2019-06-15 09:04:07,523 INFO  impl.RaftServerImpl (RaftServerImpl.java:setRole(164)) - a5f50c8b-6df7-442e-8e91-a8d53b3d3cee:group-61749B056004 changes role from FOLLOWER to FOLLOWER at term 2 for recognizeCandidate:5770aa65-2ed7-4f26-b16b-68c861846249
2019-06-15 09:04:07,524 INFO  impl.RoleInfo (RoleInfo.java:shutdownFollowerState(121)) - a5f50c8b-6df7-442e-8e91-a8d53b3d3cee: shutdown FollowerState
2019-06-15 09:04:07,524 INFO  impl.RaftServerImpl (RaftServerImpl.java:setRole(164)) - 1c5aa3b0-faf1-4dce-a729-5ebc57de4a36:group-61749B056004 changes role from CANDIDATE to FOLLOWER at term 2 for recognizeCandidate:5770aa65-2ed7-4f26-b16b-68c861846249
2019-06-15 09:04:07,527 INFO  impl.RoleInfo (RoleInfo.java:shutdownLeaderElection(134)) - 1c5aa3b0-faf1-4dce-a729-5ebc57de4a36: shutdown LeaderElection
2019-06-15 09:04:07,527 INFO  impl.RoleInfo (RoleInfo.java:updateAndGet(143)) - a5f50c8b-6df7-442e-8e91-a8d53b3d3cee: start FollowerState
2019-06-15 09:04:07,526 INFO  impl.FollowerState (FollowerState.java:run(109)) - a5f50c8b-6df7-442e-8e91-a8d53b3d3cee: FollowerState was interrupted: java.lang.InterruptedException: sleep interrupted
2019-06-15 09:04:07,526 INFO  server.RaftServerConfigKeys (ConfUtils.java:logGet(43)) - raft.server.staging.catchup.gap = 1000 (default)
2019-06-15 09:04:07,534 INFO  server.RaftServerConfigKeys (ConfUtils.java:logGet(43)) - raft.server.rpc.sleep.time = 25ms (default)
2019-06-15 09:04:07,534 INFO  server.RaftServerConfigKeys (ConfUtils.java:logGet(43)) - raft.server.watch.timeout = 10s (default)
2019-06-15 09:04:07,534 INFO  server.RaftServerConfigKeys (ConfUtils.java:logGet(43)) - raft.server.watch.timeout.denomination = 1s (default)
2019-06-15 09:04:07,535 INFO  impl.RoleInfo (RoleInfo.java:updateAndGet(143)) - e132ee7e-eabf-4d4d-a2e3-876e3935210e: start LeaderState
2019-06-15 09:04:07,535 INFO  storage.RaftLogWorker (RaftLogWorker.java:startLogSegment(298)) - e132ee7e-eabf-4d4d-a2e3-876e3935210e-RaftLogWorker: Starting segment from index:0
2019-06-15 09:04:07,527 INFO  impl.RoleInfo (RoleInfo.java:updateAndGet(143)) - 1c5aa3b0-faf1-4dce-a729-5ebc57de4a36: start FollowerState
2019-06-15 09:04:07,535 INFO  impl.RaftServerImpl (ServerState.java:setRaftConf(361)) - e132ee7e-eabf-4d4d-a2e3-876e3935210e:group-785F89DF98BD set configuration 0: [e132ee7e-eabf-4d4d-a2e3-876e3935210e:192.168.46.58:45403], old=null at 0
2019-06-15 09:04:07,555 INFO  impl.LeaderElection (LeaderElection.java:logAndReturn(56)) - 1c5aa3b0-faf1-4dce-a729-5ebc57de4a36:group-61749B056004:LeaderElection7: Election DISCOVERED_A_NEW_TERM; received 1 response(s) [1c5aa3b0-faf1-4dce-a729-5ebc57de4a36->5770aa65-2ed7-4f26-b16b-68c861846249,false-t2] and 0 exception(s); 1c5aa3b0-faf1-4dce-a729-5ebc57de4a36:t2, leader=null, voted=null, raftlog=1c5aa3b0-faf1-4dce-a729-5ebc57de4a36-SegmentedRaftLog:OPENED:c-1,f-1,i0, conf=-1: [5770aa65-2ed7-4f26-b16b-68c861846249:192.168.46.58:40997, a5f50c8b-6df7-442e-8e91-a8d53b3d3cee:192.168.46.58:38423, 1c5aa3b0-faf1-4dce-a729-5ebc57de4a36:192.168.46.58:38515], old=null
2019-06-15 09:04:07,577 INFO  storage.RaftLogWorker (RaftLogWorker.java:execute(469)) - e132ee7e-eabf-4d4d-a2e3-876e3935210e-RaftLogWorker: created new log segment /opt/src/hadoop-ozone/integration-test/target/test-dir/MiniOzoneClusterImpl-0884d3ab-8aeb-4d75-824c-caccd44d9c0f/datanode-4/data/ratis/3ec281c3-bdb2-4575-9a2a-785f89df98bd/current/log_inprogress_0
2019-06-15 09:04:07,719 INFO  ozone.MiniOzoneClusterImpl (MiniOzoneClusterImpl.java:lambda$waitForClusterToBeReady$0(142)) - Cluster is ready. Got 6 of 6 DN Heartbeats.
]]></system-out>
    <system-err><![CDATA[ERROR StatusLogger No Log4j 2 configuration file found. Using default configuration (logging only errors to the console), or user programmatically provided configurations. Set system property 'log4j2.debug' to show Log4j 2 internal initialization logging. See https://logging.apache.org/log4j/2.x/manual/configuration.html for instructions on how to configure Log4j 2
Jun 15, 2019 9:04:00 AM com.sun.jersey.server.impl.application.WebApplicationImpl _initiate
INFO: Initiating Jersey application, version 'Jersey: 1.19 02/11/2015 03:25 AM'
Jun 15, 2019 9:04:01 AM com.sun.jersey.server.impl.application.WebApplicationImpl _initiate
INFO: Initiating Jersey application, version 'Jersey: 1.19 02/11/2015 03:25 AM'
Jun 15, 2019 9:04:01 AM com.sun.jersey.server.impl.application.WebApplicationImpl _initiate
INFO: Initiating Jersey application, version 'Jersey: 1.19 02/11/2015 03:25 AM'
Jun 15, 2019 9:04:01 AM com.sun.jersey.server.impl.application.WebApplicationImpl _initiate
INFO: Initiating Jersey application, version 'Jersey: 1.19 02/11/2015 03:25 AM'
Jun 15, 2019 9:04:02 AM com.sun.jersey.server.impl.application.WebApplicationImpl _initiate
INFO: Initiating Jersey application, version 'Jersey: 1.19 02/11/2015 03:25 AM'
Jun 15, 2019 9:04:02 AM com.sun.jersey.server.impl.application.WebApplicationImpl _initiate
INFO: Initiating Jersey application, version 'Jersey: 1.19 02/11/2015 03:25 AM'
]]></system-err>
  </testcase>
</testsuite>