<?xml version="1.0" encoding="UTF-8"?>
<testsuite xmlns:xsi="http://www.w3.org/2001/XMLSchema-instance" xsi:noNamespaceSchemaLocation="https://maven.apache.org/surefire/maven-surefire-plugin/xsd/surefire-test-report.xsd" name="org.apache.hadoop.ozone.client.rpc.TestWatchForCommit" time="137.904" tests="6" errors="0" skipped="0" failures="1">
  <properties>
    <property name="awt.toolkit" value="sun.awt.X11.XToolkit"/>
    <property name="file.encoding.pkg" value="sun.io"/>
    <property name="java.specification.version" value="1.8"/>
    <property name="sun.cpu.isalist" value=""/>
    <property name="sun.jnu.encoding" value="UTF-8"/>
    <property name="java.class.path" value="/opt/src/hadoop-ozone/integration-test/target/test-classes:/opt/src/hadoop-ozone/integration-test/target/classes:/home/user/.m2/repository/org/apache/hadoop/hadoop-ozone-common/0.5.0-SNAPSHOT/hadoop-ozone-common-0.5.0-SNAPSHOT.jar:/home/user/.m2/repository/org/apache/commons/commons-compress/1.4.1/commons-compress-1.4.1.jar:/home/user/.m2/repository/org/tukaani/xz/1.0/xz-1.0.jar:/home/user/.m2/repository/org/apache/hadoop/hadoop-common/3.2.0/hadoop-common-3.2.0.jar:/home/user/.m2/repository/org/apache/hadoop/hadoop-hdfs/3.2.0/hadoop-hdfs-3.2.0.jar:/home/user/.m2/repository/org/apache/hadoop/hadoop-hdfs-client/3.2.0/hadoop-hdfs-client-3.2.0.jar:/home/user/.m2/repository/com/fasterxml/jackson/core/jackson-annotations/2.9.5/jackson-annotations-2.9.5.jar:/home/user/.m2/repository/org/apache/hadoop/hadoop-hdds-common/0.5.0-SNAPSHOT/hadoop-hdds-common-0.5.0-SNAPSHOT.jar:/home/user/.m2/repository/javax/annotation/javax.annotation-api/1.2/javax.annotation-api-1.2.jar:/home/user/.m2/repository/org/apache/ratis/ratis-server/0.4.0-fe2b15d-SNAPSHOT/ratis-server-0.4.0-fe2b15d-SNAPSHOT.jar:/home/user/.m2/repository/org/apache/ratis/ratis-thirdparty-misc/0.2.0/ratis-thirdparty-misc-0.2.0.jar:/home/user/.m2/repository/org/apache/ratis/ratis-proto/0.4.0-fe2b15d-SNAPSHOT/ratis-proto-0.4.0-fe2b15d-SNAPSHOT.jar:/home/user/.m2/repository/org/apache/ratis/ratis-common/0.4.0-fe2b15d-SNAPSHOT/ratis-common-0.4.0-fe2b15d-SNAPSHOT.jar:/home/user/.m2/repository/org/apache/ratis/ratis-client/0.4.0-fe2b15d-SNAPSHOT/ratis-client-0.4.0-fe2b15d-SNAPSHOT.jar:/home/user/.m2/repository/org/apache/ratis/ratis-netty/0.4.0-fe2b15d-SNAPSHOT/ratis-netty-0.4.0-fe2b15d-SNAPSHOT.jar:/home/user/.m2/repository/org/apache/ratis/ratis-grpc/0.4.0-fe2b15d-SNAPSHOT/ratis-grpc-0.4.0-fe2b15d-SNAPSHOT.jar:/home/user/.m2/repository/org/rocksdb/rocksdbjni/5.14.2/rocksdbjni-5.14.2.jar:/home/user/.m2/repository/org/apache/logging/log4j/log4j-api/2.11.0/log4j-api-2.11.0.jar:/home/user/.m2/repository/org/apache/logging/log4j/log4j-core/2.11.0/log4j-core-2.11.0.jar:/home/user/.m2/repository/com/lmax/disruptor/3.4.2/disruptor-3.4.2.jar:/home/user/.m2/repository/org/apache/commons/commons-pool2/2.6.0/commons-pool2-2.6.0.jar:/home/user/.m2/repository/org/bouncycastle/bcpkix-jdk15on/1.60/bcpkix-jdk15on-1.60.jar:/home/user/.m2/repository/commons-validator/commons-validator/1.6/commons-validator-1.6.jar:/home/user/.m2/repository/commons-digester/commons-digester/1.8.1/commons-digester-1.8.1.jar:/home/user/.m2/repository/io/jaegertracing/jaeger-client/0.33.1/jaeger-client-0.33.1.jar:/home/user/.m2/repository/io/jaegertracing/jaeger-thrift/0.33.1/jaeger-thrift-0.33.1.jar:/home/user/.m2/repository/org/apache/thrift/libthrift/0.11.0/libthrift-0.11.0.jar:/home/user/.m2/repository/com/squareup/okhttp3/okhttp/3.9.0/okhttp-3.9.0.jar:/home/user/.m2/repository/com/squareup/okio/okio/1.13.0/okio-1.13.0.jar:/home/user/.m2/repository/io/jaegertracing/jaeger-core/0.33.1/jaeger-core-0.33.1.jar:/home/user/.m2/repository/io/jaegertracing/jaeger-tracerresolver/0.33.1/jaeger-tracerresolver-0.33.1.jar:/home/user/.m2/repository/io/opentracing/contrib/opentracing-tracerresolver/0.1.5/opentracing-tracerresolver-0.1.5.jar:/home/user/.m2/repository/io/opentracing/opentracing-util/0.31.0/opentracing-util-0.31.0.jar:/home/user/.m2/repository/io/opentracing/opentracing-api/0.31.0/opentracing-api-0.31.0.jar:/home/user/.m2/repository/io/opentracing/opentracing-noop/0.31.0/opentracing-noop-0.31.0.jar:/home/user/.m2/repository/org/apache/hadoop/hadoop-hdds-server-framework/0.5.0-SNAPSHOT/hadoop-hdds-server-framework-0.5.0-SNAPSHOT.jar:/home/user/.m2/repository/org/apache/hadoop/hadoop-hdds-server-scm/0.5.0-SNAPSHOT/hadoop-hdds-server-scm-0.5.0-SNAPSHOT.jar:/home/user/.m2/repository/org/apache/hadoop/hadoop-hdds-container-service/0.5.0-SNAPSHOT/hadoop-hdds-container-service-0.5.0-SNAPSHOT.jar:/home/user/.m2/repository/org/apache/hadoop/hadoop-hdds-client/0.5.0-SNAPSHOT/hadoop-hdds-client-0.5.0-SNAPSHOT.jar:/home/user/.m2/repository/org/apache/hadoop/hadoop-hdds-tools/0.5.0-SNAPSHOT/hadoop-hdds-tools-0.5.0-SNAPSHOT.jar:/home/user/.m2/repository/org/apache/hadoop/hadoop-ozone-ozone-manager/0.5.0-SNAPSHOT/hadoop-ozone-ozone-manager-0.5.0-SNAPSHOT.jar:/home/user/.m2/repository/org/apache/hadoop/hadoop-hdds-docs/0.5.0-SNAPSHOT/hadoop-hdds-docs-0.5.0-SNAPSHOT.jar:/home/user/.m2/repository/org/bouncycastle/bcprov-jdk15on/1.60/bcprov-jdk15on-1.60.jar:/home/user/.m2/repository/org/apache/hadoop/hadoop-minikdc/3.2.0/hadoop-minikdc-3.2.0.jar:/home/user/.m2/repository/commons-io/commons-io/2.5/commons-io-2.5.jar:/home/user/.m2/repository/org/apache/kerby/kerb-simplekdc/1.0.1/kerb-simplekdc-1.0.1.jar:/home/user/.m2/repository/org/apache/kerby/kerb-client/1.0.1/kerb-client-1.0.1.jar:/home/user/.m2/repository/org/apache/kerby/kerby-config/1.0.1/kerby-config-1.0.1.jar:/home/user/.m2/repository/org/apache/kerby/kerb-core/1.0.1/kerb-core-1.0.1.jar:/home/user/.m2/repository/org/apache/kerby/kerby-pkix/1.0.1/kerby-pkix-1.0.1.jar:/home/user/.m2/repository/org/apache/kerby/kerby-asn1/1.0.1/kerby-asn1-1.0.1.jar:/home/user/.m2/repository/org/apache/kerby/kerby-util/1.0.1/kerby-util-1.0.1.jar:/home/user/.m2/repository/org/apache/kerby/kerb-common/1.0.1/kerb-common-1.0.1.jar:/home/user/.m2/repository/org/apache/kerby/kerb-crypto/1.0.1/kerb-crypto-1.0.1.jar:/home/user/.m2/repository/org/apache/kerby/kerb-util/1.0.1/kerb-util-1.0.1.jar:/home/user/.m2/repository/org/apache/kerby/token-provider/1.0.1/token-provider-1.0.1.jar:/home/user/.m2/repository/org/apache/kerby/kerb-admin/1.0.1/kerb-admin-1.0.1.jar:/home/user/.m2/repository/org/apache/kerby/kerb-server/1.0.1/kerb-server-1.0.1.jar:/home/user/.m2/repository/org/apache/kerby/kerb-identity/1.0.1/kerb-identity-1.0.1.jar:/home/user/.m2/repository/org/apache/kerby/kerby-xdr/1.0.1/kerby-xdr-1.0.1.jar:/home/user/.m2/repository/org/slf4j/slf4j-log4j12/1.7.25/slf4j-log4j12-1.7.25.jar:/home/user/.m2/repository/org/apache/hadoop/hadoop-ozone-objectstore-service/0.5.0-SNAPSHOT/hadoop-ozone-objectstore-service-0.5.0-SNAPSHOT.jar:/home/user/.m2/repository/org/apache/hadoop/hadoop-ozone-s3gateway/0.5.0-SNAPSHOT/hadoop-ozone-s3gateway-0.5.0-SNAPSHOT.jar:/home/user/.m2/repository/org/jboss/weld/servlet/weld-servlet/2.4.7.Final/weld-servlet-2.4.7.Final.jar:/home/user/.m2/repository/org/glassfish/jersey/containers/jersey-container-servlet-core/2.27/jersey-container-servlet-core-2.27.jar:/home/user/.m2/repository/org/glassfish/hk2/external/javax.inject/2.5.0-b42/javax.inject-2.5.0-b42.jar:/home/user/.m2/repository/org/glassfish/jersey/core/jersey-common/2.27/jersey-common-2.27.jar:/home/user/.m2/repository/org/glassfish/hk2/osgi-resource-locator/1.0.1/osgi-resource-locator-1.0.1.jar:/home/user/.m2/repository/javax/ws/rs/javax.ws.rs-api/2.1/javax.ws.rs-api-2.1.jar:/home/user/.m2/repository/org/glassfish/jersey/ext/cdi/jersey-cdi1x/2.27/jersey-cdi1x-2.27.jar:/home/user/.m2/repository/org/glassfish/jersey/inject/jersey-hk2/2.27/jersey-hk2-2.27.jar:/home/user/.m2/repository/org/glassfish/hk2/hk2-locator/2.5.0-b42/hk2-locator-2.5.0-b42.jar:/home/user/.m2/repository/org/javassist/javassist/3.22.0-CR2/javassist-3.22.0-CR2.jar:/home/user/.m2/repository/org/glassfish/hk2/hk2-api/2.5.0/hk2-api-2.5.0.jar:/home/user/.m2/repository/org/glassfish/hk2/external/jakarta.inject/2.5.0/jakarta.inject-2.5.0.jar:/home/user/.m2/repository/org/glassfish/hk2/hk2-utils/2.5.0/hk2-utils-2.5.0.jar:/home/user/.m2/repository/jakarta/annotation/jakarta.annotation-api/1.3.4/jakarta.annotation-api-1.3.4.jar:/home/user/.m2/repository/org/glassfish/hk2/external/aopalliance-repackaged/2.5.0/aopalliance-repackaged-2.5.0.jar:/home/user/.m2/repository/com/fasterxml/jackson/dataformat/jackson-dataformat-xml/2.9.0/jackson-dataformat-xml-2.9.0.jar:/home/user/.m2/repository/com/fasterxml/jackson/core/jackson-core/2.9.5/jackson-core-2.9.5.jar:/home/user/.m2/repository/com/fasterxml/jackson/module/jackson-module-jaxb-annotations/2.9.5/jackson-module-jaxb-annotations-2.9.5.jar:/home/user/.m2/repository/javax/enterprise/cdi-api/1.2/cdi-api-1.2.jar:/home/user/.m2/repository/javax/el/javax.el-api/3.0.0/javax.el-api-3.0.0.jar:/home/user/.m2/repository/javax/interceptor/javax.interceptor-api/1.2/javax.interceptor-api-1.2.jar:/home/user/.m2/repository/javax/inject/javax.inject/1/javax.inject-1.jar:/home/user/.m2/repository/com/sun/xml/bind/jaxb-impl/2.3.0.1/jaxb-impl-2.3.0.1.jar:/home/user/.m2/repository/com/sun/xml/bind/jaxb-core/2.3.0.1/jaxb-core-2.3.0.1.jar:/home/user/.m2/repository/javax/xml/bind/jaxb-api/2.3.0/jaxb-api-2.3.0.jar:/home/user/.m2/repository/javax/activation/activation/1.1.1/activation-1.1.1.jar:/home/user/.m2/repository/org/apache/hadoop/hadoop-ozone-csi/0.5.0-SNAPSHOT/hadoop-ozone-csi-0.5.0-SNAPSHOT.jar:/home/user/.m2/repository/com/google/protobuf/protobuf-java-util/3.5.1/protobuf-java-util-3.5.1.jar:/home/user/.m2/repository/org/apache/hadoop/hadoop-hdds-config/0.5.0-SNAPSHOT/hadoop-hdds-config-0.5.0-SNAPSHOT.jar:/home/user/.m2/repository/com/google/guava/guava/11.0.2/guava-11.0.2.jar:/home/user/.m2/repository/com/google/protobuf/protobuf-java/2.5.0/protobuf-java-2.5.0.jar:/home/user/.m2/repository/io/grpc/grpc-netty/1.17.1/grpc-netty-1.17.1.jar:/home/user/.m2/repository/io/grpc/grpc-core/1.17.1/grpc-core-1.17.1.jar:/home/user/.m2/repository/io/grpc/grpc-context/1.17.1/grpc-context-1.17.1.jar:/home/user/.m2/repository/com/google/errorprone/error_prone_annotations/2.2.0/error_prone_annotations-2.2.0.jar:/home/user/.m2/repository/org/codehaus/mojo/animal-sniffer-annotations/1.17/animal-sniffer-annotations-1.17.jar:/home/user/.m2/repository/io/opencensus/opencensus-api/0.17.0/opencensus-api-0.17.0.jar:/home/user/.m2/repository/io/opencensus/opencensus-contrib-grpc-metrics/0.17.0/opencensus-contrib-grpc-metrics-0.17.0.jar:/home/user/.m2/repository/io/netty/netty-codec-http2/4.1.30.Final/netty-codec-http2-4.1.30.Final.jar:/home/user/.m2/repository/io/netty/netty-codec-http/4.1.30.Final/netty-codec-http-4.1.30.Final.jar:/home/user/.m2/repository/io/netty/netty-codec/4.1.30.Final/netty-codec-4.1.30.Final.jar:/home/user/.m2/repository/io/netty/netty-handler/4.1.30.Final/netty-handler-4.1.30.Final.jar:/home/user/.m2/repository/io/netty/netty-handler-proxy/4.1.30.Final/netty-handler-proxy-4.1.30.Final.jar:/home/user/.m2/repository/io/netty/netty-codec-socks/4.1.30.Final/netty-codec-socks-4.1.30.Final.jar:/home/user/.m2/repository/io/netty/netty-transport-native-epoll/4.1.30.Final/netty-transport-native-epoll-4.1.30.Final.jar:/home/user/.m2/repository/io/netty/netty-common/4.1.30.Final/netty-common-4.1.30.Final.jar:/home/user/.m2/repository/io/netty/netty-buffer/4.1.30.Final/netty-buffer-4.1.30.Final.jar:/home/user/.m2/repository/io/netty/netty-transport/4.1.30.Final/netty-transport-4.1.30.Final.jar:/home/user/.m2/repository/io/netty/netty-resolver/4.1.30.Final/netty-resolver-4.1.30.Final.jar:/home/user/.m2/repository/io/netty/netty-transport-native-unix-common/4.1.30.Final/netty-transport-native-unix-common-4.1.30.Final.jar:/home/user/.m2/repository/io/grpc/grpc-protobuf/1.17.1/grpc-protobuf-1.17.1.jar:/home/user/.m2/repository/com/google/api/grpc/proto-google-common-protos/1.0.0/proto-google-common-protos-1.0.0.jar:/home/user/.m2/repository/io/grpc/grpc-protobuf-lite/1.17.1/grpc-protobuf-lite-1.17.1.jar:/home/user/.m2/repository/io/grpc/grpc-stub/1.17.1/grpc-stub-1.17.1.jar:/home/user/.m2/repository/org/apache/hadoop/hadoop-ozone-recon/0.5.0-SNAPSHOT/hadoop-ozone-recon-0.5.0-SNAPSHOT.jar:/home/user/.m2/repository/org/apache/hadoop/hadoop-ozone-reconcodegen/0.5.0-SNAPSHOT/hadoop-ozone-reconcodegen-0.5.0-SNAPSHOT.jar:/home/user/.m2/repository/com/google/inject/extensions/guice-multibindings/4.0/guice-multibindings-4.0.jar:/home/user/.m2/repository/com/google/inject/guice/4.0/guice-4.0.jar:/home/user/.m2/repository/aopalliance/aopalliance/1.0/aopalliance-1.0.jar:/home/user/.m2/repository/com/google/inject/extensions/guice-servlet/4.0/guice-servlet-4.0.jar:/home/user/.m2/repository/org/glassfish/jersey/containers/jersey-container-servlet/2.27/jersey-container-servlet-2.27.jar:/home/user/.m2/repository/org/glassfish/hk2/guice-bridge/2.5.0/guice-bridge-2.5.0.jar:/home/user/.m2/repository/org/glassfish/jersey/core/jersey-server/2.27/jersey-server-2.27.jar:/home/user/.m2/repository/org/glassfish/jersey/core/jersey-client/2.27/jersey-client-2.27.jar:/home/user/.m2/repository/org/glassfish/jersey/media/jersey-media-jaxb/2.27/jersey-media-jaxb-2.27.jar:/home/user/.m2/repository/javax/validation/validation-api/1.1.0.Final/validation-api-1.1.0.Final.jar:/home/user/.m2/repository/org/glassfish/jersey/media/jersey-media-json-jackson/2.27/jersey-media-json-jackson-2.27.jar:/home/user/.m2/repository/org/glassfish/jersey/ext/jersey-entity-filtering/2.27/jersey-entity-filtering-2.27.jar:/home/user/.m2/repository/com/google/inject/extensions/guice-assistedinject/4.0/guice-assistedinject-4.0.jar:/home/user/.m2/repository/org/jooq/jooq/3.11.10/jooq-3.11.10.jar:/home/user/.m2/repository/org/jooq/jooq-meta/3.11.10/jooq-meta-3.11.10.jar:/home/user/.m2/repository/org/jooq/jooq-codegen/3.11.10/jooq-codegen-3.11.10.jar:/home/user/.m2/repository/com/jolbox/bonecp/0.8.0.RELEASE/bonecp-0.8.0.RELEASE.jar:/home/user/.m2/repository/org/xerial/sqlite-jdbc/3.25.2/sqlite-jdbc-3.25.2.jar:/home/user/.m2/repository/org/springframework/spring-jdbc/5.1.3.RELEASE/spring-jdbc-5.1.3.RELEASE.jar:/home/user/.m2/repository/org/springframework/spring-beans/5.1.3.RELEASE/spring-beans-5.1.3.RELEASE.jar:/home/user/.m2/repository/org/springframework/spring-core/5.1.3.RELEASE/spring-core-5.1.3.RELEASE.jar:/home/user/.m2/repository/org/springframework/spring-jcl/5.1.3.RELEASE/spring-jcl-5.1.3.RELEASE.jar:/home/user/.m2/repository/org/springframework/spring-tx/5.1.3.RELEASE/spring-tx-5.1.3.RELEASE.jar:/home/user/.m2/repository/org/apache/hadoop/hadoop-ozone-client/0.5.0-SNAPSHOT/hadoop-ozone-client-0.5.0-SNAPSHOT.jar:/home/user/.m2/repository/org/apache/hadoop/hadoop-ozone-ozone-manager/0.5.0-SNAPSHOT/hadoop-ozone-ozone-manager-0.5.0-SNAPSHOT-tests.jar:/home/user/.m2/repository/junit/junit/4.11/junit-4.11.jar:/home/user/.m2/repository/org/hamcrest/hamcrest-core/1.3/hamcrest-core-1.3.jar:/home/user/.m2/repository/org/openjdk/jmh/jmh-core/1.19/jmh-core-1.19.jar:/home/user/.m2/repository/net/sf/jopt-simple/jopt-simple/4.6/jopt-simple-4.6.jar:/home/user/.m2/repository/org/apache/commons/commons-math3/3.1.1/commons-math3-3.1.1.jar:/home/user/.m2/repository/org/openjdk/jmh/jmh-generator-annprocess/1.19/jmh-generator-annprocess-1.19.jar:/home/user/.m2/repository/org/mockito/mockito-all/1.8.5/mockito-all-1.8.5.jar:/home/user/.m2/repository/org/apache/hadoop/hadoop-kms/3.2.0/hadoop-kms-3.2.0.jar:/home/user/.m2/repository/org/apache/hadoop/hadoop-auth/3.2.0/hadoop-auth-3.2.0.jar:/home/user/.m2/repository/com/nimbusds/nimbus-jose-jwt/4.41.1/nimbus-jose-jwt-4.41.1.jar:/home/user/.m2/repository/com/github/stephenc/jcip/jcip-annotations/1.0-1/jcip-annotations-1.0-1.jar:/home/user/.m2/repository/net/minidev/json-smart/2.3/json-smart-2.3.jar:/home/user/.m2/repository/net/minidev/accessors-smart/1.2/accessors-smart-1.2.jar:/home/user/.m2/repository/org/ow2/asm/asm/5.0.4/asm-5.0.4.jar:/home/user/.m2/repository/org/apache/curator/curator-framework/2.12.0/curator-framework-2.12.0.jar:/home/user/.m2/repository/com/sun/jersey/jersey-core/1.19/jersey-core-1.19.jar:/home/user/.m2/repository/javax/ws/rs/jsr311-api/1.1.1/jsr311-api-1.1.1.jar:/home/user/.m2/repository/com/sun/jersey/jersey-server/1.19/jersey-server-1.19.jar:/home/user/.m2/repository/javax/servlet/javax.servlet-api/3.1.0/javax.servlet-api-3.1.0.jar:/home/user/.m2/repository/org/eclipse/jetty/jetty-server/9.3.24.v20180605/jetty-server-9.3.24.v20180605.jar:/home/user/.m2/repository/org/eclipse/jetty/jetty-http/9.3.24.v20180605/jetty-http-9.3.24.v20180605.jar:/home/user/.m2/repository/org/eclipse/jetty/jetty-io/9.3.24.v20180605/jetty-io-9.3.24.v20180605.jar:/home/user/.m2/repository/org/eclipse/jetty/jetty-webapp/9.3.24.v20180605/jetty-webapp-9.3.24.v20180605.jar:/home/user/.m2/repository/org/eclipse/jetty/jetty-xml/9.3.24.v20180605/jetty-xml-9.3.24.v20180605.jar:/home/user/.m2/repository/log4j/log4j/1.2.17/log4j-1.2.17.jar:/home/user/.m2/repository/org/slf4j/slf4j-api/1.7.25/slf4j-api-1.7.25.jar:/home/user/.m2/repository/org/slf4j/jul-to-slf4j/1.7.25/jul-to-slf4j-1.7.25.jar:/home/user/.m2/repository/org/eclipse/jetty/jetty-util/9.3.24.v20180605/jetty-util-9.3.24.v20180605.jar:/home/user/.m2/repository/io/dropwizard/metrics/metrics-core/3.2.4/metrics-core-3.2.4.jar:/home/user/.m2/repository/com/fasterxml/jackson/core/jackson-databind/2.9.5/jackson-databind-2.9.5.jar:/home/user/.m2/repository/org/apache/hadoop/hadoop-kms/3.2.0/hadoop-kms-3.2.0-tests.jar:/home/user/.m2/repository/org/apache/hadoop/hadoop-hdds-server-scm/0.5.0-SNAPSHOT/hadoop-hdds-server-scm-0.5.0-SNAPSHOT-tests.jar:/home/user/.m2/repository/org/hamcrest/hamcrest-all/1.3/hamcrest-all-1.3.jar:/home/user/.m2/repository/info/picocli/picocli/3.9.6/picocli-3.9.6.jar:/home/user/.m2/repository/org/apache/hadoop/hadoop-hdds-container-service/0.5.0-SNAPSHOT/hadoop-hdds-container-service-0.5.0-SNAPSHOT-tests.jar:/home/user/.m2/repository/org/yaml/snakeyaml/1.16/snakeyaml-1.16.jar:/home/user/.m2/repository/org/apache/hadoop/hadoop-common/3.2.0/hadoop-common-3.2.0-tests.jar:/home/user/.m2/repository/org/apache/hadoop/hadoop-annotations/3.2.0/hadoop-annotations-3.2.0.jar:/usr/lib/jvm/java-1.8-openjdk/jre/../lib/tools.jar:/home/user/.m2/repository/commons-cli/commons-cli/1.2/commons-cli-1.2.jar:/home/user/.m2/repository/org/apache/httpcomponents/httpclient/4.5.2/httpclient-4.5.2.jar:/home/user/.m2/repository/org/apache/httpcomponents/httpcore/4.4.4/httpcore-4.4.4.jar:/home/user/.m2/repository/commons-codec/commons-codec/1.11/commons-codec-1.11.jar:/home/user/.m2/repository/commons-net/commons-net/3.6/commons-net-3.6.jar:/home/user/.m2/repository/commons-collections/commons-collections/3.2.2/commons-collections-3.2.2.jar:/home/user/.m2/repository/org/eclipse/jetty/jetty-servlet/9.3.24.v20180605/jetty-servlet-9.3.24.v20180605.jar:/home/user/.m2/repository/org/eclipse/jetty/jetty-security/9.3.24.v20180605/jetty-security-9.3.24.v20180605.jar:/home/user/.m2/repository/javax/servlet/jsp/jsp-api/2.1/jsp-api-2.1.jar:/home/user/.m2/repository/com/sun/jersey/jersey-servlet/1.19/jersey-servlet-1.19.jar:/home/user/.m2/repository/com/sun/jersey/jersey-json/1.19/jersey-json-1.19.jar:/home/user/.m2/repository/org/codehaus/jettison/jettison/1.1/jettison-1.1.jar:/home/user/.m2/repository/org/codehaus/jackson/jackson-core-asl/1.9.13/jackson-core-asl-1.9.13.jar:/home/user/.m2/repository/org/codehaus/jackson/jackson-mapper-asl/1.9.13/jackson-mapper-asl-1.9.13.jar:/home/user/.m2/repository/org/codehaus/jackson/jackson-jaxrs/1.9.13/jackson-jaxrs-1.9.13.jar:/home/user/.m2/repository/org/codehaus/jackson/jackson-xc/1.9.13/jackson-xc-1.9.13.jar:/home/user/.m2/repository/commons-logging/commons-logging/1.1.3/commons-logging-1.1.3.jar:/home/user/.m2/repository/commons-beanutils/commons-beanutils/1.9.3/commons-beanutils-1.9.3.jar:/home/user/.m2/repository/org/apache/commons/commons-configuration2/2.1.1/commons-configuration2-2.1.1.jar:/home/user/.m2/repository/org/apache/commons/commons-lang3/3.7/commons-lang3-3.7.jar:/home/user/.m2/repository/org/apache/commons/commons-text/1.4/commons-text-1.4.jar:/home/user/.m2/repository/org/apache/avro/avro/1.7.7/avro-1.7.7.jar:/home/user/.m2/repository/com/thoughtworks/paranamer/paranamer/2.3/paranamer-2.3.jar:/home/user/.m2/repository/org/xerial/snappy/snappy-java/1.0.5/snappy-java-1.0.5.jar:/home/user/.m2/repository/com/google/re2j/re2j/1.1/re2j-1.1.jar:/home/user/.m2/repository/com/google/code/gson/gson/2.2.4/gson-2.2.4.jar:/home/user/.m2/repository/com/jcraft/jsch/0.1.54/jsch-0.1.54.jar:/home/user/.m2/repository/org/apache/curator/curator-client/2.12.0/curator-client-2.12.0.jar:/home/user/.m2/repository/org/apache/curator/curator-recipes/2.12.0/curator-recipes-2.12.0.jar:/home/user/.m2/repository/com/google/code/findbugs/jsr305/3.0.0/jsr305-3.0.0.jar:/home/user/.m2/repository/org/apache/htrace/htrace-core4/4.1.0-incubating/htrace-core4-4.1.0-incubating.jar:/home/user/.m2/repository/org/apache/zookeeper/zookeeper/3.4.13/zookeeper-3.4.13.jar:/home/user/.m2/repository/org/apache/yetus/audience-annotations/0.5.0/audience-annotations-0.5.0.jar:/home/user/.m2/repository/org/codehaus/woodstox/stax2-api/3.1.4/stax2-api-3.1.4.jar:/home/user/.m2/repository/com/fasterxml/woodstox/woodstox-core/5.0.3/woodstox-core-5.0.3.jar:/home/user/.m2/repository/dnsjava/dnsjava/2.1.7/dnsjava-2.1.7.jar:/home/user/.m2/repository/org/apache/hadoop/hadoop-hdfs/3.2.0/hadoop-hdfs-3.2.0-tests.jar:/home/user/.m2/repository/org/eclipse/jetty/jetty-util-ajax/9.3.24.v20180605/jetty-util-ajax-9.3.24.v20180605.jar:/home/user/.m2/repository/commons-daemon/commons-daemon/1.0.13/commons-daemon-1.0.13.jar:/home/user/.m2/repository/io/netty/netty/3.10.5.Final/netty-3.10.5.Final.jar:/home/user/.m2/repository/io/netty/netty-all/4.0.52.Final/netty-all-4.0.52.Final.jar:/home/user/.m2/repository/org/fusesource/leveldbjni/leveldbjni-all/1.8/leveldbjni-all-1.8.jar:"/>
    <property name="java.vm.vendor" value="IcedTea"/>
    <property name="sun.arch.data.model" value="64"/>
    <property name="test.build.dir" value="/opt/src/hadoop-ozone/integration-test/target/test-dir"/>
    <property name="test.cache.data" value=""/>
    <property name="java.vendor.url" value="https://icedtea.classpath.org"/>
    <property name="user.timezone" value=""/>
    <property name="java.vm.specification.version" value="1.8"/>
    <property name="os.name" value="Linux"/>
    <property name="test.build.data" value="/opt/src/hadoop-ozone/integration-test/target/test-dir"/>
    <property name="user.country" value="US"/>
    <property name="sun.java.launcher" value="SUN_STANDARD"/>
    <property name="sun.boot.library.path" value="/usr/lib/jvm/java-1.8-openjdk/jre/lib/amd64"/>
    <property name="sun.java.command" value="/opt/src/hadoop-ozone/integration-test/target/surefire/surefirebooter3806893296742034580.jar /opt/src/hadoop-ozone/integration-test/target/surefire 2019-06-15T08-59-57_734-jvmRun1 surefire449493397803717460tmp surefire_211124687509422173804tmp"/>
    <property name="surefire.test.class.path" value="/opt/src/hadoop-ozone/integration-test/target/test-classes:/opt/src/hadoop-ozone/integration-test/target/classes:/home/user/.m2/repository/org/apache/hadoop/hadoop-ozone-common/0.5.0-SNAPSHOT/hadoop-ozone-common-0.5.0-SNAPSHOT.jar:/home/user/.m2/repository/org/apache/commons/commons-compress/1.4.1/commons-compress-1.4.1.jar:/home/user/.m2/repository/org/tukaani/xz/1.0/xz-1.0.jar:/home/user/.m2/repository/org/apache/hadoop/hadoop-common/3.2.0/hadoop-common-3.2.0.jar:/home/user/.m2/repository/org/apache/hadoop/hadoop-hdfs/3.2.0/hadoop-hdfs-3.2.0.jar:/home/user/.m2/repository/org/apache/hadoop/hadoop-hdfs-client/3.2.0/hadoop-hdfs-client-3.2.0.jar:/home/user/.m2/repository/com/fasterxml/jackson/core/jackson-annotations/2.9.5/jackson-annotations-2.9.5.jar:/home/user/.m2/repository/org/apache/hadoop/hadoop-hdds-common/0.5.0-SNAPSHOT/hadoop-hdds-common-0.5.0-SNAPSHOT.jar:/home/user/.m2/repository/javax/annotation/javax.annotation-api/1.2/javax.annotation-api-1.2.jar:/home/user/.m2/repository/org/apache/ratis/ratis-server/0.4.0-fe2b15d-SNAPSHOT/ratis-server-0.4.0-fe2b15d-SNAPSHOT.jar:/home/user/.m2/repository/org/apache/ratis/ratis-thirdparty-misc/0.2.0/ratis-thirdparty-misc-0.2.0.jar:/home/user/.m2/repository/org/apache/ratis/ratis-proto/0.4.0-fe2b15d-SNAPSHOT/ratis-proto-0.4.0-fe2b15d-SNAPSHOT.jar:/home/user/.m2/repository/org/apache/ratis/ratis-common/0.4.0-fe2b15d-SNAPSHOT/ratis-common-0.4.0-fe2b15d-SNAPSHOT.jar:/home/user/.m2/repository/org/apache/ratis/ratis-client/0.4.0-fe2b15d-SNAPSHOT/ratis-client-0.4.0-fe2b15d-SNAPSHOT.jar:/home/user/.m2/repository/org/apache/ratis/ratis-netty/0.4.0-fe2b15d-SNAPSHOT/ratis-netty-0.4.0-fe2b15d-SNAPSHOT.jar:/home/user/.m2/repository/org/apache/ratis/ratis-grpc/0.4.0-fe2b15d-SNAPSHOT/ratis-grpc-0.4.0-fe2b15d-SNAPSHOT.jar:/home/user/.m2/repository/org/rocksdb/rocksdbjni/5.14.2/rocksdbjni-5.14.2.jar:/home/user/.m2/repository/org/apache/logging/log4j/log4j-api/2.11.0/log4j-api-2.11.0.jar:/home/user/.m2/repository/org/apache/logging/log4j/log4j-core/2.11.0/log4j-core-2.11.0.jar:/home/user/.m2/repository/com/lmax/disruptor/3.4.2/disruptor-3.4.2.jar:/home/user/.m2/repository/org/apache/commons/commons-pool2/2.6.0/commons-pool2-2.6.0.jar:/home/user/.m2/repository/org/bouncycastle/bcpkix-jdk15on/1.60/bcpkix-jdk15on-1.60.jar:/home/user/.m2/repository/commons-validator/commons-validator/1.6/commons-validator-1.6.jar:/home/user/.m2/repository/commons-digester/commons-digester/1.8.1/commons-digester-1.8.1.jar:/home/user/.m2/repository/io/jaegertracing/jaeger-client/0.33.1/jaeger-client-0.33.1.jar:/home/user/.m2/repository/io/jaegertracing/jaeger-thrift/0.33.1/jaeger-thrift-0.33.1.jar:/home/user/.m2/repository/org/apache/thrift/libthrift/0.11.0/libthrift-0.11.0.jar:/home/user/.m2/repository/com/squareup/okhttp3/okhttp/3.9.0/okhttp-3.9.0.jar:/home/user/.m2/repository/com/squareup/okio/okio/1.13.0/okio-1.13.0.jar:/home/user/.m2/repository/io/jaegertracing/jaeger-core/0.33.1/jaeger-core-0.33.1.jar:/home/user/.m2/repository/io/jaegertracing/jaeger-tracerresolver/0.33.1/jaeger-tracerresolver-0.33.1.jar:/home/user/.m2/repository/io/opentracing/contrib/opentracing-tracerresolver/0.1.5/opentracing-tracerresolver-0.1.5.jar:/home/user/.m2/repository/io/opentracing/opentracing-util/0.31.0/opentracing-util-0.31.0.jar:/home/user/.m2/repository/io/opentracing/opentracing-api/0.31.0/opentracing-api-0.31.0.jar:/home/user/.m2/repository/io/opentracing/opentracing-noop/0.31.0/opentracing-noop-0.31.0.jar:/home/user/.m2/repository/org/apache/hadoop/hadoop-hdds-server-framework/0.5.0-SNAPSHOT/hadoop-hdds-server-framework-0.5.0-SNAPSHOT.jar:/home/user/.m2/repository/org/apache/hadoop/hadoop-hdds-server-scm/0.5.0-SNAPSHOT/hadoop-hdds-server-scm-0.5.0-SNAPSHOT.jar:/home/user/.m2/repository/org/apache/hadoop/hadoop-hdds-container-service/0.5.0-SNAPSHOT/hadoop-hdds-container-service-0.5.0-SNAPSHOT.jar:/home/user/.m2/repository/org/apache/hadoop/hadoop-hdds-client/0.5.0-SNAPSHOT/hadoop-hdds-client-0.5.0-SNAPSHOT.jar:/home/user/.m2/repository/org/apache/hadoop/hadoop-hdds-tools/0.5.0-SNAPSHOT/hadoop-hdds-tools-0.5.0-SNAPSHOT.jar:/home/user/.m2/repository/org/apache/hadoop/hadoop-ozone-ozone-manager/0.5.0-SNAPSHOT/hadoop-ozone-ozone-manager-0.5.0-SNAPSHOT.jar:/home/user/.m2/repository/org/apache/hadoop/hadoop-hdds-docs/0.5.0-SNAPSHOT/hadoop-hdds-docs-0.5.0-SNAPSHOT.jar:/home/user/.m2/repository/org/bouncycastle/bcprov-jdk15on/1.60/bcprov-jdk15on-1.60.jar:/home/user/.m2/repository/org/apache/hadoop/hadoop-minikdc/3.2.0/hadoop-minikdc-3.2.0.jar:/home/user/.m2/repository/commons-io/commons-io/2.5/commons-io-2.5.jar:/home/user/.m2/repository/org/apache/kerby/kerb-simplekdc/1.0.1/kerb-simplekdc-1.0.1.jar:/home/user/.m2/repository/org/apache/kerby/kerb-client/1.0.1/kerb-client-1.0.1.jar:/home/user/.m2/repository/org/apache/kerby/kerby-config/1.0.1/kerby-config-1.0.1.jar:/home/user/.m2/repository/org/apache/kerby/kerb-core/1.0.1/kerb-core-1.0.1.jar:/home/user/.m2/repository/org/apache/kerby/kerby-pkix/1.0.1/kerby-pkix-1.0.1.jar:/home/user/.m2/repository/org/apache/kerby/kerby-asn1/1.0.1/kerby-asn1-1.0.1.jar:/home/user/.m2/repository/org/apache/kerby/kerby-util/1.0.1/kerby-util-1.0.1.jar:/home/user/.m2/repository/org/apache/kerby/kerb-common/1.0.1/kerb-common-1.0.1.jar:/home/user/.m2/repository/org/apache/kerby/kerb-crypto/1.0.1/kerb-crypto-1.0.1.jar:/home/user/.m2/repository/org/apache/kerby/kerb-util/1.0.1/kerb-util-1.0.1.jar:/home/user/.m2/repository/org/apache/kerby/token-provider/1.0.1/token-provider-1.0.1.jar:/home/user/.m2/repository/org/apache/kerby/kerb-admin/1.0.1/kerb-admin-1.0.1.jar:/home/user/.m2/repository/org/apache/kerby/kerb-server/1.0.1/kerb-server-1.0.1.jar:/home/user/.m2/repository/org/apache/kerby/kerb-identity/1.0.1/kerb-identity-1.0.1.jar:/home/user/.m2/repository/org/apache/kerby/kerby-xdr/1.0.1/kerby-xdr-1.0.1.jar:/home/user/.m2/repository/org/slf4j/slf4j-log4j12/1.7.25/slf4j-log4j12-1.7.25.jar:/home/user/.m2/repository/org/apache/hadoop/hadoop-ozone-objectstore-service/0.5.0-SNAPSHOT/hadoop-ozone-objectstore-service-0.5.0-SNAPSHOT.jar:/home/user/.m2/repository/org/apache/hadoop/hadoop-ozone-s3gateway/0.5.0-SNAPSHOT/hadoop-ozone-s3gateway-0.5.0-SNAPSHOT.jar:/home/user/.m2/repository/org/jboss/weld/servlet/weld-servlet/2.4.7.Final/weld-servlet-2.4.7.Final.jar:/home/user/.m2/repository/org/glassfish/jersey/containers/jersey-container-servlet-core/2.27/jersey-container-servlet-core-2.27.jar:/home/user/.m2/repository/org/glassfish/hk2/external/javax.inject/2.5.0-b42/javax.inject-2.5.0-b42.jar:/home/user/.m2/repository/org/glassfish/jersey/core/jersey-common/2.27/jersey-common-2.27.jar:/home/user/.m2/repository/org/glassfish/hk2/osgi-resource-locator/1.0.1/osgi-resource-locator-1.0.1.jar:/home/user/.m2/repository/javax/ws/rs/javax.ws.rs-api/2.1/javax.ws.rs-api-2.1.jar:/home/user/.m2/repository/org/glassfish/jersey/ext/cdi/jersey-cdi1x/2.27/jersey-cdi1x-2.27.jar:/home/user/.m2/repository/org/glassfish/jersey/inject/jersey-hk2/2.27/jersey-hk2-2.27.jar:/home/user/.m2/repository/org/glassfish/hk2/hk2-locator/2.5.0-b42/hk2-locator-2.5.0-b42.jar:/home/user/.m2/repository/org/javassist/javassist/3.22.0-CR2/javassist-3.22.0-CR2.jar:/home/user/.m2/repository/org/glassfish/hk2/hk2-api/2.5.0/hk2-api-2.5.0.jar:/home/user/.m2/repository/org/glassfish/hk2/external/jakarta.inject/2.5.0/jakarta.inject-2.5.0.jar:/home/user/.m2/repository/org/glassfish/hk2/hk2-utils/2.5.0/hk2-utils-2.5.0.jar:/home/user/.m2/repository/jakarta/annotation/jakarta.annotation-api/1.3.4/jakarta.annotation-api-1.3.4.jar:/home/user/.m2/repository/org/glassfish/hk2/external/aopalliance-repackaged/2.5.0/aopalliance-repackaged-2.5.0.jar:/home/user/.m2/repository/com/fasterxml/jackson/dataformat/jackson-dataformat-xml/2.9.0/jackson-dataformat-xml-2.9.0.jar:/home/user/.m2/repository/com/fasterxml/jackson/core/jackson-core/2.9.5/jackson-core-2.9.5.jar:/home/user/.m2/repository/com/fasterxml/jackson/module/jackson-module-jaxb-annotations/2.9.5/jackson-module-jaxb-annotations-2.9.5.jar:/home/user/.m2/repository/javax/enterprise/cdi-api/1.2/cdi-api-1.2.jar:/home/user/.m2/repository/javax/el/javax.el-api/3.0.0/javax.el-api-3.0.0.jar:/home/user/.m2/repository/javax/interceptor/javax.interceptor-api/1.2/javax.interceptor-api-1.2.jar:/home/user/.m2/repository/javax/inject/javax.inject/1/javax.inject-1.jar:/home/user/.m2/repository/com/sun/xml/bind/jaxb-impl/2.3.0.1/jaxb-impl-2.3.0.1.jar:/home/user/.m2/repository/com/sun/xml/bind/jaxb-core/2.3.0.1/jaxb-core-2.3.0.1.jar:/home/user/.m2/repository/javax/xml/bind/jaxb-api/2.3.0/jaxb-api-2.3.0.jar:/home/user/.m2/repository/javax/activation/activation/1.1.1/activation-1.1.1.jar:/home/user/.m2/repository/org/apache/hadoop/hadoop-ozone-csi/0.5.0-SNAPSHOT/hadoop-ozone-csi-0.5.0-SNAPSHOT.jar:/home/user/.m2/repository/com/google/protobuf/protobuf-java-util/3.5.1/protobuf-java-util-3.5.1.jar:/home/user/.m2/repository/org/apache/hadoop/hadoop-hdds-config/0.5.0-SNAPSHOT/hadoop-hdds-config-0.5.0-SNAPSHOT.jar:/home/user/.m2/repository/com/google/guava/guava/11.0.2/guava-11.0.2.jar:/home/user/.m2/repository/com/google/protobuf/protobuf-java/2.5.0/protobuf-java-2.5.0.jar:/home/user/.m2/repository/io/grpc/grpc-netty/1.17.1/grpc-netty-1.17.1.jar:/home/user/.m2/repository/io/grpc/grpc-core/1.17.1/grpc-core-1.17.1.jar:/home/user/.m2/repository/io/grpc/grpc-context/1.17.1/grpc-context-1.17.1.jar:/home/user/.m2/repository/com/google/errorprone/error_prone_annotations/2.2.0/error_prone_annotations-2.2.0.jar:/home/user/.m2/repository/org/codehaus/mojo/animal-sniffer-annotations/1.17/animal-sniffer-annotations-1.17.jar:/home/user/.m2/repository/io/opencensus/opencensus-api/0.17.0/opencensus-api-0.17.0.jar:/home/user/.m2/repository/io/opencensus/opencensus-contrib-grpc-metrics/0.17.0/opencensus-contrib-grpc-metrics-0.17.0.jar:/home/user/.m2/repository/io/netty/netty-codec-http2/4.1.30.Final/netty-codec-http2-4.1.30.Final.jar:/home/user/.m2/repository/io/netty/netty-codec-http/4.1.30.Final/netty-codec-http-4.1.30.Final.jar:/home/user/.m2/repository/io/netty/netty-codec/4.1.30.Final/netty-codec-4.1.30.Final.jar:/home/user/.m2/repository/io/netty/netty-handler/4.1.30.Final/netty-handler-4.1.30.Final.jar:/home/user/.m2/repository/io/netty/netty-handler-proxy/4.1.30.Final/netty-handler-proxy-4.1.30.Final.jar:/home/user/.m2/repository/io/netty/netty-codec-socks/4.1.30.Final/netty-codec-socks-4.1.30.Final.jar:/home/user/.m2/repository/io/netty/netty-transport-native-epoll/4.1.30.Final/netty-transport-native-epoll-4.1.30.Final.jar:/home/user/.m2/repository/io/netty/netty-common/4.1.30.Final/netty-common-4.1.30.Final.jar:/home/user/.m2/repository/io/netty/netty-buffer/4.1.30.Final/netty-buffer-4.1.30.Final.jar:/home/user/.m2/repository/io/netty/netty-transport/4.1.30.Final/netty-transport-4.1.30.Final.jar:/home/user/.m2/repository/io/netty/netty-resolver/4.1.30.Final/netty-resolver-4.1.30.Final.jar:/home/user/.m2/repository/io/netty/netty-transport-native-unix-common/4.1.30.Final/netty-transport-native-unix-common-4.1.30.Final.jar:/home/user/.m2/repository/io/grpc/grpc-protobuf/1.17.1/grpc-protobuf-1.17.1.jar:/home/user/.m2/repository/com/google/api/grpc/proto-google-common-protos/1.0.0/proto-google-common-protos-1.0.0.jar:/home/user/.m2/repository/io/grpc/grpc-protobuf-lite/1.17.1/grpc-protobuf-lite-1.17.1.jar:/home/user/.m2/repository/io/grpc/grpc-stub/1.17.1/grpc-stub-1.17.1.jar:/home/user/.m2/repository/org/apache/hadoop/hadoop-ozone-recon/0.5.0-SNAPSHOT/hadoop-ozone-recon-0.5.0-SNAPSHOT.jar:/home/user/.m2/repository/org/apache/hadoop/hadoop-ozone-reconcodegen/0.5.0-SNAPSHOT/hadoop-ozone-reconcodegen-0.5.0-SNAPSHOT.jar:/home/user/.m2/repository/com/google/inject/extensions/guice-multibindings/4.0/guice-multibindings-4.0.jar:/home/user/.m2/repository/com/google/inject/guice/4.0/guice-4.0.jar:/home/user/.m2/repository/aopalliance/aopalliance/1.0/aopalliance-1.0.jar:/home/user/.m2/repository/com/google/inject/extensions/guice-servlet/4.0/guice-servlet-4.0.jar:/home/user/.m2/repository/org/glassfish/jersey/containers/jersey-container-servlet/2.27/jersey-container-servlet-2.27.jar:/home/user/.m2/repository/org/glassfish/hk2/guice-bridge/2.5.0/guice-bridge-2.5.0.jar:/home/user/.m2/repository/org/glassfish/jersey/core/jersey-server/2.27/jersey-server-2.27.jar:/home/user/.m2/repository/org/glassfish/jersey/core/jersey-client/2.27/jersey-client-2.27.jar:/home/user/.m2/repository/org/glassfish/jersey/media/jersey-media-jaxb/2.27/jersey-media-jaxb-2.27.jar:/home/user/.m2/repository/javax/validation/validation-api/1.1.0.Final/validation-api-1.1.0.Final.jar:/home/user/.m2/repository/org/glassfish/jersey/media/jersey-media-json-jackson/2.27/jersey-media-json-jackson-2.27.jar:/home/user/.m2/repository/org/glassfish/jersey/ext/jersey-entity-filtering/2.27/jersey-entity-filtering-2.27.jar:/home/user/.m2/repository/com/google/inject/extensions/guice-assistedinject/4.0/guice-assistedinject-4.0.jar:/home/user/.m2/repository/org/jooq/jooq/3.11.10/jooq-3.11.10.jar:/home/user/.m2/repository/org/jooq/jooq-meta/3.11.10/jooq-meta-3.11.10.jar:/home/user/.m2/repository/org/jooq/jooq-codegen/3.11.10/jooq-codegen-3.11.10.jar:/home/user/.m2/repository/com/jolbox/bonecp/0.8.0.RELEASE/bonecp-0.8.0.RELEASE.jar:/home/user/.m2/repository/org/xerial/sqlite-jdbc/3.25.2/sqlite-jdbc-3.25.2.jar:/home/user/.m2/repository/org/springframework/spring-jdbc/5.1.3.RELEASE/spring-jdbc-5.1.3.RELEASE.jar:/home/user/.m2/repository/org/springframework/spring-beans/5.1.3.RELEASE/spring-beans-5.1.3.RELEASE.jar:/home/user/.m2/repository/org/springframework/spring-core/5.1.3.RELEASE/spring-core-5.1.3.RELEASE.jar:/home/user/.m2/repository/org/springframework/spring-jcl/5.1.3.RELEASE/spring-jcl-5.1.3.RELEASE.jar:/home/user/.m2/repository/org/springframework/spring-tx/5.1.3.RELEASE/spring-tx-5.1.3.RELEASE.jar:/home/user/.m2/repository/org/apache/hadoop/hadoop-ozone-client/0.5.0-SNAPSHOT/hadoop-ozone-client-0.5.0-SNAPSHOT.jar:/home/user/.m2/repository/org/apache/hadoop/hadoop-ozone-ozone-manager/0.5.0-SNAPSHOT/hadoop-ozone-ozone-manager-0.5.0-SNAPSHOT-tests.jar:/home/user/.m2/repository/junit/junit/4.11/junit-4.11.jar:/home/user/.m2/repository/org/hamcrest/hamcrest-core/1.3/hamcrest-core-1.3.jar:/home/user/.m2/repository/org/openjdk/jmh/jmh-core/1.19/jmh-core-1.19.jar:/home/user/.m2/repository/net/sf/jopt-simple/jopt-simple/4.6/jopt-simple-4.6.jar:/home/user/.m2/repository/org/apache/commons/commons-math3/3.1.1/commons-math3-3.1.1.jar:/home/user/.m2/repository/org/openjdk/jmh/jmh-generator-annprocess/1.19/jmh-generator-annprocess-1.19.jar:/home/user/.m2/repository/org/mockito/mockito-all/1.8.5/mockito-all-1.8.5.jar:/home/user/.m2/repository/org/apache/hadoop/hadoop-kms/3.2.0/hadoop-kms-3.2.0.jar:/home/user/.m2/repository/org/apache/hadoop/hadoop-auth/3.2.0/hadoop-auth-3.2.0.jar:/home/user/.m2/repository/com/nimbusds/nimbus-jose-jwt/4.41.1/nimbus-jose-jwt-4.41.1.jar:/home/user/.m2/repository/com/github/stephenc/jcip/jcip-annotations/1.0-1/jcip-annotations-1.0-1.jar:/home/user/.m2/repository/net/minidev/json-smart/2.3/json-smart-2.3.jar:/home/user/.m2/repository/net/minidev/accessors-smart/1.2/accessors-smart-1.2.jar:/home/user/.m2/repository/org/ow2/asm/asm/5.0.4/asm-5.0.4.jar:/home/user/.m2/repository/org/apache/curator/curator-framework/2.12.0/curator-framework-2.12.0.jar:/home/user/.m2/repository/com/sun/jersey/jersey-core/1.19/jersey-core-1.19.jar:/home/user/.m2/repository/javax/ws/rs/jsr311-api/1.1.1/jsr311-api-1.1.1.jar:/home/user/.m2/repository/com/sun/jersey/jersey-server/1.19/jersey-server-1.19.jar:/home/user/.m2/repository/javax/servlet/javax.servlet-api/3.1.0/javax.servlet-api-3.1.0.jar:/home/user/.m2/repository/org/eclipse/jetty/jetty-server/9.3.24.v20180605/jetty-server-9.3.24.v20180605.jar:/home/user/.m2/repository/org/eclipse/jetty/jetty-http/9.3.24.v20180605/jetty-http-9.3.24.v20180605.jar:/home/user/.m2/repository/org/eclipse/jetty/jetty-io/9.3.24.v20180605/jetty-io-9.3.24.v20180605.jar:/home/user/.m2/repository/org/eclipse/jetty/jetty-webapp/9.3.24.v20180605/jetty-webapp-9.3.24.v20180605.jar:/home/user/.m2/repository/org/eclipse/jetty/jetty-xml/9.3.24.v20180605/jetty-xml-9.3.24.v20180605.jar:/home/user/.m2/repository/log4j/log4j/1.2.17/log4j-1.2.17.jar:/home/user/.m2/repository/org/slf4j/slf4j-api/1.7.25/slf4j-api-1.7.25.jar:/home/user/.m2/repository/org/slf4j/jul-to-slf4j/1.7.25/jul-to-slf4j-1.7.25.jar:/home/user/.m2/repository/org/eclipse/jetty/jetty-util/9.3.24.v20180605/jetty-util-9.3.24.v20180605.jar:/home/user/.m2/repository/io/dropwizard/metrics/metrics-core/3.2.4/metrics-core-3.2.4.jar:/home/user/.m2/repository/com/fasterxml/jackson/core/jackson-databind/2.9.5/jackson-databind-2.9.5.jar:/home/user/.m2/repository/org/apache/hadoop/hadoop-kms/3.2.0/hadoop-kms-3.2.0-tests.jar:/home/user/.m2/repository/org/apache/hadoop/hadoop-hdds-server-scm/0.5.0-SNAPSHOT/hadoop-hdds-server-scm-0.5.0-SNAPSHOT-tests.jar:/home/user/.m2/repository/org/hamcrest/hamcrest-all/1.3/hamcrest-all-1.3.jar:/home/user/.m2/repository/info/picocli/picocli/3.9.6/picocli-3.9.6.jar:/home/user/.m2/repository/org/apache/hadoop/hadoop-hdds-container-service/0.5.0-SNAPSHOT/hadoop-hdds-container-service-0.5.0-SNAPSHOT-tests.jar:/home/user/.m2/repository/org/yaml/snakeyaml/1.16/snakeyaml-1.16.jar:/home/user/.m2/repository/org/apache/hadoop/hadoop-common/3.2.0/hadoop-common-3.2.0-tests.jar:/home/user/.m2/repository/org/apache/hadoop/hadoop-annotations/3.2.0/hadoop-annotations-3.2.0.jar:/usr/lib/jvm/java-1.8-openjdk/jre/../lib/tools.jar:/home/user/.m2/repository/commons-cli/commons-cli/1.2/commons-cli-1.2.jar:/home/user/.m2/repository/org/apache/httpcomponents/httpclient/4.5.2/httpclient-4.5.2.jar:/home/user/.m2/repository/org/apache/httpcomponents/httpcore/4.4.4/httpcore-4.4.4.jar:/home/user/.m2/repository/commons-codec/commons-codec/1.11/commons-codec-1.11.jar:/home/user/.m2/repository/commons-net/commons-net/3.6/commons-net-3.6.jar:/home/user/.m2/repository/commons-collections/commons-collections/3.2.2/commons-collections-3.2.2.jar:/home/user/.m2/repository/org/eclipse/jetty/jetty-servlet/9.3.24.v20180605/jetty-servlet-9.3.24.v20180605.jar:/home/user/.m2/repository/org/eclipse/jetty/jetty-security/9.3.24.v20180605/jetty-security-9.3.24.v20180605.jar:/home/user/.m2/repository/javax/servlet/jsp/jsp-api/2.1/jsp-api-2.1.jar:/home/user/.m2/repository/com/sun/jersey/jersey-servlet/1.19/jersey-servlet-1.19.jar:/home/user/.m2/repository/com/sun/jersey/jersey-json/1.19/jersey-json-1.19.jar:/home/user/.m2/repository/org/codehaus/jettison/jettison/1.1/jettison-1.1.jar:/home/user/.m2/repository/org/codehaus/jackson/jackson-core-asl/1.9.13/jackson-core-asl-1.9.13.jar:/home/user/.m2/repository/org/codehaus/jackson/jackson-mapper-asl/1.9.13/jackson-mapper-asl-1.9.13.jar:/home/user/.m2/repository/org/codehaus/jackson/jackson-jaxrs/1.9.13/jackson-jaxrs-1.9.13.jar:/home/user/.m2/repository/org/codehaus/jackson/jackson-xc/1.9.13/jackson-xc-1.9.13.jar:/home/user/.m2/repository/commons-logging/commons-logging/1.1.3/commons-logging-1.1.3.jar:/home/user/.m2/repository/commons-beanutils/commons-beanutils/1.9.3/commons-beanutils-1.9.3.jar:/home/user/.m2/repository/org/apache/commons/commons-configuration2/2.1.1/commons-configuration2-2.1.1.jar:/home/user/.m2/repository/org/apache/commons/commons-lang3/3.7/commons-lang3-3.7.jar:/home/user/.m2/repository/org/apache/commons/commons-text/1.4/commons-text-1.4.jar:/home/user/.m2/repository/org/apache/avro/avro/1.7.7/avro-1.7.7.jar:/home/user/.m2/repository/com/thoughtworks/paranamer/paranamer/2.3/paranamer-2.3.jar:/home/user/.m2/repository/org/xerial/snappy/snappy-java/1.0.5/snappy-java-1.0.5.jar:/home/user/.m2/repository/com/google/re2j/re2j/1.1/re2j-1.1.jar:/home/user/.m2/repository/com/google/code/gson/gson/2.2.4/gson-2.2.4.jar:/home/user/.m2/repository/com/jcraft/jsch/0.1.54/jsch-0.1.54.jar:/home/user/.m2/repository/org/apache/curator/curator-client/2.12.0/curator-client-2.12.0.jar:/home/user/.m2/repository/org/apache/curator/curator-recipes/2.12.0/curator-recipes-2.12.0.jar:/home/user/.m2/repository/com/google/code/findbugs/jsr305/3.0.0/jsr305-3.0.0.jar:/home/user/.m2/repository/org/apache/htrace/htrace-core4/4.1.0-incubating/htrace-core4-4.1.0-incubating.jar:/home/user/.m2/repository/org/apache/zookeeper/zookeeper/3.4.13/zookeeper-3.4.13.jar:/home/user/.m2/repository/org/apache/yetus/audience-annotations/0.5.0/audience-annotations-0.5.0.jar:/home/user/.m2/repository/org/codehaus/woodstox/stax2-api/3.1.4/stax2-api-3.1.4.jar:/home/user/.m2/repository/com/fasterxml/woodstox/woodstox-core/5.0.3/woodstox-core-5.0.3.jar:/home/user/.m2/repository/dnsjava/dnsjava/2.1.7/dnsjava-2.1.7.jar:/home/user/.m2/repository/org/apache/hadoop/hadoop-hdfs/3.2.0/hadoop-hdfs-3.2.0-tests.jar:/home/user/.m2/repository/org/eclipse/jetty/jetty-util-ajax/9.3.24.v20180605/jetty-util-ajax-9.3.24.v20180605.jar:/home/user/.m2/repository/commons-daemon/commons-daemon/1.0.13/commons-daemon-1.0.13.jar:/home/user/.m2/repository/io/netty/netty/3.10.5.Final/netty-3.10.5.Final.jar:/home/user/.m2/repository/io/netty/netty-all/4.0.52.Final/netty-all-4.0.52.Final.jar:/home/user/.m2/repository/org/fusesource/leveldbjni/leveldbjni-all/1.8/leveldbjni-all-1.8.jar:"/>
    <property name="sun.cpu.endian" value="little"/>
    <property name="user.home" value="/home/user"/>
    <property name="user.language" value="en"/>
    <property name="java.specification.vendor" value="Oracle Corporation"/>
    <property name="java.home" value="/usr/lib/jvm/java-1.8-openjdk/jre"/>
    <property name="java.security.krb5.conf" value="/opt/src/hadoop-ozone/integration-test/target/test-classes/krb5.conf"/>
    <property name="basedir" value="/opt/src/hadoop-ozone/integration-test"/>
    <property name="file.separator" value="/"/>
    <property name="line.separator" value="&#10;"/>
    <property name="java.vm.specification.vendor" value="Oracle Corporation"/>
    <property name="java.specification.name" value="Java Platform API Specification"/>
    <property name="java.awt.graphicsenv" value="sun.awt.X11GraphicsEnvironment"/>
    <property name="surefire.real.class.path" value="/opt/src/hadoop-ozone/integration-test/target/surefire/surefirebooter3806893296742034580.jar"/>
    <property name="hadoop.log.dir" value="/opt/src/hadoop-ozone/integration-test/target/log"/>
    <property name="sun.boot.class.path" value="/usr/lib/jvm/java-1.8-openjdk/jre/lib/resources.jar:/usr/lib/jvm/java-1.8-openjdk/jre/lib/rt.jar:/usr/lib/jvm/java-1.8-openjdk/jre/lib/sunrsasign.jar:/usr/lib/jvm/java-1.8-openjdk/jre/lib/jsse.jar:/usr/lib/jvm/java-1.8-openjdk/jre/lib/jce.jar:/usr/lib/jvm/java-1.8-openjdk/jre/lib/charsets.jar:/usr/lib/jvm/java-1.8-openjdk/jre/lib/jfr.jar:/usr/lib/jvm/java-1.8-openjdk/jre/classes"/>
    <property name="sun.management.compiler" value="HotSpot 64-Bit Tiered Compilers"/>
    <property name="java.runtime.version" value="1.8.0_212-b04"/>
    <property name="java.net.preferIPv4Stack" value="true"/>
    <property name="user.name" value="jenkins1000"/>
    <property name="path.separator" value=":"/>
    <property name="java.security.egd" value="file:///dev/urandom"/>
    <property name="os.version" value="4.15.0-1021-aws"/>
    <property name="java.endorsed.dirs" value="/usr/lib/jvm/java-1.8-openjdk/jre/lib/endorsed"/>
    <property name="java.runtime.name" value="OpenJDK Runtime Environment"/>
    <property name="file.encoding" value="UTF-8"/>
    <property name="java.vm.name" value="OpenJDK 64-Bit Server VM"/>
    <property name="test.build.webapps" value=""/>
    <property name="localRepository" value="/home/user/.m2/repository"/>
    <property name="java.vendor.url.bug" value="https://icedtea.classpath.org/bugzilla"/>
    <property name="java.io.tmpdir" value="/tmp"/>
    <property name="require.test.libhadoop" value=""/>
    <property name="java.version" value="1.8.0_212"/>
    <property name="user.dir" value="/opt/src/hadoop-ozone/integration-test"/>
    <property name="os.arch" value="amd64"/>
    <property name="java.vm.specification.name" value="Java Virtual Machine Specification"/>
    <property name="test.build.classes" value="/opt/src/hadoop-ozone/integration-test/target/test-classes"/>
    <property name="java.awt.printerjob" value="sun.print.PSPrinterJob"/>
    <property name="sun.os.patch.level" value="unknown"/>
    <property name="hadoop.tmp.dir" value="/opt/src/hadoop-ozone/integration-test/target/tmp"/>
    <property name="java.library.path" value="/usr/lib/jvm/java-1.8-openjdk/jre/lib/amd64/server:/usr/lib/jvm/java-1.8-openjdk/jre/lib/amd64:/usr/lib/jvm/java-1.8-openjdk/jre/../lib/amd64:/opt/src/hadoop-ozone/integration-test/target/native/target/usr/local/lib:/opt/src/hadoop-ozone/integration-test/../../hadoop-common-project/hadoop-common/target/native/target/usr/local/lib:/usr/java/packages/lib/amd64:/usr/lib64:/lib64:/lib:/usr/lib"/>
    <property name="java.vm.info" value="mixed mode"/>
    <property name="java.vendor" value="IcedTea"/>
    <property name="java.vm.version" value="25.212-b04"/>
    <property name="java.ext.dirs" value="/usr/lib/jvm/java-1.8-openjdk/jre/lib/ext:/usr/java/packages/lib/ext"/>
    <property name="sun.io.unicode.encoding" value="UnicodeLittle"/>
    <property name="java.class.version" value="52.0"/>
  </properties>
  <testcase name="testWatchForCommitWithKeyWrite" classname="org.apache.hadoop.ozone.client.rpc.TestWatchForCommit" time="18.31"/>
  <testcase name="testWatchForCommitWithSmallerTimeoutValue" classname="org.apache.hadoop.ozone.client.rpc.TestWatchForCommit" time="15.31"/>
  <testcase name="testWatchForCommitForRetryfailure" classname="org.apache.hadoop.ozone.client.rpc.TestWatchForCommit" time="51.176">
    <failure type="java.lang.AssertionError">java.lang.AssertionError
	at org.junit.Assert.fail(Assert.java:86)
	at org.junit.Assert.assertTrue(Assert.java:41)
	at org.junit.Assert.assertTrue(Assert.java:52)
	at org.apache.hadoop.ozone.client.rpc.TestWatchForCommit.testWatchForCommitForRetryfailure(TestWatchForCommit.java:350)
	at sun.reflect.NativeMethodAccessorImpl.invoke0(Native Method)
	at sun.reflect.NativeMethodAccessorImpl.invoke(NativeMethodAccessorImpl.java:62)
	at sun.reflect.DelegatingMethodAccessorImpl.invoke(DelegatingMethodAccessorImpl.java:43)
	at java.lang.reflect.Method.invoke(Method.java:498)
	at org.junit.runners.model.FrameworkMethod$1.runReflectiveCall(FrameworkMethod.java:47)
	at org.junit.internal.runners.model.ReflectiveCallable.run(ReflectiveCallable.java:12)
	at org.junit.runners.model.FrameworkMethod.invokeExplosively(FrameworkMethod.java:44)
	at org.junit.internal.runners.statements.InvokeMethod.evaluate(InvokeMethod.java:17)
	at org.junit.runners.ParentRunner.runLeaf(ParentRunner.java:271)
	at org.junit.runners.BlockJUnit4ClassRunner.runChild(BlockJUnit4ClassRunner.java:70)
	at org.junit.runners.BlockJUnit4ClassRunner.runChild(BlockJUnit4ClassRunner.java:50)
	at org.junit.runners.ParentRunner$3.run(ParentRunner.java:238)
	at org.junit.runners.ParentRunner$1.schedule(ParentRunner.java:63)
	at org.junit.runners.ParentRunner.runChildren(ParentRunner.java:236)
	at org.junit.runners.ParentRunner.access$000(ParentRunner.java:53)
	at org.junit.runners.ParentRunner$2.evaluate(ParentRunner.java:229)
	at org.junit.runners.ParentRunner.run(ParentRunner.java:309)
	at org.apache.maven.surefire.junit4.JUnit4Provider.execute(JUnit4Provider.java:365)
	at org.apache.maven.surefire.junit4.JUnit4Provider.executeWithRerun(JUnit4Provider.java:273)
	at org.apache.maven.surefire.junit4.JUnit4Provider.executeTestSet(JUnit4Provider.java:238)
	at org.apache.maven.surefire.junit4.JUnit4Provider.invoke(JUnit4Provider.java:159)
	at org.apache.maven.surefire.booter.ForkedBooter.invokeProviderInSameClassLoader(ForkedBooter.java:384)
	at org.apache.maven.surefire.booter.ForkedBooter.runSuitesInProcess(ForkedBooter.java:345)
	at org.apache.maven.surefire.booter.ForkedBooter.execute(ForkedBooter.java:126)
	at org.apache.maven.surefire.booter.ForkedBooter.main(ForkedBooter.java:418)
</failure>
    <system-out><![CDATA[2019-06-15 09:21:22,318 WARN  server.ServerUtils (ServerUtils.java:getScmDbDir(145)) - ozone.scm.db.dirs is not configured. We recommend adding this setting. Falling back to ozone.metadata.dirs instead.
2019-06-15 09:21:22,322 WARN  server.ServerUtils (ServerUtils.java:getScmDbDir(145)) - ozone.scm.db.dirs is not configured. We recommend adding this setting. Falling back to ozone.metadata.dirs instead.
2019-06-15 09:21:22,322 WARN  server.ServerUtils (ServerUtils.java:getScmDbDir(145)) - ozone.scm.db.dirs is not configured. We recommend adding this setting. Falling back to ozone.metadata.dirs instead.
2019-06-15 09:21:22,322 INFO  db.DBStoreBuilder (DBStoreBuilder.java:addTable(110)) - using custom profile for table: deletedBlocks
2019-06-15 09:21:22,323 INFO  db.DBStoreBuilder (DBStoreBuilder.java:processTables(161)) - Using default column profile:DBProfile.DISK for Table:deletedBlocks
2019-06-15 09:21:22,323 INFO  db.DBStoreBuilder (DBStoreBuilder.java:addTable(110)) - using custom profile for table: validCerts
2019-06-15 09:21:22,323 INFO  db.DBStoreBuilder (DBStoreBuilder.java:processTables(161)) - Using default column profile:DBProfile.DISK for Table:validCerts
2019-06-15 09:21:22,323 INFO  db.DBStoreBuilder (DBStoreBuilder.java:addTable(110)) - using custom profile for table: revokedCerts
2019-06-15 09:21:22,323 INFO  db.DBStoreBuilder (DBStoreBuilder.java:processTables(161)) - Using default column profile:DBProfile.DISK for Table:revokedCerts
2019-06-15 09:21:22,324 INFO  db.DBStoreBuilder (DBStoreBuilder.java:addTable(110)) - using custom profile for table: default
2019-06-15 09:21:22,324 INFO  db.DBStoreBuilder (DBStoreBuilder.java:processTables(167)) - Using default column profile:DBProfile.DISK for Table:default
2019-06-15 09:21:22,324 INFO  db.DBStoreBuilder (DBStoreBuilder.java:getDbProfile(198)) - Using default options. DBProfile.DISK
2019-06-15 09:21:22,369 INFO  net.NodeSchemaLoader (NodeSchemaLoader.java:loadSchemaFromFile(125)) - Loading file from sun.misc.CompoundEnumeration@2c0a3826
2019-06-15 09:21:22,369 INFO  net.NodeSchemaLoader (NodeSchemaLoader.java:loadSchema(171)) - Loading network topology layer schema file
2019-06-15 09:21:22,372 WARN  server.ServerUtils (ServerUtils.java:sanitizeUserArgs(70)) - ozone.scm.stale.node.interval value = 300000 is larger than max = 100000 based on the key value of ozone.scm.heartbeat.thread.interval, reset to the max value 100000.
2019-06-15 09:21:22,372 WARN  server.ServerUtils (ServerUtils.java:sanitizeUserArgs(70)) - ozone.scm.stale.node.interval value = 300000 is larger than max = 100000 based on the key value of ozone.scm.heartbeat.thread.interval, reset to the max value 100000.
2019-06-15 09:21:22,373 INFO  node.SCMNodeManager (SCMNodeManager.java:<init>(119)) - Entering startup safe mode.
2019-06-15 09:21:22,373 WARN  server.ServerUtils (ServerUtils.java:getScmDbDir(145)) - ozone.scm.db.dirs is not configured. We recommend adding this setting. Falling back to ozone.metadata.dirs instead.
2019-06-15 09:21:22,386 INFO  pipeline.SCMPipelineManager (SCMPipelineManager.java:initializePipelineState(126)) - No pipeline exists in current db
2019-06-15 09:21:22,386 WARN  server.ServerUtils (ServerUtils.java:getScmDbDir(145)) - ozone.scm.db.dirs is not configured. We recommend adding this setting. Falling back to ozone.metadata.dirs instead.
2019-06-15 09:21:22,400 WARN  events.EventQueue (EventQueue.java:fireEvent(175)) - No event handler registered for event TypedEvent{payloadType=SafeModeStatus, name='SafeModeStatus'}
2019-06-15 09:21:22,401 INFO  ipc.CallQueueManager (CallQueueManager.java:<init>(84)) - Using callQueue: class java.util.concurrent.LinkedBlockingQueue, queueCapacity: 2000, scheduler: class org.apache.hadoop.ipc.DefaultRpcScheduler, ipcBackoff: false.
2019-06-15 09:21:22,402 INFO  ipc.Server (Server.java:run(1074)) - Starting Socket Reader #1 for port 34281
2019-06-15 09:21:22,404 INFO  ipc.CallQueueManager (CallQueueManager.java:<init>(84)) - Using callQueue: class java.util.concurrent.LinkedBlockingQueue, queueCapacity: 2000, scheduler: class org.apache.hadoop.ipc.DefaultRpcScheduler, ipcBackoff: false.
2019-06-15 09:21:22,405 INFO  ipc.Server (Server.java:run(1074)) - Starting Socket Reader #1 for port 41601
2019-06-15 09:21:22,406 INFO  ipc.CallQueueManager (CallQueueManager.java:<init>(84)) - Using callQueue: class java.util.concurrent.LinkedBlockingQueue, queueCapacity: 2000, scheduler: class org.apache.hadoop.ipc.DefaultRpcScheduler, ipcBackoff: false.
2019-06-15 09:21:22,408 INFO  ipc.Server (Server.java:run(1074)) - Starting Socket Reader #1 for port 38775
2019-06-15 09:21:22,411 INFO  hdfs.DFSUtil (DFSUtil.java:httpServerTemplateForNNAndJN(1641)) - Starting Web-server for scm at: http://0.0.0.0:0
2019-06-15 09:21:22,412 INFO  server.AuthenticationFilter (AuthenticationFilter.java:constructSecretProvider(240)) - Unable to initialize FileSignerSecretProvider, falling back to use random secrets.
2019-06-15 09:21:22,413 WARN  http.HttpRequestLog (HttpRequestLog.java:getRequestLog(97)) - Jetty request log can only be enabled using Log4j
2019-06-15 09:21:22,414 INFO  http.HttpServer2 (HttpServer2.java:addGlobalFilter(975)) - Added global filter 'safety' (class=org.apache.hadoop.http.HttpServer2$QuotingInputFilter)
2019-06-15 09:21:22,414 INFO  http.HttpServer2 (HttpServer2.java:addFilter(948)) - Added filter static_user_filter (class=org.apache.hadoop.http.lib.StaticUserWebFilter$StaticUserFilter) to context scm
2019-06-15 09:21:22,415 INFO  http.HttpServer2 (HttpServer2.java:addFilter(958)) - Added filter static_user_filter (class=org.apache.hadoop.http.lib.StaticUserWebFilter$StaticUserFilter) to context logs
2019-06-15 09:21:22,415 INFO  http.HttpServer2 (HttpServer2.java:addFilter(958)) - Added filter static_user_filter (class=org.apache.hadoop.http.lib.StaticUserWebFilter$StaticUserFilter) to context static
2019-06-15 09:21:22,419 INFO  server.StorageContainerManager (StorageContainerManager.java:start(753)) - StorageContainerLocationProtocol RPC server is listening at /0.0.0.0:38775
2019-06-15 09:21:22,419 INFO  impl.MetricsSystemImpl (MetricsSystemImpl.java:init(158)) - StorageContainerManager metrics system started (again)
2019-06-15 09:21:22,419 INFO  server.SCMClientProtocolServer (SCMClientProtocolServer.java:start(149)) - RPC server for Client  is listening at /0.0.0.0:38775
2019-06-15 09:21:22,422 INFO  ipc.Server (Server.java:run(1153)) - IPC Server listener on 38775: starting
2019-06-15 09:21:22,422 INFO  ipc.Server (Server.java:run(1314)) - IPC Server Responder: starting
2019-06-15 09:21:22,435 INFO  server.StorageContainerManager (StorageContainerManager.java:start(762)) - ScmBlockLocationProtocol RPC server is listening at /0.0.0.0:41601
2019-06-15 09:21:22,435 INFO  server.SCMBlockProtocolServer (SCMBlockProtocolServer.java:start(137)) - RPC server for Block Protocol is listening at /0.0.0.0:41601
2019-06-15 09:21:22,436 INFO  ipc.Server (Server.java:run(1314)) - IPC Server Responder: starting
2019-06-15 09:21:22,436 INFO  ipc.Server (Server.java:run(1153)) - IPC Server listener on 41601: starting
2019-06-15 09:21:22,440 INFO  server.StorageContainerManager (StorageContainerManager.java:start(766)) - ScmDatanodeProtocl RPC server is listening at /0.0.0.0:34281
2019-06-15 09:21:22,440 INFO  server.SCMDatanodeProtocolServer (SCMDatanodeProtocolServer.java:start(191)) - RPC server for DataNodes is listening at /0.0.0.0:34281
2019-06-15 09:21:22,440 INFO  ipc.Server (Server.java:run(1314)) - IPC Server Responder: starting
2019-06-15 09:21:22,441 INFO  ipc.Server (Server.java:run(1153)) - IPC Server listener on 34281: starting
2019-06-15 09:21:22,444 INFO  http.HttpServer2 (HttpServer2.java:bindListener(1191)) - Jetty bound to port 44777
2019-06-15 09:21:22,444 INFO  server.Server (Server.java:doStart(351)) - jetty-9.3.24.v20180605, build timestamp: 2018-06-05T17:11:56Z, git hash: 84205aa28f11a4f31f2a3b86d1bba2cc8ab69827
2019-06-15 09:21:22,445 INFO  handler.ContextHandler (ContextHandler.java:doStart(781)) - Started o.e.j.s.ServletContextHandler@4e20a985{/logs,file:///opt/src/hadoop-ozone/integration-test/target/log,AVAILABLE}
2019-06-15 09:21:22,446 INFO  handler.ContextHandler (ContextHandler.java:doStart(781)) - Started o.e.j.s.ServletContextHandler@6071631f{/static,file:///opt/src/hadoop-ozone/integration-test/target/test-classes/webapps/static,AVAILABLE}
2019-06-15 09:21:22,449 INFO  handler.ContextHandler (ContextHandler.java:doStart(781)) - Started o.e.j.w.WebAppContext@47c5cbf2{/,file:///opt/src/hadoop-ozone/integration-test/target/test-classes/webapps/scm/,AVAILABLE}{/scm}
2019-06-15 09:21:22,449 INFO  server.AbstractConnector (AbstractConnector.java:doStart(278)) - Started ServerConnector@1031c1a0{HTTP/1.1,[http/1.1]}{0.0.0.0:44777}
2019-06-15 09:21:22,450 INFO  server.Server (Server.java:doStart(419)) - Started @34148ms
2019-06-15 09:21:22,451 INFO  server.BaseHttpServer (BaseHttpServer.java:updateConnectorAddress(207)) - HTTP server of SCM is listening at http://0.0.0.0:44777
2019-06-15 09:21:22,453 WARN  scm.ScmUtils (ScmUtils.java:getDBPath(63)) - ozone.om.db.dirs is not configured. We recommend adding this setting. Falling back to ozone.metadata.dirs instead.
2019-06-15 09:21:22,453 INFO  util.JvmPauseMonitor (JvmPauseMonitor.java:run(188)) - Starting JVM pause monitor
2019-06-15 09:21:22,456 WARN  scm.ScmUtils (ScmUtils.java:getDBPath(63)) - ozone.om.db.dirs is not configured. We recommend adding this setting. Falling back to ozone.metadata.dirs instead.
2019-06-15 09:21:22,456 INFO  om.OzoneManager (OzoneManager.java:setOMNodeDetails(532)) - OM Service ID is not set. Setting it to the default ID: omServiceIdDefault
2019-06-15 09:21:22,456 INFO  om.OzoneManager (OzoneManager.java:setOMNodeDetails(538)) - OM Node ID is not set. Setting it to the OmStorage's OmID: 601897fc-8f9a-4866-81dd-5ac985b68dc5
2019-06-15 09:21:22,456 WARN  scm.HddsServerUtil (HddsServerUtil.java:getDefaultRatisDirectory(354)) - Storage directory for Ratis is not configured. It is a good idea to map this to an SSD disk. Falling back to ozone.metadata.dirs
2019-06-15 09:21:22,456 WARN  scm.HddsServerUtil (HddsServerUtil.java:getDefaultRatisDirectory(354)) - Storage directory for Ratis is not configured. It is a good idea to map this to an SSD disk. Falling back to ozone.metadata.dirs
2019-06-15 09:21:22,457 INFO  om.OzoneManager (OzoneManager.java:loadOMHAConfigs(489)) - Found matching OM address with OMServiceId: null, OMNodeId: null, RPC Address: localhost:0 and Ratis port: 9872
2019-06-15 09:21:22,470 WARN  scm.ScmUtils (ScmUtils.java:getDBPath(63)) - ozone.om.db.dirs is not configured. We recommend adding this setting. Falling back to ozone.metadata.dirs instead.
2019-06-15 09:21:22,470 INFO  db.DBStoreBuilder (DBStoreBuilder.java:addTable(110)) - using custom profile for table: userTable
2019-06-15 09:21:22,471 INFO  db.DBStoreBuilder (DBStoreBuilder.java:processTables(161)) - Using default column profile:DBProfile.DISK for Table:userTable
2019-06-15 09:21:22,471 INFO  db.DBStoreBuilder (DBStoreBuilder.java:addTable(110)) - using custom profile for table: volumeTable
2019-06-15 09:21:22,471 INFO  db.DBStoreBuilder (DBStoreBuilder.java:processTables(161)) - Using default column profile:DBProfile.DISK for Table:volumeTable
2019-06-15 09:21:22,471 INFO  db.DBStoreBuilder (DBStoreBuilder.java:addTable(110)) - using custom profile for table: bucketTable
2019-06-15 09:21:22,471 INFO  db.DBStoreBuilder (DBStoreBuilder.java:processTables(161)) - Using default column profile:DBProfile.DISK for Table:bucketTable
2019-06-15 09:21:22,472 INFO  db.DBStoreBuilder (DBStoreBuilder.java:addTable(110)) - using custom profile for table: keyTable
2019-06-15 09:21:22,472 INFO  db.DBStoreBuilder (DBStoreBuilder.java:processTables(161)) - Using default column profile:DBProfile.DISK for Table:keyTable
2019-06-15 09:21:22,472 INFO  db.DBStoreBuilder (DBStoreBuilder.java:addTable(110)) - using custom profile for table: deletedTable
2019-06-15 09:21:22,472 INFO  db.DBStoreBuilder (DBStoreBuilder.java:processTables(161)) - Using default column profile:DBProfile.DISK for Table:deletedTable
2019-06-15 09:21:22,472 INFO  db.DBStoreBuilder (DBStoreBuilder.java:addTable(110)) - using custom profile for table: openKeyTable
2019-06-15 09:21:22,472 INFO  db.DBStoreBuilder (DBStoreBuilder.java:processTables(161)) - Using default column profile:DBProfile.DISK for Table:openKeyTable
2019-06-15 09:21:22,472 INFO  db.DBStoreBuilder (DBStoreBuilder.java:addTable(110)) - using custom profile for table: s3Table
2019-06-15 09:21:22,473 INFO  db.DBStoreBuilder (DBStoreBuilder.java:processTables(161)) - Using default column profile:DBProfile.DISK for Table:s3Table
2019-06-15 09:21:22,473 INFO  db.DBStoreBuilder (DBStoreBuilder.java:addTable(110)) - using custom profile for table: multipartInfoTable
2019-06-15 09:21:22,473 INFO  db.DBStoreBuilder (DBStoreBuilder.java:processTables(161)) - Using default column profile:DBProfile.DISK for Table:multipartInfoTable
2019-06-15 09:21:22,473 INFO  db.DBStoreBuilder (DBStoreBuilder.java:addTable(110)) - using custom profile for table: dTokenTable
2019-06-15 09:21:22,473 INFO  db.DBStoreBuilder (DBStoreBuilder.java:processTables(161)) - Using default column profile:DBProfile.DISK for Table:dTokenTable
2019-06-15 09:21:22,473 INFO  db.DBStoreBuilder (DBStoreBuilder.java:addTable(110)) - using custom profile for table: s3SecretTable
2019-06-15 09:21:22,473 INFO  db.DBStoreBuilder (DBStoreBuilder.java:processTables(161)) - Using default column profile:DBProfile.DISK for Table:s3SecretTable
2019-06-15 09:21:22,474 INFO  db.DBStoreBuilder (DBStoreBuilder.java:addTable(110)) - using custom profile for table: prefixTable
2019-06-15 09:21:22,474 INFO  db.DBStoreBuilder (DBStoreBuilder.java:processTables(161)) - Using default column profile:DBProfile.DISK for Table:prefixTable
2019-06-15 09:21:22,474 INFO  db.DBStoreBuilder (DBStoreBuilder.java:addTable(110)) - using custom profile for table: default
2019-06-15 09:21:22,474 INFO  db.DBStoreBuilder (DBStoreBuilder.java:processTables(167)) - Using default column profile:DBProfile.DISK for Table:default
2019-06-15 09:21:22,474 INFO  db.DBStoreBuilder (DBStoreBuilder.java:getDbProfile(198)) - Using default options. DBProfile.DISK
2019-06-15 09:21:22,608 INFO  ipc.CallQueueManager (CallQueueManager.java:<init>(84)) - Using callQueue: class java.util.concurrent.LinkedBlockingQueue, queueCapacity: 2000, scheduler: class org.apache.hadoop.ipc.DefaultRpcScheduler, ipcBackoff: false.
2019-06-15 09:21:22,609 INFO  ipc.Server (Server.java:run(1074)) - Starting Socket Reader #1 for port 43583
2019-06-15 09:21:22,620 WARN  scm.ScmUtils (ScmUtils.java:getDBPath(63)) - ozone.om.db.dirs is not configured. We recommend adding this setting. Falling back to ozone.metadata.dirs instead.
2019-06-15 09:21:22,620 INFO  om.OzoneManager (OzoneManager.java:start(1230)) - OzoneManager RPC server is listening at localhost/127.0.0.1:43583
2019-06-15 09:21:22,620 INFO  impl.MetricsSystemImpl (MetricsSystemImpl.java:init(158)) - OzoneManager metrics system started (again)
2019-06-15 09:21:22,621 INFO  ipc.Server (Server.java:run(1153)) - IPC Server listener on 43583: starting
2019-06-15 09:21:22,621 INFO  ipc.Server (Server.java:run(1314)) - IPC Server Responder: starting
2019-06-15 09:21:22,626 INFO  hdfs.DFSUtil (DFSUtil.java:httpServerTemplateForNNAndJN(1641)) - Starting Web-server for ozoneManager at: http://0.0.0.0:0
2019-06-15 09:21:22,627 INFO  server.AuthenticationFilter (AuthenticationFilter.java:constructSecretProvider(240)) - Unable to initialize FileSignerSecretProvider, falling back to use random secrets.
2019-06-15 09:21:22,628 WARN  http.HttpRequestLog (HttpRequestLog.java:getRequestLog(97)) - Jetty request log can only be enabled using Log4j
2019-06-15 09:21:22,630 INFO  http.HttpServer2 (HttpServer2.java:addGlobalFilter(975)) - Added global filter 'safety' (class=org.apache.hadoop.http.HttpServer2$QuotingInputFilter)
2019-06-15 09:21:22,631 INFO  http.HttpServer2 (HttpServer2.java:addFilter(948)) - Added filter static_user_filter (class=org.apache.hadoop.http.lib.StaticUserWebFilter$StaticUserFilter) to context ozoneManager
2019-06-15 09:21:22,631 INFO  http.HttpServer2 (HttpServer2.java:addFilter(958)) - Added filter static_user_filter (class=org.apache.hadoop.http.lib.StaticUserWebFilter$StaticUserFilter) to context logs
2019-06-15 09:21:22,631 INFO  http.HttpServer2 (HttpServer2.java:addFilter(958)) - Added filter static_user_filter (class=org.apache.hadoop.http.lib.StaticUserWebFilter$StaticUserFilter) to context static
2019-06-15 09:21:22,631 INFO  http.HttpServer2 (HttpServer2.java:bindListener(1191)) - Jetty bound to port 44937
2019-06-15 09:21:22,631 INFO  server.Server (Server.java:doStart(351)) - jetty-9.3.24.v20180605, build timestamp: 2018-06-05T17:11:56Z, git hash: 84205aa28f11a4f31f2a3b86d1bba2cc8ab69827
2019-06-15 09:21:22,633 INFO  handler.ContextHandler (ContextHandler.java:doStart(781)) - Started o.e.j.s.ServletContextHandler@11ce9319{/logs,file:///opt/src/hadoop-ozone/integration-test/target/log,AVAILABLE}
2019-06-15 09:21:22,633 INFO  handler.ContextHandler (ContextHandler.java:doStart(781)) - Started o.e.j.s.ServletContextHandler@1b3bb287{/static,file:///opt/src/hadoop-ozone/integration-test/target/test-classes/webapps/static,AVAILABLE}
2019-06-15 09:21:22,636 INFO  handler.ContextHandler (ContextHandler.java:doStart(781)) - Started o.e.j.w.WebAppContext@b5ff70b{/,file:///opt/src/hadoop-ozone/integration-test/target/test-classes/webapps/ozoneManager/,AVAILABLE}{/ozoneManager}
2019-06-15 09:21:22,636 INFO  server.AbstractConnector (AbstractConnector.java:doStart(278)) - Started ServerConnector@5709e10b{HTTP/1.1,[http/1.1]}{0.0.0.0:44937}
2019-06-15 09:21:22,637 INFO  server.Server (Server.java:doStart(419)) - Started @34335ms
2019-06-15 09:21:22,637 INFO  server.BaseHttpServer (BaseHttpServer.java:updateConnectorAddress(207)) - HTTP server of OZONEMANAGER is listening at http://0.0.0.0:44937
2019-06-15 09:21:22,647 INFO  impl.MetricsSystemImpl (MetricsSystemImpl.java:init(158)) - HddsDatanode metrics system started (again)
2019-06-15 09:21:22,647 INFO  ozone.HddsDatanodeService (HddsDatanodeService.java:start(185)) - HddsDatanodeService host:ozone-unit-076618677d3-f4jks-397892598 ip:192.168.46.58
2019-06-15 09:21:22,657 INFO  volume.HddsVolume (HddsVolume.java:<init>(176)) - Creating Volume: /opt/src/hadoop-ozone/integration-test/target/test-dir/MiniOzoneClusterImpl-6d290ed5-2317-4cc3-89ac-ce0ef15d54ec/datanode-0/data/containers/hdds of  storage type : DISK and capacity : 104021790720
2019-06-15 09:21:22,657 INFO  volume.VolumeSet (VolumeSet.java:initializeVolumeSet(170)) - Added Volume : /opt/src/hadoop-ozone/integration-test/target/test-dir/MiniOzoneClusterImpl-6d290ed5-2317-4cc3-89ac-ce0ef15d54ec/datanode-0/data/containers/hdds to VolumeSet
2019-06-15 09:21:22,657 INFO  volume.ThrottledAsyncChecker (ThrottledAsyncChecker.java:schedule(140)) - Scheduling a check for org.apache.hadoop.ozone.container.common.volume.HddsVolume@79135a38
2019-06-15 09:21:22,658 INFO  volume.HddsVolumeChecker (HddsVolumeChecker.java:checkAllVolumes(203)) - Scheduled health check for volume org.apache.hadoop.ozone.container.common.volume.HddsVolume@79135a38
2019-06-15 09:21:22,673 INFO  ratis.XceiverServerRatis (XceiverServerRatis.java:newXceiverServerRatis(401)) - Found a free port for the server : 43173
2019-06-15 09:21:22,675 INFO  impl.RaftServerProxy (ConfUtils.java:logGet(43)) - raft.rpc.type = GRPC (default)
2019-06-15 09:21:22,675 INFO  grpc.GrpcConfigKeys$Server (ConfUtils.java:logGet(43)) - raft.grpc.server.port = 43173 (custom)
2019-06-15 09:21:22,675 INFO  server.GrpcService (ConfUtils.java:logGet(43)) - raft.grpc.message.size.max = 33570816 (custom)
2019-06-15 09:21:22,675 INFO  server.RaftServerConfigKeys (ConfUtils.java:logGet(43)) - raft.server.log.appender.buffer.byte-limit = 33554432 (custom)
2019-06-15 09:21:22,675 INFO  server.GrpcService (ConfUtils.java:logGet(43)) - raft.grpc.flow.control.window = 1MB (=1048576) (default)
2019-06-15 09:21:22,675 INFO  server.RaftServerConfigKeys (ConfUtils.java:logGet(43)) - raft.server.rpc.request.timeout = 3000ms (default)
2019-06-15 09:21:22,676 INFO  server.RaftServerConfigKeys (ConfUtils.java:logGet(43)) - raft.server.storage.dir = [/opt/src/hadoop-ozone/integration-test/target/test-dir/MiniOzoneClusterImpl-6d290ed5-2317-4cc3-89ac-ce0ef15d54ec/datanode-0/data/ratis] (custom)
2019-06-15 09:21:22,676 INFO  server.XceiverServerGrpc (XceiverServerGrpc.java:<init>(97)) - Found a free port for the server : 43531
2019-06-15 09:21:22,676 INFO  replication.SimpleContainerDownloader (SimpleContainerDownloader.java:<init>(72)) - Starting container downloader service to copy containers to replicate.
2019-06-15 09:21:22,681 INFO  hdfs.DFSUtil (DFSUtil.java:httpServerTemplateForNNAndJN(1641)) - Starting Web-server for hddsDatanode at: http://0.0.0.0:0
2019-06-15 09:21:22,682 INFO  server.AuthenticationFilter (AuthenticationFilter.java:constructSecretProvider(240)) - Unable to initialize FileSignerSecretProvider, falling back to use random secrets.
2019-06-15 09:21:22,685 WARN  http.HttpRequestLog (HttpRequestLog.java:getRequestLog(97)) - Jetty request log can only be enabled using Log4j
2019-06-15 09:21:22,687 INFO  http.HttpServer2 (HttpServer2.java:addGlobalFilter(975)) - Added global filter 'safety' (class=org.apache.hadoop.http.HttpServer2$QuotingInputFilter)
2019-06-15 09:21:22,687 INFO  http.HttpServer2 (HttpServer2.java:addFilter(948)) - Added filter static_user_filter (class=org.apache.hadoop.http.lib.StaticUserWebFilter$StaticUserFilter) to context hddsDatanode
2019-06-15 09:21:22,687 INFO  http.HttpServer2 (HttpServer2.java:addFilter(958)) - Added filter static_user_filter (class=org.apache.hadoop.http.lib.StaticUserWebFilter$StaticUserFilter) to context static
2019-06-15 09:21:22,687 INFO  http.HttpServer2 (HttpServer2.java:addFilter(958)) - Added filter static_user_filter (class=org.apache.hadoop.http.lib.StaticUserWebFilter$StaticUserFilter) to context logs
2019-06-15 09:21:22,688 INFO  http.HttpServer2 (HttpServer2.java:bindListener(1191)) - Jetty bound to port 36793
2019-06-15 09:21:22,688 INFO  server.Server (Server.java:doStart(351)) - jetty-9.3.24.v20180605, build timestamp: 2018-06-05T17:11:56Z, git hash: 84205aa28f11a4f31f2a3b86d1bba2cc8ab69827
2019-06-15 09:21:22,689 INFO  handler.ContextHandler (ContextHandler.java:doStart(781)) - Started o.e.j.s.ServletContextHandler@7e0883f3{/logs,file:///opt/src/hadoop-ozone/integration-test/target/log,AVAILABLE}
2019-06-15 09:21:22,690 INFO  handler.ContextHandler (ContextHandler.java:doStart(781)) - Started o.e.j.s.ServletContextHandler@4ba1c1a2{/static,jar:file:/home/user/.m2/repository/org/apache/hadoop/hadoop-hdds-container-service/0.5.0-SNAPSHOT/hadoop-hdds-container-service-0.5.0-SNAPSHOT.jar!/webapps/static,AVAILABLE}
2019-06-15 09:21:22,713 INFO  handler.ContextHandler (ContextHandler.java:doStart(781)) - Started o.e.j.w.WebAppContext@7c0ff7a0{/,file:///tmp/jetty-0.0.0.0-36793-hddsDatanode-_-any-1249569777999168197.dir/webapp/,AVAILABLE}{/hddsDatanode}
2019-06-15 09:21:22,713 INFO  server.AbstractConnector (AbstractConnector.java:doStart(278)) - Started ServerConnector@24c84e65{HTTP/1.1,[http/1.1]}{0.0.0.0:36793}
2019-06-15 09:21:22,714 INFO  server.Server (Server.java:doStart(419)) - Started @34412ms
2019-06-15 09:21:22,716 INFO  server.BaseHttpServer (BaseHttpServer.java:updateConnectorAddress(207)) - HTTP server of HDDSDATANODE is listening at http://0.0.0.0:36793
2019-06-15 09:21:22,807 INFO  ozone.HddsDatanodeService (HddsDatanodeService.java:startPlugins(396)) - Started plug-in org.apache.hadoop.ozone.web.OzoneHddsDatanodeService@1c79d093
2019-06-15 09:21:22,807 INFO  impl.MetricsSystemImpl (MetricsSystemImpl.java:init(158)) - HddsDatanode metrics system started (again)
2019-06-15 09:21:22,807 INFO  ozone.HddsDatanodeService (HddsDatanodeService.java:start(185)) - HddsDatanodeService host:ozone-unit-076618677d3-f4jks-397892598 ip:192.168.46.58
2019-06-15 09:21:22,821 INFO  util.JvmPauseMonitor (JvmPauseMonitor.java:run(188)) - Starting JVM pause monitor
2019-06-15 09:21:22,822 INFO  volume.HddsVolume (HddsVolume.java:<init>(176)) - Creating Volume: /opt/src/hadoop-ozone/integration-test/target/test-dir/MiniOzoneClusterImpl-6d290ed5-2317-4cc3-89ac-ce0ef15d54ec/datanode-1/data/containers/hdds of  storage type : DISK and capacity : 104021790720
2019-06-15 09:21:22,823 INFO  volume.VolumeSet (VolumeSet.java:initializeVolumeSet(170)) - Added Volume : /opt/src/hadoop-ozone/integration-test/target/test-dir/MiniOzoneClusterImpl-6d290ed5-2317-4cc3-89ac-ce0ef15d54ec/datanode-1/data/containers/hdds to VolumeSet
2019-06-15 09:21:22,823 INFO  volume.ThrottledAsyncChecker (ThrottledAsyncChecker.java:schedule(140)) - Scheduling a check for org.apache.hadoop.ozone.container.common.volume.HddsVolume@665ed71a
2019-06-15 09:21:22,823 INFO  datanode.InitDatanodeState (InitDatanodeState.java:persistContainerDatanodeDetails(140)) - DatanodeDetails is persisted to /opt/src/hadoop-ozone/integration-test/target/test-dir/MiniOzoneClusterImpl-6d290ed5-2317-4cc3-89ac-ce0ef15d54ec/datanode-0/meta/datanode.id
2019-06-15 09:21:22,826 INFO  volume.HddsVolumeChecker (HddsVolumeChecker.java:checkAllVolumes(203)) - Scheduled health check for volume org.apache.hadoop.ozone.container.common.volume.HddsVolume@665ed71a
2019-06-15 09:21:22,836 INFO  ratis.XceiverServerRatis (XceiverServerRatis.java:newXceiverServerRatis(401)) - Found a free port for the server : 42463
2019-06-15 09:21:22,836 INFO  impl.RaftServerProxy (ConfUtils.java:logGet(43)) - raft.rpc.type = GRPC (default)
2019-06-15 09:21:22,836 INFO  grpc.GrpcConfigKeys$Server (ConfUtils.java:logGet(43)) - raft.grpc.server.port = 42463 (custom)
2019-06-15 09:21:22,837 INFO  server.GrpcService (ConfUtils.java:logGet(43)) - raft.grpc.message.size.max = 33570816 (custom)
2019-06-15 09:21:22,837 INFO  server.RaftServerConfigKeys (ConfUtils.java:logGet(43)) - raft.server.log.appender.buffer.byte-limit = 33554432 (custom)
2019-06-15 09:21:22,837 INFO  server.GrpcService (ConfUtils.java:logGet(43)) - raft.grpc.flow.control.window = 1MB (=1048576) (default)
2019-06-15 09:21:22,837 INFO  server.RaftServerConfigKeys (ConfUtils.java:logGet(43)) - raft.server.rpc.request.timeout = 3000ms (default)
2019-06-15 09:21:22,837 INFO  server.RaftServerConfigKeys (ConfUtils.java:logGet(43)) - raft.server.storage.dir = [/opt/src/hadoop-ozone/integration-test/target/test-dir/MiniOzoneClusterImpl-6d290ed5-2317-4cc3-89ac-ce0ef15d54ec/datanode-1/data/ratis] (custom)
2019-06-15 09:21:22,838 INFO  server.XceiverServerGrpc (XceiverServerGrpc.java:<init>(97)) - Found a free port for the server : 40333
2019-06-15 09:21:22,838 INFO  replication.SimpleContainerDownloader (SimpleContainerDownloader.java:<init>(72)) - Starting container downloader service to copy containers to replicate.
2019-06-15 09:21:22,839 INFO  hdfs.DFSUtil (DFSUtil.java:httpServerTemplateForNNAndJN(1641)) - Starting Web-server for hddsDatanode at: http://0.0.0.0:0
2019-06-15 09:21:22,840 INFO  server.AuthenticationFilter (AuthenticationFilter.java:constructSecretProvider(240)) - Unable to initialize FileSignerSecretProvider, falling back to use random secrets.
2019-06-15 09:21:22,841 WARN  http.HttpRequestLog (HttpRequestLog.java:getRequestLog(97)) - Jetty request log can only be enabled using Log4j
2019-06-15 09:21:22,842 INFO  http.HttpServer2 (HttpServer2.java:addGlobalFilter(975)) - Added global filter 'safety' (class=org.apache.hadoop.http.HttpServer2$QuotingInputFilter)
2019-06-15 09:21:22,843 INFO  http.HttpServer2 (HttpServer2.java:addFilter(948)) - Added filter static_user_filter (class=org.apache.hadoop.http.lib.StaticUserWebFilter$StaticUserFilter) to context hddsDatanode
2019-06-15 09:21:22,843 INFO  http.HttpServer2 (HttpServer2.java:addFilter(958)) - Added filter static_user_filter (class=org.apache.hadoop.http.lib.StaticUserWebFilter$StaticUserFilter) to context logs
2019-06-15 09:21:22,843 INFO  http.HttpServer2 (HttpServer2.java:addFilter(958)) - Added filter static_user_filter (class=org.apache.hadoop.http.lib.StaticUserWebFilter$StaticUserFilter) to context static
2019-06-15 09:21:22,844 INFO  http.HttpServer2 (HttpServer2.java:bindListener(1191)) - Jetty bound to port 32993
2019-06-15 09:21:22,844 INFO  server.Server (Server.java:doStart(351)) - jetty-9.3.24.v20180605, build timestamp: 2018-06-05T17:11:56Z, git hash: 84205aa28f11a4f31f2a3b86d1bba2cc8ab69827
2019-06-15 09:21:22,845 INFO  handler.ContextHandler (ContextHandler.java:doStart(781)) - Started o.e.j.s.ServletContextHandler@4bfe83d{/logs,file:///opt/src/hadoop-ozone/integration-test/target/log,AVAILABLE}
2019-06-15 09:21:22,846 INFO  handler.ContextHandler (ContextHandler.java:doStart(781)) - Started o.e.j.s.ServletContextHandler@10fc1a22{/static,jar:file:/home/user/.m2/repository/org/apache/hadoop/hadoop-hdds-container-service/0.5.0-SNAPSHOT/hadoop-hdds-container-service-0.5.0-SNAPSHOT.jar!/webapps/static,AVAILABLE}
2019-06-15 09:21:22,869 INFO  handler.ContextHandler (ContextHandler.java:doStart(781)) - Started o.e.j.w.WebAppContext@4cfe9594{/,file:///tmp/jetty-0.0.0.0-32993-hddsDatanode-_-any-6198667743331777189.dir/webapp/,AVAILABLE}{/hddsDatanode}
2019-06-15 09:21:22,870 INFO  server.AbstractConnector (AbstractConnector.java:doStart(278)) - Started ServerConnector@60861e5d{HTTP/1.1,[http/1.1]}{0.0.0.0:32993}
2019-06-15 09:21:22,871 INFO  server.Server (Server.java:doStart(419)) - Started @34569ms
2019-06-15 09:21:22,871 INFO  server.BaseHttpServer (BaseHttpServer.java:updateConnectorAddress(207)) - HTTP server of HDDSDATANODE is listening at http://0.0.0.0:32993
2019-06-15 09:21:23,095 INFO  ozone.HddsDatanodeService (HddsDatanodeService.java:startPlugins(396)) - Started plug-in org.apache.hadoop.ozone.web.OzoneHddsDatanodeService@1c4aa701
2019-06-15 09:21:23,096 INFO  impl.MetricsSystemImpl (MetricsSystemImpl.java:init(158)) - HddsDatanode metrics system started (again)
2019-06-15 09:21:23,096 INFO  ozone.HddsDatanodeService (HddsDatanodeService.java:start(185)) - HddsDatanodeService host:ozone-unit-076618677d3-f4jks-397892598 ip:192.168.46.58
2019-06-15 09:21:23,110 INFO  util.JvmPauseMonitor (JvmPauseMonitor.java:run(188)) - Starting JVM pause monitor
2019-06-15 09:21:23,112 INFO  datanode.InitDatanodeState (InitDatanodeState.java:persistContainerDatanodeDetails(140)) - DatanodeDetails is persisted to /opt/src/hadoop-ozone/integration-test/target/test-dir/MiniOzoneClusterImpl-6d290ed5-2317-4cc3-89ac-ce0ef15d54ec/datanode-1/meta/datanode.id
2019-06-15 09:21:23,123 INFO  volume.HddsVolume (HddsVolume.java:<init>(176)) - Creating Volume: /opt/src/hadoop-ozone/integration-test/target/test-dir/MiniOzoneClusterImpl-6d290ed5-2317-4cc3-89ac-ce0ef15d54ec/datanode-2/data/containers/hdds of  storage type : DISK and capacity : 104021790720
2019-06-15 09:21:23,123 INFO  volume.VolumeSet (VolumeSet.java:initializeVolumeSet(170)) - Added Volume : /opt/src/hadoop-ozone/integration-test/target/test-dir/MiniOzoneClusterImpl-6d290ed5-2317-4cc3-89ac-ce0ef15d54ec/datanode-2/data/containers/hdds to VolumeSet
2019-06-15 09:21:23,123 INFO  volume.ThrottledAsyncChecker (ThrottledAsyncChecker.java:schedule(140)) - Scheduling a check for org.apache.hadoop.ozone.container.common.volume.HddsVolume@320fc4b0
2019-06-15 09:21:23,124 INFO  volume.HddsVolumeChecker (HddsVolumeChecker.java:checkAllVolumes(203)) - Scheduled health check for volume org.apache.hadoop.ozone.container.common.volume.HddsVolume@320fc4b0
2019-06-15 09:21:23,138 INFO  ratis.XceiverServerRatis (XceiverServerRatis.java:newXceiverServerRatis(401)) - Found a free port for the server : 37287
2019-06-15 09:21:23,138 INFO  impl.RaftServerProxy (ConfUtils.java:logGet(43)) - raft.rpc.type = GRPC (default)
2019-06-15 09:21:23,139 INFO  grpc.GrpcConfigKeys$Server (ConfUtils.java:logGet(43)) - raft.grpc.server.port = 37287 (custom)
2019-06-15 09:21:23,139 INFO  server.GrpcService (ConfUtils.java:logGet(43)) - raft.grpc.message.size.max = 33570816 (custom)
2019-06-15 09:21:23,139 INFO  server.RaftServerConfigKeys (ConfUtils.java:logGet(43)) - raft.server.log.appender.buffer.byte-limit = 33554432 (custom)
2019-06-15 09:21:23,139 INFO  server.GrpcService (ConfUtils.java:logGet(43)) - raft.grpc.flow.control.window = 1MB (=1048576) (default)
2019-06-15 09:21:23,139 INFO  server.RaftServerConfigKeys (ConfUtils.java:logGet(43)) - raft.server.rpc.request.timeout = 3000ms (default)
2019-06-15 09:21:23,140 INFO  server.RaftServerConfigKeys (ConfUtils.java:logGet(43)) - raft.server.storage.dir = [/opt/src/hadoop-ozone/integration-test/target/test-dir/MiniOzoneClusterImpl-6d290ed5-2317-4cc3-89ac-ce0ef15d54ec/datanode-2/data/ratis] (custom)
2019-06-15 09:21:23,140 INFO  server.XceiverServerGrpc (XceiverServerGrpc.java:<init>(97)) - Found a free port for the server : 41013
2019-06-15 09:21:23,141 INFO  replication.SimpleContainerDownloader (SimpleContainerDownloader.java:<init>(72)) - Starting container downloader service to copy containers to replicate.
2019-06-15 09:21:23,144 INFO  hdfs.DFSUtil (DFSUtil.java:httpServerTemplateForNNAndJN(1641)) - Starting Web-server for hddsDatanode at: http://0.0.0.0:0
2019-06-15 09:21:23,148 INFO  server.AuthenticationFilter (AuthenticationFilter.java:constructSecretProvider(240)) - Unable to initialize FileSignerSecretProvider, falling back to use random secrets.
2019-06-15 09:21:23,149 WARN  http.HttpRequestLog (HttpRequestLog.java:getRequestLog(97)) - Jetty request log can only be enabled using Log4j
2019-06-15 09:21:23,150 INFO  http.HttpServer2 (HttpServer2.java:addGlobalFilter(975)) - Added global filter 'safety' (class=org.apache.hadoop.http.HttpServer2$QuotingInputFilter)
2019-06-15 09:21:23,150 INFO  http.HttpServer2 (HttpServer2.java:addFilter(948)) - Added filter static_user_filter (class=org.apache.hadoop.http.lib.StaticUserWebFilter$StaticUserFilter) to context hddsDatanode
2019-06-15 09:21:23,151 INFO  http.HttpServer2 (HttpServer2.java:addFilter(958)) - Added filter static_user_filter (class=org.apache.hadoop.http.lib.StaticUserWebFilter$StaticUserFilter) to context logs
2019-06-15 09:21:23,151 INFO  http.HttpServer2 (HttpServer2.java:addFilter(958)) - Added filter static_user_filter (class=org.apache.hadoop.http.lib.StaticUserWebFilter$StaticUserFilter) to context static
2019-06-15 09:21:23,151 INFO  http.HttpServer2 (HttpServer2.java:bindListener(1191)) - Jetty bound to port 42447
2019-06-15 09:21:23,152 INFO  server.Server (Server.java:doStart(351)) - jetty-9.3.24.v20180605, build timestamp: 2018-06-05T17:11:56Z, git hash: 84205aa28f11a4f31f2a3b86d1bba2cc8ab69827
2019-06-15 09:21:23,154 INFO  handler.ContextHandler (ContextHandler.java:doStart(781)) - Started o.e.j.s.ServletContextHandler@3c82bac3{/logs,file:///opt/src/hadoop-ozone/integration-test/target/log,AVAILABLE}
2019-06-15 09:21:23,155 INFO  handler.ContextHandler (ContextHandler.java:doStart(781)) - Started o.e.j.s.ServletContextHandler@446a5aa5{/static,jar:file:/home/user/.m2/repository/org/apache/hadoop/hadoop-hdds-container-service/0.5.0-SNAPSHOT/hadoop-hdds-container-service-0.5.0-SNAPSHOT.jar!/webapps/static,AVAILABLE}
2019-06-15 09:21:23,183 INFO  handler.ContextHandler (ContextHandler.java:doStart(781)) - Started o.e.j.w.WebAppContext@5edd9b4f{/,file:///tmp/jetty-0.0.0.0-42447-hddsDatanode-_-any-8734726966494838287.dir/webapp/,AVAILABLE}{/hddsDatanode}
2019-06-15 09:21:23,184 INFO  server.AbstractConnector (AbstractConnector.java:doStart(278)) - Started ServerConnector@5db90818{HTTP/1.1,[http/1.1]}{0.0.0.0:42447}
2019-06-15 09:21:23,187 INFO  server.Server (Server.java:doStart(419)) - Started @34885ms
2019-06-15 09:21:23,188 INFO  server.BaseHttpServer (BaseHttpServer.java:updateConnectorAddress(207)) - HTTP server of HDDSDATANODE is listening at http://0.0.0.0:42447
2019-06-15 09:21:23,304 INFO  ozone.HddsDatanodeService (HddsDatanodeService.java:startPlugins(396)) - Started plug-in org.apache.hadoop.ozone.web.OzoneHddsDatanodeService@3e0704e2
2019-06-15 09:21:23,304 INFO  impl.MetricsSystemImpl (MetricsSystemImpl.java:init(158)) - HddsDatanode metrics system started (again)
2019-06-15 09:21:23,304 INFO  ozone.HddsDatanodeService (HddsDatanodeService.java:start(185)) - HddsDatanodeService host:ozone-unit-076618677d3-f4jks-397892598 ip:192.168.46.58
2019-06-15 09:21:23,344 INFO  util.JvmPauseMonitor (JvmPauseMonitor.java:run(188)) - Starting JVM pause monitor
2019-06-15 09:21:23,349 INFO  volume.HddsVolume (HddsVolume.java:<init>(176)) - Creating Volume: /opt/src/hadoop-ozone/integration-test/target/test-dir/MiniOzoneClusterImpl-6d290ed5-2317-4cc3-89ac-ce0ef15d54ec/datanode-3/data/containers/hdds of  storage type : DISK and capacity : 104021790720
2019-06-15 09:21:23,350 INFO  volume.VolumeSet (VolumeSet.java:initializeVolumeSet(170)) - Added Volume : /opt/src/hadoop-ozone/integration-test/target/test-dir/MiniOzoneClusterImpl-6d290ed5-2317-4cc3-89ac-ce0ef15d54ec/datanode-3/data/containers/hdds to VolumeSet
2019-06-15 09:21:23,350 INFO  volume.ThrottledAsyncChecker (ThrottledAsyncChecker.java:schedule(140)) - Scheduling a check for org.apache.hadoop.ozone.container.common.volume.HddsVolume@116b0b32
2019-06-15 09:21:23,357 INFO  datanode.InitDatanodeState (InitDatanodeState.java:persistContainerDatanodeDetails(140)) - DatanodeDetails is persisted to /opt/src/hadoop-ozone/integration-test/target/test-dir/MiniOzoneClusterImpl-6d290ed5-2317-4cc3-89ac-ce0ef15d54ec/datanode-2/meta/datanode.id
2019-06-15 09:21:23,365 INFO  volume.HddsVolumeChecker (HddsVolumeChecker.java:checkAllVolumes(203)) - Scheduled health check for volume org.apache.hadoop.ozone.container.common.volume.HddsVolume@116b0b32
2019-06-15 09:21:23,380 INFO  ratis.XceiverServerRatis (XceiverServerRatis.java:newXceiverServerRatis(401)) - Found a free port for the server : 40733
2019-06-15 09:21:23,381 INFO  impl.RaftServerProxy (ConfUtils.java:logGet(43)) - raft.rpc.type = GRPC (default)
2019-06-15 09:21:23,381 INFO  grpc.GrpcConfigKeys$Server (ConfUtils.java:logGet(43)) - raft.grpc.server.port = 40733 (custom)
2019-06-15 09:21:23,381 INFO  server.GrpcService (ConfUtils.java:logGet(43)) - raft.grpc.message.size.max = 33570816 (custom)
2019-06-15 09:21:23,381 INFO  server.RaftServerConfigKeys (ConfUtils.java:logGet(43)) - raft.server.log.appender.buffer.byte-limit = 33554432 (custom)
2019-06-15 09:21:23,382 INFO  server.GrpcService (ConfUtils.java:logGet(43)) - raft.grpc.flow.control.window = 1MB (=1048576) (default)
2019-06-15 09:21:23,382 INFO  server.RaftServerConfigKeys (ConfUtils.java:logGet(43)) - raft.server.rpc.request.timeout = 3000ms (default)
2019-06-15 09:21:23,382 INFO  server.RaftServerConfigKeys (ConfUtils.java:logGet(43)) - raft.server.storage.dir = [/opt/src/hadoop-ozone/integration-test/target/test-dir/MiniOzoneClusterImpl-6d290ed5-2317-4cc3-89ac-ce0ef15d54ec/datanode-3/data/ratis] (custom)
2019-06-15 09:21:23,383 INFO  server.XceiverServerGrpc (XceiverServerGrpc.java:<init>(97)) - Found a free port for the server : 39459
2019-06-15 09:21:23,383 INFO  replication.SimpleContainerDownloader (SimpleContainerDownloader.java:<init>(72)) - Starting container downloader service to copy containers to replicate.
2019-06-15 09:21:23,384 INFO  hdfs.DFSUtil (DFSUtil.java:httpServerTemplateForNNAndJN(1641)) - Starting Web-server for hddsDatanode at: http://0.0.0.0:0
2019-06-15 09:21:23,385 INFO  server.AuthenticationFilter (AuthenticationFilter.java:constructSecretProvider(240)) - Unable to initialize FileSignerSecretProvider, falling back to use random secrets.
2019-06-15 09:21:23,393 WARN  http.HttpRequestLog (HttpRequestLog.java:getRequestLog(97)) - Jetty request log can only be enabled using Log4j
2019-06-15 09:21:23,396 INFO  http.HttpServer2 (HttpServer2.java:addGlobalFilter(975)) - Added global filter 'safety' (class=org.apache.hadoop.http.HttpServer2$QuotingInputFilter)
2019-06-15 09:21:23,396 INFO  http.HttpServer2 (HttpServer2.java:addFilter(948)) - Added filter static_user_filter (class=org.apache.hadoop.http.lib.StaticUserWebFilter$StaticUserFilter) to context hddsDatanode
2019-06-15 09:21:23,396 INFO  http.HttpServer2 (HttpServer2.java:addFilter(958)) - Added filter static_user_filter (class=org.apache.hadoop.http.lib.StaticUserWebFilter$StaticUserFilter) to context static
2019-06-15 09:21:23,396 INFO  http.HttpServer2 (HttpServer2.java:addFilter(958)) - Added filter static_user_filter (class=org.apache.hadoop.http.lib.StaticUserWebFilter$StaticUserFilter) to context logs
2019-06-15 09:21:23,397 INFO  http.HttpServer2 (HttpServer2.java:bindListener(1191)) - Jetty bound to port 37577
2019-06-15 09:21:23,397 INFO  server.Server (Server.java:doStart(351)) - jetty-9.3.24.v20180605, build timestamp: 2018-06-05T17:11:56Z, git hash: 84205aa28f11a4f31f2a3b86d1bba2cc8ab69827
2019-06-15 09:21:23,415 INFO  handler.ContextHandler (ContextHandler.java:doStart(781)) - Started o.e.j.s.ServletContextHandler@33b2ba25{/logs,file:///opt/src/hadoop-ozone/integration-test/target/log,AVAILABLE}
2019-06-15 09:21:23,415 INFO  handler.ContextHandler (ContextHandler.java:doStart(781)) - Started o.e.j.s.ServletContextHandler@481bae3f{/static,jar:file:/home/user/.m2/repository/org/apache/hadoop/hadoop-hdds-container-service/0.5.0-SNAPSHOT/hadoop-hdds-container-service-0.5.0-SNAPSHOT.jar!/webapps/static,AVAILABLE}
2019-06-15 09:21:23,443 INFO  handler.ContextHandler (ContextHandler.java:doStart(781)) - Started o.e.j.w.WebAppContext@578d5d02{/,file:///tmp/jetty-0.0.0.0-37577-hddsDatanode-_-any-6627018021100823148.dir/webapp/,AVAILABLE}{/hddsDatanode}
2019-06-15 09:21:23,443 INFO  server.AbstractConnector (AbstractConnector.java:doStart(278)) - Started ServerConnector@77f04d1a{HTTP/1.1,[http/1.1]}{0.0.0.0:37577}
2019-06-15 09:21:23,445 INFO  server.Server (Server.java:doStart(419)) - Started @35143ms
2019-06-15 09:21:23,445 INFO  server.BaseHttpServer (BaseHttpServer.java:updateConnectorAddress(207)) - HTTP server of HDDSDATANODE is listening at http://0.0.0.0:37577
2019-06-15 09:21:23,541 INFO  ozone.HddsDatanodeService (HddsDatanodeService.java:startPlugins(396)) - Started plug-in org.apache.hadoop.ozone.web.OzoneHddsDatanodeService@1e36baca
2019-06-15 09:21:23,542 INFO  impl.MetricsSystemImpl (MetricsSystemImpl.java:init(158)) - HddsDatanode metrics system started (again)
2019-06-15 09:21:23,542 INFO  ozone.HddsDatanodeService (HddsDatanodeService.java:start(185)) - HddsDatanodeService host:ozone-unit-076618677d3-f4jks-397892598 ip:192.168.46.58
2019-06-15 09:21:23,543 INFO  util.JvmPauseMonitor (JvmPauseMonitor.java:run(188)) - Starting JVM pause monitor
2019-06-15 09:21:23,544 INFO  datanode.InitDatanodeState (InitDatanodeState.java:persistContainerDatanodeDetails(140)) - DatanodeDetails is persisted to /opt/src/hadoop-ozone/integration-test/target/test-dir/MiniOzoneClusterImpl-6d290ed5-2317-4cc3-89ac-ce0ef15d54ec/datanode-3/meta/datanode.id
2019-06-15 09:21:23,550 INFO  volume.HddsVolume (HddsVolume.java:<init>(176)) - Creating Volume: /opt/src/hadoop-ozone/integration-test/target/test-dir/MiniOzoneClusterImpl-6d290ed5-2317-4cc3-89ac-ce0ef15d54ec/datanode-4/data/containers/hdds of  storage type : DISK and capacity : 104021790720
2019-06-15 09:21:23,550 INFO  volume.VolumeSet (VolumeSet.java:initializeVolumeSet(170)) - Added Volume : /opt/src/hadoop-ozone/integration-test/target/test-dir/MiniOzoneClusterImpl-6d290ed5-2317-4cc3-89ac-ce0ef15d54ec/datanode-4/data/containers/hdds to VolumeSet
2019-06-15 09:21:23,550 INFO  volume.ThrottledAsyncChecker (ThrottledAsyncChecker.java:schedule(140)) - Scheduling a check for org.apache.hadoop.ozone.container.common.volume.HddsVolume@2728add3
2019-06-15 09:21:23,551 INFO  volume.HddsVolumeChecker (HddsVolumeChecker.java:checkAllVolumes(203)) - Scheduled health check for volume org.apache.hadoop.ozone.container.common.volume.HddsVolume@2728add3
2019-06-15 09:21:23,560 INFO  ratis.XceiverServerRatis (XceiverServerRatis.java:newXceiverServerRatis(401)) - Found a free port for the server : 46319
2019-06-15 09:21:23,562 INFO  impl.RaftServerProxy (ConfUtils.java:logGet(43)) - raft.rpc.type = GRPC (default)
2019-06-15 09:21:23,562 INFO  grpc.GrpcConfigKeys$Server (ConfUtils.java:logGet(43)) - raft.grpc.server.port = 46319 (custom)
2019-06-15 09:21:23,562 INFO  server.GrpcService (ConfUtils.java:logGet(43)) - raft.grpc.message.size.max = 33570816 (custom)
2019-06-15 09:21:23,562 INFO  server.RaftServerConfigKeys (ConfUtils.java:logGet(43)) - raft.server.log.appender.buffer.byte-limit = 33554432 (custom)
2019-06-15 09:21:23,562 INFO  server.GrpcService (ConfUtils.java:logGet(43)) - raft.grpc.flow.control.window = 1MB (=1048576) (default)
2019-06-15 09:21:23,562 INFO  server.RaftServerConfigKeys (ConfUtils.java:logGet(43)) - raft.server.rpc.request.timeout = 3000ms (default)
2019-06-15 09:21:23,563 INFO  server.RaftServerConfigKeys (ConfUtils.java:logGet(43)) - raft.server.storage.dir = [/opt/src/hadoop-ozone/integration-test/target/test-dir/MiniOzoneClusterImpl-6d290ed5-2317-4cc3-89ac-ce0ef15d54ec/datanode-4/data/ratis] (custom)
2019-06-15 09:21:23,563 INFO  server.XceiverServerGrpc (XceiverServerGrpc.java:<init>(97)) - Found a free port for the server : 42941
2019-06-15 09:21:23,563 INFO  replication.SimpleContainerDownloader (SimpleContainerDownloader.java:<init>(72)) - Starting container downloader service to copy containers to replicate.
2019-06-15 09:21:23,564 INFO  hdfs.DFSUtil (DFSUtil.java:httpServerTemplateForNNAndJN(1641)) - Starting Web-server for hddsDatanode at: http://0.0.0.0:0
2019-06-15 09:21:23,565 INFO  server.AuthenticationFilter (AuthenticationFilter.java:constructSecretProvider(240)) - Unable to initialize FileSignerSecretProvider, falling back to use random secrets.
2019-06-15 09:21:23,566 WARN  http.HttpRequestLog (HttpRequestLog.java:getRequestLog(97)) - Jetty request log can only be enabled using Log4j
2019-06-15 09:21:23,567 INFO  http.HttpServer2 (HttpServer2.java:addGlobalFilter(975)) - Added global filter 'safety' (class=org.apache.hadoop.http.HttpServer2$QuotingInputFilter)
2019-06-15 09:21:23,567 INFO  http.HttpServer2 (HttpServer2.java:addFilter(948)) - Added filter static_user_filter (class=org.apache.hadoop.http.lib.StaticUserWebFilter$StaticUserFilter) to context hddsDatanode
2019-06-15 09:21:23,567 INFO  http.HttpServer2 (HttpServer2.java:addFilter(958)) - Added filter static_user_filter (class=org.apache.hadoop.http.lib.StaticUserWebFilter$StaticUserFilter) to context logs
2019-06-15 09:21:23,568 INFO  http.HttpServer2 (HttpServer2.java:addFilter(958)) - Added filter static_user_filter (class=org.apache.hadoop.http.lib.StaticUserWebFilter$StaticUserFilter) to context static
2019-06-15 09:21:23,568 INFO  http.HttpServer2 (HttpServer2.java:bindListener(1191)) - Jetty bound to port 43341
2019-06-15 09:21:23,568 INFO  server.Server (Server.java:doStart(351)) - jetty-9.3.24.v20180605, build timestamp: 2018-06-05T17:11:56Z, git hash: 84205aa28f11a4f31f2a3b86d1bba2cc8ab69827
2019-06-15 09:21:23,578 INFO  handler.ContextHandler (ContextHandler.java:doStart(781)) - Started o.e.j.s.ServletContextHandler@467cd4b9{/logs,file:///opt/src/hadoop-ozone/integration-test/target/log,AVAILABLE}
2019-06-15 09:21:23,578 INFO  handler.ContextHandler (ContextHandler.java:doStart(781)) - Started o.e.j.s.ServletContextHandler@2c731a16{/static,jar:file:/home/user/.m2/repository/org/apache/hadoop/hadoop-hdds-container-service/0.5.0-SNAPSHOT/hadoop-hdds-container-service-0.5.0-SNAPSHOT.jar!/webapps/static,AVAILABLE}
2019-06-15 09:21:23,602 INFO  handler.ContextHandler (ContextHandler.java:doStart(781)) - Started o.e.j.w.WebAppContext@1d0f7bcf{/,file:///tmp/jetty-0.0.0.0-43341-hddsDatanode-_-any-5185907039302255103.dir/webapp/,AVAILABLE}{/hddsDatanode}
2019-06-15 09:21:23,604 INFO  server.AbstractConnector (AbstractConnector.java:doStart(278)) - Started ServerConnector@7b6f5ec3{HTTP/1.1,[http/1.1]}{0.0.0.0:43341}
2019-06-15 09:21:23,604 INFO  server.Server (Server.java:doStart(419)) - Started @35302ms
2019-06-15 09:21:23,605 INFO  server.BaseHttpServer (BaseHttpServer.java:updateConnectorAddress(207)) - HTTP server of HDDSDATANODE is listening at http://0.0.0.0:43341
2019-06-15 09:21:23,705 INFO  ozone.HddsDatanodeService (HddsDatanodeService.java:startPlugins(396)) - Started plug-in org.apache.hadoop.ozone.web.OzoneHddsDatanodeService@f5f8de2
2019-06-15 09:21:23,705 INFO  impl.MetricsSystemImpl (MetricsSystemImpl.java:init(158)) - HddsDatanode metrics system started (again)
2019-06-15 09:21:23,706 INFO  ozone.HddsDatanodeService (HddsDatanodeService.java:start(185)) - HddsDatanodeService host:ozone-unit-076618677d3-f4jks-397892598 ip:192.168.46.58
2019-06-15 09:21:23,706 INFO  util.JvmPauseMonitor (JvmPauseMonitor.java:run(188)) - Starting JVM pause monitor
2019-06-15 09:21:23,707 INFO  datanode.InitDatanodeState (InitDatanodeState.java:persistContainerDatanodeDetails(140)) - DatanodeDetails is persisted to /opt/src/hadoop-ozone/integration-test/target/test-dir/MiniOzoneClusterImpl-6d290ed5-2317-4cc3-89ac-ce0ef15d54ec/datanode-4/meta/datanode.id
2019-06-15 09:21:23,713 INFO  volume.HddsVolume (HddsVolume.java:<init>(176)) - Creating Volume: /opt/src/hadoop-ozone/integration-test/target/test-dir/MiniOzoneClusterImpl-6d290ed5-2317-4cc3-89ac-ce0ef15d54ec/datanode-5/data/containers/hdds of  storage type : DISK and capacity : 104021790720
2019-06-15 09:21:23,713 INFO  volume.VolumeSet (VolumeSet.java:initializeVolumeSet(170)) - Added Volume : /opt/src/hadoop-ozone/integration-test/target/test-dir/MiniOzoneClusterImpl-6d290ed5-2317-4cc3-89ac-ce0ef15d54ec/datanode-5/data/containers/hdds to VolumeSet
2019-06-15 09:21:23,713 INFO  volume.ThrottledAsyncChecker (ThrottledAsyncChecker.java:schedule(140)) - Scheduling a check for org.apache.hadoop.ozone.container.common.volume.HddsVolume@490fbeaa
2019-06-15 09:21:23,713 INFO  volume.HddsVolumeChecker (HddsVolumeChecker.java:checkAllVolumes(203)) - Scheduled health check for volume org.apache.hadoop.ozone.container.common.volume.HddsVolume@490fbeaa
2019-06-15 09:21:23,723 INFO  ratis.XceiverServerRatis (XceiverServerRatis.java:newXceiverServerRatis(401)) - Found a free port for the server : 40067
2019-06-15 09:21:23,725 INFO  impl.RaftServerProxy (ConfUtils.java:logGet(43)) - raft.rpc.type = GRPC (default)
2019-06-15 09:21:23,725 INFO  grpc.GrpcConfigKeys$Server (ConfUtils.java:logGet(43)) - raft.grpc.server.port = 40067 (custom)
2019-06-15 09:21:23,725 INFO  server.GrpcService (ConfUtils.java:logGet(43)) - raft.grpc.message.size.max = 33570816 (custom)
2019-06-15 09:21:23,725 INFO  server.RaftServerConfigKeys (ConfUtils.java:logGet(43)) - raft.server.log.appender.buffer.byte-limit = 33554432 (custom)
2019-06-15 09:21:23,725 INFO  server.GrpcService (ConfUtils.java:logGet(43)) - raft.grpc.flow.control.window = 1MB (=1048576) (default)
2019-06-15 09:21:23,726 INFO  server.RaftServerConfigKeys (ConfUtils.java:logGet(43)) - raft.server.rpc.request.timeout = 3000ms (default)
2019-06-15 09:21:23,726 INFO  server.RaftServerConfigKeys (ConfUtils.java:logGet(43)) - raft.server.storage.dir = [/opt/src/hadoop-ozone/integration-test/target/test-dir/MiniOzoneClusterImpl-6d290ed5-2317-4cc3-89ac-ce0ef15d54ec/datanode-5/data/ratis] (custom)
2019-06-15 09:21:23,726 INFO  server.XceiverServerGrpc (XceiverServerGrpc.java:<init>(97)) - Found a free port for the server : 46595
2019-06-15 09:21:23,727 INFO  replication.SimpleContainerDownloader (SimpleContainerDownloader.java:<init>(72)) - Starting container downloader service to copy containers to replicate.
2019-06-15 09:21:23,727 INFO  hdfs.DFSUtil (DFSUtil.java:httpServerTemplateForNNAndJN(1641)) - Starting Web-server for hddsDatanode at: http://0.0.0.0:0
2019-06-15 09:21:23,728 INFO  server.AuthenticationFilter (AuthenticationFilter.java:constructSecretProvider(240)) - Unable to initialize FileSignerSecretProvider, falling back to use random secrets.
2019-06-15 09:21:23,729 WARN  http.HttpRequestLog (HttpRequestLog.java:getRequestLog(97)) - Jetty request log can only be enabled using Log4j
2019-06-15 09:21:23,731 INFO  http.HttpServer2 (HttpServer2.java:addGlobalFilter(975)) - Added global filter 'safety' (class=org.apache.hadoop.http.HttpServer2$QuotingInputFilter)
2019-06-15 09:21:23,731 INFO  http.HttpServer2 (HttpServer2.java:addFilter(948)) - Added filter static_user_filter (class=org.apache.hadoop.http.lib.StaticUserWebFilter$StaticUserFilter) to context hddsDatanode
2019-06-15 09:21:23,731 INFO  http.HttpServer2 (HttpServer2.java:addFilter(958)) - Added filter static_user_filter (class=org.apache.hadoop.http.lib.StaticUserWebFilter$StaticUserFilter) to context logs
2019-06-15 09:21:23,731 INFO  http.HttpServer2 (HttpServer2.java:addFilter(958)) - Added filter static_user_filter (class=org.apache.hadoop.http.lib.StaticUserWebFilter$StaticUserFilter) to context static
2019-06-15 09:21:23,731 INFO  http.HttpServer2 (HttpServer2.java:bindListener(1191)) - Jetty bound to port 39807
2019-06-15 09:21:23,732 INFO  server.Server (Server.java:doStart(351)) - jetty-9.3.24.v20180605, build timestamp: 2018-06-05T17:11:56Z, git hash: 84205aa28f11a4f31f2a3b86d1bba2cc8ab69827
2019-06-15 09:21:23,736 INFO  handler.ContextHandler (ContextHandler.java:doStart(781)) - Started o.e.j.s.ServletContextHandler@3450bd13{/logs,file:///opt/src/hadoop-ozone/integration-test/target/log,AVAILABLE}
2019-06-15 09:21:23,736 INFO  handler.ContextHandler (ContextHandler.java:doStart(781)) - Started o.e.j.s.ServletContextHandler@5da1a97f{/static,jar:file:/home/user/.m2/repository/org/apache/hadoop/hadoop-hdds-container-service/0.5.0-SNAPSHOT/hadoop-hdds-container-service-0.5.0-SNAPSHOT.jar!/webapps/static,AVAILABLE}
2019-06-15 09:21:23,760 INFO  handler.ContextHandler (ContextHandler.java:doStart(781)) - Started o.e.j.w.WebAppContext@3e18e693{/,file:///tmp/jetty-0.0.0.0-39807-hddsDatanode-_-any-2370761054816131613.dir/webapp/,AVAILABLE}{/hddsDatanode}
2019-06-15 09:21:23,760 INFO  server.AbstractConnector (AbstractConnector.java:doStart(278)) - Started ServerConnector@3d12f065{HTTP/1.1,[http/1.1]}{0.0.0.0:39807}
2019-06-15 09:21:23,762 INFO  server.Server (Server.java:doStart(419)) - Started @35460ms
2019-06-15 09:21:23,763 INFO  server.BaseHttpServer (BaseHttpServer.java:updateConnectorAddress(207)) - HTTP server of HDDSDATANODE is listening at http://0.0.0.0:39807
2019-06-15 09:21:23,922 INFO  ozone.HddsDatanodeService (HddsDatanodeService.java:startPlugins(396)) - Started plug-in org.apache.hadoop.ozone.web.OzoneHddsDatanodeService@20e3b165
2019-06-15 09:21:23,922 INFO  impl.MetricsSystemImpl (MetricsSystemImpl.java:init(158)) - HddsDatanode metrics system started (again)
2019-06-15 09:21:23,923 INFO  ozone.HddsDatanodeService (HddsDatanodeService.java:start(185)) - HddsDatanodeService host:ozone-unit-076618677d3-f4jks-397892598 ip:192.168.46.58
2019-06-15 09:21:23,925 INFO  util.JvmPauseMonitor (JvmPauseMonitor.java:run(188)) - Starting JVM pause monitor
2019-06-15 09:21:23,926 INFO  datanode.InitDatanodeState (InitDatanodeState.java:persistContainerDatanodeDetails(140)) - DatanodeDetails is persisted to /opt/src/hadoop-ozone/integration-test/target/test-dir/MiniOzoneClusterImpl-6d290ed5-2317-4cc3-89ac-ce0ef15d54ec/datanode-5/meta/datanode.id
2019-06-15 09:21:23,930 INFO  volume.HddsVolume (HddsVolume.java:<init>(176)) - Creating Volume: /opt/src/hadoop-ozone/integration-test/target/test-dir/MiniOzoneClusterImpl-6d290ed5-2317-4cc3-89ac-ce0ef15d54ec/datanode-6/data/containers/hdds of  storage type : DISK and capacity : 104021790720
2019-06-15 09:21:23,930 INFO  volume.VolumeSet (VolumeSet.java:initializeVolumeSet(170)) - Added Volume : /opt/src/hadoop-ozone/integration-test/target/test-dir/MiniOzoneClusterImpl-6d290ed5-2317-4cc3-89ac-ce0ef15d54ec/datanode-6/data/containers/hdds to VolumeSet
2019-06-15 09:21:23,931 INFO  volume.ThrottledAsyncChecker (ThrottledAsyncChecker.java:schedule(140)) - Scheduling a check for org.apache.hadoop.ozone.container.common.volume.HddsVolume@7957aa57
2019-06-15 09:21:23,937 INFO  volume.HddsVolumeChecker (HddsVolumeChecker.java:checkAllVolumes(203)) - Scheduled health check for volume org.apache.hadoop.ozone.container.common.volume.HddsVolume@7957aa57
2019-06-15 09:21:23,947 INFO  ratis.XceiverServerRatis (XceiverServerRatis.java:newXceiverServerRatis(401)) - Found a free port for the server : 40829
2019-06-15 09:21:23,948 INFO  impl.RaftServerProxy (ConfUtils.java:logGet(43)) - raft.rpc.type = GRPC (default)
2019-06-15 09:21:23,948 INFO  grpc.GrpcConfigKeys$Server (ConfUtils.java:logGet(43)) - raft.grpc.server.port = 40829 (custom)
2019-06-15 09:21:23,949 INFO  server.GrpcService (ConfUtils.java:logGet(43)) - raft.grpc.message.size.max = 33570816 (custom)
2019-06-15 09:21:23,949 INFO  server.RaftServerConfigKeys (ConfUtils.java:logGet(43)) - raft.server.log.appender.buffer.byte-limit = 33554432 (custom)
2019-06-15 09:21:23,949 INFO  server.GrpcService (ConfUtils.java:logGet(43)) - raft.grpc.flow.control.window = 1MB (=1048576) (default)
2019-06-15 09:21:23,949 INFO  server.RaftServerConfigKeys (ConfUtils.java:logGet(43)) - raft.server.rpc.request.timeout = 3000ms (default)
2019-06-15 09:21:23,949 INFO  server.RaftServerConfigKeys (ConfUtils.java:logGet(43)) - raft.server.storage.dir = [/opt/src/hadoop-ozone/integration-test/target/test-dir/MiniOzoneClusterImpl-6d290ed5-2317-4cc3-89ac-ce0ef15d54ec/datanode-6/data/ratis] (custom)
2019-06-15 09:21:23,950 INFO  server.XceiverServerGrpc (XceiverServerGrpc.java:<init>(97)) - Found a free port for the server : 46231
2019-06-15 09:21:23,950 INFO  replication.SimpleContainerDownloader (SimpleContainerDownloader.java:<init>(72)) - Starting container downloader service to copy containers to replicate.
2019-06-15 09:21:23,951 INFO  hdfs.DFSUtil (DFSUtil.java:httpServerTemplateForNNAndJN(1641)) - Starting Web-server for hddsDatanode at: http://0.0.0.0:0
2019-06-15 09:21:23,952 INFO  server.AuthenticationFilter (AuthenticationFilter.java:constructSecretProvider(240)) - Unable to initialize FileSignerSecretProvider, falling back to use random secrets.
2019-06-15 09:21:23,952 WARN  http.HttpRequestLog (HttpRequestLog.java:getRequestLog(97)) - Jetty request log can only be enabled using Log4j
2019-06-15 09:21:23,954 INFO  http.HttpServer2 (HttpServer2.java:addGlobalFilter(975)) - Added global filter 'safety' (class=org.apache.hadoop.http.HttpServer2$QuotingInputFilter)
2019-06-15 09:21:23,954 INFO  http.HttpServer2 (HttpServer2.java:addFilter(948)) - Added filter static_user_filter (class=org.apache.hadoop.http.lib.StaticUserWebFilter$StaticUserFilter) to context hddsDatanode
2019-06-15 09:21:23,954 INFO  http.HttpServer2 (HttpServer2.java:addFilter(958)) - Added filter static_user_filter (class=org.apache.hadoop.http.lib.StaticUserWebFilter$StaticUserFilter) to context logs
2019-06-15 09:21:23,954 INFO  http.HttpServer2 (HttpServer2.java:addFilter(958)) - Added filter static_user_filter (class=org.apache.hadoop.http.lib.StaticUserWebFilter$StaticUserFilter) to context static
2019-06-15 09:21:23,955 INFO  http.HttpServer2 (HttpServer2.java:bindListener(1191)) - Jetty bound to port 38229
2019-06-15 09:21:23,955 INFO  server.Server (Server.java:doStart(351)) - jetty-9.3.24.v20180605, build timestamp: 2018-06-05T17:11:56Z, git hash: 84205aa28f11a4f31f2a3b86d1bba2cc8ab69827
2019-06-15 09:21:23,966 INFO  handler.ContextHandler (ContextHandler.java:doStart(781)) - Started o.e.j.s.ServletContextHandler@97cb8dc{/logs,file:///opt/src/hadoop-ozone/integration-test/target/log,AVAILABLE}
2019-06-15 09:21:23,966 INFO  handler.ContextHandler (ContextHandler.java:doStart(781)) - Started o.e.j.s.ServletContextHandler@2dcbf825{/static,jar:file:/home/user/.m2/repository/org/apache/hadoop/hadoop-hdds-container-service/0.5.0-SNAPSHOT/hadoop-hdds-container-service-0.5.0-SNAPSHOT.jar!/webapps/static,AVAILABLE}
2019-06-15 09:21:23,989 INFO  handler.ContextHandler (ContextHandler.java:doStart(781)) - Started o.e.j.w.WebAppContext@35efd12c{/,file:///tmp/jetty-0.0.0.0-38229-hddsDatanode-_-any-7491167836876386675.dir/webapp/,AVAILABLE}{/hddsDatanode}
2019-06-15 09:21:23,991 INFO  server.AbstractConnector (AbstractConnector.java:doStart(278)) - Started ServerConnector@70f76276{HTTP/1.1,[http/1.1]}{0.0.0.0:38229}
2019-06-15 09:21:23,991 INFO  server.Server (Server.java:doStart(419)) - Started @35689ms
2019-06-15 09:21:23,992 INFO  server.BaseHttpServer (BaseHttpServer.java:updateConnectorAddress(207)) - HTTP server of HDDSDATANODE is listening at http://0.0.0.0:38229
2019-06-15 09:21:24,093 INFO  ozone.HddsDatanodeService (HddsDatanodeService.java:startPlugins(396)) - Started plug-in org.apache.hadoop.ozone.web.OzoneHddsDatanodeService@2cd2c764
2019-06-15 09:21:24,093 INFO  ozone.MiniOzoneClusterImpl (MiniOzoneClusterImpl.java:lambda$waitForClusterToBeReady$0(142)) - Waiting for cluster to be ready. Got 0 of 7 DN Heartbeats.
2019-06-15 09:21:24,094 INFO  util.JvmPauseMonitor (JvmPauseMonitor.java:run(188)) - Starting JVM pause monitor
2019-06-15 09:21:24,095 INFO  datanode.InitDatanodeState (InitDatanodeState.java:persistContainerDatanodeDetails(140)) - DatanodeDetails is persisted to /opt/src/hadoop-ozone/integration-test/target/test-dir/MiniOzoneClusterImpl-6d290ed5-2317-4cc3-89ac-ce0ef15d54ec/datanode-6/meta/datanode.id
2019-06-15 09:21:24,832 INFO  ozoneimpl.OzoneContainer (OzoneContainer.java:start(186)) - Attempting to start container services.
2019-06-15 09:21:24,832 INFO  ozoneimpl.OzoneContainer (OzoneContainer.java:startContainerScrub(160)) - Background container scrubber has been disabled by hdds.containerscrub.enabled
2019-06-15 09:21:24,832 INFO  ratis.XceiverServerRatis (XceiverServerRatis.java:start(418)) - Starting XceiverServerRatis 8b698aba-6fc8-4d44-bf35-b7703e11838d at port 43173
2019-06-15 09:21:24,836 INFO  impl.RaftServerProxy (RaftServerProxy.java:lambda$start$3(299)) - 8b698aba-6fc8-4d44-bf35-b7703e11838d: start RPC server
2019-06-15 09:21:24,838 INFO  server.GrpcService (GrpcService.java:startImpl(148)) - 8b698aba-6fc8-4d44-bf35-b7703e11838d: GrpcService started, listening on 0.0.0.0/0.0.0.0:43173
2019-06-15 09:21:25,094 INFO  ozone.MiniOzoneClusterImpl (MiniOzoneClusterImpl.java:lambda$waitForClusterToBeReady$0(142)) - Waiting for cluster to be ready. Got 0 of 7 DN Heartbeats.
2019-06-15 09:21:25,116 INFO  ozoneimpl.OzoneContainer (OzoneContainer.java:start(186)) - Attempting to start container services.
2019-06-15 09:21:25,116 INFO  ozoneimpl.OzoneContainer (OzoneContainer.java:startContainerScrub(160)) - Background container scrubber has been disabled by hdds.containerscrub.enabled
2019-06-15 09:21:25,116 INFO  ratis.XceiverServerRatis (XceiverServerRatis.java:start(418)) - Starting XceiverServerRatis 747ae0bf-a915-4b00-89fa-ee0108affcd5 at port 42463
2019-06-15 09:21:25,128 INFO  impl.RaftServerProxy (RaftServerProxy.java:lambda$start$3(299)) - 747ae0bf-a915-4b00-89fa-ee0108affcd5: start RPC server
2019-06-15 09:21:25,128 INFO  server.GrpcService (GrpcService.java:startImpl(148)) - 747ae0bf-a915-4b00-89fa-ee0108affcd5: GrpcService started, listening on 0.0.0.0/0.0.0.0:42463
2019-06-15 09:21:25,347 INFO  ozoneimpl.OzoneContainer (OzoneContainer.java:start(186)) - Attempting to start container services.
2019-06-15 09:21:25,347 INFO  ozoneimpl.OzoneContainer (OzoneContainer.java:startContainerScrub(160)) - Background container scrubber has been disabled by hdds.containerscrub.enabled
2019-06-15 09:21:25,347 INFO  ratis.XceiverServerRatis (XceiverServerRatis.java:start(418)) - Starting XceiverServerRatis 1213a3aa-5ae3-462e-997a-89eaf4e8c120 at port 37287
2019-06-15 09:21:25,351 INFO  impl.RaftServerProxy (RaftServerProxy.java:lambda$start$3(299)) - 1213a3aa-5ae3-462e-997a-89eaf4e8c120: start RPC server
2019-06-15 09:21:25,352 INFO  server.GrpcService (GrpcService.java:startImpl(148)) - 1213a3aa-5ae3-462e-997a-89eaf4e8c120: GrpcService started, listening on 0.0.0.0/0.0.0.0:37287
2019-06-15 09:21:25,546 INFO  ozoneimpl.OzoneContainer (OzoneContainer.java:start(186)) - Attempting to start container services.
2019-06-15 09:21:25,546 INFO  ozoneimpl.OzoneContainer (OzoneContainer.java:startContainerScrub(160)) - Background container scrubber has been disabled by hdds.containerscrub.enabled
2019-06-15 09:21:25,546 INFO  ratis.XceiverServerRatis (XceiverServerRatis.java:start(418)) - Starting XceiverServerRatis acd45e52-0b4d-49e9-94f3-ea4962392d5a at port 40733
2019-06-15 09:21:25,550 INFO  impl.RaftServerProxy (RaftServerProxy.java:lambda$start$3(299)) - acd45e52-0b4d-49e9-94f3-ea4962392d5a: start RPC server
2019-06-15 09:21:25,556 INFO  server.GrpcService (GrpcService.java:startImpl(148)) - acd45e52-0b4d-49e9-94f3-ea4962392d5a: GrpcService started, listening on 0.0.0.0/0.0.0.0:40733
2019-06-15 09:21:25,710 INFO  ozoneimpl.OzoneContainer (OzoneContainer.java:start(186)) - Attempting to start container services.
2019-06-15 09:21:25,710 INFO  ozoneimpl.OzoneContainer (OzoneContainer.java:startContainerScrub(160)) - Background container scrubber has been disabled by hdds.containerscrub.enabled
2019-06-15 09:21:25,710 INFO  ratis.XceiverServerRatis (XceiverServerRatis.java:start(418)) - Starting XceiverServerRatis 638def69-e28a-4327-9fda-af5636c8063b at port 46319
2019-06-15 09:21:25,714 INFO  impl.RaftServerProxy (RaftServerProxy.java:lambda$start$3(299)) - 638def69-e28a-4327-9fda-af5636c8063b: start RPC server
2019-06-15 09:21:25,715 INFO  server.GrpcService (GrpcService.java:startImpl(148)) - 638def69-e28a-4327-9fda-af5636c8063b: GrpcService started, listening on 0.0.0.0/0.0.0.0:46319
2019-06-15 09:21:25,928 INFO  ozoneimpl.OzoneContainer (OzoneContainer.java:start(186)) - Attempting to start container services.
2019-06-15 09:21:25,928 INFO  ozoneimpl.OzoneContainer (OzoneContainer.java:startContainerScrub(160)) - Background container scrubber has been disabled by hdds.containerscrub.enabled
2019-06-15 09:21:25,928 INFO  ratis.XceiverServerRatis (XceiverServerRatis.java:start(418)) - Starting XceiverServerRatis 829ec832-db2a-4eb5-bd86-40769de3ec71 at port 40067
2019-06-15 09:21:25,932 INFO  impl.RaftServerProxy (RaftServerProxy.java:lambda$start$3(299)) - 829ec832-db2a-4eb5-bd86-40769de3ec71: start RPC server
2019-06-15 09:21:25,933 INFO  server.GrpcService (GrpcService.java:startImpl(148)) - 829ec832-db2a-4eb5-bd86-40769de3ec71: GrpcService started, listening on 0.0.0.0/0.0.0.0:40067
2019-06-15 09:21:26,094 INFO  ozone.MiniOzoneClusterImpl (MiniOzoneClusterImpl.java:lambda$waitForClusterToBeReady$0(142)) - Waiting for cluster to be ready. Got 0 of 7 DN Heartbeats.
2019-06-15 09:21:26,097 INFO  ozoneimpl.OzoneContainer (OzoneContainer.java:start(186)) - Attempting to start container services.
2019-06-15 09:21:26,097 INFO  ozoneimpl.OzoneContainer (OzoneContainer.java:startContainerScrub(160)) - Background container scrubber has been disabled by hdds.containerscrub.enabled
2019-06-15 09:21:26,097 INFO  ratis.XceiverServerRatis (XceiverServerRatis.java:start(418)) - Starting XceiverServerRatis 60454033-bfab-4bad-814c-f4ed611ad0f5 at port 40829
2019-06-15 09:21:26,110 INFO  impl.RaftServerProxy (RaftServerProxy.java:lambda$start$3(299)) - 60454033-bfab-4bad-814c-f4ed611ad0f5: start RPC server
2019-06-15 09:21:26,111 INFO  server.GrpcService (GrpcService.java:startImpl(148)) - 60454033-bfab-4bad-814c-f4ed611ad0f5: GrpcService started, listening on 0.0.0.0/0.0.0.0:40829
2019-06-15 09:21:26,825 INFO  net.NetworkTopology (NetworkTopologyImpl.java:add(109)) - Added a new node: /default-rack/192.168.46.58
2019-06-15 09:21:26,825 INFO  node.SCMNodeManager (SCMNodeManager.java:register(269)) - Registered Data node : 8b698aba-6fc8-4d44-bf35-b7703e11838d{ip: 192.168.46.58, host: ozone-unit-076618677d3-f4jks-397892598, networkLocation: /default-rack, certSerialId: null}
2019-06-15 09:21:26,828 INFO  safemode.SCMSafeModeManager (DataNodeSafeModeRule.java:process(71)) - SCM in safe mode. 1 DataNodes registered, 1 required.
2019-06-15 09:21:26,830 INFO  safemode.SCMSafeModeManager (SCMSafeModeManager.java:validateSafeModeExitRules(177)) - ScmSafeModeManager, all rules are successfully validated
2019-06-15 09:21:26,830 INFO  safemode.SCMSafeModeManager (SCMSafeModeManager.java:exitSafeMode(193)) - SCM exiting safe mode.
2019-06-15 09:21:26,838 INFO  impl.RaftServerProxy (RaftServerProxy.java:addNew(89)) - 8b698aba-6fc8-4d44-bf35-b7703e11838d: addNew group-A4342423066E:[8b698aba-6fc8-4d44-bf35-b7703e11838d:192.168.46.58:43173] returns group-A4342423066E:java.util.concurrent.CompletableFuture@56e6c788[Not completed]
2019-06-15 09:21:26,838 INFO  impl.RaftServerImpl (RaftServerImpl.java:<init>(91)) - 8b698aba-6fc8-4d44-bf35-b7703e11838d: new RaftServerImpl for group-A4342423066E:[8b698aba-6fc8-4d44-bf35-b7703e11838d:192.168.46.58:43173] with ContainerStateMachine:uninitialized
2019-06-15 09:21:26,838 INFO  server.RaftServerConfigKeys (ConfUtils.java:logGet(43)) - raft.server.rpc.timeout.min = 1s (custom)
2019-06-15 09:21:26,838 INFO  server.RaftServerConfigKeys (ConfUtils.java:logGet(43)) - raft.server.rpc.timeout.max = 1200ms (custom)
2019-06-15 09:21:26,838 INFO  server.RaftServerConfigKeys (ConfUtils.java:logGet(43)) - raft.server.rpcslowness.timeout = 120s (custom)
2019-06-15 09:21:26,838 INFO  server.RaftServerConfigKeys (ConfUtils.java:logGet(43)) - raft.server.log.appender.install.snapshot.enabled = true (default)
2019-06-15 09:21:26,839 INFO  impl.RaftServerImpl (ServerState.java:<init>(101)) - 8b698aba-6fc8-4d44-bf35-b7703e11838d:group-A4342423066E ConfigurationManager, init=-1: [8b698aba-6fc8-4d44-bf35-b7703e11838d:192.168.46.58:43173], old=null, confs=<EMPTY_MAP>
2019-06-15 09:21:26,839 INFO  server.RaftServerConfigKeys (ConfUtils.java:logGet(43)) - raft.server.storage.dir = [/opt/src/hadoop-ozone/integration-test/target/test-dir/MiniOzoneClusterImpl-6d290ed5-2317-4cc3-89ac-ce0ef15d54ec/datanode-0/data/ratis] (custom)
2019-06-15 09:21:26,839 INFO  storage.RaftStorageDirectory (RaftStorageDirectory.java:analyzeStorage(246)) - The storage directory /opt/src/hadoop-ozone/integration-test/target/test-dir/MiniOzoneClusterImpl-6d290ed5-2317-4cc3-89ac-ce0ef15d54ec/datanode-0/data/ratis/86267bd7-1e3a-483d-b4f0-a4342423066e does not exist. Creating ...
2019-06-15 09:21:26,841 INFO  storage.RaftStorageDirectory (RaftStorageDirectory.java:tryLock(328)) - Lock on /opt/src/hadoop-ozone/integration-test/target/test-dir/MiniOzoneClusterImpl-6d290ed5-2317-4cc3-89ac-ce0ef15d54ec/datanode-0/data/ratis/86267bd7-1e3a-483d-b4f0-a4342423066e/in_use.lock acquired by nodename 20248@ozone-unit-076618677d3-f4jks-397892598
2019-06-15 09:21:26,843 INFO  storage.RaftStorage (RaftStorage.java:format(75)) - Storage directory /opt/src/hadoop-ozone/integration-test/target/test-dir/MiniOzoneClusterImpl-6d290ed5-2317-4cc3-89ac-ce0ef15d54ec/datanode-0/data/ratis/86267bd7-1e3a-483d-b4f0-a4342423066e has been successfully formatted.
2019-06-15 09:21:26,843 INFO  ratis.ContainerStateMachine (ContainerStateMachine.java:loadSnapshot(199)) - The snapshot info is null.Setting the last applied index to:(t:0, i:~)
2019-06-15 09:21:26,844 INFO  server.RaftServerConfigKeys (ConfUtils.java:logGet(43)) - raft.server.leader.election.timeout = 120s (custom)
2019-06-15 09:21:26,844 INFO  server.RaftServerConfigKeys (ConfUtils.java:logGet(43)) - raft.server.log.use.memory = false (default)
2019-06-15 09:21:26,844 INFO  server.RaftServerConfigKeys (ConfUtils.java:logGet(43)) - raft.server.log.appender.buffer.byte-limit = 33554432 (custom)
2019-06-15 09:21:26,844 INFO  server.RaftServerConfigKeys (ConfUtils.java:logGet(43)) - raft.server.log.segment.size.max = 16384 (custom)
2019-06-15 09:21:26,844 INFO  server.RaftServerConfigKeys (ConfUtils.java:logGet(43)) - raft.server.log.segment.cache.num.max = 2 (custom)
2019-06-15 09:21:26,844 INFO  storage.RaftLogWorker (RaftLogWorker.java:<init>(123)) - new 8b698aba-6fc8-4d44-bf35-b7703e11838d-RaftLogWorker for Storage Directory /opt/src/hadoop-ozone/integration-test/target/test-dir/MiniOzoneClusterImpl-6d290ed5-2317-4cc3-89ac-ce0ef15d54ec/datanode-0/data/ratis/86267bd7-1e3a-483d-b4f0-a4342423066e
2019-06-15 09:21:26,844 INFO  server.RaftServerConfigKeys (ConfUtils.java:logGet(43)) - raft.server.log.queue.byte-limit = 2147483647 (custom)
2019-06-15 09:21:26,844 INFO  server.RaftServerConfigKeys (ConfUtils.java:logGet(43)) - raft.server.log.queue.element-limit = 1024 (custom)
2019-06-15 09:21:26,844 INFO  server.RaftServerConfigKeys (ConfUtils.java:logGet(43)) - raft.server.log.segment.size.max = 16384 (custom)
2019-06-15 09:21:26,844 INFO  server.RaftServerConfigKeys (ConfUtils.java:logGet(43)) - raft.server.log.preallocated.size = 16384 (custom)
2019-06-15 09:21:26,844 INFO  server.RaftServerConfigKeys (ConfUtils.java:logGet(43)) - raft.server.log.write.buffer.size = 33554432 (custom)
2019-06-15 09:21:26,844 INFO  server.RaftServerConfigKeys (ConfUtils.java:logGet(43)) - raft.server.log.force.sync.num = 128 (default)
2019-06-15 09:21:26,844 INFO  server.RaftServerConfigKeys (ConfUtils.java:logGet(43)) - raft.server.log.statemachine.data.sync = true (default)
2019-06-15 09:21:26,844 INFO  server.RaftServerConfigKeys (ConfUtils.java:logGet(43)) - raft.server.log.statemachine.data.sync.timeout = 10s (default)
2019-06-15 09:21:26,844 INFO  server.RaftServerConfigKeys (ConfUtils.java:logGet(43)) - raft.server.log.statemachine.data.sync.timeout.retry = -1 (default)
2019-06-15 09:21:26,845 INFO  server.RaftServerConfigKeys (ConfUtils.java:logGet(43)) - raft.server.log.statemachine.data.caching.enabled = true (custom)
2019-06-15 09:21:26,845 INFO  server.RaftServerConfigKeys (ConfUtils.java:logGet(43)) - raft.server.snapshot.auto.trigger.enabled = true (custom)
2019-06-15 09:21:26,845 INFO  server.RaftServerConfigKeys (ConfUtils.java:logGet(43)) - raft.server.snapshot.auto.trigger.threshold = 10000 (custom)
2019-06-15 09:21:26,845 INFO  server.RaftServerConfigKeys (ConfUtils.java:logGet(43)) - raft.server.retrycache.expirytime = 600000ms (custom)
2019-06-15 09:21:26,845 INFO  impl.RaftServerImpl (RaftServerImpl.java:start(173)) - 8b698aba-6fc8-4d44-bf35-b7703e11838d: start group-A4342423066E
2019-06-15 09:21:26,845 INFO  impl.RaftServerImpl (RaftServerImpl.java:setRole(164)) - 8b698aba-6fc8-4d44-bf35-b7703e11838d:group-A4342423066E changes role from null to FOLLOWER at term 0 for startAsFollower
2019-06-15 09:21:26,845 INFO  impl.RoleInfo (RoleInfo.java:updateAndGet(143)) - 8b698aba-6fc8-4d44-bf35-b7703e11838d: start FollowerState
2019-06-15 09:21:26,846 INFO  util.JmxRegister (JmxRegister.java:tryRegister(44)) - Successfully registered JMX Bean with object name Ratis:service=RaftServer,group=group-A4342423066E,id=8b698aba-6fc8-4d44-bf35-b7703e11838d
2019-06-15 09:21:26,847 INFO  pipeline.PipelineStateManager (PipelineStateManager.java:addPipeline(56)) - Created pipeline Pipeline[ Id: 86267bd7-1e3a-483d-b4f0-a4342423066e, Nodes: 8b698aba-6fc8-4d44-bf35-b7703e11838d{ip: 192.168.46.58, host: ozone-unit-076618677d3-f4jks-397892598, networkLocation: /default-rack, certSerialId: null}, Type:RATIS, Factor:ONE, State:OPEN]
2019-06-15 09:21:27,094 INFO  ozone.MiniOzoneClusterImpl (MiniOzoneClusterImpl.java:lambda$waitForClusterToBeReady$0(142)) - Waiting for cluster to be ready. Got 1 of 7 DN Heartbeats.
2019-06-15 09:21:27,111 INFO  node.SCMNodeManager (SCMNodeManager.java:register(269)) - Registered Data node : 747ae0bf-a915-4b00-89fa-ee0108affcd5{ip: 192.168.46.58, host: ozone-unit-076618677d3-f4jks-397892598, networkLocation: /default-rack, certSerialId: null}
2019-06-15 09:21:27,128 INFO  impl.RaftServerProxy (RaftServerProxy.java:addNew(89)) - 747ae0bf-a915-4b00-89fa-ee0108affcd5: addNew group-CD5F8A0FB232:[747ae0bf-a915-4b00-89fa-ee0108affcd5:192.168.46.58:42463] returns group-CD5F8A0FB232:java.util.concurrent.CompletableFuture@40f2059a[Not completed]
2019-06-15 09:21:27,129 INFO  impl.RaftServerImpl (RaftServerImpl.java:<init>(91)) - 747ae0bf-a915-4b00-89fa-ee0108affcd5: new RaftServerImpl for group-CD5F8A0FB232:[747ae0bf-a915-4b00-89fa-ee0108affcd5:192.168.46.58:42463] with ContainerStateMachine:uninitialized
2019-06-15 09:21:27,129 INFO  server.RaftServerConfigKeys (ConfUtils.java:logGet(43)) - raft.server.rpc.timeout.min = 1s (custom)
2019-06-15 09:21:27,129 INFO  server.RaftServerConfigKeys (ConfUtils.java:logGet(43)) - raft.server.rpc.timeout.max = 1200ms (custom)
2019-06-15 09:21:27,129 INFO  server.RaftServerConfigKeys (ConfUtils.java:logGet(43)) - raft.server.rpcslowness.timeout = 120s (custom)
2019-06-15 09:21:27,129 INFO  server.RaftServerConfigKeys (ConfUtils.java:logGet(43)) - raft.server.log.appender.install.snapshot.enabled = true (default)
2019-06-15 09:21:27,129 INFO  impl.RaftServerImpl (ServerState.java:<init>(101)) - 747ae0bf-a915-4b00-89fa-ee0108affcd5:group-CD5F8A0FB232 ConfigurationManager, init=-1: [747ae0bf-a915-4b00-89fa-ee0108affcd5:192.168.46.58:42463], old=null, confs=<EMPTY_MAP>
2019-06-15 09:21:27,129 INFO  server.RaftServerConfigKeys (ConfUtils.java:logGet(43)) - raft.server.storage.dir = [/opt/src/hadoop-ozone/integration-test/target/test-dir/MiniOzoneClusterImpl-6d290ed5-2317-4cc3-89ac-ce0ef15d54ec/datanode-1/data/ratis] (custom)
2019-06-15 09:21:27,130 INFO  storage.RaftStorageDirectory (RaftStorageDirectory.java:analyzeStorage(246)) - The storage directory /opt/src/hadoop-ozone/integration-test/target/test-dir/MiniOzoneClusterImpl-6d290ed5-2317-4cc3-89ac-ce0ef15d54ec/datanode-1/data/ratis/857ddb90-8dae-41a6-b50a-cd5f8a0fb232 does not exist. Creating ...
2019-06-15 09:21:27,132 INFO  storage.RaftStorageDirectory (RaftStorageDirectory.java:tryLock(328)) - Lock on /opt/src/hadoop-ozone/integration-test/target/test-dir/MiniOzoneClusterImpl-6d290ed5-2317-4cc3-89ac-ce0ef15d54ec/datanode-1/data/ratis/857ddb90-8dae-41a6-b50a-cd5f8a0fb232/in_use.lock acquired by nodename 20248@ozone-unit-076618677d3-f4jks-397892598
2019-06-15 09:21:27,134 INFO  storage.RaftStorage (RaftStorage.java:format(75)) - Storage directory /opt/src/hadoop-ozone/integration-test/target/test-dir/MiniOzoneClusterImpl-6d290ed5-2317-4cc3-89ac-ce0ef15d54ec/datanode-1/data/ratis/857ddb90-8dae-41a6-b50a-cd5f8a0fb232 has been successfully formatted.
2019-06-15 09:21:27,134 INFO  ratis.ContainerStateMachine (ContainerStateMachine.java:loadSnapshot(199)) - The snapshot info is null.Setting the last applied index to:(t:0, i:~)
2019-06-15 09:21:27,134 INFO  server.RaftServerConfigKeys (ConfUtils.java:logGet(43)) - raft.server.leader.election.timeout = 120s (custom)
2019-06-15 09:21:27,134 INFO  server.RaftServerConfigKeys (ConfUtils.java:logGet(43)) - raft.server.log.use.memory = false (default)
2019-06-15 09:21:27,134 INFO  server.RaftServerConfigKeys (ConfUtils.java:logGet(43)) - raft.server.log.appender.buffer.byte-limit = 33554432 (custom)
2019-06-15 09:21:27,134 INFO  server.RaftServerConfigKeys (ConfUtils.java:logGet(43)) - raft.server.log.segment.size.max = 16384 (custom)
2019-06-15 09:21:27,134 INFO  server.RaftServerConfigKeys (ConfUtils.java:logGet(43)) - raft.server.log.segment.cache.num.max = 2 (custom)
2019-06-15 09:21:27,135 INFO  storage.RaftLogWorker (RaftLogWorker.java:<init>(123)) - new 747ae0bf-a915-4b00-89fa-ee0108affcd5-RaftLogWorker for Storage Directory /opt/src/hadoop-ozone/integration-test/target/test-dir/MiniOzoneClusterImpl-6d290ed5-2317-4cc3-89ac-ce0ef15d54ec/datanode-1/data/ratis/857ddb90-8dae-41a6-b50a-cd5f8a0fb232
2019-06-15 09:21:27,135 INFO  server.RaftServerConfigKeys (ConfUtils.java:logGet(43)) - raft.server.log.queue.byte-limit = 2147483647 (custom)
2019-06-15 09:21:27,135 INFO  server.RaftServerConfigKeys (ConfUtils.java:logGet(43)) - raft.server.log.queue.element-limit = 1024 (custom)
2019-06-15 09:21:27,135 INFO  server.RaftServerConfigKeys (ConfUtils.java:logGet(43)) - raft.server.log.segment.size.max = 16384 (custom)
2019-06-15 09:21:27,135 INFO  server.RaftServerConfigKeys (ConfUtils.java:logGet(43)) - raft.server.log.preallocated.size = 16384 (custom)
2019-06-15 09:21:27,135 INFO  server.RaftServerConfigKeys (ConfUtils.java:logGet(43)) - raft.server.log.write.buffer.size = 33554432 (custom)
2019-06-15 09:21:27,135 INFO  server.RaftServerConfigKeys (ConfUtils.java:logGet(43)) - raft.server.log.force.sync.num = 128 (default)
2019-06-15 09:21:27,135 INFO  server.RaftServerConfigKeys (ConfUtils.java:logGet(43)) - raft.server.log.statemachine.data.sync = true (default)
2019-06-15 09:21:27,135 INFO  server.RaftServerConfigKeys (ConfUtils.java:logGet(43)) - raft.server.log.statemachine.data.sync.timeout = 10s (default)
2019-06-15 09:21:27,135 INFO  server.RaftServerConfigKeys (ConfUtils.java:logGet(43)) - raft.server.log.statemachine.data.sync.timeout.retry = -1 (default)
2019-06-15 09:21:27,135 INFO  server.RaftServerConfigKeys (ConfUtils.java:logGet(43)) - raft.server.log.statemachine.data.caching.enabled = true (custom)
2019-06-15 09:21:27,136 INFO  server.RaftServerConfigKeys (ConfUtils.java:logGet(43)) - raft.server.snapshot.auto.trigger.enabled = true (custom)
2019-06-15 09:21:27,136 INFO  server.RaftServerConfigKeys (ConfUtils.java:logGet(43)) - raft.server.snapshot.auto.trigger.threshold = 10000 (custom)
2019-06-15 09:21:27,136 INFO  server.RaftServerConfigKeys (ConfUtils.java:logGet(43)) - raft.server.retrycache.expirytime = 600000ms (custom)
2019-06-15 09:21:27,136 INFO  impl.RaftServerImpl (RaftServerImpl.java:start(173)) - 747ae0bf-a915-4b00-89fa-ee0108affcd5: start group-CD5F8A0FB232
2019-06-15 09:21:27,136 INFO  impl.RaftServerImpl (RaftServerImpl.java:setRole(164)) - 747ae0bf-a915-4b00-89fa-ee0108affcd5:group-CD5F8A0FB232 changes role from null to FOLLOWER at term 0 for startAsFollower
2019-06-15 09:21:27,136 INFO  impl.RoleInfo (RoleInfo.java:updateAndGet(143)) - 747ae0bf-a915-4b00-89fa-ee0108affcd5: start FollowerState
2019-06-15 09:21:27,137 INFO  util.JmxRegister (JmxRegister.java:tryRegister(44)) - Successfully registered JMX Bean with object name Ratis:service=RaftServer,group=group-CD5F8A0FB232,id=747ae0bf-a915-4b00-89fa-ee0108affcd5
2019-06-15 09:21:27,138 INFO  pipeline.PipelineStateManager (PipelineStateManager.java:addPipeline(56)) - Created pipeline Pipeline[ Id: 857ddb90-8dae-41a6-b50a-cd5f8a0fb232, Nodes: 747ae0bf-a915-4b00-89fa-ee0108affcd5{ip: 192.168.46.58, host: ozone-unit-076618677d3-f4jks-397892598, networkLocation: /default-rack, certSerialId: null}, Type:RATIS, Factor:ONE, State:OPEN]
2019-06-15 09:21:27,345 INFO  node.SCMNodeManager (SCMNodeManager.java:register(269)) - Registered Data node : 1213a3aa-5ae3-462e-997a-89eaf4e8c120{ip: 192.168.46.58, host: ozone-unit-076618677d3-f4jks-397892598, networkLocation: /default-rack, certSerialId: null}
2019-06-15 09:21:27,356 INFO  impl.RaftServerProxy (RaftServerProxy.java:addNew(89)) - 1213a3aa-5ae3-462e-997a-89eaf4e8c120: addNew group-54D98532E11C:[1213a3aa-5ae3-462e-997a-89eaf4e8c120:192.168.46.58:37287] returns group-54D98532E11C:java.util.concurrent.CompletableFuture@50dc7259[Not completed]
2019-06-15 09:21:27,356 INFO  impl.RaftServerImpl (RaftServerImpl.java:<init>(91)) - 1213a3aa-5ae3-462e-997a-89eaf4e8c120: new RaftServerImpl for group-54D98532E11C:[1213a3aa-5ae3-462e-997a-89eaf4e8c120:192.168.46.58:37287] with ContainerStateMachine:uninitialized
2019-06-15 09:21:27,356 INFO  server.RaftServerConfigKeys (ConfUtils.java:logGet(43)) - raft.server.rpc.timeout.min = 1s (custom)
2019-06-15 09:21:27,357 INFO  server.RaftServerConfigKeys (ConfUtils.java:logGet(43)) - raft.server.rpc.timeout.max = 1200ms (custom)
2019-06-15 09:21:27,357 INFO  server.RaftServerConfigKeys (ConfUtils.java:logGet(43)) - raft.server.rpcslowness.timeout = 120s (custom)
2019-06-15 09:21:27,357 INFO  server.RaftServerConfigKeys (ConfUtils.java:logGet(43)) - raft.server.log.appender.install.snapshot.enabled = true (default)
2019-06-15 09:21:27,357 INFO  impl.RaftServerImpl (ServerState.java:<init>(101)) - 1213a3aa-5ae3-462e-997a-89eaf4e8c120:group-54D98532E11C ConfigurationManager, init=-1: [1213a3aa-5ae3-462e-997a-89eaf4e8c120:192.168.46.58:37287], old=null, confs=<EMPTY_MAP>
2019-06-15 09:21:27,357 INFO  server.RaftServerConfigKeys (ConfUtils.java:logGet(43)) - raft.server.storage.dir = [/opt/src/hadoop-ozone/integration-test/target/test-dir/MiniOzoneClusterImpl-6d290ed5-2317-4cc3-89ac-ce0ef15d54ec/datanode-2/data/ratis] (custom)
2019-06-15 09:21:27,357 INFO  storage.RaftStorageDirectory (RaftStorageDirectory.java:analyzeStorage(246)) - The storage directory /opt/src/hadoop-ozone/integration-test/target/test-dir/MiniOzoneClusterImpl-6d290ed5-2317-4cc3-89ac-ce0ef15d54ec/datanode-2/data/ratis/93e615ee-241a-43b6-8551-54d98532e11c does not exist. Creating ...
2019-06-15 09:21:27,359 INFO  storage.RaftStorageDirectory (RaftStorageDirectory.java:tryLock(328)) - Lock on /opt/src/hadoop-ozone/integration-test/target/test-dir/MiniOzoneClusterImpl-6d290ed5-2317-4cc3-89ac-ce0ef15d54ec/datanode-2/data/ratis/93e615ee-241a-43b6-8551-54d98532e11c/in_use.lock acquired by nodename 20248@ozone-unit-076618677d3-f4jks-397892598
2019-06-15 09:21:27,361 INFO  storage.RaftStorage (RaftStorage.java:format(75)) - Storage directory /opt/src/hadoop-ozone/integration-test/target/test-dir/MiniOzoneClusterImpl-6d290ed5-2317-4cc3-89ac-ce0ef15d54ec/datanode-2/data/ratis/93e615ee-241a-43b6-8551-54d98532e11c has been successfully formatted.
2019-06-15 09:21:27,362 INFO  ratis.ContainerStateMachine (ContainerStateMachine.java:loadSnapshot(199)) - The snapshot info is null.Setting the last applied index to:(t:0, i:~)
2019-06-15 09:21:27,362 INFO  server.RaftServerConfigKeys (ConfUtils.java:logGet(43)) - raft.server.leader.election.timeout = 120s (custom)
2019-06-15 09:21:27,362 INFO  server.RaftServerConfigKeys (ConfUtils.java:logGet(43)) - raft.server.log.use.memory = false (default)
2019-06-15 09:21:27,362 INFO  server.RaftServerConfigKeys (ConfUtils.java:logGet(43)) - raft.server.log.appender.buffer.byte-limit = 33554432 (custom)
2019-06-15 09:21:27,362 INFO  server.RaftServerConfigKeys (ConfUtils.java:logGet(43)) - raft.server.log.segment.size.max = 16384 (custom)
2019-06-15 09:21:27,362 INFO  server.RaftServerConfigKeys (ConfUtils.java:logGet(43)) - raft.server.log.segment.cache.num.max = 2 (custom)
2019-06-15 09:21:27,362 INFO  storage.RaftLogWorker (RaftLogWorker.java:<init>(123)) - new 1213a3aa-5ae3-462e-997a-89eaf4e8c120-RaftLogWorker for Storage Directory /opt/src/hadoop-ozone/integration-test/target/test-dir/MiniOzoneClusterImpl-6d290ed5-2317-4cc3-89ac-ce0ef15d54ec/datanode-2/data/ratis/93e615ee-241a-43b6-8551-54d98532e11c
2019-06-15 09:21:27,362 INFO  server.RaftServerConfigKeys (ConfUtils.java:logGet(43)) - raft.server.log.queue.byte-limit = 2147483647 (custom)
2019-06-15 09:21:27,362 INFO  server.RaftServerConfigKeys (ConfUtils.java:logGet(43)) - raft.server.log.queue.element-limit = 1024 (custom)
2019-06-15 09:21:27,363 INFO  server.RaftServerConfigKeys (ConfUtils.java:logGet(43)) - raft.server.log.segment.size.max = 16384 (custom)
2019-06-15 09:21:27,363 INFO  server.RaftServerConfigKeys (ConfUtils.java:logGet(43)) - raft.server.log.preallocated.size = 16384 (custom)
2019-06-15 09:21:27,363 INFO  server.RaftServerConfigKeys (ConfUtils.java:logGet(43)) - raft.server.log.write.buffer.size = 33554432 (custom)
2019-06-15 09:21:27,363 INFO  server.RaftServerConfigKeys (ConfUtils.java:logGet(43)) - raft.server.log.force.sync.num = 128 (default)
2019-06-15 09:21:27,363 INFO  server.RaftServerConfigKeys (ConfUtils.java:logGet(43)) - raft.server.log.statemachine.data.sync = true (default)
2019-06-15 09:21:27,363 INFO  server.RaftServerConfigKeys (ConfUtils.java:logGet(43)) - raft.server.log.statemachine.data.sync.timeout = 10s (default)
2019-06-15 09:21:27,363 INFO  server.RaftServerConfigKeys (ConfUtils.java:logGet(43)) - raft.server.log.statemachine.data.sync.timeout.retry = -1 (default)
2019-06-15 09:21:27,363 INFO  server.RaftServerConfigKeys (ConfUtils.java:logGet(43)) - raft.server.log.statemachine.data.caching.enabled = true (custom)
2019-06-15 09:21:27,364 INFO  server.RaftServerConfigKeys (ConfUtils.java:logGet(43)) - raft.server.snapshot.auto.trigger.enabled = true (custom)
2019-06-15 09:21:27,364 INFO  server.RaftServerConfigKeys (ConfUtils.java:logGet(43)) - raft.server.snapshot.auto.trigger.threshold = 10000 (custom)
2019-06-15 09:21:27,364 INFO  server.RaftServerConfigKeys (ConfUtils.java:logGet(43)) - raft.server.retrycache.expirytime = 600000ms (custom)
2019-06-15 09:21:27,364 INFO  impl.RaftServerImpl (RaftServerImpl.java:start(173)) - 1213a3aa-5ae3-462e-997a-89eaf4e8c120: start group-54D98532E11C
2019-06-15 09:21:27,364 INFO  impl.RaftServerImpl (RaftServerImpl.java:setRole(164)) - 1213a3aa-5ae3-462e-997a-89eaf4e8c120:group-54D98532E11C changes role from null to FOLLOWER at term 0 for startAsFollower
2019-06-15 09:21:27,364 INFO  impl.RoleInfo (RoleInfo.java:updateAndGet(143)) - 1213a3aa-5ae3-462e-997a-89eaf4e8c120: start FollowerState
2019-06-15 09:21:27,365 INFO  util.JmxRegister (JmxRegister.java:tryRegister(44)) - Successfully registered JMX Bean with object name Ratis:service=RaftServer,group=group-54D98532E11C,id=1213a3aa-5ae3-462e-997a-89eaf4e8c120
2019-06-15 09:21:27,371 INFO  pipeline.PipelineStateManager (PipelineStateManager.java:addPipeline(56)) - Created pipeline Pipeline[ Id: 93e615ee-241a-43b6-8551-54d98532e11c, Nodes: 1213a3aa-5ae3-462e-997a-89eaf4e8c120{ip: 192.168.46.58, host: ozone-unit-076618677d3-f4jks-397892598, networkLocation: /default-rack, certSerialId: null}, Type:RATIS, Factor:ONE, State:OPEN]
2019-06-15 09:21:27,391 INFO  impl.RaftServerProxy (RaftServerProxy.java:addNew(89)) - 8b698aba-6fc8-4d44-bf35-b7703e11838d: addNew group-0480E57361D7:[747ae0bf-a915-4b00-89fa-ee0108affcd5:192.168.46.58:42463, 8b698aba-6fc8-4d44-bf35-b7703e11838d:192.168.46.58:43173, 1213a3aa-5ae3-462e-997a-89eaf4e8c120:192.168.46.58:37287] returns group-0480E57361D7:java.util.concurrent.CompletableFuture@9b63ac7[Not completed]
2019-06-15 09:21:27,392 INFO  impl.RaftServerProxy (RaftServerProxy.java:addNew(89)) - 1213a3aa-5ae3-462e-997a-89eaf4e8c120: addNew group-0480E57361D7:[747ae0bf-a915-4b00-89fa-ee0108affcd5:192.168.46.58:42463, 8b698aba-6fc8-4d44-bf35-b7703e11838d:192.168.46.58:43173, 1213a3aa-5ae3-462e-997a-89eaf4e8c120:192.168.46.58:37287] returns group-0480E57361D7:java.util.concurrent.CompletableFuture@622bf59d[Not completed]
2019-06-15 09:21:27,392 INFO  impl.RaftServerImpl (RaftServerImpl.java:<init>(91)) - 8b698aba-6fc8-4d44-bf35-b7703e11838d: new RaftServerImpl for group-0480E57361D7:[747ae0bf-a915-4b00-89fa-ee0108affcd5:192.168.46.58:42463, 8b698aba-6fc8-4d44-bf35-b7703e11838d:192.168.46.58:43173, 1213a3aa-5ae3-462e-997a-89eaf4e8c120:192.168.46.58:37287] with ContainerStateMachine:uninitialized
2019-06-15 09:21:27,392 INFO  server.RaftServerConfigKeys (ConfUtils.java:logGet(43)) - raft.server.rpc.timeout.min = 1s (custom)
2019-06-15 09:21:27,392 INFO  server.RaftServerConfigKeys (ConfUtils.java:logGet(43)) - raft.server.rpc.timeout.max = 1200ms (custom)
2019-06-15 09:21:27,392 INFO  server.RaftServerConfigKeys (ConfUtils.java:logGet(43)) - raft.server.rpcslowness.timeout = 120s (custom)
2019-06-15 09:21:27,392 INFO  impl.RaftServerImpl (RaftServerImpl.java:<init>(91)) - 1213a3aa-5ae3-462e-997a-89eaf4e8c120: new RaftServerImpl for group-0480E57361D7:[747ae0bf-a915-4b00-89fa-ee0108affcd5:192.168.46.58:42463, 8b698aba-6fc8-4d44-bf35-b7703e11838d:192.168.46.58:43173, 1213a3aa-5ae3-462e-997a-89eaf4e8c120:192.168.46.58:37287] with ContainerStateMachine:uninitialized
2019-06-15 09:21:27,392 INFO  server.RaftServerConfigKeys (ConfUtils.java:logGet(43)) - raft.server.log.appender.install.snapshot.enabled = true (default)
2019-06-15 09:21:27,393 INFO  impl.RaftServerImpl (ServerState.java:<init>(101)) - 8b698aba-6fc8-4d44-bf35-b7703e11838d:group-0480E57361D7 ConfigurationManager, init=-1: [747ae0bf-a915-4b00-89fa-ee0108affcd5:192.168.46.58:42463, 8b698aba-6fc8-4d44-bf35-b7703e11838d:192.168.46.58:43173, 1213a3aa-5ae3-462e-997a-89eaf4e8c120:192.168.46.58:37287], old=null, confs=<EMPTY_MAP>
2019-06-15 09:21:27,393 INFO  server.RaftServerConfigKeys (ConfUtils.java:logGet(43)) - raft.server.storage.dir = [/opt/src/hadoop-ozone/integration-test/target/test-dir/MiniOzoneClusterImpl-6d290ed5-2317-4cc3-89ac-ce0ef15d54ec/datanode-0/data/ratis] (custom)
2019-06-15 09:21:27,393 INFO  storage.RaftStorageDirectory (RaftStorageDirectory.java:analyzeStorage(246)) - The storage directory /opt/src/hadoop-ozone/integration-test/target/test-dir/MiniOzoneClusterImpl-6d290ed5-2317-4cc3-89ac-ce0ef15d54ec/datanode-0/data/ratis/e9fd8c63-98dd-4f13-8b50-0480e57361d7 does not exist. Creating ...
2019-06-15 09:21:27,393 INFO  server.RaftServerConfigKeys (ConfUtils.java:logGet(43)) - raft.server.rpc.timeout.min = 1s (custom)
2019-06-15 09:21:27,394 INFO  server.RaftServerConfigKeys (ConfUtils.java:logGet(43)) - raft.server.rpc.timeout.max = 1200ms (custom)
2019-06-15 09:21:27,398 INFO  impl.RaftServerProxy (RaftServerProxy.java:addNew(89)) - 747ae0bf-a915-4b00-89fa-ee0108affcd5: addNew group-0480E57361D7:[747ae0bf-a915-4b00-89fa-ee0108affcd5:192.168.46.58:42463, 8b698aba-6fc8-4d44-bf35-b7703e11838d:192.168.46.58:43173, 1213a3aa-5ae3-462e-997a-89eaf4e8c120:192.168.46.58:37287] returns group-0480E57361D7:java.util.concurrent.CompletableFuture@51d61d3b[Not completed]
2019-06-15 09:21:27,399 INFO  server.RaftServerConfigKeys (ConfUtils.java:logGet(43)) - raft.server.rpcslowness.timeout = 120s (custom)
2019-06-15 09:21:27,399 INFO  server.RaftServerConfigKeys (ConfUtils.java:logGet(43)) - raft.server.log.appender.install.snapshot.enabled = true (default)
2019-06-15 09:21:27,399 INFO  impl.RaftServerImpl (ServerState.java:<init>(101)) - 1213a3aa-5ae3-462e-997a-89eaf4e8c120:group-0480E57361D7 ConfigurationManager, init=-1: [747ae0bf-a915-4b00-89fa-ee0108affcd5:192.168.46.58:42463, 8b698aba-6fc8-4d44-bf35-b7703e11838d:192.168.46.58:43173, 1213a3aa-5ae3-462e-997a-89eaf4e8c120:192.168.46.58:37287], old=null, confs=<EMPTY_MAP>
2019-06-15 09:21:27,399 INFO  storage.RaftStorageDirectory (RaftStorageDirectory.java:tryLock(328)) - Lock on /opt/src/hadoop-ozone/integration-test/target/test-dir/MiniOzoneClusterImpl-6d290ed5-2317-4cc3-89ac-ce0ef15d54ec/datanode-0/data/ratis/e9fd8c63-98dd-4f13-8b50-0480e57361d7/in_use.lock acquired by nodename 20248@ozone-unit-076618677d3-f4jks-397892598
2019-06-15 09:21:27,399 INFO  impl.RaftServerImpl (RaftServerImpl.java:<init>(91)) - 747ae0bf-a915-4b00-89fa-ee0108affcd5: new RaftServerImpl for group-0480E57361D7:[747ae0bf-a915-4b00-89fa-ee0108affcd5:192.168.46.58:42463, 8b698aba-6fc8-4d44-bf35-b7703e11838d:192.168.46.58:43173, 1213a3aa-5ae3-462e-997a-89eaf4e8c120:192.168.46.58:37287] with ContainerStateMachine:uninitialized
2019-06-15 09:21:27,400 INFO  server.RaftServerConfigKeys (ConfUtils.java:logGet(43)) - raft.server.rpc.timeout.min = 1s (custom)
2019-06-15 09:21:27,400 INFO  server.RaftServerConfigKeys (ConfUtils.java:logGet(43)) - raft.server.rpc.timeout.max = 1200ms (custom)
2019-06-15 09:21:27,400 INFO  server.RaftServerConfigKeys (ConfUtils.java:logGet(43)) - raft.server.rpcslowness.timeout = 120s (custom)
2019-06-15 09:21:27,400 INFO  server.RaftServerConfigKeys (ConfUtils.java:logGet(43)) - raft.server.log.appender.install.snapshot.enabled = true (default)
2019-06-15 09:21:27,400 INFO  server.RaftServerConfigKeys (ConfUtils.java:logGet(43)) - raft.server.storage.dir = [/opt/src/hadoop-ozone/integration-test/target/test-dir/MiniOzoneClusterImpl-6d290ed5-2317-4cc3-89ac-ce0ef15d54ec/datanode-2/data/ratis] (custom)
2019-06-15 09:21:27,400 INFO  impl.RaftServerImpl (ServerState.java:<init>(101)) - 747ae0bf-a915-4b00-89fa-ee0108affcd5:group-0480E57361D7 ConfigurationManager, init=-1: [747ae0bf-a915-4b00-89fa-ee0108affcd5:192.168.46.58:42463, 8b698aba-6fc8-4d44-bf35-b7703e11838d:192.168.46.58:43173, 1213a3aa-5ae3-462e-997a-89eaf4e8c120:192.168.46.58:37287], old=null, confs=<EMPTY_MAP>
2019-06-15 09:21:27,400 INFO  server.RaftServerConfigKeys (ConfUtils.java:logGet(43)) - raft.server.storage.dir = [/opt/src/hadoop-ozone/integration-test/target/test-dir/MiniOzoneClusterImpl-6d290ed5-2317-4cc3-89ac-ce0ef15d54ec/datanode-1/data/ratis] (custom)
2019-06-15 09:21:27,400 INFO  storage.RaftStorageDirectory (RaftStorageDirectory.java:analyzeStorage(246)) - The storage directory /opt/src/hadoop-ozone/integration-test/target/test-dir/MiniOzoneClusterImpl-6d290ed5-2317-4cc3-89ac-ce0ef15d54ec/datanode-1/data/ratis/e9fd8c63-98dd-4f13-8b50-0480e57361d7 does not exist. Creating ...
2019-06-15 09:21:27,401 INFO  storage.RaftStorageDirectory (RaftStorageDirectory.java:analyzeStorage(246)) - The storage directory /opt/src/hadoop-ozone/integration-test/target/test-dir/MiniOzoneClusterImpl-6d290ed5-2317-4cc3-89ac-ce0ef15d54ec/datanode-2/data/ratis/e9fd8c63-98dd-4f13-8b50-0480e57361d7 does not exist. Creating ...
2019-06-15 09:21:27,401 INFO  storage.RaftStorage (RaftStorage.java:format(75)) - Storage directory /opt/src/hadoop-ozone/integration-test/target/test-dir/MiniOzoneClusterImpl-6d290ed5-2317-4cc3-89ac-ce0ef15d54ec/datanode-0/data/ratis/e9fd8c63-98dd-4f13-8b50-0480e57361d7 has been successfully formatted.
2019-06-15 09:21:27,402 INFO  ratis.ContainerStateMachine (ContainerStateMachine.java:loadSnapshot(199)) - The snapshot info is null.Setting the last applied index to:(t:0, i:~)
2019-06-15 09:21:27,402 INFO  server.RaftServerConfigKeys (ConfUtils.java:logGet(43)) - raft.server.leader.election.timeout = 120s (custom)
2019-06-15 09:21:27,402 INFO  server.RaftServerConfigKeys (ConfUtils.java:logGet(43)) - raft.server.log.use.memory = false (default)
2019-06-15 09:21:27,402 INFO  server.RaftServerConfigKeys (ConfUtils.java:logGet(43)) - raft.server.log.appender.buffer.byte-limit = 33554432 (custom)
2019-06-15 09:21:27,402 INFO  server.RaftServerConfigKeys (ConfUtils.java:logGet(43)) - raft.server.log.segment.size.max = 16384 (custom)
2019-06-15 09:21:27,402 INFO  server.RaftServerConfigKeys (ConfUtils.java:logGet(43)) - raft.server.log.segment.cache.num.max = 2 (custom)
2019-06-15 09:21:27,402 INFO  storage.RaftLogWorker (RaftLogWorker.java:<init>(123)) - new 8b698aba-6fc8-4d44-bf35-b7703e11838d-RaftLogWorker for Storage Directory /opt/src/hadoop-ozone/integration-test/target/test-dir/MiniOzoneClusterImpl-6d290ed5-2317-4cc3-89ac-ce0ef15d54ec/datanode-0/data/ratis/e9fd8c63-98dd-4f13-8b50-0480e57361d7
2019-06-15 09:21:27,402 INFO  server.RaftServerConfigKeys (ConfUtils.java:logGet(43)) - raft.server.log.queue.byte-limit = 2147483647 (custom)
2019-06-15 09:21:27,402 INFO  server.RaftServerConfigKeys (ConfUtils.java:logGet(43)) - raft.server.log.queue.element-limit = 1024 (custom)
2019-06-15 09:21:27,402 INFO  server.RaftServerConfigKeys (ConfUtils.java:logGet(43)) - raft.server.log.segment.size.max = 16384 (custom)
2019-06-15 09:21:27,402 INFO  server.RaftServerConfigKeys (ConfUtils.java:logGet(43)) - raft.server.log.preallocated.size = 16384 (custom)
2019-06-15 09:21:27,403 INFO  server.RaftServerConfigKeys (ConfUtils.java:logGet(43)) - raft.server.log.write.buffer.size = 33554432 (custom)
2019-06-15 09:21:27,403 INFO  server.RaftServerConfigKeys (ConfUtils.java:logGet(43)) - raft.server.log.force.sync.num = 128 (default)
2019-06-15 09:21:27,403 INFO  server.RaftServerConfigKeys (ConfUtils.java:logGet(43)) - raft.server.log.statemachine.data.sync = true (default)
2019-06-15 09:21:27,403 INFO  server.RaftServerConfigKeys (ConfUtils.java:logGet(43)) - raft.server.log.statemachine.data.sync.timeout = 10s (default)
2019-06-15 09:21:27,403 INFO  server.RaftServerConfigKeys (ConfUtils.java:logGet(43)) - raft.server.log.statemachine.data.sync.timeout.retry = -1 (default)
2019-06-15 09:21:27,403 INFO  server.RaftServerConfigKeys (ConfUtils.java:logGet(43)) - raft.server.log.statemachine.data.caching.enabled = true (custom)
2019-06-15 09:21:27,404 INFO  server.RaftServerConfigKeys (ConfUtils.java:logGet(43)) - raft.server.snapshot.auto.trigger.enabled = true (custom)
2019-06-15 09:21:27,404 INFO  server.RaftServerConfigKeys (ConfUtils.java:logGet(43)) - raft.server.snapshot.auto.trigger.threshold = 10000 (custom)
2019-06-15 09:21:27,404 INFO  server.RaftServerConfigKeys (ConfUtils.java:logGet(43)) - raft.server.retrycache.expirytime = 600000ms (custom)
2019-06-15 09:21:27,404 INFO  impl.RaftServerImpl (RaftServerImpl.java:start(173)) - 8b698aba-6fc8-4d44-bf35-b7703e11838d: start group-0480E57361D7
2019-06-15 09:21:27,404 INFO  impl.RaftServerImpl (RaftServerImpl.java:setRole(164)) - 8b698aba-6fc8-4d44-bf35-b7703e11838d:group-0480E57361D7 changes role from null to FOLLOWER at term 0 for startAsFollower
2019-06-15 09:21:27,404 INFO  impl.RoleInfo (RoleInfo.java:updateAndGet(143)) - 8b698aba-6fc8-4d44-bf35-b7703e11838d: start FollowerState
2019-06-15 09:21:27,407 INFO  storage.RaftStorageDirectory (RaftStorageDirectory.java:tryLock(328)) - Lock on /opt/src/hadoop-ozone/integration-test/target/test-dir/MiniOzoneClusterImpl-6d290ed5-2317-4cc3-89ac-ce0ef15d54ec/datanode-2/data/ratis/e9fd8c63-98dd-4f13-8b50-0480e57361d7/in_use.lock acquired by nodename 20248@ozone-unit-076618677d3-f4jks-397892598
2019-06-15 09:21:27,408 INFO  storage.RaftStorageDirectory (RaftStorageDirectory.java:tryLock(328)) - Lock on /opt/src/hadoop-ozone/integration-test/target/test-dir/MiniOzoneClusterImpl-6d290ed5-2317-4cc3-89ac-ce0ef15d54ec/datanode-1/data/ratis/e9fd8c63-98dd-4f13-8b50-0480e57361d7/in_use.lock acquired by nodename 20248@ozone-unit-076618677d3-f4jks-397892598
2019-06-15 09:21:27,410 INFO  storage.RaftStorage (RaftStorage.java:format(75)) - Storage directory /opt/src/hadoop-ozone/integration-test/target/test-dir/MiniOzoneClusterImpl-6d290ed5-2317-4cc3-89ac-ce0ef15d54ec/datanode-2/data/ratis/e9fd8c63-98dd-4f13-8b50-0480e57361d7 has been successfully formatted.
2019-06-15 09:21:27,410 INFO  storage.RaftStorage (RaftStorage.java:format(75)) - Storage directory /opt/src/hadoop-ozone/integration-test/target/test-dir/MiniOzoneClusterImpl-6d290ed5-2317-4cc3-89ac-ce0ef15d54ec/datanode-1/data/ratis/e9fd8c63-98dd-4f13-8b50-0480e57361d7 has been successfully formatted.
2019-06-15 09:21:27,411 INFO  ratis.ContainerStateMachine (ContainerStateMachine.java:loadSnapshot(199)) - The snapshot info is null.Setting the last applied index to:(t:0, i:~)
2019-06-15 09:21:27,411 INFO  server.RaftServerConfigKeys (ConfUtils.java:logGet(43)) - raft.server.leader.election.timeout = 120s (custom)
2019-06-15 09:21:27,411 INFO  ratis.ContainerStateMachine (ContainerStateMachine.java:loadSnapshot(199)) - The snapshot info is null.Setting the last applied index to:(t:0, i:~)
2019-06-15 09:21:27,411 INFO  server.RaftServerConfigKeys (ConfUtils.java:logGet(43)) - raft.server.log.use.memory = false (default)
2019-06-15 09:21:27,411 INFO  server.RaftServerConfigKeys (ConfUtils.java:logGet(43)) - raft.server.leader.election.timeout = 120s (custom)
2019-06-15 09:21:27,411 INFO  server.RaftServerConfigKeys (ConfUtils.java:logGet(43)) - raft.server.log.appender.buffer.byte-limit = 33554432 (custom)
2019-06-15 09:21:27,411 INFO  server.RaftServerConfigKeys (ConfUtils.java:logGet(43)) - raft.server.log.use.memory = false (default)
2019-06-15 09:21:27,411 INFO  server.RaftServerConfigKeys (ConfUtils.java:logGet(43)) - raft.server.log.segment.size.max = 16384 (custom)
2019-06-15 09:21:27,412 INFO  server.RaftServerConfigKeys (ConfUtils.java:logGet(43)) - raft.server.log.segment.cache.num.max = 2 (custom)
2019-06-15 09:21:27,412 INFO  storage.RaftLogWorker (RaftLogWorker.java:<init>(123)) - new 1213a3aa-5ae3-462e-997a-89eaf4e8c120-RaftLogWorker for Storage Directory /opt/src/hadoop-ozone/integration-test/target/test-dir/MiniOzoneClusterImpl-6d290ed5-2317-4cc3-89ac-ce0ef15d54ec/datanode-2/data/ratis/e9fd8c63-98dd-4f13-8b50-0480e57361d7
2019-06-15 09:21:27,412 INFO  server.RaftServerConfigKeys (ConfUtils.java:logGet(43)) - raft.server.log.queue.byte-limit = 2147483647 (custom)
2019-06-15 09:21:27,412 INFO  server.RaftServerConfigKeys (ConfUtils.java:logGet(43)) - raft.server.log.queue.element-limit = 1024 (custom)
2019-06-15 09:21:27,412 INFO  server.RaftServerConfigKeys (ConfUtils.java:logGet(43)) - raft.server.log.segment.size.max = 16384 (custom)
2019-06-15 09:21:27,412 INFO  server.RaftServerConfigKeys (ConfUtils.java:logGet(43)) - raft.server.log.preallocated.size = 16384 (custom)
2019-06-15 09:21:27,412 INFO  server.RaftServerConfigKeys (ConfUtils.java:logGet(43)) - raft.server.log.write.buffer.size = 33554432 (custom)
2019-06-15 09:21:27,412 INFO  server.RaftServerConfigKeys (ConfUtils.java:logGet(43)) - raft.server.log.force.sync.num = 128 (default)
2019-06-15 09:21:27,412 INFO  server.RaftServerConfigKeys (ConfUtils.java:logGet(43)) - raft.server.log.statemachine.data.sync = true (default)
2019-06-15 09:21:27,412 INFO  server.RaftServerConfigKeys (ConfUtils.java:logGet(43)) - raft.server.log.statemachine.data.sync.timeout = 10s (default)
2019-06-15 09:21:27,413 INFO  server.RaftServerConfigKeys (ConfUtils.java:logGet(43)) - raft.server.log.statemachine.data.sync.timeout.retry = -1 (default)
2019-06-15 09:21:27,411 INFO  server.RaftServerConfigKeys (ConfUtils.java:logGet(43)) - raft.server.log.appender.buffer.byte-limit = 33554432 (custom)
2019-06-15 09:21:27,413 INFO  server.RaftServerConfigKeys (ConfUtils.java:logGet(43)) - raft.server.log.segment.size.max = 16384 (custom)
2019-06-15 09:21:27,414 INFO  server.RaftServerConfigKeys (ConfUtils.java:logGet(43)) - raft.server.log.segment.cache.num.max = 2 (custom)
2019-06-15 09:21:27,414 INFO  storage.RaftLogWorker (RaftLogWorker.java:<init>(123)) - new 747ae0bf-a915-4b00-89fa-ee0108affcd5-RaftLogWorker for Storage Directory /opt/src/hadoop-ozone/integration-test/target/test-dir/MiniOzoneClusterImpl-6d290ed5-2317-4cc3-89ac-ce0ef15d54ec/datanode-1/data/ratis/e9fd8c63-98dd-4f13-8b50-0480e57361d7
2019-06-15 09:21:27,414 INFO  server.RaftServerConfigKeys (ConfUtils.java:logGet(43)) - raft.server.log.queue.byte-limit = 2147483647 (custom)
2019-06-15 09:21:27,414 INFO  server.RaftServerConfigKeys (ConfUtils.java:logGet(43)) - raft.server.log.queue.element-limit = 1024 (custom)
2019-06-15 09:21:27,414 INFO  server.RaftServerConfigKeys (ConfUtils.java:logGet(43)) - raft.server.log.segment.size.max = 16384 (custom)
2019-06-15 09:21:27,414 INFO  server.RaftServerConfigKeys (ConfUtils.java:logGet(43)) - raft.server.log.preallocated.size = 16384 (custom)
2019-06-15 09:21:27,414 INFO  server.RaftServerConfigKeys (ConfUtils.java:logGet(43)) - raft.server.log.write.buffer.size = 33554432 (custom)
2019-06-15 09:21:27,414 INFO  server.RaftServerConfigKeys (ConfUtils.java:logGet(43)) - raft.server.log.force.sync.num = 128 (default)
2019-06-15 09:21:27,414 INFO  server.RaftServerConfigKeys (ConfUtils.java:logGet(43)) - raft.server.log.statemachine.data.sync = true (default)
2019-06-15 09:21:27,415 INFO  server.RaftServerConfigKeys (ConfUtils.java:logGet(43)) - raft.server.log.statemachine.data.sync.timeout = 10s (default)
2019-06-15 09:21:27,415 INFO  server.RaftServerConfigKeys (ConfUtils.java:logGet(43)) - raft.server.log.statemachine.data.sync.timeout.retry = -1 (default)
2019-06-15 09:21:27,425 INFO  server.RaftServerConfigKeys (ConfUtils.java:logGet(43)) - raft.server.log.statemachine.data.caching.enabled = true (custom)
2019-06-15 09:21:27,425 INFO  util.JmxRegister (JmxRegister.java:tryRegister(44)) - Successfully registered JMX Bean with object name Ratis:service=RaftServer,group=group-0480E57361D7,id=8b698aba-6fc8-4d44-bf35-b7703e11838d
2019-06-15 09:21:27,425 INFO  server.RaftServerConfigKeys (ConfUtils.java:logGet(43)) - raft.server.log.statemachine.data.caching.enabled = true (custom)
2019-06-15 09:21:27,425 INFO  server.RaftServerConfigKeys (ConfUtils.java:logGet(43)) - raft.server.snapshot.auto.trigger.enabled = true (custom)
2019-06-15 09:21:27,425 INFO  server.RaftServerConfigKeys (ConfUtils.java:logGet(43)) - raft.server.snapshot.auto.trigger.enabled = true (custom)
2019-06-15 09:21:27,426 INFO  server.RaftServerConfigKeys (ConfUtils.java:logGet(43)) - raft.server.snapshot.auto.trigger.threshold = 10000 (custom)
2019-06-15 09:21:27,425 INFO  server.RaftServerConfigKeys (ConfUtils.java:logGet(43)) - raft.server.snapshot.auto.trigger.threshold = 10000 (custom)
2019-06-15 09:21:27,426 INFO  server.RaftServerConfigKeys (ConfUtils.java:logGet(43)) - raft.server.retrycache.expirytime = 600000ms (custom)
2019-06-15 09:21:27,426 INFO  impl.RaftServerImpl (RaftServerImpl.java:start(173)) - 1213a3aa-5ae3-462e-997a-89eaf4e8c120: start group-0480E57361D7
2019-06-15 09:21:27,426 INFO  impl.RaftServerImpl (RaftServerImpl.java:setRole(164)) - 1213a3aa-5ae3-462e-997a-89eaf4e8c120:group-0480E57361D7 changes role from null to FOLLOWER at term 0 for startAsFollower
2019-06-15 09:21:27,426 INFO  server.RaftServerConfigKeys (ConfUtils.java:logGet(43)) - raft.server.retrycache.expirytime = 600000ms (custom)
2019-06-15 09:21:27,426 INFO  impl.RoleInfo (RoleInfo.java:updateAndGet(143)) - 1213a3aa-5ae3-462e-997a-89eaf4e8c120: start FollowerState
2019-06-15 09:21:27,426 INFO  impl.RaftServerImpl (RaftServerImpl.java:start(173)) - 747ae0bf-a915-4b00-89fa-ee0108affcd5: start group-0480E57361D7
2019-06-15 09:21:27,426 INFO  impl.RaftServerImpl (RaftServerImpl.java:setRole(164)) - 747ae0bf-a915-4b00-89fa-ee0108affcd5:group-0480E57361D7 changes role from null to FOLLOWER at term 0 for startAsFollower
2019-06-15 09:21:27,427 INFO  impl.RoleInfo (RoleInfo.java:updateAndGet(143)) - 747ae0bf-a915-4b00-89fa-ee0108affcd5: start FollowerState
2019-06-15 09:21:27,427 INFO  util.JmxRegister (JmxRegister.java:tryRegister(44)) - Successfully registered JMX Bean with object name Ratis:service=RaftServer,group=group-0480E57361D7,id=1213a3aa-5ae3-462e-997a-89eaf4e8c120
2019-06-15 09:21:27,427 INFO  util.JmxRegister (JmxRegister.java:tryRegister(44)) - Successfully registered JMX Bean with object name Ratis:service=RaftServer,group=group-0480E57361D7,id=747ae0bf-a915-4b00-89fa-ee0108affcd5
2019-06-15 09:21:27,438 INFO  pipeline.PipelineStateManager (PipelineStateManager.java:addPipeline(56)) - Created pipeline Pipeline[ Id: e9fd8c63-98dd-4f13-8b50-0480e57361d7, Nodes: 747ae0bf-a915-4b00-89fa-ee0108affcd5{ip: 192.168.46.58, host: ozone-unit-076618677d3-f4jks-397892598, networkLocation: /default-rack, certSerialId: null}8b698aba-6fc8-4d44-bf35-b7703e11838d{ip: 192.168.46.58, host: ozone-unit-076618677d3-f4jks-397892598, networkLocation: /default-rack, certSerialId: null}1213a3aa-5ae3-462e-997a-89eaf4e8c120{ip: 192.168.46.58, host: ozone-unit-076618677d3-f4jks-397892598, networkLocation: /default-rack, certSerialId: null}, Type:RATIS, Factor:THREE, State:OPEN]
2019-06-15 09:21:27,544 INFO  node.SCMNodeManager (SCMNodeManager.java:register(269)) - Registered Data node : acd45e52-0b4d-49e9-94f3-ea4962392d5a{ip: 192.168.46.58, host: ozone-unit-076618677d3-f4jks-397892598, networkLocation: /default-rack, certSerialId: null}
2019-06-15 09:21:27,550 INFO  impl.RaftServerProxy (RaftServerProxy.java:addNew(89)) - acd45e52-0b4d-49e9-94f3-ea4962392d5a: addNew group-B073475B28C5:[acd45e52-0b4d-49e9-94f3-ea4962392d5a:192.168.46.58:40733] returns group-B073475B28C5:java.util.concurrent.CompletableFuture@631e4129[Not completed]
2019-06-15 09:21:27,553 INFO  impl.RaftServerImpl (RaftServerImpl.java:<init>(91)) - acd45e52-0b4d-49e9-94f3-ea4962392d5a: new RaftServerImpl for group-B073475B28C5:[acd45e52-0b4d-49e9-94f3-ea4962392d5a:192.168.46.58:40733] with ContainerStateMachine:uninitialized
2019-06-15 09:21:27,553 INFO  server.RaftServerConfigKeys (ConfUtils.java:logGet(43)) - raft.server.rpc.timeout.min = 1s (custom)
2019-06-15 09:21:27,553 INFO  server.RaftServerConfigKeys (ConfUtils.java:logGet(43)) - raft.server.rpc.timeout.max = 1200ms (custom)
2019-06-15 09:21:27,553 INFO  server.RaftServerConfigKeys (ConfUtils.java:logGet(43)) - raft.server.rpcslowness.timeout = 120s (custom)
2019-06-15 09:21:27,553 INFO  server.RaftServerConfigKeys (ConfUtils.java:logGet(43)) - raft.server.log.appender.install.snapshot.enabled = true (default)
2019-06-15 09:21:27,553 INFO  impl.RaftServerImpl (ServerState.java:<init>(101)) - acd45e52-0b4d-49e9-94f3-ea4962392d5a:group-B073475B28C5 ConfigurationManager, init=-1: [acd45e52-0b4d-49e9-94f3-ea4962392d5a:192.168.46.58:40733], old=null, confs=<EMPTY_MAP>
2019-06-15 09:21:27,554 INFO  server.RaftServerConfigKeys (ConfUtils.java:logGet(43)) - raft.server.storage.dir = [/opt/src/hadoop-ozone/integration-test/target/test-dir/MiniOzoneClusterImpl-6d290ed5-2317-4cc3-89ac-ce0ef15d54ec/datanode-3/data/ratis] (custom)
2019-06-15 09:21:27,554 INFO  storage.RaftStorageDirectory (RaftStorageDirectory.java:analyzeStorage(246)) - The storage directory /opt/src/hadoop-ozone/integration-test/target/test-dir/MiniOzoneClusterImpl-6d290ed5-2317-4cc3-89ac-ce0ef15d54ec/datanode-3/data/ratis/49e49607-e7c9-40ea-af12-b073475b28c5 does not exist. Creating ...
2019-06-15 09:21:27,556 INFO  storage.RaftStorageDirectory (RaftStorageDirectory.java:tryLock(328)) - Lock on /opt/src/hadoop-ozone/integration-test/target/test-dir/MiniOzoneClusterImpl-6d290ed5-2317-4cc3-89ac-ce0ef15d54ec/datanode-3/data/ratis/49e49607-e7c9-40ea-af12-b073475b28c5/in_use.lock acquired by nodename 20248@ozone-unit-076618677d3-f4jks-397892598
2019-06-15 09:21:27,559 INFO  storage.RaftStorage (RaftStorage.java:format(75)) - Storage directory /opt/src/hadoop-ozone/integration-test/target/test-dir/MiniOzoneClusterImpl-6d290ed5-2317-4cc3-89ac-ce0ef15d54ec/datanode-3/data/ratis/49e49607-e7c9-40ea-af12-b073475b28c5 has been successfully formatted.
2019-06-15 09:21:27,559 INFO  ratis.ContainerStateMachine (ContainerStateMachine.java:loadSnapshot(199)) - The snapshot info is null.Setting the last applied index to:(t:0, i:~)
2019-06-15 09:21:27,559 INFO  server.RaftServerConfigKeys (ConfUtils.java:logGet(43)) - raft.server.leader.election.timeout = 120s (custom)
2019-06-15 09:21:27,559 INFO  server.RaftServerConfigKeys (ConfUtils.java:logGet(43)) - raft.server.log.use.memory = false (default)
2019-06-15 09:21:27,559 INFO  server.RaftServerConfigKeys (ConfUtils.java:logGet(43)) - raft.server.log.appender.buffer.byte-limit = 33554432 (custom)
2019-06-15 09:21:27,559 INFO  server.RaftServerConfigKeys (ConfUtils.java:logGet(43)) - raft.server.log.segment.size.max = 16384 (custom)
2019-06-15 09:21:27,559 INFO  server.RaftServerConfigKeys (ConfUtils.java:logGet(43)) - raft.server.log.segment.cache.num.max = 2 (custom)
2019-06-15 09:21:27,559 INFO  storage.RaftLogWorker (RaftLogWorker.java:<init>(123)) - new acd45e52-0b4d-49e9-94f3-ea4962392d5a-RaftLogWorker for Storage Directory /opt/src/hadoop-ozone/integration-test/target/test-dir/MiniOzoneClusterImpl-6d290ed5-2317-4cc3-89ac-ce0ef15d54ec/datanode-3/data/ratis/49e49607-e7c9-40ea-af12-b073475b28c5
2019-06-15 09:21:27,559 INFO  server.RaftServerConfigKeys (ConfUtils.java:logGet(43)) - raft.server.log.queue.byte-limit = 2147483647 (custom)
2019-06-15 09:21:27,559 INFO  server.RaftServerConfigKeys (ConfUtils.java:logGet(43)) - raft.server.log.queue.element-limit = 1024 (custom)
2019-06-15 09:21:27,559 INFO  server.RaftServerConfigKeys (ConfUtils.java:logGet(43)) - raft.server.log.segment.size.max = 16384 (custom)
2019-06-15 09:21:27,560 INFO  server.RaftServerConfigKeys (ConfUtils.java:logGet(43)) - raft.server.log.preallocated.size = 16384 (custom)
2019-06-15 09:21:27,560 INFO  server.RaftServerConfigKeys (ConfUtils.java:logGet(43)) - raft.server.log.write.buffer.size = 33554432 (custom)
2019-06-15 09:21:27,560 INFO  server.RaftServerConfigKeys (ConfUtils.java:logGet(43)) - raft.server.log.force.sync.num = 128 (default)
2019-06-15 09:21:27,560 INFO  server.RaftServerConfigKeys (ConfUtils.java:logGet(43)) - raft.server.log.statemachine.data.sync = true (default)
2019-06-15 09:21:27,560 INFO  server.RaftServerConfigKeys (ConfUtils.java:logGet(43)) - raft.server.log.statemachine.data.sync.timeout = 10s (default)
2019-06-15 09:21:27,560 INFO  server.RaftServerConfigKeys (ConfUtils.java:logGet(43)) - raft.server.log.statemachine.data.sync.timeout.retry = -1 (default)
2019-06-15 09:21:27,560 INFO  server.RaftServerConfigKeys (ConfUtils.java:logGet(43)) - raft.server.log.statemachine.data.caching.enabled = true (custom)
2019-06-15 09:21:27,560 INFO  server.RaftServerConfigKeys (ConfUtils.java:logGet(43)) - raft.server.snapshot.auto.trigger.enabled = true (custom)
2019-06-15 09:21:27,561 INFO  server.RaftServerConfigKeys (ConfUtils.java:logGet(43)) - raft.server.snapshot.auto.trigger.threshold = 10000 (custom)
2019-06-15 09:21:27,561 INFO  server.RaftServerConfigKeys (ConfUtils.java:logGet(43)) - raft.server.retrycache.expirytime = 600000ms (custom)
2019-06-15 09:21:27,561 INFO  impl.RaftServerImpl (RaftServerImpl.java:start(173)) - acd45e52-0b4d-49e9-94f3-ea4962392d5a: start group-B073475B28C5
2019-06-15 09:21:27,561 INFO  impl.RaftServerImpl (RaftServerImpl.java:setRole(164)) - acd45e52-0b4d-49e9-94f3-ea4962392d5a:group-B073475B28C5 changes role from null to FOLLOWER at term 0 for startAsFollower
2019-06-15 09:21:27,561 INFO  impl.RoleInfo (RoleInfo.java:updateAndGet(143)) - acd45e52-0b4d-49e9-94f3-ea4962392d5a: start FollowerState
2019-06-15 09:21:27,561 INFO  util.JmxRegister (JmxRegister.java:tryRegister(44)) - Successfully registered JMX Bean with object name Ratis:service=RaftServer,group=group-B073475B28C5,id=acd45e52-0b4d-49e9-94f3-ea4962392d5a
2019-06-15 09:21:27,564 INFO  pipeline.PipelineStateManager (PipelineStateManager.java:addPipeline(56)) - Created pipeline Pipeline[ Id: 49e49607-e7c9-40ea-af12-b073475b28c5, Nodes: acd45e52-0b4d-49e9-94f3-ea4962392d5a{ip: 192.168.46.58, host: ozone-unit-076618677d3-f4jks-397892598, networkLocation: /default-rack, certSerialId: null}, Type:RATIS, Factor:ONE, State:OPEN]
2019-06-15 09:21:27,707 INFO  node.SCMNodeManager (SCMNodeManager.java:register(269)) - Registered Data node : 638def69-e28a-4327-9fda-af5636c8063b{ip: 192.168.46.58, host: ozone-unit-076618677d3-f4jks-397892598, networkLocation: /default-rack, certSerialId: null}
2019-06-15 09:21:27,714 INFO  impl.RaftServerProxy (RaftServerProxy.java:addNew(89)) - 638def69-e28a-4327-9fda-af5636c8063b: addNew group-5274F53B6EAF:[638def69-e28a-4327-9fda-af5636c8063b:192.168.46.58:46319] returns group-5274F53B6EAF:java.util.concurrent.CompletableFuture@799331e1[Not completed]
2019-06-15 09:21:27,715 INFO  impl.RaftServerImpl (RaftServerImpl.java:<init>(91)) - 638def69-e28a-4327-9fda-af5636c8063b: new RaftServerImpl for group-5274F53B6EAF:[638def69-e28a-4327-9fda-af5636c8063b:192.168.46.58:46319] with ContainerStateMachine:uninitialized
2019-06-15 09:21:27,715 INFO  server.RaftServerConfigKeys (ConfUtils.java:logGet(43)) - raft.server.rpc.timeout.min = 1s (custom)
2019-06-15 09:21:27,715 INFO  server.RaftServerConfigKeys (ConfUtils.java:logGet(43)) - raft.server.rpc.timeout.max = 1200ms (custom)
2019-06-15 09:21:27,715 INFO  server.RaftServerConfigKeys (ConfUtils.java:logGet(43)) - raft.server.rpcslowness.timeout = 120s (custom)
2019-06-15 09:21:27,715 INFO  server.RaftServerConfigKeys (ConfUtils.java:logGet(43)) - raft.server.log.appender.install.snapshot.enabled = true (default)
2019-06-15 09:21:27,715 INFO  impl.RaftServerImpl (ServerState.java:<init>(101)) - 638def69-e28a-4327-9fda-af5636c8063b:group-5274F53B6EAF ConfigurationManager, init=-1: [638def69-e28a-4327-9fda-af5636c8063b:192.168.46.58:46319], old=null, confs=<EMPTY_MAP>
2019-06-15 09:21:27,715 INFO  server.RaftServerConfigKeys (ConfUtils.java:logGet(43)) - raft.server.storage.dir = [/opt/src/hadoop-ozone/integration-test/target/test-dir/MiniOzoneClusterImpl-6d290ed5-2317-4cc3-89ac-ce0ef15d54ec/datanode-4/data/ratis] (custom)
2019-06-15 09:21:27,716 INFO  storage.RaftStorageDirectory (RaftStorageDirectory.java:analyzeStorage(246)) - The storage directory /opt/src/hadoop-ozone/integration-test/target/test-dir/MiniOzoneClusterImpl-6d290ed5-2317-4cc3-89ac-ce0ef15d54ec/datanode-4/data/ratis/a7a112c2-8b0a-4903-92f6-5274f53b6eaf does not exist. Creating ...
2019-06-15 09:21:27,718 INFO  storage.RaftStorageDirectory (RaftStorageDirectory.java:tryLock(328)) - Lock on /opt/src/hadoop-ozone/integration-test/target/test-dir/MiniOzoneClusterImpl-6d290ed5-2317-4cc3-89ac-ce0ef15d54ec/datanode-4/data/ratis/a7a112c2-8b0a-4903-92f6-5274f53b6eaf/in_use.lock acquired by nodename 20248@ozone-unit-076618677d3-f4jks-397892598
2019-06-15 09:21:27,720 INFO  storage.RaftStorage (RaftStorage.java:format(75)) - Storage directory /opt/src/hadoop-ozone/integration-test/target/test-dir/MiniOzoneClusterImpl-6d290ed5-2317-4cc3-89ac-ce0ef15d54ec/datanode-4/data/ratis/a7a112c2-8b0a-4903-92f6-5274f53b6eaf has been successfully formatted.
2019-06-15 09:21:27,720 INFO  ratis.ContainerStateMachine (ContainerStateMachine.java:loadSnapshot(199)) - The snapshot info is null.Setting the last applied index to:(t:0, i:~)
2019-06-15 09:21:27,720 INFO  server.RaftServerConfigKeys (ConfUtils.java:logGet(43)) - raft.server.leader.election.timeout = 120s (custom)
2019-06-15 09:21:27,720 INFO  server.RaftServerConfigKeys (ConfUtils.java:logGet(43)) - raft.server.log.use.memory = false (default)
2019-06-15 09:21:27,720 INFO  server.RaftServerConfigKeys (ConfUtils.java:logGet(43)) - raft.server.log.appender.buffer.byte-limit = 33554432 (custom)
2019-06-15 09:21:27,720 INFO  server.RaftServerConfigKeys (ConfUtils.java:logGet(43)) - raft.server.log.segment.size.max = 16384 (custom)
2019-06-15 09:21:27,720 INFO  server.RaftServerConfigKeys (ConfUtils.java:logGet(43)) - raft.server.log.segment.cache.num.max = 2 (custom)
2019-06-15 09:21:27,720 INFO  storage.RaftLogWorker (RaftLogWorker.java:<init>(123)) - new 638def69-e28a-4327-9fda-af5636c8063b-RaftLogWorker for Storage Directory /opt/src/hadoop-ozone/integration-test/target/test-dir/MiniOzoneClusterImpl-6d290ed5-2317-4cc3-89ac-ce0ef15d54ec/datanode-4/data/ratis/a7a112c2-8b0a-4903-92f6-5274f53b6eaf
2019-06-15 09:21:27,720 INFO  server.RaftServerConfigKeys (ConfUtils.java:logGet(43)) - raft.server.log.queue.byte-limit = 2147483647 (custom)
2019-06-15 09:21:27,721 INFO  server.RaftServerConfigKeys (ConfUtils.java:logGet(43)) - raft.server.log.queue.element-limit = 1024 (custom)
2019-06-15 09:21:27,721 INFO  server.RaftServerConfigKeys (ConfUtils.java:logGet(43)) - raft.server.log.segment.size.max = 16384 (custom)
2019-06-15 09:21:27,721 INFO  server.RaftServerConfigKeys (ConfUtils.java:logGet(43)) - raft.server.log.preallocated.size = 16384 (custom)
2019-06-15 09:21:27,721 INFO  server.RaftServerConfigKeys (ConfUtils.java:logGet(43)) - raft.server.log.write.buffer.size = 33554432 (custom)
2019-06-15 09:21:27,721 INFO  server.RaftServerConfigKeys (ConfUtils.java:logGet(43)) - raft.server.log.force.sync.num = 128 (default)
2019-06-15 09:21:27,721 INFO  server.RaftServerConfigKeys (ConfUtils.java:logGet(43)) - raft.server.log.statemachine.data.sync = true (default)
2019-06-15 09:21:27,721 INFO  server.RaftServerConfigKeys (ConfUtils.java:logGet(43)) - raft.server.log.statemachine.data.sync.timeout = 10s (default)
2019-06-15 09:21:27,721 INFO  server.RaftServerConfigKeys (ConfUtils.java:logGet(43)) - raft.server.log.statemachine.data.sync.timeout.retry = -1 (default)
2019-06-15 09:21:27,721 INFO  server.RaftServerConfigKeys (ConfUtils.java:logGet(43)) - raft.server.log.statemachine.data.caching.enabled = true (custom)
2019-06-15 09:21:27,722 INFO  server.RaftServerConfigKeys (ConfUtils.java:logGet(43)) - raft.server.snapshot.auto.trigger.enabled = true (custom)
2019-06-15 09:21:27,722 INFO  server.RaftServerConfigKeys (ConfUtils.java:logGet(43)) - raft.server.snapshot.auto.trigger.threshold = 10000 (custom)
2019-06-15 09:21:27,722 INFO  server.RaftServerConfigKeys (ConfUtils.java:logGet(43)) - raft.server.retrycache.expirytime = 600000ms (custom)
2019-06-15 09:21:27,722 INFO  impl.RaftServerImpl (RaftServerImpl.java:start(173)) - 638def69-e28a-4327-9fda-af5636c8063b: start group-5274F53B6EAF
2019-06-15 09:21:27,722 INFO  impl.RaftServerImpl (RaftServerImpl.java:setRole(164)) - 638def69-e28a-4327-9fda-af5636c8063b:group-5274F53B6EAF changes role from null to FOLLOWER at term 0 for startAsFollower
2019-06-15 09:21:27,722 INFO  impl.RoleInfo (RoleInfo.java:updateAndGet(143)) - 638def69-e28a-4327-9fda-af5636c8063b: start FollowerState
2019-06-15 09:21:27,722 INFO  util.JmxRegister (JmxRegister.java:tryRegister(44)) - Successfully registered JMX Bean with object name Ratis:service=RaftServer,group=group-5274F53B6EAF,id=638def69-e28a-4327-9fda-af5636c8063b
2019-06-15 09:21:27,724 INFO  pipeline.PipelineStateManager (PipelineStateManager.java:addPipeline(56)) - Created pipeline Pipeline[ Id: a7a112c2-8b0a-4903-92f6-5274f53b6eaf, Nodes: 638def69-e28a-4327-9fda-af5636c8063b{ip: 192.168.46.58, host: ozone-unit-076618677d3-f4jks-397892598, networkLocation: /default-rack, certSerialId: null}, Type:RATIS, Factor:ONE, State:OPEN]
2019-06-15 09:21:27,926 INFO  node.SCMNodeManager (SCMNodeManager.java:register(269)) - Registered Data node : 829ec832-db2a-4eb5-bd86-40769de3ec71{ip: 192.168.46.58, host: ozone-unit-076618677d3-f4jks-397892598, networkLocation: /default-rack, certSerialId: null}
2019-06-15 09:21:27,933 INFO  impl.RaftServerProxy (RaftServerProxy.java:addNew(89)) - 829ec832-db2a-4eb5-bd86-40769de3ec71: addNew group-36EB44037A3C:[829ec832-db2a-4eb5-bd86-40769de3ec71:192.168.46.58:40067] returns group-36EB44037A3C:java.util.concurrent.CompletableFuture@b37a064[Not completed]
2019-06-15 09:21:27,933 INFO  impl.RaftServerImpl (RaftServerImpl.java:<init>(91)) - 829ec832-db2a-4eb5-bd86-40769de3ec71: new RaftServerImpl for group-36EB44037A3C:[829ec832-db2a-4eb5-bd86-40769de3ec71:192.168.46.58:40067] with ContainerStateMachine:uninitialized
2019-06-15 09:21:27,934 INFO  server.RaftServerConfigKeys (ConfUtils.java:logGet(43)) - raft.server.rpc.timeout.min = 1s (custom)
2019-06-15 09:21:27,934 INFO  server.RaftServerConfigKeys (ConfUtils.java:logGet(43)) - raft.server.rpc.timeout.max = 1200ms (custom)
2019-06-15 09:21:27,934 INFO  server.RaftServerConfigKeys (ConfUtils.java:logGet(43)) - raft.server.rpcslowness.timeout = 120s (custom)
2019-06-15 09:21:27,934 INFO  server.RaftServerConfigKeys (ConfUtils.java:logGet(43)) - raft.server.log.appender.install.snapshot.enabled = true (default)
2019-06-15 09:21:27,934 INFO  impl.RaftServerImpl (ServerState.java:<init>(101)) - 829ec832-db2a-4eb5-bd86-40769de3ec71:group-36EB44037A3C ConfigurationManager, init=-1: [829ec832-db2a-4eb5-bd86-40769de3ec71:192.168.46.58:40067], old=null, confs=<EMPTY_MAP>
2019-06-15 09:21:27,934 INFO  server.RaftServerConfigKeys (ConfUtils.java:logGet(43)) - raft.server.storage.dir = [/opt/src/hadoop-ozone/integration-test/target/test-dir/MiniOzoneClusterImpl-6d290ed5-2317-4cc3-89ac-ce0ef15d54ec/datanode-5/data/ratis] (custom)
2019-06-15 09:21:27,934 INFO  storage.RaftStorageDirectory (RaftStorageDirectory.java:analyzeStorage(246)) - The storage directory /opt/src/hadoop-ozone/integration-test/target/test-dir/MiniOzoneClusterImpl-6d290ed5-2317-4cc3-89ac-ce0ef15d54ec/datanode-5/data/ratis/b4fbfcd3-6de2-4219-b755-36eb44037a3c does not exist. Creating ...
2019-06-15 09:21:27,937 INFO  storage.RaftStorageDirectory (RaftStorageDirectory.java:tryLock(328)) - Lock on /opt/src/hadoop-ozone/integration-test/target/test-dir/MiniOzoneClusterImpl-6d290ed5-2317-4cc3-89ac-ce0ef15d54ec/datanode-5/data/ratis/b4fbfcd3-6de2-4219-b755-36eb44037a3c/in_use.lock acquired by nodename 20248@ozone-unit-076618677d3-f4jks-397892598
2019-06-15 09:21:27,939 INFO  storage.RaftStorage (RaftStorage.java:format(75)) - Storage directory /opt/src/hadoop-ozone/integration-test/target/test-dir/MiniOzoneClusterImpl-6d290ed5-2317-4cc3-89ac-ce0ef15d54ec/datanode-5/data/ratis/b4fbfcd3-6de2-4219-b755-36eb44037a3c has been successfully formatted.
2019-06-15 09:21:27,939 INFO  ratis.ContainerStateMachine (ContainerStateMachine.java:loadSnapshot(199)) - The snapshot info is null.Setting the last applied index to:(t:0, i:~)
2019-06-15 09:21:27,939 INFO  server.RaftServerConfigKeys (ConfUtils.java:logGet(43)) - raft.server.leader.election.timeout = 120s (custom)
2019-06-15 09:21:27,939 INFO  server.RaftServerConfigKeys (ConfUtils.java:logGet(43)) - raft.server.log.use.memory = false (default)
2019-06-15 09:21:27,939 INFO  server.RaftServerConfigKeys (ConfUtils.java:logGet(43)) - raft.server.log.appender.buffer.byte-limit = 33554432 (custom)
2019-06-15 09:21:27,940 INFO  server.RaftServerConfigKeys (ConfUtils.java:logGet(43)) - raft.server.log.segment.size.max = 16384 (custom)
2019-06-15 09:21:27,940 INFO  server.RaftServerConfigKeys (ConfUtils.java:logGet(43)) - raft.server.log.segment.cache.num.max = 2 (custom)
2019-06-15 09:21:27,940 INFO  storage.RaftLogWorker (RaftLogWorker.java:<init>(123)) - new 829ec832-db2a-4eb5-bd86-40769de3ec71-RaftLogWorker for Storage Directory /opt/src/hadoop-ozone/integration-test/target/test-dir/MiniOzoneClusterImpl-6d290ed5-2317-4cc3-89ac-ce0ef15d54ec/datanode-5/data/ratis/b4fbfcd3-6de2-4219-b755-36eb44037a3c
2019-06-15 09:21:27,940 INFO  server.RaftServerConfigKeys (ConfUtils.java:logGet(43)) - raft.server.log.queue.byte-limit = 2147483647 (custom)
2019-06-15 09:21:27,940 INFO  server.RaftServerConfigKeys (ConfUtils.java:logGet(43)) - raft.server.log.queue.element-limit = 1024 (custom)
2019-06-15 09:21:27,940 INFO  server.RaftServerConfigKeys (ConfUtils.java:logGet(43)) - raft.server.log.segment.size.max = 16384 (custom)
2019-06-15 09:21:27,940 INFO  server.RaftServerConfigKeys (ConfUtils.java:logGet(43)) - raft.server.log.preallocated.size = 16384 (custom)
2019-06-15 09:21:27,940 INFO  server.RaftServerConfigKeys (ConfUtils.java:logGet(43)) - raft.server.log.write.buffer.size = 33554432 (custom)
2019-06-15 09:21:27,940 INFO  server.RaftServerConfigKeys (ConfUtils.java:logGet(43)) - raft.server.log.force.sync.num = 128 (default)
2019-06-15 09:21:27,940 INFO  server.RaftServerConfigKeys (ConfUtils.java:logGet(43)) - raft.server.log.statemachine.data.sync = true (default)
2019-06-15 09:21:27,940 INFO  server.RaftServerConfigKeys (ConfUtils.java:logGet(43)) - raft.server.log.statemachine.data.sync.timeout = 10s (default)
2019-06-15 09:21:27,940 INFO  server.RaftServerConfigKeys (ConfUtils.java:logGet(43)) - raft.server.log.statemachine.data.sync.timeout.retry = -1 (default)
2019-06-15 09:21:27,941 INFO  server.RaftServerConfigKeys (ConfUtils.java:logGet(43)) - raft.server.log.statemachine.data.caching.enabled = true (custom)
2019-06-15 09:21:27,941 INFO  server.RaftServerConfigKeys (ConfUtils.java:logGet(43)) - raft.server.snapshot.auto.trigger.enabled = true (custom)
2019-06-15 09:21:27,941 INFO  server.RaftServerConfigKeys (ConfUtils.java:logGet(43)) - raft.server.snapshot.auto.trigger.threshold = 10000 (custom)
2019-06-15 09:21:27,941 INFO  server.RaftServerConfigKeys (ConfUtils.java:logGet(43)) - raft.server.retrycache.expirytime = 600000ms (custom)
2019-06-15 09:21:27,941 INFO  impl.RaftServerImpl (RaftServerImpl.java:start(173)) - 829ec832-db2a-4eb5-bd86-40769de3ec71: start group-36EB44037A3C
2019-06-15 09:21:27,941 INFO  impl.RaftServerImpl (RaftServerImpl.java:setRole(164)) - 829ec832-db2a-4eb5-bd86-40769de3ec71:group-36EB44037A3C changes role from null to FOLLOWER at term 0 for startAsFollower
2019-06-15 09:21:27,941 INFO  impl.RoleInfo (RoleInfo.java:updateAndGet(143)) - 829ec832-db2a-4eb5-bd86-40769de3ec71: start FollowerState
2019-06-15 09:21:27,942 INFO  util.JmxRegister (JmxRegister.java:tryRegister(44)) - Successfully registered JMX Bean with object name Ratis:service=RaftServer,group=group-36EB44037A3C,id=829ec832-db2a-4eb5-bd86-40769de3ec71
2019-06-15 09:21:27,943 INFO  pipeline.PipelineStateManager (PipelineStateManager.java:addPipeline(56)) - Created pipeline Pipeline[ Id: b4fbfcd3-6de2-4219-b755-36eb44037a3c, Nodes: 829ec832-db2a-4eb5-bd86-40769de3ec71{ip: 192.168.46.58, host: ozone-unit-076618677d3-f4jks-397892598, networkLocation: /default-rack, certSerialId: null}, Type:RATIS, Factor:ONE, State:OPEN]
2019-06-15 09:21:27,954 INFO  impl.RaftServerProxy (RaftServerProxy.java:addNew(89)) - 829ec832-db2a-4eb5-bd86-40769de3ec71: addNew group-83BB2917A2B0:[638def69-e28a-4327-9fda-af5636c8063b:192.168.46.58:46319, acd45e52-0b4d-49e9-94f3-ea4962392d5a:192.168.46.58:40733, 829ec832-db2a-4eb5-bd86-40769de3ec71:192.168.46.58:40067] returns group-83BB2917A2B0:java.util.concurrent.CompletableFuture@598855f[Not completed]
2019-06-15 09:21:27,954 INFO  impl.RaftServerImpl (RaftServerImpl.java:<init>(91)) - 829ec832-db2a-4eb5-bd86-40769de3ec71: new RaftServerImpl for group-83BB2917A2B0:[638def69-e28a-4327-9fda-af5636c8063b:192.168.46.58:46319, acd45e52-0b4d-49e9-94f3-ea4962392d5a:192.168.46.58:40733, 829ec832-db2a-4eb5-bd86-40769de3ec71:192.168.46.58:40067] with ContainerStateMachine:uninitialized
2019-06-15 09:21:27,955 INFO  server.RaftServerConfigKeys (ConfUtils.java:logGet(43)) - raft.server.rpc.timeout.min = 1s (custom)
2019-06-15 09:21:27,955 INFO  server.RaftServerConfigKeys (ConfUtils.java:logGet(43)) - raft.server.rpc.timeout.max = 1200ms (custom)
2019-06-15 09:21:27,955 INFO  server.RaftServerConfigKeys (ConfUtils.java:logGet(43)) - raft.server.rpcslowness.timeout = 120s (custom)
2019-06-15 09:21:27,955 INFO  server.RaftServerConfigKeys (ConfUtils.java:logGet(43)) - raft.server.log.appender.install.snapshot.enabled = true (default)
2019-06-15 09:21:27,955 INFO  impl.RaftServerImpl (ServerState.java:<init>(101)) - 829ec832-db2a-4eb5-bd86-40769de3ec71:group-83BB2917A2B0 ConfigurationManager, init=-1: [638def69-e28a-4327-9fda-af5636c8063b:192.168.46.58:46319, acd45e52-0b4d-49e9-94f3-ea4962392d5a:192.168.46.58:40733, 829ec832-db2a-4eb5-bd86-40769de3ec71:192.168.46.58:40067], old=null, confs=<EMPTY_MAP>
2019-06-15 09:21:27,955 INFO  server.RaftServerConfigKeys (ConfUtils.java:logGet(43)) - raft.server.storage.dir = [/opt/src/hadoop-ozone/integration-test/target/test-dir/MiniOzoneClusterImpl-6d290ed5-2317-4cc3-89ac-ce0ef15d54ec/datanode-5/data/ratis] (custom)
2019-06-15 09:21:27,955 INFO  impl.RaftServerProxy (RaftServerProxy.java:addNew(89)) - acd45e52-0b4d-49e9-94f3-ea4962392d5a: addNew group-83BB2917A2B0:[638def69-e28a-4327-9fda-af5636c8063b:192.168.46.58:46319, acd45e52-0b4d-49e9-94f3-ea4962392d5a:192.168.46.58:40733, 829ec832-db2a-4eb5-bd86-40769de3ec71:192.168.46.58:40067] returns group-83BB2917A2B0:java.util.concurrent.CompletableFuture@31f9f946[Not completed]
2019-06-15 09:21:27,955 INFO  impl.RaftServerProxy (RaftServerProxy.java:addNew(89)) - 638def69-e28a-4327-9fda-af5636c8063b: addNew group-83BB2917A2B0:[638def69-e28a-4327-9fda-af5636c8063b:192.168.46.58:46319, acd45e52-0b4d-49e9-94f3-ea4962392d5a:192.168.46.58:40733, 829ec832-db2a-4eb5-bd86-40769de3ec71:192.168.46.58:40067] returns group-83BB2917A2B0:java.util.concurrent.CompletableFuture@1d430a3c[Not completed]
2019-06-15 09:21:27,955 INFO  storage.RaftStorageDirectory (RaftStorageDirectory.java:analyzeStorage(246)) - The storage directory /opt/src/hadoop-ozone/integration-test/target/test-dir/MiniOzoneClusterImpl-6d290ed5-2317-4cc3-89ac-ce0ef15d54ec/datanode-5/data/ratis/2fc55658-fdc1-4718-aac6-83bb2917a2b0 does not exist. Creating ...
2019-06-15 09:21:27,956 INFO  impl.RaftServerImpl (RaftServerImpl.java:<init>(91)) - acd45e52-0b4d-49e9-94f3-ea4962392d5a: new RaftServerImpl for group-83BB2917A2B0:[638def69-e28a-4327-9fda-af5636c8063b:192.168.46.58:46319, acd45e52-0b4d-49e9-94f3-ea4962392d5a:192.168.46.58:40733, 829ec832-db2a-4eb5-bd86-40769de3ec71:192.168.46.58:40067] with ContainerStateMachine:uninitialized
2019-06-15 09:21:27,956 INFO  server.RaftServerConfigKeys (ConfUtils.java:logGet(43)) - raft.server.rpc.timeout.min = 1s (custom)
2019-06-15 09:21:27,956 INFO  server.RaftServerConfigKeys (ConfUtils.java:logGet(43)) - raft.server.rpc.timeout.max = 1200ms (custom)
2019-06-15 09:21:27,956 INFO  server.RaftServerConfigKeys (ConfUtils.java:logGet(43)) - raft.server.rpcslowness.timeout = 120s (custom)
2019-06-15 09:21:27,956 INFO  impl.RaftServerImpl (RaftServerImpl.java:<init>(91)) - 638def69-e28a-4327-9fda-af5636c8063b: new RaftServerImpl for group-83BB2917A2B0:[638def69-e28a-4327-9fda-af5636c8063b:192.168.46.58:46319, acd45e52-0b4d-49e9-94f3-ea4962392d5a:192.168.46.58:40733, 829ec832-db2a-4eb5-bd86-40769de3ec71:192.168.46.58:40067] with ContainerStateMachine:uninitialized
2019-06-15 09:21:27,956 INFO  server.RaftServerConfigKeys (ConfUtils.java:logGet(43)) - raft.server.log.appender.install.snapshot.enabled = true (default)
2019-06-15 09:21:27,956 INFO  server.RaftServerConfigKeys (ConfUtils.java:logGet(43)) - raft.server.rpc.timeout.min = 1s (custom)
2019-06-15 09:21:27,956 INFO  impl.RaftServerImpl (ServerState.java:<init>(101)) - acd45e52-0b4d-49e9-94f3-ea4962392d5a:group-83BB2917A2B0 ConfigurationManager, init=-1: [638def69-e28a-4327-9fda-af5636c8063b:192.168.46.58:46319, acd45e52-0b4d-49e9-94f3-ea4962392d5a:192.168.46.58:40733, 829ec832-db2a-4eb5-bd86-40769de3ec71:192.168.46.58:40067], old=null, confs=<EMPTY_MAP>
2019-06-15 09:21:27,956 INFO  server.RaftServerConfigKeys (ConfUtils.java:logGet(43)) - raft.server.rpc.timeout.max = 1200ms (custom)
2019-06-15 09:21:27,957 INFO  server.RaftServerConfigKeys (ConfUtils.java:logGet(43)) - raft.server.storage.dir = [/opt/src/hadoop-ozone/integration-test/target/test-dir/MiniOzoneClusterImpl-6d290ed5-2317-4cc3-89ac-ce0ef15d54ec/datanode-3/data/ratis] (custom)
2019-06-15 09:21:27,957 INFO  server.RaftServerConfigKeys (ConfUtils.java:logGet(43)) - raft.server.rpcslowness.timeout = 120s (custom)
2019-06-15 09:21:27,957 INFO  server.RaftServerConfigKeys (ConfUtils.java:logGet(43)) - raft.server.log.appender.install.snapshot.enabled = true (default)
2019-06-15 09:21:27,957 INFO  storage.RaftStorageDirectory (RaftStorageDirectory.java:analyzeStorage(246)) - The storage directory /opt/src/hadoop-ozone/integration-test/target/test-dir/MiniOzoneClusterImpl-6d290ed5-2317-4cc3-89ac-ce0ef15d54ec/datanode-3/data/ratis/2fc55658-fdc1-4718-aac6-83bb2917a2b0 does not exist. Creating ...
2019-06-15 09:21:27,957 INFO  impl.RaftServerImpl (ServerState.java:<init>(101)) - 638def69-e28a-4327-9fda-af5636c8063b:group-83BB2917A2B0 ConfigurationManager, init=-1: [638def69-e28a-4327-9fda-af5636c8063b:192.168.46.58:46319, acd45e52-0b4d-49e9-94f3-ea4962392d5a:192.168.46.58:40733, 829ec832-db2a-4eb5-bd86-40769de3ec71:192.168.46.58:40067], old=null, confs=<EMPTY_MAP>
2019-06-15 09:21:27,957 INFO  server.RaftServerConfigKeys (ConfUtils.java:logGet(43)) - raft.server.storage.dir = [/opt/src/hadoop-ozone/integration-test/target/test-dir/MiniOzoneClusterImpl-6d290ed5-2317-4cc3-89ac-ce0ef15d54ec/datanode-4/data/ratis] (custom)
2019-06-15 09:21:27,957 INFO  storage.RaftStorageDirectory (RaftStorageDirectory.java:analyzeStorage(246)) - The storage directory /opt/src/hadoop-ozone/integration-test/target/test-dir/MiniOzoneClusterImpl-6d290ed5-2317-4cc3-89ac-ce0ef15d54ec/datanode-4/data/ratis/2fc55658-fdc1-4718-aac6-83bb2917a2b0 does not exist. Creating ...
2019-06-15 09:21:27,958 INFO  storage.RaftStorageDirectory (RaftStorageDirectory.java:tryLock(328)) - Lock on /opt/src/hadoop-ozone/integration-test/target/test-dir/MiniOzoneClusterImpl-6d290ed5-2317-4cc3-89ac-ce0ef15d54ec/datanode-5/data/ratis/2fc55658-fdc1-4718-aac6-83bb2917a2b0/in_use.lock acquired by nodename 20248@ozone-unit-076618677d3-f4jks-397892598
2019-06-15 09:21:27,959 INFO  storage.RaftStorageDirectory (RaftStorageDirectory.java:tryLock(328)) - Lock on /opt/src/hadoop-ozone/integration-test/target/test-dir/MiniOzoneClusterImpl-6d290ed5-2317-4cc3-89ac-ce0ef15d54ec/datanode-4/data/ratis/2fc55658-fdc1-4718-aac6-83bb2917a2b0/in_use.lock acquired by nodename 20248@ozone-unit-076618677d3-f4jks-397892598
2019-06-15 09:21:27,959 INFO  storage.RaftStorageDirectory (RaftStorageDirectory.java:tryLock(328)) - Lock on /opt/src/hadoop-ozone/integration-test/target/test-dir/MiniOzoneClusterImpl-6d290ed5-2317-4cc3-89ac-ce0ef15d54ec/datanode-3/data/ratis/2fc55658-fdc1-4718-aac6-83bb2917a2b0/in_use.lock acquired by nodename 20248@ozone-unit-076618677d3-f4jks-397892598
2019-06-15 09:21:27,961 INFO  storage.RaftStorage (RaftStorage.java:format(75)) - Storage directory /opt/src/hadoop-ozone/integration-test/target/test-dir/MiniOzoneClusterImpl-6d290ed5-2317-4cc3-89ac-ce0ef15d54ec/datanode-5/data/ratis/2fc55658-fdc1-4718-aac6-83bb2917a2b0 has been successfully formatted.
2019-06-15 09:21:27,962 INFO  ratis.ContainerStateMachine (ContainerStateMachine.java:loadSnapshot(199)) - The snapshot info is null.Setting the last applied index to:(t:0, i:~)
2019-06-15 09:21:27,962 INFO  server.RaftServerConfigKeys (ConfUtils.java:logGet(43)) - raft.server.leader.election.timeout = 120s (custom)
2019-06-15 09:21:27,962 INFO  server.RaftServerConfigKeys (ConfUtils.java:logGet(43)) - raft.server.log.use.memory = false (default)
2019-06-15 09:21:27,962 INFO  server.RaftServerConfigKeys (ConfUtils.java:logGet(43)) - raft.server.log.appender.buffer.byte-limit = 33554432 (custom)
2019-06-15 09:21:27,962 INFO  storage.RaftStorage (RaftStorage.java:format(75)) - Storage directory /opt/src/hadoop-ozone/integration-test/target/test-dir/MiniOzoneClusterImpl-6d290ed5-2317-4cc3-89ac-ce0ef15d54ec/datanode-3/data/ratis/2fc55658-fdc1-4718-aac6-83bb2917a2b0 has been successfully formatted.
2019-06-15 09:21:27,962 INFO  storage.RaftStorage (RaftStorage.java:format(75)) - Storage directory /opt/src/hadoop-ozone/integration-test/target/test-dir/MiniOzoneClusterImpl-6d290ed5-2317-4cc3-89ac-ce0ef15d54ec/datanode-4/data/ratis/2fc55658-fdc1-4718-aac6-83bb2917a2b0 has been successfully formatted.
2019-06-15 09:21:27,962 INFO  server.RaftServerConfigKeys (ConfUtils.java:logGet(43)) - raft.server.log.segment.size.max = 16384 (custom)
2019-06-15 09:21:27,962 INFO  ratis.ContainerStateMachine (ContainerStateMachine.java:loadSnapshot(199)) - The snapshot info is null.Setting the last applied index to:(t:0, i:~)
2019-06-15 09:21:27,962 INFO  ratis.ContainerStateMachine (ContainerStateMachine.java:loadSnapshot(199)) - The snapshot info is null.Setting the last applied index to:(t:0, i:~)
2019-06-15 09:21:27,962 INFO  server.RaftServerConfigKeys (ConfUtils.java:logGet(43)) - raft.server.leader.election.timeout = 120s (custom)
2019-06-15 09:21:27,962 INFO  server.RaftServerConfigKeys (ConfUtils.java:logGet(43)) - raft.server.log.segment.cache.num.max = 2 (custom)
2019-06-15 09:21:27,962 INFO  server.RaftServerConfigKeys (ConfUtils.java:logGet(43)) - raft.server.log.use.memory = false (default)
2019-06-15 09:21:27,962 INFO  server.RaftServerConfigKeys (ConfUtils.java:logGet(43)) - raft.server.leader.election.timeout = 120s (custom)
2019-06-15 09:21:27,963 INFO  server.RaftServerConfigKeys (ConfUtils.java:logGet(43)) - raft.server.log.appender.buffer.byte-limit = 33554432 (custom)
2019-06-15 09:21:27,963 INFO  storage.RaftLogWorker (RaftLogWorker.java:<init>(123)) - new 829ec832-db2a-4eb5-bd86-40769de3ec71-RaftLogWorker for Storage Directory /opt/src/hadoop-ozone/integration-test/target/test-dir/MiniOzoneClusterImpl-6d290ed5-2317-4cc3-89ac-ce0ef15d54ec/datanode-5/data/ratis/2fc55658-fdc1-4718-aac6-83bb2917a2b0
2019-06-15 09:21:27,963 INFO  server.RaftServerConfigKeys (ConfUtils.java:logGet(43)) - raft.server.log.segment.size.max = 16384 (custom)
2019-06-15 09:21:27,963 INFO  server.RaftServerConfigKeys (ConfUtils.java:logGet(43)) - raft.server.log.use.memory = false (default)
2019-06-15 09:21:27,963 INFO  server.RaftServerConfigKeys (ConfUtils.java:logGet(43)) - raft.server.log.queue.byte-limit = 2147483647 (custom)
2019-06-15 09:21:27,963 INFO  server.RaftServerConfigKeys (ConfUtils.java:logGet(43)) - raft.server.log.segment.cache.num.max = 2 (custom)
2019-06-15 09:21:27,963 INFO  storage.RaftLogWorker (RaftLogWorker.java:<init>(123)) - new 638def69-e28a-4327-9fda-af5636c8063b-RaftLogWorker for Storage Directory /opt/src/hadoop-ozone/integration-test/target/test-dir/MiniOzoneClusterImpl-6d290ed5-2317-4cc3-89ac-ce0ef15d54ec/datanode-4/data/ratis/2fc55658-fdc1-4718-aac6-83bb2917a2b0
2019-06-15 09:21:27,963 INFO  server.RaftServerConfigKeys (ConfUtils.java:logGet(43)) - raft.server.log.queue.element-limit = 1024 (custom)
2019-06-15 09:21:27,963 INFO  server.RaftServerConfigKeys (ConfUtils.java:logGet(43)) - raft.server.log.appender.buffer.byte-limit = 33554432 (custom)
2019-06-15 09:21:27,963 INFO  server.RaftServerConfigKeys (ConfUtils.java:logGet(43)) - raft.server.log.segment.size.max = 16384 (custom)
2019-06-15 09:21:27,963 INFO  server.RaftServerConfigKeys (ConfUtils.java:logGet(43)) - raft.server.log.queue.byte-limit = 2147483647 (custom)
2019-06-15 09:21:27,964 INFO  server.RaftServerConfigKeys (ConfUtils.java:logGet(43)) - raft.server.log.preallocated.size = 16384 (custom)
2019-06-15 09:21:27,963 INFO  server.RaftServerConfigKeys (ConfUtils.java:logGet(43)) - raft.server.log.segment.size.max = 16384 (custom)
2019-06-15 09:21:27,964 INFO  server.RaftServerConfigKeys (ConfUtils.java:logGet(43)) - raft.server.log.write.buffer.size = 33554432 (custom)
2019-06-15 09:21:27,964 INFO  server.RaftServerConfigKeys (ConfUtils.java:logGet(43)) - raft.server.log.queue.element-limit = 1024 (custom)
2019-06-15 09:21:27,964 INFO  server.RaftServerConfigKeys (ConfUtils.java:logGet(43)) - raft.server.log.force.sync.num = 128 (default)
2019-06-15 09:21:27,964 INFO  server.RaftServerConfigKeys (ConfUtils.java:logGet(43)) - raft.server.log.segment.cache.num.max = 2 (custom)
2019-06-15 09:21:27,964 INFO  server.RaftServerConfigKeys (ConfUtils.java:logGet(43)) - raft.server.log.statemachine.data.sync = true (default)
2019-06-15 09:21:27,964 INFO  server.RaftServerConfigKeys (ConfUtils.java:logGet(43)) - raft.server.log.segment.size.max = 16384 (custom)
2019-06-15 09:21:27,964 INFO  server.RaftServerConfigKeys (ConfUtils.java:logGet(43)) - raft.server.log.statemachine.data.sync.timeout = 10s (default)
2019-06-15 09:21:27,964 INFO  storage.RaftLogWorker (RaftLogWorker.java:<init>(123)) - new acd45e52-0b4d-49e9-94f3-ea4962392d5a-RaftLogWorker for Storage Directory /opt/src/hadoop-ozone/integration-test/target/test-dir/MiniOzoneClusterImpl-6d290ed5-2317-4cc3-89ac-ce0ef15d54ec/datanode-3/data/ratis/2fc55658-fdc1-4718-aac6-83bb2917a2b0
2019-06-15 09:21:27,964 INFO  server.RaftServerConfigKeys (ConfUtils.java:logGet(43)) - raft.server.log.statemachine.data.sync.timeout.retry = -1 (default)
2019-06-15 09:21:27,964 INFO  server.RaftServerConfigKeys (ConfUtils.java:logGet(43)) - raft.server.log.preallocated.size = 16384 (custom)
2019-06-15 09:21:27,965 INFO  server.RaftServerConfigKeys (ConfUtils.java:logGet(43)) - raft.server.log.statemachine.data.caching.enabled = true (custom)
2019-06-15 09:21:27,964 INFO  server.RaftServerConfigKeys (ConfUtils.java:logGet(43)) - raft.server.log.queue.byte-limit = 2147483647 (custom)
2019-06-15 09:21:27,965 INFO  server.RaftServerConfigKeys (ConfUtils.java:logGet(43)) - raft.server.log.queue.element-limit = 1024 (custom)
2019-06-15 09:21:27,965 INFO  server.RaftServerConfigKeys (ConfUtils.java:logGet(43)) - raft.server.log.segment.size.max = 16384 (custom)
2019-06-15 09:21:27,965 INFO  server.RaftServerConfigKeys (ConfUtils.java:logGet(43)) - raft.server.log.preallocated.size = 16384 (custom)
2019-06-15 09:21:27,965 INFO  server.RaftServerConfigKeys (ConfUtils.java:logGet(43)) - raft.server.log.write.buffer.size = 33554432 (custom)
2019-06-15 09:21:27,965 INFO  server.RaftServerConfigKeys (ConfUtils.java:logGet(43)) - raft.server.log.force.sync.num = 128 (default)
2019-06-15 09:21:27,965 INFO  server.RaftServerConfigKeys (ConfUtils.java:logGet(43)) - raft.server.log.statemachine.data.sync = true (default)
2019-06-15 09:21:27,965 INFO  server.RaftServerConfigKeys (ConfUtils.java:logGet(43)) - raft.server.log.statemachine.data.sync.timeout = 10s (default)
2019-06-15 09:21:27,965 INFO  server.RaftServerConfigKeys (ConfUtils.java:logGet(43)) - raft.server.log.statemachine.data.sync.timeout.retry = -1 (default)
2019-06-15 09:21:27,965 INFO  server.RaftServerConfigKeys (ConfUtils.java:logGet(43)) - raft.server.log.write.buffer.size = 33554432 (custom)
2019-06-15 09:21:27,965 INFO  server.RaftServerConfigKeys (ConfUtils.java:logGet(43)) - raft.server.log.statemachine.data.caching.enabled = true (custom)
2019-06-15 09:21:27,965 INFO  server.RaftServerConfigKeys (ConfUtils.java:logGet(43)) - raft.server.snapshot.auto.trigger.enabled = true (custom)
2019-06-15 09:21:27,965 INFO  server.RaftServerConfigKeys (ConfUtils.java:logGet(43)) - raft.server.log.force.sync.num = 128 (default)
2019-06-15 09:21:27,966 INFO  server.RaftServerConfigKeys (ConfUtils.java:logGet(43)) - raft.server.snapshot.auto.trigger.enabled = true (custom)
2019-06-15 09:21:27,966 INFO  server.RaftServerConfigKeys (ConfUtils.java:logGet(43)) - raft.server.snapshot.auto.trigger.threshold = 10000 (custom)
2019-06-15 09:21:27,966 INFO  server.RaftServerConfigKeys (ConfUtils.java:logGet(43)) - raft.server.snapshot.auto.trigger.threshold = 10000 (custom)
2019-06-15 09:21:27,966 INFO  server.RaftServerConfigKeys (ConfUtils.java:logGet(43)) - raft.server.log.statemachine.data.sync = true (default)
2019-06-15 09:21:27,966 INFO  server.RaftServerConfigKeys (ConfUtils.java:logGet(43)) - raft.server.log.statemachine.data.sync.timeout = 10s (default)
2019-06-15 09:21:27,966 INFO  server.RaftServerConfigKeys (ConfUtils.java:logGet(43)) - raft.server.log.statemachine.data.sync.timeout.retry = -1 (default)
2019-06-15 09:21:27,966 INFO  server.RaftServerConfigKeys (ConfUtils.java:logGet(43)) - raft.server.retrycache.expirytime = 600000ms (custom)
2019-06-15 09:21:27,966 INFO  server.RaftServerConfigKeys (ConfUtils.java:logGet(43)) - raft.server.retrycache.expirytime = 600000ms (custom)
2019-06-15 09:21:27,966 INFO  impl.RaftServerImpl (RaftServerImpl.java:start(173)) - acd45e52-0b4d-49e9-94f3-ea4962392d5a: start group-83BB2917A2B0
2019-06-15 09:21:27,966 INFO  server.RaftServerConfigKeys (ConfUtils.java:logGet(43)) - raft.server.log.statemachine.data.caching.enabled = true (custom)
2019-06-15 09:21:27,967 INFO  impl.RaftServerImpl (RaftServerImpl.java:setRole(164)) - acd45e52-0b4d-49e9-94f3-ea4962392d5a:group-83BB2917A2B0 changes role from null to FOLLOWER at term 0 for startAsFollower
2019-06-15 09:21:27,966 INFO  impl.RaftServerImpl (RaftServerImpl.java:start(173)) - 829ec832-db2a-4eb5-bd86-40769de3ec71: start group-83BB2917A2B0
2019-06-15 09:21:27,967 INFO  impl.RaftServerImpl (RaftServerImpl.java:setRole(164)) - 829ec832-db2a-4eb5-bd86-40769de3ec71:group-83BB2917A2B0 changes role from null to FOLLOWER at term 0 for startAsFollower
2019-06-15 09:21:27,967 INFO  server.RaftServerConfigKeys (ConfUtils.java:logGet(43)) - raft.server.snapshot.auto.trigger.enabled = true (custom)
2019-06-15 09:21:27,967 INFO  impl.RoleInfo (RoleInfo.java:updateAndGet(143)) - acd45e52-0b4d-49e9-94f3-ea4962392d5a: start FollowerState
2019-06-15 09:21:27,967 INFO  server.RaftServerConfigKeys (ConfUtils.java:logGet(43)) - raft.server.snapshot.auto.trigger.threshold = 10000 (custom)
2019-06-15 09:21:27,967 INFO  server.RaftServerConfigKeys (ConfUtils.java:logGet(43)) - raft.server.retrycache.expirytime = 600000ms (custom)
2019-06-15 09:21:27,967 INFO  impl.RoleInfo (RoleInfo.java:updateAndGet(143)) - 829ec832-db2a-4eb5-bd86-40769de3ec71: start FollowerState
2019-06-15 09:21:27,967 INFO  impl.RaftServerImpl (RaftServerImpl.java:start(173)) - 638def69-e28a-4327-9fda-af5636c8063b: start group-83BB2917A2B0
2019-06-15 09:21:27,967 INFO  util.JmxRegister (JmxRegister.java:tryRegister(44)) - Successfully registered JMX Bean with object name Ratis:service=RaftServer,group=group-83BB2917A2B0,id=acd45e52-0b4d-49e9-94f3-ea4962392d5a
2019-06-15 09:21:27,968 INFO  impl.RaftServerImpl (RaftServerImpl.java:setRole(164)) - 638def69-e28a-4327-9fda-af5636c8063b:group-83BB2917A2B0 changes role from null to FOLLOWER at term 0 for startAsFollower
2019-06-15 09:21:27,968 INFO  util.JmxRegister (JmxRegister.java:tryRegister(44)) - Successfully registered JMX Bean with object name Ratis:service=RaftServer,group=group-83BB2917A2B0,id=829ec832-db2a-4eb5-bd86-40769de3ec71
2019-06-15 09:21:27,968 INFO  impl.RoleInfo (RoleInfo.java:updateAndGet(143)) - 638def69-e28a-4327-9fda-af5636c8063b: start FollowerState
2019-06-15 09:21:27,968 INFO  util.JmxRegister (JmxRegister.java:tryRegister(44)) - Successfully registered JMX Bean with object name Ratis:service=RaftServer,group=group-83BB2917A2B0,id=638def69-e28a-4327-9fda-af5636c8063b
2019-06-15 09:21:27,972 INFO  pipeline.PipelineStateManager (PipelineStateManager.java:addPipeline(56)) - Created pipeline Pipeline[ Id: 2fc55658-fdc1-4718-aac6-83bb2917a2b0, Nodes: 829ec832-db2a-4eb5-bd86-40769de3ec71{ip: 192.168.46.58, host: ozone-unit-076618677d3-f4jks-397892598, networkLocation: /default-rack, certSerialId: null}638def69-e28a-4327-9fda-af5636c8063b{ip: 192.168.46.58, host: ozone-unit-076618677d3-f4jks-397892598, networkLocation: /default-rack, certSerialId: null}acd45e52-0b4d-49e9-94f3-ea4962392d5a{ip: 192.168.46.58, host: ozone-unit-076618677d3-f4jks-397892598, networkLocation: /default-rack, certSerialId: null}, Type:RATIS, Factor:THREE, State:OPEN]
2019-06-15 09:21:27,992 INFO  impl.FollowerState (FollowerState.java:run(101)) - 8b698aba-6fc8-4d44-bf35-b7703e11838d:group-A4342423066E changes to CANDIDATE, lastRpcTime:1146, electionTimeout:1146ms
2019-06-15 09:21:27,992 INFO  impl.RoleInfo (RoleInfo.java:shutdownFollowerState(121)) - 8b698aba-6fc8-4d44-bf35-b7703e11838d: shutdown FollowerState
2019-06-15 09:21:27,992 INFO  impl.RaftServerImpl (RaftServerImpl.java:setRole(164)) - 8b698aba-6fc8-4d44-bf35-b7703e11838d:group-A4342423066E changes role from FOLLOWER to CANDIDATE at term 0 for changeToCandidate
2019-06-15 09:21:27,992 INFO  impl.RoleInfo (RoleInfo.java:updateAndGet(143)) - 8b698aba-6fc8-4d44-bf35-b7703e11838d: start LeaderElection
2019-06-15 09:21:27,998 INFO  impl.LeaderElection (LeaderElection.java:askForVotes(181)) - 8b698aba-6fc8-4d44-bf35-b7703e11838d:group-A4342423066E:LeaderElection34: begin an election at term 1 for -1: [8b698aba-6fc8-4d44-bf35-b7703e11838d:192.168.46.58:43173], old=null
2019-06-15 09:21:28,000 INFO  impl.RoleInfo (RoleInfo.java:shutdownLeaderElection(134)) - 8b698aba-6fc8-4d44-bf35-b7703e11838d: shutdown LeaderElection
2019-06-15 09:21:28,000 INFO  impl.RaftServerImpl (RaftServerImpl.java:setRole(164)) - 8b698aba-6fc8-4d44-bf35-b7703e11838d:group-A4342423066E changes role from CANDIDATE to LEADER at term 1 for changeToLeader
2019-06-15 09:21:28,000 INFO  impl.RaftServerImpl (ServerState.java:setLeader(263)) - 8b698aba-6fc8-4d44-bf35-b7703e11838d:group-A4342423066E change Leader from null to 8b698aba-6fc8-4d44-bf35-b7703e11838d at term 1 for becomeLeader, leader elected after 1156ms
2019-06-15 09:21:28,000 INFO  server.RaftServerConfigKeys (ConfUtils.java:logGet(43)) - raft.server.staging.catchup.gap = 1000 (default)
2019-06-15 09:21:28,000 INFO  server.RaftServerConfigKeys (ConfUtils.java:logGet(43)) - raft.server.rpc.sleep.time = 25ms (default)
2019-06-15 09:21:28,000 INFO  server.RaftServerConfigKeys (ConfUtils.java:logGet(43)) - raft.server.watch.timeout = 10s (default)
2019-06-15 09:21:28,000 INFO  server.RaftServerConfigKeys (ConfUtils.java:logGet(43)) - raft.server.watch.timeout.denomination = 1s (default)
2019-06-15 09:21:28,000 INFO  impl.RoleInfo (RoleInfo.java:updateAndGet(143)) - 8b698aba-6fc8-4d44-bf35-b7703e11838d: start LeaderState
2019-06-15 09:21:28,000 INFO  storage.RaftLogWorker (RaftLogWorker.java:startLogSegment(298)) - 8b698aba-6fc8-4d44-bf35-b7703e11838d-RaftLogWorker: Starting segment from index:0
2019-06-15 09:21:28,001 INFO  impl.RaftServerImpl (ServerState.java:setRaftConf(361)) - 8b698aba-6fc8-4d44-bf35-b7703e11838d:group-A4342423066E set configuration 0: [8b698aba-6fc8-4d44-bf35-b7703e11838d:192.168.46.58:43173], old=null at 0
2019-06-15 09:21:28,039 INFO  storage.RaftLogWorker (RaftLogWorker.java:execute(469)) - 8b698aba-6fc8-4d44-bf35-b7703e11838d-RaftLogWorker: created new log segment /opt/src/hadoop-ozone/integration-test/target/test-dir/MiniOzoneClusterImpl-6d290ed5-2317-4cc3-89ac-ce0ef15d54ec/datanode-0/data/ratis/86267bd7-1e3a-483d-b4f0-a4342423066e/current/log_inprogress_0
2019-06-15 09:21:28,094 INFO  ozone.MiniOzoneClusterImpl (MiniOzoneClusterImpl.java:lambda$waitForClusterToBeReady$0(142)) - Waiting for cluster to be ready. Got 6 of 7 DN Heartbeats.
2019-06-15 09:21:28,095 INFO  node.SCMNodeManager (SCMNodeManager.java:register(269)) - Registered Data node : 60454033-bfab-4bad-814c-f4ed611ad0f5{ip: 192.168.46.58, host: ozone-unit-076618677d3-f4jks-397892598, networkLocation: /default-rack, certSerialId: null}
2019-06-15 09:21:28,105 INFO  impl.RaftServerProxy (RaftServerProxy.java:addNew(89)) - 60454033-bfab-4bad-814c-f4ed611ad0f5: addNew group-A5936B12541A:[60454033-bfab-4bad-814c-f4ed611ad0f5:192.168.46.58:40829] returns group-A5936B12541A:java.util.concurrent.CompletableFuture@1d30ac63[Not completed]
2019-06-15 09:21:28,106 INFO  impl.RaftServerImpl (RaftServerImpl.java:<init>(91)) - 60454033-bfab-4bad-814c-f4ed611ad0f5: new RaftServerImpl for group-A5936B12541A:[60454033-bfab-4bad-814c-f4ed611ad0f5:192.168.46.58:40829] with ContainerStateMachine:uninitialized
2019-06-15 09:21:28,106 INFO  server.RaftServerConfigKeys (ConfUtils.java:logGet(43)) - raft.server.rpc.timeout.min = 1s (custom)
2019-06-15 09:21:28,106 INFO  server.RaftServerConfigKeys (ConfUtils.java:logGet(43)) - raft.server.rpc.timeout.max = 1200ms (custom)
2019-06-15 09:21:28,107 INFO  server.RaftServerConfigKeys (ConfUtils.java:logGet(43)) - raft.server.rpcslowness.timeout = 120s (custom)
2019-06-15 09:21:28,107 INFO  server.RaftServerConfigKeys (ConfUtils.java:logGet(43)) - raft.server.log.appender.install.snapshot.enabled = true (default)
2019-06-15 09:21:28,107 INFO  impl.RaftServerImpl (ServerState.java:<init>(101)) - 60454033-bfab-4bad-814c-f4ed611ad0f5:group-A5936B12541A ConfigurationManager, init=-1: [60454033-bfab-4bad-814c-f4ed611ad0f5:192.168.46.58:40829], old=null, confs=<EMPTY_MAP>
2019-06-15 09:21:28,107 INFO  server.RaftServerConfigKeys (ConfUtils.java:logGet(43)) - raft.server.storage.dir = [/opt/src/hadoop-ozone/integration-test/target/test-dir/MiniOzoneClusterImpl-6d290ed5-2317-4cc3-89ac-ce0ef15d54ec/datanode-6/data/ratis] (custom)
2019-06-15 09:21:28,107 INFO  storage.RaftStorageDirectory (RaftStorageDirectory.java:analyzeStorage(246)) - The storage directory /opt/src/hadoop-ozone/integration-test/target/test-dir/MiniOzoneClusterImpl-6d290ed5-2317-4cc3-89ac-ce0ef15d54ec/datanode-6/data/ratis/04c03f09-7ab3-4940-8474-a5936b12541a does not exist. Creating ...
2019-06-15 09:21:28,109 INFO  storage.RaftStorageDirectory (RaftStorageDirectory.java:tryLock(328)) - Lock on /opt/src/hadoop-ozone/integration-test/target/test-dir/MiniOzoneClusterImpl-6d290ed5-2317-4cc3-89ac-ce0ef15d54ec/datanode-6/data/ratis/04c03f09-7ab3-4940-8474-a5936b12541a/in_use.lock acquired by nodename 20248@ozone-unit-076618677d3-f4jks-397892598
2019-06-15 09:21:28,112 INFO  storage.RaftStorage (RaftStorage.java:format(75)) - Storage directory /opt/src/hadoop-ozone/integration-test/target/test-dir/MiniOzoneClusterImpl-6d290ed5-2317-4cc3-89ac-ce0ef15d54ec/datanode-6/data/ratis/04c03f09-7ab3-4940-8474-a5936b12541a has been successfully formatted.
2019-06-15 09:21:28,112 INFO  ratis.ContainerStateMachine (ContainerStateMachine.java:loadSnapshot(199)) - The snapshot info is null.Setting the last applied index to:(t:0, i:~)
2019-06-15 09:21:28,112 INFO  server.RaftServerConfigKeys (ConfUtils.java:logGet(43)) - raft.server.leader.election.timeout = 120s (custom)
2019-06-15 09:21:28,112 INFO  server.RaftServerConfigKeys (ConfUtils.java:logGet(43)) - raft.server.log.use.memory = false (default)
2019-06-15 09:21:28,112 INFO  server.RaftServerConfigKeys (ConfUtils.java:logGet(43)) - raft.server.log.appender.buffer.byte-limit = 33554432 (custom)
2019-06-15 09:21:28,112 INFO  server.RaftServerConfigKeys (ConfUtils.java:logGet(43)) - raft.server.log.segment.size.max = 16384 (custom)
2019-06-15 09:21:28,112 INFO  server.RaftServerConfigKeys (ConfUtils.java:logGet(43)) - raft.server.log.segment.cache.num.max = 2 (custom)
2019-06-15 09:21:28,112 INFO  storage.RaftLogWorker (RaftLogWorker.java:<init>(123)) - new 60454033-bfab-4bad-814c-f4ed611ad0f5-RaftLogWorker for Storage Directory /opt/src/hadoop-ozone/integration-test/target/test-dir/MiniOzoneClusterImpl-6d290ed5-2317-4cc3-89ac-ce0ef15d54ec/datanode-6/data/ratis/04c03f09-7ab3-4940-8474-a5936b12541a
2019-06-15 09:21:28,112 INFO  server.RaftServerConfigKeys (ConfUtils.java:logGet(43)) - raft.server.log.queue.byte-limit = 2147483647 (custom)
2019-06-15 09:21:28,113 INFO  server.RaftServerConfigKeys (ConfUtils.java:logGet(43)) - raft.server.log.queue.element-limit = 1024 (custom)
2019-06-15 09:21:28,113 INFO  server.RaftServerConfigKeys (ConfUtils.java:logGet(43)) - raft.server.log.segment.size.max = 16384 (custom)
2019-06-15 09:21:28,113 INFO  server.RaftServerConfigKeys (ConfUtils.java:logGet(43)) - raft.server.log.preallocated.size = 16384 (custom)
2019-06-15 09:21:28,113 INFO  server.RaftServerConfigKeys (ConfUtils.java:logGet(43)) - raft.server.log.write.buffer.size = 33554432 (custom)
2019-06-15 09:21:28,113 INFO  server.RaftServerConfigKeys (ConfUtils.java:logGet(43)) - raft.server.log.force.sync.num = 128 (default)
2019-06-15 09:21:28,113 INFO  server.RaftServerConfigKeys (ConfUtils.java:logGet(43)) - raft.server.log.statemachine.data.sync = true (default)
2019-06-15 09:21:28,113 INFO  server.RaftServerConfigKeys (ConfUtils.java:logGet(43)) - raft.server.log.statemachine.data.sync.timeout = 10s (default)
2019-06-15 09:21:28,113 INFO  server.RaftServerConfigKeys (ConfUtils.java:logGet(43)) - raft.server.log.statemachine.data.sync.timeout.retry = -1 (default)
2019-06-15 09:21:28,113 INFO  server.RaftServerConfigKeys (ConfUtils.java:logGet(43)) - raft.server.log.statemachine.data.caching.enabled = true (custom)
2019-06-15 09:21:28,114 INFO  server.RaftServerConfigKeys (ConfUtils.java:logGet(43)) - raft.server.snapshot.auto.trigger.enabled = true (custom)
2019-06-15 09:21:28,114 INFO  server.RaftServerConfigKeys (ConfUtils.java:logGet(43)) - raft.server.snapshot.auto.trigger.threshold = 10000 (custom)
2019-06-15 09:21:28,114 INFO  server.RaftServerConfigKeys (ConfUtils.java:logGet(43)) - raft.server.retrycache.expirytime = 600000ms (custom)
2019-06-15 09:21:28,114 INFO  impl.RaftServerImpl (RaftServerImpl.java:start(173)) - 60454033-bfab-4bad-814c-f4ed611ad0f5: start group-A5936B12541A
2019-06-15 09:21:28,114 INFO  impl.RaftServerImpl (RaftServerImpl.java:setRole(164)) - 60454033-bfab-4bad-814c-f4ed611ad0f5:group-A5936B12541A changes role from null to FOLLOWER at term 0 for startAsFollower
2019-06-15 09:21:28,114 INFO  impl.RoleInfo (RoleInfo.java:updateAndGet(143)) - 60454033-bfab-4bad-814c-f4ed611ad0f5: start FollowerState
2019-06-15 09:21:28,115 INFO  util.JmxRegister (JmxRegister.java:tryRegister(44)) - Successfully registered JMX Bean with object name Ratis:service=RaftServer,group=group-A5936B12541A,id=60454033-bfab-4bad-814c-f4ed611ad0f5
2019-06-15 09:21:28,122 INFO  pipeline.PipelineStateManager (PipelineStateManager.java:addPipeline(56)) - Created pipeline Pipeline[ Id: 04c03f09-7ab3-4940-8474-a5936b12541a, Nodes: 60454033-bfab-4bad-814c-f4ed611ad0f5{ip: 192.168.46.58, host: ozone-unit-076618677d3-f4jks-397892598, networkLocation: /default-rack, certSerialId: null}, Type:RATIS, Factor:ONE, State:OPEN]
2019-06-15 09:21:28,299 INFO  impl.FollowerState (FollowerState.java:run(101)) - 747ae0bf-a915-4b00-89fa-ee0108affcd5:group-CD5F8A0FB232 changes to CANDIDATE, lastRpcTime:1162, electionTimeout:1162ms
2019-06-15 09:21:28,299 INFO  impl.RoleInfo (RoleInfo.java:shutdownFollowerState(121)) - 747ae0bf-a915-4b00-89fa-ee0108affcd5: shutdown FollowerState
2019-06-15 09:21:28,299 INFO  impl.RaftServerImpl (RaftServerImpl.java:setRole(164)) - 747ae0bf-a915-4b00-89fa-ee0108affcd5:group-CD5F8A0FB232 changes role from FOLLOWER to CANDIDATE at term 0 for changeToCandidate
2019-06-15 09:21:28,299 INFO  impl.RoleInfo (RoleInfo.java:updateAndGet(143)) - 747ae0bf-a915-4b00-89fa-ee0108affcd5: start LeaderElection
2019-06-15 09:21:28,305 INFO  impl.LeaderElection (LeaderElection.java:askForVotes(181)) - 747ae0bf-a915-4b00-89fa-ee0108affcd5:group-CD5F8A0FB232:LeaderElection35: begin an election at term 1 for -1: [747ae0bf-a915-4b00-89fa-ee0108affcd5:192.168.46.58:42463], old=null
2019-06-15 09:21:28,305 INFO  impl.RoleInfo (RoleInfo.java:shutdownLeaderElection(134)) - 747ae0bf-a915-4b00-89fa-ee0108affcd5: shutdown LeaderElection
2019-06-15 09:21:28,305 INFO  impl.RaftServerImpl (RaftServerImpl.java:setRole(164)) - 747ae0bf-a915-4b00-89fa-ee0108affcd5:group-CD5F8A0FB232 changes role from CANDIDATE to LEADER at term 1 for changeToLeader
2019-06-15 09:21:28,305 INFO  impl.RaftServerImpl (ServerState.java:setLeader(263)) - 747ae0bf-a915-4b00-89fa-ee0108affcd5:group-CD5F8A0FB232 change Leader from null to 747ae0bf-a915-4b00-89fa-ee0108affcd5 at term 1 for becomeLeader, leader elected after 1170ms
2019-06-15 09:21:28,305 INFO  server.RaftServerConfigKeys (ConfUtils.java:logGet(43)) - raft.server.staging.catchup.gap = 1000 (default)
2019-06-15 09:21:28,305 INFO  server.RaftServerConfigKeys (ConfUtils.java:logGet(43)) - raft.server.rpc.sleep.time = 25ms (default)
2019-06-15 09:21:28,305 INFO  server.RaftServerConfigKeys (ConfUtils.java:logGet(43)) - raft.server.watch.timeout = 10s (default)
2019-06-15 09:21:28,305 INFO  server.RaftServerConfigKeys (ConfUtils.java:logGet(43)) - raft.server.watch.timeout.denomination = 1s (default)
2019-06-15 09:21:28,306 INFO  impl.RoleInfo (RoleInfo.java:updateAndGet(143)) - 747ae0bf-a915-4b00-89fa-ee0108affcd5: start LeaderState
2019-06-15 09:21:28,306 INFO  storage.RaftLogWorker (RaftLogWorker.java:startLogSegment(298)) - 747ae0bf-a915-4b00-89fa-ee0108affcd5-RaftLogWorker: Starting segment from index:0
2019-06-15 09:21:28,306 INFO  impl.RaftServerImpl (ServerState.java:setRaftConf(361)) - 747ae0bf-a915-4b00-89fa-ee0108affcd5:group-CD5F8A0FB232 set configuration 0: [747ae0bf-a915-4b00-89fa-ee0108affcd5:192.168.46.58:42463], old=null at 0
2019-06-15 09:21:28,345 INFO  storage.RaftLogWorker (RaftLogWorker.java:execute(469)) - 747ae0bf-a915-4b00-89fa-ee0108affcd5-RaftLogWorker: created new log segment /opt/src/hadoop-ozone/integration-test/target/test-dir/MiniOzoneClusterImpl-6d290ed5-2317-4cc3-89ac-ce0ef15d54ec/datanode-1/data/ratis/857ddb90-8dae-41a6-b50a-cd5f8a0fb232/current/log_inprogress_0
2019-06-15 09:21:28,492 INFO  impl.FollowerState (FollowerState.java:run(101)) - 1213a3aa-5ae3-462e-997a-89eaf4e8c120:group-0480E57361D7 changes to CANDIDATE, lastRpcTime:1066, electionTimeout:1065ms
2019-06-15 09:21:28,493 INFO  impl.RoleInfo (RoleInfo.java:shutdownFollowerState(121)) - 1213a3aa-5ae3-462e-997a-89eaf4e8c120: shutdown FollowerState
2019-06-15 09:21:28,493 INFO  impl.RaftServerImpl (RaftServerImpl.java:setRole(164)) - 1213a3aa-5ae3-462e-997a-89eaf4e8c120:group-0480E57361D7 changes role from FOLLOWER to CANDIDATE at term 0 for changeToCandidate
2019-06-15 09:21:28,493 INFO  impl.RoleInfo (RoleInfo.java:updateAndGet(143)) - 1213a3aa-5ae3-462e-997a-89eaf4e8c120: start LeaderElection
2019-06-15 09:21:28,499 INFO  impl.LeaderElection (LeaderElection.java:askForVotes(181)) - 1213a3aa-5ae3-462e-997a-89eaf4e8c120:group-0480E57361D7:LeaderElection36: begin an election at term 1 for -1: [747ae0bf-a915-4b00-89fa-ee0108affcd5:192.168.46.58:42463, 8b698aba-6fc8-4d44-bf35-b7703e11838d:192.168.46.58:43173, 1213a3aa-5ae3-462e-997a-89eaf4e8c120:192.168.46.58:37287], old=null
2019-06-15 09:21:28,506 INFO  impl.RaftServerImpl (RaftServerImpl.java:setRole(164)) - 8b698aba-6fc8-4d44-bf35-b7703e11838d:group-0480E57361D7 changes role from FOLLOWER to FOLLOWER at term 1 for recognizeCandidate:1213a3aa-5ae3-462e-997a-89eaf4e8c120
2019-06-15 09:21:28,506 INFO  impl.RoleInfo (RoleInfo.java:shutdownFollowerState(121)) - 8b698aba-6fc8-4d44-bf35-b7703e11838d: shutdown FollowerState
2019-06-15 09:21:28,506 INFO  impl.RoleInfo (RoleInfo.java:updateAndGet(143)) - 8b698aba-6fc8-4d44-bf35-b7703e11838d: start FollowerState
2019-06-15 09:21:28,506 INFO  impl.FollowerState (FollowerState.java:run(109)) - 8b698aba-6fc8-4d44-bf35-b7703e11838d: FollowerState was interrupted: java.lang.InterruptedException: sleep interrupted
2019-06-15 09:21:28,508 INFO  impl.RaftServerImpl (RaftServerImpl.java:setRole(164)) - 747ae0bf-a915-4b00-89fa-ee0108affcd5:group-0480E57361D7 changes role from FOLLOWER to FOLLOWER at term 1 for recognizeCandidate:1213a3aa-5ae3-462e-997a-89eaf4e8c120
2019-06-15 09:21:28,508 INFO  impl.RoleInfo (RoleInfo.java:shutdownFollowerState(121)) - 747ae0bf-a915-4b00-89fa-ee0108affcd5: shutdown FollowerState
2019-06-15 09:21:28,508 INFO  impl.RoleInfo (RoleInfo.java:updateAndGet(143)) - 747ae0bf-a915-4b00-89fa-ee0108affcd5: start FollowerState
2019-06-15 09:21:28,508 INFO  impl.FollowerState (FollowerState.java:run(109)) - 747ae0bf-a915-4b00-89fa-ee0108affcd5: FollowerState was interrupted: java.lang.InterruptedException: sleep interrupted
2019-06-15 09:21:28,517 INFO  impl.FollowerState (FollowerState.java:run(101)) - 1213a3aa-5ae3-462e-997a-89eaf4e8c120:group-54D98532E11C changes to CANDIDATE, lastRpcTime:1152, electionTimeout:1152ms
2019-06-15 09:21:28,517 INFO  impl.RoleInfo (RoleInfo.java:shutdownFollowerState(121)) - 1213a3aa-5ae3-462e-997a-89eaf4e8c120: shutdown FollowerState
2019-06-15 09:21:28,517 INFO  impl.RaftServerImpl (RaftServerImpl.java:setRole(164)) - 1213a3aa-5ae3-462e-997a-89eaf4e8c120:group-54D98532E11C changes role from FOLLOWER to CANDIDATE at term 0 for changeToCandidate
2019-06-15 09:21:28,517 INFO  impl.RoleInfo (RoleInfo.java:updateAndGet(143)) - 1213a3aa-5ae3-462e-997a-89eaf4e8c120: start LeaderElection
2019-06-15 09:21:28,517 INFO  impl.LeaderElection (LeaderElection.java:logAndReturn(56)) - 1213a3aa-5ae3-462e-997a-89eaf4e8c120:group-0480E57361D7:LeaderElection36: Election PASSED; received 1 response(s) [1213a3aa-5ae3-462e-997a-89eaf4e8c120->8b698aba-6fc8-4d44-bf35-b7703e11838d,true-t1] and 0 exception(s); 1213a3aa-5ae3-462e-997a-89eaf4e8c120:t1, leader=null, voted=1213a3aa-5ae3-462e-997a-89eaf4e8c120, raftlog=1213a3aa-5ae3-462e-997a-89eaf4e8c120-SegmentedRaftLog:OPENED:c-1,f-1,i0, conf=-1: [747ae0bf-a915-4b00-89fa-ee0108affcd5:192.168.46.58:42463, 8b698aba-6fc8-4d44-bf35-b7703e11838d:192.168.46.58:43173, 1213a3aa-5ae3-462e-997a-89eaf4e8c120:192.168.46.58:37287], old=null
2019-06-15 09:21:28,518 INFO  impl.RoleInfo (RoleInfo.java:shutdownLeaderElection(134)) - 1213a3aa-5ae3-462e-997a-89eaf4e8c120: shutdown LeaderElection
2019-06-15 09:21:28,518 INFO  impl.RaftServerImpl (RaftServerImpl.java:setRole(164)) - 1213a3aa-5ae3-462e-997a-89eaf4e8c120:group-0480E57361D7 changes role from CANDIDATE to LEADER at term 1 for changeToLeader
2019-06-15 09:21:28,518 INFO  impl.RaftServerImpl (ServerState.java:setLeader(263)) - 1213a3aa-5ae3-462e-997a-89eaf4e8c120:group-0480E57361D7 change Leader from null to 1213a3aa-5ae3-462e-997a-89eaf4e8c120 at term 1 for becomeLeader, leader elected after 1106ms
2019-06-15 09:21:28,518 INFO  server.RaftServerConfigKeys (ConfUtils.java:logGet(43)) - raft.server.staging.catchup.gap = 1000 (default)
2019-06-15 09:21:28,518 INFO  server.RaftServerConfigKeys (ConfUtils.java:logGet(43)) - raft.server.rpc.sleep.time = 25ms (default)
2019-06-15 09:21:28,521 INFO  server.RaftServerConfigKeys (ConfUtils.java:logGet(43)) - raft.server.watch.timeout = 10s (default)
2019-06-15 09:21:28,521 INFO  server.RaftServerConfigKeys (ConfUtils.java:logGet(43)) - raft.server.watch.timeout.denomination = 1s (default)
2019-06-15 09:21:28,522 INFO  server.RaftServerConfigKeys (ConfUtils.java:logGet(43)) - raft.server.log.appender.snapshot.chunk.size.max = 16MB (=16777216) (default)
2019-06-15 09:21:28,522 INFO  server.RaftServerConfigKeys (ConfUtils.java:logGet(43)) - raft.server.log.appender.buffer.byte-limit = 33554432 (custom)
2019-06-15 09:21:28,522 INFO  server.RaftServerConfigKeys (ConfUtils.java:logGet(43)) - raft.server.log.appender.buffer.element-limit = 1 (custom)
2019-06-15 09:21:28,522 INFO  grpc.GrpcConfigKeys$Server (ConfUtils.java:logGet(43)) - raft.grpc.server.leader.outstanding.appends.max = 128 (default)
2019-06-15 09:21:28,522 INFO  server.RaftServerConfigKeys (ConfUtils.java:logGet(43)) - raft.server.rpc.request.timeout = 3000ms (default)
2019-06-15 09:21:28,522 INFO  server.RaftServerConfigKeys (ConfUtils.java:logGet(43)) - raft.server.log.appender.install.snapshot.enabled = true (default)
2019-06-15 09:21:28,522 INFO  server.RaftServerConfigKeys (ConfUtils.java:logGet(43)) - raft.server.log.appender.snapshot.chunk.size.max = 16MB (=16777216) (default)
2019-06-15 09:21:28,522 INFO  server.RaftServerConfigKeys (ConfUtils.java:logGet(43)) - raft.server.log.appender.buffer.byte-limit = 33554432 (custom)
2019-06-15 09:21:28,523 INFO  server.RaftServerConfigKeys (ConfUtils.java:logGet(43)) - raft.server.log.appender.buffer.element-limit = 1 (custom)
2019-06-15 09:21:28,523 INFO  grpc.GrpcConfigKeys$Server (ConfUtils.java:logGet(43)) - raft.grpc.server.leader.outstanding.appends.max = 128 (default)
2019-06-15 09:21:28,523 INFO  server.RaftServerConfigKeys (ConfUtils.java:logGet(43)) - raft.server.rpc.request.timeout = 3000ms (default)
2019-06-15 09:21:28,523 INFO  server.RaftServerConfigKeys (ConfUtils.java:logGet(43)) - raft.server.log.appender.install.snapshot.enabled = true (default)
2019-06-15 09:21:28,523 INFO  impl.LeaderElection (LeaderElection.java:askForVotes(181)) - 1213a3aa-5ae3-462e-997a-89eaf4e8c120:group-54D98532E11C:LeaderElection37: begin an election at term 1 for -1: [1213a3aa-5ae3-462e-997a-89eaf4e8c120:192.168.46.58:37287], old=null
2019-06-15 09:21:28,524 INFO  impl.RoleInfo (RoleInfo.java:updateAndGet(143)) - 1213a3aa-5ae3-462e-997a-89eaf4e8c120: start LeaderState
2019-06-15 09:21:28,525 INFO  impl.RoleInfo (RoleInfo.java:shutdownLeaderElection(134)) - 1213a3aa-5ae3-462e-997a-89eaf4e8c120: shutdown LeaderElection
2019-06-15 09:21:28,525 INFO  impl.RaftServerImpl (RaftServerImpl.java:setRole(164)) - 1213a3aa-5ae3-462e-997a-89eaf4e8c120:group-54D98532E11C changes role from CANDIDATE to LEADER at term 1 for changeToLeader
2019-06-15 09:21:28,525 INFO  storage.RaftLogWorker (RaftLogWorker.java:startLogSegment(298)) - 1213a3aa-5ae3-462e-997a-89eaf4e8c120-RaftLogWorker: Starting segment from index:0
2019-06-15 09:21:28,525 INFO  impl.RaftServerImpl (ServerState.java:setLeader(263)) - 1213a3aa-5ae3-462e-997a-89eaf4e8c120:group-54D98532E11C change Leader from null to 1213a3aa-5ae3-462e-997a-89eaf4e8c120 at term 1 for becomeLeader, leader elected after 1163ms
2019-06-15 09:21:28,525 INFO  server.RaftServerConfigKeys (ConfUtils.java:logGet(43)) - raft.server.staging.catchup.gap = 1000 (default)
2019-06-15 09:21:28,525 INFO  server.RaftServerConfigKeys (ConfUtils.java:logGet(43)) - raft.server.rpc.sleep.time = 25ms (default)
2019-06-15 09:21:28,526 INFO  impl.RaftServerImpl (ServerState.java:setRaftConf(361)) - 1213a3aa-5ae3-462e-997a-89eaf4e8c120:group-0480E57361D7 set configuration 0: [747ae0bf-a915-4b00-89fa-ee0108affcd5:192.168.46.58:42463, 8b698aba-6fc8-4d44-bf35-b7703e11838d:192.168.46.58:43173, 1213a3aa-5ae3-462e-997a-89eaf4e8c120:192.168.46.58:37287], old=null at 0
2019-06-15 09:21:28,526 INFO  server.RaftServerConfigKeys (ConfUtils.java:logGet(43)) - raft.server.watch.timeout = 10s (default)
2019-06-15 09:21:28,526 INFO  server.RaftServerConfigKeys (ConfUtils.java:logGet(43)) - raft.server.watch.timeout.denomination = 1s (default)
2019-06-15 09:21:28,526 INFO  impl.RoleInfo (RoleInfo.java:updateAndGet(143)) - 1213a3aa-5ae3-462e-997a-89eaf4e8c120: start LeaderState
2019-06-15 09:21:28,527 INFO  storage.RaftLogWorker (RaftLogWorker.java:startLogSegment(298)) - 1213a3aa-5ae3-462e-997a-89eaf4e8c120-RaftLogWorker: Starting segment from index:0
2019-06-15 09:21:28,547 INFO  impl.RaftServerImpl (ServerState.java:setLeader(263)) - 8b698aba-6fc8-4d44-bf35-b7703e11838d:group-0480E57361D7 change Leader from null to 1213a3aa-5ae3-462e-997a-89eaf4e8c120 at term 1 for appendEntries, leader elected after 1144ms
2019-06-15 09:21:28,567 INFO  impl.RaftServerImpl (ServerState.java:setLeader(263)) - 747ae0bf-a915-4b00-89fa-ee0108affcd5:group-0480E57361D7 change Leader from null to 1213a3aa-5ae3-462e-997a-89eaf4e8c120 at term 1 for appendEntries, leader elected after 1155ms
2019-06-15 09:21:28,567 INFO  impl.RaftServerImpl (ServerState.java:setRaftConf(361)) - 1213a3aa-5ae3-462e-997a-89eaf4e8c120:group-54D98532E11C set configuration 0: [1213a3aa-5ae3-462e-997a-89eaf4e8c120:192.168.46.58:37287], old=null at 0
2019-06-15 09:21:28,570 INFO  storage.RaftLogWorker (RaftLogWorker.java:execute(469)) - 1213a3aa-5ae3-462e-997a-89eaf4e8c120-RaftLogWorker: created new log segment /opt/src/hadoop-ozone/integration-test/target/test-dir/MiniOzoneClusterImpl-6d290ed5-2317-4cc3-89ac-ce0ef15d54ec/datanode-2/data/ratis/e9fd8c63-98dd-4f13-8b50-0480e57361d7/current/log_inprogress_0
2019-06-15 09:21:28,572 INFO  impl.RaftServerImpl (ServerState.java:setRaftConf(361)) - 8b698aba-6fc8-4d44-bf35-b7703e11838d:group-0480E57361D7 set configuration 0: [747ae0bf-a915-4b00-89fa-ee0108affcd5:192.168.46.58:42463, 8b698aba-6fc8-4d44-bf35-b7703e11838d:192.168.46.58:43173, 1213a3aa-5ae3-462e-997a-89eaf4e8c120:192.168.46.58:37287], old=null at 0
2019-06-15 09:21:28,572 INFO  storage.RaftLogWorker (RaftLogWorker.java:startLogSegment(298)) - 8b698aba-6fc8-4d44-bf35-b7703e11838d-RaftLogWorker: Starting segment from index:0
2019-06-15 09:21:28,572 INFO  impl.RaftServerImpl (ServerState.java:setRaftConf(361)) - 747ae0bf-a915-4b00-89fa-ee0108affcd5:group-0480E57361D7 set configuration 0: [747ae0bf-a915-4b00-89fa-ee0108affcd5:192.168.46.58:42463, 8b698aba-6fc8-4d44-bf35-b7703e11838d:192.168.46.58:43173, 1213a3aa-5ae3-462e-997a-89eaf4e8c120:192.168.46.58:37287], old=null at 0
2019-06-15 09:21:28,573 INFO  storage.RaftLogWorker (RaftLogWorker.java:startLogSegment(298)) - 747ae0bf-a915-4b00-89fa-ee0108affcd5-RaftLogWorker: Starting segment from index:0
2019-06-15 09:21:28,594 INFO  storage.RaftLogWorker (RaftLogWorker.java:execute(469)) - 1213a3aa-5ae3-462e-997a-89eaf4e8c120-RaftLogWorker: created new log segment /opt/src/hadoop-ozone/integration-test/target/test-dir/MiniOzoneClusterImpl-6d290ed5-2317-4cc3-89ac-ce0ef15d54ec/datanode-2/data/ratis/93e615ee-241a-43b6-8551-54d98532e11c/current/log_inprogress_0
2019-06-15 09:21:28,602 INFO  impl.FollowerState (FollowerState.java:run(101)) - acd45e52-0b4d-49e9-94f3-ea4962392d5a:group-B073475B28C5 changes to CANDIDATE, lastRpcTime:1041, electionTimeout:1041ms
2019-06-15 09:21:28,602 INFO  impl.RoleInfo (RoleInfo.java:shutdownFollowerState(121)) - acd45e52-0b4d-49e9-94f3-ea4962392d5a: shutdown FollowerState
2019-06-15 09:21:28,603 INFO  impl.RaftServerImpl (RaftServerImpl.java:setRole(164)) - acd45e52-0b4d-49e9-94f3-ea4962392d5a:group-B073475B28C5 changes role from FOLLOWER to CANDIDATE at term 0 for changeToCandidate
2019-06-15 09:21:28,603 INFO  impl.RoleInfo (RoleInfo.java:updateAndGet(143)) - acd45e52-0b4d-49e9-94f3-ea4962392d5a: start LeaderElection
2019-06-15 09:21:28,623 INFO  storage.RaftLogWorker (RaftLogWorker.java:execute(469)) - 8b698aba-6fc8-4d44-bf35-b7703e11838d-RaftLogWorker: created new log segment /opt/src/hadoop-ozone/integration-test/target/test-dir/MiniOzoneClusterImpl-6d290ed5-2317-4cc3-89ac-ce0ef15d54ec/datanode-0/data/ratis/e9fd8c63-98dd-4f13-8b50-0480e57361d7/current/log_inprogress_0
2019-06-15 09:21:28,623 INFO  impl.LeaderElection (LeaderElection.java:askForVotes(181)) - acd45e52-0b4d-49e9-94f3-ea4962392d5a:group-B073475B28C5:LeaderElection38: begin an election at term 1 for -1: [acd45e52-0b4d-49e9-94f3-ea4962392d5a:192.168.46.58:40733], old=null
2019-06-15 09:21:28,623 INFO  storage.RaftLogWorker (RaftLogWorker.java:execute(469)) - 747ae0bf-a915-4b00-89fa-ee0108affcd5-RaftLogWorker: created new log segment /opt/src/hadoop-ozone/integration-test/target/test-dir/MiniOzoneClusterImpl-6d290ed5-2317-4cc3-89ac-ce0ef15d54ec/datanode-1/data/ratis/e9fd8c63-98dd-4f13-8b50-0480e57361d7/current/log_inprogress_0
2019-06-15 09:21:28,623 INFO  impl.RoleInfo (RoleInfo.java:shutdownLeaderElection(134)) - acd45e52-0b4d-49e9-94f3-ea4962392d5a: shutdown LeaderElection
2019-06-15 09:21:28,623 INFO  impl.RaftServerImpl (RaftServerImpl.java:setRole(164)) - acd45e52-0b4d-49e9-94f3-ea4962392d5a:group-B073475B28C5 changes role from CANDIDATE to LEADER at term 1 for changeToLeader
2019-06-15 09:21:28,623 INFO  impl.RaftServerImpl (ServerState.java:setLeader(263)) - acd45e52-0b4d-49e9-94f3-ea4962392d5a:group-B073475B28C5 change Leader from null to acd45e52-0b4d-49e9-94f3-ea4962392d5a at term 1 for becomeLeader, leader elected after 1064ms
2019-06-15 09:21:28,623 INFO  server.RaftServerConfigKeys (ConfUtils.java:logGet(43)) - raft.server.staging.catchup.gap = 1000 (default)
2019-06-15 09:21:28,623 INFO  server.RaftServerConfigKeys (ConfUtils.java:logGet(43)) - raft.server.rpc.sleep.time = 25ms (default)
2019-06-15 09:21:28,623 INFO  server.RaftServerConfigKeys (ConfUtils.java:logGet(43)) - raft.server.watch.timeout = 10s (default)
2019-06-15 09:21:28,623 INFO  server.RaftServerConfigKeys (ConfUtils.java:logGet(43)) - raft.server.watch.timeout.denomination = 1s (default)
2019-06-15 09:21:28,624 INFO  impl.RoleInfo (RoleInfo.java:updateAndGet(143)) - acd45e52-0b4d-49e9-94f3-ea4962392d5a: start LeaderState
2019-06-15 09:21:28,624 INFO  storage.RaftLogWorker (RaftLogWorker.java:startLogSegment(298)) - acd45e52-0b4d-49e9-94f3-ea4962392d5a-RaftLogWorker: Starting segment from index:0
2019-06-15 09:21:28,627 INFO  impl.RaftServerImpl (ServerState.java:setRaftConf(361)) - acd45e52-0b4d-49e9-94f3-ea4962392d5a:group-B073475B28C5 set configuration 0: [acd45e52-0b4d-49e9-94f3-ea4962392d5a:192.168.46.58:40733], old=null at 0
2019-06-15 09:21:28,662 INFO  storage.RaftLogWorker (RaftLogWorker.java:execute(469)) - acd45e52-0b4d-49e9-94f3-ea4962392d5a-RaftLogWorker: created new log segment /opt/src/hadoop-ozone/integration-test/target/test-dir/MiniOzoneClusterImpl-6d290ed5-2317-4cc3-89ac-ce0ef15d54ec/datanode-3/data/ratis/49e49607-e7c9-40ea-af12-b073475b28c5/current/log_inprogress_0
2019-06-15 09:21:28,800 INFO  impl.FollowerState (FollowerState.java:run(101)) - 638def69-e28a-4327-9fda-af5636c8063b:group-5274F53B6EAF changes to CANDIDATE, lastRpcTime:1078, electionTimeout:1078ms
2019-06-15 09:21:28,801 INFO  impl.RoleInfo (RoleInfo.java:shutdownFollowerState(121)) - 638def69-e28a-4327-9fda-af5636c8063b: shutdown FollowerState
2019-06-15 09:21:28,801 INFO  impl.RaftServerImpl (RaftServerImpl.java:setRole(164)) - 638def69-e28a-4327-9fda-af5636c8063b:group-5274F53B6EAF changes role from FOLLOWER to CANDIDATE at term 0 for changeToCandidate
2019-06-15 09:21:28,801 INFO  impl.RoleInfo (RoleInfo.java:updateAndGet(143)) - 638def69-e28a-4327-9fda-af5636c8063b: start LeaderElection
2019-06-15 09:21:28,808 INFO  impl.LeaderElection (LeaderElection.java:askForVotes(181)) - 638def69-e28a-4327-9fda-af5636c8063b:group-5274F53B6EAF:LeaderElection39: begin an election at term 1 for -1: [638def69-e28a-4327-9fda-af5636c8063b:192.168.46.58:46319], old=null
2019-06-15 09:21:28,808 INFO  impl.RoleInfo (RoleInfo.java:shutdownLeaderElection(134)) - 638def69-e28a-4327-9fda-af5636c8063b: shutdown LeaderElection
2019-06-15 09:21:28,808 INFO  impl.RaftServerImpl (RaftServerImpl.java:setRole(164)) - 638def69-e28a-4327-9fda-af5636c8063b:group-5274F53B6EAF changes role from CANDIDATE to LEADER at term 1 for changeToLeader
2019-06-15 09:21:28,808 INFO  impl.RaftServerImpl (ServerState.java:setLeader(263)) - 638def69-e28a-4327-9fda-af5636c8063b:group-5274F53B6EAF change Leader from null to 638def69-e28a-4327-9fda-af5636c8063b at term 1 for becomeLeader, leader elected after 1088ms
2019-06-15 09:21:28,808 INFO  server.RaftServerConfigKeys (ConfUtils.java:logGet(43)) - raft.server.staging.catchup.gap = 1000 (default)
2019-06-15 09:21:28,809 INFO  server.RaftServerConfigKeys (ConfUtils.java:logGet(43)) - raft.server.rpc.sleep.time = 25ms (default)
2019-06-15 09:21:28,809 INFO  server.RaftServerConfigKeys (ConfUtils.java:logGet(43)) - raft.server.watch.timeout = 10s (default)
2019-06-15 09:21:28,809 INFO  server.RaftServerConfigKeys (ConfUtils.java:logGet(43)) - raft.server.watch.timeout.denomination = 1s (default)
2019-06-15 09:21:28,809 INFO  impl.RoleInfo (RoleInfo.java:updateAndGet(143)) - 638def69-e28a-4327-9fda-af5636c8063b: start LeaderState
2019-06-15 09:21:28,809 INFO  storage.RaftLogWorker (RaftLogWorker.java:startLogSegment(298)) - 638def69-e28a-4327-9fda-af5636c8063b-RaftLogWorker: Starting segment from index:0
2019-06-15 09:21:28,810 INFO  impl.RaftServerImpl (ServerState.java:setRaftConf(361)) - 638def69-e28a-4327-9fda-af5636c8063b:group-5274F53B6EAF set configuration 0: [638def69-e28a-4327-9fda-af5636c8063b:192.168.46.58:46319], old=null at 0
2019-06-15 09:21:28,849 INFO  storage.RaftLogWorker (RaftLogWorker.java:execute(469)) - 638def69-e28a-4327-9fda-af5636c8063b-RaftLogWorker: created new log segment /opt/src/hadoop-ozone/integration-test/target/test-dir/MiniOzoneClusterImpl-6d290ed5-2317-4cc3-89ac-ce0ef15d54ec/datanode-4/data/ratis/a7a112c2-8b0a-4903-92f6-5274f53b6eaf/current/log_inprogress_0
2019-06-15 09:21:28,947 INFO  impl.FollowerState (FollowerState.java:run(101)) - 829ec832-db2a-4eb5-bd86-40769de3ec71:group-36EB44037A3C changes to CANDIDATE, lastRpcTime:1005, electionTimeout:1005ms
2019-06-15 09:21:28,947 INFO  impl.RoleInfo (RoleInfo.java:shutdownFollowerState(121)) - 829ec832-db2a-4eb5-bd86-40769de3ec71: shutdown FollowerState
2019-06-15 09:21:28,947 INFO  impl.RaftServerImpl (RaftServerImpl.java:setRole(164)) - 829ec832-db2a-4eb5-bd86-40769de3ec71:group-36EB44037A3C changes role from FOLLOWER to CANDIDATE at term 0 for changeToCandidate
2019-06-15 09:21:28,947 INFO  impl.RoleInfo (RoleInfo.java:updateAndGet(143)) - 829ec832-db2a-4eb5-bd86-40769de3ec71: start LeaderElection
2019-06-15 09:21:28,954 INFO  impl.LeaderElection (LeaderElection.java:askForVotes(181)) - 829ec832-db2a-4eb5-bd86-40769de3ec71:group-36EB44037A3C:LeaderElection40: begin an election at term 1 for -1: [829ec832-db2a-4eb5-bd86-40769de3ec71:192.168.46.58:40067], old=null
2019-06-15 09:21:28,954 INFO  impl.RoleInfo (RoleInfo.java:shutdownLeaderElection(134)) - 829ec832-db2a-4eb5-bd86-40769de3ec71: shutdown LeaderElection
2019-06-15 09:21:28,954 INFO  impl.RaftServerImpl (RaftServerImpl.java:setRole(164)) - 829ec832-db2a-4eb5-bd86-40769de3ec71:group-36EB44037A3C changes role from CANDIDATE to LEADER at term 1 for changeToLeader
2019-06-15 09:21:28,954 INFO  impl.RaftServerImpl (ServerState.java:setLeader(263)) - 829ec832-db2a-4eb5-bd86-40769de3ec71:group-36EB44037A3C change Leader from null to 829ec832-db2a-4eb5-bd86-40769de3ec71 at term 1 for becomeLeader, leader elected after 1014ms
2019-06-15 09:21:28,954 INFO  server.RaftServerConfigKeys (ConfUtils.java:logGet(43)) - raft.server.staging.catchup.gap = 1000 (default)
2019-06-15 09:21:28,954 INFO  server.RaftServerConfigKeys (ConfUtils.java:logGet(43)) - raft.server.rpc.sleep.time = 25ms (default)
2019-06-15 09:21:28,954 INFO  server.RaftServerConfigKeys (ConfUtils.java:logGet(43)) - raft.server.watch.timeout = 10s (default)
2019-06-15 09:21:28,954 INFO  server.RaftServerConfigKeys (ConfUtils.java:logGet(43)) - raft.server.watch.timeout.denomination = 1s (default)
2019-06-15 09:21:28,955 INFO  impl.RoleInfo (RoleInfo.java:updateAndGet(143)) - 829ec832-db2a-4eb5-bd86-40769de3ec71: start LeaderState
2019-06-15 09:21:28,955 INFO  storage.RaftLogWorker (RaftLogWorker.java:startLogSegment(298)) - 829ec832-db2a-4eb5-bd86-40769de3ec71-RaftLogWorker: Starting segment from index:0
2019-06-15 09:21:28,955 INFO  impl.RaftServerImpl (ServerState.java:setRaftConf(361)) - 829ec832-db2a-4eb5-bd86-40769de3ec71:group-36EB44037A3C set configuration 0: [829ec832-db2a-4eb5-bd86-40769de3ec71:192.168.46.58:40067], old=null at 0
2019-06-15 09:21:28,979 INFO  impl.FollowerState (FollowerState.java:run(101)) - 829ec832-db2a-4eb5-bd86-40769de3ec71:group-83BB2917A2B0 changes to CANDIDATE, lastRpcTime:1011, electionTimeout:1011ms
2019-06-15 09:21:28,979 INFO  impl.RoleInfo (RoleInfo.java:shutdownFollowerState(121)) - 829ec832-db2a-4eb5-bd86-40769de3ec71: shutdown FollowerState
2019-06-15 09:21:28,979 INFO  impl.RaftServerImpl (RaftServerImpl.java:setRole(164)) - 829ec832-db2a-4eb5-bd86-40769de3ec71:group-83BB2917A2B0 changes role from FOLLOWER to CANDIDATE at term 0 for changeToCandidate
2019-06-15 09:21:28,979 INFO  impl.RoleInfo (RoleInfo.java:updateAndGet(143)) - 829ec832-db2a-4eb5-bd86-40769de3ec71: start LeaderElection
2019-06-15 09:21:28,999 INFO  storage.RaftLogWorker (RaftLogWorker.java:execute(469)) - 829ec832-db2a-4eb5-bd86-40769de3ec71-RaftLogWorker: created new log segment /opt/src/hadoop-ozone/integration-test/target/test-dir/MiniOzoneClusterImpl-6d290ed5-2317-4cc3-89ac-ce0ef15d54ec/datanode-5/data/ratis/b4fbfcd3-6de2-4219-b755-36eb44037a3c/current/log_inprogress_0
2019-06-15 09:21:28,999 INFO  impl.LeaderElection (LeaderElection.java:askForVotes(181)) - 829ec832-db2a-4eb5-bd86-40769de3ec71:group-83BB2917A2B0:LeaderElection41: begin an election at term 1 for -1: [638def69-e28a-4327-9fda-af5636c8063b:192.168.46.58:46319, acd45e52-0b4d-49e9-94f3-ea4962392d5a:192.168.46.58:40733, 829ec832-db2a-4eb5-bd86-40769de3ec71:192.168.46.58:40067], old=null
2019-06-15 09:21:29,007 INFO  impl.RaftServerImpl (RaftServerImpl.java:setRole(164)) - acd45e52-0b4d-49e9-94f3-ea4962392d5a:group-83BB2917A2B0 changes role from FOLLOWER to FOLLOWER at term 1 for recognizeCandidate:829ec832-db2a-4eb5-bd86-40769de3ec71
2019-06-15 09:21:29,009 INFO  impl.RaftServerImpl (RaftServerImpl.java:setRole(164)) - 638def69-e28a-4327-9fda-af5636c8063b:group-83BB2917A2B0 changes role from FOLLOWER to FOLLOWER at term 1 for recognizeCandidate:829ec832-db2a-4eb5-bd86-40769de3ec71
2019-06-15 09:21:29,009 INFO  impl.RoleInfo (RoleInfo.java:shutdownFollowerState(121)) - 638def69-e28a-4327-9fda-af5636c8063b: shutdown FollowerState
2019-06-15 09:21:29,009 INFO  impl.RoleInfo (RoleInfo.java:updateAndGet(143)) - 638def69-e28a-4327-9fda-af5636c8063b: start FollowerState
2019-06-15 09:21:29,009 INFO  impl.RoleInfo (RoleInfo.java:shutdownFollowerState(121)) - acd45e52-0b4d-49e9-94f3-ea4962392d5a: shutdown FollowerState
2019-06-15 09:21:29,009 INFO  impl.RoleInfo (RoleInfo.java:updateAndGet(143)) - acd45e52-0b4d-49e9-94f3-ea4962392d5a: start FollowerState
2019-06-15 09:21:29,009 INFO  impl.FollowerState (FollowerState.java:run(109)) - 638def69-e28a-4327-9fda-af5636c8063b: FollowerState was interrupted: java.lang.InterruptedException: sleep interrupted
2019-06-15 09:21:29,009 INFO  impl.FollowerState (FollowerState.java:run(109)) - acd45e52-0b4d-49e9-94f3-ea4962392d5a: FollowerState was interrupted: java.lang.InterruptedException: sleep interrupted
2019-06-15 09:21:29,012 INFO  impl.LeaderElection (LeaderElection.java:logAndReturn(56)) - 829ec832-db2a-4eb5-bd86-40769de3ec71:group-83BB2917A2B0:LeaderElection41: Election PASSED; received 1 response(s) [829ec832-db2a-4eb5-bd86-40769de3ec71->638def69-e28a-4327-9fda-af5636c8063b,true-t1] and 0 exception(s); 829ec832-db2a-4eb5-bd86-40769de3ec71:t1, leader=null, voted=829ec832-db2a-4eb5-bd86-40769de3ec71, raftlog=829ec832-db2a-4eb5-bd86-40769de3ec71-SegmentedRaftLog:OPENED:c-1,f-1,i0, conf=-1: [638def69-e28a-4327-9fda-af5636c8063b:192.168.46.58:46319, acd45e52-0b4d-49e9-94f3-ea4962392d5a:192.168.46.58:40733, 829ec832-db2a-4eb5-bd86-40769de3ec71:192.168.46.58:40067], old=null
2019-06-15 09:21:29,013 INFO  impl.RoleInfo (RoleInfo.java:shutdownLeaderElection(134)) - 829ec832-db2a-4eb5-bd86-40769de3ec71: shutdown LeaderElection
2019-06-15 09:21:29,013 INFO  impl.RaftServerImpl (RaftServerImpl.java:setRole(164)) - 829ec832-db2a-4eb5-bd86-40769de3ec71:group-83BB2917A2B0 changes role from CANDIDATE to LEADER at term 1 for changeToLeader
2019-06-15 09:21:29,013 INFO  impl.RaftServerImpl (ServerState.java:setLeader(263)) - 829ec832-db2a-4eb5-bd86-40769de3ec71:group-83BB2917A2B0 change Leader from null to 829ec832-db2a-4eb5-bd86-40769de3ec71 at term 1 for becomeLeader, leader elected after 1051ms
2019-06-15 09:21:29,013 INFO  server.RaftServerConfigKeys (ConfUtils.java:logGet(43)) - raft.server.staging.catchup.gap = 1000 (default)
2019-06-15 09:21:29,013 INFO  server.RaftServerConfigKeys (ConfUtils.java:logGet(43)) - raft.server.rpc.sleep.time = 25ms (default)
2019-06-15 09:21:29,013 INFO  server.RaftServerConfigKeys (ConfUtils.java:logGet(43)) - raft.server.watch.timeout = 10s (default)
2019-06-15 09:21:29,013 INFO  server.RaftServerConfigKeys (ConfUtils.java:logGet(43)) - raft.server.watch.timeout.denomination = 1s (default)
2019-06-15 09:21:29,013 INFO  server.RaftServerConfigKeys (ConfUtils.java:logGet(43)) - raft.server.log.appender.snapshot.chunk.size.max = 16MB (=16777216) (default)
2019-06-15 09:21:29,013 INFO  server.RaftServerConfigKeys (ConfUtils.java:logGet(43)) - raft.server.log.appender.buffer.byte-limit = 33554432 (custom)
2019-06-15 09:21:29,013 INFO  server.RaftServerConfigKeys (ConfUtils.java:logGet(43)) - raft.server.log.appender.buffer.element-limit = 1 (custom)
2019-06-15 09:21:29,014 INFO  grpc.GrpcConfigKeys$Server (ConfUtils.java:logGet(43)) - raft.grpc.server.leader.outstanding.appends.max = 128 (default)
2019-06-15 09:21:29,014 INFO  server.RaftServerConfigKeys (ConfUtils.java:logGet(43)) - raft.server.rpc.request.timeout = 3000ms (default)
2019-06-15 09:21:29,014 INFO  server.RaftServerConfigKeys (ConfUtils.java:logGet(43)) - raft.server.log.appender.install.snapshot.enabled = true (default)
2019-06-15 09:21:29,014 INFO  server.RaftServerConfigKeys (ConfUtils.java:logGet(43)) - raft.server.log.appender.snapshot.chunk.size.max = 16MB (=16777216) (default)
2019-06-15 09:21:29,014 INFO  server.RaftServerConfigKeys (ConfUtils.java:logGet(43)) - raft.server.log.appender.buffer.byte-limit = 33554432 (custom)
2019-06-15 09:21:29,014 INFO  server.RaftServerConfigKeys (ConfUtils.java:logGet(43)) - raft.server.log.appender.buffer.element-limit = 1 (custom)
2019-06-15 09:21:29,014 INFO  grpc.GrpcConfigKeys$Server (ConfUtils.java:logGet(43)) - raft.grpc.server.leader.outstanding.appends.max = 128 (default)
2019-06-15 09:21:29,014 INFO  server.RaftServerConfigKeys (ConfUtils.java:logGet(43)) - raft.server.rpc.request.timeout = 3000ms (default)
2019-06-15 09:21:29,014 INFO  server.RaftServerConfigKeys (ConfUtils.java:logGet(43)) - raft.server.log.appender.install.snapshot.enabled = true (default)
2019-06-15 09:21:29,014 INFO  impl.RoleInfo (RoleInfo.java:updateAndGet(143)) - 829ec832-db2a-4eb5-bd86-40769de3ec71: start LeaderState
2019-06-15 09:21:29,015 INFO  storage.RaftLogWorker (RaftLogWorker.java:startLogSegment(298)) - 829ec832-db2a-4eb5-bd86-40769de3ec71-RaftLogWorker: Starting segment from index:0
2019-06-15 09:21:29,018 INFO  impl.RaftServerImpl (ServerState.java:setRaftConf(361)) - 829ec832-db2a-4eb5-bd86-40769de3ec71:group-83BB2917A2B0 set configuration 0: [638def69-e28a-4327-9fda-af5636c8063b:192.168.46.58:46319, acd45e52-0b4d-49e9-94f3-ea4962392d5a:192.168.46.58:40733, 829ec832-db2a-4eb5-bd86-40769de3ec71:192.168.46.58:40067], old=null at 0
2019-06-15 09:21:29,022 INFO  impl.RaftServerImpl (ServerState.java:setLeader(263)) - acd45e52-0b4d-49e9-94f3-ea4962392d5a:group-83BB2917A2B0 change Leader from null to 829ec832-db2a-4eb5-bd86-40769de3ec71 at term 1 for appendEntries, leader elected after 1059ms
2019-06-15 09:21:29,057 INFO  impl.RaftServerImpl (ServerState.java:setLeader(263)) - 638def69-e28a-4327-9fda-af5636c8063b:group-83BB2917A2B0 change Leader from null to 829ec832-db2a-4eb5-bd86-40769de3ec71 at term 1 for appendEntries, leader elected after 1094ms
2019-06-15 09:21:29,066 INFO  storage.RaftLogWorker (RaftLogWorker.java:execute(469)) - 829ec832-db2a-4eb5-bd86-40769de3ec71-RaftLogWorker: created new log segment /opt/src/hadoop-ozone/integration-test/target/test-dir/MiniOzoneClusterImpl-6d290ed5-2317-4cc3-89ac-ce0ef15d54ec/datanode-5/data/ratis/2fc55658-fdc1-4718-aac6-83bb2917a2b0/current/log_inprogress_0
2019-06-15 09:21:29,067 INFO  impl.RaftServerImpl (ServerState.java:setRaftConf(361)) - 638def69-e28a-4327-9fda-af5636c8063b:group-83BB2917A2B0 set configuration 0: [638def69-e28a-4327-9fda-af5636c8063b:192.168.46.58:46319, acd45e52-0b4d-49e9-94f3-ea4962392d5a:192.168.46.58:40733, 829ec832-db2a-4eb5-bd86-40769de3ec71:192.168.46.58:40067], old=null at 0
2019-06-15 09:21:29,067 INFO  storage.RaftLogWorker (RaftLogWorker.java:startLogSegment(298)) - 638def69-e28a-4327-9fda-af5636c8063b-RaftLogWorker: Starting segment from index:0
2019-06-15 09:21:29,068 INFO  impl.RaftServerImpl (ServerState.java:setRaftConf(361)) - acd45e52-0b4d-49e9-94f3-ea4962392d5a:group-83BB2917A2B0 set configuration 0: [638def69-e28a-4327-9fda-af5636c8063b:192.168.46.58:46319, acd45e52-0b4d-49e9-94f3-ea4962392d5a:192.168.46.58:40733, 829ec832-db2a-4eb5-bd86-40769de3ec71:192.168.46.58:40067], old=null at 0
2019-06-15 09:21:29,068 INFO  storage.RaftLogWorker (RaftLogWorker.java:startLogSegment(298)) - acd45e52-0b4d-49e9-94f3-ea4962392d5a-RaftLogWorker: Starting segment from index:0
2019-06-15 09:21:29,095 INFO  ozone.MiniOzoneClusterImpl (MiniOzoneClusterImpl.java:lambda$waitForClusterToBeReady$0(142)) - Cluster is ready. Got 7 of 7 DN Heartbeats.
2019-06-15 09:21:29,114 INFO  storage.RaftLogWorker (RaftLogWorker.java:execute(469)) - 638def69-e28a-4327-9fda-af5636c8063b-RaftLogWorker: created new log segment /opt/src/hadoop-ozone/integration-test/target/test-dir/MiniOzoneClusterImpl-6d290ed5-2317-4cc3-89ac-ce0ef15d54ec/datanode-4/data/ratis/2fc55658-fdc1-4718-aac6-83bb2917a2b0/current/log_inprogress_0
2019-06-15 09:21:29,115 INFO  storage.RaftLogWorker (RaftLogWorker.java:execute(469)) - acd45e52-0b4d-49e9-94f3-ea4962392d5a-RaftLogWorker: created new log segment /opt/src/hadoop-ozone/integration-test/target/test-dir/MiniOzoneClusterImpl-6d290ed5-2317-4cc3-89ac-ce0ef15d54ec/datanode-3/data/ratis/2fc55658-fdc1-4718-aac6-83bb2917a2b0/current/log_inprogress_0
2019-06-15 09:21:29,163 INFO  rpc.RpcClient (RpcClient.java:createVolume(289)) - Creating Volume: watchforcommithandlingtest, with jenkins1000 as owner.
2019-06-15 09:21:29,169 INFO  impl.FollowerState (FollowerState.java:run(101)) - 60454033-bfab-4bad-814c-f4ed611ad0f5:group-A5936B12541A changes to CANDIDATE, lastRpcTime:1054, electionTimeout:1053ms
2019-06-15 09:21:29,169 INFO  impl.RoleInfo (RoleInfo.java:shutdownFollowerState(121)) - 60454033-bfab-4bad-814c-f4ed611ad0f5: shutdown FollowerState
2019-06-15 09:21:29,170 INFO  impl.RaftServerImpl (RaftServerImpl.java:setRole(164)) - 60454033-bfab-4bad-814c-f4ed611ad0f5:group-A5936B12541A changes role from FOLLOWER to CANDIDATE at term 0 for changeToCandidate
2019-06-15 09:21:29,170 INFO  impl.RoleInfo (RoleInfo.java:updateAndGet(143)) - 60454033-bfab-4bad-814c-f4ed611ad0f5: start LeaderElection
2019-06-15 09:21:29,199 INFO  rpc.RpcClient (RpcClient.java:createBucket(426)) - Creating Bucket: watchforcommithandlingtest/watchforcommithandlingtest, with Versioning false and Storage Type set to DISK and Encryption set to false 
2019-06-15 09:21:29,199 INFO  impl.LeaderElection (LeaderElection.java:askForVotes(181)) - 60454033-bfab-4bad-814c-f4ed611ad0f5:group-A5936B12541A:LeaderElection42: begin an election at term 1 for -1: [60454033-bfab-4bad-814c-f4ed611ad0f5:192.168.46.58:40829], old=null
2019-06-15 09:21:29,200 INFO  impl.RoleInfo (RoleInfo.java:shutdownLeaderElection(134)) - 60454033-bfab-4bad-814c-f4ed611ad0f5: shutdown LeaderElection
2019-06-15 09:21:29,200 INFO  impl.RaftServerImpl (RaftServerImpl.java:setRole(164)) - 60454033-bfab-4bad-814c-f4ed611ad0f5:group-A5936B12541A changes role from CANDIDATE to LEADER at term 1 for changeToLeader
2019-06-15 09:21:29,206 INFO  impl.RaftServerImpl (ServerState.java:setLeader(263)) - 60454033-bfab-4bad-814c-f4ed611ad0f5:group-A5936B12541A change Leader from null to 60454033-bfab-4bad-814c-f4ed611ad0f5 at term 1 for becomeLeader, leader elected after 1093ms
2019-06-15 09:21:29,204 INFO  ozone.MiniOzoneClusterImpl (MiniOzoneClusterImpl.java:getStorageContainerLocationClient(241)) - Creating StorageContainerLocationProtocol RPC client with address /0.0.0.0:38775
2019-06-15 09:21:29,206 INFO  server.RaftServerConfigKeys (ConfUtils.java:logGet(43)) - raft.server.staging.catchup.gap = 1000 (default)
2019-06-15 09:21:29,206 INFO  server.RaftServerConfigKeys (ConfUtils.java:logGet(43)) - raft.server.rpc.sleep.time = 25ms (default)
2019-06-15 09:21:29,206 INFO  server.RaftServerConfigKeys (ConfUtils.java:logGet(43)) - raft.server.watch.timeout = 10s (default)
2019-06-15 09:21:29,206 INFO  server.RaftServerConfigKeys (ConfUtils.java:logGet(43)) - raft.server.watch.timeout.denomination = 1s (default)
2019-06-15 09:21:29,206 INFO  impl.RoleInfo (RoleInfo.java:updateAndGet(143)) - 60454033-bfab-4bad-814c-f4ed611ad0f5: start LeaderState
2019-06-15 09:21:29,207 INFO  storage.RaftLogWorker (RaftLogWorker.java:startLogSegment(298)) - 60454033-bfab-4bad-814c-f4ed611ad0f5-RaftLogWorker: Starting segment from index:0
2019-06-15 09:21:29,211 INFO  impl.RaftServerImpl (ServerState.java:setRaftConf(361)) - 60454033-bfab-4bad-814c-f4ed611ad0f5:group-A5936B12541A set configuration 0: [60454033-bfab-4bad-814c-f4ed611ad0f5:192.168.46.58:40829], old=null at 0
2019-06-15 09:21:29,282 INFO  client.GrpcClientProtocolClient (GrpcClientProtocolClient.java:onNext(254)) - client-C9E8AC103638->747ae0bf-a915-4b00-89fa-ee0108affcd5: receive RaftClientReply:client-C9E8AC103638->747ae0bf-a915-4b00-89fa-ee0108affcd5@group-0480E57361D7, cid=66, FAILED org.apache.ratis.protocol.NotLeaderException: Server 747ae0bf-a915-4b00-89fa-ee0108affcd5 is not the leader (1213a3aa-5ae3-462e-997a-89eaf4e8c120:192.168.46.58:37287). Request must be sent to leader., logIndex=0, commits[747ae0bf-a915-4b00-89fa-ee0108affcd5:c0, 8b698aba-6fc8-4d44-bf35-b7703e11838d:c-1, 1213a3aa-5ae3-462e-997a-89eaf4e8c120:c0]
2019-06-15 09:21:29,293 INFO  storage.RaftLogWorker (RaftLogWorker.java:execute(469)) - 60454033-bfab-4bad-814c-f4ed611ad0f5-RaftLogWorker: created new log segment /opt/src/hadoop-ozone/integration-test/target/test-dir/MiniOzoneClusterImpl-6d290ed5-2317-4cc3-89ac-ce0ef15d54ec/datanode-6/data/ratis/04c03f09-7ab3-4940-8474-a5936b12541a/current/log_inprogress_0
2019-06-15 09:21:29,293 WARN  client.GrpcClientProtocolService (LogUtils.java:warn(134)) - 0-OrderedRequestStreamObserver0: onError: org.apache.ratis.thirdparty.io.grpc.StatusRuntimeException: CANCELLED: cancelled before receiving half close
2019-06-15 09:21:30,303 INFO  client.GrpcClientProtocolClient (GrpcClientProtocolClient.java:onNext(254)) - client-C9E8AC103638->8b698aba-6fc8-4d44-bf35-b7703e11838d: receive RaftClientReply:client-C9E8AC103638->8b698aba-6fc8-4d44-bf35-b7703e11838d@group-0480E57361D7, cid=66, FAILED org.apache.ratis.protocol.NotLeaderException: Server 8b698aba-6fc8-4d44-bf35-b7703e11838d is not the leader (1213a3aa-5ae3-462e-997a-89eaf4e8c120:192.168.46.58:37287). Request must be sent to leader., logIndex=0, commits[8b698aba-6fc8-4d44-bf35-b7703e11838d:c0, 747ae0bf-a915-4b00-89fa-ee0108affcd5:c0, 1213a3aa-5ae3-462e-997a-89eaf4e8c120:c0]
2019-06-15 09:21:30,306 WARN  client.GrpcClientProtocolService (LogUtils.java:warn(134)) - 0-OrderedRequestStreamObserver0: onError: org.apache.ratis.thirdparty.io.grpc.StatusRuntimeException: CANCELLED: cancelled before receiving half close
2019-06-15 09:21:31,312 INFO  client.GrpcClientProtocolClient (GrpcClientProtocolClient.java:onNext(254)) - client-C9E8AC103638->747ae0bf-a915-4b00-89fa-ee0108affcd5: receive RaftClientReply:client-C9E8AC103638->747ae0bf-a915-4b00-89fa-ee0108affcd5@group-0480E57361D7, cid=66, FAILED org.apache.ratis.protocol.NotLeaderException: Server 747ae0bf-a915-4b00-89fa-ee0108affcd5 is not the leader (1213a3aa-5ae3-462e-997a-89eaf4e8c120:192.168.46.58:37287). Request must be sent to leader., logIndex=0, commits[747ae0bf-a915-4b00-89fa-ee0108affcd5:c0, 8b698aba-6fc8-4d44-bf35-b7703e11838d:c0, 1213a3aa-5ae3-462e-997a-89eaf4e8c120:c0]
2019-06-15 09:21:31,320 WARN  client.GrpcClientProtocolService (LogUtils.java:warn(134)) - 1-OrderedRequestStreamObserver1: onError: org.apache.ratis.thirdparty.io.grpc.StatusRuntimeException: CANCELLED: cancelled before receiving half close
2019-06-15 09:21:32,327 INFO  client.GrpcClientProtocolClient (GrpcClientProtocolClient.java:onNext(254)) - client-C9E8AC103638->8b698aba-6fc8-4d44-bf35-b7703e11838d: receive RaftClientReply:client-C9E8AC103638->8b698aba-6fc8-4d44-bf35-b7703e11838d@group-0480E57361D7, cid=66, FAILED org.apache.ratis.protocol.NotLeaderException: Server 8b698aba-6fc8-4d44-bf35-b7703e11838d is not the leader (1213a3aa-5ae3-462e-997a-89eaf4e8c120:192.168.46.58:37287). Request must be sent to leader., logIndex=0, commits[8b698aba-6fc8-4d44-bf35-b7703e11838d:c0, 747ae0bf-a915-4b00-89fa-ee0108affcd5:c0, 1213a3aa-5ae3-462e-997a-89eaf4e8c120:c0]
2019-06-15 09:21:32,330 WARN  client.GrpcClientProtocolService (LogUtils.java:warn(134)) - 1-OrderedRequestStreamObserver1: onError: org.apache.ratis.thirdparty.io.grpc.StatusRuntimeException: CANCELLED: cancelled before receiving half close
2019-06-15 09:21:33,392 INFO  client.GrpcClientProtocolClient (GrpcClientProtocolClient.java:onNext(254)) - client-C9E8AC103638->1213a3aa-5ae3-462e-997a-89eaf4e8c120: receive RaftClientReply:client-C9E8AC103638->1213a3aa-5ae3-462e-997a-89eaf4e8c120@group-0480E57361D7, cid=66, SUCCESS, logIndex=1, commits[1213a3aa-5ae3-462e-997a-89eaf4e8c120:c2, 747ae0bf-a915-4b00-89fa-ee0108affcd5:c1, 8b698aba-6fc8-4d44-bf35-b7703e11838d:c1]
2019-06-15 09:21:33,394 INFO  datanode.ObjectStoreHandler (ObjectStoreHandler.java:close(155)) - Closing ObjectStoreHandler.
2019-06-15 09:21:33,395 INFO  ozone.HddsDatanodeService (HddsDatanodeService.java:stop(452)) - Stopped plug-in org.apache.hadoop.ozone.web.OzoneHddsDatanodeService@1c4aa701
2019-06-15 09:21:33,395 INFO  statemachine.DatanodeStateMachine (DatanodeStateMachine.java:lambda$startDaemon$0(350)) - Ozone container server started.
2019-06-15 09:21:33,395 INFO  ozoneimpl.OzoneContainer (OzoneContainer.java:stop(199)) - Attempting to stop container services.
2019-06-15 09:21:33,396 INFO  impl.RaftServerProxy (RaftServerProxy.java:lambda$close$4(314)) - 747ae0bf-a915-4b00-89fa-ee0108affcd5: close
2019-06-15 09:21:33,396 INFO  impl.RaftServerImpl (RaftServerImpl.java:lambda$shutdown$3(238)) - 747ae0bf-a915-4b00-89fa-ee0108affcd5: shutdown group-0480E57361D7
2019-06-15 09:21:33,396 INFO  impl.RaftServerImpl (RaftServerImpl.java:lambda$shutdown$3(238)) - 747ae0bf-a915-4b00-89fa-ee0108affcd5: shutdown group-CD5F8A0FB232
2019-06-15 09:21:33,398 INFO  util.JmxRegister (JmxRegister.java:unregister(73)) - Successfully un-registered JMX Bean with object name Ratis:service=RaftServer,group=group-CD5F8A0FB232,id=747ae0bf-a915-4b00-89fa-ee0108affcd5
2019-06-15 09:21:33,399 INFO  impl.RoleInfo (RoleInfo.java:shutdownLeaderState(104)) - 747ae0bf-a915-4b00-89fa-ee0108affcd5: shutdown LeaderState
2019-06-15 09:21:33,396 INFO  util.JmxRegister (JmxRegister.java:unregister(73)) - Successfully un-registered JMX Bean with object name Ratis:service=RaftServer,group=group-0480E57361D7,id=747ae0bf-a915-4b00-89fa-ee0108affcd5
2019-06-15 09:21:33,399 INFO  impl.RoleInfo (RoleInfo.java:shutdownFollowerState(121)) - 747ae0bf-a915-4b00-89fa-ee0108affcd5: shutdown FollowerState
2019-06-15 09:21:33,399 INFO  impl.PendingRequests (PendingRequests.java:sendNotLeaderResponses(140)) - 747ae0bf-a915-4b00-89fa-ee0108affcd5-PendingRequests: sendNotLeaderResponses
2019-06-15 09:21:33,399 INFO  ratis.ContainerStateMachine (ContainerStateMachine.java:takeSnapshot(245)) - Taking snapshot at termIndex:(t:1, i:1)
2019-06-15 09:21:33,399 INFO  ratis.ContainerStateMachine (ContainerStateMachine.java:takeSnapshot(249)) - Taking a snapshot to file /opt/src/hadoop-ozone/integration-test/target/test-dir/MiniOzoneClusterImpl-6d290ed5-2317-4cc3-89ac-ce0ef15d54ec/datanode-1/data/ratis/e9fd8c63-98dd-4f13-8b50-0480e57361d7/sm/snapshot.1_1
2019-06-15 09:21:33,399 INFO  impl.FollowerState (FollowerState.java:run(109)) - 747ae0bf-a915-4b00-89fa-ee0108affcd5: FollowerState was interrupted: java.lang.InterruptedException: sleep interrupted
2019-06-15 09:21:33,399 INFO  impl.StateMachineUpdater (StateMachineUpdater.java:stopAndJoin(109)) - StateMachineUpdater-747ae0bf-a915-4b00-89fa-ee0108affcd5-group-0480E57361D7: set stopIndex = 1
2019-06-15 09:21:33,405 INFO  impl.StateMachineUpdater (StateMachineUpdater.java:stopAndJoin(109)) - StateMachineUpdater-747ae0bf-a915-4b00-89fa-ee0108affcd5-group-CD5F8A0FB232: set stopIndex = 0
2019-06-15 09:21:33,406 INFO  ratis.ContainerStateMachine (ContainerStateMachine.java:takeSnapshot(245)) - Taking snapshot at termIndex:(t:0, i:~)
2019-06-15 09:21:33,406 INFO  impl.RaftServerImpl (ServerState.java:close(394)) - 747ae0bf-a915-4b00-89fa-ee0108affcd5:group-CD5F8A0FB232 closes. The last applied log index is 0
2019-06-15 09:21:33,405 INFO  impl.RaftServerImpl (ServerState.java:close(394)) - 747ae0bf-a915-4b00-89fa-ee0108affcd5:group-0480E57361D7 closes. The last applied log index is 1
2019-06-15 09:21:33,406 INFO  storage.RaftLogWorker (RaftLogWorker.java:run(236)) - 747ae0bf-a915-4b00-89fa-ee0108affcd5-RaftLogWorker was interrupted, exiting. There are 0 tasks remaining in the queue.
2019-06-15 09:21:33,406 INFO  storage.RaftLogWorker (RaftLogWorker.java:run(236)) - 747ae0bf-a915-4b00-89fa-ee0108affcd5-RaftLogWorker was interrupted, exiting. There are 0 tasks remaining in the queue.
2019-06-15 09:21:33,415 INFO  storage.RaftLogWorker (RaftLogWorker.java:close(168)) - 747ae0bf-a915-4b00-89fa-ee0108affcd5-RaftLogWorker close()
2019-06-15 09:21:33,417 INFO  storage.RaftLogWorker (RaftLogWorker.java:close(168)) - 747ae0bf-a915-4b00-89fa-ee0108affcd5-RaftLogWorker close()
2019-06-15 09:21:33,419 INFO  server.GrpcService (GrpcService.java:closeImpl(154)) - 747ae0bf-a915-4b00-89fa-ee0108affcd5: shutdown server with port 42463 now
2019-06-15 09:21:33,420 INFO  server.GrpcService (GrpcService.java:closeImpl(162)) - 747ae0bf-a915-4b00-89fa-ee0108affcd5: shutdown server with port 42463 successfully
2019-06-15 09:21:33,421 WARN  server.GrpcServerProtocolService (LogUtils.java:warn(134)) - 747ae0bf-a915-4b00-89fa-ee0108affcd5: appendEntries onError: org.apache.ratis.thirdparty.io.grpc.StatusRuntimeException: CANCELLED: cancelled before receiving half close
2019-06-15 09:21:33,421 WARN  server.GrpcLogAppender (LogUtils.java:warn(134)) - 1213a3aa-5ae3-462e-997a-89eaf4e8c120: Failed appendEntries to 747ae0bf-a915-4b00-89fa-ee0108affcd5:192.168.46.58:42463: org.apache.ratis.thirdparty.io.grpc.StatusRuntimeException: CANCELLED: HTTP/2 error code: CANCEL
Received Rst Stream
2019-06-15 09:21:33,421 WARN  fs.CachingGetSpaceUsed (CachingGetSpaceUsed.java:run(183)) - Thread Interrupted waiting to refresh disk information: sleep interrupted
2019-06-15 09:21:33,421 INFO  impl.FollowerInfo (FollowerInfo.java:lambda$new$0(50)) - 1213a3aa-5ae3-462e-997a-89eaf4e8c120->747ae0bf-a915-4b00-89fa-ee0108affcd5: nextIndex: updateUnconditionally 3 -> 0
2019-06-15 09:21:33,436 INFO  statemachine.DatanodeStateMachine (DatanodeStateMachine.java:stopDaemon(395)) - Ozone container server stopped.
2019-06-15 09:21:33,438 INFO  handler.ContextHandler (ContextHandler.java:doStop(910)) - Stopped o.e.j.w.WebAppContext@4cfe9594{/,null,UNAVAILABLE}{/hddsDatanode}
2019-06-15 09:21:33,438 INFO  server.AbstractConnector (AbstractConnector.java:doStop(318)) - Stopped ServerConnector@60861e5d{HTTP/1.1,[http/1.1]}{0.0.0.0:0}
2019-06-15 09:21:33,439 INFO  handler.ContextHandler (ContextHandler.java:doStop(910)) - Stopped o.e.j.s.ServletContextHandler@10fc1a22{/static,jar:file:/home/user/.m2/repository/org/apache/hadoop/hadoop-hdds-container-service/0.5.0-SNAPSHOT/hadoop-hdds-container-service-0.5.0-SNAPSHOT.jar!/webapps/static,UNAVAILABLE}
2019-06-15 09:21:33,439 INFO  handler.ContextHandler (ContextHandler.java:doStop(910)) - Stopped o.e.j.s.ServletContextHandler@4bfe83d{/logs,file:///opt/src/hadoop-ozone/integration-test/target/log,UNAVAILABLE}
2019-06-15 09:21:33,440 INFO  datanode.ObjectStoreHandler (ObjectStoreHandler.java:close(155)) - Closing ObjectStoreHandler.
2019-06-15 09:21:33,440 INFO  ozone.HddsDatanodeService (HddsDatanodeService.java:stop(452)) - Stopped plug-in org.apache.hadoop.ozone.web.OzoneHddsDatanodeService@1c79d093
2019-06-15 09:21:33,441 INFO  statemachine.DatanodeStateMachine (DatanodeStateMachine.java:lambda$startDaemon$0(350)) - Ozone container server started.
2019-06-15 09:21:33,441 INFO  ozoneimpl.OzoneContainer (OzoneContainer.java:stop(199)) - Attempting to stop container services.
2019-06-15 09:21:33,441 INFO  impl.RaftServerProxy (RaftServerProxy.java:lambda$close$4(314)) - 8b698aba-6fc8-4d44-bf35-b7703e11838d: close
2019-06-15 09:21:33,441 INFO  impl.RaftServerImpl (RaftServerImpl.java:lambda$shutdown$3(238)) - 8b698aba-6fc8-4d44-bf35-b7703e11838d: shutdown group-0480E57361D7
2019-06-15 09:21:33,441 INFO  impl.RaftServerImpl (RaftServerImpl.java:lambda$shutdown$3(238)) - 8b698aba-6fc8-4d44-bf35-b7703e11838d: shutdown group-A4342423066E
2019-06-15 09:21:33,442 INFO  util.JmxRegister (JmxRegister.java:unregister(73)) - Successfully un-registered JMX Bean with object name Ratis:service=RaftServer,group=group-0480E57361D7,id=8b698aba-6fc8-4d44-bf35-b7703e11838d
2019-06-15 09:21:33,442 INFO  impl.RoleInfo (RoleInfo.java:shutdownFollowerState(121)) - 8b698aba-6fc8-4d44-bf35-b7703e11838d: shutdown FollowerState
2019-06-15 09:21:33,442 INFO  util.JmxRegister (JmxRegister.java:unregister(73)) - Successfully un-registered JMX Bean with object name Ratis:service=RaftServer,group=group-A4342423066E,id=8b698aba-6fc8-4d44-bf35-b7703e11838d
2019-06-15 09:21:33,442 INFO  ratis.ContainerStateMachine (ContainerStateMachine.java:takeSnapshot(245)) - Taking snapshot at termIndex:(t:1, i:1)
2019-06-15 09:21:33,442 INFO  impl.FollowerState (FollowerState.java:run(109)) - 8b698aba-6fc8-4d44-bf35-b7703e11838d: FollowerState was interrupted: java.lang.InterruptedException: sleep interrupted
2019-06-15 09:21:33,442 INFO  impl.StateMachineUpdater (StateMachineUpdater.java:stopAndJoin(109)) - StateMachineUpdater-8b698aba-6fc8-4d44-bf35-b7703e11838d-group-0480E57361D7: set stopIndex = 1
2019-06-15 09:21:33,442 INFO  ratis.ContainerStateMachine (ContainerStateMachine.java:takeSnapshot(249)) - Taking a snapshot to file /opt/src/hadoop-ozone/integration-test/target/test-dir/MiniOzoneClusterImpl-6d290ed5-2317-4cc3-89ac-ce0ef15d54ec/datanode-0/data/ratis/e9fd8c63-98dd-4f13-8b50-0480e57361d7/sm/snapshot.1_1
2019-06-15 09:21:33,442 INFO  impl.RoleInfo (RoleInfo.java:shutdownLeaderState(104)) - 8b698aba-6fc8-4d44-bf35-b7703e11838d: shutdown LeaderState
2019-06-15 09:21:33,443 INFO  impl.PendingRequests (PendingRequests.java:sendNotLeaderResponses(140)) - 8b698aba-6fc8-4d44-bf35-b7703e11838d-PendingRequests: sendNotLeaderResponses
2019-06-15 09:21:33,443 INFO  impl.RaftServerImpl (ServerState.java:close(394)) - 8b698aba-6fc8-4d44-bf35-b7703e11838d:group-0480E57361D7 closes. The last applied log index is 1
2019-06-15 09:21:33,449 INFO  impl.StateMachineUpdater (StateMachineUpdater.java:stopAndJoin(109)) - StateMachineUpdater-8b698aba-6fc8-4d44-bf35-b7703e11838d-group-A4342423066E: set stopIndex = 0
2019-06-15 09:21:33,449 INFO  ratis.ContainerStateMachine (ContainerStateMachine.java:takeSnapshot(245)) - Taking snapshot at termIndex:(t:0, i:~)
2019-06-15 09:21:33,449 INFO  storage.RaftLogWorker (RaftLogWorker.java:run(236)) - 8b698aba-6fc8-4d44-bf35-b7703e11838d-RaftLogWorker was interrupted, exiting. There are 0 tasks remaining in the queue.
2019-06-15 09:21:33,449 INFO  impl.RaftServerImpl (ServerState.java:close(394)) - 8b698aba-6fc8-4d44-bf35-b7703e11838d:group-A4342423066E closes. The last applied log index is 0
2019-06-15 09:21:33,451 INFO  storage.RaftLogWorker (RaftLogWorker.java:close(168)) - 8b698aba-6fc8-4d44-bf35-b7703e11838d-RaftLogWorker close()
2019-06-15 09:21:33,451 INFO  storage.RaftLogWorker (RaftLogWorker.java:run(236)) - 8b698aba-6fc8-4d44-bf35-b7703e11838d-RaftLogWorker was interrupted, exiting. There are 0 tasks remaining in the queue.
2019-06-15 09:21:33,454 INFO  storage.RaftLogWorker (RaftLogWorker.java:close(168)) - 8b698aba-6fc8-4d44-bf35-b7703e11838d-RaftLogWorker close()
2019-06-15 09:21:33,455 INFO  server.GrpcService (GrpcService.java:closeImpl(154)) - 8b698aba-6fc8-4d44-bf35-b7703e11838d: shutdown server with port 43173 now
2019-06-15 09:21:33,456 WARN  server.GrpcServerProtocolService (LogUtils.java:warn(134)) - 8b698aba-6fc8-4d44-bf35-b7703e11838d: appendEntries onError: org.apache.ratis.thirdparty.io.grpc.StatusRuntimeException: CANCELLED: cancelled before receiving half close
2019-06-15 09:21:33,456 INFO  server.GrpcService (GrpcService.java:closeImpl(162)) - 8b698aba-6fc8-4d44-bf35-b7703e11838d: shutdown server with port 43173 successfully
2019-06-15 09:21:33,456 WARN  server.GrpcLogAppender (LogUtils.java:warn(134)) - 1213a3aa-5ae3-462e-997a-89eaf4e8c120: Failed appendEntries to 8b698aba-6fc8-4d44-bf35-b7703e11838d:192.168.46.58:43173: org.apache.ratis.thirdparty.io.grpc.StatusRuntimeException: CANCELLED: HTTP/2 error code: CANCEL
Received Rst Stream
2019-06-15 09:21:33,457 INFO  impl.FollowerInfo (FollowerInfo.java:lambda$new$0(50)) - 1213a3aa-5ae3-462e-997a-89eaf4e8c120->8b698aba-6fc8-4d44-bf35-b7703e11838d: nextIndex: updateUnconditionally 3 -> 0
2019-06-15 09:21:33,459 WARN  fs.CachingGetSpaceUsed (CachingGetSpaceUsed.java:run(183)) - Thread Interrupted waiting to refresh disk information: sleep interrupted
2019-06-15 09:21:33,472 INFO  statemachine.DatanodeStateMachine (DatanodeStateMachine.java:stopDaemon(395)) - Ozone container server stopped.
2019-06-15 09:21:33,473 INFO  handler.ContextHandler (ContextHandler.java:doStop(910)) - Stopped o.e.j.w.WebAppContext@7c0ff7a0{/,null,UNAVAILABLE}{/hddsDatanode}
2019-06-15 09:21:33,473 INFO  server.AbstractConnector (AbstractConnector.java:doStop(318)) - Stopped ServerConnector@24c84e65{HTTP/1.1,[http/1.1]}{0.0.0.0:0}
2019-06-15 09:21:33,474 INFO  handler.ContextHandler (ContextHandler.java:doStop(910)) - Stopped o.e.j.s.ServletContextHandler@4ba1c1a2{/static,jar:file:/home/user/.m2/repository/org/apache/hadoop/hadoop-hdds-container-service/0.5.0-SNAPSHOT/hadoop-hdds-container-service-0.5.0-SNAPSHOT.jar!/webapps/static,UNAVAILABLE}
2019-06-15 09:21:33,474 INFO  handler.ContextHandler (ContextHandler.java:doStop(910)) - Stopped o.e.j.s.ServletContextHandler@7e0883f3{/logs,file:///opt/src/hadoop-ozone/integration-test/target/log,UNAVAILABLE}
2019-06-15 09:21:33,844 WARN  server.GrpcLogAppender (LogUtils.java:warn(134)) - 1213a3aa-5ae3-462e-997a-89eaf4e8c120: Failed appendEntries to 747ae0bf-a915-4b00-89fa-ee0108affcd5:192.168.46.58:42463: org.apache.ratis.thirdparty.io.grpc.StatusRuntimeException: UNAVAILABLE: io exception
2019-06-15 09:21:33,845 INFO  impl.FollowerInfo (FollowerInfo.java:lambda$new$0(50)) - 1213a3aa-5ae3-462e-997a-89eaf4e8c120->747ae0bf-a915-4b00-89fa-ee0108affcd5: nextIndex: updateUnconditionally 0 -> 0
2019-06-15 09:21:33,845 WARN  server.GrpcLogAppender (LogUtils.java:warn(134)) - 1213a3aa-5ae3-462e-997a-89eaf4e8c120: Failed appendEntries to 8b698aba-6fc8-4d44-bf35-b7703e11838d:192.168.46.58:43173: org.apache.ratis.thirdparty.io.grpc.StatusRuntimeException: UNAVAILABLE: io exception
2019-06-15 09:21:33,845 INFO  impl.FollowerInfo (FollowerInfo.java:lambda$new$0(50)) - 1213a3aa-5ae3-462e-997a-89eaf4e8c120->8b698aba-6fc8-4d44-bf35-b7703e11838d: nextIndex: updateUnconditionally 0 -> 0
2019-06-15 09:21:34,345 WARN  server.GrpcLogAppender (LogUtils.java:warn(134)) - 1213a3aa-5ae3-462e-997a-89eaf4e8c120: Failed appendEntries to 8b698aba-6fc8-4d44-bf35-b7703e11838d:192.168.46.58:43173: org.apache.ratis.thirdparty.io.grpc.StatusRuntimeException: UNAVAILABLE: io exception
2019-06-15 09:21:34,345 WARN  server.GrpcLogAppender (LogUtils.java:warn(134)) - 1213a3aa-5ae3-462e-997a-89eaf4e8c120: Failed appendEntries to 747ae0bf-a915-4b00-89fa-ee0108affcd5:192.168.46.58:42463: org.apache.ratis.thirdparty.io.grpc.StatusRuntimeException: UNAVAILABLE: io exception
2019-06-15 09:21:34,345 INFO  impl.FollowerInfo (FollowerInfo.java:lambda$new$0(50)) - 1213a3aa-5ae3-462e-997a-89eaf4e8c120->8b698aba-6fc8-4d44-bf35-b7703e11838d: nextIndex: updateUnconditionally 0 -> 0
2019-06-15 09:21:34,346 INFO  impl.FollowerInfo (FollowerInfo.java:lambda$new$0(50)) - 1213a3aa-5ae3-462e-997a-89eaf4e8c120->747ae0bf-a915-4b00-89fa-ee0108affcd5: nextIndex: updateUnconditionally 0 -> 0
2019-06-15 09:21:34,846 WARN  server.GrpcLogAppender (LogUtils.java:warn(134)) - 1213a3aa-5ae3-462e-997a-89eaf4e8c120: Failed appendEntries to 747ae0bf-a915-4b00-89fa-ee0108affcd5:192.168.46.58:42463: org.apache.ratis.thirdparty.io.grpc.StatusRuntimeException: UNAVAILABLE: io exception
2019-06-15 09:21:34,846 INFO  impl.FollowerInfo (FollowerInfo.java:lambda$new$0(50)) - 1213a3aa-5ae3-462e-997a-89eaf4e8c120->747ae0bf-a915-4b00-89fa-ee0108affcd5: nextIndex: updateUnconditionally 0 -> 0
2019-06-15 09:21:34,847 WARN  server.GrpcLogAppender (LogUtils.java:warn(134)) - 1213a3aa-5ae3-462e-997a-89eaf4e8c120: Failed appendEntries to 8b698aba-6fc8-4d44-bf35-b7703e11838d:192.168.46.58:43173: org.apache.ratis.thirdparty.io.grpc.StatusRuntimeException: UNAVAILABLE: io exception
2019-06-15 09:21:34,848 INFO  impl.FollowerInfo (FollowerInfo.java:lambda$new$0(50)) - 1213a3aa-5ae3-462e-997a-89eaf4e8c120->8b698aba-6fc8-4d44-bf35-b7703e11838d: nextIndex: updateUnconditionally 0 -> 0
2019-06-15 09:21:35,347 WARN  server.GrpcLogAppender (LogUtils.java:warn(134)) - 1213a3aa-5ae3-462e-997a-89eaf4e8c120: Failed appendEntries to 8b698aba-6fc8-4d44-bf35-b7703e11838d:192.168.46.58:43173: org.apache.ratis.thirdparty.io.grpc.StatusRuntimeException: UNAVAILABLE: io exception
2019-06-15 09:21:35,347 INFO  impl.FollowerInfo (FollowerInfo.java:lambda$new$0(50)) - 1213a3aa-5ae3-462e-997a-89eaf4e8c120->8b698aba-6fc8-4d44-bf35-b7703e11838d: nextIndex: updateUnconditionally 0 -> 0
2019-06-15 09:21:35,347 WARN  server.GrpcLogAppender (LogUtils.java:warn(134)) - 1213a3aa-5ae3-462e-997a-89eaf4e8c120: Failed appendEntries to 747ae0bf-a915-4b00-89fa-ee0108affcd5:192.168.46.58:42463: org.apache.ratis.thirdparty.io.grpc.StatusRuntimeException: UNAVAILABLE: io exception
2019-06-15 09:21:35,348 INFO  impl.FollowerInfo (FollowerInfo.java:lambda$new$0(50)) - 1213a3aa-5ae3-462e-997a-89eaf4e8c120->747ae0bf-a915-4b00-89fa-ee0108affcd5: nextIndex: updateUnconditionally 0 -> 0
2019-06-15 09:21:35,847 WARN  server.GrpcLogAppender (LogUtils.java:warn(134)) - 1213a3aa-5ae3-462e-997a-89eaf4e8c120: Failed appendEntries to 747ae0bf-a915-4b00-89fa-ee0108affcd5:192.168.46.58:42463: org.apache.ratis.thirdparty.io.grpc.StatusRuntimeException: UNAVAILABLE: io exception
2019-06-15 09:21:35,847 WARN  server.GrpcLogAppender (LogUtils.java:warn(134)) - 1213a3aa-5ae3-462e-997a-89eaf4e8c120: Failed appendEntries to 8b698aba-6fc8-4d44-bf35-b7703e11838d:192.168.46.58:43173: org.apache.ratis.thirdparty.io.grpc.StatusRuntimeException: UNAVAILABLE: io exception
2019-06-15 09:21:35,847 INFO  impl.FollowerInfo (FollowerInfo.java:lambda$new$0(50)) - 1213a3aa-5ae3-462e-997a-89eaf4e8c120->747ae0bf-a915-4b00-89fa-ee0108affcd5: nextIndex: updateUnconditionally 0 -> 0
2019-06-15 09:21:35,848 INFO  impl.FollowerInfo (FollowerInfo.java:lambda$new$0(50)) - 1213a3aa-5ae3-462e-997a-89eaf4e8c120->8b698aba-6fc8-4d44-bf35-b7703e11838d: nextIndex: updateUnconditionally 0 -> 0
2019-06-15 09:21:36,348 WARN  server.GrpcLogAppender (LogUtils.java:warn(134)) - 1213a3aa-5ae3-462e-997a-89eaf4e8c120: Failed appendEntries to 8b698aba-6fc8-4d44-bf35-b7703e11838d:192.168.46.58:43173: org.apache.ratis.thirdparty.io.grpc.StatusRuntimeException: UNAVAILABLE: io exception
2019-06-15 09:21:36,348 INFO  impl.FollowerInfo (FollowerInfo.java:lambda$new$0(50)) - 1213a3aa-5ae3-462e-997a-89eaf4e8c120->8b698aba-6fc8-4d44-bf35-b7703e11838d: nextIndex: updateUnconditionally 0 -> 0
2019-06-15 09:21:36,348 WARN  server.GrpcLogAppender (LogUtils.java:warn(134)) - 1213a3aa-5ae3-462e-997a-89eaf4e8c120: Failed appendEntries to 747ae0bf-a915-4b00-89fa-ee0108affcd5:192.168.46.58:42463: org.apache.ratis.thirdparty.io.grpc.StatusRuntimeException: UNAVAILABLE: io exception
2019-06-15 09:21:36,349 INFO  impl.FollowerInfo (FollowerInfo.java:lambda$new$0(50)) - 1213a3aa-5ae3-462e-997a-89eaf4e8c120->747ae0bf-a915-4b00-89fa-ee0108affcd5: nextIndex: updateUnconditionally 0 -> 0
2019-06-15 09:21:36,848 WARN  server.GrpcLogAppender (LogUtils.java:warn(134)) - 1213a3aa-5ae3-462e-997a-89eaf4e8c120: Failed appendEntries to 747ae0bf-a915-4b00-89fa-ee0108affcd5:192.168.46.58:42463: org.apache.ratis.thirdparty.io.grpc.StatusRuntimeException: UNAVAILABLE: io exception
2019-06-15 09:21:36,849 INFO  impl.FollowerInfo (FollowerInfo.java:lambda$new$0(50)) - 1213a3aa-5ae3-462e-997a-89eaf4e8c120->747ae0bf-a915-4b00-89fa-ee0108affcd5: nextIndex: updateUnconditionally 0 -> 0
2019-06-15 09:21:36,849 WARN  server.GrpcLogAppender (LogUtils.java:warn(134)) - 1213a3aa-5ae3-462e-997a-89eaf4e8c120: Failed appendEntries to 8b698aba-6fc8-4d44-bf35-b7703e11838d:192.168.46.58:43173: org.apache.ratis.thirdparty.io.grpc.StatusRuntimeException: UNAVAILABLE: io exception
2019-06-15 09:21:36,849 INFO  impl.FollowerInfo (FollowerInfo.java:lambda$new$0(50)) - 1213a3aa-5ae3-462e-997a-89eaf4e8c120->8b698aba-6fc8-4d44-bf35-b7703e11838d: nextIndex: updateUnconditionally 0 -> 0
2019-06-15 09:21:37,349 WARN  server.GrpcLogAppender (LogUtils.java:warn(134)) - 1213a3aa-5ae3-462e-997a-89eaf4e8c120: Failed appendEntries to 8b698aba-6fc8-4d44-bf35-b7703e11838d:192.168.46.58:43173: org.apache.ratis.thirdparty.io.grpc.StatusRuntimeException: UNAVAILABLE: io exception
2019-06-15 09:21:37,349 INFO  impl.FollowerInfo (FollowerInfo.java:lambda$new$0(50)) - 1213a3aa-5ae3-462e-997a-89eaf4e8c120->8b698aba-6fc8-4d44-bf35-b7703e11838d: nextIndex: updateUnconditionally 0 -> 0
2019-06-15 09:21:37,350 WARN  server.GrpcLogAppender (LogUtils.java:warn(134)) - 1213a3aa-5ae3-462e-997a-89eaf4e8c120: Failed appendEntries to 747ae0bf-a915-4b00-89fa-ee0108affcd5:192.168.46.58:42463: org.apache.ratis.thirdparty.io.grpc.StatusRuntimeException: UNAVAILABLE: io exception
2019-06-15 09:21:37,350 INFO  impl.FollowerInfo (FollowerInfo.java:lambda$new$0(50)) - 1213a3aa-5ae3-462e-997a-89eaf4e8c120->747ae0bf-a915-4b00-89fa-ee0108affcd5: nextIndex: updateUnconditionally 0 -> 0
2019-06-15 09:21:37,850 WARN  server.GrpcLogAppender (LogUtils.java:warn(134)) - 1213a3aa-5ae3-462e-997a-89eaf4e8c120: Failed appendEntries to 8b698aba-6fc8-4d44-bf35-b7703e11838d:192.168.46.58:43173: org.apache.ratis.thirdparty.io.grpc.StatusRuntimeException: UNAVAILABLE: io exception
2019-06-15 09:21:37,850 WARN  server.GrpcLogAppender (LogUtils.java:warn(134)) - 1213a3aa-5ae3-462e-997a-89eaf4e8c120: Failed appendEntries to 747ae0bf-a915-4b00-89fa-ee0108affcd5:192.168.46.58:42463: org.apache.ratis.thirdparty.io.grpc.StatusRuntimeException: UNAVAILABLE: io exception
2019-06-15 09:21:37,850 INFO  impl.FollowerInfo (FollowerInfo.java:lambda$new$0(50)) - 1213a3aa-5ae3-462e-997a-89eaf4e8c120->8b698aba-6fc8-4d44-bf35-b7703e11838d: nextIndex: updateUnconditionally 0 -> 0
2019-06-15 09:21:37,850 INFO  impl.FollowerInfo (FollowerInfo.java:lambda$new$0(50)) - 1213a3aa-5ae3-462e-997a-89eaf4e8c120->747ae0bf-a915-4b00-89fa-ee0108affcd5: nextIndex: updateUnconditionally 0 -> 0
2019-06-15 09:21:38,350 WARN  server.GrpcLogAppender (LogUtils.java:warn(134)) - 1213a3aa-5ae3-462e-997a-89eaf4e8c120: Failed appendEntries to 747ae0bf-a915-4b00-89fa-ee0108affcd5:192.168.46.58:42463: org.apache.ratis.thirdparty.io.grpc.StatusRuntimeException: UNAVAILABLE: io exception
2019-06-15 09:21:38,351 INFO  impl.FollowerInfo (FollowerInfo.java:lambda$new$0(50)) - 1213a3aa-5ae3-462e-997a-89eaf4e8c120->747ae0bf-a915-4b00-89fa-ee0108affcd5: nextIndex: updateUnconditionally 0 -> 0
2019-06-15 09:21:38,350 WARN  server.GrpcLogAppender (LogUtils.java:warn(134)) - 1213a3aa-5ae3-462e-997a-89eaf4e8c120: Failed appendEntries to 8b698aba-6fc8-4d44-bf35-b7703e11838d:192.168.46.58:43173: org.apache.ratis.thirdparty.io.grpc.StatusRuntimeException: UNAVAILABLE: io exception
2019-06-15 09:21:38,351 INFO  impl.FollowerInfo (FollowerInfo.java:lambda$new$0(50)) - 1213a3aa-5ae3-462e-997a-89eaf4e8c120->8b698aba-6fc8-4d44-bf35-b7703e11838d: nextIndex: updateUnconditionally 0 -> 0
2019-06-15 09:21:38,851 WARN  server.GrpcLogAppender (LogUtils.java:warn(134)) - 1213a3aa-5ae3-462e-997a-89eaf4e8c120: Failed appendEntries to 747ae0bf-a915-4b00-89fa-ee0108affcd5:192.168.46.58:42463: org.apache.ratis.thirdparty.io.grpc.StatusRuntimeException: UNAVAILABLE: io exception
2019-06-15 09:21:38,851 INFO  impl.FollowerInfo (FollowerInfo.java:lambda$new$0(50)) - 1213a3aa-5ae3-462e-997a-89eaf4e8c120->747ae0bf-a915-4b00-89fa-ee0108affcd5: nextIndex: updateUnconditionally 0 -> 0
2019-06-15 09:21:38,851 WARN  server.GrpcLogAppender (LogUtils.java:warn(134)) - 1213a3aa-5ae3-462e-997a-89eaf4e8c120: Failed appendEntries to 8b698aba-6fc8-4d44-bf35-b7703e11838d:192.168.46.58:43173: org.apache.ratis.thirdparty.io.grpc.StatusRuntimeException: UNAVAILABLE: io exception
2019-06-15 09:21:38,852 INFO  impl.FollowerInfo (FollowerInfo.java:lambda$new$0(50)) - 1213a3aa-5ae3-462e-997a-89eaf4e8c120->8b698aba-6fc8-4d44-bf35-b7703e11838d: nextIndex: updateUnconditionally 0 -> 0
2019-06-15 09:21:39,351 WARN  server.GrpcLogAppender (LogUtils.java:warn(134)) - 1213a3aa-5ae3-462e-997a-89eaf4e8c120: Failed appendEntries to 747ae0bf-a915-4b00-89fa-ee0108affcd5:192.168.46.58:42463: org.apache.ratis.thirdparty.io.grpc.StatusRuntimeException: UNAVAILABLE: io exception
2019-06-15 09:21:39,351 WARN  server.GrpcLogAppender (LogUtils.java:warn(134)) - 1213a3aa-5ae3-462e-997a-89eaf4e8c120: Failed appendEntries to 8b698aba-6fc8-4d44-bf35-b7703e11838d:192.168.46.58:43173: org.apache.ratis.thirdparty.io.grpc.StatusRuntimeException: UNAVAILABLE: io exception
2019-06-15 09:21:39,352 INFO  impl.FollowerInfo (FollowerInfo.java:lambda$new$0(50)) - 1213a3aa-5ae3-462e-997a-89eaf4e8c120->747ae0bf-a915-4b00-89fa-ee0108affcd5: nextIndex: updateUnconditionally 0 -> 0
2019-06-15 09:21:39,352 INFO  impl.FollowerInfo (FollowerInfo.java:lambda$new$0(50)) - 1213a3aa-5ae3-462e-997a-89eaf4e8c120->8b698aba-6fc8-4d44-bf35-b7703e11838d: nextIndex: updateUnconditionally 0 -> 0
2019-06-15 09:21:39,852 WARN  server.GrpcLogAppender (LogUtils.java:warn(134)) - 1213a3aa-5ae3-462e-997a-89eaf4e8c120: Failed appendEntries to 747ae0bf-a915-4b00-89fa-ee0108affcd5:192.168.46.58:42463: org.apache.ratis.thirdparty.io.grpc.StatusRuntimeException: UNAVAILABLE: io exception
2019-06-15 09:21:39,852 INFO  impl.FollowerInfo (FollowerInfo.java:lambda$new$0(50)) - 1213a3aa-5ae3-462e-997a-89eaf4e8c120->747ae0bf-a915-4b00-89fa-ee0108affcd5: nextIndex: updateUnconditionally 0 -> 0
2019-06-15 09:21:39,853 WARN  server.GrpcLogAppender (LogUtils.java:warn(134)) - 1213a3aa-5ae3-462e-997a-89eaf4e8c120: Failed appendEntries to 8b698aba-6fc8-4d44-bf35-b7703e11838d:192.168.46.58:43173: org.apache.ratis.thirdparty.io.grpc.StatusRuntimeException: UNAVAILABLE: io exception
2019-06-15 09:21:39,853 INFO  impl.FollowerInfo (FollowerInfo.java:lambda$new$0(50)) - 1213a3aa-5ae3-462e-997a-89eaf4e8c120->8b698aba-6fc8-4d44-bf35-b7703e11838d: nextIndex: updateUnconditionally 0 -> 0
2019-06-15 09:21:40,353 WARN  server.GrpcLogAppender (LogUtils.java:warn(134)) - 1213a3aa-5ae3-462e-997a-89eaf4e8c120: Failed appendEntries to 747ae0bf-a915-4b00-89fa-ee0108affcd5:192.168.46.58:42463: org.apache.ratis.thirdparty.io.grpc.StatusRuntimeException: UNAVAILABLE: io exception
2019-06-15 09:21:40,353 WARN  server.GrpcLogAppender (LogUtils.java:warn(134)) - 1213a3aa-5ae3-462e-997a-89eaf4e8c120: Failed appendEntries to 8b698aba-6fc8-4d44-bf35-b7703e11838d:192.168.46.58:43173: org.apache.ratis.thirdparty.io.grpc.StatusRuntimeException: UNAVAILABLE: io exception
2019-06-15 09:21:40,353 INFO  impl.FollowerInfo (FollowerInfo.java:lambda$new$0(50)) - 1213a3aa-5ae3-462e-997a-89eaf4e8c120->8b698aba-6fc8-4d44-bf35-b7703e11838d: nextIndex: updateUnconditionally 0 -> 0
2019-06-15 09:21:40,353 INFO  impl.FollowerInfo (FollowerInfo.java:lambda$new$0(50)) - 1213a3aa-5ae3-462e-997a-89eaf4e8c120->747ae0bf-a915-4b00-89fa-ee0108affcd5: nextIndex: updateUnconditionally 0 -> 0
2019-06-15 09:21:40,854 WARN  server.GrpcLogAppender (LogUtils.java:warn(134)) - 1213a3aa-5ae3-462e-997a-89eaf4e8c120: Failed appendEntries to 747ae0bf-a915-4b00-89fa-ee0108affcd5:192.168.46.58:42463: org.apache.ratis.thirdparty.io.grpc.StatusRuntimeException: UNAVAILABLE: io exception
2019-06-15 09:21:40,854 WARN  server.GrpcLogAppender (LogUtils.java:warn(134)) - 1213a3aa-5ae3-462e-997a-89eaf4e8c120: Failed appendEntries to 8b698aba-6fc8-4d44-bf35-b7703e11838d:192.168.46.58:43173: org.apache.ratis.thirdparty.io.grpc.StatusRuntimeException: UNAVAILABLE: io exception
2019-06-15 09:21:40,854 INFO  impl.FollowerInfo (FollowerInfo.java:lambda$new$0(50)) - 1213a3aa-5ae3-462e-997a-89eaf4e8c120->747ae0bf-a915-4b00-89fa-ee0108affcd5: nextIndex: updateUnconditionally 0 -> 0
2019-06-15 09:21:40,855 INFO  impl.FollowerInfo (FollowerInfo.java:lambda$new$0(50)) - 1213a3aa-5ae3-462e-997a-89eaf4e8c120->8b698aba-6fc8-4d44-bf35-b7703e11838d: nextIndex: updateUnconditionally 0 -> 0
2019-06-15 09:21:41,355 WARN  server.GrpcLogAppender (LogUtils.java:warn(134)) - 1213a3aa-5ae3-462e-997a-89eaf4e8c120: Failed appendEntries to 8b698aba-6fc8-4d44-bf35-b7703e11838d:192.168.46.58:43173: org.apache.ratis.thirdparty.io.grpc.StatusRuntimeException: UNAVAILABLE: io exception
2019-06-15 09:21:41,355 INFO  impl.FollowerInfo (FollowerInfo.java:lambda$new$0(50)) - 1213a3aa-5ae3-462e-997a-89eaf4e8c120->8b698aba-6fc8-4d44-bf35-b7703e11838d: nextIndex: updateUnconditionally 0 -> 0
2019-06-15 09:21:41,356 WARN  server.GrpcLogAppender (LogUtils.java:warn(134)) - 1213a3aa-5ae3-462e-997a-89eaf4e8c120: Failed appendEntries to 747ae0bf-a915-4b00-89fa-ee0108affcd5:192.168.46.58:42463: org.apache.ratis.thirdparty.io.grpc.StatusRuntimeException: UNAVAILABLE: io exception
2019-06-15 09:21:41,356 INFO  impl.FollowerInfo (FollowerInfo.java:lambda$new$0(50)) - 1213a3aa-5ae3-462e-997a-89eaf4e8c120->747ae0bf-a915-4b00-89fa-ee0108affcd5: nextIndex: updateUnconditionally 0 -> 0
2019-06-15 09:21:41,855 WARN  server.GrpcLogAppender (LogUtils.java:warn(134)) - 1213a3aa-5ae3-462e-997a-89eaf4e8c120: Failed appendEntries to 8b698aba-6fc8-4d44-bf35-b7703e11838d:192.168.46.58:43173: org.apache.ratis.thirdparty.io.grpc.StatusRuntimeException: UNAVAILABLE: io exception
2019-06-15 09:21:41,856 INFO  impl.FollowerInfo (FollowerInfo.java:lambda$new$0(50)) - 1213a3aa-5ae3-462e-997a-89eaf4e8c120->8b698aba-6fc8-4d44-bf35-b7703e11838d: nextIndex: updateUnconditionally 0 -> 0
2019-06-15 09:21:41,856 WARN  server.GrpcLogAppender (LogUtils.java:warn(134)) - 1213a3aa-5ae3-462e-997a-89eaf4e8c120: Failed appendEntries to 747ae0bf-a915-4b00-89fa-ee0108affcd5:192.168.46.58:42463: org.apache.ratis.thirdparty.io.grpc.StatusRuntimeException: UNAVAILABLE: io exception
2019-06-15 09:21:41,857 INFO  impl.FollowerInfo (FollowerInfo.java:lambda$new$0(50)) - 1213a3aa-5ae3-462e-997a-89eaf4e8c120->747ae0bf-a915-4b00-89fa-ee0108affcd5: nextIndex: updateUnconditionally 0 -> 0
2019-06-15 09:21:42,356 WARN  server.GrpcLogAppender (LogUtils.java:warn(134)) - 1213a3aa-5ae3-462e-997a-89eaf4e8c120: Failed appendEntries to 8b698aba-6fc8-4d44-bf35-b7703e11838d:192.168.46.58:43173: org.apache.ratis.thirdparty.io.grpc.StatusRuntimeException: UNAVAILABLE: io exception
2019-06-15 09:21:42,356 INFO  impl.FollowerInfo (FollowerInfo.java:lambda$new$0(50)) - 1213a3aa-5ae3-462e-997a-89eaf4e8c120->8b698aba-6fc8-4d44-bf35-b7703e11838d: nextIndex: updateUnconditionally 0 -> 0
2019-06-15 09:21:42,357 WARN  server.GrpcLogAppender (LogUtils.java:warn(134)) - 1213a3aa-5ae3-462e-997a-89eaf4e8c120: Failed appendEntries to 747ae0bf-a915-4b00-89fa-ee0108affcd5:192.168.46.58:42463: org.apache.ratis.thirdparty.io.grpc.StatusRuntimeException: UNAVAILABLE: io exception
2019-06-15 09:21:42,357 INFO  impl.FollowerInfo (FollowerInfo.java:lambda$new$0(50)) - 1213a3aa-5ae3-462e-997a-89eaf4e8c120->747ae0bf-a915-4b00-89fa-ee0108affcd5: nextIndex: updateUnconditionally 0 -> 0
2019-06-15 09:21:42,857 WARN  server.GrpcLogAppender (LogUtils.java:warn(134)) - 1213a3aa-5ae3-462e-997a-89eaf4e8c120: Failed appendEntries to 8b698aba-6fc8-4d44-bf35-b7703e11838d:192.168.46.58:43173: org.apache.ratis.thirdparty.io.grpc.StatusRuntimeException: UNAVAILABLE: io exception
2019-06-15 09:21:42,857 INFO  impl.FollowerInfo (FollowerInfo.java:lambda$new$0(50)) - 1213a3aa-5ae3-462e-997a-89eaf4e8c120->8b698aba-6fc8-4d44-bf35-b7703e11838d: nextIndex: updateUnconditionally 0 -> 0
2019-06-15 09:21:42,857 WARN  server.GrpcLogAppender (LogUtils.java:warn(134)) - 1213a3aa-5ae3-462e-997a-89eaf4e8c120: Failed appendEntries to 747ae0bf-a915-4b00-89fa-ee0108affcd5:192.168.46.58:42463: org.apache.ratis.thirdparty.io.grpc.StatusRuntimeException: UNAVAILABLE: io exception
2019-06-15 09:21:42,858 INFO  impl.FollowerInfo (FollowerInfo.java:lambda$new$0(50)) - 1213a3aa-5ae3-462e-997a-89eaf4e8c120->747ae0bf-a915-4b00-89fa-ee0108affcd5: nextIndex: updateUnconditionally 0 -> 0
2019-06-15 09:21:43,357 WARN  server.GrpcLogAppender (LogUtils.java:warn(134)) - 1213a3aa-5ae3-462e-997a-89eaf4e8c120: Failed appendEntries to 8b698aba-6fc8-4d44-bf35-b7703e11838d:192.168.46.58:43173: org.apache.ratis.thirdparty.io.grpc.StatusRuntimeException: UNAVAILABLE: io exception
2019-06-15 09:21:43,358 INFO  impl.FollowerInfo (FollowerInfo.java:lambda$new$0(50)) - 1213a3aa-5ae3-462e-997a-89eaf4e8c120->8b698aba-6fc8-4d44-bf35-b7703e11838d: nextIndex: updateUnconditionally 0 -> 0
2019-06-15 09:21:43,358 WARN  server.GrpcLogAppender (LogUtils.java:warn(134)) - 1213a3aa-5ae3-462e-997a-89eaf4e8c120: Failed appendEntries to 747ae0bf-a915-4b00-89fa-ee0108affcd5:192.168.46.58:42463: org.apache.ratis.thirdparty.io.grpc.StatusRuntimeException: UNAVAILABLE: io exception
2019-06-15 09:21:43,359 INFO  impl.FollowerInfo (FollowerInfo.java:lambda$new$0(50)) - 1213a3aa-5ae3-462e-997a-89eaf4e8c120->747ae0bf-a915-4b00-89fa-ee0108affcd5: nextIndex: updateUnconditionally 0 -> 0
2019-06-15 09:21:43,677 INFO  client.GrpcClientProtocolService (GrpcClientProtocolService.java:lambda$processClientRequest$0(264)) - Failed RaftClientRequest:client-C9E8AC103638->1213a3aa-5ae3-462e-997a-89eaf4e8c120@group-0480E57361D7, cid=67, seq=0, Watch-ALL_COMMITTED(2), Message:<EMPTY>, reply=RaftClientReply:client-C9E8AC103638->1213a3aa-5ae3-462e-997a-89eaf4e8c120@group-0480E57361D7, cid=67, FAILED org.apache.ratis.protocol.NotReplicatedException: Request with call Id 67 and log index 2 is not yet replicated to ALL_COMMITTED, logIndex=2, commits[1213a3aa-5ae3-462e-997a-89eaf4e8c120:c2, 747ae0bf-a915-4b00-89fa-ee0108affcd5:c1, 8b698aba-6fc8-4d44-bf35-b7703e11838d:c1]
2019-06-15 09:21:43,859 WARN  server.GrpcLogAppender (LogUtils.java:warn(134)) - 1213a3aa-5ae3-462e-997a-89eaf4e8c120: Failed appendEntries to 747ae0bf-a915-4b00-89fa-ee0108affcd5:192.168.46.58:42463: org.apache.ratis.thirdparty.io.grpc.StatusRuntimeException: UNAVAILABLE: io exception
2019-06-15 09:21:43,859 INFO  impl.FollowerInfo (FollowerInfo.java:lambda$new$0(50)) - 1213a3aa-5ae3-462e-997a-89eaf4e8c120->747ae0bf-a915-4b00-89fa-ee0108affcd5: nextIndex: updateUnconditionally 0 -> 0
2019-06-15 09:21:43,859 WARN  server.GrpcLogAppender (LogUtils.java:warn(134)) - 1213a3aa-5ae3-462e-997a-89eaf4e8c120: Failed appendEntries to 8b698aba-6fc8-4d44-bf35-b7703e11838d:192.168.46.58:43173: org.apache.ratis.thirdparty.io.grpc.StatusRuntimeException: UNAVAILABLE: io exception
2019-06-15 09:21:43,860 INFO  impl.FollowerInfo (FollowerInfo.java:lambda$new$0(50)) - 1213a3aa-5ae3-462e-997a-89eaf4e8c120->8b698aba-6fc8-4d44-bf35-b7703e11838d: nextIndex: updateUnconditionally 0 -> 0
2019-06-15 09:21:44,359 WARN  server.GrpcLogAppender (LogUtils.java:warn(134)) - 1213a3aa-5ae3-462e-997a-89eaf4e8c120: Failed appendEntries to 8b698aba-6fc8-4d44-bf35-b7703e11838d:192.168.46.58:43173: org.apache.ratis.thirdparty.io.grpc.StatusRuntimeException: UNAVAILABLE: io exception
2019-06-15 09:21:44,359 INFO  impl.FollowerInfo (FollowerInfo.java:lambda$new$0(50)) - 1213a3aa-5ae3-462e-997a-89eaf4e8c120->8b698aba-6fc8-4d44-bf35-b7703e11838d: nextIndex: updateUnconditionally 0 -> 0
2019-06-15 09:21:44,359 WARN  server.GrpcLogAppender (LogUtils.java:warn(134)) - 1213a3aa-5ae3-462e-997a-89eaf4e8c120: Failed appendEntries to 747ae0bf-a915-4b00-89fa-ee0108affcd5:192.168.46.58:42463: org.apache.ratis.thirdparty.io.grpc.StatusRuntimeException: UNAVAILABLE: io exception
2019-06-15 09:21:44,360 INFO  impl.FollowerInfo (FollowerInfo.java:lambda$new$0(50)) - 1213a3aa-5ae3-462e-997a-89eaf4e8c120->747ae0bf-a915-4b00-89fa-ee0108affcd5: nextIndex: updateUnconditionally 0 -> 0
2019-06-15 09:21:44,859 WARN  server.GrpcLogAppender (LogUtils.java:warn(134)) - 1213a3aa-5ae3-462e-997a-89eaf4e8c120: Failed appendEntries to 8b698aba-6fc8-4d44-bf35-b7703e11838d:192.168.46.58:43173: org.apache.ratis.thirdparty.io.grpc.StatusRuntimeException: UNAVAILABLE: io exception
2019-06-15 09:21:44,860 INFO  impl.FollowerInfo (FollowerInfo.java:lambda$new$0(50)) - 1213a3aa-5ae3-462e-997a-89eaf4e8c120->8b698aba-6fc8-4d44-bf35-b7703e11838d: nextIndex: updateUnconditionally 0 -> 0
2019-06-15 09:21:44,860 WARN  server.GrpcLogAppender (LogUtils.java:warn(134)) - 1213a3aa-5ae3-462e-997a-89eaf4e8c120: Failed appendEntries to 747ae0bf-a915-4b00-89fa-ee0108affcd5:192.168.46.58:42463: org.apache.ratis.thirdparty.io.grpc.StatusRuntimeException: UNAVAILABLE: io exception
2019-06-15 09:21:44,860 INFO  impl.FollowerInfo (FollowerInfo.java:lambda$new$0(50)) - 1213a3aa-5ae3-462e-997a-89eaf4e8c120->747ae0bf-a915-4b00-89fa-ee0108affcd5: nextIndex: updateUnconditionally 0 -> 0
2019-06-15 09:21:45,360 WARN  server.GrpcLogAppender (LogUtils.java:warn(134)) - 1213a3aa-5ae3-462e-997a-89eaf4e8c120: Failed appendEntries to 8b698aba-6fc8-4d44-bf35-b7703e11838d:192.168.46.58:43173: org.apache.ratis.thirdparty.io.grpc.StatusRuntimeException: UNAVAILABLE: io exception
2019-06-15 09:21:45,360 INFO  impl.FollowerInfo (FollowerInfo.java:lambda$new$0(50)) - 1213a3aa-5ae3-462e-997a-89eaf4e8c120->8b698aba-6fc8-4d44-bf35-b7703e11838d: nextIndex: updateUnconditionally 0 -> 0
2019-06-15 09:21:45,360 WARN  server.GrpcLogAppender (LogUtils.java:warn(134)) - 1213a3aa-5ae3-462e-997a-89eaf4e8c120: Failed appendEntries to 747ae0bf-a915-4b00-89fa-ee0108affcd5:192.168.46.58:42463: org.apache.ratis.thirdparty.io.grpc.StatusRuntimeException: UNAVAILABLE: io exception
2019-06-15 09:21:45,361 INFO  impl.FollowerInfo (FollowerInfo.java:lambda$new$0(50)) - 1213a3aa-5ae3-462e-997a-89eaf4e8c120->747ae0bf-a915-4b00-89fa-ee0108affcd5: nextIndex: updateUnconditionally 0 -> 0
2019-06-15 09:21:45,861 WARN  server.GrpcLogAppender (LogUtils.java:warn(134)) - 1213a3aa-5ae3-462e-997a-89eaf4e8c120: Failed appendEntries to 747ae0bf-a915-4b00-89fa-ee0108affcd5:192.168.46.58:42463: org.apache.ratis.thirdparty.io.grpc.StatusRuntimeException: UNAVAILABLE: io exception
2019-06-15 09:21:45,862 WARN  server.GrpcLogAppender (LogUtils.java:warn(134)) - 1213a3aa-5ae3-462e-997a-89eaf4e8c120: Failed appendEntries to 8b698aba-6fc8-4d44-bf35-b7703e11838d:192.168.46.58:43173: org.apache.ratis.thirdparty.io.grpc.StatusRuntimeException: UNAVAILABLE: io exception
2019-06-15 09:21:45,862 INFO  impl.FollowerInfo (FollowerInfo.java:lambda$new$0(50)) - 1213a3aa-5ae3-462e-997a-89eaf4e8c120->747ae0bf-a915-4b00-89fa-ee0108affcd5: nextIndex: updateUnconditionally 0 -> 0
2019-06-15 09:21:45,862 INFO  impl.FollowerInfo (FollowerInfo.java:lambda$new$0(50)) - 1213a3aa-5ae3-462e-997a-89eaf4e8c120->8b698aba-6fc8-4d44-bf35-b7703e11838d: nextIndex: updateUnconditionally 0 -> 0
2019-06-15 09:21:46,361 WARN  server.GrpcLogAppender (LogUtils.java:warn(134)) - 1213a3aa-5ae3-462e-997a-89eaf4e8c120: Failed appendEntries to 8b698aba-6fc8-4d44-bf35-b7703e11838d:192.168.46.58:43173: org.apache.ratis.thirdparty.io.grpc.StatusRuntimeException: UNAVAILABLE: io exception
2019-06-15 09:21:46,361 INFO  impl.FollowerInfo (FollowerInfo.java:lambda$new$0(50)) - 1213a3aa-5ae3-462e-997a-89eaf4e8c120->8b698aba-6fc8-4d44-bf35-b7703e11838d: nextIndex: updateUnconditionally 0 -> 0
2019-06-15 09:21:46,361 WARN  server.GrpcLogAppender (LogUtils.java:warn(134)) - 1213a3aa-5ae3-462e-997a-89eaf4e8c120: Failed appendEntries to 747ae0bf-a915-4b00-89fa-ee0108affcd5:192.168.46.58:42463: org.apache.ratis.thirdparty.io.grpc.StatusRuntimeException: UNAVAILABLE: io exception
2019-06-15 09:21:46,361 INFO  impl.FollowerInfo (FollowerInfo.java:lambda$new$0(50)) - 1213a3aa-5ae3-462e-997a-89eaf4e8c120->747ae0bf-a915-4b00-89fa-ee0108affcd5: nextIndex: updateUnconditionally 0 -> 0
2019-06-15 09:21:46,861 WARN  server.GrpcLogAppender (LogUtils.java:warn(134)) - 1213a3aa-5ae3-462e-997a-89eaf4e8c120: Failed appendEntries to 8b698aba-6fc8-4d44-bf35-b7703e11838d:192.168.46.58:43173: org.apache.ratis.thirdparty.io.grpc.StatusRuntimeException: UNAVAILABLE: io exception
2019-06-15 09:21:46,862 INFO  impl.FollowerInfo (FollowerInfo.java:lambda$new$0(50)) - 1213a3aa-5ae3-462e-997a-89eaf4e8c120->8b698aba-6fc8-4d44-bf35-b7703e11838d: nextIndex: updateUnconditionally 0 -> 0
2019-06-15 09:21:46,862 WARN  server.GrpcLogAppender (LogUtils.java:warn(134)) - 1213a3aa-5ae3-462e-997a-89eaf4e8c120: Failed appendEntries to 747ae0bf-a915-4b00-89fa-ee0108affcd5:192.168.46.58:42463: org.apache.ratis.thirdparty.io.grpc.StatusRuntimeException: UNAVAILABLE: io exception
2019-06-15 09:21:46,862 INFO  impl.FollowerInfo (FollowerInfo.java:lambda$new$0(50)) - 1213a3aa-5ae3-462e-997a-89eaf4e8c120->747ae0bf-a915-4b00-89fa-ee0108affcd5: nextIndex: updateUnconditionally 0 -> 0
2019-06-15 09:21:47,362 WARN  server.GrpcLogAppender (LogUtils.java:warn(134)) - 1213a3aa-5ae3-462e-997a-89eaf4e8c120: Failed appendEntries to 8b698aba-6fc8-4d44-bf35-b7703e11838d:192.168.46.58:43173: org.apache.ratis.thirdparty.io.grpc.StatusRuntimeException: UNAVAILABLE: io exception
2019-06-15 09:21:47,362 INFO  impl.FollowerInfo (FollowerInfo.java:lambda$new$0(50)) - 1213a3aa-5ae3-462e-997a-89eaf4e8c120->8b698aba-6fc8-4d44-bf35-b7703e11838d: nextIndex: updateUnconditionally 0 -> 0
2019-06-15 09:21:47,362 WARN  server.GrpcLogAppender (LogUtils.java:warn(134)) - 1213a3aa-5ae3-462e-997a-89eaf4e8c120: Failed appendEntries to 747ae0bf-a915-4b00-89fa-ee0108affcd5:192.168.46.58:42463: org.apache.ratis.thirdparty.io.grpc.StatusRuntimeException: UNAVAILABLE: io exception
2019-06-15 09:21:47,363 INFO  impl.FollowerInfo (FollowerInfo.java:lambda$new$0(50)) - 1213a3aa-5ae3-462e-997a-89eaf4e8c120->747ae0bf-a915-4b00-89fa-ee0108affcd5: nextIndex: updateUnconditionally 0 -> 0
2019-06-15 09:21:47,863 WARN  server.GrpcLogAppender (LogUtils.java:warn(134)) - 1213a3aa-5ae3-462e-997a-89eaf4e8c120: Failed appendEntries to 747ae0bf-a915-4b00-89fa-ee0108affcd5:192.168.46.58:42463: org.apache.ratis.thirdparty.io.grpc.StatusRuntimeException: UNAVAILABLE: io exception
2019-06-15 09:21:47,863 WARN  server.GrpcLogAppender (LogUtils.java:warn(134)) - 1213a3aa-5ae3-462e-997a-89eaf4e8c120: Failed appendEntries to 8b698aba-6fc8-4d44-bf35-b7703e11838d:192.168.46.58:43173: org.apache.ratis.thirdparty.io.grpc.StatusRuntimeException: UNAVAILABLE: io exception
2019-06-15 09:21:47,863 INFO  impl.FollowerInfo (FollowerInfo.java:lambda$new$0(50)) - 1213a3aa-5ae3-462e-997a-89eaf4e8c120->747ae0bf-a915-4b00-89fa-ee0108affcd5: nextIndex: updateUnconditionally 0 -> 0
2019-06-15 09:21:47,863 INFO  impl.FollowerInfo (FollowerInfo.java:lambda$new$0(50)) - 1213a3aa-5ae3-462e-997a-89eaf4e8c120->8b698aba-6fc8-4d44-bf35-b7703e11838d: nextIndex: updateUnconditionally 0 -> 0
2019-06-15 09:21:48,363 WARN  server.GrpcLogAppender (LogUtils.java:warn(134)) - 1213a3aa-5ae3-462e-997a-89eaf4e8c120: Failed appendEntries to 747ae0bf-a915-4b00-89fa-ee0108affcd5:192.168.46.58:42463: org.apache.ratis.thirdparty.io.grpc.StatusRuntimeException: UNAVAILABLE: io exception
2019-06-15 09:21:48,363 WARN  server.GrpcLogAppender (LogUtils.java:warn(134)) - 1213a3aa-5ae3-462e-997a-89eaf4e8c120: Failed appendEntries to 8b698aba-6fc8-4d44-bf35-b7703e11838d:192.168.46.58:43173: org.apache.ratis.thirdparty.io.grpc.StatusRuntimeException: UNAVAILABLE: io exception
2019-06-15 09:21:48,364 INFO  impl.FollowerInfo (FollowerInfo.java:lambda$new$0(50)) - 1213a3aa-5ae3-462e-997a-89eaf4e8c120->747ae0bf-a915-4b00-89fa-ee0108affcd5: nextIndex: updateUnconditionally 0 -> 0
2019-06-15 09:21:48,364 INFO  impl.FollowerInfo (FollowerInfo.java:lambda$new$0(50)) - 1213a3aa-5ae3-462e-997a-89eaf4e8c120->8b698aba-6fc8-4d44-bf35-b7703e11838d: nextIndex: updateUnconditionally 0 -> 0
2019-06-15 09:21:48,674 INFO  client.GrpcClientProtocolService (GrpcClientProtocolService.java:lambda$processClientRequest$0(264)) - Failed RaftClientRequest:client-C9E8AC103638->1213a3aa-5ae3-462e-997a-89eaf4e8c120@group-0480E57361D7, cid=67, seq=0, Watch-ALL_COMMITTED(2), Message:<EMPTY>, reply=RaftClientReply:client-C9E8AC103638->1213a3aa-5ae3-462e-997a-89eaf4e8c120@group-0480E57361D7, cid=67, FAILED org.apache.ratis.protocol.NotReplicatedException: Request with call Id 67 and log index 2 is not yet replicated to ALL_COMMITTED, logIndex=2, commits[1213a3aa-5ae3-462e-997a-89eaf4e8c120:c2, 747ae0bf-a915-4b00-89fa-ee0108affcd5:c1, 8b698aba-6fc8-4d44-bf35-b7703e11838d:c1]
2019-06-15 09:21:48,863 WARN  server.GrpcLogAppender (LogUtils.java:warn(134)) - 1213a3aa-5ae3-462e-997a-89eaf4e8c120: Failed appendEntries to 8b698aba-6fc8-4d44-bf35-b7703e11838d:192.168.46.58:43173: org.apache.ratis.thirdparty.io.grpc.StatusRuntimeException: UNAVAILABLE: io exception
2019-06-15 09:21:48,864 INFO  impl.FollowerInfo (FollowerInfo.java:lambda$new$0(50)) - 1213a3aa-5ae3-462e-997a-89eaf4e8c120->8b698aba-6fc8-4d44-bf35-b7703e11838d: nextIndex: updateUnconditionally 0 -> 0
2019-06-15 09:21:48,864 WARN  server.GrpcLogAppender (LogUtils.java:warn(134)) - 1213a3aa-5ae3-462e-997a-89eaf4e8c120: Failed appendEntries to 747ae0bf-a915-4b00-89fa-ee0108affcd5:192.168.46.58:42463: org.apache.ratis.thirdparty.io.grpc.StatusRuntimeException: UNAVAILABLE: io exception
2019-06-15 09:21:48,864 INFO  impl.FollowerInfo (FollowerInfo.java:lambda$new$0(50)) - 1213a3aa-5ae3-462e-997a-89eaf4e8c120->747ae0bf-a915-4b00-89fa-ee0108affcd5: nextIndex: updateUnconditionally 0 -> 0
2019-06-15 09:21:49,364 WARN  server.GrpcLogAppender (LogUtils.java:warn(134)) - 1213a3aa-5ae3-462e-997a-89eaf4e8c120: Failed appendEntries to 747ae0bf-a915-4b00-89fa-ee0108affcd5:192.168.46.58:42463: org.apache.ratis.thirdparty.io.grpc.StatusRuntimeException: UNAVAILABLE: io exception
2019-06-15 09:21:49,364 WARN  server.GrpcLogAppender (LogUtils.java:warn(134)) - 1213a3aa-5ae3-462e-997a-89eaf4e8c120: Failed appendEntries to 8b698aba-6fc8-4d44-bf35-b7703e11838d:192.168.46.58:43173: org.apache.ratis.thirdparty.io.grpc.StatusRuntimeException: UNAVAILABLE: io exception
2019-06-15 09:21:49,365 INFO  impl.FollowerInfo (FollowerInfo.java:lambda$new$0(50)) - 1213a3aa-5ae3-462e-997a-89eaf4e8c120->8b698aba-6fc8-4d44-bf35-b7703e11838d: nextIndex: updateUnconditionally 0 -> 0
2019-06-15 09:21:49,365 INFO  impl.FollowerInfo (FollowerInfo.java:lambda$new$0(50)) - 1213a3aa-5ae3-462e-997a-89eaf4e8c120->747ae0bf-a915-4b00-89fa-ee0108affcd5: nextIndex: updateUnconditionally 0 -> 0
2019-06-15 09:21:49,864 WARN  server.GrpcLogAppender (LogUtils.java:warn(134)) - 1213a3aa-5ae3-462e-997a-89eaf4e8c120: Failed appendEntries to 8b698aba-6fc8-4d44-bf35-b7703e11838d:192.168.46.58:43173: org.apache.ratis.thirdparty.io.grpc.StatusRuntimeException: UNAVAILABLE: io exception
2019-06-15 09:21:49,864 WARN  server.GrpcLogAppender (LogUtils.java:warn(134)) - 1213a3aa-5ae3-462e-997a-89eaf4e8c120: Failed appendEntries to 747ae0bf-a915-4b00-89fa-ee0108affcd5:192.168.46.58:42463: org.apache.ratis.thirdparty.io.grpc.StatusRuntimeException: UNAVAILABLE: io exception
2019-06-15 09:21:49,865 INFO  impl.FollowerInfo (FollowerInfo.java:lambda$new$0(50)) - 1213a3aa-5ae3-462e-997a-89eaf4e8c120->8b698aba-6fc8-4d44-bf35-b7703e11838d: nextIndex: updateUnconditionally 0 -> 0
2019-06-15 09:21:49,865 INFO  impl.FollowerInfo (FollowerInfo.java:lambda$new$0(50)) - 1213a3aa-5ae3-462e-997a-89eaf4e8c120->747ae0bf-a915-4b00-89fa-ee0108affcd5: nextIndex: updateUnconditionally 0 -> 0
2019-06-15 09:21:50,365 WARN  server.GrpcLogAppender (LogUtils.java:warn(134)) - 1213a3aa-5ae3-462e-997a-89eaf4e8c120: Failed appendEntries to 8b698aba-6fc8-4d44-bf35-b7703e11838d:192.168.46.58:43173: org.apache.ratis.thirdparty.io.grpc.StatusRuntimeException: UNAVAILABLE: io exception
2019-06-15 09:21:50,365 INFO  impl.FollowerInfo (FollowerInfo.java:lambda$new$0(50)) - 1213a3aa-5ae3-462e-997a-89eaf4e8c120->8b698aba-6fc8-4d44-bf35-b7703e11838d: nextIndex: updateUnconditionally 0 -> 0
2019-06-15 09:21:50,365 WARN  server.GrpcLogAppender (LogUtils.java:warn(134)) - 1213a3aa-5ae3-462e-997a-89eaf4e8c120: Failed appendEntries to 747ae0bf-a915-4b00-89fa-ee0108affcd5:192.168.46.58:42463: org.apache.ratis.thirdparty.io.grpc.StatusRuntimeException: UNAVAILABLE: io exception
2019-06-15 09:21:50,366 INFO  impl.FollowerInfo (FollowerInfo.java:lambda$new$0(50)) - 1213a3aa-5ae3-462e-997a-89eaf4e8c120->747ae0bf-a915-4b00-89fa-ee0108affcd5: nextIndex: updateUnconditionally 0 -> 0
2019-06-15 09:21:50,866 WARN  server.GrpcLogAppender (LogUtils.java:warn(134)) - 1213a3aa-5ae3-462e-997a-89eaf4e8c120: Failed appendEntries to 8b698aba-6fc8-4d44-bf35-b7703e11838d:192.168.46.58:43173: org.apache.ratis.thirdparty.io.grpc.StatusRuntimeException: UNAVAILABLE: io exception
2019-06-15 09:21:50,866 WARN  server.GrpcLogAppender (LogUtils.java:warn(134)) - 1213a3aa-5ae3-462e-997a-89eaf4e8c120: Failed appendEntries to 747ae0bf-a915-4b00-89fa-ee0108affcd5:192.168.46.58:42463: org.apache.ratis.thirdparty.io.grpc.StatusRuntimeException: UNAVAILABLE: io exception
2019-06-15 09:21:50,866 INFO  impl.FollowerInfo (FollowerInfo.java:lambda$new$0(50)) - 1213a3aa-5ae3-462e-997a-89eaf4e8c120->8b698aba-6fc8-4d44-bf35-b7703e11838d: nextIndex: updateUnconditionally 0 -> 0
2019-06-15 09:21:50,866 INFO  impl.FollowerInfo (FollowerInfo.java:lambda$new$0(50)) - 1213a3aa-5ae3-462e-997a-89eaf4e8c120->747ae0bf-a915-4b00-89fa-ee0108affcd5: nextIndex: updateUnconditionally 0 -> 0
2019-06-15 09:21:51,367 WARN  server.GrpcLogAppender (LogUtils.java:warn(134)) - 1213a3aa-5ae3-462e-997a-89eaf4e8c120: Failed appendEntries to 8b698aba-6fc8-4d44-bf35-b7703e11838d:192.168.46.58:43173: org.apache.ratis.thirdparty.io.grpc.StatusRuntimeException: UNAVAILABLE: io exception
2019-06-15 09:21:51,367 INFO  impl.FollowerInfo (FollowerInfo.java:lambda$new$0(50)) - 1213a3aa-5ae3-462e-997a-89eaf4e8c120->8b698aba-6fc8-4d44-bf35-b7703e11838d: nextIndex: updateUnconditionally 0 -> 0
2019-06-15 09:21:51,368 WARN  server.GrpcLogAppender (LogUtils.java:warn(134)) - 1213a3aa-5ae3-462e-997a-89eaf4e8c120: Failed appendEntries to 747ae0bf-a915-4b00-89fa-ee0108affcd5:192.168.46.58:42463: org.apache.ratis.thirdparty.io.grpc.StatusRuntimeException: UNAVAILABLE: io exception
2019-06-15 09:21:51,368 INFO  impl.FollowerInfo (FollowerInfo.java:lambda$new$0(50)) - 1213a3aa-5ae3-462e-997a-89eaf4e8c120->747ae0bf-a915-4b00-89fa-ee0108affcd5: nextIndex: updateUnconditionally 0 -> 0
2019-06-15 09:21:51,867 WARN  server.GrpcLogAppender (LogUtils.java:warn(134)) - 1213a3aa-5ae3-462e-997a-89eaf4e8c120: Failed appendEntries to 8b698aba-6fc8-4d44-bf35-b7703e11838d:192.168.46.58:43173: org.apache.ratis.thirdparty.io.grpc.StatusRuntimeException: UNAVAILABLE: io exception
2019-06-15 09:21:51,867 INFO  impl.FollowerInfo (FollowerInfo.java:lambda$new$0(50)) - 1213a3aa-5ae3-462e-997a-89eaf4e8c120->8b698aba-6fc8-4d44-bf35-b7703e11838d: nextIndex: updateUnconditionally 0 -> 0
2019-06-15 09:21:51,868 WARN  server.GrpcLogAppender (LogUtils.java:warn(134)) - 1213a3aa-5ae3-462e-997a-89eaf4e8c120: Failed appendEntries to 747ae0bf-a915-4b00-89fa-ee0108affcd5:192.168.46.58:42463: org.apache.ratis.thirdparty.io.grpc.StatusRuntimeException: UNAVAILABLE: io exception
2019-06-15 09:21:51,868 INFO  impl.FollowerInfo (FollowerInfo.java:lambda$new$0(50)) - 1213a3aa-5ae3-462e-997a-89eaf4e8c120->747ae0bf-a915-4b00-89fa-ee0108affcd5: nextIndex: updateUnconditionally 0 -> 0
2019-06-15 09:21:52,367 WARN  server.GrpcLogAppender (LogUtils.java:warn(134)) - 1213a3aa-5ae3-462e-997a-89eaf4e8c120: Failed appendEntries to 8b698aba-6fc8-4d44-bf35-b7703e11838d:192.168.46.58:43173: org.apache.ratis.thirdparty.io.grpc.StatusRuntimeException: UNAVAILABLE: io exception
2019-06-15 09:21:52,368 INFO  impl.FollowerInfo (FollowerInfo.java:lambda$new$0(50)) - 1213a3aa-5ae3-462e-997a-89eaf4e8c120->8b698aba-6fc8-4d44-bf35-b7703e11838d: nextIndex: updateUnconditionally 0 -> 0
2019-06-15 09:21:52,368 WARN  server.GrpcLogAppender (LogUtils.java:warn(134)) - 1213a3aa-5ae3-462e-997a-89eaf4e8c120: Failed appendEntries to 747ae0bf-a915-4b00-89fa-ee0108affcd5:192.168.46.58:42463: org.apache.ratis.thirdparty.io.grpc.StatusRuntimeException: UNAVAILABLE: io exception
2019-06-15 09:21:52,368 INFO  impl.FollowerInfo (FollowerInfo.java:lambda$new$0(50)) - 1213a3aa-5ae3-462e-997a-89eaf4e8c120->747ae0bf-a915-4b00-89fa-ee0108affcd5: nextIndex: updateUnconditionally 0 -> 0
2019-06-15 09:21:52,869 WARN  server.GrpcLogAppender (LogUtils.java:warn(134)) - 1213a3aa-5ae3-462e-997a-89eaf4e8c120: Failed appendEntries to 747ae0bf-a915-4b00-89fa-ee0108affcd5:192.168.46.58:42463: org.apache.ratis.thirdparty.io.grpc.StatusRuntimeException: UNAVAILABLE: io exception
2019-06-15 09:21:52,869 WARN  server.GrpcLogAppender (LogUtils.java:warn(134)) - 1213a3aa-5ae3-462e-997a-89eaf4e8c120: Failed appendEntries to 8b698aba-6fc8-4d44-bf35-b7703e11838d:192.168.46.58:43173: org.apache.ratis.thirdparty.io.grpc.StatusRuntimeException: UNAVAILABLE: io exception
2019-06-15 09:21:52,869 INFO  impl.FollowerInfo (FollowerInfo.java:lambda$new$0(50)) - 1213a3aa-5ae3-462e-997a-89eaf4e8c120->747ae0bf-a915-4b00-89fa-ee0108affcd5: nextIndex: updateUnconditionally 0 -> 0
2019-06-15 09:21:52,869 INFO  impl.FollowerInfo (FollowerInfo.java:lambda$new$0(50)) - 1213a3aa-5ae3-462e-997a-89eaf4e8c120->8b698aba-6fc8-4d44-bf35-b7703e11838d: nextIndex: updateUnconditionally 0 -> 0
2019-06-15 09:21:53,368 WARN  server.GrpcLogAppender (LogUtils.java:warn(134)) - 1213a3aa-5ae3-462e-997a-89eaf4e8c120: Failed appendEntries to 8b698aba-6fc8-4d44-bf35-b7703e11838d:192.168.46.58:43173: org.apache.ratis.thirdparty.io.grpc.StatusRuntimeException: UNAVAILABLE: io exception
2019-06-15 09:21:53,369 INFO  impl.FollowerInfo (FollowerInfo.java:lambda$new$0(50)) - 1213a3aa-5ae3-462e-997a-89eaf4e8c120->8b698aba-6fc8-4d44-bf35-b7703e11838d: nextIndex: updateUnconditionally 0 -> 0
2019-06-15 09:21:53,371 WARN  server.GrpcLogAppender (LogUtils.java:warn(134)) - 1213a3aa-5ae3-462e-997a-89eaf4e8c120: Failed appendEntries to 747ae0bf-a915-4b00-89fa-ee0108affcd5:192.168.46.58:42463: org.apache.ratis.thirdparty.io.grpc.StatusRuntimeException: UNAVAILABLE: io exception
2019-06-15 09:21:53,371 INFO  impl.FollowerInfo (FollowerInfo.java:lambda$new$0(50)) - 1213a3aa-5ae3-462e-997a-89eaf4e8c120->747ae0bf-a915-4b00-89fa-ee0108affcd5: nextIndex: updateUnconditionally 0 -> 0
2019-06-15 09:21:53,475 WARN  scm.XceiverClientRatis (XceiverClientRatis.java:watchForCommit(260)) - 3 way commit failed 
java.util.concurrent.TimeoutException
	at java.util.concurrent.CompletableFuture.timedGet(CompletableFuture.java:1771)
	at java.util.concurrent.CompletableFuture.get(CompletableFuture.java:1915)
	at org.apache.hadoop.hdds.scm.XceiverClientRatis.watchForCommit(XceiverClientRatis.java:257)
	at org.apache.hadoop.ozone.client.rpc.TestWatchForCommit.testWatchForCommitForRetryfailure(TestWatchForCommit.java:347)
	at sun.reflect.NativeMethodAccessorImpl.invoke0(Native Method)
	at sun.reflect.NativeMethodAccessorImpl.invoke(NativeMethodAccessorImpl.java:62)
	at sun.reflect.DelegatingMethodAccessorImpl.invoke(DelegatingMethodAccessorImpl.java:43)
	at java.lang.reflect.Method.invoke(Method.java:498)
	at org.junit.runners.model.FrameworkMethod$1.runReflectiveCall(FrameworkMethod.java:47)
	at org.junit.internal.runners.model.ReflectiveCallable.run(ReflectiveCallable.java:12)
	at org.junit.runners.model.FrameworkMethod.invokeExplosively(FrameworkMethod.java:44)
	at org.junit.internal.runners.statements.InvokeMethod.evaluate(InvokeMethod.java:17)
	at org.junit.runners.ParentRunner.runLeaf(ParentRunner.java:271)
	at org.junit.runners.BlockJUnit4ClassRunner.runChild(BlockJUnit4ClassRunner.java:70)
	at org.junit.runners.BlockJUnit4ClassRunner.runChild(BlockJUnit4ClassRunner.java:50)
	at org.junit.runners.ParentRunner$3.run(ParentRunner.java:238)
	at org.junit.runners.ParentRunner$1.schedule(ParentRunner.java:63)
	at org.junit.runners.ParentRunner.runChildren(ParentRunner.java:236)
	at org.junit.runners.ParentRunner.access$000(ParentRunner.java:53)
	at org.junit.runners.ParentRunner$2.evaluate(ParentRunner.java:229)
	at org.junit.runners.ParentRunner.run(ParentRunner.java:309)
	at org.apache.maven.surefire.junit4.JUnit4Provider.execute(JUnit4Provider.java:365)
	at org.apache.maven.surefire.junit4.JUnit4Provider.executeWithRerun(JUnit4Provider.java:273)
	at org.apache.maven.surefire.junit4.JUnit4Provider.executeTestSet(JUnit4Provider.java:238)
	at org.apache.maven.surefire.junit4.JUnit4Provider.invoke(JUnit4Provider.java:159)
	at org.apache.maven.surefire.booter.ForkedBooter.invokeProviderInSameClassLoader(ForkedBooter.java:384)
	at org.apache.maven.surefire.booter.ForkedBooter.runSuitesInProcess(ForkedBooter.java:345)
	at org.apache.maven.surefire.booter.ForkedBooter.execute(ForkedBooter.java:126)
	at org.apache.maven.surefire.booter.ForkedBooter.main(ForkedBooter.java:418)
2019-06-15 09:21:53,869 WARN  server.GrpcLogAppender (LogUtils.java:warn(134)) - 1213a3aa-5ae3-462e-997a-89eaf4e8c120: Failed appendEntries to 8b698aba-6fc8-4d44-bf35-b7703e11838d:192.168.46.58:43173: org.apache.ratis.thirdparty.io.grpc.StatusRuntimeException: UNAVAILABLE: io exception
2019-06-15 09:21:53,869 INFO  impl.FollowerInfo (FollowerInfo.java:lambda$new$0(50)) - 1213a3aa-5ae3-462e-997a-89eaf4e8c120->8b698aba-6fc8-4d44-bf35-b7703e11838d: nextIndex: updateUnconditionally 0 -> 0
2019-06-15 09:21:53,871 WARN  server.GrpcLogAppender (LogUtils.java:warn(134)) - 1213a3aa-5ae3-462e-997a-89eaf4e8c120: Failed appendEntries to 747ae0bf-a915-4b00-89fa-ee0108affcd5:192.168.46.58:42463: org.apache.ratis.thirdparty.io.grpc.StatusRuntimeException: UNAVAILABLE: io exception
2019-06-15 09:21:53,871 INFO  impl.FollowerInfo (FollowerInfo.java:lambda$new$0(50)) - 1213a3aa-5ae3-462e-997a-89eaf4e8c120->747ae0bf-a915-4b00-89fa-ee0108affcd5: nextIndex: updateUnconditionally 0 -> 0
2019-06-15 09:21:54,369 WARN  server.GrpcLogAppender (LogUtils.java:warn(134)) - 1213a3aa-5ae3-462e-997a-89eaf4e8c120: Failed appendEntries to 8b698aba-6fc8-4d44-bf35-b7703e11838d:192.168.46.58:43173: org.apache.ratis.thirdparty.io.grpc.StatusRuntimeException: UNAVAILABLE: io exception
2019-06-15 09:21:54,370 INFO  impl.FollowerInfo (FollowerInfo.java:lambda$new$0(50)) - 1213a3aa-5ae3-462e-997a-89eaf4e8c120->8b698aba-6fc8-4d44-bf35-b7703e11838d: nextIndex: updateUnconditionally 0 -> 0
2019-06-15 09:21:54,371 WARN  server.GrpcLogAppender (LogUtils.java:warn(134)) - 1213a3aa-5ae3-462e-997a-89eaf4e8c120: Failed appendEntries to 747ae0bf-a915-4b00-89fa-ee0108affcd5:192.168.46.58:42463: org.apache.ratis.thirdparty.io.grpc.StatusRuntimeException: UNAVAILABLE: io exception
2019-06-15 09:21:54,371 INFO  impl.FollowerInfo (FollowerInfo.java:lambda$new$0(50)) - 1213a3aa-5ae3-462e-997a-89eaf4e8c120->747ae0bf-a915-4b00-89fa-ee0108affcd5: nextIndex: updateUnconditionally 0 -> 0
2019-06-15 09:21:54,870 WARN  server.GrpcLogAppender (LogUtils.java:warn(134)) - 1213a3aa-5ae3-462e-997a-89eaf4e8c120: Failed appendEntries to 8b698aba-6fc8-4d44-bf35-b7703e11838d:192.168.46.58:43173: org.apache.ratis.thirdparty.io.grpc.StatusRuntimeException: UNAVAILABLE: io exception
2019-06-15 09:21:54,870 INFO  impl.FollowerInfo (FollowerInfo.java:lambda$new$0(50)) - 1213a3aa-5ae3-462e-997a-89eaf4e8c120->8b698aba-6fc8-4d44-bf35-b7703e11838d: nextIndex: updateUnconditionally 0 -> 0
2019-06-15 09:21:54,871 WARN  server.GrpcLogAppender (LogUtils.java:warn(134)) - 1213a3aa-5ae3-462e-997a-89eaf4e8c120: Failed appendEntries to 747ae0bf-a915-4b00-89fa-ee0108affcd5:192.168.46.58:42463: org.apache.ratis.thirdparty.io.grpc.StatusRuntimeException: UNAVAILABLE: io exception
2019-06-15 09:21:54,871 INFO  impl.FollowerInfo (FollowerInfo.java:lambda$new$0(50)) - 1213a3aa-5ae3-462e-997a-89eaf4e8c120->747ae0bf-a915-4b00-89fa-ee0108affcd5: nextIndex: updateUnconditionally 0 -> 0
2019-06-15 09:21:55,371 WARN  server.GrpcLogAppender (LogUtils.java:warn(134)) - 1213a3aa-5ae3-462e-997a-89eaf4e8c120: Failed appendEntries to 8b698aba-6fc8-4d44-bf35-b7703e11838d:192.168.46.58:43173: org.apache.ratis.thirdparty.io.grpc.StatusRuntimeException: UNAVAILABLE: io exception
2019-06-15 09:21:55,372 INFO  impl.FollowerInfo (FollowerInfo.java:lambda$new$0(50)) - 1213a3aa-5ae3-462e-997a-89eaf4e8c120->8b698aba-6fc8-4d44-bf35-b7703e11838d: nextIndex: updateUnconditionally 0 -> 0
2019-06-15 09:21:55,372 WARN  server.GrpcLogAppender (LogUtils.java:warn(134)) - 1213a3aa-5ae3-462e-997a-89eaf4e8c120: Failed appendEntries to 747ae0bf-a915-4b00-89fa-ee0108affcd5:192.168.46.58:42463: org.apache.ratis.thirdparty.io.grpc.StatusRuntimeException: UNAVAILABLE: io exception
2019-06-15 09:21:55,373 INFO  impl.FollowerInfo (FollowerInfo.java:lambda$new$0(50)) - 1213a3aa-5ae3-462e-997a-89eaf4e8c120->747ae0bf-a915-4b00-89fa-ee0108affcd5: nextIndex: updateUnconditionally 0 -> 0
2019-06-15 09:21:55,872 WARN  server.GrpcLogAppender (LogUtils.java:warn(134)) - 1213a3aa-5ae3-462e-997a-89eaf4e8c120: Failed appendEntries to 8b698aba-6fc8-4d44-bf35-b7703e11838d:192.168.46.58:43173: org.apache.ratis.thirdparty.io.grpc.StatusRuntimeException: UNAVAILABLE: io exception
2019-06-15 09:21:55,872 INFO  impl.FollowerInfo (FollowerInfo.java:lambda$new$0(50)) - 1213a3aa-5ae3-462e-997a-89eaf4e8c120->8b698aba-6fc8-4d44-bf35-b7703e11838d: nextIndex: updateUnconditionally 0 -> 0
2019-06-15 09:21:55,872 WARN  server.GrpcLogAppender (LogUtils.java:warn(134)) - 1213a3aa-5ae3-462e-997a-89eaf4e8c120: Failed appendEntries to 747ae0bf-a915-4b00-89fa-ee0108affcd5:192.168.46.58:42463: org.apache.ratis.thirdparty.io.grpc.StatusRuntimeException: UNAVAILABLE: io exception
2019-06-15 09:21:55,872 INFO  impl.FollowerInfo (FollowerInfo.java:lambda$new$0(50)) - 1213a3aa-5ae3-462e-997a-89eaf4e8c120->747ae0bf-a915-4b00-89fa-ee0108affcd5: nextIndex: updateUnconditionally 0 -> 0
2019-06-15 09:21:56,372 WARN  server.GrpcLogAppender (LogUtils.java:warn(134)) - 1213a3aa-5ae3-462e-997a-89eaf4e8c120: Failed appendEntries to 8b698aba-6fc8-4d44-bf35-b7703e11838d:192.168.46.58:43173: org.apache.ratis.thirdparty.io.grpc.StatusRuntimeException: UNAVAILABLE: io exception
2019-06-15 09:21:56,372 INFO  impl.FollowerInfo (FollowerInfo.java:lambda$new$0(50)) - 1213a3aa-5ae3-462e-997a-89eaf4e8c120->8b698aba-6fc8-4d44-bf35-b7703e11838d: nextIndex: updateUnconditionally 0 -> 0
2019-06-15 09:21:56,373 WARN  server.GrpcLogAppender (LogUtils.java:warn(134)) - 1213a3aa-5ae3-462e-997a-89eaf4e8c120: Failed appendEntries to 747ae0bf-a915-4b00-89fa-ee0108affcd5:192.168.46.58:42463: org.apache.ratis.thirdparty.io.grpc.StatusRuntimeException: UNAVAILABLE: io exception
2019-06-15 09:21:56,373 INFO  impl.FollowerInfo (FollowerInfo.java:lambda$new$0(50)) - 1213a3aa-5ae3-462e-997a-89eaf4e8c120->747ae0bf-a915-4b00-89fa-ee0108affcd5: nextIndex: updateUnconditionally 0 -> 0
2019-06-15 09:21:56,873 WARN  server.GrpcLogAppender (LogUtils.java:warn(134)) - 1213a3aa-5ae3-462e-997a-89eaf4e8c120: Failed appendEntries to 8b698aba-6fc8-4d44-bf35-b7703e11838d:192.168.46.58:43173: org.apache.ratis.thirdparty.io.grpc.StatusRuntimeException: UNAVAILABLE: io exception
2019-06-15 09:21:56,874 INFO  impl.FollowerInfo (FollowerInfo.java:lambda$new$0(50)) - 1213a3aa-5ae3-462e-997a-89eaf4e8c120->8b698aba-6fc8-4d44-bf35-b7703e11838d: nextIndex: updateUnconditionally 0 -> 0
2019-06-15 09:21:56,875 WARN  server.GrpcLogAppender (LogUtils.java:warn(134)) - 1213a3aa-5ae3-462e-997a-89eaf4e8c120: Failed appendEntries to 747ae0bf-a915-4b00-89fa-ee0108affcd5:192.168.46.58:42463: org.apache.ratis.thirdparty.io.grpc.StatusRuntimeException: UNAVAILABLE: io exception
2019-06-15 09:21:56,875 INFO  impl.FollowerInfo (FollowerInfo.java:lambda$new$0(50)) - 1213a3aa-5ae3-462e-997a-89eaf4e8c120->747ae0bf-a915-4b00-89fa-ee0108affcd5: nextIndex: updateUnconditionally 0 -> 0
2019-06-15 09:21:57,374 WARN  server.GrpcLogAppender (LogUtils.java:warn(134)) - 1213a3aa-5ae3-462e-997a-89eaf4e8c120: Failed appendEntries to 747ae0bf-a915-4b00-89fa-ee0108affcd5:192.168.46.58:42463: org.apache.ratis.thirdparty.io.grpc.StatusRuntimeException: UNAVAILABLE: io exception
2019-06-15 09:21:57,374 WARN  server.GrpcLogAppender (LogUtils.java:warn(134)) - 1213a3aa-5ae3-462e-997a-89eaf4e8c120: Failed appendEntries to 8b698aba-6fc8-4d44-bf35-b7703e11838d:192.168.46.58:43173: org.apache.ratis.thirdparty.io.grpc.StatusRuntimeException: UNAVAILABLE: io exception
2019-06-15 09:21:57,374 INFO  impl.FollowerInfo (FollowerInfo.java:lambda$new$0(50)) - 1213a3aa-5ae3-462e-997a-89eaf4e8c120->747ae0bf-a915-4b00-89fa-ee0108affcd5: nextIndex: updateUnconditionally 0 -> 0
2019-06-15 09:21:57,374 INFO  impl.FollowerInfo (FollowerInfo.java:lambda$new$0(50)) - 1213a3aa-5ae3-462e-997a-89eaf4e8c120->8b698aba-6fc8-4d44-bf35-b7703e11838d: nextIndex: updateUnconditionally 0 -> 0
2019-06-15 09:21:57,674 INFO  client.GrpcClientProtocolService (GrpcClientProtocolService.java:lambda$processClientRequest$0(264)) - Failed RaftClientRequest:client-C9E8AC103638->1213a3aa-5ae3-462e-997a-89eaf4e8c120@group-0480E57361D7, cid=67, seq=0, Watch-ALL_COMMITTED(2), Message:<EMPTY>, reply=RaftClientReply:client-C9E8AC103638->1213a3aa-5ae3-462e-997a-89eaf4e8c120@group-0480E57361D7, cid=67, FAILED org.apache.ratis.protocol.NotReplicatedException: Request with call Id 67 and log index 2 is not yet replicated to ALL_COMMITTED, logIndex=2, commits[1213a3aa-5ae3-462e-997a-89eaf4e8c120:c2, 747ae0bf-a915-4b00-89fa-ee0108affcd5:c1, 8b698aba-6fc8-4d44-bf35-b7703e11838d:c1]
2019-06-15 09:21:57,874 WARN  server.GrpcLogAppender (LogUtils.java:warn(134)) - 1213a3aa-5ae3-462e-997a-89eaf4e8c120: Failed appendEntries to 8b698aba-6fc8-4d44-bf35-b7703e11838d:192.168.46.58:43173: org.apache.ratis.thirdparty.io.grpc.StatusRuntimeException: UNAVAILABLE: io exception
2019-06-15 09:21:57,874 INFO  impl.FollowerInfo (FollowerInfo.java:lambda$new$0(50)) - 1213a3aa-5ae3-462e-997a-89eaf4e8c120->8b698aba-6fc8-4d44-bf35-b7703e11838d: nextIndex: updateUnconditionally 0 -> 0
2019-06-15 09:21:57,874 WARN  server.GrpcLogAppender (LogUtils.java:warn(134)) - 1213a3aa-5ae3-462e-997a-89eaf4e8c120: Failed appendEntries to 747ae0bf-a915-4b00-89fa-ee0108affcd5:192.168.46.58:42463: org.apache.ratis.thirdparty.io.grpc.StatusRuntimeException: UNAVAILABLE: io exception
2019-06-15 09:21:57,874 INFO  impl.FollowerInfo (FollowerInfo.java:lambda$new$0(50)) - 1213a3aa-5ae3-462e-997a-89eaf4e8c120->747ae0bf-a915-4b00-89fa-ee0108affcd5: nextIndex: updateUnconditionally 0 -> 0
2019-06-15 09:21:58,375 WARN  server.GrpcLogAppender (LogUtils.java:warn(134)) - 1213a3aa-5ae3-462e-997a-89eaf4e8c120: Failed appendEntries to 747ae0bf-a915-4b00-89fa-ee0108affcd5:192.168.46.58:42463: org.apache.ratis.thirdparty.io.grpc.StatusRuntimeException: UNAVAILABLE: io exception
2019-06-15 09:21:58,375 INFO  impl.FollowerInfo (FollowerInfo.java:lambda$new$0(50)) - 1213a3aa-5ae3-462e-997a-89eaf4e8c120->747ae0bf-a915-4b00-89fa-ee0108affcd5: nextIndex: updateUnconditionally 0 -> 0
2019-06-15 09:21:58,375 WARN  server.GrpcLogAppender (LogUtils.java:warn(134)) - 1213a3aa-5ae3-462e-997a-89eaf4e8c120: Failed appendEntries to 8b698aba-6fc8-4d44-bf35-b7703e11838d:192.168.46.58:43173: org.apache.ratis.thirdparty.io.grpc.StatusRuntimeException: UNAVAILABLE: io exception
2019-06-15 09:21:58,376 INFO  impl.FollowerInfo (FollowerInfo.java:lambda$new$0(50)) - 1213a3aa-5ae3-462e-997a-89eaf4e8c120->8b698aba-6fc8-4d44-bf35-b7703e11838d: nextIndex: updateUnconditionally 0 -> 0
2019-06-15 09:21:58,875 WARN  server.GrpcLogAppender (LogUtils.java:warn(134)) - 1213a3aa-5ae3-462e-997a-89eaf4e8c120: Failed appendEntries to 8b698aba-6fc8-4d44-bf35-b7703e11838d:192.168.46.58:43173: org.apache.ratis.thirdparty.io.grpc.StatusRuntimeException: UNAVAILABLE: io exception
2019-06-15 09:21:58,875 INFO  impl.FollowerInfo (FollowerInfo.java:lambda$new$0(50)) - 1213a3aa-5ae3-462e-997a-89eaf4e8c120->8b698aba-6fc8-4d44-bf35-b7703e11838d: nextIndex: updateUnconditionally 0 -> 0
2019-06-15 09:21:58,875 WARN  server.GrpcLogAppender (LogUtils.java:warn(134)) - 1213a3aa-5ae3-462e-997a-89eaf4e8c120: Failed appendEntries to 747ae0bf-a915-4b00-89fa-ee0108affcd5:192.168.46.58:42463: org.apache.ratis.thirdparty.io.grpc.StatusRuntimeException: UNAVAILABLE: io exception
2019-06-15 09:21:58,876 INFO  impl.FollowerInfo (FollowerInfo.java:lambda$new$0(50)) - 1213a3aa-5ae3-462e-997a-89eaf4e8c120->747ae0bf-a915-4b00-89fa-ee0108affcd5: nextIndex: updateUnconditionally 0 -> 0
2019-06-15 09:21:59,376 WARN  server.GrpcLogAppender (LogUtils.java:warn(134)) - 1213a3aa-5ae3-462e-997a-89eaf4e8c120: Failed appendEntries to 8b698aba-6fc8-4d44-bf35-b7703e11838d:192.168.46.58:43173: org.apache.ratis.thirdparty.io.grpc.StatusRuntimeException: UNAVAILABLE: io exception
2019-06-15 09:21:59,378 INFO  impl.FollowerInfo (FollowerInfo.java:lambda$new$0(50)) - 1213a3aa-5ae3-462e-997a-89eaf4e8c120->8b698aba-6fc8-4d44-bf35-b7703e11838d: nextIndex: updateUnconditionally 0 -> 0
2019-06-15 09:21:59,378 WARN  server.GrpcLogAppender (LogUtils.java:warn(134)) - 1213a3aa-5ae3-462e-997a-89eaf4e8c120: Failed appendEntries to 747ae0bf-a915-4b00-89fa-ee0108affcd5:192.168.46.58:42463: org.apache.ratis.thirdparty.io.grpc.StatusRuntimeException: UNAVAILABLE: io exception
2019-06-15 09:21:59,378 INFO  impl.FollowerInfo (FollowerInfo.java:lambda$new$0(50)) - 1213a3aa-5ae3-462e-997a-89eaf4e8c120->747ae0bf-a915-4b00-89fa-ee0108affcd5: nextIndex: updateUnconditionally 0 -> 0
2019-06-15 09:21:59,876 WARN  server.GrpcLogAppender (LogUtils.java:warn(134)) - 1213a3aa-5ae3-462e-997a-89eaf4e8c120: Failed appendEntries to 747ae0bf-a915-4b00-89fa-ee0108affcd5:192.168.46.58:42463: org.apache.ratis.thirdparty.io.grpc.StatusRuntimeException: UNAVAILABLE: io exception
2019-06-15 09:21:59,876 INFO  impl.FollowerInfo (FollowerInfo.java:lambda$new$0(50)) - 1213a3aa-5ae3-462e-997a-89eaf4e8c120->747ae0bf-a915-4b00-89fa-ee0108affcd5: nextIndex: updateUnconditionally 0 -> 0
2019-06-15 09:21:59,876 WARN  server.GrpcLogAppender (LogUtils.java:warn(134)) - 1213a3aa-5ae3-462e-997a-89eaf4e8c120: Failed appendEntries to 8b698aba-6fc8-4d44-bf35-b7703e11838d:192.168.46.58:43173: org.apache.ratis.thirdparty.io.grpc.StatusRuntimeException: UNAVAILABLE: io exception
2019-06-15 09:21:59,877 INFO  impl.FollowerInfo (FollowerInfo.java:lambda$new$0(50)) - 1213a3aa-5ae3-462e-997a-89eaf4e8c120->8b698aba-6fc8-4d44-bf35-b7703e11838d: nextIndex: updateUnconditionally 0 -> 0
2019-06-15 09:22:00,376 WARN  server.GrpcLogAppender (LogUtils.java:warn(134)) - 1213a3aa-5ae3-462e-997a-89eaf4e8c120: Failed appendEntries to 747ae0bf-a915-4b00-89fa-ee0108affcd5:192.168.46.58:42463: org.apache.ratis.thirdparty.io.grpc.StatusRuntimeException: UNAVAILABLE: io exception
2019-06-15 09:22:00,377 INFO  impl.FollowerInfo (FollowerInfo.java:lambda$new$0(50)) - 1213a3aa-5ae3-462e-997a-89eaf4e8c120->747ae0bf-a915-4b00-89fa-ee0108affcd5: nextIndex: updateUnconditionally 0 -> 0
2019-06-15 09:22:00,377 WARN  server.GrpcLogAppender (LogUtils.java:warn(134)) - 1213a3aa-5ae3-462e-997a-89eaf4e8c120: Failed appendEntries to 8b698aba-6fc8-4d44-bf35-b7703e11838d:192.168.46.58:43173: org.apache.ratis.thirdparty.io.grpc.StatusRuntimeException: UNAVAILABLE: io exception
2019-06-15 09:22:00,377 INFO  impl.FollowerInfo (FollowerInfo.java:lambda$new$0(50)) - 1213a3aa-5ae3-462e-997a-89eaf4e8c120->8b698aba-6fc8-4d44-bf35-b7703e11838d: nextIndex: updateUnconditionally 0 -> 0
2019-06-15 09:22:00,877 WARN  server.GrpcLogAppender (LogUtils.java:warn(134)) - 1213a3aa-5ae3-462e-997a-89eaf4e8c120: Failed appendEntries to 747ae0bf-a915-4b00-89fa-ee0108affcd5:192.168.46.58:42463: org.apache.ratis.thirdparty.io.grpc.StatusRuntimeException: UNAVAILABLE: io exception
2019-06-15 09:22:00,877 INFO  impl.FollowerInfo (FollowerInfo.java:lambda$new$0(50)) - 1213a3aa-5ae3-462e-997a-89eaf4e8c120->747ae0bf-a915-4b00-89fa-ee0108affcd5: nextIndex: updateUnconditionally 0 -> 0
2019-06-15 09:22:00,877 WARN  server.GrpcLogAppender (LogUtils.java:warn(134)) - 1213a3aa-5ae3-462e-997a-89eaf4e8c120: Failed appendEntries to 8b698aba-6fc8-4d44-bf35-b7703e11838d:192.168.46.58:43173: org.apache.ratis.thirdparty.io.grpc.StatusRuntimeException: UNAVAILABLE: io exception
2019-06-15 09:22:00,877 INFO  impl.FollowerInfo (FollowerInfo.java:lambda$new$0(50)) - 1213a3aa-5ae3-462e-997a-89eaf4e8c120->8b698aba-6fc8-4d44-bf35-b7703e11838d: nextIndex: updateUnconditionally 0 -> 0
2019-06-15 09:22:01,378 WARN  server.GrpcLogAppender (LogUtils.java:warn(134)) - 1213a3aa-5ae3-462e-997a-89eaf4e8c120: Failed appendEntries to 8b698aba-6fc8-4d44-bf35-b7703e11838d:192.168.46.58:43173: org.apache.ratis.thirdparty.io.grpc.StatusRuntimeException: UNAVAILABLE: io exception
2019-06-15 09:22:01,378 INFO  impl.FollowerInfo (FollowerInfo.java:lambda$new$0(50)) - 1213a3aa-5ae3-462e-997a-89eaf4e8c120->8b698aba-6fc8-4d44-bf35-b7703e11838d: nextIndex: updateUnconditionally 0 -> 0
2019-06-15 09:22:01,378 WARN  server.GrpcLogAppender (LogUtils.java:warn(134)) - 1213a3aa-5ae3-462e-997a-89eaf4e8c120: Failed appendEntries to 747ae0bf-a915-4b00-89fa-ee0108affcd5:192.168.46.58:42463: org.apache.ratis.thirdparty.io.grpc.StatusRuntimeException: UNAVAILABLE: io exception
2019-06-15 09:22:01,379 INFO  impl.FollowerInfo (FollowerInfo.java:lambda$new$0(50)) - 1213a3aa-5ae3-462e-997a-89eaf4e8c120->747ae0bf-a915-4b00-89fa-ee0108affcd5: nextIndex: updateUnconditionally 0 -> 0
2019-06-15 09:22:01,878 WARN  server.GrpcLogAppender (LogUtils.java:warn(134)) - 1213a3aa-5ae3-462e-997a-89eaf4e8c120: Failed appendEntries to 8b698aba-6fc8-4d44-bf35-b7703e11838d:192.168.46.58:43173: org.apache.ratis.thirdparty.io.grpc.StatusRuntimeException: UNAVAILABLE: io exception
2019-06-15 09:22:01,878 INFO  impl.FollowerInfo (FollowerInfo.java:lambda$new$0(50)) - 1213a3aa-5ae3-462e-997a-89eaf4e8c120->8b698aba-6fc8-4d44-bf35-b7703e11838d: nextIndex: updateUnconditionally 0 -> 0
2019-06-15 09:22:01,878 WARN  server.GrpcLogAppender (LogUtils.java:warn(134)) - 1213a3aa-5ae3-462e-997a-89eaf4e8c120: Failed appendEntries to 747ae0bf-a915-4b00-89fa-ee0108affcd5:192.168.46.58:42463: org.apache.ratis.thirdparty.io.grpc.StatusRuntimeException: UNAVAILABLE: io exception
2019-06-15 09:22:01,879 INFO  impl.FollowerInfo (FollowerInfo.java:lambda$new$0(50)) - 1213a3aa-5ae3-462e-997a-89eaf4e8c120->747ae0bf-a915-4b00-89fa-ee0108affcd5: nextIndex: updateUnconditionally 0 -> 0
2019-06-15 09:22:02,379 WARN  server.GrpcLogAppender (LogUtils.java:warn(134)) - 1213a3aa-5ae3-462e-997a-89eaf4e8c120: Failed appendEntries to 747ae0bf-a915-4b00-89fa-ee0108affcd5:192.168.46.58:42463: org.apache.ratis.thirdparty.io.grpc.StatusRuntimeException: UNAVAILABLE: io exception
2019-06-15 09:22:02,379 INFO  impl.FollowerInfo (FollowerInfo.java:lambda$new$0(50)) - 1213a3aa-5ae3-462e-997a-89eaf4e8c120->747ae0bf-a915-4b00-89fa-ee0108affcd5: nextIndex: updateUnconditionally 0 -> 0
2019-06-15 09:22:02,379 WARN  server.GrpcLogAppender (LogUtils.java:warn(134)) - 1213a3aa-5ae3-462e-997a-89eaf4e8c120: Failed appendEntries to 8b698aba-6fc8-4d44-bf35-b7703e11838d:192.168.46.58:43173: org.apache.ratis.thirdparty.io.grpc.StatusRuntimeException: UNAVAILABLE: io exception
2019-06-15 09:22:02,379 INFO  impl.FollowerInfo (FollowerInfo.java:lambda$new$0(50)) - 1213a3aa-5ae3-462e-997a-89eaf4e8c120->8b698aba-6fc8-4d44-bf35-b7703e11838d: nextIndex: updateUnconditionally 0 -> 0
2019-06-15 09:22:02,674 INFO  client.GrpcClientProtocolService (GrpcClientProtocolService.java:lambda$processClientRequest$0(264)) - Failed RaftClientRequest:client-C9E8AC103638->1213a3aa-5ae3-462e-997a-89eaf4e8c120@group-0480E57361D7, cid=67, seq=0, Watch-ALL_COMMITTED(2), Message:<EMPTY>, reply=RaftClientReply:client-C9E8AC103638->1213a3aa-5ae3-462e-997a-89eaf4e8c120@group-0480E57361D7, cid=67, FAILED org.apache.ratis.protocol.NotReplicatedException: Request with call Id 67 and log index 2 is not yet replicated to ALL_COMMITTED, logIndex=2, commits[1213a3aa-5ae3-462e-997a-89eaf4e8c120:c2, 747ae0bf-a915-4b00-89fa-ee0108affcd5:c1, 8b698aba-6fc8-4d44-bf35-b7703e11838d:c1]
2019-06-15 09:22:02,879 WARN  server.GrpcLogAppender (LogUtils.java:warn(134)) - 1213a3aa-5ae3-462e-997a-89eaf4e8c120: Failed appendEntries to 8b698aba-6fc8-4d44-bf35-b7703e11838d:192.168.46.58:43173: org.apache.ratis.thirdparty.io.grpc.StatusRuntimeException: UNAVAILABLE: io exception
2019-06-15 09:22:02,879 INFO  impl.FollowerInfo (FollowerInfo.java:lambda$new$0(50)) - 1213a3aa-5ae3-462e-997a-89eaf4e8c120->8b698aba-6fc8-4d44-bf35-b7703e11838d: nextIndex: updateUnconditionally 0 -> 0
2019-06-15 09:22:02,879 WARN  server.GrpcLogAppender (LogUtils.java:warn(134)) - 1213a3aa-5ae3-462e-997a-89eaf4e8c120: Failed appendEntries to 747ae0bf-a915-4b00-89fa-ee0108affcd5:192.168.46.58:42463: org.apache.ratis.thirdparty.io.grpc.StatusRuntimeException: UNAVAILABLE: io exception
2019-06-15 09:22:02,880 INFO  impl.FollowerInfo (FollowerInfo.java:lambda$new$0(50)) - 1213a3aa-5ae3-462e-997a-89eaf4e8c120->747ae0bf-a915-4b00-89fa-ee0108affcd5: nextIndex: updateUnconditionally 0 -> 0
2019-06-15 09:22:03,379 WARN  server.GrpcLogAppender (LogUtils.java:warn(134)) - 1213a3aa-5ae3-462e-997a-89eaf4e8c120: Failed appendEntries to 747ae0bf-a915-4b00-89fa-ee0108affcd5:192.168.46.58:42463: org.apache.ratis.thirdparty.io.grpc.StatusRuntimeException: UNAVAILABLE: io exception
2019-06-15 09:22:03,380 INFO  impl.FollowerInfo (FollowerInfo.java:lambda$new$0(50)) - 1213a3aa-5ae3-462e-997a-89eaf4e8c120->747ae0bf-a915-4b00-89fa-ee0108affcd5: nextIndex: updateUnconditionally 0 -> 0
2019-06-15 09:22:03,381 WARN  server.GrpcLogAppender (LogUtils.java:warn(134)) - 1213a3aa-5ae3-462e-997a-89eaf4e8c120: Failed appendEntries to 8b698aba-6fc8-4d44-bf35-b7703e11838d:192.168.46.58:43173: org.apache.ratis.thirdparty.io.grpc.StatusRuntimeException: UNAVAILABLE: io exception
2019-06-15 09:22:03,381 INFO  impl.FollowerInfo (FollowerInfo.java:lambda$new$0(50)) - 1213a3aa-5ae3-462e-997a-89eaf4e8c120->8b698aba-6fc8-4d44-bf35-b7703e11838d: nextIndex: updateUnconditionally 0 -> 0
2019-06-15 09:22:03,676 INFO  client.GrpcClientProtocolService (GrpcClientProtocolService.java:lambda$processClientRequest$0(264)) - Failed RaftClientRequest:client-C9E8AC103638->1213a3aa-5ae3-462e-997a-89eaf4e8c120@group-0480E57361D7, cid=68, seq=0, Watch-MAJORITY_COMMITTED(2), Message:<EMPTY>, reply=RaftClientReply:client-C9E8AC103638->1213a3aa-5ae3-462e-997a-89eaf4e8c120@group-0480E57361D7, cid=68, FAILED org.apache.ratis.protocol.NotReplicatedException: Request with call Id 68 and log index 2 is not yet replicated to MAJORITY_COMMITTED, logIndex=2, commits[1213a3aa-5ae3-462e-997a-89eaf4e8c120:c2, 747ae0bf-a915-4b00-89fa-ee0108affcd5:c1, 8b698aba-6fc8-4d44-bf35-b7703e11838d:c1]
2019-06-15 09:22:03,880 WARN  server.GrpcLogAppender (LogUtils.java:warn(134)) - 1213a3aa-5ae3-462e-997a-89eaf4e8c120: Failed appendEntries to 747ae0bf-a915-4b00-89fa-ee0108affcd5:192.168.46.58:42463: org.apache.ratis.thirdparty.io.grpc.StatusRuntimeException: UNAVAILABLE: io exception
2019-06-15 09:22:03,881 INFO  impl.FollowerInfo (FollowerInfo.java:lambda$new$0(50)) - 1213a3aa-5ae3-462e-997a-89eaf4e8c120->747ae0bf-a915-4b00-89fa-ee0108affcd5: nextIndex: updateUnconditionally 0 -> 0
2019-06-15 09:22:03,881 WARN  server.GrpcLogAppender (LogUtils.java:warn(134)) - 1213a3aa-5ae3-462e-997a-89eaf4e8c120: Failed appendEntries to 8b698aba-6fc8-4d44-bf35-b7703e11838d:192.168.46.58:43173: org.apache.ratis.thirdparty.io.grpc.StatusRuntimeException: UNAVAILABLE: io exception
2019-06-15 09:22:03,881 INFO  impl.FollowerInfo (FollowerInfo.java:lambda$new$0(50)) - 1213a3aa-5ae3-462e-997a-89eaf4e8c120->8b698aba-6fc8-4d44-bf35-b7703e11838d: nextIndex: updateUnconditionally 0 -> 0
2019-06-15 09:22:04,381 WARN  server.GrpcLogAppender (LogUtils.java:warn(134)) - 1213a3aa-5ae3-462e-997a-89eaf4e8c120: Failed appendEntries to 747ae0bf-a915-4b00-89fa-ee0108affcd5:192.168.46.58:42463: org.apache.ratis.thirdparty.io.grpc.StatusRuntimeException: UNAVAILABLE: io exception
2019-06-15 09:22:04,381 INFO  impl.FollowerInfo (FollowerInfo.java:lambda$new$0(50)) - 1213a3aa-5ae3-462e-997a-89eaf4e8c120->747ae0bf-a915-4b00-89fa-ee0108affcd5: nextIndex: updateUnconditionally 0 -> 0
2019-06-15 09:22:04,384 WARN  server.GrpcLogAppender (LogUtils.java:warn(134)) - 1213a3aa-5ae3-462e-997a-89eaf4e8c120: Failed appendEntries to 8b698aba-6fc8-4d44-bf35-b7703e11838d:192.168.46.58:43173: org.apache.ratis.thirdparty.io.grpc.StatusRuntimeException: UNAVAILABLE: io exception
2019-06-15 09:22:04,384 INFO  impl.FollowerInfo (FollowerInfo.java:lambda$new$0(50)) - 1213a3aa-5ae3-462e-997a-89eaf4e8c120->8b698aba-6fc8-4d44-bf35-b7703e11838d: nextIndex: updateUnconditionally 0 -> 0
2019-06-15 09:22:04,881 WARN  server.GrpcLogAppender (LogUtils.java:warn(134)) - 1213a3aa-5ae3-462e-997a-89eaf4e8c120: Failed appendEntries to 8b698aba-6fc8-4d44-bf35-b7703e11838d:192.168.46.58:43173: org.apache.ratis.thirdparty.io.grpc.StatusRuntimeException: UNAVAILABLE: io exception
2019-06-15 09:22:04,881 INFO  impl.FollowerInfo (FollowerInfo.java:lambda$new$0(50)) - 1213a3aa-5ae3-462e-997a-89eaf4e8c120->8b698aba-6fc8-4d44-bf35-b7703e11838d: nextIndex: updateUnconditionally 0 -> 0
2019-06-15 09:22:04,882 WARN  server.GrpcLogAppender (LogUtils.java:warn(134)) - 1213a3aa-5ae3-462e-997a-89eaf4e8c120: Failed appendEntries to 747ae0bf-a915-4b00-89fa-ee0108affcd5:192.168.46.58:42463: org.apache.ratis.thirdparty.io.grpc.StatusRuntimeException: UNAVAILABLE: io exception
2019-06-15 09:22:04,882 INFO  impl.FollowerInfo (FollowerInfo.java:lambda$new$0(50)) - 1213a3aa-5ae3-462e-997a-89eaf4e8c120->747ae0bf-a915-4b00-89fa-ee0108affcd5: nextIndex: updateUnconditionally 0 -> 0
2019-06-15 09:22:05,382 WARN  server.GrpcLogAppender (LogUtils.java:warn(134)) - 1213a3aa-5ae3-462e-997a-89eaf4e8c120: Failed appendEntries to 747ae0bf-a915-4b00-89fa-ee0108affcd5:192.168.46.58:42463: org.apache.ratis.thirdparty.io.grpc.StatusRuntimeException: UNAVAILABLE: io exception
2019-06-15 09:22:05,382 INFO  impl.FollowerInfo (FollowerInfo.java:lambda$new$0(50)) - 1213a3aa-5ae3-462e-997a-89eaf4e8c120->747ae0bf-a915-4b00-89fa-ee0108affcd5: nextIndex: updateUnconditionally 0 -> 0
2019-06-15 09:22:05,385 WARN  server.GrpcLogAppender (LogUtils.java:warn(134)) - 1213a3aa-5ae3-462e-997a-89eaf4e8c120: Failed appendEntries to 8b698aba-6fc8-4d44-bf35-b7703e11838d:192.168.46.58:43173: org.apache.ratis.thirdparty.io.grpc.StatusRuntimeException: UNAVAILABLE: io exception
2019-06-15 09:22:05,386 INFO  impl.FollowerInfo (FollowerInfo.java:lambda$new$0(50)) - 1213a3aa-5ae3-462e-997a-89eaf4e8c120->8b698aba-6fc8-4d44-bf35-b7703e11838d: nextIndex: updateUnconditionally 0 -> 0
2019-06-15 09:22:05,882 WARN  server.GrpcLogAppender (LogUtils.java:warn(134)) - 1213a3aa-5ae3-462e-997a-89eaf4e8c120: Failed appendEntries to 747ae0bf-a915-4b00-89fa-ee0108affcd5:192.168.46.58:42463: org.apache.ratis.thirdparty.io.grpc.StatusRuntimeException: UNAVAILABLE: io exception
2019-06-15 09:22:05,882 INFO  impl.FollowerInfo (FollowerInfo.java:lambda$new$0(50)) - 1213a3aa-5ae3-462e-997a-89eaf4e8c120->747ae0bf-a915-4b00-89fa-ee0108affcd5: nextIndex: updateUnconditionally 0 -> 0
2019-06-15 09:22:05,882 WARN  server.GrpcLogAppender (LogUtils.java:warn(134)) - 1213a3aa-5ae3-462e-997a-89eaf4e8c120: Failed appendEntries to 8b698aba-6fc8-4d44-bf35-b7703e11838d:192.168.46.58:43173: org.apache.ratis.thirdparty.io.grpc.StatusRuntimeException: UNAVAILABLE: io exception
2019-06-15 09:22:05,883 INFO  impl.FollowerInfo (FollowerInfo.java:lambda$new$0(50)) - 1213a3aa-5ae3-462e-997a-89eaf4e8c120->8b698aba-6fc8-4d44-bf35-b7703e11838d: nextIndex: updateUnconditionally 0 -> 0
2019-06-15 09:22:06,382 WARN  server.GrpcLogAppender (LogUtils.java:warn(134)) - 1213a3aa-5ae3-462e-997a-89eaf4e8c120: Failed appendEntries to 8b698aba-6fc8-4d44-bf35-b7703e11838d:192.168.46.58:43173: org.apache.ratis.thirdparty.io.grpc.StatusRuntimeException: UNAVAILABLE: io exception
2019-06-15 09:22:06,382 WARN  server.GrpcLogAppender (LogUtils.java:warn(134)) - 1213a3aa-5ae3-462e-997a-89eaf4e8c120: Failed appendEntries to 747ae0bf-a915-4b00-89fa-ee0108affcd5:192.168.46.58:42463: org.apache.ratis.thirdparty.io.grpc.StatusRuntimeException: UNAVAILABLE: io exception
2019-06-15 09:22:06,383 INFO  impl.FollowerInfo (FollowerInfo.java:lambda$new$0(50)) - 1213a3aa-5ae3-462e-997a-89eaf4e8c120->8b698aba-6fc8-4d44-bf35-b7703e11838d: nextIndex: updateUnconditionally 0 -> 0
2019-06-15 09:22:06,383 INFO  impl.FollowerInfo (FollowerInfo.java:lambda$new$0(50)) - 1213a3aa-5ae3-462e-997a-89eaf4e8c120->747ae0bf-a915-4b00-89fa-ee0108affcd5: nextIndex: updateUnconditionally 0 -> 0
2019-06-15 09:22:06,883 WARN  server.GrpcLogAppender (LogUtils.java:warn(134)) - 1213a3aa-5ae3-462e-997a-89eaf4e8c120: Failed appendEntries to 8b698aba-6fc8-4d44-bf35-b7703e11838d:192.168.46.58:43173: org.apache.ratis.thirdparty.io.grpc.StatusRuntimeException: UNAVAILABLE: io exception
2019-06-15 09:22:06,884 INFO  impl.FollowerInfo (FollowerInfo.java:lambda$new$0(50)) - 1213a3aa-5ae3-462e-997a-89eaf4e8c120->8b698aba-6fc8-4d44-bf35-b7703e11838d: nextIndex: updateUnconditionally 0 -> 0
2019-06-15 09:22:06,885 WARN  server.GrpcLogAppender (LogUtils.java:warn(134)) - 1213a3aa-5ae3-462e-997a-89eaf4e8c120: Failed appendEntries to 747ae0bf-a915-4b00-89fa-ee0108affcd5:192.168.46.58:42463: org.apache.ratis.thirdparty.io.grpc.StatusRuntimeException: UNAVAILABLE: io exception
2019-06-15 09:22:06,886 INFO  impl.FollowerInfo (FollowerInfo.java:lambda$new$0(50)) - 1213a3aa-5ae3-462e-997a-89eaf4e8c120->747ae0bf-a915-4b00-89fa-ee0108affcd5: nextIndex: updateUnconditionally 0 -> 0
2019-06-15 09:22:07,383 WARN  server.GrpcLogAppender (LogUtils.java:warn(134)) - 1213a3aa-5ae3-462e-997a-89eaf4e8c120: Failed appendEntries to 8b698aba-6fc8-4d44-bf35-b7703e11838d:192.168.46.58:43173: org.apache.ratis.thirdparty.io.grpc.StatusRuntimeException: UNAVAILABLE: io exception
2019-06-15 09:22:07,384 INFO  impl.FollowerInfo (FollowerInfo.java:lambda$new$0(50)) - 1213a3aa-5ae3-462e-997a-89eaf4e8c120->8b698aba-6fc8-4d44-bf35-b7703e11838d: nextIndex: updateUnconditionally 0 -> 0
2019-06-15 09:22:07,385 WARN  server.GrpcLogAppender (LogUtils.java:warn(134)) - 1213a3aa-5ae3-462e-997a-89eaf4e8c120: Failed appendEntries to 747ae0bf-a915-4b00-89fa-ee0108affcd5:192.168.46.58:42463: org.apache.ratis.thirdparty.io.grpc.StatusRuntimeException: UNAVAILABLE: io exception
2019-06-15 09:22:07,385 INFO  impl.FollowerInfo (FollowerInfo.java:lambda$new$0(50)) - 1213a3aa-5ae3-462e-997a-89eaf4e8c120->747ae0bf-a915-4b00-89fa-ee0108affcd5: nextIndex: updateUnconditionally 0 -> 0
2019-06-15 09:22:07,885 WARN  server.GrpcLogAppender (LogUtils.java:warn(134)) - 1213a3aa-5ae3-462e-997a-89eaf4e8c120: Failed appendEntries to 747ae0bf-a915-4b00-89fa-ee0108affcd5:192.168.46.58:42463: org.apache.ratis.thirdparty.io.grpc.StatusRuntimeException: UNAVAILABLE: io exception
2019-06-15 09:22:07,885 INFO  impl.FollowerInfo (FollowerInfo.java:lambda$new$0(50)) - 1213a3aa-5ae3-462e-997a-89eaf4e8c120->747ae0bf-a915-4b00-89fa-ee0108affcd5: nextIndex: updateUnconditionally 0 -> 0
2019-06-15 09:22:07,886 WARN  server.GrpcLogAppender (LogUtils.java:warn(134)) - 1213a3aa-5ae3-462e-997a-89eaf4e8c120: Failed appendEntries to 8b698aba-6fc8-4d44-bf35-b7703e11838d:192.168.46.58:43173: org.apache.ratis.thirdparty.io.grpc.StatusRuntimeException: UNAVAILABLE: io exception
2019-06-15 09:22:07,886 INFO  impl.FollowerInfo (FollowerInfo.java:lambda$new$0(50)) - 1213a3aa-5ae3-462e-997a-89eaf4e8c120->8b698aba-6fc8-4d44-bf35-b7703e11838d: nextIndex: updateUnconditionally 0 -> 0
2019-06-15 09:22:08,386 WARN  server.GrpcLogAppender (LogUtils.java:warn(134)) - 1213a3aa-5ae3-462e-997a-89eaf4e8c120: Failed appendEntries to 747ae0bf-a915-4b00-89fa-ee0108affcd5:192.168.46.58:42463: org.apache.ratis.thirdparty.io.grpc.StatusRuntimeException: UNAVAILABLE: io exception
2019-06-15 09:22:08,386 WARN  server.GrpcLogAppender (LogUtils.java:warn(134)) - 1213a3aa-5ae3-462e-997a-89eaf4e8c120: Failed appendEntries to 8b698aba-6fc8-4d44-bf35-b7703e11838d:192.168.46.58:43173: org.apache.ratis.thirdparty.io.grpc.StatusRuntimeException: UNAVAILABLE: io exception
2019-06-15 09:22:08,386 INFO  impl.FollowerInfo (FollowerInfo.java:lambda$new$0(50)) - 1213a3aa-5ae3-462e-997a-89eaf4e8c120->747ae0bf-a915-4b00-89fa-ee0108affcd5: nextIndex: updateUnconditionally 0 -> 0
2019-06-15 09:22:08,386 INFO  impl.FollowerInfo (FollowerInfo.java:lambda$new$0(50)) - 1213a3aa-5ae3-462e-997a-89eaf4e8c120->8b698aba-6fc8-4d44-bf35-b7703e11838d: nextIndex: updateUnconditionally 0 -> 0
2019-06-15 09:22:08,674 INFO  client.GrpcClientProtocolService (GrpcClientProtocolService.java:lambda$processClientRequest$0(264)) - Failed RaftClientRequest:client-C9E8AC103638->1213a3aa-5ae3-462e-997a-89eaf4e8c120@group-0480E57361D7, cid=68, seq=0, Watch-MAJORITY_COMMITTED(2), Message:<EMPTY>, reply=RaftClientReply:client-C9E8AC103638->1213a3aa-5ae3-462e-997a-89eaf4e8c120@group-0480E57361D7, cid=68, FAILED org.apache.ratis.protocol.NotReplicatedException: Request with call Id 68 and log index 2 is not yet replicated to MAJORITY_COMMITTED, logIndex=2, commits[1213a3aa-5ae3-462e-997a-89eaf4e8c120:c2, 747ae0bf-a915-4b00-89fa-ee0108affcd5:c1, 8b698aba-6fc8-4d44-bf35-b7703e11838d:c1]
2019-06-15 09:22:08,886 WARN  server.GrpcLogAppender (LogUtils.java:warn(134)) - 1213a3aa-5ae3-462e-997a-89eaf4e8c120: Failed appendEntries to 8b698aba-6fc8-4d44-bf35-b7703e11838d:192.168.46.58:43173: org.apache.ratis.thirdparty.io.grpc.StatusRuntimeException: UNAVAILABLE: io exception
2019-06-15 09:22:08,886 INFO  impl.FollowerInfo (FollowerInfo.java:lambda$new$0(50)) - 1213a3aa-5ae3-462e-997a-89eaf4e8c120->8b698aba-6fc8-4d44-bf35-b7703e11838d: nextIndex: updateUnconditionally 0 -> 0
2019-06-15 09:22:08,887 WARN  server.GrpcLogAppender (LogUtils.java:warn(134)) - 1213a3aa-5ae3-462e-997a-89eaf4e8c120: Failed appendEntries to 747ae0bf-a915-4b00-89fa-ee0108affcd5:192.168.46.58:42463: org.apache.ratis.thirdparty.io.grpc.StatusRuntimeException: UNAVAILABLE: io exception
2019-06-15 09:22:08,887 INFO  impl.FollowerInfo (FollowerInfo.java:lambda$new$0(50)) - 1213a3aa-5ae3-462e-997a-89eaf4e8c120->747ae0bf-a915-4b00-89fa-ee0108affcd5: nextIndex: updateUnconditionally 0 -> 0
2019-06-15 09:22:09,387 WARN  server.GrpcLogAppender (LogUtils.java:warn(134)) - 1213a3aa-5ae3-462e-997a-89eaf4e8c120: Failed appendEntries to 747ae0bf-a915-4b00-89fa-ee0108affcd5:192.168.46.58:42463: org.apache.ratis.thirdparty.io.grpc.StatusRuntimeException: UNAVAILABLE: io exception
2019-06-15 09:22:09,387 INFO  impl.FollowerInfo (FollowerInfo.java:lambda$new$0(50)) - 1213a3aa-5ae3-462e-997a-89eaf4e8c120->747ae0bf-a915-4b00-89fa-ee0108affcd5: nextIndex: updateUnconditionally 0 -> 0
2019-06-15 09:22:09,387 WARN  server.GrpcLogAppender (LogUtils.java:warn(134)) - 1213a3aa-5ae3-462e-997a-89eaf4e8c120: Failed appendEntries to 8b698aba-6fc8-4d44-bf35-b7703e11838d:192.168.46.58:43173: org.apache.ratis.thirdparty.io.grpc.StatusRuntimeException: UNAVAILABLE: io exception
2019-06-15 09:22:09,387 INFO  impl.FollowerInfo (FollowerInfo.java:lambda$new$0(50)) - 1213a3aa-5ae3-462e-997a-89eaf4e8c120->8b698aba-6fc8-4d44-bf35-b7703e11838d: nextIndex: updateUnconditionally 0 -> 0
2019-06-15 09:22:09,887 WARN  server.GrpcLogAppender (LogUtils.java:warn(134)) - 1213a3aa-5ae3-462e-997a-89eaf4e8c120: Failed appendEntries to 747ae0bf-a915-4b00-89fa-ee0108affcd5:192.168.46.58:42463: org.apache.ratis.thirdparty.io.grpc.StatusRuntimeException: UNAVAILABLE: io exception
2019-06-15 09:22:09,887 INFO  impl.FollowerInfo (FollowerInfo.java:lambda$new$0(50)) - 1213a3aa-5ae3-462e-997a-89eaf4e8c120->747ae0bf-a915-4b00-89fa-ee0108affcd5: nextIndex: updateUnconditionally 0 -> 0
2019-06-15 09:22:09,889 WARN  server.GrpcLogAppender (LogUtils.java:warn(134)) - 1213a3aa-5ae3-462e-997a-89eaf4e8c120: Failed appendEntries to 8b698aba-6fc8-4d44-bf35-b7703e11838d:192.168.46.58:43173: org.apache.ratis.thirdparty.io.grpc.StatusRuntimeException: UNAVAILABLE: io exception
2019-06-15 09:22:09,890 INFO  impl.FollowerInfo (FollowerInfo.java:lambda$new$0(50)) - 1213a3aa-5ae3-462e-997a-89eaf4e8c120->8b698aba-6fc8-4d44-bf35-b7703e11838d: nextIndex: updateUnconditionally 0 -> 0
2019-06-15 09:22:10,388 WARN  server.GrpcLogAppender (LogUtils.java:warn(134)) - 1213a3aa-5ae3-462e-997a-89eaf4e8c120: Failed appendEntries to 8b698aba-6fc8-4d44-bf35-b7703e11838d:192.168.46.58:43173: org.apache.ratis.thirdparty.io.grpc.StatusRuntimeException: UNAVAILABLE: io exception
2019-06-15 09:22:10,388 WARN  server.GrpcLogAppender (LogUtils.java:warn(134)) - 1213a3aa-5ae3-462e-997a-89eaf4e8c120: Failed appendEntries to 747ae0bf-a915-4b00-89fa-ee0108affcd5:192.168.46.58:42463: org.apache.ratis.thirdparty.io.grpc.StatusRuntimeException: UNAVAILABLE: io exception
2019-06-15 09:22:10,389 INFO  impl.FollowerInfo (FollowerInfo.java:lambda$new$0(50)) - 1213a3aa-5ae3-462e-997a-89eaf4e8c120->747ae0bf-a915-4b00-89fa-ee0108affcd5: nextIndex: updateUnconditionally 0 -> 0
2019-06-15 09:22:10,388 INFO  impl.FollowerInfo (FollowerInfo.java:lambda$new$0(50)) - 1213a3aa-5ae3-462e-997a-89eaf4e8c120->8b698aba-6fc8-4d44-bf35-b7703e11838d: nextIndex: updateUnconditionally 0 -> 0
2019-06-15 09:22:10,888 WARN  server.GrpcLogAppender (LogUtils.java:warn(134)) - 1213a3aa-5ae3-462e-997a-89eaf4e8c120: Failed appendEntries to 747ae0bf-a915-4b00-89fa-ee0108affcd5:192.168.46.58:42463: org.apache.ratis.thirdparty.io.grpc.StatusRuntimeException: UNAVAILABLE: io exception
2019-06-15 09:22:10,888 WARN  server.GrpcLogAppender (LogUtils.java:warn(134)) - 1213a3aa-5ae3-462e-997a-89eaf4e8c120: Failed appendEntries to 8b698aba-6fc8-4d44-bf35-b7703e11838d:192.168.46.58:43173: org.apache.ratis.thirdparty.io.grpc.StatusRuntimeException: UNAVAILABLE: io exception
2019-06-15 09:22:10,888 INFO  impl.FollowerInfo (FollowerInfo.java:lambda$new$0(50)) - 1213a3aa-5ae3-462e-997a-89eaf4e8c120->747ae0bf-a915-4b00-89fa-ee0108affcd5: nextIndex: updateUnconditionally 0 -> 0
2019-06-15 09:22:10,889 INFO  impl.FollowerInfo (FollowerInfo.java:lambda$new$0(50)) - 1213a3aa-5ae3-462e-997a-89eaf4e8c120->8b698aba-6fc8-4d44-bf35-b7703e11838d: nextIndex: updateUnconditionally 0 -> 0
2019-06-15 09:22:11,388 WARN  server.GrpcLogAppender (LogUtils.java:warn(134)) - 1213a3aa-5ae3-462e-997a-89eaf4e8c120: Failed appendEntries to 8b698aba-6fc8-4d44-bf35-b7703e11838d:192.168.46.58:43173: org.apache.ratis.thirdparty.io.grpc.StatusRuntimeException: UNAVAILABLE: io exception
2019-06-15 09:22:11,389 WARN  server.GrpcLogAppender (LogUtils.java:warn(134)) - 1213a3aa-5ae3-462e-997a-89eaf4e8c120: Failed appendEntries to 747ae0bf-a915-4b00-89fa-ee0108affcd5:192.168.46.58:42463: org.apache.ratis.thirdparty.io.grpc.StatusRuntimeException: UNAVAILABLE: io exception
2019-06-15 09:22:11,389 INFO  impl.FollowerInfo (FollowerInfo.java:lambda$new$0(50)) - 1213a3aa-5ae3-462e-997a-89eaf4e8c120->8b698aba-6fc8-4d44-bf35-b7703e11838d: nextIndex: updateUnconditionally 0 -> 0
2019-06-15 09:22:11,389 INFO  impl.FollowerInfo (FollowerInfo.java:lambda$new$0(50)) - 1213a3aa-5ae3-462e-997a-89eaf4e8c120->747ae0bf-a915-4b00-89fa-ee0108affcd5: nextIndex: updateUnconditionally 0 -> 0
2019-06-15 09:22:11,889 WARN  server.GrpcLogAppender (LogUtils.java:warn(134)) - 1213a3aa-5ae3-462e-997a-89eaf4e8c120: Failed appendEntries to 8b698aba-6fc8-4d44-bf35-b7703e11838d:192.168.46.58:43173: org.apache.ratis.thirdparty.io.grpc.StatusRuntimeException: UNAVAILABLE: io exception
2019-06-15 09:22:11,889 INFO  impl.FollowerInfo (FollowerInfo.java:lambda$new$0(50)) - 1213a3aa-5ae3-462e-997a-89eaf4e8c120->8b698aba-6fc8-4d44-bf35-b7703e11838d: nextIndex: updateUnconditionally 0 -> 0
2019-06-15 09:22:11,894 WARN  server.GrpcLogAppender (LogUtils.java:warn(134)) - 1213a3aa-5ae3-462e-997a-89eaf4e8c120: Failed appendEntries to 747ae0bf-a915-4b00-89fa-ee0108affcd5:192.168.46.58:42463: org.apache.ratis.thirdparty.io.grpc.StatusRuntimeException: UNAVAILABLE: io exception
2019-06-15 09:22:11,894 INFO  impl.FollowerInfo (FollowerInfo.java:lambda$new$0(50)) - 1213a3aa-5ae3-462e-997a-89eaf4e8c120->747ae0bf-a915-4b00-89fa-ee0108affcd5: nextIndex: updateUnconditionally 0 -> 0
2019-06-15 09:22:12,390 WARN  server.GrpcLogAppender (LogUtils.java:warn(134)) - 1213a3aa-5ae3-462e-997a-89eaf4e8c120: Failed appendEntries to 8b698aba-6fc8-4d44-bf35-b7703e11838d:192.168.46.58:43173: org.apache.ratis.thirdparty.io.grpc.StatusRuntimeException: UNAVAILABLE: io exception
2019-06-15 09:22:12,390 WARN  server.GrpcLogAppender (LogUtils.java:warn(134)) - 1213a3aa-5ae3-462e-997a-89eaf4e8c120: Failed appendEntries to 747ae0bf-a915-4b00-89fa-ee0108affcd5:192.168.46.58:42463: org.apache.ratis.thirdparty.io.grpc.StatusRuntimeException: UNAVAILABLE: io exception
2019-06-15 09:22:12,390 INFO  impl.FollowerInfo (FollowerInfo.java:lambda$new$0(50)) - 1213a3aa-5ae3-462e-997a-89eaf4e8c120->8b698aba-6fc8-4d44-bf35-b7703e11838d: nextIndex: updateUnconditionally 0 -> 0
2019-06-15 09:22:12,390 INFO  impl.FollowerInfo (FollowerInfo.java:lambda$new$0(50)) - 1213a3aa-5ae3-462e-997a-89eaf4e8c120->747ae0bf-a915-4b00-89fa-ee0108affcd5: nextIndex: updateUnconditionally 0 -> 0
2019-06-15 09:22:12,890 WARN  server.GrpcLogAppender (LogUtils.java:warn(134)) - 1213a3aa-5ae3-462e-997a-89eaf4e8c120: Failed appendEntries to 747ae0bf-a915-4b00-89fa-ee0108affcd5:192.168.46.58:42463: org.apache.ratis.thirdparty.io.grpc.StatusRuntimeException: UNAVAILABLE: io exception
2019-06-15 09:22:12,891 INFO  impl.FollowerInfo (FollowerInfo.java:lambda$new$0(50)) - 1213a3aa-5ae3-462e-997a-89eaf4e8c120->747ae0bf-a915-4b00-89fa-ee0108affcd5: nextIndex: updateUnconditionally 0 -> 0
2019-06-15 09:22:12,893 WARN  server.GrpcLogAppender (LogUtils.java:warn(134)) - 1213a3aa-5ae3-462e-997a-89eaf4e8c120: Failed appendEntries to 8b698aba-6fc8-4d44-bf35-b7703e11838d:192.168.46.58:43173: org.apache.ratis.thirdparty.io.grpc.StatusRuntimeException: UNAVAILABLE: io exception
2019-06-15 09:22:12,893 INFO  impl.FollowerInfo (FollowerInfo.java:lambda$new$0(50)) - 1213a3aa-5ae3-462e-997a-89eaf4e8c120->8b698aba-6fc8-4d44-bf35-b7703e11838d: nextIndex: updateUnconditionally 0 -> 0
2019-06-15 09:22:13,391 WARN  server.GrpcLogAppender (LogUtils.java:warn(134)) - 1213a3aa-5ae3-462e-997a-89eaf4e8c120: Failed appendEntries to 8b698aba-6fc8-4d44-bf35-b7703e11838d:192.168.46.58:43173: org.apache.ratis.thirdparty.io.grpc.StatusRuntimeException: UNAVAILABLE: io exception
2019-06-15 09:22:13,391 WARN  server.GrpcLogAppender (LogUtils.java:warn(134)) - 1213a3aa-5ae3-462e-997a-89eaf4e8c120: Failed appendEntries to 747ae0bf-a915-4b00-89fa-ee0108affcd5:192.168.46.58:42463: org.apache.ratis.thirdparty.io.grpc.StatusRuntimeException: UNAVAILABLE: io exception
2019-06-15 09:22:13,391 INFO  impl.FollowerInfo (FollowerInfo.java:lambda$new$0(50)) - 1213a3aa-5ae3-462e-997a-89eaf4e8c120->8b698aba-6fc8-4d44-bf35-b7703e11838d: nextIndex: updateUnconditionally 0 -> 0
2019-06-15 09:22:13,391 INFO  impl.FollowerInfo (FollowerInfo.java:lambda$new$0(50)) - 1213a3aa-5ae3-462e-997a-89eaf4e8c120->747ae0bf-a915-4b00-89fa-ee0108affcd5: nextIndex: updateUnconditionally 0 -> 0
]]></system-out>
    <system-err><![CDATA[Jun 15, 2019 9:21:22 AM com.sun.jersey.server.impl.application.WebApplicationImpl _initiate
INFO: Initiating Jersey application, version 'Jersey: 1.19 02/11/2015 03:25 AM'
Jun 15, 2019 9:21:22 AM com.sun.jersey.server.impl.application.WebApplicationImpl _initiate
INFO: Initiating Jersey application, version 'Jersey: 1.19 02/11/2015 03:25 AM'
Jun 15, 2019 9:21:23 AM com.sun.jersey.server.impl.application.WebApplicationImpl _initiate
INFO: Initiating Jersey application, version 'Jersey: 1.19 02/11/2015 03:25 AM'
Jun 15, 2019 9:21:23 AM com.sun.jersey.server.impl.application.WebApplicationImpl _initiate
INFO: Initiating Jersey application, version 'Jersey: 1.19 02/11/2015 03:25 AM'
Jun 15, 2019 9:21:23 AM com.sun.jersey.server.impl.application.WebApplicationImpl _initiate
INFO: Initiating Jersey application, version 'Jersey: 1.19 02/11/2015 03:25 AM'
Jun 15, 2019 9:21:23 AM com.sun.jersey.server.impl.application.WebApplicationImpl _initiate
INFO: Initiating Jersey application, version 'Jersey: 1.19 02/11/2015 03:25 AM'
Jun 15, 2019 9:21:23 AM com.sun.jersey.server.impl.application.WebApplicationImpl _initiate
INFO: Initiating Jersey application, version 'Jersey: 1.19 02/11/2015 03:25 AM'
]]></system-err>
  </testcase>
  <testcase name="testWatchForCommitForGroupMismatchException" classname="org.apache.hadoop.ozone.client.rpc.TestWatchForCommit" time="8.256"/>
  <testcase name="test2WayCommitForTimeoutException" classname="org.apache.hadoop.ozone.client.rpc.TestWatchForCommit" time="14.335"/>
  <testcase name="test2WayCommitForRetryfailure" classname="org.apache.hadoop.ozone.client.rpc.TestWatchForCommit" time="30.451"/>
</testsuite>