<?xml version="1.0" encoding="UTF-8"?>
<testsuite xmlns:xsi="http://www.w3.org/2001/XMLSchema-instance" xsi:noNamespaceSchemaLocation="https://maven.apache.org/surefire/maven-surefire-plugin/xsd/surefire-test-report.xsd" name="org.apache.hadoop.hdds.scm.pipeline.TestNodeFailure" time="10.437" tests="1" errors="0" skipped="1" failures="0">
  <properties>
    <property name="awt.toolkit" value="sun.awt.X11.XToolkit"/>
    <property name="file.encoding.pkg" value="sun.io"/>
    <property name="java.specification.version" value="1.8"/>
    <property name="sun.cpu.isalist" value=""/>
    <property name="sun.jnu.encoding" value="UTF-8"/>
    <property name="java.class.path" value="/opt/src/hadoop-ozone/integration-test/target/test-classes:/opt/src/hadoop-ozone/integration-test/target/classes:/root/.m2/repository/org/apache/hadoop/hadoop-ozone-common/0.5.0-SNAPSHOT/hadoop-ozone-common-0.5.0-SNAPSHOT.jar:/root/.m2/repository/org/apache/commons/commons-compress/1.4.1/commons-compress-1.4.1.jar:/root/.m2/repository/org/tukaani/xz/1.0/xz-1.0.jar:/root/.m2/repository/org/apache/hadoop/hadoop-common/3.2.0/hadoop-common-3.2.0.jar:/root/.m2/repository/org/apache/hadoop/hadoop-hdfs/3.2.0/hadoop-hdfs-3.2.0.jar:/root/.m2/repository/org/apache/hadoop/hadoop-hdfs-client/3.2.0/hadoop-hdfs-client-3.2.0.jar:/root/.m2/repository/com/fasterxml/jackson/core/jackson-annotations/2.9.5/jackson-annotations-2.9.5.jar:/root/.m2/repository/org/apache/hadoop/hadoop-hdds-common/0.5.0-SNAPSHOT/hadoop-hdds-common-0.5.0-SNAPSHOT.jar:/root/.m2/repository/javax/annotation/javax.annotation-api/1.2/javax.annotation-api-1.2.jar:/root/.m2/repository/org/apache/ratis/ratis-server/0.4.0-fe2b15d-SNAPSHOT/ratis-server-0.4.0-fe2b15d-SNAPSHOT.jar:/root/.m2/repository/org/apache/ratis/ratis-thirdparty-misc/0.2.0/ratis-thirdparty-misc-0.2.0.jar:/root/.m2/repository/org/apache/ratis/ratis-proto/0.4.0-fe2b15d-SNAPSHOT/ratis-proto-0.4.0-fe2b15d-SNAPSHOT.jar:/root/.m2/repository/org/apache/ratis/ratis-common/0.4.0-fe2b15d-SNAPSHOT/ratis-common-0.4.0-fe2b15d-SNAPSHOT.jar:/root/.m2/repository/org/apache/ratis/ratis-client/0.4.0-fe2b15d-SNAPSHOT/ratis-client-0.4.0-fe2b15d-SNAPSHOT.jar:/root/.m2/repository/org/apache/ratis/ratis-netty/0.4.0-fe2b15d-SNAPSHOT/ratis-netty-0.4.0-fe2b15d-SNAPSHOT.jar:/root/.m2/repository/org/apache/ratis/ratis-grpc/0.4.0-fe2b15d-SNAPSHOT/ratis-grpc-0.4.0-fe2b15d-SNAPSHOT.jar:/root/.m2/repository/org/rocksdb/rocksdbjni/5.14.2/rocksdbjni-5.14.2.jar:/root/.m2/repository/org/apache/logging/log4j/log4j-api/2.11.0/log4j-api-2.11.0.jar:/root/.m2/repository/org/apache/logging/log4j/log4j-core/2.11.0/log4j-core-2.11.0.jar:/root/.m2/repository/com/lmax/disruptor/3.4.2/disruptor-3.4.2.jar:/root/.m2/repository/org/apache/commons/commons-pool2/2.6.0/commons-pool2-2.6.0.jar:/root/.m2/repository/org/bouncycastle/bcpkix-jdk15on/1.60/bcpkix-jdk15on-1.60.jar:/root/.m2/repository/commons-validator/commons-validator/1.6/commons-validator-1.6.jar:/root/.m2/repository/commons-digester/commons-digester/1.8.1/commons-digester-1.8.1.jar:/root/.m2/repository/io/jaegertracing/jaeger-client/0.33.1/jaeger-client-0.33.1.jar:/root/.m2/repository/io/jaegertracing/jaeger-thrift/0.33.1/jaeger-thrift-0.33.1.jar:/root/.m2/repository/org/apache/thrift/libthrift/0.11.0/libthrift-0.11.0.jar:/root/.m2/repository/com/squareup/okhttp3/okhttp/3.9.0/okhttp-3.9.0.jar:/root/.m2/repository/com/squareup/okio/okio/1.13.0/okio-1.13.0.jar:/root/.m2/repository/io/jaegertracing/jaeger-core/0.33.1/jaeger-core-0.33.1.jar:/root/.m2/repository/io/jaegertracing/jaeger-tracerresolver/0.33.1/jaeger-tracerresolver-0.33.1.jar:/root/.m2/repository/io/opentracing/contrib/opentracing-tracerresolver/0.1.5/opentracing-tracerresolver-0.1.5.jar:/root/.m2/repository/io/opentracing/opentracing-util/0.31.0/opentracing-util-0.31.0.jar:/root/.m2/repository/io/opentracing/opentracing-api/0.31.0/opentracing-api-0.31.0.jar:/root/.m2/repository/io/opentracing/opentracing-noop/0.31.0/opentracing-noop-0.31.0.jar:/root/.m2/repository/org/apache/hadoop/hadoop-hdds-server-framework/0.5.0-SNAPSHOT/hadoop-hdds-server-framework-0.5.0-SNAPSHOT.jar:/root/.m2/repository/org/apache/hadoop/hadoop-hdds-server-scm/0.5.0-SNAPSHOT/hadoop-hdds-server-scm-0.5.0-SNAPSHOT.jar:/root/.m2/repository/org/apache/hadoop/hadoop-hdds-container-service/0.5.0-SNAPSHOT/hadoop-hdds-container-service-0.5.0-SNAPSHOT.jar:/root/.m2/repository/org/apache/hadoop/hadoop-hdds-client/0.5.0-SNAPSHOT/hadoop-hdds-client-0.5.0-SNAPSHOT.jar:/root/.m2/repository/org/apache/hadoop/hadoop-hdds-tools/0.5.0-SNAPSHOT/hadoop-hdds-tools-0.5.0-SNAPSHOT.jar:/root/.m2/repository/org/apache/hadoop/hadoop-ozone-ozone-manager/0.5.0-SNAPSHOT/hadoop-ozone-ozone-manager-0.5.0-SNAPSHOT.jar:/root/.m2/repository/org/apache/hadoop/hadoop-hdds-docs/0.5.0-SNAPSHOT/hadoop-hdds-docs-0.5.0-SNAPSHOT.jar:/root/.m2/repository/org/bouncycastle/bcprov-jdk15on/1.60/bcprov-jdk15on-1.60.jar:/root/.m2/repository/org/apache/hadoop/hadoop-minikdc/3.2.0/hadoop-minikdc-3.2.0.jar:/root/.m2/repository/commons-io/commons-io/2.5/commons-io-2.5.jar:/root/.m2/repository/org/apache/kerby/kerb-simplekdc/1.0.1/kerb-simplekdc-1.0.1.jar:/root/.m2/repository/org/apache/kerby/kerb-client/1.0.1/kerb-client-1.0.1.jar:/root/.m2/repository/org/apache/kerby/kerby-config/1.0.1/kerby-config-1.0.1.jar:/root/.m2/repository/org/apache/kerby/kerb-core/1.0.1/kerb-core-1.0.1.jar:/root/.m2/repository/org/apache/kerby/kerby-pkix/1.0.1/kerby-pkix-1.0.1.jar:/root/.m2/repository/org/apache/kerby/kerby-asn1/1.0.1/kerby-asn1-1.0.1.jar:/root/.m2/repository/org/apache/kerby/kerby-util/1.0.1/kerby-util-1.0.1.jar:/root/.m2/repository/org/apache/kerby/kerb-common/1.0.1/kerb-common-1.0.1.jar:/root/.m2/repository/org/apache/kerby/kerb-crypto/1.0.1/kerb-crypto-1.0.1.jar:/root/.m2/repository/org/apache/kerby/kerb-util/1.0.1/kerb-util-1.0.1.jar:/root/.m2/repository/org/apache/kerby/token-provider/1.0.1/token-provider-1.0.1.jar:/root/.m2/repository/org/apache/kerby/kerb-admin/1.0.1/kerb-admin-1.0.1.jar:/root/.m2/repository/org/apache/kerby/kerb-server/1.0.1/kerb-server-1.0.1.jar:/root/.m2/repository/org/apache/kerby/kerb-identity/1.0.1/kerb-identity-1.0.1.jar:/root/.m2/repository/org/apache/kerby/kerby-xdr/1.0.1/kerby-xdr-1.0.1.jar:/root/.m2/repository/org/slf4j/slf4j-log4j12/1.7.25/slf4j-log4j12-1.7.25.jar:/root/.m2/repository/org/apache/hadoop/hadoop-ozone-objectstore-service/0.5.0-SNAPSHOT/hadoop-ozone-objectstore-service-0.5.0-SNAPSHOT.jar:/root/.m2/repository/org/apache/hadoop/hadoop-ozone-s3gateway/0.5.0-SNAPSHOT/hadoop-ozone-s3gateway-0.5.0-SNAPSHOT.jar:/root/.m2/repository/org/jboss/weld/servlet/weld-servlet/2.4.7.Final/weld-servlet-2.4.7.Final.jar:/root/.m2/repository/org/glassfish/jersey/containers/jersey-container-servlet-core/2.27/jersey-container-servlet-core-2.27.jar:/root/.m2/repository/org/glassfish/hk2/external/javax.inject/2.5.0-b42/javax.inject-2.5.0-b42.jar:/root/.m2/repository/org/glassfish/jersey/core/jersey-common/2.27/jersey-common-2.27.jar:/root/.m2/repository/org/glassfish/hk2/osgi-resource-locator/1.0.1/osgi-resource-locator-1.0.1.jar:/root/.m2/repository/javax/ws/rs/javax.ws.rs-api/2.1/javax.ws.rs-api-2.1.jar:/root/.m2/repository/org/glassfish/jersey/ext/cdi/jersey-cdi1x/2.27/jersey-cdi1x-2.27.jar:/root/.m2/repository/org/glassfish/jersey/inject/jersey-hk2/2.27/jersey-hk2-2.27.jar:/root/.m2/repository/org/glassfish/hk2/hk2-locator/2.5.0-b42/hk2-locator-2.5.0-b42.jar:/root/.m2/repository/org/javassist/javassist/3.22.0-CR2/javassist-3.22.0-CR2.jar:/root/.m2/repository/org/glassfish/hk2/hk2-api/2.5.0/hk2-api-2.5.0.jar:/root/.m2/repository/org/glassfish/hk2/external/jakarta.inject/2.5.0/jakarta.inject-2.5.0.jar:/root/.m2/repository/org/glassfish/hk2/hk2-utils/2.5.0/hk2-utils-2.5.0.jar:/root/.m2/repository/jakarta/annotation/jakarta.annotation-api/1.3.4/jakarta.annotation-api-1.3.4.jar:/root/.m2/repository/org/glassfish/hk2/external/aopalliance-repackaged/2.5.0/aopalliance-repackaged-2.5.0.jar:/root/.m2/repository/com/fasterxml/jackson/dataformat/jackson-dataformat-xml/2.9.0/jackson-dataformat-xml-2.9.0.jar:/root/.m2/repository/com/fasterxml/jackson/core/jackson-core/2.9.5/jackson-core-2.9.5.jar:/root/.m2/repository/com/fasterxml/jackson/module/jackson-module-jaxb-annotations/2.9.5/jackson-module-jaxb-annotations-2.9.5.jar:/root/.m2/repository/javax/enterprise/cdi-api/1.2/cdi-api-1.2.jar:/root/.m2/repository/javax/el/javax.el-api/3.0.0/javax.el-api-3.0.0.jar:/root/.m2/repository/javax/interceptor/javax.interceptor-api/1.2/javax.interceptor-api-1.2.jar:/root/.m2/repository/javax/inject/javax.inject/1/javax.inject-1.jar:/root/.m2/repository/com/sun/xml/bind/jaxb-impl/2.3.0.1/jaxb-impl-2.3.0.1.jar:/root/.m2/repository/com/sun/xml/bind/jaxb-core/2.3.0.1/jaxb-core-2.3.0.1.jar:/root/.m2/repository/javax/xml/bind/jaxb-api/2.3.0/jaxb-api-2.3.0.jar:/root/.m2/repository/javax/activation/activation/1.1.1/activation-1.1.1.jar:/root/.m2/repository/org/apache/hadoop/hadoop-ozone-csi/0.5.0-SNAPSHOT/hadoop-ozone-csi-0.5.0-SNAPSHOT.jar:/root/.m2/repository/com/google/protobuf/protobuf-java-util/3.5.1/protobuf-java-util-3.5.1.jar:/root/.m2/repository/org/apache/hadoop/hadoop-hdds-config/0.5.0-SNAPSHOT/hadoop-hdds-config-0.5.0-SNAPSHOT.jar:/root/.m2/repository/com/google/guava/guava/11.0.2/guava-11.0.2.jar:/root/.m2/repository/com/google/protobuf/protobuf-java/2.5.0/protobuf-java-2.5.0.jar:/root/.m2/repository/io/grpc/grpc-netty/1.17.1/grpc-netty-1.17.1.jar:/root/.m2/repository/io/grpc/grpc-core/1.17.1/grpc-core-1.17.1.jar:/root/.m2/repository/io/grpc/grpc-context/1.17.1/grpc-context-1.17.1.jar:/root/.m2/repository/com/google/errorprone/error_prone_annotations/2.2.0/error_prone_annotations-2.2.0.jar:/root/.m2/repository/org/codehaus/mojo/animal-sniffer-annotations/1.17/animal-sniffer-annotations-1.17.jar:/root/.m2/repository/io/opencensus/opencensus-api/0.17.0/opencensus-api-0.17.0.jar:/root/.m2/repository/io/opencensus/opencensus-contrib-grpc-metrics/0.17.0/opencensus-contrib-grpc-metrics-0.17.0.jar:/root/.m2/repository/io/netty/netty-codec-http2/4.1.30.Final/netty-codec-http2-4.1.30.Final.jar:/root/.m2/repository/io/netty/netty-codec-http/4.1.30.Final/netty-codec-http-4.1.30.Final.jar:/root/.m2/repository/io/netty/netty-codec/4.1.30.Final/netty-codec-4.1.30.Final.jar:/root/.m2/repository/io/netty/netty-handler/4.1.30.Final/netty-handler-4.1.30.Final.jar:/root/.m2/repository/io/netty/netty-handler-proxy/4.1.30.Final/netty-handler-proxy-4.1.30.Final.jar:/root/.m2/repository/io/netty/netty-codec-socks/4.1.30.Final/netty-codec-socks-4.1.30.Final.jar:/root/.m2/repository/io/netty/netty-transport-native-epoll/4.1.30.Final/netty-transport-native-epoll-4.1.30.Final.jar:/root/.m2/repository/io/netty/netty-common/4.1.30.Final/netty-common-4.1.30.Final.jar:/root/.m2/repository/io/netty/netty-buffer/4.1.30.Final/netty-buffer-4.1.30.Final.jar:/root/.m2/repository/io/netty/netty-transport/4.1.30.Final/netty-transport-4.1.30.Final.jar:/root/.m2/repository/io/netty/netty-resolver/4.1.30.Final/netty-resolver-4.1.30.Final.jar:/root/.m2/repository/io/netty/netty-transport-native-unix-common/4.1.30.Final/netty-transport-native-unix-common-4.1.30.Final.jar:/root/.m2/repository/io/grpc/grpc-protobuf/1.17.1/grpc-protobuf-1.17.1.jar:/root/.m2/repository/com/google/api/grpc/proto-google-common-protos/1.0.0/proto-google-common-protos-1.0.0.jar:/root/.m2/repository/io/grpc/grpc-protobuf-lite/1.17.1/grpc-protobuf-lite-1.17.1.jar:/root/.m2/repository/io/grpc/grpc-stub/1.17.1/grpc-stub-1.17.1.jar:/root/.m2/repository/org/apache/hadoop/hadoop-ozone-recon/0.5.0-SNAPSHOT/hadoop-ozone-recon-0.5.0-SNAPSHOT.jar:/root/.m2/repository/org/apache/hadoop/hadoop-ozone-reconcodegen/0.5.0-SNAPSHOT/hadoop-ozone-reconcodegen-0.5.0-SNAPSHOT.jar:/root/.m2/repository/com/google/inject/extensions/guice-multibindings/4.0/guice-multibindings-4.0.jar:/root/.m2/repository/com/google/inject/guice/4.0/guice-4.0.jar:/root/.m2/repository/aopalliance/aopalliance/1.0/aopalliance-1.0.jar:/root/.m2/repository/com/google/inject/extensions/guice-servlet/4.0/guice-servlet-4.0.jar:/root/.m2/repository/org/glassfish/jersey/containers/jersey-container-servlet/2.27/jersey-container-servlet-2.27.jar:/root/.m2/repository/org/glassfish/hk2/guice-bridge/2.5.0/guice-bridge-2.5.0.jar:/root/.m2/repository/org/glassfish/jersey/core/jersey-server/2.27/jersey-server-2.27.jar:/root/.m2/repository/org/glassfish/jersey/core/jersey-client/2.27/jersey-client-2.27.jar:/root/.m2/repository/org/glassfish/jersey/media/jersey-media-jaxb/2.27/jersey-media-jaxb-2.27.jar:/root/.m2/repository/javax/validation/validation-api/1.1.0.Final/validation-api-1.1.0.Final.jar:/root/.m2/repository/org/glassfish/jersey/media/jersey-media-json-jackson/2.27/jersey-media-json-jackson-2.27.jar:/root/.m2/repository/org/glassfish/jersey/ext/jersey-entity-filtering/2.27/jersey-entity-filtering-2.27.jar:/root/.m2/repository/com/google/inject/extensions/guice-assistedinject/4.0/guice-assistedinject-4.0.jar:/root/.m2/repository/org/jooq/jooq/3.11.10/jooq-3.11.10.jar:/root/.m2/repository/org/jooq/jooq-meta/3.11.10/jooq-meta-3.11.10.jar:/root/.m2/repository/org/jooq/jooq-codegen/3.11.10/jooq-codegen-3.11.10.jar:/root/.m2/repository/com/jolbox/bonecp/0.8.0.RELEASE/bonecp-0.8.0.RELEASE.jar:/root/.m2/repository/org/xerial/sqlite-jdbc/3.25.2/sqlite-jdbc-3.25.2.jar:/root/.m2/repository/org/springframework/spring-jdbc/5.1.3.RELEASE/spring-jdbc-5.1.3.RELEASE.jar:/root/.m2/repository/org/springframework/spring-beans/5.1.3.RELEASE/spring-beans-5.1.3.RELEASE.jar:/root/.m2/repository/org/springframework/spring-core/5.1.3.RELEASE/spring-core-5.1.3.RELEASE.jar:/root/.m2/repository/org/springframework/spring-jcl/5.1.3.RELEASE/spring-jcl-5.1.3.RELEASE.jar:/root/.m2/repository/org/springframework/spring-tx/5.1.3.RELEASE/spring-tx-5.1.3.RELEASE.jar:/root/.m2/repository/org/apache/hadoop/hadoop-ozone-client/0.5.0-SNAPSHOT/hadoop-ozone-client-0.5.0-SNAPSHOT.jar:/root/.m2/repository/org/apache/hadoop/hadoop-ozone-ozone-manager/0.5.0-SNAPSHOT/hadoop-ozone-ozone-manager-0.5.0-SNAPSHOT-tests.jar:/root/.m2/repository/junit/junit/4.11/junit-4.11.jar:/root/.m2/repository/org/hamcrest/hamcrest-core/1.3/hamcrest-core-1.3.jar:/root/.m2/repository/org/openjdk/jmh/jmh-core/1.19/jmh-core-1.19.jar:/root/.m2/repository/net/sf/jopt-simple/jopt-simple/4.6/jopt-simple-4.6.jar:/root/.m2/repository/org/apache/commons/commons-math3/3.1.1/commons-math3-3.1.1.jar:/root/.m2/repository/org/openjdk/jmh/jmh-generator-annprocess/1.19/jmh-generator-annprocess-1.19.jar:/root/.m2/repository/org/mockito/mockito-all/1.8.5/mockito-all-1.8.5.jar:/root/.m2/repository/org/apache/hadoop/hadoop-kms/3.2.0/hadoop-kms-3.2.0.jar:/root/.m2/repository/org/apache/hadoop/hadoop-auth/3.2.0/hadoop-auth-3.2.0.jar:/root/.m2/repository/com/nimbusds/nimbus-jose-jwt/4.41.1/nimbus-jose-jwt-4.41.1.jar:/root/.m2/repository/com/github/stephenc/jcip/jcip-annotations/1.0-1/jcip-annotations-1.0-1.jar:/root/.m2/repository/net/minidev/json-smart/2.3/json-smart-2.3.jar:/root/.m2/repository/net/minidev/accessors-smart/1.2/accessors-smart-1.2.jar:/root/.m2/repository/org/ow2/asm/asm/5.0.4/asm-5.0.4.jar:/root/.m2/repository/org/apache/curator/curator-framework/2.12.0/curator-framework-2.12.0.jar:/root/.m2/repository/com/sun/jersey/jersey-core/1.19/jersey-core-1.19.jar:/root/.m2/repository/javax/ws/rs/jsr311-api/1.1.1/jsr311-api-1.1.1.jar:/root/.m2/repository/com/sun/jersey/jersey-server/1.19/jersey-server-1.19.jar:/root/.m2/repository/javax/servlet/javax.servlet-api/3.1.0/javax.servlet-api-3.1.0.jar:/root/.m2/repository/org/eclipse/jetty/jetty-server/9.3.24.v20180605/jetty-server-9.3.24.v20180605.jar:/root/.m2/repository/org/eclipse/jetty/jetty-http/9.3.24.v20180605/jetty-http-9.3.24.v20180605.jar:/root/.m2/repository/org/eclipse/jetty/jetty-io/9.3.24.v20180605/jetty-io-9.3.24.v20180605.jar:/root/.m2/repository/org/eclipse/jetty/jetty-webapp/9.3.24.v20180605/jetty-webapp-9.3.24.v20180605.jar:/root/.m2/repository/org/eclipse/jetty/jetty-xml/9.3.24.v20180605/jetty-xml-9.3.24.v20180605.jar:/root/.m2/repository/log4j/log4j/1.2.17/log4j-1.2.17.jar:/root/.m2/repository/org/slf4j/slf4j-api/1.7.25/slf4j-api-1.7.25.jar:/root/.m2/repository/org/slf4j/jul-to-slf4j/1.7.25/jul-to-slf4j-1.7.25.jar:/root/.m2/repository/org/eclipse/jetty/jetty-util/9.3.24.v20180605/jetty-util-9.3.24.v20180605.jar:/root/.m2/repository/io/dropwizard/metrics/metrics-core/3.2.4/metrics-core-3.2.4.jar:/root/.m2/repository/com/fasterxml/jackson/core/jackson-databind/2.9.5/jackson-databind-2.9.5.jar:/root/.m2/repository/org/apache/hadoop/hadoop-kms/3.2.0/hadoop-kms-3.2.0-tests.jar:/root/.m2/repository/org/apache/hadoop/hadoop-hdds-server-scm/0.5.0-SNAPSHOT/hadoop-hdds-server-scm-0.5.0-SNAPSHOT-tests.jar:/root/.m2/repository/org/hamcrest/hamcrest-all/1.3/hamcrest-all-1.3.jar:/root/.m2/repository/info/picocli/picocli/3.9.6/picocli-3.9.6.jar:/root/.m2/repository/org/apache/hadoop/hadoop-hdds-container-service/0.5.0-SNAPSHOT/hadoop-hdds-container-service-0.5.0-SNAPSHOT-tests.jar:/root/.m2/repository/org/yaml/snakeyaml/1.16/snakeyaml-1.16.jar:/root/.m2/repository/org/apache/hadoop/hadoop-common/3.2.0/hadoop-common-3.2.0-tests.jar:/root/.m2/repository/org/apache/hadoop/hadoop-annotations/3.2.0/hadoop-annotations-3.2.0.jar:/usr/lib/jvm/java-1.8-openjdk/jre/../lib/tools.jar:/root/.m2/repository/commons-cli/commons-cli/1.2/commons-cli-1.2.jar:/root/.m2/repository/org/apache/httpcomponents/httpclient/4.5.2/httpclient-4.5.2.jar:/root/.m2/repository/org/apache/httpcomponents/httpcore/4.4.4/httpcore-4.4.4.jar:/root/.m2/repository/commons-codec/commons-codec/1.11/commons-codec-1.11.jar:/root/.m2/repository/commons-net/commons-net/3.6/commons-net-3.6.jar:/root/.m2/repository/commons-collections/commons-collections/3.2.2/commons-collections-3.2.2.jar:/root/.m2/repository/org/eclipse/jetty/jetty-servlet/9.3.24.v20180605/jetty-servlet-9.3.24.v20180605.jar:/root/.m2/repository/org/eclipse/jetty/jetty-security/9.3.24.v20180605/jetty-security-9.3.24.v20180605.jar:/root/.m2/repository/javax/servlet/jsp/jsp-api/2.1/jsp-api-2.1.jar:/root/.m2/repository/com/sun/jersey/jersey-servlet/1.19/jersey-servlet-1.19.jar:/root/.m2/repository/com/sun/jersey/jersey-json/1.19/jersey-json-1.19.jar:/root/.m2/repository/org/codehaus/jettison/jettison/1.1/jettison-1.1.jar:/root/.m2/repository/org/codehaus/jackson/jackson-core-asl/1.9.13/jackson-core-asl-1.9.13.jar:/root/.m2/repository/org/codehaus/jackson/jackson-mapper-asl/1.9.13/jackson-mapper-asl-1.9.13.jar:/root/.m2/repository/org/codehaus/jackson/jackson-jaxrs/1.9.13/jackson-jaxrs-1.9.13.jar:/root/.m2/repository/org/codehaus/jackson/jackson-xc/1.9.13/jackson-xc-1.9.13.jar:/root/.m2/repository/commons-logging/commons-logging/1.1.3/commons-logging-1.1.3.jar:/root/.m2/repository/commons-beanutils/commons-beanutils/1.9.3/commons-beanutils-1.9.3.jar:/root/.m2/repository/org/apache/commons/commons-configuration2/2.1.1/commons-configuration2-2.1.1.jar:/root/.m2/repository/org/apache/commons/commons-lang3/3.7/commons-lang3-3.7.jar:/root/.m2/repository/org/apache/commons/commons-text/1.4/commons-text-1.4.jar:/root/.m2/repository/org/apache/avro/avro/1.7.7/avro-1.7.7.jar:/root/.m2/repository/com/thoughtworks/paranamer/paranamer/2.3/paranamer-2.3.jar:/root/.m2/repository/org/xerial/snappy/snappy-java/1.0.5/snappy-java-1.0.5.jar:/root/.m2/repository/com/google/re2j/re2j/1.1/re2j-1.1.jar:/root/.m2/repository/com/google/code/gson/gson/2.2.4/gson-2.2.4.jar:/root/.m2/repository/com/jcraft/jsch/0.1.54/jsch-0.1.54.jar:/root/.m2/repository/org/apache/curator/curator-client/2.12.0/curator-client-2.12.0.jar:/root/.m2/repository/org/apache/curator/curator-recipes/2.12.0/curator-recipes-2.12.0.jar:/root/.m2/repository/com/google/code/findbugs/jsr305/3.0.0/jsr305-3.0.0.jar:/root/.m2/repository/org/apache/htrace/htrace-core4/4.1.0-incubating/htrace-core4-4.1.0-incubating.jar:/root/.m2/repository/org/apache/zookeeper/zookeeper/3.4.13/zookeeper-3.4.13.jar:/root/.m2/repository/org/apache/yetus/audience-annotations/0.5.0/audience-annotations-0.5.0.jar:/root/.m2/repository/org/codehaus/woodstox/stax2-api/3.1.4/stax2-api-3.1.4.jar:/root/.m2/repository/com/fasterxml/woodstox/woodstox-core/5.0.3/woodstox-core-5.0.3.jar:/root/.m2/repository/dnsjava/dnsjava/2.1.7/dnsjava-2.1.7.jar:/root/.m2/repository/org/apache/hadoop/hadoop-hdfs/3.2.0/hadoop-hdfs-3.2.0-tests.jar:/root/.m2/repository/org/eclipse/jetty/jetty-util-ajax/9.3.24.v20180605/jetty-util-ajax-9.3.24.v20180605.jar:/root/.m2/repository/commons-daemon/commons-daemon/1.0.13/commons-daemon-1.0.13.jar:/root/.m2/repository/io/netty/netty/3.10.5.Final/netty-3.10.5.Final.jar:/root/.m2/repository/io/netty/netty-all/4.0.52.Final/netty-all-4.0.52.Final.jar:/root/.m2/repository/org/fusesource/leveldbjni/leveldbjni-all/1.8/leveldbjni-all-1.8.jar:"/>
    <property name="java.vm.vendor" value="IcedTea"/>
    <property name="sun.arch.data.model" value="64"/>
    <property name="test.build.dir" value="/opt/src/hadoop-ozone/integration-test/target/test-dir"/>
    <property name="test.cache.data" value=""/>
    <property name="java.vendor.url" value="https://icedtea.classpath.org"/>
    <property name="user.timezone" value=""/>
    <property name="java.vm.specification.version" value="1.8"/>
    <property name="os.name" value="Linux"/>
    <property name="test.build.data" value="/opt/src/hadoop-ozone/integration-test/target/test-dir"/>
    <property name="user.country" value="US"/>
    <property name="sun.java.launcher" value="SUN_STANDARD"/>
    <property name="sun.boot.library.path" value="/usr/lib/jvm/java-1.8-openjdk/jre/lib/amd64"/>
    <property name="sun.java.command" value="/opt/src/hadoop-ozone/integration-test/target/surefire/surefirebooter8757478787030588535.jar /opt/src/hadoop-ozone/integration-test/target/surefire 2019-06-12T17-29-42_813-jvmRun1 surefire6542292561410831007tmp surefire_85966705128755091705tmp"/>
    <property name="surefire.test.class.path" value="/opt/src/hadoop-ozone/integration-test/target/test-classes:/opt/src/hadoop-ozone/integration-test/target/classes:/root/.m2/repository/org/apache/hadoop/hadoop-ozone-common/0.5.0-SNAPSHOT/hadoop-ozone-common-0.5.0-SNAPSHOT.jar:/root/.m2/repository/org/apache/commons/commons-compress/1.4.1/commons-compress-1.4.1.jar:/root/.m2/repository/org/tukaani/xz/1.0/xz-1.0.jar:/root/.m2/repository/org/apache/hadoop/hadoop-common/3.2.0/hadoop-common-3.2.0.jar:/root/.m2/repository/org/apache/hadoop/hadoop-hdfs/3.2.0/hadoop-hdfs-3.2.0.jar:/root/.m2/repository/org/apache/hadoop/hadoop-hdfs-client/3.2.0/hadoop-hdfs-client-3.2.0.jar:/root/.m2/repository/com/fasterxml/jackson/core/jackson-annotations/2.9.5/jackson-annotations-2.9.5.jar:/root/.m2/repository/org/apache/hadoop/hadoop-hdds-common/0.5.0-SNAPSHOT/hadoop-hdds-common-0.5.0-SNAPSHOT.jar:/root/.m2/repository/javax/annotation/javax.annotation-api/1.2/javax.annotation-api-1.2.jar:/root/.m2/repository/org/apache/ratis/ratis-server/0.4.0-fe2b15d-SNAPSHOT/ratis-server-0.4.0-fe2b15d-SNAPSHOT.jar:/root/.m2/repository/org/apache/ratis/ratis-thirdparty-misc/0.2.0/ratis-thirdparty-misc-0.2.0.jar:/root/.m2/repository/org/apache/ratis/ratis-proto/0.4.0-fe2b15d-SNAPSHOT/ratis-proto-0.4.0-fe2b15d-SNAPSHOT.jar:/root/.m2/repository/org/apache/ratis/ratis-common/0.4.0-fe2b15d-SNAPSHOT/ratis-common-0.4.0-fe2b15d-SNAPSHOT.jar:/root/.m2/repository/org/apache/ratis/ratis-client/0.4.0-fe2b15d-SNAPSHOT/ratis-client-0.4.0-fe2b15d-SNAPSHOT.jar:/root/.m2/repository/org/apache/ratis/ratis-netty/0.4.0-fe2b15d-SNAPSHOT/ratis-netty-0.4.0-fe2b15d-SNAPSHOT.jar:/root/.m2/repository/org/apache/ratis/ratis-grpc/0.4.0-fe2b15d-SNAPSHOT/ratis-grpc-0.4.0-fe2b15d-SNAPSHOT.jar:/root/.m2/repository/org/rocksdb/rocksdbjni/5.14.2/rocksdbjni-5.14.2.jar:/root/.m2/repository/org/apache/logging/log4j/log4j-api/2.11.0/log4j-api-2.11.0.jar:/root/.m2/repository/org/apache/logging/log4j/log4j-core/2.11.0/log4j-core-2.11.0.jar:/root/.m2/repository/com/lmax/disruptor/3.4.2/disruptor-3.4.2.jar:/root/.m2/repository/org/apache/commons/commons-pool2/2.6.0/commons-pool2-2.6.0.jar:/root/.m2/repository/org/bouncycastle/bcpkix-jdk15on/1.60/bcpkix-jdk15on-1.60.jar:/root/.m2/repository/commons-validator/commons-validator/1.6/commons-validator-1.6.jar:/root/.m2/repository/commons-digester/commons-digester/1.8.1/commons-digester-1.8.1.jar:/root/.m2/repository/io/jaegertracing/jaeger-client/0.33.1/jaeger-client-0.33.1.jar:/root/.m2/repository/io/jaegertracing/jaeger-thrift/0.33.1/jaeger-thrift-0.33.1.jar:/root/.m2/repository/org/apache/thrift/libthrift/0.11.0/libthrift-0.11.0.jar:/root/.m2/repository/com/squareup/okhttp3/okhttp/3.9.0/okhttp-3.9.0.jar:/root/.m2/repository/com/squareup/okio/okio/1.13.0/okio-1.13.0.jar:/root/.m2/repository/io/jaegertracing/jaeger-core/0.33.1/jaeger-core-0.33.1.jar:/root/.m2/repository/io/jaegertracing/jaeger-tracerresolver/0.33.1/jaeger-tracerresolver-0.33.1.jar:/root/.m2/repository/io/opentracing/contrib/opentracing-tracerresolver/0.1.5/opentracing-tracerresolver-0.1.5.jar:/root/.m2/repository/io/opentracing/opentracing-util/0.31.0/opentracing-util-0.31.0.jar:/root/.m2/repository/io/opentracing/opentracing-api/0.31.0/opentracing-api-0.31.0.jar:/root/.m2/repository/io/opentracing/opentracing-noop/0.31.0/opentracing-noop-0.31.0.jar:/root/.m2/repository/org/apache/hadoop/hadoop-hdds-server-framework/0.5.0-SNAPSHOT/hadoop-hdds-server-framework-0.5.0-SNAPSHOT.jar:/root/.m2/repository/org/apache/hadoop/hadoop-hdds-server-scm/0.5.0-SNAPSHOT/hadoop-hdds-server-scm-0.5.0-SNAPSHOT.jar:/root/.m2/repository/org/apache/hadoop/hadoop-hdds-container-service/0.5.0-SNAPSHOT/hadoop-hdds-container-service-0.5.0-SNAPSHOT.jar:/root/.m2/repository/org/apache/hadoop/hadoop-hdds-client/0.5.0-SNAPSHOT/hadoop-hdds-client-0.5.0-SNAPSHOT.jar:/root/.m2/repository/org/apache/hadoop/hadoop-hdds-tools/0.5.0-SNAPSHOT/hadoop-hdds-tools-0.5.0-SNAPSHOT.jar:/root/.m2/repository/org/apache/hadoop/hadoop-ozone-ozone-manager/0.5.0-SNAPSHOT/hadoop-ozone-ozone-manager-0.5.0-SNAPSHOT.jar:/root/.m2/repository/org/apache/hadoop/hadoop-hdds-docs/0.5.0-SNAPSHOT/hadoop-hdds-docs-0.5.0-SNAPSHOT.jar:/root/.m2/repository/org/bouncycastle/bcprov-jdk15on/1.60/bcprov-jdk15on-1.60.jar:/root/.m2/repository/org/apache/hadoop/hadoop-minikdc/3.2.0/hadoop-minikdc-3.2.0.jar:/root/.m2/repository/commons-io/commons-io/2.5/commons-io-2.5.jar:/root/.m2/repository/org/apache/kerby/kerb-simplekdc/1.0.1/kerb-simplekdc-1.0.1.jar:/root/.m2/repository/org/apache/kerby/kerb-client/1.0.1/kerb-client-1.0.1.jar:/root/.m2/repository/org/apache/kerby/kerby-config/1.0.1/kerby-config-1.0.1.jar:/root/.m2/repository/org/apache/kerby/kerb-core/1.0.1/kerb-core-1.0.1.jar:/root/.m2/repository/org/apache/kerby/kerby-pkix/1.0.1/kerby-pkix-1.0.1.jar:/root/.m2/repository/org/apache/kerby/kerby-asn1/1.0.1/kerby-asn1-1.0.1.jar:/root/.m2/repository/org/apache/kerby/kerby-util/1.0.1/kerby-util-1.0.1.jar:/root/.m2/repository/org/apache/kerby/kerb-common/1.0.1/kerb-common-1.0.1.jar:/root/.m2/repository/org/apache/kerby/kerb-crypto/1.0.1/kerb-crypto-1.0.1.jar:/root/.m2/repository/org/apache/kerby/kerb-util/1.0.1/kerb-util-1.0.1.jar:/root/.m2/repository/org/apache/kerby/token-provider/1.0.1/token-provider-1.0.1.jar:/root/.m2/repository/org/apache/kerby/kerb-admin/1.0.1/kerb-admin-1.0.1.jar:/root/.m2/repository/org/apache/kerby/kerb-server/1.0.1/kerb-server-1.0.1.jar:/root/.m2/repository/org/apache/kerby/kerb-identity/1.0.1/kerb-identity-1.0.1.jar:/root/.m2/repository/org/apache/kerby/kerby-xdr/1.0.1/kerby-xdr-1.0.1.jar:/root/.m2/repository/org/slf4j/slf4j-log4j12/1.7.25/slf4j-log4j12-1.7.25.jar:/root/.m2/repository/org/apache/hadoop/hadoop-ozone-objectstore-service/0.5.0-SNAPSHOT/hadoop-ozone-objectstore-service-0.5.0-SNAPSHOT.jar:/root/.m2/repository/org/apache/hadoop/hadoop-ozone-s3gateway/0.5.0-SNAPSHOT/hadoop-ozone-s3gateway-0.5.0-SNAPSHOT.jar:/root/.m2/repository/org/jboss/weld/servlet/weld-servlet/2.4.7.Final/weld-servlet-2.4.7.Final.jar:/root/.m2/repository/org/glassfish/jersey/containers/jersey-container-servlet-core/2.27/jersey-container-servlet-core-2.27.jar:/root/.m2/repository/org/glassfish/hk2/external/javax.inject/2.5.0-b42/javax.inject-2.5.0-b42.jar:/root/.m2/repository/org/glassfish/jersey/core/jersey-common/2.27/jersey-common-2.27.jar:/root/.m2/repository/org/glassfish/hk2/osgi-resource-locator/1.0.1/osgi-resource-locator-1.0.1.jar:/root/.m2/repository/javax/ws/rs/javax.ws.rs-api/2.1/javax.ws.rs-api-2.1.jar:/root/.m2/repository/org/glassfish/jersey/ext/cdi/jersey-cdi1x/2.27/jersey-cdi1x-2.27.jar:/root/.m2/repository/org/glassfish/jersey/inject/jersey-hk2/2.27/jersey-hk2-2.27.jar:/root/.m2/repository/org/glassfish/hk2/hk2-locator/2.5.0-b42/hk2-locator-2.5.0-b42.jar:/root/.m2/repository/org/javassist/javassist/3.22.0-CR2/javassist-3.22.0-CR2.jar:/root/.m2/repository/org/glassfish/hk2/hk2-api/2.5.0/hk2-api-2.5.0.jar:/root/.m2/repository/org/glassfish/hk2/external/jakarta.inject/2.5.0/jakarta.inject-2.5.0.jar:/root/.m2/repository/org/glassfish/hk2/hk2-utils/2.5.0/hk2-utils-2.5.0.jar:/root/.m2/repository/jakarta/annotation/jakarta.annotation-api/1.3.4/jakarta.annotation-api-1.3.4.jar:/root/.m2/repository/org/glassfish/hk2/external/aopalliance-repackaged/2.5.0/aopalliance-repackaged-2.5.0.jar:/root/.m2/repository/com/fasterxml/jackson/dataformat/jackson-dataformat-xml/2.9.0/jackson-dataformat-xml-2.9.0.jar:/root/.m2/repository/com/fasterxml/jackson/core/jackson-core/2.9.5/jackson-core-2.9.5.jar:/root/.m2/repository/com/fasterxml/jackson/module/jackson-module-jaxb-annotations/2.9.5/jackson-module-jaxb-annotations-2.9.5.jar:/root/.m2/repository/javax/enterprise/cdi-api/1.2/cdi-api-1.2.jar:/root/.m2/repository/javax/el/javax.el-api/3.0.0/javax.el-api-3.0.0.jar:/root/.m2/repository/javax/interceptor/javax.interceptor-api/1.2/javax.interceptor-api-1.2.jar:/root/.m2/repository/javax/inject/javax.inject/1/javax.inject-1.jar:/root/.m2/repository/com/sun/xml/bind/jaxb-impl/2.3.0.1/jaxb-impl-2.3.0.1.jar:/root/.m2/repository/com/sun/xml/bind/jaxb-core/2.3.0.1/jaxb-core-2.3.0.1.jar:/root/.m2/repository/javax/xml/bind/jaxb-api/2.3.0/jaxb-api-2.3.0.jar:/root/.m2/repository/javax/activation/activation/1.1.1/activation-1.1.1.jar:/root/.m2/repository/org/apache/hadoop/hadoop-ozone-csi/0.5.0-SNAPSHOT/hadoop-ozone-csi-0.5.0-SNAPSHOT.jar:/root/.m2/repository/com/google/protobuf/protobuf-java-util/3.5.1/protobuf-java-util-3.5.1.jar:/root/.m2/repository/org/apache/hadoop/hadoop-hdds-config/0.5.0-SNAPSHOT/hadoop-hdds-config-0.5.0-SNAPSHOT.jar:/root/.m2/repository/com/google/guava/guava/11.0.2/guava-11.0.2.jar:/root/.m2/repository/com/google/protobuf/protobuf-java/2.5.0/protobuf-java-2.5.0.jar:/root/.m2/repository/io/grpc/grpc-netty/1.17.1/grpc-netty-1.17.1.jar:/root/.m2/repository/io/grpc/grpc-core/1.17.1/grpc-core-1.17.1.jar:/root/.m2/repository/io/grpc/grpc-context/1.17.1/grpc-context-1.17.1.jar:/root/.m2/repository/com/google/errorprone/error_prone_annotations/2.2.0/error_prone_annotations-2.2.0.jar:/root/.m2/repository/org/codehaus/mojo/animal-sniffer-annotations/1.17/animal-sniffer-annotations-1.17.jar:/root/.m2/repository/io/opencensus/opencensus-api/0.17.0/opencensus-api-0.17.0.jar:/root/.m2/repository/io/opencensus/opencensus-contrib-grpc-metrics/0.17.0/opencensus-contrib-grpc-metrics-0.17.0.jar:/root/.m2/repository/io/netty/netty-codec-http2/4.1.30.Final/netty-codec-http2-4.1.30.Final.jar:/root/.m2/repository/io/netty/netty-codec-http/4.1.30.Final/netty-codec-http-4.1.30.Final.jar:/root/.m2/repository/io/netty/netty-codec/4.1.30.Final/netty-codec-4.1.30.Final.jar:/root/.m2/repository/io/netty/netty-handler/4.1.30.Final/netty-handler-4.1.30.Final.jar:/root/.m2/repository/io/netty/netty-handler-proxy/4.1.30.Final/netty-handler-proxy-4.1.30.Final.jar:/root/.m2/repository/io/netty/netty-codec-socks/4.1.30.Final/netty-codec-socks-4.1.30.Final.jar:/root/.m2/repository/io/netty/netty-transport-native-epoll/4.1.30.Final/netty-transport-native-epoll-4.1.30.Final.jar:/root/.m2/repository/io/netty/netty-common/4.1.30.Final/netty-common-4.1.30.Final.jar:/root/.m2/repository/io/netty/netty-buffer/4.1.30.Final/netty-buffer-4.1.30.Final.jar:/root/.m2/repository/io/netty/netty-transport/4.1.30.Final/netty-transport-4.1.30.Final.jar:/root/.m2/repository/io/netty/netty-resolver/4.1.30.Final/netty-resolver-4.1.30.Final.jar:/root/.m2/repository/io/netty/netty-transport-native-unix-common/4.1.30.Final/netty-transport-native-unix-common-4.1.30.Final.jar:/root/.m2/repository/io/grpc/grpc-protobuf/1.17.1/grpc-protobuf-1.17.1.jar:/root/.m2/repository/com/google/api/grpc/proto-google-common-protos/1.0.0/proto-google-common-protos-1.0.0.jar:/root/.m2/repository/io/grpc/grpc-protobuf-lite/1.17.1/grpc-protobuf-lite-1.17.1.jar:/root/.m2/repository/io/grpc/grpc-stub/1.17.1/grpc-stub-1.17.1.jar:/root/.m2/repository/org/apache/hadoop/hadoop-ozone-recon/0.5.0-SNAPSHOT/hadoop-ozone-recon-0.5.0-SNAPSHOT.jar:/root/.m2/repository/org/apache/hadoop/hadoop-ozone-reconcodegen/0.5.0-SNAPSHOT/hadoop-ozone-reconcodegen-0.5.0-SNAPSHOT.jar:/root/.m2/repository/com/google/inject/extensions/guice-multibindings/4.0/guice-multibindings-4.0.jar:/root/.m2/repository/com/google/inject/guice/4.0/guice-4.0.jar:/root/.m2/repository/aopalliance/aopalliance/1.0/aopalliance-1.0.jar:/root/.m2/repository/com/google/inject/extensions/guice-servlet/4.0/guice-servlet-4.0.jar:/root/.m2/repository/org/glassfish/jersey/containers/jersey-container-servlet/2.27/jersey-container-servlet-2.27.jar:/root/.m2/repository/org/glassfish/hk2/guice-bridge/2.5.0/guice-bridge-2.5.0.jar:/root/.m2/repository/org/glassfish/jersey/core/jersey-server/2.27/jersey-server-2.27.jar:/root/.m2/repository/org/glassfish/jersey/core/jersey-client/2.27/jersey-client-2.27.jar:/root/.m2/repository/org/glassfish/jersey/media/jersey-media-jaxb/2.27/jersey-media-jaxb-2.27.jar:/root/.m2/repository/javax/validation/validation-api/1.1.0.Final/validation-api-1.1.0.Final.jar:/root/.m2/repository/org/glassfish/jersey/media/jersey-media-json-jackson/2.27/jersey-media-json-jackson-2.27.jar:/root/.m2/repository/org/glassfish/jersey/ext/jersey-entity-filtering/2.27/jersey-entity-filtering-2.27.jar:/root/.m2/repository/com/google/inject/extensions/guice-assistedinject/4.0/guice-assistedinject-4.0.jar:/root/.m2/repository/org/jooq/jooq/3.11.10/jooq-3.11.10.jar:/root/.m2/repository/org/jooq/jooq-meta/3.11.10/jooq-meta-3.11.10.jar:/root/.m2/repository/org/jooq/jooq-codegen/3.11.10/jooq-codegen-3.11.10.jar:/root/.m2/repository/com/jolbox/bonecp/0.8.0.RELEASE/bonecp-0.8.0.RELEASE.jar:/root/.m2/repository/org/xerial/sqlite-jdbc/3.25.2/sqlite-jdbc-3.25.2.jar:/root/.m2/repository/org/springframework/spring-jdbc/5.1.3.RELEASE/spring-jdbc-5.1.3.RELEASE.jar:/root/.m2/repository/org/springframework/spring-beans/5.1.3.RELEASE/spring-beans-5.1.3.RELEASE.jar:/root/.m2/repository/org/springframework/spring-core/5.1.3.RELEASE/spring-core-5.1.3.RELEASE.jar:/root/.m2/repository/org/springframework/spring-jcl/5.1.3.RELEASE/spring-jcl-5.1.3.RELEASE.jar:/root/.m2/repository/org/springframework/spring-tx/5.1.3.RELEASE/spring-tx-5.1.3.RELEASE.jar:/root/.m2/repository/org/apache/hadoop/hadoop-ozone-client/0.5.0-SNAPSHOT/hadoop-ozone-client-0.5.0-SNAPSHOT.jar:/root/.m2/repository/org/apache/hadoop/hadoop-ozone-ozone-manager/0.5.0-SNAPSHOT/hadoop-ozone-ozone-manager-0.5.0-SNAPSHOT-tests.jar:/root/.m2/repository/junit/junit/4.11/junit-4.11.jar:/root/.m2/repository/org/hamcrest/hamcrest-core/1.3/hamcrest-core-1.3.jar:/root/.m2/repository/org/openjdk/jmh/jmh-core/1.19/jmh-core-1.19.jar:/root/.m2/repository/net/sf/jopt-simple/jopt-simple/4.6/jopt-simple-4.6.jar:/root/.m2/repository/org/apache/commons/commons-math3/3.1.1/commons-math3-3.1.1.jar:/root/.m2/repository/org/openjdk/jmh/jmh-generator-annprocess/1.19/jmh-generator-annprocess-1.19.jar:/root/.m2/repository/org/mockito/mockito-all/1.8.5/mockito-all-1.8.5.jar:/root/.m2/repository/org/apache/hadoop/hadoop-kms/3.2.0/hadoop-kms-3.2.0.jar:/root/.m2/repository/org/apache/hadoop/hadoop-auth/3.2.0/hadoop-auth-3.2.0.jar:/root/.m2/repository/com/nimbusds/nimbus-jose-jwt/4.41.1/nimbus-jose-jwt-4.41.1.jar:/root/.m2/repository/com/github/stephenc/jcip/jcip-annotations/1.0-1/jcip-annotations-1.0-1.jar:/root/.m2/repository/net/minidev/json-smart/2.3/json-smart-2.3.jar:/root/.m2/repository/net/minidev/accessors-smart/1.2/accessors-smart-1.2.jar:/root/.m2/repository/org/ow2/asm/asm/5.0.4/asm-5.0.4.jar:/root/.m2/repository/org/apache/curator/curator-framework/2.12.0/curator-framework-2.12.0.jar:/root/.m2/repository/com/sun/jersey/jersey-core/1.19/jersey-core-1.19.jar:/root/.m2/repository/javax/ws/rs/jsr311-api/1.1.1/jsr311-api-1.1.1.jar:/root/.m2/repository/com/sun/jersey/jersey-server/1.19/jersey-server-1.19.jar:/root/.m2/repository/javax/servlet/javax.servlet-api/3.1.0/javax.servlet-api-3.1.0.jar:/root/.m2/repository/org/eclipse/jetty/jetty-server/9.3.24.v20180605/jetty-server-9.3.24.v20180605.jar:/root/.m2/repository/org/eclipse/jetty/jetty-http/9.3.24.v20180605/jetty-http-9.3.24.v20180605.jar:/root/.m2/repository/org/eclipse/jetty/jetty-io/9.3.24.v20180605/jetty-io-9.3.24.v20180605.jar:/root/.m2/repository/org/eclipse/jetty/jetty-webapp/9.3.24.v20180605/jetty-webapp-9.3.24.v20180605.jar:/root/.m2/repository/org/eclipse/jetty/jetty-xml/9.3.24.v20180605/jetty-xml-9.3.24.v20180605.jar:/root/.m2/repository/log4j/log4j/1.2.17/log4j-1.2.17.jar:/root/.m2/repository/org/slf4j/slf4j-api/1.7.25/slf4j-api-1.7.25.jar:/root/.m2/repository/org/slf4j/jul-to-slf4j/1.7.25/jul-to-slf4j-1.7.25.jar:/root/.m2/repository/org/eclipse/jetty/jetty-util/9.3.24.v20180605/jetty-util-9.3.24.v20180605.jar:/root/.m2/repository/io/dropwizard/metrics/metrics-core/3.2.4/metrics-core-3.2.4.jar:/root/.m2/repository/com/fasterxml/jackson/core/jackson-databind/2.9.5/jackson-databind-2.9.5.jar:/root/.m2/repository/org/apache/hadoop/hadoop-kms/3.2.0/hadoop-kms-3.2.0-tests.jar:/root/.m2/repository/org/apache/hadoop/hadoop-hdds-server-scm/0.5.0-SNAPSHOT/hadoop-hdds-server-scm-0.5.0-SNAPSHOT-tests.jar:/root/.m2/repository/org/hamcrest/hamcrest-all/1.3/hamcrest-all-1.3.jar:/root/.m2/repository/info/picocli/picocli/3.9.6/picocli-3.9.6.jar:/root/.m2/repository/org/apache/hadoop/hadoop-hdds-container-service/0.5.0-SNAPSHOT/hadoop-hdds-container-service-0.5.0-SNAPSHOT-tests.jar:/root/.m2/repository/org/yaml/snakeyaml/1.16/snakeyaml-1.16.jar:/root/.m2/repository/org/apache/hadoop/hadoop-common/3.2.0/hadoop-common-3.2.0-tests.jar:/root/.m2/repository/org/apache/hadoop/hadoop-annotations/3.2.0/hadoop-annotations-3.2.0.jar:/usr/lib/jvm/java-1.8-openjdk/jre/../lib/tools.jar:/root/.m2/repository/commons-cli/commons-cli/1.2/commons-cli-1.2.jar:/root/.m2/repository/org/apache/httpcomponents/httpclient/4.5.2/httpclient-4.5.2.jar:/root/.m2/repository/org/apache/httpcomponents/httpcore/4.4.4/httpcore-4.4.4.jar:/root/.m2/repository/commons-codec/commons-codec/1.11/commons-codec-1.11.jar:/root/.m2/repository/commons-net/commons-net/3.6/commons-net-3.6.jar:/root/.m2/repository/commons-collections/commons-collections/3.2.2/commons-collections-3.2.2.jar:/root/.m2/repository/org/eclipse/jetty/jetty-servlet/9.3.24.v20180605/jetty-servlet-9.3.24.v20180605.jar:/root/.m2/repository/org/eclipse/jetty/jetty-security/9.3.24.v20180605/jetty-security-9.3.24.v20180605.jar:/root/.m2/repository/javax/servlet/jsp/jsp-api/2.1/jsp-api-2.1.jar:/root/.m2/repository/com/sun/jersey/jersey-servlet/1.19/jersey-servlet-1.19.jar:/root/.m2/repository/com/sun/jersey/jersey-json/1.19/jersey-json-1.19.jar:/root/.m2/repository/org/codehaus/jettison/jettison/1.1/jettison-1.1.jar:/root/.m2/repository/org/codehaus/jackson/jackson-core-asl/1.9.13/jackson-core-asl-1.9.13.jar:/root/.m2/repository/org/codehaus/jackson/jackson-mapper-asl/1.9.13/jackson-mapper-asl-1.9.13.jar:/root/.m2/repository/org/codehaus/jackson/jackson-jaxrs/1.9.13/jackson-jaxrs-1.9.13.jar:/root/.m2/repository/org/codehaus/jackson/jackson-xc/1.9.13/jackson-xc-1.9.13.jar:/root/.m2/repository/commons-logging/commons-logging/1.1.3/commons-logging-1.1.3.jar:/root/.m2/repository/commons-beanutils/commons-beanutils/1.9.3/commons-beanutils-1.9.3.jar:/root/.m2/repository/org/apache/commons/commons-configuration2/2.1.1/commons-configuration2-2.1.1.jar:/root/.m2/repository/org/apache/commons/commons-lang3/3.7/commons-lang3-3.7.jar:/root/.m2/repository/org/apache/commons/commons-text/1.4/commons-text-1.4.jar:/root/.m2/repository/org/apache/avro/avro/1.7.7/avro-1.7.7.jar:/root/.m2/repository/com/thoughtworks/paranamer/paranamer/2.3/paranamer-2.3.jar:/root/.m2/repository/org/xerial/snappy/snappy-java/1.0.5/snappy-java-1.0.5.jar:/root/.m2/repository/com/google/re2j/re2j/1.1/re2j-1.1.jar:/root/.m2/repository/com/google/code/gson/gson/2.2.4/gson-2.2.4.jar:/root/.m2/repository/com/jcraft/jsch/0.1.54/jsch-0.1.54.jar:/root/.m2/repository/org/apache/curator/curator-client/2.12.0/curator-client-2.12.0.jar:/root/.m2/repository/org/apache/curator/curator-recipes/2.12.0/curator-recipes-2.12.0.jar:/root/.m2/repository/com/google/code/findbugs/jsr305/3.0.0/jsr305-3.0.0.jar:/root/.m2/repository/org/apache/htrace/htrace-core4/4.1.0-incubating/htrace-core4-4.1.0-incubating.jar:/root/.m2/repository/org/apache/zookeeper/zookeeper/3.4.13/zookeeper-3.4.13.jar:/root/.m2/repository/org/apache/yetus/audience-annotations/0.5.0/audience-annotations-0.5.0.jar:/root/.m2/repository/org/codehaus/woodstox/stax2-api/3.1.4/stax2-api-3.1.4.jar:/root/.m2/repository/com/fasterxml/woodstox/woodstox-core/5.0.3/woodstox-core-5.0.3.jar:/root/.m2/repository/dnsjava/dnsjava/2.1.7/dnsjava-2.1.7.jar:/root/.m2/repository/org/apache/hadoop/hadoop-hdfs/3.2.0/hadoop-hdfs-3.2.0-tests.jar:/root/.m2/repository/org/eclipse/jetty/jetty-util-ajax/9.3.24.v20180605/jetty-util-ajax-9.3.24.v20180605.jar:/root/.m2/repository/commons-daemon/commons-daemon/1.0.13/commons-daemon-1.0.13.jar:/root/.m2/repository/io/netty/netty/3.10.5.Final/netty-3.10.5.Final.jar:/root/.m2/repository/io/netty/netty-all/4.0.52.Final/netty-all-4.0.52.Final.jar:/root/.m2/repository/org/fusesource/leveldbjni/leveldbjni-all/1.8/leveldbjni-all-1.8.jar:"/>
    <property name="sun.cpu.endian" value="little"/>
    <property name="user.home" value="/root"/>
    <property name="user.language" value="en"/>
    <property name="java.specification.vendor" value="Oracle Corporation"/>
    <property name="java.home" value="/usr/lib/jvm/java-1.8-openjdk/jre"/>
    <property name="java.security.krb5.conf" value="/opt/src/hadoop-ozone/integration-test/target/test-classes/krb5.conf"/>
    <property name="basedir" value="/opt/src/hadoop-ozone/integration-test"/>
    <property name="file.separator" value="/"/>
    <property name="line.separator" value="&#10;"/>
    <property name="java.vm.specification.vendor" value="Oracle Corporation"/>
    <property name="java.specification.name" value="Java Platform API Specification"/>
    <property name="java.awt.graphicsenv" value="sun.awt.X11GraphicsEnvironment"/>
    <property name="surefire.real.class.path" value="/opt/src/hadoop-ozone/integration-test/target/surefire/surefirebooter8757478787030588535.jar"/>
    <property name="hadoop.log.dir" value="/opt/src/hadoop-ozone/integration-test/target/log"/>
    <property name="sun.boot.class.path" value="/usr/lib/jvm/java-1.8-openjdk/jre/lib/resources.jar:/usr/lib/jvm/java-1.8-openjdk/jre/lib/rt.jar:/usr/lib/jvm/java-1.8-openjdk/jre/lib/sunrsasign.jar:/usr/lib/jvm/java-1.8-openjdk/jre/lib/jsse.jar:/usr/lib/jvm/java-1.8-openjdk/jre/lib/jce.jar:/usr/lib/jvm/java-1.8-openjdk/jre/lib/charsets.jar:/usr/lib/jvm/java-1.8-openjdk/jre/lib/jfr.jar:/usr/lib/jvm/java-1.8-openjdk/jre/classes"/>
    <property name="sun.management.compiler" value="HotSpot 64-Bit Tiered Compilers"/>
    <property name="java.runtime.version" value="1.8.0_212-b04"/>
    <property name="java.net.preferIPv4Stack" value="true"/>
    <property name="user.name" value="root"/>
    <property name="path.separator" value=":"/>
    <property name="java.security.egd" value="file:///dev/urandom"/>
    <property name="os.version" value="4.15.0-1021-aws"/>
    <property name="java.endorsed.dirs" value="/usr/lib/jvm/java-1.8-openjdk/jre/lib/endorsed"/>
    <property name="java.runtime.name" value="OpenJDK Runtime Environment"/>
    <property name="file.encoding" value="UTF-8"/>
    <property name="java.vm.name" value="OpenJDK 64-Bit Server VM"/>
    <property name="test.build.webapps" value=""/>
    <property name="localRepository" value="/root/.m2/repository"/>
    <property name="java.vendor.url.bug" value="https://icedtea.classpath.org/bugzilla"/>
    <property name="java.io.tmpdir" value="/tmp"/>
    <property name="require.test.libhadoop" value=""/>
    <property name="java.version" value="1.8.0_212"/>
    <property name="user.dir" value="/opt/src/hadoop-ozone/integration-test"/>
    <property name="os.arch" value="amd64"/>
    <property name="java.vm.specification.name" value="Java Virtual Machine Specification"/>
    <property name="test.build.classes" value="/opt/src/hadoop-ozone/integration-test/target/test-classes"/>
    <property name="java.awt.printerjob" value="sun.print.PSPrinterJob"/>
    <property name="sun.os.patch.level" value="unknown"/>
    <property name="hadoop.tmp.dir" value="/opt/src/hadoop-ozone/integration-test/target/tmp"/>
    <property name="java.library.path" value="/usr/lib/jvm/java-1.8-openjdk/jre/lib/amd64/server:/usr/lib/jvm/java-1.8-openjdk/jre/lib/amd64:/usr/lib/jvm/java-1.8-openjdk/jre/../lib/amd64:/opt/src/hadoop-ozone/integration-test/target/native/target/usr/local/lib:/opt/src/hadoop-ozone/integration-test/../../hadoop-common-project/hadoop-common/target/native/target/usr/local/lib:/usr/java/packages/lib/amd64:/usr/lib64:/lib64:/lib:/usr/lib"/>
    <property name="java.vm.info" value="mixed mode"/>
    <property name="java.vendor" value="IcedTea"/>
    <property name="java.vm.version" value="25.212-b04"/>
    <property name="java.ext.dirs" value="/usr/lib/jvm/java-1.8-openjdk/jre/lib/ext:/usr/java/packages/lib/ext"/>
    <property name="sun.io.unicode.encoding" value="UnicodeLittle"/>
    <property name="java.class.version" value="52.0"/>
  </properties>
  <testcase name="testPipelineFail" classname="org.apache.hadoop.hdds.scm.pipeline.TestNodeFailure" time="0">
    <skipped/>
    <system-out><![CDATA[2019-06-12 17:33:43,800 WARN  server.ServerUtils (ServerUtils.java:getScmDbDir(145)) - ozone.scm.db.dirs is not configured. We recommend adding this setting. Falling back to ozone.metadata.dirs instead.
2019-06-12 17:33:43,866 WARN  server.ServerUtils (ServerUtils.java:getScmDbDir(145)) - ozone.scm.db.dirs is not configured. We recommend adding this setting. Falling back to ozone.metadata.dirs instead.
2019-06-12 17:33:43,868 WARN  server.ServerUtils (ServerUtils.java:getScmDbDir(145)) - ozone.scm.db.dirs is not configured. We recommend adding this setting. Falling back to ozone.metadata.dirs instead.
2019-06-12 17:33:43,883 INFO  util.log (Log.java:initialized(192)) - Logging initialized @693ms
2019-06-12 17:33:43,966 INFO  db.DBStoreBuilder (DBStoreBuilder.java:addTable(110)) - using custom profile for table: deletedBlocks
2019-06-12 17:33:43,966 INFO  db.DBStoreBuilder (DBStoreBuilder.java:processTables(161)) - Using default column profile:DBProfile.DISK for Table:deletedBlocks
2019-06-12 17:33:43,967 INFO  db.DBStoreBuilder (DBStoreBuilder.java:addTable(110)) - using custom profile for table: validCerts
2019-06-12 17:33:43,967 INFO  db.DBStoreBuilder (DBStoreBuilder.java:processTables(161)) - Using default column profile:DBProfile.DISK for Table:validCerts
2019-06-12 17:33:43,967 INFO  db.DBStoreBuilder (DBStoreBuilder.java:addTable(110)) - using custom profile for table: revokedCerts
2019-06-12 17:33:43,967 INFO  db.DBStoreBuilder (DBStoreBuilder.java:processTables(161)) - Using default column profile:DBProfile.DISK for Table:revokedCerts
2019-06-12 17:33:43,977 INFO  db.DBStoreBuilder (DBStoreBuilder.java:addTable(110)) - using custom profile for table: default
2019-06-12 17:33:43,977 INFO  db.DBStoreBuilder (DBStoreBuilder.java:processTables(167)) - Using default column profile:DBProfile.DISK for Table:default
2019-06-12 17:33:43,979 INFO  db.DBStoreBuilder (DBStoreBuilder.java:getDbProfile(198)) - Using default options. DBProfile.DISK
2019-06-12 17:33:44,044 INFO  node.SCMNodeManager (SCMNodeManager.java:<init>(108)) - Entering startup safe mode.
2019-06-12 17:33:44,099 INFO  net.NodeSchemaLoader (NodeSchemaLoader.java:loadSchemaFromFile(125)) - Loading file from sun.misc.CompoundEnumeration@443118b0
2019-06-12 17:33:44,100 INFO  net.NodeSchemaLoader (NodeSchemaLoader.java:loadSchema(171)) - Loading network topology layer schema file
2019-06-12 17:33:44,149 WARN  server.ServerUtils (ServerUtils.java:getScmDbDir(145)) - ozone.scm.db.dirs is not configured. We recommend adding this setting. Falling back to ozone.metadata.dirs instead.
2019-06-12 17:33:44,168 INFO  pipeline.SCMPipelineManager (SCMPipelineManager.java:initializePipelineState(126)) - No pipeline exists in current db
2019-06-12 17:33:44,169 WARN  server.ServerUtils (ServerUtils.java:getScmDbDir(145)) - ozone.scm.db.dirs is not configured. We recommend adding this setting. Falling back to ozone.metadata.dirs instead.
2019-06-12 17:33:44,226 WARN  events.EventQueue (EventQueue.java:fireEvent(175)) - No event handler registered for event TypedEvent{payloadType=SafeModeStatus, name='SafeModeStatus'}
2019-06-12 17:33:44,524 INFO  ipc.CallQueueManager (CallQueueManager.java:<init>(84)) - Using callQueue: class java.util.concurrent.LinkedBlockingQueue, queueCapacity: 2000, scheduler: class org.apache.hadoop.ipc.DefaultRpcScheduler, ipcBackoff: false.
2019-06-12 17:33:44,549 INFO  ipc.Server (Server.java:run(1074)) - Starting Socket Reader #1 for port 33399
2019-06-12 17:33:44,572 INFO  ipc.CallQueueManager (CallQueueManager.java:<init>(84)) - Using callQueue: class java.util.concurrent.LinkedBlockingQueue, queueCapacity: 2000, scheduler: class org.apache.hadoop.ipc.DefaultRpcScheduler, ipcBackoff: false.
2019-06-12 17:33:44,573 INFO  ipc.Server (Server.java:run(1074)) - Starting Socket Reader #1 for port 33783
2019-06-12 17:33:44,580 INFO  ipc.CallQueueManager (CallQueueManager.java:<init>(84)) - Using callQueue: class java.util.concurrent.LinkedBlockingQueue, queueCapacity: 2000, scheduler: class org.apache.hadoop.ipc.DefaultRpcScheduler, ipcBackoff: false.
2019-06-12 17:33:44,605 INFO  ipc.Server (Server.java:run(1074)) - Starting Socket Reader #1 for port 39009
2019-06-12 17:33:44,630 INFO  hdfs.DFSUtil (DFSUtil.java:httpServerTemplateForNNAndJN(1641)) - Starting Web-server for scm at: http://0.0.0.0:0
2019-06-12 17:33:44,772 INFO  server.AuthenticationFilter (AuthenticationFilter.java:constructSecretProvider(240)) - Unable to initialize FileSignerSecretProvider, falling back to use random secrets.
2019-06-12 17:33:44,778 WARN  http.HttpRequestLog (HttpRequestLog.java:getRequestLog(97)) - Jetty request log can only be enabled using Log4j
2019-06-12 17:33:44,787 INFO  http.HttpServer2 (HttpServer2.java:addGlobalFilter(975)) - Added global filter 'safety' (class=org.apache.hadoop.http.HttpServer2$QuotingInputFilter)
2019-06-12 17:33:44,790 INFO  http.HttpServer2 (HttpServer2.java:addFilter(948)) - Added filter static_user_filter (class=org.apache.hadoop.http.lib.StaticUserWebFilter$StaticUserFilter) to context scm
2019-06-12 17:33:44,790 INFO  http.HttpServer2 (HttpServer2.java:addFilter(958)) - Added filter static_user_filter (class=org.apache.hadoop.http.lib.StaticUserWebFilter$StaticUserFilter) to context logs
2019-06-12 17:33:44,790 INFO  http.HttpServer2 (HttpServer2.java:addFilter(958)) - Added filter static_user_filter (class=org.apache.hadoop.http.lib.StaticUserWebFilter$StaticUserFilter) to context static
2019-06-12 17:33:44,818 INFO  server.StorageContainerManager (StorageContainerManager.java:start(752)) - StorageContainerLocationProtocol RPC server is listening at /0.0.0.0:39009
2019-06-12 17:33:44,871 WARN  impl.MetricsConfig (MetricsConfig.java:loadFirst(134)) - Cannot locate configuration: tried hadoop-metrics2-storagecontainermanager.properties,hadoop-metrics2.properties
2019-06-12 17:33:44,880 INFO  impl.MetricsSystemImpl (MetricsSystemImpl.java:startTimer(374)) - Scheduled Metric snapshot period at 10 second(s).
2019-06-12 17:33:44,881 INFO  impl.MetricsSystemImpl (MetricsSystemImpl.java:start(191)) - StorageContainerManager metrics system started
2019-06-12 17:33:45,039 INFO  server.SCMClientProtocolServer (SCMClientProtocolServer.java:start(149)) - RPC server for Client  is listening at /0.0.0.0:39009
2019-06-12 17:33:45,039 INFO  ipc.Server (Server.java:run(1314)) - IPC Server Responder: starting
2019-06-12 17:33:45,040 INFO  ipc.Server (Server.java:run(1153)) - IPC Server listener on 39009: starting
2019-06-12 17:33:45,042 INFO  server.StorageContainerManager (StorageContainerManager.java:start(761)) - ScmBlockLocationProtocol RPC server is listening at /0.0.0.0:33783
2019-06-12 17:33:45,042 INFO  server.SCMBlockProtocolServer (SCMBlockProtocolServer.java:start(137)) - RPC server for Block Protocol is listening at /0.0.0.0:33783
2019-06-12 17:33:45,042 INFO  ipc.Server (Server.java:run(1314)) - IPC Server Responder: starting
2019-06-12 17:33:45,043 INFO  ipc.Server (Server.java:run(1153)) - IPC Server listener on 33783: starting
2019-06-12 17:33:45,052 INFO  server.StorageContainerManager (StorageContainerManager.java:start(765)) - ScmDatanodeProtocl RPC server is listening at /0.0.0.0:33399
2019-06-12 17:33:45,052 INFO  server.SCMDatanodeProtocolServer (SCMDatanodeProtocolServer.java:start(191)) - RPC server for DataNodes is listening at /0.0.0.0:33399
2019-06-12 17:33:45,052 INFO  ipc.Server (Server.java:run(1314)) - IPC Server Responder: starting
2019-06-12 17:33:45,052 INFO  ipc.Server (Server.java:run(1153)) - IPC Server listener on 33399: starting
2019-06-12 17:33:45,055 INFO  http.HttpServer2 (HttpServer2.java:bindListener(1191)) - Jetty bound to port 37813
2019-06-12 17:33:45,056 INFO  server.Server (Server.java:doStart(351)) - jetty-9.3.24.v20180605, build timestamp: 2018-06-05T17:11:56Z, git hash: 84205aa28f11a4f31f2a3b86d1bba2cc8ab69827
2019-06-12 17:33:45,085 INFO  handler.ContextHandler (ContextHandler.java:doStart(781)) - Started o.e.j.s.ServletContextHandler@2df6226d{/logs,file:///opt/src/hadoop-ozone/integration-test/target/log,AVAILABLE}
2019-06-12 17:33:45,085 INFO  handler.ContextHandler (ContextHandler.java:doStart(781)) - Started o.e.j.s.ServletContextHandler@4ff4357f{/static,file:///opt/src/hadoop-ozone/integration-test/target/test-classes/webapps/static,AVAILABLE}
2019-06-12 17:33:45,108 INFO  handler.ContextHandler (ContextHandler.java:doStart(781)) - Started o.e.j.w.WebAppContext@2484f433{/,file:///opt/src/hadoop-ozone/integration-test/target/test-classes/webapps/scm/,AVAILABLE}{/scm}
2019-06-12 17:33:45,113 INFO  server.AbstractConnector (AbstractConnector.java:doStart(278)) - Started ServerConnector@841e575{HTTP/1.1,[http/1.1]}{0.0.0.0:37813}
2019-06-12 17:33:45,113 INFO  server.Server (Server.java:doStart(419)) - Started @1924ms
2019-06-12 17:33:45,114 INFO  server.BaseHttpServer (BaseHttpServer.java:updateConnectorAddress(207)) - HTTP server of SCM is listening at http://0.0.0.0:37813
2019-06-12 17:33:45,120 INFO  util.JvmPauseMonitor (JvmPauseMonitor.java:run(188)) - Starting JVM pause monitor
2019-06-12 17:33:45,123 WARN  scm.ScmUtils (ScmUtils.java:getDBPath(63)) - ozone.om.db.dirs is not configured. We recommend adding this setting. Falling back to ozone.metadata.dirs instead.
2019-06-12 17:33:45,209 WARN  scm.ScmUtils (ScmUtils.java:getDBPath(63)) - ozone.om.db.dirs is not configured. We recommend adding this setting. Falling back to ozone.metadata.dirs instead.
2019-06-12 17:33:45,210 INFO  om.OzoneManager (OzoneManager.java:setOMNodeDetails(519)) - OM Service ID is not set. Setting it to the default ID: omServiceIdDefault
2019-06-12 17:33:45,210 INFO  om.OzoneManager (OzoneManager.java:setOMNodeDetails(525)) - OM Node ID is not set. Setting it to the OmStorage's OmID: ee4d54bb-cc7e-448e-86c2-008fb9765d79
2019-06-12 17:33:45,212 WARN  scm.HddsServerUtil (HddsServerUtil.java:getDefaultRatisDirectory(354)) - Storage directory for Ratis is not configured. It is a good idea to map this to an SSD disk. Falling back to ozone.metadata.dirs
2019-06-12 17:33:45,212 WARN  scm.HddsServerUtil (HddsServerUtil.java:getDefaultRatisDirectory(354)) - Storage directory for Ratis is not configured. It is a good idea to map this to an SSD disk. Falling back to ozone.metadata.dirs
2019-06-12 17:33:45,212 INFO  om.OzoneManager (OzoneManager.java:loadOMHAConfigs(476)) - Found matching OM address with OMServiceId: null, OMNodeId: null, RPC Address: localhost:0 and Ratis port: 9872
2019-06-12 17:33:45,379 WARN  scm.ScmUtils (ScmUtils.java:getDBPath(63)) - ozone.om.db.dirs is not configured. We recommend adding this setting. Falling back to ozone.metadata.dirs instead.
2019-06-12 17:33:45,384 INFO  db.DBStoreBuilder (DBStoreBuilder.java:addTable(110)) - using custom profile for table: userTable
2019-06-12 17:33:45,385 INFO  db.DBStoreBuilder (DBStoreBuilder.java:processTables(161)) - Using default column profile:DBProfile.DISK for Table:userTable
2019-06-12 17:33:45,385 INFO  db.DBStoreBuilder (DBStoreBuilder.java:addTable(110)) - using custom profile for table: volumeTable
2019-06-12 17:33:45,385 INFO  db.DBStoreBuilder (DBStoreBuilder.java:processTables(161)) - Using default column profile:DBProfile.DISK for Table:volumeTable
2019-06-12 17:33:45,385 INFO  db.DBStoreBuilder (DBStoreBuilder.java:addTable(110)) - using custom profile for table: bucketTable
2019-06-12 17:33:45,385 INFO  db.DBStoreBuilder (DBStoreBuilder.java:processTables(161)) - Using default column profile:DBProfile.DISK for Table:bucketTable
2019-06-12 17:33:45,386 INFO  db.DBStoreBuilder (DBStoreBuilder.java:addTable(110)) - using custom profile for table: keyTable
2019-06-12 17:33:45,386 INFO  db.DBStoreBuilder (DBStoreBuilder.java:processTables(161)) - Using default column profile:DBProfile.DISK for Table:keyTable
2019-06-12 17:33:45,386 INFO  db.DBStoreBuilder (DBStoreBuilder.java:addTable(110)) - using custom profile for table: deletedTable
2019-06-12 17:33:45,386 INFO  db.DBStoreBuilder (DBStoreBuilder.java:processTables(161)) - Using default column profile:DBProfile.DISK for Table:deletedTable
2019-06-12 17:33:45,386 INFO  db.DBStoreBuilder (DBStoreBuilder.java:addTable(110)) - using custom profile for table: openKeyTable
2019-06-12 17:33:45,387 INFO  db.DBStoreBuilder (DBStoreBuilder.java:processTables(161)) - Using default column profile:DBProfile.DISK for Table:openKeyTable
2019-06-12 17:33:45,387 INFO  db.DBStoreBuilder (DBStoreBuilder.java:addTable(110)) - using custom profile for table: s3Table
2019-06-12 17:33:45,387 INFO  db.DBStoreBuilder (DBStoreBuilder.java:processTables(161)) - Using default column profile:DBProfile.DISK for Table:s3Table
2019-06-12 17:33:45,387 INFO  db.DBStoreBuilder (DBStoreBuilder.java:addTable(110)) - using custom profile for table: multipartInfoTable
2019-06-12 17:33:45,387 INFO  db.DBStoreBuilder (DBStoreBuilder.java:processTables(161)) - Using default column profile:DBProfile.DISK for Table:multipartInfoTable
2019-06-12 17:33:45,388 INFO  db.DBStoreBuilder (DBStoreBuilder.java:addTable(110)) - using custom profile for table: dTokenTable
2019-06-12 17:33:45,388 INFO  db.DBStoreBuilder (DBStoreBuilder.java:processTables(161)) - Using default column profile:DBProfile.DISK for Table:dTokenTable
2019-06-12 17:33:45,388 INFO  db.DBStoreBuilder (DBStoreBuilder.java:addTable(110)) - using custom profile for table: s3SecretTable
2019-06-12 17:33:45,388 INFO  db.DBStoreBuilder (DBStoreBuilder.java:processTables(161)) - Using default column profile:DBProfile.DISK for Table:s3SecretTable
2019-06-12 17:33:45,388 INFO  db.DBStoreBuilder (DBStoreBuilder.java:addTable(110)) - using custom profile for table: prefixTable
2019-06-12 17:33:45,389 INFO  db.DBStoreBuilder (DBStoreBuilder.java:processTables(161)) - Using default column profile:DBProfile.DISK for Table:prefixTable
2019-06-12 17:33:45,389 INFO  db.DBStoreBuilder (DBStoreBuilder.java:addTable(110)) - using custom profile for table: default
2019-06-12 17:33:45,389 INFO  db.DBStoreBuilder (DBStoreBuilder.java:processTables(167)) - Using default column profile:DBProfile.DISK for Table:default
2019-06-12 17:33:45,389 INFO  db.DBStoreBuilder (DBStoreBuilder.java:getDbProfile(198)) - Using default options. DBProfile.DISK
2019-06-12 17:33:45,861 INFO  ipc.CallQueueManager (CallQueueManager.java:<init>(84)) - Using callQueue: class java.util.concurrent.LinkedBlockingQueue, queueCapacity: 2000, scheduler: class org.apache.hadoop.ipc.DefaultRpcScheduler, ipcBackoff: false.
2019-06-12 17:33:45,862 INFO  ipc.Server (Server.java:run(1074)) - Starting Socket Reader #1 for port 39319
2019-06-12 17:33:45,888 WARN  scm.ScmUtils (ScmUtils.java:getDBPath(63)) - ozone.om.db.dirs is not configured. We recommend adding this setting. Falling back to ozone.metadata.dirs instead.
2019-06-12 17:33:45,889 INFO  om.OzoneManager (OzoneManager.java:start(1217)) - OzoneManager RPC server is listening at localhost/127.0.0.1:39319
2019-06-12 17:33:45,889 INFO  impl.MetricsSystemImpl (MetricsSystemImpl.java:init(158)) - OzoneManager metrics system started (again)
2019-06-12 17:33:45,890 INFO  ipc.Server (Server.java:run(1314)) - IPC Server Responder: starting
2019-06-12 17:33:45,891 INFO  ipc.Server (Server.java:run(1153)) - IPC Server listener on 39319: starting
2019-06-12 17:33:45,903 INFO  hdfs.DFSUtil (DFSUtil.java:httpServerTemplateForNNAndJN(1641)) - Starting Web-server for ozoneManager at: http://0.0.0.0:0
2019-06-12 17:33:45,904 INFO  server.AuthenticationFilter (AuthenticationFilter.java:constructSecretProvider(240)) - Unable to initialize FileSignerSecretProvider, falling back to use random secrets.
2019-06-12 17:33:45,905 WARN  http.HttpRequestLog (HttpRequestLog.java:getRequestLog(97)) - Jetty request log can only be enabled using Log4j
2019-06-12 17:33:45,907 INFO  http.HttpServer2 (HttpServer2.java:addGlobalFilter(975)) - Added global filter 'safety' (class=org.apache.hadoop.http.HttpServer2$QuotingInputFilter)
2019-06-12 17:33:45,908 INFO  http.HttpServer2 (HttpServer2.java:addFilter(948)) - Added filter static_user_filter (class=org.apache.hadoop.http.lib.StaticUserWebFilter$StaticUserFilter) to context ozoneManager
2019-06-12 17:33:45,908 INFO  http.HttpServer2 (HttpServer2.java:addFilter(958)) - Added filter static_user_filter (class=org.apache.hadoop.http.lib.StaticUserWebFilter$StaticUserFilter) to context logs
2019-06-12 17:33:45,908 INFO  http.HttpServer2 (HttpServer2.java:addFilter(958)) - Added filter static_user_filter (class=org.apache.hadoop.http.lib.StaticUserWebFilter$StaticUserFilter) to context static
2019-06-12 17:33:45,910 INFO  http.HttpServer2 (HttpServer2.java:bindListener(1191)) - Jetty bound to port 33945
2019-06-12 17:33:45,910 INFO  server.Server (Server.java:doStart(351)) - jetty-9.3.24.v20180605, build timestamp: 2018-06-05T17:11:56Z, git hash: 84205aa28f11a4f31f2a3b86d1bba2cc8ab69827
2019-06-12 17:33:45,912 INFO  handler.ContextHandler (ContextHandler.java:doStart(781)) - Started o.e.j.s.ServletContextHandler@7c2a69b4{/logs,file:///opt/src/hadoop-ozone/integration-test/target/log,AVAILABLE}
2019-06-12 17:33:45,913 INFO  handler.ContextHandler (ContextHandler.java:doStart(781)) - Started o.e.j.s.ServletContextHandler@648ee871{/static,file:///opt/src/hadoop-ozone/integration-test/target/test-classes/webapps/static,AVAILABLE}
2019-06-12 17:33:45,918 INFO  handler.ContextHandler (ContextHandler.java:doStart(781)) - Started o.e.j.w.WebAppContext@6f012914{/,file:///opt/src/hadoop-ozone/integration-test/target/test-classes/webapps/ozoneManager/,AVAILABLE}{/ozoneManager}
2019-06-12 17:33:45,918 INFO  server.AbstractConnector (AbstractConnector.java:doStart(278)) - Started ServerConnector@18fdb6cf{HTTP/1.1,[http/1.1]}{0.0.0.0:33945}
2019-06-12 17:33:45,919 INFO  server.Server (Server.java:doStart(419)) - Started @2729ms
2019-06-12 17:33:45,919 INFO  server.BaseHttpServer (BaseHttpServer.java:updateConnectorAddress(207)) - HTTP server of OZONEMANAGER is listening at http://0.0.0.0:33945
2019-06-12 17:33:46,041 INFO  impl.MetricsSystemImpl (MetricsSystemImpl.java:init(158)) - HddsDatanode metrics system started (again)
2019-06-12 17:33:46,172 INFO  ozone.HddsDatanodeService (HddsDatanodeService.java:start(185)) - HddsDatanodeService host:ozone-vvb7c-3239282013 ip:192.168.11.227
2019-06-12 17:33:46,192 INFO  volume.HddsVolume (HddsVolume.java:<init>(176)) - Creating Volume: /opt/src/hadoop-ozone/integration-test/target/test-dir/MiniOzoneClusterImpl-8fe99a3c-4fc4-43e9-9a90-c87831c25f25/datanode-0/data/containers/hdds of  storage type : DISK and capacity : 104021790720
2019-06-12 17:33:46,193 INFO  volume.VolumeSet (VolumeSet.java:initializeVolumeSet(170)) - Added Volume : /opt/src/hadoop-ozone/integration-test/target/test-dir/MiniOzoneClusterImpl-8fe99a3c-4fc4-43e9-9a90-c87831c25f25/datanode-0/data/containers/hdds to VolumeSet
2019-06-12 17:33:46,196 INFO  volume.ThrottledAsyncChecker (ThrottledAsyncChecker.java:schedule(140)) - Scheduling a check for org.apache.hadoop.ozone.container.common.volume.HddsVolume@4a6c18ad
2019-06-12 17:33:46,208 INFO  volume.HddsVolumeChecker (HddsVolumeChecker.java:checkAllVolumes(203)) - Scheduled health check for volume org.apache.hadoop.ozone.container.common.volume.HddsVolume@4a6c18ad
2019-06-12 17:33:46,241 INFO  ratis.XceiverServerRatis (XceiverServerRatis.java:newXceiverServerRatis(401)) - Found a free port for the server : 46705
2019-06-12 17:33:46,292 INFO  impl.RaftServerProxy (ConfUtils.java:logGet(43)) - raft.rpc.type = GRPC (default)
2019-06-12 17:33:46,300 INFO  grpc.GrpcConfigKeys$Server (ConfUtils.java:logGet(43)) - raft.grpc.server.port = 46705 (custom)
2019-06-12 17:33:46,301 INFO  server.GrpcService (ConfUtils.java:logGet(43)) - raft.grpc.message.size.max = 33570816 (custom)
2019-06-12 17:33:46,302 INFO  server.RaftServerConfigKeys (ConfUtils.java:logGet(43)) - raft.server.log.appender.buffer.byte-limit = 33554432 (custom)
2019-06-12 17:33:46,303 INFO  server.GrpcService (ConfUtils.java:logGet(43)) - raft.grpc.flow.control.window = 1MB (=1048576) (default)
2019-06-12 17:33:46,304 INFO  server.RaftServerConfigKeys (ConfUtils.java:logGet(43)) - raft.server.rpc.request.timeout = 3000ms (default)
2019-06-12 17:33:46,427 INFO  server.RaftServerConfigKeys (ConfUtils.java:logGet(43)) - raft.server.storage.dir = [/opt/src/hadoop-ozone/integration-test/target/test-dir/MiniOzoneClusterImpl-8fe99a3c-4fc4-43e9-9a90-c87831c25f25/datanode-0/data/ratis] (custom)
2019-06-12 17:33:46,434 INFO  server.XceiverServerGrpc (XceiverServerGrpc.java:<init>(97)) - Found a free port for the server : 36425
2019-06-12 17:33:46,458 INFO  replication.SimpleContainerDownloader (SimpleContainerDownloader.java:<init>(72)) - Starting container downloader service to copy containers to replicate.
2019-06-12 17:33:46,471 INFO  hdfs.DFSUtil (DFSUtil.java:httpServerTemplateForNNAndJN(1641)) - Starting Web-server for hddsDatanode at: http://0.0.0.0:0
2019-06-12 17:33:46,472 INFO  server.AuthenticationFilter (AuthenticationFilter.java:constructSecretProvider(240)) - Unable to initialize FileSignerSecretProvider, falling back to use random secrets.
2019-06-12 17:33:46,473 WARN  http.HttpRequestLog (HttpRequestLog.java:getRequestLog(97)) - Jetty request log can only be enabled using Log4j
2019-06-12 17:33:46,474 INFO  http.HttpServer2 (HttpServer2.java:addGlobalFilter(975)) - Added global filter 'safety' (class=org.apache.hadoop.http.HttpServer2$QuotingInputFilter)
2019-06-12 17:33:46,475 INFO  http.HttpServer2 (HttpServer2.java:addFilter(948)) - Added filter static_user_filter (class=org.apache.hadoop.http.lib.StaticUserWebFilter$StaticUserFilter) to context hddsDatanode
2019-06-12 17:33:46,475 INFO  http.HttpServer2 (HttpServer2.java:addFilter(958)) - Added filter static_user_filter (class=org.apache.hadoop.http.lib.StaticUserWebFilter$StaticUserFilter) to context logs
2019-06-12 17:33:46,475 INFO  http.HttpServer2 (HttpServer2.java:addFilter(958)) - Added filter static_user_filter (class=org.apache.hadoop.http.lib.StaticUserWebFilter$StaticUserFilter) to context static
2019-06-12 17:33:46,475 INFO  http.HttpServer2 (HttpServer2.java:bindListener(1191)) - Jetty bound to port 40919
2019-06-12 17:33:46,476 INFO  server.Server (Server.java:doStart(351)) - jetty-9.3.24.v20180605, build timestamp: 2018-06-05T17:11:56Z, git hash: 84205aa28f11a4f31f2a3b86d1bba2cc8ab69827
2019-06-12 17:33:46,481 INFO  handler.ContextHandler (ContextHandler.java:doStart(781)) - Started o.e.j.s.ServletContextHandler@2e51d054{/logs,file:///opt/src/hadoop-ozone/integration-test/target/log,AVAILABLE}
2019-06-12 17:33:46,481 INFO  handler.ContextHandler (ContextHandler.java:doStart(781)) - Started o.e.j.s.ServletContextHandler@615e3f51{/static,jar:file:/root/.m2/repository/org/apache/hadoop/hadoop-hdds-container-service/0.5.0-SNAPSHOT/hadoop-hdds-container-service-0.5.0-SNAPSHOT.jar!/webapps/static,AVAILABLE}
2019-06-12 17:33:46,506 INFO  handler.ContextHandler (ContextHandler.java:doStart(781)) - Started o.e.j.w.WebAppContext@5e1fc2aa{/,file:///tmp/jetty-0.0.0.0-40919-hddsDatanode-_-any-6555263436812838931.dir/webapp/,AVAILABLE}{/hddsDatanode}
2019-06-12 17:33:46,506 INFO  server.AbstractConnector (AbstractConnector.java:doStart(278)) - Started ServerConnector@688d411b{HTTP/1.1,[http/1.1]}{0.0.0.0:40919}
2019-06-12 17:33:46,506 INFO  server.Server (Server.java:doStart(419)) - Started @3317ms
2019-06-12 17:33:46,507 INFO  server.BaseHttpServer (BaseHttpServer.java:updateConnectorAddress(207)) - HTTP server of HDDSDATANODE is listening at http://0.0.0.0:40919
2019-06-12 17:33:47,347 INFO  ozone.HddsDatanodeService (HddsDatanodeService.java:startPlugins(396)) - Started plug-in org.apache.hadoop.ozone.web.OzoneHddsDatanodeService@30bf26df
2019-06-12 17:33:47,348 INFO  impl.MetricsSystemImpl (MetricsSystemImpl.java:init(158)) - HddsDatanode metrics system started (again)
2019-06-12 17:33:47,348 INFO  ozone.HddsDatanodeService (HddsDatanodeService.java:start(185)) - HddsDatanodeService host:ozone-vvb7c-3239282013 ip:192.168.11.227
2019-06-12 17:33:47,363 INFO  util.JvmPauseMonitor (JvmPauseMonitor.java:run(188)) - Starting JVM pause monitor
2019-06-12 17:33:47,363 INFO  volume.HddsVolume (HddsVolume.java:<init>(176)) - Creating Volume: /opt/src/hadoop-ozone/integration-test/target/test-dir/MiniOzoneClusterImpl-8fe99a3c-4fc4-43e9-9a90-c87831c25f25/datanode-1/data/containers/hdds of  storage type : DISK and capacity : 104021790720
2019-06-12 17:33:47,365 INFO  volume.VolumeSet (VolumeSet.java:initializeVolumeSet(170)) - Added Volume : /opt/src/hadoop-ozone/integration-test/target/test-dir/MiniOzoneClusterImpl-8fe99a3c-4fc4-43e9-9a90-c87831c25f25/datanode-1/data/containers/hdds to VolumeSet
2019-06-12 17:33:47,365 INFO  volume.ThrottledAsyncChecker (ThrottledAsyncChecker.java:schedule(140)) - Scheduling a check for org.apache.hadoop.ozone.container.common.volume.HddsVolume@f171912
2019-06-12 17:33:47,367 INFO  volume.HddsVolumeChecker (HddsVolumeChecker.java:checkAllVolumes(203)) - Scheduled health check for volume org.apache.hadoop.ozone.container.common.volume.HddsVolume@f171912
2019-06-12 17:33:47,383 INFO  ratis.XceiverServerRatis (XceiverServerRatis.java:newXceiverServerRatis(401)) - Found a free port for the server : 35167
2019-06-12 17:33:47,385 INFO  impl.RaftServerProxy (ConfUtils.java:logGet(43)) - raft.rpc.type = GRPC (default)
2019-06-12 17:33:47,385 INFO  grpc.GrpcConfigKeys$Server (ConfUtils.java:logGet(43)) - raft.grpc.server.port = 35167 (custom)
2019-06-12 17:33:47,385 INFO  server.GrpcService (ConfUtils.java:logGet(43)) - raft.grpc.message.size.max = 33570816 (custom)
2019-06-12 17:33:47,386 INFO  server.RaftServerConfigKeys (ConfUtils.java:logGet(43)) - raft.server.log.appender.buffer.byte-limit = 33554432 (custom)
2019-06-12 17:33:47,386 INFO  server.GrpcService (ConfUtils.java:logGet(43)) - raft.grpc.flow.control.window = 1MB (=1048576) (default)
2019-06-12 17:33:47,386 INFO  server.RaftServerConfigKeys (ConfUtils.java:logGet(43)) - raft.server.rpc.request.timeout = 3000ms (default)
2019-06-12 17:33:47,387 INFO  server.RaftServerConfigKeys (ConfUtils.java:logGet(43)) - raft.server.storage.dir = [/opt/src/hadoop-ozone/integration-test/target/test-dir/MiniOzoneClusterImpl-8fe99a3c-4fc4-43e9-9a90-c87831c25f25/datanode-1/data/ratis] (custom)
2019-06-12 17:33:47,387 INFO  server.XceiverServerGrpc (XceiverServerGrpc.java:<init>(97)) - Found a free port for the server : 45355
2019-06-12 17:33:47,387 INFO  replication.SimpleContainerDownloader (SimpleContainerDownloader.java:<init>(72)) - Starting container downloader service to copy containers to replicate.
2019-06-12 17:33:47,389 INFO  hdfs.DFSUtil (DFSUtil.java:httpServerTemplateForNNAndJN(1641)) - Starting Web-server for hddsDatanode at: http://0.0.0.0:0
2019-06-12 17:33:47,390 INFO  server.AuthenticationFilter (AuthenticationFilter.java:constructSecretProvider(240)) - Unable to initialize FileSignerSecretProvider, falling back to use random secrets.
2019-06-12 17:33:47,392 WARN  http.HttpRequestLog (HttpRequestLog.java:getRequestLog(97)) - Jetty request log can only be enabled using Log4j
2019-06-12 17:33:47,393 INFO  http.HttpServer2 (HttpServer2.java:addGlobalFilter(975)) - Added global filter 'safety' (class=org.apache.hadoop.http.HttpServer2$QuotingInputFilter)
2019-06-12 17:33:47,393 INFO  http.HttpServer2 (HttpServer2.java:addFilter(948)) - Added filter static_user_filter (class=org.apache.hadoop.http.lib.StaticUserWebFilter$StaticUserFilter) to context hddsDatanode
2019-06-12 17:33:47,393 INFO  http.HttpServer2 (HttpServer2.java:addFilter(958)) - Added filter static_user_filter (class=org.apache.hadoop.http.lib.StaticUserWebFilter$StaticUserFilter) to context logs
2019-06-12 17:33:47,394 INFO  http.HttpServer2 (HttpServer2.java:addFilter(958)) - Added filter static_user_filter (class=org.apache.hadoop.http.lib.StaticUserWebFilter$StaticUserFilter) to context static
2019-06-12 17:33:47,394 INFO  http.HttpServer2 (HttpServer2.java:bindListener(1191)) - Jetty bound to port 40635
2019-06-12 17:33:47,395 INFO  server.Server (Server.java:doStart(351)) - jetty-9.3.24.v20180605, build timestamp: 2018-06-05T17:11:56Z, git hash: 84205aa28f11a4f31f2a3b86d1bba2cc8ab69827
2019-06-12 17:33:47,397 INFO  handler.ContextHandler (ContextHandler.java:doStart(781)) - Started o.e.j.s.ServletContextHandler@18b6d3c1{/logs,file:///opt/src/hadoop-ozone/integration-test/target/log,AVAILABLE}
2019-06-12 17:33:47,403 INFO  handler.ContextHandler (ContextHandler.java:doStart(781)) - Started o.e.j.s.ServletContextHandler@3fe512d2{/static,jar:file:/root/.m2/repository/org/apache/hadoop/hadoop-hdds-container-service/0.5.0-SNAPSHOT/hadoop-hdds-container-service-0.5.0-SNAPSHOT.jar!/webapps/static,AVAILABLE}
2019-06-12 17:33:47,427 INFO  handler.ContextHandler (ContextHandler.java:doStart(781)) - Started o.e.j.w.WebAppContext@e7b265e{/,file:///tmp/jetty-0.0.0.0-40635-hddsDatanode-_-any-306332826109016273.dir/webapp/,AVAILABLE}{/hddsDatanode}
2019-06-12 17:33:47,428 INFO  server.AbstractConnector (AbstractConnector.java:doStart(278)) - Started ServerConnector@47f7f768{HTTP/1.1,[http/1.1]}{0.0.0.0:40635}
2019-06-12 17:33:47,429 INFO  server.Server (Server.java:doStart(419)) - Started @4240ms
2019-06-12 17:33:47,430 INFO  server.BaseHttpServer (BaseHttpServer.java:updateConnectorAddress(207)) - HTTP server of HDDSDATANODE is listening at http://0.0.0.0:40635
2019-06-12 17:33:47,455 INFO  datanode.InitDatanodeState (InitDatanodeState.java:persistContainerDatanodeDetails(140)) - DatanodeDetails is persisted to /opt/src/hadoop-ozone/integration-test/target/test-dir/MiniOzoneClusterImpl-8fe99a3c-4fc4-43e9-9a90-c87831c25f25/datanode-0/meta/datanode.id
2019-06-12 17:33:47,575 INFO  ozone.HddsDatanodeService (HddsDatanodeService.java:startPlugins(396)) - Started plug-in org.apache.hadoop.ozone.web.OzoneHddsDatanodeService@63fd4dda
2019-06-12 17:33:47,575 INFO  impl.MetricsSystemImpl (MetricsSystemImpl.java:init(158)) - HddsDatanode metrics system started (again)
2019-06-12 17:33:47,576 INFO  ozone.HddsDatanodeService (HddsDatanodeService.java:start(185)) - HddsDatanodeService host:ozone-vvb7c-3239282013 ip:192.168.11.227
2019-06-12 17:33:47,581 INFO  util.JvmPauseMonitor (JvmPauseMonitor.java:run(188)) - Starting JVM pause monitor
2019-06-12 17:33:47,591 INFO  volume.HddsVolume (HddsVolume.java:<init>(176)) - Creating Volume: /opt/src/hadoop-ozone/integration-test/target/test-dir/MiniOzoneClusterImpl-8fe99a3c-4fc4-43e9-9a90-c87831c25f25/datanode-2/data/containers/hdds of  storage type : DISK and capacity : 104021790720
2019-06-12 17:33:47,592 INFO  volume.VolumeSet (VolumeSet.java:initializeVolumeSet(170)) - Added Volume : /opt/src/hadoop-ozone/integration-test/target/test-dir/MiniOzoneClusterImpl-8fe99a3c-4fc4-43e9-9a90-c87831c25f25/datanode-2/data/containers/hdds to VolumeSet
2019-06-12 17:33:47,592 INFO  volume.ThrottledAsyncChecker (ThrottledAsyncChecker.java:schedule(140)) - Scheduling a check for org.apache.hadoop.ozone.container.common.volume.HddsVolume@4b56b031
2019-06-12 17:33:47,592 INFO  datanode.InitDatanodeState (InitDatanodeState.java:persistContainerDatanodeDetails(140)) - DatanodeDetails is persisted to /opt/src/hadoop-ozone/integration-test/target/test-dir/MiniOzoneClusterImpl-8fe99a3c-4fc4-43e9-9a90-c87831c25f25/datanode-1/meta/datanode.id
2019-06-12 17:33:47,595 INFO  volume.HddsVolumeChecker (HddsVolumeChecker.java:checkAllVolumes(203)) - Scheduled health check for volume org.apache.hadoop.ozone.container.common.volume.HddsVolume@4b56b031
2019-06-12 17:33:47,608 INFO  ratis.XceiverServerRatis (XceiverServerRatis.java:newXceiverServerRatis(401)) - Found a free port for the server : 39061
2019-06-12 17:33:47,609 INFO  impl.RaftServerProxy (ConfUtils.java:logGet(43)) - raft.rpc.type = GRPC (default)
2019-06-12 17:33:47,610 INFO  grpc.GrpcConfigKeys$Server (ConfUtils.java:logGet(43)) - raft.grpc.server.port = 39061 (custom)
2019-06-12 17:33:47,610 INFO  server.GrpcService (ConfUtils.java:logGet(43)) - raft.grpc.message.size.max = 33570816 (custom)
2019-06-12 17:33:47,610 INFO  server.RaftServerConfigKeys (ConfUtils.java:logGet(43)) - raft.server.log.appender.buffer.byte-limit = 33554432 (custom)
2019-06-12 17:33:47,610 INFO  server.GrpcService (ConfUtils.java:logGet(43)) - raft.grpc.flow.control.window = 1MB (=1048576) (default)
2019-06-12 17:33:47,611 INFO  server.RaftServerConfigKeys (ConfUtils.java:logGet(43)) - raft.server.rpc.request.timeout = 3000ms (default)
2019-06-12 17:33:47,611 INFO  server.RaftServerConfigKeys (ConfUtils.java:logGet(43)) - raft.server.storage.dir = [/opt/src/hadoop-ozone/integration-test/target/test-dir/MiniOzoneClusterImpl-8fe99a3c-4fc4-43e9-9a90-c87831c25f25/datanode-2/data/ratis] (custom)
2019-06-12 17:33:47,612 INFO  server.XceiverServerGrpc (XceiverServerGrpc.java:<init>(97)) - Found a free port for the server : 37659
2019-06-12 17:33:47,612 INFO  replication.SimpleContainerDownloader (SimpleContainerDownloader.java:<init>(72)) - Starting container downloader service to copy containers to replicate.
2019-06-12 17:33:47,613 INFO  hdfs.DFSUtil (DFSUtil.java:httpServerTemplateForNNAndJN(1641)) - Starting Web-server for hddsDatanode at: http://0.0.0.0:0
2019-06-12 17:33:47,615 INFO  server.AuthenticationFilter (AuthenticationFilter.java:constructSecretProvider(240)) - Unable to initialize FileSignerSecretProvider, falling back to use random secrets.
2019-06-12 17:33:47,615 WARN  http.HttpRequestLog (HttpRequestLog.java:getRequestLog(97)) - Jetty request log can only be enabled using Log4j
2019-06-12 17:33:47,616 INFO  http.HttpServer2 (HttpServer2.java:addGlobalFilter(975)) - Added global filter 'safety' (class=org.apache.hadoop.http.HttpServer2$QuotingInputFilter)
2019-06-12 17:33:47,617 INFO  http.HttpServer2 (HttpServer2.java:addFilter(948)) - Added filter static_user_filter (class=org.apache.hadoop.http.lib.StaticUserWebFilter$StaticUserFilter) to context hddsDatanode
2019-06-12 17:33:47,617 INFO  http.HttpServer2 (HttpServer2.java:addFilter(958)) - Added filter static_user_filter (class=org.apache.hadoop.http.lib.StaticUserWebFilter$StaticUserFilter) to context logs
2019-06-12 17:33:47,617 INFO  http.HttpServer2 (HttpServer2.java:addFilter(958)) - Added filter static_user_filter (class=org.apache.hadoop.http.lib.StaticUserWebFilter$StaticUserFilter) to context static
2019-06-12 17:33:47,618 INFO  http.HttpServer2 (HttpServer2.java:bindListener(1191)) - Jetty bound to port 33305
2019-06-12 17:33:47,618 INFO  server.Server (Server.java:doStart(351)) - jetty-9.3.24.v20180605, build timestamp: 2018-06-05T17:11:56Z, git hash: 84205aa28f11a4f31f2a3b86d1bba2cc8ab69827
2019-06-12 17:33:47,620 INFO  handler.ContextHandler (ContextHandler.java:doStart(781)) - Started o.e.j.s.ServletContextHandler@2443abd6{/logs,file:///opt/src/hadoop-ozone/integration-test/target/log,AVAILABLE}
2019-06-12 17:33:47,620 INFO  handler.ContextHandler (ContextHandler.java:doStart(781)) - Started o.e.j.s.ServletContextHandler@bd3eff4{/static,jar:file:/root/.m2/repository/org/apache/hadoop/hadoop-hdds-container-service/0.5.0-SNAPSHOT/hadoop-hdds-container-service-0.5.0-SNAPSHOT.jar!/webapps/static,AVAILABLE}
2019-06-12 17:33:47,641 INFO  handler.ContextHandler (ContextHandler.java:doStart(781)) - Started o.e.j.w.WebAppContext@4e80a001{/,file:///tmp/jetty-0.0.0.0-33305-hddsDatanode-_-any-7948424525428335443.dir/webapp/,AVAILABLE}{/hddsDatanode}
2019-06-12 17:33:47,642 INFO  server.AbstractConnector (AbstractConnector.java:doStart(278)) - Started ServerConnector@624b523{HTTP/1.1,[http/1.1]}{0.0.0.0:33305}
2019-06-12 17:33:47,643 INFO  server.Server (Server.java:doStart(419)) - Started @4454ms
2019-06-12 17:33:47,643 INFO  server.BaseHttpServer (BaseHttpServer.java:updateConnectorAddress(207)) - HTTP server of HDDSDATANODE is listening at http://0.0.0.0:33305
2019-06-12 17:33:47,802 INFO  ozone.HddsDatanodeService (HddsDatanodeService.java:startPlugins(396)) - Started plug-in org.apache.hadoop.ozone.web.OzoneHddsDatanodeService@11c78080
2019-06-12 17:33:47,803 INFO  impl.MetricsSystemImpl (MetricsSystemImpl.java:init(158)) - HddsDatanode metrics system started (again)
2019-06-12 17:33:47,803 INFO  ozone.HddsDatanodeService (HddsDatanodeService.java:start(185)) - HddsDatanodeService host:ozone-vvb7c-3239282013 ip:192.168.11.227
2019-06-12 17:33:47,811 INFO  volume.HddsVolume (HddsVolume.java:<init>(176)) - Creating Volume: /opt/src/hadoop-ozone/integration-test/target/test-dir/MiniOzoneClusterImpl-8fe99a3c-4fc4-43e9-9a90-c87831c25f25/datanode-3/data/containers/hdds of  storage type : DISK and capacity : 104021790720
2019-06-12 17:33:47,811 INFO  volume.VolumeSet (VolumeSet.java:initializeVolumeSet(170)) - Added Volume : /opt/src/hadoop-ozone/integration-test/target/test-dir/MiniOzoneClusterImpl-8fe99a3c-4fc4-43e9-9a90-c87831c25f25/datanode-3/data/containers/hdds to VolumeSet
2019-06-12 17:33:47,812 INFO  volume.ThrottledAsyncChecker (ThrottledAsyncChecker.java:schedule(140)) - Scheduling a check for org.apache.hadoop.ozone.container.common.volume.HddsVolume@7c11d32
2019-06-12 17:33:47,815 INFO  util.JvmPauseMonitor (JvmPauseMonitor.java:run(188)) - Starting JVM pause monitor
2019-06-12 17:33:47,822 INFO  volume.HddsVolumeChecker (HddsVolumeChecker.java:checkAllVolumes(203)) - Scheduled health check for volume org.apache.hadoop.ozone.container.common.volume.HddsVolume@7c11d32
2019-06-12 17:33:47,824 INFO  datanode.InitDatanodeState (InitDatanodeState.java:persistContainerDatanodeDetails(140)) - DatanodeDetails is persisted to /opt/src/hadoop-ozone/integration-test/target/test-dir/MiniOzoneClusterImpl-8fe99a3c-4fc4-43e9-9a90-c87831c25f25/datanode-2/meta/datanode.id
2019-06-12 17:33:47,835 INFO  ratis.XceiverServerRatis (XceiverServerRatis.java:newXceiverServerRatis(401)) - Found a free port for the server : 46651
2019-06-12 17:33:47,836 INFO  impl.RaftServerProxy (ConfUtils.java:logGet(43)) - raft.rpc.type = GRPC (default)
2019-06-12 17:33:47,836 INFO  grpc.GrpcConfigKeys$Server (ConfUtils.java:logGet(43)) - raft.grpc.server.port = 46651 (custom)
2019-06-12 17:33:47,836 INFO  server.GrpcService (ConfUtils.java:logGet(43)) - raft.grpc.message.size.max = 33570816 (custom)
2019-06-12 17:33:47,837 INFO  server.RaftServerConfigKeys (ConfUtils.java:logGet(43)) - raft.server.log.appender.buffer.byte-limit = 33554432 (custom)
2019-06-12 17:33:47,837 INFO  server.GrpcService (ConfUtils.java:logGet(43)) - raft.grpc.flow.control.window = 1MB (=1048576) (default)
2019-06-12 17:33:47,837 INFO  server.RaftServerConfigKeys (ConfUtils.java:logGet(43)) - raft.server.rpc.request.timeout = 3000ms (default)
2019-06-12 17:33:47,838 INFO  server.RaftServerConfigKeys (ConfUtils.java:logGet(43)) - raft.server.storage.dir = [/opt/src/hadoop-ozone/integration-test/target/test-dir/MiniOzoneClusterImpl-8fe99a3c-4fc4-43e9-9a90-c87831c25f25/datanode-3/data/ratis] (custom)
2019-06-12 17:33:47,838 INFO  server.XceiverServerGrpc (XceiverServerGrpc.java:<init>(97)) - Found a free port for the server : 40965
2019-06-12 17:33:47,838 INFO  replication.SimpleContainerDownloader (SimpleContainerDownloader.java:<init>(72)) - Starting container downloader service to copy containers to replicate.
2019-06-12 17:33:47,839 INFO  hdfs.DFSUtil (DFSUtil.java:httpServerTemplateForNNAndJN(1641)) - Starting Web-server for hddsDatanode at: http://0.0.0.0:0
2019-06-12 17:33:47,841 INFO  server.AuthenticationFilter (AuthenticationFilter.java:constructSecretProvider(240)) - Unable to initialize FileSignerSecretProvider, falling back to use random secrets.
2019-06-12 17:33:47,841 WARN  http.HttpRequestLog (HttpRequestLog.java:getRequestLog(97)) - Jetty request log can only be enabled using Log4j
2019-06-12 17:33:47,842 INFO  http.HttpServer2 (HttpServer2.java:addGlobalFilter(975)) - Added global filter 'safety' (class=org.apache.hadoop.http.HttpServer2$QuotingInputFilter)
2019-06-12 17:33:47,843 INFO  http.HttpServer2 (HttpServer2.java:addFilter(948)) - Added filter static_user_filter (class=org.apache.hadoop.http.lib.StaticUserWebFilter$StaticUserFilter) to context hddsDatanode
2019-06-12 17:33:47,843 INFO  http.HttpServer2 (HttpServer2.java:addFilter(958)) - Added filter static_user_filter (class=org.apache.hadoop.http.lib.StaticUserWebFilter$StaticUserFilter) to context logs
2019-06-12 17:33:47,843 INFO  http.HttpServer2 (HttpServer2.java:addFilter(958)) - Added filter static_user_filter (class=org.apache.hadoop.http.lib.StaticUserWebFilter$StaticUserFilter) to context static
2019-06-12 17:33:47,844 INFO  http.HttpServer2 (HttpServer2.java:bindListener(1191)) - Jetty bound to port 35813
2019-06-12 17:33:47,844 INFO  server.Server (Server.java:doStart(351)) - jetty-9.3.24.v20180605, build timestamp: 2018-06-05T17:11:56Z, git hash: 84205aa28f11a4f31f2a3b86d1bba2cc8ab69827
2019-06-12 17:33:47,848 INFO  handler.ContextHandler (ContextHandler.java:doStart(781)) - Started o.e.j.s.ServletContextHandler@25974207{/logs,file:///opt/src/hadoop-ozone/integration-test/target/log,AVAILABLE}
2019-06-12 17:33:47,848 INFO  handler.ContextHandler (ContextHandler.java:doStart(781)) - Started o.e.j.s.ServletContextHandler@195113de{/static,jar:file:/root/.m2/repository/org/apache/hadoop/hadoop-hdds-container-service/0.5.0-SNAPSHOT/hadoop-hdds-container-service-0.5.0-SNAPSHOT.jar!/webapps/static,AVAILABLE}
2019-06-12 17:33:47,870 INFO  handler.ContextHandler (ContextHandler.java:doStart(781)) - Started o.e.j.w.WebAppContext@74c9e11{/,file:///tmp/jetty-0.0.0.0-35813-hddsDatanode-_-any-5177728918531175141.dir/webapp/,AVAILABLE}{/hddsDatanode}
2019-06-12 17:33:47,871 INFO  server.AbstractConnector (AbstractConnector.java:doStart(278)) - Started ServerConnector@9fe720a{HTTP/1.1,[http/1.1]}{0.0.0.0:35813}
2019-06-12 17:33:47,872 INFO  server.Server (Server.java:doStart(419)) - Started @4683ms
2019-06-12 17:33:47,873 INFO  server.BaseHttpServer (BaseHttpServer.java:updateConnectorAddress(207)) - HTTP server of HDDSDATANODE is listening at http://0.0.0.0:35813
2019-06-12 17:33:47,969 INFO  ozone.HddsDatanodeService (HddsDatanodeService.java:startPlugins(396)) - Started plug-in org.apache.hadoop.ozone.web.OzoneHddsDatanodeService@76216830
2019-06-12 17:33:47,969 INFO  impl.MetricsSystemImpl (MetricsSystemImpl.java:init(158)) - HddsDatanode metrics system started (again)
2019-06-12 17:33:47,969 INFO  ozone.HddsDatanodeService (HddsDatanodeService.java:start(185)) - HddsDatanodeService host:ozone-vvb7c-3239282013 ip:192.168.11.227
2019-06-12 17:33:47,972 INFO  util.JvmPauseMonitor (JvmPauseMonitor.java:run(188)) - Starting JVM pause monitor
2019-06-12 17:33:47,975 INFO  datanode.InitDatanodeState (InitDatanodeState.java:persistContainerDatanodeDetails(140)) - DatanodeDetails is persisted to /opt/src/hadoop-ozone/integration-test/target/test-dir/MiniOzoneClusterImpl-8fe99a3c-4fc4-43e9-9a90-c87831c25f25/datanode-3/meta/datanode.id
2019-06-12 17:33:47,983 INFO  volume.HddsVolume (HddsVolume.java:<init>(176)) - Creating Volume: /opt/src/hadoop-ozone/integration-test/target/test-dir/MiniOzoneClusterImpl-8fe99a3c-4fc4-43e9-9a90-c87831c25f25/datanode-4/data/containers/hdds of  storage type : DISK and capacity : 104021790720
2019-06-12 17:33:47,983 INFO  volume.VolumeSet (VolumeSet.java:initializeVolumeSet(170)) - Added Volume : /opt/src/hadoop-ozone/integration-test/target/test-dir/MiniOzoneClusterImpl-8fe99a3c-4fc4-43e9-9a90-c87831c25f25/datanode-4/data/containers/hdds to VolumeSet
2019-06-12 17:33:47,983 INFO  volume.ThrottledAsyncChecker (ThrottledAsyncChecker.java:schedule(140)) - Scheduling a check for org.apache.hadoop.ozone.container.common.volume.HddsVolume@391d1e33
2019-06-12 17:33:47,987 INFO  volume.HddsVolumeChecker (HddsVolumeChecker.java:checkAllVolumes(203)) - Scheduled health check for volume org.apache.hadoop.ozone.container.common.volume.HddsVolume@391d1e33
2019-06-12 17:33:47,996 INFO  ratis.XceiverServerRatis (XceiverServerRatis.java:newXceiverServerRatis(401)) - Found a free port for the server : 41817
2019-06-12 17:33:47,997 INFO  impl.RaftServerProxy (ConfUtils.java:logGet(43)) - raft.rpc.type = GRPC (default)
2019-06-12 17:33:47,998 INFO  grpc.GrpcConfigKeys$Server (ConfUtils.java:logGet(43)) - raft.grpc.server.port = 41817 (custom)
2019-06-12 17:33:47,998 INFO  server.GrpcService (ConfUtils.java:logGet(43)) - raft.grpc.message.size.max = 33570816 (custom)
2019-06-12 17:33:47,998 INFO  server.RaftServerConfigKeys (ConfUtils.java:logGet(43)) - raft.server.log.appender.buffer.byte-limit = 33554432 (custom)
2019-06-12 17:33:47,998 INFO  server.GrpcService (ConfUtils.java:logGet(43)) - raft.grpc.flow.control.window = 1MB (=1048576) (default)
2019-06-12 17:33:47,999 INFO  server.RaftServerConfigKeys (ConfUtils.java:logGet(43)) - raft.server.rpc.request.timeout = 3000ms (default)
2019-06-12 17:33:47,999 INFO  server.RaftServerConfigKeys (ConfUtils.java:logGet(43)) - raft.server.storage.dir = [/opt/src/hadoop-ozone/integration-test/target/test-dir/MiniOzoneClusterImpl-8fe99a3c-4fc4-43e9-9a90-c87831c25f25/datanode-4/data/ratis] (custom)
2019-06-12 17:33:48,000 INFO  server.XceiverServerGrpc (XceiverServerGrpc.java:<init>(97)) - Found a free port for the server : 40005
2019-06-12 17:33:48,000 INFO  replication.SimpleContainerDownloader (SimpleContainerDownloader.java:<init>(72)) - Starting container downloader service to copy containers to replicate.
2019-06-12 17:33:48,001 INFO  hdfs.DFSUtil (DFSUtil.java:httpServerTemplateForNNAndJN(1641)) - Starting Web-server for hddsDatanode at: http://0.0.0.0:0
2019-06-12 17:33:48,002 INFO  server.AuthenticationFilter (AuthenticationFilter.java:constructSecretProvider(240)) - Unable to initialize FileSignerSecretProvider, falling back to use random secrets.
2019-06-12 17:33:48,002 WARN  http.HttpRequestLog (HttpRequestLog.java:getRequestLog(97)) - Jetty request log can only be enabled using Log4j
2019-06-12 17:33:48,004 INFO  http.HttpServer2 (HttpServer2.java:addGlobalFilter(975)) - Added global filter 'safety' (class=org.apache.hadoop.http.HttpServer2$QuotingInputFilter)
2019-06-12 17:33:48,004 INFO  http.HttpServer2 (HttpServer2.java:addFilter(948)) - Added filter static_user_filter (class=org.apache.hadoop.http.lib.StaticUserWebFilter$StaticUserFilter) to context hddsDatanode
2019-06-12 17:33:48,004 INFO  http.HttpServer2 (HttpServer2.java:addFilter(958)) - Added filter static_user_filter (class=org.apache.hadoop.http.lib.StaticUserWebFilter$StaticUserFilter) to context static
2019-06-12 17:33:48,004 INFO  http.HttpServer2 (HttpServer2.java:addFilter(958)) - Added filter static_user_filter (class=org.apache.hadoop.http.lib.StaticUserWebFilter$StaticUserFilter) to context logs
2019-06-12 17:33:48,005 INFO  http.HttpServer2 (HttpServer2.java:bindListener(1191)) - Jetty bound to port 39403
2019-06-12 17:33:48,005 INFO  server.Server (Server.java:doStart(351)) - jetty-9.3.24.v20180605, build timestamp: 2018-06-05T17:11:56Z, git hash: 84205aa28f11a4f31f2a3b86d1bba2cc8ab69827
2019-06-12 17:33:48,008 INFO  handler.ContextHandler (ContextHandler.java:doStart(781)) - Started o.e.j.s.ServletContextHandler@6f38f084{/logs,file:///opt/src/hadoop-ozone/integration-test/target/log,AVAILABLE}
2019-06-12 17:33:48,009 INFO  handler.ContextHandler (ContextHandler.java:doStart(781)) - Started o.e.j.s.ServletContextHandler@372f0a99{/static,jar:file:/root/.m2/repository/org/apache/hadoop/hadoop-hdds-container-service/0.5.0-SNAPSHOT/hadoop-hdds-container-service-0.5.0-SNAPSHOT.jar!/webapps/static,AVAILABLE}
2019-06-12 17:33:48,038 INFO  handler.ContextHandler (ContextHandler.java:doStart(781)) - Started o.e.j.w.WebAppContext@6b2fdffc{/,file:///tmp/jetty-0.0.0.0-39403-hddsDatanode-_-any-7811171391499353166.dir/webapp/,AVAILABLE}{/hddsDatanode}
2019-06-12 17:33:48,039 INFO  server.AbstractConnector (AbstractConnector.java:doStart(278)) - Started ServerConnector@2ca3d826{HTTP/1.1,[http/1.1]}{0.0.0.0:39403}
2019-06-12 17:33:48,040 INFO  server.Server (Server.java:doStart(419)) - Started @4851ms
2019-06-12 17:33:48,041 INFO  server.BaseHttpServer (BaseHttpServer.java:updateConnectorAddress(207)) - HTTP server of HDDSDATANODE is listening at http://0.0.0.0:39403
2019-06-12 17:33:48,173 INFO  ozone.HddsDatanodeService (HddsDatanodeService.java:startPlugins(396)) - Started plug-in org.apache.hadoop.ozone.web.OzoneHddsDatanodeService@624b3544
2019-06-12 17:33:48,173 INFO  impl.MetricsSystemImpl (MetricsSystemImpl.java:init(158)) - HddsDatanode metrics system started (again)
2019-06-12 17:33:48,174 INFO  ozone.HddsDatanodeService (HddsDatanodeService.java:start(185)) - HddsDatanodeService host:ozone-vvb7c-3239282013 ip:192.168.11.227
2019-06-12 17:33:48,198 INFO  util.JvmPauseMonitor (JvmPauseMonitor.java:run(188)) - Starting JVM pause monitor
2019-06-12 17:33:48,208 INFO  datanode.InitDatanodeState (InitDatanodeState.java:persistContainerDatanodeDetails(140)) - DatanodeDetails is persisted to /opt/src/hadoop-ozone/integration-test/target/test-dir/MiniOzoneClusterImpl-8fe99a3c-4fc4-43e9-9a90-c87831c25f25/datanode-4/meta/datanode.id
2019-06-12 17:33:48,211 INFO  volume.HddsVolume (HddsVolume.java:<init>(176)) - Creating Volume: /opt/src/hadoop-ozone/integration-test/target/test-dir/MiniOzoneClusterImpl-8fe99a3c-4fc4-43e9-9a90-c87831c25f25/datanode-5/data/containers/hdds of  storage type : DISK and capacity : 104021790720
2019-06-12 17:33:48,211 INFO  volume.VolumeSet (VolumeSet.java:initializeVolumeSet(170)) - Added Volume : /opt/src/hadoop-ozone/integration-test/target/test-dir/MiniOzoneClusterImpl-8fe99a3c-4fc4-43e9-9a90-c87831c25f25/datanode-5/data/containers/hdds to VolumeSet
2019-06-12 17:33:48,212 INFO  volume.ThrottledAsyncChecker (ThrottledAsyncChecker.java:schedule(140)) - Scheduling a check for org.apache.hadoop.ozone.container.common.volume.HddsVolume@55a0f011
2019-06-12 17:33:48,215 INFO  volume.HddsVolumeChecker (HddsVolumeChecker.java:checkAllVolumes(203)) - Scheduled health check for volume org.apache.hadoop.ozone.container.common.volume.HddsVolume@55a0f011
2019-06-12 17:33:48,235 INFO  ratis.XceiverServerRatis (XceiverServerRatis.java:newXceiverServerRatis(401)) - Found a free port for the server : 43381
2019-06-12 17:33:48,236 INFO  impl.RaftServerProxy (ConfUtils.java:logGet(43)) - raft.rpc.type = GRPC (default)
2019-06-12 17:33:48,236 INFO  grpc.GrpcConfigKeys$Server (ConfUtils.java:logGet(43)) - raft.grpc.server.port = 43381 (custom)
2019-06-12 17:33:48,236 INFO  server.GrpcService (ConfUtils.java:logGet(43)) - raft.grpc.message.size.max = 33570816 (custom)
2019-06-12 17:33:48,237 INFO  server.RaftServerConfigKeys (ConfUtils.java:logGet(43)) - raft.server.log.appender.buffer.byte-limit = 33554432 (custom)
2019-06-12 17:33:48,237 INFO  server.GrpcService (ConfUtils.java:logGet(43)) - raft.grpc.flow.control.window = 1MB (=1048576) (default)
2019-06-12 17:33:48,237 INFO  server.RaftServerConfigKeys (ConfUtils.java:logGet(43)) - raft.server.rpc.request.timeout = 3000ms (default)
2019-06-12 17:33:48,238 INFO  server.RaftServerConfigKeys (ConfUtils.java:logGet(43)) - raft.server.storage.dir = [/opt/src/hadoop-ozone/integration-test/target/test-dir/MiniOzoneClusterImpl-8fe99a3c-4fc4-43e9-9a90-c87831c25f25/datanode-5/data/ratis] (custom)
2019-06-12 17:33:48,238 INFO  server.XceiverServerGrpc (XceiverServerGrpc.java:<init>(97)) - Found a free port for the server : 37175
2019-06-12 17:33:48,239 INFO  replication.SimpleContainerDownloader (SimpleContainerDownloader.java:<init>(72)) - Starting container downloader service to copy containers to replicate.
2019-06-12 17:33:48,243 INFO  hdfs.DFSUtil (DFSUtil.java:httpServerTemplateForNNAndJN(1641)) - Starting Web-server for hddsDatanode at: http://0.0.0.0:0
2019-06-12 17:33:48,244 INFO  server.AuthenticationFilter (AuthenticationFilter.java:constructSecretProvider(240)) - Unable to initialize FileSignerSecretProvider, falling back to use random secrets.
2019-06-12 17:33:48,245 WARN  http.HttpRequestLog (HttpRequestLog.java:getRequestLog(97)) - Jetty request log can only be enabled using Log4j
2019-06-12 17:33:48,246 INFO  http.HttpServer2 (HttpServer2.java:addGlobalFilter(975)) - Added global filter 'safety' (class=org.apache.hadoop.http.HttpServer2$QuotingInputFilter)
2019-06-12 17:33:48,247 INFO  http.HttpServer2 (HttpServer2.java:addFilter(948)) - Added filter static_user_filter (class=org.apache.hadoop.http.lib.StaticUserWebFilter$StaticUserFilter) to context hddsDatanode
2019-06-12 17:33:48,247 INFO  http.HttpServer2 (HttpServer2.java:addFilter(958)) - Added filter static_user_filter (class=org.apache.hadoop.http.lib.StaticUserWebFilter$StaticUserFilter) to context logs
2019-06-12 17:33:48,248 INFO  http.HttpServer2 (HttpServer2.java:addFilter(958)) - Added filter static_user_filter (class=org.apache.hadoop.http.lib.StaticUserWebFilter$StaticUserFilter) to context static
2019-06-12 17:33:48,248 INFO  http.HttpServer2 (HttpServer2.java:bindListener(1191)) - Jetty bound to port 34801
2019-06-12 17:33:48,248 INFO  server.Server (Server.java:doStart(351)) - jetty-9.3.24.v20180605, build timestamp: 2018-06-05T17:11:56Z, git hash: 84205aa28f11a4f31f2a3b86d1bba2cc8ab69827
2019-06-12 17:33:48,254 INFO  handler.ContextHandler (ContextHandler.java:doStart(781)) - Started o.e.j.s.ServletContextHandler@23e61112{/logs,file:///opt/src/hadoop-ozone/integration-test/target/log,AVAILABLE}
2019-06-12 17:33:48,255 INFO  handler.ContextHandler (ContextHandler.java:doStart(781)) - Started o.e.j.s.ServletContextHandler@61b60600{/static,jar:file:/root/.m2/repository/org/apache/hadoop/hadoop-hdds-container-service/0.5.0-SNAPSHOT/hadoop-hdds-container-service-0.5.0-SNAPSHOT.jar!/webapps/static,AVAILABLE}
2019-06-12 17:33:48,288 INFO  handler.ContextHandler (ContextHandler.java:doStart(781)) - Started o.e.j.w.WebAppContext@245cb8df{/,file:///tmp/jetty-0.0.0.0-34801-hddsDatanode-_-any-3505658541015713847.dir/webapp/,AVAILABLE}{/hddsDatanode}
2019-06-12 17:33:48,290 INFO  server.AbstractConnector (AbstractConnector.java:doStart(278)) - Started ServerConnector@26b3c9a2{HTTP/1.1,[http/1.1]}{0.0.0.0:34801}
2019-06-12 17:33:48,290 INFO  server.Server (Server.java:doStart(419)) - Started @5101ms
2019-06-12 17:33:48,291 INFO  server.BaseHttpServer (BaseHttpServer.java:updateConnectorAddress(207)) - HTTP server of HDDSDATANODE is listening at http://0.0.0.0:34801
2019-06-12 17:33:48,470 INFO  ozone.HddsDatanodeService (HddsDatanodeService.java:startPlugins(396)) - Started plug-in org.apache.hadoop.ozone.web.OzoneHddsDatanodeService@4662752a
2019-06-12 17:33:48,471 INFO  ozone.MiniOzoneClusterImpl (MiniOzoneClusterImpl.java:lambda$waitForClusterToBeReady$0(142)) - Waiting for cluster to be ready. Got 0 of 6 DN Heartbeats.
2019-06-12 17:33:48,490 INFO  util.JvmPauseMonitor (JvmPauseMonitor.java:run(188)) - Starting JVM pause monitor
2019-06-12 17:33:48,493 INFO  datanode.InitDatanodeState (InitDatanodeState.java:persistContainerDatanodeDetails(140)) - DatanodeDetails is persisted to /opt/src/hadoop-ozone/integration-test/target/test-dir/MiniOzoneClusterImpl-8fe99a3c-4fc4-43e9-9a90-c87831c25f25/datanode-5/meta/datanode.id
2019-06-12 17:33:49,384 INFO  ozoneimpl.OzoneContainer (OzoneContainer.java:start(186)) - Attempting to start container services.
2019-06-12 17:33:49,384 INFO  ozoneimpl.OzoneContainer (OzoneContainer.java:startContainerScrub(160)) - Background container scrubber has been disabled by hdds.containerscrub.enabled
2019-06-12 17:33:49,384 INFO  ratis.XceiverServerRatis (XceiverServerRatis.java:start(418)) - Starting XceiverServerRatis 73d24cc5-fecb-4329-bada-e78623ca6c73 at port 46705
2019-06-12 17:33:49,416 INFO  impl.RaftServerProxy (RaftServerProxy.java:lambda$start$3(299)) - 73d24cc5-fecb-4329-bada-e78623ca6c73: start RPC server
2019-06-12 17:33:49,472 INFO  ozone.MiniOzoneClusterImpl (MiniOzoneClusterImpl.java:lambda$waitForClusterToBeReady$0(142)) - Waiting for cluster to be ready. Got 0 of 6 DN Heartbeats.
2019-06-12 17:33:49,527 INFO  server.GrpcService (GrpcService.java:startImpl(148)) - 73d24cc5-fecb-4329-bada-e78623ca6c73: GrpcService started, listening on 0.0.0.0/0.0.0.0:46705
2019-06-12 17:33:49,586 INFO  ozoneimpl.OzoneContainer (OzoneContainer.java:start(186)) - Attempting to start container services.
2019-06-12 17:33:49,587 INFO  ozoneimpl.OzoneContainer (OzoneContainer.java:startContainerScrub(160)) - Background container scrubber has been disabled by hdds.containerscrub.enabled
2019-06-12 17:33:49,587 INFO  ratis.XceiverServerRatis (XceiverServerRatis.java:start(418)) - Starting XceiverServerRatis 5cf782b1-658b-467e-a49e-f1588161afe5 at port 35167
2019-06-12 17:33:49,594 INFO  impl.RaftServerProxy (RaftServerProxy.java:lambda$start$3(299)) - 5cf782b1-658b-467e-a49e-f1588161afe5: start RPC server
2019-06-12 17:33:49,596 INFO  server.GrpcService (GrpcService.java:startImpl(148)) - 5cf782b1-658b-467e-a49e-f1588161afe5: GrpcService started, listening on 0.0.0.0/0.0.0.0:35167
2019-06-12 17:33:49,820 INFO  ozoneimpl.OzoneContainer (OzoneContainer.java:start(186)) - Attempting to start container services.
2019-06-12 17:33:49,822 INFO  ozoneimpl.OzoneContainer (OzoneContainer.java:startContainerScrub(160)) - Background container scrubber has been disabled by hdds.containerscrub.enabled
2019-06-12 17:33:49,822 INFO  ratis.XceiverServerRatis (XceiverServerRatis.java:start(418)) - Starting XceiverServerRatis 9524e640-a7a8-4b96-b85b-0011f2fb0e3b at port 39061
2019-06-12 17:33:49,835 INFO  impl.RaftServerProxy (RaftServerProxy.java:lambda$start$3(299)) - 9524e640-a7a8-4b96-b85b-0011f2fb0e3b: start RPC server
2019-06-12 17:33:49,837 INFO  server.GrpcService (GrpcService.java:startImpl(148)) - 9524e640-a7a8-4b96-b85b-0011f2fb0e3b: GrpcService started, listening on 0.0.0.0/0.0.0.0:39061
2019-06-12 17:33:49,977 INFO  ozoneimpl.OzoneContainer (OzoneContainer.java:start(186)) - Attempting to start container services.
2019-06-12 17:33:49,978 INFO  ozoneimpl.OzoneContainer (OzoneContainer.java:startContainerScrub(160)) - Background container scrubber has been disabled by hdds.containerscrub.enabled
2019-06-12 17:33:49,978 INFO  ratis.XceiverServerRatis (XceiverServerRatis.java:start(418)) - Starting XceiverServerRatis 8e30209c-f984-441c-9672-f15f5e0a166d at port 46651
2019-06-12 17:33:49,987 INFO  impl.RaftServerProxy (RaftServerProxy.java:lambda$start$3(299)) - 8e30209c-f984-441c-9672-f15f5e0a166d: start RPC server
2019-06-12 17:33:49,989 INFO  server.GrpcService (GrpcService.java:startImpl(148)) - 8e30209c-f984-441c-9672-f15f5e0a166d: GrpcService started, listening on 0.0.0.0/0.0.0.0:46651
2019-06-12 17:33:50,200 INFO  ozoneimpl.OzoneContainer (OzoneContainer.java:start(186)) - Attempting to start container services.
2019-06-12 17:33:50,201 INFO  ozoneimpl.OzoneContainer (OzoneContainer.java:startContainerScrub(160)) - Background container scrubber has been disabled by hdds.containerscrub.enabled
2019-06-12 17:33:50,201 INFO  ratis.XceiverServerRatis (XceiverServerRatis.java:start(418)) - Starting XceiverServerRatis a9270d75-2aea-432d-a2fd-e9fe1f4cc6aa at port 41817
2019-06-12 17:33:50,205 INFO  impl.RaftServerProxy (RaftServerProxy.java:lambda$start$3(299)) - a9270d75-2aea-432d-a2fd-e9fe1f4cc6aa: start RPC server
2019-06-12 17:33:50,207 INFO  server.GrpcService (GrpcService.java:startImpl(148)) - a9270d75-2aea-432d-a2fd-e9fe1f4cc6aa: GrpcService started, listening on 0.0.0.0/0.0.0.0:41817
2019-06-12 17:33:50,472 INFO  ozone.MiniOzoneClusterImpl (MiniOzoneClusterImpl.java:lambda$waitForClusterToBeReady$0(142)) - Waiting for cluster to be ready. Got 0 of 6 DN Heartbeats.
2019-06-12 17:33:50,495 INFO  ozoneimpl.OzoneContainer (OzoneContainer.java:start(186)) - Attempting to start container services.
2019-06-12 17:33:50,496 INFO  ozoneimpl.OzoneContainer (OzoneContainer.java:startContainerScrub(160)) - Background container scrubber has been disabled by hdds.containerscrub.enabled
2019-06-12 17:33:50,496 INFO  ratis.XceiverServerRatis (XceiverServerRatis.java:start(418)) - Starting XceiverServerRatis e34134b6-e429-469b-8543-178770aa2b30 at port 43381
2019-06-12 17:33:50,500 INFO  impl.RaftServerProxy (RaftServerProxy.java:lambda$start$3(299)) - e34134b6-e429-469b-8543-178770aa2b30: start RPC server
2019-06-12 17:33:50,502 INFO  server.GrpcService (GrpcService.java:startImpl(148)) - e34134b6-e429-469b-8543-178770aa2b30: GrpcService started, listening on 0.0.0.0/0.0.0.0:43381
2019-06-12 17:33:51,384 INFO  node.SCMNodeManager (SCMNodeManager.java:register(234)) - Registered Data node : 73d24cc5-fecb-4329-bada-e78623ca6c73{ip: 192.168.11.227, host: ozone-vvb7c-3239282013, networkLocation: /default-rack, certSerialId: null}
2019-06-12 17:33:51,387 INFO  safemode.SCMSafeModeManager (DataNodeSafeModeRule.java:process(71)) - SCM in safe mode. 1 DataNodes registered, 1 required.
2019-06-12 17:33:51,387 INFO  safemode.SCMSafeModeManager (SCMSafeModeManager.java:validateSafeModeExitRules(177)) - ScmSafeModeManager, all rules are successfully validated
2019-06-12 17:33:51,387 INFO  safemode.SCMSafeModeManager (SCMSafeModeManager.java:exitSafeMode(193)) - SCM exiting safe mode.
2019-06-12 17:33:51,472 INFO  ozone.MiniOzoneClusterImpl (MiniOzoneClusterImpl.java:lambda$waitForClusterToBeReady$0(142)) - Waiting for cluster to be ready. Got 1 of 6 DN Heartbeats.
2019-06-12 17:33:51,583 INFO  node.SCMNodeManager (SCMNodeManager.java:register(234)) - Registered Data node : 5cf782b1-658b-467e-a49e-f1588161afe5{ip: 192.168.11.227, host: ozone-vvb7c-3239282013, networkLocation: /default-rack, certSerialId: null}
2019-06-12 17:33:51,704 INFO  impl.RaftServerProxy (RaftServerProxy.java:addNew(89)) - 73d24cc5-fecb-4329-bada-e78623ca6c73: addNew group-9F9B03458062:[73d24cc5-fecb-4329-bada-e78623ca6c73:192.168.11.227:46705] returns group-9F9B03458062:java.util.concurrent.CompletableFuture@38fdfc4f[Not completed]
2019-06-12 17:33:51,709 INFO  impl.RaftServerImpl (RaftServerImpl.java:<init>(91)) - 73d24cc5-fecb-4329-bada-e78623ca6c73: new RaftServerImpl for group-9F9B03458062:[73d24cc5-fecb-4329-bada-e78623ca6c73:192.168.11.227:46705] with ContainerStateMachine:uninitialized
2019-06-12 17:33:51,710 INFO  server.RaftServerConfigKeys (ConfUtils.java:logGet(43)) - raft.server.rpc.timeout.min = 1s (custom)
2019-06-12 17:33:51,711 INFO  server.RaftServerConfigKeys (ConfUtils.java:logGet(43)) - raft.server.rpc.timeout.max = 1200ms (custom)
2019-06-12 17:33:51,711 INFO  server.RaftServerConfigKeys (ConfUtils.java:logGet(43)) - raft.server.rpcslowness.timeout = 10s (custom)
2019-06-12 17:33:51,711 INFO  server.RaftServerConfigKeys (ConfUtils.java:logGet(43)) - raft.server.log.appender.install.snapshot.enabled = true (default)
2019-06-12 17:33:51,716 INFO  impl.RaftServerImpl (ServerState.java:<init>(101)) - 73d24cc5-fecb-4329-bada-e78623ca6c73:group-9F9B03458062 ConfigurationManager, init=-1: [73d24cc5-fecb-4329-bada-e78623ca6c73:192.168.11.227:46705], old=null, confs=<EMPTY_MAP>
2019-06-12 17:33:51,716 INFO  server.RaftServerConfigKeys (ConfUtils.java:logGet(43)) - raft.server.storage.dir = [/opt/src/hadoop-ozone/integration-test/target/test-dir/MiniOzoneClusterImpl-8fe99a3c-4fc4-43e9-9a90-c87831c25f25/datanode-0/data/ratis] (custom)
2019-06-12 17:33:51,720 INFO  storage.RaftStorageDirectory (RaftStorageDirectory.java:analyzeStorage(246)) - The storage directory /opt/src/hadoop-ozone/integration-test/target/test-dir/MiniOzoneClusterImpl-8fe99a3c-4fc4-43e9-9a90-c87831c25f25/datanode-0/data/ratis/dcb04199-2b70-47e3-a4ac-9f9b03458062 does not exist. Creating ...
2019-06-12 17:33:51,725 INFO  storage.RaftStorageDirectory (RaftStorageDirectory.java:tryLock(328)) - Lock on /opt/src/hadoop-ozone/integration-test/target/test-dir/MiniOzoneClusterImpl-8fe99a3c-4fc4-43e9-9a90-c87831c25f25/datanode-0/data/ratis/dcb04199-2b70-47e3-a4ac-9f9b03458062/in_use.lock acquired by nodename 10172@ozone-vvb7c-3239282013
2019-06-12 17:33:51,728 INFO  storage.RaftStorage (RaftStorage.java:format(75)) - Storage directory /opt/src/hadoop-ozone/integration-test/target/test-dir/MiniOzoneClusterImpl-8fe99a3c-4fc4-43e9-9a90-c87831c25f25/datanode-0/data/ratis/dcb04199-2b70-47e3-a4ac-9f9b03458062 has been successfully formatted.
2019-06-12 17:33:51,729 INFO  ratis.ContainerStateMachine (ContainerStateMachine.java:loadSnapshot(199)) - The snapshot info is null.Setting the last applied index to:(t:0, i:~)
2019-06-12 17:33:51,729 INFO  server.RaftServerConfigKeys (ConfUtils.java:logGet(43)) - raft.server.leader.election.timeout = 10s (custom)
2019-06-12 17:33:51,731 INFO  server.RaftServerConfigKeys (ConfUtils.java:logGet(43)) - raft.server.log.use.memory = false (default)
2019-06-12 17:33:51,732 INFO  server.RaftServerConfigKeys (ConfUtils.java:logGet(43)) - raft.server.log.appender.buffer.byte-limit = 33554432 (custom)
2019-06-12 17:33:51,734 INFO  server.RaftServerConfigKeys (ConfUtils.java:logGet(43)) - raft.server.log.segment.size.max = 16384 (custom)
2019-06-12 17:33:51,737 INFO  server.RaftServerConfigKeys (ConfUtils.java:logGet(43)) - raft.server.log.segment.cache.num.max = 2 (custom)
2019-06-12 17:33:51,857 INFO  storage.RaftLogWorker (RaftLogWorker.java:<init>(123)) - new 73d24cc5-fecb-4329-bada-e78623ca6c73-RaftLogWorker for Storage Directory /opt/src/hadoop-ozone/integration-test/target/test-dir/MiniOzoneClusterImpl-8fe99a3c-4fc4-43e9-9a90-c87831c25f25/datanode-0/data/ratis/dcb04199-2b70-47e3-a4ac-9f9b03458062
2019-06-12 17:33:51,861 INFO  server.RaftServerConfigKeys (ConfUtils.java:logGet(43)) - raft.server.log.queue.byte-limit = 2147483647 (custom)
2019-06-12 17:33:51,861 INFO  node.SCMNodeManager (SCMNodeManager.java:register(234)) - Registered Data node : 9524e640-a7a8-4b96-b85b-0011f2fb0e3b{ip: 192.168.11.227, host: ozone-vvb7c-3239282013, networkLocation: /default-rack, certSerialId: null}
2019-06-12 17:33:51,862 INFO  server.RaftServerConfigKeys (ConfUtils.java:logGet(43)) - raft.server.log.queue.element-limit = 1024 (custom)
2019-06-12 17:33:51,864 INFO  server.RaftServerConfigKeys (ConfUtils.java:logGet(43)) - raft.server.log.segment.size.max = 16384 (custom)
2019-06-12 17:33:51,865 INFO  server.RaftServerConfigKeys (ConfUtils.java:logGet(43)) - raft.server.log.preallocated.size = 16384 (custom)
2019-06-12 17:33:51,865 INFO  server.RaftServerConfigKeys (ConfUtils.java:logGet(43)) - raft.server.log.write.buffer.size = 33554432 (custom)
2019-06-12 17:33:51,865 INFO  server.RaftServerConfigKeys (ConfUtils.java:logGet(43)) - raft.server.log.force.sync.num = 128 (default)
2019-06-12 17:33:51,866 INFO  server.RaftServerConfigKeys (ConfUtils.java:logGet(43)) - raft.server.log.statemachine.data.sync = true (default)
2019-06-12 17:33:51,866 INFO  server.RaftServerConfigKeys (ConfUtils.java:logGet(43)) - raft.server.log.statemachine.data.sync.timeout = 10s (default)
2019-06-12 17:33:51,867 INFO  server.RaftServerConfigKeys (ConfUtils.java:logGet(43)) - raft.server.log.statemachine.data.sync.timeout.retry = -1 (default)
2019-06-12 17:33:51,869 INFO  server.RaftServerConfigKeys (ConfUtils.java:logGet(43)) - raft.server.log.statemachine.data.caching.enabled = true (custom)
2019-06-12 17:33:51,874 INFO  server.RaftServerConfigKeys (ConfUtils.java:logGet(43)) - raft.server.snapshot.auto.trigger.enabled = true (custom)
2019-06-12 17:33:51,875 INFO  server.RaftServerConfigKeys (ConfUtils.java:logGet(43)) - raft.server.snapshot.auto.trigger.threshold = 10000 (custom)
2019-06-12 17:33:51,875 INFO  server.RaftServerConfigKeys (ConfUtils.java:logGet(43)) - raft.server.retrycache.expirytime = 600000ms (custom)
2019-06-12 17:33:51,889 INFO  impl.RaftServerImpl (RaftServerImpl.java:start(173)) - 73d24cc5-fecb-4329-bada-e78623ca6c73: start group-9F9B03458062
2019-06-12 17:33:51,890 INFO  impl.RaftServerImpl (RaftServerImpl.java:setRole(164)) - 73d24cc5-fecb-4329-bada-e78623ca6c73:group-9F9B03458062 changes role from null to FOLLOWER at term 0 for startAsFollower
2019-06-12 17:33:51,891 INFO  impl.RoleInfo (RoleInfo.java:updateAndGet(143)) - 73d24cc5-fecb-4329-bada-e78623ca6c73: start FollowerState
2019-06-12 17:33:51,892 INFO  util.JmxRegister (JmxRegister.java:tryRegister(44)) - Successfully registered JMX Bean with object name Ratis:service=RaftServer,group=group-9F9B03458062,id=73d24cc5-fecb-4329-bada-e78623ca6c73
2019-06-12 17:33:51,928 INFO  pipeline.PipelineStateManager (PipelineStateManager.java:addPipeline(56)) - Created pipeline Pipeline[ Id: dcb04199-2b70-47e3-a4ac-9f9b03458062, Nodes: 73d24cc5-fecb-4329-bada-e78623ca6c73{ip: 192.168.11.227, host: ozone-vvb7c-3239282013, networkLocation: /default-rack, certSerialId: null}, Type:RATIS, Factor:ONE, State:OPEN]
2019-06-12 17:33:51,944 INFO  impl.RaftServerProxy (RaftServerProxy.java:addNew(89)) - 9524e640-a7a8-4b96-b85b-0011f2fb0e3b: addNew group-C8829829359F:[9524e640-a7a8-4b96-b85b-0011f2fb0e3b:192.168.11.227:39061] returns group-C8829829359F:java.util.concurrent.CompletableFuture@4274550e[Not completed]
2019-06-12 17:33:51,945 INFO  impl.RaftServerImpl (RaftServerImpl.java:<init>(91)) - 9524e640-a7a8-4b96-b85b-0011f2fb0e3b: new RaftServerImpl for group-C8829829359F:[9524e640-a7a8-4b96-b85b-0011f2fb0e3b:192.168.11.227:39061] with ContainerStateMachine:uninitialized
2019-06-12 17:33:51,946 INFO  server.RaftServerConfigKeys (ConfUtils.java:logGet(43)) - raft.server.rpc.timeout.min = 1s (custom)
2019-06-12 17:33:51,946 INFO  server.RaftServerConfigKeys (ConfUtils.java:logGet(43)) - raft.server.rpc.timeout.max = 1200ms (custom)
2019-06-12 17:33:51,946 INFO  server.RaftServerConfigKeys (ConfUtils.java:logGet(43)) - raft.server.rpcslowness.timeout = 10s (custom)
2019-06-12 17:33:51,946 INFO  server.RaftServerConfigKeys (ConfUtils.java:logGet(43)) - raft.server.log.appender.install.snapshot.enabled = true (default)
2019-06-12 17:33:51,946 INFO  impl.RaftServerImpl (ServerState.java:<init>(101)) - 9524e640-a7a8-4b96-b85b-0011f2fb0e3b:group-C8829829359F ConfigurationManager, init=-1: [9524e640-a7a8-4b96-b85b-0011f2fb0e3b:192.168.11.227:39061], old=null, confs=<EMPTY_MAP>
2019-06-12 17:33:51,946 INFO  server.RaftServerConfigKeys (ConfUtils.java:logGet(43)) - raft.server.storage.dir = [/opt/src/hadoop-ozone/integration-test/target/test-dir/MiniOzoneClusterImpl-8fe99a3c-4fc4-43e9-9a90-c87831c25f25/datanode-2/data/ratis] (custom)
2019-06-12 17:33:51,947 INFO  storage.RaftStorageDirectory (RaftStorageDirectory.java:analyzeStorage(246)) - The storage directory /opt/src/hadoop-ozone/integration-test/target/test-dir/MiniOzoneClusterImpl-8fe99a3c-4fc4-43e9-9a90-c87831c25f25/datanode-2/data/ratis/d6ab708f-d38f-4b26-8358-c8829829359f does not exist. Creating ...
2019-06-12 17:33:51,949 INFO  storage.RaftStorageDirectory (RaftStorageDirectory.java:tryLock(328)) - Lock on /opt/src/hadoop-ozone/integration-test/target/test-dir/MiniOzoneClusterImpl-8fe99a3c-4fc4-43e9-9a90-c87831c25f25/datanode-2/data/ratis/d6ab708f-d38f-4b26-8358-c8829829359f/in_use.lock acquired by nodename 10172@ozone-vvb7c-3239282013
2019-06-12 17:33:51,951 INFO  storage.RaftStorage (RaftStorage.java:format(75)) - Storage directory /opt/src/hadoop-ozone/integration-test/target/test-dir/MiniOzoneClusterImpl-8fe99a3c-4fc4-43e9-9a90-c87831c25f25/datanode-2/data/ratis/d6ab708f-d38f-4b26-8358-c8829829359f has been successfully formatted.
2019-06-12 17:33:51,951 INFO  ratis.ContainerStateMachine (ContainerStateMachine.java:loadSnapshot(199)) - The snapshot info is null.Setting the last applied index to:(t:0, i:~)
2019-06-12 17:33:51,951 INFO  server.RaftServerConfigKeys (ConfUtils.java:logGet(43)) - raft.server.leader.election.timeout = 10s (custom)
2019-06-12 17:33:51,952 INFO  server.RaftServerConfigKeys (ConfUtils.java:logGet(43)) - raft.server.log.use.memory = false (default)
2019-06-12 17:33:51,952 INFO  server.RaftServerConfigKeys (ConfUtils.java:logGet(43)) - raft.server.log.appender.buffer.byte-limit = 33554432 (custom)
2019-06-12 17:33:51,952 INFO  server.RaftServerConfigKeys (ConfUtils.java:logGet(43)) - raft.server.log.segment.size.max = 16384 (custom)
2019-06-12 17:33:51,952 INFO  server.RaftServerConfigKeys (ConfUtils.java:logGet(43)) - raft.server.log.segment.cache.num.max = 2 (custom)
2019-06-12 17:33:51,952 INFO  storage.RaftLogWorker (RaftLogWorker.java:<init>(123)) - new 9524e640-a7a8-4b96-b85b-0011f2fb0e3b-RaftLogWorker for Storage Directory /opt/src/hadoop-ozone/integration-test/target/test-dir/MiniOzoneClusterImpl-8fe99a3c-4fc4-43e9-9a90-c87831c25f25/datanode-2/data/ratis/d6ab708f-d38f-4b26-8358-c8829829359f
2019-06-12 17:33:51,953 INFO  server.RaftServerConfigKeys (ConfUtils.java:logGet(43)) - raft.server.log.queue.byte-limit = 2147483647 (custom)
2019-06-12 17:33:51,953 INFO  server.RaftServerConfigKeys (ConfUtils.java:logGet(43)) - raft.server.log.queue.element-limit = 1024 (custom)
2019-06-12 17:33:51,953 INFO  server.RaftServerConfigKeys (ConfUtils.java:logGet(43)) - raft.server.log.segment.size.max = 16384 (custom)
2019-06-12 17:33:51,953 INFO  server.RaftServerConfigKeys (ConfUtils.java:logGet(43)) - raft.server.log.preallocated.size = 16384 (custom)
2019-06-12 17:33:51,953 INFO  server.RaftServerConfigKeys (ConfUtils.java:logGet(43)) - raft.server.log.write.buffer.size = 33554432 (custom)
2019-06-12 17:33:51,953 INFO  server.RaftServerConfigKeys (ConfUtils.java:logGet(43)) - raft.server.log.force.sync.num = 128 (default)
2019-06-12 17:33:51,953 INFO  server.RaftServerConfigKeys (ConfUtils.java:logGet(43)) - raft.server.log.statemachine.data.sync = true (default)
2019-06-12 17:33:51,953 INFO  server.RaftServerConfigKeys (ConfUtils.java:logGet(43)) - raft.server.log.statemachine.data.sync.timeout = 10s (default)
2019-06-12 17:33:51,953 INFO  server.RaftServerConfigKeys (ConfUtils.java:logGet(43)) - raft.server.log.statemachine.data.sync.timeout.retry = -1 (default)
2019-06-12 17:33:51,954 INFO  server.RaftServerConfigKeys (ConfUtils.java:logGet(43)) - raft.server.log.statemachine.data.caching.enabled = true (custom)
2019-06-12 17:33:51,954 INFO  server.RaftServerConfigKeys (ConfUtils.java:logGet(43)) - raft.server.snapshot.auto.trigger.enabled = true (custom)
2019-06-12 17:33:51,954 INFO  server.RaftServerConfigKeys (ConfUtils.java:logGet(43)) - raft.server.snapshot.auto.trigger.threshold = 10000 (custom)
2019-06-12 17:33:51,954 INFO  server.RaftServerConfigKeys (ConfUtils.java:logGet(43)) - raft.server.retrycache.expirytime = 600000ms (custom)
2019-06-12 17:33:51,954 INFO  impl.RaftServerImpl (RaftServerImpl.java:start(173)) - 9524e640-a7a8-4b96-b85b-0011f2fb0e3b: start group-C8829829359F
2019-06-12 17:33:51,955 INFO  impl.RaftServerImpl (RaftServerImpl.java:setRole(164)) - 9524e640-a7a8-4b96-b85b-0011f2fb0e3b:group-C8829829359F changes role from null to FOLLOWER at term 0 for startAsFollower
2019-06-12 17:33:51,955 INFO  impl.RoleInfo (RoleInfo.java:updateAndGet(143)) - 9524e640-a7a8-4b96-b85b-0011f2fb0e3b: start FollowerState
2019-06-12 17:33:51,956 INFO  util.JmxRegister (JmxRegister.java:tryRegister(44)) - Successfully registered JMX Bean with object name Ratis:service=RaftServer,group=group-C8829829359F,id=9524e640-a7a8-4b96-b85b-0011f2fb0e3b
2019-06-12 17:33:51,965 INFO  pipeline.PipelineStateManager (PipelineStateManager.java:addPipeline(56)) - Created pipeline Pipeline[ Id: d6ab708f-d38f-4b26-8358-c8829829359f, Nodes: 9524e640-a7a8-4b96-b85b-0011f2fb0e3b{ip: 192.168.11.227, host: ozone-vvb7c-3239282013, networkLocation: /default-rack, certSerialId: null}, Type:RATIS, Factor:ONE, State:OPEN]
2019-06-12 17:33:51,974 INFO  node.SCMNodeManager (SCMNodeManager.java:register(234)) - Registered Data node : 8e30209c-f984-441c-9672-f15f5e0a166d{ip: 192.168.11.227, host: ozone-vvb7c-3239282013, networkLocation: /default-rack, certSerialId: null}
2019-06-12 17:33:51,978 INFO  impl.RaftServerProxy (RaftServerProxy.java:addNew(89)) - 5cf782b1-658b-467e-a49e-f1588161afe5: addNew group-05EAC30265C3:[5cf782b1-658b-467e-a49e-f1588161afe5:192.168.11.227:35167] returns group-05EAC30265C3:java.util.concurrent.CompletableFuture@75c514d[Not completed]
2019-06-12 17:33:52,002 INFO  impl.RaftServerImpl (RaftServerImpl.java:<init>(91)) - 5cf782b1-658b-467e-a49e-f1588161afe5: new RaftServerImpl for group-05EAC30265C3:[5cf782b1-658b-467e-a49e-f1588161afe5:192.168.11.227:35167] with ContainerStateMachine:uninitialized
2019-06-12 17:33:52,002 INFO  server.RaftServerConfigKeys (ConfUtils.java:logGet(43)) - raft.server.rpc.timeout.min = 1s (custom)
2019-06-12 17:33:52,002 INFO  server.RaftServerConfigKeys (ConfUtils.java:logGet(43)) - raft.server.rpc.timeout.max = 1200ms (custom)
2019-06-12 17:33:52,002 INFO  server.RaftServerConfigKeys (ConfUtils.java:logGet(43)) - raft.server.rpcslowness.timeout = 10s (custom)
2019-06-12 17:33:52,002 INFO  server.RaftServerConfigKeys (ConfUtils.java:logGet(43)) - raft.server.log.appender.install.snapshot.enabled = true (default)
2019-06-12 17:33:52,002 INFO  impl.RaftServerImpl (ServerState.java:<init>(101)) - 5cf782b1-658b-467e-a49e-f1588161afe5:group-05EAC30265C3 ConfigurationManager, init=-1: [5cf782b1-658b-467e-a49e-f1588161afe5:192.168.11.227:35167], old=null, confs=<EMPTY_MAP>
2019-06-12 17:33:52,002 INFO  server.RaftServerConfigKeys (ConfUtils.java:logGet(43)) - raft.server.storage.dir = [/opt/src/hadoop-ozone/integration-test/target/test-dir/MiniOzoneClusterImpl-8fe99a3c-4fc4-43e9-9a90-c87831c25f25/datanode-1/data/ratis] (custom)
2019-06-12 17:33:52,003 INFO  storage.RaftStorageDirectory (RaftStorageDirectory.java:analyzeStorage(246)) - The storage directory /opt/src/hadoop-ozone/integration-test/target/test-dir/MiniOzoneClusterImpl-8fe99a3c-4fc4-43e9-9a90-c87831c25f25/datanode-1/data/ratis/720eb7d6-1690-4035-88ff-05eac30265c3 does not exist. Creating ...
2019-06-12 17:33:52,006 INFO  storage.RaftStorageDirectory (RaftStorageDirectory.java:tryLock(328)) - Lock on /opt/src/hadoop-ozone/integration-test/target/test-dir/MiniOzoneClusterImpl-8fe99a3c-4fc4-43e9-9a90-c87831c25f25/datanode-1/data/ratis/720eb7d6-1690-4035-88ff-05eac30265c3/in_use.lock acquired by nodename 10172@ozone-vvb7c-3239282013
2019-06-12 17:33:52,008 INFO  storage.RaftStorage (RaftStorage.java:format(75)) - Storage directory /opt/src/hadoop-ozone/integration-test/target/test-dir/MiniOzoneClusterImpl-8fe99a3c-4fc4-43e9-9a90-c87831c25f25/datanode-1/data/ratis/720eb7d6-1690-4035-88ff-05eac30265c3 has been successfully formatted.
2019-06-12 17:33:52,008 INFO  ratis.ContainerStateMachine (ContainerStateMachine.java:loadSnapshot(199)) - The snapshot info is null.Setting the last applied index to:(t:0, i:~)
2019-06-12 17:33:52,009 INFO  server.RaftServerConfigKeys (ConfUtils.java:logGet(43)) - raft.server.leader.election.timeout = 10s (custom)
2019-06-12 17:33:52,009 INFO  server.RaftServerConfigKeys (ConfUtils.java:logGet(43)) - raft.server.log.use.memory = false (default)
2019-06-12 17:33:52,009 INFO  server.RaftServerConfigKeys (ConfUtils.java:logGet(43)) - raft.server.log.appender.buffer.byte-limit = 33554432 (custom)
2019-06-12 17:33:52,009 INFO  server.RaftServerConfigKeys (ConfUtils.java:logGet(43)) - raft.server.log.segment.size.max = 16384 (custom)
2019-06-12 17:33:52,010 INFO  server.RaftServerConfigKeys (ConfUtils.java:logGet(43)) - raft.server.log.segment.cache.num.max = 2 (custom)
2019-06-12 17:33:52,010 INFO  storage.RaftLogWorker (RaftLogWorker.java:<init>(123)) - new 5cf782b1-658b-467e-a49e-f1588161afe5-RaftLogWorker for Storage Directory /opt/src/hadoop-ozone/integration-test/target/test-dir/MiniOzoneClusterImpl-8fe99a3c-4fc4-43e9-9a90-c87831c25f25/datanode-1/data/ratis/720eb7d6-1690-4035-88ff-05eac30265c3
2019-06-12 17:33:52,010 INFO  server.RaftServerConfigKeys (ConfUtils.java:logGet(43)) - raft.server.log.queue.byte-limit = 2147483647 (custom)
2019-06-12 17:33:52,010 INFO  server.RaftServerConfigKeys (ConfUtils.java:logGet(43)) - raft.server.log.queue.element-limit = 1024 (custom)
2019-06-12 17:33:52,010 INFO  server.RaftServerConfigKeys (ConfUtils.java:logGet(43)) - raft.server.log.segment.size.max = 16384 (custom)
2019-06-12 17:33:52,010 INFO  server.RaftServerConfigKeys (ConfUtils.java:logGet(43)) - raft.server.log.preallocated.size = 16384 (custom)
2019-06-12 17:33:52,010 INFO  server.RaftServerConfigKeys (ConfUtils.java:logGet(43)) - raft.server.log.write.buffer.size = 33554432 (custom)
2019-06-12 17:33:52,010 INFO  server.RaftServerConfigKeys (ConfUtils.java:logGet(43)) - raft.server.log.force.sync.num = 128 (default)
2019-06-12 17:33:52,010 INFO  server.RaftServerConfigKeys (ConfUtils.java:logGet(43)) - raft.server.log.statemachine.data.sync = true (default)
2019-06-12 17:33:52,011 INFO  server.RaftServerConfigKeys (ConfUtils.java:logGet(43)) - raft.server.log.statemachine.data.sync.timeout = 10s (default)
2019-06-12 17:33:52,011 INFO  server.RaftServerConfigKeys (ConfUtils.java:logGet(43)) - raft.server.log.statemachine.data.sync.timeout.retry = -1 (default)
2019-06-12 17:33:52,011 INFO  server.RaftServerConfigKeys (ConfUtils.java:logGet(43)) - raft.server.log.statemachine.data.caching.enabled = true (custom)
2019-06-12 17:33:52,011 INFO  server.RaftServerConfigKeys (ConfUtils.java:logGet(43)) - raft.server.snapshot.auto.trigger.enabled = true (custom)
2019-06-12 17:33:52,011 INFO  server.RaftServerConfigKeys (ConfUtils.java:logGet(43)) - raft.server.snapshot.auto.trigger.threshold = 10000 (custom)
2019-06-12 17:33:52,012 INFO  server.RaftServerConfigKeys (ConfUtils.java:logGet(43)) - raft.server.retrycache.expirytime = 600000ms (custom)
2019-06-12 17:33:52,012 INFO  impl.RaftServerImpl (RaftServerImpl.java:start(173)) - 5cf782b1-658b-467e-a49e-f1588161afe5: start group-05EAC30265C3
2019-06-12 17:33:52,012 INFO  impl.RaftServerImpl (RaftServerImpl.java:setRole(164)) - 5cf782b1-658b-467e-a49e-f1588161afe5:group-05EAC30265C3 changes role from null to FOLLOWER at term 0 for startAsFollower
2019-06-12 17:33:52,012 INFO  impl.RoleInfo (RoleInfo.java:updateAndGet(143)) - 5cf782b1-658b-467e-a49e-f1588161afe5: start FollowerState
2019-06-12 17:33:52,012 INFO  util.JmxRegister (JmxRegister.java:tryRegister(44)) - Successfully registered JMX Bean with object name Ratis:service=RaftServer,group=group-05EAC30265C3,id=5cf782b1-658b-467e-a49e-f1588161afe5
2019-06-12 17:33:52,019 INFO  pipeline.PipelineStateManager (PipelineStateManager.java:addPipeline(56)) - Created pipeline Pipeline[ Id: 720eb7d6-1690-4035-88ff-05eac30265c3, Nodes: 5cf782b1-658b-467e-a49e-f1588161afe5{ip: 192.168.11.227, host: ozone-vvb7c-3239282013, networkLocation: /default-rack, certSerialId: null}, Type:RATIS, Factor:ONE, State:OPEN]
2019-06-12 17:33:52,035 INFO  impl.RaftServerProxy (RaftServerProxy.java:addNew(89)) - 8e30209c-f984-441c-9672-f15f5e0a166d: addNew group-97F4EE4F25ED:[8e30209c-f984-441c-9672-f15f5e0a166d:192.168.11.227:46651] returns group-97F4EE4F25ED:java.util.concurrent.CompletableFuture@1b96d134[Not completed]
2019-06-12 17:33:52,039 INFO  impl.RaftServerImpl (RaftServerImpl.java:<init>(91)) - 8e30209c-f984-441c-9672-f15f5e0a166d: new RaftServerImpl for group-97F4EE4F25ED:[8e30209c-f984-441c-9672-f15f5e0a166d:192.168.11.227:46651] with ContainerStateMachine:uninitialized
2019-06-12 17:33:52,039 INFO  server.RaftServerConfigKeys (ConfUtils.java:logGet(43)) - raft.server.rpc.timeout.min = 1s (custom)
2019-06-12 17:33:52,039 INFO  server.RaftServerConfigKeys (ConfUtils.java:logGet(43)) - raft.server.rpc.timeout.max = 1200ms (custom)
2019-06-12 17:33:52,040 INFO  server.RaftServerConfigKeys (ConfUtils.java:logGet(43)) - raft.server.rpcslowness.timeout = 10s (custom)
2019-06-12 17:33:52,040 INFO  server.RaftServerConfigKeys (ConfUtils.java:logGet(43)) - raft.server.log.appender.install.snapshot.enabled = true (default)
2019-06-12 17:33:52,040 INFO  impl.RaftServerImpl (ServerState.java:<init>(101)) - 8e30209c-f984-441c-9672-f15f5e0a166d:group-97F4EE4F25ED ConfigurationManager, init=-1: [8e30209c-f984-441c-9672-f15f5e0a166d:192.168.11.227:46651], old=null, confs=<EMPTY_MAP>
2019-06-12 17:33:52,040 INFO  server.RaftServerConfigKeys (ConfUtils.java:logGet(43)) - raft.server.storage.dir = [/opt/src/hadoop-ozone/integration-test/target/test-dir/MiniOzoneClusterImpl-8fe99a3c-4fc4-43e9-9a90-c87831c25f25/datanode-3/data/ratis] (custom)
2019-06-12 17:33:52,040 INFO  storage.RaftStorageDirectory (RaftStorageDirectory.java:analyzeStorage(246)) - The storage directory /opt/src/hadoop-ozone/integration-test/target/test-dir/MiniOzoneClusterImpl-8fe99a3c-4fc4-43e9-9a90-c87831c25f25/datanode-3/data/ratis/3ddc509c-a922-49b3-b4bd-97f4ee4f25ed does not exist. Creating ...
2019-06-12 17:33:52,043 INFO  storage.RaftStorageDirectory (RaftStorageDirectory.java:tryLock(328)) - Lock on /opt/src/hadoop-ozone/integration-test/target/test-dir/MiniOzoneClusterImpl-8fe99a3c-4fc4-43e9-9a90-c87831c25f25/datanode-3/data/ratis/3ddc509c-a922-49b3-b4bd-97f4ee4f25ed/in_use.lock acquired by nodename 10172@ozone-vvb7c-3239282013
2019-06-12 17:33:52,045 INFO  storage.RaftStorage (RaftStorage.java:format(75)) - Storage directory /opt/src/hadoop-ozone/integration-test/target/test-dir/MiniOzoneClusterImpl-8fe99a3c-4fc4-43e9-9a90-c87831c25f25/datanode-3/data/ratis/3ddc509c-a922-49b3-b4bd-97f4ee4f25ed has been successfully formatted.
2019-06-12 17:33:52,045 INFO  ratis.ContainerStateMachine (ContainerStateMachine.java:loadSnapshot(199)) - The snapshot info is null.Setting the last applied index to:(t:0, i:~)
2019-06-12 17:33:52,045 INFO  server.RaftServerConfigKeys (ConfUtils.java:logGet(43)) - raft.server.leader.election.timeout = 10s (custom)
2019-06-12 17:33:52,045 INFO  server.RaftServerConfigKeys (ConfUtils.java:logGet(43)) - raft.server.log.use.memory = false (default)
2019-06-12 17:33:52,045 INFO  server.RaftServerConfigKeys (ConfUtils.java:logGet(43)) - raft.server.log.appender.buffer.byte-limit = 33554432 (custom)
2019-06-12 17:33:52,045 INFO  server.RaftServerConfigKeys (ConfUtils.java:logGet(43)) - raft.server.log.segment.size.max = 16384 (custom)
2019-06-12 17:33:52,045 INFO  server.RaftServerConfigKeys (ConfUtils.java:logGet(43)) - raft.server.log.segment.cache.num.max = 2 (custom)
2019-06-12 17:33:52,045 INFO  storage.RaftLogWorker (RaftLogWorker.java:<init>(123)) - new 8e30209c-f984-441c-9672-f15f5e0a166d-RaftLogWorker for Storage Directory /opt/src/hadoop-ozone/integration-test/target/test-dir/MiniOzoneClusterImpl-8fe99a3c-4fc4-43e9-9a90-c87831c25f25/datanode-3/data/ratis/3ddc509c-a922-49b3-b4bd-97f4ee4f25ed
2019-06-12 17:33:52,046 INFO  server.RaftServerConfigKeys (ConfUtils.java:logGet(43)) - raft.server.log.queue.byte-limit = 2147483647 (custom)
2019-06-12 17:33:52,046 INFO  server.RaftServerConfigKeys (ConfUtils.java:logGet(43)) - raft.server.log.queue.element-limit = 1024 (custom)
2019-06-12 17:33:52,046 INFO  server.RaftServerConfigKeys (ConfUtils.java:logGet(43)) - raft.server.log.segment.size.max = 16384 (custom)
2019-06-12 17:33:52,046 INFO  server.RaftServerConfigKeys (ConfUtils.java:logGet(43)) - raft.server.log.preallocated.size = 16384 (custom)
2019-06-12 17:33:52,046 INFO  server.RaftServerConfigKeys (ConfUtils.java:logGet(43)) - raft.server.log.write.buffer.size = 33554432 (custom)
2019-06-12 17:33:52,046 INFO  server.RaftServerConfigKeys (ConfUtils.java:logGet(43)) - raft.server.log.force.sync.num = 128 (default)
2019-06-12 17:33:52,046 INFO  server.RaftServerConfigKeys (ConfUtils.java:logGet(43)) - raft.server.log.statemachine.data.sync = true (default)
2019-06-12 17:33:52,046 INFO  server.RaftServerConfigKeys (ConfUtils.java:logGet(43)) - raft.server.log.statemachine.data.sync.timeout = 10s (default)
2019-06-12 17:33:52,046 INFO  server.RaftServerConfigKeys (ConfUtils.java:logGet(43)) - raft.server.log.statemachine.data.sync.timeout.retry = -1 (default)
2019-06-12 17:33:52,046 INFO  server.RaftServerConfigKeys (ConfUtils.java:logGet(43)) - raft.server.log.statemachine.data.caching.enabled = true (custom)
2019-06-12 17:33:52,047 INFO  server.RaftServerConfigKeys (ConfUtils.java:logGet(43)) - raft.server.snapshot.auto.trigger.enabled = true (custom)
2019-06-12 17:33:52,047 INFO  server.RaftServerConfigKeys (ConfUtils.java:logGet(43)) - raft.server.snapshot.auto.trigger.threshold = 10000 (custom)
2019-06-12 17:33:52,047 INFO  server.RaftServerConfigKeys (ConfUtils.java:logGet(43)) - raft.server.retrycache.expirytime = 600000ms (custom)
2019-06-12 17:33:52,047 INFO  impl.RaftServerImpl (RaftServerImpl.java:start(173)) - 8e30209c-f984-441c-9672-f15f5e0a166d: start group-97F4EE4F25ED
2019-06-12 17:33:52,047 INFO  impl.RaftServerImpl (RaftServerImpl.java:setRole(164)) - 8e30209c-f984-441c-9672-f15f5e0a166d:group-97F4EE4F25ED changes role from null to FOLLOWER at term 0 for startAsFollower
2019-06-12 17:33:52,047 INFO  impl.RoleInfo (RoleInfo.java:updateAndGet(143)) - 8e30209c-f984-441c-9672-f15f5e0a166d: start FollowerState
2019-06-12 17:33:52,048 INFO  util.JmxRegister (JmxRegister.java:tryRegister(44)) - Successfully registered JMX Bean with object name Ratis:service=RaftServer,group=group-97F4EE4F25ED,id=8e30209c-f984-441c-9672-f15f5e0a166d
2019-06-12 17:33:52,057 INFO  pipeline.PipelineStateManager (PipelineStateManager.java:addPipeline(56)) - Created pipeline Pipeline[ Id: 3ddc509c-a922-49b3-b4bd-97f4ee4f25ed, Nodes: 8e30209c-f984-441c-9672-f15f5e0a166d{ip: 192.168.11.227, host: ozone-vvb7c-3239282013, networkLocation: /default-rack, certSerialId: null}, Type:RATIS, Factor:ONE, State:OPEN]
2019-06-12 17:33:52,084 INFO  impl.RaftServerProxy (RaftServerProxy.java:addNew(89)) - 73d24cc5-fecb-4329-bada-e78623ca6c73: addNew group-757CCF27E307:[9524e640-a7a8-4b96-b85b-0011f2fb0e3b:192.168.11.227:39061, 5cf782b1-658b-467e-a49e-f1588161afe5:192.168.11.227:35167, 73d24cc5-fecb-4329-bada-e78623ca6c73:192.168.11.227:46705] returns group-757CCF27E307:java.util.concurrent.CompletableFuture@7a9bdd01[Not completed]
2019-06-12 17:33:52,085 INFO  impl.RaftServerImpl (RaftServerImpl.java:<init>(91)) - 73d24cc5-fecb-4329-bada-e78623ca6c73: new RaftServerImpl for group-757CCF27E307:[9524e640-a7a8-4b96-b85b-0011f2fb0e3b:192.168.11.227:39061, 5cf782b1-658b-467e-a49e-f1588161afe5:192.168.11.227:35167, 73d24cc5-fecb-4329-bada-e78623ca6c73:192.168.11.227:46705] with ContainerStateMachine:uninitialized
2019-06-12 17:33:52,085 INFO  server.RaftServerConfigKeys (ConfUtils.java:logGet(43)) - raft.server.rpc.timeout.min = 1s (custom)
2019-06-12 17:33:52,085 INFO  server.RaftServerConfigKeys (ConfUtils.java:logGet(43)) - raft.server.rpc.timeout.max = 1200ms (custom)
2019-06-12 17:33:52,085 INFO  server.RaftServerConfigKeys (ConfUtils.java:logGet(43)) - raft.server.rpcslowness.timeout = 10s (custom)
2019-06-12 17:33:52,085 INFO  impl.RaftServerProxy (RaftServerProxy.java:addNew(89)) - 9524e640-a7a8-4b96-b85b-0011f2fb0e3b: addNew group-757CCF27E307:[9524e640-a7a8-4b96-b85b-0011f2fb0e3b:192.168.11.227:39061, 5cf782b1-658b-467e-a49e-f1588161afe5:192.168.11.227:35167, 73d24cc5-fecb-4329-bada-e78623ca6c73:192.168.11.227:46705] returns group-757CCF27E307:java.util.concurrent.CompletableFuture@7ea4568a[Not completed]
2019-06-12 17:33:52,086 INFO  impl.RaftServerImpl (RaftServerImpl.java:<init>(91)) - 9524e640-a7a8-4b96-b85b-0011f2fb0e3b: new RaftServerImpl for group-757CCF27E307:[9524e640-a7a8-4b96-b85b-0011f2fb0e3b:192.168.11.227:39061, 5cf782b1-658b-467e-a49e-f1588161afe5:192.168.11.227:35167, 73d24cc5-fecb-4329-bada-e78623ca6c73:192.168.11.227:46705] with ContainerStateMachine:uninitialized
2019-06-12 17:33:52,086 INFO  server.RaftServerConfigKeys (ConfUtils.java:logGet(43)) - raft.server.rpc.timeout.min = 1s (custom)
2019-06-12 17:33:52,086 INFO  server.RaftServerConfigKeys (ConfUtils.java:logGet(43)) - raft.server.rpc.timeout.max = 1200ms (custom)
2019-06-12 17:33:52,086 INFO  server.RaftServerConfigKeys (ConfUtils.java:logGet(43)) - raft.server.rpcslowness.timeout = 10s (custom)
2019-06-12 17:33:52,086 INFO  server.RaftServerConfigKeys (ConfUtils.java:logGet(43)) - raft.server.log.appender.install.snapshot.enabled = true (default)
2019-06-12 17:33:52,085 INFO  server.RaftServerConfigKeys (ConfUtils.java:logGet(43)) - raft.server.log.appender.install.snapshot.enabled = true (default)
2019-06-12 17:33:52,087 INFO  impl.RaftServerImpl (ServerState.java:<init>(101)) - 73d24cc5-fecb-4329-bada-e78623ca6c73:group-757CCF27E307 ConfigurationManager, init=-1: [9524e640-a7a8-4b96-b85b-0011f2fb0e3b:192.168.11.227:39061, 5cf782b1-658b-467e-a49e-f1588161afe5:192.168.11.227:35167, 73d24cc5-fecb-4329-bada-e78623ca6c73:192.168.11.227:46705], old=null, confs=<EMPTY_MAP>
2019-06-12 17:33:52,087 INFO  impl.RaftServerImpl (ServerState.java:<init>(101)) - 9524e640-a7a8-4b96-b85b-0011f2fb0e3b:group-757CCF27E307 ConfigurationManager, init=-1: [9524e640-a7a8-4b96-b85b-0011f2fb0e3b:192.168.11.227:39061, 5cf782b1-658b-467e-a49e-f1588161afe5:192.168.11.227:35167, 73d24cc5-fecb-4329-bada-e78623ca6c73:192.168.11.227:46705], old=null, confs=<EMPTY_MAP>
2019-06-12 17:33:52,088 INFO  server.RaftServerConfigKeys (ConfUtils.java:logGet(43)) - raft.server.storage.dir = [/opt/src/hadoop-ozone/integration-test/target/test-dir/MiniOzoneClusterImpl-8fe99a3c-4fc4-43e9-9a90-c87831c25f25/datanode-0/data/ratis] (custom)
2019-06-12 17:33:52,088 INFO  server.RaftServerConfigKeys (ConfUtils.java:logGet(43)) - raft.server.storage.dir = [/opt/src/hadoop-ozone/integration-test/target/test-dir/MiniOzoneClusterImpl-8fe99a3c-4fc4-43e9-9a90-c87831c25f25/datanode-2/data/ratis] (custom)
2019-06-12 17:33:52,088 INFO  storage.RaftStorageDirectory (RaftStorageDirectory.java:analyzeStorage(246)) - The storage directory /opt/src/hadoop-ozone/integration-test/target/test-dir/MiniOzoneClusterImpl-8fe99a3c-4fc4-43e9-9a90-c87831c25f25/datanode-2/data/ratis/4045e171-95c0-48ca-8125-757ccf27e307 does not exist. Creating ...
2019-06-12 17:33:52,089 INFO  impl.RaftServerProxy (RaftServerProxy.java:addNew(89)) - 5cf782b1-658b-467e-a49e-f1588161afe5: addNew group-757CCF27E307:[9524e640-a7a8-4b96-b85b-0011f2fb0e3b:192.168.11.227:39061, 5cf782b1-658b-467e-a49e-f1588161afe5:192.168.11.227:35167, 73d24cc5-fecb-4329-bada-e78623ca6c73:192.168.11.227:46705] returns group-757CCF27E307:java.util.concurrent.CompletableFuture@3ba6d73a[Not completed]
2019-06-12 17:33:52,088 INFO  storage.RaftStorageDirectory (RaftStorageDirectory.java:analyzeStorage(246)) - The storage directory /opt/src/hadoop-ozone/integration-test/target/test-dir/MiniOzoneClusterImpl-8fe99a3c-4fc4-43e9-9a90-c87831c25f25/datanode-0/data/ratis/4045e171-95c0-48ca-8125-757ccf27e307 does not exist. Creating ...
2019-06-12 17:33:52,089 INFO  impl.RaftServerImpl (RaftServerImpl.java:<init>(91)) - 5cf782b1-658b-467e-a49e-f1588161afe5: new RaftServerImpl for group-757CCF27E307:[9524e640-a7a8-4b96-b85b-0011f2fb0e3b:192.168.11.227:39061, 5cf782b1-658b-467e-a49e-f1588161afe5:192.168.11.227:35167, 73d24cc5-fecb-4329-bada-e78623ca6c73:192.168.11.227:46705] with ContainerStateMachine:uninitialized
2019-06-12 17:33:52,089 INFO  server.RaftServerConfigKeys (ConfUtils.java:logGet(43)) - raft.server.rpc.timeout.min = 1s (custom)
2019-06-12 17:33:52,090 INFO  server.RaftServerConfigKeys (ConfUtils.java:logGet(43)) - raft.server.rpc.timeout.max = 1200ms (custom)
2019-06-12 17:33:52,090 INFO  server.RaftServerConfigKeys (ConfUtils.java:logGet(43)) - raft.server.rpcslowness.timeout = 10s (custom)
2019-06-12 17:33:52,090 INFO  server.RaftServerConfigKeys (ConfUtils.java:logGet(43)) - raft.server.log.appender.install.snapshot.enabled = true (default)
2019-06-12 17:33:52,090 INFO  impl.RaftServerImpl (ServerState.java:<init>(101)) - 5cf782b1-658b-467e-a49e-f1588161afe5:group-757CCF27E307 ConfigurationManager, init=-1: [9524e640-a7a8-4b96-b85b-0011f2fb0e3b:192.168.11.227:39061, 5cf782b1-658b-467e-a49e-f1588161afe5:192.168.11.227:35167, 73d24cc5-fecb-4329-bada-e78623ca6c73:192.168.11.227:46705], old=null, confs=<EMPTY_MAP>
2019-06-12 17:33:52,090 INFO  server.RaftServerConfigKeys (ConfUtils.java:logGet(43)) - raft.server.storage.dir = [/opt/src/hadoop-ozone/integration-test/target/test-dir/MiniOzoneClusterImpl-8fe99a3c-4fc4-43e9-9a90-c87831c25f25/datanode-1/data/ratis] (custom)
2019-06-12 17:33:52,090 INFO  storage.RaftStorageDirectory (RaftStorageDirectory.java:analyzeStorage(246)) - The storage directory /opt/src/hadoop-ozone/integration-test/target/test-dir/MiniOzoneClusterImpl-8fe99a3c-4fc4-43e9-9a90-c87831c25f25/datanode-1/data/ratis/4045e171-95c0-48ca-8125-757ccf27e307 does not exist. Creating ...
2019-06-12 17:33:52,091 INFO  storage.RaftStorageDirectory (RaftStorageDirectory.java:tryLock(328)) - Lock on /opt/src/hadoop-ozone/integration-test/target/test-dir/MiniOzoneClusterImpl-8fe99a3c-4fc4-43e9-9a90-c87831c25f25/datanode-0/data/ratis/4045e171-95c0-48ca-8125-757ccf27e307/in_use.lock acquired by nodename 10172@ozone-vvb7c-3239282013
2019-06-12 17:33:52,091 INFO  storage.RaftStorageDirectory (RaftStorageDirectory.java:tryLock(328)) - Lock on /opt/src/hadoop-ozone/integration-test/target/test-dir/MiniOzoneClusterImpl-8fe99a3c-4fc4-43e9-9a90-c87831c25f25/datanode-2/data/ratis/4045e171-95c0-48ca-8125-757ccf27e307/in_use.lock acquired by nodename 10172@ozone-vvb7c-3239282013
2019-06-12 17:33:52,093 INFO  storage.RaftStorageDirectory (RaftStorageDirectory.java:tryLock(328)) - Lock on /opt/src/hadoop-ozone/integration-test/target/test-dir/MiniOzoneClusterImpl-8fe99a3c-4fc4-43e9-9a90-c87831c25f25/datanode-1/data/ratis/4045e171-95c0-48ca-8125-757ccf27e307/in_use.lock acquired by nodename 10172@ozone-vvb7c-3239282013
2019-06-12 17:33:52,093 INFO  storage.RaftStorage (RaftStorage.java:format(75)) - Storage directory /opt/src/hadoop-ozone/integration-test/target/test-dir/MiniOzoneClusterImpl-8fe99a3c-4fc4-43e9-9a90-c87831c25f25/datanode-0/data/ratis/4045e171-95c0-48ca-8125-757ccf27e307 has been successfully formatted.
2019-06-12 17:33:52,094 INFO  ratis.ContainerStateMachine (ContainerStateMachine.java:loadSnapshot(199)) - The snapshot info is null.Setting the last applied index to:(t:0, i:~)
2019-06-12 17:33:52,094 INFO  server.RaftServerConfigKeys (ConfUtils.java:logGet(43)) - raft.server.leader.election.timeout = 10s (custom)
2019-06-12 17:33:52,094 INFO  server.RaftServerConfigKeys (ConfUtils.java:logGet(43)) - raft.server.log.use.memory = false (default)
2019-06-12 17:33:52,094 INFO  server.RaftServerConfigKeys (ConfUtils.java:logGet(43)) - raft.server.log.appender.buffer.byte-limit = 33554432 (custom)
2019-06-12 17:33:52,094 INFO  server.RaftServerConfigKeys (ConfUtils.java:logGet(43)) - raft.server.log.segment.size.max = 16384 (custom)
2019-06-12 17:33:52,094 INFO  server.RaftServerConfigKeys (ConfUtils.java:logGet(43)) - raft.server.log.segment.cache.num.max = 2 (custom)
2019-06-12 17:33:52,094 INFO  storage.RaftLogWorker (RaftLogWorker.java:<init>(123)) - new 73d24cc5-fecb-4329-bada-e78623ca6c73-RaftLogWorker for Storage Directory /opt/src/hadoop-ozone/integration-test/target/test-dir/MiniOzoneClusterImpl-8fe99a3c-4fc4-43e9-9a90-c87831c25f25/datanode-0/data/ratis/4045e171-95c0-48ca-8125-757ccf27e307
2019-06-12 17:33:52,094 INFO  server.RaftServerConfigKeys (ConfUtils.java:logGet(43)) - raft.server.log.queue.byte-limit = 2147483647 (custom)
2019-06-12 17:33:52,095 INFO  server.RaftServerConfigKeys (ConfUtils.java:logGet(43)) - raft.server.log.queue.element-limit = 1024 (custom)
2019-06-12 17:33:52,095 INFO  storage.RaftStorage (RaftStorage.java:format(75)) - Storage directory /opt/src/hadoop-ozone/integration-test/target/test-dir/MiniOzoneClusterImpl-8fe99a3c-4fc4-43e9-9a90-c87831c25f25/datanode-2/data/ratis/4045e171-95c0-48ca-8125-757ccf27e307 has been successfully formatted.
2019-06-12 17:33:52,095 INFO  server.RaftServerConfigKeys (ConfUtils.java:logGet(43)) - raft.server.log.segment.size.max = 16384 (custom)
2019-06-12 17:33:52,095 INFO  server.RaftServerConfigKeys (ConfUtils.java:logGet(43)) - raft.server.log.preallocated.size = 16384 (custom)
2019-06-12 17:33:52,095 INFO  server.RaftServerConfigKeys (ConfUtils.java:logGet(43)) - raft.server.log.write.buffer.size = 33554432 (custom)
2019-06-12 17:33:52,095 INFO  server.RaftServerConfigKeys (ConfUtils.java:logGet(43)) - raft.server.log.force.sync.num = 128 (default)
2019-06-12 17:33:52,095 INFO  server.RaftServerConfigKeys (ConfUtils.java:logGet(43)) - raft.server.log.statemachine.data.sync = true (default)
2019-06-12 17:33:52,095 INFO  server.RaftServerConfigKeys (ConfUtils.java:logGet(43)) - raft.server.log.statemachine.data.sync.timeout = 10s (default)
2019-06-12 17:33:52,096 INFO  server.RaftServerConfigKeys (ConfUtils.java:logGet(43)) - raft.server.log.statemachine.data.sync.timeout.retry = -1 (default)
2019-06-12 17:33:52,096 INFO  server.RaftServerConfigKeys (ConfUtils.java:logGet(43)) - raft.server.log.statemachine.data.caching.enabled = true (custom)
2019-06-12 17:33:52,095 INFO  ratis.ContainerStateMachine (ContainerStateMachine.java:loadSnapshot(199)) - The snapshot info is null.Setting the last applied index to:(t:0, i:~)
2019-06-12 17:33:52,095 INFO  storage.RaftStorage (RaftStorage.java:format(75)) - Storage directory /opt/src/hadoop-ozone/integration-test/target/test-dir/MiniOzoneClusterImpl-8fe99a3c-4fc4-43e9-9a90-c87831c25f25/datanode-1/data/ratis/4045e171-95c0-48ca-8125-757ccf27e307 has been successfully formatted.
2019-06-12 17:33:52,096 INFO  server.RaftServerConfigKeys (ConfUtils.java:logGet(43)) - raft.server.snapshot.auto.trigger.enabled = true (custom)
2019-06-12 17:33:52,096 INFO  ratis.ContainerStateMachine (ContainerStateMachine.java:loadSnapshot(199)) - The snapshot info is null.Setting the last applied index to:(t:0, i:~)
2019-06-12 17:33:52,096 INFO  server.RaftServerConfigKeys (ConfUtils.java:logGet(43)) - raft.server.leader.election.timeout = 10s (custom)
2019-06-12 17:33:52,097 INFO  server.RaftServerConfigKeys (ConfUtils.java:logGet(43)) - raft.server.log.use.memory = false (default)
2019-06-12 17:33:52,097 INFO  server.RaftServerConfigKeys (ConfUtils.java:logGet(43)) - raft.server.log.appender.buffer.byte-limit = 33554432 (custom)
2019-06-12 17:33:52,097 INFO  server.RaftServerConfigKeys (ConfUtils.java:logGet(43)) - raft.server.log.segment.size.max = 16384 (custom)
2019-06-12 17:33:52,097 INFO  server.RaftServerConfigKeys (ConfUtils.java:logGet(43)) - raft.server.log.segment.cache.num.max = 2 (custom)
2019-06-12 17:33:52,097 INFO  storage.RaftLogWorker (RaftLogWorker.java:<init>(123)) - new 9524e640-a7a8-4b96-b85b-0011f2fb0e3b-RaftLogWorker for Storage Directory /opt/src/hadoop-ozone/integration-test/target/test-dir/MiniOzoneClusterImpl-8fe99a3c-4fc4-43e9-9a90-c87831c25f25/datanode-2/data/ratis/4045e171-95c0-48ca-8125-757ccf27e307
2019-06-12 17:33:52,097 INFO  server.RaftServerConfigKeys (ConfUtils.java:logGet(43)) - raft.server.log.queue.byte-limit = 2147483647 (custom)
2019-06-12 17:33:52,097 INFO  server.RaftServerConfigKeys (ConfUtils.java:logGet(43)) - raft.server.log.queue.element-limit = 1024 (custom)
2019-06-12 17:33:52,097 INFO  server.RaftServerConfigKeys (ConfUtils.java:logGet(43)) - raft.server.log.segment.size.max = 16384 (custom)
2019-06-12 17:33:52,097 INFO  server.RaftServerConfigKeys (ConfUtils.java:logGet(43)) - raft.server.log.preallocated.size = 16384 (custom)
2019-06-12 17:33:52,098 INFO  server.RaftServerConfigKeys (ConfUtils.java:logGet(43)) - raft.server.log.write.buffer.size = 33554432 (custom)
2019-06-12 17:33:52,098 INFO  server.RaftServerConfigKeys (ConfUtils.java:logGet(43)) - raft.server.log.force.sync.num = 128 (default)
2019-06-12 17:33:52,098 INFO  server.RaftServerConfigKeys (ConfUtils.java:logGet(43)) - raft.server.log.statemachine.data.sync = true (default)
2019-06-12 17:33:52,098 INFO  server.RaftServerConfigKeys (ConfUtils.java:logGet(43)) - raft.server.log.statemachine.data.sync.timeout = 10s (default)
2019-06-12 17:33:52,098 INFO  server.RaftServerConfigKeys (ConfUtils.java:logGet(43)) - raft.server.log.statemachine.data.sync.timeout.retry = -1 (default)
2019-06-12 17:33:52,098 INFO  server.RaftServerConfigKeys (ConfUtils.java:logGet(43)) - raft.server.log.statemachine.data.caching.enabled = true (custom)
2019-06-12 17:33:52,097 INFO  server.RaftServerConfigKeys (ConfUtils.java:logGet(43)) - raft.server.leader.election.timeout = 10s (custom)
2019-06-12 17:33:52,099 INFO  server.RaftServerConfigKeys (ConfUtils.java:logGet(43)) - raft.server.log.use.memory = false (default)
2019-06-12 17:33:52,099 INFO  server.RaftServerConfigKeys (ConfUtils.java:logGet(43)) - raft.server.log.appender.buffer.byte-limit = 33554432 (custom)
2019-06-12 17:33:52,099 INFO  server.RaftServerConfigKeys (ConfUtils.java:logGet(43)) - raft.server.log.segment.size.max = 16384 (custom)
2019-06-12 17:33:52,099 INFO  server.RaftServerConfigKeys (ConfUtils.java:logGet(43)) - raft.server.log.segment.cache.num.max = 2 (custom)
2019-06-12 17:33:52,099 INFO  storage.RaftLogWorker (RaftLogWorker.java:<init>(123)) - new 5cf782b1-658b-467e-a49e-f1588161afe5-RaftLogWorker for Storage Directory /opt/src/hadoop-ozone/integration-test/target/test-dir/MiniOzoneClusterImpl-8fe99a3c-4fc4-43e9-9a90-c87831c25f25/datanode-1/data/ratis/4045e171-95c0-48ca-8125-757ccf27e307
2019-06-12 17:33:52,099 INFO  server.RaftServerConfigKeys (ConfUtils.java:logGet(43)) - raft.server.log.queue.byte-limit = 2147483647 (custom)
2019-06-12 17:33:52,099 INFO  server.RaftServerConfigKeys (ConfUtils.java:logGet(43)) - raft.server.log.queue.element-limit = 1024 (custom)
2019-06-12 17:33:52,099 INFO  server.RaftServerConfigKeys (ConfUtils.java:logGet(43)) - raft.server.log.segment.size.max = 16384 (custom)
2019-06-12 17:33:52,099 INFO  server.RaftServerConfigKeys (ConfUtils.java:logGet(43)) - raft.server.log.preallocated.size = 16384 (custom)
2019-06-12 17:33:52,100 INFO  server.RaftServerConfigKeys (ConfUtils.java:logGet(43)) - raft.server.log.write.buffer.size = 33554432 (custom)
2019-06-12 17:33:52,100 INFO  server.RaftServerConfigKeys (ConfUtils.java:logGet(43)) - raft.server.log.force.sync.num = 128 (default)
2019-06-12 17:33:52,096 INFO  server.RaftServerConfigKeys (ConfUtils.java:logGet(43)) - raft.server.snapshot.auto.trigger.threshold = 10000 (custom)
2019-06-12 17:33:52,100 INFO  server.RaftServerConfigKeys (ConfUtils.java:logGet(43)) - raft.server.log.statemachine.data.sync = true (default)
2019-06-12 17:33:52,100 INFO  server.RaftServerConfigKeys (ConfUtils.java:logGet(43)) - raft.server.log.statemachine.data.sync.timeout = 10s (default)
2019-06-12 17:33:52,100 INFO  server.RaftServerConfigKeys (ConfUtils.java:logGet(43)) - raft.server.log.statemachine.data.sync.timeout.retry = -1 (default)
2019-06-12 17:33:52,100 INFO  server.RaftServerConfigKeys (ConfUtils.java:logGet(43)) - raft.server.log.statemachine.data.caching.enabled = true (custom)
2019-06-12 17:33:52,098 INFO  server.RaftServerConfigKeys (ConfUtils.java:logGet(43)) - raft.server.snapshot.auto.trigger.enabled = true (custom)
2019-06-12 17:33:52,101 INFO  server.RaftServerConfigKeys (ConfUtils.java:logGet(43)) - raft.server.snapshot.auto.trigger.enabled = true (custom)
2019-06-12 17:33:52,101 INFO  server.RaftServerConfigKeys (ConfUtils.java:logGet(43)) - raft.server.snapshot.auto.trigger.threshold = 10000 (custom)
2019-06-12 17:33:52,100 INFO  server.RaftServerConfigKeys (ConfUtils.java:logGet(43)) - raft.server.retrycache.expirytime = 600000ms (custom)
2019-06-12 17:33:52,101 INFO  server.RaftServerConfigKeys (ConfUtils.java:logGet(43)) - raft.server.retrycache.expirytime = 600000ms (custom)
2019-06-12 17:33:52,101 INFO  impl.RaftServerImpl (RaftServerImpl.java:start(173)) - 73d24cc5-fecb-4329-bada-e78623ca6c73: start group-757CCF27E307
2019-06-12 17:33:52,101 INFO  server.RaftServerConfigKeys (ConfUtils.java:logGet(43)) - raft.server.snapshot.auto.trigger.threshold = 10000 (custom)
2019-06-12 17:33:52,101 INFO  impl.RaftServerImpl (RaftServerImpl.java:setRole(164)) - 73d24cc5-fecb-4329-bada-e78623ca6c73:group-757CCF27E307 changes role from null to FOLLOWER at term 0 for startAsFollower
2019-06-12 17:33:52,101 INFO  impl.RaftServerImpl (RaftServerImpl.java:start(173)) - 9524e640-a7a8-4b96-b85b-0011f2fb0e3b: start group-757CCF27E307
2019-06-12 17:33:52,101 INFO  impl.RoleInfo (RoleInfo.java:updateAndGet(143)) - 73d24cc5-fecb-4329-bada-e78623ca6c73: start FollowerState
2019-06-12 17:33:52,101 INFO  server.RaftServerConfigKeys (ConfUtils.java:logGet(43)) - raft.server.retrycache.expirytime = 600000ms (custom)
2019-06-12 17:33:52,102 INFO  impl.RaftServerImpl (RaftServerImpl.java:start(173)) - 5cf782b1-658b-467e-a49e-f1588161afe5: start group-757CCF27E307
2019-06-12 17:33:52,102 INFO  impl.RaftServerImpl (RaftServerImpl.java:setRole(164)) - 5cf782b1-658b-467e-a49e-f1588161afe5:group-757CCF27E307 changes role from null to FOLLOWER at term 0 for startAsFollower
2019-06-12 17:33:52,102 INFO  impl.RoleInfo (RoleInfo.java:updateAndGet(143)) - 5cf782b1-658b-467e-a49e-f1588161afe5: start FollowerState
2019-06-12 17:33:52,101 INFO  impl.RaftServerImpl (RaftServerImpl.java:setRole(164)) - 9524e640-a7a8-4b96-b85b-0011f2fb0e3b:group-757CCF27E307 changes role from null to FOLLOWER at term 0 for startAsFollower
2019-06-12 17:33:52,102 INFO  util.JmxRegister (JmxRegister.java:tryRegister(44)) - Successfully registered JMX Bean with object name Ratis:service=RaftServer,group=group-757CCF27E307,id=73d24cc5-fecb-4329-bada-e78623ca6c73
2019-06-12 17:33:52,102 INFO  impl.RoleInfo (RoleInfo.java:updateAndGet(143)) - 9524e640-a7a8-4b96-b85b-0011f2fb0e3b: start FollowerState
2019-06-12 17:33:52,102 INFO  util.JmxRegister (JmxRegister.java:tryRegister(44)) - Successfully registered JMX Bean with object name Ratis:service=RaftServer,group=group-757CCF27E307,id=5cf782b1-658b-467e-a49e-f1588161afe5
2019-06-12 17:33:52,103 INFO  util.JmxRegister (JmxRegister.java:tryRegister(44)) - Successfully registered JMX Bean with object name Ratis:service=RaftServer,group=group-757CCF27E307,id=9524e640-a7a8-4b96-b85b-0011f2fb0e3b
2019-06-12 17:33:52,122 INFO  pipeline.PipelineStateManager (PipelineStateManager.java:addPipeline(56)) - Created pipeline Pipeline[ Id: 4045e171-95c0-48ca-8125-757ccf27e307, Nodes: 73d24cc5-fecb-4329-bada-e78623ca6c73{ip: 192.168.11.227, host: ozone-vvb7c-3239282013, networkLocation: /default-rack, certSerialId: null}9524e640-a7a8-4b96-b85b-0011f2fb0e3b{ip: 192.168.11.227, host: ozone-vvb7c-3239282013, networkLocation: /default-rack, certSerialId: null}5cf782b1-658b-467e-a49e-f1588161afe5{ip: 192.168.11.227, host: ozone-vvb7c-3239282013, networkLocation: /default-rack, certSerialId: null}, Type:RATIS, Factor:THREE, State:OPEN]
2019-06-12 17:33:52,197 INFO  node.SCMNodeManager (SCMNodeManager.java:register(234)) - Registered Data node : a9270d75-2aea-432d-a2fd-e9fe1f4cc6aa{ip: 192.168.11.227, host: ozone-vvb7c-3239282013, networkLocation: /default-rack, certSerialId: null}
2019-06-12 17:33:52,208 INFO  impl.RaftServerProxy (RaftServerProxy.java:addNew(89)) - a9270d75-2aea-432d-a2fd-e9fe1f4cc6aa: addNew group-213955908AE6:[a9270d75-2aea-432d-a2fd-e9fe1f4cc6aa:192.168.11.227:41817] returns group-213955908AE6:java.util.concurrent.CompletableFuture@54c3f2ef[Not completed]
2019-06-12 17:33:52,209 INFO  impl.RaftServerImpl (RaftServerImpl.java:<init>(91)) - a9270d75-2aea-432d-a2fd-e9fe1f4cc6aa: new RaftServerImpl for group-213955908AE6:[a9270d75-2aea-432d-a2fd-e9fe1f4cc6aa:192.168.11.227:41817] with ContainerStateMachine:uninitialized
2019-06-12 17:33:52,209 INFO  server.RaftServerConfigKeys (ConfUtils.java:logGet(43)) - raft.server.rpc.timeout.min = 1s (custom)
2019-06-12 17:33:52,209 INFO  server.RaftServerConfigKeys (ConfUtils.java:logGet(43)) - raft.server.rpc.timeout.max = 1200ms (custom)
2019-06-12 17:33:52,209 INFO  server.RaftServerConfigKeys (ConfUtils.java:logGet(43)) - raft.server.rpcslowness.timeout = 10s (custom)
2019-06-12 17:33:52,210 INFO  server.RaftServerConfigKeys (ConfUtils.java:logGet(43)) - raft.server.log.appender.install.snapshot.enabled = true (default)
2019-06-12 17:33:52,210 INFO  impl.RaftServerImpl (ServerState.java:<init>(101)) - a9270d75-2aea-432d-a2fd-e9fe1f4cc6aa:group-213955908AE6 ConfigurationManager, init=-1: [a9270d75-2aea-432d-a2fd-e9fe1f4cc6aa:192.168.11.227:41817], old=null, confs=<EMPTY_MAP>
2019-06-12 17:33:52,210 INFO  server.RaftServerConfigKeys (ConfUtils.java:logGet(43)) - raft.server.storage.dir = [/opt/src/hadoop-ozone/integration-test/target/test-dir/MiniOzoneClusterImpl-8fe99a3c-4fc4-43e9-9a90-c87831c25f25/datanode-4/data/ratis] (custom)
2019-06-12 17:33:52,210 INFO  storage.RaftStorageDirectory (RaftStorageDirectory.java:analyzeStorage(246)) - The storage directory /opt/src/hadoop-ozone/integration-test/target/test-dir/MiniOzoneClusterImpl-8fe99a3c-4fc4-43e9-9a90-c87831c25f25/datanode-4/data/ratis/fc14f5c9-89cb-44a0-b6ee-213955908ae6 does not exist. Creating ...
2019-06-12 17:33:52,212 INFO  storage.RaftStorageDirectory (RaftStorageDirectory.java:tryLock(328)) - Lock on /opt/src/hadoop-ozone/integration-test/target/test-dir/MiniOzoneClusterImpl-8fe99a3c-4fc4-43e9-9a90-c87831c25f25/datanode-4/data/ratis/fc14f5c9-89cb-44a0-b6ee-213955908ae6/in_use.lock acquired by nodename 10172@ozone-vvb7c-3239282013
2019-06-12 17:33:52,215 INFO  storage.RaftStorage (RaftStorage.java:format(75)) - Storage directory /opt/src/hadoop-ozone/integration-test/target/test-dir/MiniOzoneClusterImpl-8fe99a3c-4fc4-43e9-9a90-c87831c25f25/datanode-4/data/ratis/fc14f5c9-89cb-44a0-b6ee-213955908ae6 has been successfully formatted.
2019-06-12 17:33:52,215 INFO  ratis.ContainerStateMachine (ContainerStateMachine.java:loadSnapshot(199)) - The snapshot info is null.Setting the last applied index to:(t:0, i:~)
2019-06-12 17:33:52,215 INFO  server.RaftServerConfigKeys (ConfUtils.java:logGet(43)) - raft.server.leader.election.timeout = 10s (custom)
2019-06-12 17:33:52,215 INFO  server.RaftServerConfigKeys (ConfUtils.java:logGet(43)) - raft.server.log.use.memory = false (default)
2019-06-12 17:33:52,215 INFO  server.RaftServerConfigKeys (ConfUtils.java:logGet(43)) - raft.server.log.appender.buffer.byte-limit = 33554432 (custom)
2019-06-12 17:33:52,215 INFO  server.RaftServerConfigKeys (ConfUtils.java:logGet(43)) - raft.server.log.segment.size.max = 16384 (custom)
2019-06-12 17:33:52,215 INFO  server.RaftServerConfigKeys (ConfUtils.java:logGet(43)) - raft.server.log.segment.cache.num.max = 2 (custom)
2019-06-12 17:33:52,215 INFO  storage.RaftLogWorker (RaftLogWorker.java:<init>(123)) - new a9270d75-2aea-432d-a2fd-e9fe1f4cc6aa-RaftLogWorker for Storage Directory /opt/src/hadoop-ozone/integration-test/target/test-dir/MiniOzoneClusterImpl-8fe99a3c-4fc4-43e9-9a90-c87831c25f25/datanode-4/data/ratis/fc14f5c9-89cb-44a0-b6ee-213955908ae6
2019-06-12 17:33:52,215 INFO  server.RaftServerConfigKeys (ConfUtils.java:logGet(43)) - raft.server.log.queue.byte-limit = 2147483647 (custom)
2019-06-12 17:33:52,215 INFO  server.RaftServerConfigKeys (ConfUtils.java:logGet(43)) - raft.server.log.queue.element-limit = 1024 (custom)
2019-06-12 17:33:52,215 INFO  server.RaftServerConfigKeys (ConfUtils.java:logGet(43)) - raft.server.log.segment.size.max = 16384 (custom)
2019-06-12 17:33:52,215 INFO  server.RaftServerConfigKeys (ConfUtils.java:logGet(43)) - raft.server.log.preallocated.size = 16384 (custom)
2019-06-12 17:33:52,216 INFO  server.RaftServerConfigKeys (ConfUtils.java:logGet(43)) - raft.server.log.write.buffer.size = 33554432 (custom)
2019-06-12 17:33:52,216 INFO  server.RaftServerConfigKeys (ConfUtils.java:logGet(43)) - raft.server.log.force.sync.num = 128 (default)
2019-06-12 17:33:52,216 INFO  server.RaftServerConfigKeys (ConfUtils.java:logGet(43)) - raft.server.log.statemachine.data.sync = true (default)
2019-06-12 17:33:52,216 INFO  server.RaftServerConfigKeys (ConfUtils.java:logGet(43)) - raft.server.log.statemachine.data.sync.timeout = 10s (default)
2019-06-12 17:33:52,216 INFO  server.RaftServerConfigKeys (ConfUtils.java:logGet(43)) - raft.server.log.statemachine.data.sync.timeout.retry = -1 (default)
2019-06-12 17:33:52,216 INFO  server.RaftServerConfigKeys (ConfUtils.java:logGet(43)) - raft.server.log.statemachine.data.caching.enabled = true (custom)
2019-06-12 17:33:52,216 INFO  server.RaftServerConfigKeys (ConfUtils.java:logGet(43)) - raft.server.snapshot.auto.trigger.enabled = true (custom)
2019-06-12 17:33:52,216 INFO  server.RaftServerConfigKeys (ConfUtils.java:logGet(43)) - raft.server.snapshot.auto.trigger.threshold = 10000 (custom)
2019-06-12 17:33:52,216 INFO  server.RaftServerConfigKeys (ConfUtils.java:logGet(43)) - raft.server.retrycache.expirytime = 600000ms (custom)
2019-06-12 17:33:52,217 INFO  impl.RaftServerImpl (RaftServerImpl.java:start(173)) - a9270d75-2aea-432d-a2fd-e9fe1f4cc6aa: start group-213955908AE6
2019-06-12 17:33:52,217 INFO  impl.RaftServerImpl (RaftServerImpl.java:setRole(164)) - a9270d75-2aea-432d-a2fd-e9fe1f4cc6aa:group-213955908AE6 changes role from null to FOLLOWER at term 0 for startAsFollower
2019-06-12 17:33:52,217 INFO  impl.RoleInfo (RoleInfo.java:updateAndGet(143)) - a9270d75-2aea-432d-a2fd-e9fe1f4cc6aa: start FollowerState
2019-06-12 17:33:52,217 INFO  util.JmxRegister (JmxRegister.java:tryRegister(44)) - Successfully registered JMX Bean with object name Ratis:service=RaftServer,group=group-213955908AE6,id=a9270d75-2aea-432d-a2fd-e9fe1f4cc6aa
2019-06-12 17:33:52,222 INFO  pipeline.PipelineStateManager (PipelineStateManager.java:addPipeline(56)) - Created pipeline Pipeline[ Id: fc14f5c9-89cb-44a0-b6ee-213955908ae6, Nodes: a9270d75-2aea-432d-a2fd-e9fe1f4cc6aa{ip: 192.168.11.227, host: ozone-vvb7c-3239282013, networkLocation: /default-rack, certSerialId: null}, Type:RATIS, Factor:ONE, State:OPEN]
2019-06-12 17:33:52,473 INFO  ozone.MiniOzoneClusterImpl (MiniOzoneClusterImpl.java:lambda$waitForClusterToBeReady$0(142)) - Waiting for cluster to be ready. Got 5 of 6 DN Heartbeats.
2019-06-12 17:33:52,492 INFO  node.SCMNodeManager (SCMNodeManager.java:register(234)) - Registered Data node : e34134b6-e429-469b-8543-178770aa2b30{ip: 192.168.11.227, host: ozone-vvb7c-3239282013, networkLocation: /default-rack, certSerialId: null}
2019-06-12 17:33:52,503 INFO  impl.RaftServerProxy (RaftServerProxy.java:addNew(89)) - e34134b6-e429-469b-8543-178770aa2b30: addNew group-014FFEE5C246:[e34134b6-e429-469b-8543-178770aa2b30:192.168.11.227:43381] returns group-014FFEE5C246:java.util.concurrent.CompletableFuture@209ac1a7[Not completed]
2019-06-12 17:33:52,503 INFO  impl.RaftServerImpl (RaftServerImpl.java:<init>(91)) - e34134b6-e429-469b-8543-178770aa2b30: new RaftServerImpl for group-014FFEE5C246:[e34134b6-e429-469b-8543-178770aa2b30:192.168.11.227:43381] with ContainerStateMachine:uninitialized
2019-06-12 17:33:52,504 INFO  server.RaftServerConfigKeys (ConfUtils.java:logGet(43)) - raft.server.rpc.timeout.min = 1s (custom)
2019-06-12 17:33:52,504 INFO  server.RaftServerConfigKeys (ConfUtils.java:logGet(43)) - raft.server.rpc.timeout.max = 1200ms (custom)
2019-06-12 17:33:52,504 INFO  server.RaftServerConfigKeys (ConfUtils.java:logGet(43)) - raft.server.rpcslowness.timeout = 10s (custom)
2019-06-12 17:33:52,504 INFO  server.RaftServerConfigKeys (ConfUtils.java:logGet(43)) - raft.server.log.appender.install.snapshot.enabled = true (default)
2019-06-12 17:33:52,504 INFO  impl.RaftServerImpl (ServerState.java:<init>(101)) - e34134b6-e429-469b-8543-178770aa2b30:group-014FFEE5C246 ConfigurationManager, init=-1: [e34134b6-e429-469b-8543-178770aa2b30:192.168.11.227:43381], old=null, confs=<EMPTY_MAP>
2019-06-12 17:33:52,504 INFO  server.RaftServerConfigKeys (ConfUtils.java:logGet(43)) - raft.server.storage.dir = [/opt/src/hadoop-ozone/integration-test/target/test-dir/MiniOzoneClusterImpl-8fe99a3c-4fc4-43e9-9a90-c87831c25f25/datanode-5/data/ratis] (custom)
2019-06-12 17:33:52,504 INFO  storage.RaftStorageDirectory (RaftStorageDirectory.java:analyzeStorage(246)) - The storage directory /opt/src/hadoop-ozone/integration-test/target/test-dir/MiniOzoneClusterImpl-8fe99a3c-4fc4-43e9-9a90-c87831c25f25/datanode-5/data/ratis/4c121086-2e75-4d7f-91ae-014ffee5c246 does not exist. Creating ...
2019-06-12 17:33:52,506 INFO  storage.RaftStorageDirectory (RaftStorageDirectory.java:tryLock(328)) - Lock on /opt/src/hadoop-ozone/integration-test/target/test-dir/MiniOzoneClusterImpl-8fe99a3c-4fc4-43e9-9a90-c87831c25f25/datanode-5/data/ratis/4c121086-2e75-4d7f-91ae-014ffee5c246/in_use.lock acquired by nodename 10172@ozone-vvb7c-3239282013
2019-06-12 17:33:52,508 INFO  storage.RaftStorage (RaftStorage.java:format(75)) - Storage directory /opt/src/hadoop-ozone/integration-test/target/test-dir/MiniOzoneClusterImpl-8fe99a3c-4fc4-43e9-9a90-c87831c25f25/datanode-5/data/ratis/4c121086-2e75-4d7f-91ae-014ffee5c246 has been successfully formatted.
2019-06-12 17:33:52,508 INFO  ratis.ContainerStateMachine (ContainerStateMachine.java:loadSnapshot(199)) - The snapshot info is null.Setting the last applied index to:(t:0, i:~)
2019-06-12 17:33:52,508 INFO  server.RaftServerConfigKeys (ConfUtils.java:logGet(43)) - raft.server.leader.election.timeout = 10s (custom)
2019-06-12 17:33:52,509 INFO  server.RaftServerConfigKeys (ConfUtils.java:logGet(43)) - raft.server.log.use.memory = false (default)
2019-06-12 17:33:52,509 INFO  server.RaftServerConfigKeys (ConfUtils.java:logGet(43)) - raft.server.log.appender.buffer.byte-limit = 33554432 (custom)
2019-06-12 17:33:52,509 INFO  server.RaftServerConfigKeys (ConfUtils.java:logGet(43)) - raft.server.log.segment.size.max = 16384 (custom)
2019-06-12 17:33:52,509 INFO  server.RaftServerConfigKeys (ConfUtils.java:logGet(43)) - raft.server.log.segment.cache.num.max = 2 (custom)
2019-06-12 17:33:52,509 INFO  storage.RaftLogWorker (RaftLogWorker.java:<init>(123)) - new e34134b6-e429-469b-8543-178770aa2b30-RaftLogWorker for Storage Directory /opt/src/hadoop-ozone/integration-test/target/test-dir/MiniOzoneClusterImpl-8fe99a3c-4fc4-43e9-9a90-c87831c25f25/datanode-5/data/ratis/4c121086-2e75-4d7f-91ae-014ffee5c246
2019-06-12 17:33:52,509 INFO  server.RaftServerConfigKeys (ConfUtils.java:logGet(43)) - raft.server.log.queue.byte-limit = 2147483647 (custom)
2019-06-12 17:33:52,509 INFO  server.RaftServerConfigKeys (ConfUtils.java:logGet(43)) - raft.server.log.queue.element-limit = 1024 (custom)
2019-06-12 17:33:52,509 INFO  server.RaftServerConfigKeys (ConfUtils.java:logGet(43)) - raft.server.log.segment.size.max = 16384 (custom)
2019-06-12 17:33:52,509 INFO  server.RaftServerConfigKeys (ConfUtils.java:logGet(43)) - raft.server.log.preallocated.size = 16384 (custom)
2019-06-12 17:33:52,509 INFO  server.RaftServerConfigKeys (ConfUtils.java:logGet(43)) - raft.server.log.write.buffer.size = 33554432 (custom)
2019-06-12 17:33:52,509 INFO  server.RaftServerConfigKeys (ConfUtils.java:logGet(43)) - raft.server.log.force.sync.num = 128 (default)
2019-06-12 17:33:52,510 INFO  server.RaftServerConfigKeys (ConfUtils.java:logGet(43)) - raft.server.log.statemachine.data.sync = true (default)
2019-06-12 17:33:52,510 INFO  server.RaftServerConfigKeys (ConfUtils.java:logGet(43)) - raft.server.log.statemachine.data.sync.timeout = 10s (default)
2019-06-12 17:33:52,510 INFO  server.RaftServerConfigKeys (ConfUtils.java:logGet(43)) - raft.server.log.statemachine.data.sync.timeout.retry = -1 (default)
2019-06-12 17:33:52,510 INFO  server.RaftServerConfigKeys (ConfUtils.java:logGet(43)) - raft.server.log.statemachine.data.caching.enabled = true (custom)
2019-06-12 17:33:52,510 INFO  server.RaftServerConfigKeys (ConfUtils.java:logGet(43)) - raft.server.snapshot.auto.trigger.enabled = true (custom)
2019-06-12 17:33:52,510 INFO  server.RaftServerConfigKeys (ConfUtils.java:logGet(43)) - raft.server.snapshot.auto.trigger.threshold = 10000 (custom)
2019-06-12 17:33:52,511 INFO  server.RaftServerConfigKeys (ConfUtils.java:logGet(43)) - raft.server.retrycache.expirytime = 600000ms (custom)
2019-06-12 17:33:52,511 INFO  impl.RaftServerImpl (RaftServerImpl.java:start(173)) - e34134b6-e429-469b-8543-178770aa2b30: start group-014FFEE5C246
2019-06-12 17:33:52,511 INFO  impl.RaftServerImpl (RaftServerImpl.java:setRole(164)) - e34134b6-e429-469b-8543-178770aa2b30:group-014FFEE5C246 changes role from null to FOLLOWER at term 0 for startAsFollower
2019-06-12 17:33:52,511 INFO  impl.RoleInfo (RoleInfo.java:updateAndGet(143)) - e34134b6-e429-469b-8543-178770aa2b30: start FollowerState
2019-06-12 17:33:52,511 INFO  util.JmxRegister (JmxRegister.java:tryRegister(44)) - Successfully registered JMX Bean with object name Ratis:service=RaftServer,group=group-014FFEE5C246,id=e34134b6-e429-469b-8543-178770aa2b30
2019-06-12 17:33:52,517 INFO  pipeline.PipelineStateManager (PipelineStateManager.java:addPipeline(56)) - Created pipeline Pipeline[ Id: 4c121086-2e75-4d7f-91ae-014ffee5c246, Nodes: e34134b6-e429-469b-8543-178770aa2b30{ip: 192.168.11.227, host: ozone-vvb7c-3239282013, networkLocation: /default-rack, certSerialId: null}, Type:RATIS, Factor:ONE, State:OPEN]
2019-06-12 17:33:52,534 INFO  impl.RaftServerProxy (RaftServerProxy.java:addNew(89)) - 8e30209c-f984-441c-9672-f15f5e0a166d: addNew group-3F6BA7AF7F91:[e34134b6-e429-469b-8543-178770aa2b30:192.168.11.227:43381, a9270d75-2aea-432d-a2fd-e9fe1f4cc6aa:192.168.11.227:41817, 8e30209c-f984-441c-9672-f15f5e0a166d:192.168.11.227:46651] returns group-3F6BA7AF7F91:java.util.concurrent.CompletableFuture@ad72d4d[Not completed]
2019-06-12 17:33:52,535 INFO  impl.RaftServerImpl (RaftServerImpl.java:<init>(91)) - 8e30209c-f984-441c-9672-f15f5e0a166d: new RaftServerImpl for group-3F6BA7AF7F91:[e34134b6-e429-469b-8543-178770aa2b30:192.168.11.227:43381, a9270d75-2aea-432d-a2fd-e9fe1f4cc6aa:192.168.11.227:41817, 8e30209c-f984-441c-9672-f15f5e0a166d:192.168.11.227:46651] with ContainerStateMachine:uninitialized
2019-06-12 17:33:52,535 INFO  server.RaftServerConfigKeys (ConfUtils.java:logGet(43)) - raft.server.rpc.timeout.min = 1s (custom)
2019-06-12 17:33:52,536 INFO  server.RaftServerConfigKeys (ConfUtils.java:logGet(43)) - raft.server.rpc.timeout.max = 1200ms (custom)
2019-06-12 17:33:52,536 INFO  server.RaftServerConfigKeys (ConfUtils.java:logGet(43)) - raft.server.rpcslowness.timeout = 10s (custom)
2019-06-12 17:33:52,536 INFO  server.RaftServerConfigKeys (ConfUtils.java:logGet(43)) - raft.server.log.appender.install.snapshot.enabled = true (default)
2019-06-12 17:33:52,536 INFO  impl.RaftServerImpl (ServerState.java:<init>(101)) - 8e30209c-f984-441c-9672-f15f5e0a166d:group-3F6BA7AF7F91 ConfigurationManager, init=-1: [e34134b6-e429-469b-8543-178770aa2b30:192.168.11.227:43381, a9270d75-2aea-432d-a2fd-e9fe1f4cc6aa:192.168.11.227:41817, 8e30209c-f984-441c-9672-f15f5e0a166d:192.168.11.227:46651], old=null, confs=<EMPTY_MAP>
2019-06-12 17:33:52,536 INFO  impl.RaftServerProxy (RaftServerProxy.java:addNew(89)) - e34134b6-e429-469b-8543-178770aa2b30: addNew group-3F6BA7AF7F91:[e34134b6-e429-469b-8543-178770aa2b30:192.168.11.227:43381, a9270d75-2aea-432d-a2fd-e9fe1f4cc6aa:192.168.11.227:41817, 8e30209c-f984-441c-9672-f15f5e0a166d:192.168.11.227:46651] returns group-3F6BA7AF7F91:java.util.concurrent.CompletableFuture@71ee895c[Not completed]
2019-06-12 17:33:52,536 INFO  server.RaftServerConfigKeys (ConfUtils.java:logGet(43)) - raft.server.storage.dir = [/opt/src/hadoop-ozone/integration-test/target/test-dir/MiniOzoneClusterImpl-8fe99a3c-4fc4-43e9-9a90-c87831c25f25/datanode-3/data/ratis] (custom)
2019-06-12 17:33:52,537 INFO  storage.RaftStorageDirectory (RaftStorageDirectory.java:analyzeStorage(246)) - The storage directory /opt/src/hadoop-ozone/integration-test/target/test-dir/MiniOzoneClusterImpl-8fe99a3c-4fc4-43e9-9a90-c87831c25f25/datanode-3/data/ratis/9b362f81-fec5-4030-9d82-3f6ba7af7f91 does not exist. Creating ...
2019-06-12 17:33:52,539 INFO  impl.RaftServerProxy (RaftServerProxy.java:addNew(89)) - a9270d75-2aea-432d-a2fd-e9fe1f4cc6aa: addNew group-3F6BA7AF7F91:[e34134b6-e429-469b-8543-178770aa2b30:192.168.11.227:43381, a9270d75-2aea-432d-a2fd-e9fe1f4cc6aa:192.168.11.227:41817, 8e30209c-f984-441c-9672-f15f5e0a166d:192.168.11.227:46651] returns group-3F6BA7AF7F91:java.util.concurrent.CompletableFuture@569b2a9b[Not completed]
2019-06-12 17:33:52,539 INFO  storage.RaftStorageDirectory (RaftStorageDirectory.java:tryLock(328)) - Lock on /opt/src/hadoop-ozone/integration-test/target/test-dir/MiniOzoneClusterImpl-8fe99a3c-4fc4-43e9-9a90-c87831c25f25/datanode-3/data/ratis/9b362f81-fec5-4030-9d82-3f6ba7af7f91/in_use.lock acquired by nodename 10172@ozone-vvb7c-3239282013
2019-06-12 17:33:52,539 INFO  impl.RaftServerImpl (RaftServerImpl.java:<init>(91)) - e34134b6-e429-469b-8543-178770aa2b30: new RaftServerImpl for group-3F6BA7AF7F91:[e34134b6-e429-469b-8543-178770aa2b30:192.168.11.227:43381, a9270d75-2aea-432d-a2fd-e9fe1f4cc6aa:192.168.11.227:41817, 8e30209c-f984-441c-9672-f15f5e0a166d:192.168.11.227:46651] with ContainerStateMachine:uninitialized
2019-06-12 17:33:52,539 INFO  server.RaftServerConfigKeys (ConfUtils.java:logGet(43)) - raft.server.rpc.timeout.min = 1s (custom)
2019-06-12 17:33:52,539 INFO  server.RaftServerConfigKeys (ConfUtils.java:logGet(43)) - raft.server.rpc.timeout.max = 1200ms (custom)
2019-06-12 17:33:52,539 INFO  server.RaftServerConfigKeys (ConfUtils.java:logGet(43)) - raft.server.rpcslowness.timeout = 10s (custom)
2019-06-12 17:33:52,540 INFO  server.RaftServerConfigKeys (ConfUtils.java:logGet(43)) - raft.server.log.appender.install.snapshot.enabled = true (default)
2019-06-12 17:33:52,540 INFO  impl.RaftServerImpl (ServerState.java:<init>(101)) - e34134b6-e429-469b-8543-178770aa2b30:group-3F6BA7AF7F91 ConfigurationManager, init=-1: [e34134b6-e429-469b-8543-178770aa2b30:192.168.11.227:43381, a9270d75-2aea-432d-a2fd-e9fe1f4cc6aa:192.168.11.227:41817, 8e30209c-f984-441c-9672-f15f5e0a166d:192.168.11.227:46651], old=null, confs=<EMPTY_MAP>
2019-06-12 17:33:52,540 INFO  impl.RaftServerImpl (RaftServerImpl.java:<init>(91)) - a9270d75-2aea-432d-a2fd-e9fe1f4cc6aa: new RaftServerImpl for group-3F6BA7AF7F91:[e34134b6-e429-469b-8543-178770aa2b30:192.168.11.227:43381, a9270d75-2aea-432d-a2fd-e9fe1f4cc6aa:192.168.11.227:41817, 8e30209c-f984-441c-9672-f15f5e0a166d:192.168.11.227:46651] with ContainerStateMachine:uninitialized
2019-06-12 17:33:52,540 INFO  server.RaftServerConfigKeys (ConfUtils.java:logGet(43)) - raft.server.storage.dir = [/opt/src/hadoop-ozone/integration-test/target/test-dir/MiniOzoneClusterImpl-8fe99a3c-4fc4-43e9-9a90-c87831c25f25/datanode-5/data/ratis] (custom)
2019-06-12 17:33:52,540 INFO  server.RaftServerConfigKeys (ConfUtils.java:logGet(43)) - raft.server.rpc.timeout.min = 1s (custom)
2019-06-12 17:33:52,540 INFO  storage.RaftStorageDirectory (RaftStorageDirectory.java:analyzeStorage(246)) - The storage directory /opt/src/hadoop-ozone/integration-test/target/test-dir/MiniOzoneClusterImpl-8fe99a3c-4fc4-43e9-9a90-c87831c25f25/datanode-5/data/ratis/9b362f81-fec5-4030-9d82-3f6ba7af7f91 does not exist. Creating ...
2019-06-12 17:33:52,540 INFO  server.RaftServerConfigKeys (ConfUtils.java:logGet(43)) - raft.server.rpc.timeout.max = 1200ms (custom)
2019-06-12 17:33:52,541 INFO  server.RaftServerConfigKeys (ConfUtils.java:logGet(43)) - raft.server.rpcslowness.timeout = 10s (custom)
2019-06-12 17:33:52,541 INFO  server.RaftServerConfigKeys (ConfUtils.java:logGet(43)) - raft.server.log.appender.install.snapshot.enabled = true (default)
2019-06-12 17:33:52,541 INFO  impl.RaftServerImpl (ServerState.java:<init>(101)) - a9270d75-2aea-432d-a2fd-e9fe1f4cc6aa:group-3F6BA7AF7F91 ConfigurationManager, init=-1: [e34134b6-e429-469b-8543-178770aa2b30:192.168.11.227:43381, a9270d75-2aea-432d-a2fd-e9fe1f4cc6aa:192.168.11.227:41817, 8e30209c-f984-441c-9672-f15f5e0a166d:192.168.11.227:46651], old=null, confs=<EMPTY_MAP>
2019-06-12 17:33:52,541 INFO  server.RaftServerConfigKeys (ConfUtils.java:logGet(43)) - raft.server.storage.dir = [/opt/src/hadoop-ozone/integration-test/target/test-dir/MiniOzoneClusterImpl-8fe99a3c-4fc4-43e9-9a90-c87831c25f25/datanode-4/data/ratis] (custom)
2019-06-12 17:33:52,541 INFO  storage.RaftStorageDirectory (RaftStorageDirectory.java:analyzeStorage(246)) - The storage directory /opt/src/hadoop-ozone/integration-test/target/test-dir/MiniOzoneClusterImpl-8fe99a3c-4fc4-43e9-9a90-c87831c25f25/datanode-4/data/ratis/9b362f81-fec5-4030-9d82-3f6ba7af7f91 does not exist. Creating ...
2019-06-12 17:33:52,542 INFO  storage.RaftStorage (RaftStorage.java:format(75)) - Storage directory /opt/src/hadoop-ozone/integration-test/target/test-dir/MiniOzoneClusterImpl-8fe99a3c-4fc4-43e9-9a90-c87831c25f25/datanode-3/data/ratis/9b362f81-fec5-4030-9d82-3f6ba7af7f91 has been successfully formatted.
2019-06-12 17:33:52,543 INFO  storage.RaftStorageDirectory (RaftStorageDirectory.java:tryLock(328)) - Lock on /opt/src/hadoop-ozone/integration-test/target/test-dir/MiniOzoneClusterImpl-8fe99a3c-4fc4-43e9-9a90-c87831c25f25/datanode-5/data/ratis/9b362f81-fec5-4030-9d82-3f6ba7af7f91/in_use.lock acquired by nodename 10172@ozone-vvb7c-3239282013
2019-06-12 17:33:52,543 INFO  ratis.ContainerStateMachine (ContainerStateMachine.java:loadSnapshot(199)) - The snapshot info is null.Setting the last applied index to:(t:0, i:~)
2019-06-12 17:33:52,543 INFO  server.RaftServerConfigKeys (ConfUtils.java:logGet(43)) - raft.server.leader.election.timeout = 10s (custom)
2019-06-12 17:33:52,543 INFO  server.RaftServerConfigKeys (ConfUtils.java:logGet(43)) - raft.server.log.use.memory = false (default)
2019-06-12 17:33:52,543 INFO  server.RaftServerConfigKeys (ConfUtils.java:logGet(43)) - raft.server.log.appender.buffer.byte-limit = 33554432 (custom)
2019-06-12 17:33:52,544 INFO  server.RaftServerConfigKeys (ConfUtils.java:logGet(43)) - raft.server.log.segment.size.max = 16384 (custom)
2019-06-12 17:33:52,544 INFO  server.RaftServerConfigKeys (ConfUtils.java:logGet(43)) - raft.server.log.segment.cache.num.max = 2 (custom)
2019-06-12 17:33:52,544 INFO  storage.RaftLogWorker (RaftLogWorker.java:<init>(123)) - new 8e30209c-f984-441c-9672-f15f5e0a166d-RaftLogWorker for Storage Directory /opt/src/hadoop-ozone/integration-test/target/test-dir/MiniOzoneClusterImpl-8fe99a3c-4fc4-43e9-9a90-c87831c25f25/datanode-3/data/ratis/9b362f81-fec5-4030-9d82-3f6ba7af7f91
2019-06-12 17:33:52,544 INFO  server.RaftServerConfigKeys (ConfUtils.java:logGet(43)) - raft.server.log.queue.byte-limit = 2147483647 (custom)
2019-06-12 17:33:52,544 INFO  server.RaftServerConfigKeys (ConfUtils.java:logGet(43)) - raft.server.log.queue.element-limit = 1024 (custom)
2019-06-12 17:33:52,544 INFO  server.RaftServerConfigKeys (ConfUtils.java:logGet(43)) - raft.server.log.segment.size.max = 16384 (custom)
2019-06-12 17:33:52,544 INFO  server.RaftServerConfigKeys (ConfUtils.java:logGet(43)) - raft.server.log.preallocated.size = 16384 (custom)
2019-06-12 17:33:52,544 INFO  server.RaftServerConfigKeys (ConfUtils.java:logGet(43)) - raft.server.log.write.buffer.size = 33554432 (custom)
2019-06-12 17:33:52,544 INFO  server.RaftServerConfigKeys (ConfUtils.java:logGet(43)) - raft.server.log.force.sync.num = 128 (default)
2019-06-12 17:33:52,544 INFO  server.RaftServerConfigKeys (ConfUtils.java:logGet(43)) - raft.server.log.statemachine.data.sync = true (default)
2019-06-12 17:33:52,544 INFO  server.RaftServerConfigKeys (ConfUtils.java:logGet(43)) - raft.server.log.statemachine.data.sync.timeout = 10s (default)
2019-06-12 17:33:52,544 INFO  server.RaftServerConfigKeys (ConfUtils.java:logGet(43)) - raft.server.log.statemachine.data.sync.timeout.retry = -1 (default)
2019-06-12 17:33:52,545 INFO  server.RaftServerConfigKeys (ConfUtils.java:logGet(43)) - raft.server.log.statemachine.data.caching.enabled = true (custom)
2019-06-12 17:33:52,545 INFO  server.RaftServerConfigKeys (ConfUtils.java:logGet(43)) - raft.server.snapshot.auto.trigger.enabled = true (custom)
2019-06-12 17:33:52,545 INFO  server.RaftServerConfigKeys (ConfUtils.java:logGet(43)) - raft.server.snapshot.auto.trigger.threshold = 10000 (custom)
2019-06-12 17:33:52,545 INFO  server.RaftServerConfigKeys (ConfUtils.java:logGet(43)) - raft.server.retrycache.expirytime = 600000ms (custom)
2019-06-12 17:33:52,545 INFO  impl.RaftServerImpl (RaftServerImpl.java:start(173)) - 8e30209c-f984-441c-9672-f15f5e0a166d: start group-3F6BA7AF7F91
2019-06-12 17:33:52,545 INFO  impl.RaftServerImpl (RaftServerImpl.java:setRole(164)) - 8e30209c-f984-441c-9672-f15f5e0a166d:group-3F6BA7AF7F91 changes role from null to FOLLOWER at term 0 for startAsFollower
2019-06-12 17:33:52,545 INFO  impl.RoleInfo (RoleInfo.java:updateAndGet(143)) - 8e30209c-f984-441c-9672-f15f5e0a166d: start FollowerState
2019-06-12 17:33:52,546 INFO  util.JmxRegister (JmxRegister.java:tryRegister(44)) - Successfully registered JMX Bean with object name Ratis:service=RaftServer,group=group-3F6BA7AF7F91,id=8e30209c-f984-441c-9672-f15f5e0a166d
2019-06-12 17:33:52,546 INFO  storage.RaftStorage (RaftStorage.java:format(75)) - Storage directory /opt/src/hadoop-ozone/integration-test/target/test-dir/MiniOzoneClusterImpl-8fe99a3c-4fc4-43e9-9a90-c87831c25f25/datanode-5/data/ratis/9b362f81-fec5-4030-9d82-3f6ba7af7f91 has been successfully formatted.
2019-06-12 17:33:52,546 INFO  ratis.ContainerStateMachine (ContainerStateMachine.java:loadSnapshot(199)) - The snapshot info is null.Setting the last applied index to:(t:0, i:~)
2019-06-12 17:33:52,546 INFO  server.RaftServerConfigKeys (ConfUtils.java:logGet(43)) - raft.server.leader.election.timeout = 10s (custom)
2019-06-12 17:33:52,546 INFO  server.RaftServerConfigKeys (ConfUtils.java:logGet(43)) - raft.server.log.use.memory = false (default)
2019-06-12 17:33:52,546 INFO  storage.RaftStorageDirectory (RaftStorageDirectory.java:tryLock(328)) - Lock on /opt/src/hadoop-ozone/integration-test/target/test-dir/MiniOzoneClusterImpl-8fe99a3c-4fc4-43e9-9a90-c87831c25f25/datanode-4/data/ratis/9b362f81-fec5-4030-9d82-3f6ba7af7f91/in_use.lock acquired by nodename 10172@ozone-vvb7c-3239282013
2019-06-12 17:33:52,547 INFO  server.RaftServerConfigKeys (ConfUtils.java:logGet(43)) - raft.server.log.appender.buffer.byte-limit = 33554432 (custom)
2019-06-12 17:33:52,547 INFO  server.RaftServerConfigKeys (ConfUtils.java:logGet(43)) - raft.server.log.segment.size.max = 16384 (custom)
2019-06-12 17:33:52,547 INFO  server.RaftServerConfigKeys (ConfUtils.java:logGet(43)) - raft.server.log.segment.cache.num.max = 2 (custom)
2019-06-12 17:33:52,547 INFO  storage.RaftLogWorker (RaftLogWorker.java:<init>(123)) - new e34134b6-e429-469b-8543-178770aa2b30-RaftLogWorker for Storage Directory /opt/src/hadoop-ozone/integration-test/target/test-dir/MiniOzoneClusterImpl-8fe99a3c-4fc4-43e9-9a90-c87831c25f25/datanode-5/data/ratis/9b362f81-fec5-4030-9d82-3f6ba7af7f91
2019-06-12 17:33:52,547 INFO  server.RaftServerConfigKeys (ConfUtils.java:logGet(43)) - raft.server.log.queue.byte-limit = 2147483647 (custom)
2019-06-12 17:33:52,549 INFO  server.RaftServerConfigKeys (ConfUtils.java:logGet(43)) - raft.server.log.queue.element-limit = 1024 (custom)
2019-06-12 17:33:52,549 INFO  storage.RaftStorage (RaftStorage.java:format(75)) - Storage directory /opt/src/hadoop-ozone/integration-test/target/test-dir/MiniOzoneClusterImpl-8fe99a3c-4fc4-43e9-9a90-c87831c25f25/datanode-4/data/ratis/9b362f81-fec5-4030-9d82-3f6ba7af7f91 has been successfully formatted.
2019-06-12 17:33:52,550 INFO  ratis.ContainerStateMachine (ContainerStateMachine.java:loadSnapshot(199)) - The snapshot info is null.Setting the last applied index to:(t:0, i:~)
2019-06-12 17:33:52,552 INFO  server.RaftServerConfigKeys (ConfUtils.java:logGet(43)) - raft.server.leader.election.timeout = 10s (custom)
2019-06-12 17:33:52,552 INFO  server.RaftServerConfigKeys (ConfUtils.java:logGet(43)) - raft.server.log.use.memory = false (default)
2019-06-12 17:33:52,552 INFO  server.RaftServerConfigKeys (ConfUtils.java:logGet(43)) - raft.server.log.appender.buffer.byte-limit = 33554432 (custom)
2019-06-12 17:33:52,552 INFO  server.RaftServerConfigKeys (ConfUtils.java:logGet(43)) - raft.server.log.segment.size.max = 16384 (custom)
2019-06-12 17:33:52,552 INFO  server.RaftServerConfigKeys (ConfUtils.java:logGet(43)) - raft.server.log.segment.cache.num.max = 2 (custom)
2019-06-12 17:33:52,552 INFO  storage.RaftLogWorker (RaftLogWorker.java:<init>(123)) - new a9270d75-2aea-432d-a2fd-e9fe1f4cc6aa-RaftLogWorker for Storage Directory /opt/src/hadoop-ozone/integration-test/target/test-dir/MiniOzoneClusterImpl-8fe99a3c-4fc4-43e9-9a90-c87831c25f25/datanode-4/data/ratis/9b362f81-fec5-4030-9d82-3f6ba7af7f91
2019-06-12 17:33:52,552 INFO  server.RaftServerConfigKeys (ConfUtils.java:logGet(43)) - raft.server.log.queue.byte-limit = 2147483647 (custom)
2019-06-12 17:33:52,552 INFO  server.RaftServerConfigKeys (ConfUtils.java:logGet(43)) - raft.server.log.queue.element-limit = 1024 (custom)
2019-06-12 17:33:52,553 INFO  server.RaftServerConfigKeys (ConfUtils.java:logGet(43)) - raft.server.log.segment.size.max = 16384 (custom)
2019-06-12 17:33:52,553 INFO  server.RaftServerConfigKeys (ConfUtils.java:logGet(43)) - raft.server.log.preallocated.size = 16384 (custom)
2019-06-12 17:33:52,553 INFO  server.RaftServerConfigKeys (ConfUtils.java:logGet(43)) - raft.server.log.write.buffer.size = 33554432 (custom)
2019-06-12 17:33:52,553 INFO  server.RaftServerConfigKeys (ConfUtils.java:logGet(43)) - raft.server.log.force.sync.num = 128 (default)
2019-06-12 17:33:52,553 INFO  server.RaftServerConfigKeys (ConfUtils.java:logGet(43)) - raft.server.log.statemachine.data.sync = true (default)
2019-06-12 17:33:52,553 INFO  server.RaftServerConfigKeys (ConfUtils.java:logGet(43)) - raft.server.log.statemachine.data.sync.timeout = 10s (default)
2019-06-12 17:33:52,553 INFO  server.RaftServerConfigKeys (ConfUtils.java:logGet(43)) - raft.server.log.statemachine.data.sync.timeout.retry = -1 (default)
2019-06-12 17:33:52,553 INFO  server.RaftServerConfigKeys (ConfUtils.java:logGet(43)) - raft.server.log.statemachine.data.caching.enabled = true (custom)
2019-06-12 17:33:52,551 INFO  server.RaftServerConfigKeys (ConfUtils.java:logGet(43)) - raft.server.log.segment.size.max = 16384 (custom)
2019-06-12 17:33:52,553 INFO  server.RaftServerConfigKeys (ConfUtils.java:logGet(43)) - raft.server.log.preallocated.size = 16384 (custom)
2019-06-12 17:33:52,553 INFO  server.RaftServerConfigKeys (ConfUtils.java:logGet(43)) - raft.server.log.write.buffer.size = 33554432 (custom)
2019-06-12 17:33:52,553 INFO  server.RaftServerConfigKeys (ConfUtils.java:logGet(43)) - raft.server.log.force.sync.num = 128 (default)
2019-06-12 17:33:52,554 INFO  server.RaftServerConfigKeys (ConfUtils.java:logGet(43)) - raft.server.log.statemachine.data.sync = true (default)
2019-06-12 17:33:52,554 INFO  server.RaftServerConfigKeys (ConfUtils.java:logGet(43)) - raft.server.log.statemachine.data.sync.timeout = 10s (default)
2019-06-12 17:33:52,554 INFO  server.RaftServerConfigKeys (ConfUtils.java:logGet(43)) - raft.server.log.statemachine.data.sync.timeout.retry = -1 (default)
2019-06-12 17:33:52,555 INFO  server.RaftServerConfigKeys (ConfUtils.java:logGet(43)) - raft.server.log.statemachine.data.caching.enabled = true (custom)
2019-06-12 17:33:52,555 INFO  server.RaftServerConfigKeys (ConfUtils.java:logGet(43)) - raft.server.snapshot.auto.trigger.enabled = true (custom)
2019-06-12 17:33:52,556 INFO  server.RaftServerConfigKeys (ConfUtils.java:logGet(43)) - raft.server.snapshot.auto.trigger.threshold = 10000 (custom)
2019-06-12 17:33:52,556 INFO  server.RaftServerConfigKeys (ConfUtils.java:logGet(43)) - raft.server.snapshot.auto.trigger.enabled = true (custom)
2019-06-12 17:33:52,556 INFO  server.RaftServerConfigKeys (ConfUtils.java:logGet(43)) - raft.server.retrycache.expirytime = 600000ms (custom)
2019-06-12 17:33:52,556 INFO  server.RaftServerConfigKeys (ConfUtils.java:logGet(43)) - raft.server.snapshot.auto.trigger.threshold = 10000 (custom)
2019-06-12 17:33:52,556 INFO  impl.RaftServerImpl (RaftServerImpl.java:start(173)) - a9270d75-2aea-432d-a2fd-e9fe1f4cc6aa: start group-3F6BA7AF7F91
2019-06-12 17:33:52,556 INFO  server.RaftServerConfigKeys (ConfUtils.java:logGet(43)) - raft.server.retrycache.expirytime = 600000ms (custom)
2019-06-12 17:33:52,556 INFO  impl.RaftServerImpl (RaftServerImpl.java:setRole(164)) - a9270d75-2aea-432d-a2fd-e9fe1f4cc6aa:group-3F6BA7AF7F91 changes role from null to FOLLOWER at term 0 for startAsFollower
2019-06-12 17:33:52,556 INFO  impl.RaftServerImpl (RaftServerImpl.java:start(173)) - e34134b6-e429-469b-8543-178770aa2b30: start group-3F6BA7AF7F91
2019-06-12 17:33:52,556 INFO  impl.RoleInfo (RoleInfo.java:updateAndGet(143)) - a9270d75-2aea-432d-a2fd-e9fe1f4cc6aa: start FollowerState
2019-06-12 17:33:52,556 INFO  impl.RaftServerImpl (RaftServerImpl.java:setRole(164)) - e34134b6-e429-469b-8543-178770aa2b30:group-3F6BA7AF7F91 changes role from null to FOLLOWER at term 0 for startAsFollower
2019-06-12 17:33:52,556 INFO  impl.RoleInfo (RoleInfo.java:updateAndGet(143)) - e34134b6-e429-469b-8543-178770aa2b30: start FollowerState
2019-06-12 17:33:52,557 INFO  util.JmxRegister (JmxRegister.java:tryRegister(44)) - Successfully registered JMX Bean with object name Ratis:service=RaftServer,group=group-3F6BA7AF7F91,id=a9270d75-2aea-432d-a2fd-e9fe1f4cc6aa
2019-06-12 17:33:52,557 INFO  util.JmxRegister (JmxRegister.java:tryRegister(44)) - Successfully registered JMX Bean with object name Ratis:service=RaftServer,group=group-3F6BA7AF7F91,id=e34134b6-e429-469b-8543-178770aa2b30
2019-06-12 17:33:52,568 INFO  pipeline.PipelineStateManager (PipelineStateManager.java:addPipeline(56)) - Created pipeline Pipeline[ Id: 9b362f81-fec5-4030-9d82-3f6ba7af7f91, Nodes: a9270d75-2aea-432d-a2fd-e9fe1f4cc6aa{ip: 192.168.11.227, host: ozone-vvb7c-3239282013, networkLocation: /default-rack, certSerialId: null}e34134b6-e429-469b-8543-178770aa2b30{ip: 192.168.11.227, host: ozone-vvb7c-3239282013, networkLocation: /default-rack, certSerialId: null}8e30209c-f984-441c-9672-f15f5e0a166d{ip: 192.168.11.227, host: ozone-vvb7c-3239282013, networkLocation: /default-rack, certSerialId: null}, Type:RATIS, Factor:THREE, State:OPEN]
2019-06-12 17:33:52,941 INFO  impl.FollowerState (FollowerState.java:run(101)) - 73d24cc5-fecb-4329-bada-e78623ca6c73:group-9F9B03458062 changes to CANDIDATE, lastRpcTime:1050, electionTimeout:1050ms
2019-06-12 17:33:52,941 INFO  impl.RoleInfo (RoleInfo.java:shutdownFollowerState(121)) - 73d24cc5-fecb-4329-bada-e78623ca6c73: shutdown FollowerState
2019-06-12 17:33:52,941 INFO  impl.RaftServerImpl (RaftServerImpl.java:setRole(164)) - 73d24cc5-fecb-4329-bada-e78623ca6c73:group-9F9B03458062 changes role from FOLLOWER to CANDIDATE at term 0 for changeToCandidate
2019-06-12 17:33:52,943 INFO  impl.RoleInfo (RoleInfo.java:updateAndGet(143)) - 73d24cc5-fecb-4329-bada-e78623ca6c73: start LeaderElection
2019-06-12 17:33:52,949 INFO  impl.LeaderElection (LeaderElection.java:askForVotes(181)) - 73d24cc5-fecb-4329-bada-e78623ca6c73:group-9F9B03458062:LeaderElection1: begin an election at term 1 for -1: [73d24cc5-fecb-4329-bada-e78623ca6c73:192.168.11.227:46705], old=null
2019-06-12 17:33:52,951 INFO  impl.RoleInfo (RoleInfo.java:shutdownLeaderElection(134)) - 73d24cc5-fecb-4329-bada-e78623ca6c73: shutdown LeaderElection
2019-06-12 17:33:52,951 INFO  impl.RaftServerImpl (RaftServerImpl.java:setRole(164)) - 73d24cc5-fecb-4329-bada-e78623ca6c73:group-9F9B03458062 changes role from CANDIDATE to LEADER at term 1 for changeToLeader
2019-06-12 17:33:52,951 INFO  impl.RaftServerImpl (ServerState.java:setLeader(263)) - 73d24cc5-fecb-4329-bada-e78623ca6c73:group-9F9B03458062 change Leader from null to 73d24cc5-fecb-4329-bada-e78623ca6c73 at term 1 for becomeLeader, leader elected after 1221ms
2019-06-12 17:33:52,955 INFO  server.RaftServerConfigKeys (ConfUtils.java:logGet(43)) - raft.server.staging.catchup.gap = 1000 (default)
2019-06-12 17:33:52,955 INFO  server.RaftServerConfigKeys (ConfUtils.java:logGet(43)) - raft.server.rpc.sleep.time = 25ms (default)
2019-06-12 17:33:52,957 INFO  server.RaftServerConfigKeys (ConfUtils.java:logGet(43)) - raft.server.watch.timeout = 10s (default)
2019-06-12 17:33:52,958 INFO  server.RaftServerConfigKeys (ConfUtils.java:logGet(43)) - raft.server.watch.timeout.denomination = 1s (default)
2019-06-12 17:33:52,963 INFO  impl.RoleInfo (RoleInfo.java:updateAndGet(143)) - 73d24cc5-fecb-4329-bada-e78623ca6c73: start LeaderState
2019-06-12 17:33:52,975 INFO  storage.RaftLogWorker (RaftLogWorker.java:startLogSegment(298)) - 73d24cc5-fecb-4329-bada-e78623ca6c73-RaftLogWorker: Starting segment from index:0
2019-06-12 17:33:52,982 INFO  impl.RaftServerImpl (ServerState.java:setRaftConf(361)) - 73d24cc5-fecb-4329-bada-e78623ca6c73:group-9F9B03458062 set configuration 0: [73d24cc5-fecb-4329-bada-e78623ca6c73:192.168.11.227:46705], old=null at 0
2019-06-12 17:33:53,114 INFO  impl.FollowerState (FollowerState.java:run(101)) - 5cf782b1-658b-467e-a49e-f1588161afe5:group-757CCF27E307 changes to CANDIDATE, lastRpcTime:1012, electionTimeout:1012ms
2019-06-12 17:33:53,115 INFO  impl.RoleInfo (RoleInfo.java:shutdownFollowerState(121)) - 5cf782b1-658b-467e-a49e-f1588161afe5: shutdown FollowerState
2019-06-12 17:33:53,116 INFO  impl.RaftServerImpl (RaftServerImpl.java:setRole(164)) - 5cf782b1-658b-467e-a49e-f1588161afe5:group-757CCF27E307 changes role from FOLLOWER to CANDIDATE at term 0 for changeToCandidate
2019-06-12 17:33:53,116 INFO  impl.RoleInfo (RoleInfo.java:updateAndGet(143)) - 5cf782b1-658b-467e-a49e-f1588161afe5: start LeaderElection
2019-06-12 17:33:53,118 INFO  storage.RaftLogWorker (RaftLogWorker.java:execute(469)) - 73d24cc5-fecb-4329-bada-e78623ca6c73-RaftLogWorker: created new log segment /opt/src/hadoop-ozone/integration-test/target/test-dir/MiniOzoneClusterImpl-8fe99a3c-4fc4-43e9-9a90-c87831c25f25/datanode-0/data/ratis/dcb04199-2b70-47e3-a4ac-9f9b03458062/current/log_inprogress_0
2019-06-12 17:33:53,120 INFO  impl.FollowerState (FollowerState.java:run(101)) - 9524e640-a7a8-4b96-b85b-0011f2fb0e3b:group-C8829829359F changes to CANDIDATE, lastRpcTime:1165, electionTimeout:1164ms
2019-06-12 17:33:53,120 INFO  impl.RoleInfo (RoleInfo.java:shutdownFollowerState(121)) - 9524e640-a7a8-4b96-b85b-0011f2fb0e3b: shutdown FollowerState
2019-06-12 17:33:53,120 INFO  impl.RaftServerImpl (RaftServerImpl.java:setRole(164)) - 9524e640-a7a8-4b96-b85b-0011f2fb0e3b:group-C8829829359F changes role from FOLLOWER to CANDIDATE at term 0 for changeToCandidate
2019-06-12 17:33:53,120 INFO  impl.RoleInfo (RoleInfo.java:updateAndGet(143)) - 9524e640-a7a8-4b96-b85b-0011f2fb0e3b: start LeaderElection
2019-06-12 17:33:53,122 INFO  impl.LeaderElection (LeaderElection.java:askForVotes(181)) - 5cf782b1-658b-467e-a49e-f1588161afe5:group-757CCF27E307:LeaderElection2: begin an election at term 1 for -1: [9524e640-a7a8-4b96-b85b-0011f2fb0e3b:192.168.11.227:39061, 5cf782b1-658b-467e-a49e-f1588161afe5:192.168.11.227:35167, 73d24cc5-fecb-4329-bada-e78623ca6c73:192.168.11.227:46705], old=null
2019-06-12 17:33:53,125 INFO  impl.LeaderElection (LeaderElection.java:askForVotes(181)) - 9524e640-a7a8-4b96-b85b-0011f2fb0e3b:group-C8829829359F:LeaderElection3: begin an election at term 1 for -1: [9524e640-a7a8-4b96-b85b-0011f2fb0e3b:192.168.11.227:39061], old=null
2019-06-12 17:33:53,125 INFO  impl.RoleInfo (RoleInfo.java:shutdownLeaderElection(134)) - 9524e640-a7a8-4b96-b85b-0011f2fb0e3b: shutdown LeaderElection
2019-06-12 17:33:53,125 INFO  impl.RaftServerImpl (RaftServerImpl.java:setRole(164)) - 9524e640-a7a8-4b96-b85b-0011f2fb0e3b:group-C8829829359F changes role from CANDIDATE to LEADER at term 1 for changeToLeader
2019-06-12 17:33:53,125 INFO  impl.RaftServerImpl (ServerState.java:setLeader(263)) - 9524e640-a7a8-4b96-b85b-0011f2fb0e3b:group-C8829829359F change Leader from null to 9524e640-a7a8-4b96-b85b-0011f2fb0e3b at term 1 for becomeLeader, leader elected after 1173ms
2019-06-12 17:33:53,130 INFO  server.RaftServerConfigKeys (ConfUtils.java:logGet(43)) - raft.server.staging.catchup.gap = 1000 (default)
2019-06-12 17:33:53,130 INFO  server.RaftServerConfigKeys (ConfUtils.java:logGet(43)) - raft.server.rpc.sleep.time = 25ms (default)
2019-06-12 17:33:53,130 INFO  server.RaftServerConfigKeys (ConfUtils.java:logGet(43)) - raft.server.watch.timeout = 10s (default)
2019-06-12 17:33:53,131 INFO  server.RaftServerConfigKeys (ConfUtils.java:logGet(43)) - raft.server.watch.timeout.denomination = 1s (default)
2019-06-12 17:33:53,131 INFO  impl.RoleInfo (RoleInfo.java:updateAndGet(143)) - 9524e640-a7a8-4b96-b85b-0011f2fb0e3b: start LeaderState
2019-06-12 17:33:53,131 INFO  storage.RaftLogWorker (RaftLogWorker.java:startLogSegment(298)) - 9524e640-a7a8-4b96-b85b-0011f2fb0e3b-RaftLogWorker: Starting segment from index:0
2019-06-12 17:33:53,168 INFO  impl.RaftServerImpl (ServerState.java:setRaftConf(361)) - 9524e640-a7a8-4b96-b85b-0011f2fb0e3b:group-C8829829359F set configuration 0: [9524e640-a7a8-4b96-b85b-0011f2fb0e3b:192.168.11.227:39061], old=null at 0
2019-06-12 17:33:53,169 INFO  storage.RaftLogWorker (RaftLogWorker.java:execute(469)) - 9524e640-a7a8-4b96-b85b-0011f2fb0e3b-RaftLogWorker: created new log segment /opt/src/hadoop-ozone/integration-test/target/test-dir/MiniOzoneClusterImpl-8fe99a3c-4fc4-43e9-9a90-c87831c25f25/datanode-2/data/ratis/d6ab708f-d38f-4b26-8358-c8829829359f/current/log_inprogress_0
2019-06-12 17:33:53,187 INFO  impl.RaftServerImpl (RaftServerImpl.java:setRole(164)) - 73d24cc5-fecb-4329-bada-e78623ca6c73:group-757CCF27E307 changes role from FOLLOWER to FOLLOWER at term 1 for recognizeCandidate:5cf782b1-658b-467e-a49e-f1588161afe5
2019-06-12 17:33:53,188 INFO  impl.RoleInfo (RoleInfo.java:shutdownFollowerState(121)) - 73d24cc5-fecb-4329-bada-e78623ca6c73: shutdown FollowerState
2019-06-12 17:33:53,188 INFO  impl.RoleInfo (RoleInfo.java:updateAndGet(143)) - 73d24cc5-fecb-4329-bada-e78623ca6c73: start FollowerState
2019-06-12 17:33:53,188 INFO  impl.FollowerState (FollowerState.java:run(109)) - 73d24cc5-fecb-4329-bada-e78623ca6c73: FollowerState was interrupted: java.lang.InterruptedException: sleep interrupted
2019-06-12 17:33:53,187 INFO  impl.RaftServerImpl (RaftServerImpl.java:setRole(164)) - 9524e640-a7a8-4b96-b85b-0011f2fb0e3b:group-757CCF27E307 changes role from FOLLOWER to FOLLOWER at term 1 for recognizeCandidate:5cf782b1-658b-467e-a49e-f1588161afe5
2019-06-12 17:33:53,188 INFO  impl.RoleInfo (RoleInfo.java:shutdownFollowerState(121)) - 9524e640-a7a8-4b96-b85b-0011f2fb0e3b: shutdown FollowerState
2019-06-12 17:33:53,188 INFO  impl.FollowerState (FollowerState.java:run(101)) - 5cf782b1-658b-467e-a49e-f1588161afe5:group-05EAC30265C3 changes to CANDIDATE, lastRpcTime:1176, electionTimeout:1176ms
2019-06-12 17:33:53,189 INFO  impl.RoleInfo (RoleInfo.java:shutdownFollowerState(121)) - 5cf782b1-658b-467e-a49e-f1588161afe5: shutdown FollowerState
2019-06-12 17:33:53,189 INFO  impl.RoleInfo (RoleInfo.java:updateAndGet(143)) - 9524e640-a7a8-4b96-b85b-0011f2fb0e3b: start FollowerState
2019-06-12 17:33:53,189 INFO  impl.RaftServerImpl (RaftServerImpl.java:setRole(164)) - 5cf782b1-658b-467e-a49e-f1588161afe5:group-05EAC30265C3 changes role from FOLLOWER to CANDIDATE at term 0 for changeToCandidate
2019-06-12 17:33:53,190 INFO  impl.RoleInfo (RoleInfo.java:updateAndGet(143)) - 5cf782b1-658b-467e-a49e-f1588161afe5: start LeaderElection
2019-06-12 17:33:53,190 INFO  impl.FollowerState (FollowerState.java:run(109)) - 9524e640-a7a8-4b96-b85b-0011f2fb0e3b: FollowerState was interrupted: java.lang.InterruptedException: sleep interrupted
2019-06-12 17:33:53,196 INFO  impl.FollowerState (FollowerState.java:run(101)) - 8e30209c-f984-441c-9672-f15f5e0a166d:group-97F4EE4F25ED changes to CANDIDATE, lastRpcTime:1148, electionTimeout:1148ms
2019-06-12 17:33:53,196 INFO  impl.RoleInfo (RoleInfo.java:shutdownFollowerState(121)) - 8e30209c-f984-441c-9672-f15f5e0a166d: shutdown FollowerState
2019-06-12 17:33:53,196 INFO  impl.RaftServerImpl (RaftServerImpl.java:setRole(164)) - 8e30209c-f984-441c-9672-f15f5e0a166d:group-97F4EE4F25ED changes role from FOLLOWER to CANDIDATE at term 0 for changeToCandidate
2019-06-12 17:33:53,196 INFO  impl.RoleInfo (RoleInfo.java:updateAndGet(143)) - 8e30209c-f984-441c-9672-f15f5e0a166d: start LeaderElection
2019-06-12 17:33:53,203 INFO  impl.LeaderElection (LeaderElection.java:logAndReturn(56)) - 5cf782b1-658b-467e-a49e-f1588161afe5:group-757CCF27E307:LeaderElection2: Election PASSED; received 1 response(s) [5cf782b1-658b-467e-a49e-f1588161afe5->9524e640-a7a8-4b96-b85b-0011f2fb0e3b,true-t1] and 0 exception(s); 5cf782b1-658b-467e-a49e-f1588161afe5:t1, leader=null, voted=5cf782b1-658b-467e-a49e-f1588161afe5, raftlog=5cf782b1-658b-467e-a49e-f1588161afe5-SegmentedRaftLog:OPENED:c-1,f-1,i0, conf=-1: [9524e640-a7a8-4b96-b85b-0011f2fb0e3b:192.168.11.227:39061, 5cf782b1-658b-467e-a49e-f1588161afe5:192.168.11.227:35167, 73d24cc5-fecb-4329-bada-e78623ca6c73:192.168.11.227:46705], old=null
2019-06-12 17:33:53,204 INFO  impl.RoleInfo (RoleInfo.java:shutdownLeaderElection(134)) - 5cf782b1-658b-467e-a49e-f1588161afe5: shutdown LeaderElection
2019-06-12 17:33:53,204 INFO  impl.RaftServerImpl (RaftServerImpl.java:setRole(164)) - 5cf782b1-658b-467e-a49e-f1588161afe5:group-757CCF27E307 changes role from CANDIDATE to LEADER at term 1 for changeToLeader
2019-06-12 17:33:53,204 INFO  impl.RaftServerImpl (ServerState.java:setLeader(263)) - 5cf782b1-658b-467e-a49e-f1588161afe5:group-757CCF27E307 change Leader from null to 5cf782b1-658b-467e-a49e-f1588161afe5 at term 1 for becomeLeader, leader elected after 1107ms
2019-06-12 17:33:53,205 INFO  impl.LeaderElection (LeaderElection.java:askForVotes(181)) - 8e30209c-f984-441c-9672-f15f5e0a166d:group-97F4EE4F25ED:LeaderElection5: begin an election at term 1 for -1: [8e30209c-f984-441c-9672-f15f5e0a166d:192.168.11.227:46651], old=null
2019-06-12 17:33:53,206 INFO  server.RaftServerConfigKeys (ConfUtils.java:logGet(43)) - raft.server.staging.catchup.gap = 1000 (default)
2019-06-12 17:33:53,205 INFO  impl.LeaderElection (LeaderElection.java:askForVotes(181)) - 5cf782b1-658b-467e-a49e-f1588161afe5:group-05EAC30265C3:LeaderElection4: begin an election at term 1 for -1: [5cf782b1-658b-467e-a49e-f1588161afe5:192.168.11.227:35167], old=null
2019-06-12 17:33:53,211 INFO  impl.RoleInfo (RoleInfo.java:shutdownLeaderElection(134)) - 5cf782b1-658b-467e-a49e-f1588161afe5: shutdown LeaderElection
2019-06-12 17:33:53,211 INFO  server.RaftServerConfigKeys (ConfUtils.java:logGet(43)) - raft.server.rpc.sleep.time = 25ms (default)
2019-06-12 17:33:53,211 INFO  impl.RoleInfo (RoleInfo.java:shutdownLeaderElection(134)) - 8e30209c-f984-441c-9672-f15f5e0a166d: shutdown LeaderElection
2019-06-12 17:33:53,211 INFO  server.RaftServerConfigKeys (ConfUtils.java:logGet(43)) - raft.server.watch.timeout = 10s (default)
2019-06-12 17:33:53,211 INFO  impl.RaftServerImpl (RaftServerImpl.java:setRole(164)) - 5cf782b1-658b-467e-a49e-f1588161afe5:group-05EAC30265C3 changes role from CANDIDATE to LEADER at term 1 for changeToLeader
2019-06-12 17:33:53,211 INFO  server.RaftServerConfigKeys (ConfUtils.java:logGet(43)) - raft.server.watch.timeout.denomination = 1s (default)
2019-06-12 17:33:53,211 INFO  impl.RaftServerImpl (RaftServerImpl.java:setRole(164)) - 8e30209c-f984-441c-9672-f15f5e0a166d:group-97F4EE4F25ED changes role from CANDIDATE to LEADER at term 1 for changeToLeader
2019-06-12 17:33:53,211 INFO  impl.RaftServerImpl (ServerState.java:setLeader(263)) - 8e30209c-f984-441c-9672-f15f5e0a166d:group-97F4EE4F25ED change Leader from null to 8e30209c-f984-441c-9672-f15f5e0a166d at term 1 for becomeLeader, leader elected after 1166ms
2019-06-12 17:33:53,211 INFO  impl.RaftServerImpl (ServerState.java:setLeader(263)) - 5cf782b1-658b-467e-a49e-f1588161afe5:group-05EAC30265C3 change Leader from null to 5cf782b1-658b-467e-a49e-f1588161afe5 at term 1 for becomeLeader, leader elected after 1202ms
2019-06-12 17:33:53,212 INFO  server.RaftServerConfigKeys (ConfUtils.java:logGet(43)) - raft.server.staging.catchup.gap = 1000 (default)
2019-06-12 17:33:53,212 INFO  server.RaftServerConfigKeys (ConfUtils.java:logGet(43)) - raft.server.rpc.sleep.time = 25ms (default)
2019-06-12 17:33:53,212 INFO  server.RaftServerConfigKeys (ConfUtils.java:logGet(43)) - raft.server.watch.timeout = 10s (default)
2019-06-12 17:33:53,212 INFO  server.RaftServerConfigKeys (ConfUtils.java:logGet(43)) - raft.server.watch.timeout.denomination = 1s (default)
2019-06-12 17:33:53,212 INFO  impl.RoleInfo (RoleInfo.java:updateAndGet(143)) - 5cf782b1-658b-467e-a49e-f1588161afe5: start LeaderState
2019-06-12 17:33:53,212 INFO  storage.RaftLogWorker (RaftLogWorker.java:startLogSegment(298)) - 5cf782b1-658b-467e-a49e-f1588161afe5-RaftLogWorker: Starting segment from index:0
2019-06-12 17:33:53,214 INFO  server.RaftServerConfigKeys (ConfUtils.java:logGet(43)) - raft.server.staging.catchup.gap = 1000 (default)
2019-06-12 17:33:53,214 INFO  server.RaftServerConfigKeys (ConfUtils.java:logGet(43)) - raft.server.rpc.sleep.time = 25ms (default)
2019-06-12 17:33:53,214 INFO  server.RaftServerConfigKeys (ConfUtils.java:logGet(43)) - raft.server.watch.timeout = 10s (default)
2019-06-12 17:33:53,215 INFO  server.RaftServerConfigKeys (ConfUtils.java:logGet(43)) - raft.server.watch.timeout.denomination = 1s (default)
2019-06-12 17:33:53,232 INFO  impl.RoleInfo (RoleInfo.java:updateAndGet(143)) - 8e30209c-f984-441c-9672-f15f5e0a166d: start LeaderState
2019-06-12 17:33:53,233 INFO  storage.RaftLogWorker (RaftLogWorker.java:startLogSegment(298)) - 8e30209c-f984-441c-9672-f15f5e0a166d-RaftLogWorker: Starting segment from index:0
2019-06-12 17:33:53,232 INFO  impl.RaftServerImpl (ServerState.java:setRaftConf(361)) - 5cf782b1-658b-467e-a49e-f1588161afe5:group-05EAC30265C3 set configuration 0: [5cf782b1-658b-467e-a49e-f1588161afe5:192.168.11.227:35167], old=null at 0
2019-06-12 17:33:53,234 INFO  impl.RaftServerImpl (ServerState.java:setRaftConf(361)) - 8e30209c-f984-441c-9672-f15f5e0a166d:group-97F4EE4F25ED set configuration 0: [8e30209c-f984-441c-9672-f15f5e0a166d:192.168.11.227:46651], old=null at 0
2019-06-12 17:33:53,232 INFO  server.RaftServerConfigKeys (ConfUtils.java:logGet(43)) - raft.server.log.appender.snapshot.chunk.size.max = 16MB (=16777216) (default)
2019-06-12 17:33:53,253 INFO  server.RaftServerConfigKeys (ConfUtils.java:logGet(43)) - raft.server.log.appender.buffer.byte-limit = 33554432 (custom)
2019-06-12 17:33:53,254 INFO  server.RaftServerConfigKeys (ConfUtils.java:logGet(43)) - raft.server.log.appender.buffer.element-limit = 1 (custom)
2019-06-12 17:33:53,255 INFO  grpc.GrpcConfigKeys$Server (ConfUtils.java:logGet(43)) - raft.grpc.server.leader.outstanding.appends.max = 128 (default)
2019-06-12 17:33:53,256 INFO  server.RaftServerConfigKeys (ConfUtils.java:logGet(43)) - raft.server.rpc.request.timeout = 3000ms (default)
2019-06-12 17:33:53,256 INFO  server.RaftServerConfigKeys (ConfUtils.java:logGet(43)) - raft.server.log.appender.install.snapshot.enabled = true (default)
2019-06-12 17:33:53,256 INFO  server.RaftServerConfigKeys (ConfUtils.java:logGet(43)) - raft.server.log.appender.snapshot.chunk.size.max = 16MB (=16777216) (default)
2019-06-12 17:33:53,256 INFO  impl.FollowerState (FollowerState.java:run(101)) - a9270d75-2aea-432d-a2fd-e9fe1f4cc6aa:group-213955908AE6 changes to CANDIDATE, lastRpcTime:1039, electionTimeout:1039ms
2019-06-12 17:33:53,256 INFO  impl.RoleInfo (RoleInfo.java:shutdownFollowerState(121)) - a9270d75-2aea-432d-a2fd-e9fe1f4cc6aa: shutdown FollowerState
2019-06-12 17:33:53,256 INFO  impl.RaftServerImpl (RaftServerImpl.java:setRole(164)) - a9270d75-2aea-432d-a2fd-e9fe1f4cc6aa:group-213955908AE6 changes role from FOLLOWER to CANDIDATE at term 0 for changeToCandidate
2019-06-12 17:33:53,256 INFO  impl.RoleInfo (RoleInfo.java:updateAndGet(143)) - a9270d75-2aea-432d-a2fd-e9fe1f4cc6aa: start LeaderElection
2019-06-12 17:33:53,257 INFO  server.RaftServerConfigKeys (ConfUtils.java:logGet(43)) - raft.server.log.appender.buffer.byte-limit = 33554432 (custom)
2019-06-12 17:33:53,257 INFO  storage.RaftLogWorker (RaftLogWorker.java:execute(469)) - 5cf782b1-658b-467e-a49e-f1588161afe5-RaftLogWorker: created new log segment /opt/src/hadoop-ozone/integration-test/target/test-dir/MiniOzoneClusterImpl-8fe99a3c-4fc4-43e9-9a90-c87831c25f25/datanode-1/data/ratis/720eb7d6-1690-4035-88ff-05eac30265c3/current/log_inprogress_0
2019-06-12 17:33:53,257 INFO  server.RaftServerConfigKeys (ConfUtils.java:logGet(43)) - raft.server.log.appender.buffer.element-limit = 1 (custom)
2019-06-12 17:33:53,257 INFO  grpc.GrpcConfigKeys$Server (ConfUtils.java:logGet(43)) - raft.grpc.server.leader.outstanding.appends.max = 128 (default)
2019-06-12 17:33:53,257 INFO  server.RaftServerConfigKeys (ConfUtils.java:logGet(43)) - raft.server.rpc.request.timeout = 3000ms (default)
2019-06-12 17:33:53,257 INFO  server.RaftServerConfigKeys (ConfUtils.java:logGet(43)) - raft.server.log.appender.install.snapshot.enabled = true (default)
2019-06-12 17:33:53,257 INFO  impl.RoleInfo (RoleInfo.java:updateAndGet(143)) - 5cf782b1-658b-467e-a49e-f1588161afe5: start LeaderState
2019-06-12 17:33:53,258 INFO  storage.RaftLogWorker (RaftLogWorker.java:startLogSegment(298)) - 5cf782b1-658b-467e-a49e-f1588161afe5-RaftLogWorker: Starting segment from index:0
2019-06-12 17:33:53,291 INFO  storage.RaftLogWorker (RaftLogWorker.java:execute(469)) - 8e30209c-f984-441c-9672-f15f5e0a166d-RaftLogWorker: created new log segment /opt/src/hadoop-ozone/integration-test/target/test-dir/MiniOzoneClusterImpl-8fe99a3c-4fc4-43e9-9a90-c87831c25f25/datanode-3/data/ratis/3ddc509c-a922-49b3-b4bd-97f4ee4f25ed/current/log_inprogress_0
2019-06-12 17:33:53,293 INFO  impl.LeaderElection (LeaderElection.java:askForVotes(181)) - a9270d75-2aea-432d-a2fd-e9fe1f4cc6aa:group-213955908AE6:LeaderElection6: begin an election at term 1 for -1: [a9270d75-2aea-432d-a2fd-e9fe1f4cc6aa:192.168.11.227:41817], old=null
2019-06-12 17:33:53,293 INFO  impl.RoleInfo (RoleInfo.java:shutdownLeaderElection(134)) - a9270d75-2aea-432d-a2fd-e9fe1f4cc6aa: shutdown LeaderElection
2019-06-12 17:33:53,293 INFO  impl.RaftServerImpl (RaftServerImpl.java:setRole(164)) - a9270d75-2aea-432d-a2fd-e9fe1f4cc6aa:group-213955908AE6 changes role from CANDIDATE to LEADER at term 1 for changeToLeader
2019-06-12 17:33:53,293 INFO  impl.RaftServerImpl (ServerState.java:setLeader(263)) - a9270d75-2aea-432d-a2fd-e9fe1f4cc6aa:group-213955908AE6 change Leader from null to a9270d75-2aea-432d-a2fd-e9fe1f4cc6aa at term 1 for becomeLeader, leader elected after 1078ms
2019-06-12 17:33:53,309 INFO  server.RaftServerConfigKeys (ConfUtils.java:logGet(43)) - raft.server.staging.catchup.gap = 1000 (default)
2019-06-12 17:33:53,309 INFO  impl.RaftServerImpl (ServerState.java:setRaftConf(361)) - 5cf782b1-658b-467e-a49e-f1588161afe5:group-757CCF27E307 set configuration 0: [9524e640-a7a8-4b96-b85b-0011f2fb0e3b:192.168.11.227:39061, 5cf782b1-658b-467e-a49e-f1588161afe5:192.168.11.227:35167, 73d24cc5-fecb-4329-bada-e78623ca6c73:192.168.11.227:46705], old=null at 0
2019-06-12 17:33:53,309 INFO  server.RaftServerConfigKeys (ConfUtils.java:logGet(43)) - raft.server.rpc.sleep.time = 25ms (default)
2019-06-12 17:33:53,311 INFO  server.RaftServerConfigKeys (ConfUtils.java:logGet(43)) - raft.server.watch.timeout = 10s (default)
2019-06-12 17:33:53,311 INFO  server.RaftServerConfigKeys (ConfUtils.java:logGet(43)) - raft.server.watch.timeout.denomination = 1s (default)
2019-06-12 17:33:53,311 INFO  storage.RaftLogWorker (RaftLogWorker.java:execute(469)) - 5cf782b1-658b-467e-a49e-f1588161afe5-RaftLogWorker: created new log segment /opt/src/hadoop-ozone/integration-test/target/test-dir/MiniOzoneClusterImpl-8fe99a3c-4fc4-43e9-9a90-c87831c25f25/datanode-1/data/ratis/4045e171-95c0-48ca-8125-757ccf27e307/current/log_inprogress_0
2019-06-12 17:33:53,311 INFO  impl.RoleInfo (RoleInfo.java:updateAndGet(143)) - a9270d75-2aea-432d-a2fd-e9fe1f4cc6aa: start LeaderState
2019-06-12 17:33:53,311 INFO  storage.RaftLogWorker (RaftLogWorker.java:startLogSegment(298)) - a9270d75-2aea-432d-a2fd-e9fe1f4cc6aa-RaftLogWorker: Starting segment from index:0
2019-06-12 17:33:53,312 INFO  impl.RaftServerImpl (ServerState.java:setRaftConf(361)) - a9270d75-2aea-432d-a2fd-e9fe1f4cc6aa:group-213955908AE6 set configuration 0: [a9270d75-2aea-432d-a2fd-e9fe1f4cc6aa:192.168.11.227:41817], old=null at 0
2019-06-12 17:33:53,349 INFO  storage.RaftLogWorker (RaftLogWorker.java:execute(469)) - a9270d75-2aea-432d-a2fd-e9fe1f4cc6aa-RaftLogWorker: created new log segment /opt/src/hadoop-ozone/integration-test/target/test-dir/MiniOzoneClusterImpl-8fe99a3c-4fc4-43e9-9a90-c87831c25f25/datanode-4/data/ratis/fc14f5c9-89cb-44a0-b6ee-213955908ae6/current/log_inprogress_0
2019-06-12 17:33:53,358 INFO  impl.RaftServerImpl (ServerState.java:setLeader(263)) - 73d24cc5-fecb-4329-bada-e78623ca6c73:group-757CCF27E307 change Leader from null to 5cf782b1-658b-467e-a49e-f1588161afe5 at term 1 for appendEntries, leader elected after 1263ms
2019-06-12 17:33:53,359 INFO  impl.RaftServerImpl (ServerState.java:setLeader(263)) - 9524e640-a7a8-4b96-b85b-0011f2fb0e3b:group-757CCF27E307 change Leader from null to 5cf782b1-658b-467e-a49e-f1588161afe5 at term 1 for appendEntries, leader elected after 1262ms
2019-06-12 17:33:53,379 INFO  impl.RaftServerImpl (ServerState.java:setRaftConf(361)) - 9524e640-a7a8-4b96-b85b-0011f2fb0e3b:group-757CCF27E307 set configuration 0: [9524e640-a7a8-4b96-b85b-0011f2fb0e3b:192.168.11.227:39061, 5cf782b1-658b-467e-a49e-f1588161afe5:192.168.11.227:35167, 73d24cc5-fecb-4329-bada-e78623ca6c73:192.168.11.227:46705], old=null at 0
2019-06-12 17:33:53,379 INFO  storage.RaftLogWorker (RaftLogWorker.java:startLogSegment(298)) - 9524e640-a7a8-4b96-b85b-0011f2fb0e3b-RaftLogWorker: Starting segment from index:0
2019-06-12 17:33:53,380 INFO  impl.RaftServerImpl (ServerState.java:setRaftConf(361)) - 73d24cc5-fecb-4329-bada-e78623ca6c73:group-757CCF27E307 set configuration 0: [9524e640-a7a8-4b96-b85b-0011f2fb0e3b:192.168.11.227:39061, 5cf782b1-658b-467e-a49e-f1588161afe5:192.168.11.227:35167, 73d24cc5-fecb-4329-bada-e78623ca6c73:192.168.11.227:46705], old=null at 0
2019-06-12 17:33:53,381 INFO  storage.RaftLogWorker (RaftLogWorker.java:startLogSegment(298)) - 73d24cc5-fecb-4329-bada-e78623ca6c73-RaftLogWorker: Starting segment from index:0
2019-06-12 17:33:53,417 INFO  storage.RaftLogWorker (RaftLogWorker.java:execute(469)) - 9524e640-a7a8-4b96-b85b-0011f2fb0e3b-RaftLogWorker: created new log segment /opt/src/hadoop-ozone/integration-test/target/test-dir/MiniOzoneClusterImpl-8fe99a3c-4fc4-43e9-9a90-c87831c25f25/datanode-2/data/ratis/4045e171-95c0-48ca-8125-757ccf27e307/current/log_inprogress_0
2019-06-12 17:33:53,418 INFO  storage.RaftLogWorker (RaftLogWorker.java:execute(469)) - 73d24cc5-fecb-4329-bada-e78623ca6c73-RaftLogWorker: created new log segment /opt/src/hadoop-ozone/integration-test/target/test-dir/MiniOzoneClusterImpl-8fe99a3c-4fc4-43e9-9a90-c87831c25f25/datanode-0/data/ratis/4045e171-95c0-48ca-8125-757ccf27e307/current/log_inprogress_0
2019-06-12 17:33:53,473 INFO  ozone.MiniOzoneClusterImpl (MiniOzoneClusterImpl.java:lambda$waitForClusterToBeReady$0(142)) - Cluster is ready. Got 6 of 6 DN Heartbeats.
]]></system-out>
    <system-err><![CDATA[ERROR StatusLogger No Log4j 2 configuration file found. Using default configuration (logging only errors to the console), or user programmatically provided configurations. Set system property 'log4j2.debug' to show Log4j 2 internal initialization logging. See https://logging.apache.org/log4j/2.x/manual/configuration.html for instructions on how to configure Log4j 2
Jun 12, 2019 5:33:46 PM com.sun.jersey.server.impl.application.WebApplicationImpl _initiate
INFO: Initiating Jersey application, version 'Jersey: 1.19 02/11/2015 03:25 AM'
Jun 12, 2019 5:33:47 PM com.sun.jersey.server.impl.application.WebApplicationImpl _initiate
INFO: Initiating Jersey application, version 'Jersey: 1.19 02/11/2015 03:25 AM'
Jun 12, 2019 5:33:47 PM com.sun.jersey.server.impl.application.WebApplicationImpl _initiate
INFO: Initiating Jersey application, version 'Jersey: 1.19 02/11/2015 03:25 AM'
Jun 12, 2019 5:33:47 PM com.sun.jersey.server.impl.application.WebApplicationImpl _initiate
INFO: Initiating Jersey application, version 'Jersey: 1.19 02/11/2015 03:25 AM'
Jun 12, 2019 5:33:48 PM com.sun.jersey.server.impl.application.WebApplicationImpl _initiate
INFO: Initiating Jersey application, version 'Jersey: 1.19 02/11/2015 03:25 AM'
Jun 12, 2019 5:33:48 PM com.sun.jersey.server.impl.application.WebApplicationImpl _initiate
INFO: Initiating Jersey application, version 'Jersey: 1.19 02/11/2015 03:25 AM'
]]></system-err>
  </testcase>
</testsuite>