<?xml version="1.0" encoding="UTF-8"?>
<testsuite xmlns:xsi="http://www.w3.org/2001/XMLSchema-instance" xsi:noNamespaceSchemaLocation="https://maven.apache.org/surefire/maven-surefire-plugin/xsd/surefire-test-report.xsd" name="org.apache.hadoop.ozone.client.rpc.TestOzoneClientRetriesOnException" time="22.663" tests="2" errors="1" skipped="0" failures="0">
  <properties>
    <property name="awt.toolkit" value="sun.awt.X11.XToolkit"/>
    <property name="file.encoding.pkg" value="sun.io"/>
    <property name="java.specification.version" value="1.8"/>
    <property name="sun.cpu.isalist" value=""/>
    <property name="sun.jnu.encoding" value="UTF-8"/>
    <property name="java.class.path" value="/opt/src/hadoop-ozone/integration-test/target/test-classes:/opt/src/hadoop-ozone/integration-test/target/classes:/root/.m2/repository/org/apache/hadoop/hadoop-ozone-common/0.5.0-SNAPSHOT/hadoop-ozone-common-0.5.0-SNAPSHOT.jar:/root/.m2/repository/org/apache/commons/commons-compress/1.4.1/commons-compress-1.4.1.jar:/root/.m2/repository/org/tukaani/xz/1.0/xz-1.0.jar:/root/.m2/repository/org/apache/hadoop/hadoop-common/3.2.0/hadoop-common-3.2.0.jar:/root/.m2/repository/org/apache/hadoop/hadoop-hdfs/3.2.0/hadoop-hdfs-3.2.0.jar:/root/.m2/repository/org/apache/hadoop/hadoop-hdfs-client/3.2.0/hadoop-hdfs-client-3.2.0.jar:/root/.m2/repository/com/fasterxml/jackson/core/jackson-annotations/2.9.5/jackson-annotations-2.9.5.jar:/root/.m2/repository/org/apache/hadoop/hadoop-hdds-common/0.5.0-SNAPSHOT/hadoop-hdds-common-0.5.0-SNAPSHOT.jar:/root/.m2/repository/javax/annotation/javax.annotation-api/1.2/javax.annotation-api-1.2.jar:/root/.m2/repository/org/apache/ratis/ratis-server/0.4.0-fe2b15d-SNAPSHOT/ratis-server-0.4.0-fe2b15d-SNAPSHOT.jar:/root/.m2/repository/org/apache/ratis/ratis-thirdparty-misc/0.2.0/ratis-thirdparty-misc-0.2.0.jar:/root/.m2/repository/org/apache/ratis/ratis-proto/0.4.0-fe2b15d-SNAPSHOT/ratis-proto-0.4.0-fe2b15d-SNAPSHOT.jar:/root/.m2/repository/org/apache/ratis/ratis-common/0.4.0-fe2b15d-SNAPSHOT/ratis-common-0.4.0-fe2b15d-SNAPSHOT.jar:/root/.m2/repository/org/apache/ratis/ratis-client/0.4.0-fe2b15d-SNAPSHOT/ratis-client-0.4.0-fe2b15d-SNAPSHOT.jar:/root/.m2/repository/org/apache/ratis/ratis-netty/0.4.0-fe2b15d-SNAPSHOT/ratis-netty-0.4.0-fe2b15d-SNAPSHOT.jar:/root/.m2/repository/org/apache/ratis/ratis-grpc/0.4.0-fe2b15d-SNAPSHOT/ratis-grpc-0.4.0-fe2b15d-SNAPSHOT.jar:/root/.m2/repository/org/rocksdb/rocksdbjni/5.14.2/rocksdbjni-5.14.2.jar:/root/.m2/repository/org/apache/logging/log4j/log4j-api/2.11.0/log4j-api-2.11.0.jar:/root/.m2/repository/org/apache/logging/log4j/log4j-core/2.11.0/log4j-core-2.11.0.jar:/root/.m2/repository/com/lmax/disruptor/3.4.2/disruptor-3.4.2.jar:/root/.m2/repository/org/apache/commons/commons-pool2/2.6.0/commons-pool2-2.6.0.jar:/root/.m2/repository/org/bouncycastle/bcpkix-jdk15on/1.60/bcpkix-jdk15on-1.60.jar:/root/.m2/repository/commons-validator/commons-validator/1.6/commons-validator-1.6.jar:/root/.m2/repository/commons-digester/commons-digester/1.8.1/commons-digester-1.8.1.jar:/root/.m2/repository/io/jaegertracing/jaeger-client/0.33.1/jaeger-client-0.33.1.jar:/root/.m2/repository/io/jaegertracing/jaeger-thrift/0.33.1/jaeger-thrift-0.33.1.jar:/root/.m2/repository/org/apache/thrift/libthrift/0.11.0/libthrift-0.11.0.jar:/root/.m2/repository/com/squareup/okhttp3/okhttp/3.9.0/okhttp-3.9.0.jar:/root/.m2/repository/com/squareup/okio/okio/1.13.0/okio-1.13.0.jar:/root/.m2/repository/io/jaegertracing/jaeger-core/0.33.1/jaeger-core-0.33.1.jar:/root/.m2/repository/io/jaegertracing/jaeger-tracerresolver/0.33.1/jaeger-tracerresolver-0.33.1.jar:/root/.m2/repository/io/opentracing/contrib/opentracing-tracerresolver/0.1.5/opentracing-tracerresolver-0.1.5.jar:/root/.m2/repository/io/opentracing/opentracing-util/0.31.0/opentracing-util-0.31.0.jar:/root/.m2/repository/io/opentracing/opentracing-api/0.31.0/opentracing-api-0.31.0.jar:/root/.m2/repository/io/opentracing/opentracing-noop/0.31.0/opentracing-noop-0.31.0.jar:/root/.m2/repository/org/apache/hadoop/hadoop-hdds-server-framework/0.5.0-SNAPSHOT/hadoop-hdds-server-framework-0.5.0-SNAPSHOT.jar:/root/.m2/repository/org/apache/hadoop/hadoop-hdds-server-scm/0.5.0-SNAPSHOT/hadoop-hdds-server-scm-0.5.0-SNAPSHOT.jar:/root/.m2/repository/org/apache/hadoop/hadoop-hdds-container-service/0.5.0-SNAPSHOT/hadoop-hdds-container-service-0.5.0-SNAPSHOT.jar:/root/.m2/repository/org/apache/hadoop/hadoop-hdds-client/0.5.0-SNAPSHOT/hadoop-hdds-client-0.5.0-SNAPSHOT.jar:/root/.m2/repository/org/apache/hadoop/hadoop-hdds-tools/0.5.0-SNAPSHOT/hadoop-hdds-tools-0.5.0-SNAPSHOT.jar:/root/.m2/repository/org/apache/hadoop/hadoop-ozone-ozone-manager/0.5.0-SNAPSHOT/hadoop-ozone-ozone-manager-0.5.0-SNAPSHOT.jar:/root/.m2/repository/org/apache/hadoop/hadoop-hdds-docs/0.5.0-SNAPSHOT/hadoop-hdds-docs-0.5.0-SNAPSHOT.jar:/root/.m2/repository/org/bouncycastle/bcprov-jdk15on/1.60/bcprov-jdk15on-1.60.jar:/root/.m2/repository/org/apache/hadoop/hadoop-minikdc/3.2.0/hadoop-minikdc-3.2.0.jar:/root/.m2/repository/commons-io/commons-io/2.5/commons-io-2.5.jar:/root/.m2/repository/org/apache/kerby/kerb-simplekdc/1.0.1/kerb-simplekdc-1.0.1.jar:/root/.m2/repository/org/apache/kerby/kerb-client/1.0.1/kerb-client-1.0.1.jar:/root/.m2/repository/org/apache/kerby/kerby-config/1.0.1/kerby-config-1.0.1.jar:/root/.m2/repository/org/apache/kerby/kerb-core/1.0.1/kerb-core-1.0.1.jar:/root/.m2/repository/org/apache/kerby/kerby-pkix/1.0.1/kerby-pkix-1.0.1.jar:/root/.m2/repository/org/apache/kerby/kerby-asn1/1.0.1/kerby-asn1-1.0.1.jar:/root/.m2/repository/org/apache/kerby/kerby-util/1.0.1/kerby-util-1.0.1.jar:/root/.m2/repository/org/apache/kerby/kerb-common/1.0.1/kerb-common-1.0.1.jar:/root/.m2/repository/org/apache/kerby/kerb-crypto/1.0.1/kerb-crypto-1.0.1.jar:/root/.m2/repository/org/apache/kerby/kerb-util/1.0.1/kerb-util-1.0.1.jar:/root/.m2/repository/org/apache/kerby/token-provider/1.0.1/token-provider-1.0.1.jar:/root/.m2/repository/org/apache/kerby/kerb-admin/1.0.1/kerb-admin-1.0.1.jar:/root/.m2/repository/org/apache/kerby/kerb-server/1.0.1/kerb-server-1.0.1.jar:/root/.m2/repository/org/apache/kerby/kerb-identity/1.0.1/kerb-identity-1.0.1.jar:/root/.m2/repository/org/apache/kerby/kerby-xdr/1.0.1/kerby-xdr-1.0.1.jar:/root/.m2/repository/org/slf4j/slf4j-log4j12/1.7.25/slf4j-log4j12-1.7.25.jar:/root/.m2/repository/org/apache/hadoop/hadoop-ozone-objectstore-service/0.5.0-SNAPSHOT/hadoop-ozone-objectstore-service-0.5.0-SNAPSHOT.jar:/root/.m2/repository/org/apache/hadoop/hadoop-ozone-s3gateway/0.5.0-SNAPSHOT/hadoop-ozone-s3gateway-0.5.0-SNAPSHOT.jar:/root/.m2/repository/org/jboss/weld/servlet/weld-servlet/2.4.7.Final/weld-servlet-2.4.7.Final.jar:/root/.m2/repository/org/glassfish/jersey/containers/jersey-container-servlet-core/2.27/jersey-container-servlet-core-2.27.jar:/root/.m2/repository/org/glassfish/hk2/external/javax.inject/2.5.0-b42/javax.inject-2.5.0-b42.jar:/root/.m2/repository/org/glassfish/jersey/core/jersey-common/2.27/jersey-common-2.27.jar:/root/.m2/repository/org/glassfish/hk2/osgi-resource-locator/1.0.1/osgi-resource-locator-1.0.1.jar:/root/.m2/repository/javax/ws/rs/javax.ws.rs-api/2.1/javax.ws.rs-api-2.1.jar:/root/.m2/repository/org/glassfish/jersey/ext/cdi/jersey-cdi1x/2.27/jersey-cdi1x-2.27.jar:/root/.m2/repository/org/glassfish/jersey/inject/jersey-hk2/2.27/jersey-hk2-2.27.jar:/root/.m2/repository/org/glassfish/hk2/hk2-locator/2.5.0-b42/hk2-locator-2.5.0-b42.jar:/root/.m2/repository/org/javassist/javassist/3.22.0-CR2/javassist-3.22.0-CR2.jar:/root/.m2/repository/org/glassfish/hk2/hk2-api/2.5.0/hk2-api-2.5.0.jar:/root/.m2/repository/org/glassfish/hk2/external/jakarta.inject/2.5.0/jakarta.inject-2.5.0.jar:/root/.m2/repository/org/glassfish/hk2/hk2-utils/2.5.0/hk2-utils-2.5.0.jar:/root/.m2/repository/jakarta/annotation/jakarta.annotation-api/1.3.4/jakarta.annotation-api-1.3.4.jar:/root/.m2/repository/org/glassfish/hk2/external/aopalliance-repackaged/2.5.0/aopalliance-repackaged-2.5.0.jar:/root/.m2/repository/com/fasterxml/jackson/dataformat/jackson-dataformat-xml/2.9.0/jackson-dataformat-xml-2.9.0.jar:/root/.m2/repository/com/fasterxml/jackson/core/jackson-core/2.9.5/jackson-core-2.9.5.jar:/root/.m2/repository/com/fasterxml/jackson/module/jackson-module-jaxb-annotations/2.9.5/jackson-module-jaxb-annotations-2.9.5.jar:/root/.m2/repository/javax/enterprise/cdi-api/1.2/cdi-api-1.2.jar:/root/.m2/repository/javax/el/javax.el-api/3.0.0/javax.el-api-3.0.0.jar:/root/.m2/repository/javax/interceptor/javax.interceptor-api/1.2/javax.interceptor-api-1.2.jar:/root/.m2/repository/javax/inject/javax.inject/1/javax.inject-1.jar:/root/.m2/repository/com/sun/xml/bind/jaxb-impl/2.3.0.1/jaxb-impl-2.3.0.1.jar:/root/.m2/repository/com/sun/xml/bind/jaxb-core/2.3.0.1/jaxb-core-2.3.0.1.jar:/root/.m2/repository/javax/xml/bind/jaxb-api/2.3.0/jaxb-api-2.3.0.jar:/root/.m2/repository/javax/activation/activation/1.1.1/activation-1.1.1.jar:/root/.m2/repository/org/apache/hadoop/hadoop-ozone-csi/0.5.0-SNAPSHOT/hadoop-ozone-csi-0.5.0-SNAPSHOT.jar:/root/.m2/repository/com/google/protobuf/protobuf-java-util/3.5.1/protobuf-java-util-3.5.1.jar:/root/.m2/repository/org/apache/hadoop/hadoop-hdds-config/0.5.0-SNAPSHOT/hadoop-hdds-config-0.5.0-SNAPSHOT.jar:/root/.m2/repository/com/google/guava/guava/11.0.2/guava-11.0.2.jar:/root/.m2/repository/com/google/protobuf/protobuf-java/2.5.0/protobuf-java-2.5.0.jar:/root/.m2/repository/io/grpc/grpc-netty/1.17.1/grpc-netty-1.17.1.jar:/root/.m2/repository/io/grpc/grpc-core/1.17.1/grpc-core-1.17.1.jar:/root/.m2/repository/io/grpc/grpc-context/1.17.1/grpc-context-1.17.1.jar:/root/.m2/repository/com/google/errorprone/error_prone_annotations/2.2.0/error_prone_annotations-2.2.0.jar:/root/.m2/repository/org/codehaus/mojo/animal-sniffer-annotations/1.17/animal-sniffer-annotations-1.17.jar:/root/.m2/repository/io/opencensus/opencensus-api/0.17.0/opencensus-api-0.17.0.jar:/root/.m2/repository/io/opencensus/opencensus-contrib-grpc-metrics/0.17.0/opencensus-contrib-grpc-metrics-0.17.0.jar:/root/.m2/repository/io/netty/netty-codec-http2/4.1.30.Final/netty-codec-http2-4.1.30.Final.jar:/root/.m2/repository/io/netty/netty-codec-http/4.1.30.Final/netty-codec-http-4.1.30.Final.jar:/root/.m2/repository/io/netty/netty-codec/4.1.30.Final/netty-codec-4.1.30.Final.jar:/root/.m2/repository/io/netty/netty-handler/4.1.30.Final/netty-handler-4.1.30.Final.jar:/root/.m2/repository/io/netty/netty-handler-proxy/4.1.30.Final/netty-handler-proxy-4.1.30.Final.jar:/root/.m2/repository/io/netty/netty-codec-socks/4.1.30.Final/netty-codec-socks-4.1.30.Final.jar:/root/.m2/repository/io/netty/netty-transport-native-epoll/4.1.30.Final/netty-transport-native-epoll-4.1.30.Final.jar:/root/.m2/repository/io/netty/netty-common/4.1.30.Final/netty-common-4.1.30.Final.jar:/root/.m2/repository/io/netty/netty-buffer/4.1.30.Final/netty-buffer-4.1.30.Final.jar:/root/.m2/repository/io/netty/netty-transport/4.1.30.Final/netty-transport-4.1.30.Final.jar:/root/.m2/repository/io/netty/netty-resolver/4.1.30.Final/netty-resolver-4.1.30.Final.jar:/root/.m2/repository/io/netty/netty-transport-native-unix-common/4.1.30.Final/netty-transport-native-unix-common-4.1.30.Final.jar:/root/.m2/repository/io/grpc/grpc-protobuf/1.17.1/grpc-protobuf-1.17.1.jar:/root/.m2/repository/com/google/api/grpc/proto-google-common-protos/1.0.0/proto-google-common-protos-1.0.0.jar:/root/.m2/repository/io/grpc/grpc-protobuf-lite/1.17.1/grpc-protobuf-lite-1.17.1.jar:/root/.m2/repository/io/grpc/grpc-stub/1.17.1/grpc-stub-1.17.1.jar:/root/.m2/repository/org/apache/hadoop/hadoop-ozone-recon/0.5.0-SNAPSHOT/hadoop-ozone-recon-0.5.0-SNAPSHOT.jar:/root/.m2/repository/org/apache/hadoop/hadoop-ozone-reconcodegen/0.5.0-SNAPSHOT/hadoop-ozone-reconcodegen-0.5.0-SNAPSHOT.jar:/root/.m2/repository/com/google/inject/extensions/guice-multibindings/4.0/guice-multibindings-4.0.jar:/root/.m2/repository/com/google/inject/guice/4.0/guice-4.0.jar:/root/.m2/repository/aopalliance/aopalliance/1.0/aopalliance-1.0.jar:/root/.m2/repository/com/google/inject/extensions/guice-servlet/4.0/guice-servlet-4.0.jar:/root/.m2/repository/org/glassfish/jersey/containers/jersey-container-servlet/2.27/jersey-container-servlet-2.27.jar:/root/.m2/repository/org/glassfish/hk2/guice-bridge/2.5.0/guice-bridge-2.5.0.jar:/root/.m2/repository/org/glassfish/jersey/core/jersey-server/2.27/jersey-server-2.27.jar:/root/.m2/repository/org/glassfish/jersey/core/jersey-client/2.27/jersey-client-2.27.jar:/root/.m2/repository/org/glassfish/jersey/media/jersey-media-jaxb/2.27/jersey-media-jaxb-2.27.jar:/root/.m2/repository/javax/validation/validation-api/1.1.0.Final/validation-api-1.1.0.Final.jar:/root/.m2/repository/org/glassfish/jersey/media/jersey-media-json-jackson/2.27/jersey-media-json-jackson-2.27.jar:/root/.m2/repository/org/glassfish/jersey/ext/jersey-entity-filtering/2.27/jersey-entity-filtering-2.27.jar:/root/.m2/repository/com/google/inject/extensions/guice-assistedinject/4.0/guice-assistedinject-4.0.jar:/root/.m2/repository/org/jooq/jooq/3.11.10/jooq-3.11.10.jar:/root/.m2/repository/org/jooq/jooq-meta/3.11.10/jooq-meta-3.11.10.jar:/root/.m2/repository/org/jooq/jooq-codegen/3.11.10/jooq-codegen-3.11.10.jar:/root/.m2/repository/com/jolbox/bonecp/0.8.0.RELEASE/bonecp-0.8.0.RELEASE.jar:/root/.m2/repository/org/xerial/sqlite-jdbc/3.25.2/sqlite-jdbc-3.25.2.jar:/root/.m2/repository/org/springframework/spring-jdbc/5.1.3.RELEASE/spring-jdbc-5.1.3.RELEASE.jar:/root/.m2/repository/org/springframework/spring-beans/5.1.3.RELEASE/spring-beans-5.1.3.RELEASE.jar:/root/.m2/repository/org/springframework/spring-core/5.1.3.RELEASE/spring-core-5.1.3.RELEASE.jar:/root/.m2/repository/org/springframework/spring-jcl/5.1.3.RELEASE/spring-jcl-5.1.3.RELEASE.jar:/root/.m2/repository/org/springframework/spring-tx/5.1.3.RELEASE/spring-tx-5.1.3.RELEASE.jar:/root/.m2/repository/org/apache/hadoop/hadoop-ozone-client/0.5.0-SNAPSHOT/hadoop-ozone-client-0.5.0-SNAPSHOT.jar:/root/.m2/repository/org/apache/hadoop/hadoop-ozone-ozone-manager/0.5.0-SNAPSHOT/hadoop-ozone-ozone-manager-0.5.0-SNAPSHOT-tests.jar:/root/.m2/repository/junit/junit/4.11/junit-4.11.jar:/root/.m2/repository/org/hamcrest/hamcrest-core/1.3/hamcrest-core-1.3.jar:/root/.m2/repository/org/openjdk/jmh/jmh-core/1.19/jmh-core-1.19.jar:/root/.m2/repository/net/sf/jopt-simple/jopt-simple/4.6/jopt-simple-4.6.jar:/root/.m2/repository/org/apache/commons/commons-math3/3.1.1/commons-math3-3.1.1.jar:/root/.m2/repository/org/openjdk/jmh/jmh-generator-annprocess/1.19/jmh-generator-annprocess-1.19.jar:/root/.m2/repository/org/mockito/mockito-all/1.8.5/mockito-all-1.8.5.jar:/root/.m2/repository/org/apache/hadoop/hadoop-kms/3.2.0/hadoop-kms-3.2.0.jar:/root/.m2/repository/org/apache/hadoop/hadoop-auth/3.2.0/hadoop-auth-3.2.0.jar:/root/.m2/repository/com/nimbusds/nimbus-jose-jwt/4.41.1/nimbus-jose-jwt-4.41.1.jar:/root/.m2/repository/com/github/stephenc/jcip/jcip-annotations/1.0-1/jcip-annotations-1.0-1.jar:/root/.m2/repository/net/minidev/json-smart/2.3/json-smart-2.3.jar:/root/.m2/repository/net/minidev/accessors-smart/1.2/accessors-smart-1.2.jar:/root/.m2/repository/org/ow2/asm/asm/5.0.4/asm-5.0.4.jar:/root/.m2/repository/org/apache/curator/curator-framework/2.12.0/curator-framework-2.12.0.jar:/root/.m2/repository/com/sun/jersey/jersey-core/1.19/jersey-core-1.19.jar:/root/.m2/repository/javax/ws/rs/jsr311-api/1.1.1/jsr311-api-1.1.1.jar:/root/.m2/repository/com/sun/jersey/jersey-server/1.19/jersey-server-1.19.jar:/root/.m2/repository/javax/servlet/javax.servlet-api/3.1.0/javax.servlet-api-3.1.0.jar:/root/.m2/repository/org/eclipse/jetty/jetty-server/9.3.24.v20180605/jetty-server-9.3.24.v20180605.jar:/root/.m2/repository/org/eclipse/jetty/jetty-http/9.3.24.v20180605/jetty-http-9.3.24.v20180605.jar:/root/.m2/repository/org/eclipse/jetty/jetty-io/9.3.24.v20180605/jetty-io-9.3.24.v20180605.jar:/root/.m2/repository/org/eclipse/jetty/jetty-webapp/9.3.24.v20180605/jetty-webapp-9.3.24.v20180605.jar:/root/.m2/repository/org/eclipse/jetty/jetty-xml/9.3.24.v20180605/jetty-xml-9.3.24.v20180605.jar:/root/.m2/repository/log4j/log4j/1.2.17/log4j-1.2.17.jar:/root/.m2/repository/org/slf4j/slf4j-api/1.7.25/slf4j-api-1.7.25.jar:/root/.m2/repository/org/slf4j/jul-to-slf4j/1.7.25/jul-to-slf4j-1.7.25.jar:/root/.m2/repository/org/eclipse/jetty/jetty-util/9.3.24.v20180605/jetty-util-9.3.24.v20180605.jar:/root/.m2/repository/io/dropwizard/metrics/metrics-core/3.2.4/metrics-core-3.2.4.jar:/root/.m2/repository/com/fasterxml/jackson/core/jackson-databind/2.9.5/jackson-databind-2.9.5.jar:/root/.m2/repository/org/apache/hadoop/hadoop-kms/3.2.0/hadoop-kms-3.2.0-tests.jar:/root/.m2/repository/org/apache/hadoop/hadoop-hdds-server-scm/0.5.0-SNAPSHOT/hadoop-hdds-server-scm-0.5.0-SNAPSHOT-tests.jar:/root/.m2/repository/org/hamcrest/hamcrest-all/1.3/hamcrest-all-1.3.jar:/root/.m2/repository/info/picocli/picocli/3.9.6/picocli-3.9.6.jar:/root/.m2/repository/org/apache/hadoop/hadoop-hdds-container-service/0.5.0-SNAPSHOT/hadoop-hdds-container-service-0.5.0-SNAPSHOT-tests.jar:/root/.m2/repository/org/yaml/snakeyaml/1.16/snakeyaml-1.16.jar:/root/.m2/repository/org/apache/hadoop/hadoop-common/3.2.0/hadoop-common-3.2.0-tests.jar:/root/.m2/repository/org/apache/hadoop/hadoop-annotations/3.2.0/hadoop-annotations-3.2.0.jar:/usr/lib/jvm/java-1.8-openjdk/jre/../lib/tools.jar:/root/.m2/repository/commons-cli/commons-cli/1.2/commons-cli-1.2.jar:/root/.m2/repository/org/apache/httpcomponents/httpclient/4.5.2/httpclient-4.5.2.jar:/root/.m2/repository/org/apache/httpcomponents/httpcore/4.4.4/httpcore-4.4.4.jar:/root/.m2/repository/commons-codec/commons-codec/1.11/commons-codec-1.11.jar:/root/.m2/repository/commons-net/commons-net/3.6/commons-net-3.6.jar:/root/.m2/repository/commons-collections/commons-collections/3.2.2/commons-collections-3.2.2.jar:/root/.m2/repository/org/eclipse/jetty/jetty-servlet/9.3.24.v20180605/jetty-servlet-9.3.24.v20180605.jar:/root/.m2/repository/org/eclipse/jetty/jetty-security/9.3.24.v20180605/jetty-security-9.3.24.v20180605.jar:/root/.m2/repository/javax/servlet/jsp/jsp-api/2.1/jsp-api-2.1.jar:/root/.m2/repository/com/sun/jersey/jersey-servlet/1.19/jersey-servlet-1.19.jar:/root/.m2/repository/com/sun/jersey/jersey-json/1.19/jersey-json-1.19.jar:/root/.m2/repository/org/codehaus/jettison/jettison/1.1/jettison-1.1.jar:/root/.m2/repository/org/codehaus/jackson/jackson-core-asl/1.9.13/jackson-core-asl-1.9.13.jar:/root/.m2/repository/org/codehaus/jackson/jackson-mapper-asl/1.9.13/jackson-mapper-asl-1.9.13.jar:/root/.m2/repository/org/codehaus/jackson/jackson-jaxrs/1.9.13/jackson-jaxrs-1.9.13.jar:/root/.m2/repository/org/codehaus/jackson/jackson-xc/1.9.13/jackson-xc-1.9.13.jar:/root/.m2/repository/commons-logging/commons-logging/1.1.3/commons-logging-1.1.3.jar:/root/.m2/repository/commons-beanutils/commons-beanutils/1.9.3/commons-beanutils-1.9.3.jar:/root/.m2/repository/org/apache/commons/commons-configuration2/2.1.1/commons-configuration2-2.1.1.jar:/root/.m2/repository/org/apache/commons/commons-lang3/3.7/commons-lang3-3.7.jar:/root/.m2/repository/org/apache/commons/commons-text/1.4/commons-text-1.4.jar:/root/.m2/repository/org/apache/avro/avro/1.7.7/avro-1.7.7.jar:/root/.m2/repository/com/thoughtworks/paranamer/paranamer/2.3/paranamer-2.3.jar:/root/.m2/repository/org/xerial/snappy/snappy-java/1.0.5/snappy-java-1.0.5.jar:/root/.m2/repository/com/google/re2j/re2j/1.1/re2j-1.1.jar:/root/.m2/repository/com/google/code/gson/gson/2.2.4/gson-2.2.4.jar:/root/.m2/repository/com/jcraft/jsch/0.1.54/jsch-0.1.54.jar:/root/.m2/repository/org/apache/curator/curator-client/2.12.0/curator-client-2.12.0.jar:/root/.m2/repository/org/apache/curator/curator-recipes/2.12.0/curator-recipes-2.12.0.jar:/root/.m2/repository/com/google/code/findbugs/jsr305/3.0.0/jsr305-3.0.0.jar:/root/.m2/repository/org/apache/htrace/htrace-core4/4.1.0-incubating/htrace-core4-4.1.0-incubating.jar:/root/.m2/repository/org/apache/zookeeper/zookeeper/3.4.13/zookeeper-3.4.13.jar:/root/.m2/repository/org/apache/yetus/audience-annotations/0.5.0/audience-annotations-0.5.0.jar:/root/.m2/repository/org/codehaus/woodstox/stax2-api/3.1.4/stax2-api-3.1.4.jar:/root/.m2/repository/com/fasterxml/woodstox/woodstox-core/5.0.3/woodstox-core-5.0.3.jar:/root/.m2/repository/dnsjava/dnsjava/2.1.7/dnsjava-2.1.7.jar:/root/.m2/repository/org/apache/hadoop/hadoop-hdfs/3.2.0/hadoop-hdfs-3.2.0-tests.jar:/root/.m2/repository/org/eclipse/jetty/jetty-util-ajax/9.3.24.v20180605/jetty-util-ajax-9.3.24.v20180605.jar:/root/.m2/repository/commons-daemon/commons-daemon/1.0.13/commons-daemon-1.0.13.jar:/root/.m2/repository/io/netty/netty/3.10.5.Final/netty-3.10.5.Final.jar:/root/.m2/repository/io/netty/netty-all/4.0.52.Final/netty-all-4.0.52.Final.jar:/root/.m2/repository/org/fusesource/leveldbjni/leveldbjni-all/1.8/leveldbjni-all-1.8.jar:"/>
    <property name="java.vm.vendor" value="IcedTea"/>
    <property name="sun.arch.data.model" value="64"/>
    <property name="test.build.dir" value="/opt/src/hadoop-ozone/integration-test/target/test-dir"/>
    <property name="test.cache.data" value=""/>
    <property name="java.vendor.url" value="https://icedtea.classpath.org"/>
    <property name="user.timezone" value=""/>
    <property name="java.vm.specification.version" value="1.8"/>
    <property name="os.name" value="Linux"/>
    <property name="test.build.data" value="/opt/src/hadoop-ozone/integration-test/target/test-dir"/>
    <property name="user.country" value="US"/>
    <property name="sun.java.launcher" value="SUN_STANDARD"/>
    <property name="sun.boot.library.path" value="/usr/lib/jvm/java-1.8-openjdk/jre/lib/amd64"/>
    <property name="sun.java.command" value="/opt/src/hadoop-ozone/integration-test/target/surefire/surefirebooter3931245401484507827.jar /opt/src/hadoop-ozone/integration-test/target/surefire 2019-06-12T13-16-08_598-jvmRun1 surefire5779923001891461631tmp surefire_25909063273090358921tmp"/>
    <property name="surefire.test.class.path" value="/opt/src/hadoop-ozone/integration-test/target/test-classes:/opt/src/hadoop-ozone/integration-test/target/classes:/root/.m2/repository/org/apache/hadoop/hadoop-ozone-common/0.5.0-SNAPSHOT/hadoop-ozone-common-0.5.0-SNAPSHOT.jar:/root/.m2/repository/org/apache/commons/commons-compress/1.4.1/commons-compress-1.4.1.jar:/root/.m2/repository/org/tukaani/xz/1.0/xz-1.0.jar:/root/.m2/repository/org/apache/hadoop/hadoop-common/3.2.0/hadoop-common-3.2.0.jar:/root/.m2/repository/org/apache/hadoop/hadoop-hdfs/3.2.0/hadoop-hdfs-3.2.0.jar:/root/.m2/repository/org/apache/hadoop/hadoop-hdfs-client/3.2.0/hadoop-hdfs-client-3.2.0.jar:/root/.m2/repository/com/fasterxml/jackson/core/jackson-annotations/2.9.5/jackson-annotations-2.9.5.jar:/root/.m2/repository/org/apache/hadoop/hadoop-hdds-common/0.5.0-SNAPSHOT/hadoop-hdds-common-0.5.0-SNAPSHOT.jar:/root/.m2/repository/javax/annotation/javax.annotation-api/1.2/javax.annotation-api-1.2.jar:/root/.m2/repository/org/apache/ratis/ratis-server/0.4.0-fe2b15d-SNAPSHOT/ratis-server-0.4.0-fe2b15d-SNAPSHOT.jar:/root/.m2/repository/org/apache/ratis/ratis-thirdparty-misc/0.2.0/ratis-thirdparty-misc-0.2.0.jar:/root/.m2/repository/org/apache/ratis/ratis-proto/0.4.0-fe2b15d-SNAPSHOT/ratis-proto-0.4.0-fe2b15d-SNAPSHOT.jar:/root/.m2/repository/org/apache/ratis/ratis-common/0.4.0-fe2b15d-SNAPSHOT/ratis-common-0.4.0-fe2b15d-SNAPSHOT.jar:/root/.m2/repository/org/apache/ratis/ratis-client/0.4.0-fe2b15d-SNAPSHOT/ratis-client-0.4.0-fe2b15d-SNAPSHOT.jar:/root/.m2/repository/org/apache/ratis/ratis-netty/0.4.0-fe2b15d-SNAPSHOT/ratis-netty-0.4.0-fe2b15d-SNAPSHOT.jar:/root/.m2/repository/org/apache/ratis/ratis-grpc/0.4.0-fe2b15d-SNAPSHOT/ratis-grpc-0.4.0-fe2b15d-SNAPSHOT.jar:/root/.m2/repository/org/rocksdb/rocksdbjni/5.14.2/rocksdbjni-5.14.2.jar:/root/.m2/repository/org/apache/logging/log4j/log4j-api/2.11.0/log4j-api-2.11.0.jar:/root/.m2/repository/org/apache/logging/log4j/log4j-core/2.11.0/log4j-core-2.11.0.jar:/root/.m2/repository/com/lmax/disruptor/3.4.2/disruptor-3.4.2.jar:/root/.m2/repository/org/apache/commons/commons-pool2/2.6.0/commons-pool2-2.6.0.jar:/root/.m2/repository/org/bouncycastle/bcpkix-jdk15on/1.60/bcpkix-jdk15on-1.60.jar:/root/.m2/repository/commons-validator/commons-validator/1.6/commons-validator-1.6.jar:/root/.m2/repository/commons-digester/commons-digester/1.8.1/commons-digester-1.8.1.jar:/root/.m2/repository/io/jaegertracing/jaeger-client/0.33.1/jaeger-client-0.33.1.jar:/root/.m2/repository/io/jaegertracing/jaeger-thrift/0.33.1/jaeger-thrift-0.33.1.jar:/root/.m2/repository/org/apache/thrift/libthrift/0.11.0/libthrift-0.11.0.jar:/root/.m2/repository/com/squareup/okhttp3/okhttp/3.9.0/okhttp-3.9.0.jar:/root/.m2/repository/com/squareup/okio/okio/1.13.0/okio-1.13.0.jar:/root/.m2/repository/io/jaegertracing/jaeger-core/0.33.1/jaeger-core-0.33.1.jar:/root/.m2/repository/io/jaegertracing/jaeger-tracerresolver/0.33.1/jaeger-tracerresolver-0.33.1.jar:/root/.m2/repository/io/opentracing/contrib/opentracing-tracerresolver/0.1.5/opentracing-tracerresolver-0.1.5.jar:/root/.m2/repository/io/opentracing/opentracing-util/0.31.0/opentracing-util-0.31.0.jar:/root/.m2/repository/io/opentracing/opentracing-api/0.31.0/opentracing-api-0.31.0.jar:/root/.m2/repository/io/opentracing/opentracing-noop/0.31.0/opentracing-noop-0.31.0.jar:/root/.m2/repository/org/apache/hadoop/hadoop-hdds-server-framework/0.5.0-SNAPSHOT/hadoop-hdds-server-framework-0.5.0-SNAPSHOT.jar:/root/.m2/repository/org/apache/hadoop/hadoop-hdds-server-scm/0.5.0-SNAPSHOT/hadoop-hdds-server-scm-0.5.0-SNAPSHOT.jar:/root/.m2/repository/org/apache/hadoop/hadoop-hdds-container-service/0.5.0-SNAPSHOT/hadoop-hdds-container-service-0.5.0-SNAPSHOT.jar:/root/.m2/repository/org/apache/hadoop/hadoop-hdds-client/0.5.0-SNAPSHOT/hadoop-hdds-client-0.5.0-SNAPSHOT.jar:/root/.m2/repository/org/apache/hadoop/hadoop-hdds-tools/0.5.0-SNAPSHOT/hadoop-hdds-tools-0.5.0-SNAPSHOT.jar:/root/.m2/repository/org/apache/hadoop/hadoop-ozone-ozone-manager/0.5.0-SNAPSHOT/hadoop-ozone-ozone-manager-0.5.0-SNAPSHOT.jar:/root/.m2/repository/org/apache/hadoop/hadoop-hdds-docs/0.5.0-SNAPSHOT/hadoop-hdds-docs-0.5.0-SNAPSHOT.jar:/root/.m2/repository/org/bouncycastle/bcprov-jdk15on/1.60/bcprov-jdk15on-1.60.jar:/root/.m2/repository/org/apache/hadoop/hadoop-minikdc/3.2.0/hadoop-minikdc-3.2.0.jar:/root/.m2/repository/commons-io/commons-io/2.5/commons-io-2.5.jar:/root/.m2/repository/org/apache/kerby/kerb-simplekdc/1.0.1/kerb-simplekdc-1.0.1.jar:/root/.m2/repository/org/apache/kerby/kerb-client/1.0.1/kerb-client-1.0.1.jar:/root/.m2/repository/org/apache/kerby/kerby-config/1.0.1/kerby-config-1.0.1.jar:/root/.m2/repository/org/apache/kerby/kerb-core/1.0.1/kerb-core-1.0.1.jar:/root/.m2/repository/org/apache/kerby/kerby-pkix/1.0.1/kerby-pkix-1.0.1.jar:/root/.m2/repository/org/apache/kerby/kerby-asn1/1.0.1/kerby-asn1-1.0.1.jar:/root/.m2/repository/org/apache/kerby/kerby-util/1.0.1/kerby-util-1.0.1.jar:/root/.m2/repository/org/apache/kerby/kerb-common/1.0.1/kerb-common-1.0.1.jar:/root/.m2/repository/org/apache/kerby/kerb-crypto/1.0.1/kerb-crypto-1.0.1.jar:/root/.m2/repository/org/apache/kerby/kerb-util/1.0.1/kerb-util-1.0.1.jar:/root/.m2/repository/org/apache/kerby/token-provider/1.0.1/token-provider-1.0.1.jar:/root/.m2/repository/org/apache/kerby/kerb-admin/1.0.1/kerb-admin-1.0.1.jar:/root/.m2/repository/org/apache/kerby/kerb-server/1.0.1/kerb-server-1.0.1.jar:/root/.m2/repository/org/apache/kerby/kerb-identity/1.0.1/kerb-identity-1.0.1.jar:/root/.m2/repository/org/apache/kerby/kerby-xdr/1.0.1/kerby-xdr-1.0.1.jar:/root/.m2/repository/org/slf4j/slf4j-log4j12/1.7.25/slf4j-log4j12-1.7.25.jar:/root/.m2/repository/org/apache/hadoop/hadoop-ozone-objectstore-service/0.5.0-SNAPSHOT/hadoop-ozone-objectstore-service-0.5.0-SNAPSHOT.jar:/root/.m2/repository/org/apache/hadoop/hadoop-ozone-s3gateway/0.5.0-SNAPSHOT/hadoop-ozone-s3gateway-0.5.0-SNAPSHOT.jar:/root/.m2/repository/org/jboss/weld/servlet/weld-servlet/2.4.7.Final/weld-servlet-2.4.7.Final.jar:/root/.m2/repository/org/glassfish/jersey/containers/jersey-container-servlet-core/2.27/jersey-container-servlet-core-2.27.jar:/root/.m2/repository/org/glassfish/hk2/external/javax.inject/2.5.0-b42/javax.inject-2.5.0-b42.jar:/root/.m2/repository/org/glassfish/jersey/core/jersey-common/2.27/jersey-common-2.27.jar:/root/.m2/repository/org/glassfish/hk2/osgi-resource-locator/1.0.1/osgi-resource-locator-1.0.1.jar:/root/.m2/repository/javax/ws/rs/javax.ws.rs-api/2.1/javax.ws.rs-api-2.1.jar:/root/.m2/repository/org/glassfish/jersey/ext/cdi/jersey-cdi1x/2.27/jersey-cdi1x-2.27.jar:/root/.m2/repository/org/glassfish/jersey/inject/jersey-hk2/2.27/jersey-hk2-2.27.jar:/root/.m2/repository/org/glassfish/hk2/hk2-locator/2.5.0-b42/hk2-locator-2.5.0-b42.jar:/root/.m2/repository/org/javassist/javassist/3.22.0-CR2/javassist-3.22.0-CR2.jar:/root/.m2/repository/org/glassfish/hk2/hk2-api/2.5.0/hk2-api-2.5.0.jar:/root/.m2/repository/org/glassfish/hk2/external/jakarta.inject/2.5.0/jakarta.inject-2.5.0.jar:/root/.m2/repository/org/glassfish/hk2/hk2-utils/2.5.0/hk2-utils-2.5.0.jar:/root/.m2/repository/jakarta/annotation/jakarta.annotation-api/1.3.4/jakarta.annotation-api-1.3.4.jar:/root/.m2/repository/org/glassfish/hk2/external/aopalliance-repackaged/2.5.0/aopalliance-repackaged-2.5.0.jar:/root/.m2/repository/com/fasterxml/jackson/dataformat/jackson-dataformat-xml/2.9.0/jackson-dataformat-xml-2.9.0.jar:/root/.m2/repository/com/fasterxml/jackson/core/jackson-core/2.9.5/jackson-core-2.9.5.jar:/root/.m2/repository/com/fasterxml/jackson/module/jackson-module-jaxb-annotations/2.9.5/jackson-module-jaxb-annotations-2.9.5.jar:/root/.m2/repository/javax/enterprise/cdi-api/1.2/cdi-api-1.2.jar:/root/.m2/repository/javax/el/javax.el-api/3.0.0/javax.el-api-3.0.0.jar:/root/.m2/repository/javax/interceptor/javax.interceptor-api/1.2/javax.interceptor-api-1.2.jar:/root/.m2/repository/javax/inject/javax.inject/1/javax.inject-1.jar:/root/.m2/repository/com/sun/xml/bind/jaxb-impl/2.3.0.1/jaxb-impl-2.3.0.1.jar:/root/.m2/repository/com/sun/xml/bind/jaxb-core/2.3.0.1/jaxb-core-2.3.0.1.jar:/root/.m2/repository/javax/xml/bind/jaxb-api/2.3.0/jaxb-api-2.3.0.jar:/root/.m2/repository/javax/activation/activation/1.1.1/activation-1.1.1.jar:/root/.m2/repository/org/apache/hadoop/hadoop-ozone-csi/0.5.0-SNAPSHOT/hadoop-ozone-csi-0.5.0-SNAPSHOT.jar:/root/.m2/repository/com/google/protobuf/protobuf-java-util/3.5.1/protobuf-java-util-3.5.1.jar:/root/.m2/repository/org/apache/hadoop/hadoop-hdds-config/0.5.0-SNAPSHOT/hadoop-hdds-config-0.5.0-SNAPSHOT.jar:/root/.m2/repository/com/google/guava/guava/11.0.2/guava-11.0.2.jar:/root/.m2/repository/com/google/protobuf/protobuf-java/2.5.0/protobuf-java-2.5.0.jar:/root/.m2/repository/io/grpc/grpc-netty/1.17.1/grpc-netty-1.17.1.jar:/root/.m2/repository/io/grpc/grpc-core/1.17.1/grpc-core-1.17.1.jar:/root/.m2/repository/io/grpc/grpc-context/1.17.1/grpc-context-1.17.1.jar:/root/.m2/repository/com/google/errorprone/error_prone_annotations/2.2.0/error_prone_annotations-2.2.0.jar:/root/.m2/repository/org/codehaus/mojo/animal-sniffer-annotations/1.17/animal-sniffer-annotations-1.17.jar:/root/.m2/repository/io/opencensus/opencensus-api/0.17.0/opencensus-api-0.17.0.jar:/root/.m2/repository/io/opencensus/opencensus-contrib-grpc-metrics/0.17.0/opencensus-contrib-grpc-metrics-0.17.0.jar:/root/.m2/repository/io/netty/netty-codec-http2/4.1.30.Final/netty-codec-http2-4.1.30.Final.jar:/root/.m2/repository/io/netty/netty-codec-http/4.1.30.Final/netty-codec-http-4.1.30.Final.jar:/root/.m2/repository/io/netty/netty-codec/4.1.30.Final/netty-codec-4.1.30.Final.jar:/root/.m2/repository/io/netty/netty-handler/4.1.30.Final/netty-handler-4.1.30.Final.jar:/root/.m2/repository/io/netty/netty-handler-proxy/4.1.30.Final/netty-handler-proxy-4.1.30.Final.jar:/root/.m2/repository/io/netty/netty-codec-socks/4.1.30.Final/netty-codec-socks-4.1.30.Final.jar:/root/.m2/repository/io/netty/netty-transport-native-epoll/4.1.30.Final/netty-transport-native-epoll-4.1.30.Final.jar:/root/.m2/repository/io/netty/netty-common/4.1.30.Final/netty-common-4.1.30.Final.jar:/root/.m2/repository/io/netty/netty-buffer/4.1.30.Final/netty-buffer-4.1.30.Final.jar:/root/.m2/repository/io/netty/netty-transport/4.1.30.Final/netty-transport-4.1.30.Final.jar:/root/.m2/repository/io/netty/netty-resolver/4.1.30.Final/netty-resolver-4.1.30.Final.jar:/root/.m2/repository/io/netty/netty-transport-native-unix-common/4.1.30.Final/netty-transport-native-unix-common-4.1.30.Final.jar:/root/.m2/repository/io/grpc/grpc-protobuf/1.17.1/grpc-protobuf-1.17.1.jar:/root/.m2/repository/com/google/api/grpc/proto-google-common-protos/1.0.0/proto-google-common-protos-1.0.0.jar:/root/.m2/repository/io/grpc/grpc-protobuf-lite/1.17.1/grpc-protobuf-lite-1.17.1.jar:/root/.m2/repository/io/grpc/grpc-stub/1.17.1/grpc-stub-1.17.1.jar:/root/.m2/repository/org/apache/hadoop/hadoop-ozone-recon/0.5.0-SNAPSHOT/hadoop-ozone-recon-0.5.0-SNAPSHOT.jar:/root/.m2/repository/org/apache/hadoop/hadoop-ozone-reconcodegen/0.5.0-SNAPSHOT/hadoop-ozone-reconcodegen-0.5.0-SNAPSHOT.jar:/root/.m2/repository/com/google/inject/extensions/guice-multibindings/4.0/guice-multibindings-4.0.jar:/root/.m2/repository/com/google/inject/guice/4.0/guice-4.0.jar:/root/.m2/repository/aopalliance/aopalliance/1.0/aopalliance-1.0.jar:/root/.m2/repository/com/google/inject/extensions/guice-servlet/4.0/guice-servlet-4.0.jar:/root/.m2/repository/org/glassfish/jersey/containers/jersey-container-servlet/2.27/jersey-container-servlet-2.27.jar:/root/.m2/repository/org/glassfish/hk2/guice-bridge/2.5.0/guice-bridge-2.5.0.jar:/root/.m2/repository/org/glassfish/jersey/core/jersey-server/2.27/jersey-server-2.27.jar:/root/.m2/repository/org/glassfish/jersey/core/jersey-client/2.27/jersey-client-2.27.jar:/root/.m2/repository/org/glassfish/jersey/media/jersey-media-jaxb/2.27/jersey-media-jaxb-2.27.jar:/root/.m2/repository/javax/validation/validation-api/1.1.0.Final/validation-api-1.1.0.Final.jar:/root/.m2/repository/org/glassfish/jersey/media/jersey-media-json-jackson/2.27/jersey-media-json-jackson-2.27.jar:/root/.m2/repository/org/glassfish/jersey/ext/jersey-entity-filtering/2.27/jersey-entity-filtering-2.27.jar:/root/.m2/repository/com/google/inject/extensions/guice-assistedinject/4.0/guice-assistedinject-4.0.jar:/root/.m2/repository/org/jooq/jooq/3.11.10/jooq-3.11.10.jar:/root/.m2/repository/org/jooq/jooq-meta/3.11.10/jooq-meta-3.11.10.jar:/root/.m2/repository/org/jooq/jooq-codegen/3.11.10/jooq-codegen-3.11.10.jar:/root/.m2/repository/com/jolbox/bonecp/0.8.0.RELEASE/bonecp-0.8.0.RELEASE.jar:/root/.m2/repository/org/xerial/sqlite-jdbc/3.25.2/sqlite-jdbc-3.25.2.jar:/root/.m2/repository/org/springframework/spring-jdbc/5.1.3.RELEASE/spring-jdbc-5.1.3.RELEASE.jar:/root/.m2/repository/org/springframework/spring-beans/5.1.3.RELEASE/spring-beans-5.1.3.RELEASE.jar:/root/.m2/repository/org/springframework/spring-core/5.1.3.RELEASE/spring-core-5.1.3.RELEASE.jar:/root/.m2/repository/org/springframework/spring-jcl/5.1.3.RELEASE/spring-jcl-5.1.3.RELEASE.jar:/root/.m2/repository/org/springframework/spring-tx/5.1.3.RELEASE/spring-tx-5.1.3.RELEASE.jar:/root/.m2/repository/org/apache/hadoop/hadoop-ozone-client/0.5.0-SNAPSHOT/hadoop-ozone-client-0.5.0-SNAPSHOT.jar:/root/.m2/repository/org/apache/hadoop/hadoop-ozone-ozone-manager/0.5.0-SNAPSHOT/hadoop-ozone-ozone-manager-0.5.0-SNAPSHOT-tests.jar:/root/.m2/repository/junit/junit/4.11/junit-4.11.jar:/root/.m2/repository/org/hamcrest/hamcrest-core/1.3/hamcrest-core-1.3.jar:/root/.m2/repository/org/openjdk/jmh/jmh-core/1.19/jmh-core-1.19.jar:/root/.m2/repository/net/sf/jopt-simple/jopt-simple/4.6/jopt-simple-4.6.jar:/root/.m2/repository/org/apache/commons/commons-math3/3.1.1/commons-math3-3.1.1.jar:/root/.m2/repository/org/openjdk/jmh/jmh-generator-annprocess/1.19/jmh-generator-annprocess-1.19.jar:/root/.m2/repository/org/mockito/mockito-all/1.8.5/mockito-all-1.8.5.jar:/root/.m2/repository/org/apache/hadoop/hadoop-kms/3.2.0/hadoop-kms-3.2.0.jar:/root/.m2/repository/org/apache/hadoop/hadoop-auth/3.2.0/hadoop-auth-3.2.0.jar:/root/.m2/repository/com/nimbusds/nimbus-jose-jwt/4.41.1/nimbus-jose-jwt-4.41.1.jar:/root/.m2/repository/com/github/stephenc/jcip/jcip-annotations/1.0-1/jcip-annotations-1.0-1.jar:/root/.m2/repository/net/minidev/json-smart/2.3/json-smart-2.3.jar:/root/.m2/repository/net/minidev/accessors-smart/1.2/accessors-smart-1.2.jar:/root/.m2/repository/org/ow2/asm/asm/5.0.4/asm-5.0.4.jar:/root/.m2/repository/org/apache/curator/curator-framework/2.12.0/curator-framework-2.12.0.jar:/root/.m2/repository/com/sun/jersey/jersey-core/1.19/jersey-core-1.19.jar:/root/.m2/repository/javax/ws/rs/jsr311-api/1.1.1/jsr311-api-1.1.1.jar:/root/.m2/repository/com/sun/jersey/jersey-server/1.19/jersey-server-1.19.jar:/root/.m2/repository/javax/servlet/javax.servlet-api/3.1.0/javax.servlet-api-3.1.0.jar:/root/.m2/repository/org/eclipse/jetty/jetty-server/9.3.24.v20180605/jetty-server-9.3.24.v20180605.jar:/root/.m2/repository/org/eclipse/jetty/jetty-http/9.3.24.v20180605/jetty-http-9.3.24.v20180605.jar:/root/.m2/repository/org/eclipse/jetty/jetty-io/9.3.24.v20180605/jetty-io-9.3.24.v20180605.jar:/root/.m2/repository/org/eclipse/jetty/jetty-webapp/9.3.24.v20180605/jetty-webapp-9.3.24.v20180605.jar:/root/.m2/repository/org/eclipse/jetty/jetty-xml/9.3.24.v20180605/jetty-xml-9.3.24.v20180605.jar:/root/.m2/repository/log4j/log4j/1.2.17/log4j-1.2.17.jar:/root/.m2/repository/org/slf4j/slf4j-api/1.7.25/slf4j-api-1.7.25.jar:/root/.m2/repository/org/slf4j/jul-to-slf4j/1.7.25/jul-to-slf4j-1.7.25.jar:/root/.m2/repository/org/eclipse/jetty/jetty-util/9.3.24.v20180605/jetty-util-9.3.24.v20180605.jar:/root/.m2/repository/io/dropwizard/metrics/metrics-core/3.2.4/metrics-core-3.2.4.jar:/root/.m2/repository/com/fasterxml/jackson/core/jackson-databind/2.9.5/jackson-databind-2.9.5.jar:/root/.m2/repository/org/apache/hadoop/hadoop-kms/3.2.0/hadoop-kms-3.2.0-tests.jar:/root/.m2/repository/org/apache/hadoop/hadoop-hdds-server-scm/0.5.0-SNAPSHOT/hadoop-hdds-server-scm-0.5.0-SNAPSHOT-tests.jar:/root/.m2/repository/org/hamcrest/hamcrest-all/1.3/hamcrest-all-1.3.jar:/root/.m2/repository/info/picocli/picocli/3.9.6/picocli-3.9.6.jar:/root/.m2/repository/org/apache/hadoop/hadoop-hdds-container-service/0.5.0-SNAPSHOT/hadoop-hdds-container-service-0.5.0-SNAPSHOT-tests.jar:/root/.m2/repository/org/yaml/snakeyaml/1.16/snakeyaml-1.16.jar:/root/.m2/repository/org/apache/hadoop/hadoop-common/3.2.0/hadoop-common-3.2.0-tests.jar:/root/.m2/repository/org/apache/hadoop/hadoop-annotations/3.2.0/hadoop-annotations-3.2.0.jar:/usr/lib/jvm/java-1.8-openjdk/jre/../lib/tools.jar:/root/.m2/repository/commons-cli/commons-cli/1.2/commons-cli-1.2.jar:/root/.m2/repository/org/apache/httpcomponents/httpclient/4.5.2/httpclient-4.5.2.jar:/root/.m2/repository/org/apache/httpcomponents/httpcore/4.4.4/httpcore-4.4.4.jar:/root/.m2/repository/commons-codec/commons-codec/1.11/commons-codec-1.11.jar:/root/.m2/repository/commons-net/commons-net/3.6/commons-net-3.6.jar:/root/.m2/repository/commons-collections/commons-collections/3.2.2/commons-collections-3.2.2.jar:/root/.m2/repository/org/eclipse/jetty/jetty-servlet/9.3.24.v20180605/jetty-servlet-9.3.24.v20180605.jar:/root/.m2/repository/org/eclipse/jetty/jetty-security/9.3.24.v20180605/jetty-security-9.3.24.v20180605.jar:/root/.m2/repository/javax/servlet/jsp/jsp-api/2.1/jsp-api-2.1.jar:/root/.m2/repository/com/sun/jersey/jersey-servlet/1.19/jersey-servlet-1.19.jar:/root/.m2/repository/com/sun/jersey/jersey-json/1.19/jersey-json-1.19.jar:/root/.m2/repository/org/codehaus/jettison/jettison/1.1/jettison-1.1.jar:/root/.m2/repository/org/codehaus/jackson/jackson-core-asl/1.9.13/jackson-core-asl-1.9.13.jar:/root/.m2/repository/org/codehaus/jackson/jackson-mapper-asl/1.9.13/jackson-mapper-asl-1.9.13.jar:/root/.m2/repository/org/codehaus/jackson/jackson-jaxrs/1.9.13/jackson-jaxrs-1.9.13.jar:/root/.m2/repository/org/codehaus/jackson/jackson-xc/1.9.13/jackson-xc-1.9.13.jar:/root/.m2/repository/commons-logging/commons-logging/1.1.3/commons-logging-1.1.3.jar:/root/.m2/repository/commons-beanutils/commons-beanutils/1.9.3/commons-beanutils-1.9.3.jar:/root/.m2/repository/org/apache/commons/commons-configuration2/2.1.1/commons-configuration2-2.1.1.jar:/root/.m2/repository/org/apache/commons/commons-lang3/3.7/commons-lang3-3.7.jar:/root/.m2/repository/org/apache/commons/commons-text/1.4/commons-text-1.4.jar:/root/.m2/repository/org/apache/avro/avro/1.7.7/avro-1.7.7.jar:/root/.m2/repository/com/thoughtworks/paranamer/paranamer/2.3/paranamer-2.3.jar:/root/.m2/repository/org/xerial/snappy/snappy-java/1.0.5/snappy-java-1.0.5.jar:/root/.m2/repository/com/google/re2j/re2j/1.1/re2j-1.1.jar:/root/.m2/repository/com/google/code/gson/gson/2.2.4/gson-2.2.4.jar:/root/.m2/repository/com/jcraft/jsch/0.1.54/jsch-0.1.54.jar:/root/.m2/repository/org/apache/curator/curator-client/2.12.0/curator-client-2.12.0.jar:/root/.m2/repository/org/apache/curator/curator-recipes/2.12.0/curator-recipes-2.12.0.jar:/root/.m2/repository/com/google/code/findbugs/jsr305/3.0.0/jsr305-3.0.0.jar:/root/.m2/repository/org/apache/htrace/htrace-core4/4.1.0-incubating/htrace-core4-4.1.0-incubating.jar:/root/.m2/repository/org/apache/zookeeper/zookeeper/3.4.13/zookeeper-3.4.13.jar:/root/.m2/repository/org/apache/yetus/audience-annotations/0.5.0/audience-annotations-0.5.0.jar:/root/.m2/repository/org/codehaus/woodstox/stax2-api/3.1.4/stax2-api-3.1.4.jar:/root/.m2/repository/com/fasterxml/woodstox/woodstox-core/5.0.3/woodstox-core-5.0.3.jar:/root/.m2/repository/dnsjava/dnsjava/2.1.7/dnsjava-2.1.7.jar:/root/.m2/repository/org/apache/hadoop/hadoop-hdfs/3.2.0/hadoop-hdfs-3.2.0-tests.jar:/root/.m2/repository/org/eclipse/jetty/jetty-util-ajax/9.3.24.v20180605/jetty-util-ajax-9.3.24.v20180605.jar:/root/.m2/repository/commons-daemon/commons-daemon/1.0.13/commons-daemon-1.0.13.jar:/root/.m2/repository/io/netty/netty/3.10.5.Final/netty-3.10.5.Final.jar:/root/.m2/repository/io/netty/netty-all/4.0.52.Final/netty-all-4.0.52.Final.jar:/root/.m2/repository/org/fusesource/leveldbjni/leveldbjni-all/1.8/leveldbjni-all-1.8.jar:"/>
    <property name="sun.cpu.endian" value="little"/>
    <property name="user.home" value="/root"/>
    <property name="user.language" value="en"/>
    <property name="java.specification.vendor" value="Oracle Corporation"/>
    <property name="java.home" value="/usr/lib/jvm/java-1.8-openjdk/jre"/>
    <property name="java.security.krb5.conf" value="/opt/src/hadoop-ozone/integration-test/target/test-classes/krb5.conf"/>
    <property name="basedir" value="/opt/src/hadoop-ozone/integration-test"/>
    <property name="file.separator" value="/"/>
    <property name="line.separator" value="&#10;"/>
    <property name="java.vm.specification.vendor" value="Oracle Corporation"/>
    <property name="java.specification.name" value="Java Platform API Specification"/>
    <property name="java.awt.graphicsenv" value="sun.awt.X11GraphicsEnvironment"/>
    <property name="surefire.real.class.path" value="/opt/src/hadoop-ozone/integration-test/target/surefire/surefirebooter3931245401484507827.jar"/>
    <property name="hadoop.log.dir" value="/opt/src/hadoop-ozone/integration-test/target/log"/>
    <property name="sun.boot.class.path" value="/usr/lib/jvm/java-1.8-openjdk/jre/lib/resources.jar:/usr/lib/jvm/java-1.8-openjdk/jre/lib/rt.jar:/usr/lib/jvm/java-1.8-openjdk/jre/lib/sunrsasign.jar:/usr/lib/jvm/java-1.8-openjdk/jre/lib/jsse.jar:/usr/lib/jvm/java-1.8-openjdk/jre/lib/jce.jar:/usr/lib/jvm/java-1.8-openjdk/jre/lib/charsets.jar:/usr/lib/jvm/java-1.8-openjdk/jre/lib/jfr.jar:/usr/lib/jvm/java-1.8-openjdk/jre/classes"/>
    <property name="sun.management.compiler" value="HotSpot 64-Bit Tiered Compilers"/>
    <property name="java.runtime.version" value="1.8.0_212-b04"/>
    <property name="java.net.preferIPv4Stack" value="true"/>
    <property name="user.name" value="root"/>
    <property name="path.separator" value=":"/>
    <property name="java.security.egd" value="file:///dev/urandom"/>
    <property name="os.version" value="4.15.0-1021-aws"/>
    <property name="java.endorsed.dirs" value="/usr/lib/jvm/java-1.8-openjdk/jre/lib/endorsed"/>
    <property name="java.runtime.name" value="OpenJDK Runtime Environment"/>
    <property name="file.encoding" value="UTF-8"/>
    <property name="java.vm.name" value="OpenJDK 64-Bit Server VM"/>
    <property name="test.build.webapps" value=""/>
    <property name="localRepository" value="/root/.m2/repository"/>
    <property name="java.vendor.url.bug" value="https://icedtea.classpath.org/bugzilla"/>
    <property name="java.io.tmpdir" value="/tmp"/>
    <property name="require.test.libhadoop" value=""/>
    <property name="java.version" value="1.8.0_212"/>
    <property name="user.dir" value="/opt/src/hadoop-ozone/integration-test"/>
    <property name="os.arch" value="amd64"/>
    <property name="java.vm.specification.name" value="Java Virtual Machine Specification"/>
    <property name="test.build.classes" value="/opt/src/hadoop-ozone/integration-test/target/test-classes"/>
    <property name="java.awt.printerjob" value="sun.print.PSPrinterJob"/>
    <property name="sun.os.patch.level" value="unknown"/>
    <property name="hadoop.tmp.dir" value="/opt/src/hadoop-ozone/integration-test/target/tmp"/>
    <property name="java.library.path" value="/usr/lib/jvm/java-1.8-openjdk/jre/lib/amd64/server:/usr/lib/jvm/java-1.8-openjdk/jre/lib/amd64:/usr/lib/jvm/java-1.8-openjdk/jre/../lib/amd64:/opt/src/hadoop-ozone/integration-test/target/native/target/usr/local/lib:/opt/src/hadoop-ozone/integration-test/../../hadoop-common-project/hadoop-common/target/native/target/usr/local/lib:/usr/java/packages/lib/amd64:/usr/lib64:/lib64:/lib:/usr/lib"/>
    <property name="java.vm.info" value="mixed mode"/>
    <property name="java.vendor" value="IcedTea"/>
    <property name="java.vm.version" value="25.212-b04"/>
    <property name="java.ext.dirs" value="/usr/lib/jvm/java-1.8-openjdk/jre/lib/ext:/usr/java/packages/lib/ext"/>
    <property name="sun.io.unicode.encoding" value="UnicodeLittle"/>
    <property name="java.class.version" value="52.0"/>
  </properties>
  <testcase name="testGroupMismatchExceptionHandling" classname="org.apache.hadoop.ozone.client.rpc.TestOzoneClientRetriesOnException" time="15.406"/>
  <testcase name="testMaxRetriesByOzoneClient" classname="org.apache.hadoop.ozone.client.rpc.TestOzoneClientRetriesOnException" time="7.055">
    <error message="Failed to command cmdType: CreateContainer&#10;containerID: 1&#10;datanodeUuid: &quot;2f12874f-5c6e-49ee-a382-210f379e72c8&quot;&#10;createContainer {&#10;}&#10;" type="java.io.IOException">java.io.IOException: 
Failed to command cmdType: CreateContainer
containerID: 1
datanodeUuid: "2f12874f-5c6e-49ee-a382-210f379e72c8"
createContainer {
}

	at org.apache.hadoop.hdds.scm.XceiverClientSpi.sendCommand(XceiverClientSpi.java:113)
	at org.apache.hadoop.ozone.client.rpc.TestOzoneClientRetriesOnException.testMaxRetriesByOzoneClient(TestOzoneClientRetriesOnException.java:190)
	at sun.reflect.NativeMethodAccessorImpl.invoke0(Native Method)
	at sun.reflect.NativeMethodAccessorImpl.invoke(NativeMethodAccessorImpl.java:62)
	at sun.reflect.DelegatingMethodAccessorImpl.invoke(DelegatingMethodAccessorImpl.java:43)
	at java.lang.reflect.Method.invoke(Method.java:498)
	at org.junit.runners.model.FrameworkMethod$1.runReflectiveCall(FrameworkMethod.java:47)
	at org.junit.internal.runners.model.ReflectiveCallable.run(ReflectiveCallable.java:12)
	at org.junit.runners.model.FrameworkMethod.invokeExplosively(FrameworkMethod.java:44)
	at org.junit.internal.runners.statements.InvokeMethod.evaluate(InvokeMethod.java:17)
	at org.junit.internal.runners.statements.RunBefores.evaluate(RunBefores.java:26)
	at org.junit.internal.runners.statements.RunAfters.evaluate(RunAfters.java:27)
	at org.junit.runners.ParentRunner.runLeaf(ParentRunner.java:271)
	at org.junit.runners.BlockJUnit4ClassRunner.runChild(BlockJUnit4ClassRunner.java:70)
	at org.junit.runners.BlockJUnit4ClassRunner.runChild(BlockJUnit4ClassRunner.java:50)
	at org.junit.runners.ParentRunner$3.run(ParentRunner.java:238)
	at org.junit.runners.ParentRunner$1.schedule(ParentRunner.java:63)
	at org.junit.runners.ParentRunner.runChildren(ParentRunner.java:236)
	at org.junit.runners.ParentRunner.access$000(ParentRunner.java:53)
	at org.junit.runners.ParentRunner$2.evaluate(ParentRunner.java:229)
	at org.junit.runners.ParentRunner.run(ParentRunner.java:309)
	at org.apache.maven.surefire.junit4.JUnit4Provider.execute(JUnit4Provider.java:365)
	at org.apache.maven.surefire.junit4.JUnit4Provider.executeWithRerun(JUnit4Provider.java:273)
	at org.apache.maven.surefire.junit4.JUnit4Provider.executeTestSet(JUnit4Provider.java:238)
	at org.apache.maven.surefire.junit4.JUnit4Provider.invoke(JUnit4Provider.java:159)
	at org.apache.maven.surefire.booter.ForkedBooter.invokeProviderInSameClassLoader(ForkedBooter.java:384)
	at org.apache.maven.surefire.booter.ForkedBooter.runSuitesInProcess(ForkedBooter.java:345)
	at org.apache.maven.surefire.booter.ForkedBooter.execute(ForkedBooter.java:126)
	at org.apache.maven.surefire.booter.ForkedBooter.main(ForkedBooter.java:418)
Caused by: java.util.concurrent.ExecutionException: org.apache.ratis.protocol.StateMachineException: java.util.concurrent.CompletionException: java.lang.IllegalArgumentException
	at java.util.concurrent.CompletableFuture.reportGet(CompletableFuture.java:357)
	at java.util.concurrent.CompletableFuture.get(CompletableFuture.java:1895)
	at org.apache.hadoop.hdds.scm.XceiverClientSpi.sendCommand(XceiverClientSpi.java:110)
	... 28 more
Caused by: org.apache.ratis.protocol.StateMachineException: java.util.concurrent.CompletionException: java.lang.IllegalArgumentException
	at java.util.concurrent.CompletableFuture.encodeThrowable(CompletableFuture.java:273)
	at java.util.concurrent.CompletableFuture.completeThrowable(CompletableFuture.java:280)
	at java.util.concurrent.CompletableFuture$AsyncSupply.run(CompletableFuture.java:1592)
	at java.util.concurrent.ThreadPoolExecutor.runWorker(ThreadPoolExecutor.java:1149)
	at java.util.concurrent.ThreadPoolExecutor$Worker.run(ThreadPoolExecutor.java:624)
	at java.lang.Thread.run(Thread.java:748)
</error>
    <system-out><![CDATA[2019-06-12 13:44:20,570 WARN  server.ServerUtils (ServerUtils.java:getScmDbDir(145)) - ozone.scm.db.dirs is not configured. We recommend adding this setting. Falling back to ozone.metadata.dirs instead.
2019-06-12 13:44:20,574 WARN  server.ServerUtils (ServerUtils.java:getScmDbDir(145)) - ozone.scm.db.dirs is not configured. We recommend adding this setting. Falling back to ozone.metadata.dirs instead.
2019-06-12 13:44:20,575 WARN  server.ServerUtils (ServerUtils.java:getScmDbDir(145)) - ozone.scm.db.dirs is not configured. We recommend adding this setting. Falling back to ozone.metadata.dirs instead.
2019-06-12 13:44:20,575 INFO  db.DBStoreBuilder (DBStoreBuilder.java:addTable(110)) - using custom profile for table: deletedBlocks
2019-06-12 13:44:20,575 INFO  db.DBStoreBuilder (DBStoreBuilder.java:processTables(161)) - Using default column profile:DBProfile.DISK for Table:deletedBlocks
2019-06-12 13:44:20,575 INFO  db.DBStoreBuilder (DBStoreBuilder.java:addTable(110)) - using custom profile for table: validCerts
2019-06-12 13:44:20,575 INFO  db.DBStoreBuilder (DBStoreBuilder.java:processTables(161)) - Using default column profile:DBProfile.DISK for Table:validCerts
2019-06-12 13:44:20,576 INFO  db.DBStoreBuilder (DBStoreBuilder.java:addTable(110)) - using custom profile for table: revokedCerts
2019-06-12 13:44:20,576 INFO  db.DBStoreBuilder (DBStoreBuilder.java:processTables(161)) - Using default column profile:DBProfile.DISK for Table:revokedCerts
2019-06-12 13:44:20,576 INFO  db.DBStoreBuilder (DBStoreBuilder.java:addTable(110)) - using custom profile for table: default
2019-06-12 13:44:20,576 INFO  db.DBStoreBuilder (DBStoreBuilder.java:processTables(167)) - Using default column profile:DBProfile.DISK for Table:default
2019-06-12 13:44:20,576 INFO  db.DBStoreBuilder (DBStoreBuilder.java:getDbProfile(198)) - Using default options. DBProfile.DISK
2019-06-12 13:44:20,616 WARN  server.ServerUtils (ServerUtils.java:sanitizeUserArgs(70)) - ozone.scm.stale.node.interval value = 300000 is larger than max = 100000 based on the key value of ozone.scm.heartbeat.thread.interval, reset to the max value 100000.
2019-06-12 13:44:20,616 WARN  server.ServerUtils (ServerUtils.java:sanitizeUserArgs(70)) - ozone.scm.stale.node.interval value = 300000 is larger than max = 100000 based on the key value of ozone.scm.heartbeat.thread.interval, reset to the max value 100000.
2019-06-12 13:44:20,616 INFO  node.SCMNodeManager (SCMNodeManager.java:<init>(108)) - Entering startup safe mode.
2019-06-12 13:44:20,617 INFO  net.NodeSchemaLoader (NodeSchemaLoader.java:loadSchemaFromFile(125)) - Loading file from sun.misc.CompoundEnumeration@1377b1a0
2019-06-12 13:44:20,617 INFO  net.NodeSchemaLoader (NodeSchemaLoader.java:loadSchema(171)) - Loading network topology layer schema file
2019-06-12 13:44:20,620 WARN  server.ServerUtils (ServerUtils.java:getScmDbDir(145)) - ozone.scm.db.dirs is not configured. We recommend adding this setting. Falling back to ozone.metadata.dirs instead.
2019-06-12 13:44:20,632 INFO  pipeline.SCMPipelineManager (SCMPipelineManager.java:initializePipelineState(126)) - No pipeline exists in current db
2019-06-12 13:44:20,633 WARN  server.ServerUtils (ServerUtils.java:getScmDbDir(145)) - ozone.scm.db.dirs is not configured. We recommend adding this setting. Falling back to ozone.metadata.dirs instead.
2019-06-12 13:44:20,647 WARN  events.EventQueue (EventQueue.java:fireEvent(175)) - No event handler registered for event TypedEvent{payloadType=SafeModeStatus, name='SafeModeStatus'}
2019-06-12 13:44:20,648 INFO  ipc.CallQueueManager (CallQueueManager.java:<init>(84)) - Using callQueue: class java.util.concurrent.LinkedBlockingQueue, queueCapacity: 2000, scheduler: class org.apache.hadoop.ipc.DefaultRpcScheduler, ipcBackoff: false.
2019-06-12 13:44:20,649 INFO  ipc.Server (Server.java:run(1074)) - Starting Socket Reader #1 for port 38551
2019-06-12 13:44:20,651 INFO  ipc.CallQueueManager (CallQueueManager.java:<init>(84)) - Using callQueue: class java.util.concurrent.LinkedBlockingQueue, queueCapacity: 2000, scheduler: class org.apache.hadoop.ipc.DefaultRpcScheduler, ipcBackoff: false.
2019-06-12 13:44:20,651 INFO  ipc.Server (Server.java:run(1074)) - Starting Socket Reader #1 for port 35793
2019-06-12 13:44:20,653 INFO  ipc.CallQueueManager (CallQueueManager.java:<init>(84)) - Using callQueue: class java.util.concurrent.LinkedBlockingQueue, queueCapacity: 2000, scheduler: class org.apache.hadoop.ipc.DefaultRpcScheduler, ipcBackoff: false.
2019-06-12 13:44:20,654 INFO  ipc.Server (Server.java:run(1074)) - Starting Socket Reader #1 for port 45453
2019-06-12 13:44:20,656 INFO  hdfs.DFSUtil (DFSUtil.java:httpServerTemplateForNNAndJN(1641)) - Starting Web-server for scm at: http://0.0.0.0:0
2019-06-12 13:44:20,657 INFO  server.AuthenticationFilter (AuthenticationFilter.java:constructSecretProvider(240)) - Unable to initialize FileSignerSecretProvider, falling back to use random secrets.
2019-06-12 13:44:20,665 WARN  http.HttpRequestLog (HttpRequestLog.java:getRequestLog(97)) - Jetty request log can only be enabled using Log4j
2019-06-12 13:44:20,667 INFO  http.HttpServer2 (HttpServer2.java:addGlobalFilter(975)) - Added global filter 'safety' (class=org.apache.hadoop.http.HttpServer2$QuotingInputFilter)
2019-06-12 13:44:20,669 INFO  http.HttpServer2 (HttpServer2.java:addFilter(948)) - Added filter static_user_filter (class=org.apache.hadoop.http.lib.StaticUserWebFilter$StaticUserFilter) to context scm
2019-06-12 13:44:20,669 INFO  http.HttpServer2 (HttpServer2.java:addFilter(958)) - Added filter static_user_filter (class=org.apache.hadoop.http.lib.StaticUserWebFilter$StaticUserFilter) to context logs
2019-06-12 13:44:20,669 INFO  http.HttpServer2 (HttpServer2.java:addFilter(958)) - Added filter static_user_filter (class=org.apache.hadoop.http.lib.StaticUserWebFilter$StaticUserFilter) to context static
2019-06-12 13:44:20,674 INFO  server.StorageContainerManager (StorageContainerManager.java:start(752)) - StorageContainerLocationProtocol RPC server is listening at /0.0.0.0:45453
2019-06-12 13:44:20,674 INFO  impl.MetricsSystemImpl (MetricsSystemImpl.java:init(158)) - StorageContainerManager metrics system started (again)
2019-06-12 13:44:20,675 INFO  server.SCMClientProtocolServer (SCMClientProtocolServer.java:start(149)) - RPC server for Client  is listening at /0.0.0.0:45453
2019-06-12 13:44:20,689 INFO  ipc.Server (Server.java:run(1314)) - IPC Server Responder: starting
2019-06-12 13:44:20,694 INFO  ipc.Server (Server.java:run(1153)) - IPC Server listener on 45453: starting
2019-06-12 13:44:20,718 INFO  server.StorageContainerManager (StorageContainerManager.java:start(761)) - ScmBlockLocationProtocol RPC server is listening at /0.0.0.0:35793
2019-06-12 13:44:20,718 INFO  server.SCMBlockProtocolServer (SCMBlockProtocolServer.java:start(137)) - RPC server for Block Protocol is listening at /0.0.0.0:35793
2019-06-12 13:44:20,718 INFO  ipc.Server (Server.java:run(1314)) - IPC Server Responder: starting
2019-06-12 13:44:20,722 INFO  ipc.Server (Server.java:run(1153)) - IPC Server listener on 35793: starting
2019-06-12 13:44:20,724 INFO  server.StorageContainerManager (StorageContainerManager.java:start(765)) - ScmDatanodeProtocl RPC server is listening at /0.0.0.0:38551
2019-06-12 13:44:20,724 INFO  server.SCMDatanodeProtocolServer (SCMDatanodeProtocolServer.java:start(191)) - RPC server for DataNodes is listening at /0.0.0.0:38551
2019-06-12 13:44:20,724 INFO  ipc.Server (Server.java:run(1314)) - IPC Server Responder: starting
2019-06-12 13:44:20,725 INFO  ipc.Server (Server.java:run(1153)) - IPC Server listener on 38551: starting
2019-06-12 13:44:20,727 INFO  http.HttpServer2 (HttpServer2.java:bindListener(1191)) - Jetty bound to port 37131
2019-06-12 13:44:20,727 INFO  server.Server (Server.java:doStart(351)) - jetty-9.3.24.v20180605, build timestamp: 2018-06-05T17:11:56Z, git hash: 84205aa28f11a4f31f2a3b86d1bba2cc8ab69827
2019-06-12 13:44:20,728 INFO  handler.ContextHandler (ContextHandler.java:doStart(781)) - Started o.e.j.s.ServletContextHandler@3212d853{/logs,file:///opt/src/hadoop-ozone/integration-test/target/log,AVAILABLE}
2019-06-12 13:44:20,729 INFO  handler.ContextHandler (ContextHandler.java:doStart(781)) - Started o.e.j.s.ServletContextHandler@77c23d90{/static,file:///opt/src/hadoop-ozone/integration-test/target/test-classes/webapps/static,AVAILABLE}
2019-06-12 13:44:20,732 INFO  handler.ContextHandler (ContextHandler.java:doStart(781)) - Started o.e.j.w.WebAppContext@273dec10{/,file:///opt/src/hadoop-ozone/integration-test/target/test-classes/webapps/scm/,AVAILABLE}{/scm}
2019-06-12 13:44:20,733 INFO  server.AbstractConnector (AbstractConnector.java:doStart(278)) - Started ServerConnector@6cceb281{HTTP/1.1,[http/1.1]}{0.0.0.0:37131}
2019-06-12 13:44:20,733 INFO  server.Server (Server.java:doStart(419)) - Started @16043ms
2019-06-12 13:44:20,734 INFO  server.BaseHttpServer (BaseHttpServer.java:updateConnectorAddress(207)) - HTTP server of SCM is listening at http://0.0.0.0:37131
2019-06-12 13:44:20,736 WARN  scm.ScmUtils (ScmUtils.java:getDBPath(63)) - ozone.om.db.dirs is not configured. We recommend adding this setting. Falling back to ozone.metadata.dirs instead.
2019-06-12 13:44:20,736 INFO  util.JvmPauseMonitor (JvmPauseMonitor.java:run(188)) - Starting JVM pause monitor
2019-06-12 13:44:20,739 WARN  scm.ScmUtils (ScmUtils.java:getDBPath(63)) - ozone.om.db.dirs is not configured. We recommend adding this setting. Falling back to ozone.metadata.dirs instead.
2019-06-12 13:44:20,739 INFO  om.OzoneManager (OzoneManager.java:setOMNodeDetails(519)) - OM Service ID is not set. Setting it to the default ID: omServiceIdDefault
2019-06-12 13:44:20,739 INFO  om.OzoneManager (OzoneManager.java:setOMNodeDetails(525)) - OM Node ID is not set. Setting it to the OmStorage's OmID: 8a8c2032-50d2-4b3d-95af-6e6961246a51
2019-06-12 13:44:20,739 WARN  scm.HddsServerUtil (HddsServerUtil.java:getDefaultRatisDirectory(354)) - Storage directory for Ratis is not configured. It is a good idea to map this to an SSD disk. Falling back to ozone.metadata.dirs
2019-06-12 13:44:20,739 WARN  scm.HddsServerUtil (HddsServerUtil.java:getDefaultRatisDirectory(354)) - Storage directory for Ratis is not configured. It is a good idea to map this to an SSD disk. Falling back to ozone.metadata.dirs
2019-06-12 13:44:20,740 INFO  om.OzoneManager (OzoneManager.java:loadOMHAConfigs(476)) - Found matching OM address with OMServiceId: null, OMNodeId: null, RPC Address: localhost:0 and Ratis port: 9872
2019-06-12 13:44:20,745 WARN  scm.ScmUtils (ScmUtils.java:getDBPath(63)) - ozone.om.db.dirs is not configured. We recommend adding this setting. Falling back to ozone.metadata.dirs instead.
2019-06-12 13:44:20,745 INFO  db.DBStoreBuilder (DBStoreBuilder.java:addTable(110)) - using custom profile for table: userTable
2019-06-12 13:44:20,745 INFO  db.DBStoreBuilder (DBStoreBuilder.java:processTables(161)) - Using default column profile:DBProfile.DISK for Table:userTable
2019-06-12 13:44:20,745 INFO  db.DBStoreBuilder (DBStoreBuilder.java:addTable(110)) - using custom profile for table: volumeTable
2019-06-12 13:44:20,745 INFO  db.DBStoreBuilder (DBStoreBuilder.java:processTables(161)) - Using default column profile:DBProfile.DISK for Table:volumeTable
2019-06-12 13:44:20,746 INFO  db.DBStoreBuilder (DBStoreBuilder.java:addTable(110)) - using custom profile for table: bucketTable
2019-06-12 13:44:20,746 INFO  db.DBStoreBuilder (DBStoreBuilder.java:processTables(161)) - Using default column profile:DBProfile.DISK for Table:bucketTable
2019-06-12 13:44:20,746 INFO  db.DBStoreBuilder (DBStoreBuilder.java:addTable(110)) - using custom profile for table: keyTable
2019-06-12 13:44:20,746 INFO  db.DBStoreBuilder (DBStoreBuilder.java:processTables(161)) - Using default column profile:DBProfile.DISK for Table:keyTable
2019-06-12 13:44:20,746 INFO  db.DBStoreBuilder (DBStoreBuilder.java:addTable(110)) - using custom profile for table: deletedTable
2019-06-12 13:44:20,746 INFO  db.DBStoreBuilder (DBStoreBuilder.java:processTables(161)) - Using default column profile:DBProfile.DISK for Table:deletedTable
2019-06-12 13:44:20,746 INFO  db.DBStoreBuilder (DBStoreBuilder.java:addTable(110)) - using custom profile for table: openKeyTable
2019-06-12 13:44:20,747 INFO  db.DBStoreBuilder (DBStoreBuilder.java:processTables(161)) - Using default column profile:DBProfile.DISK for Table:openKeyTable
2019-06-12 13:44:20,747 INFO  db.DBStoreBuilder (DBStoreBuilder.java:addTable(110)) - using custom profile for table: s3Table
2019-06-12 13:44:20,747 INFO  db.DBStoreBuilder (DBStoreBuilder.java:processTables(161)) - Using default column profile:DBProfile.DISK for Table:s3Table
2019-06-12 13:44:20,747 INFO  db.DBStoreBuilder (DBStoreBuilder.java:addTable(110)) - using custom profile for table: multipartInfoTable
2019-06-12 13:44:20,747 INFO  db.DBStoreBuilder (DBStoreBuilder.java:processTables(161)) - Using default column profile:DBProfile.DISK for Table:multipartInfoTable
2019-06-12 13:44:20,747 INFO  db.DBStoreBuilder (DBStoreBuilder.java:addTable(110)) - using custom profile for table: dTokenTable
2019-06-12 13:44:20,747 INFO  db.DBStoreBuilder (DBStoreBuilder.java:processTables(161)) - Using default column profile:DBProfile.DISK for Table:dTokenTable
2019-06-12 13:44:20,748 INFO  db.DBStoreBuilder (DBStoreBuilder.java:addTable(110)) - using custom profile for table: s3SecretTable
2019-06-12 13:44:20,748 INFO  db.DBStoreBuilder (DBStoreBuilder.java:processTables(161)) - Using default column profile:DBProfile.DISK for Table:s3SecretTable
2019-06-12 13:44:20,748 INFO  db.DBStoreBuilder (DBStoreBuilder.java:addTable(110)) - using custom profile for table: prefixTable
2019-06-12 13:44:20,748 INFO  db.DBStoreBuilder (DBStoreBuilder.java:processTables(161)) - Using default column profile:DBProfile.DISK for Table:prefixTable
2019-06-12 13:44:20,748 INFO  db.DBStoreBuilder (DBStoreBuilder.java:addTable(110)) - using custom profile for table: default
2019-06-12 13:44:20,748 INFO  db.DBStoreBuilder (DBStoreBuilder.java:processTables(167)) - Using default column profile:DBProfile.DISK for Table:default
2019-06-12 13:44:20,748 INFO  db.DBStoreBuilder (DBStoreBuilder.java:getDbProfile(198)) - Using default options. DBProfile.DISK
2019-06-12 13:44:20,876 INFO  ipc.CallQueueManager (CallQueueManager.java:<init>(84)) - Using callQueue: class java.util.concurrent.LinkedBlockingQueue, queueCapacity: 2000, scheduler: class org.apache.hadoop.ipc.DefaultRpcScheduler, ipcBackoff: false.
2019-06-12 13:44:20,877 INFO  ipc.Server (Server.java:run(1074)) - Starting Socket Reader #1 for port 33895
2019-06-12 13:44:20,890 WARN  scm.ScmUtils (ScmUtils.java:getDBPath(63)) - ozone.om.db.dirs is not configured. We recommend adding this setting. Falling back to ozone.metadata.dirs instead.
2019-06-12 13:44:20,890 INFO  om.OzoneManager (OzoneManager.java:start(1217)) - OzoneManager RPC server is listening at localhost/127.0.0.1:33895
2019-06-12 13:44:20,890 INFO  impl.MetricsSystemImpl (MetricsSystemImpl.java:init(158)) - OzoneManager metrics system started (again)
2019-06-12 13:44:20,891 INFO  ipc.Server (Server.java:run(1314)) - IPC Server Responder: starting
2019-06-12 13:44:20,892 INFO  ipc.Server (Server.java:run(1153)) - IPC Server listener on 33895: starting
2019-06-12 13:44:20,895 INFO  hdfs.DFSUtil (DFSUtil.java:httpServerTemplateForNNAndJN(1641)) - Starting Web-server for ozoneManager at: http://0.0.0.0:0
2019-06-12 13:44:20,896 INFO  server.AuthenticationFilter (AuthenticationFilter.java:constructSecretProvider(240)) - Unable to initialize FileSignerSecretProvider, falling back to use random secrets.
2019-06-12 13:44:20,896 WARN  http.HttpRequestLog (HttpRequestLog.java:getRequestLog(97)) - Jetty request log can only be enabled using Log4j
2019-06-12 13:44:20,898 INFO  http.HttpServer2 (HttpServer2.java:addGlobalFilter(975)) - Added global filter 'safety' (class=org.apache.hadoop.http.HttpServer2$QuotingInputFilter)
2019-06-12 13:44:20,898 INFO  http.HttpServer2 (HttpServer2.java:addFilter(948)) - Added filter static_user_filter (class=org.apache.hadoop.http.lib.StaticUserWebFilter$StaticUserFilter) to context ozoneManager
2019-06-12 13:44:20,898 INFO  http.HttpServer2 (HttpServer2.java:addFilter(958)) - Added filter static_user_filter (class=org.apache.hadoop.http.lib.StaticUserWebFilter$StaticUserFilter) to context static
2019-06-12 13:44:20,898 INFO  http.HttpServer2 (HttpServer2.java:addFilter(958)) - Added filter static_user_filter (class=org.apache.hadoop.http.lib.StaticUserWebFilter$StaticUserFilter) to context logs
2019-06-12 13:44:20,899 INFO  http.HttpServer2 (HttpServer2.java:bindListener(1191)) - Jetty bound to port 38487
2019-06-12 13:44:20,899 INFO  server.Server (Server.java:doStart(351)) - jetty-9.3.24.v20180605, build timestamp: 2018-06-05T17:11:56Z, git hash: 84205aa28f11a4f31f2a3b86d1bba2cc8ab69827
2019-06-12 13:44:20,901 INFO  handler.ContextHandler (ContextHandler.java:doStart(781)) - Started o.e.j.s.ServletContextHandler@1231a1be{/logs,file:///opt/src/hadoop-ozone/integration-test/target/log,AVAILABLE}
2019-06-12 13:44:20,901 INFO  handler.ContextHandler (ContextHandler.java:doStart(781)) - Started o.e.j.s.ServletContextHandler@4ced17f3{/static,file:///opt/src/hadoop-ozone/integration-test/target/test-classes/webapps/static,AVAILABLE}
2019-06-12 13:44:20,904 INFO  handler.ContextHandler (ContextHandler.java:doStart(781)) - Started o.e.j.w.WebAppContext@316d30ad{/,file:///opt/src/hadoop-ozone/integration-test/target/test-classes/webapps/ozoneManager/,AVAILABLE}{/ozoneManager}
2019-06-12 13:44:20,905 INFO  server.AbstractConnector (AbstractConnector.java:doStart(278)) - Started ServerConnector@3ea75b05{HTTP/1.1,[http/1.1]}{0.0.0.0:38487}
2019-06-12 13:44:20,905 INFO  server.Server (Server.java:doStart(419)) - Started @16215ms
2019-06-12 13:44:20,906 INFO  server.BaseHttpServer (BaseHttpServer.java:updateConnectorAddress(207)) - HTTP server of OZONEMANAGER is listening at http://0.0.0.0:38487
2019-06-12 13:44:20,917 INFO  impl.MetricsSystemImpl (MetricsSystemImpl.java:init(158)) - HddsDatanode metrics system started (again)
2019-06-12 13:44:20,918 INFO  ozone.HddsDatanodeService (HddsDatanodeService.java:start(185)) - HddsDatanodeService host:ozone-x7bbm-1544112193 ip:192.168.19.46
2019-06-12 13:44:20,941 INFO  volume.HddsVolume (HddsVolume.java:<init>(176)) - Creating Volume: /opt/src/hadoop-ozone/integration-test/target/test-dir/MiniOzoneClusterImpl-6fb9c846-b10d-4e9b-9667-68825cdc56ab/datanode-0/data/containers/hdds of  storage type : DISK and capacity : 104021790720
2019-06-12 13:44:20,941 INFO  volume.VolumeSet (VolumeSet.java:initializeVolumeSet(170)) - Added Volume : /opt/src/hadoop-ozone/integration-test/target/test-dir/MiniOzoneClusterImpl-6fb9c846-b10d-4e9b-9667-68825cdc56ab/datanode-0/data/containers/hdds to VolumeSet
2019-06-12 13:44:20,941 INFO  volume.ThrottledAsyncChecker (ThrottledAsyncChecker.java:schedule(140)) - Scheduling a check for org.apache.hadoop.ozone.container.common.volume.HddsVolume@4bfa5eb9
2019-06-12 13:44:20,942 INFO  volume.HddsVolumeChecker (HddsVolumeChecker.java:checkAllVolumes(203)) - Scheduled health check for volume org.apache.hadoop.ozone.container.common.volume.HddsVolume@4bfa5eb9
2019-06-12 13:44:20,953 INFO  ratis.XceiverServerRatis (XceiverServerRatis.java:newXceiverServerRatis(401)) - Found a free port for the server : 40059
2019-06-12 13:44:20,954 INFO  impl.RaftServerProxy (ConfUtils.java:logGet(43)) - raft.rpc.type = GRPC (default)
2019-06-12 13:44:20,955 INFO  grpc.GrpcConfigKeys$Server (ConfUtils.java:logGet(43)) - raft.grpc.server.port = 40059 (custom)
2019-06-12 13:44:20,955 INFO  server.GrpcService (ConfUtils.java:logGet(43)) - raft.grpc.message.size.max = 33570816 (custom)
2019-06-12 13:44:20,955 INFO  server.RaftServerConfigKeys (ConfUtils.java:logGet(43)) - raft.server.log.appender.buffer.byte-limit = 33554432 (custom)
2019-06-12 13:44:20,955 INFO  server.GrpcService (ConfUtils.java:logGet(43)) - raft.grpc.flow.control.window = 1MB (=1048576) (default)
2019-06-12 13:44:20,955 INFO  server.RaftServerConfigKeys (ConfUtils.java:logGet(43)) - raft.server.rpc.request.timeout = 3000ms (default)
2019-06-12 13:44:20,956 INFO  server.RaftServerConfigKeys (ConfUtils.java:logGet(43)) - raft.server.storage.dir = [/opt/src/hadoop-ozone/integration-test/target/test-dir/MiniOzoneClusterImpl-6fb9c846-b10d-4e9b-9667-68825cdc56ab/datanode-0/data/ratis] (custom)
2019-06-12 13:44:20,956 INFO  server.XceiverServerGrpc (XceiverServerGrpc.java:<init>(97)) - Found a free port for the server : 44453
2019-06-12 13:44:20,956 INFO  replication.SimpleContainerDownloader (SimpleContainerDownloader.java:<init>(72)) - Starting container downloader service to copy containers to replicate.
2019-06-12 13:44:20,958 INFO  hdfs.DFSUtil (DFSUtil.java:httpServerTemplateForNNAndJN(1641)) - Starting Web-server for hddsDatanode at: http://0.0.0.0:0
2019-06-12 13:44:20,959 INFO  server.AuthenticationFilter (AuthenticationFilter.java:constructSecretProvider(240)) - Unable to initialize FileSignerSecretProvider, falling back to use random secrets.
2019-06-12 13:44:20,961 WARN  http.HttpRequestLog (HttpRequestLog.java:getRequestLog(97)) - Jetty request log can only be enabled using Log4j
2019-06-12 13:44:20,963 INFO  http.HttpServer2 (HttpServer2.java:addGlobalFilter(975)) - Added global filter 'safety' (class=org.apache.hadoop.http.HttpServer2$QuotingInputFilter)
2019-06-12 13:44:20,963 INFO  http.HttpServer2 (HttpServer2.java:addFilter(948)) - Added filter static_user_filter (class=org.apache.hadoop.http.lib.StaticUserWebFilter$StaticUserFilter) to context hddsDatanode
2019-06-12 13:44:20,963 INFO  http.HttpServer2 (HttpServer2.java:addFilter(958)) - Added filter static_user_filter (class=org.apache.hadoop.http.lib.StaticUserWebFilter$StaticUserFilter) to context logs
2019-06-12 13:44:20,963 INFO  http.HttpServer2 (HttpServer2.java:addFilter(958)) - Added filter static_user_filter (class=org.apache.hadoop.http.lib.StaticUserWebFilter$StaticUserFilter) to context static
2019-06-12 13:44:20,964 INFO  http.HttpServer2 (HttpServer2.java:bindListener(1191)) - Jetty bound to port 46101
2019-06-12 13:44:20,964 INFO  server.Server (Server.java:doStart(351)) - jetty-9.3.24.v20180605, build timestamp: 2018-06-05T17:11:56Z, git hash: 84205aa28f11a4f31f2a3b86d1bba2cc8ab69827
2019-06-12 13:44:20,966 INFO  handler.ContextHandler (ContextHandler.java:doStart(781)) - Started o.e.j.s.ServletContextHandler@1fb6b8fb{/logs,file:///opt/src/hadoop-ozone/integration-test/target/log,AVAILABLE}
2019-06-12 13:44:20,966 INFO  handler.ContextHandler (ContextHandler.java:doStart(781)) - Started o.e.j.s.ServletContextHandler@1a10c47e{/static,jar:file:/root/.m2/repository/org/apache/hadoop/hadoop-hdds-container-service/0.5.0-SNAPSHOT/hadoop-hdds-container-service-0.5.0-SNAPSHOT.jar!/webapps/static,AVAILABLE}
2019-06-12 13:44:20,991 INFO  handler.ContextHandler (ContextHandler.java:doStart(781)) - Started o.e.j.w.WebAppContext@4c5f7b4f{/,file:///tmp/jetty-0.0.0.0-46101-hddsDatanode-_-any-4987941230994240074.dir/webapp/,AVAILABLE}{/hddsDatanode}
2019-06-12 13:44:20,992 INFO  server.AbstractConnector (AbstractConnector.java:doStart(278)) - Started ServerConnector@4b544732{HTTP/1.1,[http/1.1]}{0.0.0.0:46101}
2019-06-12 13:44:20,993 INFO  server.Server (Server.java:doStart(419)) - Started @16303ms
2019-06-12 13:44:20,994 INFO  server.BaseHttpServer (BaseHttpServer.java:updateConnectorAddress(207)) - HTTP server of HDDSDATANODE is listening at http://0.0.0.0:46101
2019-06-12 13:44:21,081 INFO  ozone.HddsDatanodeService (HddsDatanodeService.java:startPlugins(396)) - Started plug-in org.apache.hadoop.ozone.web.OzoneHddsDatanodeService@60ed0b9d
2019-06-12 13:44:21,082 INFO  impl.MetricsSystemImpl (MetricsSystemImpl.java:init(158)) - HddsDatanode metrics system started (again)
2019-06-12 13:44:21,083 INFO  ozone.HddsDatanodeService (HddsDatanodeService.java:start(185)) - HddsDatanodeService host:ozone-x7bbm-1544112193 ip:192.168.19.46
2019-06-12 13:44:21,093 INFO  util.JvmPauseMonitor (JvmPauseMonitor.java:run(188)) - Starting JVM pause monitor
2019-06-12 13:44:21,094 INFO  datanode.InitDatanodeState (InitDatanodeState.java:persistContainerDatanodeDetails(140)) - DatanodeDetails is persisted to /opt/src/hadoop-ozone/integration-test/target/test-dir/MiniOzoneClusterImpl-6fb9c846-b10d-4e9b-9667-68825cdc56ab/datanode-0/meta/datanode.id
2019-06-12 13:44:21,102 INFO  volume.HddsVolume (HddsVolume.java:<init>(176)) - Creating Volume: /opt/src/hadoop-ozone/integration-test/target/test-dir/MiniOzoneClusterImpl-6fb9c846-b10d-4e9b-9667-68825cdc56ab/datanode-1/data/containers/hdds of  storage type : DISK and capacity : 104021790720
2019-06-12 13:44:21,102 INFO  volume.VolumeSet (VolumeSet.java:initializeVolumeSet(170)) - Added Volume : /opt/src/hadoop-ozone/integration-test/target/test-dir/MiniOzoneClusterImpl-6fb9c846-b10d-4e9b-9667-68825cdc56ab/datanode-1/data/containers/hdds to VolumeSet
2019-06-12 13:44:21,103 INFO  volume.ThrottledAsyncChecker (ThrottledAsyncChecker.java:schedule(140)) - Scheduling a check for org.apache.hadoop.ozone.container.common.volume.HddsVolume@2eb6d34a
2019-06-12 13:44:21,103 INFO  volume.HddsVolumeChecker (HddsVolumeChecker.java:checkAllVolumes(203)) - Scheduled health check for volume org.apache.hadoop.ozone.container.common.volume.HddsVolume@2eb6d34a
2019-06-12 13:44:21,115 INFO  ratis.XceiverServerRatis (XceiverServerRatis.java:newXceiverServerRatis(401)) - Found a free port for the server : 38963
2019-06-12 13:44:21,116 INFO  impl.RaftServerProxy (ConfUtils.java:logGet(43)) - raft.rpc.type = GRPC (default)
2019-06-12 13:44:21,116 INFO  grpc.GrpcConfigKeys$Server (ConfUtils.java:logGet(43)) - raft.grpc.server.port = 38963 (custom)
2019-06-12 13:44:21,117 INFO  server.GrpcService (ConfUtils.java:logGet(43)) - raft.grpc.message.size.max = 33570816 (custom)
2019-06-12 13:44:21,117 INFO  server.RaftServerConfigKeys (ConfUtils.java:logGet(43)) - raft.server.log.appender.buffer.byte-limit = 33554432 (custom)
2019-06-12 13:44:21,117 INFO  server.GrpcService (ConfUtils.java:logGet(43)) - raft.grpc.flow.control.window = 1MB (=1048576) (default)
2019-06-12 13:44:21,117 INFO  server.RaftServerConfigKeys (ConfUtils.java:logGet(43)) - raft.server.rpc.request.timeout = 3000ms (default)
2019-06-12 13:44:21,118 INFO  server.RaftServerConfigKeys (ConfUtils.java:logGet(43)) - raft.server.storage.dir = [/opt/src/hadoop-ozone/integration-test/target/test-dir/MiniOzoneClusterImpl-6fb9c846-b10d-4e9b-9667-68825cdc56ab/datanode-1/data/ratis] (custom)
2019-06-12 13:44:21,118 INFO  server.XceiverServerGrpc (XceiverServerGrpc.java:<init>(97)) - Found a free port for the server : 37393
2019-06-12 13:44:21,118 INFO  replication.SimpleContainerDownloader (SimpleContainerDownloader.java:<init>(72)) - Starting container downloader service to copy containers to replicate.
2019-06-12 13:44:21,120 INFO  hdfs.DFSUtil (DFSUtil.java:httpServerTemplateForNNAndJN(1641)) - Starting Web-server for hddsDatanode at: http://0.0.0.0:0
2019-06-12 13:44:21,121 INFO  server.AuthenticationFilter (AuthenticationFilter.java:constructSecretProvider(240)) - Unable to initialize FileSignerSecretProvider, falling back to use random secrets.
2019-06-12 13:44:21,121 WARN  http.HttpRequestLog (HttpRequestLog.java:getRequestLog(97)) - Jetty request log can only be enabled using Log4j
2019-06-12 13:44:21,123 INFO  http.HttpServer2 (HttpServer2.java:addGlobalFilter(975)) - Added global filter 'safety' (class=org.apache.hadoop.http.HttpServer2$QuotingInputFilter)
2019-06-12 13:44:21,123 INFO  http.HttpServer2 (HttpServer2.java:addFilter(948)) - Added filter static_user_filter (class=org.apache.hadoop.http.lib.StaticUserWebFilter$StaticUserFilter) to context hddsDatanode
2019-06-12 13:44:21,123 INFO  http.HttpServer2 (HttpServer2.java:addFilter(958)) - Added filter static_user_filter (class=org.apache.hadoop.http.lib.StaticUserWebFilter$StaticUserFilter) to context static
2019-06-12 13:44:21,123 INFO  http.HttpServer2 (HttpServer2.java:addFilter(958)) - Added filter static_user_filter (class=org.apache.hadoop.http.lib.StaticUserWebFilter$StaticUserFilter) to context logs
2019-06-12 13:44:21,124 INFO  http.HttpServer2 (HttpServer2.java:bindListener(1191)) - Jetty bound to port 43591
2019-06-12 13:44:21,124 INFO  server.Server (Server.java:doStart(351)) - jetty-9.3.24.v20180605, build timestamp: 2018-06-05T17:11:56Z, git hash: 84205aa28f11a4f31f2a3b86d1bba2cc8ab69827
2019-06-12 13:44:21,130 INFO  handler.ContextHandler (ContextHandler.java:doStart(781)) - Started o.e.j.s.ServletContextHandler@48fc0211{/logs,file:///opt/src/hadoop-ozone/integration-test/target/log,AVAILABLE}
2019-06-12 13:44:21,134 INFO  handler.ContextHandler (ContextHandler.java:doStart(781)) - Started o.e.j.s.ServletContextHandler@7d088813{/static,jar:file:/root/.m2/repository/org/apache/hadoop/hadoop-hdds-container-service/0.5.0-SNAPSHOT/hadoop-hdds-container-service-0.5.0-SNAPSHOT.jar!/webapps/static,AVAILABLE}
2019-06-12 13:44:21,155 INFO  handler.ContextHandler (ContextHandler.java:doStart(781)) - Started o.e.j.w.WebAppContext@3dbb3fb7{/,file:///tmp/jetty-0.0.0.0-43591-hddsDatanode-_-any-6693012568198417719.dir/webapp/,AVAILABLE}{/hddsDatanode}
2019-06-12 13:44:21,155 INFO  server.AbstractConnector (AbstractConnector.java:doStart(278)) - Started ServerConnector@68a426c3{HTTP/1.1,[http/1.1]}{0.0.0.0:43591}
2019-06-12 13:44:21,156 INFO  server.Server (Server.java:doStart(419)) - Started @16466ms
2019-06-12 13:44:21,157 INFO  server.BaseHttpServer (BaseHttpServer.java:updateConnectorAddress(207)) - HTTP server of HDDSDATANODE is listening at http://0.0.0.0:43591
2019-06-12 13:44:21,237 INFO  ozone.HddsDatanodeService (HddsDatanodeService.java:startPlugins(396)) - Started plug-in org.apache.hadoop.ozone.web.OzoneHddsDatanodeService@29f3185c
2019-06-12 13:44:21,237 INFO  impl.MetricsSystemImpl (MetricsSystemImpl.java:init(158)) - HddsDatanode metrics system started (again)
2019-06-12 13:44:21,238 INFO  ozone.HddsDatanodeService (HddsDatanodeService.java:start(185)) - HddsDatanodeService host:ozone-x7bbm-1544112193 ip:192.168.19.46
2019-06-12 13:44:21,241 INFO  util.JvmPauseMonitor (JvmPauseMonitor.java:run(188)) - Starting JVM pause monitor
2019-06-12 13:44:21,243 INFO  datanode.InitDatanodeState (InitDatanodeState.java:persistContainerDatanodeDetails(140)) - DatanodeDetails is persisted to /opt/src/hadoop-ozone/integration-test/target/test-dir/MiniOzoneClusterImpl-6fb9c846-b10d-4e9b-9667-68825cdc56ab/datanode-1/meta/datanode.id
2019-06-12 13:44:21,245 INFO  volume.HddsVolume (HddsVolume.java:<init>(176)) - Creating Volume: /opt/src/hadoop-ozone/integration-test/target/test-dir/MiniOzoneClusterImpl-6fb9c846-b10d-4e9b-9667-68825cdc56ab/datanode-2/data/containers/hdds of  storage type : DISK and capacity : 104021790720
2019-06-12 13:44:21,246 INFO  volume.VolumeSet (VolumeSet.java:initializeVolumeSet(170)) - Added Volume : /opt/src/hadoop-ozone/integration-test/target/test-dir/MiniOzoneClusterImpl-6fb9c846-b10d-4e9b-9667-68825cdc56ab/datanode-2/data/containers/hdds to VolumeSet
2019-06-12 13:44:21,246 INFO  volume.ThrottledAsyncChecker (ThrottledAsyncChecker.java:schedule(140)) - Scheduling a check for org.apache.hadoop.ozone.container.common.volume.HddsVolume@693f2c89
2019-06-12 13:44:21,247 INFO  volume.HddsVolumeChecker (HddsVolumeChecker.java:checkAllVolumes(203)) - Scheduled health check for volume org.apache.hadoop.ozone.container.common.volume.HddsVolume@693f2c89
2019-06-12 13:44:21,255 INFO  ratis.XceiverServerRatis (XceiverServerRatis.java:newXceiverServerRatis(401)) - Found a free port for the server : 34453
2019-06-12 13:44:21,255 INFO  impl.RaftServerProxy (ConfUtils.java:logGet(43)) - raft.rpc.type = GRPC (default)
2019-06-12 13:44:21,256 INFO  grpc.GrpcConfigKeys$Server (ConfUtils.java:logGet(43)) - raft.grpc.server.port = 34453 (custom)
2019-06-12 13:44:21,256 INFO  server.GrpcService (ConfUtils.java:logGet(43)) - raft.grpc.message.size.max = 33570816 (custom)
2019-06-12 13:44:21,257 INFO  server.RaftServerConfigKeys (ConfUtils.java:logGet(43)) - raft.server.log.appender.buffer.byte-limit = 33554432 (custom)
2019-06-12 13:44:21,257 INFO  server.GrpcService (ConfUtils.java:logGet(43)) - raft.grpc.flow.control.window = 1MB (=1048576) (default)
2019-06-12 13:44:21,257 INFO  server.RaftServerConfigKeys (ConfUtils.java:logGet(43)) - raft.server.rpc.request.timeout = 3000ms (default)
2019-06-12 13:44:21,257 INFO  server.RaftServerConfigKeys (ConfUtils.java:logGet(43)) - raft.server.storage.dir = [/opt/src/hadoop-ozone/integration-test/target/test-dir/MiniOzoneClusterImpl-6fb9c846-b10d-4e9b-9667-68825cdc56ab/datanode-2/data/ratis] (custom)
2019-06-12 13:44:21,258 INFO  server.XceiverServerGrpc (XceiverServerGrpc.java:<init>(97)) - Found a free port for the server : 44567
2019-06-12 13:44:21,258 INFO  replication.SimpleContainerDownloader (SimpleContainerDownloader.java:<init>(72)) - Starting container downloader service to copy containers to replicate.
2019-06-12 13:44:21,259 INFO  hdfs.DFSUtil (DFSUtil.java:httpServerTemplateForNNAndJN(1641)) - Starting Web-server for hddsDatanode at: http://0.0.0.0:0
2019-06-12 13:44:21,260 INFO  server.AuthenticationFilter (AuthenticationFilter.java:constructSecretProvider(240)) - Unable to initialize FileSignerSecretProvider, falling back to use random secrets.
2019-06-12 13:44:21,260 WARN  http.HttpRequestLog (HttpRequestLog.java:getRequestLog(97)) - Jetty request log can only be enabled using Log4j
2019-06-12 13:44:21,262 INFO  http.HttpServer2 (HttpServer2.java:addGlobalFilter(975)) - Added global filter 'safety' (class=org.apache.hadoop.http.HttpServer2$QuotingInputFilter)
2019-06-12 13:44:21,262 INFO  http.HttpServer2 (HttpServer2.java:addFilter(948)) - Added filter static_user_filter (class=org.apache.hadoop.http.lib.StaticUserWebFilter$StaticUserFilter) to context hddsDatanode
2019-06-12 13:44:21,262 INFO  http.HttpServer2 (HttpServer2.java:addFilter(958)) - Added filter static_user_filter (class=org.apache.hadoop.http.lib.StaticUserWebFilter$StaticUserFilter) to context logs
2019-06-12 13:44:21,263 INFO  http.HttpServer2 (HttpServer2.java:addFilter(958)) - Added filter static_user_filter (class=org.apache.hadoop.http.lib.StaticUserWebFilter$StaticUserFilter) to context static
2019-06-12 13:44:21,263 INFO  http.HttpServer2 (HttpServer2.java:bindListener(1191)) - Jetty bound to port 42287
2019-06-12 13:44:21,263 INFO  server.Server (Server.java:doStart(351)) - jetty-9.3.24.v20180605, build timestamp: 2018-06-05T17:11:56Z, git hash: 84205aa28f11a4f31f2a3b86d1bba2cc8ab69827
2019-06-12 13:44:21,265 INFO  handler.ContextHandler (ContextHandler.java:doStart(781)) - Started o.e.j.s.ServletContextHandler@6f7a20da{/logs,file:///opt/src/hadoop-ozone/integration-test/target/log,AVAILABLE}
2019-06-12 13:44:21,265 INFO  handler.ContextHandler (ContextHandler.java:doStart(781)) - Started o.e.j.s.ServletContextHandler@77ba583{/static,jar:file:/root/.m2/repository/org/apache/hadoop/hadoop-hdds-container-service/0.5.0-SNAPSHOT/hadoop-hdds-container-service-0.5.0-SNAPSHOT.jar!/webapps/static,AVAILABLE}
2019-06-12 13:44:21,295 INFO  handler.ContextHandler (ContextHandler.java:doStart(781)) - Started o.e.j.w.WebAppContext@44492c06{/,file:///tmp/jetty-0.0.0.0-42287-hddsDatanode-_-any-628675295529707503.dir/webapp/,AVAILABLE}{/hddsDatanode}
2019-06-12 13:44:21,295 INFO  server.AbstractConnector (AbstractConnector.java:doStart(278)) - Started ServerConnector@5c4714ef{HTTP/1.1,[http/1.1]}{0.0.0.0:42287}
2019-06-12 13:44:21,296 INFO  server.Server (Server.java:doStart(419)) - Started @16606ms
2019-06-12 13:44:21,297 INFO  server.BaseHttpServer (BaseHttpServer.java:updateConnectorAddress(207)) - HTTP server of HDDSDATANODE is listening at http://0.0.0.0:42287
2019-06-12 13:44:21,423 INFO  ozone.HddsDatanodeService (HddsDatanodeService.java:startPlugins(396)) - Started plug-in org.apache.hadoop.ozone.web.OzoneHddsDatanodeService@32b95de
2019-06-12 13:44:21,423 INFO  impl.MetricsSystemImpl (MetricsSystemImpl.java:init(158)) - HddsDatanode metrics system started (again)
2019-06-12 13:44:21,425 INFO  ozone.HddsDatanodeService (HddsDatanodeService.java:start(185)) - HddsDatanodeService host:ozone-x7bbm-1544112193 ip:192.168.19.46
2019-06-12 13:44:21,433 INFO  util.JvmPauseMonitor (JvmPauseMonitor.java:run(188)) - Starting JVM pause monitor
2019-06-12 13:44:21,434 INFO  datanode.InitDatanodeState (InitDatanodeState.java:persistContainerDatanodeDetails(140)) - DatanodeDetails is persisted to /opt/src/hadoop-ozone/integration-test/target/test-dir/MiniOzoneClusterImpl-6fb9c846-b10d-4e9b-9667-68825cdc56ab/datanode-2/meta/datanode.id
2019-06-12 13:44:21,437 INFO  volume.HddsVolume (HddsVolume.java:<init>(176)) - Creating Volume: /opt/src/hadoop-ozone/integration-test/target/test-dir/MiniOzoneClusterImpl-6fb9c846-b10d-4e9b-9667-68825cdc56ab/datanode-3/data/containers/hdds of  storage type : DISK and capacity : 104021790720
2019-06-12 13:44:21,437 INFO  volume.VolumeSet (VolumeSet.java:initializeVolumeSet(170)) - Added Volume : /opt/src/hadoop-ozone/integration-test/target/test-dir/MiniOzoneClusterImpl-6fb9c846-b10d-4e9b-9667-68825cdc56ab/datanode-3/data/containers/hdds to VolumeSet
2019-06-12 13:44:21,437 INFO  volume.ThrottledAsyncChecker (ThrottledAsyncChecker.java:schedule(140)) - Scheduling a check for org.apache.hadoop.ozone.container.common.volume.HddsVolume@76134b9b
2019-06-12 13:44:21,443 INFO  volume.HddsVolumeChecker (HddsVolumeChecker.java:checkAllVolumes(203)) - Scheduled health check for volume org.apache.hadoop.ozone.container.common.volume.HddsVolume@76134b9b
2019-06-12 13:44:21,455 INFO  ratis.XceiverServerRatis (XceiverServerRatis.java:newXceiverServerRatis(401)) - Found a free port for the server : 45865
2019-06-12 13:44:21,456 INFO  impl.RaftServerProxy (ConfUtils.java:logGet(43)) - raft.rpc.type = GRPC (default)
2019-06-12 13:44:21,456 INFO  grpc.GrpcConfigKeys$Server (ConfUtils.java:logGet(43)) - raft.grpc.server.port = 45865 (custom)
2019-06-12 13:44:21,456 INFO  server.GrpcService (ConfUtils.java:logGet(43)) - raft.grpc.message.size.max = 33570816 (custom)
2019-06-12 13:44:21,457 INFO  server.RaftServerConfigKeys (ConfUtils.java:logGet(43)) - raft.server.log.appender.buffer.byte-limit = 33554432 (custom)
2019-06-12 13:44:21,457 INFO  server.GrpcService (ConfUtils.java:logGet(43)) - raft.grpc.flow.control.window = 1MB (=1048576) (default)
2019-06-12 13:44:21,457 INFO  server.RaftServerConfigKeys (ConfUtils.java:logGet(43)) - raft.server.rpc.request.timeout = 3000ms (default)
2019-06-12 13:44:21,458 INFO  server.RaftServerConfigKeys (ConfUtils.java:logGet(43)) - raft.server.storage.dir = [/opt/src/hadoop-ozone/integration-test/target/test-dir/MiniOzoneClusterImpl-6fb9c846-b10d-4e9b-9667-68825cdc56ab/datanode-3/data/ratis] (custom)
2019-06-12 13:44:21,458 INFO  server.XceiverServerGrpc (XceiverServerGrpc.java:<init>(97)) - Found a free port for the server : 35083
2019-06-12 13:44:21,458 INFO  replication.SimpleContainerDownloader (SimpleContainerDownloader.java:<init>(72)) - Starting container downloader service to copy containers to replicate.
2019-06-12 13:44:21,459 INFO  hdfs.DFSUtil (DFSUtil.java:httpServerTemplateForNNAndJN(1641)) - Starting Web-server for hddsDatanode at: http://0.0.0.0:0
2019-06-12 13:44:21,461 INFO  server.AuthenticationFilter (AuthenticationFilter.java:constructSecretProvider(240)) - Unable to initialize FileSignerSecretProvider, falling back to use random secrets.
2019-06-12 13:44:21,461 WARN  http.HttpRequestLog (HttpRequestLog.java:getRequestLog(97)) - Jetty request log can only be enabled using Log4j
2019-06-12 13:44:21,462 INFO  http.HttpServer2 (HttpServer2.java:addGlobalFilter(975)) - Added global filter 'safety' (class=org.apache.hadoop.http.HttpServer2$QuotingInputFilter)
2019-06-12 13:44:21,463 INFO  http.HttpServer2 (HttpServer2.java:addFilter(948)) - Added filter static_user_filter (class=org.apache.hadoop.http.lib.StaticUserWebFilter$StaticUserFilter) to context hddsDatanode
2019-06-12 13:44:21,463 INFO  http.HttpServer2 (HttpServer2.java:addFilter(958)) - Added filter static_user_filter (class=org.apache.hadoop.http.lib.StaticUserWebFilter$StaticUserFilter) to context static
2019-06-12 13:44:21,463 INFO  http.HttpServer2 (HttpServer2.java:addFilter(958)) - Added filter static_user_filter (class=org.apache.hadoop.http.lib.StaticUserWebFilter$StaticUserFilter) to context logs
2019-06-12 13:44:21,463 INFO  http.HttpServer2 (HttpServer2.java:bindListener(1191)) - Jetty bound to port 37109
2019-06-12 13:44:21,464 INFO  server.Server (Server.java:doStart(351)) - jetty-9.3.24.v20180605, build timestamp: 2018-06-05T17:11:56Z, git hash: 84205aa28f11a4f31f2a3b86d1bba2cc8ab69827
2019-06-12 13:44:21,474 INFO  handler.ContextHandler (ContextHandler.java:doStart(781)) - Started o.e.j.s.ServletContextHandler@dc8b2ff{/logs,file:///opt/src/hadoop-ozone/integration-test/target/log,AVAILABLE}
2019-06-12 13:44:21,474 INFO  handler.ContextHandler (ContextHandler.java:doStart(781)) - Started o.e.j.s.ServletContextHandler@14201a90{/static,jar:file:/root/.m2/repository/org/apache/hadoop/hadoop-hdds-container-service/0.5.0-SNAPSHOT/hadoop-hdds-container-service-0.5.0-SNAPSHOT.jar!/webapps/static,AVAILABLE}
2019-06-12 13:44:21,495 INFO  handler.ContextHandler (ContextHandler.java:doStart(781)) - Started o.e.j.w.WebAppContext@1da53f4f{/,file:///tmp/jetty-0.0.0.0-37109-hddsDatanode-_-any-1804536340953938274.dir/webapp/,AVAILABLE}{/hddsDatanode}
2019-06-12 13:44:21,495 INFO  server.AbstractConnector (AbstractConnector.java:doStart(278)) - Started ServerConnector@4e7eba9f{HTTP/1.1,[http/1.1]}{0.0.0.0:37109}
2019-06-12 13:44:21,497 INFO  server.Server (Server.java:doStart(419)) - Started @16806ms
2019-06-12 13:44:21,497 INFO  server.BaseHttpServer (BaseHttpServer.java:updateConnectorAddress(207)) - HTTP server of HDDSDATANODE is listening at http://0.0.0.0:37109
2019-06-12 13:44:21,584 INFO  ozone.HddsDatanodeService (HddsDatanodeService.java:startPlugins(396)) - Started plug-in org.apache.hadoop.ozone.web.OzoneHddsDatanodeService@eb1d475
2019-06-12 13:44:21,585 INFO  impl.MetricsSystemImpl (MetricsSystemImpl.java:init(158)) - HddsDatanode metrics system started (again)
2019-06-12 13:44:21,586 INFO  ozone.HddsDatanodeService (HddsDatanodeService.java:start(185)) - HddsDatanodeService host:ozone-x7bbm-1544112193 ip:192.168.19.46
2019-06-12 13:44:21,590 INFO  util.JvmPauseMonitor (JvmPauseMonitor.java:run(188)) - Starting JVM pause monitor
2019-06-12 13:44:21,591 INFO  datanode.InitDatanodeState (InitDatanodeState.java:persistContainerDatanodeDetails(140)) - DatanodeDetails is persisted to /opt/src/hadoop-ozone/integration-test/target/test-dir/MiniOzoneClusterImpl-6fb9c846-b10d-4e9b-9667-68825cdc56ab/datanode-3/meta/datanode.id
2019-06-12 13:44:21,594 INFO  volume.HddsVolume (HddsVolume.java:<init>(176)) - Creating Volume: /opt/src/hadoop-ozone/integration-test/target/test-dir/MiniOzoneClusterImpl-6fb9c846-b10d-4e9b-9667-68825cdc56ab/datanode-4/data/containers/hdds of  storage type : DISK and capacity : 104021790720
2019-06-12 13:44:21,594 INFO  volume.VolumeSet (VolumeSet.java:initializeVolumeSet(170)) - Added Volume : /opt/src/hadoop-ozone/integration-test/target/test-dir/MiniOzoneClusterImpl-6fb9c846-b10d-4e9b-9667-68825cdc56ab/datanode-4/data/containers/hdds to VolumeSet
2019-06-12 13:44:21,594 INFO  volume.ThrottledAsyncChecker (ThrottledAsyncChecker.java:schedule(140)) - Scheduling a check for org.apache.hadoop.ozone.container.common.volume.HddsVolume@2152fde5
2019-06-12 13:44:21,595 INFO  volume.HddsVolumeChecker (HddsVolumeChecker.java:checkAllVolumes(203)) - Scheduled health check for volume org.apache.hadoop.ozone.container.common.volume.HddsVolume@2152fde5
2019-06-12 13:44:21,607 INFO  ratis.XceiverServerRatis (XceiverServerRatis.java:newXceiverServerRatis(401)) - Found a free port for the server : 33913
2019-06-12 13:44:21,609 INFO  impl.RaftServerProxy (ConfUtils.java:logGet(43)) - raft.rpc.type = GRPC (default)
2019-06-12 13:44:21,609 INFO  grpc.GrpcConfigKeys$Server (ConfUtils.java:logGet(43)) - raft.grpc.server.port = 33913 (custom)
2019-06-12 13:44:21,609 INFO  server.GrpcService (ConfUtils.java:logGet(43)) - raft.grpc.message.size.max = 33570816 (custom)
2019-06-12 13:44:21,609 INFO  server.RaftServerConfigKeys (ConfUtils.java:logGet(43)) - raft.server.log.appender.buffer.byte-limit = 33554432 (custom)
2019-06-12 13:44:21,610 INFO  server.GrpcService (ConfUtils.java:logGet(43)) - raft.grpc.flow.control.window = 1MB (=1048576) (default)
2019-06-12 13:44:21,610 INFO  server.RaftServerConfigKeys (ConfUtils.java:logGet(43)) - raft.server.rpc.request.timeout = 3000ms (default)
2019-06-12 13:44:21,610 INFO  server.RaftServerConfigKeys (ConfUtils.java:logGet(43)) - raft.server.storage.dir = [/opt/src/hadoop-ozone/integration-test/target/test-dir/MiniOzoneClusterImpl-6fb9c846-b10d-4e9b-9667-68825cdc56ab/datanode-4/data/ratis] (custom)
2019-06-12 13:44:21,610 INFO  server.XceiverServerGrpc (XceiverServerGrpc.java:<init>(97)) - Found a free port for the server : 40873
2019-06-12 13:44:21,611 INFO  replication.SimpleContainerDownloader (SimpleContainerDownloader.java:<init>(72)) - Starting container downloader service to copy containers to replicate.
2019-06-12 13:44:21,612 INFO  hdfs.DFSUtil (DFSUtil.java:httpServerTemplateForNNAndJN(1641)) - Starting Web-server for hddsDatanode at: http://0.0.0.0:0
2019-06-12 13:44:21,613 INFO  server.AuthenticationFilter (AuthenticationFilter.java:constructSecretProvider(240)) - Unable to initialize FileSignerSecretProvider, falling back to use random secrets.
2019-06-12 13:44:21,613 WARN  http.HttpRequestLog (HttpRequestLog.java:getRequestLog(97)) - Jetty request log can only be enabled using Log4j
2019-06-12 13:44:21,614 INFO  http.HttpServer2 (HttpServer2.java:addGlobalFilter(975)) - Added global filter 'safety' (class=org.apache.hadoop.http.HttpServer2$QuotingInputFilter)
2019-06-12 13:44:21,615 INFO  http.HttpServer2 (HttpServer2.java:addFilter(948)) - Added filter static_user_filter (class=org.apache.hadoop.http.lib.StaticUserWebFilter$StaticUserFilter) to context hddsDatanode
2019-06-12 13:44:21,615 INFO  http.HttpServer2 (HttpServer2.java:addFilter(958)) - Added filter static_user_filter (class=org.apache.hadoop.http.lib.StaticUserWebFilter$StaticUserFilter) to context logs
2019-06-12 13:44:21,615 INFO  http.HttpServer2 (HttpServer2.java:addFilter(958)) - Added filter static_user_filter (class=org.apache.hadoop.http.lib.StaticUserWebFilter$StaticUserFilter) to context static
2019-06-12 13:44:21,615 INFO  http.HttpServer2 (HttpServer2.java:bindListener(1191)) - Jetty bound to port 44745
2019-06-12 13:44:21,616 INFO  server.Server (Server.java:doStart(351)) - jetty-9.3.24.v20180605, build timestamp: 2018-06-05T17:11:56Z, git hash: 84205aa28f11a4f31f2a3b86d1bba2cc8ab69827
2019-06-12 13:44:21,619 INFO  handler.ContextHandler (ContextHandler.java:doStart(781)) - Started o.e.j.s.ServletContextHandler@39f93225{/logs,file:///opt/src/hadoop-ozone/integration-test/target/log,AVAILABLE}
2019-06-12 13:44:21,619 INFO  handler.ContextHandler (ContextHandler.java:doStart(781)) - Started o.e.j.s.ServletContextHandler@164dea80{/static,jar:file:/root/.m2/repository/org/apache/hadoop/hadoop-hdds-container-service/0.5.0-SNAPSHOT/hadoop-hdds-container-service-0.5.0-SNAPSHOT.jar!/webapps/static,AVAILABLE}
2019-06-12 13:44:21,640 INFO  handler.ContextHandler (ContextHandler.java:doStart(781)) - Started o.e.j.w.WebAppContext@2acb1264{/,file:///tmp/jetty-0.0.0.0-44745-hddsDatanode-_-any-5053951010342582076.dir/webapp/,AVAILABLE}{/hddsDatanode}
2019-06-12 13:44:21,640 INFO  server.AbstractConnector (AbstractConnector.java:doStart(278)) - Started ServerConnector@30a01dd8{HTTP/1.1,[http/1.1]}{0.0.0.0:44745}
2019-06-12 13:44:21,641 INFO  server.Server (Server.java:doStart(419)) - Started @16951ms
2019-06-12 13:44:21,642 INFO  server.BaseHttpServer (BaseHttpServer.java:updateConnectorAddress(207)) - HTTP server of HDDSDATANODE is listening at http://0.0.0.0:44745
2019-06-12 13:44:21,728 INFO  ozone.HddsDatanodeService (HddsDatanodeService.java:startPlugins(396)) - Started plug-in org.apache.hadoop.ozone.web.OzoneHddsDatanodeService@1450ffa3
2019-06-12 13:44:21,728 INFO  impl.MetricsSystemImpl (MetricsSystemImpl.java:init(158)) - HddsDatanode metrics system started (again)
2019-06-12 13:44:21,729 INFO  ozone.HddsDatanodeService (HddsDatanodeService.java:start(185)) - HddsDatanodeService host:ozone-x7bbm-1544112193 ip:192.168.19.46
2019-06-12 13:44:21,743 INFO  util.JvmPauseMonitor (JvmPauseMonitor.java:run(188)) - Starting JVM pause monitor
2019-06-12 13:44:21,744 INFO  volume.HddsVolume (HddsVolume.java:<init>(176)) - Creating Volume: /opt/src/hadoop-ozone/integration-test/target/test-dir/MiniOzoneClusterImpl-6fb9c846-b10d-4e9b-9667-68825cdc56ab/datanode-5/data/containers/hdds of  storage type : DISK and capacity : 104021790720
2019-06-12 13:44:21,744 INFO  volume.VolumeSet (VolumeSet.java:initializeVolumeSet(170)) - Added Volume : /opt/src/hadoop-ozone/integration-test/target/test-dir/MiniOzoneClusterImpl-6fb9c846-b10d-4e9b-9667-68825cdc56ab/datanode-5/data/containers/hdds to VolumeSet
2019-06-12 13:44:21,745 INFO  volume.ThrottledAsyncChecker (ThrottledAsyncChecker.java:schedule(140)) - Scheduling a check for org.apache.hadoop.ozone.container.common.volume.HddsVolume@7a7f9d45
2019-06-12 13:44:21,745 INFO  datanode.InitDatanodeState (InitDatanodeState.java:persistContainerDatanodeDetails(140)) - DatanodeDetails is persisted to /opt/src/hadoop-ozone/integration-test/target/test-dir/MiniOzoneClusterImpl-6fb9c846-b10d-4e9b-9667-68825cdc56ab/datanode-4/meta/datanode.id
2019-06-12 13:44:21,745 INFO  volume.HddsVolumeChecker (HddsVolumeChecker.java:checkAllVolumes(203)) - Scheduled health check for volume org.apache.hadoop.ozone.container.common.volume.HddsVolume@7a7f9d45
2019-06-12 13:44:21,756 INFO  ratis.XceiverServerRatis (XceiverServerRatis.java:newXceiverServerRatis(401)) - Found a free port for the server : 37101
2019-06-12 13:44:21,757 INFO  impl.RaftServerProxy (ConfUtils.java:logGet(43)) - raft.rpc.type = GRPC (default)
2019-06-12 13:44:21,757 INFO  grpc.GrpcConfigKeys$Server (ConfUtils.java:logGet(43)) - raft.grpc.server.port = 37101 (custom)
2019-06-12 13:44:21,757 INFO  server.GrpcService (ConfUtils.java:logGet(43)) - raft.grpc.message.size.max = 33570816 (custom)
2019-06-12 13:44:21,758 INFO  server.RaftServerConfigKeys (ConfUtils.java:logGet(43)) - raft.server.log.appender.buffer.byte-limit = 33554432 (custom)
2019-06-12 13:44:21,758 INFO  server.GrpcService (ConfUtils.java:logGet(43)) - raft.grpc.flow.control.window = 1MB (=1048576) (default)
2019-06-12 13:44:21,758 INFO  server.RaftServerConfigKeys (ConfUtils.java:logGet(43)) - raft.server.rpc.request.timeout = 3000ms (default)
2019-06-12 13:44:21,759 INFO  server.RaftServerConfigKeys (ConfUtils.java:logGet(43)) - raft.server.storage.dir = [/opt/src/hadoop-ozone/integration-test/target/test-dir/MiniOzoneClusterImpl-6fb9c846-b10d-4e9b-9667-68825cdc56ab/datanode-5/data/ratis] (custom)
2019-06-12 13:44:21,759 INFO  server.XceiverServerGrpc (XceiverServerGrpc.java:<init>(97)) - Found a free port for the server : 43893
2019-06-12 13:44:21,759 INFO  replication.SimpleContainerDownloader (SimpleContainerDownloader.java:<init>(72)) - Starting container downloader service to copy containers to replicate.
2019-06-12 13:44:21,760 INFO  hdfs.DFSUtil (DFSUtil.java:httpServerTemplateForNNAndJN(1641)) - Starting Web-server for hddsDatanode at: http://0.0.0.0:0
2019-06-12 13:44:21,762 INFO  server.AuthenticationFilter (AuthenticationFilter.java:constructSecretProvider(240)) - Unable to initialize FileSignerSecretProvider, falling back to use random secrets.
2019-06-12 13:44:21,762 WARN  http.HttpRequestLog (HttpRequestLog.java:getRequestLog(97)) - Jetty request log can only be enabled using Log4j
2019-06-12 13:44:21,763 INFO  http.HttpServer2 (HttpServer2.java:addGlobalFilter(975)) - Added global filter 'safety' (class=org.apache.hadoop.http.HttpServer2$QuotingInputFilter)
2019-06-12 13:44:21,764 INFO  http.HttpServer2 (HttpServer2.java:addFilter(948)) - Added filter static_user_filter (class=org.apache.hadoop.http.lib.StaticUserWebFilter$StaticUserFilter) to context hddsDatanode
2019-06-12 13:44:21,764 INFO  http.HttpServer2 (HttpServer2.java:addFilter(958)) - Added filter static_user_filter (class=org.apache.hadoop.http.lib.StaticUserWebFilter$StaticUserFilter) to context logs
2019-06-12 13:44:21,764 INFO  http.HttpServer2 (HttpServer2.java:addFilter(958)) - Added filter static_user_filter (class=org.apache.hadoop.http.lib.StaticUserWebFilter$StaticUserFilter) to context static
2019-06-12 13:44:21,765 INFO  http.HttpServer2 (HttpServer2.java:bindListener(1191)) - Jetty bound to port 46157
2019-06-12 13:44:21,765 INFO  server.Server (Server.java:doStart(351)) - jetty-9.3.24.v20180605, build timestamp: 2018-06-05T17:11:56Z, git hash: 84205aa28f11a4f31f2a3b86d1bba2cc8ab69827
2019-06-12 13:44:21,778 INFO  handler.ContextHandler (ContextHandler.java:doStart(781)) - Started o.e.j.s.ServletContextHandler@4a0c3aa8{/logs,file:///opt/src/hadoop-ozone/integration-test/target/log,AVAILABLE}
2019-06-12 13:44:21,779 INFO  handler.ContextHandler (ContextHandler.java:doStart(781)) - Started o.e.j.s.ServletContextHandler@2d593b56{/static,jar:file:/root/.m2/repository/org/apache/hadoop/hadoop-hdds-container-service/0.5.0-SNAPSHOT/hadoop-hdds-container-service-0.5.0-SNAPSHOT.jar!/webapps/static,AVAILABLE}
2019-06-12 13:44:21,801 INFO  handler.ContextHandler (ContextHandler.java:doStart(781)) - Started o.e.j.w.WebAppContext@6339e604{/,file:///tmp/jetty-0.0.0.0-46157-hddsDatanode-_-any-706110434000080239.dir/webapp/,AVAILABLE}{/hddsDatanode}
2019-06-12 13:44:21,802 INFO  server.AbstractConnector (AbstractConnector.java:doStart(278)) - Started ServerConnector@4f8900b0{HTTP/1.1,[http/1.1]}{0.0.0.0:46157}
2019-06-12 13:44:21,803 INFO  server.Server (Server.java:doStart(419)) - Started @17113ms
2019-06-12 13:44:21,803 INFO  server.BaseHttpServer (BaseHttpServer.java:updateConnectorAddress(207)) - HTTP server of HDDSDATANODE is listening at http://0.0.0.0:46157
2019-06-12 13:44:21,903 INFO  ozone.HddsDatanodeService (HddsDatanodeService.java:startPlugins(396)) - Started plug-in org.apache.hadoop.ozone.web.OzoneHddsDatanodeService@28b2e4d8
2019-06-12 13:44:21,903 INFO  impl.MetricsSystemImpl (MetricsSystemImpl.java:init(158)) - HddsDatanode metrics system started (again)
2019-06-12 13:44:21,905 INFO  ozone.HddsDatanodeService (HddsDatanodeService.java:start(185)) - HddsDatanodeService host:ozone-x7bbm-1544112193 ip:192.168.19.46
2019-06-12 13:44:21,909 INFO  util.JvmPauseMonitor (JvmPauseMonitor.java:run(188)) - Starting JVM pause monitor
2019-06-12 13:44:21,911 INFO  datanode.InitDatanodeState (InitDatanodeState.java:persistContainerDatanodeDetails(140)) - DatanodeDetails is persisted to /opt/src/hadoop-ozone/integration-test/target/test-dir/MiniOzoneClusterImpl-6fb9c846-b10d-4e9b-9667-68825cdc56ab/datanode-5/meta/datanode.id
2019-06-12 13:44:21,916 INFO  volume.HddsVolume (HddsVolume.java:<init>(176)) - Creating Volume: /opt/src/hadoop-ozone/integration-test/target/test-dir/MiniOzoneClusterImpl-6fb9c846-b10d-4e9b-9667-68825cdc56ab/datanode-6/data/containers/hdds of  storage type : DISK and capacity : 104021790720
2019-06-12 13:44:21,916 INFO  volume.VolumeSet (VolumeSet.java:initializeVolumeSet(170)) - Added Volume : /opt/src/hadoop-ozone/integration-test/target/test-dir/MiniOzoneClusterImpl-6fb9c846-b10d-4e9b-9667-68825cdc56ab/datanode-6/data/containers/hdds to VolumeSet
2019-06-12 13:44:21,916 INFO  volume.ThrottledAsyncChecker (ThrottledAsyncChecker.java:schedule(140)) - Scheduling a check for org.apache.hadoop.ozone.container.common.volume.HddsVolume@7d95166a
2019-06-12 13:44:21,917 INFO  volume.HddsVolumeChecker (HddsVolumeChecker.java:checkAllVolumes(203)) - Scheduled health check for volume org.apache.hadoop.ozone.container.common.volume.HddsVolume@7d95166a
2019-06-12 13:44:21,926 INFO  ratis.XceiverServerRatis (XceiverServerRatis.java:newXceiverServerRatis(401)) - Found a free port for the server : 34065
2019-06-12 13:44:21,927 INFO  impl.RaftServerProxy (ConfUtils.java:logGet(43)) - raft.rpc.type = GRPC (default)
2019-06-12 13:44:21,927 INFO  grpc.GrpcConfigKeys$Server (ConfUtils.java:logGet(43)) - raft.grpc.server.port = 34065 (custom)
2019-06-12 13:44:21,927 INFO  server.GrpcService (ConfUtils.java:logGet(43)) - raft.grpc.message.size.max = 33570816 (custom)
2019-06-12 13:44:21,927 INFO  server.RaftServerConfigKeys (ConfUtils.java:logGet(43)) - raft.server.log.appender.buffer.byte-limit = 33554432 (custom)
2019-06-12 13:44:21,928 INFO  server.GrpcService (ConfUtils.java:logGet(43)) - raft.grpc.flow.control.window = 1MB (=1048576) (default)
2019-06-12 13:44:21,928 INFO  server.RaftServerConfigKeys (ConfUtils.java:logGet(43)) - raft.server.rpc.request.timeout = 3000ms (default)
2019-06-12 13:44:21,928 INFO  server.RaftServerConfigKeys (ConfUtils.java:logGet(43)) - raft.server.storage.dir = [/opt/src/hadoop-ozone/integration-test/target/test-dir/MiniOzoneClusterImpl-6fb9c846-b10d-4e9b-9667-68825cdc56ab/datanode-6/data/ratis] (custom)
2019-06-12 13:44:21,928 INFO  server.XceiverServerGrpc (XceiverServerGrpc.java:<init>(97)) - Found a free port for the server : 33833
2019-06-12 13:44:21,929 INFO  replication.SimpleContainerDownloader (SimpleContainerDownloader.java:<init>(72)) - Starting container downloader service to copy containers to replicate.
2019-06-12 13:44:21,930 INFO  hdfs.DFSUtil (DFSUtil.java:httpServerTemplateForNNAndJN(1641)) - Starting Web-server for hddsDatanode at: http://0.0.0.0:0
2019-06-12 13:44:21,930 INFO  server.AuthenticationFilter (AuthenticationFilter.java:constructSecretProvider(240)) - Unable to initialize FileSignerSecretProvider, falling back to use random secrets.
2019-06-12 13:44:21,931 WARN  http.HttpRequestLog (HttpRequestLog.java:getRequestLog(97)) - Jetty request log can only be enabled using Log4j
2019-06-12 13:44:21,932 INFO  http.HttpServer2 (HttpServer2.java:addGlobalFilter(975)) - Added global filter 'safety' (class=org.apache.hadoop.http.HttpServer2$QuotingInputFilter)
2019-06-12 13:44:21,932 INFO  http.HttpServer2 (HttpServer2.java:addFilter(948)) - Added filter static_user_filter (class=org.apache.hadoop.http.lib.StaticUserWebFilter$StaticUserFilter) to context hddsDatanode
2019-06-12 13:44:21,932 INFO  http.HttpServer2 (HttpServer2.java:addFilter(958)) - Added filter static_user_filter (class=org.apache.hadoop.http.lib.StaticUserWebFilter$StaticUserFilter) to context static
2019-06-12 13:44:21,932 INFO  http.HttpServer2 (HttpServer2.java:addFilter(958)) - Added filter static_user_filter (class=org.apache.hadoop.http.lib.StaticUserWebFilter$StaticUserFilter) to context logs
2019-06-12 13:44:21,933 INFO  http.HttpServer2 (HttpServer2.java:bindListener(1191)) - Jetty bound to port 42217
2019-06-12 13:44:21,933 INFO  server.Server (Server.java:doStart(351)) - jetty-9.3.24.v20180605, build timestamp: 2018-06-05T17:11:56Z, git hash: 84205aa28f11a4f31f2a3b86d1bba2cc8ab69827
2019-06-12 13:44:21,934 INFO  handler.ContextHandler (ContextHandler.java:doStart(781)) - Started o.e.j.s.ServletContextHandler@6a9df5{/logs,file:///opt/src/hadoop-ozone/integration-test/target/log,AVAILABLE}
2019-06-12 13:44:21,935 INFO  handler.ContextHandler (ContextHandler.java:doStart(781)) - Started o.e.j.s.ServletContextHandler@65d23aa3{/static,jar:file:/root/.m2/repository/org/apache/hadoop/hadoop-hdds-container-service/0.5.0-SNAPSHOT/hadoop-hdds-container-service-0.5.0-SNAPSHOT.jar!/webapps/static,AVAILABLE}
2019-06-12 13:44:21,964 INFO  handler.ContextHandler (ContextHandler.java:doStart(781)) - Started o.e.j.w.WebAppContext@41026e5c{/,file:///tmp/jetty-0.0.0.0-42217-hddsDatanode-_-any-6486904335307718266.dir/webapp/,AVAILABLE}{/hddsDatanode}
2019-06-12 13:44:21,964 INFO  server.AbstractConnector (AbstractConnector.java:doStart(278)) - Started ServerConnector@12421766{HTTP/1.1,[http/1.1]}{0.0.0.0:42217}
2019-06-12 13:44:21,965 INFO  server.Server (Server.java:doStart(419)) - Started @17275ms
2019-06-12 13:44:21,966 INFO  server.BaseHttpServer (BaseHttpServer.java:updateConnectorAddress(207)) - HTTP server of HDDSDATANODE is listening at http://0.0.0.0:42217
2019-06-12 13:44:22,099 INFO  ozone.HddsDatanodeService (HddsDatanodeService.java:startPlugins(396)) - Started plug-in org.apache.hadoop.ozone.web.OzoneHddsDatanodeService@1124dd79
2019-06-12 13:44:22,100 INFO  ozone.MiniOzoneClusterImpl (MiniOzoneClusterImpl.java:lambda$waitForClusterToBeReady$0(142)) - Waiting for cluster to be ready. Got 0 of 7 DN Heartbeats.
2019-06-12 13:44:22,102 INFO  util.JvmPauseMonitor (JvmPauseMonitor.java:run(188)) - Starting JVM pause monitor
2019-06-12 13:44:22,103 INFO  datanode.InitDatanodeState (InitDatanodeState.java:persistContainerDatanodeDetails(140)) - DatanodeDetails is persisted to /opt/src/hadoop-ozone/integration-test/target/test-dir/MiniOzoneClusterImpl-6fb9c846-b10d-4e9b-9667-68825cdc56ab/datanode-6/meta/datanode.id
2019-06-12 13:44:23,100 INFO  ozoneimpl.OzoneContainer (OzoneContainer.java:start(186)) - Attempting to start container services.
2019-06-12 13:44:23,101 INFO  ozoneimpl.OzoneContainer (OzoneContainer.java:startContainerScrub(160)) - Background container scrubber has been disabled by hdds.containerscrub.enabled
2019-06-12 13:44:23,101 INFO  ratis.XceiverServerRatis (XceiverServerRatis.java:start(418)) - Starting XceiverServerRatis 2f12874f-5c6e-49ee-a382-210f379e72c8 at port 40059
2019-06-12 13:44:23,101 INFO  ozone.MiniOzoneClusterImpl (MiniOzoneClusterImpl.java:lambda$waitForClusterToBeReady$0(142)) - Waiting for cluster to be ready. Got 0 of 7 DN Heartbeats.
2019-06-12 13:44:23,105 INFO  impl.RaftServerProxy (RaftServerProxy.java:lambda$start$3(299)) - 2f12874f-5c6e-49ee-a382-210f379e72c8: start RPC server
2019-06-12 13:44:23,106 INFO  server.GrpcService (GrpcService.java:startImpl(148)) - 2f12874f-5c6e-49ee-a382-210f379e72c8: GrpcService started, listening on 0.0.0.0/0.0.0.0:40059
2019-06-12 13:44:23,246 INFO  ozoneimpl.OzoneContainer (OzoneContainer.java:start(186)) - Attempting to start container services.
2019-06-12 13:44:23,248 INFO  ozoneimpl.OzoneContainer (OzoneContainer.java:startContainerScrub(160)) - Background container scrubber has been disabled by hdds.containerscrub.enabled
2019-06-12 13:44:23,248 INFO  ratis.XceiverServerRatis (XceiverServerRatis.java:start(418)) - Starting XceiverServerRatis 344f01c1-3d81-4d42-ad7d-483e8f9e385e at port 38963
2019-06-12 13:44:23,251 INFO  impl.RaftServerProxy (RaftServerProxy.java:lambda$start$3(299)) - 344f01c1-3d81-4d42-ad7d-483e8f9e385e: start RPC server
2019-06-12 13:44:23,254 INFO  server.GrpcService (GrpcService.java:startImpl(148)) - 344f01c1-3d81-4d42-ad7d-483e8f9e385e: GrpcService started, listening on 0.0.0.0/0.0.0.0:38963
2019-06-12 13:44:23,437 INFO  ozoneimpl.OzoneContainer (OzoneContainer.java:start(186)) - Attempting to start container services.
2019-06-12 13:44:23,440 INFO  ozoneimpl.OzoneContainer (OzoneContainer.java:startContainerScrub(160)) - Background container scrubber has been disabled by hdds.containerscrub.enabled
2019-06-12 13:44:23,440 INFO  ratis.XceiverServerRatis (XceiverServerRatis.java:start(418)) - Starting XceiverServerRatis a8ad4b56-8c11-4031-99d5-b3a90554f189 at port 34453
2019-06-12 13:44:23,449 INFO  impl.RaftServerProxy (RaftServerProxy.java:lambda$start$3(299)) - a8ad4b56-8c11-4031-99d5-b3a90554f189: start RPC server
2019-06-12 13:44:23,450 INFO  server.GrpcService (GrpcService.java:startImpl(148)) - a8ad4b56-8c11-4031-99d5-b3a90554f189: GrpcService started, listening on 0.0.0.0/0.0.0.0:34453
2019-06-12 13:44:23,594 INFO  ozoneimpl.OzoneContainer (OzoneContainer.java:start(186)) - Attempting to start container services.
2019-06-12 13:44:23,594 INFO  ozoneimpl.OzoneContainer (OzoneContainer.java:startContainerScrub(160)) - Background container scrubber has been disabled by hdds.containerscrub.enabled
2019-06-12 13:44:23,594 INFO  ratis.XceiverServerRatis (XceiverServerRatis.java:start(418)) - Starting XceiverServerRatis 75e527e4-4e60-4b13-96f6-184a34f1241e at port 45865
2019-06-12 13:44:23,598 INFO  impl.RaftServerProxy (RaftServerProxy.java:lambda$start$3(299)) - 75e527e4-4e60-4b13-96f6-184a34f1241e: start RPC server
2019-06-12 13:44:23,599 INFO  server.GrpcService (GrpcService.java:startImpl(148)) - 75e527e4-4e60-4b13-96f6-184a34f1241e: GrpcService started, listening on 0.0.0.0/0.0.0.0:45865
2019-06-12 13:44:23,746 INFO  ozoneimpl.OzoneContainer (OzoneContainer.java:start(186)) - Attempting to start container services.
2019-06-12 13:44:23,746 INFO  ozoneimpl.OzoneContainer (OzoneContainer.java:startContainerScrub(160)) - Background container scrubber has been disabled by hdds.containerscrub.enabled
2019-06-12 13:44:23,746 INFO  ratis.XceiverServerRatis (XceiverServerRatis.java:start(418)) - Starting XceiverServerRatis fd39c4b3-843a-4ac6-8f2a-1a38d8f2ddac at port 33913
2019-06-12 13:44:23,749 INFO  impl.RaftServerProxy (RaftServerProxy.java:lambda$start$3(299)) - fd39c4b3-843a-4ac6-8f2a-1a38d8f2ddac: start RPC server
2019-06-12 13:44:23,750 INFO  server.GrpcService (GrpcService.java:startImpl(148)) - fd39c4b3-843a-4ac6-8f2a-1a38d8f2ddac: GrpcService started, listening on 0.0.0.0/0.0.0.0:33913
2019-06-12 13:44:23,913 INFO  ozoneimpl.OzoneContainer (OzoneContainer.java:start(186)) - Attempting to start container services.
2019-06-12 13:44:23,913 INFO  ozoneimpl.OzoneContainer (OzoneContainer.java:startContainerScrub(160)) - Background container scrubber has been disabled by hdds.containerscrub.enabled
2019-06-12 13:44:23,914 INFO  ratis.XceiverServerRatis (XceiverServerRatis.java:start(418)) - Starting XceiverServerRatis 1023bb9f-4671-4726-aa58-a5ed55fe6403 at port 37101
2019-06-12 13:44:23,917 INFO  impl.RaftServerProxy (RaftServerProxy.java:lambda$start$3(299)) - 1023bb9f-4671-4726-aa58-a5ed55fe6403: start RPC server
2019-06-12 13:44:23,919 INFO  server.GrpcService (GrpcService.java:startImpl(148)) - 1023bb9f-4671-4726-aa58-a5ed55fe6403: GrpcService started, listening on 0.0.0.0/0.0.0.0:37101
2019-06-12 13:44:24,102 INFO  ozone.MiniOzoneClusterImpl (MiniOzoneClusterImpl.java:lambda$waitForClusterToBeReady$0(142)) - Waiting for cluster to be ready. Got 0 of 7 DN Heartbeats.
2019-06-12 13:44:24,105 INFO  ozoneimpl.OzoneContainer (OzoneContainer.java:start(186)) - Attempting to start container services.
2019-06-12 13:44:24,106 INFO  ozoneimpl.OzoneContainer (OzoneContainer.java:startContainerScrub(160)) - Background container scrubber has been disabled by hdds.containerscrub.enabled
2019-06-12 13:44:24,106 INFO  ratis.XceiverServerRatis (XceiverServerRatis.java:start(418)) - Starting XceiverServerRatis f6261474-e4a7-4eef-8ac5-8ff57e0e952d at port 34065
2019-06-12 13:44:24,109 INFO  impl.RaftServerProxy (RaftServerProxy.java:lambda$start$3(299)) - f6261474-e4a7-4eef-8ac5-8ff57e0e952d: start RPC server
2019-06-12 13:44:24,110 INFO  server.GrpcService (GrpcService.java:startImpl(148)) - f6261474-e4a7-4eef-8ac5-8ff57e0e952d: GrpcService started, listening on 0.0.0.0/0.0.0.0:34065
2019-06-12 13:44:25,097 INFO  node.SCMNodeManager (SCMNodeManager.java:register(234)) - Registered Data node : 2f12874f-5c6e-49ee-a382-210f379e72c8{ip: 192.168.19.46, host: ozone-x7bbm-1544112193, networkLocation: /default-rack, certSerialId: null}
2019-06-12 13:44:25,099 INFO  safemode.SCMSafeModeManager (DataNodeSafeModeRule.java:process(71)) - SCM in safe mode. 1 DataNodes registered, 1 required.
2019-06-12 13:44:25,100 INFO  safemode.SCMSafeModeManager (SCMSafeModeManager.java:validateSafeModeExitRules(177)) - ScmSafeModeManager, all rules are successfully validated
2019-06-12 13:44:25,100 INFO  safemode.SCMSafeModeManager (SCMSafeModeManager.java:exitSafeMode(193)) - SCM exiting safe mode.
2019-06-12 13:44:25,102 INFO  ozone.MiniOzoneClusterImpl (MiniOzoneClusterImpl.java:lambda$waitForClusterToBeReady$0(142)) - Waiting for cluster to be ready. Got 1 of 7 DN Heartbeats.
2019-06-12 13:44:25,113 INFO  impl.RaftServerProxy (RaftServerProxy.java:addNew(89)) - 2f12874f-5c6e-49ee-a382-210f379e72c8: addNew group-AAAAB0867283:[2f12874f-5c6e-49ee-a382-210f379e72c8:192.168.19.46:40059] returns group-AAAAB0867283:java.util.concurrent.CompletableFuture@2ad06341[Not completed]
2019-06-12 13:44:25,114 INFO  impl.RaftServerImpl (RaftServerImpl.java:<init>(91)) - 2f12874f-5c6e-49ee-a382-210f379e72c8: new RaftServerImpl for group-AAAAB0867283:[2f12874f-5c6e-49ee-a382-210f379e72c8:192.168.19.46:40059] with ContainerStateMachine:uninitialized
2019-06-12 13:44:25,114 INFO  server.RaftServerConfigKeys (ConfUtils.java:logGet(43)) - raft.server.rpc.timeout.min = 1s (custom)
2019-06-12 13:44:25,114 INFO  server.RaftServerConfigKeys (ConfUtils.java:logGet(43)) - raft.server.rpc.timeout.max = 1200ms (custom)
2019-06-12 13:44:25,114 INFO  server.RaftServerConfigKeys (ConfUtils.java:logGet(43)) - raft.server.rpcslowness.timeout = 120s (custom)
2019-06-12 13:44:25,114 INFO  server.RaftServerConfigKeys (ConfUtils.java:logGet(43)) - raft.server.log.appender.install.snapshot.enabled = true (default)
2019-06-12 13:44:25,114 INFO  impl.RaftServerImpl (ServerState.java:<init>(101)) - 2f12874f-5c6e-49ee-a382-210f379e72c8:group-AAAAB0867283 ConfigurationManager, init=-1: [2f12874f-5c6e-49ee-a382-210f379e72c8:192.168.19.46:40059], old=null, confs=<EMPTY_MAP>
2019-06-12 13:44:25,114 INFO  server.RaftServerConfigKeys (ConfUtils.java:logGet(43)) - raft.server.storage.dir = [/opt/src/hadoop-ozone/integration-test/target/test-dir/MiniOzoneClusterImpl-6fb9c846-b10d-4e9b-9667-68825cdc56ab/datanode-0/data/ratis] (custom)
2019-06-12 13:44:25,115 INFO  storage.RaftStorageDirectory (RaftStorageDirectory.java:analyzeStorage(246)) - The storage directory /opt/src/hadoop-ozone/integration-test/target/test-dir/MiniOzoneClusterImpl-6fb9c846-b10d-4e9b-9667-68825cdc56ab/datanode-0/data/ratis/cbad1df4-de5e-471e-8ffe-aaaab0867283 does not exist. Creating ...
2019-06-12 13:44:25,117 INFO  storage.RaftStorageDirectory (RaftStorageDirectory.java:tryLock(328)) - Lock on /opt/src/hadoop-ozone/integration-test/target/test-dir/MiniOzoneClusterImpl-6fb9c846-b10d-4e9b-9667-68825cdc56ab/datanode-0/data/ratis/cbad1df4-de5e-471e-8ffe-aaaab0867283/in_use.lock acquired by nodename 1510@ozone-x7bbm-1544112193
2019-06-12 13:44:25,119 INFO  storage.RaftStorage (RaftStorage.java:format(75)) - Storage directory /opt/src/hadoop-ozone/integration-test/target/test-dir/MiniOzoneClusterImpl-6fb9c846-b10d-4e9b-9667-68825cdc56ab/datanode-0/data/ratis/cbad1df4-de5e-471e-8ffe-aaaab0867283 has been successfully formatted.
2019-06-12 13:44:25,119 INFO  ratis.ContainerStateMachine (ContainerStateMachine.java:loadSnapshot(199)) - The snapshot info is null.Setting the last applied index to:(t:0, i:~)
2019-06-12 13:44:25,119 INFO  server.RaftServerConfigKeys (ConfUtils.java:logGet(43)) - raft.server.leader.election.timeout = 120s (custom)
2019-06-12 13:44:25,119 INFO  server.RaftServerConfigKeys (ConfUtils.java:logGet(43)) - raft.server.log.use.memory = false (default)
2019-06-12 13:44:25,119 INFO  server.RaftServerConfigKeys (ConfUtils.java:logGet(43)) - raft.server.log.appender.buffer.byte-limit = 33554432 (custom)
2019-06-12 13:44:25,119 INFO  server.RaftServerConfigKeys (ConfUtils.java:logGet(43)) - raft.server.log.segment.size.max = 16384 (custom)
2019-06-12 13:44:25,119 INFO  server.RaftServerConfigKeys (ConfUtils.java:logGet(43)) - raft.server.log.segment.cache.num.max = 2 (custom)
2019-06-12 13:44:25,120 INFO  storage.RaftLogWorker (RaftLogWorker.java:<init>(123)) - new 2f12874f-5c6e-49ee-a382-210f379e72c8-RaftLogWorker for Storage Directory /opt/src/hadoop-ozone/integration-test/target/test-dir/MiniOzoneClusterImpl-6fb9c846-b10d-4e9b-9667-68825cdc56ab/datanode-0/data/ratis/cbad1df4-de5e-471e-8ffe-aaaab0867283
2019-06-12 13:44:25,120 INFO  server.RaftServerConfigKeys (ConfUtils.java:logGet(43)) - raft.server.log.queue.byte-limit = 2147483647 (custom)
2019-06-12 13:44:25,120 INFO  server.RaftServerConfigKeys (ConfUtils.java:logGet(43)) - raft.server.log.queue.element-limit = 1024 (custom)
2019-06-12 13:44:25,120 INFO  server.RaftServerConfigKeys (ConfUtils.java:logGet(43)) - raft.server.log.segment.size.max = 16384 (custom)
2019-06-12 13:44:25,120 INFO  server.RaftServerConfigKeys (ConfUtils.java:logGet(43)) - raft.server.log.preallocated.size = 16384 (custom)
2019-06-12 13:44:25,120 INFO  server.RaftServerConfigKeys (ConfUtils.java:logGet(43)) - raft.server.log.write.buffer.size = 33554432 (custom)
2019-06-12 13:44:25,120 INFO  server.RaftServerConfigKeys (ConfUtils.java:logGet(43)) - raft.server.log.force.sync.num = 128 (default)
2019-06-12 13:44:25,120 INFO  server.RaftServerConfigKeys (ConfUtils.java:logGet(43)) - raft.server.log.statemachine.data.sync = true (default)
2019-06-12 13:44:25,120 INFO  server.RaftServerConfigKeys (ConfUtils.java:logGet(43)) - raft.server.log.statemachine.data.sync.timeout = 10s (default)
2019-06-12 13:44:25,120 INFO  server.RaftServerConfigKeys (ConfUtils.java:logGet(43)) - raft.server.log.statemachine.data.sync.timeout.retry = -1 (default)
2019-06-12 13:44:25,120 INFO  server.RaftServerConfigKeys (ConfUtils.java:logGet(43)) - raft.server.log.statemachine.data.caching.enabled = true (custom)
2019-06-12 13:44:25,121 INFO  server.RaftServerConfigKeys (ConfUtils.java:logGet(43)) - raft.server.snapshot.auto.trigger.enabled = true (custom)
2019-06-12 13:44:25,121 INFO  server.RaftServerConfigKeys (ConfUtils.java:logGet(43)) - raft.server.snapshot.auto.trigger.threshold = 10000 (custom)
2019-06-12 13:44:25,121 INFO  server.RaftServerConfigKeys (ConfUtils.java:logGet(43)) - raft.server.retrycache.expirytime = 600000ms (custom)
2019-06-12 13:44:25,121 INFO  impl.RaftServerImpl (RaftServerImpl.java:start(173)) - 2f12874f-5c6e-49ee-a382-210f379e72c8: start group-AAAAB0867283
2019-06-12 13:44:25,121 INFO  impl.RaftServerImpl (RaftServerImpl.java:setRole(164)) - 2f12874f-5c6e-49ee-a382-210f379e72c8:group-AAAAB0867283 changes role from null to FOLLOWER at term 0 for startAsFollower
2019-06-12 13:44:25,121 INFO  impl.RoleInfo (RoleInfo.java:updateAndGet(143)) - 2f12874f-5c6e-49ee-a382-210f379e72c8: start FollowerState
2019-06-12 13:44:25,122 INFO  util.JmxRegister (JmxRegister.java:tryRegister(44)) - Successfully registered JMX Bean with object name Ratis:service=RaftServer,group=group-AAAAB0867283,id=2f12874f-5c6e-49ee-a382-210f379e72c8
2019-06-12 13:44:25,125 INFO  pipeline.PipelineStateManager (PipelineStateManager.java:addPipeline(56)) - Created pipeline Pipeline[ Id: cbad1df4-de5e-471e-8ffe-aaaab0867283, Nodes: 2f12874f-5c6e-49ee-a382-210f379e72c8{ip: 192.168.19.46, host: ozone-x7bbm-1544112193, networkLocation: /default-rack, certSerialId: null}, Type:RATIS, Factor:ONE, State:OPEN]
2019-06-12 13:44:25,243 INFO  node.SCMNodeManager (SCMNodeManager.java:register(234)) - Registered Data node : 344f01c1-3d81-4d42-ad7d-483e8f9e385e{ip: 192.168.19.46, host: ozone-x7bbm-1544112193, networkLocation: /default-rack, certSerialId: null}
2019-06-12 13:44:25,255 INFO  impl.RaftServerProxy (RaftServerProxy.java:addNew(89)) - 344f01c1-3d81-4d42-ad7d-483e8f9e385e: addNew group-8DF5A0A6B38D:[344f01c1-3d81-4d42-ad7d-483e8f9e385e:192.168.19.46:38963] returns group-8DF5A0A6B38D:java.util.concurrent.CompletableFuture@58b85ef0[Not completed]
2019-06-12 13:44:25,256 INFO  impl.RaftServerImpl (RaftServerImpl.java:<init>(91)) - 344f01c1-3d81-4d42-ad7d-483e8f9e385e: new RaftServerImpl for group-8DF5A0A6B38D:[344f01c1-3d81-4d42-ad7d-483e8f9e385e:192.168.19.46:38963] with ContainerStateMachine:uninitialized
2019-06-12 13:44:25,256 INFO  server.RaftServerConfigKeys (ConfUtils.java:logGet(43)) - raft.server.rpc.timeout.min = 1s (custom)
2019-06-12 13:44:25,256 INFO  server.RaftServerConfigKeys (ConfUtils.java:logGet(43)) - raft.server.rpc.timeout.max = 1200ms (custom)
2019-06-12 13:44:25,256 INFO  server.RaftServerConfigKeys (ConfUtils.java:logGet(43)) - raft.server.rpcslowness.timeout = 120s (custom)
2019-06-12 13:44:25,256 INFO  server.RaftServerConfigKeys (ConfUtils.java:logGet(43)) - raft.server.log.appender.install.snapshot.enabled = true (default)
2019-06-12 13:44:25,256 INFO  impl.RaftServerImpl (ServerState.java:<init>(101)) - 344f01c1-3d81-4d42-ad7d-483e8f9e385e:group-8DF5A0A6B38D ConfigurationManager, init=-1: [344f01c1-3d81-4d42-ad7d-483e8f9e385e:192.168.19.46:38963], old=null, confs=<EMPTY_MAP>
2019-06-12 13:44:25,256 INFO  server.RaftServerConfigKeys (ConfUtils.java:logGet(43)) - raft.server.storage.dir = [/opt/src/hadoop-ozone/integration-test/target/test-dir/MiniOzoneClusterImpl-6fb9c846-b10d-4e9b-9667-68825cdc56ab/datanode-1/data/ratis] (custom)
2019-06-12 13:44:25,256 INFO  storage.RaftStorageDirectory (RaftStorageDirectory.java:analyzeStorage(246)) - The storage directory /opt/src/hadoop-ozone/integration-test/target/test-dir/MiniOzoneClusterImpl-6fb9c846-b10d-4e9b-9667-68825cdc56ab/datanode-1/data/ratis/6cbd92de-d100-4ed3-a392-8df5a0a6b38d does not exist. Creating ...
2019-06-12 13:44:25,258 INFO  storage.RaftStorageDirectory (RaftStorageDirectory.java:tryLock(328)) - Lock on /opt/src/hadoop-ozone/integration-test/target/test-dir/MiniOzoneClusterImpl-6fb9c846-b10d-4e9b-9667-68825cdc56ab/datanode-1/data/ratis/6cbd92de-d100-4ed3-a392-8df5a0a6b38d/in_use.lock acquired by nodename 1510@ozone-x7bbm-1544112193
2019-06-12 13:44:25,260 INFO  storage.RaftStorage (RaftStorage.java:format(75)) - Storage directory /opt/src/hadoop-ozone/integration-test/target/test-dir/MiniOzoneClusterImpl-6fb9c846-b10d-4e9b-9667-68825cdc56ab/datanode-1/data/ratis/6cbd92de-d100-4ed3-a392-8df5a0a6b38d has been successfully formatted.
2019-06-12 13:44:25,261 INFO  ratis.ContainerStateMachine (ContainerStateMachine.java:loadSnapshot(199)) - The snapshot info is null.Setting the last applied index to:(t:0, i:~)
2019-06-12 13:44:25,261 INFO  server.RaftServerConfigKeys (ConfUtils.java:logGet(43)) - raft.server.leader.election.timeout = 120s (custom)
2019-06-12 13:44:25,261 INFO  server.RaftServerConfigKeys (ConfUtils.java:logGet(43)) - raft.server.log.use.memory = false (default)
2019-06-12 13:44:25,261 INFO  server.RaftServerConfigKeys (ConfUtils.java:logGet(43)) - raft.server.log.appender.buffer.byte-limit = 33554432 (custom)
2019-06-12 13:44:25,261 INFO  server.RaftServerConfigKeys (ConfUtils.java:logGet(43)) - raft.server.log.segment.size.max = 16384 (custom)
2019-06-12 13:44:25,261 INFO  server.RaftServerConfigKeys (ConfUtils.java:logGet(43)) - raft.server.log.segment.cache.num.max = 2 (custom)
2019-06-12 13:44:25,261 INFO  storage.RaftLogWorker (RaftLogWorker.java:<init>(123)) - new 344f01c1-3d81-4d42-ad7d-483e8f9e385e-RaftLogWorker for Storage Directory /opt/src/hadoop-ozone/integration-test/target/test-dir/MiniOzoneClusterImpl-6fb9c846-b10d-4e9b-9667-68825cdc56ab/datanode-1/data/ratis/6cbd92de-d100-4ed3-a392-8df5a0a6b38d
2019-06-12 13:44:25,261 INFO  server.RaftServerConfigKeys (ConfUtils.java:logGet(43)) - raft.server.log.queue.byte-limit = 2147483647 (custom)
2019-06-12 13:44:25,261 INFO  server.RaftServerConfigKeys (ConfUtils.java:logGet(43)) - raft.server.log.queue.element-limit = 1024 (custom)
2019-06-12 13:44:25,261 INFO  server.RaftServerConfigKeys (ConfUtils.java:logGet(43)) - raft.server.log.segment.size.max = 16384 (custom)
2019-06-12 13:44:25,262 INFO  server.RaftServerConfigKeys (ConfUtils.java:logGet(43)) - raft.server.log.preallocated.size = 16384 (custom)
2019-06-12 13:44:25,262 INFO  server.RaftServerConfigKeys (ConfUtils.java:logGet(43)) - raft.server.log.write.buffer.size = 33554432 (custom)
2019-06-12 13:44:25,262 INFO  server.RaftServerConfigKeys (ConfUtils.java:logGet(43)) - raft.server.log.force.sync.num = 128 (default)
2019-06-12 13:44:25,262 INFO  server.RaftServerConfigKeys (ConfUtils.java:logGet(43)) - raft.server.log.statemachine.data.sync = true (default)
2019-06-12 13:44:25,262 INFO  server.RaftServerConfigKeys (ConfUtils.java:logGet(43)) - raft.server.log.statemachine.data.sync.timeout = 10s (default)
2019-06-12 13:44:25,262 INFO  server.RaftServerConfigKeys (ConfUtils.java:logGet(43)) - raft.server.log.statemachine.data.sync.timeout.retry = -1 (default)
2019-06-12 13:44:25,262 INFO  server.RaftServerConfigKeys (ConfUtils.java:logGet(43)) - raft.server.log.statemachine.data.caching.enabled = true (custom)
2019-06-12 13:44:25,263 INFO  server.RaftServerConfigKeys (ConfUtils.java:logGet(43)) - raft.server.snapshot.auto.trigger.enabled = true (custom)
2019-06-12 13:44:25,263 INFO  server.RaftServerConfigKeys (ConfUtils.java:logGet(43)) - raft.server.snapshot.auto.trigger.threshold = 10000 (custom)
2019-06-12 13:44:25,263 INFO  server.RaftServerConfigKeys (ConfUtils.java:logGet(43)) - raft.server.retrycache.expirytime = 600000ms (custom)
2019-06-12 13:44:25,263 INFO  impl.RaftServerImpl (RaftServerImpl.java:start(173)) - 344f01c1-3d81-4d42-ad7d-483e8f9e385e: start group-8DF5A0A6B38D
2019-06-12 13:44:25,263 INFO  impl.RaftServerImpl (RaftServerImpl.java:setRole(164)) - 344f01c1-3d81-4d42-ad7d-483e8f9e385e:group-8DF5A0A6B38D changes role from null to FOLLOWER at term 0 for startAsFollower
2019-06-12 13:44:25,263 INFO  impl.RoleInfo (RoleInfo.java:updateAndGet(143)) - 344f01c1-3d81-4d42-ad7d-483e8f9e385e: start FollowerState
2019-06-12 13:44:25,264 INFO  util.JmxRegister (JmxRegister.java:tryRegister(44)) - Successfully registered JMX Bean with object name Ratis:service=RaftServer,group=group-8DF5A0A6B38D,id=344f01c1-3d81-4d42-ad7d-483e8f9e385e
2019-06-12 13:44:25,268 INFO  pipeline.PipelineStateManager (PipelineStateManager.java:addPipeline(56)) - Created pipeline Pipeline[ Id: 6cbd92de-d100-4ed3-a392-8df5a0a6b38d, Nodes: 344f01c1-3d81-4d42-ad7d-483e8f9e385e{ip: 192.168.19.46, host: ozone-x7bbm-1544112193, networkLocation: /default-rack, certSerialId: null}, Type:RATIS, Factor:ONE, State:OPEN]
2019-06-12 13:44:25,435 INFO  node.SCMNodeManager (SCMNodeManager.java:register(234)) - Registered Data node : a8ad4b56-8c11-4031-99d5-b3a90554f189{ip: 192.168.19.46, host: ozone-x7bbm-1544112193, networkLocation: /default-rack, certSerialId: null}
2019-06-12 13:44:25,445 INFO  impl.RaftServerProxy (RaftServerProxy.java:addNew(89)) - a8ad4b56-8c11-4031-99d5-b3a90554f189: addNew group-1DC6AD54D920:[a8ad4b56-8c11-4031-99d5-b3a90554f189:192.168.19.46:34453] returns group-1DC6AD54D920:java.util.concurrent.CompletableFuture@66b1a766[Not completed]
2019-06-12 13:44:25,446 INFO  impl.RaftServerImpl (RaftServerImpl.java:<init>(91)) - a8ad4b56-8c11-4031-99d5-b3a90554f189: new RaftServerImpl for group-1DC6AD54D920:[a8ad4b56-8c11-4031-99d5-b3a90554f189:192.168.19.46:34453] with ContainerStateMachine:uninitialized
2019-06-12 13:44:25,446 INFO  server.RaftServerConfigKeys (ConfUtils.java:logGet(43)) - raft.server.rpc.timeout.min = 1s (custom)
2019-06-12 13:44:25,446 INFO  server.RaftServerConfigKeys (ConfUtils.java:logGet(43)) - raft.server.rpc.timeout.max = 1200ms (custom)
2019-06-12 13:44:25,446 INFO  server.RaftServerConfigKeys (ConfUtils.java:logGet(43)) - raft.server.rpcslowness.timeout = 120s (custom)
2019-06-12 13:44:25,446 INFO  server.RaftServerConfigKeys (ConfUtils.java:logGet(43)) - raft.server.log.appender.install.snapshot.enabled = true (default)
2019-06-12 13:44:25,446 INFO  impl.RaftServerImpl (ServerState.java:<init>(101)) - a8ad4b56-8c11-4031-99d5-b3a90554f189:group-1DC6AD54D920 ConfigurationManager, init=-1: [a8ad4b56-8c11-4031-99d5-b3a90554f189:192.168.19.46:34453], old=null, confs=<EMPTY_MAP>
2019-06-12 13:44:25,446 INFO  server.RaftServerConfigKeys (ConfUtils.java:logGet(43)) - raft.server.storage.dir = [/opt/src/hadoop-ozone/integration-test/target/test-dir/MiniOzoneClusterImpl-6fb9c846-b10d-4e9b-9667-68825cdc56ab/datanode-2/data/ratis] (custom)
2019-06-12 13:44:25,446 INFO  storage.RaftStorageDirectory (RaftStorageDirectory.java:analyzeStorage(246)) - The storage directory /opt/src/hadoop-ozone/integration-test/target/test-dir/MiniOzoneClusterImpl-6fb9c846-b10d-4e9b-9667-68825cdc56ab/datanode-2/data/ratis/b52ef9f8-92d4-4287-8347-1dc6ad54d920 does not exist. Creating ...
2019-06-12 13:44:25,448 INFO  storage.RaftStorageDirectory (RaftStorageDirectory.java:tryLock(328)) - Lock on /opt/src/hadoop-ozone/integration-test/target/test-dir/MiniOzoneClusterImpl-6fb9c846-b10d-4e9b-9667-68825cdc56ab/datanode-2/data/ratis/b52ef9f8-92d4-4287-8347-1dc6ad54d920/in_use.lock acquired by nodename 1510@ozone-x7bbm-1544112193
2019-06-12 13:44:25,451 INFO  storage.RaftStorage (RaftStorage.java:format(75)) - Storage directory /opt/src/hadoop-ozone/integration-test/target/test-dir/MiniOzoneClusterImpl-6fb9c846-b10d-4e9b-9667-68825cdc56ab/datanode-2/data/ratis/b52ef9f8-92d4-4287-8347-1dc6ad54d920 has been successfully formatted.
2019-06-12 13:44:25,451 INFO  ratis.ContainerStateMachine (ContainerStateMachine.java:loadSnapshot(199)) - The snapshot info is null.Setting the last applied index to:(t:0, i:~)
2019-06-12 13:44:25,451 INFO  server.RaftServerConfigKeys (ConfUtils.java:logGet(43)) - raft.server.leader.election.timeout = 120s (custom)
2019-06-12 13:44:25,451 INFO  server.RaftServerConfigKeys (ConfUtils.java:logGet(43)) - raft.server.log.use.memory = false (default)
2019-06-12 13:44:25,451 INFO  server.RaftServerConfigKeys (ConfUtils.java:logGet(43)) - raft.server.log.appender.buffer.byte-limit = 33554432 (custom)
2019-06-12 13:44:25,451 INFO  server.RaftServerConfigKeys (ConfUtils.java:logGet(43)) - raft.server.log.segment.size.max = 16384 (custom)
2019-06-12 13:44:25,451 INFO  server.RaftServerConfigKeys (ConfUtils.java:logGet(43)) - raft.server.log.segment.cache.num.max = 2 (custom)
2019-06-12 13:44:25,451 INFO  storage.RaftLogWorker (RaftLogWorker.java:<init>(123)) - new a8ad4b56-8c11-4031-99d5-b3a90554f189-RaftLogWorker for Storage Directory /opt/src/hadoop-ozone/integration-test/target/test-dir/MiniOzoneClusterImpl-6fb9c846-b10d-4e9b-9667-68825cdc56ab/datanode-2/data/ratis/b52ef9f8-92d4-4287-8347-1dc6ad54d920
2019-06-12 13:44:25,451 INFO  server.RaftServerConfigKeys (ConfUtils.java:logGet(43)) - raft.server.log.queue.byte-limit = 2147483647 (custom)
2019-06-12 13:44:25,451 INFO  server.RaftServerConfigKeys (ConfUtils.java:logGet(43)) - raft.server.log.queue.element-limit = 1024 (custom)
2019-06-12 13:44:25,452 INFO  server.RaftServerConfigKeys (ConfUtils.java:logGet(43)) - raft.server.log.segment.size.max = 16384 (custom)
2019-06-12 13:44:25,452 INFO  server.RaftServerConfigKeys (ConfUtils.java:logGet(43)) - raft.server.log.preallocated.size = 16384 (custom)
2019-06-12 13:44:25,452 INFO  server.RaftServerConfigKeys (ConfUtils.java:logGet(43)) - raft.server.log.write.buffer.size = 33554432 (custom)
2019-06-12 13:44:25,452 INFO  server.RaftServerConfigKeys (ConfUtils.java:logGet(43)) - raft.server.log.force.sync.num = 128 (default)
2019-06-12 13:44:25,452 INFO  server.RaftServerConfigKeys (ConfUtils.java:logGet(43)) - raft.server.log.statemachine.data.sync = true (default)
2019-06-12 13:44:25,452 INFO  server.RaftServerConfigKeys (ConfUtils.java:logGet(43)) - raft.server.log.statemachine.data.sync.timeout = 10s (default)
2019-06-12 13:44:25,452 INFO  server.RaftServerConfigKeys (ConfUtils.java:logGet(43)) - raft.server.log.statemachine.data.sync.timeout.retry = -1 (default)
2019-06-12 13:44:25,452 INFO  server.RaftServerConfigKeys (ConfUtils.java:logGet(43)) - raft.server.log.statemachine.data.caching.enabled = true (custom)
2019-06-12 13:44:25,453 INFO  server.RaftServerConfigKeys (ConfUtils.java:logGet(43)) - raft.server.snapshot.auto.trigger.enabled = true (custom)
2019-06-12 13:44:25,453 INFO  server.RaftServerConfigKeys (ConfUtils.java:logGet(43)) - raft.server.snapshot.auto.trigger.threshold = 10000 (custom)
2019-06-12 13:44:25,453 INFO  server.RaftServerConfigKeys (ConfUtils.java:logGet(43)) - raft.server.retrycache.expirytime = 600000ms (custom)
2019-06-12 13:44:25,453 INFO  impl.RaftServerImpl (RaftServerImpl.java:start(173)) - a8ad4b56-8c11-4031-99d5-b3a90554f189: start group-1DC6AD54D920
2019-06-12 13:44:25,453 INFO  impl.RaftServerImpl (RaftServerImpl.java:setRole(164)) - a8ad4b56-8c11-4031-99d5-b3a90554f189:group-1DC6AD54D920 changes role from null to FOLLOWER at term 0 for startAsFollower
2019-06-12 13:44:25,453 INFO  impl.RoleInfo (RoleInfo.java:updateAndGet(143)) - a8ad4b56-8c11-4031-99d5-b3a90554f189: start FollowerState
2019-06-12 13:44:25,454 INFO  util.JmxRegister (JmxRegister.java:tryRegister(44)) - Successfully registered JMX Bean with object name Ratis:service=RaftServer,group=group-1DC6AD54D920,id=a8ad4b56-8c11-4031-99d5-b3a90554f189
2019-06-12 13:44:25,457 INFO  pipeline.PipelineStateManager (PipelineStateManager.java:addPipeline(56)) - Created pipeline Pipeline[ Id: b52ef9f8-92d4-4287-8347-1dc6ad54d920, Nodes: a8ad4b56-8c11-4031-99d5-b3a90554f189{ip: 192.168.19.46, host: ozone-x7bbm-1544112193, networkLocation: /default-rack, certSerialId: null}, Type:RATIS, Factor:ONE, State:OPEN]
2019-06-12 13:44:25,472 INFO  impl.RaftServerProxy (RaftServerProxy.java:addNew(89)) - a8ad4b56-8c11-4031-99d5-b3a90554f189: addNew group-1317D79553DD:[2f12874f-5c6e-49ee-a382-210f379e72c8:192.168.19.46:40059, a8ad4b56-8c11-4031-99d5-b3a90554f189:192.168.19.46:34453, 344f01c1-3d81-4d42-ad7d-483e8f9e385e:192.168.19.46:38963] returns group-1317D79553DD:java.util.concurrent.CompletableFuture@5deaa53a[Not completed]
2019-06-12 13:44:25,473 INFO  impl.RaftServerImpl (RaftServerImpl.java:<init>(91)) - a8ad4b56-8c11-4031-99d5-b3a90554f189: new RaftServerImpl for group-1317D79553DD:[2f12874f-5c6e-49ee-a382-210f379e72c8:192.168.19.46:40059, a8ad4b56-8c11-4031-99d5-b3a90554f189:192.168.19.46:34453, 344f01c1-3d81-4d42-ad7d-483e8f9e385e:192.168.19.46:38963] with ContainerStateMachine:uninitialized
2019-06-12 13:44:25,473 INFO  server.RaftServerConfigKeys (ConfUtils.java:logGet(43)) - raft.server.rpc.timeout.min = 1s (custom)
2019-06-12 13:44:25,473 INFO  server.RaftServerConfigKeys (ConfUtils.java:logGet(43)) - raft.server.rpc.timeout.max = 1200ms (custom)
2019-06-12 13:44:25,473 INFO  server.RaftServerConfigKeys (ConfUtils.java:logGet(43)) - raft.server.rpcslowness.timeout = 120s (custom)
2019-06-12 13:44:25,474 INFO  server.RaftServerConfigKeys (ConfUtils.java:logGet(43)) - raft.server.log.appender.install.snapshot.enabled = true (default)
2019-06-12 13:44:25,475 INFO  impl.RaftServerImpl (ServerState.java:<init>(101)) - a8ad4b56-8c11-4031-99d5-b3a90554f189:group-1317D79553DD ConfigurationManager, init=-1: [2f12874f-5c6e-49ee-a382-210f379e72c8:192.168.19.46:40059, a8ad4b56-8c11-4031-99d5-b3a90554f189:192.168.19.46:34453, 344f01c1-3d81-4d42-ad7d-483e8f9e385e:192.168.19.46:38963], old=null, confs=<EMPTY_MAP>
2019-06-12 13:44:25,475 INFO  impl.RaftServerProxy (RaftServerProxy.java:addNew(89)) - 344f01c1-3d81-4d42-ad7d-483e8f9e385e: addNew group-1317D79553DD:[2f12874f-5c6e-49ee-a382-210f379e72c8:192.168.19.46:40059, a8ad4b56-8c11-4031-99d5-b3a90554f189:192.168.19.46:34453, 344f01c1-3d81-4d42-ad7d-483e8f9e385e:192.168.19.46:38963] returns group-1317D79553DD:java.util.concurrent.CompletableFuture@5e585783[Not completed]
2019-06-12 13:44:25,475 INFO  impl.RaftServerImpl (RaftServerImpl.java:<init>(91)) - 344f01c1-3d81-4d42-ad7d-483e8f9e385e: new RaftServerImpl for group-1317D79553DD:[2f12874f-5c6e-49ee-a382-210f379e72c8:192.168.19.46:40059, a8ad4b56-8c11-4031-99d5-b3a90554f189:192.168.19.46:34453, 344f01c1-3d81-4d42-ad7d-483e8f9e385e:192.168.19.46:38963] with ContainerStateMachine:uninitialized
2019-06-12 13:44:25,476 INFO  server.RaftServerConfigKeys (ConfUtils.java:logGet(43)) - raft.server.rpc.timeout.min = 1s (custom)
2019-06-12 13:44:25,476 INFO  server.RaftServerConfigKeys (ConfUtils.java:logGet(43)) - raft.server.rpc.timeout.max = 1200ms (custom)
2019-06-12 13:44:25,475 INFO  server.RaftServerConfigKeys (ConfUtils.java:logGet(43)) - raft.server.storage.dir = [/opt/src/hadoop-ozone/integration-test/target/test-dir/MiniOzoneClusterImpl-6fb9c846-b10d-4e9b-9667-68825cdc56ab/datanode-2/data/ratis] (custom)
2019-06-12 13:44:25,477 INFO  storage.RaftStorageDirectory (RaftStorageDirectory.java:analyzeStorage(246)) - The storage directory /opt/src/hadoop-ozone/integration-test/target/test-dir/MiniOzoneClusterImpl-6fb9c846-b10d-4e9b-9667-68825cdc56ab/datanode-2/data/ratis/ae734815-9a74-4f78-8de4-1317d79553dd does not exist. Creating ...
2019-06-12 13:44:25,477 INFO  impl.RaftServerImpl (RaftServerImpl.java:<init>(91)) - 2f12874f-5c6e-49ee-a382-210f379e72c8: new RaftServerImpl for group-1317D79553DD:[2f12874f-5c6e-49ee-a382-210f379e72c8:192.168.19.46:40059, a8ad4b56-8c11-4031-99d5-b3a90554f189:192.168.19.46:34453, 344f01c1-3d81-4d42-ad7d-483e8f9e385e:192.168.19.46:38963] with ContainerStateMachine:uninitialized
2019-06-12 13:44:25,477 INFO  server.RaftServerConfigKeys (ConfUtils.java:logGet(43)) - raft.server.rpc.timeout.min = 1s (custom)
2019-06-12 13:44:25,477 INFO  server.RaftServerConfigKeys (ConfUtils.java:logGet(43)) - raft.server.rpc.timeout.max = 1200ms (custom)
2019-06-12 13:44:25,477 INFO  server.RaftServerConfigKeys (ConfUtils.java:logGet(43)) - raft.server.rpcslowness.timeout = 120s (custom)
2019-06-12 13:44:25,477 INFO  server.RaftServerConfigKeys (ConfUtils.java:logGet(43)) - raft.server.log.appender.install.snapshot.enabled = true (default)
2019-06-12 13:44:25,477 INFO  impl.RaftServerImpl (ServerState.java:<init>(101)) - 2f12874f-5c6e-49ee-a382-210f379e72c8:group-1317D79553DD ConfigurationManager, init=-1: [2f12874f-5c6e-49ee-a382-210f379e72c8:192.168.19.46:40059, a8ad4b56-8c11-4031-99d5-b3a90554f189:192.168.19.46:34453, 344f01c1-3d81-4d42-ad7d-483e8f9e385e:192.168.19.46:38963], old=null, confs=<EMPTY_MAP>
2019-06-12 13:44:25,477 INFO  server.RaftServerConfigKeys (ConfUtils.java:logGet(43)) - raft.server.storage.dir = [/opt/src/hadoop-ozone/integration-test/target/test-dir/MiniOzoneClusterImpl-6fb9c846-b10d-4e9b-9667-68825cdc56ab/datanode-0/data/ratis] (custom)
2019-06-12 13:44:25,478 INFO  storage.RaftStorageDirectory (RaftStorageDirectory.java:analyzeStorage(246)) - The storage directory /opt/src/hadoop-ozone/integration-test/target/test-dir/MiniOzoneClusterImpl-6fb9c846-b10d-4e9b-9667-68825cdc56ab/datanode-0/data/ratis/ae734815-9a74-4f78-8de4-1317d79553dd does not exist. Creating ...
2019-06-12 13:44:25,476 INFO  server.RaftServerConfigKeys (ConfUtils.java:logGet(43)) - raft.server.rpcslowness.timeout = 120s (custom)
2019-06-12 13:44:25,476 INFO  impl.RaftServerProxy (RaftServerProxy.java:addNew(89)) - 2f12874f-5c6e-49ee-a382-210f379e72c8: addNew group-1317D79553DD:[2f12874f-5c6e-49ee-a382-210f379e72c8:192.168.19.46:40059, a8ad4b56-8c11-4031-99d5-b3a90554f189:192.168.19.46:34453, 344f01c1-3d81-4d42-ad7d-483e8f9e385e:192.168.19.46:38963] returns group-1317D79553DD:java.util.concurrent.CompletableFuture@5d05e7fb[Not completed]
2019-06-12 13:44:25,478 INFO  server.RaftServerConfigKeys (ConfUtils.java:logGet(43)) - raft.server.log.appender.install.snapshot.enabled = true (default)
2019-06-12 13:44:25,478 INFO  impl.RaftServerImpl (ServerState.java:<init>(101)) - 344f01c1-3d81-4d42-ad7d-483e8f9e385e:group-1317D79553DD ConfigurationManager, init=-1: [2f12874f-5c6e-49ee-a382-210f379e72c8:192.168.19.46:40059, a8ad4b56-8c11-4031-99d5-b3a90554f189:192.168.19.46:34453, 344f01c1-3d81-4d42-ad7d-483e8f9e385e:192.168.19.46:38963], old=null, confs=<EMPTY_MAP>
2019-06-12 13:44:25,478 INFO  server.RaftServerConfigKeys (ConfUtils.java:logGet(43)) - raft.server.storage.dir = [/opt/src/hadoop-ozone/integration-test/target/test-dir/MiniOzoneClusterImpl-6fb9c846-b10d-4e9b-9667-68825cdc56ab/datanode-1/data/ratis] (custom)
2019-06-12 13:44:25,479 INFO  storage.RaftStorageDirectory (RaftStorageDirectory.java:analyzeStorage(246)) - The storage directory /opt/src/hadoop-ozone/integration-test/target/test-dir/MiniOzoneClusterImpl-6fb9c846-b10d-4e9b-9667-68825cdc56ab/datanode-1/data/ratis/ae734815-9a74-4f78-8de4-1317d79553dd does not exist. Creating ...
2019-06-12 13:44:25,479 INFO  storage.RaftStorageDirectory (RaftStorageDirectory.java:tryLock(328)) - Lock on /opt/src/hadoop-ozone/integration-test/target/test-dir/MiniOzoneClusterImpl-6fb9c846-b10d-4e9b-9667-68825cdc56ab/datanode-2/data/ratis/ae734815-9a74-4f78-8de4-1317d79553dd/in_use.lock acquired by nodename 1510@ozone-x7bbm-1544112193
2019-06-12 13:44:25,480 INFO  storage.RaftStorageDirectory (RaftStorageDirectory.java:tryLock(328)) - Lock on /opt/src/hadoop-ozone/integration-test/target/test-dir/MiniOzoneClusterImpl-6fb9c846-b10d-4e9b-9667-68825cdc56ab/datanode-1/data/ratis/ae734815-9a74-4f78-8de4-1317d79553dd/in_use.lock acquired by nodename 1510@ozone-x7bbm-1544112193
2019-06-12 13:44:25,481 INFO  storage.RaftStorageDirectory (RaftStorageDirectory.java:tryLock(328)) - Lock on /opt/src/hadoop-ozone/integration-test/target/test-dir/MiniOzoneClusterImpl-6fb9c846-b10d-4e9b-9667-68825cdc56ab/datanode-0/data/ratis/ae734815-9a74-4f78-8de4-1317d79553dd/in_use.lock acquired by nodename 1510@ozone-x7bbm-1544112193
2019-06-12 13:44:25,482 INFO  storage.RaftStorage (RaftStorage.java:format(75)) - Storage directory /opt/src/hadoop-ozone/integration-test/target/test-dir/MiniOzoneClusterImpl-6fb9c846-b10d-4e9b-9667-68825cdc56ab/datanode-1/data/ratis/ae734815-9a74-4f78-8de4-1317d79553dd has been successfully formatted.
2019-06-12 13:44:25,482 INFO  storage.RaftStorage (RaftStorage.java:format(75)) - Storage directory /opt/src/hadoop-ozone/integration-test/target/test-dir/MiniOzoneClusterImpl-6fb9c846-b10d-4e9b-9667-68825cdc56ab/datanode-2/data/ratis/ae734815-9a74-4f78-8de4-1317d79553dd has been successfully formatted.
2019-06-12 13:44:25,483 INFO  ratis.ContainerStateMachine (ContainerStateMachine.java:loadSnapshot(199)) - The snapshot info is null.Setting the last applied index to:(t:0, i:~)
2019-06-12 13:44:25,483 INFO  ratis.ContainerStateMachine (ContainerStateMachine.java:loadSnapshot(199)) - The snapshot info is null.Setting the last applied index to:(t:0, i:~)
2019-06-12 13:44:25,483 INFO  server.RaftServerConfigKeys (ConfUtils.java:logGet(43)) - raft.server.leader.election.timeout = 120s (custom)
2019-06-12 13:44:25,483 INFO  server.RaftServerConfigKeys (ConfUtils.java:logGet(43)) - raft.server.leader.election.timeout = 120s (custom)
2019-06-12 13:44:25,483 INFO  server.RaftServerConfigKeys (ConfUtils.java:logGet(43)) - raft.server.log.use.memory = false (default)
2019-06-12 13:44:25,483 INFO  server.RaftServerConfigKeys (ConfUtils.java:logGet(43)) - raft.server.log.use.memory = false (default)
2019-06-12 13:44:25,484 INFO  server.RaftServerConfigKeys (ConfUtils.java:logGet(43)) - raft.server.log.appender.buffer.byte-limit = 33554432 (custom)
2019-06-12 13:44:25,484 INFO  storage.RaftStorage (RaftStorage.java:format(75)) - Storage directory /opt/src/hadoop-ozone/integration-test/target/test-dir/MiniOzoneClusterImpl-6fb9c846-b10d-4e9b-9667-68825cdc56ab/datanode-0/data/ratis/ae734815-9a74-4f78-8de4-1317d79553dd has been successfully formatted.
2019-06-12 13:44:25,484 INFO  server.RaftServerConfigKeys (ConfUtils.java:logGet(43)) - raft.server.log.appender.buffer.byte-limit = 33554432 (custom)
2019-06-12 13:44:25,484 INFO  ratis.ContainerStateMachine (ContainerStateMachine.java:loadSnapshot(199)) - The snapshot info is null.Setting the last applied index to:(t:0, i:~)
2019-06-12 13:44:25,484 INFO  server.RaftServerConfigKeys (ConfUtils.java:logGet(43)) - raft.server.log.segment.size.max = 16384 (custom)
2019-06-12 13:44:25,484 INFO  server.RaftServerConfigKeys (ConfUtils.java:logGet(43)) - raft.server.leader.election.timeout = 120s (custom)
2019-06-12 13:44:25,484 INFO  server.RaftServerConfigKeys (ConfUtils.java:logGet(43)) - raft.server.log.use.memory = false (default)
2019-06-12 13:44:25,484 INFO  server.RaftServerConfigKeys (ConfUtils.java:logGet(43)) - raft.server.log.segment.size.max = 16384 (custom)
2019-06-12 13:44:25,484 INFO  server.RaftServerConfigKeys (ConfUtils.java:logGet(43)) - raft.server.log.appender.buffer.byte-limit = 33554432 (custom)
2019-06-12 13:44:25,484 INFO  server.RaftServerConfigKeys (ConfUtils.java:logGet(43)) - raft.server.log.segment.cache.num.max = 2 (custom)
2019-06-12 13:44:25,484 INFO  server.RaftServerConfigKeys (ConfUtils.java:logGet(43)) - raft.server.log.segment.size.max = 16384 (custom)
2019-06-12 13:44:25,484 INFO  server.RaftServerConfigKeys (ConfUtils.java:logGet(43)) - raft.server.log.segment.cache.num.max = 2 (custom)
2019-06-12 13:44:25,485 INFO  server.RaftServerConfigKeys (ConfUtils.java:logGet(43)) - raft.server.log.segment.cache.num.max = 2 (custom)
2019-06-12 13:44:25,484 INFO  storage.RaftLogWorker (RaftLogWorker.java:<init>(123)) - new 344f01c1-3d81-4d42-ad7d-483e8f9e385e-RaftLogWorker for Storage Directory /opt/src/hadoop-ozone/integration-test/target/test-dir/MiniOzoneClusterImpl-6fb9c846-b10d-4e9b-9667-68825cdc56ab/datanode-1/data/ratis/ae734815-9a74-4f78-8de4-1317d79553dd
2019-06-12 13:44:25,485 INFO  storage.RaftLogWorker (RaftLogWorker.java:<init>(123)) - new 2f12874f-5c6e-49ee-a382-210f379e72c8-RaftLogWorker for Storage Directory /opt/src/hadoop-ozone/integration-test/target/test-dir/MiniOzoneClusterImpl-6fb9c846-b10d-4e9b-9667-68825cdc56ab/datanode-0/data/ratis/ae734815-9a74-4f78-8de4-1317d79553dd
2019-06-12 13:44:25,485 INFO  storage.RaftLogWorker (RaftLogWorker.java:<init>(123)) - new a8ad4b56-8c11-4031-99d5-b3a90554f189-RaftLogWorker for Storage Directory /opt/src/hadoop-ozone/integration-test/target/test-dir/MiniOzoneClusterImpl-6fb9c846-b10d-4e9b-9667-68825cdc56ab/datanode-2/data/ratis/ae734815-9a74-4f78-8de4-1317d79553dd
2019-06-12 13:44:25,485 INFO  server.RaftServerConfigKeys (ConfUtils.java:logGet(43)) - raft.server.log.queue.byte-limit = 2147483647 (custom)
2019-06-12 13:44:25,485 INFO  server.RaftServerConfigKeys (ConfUtils.java:logGet(43)) - raft.server.log.queue.byte-limit = 2147483647 (custom)
2019-06-12 13:44:25,485 INFO  server.RaftServerConfigKeys (ConfUtils.java:logGet(43)) - raft.server.log.queue.element-limit = 1024 (custom)
2019-06-12 13:44:25,485 INFO  server.RaftServerConfigKeys (ConfUtils.java:logGet(43)) - raft.server.log.segment.size.max = 16384 (custom)
2019-06-12 13:44:25,485 INFO  server.RaftServerConfigKeys (ConfUtils.java:logGet(43)) - raft.server.log.preallocated.size = 16384 (custom)
2019-06-12 13:44:25,485 INFO  server.RaftServerConfigKeys (ConfUtils.java:logGet(43)) - raft.server.log.write.buffer.size = 33554432 (custom)
2019-06-12 13:44:25,486 INFO  server.RaftServerConfigKeys (ConfUtils.java:logGet(43)) - raft.server.log.force.sync.num = 128 (default)
2019-06-12 13:44:25,486 INFO  server.RaftServerConfigKeys (ConfUtils.java:logGet(43)) - raft.server.log.statemachine.data.sync = true (default)
2019-06-12 13:44:25,486 INFO  server.RaftServerConfigKeys (ConfUtils.java:logGet(43)) - raft.server.log.statemachine.data.sync.timeout = 10s (default)
2019-06-12 13:44:25,486 INFO  server.RaftServerConfigKeys (ConfUtils.java:logGet(43)) - raft.server.log.statemachine.data.sync.timeout.retry = -1 (default)
2019-06-12 13:44:25,486 INFO  server.RaftServerConfigKeys (ConfUtils.java:logGet(43)) - raft.server.log.statemachine.data.caching.enabled = true (custom)
2019-06-12 13:44:25,486 INFO  server.RaftServerConfigKeys (ConfUtils.java:logGet(43)) - raft.server.snapshot.auto.trigger.enabled = true (custom)
2019-06-12 13:44:25,486 INFO  server.RaftServerConfigKeys (ConfUtils.java:logGet(43)) - raft.server.snapshot.auto.trigger.threshold = 10000 (custom)
2019-06-12 13:44:25,487 INFO  server.RaftServerConfigKeys (ConfUtils.java:logGet(43)) - raft.server.retrycache.expirytime = 600000ms (custom)
2019-06-12 13:44:25,485 INFO  server.RaftServerConfigKeys (ConfUtils.java:logGet(43)) - raft.server.log.queue.element-limit = 1024 (custom)
2019-06-12 13:44:25,487 INFO  server.RaftServerConfigKeys (ConfUtils.java:logGet(43)) - raft.server.log.segment.size.max = 16384 (custom)
2019-06-12 13:44:25,487 INFO  server.RaftServerConfigKeys (ConfUtils.java:logGet(43)) - raft.server.log.preallocated.size = 16384 (custom)
2019-06-12 13:44:25,487 INFO  server.RaftServerConfigKeys (ConfUtils.java:logGet(43)) - raft.server.log.write.buffer.size = 33554432 (custom)
2019-06-12 13:44:25,487 INFO  server.RaftServerConfigKeys (ConfUtils.java:logGet(43)) - raft.server.log.force.sync.num = 128 (default)
2019-06-12 13:44:25,487 INFO  server.RaftServerConfigKeys (ConfUtils.java:logGet(43)) - raft.server.log.statemachine.data.sync = true (default)
2019-06-12 13:44:25,487 INFO  server.RaftServerConfigKeys (ConfUtils.java:logGet(43)) - raft.server.log.statemachine.data.sync.timeout = 10s (default)
2019-06-12 13:44:25,487 INFO  server.RaftServerConfigKeys (ConfUtils.java:logGet(43)) - raft.server.log.statemachine.data.sync.timeout.retry = -1 (default)
2019-06-12 13:44:25,487 INFO  server.RaftServerConfigKeys (ConfUtils.java:logGet(43)) - raft.server.log.statemachine.data.caching.enabled = true (custom)
2019-06-12 13:44:25,485 INFO  server.RaftServerConfigKeys (ConfUtils.java:logGet(43)) - raft.server.log.queue.byte-limit = 2147483647 (custom)
2019-06-12 13:44:25,487 INFO  impl.RaftServerImpl (RaftServerImpl.java:start(173)) - 344f01c1-3d81-4d42-ad7d-483e8f9e385e: start group-1317D79553DD
2019-06-12 13:44:25,488 INFO  server.RaftServerConfigKeys (ConfUtils.java:logGet(43)) - raft.server.snapshot.auto.trigger.enabled = true (custom)
2019-06-12 13:44:25,488 INFO  server.RaftServerConfigKeys (ConfUtils.java:logGet(43)) - raft.server.snapshot.auto.trigger.threshold = 10000 (custom)
2019-06-12 13:44:25,488 INFO  server.RaftServerConfigKeys (ConfUtils.java:logGet(43)) - raft.server.retrycache.expirytime = 600000ms (custom)
2019-06-12 13:44:25,488 INFO  impl.RaftServerImpl (RaftServerImpl.java:start(173)) - 2f12874f-5c6e-49ee-a382-210f379e72c8: start group-1317D79553DD
2019-06-12 13:44:25,488 INFO  impl.RaftServerImpl (RaftServerImpl.java:setRole(164)) - 2f12874f-5c6e-49ee-a382-210f379e72c8:group-1317D79553DD changes role from null to FOLLOWER at term 0 for startAsFollower
2019-06-12 13:44:25,488 INFO  impl.RoleInfo (RoleInfo.java:updateAndGet(143)) - 2f12874f-5c6e-49ee-a382-210f379e72c8: start FollowerState
2019-06-12 13:44:25,488 INFO  server.RaftServerConfigKeys (ConfUtils.java:logGet(43)) - raft.server.log.queue.element-limit = 1024 (custom)
2019-06-12 13:44:25,489 INFO  server.RaftServerConfigKeys (ConfUtils.java:logGet(43)) - raft.server.log.segment.size.max = 16384 (custom)
2019-06-12 13:44:25,488 INFO  impl.RaftServerImpl (RaftServerImpl.java:setRole(164)) - 344f01c1-3d81-4d42-ad7d-483e8f9e385e:group-1317D79553DD changes role from null to FOLLOWER at term 0 for startAsFollower
2019-06-12 13:44:25,494 INFO  server.RaftServerConfigKeys (ConfUtils.java:logGet(43)) - raft.server.log.preallocated.size = 16384 (custom)
2019-06-12 13:44:25,494 INFO  util.JmxRegister (JmxRegister.java:tryRegister(44)) - Successfully registered JMX Bean with object name Ratis:service=RaftServer,group=group-1317D79553DD,id=2f12874f-5c6e-49ee-a382-210f379e72c8
2019-06-12 13:44:25,494 INFO  server.RaftServerConfigKeys (ConfUtils.java:logGet(43)) - raft.server.log.write.buffer.size = 33554432 (custom)
2019-06-12 13:44:25,494 INFO  impl.RoleInfo (RoleInfo.java:updateAndGet(143)) - 344f01c1-3d81-4d42-ad7d-483e8f9e385e: start FollowerState
2019-06-12 13:44:25,494 INFO  server.RaftServerConfigKeys (ConfUtils.java:logGet(43)) - raft.server.log.force.sync.num = 128 (default)
2019-06-12 13:44:25,494 INFO  server.RaftServerConfigKeys (ConfUtils.java:logGet(43)) - raft.server.log.statemachine.data.sync = true (default)
2019-06-12 13:44:25,494 INFO  server.RaftServerConfigKeys (ConfUtils.java:logGet(43)) - raft.server.log.statemachine.data.sync.timeout = 10s (default)
2019-06-12 13:44:25,495 INFO  server.RaftServerConfigKeys (ConfUtils.java:logGet(43)) - raft.server.log.statemachine.data.sync.timeout.retry = -1 (default)
2019-06-12 13:44:25,497 INFO  server.RaftServerConfigKeys (ConfUtils.java:logGet(43)) - raft.server.log.statemachine.data.caching.enabled = true (custom)
2019-06-12 13:44:25,502 INFO  util.JmxRegister (JmxRegister.java:tryRegister(44)) - Successfully registered JMX Bean with object name Ratis:service=RaftServer,group=group-1317D79553DD,id=344f01c1-3d81-4d42-ad7d-483e8f9e385e
2019-06-12 13:44:25,502 INFO  server.RaftServerConfigKeys (ConfUtils.java:logGet(43)) - raft.server.snapshot.auto.trigger.enabled = true (custom)
2019-06-12 13:44:25,503 INFO  server.RaftServerConfigKeys (ConfUtils.java:logGet(43)) - raft.server.snapshot.auto.trigger.threshold = 10000 (custom)
2019-06-12 13:44:25,503 INFO  server.RaftServerConfigKeys (ConfUtils.java:logGet(43)) - raft.server.retrycache.expirytime = 600000ms (custom)
2019-06-12 13:44:25,503 INFO  impl.RaftServerImpl (RaftServerImpl.java:start(173)) - a8ad4b56-8c11-4031-99d5-b3a90554f189: start group-1317D79553DD
2019-06-12 13:44:25,503 INFO  impl.RaftServerImpl (RaftServerImpl.java:setRole(164)) - a8ad4b56-8c11-4031-99d5-b3a90554f189:group-1317D79553DD changes role from null to FOLLOWER at term 0 for startAsFollower
2019-06-12 13:44:25,504 INFO  impl.RoleInfo (RoleInfo.java:updateAndGet(143)) - a8ad4b56-8c11-4031-99d5-b3a90554f189: start FollowerState
2019-06-12 13:44:25,510 INFO  util.JmxRegister (JmxRegister.java:tryRegister(44)) - Successfully registered JMX Bean with object name Ratis:service=RaftServer,group=group-1317D79553DD,id=a8ad4b56-8c11-4031-99d5-b3a90554f189
2019-06-12 13:44:25,513 INFO  pipeline.PipelineStateManager (PipelineStateManager.java:addPipeline(56)) - Created pipeline Pipeline[ Id: ae734815-9a74-4f78-8de4-1317d79553dd, Nodes: 2f12874f-5c6e-49ee-a382-210f379e72c8{ip: 192.168.19.46, host: ozone-x7bbm-1544112193, networkLocation: /default-rack, certSerialId: null}a8ad4b56-8c11-4031-99d5-b3a90554f189{ip: 192.168.19.46, host: ozone-x7bbm-1544112193, networkLocation: /default-rack, certSerialId: null}344f01c1-3d81-4d42-ad7d-483e8f9e385e{ip: 192.168.19.46, host: ozone-x7bbm-1544112193, networkLocation: /default-rack, certSerialId: null}, Type:RATIS, Factor:THREE, State:OPEN]
2019-06-12 13:44:25,591 INFO  node.SCMNodeManager (SCMNodeManager.java:register(234)) - Registered Data node : 75e527e4-4e60-4b13-96f6-184a34f1241e{ip: 192.168.19.46, host: ozone-x7bbm-1544112193, networkLocation: /default-rack, certSerialId: null}
2019-06-12 13:44:25,606 INFO  impl.RaftServerProxy (RaftServerProxy.java:addNew(89)) - 75e527e4-4e60-4b13-96f6-184a34f1241e: addNew group-73B37D18AC1A:[75e527e4-4e60-4b13-96f6-184a34f1241e:192.168.19.46:45865] returns group-73B37D18AC1A:java.util.concurrent.CompletableFuture@5a16ed7a[Not completed]
2019-06-12 13:44:25,608 INFO  impl.RaftServerImpl (RaftServerImpl.java:<init>(91)) - 75e527e4-4e60-4b13-96f6-184a34f1241e: new RaftServerImpl for group-73B37D18AC1A:[75e527e4-4e60-4b13-96f6-184a34f1241e:192.168.19.46:45865] with ContainerStateMachine:uninitialized
2019-06-12 13:44:25,608 INFO  server.RaftServerConfigKeys (ConfUtils.java:logGet(43)) - raft.server.rpc.timeout.min = 1s (custom)
2019-06-12 13:44:25,608 INFO  server.RaftServerConfigKeys (ConfUtils.java:logGet(43)) - raft.server.rpc.timeout.max = 1200ms (custom)
2019-06-12 13:44:25,608 INFO  server.RaftServerConfigKeys (ConfUtils.java:logGet(43)) - raft.server.rpcslowness.timeout = 120s (custom)
2019-06-12 13:44:25,608 INFO  server.RaftServerConfigKeys (ConfUtils.java:logGet(43)) - raft.server.log.appender.install.snapshot.enabled = true (default)
2019-06-12 13:44:25,608 INFO  impl.RaftServerImpl (ServerState.java:<init>(101)) - 75e527e4-4e60-4b13-96f6-184a34f1241e:group-73B37D18AC1A ConfigurationManager, init=-1: [75e527e4-4e60-4b13-96f6-184a34f1241e:192.168.19.46:45865], old=null, confs=<EMPTY_MAP>
2019-06-12 13:44:25,609 INFO  server.RaftServerConfigKeys (ConfUtils.java:logGet(43)) - raft.server.storage.dir = [/opt/src/hadoop-ozone/integration-test/target/test-dir/MiniOzoneClusterImpl-6fb9c846-b10d-4e9b-9667-68825cdc56ab/datanode-3/data/ratis] (custom)
2019-06-12 13:44:25,609 INFO  storage.RaftStorageDirectory (RaftStorageDirectory.java:analyzeStorage(246)) - The storage directory /opt/src/hadoop-ozone/integration-test/target/test-dir/MiniOzoneClusterImpl-6fb9c846-b10d-4e9b-9667-68825cdc56ab/datanode-3/data/ratis/748822f0-948b-4271-9535-73b37d18ac1a does not exist. Creating ...
2019-06-12 13:44:25,611 INFO  storage.RaftStorageDirectory (RaftStorageDirectory.java:tryLock(328)) - Lock on /opt/src/hadoop-ozone/integration-test/target/test-dir/MiniOzoneClusterImpl-6fb9c846-b10d-4e9b-9667-68825cdc56ab/datanode-3/data/ratis/748822f0-948b-4271-9535-73b37d18ac1a/in_use.lock acquired by nodename 1510@ozone-x7bbm-1544112193
2019-06-12 13:44:25,613 INFO  storage.RaftStorage (RaftStorage.java:format(75)) - Storage directory /opt/src/hadoop-ozone/integration-test/target/test-dir/MiniOzoneClusterImpl-6fb9c846-b10d-4e9b-9667-68825cdc56ab/datanode-3/data/ratis/748822f0-948b-4271-9535-73b37d18ac1a has been successfully formatted.
2019-06-12 13:44:25,613 INFO  ratis.ContainerStateMachine (ContainerStateMachine.java:loadSnapshot(199)) - The snapshot info is null.Setting the last applied index to:(t:0, i:~)
2019-06-12 13:44:25,613 INFO  server.RaftServerConfigKeys (ConfUtils.java:logGet(43)) - raft.server.leader.election.timeout = 120s (custom)
2019-06-12 13:44:25,613 INFO  server.RaftServerConfigKeys (ConfUtils.java:logGet(43)) - raft.server.log.use.memory = false (default)
2019-06-12 13:44:25,613 INFO  server.RaftServerConfigKeys (ConfUtils.java:logGet(43)) - raft.server.log.appender.buffer.byte-limit = 33554432 (custom)
2019-06-12 13:44:25,614 INFO  server.RaftServerConfigKeys (ConfUtils.java:logGet(43)) - raft.server.log.segment.size.max = 16384 (custom)
2019-06-12 13:44:25,614 INFO  server.RaftServerConfigKeys (ConfUtils.java:logGet(43)) - raft.server.log.segment.cache.num.max = 2 (custom)
2019-06-12 13:44:25,614 INFO  storage.RaftLogWorker (RaftLogWorker.java:<init>(123)) - new 75e527e4-4e60-4b13-96f6-184a34f1241e-RaftLogWorker for Storage Directory /opt/src/hadoop-ozone/integration-test/target/test-dir/MiniOzoneClusterImpl-6fb9c846-b10d-4e9b-9667-68825cdc56ab/datanode-3/data/ratis/748822f0-948b-4271-9535-73b37d18ac1a
2019-06-12 13:44:25,614 INFO  server.RaftServerConfigKeys (ConfUtils.java:logGet(43)) - raft.server.log.queue.byte-limit = 2147483647 (custom)
2019-06-12 13:44:25,614 INFO  server.RaftServerConfigKeys (ConfUtils.java:logGet(43)) - raft.server.log.queue.element-limit = 1024 (custom)
2019-06-12 13:44:25,614 INFO  server.RaftServerConfigKeys (ConfUtils.java:logGet(43)) - raft.server.log.segment.size.max = 16384 (custom)
2019-06-12 13:44:25,614 INFO  server.RaftServerConfigKeys (ConfUtils.java:logGet(43)) - raft.server.log.preallocated.size = 16384 (custom)
2019-06-12 13:44:25,614 INFO  server.RaftServerConfigKeys (ConfUtils.java:logGet(43)) - raft.server.log.write.buffer.size = 33554432 (custom)
2019-06-12 13:44:25,614 INFO  server.RaftServerConfigKeys (ConfUtils.java:logGet(43)) - raft.server.log.force.sync.num = 128 (default)
2019-06-12 13:44:25,614 INFO  server.RaftServerConfigKeys (ConfUtils.java:logGet(43)) - raft.server.log.statemachine.data.sync = true (default)
2019-06-12 13:44:25,614 INFO  server.RaftServerConfigKeys (ConfUtils.java:logGet(43)) - raft.server.log.statemachine.data.sync.timeout = 10s (default)
2019-06-12 13:44:25,614 INFO  server.RaftServerConfigKeys (ConfUtils.java:logGet(43)) - raft.server.log.statemachine.data.sync.timeout.retry = -1 (default)
2019-06-12 13:44:25,615 INFO  server.RaftServerConfigKeys (ConfUtils.java:logGet(43)) - raft.server.log.statemachine.data.caching.enabled = true (custom)
2019-06-12 13:44:25,615 INFO  server.RaftServerConfigKeys (ConfUtils.java:logGet(43)) - raft.server.snapshot.auto.trigger.enabled = true (custom)
2019-06-12 13:44:25,615 INFO  server.RaftServerConfigKeys (ConfUtils.java:logGet(43)) - raft.server.snapshot.auto.trigger.threshold = 10000 (custom)
2019-06-12 13:44:25,615 INFO  server.RaftServerConfigKeys (ConfUtils.java:logGet(43)) - raft.server.retrycache.expirytime = 600000ms (custom)
2019-06-12 13:44:25,615 INFO  impl.RaftServerImpl (RaftServerImpl.java:start(173)) - 75e527e4-4e60-4b13-96f6-184a34f1241e: start group-73B37D18AC1A
2019-06-12 13:44:25,615 INFO  impl.RaftServerImpl (RaftServerImpl.java:setRole(164)) - 75e527e4-4e60-4b13-96f6-184a34f1241e:group-73B37D18AC1A changes role from null to FOLLOWER at term 0 for startAsFollower
2019-06-12 13:44:25,615 INFO  impl.RoleInfo (RoleInfo.java:updateAndGet(143)) - 75e527e4-4e60-4b13-96f6-184a34f1241e: start FollowerState
2019-06-12 13:44:25,617 INFO  util.JmxRegister (JmxRegister.java:tryRegister(44)) - Successfully registered JMX Bean with object name Ratis:service=RaftServer,group=group-73B37D18AC1A,id=75e527e4-4e60-4b13-96f6-184a34f1241e
2019-06-12 13:44:25,621 INFO  pipeline.PipelineStateManager (PipelineStateManager.java:addPipeline(56)) - Created pipeline Pipeline[ Id: 748822f0-948b-4271-9535-73b37d18ac1a, Nodes: 75e527e4-4e60-4b13-96f6-184a34f1241e{ip: 192.168.19.46, host: ozone-x7bbm-1544112193, networkLocation: /default-rack, certSerialId: null}, Type:RATIS, Factor:ONE, State:OPEN]
2019-06-12 13:44:25,744 INFO  node.SCMNodeManager (SCMNodeManager.java:register(234)) - Registered Data node : fd39c4b3-843a-4ac6-8f2a-1a38d8f2ddac{ip: 192.168.19.46, host: ozone-x7bbm-1544112193, networkLocation: /default-rack, certSerialId: null}
2019-06-12 13:44:25,750 INFO  impl.RaftServerProxy (RaftServerProxy.java:addNew(89)) - fd39c4b3-843a-4ac6-8f2a-1a38d8f2ddac: addNew group-91E920F14BAA:[fd39c4b3-843a-4ac6-8f2a-1a38d8f2ddac:192.168.19.46:33913] returns group-91E920F14BAA:java.util.concurrent.CompletableFuture@7dbc3fa9[Not completed]
2019-06-12 13:44:25,751 INFO  impl.RaftServerImpl (RaftServerImpl.java:<init>(91)) - fd39c4b3-843a-4ac6-8f2a-1a38d8f2ddac: new RaftServerImpl for group-91E920F14BAA:[fd39c4b3-843a-4ac6-8f2a-1a38d8f2ddac:192.168.19.46:33913] with ContainerStateMachine:uninitialized
2019-06-12 13:44:25,751 INFO  server.RaftServerConfigKeys (ConfUtils.java:logGet(43)) - raft.server.rpc.timeout.min = 1s (custom)
2019-06-12 13:44:25,751 INFO  server.RaftServerConfigKeys (ConfUtils.java:logGet(43)) - raft.server.rpc.timeout.max = 1200ms (custom)
2019-06-12 13:44:25,751 INFO  server.RaftServerConfigKeys (ConfUtils.java:logGet(43)) - raft.server.rpcslowness.timeout = 120s (custom)
2019-06-12 13:44:25,751 INFO  server.RaftServerConfigKeys (ConfUtils.java:logGet(43)) - raft.server.log.appender.install.snapshot.enabled = true (default)
2019-06-12 13:44:25,751 INFO  impl.RaftServerImpl (ServerState.java:<init>(101)) - fd39c4b3-843a-4ac6-8f2a-1a38d8f2ddac:group-91E920F14BAA ConfigurationManager, init=-1: [fd39c4b3-843a-4ac6-8f2a-1a38d8f2ddac:192.168.19.46:33913], old=null, confs=<EMPTY_MAP>
2019-06-12 13:44:25,751 INFO  server.RaftServerConfigKeys (ConfUtils.java:logGet(43)) - raft.server.storage.dir = [/opt/src/hadoop-ozone/integration-test/target/test-dir/MiniOzoneClusterImpl-6fb9c846-b10d-4e9b-9667-68825cdc56ab/datanode-4/data/ratis] (custom)
2019-06-12 13:44:25,752 INFO  storage.RaftStorageDirectory (RaftStorageDirectory.java:analyzeStorage(246)) - The storage directory /opt/src/hadoop-ozone/integration-test/target/test-dir/MiniOzoneClusterImpl-6fb9c846-b10d-4e9b-9667-68825cdc56ab/datanode-4/data/ratis/1d96dadc-5f5c-4c1d-941d-91e920f14baa does not exist. Creating ...
2019-06-12 13:44:25,754 INFO  storage.RaftStorageDirectory (RaftStorageDirectory.java:tryLock(328)) - Lock on /opt/src/hadoop-ozone/integration-test/target/test-dir/MiniOzoneClusterImpl-6fb9c846-b10d-4e9b-9667-68825cdc56ab/datanode-4/data/ratis/1d96dadc-5f5c-4c1d-941d-91e920f14baa/in_use.lock acquired by nodename 1510@ozone-x7bbm-1544112193
2019-06-12 13:44:25,756 INFO  storage.RaftStorage (RaftStorage.java:format(75)) - Storage directory /opt/src/hadoop-ozone/integration-test/target/test-dir/MiniOzoneClusterImpl-6fb9c846-b10d-4e9b-9667-68825cdc56ab/datanode-4/data/ratis/1d96dadc-5f5c-4c1d-941d-91e920f14baa has been successfully formatted.
2019-06-12 13:44:25,756 INFO  ratis.ContainerStateMachine (ContainerStateMachine.java:loadSnapshot(199)) - The snapshot info is null.Setting the last applied index to:(t:0, i:~)
2019-06-12 13:44:25,756 INFO  server.RaftServerConfigKeys (ConfUtils.java:logGet(43)) - raft.server.leader.election.timeout = 120s (custom)
2019-06-12 13:44:25,756 INFO  server.RaftServerConfigKeys (ConfUtils.java:logGet(43)) - raft.server.log.use.memory = false (default)
2019-06-12 13:44:25,756 INFO  server.RaftServerConfigKeys (ConfUtils.java:logGet(43)) - raft.server.log.appender.buffer.byte-limit = 33554432 (custom)
2019-06-12 13:44:25,757 INFO  server.RaftServerConfigKeys (ConfUtils.java:logGet(43)) - raft.server.log.segment.size.max = 16384 (custom)
2019-06-12 13:44:25,757 INFO  server.RaftServerConfigKeys (ConfUtils.java:logGet(43)) - raft.server.log.segment.cache.num.max = 2 (custom)
2019-06-12 13:44:25,757 INFO  storage.RaftLogWorker (RaftLogWorker.java:<init>(123)) - new fd39c4b3-843a-4ac6-8f2a-1a38d8f2ddac-RaftLogWorker for Storage Directory /opt/src/hadoop-ozone/integration-test/target/test-dir/MiniOzoneClusterImpl-6fb9c846-b10d-4e9b-9667-68825cdc56ab/datanode-4/data/ratis/1d96dadc-5f5c-4c1d-941d-91e920f14baa
2019-06-12 13:44:25,757 INFO  server.RaftServerConfigKeys (ConfUtils.java:logGet(43)) - raft.server.log.queue.byte-limit = 2147483647 (custom)
2019-06-12 13:44:25,757 INFO  server.RaftServerConfigKeys (ConfUtils.java:logGet(43)) - raft.server.log.queue.element-limit = 1024 (custom)
2019-06-12 13:44:25,757 INFO  server.RaftServerConfigKeys (ConfUtils.java:logGet(43)) - raft.server.log.segment.size.max = 16384 (custom)
2019-06-12 13:44:25,757 INFO  server.RaftServerConfigKeys (ConfUtils.java:logGet(43)) - raft.server.log.preallocated.size = 16384 (custom)
2019-06-12 13:44:25,757 INFO  server.RaftServerConfigKeys (ConfUtils.java:logGet(43)) - raft.server.log.write.buffer.size = 33554432 (custom)
2019-06-12 13:44:25,757 INFO  server.RaftServerConfigKeys (ConfUtils.java:logGet(43)) - raft.server.log.force.sync.num = 128 (default)
2019-06-12 13:44:25,757 INFO  server.RaftServerConfigKeys (ConfUtils.java:logGet(43)) - raft.server.log.statemachine.data.sync = true (default)
2019-06-12 13:44:25,757 INFO  server.RaftServerConfigKeys (ConfUtils.java:logGet(43)) - raft.server.log.statemachine.data.sync.timeout = 10s (default)
2019-06-12 13:44:25,757 INFO  server.RaftServerConfigKeys (ConfUtils.java:logGet(43)) - raft.server.log.statemachine.data.sync.timeout.retry = -1 (default)
2019-06-12 13:44:25,757 INFO  server.RaftServerConfigKeys (ConfUtils.java:logGet(43)) - raft.server.log.statemachine.data.caching.enabled = true (custom)
2019-06-12 13:44:25,758 INFO  server.RaftServerConfigKeys (ConfUtils.java:logGet(43)) - raft.server.snapshot.auto.trigger.enabled = true (custom)
2019-06-12 13:44:25,758 INFO  server.RaftServerConfigKeys (ConfUtils.java:logGet(43)) - raft.server.snapshot.auto.trigger.threshold = 10000 (custom)
2019-06-12 13:44:25,758 INFO  server.RaftServerConfigKeys (ConfUtils.java:logGet(43)) - raft.server.retrycache.expirytime = 600000ms (custom)
2019-06-12 13:44:25,758 INFO  impl.RaftServerImpl (RaftServerImpl.java:start(173)) - fd39c4b3-843a-4ac6-8f2a-1a38d8f2ddac: start group-91E920F14BAA
2019-06-12 13:44:25,758 INFO  impl.RaftServerImpl (RaftServerImpl.java:setRole(164)) - fd39c4b3-843a-4ac6-8f2a-1a38d8f2ddac:group-91E920F14BAA changes role from null to FOLLOWER at term 0 for startAsFollower
2019-06-12 13:44:25,758 INFO  impl.RoleInfo (RoleInfo.java:updateAndGet(143)) - fd39c4b3-843a-4ac6-8f2a-1a38d8f2ddac: start FollowerState
2019-06-12 13:44:25,758 INFO  util.JmxRegister (JmxRegister.java:tryRegister(44)) - Successfully registered JMX Bean with object name Ratis:service=RaftServer,group=group-91E920F14BAA,id=fd39c4b3-843a-4ac6-8f2a-1a38d8f2ddac
2019-06-12 13:44:25,762 INFO  pipeline.PipelineStateManager (PipelineStateManager.java:addPipeline(56)) - Created pipeline Pipeline[ Id: 1d96dadc-5f5c-4c1d-941d-91e920f14baa, Nodes: fd39c4b3-843a-4ac6-8f2a-1a38d8f2ddac{ip: 192.168.19.46, host: ozone-x7bbm-1544112193, networkLocation: /default-rack, certSerialId: null}, Type:RATIS, Factor:ONE, State:OPEN]
2019-06-12 13:44:25,911 INFO  node.SCMNodeManager (SCMNodeManager.java:register(234)) - Registered Data node : 1023bb9f-4671-4726-aa58-a5ed55fe6403{ip: 192.168.19.46, host: ozone-x7bbm-1544112193, networkLocation: /default-rack, certSerialId: null}
2019-06-12 13:44:25,917 INFO  impl.RaftServerProxy (RaftServerProxy.java:addNew(89)) - 1023bb9f-4671-4726-aa58-a5ed55fe6403: addNew group-BA90B051D276:[1023bb9f-4671-4726-aa58-a5ed55fe6403:192.168.19.46:37101] returns group-BA90B051D276:java.util.concurrent.CompletableFuture@2baccebe[Not completed]
2019-06-12 13:44:25,918 INFO  impl.RaftServerImpl (RaftServerImpl.java:<init>(91)) - 1023bb9f-4671-4726-aa58-a5ed55fe6403: new RaftServerImpl for group-BA90B051D276:[1023bb9f-4671-4726-aa58-a5ed55fe6403:192.168.19.46:37101] with ContainerStateMachine:uninitialized
2019-06-12 13:44:25,918 INFO  server.RaftServerConfigKeys (ConfUtils.java:logGet(43)) - raft.server.rpc.timeout.min = 1s (custom)
2019-06-12 13:44:25,918 INFO  server.RaftServerConfigKeys (ConfUtils.java:logGet(43)) - raft.server.rpc.timeout.max = 1200ms (custom)
2019-06-12 13:44:25,918 INFO  server.RaftServerConfigKeys (ConfUtils.java:logGet(43)) - raft.server.rpcslowness.timeout = 120s (custom)
2019-06-12 13:44:25,918 INFO  server.RaftServerConfigKeys (ConfUtils.java:logGet(43)) - raft.server.log.appender.install.snapshot.enabled = true (default)
2019-06-12 13:44:25,918 INFO  impl.RaftServerImpl (ServerState.java:<init>(101)) - 1023bb9f-4671-4726-aa58-a5ed55fe6403:group-BA90B051D276 ConfigurationManager, init=-1: [1023bb9f-4671-4726-aa58-a5ed55fe6403:192.168.19.46:37101], old=null, confs=<EMPTY_MAP>
2019-06-12 13:44:25,918 INFO  server.RaftServerConfigKeys (ConfUtils.java:logGet(43)) - raft.server.storage.dir = [/opt/src/hadoop-ozone/integration-test/target/test-dir/MiniOzoneClusterImpl-6fb9c846-b10d-4e9b-9667-68825cdc56ab/datanode-5/data/ratis] (custom)
2019-06-12 13:44:25,919 INFO  storage.RaftStorageDirectory (RaftStorageDirectory.java:analyzeStorage(246)) - The storage directory /opt/src/hadoop-ozone/integration-test/target/test-dir/MiniOzoneClusterImpl-6fb9c846-b10d-4e9b-9667-68825cdc56ab/datanode-5/data/ratis/dd0a34b9-374b-4da2-a711-ba90b051d276 does not exist. Creating ...
2019-06-12 13:44:25,921 INFO  storage.RaftStorageDirectory (RaftStorageDirectory.java:tryLock(328)) - Lock on /opt/src/hadoop-ozone/integration-test/target/test-dir/MiniOzoneClusterImpl-6fb9c846-b10d-4e9b-9667-68825cdc56ab/datanode-5/data/ratis/dd0a34b9-374b-4da2-a711-ba90b051d276/in_use.lock acquired by nodename 1510@ozone-x7bbm-1544112193
2019-06-12 13:44:25,923 INFO  storage.RaftStorage (RaftStorage.java:format(75)) - Storage directory /opt/src/hadoop-ozone/integration-test/target/test-dir/MiniOzoneClusterImpl-6fb9c846-b10d-4e9b-9667-68825cdc56ab/datanode-5/data/ratis/dd0a34b9-374b-4da2-a711-ba90b051d276 has been successfully formatted.
2019-06-12 13:44:25,923 INFO  ratis.ContainerStateMachine (ContainerStateMachine.java:loadSnapshot(199)) - The snapshot info is null.Setting the last applied index to:(t:0, i:~)
2019-06-12 13:44:25,923 INFO  server.RaftServerConfigKeys (ConfUtils.java:logGet(43)) - raft.server.leader.election.timeout = 120s (custom)
2019-06-12 13:44:25,923 INFO  server.RaftServerConfigKeys (ConfUtils.java:logGet(43)) - raft.server.log.use.memory = false (default)
2019-06-12 13:44:25,923 INFO  server.RaftServerConfigKeys (ConfUtils.java:logGet(43)) - raft.server.log.appender.buffer.byte-limit = 33554432 (custom)
2019-06-12 13:44:25,923 INFO  server.RaftServerConfigKeys (ConfUtils.java:logGet(43)) - raft.server.log.segment.size.max = 16384 (custom)
2019-06-12 13:44:25,923 INFO  server.RaftServerConfigKeys (ConfUtils.java:logGet(43)) - raft.server.log.segment.cache.num.max = 2 (custom)
2019-06-12 13:44:25,923 INFO  storage.RaftLogWorker (RaftLogWorker.java:<init>(123)) - new 1023bb9f-4671-4726-aa58-a5ed55fe6403-RaftLogWorker for Storage Directory /opt/src/hadoop-ozone/integration-test/target/test-dir/MiniOzoneClusterImpl-6fb9c846-b10d-4e9b-9667-68825cdc56ab/datanode-5/data/ratis/dd0a34b9-374b-4da2-a711-ba90b051d276
2019-06-12 13:44:25,923 INFO  server.RaftServerConfigKeys (ConfUtils.java:logGet(43)) - raft.server.log.queue.byte-limit = 2147483647 (custom)
2019-06-12 13:44:25,923 INFO  server.RaftServerConfigKeys (ConfUtils.java:logGet(43)) - raft.server.log.queue.element-limit = 1024 (custom)
2019-06-12 13:44:25,923 INFO  server.RaftServerConfigKeys (ConfUtils.java:logGet(43)) - raft.server.log.segment.size.max = 16384 (custom)
2019-06-12 13:44:25,923 INFO  server.RaftServerConfigKeys (ConfUtils.java:logGet(43)) - raft.server.log.preallocated.size = 16384 (custom)
2019-06-12 13:44:25,924 INFO  server.RaftServerConfigKeys (ConfUtils.java:logGet(43)) - raft.server.log.write.buffer.size = 33554432 (custom)
2019-06-12 13:44:25,924 INFO  server.RaftServerConfigKeys (ConfUtils.java:logGet(43)) - raft.server.log.force.sync.num = 128 (default)
2019-06-12 13:44:25,924 INFO  server.RaftServerConfigKeys (ConfUtils.java:logGet(43)) - raft.server.log.statemachine.data.sync = true (default)
2019-06-12 13:44:25,924 INFO  server.RaftServerConfigKeys (ConfUtils.java:logGet(43)) - raft.server.log.statemachine.data.sync.timeout = 10s (default)
2019-06-12 13:44:25,924 INFO  server.RaftServerConfigKeys (ConfUtils.java:logGet(43)) - raft.server.log.statemachine.data.sync.timeout.retry = -1 (default)
2019-06-12 13:44:25,924 INFO  server.RaftServerConfigKeys (ConfUtils.java:logGet(43)) - raft.server.log.statemachine.data.caching.enabled = true (custom)
2019-06-12 13:44:25,924 INFO  server.RaftServerConfigKeys (ConfUtils.java:logGet(43)) - raft.server.snapshot.auto.trigger.enabled = true (custom)
2019-06-12 13:44:25,924 INFO  server.RaftServerConfigKeys (ConfUtils.java:logGet(43)) - raft.server.snapshot.auto.trigger.threshold = 10000 (custom)
2019-06-12 13:44:25,924 INFO  server.RaftServerConfigKeys (ConfUtils.java:logGet(43)) - raft.server.retrycache.expirytime = 600000ms (custom)
2019-06-12 13:44:25,924 INFO  impl.RaftServerImpl (RaftServerImpl.java:start(173)) - 1023bb9f-4671-4726-aa58-a5ed55fe6403: start group-BA90B051D276
2019-06-12 13:44:25,925 INFO  impl.RaftServerImpl (RaftServerImpl.java:setRole(164)) - 1023bb9f-4671-4726-aa58-a5ed55fe6403:group-BA90B051D276 changes role from null to FOLLOWER at term 0 for startAsFollower
2019-06-12 13:44:25,925 INFO  impl.RoleInfo (RoleInfo.java:updateAndGet(143)) - 1023bb9f-4671-4726-aa58-a5ed55fe6403: start FollowerState
2019-06-12 13:44:25,925 INFO  util.JmxRegister (JmxRegister.java:tryRegister(44)) - Successfully registered JMX Bean with object name Ratis:service=RaftServer,group=group-BA90B051D276,id=1023bb9f-4671-4726-aa58-a5ed55fe6403
2019-06-12 13:44:25,932 INFO  pipeline.PipelineStateManager (PipelineStateManager.java:addPipeline(56)) - Created pipeline Pipeline[ Id: dd0a34b9-374b-4da2-a711-ba90b051d276, Nodes: 1023bb9f-4671-4726-aa58-a5ed55fe6403{ip: 192.168.19.46, host: ozone-x7bbm-1544112193, networkLocation: /default-rack, certSerialId: null}, Type:RATIS, Factor:ONE, State:OPEN]
2019-06-12 13:44:25,939 INFO  impl.RaftServerProxy (RaftServerProxy.java:addNew(89)) - fd39c4b3-843a-4ac6-8f2a-1a38d8f2ddac: addNew group-8AF604A0F3CF:[1023bb9f-4671-4726-aa58-a5ed55fe6403:192.168.19.46:37101, 75e527e4-4e60-4b13-96f6-184a34f1241e:192.168.19.46:45865, fd39c4b3-843a-4ac6-8f2a-1a38d8f2ddac:192.168.19.46:33913] returns group-8AF604A0F3CF:java.util.concurrent.CompletableFuture@1f9760d8[Not completed]
2019-06-12 13:44:25,940 INFO  impl.RaftServerImpl (RaftServerImpl.java:<init>(91)) - fd39c4b3-843a-4ac6-8f2a-1a38d8f2ddac: new RaftServerImpl for group-8AF604A0F3CF:[1023bb9f-4671-4726-aa58-a5ed55fe6403:192.168.19.46:37101, 75e527e4-4e60-4b13-96f6-184a34f1241e:192.168.19.46:45865, fd39c4b3-843a-4ac6-8f2a-1a38d8f2ddac:192.168.19.46:33913] with ContainerStateMachine:uninitialized
2019-06-12 13:44:25,940 INFO  server.RaftServerConfigKeys (ConfUtils.java:logGet(43)) - raft.server.rpc.timeout.min = 1s (custom)
2019-06-12 13:44:25,940 INFO  server.RaftServerConfigKeys (ConfUtils.java:logGet(43)) - raft.server.rpc.timeout.max = 1200ms (custom)
2019-06-12 13:44:25,940 INFO  server.RaftServerConfigKeys (ConfUtils.java:logGet(43)) - raft.server.rpcslowness.timeout = 120s (custom)
2019-06-12 13:44:25,940 INFO  server.RaftServerConfigKeys (ConfUtils.java:logGet(43)) - raft.server.log.appender.install.snapshot.enabled = true (default)
2019-06-12 13:44:25,941 INFO  impl.RaftServerImpl (ServerState.java:<init>(101)) - fd39c4b3-843a-4ac6-8f2a-1a38d8f2ddac:group-8AF604A0F3CF ConfigurationManager, init=-1: [1023bb9f-4671-4726-aa58-a5ed55fe6403:192.168.19.46:37101, 75e527e4-4e60-4b13-96f6-184a34f1241e:192.168.19.46:45865, fd39c4b3-843a-4ac6-8f2a-1a38d8f2ddac:192.168.19.46:33913], old=null, confs=<EMPTY_MAP>
2019-06-12 13:44:25,941 INFO  server.RaftServerConfigKeys (ConfUtils.java:logGet(43)) - raft.server.storage.dir = [/opt/src/hadoop-ozone/integration-test/target/test-dir/MiniOzoneClusterImpl-6fb9c846-b10d-4e9b-9667-68825cdc56ab/datanode-4/data/ratis] (custom)
2019-06-12 13:44:25,941 INFO  storage.RaftStorageDirectory (RaftStorageDirectory.java:analyzeStorage(246)) - The storage directory /opt/src/hadoop-ozone/integration-test/target/test-dir/MiniOzoneClusterImpl-6fb9c846-b10d-4e9b-9667-68825cdc56ab/datanode-4/data/ratis/1f23a04a-a8e3-4714-b6e1-8af604a0f3cf does not exist. Creating ...
2019-06-12 13:44:25,941 INFO  impl.RaftServerProxy (RaftServerProxy.java:addNew(89)) - 75e527e4-4e60-4b13-96f6-184a34f1241e: addNew group-8AF604A0F3CF:[1023bb9f-4671-4726-aa58-a5ed55fe6403:192.168.19.46:37101, 75e527e4-4e60-4b13-96f6-184a34f1241e:192.168.19.46:45865, fd39c4b3-843a-4ac6-8f2a-1a38d8f2ddac:192.168.19.46:33913] returns group-8AF604A0F3CF:java.util.concurrent.CompletableFuture@19956559[Not completed]
2019-06-12 13:44:25,941 INFO  impl.RaftServerProxy (RaftServerProxy.java:addNew(89)) - 1023bb9f-4671-4726-aa58-a5ed55fe6403: addNew group-8AF604A0F3CF:[1023bb9f-4671-4726-aa58-a5ed55fe6403:192.168.19.46:37101, 75e527e4-4e60-4b13-96f6-184a34f1241e:192.168.19.46:45865, fd39c4b3-843a-4ac6-8f2a-1a38d8f2ddac:192.168.19.46:33913] returns group-8AF604A0F3CF:java.util.concurrent.CompletableFuture@67f9d080[Not completed]
2019-06-12 13:44:25,942 INFO  impl.RaftServerImpl (RaftServerImpl.java:<init>(91)) - 75e527e4-4e60-4b13-96f6-184a34f1241e: new RaftServerImpl for group-8AF604A0F3CF:[1023bb9f-4671-4726-aa58-a5ed55fe6403:192.168.19.46:37101, 75e527e4-4e60-4b13-96f6-184a34f1241e:192.168.19.46:45865, fd39c4b3-843a-4ac6-8f2a-1a38d8f2ddac:192.168.19.46:33913] with ContainerStateMachine:uninitialized
2019-06-12 13:44:25,942 INFO  server.RaftServerConfigKeys (ConfUtils.java:logGet(43)) - raft.server.rpc.timeout.min = 1s (custom)
2019-06-12 13:44:25,942 INFO  server.RaftServerConfigKeys (ConfUtils.java:logGet(43)) - raft.server.rpc.timeout.max = 1200ms (custom)
2019-06-12 13:44:25,942 INFO  server.RaftServerConfigKeys (ConfUtils.java:logGet(43)) - raft.server.rpcslowness.timeout = 120s (custom)
2019-06-12 13:44:25,942 INFO  impl.RaftServerImpl (RaftServerImpl.java:<init>(91)) - 1023bb9f-4671-4726-aa58-a5ed55fe6403: new RaftServerImpl for group-8AF604A0F3CF:[1023bb9f-4671-4726-aa58-a5ed55fe6403:192.168.19.46:37101, 75e527e4-4e60-4b13-96f6-184a34f1241e:192.168.19.46:45865, fd39c4b3-843a-4ac6-8f2a-1a38d8f2ddac:192.168.19.46:33913] with ContainerStateMachine:uninitialized
2019-06-12 13:44:25,942 INFO  server.RaftServerConfigKeys (ConfUtils.java:logGet(43)) - raft.server.log.appender.install.snapshot.enabled = true (default)
2019-06-12 13:44:25,942 INFO  server.RaftServerConfigKeys (ConfUtils.java:logGet(43)) - raft.server.rpc.timeout.min = 1s (custom)
2019-06-12 13:44:25,942 INFO  impl.RaftServerImpl (ServerState.java:<init>(101)) - 75e527e4-4e60-4b13-96f6-184a34f1241e:group-8AF604A0F3CF ConfigurationManager, init=-1: [1023bb9f-4671-4726-aa58-a5ed55fe6403:192.168.19.46:37101, 75e527e4-4e60-4b13-96f6-184a34f1241e:192.168.19.46:45865, fd39c4b3-843a-4ac6-8f2a-1a38d8f2ddac:192.168.19.46:33913], old=null, confs=<EMPTY_MAP>
2019-06-12 13:44:25,942 INFO  server.RaftServerConfigKeys (ConfUtils.java:logGet(43)) - raft.server.rpc.timeout.max = 1200ms (custom)
2019-06-12 13:44:25,942 INFO  server.RaftServerConfigKeys (ConfUtils.java:logGet(43)) - raft.server.storage.dir = [/opt/src/hadoop-ozone/integration-test/target/test-dir/MiniOzoneClusterImpl-6fb9c846-b10d-4e9b-9667-68825cdc56ab/datanode-3/data/ratis] (custom)
2019-06-12 13:44:25,942 INFO  server.RaftServerConfigKeys (ConfUtils.java:logGet(43)) - raft.server.rpcslowness.timeout = 120s (custom)
2019-06-12 13:44:25,942 INFO  server.RaftServerConfigKeys (ConfUtils.java:logGet(43)) - raft.server.log.appender.install.snapshot.enabled = true (default)
2019-06-12 13:44:25,943 INFO  storage.RaftStorageDirectory (RaftStorageDirectory.java:analyzeStorage(246)) - The storage directory /opt/src/hadoop-ozone/integration-test/target/test-dir/MiniOzoneClusterImpl-6fb9c846-b10d-4e9b-9667-68825cdc56ab/datanode-3/data/ratis/1f23a04a-a8e3-4714-b6e1-8af604a0f3cf does not exist. Creating ...
2019-06-12 13:44:25,943 INFO  impl.RaftServerImpl (ServerState.java:<init>(101)) - 1023bb9f-4671-4726-aa58-a5ed55fe6403:group-8AF604A0F3CF ConfigurationManager, init=-1: [1023bb9f-4671-4726-aa58-a5ed55fe6403:192.168.19.46:37101, 75e527e4-4e60-4b13-96f6-184a34f1241e:192.168.19.46:45865, fd39c4b3-843a-4ac6-8f2a-1a38d8f2ddac:192.168.19.46:33913], old=null, confs=<EMPTY_MAP>
2019-06-12 13:44:25,943 INFO  server.RaftServerConfigKeys (ConfUtils.java:logGet(43)) - raft.server.storage.dir = [/opt/src/hadoop-ozone/integration-test/target/test-dir/MiniOzoneClusterImpl-6fb9c846-b10d-4e9b-9667-68825cdc56ab/datanode-5/data/ratis] (custom)
2019-06-12 13:44:25,943 INFO  storage.RaftStorageDirectory (RaftStorageDirectory.java:tryLock(328)) - Lock on /opt/src/hadoop-ozone/integration-test/target/test-dir/MiniOzoneClusterImpl-6fb9c846-b10d-4e9b-9667-68825cdc56ab/datanode-4/data/ratis/1f23a04a-a8e3-4714-b6e1-8af604a0f3cf/in_use.lock acquired by nodename 1510@ozone-x7bbm-1544112193
2019-06-12 13:44:25,943 INFO  storage.RaftStorageDirectory (RaftStorageDirectory.java:analyzeStorage(246)) - The storage directory /opt/src/hadoop-ozone/integration-test/target/test-dir/MiniOzoneClusterImpl-6fb9c846-b10d-4e9b-9667-68825cdc56ab/datanode-5/data/ratis/1f23a04a-a8e3-4714-b6e1-8af604a0f3cf does not exist. Creating ...
2019-06-12 13:44:25,945 INFO  storage.RaftStorageDirectory (RaftStorageDirectory.java:tryLock(328)) - Lock on /opt/src/hadoop-ozone/integration-test/target/test-dir/MiniOzoneClusterImpl-6fb9c846-b10d-4e9b-9667-68825cdc56ab/datanode-5/data/ratis/1f23a04a-a8e3-4714-b6e1-8af604a0f3cf/in_use.lock acquired by nodename 1510@ozone-x7bbm-1544112193
2019-06-12 13:44:25,945 INFO  storage.RaftStorageDirectory (RaftStorageDirectory.java:tryLock(328)) - Lock on /opt/src/hadoop-ozone/integration-test/target/test-dir/MiniOzoneClusterImpl-6fb9c846-b10d-4e9b-9667-68825cdc56ab/datanode-3/data/ratis/1f23a04a-a8e3-4714-b6e1-8af604a0f3cf/in_use.lock acquired by nodename 1510@ozone-x7bbm-1544112193
2019-06-12 13:44:25,945 INFO  storage.RaftStorage (RaftStorage.java:format(75)) - Storage directory /opt/src/hadoop-ozone/integration-test/target/test-dir/MiniOzoneClusterImpl-6fb9c846-b10d-4e9b-9667-68825cdc56ab/datanode-4/data/ratis/1f23a04a-a8e3-4714-b6e1-8af604a0f3cf has been successfully formatted.
2019-06-12 13:44:25,945 INFO  ratis.ContainerStateMachine (ContainerStateMachine.java:loadSnapshot(199)) - The snapshot info is null.Setting the last applied index to:(t:0, i:~)
2019-06-12 13:44:25,945 INFO  server.RaftServerConfigKeys (ConfUtils.java:logGet(43)) - raft.server.leader.election.timeout = 120s (custom)
2019-06-12 13:44:25,946 INFO  server.RaftServerConfigKeys (ConfUtils.java:logGet(43)) - raft.server.log.use.memory = false (default)
2019-06-12 13:44:25,946 INFO  server.RaftServerConfigKeys (ConfUtils.java:logGet(43)) - raft.server.log.appender.buffer.byte-limit = 33554432 (custom)
2019-06-12 13:44:25,946 INFO  server.RaftServerConfigKeys (ConfUtils.java:logGet(43)) - raft.server.log.segment.size.max = 16384 (custom)
2019-06-12 13:44:25,946 INFO  server.RaftServerConfigKeys (ConfUtils.java:logGet(43)) - raft.server.log.segment.cache.num.max = 2 (custom)
2019-06-12 13:44:25,946 INFO  storage.RaftLogWorker (RaftLogWorker.java:<init>(123)) - new fd39c4b3-843a-4ac6-8f2a-1a38d8f2ddac-RaftLogWorker for Storage Directory /opt/src/hadoop-ozone/integration-test/target/test-dir/MiniOzoneClusterImpl-6fb9c846-b10d-4e9b-9667-68825cdc56ab/datanode-4/data/ratis/1f23a04a-a8e3-4714-b6e1-8af604a0f3cf
2019-06-12 13:44:25,946 INFO  server.RaftServerConfigKeys (ConfUtils.java:logGet(43)) - raft.server.log.queue.byte-limit = 2147483647 (custom)
2019-06-12 13:44:25,946 INFO  server.RaftServerConfigKeys (ConfUtils.java:logGet(43)) - raft.server.log.queue.element-limit = 1024 (custom)
2019-06-12 13:44:25,946 INFO  server.RaftServerConfigKeys (ConfUtils.java:logGet(43)) - raft.server.log.segment.size.max = 16384 (custom)
2019-06-12 13:44:25,946 INFO  server.RaftServerConfigKeys (ConfUtils.java:logGet(43)) - raft.server.log.preallocated.size = 16384 (custom)
2019-06-12 13:44:25,946 INFO  server.RaftServerConfigKeys (ConfUtils.java:logGet(43)) - raft.server.log.write.buffer.size = 33554432 (custom)
2019-06-12 13:44:25,946 INFO  server.RaftServerConfigKeys (ConfUtils.java:logGet(43)) - raft.server.log.force.sync.num = 128 (default)
2019-06-12 13:44:25,946 INFO  server.RaftServerConfigKeys (ConfUtils.java:logGet(43)) - raft.server.log.statemachine.data.sync = true (default)
2019-06-12 13:44:25,946 INFO  server.RaftServerConfigKeys (ConfUtils.java:logGet(43)) - raft.server.log.statemachine.data.sync.timeout = 10s (default)
2019-06-12 13:44:25,947 INFO  server.RaftServerConfigKeys (ConfUtils.java:logGet(43)) - raft.server.log.statemachine.data.sync.timeout.retry = -1 (default)
2019-06-12 13:44:25,947 INFO  server.RaftServerConfigKeys (ConfUtils.java:logGet(43)) - raft.server.log.statemachine.data.caching.enabled = true (custom)
2019-06-12 13:44:25,947 INFO  server.RaftServerConfigKeys (ConfUtils.java:logGet(43)) - raft.server.snapshot.auto.trigger.enabled = true (custom)
2019-06-12 13:44:25,947 INFO  server.RaftServerConfigKeys (ConfUtils.java:logGet(43)) - raft.server.snapshot.auto.trigger.threshold = 10000 (custom)
2019-06-12 13:44:25,947 INFO  storage.RaftStorage (RaftStorage.java:format(75)) - Storage directory /opt/src/hadoop-ozone/integration-test/target/test-dir/MiniOzoneClusterImpl-6fb9c846-b10d-4e9b-9667-68825cdc56ab/datanode-3/data/ratis/1f23a04a-a8e3-4714-b6e1-8af604a0f3cf has been successfully formatted.
2019-06-12 13:44:25,947 INFO  server.RaftServerConfigKeys (ConfUtils.java:logGet(43)) - raft.server.retrycache.expirytime = 600000ms (custom)
2019-06-12 13:44:25,947 INFO  ratis.ContainerStateMachine (ContainerStateMachine.java:loadSnapshot(199)) - The snapshot info is null.Setting the last applied index to:(t:0, i:~)
2019-06-12 13:44:25,947 INFO  impl.RaftServerImpl (RaftServerImpl.java:start(173)) - fd39c4b3-843a-4ac6-8f2a-1a38d8f2ddac: start group-8AF604A0F3CF
2019-06-12 13:44:25,947 INFO  storage.RaftStorage (RaftStorage.java:format(75)) - Storage directory /opt/src/hadoop-ozone/integration-test/target/test-dir/MiniOzoneClusterImpl-6fb9c846-b10d-4e9b-9667-68825cdc56ab/datanode-5/data/ratis/1f23a04a-a8e3-4714-b6e1-8af604a0f3cf has been successfully formatted.
2019-06-12 13:44:25,947 INFO  server.RaftServerConfigKeys (ConfUtils.java:logGet(43)) - raft.server.leader.election.timeout = 120s (custom)
2019-06-12 13:44:25,948 INFO  ratis.ContainerStateMachine (ContainerStateMachine.java:loadSnapshot(199)) - The snapshot info is null.Setting the last applied index to:(t:0, i:~)
2019-06-12 13:44:25,947 INFO  impl.RaftServerImpl (RaftServerImpl.java:setRole(164)) - fd39c4b3-843a-4ac6-8f2a-1a38d8f2ddac:group-8AF604A0F3CF changes role from null to FOLLOWER at term 0 for startAsFollower
2019-06-12 13:44:25,948 INFO  server.RaftServerConfigKeys (ConfUtils.java:logGet(43)) - raft.server.leader.election.timeout = 120s (custom)
2019-06-12 13:44:25,948 INFO  server.RaftServerConfigKeys (ConfUtils.java:logGet(43)) - raft.server.log.use.memory = false (default)
2019-06-12 13:44:25,948 INFO  server.RaftServerConfigKeys (ConfUtils.java:logGet(43)) - raft.server.log.use.memory = false (default)
2019-06-12 13:44:25,948 INFO  impl.RoleInfo (RoleInfo.java:updateAndGet(143)) - fd39c4b3-843a-4ac6-8f2a-1a38d8f2ddac: start FollowerState
2019-06-12 13:44:25,948 INFO  server.RaftServerConfigKeys (ConfUtils.java:logGet(43)) - raft.server.log.appender.buffer.byte-limit = 33554432 (custom)
2019-06-12 13:44:25,948 INFO  server.RaftServerConfigKeys (ConfUtils.java:logGet(43)) - raft.server.log.segment.size.max = 16384 (custom)
2019-06-12 13:44:25,948 INFO  server.RaftServerConfigKeys (ConfUtils.java:logGet(43)) - raft.server.log.segment.cache.num.max = 2 (custom)
2019-06-12 13:44:25,948 INFO  server.RaftServerConfigKeys (ConfUtils.java:logGet(43)) - raft.server.log.appender.buffer.byte-limit = 33554432 (custom)
2019-06-12 13:44:25,948 INFO  storage.RaftLogWorker (RaftLogWorker.java:<init>(123)) - new 1023bb9f-4671-4726-aa58-a5ed55fe6403-RaftLogWorker for Storage Directory /opt/src/hadoop-ozone/integration-test/target/test-dir/MiniOzoneClusterImpl-6fb9c846-b10d-4e9b-9667-68825cdc56ab/datanode-5/data/ratis/1f23a04a-a8e3-4714-b6e1-8af604a0f3cf
2019-06-12 13:44:25,948 INFO  util.JmxRegister (JmxRegister.java:tryRegister(44)) - Successfully registered JMX Bean with object name Ratis:service=RaftServer,group=group-8AF604A0F3CF,id=fd39c4b3-843a-4ac6-8f2a-1a38d8f2ddac
2019-06-12 13:44:25,948 INFO  server.RaftServerConfigKeys (ConfUtils.java:logGet(43)) - raft.server.log.queue.byte-limit = 2147483647 (custom)
2019-06-12 13:44:25,948 INFO  server.RaftServerConfigKeys (ConfUtils.java:logGet(43)) - raft.server.log.segment.size.max = 16384 (custom)
2019-06-12 13:44:25,949 INFO  server.RaftServerConfigKeys (ConfUtils.java:logGet(43)) - raft.server.log.segment.cache.num.max = 2 (custom)
2019-06-12 13:44:25,949 INFO  storage.RaftLogWorker (RaftLogWorker.java:<init>(123)) - new 75e527e4-4e60-4b13-96f6-184a34f1241e-RaftLogWorker for Storage Directory /opt/src/hadoop-ozone/integration-test/target/test-dir/MiniOzoneClusterImpl-6fb9c846-b10d-4e9b-9667-68825cdc56ab/datanode-3/data/ratis/1f23a04a-a8e3-4714-b6e1-8af604a0f3cf
2019-06-12 13:44:25,949 INFO  server.RaftServerConfigKeys (ConfUtils.java:logGet(43)) - raft.server.log.queue.byte-limit = 2147483647 (custom)
2019-06-12 13:44:25,949 INFO  server.RaftServerConfigKeys (ConfUtils.java:logGet(43)) - raft.server.log.queue.element-limit = 1024 (custom)
2019-06-12 13:44:25,949 INFO  server.RaftServerConfigKeys (ConfUtils.java:logGet(43)) - raft.server.log.segment.size.max = 16384 (custom)
2019-06-12 13:44:25,949 INFO  server.RaftServerConfigKeys (ConfUtils.java:logGet(43)) - raft.server.log.preallocated.size = 16384 (custom)
2019-06-12 13:44:25,949 INFO  server.RaftServerConfigKeys (ConfUtils.java:logGet(43)) - raft.server.log.write.buffer.size = 33554432 (custom)
2019-06-12 13:44:25,949 INFO  server.RaftServerConfigKeys (ConfUtils.java:logGet(43)) - raft.server.log.force.sync.num = 128 (default)
2019-06-12 13:44:25,949 INFO  server.RaftServerConfigKeys (ConfUtils.java:logGet(43)) - raft.server.log.statemachine.data.sync = true (default)
2019-06-12 13:44:25,949 INFO  server.RaftServerConfigKeys (ConfUtils.java:logGet(43)) - raft.server.log.queue.element-limit = 1024 (custom)
2019-06-12 13:44:25,949 INFO  server.RaftServerConfigKeys (ConfUtils.java:logGet(43)) - raft.server.log.statemachine.data.sync.timeout = 10s (default)
2019-06-12 13:44:25,950 INFO  server.RaftServerConfigKeys (ConfUtils.java:logGet(43)) - raft.server.log.segment.size.max = 16384 (custom)
2019-06-12 13:44:25,950 INFO  server.RaftServerConfigKeys (ConfUtils.java:logGet(43)) - raft.server.log.preallocated.size = 16384 (custom)
2019-06-12 13:44:25,950 INFO  server.RaftServerConfigKeys (ConfUtils.java:logGet(43)) - raft.server.log.statemachine.data.sync.timeout.retry = -1 (default)
2019-06-12 13:44:25,950 INFO  server.RaftServerConfigKeys (ConfUtils.java:logGet(43)) - raft.server.log.write.buffer.size = 33554432 (custom)
2019-06-12 13:44:25,950 INFO  server.RaftServerConfigKeys (ConfUtils.java:logGet(43)) - raft.server.log.statemachine.data.caching.enabled = true (custom)
2019-06-12 13:44:25,950 INFO  server.RaftServerConfigKeys (ConfUtils.java:logGet(43)) - raft.server.log.force.sync.num = 128 (default)
2019-06-12 13:44:25,950 INFO  server.RaftServerConfigKeys (ConfUtils.java:logGet(43)) - raft.server.log.statemachine.data.sync = true (default)
2019-06-12 13:44:25,950 INFO  server.RaftServerConfigKeys (ConfUtils.java:logGet(43)) - raft.server.log.statemachine.data.sync.timeout = 10s (default)
2019-06-12 13:44:25,950 INFO  server.RaftServerConfigKeys (ConfUtils.java:logGet(43)) - raft.server.log.statemachine.data.sync.timeout.retry = -1 (default)
2019-06-12 13:44:25,951 INFO  server.RaftServerConfigKeys (ConfUtils.java:logGet(43)) - raft.server.log.statemachine.data.caching.enabled = true (custom)
2019-06-12 13:44:25,951 INFO  server.RaftServerConfigKeys (ConfUtils.java:logGet(43)) - raft.server.snapshot.auto.trigger.enabled = true (custom)
2019-06-12 13:44:25,951 INFO  server.RaftServerConfigKeys (ConfUtils.java:logGet(43)) - raft.server.snapshot.auto.trigger.threshold = 10000 (custom)
2019-06-12 13:44:25,951 INFO  server.RaftServerConfigKeys (ConfUtils.java:logGet(43)) - raft.server.snapshot.auto.trigger.enabled = true (custom)
2019-06-12 13:44:25,951 INFO  server.RaftServerConfigKeys (ConfUtils.java:logGet(43)) - raft.server.retrycache.expirytime = 600000ms (custom)
2019-06-12 13:44:25,951 INFO  server.RaftServerConfigKeys (ConfUtils.java:logGet(43)) - raft.server.snapshot.auto.trigger.threshold = 10000 (custom)
2019-06-12 13:44:25,951 INFO  impl.RaftServerImpl (RaftServerImpl.java:start(173)) - 75e527e4-4e60-4b13-96f6-184a34f1241e: start group-8AF604A0F3CF
2019-06-12 13:44:25,951 INFO  server.RaftServerConfigKeys (ConfUtils.java:logGet(43)) - raft.server.retrycache.expirytime = 600000ms (custom)
2019-06-12 13:44:25,951 INFO  impl.RaftServerImpl (RaftServerImpl.java:setRole(164)) - 75e527e4-4e60-4b13-96f6-184a34f1241e:group-8AF604A0F3CF changes role from null to FOLLOWER at term 0 for startAsFollower
2019-06-12 13:44:25,952 INFO  impl.RaftServerImpl (RaftServerImpl.java:start(173)) - 1023bb9f-4671-4726-aa58-a5ed55fe6403: start group-8AF604A0F3CF
2019-06-12 13:44:25,952 INFO  impl.RoleInfo (RoleInfo.java:updateAndGet(143)) - 75e527e4-4e60-4b13-96f6-184a34f1241e: start FollowerState
2019-06-12 13:44:25,952 INFO  impl.RaftServerImpl (RaftServerImpl.java:setRole(164)) - 1023bb9f-4671-4726-aa58-a5ed55fe6403:group-8AF604A0F3CF changes role from null to FOLLOWER at term 0 for startAsFollower
2019-06-12 13:44:25,952 INFO  impl.RoleInfo (RoleInfo.java:updateAndGet(143)) - 1023bb9f-4671-4726-aa58-a5ed55fe6403: start FollowerState
2019-06-12 13:44:25,952 INFO  util.JmxRegister (JmxRegister.java:tryRegister(44)) - Successfully registered JMX Bean with object name Ratis:service=RaftServer,group=group-8AF604A0F3CF,id=75e527e4-4e60-4b13-96f6-184a34f1241e
2019-06-12 13:44:25,952 INFO  util.JmxRegister (JmxRegister.java:tryRegister(44)) - Successfully registered JMX Bean with object name Ratis:service=RaftServer,group=group-8AF604A0F3CF,id=1023bb9f-4671-4726-aa58-a5ed55fe6403
2019-06-12 13:44:25,955 INFO  pipeline.PipelineStateManager (PipelineStateManager.java:addPipeline(56)) - Created pipeline Pipeline[ Id: 1f23a04a-a8e3-4714-b6e1-8af604a0f3cf, Nodes: 75e527e4-4e60-4b13-96f6-184a34f1241e{ip: 192.168.19.46, host: ozone-x7bbm-1544112193, networkLocation: /default-rack, certSerialId: null}1023bb9f-4671-4726-aa58-a5ed55fe6403{ip: 192.168.19.46, host: ozone-x7bbm-1544112193, networkLocation: /default-rack, certSerialId: null}fd39c4b3-843a-4ac6-8f2a-1a38d8f2ddac{ip: 192.168.19.46, host: ozone-x7bbm-1544112193, networkLocation: /default-rack, certSerialId: null}, Type:RATIS, Factor:THREE, State:OPEN]
2019-06-12 13:44:26,102 INFO  ozone.MiniOzoneClusterImpl (MiniOzoneClusterImpl.java:lambda$waitForClusterToBeReady$0(142)) - Waiting for cluster to be ready. Got 6 of 7 DN Heartbeats.
2019-06-12 13:44:26,104 INFO  node.SCMNodeManager (SCMNodeManager.java:register(234)) - Registered Data node : f6261474-e4a7-4eef-8ac5-8ff57e0e952d{ip: 192.168.19.46, host: ozone-x7bbm-1544112193, networkLocation: /default-rack, certSerialId: null}
2019-06-12 13:44:26,111 INFO  impl.RaftServerProxy (RaftServerProxy.java:addNew(89)) - f6261474-e4a7-4eef-8ac5-8ff57e0e952d: addNew group-96934414E470:[f6261474-e4a7-4eef-8ac5-8ff57e0e952d:192.168.19.46:34065] returns group-96934414E470:java.util.concurrent.CompletableFuture@44e1459e[Not completed]
2019-06-12 13:44:26,112 INFO  impl.RaftServerImpl (RaftServerImpl.java:<init>(91)) - f6261474-e4a7-4eef-8ac5-8ff57e0e952d: new RaftServerImpl for group-96934414E470:[f6261474-e4a7-4eef-8ac5-8ff57e0e952d:192.168.19.46:34065] with ContainerStateMachine:uninitialized
2019-06-12 13:44:26,112 INFO  server.RaftServerConfigKeys (ConfUtils.java:logGet(43)) - raft.server.rpc.timeout.min = 1s (custom)
2019-06-12 13:44:26,112 INFO  server.RaftServerConfigKeys (ConfUtils.java:logGet(43)) - raft.server.rpc.timeout.max = 1200ms (custom)
2019-06-12 13:44:26,112 INFO  server.RaftServerConfigKeys (ConfUtils.java:logGet(43)) - raft.server.rpcslowness.timeout = 120s (custom)
2019-06-12 13:44:26,112 INFO  server.RaftServerConfigKeys (ConfUtils.java:logGet(43)) - raft.server.log.appender.install.snapshot.enabled = true (default)
2019-06-12 13:44:26,113 INFO  impl.RaftServerImpl (ServerState.java:<init>(101)) - f6261474-e4a7-4eef-8ac5-8ff57e0e952d:group-96934414E470 ConfigurationManager, init=-1: [f6261474-e4a7-4eef-8ac5-8ff57e0e952d:192.168.19.46:34065], old=null, confs=<EMPTY_MAP>
2019-06-12 13:44:26,113 INFO  server.RaftServerConfigKeys (ConfUtils.java:logGet(43)) - raft.server.storage.dir = [/opt/src/hadoop-ozone/integration-test/target/test-dir/MiniOzoneClusterImpl-6fb9c846-b10d-4e9b-9667-68825cdc56ab/datanode-6/data/ratis] (custom)
2019-06-12 13:44:26,113 INFO  storage.RaftStorageDirectory (RaftStorageDirectory.java:analyzeStorage(246)) - The storage directory /opt/src/hadoop-ozone/integration-test/target/test-dir/MiniOzoneClusterImpl-6fb9c846-b10d-4e9b-9667-68825cdc56ab/datanode-6/data/ratis/476191b3-e841-4485-9584-96934414e470 does not exist. Creating ...
2019-06-12 13:44:26,115 INFO  storage.RaftStorageDirectory (RaftStorageDirectory.java:tryLock(328)) - Lock on /opt/src/hadoop-ozone/integration-test/target/test-dir/MiniOzoneClusterImpl-6fb9c846-b10d-4e9b-9667-68825cdc56ab/datanode-6/data/ratis/476191b3-e841-4485-9584-96934414e470/in_use.lock acquired by nodename 1510@ozone-x7bbm-1544112193
2019-06-12 13:44:26,117 INFO  storage.RaftStorage (RaftStorage.java:format(75)) - Storage directory /opt/src/hadoop-ozone/integration-test/target/test-dir/MiniOzoneClusterImpl-6fb9c846-b10d-4e9b-9667-68825cdc56ab/datanode-6/data/ratis/476191b3-e841-4485-9584-96934414e470 has been successfully formatted.
2019-06-12 13:44:26,117 INFO  ratis.ContainerStateMachine (ContainerStateMachine.java:loadSnapshot(199)) - The snapshot info is null.Setting the last applied index to:(t:0, i:~)
2019-06-12 13:44:26,118 INFO  server.RaftServerConfigKeys (ConfUtils.java:logGet(43)) - raft.server.leader.election.timeout = 120s (custom)
2019-06-12 13:44:26,118 INFO  server.RaftServerConfigKeys (ConfUtils.java:logGet(43)) - raft.server.log.use.memory = false (default)
2019-06-12 13:44:26,118 INFO  server.RaftServerConfigKeys (ConfUtils.java:logGet(43)) - raft.server.log.appender.buffer.byte-limit = 33554432 (custom)
2019-06-12 13:44:26,118 INFO  server.RaftServerConfigKeys (ConfUtils.java:logGet(43)) - raft.server.log.segment.size.max = 16384 (custom)
2019-06-12 13:44:26,118 INFO  server.RaftServerConfigKeys (ConfUtils.java:logGet(43)) - raft.server.log.segment.cache.num.max = 2 (custom)
2019-06-12 13:44:26,118 INFO  storage.RaftLogWorker (RaftLogWorker.java:<init>(123)) - new f6261474-e4a7-4eef-8ac5-8ff57e0e952d-RaftLogWorker for Storage Directory /opt/src/hadoop-ozone/integration-test/target/test-dir/MiniOzoneClusterImpl-6fb9c846-b10d-4e9b-9667-68825cdc56ab/datanode-6/data/ratis/476191b3-e841-4485-9584-96934414e470
2019-06-12 13:44:26,118 INFO  server.RaftServerConfigKeys (ConfUtils.java:logGet(43)) - raft.server.log.queue.byte-limit = 2147483647 (custom)
2019-06-12 13:44:26,118 INFO  server.RaftServerConfigKeys (ConfUtils.java:logGet(43)) - raft.server.log.queue.element-limit = 1024 (custom)
2019-06-12 13:44:26,118 INFO  server.RaftServerConfigKeys (ConfUtils.java:logGet(43)) - raft.server.log.segment.size.max = 16384 (custom)
2019-06-12 13:44:26,118 INFO  server.RaftServerConfigKeys (ConfUtils.java:logGet(43)) - raft.server.log.preallocated.size = 16384 (custom)
2019-06-12 13:44:26,118 INFO  server.RaftServerConfigKeys (ConfUtils.java:logGet(43)) - raft.server.log.write.buffer.size = 33554432 (custom)
2019-06-12 13:44:26,118 INFO  server.RaftServerConfigKeys (ConfUtils.java:logGet(43)) - raft.server.log.force.sync.num = 128 (default)
2019-06-12 13:44:26,119 INFO  server.RaftServerConfigKeys (ConfUtils.java:logGet(43)) - raft.server.log.statemachine.data.sync = true (default)
2019-06-12 13:44:26,119 INFO  server.RaftServerConfigKeys (ConfUtils.java:logGet(43)) - raft.server.log.statemachine.data.sync.timeout = 10s (default)
2019-06-12 13:44:26,119 INFO  server.RaftServerConfigKeys (ConfUtils.java:logGet(43)) - raft.server.log.statemachine.data.sync.timeout.retry = -1 (default)
2019-06-12 13:44:26,119 INFO  server.RaftServerConfigKeys (ConfUtils.java:logGet(43)) - raft.server.log.statemachine.data.caching.enabled = true (custom)
2019-06-12 13:44:26,119 INFO  server.RaftServerConfigKeys (ConfUtils.java:logGet(43)) - raft.server.snapshot.auto.trigger.enabled = true (custom)
2019-06-12 13:44:26,119 INFO  server.RaftServerConfigKeys (ConfUtils.java:logGet(43)) - raft.server.snapshot.auto.trigger.threshold = 10000 (custom)
2019-06-12 13:44:26,120 INFO  server.RaftServerConfigKeys (ConfUtils.java:logGet(43)) - raft.server.retrycache.expirytime = 600000ms (custom)
2019-06-12 13:44:26,120 INFO  impl.RaftServerImpl (RaftServerImpl.java:start(173)) - f6261474-e4a7-4eef-8ac5-8ff57e0e952d: start group-96934414E470
2019-06-12 13:44:26,120 INFO  impl.RaftServerImpl (RaftServerImpl.java:setRole(164)) - f6261474-e4a7-4eef-8ac5-8ff57e0e952d:group-96934414E470 changes role from null to FOLLOWER at term 0 for startAsFollower
2019-06-12 13:44:26,120 INFO  impl.RoleInfo (RoleInfo.java:updateAndGet(143)) - f6261474-e4a7-4eef-8ac5-8ff57e0e952d: start FollowerState
2019-06-12 13:44:26,120 INFO  util.JmxRegister (JmxRegister.java:tryRegister(44)) - Successfully registered JMX Bean with object name Ratis:service=RaftServer,group=group-96934414E470,id=f6261474-e4a7-4eef-8ac5-8ff57e0e952d
2019-06-12 13:44:26,122 INFO  pipeline.PipelineStateManager (PipelineStateManager.java:addPipeline(56)) - Created pipeline Pipeline[ Id: 476191b3-e841-4485-9584-96934414e470, Nodes: f6261474-e4a7-4eef-8ac5-8ff57e0e952d{ip: 192.168.19.46, host: ozone-x7bbm-1544112193, networkLocation: /default-rack, certSerialId: null}, Type:RATIS, Factor:ONE, State:OPEN]
2019-06-12 13:44:26,247 INFO  impl.FollowerState (FollowerState.java:run(101)) - 2f12874f-5c6e-49ee-a382-210f379e72c8:group-AAAAB0867283 changes to CANDIDATE, lastRpcTime:1125, electionTimeout:1125ms
2019-06-12 13:44:26,247 INFO  impl.RoleInfo (RoleInfo.java:shutdownFollowerState(121)) - 2f12874f-5c6e-49ee-a382-210f379e72c8: shutdown FollowerState
2019-06-12 13:44:26,247 INFO  impl.RaftServerImpl (RaftServerImpl.java:setRole(164)) - 2f12874f-5c6e-49ee-a382-210f379e72c8:group-AAAAB0867283 changes role from FOLLOWER to CANDIDATE at term 0 for changeToCandidate
2019-06-12 13:44:26,247 INFO  impl.RoleInfo (RoleInfo.java:updateAndGet(143)) - 2f12874f-5c6e-49ee-a382-210f379e72c8: start LeaderElection
2019-06-12 13:44:26,254 INFO  impl.LeaderElection (LeaderElection.java:askForVotes(181)) - 2f12874f-5c6e-49ee-a382-210f379e72c8:group-AAAAB0867283:LeaderElection12: begin an election at term 1 for -1: [2f12874f-5c6e-49ee-a382-210f379e72c8:192.168.19.46:40059], old=null
2019-06-12 13:44:26,254 INFO  impl.RoleInfo (RoleInfo.java:shutdownLeaderElection(134)) - 2f12874f-5c6e-49ee-a382-210f379e72c8: shutdown LeaderElection
2019-06-12 13:44:26,254 INFO  impl.RaftServerImpl (RaftServerImpl.java:setRole(164)) - 2f12874f-5c6e-49ee-a382-210f379e72c8:group-AAAAB0867283 changes role from CANDIDATE to LEADER at term 1 for changeToLeader
2019-06-12 13:44:26,254 INFO  impl.RaftServerImpl (ServerState.java:setLeader(263)) - 2f12874f-5c6e-49ee-a382-210f379e72c8:group-AAAAB0867283 change Leader from null to 2f12874f-5c6e-49ee-a382-210f379e72c8 at term 1 for becomeLeader, leader elected after 1134ms
2019-06-12 13:44:26,254 INFO  server.RaftServerConfigKeys (ConfUtils.java:logGet(43)) - raft.server.staging.catchup.gap = 1000 (default)
2019-06-12 13:44:26,254 INFO  server.RaftServerConfigKeys (ConfUtils.java:logGet(43)) - raft.server.rpc.sleep.time = 25ms (default)
2019-06-12 13:44:26,254 INFO  server.RaftServerConfigKeys (ConfUtils.java:logGet(43)) - raft.server.watch.timeout = 10s (default)
2019-06-12 13:44:26,254 INFO  server.RaftServerConfigKeys (ConfUtils.java:logGet(43)) - raft.server.watch.timeout.denomination = 1s (default)
2019-06-12 13:44:26,254 INFO  impl.RoleInfo (RoleInfo.java:updateAndGet(143)) - 2f12874f-5c6e-49ee-a382-210f379e72c8: start LeaderState
2019-06-12 13:44:26,255 INFO  storage.RaftLogWorker (RaftLogWorker.java:startLogSegment(298)) - 2f12874f-5c6e-49ee-a382-210f379e72c8-RaftLogWorker: Starting segment from index:0
2019-06-12 13:44:26,255 INFO  impl.RaftServerImpl (ServerState.java:setRaftConf(361)) - 2f12874f-5c6e-49ee-a382-210f379e72c8:group-AAAAB0867283 set configuration 0: [2f12874f-5c6e-49ee-a382-210f379e72c8:192.168.19.46:40059], old=null at 0
2019-06-12 13:44:26,285 INFO  impl.FollowerState (FollowerState.java:run(101)) - 344f01c1-3d81-4d42-ad7d-483e8f9e385e:group-8DF5A0A6B38D changes to CANDIDATE, lastRpcTime:1021, electionTimeout:1021ms
2019-06-12 13:44:26,285 INFO  impl.RoleInfo (RoleInfo.java:shutdownFollowerState(121)) - 344f01c1-3d81-4d42-ad7d-483e8f9e385e: shutdown FollowerState
2019-06-12 13:44:26,285 INFO  impl.RaftServerImpl (RaftServerImpl.java:setRole(164)) - 344f01c1-3d81-4d42-ad7d-483e8f9e385e:group-8DF5A0A6B38D changes role from FOLLOWER to CANDIDATE at term 0 for changeToCandidate
2019-06-12 13:44:26,285 INFO  impl.RoleInfo (RoleInfo.java:updateAndGet(143)) - 344f01c1-3d81-4d42-ad7d-483e8f9e385e: start LeaderElection
2019-06-12 13:44:26,293 INFO  storage.RaftLogWorker (RaftLogWorker.java:execute(469)) - 2f12874f-5c6e-49ee-a382-210f379e72c8-RaftLogWorker: created new log segment /opt/src/hadoop-ozone/integration-test/target/test-dir/MiniOzoneClusterImpl-6fb9c846-b10d-4e9b-9667-68825cdc56ab/datanode-0/data/ratis/cbad1df4-de5e-471e-8ffe-aaaab0867283/current/log_inprogress_0
2019-06-12 13:44:26,295 INFO  impl.LeaderElection (LeaderElection.java:askForVotes(181)) - 344f01c1-3d81-4d42-ad7d-483e8f9e385e:group-8DF5A0A6B38D:LeaderElection13: begin an election at term 1 for -1: [344f01c1-3d81-4d42-ad7d-483e8f9e385e:192.168.19.46:38963], old=null
2019-06-12 13:44:26,295 INFO  impl.RoleInfo (RoleInfo.java:shutdownLeaderElection(134)) - 344f01c1-3d81-4d42-ad7d-483e8f9e385e: shutdown LeaderElection
2019-06-12 13:44:26,295 INFO  impl.RaftServerImpl (RaftServerImpl.java:setRole(164)) - 344f01c1-3d81-4d42-ad7d-483e8f9e385e:group-8DF5A0A6B38D changes role from CANDIDATE to LEADER at term 1 for changeToLeader
2019-06-12 13:44:26,295 INFO  impl.RaftServerImpl (ServerState.java:setLeader(263)) - 344f01c1-3d81-4d42-ad7d-483e8f9e385e:group-8DF5A0A6B38D change Leader from null to 344f01c1-3d81-4d42-ad7d-483e8f9e385e at term 1 for becomeLeader, leader elected after 1034ms
2019-06-12 13:44:26,296 INFO  server.RaftServerConfigKeys (ConfUtils.java:logGet(43)) - raft.server.staging.catchup.gap = 1000 (default)
2019-06-12 13:44:26,296 INFO  server.RaftServerConfigKeys (ConfUtils.java:logGet(43)) - raft.server.rpc.sleep.time = 25ms (default)
2019-06-12 13:44:26,296 INFO  server.RaftServerConfigKeys (ConfUtils.java:logGet(43)) - raft.server.watch.timeout = 10s (default)
2019-06-12 13:44:26,296 INFO  server.RaftServerConfigKeys (ConfUtils.java:logGet(43)) - raft.server.watch.timeout.denomination = 1s (default)
2019-06-12 13:44:26,296 INFO  impl.RoleInfo (RoleInfo.java:updateAndGet(143)) - 344f01c1-3d81-4d42-ad7d-483e8f9e385e: start LeaderState
2019-06-12 13:44:26,296 INFO  storage.RaftLogWorker (RaftLogWorker.java:startLogSegment(298)) - 344f01c1-3d81-4d42-ad7d-483e8f9e385e-RaftLogWorker: Starting segment from index:0
2019-06-12 13:44:26,296 INFO  impl.RaftServerImpl (ServerState.java:setRaftConf(361)) - 344f01c1-3d81-4d42-ad7d-483e8f9e385e:group-8DF5A0A6B38D set configuration 0: [344f01c1-3d81-4d42-ad7d-483e8f9e385e:192.168.19.46:38963], old=null at 0
2019-06-12 13:44:26,333 INFO  storage.RaftLogWorker (RaftLogWorker.java:execute(469)) - 344f01c1-3d81-4d42-ad7d-483e8f9e385e-RaftLogWorker: created new log segment /opt/src/hadoop-ozone/integration-test/target/test-dir/MiniOzoneClusterImpl-6fb9c846-b10d-4e9b-9667-68825cdc56ab/datanode-1/data/ratis/6cbd92de-d100-4ed3-a392-8df5a0a6b38d/current/log_inprogress_0
2019-06-12 13:44:26,517 INFO  impl.FollowerState (FollowerState.java:run(101)) - a8ad4b56-8c11-4031-99d5-b3a90554f189:group-1DC6AD54D920 changes to CANDIDATE, lastRpcTime:1063, electionTimeout:1063ms
2019-06-12 13:44:26,517 INFO  impl.RoleInfo (RoleInfo.java:shutdownFollowerState(121)) - a8ad4b56-8c11-4031-99d5-b3a90554f189: shutdown FollowerState
2019-06-12 13:44:26,517 INFO  impl.RaftServerImpl (RaftServerImpl.java:setRole(164)) - a8ad4b56-8c11-4031-99d5-b3a90554f189:group-1DC6AD54D920 changes role from FOLLOWER to CANDIDATE at term 0 for changeToCandidate
2019-06-12 13:44:26,517 INFO  impl.RoleInfo (RoleInfo.java:updateAndGet(143)) - a8ad4b56-8c11-4031-99d5-b3a90554f189: start LeaderElection
2019-06-12 13:44:26,523 INFO  impl.LeaderElection (LeaderElection.java:askForVotes(181)) - a8ad4b56-8c11-4031-99d5-b3a90554f189:group-1DC6AD54D920:LeaderElection14: begin an election at term 1 for -1: [a8ad4b56-8c11-4031-99d5-b3a90554f189:192.168.19.46:34453], old=null
2019-06-12 13:44:26,524 INFO  impl.RoleInfo (RoleInfo.java:shutdownLeaderElection(134)) - a8ad4b56-8c11-4031-99d5-b3a90554f189: shutdown LeaderElection
2019-06-12 13:44:26,524 INFO  impl.RaftServerImpl (RaftServerImpl.java:setRole(164)) - a8ad4b56-8c11-4031-99d5-b3a90554f189:group-1DC6AD54D920 changes role from CANDIDATE to LEADER at term 1 for changeToLeader
2019-06-12 13:44:26,524 INFO  impl.RaftServerImpl (ServerState.java:setLeader(263)) - a8ad4b56-8c11-4031-99d5-b3a90554f189:group-1DC6AD54D920 change Leader from null to a8ad4b56-8c11-4031-99d5-b3a90554f189 at term 1 for becomeLeader, leader elected after 1072ms
2019-06-12 13:44:26,524 INFO  server.RaftServerConfigKeys (ConfUtils.java:logGet(43)) - raft.server.staging.catchup.gap = 1000 (default)
2019-06-12 13:44:26,524 INFO  server.RaftServerConfigKeys (ConfUtils.java:logGet(43)) - raft.server.rpc.sleep.time = 25ms (default)
2019-06-12 13:44:26,524 INFO  server.RaftServerConfigKeys (ConfUtils.java:logGet(43)) - raft.server.watch.timeout = 10s (default)
2019-06-12 13:44:26,524 INFO  server.RaftServerConfigKeys (ConfUtils.java:logGet(43)) - raft.server.watch.timeout.denomination = 1s (default)
2019-06-12 13:44:26,524 INFO  impl.RoleInfo (RoleInfo.java:updateAndGet(143)) - a8ad4b56-8c11-4031-99d5-b3a90554f189: start LeaderState
2019-06-12 13:44:26,524 INFO  storage.RaftLogWorker (RaftLogWorker.java:startLogSegment(298)) - a8ad4b56-8c11-4031-99d5-b3a90554f189-RaftLogWorker: Starting segment from index:0
2019-06-12 13:44:26,525 INFO  impl.RaftServerImpl (ServerState.java:setRaftConf(361)) - a8ad4b56-8c11-4031-99d5-b3a90554f189:group-1DC6AD54D920 set configuration 0: [a8ad4b56-8c11-4031-99d5-b3a90554f189:192.168.19.46:34453], old=null at 0
2019-06-12 13:44:26,543 INFO  impl.FollowerState (FollowerState.java:run(101)) - 2f12874f-5c6e-49ee-a382-210f379e72c8:group-1317D79553DD changes to CANDIDATE, lastRpcTime:1054, electionTimeout:1048ms
2019-06-12 13:44:26,543 INFO  impl.FollowerState (FollowerState.java:run(101)) - 344f01c1-3d81-4d42-ad7d-483e8f9e385e:group-1317D79553DD changes to CANDIDATE, lastRpcTime:1048, electionTimeout:1039ms
2019-06-12 13:44:26,543 INFO  impl.RoleInfo (RoleInfo.java:shutdownFollowerState(121)) - 2f12874f-5c6e-49ee-a382-210f379e72c8: shutdown FollowerState
2019-06-12 13:44:26,543 INFO  impl.RaftServerImpl (RaftServerImpl.java:setRole(164)) - 2f12874f-5c6e-49ee-a382-210f379e72c8:group-1317D79553DD changes role from FOLLOWER to CANDIDATE at term 0 for changeToCandidate
2019-06-12 13:44:26,543 INFO  impl.RoleInfo (RoleInfo.java:shutdownFollowerState(121)) - 344f01c1-3d81-4d42-ad7d-483e8f9e385e: shutdown FollowerState
2019-06-12 13:44:26,543 INFO  impl.RaftServerImpl (RaftServerImpl.java:setRole(164)) - 344f01c1-3d81-4d42-ad7d-483e8f9e385e:group-1317D79553DD changes role from FOLLOWER to CANDIDATE at term 0 for changeToCandidate
2019-06-12 13:44:26,543 INFO  impl.RoleInfo (RoleInfo.java:updateAndGet(143)) - 2f12874f-5c6e-49ee-a382-210f379e72c8: start LeaderElection
2019-06-12 13:44:26,543 INFO  impl.RoleInfo (RoleInfo.java:updateAndGet(143)) - 344f01c1-3d81-4d42-ad7d-483e8f9e385e: start LeaderElection
2019-06-12 13:44:26,573 INFO  storage.RaftLogWorker (RaftLogWorker.java:execute(469)) - a8ad4b56-8c11-4031-99d5-b3a90554f189-RaftLogWorker: created new log segment /opt/src/hadoop-ozone/integration-test/target/test-dir/MiniOzoneClusterImpl-6fb9c846-b10d-4e9b-9667-68825cdc56ab/datanode-2/data/ratis/b52ef9f8-92d4-4287-8347-1dc6ad54d920/current/log_inprogress_0
2019-06-12 13:44:26,573 INFO  impl.LeaderElection (LeaderElection.java:askForVotes(181)) - 2f12874f-5c6e-49ee-a382-210f379e72c8:group-1317D79553DD:LeaderElection15: begin an election at term 1 for -1: [2f12874f-5c6e-49ee-a382-210f379e72c8:192.168.19.46:40059, a8ad4b56-8c11-4031-99d5-b3a90554f189:192.168.19.46:34453, 344f01c1-3d81-4d42-ad7d-483e8f9e385e:192.168.19.46:38963], old=null
2019-06-12 13:44:26,573 INFO  impl.LeaderElection (LeaderElection.java:askForVotes(181)) - 344f01c1-3d81-4d42-ad7d-483e8f9e385e:group-1317D79553DD:LeaderElection16: begin an election at term 1 for -1: [2f12874f-5c6e-49ee-a382-210f379e72c8:192.168.19.46:40059, a8ad4b56-8c11-4031-99d5-b3a90554f189:192.168.19.46:34453, 344f01c1-3d81-4d42-ad7d-483e8f9e385e:192.168.19.46:38963], old=null
2019-06-12 13:44:26,580 INFO  impl.RaftServerImpl (RaftServerImpl.java:setRole(164)) - a8ad4b56-8c11-4031-99d5-b3a90554f189:group-1317D79553DD changes role from FOLLOWER to FOLLOWER at term 1 for recognizeCandidate:2f12874f-5c6e-49ee-a382-210f379e72c8
2019-06-12 13:44:26,580 INFO  impl.RoleInfo (RoleInfo.java:shutdownFollowerState(121)) - a8ad4b56-8c11-4031-99d5-b3a90554f189: shutdown FollowerState
2019-06-12 13:44:26,581 INFO  impl.FollowerState (FollowerState.java:run(109)) - a8ad4b56-8c11-4031-99d5-b3a90554f189: FollowerState was interrupted: java.lang.InterruptedException: sleep interrupted
2019-06-12 13:44:26,581 INFO  impl.RoleInfo (RoleInfo.java:updateAndGet(143)) - a8ad4b56-8c11-4031-99d5-b3a90554f189: start FollowerState
2019-06-12 13:44:26,589 INFO  impl.LeaderElection (LeaderElection.java:logAndReturn(56)) - 2f12874f-5c6e-49ee-a382-210f379e72c8:group-1317D79553DD:LeaderElection15: Election PASSED; received 1 response(s) [2f12874f-5c6e-49ee-a382-210f379e72c8->a8ad4b56-8c11-4031-99d5-b3a90554f189,true-t1] and 0 exception(s); 2f12874f-5c6e-49ee-a382-210f379e72c8:t1, leader=null, voted=2f12874f-5c6e-49ee-a382-210f379e72c8, raftlog=2f12874f-5c6e-49ee-a382-210f379e72c8-SegmentedRaftLog:OPENED:c-1,f-1,i0, conf=-1: [2f12874f-5c6e-49ee-a382-210f379e72c8:192.168.19.46:40059, a8ad4b56-8c11-4031-99d5-b3a90554f189:192.168.19.46:34453, 344f01c1-3d81-4d42-ad7d-483e8f9e385e:192.168.19.46:38963], old=null
2019-06-12 13:44:26,589 INFO  impl.RoleInfo (RoleInfo.java:shutdownLeaderElection(134)) - 2f12874f-5c6e-49ee-a382-210f379e72c8: shutdown LeaderElection
2019-06-12 13:44:26,595 INFO  impl.RaftServerImpl (RaftServerImpl.java:setRole(164)) - 2f12874f-5c6e-49ee-a382-210f379e72c8:group-1317D79553DD changes role from CANDIDATE to LEADER at term 1 for changeToLeader
2019-06-12 13:44:26,595 INFO  impl.RaftServerImpl (ServerState.java:setLeader(263)) - 2f12874f-5c6e-49ee-a382-210f379e72c8:group-1317D79553DD change Leader from null to 2f12874f-5c6e-49ee-a382-210f379e72c8 at term 1 for becomeLeader, leader elected after 1111ms
2019-06-12 13:44:26,595 INFO  server.RaftServerConfigKeys (ConfUtils.java:logGet(43)) - raft.server.staging.catchup.gap = 1000 (default)
2019-06-12 13:44:26,595 INFO  server.RaftServerConfigKeys (ConfUtils.java:logGet(43)) - raft.server.rpc.sleep.time = 25ms (default)
2019-06-12 13:44:26,595 INFO  server.RaftServerConfigKeys (ConfUtils.java:logGet(43)) - raft.server.watch.timeout = 10s (default)
2019-06-12 13:44:26,598 INFO  server.RaftServerConfigKeys (ConfUtils.java:logGet(43)) - raft.server.watch.timeout.denomination = 1s (default)
2019-06-12 13:44:26,598 INFO  server.RaftServerConfigKeys (ConfUtils.java:logGet(43)) - raft.server.log.appender.snapshot.chunk.size.max = 16MB (=16777216) (default)
2019-06-12 13:44:26,598 INFO  server.RaftServerConfigKeys (ConfUtils.java:logGet(43)) - raft.server.log.appender.buffer.byte-limit = 33554432 (custom)
2019-06-12 13:44:26,598 INFO  server.RaftServerConfigKeys (ConfUtils.java:logGet(43)) - raft.server.log.appender.buffer.element-limit = 1 (custom)
2019-06-12 13:44:26,598 INFO  impl.LeaderElection (LeaderElection.java:logAndReturn(56)) - 344f01c1-3d81-4d42-ad7d-483e8f9e385e:group-1317D79553DD:LeaderElection16: Election REJECTED; received 2 response(s) [344f01c1-3d81-4d42-ad7d-483e8f9e385e->2f12874f-5c6e-49ee-a382-210f379e72c8,false-t1, 344f01c1-3d81-4d42-ad7d-483e8f9e385e->a8ad4b56-8c11-4031-99d5-b3a90554f189,false-t1] and 0 exception(s); 344f01c1-3d81-4d42-ad7d-483e8f9e385e:t1, leader=null, voted=344f01c1-3d81-4d42-ad7d-483e8f9e385e, raftlog=344f01c1-3d81-4d42-ad7d-483e8f9e385e-SegmentedRaftLog:OPENED:c-1,f-1,i0, conf=-1: [2f12874f-5c6e-49ee-a382-210f379e72c8:192.168.19.46:40059, a8ad4b56-8c11-4031-99d5-b3a90554f189:192.168.19.46:34453, 344f01c1-3d81-4d42-ad7d-483e8f9e385e:192.168.19.46:38963], old=null
2019-06-12 13:44:26,598 INFO  grpc.GrpcConfigKeys$Server (ConfUtils.java:logGet(43)) - raft.grpc.server.leader.outstanding.appends.max = 128 (default)
2019-06-12 13:44:26,599 INFO  impl.RaftServerImpl (RaftServerImpl.java:setRole(164)) - 344f01c1-3d81-4d42-ad7d-483e8f9e385e:group-1317D79553DD changes role from CANDIDATE to FOLLOWER at term 1 for DISCOVERED_A_NEW_TERM
2019-06-12 13:44:26,601 INFO  server.RaftServerConfigKeys (ConfUtils.java:logGet(43)) - raft.server.rpc.request.timeout = 3000ms (default)
2019-06-12 13:44:26,601 INFO  impl.RoleInfo (RoleInfo.java:shutdownLeaderElection(134)) - 344f01c1-3d81-4d42-ad7d-483e8f9e385e: shutdown LeaderElection
2019-06-12 13:44:26,601 INFO  server.RaftServerConfigKeys (ConfUtils.java:logGet(43)) - raft.server.log.appender.install.snapshot.enabled = true (default)
2019-06-12 13:44:26,601 INFO  impl.RoleInfo (RoleInfo.java:updateAndGet(143)) - 344f01c1-3d81-4d42-ad7d-483e8f9e385e: start FollowerState
2019-06-12 13:44:26,601 INFO  server.RaftServerConfigKeys (ConfUtils.java:logGet(43)) - raft.server.log.appender.snapshot.chunk.size.max = 16MB (=16777216) (default)
2019-06-12 13:44:26,601 INFO  server.RaftServerConfigKeys (ConfUtils.java:logGet(43)) - raft.server.log.appender.buffer.byte-limit = 33554432 (custom)
2019-06-12 13:44:26,601 INFO  server.RaftServerConfigKeys (ConfUtils.java:logGet(43)) - raft.server.log.appender.buffer.element-limit = 1 (custom)
2019-06-12 13:44:26,602 INFO  grpc.GrpcConfigKeys$Server (ConfUtils.java:logGet(43)) - raft.grpc.server.leader.outstanding.appends.max = 128 (default)
2019-06-12 13:44:26,602 INFO  server.RaftServerConfigKeys (ConfUtils.java:logGet(43)) - raft.server.rpc.request.timeout = 3000ms (default)
2019-06-12 13:44:26,602 INFO  server.RaftServerConfigKeys (ConfUtils.java:logGet(43)) - raft.server.log.appender.install.snapshot.enabled = true (default)
2019-06-12 13:44:26,602 INFO  impl.RoleInfo (RoleInfo.java:updateAndGet(143)) - 2f12874f-5c6e-49ee-a382-210f379e72c8: start LeaderState
2019-06-12 13:44:26,602 INFO  storage.RaftLogWorker (RaftLogWorker.java:startLogSegment(298)) - 2f12874f-5c6e-49ee-a382-210f379e72c8-RaftLogWorker: Starting segment from index:0
2019-06-12 13:44:26,602 INFO  impl.RaftServerImpl (ServerState.java:setRaftConf(361)) - 2f12874f-5c6e-49ee-a382-210f379e72c8:group-1317D79553DD set configuration 0: [2f12874f-5c6e-49ee-a382-210f379e72c8:192.168.19.46:40059, a8ad4b56-8c11-4031-99d5-b3a90554f189:192.168.19.46:34453, 344f01c1-3d81-4d42-ad7d-483e8f9e385e:192.168.19.46:38963], old=null at 0
2019-06-12 13:44:26,605 INFO  impl.RaftServerImpl (ServerState.java:setLeader(263)) - 344f01c1-3d81-4d42-ad7d-483e8f9e385e:group-1317D79553DD change Leader from null to 2f12874f-5c6e-49ee-a382-210f379e72c8 at term 1 for appendEntries, leader elected after 1121ms
2019-06-12 13:44:26,606 INFO  impl.RaftServerImpl (ServerState.java:setLeader(263)) - a8ad4b56-8c11-4031-99d5-b3a90554f189:group-1317D79553DD change Leader from null to 2f12874f-5c6e-49ee-a382-210f379e72c8 at term 1 for appendEntries, leader elected after 1122ms
2019-06-12 13:44:26,612 INFO  impl.RaftServerImpl (ServerState.java:setRaftConf(361)) - 344f01c1-3d81-4d42-ad7d-483e8f9e385e:group-1317D79553DD set configuration 0: [2f12874f-5c6e-49ee-a382-210f379e72c8:192.168.19.46:40059, a8ad4b56-8c11-4031-99d5-b3a90554f189:192.168.19.46:34453, 344f01c1-3d81-4d42-ad7d-483e8f9e385e:192.168.19.46:38963], old=null at 0
2019-06-12 13:44:26,612 INFO  storage.RaftLogWorker (RaftLogWorker.java:startLogSegment(298)) - 344f01c1-3d81-4d42-ad7d-483e8f9e385e-RaftLogWorker: Starting segment from index:0
2019-06-12 13:44:26,612 INFO  impl.RaftServerImpl (ServerState.java:setRaftConf(361)) - a8ad4b56-8c11-4031-99d5-b3a90554f189:group-1317D79553DD set configuration 0: [2f12874f-5c6e-49ee-a382-210f379e72c8:192.168.19.46:40059, a8ad4b56-8c11-4031-99d5-b3a90554f189:192.168.19.46:34453, 344f01c1-3d81-4d42-ad7d-483e8f9e385e:192.168.19.46:38963], old=null at 0
2019-06-12 13:44:26,613 INFO  storage.RaftLogWorker (RaftLogWorker.java:startLogSegment(298)) - a8ad4b56-8c11-4031-99d5-b3a90554f189-RaftLogWorker: Starting segment from index:0
2019-06-12 13:44:26,645 INFO  storage.RaftLogWorker (RaftLogWorker.java:execute(469)) - 2f12874f-5c6e-49ee-a382-210f379e72c8-RaftLogWorker: created new log segment /opt/src/hadoop-ozone/integration-test/target/test-dir/MiniOzoneClusterImpl-6fb9c846-b10d-4e9b-9667-68825cdc56ab/datanode-0/data/ratis/ae734815-9a74-4f78-8de4-1317d79553dd/current/log_inprogress_0
2019-06-12 13:44:26,655 INFO  storage.RaftLogWorker (RaftLogWorker.java:execute(469)) - 344f01c1-3d81-4d42-ad7d-483e8f9e385e-RaftLogWorker: created new log segment /opt/src/hadoop-ozone/integration-test/target/test-dir/MiniOzoneClusterImpl-6fb9c846-b10d-4e9b-9667-68825cdc56ab/datanode-1/data/ratis/ae734815-9a74-4f78-8de4-1317d79553dd/current/log_inprogress_0
2019-06-12 13:44:26,658 INFO  storage.RaftLogWorker (RaftLogWorker.java:execute(469)) - a8ad4b56-8c11-4031-99d5-b3a90554f189-RaftLogWorker: created new log segment /opt/src/hadoop-ozone/integration-test/target/test-dir/MiniOzoneClusterImpl-6fb9c846-b10d-4e9b-9667-68825cdc56ab/datanode-2/data/ratis/ae734815-9a74-4f78-8de4-1317d79553dd/current/log_inprogress_0
2019-06-12 13:44:26,670 INFO  impl.FollowerState (FollowerState.java:run(101)) - 75e527e4-4e60-4b13-96f6-184a34f1241e:group-73B37D18AC1A changes to CANDIDATE, lastRpcTime:1054, electionTimeout:1053ms
2019-06-12 13:44:26,670 INFO  impl.RoleInfo (RoleInfo.java:shutdownFollowerState(121)) - 75e527e4-4e60-4b13-96f6-184a34f1241e: shutdown FollowerState
2019-06-12 13:44:26,670 INFO  impl.RaftServerImpl (RaftServerImpl.java:setRole(164)) - 75e527e4-4e60-4b13-96f6-184a34f1241e:group-73B37D18AC1A changes role from FOLLOWER to CANDIDATE at term 0 for changeToCandidate
2019-06-12 13:44:26,670 INFO  impl.RoleInfo (RoleInfo.java:updateAndGet(143)) - 75e527e4-4e60-4b13-96f6-184a34f1241e: start LeaderElection
2019-06-12 13:44:26,675 INFO  impl.LeaderElection (LeaderElection.java:askForVotes(181)) - 75e527e4-4e60-4b13-96f6-184a34f1241e:group-73B37D18AC1A:LeaderElection17: begin an election at term 1 for -1: [75e527e4-4e60-4b13-96f6-184a34f1241e:192.168.19.46:45865], old=null
2019-06-12 13:44:26,675 INFO  impl.RoleInfo (RoleInfo.java:shutdownLeaderElection(134)) - 75e527e4-4e60-4b13-96f6-184a34f1241e: shutdown LeaderElection
2019-06-12 13:44:26,675 INFO  impl.RaftServerImpl (RaftServerImpl.java:setRole(164)) - 75e527e4-4e60-4b13-96f6-184a34f1241e:group-73B37D18AC1A changes role from CANDIDATE to LEADER at term 1 for changeToLeader
2019-06-12 13:44:26,675 INFO  impl.RaftServerImpl (ServerState.java:setLeader(263)) - 75e527e4-4e60-4b13-96f6-184a34f1241e:group-73B37D18AC1A change Leader from null to 75e527e4-4e60-4b13-96f6-184a34f1241e at term 1 for becomeLeader, leader elected after 1062ms
2019-06-12 13:44:26,675 INFO  server.RaftServerConfigKeys (ConfUtils.java:logGet(43)) - raft.server.staging.catchup.gap = 1000 (default)
2019-06-12 13:44:26,676 INFO  server.RaftServerConfigKeys (ConfUtils.java:logGet(43)) - raft.server.rpc.sleep.time = 25ms (default)
2019-06-12 13:44:26,676 INFO  server.RaftServerConfigKeys (ConfUtils.java:logGet(43)) - raft.server.watch.timeout = 10s (default)
2019-06-12 13:44:26,676 INFO  server.RaftServerConfigKeys (ConfUtils.java:logGet(43)) - raft.server.watch.timeout.denomination = 1s (default)
2019-06-12 13:44:26,676 INFO  impl.RoleInfo (RoleInfo.java:updateAndGet(143)) - 75e527e4-4e60-4b13-96f6-184a34f1241e: start LeaderState
2019-06-12 13:44:26,676 INFO  storage.RaftLogWorker (RaftLogWorker.java:startLogSegment(298)) - 75e527e4-4e60-4b13-96f6-184a34f1241e-RaftLogWorker: Starting segment from index:0
2019-06-12 13:44:26,676 INFO  impl.RaftServerImpl (ServerState.java:setRaftConf(361)) - 75e527e4-4e60-4b13-96f6-184a34f1241e:group-73B37D18AC1A set configuration 0: [75e527e4-4e60-4b13-96f6-184a34f1241e:192.168.19.46:45865], old=null at 0
2019-06-12 13:44:26,713 INFO  storage.RaftLogWorker (RaftLogWorker.java:execute(469)) - 75e527e4-4e60-4b13-96f6-184a34f1241e-RaftLogWorker: created new log segment /opt/src/hadoop-ozone/integration-test/target/test-dir/MiniOzoneClusterImpl-6fb9c846-b10d-4e9b-9667-68825cdc56ab/datanode-3/data/ratis/748822f0-948b-4271-9535-73b37d18ac1a/current/log_inprogress_0
2019-06-12 13:44:26,817 INFO  impl.FollowerState (FollowerState.java:run(101)) - fd39c4b3-843a-4ac6-8f2a-1a38d8f2ddac:group-91E920F14BAA changes to CANDIDATE, lastRpcTime:1059, electionTimeout:1059ms
2019-06-12 13:44:26,818 INFO  impl.RoleInfo (RoleInfo.java:shutdownFollowerState(121)) - fd39c4b3-843a-4ac6-8f2a-1a38d8f2ddac: shutdown FollowerState
2019-06-12 13:44:26,818 INFO  impl.RaftServerImpl (RaftServerImpl.java:setRole(164)) - fd39c4b3-843a-4ac6-8f2a-1a38d8f2ddac:group-91E920F14BAA changes role from FOLLOWER to CANDIDATE at term 0 for changeToCandidate
2019-06-12 13:44:26,818 INFO  impl.RoleInfo (RoleInfo.java:updateAndGet(143)) - fd39c4b3-843a-4ac6-8f2a-1a38d8f2ddac: start LeaderElection
2019-06-12 13:44:26,823 INFO  impl.LeaderElection (LeaderElection.java:askForVotes(181)) - fd39c4b3-843a-4ac6-8f2a-1a38d8f2ddac:group-91E920F14BAA:LeaderElection18: begin an election at term 1 for -1: [fd39c4b3-843a-4ac6-8f2a-1a38d8f2ddac:192.168.19.46:33913], old=null
2019-06-12 13:44:26,823 INFO  impl.RoleInfo (RoleInfo.java:shutdownLeaderElection(134)) - fd39c4b3-843a-4ac6-8f2a-1a38d8f2ddac: shutdown LeaderElection
2019-06-12 13:44:26,823 INFO  impl.RaftServerImpl (RaftServerImpl.java:setRole(164)) - fd39c4b3-843a-4ac6-8f2a-1a38d8f2ddac:group-91E920F14BAA changes role from CANDIDATE to LEADER at term 1 for changeToLeader
2019-06-12 13:44:26,823 INFO  impl.RaftServerImpl (ServerState.java:setLeader(263)) - fd39c4b3-843a-4ac6-8f2a-1a38d8f2ddac:group-91E920F14BAA change Leader from null to fd39c4b3-843a-4ac6-8f2a-1a38d8f2ddac at term 1 for becomeLeader, leader elected after 1067ms
2019-06-12 13:44:26,824 INFO  server.RaftServerConfigKeys (ConfUtils.java:logGet(43)) - raft.server.staging.catchup.gap = 1000 (default)
2019-06-12 13:44:26,824 INFO  server.RaftServerConfigKeys (ConfUtils.java:logGet(43)) - raft.server.rpc.sleep.time = 25ms (default)
2019-06-12 13:44:26,824 INFO  server.RaftServerConfigKeys (ConfUtils.java:logGet(43)) - raft.server.watch.timeout = 10s (default)
2019-06-12 13:44:26,824 INFO  server.RaftServerConfigKeys (ConfUtils.java:logGet(43)) - raft.server.watch.timeout.denomination = 1s (default)
2019-06-12 13:44:26,824 INFO  impl.RoleInfo (RoleInfo.java:updateAndGet(143)) - fd39c4b3-843a-4ac6-8f2a-1a38d8f2ddac: start LeaderState
2019-06-12 13:44:26,824 INFO  storage.RaftLogWorker (RaftLogWorker.java:startLogSegment(298)) - fd39c4b3-843a-4ac6-8f2a-1a38d8f2ddac-RaftLogWorker: Starting segment from index:0
2019-06-12 13:44:26,824 INFO  impl.RaftServerImpl (ServerState.java:setRaftConf(361)) - fd39c4b3-843a-4ac6-8f2a-1a38d8f2ddac:group-91E920F14BAA set configuration 0: [fd39c4b3-843a-4ac6-8f2a-1a38d8f2ddac:192.168.19.46:33913], old=null at 0
2019-06-12 13:44:26,861 INFO  storage.RaftLogWorker (RaftLogWorker.java:execute(469)) - fd39c4b3-843a-4ac6-8f2a-1a38d8f2ddac-RaftLogWorker: created new log segment /opt/src/hadoop-ozone/integration-test/target/test-dir/MiniOzoneClusterImpl-6fb9c846-b10d-4e9b-9667-68825cdc56ab/datanode-4/data/ratis/1d96dadc-5f5c-4c1d-941d-91e920f14baa/current/log_inprogress_0
2019-06-12 13:44:27,011 INFO  impl.FollowerState (FollowerState.java:run(101)) - fd39c4b3-843a-4ac6-8f2a-1a38d8f2ddac:group-8AF604A0F3CF changes to CANDIDATE, lastRpcTime:1062, electionTimeout:1062ms
2019-06-12 13:44:27,011 INFO  impl.RoleInfo (RoleInfo.java:shutdownFollowerState(121)) - fd39c4b3-843a-4ac6-8f2a-1a38d8f2ddac: shutdown FollowerState
2019-06-12 13:44:27,011 INFO  impl.RaftServerImpl (RaftServerImpl.java:setRole(164)) - fd39c4b3-843a-4ac6-8f2a-1a38d8f2ddac:group-8AF604A0F3CF changes role from FOLLOWER to CANDIDATE at term 0 for changeToCandidate
2019-06-12 13:44:27,011 INFO  impl.RoleInfo (RoleInfo.java:updateAndGet(143)) - fd39c4b3-843a-4ac6-8f2a-1a38d8f2ddac: start LeaderElection
2019-06-12 13:44:27,016 INFO  impl.LeaderElection (LeaderElection.java:askForVotes(181)) - fd39c4b3-843a-4ac6-8f2a-1a38d8f2ddac:group-8AF604A0F3CF:LeaderElection19: begin an election at term 1 for -1: [1023bb9f-4671-4726-aa58-a5ed55fe6403:192.168.19.46:37101, 75e527e4-4e60-4b13-96f6-184a34f1241e:192.168.19.46:45865, fd39c4b3-843a-4ac6-8f2a-1a38d8f2ddac:192.168.19.46:33913], old=null
2019-06-12 13:44:27,023 INFO  impl.RaftServerImpl (RaftServerImpl.java:setRole(164)) - 1023bb9f-4671-4726-aa58-a5ed55fe6403:group-8AF604A0F3CF changes role from FOLLOWER to FOLLOWER at term 1 for recognizeCandidate:fd39c4b3-843a-4ac6-8f2a-1a38d8f2ddac
2019-06-12 13:44:27,023 INFO  impl.RaftServerImpl (RaftServerImpl.java:setRole(164)) - 75e527e4-4e60-4b13-96f6-184a34f1241e:group-8AF604A0F3CF changes role from FOLLOWER to FOLLOWER at term 1 for recognizeCandidate:fd39c4b3-843a-4ac6-8f2a-1a38d8f2ddac
2019-06-12 13:44:27,024 INFO  impl.RoleInfo (RoleInfo.java:shutdownFollowerState(121)) - 75e527e4-4e60-4b13-96f6-184a34f1241e: shutdown FollowerState
2019-06-12 13:44:27,024 INFO  impl.RoleInfo (RoleInfo.java:shutdownFollowerState(121)) - 1023bb9f-4671-4726-aa58-a5ed55fe6403: shutdown FollowerState
2019-06-12 13:44:27,024 INFO  impl.RoleInfo (RoleInfo.java:updateAndGet(143)) - 75e527e4-4e60-4b13-96f6-184a34f1241e: start FollowerState
2019-06-12 13:44:27,024 INFO  impl.FollowerState (FollowerState.java:run(109)) - 75e527e4-4e60-4b13-96f6-184a34f1241e: FollowerState was interrupted: java.lang.InterruptedException: sleep interrupted
2019-06-12 13:44:27,024 INFO  impl.FollowerState (FollowerState.java:run(109)) - 1023bb9f-4671-4726-aa58-a5ed55fe6403: FollowerState was interrupted: java.lang.InterruptedException: sleep interrupted
2019-06-12 13:44:27,024 INFO  impl.RoleInfo (RoleInfo.java:updateAndGet(143)) - 1023bb9f-4671-4726-aa58-a5ed55fe6403: start FollowerState
2019-06-12 13:44:27,027 INFO  impl.LeaderElection (LeaderElection.java:logAndReturn(56)) - fd39c4b3-843a-4ac6-8f2a-1a38d8f2ddac:group-8AF604A0F3CF:LeaderElection19: Election PASSED; received 1 response(s) [fd39c4b3-843a-4ac6-8f2a-1a38d8f2ddac->1023bb9f-4671-4726-aa58-a5ed55fe6403,true-t1] and 0 exception(s); fd39c4b3-843a-4ac6-8f2a-1a38d8f2ddac:t1, leader=null, voted=fd39c4b3-843a-4ac6-8f2a-1a38d8f2ddac, raftlog=fd39c4b3-843a-4ac6-8f2a-1a38d8f2ddac-SegmentedRaftLog:OPENED:c-1,f-1,i0, conf=-1: [1023bb9f-4671-4726-aa58-a5ed55fe6403:192.168.19.46:37101, 75e527e4-4e60-4b13-96f6-184a34f1241e:192.168.19.46:45865, fd39c4b3-843a-4ac6-8f2a-1a38d8f2ddac:192.168.19.46:33913], old=null
2019-06-12 13:44:27,027 INFO  impl.RoleInfo (RoleInfo.java:shutdownLeaderElection(134)) - fd39c4b3-843a-4ac6-8f2a-1a38d8f2ddac: shutdown LeaderElection
2019-06-12 13:44:27,028 INFO  impl.RaftServerImpl (RaftServerImpl.java:setRole(164)) - fd39c4b3-843a-4ac6-8f2a-1a38d8f2ddac:group-8AF604A0F3CF changes role from CANDIDATE to LEADER at term 1 for changeToLeader
2019-06-12 13:44:27,028 INFO  impl.RaftServerImpl (ServerState.java:setLeader(263)) - fd39c4b3-843a-4ac6-8f2a-1a38d8f2ddac:group-8AF604A0F3CF change Leader from null to fd39c4b3-843a-4ac6-8f2a-1a38d8f2ddac at term 1 for becomeLeader, leader elected after 1082ms
2019-06-12 13:44:27,028 INFO  server.RaftServerConfigKeys (ConfUtils.java:logGet(43)) - raft.server.staging.catchup.gap = 1000 (default)
2019-06-12 13:44:27,028 INFO  server.RaftServerConfigKeys (ConfUtils.java:logGet(43)) - raft.server.rpc.sleep.time = 25ms (default)
2019-06-12 13:44:27,028 INFO  server.RaftServerConfigKeys (ConfUtils.java:logGet(43)) - raft.server.watch.timeout = 10s (default)
2019-06-12 13:44:27,028 INFO  server.RaftServerConfigKeys (ConfUtils.java:logGet(43)) - raft.server.watch.timeout.denomination = 1s (default)
2019-06-12 13:44:27,028 INFO  server.RaftServerConfigKeys (ConfUtils.java:logGet(43)) - raft.server.log.appender.snapshot.chunk.size.max = 16MB (=16777216) (default)
2019-06-12 13:44:27,028 INFO  server.RaftServerConfigKeys (ConfUtils.java:logGet(43)) - raft.server.log.appender.buffer.byte-limit = 33554432 (custom)
2019-06-12 13:44:27,028 INFO  server.RaftServerConfigKeys (ConfUtils.java:logGet(43)) - raft.server.log.appender.buffer.element-limit = 1 (custom)
2019-06-12 13:44:27,029 INFO  grpc.GrpcConfigKeys$Server (ConfUtils.java:logGet(43)) - raft.grpc.server.leader.outstanding.appends.max = 128 (default)
2019-06-12 13:44:27,029 INFO  server.RaftServerConfigKeys (ConfUtils.java:logGet(43)) - raft.server.rpc.request.timeout = 3000ms (default)
2019-06-12 13:44:27,029 INFO  server.RaftServerConfigKeys (ConfUtils.java:logGet(43)) - raft.server.log.appender.install.snapshot.enabled = true (default)
2019-06-12 13:44:27,029 INFO  server.RaftServerConfigKeys (ConfUtils.java:logGet(43)) - raft.server.log.appender.snapshot.chunk.size.max = 16MB (=16777216) (default)
2019-06-12 13:44:27,029 INFO  server.RaftServerConfigKeys (ConfUtils.java:logGet(43)) - raft.server.log.appender.buffer.byte-limit = 33554432 (custom)
2019-06-12 13:44:27,029 INFO  server.RaftServerConfigKeys (ConfUtils.java:logGet(43)) - raft.server.log.appender.buffer.element-limit = 1 (custom)
2019-06-12 13:44:27,029 INFO  grpc.GrpcConfigKeys$Server (ConfUtils.java:logGet(43)) - raft.grpc.server.leader.outstanding.appends.max = 128 (default)
2019-06-12 13:44:27,029 INFO  server.RaftServerConfigKeys (ConfUtils.java:logGet(43)) - raft.server.rpc.request.timeout = 3000ms (default)
2019-06-12 13:44:27,029 INFO  server.RaftServerConfigKeys (ConfUtils.java:logGet(43)) - raft.server.log.appender.install.snapshot.enabled = true (default)
2019-06-12 13:44:27,029 INFO  impl.RoleInfo (RoleInfo.java:updateAndGet(143)) - fd39c4b3-843a-4ac6-8f2a-1a38d8f2ddac: start LeaderState
2019-06-12 13:44:27,030 INFO  storage.RaftLogWorker (RaftLogWorker.java:startLogSegment(298)) - fd39c4b3-843a-4ac6-8f2a-1a38d8f2ddac-RaftLogWorker: Starting segment from index:0
2019-06-12 13:44:27,035 INFO  impl.RaftServerImpl (ServerState.java:setLeader(263)) - 1023bb9f-4671-4726-aa58-a5ed55fe6403:group-8AF604A0F3CF change Leader from null to fd39c4b3-843a-4ac6-8f2a-1a38d8f2ddac at term 1 for appendEntries, leader elected after 1087ms
2019-06-12 13:44:27,049 INFO  impl.FollowerState (FollowerState.java:run(101)) - 1023bb9f-4671-4726-aa58-a5ed55fe6403:group-BA90B051D276 changes to CANDIDATE, lastRpcTime:1123, electionTimeout:1117ms
2019-06-12 13:44:27,049 INFO  impl.RoleInfo (RoleInfo.java:shutdownFollowerState(121)) - 1023bb9f-4671-4726-aa58-a5ed55fe6403: shutdown FollowerState
2019-06-12 13:44:27,049 INFO  impl.RaftServerImpl (RaftServerImpl.java:setRole(164)) - 1023bb9f-4671-4726-aa58-a5ed55fe6403:group-BA90B051D276 changes role from FOLLOWER to CANDIDATE at term 0 for changeToCandidate
2019-06-12 13:44:27,049 INFO  impl.RoleInfo (RoleInfo.java:updateAndGet(143)) - 1023bb9f-4671-4726-aa58-a5ed55fe6403: start LeaderElection
2019-06-12 13:44:27,068 INFO  impl.RaftServerImpl (ServerState.java:setRaftConf(361)) - fd39c4b3-843a-4ac6-8f2a-1a38d8f2ddac:group-8AF604A0F3CF set configuration 0: [1023bb9f-4671-4726-aa58-a5ed55fe6403:192.168.19.46:37101, 75e527e4-4e60-4b13-96f6-184a34f1241e:192.168.19.46:45865, fd39c4b3-843a-4ac6-8f2a-1a38d8f2ddac:192.168.19.46:33913], old=null at 0
2019-06-12 13:44:27,068 INFO  impl.RaftServerImpl (ServerState.java:setLeader(263)) - 75e527e4-4e60-4b13-96f6-184a34f1241e:group-8AF604A0F3CF change Leader from null to fd39c4b3-843a-4ac6-8f2a-1a38d8f2ddac at term 1 for appendEntries, leader elected after 1120ms
2019-06-12 13:44:27,072 INFO  impl.LeaderElection (LeaderElection.java:askForVotes(181)) - 1023bb9f-4671-4726-aa58-a5ed55fe6403:group-BA90B051D276:LeaderElection20: begin an election at term 1 for -1: [1023bb9f-4671-4726-aa58-a5ed55fe6403:192.168.19.46:37101], old=null
2019-06-12 13:44:27,072 INFO  impl.RoleInfo (RoleInfo.java:shutdownLeaderElection(134)) - 1023bb9f-4671-4726-aa58-a5ed55fe6403: shutdown LeaderElection
2019-06-12 13:44:27,072 INFO  impl.RaftServerImpl (RaftServerImpl.java:setRole(164)) - 1023bb9f-4671-4726-aa58-a5ed55fe6403:group-BA90B051D276 changes role from CANDIDATE to LEADER at term 1 for changeToLeader
2019-06-12 13:44:27,072 INFO  storage.RaftLogWorker (RaftLogWorker.java:execute(469)) - fd39c4b3-843a-4ac6-8f2a-1a38d8f2ddac-RaftLogWorker: created new log segment /opt/src/hadoop-ozone/integration-test/target/test-dir/MiniOzoneClusterImpl-6fb9c846-b10d-4e9b-9667-68825cdc56ab/datanode-4/data/ratis/1f23a04a-a8e3-4714-b6e1-8af604a0f3cf/current/log_inprogress_0
2019-06-12 13:44:27,072 INFO  impl.RaftServerImpl (ServerState.java:setLeader(263)) - 1023bb9f-4671-4726-aa58-a5ed55fe6403:group-BA90B051D276 change Leader from null to 1023bb9f-4671-4726-aa58-a5ed55fe6403 at term 1 for becomeLeader, leader elected after 1149ms
2019-06-12 13:44:27,072 INFO  server.RaftServerConfigKeys (ConfUtils.java:logGet(43)) - raft.server.staging.catchup.gap = 1000 (default)
2019-06-12 13:44:27,072 INFO  server.RaftServerConfigKeys (ConfUtils.java:logGet(43)) - raft.server.rpc.sleep.time = 25ms (default)
2019-06-12 13:44:27,073 INFO  server.RaftServerConfigKeys (ConfUtils.java:logGet(43)) - raft.server.watch.timeout = 10s (default)
2019-06-12 13:44:27,073 INFO  server.RaftServerConfigKeys (ConfUtils.java:logGet(43)) - raft.server.watch.timeout.denomination = 1s (default)
2019-06-12 13:44:27,073 INFO  impl.RoleInfo (RoleInfo.java:updateAndGet(143)) - 1023bb9f-4671-4726-aa58-a5ed55fe6403: start LeaderState
2019-06-12 13:44:27,073 INFO  storage.RaftLogWorker (RaftLogWorker.java:startLogSegment(298)) - 1023bb9f-4671-4726-aa58-a5ed55fe6403-RaftLogWorker: Starting segment from index:0
2019-06-12 13:44:27,074 INFO  impl.RaftServerImpl (ServerState.java:setRaftConf(361)) - 75e527e4-4e60-4b13-96f6-184a34f1241e:group-8AF604A0F3CF set configuration 0: [1023bb9f-4671-4726-aa58-a5ed55fe6403:192.168.19.46:37101, 75e527e4-4e60-4b13-96f6-184a34f1241e:192.168.19.46:45865, fd39c4b3-843a-4ac6-8f2a-1a38d8f2ddac:192.168.19.46:33913], old=null at 0
2019-06-12 13:44:27,074 INFO  impl.RaftServerImpl (ServerState.java:setRaftConf(361)) - 1023bb9f-4671-4726-aa58-a5ed55fe6403:group-8AF604A0F3CF set configuration 0: [1023bb9f-4671-4726-aa58-a5ed55fe6403:192.168.19.46:37101, 75e527e4-4e60-4b13-96f6-184a34f1241e:192.168.19.46:45865, fd39c4b3-843a-4ac6-8f2a-1a38d8f2ddac:192.168.19.46:33913], old=null at 0
2019-06-12 13:44:27,074 INFO  storage.RaftLogWorker (RaftLogWorker.java:startLogSegment(298)) - 1023bb9f-4671-4726-aa58-a5ed55fe6403-RaftLogWorker: Starting segment from index:0
2019-06-12 13:44:27,074 INFO  storage.RaftLogWorker (RaftLogWorker.java:startLogSegment(298)) - 75e527e4-4e60-4b13-96f6-184a34f1241e-RaftLogWorker: Starting segment from index:0
2019-06-12 13:44:27,078 INFO  impl.RaftServerImpl (ServerState.java:setRaftConf(361)) - 1023bb9f-4671-4726-aa58-a5ed55fe6403:group-BA90B051D276 set configuration 0: [1023bb9f-4671-4726-aa58-a5ed55fe6403:192.168.19.46:37101], old=null at 0
2019-06-12 13:44:27,103 INFO  ozone.MiniOzoneClusterImpl (MiniOzoneClusterImpl.java:lambda$waitForClusterToBeReady$0(142)) - Cluster is ready. Got 7 of 7 DN Heartbeats.
2019-06-12 13:44:27,131 INFO  impl.FollowerState (FollowerState.java:run(101)) - f6261474-e4a7-4eef-8ac5-8ff57e0e952d:group-96934414E470 changes to CANDIDATE, lastRpcTime:1010, electionTimeout:1010ms
2019-06-12 13:44:27,131 INFO  impl.RoleInfo (RoleInfo.java:shutdownFollowerState(121)) - f6261474-e4a7-4eef-8ac5-8ff57e0e952d: shutdown FollowerState
2019-06-12 13:44:27,131 INFO  impl.RaftServerImpl (RaftServerImpl.java:setRole(164)) - f6261474-e4a7-4eef-8ac5-8ff57e0e952d:group-96934414E470 changes role from FOLLOWER to CANDIDATE at term 0 for changeToCandidate
2019-06-12 13:44:27,131 INFO  impl.RoleInfo (RoleInfo.java:updateAndGet(143)) - f6261474-e4a7-4eef-8ac5-8ff57e0e952d: start LeaderElection
2019-06-12 13:44:27,133 INFO  storage.RaftLogWorker (RaftLogWorker.java:execute(469)) - 1023bb9f-4671-4726-aa58-a5ed55fe6403-RaftLogWorker: created new log segment /opt/src/hadoop-ozone/integration-test/target/test-dir/MiniOzoneClusterImpl-6fb9c846-b10d-4e9b-9667-68825cdc56ab/datanode-5/data/ratis/1f23a04a-a8e3-4714-b6e1-8af604a0f3cf/current/log_inprogress_0
2019-06-12 13:44:27,133 INFO  storage.RaftLogWorker (RaftLogWorker.java:execute(469)) - 1023bb9f-4671-4726-aa58-a5ed55fe6403-RaftLogWorker: created new log segment /opt/src/hadoop-ozone/integration-test/target/test-dir/MiniOzoneClusterImpl-6fb9c846-b10d-4e9b-9667-68825cdc56ab/datanode-5/data/ratis/dd0a34b9-374b-4da2-a711-ba90b051d276/current/log_inprogress_0
2019-06-12 13:44:27,133 INFO  storage.RaftLogWorker (RaftLogWorker.java:execute(469)) - 75e527e4-4e60-4b13-96f6-184a34f1241e-RaftLogWorker: created new log segment /opt/src/hadoop-ozone/integration-test/target/test-dir/MiniOzoneClusterImpl-6fb9c846-b10d-4e9b-9667-68825cdc56ab/datanode-3/data/ratis/1f23a04a-a8e3-4714-b6e1-8af604a0f3cf/current/log_inprogress_0
2019-06-12 13:44:27,136 INFO  impl.LeaderElection (LeaderElection.java:askForVotes(181)) - f6261474-e4a7-4eef-8ac5-8ff57e0e952d:group-96934414E470:LeaderElection21: begin an election at term 1 for -1: [f6261474-e4a7-4eef-8ac5-8ff57e0e952d:192.168.19.46:34065], old=null
2019-06-12 13:44:27,137 INFO  impl.RoleInfo (RoleInfo.java:shutdownLeaderElection(134)) - f6261474-e4a7-4eef-8ac5-8ff57e0e952d: shutdown LeaderElection
2019-06-12 13:44:27,137 INFO  impl.RaftServerImpl (RaftServerImpl.java:setRole(164)) - f6261474-e4a7-4eef-8ac5-8ff57e0e952d:group-96934414E470 changes role from CANDIDATE to LEADER at term 1 for changeToLeader
2019-06-12 13:44:27,137 INFO  impl.RaftServerImpl (ServerState.java:setLeader(263)) - f6261474-e4a7-4eef-8ac5-8ff57e0e952d:group-96934414E470 change Leader from null to f6261474-e4a7-4eef-8ac5-8ff57e0e952d at term 1 for becomeLeader, leader elected after 1019ms
2019-06-12 13:44:27,137 INFO  server.RaftServerConfigKeys (ConfUtils.java:logGet(43)) - raft.server.staging.catchup.gap = 1000 (default)
2019-06-12 13:44:27,137 INFO  server.RaftServerConfigKeys (ConfUtils.java:logGet(43)) - raft.server.rpc.sleep.time = 25ms (default)
2019-06-12 13:44:27,137 INFO  server.RaftServerConfigKeys (ConfUtils.java:logGet(43)) - raft.server.watch.timeout = 10s (default)
2019-06-12 13:44:27,137 INFO  server.RaftServerConfigKeys (ConfUtils.java:logGet(43)) - raft.server.watch.timeout.denomination = 1s (default)
2019-06-12 13:44:27,137 INFO  impl.RoleInfo (RoleInfo.java:updateAndGet(143)) - f6261474-e4a7-4eef-8ac5-8ff57e0e952d: start LeaderState
2019-06-12 13:44:27,137 INFO  storage.RaftLogWorker (RaftLogWorker.java:startLogSegment(298)) - f6261474-e4a7-4eef-8ac5-8ff57e0e952d-RaftLogWorker: Starting segment from index:0
2019-06-12 13:44:27,141 INFO  impl.RaftServerImpl (ServerState.java:setRaftConf(361)) - f6261474-e4a7-4eef-8ac5-8ff57e0e952d:group-96934414E470 set configuration 0: [f6261474-e4a7-4eef-8ac5-8ff57e0e952d:192.168.19.46:34065], old=null at 0
2019-06-12 13:44:27,180 INFO  storage.RaftLogWorker (RaftLogWorker.java:execute(469)) - f6261474-e4a7-4eef-8ac5-8ff57e0e952d-RaftLogWorker: created new log segment /opt/src/hadoop-ozone/integration-test/target/test-dir/MiniOzoneClusterImpl-6fb9c846-b10d-4e9b-9667-68825cdc56ab/datanode-6/data/ratis/476191b3-e841-4485-9584-96934414e470/current/log_inprogress_0
2019-06-12 13:44:27,187 INFO  rpc.RpcClient (RpcClient.java:createVolume(289)) - Creating Volume: testblockoutputstreamwithretries, with root as owner.
2019-06-12 13:44:27,196 INFO  rpc.RpcClient (RpcClient.java:createBucket(426)) - Creating Bucket: testblockoutputstreamwithretries/testblockoutputstreamwithretries, with Versioning false and Storage Type set to DISK and Encryption set to false 
2019-06-12 13:44:27,262 INFO  client.GrpcClientProtocolClient (GrpcClientProtocolClient.java:onNext(254)) - client-9840FBF225A2->2f12874f-5c6e-49ee-a382-210f379e72c8: receive RaftClientReply:client-9840FBF225A2->2f12874f-5c6e-49ee-a382-210f379e72c8@group-1317D79553DD, cid=42, SUCCESS, logIndex=1, commits[2f12874f-5c6e-49ee-a382-210f379e72c8:c2, a8ad4b56-8c11-4031-99d5-b3a90554f189:c1, 344f01c1-3d81-4d42-ad7d-483e8f9e385e:c1]
2019-06-12 13:44:27,304 INFO  client.GrpcClientProtocolClient (GrpcClientProtocolClient.java:onNext(254)) - client-9840FBF225A2->2f12874f-5c6e-49ee-a382-210f379e72c8: receive RaftClientReply:client-9840FBF225A2->2f12874f-5c6e-49ee-a382-210f379e72c8@group-1317D79553DD, cid=43, SUCCESS, logIndex=3, commits[2f12874f-5c6e-49ee-a382-210f379e72c8:c4, a8ad4b56-8c11-4031-99d5-b3a90554f189:c3, 344f01c1-3d81-4d42-ad7d-483e8f9e385e:c3]
2019-06-12 13:44:27,344 INFO  client.GrpcClientProtocolClient (GrpcClientProtocolClient.java:onNext(254)) - client-9840FBF225A2->2f12874f-5c6e-49ee-a382-210f379e72c8: receive RaftClientReply:client-9840FBF225A2->2f12874f-5c6e-49ee-a382-210f379e72c8@group-1317D79553DD, cid=44, SUCCESS, logIndex=5, commits[2f12874f-5c6e-49ee-a382-210f379e72c8:c6, a8ad4b56-8c11-4031-99d5-b3a90554f189:c5, 344f01c1-3d81-4d42-ad7d-483e8f9e385e:c5]
2019-06-12 13:44:27,360 INFO  client.GrpcClientProtocolClient (GrpcClientProtocolClient.java:onNext(254)) - client-9840FBF225A2->2f12874f-5c6e-49ee-a382-210f379e72c8: receive RaftClientReply:client-9840FBF225A2->2f12874f-5c6e-49ee-a382-210f379e72c8@group-1317D79553DD, cid=45, FAILED org.apache.ratis.protocol.StateMachineException: java.util.concurrent.CompletionException: java.lang.IllegalArgumentException, logIndex=7, commits[2f12874f-5c6e-49ee-a382-210f379e72c8:c7, a8ad4b56-8c11-4031-99d5-b3a90554f189:c6, 344f01c1-3d81-4d42-ad7d-483e8f9e385e:c6]
2019-06-12 13:44:27,363 INFO  ozone.MiniOzoneClusterImpl (MiniOzoneClusterImpl.java:shutdown(321)) - Shutting down the Mini Ozone Cluster
2019-06-12 13:44:27,363 INFO  ozone.MiniOzoneClusterImpl (MiniOzoneClusterImpl.java:stop(336)) - Stopping the Mini Ozone Cluster
2019-06-12 13:44:27,363 INFO  ozone.MiniOzoneClusterImpl (MiniOzoneClusterImpl.java:stop(338)) - Stopping the OzoneManager
2019-06-12 13:44:27,363 INFO  ipc.Server (Server.java:stop(3082)) - Stopping server on 33895
2019-06-12 13:44:27,372 INFO  ipc.Server (Server.java:run(1185)) - Stopping IPC Server listener on 33895
2019-06-12 13:44:27,380 INFO  utils.BackgroundService (BackgroundService.java:shutdown(148)) - Shutting down service KeyDeletingService
2019-06-12 13:44:27,380 INFO  ipc.Server (Server.java:run(1319)) - Stopping IPC Server Responder
2019-06-12 13:44:27,387 INFO  handler.ContextHandler (ContextHandler.java:doStop(910)) - Stopped o.e.j.w.WebAppContext@316d30ad{/,null,UNAVAILABLE}{/ozoneManager}
2019-06-12 13:44:27,387 INFO  server.AbstractConnector (AbstractConnector.java:doStop(318)) - Stopped ServerConnector@3ea75b05{HTTP/1.1,[http/1.1]}{0.0.0.0:0}
2019-06-12 13:44:27,387 INFO  handler.ContextHandler (ContextHandler.java:doStop(910)) - Stopped o.e.j.s.ServletContextHandler@4ced17f3{/static,file:///opt/src/hadoop-ozone/integration-test/target/test-classes/webapps/static,UNAVAILABLE}
2019-06-12 13:44:27,388 INFO  handler.ContextHandler (ContextHandler.java:doStop(910)) - Stopped o.e.j.s.ServletContextHandler@1231a1be{/logs,file:///opt/src/hadoop-ozone/integration-test/target/log,UNAVAILABLE}
2019-06-12 13:44:27,390 INFO  ozone.MiniOzoneClusterImpl (MiniOzoneClusterImpl.java:stop(344)) - Stopping the StorageContainerManager
2019-06-12 13:44:27,390 INFO  server.StorageContainerManager (StorageContainerManager.java:stop(789)) - Stopping Replication Manager Service.
2019-06-12 13:44:27,390 INFO  container.ReplicationManager (ReplicationManager.java:stop(191)) - Replication Monitor Thread is not running.
2019-06-12 13:44:27,390 INFO  server.StorageContainerManager (StorageContainerManager.java:stop(796)) - Stopping Lease Manager of the command watchers
2019-06-12 13:44:27,390 INFO  server.StorageContainerManager (StorageContainerManager.java:stop(803)) - Stopping datanode service RPC server
2019-06-12 13:44:27,390 INFO  server.SCMDatanodeProtocolServer (SCMDatanodeProtocolServer.java:stop(373)) - Stopping the RPC server for DataNodes
2019-06-12 13:44:27,390 INFO  ipc.Server (Server.java:stop(3082)) - Stopping server on 38551
2019-06-12 13:44:27,392 INFO  ipc.Server (Server.java:run(1185)) - Stopping IPC Server listener on 38551
2019-06-12 13:44:27,392 INFO  ipc.Server (Server.java:run(1319)) - Stopping IPC Server Responder
2019-06-12 13:44:27,392 INFO  server.StorageContainerManager (StorageContainerManager.java:stop(811)) - Stopping block service RPC server
2019-06-12 13:44:27,393 INFO  server.SCMBlockProtocolServer (SCMBlockProtocolServer.java:stop(145)) - Stopping the RPC server for Block Protocol
2019-06-12 13:44:27,393 INFO  ipc.Server (Server.java:stop(3082)) - Stopping server on 35793
2019-06-12 13:44:27,396 INFO  ipc.Server (Server.java:run(1185)) - Stopping IPC Server listener on 35793
2019-06-12 13:44:27,396 INFO  server.StorageContainerManager (StorageContainerManager.java:stop(818)) - Stopping the StorageContainerLocationProtocol RPC server
2019-06-12 13:44:27,396 INFO  server.SCMClientProtocolServer (SCMClientProtocolServer.java:stop(157)) - Stopping the RPC server for Client Protocol
2019-06-12 13:44:27,396 INFO  ipc.Server (Server.java:stop(3082)) - Stopping server on 45453
2019-06-12 13:44:27,396 INFO  ipc.Server (Server.java:run(1319)) - Stopping IPC Server Responder
2019-06-12 13:44:27,399 INFO  ipc.Server (Server.java:run(1185)) - Stopping IPC Server listener on 45453
2019-06-12 13:44:27,399 INFO  server.StorageContainerManager (StorageContainerManager.java:stop(825)) - Stopping Storage Container Manager HTTP server.
2019-06-12 13:44:27,399 INFO  ipc.Server (Server.java:run(1319)) - Stopping IPC Server Responder
2019-06-12 13:44:27,402 INFO  handler.ContextHandler (ContextHandler.java:doStop(910)) - Stopped o.e.j.w.WebAppContext@273dec10{/,null,UNAVAILABLE}{/scm}
2019-06-12 13:44:27,402 INFO  server.AbstractConnector (AbstractConnector.java:doStop(318)) - Stopped ServerConnector@6cceb281{HTTP/1.1,[http/1.1]}{0.0.0.0:0}
2019-06-12 13:44:27,402 INFO  handler.ContextHandler (ContextHandler.java:doStop(910)) - Stopped o.e.j.s.ServletContextHandler@77c23d90{/static,file:///opt/src/hadoop-ozone/integration-test/target/test-classes/webapps/static,UNAVAILABLE}
2019-06-12 13:44:27,403 INFO  handler.ContextHandler (ContextHandler.java:doStop(910)) - Stopped o.e.j.s.ServletContextHandler@3212d853{/logs,file:///opt/src/hadoop-ozone/integration-test/target/log,UNAVAILABLE}
2019-06-12 13:44:27,403 INFO  server.StorageContainerManager (StorageContainerManager.java:stop(836)) - Stopping Block Manager Service.
2019-06-12 13:44:27,403 INFO  utils.BackgroundService (BackgroundService.java:shutdown(148)) - Shutting down service SCMBlockDeletingService
2019-06-12 13:44:27,404 INFO  utils.BackgroundService (BackgroundService.java:shutdown(148)) - Shutting down service SCMBlockDeletingService
2019-06-12 13:44:27,404 INFO  server.StorageContainerManager (StorageContainerManager.java:stop(858)) - Stopping SCM Event Queue.
2019-06-12 13:44:27,410 INFO  ozone.MiniOzoneClusterImpl (MiniOzoneClusterImpl.java:stop(350)) - Shutting the HddsDatanodes
2019-06-12 13:44:27,410 INFO  datanode.ObjectStoreHandler (ObjectStoreHandler.java:close(155)) - Closing ObjectStoreHandler.
2019-06-12 13:44:27,411 INFO  ozone.HddsDatanodeService (HddsDatanodeService.java:stop(452)) - Stopped plug-in org.apache.hadoop.ozone.web.OzoneHddsDatanodeService@60ed0b9d
2019-06-12 13:44:27,411 INFO  statemachine.DatanodeStateMachine (DatanodeStateMachine.java:lambda$startDaemon$0(350)) - Ozone container server started.
2019-06-12 13:44:27,411 INFO  ozoneimpl.OzoneContainer (OzoneContainer.java:stop(199)) - Attempting to stop container services.
2019-06-12 13:44:27,412 INFO  impl.RaftServerProxy (RaftServerProxy.java:lambda$close$4(314)) - 2f12874f-5c6e-49ee-a382-210f379e72c8: close
2019-06-12 13:44:27,412 INFO  impl.RaftServerImpl (RaftServerImpl.java:lambda$shutdown$3(238)) - 2f12874f-5c6e-49ee-a382-210f379e72c8: shutdown group-1317D79553DD
2019-06-12 13:44:27,412 INFO  impl.RaftServerImpl (RaftServerImpl.java:lambda$shutdown$3(238)) - 2f12874f-5c6e-49ee-a382-210f379e72c8: shutdown group-AAAAB0867283
2019-06-12 13:44:27,412 INFO  util.JmxRegister (JmxRegister.java:unregister(73)) - Successfully un-registered JMX Bean with object name Ratis:service=RaftServer,group=group-1317D79553DD,id=2f12874f-5c6e-49ee-a382-210f379e72c8
2019-06-12 13:44:27,412 INFO  util.JmxRegister (JmxRegister.java:unregister(73)) - Successfully un-registered JMX Bean with object name Ratis:service=RaftServer,group=group-AAAAB0867283,id=2f12874f-5c6e-49ee-a382-210f379e72c8
2019-06-12 13:44:27,413 INFO  impl.RoleInfo (RoleInfo.java:shutdownLeaderState(104)) - 2f12874f-5c6e-49ee-a382-210f379e72c8: shutdown LeaderState
2019-06-12 13:44:27,413 WARN  server.GrpcLogAppender (GrpcLogAppender.java:mayWait(142)) - GrpcLogAppender(2f12874f-5c6e-49ee-a382-210f379e72c8 -> a8ad4b56-8c11-4031-99d5-b3a90554f189): Wait interrupted by java.lang.InterruptedException
2019-06-12 13:44:27,413 WARN  server.GrpcLogAppender (GrpcLogAppender.java:mayWait(142)) - GrpcLogAppender(2f12874f-5c6e-49ee-a382-210f379e72c8 -> 344f01c1-3d81-4d42-ad7d-483e8f9e385e): Wait interrupted by java.lang.InterruptedException
2019-06-12 13:44:27,414 INFO  server.GrpcServerProtocolService (GrpcServerProtocolService.java:onCompleted(104)) - a8ad4b56-8c11-4031-99d5-b3a90554f189: appendEntries completed
2019-06-12 13:44:27,414 INFO  server.GrpcServerProtocolService (GrpcServerProtocolService.java:onCompleted(104)) - 344f01c1-3d81-4d42-ad7d-483e8f9e385e: appendEntries completed
2019-06-12 13:44:27,413 INFO  impl.RoleInfo (RoleInfo.java:shutdownLeaderState(104)) - 2f12874f-5c6e-49ee-a382-210f379e72c8: shutdown LeaderState
2019-06-12 13:44:27,413 INFO  impl.PendingRequests (PendingRequests.java:sendNotLeaderResponses(140)) - 2f12874f-5c6e-49ee-a382-210f379e72c8-PendingRequests: sendNotLeaderResponses
2019-06-12 13:44:27,414 INFO  impl.PendingRequests (PendingRequests.java:sendNotLeaderResponses(140)) - 2f12874f-5c6e-49ee-a382-210f379e72c8-PendingRequests: sendNotLeaderResponses
2019-06-12 13:44:27,418 INFO  impl.StateMachineUpdater (StateMachineUpdater.java:stopAndJoin(109)) - StateMachineUpdater-2f12874f-5c6e-49ee-a382-210f379e72c8-group-AAAAB0867283: set stopIndex = 0
2019-06-12 13:44:27,418 INFO  ratis.ContainerStateMachine (ContainerStateMachine.java:takeSnapshot(245)) - Taking snapshot at termIndex:(t:0, i:~)
2019-06-12 13:44:27,418 INFO  server.GrpcLogAppender (GrpcLogAppender.java:onCompleted(277)) - 2f12874f-5c6e-49ee-a382-210f379e72c8: follower 2f12874f-5c6e-49ee-a382-210f379e72c8->a8ad4b56-8c11-4031-99d5-b3a90554f189(c7,m8,n9, attendVote=true, lastRpcSendTime=69, lastRpcResponseTime=64) response Completed
2019-06-12 13:44:27,418 INFO  impl.RaftServerImpl (ServerState.java:close(394)) - 2f12874f-5c6e-49ee-a382-210f379e72c8:group-AAAAB0867283 closes. The last applied log index is 0
2019-06-12 13:44:27,418 INFO  server.GrpcLogAppender (GrpcLogAppender.java:onCompleted(277)) - 2f12874f-5c6e-49ee-a382-210f379e72c8: follower 2f12874f-5c6e-49ee-a382-210f379e72c8->344f01c1-3d81-4d42-ad7d-483e8f9e385e(c7,m8,n9, attendVote=true, lastRpcSendTime=69, lastRpcResponseTime=65) response Completed
2019-06-12 13:44:27,420 INFO  ratis.ContainerStateMachine (ContainerStateMachine.java:takeSnapshot(245)) - Taking snapshot at termIndex:(t:1, i:6)
2019-06-12 13:44:27,420 INFO  ratis.ContainerStateMachine (ContainerStateMachine.java:takeSnapshot(249)) - Taking a snapshot to file /opt/src/hadoop-ozone/integration-test/target/test-dir/MiniOzoneClusterImpl-6fb9c846-b10d-4e9b-9667-68825cdc56ab/datanode-0/data/ratis/ae734815-9a74-4f78-8de4-1317d79553dd/sm/snapshot.1_6
2019-06-12 13:44:27,420 INFO  impl.FollowerInfo (FollowerInfo.java:lambda$new$0(50)) - 2f12874f-5c6e-49ee-a382-210f379e72c8->a8ad4b56-8c11-4031-99d5-b3a90554f189: nextIndex: updateUnconditionally 9 -> 0
2019-06-12 13:44:27,420 INFO  impl.StateMachineUpdater (StateMachineUpdater.java:stopAndJoin(109)) - StateMachineUpdater-2f12874f-5c6e-49ee-a382-210f379e72c8-group-1317D79553DD: set stopIndex = 8
2019-06-12 13:44:27,420 INFO  impl.RaftServerImpl (ServerState.java:close(394)) - 2f12874f-5c6e-49ee-a382-210f379e72c8:group-1317D79553DD closes. The last applied log index is 8
2019-06-12 13:44:27,418 INFO  storage.RaftLogWorker (RaftLogWorker.java:run(236)) - 2f12874f-5c6e-49ee-a382-210f379e72c8-RaftLogWorker was interrupted, exiting. There are 0 tasks remaining in the queue.
2019-06-12 13:44:27,422 INFO  storage.RaftLogWorker (RaftLogWorker.java:run(236)) - 2f12874f-5c6e-49ee-a382-210f379e72c8-RaftLogWorker was interrupted, exiting. There are 0 tasks remaining in the queue.
2019-06-12 13:44:27,422 INFO  impl.FollowerInfo (FollowerInfo.java:lambda$new$0(50)) - 2f12874f-5c6e-49ee-a382-210f379e72c8->344f01c1-3d81-4d42-ad7d-483e8f9e385e: nextIndex: updateUnconditionally 9 -> -1
2019-06-12 13:44:27,425 INFO  storage.RaftLogWorker (RaftLogWorker.java:close(168)) - 2f12874f-5c6e-49ee-a382-210f379e72c8-RaftLogWorker close()
2019-06-12 13:44:27,428 INFO  storage.RaftLogWorker (RaftLogWorker.java:close(168)) - 2f12874f-5c6e-49ee-a382-210f379e72c8-RaftLogWorker close()
2019-06-12 13:44:27,430 INFO  server.GrpcService (GrpcService.java:closeImpl(154)) - 2f12874f-5c6e-49ee-a382-210f379e72c8: shutdown server with port 40059 now
2019-06-12 13:44:27,431 INFO  server.GrpcService (GrpcService.java:closeImpl(162)) - 2f12874f-5c6e-49ee-a382-210f379e72c8: shutdown server with port 40059 successfully
2019-06-12 13:44:27,433 WARN  fs.CachingGetSpaceUsed (CachingGetSpaceUsed.java:run(183)) - Thread Interrupted waiting to refresh disk information: sleep interrupted
2019-06-12 13:44:27,443 INFO  statemachine.DatanodeStateMachine (DatanodeStateMachine.java:stopDaemon(395)) - Ozone container server stopped.
2019-06-12 13:44:27,444 INFO  handler.ContextHandler (ContextHandler.java:doStop(910)) - Stopped o.e.j.w.WebAppContext@4c5f7b4f{/,null,UNAVAILABLE}{/hddsDatanode}
2019-06-12 13:44:27,444 INFO  server.AbstractConnector (AbstractConnector.java:doStop(318)) - Stopped ServerConnector@4b544732{HTTP/1.1,[http/1.1]}{0.0.0.0:0}
2019-06-12 13:44:27,444 INFO  handler.ContextHandler (ContextHandler.java:doStop(910)) - Stopped o.e.j.s.ServletContextHandler@1a10c47e{/static,jar:file:/root/.m2/repository/org/apache/hadoop/hadoop-hdds-container-service/0.5.0-SNAPSHOT/hadoop-hdds-container-service-0.5.0-SNAPSHOT.jar!/webapps/static,UNAVAILABLE}
2019-06-12 13:44:27,444 INFO  handler.ContextHandler (ContextHandler.java:doStop(910)) - Stopped o.e.j.s.ServletContextHandler@1fb6b8fb{/logs,file:///opt/src/hadoop-ozone/integration-test/target/log,UNAVAILABLE}
2019-06-12 13:44:27,445 INFO  datanode.ObjectStoreHandler (ObjectStoreHandler.java:close(155)) - Closing ObjectStoreHandler.
2019-06-12 13:44:27,445 INFO  ozone.HddsDatanodeService (HddsDatanodeService.java:stop(452)) - Stopped plug-in org.apache.hadoop.ozone.web.OzoneHddsDatanodeService@29f3185c
2019-06-12 13:44:27,446 INFO  statemachine.DatanodeStateMachine (DatanodeStateMachine.java:lambda$startDaemon$0(350)) - Ozone container server started.
2019-06-12 13:44:27,446 INFO  ozoneimpl.OzoneContainer (OzoneContainer.java:stop(199)) - Attempting to stop container services.
2019-06-12 13:44:27,446 INFO  impl.RaftServerProxy (RaftServerProxy.java:lambda$close$4(314)) - 344f01c1-3d81-4d42-ad7d-483e8f9e385e: close
2019-06-12 13:44:27,446 INFO  impl.RaftServerImpl (RaftServerImpl.java:lambda$shutdown$3(238)) - 344f01c1-3d81-4d42-ad7d-483e8f9e385e: shutdown group-1317D79553DD
2019-06-12 13:44:27,446 INFO  impl.RaftServerImpl (RaftServerImpl.java:lambda$shutdown$3(238)) - 344f01c1-3d81-4d42-ad7d-483e8f9e385e: shutdown group-8DF5A0A6B38D
2019-06-12 13:44:27,447 INFO  util.JmxRegister (JmxRegister.java:unregister(73)) - Successfully un-registered JMX Bean with object name Ratis:service=RaftServer,group=group-1317D79553DD,id=344f01c1-3d81-4d42-ad7d-483e8f9e385e
2019-06-12 13:44:27,447 INFO  util.JmxRegister (JmxRegister.java:unregister(73)) - Successfully un-registered JMX Bean with object name Ratis:service=RaftServer,group=group-8DF5A0A6B38D,id=344f01c1-3d81-4d42-ad7d-483e8f9e385e
2019-06-12 13:44:27,447 INFO  impl.RoleInfo (RoleInfo.java:shutdownFollowerState(121)) - 344f01c1-3d81-4d42-ad7d-483e8f9e385e: shutdown FollowerState
2019-06-12 13:44:27,447 INFO  impl.StateMachineUpdater (StateMachineUpdater.java:stopAndJoin(109)) - StateMachineUpdater-344f01c1-3d81-4d42-ad7d-483e8f9e385e-group-1317D79553DD: set stopIndex = 7
2019-06-12 13:44:27,447 INFO  impl.RoleInfo (RoleInfo.java:shutdownLeaderState(104)) - 344f01c1-3d81-4d42-ad7d-483e8f9e385e: shutdown LeaderState
2019-06-12 13:44:27,448 INFO  impl.PendingRequests (PendingRequests.java:sendNotLeaderResponses(140)) - 344f01c1-3d81-4d42-ad7d-483e8f9e385e-PendingRequests: sendNotLeaderResponses
2019-06-12 13:44:27,448 INFO  impl.StateMachineUpdater (StateMachineUpdater.java:stopAndJoin(109)) - StateMachineUpdater-344f01c1-3d81-4d42-ad7d-483e8f9e385e-group-8DF5A0A6B38D: set stopIndex = 0
2019-06-12 13:44:27,447 INFO  impl.FollowerState (FollowerState.java:run(109)) - 344f01c1-3d81-4d42-ad7d-483e8f9e385e: FollowerState was interrupted: java.lang.InterruptedException: sleep interrupted
2019-06-12 13:44:27,447 INFO  ratis.ContainerStateMachine (ContainerStateMachine.java:takeSnapshot(245)) - Taking snapshot at termIndex:(t:1, i:5)
2019-06-12 13:44:27,448 INFO  ratis.ContainerStateMachine (ContainerStateMachine.java:takeSnapshot(245)) - Taking snapshot at termIndex:(t:0, i:~)
2019-06-12 13:44:27,449 INFO  ratis.ContainerStateMachine (ContainerStateMachine.java:takeSnapshot(249)) - Taking a snapshot to file /opt/src/hadoop-ozone/integration-test/target/test-dir/MiniOzoneClusterImpl-6fb9c846-b10d-4e9b-9667-68825cdc56ab/datanode-1/data/ratis/ae734815-9a74-4f78-8de4-1317d79553dd/sm/snapshot.1_5
2019-06-12 13:44:27,449 INFO  impl.RaftServerImpl (ServerState.java:close(394)) - 344f01c1-3d81-4d42-ad7d-483e8f9e385e:group-1317D79553DD closes. The last applied log index is 7
2019-06-12 13:44:27,450 INFO  impl.RaftServerImpl (ServerState.java:close(394)) - 344f01c1-3d81-4d42-ad7d-483e8f9e385e:group-8DF5A0A6B38D closes. The last applied log index is 0
2019-06-12 13:44:27,450 INFO  storage.RaftLogWorker (RaftLogWorker.java:run(236)) - 344f01c1-3d81-4d42-ad7d-483e8f9e385e-RaftLogWorker was interrupted, exiting. There are 0 tasks remaining in the queue.
2019-06-12 13:44:27,450 INFO  storage.RaftLogWorker (RaftLogWorker.java:run(236)) - 344f01c1-3d81-4d42-ad7d-483e8f9e385e-RaftLogWorker was interrupted, exiting. There are 0 tasks remaining in the queue.
2019-06-12 13:44:27,454 INFO  storage.RaftLogWorker (RaftLogWorker.java:close(168)) - 344f01c1-3d81-4d42-ad7d-483e8f9e385e-RaftLogWorker close()
2019-06-12 13:44:27,454 INFO  storage.RaftLogWorker (RaftLogWorker.java:close(168)) - 344f01c1-3d81-4d42-ad7d-483e8f9e385e-RaftLogWorker close()
2019-06-12 13:44:27,457 INFO  server.GrpcService (GrpcService.java:closeImpl(154)) - 344f01c1-3d81-4d42-ad7d-483e8f9e385e: shutdown server with port 38963 now
2019-06-12 13:44:27,460 INFO  server.GrpcService (GrpcService.java:closeImpl(162)) - 344f01c1-3d81-4d42-ad7d-483e8f9e385e: shutdown server with port 38963 successfully
2019-06-12 13:44:27,462 WARN  fs.CachingGetSpaceUsed (CachingGetSpaceUsed.java:run(183)) - Thread Interrupted waiting to refresh disk information: sleep interrupted
2019-06-12 13:44:27,474 INFO  statemachine.DatanodeStateMachine (DatanodeStateMachine.java:stopDaemon(395)) - Ozone container server stopped.
2019-06-12 13:44:27,474 INFO  handler.ContextHandler (ContextHandler.java:doStop(910)) - Stopped o.e.j.w.WebAppContext@3dbb3fb7{/,null,UNAVAILABLE}{/hddsDatanode}
2019-06-12 13:44:27,475 INFO  server.AbstractConnector (AbstractConnector.java:doStop(318)) - Stopped ServerConnector@68a426c3{HTTP/1.1,[http/1.1]}{0.0.0.0:0}
2019-06-12 13:44:27,475 INFO  handler.ContextHandler (ContextHandler.java:doStop(910)) - Stopped o.e.j.s.ServletContextHandler@7d088813{/static,jar:file:/root/.m2/repository/org/apache/hadoop/hadoop-hdds-container-service/0.5.0-SNAPSHOT/hadoop-hdds-container-service-0.5.0-SNAPSHOT.jar!/webapps/static,UNAVAILABLE}
2019-06-12 13:44:27,476 INFO  handler.ContextHandler (ContextHandler.java:doStop(910)) - Stopped o.e.j.s.ServletContextHandler@48fc0211{/logs,file:///opt/src/hadoop-ozone/integration-test/target/log,UNAVAILABLE}
2019-06-12 13:44:27,477 INFO  datanode.ObjectStoreHandler (ObjectStoreHandler.java:close(155)) - Closing ObjectStoreHandler.
2019-06-12 13:44:27,477 INFO  ozone.HddsDatanodeService (HddsDatanodeService.java:stop(452)) - Stopped plug-in org.apache.hadoop.ozone.web.OzoneHddsDatanodeService@32b95de
2019-06-12 13:44:27,477 INFO  statemachine.DatanodeStateMachine (DatanodeStateMachine.java:lambda$startDaemon$0(350)) - Ozone container server started.
2019-06-12 13:44:27,478 INFO  ozoneimpl.OzoneContainer (OzoneContainer.java:stop(199)) - Attempting to stop container services.
2019-06-12 13:44:27,478 INFO  impl.RaftServerProxy (RaftServerProxy.java:lambda$close$4(314)) - a8ad4b56-8c11-4031-99d5-b3a90554f189: close
2019-06-12 13:44:27,478 INFO  impl.RaftServerImpl (RaftServerImpl.java:lambda$shutdown$3(238)) - a8ad4b56-8c11-4031-99d5-b3a90554f189: shutdown group-1DC6AD54D920
2019-06-12 13:44:27,478 INFO  util.JmxRegister (JmxRegister.java:unregister(73)) - Successfully un-registered JMX Bean with object name Ratis:service=RaftServer,group=group-1DC6AD54D920,id=a8ad4b56-8c11-4031-99d5-b3a90554f189
2019-06-12 13:44:27,479 INFO  impl.RoleInfo (RoleInfo.java:shutdownLeaderState(104)) - a8ad4b56-8c11-4031-99d5-b3a90554f189: shutdown LeaderState
2019-06-12 13:44:27,479 INFO  impl.PendingRequests (PendingRequests.java:sendNotLeaderResponses(140)) - a8ad4b56-8c11-4031-99d5-b3a90554f189-PendingRequests: sendNotLeaderResponses
2019-06-12 13:44:27,479 INFO  impl.StateMachineUpdater (StateMachineUpdater.java:stopAndJoin(109)) - StateMachineUpdater-a8ad4b56-8c11-4031-99d5-b3a90554f189-group-1DC6AD54D920: set stopIndex = 0
2019-06-12 13:44:27,479 INFO  ratis.ContainerStateMachine (ContainerStateMachine.java:takeSnapshot(245)) - Taking snapshot at termIndex:(t:0, i:~)
2019-06-12 13:44:27,480 INFO  impl.RaftServerImpl (ServerState.java:close(394)) - a8ad4b56-8c11-4031-99d5-b3a90554f189:group-1DC6AD54D920 closes. The last applied log index is 0
2019-06-12 13:44:27,480 INFO  storage.RaftLogWorker (RaftLogWorker.java:run(236)) - a8ad4b56-8c11-4031-99d5-b3a90554f189-RaftLogWorker was interrupted, exiting. There are 0 tasks remaining in the queue.
2019-06-12 13:44:27,481 INFO  storage.RaftLogWorker (RaftLogWorker.java:close(168)) - a8ad4b56-8c11-4031-99d5-b3a90554f189-RaftLogWorker close()
2019-06-12 13:44:27,485 INFO  impl.RaftServerImpl (RaftServerImpl.java:lambda$shutdown$3(238)) - a8ad4b56-8c11-4031-99d5-b3a90554f189: shutdown group-1317D79553DD
2019-06-12 13:44:27,485 INFO  util.JmxRegister (JmxRegister.java:unregister(73)) - Successfully un-registered JMX Bean with object name Ratis:service=RaftServer,group=group-1317D79553DD,id=a8ad4b56-8c11-4031-99d5-b3a90554f189
2019-06-12 13:44:27,486 INFO  impl.RoleInfo (RoleInfo.java:shutdownFollowerState(121)) - a8ad4b56-8c11-4031-99d5-b3a90554f189: shutdown FollowerState
2019-06-12 13:44:27,486 INFO  impl.StateMachineUpdater (StateMachineUpdater.java:stopAndJoin(109)) - StateMachineUpdater-a8ad4b56-8c11-4031-99d5-b3a90554f189-group-1317D79553DD: set stopIndex = 7
2019-06-12 13:44:27,486 INFO  ratis.ContainerStateMachine (ContainerStateMachine.java:takeSnapshot(245)) - Taking snapshot at termIndex:(t:1, i:6)
2019-06-12 13:44:27,486 INFO  impl.FollowerState (FollowerState.java:run(109)) - a8ad4b56-8c11-4031-99d5-b3a90554f189: FollowerState was interrupted: java.lang.InterruptedException: sleep interrupted
2019-06-12 13:44:27,486 INFO  ratis.ContainerStateMachine (ContainerStateMachine.java:takeSnapshot(249)) - Taking a snapshot to file /opt/src/hadoop-ozone/integration-test/target/test-dir/MiniOzoneClusterImpl-6fb9c846-b10d-4e9b-9667-68825cdc56ab/datanode-2/data/ratis/ae734815-9a74-4f78-8de4-1317d79553dd/sm/snapshot.1_6
2019-06-12 13:44:27,487 INFO  impl.RaftServerImpl (ServerState.java:close(394)) - a8ad4b56-8c11-4031-99d5-b3a90554f189:group-1317D79553DD closes. The last applied log index is 7
2019-06-12 13:44:27,488 INFO  storage.RaftLogWorker (RaftLogWorker.java:run(236)) - a8ad4b56-8c11-4031-99d5-b3a90554f189-RaftLogWorker was interrupted, exiting. There are 0 tasks remaining in the queue.
2019-06-12 13:44:27,489 INFO  storage.RaftLogWorker (RaftLogWorker.java:close(168)) - a8ad4b56-8c11-4031-99d5-b3a90554f189-RaftLogWorker close()
2019-06-12 13:44:27,490 INFO  server.GrpcService (GrpcService.java:closeImpl(154)) - a8ad4b56-8c11-4031-99d5-b3a90554f189: shutdown server with port 34453 now
2019-06-12 13:44:27,490 INFO  server.GrpcService (GrpcService.java:closeImpl(162)) - a8ad4b56-8c11-4031-99d5-b3a90554f189: shutdown server with port 34453 successfully
2019-06-12 13:44:27,492 WARN  fs.CachingGetSpaceUsed (CachingGetSpaceUsed.java:run(183)) - Thread Interrupted waiting to refresh disk information: sleep interrupted
2019-06-12 13:44:27,504 INFO  statemachine.DatanodeStateMachine (DatanodeStateMachine.java:stopDaemon(395)) - Ozone container server stopped.
2019-06-12 13:44:27,505 INFO  handler.ContextHandler (ContextHandler.java:doStop(910)) - Stopped o.e.j.w.WebAppContext@44492c06{/,null,UNAVAILABLE}{/hddsDatanode}
2019-06-12 13:44:27,506 INFO  server.AbstractConnector (AbstractConnector.java:doStop(318)) - Stopped ServerConnector@5c4714ef{HTTP/1.1,[http/1.1]}{0.0.0.0:0}
2019-06-12 13:44:27,506 INFO  handler.ContextHandler (ContextHandler.java:doStop(910)) - Stopped o.e.j.s.ServletContextHandler@77ba583{/static,jar:file:/root/.m2/repository/org/apache/hadoop/hadoop-hdds-container-service/0.5.0-SNAPSHOT/hadoop-hdds-container-service-0.5.0-SNAPSHOT.jar!/webapps/static,UNAVAILABLE}
2019-06-12 13:44:27,506 INFO  handler.ContextHandler (ContextHandler.java:doStop(910)) - Stopped o.e.j.s.ServletContextHandler@6f7a20da{/logs,file:///opt/src/hadoop-ozone/integration-test/target/log,UNAVAILABLE}
2019-06-12 13:44:27,507 INFO  datanode.ObjectStoreHandler (ObjectStoreHandler.java:close(155)) - Closing ObjectStoreHandler.
2019-06-12 13:44:27,507 INFO  ozone.HddsDatanodeService (HddsDatanodeService.java:stop(452)) - Stopped plug-in org.apache.hadoop.ozone.web.OzoneHddsDatanodeService@eb1d475
2019-06-12 13:44:27,507 INFO  statemachine.DatanodeStateMachine (DatanodeStateMachine.java:lambda$startDaemon$0(350)) - Ozone container server started.
2019-06-12 13:44:27,508 INFO  ozoneimpl.OzoneContainer (OzoneContainer.java:stop(199)) - Attempting to stop container services.
2019-06-12 13:44:27,508 INFO  impl.RaftServerProxy (RaftServerProxy.java:lambda$close$4(314)) - 75e527e4-4e60-4b13-96f6-184a34f1241e: close
2019-06-12 13:44:27,508 INFO  impl.RaftServerImpl (RaftServerImpl.java:lambda$shutdown$3(238)) - 75e527e4-4e60-4b13-96f6-184a34f1241e: shutdown group-73B37D18AC1A
2019-06-12 13:44:27,508 INFO  util.JmxRegister (JmxRegister.java:unregister(73)) - Successfully un-registered JMX Bean with object name Ratis:service=RaftServer,group=group-73B37D18AC1A,id=75e527e4-4e60-4b13-96f6-184a34f1241e
2019-06-12 13:44:27,508 INFO  impl.RoleInfo (RoleInfo.java:shutdownLeaderState(104)) - 75e527e4-4e60-4b13-96f6-184a34f1241e: shutdown LeaderState
2019-06-12 13:44:27,509 INFO  impl.PendingRequests (PendingRequests.java:sendNotLeaderResponses(140)) - 75e527e4-4e60-4b13-96f6-184a34f1241e-PendingRequests: sendNotLeaderResponses
2019-06-12 13:44:27,509 INFO  impl.StateMachineUpdater (StateMachineUpdater.java:stopAndJoin(109)) - StateMachineUpdater-75e527e4-4e60-4b13-96f6-184a34f1241e-group-73B37D18AC1A: set stopIndex = 0
2019-06-12 13:44:27,509 INFO  ratis.ContainerStateMachine (ContainerStateMachine.java:takeSnapshot(245)) - Taking snapshot at termIndex:(t:0, i:~)
2019-06-12 13:44:27,509 INFO  impl.RaftServerImpl (ServerState.java:close(394)) - 75e527e4-4e60-4b13-96f6-184a34f1241e:group-73B37D18AC1A closes. The last applied log index is 0
2019-06-12 13:44:27,509 INFO  storage.RaftLogWorker (RaftLogWorker.java:run(236)) - 75e527e4-4e60-4b13-96f6-184a34f1241e-RaftLogWorker was interrupted, exiting. There are 0 tasks remaining in the queue.
2019-06-12 13:44:27,510 INFO  storage.RaftLogWorker (RaftLogWorker.java:close(168)) - 75e527e4-4e60-4b13-96f6-184a34f1241e-RaftLogWorker close()
2019-06-12 13:44:27,511 INFO  impl.RaftServerImpl (RaftServerImpl.java:lambda$shutdown$3(238)) - 75e527e4-4e60-4b13-96f6-184a34f1241e: shutdown group-8AF604A0F3CF
2019-06-12 13:44:27,512 INFO  util.JmxRegister (JmxRegister.java:unregister(73)) - Successfully un-registered JMX Bean with object name Ratis:service=RaftServer,group=group-8AF604A0F3CF,id=75e527e4-4e60-4b13-96f6-184a34f1241e
2019-06-12 13:44:27,512 INFO  impl.RoleInfo (RoleInfo.java:shutdownFollowerState(121)) - 75e527e4-4e60-4b13-96f6-184a34f1241e: shutdown FollowerState
2019-06-12 13:44:27,512 INFO  impl.StateMachineUpdater (StateMachineUpdater.java:stopAndJoin(109)) - StateMachineUpdater-75e527e4-4e60-4b13-96f6-184a34f1241e-group-8AF604A0F3CF: set stopIndex = -1
2019-06-12 13:44:27,512 INFO  impl.FollowerState (FollowerState.java:run(109)) - 75e527e4-4e60-4b13-96f6-184a34f1241e: FollowerState was interrupted: java.lang.InterruptedException: sleep interrupted
2019-06-12 13:44:27,512 INFO  ratis.ContainerStateMachine (ContainerStateMachine.java:takeSnapshot(245)) - Taking snapshot at termIndex:(t:0, i:~)
2019-06-12 13:44:27,513 INFO  impl.RaftServerImpl (ServerState.java:close(394)) - 75e527e4-4e60-4b13-96f6-184a34f1241e:group-8AF604A0F3CF closes. The last applied log index is -1
2019-06-12 13:44:27,513 INFO  storage.RaftLogWorker (RaftLogWorker.java:run(236)) - 75e527e4-4e60-4b13-96f6-184a34f1241e-RaftLogWorker was interrupted, exiting. There are 0 tasks remaining in the queue.
2019-06-12 13:44:27,514 INFO  storage.RaftLogWorker (RaftLogWorker.java:close(168)) - 75e527e4-4e60-4b13-96f6-184a34f1241e-RaftLogWorker close()
2019-06-12 13:44:27,515 INFO  server.GrpcService (GrpcService.java:closeImpl(154)) - 75e527e4-4e60-4b13-96f6-184a34f1241e: shutdown server with port 45865 now
2019-06-12 13:44:27,516 WARN  server.GrpcServerProtocolService (LogUtils.java:warn(134)) - 75e527e4-4e60-4b13-96f6-184a34f1241e: appendEntries onError: org.apache.ratis.thirdparty.io.grpc.StatusRuntimeException: CANCELLED: cancelled before receiving half close
2019-06-12 13:44:27,516 INFO  server.GrpcService (GrpcService.java:closeImpl(162)) - 75e527e4-4e60-4b13-96f6-184a34f1241e: shutdown server with port 45865 successfully
2019-06-12 13:44:27,517 WARN  server.GrpcLogAppender (LogUtils.java:warn(134)) - fd39c4b3-843a-4ac6-8f2a-1a38d8f2ddac: Failed appendEntries to 75e527e4-4e60-4b13-96f6-184a34f1241e:192.168.19.46:45865: org.apache.ratis.thirdparty.io.grpc.StatusRuntimeException: CANCELLED: HTTP/2 error code: CANCEL
Received Rst Stream
2019-06-12 13:44:27,518 INFO  impl.FollowerInfo (FollowerInfo.java:lambda$new$0(50)) - fd39c4b3-843a-4ac6-8f2a-1a38d8f2ddac->75e527e4-4e60-4b13-96f6-184a34f1241e: nextIndex: updateUnconditionally 1 -> 0
2019-06-12 13:44:27,520 WARN  fs.CachingGetSpaceUsed (CachingGetSpaceUsed.java:run(183)) - Thread Interrupted waiting to refresh disk information: sleep interrupted
2019-06-12 13:44:27,531 INFO  statemachine.DatanodeStateMachine (DatanodeStateMachine.java:stopDaemon(395)) - Ozone container server stopped.
2019-06-12 13:44:27,531 INFO  handler.ContextHandler (ContextHandler.java:doStop(910)) - Stopped o.e.j.w.WebAppContext@1da53f4f{/,null,UNAVAILABLE}{/hddsDatanode}
2019-06-12 13:44:27,532 INFO  server.AbstractConnector (AbstractConnector.java:doStop(318)) - Stopped ServerConnector@4e7eba9f{HTTP/1.1,[http/1.1]}{0.0.0.0:0}
2019-06-12 13:44:27,532 INFO  handler.ContextHandler (ContextHandler.java:doStop(910)) - Stopped o.e.j.s.ServletContextHandler@14201a90{/static,jar:file:/root/.m2/repository/org/apache/hadoop/hadoop-hdds-container-service/0.5.0-SNAPSHOT/hadoop-hdds-container-service-0.5.0-SNAPSHOT.jar!/webapps/static,UNAVAILABLE}
2019-06-12 13:44:27,532 INFO  handler.ContextHandler (ContextHandler.java:doStop(910)) - Stopped o.e.j.s.ServletContextHandler@dc8b2ff{/logs,file:///opt/src/hadoop-ozone/integration-test/target/log,UNAVAILABLE}
2019-06-12 13:44:27,533 INFO  datanode.ObjectStoreHandler (ObjectStoreHandler.java:close(155)) - Closing ObjectStoreHandler.
2019-06-12 13:44:27,533 INFO  ozone.HddsDatanodeService (HddsDatanodeService.java:stop(452)) - Stopped plug-in org.apache.hadoop.ozone.web.OzoneHddsDatanodeService@1450ffa3
2019-06-12 13:44:27,533 INFO  statemachine.DatanodeStateMachine (DatanodeStateMachine.java:lambda$startDaemon$0(350)) - Ozone container server started.
2019-06-12 13:44:27,534 INFO  ozoneimpl.OzoneContainer (OzoneContainer.java:stop(199)) - Attempting to stop container services.
2019-06-12 13:44:27,534 INFO  impl.RaftServerProxy (RaftServerProxy.java:lambda$close$4(314)) - fd39c4b3-843a-4ac6-8f2a-1a38d8f2ddac: close
2019-06-12 13:44:27,535 INFO  impl.RaftServerImpl (RaftServerImpl.java:lambda$shutdown$3(238)) - fd39c4b3-843a-4ac6-8f2a-1a38d8f2ddac: shutdown group-91E920F14BAA
2019-06-12 13:44:27,535 INFO  util.JmxRegister (JmxRegister.java:unregister(73)) - Successfully un-registered JMX Bean with object name Ratis:service=RaftServer,group=group-91E920F14BAA,id=fd39c4b3-843a-4ac6-8f2a-1a38d8f2ddac
2019-06-12 13:44:27,535 INFO  impl.RoleInfo (RoleInfo.java:shutdownLeaderState(104)) - fd39c4b3-843a-4ac6-8f2a-1a38d8f2ddac: shutdown LeaderState
2019-06-12 13:44:27,535 INFO  impl.PendingRequests (PendingRequests.java:sendNotLeaderResponses(140)) - fd39c4b3-843a-4ac6-8f2a-1a38d8f2ddac-PendingRequests: sendNotLeaderResponses
2019-06-12 13:44:27,536 INFO  impl.StateMachineUpdater (StateMachineUpdater.java:stopAndJoin(109)) - StateMachineUpdater-fd39c4b3-843a-4ac6-8f2a-1a38d8f2ddac-group-91E920F14BAA: set stopIndex = 0
2019-06-12 13:44:27,536 INFO  ratis.ContainerStateMachine (ContainerStateMachine.java:takeSnapshot(245)) - Taking snapshot at termIndex:(t:0, i:~)
2019-06-12 13:44:27,536 INFO  impl.RaftServerImpl (ServerState.java:close(394)) - fd39c4b3-843a-4ac6-8f2a-1a38d8f2ddac:group-91E920F14BAA closes. The last applied log index is 0
2019-06-12 13:44:27,536 INFO  storage.RaftLogWorker (RaftLogWorker.java:run(236)) - fd39c4b3-843a-4ac6-8f2a-1a38d8f2ddac-RaftLogWorker was interrupted, exiting. There are 0 tasks remaining in the queue.
2019-06-12 13:44:27,537 INFO  storage.RaftLogWorker (RaftLogWorker.java:close(168)) - fd39c4b3-843a-4ac6-8f2a-1a38d8f2ddac-RaftLogWorker close()
2019-06-12 13:44:27,538 INFO  impl.RaftServerImpl (RaftServerImpl.java:lambda$shutdown$3(238)) - fd39c4b3-843a-4ac6-8f2a-1a38d8f2ddac: shutdown group-8AF604A0F3CF
2019-06-12 13:44:27,538 INFO  util.JmxRegister (JmxRegister.java:unregister(73)) - Successfully un-registered JMX Bean with object name Ratis:service=RaftServer,group=group-8AF604A0F3CF,id=fd39c4b3-843a-4ac6-8f2a-1a38d8f2ddac
2019-06-12 13:44:27,538 INFO  impl.RoleInfo (RoleInfo.java:shutdownLeaderState(104)) - fd39c4b3-843a-4ac6-8f2a-1a38d8f2ddac: shutdown LeaderState
2019-06-12 13:44:27,539 INFO  impl.PendingRequests (PendingRequests.java:sendNotLeaderResponses(140)) - fd39c4b3-843a-4ac6-8f2a-1a38d8f2ddac-PendingRequests: sendNotLeaderResponses
2019-06-12 13:44:27,539 WARN  server.GrpcLogAppender (GrpcLogAppender.java:mayWait(142)) - GrpcLogAppender(fd39c4b3-843a-4ac6-8f2a-1a38d8f2ddac -> 75e527e4-4e60-4b13-96f6-184a34f1241e): Wait interrupted by java.lang.InterruptedException
2019-06-12 13:44:27,539 INFO  impl.StateMachineUpdater (StateMachineUpdater.java:stopAndJoin(109)) - StateMachineUpdater-fd39c4b3-843a-4ac6-8f2a-1a38d8f2ddac-group-8AF604A0F3CF: set stopIndex = 0
2019-06-12 13:44:27,539 WARN  server.GrpcLogAppender (GrpcLogAppender.java:mayWait(142)) - GrpcLogAppender(fd39c4b3-843a-4ac6-8f2a-1a38d8f2ddac -> 1023bb9f-4671-4726-aa58-a5ed55fe6403): Wait interrupted by java.lang.InterruptedException
2019-06-12 13:44:27,539 INFO  ratis.ContainerStateMachine (ContainerStateMachine.java:takeSnapshot(245)) - Taking snapshot at termIndex:(t:0, i:~)
2019-06-12 13:44:27,540 INFO  impl.RaftServerImpl (ServerState.java:close(394)) - fd39c4b3-843a-4ac6-8f2a-1a38d8f2ddac:group-8AF604A0F3CF closes. The last applied log index is 0
2019-06-12 13:44:27,540 INFO  server.GrpcServerProtocolService (GrpcServerProtocolService.java:onCompleted(104)) - 1023bb9f-4671-4726-aa58-a5ed55fe6403: appendEntries completed
2019-06-12 13:44:27,540 INFO  storage.RaftLogWorker (RaftLogWorker.java:run(236)) - fd39c4b3-843a-4ac6-8f2a-1a38d8f2ddac-RaftLogWorker was interrupted, exiting. There are 0 tasks remaining in the queue.
2019-06-12 13:44:27,541 INFO  server.GrpcLogAppender (GrpcLogAppender.java:onCompleted(277)) - fd39c4b3-843a-4ac6-8f2a-1a38d8f2ddac: follower fd39c4b3-843a-4ac6-8f2a-1a38d8f2ddac->1023bb9f-4671-4726-aa58-a5ed55fe6403(c-1,m0,n1, attendVote=true, lastRpcSendTime=467, lastRpcResponseTime=403) response Completed
2019-06-12 13:44:27,541 INFO  storage.RaftLogWorker (RaftLogWorker.java:close(168)) - fd39c4b3-843a-4ac6-8f2a-1a38d8f2ddac-RaftLogWorker close()
2019-06-12 13:44:27,541 INFO  impl.FollowerInfo (FollowerInfo.java:lambda$new$0(50)) - fd39c4b3-843a-4ac6-8f2a-1a38d8f2ddac->1023bb9f-4671-4726-aa58-a5ed55fe6403: nextIndex: updateUnconditionally 1 -> -1
2019-06-12 13:44:27,544 INFO  server.GrpcService (GrpcService.java:closeImpl(154)) - fd39c4b3-843a-4ac6-8f2a-1a38d8f2ddac: shutdown server with port 33913 now
2019-06-12 13:44:27,545 INFO  server.GrpcService (GrpcService.java:closeImpl(162)) - fd39c4b3-843a-4ac6-8f2a-1a38d8f2ddac: shutdown server with port 33913 successfully
2019-06-12 13:44:27,546 WARN  fs.CachingGetSpaceUsed (CachingGetSpaceUsed.java:run(183)) - Thread Interrupted waiting to refresh disk information: sleep interrupted
2019-06-12 13:44:27,557 INFO  statemachine.DatanodeStateMachine (DatanodeStateMachine.java:stopDaemon(395)) - Ozone container server stopped.
2019-06-12 13:44:27,557 INFO  handler.ContextHandler (ContextHandler.java:doStop(910)) - Stopped o.e.j.w.WebAppContext@2acb1264{/,null,UNAVAILABLE}{/hddsDatanode}
2019-06-12 13:44:27,558 INFO  server.AbstractConnector (AbstractConnector.java:doStop(318)) - Stopped ServerConnector@30a01dd8{HTTP/1.1,[http/1.1]}{0.0.0.0:0}
2019-06-12 13:44:27,558 INFO  handler.ContextHandler (ContextHandler.java:doStop(910)) - Stopped o.e.j.s.ServletContextHandler@164dea80{/static,jar:file:/root/.m2/repository/org/apache/hadoop/hadoop-hdds-container-service/0.5.0-SNAPSHOT/hadoop-hdds-container-service-0.5.0-SNAPSHOT.jar!/webapps/static,UNAVAILABLE}
2019-06-12 13:44:27,559 INFO  handler.ContextHandler (ContextHandler.java:doStop(910)) - Stopped o.e.j.s.ServletContextHandler@39f93225{/logs,file:///opt/src/hadoop-ozone/integration-test/target/log,UNAVAILABLE}
2019-06-12 13:44:27,559 INFO  datanode.ObjectStoreHandler (ObjectStoreHandler.java:close(155)) - Closing ObjectStoreHandler.
2019-06-12 13:44:27,560 INFO  ozone.HddsDatanodeService (HddsDatanodeService.java:stop(452)) - Stopped plug-in org.apache.hadoop.ozone.web.OzoneHddsDatanodeService@28b2e4d8
2019-06-12 13:44:27,560 INFO  ozoneimpl.OzoneContainer (OzoneContainer.java:stop(199)) - Attempting to stop container services.
2019-06-12 13:44:27,560 INFO  impl.RaftServerProxy (RaftServerProxy.java:lambda$close$4(314)) - 1023bb9f-4671-4726-aa58-a5ed55fe6403: close
2019-06-12 13:44:27,560 INFO  impl.RaftServerImpl (RaftServerImpl.java:lambda$shutdown$3(238)) - 1023bb9f-4671-4726-aa58-a5ed55fe6403: shutdown group-8AF604A0F3CF
2019-06-12 13:44:27,561 INFO  statemachine.DatanodeStateMachine (DatanodeStateMachine.java:lambda$startDaemon$0(350)) - Ozone container server started.
2019-06-12 13:44:27,561 INFO  util.JmxRegister (JmxRegister.java:unregister(73)) - Successfully un-registered JMX Bean with object name Ratis:service=RaftServer,group=group-8AF604A0F3CF,id=1023bb9f-4671-4726-aa58-a5ed55fe6403
2019-06-12 13:44:27,561 INFO  impl.RaftServerImpl (RaftServerImpl.java:lambda$shutdown$3(238)) - 1023bb9f-4671-4726-aa58-a5ed55fe6403: shutdown group-BA90B051D276
2019-06-12 13:44:27,561 INFO  impl.RoleInfo (RoleInfo.java:shutdownFollowerState(121)) - 1023bb9f-4671-4726-aa58-a5ed55fe6403: shutdown FollowerState
2019-06-12 13:44:27,562 INFO  impl.StateMachineUpdater (StateMachineUpdater.java:stopAndJoin(109)) - StateMachineUpdater-1023bb9f-4671-4726-aa58-a5ed55fe6403-group-8AF604A0F3CF: set stopIndex = -1
2019-06-12 13:44:27,561 INFO  util.JmxRegister (JmxRegister.java:unregister(73)) - Successfully un-registered JMX Bean with object name Ratis:service=RaftServer,group=group-BA90B051D276,id=1023bb9f-4671-4726-aa58-a5ed55fe6403
2019-06-12 13:44:27,562 INFO  impl.RoleInfo (RoleInfo.java:shutdownLeaderState(104)) - 1023bb9f-4671-4726-aa58-a5ed55fe6403: shutdown LeaderState
2019-06-12 13:44:27,562 INFO  impl.PendingRequests (PendingRequests.java:sendNotLeaderResponses(140)) - 1023bb9f-4671-4726-aa58-a5ed55fe6403-PendingRequests: sendNotLeaderResponses
2019-06-12 13:44:27,562 INFO  impl.StateMachineUpdater (StateMachineUpdater.java:stopAndJoin(109)) - StateMachineUpdater-1023bb9f-4671-4726-aa58-a5ed55fe6403-group-BA90B051D276: set stopIndex = 0
2019-06-12 13:44:27,562 INFO  impl.FollowerState (FollowerState.java:run(109)) - 1023bb9f-4671-4726-aa58-a5ed55fe6403: FollowerState was interrupted: java.lang.InterruptedException: sleep interrupted
2019-06-12 13:44:27,562 INFO  ratis.ContainerStateMachine (ContainerStateMachine.java:takeSnapshot(245)) - Taking snapshot at termIndex:(t:0, i:~)
2019-06-12 13:44:27,562 INFO  ratis.ContainerStateMachine (ContainerStateMachine.java:takeSnapshot(245)) - Taking snapshot at termIndex:(t:0, i:~)
2019-06-12 13:44:27,563 INFO  impl.RaftServerImpl (ServerState.java:close(394)) - 1023bb9f-4671-4726-aa58-a5ed55fe6403:group-8AF604A0F3CF closes. The last applied log index is -1
2019-06-12 13:44:27,563 INFO  impl.RaftServerImpl (ServerState.java:close(394)) - 1023bb9f-4671-4726-aa58-a5ed55fe6403:group-BA90B051D276 closes. The last applied log index is 0
2019-06-12 13:44:27,564 INFO  storage.RaftLogWorker (RaftLogWorker.java:run(236)) - 1023bb9f-4671-4726-aa58-a5ed55fe6403-RaftLogWorker was interrupted, exiting. There are 0 tasks remaining in the queue.
2019-06-12 13:44:27,564 INFO  storage.RaftLogWorker (RaftLogWorker.java:close(168)) - 1023bb9f-4671-4726-aa58-a5ed55fe6403-RaftLogWorker close()
2019-06-12 13:44:27,564 INFO  storage.RaftLogWorker (RaftLogWorker.java:run(236)) - 1023bb9f-4671-4726-aa58-a5ed55fe6403-RaftLogWorker was interrupted, exiting. There are 0 tasks remaining in the queue.
2019-06-12 13:44:27,564 INFO  storage.RaftLogWorker (RaftLogWorker.java:close(168)) - 1023bb9f-4671-4726-aa58-a5ed55fe6403-RaftLogWorker close()
2019-06-12 13:44:27,564 INFO  server.GrpcService (GrpcService.java:closeImpl(154)) - 1023bb9f-4671-4726-aa58-a5ed55fe6403: shutdown server with port 37101 now
2019-06-12 13:44:27,565 INFO  server.GrpcService (GrpcService.java:closeImpl(162)) - 1023bb9f-4671-4726-aa58-a5ed55fe6403: shutdown server with port 37101 successfully
2019-06-12 13:44:27,566 WARN  fs.CachingGetSpaceUsed (CachingGetSpaceUsed.java:run(183)) - Thread Interrupted waiting to refresh disk information: sleep interrupted
2019-06-12 13:44:27,576 INFO  statemachine.DatanodeStateMachine (DatanodeStateMachine.java:stopDaemon(395)) - Ozone container server stopped.
2019-06-12 13:44:27,576 INFO  handler.ContextHandler (ContextHandler.java:doStop(910)) - Stopped o.e.j.w.WebAppContext@6339e604{/,null,UNAVAILABLE}{/hddsDatanode}
2019-06-12 13:44:27,577 INFO  server.AbstractConnector (AbstractConnector.java:doStop(318)) - Stopped ServerConnector@4f8900b0{HTTP/1.1,[http/1.1]}{0.0.0.0:0}
2019-06-12 13:44:27,577 INFO  handler.ContextHandler (ContextHandler.java:doStop(910)) - Stopped o.e.j.s.ServletContextHandler@2d593b56{/static,jar:file:/root/.m2/repository/org/apache/hadoop/hadoop-hdds-container-service/0.5.0-SNAPSHOT/hadoop-hdds-container-service-0.5.0-SNAPSHOT.jar!/webapps/static,UNAVAILABLE}
2019-06-12 13:44:27,577 INFO  handler.ContextHandler (ContextHandler.java:doStop(910)) - Stopped o.e.j.s.ServletContextHandler@4a0c3aa8{/logs,file:///opt/src/hadoop-ozone/integration-test/target/log,UNAVAILABLE}
2019-06-12 13:44:27,578 INFO  datanode.ObjectStoreHandler (ObjectStoreHandler.java:close(155)) - Closing ObjectStoreHandler.
2019-06-12 13:44:27,578 INFO  ozone.HddsDatanodeService (HddsDatanodeService.java:stop(452)) - Stopped plug-in org.apache.hadoop.ozone.web.OzoneHddsDatanodeService@1124dd79
2019-06-12 13:44:27,578 INFO  statemachine.DatanodeStateMachine (DatanodeStateMachine.java:lambda$startDaemon$0(350)) - Ozone container server started.
2019-06-12 13:44:27,579 INFO  ozoneimpl.OzoneContainer (OzoneContainer.java:stop(199)) - Attempting to stop container services.
2019-06-12 13:44:27,579 INFO  impl.RaftServerProxy (RaftServerProxy.java:lambda$close$4(314)) - f6261474-e4a7-4eef-8ac5-8ff57e0e952d: close
2019-06-12 13:44:27,579 INFO  impl.RaftServerImpl (RaftServerImpl.java:lambda$shutdown$3(238)) - f6261474-e4a7-4eef-8ac5-8ff57e0e952d: shutdown group-96934414E470
2019-06-12 13:44:27,579 INFO  util.JmxRegister (JmxRegister.java:unregister(73)) - Successfully un-registered JMX Bean with object name Ratis:service=RaftServer,group=group-96934414E470,id=f6261474-e4a7-4eef-8ac5-8ff57e0e952d
2019-06-12 13:44:27,579 INFO  impl.RoleInfo (RoleInfo.java:shutdownLeaderState(104)) - f6261474-e4a7-4eef-8ac5-8ff57e0e952d: shutdown LeaderState
2019-06-12 13:44:27,579 INFO  impl.PendingRequests (PendingRequests.java:sendNotLeaderResponses(140)) - f6261474-e4a7-4eef-8ac5-8ff57e0e952d-PendingRequests: sendNotLeaderResponses
2019-06-12 13:44:27,580 INFO  impl.StateMachineUpdater (StateMachineUpdater.java:stopAndJoin(109)) - StateMachineUpdater-f6261474-e4a7-4eef-8ac5-8ff57e0e952d-group-96934414E470: set stopIndex = 0
2019-06-12 13:44:27,580 INFO  ratis.ContainerStateMachine (ContainerStateMachine.java:takeSnapshot(245)) - Taking snapshot at termIndex:(t:0, i:~)
2019-06-12 13:44:27,580 INFO  impl.RaftServerImpl (ServerState.java:close(394)) - f6261474-e4a7-4eef-8ac5-8ff57e0e952d:group-96934414E470 closes. The last applied log index is 0
2019-06-12 13:44:27,580 INFO  storage.RaftLogWorker (RaftLogWorker.java:run(236)) - f6261474-e4a7-4eef-8ac5-8ff57e0e952d-RaftLogWorker was interrupted, exiting. There are 0 tasks remaining in the queue.
2019-06-12 13:44:27,580 INFO  storage.RaftLogWorker (RaftLogWorker.java:close(168)) - f6261474-e4a7-4eef-8ac5-8ff57e0e952d-RaftLogWorker close()
2019-06-12 13:44:27,581 INFO  server.GrpcService (GrpcService.java:closeImpl(154)) - f6261474-e4a7-4eef-8ac5-8ff57e0e952d: shutdown server with port 34065 now
2019-06-12 13:44:27,581 INFO  server.GrpcService (GrpcService.java:closeImpl(162)) - f6261474-e4a7-4eef-8ac5-8ff57e0e952d: shutdown server with port 34065 successfully
2019-06-12 13:44:27,583 WARN  fs.CachingGetSpaceUsed (CachingGetSpaceUsed.java:run(183)) - Thread Interrupted waiting to refresh disk information: sleep interrupted
2019-06-12 13:44:27,592 INFO  statemachine.DatanodeStateMachine (DatanodeStateMachine.java:stopDaemon(395)) - Ozone container server stopped.
2019-06-12 13:44:27,592 INFO  handler.ContextHandler (ContextHandler.java:doStop(910)) - Stopped o.e.j.w.WebAppContext@41026e5c{/,null,UNAVAILABLE}{/hddsDatanode}
2019-06-12 13:44:27,593 INFO  server.AbstractConnector (AbstractConnector.java:doStop(318)) - Stopped ServerConnector@12421766{HTTP/1.1,[http/1.1]}{0.0.0.0:0}
2019-06-12 13:44:27,593 INFO  handler.ContextHandler (ContextHandler.java:doStop(910)) - Stopped o.e.j.s.ServletContextHandler@65d23aa3{/static,jar:file:/root/.m2/repository/org/apache/hadoop/hadoop-hdds-container-service/0.5.0-SNAPSHOT/hadoop-hdds-container-service-0.5.0-SNAPSHOT.jar!/webapps/static,UNAVAILABLE}
2019-06-12 13:44:27,593 INFO  handler.ContextHandler (ContextHandler.java:doStop(910)) - Stopped o.e.j.s.ServletContextHandler@6a9df5{/logs,file:///opt/src/hadoop-ozone/integration-test/target/log,UNAVAILABLE}
]]></system-out>
    <system-err><![CDATA[Jun 12, 2019 1:44:20 PM com.sun.jersey.server.impl.application.WebApplicationImpl _initiate
INFO: Initiating Jersey application, version 'Jersey: 1.19 02/11/2015 03:25 AM'
Jun 12, 2019 1:44:21 PM com.sun.jersey.server.impl.application.WebApplicationImpl _initiate
INFO: Initiating Jersey application, version 'Jersey: 1.19 02/11/2015 03:25 AM'
Jun 12, 2019 1:44:21 PM com.sun.jersey.server.impl.application.WebApplicationImpl _initiate
INFO: Initiating Jersey application, version 'Jersey: 1.19 02/11/2015 03:25 AM'
Jun 12, 2019 1:44:21 PM com.sun.jersey.server.impl.application.WebApplicationImpl _initiate
INFO: Initiating Jersey application, version 'Jersey: 1.19 02/11/2015 03:25 AM'
Jun 12, 2019 1:44:21 PM com.sun.jersey.server.impl.application.WebApplicationImpl _initiate
INFO: Initiating Jersey application, version 'Jersey: 1.19 02/11/2015 03:25 AM'
Jun 12, 2019 1:44:21 PM com.sun.jersey.server.impl.application.WebApplicationImpl _initiate
INFO: Initiating Jersey application, version 'Jersey: 1.19 02/11/2015 03:25 AM'
Jun 12, 2019 1:44:21 PM com.sun.jersey.server.impl.application.WebApplicationImpl _initiate
INFO: Initiating Jersey application, version 'Jersey: 1.19 02/11/2015 03:25 AM'
Jun 12, 2019 1:44:25 PM org.apache.ratis.thirdparty.io.grpc.internal.ManagedChannelOrphanWrapper$ManagedChannelReference cleanQueue
SEVERE: *~*~*~ Channel ManagedChannelImpl{logId=153, target=192.168.19.46:39189} was not shutdown properly!!! ~*~*~*
    Make sure to call shutdown()/shutdownNow() and wait until awaitTermination() returns true.
java.lang.RuntimeException: ManagedChannel allocation site
	at org.apache.ratis.thirdparty.io.grpc.internal.ManagedChannelOrphanWrapper$ManagedChannelReference.<init>(ManagedChannelOrphanWrapper.java:103)
	at org.apache.ratis.thirdparty.io.grpc.internal.ManagedChannelOrphanWrapper.<init>(ManagedChannelOrphanWrapper.java:53)
	at org.apache.ratis.thirdparty.io.grpc.internal.ManagedChannelOrphanWrapper.<init>(ManagedChannelOrphanWrapper.java:44)
	at org.apache.ratis.thirdparty.io.grpc.internal.AbstractManagedChannelImplBuilder.build(AbstractManagedChannelImplBuilder.java:411)
	at org.apache.ratis.grpc.client.GrpcClientProtocolClient.<init>(GrpcClientProtocolClient.java:118)
	at org.apache.ratis.grpc.client.GrpcClientRpc.lambda$new$0(GrpcClientRpc.java:55)
	at org.apache.ratis.util.PeerProxyMap$PeerAndProxy.lambda$getProxy$0(PeerProxyMap.java:61)
	at org.apache.ratis.util.LifeCycle.startAndTransition(LifeCycle.java:202)
	at org.apache.ratis.util.PeerProxyMap$PeerAndProxy.getProxy(PeerProxyMap.java:60)
	at org.apache.ratis.util.PeerProxyMap.getProxy(PeerProxyMap.java:107)
	at org.apache.ratis.grpc.client.GrpcClientRpc.sendRequest(GrpcClientRpc.java:91)
	at org.apache.ratis.client.impl.RaftClientImpl.sendRequest(RaftClientImpl.java:401)
	at org.apache.ratis.client.impl.RaftClientImpl.groupRemove(RaftClientImpl.java:280)
	at org.apache.hadoop.hdds.scm.pipeline.RatisPipelineUtils.destroyPipeline(RatisPipelineUtils.java:97)
	at org.apache.hadoop.hdds.scm.pipeline.RatisPipelineUtils.destroyPipeline(RatisPipelineUtils.java:64)
	at org.apache.hadoop.hdds.scm.pipeline.SCMPipelineManager.destroyPipeline(SCMPipelineManager.java:378)
	at org.apache.hadoop.hdds.scm.pipeline.SCMPipelineManager.finalizeAndDestroyPipeline(SCMPipelineManager.java:318)
	at org.apache.hadoop.ozone.container.ContainerTestHelper.waitForPipelineClose(ContainerTestHelper.java:799)
	at org.apache.hadoop.ozone.container.ContainerTestHelper.waitForPipelineClose(ContainerTestHelper.java:790)
	at org.apache.hadoop.ozone.container.ContainerTestHelper.waitForPipelineClose(ContainerTestHelper.java:754)
	at org.apache.hadoop.ozone.client.rpc.TestOzoneClientRetriesOnException.testGroupMismatchExceptionHandling(TestOzoneClientRetriesOnException.java:151)
	at sun.reflect.NativeMethodAccessorImpl.invoke0(Native Method)
	at sun.reflect.NativeMethodAccessorImpl.invoke(NativeMethodAccessorImpl.java:62)
	at sun.reflect.DelegatingMethodAccessorImpl.invoke(DelegatingMethodAccessorImpl.java:43)
	at java.lang.reflect.Method.invoke(Method.java:498)
	at org.junit.runners.model.FrameworkMethod$1.runReflectiveCall(FrameworkMethod.java:47)
	at org.junit.internal.runners.model.ReflectiveCallable.run(ReflectiveCallable.java:12)
	at org.junit.runners.model.FrameworkMethod.invokeExplosively(FrameworkMethod.java:44)
	at org.junit.internal.runners.statements.InvokeMethod.evaluate(InvokeMethod.java:17)
	at org.junit.internal.runners.statements.RunBefores.evaluate(RunBefores.java:26)
	at org.junit.internal.runners.statements.RunAfters.evaluate(RunAfters.java:27)
	at org.junit.runners.ParentRunner.runLeaf(ParentRunner.java:271)
	at org.junit.runners.BlockJUnit4ClassRunner.runChild(BlockJUnit4ClassRunner.java:70)
	at org.junit.runners.BlockJUnit4ClassRunner.runChild(BlockJUnit4ClassRunner.java:50)
	at org.junit.runners.ParentRunner$3.run(ParentRunner.java:238)
	at org.junit.runners.ParentRunner$1.schedule(ParentRunner.java:63)
	at org.junit.runners.ParentRunner.runChildren(ParentRunner.java:236)
	at org.junit.runners.ParentRunner.access$000(ParentRunner.java:53)
	at org.junit.runners.ParentRunner$2.evaluate(ParentRunner.java:229)
	at org.junit.runners.ParentRunner.run(ParentRunner.java:309)
	at org.apache.maven.surefire.junit4.JUnit4Provider.execute(JUnit4Provider.java:365)
	at org.apache.maven.surefire.junit4.JUnit4Provider.executeWithRerun(JUnit4Provider.java:273)
	at org.apache.maven.surefire.junit4.JUnit4Provider.executeTestSet(JUnit4Provider.java:238)
	at org.apache.maven.surefire.junit4.JUnit4Provider.invoke(JUnit4Provider.java:159)
	at org.apache.maven.surefire.booter.ForkedBooter.invokeProviderInSameClassLoader(ForkedBooter.java:384)
	at org.apache.maven.surefire.booter.ForkedBooter.runSuitesInProcess(ForkedBooter.java:345)
	at org.apache.maven.surefire.booter.ForkedBooter.execute(ForkedBooter.java:126)
	at org.apache.maven.surefire.booter.ForkedBooter.main(ForkedBooter.java:418)

Jun 12, 2019 1:44:25 PM org.apache.ratis.thirdparty.io.grpc.internal.ManagedChannelOrphanWrapper$ManagedChannelReference cleanQueue
SEVERE: *~*~*~ Channel ManagedChannelImpl{logId=148, target=192.168.19.46:39551} was not shutdown properly!!! ~*~*~*
    Make sure to call shutdown()/shutdownNow() and wait until awaitTermination() returns true.
java.lang.RuntimeException: ManagedChannel allocation site
	at org.apache.ratis.thirdparty.io.grpc.internal.ManagedChannelOrphanWrapper$ManagedChannelReference.<init>(ManagedChannelOrphanWrapper.java:103)
	at org.apache.ratis.thirdparty.io.grpc.internal.ManagedChannelOrphanWrapper.<init>(ManagedChannelOrphanWrapper.java:53)
	at org.apache.ratis.thirdparty.io.grpc.internal.ManagedChannelOrphanWrapper.<init>(ManagedChannelOrphanWrapper.java:44)
	at org.apache.ratis.thirdparty.io.grpc.internal.AbstractManagedChannelImplBuilder.build(AbstractManagedChannelImplBuilder.java:411)
	at org.apache.ratis.grpc.client.GrpcClientProtocolClient.<init>(GrpcClientProtocolClient.java:118)
	at org.apache.ratis.grpc.client.GrpcClientRpc.lambda$new$0(GrpcClientRpc.java:55)
	at org.apache.ratis.util.PeerProxyMap$PeerAndProxy.lambda$getProxy$0(PeerProxyMap.java:61)
	at org.apache.ratis.util.LifeCycle.startAndTransition(LifeCycle.java:202)
	at org.apache.ratis.util.PeerProxyMap$PeerAndProxy.getProxy(PeerProxyMap.java:60)
	at org.apache.ratis.util.PeerProxyMap.getProxy(PeerProxyMap.java:107)
	at org.apache.ratis.grpc.client.GrpcClientRpc.sendRequest(GrpcClientRpc.java:91)
	at org.apache.ratis.client.impl.RaftClientImpl.sendRequest(RaftClientImpl.java:401)
	at org.apache.ratis.client.impl.RaftClientImpl.groupRemove(RaftClientImpl.java:280)
	at org.apache.hadoop.hdds.scm.pipeline.RatisPipelineUtils.destroyPipeline(RatisPipelineUtils.java:97)
	at org.apache.hadoop.hdds.scm.pipeline.RatisPipelineUtils.destroyPipeline(RatisPipelineUtils.java:64)
	at org.apache.hadoop.hdds.scm.pipeline.SCMPipelineManager.destroyPipeline(SCMPipelineManager.java:378)
	at org.apache.hadoop.hdds.scm.pipeline.SCMPipelineManager.finalizeAndDestroyPipeline(SCMPipelineManager.java:318)
	at org.apache.hadoop.ozone.container.ContainerTestHelper.waitForPipelineClose(ContainerTestHelper.java:799)
	at org.apache.hadoop.ozone.container.ContainerTestHelper.waitForPipelineClose(ContainerTestHelper.java:790)
	at org.apache.hadoop.ozone.container.ContainerTestHelper.waitForPipelineClose(ContainerTestHelper.java:754)
	at org.apache.hadoop.ozone.client.rpc.TestOzoneClientRetriesOnException.testGroupMismatchExceptionHandling(TestOzoneClientRetriesOnException.java:151)
	at sun.reflect.NativeMethodAccessorImpl.invoke0(Native Method)
	at sun.reflect.NativeMethodAccessorImpl.invoke(NativeMethodAccessorImpl.java:62)
	at sun.reflect.DelegatingMethodAccessorImpl.invoke(DelegatingMethodAccessorImpl.java:43)
	at java.lang.reflect.Method.invoke(Method.java:498)
	at org.junit.runners.model.FrameworkMethod$1.runReflectiveCall(FrameworkMethod.java:47)
	at org.junit.internal.runners.model.ReflectiveCallable.run(ReflectiveCallable.java:12)
	at org.junit.runners.model.FrameworkMethod.invokeExplosively(FrameworkMethod.java:44)
	at org.junit.internal.runners.statements.InvokeMethod.evaluate(InvokeMethod.java:17)
	at org.junit.internal.runners.statements.RunBefores.evaluate(RunBefores.java:26)
	at org.junit.internal.runners.statements.RunAfters.evaluate(RunAfters.java:27)
	at org.junit.runners.ParentRunner.runLeaf(ParentRunner.java:271)
	at org.junit.runners.BlockJUnit4ClassRunner.runChild(BlockJUnit4ClassRunner.java:70)
	at org.junit.runners.BlockJUnit4ClassRunner.runChild(BlockJUnit4ClassRunner.java:50)
	at org.junit.runners.ParentRunner$3.run(ParentRunner.java:238)
	at org.junit.runners.ParentRunner$1.schedule(ParentRunner.java:63)
	at org.junit.runners.ParentRunner.runChildren(ParentRunner.java:236)
	at org.junit.runners.ParentRunner.access$000(ParentRunner.java:53)
	at org.junit.runners.ParentRunner$2.evaluate(ParentRunner.java:229)
	at org.junit.runners.ParentRunner.run(ParentRunner.java:309)
	at org.apache.maven.surefire.junit4.JUnit4Provider.execute(JUnit4Provider.java:365)
	at org.apache.maven.surefire.junit4.JUnit4Provider.executeWithRerun(JUnit4Provider.java:273)
	at org.apache.maven.surefire.junit4.JUnit4Provider.executeTestSet(JUnit4Provider.java:238)
	at org.apache.maven.surefire.junit4.JUnit4Provider.invoke(JUnit4Provider.java:159)
	at org.apache.maven.surefire.booter.ForkedBooter.invokeProviderInSameClassLoader(ForkedBooter.java:384)
	at org.apache.maven.surefire.booter.ForkedBooter.runSuitesInProcess(ForkedBooter.java:345)
	at org.apache.maven.surefire.booter.ForkedBooter.execute(ForkedBooter.java:126)
	at org.apache.maven.surefire.booter.ForkedBooter.main(ForkedBooter.java:418)

Jun 12, 2019 1:44:25 PM org.apache.ratis.thirdparty.io.grpc.internal.ManagedChannelOrphanWrapper$ManagedChannelReference cleanQueue
SEVERE: *~*~*~ Channel ManagedChannelImpl{logId=143, target=192.168.19.46:40967} was not shutdown properly!!! ~*~*~*
    Make sure to call shutdown()/shutdownNow() and wait until awaitTermination() returns true.
java.lang.RuntimeException: ManagedChannel allocation site
	at org.apache.ratis.thirdparty.io.grpc.internal.ManagedChannelOrphanWrapper$ManagedChannelReference.<init>(ManagedChannelOrphanWrapper.java:103)
	at org.apache.ratis.thirdparty.io.grpc.internal.ManagedChannelOrphanWrapper.<init>(ManagedChannelOrphanWrapper.java:53)
	at org.apache.ratis.thirdparty.io.grpc.internal.ManagedChannelOrphanWrapper.<init>(ManagedChannelOrphanWrapper.java:44)
	at org.apache.ratis.thirdparty.io.grpc.internal.AbstractManagedChannelImplBuilder.build(AbstractManagedChannelImplBuilder.java:411)
	at org.apache.ratis.grpc.client.GrpcClientProtocolClient.<init>(GrpcClientProtocolClient.java:118)
	at org.apache.ratis.grpc.client.GrpcClientRpc.lambda$new$0(GrpcClientRpc.java:55)
	at org.apache.ratis.util.PeerProxyMap$PeerAndProxy.lambda$getProxy$0(PeerProxyMap.java:61)
	at org.apache.ratis.util.LifeCycle.startAndTransition(LifeCycle.java:202)
	at org.apache.ratis.util.PeerProxyMap$PeerAndProxy.getProxy(PeerProxyMap.java:60)
	at org.apache.ratis.util.PeerProxyMap.getProxy(PeerProxyMap.java:107)
	at org.apache.ratis.grpc.client.GrpcClientRpc.sendRequest(GrpcClientRpc.java:91)
	at org.apache.ratis.client.impl.RaftClientImpl.sendRequest(RaftClientImpl.java:401)
	at org.apache.ratis.client.impl.RaftClientImpl.groupRemove(RaftClientImpl.java:280)
	at org.apache.hadoop.hdds.scm.pipeline.RatisPipelineUtils.destroyPipeline(RatisPipelineUtils.java:97)
	at org.apache.hadoop.hdds.scm.pipeline.RatisPipelineUtils.destroyPipeline(RatisPipelineUtils.java:64)
	at org.apache.hadoop.hdds.scm.pipeline.SCMPipelineManager.destroyPipeline(SCMPipelineManager.java:378)
	at org.apache.hadoop.hdds.scm.pipeline.SCMPipelineManager.finalizeAndDestroyPipeline(SCMPipelineManager.java:318)
	at org.apache.hadoop.ozone.container.ContainerTestHelper.waitForPipelineClose(ContainerTestHelper.java:799)
	at org.apache.hadoop.ozone.container.ContainerTestHelper.waitForPipelineClose(ContainerTestHelper.java:790)
	at org.apache.hadoop.ozone.container.ContainerTestHelper.waitForPipelineClose(ContainerTestHelper.java:754)
	at org.apache.hadoop.ozone.client.rpc.TestOzoneClientRetriesOnException.testGroupMismatchExceptionHandling(TestOzoneClientRetriesOnException.java:151)
	at sun.reflect.NativeMethodAccessorImpl.invoke0(Native Method)
	at sun.reflect.NativeMethodAccessorImpl.invoke(NativeMethodAccessorImpl.java:62)
	at sun.reflect.DelegatingMethodAccessorImpl.invoke(DelegatingMethodAccessorImpl.java:43)
	at java.lang.reflect.Method.invoke(Method.java:498)
	at org.junit.runners.model.FrameworkMethod$1.runReflectiveCall(FrameworkMethod.java:47)
	at org.junit.internal.runners.model.ReflectiveCallable.run(ReflectiveCallable.java:12)
	at org.junit.runners.model.FrameworkMethod.invokeExplosively(FrameworkMethod.java:44)
	at org.junit.internal.runners.statements.InvokeMethod.evaluate(InvokeMethod.java:17)
	at org.junit.internal.runners.statements.RunBefores.evaluate(RunBefores.java:26)
	at org.junit.internal.runners.statements.RunAfters.evaluate(RunAfters.java:27)
	at org.junit.runners.ParentRunner.runLeaf(ParentRunner.java:271)
	at org.junit.runners.BlockJUnit4ClassRunner.runChild(BlockJUnit4ClassRunner.java:70)
	at org.junit.runners.BlockJUnit4ClassRunner.runChild(BlockJUnit4ClassRunner.java:50)
	at org.junit.runners.ParentRunner$3.run(ParentRunner.java:238)
	at org.junit.runners.ParentRunner$1.schedule(ParentRunner.java:63)
	at org.junit.runners.ParentRunner.runChildren(ParentRunner.java:236)
	at org.junit.runners.ParentRunner.access$000(ParentRunner.java:53)
	at org.junit.runners.ParentRunner$2.evaluate(ParentRunner.java:229)
	at org.junit.runners.ParentRunner.run(ParentRunner.java:309)
	at org.apache.maven.surefire.junit4.JUnit4Provider.execute(JUnit4Provider.java:365)
	at org.apache.maven.surefire.junit4.JUnit4Provider.executeWithRerun(JUnit4Provider.java:273)
	at org.apache.maven.surefire.junit4.JUnit4Provider.executeTestSet(JUnit4Provider.java:238)
	at org.apache.maven.surefire.junit4.JUnit4Provider.invoke(JUnit4Provider.java:159)
	at org.apache.maven.surefire.booter.ForkedBooter.invokeProviderInSameClassLoader(ForkedBooter.java:384)
	at org.apache.maven.surefire.booter.ForkedBooter.runSuitesInProcess(ForkedBooter.java:345)
	at org.apache.maven.surefire.booter.ForkedBooter.execute(ForkedBooter.java:126)
	at org.apache.maven.surefire.booter.ForkedBooter.main(ForkedBooter.java:418)

]]></system-err>
  </testcase>
</testsuite>