<?xml version="1.0" encoding="UTF-8"?>
<testsuite xmlns:xsi="http://www.w3.org/2001/XMLSchema-instance" xsi:noNamespaceSchemaLocation="https://maven.apache.org/surefire/maven-surefire-plugin/xsd/surefire-test-report.xsd" name="org.apache.hadoop.ozone.client.rpc.TestWatchForCommit" time="131.941" tests="6" errors="0" skipped="0" failures="1">
  <properties>
    <property name="awt.toolkit" value="sun.awt.X11.XToolkit"/>
    <property name="file.encoding.pkg" value="sun.io"/>
    <property name="java.specification.version" value="1.8"/>
    <property name="sun.cpu.isalist" value=""/>
    <property name="sun.jnu.encoding" value="UTF-8"/>
    <property name="java.class.path" value="/opt/src/hadoop-ozone/integration-test/target/test-classes:/opt/src/hadoop-ozone/integration-test/target/classes:/root/.m2/repository/org/apache/hadoop/hadoop-ozone-common/0.5.0-SNAPSHOT/hadoop-ozone-common-0.5.0-SNAPSHOT.jar:/root/.m2/repository/org/apache/commons/commons-compress/1.4.1/commons-compress-1.4.1.jar:/root/.m2/repository/org/tukaani/xz/1.0/xz-1.0.jar:/root/.m2/repository/org/apache/hadoop/hadoop-common/3.2.0/hadoop-common-3.2.0.jar:/root/.m2/repository/org/apache/hadoop/hadoop-hdfs/3.2.0/hadoop-hdfs-3.2.0.jar:/root/.m2/repository/org/apache/hadoop/hadoop-hdfs-client/3.2.0/hadoop-hdfs-client-3.2.0.jar:/root/.m2/repository/com/fasterxml/jackson/core/jackson-annotations/2.9.5/jackson-annotations-2.9.5.jar:/root/.m2/repository/org/apache/hadoop/hadoop-hdds-common/0.5.0-SNAPSHOT/hadoop-hdds-common-0.5.0-SNAPSHOT.jar:/root/.m2/repository/javax/annotation/javax.annotation-api/1.2/javax.annotation-api-1.2.jar:/root/.m2/repository/org/apache/ratis/ratis-server/0.4.0-fe2b15d-SNAPSHOT/ratis-server-0.4.0-fe2b15d-SNAPSHOT.jar:/root/.m2/repository/org/apache/ratis/ratis-thirdparty-misc/0.2.0/ratis-thirdparty-misc-0.2.0.jar:/root/.m2/repository/org/apache/ratis/ratis-proto/0.4.0-fe2b15d-SNAPSHOT/ratis-proto-0.4.0-fe2b15d-SNAPSHOT.jar:/root/.m2/repository/org/apache/ratis/ratis-common/0.4.0-fe2b15d-SNAPSHOT/ratis-common-0.4.0-fe2b15d-SNAPSHOT.jar:/root/.m2/repository/org/apache/ratis/ratis-client/0.4.0-fe2b15d-SNAPSHOT/ratis-client-0.4.0-fe2b15d-SNAPSHOT.jar:/root/.m2/repository/org/apache/ratis/ratis-netty/0.4.0-fe2b15d-SNAPSHOT/ratis-netty-0.4.0-fe2b15d-SNAPSHOT.jar:/root/.m2/repository/org/apache/ratis/ratis-grpc/0.4.0-fe2b15d-SNAPSHOT/ratis-grpc-0.4.0-fe2b15d-SNAPSHOT.jar:/root/.m2/repository/org/rocksdb/rocksdbjni/5.14.2/rocksdbjni-5.14.2.jar:/root/.m2/repository/org/apache/logging/log4j/log4j-api/2.11.0/log4j-api-2.11.0.jar:/root/.m2/repository/org/apache/logging/log4j/log4j-core/2.11.0/log4j-core-2.11.0.jar:/root/.m2/repository/com/lmax/disruptor/3.4.2/disruptor-3.4.2.jar:/root/.m2/repository/org/apache/commons/commons-pool2/2.6.0/commons-pool2-2.6.0.jar:/root/.m2/repository/org/bouncycastle/bcpkix-jdk15on/1.60/bcpkix-jdk15on-1.60.jar:/root/.m2/repository/commons-validator/commons-validator/1.6/commons-validator-1.6.jar:/root/.m2/repository/commons-digester/commons-digester/1.8.1/commons-digester-1.8.1.jar:/root/.m2/repository/io/jaegertracing/jaeger-client/0.33.1/jaeger-client-0.33.1.jar:/root/.m2/repository/io/jaegertracing/jaeger-thrift/0.33.1/jaeger-thrift-0.33.1.jar:/root/.m2/repository/org/apache/thrift/libthrift/0.11.0/libthrift-0.11.0.jar:/root/.m2/repository/com/squareup/okhttp3/okhttp/3.9.0/okhttp-3.9.0.jar:/root/.m2/repository/com/squareup/okio/okio/1.13.0/okio-1.13.0.jar:/root/.m2/repository/io/jaegertracing/jaeger-core/0.33.1/jaeger-core-0.33.1.jar:/root/.m2/repository/io/jaegertracing/jaeger-tracerresolver/0.33.1/jaeger-tracerresolver-0.33.1.jar:/root/.m2/repository/io/opentracing/contrib/opentracing-tracerresolver/0.1.5/opentracing-tracerresolver-0.1.5.jar:/root/.m2/repository/io/opentracing/opentracing-util/0.31.0/opentracing-util-0.31.0.jar:/root/.m2/repository/io/opentracing/opentracing-api/0.31.0/opentracing-api-0.31.0.jar:/root/.m2/repository/io/opentracing/opentracing-noop/0.31.0/opentracing-noop-0.31.0.jar:/root/.m2/repository/org/apache/hadoop/hadoop-hdds-server-framework/0.5.0-SNAPSHOT/hadoop-hdds-server-framework-0.5.0-SNAPSHOT.jar:/root/.m2/repository/org/apache/hadoop/hadoop-hdds-server-scm/0.5.0-SNAPSHOT/hadoop-hdds-server-scm-0.5.0-SNAPSHOT.jar:/root/.m2/repository/org/apache/hadoop/hadoop-hdds-container-service/0.5.0-SNAPSHOT/hadoop-hdds-container-service-0.5.0-SNAPSHOT.jar:/root/.m2/repository/org/apache/hadoop/hadoop-hdds-client/0.5.0-SNAPSHOT/hadoop-hdds-client-0.5.0-SNAPSHOT.jar:/root/.m2/repository/org/apache/hadoop/hadoop-hdds-tools/0.5.0-SNAPSHOT/hadoop-hdds-tools-0.5.0-SNAPSHOT.jar:/root/.m2/repository/org/apache/hadoop/hadoop-ozone-ozone-manager/0.5.0-SNAPSHOT/hadoop-ozone-ozone-manager-0.5.0-SNAPSHOT.jar:/root/.m2/repository/org/apache/hadoop/hadoop-hdds-docs/0.5.0-SNAPSHOT/hadoop-hdds-docs-0.5.0-SNAPSHOT.jar:/root/.m2/repository/org/bouncycastle/bcprov-jdk15on/1.60/bcprov-jdk15on-1.60.jar:/root/.m2/repository/org/apache/hadoop/hadoop-minikdc/3.2.0/hadoop-minikdc-3.2.0.jar:/root/.m2/repository/commons-io/commons-io/2.5/commons-io-2.5.jar:/root/.m2/repository/org/apache/kerby/kerb-simplekdc/1.0.1/kerb-simplekdc-1.0.1.jar:/root/.m2/repository/org/apache/kerby/kerb-client/1.0.1/kerb-client-1.0.1.jar:/root/.m2/repository/org/apache/kerby/kerby-config/1.0.1/kerby-config-1.0.1.jar:/root/.m2/repository/org/apache/kerby/kerb-core/1.0.1/kerb-core-1.0.1.jar:/root/.m2/repository/org/apache/kerby/kerby-pkix/1.0.1/kerby-pkix-1.0.1.jar:/root/.m2/repository/org/apache/kerby/kerby-asn1/1.0.1/kerby-asn1-1.0.1.jar:/root/.m2/repository/org/apache/kerby/kerby-util/1.0.1/kerby-util-1.0.1.jar:/root/.m2/repository/org/apache/kerby/kerb-common/1.0.1/kerb-common-1.0.1.jar:/root/.m2/repository/org/apache/kerby/kerb-crypto/1.0.1/kerb-crypto-1.0.1.jar:/root/.m2/repository/org/apache/kerby/kerb-util/1.0.1/kerb-util-1.0.1.jar:/root/.m2/repository/org/apache/kerby/token-provider/1.0.1/token-provider-1.0.1.jar:/root/.m2/repository/org/apache/kerby/kerb-admin/1.0.1/kerb-admin-1.0.1.jar:/root/.m2/repository/org/apache/kerby/kerb-server/1.0.1/kerb-server-1.0.1.jar:/root/.m2/repository/org/apache/kerby/kerb-identity/1.0.1/kerb-identity-1.0.1.jar:/root/.m2/repository/org/apache/kerby/kerby-xdr/1.0.1/kerby-xdr-1.0.1.jar:/root/.m2/repository/org/slf4j/slf4j-log4j12/1.7.25/slf4j-log4j12-1.7.25.jar:/root/.m2/repository/org/apache/hadoop/hadoop-ozone-objectstore-service/0.5.0-SNAPSHOT/hadoop-ozone-objectstore-service-0.5.0-SNAPSHOT.jar:/root/.m2/repository/org/apache/hadoop/hadoop-ozone-s3gateway/0.5.0-SNAPSHOT/hadoop-ozone-s3gateway-0.5.0-SNAPSHOT.jar:/root/.m2/repository/org/jboss/weld/servlet/weld-servlet/2.4.7.Final/weld-servlet-2.4.7.Final.jar:/root/.m2/repository/org/glassfish/jersey/containers/jersey-container-servlet-core/2.27/jersey-container-servlet-core-2.27.jar:/root/.m2/repository/org/glassfish/hk2/external/javax.inject/2.5.0-b42/javax.inject-2.5.0-b42.jar:/root/.m2/repository/org/glassfish/jersey/core/jersey-common/2.27/jersey-common-2.27.jar:/root/.m2/repository/org/glassfish/hk2/osgi-resource-locator/1.0.1/osgi-resource-locator-1.0.1.jar:/root/.m2/repository/javax/ws/rs/javax.ws.rs-api/2.1/javax.ws.rs-api-2.1.jar:/root/.m2/repository/org/glassfish/jersey/ext/cdi/jersey-cdi1x/2.27/jersey-cdi1x-2.27.jar:/root/.m2/repository/org/glassfish/jersey/inject/jersey-hk2/2.27/jersey-hk2-2.27.jar:/root/.m2/repository/org/glassfish/hk2/hk2-locator/2.5.0-b42/hk2-locator-2.5.0-b42.jar:/root/.m2/repository/org/javassist/javassist/3.22.0-CR2/javassist-3.22.0-CR2.jar:/root/.m2/repository/org/glassfish/hk2/hk2-api/2.5.0/hk2-api-2.5.0.jar:/root/.m2/repository/org/glassfish/hk2/external/jakarta.inject/2.5.0/jakarta.inject-2.5.0.jar:/root/.m2/repository/org/glassfish/hk2/hk2-utils/2.5.0/hk2-utils-2.5.0.jar:/root/.m2/repository/jakarta/annotation/jakarta.annotation-api/1.3.4/jakarta.annotation-api-1.3.4.jar:/root/.m2/repository/org/glassfish/hk2/external/aopalliance-repackaged/2.5.0/aopalliance-repackaged-2.5.0.jar:/root/.m2/repository/com/fasterxml/jackson/dataformat/jackson-dataformat-xml/2.9.0/jackson-dataformat-xml-2.9.0.jar:/root/.m2/repository/com/fasterxml/jackson/core/jackson-core/2.9.5/jackson-core-2.9.5.jar:/root/.m2/repository/com/fasterxml/jackson/module/jackson-module-jaxb-annotations/2.9.5/jackson-module-jaxb-annotations-2.9.5.jar:/root/.m2/repository/javax/enterprise/cdi-api/1.2/cdi-api-1.2.jar:/root/.m2/repository/javax/el/javax.el-api/3.0.0/javax.el-api-3.0.0.jar:/root/.m2/repository/javax/interceptor/javax.interceptor-api/1.2/javax.interceptor-api-1.2.jar:/root/.m2/repository/javax/inject/javax.inject/1/javax.inject-1.jar:/root/.m2/repository/com/sun/xml/bind/jaxb-impl/2.3.0.1/jaxb-impl-2.3.0.1.jar:/root/.m2/repository/com/sun/xml/bind/jaxb-core/2.3.0.1/jaxb-core-2.3.0.1.jar:/root/.m2/repository/javax/xml/bind/jaxb-api/2.3.0/jaxb-api-2.3.0.jar:/root/.m2/repository/javax/activation/activation/1.1.1/activation-1.1.1.jar:/root/.m2/repository/org/apache/hadoop/hadoop-ozone-csi/0.5.0-SNAPSHOT/hadoop-ozone-csi-0.5.0-SNAPSHOT.jar:/root/.m2/repository/com/google/protobuf/protobuf-java-util/3.5.1/protobuf-java-util-3.5.1.jar:/root/.m2/repository/org/apache/hadoop/hadoop-hdds-config/0.5.0-SNAPSHOT/hadoop-hdds-config-0.5.0-SNAPSHOT.jar:/root/.m2/repository/com/google/guava/guava/11.0.2/guava-11.0.2.jar:/root/.m2/repository/com/google/protobuf/protobuf-java/2.5.0/protobuf-java-2.5.0.jar:/root/.m2/repository/io/grpc/grpc-netty/1.17.1/grpc-netty-1.17.1.jar:/root/.m2/repository/io/grpc/grpc-core/1.17.1/grpc-core-1.17.1.jar:/root/.m2/repository/io/grpc/grpc-context/1.17.1/grpc-context-1.17.1.jar:/root/.m2/repository/com/google/errorprone/error_prone_annotations/2.2.0/error_prone_annotations-2.2.0.jar:/root/.m2/repository/org/codehaus/mojo/animal-sniffer-annotations/1.17/animal-sniffer-annotations-1.17.jar:/root/.m2/repository/io/opencensus/opencensus-api/0.17.0/opencensus-api-0.17.0.jar:/root/.m2/repository/io/opencensus/opencensus-contrib-grpc-metrics/0.17.0/opencensus-contrib-grpc-metrics-0.17.0.jar:/root/.m2/repository/io/netty/netty-codec-http2/4.1.30.Final/netty-codec-http2-4.1.30.Final.jar:/root/.m2/repository/io/netty/netty-codec-http/4.1.30.Final/netty-codec-http-4.1.30.Final.jar:/root/.m2/repository/io/netty/netty-codec/4.1.30.Final/netty-codec-4.1.30.Final.jar:/root/.m2/repository/io/netty/netty-handler/4.1.30.Final/netty-handler-4.1.30.Final.jar:/root/.m2/repository/io/netty/netty-handler-proxy/4.1.30.Final/netty-handler-proxy-4.1.30.Final.jar:/root/.m2/repository/io/netty/netty-codec-socks/4.1.30.Final/netty-codec-socks-4.1.30.Final.jar:/root/.m2/repository/io/netty/netty-transport-native-epoll/4.1.30.Final/netty-transport-native-epoll-4.1.30.Final.jar:/root/.m2/repository/io/netty/netty-common/4.1.30.Final/netty-common-4.1.30.Final.jar:/root/.m2/repository/io/netty/netty-buffer/4.1.30.Final/netty-buffer-4.1.30.Final.jar:/root/.m2/repository/io/netty/netty-transport/4.1.30.Final/netty-transport-4.1.30.Final.jar:/root/.m2/repository/io/netty/netty-resolver/4.1.30.Final/netty-resolver-4.1.30.Final.jar:/root/.m2/repository/io/netty/netty-transport-native-unix-common/4.1.30.Final/netty-transport-native-unix-common-4.1.30.Final.jar:/root/.m2/repository/io/grpc/grpc-protobuf/1.17.1/grpc-protobuf-1.17.1.jar:/root/.m2/repository/com/google/api/grpc/proto-google-common-protos/1.0.0/proto-google-common-protos-1.0.0.jar:/root/.m2/repository/io/grpc/grpc-protobuf-lite/1.17.1/grpc-protobuf-lite-1.17.1.jar:/root/.m2/repository/io/grpc/grpc-stub/1.17.1/grpc-stub-1.17.1.jar:/root/.m2/repository/org/apache/hadoop/hadoop-ozone-recon/0.5.0-SNAPSHOT/hadoop-ozone-recon-0.5.0-SNAPSHOT.jar:/root/.m2/repository/org/apache/hadoop/hadoop-ozone-reconcodegen/0.5.0-SNAPSHOT/hadoop-ozone-reconcodegen-0.5.0-SNAPSHOT.jar:/root/.m2/repository/com/google/inject/extensions/guice-multibindings/4.0/guice-multibindings-4.0.jar:/root/.m2/repository/com/google/inject/guice/4.0/guice-4.0.jar:/root/.m2/repository/aopalliance/aopalliance/1.0/aopalliance-1.0.jar:/root/.m2/repository/com/google/inject/extensions/guice-servlet/4.0/guice-servlet-4.0.jar:/root/.m2/repository/org/glassfish/jersey/containers/jersey-container-servlet/2.27/jersey-container-servlet-2.27.jar:/root/.m2/repository/org/glassfish/hk2/guice-bridge/2.5.0/guice-bridge-2.5.0.jar:/root/.m2/repository/org/glassfish/jersey/core/jersey-server/2.27/jersey-server-2.27.jar:/root/.m2/repository/org/glassfish/jersey/core/jersey-client/2.27/jersey-client-2.27.jar:/root/.m2/repository/org/glassfish/jersey/media/jersey-media-jaxb/2.27/jersey-media-jaxb-2.27.jar:/root/.m2/repository/javax/validation/validation-api/1.1.0.Final/validation-api-1.1.0.Final.jar:/root/.m2/repository/org/glassfish/jersey/media/jersey-media-json-jackson/2.27/jersey-media-json-jackson-2.27.jar:/root/.m2/repository/org/glassfish/jersey/ext/jersey-entity-filtering/2.27/jersey-entity-filtering-2.27.jar:/root/.m2/repository/com/google/inject/extensions/guice-assistedinject/4.0/guice-assistedinject-4.0.jar:/root/.m2/repository/org/jooq/jooq/3.11.10/jooq-3.11.10.jar:/root/.m2/repository/org/jooq/jooq-meta/3.11.10/jooq-meta-3.11.10.jar:/root/.m2/repository/org/jooq/jooq-codegen/3.11.10/jooq-codegen-3.11.10.jar:/root/.m2/repository/com/jolbox/bonecp/0.8.0.RELEASE/bonecp-0.8.0.RELEASE.jar:/root/.m2/repository/org/xerial/sqlite-jdbc/3.25.2/sqlite-jdbc-3.25.2.jar:/root/.m2/repository/org/springframework/spring-jdbc/5.1.3.RELEASE/spring-jdbc-5.1.3.RELEASE.jar:/root/.m2/repository/org/springframework/spring-beans/5.1.3.RELEASE/spring-beans-5.1.3.RELEASE.jar:/root/.m2/repository/org/springframework/spring-core/5.1.3.RELEASE/spring-core-5.1.3.RELEASE.jar:/root/.m2/repository/org/springframework/spring-jcl/5.1.3.RELEASE/spring-jcl-5.1.3.RELEASE.jar:/root/.m2/repository/org/springframework/spring-tx/5.1.3.RELEASE/spring-tx-5.1.3.RELEASE.jar:/root/.m2/repository/org/apache/hadoop/hadoop-ozone-client/0.5.0-SNAPSHOT/hadoop-ozone-client-0.5.0-SNAPSHOT.jar:/root/.m2/repository/org/apache/hadoop/hadoop-ozone-ozone-manager/0.5.0-SNAPSHOT/hadoop-ozone-ozone-manager-0.5.0-SNAPSHOT-tests.jar:/root/.m2/repository/junit/junit/4.11/junit-4.11.jar:/root/.m2/repository/org/hamcrest/hamcrest-core/1.3/hamcrest-core-1.3.jar:/root/.m2/repository/org/openjdk/jmh/jmh-core/1.19/jmh-core-1.19.jar:/root/.m2/repository/net/sf/jopt-simple/jopt-simple/4.6/jopt-simple-4.6.jar:/root/.m2/repository/org/apache/commons/commons-math3/3.1.1/commons-math3-3.1.1.jar:/root/.m2/repository/org/openjdk/jmh/jmh-generator-annprocess/1.19/jmh-generator-annprocess-1.19.jar:/root/.m2/repository/org/mockito/mockito-all/1.8.5/mockito-all-1.8.5.jar:/root/.m2/repository/org/apache/hadoop/hadoop-kms/3.2.0/hadoop-kms-3.2.0.jar:/root/.m2/repository/org/apache/hadoop/hadoop-auth/3.2.0/hadoop-auth-3.2.0.jar:/root/.m2/repository/com/nimbusds/nimbus-jose-jwt/4.41.1/nimbus-jose-jwt-4.41.1.jar:/root/.m2/repository/com/github/stephenc/jcip/jcip-annotations/1.0-1/jcip-annotations-1.0-1.jar:/root/.m2/repository/net/minidev/json-smart/2.3/json-smart-2.3.jar:/root/.m2/repository/net/minidev/accessors-smart/1.2/accessors-smart-1.2.jar:/root/.m2/repository/org/ow2/asm/asm/5.0.4/asm-5.0.4.jar:/root/.m2/repository/org/apache/curator/curator-framework/2.12.0/curator-framework-2.12.0.jar:/root/.m2/repository/com/sun/jersey/jersey-core/1.19/jersey-core-1.19.jar:/root/.m2/repository/javax/ws/rs/jsr311-api/1.1.1/jsr311-api-1.1.1.jar:/root/.m2/repository/com/sun/jersey/jersey-server/1.19/jersey-server-1.19.jar:/root/.m2/repository/javax/servlet/javax.servlet-api/3.1.0/javax.servlet-api-3.1.0.jar:/root/.m2/repository/org/eclipse/jetty/jetty-server/9.3.24.v20180605/jetty-server-9.3.24.v20180605.jar:/root/.m2/repository/org/eclipse/jetty/jetty-http/9.3.24.v20180605/jetty-http-9.3.24.v20180605.jar:/root/.m2/repository/org/eclipse/jetty/jetty-io/9.3.24.v20180605/jetty-io-9.3.24.v20180605.jar:/root/.m2/repository/org/eclipse/jetty/jetty-webapp/9.3.24.v20180605/jetty-webapp-9.3.24.v20180605.jar:/root/.m2/repository/org/eclipse/jetty/jetty-xml/9.3.24.v20180605/jetty-xml-9.3.24.v20180605.jar:/root/.m2/repository/log4j/log4j/1.2.17/log4j-1.2.17.jar:/root/.m2/repository/org/slf4j/slf4j-api/1.7.25/slf4j-api-1.7.25.jar:/root/.m2/repository/org/slf4j/jul-to-slf4j/1.7.25/jul-to-slf4j-1.7.25.jar:/root/.m2/repository/org/eclipse/jetty/jetty-util/9.3.24.v20180605/jetty-util-9.3.24.v20180605.jar:/root/.m2/repository/io/dropwizard/metrics/metrics-core/3.2.4/metrics-core-3.2.4.jar:/root/.m2/repository/com/fasterxml/jackson/core/jackson-databind/2.9.5/jackson-databind-2.9.5.jar:/root/.m2/repository/org/apache/hadoop/hadoop-kms/3.2.0/hadoop-kms-3.2.0-tests.jar:/root/.m2/repository/org/apache/hadoop/hadoop-hdds-server-scm/0.5.0-SNAPSHOT/hadoop-hdds-server-scm-0.5.0-SNAPSHOT-tests.jar:/root/.m2/repository/org/hamcrest/hamcrest-all/1.3/hamcrest-all-1.3.jar:/root/.m2/repository/info/picocli/picocli/3.9.6/picocli-3.9.6.jar:/root/.m2/repository/org/apache/hadoop/hadoop-hdds-container-service/0.5.0-SNAPSHOT/hadoop-hdds-container-service-0.5.0-SNAPSHOT-tests.jar:/root/.m2/repository/org/yaml/snakeyaml/1.16/snakeyaml-1.16.jar:/root/.m2/repository/org/apache/hadoop/hadoop-common/3.2.0/hadoop-common-3.2.0-tests.jar:/root/.m2/repository/org/apache/hadoop/hadoop-annotations/3.2.0/hadoop-annotations-3.2.0.jar:/usr/lib/jvm/java-1.8-openjdk/jre/../lib/tools.jar:/root/.m2/repository/commons-cli/commons-cli/1.2/commons-cli-1.2.jar:/root/.m2/repository/org/apache/httpcomponents/httpclient/4.5.2/httpclient-4.5.2.jar:/root/.m2/repository/org/apache/httpcomponents/httpcore/4.4.4/httpcore-4.4.4.jar:/root/.m2/repository/commons-codec/commons-codec/1.11/commons-codec-1.11.jar:/root/.m2/repository/commons-net/commons-net/3.6/commons-net-3.6.jar:/root/.m2/repository/commons-collections/commons-collections/3.2.2/commons-collections-3.2.2.jar:/root/.m2/repository/org/eclipse/jetty/jetty-servlet/9.3.24.v20180605/jetty-servlet-9.3.24.v20180605.jar:/root/.m2/repository/org/eclipse/jetty/jetty-security/9.3.24.v20180605/jetty-security-9.3.24.v20180605.jar:/root/.m2/repository/javax/servlet/jsp/jsp-api/2.1/jsp-api-2.1.jar:/root/.m2/repository/com/sun/jersey/jersey-servlet/1.19/jersey-servlet-1.19.jar:/root/.m2/repository/com/sun/jersey/jersey-json/1.19/jersey-json-1.19.jar:/root/.m2/repository/org/codehaus/jettison/jettison/1.1/jettison-1.1.jar:/root/.m2/repository/org/codehaus/jackson/jackson-core-asl/1.9.13/jackson-core-asl-1.9.13.jar:/root/.m2/repository/org/codehaus/jackson/jackson-mapper-asl/1.9.13/jackson-mapper-asl-1.9.13.jar:/root/.m2/repository/org/codehaus/jackson/jackson-jaxrs/1.9.13/jackson-jaxrs-1.9.13.jar:/root/.m2/repository/org/codehaus/jackson/jackson-xc/1.9.13/jackson-xc-1.9.13.jar:/root/.m2/repository/commons-logging/commons-logging/1.1.3/commons-logging-1.1.3.jar:/root/.m2/repository/commons-beanutils/commons-beanutils/1.9.3/commons-beanutils-1.9.3.jar:/root/.m2/repository/org/apache/commons/commons-configuration2/2.1.1/commons-configuration2-2.1.1.jar:/root/.m2/repository/org/apache/commons/commons-lang3/3.7/commons-lang3-3.7.jar:/root/.m2/repository/org/apache/commons/commons-text/1.4/commons-text-1.4.jar:/root/.m2/repository/org/apache/avro/avro/1.7.7/avro-1.7.7.jar:/root/.m2/repository/com/thoughtworks/paranamer/paranamer/2.3/paranamer-2.3.jar:/root/.m2/repository/org/xerial/snappy/snappy-java/1.0.5/snappy-java-1.0.5.jar:/root/.m2/repository/com/google/re2j/re2j/1.1/re2j-1.1.jar:/root/.m2/repository/com/google/code/gson/gson/2.2.4/gson-2.2.4.jar:/root/.m2/repository/com/jcraft/jsch/0.1.54/jsch-0.1.54.jar:/root/.m2/repository/org/apache/curator/curator-client/2.12.0/curator-client-2.12.0.jar:/root/.m2/repository/org/apache/curator/curator-recipes/2.12.0/curator-recipes-2.12.0.jar:/root/.m2/repository/com/google/code/findbugs/jsr305/3.0.0/jsr305-3.0.0.jar:/root/.m2/repository/org/apache/htrace/htrace-core4/4.1.0-incubating/htrace-core4-4.1.0-incubating.jar:/root/.m2/repository/org/apache/zookeeper/zookeeper/3.4.13/zookeeper-3.4.13.jar:/root/.m2/repository/org/apache/yetus/audience-annotations/0.5.0/audience-annotations-0.5.0.jar:/root/.m2/repository/org/codehaus/woodstox/stax2-api/3.1.4/stax2-api-3.1.4.jar:/root/.m2/repository/com/fasterxml/woodstox/woodstox-core/5.0.3/woodstox-core-5.0.3.jar:/root/.m2/repository/dnsjava/dnsjava/2.1.7/dnsjava-2.1.7.jar:/root/.m2/repository/org/apache/hadoop/hadoop-hdfs/3.2.0/hadoop-hdfs-3.2.0-tests.jar:/root/.m2/repository/org/eclipse/jetty/jetty-util-ajax/9.3.24.v20180605/jetty-util-ajax-9.3.24.v20180605.jar:/root/.m2/repository/commons-daemon/commons-daemon/1.0.13/commons-daemon-1.0.13.jar:/root/.m2/repository/io/netty/netty/3.10.5.Final/netty-3.10.5.Final.jar:/root/.m2/repository/io/netty/netty-all/4.0.52.Final/netty-all-4.0.52.Final.jar:/root/.m2/repository/org/fusesource/leveldbjni/leveldbjni-all/1.8/leveldbjni-all-1.8.jar:"/>
    <property name="java.vm.vendor" value="IcedTea"/>
    <property name="sun.arch.data.model" value="64"/>
    <property name="test.build.dir" value="/opt/src/hadoop-ozone/integration-test/target/test-dir"/>
    <property name="test.cache.data" value=""/>
    <property name="java.vendor.url" value="https://icedtea.classpath.org"/>
    <property name="user.timezone" value=""/>
    <property name="java.vm.specification.version" value="1.8"/>
    <property name="os.name" value="Linux"/>
    <property name="test.build.data" value="/opt/src/hadoop-ozone/integration-test/target/test-dir"/>
    <property name="user.country" value="US"/>
    <property name="sun.java.launcher" value="SUN_STANDARD"/>
    <property name="sun.boot.library.path" value="/usr/lib/jvm/java-1.8-openjdk/jre/lib/amd64"/>
    <property name="sun.java.command" value="/opt/src/hadoop-ozone/integration-test/target/surefire/surefirebooter5254919654033842563.jar /opt/src/hadoop-ozone/integration-test/target/surefire 2019-06-12T13-16-08_598-jvmRun1 surefire4012830597925933627tmp surefire_21232192675924885785tmp"/>
    <property name="surefire.test.class.path" value="/opt/src/hadoop-ozone/integration-test/target/test-classes:/opt/src/hadoop-ozone/integration-test/target/classes:/root/.m2/repository/org/apache/hadoop/hadoop-ozone-common/0.5.0-SNAPSHOT/hadoop-ozone-common-0.5.0-SNAPSHOT.jar:/root/.m2/repository/org/apache/commons/commons-compress/1.4.1/commons-compress-1.4.1.jar:/root/.m2/repository/org/tukaani/xz/1.0/xz-1.0.jar:/root/.m2/repository/org/apache/hadoop/hadoop-common/3.2.0/hadoop-common-3.2.0.jar:/root/.m2/repository/org/apache/hadoop/hadoop-hdfs/3.2.0/hadoop-hdfs-3.2.0.jar:/root/.m2/repository/org/apache/hadoop/hadoop-hdfs-client/3.2.0/hadoop-hdfs-client-3.2.0.jar:/root/.m2/repository/com/fasterxml/jackson/core/jackson-annotations/2.9.5/jackson-annotations-2.9.5.jar:/root/.m2/repository/org/apache/hadoop/hadoop-hdds-common/0.5.0-SNAPSHOT/hadoop-hdds-common-0.5.0-SNAPSHOT.jar:/root/.m2/repository/javax/annotation/javax.annotation-api/1.2/javax.annotation-api-1.2.jar:/root/.m2/repository/org/apache/ratis/ratis-server/0.4.0-fe2b15d-SNAPSHOT/ratis-server-0.4.0-fe2b15d-SNAPSHOT.jar:/root/.m2/repository/org/apache/ratis/ratis-thirdparty-misc/0.2.0/ratis-thirdparty-misc-0.2.0.jar:/root/.m2/repository/org/apache/ratis/ratis-proto/0.4.0-fe2b15d-SNAPSHOT/ratis-proto-0.4.0-fe2b15d-SNAPSHOT.jar:/root/.m2/repository/org/apache/ratis/ratis-common/0.4.0-fe2b15d-SNAPSHOT/ratis-common-0.4.0-fe2b15d-SNAPSHOT.jar:/root/.m2/repository/org/apache/ratis/ratis-client/0.4.0-fe2b15d-SNAPSHOT/ratis-client-0.4.0-fe2b15d-SNAPSHOT.jar:/root/.m2/repository/org/apache/ratis/ratis-netty/0.4.0-fe2b15d-SNAPSHOT/ratis-netty-0.4.0-fe2b15d-SNAPSHOT.jar:/root/.m2/repository/org/apache/ratis/ratis-grpc/0.4.0-fe2b15d-SNAPSHOT/ratis-grpc-0.4.0-fe2b15d-SNAPSHOT.jar:/root/.m2/repository/org/rocksdb/rocksdbjni/5.14.2/rocksdbjni-5.14.2.jar:/root/.m2/repository/org/apache/logging/log4j/log4j-api/2.11.0/log4j-api-2.11.0.jar:/root/.m2/repository/org/apache/logging/log4j/log4j-core/2.11.0/log4j-core-2.11.0.jar:/root/.m2/repository/com/lmax/disruptor/3.4.2/disruptor-3.4.2.jar:/root/.m2/repository/org/apache/commons/commons-pool2/2.6.0/commons-pool2-2.6.0.jar:/root/.m2/repository/org/bouncycastle/bcpkix-jdk15on/1.60/bcpkix-jdk15on-1.60.jar:/root/.m2/repository/commons-validator/commons-validator/1.6/commons-validator-1.6.jar:/root/.m2/repository/commons-digester/commons-digester/1.8.1/commons-digester-1.8.1.jar:/root/.m2/repository/io/jaegertracing/jaeger-client/0.33.1/jaeger-client-0.33.1.jar:/root/.m2/repository/io/jaegertracing/jaeger-thrift/0.33.1/jaeger-thrift-0.33.1.jar:/root/.m2/repository/org/apache/thrift/libthrift/0.11.0/libthrift-0.11.0.jar:/root/.m2/repository/com/squareup/okhttp3/okhttp/3.9.0/okhttp-3.9.0.jar:/root/.m2/repository/com/squareup/okio/okio/1.13.0/okio-1.13.0.jar:/root/.m2/repository/io/jaegertracing/jaeger-core/0.33.1/jaeger-core-0.33.1.jar:/root/.m2/repository/io/jaegertracing/jaeger-tracerresolver/0.33.1/jaeger-tracerresolver-0.33.1.jar:/root/.m2/repository/io/opentracing/contrib/opentracing-tracerresolver/0.1.5/opentracing-tracerresolver-0.1.5.jar:/root/.m2/repository/io/opentracing/opentracing-util/0.31.0/opentracing-util-0.31.0.jar:/root/.m2/repository/io/opentracing/opentracing-api/0.31.0/opentracing-api-0.31.0.jar:/root/.m2/repository/io/opentracing/opentracing-noop/0.31.0/opentracing-noop-0.31.0.jar:/root/.m2/repository/org/apache/hadoop/hadoop-hdds-server-framework/0.5.0-SNAPSHOT/hadoop-hdds-server-framework-0.5.0-SNAPSHOT.jar:/root/.m2/repository/org/apache/hadoop/hadoop-hdds-server-scm/0.5.0-SNAPSHOT/hadoop-hdds-server-scm-0.5.0-SNAPSHOT.jar:/root/.m2/repository/org/apache/hadoop/hadoop-hdds-container-service/0.5.0-SNAPSHOT/hadoop-hdds-container-service-0.5.0-SNAPSHOT.jar:/root/.m2/repository/org/apache/hadoop/hadoop-hdds-client/0.5.0-SNAPSHOT/hadoop-hdds-client-0.5.0-SNAPSHOT.jar:/root/.m2/repository/org/apache/hadoop/hadoop-hdds-tools/0.5.0-SNAPSHOT/hadoop-hdds-tools-0.5.0-SNAPSHOT.jar:/root/.m2/repository/org/apache/hadoop/hadoop-ozone-ozone-manager/0.5.0-SNAPSHOT/hadoop-ozone-ozone-manager-0.5.0-SNAPSHOT.jar:/root/.m2/repository/org/apache/hadoop/hadoop-hdds-docs/0.5.0-SNAPSHOT/hadoop-hdds-docs-0.5.0-SNAPSHOT.jar:/root/.m2/repository/org/bouncycastle/bcprov-jdk15on/1.60/bcprov-jdk15on-1.60.jar:/root/.m2/repository/org/apache/hadoop/hadoop-minikdc/3.2.0/hadoop-minikdc-3.2.0.jar:/root/.m2/repository/commons-io/commons-io/2.5/commons-io-2.5.jar:/root/.m2/repository/org/apache/kerby/kerb-simplekdc/1.0.1/kerb-simplekdc-1.0.1.jar:/root/.m2/repository/org/apache/kerby/kerb-client/1.0.1/kerb-client-1.0.1.jar:/root/.m2/repository/org/apache/kerby/kerby-config/1.0.1/kerby-config-1.0.1.jar:/root/.m2/repository/org/apache/kerby/kerb-core/1.0.1/kerb-core-1.0.1.jar:/root/.m2/repository/org/apache/kerby/kerby-pkix/1.0.1/kerby-pkix-1.0.1.jar:/root/.m2/repository/org/apache/kerby/kerby-asn1/1.0.1/kerby-asn1-1.0.1.jar:/root/.m2/repository/org/apache/kerby/kerby-util/1.0.1/kerby-util-1.0.1.jar:/root/.m2/repository/org/apache/kerby/kerb-common/1.0.1/kerb-common-1.0.1.jar:/root/.m2/repository/org/apache/kerby/kerb-crypto/1.0.1/kerb-crypto-1.0.1.jar:/root/.m2/repository/org/apache/kerby/kerb-util/1.0.1/kerb-util-1.0.1.jar:/root/.m2/repository/org/apache/kerby/token-provider/1.0.1/token-provider-1.0.1.jar:/root/.m2/repository/org/apache/kerby/kerb-admin/1.0.1/kerb-admin-1.0.1.jar:/root/.m2/repository/org/apache/kerby/kerb-server/1.0.1/kerb-server-1.0.1.jar:/root/.m2/repository/org/apache/kerby/kerb-identity/1.0.1/kerb-identity-1.0.1.jar:/root/.m2/repository/org/apache/kerby/kerby-xdr/1.0.1/kerby-xdr-1.0.1.jar:/root/.m2/repository/org/slf4j/slf4j-log4j12/1.7.25/slf4j-log4j12-1.7.25.jar:/root/.m2/repository/org/apache/hadoop/hadoop-ozone-objectstore-service/0.5.0-SNAPSHOT/hadoop-ozone-objectstore-service-0.5.0-SNAPSHOT.jar:/root/.m2/repository/org/apache/hadoop/hadoop-ozone-s3gateway/0.5.0-SNAPSHOT/hadoop-ozone-s3gateway-0.5.0-SNAPSHOT.jar:/root/.m2/repository/org/jboss/weld/servlet/weld-servlet/2.4.7.Final/weld-servlet-2.4.7.Final.jar:/root/.m2/repository/org/glassfish/jersey/containers/jersey-container-servlet-core/2.27/jersey-container-servlet-core-2.27.jar:/root/.m2/repository/org/glassfish/hk2/external/javax.inject/2.5.0-b42/javax.inject-2.5.0-b42.jar:/root/.m2/repository/org/glassfish/jersey/core/jersey-common/2.27/jersey-common-2.27.jar:/root/.m2/repository/org/glassfish/hk2/osgi-resource-locator/1.0.1/osgi-resource-locator-1.0.1.jar:/root/.m2/repository/javax/ws/rs/javax.ws.rs-api/2.1/javax.ws.rs-api-2.1.jar:/root/.m2/repository/org/glassfish/jersey/ext/cdi/jersey-cdi1x/2.27/jersey-cdi1x-2.27.jar:/root/.m2/repository/org/glassfish/jersey/inject/jersey-hk2/2.27/jersey-hk2-2.27.jar:/root/.m2/repository/org/glassfish/hk2/hk2-locator/2.5.0-b42/hk2-locator-2.5.0-b42.jar:/root/.m2/repository/org/javassist/javassist/3.22.0-CR2/javassist-3.22.0-CR2.jar:/root/.m2/repository/org/glassfish/hk2/hk2-api/2.5.0/hk2-api-2.5.0.jar:/root/.m2/repository/org/glassfish/hk2/external/jakarta.inject/2.5.0/jakarta.inject-2.5.0.jar:/root/.m2/repository/org/glassfish/hk2/hk2-utils/2.5.0/hk2-utils-2.5.0.jar:/root/.m2/repository/jakarta/annotation/jakarta.annotation-api/1.3.4/jakarta.annotation-api-1.3.4.jar:/root/.m2/repository/org/glassfish/hk2/external/aopalliance-repackaged/2.5.0/aopalliance-repackaged-2.5.0.jar:/root/.m2/repository/com/fasterxml/jackson/dataformat/jackson-dataformat-xml/2.9.0/jackson-dataformat-xml-2.9.0.jar:/root/.m2/repository/com/fasterxml/jackson/core/jackson-core/2.9.5/jackson-core-2.9.5.jar:/root/.m2/repository/com/fasterxml/jackson/module/jackson-module-jaxb-annotations/2.9.5/jackson-module-jaxb-annotations-2.9.5.jar:/root/.m2/repository/javax/enterprise/cdi-api/1.2/cdi-api-1.2.jar:/root/.m2/repository/javax/el/javax.el-api/3.0.0/javax.el-api-3.0.0.jar:/root/.m2/repository/javax/interceptor/javax.interceptor-api/1.2/javax.interceptor-api-1.2.jar:/root/.m2/repository/javax/inject/javax.inject/1/javax.inject-1.jar:/root/.m2/repository/com/sun/xml/bind/jaxb-impl/2.3.0.1/jaxb-impl-2.3.0.1.jar:/root/.m2/repository/com/sun/xml/bind/jaxb-core/2.3.0.1/jaxb-core-2.3.0.1.jar:/root/.m2/repository/javax/xml/bind/jaxb-api/2.3.0/jaxb-api-2.3.0.jar:/root/.m2/repository/javax/activation/activation/1.1.1/activation-1.1.1.jar:/root/.m2/repository/org/apache/hadoop/hadoop-ozone-csi/0.5.0-SNAPSHOT/hadoop-ozone-csi-0.5.0-SNAPSHOT.jar:/root/.m2/repository/com/google/protobuf/protobuf-java-util/3.5.1/protobuf-java-util-3.5.1.jar:/root/.m2/repository/org/apache/hadoop/hadoop-hdds-config/0.5.0-SNAPSHOT/hadoop-hdds-config-0.5.0-SNAPSHOT.jar:/root/.m2/repository/com/google/guava/guava/11.0.2/guava-11.0.2.jar:/root/.m2/repository/com/google/protobuf/protobuf-java/2.5.0/protobuf-java-2.5.0.jar:/root/.m2/repository/io/grpc/grpc-netty/1.17.1/grpc-netty-1.17.1.jar:/root/.m2/repository/io/grpc/grpc-core/1.17.1/grpc-core-1.17.1.jar:/root/.m2/repository/io/grpc/grpc-context/1.17.1/grpc-context-1.17.1.jar:/root/.m2/repository/com/google/errorprone/error_prone_annotations/2.2.0/error_prone_annotations-2.2.0.jar:/root/.m2/repository/org/codehaus/mojo/animal-sniffer-annotations/1.17/animal-sniffer-annotations-1.17.jar:/root/.m2/repository/io/opencensus/opencensus-api/0.17.0/opencensus-api-0.17.0.jar:/root/.m2/repository/io/opencensus/opencensus-contrib-grpc-metrics/0.17.0/opencensus-contrib-grpc-metrics-0.17.0.jar:/root/.m2/repository/io/netty/netty-codec-http2/4.1.30.Final/netty-codec-http2-4.1.30.Final.jar:/root/.m2/repository/io/netty/netty-codec-http/4.1.30.Final/netty-codec-http-4.1.30.Final.jar:/root/.m2/repository/io/netty/netty-codec/4.1.30.Final/netty-codec-4.1.30.Final.jar:/root/.m2/repository/io/netty/netty-handler/4.1.30.Final/netty-handler-4.1.30.Final.jar:/root/.m2/repository/io/netty/netty-handler-proxy/4.1.30.Final/netty-handler-proxy-4.1.30.Final.jar:/root/.m2/repository/io/netty/netty-codec-socks/4.1.30.Final/netty-codec-socks-4.1.30.Final.jar:/root/.m2/repository/io/netty/netty-transport-native-epoll/4.1.30.Final/netty-transport-native-epoll-4.1.30.Final.jar:/root/.m2/repository/io/netty/netty-common/4.1.30.Final/netty-common-4.1.30.Final.jar:/root/.m2/repository/io/netty/netty-buffer/4.1.30.Final/netty-buffer-4.1.30.Final.jar:/root/.m2/repository/io/netty/netty-transport/4.1.30.Final/netty-transport-4.1.30.Final.jar:/root/.m2/repository/io/netty/netty-resolver/4.1.30.Final/netty-resolver-4.1.30.Final.jar:/root/.m2/repository/io/netty/netty-transport-native-unix-common/4.1.30.Final/netty-transport-native-unix-common-4.1.30.Final.jar:/root/.m2/repository/io/grpc/grpc-protobuf/1.17.1/grpc-protobuf-1.17.1.jar:/root/.m2/repository/com/google/api/grpc/proto-google-common-protos/1.0.0/proto-google-common-protos-1.0.0.jar:/root/.m2/repository/io/grpc/grpc-protobuf-lite/1.17.1/grpc-protobuf-lite-1.17.1.jar:/root/.m2/repository/io/grpc/grpc-stub/1.17.1/grpc-stub-1.17.1.jar:/root/.m2/repository/org/apache/hadoop/hadoop-ozone-recon/0.5.0-SNAPSHOT/hadoop-ozone-recon-0.5.0-SNAPSHOT.jar:/root/.m2/repository/org/apache/hadoop/hadoop-ozone-reconcodegen/0.5.0-SNAPSHOT/hadoop-ozone-reconcodegen-0.5.0-SNAPSHOT.jar:/root/.m2/repository/com/google/inject/extensions/guice-multibindings/4.0/guice-multibindings-4.0.jar:/root/.m2/repository/com/google/inject/guice/4.0/guice-4.0.jar:/root/.m2/repository/aopalliance/aopalliance/1.0/aopalliance-1.0.jar:/root/.m2/repository/com/google/inject/extensions/guice-servlet/4.0/guice-servlet-4.0.jar:/root/.m2/repository/org/glassfish/jersey/containers/jersey-container-servlet/2.27/jersey-container-servlet-2.27.jar:/root/.m2/repository/org/glassfish/hk2/guice-bridge/2.5.0/guice-bridge-2.5.0.jar:/root/.m2/repository/org/glassfish/jersey/core/jersey-server/2.27/jersey-server-2.27.jar:/root/.m2/repository/org/glassfish/jersey/core/jersey-client/2.27/jersey-client-2.27.jar:/root/.m2/repository/org/glassfish/jersey/media/jersey-media-jaxb/2.27/jersey-media-jaxb-2.27.jar:/root/.m2/repository/javax/validation/validation-api/1.1.0.Final/validation-api-1.1.0.Final.jar:/root/.m2/repository/org/glassfish/jersey/media/jersey-media-json-jackson/2.27/jersey-media-json-jackson-2.27.jar:/root/.m2/repository/org/glassfish/jersey/ext/jersey-entity-filtering/2.27/jersey-entity-filtering-2.27.jar:/root/.m2/repository/com/google/inject/extensions/guice-assistedinject/4.0/guice-assistedinject-4.0.jar:/root/.m2/repository/org/jooq/jooq/3.11.10/jooq-3.11.10.jar:/root/.m2/repository/org/jooq/jooq-meta/3.11.10/jooq-meta-3.11.10.jar:/root/.m2/repository/org/jooq/jooq-codegen/3.11.10/jooq-codegen-3.11.10.jar:/root/.m2/repository/com/jolbox/bonecp/0.8.0.RELEASE/bonecp-0.8.0.RELEASE.jar:/root/.m2/repository/org/xerial/sqlite-jdbc/3.25.2/sqlite-jdbc-3.25.2.jar:/root/.m2/repository/org/springframework/spring-jdbc/5.1.3.RELEASE/spring-jdbc-5.1.3.RELEASE.jar:/root/.m2/repository/org/springframework/spring-beans/5.1.3.RELEASE/spring-beans-5.1.3.RELEASE.jar:/root/.m2/repository/org/springframework/spring-core/5.1.3.RELEASE/spring-core-5.1.3.RELEASE.jar:/root/.m2/repository/org/springframework/spring-jcl/5.1.3.RELEASE/spring-jcl-5.1.3.RELEASE.jar:/root/.m2/repository/org/springframework/spring-tx/5.1.3.RELEASE/spring-tx-5.1.3.RELEASE.jar:/root/.m2/repository/org/apache/hadoop/hadoop-ozone-client/0.5.0-SNAPSHOT/hadoop-ozone-client-0.5.0-SNAPSHOT.jar:/root/.m2/repository/org/apache/hadoop/hadoop-ozone-ozone-manager/0.5.0-SNAPSHOT/hadoop-ozone-ozone-manager-0.5.0-SNAPSHOT-tests.jar:/root/.m2/repository/junit/junit/4.11/junit-4.11.jar:/root/.m2/repository/org/hamcrest/hamcrest-core/1.3/hamcrest-core-1.3.jar:/root/.m2/repository/org/openjdk/jmh/jmh-core/1.19/jmh-core-1.19.jar:/root/.m2/repository/net/sf/jopt-simple/jopt-simple/4.6/jopt-simple-4.6.jar:/root/.m2/repository/org/apache/commons/commons-math3/3.1.1/commons-math3-3.1.1.jar:/root/.m2/repository/org/openjdk/jmh/jmh-generator-annprocess/1.19/jmh-generator-annprocess-1.19.jar:/root/.m2/repository/org/mockito/mockito-all/1.8.5/mockito-all-1.8.5.jar:/root/.m2/repository/org/apache/hadoop/hadoop-kms/3.2.0/hadoop-kms-3.2.0.jar:/root/.m2/repository/org/apache/hadoop/hadoop-auth/3.2.0/hadoop-auth-3.2.0.jar:/root/.m2/repository/com/nimbusds/nimbus-jose-jwt/4.41.1/nimbus-jose-jwt-4.41.1.jar:/root/.m2/repository/com/github/stephenc/jcip/jcip-annotations/1.0-1/jcip-annotations-1.0-1.jar:/root/.m2/repository/net/minidev/json-smart/2.3/json-smart-2.3.jar:/root/.m2/repository/net/minidev/accessors-smart/1.2/accessors-smart-1.2.jar:/root/.m2/repository/org/ow2/asm/asm/5.0.4/asm-5.0.4.jar:/root/.m2/repository/org/apache/curator/curator-framework/2.12.0/curator-framework-2.12.0.jar:/root/.m2/repository/com/sun/jersey/jersey-core/1.19/jersey-core-1.19.jar:/root/.m2/repository/javax/ws/rs/jsr311-api/1.1.1/jsr311-api-1.1.1.jar:/root/.m2/repository/com/sun/jersey/jersey-server/1.19/jersey-server-1.19.jar:/root/.m2/repository/javax/servlet/javax.servlet-api/3.1.0/javax.servlet-api-3.1.0.jar:/root/.m2/repository/org/eclipse/jetty/jetty-server/9.3.24.v20180605/jetty-server-9.3.24.v20180605.jar:/root/.m2/repository/org/eclipse/jetty/jetty-http/9.3.24.v20180605/jetty-http-9.3.24.v20180605.jar:/root/.m2/repository/org/eclipse/jetty/jetty-io/9.3.24.v20180605/jetty-io-9.3.24.v20180605.jar:/root/.m2/repository/org/eclipse/jetty/jetty-webapp/9.3.24.v20180605/jetty-webapp-9.3.24.v20180605.jar:/root/.m2/repository/org/eclipse/jetty/jetty-xml/9.3.24.v20180605/jetty-xml-9.3.24.v20180605.jar:/root/.m2/repository/log4j/log4j/1.2.17/log4j-1.2.17.jar:/root/.m2/repository/org/slf4j/slf4j-api/1.7.25/slf4j-api-1.7.25.jar:/root/.m2/repository/org/slf4j/jul-to-slf4j/1.7.25/jul-to-slf4j-1.7.25.jar:/root/.m2/repository/org/eclipse/jetty/jetty-util/9.3.24.v20180605/jetty-util-9.3.24.v20180605.jar:/root/.m2/repository/io/dropwizard/metrics/metrics-core/3.2.4/metrics-core-3.2.4.jar:/root/.m2/repository/com/fasterxml/jackson/core/jackson-databind/2.9.5/jackson-databind-2.9.5.jar:/root/.m2/repository/org/apache/hadoop/hadoop-kms/3.2.0/hadoop-kms-3.2.0-tests.jar:/root/.m2/repository/org/apache/hadoop/hadoop-hdds-server-scm/0.5.0-SNAPSHOT/hadoop-hdds-server-scm-0.5.0-SNAPSHOT-tests.jar:/root/.m2/repository/org/hamcrest/hamcrest-all/1.3/hamcrest-all-1.3.jar:/root/.m2/repository/info/picocli/picocli/3.9.6/picocli-3.9.6.jar:/root/.m2/repository/org/apache/hadoop/hadoop-hdds-container-service/0.5.0-SNAPSHOT/hadoop-hdds-container-service-0.5.0-SNAPSHOT-tests.jar:/root/.m2/repository/org/yaml/snakeyaml/1.16/snakeyaml-1.16.jar:/root/.m2/repository/org/apache/hadoop/hadoop-common/3.2.0/hadoop-common-3.2.0-tests.jar:/root/.m2/repository/org/apache/hadoop/hadoop-annotations/3.2.0/hadoop-annotations-3.2.0.jar:/usr/lib/jvm/java-1.8-openjdk/jre/../lib/tools.jar:/root/.m2/repository/commons-cli/commons-cli/1.2/commons-cli-1.2.jar:/root/.m2/repository/org/apache/httpcomponents/httpclient/4.5.2/httpclient-4.5.2.jar:/root/.m2/repository/org/apache/httpcomponents/httpcore/4.4.4/httpcore-4.4.4.jar:/root/.m2/repository/commons-codec/commons-codec/1.11/commons-codec-1.11.jar:/root/.m2/repository/commons-net/commons-net/3.6/commons-net-3.6.jar:/root/.m2/repository/commons-collections/commons-collections/3.2.2/commons-collections-3.2.2.jar:/root/.m2/repository/org/eclipse/jetty/jetty-servlet/9.3.24.v20180605/jetty-servlet-9.3.24.v20180605.jar:/root/.m2/repository/org/eclipse/jetty/jetty-security/9.3.24.v20180605/jetty-security-9.3.24.v20180605.jar:/root/.m2/repository/javax/servlet/jsp/jsp-api/2.1/jsp-api-2.1.jar:/root/.m2/repository/com/sun/jersey/jersey-servlet/1.19/jersey-servlet-1.19.jar:/root/.m2/repository/com/sun/jersey/jersey-json/1.19/jersey-json-1.19.jar:/root/.m2/repository/org/codehaus/jettison/jettison/1.1/jettison-1.1.jar:/root/.m2/repository/org/codehaus/jackson/jackson-core-asl/1.9.13/jackson-core-asl-1.9.13.jar:/root/.m2/repository/org/codehaus/jackson/jackson-mapper-asl/1.9.13/jackson-mapper-asl-1.9.13.jar:/root/.m2/repository/org/codehaus/jackson/jackson-jaxrs/1.9.13/jackson-jaxrs-1.9.13.jar:/root/.m2/repository/org/codehaus/jackson/jackson-xc/1.9.13/jackson-xc-1.9.13.jar:/root/.m2/repository/commons-logging/commons-logging/1.1.3/commons-logging-1.1.3.jar:/root/.m2/repository/commons-beanutils/commons-beanutils/1.9.3/commons-beanutils-1.9.3.jar:/root/.m2/repository/org/apache/commons/commons-configuration2/2.1.1/commons-configuration2-2.1.1.jar:/root/.m2/repository/org/apache/commons/commons-lang3/3.7/commons-lang3-3.7.jar:/root/.m2/repository/org/apache/commons/commons-text/1.4/commons-text-1.4.jar:/root/.m2/repository/org/apache/avro/avro/1.7.7/avro-1.7.7.jar:/root/.m2/repository/com/thoughtworks/paranamer/paranamer/2.3/paranamer-2.3.jar:/root/.m2/repository/org/xerial/snappy/snappy-java/1.0.5/snappy-java-1.0.5.jar:/root/.m2/repository/com/google/re2j/re2j/1.1/re2j-1.1.jar:/root/.m2/repository/com/google/code/gson/gson/2.2.4/gson-2.2.4.jar:/root/.m2/repository/com/jcraft/jsch/0.1.54/jsch-0.1.54.jar:/root/.m2/repository/org/apache/curator/curator-client/2.12.0/curator-client-2.12.0.jar:/root/.m2/repository/org/apache/curator/curator-recipes/2.12.0/curator-recipes-2.12.0.jar:/root/.m2/repository/com/google/code/findbugs/jsr305/3.0.0/jsr305-3.0.0.jar:/root/.m2/repository/org/apache/htrace/htrace-core4/4.1.0-incubating/htrace-core4-4.1.0-incubating.jar:/root/.m2/repository/org/apache/zookeeper/zookeeper/3.4.13/zookeeper-3.4.13.jar:/root/.m2/repository/org/apache/yetus/audience-annotations/0.5.0/audience-annotations-0.5.0.jar:/root/.m2/repository/org/codehaus/woodstox/stax2-api/3.1.4/stax2-api-3.1.4.jar:/root/.m2/repository/com/fasterxml/woodstox/woodstox-core/5.0.3/woodstox-core-5.0.3.jar:/root/.m2/repository/dnsjava/dnsjava/2.1.7/dnsjava-2.1.7.jar:/root/.m2/repository/org/apache/hadoop/hadoop-hdfs/3.2.0/hadoop-hdfs-3.2.0-tests.jar:/root/.m2/repository/org/eclipse/jetty/jetty-util-ajax/9.3.24.v20180605/jetty-util-ajax-9.3.24.v20180605.jar:/root/.m2/repository/commons-daemon/commons-daemon/1.0.13/commons-daemon-1.0.13.jar:/root/.m2/repository/io/netty/netty/3.10.5.Final/netty-3.10.5.Final.jar:/root/.m2/repository/io/netty/netty-all/4.0.52.Final/netty-all-4.0.52.Final.jar:/root/.m2/repository/org/fusesource/leveldbjni/leveldbjni-all/1.8/leveldbjni-all-1.8.jar:"/>
    <property name="sun.cpu.endian" value="little"/>
    <property name="user.home" value="/root"/>
    <property name="user.language" value="en"/>
    <property name="java.specification.vendor" value="Oracle Corporation"/>
    <property name="java.home" value="/usr/lib/jvm/java-1.8-openjdk/jre"/>
    <property name="java.security.krb5.conf" value="/opt/src/hadoop-ozone/integration-test/target/test-classes/krb5.conf"/>
    <property name="basedir" value="/opt/src/hadoop-ozone/integration-test"/>
    <property name="file.separator" value="/"/>
    <property name="line.separator" value="&#10;"/>
    <property name="java.vm.specification.vendor" value="Oracle Corporation"/>
    <property name="java.specification.name" value="Java Platform API Specification"/>
    <property name="java.awt.graphicsenv" value="sun.awt.X11GraphicsEnvironment"/>
    <property name="surefire.real.class.path" value="/opt/src/hadoop-ozone/integration-test/target/surefire/surefirebooter5254919654033842563.jar"/>
    <property name="hadoop.log.dir" value="/opt/src/hadoop-ozone/integration-test/target/log"/>
    <property name="sun.boot.class.path" value="/usr/lib/jvm/java-1.8-openjdk/jre/lib/resources.jar:/usr/lib/jvm/java-1.8-openjdk/jre/lib/rt.jar:/usr/lib/jvm/java-1.8-openjdk/jre/lib/sunrsasign.jar:/usr/lib/jvm/java-1.8-openjdk/jre/lib/jsse.jar:/usr/lib/jvm/java-1.8-openjdk/jre/lib/jce.jar:/usr/lib/jvm/java-1.8-openjdk/jre/lib/charsets.jar:/usr/lib/jvm/java-1.8-openjdk/jre/lib/jfr.jar:/usr/lib/jvm/java-1.8-openjdk/jre/classes"/>
    <property name="sun.management.compiler" value="HotSpot 64-Bit Tiered Compilers"/>
    <property name="java.runtime.version" value="1.8.0_212-b04"/>
    <property name="java.net.preferIPv4Stack" value="true"/>
    <property name="user.name" value="root"/>
    <property name="path.separator" value=":"/>
    <property name="java.security.egd" value="file:///dev/urandom"/>
    <property name="os.version" value="4.15.0-1021-aws"/>
    <property name="java.endorsed.dirs" value="/usr/lib/jvm/java-1.8-openjdk/jre/lib/endorsed"/>
    <property name="java.runtime.name" value="OpenJDK Runtime Environment"/>
    <property name="file.encoding" value="UTF-8"/>
    <property name="java.vm.name" value="OpenJDK 64-Bit Server VM"/>
    <property name="test.build.webapps" value=""/>
    <property name="localRepository" value="/root/.m2/repository"/>
    <property name="java.vendor.url.bug" value="https://icedtea.classpath.org/bugzilla"/>
    <property name="java.io.tmpdir" value="/tmp"/>
    <property name="require.test.libhadoop" value=""/>
    <property name="java.version" value="1.8.0_212"/>
    <property name="user.dir" value="/opt/src/hadoop-ozone/integration-test"/>
    <property name="os.arch" value="amd64"/>
    <property name="java.vm.specification.name" value="Java Virtual Machine Specification"/>
    <property name="test.build.classes" value="/opt/src/hadoop-ozone/integration-test/target/test-classes"/>
    <property name="java.awt.printerjob" value="sun.print.PSPrinterJob"/>
    <property name="sun.os.patch.level" value="unknown"/>
    <property name="hadoop.tmp.dir" value="/opt/src/hadoop-ozone/integration-test/target/tmp"/>
    <property name="java.library.path" value="/usr/lib/jvm/java-1.8-openjdk/jre/lib/amd64/server:/usr/lib/jvm/java-1.8-openjdk/jre/lib/amd64:/usr/lib/jvm/java-1.8-openjdk/jre/../lib/amd64:/opt/src/hadoop-ozone/integration-test/target/native/target/usr/local/lib:/opt/src/hadoop-ozone/integration-test/../../hadoop-common-project/hadoop-common/target/native/target/usr/local/lib:/usr/java/packages/lib/amd64:/usr/lib64:/lib64:/lib:/usr/lib"/>
    <property name="java.vm.info" value="mixed mode"/>
    <property name="java.vendor" value="IcedTea"/>
    <property name="java.vm.version" value="25.212-b04"/>
    <property name="java.ext.dirs" value="/usr/lib/jvm/java-1.8-openjdk/jre/lib/ext:/usr/java/packages/lib/ext"/>
    <property name="sun.io.unicode.encoding" value="UnicodeLittle"/>
    <property name="java.class.version" value="52.0"/>
  </properties>
  <testcase name="testWatchForCommitWithKeyWrite" classname="org.apache.hadoop.ozone.client.rpc.TestWatchForCommit" time="19.749"/>
  <testcase name="testWatchForCommitWithSmallerTimeoutValue" classname="org.apache.hadoop.ozone.client.rpc.TestWatchForCommit" time="14.06"/>
  <testcase name="testWatchForCommitForRetryfailure" classname="org.apache.hadoop.ozone.client.rpc.TestWatchForCommit" time="47.798">
    <failure type="java.lang.AssertionError">java.lang.AssertionError
	at org.junit.Assert.fail(Assert.java:86)
	at org.junit.Assert.assertTrue(Assert.java:41)
	at org.junit.Assert.assertTrue(Assert.java:52)
	at org.apache.hadoop.ozone.client.rpc.TestWatchForCommit.testWatchForCommitForRetryfailure(TestWatchForCommit.java:350)
	at sun.reflect.NativeMethodAccessorImpl.invoke0(Native Method)
	at sun.reflect.NativeMethodAccessorImpl.invoke(NativeMethodAccessorImpl.java:62)
	at sun.reflect.DelegatingMethodAccessorImpl.invoke(DelegatingMethodAccessorImpl.java:43)
	at java.lang.reflect.Method.invoke(Method.java:498)
	at org.junit.runners.model.FrameworkMethod$1.runReflectiveCall(FrameworkMethod.java:47)
	at org.junit.internal.runners.model.ReflectiveCallable.run(ReflectiveCallable.java:12)
	at org.junit.runners.model.FrameworkMethod.invokeExplosively(FrameworkMethod.java:44)
	at org.junit.internal.runners.statements.InvokeMethod.evaluate(InvokeMethod.java:17)
	at org.junit.runners.ParentRunner.runLeaf(ParentRunner.java:271)
	at org.junit.runners.BlockJUnit4ClassRunner.runChild(BlockJUnit4ClassRunner.java:70)
	at org.junit.runners.BlockJUnit4ClassRunner.runChild(BlockJUnit4ClassRunner.java:50)
	at org.junit.runners.ParentRunner$3.run(ParentRunner.java:238)
	at org.junit.runners.ParentRunner$1.schedule(ParentRunner.java:63)
	at org.junit.runners.ParentRunner.runChildren(ParentRunner.java:236)
	at org.junit.runners.ParentRunner.access$000(ParentRunner.java:53)
	at org.junit.runners.ParentRunner$2.evaluate(ParentRunner.java:229)
	at org.junit.runners.ParentRunner.run(ParentRunner.java:309)
	at org.apache.maven.surefire.junit4.JUnit4Provider.execute(JUnit4Provider.java:365)
	at org.apache.maven.surefire.junit4.JUnit4Provider.executeWithRerun(JUnit4Provider.java:273)
	at org.apache.maven.surefire.junit4.JUnit4Provider.executeTestSet(JUnit4Provider.java:238)
	at org.apache.maven.surefire.junit4.JUnit4Provider.invoke(JUnit4Provider.java:159)
	at org.apache.maven.surefire.booter.ForkedBooter.invokeProviderInSameClassLoader(ForkedBooter.java:384)
	at org.apache.maven.surefire.booter.ForkedBooter.runSuitesInProcess(ForkedBooter.java:345)
	at org.apache.maven.surefire.booter.ForkedBooter.execute(ForkedBooter.java:126)
	at org.apache.maven.surefire.booter.ForkedBooter.main(ForkedBooter.java:418)
</failure>
    <system-out><![CDATA[2019-06-12 13:41:11,031 WARN  server.ServerUtils (ServerUtils.java:getScmDbDir(145)) - ozone.scm.db.dirs is not configured. We recommend adding this setting. Falling back to ozone.metadata.dirs instead.
2019-06-12 13:41:11,035 WARN  server.ServerUtils (ServerUtils.java:getScmDbDir(145)) - ozone.scm.db.dirs is not configured. We recommend adding this setting. Falling back to ozone.metadata.dirs instead.
2019-06-12 13:41:11,036 WARN  server.ServerUtils (ServerUtils.java:getScmDbDir(145)) - ozone.scm.db.dirs is not configured. We recommend adding this setting. Falling back to ozone.metadata.dirs instead.
2019-06-12 13:41:11,036 INFO  db.DBStoreBuilder (DBStoreBuilder.java:addTable(110)) - using custom profile for table: deletedBlocks
2019-06-12 13:41:11,036 INFO  db.DBStoreBuilder (DBStoreBuilder.java:processTables(161)) - Using default column profile:DBProfile.DISK for Table:deletedBlocks
2019-06-12 13:41:11,037 INFO  db.DBStoreBuilder (DBStoreBuilder.java:addTable(110)) - using custom profile for table: validCerts
2019-06-12 13:41:11,037 INFO  db.DBStoreBuilder (DBStoreBuilder.java:processTables(161)) - Using default column profile:DBProfile.DISK for Table:validCerts
2019-06-12 13:41:11,037 INFO  db.DBStoreBuilder (DBStoreBuilder.java:addTable(110)) - using custom profile for table: revokedCerts
2019-06-12 13:41:11,037 INFO  db.DBStoreBuilder (DBStoreBuilder.java:processTables(161)) - Using default column profile:DBProfile.DISK for Table:revokedCerts
2019-06-12 13:41:11,038 INFO  db.DBStoreBuilder (DBStoreBuilder.java:addTable(110)) - using custom profile for table: default
2019-06-12 13:41:11,038 INFO  db.DBStoreBuilder (DBStoreBuilder.java:processTables(167)) - Using default column profile:DBProfile.DISK for Table:default
2019-06-12 13:41:11,038 INFO  db.DBStoreBuilder (DBStoreBuilder.java:getDbProfile(198)) - Using default options. DBProfile.DISK
2019-06-12 13:41:11,082 WARN  server.ServerUtils (ServerUtils.java:sanitizeUserArgs(70)) - ozone.scm.stale.node.interval value = 300000 is larger than max = 100000 based on the key value of ozone.scm.heartbeat.thread.interval, reset to the max value 100000.
2019-06-12 13:41:11,082 WARN  server.ServerUtils (ServerUtils.java:sanitizeUserArgs(70)) - ozone.scm.stale.node.interval value = 300000 is larger than max = 100000 based on the key value of ozone.scm.heartbeat.thread.interval, reset to the max value 100000.
2019-06-12 13:41:11,083 INFO  node.SCMNodeManager (SCMNodeManager.java:<init>(108)) - Entering startup safe mode.
2019-06-12 13:41:11,084 INFO  net.NodeSchemaLoader (NodeSchemaLoader.java:loadSchemaFromFile(125)) - Loading file from sun.misc.CompoundEnumeration@d190639
2019-06-12 13:41:11,084 INFO  net.NodeSchemaLoader (NodeSchemaLoader.java:loadSchema(171)) - Loading network topology layer schema file
2019-06-12 13:41:11,087 WARN  server.ServerUtils (ServerUtils.java:getScmDbDir(145)) - ozone.scm.db.dirs is not configured. We recommend adding this setting. Falling back to ozone.metadata.dirs instead.
2019-06-12 13:41:11,101 INFO  pipeline.SCMPipelineManager (SCMPipelineManager.java:initializePipelineState(126)) - No pipeline exists in current db
2019-06-12 13:41:11,101 WARN  server.ServerUtils (ServerUtils.java:getScmDbDir(145)) - ozone.scm.db.dirs is not configured. We recommend adding this setting. Falling back to ozone.metadata.dirs instead.
2019-06-12 13:41:11,116 WARN  events.EventQueue (EventQueue.java:fireEvent(175)) - No event handler registered for event TypedEvent{payloadType=SafeModeStatus, name='SafeModeStatus'}
2019-06-12 13:41:11,117 INFO  ipc.CallQueueManager (CallQueueManager.java:<init>(84)) - Using callQueue: class java.util.concurrent.LinkedBlockingQueue, queueCapacity: 2000, scheduler: class org.apache.hadoop.ipc.DefaultRpcScheduler, ipcBackoff: false.
2019-06-12 13:41:11,118 INFO  ipc.Server (Server.java:run(1074)) - Starting Socket Reader #1 for port 45725
2019-06-12 13:41:11,123 INFO  ipc.CallQueueManager (CallQueueManager.java:<init>(84)) - Using callQueue: class java.util.concurrent.LinkedBlockingQueue, queueCapacity: 2000, scheduler: class org.apache.hadoop.ipc.DefaultRpcScheduler, ipcBackoff: false.
2019-06-12 13:41:11,124 INFO  ipc.Server (Server.java:run(1074)) - Starting Socket Reader #1 for port 40967
2019-06-12 13:41:11,126 INFO  ipc.CallQueueManager (CallQueueManager.java:<init>(84)) - Using callQueue: class java.util.concurrent.LinkedBlockingQueue, queueCapacity: 2000, scheduler: class org.apache.hadoop.ipc.DefaultRpcScheduler, ipcBackoff: false.
2019-06-12 13:41:11,126 INFO  ipc.Server (Server.java:run(1074)) - Starting Socket Reader #1 for port 39711
2019-06-12 13:41:11,131 INFO  hdfs.DFSUtil (DFSUtil.java:httpServerTemplateForNNAndJN(1641)) - Starting Web-server for scm at: http://0.0.0.0:0
2019-06-12 13:41:11,132 INFO  server.AuthenticationFilter (AuthenticationFilter.java:constructSecretProvider(240)) - Unable to initialize FileSignerSecretProvider, falling back to use random secrets.
2019-06-12 13:41:11,133 WARN  http.HttpRequestLog (HttpRequestLog.java:getRequestLog(97)) - Jetty request log can only be enabled using Log4j
2019-06-12 13:41:11,134 INFO  http.HttpServer2 (HttpServer2.java:addGlobalFilter(975)) - Added global filter 'safety' (class=org.apache.hadoop.http.HttpServer2$QuotingInputFilter)
2019-06-12 13:41:11,134 INFO  http.HttpServer2 (HttpServer2.java:addFilter(948)) - Added filter static_user_filter (class=org.apache.hadoop.http.lib.StaticUserWebFilter$StaticUserFilter) to context scm
2019-06-12 13:41:11,134 INFO  http.HttpServer2 (HttpServer2.java:addFilter(958)) - Added filter static_user_filter (class=org.apache.hadoop.http.lib.StaticUserWebFilter$StaticUserFilter) to context static
2019-06-12 13:41:11,135 INFO  http.HttpServer2 (HttpServer2.java:addFilter(958)) - Added filter static_user_filter (class=org.apache.hadoop.http.lib.StaticUserWebFilter$StaticUserFilter) to context logs
2019-06-12 13:41:11,138 INFO  server.StorageContainerManager (StorageContainerManager.java:start(752)) - StorageContainerLocationProtocol RPC server is listening at /0.0.0.0:39711
2019-06-12 13:41:11,138 INFO  impl.MetricsSystemImpl (MetricsSystemImpl.java:init(158)) - StorageContainerManager metrics system started (again)
2019-06-12 13:41:11,138 INFO  server.SCMClientProtocolServer (SCMClientProtocolServer.java:start(149)) - RPC server for Client  is listening at /0.0.0.0:39711
2019-06-12 13:41:11,138 INFO  ipc.Server (Server.java:run(1314)) - IPC Server Responder: starting
2019-06-12 13:41:11,138 INFO  ipc.Server (Server.java:run(1153)) - IPC Server listener on 39711: starting
2019-06-12 13:41:11,158 INFO  server.StorageContainerManager (StorageContainerManager.java:start(761)) - ScmBlockLocationProtocol RPC server is listening at /0.0.0.0:40967
2019-06-12 13:41:11,158 INFO  server.SCMBlockProtocolServer (SCMBlockProtocolServer.java:start(137)) - RPC server for Block Protocol is listening at /0.0.0.0:40967
2019-06-12 13:41:11,159 INFO  ipc.Server (Server.java:run(1314)) - IPC Server Responder: starting
2019-06-12 13:41:11,159 INFO  ipc.Server (Server.java:run(1153)) - IPC Server listener on 40967: starting
2019-06-12 13:41:11,168 INFO  server.StorageContainerManager (StorageContainerManager.java:start(765)) - ScmDatanodeProtocl RPC server is listening at /0.0.0.0:45725
2019-06-12 13:41:11,168 INFO  server.SCMDatanodeProtocolServer (SCMDatanodeProtocolServer.java:start(191)) - RPC server for DataNodes is listening at /0.0.0.0:45725
2019-06-12 13:41:11,169 INFO  ipc.Server (Server.java:run(1314)) - IPC Server Responder: starting
2019-06-12 13:41:11,169 INFO  ipc.Server (Server.java:run(1153)) - IPC Server listener on 45725: starting
2019-06-12 13:41:11,176 INFO  http.HttpServer2 (HttpServer2.java:bindListener(1191)) - Jetty bound to port 44433
2019-06-12 13:41:11,177 INFO  server.Server (Server.java:doStart(351)) - jetty-9.3.24.v20180605, build timestamp: 2018-06-05T17:11:56Z, git hash: 84205aa28f11a4f31f2a3b86d1bba2cc8ab69827
2019-06-12 13:41:11,178 INFO  handler.ContextHandler (ContextHandler.java:doStart(781)) - Started o.e.j.s.ServletContextHandler@77a85e76{/logs,file:///opt/src/hadoop-ozone/integration-test/target/log,AVAILABLE}
2019-06-12 13:41:11,178 INFO  handler.ContextHandler (ContextHandler.java:doStart(781)) - Started o.e.j.s.ServletContextHandler@34fc315d{/static,file:///opt/src/hadoop-ozone/integration-test/target/test-classes/webapps/static,AVAILABLE}
2019-06-12 13:41:11,181 INFO  handler.ContextHandler (ContextHandler.java:doStart(781)) - Started o.e.j.w.WebAppContext@103bcc9f{/,file:///opt/src/hadoop-ozone/integration-test/target/test-classes/webapps/scm/,AVAILABLE}{/scm}
2019-06-12 13:41:11,181 INFO  server.AbstractConnector (AbstractConnector.java:doStart(278)) - Started ServerConnector@106802ea{HTTP/1.1,[http/1.1]}{0.0.0.0:44433}
2019-06-12 13:41:11,182 INFO  server.Server (Server.java:doStart(419)) - Started @34274ms
2019-06-12 13:41:11,183 INFO  server.BaseHttpServer (BaseHttpServer.java:updateConnectorAddress(207)) - HTTP server of SCM is listening at http://0.0.0.0:44433
2019-06-12 13:41:11,188 WARN  scm.ScmUtils (ScmUtils.java:getDBPath(63)) - ozone.om.db.dirs is not configured. We recommend adding this setting. Falling back to ozone.metadata.dirs instead.
2019-06-12 13:41:11,188 INFO  util.JvmPauseMonitor (JvmPauseMonitor.java:run(188)) - Starting JVM pause monitor
2019-06-12 13:41:11,191 WARN  scm.ScmUtils (ScmUtils.java:getDBPath(63)) - ozone.om.db.dirs is not configured. We recommend adding this setting. Falling back to ozone.metadata.dirs instead.
2019-06-12 13:41:11,191 INFO  om.OzoneManager (OzoneManager.java:setOMNodeDetails(519)) - OM Service ID is not set. Setting it to the default ID: omServiceIdDefault
2019-06-12 13:41:11,191 INFO  om.OzoneManager (OzoneManager.java:setOMNodeDetails(525)) - OM Node ID is not set. Setting it to the OmStorage's OmID: bdeb50f4-f450-4e92-8f08-b5f9f69cd904
2019-06-12 13:41:11,191 WARN  scm.HddsServerUtil (HddsServerUtil.java:getDefaultRatisDirectory(354)) - Storage directory for Ratis is not configured. It is a good idea to map this to an SSD disk. Falling back to ozone.metadata.dirs
2019-06-12 13:41:11,192 WARN  scm.HddsServerUtil (HddsServerUtil.java:getDefaultRatisDirectory(354)) - Storage directory for Ratis is not configured. It is a good idea to map this to an SSD disk. Falling back to ozone.metadata.dirs
2019-06-12 13:41:11,192 INFO  om.OzoneManager (OzoneManager.java:loadOMHAConfigs(476)) - Found matching OM address with OMServiceId: null, OMNodeId: null, RPC Address: localhost:0 and Ratis port: 9872
2019-06-12 13:41:11,196 WARN  scm.ScmUtils (ScmUtils.java:getDBPath(63)) - ozone.om.db.dirs is not configured. We recommend adding this setting. Falling back to ozone.metadata.dirs instead.
2019-06-12 13:41:11,197 INFO  db.DBStoreBuilder (DBStoreBuilder.java:addTable(110)) - using custom profile for table: userTable
2019-06-12 13:41:11,197 INFO  db.DBStoreBuilder (DBStoreBuilder.java:processTables(161)) - Using default column profile:DBProfile.DISK for Table:userTable
2019-06-12 13:41:11,197 INFO  db.DBStoreBuilder (DBStoreBuilder.java:addTable(110)) - using custom profile for table: volumeTable
2019-06-12 13:41:11,197 INFO  db.DBStoreBuilder (DBStoreBuilder.java:processTables(161)) - Using default column profile:DBProfile.DISK for Table:volumeTable
2019-06-12 13:41:11,198 INFO  db.DBStoreBuilder (DBStoreBuilder.java:addTable(110)) - using custom profile for table: bucketTable
2019-06-12 13:41:11,198 INFO  db.DBStoreBuilder (DBStoreBuilder.java:processTables(161)) - Using default column profile:DBProfile.DISK for Table:bucketTable
2019-06-12 13:41:11,198 INFO  db.DBStoreBuilder (DBStoreBuilder.java:addTable(110)) - using custom profile for table: keyTable
2019-06-12 13:41:11,198 INFO  db.DBStoreBuilder (DBStoreBuilder.java:processTables(161)) - Using default column profile:DBProfile.DISK for Table:keyTable
2019-06-12 13:41:11,198 INFO  db.DBStoreBuilder (DBStoreBuilder.java:addTable(110)) - using custom profile for table: deletedTable
2019-06-12 13:41:11,198 INFO  db.DBStoreBuilder (DBStoreBuilder.java:processTables(161)) - Using default column profile:DBProfile.DISK for Table:deletedTable
2019-06-12 13:41:11,199 INFO  db.DBStoreBuilder (DBStoreBuilder.java:addTable(110)) - using custom profile for table: openKeyTable
2019-06-12 13:41:11,199 INFO  db.DBStoreBuilder (DBStoreBuilder.java:processTables(161)) - Using default column profile:DBProfile.DISK for Table:openKeyTable
2019-06-12 13:41:11,199 INFO  db.DBStoreBuilder (DBStoreBuilder.java:addTable(110)) - using custom profile for table: s3Table
2019-06-12 13:41:11,199 INFO  db.DBStoreBuilder (DBStoreBuilder.java:processTables(161)) - Using default column profile:DBProfile.DISK for Table:s3Table
2019-06-12 13:41:11,199 INFO  db.DBStoreBuilder (DBStoreBuilder.java:addTable(110)) - using custom profile for table: multipartInfoTable
2019-06-12 13:41:11,199 INFO  db.DBStoreBuilder (DBStoreBuilder.java:processTables(161)) - Using default column profile:DBProfile.DISK for Table:multipartInfoTable
2019-06-12 13:41:11,200 INFO  db.DBStoreBuilder (DBStoreBuilder.java:addTable(110)) - using custom profile for table: dTokenTable
2019-06-12 13:41:11,200 INFO  db.DBStoreBuilder (DBStoreBuilder.java:processTables(161)) - Using default column profile:DBProfile.DISK for Table:dTokenTable
2019-06-12 13:41:11,200 INFO  db.DBStoreBuilder (DBStoreBuilder.java:addTable(110)) - using custom profile for table: s3SecretTable
2019-06-12 13:41:11,200 INFO  db.DBStoreBuilder (DBStoreBuilder.java:processTables(161)) - Using default column profile:DBProfile.DISK for Table:s3SecretTable
2019-06-12 13:41:11,200 INFO  db.DBStoreBuilder (DBStoreBuilder.java:addTable(110)) - using custom profile for table: prefixTable
2019-06-12 13:41:11,201 INFO  db.DBStoreBuilder (DBStoreBuilder.java:processTables(161)) - Using default column profile:DBProfile.DISK for Table:prefixTable
2019-06-12 13:41:11,201 INFO  db.DBStoreBuilder (DBStoreBuilder.java:addTable(110)) - using custom profile for table: default
2019-06-12 13:41:11,201 INFO  db.DBStoreBuilder (DBStoreBuilder.java:processTables(167)) - Using default column profile:DBProfile.DISK for Table:default
2019-06-12 13:41:11,201 INFO  db.DBStoreBuilder (DBStoreBuilder.java:getDbProfile(198)) - Using default options. DBProfile.DISK
2019-06-12 13:41:11,343 INFO  ipc.CallQueueManager (CallQueueManager.java:<init>(84)) - Using callQueue: class java.util.concurrent.LinkedBlockingQueue, queueCapacity: 2000, scheduler: class org.apache.hadoop.ipc.DefaultRpcScheduler, ipcBackoff: false.
2019-06-12 13:41:11,344 INFO  ipc.Server (Server.java:run(1074)) - Starting Socket Reader #1 for port 43791
2019-06-12 13:41:11,356 WARN  scm.ScmUtils (ScmUtils.java:getDBPath(63)) - ozone.om.db.dirs is not configured. We recommend adding this setting. Falling back to ozone.metadata.dirs instead.
2019-06-12 13:41:11,356 INFO  om.OzoneManager (OzoneManager.java:start(1217)) - OzoneManager RPC server is listening at localhost/127.0.0.1:43791
2019-06-12 13:41:11,356 INFO  impl.MetricsSystemImpl (MetricsSystemImpl.java:init(158)) - OzoneManager metrics system started (again)
2019-06-12 13:41:11,357 INFO  ipc.Server (Server.java:run(1314)) - IPC Server Responder: starting
2019-06-12 13:41:11,358 INFO  ipc.Server (Server.java:run(1153)) - IPC Server listener on 43791: starting
2019-06-12 13:41:11,364 INFO  hdfs.DFSUtil (DFSUtil.java:httpServerTemplateForNNAndJN(1641)) - Starting Web-server for ozoneManager at: http://0.0.0.0:0
2019-06-12 13:41:11,365 INFO  server.AuthenticationFilter (AuthenticationFilter.java:constructSecretProvider(240)) - Unable to initialize FileSignerSecretProvider, falling back to use random secrets.
2019-06-12 13:41:11,365 WARN  http.HttpRequestLog (HttpRequestLog.java:getRequestLog(97)) - Jetty request log can only be enabled using Log4j
2019-06-12 13:41:11,367 INFO  http.HttpServer2 (HttpServer2.java:addGlobalFilter(975)) - Added global filter 'safety' (class=org.apache.hadoop.http.HttpServer2$QuotingInputFilter)
2019-06-12 13:41:11,367 INFO  http.HttpServer2 (HttpServer2.java:addFilter(948)) - Added filter static_user_filter (class=org.apache.hadoop.http.lib.StaticUserWebFilter$StaticUserFilter) to context ozoneManager
2019-06-12 13:41:11,367 INFO  http.HttpServer2 (HttpServer2.java:addFilter(958)) - Added filter static_user_filter (class=org.apache.hadoop.http.lib.StaticUserWebFilter$StaticUserFilter) to context static
2019-06-12 13:41:11,368 INFO  http.HttpServer2 (HttpServer2.java:addFilter(958)) - Added filter static_user_filter (class=org.apache.hadoop.http.lib.StaticUserWebFilter$StaticUserFilter) to context logs
2019-06-12 13:41:11,368 INFO  http.HttpServer2 (HttpServer2.java:bindListener(1191)) - Jetty bound to port 33773
2019-06-12 13:41:11,368 INFO  server.Server (Server.java:doStart(351)) - jetty-9.3.24.v20180605, build timestamp: 2018-06-05T17:11:56Z, git hash: 84205aa28f11a4f31f2a3b86d1bba2cc8ab69827
2019-06-12 13:41:11,370 INFO  handler.ContextHandler (ContextHandler.java:doStart(781)) - Started o.e.j.s.ServletContextHandler@46fa2a7e{/logs,file:///opt/src/hadoop-ozone/integration-test/target/log,AVAILABLE}
2019-06-12 13:41:11,370 INFO  handler.ContextHandler (ContextHandler.java:doStart(781)) - Started o.e.j.s.ServletContextHandler@6f17dd06{/static,file:///opt/src/hadoop-ozone/integration-test/target/test-classes/webapps/static,AVAILABLE}
2019-06-12 13:41:11,373 INFO  handler.ContextHandler (ContextHandler.java:doStart(781)) - Started o.e.j.w.WebAppContext@11ce9319{/,file:///opt/src/hadoop-ozone/integration-test/target/test-classes/webapps/ozoneManager/,AVAILABLE}{/ozoneManager}
2019-06-12 13:41:11,373 INFO  server.AbstractConnector (AbstractConnector.java:doStart(278)) - Started ServerConnector@780c0{HTTP/1.1,[http/1.1]}{0.0.0.0:33773}
2019-06-12 13:41:11,374 INFO  server.Server (Server.java:doStart(419)) - Started @34467ms
2019-06-12 13:41:11,375 INFO  server.BaseHttpServer (BaseHttpServer.java:updateConnectorAddress(207)) - HTTP server of OZONEMANAGER is listening at http://0.0.0.0:33773
2019-06-12 13:41:11,386 INFO  impl.MetricsSystemImpl (MetricsSystemImpl.java:init(158)) - HddsDatanode metrics system started (again)
2019-06-12 13:41:11,387 INFO  ozone.HddsDatanodeService (HddsDatanodeService.java:start(185)) - HddsDatanodeService host:ozone-x7bbm-1544112193 ip:192.168.19.46
2019-06-12 13:41:11,393 INFO  volume.HddsVolume (HddsVolume.java:<init>(176)) - Creating Volume: /opt/src/hadoop-ozone/integration-test/target/test-dir/MiniOzoneClusterImpl-0fefaf49-817a-484d-ad74-9fcb43e2238a/datanode-0/data/containers/hdds of  storage type : DISK and capacity : 104021790720
2019-06-12 13:41:11,393 INFO  volume.VolumeSet (VolumeSet.java:initializeVolumeSet(170)) - Added Volume : /opt/src/hadoop-ozone/integration-test/target/test-dir/MiniOzoneClusterImpl-0fefaf49-817a-484d-ad74-9fcb43e2238a/datanode-0/data/containers/hdds to VolumeSet
2019-06-12 13:41:11,393 INFO  volume.ThrottledAsyncChecker (ThrottledAsyncChecker.java:schedule(140)) - Scheduling a check for org.apache.hadoop.ozone.container.common.volume.HddsVolume@2a9f8d47
2019-06-12 13:41:11,398 INFO  volume.HddsVolumeChecker (HddsVolumeChecker.java:checkAllVolumes(203)) - Scheduled health check for volume org.apache.hadoop.ozone.container.common.volume.HddsVolume@2a9f8d47
2019-06-12 13:41:11,407 INFO  ratis.XceiverServerRatis (XceiverServerRatis.java:newXceiverServerRatis(401)) - Found a free port for the server : 32903
2019-06-12 13:41:11,408 INFO  impl.RaftServerProxy (ConfUtils.java:logGet(43)) - raft.rpc.type = GRPC (default)
2019-06-12 13:41:11,408 INFO  grpc.GrpcConfigKeys$Server (ConfUtils.java:logGet(43)) - raft.grpc.server.port = 32903 (custom)
2019-06-12 13:41:11,409 INFO  server.GrpcService (ConfUtils.java:logGet(43)) - raft.grpc.message.size.max = 33570816 (custom)
2019-06-12 13:41:11,409 INFO  server.RaftServerConfigKeys (ConfUtils.java:logGet(43)) - raft.server.log.appender.buffer.byte-limit = 33554432 (custom)
2019-06-12 13:41:11,409 INFO  server.GrpcService (ConfUtils.java:logGet(43)) - raft.grpc.flow.control.window = 1MB (=1048576) (default)
2019-06-12 13:41:11,409 INFO  server.RaftServerConfigKeys (ConfUtils.java:logGet(43)) - raft.server.rpc.request.timeout = 3000ms (default)
2019-06-12 13:41:11,409 INFO  server.RaftServerConfigKeys (ConfUtils.java:logGet(43)) - raft.server.storage.dir = [/opt/src/hadoop-ozone/integration-test/target/test-dir/MiniOzoneClusterImpl-0fefaf49-817a-484d-ad74-9fcb43e2238a/datanode-0/data/ratis] (custom)
2019-06-12 13:41:11,410 INFO  server.XceiverServerGrpc (XceiverServerGrpc.java:<init>(97)) - Found a free port for the server : 41509
2019-06-12 13:41:11,410 INFO  replication.SimpleContainerDownloader (SimpleContainerDownloader.java:<init>(72)) - Starting container downloader service to copy containers to replicate.
2019-06-12 13:41:11,411 INFO  hdfs.DFSUtil (DFSUtil.java:httpServerTemplateForNNAndJN(1641)) - Starting Web-server for hddsDatanode at: http://0.0.0.0:0
2019-06-12 13:41:11,412 INFO  server.AuthenticationFilter (AuthenticationFilter.java:constructSecretProvider(240)) - Unable to initialize FileSignerSecretProvider, falling back to use random secrets.
2019-06-12 13:41:11,413 WARN  http.HttpRequestLog (HttpRequestLog.java:getRequestLog(97)) - Jetty request log can only be enabled using Log4j
2019-06-12 13:41:11,414 INFO  http.HttpServer2 (HttpServer2.java:addGlobalFilter(975)) - Added global filter 'safety' (class=org.apache.hadoop.http.HttpServer2$QuotingInputFilter)
2019-06-12 13:41:11,414 INFO  http.HttpServer2 (HttpServer2.java:addFilter(948)) - Added filter static_user_filter (class=org.apache.hadoop.http.lib.StaticUserWebFilter$StaticUserFilter) to context hddsDatanode
2019-06-12 13:41:11,414 INFO  http.HttpServer2 (HttpServer2.java:addFilter(958)) - Added filter static_user_filter (class=org.apache.hadoop.http.lib.StaticUserWebFilter$StaticUserFilter) to context logs
2019-06-12 13:41:11,414 INFO  http.HttpServer2 (HttpServer2.java:addFilter(958)) - Added filter static_user_filter (class=org.apache.hadoop.http.lib.StaticUserWebFilter$StaticUserFilter) to context static
2019-06-12 13:41:11,415 INFO  http.HttpServer2 (HttpServer2.java:bindListener(1191)) - Jetty bound to port 37975
2019-06-12 13:41:11,415 INFO  server.Server (Server.java:doStart(351)) - jetty-9.3.24.v20180605, build timestamp: 2018-06-05T17:11:56Z, git hash: 84205aa28f11a4f31f2a3b86d1bba2cc8ab69827
2019-06-12 13:41:11,426 INFO  handler.ContextHandler (ContextHandler.java:doStart(781)) - Started o.e.j.s.ServletContextHandler@756200d1{/logs,file:///opt/src/hadoop-ozone/integration-test/target/log,AVAILABLE}
2019-06-12 13:41:11,426 INFO  handler.ContextHandler (ContextHandler.java:doStart(781)) - Started o.e.j.s.ServletContextHandler@674e4c82{/static,jar:file:/root/.m2/repository/org/apache/hadoop/hadoop-hdds-container-service/0.5.0-SNAPSHOT/hadoop-hdds-container-service-0.5.0-SNAPSHOT.jar!/webapps/static,AVAILABLE}
2019-06-12 13:41:11,446 INFO  handler.ContextHandler (ContextHandler.java:doStart(781)) - Started o.e.j.w.WebAppContext@6d7556a8{/,file:///tmp/jetty-0.0.0.0-37975-hddsDatanode-_-any-6142725181014697335.dir/webapp/,AVAILABLE}{/hddsDatanode}
2019-06-12 13:41:11,447 INFO  server.AbstractConnector (AbstractConnector.java:doStart(278)) - Started ServerConnector@48860139{HTTP/1.1,[http/1.1]}{0.0.0.0:37975}
2019-06-12 13:41:11,448 INFO  server.Server (Server.java:doStart(419)) - Started @34540ms
2019-06-12 13:41:11,448 INFO  server.BaseHttpServer (BaseHttpServer.java:updateConnectorAddress(207)) - HTTP server of HDDSDATANODE is listening at http://0.0.0.0:37975
2019-06-12 13:41:11,539 INFO  ozone.HddsDatanodeService (HddsDatanodeService.java:startPlugins(396)) - Started plug-in org.apache.hadoop.ozone.web.OzoneHddsDatanodeService@1805ca5c
2019-06-12 13:41:11,539 INFO  impl.MetricsSystemImpl (MetricsSystemImpl.java:init(158)) - HddsDatanode metrics system started (again)
2019-06-12 13:41:11,540 INFO  ozone.HddsDatanodeService (HddsDatanodeService.java:start(185)) - HddsDatanodeService host:ozone-x7bbm-1544112193 ip:192.168.19.46
2019-06-12 13:41:11,546 INFO  util.JvmPauseMonitor (JvmPauseMonitor.java:run(188)) - Starting JVM pause monitor
2019-06-12 13:41:11,547 INFO  datanode.InitDatanodeState (InitDatanodeState.java:persistContainerDatanodeDetails(140)) - DatanodeDetails is persisted to /opt/src/hadoop-ozone/integration-test/target/test-dir/MiniOzoneClusterImpl-0fefaf49-817a-484d-ad74-9fcb43e2238a/datanode-0/meta/datanode.id
2019-06-12 13:41:11,551 INFO  volume.HddsVolume (HddsVolume.java:<init>(176)) - Creating Volume: /opt/src/hadoop-ozone/integration-test/target/test-dir/MiniOzoneClusterImpl-0fefaf49-817a-484d-ad74-9fcb43e2238a/datanode-1/data/containers/hdds of  storage type : DISK and capacity : 104021790720
2019-06-12 13:41:11,552 INFO  volume.VolumeSet (VolumeSet.java:initializeVolumeSet(170)) - Added Volume : /opt/src/hadoop-ozone/integration-test/target/test-dir/MiniOzoneClusterImpl-0fefaf49-817a-484d-ad74-9fcb43e2238a/datanode-1/data/containers/hdds to VolumeSet
2019-06-12 13:41:11,552 INFO  volume.ThrottledAsyncChecker (ThrottledAsyncChecker.java:schedule(140)) - Scheduling a check for org.apache.hadoop.ozone.container.common.volume.HddsVolume@2358443e
2019-06-12 13:41:11,553 INFO  volume.HddsVolumeChecker (HddsVolumeChecker.java:checkAllVolumes(203)) - Scheduled health check for volume org.apache.hadoop.ozone.container.common.volume.HddsVolume@2358443e
2019-06-12 13:41:11,563 INFO  ratis.XceiverServerRatis (XceiverServerRatis.java:newXceiverServerRatis(401)) - Found a free port for the server : 37405
2019-06-12 13:41:11,564 INFO  impl.RaftServerProxy (ConfUtils.java:logGet(43)) - raft.rpc.type = GRPC (default)
2019-06-12 13:41:11,564 INFO  grpc.GrpcConfigKeys$Server (ConfUtils.java:logGet(43)) - raft.grpc.server.port = 37405 (custom)
2019-06-12 13:41:11,564 INFO  server.GrpcService (ConfUtils.java:logGet(43)) - raft.grpc.message.size.max = 33570816 (custom)
2019-06-12 13:41:11,565 INFO  server.RaftServerConfigKeys (ConfUtils.java:logGet(43)) - raft.server.log.appender.buffer.byte-limit = 33554432 (custom)
2019-06-12 13:41:11,565 INFO  server.GrpcService (ConfUtils.java:logGet(43)) - raft.grpc.flow.control.window = 1MB (=1048576) (default)
2019-06-12 13:41:11,565 INFO  server.RaftServerConfigKeys (ConfUtils.java:logGet(43)) - raft.server.rpc.request.timeout = 3000ms (default)
2019-06-12 13:41:11,565 INFO  server.RaftServerConfigKeys (ConfUtils.java:logGet(43)) - raft.server.storage.dir = [/opt/src/hadoop-ozone/integration-test/target/test-dir/MiniOzoneClusterImpl-0fefaf49-817a-484d-ad74-9fcb43e2238a/datanode-1/data/ratis] (custom)
2019-06-12 13:41:11,566 INFO  server.XceiverServerGrpc (XceiverServerGrpc.java:<init>(97)) - Found a free port for the server : 36881
2019-06-12 13:41:11,566 INFO  replication.SimpleContainerDownloader (SimpleContainerDownloader.java:<init>(72)) - Starting container downloader service to copy containers to replicate.
2019-06-12 13:41:11,568 INFO  hdfs.DFSUtil (DFSUtil.java:httpServerTemplateForNNAndJN(1641)) - Starting Web-server for hddsDatanode at: http://0.0.0.0:0
2019-06-12 13:41:11,569 INFO  server.AuthenticationFilter (AuthenticationFilter.java:constructSecretProvider(240)) - Unable to initialize FileSignerSecretProvider, falling back to use random secrets.
2019-06-12 13:41:11,570 WARN  http.HttpRequestLog (HttpRequestLog.java:getRequestLog(97)) - Jetty request log can only be enabled using Log4j
2019-06-12 13:41:11,571 INFO  http.HttpServer2 (HttpServer2.java:addGlobalFilter(975)) - Added global filter 'safety' (class=org.apache.hadoop.http.HttpServer2$QuotingInputFilter)
2019-06-12 13:41:11,572 INFO  http.HttpServer2 (HttpServer2.java:addFilter(948)) - Added filter static_user_filter (class=org.apache.hadoop.http.lib.StaticUserWebFilter$StaticUserFilter) to context hddsDatanode
2019-06-12 13:41:11,572 INFO  http.HttpServer2 (HttpServer2.java:addFilter(958)) - Added filter static_user_filter (class=org.apache.hadoop.http.lib.StaticUserWebFilter$StaticUserFilter) to context logs
2019-06-12 13:41:11,572 INFO  http.HttpServer2 (HttpServer2.java:addFilter(958)) - Added filter static_user_filter (class=org.apache.hadoop.http.lib.StaticUserWebFilter$StaticUserFilter) to context static
2019-06-12 13:41:11,573 INFO  http.HttpServer2 (HttpServer2.java:bindListener(1191)) - Jetty bound to port 39965
2019-06-12 13:41:11,573 INFO  server.Server (Server.java:doStart(351)) - jetty-9.3.24.v20180605, build timestamp: 2018-06-05T17:11:56Z, git hash: 84205aa28f11a4f31f2a3b86d1bba2cc8ab69827
2019-06-12 13:41:11,585 INFO  handler.ContextHandler (ContextHandler.java:doStart(781)) - Started o.e.j.s.ServletContextHandler@54caeadc{/logs,file:///opt/src/hadoop-ozone/integration-test/target/log,AVAILABLE}
2019-06-12 13:41:11,586 INFO  handler.ContextHandler (ContextHandler.java:doStart(781)) - Started o.e.j.s.ServletContextHandler@33f81280{/static,jar:file:/root/.m2/repository/org/apache/hadoop/hadoop-hdds-container-service/0.5.0-SNAPSHOT/hadoop-hdds-container-service-0.5.0-SNAPSHOT.jar!/webapps/static,AVAILABLE}
2019-06-12 13:41:11,606 INFO  handler.ContextHandler (ContextHandler.java:doStart(781)) - Started o.e.j.w.WebAppContext@1b7a4930{/,file:///tmp/jetty-0.0.0.0-39965-hddsDatanode-_-any-8441364387048462660.dir/webapp/,AVAILABLE}{/hddsDatanode}
2019-06-12 13:41:11,607 INFO  server.AbstractConnector (AbstractConnector.java:doStart(278)) - Started ServerConnector@591a4d25{HTTP/1.1,[http/1.1]}{0.0.0.0:39965}
2019-06-12 13:41:11,608 INFO  server.Server (Server.java:doStart(419)) - Started @34700ms
2019-06-12 13:41:11,608 INFO  server.BaseHttpServer (BaseHttpServer.java:updateConnectorAddress(207)) - HTTP server of HDDSDATANODE is listening at http://0.0.0.0:39965
2019-06-12 13:41:11,798 INFO  ozone.HddsDatanodeService (HddsDatanodeService.java:startPlugins(396)) - Started plug-in org.apache.hadoop.ozone.web.OzoneHddsDatanodeService@54d2f5d3
2019-06-12 13:41:11,799 INFO  impl.MetricsSystemImpl (MetricsSystemImpl.java:init(158)) - HddsDatanode metrics system started (again)
2019-06-12 13:41:11,799 INFO  ozone.HddsDatanodeService (HddsDatanodeService.java:start(185)) - HddsDatanodeService host:ozone-x7bbm-1544112193 ip:192.168.19.46
2019-06-12 13:41:11,799 INFO  util.JvmPauseMonitor (JvmPauseMonitor.java:run(188)) - Starting JVM pause monitor
2019-06-12 13:41:11,801 INFO  datanode.InitDatanodeState (InitDatanodeState.java:persistContainerDatanodeDetails(140)) - DatanodeDetails is persisted to /opt/src/hadoop-ozone/integration-test/target/test-dir/MiniOzoneClusterImpl-0fefaf49-817a-484d-ad74-9fcb43e2238a/datanode-1/meta/datanode.id
2019-06-12 13:41:11,804 INFO  volume.HddsVolume (HddsVolume.java:<init>(176)) - Creating Volume: /opt/src/hadoop-ozone/integration-test/target/test-dir/MiniOzoneClusterImpl-0fefaf49-817a-484d-ad74-9fcb43e2238a/datanode-2/data/containers/hdds of  storage type : DISK and capacity : 104021790720
2019-06-12 13:41:11,805 INFO  volume.VolumeSet (VolumeSet.java:initializeVolumeSet(170)) - Added Volume : /opt/src/hadoop-ozone/integration-test/target/test-dir/MiniOzoneClusterImpl-0fefaf49-817a-484d-ad74-9fcb43e2238a/datanode-2/data/containers/hdds to VolumeSet
2019-06-12 13:41:11,805 INFO  volume.ThrottledAsyncChecker (ThrottledAsyncChecker.java:schedule(140)) - Scheduling a check for org.apache.hadoop.ozone.container.common.volume.HddsVolume@43de9fc9
2019-06-12 13:41:11,805 INFO  volume.HddsVolumeChecker (HddsVolumeChecker.java:checkAllVolumes(203)) - Scheduled health check for volume org.apache.hadoop.ozone.container.common.volume.HddsVolume@43de9fc9
2019-06-12 13:41:11,819 INFO  ratis.XceiverServerRatis (XceiverServerRatis.java:newXceiverServerRatis(401)) - Found a free port for the server : 45939
2019-06-12 13:41:11,822 INFO  impl.RaftServerProxy (ConfUtils.java:logGet(43)) - raft.rpc.type = GRPC (default)
2019-06-12 13:41:11,823 INFO  grpc.GrpcConfigKeys$Server (ConfUtils.java:logGet(43)) - raft.grpc.server.port = 45939 (custom)
2019-06-12 13:41:11,823 INFO  server.GrpcService (ConfUtils.java:logGet(43)) - raft.grpc.message.size.max = 33570816 (custom)
2019-06-12 13:41:11,823 INFO  server.RaftServerConfigKeys (ConfUtils.java:logGet(43)) - raft.server.log.appender.buffer.byte-limit = 33554432 (custom)
2019-06-12 13:41:11,823 INFO  server.GrpcService (ConfUtils.java:logGet(43)) - raft.grpc.flow.control.window = 1MB (=1048576) (default)
2019-06-12 13:41:11,823 INFO  server.RaftServerConfigKeys (ConfUtils.java:logGet(43)) - raft.server.rpc.request.timeout = 3000ms (default)
2019-06-12 13:41:11,824 INFO  server.RaftServerConfigKeys (ConfUtils.java:logGet(43)) - raft.server.storage.dir = [/opt/src/hadoop-ozone/integration-test/target/test-dir/MiniOzoneClusterImpl-0fefaf49-817a-484d-ad74-9fcb43e2238a/datanode-2/data/ratis] (custom)
2019-06-12 13:41:11,825 INFO  server.XceiverServerGrpc (XceiverServerGrpc.java:<init>(97)) - Found a free port for the server : 45339
2019-06-12 13:41:11,826 INFO  replication.SimpleContainerDownloader (SimpleContainerDownloader.java:<init>(72)) - Starting container downloader service to copy containers to replicate.
2019-06-12 13:41:11,828 INFO  hdfs.DFSUtil (DFSUtil.java:httpServerTemplateForNNAndJN(1641)) - Starting Web-server for hddsDatanode at: http://0.0.0.0:0
2019-06-12 13:41:11,831 INFO  server.AuthenticationFilter (AuthenticationFilter.java:constructSecretProvider(240)) - Unable to initialize FileSignerSecretProvider, falling back to use random secrets.
2019-06-12 13:41:11,831 WARN  http.HttpRequestLog (HttpRequestLog.java:getRequestLog(97)) - Jetty request log can only be enabled using Log4j
2019-06-12 13:41:11,832 INFO  http.HttpServer2 (HttpServer2.java:addGlobalFilter(975)) - Added global filter 'safety' (class=org.apache.hadoop.http.HttpServer2$QuotingInputFilter)
2019-06-12 13:41:11,833 INFO  http.HttpServer2 (HttpServer2.java:addFilter(948)) - Added filter static_user_filter (class=org.apache.hadoop.http.lib.StaticUserWebFilter$StaticUserFilter) to context hddsDatanode
2019-06-12 13:41:11,833 INFO  http.HttpServer2 (HttpServer2.java:addFilter(958)) - Added filter static_user_filter (class=org.apache.hadoop.http.lib.StaticUserWebFilter$StaticUserFilter) to context static
2019-06-12 13:41:11,833 INFO  http.HttpServer2 (HttpServer2.java:addFilter(958)) - Added filter static_user_filter (class=org.apache.hadoop.http.lib.StaticUserWebFilter$StaticUserFilter) to context logs
2019-06-12 13:41:11,834 INFO  http.HttpServer2 (HttpServer2.java:bindListener(1191)) - Jetty bound to port 41407
2019-06-12 13:41:11,834 INFO  server.Server (Server.java:doStart(351)) - jetty-9.3.24.v20180605, build timestamp: 2018-06-05T17:11:56Z, git hash: 84205aa28f11a4f31f2a3b86d1bba2cc8ab69827
2019-06-12 13:41:11,835 INFO  handler.ContextHandler (ContextHandler.java:doStart(781)) - Started o.e.j.s.ServletContextHandler@a859c5{/logs,file:///opt/src/hadoop-ozone/integration-test/target/log,AVAILABLE}
2019-06-12 13:41:11,836 INFO  handler.ContextHandler (ContextHandler.java:doStart(781)) - Started o.e.j.s.ServletContextHandler@55e4dd68{/static,jar:file:/root/.m2/repository/org/apache/hadoop/hadoop-hdds-container-service/0.5.0-SNAPSHOT/hadoop-hdds-container-service-0.5.0-SNAPSHOT.jar!/webapps/static,AVAILABLE}
2019-06-12 13:41:11,856 INFO  handler.ContextHandler (ContextHandler.java:doStart(781)) - Started o.e.j.w.WebAppContext@2c6aa46c{/,file:///tmp/jetty-0.0.0.0-41407-hddsDatanode-_-any-4734339726596832535.dir/webapp/,AVAILABLE}{/hddsDatanode}
2019-06-12 13:41:11,857 INFO  server.AbstractConnector (AbstractConnector.java:doStart(278)) - Started ServerConnector@2f112ade{HTTP/1.1,[http/1.1]}{0.0.0.0:41407}
2019-06-12 13:41:11,862 INFO  server.Server (Server.java:doStart(419)) - Started @34955ms
2019-06-12 13:41:11,863 INFO  server.BaseHttpServer (BaseHttpServer.java:updateConnectorAddress(207)) - HTTP server of HDDSDATANODE is listening at http://0.0.0.0:41407
2019-06-12 13:41:11,953 INFO  ozone.HddsDatanodeService (HddsDatanodeService.java:startPlugins(396)) - Started plug-in org.apache.hadoop.ozone.web.OzoneHddsDatanodeService@20a9fb01
2019-06-12 13:41:11,954 INFO  impl.MetricsSystemImpl (MetricsSystemImpl.java:init(158)) - HddsDatanode metrics system started (again)
2019-06-12 13:41:11,954 INFO  ozone.HddsDatanodeService (HddsDatanodeService.java:start(185)) - HddsDatanodeService host:ozone-x7bbm-1544112193 ip:192.168.19.46
2019-06-12 13:41:11,955 INFO  util.JvmPauseMonitor (JvmPauseMonitor.java:run(188)) - Starting JVM pause monitor
2019-06-12 13:41:11,956 INFO  datanode.InitDatanodeState (InitDatanodeState.java:persistContainerDatanodeDetails(140)) - DatanodeDetails is persisted to /opt/src/hadoop-ozone/integration-test/target/test-dir/MiniOzoneClusterImpl-0fefaf49-817a-484d-ad74-9fcb43e2238a/datanode-2/meta/datanode.id
2019-06-12 13:41:11,962 INFO  volume.HddsVolume (HddsVolume.java:<init>(176)) - Creating Volume: /opt/src/hadoop-ozone/integration-test/target/test-dir/MiniOzoneClusterImpl-0fefaf49-817a-484d-ad74-9fcb43e2238a/datanode-3/data/containers/hdds of  storage type : DISK and capacity : 104021790720
2019-06-12 13:41:11,962 INFO  volume.VolumeSet (VolumeSet.java:initializeVolumeSet(170)) - Added Volume : /opt/src/hadoop-ozone/integration-test/target/test-dir/MiniOzoneClusterImpl-0fefaf49-817a-484d-ad74-9fcb43e2238a/datanode-3/data/containers/hdds to VolumeSet
2019-06-12 13:41:11,962 INFO  volume.ThrottledAsyncChecker (ThrottledAsyncChecker.java:schedule(140)) - Scheduling a check for org.apache.hadoop.ozone.container.common.volume.HddsVolume@6de9bba2
2019-06-12 13:41:11,963 INFO  volume.HddsVolumeChecker (HddsVolumeChecker.java:checkAllVolumes(203)) - Scheduled health check for volume org.apache.hadoop.ozone.container.common.volume.HddsVolume@6de9bba2
2019-06-12 13:41:11,976 INFO  ratis.XceiverServerRatis (XceiverServerRatis.java:newXceiverServerRatis(401)) - Found a free port for the server : 33359
2019-06-12 13:41:11,978 INFO  impl.RaftServerProxy (ConfUtils.java:logGet(43)) - raft.rpc.type = GRPC (default)
2019-06-12 13:41:11,978 INFO  grpc.GrpcConfigKeys$Server (ConfUtils.java:logGet(43)) - raft.grpc.server.port = 33359 (custom)
2019-06-12 13:41:11,978 INFO  server.GrpcService (ConfUtils.java:logGet(43)) - raft.grpc.message.size.max = 33570816 (custom)
2019-06-12 13:41:11,979 INFO  server.RaftServerConfigKeys (ConfUtils.java:logGet(43)) - raft.server.log.appender.buffer.byte-limit = 33554432 (custom)
2019-06-12 13:41:11,979 INFO  server.GrpcService (ConfUtils.java:logGet(43)) - raft.grpc.flow.control.window = 1MB (=1048576) (default)
2019-06-12 13:41:11,979 INFO  server.RaftServerConfigKeys (ConfUtils.java:logGet(43)) - raft.server.rpc.request.timeout = 3000ms (default)
2019-06-12 13:41:11,979 INFO  server.RaftServerConfigKeys (ConfUtils.java:logGet(43)) - raft.server.storage.dir = [/opt/src/hadoop-ozone/integration-test/target/test-dir/MiniOzoneClusterImpl-0fefaf49-817a-484d-ad74-9fcb43e2238a/datanode-3/data/ratis] (custom)
2019-06-12 13:41:11,980 INFO  server.XceiverServerGrpc (XceiverServerGrpc.java:<init>(97)) - Found a free port for the server : 33001
2019-06-12 13:41:11,980 INFO  replication.SimpleContainerDownloader (SimpleContainerDownloader.java:<init>(72)) - Starting container downloader service to copy containers to replicate.
2019-06-12 13:41:11,981 INFO  hdfs.DFSUtil (DFSUtil.java:httpServerTemplateForNNAndJN(1641)) - Starting Web-server for hddsDatanode at: http://0.0.0.0:0
2019-06-12 13:41:11,983 INFO  server.AuthenticationFilter (AuthenticationFilter.java:constructSecretProvider(240)) - Unable to initialize FileSignerSecretProvider, falling back to use random secrets.
2019-06-12 13:41:11,986 WARN  http.HttpRequestLog (HttpRequestLog.java:getRequestLog(97)) - Jetty request log can only be enabled using Log4j
2019-06-12 13:41:11,988 INFO  http.HttpServer2 (HttpServer2.java:addGlobalFilter(975)) - Added global filter 'safety' (class=org.apache.hadoop.http.HttpServer2$QuotingInputFilter)
2019-06-12 13:41:11,988 INFO  http.HttpServer2 (HttpServer2.java:addFilter(948)) - Added filter static_user_filter (class=org.apache.hadoop.http.lib.StaticUserWebFilter$StaticUserFilter) to context hddsDatanode
2019-06-12 13:41:11,988 INFO  http.HttpServer2 (HttpServer2.java:addFilter(958)) - Added filter static_user_filter (class=org.apache.hadoop.http.lib.StaticUserWebFilter$StaticUserFilter) to context static
2019-06-12 13:41:11,988 INFO  http.HttpServer2 (HttpServer2.java:addFilter(958)) - Added filter static_user_filter (class=org.apache.hadoop.http.lib.StaticUserWebFilter$StaticUserFilter) to context logs
2019-06-12 13:41:11,989 INFO  http.HttpServer2 (HttpServer2.java:bindListener(1191)) - Jetty bound to port 46457
2019-06-12 13:41:11,989 INFO  server.Server (Server.java:doStart(351)) - jetty-9.3.24.v20180605, build timestamp: 2018-06-05T17:11:56Z, git hash: 84205aa28f11a4f31f2a3b86d1bba2cc8ab69827
2019-06-12 13:41:11,996 INFO  handler.ContextHandler (ContextHandler.java:doStart(781)) - Started o.e.j.s.ServletContextHandler@62d6ac{/logs,file:///opt/src/hadoop-ozone/integration-test/target/log,AVAILABLE}
2019-06-12 13:41:11,997 INFO  handler.ContextHandler (ContextHandler.java:doStart(781)) - Started o.e.j.s.ServletContextHandler@75dbe490{/static,jar:file:/root/.m2/repository/org/apache/hadoop/hadoop-hdds-container-service/0.5.0-SNAPSHOT/hadoop-hdds-container-service-0.5.0-SNAPSHOT.jar!/webapps/static,AVAILABLE}
2019-06-12 13:41:12,017 INFO  handler.ContextHandler (ContextHandler.java:doStart(781)) - Started o.e.j.w.WebAppContext@3f33bb6f{/,file:///tmp/jetty-0.0.0.0-46457-hddsDatanode-_-any-7005118561937649514.dir/webapp/,AVAILABLE}{/hddsDatanode}
2019-06-12 13:41:12,018 INFO  server.AbstractConnector (AbstractConnector.java:doStart(278)) - Started ServerConnector@446cc036{HTTP/1.1,[http/1.1]}{0.0.0.0:46457}
2019-06-12 13:41:12,019 INFO  server.Server (Server.java:doStart(419)) - Started @35112ms
2019-06-12 13:41:12,020 INFO  server.BaseHttpServer (BaseHttpServer.java:updateConnectorAddress(207)) - HTTP server of HDDSDATANODE is listening at http://0.0.0.0:46457
2019-06-12 13:41:12,094 INFO  ozone.HddsDatanodeService (HddsDatanodeService.java:startPlugins(396)) - Started plug-in org.apache.hadoop.ozone.web.OzoneHddsDatanodeService@393bcd6b
2019-06-12 13:41:12,095 INFO  impl.MetricsSystemImpl (MetricsSystemImpl.java:init(158)) - HddsDatanode metrics system started (again)
2019-06-12 13:41:12,095 INFO  ozone.HddsDatanodeService (HddsDatanodeService.java:start(185)) - HddsDatanodeService host:ozone-x7bbm-1544112193 ip:192.168.19.46
2019-06-12 13:41:12,097 INFO  util.JvmPauseMonitor (JvmPauseMonitor.java:run(188)) - Starting JVM pause monitor
2019-06-12 13:41:12,097 INFO  datanode.InitDatanodeState (InitDatanodeState.java:persistContainerDatanodeDetails(140)) - DatanodeDetails is persisted to /opt/src/hadoop-ozone/integration-test/target/test-dir/MiniOzoneClusterImpl-0fefaf49-817a-484d-ad74-9fcb43e2238a/datanode-3/meta/datanode.id
2019-06-12 13:41:12,102 INFO  volume.HddsVolume (HddsVolume.java:<init>(176)) - Creating Volume: /opt/src/hadoop-ozone/integration-test/target/test-dir/MiniOzoneClusterImpl-0fefaf49-817a-484d-ad74-9fcb43e2238a/datanode-4/data/containers/hdds of  storage type : DISK and capacity : 104021790720
2019-06-12 13:41:12,102 INFO  volume.VolumeSet (VolumeSet.java:initializeVolumeSet(170)) - Added Volume : /opt/src/hadoop-ozone/integration-test/target/test-dir/MiniOzoneClusterImpl-0fefaf49-817a-484d-ad74-9fcb43e2238a/datanode-4/data/containers/hdds to VolumeSet
2019-06-12 13:41:12,103 INFO  volume.ThrottledAsyncChecker (ThrottledAsyncChecker.java:schedule(140)) - Scheduling a check for org.apache.hadoop.ozone.container.common.volume.HddsVolume@44a485bc
2019-06-12 13:41:12,110 INFO  volume.HddsVolumeChecker (HddsVolumeChecker.java:checkAllVolumes(203)) - Scheduled health check for volume org.apache.hadoop.ozone.container.common.volume.HddsVolume@44a485bc
2019-06-12 13:41:12,118 INFO  ratis.XceiverServerRatis (XceiverServerRatis.java:newXceiverServerRatis(401)) - Found a free port for the server : 41465
2019-06-12 13:41:12,120 INFO  impl.RaftServerProxy (ConfUtils.java:logGet(43)) - raft.rpc.type = GRPC (default)
2019-06-12 13:41:12,120 INFO  grpc.GrpcConfigKeys$Server (ConfUtils.java:logGet(43)) - raft.grpc.server.port = 41465 (custom)
2019-06-12 13:41:12,120 INFO  server.GrpcService (ConfUtils.java:logGet(43)) - raft.grpc.message.size.max = 33570816 (custom)
2019-06-12 13:41:12,120 INFO  server.RaftServerConfigKeys (ConfUtils.java:logGet(43)) - raft.server.log.appender.buffer.byte-limit = 33554432 (custom)
2019-06-12 13:41:12,120 INFO  server.GrpcService (ConfUtils.java:logGet(43)) - raft.grpc.flow.control.window = 1MB (=1048576) (default)
2019-06-12 13:41:12,120 INFO  server.RaftServerConfigKeys (ConfUtils.java:logGet(43)) - raft.server.rpc.request.timeout = 3000ms (default)
2019-06-12 13:41:12,121 INFO  server.RaftServerConfigKeys (ConfUtils.java:logGet(43)) - raft.server.storage.dir = [/opt/src/hadoop-ozone/integration-test/target/test-dir/MiniOzoneClusterImpl-0fefaf49-817a-484d-ad74-9fcb43e2238a/datanode-4/data/ratis] (custom)
2019-06-12 13:41:12,121 INFO  server.XceiverServerGrpc (XceiverServerGrpc.java:<init>(97)) - Found a free port for the server : 37623
2019-06-12 13:41:12,121 INFO  replication.SimpleContainerDownloader (SimpleContainerDownloader.java:<init>(72)) - Starting container downloader service to copy containers to replicate.
2019-06-12 13:41:12,122 INFO  hdfs.DFSUtil (DFSUtil.java:httpServerTemplateForNNAndJN(1641)) - Starting Web-server for hddsDatanode at: http://0.0.0.0:0
2019-06-12 13:41:12,123 INFO  server.AuthenticationFilter (AuthenticationFilter.java:constructSecretProvider(240)) - Unable to initialize FileSignerSecretProvider, falling back to use random secrets.
2019-06-12 13:41:12,125 WARN  http.HttpRequestLog (HttpRequestLog.java:getRequestLog(97)) - Jetty request log can only be enabled using Log4j
2019-06-12 13:41:12,126 INFO  http.HttpServer2 (HttpServer2.java:addGlobalFilter(975)) - Added global filter 'safety' (class=org.apache.hadoop.http.HttpServer2$QuotingInputFilter)
2019-06-12 13:41:12,126 INFO  http.HttpServer2 (HttpServer2.java:addFilter(948)) - Added filter static_user_filter (class=org.apache.hadoop.http.lib.StaticUserWebFilter$StaticUserFilter) to context hddsDatanode
2019-06-12 13:41:12,126 INFO  http.HttpServer2 (HttpServer2.java:addFilter(958)) - Added filter static_user_filter (class=org.apache.hadoop.http.lib.StaticUserWebFilter$StaticUserFilter) to context logs
2019-06-12 13:41:12,126 INFO  http.HttpServer2 (HttpServer2.java:addFilter(958)) - Added filter static_user_filter (class=org.apache.hadoop.http.lib.StaticUserWebFilter$StaticUserFilter) to context static
2019-06-12 13:41:12,127 INFO  http.HttpServer2 (HttpServer2.java:bindListener(1191)) - Jetty bound to port 33229
2019-06-12 13:41:12,127 INFO  server.Server (Server.java:doStart(351)) - jetty-9.3.24.v20180605, build timestamp: 2018-06-05T17:11:56Z, git hash: 84205aa28f11a4f31f2a3b86d1bba2cc8ab69827
2019-06-12 13:41:12,133 INFO  handler.ContextHandler (ContextHandler.java:doStart(781)) - Started o.e.j.s.ServletContextHandler@731d0d5c{/logs,file:///opt/src/hadoop-ozone/integration-test/target/log,AVAILABLE}
2019-06-12 13:41:12,134 INFO  handler.ContextHandler (ContextHandler.java:doStart(781)) - Started o.e.j.s.ServletContextHandler@18e76101{/static,jar:file:/root/.m2/repository/org/apache/hadoop/hadoop-hdds-container-service/0.5.0-SNAPSHOT/hadoop-hdds-container-service-0.5.0-SNAPSHOT.jar!/webapps/static,AVAILABLE}
2019-06-12 13:41:12,155 INFO  handler.ContextHandler (ContextHandler.java:doStart(781)) - Started o.e.j.w.WebAppContext@3f3f554f{/,file:///tmp/jetty-0.0.0.0-33229-hddsDatanode-_-any-7601072686793272915.dir/webapp/,AVAILABLE}{/hddsDatanode}
2019-06-12 13:41:12,155 INFO  server.AbstractConnector (AbstractConnector.java:doStart(278)) - Started ServerConnector@3186f8f5{HTTP/1.1,[http/1.1]}{0.0.0.0:33229}
2019-06-12 13:41:12,157 INFO  server.Server (Server.java:doStart(419)) - Started @35249ms
2019-06-12 13:41:12,158 INFO  server.BaseHttpServer (BaseHttpServer.java:updateConnectorAddress(207)) - HTTP server of HDDSDATANODE is listening at http://0.0.0.0:33229
2019-06-12 13:41:12,264 INFO  ozone.HddsDatanodeService (HddsDatanodeService.java:startPlugins(396)) - Started plug-in org.apache.hadoop.ozone.web.OzoneHddsDatanodeService@50008974
2019-06-12 13:41:12,264 INFO  impl.MetricsSystemImpl (MetricsSystemImpl.java:init(158)) - HddsDatanode metrics system started (again)
2019-06-12 13:41:12,264 INFO  ozone.HddsDatanodeService (HddsDatanodeService.java:start(185)) - HddsDatanodeService host:ozone-x7bbm-1544112193 ip:192.168.19.46
2019-06-12 13:41:12,266 INFO  util.JvmPauseMonitor (JvmPauseMonitor.java:run(188)) - Starting JVM pause monitor
2019-06-12 13:41:12,266 INFO  datanode.InitDatanodeState (InitDatanodeState.java:persistContainerDatanodeDetails(140)) - DatanodeDetails is persisted to /opt/src/hadoop-ozone/integration-test/target/test-dir/MiniOzoneClusterImpl-0fefaf49-817a-484d-ad74-9fcb43e2238a/datanode-4/meta/datanode.id
2019-06-12 13:41:12,271 INFO  volume.HddsVolume (HddsVolume.java:<init>(176)) - Creating Volume: /opt/src/hadoop-ozone/integration-test/target/test-dir/MiniOzoneClusterImpl-0fefaf49-817a-484d-ad74-9fcb43e2238a/datanode-5/data/containers/hdds of  storage type : DISK and capacity : 104021790720
2019-06-12 13:41:12,271 INFO  volume.VolumeSet (VolumeSet.java:initializeVolumeSet(170)) - Added Volume : /opt/src/hadoop-ozone/integration-test/target/test-dir/MiniOzoneClusterImpl-0fefaf49-817a-484d-ad74-9fcb43e2238a/datanode-5/data/containers/hdds to VolumeSet
2019-06-12 13:41:12,271 INFO  volume.ThrottledAsyncChecker (ThrottledAsyncChecker.java:schedule(140)) - Scheduling a check for org.apache.hadoop.ozone.container.common.volume.HddsVolume@520ec7a7
2019-06-12 13:41:12,272 INFO  volume.HddsVolumeChecker (HddsVolumeChecker.java:checkAllVolumes(203)) - Scheduled health check for volume org.apache.hadoop.ozone.container.common.volume.HddsVolume@520ec7a7
2019-06-12 13:41:12,283 INFO  ratis.XceiverServerRatis (XceiverServerRatis.java:newXceiverServerRatis(401)) - Found a free port for the server : 42389
2019-06-12 13:41:12,284 INFO  impl.RaftServerProxy (ConfUtils.java:logGet(43)) - raft.rpc.type = GRPC (default)
2019-06-12 13:41:12,284 INFO  grpc.GrpcConfigKeys$Server (ConfUtils.java:logGet(43)) - raft.grpc.server.port = 42389 (custom)
2019-06-12 13:41:12,284 INFO  server.GrpcService (ConfUtils.java:logGet(43)) - raft.grpc.message.size.max = 33570816 (custom)
2019-06-12 13:41:12,285 INFO  server.RaftServerConfigKeys (ConfUtils.java:logGet(43)) - raft.server.log.appender.buffer.byte-limit = 33554432 (custom)
2019-06-12 13:41:12,285 INFO  server.GrpcService (ConfUtils.java:logGet(43)) - raft.grpc.flow.control.window = 1MB (=1048576) (default)
2019-06-12 13:41:12,285 INFO  server.RaftServerConfigKeys (ConfUtils.java:logGet(43)) - raft.server.rpc.request.timeout = 3000ms (default)
2019-06-12 13:41:12,286 INFO  server.RaftServerConfigKeys (ConfUtils.java:logGet(43)) - raft.server.storage.dir = [/opt/src/hadoop-ozone/integration-test/target/test-dir/MiniOzoneClusterImpl-0fefaf49-817a-484d-ad74-9fcb43e2238a/datanode-5/data/ratis] (custom)
2019-06-12 13:41:12,286 INFO  server.XceiverServerGrpc (XceiverServerGrpc.java:<init>(97)) - Found a free port for the server : 39549
2019-06-12 13:41:12,286 INFO  replication.SimpleContainerDownloader (SimpleContainerDownloader.java:<init>(72)) - Starting container downloader service to copy containers to replicate.
2019-06-12 13:41:12,318 INFO  hdfs.DFSUtil (DFSUtil.java:httpServerTemplateForNNAndJN(1641)) - Starting Web-server for hddsDatanode at: http://0.0.0.0:0
2019-06-12 13:41:12,319 INFO  server.AuthenticationFilter (AuthenticationFilter.java:constructSecretProvider(240)) - Unable to initialize FileSignerSecretProvider, falling back to use random secrets.
2019-06-12 13:41:12,322 WARN  http.HttpRequestLog (HttpRequestLog.java:getRequestLog(97)) - Jetty request log can only be enabled using Log4j
2019-06-12 13:41:12,325 INFO  http.HttpServer2 (HttpServer2.java:addGlobalFilter(975)) - Added global filter 'safety' (class=org.apache.hadoop.http.HttpServer2$QuotingInputFilter)
2019-06-12 13:41:12,326 INFO  http.HttpServer2 (HttpServer2.java:addFilter(948)) - Added filter static_user_filter (class=org.apache.hadoop.http.lib.StaticUserWebFilter$StaticUserFilter) to context hddsDatanode
2019-06-12 13:41:12,326 INFO  http.HttpServer2 (HttpServer2.java:addFilter(958)) - Added filter static_user_filter (class=org.apache.hadoop.http.lib.StaticUserWebFilter$StaticUserFilter) to context logs
2019-06-12 13:41:12,326 INFO  http.HttpServer2 (HttpServer2.java:addFilter(958)) - Added filter static_user_filter (class=org.apache.hadoop.http.lib.StaticUserWebFilter$StaticUserFilter) to context static
2019-06-12 13:41:12,326 INFO  http.HttpServer2 (HttpServer2.java:bindListener(1191)) - Jetty bound to port 46455
2019-06-12 13:41:12,327 INFO  server.Server (Server.java:doStart(351)) - jetty-9.3.24.v20180605, build timestamp: 2018-06-05T17:11:56Z, git hash: 84205aa28f11a4f31f2a3b86d1bba2cc8ab69827
2019-06-12 13:41:12,328 INFO  handler.ContextHandler (ContextHandler.java:doStart(781)) - Started o.e.j.s.ServletContextHandler@18bc1064{/logs,file:///opt/src/hadoop-ozone/integration-test/target/log,AVAILABLE}
2019-06-12 13:41:12,329 INFO  handler.ContextHandler (ContextHandler.java:doStart(781)) - Started o.e.j.s.ServletContextHandler@68f264bf{/static,jar:file:/root/.m2/repository/org/apache/hadoop/hadoop-hdds-container-service/0.5.0-SNAPSHOT/hadoop-hdds-container-service-0.5.0-SNAPSHOT.jar!/webapps/static,AVAILABLE}
2019-06-12 13:41:12,349 INFO  handler.ContextHandler (ContextHandler.java:doStart(781)) - Started o.e.j.w.WebAppContext@7fad28ac{/,file:///tmp/jetty-0.0.0.0-46455-hddsDatanode-_-any-2691172635308484987.dir/webapp/,AVAILABLE}{/hddsDatanode}
2019-06-12 13:41:12,350 INFO  server.AbstractConnector (AbstractConnector.java:doStart(278)) - Started ServerConnector@3450bd13{HTTP/1.1,[http/1.1]}{0.0.0.0:46455}
2019-06-12 13:41:12,351 INFO  server.Server (Server.java:doStart(419)) - Started @35443ms
2019-06-12 13:41:12,351 INFO  server.BaseHttpServer (BaseHttpServer.java:updateConnectorAddress(207)) - HTTP server of HDDSDATANODE is listening at http://0.0.0.0:46455
2019-06-12 13:41:12,438 INFO  ozone.HddsDatanodeService (HddsDatanodeService.java:startPlugins(396)) - Started plug-in org.apache.hadoop.ozone.web.OzoneHddsDatanodeService@3e5cbcfe
2019-06-12 13:41:12,438 INFO  impl.MetricsSystemImpl (MetricsSystemImpl.java:init(158)) - HddsDatanode metrics system started (again)
2019-06-12 13:41:12,439 INFO  ozone.HddsDatanodeService (HddsDatanodeService.java:start(185)) - HddsDatanodeService host:ozone-x7bbm-1544112193 ip:192.168.19.46
2019-06-12 13:41:12,441 INFO  util.JvmPauseMonitor (JvmPauseMonitor.java:run(188)) - Starting JVM pause monitor
2019-06-12 13:41:12,442 INFO  datanode.InitDatanodeState (InitDatanodeState.java:persistContainerDatanodeDetails(140)) - DatanodeDetails is persisted to /opt/src/hadoop-ozone/integration-test/target/test-dir/MiniOzoneClusterImpl-0fefaf49-817a-484d-ad74-9fcb43e2238a/datanode-5/meta/datanode.id
2019-06-12 13:41:12,445 INFO  volume.HddsVolume (HddsVolume.java:<init>(176)) - Creating Volume: /opt/src/hadoop-ozone/integration-test/target/test-dir/MiniOzoneClusterImpl-0fefaf49-817a-484d-ad74-9fcb43e2238a/datanode-6/data/containers/hdds of  storage type : DISK and capacity : 104021790720
2019-06-12 13:41:12,446 INFO  volume.VolumeSet (VolumeSet.java:initializeVolumeSet(170)) - Added Volume : /opt/src/hadoop-ozone/integration-test/target/test-dir/MiniOzoneClusterImpl-0fefaf49-817a-484d-ad74-9fcb43e2238a/datanode-6/data/containers/hdds to VolumeSet
2019-06-12 13:41:12,446 INFO  volume.ThrottledAsyncChecker (ThrottledAsyncChecker.java:schedule(140)) - Scheduling a check for org.apache.hadoop.ozone.container.common.volume.HddsVolume@32b1e906
2019-06-12 13:41:12,450 INFO  volume.HddsVolumeChecker (HddsVolumeChecker.java:checkAllVolumes(203)) - Scheduled health check for volume org.apache.hadoop.ozone.container.common.volume.HddsVolume@32b1e906
2019-06-12 13:41:12,460 INFO  ratis.XceiverServerRatis (XceiverServerRatis.java:newXceiverServerRatis(401)) - Found a free port for the server : 40169
2019-06-12 13:41:12,461 INFO  impl.RaftServerProxy (ConfUtils.java:logGet(43)) - raft.rpc.type = GRPC (default)
2019-06-12 13:41:12,461 INFO  grpc.GrpcConfigKeys$Server (ConfUtils.java:logGet(43)) - raft.grpc.server.port = 40169 (custom)
2019-06-12 13:41:12,461 INFO  server.GrpcService (ConfUtils.java:logGet(43)) - raft.grpc.message.size.max = 33570816 (custom)
2019-06-12 13:41:12,461 INFO  server.RaftServerConfigKeys (ConfUtils.java:logGet(43)) - raft.server.log.appender.buffer.byte-limit = 33554432 (custom)
2019-06-12 13:41:12,461 INFO  server.GrpcService (ConfUtils.java:logGet(43)) - raft.grpc.flow.control.window = 1MB (=1048576) (default)
2019-06-12 13:41:12,462 INFO  server.RaftServerConfigKeys (ConfUtils.java:logGet(43)) - raft.server.rpc.request.timeout = 3000ms (default)
2019-06-12 13:41:12,462 INFO  server.RaftServerConfigKeys (ConfUtils.java:logGet(43)) - raft.server.storage.dir = [/opt/src/hadoop-ozone/integration-test/target/test-dir/MiniOzoneClusterImpl-0fefaf49-817a-484d-ad74-9fcb43e2238a/datanode-6/data/ratis] (custom)
2019-06-12 13:41:12,462 INFO  server.XceiverServerGrpc (XceiverServerGrpc.java:<init>(97)) - Found a free port for the server : 40025
2019-06-12 13:41:12,463 INFO  replication.SimpleContainerDownloader (SimpleContainerDownloader.java:<init>(72)) - Starting container downloader service to copy containers to replicate.
2019-06-12 13:41:12,464 INFO  hdfs.DFSUtil (DFSUtil.java:httpServerTemplateForNNAndJN(1641)) - Starting Web-server for hddsDatanode at: http://0.0.0.0:0
2019-06-12 13:41:12,465 INFO  server.AuthenticationFilter (AuthenticationFilter.java:constructSecretProvider(240)) - Unable to initialize FileSignerSecretProvider, falling back to use random secrets.
2019-06-12 13:41:12,466 WARN  http.HttpRequestLog (HttpRequestLog.java:getRequestLog(97)) - Jetty request log can only be enabled using Log4j
2019-06-12 13:41:12,467 INFO  http.HttpServer2 (HttpServer2.java:addGlobalFilter(975)) - Added global filter 'safety' (class=org.apache.hadoop.http.HttpServer2$QuotingInputFilter)
2019-06-12 13:41:12,467 INFO  http.HttpServer2 (HttpServer2.java:addFilter(948)) - Added filter static_user_filter (class=org.apache.hadoop.http.lib.StaticUserWebFilter$StaticUserFilter) to context hddsDatanode
2019-06-12 13:41:12,468 INFO  http.HttpServer2 (HttpServer2.java:addFilter(958)) - Added filter static_user_filter (class=org.apache.hadoop.http.lib.StaticUserWebFilter$StaticUserFilter) to context static
2019-06-12 13:41:12,468 INFO  http.HttpServer2 (HttpServer2.java:addFilter(958)) - Added filter static_user_filter (class=org.apache.hadoop.http.lib.StaticUserWebFilter$StaticUserFilter) to context logs
2019-06-12 13:41:12,468 INFO  http.HttpServer2 (HttpServer2.java:bindListener(1191)) - Jetty bound to port 36993
2019-06-12 13:41:12,468 INFO  server.Server (Server.java:doStart(351)) - jetty-9.3.24.v20180605, build timestamp: 2018-06-05T17:11:56Z, git hash: 84205aa28f11a4f31f2a3b86d1bba2cc8ab69827
2019-06-12 13:41:12,470 INFO  handler.ContextHandler (ContextHandler.java:doStart(781)) - Started o.e.j.s.ServletContextHandler@5e66733b{/logs,file:///opt/src/hadoop-ozone/integration-test/target/log,AVAILABLE}
2019-06-12 13:41:12,470 INFO  handler.ContextHandler (ContextHandler.java:doStart(781)) - Started o.e.j.s.ServletContextHandler@72641613{/static,jar:file:/root/.m2/repository/org/apache/hadoop/hadoop-hdds-container-service/0.5.0-SNAPSHOT/hadoop-hdds-container-service-0.5.0-SNAPSHOT.jar!/webapps/static,AVAILABLE}
2019-06-12 13:41:12,498 INFO  handler.ContextHandler (ContextHandler.java:doStart(781)) - Started o.e.j.w.WebAppContext@ba27ce6{/,file:///tmp/jetty-0.0.0.0-36993-hddsDatanode-_-any-4498906253316339142.dir/webapp/,AVAILABLE}{/hddsDatanode}
2019-06-12 13:41:12,498 INFO  server.AbstractConnector (AbstractConnector.java:doStart(278)) - Started ServerConnector@97cb8dc{HTTP/1.1,[http/1.1]}{0.0.0.0:36993}
2019-06-12 13:41:12,500 INFO  server.Server (Server.java:doStart(419)) - Started @35592ms
2019-06-12 13:41:12,501 INFO  server.BaseHttpServer (BaseHttpServer.java:updateConnectorAddress(207)) - HTTP server of HDDSDATANODE is listening at http://0.0.0.0:36993
2019-06-12 13:41:12,605 INFO  ozone.HddsDatanodeService (HddsDatanodeService.java:startPlugins(396)) - Started plug-in org.apache.hadoop.ozone.web.OzoneHddsDatanodeService@1d7af82
2019-06-12 13:41:12,606 INFO  ozone.MiniOzoneClusterImpl (MiniOzoneClusterImpl.java:lambda$waitForClusterToBeReady$0(142)) - Waiting for cluster to be ready. Got 0 of 7 DN Heartbeats.
2019-06-12 13:41:12,610 INFO  util.JvmPauseMonitor (JvmPauseMonitor.java:run(188)) - Starting JVM pause monitor
2019-06-12 13:41:12,611 INFO  datanode.InitDatanodeState (InitDatanodeState.java:persistContainerDatanodeDetails(140)) - DatanodeDetails is persisted to /opt/src/hadoop-ozone/integration-test/target/test-dir/MiniOzoneClusterImpl-0fefaf49-817a-484d-ad74-9fcb43e2238a/datanode-6/meta/datanode.id
2019-06-12 13:41:13,554 INFO  ozoneimpl.OzoneContainer (OzoneContainer.java:start(186)) - Attempting to start container services.
2019-06-12 13:41:13,554 INFO  ozoneimpl.OzoneContainer (OzoneContainer.java:startContainerScrub(160)) - Background container scrubber has been disabled by hdds.containerscrub.enabled
2019-06-12 13:41:13,554 INFO  ratis.XceiverServerRatis (XceiverServerRatis.java:start(418)) - Starting XceiverServerRatis f774f434-0ad1-462e-af15-84bd84bd91e9 at port 32903
2019-06-12 13:41:13,561 INFO  impl.RaftServerProxy (RaftServerProxy.java:lambda$start$3(299)) - f774f434-0ad1-462e-af15-84bd84bd91e9: start RPC server
2019-06-12 13:41:13,562 INFO  server.GrpcService (GrpcService.java:startImpl(148)) - f774f434-0ad1-462e-af15-84bd84bd91e9: GrpcService started, listening on 0.0.0.0/0.0.0.0:32903
2019-06-12 13:41:13,606 INFO  ozone.MiniOzoneClusterImpl (MiniOzoneClusterImpl.java:lambda$waitForClusterToBeReady$0(142)) - Waiting for cluster to be ready. Got 0 of 7 DN Heartbeats.
2019-06-12 13:41:13,805 INFO  ozoneimpl.OzoneContainer (OzoneContainer.java:start(186)) - Attempting to start container services.
2019-06-12 13:41:13,805 INFO  ozoneimpl.OzoneContainer (OzoneContainer.java:startContainerScrub(160)) - Background container scrubber has been disabled by hdds.containerscrub.enabled
2019-06-12 13:41:13,805 INFO  ratis.XceiverServerRatis (XceiverServerRatis.java:start(418)) - Starting XceiverServerRatis 2748af54-33a5-4620-a4be-2202c3ceebf6 at port 37405
2019-06-12 13:41:13,808 INFO  impl.RaftServerProxy (RaftServerProxy.java:lambda$start$3(299)) - 2748af54-33a5-4620-a4be-2202c3ceebf6: start RPC server
2019-06-12 13:41:13,812 INFO  server.GrpcService (GrpcService.java:startImpl(148)) - 2748af54-33a5-4620-a4be-2202c3ceebf6: GrpcService started, listening on 0.0.0.0/0.0.0.0:37405
2019-06-12 13:41:13,958 INFO  ozoneimpl.OzoneContainer (OzoneContainer.java:start(186)) - Attempting to start container services.
2019-06-12 13:41:13,958 INFO  ozoneimpl.OzoneContainer (OzoneContainer.java:startContainerScrub(160)) - Background container scrubber has been disabled by hdds.containerscrub.enabled
2019-06-12 13:41:13,958 INFO  ratis.XceiverServerRatis (XceiverServerRatis.java:start(418)) - Starting XceiverServerRatis 9e931dfc-5b3d-42f4-90f5-b6eeec8695f1 at port 45939
2019-06-12 13:41:13,961 INFO  impl.RaftServerProxy (RaftServerProxy.java:lambda$start$3(299)) - 9e931dfc-5b3d-42f4-90f5-b6eeec8695f1: start RPC server
2019-06-12 13:41:13,961 INFO  server.GrpcService (GrpcService.java:startImpl(148)) - 9e931dfc-5b3d-42f4-90f5-b6eeec8695f1: GrpcService started, listening on 0.0.0.0/0.0.0.0:45939
2019-06-12 13:41:14,100 INFO  ozoneimpl.OzoneContainer (OzoneContainer.java:start(186)) - Attempting to start container services.
2019-06-12 13:41:14,100 INFO  ozoneimpl.OzoneContainer (OzoneContainer.java:startContainerScrub(160)) - Background container scrubber has been disabled by hdds.containerscrub.enabled
2019-06-12 13:41:14,100 INFO  ratis.XceiverServerRatis (XceiverServerRatis.java:start(418)) - Starting XceiverServerRatis f3fff7bd-3949-400e-9b0d-e25fcfcb177b at port 33359
2019-06-12 13:41:14,104 INFO  impl.RaftServerProxy (RaftServerProxy.java:lambda$start$3(299)) - f3fff7bd-3949-400e-9b0d-e25fcfcb177b: start RPC server
2019-06-12 13:41:14,104 INFO  server.GrpcService (GrpcService.java:startImpl(148)) - f3fff7bd-3949-400e-9b0d-e25fcfcb177b: GrpcService started, listening on 0.0.0.0/0.0.0.0:33359
2019-06-12 13:41:14,269 INFO  ozoneimpl.OzoneContainer (OzoneContainer.java:start(186)) - Attempting to start container services.
2019-06-12 13:41:14,269 INFO  ozoneimpl.OzoneContainer (OzoneContainer.java:startContainerScrub(160)) - Background container scrubber has been disabled by hdds.containerscrub.enabled
2019-06-12 13:41:14,269 INFO  ratis.XceiverServerRatis (XceiverServerRatis.java:start(418)) - Starting XceiverServerRatis 3c4f6f6b-6bae-4896-a387-bc1a7103eceb at port 41465
2019-06-12 13:41:14,279 INFO  impl.RaftServerProxy (RaftServerProxy.java:lambda$start$3(299)) - 3c4f6f6b-6bae-4896-a387-bc1a7103eceb: start RPC server
2019-06-12 13:41:14,279 INFO  server.GrpcService (GrpcService.java:startImpl(148)) - 3c4f6f6b-6bae-4896-a387-bc1a7103eceb: GrpcService started, listening on 0.0.0.0/0.0.0.0:41465
2019-06-12 13:41:14,444 INFO  ozoneimpl.OzoneContainer (OzoneContainer.java:start(186)) - Attempting to start container services.
2019-06-12 13:41:14,445 INFO  ozoneimpl.OzoneContainer (OzoneContainer.java:startContainerScrub(160)) - Background container scrubber has been disabled by hdds.containerscrub.enabled
2019-06-12 13:41:14,445 INFO  ratis.XceiverServerRatis (XceiverServerRatis.java:start(418)) - Starting XceiverServerRatis 40d61cb6-2cb9-46eb-b78e-34a5a87f0b29 at port 42389
2019-06-12 13:41:14,448 INFO  impl.RaftServerProxy (RaftServerProxy.java:lambda$start$3(299)) - 40d61cb6-2cb9-46eb-b78e-34a5a87f0b29: start RPC server
2019-06-12 13:41:14,449 INFO  server.GrpcService (GrpcService.java:startImpl(148)) - 40d61cb6-2cb9-46eb-b78e-34a5a87f0b29: GrpcService started, listening on 0.0.0.0/0.0.0.0:42389
2019-06-12 13:41:14,606 INFO  ozone.MiniOzoneClusterImpl (MiniOzoneClusterImpl.java:lambda$waitForClusterToBeReady$0(142)) - Waiting for cluster to be ready. Got 0 of 7 DN Heartbeats.
2019-06-12 13:41:14,612 INFO  ozoneimpl.OzoneContainer (OzoneContainer.java:start(186)) - Attempting to start container services.
2019-06-12 13:41:14,612 INFO  ozoneimpl.OzoneContainer (OzoneContainer.java:startContainerScrub(160)) - Background container scrubber has been disabled by hdds.containerscrub.enabled
2019-06-12 13:41:14,613 INFO  ratis.XceiverServerRatis (XceiverServerRatis.java:start(418)) - Starting XceiverServerRatis 2b8519d3-f54a-4c77-9dba-c4d93fb770f8 at port 40169
2019-06-12 13:41:14,616 INFO  impl.RaftServerProxy (RaftServerProxy.java:lambda$start$3(299)) - 2b8519d3-f54a-4c77-9dba-c4d93fb770f8: start RPC server
2019-06-12 13:41:14,616 INFO  server.GrpcService (GrpcService.java:startImpl(148)) - 2b8519d3-f54a-4c77-9dba-c4d93fb770f8: GrpcService started, listening on 0.0.0.0/0.0.0.0:40169
2019-06-12 13:41:15,549 INFO  node.SCMNodeManager (SCMNodeManager.java:register(234)) - Registered Data node : f774f434-0ad1-462e-af15-84bd84bd91e9{ip: 192.168.19.46, host: ozone-x7bbm-1544112193, networkLocation: /default-rack, certSerialId: null}
2019-06-12 13:41:15,551 INFO  safemode.SCMSafeModeManager (DataNodeSafeModeRule.java:process(71)) - SCM in safe mode. 1 DataNodes registered, 1 required.
2019-06-12 13:41:15,552 INFO  safemode.SCMSafeModeManager (SCMSafeModeManager.java:validateSafeModeExitRules(177)) - ScmSafeModeManager, all rules are successfully validated
2019-06-12 13:41:15,552 INFO  safemode.SCMSafeModeManager (SCMSafeModeManager.java:exitSafeMode(193)) - SCM exiting safe mode.
2019-06-12 13:41:15,557 INFO  impl.RaftServerProxy (RaftServerProxy.java:addNew(89)) - f774f434-0ad1-462e-af15-84bd84bd91e9: addNew group-1D8090DB6D82:[f774f434-0ad1-462e-af15-84bd84bd91e9:192.168.19.46:32903] returns group-1D8090DB6D82:java.util.concurrent.CompletableFuture@1c227195[Not completed]
2019-06-12 13:41:15,558 INFO  impl.RaftServerImpl (RaftServerImpl.java:<init>(91)) - f774f434-0ad1-462e-af15-84bd84bd91e9: new RaftServerImpl for group-1D8090DB6D82:[f774f434-0ad1-462e-af15-84bd84bd91e9:192.168.19.46:32903] with ContainerStateMachine:uninitialized
2019-06-12 13:41:15,558 INFO  server.RaftServerConfigKeys (ConfUtils.java:logGet(43)) - raft.server.rpc.timeout.min = 1s (custom)
2019-06-12 13:41:15,558 INFO  server.RaftServerConfigKeys (ConfUtils.java:logGet(43)) - raft.server.rpc.timeout.max = 1200ms (custom)
2019-06-12 13:41:15,558 INFO  server.RaftServerConfigKeys (ConfUtils.java:logGet(43)) - raft.server.rpcslowness.timeout = 120s (custom)
2019-06-12 13:41:15,558 INFO  server.RaftServerConfigKeys (ConfUtils.java:logGet(43)) - raft.server.log.appender.install.snapshot.enabled = true (default)
2019-06-12 13:41:15,558 INFO  impl.RaftServerImpl (ServerState.java:<init>(101)) - f774f434-0ad1-462e-af15-84bd84bd91e9:group-1D8090DB6D82 ConfigurationManager, init=-1: [f774f434-0ad1-462e-af15-84bd84bd91e9:192.168.19.46:32903], old=null, confs=<EMPTY_MAP>
2019-06-12 13:41:15,559 INFO  server.RaftServerConfigKeys (ConfUtils.java:logGet(43)) - raft.server.storage.dir = [/opt/src/hadoop-ozone/integration-test/target/test-dir/MiniOzoneClusterImpl-0fefaf49-817a-484d-ad74-9fcb43e2238a/datanode-0/data/ratis] (custom)
2019-06-12 13:41:15,559 INFO  storage.RaftStorageDirectory (RaftStorageDirectory.java:analyzeStorage(246)) - The storage directory /opt/src/hadoop-ozone/integration-test/target/test-dir/MiniOzoneClusterImpl-0fefaf49-817a-484d-ad74-9fcb43e2238a/datanode-0/data/ratis/284ce864-9fbd-445a-8c99-1d8090db6d82 does not exist. Creating ...
2019-06-12 13:41:15,561 INFO  storage.RaftStorageDirectory (RaftStorageDirectory.java:tryLock(328)) - Lock on /opt/src/hadoop-ozone/integration-test/target/test-dir/MiniOzoneClusterImpl-0fefaf49-817a-484d-ad74-9fcb43e2238a/datanode-0/data/ratis/284ce864-9fbd-445a-8c99-1d8090db6d82/in_use.lock acquired by nodename 23524@ozone-x7bbm-1544112193
2019-06-12 13:41:15,563 INFO  storage.RaftStorage (RaftStorage.java:format(75)) - Storage directory /opt/src/hadoop-ozone/integration-test/target/test-dir/MiniOzoneClusterImpl-0fefaf49-817a-484d-ad74-9fcb43e2238a/datanode-0/data/ratis/284ce864-9fbd-445a-8c99-1d8090db6d82 has been successfully formatted.
2019-06-12 13:41:15,563 INFO  ratis.ContainerStateMachine (ContainerStateMachine.java:loadSnapshot(199)) - The snapshot info is null.Setting the last applied index to:(t:0, i:~)
2019-06-12 13:41:15,563 INFO  server.RaftServerConfigKeys (ConfUtils.java:logGet(43)) - raft.server.leader.election.timeout = 120s (custom)
2019-06-12 13:41:15,564 INFO  server.RaftServerConfigKeys (ConfUtils.java:logGet(43)) - raft.server.log.use.memory = false (default)
2019-06-12 13:41:15,564 INFO  server.RaftServerConfigKeys (ConfUtils.java:logGet(43)) - raft.server.log.appender.buffer.byte-limit = 33554432 (custom)
2019-06-12 13:41:15,564 INFO  server.RaftServerConfigKeys (ConfUtils.java:logGet(43)) - raft.server.log.segment.size.max = 16384 (custom)
2019-06-12 13:41:15,564 INFO  server.RaftServerConfigKeys (ConfUtils.java:logGet(43)) - raft.server.log.segment.cache.num.max = 2 (custom)
2019-06-12 13:41:15,564 INFO  storage.RaftLogWorker (RaftLogWorker.java:<init>(123)) - new f774f434-0ad1-462e-af15-84bd84bd91e9-RaftLogWorker for Storage Directory /opt/src/hadoop-ozone/integration-test/target/test-dir/MiniOzoneClusterImpl-0fefaf49-817a-484d-ad74-9fcb43e2238a/datanode-0/data/ratis/284ce864-9fbd-445a-8c99-1d8090db6d82
2019-06-12 13:41:15,564 INFO  server.RaftServerConfigKeys (ConfUtils.java:logGet(43)) - raft.server.log.queue.byte-limit = 2147483647 (custom)
2019-06-12 13:41:15,564 INFO  server.RaftServerConfigKeys (ConfUtils.java:logGet(43)) - raft.server.log.queue.element-limit = 1024 (custom)
2019-06-12 13:41:15,564 INFO  server.RaftServerConfigKeys (ConfUtils.java:logGet(43)) - raft.server.log.segment.size.max = 16384 (custom)
2019-06-12 13:41:15,564 INFO  server.RaftServerConfigKeys (ConfUtils.java:logGet(43)) - raft.server.log.preallocated.size = 16384 (custom)
2019-06-12 13:41:15,564 INFO  server.RaftServerConfigKeys (ConfUtils.java:logGet(43)) - raft.server.log.write.buffer.size = 33554432 (custom)
2019-06-12 13:41:15,564 INFO  server.RaftServerConfigKeys (ConfUtils.java:logGet(43)) - raft.server.log.force.sync.num = 128 (default)
2019-06-12 13:41:15,564 INFO  server.RaftServerConfigKeys (ConfUtils.java:logGet(43)) - raft.server.log.statemachine.data.sync = true (default)
2019-06-12 13:41:15,565 INFO  server.RaftServerConfigKeys (ConfUtils.java:logGet(43)) - raft.server.log.statemachine.data.sync.timeout = 10s (default)
2019-06-12 13:41:15,565 INFO  server.RaftServerConfigKeys (ConfUtils.java:logGet(43)) - raft.server.log.statemachine.data.sync.timeout.retry = -1 (default)
2019-06-12 13:41:15,565 INFO  server.RaftServerConfigKeys (ConfUtils.java:logGet(43)) - raft.server.log.statemachine.data.caching.enabled = true (custom)
2019-06-12 13:41:15,571 INFO  server.RaftServerConfigKeys (ConfUtils.java:logGet(43)) - raft.server.snapshot.auto.trigger.enabled = true (custom)
2019-06-12 13:41:15,572 INFO  server.RaftServerConfigKeys (ConfUtils.java:logGet(43)) - raft.server.snapshot.auto.trigger.threshold = 10000 (custom)
2019-06-12 13:41:15,572 INFO  server.RaftServerConfigKeys (ConfUtils.java:logGet(43)) - raft.server.retrycache.expirytime = 600000ms (custom)
2019-06-12 13:41:15,572 INFO  impl.RaftServerImpl (RaftServerImpl.java:start(173)) - f774f434-0ad1-462e-af15-84bd84bd91e9: start group-1D8090DB6D82
2019-06-12 13:41:15,572 INFO  impl.RaftServerImpl (RaftServerImpl.java:setRole(164)) - f774f434-0ad1-462e-af15-84bd84bd91e9:group-1D8090DB6D82 changes role from null to FOLLOWER at term 0 for startAsFollower
2019-06-12 13:41:15,572 INFO  impl.RoleInfo (RoleInfo.java:updateAndGet(143)) - f774f434-0ad1-462e-af15-84bd84bd91e9: start FollowerState
2019-06-12 13:41:15,574 INFO  util.JmxRegister (JmxRegister.java:tryRegister(44)) - Successfully registered JMX Bean with object name Ratis:service=RaftServer,group=group-1D8090DB6D82,id=f774f434-0ad1-462e-af15-84bd84bd91e9
2019-06-12 13:41:15,578 INFO  pipeline.PipelineStateManager (PipelineStateManager.java:addPipeline(56)) - Created pipeline Pipeline[ Id: 284ce864-9fbd-445a-8c99-1d8090db6d82, Nodes: f774f434-0ad1-462e-af15-84bd84bd91e9{ip: 192.168.19.46, host: ozone-x7bbm-1544112193, networkLocation: /default-rack, certSerialId: null}, Type:RATIS, Factor:ONE, State:OPEN]
2019-06-12 13:41:15,607 INFO  ozone.MiniOzoneClusterImpl (MiniOzoneClusterImpl.java:lambda$waitForClusterToBeReady$0(142)) - Waiting for cluster to be ready. Got 1 of 7 DN Heartbeats.
2019-06-12 13:41:15,802 INFO  node.SCMNodeManager (SCMNodeManager.java:register(234)) - Registered Data node : 2748af54-33a5-4620-a4be-2202c3ceebf6{ip: 192.168.19.46, host: ozone-x7bbm-1544112193, networkLocation: /default-rack, certSerialId: null}
2019-06-12 13:41:15,813 INFO  impl.RaftServerProxy (RaftServerProxy.java:addNew(89)) - 2748af54-33a5-4620-a4be-2202c3ceebf6: addNew group-CB43BE518BCD:[2748af54-33a5-4620-a4be-2202c3ceebf6:192.168.19.46:37405] returns group-CB43BE518BCD:java.util.concurrent.CompletableFuture@2e56bd81[Not completed]
2019-06-12 13:41:15,814 INFO  impl.RaftServerImpl (RaftServerImpl.java:<init>(91)) - 2748af54-33a5-4620-a4be-2202c3ceebf6: new RaftServerImpl for group-CB43BE518BCD:[2748af54-33a5-4620-a4be-2202c3ceebf6:192.168.19.46:37405] with ContainerStateMachine:uninitialized
2019-06-12 13:41:15,814 INFO  server.RaftServerConfigKeys (ConfUtils.java:logGet(43)) - raft.server.rpc.timeout.min = 1s (custom)
2019-06-12 13:41:15,814 INFO  server.RaftServerConfigKeys (ConfUtils.java:logGet(43)) - raft.server.rpc.timeout.max = 1200ms (custom)
2019-06-12 13:41:15,814 INFO  server.RaftServerConfigKeys (ConfUtils.java:logGet(43)) - raft.server.rpcslowness.timeout = 120s (custom)
2019-06-12 13:41:15,814 INFO  server.RaftServerConfigKeys (ConfUtils.java:logGet(43)) - raft.server.log.appender.install.snapshot.enabled = true (default)
2019-06-12 13:41:15,814 INFO  impl.RaftServerImpl (ServerState.java:<init>(101)) - 2748af54-33a5-4620-a4be-2202c3ceebf6:group-CB43BE518BCD ConfigurationManager, init=-1: [2748af54-33a5-4620-a4be-2202c3ceebf6:192.168.19.46:37405], old=null, confs=<EMPTY_MAP>
2019-06-12 13:41:15,814 INFO  server.RaftServerConfigKeys (ConfUtils.java:logGet(43)) - raft.server.storage.dir = [/opt/src/hadoop-ozone/integration-test/target/test-dir/MiniOzoneClusterImpl-0fefaf49-817a-484d-ad74-9fcb43e2238a/datanode-1/data/ratis] (custom)
2019-06-12 13:41:15,814 INFO  storage.RaftStorageDirectory (RaftStorageDirectory.java:analyzeStorage(246)) - The storage directory /opt/src/hadoop-ozone/integration-test/target/test-dir/MiniOzoneClusterImpl-0fefaf49-817a-484d-ad74-9fcb43e2238a/datanode-1/data/ratis/9095338f-11c6-47aa-be08-cb43be518bcd does not exist. Creating ...
2019-06-12 13:41:15,817 INFO  storage.RaftStorageDirectory (RaftStorageDirectory.java:tryLock(328)) - Lock on /opt/src/hadoop-ozone/integration-test/target/test-dir/MiniOzoneClusterImpl-0fefaf49-817a-484d-ad74-9fcb43e2238a/datanode-1/data/ratis/9095338f-11c6-47aa-be08-cb43be518bcd/in_use.lock acquired by nodename 23524@ozone-x7bbm-1544112193
2019-06-12 13:41:15,819 INFO  storage.RaftStorage (RaftStorage.java:format(75)) - Storage directory /opt/src/hadoop-ozone/integration-test/target/test-dir/MiniOzoneClusterImpl-0fefaf49-817a-484d-ad74-9fcb43e2238a/datanode-1/data/ratis/9095338f-11c6-47aa-be08-cb43be518bcd has been successfully formatted.
2019-06-12 13:41:15,819 INFO  ratis.ContainerStateMachine (ContainerStateMachine.java:loadSnapshot(199)) - The snapshot info is null.Setting the last applied index to:(t:0, i:~)
2019-06-12 13:41:15,819 INFO  server.RaftServerConfigKeys (ConfUtils.java:logGet(43)) - raft.server.leader.election.timeout = 120s (custom)
2019-06-12 13:41:15,819 INFO  server.RaftServerConfigKeys (ConfUtils.java:logGet(43)) - raft.server.log.use.memory = false (default)
2019-06-12 13:41:15,819 INFO  server.RaftServerConfigKeys (ConfUtils.java:logGet(43)) - raft.server.log.appender.buffer.byte-limit = 33554432 (custom)
2019-06-12 13:41:15,819 INFO  server.RaftServerConfigKeys (ConfUtils.java:logGet(43)) - raft.server.log.segment.size.max = 16384 (custom)
2019-06-12 13:41:15,819 INFO  server.RaftServerConfigKeys (ConfUtils.java:logGet(43)) - raft.server.log.segment.cache.num.max = 2 (custom)
2019-06-12 13:41:15,819 INFO  storage.RaftLogWorker (RaftLogWorker.java:<init>(123)) - new 2748af54-33a5-4620-a4be-2202c3ceebf6-RaftLogWorker for Storage Directory /opt/src/hadoop-ozone/integration-test/target/test-dir/MiniOzoneClusterImpl-0fefaf49-817a-484d-ad74-9fcb43e2238a/datanode-1/data/ratis/9095338f-11c6-47aa-be08-cb43be518bcd
2019-06-12 13:41:15,820 INFO  server.RaftServerConfigKeys (ConfUtils.java:logGet(43)) - raft.server.log.queue.byte-limit = 2147483647 (custom)
2019-06-12 13:41:15,820 INFO  server.RaftServerConfigKeys (ConfUtils.java:logGet(43)) - raft.server.log.queue.element-limit = 1024 (custom)
2019-06-12 13:41:15,820 INFO  server.RaftServerConfigKeys (ConfUtils.java:logGet(43)) - raft.server.log.segment.size.max = 16384 (custom)
2019-06-12 13:41:15,820 INFO  server.RaftServerConfigKeys (ConfUtils.java:logGet(43)) - raft.server.log.preallocated.size = 16384 (custom)
2019-06-12 13:41:15,820 INFO  server.RaftServerConfigKeys (ConfUtils.java:logGet(43)) - raft.server.log.write.buffer.size = 33554432 (custom)
2019-06-12 13:41:15,820 INFO  server.RaftServerConfigKeys (ConfUtils.java:logGet(43)) - raft.server.log.force.sync.num = 128 (default)
2019-06-12 13:41:15,820 INFO  server.RaftServerConfigKeys (ConfUtils.java:logGet(43)) - raft.server.log.statemachine.data.sync = true (default)
2019-06-12 13:41:15,820 INFO  server.RaftServerConfigKeys (ConfUtils.java:logGet(43)) - raft.server.log.statemachine.data.sync.timeout = 10s (default)
2019-06-12 13:41:15,820 INFO  server.RaftServerConfigKeys (ConfUtils.java:logGet(43)) - raft.server.log.statemachine.data.sync.timeout.retry = -1 (default)
2019-06-12 13:41:15,820 INFO  server.RaftServerConfigKeys (ConfUtils.java:logGet(43)) - raft.server.log.statemachine.data.caching.enabled = true (custom)
2019-06-12 13:41:15,820 INFO  server.RaftServerConfigKeys (ConfUtils.java:logGet(43)) - raft.server.snapshot.auto.trigger.enabled = true (custom)
2019-06-12 13:41:15,820 INFO  server.RaftServerConfigKeys (ConfUtils.java:logGet(43)) - raft.server.snapshot.auto.trigger.threshold = 10000 (custom)
2019-06-12 13:41:15,820 INFO  server.RaftServerConfigKeys (ConfUtils.java:logGet(43)) - raft.server.retrycache.expirytime = 600000ms (custom)
2019-06-12 13:41:15,821 INFO  impl.RaftServerImpl (RaftServerImpl.java:start(173)) - 2748af54-33a5-4620-a4be-2202c3ceebf6: start group-CB43BE518BCD
2019-06-12 13:41:15,821 INFO  impl.RaftServerImpl (RaftServerImpl.java:setRole(164)) - 2748af54-33a5-4620-a4be-2202c3ceebf6:group-CB43BE518BCD changes role from null to FOLLOWER at term 0 for startAsFollower
2019-06-12 13:41:15,821 INFO  impl.RoleInfo (RoleInfo.java:updateAndGet(143)) - 2748af54-33a5-4620-a4be-2202c3ceebf6: start FollowerState
2019-06-12 13:41:15,821 INFO  util.JmxRegister (JmxRegister.java:tryRegister(44)) - Successfully registered JMX Bean with object name Ratis:service=RaftServer,group=group-CB43BE518BCD,id=2748af54-33a5-4620-a4be-2202c3ceebf6
2019-06-12 13:41:15,822 INFO  pipeline.PipelineStateManager (PipelineStateManager.java:addPipeline(56)) - Created pipeline Pipeline[ Id: 9095338f-11c6-47aa-be08-cb43be518bcd, Nodes: 2748af54-33a5-4620-a4be-2202c3ceebf6{ip: 192.168.19.46, host: ozone-x7bbm-1544112193, networkLocation: /default-rack, certSerialId: null}, Type:RATIS, Factor:ONE, State:OPEN]
2019-06-12 13:41:15,956 INFO  node.SCMNodeManager (SCMNodeManager.java:register(234)) - Registered Data node : 9e931dfc-5b3d-42f4-90f5-b6eeec8695f1{ip: 192.168.19.46, host: ozone-x7bbm-1544112193, networkLocation: /default-rack, certSerialId: null}
2019-06-12 13:41:15,964 INFO  impl.RaftServerProxy (RaftServerProxy.java:addNew(89)) - 9e931dfc-5b3d-42f4-90f5-b6eeec8695f1: addNew group-A98919E3C39A:[9e931dfc-5b3d-42f4-90f5-b6eeec8695f1:192.168.19.46:45939] returns group-A98919E3C39A:java.util.concurrent.CompletableFuture@416fa494[Not completed]
2019-06-12 13:41:15,965 INFO  impl.RaftServerImpl (RaftServerImpl.java:<init>(91)) - 9e931dfc-5b3d-42f4-90f5-b6eeec8695f1: new RaftServerImpl for group-A98919E3C39A:[9e931dfc-5b3d-42f4-90f5-b6eeec8695f1:192.168.19.46:45939] with ContainerStateMachine:uninitialized
2019-06-12 13:41:15,965 INFO  server.RaftServerConfigKeys (ConfUtils.java:logGet(43)) - raft.server.rpc.timeout.min = 1s (custom)
2019-06-12 13:41:15,965 INFO  server.RaftServerConfigKeys (ConfUtils.java:logGet(43)) - raft.server.rpc.timeout.max = 1200ms (custom)
2019-06-12 13:41:15,965 INFO  server.RaftServerConfigKeys (ConfUtils.java:logGet(43)) - raft.server.rpcslowness.timeout = 120s (custom)
2019-06-12 13:41:15,965 INFO  server.RaftServerConfigKeys (ConfUtils.java:logGet(43)) - raft.server.log.appender.install.snapshot.enabled = true (default)
2019-06-12 13:41:15,965 INFO  impl.RaftServerImpl (ServerState.java:<init>(101)) - 9e931dfc-5b3d-42f4-90f5-b6eeec8695f1:group-A98919E3C39A ConfigurationManager, init=-1: [9e931dfc-5b3d-42f4-90f5-b6eeec8695f1:192.168.19.46:45939], old=null, confs=<EMPTY_MAP>
2019-06-12 13:41:15,965 INFO  server.RaftServerConfigKeys (ConfUtils.java:logGet(43)) - raft.server.storage.dir = [/opt/src/hadoop-ozone/integration-test/target/test-dir/MiniOzoneClusterImpl-0fefaf49-817a-484d-ad74-9fcb43e2238a/datanode-2/data/ratis] (custom)
2019-06-12 13:41:15,966 INFO  storage.RaftStorageDirectory (RaftStorageDirectory.java:analyzeStorage(246)) - The storage directory /opt/src/hadoop-ozone/integration-test/target/test-dir/MiniOzoneClusterImpl-0fefaf49-817a-484d-ad74-9fcb43e2238a/datanode-2/data/ratis/ae945ace-3e54-4aad-91fb-a98919e3c39a does not exist. Creating ...
2019-06-12 13:41:15,968 INFO  storage.RaftStorageDirectory (RaftStorageDirectory.java:tryLock(328)) - Lock on /opt/src/hadoop-ozone/integration-test/target/test-dir/MiniOzoneClusterImpl-0fefaf49-817a-484d-ad74-9fcb43e2238a/datanode-2/data/ratis/ae945ace-3e54-4aad-91fb-a98919e3c39a/in_use.lock acquired by nodename 23524@ozone-x7bbm-1544112193
2019-06-12 13:41:15,970 INFO  storage.RaftStorage (RaftStorage.java:format(75)) - Storage directory /opt/src/hadoop-ozone/integration-test/target/test-dir/MiniOzoneClusterImpl-0fefaf49-817a-484d-ad74-9fcb43e2238a/datanode-2/data/ratis/ae945ace-3e54-4aad-91fb-a98919e3c39a has been successfully formatted.
2019-06-12 13:41:15,970 INFO  ratis.ContainerStateMachine (ContainerStateMachine.java:loadSnapshot(199)) - The snapshot info is null.Setting the last applied index to:(t:0, i:~)
2019-06-12 13:41:15,970 INFO  server.RaftServerConfigKeys (ConfUtils.java:logGet(43)) - raft.server.leader.election.timeout = 120s (custom)
2019-06-12 13:41:15,970 INFO  server.RaftServerConfigKeys (ConfUtils.java:logGet(43)) - raft.server.log.use.memory = false (default)
2019-06-12 13:41:15,970 INFO  server.RaftServerConfigKeys (ConfUtils.java:logGet(43)) - raft.server.log.appender.buffer.byte-limit = 33554432 (custom)
2019-06-12 13:41:15,970 INFO  server.RaftServerConfigKeys (ConfUtils.java:logGet(43)) - raft.server.log.segment.size.max = 16384 (custom)
2019-06-12 13:41:15,970 INFO  server.RaftServerConfigKeys (ConfUtils.java:logGet(43)) - raft.server.log.segment.cache.num.max = 2 (custom)
2019-06-12 13:41:15,970 INFO  storage.RaftLogWorker (RaftLogWorker.java:<init>(123)) - new 9e931dfc-5b3d-42f4-90f5-b6eeec8695f1-RaftLogWorker for Storage Directory /opt/src/hadoop-ozone/integration-test/target/test-dir/MiniOzoneClusterImpl-0fefaf49-817a-484d-ad74-9fcb43e2238a/datanode-2/data/ratis/ae945ace-3e54-4aad-91fb-a98919e3c39a
2019-06-12 13:41:15,970 INFO  server.RaftServerConfigKeys (ConfUtils.java:logGet(43)) - raft.server.log.queue.byte-limit = 2147483647 (custom)
2019-06-12 13:41:15,970 INFO  server.RaftServerConfigKeys (ConfUtils.java:logGet(43)) - raft.server.log.queue.element-limit = 1024 (custom)
2019-06-12 13:41:15,970 INFO  server.RaftServerConfigKeys (ConfUtils.java:logGet(43)) - raft.server.log.segment.size.max = 16384 (custom)
2019-06-12 13:41:15,970 INFO  server.RaftServerConfigKeys (ConfUtils.java:logGet(43)) - raft.server.log.preallocated.size = 16384 (custom)
2019-06-12 13:41:15,970 INFO  server.RaftServerConfigKeys (ConfUtils.java:logGet(43)) - raft.server.log.write.buffer.size = 33554432 (custom)
2019-06-12 13:41:15,970 INFO  server.RaftServerConfigKeys (ConfUtils.java:logGet(43)) - raft.server.log.force.sync.num = 128 (default)
2019-06-12 13:41:15,971 INFO  server.RaftServerConfigKeys (ConfUtils.java:logGet(43)) - raft.server.log.statemachine.data.sync = true (default)
2019-06-12 13:41:15,971 INFO  server.RaftServerConfigKeys (ConfUtils.java:logGet(43)) - raft.server.log.statemachine.data.sync.timeout = 10s (default)
2019-06-12 13:41:15,971 INFO  server.RaftServerConfigKeys (ConfUtils.java:logGet(43)) - raft.server.log.statemachine.data.sync.timeout.retry = -1 (default)
2019-06-12 13:41:15,971 INFO  server.RaftServerConfigKeys (ConfUtils.java:logGet(43)) - raft.server.log.statemachine.data.caching.enabled = true (custom)
2019-06-12 13:41:15,971 INFO  server.RaftServerConfigKeys (ConfUtils.java:logGet(43)) - raft.server.snapshot.auto.trigger.enabled = true (custom)
2019-06-12 13:41:15,971 INFO  server.RaftServerConfigKeys (ConfUtils.java:logGet(43)) - raft.server.snapshot.auto.trigger.threshold = 10000 (custom)
2019-06-12 13:41:15,971 INFO  server.RaftServerConfigKeys (ConfUtils.java:logGet(43)) - raft.server.retrycache.expirytime = 600000ms (custom)
2019-06-12 13:41:15,971 INFO  impl.RaftServerImpl (RaftServerImpl.java:start(173)) - 9e931dfc-5b3d-42f4-90f5-b6eeec8695f1: start group-A98919E3C39A
2019-06-12 13:41:15,971 INFO  impl.RaftServerImpl (RaftServerImpl.java:setRole(164)) - 9e931dfc-5b3d-42f4-90f5-b6eeec8695f1:group-A98919E3C39A changes role from null to FOLLOWER at term 0 for startAsFollower
2019-06-12 13:41:15,971 INFO  impl.RoleInfo (RoleInfo.java:updateAndGet(143)) - 9e931dfc-5b3d-42f4-90f5-b6eeec8695f1: start FollowerState
2019-06-12 13:41:15,972 INFO  util.JmxRegister (JmxRegister.java:tryRegister(44)) - Successfully registered JMX Bean with object name Ratis:service=RaftServer,group=group-A98919E3C39A,id=9e931dfc-5b3d-42f4-90f5-b6eeec8695f1
2019-06-12 13:41:15,973 INFO  pipeline.PipelineStateManager (PipelineStateManager.java:addPipeline(56)) - Created pipeline Pipeline[ Id: ae945ace-3e54-4aad-91fb-a98919e3c39a, Nodes: 9e931dfc-5b3d-42f4-90f5-b6eeec8695f1{ip: 192.168.19.46, host: ozone-x7bbm-1544112193, networkLocation: /default-rack, certSerialId: null}, Type:RATIS, Factor:ONE, State:OPEN]
2019-06-12 13:41:15,983 INFO  impl.RaftServerProxy (RaftServerProxy.java:addNew(89)) - f774f434-0ad1-462e-af15-84bd84bd91e9: addNew group-07E0A932FC44:[f774f434-0ad1-462e-af15-84bd84bd91e9:192.168.19.46:32903, 2748af54-33a5-4620-a4be-2202c3ceebf6:192.168.19.46:37405, 9e931dfc-5b3d-42f4-90f5-b6eeec8695f1:192.168.19.46:45939] returns group-07E0A932FC44:java.util.concurrent.CompletableFuture@7eb840d9[Not completed]
2019-06-12 13:41:15,984 INFO  impl.RaftServerProxy (RaftServerProxy.java:addNew(89)) - 9e931dfc-5b3d-42f4-90f5-b6eeec8695f1: addNew group-07E0A932FC44:[f774f434-0ad1-462e-af15-84bd84bd91e9:192.168.19.46:32903, 2748af54-33a5-4620-a4be-2202c3ceebf6:192.168.19.46:37405, 9e931dfc-5b3d-42f4-90f5-b6eeec8695f1:192.168.19.46:45939] returns group-07E0A932FC44:java.util.concurrent.CompletableFuture@6830d9e5[Not completed]
2019-06-12 13:41:15,984 INFO  impl.RaftServerImpl (RaftServerImpl.java:<init>(91)) - f774f434-0ad1-462e-af15-84bd84bd91e9: new RaftServerImpl for group-07E0A932FC44:[f774f434-0ad1-462e-af15-84bd84bd91e9:192.168.19.46:32903, 2748af54-33a5-4620-a4be-2202c3ceebf6:192.168.19.46:37405, 9e931dfc-5b3d-42f4-90f5-b6eeec8695f1:192.168.19.46:45939] with ContainerStateMachine:uninitialized
2019-06-12 13:41:15,984 INFO  server.RaftServerConfigKeys (ConfUtils.java:logGet(43)) - raft.server.rpc.timeout.min = 1s (custom)
2019-06-12 13:41:15,984 INFO  impl.RaftServerImpl (RaftServerImpl.java:<init>(91)) - 9e931dfc-5b3d-42f4-90f5-b6eeec8695f1: new RaftServerImpl for group-07E0A932FC44:[f774f434-0ad1-462e-af15-84bd84bd91e9:192.168.19.46:32903, 2748af54-33a5-4620-a4be-2202c3ceebf6:192.168.19.46:37405, 9e931dfc-5b3d-42f4-90f5-b6eeec8695f1:192.168.19.46:45939] with ContainerStateMachine:uninitialized
2019-06-12 13:41:15,984 INFO  server.RaftServerConfigKeys (ConfUtils.java:logGet(43)) - raft.server.rpc.timeout.max = 1200ms (custom)
2019-06-12 13:41:15,984 INFO  server.RaftServerConfigKeys (ConfUtils.java:logGet(43)) - raft.server.rpc.timeout.min = 1s (custom)
2019-06-12 13:41:15,984 INFO  server.RaftServerConfigKeys (ConfUtils.java:logGet(43)) - raft.server.rpcslowness.timeout = 120s (custom)
2019-06-12 13:41:15,984 INFO  server.RaftServerConfigKeys (ConfUtils.java:logGet(43)) - raft.server.rpc.timeout.max = 1200ms (custom)
2019-06-12 13:41:15,984 INFO  server.RaftServerConfigKeys (ConfUtils.java:logGet(43)) - raft.server.log.appender.install.snapshot.enabled = true (default)
2019-06-12 13:41:15,984 INFO  server.RaftServerConfigKeys (ConfUtils.java:logGet(43)) - raft.server.rpcslowness.timeout = 120s (custom)
2019-06-12 13:41:15,985 INFO  impl.RaftServerImpl (ServerState.java:<init>(101)) - f774f434-0ad1-462e-af15-84bd84bd91e9:group-07E0A932FC44 ConfigurationManager, init=-1: [f774f434-0ad1-462e-af15-84bd84bd91e9:192.168.19.46:32903, 2748af54-33a5-4620-a4be-2202c3ceebf6:192.168.19.46:37405, 9e931dfc-5b3d-42f4-90f5-b6eeec8695f1:192.168.19.46:45939], old=null, confs=<EMPTY_MAP>
2019-06-12 13:41:15,985 INFO  server.RaftServerConfigKeys (ConfUtils.java:logGet(43)) - raft.server.log.appender.install.snapshot.enabled = true (default)
2019-06-12 13:41:15,985 INFO  server.RaftServerConfigKeys (ConfUtils.java:logGet(43)) - raft.server.storage.dir = [/opt/src/hadoop-ozone/integration-test/target/test-dir/MiniOzoneClusterImpl-0fefaf49-817a-484d-ad74-9fcb43e2238a/datanode-0/data/ratis] (custom)
2019-06-12 13:41:15,985 INFO  impl.RaftServerImpl (ServerState.java:<init>(101)) - 9e931dfc-5b3d-42f4-90f5-b6eeec8695f1:group-07E0A932FC44 ConfigurationManager, init=-1: [f774f434-0ad1-462e-af15-84bd84bd91e9:192.168.19.46:32903, 2748af54-33a5-4620-a4be-2202c3ceebf6:192.168.19.46:37405, 9e931dfc-5b3d-42f4-90f5-b6eeec8695f1:192.168.19.46:45939], old=null, confs=<EMPTY_MAP>
2019-06-12 13:41:15,985 INFO  server.RaftServerConfigKeys (ConfUtils.java:logGet(43)) - raft.server.storage.dir = [/opt/src/hadoop-ozone/integration-test/target/test-dir/MiniOzoneClusterImpl-0fefaf49-817a-484d-ad74-9fcb43e2238a/datanode-2/data/ratis] (custom)
2019-06-12 13:41:15,985 INFO  storage.RaftStorageDirectory (RaftStorageDirectory.java:analyzeStorage(246)) - The storage directory /opt/src/hadoop-ozone/integration-test/target/test-dir/MiniOzoneClusterImpl-0fefaf49-817a-484d-ad74-9fcb43e2238a/datanode-0/data/ratis/b2908b75-b874-473b-baf6-07e0a932fc44 does not exist. Creating ...
2019-06-12 13:41:15,985 INFO  storage.RaftStorageDirectory (RaftStorageDirectory.java:analyzeStorage(246)) - The storage directory /opt/src/hadoop-ozone/integration-test/target/test-dir/MiniOzoneClusterImpl-0fefaf49-817a-484d-ad74-9fcb43e2238a/datanode-2/data/ratis/b2908b75-b874-473b-baf6-07e0a932fc44 does not exist. Creating ...
2019-06-12 13:41:15,986 INFO  impl.RaftServerProxy (RaftServerProxy.java:addNew(89)) - 2748af54-33a5-4620-a4be-2202c3ceebf6: addNew group-07E0A932FC44:[f774f434-0ad1-462e-af15-84bd84bd91e9:192.168.19.46:32903, 2748af54-33a5-4620-a4be-2202c3ceebf6:192.168.19.46:37405, 9e931dfc-5b3d-42f4-90f5-b6eeec8695f1:192.168.19.46:45939] returns group-07E0A932FC44:java.util.concurrent.CompletableFuture@54c79b73[Not completed]
2019-06-12 13:41:15,986 INFO  impl.RaftServerImpl (RaftServerImpl.java:<init>(91)) - 2748af54-33a5-4620-a4be-2202c3ceebf6: new RaftServerImpl for group-07E0A932FC44:[f774f434-0ad1-462e-af15-84bd84bd91e9:192.168.19.46:32903, 2748af54-33a5-4620-a4be-2202c3ceebf6:192.168.19.46:37405, 9e931dfc-5b3d-42f4-90f5-b6eeec8695f1:192.168.19.46:45939] with ContainerStateMachine:uninitialized
2019-06-12 13:41:15,987 INFO  server.RaftServerConfigKeys (ConfUtils.java:logGet(43)) - raft.server.rpc.timeout.min = 1s (custom)
2019-06-12 13:41:15,987 INFO  server.RaftServerConfigKeys (ConfUtils.java:logGet(43)) - raft.server.rpc.timeout.max = 1200ms (custom)
2019-06-12 13:41:15,987 INFO  server.RaftServerConfigKeys (ConfUtils.java:logGet(43)) - raft.server.rpcslowness.timeout = 120s (custom)
2019-06-12 13:41:15,987 INFO  server.RaftServerConfigKeys (ConfUtils.java:logGet(43)) - raft.server.log.appender.install.snapshot.enabled = true (default)
2019-06-12 13:41:15,987 INFO  impl.RaftServerImpl (ServerState.java:<init>(101)) - 2748af54-33a5-4620-a4be-2202c3ceebf6:group-07E0A932FC44 ConfigurationManager, init=-1: [f774f434-0ad1-462e-af15-84bd84bd91e9:192.168.19.46:32903, 2748af54-33a5-4620-a4be-2202c3ceebf6:192.168.19.46:37405, 9e931dfc-5b3d-42f4-90f5-b6eeec8695f1:192.168.19.46:45939], old=null, confs=<EMPTY_MAP>
2019-06-12 13:41:15,987 INFO  server.RaftServerConfigKeys (ConfUtils.java:logGet(43)) - raft.server.storage.dir = [/opt/src/hadoop-ozone/integration-test/target/test-dir/MiniOzoneClusterImpl-0fefaf49-817a-484d-ad74-9fcb43e2238a/datanode-1/data/ratis] (custom)
2019-06-12 13:41:15,987 INFO  storage.RaftStorageDirectory (RaftStorageDirectory.java:analyzeStorage(246)) - The storage directory /opt/src/hadoop-ozone/integration-test/target/test-dir/MiniOzoneClusterImpl-0fefaf49-817a-484d-ad74-9fcb43e2238a/datanode-1/data/ratis/b2908b75-b874-473b-baf6-07e0a932fc44 does not exist. Creating ...
2019-06-12 13:41:15,987 INFO  storage.RaftStorageDirectory (RaftStorageDirectory.java:tryLock(328)) - Lock on /opt/src/hadoop-ozone/integration-test/target/test-dir/MiniOzoneClusterImpl-0fefaf49-817a-484d-ad74-9fcb43e2238a/datanode-2/data/ratis/b2908b75-b874-473b-baf6-07e0a932fc44/in_use.lock acquired by nodename 23524@ozone-x7bbm-1544112193
2019-06-12 13:41:15,987 INFO  storage.RaftStorageDirectory (RaftStorageDirectory.java:tryLock(328)) - Lock on /opt/src/hadoop-ozone/integration-test/target/test-dir/MiniOzoneClusterImpl-0fefaf49-817a-484d-ad74-9fcb43e2238a/datanode-0/data/ratis/b2908b75-b874-473b-baf6-07e0a932fc44/in_use.lock acquired by nodename 23524@ozone-x7bbm-1544112193
2019-06-12 13:41:15,989 INFO  storage.RaftStorageDirectory (RaftStorageDirectory.java:tryLock(328)) - Lock on /opt/src/hadoop-ozone/integration-test/target/test-dir/MiniOzoneClusterImpl-0fefaf49-817a-484d-ad74-9fcb43e2238a/datanode-1/data/ratis/b2908b75-b874-473b-baf6-07e0a932fc44/in_use.lock acquired by nodename 23524@ozone-x7bbm-1544112193
2019-06-12 13:41:15,989 INFO  storage.RaftStorage (RaftStorage.java:format(75)) - Storage directory /opt/src/hadoop-ozone/integration-test/target/test-dir/MiniOzoneClusterImpl-0fefaf49-817a-484d-ad74-9fcb43e2238a/datanode-2/data/ratis/b2908b75-b874-473b-baf6-07e0a932fc44 has been successfully formatted.
2019-06-12 13:41:15,989 INFO  storage.RaftStorage (RaftStorage.java:format(75)) - Storage directory /opt/src/hadoop-ozone/integration-test/target/test-dir/MiniOzoneClusterImpl-0fefaf49-817a-484d-ad74-9fcb43e2238a/datanode-0/data/ratis/b2908b75-b874-473b-baf6-07e0a932fc44 has been successfully formatted.
2019-06-12 13:41:15,990 INFO  ratis.ContainerStateMachine (ContainerStateMachine.java:loadSnapshot(199)) - The snapshot info is null.Setting the last applied index to:(t:0, i:~)
2019-06-12 13:41:15,990 INFO  ratis.ContainerStateMachine (ContainerStateMachine.java:loadSnapshot(199)) - The snapshot info is null.Setting the last applied index to:(t:0, i:~)
2019-06-12 13:41:15,990 INFO  server.RaftServerConfigKeys (ConfUtils.java:logGet(43)) - raft.server.leader.election.timeout = 120s (custom)
2019-06-12 13:41:15,990 INFO  server.RaftServerConfigKeys (ConfUtils.java:logGet(43)) - raft.server.leader.election.timeout = 120s (custom)
2019-06-12 13:41:15,990 INFO  server.RaftServerConfigKeys (ConfUtils.java:logGet(43)) - raft.server.log.use.memory = false (default)
2019-06-12 13:41:15,990 INFO  server.RaftServerConfigKeys (ConfUtils.java:logGet(43)) - raft.server.log.use.memory = false (default)
2019-06-12 13:41:15,990 INFO  server.RaftServerConfigKeys (ConfUtils.java:logGet(43)) - raft.server.log.appender.buffer.byte-limit = 33554432 (custom)
2019-06-12 13:41:15,990 INFO  server.RaftServerConfigKeys (ConfUtils.java:logGet(43)) - raft.server.log.appender.buffer.byte-limit = 33554432 (custom)
2019-06-12 13:41:15,990 INFO  server.RaftServerConfigKeys (ConfUtils.java:logGet(43)) - raft.server.log.segment.size.max = 16384 (custom)
2019-06-12 13:41:15,990 INFO  server.RaftServerConfigKeys (ConfUtils.java:logGet(43)) - raft.server.log.segment.size.max = 16384 (custom)
2019-06-12 13:41:15,990 INFO  server.RaftServerConfigKeys (ConfUtils.java:logGet(43)) - raft.server.log.segment.cache.num.max = 2 (custom)
2019-06-12 13:41:15,991 INFO  server.RaftServerConfigKeys (ConfUtils.java:logGet(43)) - raft.server.log.segment.cache.num.max = 2 (custom)
2019-06-12 13:41:15,991 INFO  storage.RaftLogWorker (RaftLogWorker.java:<init>(123)) - new 9e931dfc-5b3d-42f4-90f5-b6eeec8695f1-RaftLogWorker for Storage Directory /opt/src/hadoop-ozone/integration-test/target/test-dir/MiniOzoneClusterImpl-0fefaf49-817a-484d-ad74-9fcb43e2238a/datanode-2/data/ratis/b2908b75-b874-473b-baf6-07e0a932fc44
2019-06-12 13:41:15,991 INFO  storage.RaftLogWorker (RaftLogWorker.java:<init>(123)) - new f774f434-0ad1-462e-af15-84bd84bd91e9-RaftLogWorker for Storage Directory /opt/src/hadoop-ozone/integration-test/target/test-dir/MiniOzoneClusterImpl-0fefaf49-817a-484d-ad74-9fcb43e2238a/datanode-0/data/ratis/b2908b75-b874-473b-baf6-07e0a932fc44
2019-06-12 13:41:15,991 INFO  server.RaftServerConfigKeys (ConfUtils.java:logGet(43)) - raft.server.log.queue.byte-limit = 2147483647 (custom)
2019-06-12 13:41:15,991 INFO  server.RaftServerConfigKeys (ConfUtils.java:logGet(43)) - raft.server.log.queue.byte-limit = 2147483647 (custom)
2019-06-12 13:41:15,991 INFO  server.RaftServerConfigKeys (ConfUtils.java:logGet(43)) - raft.server.log.queue.element-limit = 1024 (custom)
2019-06-12 13:41:15,991 INFO  server.RaftServerConfigKeys (ConfUtils.java:logGet(43)) - raft.server.log.queue.element-limit = 1024 (custom)
2019-06-12 13:41:15,991 INFO  server.RaftServerConfigKeys (ConfUtils.java:logGet(43)) - raft.server.log.segment.size.max = 16384 (custom)
2019-06-12 13:41:15,991 INFO  server.RaftServerConfigKeys (ConfUtils.java:logGet(43)) - raft.server.log.segment.size.max = 16384 (custom)
2019-06-12 13:41:15,991 INFO  server.RaftServerConfigKeys (ConfUtils.java:logGet(43)) - raft.server.log.preallocated.size = 16384 (custom)
2019-06-12 13:41:15,991 INFO  server.RaftServerConfigKeys (ConfUtils.java:logGet(43)) - raft.server.log.preallocated.size = 16384 (custom)
2019-06-12 13:41:15,991 INFO  server.RaftServerConfigKeys (ConfUtils.java:logGet(43)) - raft.server.log.write.buffer.size = 33554432 (custom)
2019-06-12 13:41:15,991 INFO  server.RaftServerConfigKeys (ConfUtils.java:logGet(43)) - raft.server.log.write.buffer.size = 33554432 (custom)
2019-06-12 13:41:15,991 INFO  storage.RaftStorage (RaftStorage.java:format(75)) - Storage directory /opt/src/hadoop-ozone/integration-test/target/test-dir/MiniOzoneClusterImpl-0fefaf49-817a-484d-ad74-9fcb43e2238a/datanode-1/data/ratis/b2908b75-b874-473b-baf6-07e0a932fc44 has been successfully formatted.
2019-06-12 13:41:15,992 INFO  server.RaftServerConfigKeys (ConfUtils.java:logGet(43)) - raft.server.log.force.sync.num = 128 (default)
2019-06-12 13:41:15,992 INFO  server.RaftServerConfigKeys (ConfUtils.java:logGet(43)) - raft.server.log.force.sync.num = 128 (default)
2019-06-12 13:41:15,992 INFO  server.RaftServerConfigKeys (ConfUtils.java:logGet(43)) - raft.server.log.statemachine.data.sync = true (default)
2019-06-12 13:41:15,992 INFO  ratis.ContainerStateMachine (ContainerStateMachine.java:loadSnapshot(199)) - The snapshot info is null.Setting the last applied index to:(t:0, i:~)
2019-06-12 13:41:15,992 INFO  server.RaftServerConfigKeys (ConfUtils.java:logGet(43)) - raft.server.log.statemachine.data.sync.timeout = 10s (default)
2019-06-12 13:41:15,992 INFO  server.RaftServerConfigKeys (ConfUtils.java:logGet(43)) - raft.server.log.statemachine.data.sync = true (default)
2019-06-12 13:41:15,992 INFO  server.RaftServerConfigKeys (ConfUtils.java:logGet(43)) - raft.server.log.statemachine.data.sync.timeout.retry = -1 (default)
2019-06-12 13:41:15,992 INFO  server.RaftServerConfigKeys (ConfUtils.java:logGet(43)) - raft.server.leader.election.timeout = 120s (custom)
2019-06-12 13:41:15,992 INFO  server.RaftServerConfigKeys (ConfUtils.java:logGet(43)) - raft.server.log.statemachine.data.caching.enabled = true (custom)
2019-06-12 13:41:15,992 INFO  server.RaftServerConfigKeys (ConfUtils.java:logGet(43)) - raft.server.log.statemachine.data.sync.timeout = 10s (default)
2019-06-12 13:41:15,992 INFO  server.RaftServerConfigKeys (ConfUtils.java:logGet(43)) - raft.server.log.use.memory = false (default)
2019-06-12 13:41:15,992 INFO  server.RaftServerConfigKeys (ConfUtils.java:logGet(43)) - raft.server.log.statemachine.data.sync.timeout.retry = -1 (default)
2019-06-12 13:41:15,993 INFO  server.RaftServerConfigKeys (ConfUtils.java:logGet(43)) - raft.server.snapshot.auto.trigger.enabled = true (custom)
2019-06-12 13:41:15,992 INFO  server.RaftServerConfigKeys (ConfUtils.java:logGet(43)) - raft.server.log.appender.buffer.byte-limit = 33554432 (custom)
2019-06-12 13:41:15,993 INFO  server.RaftServerConfigKeys (ConfUtils.java:logGet(43)) - raft.server.snapshot.auto.trigger.threshold = 10000 (custom)
2019-06-12 13:41:15,993 INFO  server.RaftServerConfigKeys (ConfUtils.java:logGet(43)) - raft.server.log.statemachine.data.caching.enabled = true (custom)
2019-06-12 13:41:15,993 INFO  server.RaftServerConfigKeys (ConfUtils.java:logGet(43)) - raft.server.retrycache.expirytime = 600000ms (custom)
2019-06-12 13:41:15,993 INFO  server.RaftServerConfigKeys (ConfUtils.java:logGet(43)) - raft.server.log.segment.size.max = 16384 (custom)
2019-06-12 13:41:15,993 INFO  server.RaftServerConfigKeys (ConfUtils.java:logGet(43)) - raft.server.log.segment.cache.num.max = 2 (custom)
2019-06-12 13:41:15,993 INFO  storage.RaftLogWorker (RaftLogWorker.java:<init>(123)) - new 2748af54-33a5-4620-a4be-2202c3ceebf6-RaftLogWorker for Storage Directory /opt/src/hadoop-ozone/integration-test/target/test-dir/MiniOzoneClusterImpl-0fefaf49-817a-484d-ad74-9fcb43e2238a/datanode-1/data/ratis/b2908b75-b874-473b-baf6-07e0a932fc44
2019-06-12 13:41:15,993 INFO  server.RaftServerConfigKeys (ConfUtils.java:logGet(43)) - raft.server.log.queue.byte-limit = 2147483647 (custom)
2019-06-12 13:41:15,993 INFO  server.RaftServerConfigKeys (ConfUtils.java:logGet(43)) - raft.server.log.queue.element-limit = 1024 (custom)
2019-06-12 13:41:15,993 INFO  impl.RaftServerImpl (RaftServerImpl.java:start(173)) - f774f434-0ad1-462e-af15-84bd84bd91e9: start group-07E0A932FC44
2019-06-12 13:41:15,993 INFO  server.RaftServerConfigKeys (ConfUtils.java:logGet(43)) - raft.server.log.segment.size.max = 16384 (custom)
2019-06-12 13:41:15,993 INFO  server.RaftServerConfigKeys (ConfUtils.java:logGet(43)) - raft.server.snapshot.auto.trigger.enabled = true (custom)
2019-06-12 13:41:15,993 INFO  server.RaftServerConfigKeys (ConfUtils.java:logGet(43)) - raft.server.log.preallocated.size = 16384 (custom)
2019-06-12 13:41:15,993 INFO  impl.RaftServerImpl (RaftServerImpl.java:setRole(164)) - f774f434-0ad1-462e-af15-84bd84bd91e9:group-07E0A932FC44 changes role from null to FOLLOWER at term 0 for startAsFollower
2019-06-12 13:41:15,994 INFO  server.RaftServerConfigKeys (ConfUtils.java:logGet(43)) - raft.server.log.write.buffer.size = 33554432 (custom)
2019-06-12 13:41:15,994 INFO  server.RaftServerConfigKeys (ConfUtils.java:logGet(43)) - raft.server.snapshot.auto.trigger.threshold = 10000 (custom)
2019-06-12 13:41:15,994 INFO  server.RaftServerConfigKeys (ConfUtils.java:logGet(43)) - raft.server.log.force.sync.num = 128 (default)
2019-06-12 13:41:15,994 INFO  impl.RoleInfo (RoleInfo.java:updateAndGet(143)) - f774f434-0ad1-462e-af15-84bd84bd91e9: start FollowerState
2019-06-12 13:41:15,994 INFO  server.RaftServerConfigKeys (ConfUtils.java:logGet(43)) - raft.server.log.statemachine.data.sync = true (default)
2019-06-12 13:41:15,994 INFO  server.RaftServerConfigKeys (ConfUtils.java:logGet(43)) - raft.server.log.statemachine.data.sync.timeout = 10s (default)
2019-06-12 13:41:15,994 INFO  server.RaftServerConfigKeys (ConfUtils.java:logGet(43)) - raft.server.log.statemachine.data.sync.timeout.retry = -1 (default)
2019-06-12 13:41:15,994 INFO  server.RaftServerConfigKeys (ConfUtils.java:logGet(43)) - raft.server.retrycache.expirytime = 600000ms (custom)
2019-06-12 13:41:15,994 INFO  server.RaftServerConfigKeys (ConfUtils.java:logGet(43)) - raft.server.log.statemachine.data.caching.enabled = true (custom)
2019-06-12 13:41:15,994 INFO  util.JmxRegister (JmxRegister.java:tryRegister(44)) - Successfully registered JMX Bean with object name Ratis:service=RaftServer,group=group-07E0A932FC44,id=f774f434-0ad1-462e-af15-84bd84bd91e9
2019-06-12 13:41:15,994 INFO  impl.RaftServerImpl (RaftServerImpl.java:start(173)) - 9e931dfc-5b3d-42f4-90f5-b6eeec8695f1: start group-07E0A932FC44
2019-06-12 13:41:15,994 INFO  impl.RaftServerImpl (RaftServerImpl.java:setRole(164)) - 9e931dfc-5b3d-42f4-90f5-b6eeec8695f1:group-07E0A932FC44 changes role from null to FOLLOWER at term 0 for startAsFollower
2019-06-12 13:41:15,995 INFO  impl.RoleInfo (RoleInfo.java:updateAndGet(143)) - 9e931dfc-5b3d-42f4-90f5-b6eeec8695f1: start FollowerState
2019-06-12 13:41:15,995 INFO  server.RaftServerConfigKeys (ConfUtils.java:logGet(43)) - raft.server.snapshot.auto.trigger.enabled = true (custom)
2019-06-12 13:41:15,995 INFO  server.RaftServerConfigKeys (ConfUtils.java:logGet(43)) - raft.server.snapshot.auto.trigger.threshold = 10000 (custom)
2019-06-12 13:41:15,995 INFO  server.RaftServerConfigKeys (ConfUtils.java:logGet(43)) - raft.server.retrycache.expirytime = 600000ms (custom)
2019-06-12 13:41:15,995 INFO  util.JmxRegister (JmxRegister.java:tryRegister(44)) - Successfully registered JMX Bean with object name Ratis:service=RaftServer,group=group-07E0A932FC44,id=9e931dfc-5b3d-42f4-90f5-b6eeec8695f1
2019-06-12 13:41:15,995 INFO  impl.RaftServerImpl (RaftServerImpl.java:start(173)) - 2748af54-33a5-4620-a4be-2202c3ceebf6: start group-07E0A932FC44
2019-06-12 13:41:15,995 INFO  impl.RaftServerImpl (RaftServerImpl.java:setRole(164)) - 2748af54-33a5-4620-a4be-2202c3ceebf6:group-07E0A932FC44 changes role from null to FOLLOWER at term 0 for startAsFollower
2019-06-12 13:41:15,995 INFO  impl.RoleInfo (RoleInfo.java:updateAndGet(143)) - 2748af54-33a5-4620-a4be-2202c3ceebf6: start FollowerState
2019-06-12 13:41:15,998 INFO  util.JmxRegister (JmxRegister.java:tryRegister(44)) - Successfully registered JMX Bean with object name Ratis:service=RaftServer,group=group-07E0A932FC44,id=2748af54-33a5-4620-a4be-2202c3ceebf6
2019-06-12 13:41:15,999 INFO  pipeline.PipelineStateManager (PipelineStateManager.java:addPipeline(56)) - Created pipeline Pipeline[ Id: b2908b75-b874-473b-baf6-07e0a932fc44, Nodes: f774f434-0ad1-462e-af15-84bd84bd91e9{ip: 192.168.19.46, host: ozone-x7bbm-1544112193, networkLocation: /default-rack, certSerialId: null}9e931dfc-5b3d-42f4-90f5-b6eeec8695f1{ip: 192.168.19.46, host: ozone-x7bbm-1544112193, networkLocation: /default-rack, certSerialId: null}2748af54-33a5-4620-a4be-2202c3ceebf6{ip: 192.168.19.46, host: ozone-x7bbm-1544112193, networkLocation: /default-rack, certSerialId: null}, Type:RATIS, Factor:THREE, State:OPEN]
2019-06-12 13:41:16,098 INFO  node.SCMNodeManager (SCMNodeManager.java:register(234)) - Registered Data node : f3fff7bd-3949-400e-9b0d-e25fcfcb177b{ip: 192.168.19.46, host: ozone-x7bbm-1544112193, networkLocation: /default-rack, certSerialId: null}
2019-06-12 13:41:16,109 INFO  impl.RaftServerProxy (RaftServerProxy.java:addNew(89)) - f3fff7bd-3949-400e-9b0d-e25fcfcb177b: addNew group-D5550051AEF6:[f3fff7bd-3949-400e-9b0d-e25fcfcb177b:192.168.19.46:33359] returns group-D5550051AEF6:java.util.concurrent.CompletableFuture@22c32f80[Not completed]
2019-06-12 13:41:16,111 INFO  impl.RaftServerImpl (RaftServerImpl.java:<init>(91)) - f3fff7bd-3949-400e-9b0d-e25fcfcb177b: new RaftServerImpl for group-D5550051AEF6:[f3fff7bd-3949-400e-9b0d-e25fcfcb177b:192.168.19.46:33359] with ContainerStateMachine:uninitialized
2019-06-12 13:41:16,112 INFO  server.RaftServerConfigKeys (ConfUtils.java:logGet(43)) - raft.server.rpc.timeout.min = 1s (custom)
2019-06-12 13:41:16,112 INFO  server.RaftServerConfigKeys (ConfUtils.java:logGet(43)) - raft.server.rpc.timeout.max = 1200ms (custom)
2019-06-12 13:41:16,112 INFO  server.RaftServerConfigKeys (ConfUtils.java:logGet(43)) - raft.server.rpcslowness.timeout = 120s (custom)
2019-06-12 13:41:16,112 INFO  server.RaftServerConfigKeys (ConfUtils.java:logGet(43)) - raft.server.log.appender.install.snapshot.enabled = true (default)
2019-06-12 13:41:16,112 INFO  impl.RaftServerImpl (ServerState.java:<init>(101)) - f3fff7bd-3949-400e-9b0d-e25fcfcb177b:group-D5550051AEF6 ConfigurationManager, init=-1: [f3fff7bd-3949-400e-9b0d-e25fcfcb177b:192.168.19.46:33359], old=null, confs=<EMPTY_MAP>
2019-06-12 13:41:16,112 INFO  server.RaftServerConfigKeys (ConfUtils.java:logGet(43)) - raft.server.storage.dir = [/opt/src/hadoop-ozone/integration-test/target/test-dir/MiniOzoneClusterImpl-0fefaf49-817a-484d-ad74-9fcb43e2238a/datanode-3/data/ratis] (custom)
2019-06-12 13:41:16,112 INFO  storage.RaftStorageDirectory (RaftStorageDirectory.java:analyzeStorage(246)) - The storage directory /opt/src/hadoop-ozone/integration-test/target/test-dir/MiniOzoneClusterImpl-0fefaf49-817a-484d-ad74-9fcb43e2238a/datanode-3/data/ratis/ffab278d-1027-46aa-963b-d5550051aef6 does not exist. Creating ...
2019-06-12 13:41:16,114 INFO  storage.RaftStorageDirectory (RaftStorageDirectory.java:tryLock(328)) - Lock on /opt/src/hadoop-ozone/integration-test/target/test-dir/MiniOzoneClusterImpl-0fefaf49-817a-484d-ad74-9fcb43e2238a/datanode-3/data/ratis/ffab278d-1027-46aa-963b-d5550051aef6/in_use.lock acquired by nodename 23524@ozone-x7bbm-1544112193
2019-06-12 13:41:16,116 INFO  storage.RaftStorage (RaftStorage.java:format(75)) - Storage directory /opt/src/hadoop-ozone/integration-test/target/test-dir/MiniOzoneClusterImpl-0fefaf49-817a-484d-ad74-9fcb43e2238a/datanode-3/data/ratis/ffab278d-1027-46aa-963b-d5550051aef6 has been successfully formatted.
2019-06-12 13:41:16,117 INFO  ratis.ContainerStateMachine (ContainerStateMachine.java:loadSnapshot(199)) - The snapshot info is null.Setting the last applied index to:(t:0, i:~)
2019-06-12 13:41:16,117 INFO  server.RaftServerConfigKeys (ConfUtils.java:logGet(43)) - raft.server.leader.election.timeout = 120s (custom)
2019-06-12 13:41:16,117 INFO  server.RaftServerConfigKeys (ConfUtils.java:logGet(43)) - raft.server.log.use.memory = false (default)
2019-06-12 13:41:16,117 INFO  server.RaftServerConfigKeys (ConfUtils.java:logGet(43)) - raft.server.log.appender.buffer.byte-limit = 33554432 (custom)
2019-06-12 13:41:16,117 INFO  server.RaftServerConfigKeys (ConfUtils.java:logGet(43)) - raft.server.log.segment.size.max = 16384 (custom)
2019-06-12 13:41:16,117 INFO  server.RaftServerConfigKeys (ConfUtils.java:logGet(43)) - raft.server.log.segment.cache.num.max = 2 (custom)
2019-06-12 13:41:16,117 INFO  storage.RaftLogWorker (RaftLogWorker.java:<init>(123)) - new f3fff7bd-3949-400e-9b0d-e25fcfcb177b-RaftLogWorker for Storage Directory /opt/src/hadoop-ozone/integration-test/target/test-dir/MiniOzoneClusterImpl-0fefaf49-817a-484d-ad74-9fcb43e2238a/datanode-3/data/ratis/ffab278d-1027-46aa-963b-d5550051aef6
2019-06-12 13:41:16,117 INFO  server.RaftServerConfigKeys (ConfUtils.java:logGet(43)) - raft.server.log.queue.byte-limit = 2147483647 (custom)
2019-06-12 13:41:16,117 INFO  server.RaftServerConfigKeys (ConfUtils.java:logGet(43)) - raft.server.log.queue.element-limit = 1024 (custom)
2019-06-12 13:41:16,117 INFO  server.RaftServerConfigKeys (ConfUtils.java:logGet(43)) - raft.server.log.segment.size.max = 16384 (custom)
2019-06-12 13:41:16,117 INFO  server.RaftServerConfigKeys (ConfUtils.java:logGet(43)) - raft.server.log.preallocated.size = 16384 (custom)
2019-06-12 13:41:16,117 INFO  server.RaftServerConfigKeys (ConfUtils.java:logGet(43)) - raft.server.log.write.buffer.size = 33554432 (custom)
2019-06-12 13:41:16,117 INFO  server.RaftServerConfigKeys (ConfUtils.java:logGet(43)) - raft.server.log.force.sync.num = 128 (default)
2019-06-12 13:41:16,118 INFO  server.RaftServerConfigKeys (ConfUtils.java:logGet(43)) - raft.server.log.statemachine.data.sync = true (default)
2019-06-12 13:41:16,118 INFO  server.RaftServerConfigKeys (ConfUtils.java:logGet(43)) - raft.server.log.statemachine.data.sync.timeout = 10s (default)
2019-06-12 13:41:16,118 INFO  server.RaftServerConfigKeys (ConfUtils.java:logGet(43)) - raft.server.log.statemachine.data.sync.timeout.retry = -1 (default)
2019-06-12 13:41:16,118 INFO  server.RaftServerConfigKeys (ConfUtils.java:logGet(43)) - raft.server.log.statemachine.data.caching.enabled = true (custom)
2019-06-12 13:41:16,118 INFO  server.RaftServerConfigKeys (ConfUtils.java:logGet(43)) - raft.server.snapshot.auto.trigger.enabled = true (custom)
2019-06-12 13:41:16,118 INFO  server.RaftServerConfigKeys (ConfUtils.java:logGet(43)) - raft.server.snapshot.auto.trigger.threshold = 10000 (custom)
2019-06-12 13:41:16,118 INFO  server.RaftServerConfigKeys (ConfUtils.java:logGet(43)) - raft.server.retrycache.expirytime = 600000ms (custom)
2019-06-12 13:41:16,118 INFO  impl.RaftServerImpl (RaftServerImpl.java:start(173)) - f3fff7bd-3949-400e-9b0d-e25fcfcb177b: start group-D5550051AEF6
2019-06-12 13:41:16,118 INFO  impl.RaftServerImpl (RaftServerImpl.java:setRole(164)) - f3fff7bd-3949-400e-9b0d-e25fcfcb177b:group-D5550051AEF6 changes role from null to FOLLOWER at term 0 for startAsFollower
2019-06-12 13:41:16,118 INFO  impl.RoleInfo (RoleInfo.java:updateAndGet(143)) - f3fff7bd-3949-400e-9b0d-e25fcfcb177b: start FollowerState
2019-06-12 13:41:16,119 INFO  util.JmxRegister (JmxRegister.java:tryRegister(44)) - Successfully registered JMX Bean with object name Ratis:service=RaftServer,group=group-D5550051AEF6,id=f3fff7bd-3949-400e-9b0d-e25fcfcb177b
2019-06-12 13:41:16,120 INFO  pipeline.PipelineStateManager (PipelineStateManager.java:addPipeline(56)) - Created pipeline Pipeline[ Id: ffab278d-1027-46aa-963b-d5550051aef6, Nodes: f3fff7bd-3949-400e-9b0d-e25fcfcb177b{ip: 192.168.19.46, host: ozone-x7bbm-1544112193, networkLocation: /default-rack, certSerialId: null}, Type:RATIS, Factor:ONE, State:OPEN]
2019-06-12 13:41:16,266 INFO  node.SCMNodeManager (SCMNodeManager.java:register(234)) - Registered Data node : 3c4f6f6b-6bae-4896-a387-bc1a7103eceb{ip: 192.168.19.46, host: ozone-x7bbm-1544112193, networkLocation: /default-rack, certSerialId: null}
2019-06-12 13:41:16,273 INFO  impl.RaftServerProxy (RaftServerProxy.java:addNew(89)) - 3c4f6f6b-6bae-4896-a387-bc1a7103eceb: addNew group-7743DEE1D3F4:[3c4f6f6b-6bae-4896-a387-bc1a7103eceb:192.168.19.46:41465] returns group-7743DEE1D3F4:java.util.concurrent.CompletableFuture@3828f4c9[Not completed]
2019-06-12 13:41:16,273 INFO  impl.RaftServerImpl (RaftServerImpl.java:<init>(91)) - 3c4f6f6b-6bae-4896-a387-bc1a7103eceb: new RaftServerImpl for group-7743DEE1D3F4:[3c4f6f6b-6bae-4896-a387-bc1a7103eceb:192.168.19.46:41465] with ContainerStateMachine:uninitialized
2019-06-12 13:41:16,273 INFO  server.RaftServerConfigKeys (ConfUtils.java:logGet(43)) - raft.server.rpc.timeout.min = 1s (custom)
2019-06-12 13:41:16,274 INFO  server.RaftServerConfigKeys (ConfUtils.java:logGet(43)) - raft.server.rpc.timeout.max = 1200ms (custom)
2019-06-12 13:41:16,274 INFO  server.RaftServerConfigKeys (ConfUtils.java:logGet(43)) - raft.server.rpcslowness.timeout = 120s (custom)
2019-06-12 13:41:16,274 INFO  server.RaftServerConfigKeys (ConfUtils.java:logGet(43)) - raft.server.log.appender.install.snapshot.enabled = true (default)
2019-06-12 13:41:16,274 INFO  impl.RaftServerImpl (ServerState.java:<init>(101)) - 3c4f6f6b-6bae-4896-a387-bc1a7103eceb:group-7743DEE1D3F4 ConfigurationManager, init=-1: [3c4f6f6b-6bae-4896-a387-bc1a7103eceb:192.168.19.46:41465], old=null, confs=<EMPTY_MAP>
2019-06-12 13:41:16,274 INFO  server.RaftServerConfigKeys (ConfUtils.java:logGet(43)) - raft.server.storage.dir = [/opt/src/hadoop-ozone/integration-test/target/test-dir/MiniOzoneClusterImpl-0fefaf49-817a-484d-ad74-9fcb43e2238a/datanode-4/data/ratis] (custom)
2019-06-12 13:41:16,274 INFO  storage.RaftStorageDirectory (RaftStorageDirectory.java:analyzeStorage(246)) - The storage directory /opt/src/hadoop-ozone/integration-test/target/test-dir/MiniOzoneClusterImpl-0fefaf49-817a-484d-ad74-9fcb43e2238a/datanode-4/data/ratis/dc675af0-de91-435c-be60-7743dee1d3f4 does not exist. Creating ...
2019-06-12 13:41:16,276 INFO  storage.RaftStorageDirectory (RaftStorageDirectory.java:tryLock(328)) - Lock on /opt/src/hadoop-ozone/integration-test/target/test-dir/MiniOzoneClusterImpl-0fefaf49-817a-484d-ad74-9fcb43e2238a/datanode-4/data/ratis/dc675af0-de91-435c-be60-7743dee1d3f4/in_use.lock acquired by nodename 23524@ozone-x7bbm-1544112193
2019-06-12 13:41:16,278 INFO  storage.RaftStorage (RaftStorage.java:format(75)) - Storage directory /opt/src/hadoop-ozone/integration-test/target/test-dir/MiniOzoneClusterImpl-0fefaf49-817a-484d-ad74-9fcb43e2238a/datanode-4/data/ratis/dc675af0-de91-435c-be60-7743dee1d3f4 has been successfully formatted.
2019-06-12 13:41:16,278 INFO  ratis.ContainerStateMachine (ContainerStateMachine.java:loadSnapshot(199)) - The snapshot info is null.Setting the last applied index to:(t:0, i:~)
2019-06-12 13:41:16,279 INFO  server.RaftServerConfigKeys (ConfUtils.java:logGet(43)) - raft.server.leader.election.timeout = 120s (custom)
2019-06-12 13:41:16,279 INFO  server.RaftServerConfigKeys (ConfUtils.java:logGet(43)) - raft.server.log.use.memory = false (default)
2019-06-12 13:41:16,279 INFO  server.RaftServerConfigKeys (ConfUtils.java:logGet(43)) - raft.server.log.appender.buffer.byte-limit = 33554432 (custom)
2019-06-12 13:41:16,279 INFO  server.RaftServerConfigKeys (ConfUtils.java:logGet(43)) - raft.server.log.segment.size.max = 16384 (custom)
2019-06-12 13:41:16,279 INFO  server.RaftServerConfigKeys (ConfUtils.java:logGet(43)) - raft.server.log.segment.cache.num.max = 2 (custom)
2019-06-12 13:41:16,279 INFO  storage.RaftLogWorker (RaftLogWorker.java:<init>(123)) - new 3c4f6f6b-6bae-4896-a387-bc1a7103eceb-RaftLogWorker for Storage Directory /opt/src/hadoop-ozone/integration-test/target/test-dir/MiniOzoneClusterImpl-0fefaf49-817a-484d-ad74-9fcb43e2238a/datanode-4/data/ratis/dc675af0-de91-435c-be60-7743dee1d3f4
2019-06-12 13:41:16,279 INFO  server.RaftServerConfigKeys (ConfUtils.java:logGet(43)) - raft.server.log.queue.byte-limit = 2147483647 (custom)
2019-06-12 13:41:16,279 INFO  server.RaftServerConfigKeys (ConfUtils.java:logGet(43)) - raft.server.log.queue.element-limit = 1024 (custom)
2019-06-12 13:41:16,279 INFO  server.RaftServerConfigKeys (ConfUtils.java:logGet(43)) - raft.server.log.segment.size.max = 16384 (custom)
2019-06-12 13:41:16,279 INFO  server.RaftServerConfigKeys (ConfUtils.java:logGet(43)) - raft.server.log.preallocated.size = 16384 (custom)
2019-06-12 13:41:16,279 INFO  server.RaftServerConfigKeys (ConfUtils.java:logGet(43)) - raft.server.log.write.buffer.size = 33554432 (custom)
2019-06-12 13:41:16,279 INFO  server.RaftServerConfigKeys (ConfUtils.java:logGet(43)) - raft.server.log.force.sync.num = 128 (default)
2019-06-12 13:41:16,279 INFO  server.RaftServerConfigKeys (ConfUtils.java:logGet(43)) - raft.server.log.statemachine.data.sync = true (default)
2019-06-12 13:41:16,280 INFO  server.RaftServerConfigKeys (ConfUtils.java:logGet(43)) - raft.server.log.statemachine.data.sync.timeout = 10s (default)
2019-06-12 13:41:16,280 INFO  server.RaftServerConfigKeys (ConfUtils.java:logGet(43)) - raft.server.log.statemachine.data.sync.timeout.retry = -1 (default)
2019-06-12 13:41:16,280 INFO  server.RaftServerConfigKeys (ConfUtils.java:logGet(43)) - raft.server.log.statemachine.data.caching.enabled = true (custom)
2019-06-12 13:41:16,280 INFO  server.RaftServerConfigKeys (ConfUtils.java:logGet(43)) - raft.server.snapshot.auto.trigger.enabled = true (custom)
2019-06-12 13:41:16,280 INFO  server.RaftServerConfigKeys (ConfUtils.java:logGet(43)) - raft.server.snapshot.auto.trigger.threshold = 10000 (custom)
2019-06-12 13:41:16,280 INFO  server.RaftServerConfigKeys (ConfUtils.java:logGet(43)) - raft.server.retrycache.expirytime = 600000ms (custom)
2019-06-12 13:41:16,280 INFO  impl.RaftServerImpl (RaftServerImpl.java:start(173)) - 3c4f6f6b-6bae-4896-a387-bc1a7103eceb: start group-7743DEE1D3F4
2019-06-12 13:41:16,280 INFO  impl.RaftServerImpl (RaftServerImpl.java:setRole(164)) - 3c4f6f6b-6bae-4896-a387-bc1a7103eceb:group-7743DEE1D3F4 changes role from null to FOLLOWER at term 0 for startAsFollower
2019-06-12 13:41:16,280 INFO  impl.RoleInfo (RoleInfo.java:updateAndGet(143)) - 3c4f6f6b-6bae-4896-a387-bc1a7103eceb: start FollowerState
2019-06-12 13:41:16,281 INFO  util.JmxRegister (JmxRegister.java:tryRegister(44)) - Successfully registered JMX Bean with object name Ratis:service=RaftServer,group=group-7743DEE1D3F4,id=3c4f6f6b-6bae-4896-a387-bc1a7103eceb
2019-06-12 13:41:16,282 INFO  pipeline.PipelineStateManager (PipelineStateManager.java:addPipeline(56)) - Created pipeline Pipeline[ Id: dc675af0-de91-435c-be60-7743dee1d3f4, Nodes: 3c4f6f6b-6bae-4896-a387-bc1a7103eceb{ip: 192.168.19.46, host: ozone-x7bbm-1544112193, networkLocation: /default-rack, certSerialId: null}, Type:RATIS, Factor:ONE, State:OPEN]
2019-06-12 13:41:16,442 INFO  node.SCMNodeManager (SCMNodeManager.java:register(234)) - Registered Data node : 40d61cb6-2cb9-46eb-b78e-34a5a87f0b29{ip: 192.168.19.46, host: ozone-x7bbm-1544112193, networkLocation: /default-rack, certSerialId: null}
2019-06-12 13:41:16,448 INFO  impl.RaftServerProxy (RaftServerProxy.java:addNew(89)) - 40d61cb6-2cb9-46eb-b78e-34a5a87f0b29: addNew group-9C7D23BBFF4E:[40d61cb6-2cb9-46eb-b78e-34a5a87f0b29:192.168.19.46:42389] returns group-9C7D23BBFF4E:java.util.concurrent.CompletableFuture@2c67474a[Not completed]
2019-06-12 13:41:16,449 INFO  impl.RaftServerImpl (RaftServerImpl.java:<init>(91)) - 40d61cb6-2cb9-46eb-b78e-34a5a87f0b29: new RaftServerImpl for group-9C7D23BBFF4E:[40d61cb6-2cb9-46eb-b78e-34a5a87f0b29:192.168.19.46:42389] with ContainerStateMachine:uninitialized
2019-06-12 13:41:16,449 INFO  server.RaftServerConfigKeys (ConfUtils.java:logGet(43)) - raft.server.rpc.timeout.min = 1s (custom)
2019-06-12 13:41:16,449 INFO  server.RaftServerConfigKeys (ConfUtils.java:logGet(43)) - raft.server.rpc.timeout.max = 1200ms (custom)
2019-06-12 13:41:16,449 INFO  server.RaftServerConfigKeys (ConfUtils.java:logGet(43)) - raft.server.rpcslowness.timeout = 120s (custom)
2019-06-12 13:41:16,449 INFO  server.RaftServerConfigKeys (ConfUtils.java:logGet(43)) - raft.server.log.appender.install.snapshot.enabled = true (default)
2019-06-12 13:41:16,450 INFO  impl.RaftServerImpl (ServerState.java:<init>(101)) - 40d61cb6-2cb9-46eb-b78e-34a5a87f0b29:group-9C7D23BBFF4E ConfigurationManager, init=-1: [40d61cb6-2cb9-46eb-b78e-34a5a87f0b29:192.168.19.46:42389], old=null, confs=<EMPTY_MAP>
2019-06-12 13:41:16,450 INFO  server.RaftServerConfigKeys (ConfUtils.java:logGet(43)) - raft.server.storage.dir = [/opt/src/hadoop-ozone/integration-test/target/test-dir/MiniOzoneClusterImpl-0fefaf49-817a-484d-ad74-9fcb43e2238a/datanode-5/data/ratis] (custom)
2019-06-12 13:41:16,450 INFO  storage.RaftStorageDirectory (RaftStorageDirectory.java:analyzeStorage(246)) - The storage directory /opt/src/hadoop-ozone/integration-test/target/test-dir/MiniOzoneClusterImpl-0fefaf49-817a-484d-ad74-9fcb43e2238a/datanode-5/data/ratis/0f69de9e-b488-45d1-9402-9c7d23bbff4e does not exist. Creating ...
2019-06-12 13:41:16,452 INFO  storage.RaftStorageDirectory (RaftStorageDirectory.java:tryLock(328)) - Lock on /opt/src/hadoop-ozone/integration-test/target/test-dir/MiniOzoneClusterImpl-0fefaf49-817a-484d-ad74-9fcb43e2238a/datanode-5/data/ratis/0f69de9e-b488-45d1-9402-9c7d23bbff4e/in_use.lock acquired by nodename 23524@ozone-x7bbm-1544112193
2019-06-12 13:41:16,454 INFO  storage.RaftStorage (RaftStorage.java:format(75)) - Storage directory /opt/src/hadoop-ozone/integration-test/target/test-dir/MiniOzoneClusterImpl-0fefaf49-817a-484d-ad74-9fcb43e2238a/datanode-5/data/ratis/0f69de9e-b488-45d1-9402-9c7d23bbff4e has been successfully formatted.
2019-06-12 13:41:16,454 INFO  ratis.ContainerStateMachine (ContainerStateMachine.java:loadSnapshot(199)) - The snapshot info is null.Setting the last applied index to:(t:0, i:~)
2019-06-12 13:41:16,454 INFO  server.RaftServerConfigKeys (ConfUtils.java:logGet(43)) - raft.server.leader.election.timeout = 120s (custom)
2019-06-12 13:41:16,454 INFO  server.RaftServerConfigKeys (ConfUtils.java:logGet(43)) - raft.server.log.use.memory = false (default)
2019-06-12 13:41:16,455 INFO  server.RaftServerConfigKeys (ConfUtils.java:logGet(43)) - raft.server.log.appender.buffer.byte-limit = 33554432 (custom)
2019-06-12 13:41:16,455 INFO  server.RaftServerConfigKeys (ConfUtils.java:logGet(43)) - raft.server.log.segment.size.max = 16384 (custom)
2019-06-12 13:41:16,455 INFO  server.RaftServerConfigKeys (ConfUtils.java:logGet(43)) - raft.server.log.segment.cache.num.max = 2 (custom)
2019-06-12 13:41:16,455 INFO  storage.RaftLogWorker (RaftLogWorker.java:<init>(123)) - new 40d61cb6-2cb9-46eb-b78e-34a5a87f0b29-RaftLogWorker for Storage Directory /opt/src/hadoop-ozone/integration-test/target/test-dir/MiniOzoneClusterImpl-0fefaf49-817a-484d-ad74-9fcb43e2238a/datanode-5/data/ratis/0f69de9e-b488-45d1-9402-9c7d23bbff4e
2019-06-12 13:41:16,455 INFO  server.RaftServerConfigKeys (ConfUtils.java:logGet(43)) - raft.server.log.queue.byte-limit = 2147483647 (custom)
2019-06-12 13:41:16,455 INFO  server.RaftServerConfigKeys (ConfUtils.java:logGet(43)) - raft.server.log.queue.element-limit = 1024 (custom)
2019-06-12 13:41:16,455 INFO  server.RaftServerConfigKeys (ConfUtils.java:logGet(43)) - raft.server.log.segment.size.max = 16384 (custom)
2019-06-12 13:41:16,455 INFO  server.RaftServerConfigKeys (ConfUtils.java:logGet(43)) - raft.server.log.preallocated.size = 16384 (custom)
2019-06-12 13:41:16,455 INFO  server.RaftServerConfigKeys (ConfUtils.java:logGet(43)) - raft.server.log.write.buffer.size = 33554432 (custom)
2019-06-12 13:41:16,455 INFO  server.RaftServerConfigKeys (ConfUtils.java:logGet(43)) - raft.server.log.force.sync.num = 128 (default)
2019-06-12 13:41:16,455 INFO  server.RaftServerConfigKeys (ConfUtils.java:logGet(43)) - raft.server.log.statemachine.data.sync = true (default)
2019-06-12 13:41:16,455 INFO  server.RaftServerConfigKeys (ConfUtils.java:logGet(43)) - raft.server.log.statemachine.data.sync.timeout = 10s (default)
2019-06-12 13:41:16,455 INFO  server.RaftServerConfigKeys (ConfUtils.java:logGet(43)) - raft.server.log.statemachine.data.sync.timeout.retry = -1 (default)
2019-06-12 13:41:16,455 INFO  server.RaftServerConfigKeys (ConfUtils.java:logGet(43)) - raft.server.log.statemachine.data.caching.enabled = true (custom)
2019-06-12 13:41:16,456 INFO  server.RaftServerConfigKeys (ConfUtils.java:logGet(43)) - raft.server.snapshot.auto.trigger.enabled = true (custom)
2019-06-12 13:41:16,456 INFO  server.RaftServerConfigKeys (ConfUtils.java:logGet(43)) - raft.server.snapshot.auto.trigger.threshold = 10000 (custom)
2019-06-12 13:41:16,456 INFO  server.RaftServerConfigKeys (ConfUtils.java:logGet(43)) - raft.server.retrycache.expirytime = 600000ms (custom)
2019-06-12 13:41:16,456 INFO  impl.RaftServerImpl (RaftServerImpl.java:start(173)) - 40d61cb6-2cb9-46eb-b78e-34a5a87f0b29: start group-9C7D23BBFF4E
2019-06-12 13:41:16,456 INFO  impl.RaftServerImpl (RaftServerImpl.java:setRole(164)) - 40d61cb6-2cb9-46eb-b78e-34a5a87f0b29:group-9C7D23BBFF4E changes role from null to FOLLOWER at term 0 for startAsFollower
2019-06-12 13:41:16,456 INFO  impl.RoleInfo (RoleInfo.java:updateAndGet(143)) - 40d61cb6-2cb9-46eb-b78e-34a5a87f0b29: start FollowerState
2019-06-12 13:41:16,456 INFO  util.JmxRegister (JmxRegister.java:tryRegister(44)) - Successfully registered JMX Bean with object name Ratis:service=RaftServer,group=group-9C7D23BBFF4E,id=40d61cb6-2cb9-46eb-b78e-34a5a87f0b29
2019-06-12 13:41:16,458 INFO  pipeline.PipelineStateManager (PipelineStateManager.java:addPipeline(56)) - Created pipeline Pipeline[ Id: 0f69de9e-b488-45d1-9402-9c7d23bbff4e, Nodes: 40d61cb6-2cb9-46eb-b78e-34a5a87f0b29{ip: 192.168.19.46, host: ozone-x7bbm-1544112193, networkLocation: /default-rack, certSerialId: null}, Type:RATIS, Factor:ONE, State:OPEN]
2019-06-12 13:41:16,471 INFO  impl.RaftServerProxy (RaftServerProxy.java:addNew(89)) - f3fff7bd-3949-400e-9b0d-e25fcfcb177b: addNew group-2D5D54A20D92:[f3fff7bd-3949-400e-9b0d-e25fcfcb177b:192.168.19.46:33359, 40d61cb6-2cb9-46eb-b78e-34a5a87f0b29:192.168.19.46:42389, 3c4f6f6b-6bae-4896-a387-bc1a7103eceb:192.168.19.46:41465] returns group-2D5D54A20D92:java.util.concurrent.CompletableFuture@33c1b6d9[Not completed]
2019-06-12 13:41:16,472 INFO  impl.RaftServerImpl (RaftServerImpl.java:<init>(91)) - f3fff7bd-3949-400e-9b0d-e25fcfcb177b: new RaftServerImpl for group-2D5D54A20D92:[f3fff7bd-3949-400e-9b0d-e25fcfcb177b:192.168.19.46:33359, 40d61cb6-2cb9-46eb-b78e-34a5a87f0b29:192.168.19.46:42389, 3c4f6f6b-6bae-4896-a387-bc1a7103eceb:192.168.19.46:41465] with ContainerStateMachine:uninitialized
2019-06-12 13:41:16,472 INFO  server.RaftServerConfigKeys (ConfUtils.java:logGet(43)) - raft.server.rpc.timeout.min = 1s (custom)
2019-06-12 13:41:16,472 INFO  server.RaftServerConfigKeys (ConfUtils.java:logGet(43)) - raft.server.rpc.timeout.max = 1200ms (custom)
2019-06-12 13:41:16,472 INFO  server.RaftServerConfigKeys (ConfUtils.java:logGet(43)) - raft.server.rpcslowness.timeout = 120s (custom)
2019-06-12 13:41:16,472 INFO  server.RaftServerConfigKeys (ConfUtils.java:logGet(43)) - raft.server.log.appender.install.snapshot.enabled = true (default)
2019-06-12 13:41:16,472 INFO  impl.RaftServerImpl (ServerState.java:<init>(101)) - f3fff7bd-3949-400e-9b0d-e25fcfcb177b:group-2D5D54A20D92 ConfigurationManager, init=-1: [f3fff7bd-3949-400e-9b0d-e25fcfcb177b:192.168.19.46:33359, 40d61cb6-2cb9-46eb-b78e-34a5a87f0b29:192.168.19.46:42389, 3c4f6f6b-6bae-4896-a387-bc1a7103eceb:192.168.19.46:41465], old=null, confs=<EMPTY_MAP>
2019-06-12 13:41:16,472 INFO  server.RaftServerConfigKeys (ConfUtils.java:logGet(43)) - raft.server.storage.dir = [/opt/src/hadoop-ozone/integration-test/target/test-dir/MiniOzoneClusterImpl-0fefaf49-817a-484d-ad74-9fcb43e2238a/datanode-3/data/ratis] (custom)
2019-06-12 13:41:16,472 INFO  impl.RaftServerProxy (RaftServerProxy.java:addNew(89)) - 3c4f6f6b-6bae-4896-a387-bc1a7103eceb: addNew group-2D5D54A20D92:[f3fff7bd-3949-400e-9b0d-e25fcfcb177b:192.168.19.46:33359, 40d61cb6-2cb9-46eb-b78e-34a5a87f0b29:192.168.19.46:42389, 3c4f6f6b-6bae-4896-a387-bc1a7103eceb:192.168.19.46:41465] returns group-2D5D54A20D92:java.util.concurrent.CompletableFuture@3675a965[Not completed]
2019-06-12 13:41:16,473 INFO  storage.RaftStorageDirectory (RaftStorageDirectory.java:analyzeStorage(246)) - The storage directory /opt/src/hadoop-ozone/integration-test/target/test-dir/MiniOzoneClusterImpl-0fefaf49-817a-484d-ad74-9fcb43e2238a/datanode-3/data/ratis/1465a003-f576-4881-9ab0-2d5d54a20d92 does not exist. Creating ...
2019-06-12 13:41:16,473 INFO  impl.RaftServerProxy (RaftServerProxy.java:addNew(89)) - 40d61cb6-2cb9-46eb-b78e-34a5a87f0b29: addNew group-2D5D54A20D92:[f3fff7bd-3949-400e-9b0d-e25fcfcb177b:192.168.19.46:33359, 40d61cb6-2cb9-46eb-b78e-34a5a87f0b29:192.168.19.46:42389, 3c4f6f6b-6bae-4896-a387-bc1a7103eceb:192.168.19.46:41465] returns group-2D5D54A20D92:java.util.concurrent.CompletableFuture@2bba063e[Not completed]
2019-06-12 13:41:16,474 INFO  impl.RaftServerImpl (RaftServerImpl.java:<init>(91)) - 40d61cb6-2cb9-46eb-b78e-34a5a87f0b29: new RaftServerImpl for group-2D5D54A20D92:[f3fff7bd-3949-400e-9b0d-e25fcfcb177b:192.168.19.46:33359, 40d61cb6-2cb9-46eb-b78e-34a5a87f0b29:192.168.19.46:42389, 3c4f6f6b-6bae-4896-a387-bc1a7103eceb:192.168.19.46:41465] with ContainerStateMachine:uninitialized
2019-06-12 13:41:16,474 INFO  server.RaftServerConfigKeys (ConfUtils.java:logGet(43)) - raft.server.rpc.timeout.min = 1s (custom)
2019-06-12 13:41:16,474 INFO  server.RaftServerConfigKeys (ConfUtils.java:logGet(43)) - raft.server.rpc.timeout.max = 1200ms (custom)
2019-06-12 13:41:16,474 INFO  server.RaftServerConfigKeys (ConfUtils.java:logGet(43)) - raft.server.rpcslowness.timeout = 120s (custom)
2019-06-12 13:41:16,474 INFO  server.RaftServerConfigKeys (ConfUtils.java:logGet(43)) - raft.server.log.appender.install.snapshot.enabled = true (default)
2019-06-12 13:41:16,474 INFO  impl.RaftServerImpl (ServerState.java:<init>(101)) - 40d61cb6-2cb9-46eb-b78e-34a5a87f0b29:group-2D5D54A20D92 ConfigurationManager, init=-1: [f3fff7bd-3949-400e-9b0d-e25fcfcb177b:192.168.19.46:33359, 40d61cb6-2cb9-46eb-b78e-34a5a87f0b29:192.168.19.46:42389, 3c4f6f6b-6bae-4896-a387-bc1a7103eceb:192.168.19.46:41465], old=null, confs=<EMPTY_MAP>
2019-06-12 13:41:16,474 INFO  impl.RaftServerImpl (RaftServerImpl.java:<init>(91)) - 3c4f6f6b-6bae-4896-a387-bc1a7103eceb: new RaftServerImpl for group-2D5D54A20D92:[f3fff7bd-3949-400e-9b0d-e25fcfcb177b:192.168.19.46:33359, 40d61cb6-2cb9-46eb-b78e-34a5a87f0b29:192.168.19.46:42389, 3c4f6f6b-6bae-4896-a387-bc1a7103eceb:192.168.19.46:41465] with ContainerStateMachine:uninitialized
2019-06-12 13:41:16,474 INFO  server.RaftServerConfigKeys (ConfUtils.java:logGet(43)) - raft.server.storage.dir = [/opt/src/hadoop-ozone/integration-test/target/test-dir/MiniOzoneClusterImpl-0fefaf49-817a-484d-ad74-9fcb43e2238a/datanode-5/data/ratis] (custom)
2019-06-12 13:41:16,474 INFO  server.RaftServerConfigKeys (ConfUtils.java:logGet(43)) - raft.server.rpc.timeout.min = 1s (custom)
2019-06-12 13:41:16,474 INFO  server.RaftServerConfigKeys (ConfUtils.java:logGet(43)) - raft.server.rpc.timeout.max = 1200ms (custom)
2019-06-12 13:41:16,475 INFO  storage.RaftStorageDirectory (RaftStorageDirectory.java:tryLock(328)) - Lock on /opt/src/hadoop-ozone/integration-test/target/test-dir/MiniOzoneClusterImpl-0fefaf49-817a-484d-ad74-9fcb43e2238a/datanode-3/data/ratis/1465a003-f576-4881-9ab0-2d5d54a20d92/in_use.lock acquired by nodename 23524@ozone-x7bbm-1544112193
2019-06-12 13:41:16,474 INFO  storage.RaftStorageDirectory (RaftStorageDirectory.java:analyzeStorage(246)) - The storage directory /opt/src/hadoop-ozone/integration-test/target/test-dir/MiniOzoneClusterImpl-0fefaf49-817a-484d-ad74-9fcb43e2238a/datanode-5/data/ratis/1465a003-f576-4881-9ab0-2d5d54a20d92 does not exist. Creating ...
2019-06-12 13:41:16,475 INFO  server.RaftServerConfigKeys (ConfUtils.java:logGet(43)) - raft.server.rpcslowness.timeout = 120s (custom)
2019-06-12 13:41:16,475 INFO  server.RaftServerConfigKeys (ConfUtils.java:logGet(43)) - raft.server.log.appender.install.snapshot.enabled = true (default)
2019-06-12 13:41:16,475 INFO  impl.RaftServerImpl (ServerState.java:<init>(101)) - 3c4f6f6b-6bae-4896-a387-bc1a7103eceb:group-2D5D54A20D92 ConfigurationManager, init=-1: [f3fff7bd-3949-400e-9b0d-e25fcfcb177b:192.168.19.46:33359, 40d61cb6-2cb9-46eb-b78e-34a5a87f0b29:192.168.19.46:42389, 3c4f6f6b-6bae-4896-a387-bc1a7103eceb:192.168.19.46:41465], old=null, confs=<EMPTY_MAP>
2019-06-12 13:41:16,476 INFO  server.RaftServerConfigKeys (ConfUtils.java:logGet(43)) - raft.server.storage.dir = [/opt/src/hadoop-ozone/integration-test/target/test-dir/MiniOzoneClusterImpl-0fefaf49-817a-484d-ad74-9fcb43e2238a/datanode-4/data/ratis] (custom)
2019-06-12 13:41:16,476 INFO  storage.RaftStorageDirectory (RaftStorageDirectory.java:analyzeStorage(246)) - The storage directory /opt/src/hadoop-ozone/integration-test/target/test-dir/MiniOzoneClusterImpl-0fefaf49-817a-484d-ad74-9fcb43e2238a/datanode-4/data/ratis/1465a003-f576-4881-9ab0-2d5d54a20d92 does not exist. Creating ...
2019-06-12 13:41:16,477 INFO  storage.RaftStorageDirectory (RaftStorageDirectory.java:tryLock(328)) - Lock on /opt/src/hadoop-ozone/integration-test/target/test-dir/MiniOzoneClusterImpl-0fefaf49-817a-484d-ad74-9fcb43e2238a/datanode-5/data/ratis/1465a003-f576-4881-9ab0-2d5d54a20d92/in_use.lock acquired by nodename 23524@ozone-x7bbm-1544112193
2019-06-12 13:41:16,477 INFO  storage.RaftStorage (RaftStorage.java:format(75)) - Storage directory /opt/src/hadoop-ozone/integration-test/target/test-dir/MiniOzoneClusterImpl-0fefaf49-817a-484d-ad74-9fcb43e2238a/datanode-3/data/ratis/1465a003-f576-4881-9ab0-2d5d54a20d92 has been successfully formatted.
2019-06-12 13:41:16,477 INFO  ratis.ContainerStateMachine (ContainerStateMachine.java:loadSnapshot(199)) - The snapshot info is null.Setting the last applied index to:(t:0, i:~)
2019-06-12 13:41:16,477 INFO  server.RaftServerConfigKeys (ConfUtils.java:logGet(43)) - raft.server.leader.election.timeout = 120s (custom)
2019-06-12 13:41:16,477 INFO  server.RaftServerConfigKeys (ConfUtils.java:logGet(43)) - raft.server.log.use.memory = false (default)
2019-06-12 13:41:16,477 INFO  server.RaftServerConfigKeys (ConfUtils.java:logGet(43)) - raft.server.log.appender.buffer.byte-limit = 33554432 (custom)
2019-06-12 13:41:16,477 INFO  server.RaftServerConfigKeys (ConfUtils.java:logGet(43)) - raft.server.log.segment.size.max = 16384 (custom)
2019-06-12 13:41:16,477 INFO  server.RaftServerConfigKeys (ConfUtils.java:logGet(43)) - raft.server.log.segment.cache.num.max = 2 (custom)
2019-06-12 13:41:16,477 INFO  storage.RaftLogWorker (RaftLogWorker.java:<init>(123)) - new f3fff7bd-3949-400e-9b0d-e25fcfcb177b-RaftLogWorker for Storage Directory /opt/src/hadoop-ozone/integration-test/target/test-dir/MiniOzoneClusterImpl-0fefaf49-817a-484d-ad74-9fcb43e2238a/datanode-3/data/ratis/1465a003-f576-4881-9ab0-2d5d54a20d92
2019-06-12 13:41:16,477 INFO  server.RaftServerConfigKeys (ConfUtils.java:logGet(43)) - raft.server.log.queue.byte-limit = 2147483647 (custom)
2019-06-12 13:41:16,477 INFO  server.RaftServerConfigKeys (ConfUtils.java:logGet(43)) - raft.server.log.queue.element-limit = 1024 (custom)
2019-06-12 13:41:16,478 INFO  server.RaftServerConfigKeys (ConfUtils.java:logGet(43)) - raft.server.log.segment.size.max = 16384 (custom)
2019-06-12 13:41:16,478 INFO  server.RaftServerConfigKeys (ConfUtils.java:logGet(43)) - raft.server.log.preallocated.size = 16384 (custom)
2019-06-12 13:41:16,478 INFO  server.RaftServerConfigKeys (ConfUtils.java:logGet(43)) - raft.server.log.write.buffer.size = 33554432 (custom)
2019-06-12 13:41:16,478 INFO  server.RaftServerConfigKeys (ConfUtils.java:logGet(43)) - raft.server.log.force.sync.num = 128 (default)
2019-06-12 13:41:16,478 INFO  server.RaftServerConfigKeys (ConfUtils.java:logGet(43)) - raft.server.log.statemachine.data.sync = true (default)
2019-06-12 13:41:16,478 INFO  server.RaftServerConfigKeys (ConfUtils.java:logGet(43)) - raft.server.log.statemachine.data.sync.timeout = 10s (default)
2019-06-12 13:41:16,478 INFO  server.RaftServerConfigKeys (ConfUtils.java:logGet(43)) - raft.server.log.statemachine.data.sync.timeout.retry = -1 (default)
2019-06-12 13:41:16,478 INFO  server.RaftServerConfigKeys (ConfUtils.java:logGet(43)) - raft.server.log.statemachine.data.caching.enabled = true (custom)
2019-06-12 13:41:16,478 INFO  storage.RaftStorageDirectory (RaftStorageDirectory.java:tryLock(328)) - Lock on /opt/src/hadoop-ozone/integration-test/target/test-dir/MiniOzoneClusterImpl-0fefaf49-817a-484d-ad74-9fcb43e2238a/datanode-4/data/ratis/1465a003-f576-4881-9ab0-2d5d54a20d92/in_use.lock acquired by nodename 23524@ozone-x7bbm-1544112193
2019-06-12 13:41:16,478 INFO  server.RaftServerConfigKeys (ConfUtils.java:logGet(43)) - raft.server.snapshot.auto.trigger.enabled = true (custom)
2019-06-12 13:41:16,478 INFO  server.RaftServerConfigKeys (ConfUtils.java:logGet(43)) - raft.server.snapshot.auto.trigger.threshold = 10000 (custom)
2019-06-12 13:41:16,479 INFO  server.RaftServerConfigKeys (ConfUtils.java:logGet(43)) - raft.server.retrycache.expirytime = 600000ms (custom)
2019-06-12 13:41:16,479 INFO  impl.RaftServerImpl (RaftServerImpl.java:start(173)) - f3fff7bd-3949-400e-9b0d-e25fcfcb177b: start group-2D5D54A20D92
2019-06-12 13:41:16,479 INFO  impl.RaftServerImpl (RaftServerImpl.java:setRole(164)) - f3fff7bd-3949-400e-9b0d-e25fcfcb177b:group-2D5D54A20D92 changes role from null to FOLLOWER at term 0 for startAsFollower
2019-06-12 13:41:16,479 INFO  impl.RoleInfo (RoleInfo.java:updateAndGet(143)) - f3fff7bd-3949-400e-9b0d-e25fcfcb177b: start FollowerState
2019-06-12 13:41:16,479 INFO  util.JmxRegister (JmxRegister.java:tryRegister(44)) - Successfully registered JMX Bean with object name Ratis:service=RaftServer,group=group-2D5D54A20D92,id=f3fff7bd-3949-400e-9b0d-e25fcfcb177b
2019-06-12 13:41:16,480 INFO  storage.RaftStorage (RaftStorage.java:format(75)) - Storage directory /opt/src/hadoop-ozone/integration-test/target/test-dir/MiniOzoneClusterImpl-0fefaf49-817a-484d-ad74-9fcb43e2238a/datanode-5/data/ratis/1465a003-f576-4881-9ab0-2d5d54a20d92 has been successfully formatted.
2019-06-12 13:41:16,480 INFO  ratis.ContainerStateMachine (ContainerStateMachine.java:loadSnapshot(199)) - The snapshot info is null.Setting the last applied index to:(t:0, i:~)
2019-06-12 13:41:16,480 INFO  server.RaftServerConfigKeys (ConfUtils.java:logGet(43)) - raft.server.leader.election.timeout = 120s (custom)
2019-06-12 13:41:16,480 INFO  server.RaftServerConfigKeys (ConfUtils.java:logGet(43)) - raft.server.log.use.memory = false (default)
2019-06-12 13:41:16,480 INFO  server.RaftServerConfigKeys (ConfUtils.java:logGet(43)) - raft.server.log.appender.buffer.byte-limit = 33554432 (custom)
2019-06-12 13:41:16,480 INFO  server.RaftServerConfigKeys (ConfUtils.java:logGet(43)) - raft.server.log.segment.size.max = 16384 (custom)
2019-06-12 13:41:16,480 INFO  server.RaftServerConfigKeys (ConfUtils.java:logGet(43)) - raft.server.log.segment.cache.num.max = 2 (custom)
2019-06-12 13:41:16,480 INFO  storage.RaftLogWorker (RaftLogWorker.java:<init>(123)) - new 40d61cb6-2cb9-46eb-b78e-34a5a87f0b29-RaftLogWorker for Storage Directory /opt/src/hadoop-ozone/integration-test/target/test-dir/MiniOzoneClusterImpl-0fefaf49-817a-484d-ad74-9fcb43e2238a/datanode-5/data/ratis/1465a003-f576-4881-9ab0-2d5d54a20d92
2019-06-12 13:41:16,481 INFO  server.RaftServerConfigKeys (ConfUtils.java:logGet(43)) - raft.server.log.queue.byte-limit = 2147483647 (custom)
2019-06-12 13:41:16,481 INFO  server.RaftServerConfigKeys (ConfUtils.java:logGet(43)) - raft.server.log.queue.element-limit = 1024 (custom)
2019-06-12 13:41:16,481 INFO  server.RaftServerConfigKeys (ConfUtils.java:logGet(43)) - raft.server.log.segment.size.max = 16384 (custom)
2019-06-12 13:41:16,481 INFO  server.RaftServerConfigKeys (ConfUtils.java:logGet(43)) - raft.server.log.preallocated.size = 16384 (custom)
2019-06-12 13:41:16,481 INFO  server.RaftServerConfigKeys (ConfUtils.java:logGet(43)) - raft.server.log.write.buffer.size = 33554432 (custom)
2019-06-12 13:41:16,481 INFO  server.RaftServerConfigKeys (ConfUtils.java:logGet(43)) - raft.server.log.force.sync.num = 128 (default)
2019-06-12 13:41:16,481 INFO  server.RaftServerConfigKeys (ConfUtils.java:logGet(43)) - raft.server.log.statemachine.data.sync = true (default)
2019-06-12 13:41:16,481 INFO  storage.RaftStorage (RaftStorage.java:format(75)) - Storage directory /opt/src/hadoop-ozone/integration-test/target/test-dir/MiniOzoneClusterImpl-0fefaf49-817a-484d-ad74-9fcb43e2238a/datanode-4/data/ratis/1465a003-f576-4881-9ab0-2d5d54a20d92 has been successfully formatted.
2019-06-12 13:41:16,481 INFO  server.RaftServerConfigKeys (ConfUtils.java:logGet(43)) - raft.server.log.statemachine.data.sync.timeout = 10s (default)
2019-06-12 13:41:16,481 INFO  ratis.ContainerStateMachine (ContainerStateMachine.java:loadSnapshot(199)) - The snapshot info is null.Setting the last applied index to:(t:0, i:~)
2019-06-12 13:41:16,481 INFO  server.RaftServerConfigKeys (ConfUtils.java:logGet(43)) - raft.server.log.statemachine.data.sync.timeout.retry = -1 (default)
2019-06-12 13:41:16,481 INFO  server.RaftServerConfigKeys (ConfUtils.java:logGet(43)) - raft.server.leader.election.timeout = 120s (custom)
2019-06-12 13:41:16,481 INFO  server.RaftServerConfigKeys (ConfUtils.java:logGet(43)) - raft.server.log.statemachine.data.caching.enabled = true (custom)
2019-06-12 13:41:16,482 INFO  server.RaftServerConfigKeys (ConfUtils.java:logGet(43)) - raft.server.log.use.memory = false (default)
2019-06-12 13:41:16,482 INFO  server.RaftServerConfigKeys (ConfUtils.java:logGet(43)) - raft.server.log.appender.buffer.byte-limit = 33554432 (custom)
2019-06-12 13:41:16,482 INFO  server.RaftServerConfigKeys (ConfUtils.java:logGet(43)) - raft.server.log.segment.size.max = 16384 (custom)
2019-06-12 13:41:16,482 INFO  server.RaftServerConfigKeys (ConfUtils.java:logGet(43)) - raft.server.snapshot.auto.trigger.enabled = true (custom)
2019-06-12 13:41:16,482 INFO  server.RaftServerConfigKeys (ConfUtils.java:logGet(43)) - raft.server.log.segment.cache.num.max = 2 (custom)
2019-06-12 13:41:16,482 INFO  server.RaftServerConfigKeys (ConfUtils.java:logGet(43)) - raft.server.snapshot.auto.trigger.threshold = 10000 (custom)
2019-06-12 13:41:16,482 INFO  storage.RaftLogWorker (RaftLogWorker.java:<init>(123)) - new 3c4f6f6b-6bae-4896-a387-bc1a7103eceb-RaftLogWorker for Storage Directory /opt/src/hadoop-ozone/integration-test/target/test-dir/MiniOzoneClusterImpl-0fefaf49-817a-484d-ad74-9fcb43e2238a/datanode-4/data/ratis/1465a003-f576-4881-9ab0-2d5d54a20d92
2019-06-12 13:41:16,482 INFO  server.RaftServerConfigKeys (ConfUtils.java:logGet(43)) - raft.server.retrycache.expirytime = 600000ms (custom)
2019-06-12 13:41:16,482 INFO  server.RaftServerConfigKeys (ConfUtils.java:logGet(43)) - raft.server.log.queue.byte-limit = 2147483647 (custom)
2019-06-12 13:41:16,482 INFO  impl.RaftServerImpl (RaftServerImpl.java:start(173)) - 40d61cb6-2cb9-46eb-b78e-34a5a87f0b29: start group-2D5D54A20D92
2019-06-12 13:41:16,482 INFO  server.RaftServerConfigKeys (ConfUtils.java:logGet(43)) - raft.server.log.queue.element-limit = 1024 (custom)
2019-06-12 13:41:16,482 INFO  impl.RaftServerImpl (RaftServerImpl.java:setRole(164)) - 40d61cb6-2cb9-46eb-b78e-34a5a87f0b29:group-2D5D54A20D92 changes role from null to FOLLOWER at term 0 for startAsFollower
2019-06-12 13:41:16,482 INFO  server.RaftServerConfigKeys (ConfUtils.java:logGet(43)) - raft.server.log.segment.size.max = 16384 (custom)
2019-06-12 13:41:16,482 INFO  impl.RoleInfo (RoleInfo.java:updateAndGet(143)) - 40d61cb6-2cb9-46eb-b78e-34a5a87f0b29: start FollowerState
2019-06-12 13:41:16,483 INFO  server.RaftServerConfigKeys (ConfUtils.java:logGet(43)) - raft.server.log.preallocated.size = 16384 (custom)
2019-06-12 13:41:16,483 INFO  server.RaftServerConfigKeys (ConfUtils.java:logGet(43)) - raft.server.log.write.buffer.size = 33554432 (custom)
2019-06-12 13:41:16,483 INFO  util.JmxRegister (JmxRegister.java:tryRegister(44)) - Successfully registered JMX Bean with object name Ratis:service=RaftServer,group=group-2D5D54A20D92,id=40d61cb6-2cb9-46eb-b78e-34a5a87f0b29
2019-06-12 13:41:16,483 INFO  server.RaftServerConfigKeys (ConfUtils.java:logGet(43)) - raft.server.log.force.sync.num = 128 (default)
2019-06-12 13:41:16,483 INFO  server.RaftServerConfigKeys (ConfUtils.java:logGet(43)) - raft.server.log.statemachine.data.sync = true (default)
2019-06-12 13:41:16,483 INFO  server.RaftServerConfigKeys (ConfUtils.java:logGet(43)) - raft.server.log.statemachine.data.sync.timeout = 10s (default)
2019-06-12 13:41:16,483 INFO  server.RaftServerConfigKeys (ConfUtils.java:logGet(43)) - raft.server.log.statemachine.data.sync.timeout.retry = -1 (default)
2019-06-12 13:41:16,483 INFO  server.RaftServerConfigKeys (ConfUtils.java:logGet(43)) - raft.server.log.statemachine.data.caching.enabled = true (custom)
2019-06-12 13:41:16,484 INFO  server.RaftServerConfigKeys (ConfUtils.java:logGet(43)) - raft.server.snapshot.auto.trigger.enabled = true (custom)
2019-06-12 13:41:16,484 INFO  server.RaftServerConfigKeys (ConfUtils.java:logGet(43)) - raft.server.snapshot.auto.trigger.threshold = 10000 (custom)
2019-06-12 13:41:16,484 INFO  server.RaftServerConfigKeys (ConfUtils.java:logGet(43)) - raft.server.retrycache.expirytime = 600000ms (custom)
2019-06-12 13:41:16,484 INFO  impl.RaftServerImpl (RaftServerImpl.java:start(173)) - 3c4f6f6b-6bae-4896-a387-bc1a7103eceb: start group-2D5D54A20D92
2019-06-12 13:41:16,484 INFO  impl.RaftServerImpl (RaftServerImpl.java:setRole(164)) - 3c4f6f6b-6bae-4896-a387-bc1a7103eceb:group-2D5D54A20D92 changes role from null to FOLLOWER at term 0 for startAsFollower
2019-06-12 13:41:16,484 INFO  impl.RoleInfo (RoleInfo.java:updateAndGet(143)) - 3c4f6f6b-6bae-4896-a387-bc1a7103eceb: start FollowerState
2019-06-12 13:41:16,484 INFO  util.JmxRegister (JmxRegister.java:tryRegister(44)) - Successfully registered JMX Bean with object name Ratis:service=RaftServer,group=group-2D5D54A20D92,id=3c4f6f6b-6bae-4896-a387-bc1a7103eceb
2019-06-12 13:41:16,486 INFO  pipeline.PipelineStateManager (PipelineStateManager.java:addPipeline(56)) - Created pipeline Pipeline[ Id: 1465a003-f576-4881-9ab0-2d5d54a20d92, Nodes: f3fff7bd-3949-400e-9b0d-e25fcfcb177b{ip: 192.168.19.46, host: ozone-x7bbm-1544112193, networkLocation: /default-rack, certSerialId: null}3c4f6f6b-6bae-4896-a387-bc1a7103eceb{ip: 192.168.19.46, host: ozone-x7bbm-1544112193, networkLocation: /default-rack, certSerialId: null}40d61cb6-2cb9-46eb-b78e-34a5a87f0b29{ip: 192.168.19.46, host: ozone-x7bbm-1544112193, networkLocation: /default-rack, certSerialId: null}, Type:RATIS, Factor:THREE, State:OPEN]
2019-06-12 13:41:16,607 INFO  ozone.MiniOzoneClusterImpl (MiniOzoneClusterImpl.java:lambda$waitForClusterToBeReady$0(142)) - Waiting for cluster to be ready. Got 6 of 7 DN Heartbeats.
2019-06-12 13:41:16,610 INFO  node.SCMNodeManager (SCMNodeManager.java:register(234)) - Registered Data node : 2b8519d3-f54a-4c77-9dba-c4d93fb770f8{ip: 192.168.19.46, host: ozone-x7bbm-1544112193, networkLocation: /default-rack, certSerialId: null}
2019-06-12 13:41:16,622 INFO  impl.RaftServerProxy (RaftServerProxy.java:addNew(89)) - 2b8519d3-f54a-4c77-9dba-c4d93fb770f8: addNew group-B9B784E6BF81:[2b8519d3-f54a-4c77-9dba-c4d93fb770f8:192.168.19.46:40169] returns group-B9B784E6BF81:java.util.concurrent.CompletableFuture@63cba7e6[Not completed]
2019-06-12 13:41:16,623 INFO  impl.RaftServerImpl (RaftServerImpl.java:<init>(91)) - 2b8519d3-f54a-4c77-9dba-c4d93fb770f8: new RaftServerImpl for group-B9B784E6BF81:[2b8519d3-f54a-4c77-9dba-c4d93fb770f8:192.168.19.46:40169] with ContainerStateMachine:uninitialized
2019-06-12 13:41:16,623 INFO  server.RaftServerConfigKeys (ConfUtils.java:logGet(43)) - raft.server.rpc.timeout.min = 1s (custom)
2019-06-12 13:41:16,623 INFO  server.RaftServerConfigKeys (ConfUtils.java:logGet(43)) - raft.server.rpc.timeout.max = 1200ms (custom)
2019-06-12 13:41:16,623 INFO  server.RaftServerConfigKeys (ConfUtils.java:logGet(43)) - raft.server.rpcslowness.timeout = 120s (custom)
2019-06-12 13:41:16,623 INFO  server.RaftServerConfigKeys (ConfUtils.java:logGet(43)) - raft.server.log.appender.install.snapshot.enabled = true (default)
2019-06-12 13:41:16,623 INFO  impl.RaftServerImpl (ServerState.java:<init>(101)) - 2b8519d3-f54a-4c77-9dba-c4d93fb770f8:group-B9B784E6BF81 ConfigurationManager, init=-1: [2b8519d3-f54a-4c77-9dba-c4d93fb770f8:192.168.19.46:40169], old=null, confs=<EMPTY_MAP>
2019-06-12 13:41:16,623 INFO  server.RaftServerConfigKeys (ConfUtils.java:logGet(43)) - raft.server.storage.dir = [/opt/src/hadoop-ozone/integration-test/target/test-dir/MiniOzoneClusterImpl-0fefaf49-817a-484d-ad74-9fcb43e2238a/datanode-6/data/ratis] (custom)
2019-06-12 13:41:16,624 INFO  storage.RaftStorageDirectory (RaftStorageDirectory.java:analyzeStorage(246)) - The storage directory /opt/src/hadoop-ozone/integration-test/target/test-dir/MiniOzoneClusterImpl-0fefaf49-817a-484d-ad74-9fcb43e2238a/datanode-6/data/ratis/79da1db4-237a-47a6-aa23-b9b784e6bf81 does not exist. Creating ...
2019-06-12 13:41:16,626 INFO  storage.RaftStorageDirectory (RaftStorageDirectory.java:tryLock(328)) - Lock on /opt/src/hadoop-ozone/integration-test/target/test-dir/MiniOzoneClusterImpl-0fefaf49-817a-484d-ad74-9fcb43e2238a/datanode-6/data/ratis/79da1db4-237a-47a6-aa23-b9b784e6bf81/in_use.lock acquired by nodename 23524@ozone-x7bbm-1544112193
2019-06-12 13:41:16,628 INFO  storage.RaftStorage (RaftStorage.java:format(75)) - Storage directory /opt/src/hadoop-ozone/integration-test/target/test-dir/MiniOzoneClusterImpl-0fefaf49-817a-484d-ad74-9fcb43e2238a/datanode-6/data/ratis/79da1db4-237a-47a6-aa23-b9b784e6bf81 has been successfully formatted.
2019-06-12 13:41:16,628 INFO  ratis.ContainerStateMachine (ContainerStateMachine.java:loadSnapshot(199)) - The snapshot info is null.Setting the last applied index to:(t:0, i:~)
2019-06-12 13:41:16,628 INFO  server.RaftServerConfigKeys (ConfUtils.java:logGet(43)) - raft.server.leader.election.timeout = 120s (custom)
2019-06-12 13:41:16,628 INFO  server.RaftServerConfigKeys (ConfUtils.java:logGet(43)) - raft.server.log.use.memory = false (default)
2019-06-12 13:41:16,628 INFO  server.RaftServerConfigKeys (ConfUtils.java:logGet(43)) - raft.server.log.appender.buffer.byte-limit = 33554432 (custom)
2019-06-12 13:41:16,628 INFO  server.RaftServerConfigKeys (ConfUtils.java:logGet(43)) - raft.server.log.segment.size.max = 16384 (custom)
2019-06-12 13:41:16,628 INFO  server.RaftServerConfigKeys (ConfUtils.java:logGet(43)) - raft.server.log.segment.cache.num.max = 2 (custom)
2019-06-12 13:41:16,628 INFO  storage.RaftLogWorker (RaftLogWorker.java:<init>(123)) - new 2b8519d3-f54a-4c77-9dba-c4d93fb770f8-RaftLogWorker for Storage Directory /opt/src/hadoop-ozone/integration-test/target/test-dir/MiniOzoneClusterImpl-0fefaf49-817a-484d-ad74-9fcb43e2238a/datanode-6/data/ratis/79da1db4-237a-47a6-aa23-b9b784e6bf81
2019-06-12 13:41:16,628 INFO  server.RaftServerConfigKeys (ConfUtils.java:logGet(43)) - raft.server.log.queue.byte-limit = 2147483647 (custom)
2019-06-12 13:41:16,628 INFO  server.RaftServerConfigKeys (ConfUtils.java:logGet(43)) - raft.server.log.queue.element-limit = 1024 (custom)
2019-06-12 13:41:16,629 INFO  server.RaftServerConfigKeys (ConfUtils.java:logGet(43)) - raft.server.log.segment.size.max = 16384 (custom)
2019-06-12 13:41:16,629 INFO  server.RaftServerConfigKeys (ConfUtils.java:logGet(43)) - raft.server.log.preallocated.size = 16384 (custom)
2019-06-12 13:41:16,629 INFO  server.RaftServerConfigKeys (ConfUtils.java:logGet(43)) - raft.server.log.write.buffer.size = 33554432 (custom)
2019-06-12 13:41:16,629 INFO  server.RaftServerConfigKeys (ConfUtils.java:logGet(43)) - raft.server.log.force.sync.num = 128 (default)
2019-06-12 13:41:16,629 INFO  server.RaftServerConfigKeys (ConfUtils.java:logGet(43)) - raft.server.log.statemachine.data.sync = true (default)
2019-06-12 13:41:16,629 INFO  server.RaftServerConfigKeys (ConfUtils.java:logGet(43)) - raft.server.log.statemachine.data.sync.timeout = 10s (default)
2019-06-12 13:41:16,629 INFO  server.RaftServerConfigKeys (ConfUtils.java:logGet(43)) - raft.server.log.statemachine.data.sync.timeout.retry = -1 (default)
2019-06-12 13:41:16,629 INFO  server.RaftServerConfigKeys (ConfUtils.java:logGet(43)) - raft.server.log.statemachine.data.caching.enabled = true (custom)
2019-06-12 13:41:16,629 INFO  server.RaftServerConfigKeys (ConfUtils.java:logGet(43)) - raft.server.snapshot.auto.trigger.enabled = true (custom)
2019-06-12 13:41:16,629 INFO  server.RaftServerConfigKeys (ConfUtils.java:logGet(43)) - raft.server.snapshot.auto.trigger.threshold = 10000 (custom)
2019-06-12 13:41:16,630 INFO  server.RaftServerConfigKeys (ConfUtils.java:logGet(43)) - raft.server.retrycache.expirytime = 600000ms (custom)
2019-06-12 13:41:16,630 INFO  impl.RaftServerImpl (RaftServerImpl.java:start(173)) - 2b8519d3-f54a-4c77-9dba-c4d93fb770f8: start group-B9B784E6BF81
2019-06-12 13:41:16,630 INFO  impl.RaftServerImpl (RaftServerImpl.java:setRole(164)) - 2b8519d3-f54a-4c77-9dba-c4d93fb770f8:group-B9B784E6BF81 changes role from null to FOLLOWER at term 0 for startAsFollower
2019-06-12 13:41:16,630 INFO  impl.RoleInfo (RoleInfo.java:updateAndGet(143)) - 2b8519d3-f54a-4c77-9dba-c4d93fb770f8: start FollowerState
2019-06-12 13:41:16,630 INFO  util.JmxRegister (JmxRegister.java:tryRegister(44)) - Successfully registered JMX Bean with object name Ratis:service=RaftServer,group=group-B9B784E6BF81,id=2b8519d3-f54a-4c77-9dba-c4d93fb770f8
2019-06-12 13:41:16,631 INFO  pipeline.PipelineStateManager (PipelineStateManager.java:addPipeline(56)) - Created pipeline Pipeline[ Id: 79da1db4-237a-47a6-aa23-b9b784e6bf81, Nodes: 2b8519d3-f54a-4c77-9dba-c4d93fb770f8{ip: 192.168.19.46, host: ozone-x7bbm-1544112193, networkLocation: /default-rack, certSerialId: null}, Type:RATIS, Factor:ONE, State:OPEN]
2019-06-12 13:41:16,709 INFO  impl.FollowerState (FollowerState.java:run(101)) - f774f434-0ad1-462e-af15-84bd84bd91e9:group-1D8090DB6D82 changes to CANDIDATE, lastRpcTime:1137, electionTimeout:1136ms
2019-06-12 13:41:16,710 INFO  impl.RoleInfo (RoleInfo.java:shutdownFollowerState(121)) - f774f434-0ad1-462e-af15-84bd84bd91e9: shutdown FollowerState
2019-06-12 13:41:16,710 INFO  impl.RaftServerImpl (RaftServerImpl.java:setRole(164)) - f774f434-0ad1-462e-af15-84bd84bd91e9:group-1D8090DB6D82 changes role from FOLLOWER to CANDIDATE at term 0 for changeToCandidate
2019-06-12 13:41:16,710 INFO  impl.RoleInfo (RoleInfo.java:updateAndGet(143)) - f774f434-0ad1-462e-af15-84bd84bd91e9: start LeaderElection
2019-06-12 13:41:16,716 INFO  impl.LeaderElection (LeaderElection.java:askForVotes(181)) - f774f434-0ad1-462e-af15-84bd84bd91e9:group-1D8090DB6D82:LeaderElection32: begin an election at term 1 for -1: [f774f434-0ad1-462e-af15-84bd84bd91e9:192.168.19.46:32903], old=null
2019-06-12 13:41:16,716 INFO  impl.RoleInfo (RoleInfo.java:shutdownLeaderElection(134)) - f774f434-0ad1-462e-af15-84bd84bd91e9: shutdown LeaderElection
2019-06-12 13:41:16,716 INFO  impl.RaftServerImpl (RaftServerImpl.java:setRole(164)) - f774f434-0ad1-462e-af15-84bd84bd91e9:group-1D8090DB6D82 changes role from CANDIDATE to LEADER at term 1 for changeToLeader
2019-06-12 13:41:16,717 INFO  impl.RaftServerImpl (ServerState.java:setLeader(263)) - f774f434-0ad1-462e-af15-84bd84bd91e9:group-1D8090DB6D82 change Leader from null to f774f434-0ad1-462e-af15-84bd84bd91e9 at term 1 for becomeLeader, leader elected after 1153ms
2019-06-12 13:41:16,717 INFO  server.RaftServerConfigKeys (ConfUtils.java:logGet(43)) - raft.server.staging.catchup.gap = 1000 (default)
2019-06-12 13:41:16,717 INFO  server.RaftServerConfigKeys (ConfUtils.java:logGet(43)) - raft.server.rpc.sleep.time = 25ms (default)
2019-06-12 13:41:16,717 INFO  server.RaftServerConfigKeys (ConfUtils.java:logGet(43)) - raft.server.watch.timeout = 10s (default)
2019-06-12 13:41:16,717 INFO  server.RaftServerConfigKeys (ConfUtils.java:logGet(43)) - raft.server.watch.timeout.denomination = 1s (default)
2019-06-12 13:41:16,717 INFO  impl.RoleInfo (RoleInfo.java:updateAndGet(143)) - f774f434-0ad1-462e-af15-84bd84bd91e9: start LeaderState
2019-06-12 13:41:16,717 INFO  storage.RaftLogWorker (RaftLogWorker.java:startLogSegment(298)) - f774f434-0ad1-462e-af15-84bd84bd91e9-RaftLogWorker: Starting segment from index:0
2019-06-12 13:41:16,717 INFO  impl.RaftServerImpl (ServerState.java:setRaftConf(361)) - f774f434-0ad1-462e-af15-84bd84bd91e9:group-1D8090DB6D82 set configuration 0: [f774f434-0ad1-462e-af15-84bd84bd91e9:192.168.19.46:32903], old=null at 0
2019-06-12 13:41:16,753 INFO  storage.RaftLogWorker (RaftLogWorker.java:execute(469)) - f774f434-0ad1-462e-af15-84bd84bd91e9-RaftLogWorker: created new log segment /opt/src/hadoop-ozone/integration-test/target/test-dir/MiniOzoneClusterImpl-0fefaf49-817a-484d-ad74-9fcb43e2238a/datanode-0/data/ratis/284ce864-9fbd-445a-8c99-1d8090db6d82/current/log_inprogress_0
2019-06-12 13:41:16,935 INFO  impl.FollowerState (FollowerState.java:run(101)) - 2748af54-33a5-4620-a4be-2202c3ceebf6:group-CB43BE518BCD changes to CANDIDATE, lastRpcTime:1114, electionTimeout:1114ms
2019-06-12 13:41:16,935 INFO  impl.RoleInfo (RoleInfo.java:shutdownFollowerState(121)) - 2748af54-33a5-4620-a4be-2202c3ceebf6: shutdown FollowerState
2019-06-12 13:41:16,935 INFO  impl.RaftServerImpl (RaftServerImpl.java:setRole(164)) - 2748af54-33a5-4620-a4be-2202c3ceebf6:group-CB43BE518BCD changes role from FOLLOWER to CANDIDATE at term 0 for changeToCandidate
2019-06-12 13:41:16,935 INFO  impl.RoleInfo (RoleInfo.java:updateAndGet(143)) - 2748af54-33a5-4620-a4be-2202c3ceebf6: start LeaderElection
2019-06-12 13:41:16,941 INFO  impl.LeaderElection (LeaderElection.java:askForVotes(181)) - 2748af54-33a5-4620-a4be-2202c3ceebf6:group-CB43BE518BCD:LeaderElection33: begin an election at term 1 for -1: [2748af54-33a5-4620-a4be-2202c3ceebf6:192.168.19.46:37405], old=null
2019-06-12 13:41:16,941 INFO  impl.RoleInfo (RoleInfo.java:shutdownLeaderElection(134)) - 2748af54-33a5-4620-a4be-2202c3ceebf6: shutdown LeaderElection
2019-06-12 13:41:16,941 INFO  impl.RaftServerImpl (RaftServerImpl.java:setRole(164)) - 2748af54-33a5-4620-a4be-2202c3ceebf6:group-CB43BE518BCD changes role from CANDIDATE to LEADER at term 1 for changeToLeader
2019-06-12 13:41:16,941 INFO  impl.RaftServerImpl (ServerState.java:setLeader(263)) - 2748af54-33a5-4620-a4be-2202c3ceebf6:group-CB43BE518BCD change Leader from null to 2748af54-33a5-4620-a4be-2202c3ceebf6 at term 1 for becomeLeader, leader elected after 1122ms
2019-06-12 13:41:16,942 INFO  server.RaftServerConfigKeys (ConfUtils.java:logGet(43)) - raft.server.staging.catchup.gap = 1000 (default)
2019-06-12 13:41:16,942 INFO  server.RaftServerConfigKeys (ConfUtils.java:logGet(43)) - raft.server.rpc.sleep.time = 25ms (default)
2019-06-12 13:41:16,942 INFO  server.RaftServerConfigKeys (ConfUtils.java:logGet(43)) - raft.server.watch.timeout = 10s (default)
2019-06-12 13:41:16,942 INFO  server.RaftServerConfigKeys (ConfUtils.java:logGet(43)) - raft.server.watch.timeout.denomination = 1s (default)
2019-06-12 13:41:16,942 INFO  impl.RoleInfo (RoleInfo.java:updateAndGet(143)) - 2748af54-33a5-4620-a4be-2202c3ceebf6: start LeaderState
2019-06-12 13:41:16,942 INFO  storage.RaftLogWorker (RaftLogWorker.java:startLogSegment(298)) - 2748af54-33a5-4620-a4be-2202c3ceebf6-RaftLogWorker: Starting segment from index:0
2019-06-12 13:41:16,942 INFO  impl.RaftServerImpl (ServerState.java:setRaftConf(361)) - 2748af54-33a5-4620-a4be-2202c3ceebf6:group-CB43BE518BCD set configuration 0: [2748af54-33a5-4620-a4be-2202c3ceebf6:192.168.19.46:37405], old=null at 0
2019-06-12 13:41:16,978 INFO  storage.RaftLogWorker (RaftLogWorker.java:execute(469)) - 2748af54-33a5-4620-a4be-2202c3ceebf6-RaftLogWorker: created new log segment /opt/src/hadoop-ozone/integration-test/target/test-dir/MiniOzoneClusterImpl-0fefaf49-817a-484d-ad74-9fcb43e2238a/datanode-1/data/ratis/9095338f-11c6-47aa-be08-cb43be518bcd/current/log_inprogress_0
2019-06-12 13:41:17,079 INFO  impl.FollowerState (FollowerState.java:run(101)) - 2748af54-33a5-4620-a4be-2202c3ceebf6:group-07E0A932FC44 changes to CANDIDATE, lastRpcTime:1083, electionTimeout:1081ms
2019-06-12 13:41:17,079 INFO  impl.RoleInfo (RoleInfo.java:shutdownFollowerState(121)) - 2748af54-33a5-4620-a4be-2202c3ceebf6: shutdown FollowerState
2019-06-12 13:41:17,079 INFO  impl.RaftServerImpl (RaftServerImpl.java:setRole(164)) - 2748af54-33a5-4620-a4be-2202c3ceebf6:group-07E0A932FC44 changes role from FOLLOWER to CANDIDATE at term 0 for changeToCandidate
2019-06-12 13:41:17,079 INFO  impl.RoleInfo (RoleInfo.java:updateAndGet(143)) - 2748af54-33a5-4620-a4be-2202c3ceebf6: start LeaderElection
2019-06-12 13:41:17,085 INFO  impl.LeaderElection (LeaderElection.java:askForVotes(181)) - 2748af54-33a5-4620-a4be-2202c3ceebf6:group-07E0A932FC44:LeaderElection34: begin an election at term 1 for -1: [f774f434-0ad1-462e-af15-84bd84bd91e9:192.168.19.46:32903, 2748af54-33a5-4620-a4be-2202c3ceebf6:192.168.19.46:37405, 9e931dfc-5b3d-42f4-90f5-b6eeec8695f1:192.168.19.46:45939], old=null
2019-06-12 13:41:17,090 INFO  impl.RaftServerImpl (RaftServerImpl.java:setRole(164)) - 9e931dfc-5b3d-42f4-90f5-b6eeec8695f1:group-07E0A932FC44 changes role from FOLLOWER to FOLLOWER at term 1 for recognizeCandidate:2748af54-33a5-4620-a4be-2202c3ceebf6
2019-06-12 13:41:17,091 INFO  impl.RoleInfo (RoleInfo.java:shutdownFollowerState(121)) - 9e931dfc-5b3d-42f4-90f5-b6eeec8695f1: shutdown FollowerState
2019-06-12 13:41:17,091 INFO  impl.RoleInfo (RoleInfo.java:updateAndGet(143)) - 9e931dfc-5b3d-42f4-90f5-b6eeec8695f1: start FollowerState
2019-06-12 13:41:17,091 INFO  impl.FollowerState (FollowerState.java:run(109)) - 9e931dfc-5b3d-42f4-90f5-b6eeec8695f1: FollowerState was interrupted: java.lang.InterruptedException: sleep interrupted
2019-06-12 13:41:17,094 INFO  impl.RaftServerImpl (RaftServerImpl.java:setRole(164)) - f774f434-0ad1-462e-af15-84bd84bd91e9:group-07E0A932FC44 changes role from FOLLOWER to FOLLOWER at term 1 for recognizeCandidate:2748af54-33a5-4620-a4be-2202c3ceebf6
2019-06-12 13:41:17,094 INFO  impl.RoleInfo (RoleInfo.java:shutdownFollowerState(121)) - f774f434-0ad1-462e-af15-84bd84bd91e9: shutdown FollowerState
2019-06-12 13:41:17,094 INFO  impl.RoleInfo (RoleInfo.java:updateAndGet(143)) - f774f434-0ad1-462e-af15-84bd84bd91e9: start FollowerState
2019-06-12 13:41:17,094 INFO  impl.FollowerState (FollowerState.java:run(109)) - f774f434-0ad1-462e-af15-84bd84bd91e9: FollowerState was interrupted: java.lang.InterruptedException: sleep interrupted
2019-06-12 13:41:17,095 INFO  impl.LeaderElection (LeaderElection.java:logAndReturn(56)) - 2748af54-33a5-4620-a4be-2202c3ceebf6:group-07E0A932FC44:LeaderElection34: Election PASSED; received 1 response(s) [2748af54-33a5-4620-a4be-2202c3ceebf6->9e931dfc-5b3d-42f4-90f5-b6eeec8695f1,true-t1] and 0 exception(s); 2748af54-33a5-4620-a4be-2202c3ceebf6:t1, leader=null, voted=2748af54-33a5-4620-a4be-2202c3ceebf6, raftlog=2748af54-33a5-4620-a4be-2202c3ceebf6-SegmentedRaftLog:OPENED:c-1,f-1,i0, conf=-1: [f774f434-0ad1-462e-af15-84bd84bd91e9:192.168.19.46:32903, 2748af54-33a5-4620-a4be-2202c3ceebf6:192.168.19.46:37405, 9e931dfc-5b3d-42f4-90f5-b6eeec8695f1:192.168.19.46:45939], old=null
2019-06-12 13:41:17,095 INFO  impl.RoleInfo (RoleInfo.java:shutdownLeaderElection(134)) - 2748af54-33a5-4620-a4be-2202c3ceebf6: shutdown LeaderElection
2019-06-12 13:41:17,095 INFO  impl.RaftServerImpl (RaftServerImpl.java:setRole(164)) - 2748af54-33a5-4620-a4be-2202c3ceebf6:group-07E0A932FC44 changes role from CANDIDATE to LEADER at term 1 for changeToLeader
2019-06-12 13:41:17,096 INFO  impl.RaftServerImpl (ServerState.java:setLeader(263)) - 2748af54-33a5-4620-a4be-2202c3ceebf6:group-07E0A932FC44 change Leader from null to 2748af54-33a5-4620-a4be-2202c3ceebf6 at term 1 for becomeLeader, leader elected after 1103ms
2019-06-12 13:41:17,096 INFO  server.RaftServerConfigKeys (ConfUtils.java:logGet(43)) - raft.server.staging.catchup.gap = 1000 (default)
2019-06-12 13:41:17,096 INFO  server.RaftServerConfigKeys (ConfUtils.java:logGet(43)) - raft.server.rpc.sleep.time = 25ms (default)
2019-06-12 13:41:17,096 INFO  server.RaftServerConfigKeys (ConfUtils.java:logGet(43)) - raft.server.watch.timeout = 10s (default)
2019-06-12 13:41:17,096 INFO  server.RaftServerConfigKeys (ConfUtils.java:logGet(43)) - raft.server.watch.timeout.denomination = 1s (default)
2019-06-12 13:41:17,096 INFO  server.RaftServerConfigKeys (ConfUtils.java:logGet(43)) - raft.server.log.appender.snapshot.chunk.size.max = 16MB (=16777216) (default)
2019-06-12 13:41:17,096 INFO  server.RaftServerConfigKeys (ConfUtils.java:logGet(43)) - raft.server.log.appender.buffer.byte-limit = 33554432 (custom)
2019-06-12 13:41:17,096 INFO  server.RaftServerConfigKeys (ConfUtils.java:logGet(43)) - raft.server.log.appender.buffer.element-limit = 1 (custom)
2019-06-12 13:41:17,096 INFO  grpc.GrpcConfigKeys$Server (ConfUtils.java:logGet(43)) - raft.grpc.server.leader.outstanding.appends.max = 128 (default)
2019-06-12 13:41:17,097 INFO  server.RaftServerConfigKeys (ConfUtils.java:logGet(43)) - raft.server.rpc.request.timeout = 3000ms (default)
2019-06-12 13:41:17,097 INFO  server.RaftServerConfigKeys (ConfUtils.java:logGet(43)) - raft.server.log.appender.install.snapshot.enabled = true (default)
2019-06-12 13:41:17,097 INFO  server.RaftServerConfigKeys (ConfUtils.java:logGet(43)) - raft.server.log.appender.snapshot.chunk.size.max = 16MB (=16777216) (default)
2019-06-12 13:41:17,097 INFO  server.RaftServerConfigKeys (ConfUtils.java:logGet(43)) - raft.server.log.appender.buffer.byte-limit = 33554432 (custom)
2019-06-12 13:41:17,097 INFO  server.RaftServerConfigKeys (ConfUtils.java:logGet(43)) - raft.server.log.appender.buffer.element-limit = 1 (custom)
2019-06-12 13:41:17,097 INFO  grpc.GrpcConfigKeys$Server (ConfUtils.java:logGet(43)) - raft.grpc.server.leader.outstanding.appends.max = 128 (default)
2019-06-12 13:41:17,097 INFO  server.RaftServerConfigKeys (ConfUtils.java:logGet(43)) - raft.server.rpc.request.timeout = 3000ms (default)
2019-06-12 13:41:17,097 INFO  server.RaftServerConfigKeys (ConfUtils.java:logGet(43)) - raft.server.log.appender.install.snapshot.enabled = true (default)
2019-06-12 13:41:17,098 INFO  impl.RoleInfo (RoleInfo.java:updateAndGet(143)) - 2748af54-33a5-4620-a4be-2202c3ceebf6: start LeaderState
2019-06-12 13:41:17,098 INFO  storage.RaftLogWorker (RaftLogWorker.java:startLogSegment(298)) - 2748af54-33a5-4620-a4be-2202c3ceebf6-RaftLogWorker: Starting segment from index:0
2019-06-12 13:41:17,098 INFO  impl.RaftServerImpl (ServerState.java:setRaftConf(361)) - 2748af54-33a5-4620-a4be-2202c3ceebf6:group-07E0A932FC44 set configuration 0: [f774f434-0ad1-462e-af15-84bd84bd91e9:192.168.19.46:32903, 2748af54-33a5-4620-a4be-2202c3ceebf6:192.168.19.46:37405, 9e931dfc-5b3d-42f4-90f5-b6eeec8695f1:192.168.19.46:45939], old=null at 0
2019-06-12 13:41:17,118 INFO  impl.RaftServerImpl (ServerState.java:setLeader(263)) - 9e931dfc-5b3d-42f4-90f5-b6eeec8695f1:group-07E0A932FC44 change Leader from null to 2748af54-33a5-4620-a4be-2202c3ceebf6 at term 1 for appendEntries, leader elected after 1127ms
2019-06-12 13:41:17,118 INFO  impl.RaftServerImpl (ServerState.java:setLeader(263)) - f774f434-0ad1-462e-af15-84bd84bd91e9:group-07E0A932FC44 change Leader from null to 2748af54-33a5-4620-a4be-2202c3ceebf6 at term 1 for appendEntries, leader elected after 1127ms
2019-06-12 13:41:17,122 INFO  impl.RaftServerImpl (ServerState.java:setRaftConf(361)) - 9e931dfc-5b3d-42f4-90f5-b6eeec8695f1:group-07E0A932FC44 set configuration 0: [f774f434-0ad1-462e-af15-84bd84bd91e9:192.168.19.46:32903, 2748af54-33a5-4620-a4be-2202c3ceebf6:192.168.19.46:37405, 9e931dfc-5b3d-42f4-90f5-b6eeec8695f1:192.168.19.46:45939], old=null at 0
2019-06-12 13:41:17,122 INFO  storage.RaftLogWorker (RaftLogWorker.java:startLogSegment(298)) - 9e931dfc-5b3d-42f4-90f5-b6eeec8695f1-RaftLogWorker: Starting segment from index:0
2019-06-12 13:41:17,124 INFO  impl.RaftServerImpl (ServerState.java:setRaftConf(361)) - f774f434-0ad1-462e-af15-84bd84bd91e9:group-07E0A932FC44 set configuration 0: [f774f434-0ad1-462e-af15-84bd84bd91e9:192.168.19.46:32903, 2748af54-33a5-4620-a4be-2202c3ceebf6:192.168.19.46:37405, 9e931dfc-5b3d-42f4-90f5-b6eeec8695f1:192.168.19.46:45939], old=null at 0
2019-06-12 13:41:17,124 INFO  storage.RaftLogWorker (RaftLogWorker.java:startLogSegment(298)) - f774f434-0ad1-462e-af15-84bd84bd91e9-RaftLogWorker: Starting segment from index:0
2019-06-12 13:41:17,141 INFO  storage.RaftLogWorker (RaftLogWorker.java:execute(469)) - 2748af54-33a5-4620-a4be-2202c3ceebf6-RaftLogWorker: created new log segment /opt/src/hadoop-ozone/integration-test/target/test-dir/MiniOzoneClusterImpl-0fefaf49-817a-484d-ad74-9fcb43e2238a/datanode-1/data/ratis/b2908b75-b874-473b-baf6-07e0a932fc44/current/log_inprogress_0
2019-06-12 13:41:17,155 INFO  impl.FollowerState (FollowerState.java:run(101)) - 9e931dfc-5b3d-42f4-90f5-b6eeec8695f1:group-A98919E3C39A changes to CANDIDATE, lastRpcTime:1183, electionTimeout:1183ms
2019-06-12 13:41:17,155 INFO  impl.RoleInfo (RoleInfo.java:shutdownFollowerState(121)) - 9e931dfc-5b3d-42f4-90f5-b6eeec8695f1: shutdown FollowerState
2019-06-12 13:41:17,155 INFO  impl.RaftServerImpl (RaftServerImpl.java:setRole(164)) - 9e931dfc-5b3d-42f4-90f5-b6eeec8695f1:group-A98919E3C39A changes role from FOLLOWER to CANDIDATE at term 0 for changeToCandidate
2019-06-12 13:41:17,155 INFO  impl.RoleInfo (RoleInfo.java:updateAndGet(143)) - 9e931dfc-5b3d-42f4-90f5-b6eeec8695f1: start LeaderElection
2019-06-12 13:41:17,173 INFO  storage.RaftLogWorker (RaftLogWorker.java:execute(469)) - 9e931dfc-5b3d-42f4-90f5-b6eeec8695f1-RaftLogWorker: created new log segment /opt/src/hadoop-ozone/integration-test/target/test-dir/MiniOzoneClusterImpl-0fefaf49-817a-484d-ad74-9fcb43e2238a/datanode-2/data/ratis/b2908b75-b874-473b-baf6-07e0a932fc44/current/log_inprogress_0
2019-06-12 13:41:17,173 INFO  impl.LeaderElection (LeaderElection.java:askForVotes(181)) - 9e931dfc-5b3d-42f4-90f5-b6eeec8695f1:group-A98919E3C39A:LeaderElection35: begin an election at term 1 for -1: [9e931dfc-5b3d-42f4-90f5-b6eeec8695f1:192.168.19.46:45939], old=null
2019-06-12 13:41:17,173 INFO  storage.RaftLogWorker (RaftLogWorker.java:execute(469)) - f774f434-0ad1-462e-af15-84bd84bd91e9-RaftLogWorker: created new log segment /opt/src/hadoop-ozone/integration-test/target/test-dir/MiniOzoneClusterImpl-0fefaf49-817a-484d-ad74-9fcb43e2238a/datanode-0/data/ratis/b2908b75-b874-473b-baf6-07e0a932fc44/current/log_inprogress_0
2019-06-12 13:41:17,173 INFO  impl.RoleInfo (RoleInfo.java:shutdownLeaderElection(134)) - 9e931dfc-5b3d-42f4-90f5-b6eeec8695f1: shutdown LeaderElection
2019-06-12 13:41:17,173 INFO  impl.RaftServerImpl (RaftServerImpl.java:setRole(164)) - 9e931dfc-5b3d-42f4-90f5-b6eeec8695f1:group-A98919E3C39A changes role from CANDIDATE to LEADER at term 1 for changeToLeader
2019-06-12 13:41:17,174 INFO  impl.RaftServerImpl (ServerState.java:setLeader(263)) - 9e931dfc-5b3d-42f4-90f5-b6eeec8695f1:group-A98919E3C39A change Leader from null to 9e931dfc-5b3d-42f4-90f5-b6eeec8695f1 at term 1 for becomeLeader, leader elected after 1203ms
2019-06-12 13:41:17,174 INFO  server.RaftServerConfigKeys (ConfUtils.java:logGet(43)) - raft.server.staging.catchup.gap = 1000 (default)
2019-06-12 13:41:17,174 INFO  server.RaftServerConfigKeys (ConfUtils.java:logGet(43)) - raft.server.rpc.sleep.time = 25ms (default)
2019-06-12 13:41:17,174 INFO  server.RaftServerConfigKeys (ConfUtils.java:logGet(43)) - raft.server.watch.timeout = 10s (default)
2019-06-12 13:41:17,174 INFO  server.RaftServerConfigKeys (ConfUtils.java:logGet(43)) - raft.server.watch.timeout.denomination = 1s (default)
2019-06-12 13:41:17,174 INFO  impl.RoleInfo (RoleInfo.java:updateAndGet(143)) - 9e931dfc-5b3d-42f4-90f5-b6eeec8695f1: start LeaderState
2019-06-12 13:41:17,174 INFO  storage.RaftLogWorker (RaftLogWorker.java:startLogSegment(298)) - 9e931dfc-5b3d-42f4-90f5-b6eeec8695f1-RaftLogWorker: Starting segment from index:0
2019-06-12 13:41:17,175 INFO  impl.RaftServerImpl (ServerState.java:setRaftConf(361)) - 9e931dfc-5b3d-42f4-90f5-b6eeec8695f1:group-A98919E3C39A set configuration 0: [9e931dfc-5b3d-42f4-90f5-b6eeec8695f1:192.168.19.46:45939], old=null at 0
2019-06-12 13:41:17,210 INFO  storage.RaftLogWorker (RaftLogWorker.java:execute(469)) - 9e931dfc-5b3d-42f4-90f5-b6eeec8695f1-RaftLogWorker: created new log segment /opt/src/hadoop-ozone/integration-test/target/test-dir/MiniOzoneClusterImpl-0fefaf49-817a-484d-ad74-9fcb43e2238a/datanode-2/data/ratis/ae945ace-3e54-4aad-91fb-a98919e3c39a/current/log_inprogress_0
2019-06-12 13:41:17,260 INFO  impl.FollowerState (FollowerState.java:run(101)) - f3fff7bd-3949-400e-9b0d-e25fcfcb177b:group-D5550051AEF6 changes to CANDIDATE, lastRpcTime:1141, electionTimeout:1141ms
2019-06-12 13:41:17,260 INFO  impl.RoleInfo (RoleInfo.java:shutdownFollowerState(121)) - f3fff7bd-3949-400e-9b0d-e25fcfcb177b: shutdown FollowerState
2019-06-12 13:41:17,260 INFO  impl.RaftServerImpl (RaftServerImpl.java:setRole(164)) - f3fff7bd-3949-400e-9b0d-e25fcfcb177b:group-D5550051AEF6 changes role from FOLLOWER to CANDIDATE at term 0 for changeToCandidate
2019-06-12 13:41:17,260 INFO  impl.RoleInfo (RoleInfo.java:updateAndGet(143)) - f3fff7bd-3949-400e-9b0d-e25fcfcb177b: start LeaderElection
2019-06-12 13:41:17,266 INFO  impl.LeaderElection (LeaderElection.java:askForVotes(181)) - f3fff7bd-3949-400e-9b0d-e25fcfcb177b:group-D5550051AEF6:LeaderElection36: begin an election at term 1 for -1: [f3fff7bd-3949-400e-9b0d-e25fcfcb177b:192.168.19.46:33359], old=null
2019-06-12 13:41:17,266 INFO  impl.RoleInfo (RoleInfo.java:shutdownLeaderElection(134)) - f3fff7bd-3949-400e-9b0d-e25fcfcb177b: shutdown LeaderElection
2019-06-12 13:41:17,266 INFO  impl.RaftServerImpl (RaftServerImpl.java:setRole(164)) - f3fff7bd-3949-400e-9b0d-e25fcfcb177b:group-D5550051AEF6 changes role from CANDIDATE to LEADER at term 1 for changeToLeader
2019-06-12 13:41:17,266 INFO  impl.RaftServerImpl (ServerState.java:setLeader(263)) - f3fff7bd-3949-400e-9b0d-e25fcfcb177b:group-D5550051AEF6 change Leader from null to f3fff7bd-3949-400e-9b0d-e25fcfcb177b at term 1 for becomeLeader, leader elected after 1149ms
2019-06-12 13:41:17,266 INFO  server.RaftServerConfigKeys (ConfUtils.java:logGet(43)) - raft.server.staging.catchup.gap = 1000 (default)
2019-06-12 13:41:17,266 INFO  server.RaftServerConfigKeys (ConfUtils.java:logGet(43)) - raft.server.rpc.sleep.time = 25ms (default)
2019-06-12 13:41:17,266 INFO  server.RaftServerConfigKeys (ConfUtils.java:logGet(43)) - raft.server.watch.timeout = 10s (default)
2019-06-12 13:41:17,266 INFO  server.RaftServerConfigKeys (ConfUtils.java:logGet(43)) - raft.server.watch.timeout.denomination = 1s (default)
2019-06-12 13:41:17,266 INFO  impl.RoleInfo (RoleInfo.java:updateAndGet(143)) - f3fff7bd-3949-400e-9b0d-e25fcfcb177b: start LeaderState
2019-06-12 13:41:17,267 INFO  storage.RaftLogWorker (RaftLogWorker.java:startLogSegment(298)) - f3fff7bd-3949-400e-9b0d-e25fcfcb177b-RaftLogWorker: Starting segment from index:0
2019-06-12 13:41:17,267 INFO  impl.RaftServerImpl (ServerState.java:setRaftConf(361)) - f3fff7bd-3949-400e-9b0d-e25fcfcb177b:group-D5550051AEF6 set configuration 0: [f3fff7bd-3949-400e-9b0d-e25fcfcb177b:192.168.19.46:33359], old=null at 0
2019-06-12 13:41:17,304 INFO  storage.RaftLogWorker (RaftLogWorker.java:execute(469)) - f3fff7bd-3949-400e-9b0d-e25fcfcb177b-RaftLogWorker: created new log segment /opt/src/hadoop-ozone/integration-test/target/test-dir/MiniOzoneClusterImpl-0fefaf49-817a-484d-ad74-9fcb43e2238a/datanode-3/data/ratis/ffab278d-1027-46aa-963b-d5550051aef6/current/log_inprogress_0
2019-06-12 13:41:17,413 INFO  impl.FollowerState (FollowerState.java:run(101)) - 3c4f6f6b-6bae-4896-a387-bc1a7103eceb:group-7743DEE1D3F4 changes to CANDIDATE, lastRpcTime:1132, electionTimeout:1132ms
2019-06-12 13:41:17,413 INFO  impl.RoleInfo (RoleInfo.java:shutdownFollowerState(121)) - 3c4f6f6b-6bae-4896-a387-bc1a7103eceb: shutdown FollowerState
2019-06-12 13:41:17,413 INFO  impl.RaftServerImpl (RaftServerImpl.java:setRole(164)) - 3c4f6f6b-6bae-4896-a387-bc1a7103eceb:group-7743DEE1D3F4 changes role from FOLLOWER to CANDIDATE at term 0 for changeToCandidate
2019-06-12 13:41:17,413 INFO  impl.RoleInfo (RoleInfo.java:updateAndGet(143)) - 3c4f6f6b-6bae-4896-a387-bc1a7103eceb: start LeaderElection
2019-06-12 13:41:17,419 INFO  impl.LeaderElection (LeaderElection.java:askForVotes(181)) - 3c4f6f6b-6bae-4896-a387-bc1a7103eceb:group-7743DEE1D3F4:LeaderElection37: begin an election at term 1 for -1: [3c4f6f6b-6bae-4896-a387-bc1a7103eceb:192.168.19.46:41465], old=null
2019-06-12 13:41:17,419 INFO  impl.RoleInfo (RoleInfo.java:shutdownLeaderElection(134)) - 3c4f6f6b-6bae-4896-a387-bc1a7103eceb: shutdown LeaderElection
2019-06-12 13:41:17,419 INFO  impl.RaftServerImpl (RaftServerImpl.java:setRole(164)) - 3c4f6f6b-6bae-4896-a387-bc1a7103eceb:group-7743DEE1D3F4 changes role from CANDIDATE to LEADER at term 1 for changeToLeader
2019-06-12 13:41:17,419 INFO  impl.RaftServerImpl (ServerState.java:setLeader(263)) - 3c4f6f6b-6bae-4896-a387-bc1a7103eceb:group-7743DEE1D3F4 change Leader from null to 3c4f6f6b-6bae-4896-a387-bc1a7103eceb at term 1 for becomeLeader, leader elected after 1140ms
2019-06-12 13:41:17,419 INFO  server.RaftServerConfigKeys (ConfUtils.java:logGet(43)) - raft.server.staging.catchup.gap = 1000 (default)
2019-06-12 13:41:17,419 INFO  server.RaftServerConfigKeys (ConfUtils.java:logGet(43)) - raft.server.rpc.sleep.time = 25ms (default)
2019-06-12 13:41:17,419 INFO  server.RaftServerConfigKeys (ConfUtils.java:logGet(43)) - raft.server.watch.timeout = 10s (default)
2019-06-12 13:41:17,419 INFO  server.RaftServerConfigKeys (ConfUtils.java:logGet(43)) - raft.server.watch.timeout.denomination = 1s (default)
2019-06-12 13:41:17,419 INFO  impl.RoleInfo (RoleInfo.java:updateAndGet(143)) - 3c4f6f6b-6bae-4896-a387-bc1a7103eceb: start LeaderState
2019-06-12 13:41:17,420 INFO  storage.RaftLogWorker (RaftLogWorker.java:startLogSegment(298)) - 3c4f6f6b-6bae-4896-a387-bc1a7103eceb-RaftLogWorker: Starting segment from index:0
2019-06-12 13:41:17,420 INFO  impl.RaftServerImpl (ServerState.java:setRaftConf(361)) - 3c4f6f6b-6bae-4896-a387-bc1a7103eceb:group-7743DEE1D3F4 set configuration 0: [3c4f6f6b-6bae-4896-a387-bc1a7103eceb:192.168.19.46:41465], old=null at 0
2019-06-12 13:41:17,460 INFO  storage.RaftLogWorker (RaftLogWorker.java:execute(469)) - 3c4f6f6b-6bae-4896-a387-bc1a7103eceb-RaftLogWorker: created new log segment /opt/src/hadoop-ozone/integration-test/target/test-dir/MiniOzoneClusterImpl-0fefaf49-817a-484d-ad74-9fcb43e2238a/datanode-4/data/ratis/dc675af0-de91-435c-be60-7743dee1d3f4/current/log_inprogress_0
2019-06-12 13:41:17,496 INFO  impl.FollowerState (FollowerState.java:run(101)) - 40d61cb6-2cb9-46eb-b78e-34a5a87f0b29:group-2D5D54A20D92 changes to CANDIDATE, lastRpcTime:1013, electionTimeout:1013ms
2019-06-12 13:41:17,496 INFO  impl.RoleInfo (RoleInfo.java:shutdownFollowerState(121)) - 40d61cb6-2cb9-46eb-b78e-34a5a87f0b29: shutdown FollowerState
2019-06-12 13:41:17,496 INFO  impl.RaftServerImpl (RaftServerImpl.java:setRole(164)) - 40d61cb6-2cb9-46eb-b78e-34a5a87f0b29:group-2D5D54A20D92 changes role from FOLLOWER to CANDIDATE at term 0 for changeToCandidate
2019-06-12 13:41:17,496 INFO  impl.RoleInfo (RoleInfo.java:updateAndGet(143)) - 40d61cb6-2cb9-46eb-b78e-34a5a87f0b29: start LeaderElection
2019-06-12 13:41:17,502 INFO  impl.LeaderElection (LeaderElection.java:askForVotes(181)) - 40d61cb6-2cb9-46eb-b78e-34a5a87f0b29:group-2D5D54A20D92:LeaderElection38: begin an election at term 1 for -1: [f3fff7bd-3949-400e-9b0d-e25fcfcb177b:192.168.19.46:33359, 40d61cb6-2cb9-46eb-b78e-34a5a87f0b29:192.168.19.46:42389, 3c4f6f6b-6bae-4896-a387-bc1a7103eceb:192.168.19.46:41465], old=null
2019-06-12 13:41:17,509 INFO  impl.RaftServerImpl (RaftServerImpl.java:setRole(164)) - f3fff7bd-3949-400e-9b0d-e25fcfcb177b:group-2D5D54A20D92 changes role from FOLLOWER to FOLLOWER at term 1 for recognizeCandidate:40d61cb6-2cb9-46eb-b78e-34a5a87f0b29
2019-06-12 13:41:17,510 INFO  impl.RoleInfo (RoleInfo.java:shutdownFollowerState(121)) - f3fff7bd-3949-400e-9b0d-e25fcfcb177b: shutdown FollowerState
2019-06-12 13:41:17,511 INFO  impl.RaftServerImpl (RaftServerImpl.java:setRole(164)) - 3c4f6f6b-6bae-4896-a387-bc1a7103eceb:group-2D5D54A20D92 changes role from FOLLOWER to FOLLOWER at term 1 for recognizeCandidate:40d61cb6-2cb9-46eb-b78e-34a5a87f0b29
2019-06-12 13:41:17,511 INFO  impl.RoleInfo (RoleInfo.java:shutdownFollowerState(121)) - 3c4f6f6b-6bae-4896-a387-bc1a7103eceb: shutdown FollowerState
2019-06-12 13:41:17,511 INFO  impl.RoleInfo (RoleInfo.java:updateAndGet(143)) - f3fff7bd-3949-400e-9b0d-e25fcfcb177b: start FollowerState
2019-06-12 13:41:17,511 INFO  impl.FollowerState (FollowerState.java:run(109)) - f3fff7bd-3949-400e-9b0d-e25fcfcb177b: FollowerState was interrupted: java.lang.InterruptedException: sleep interrupted
2019-06-12 13:41:17,511 INFO  impl.FollowerState (FollowerState.java:run(109)) - 3c4f6f6b-6bae-4896-a387-bc1a7103eceb: FollowerState was interrupted: java.lang.InterruptedException: sleep interrupted
2019-06-12 13:41:17,511 INFO  impl.RoleInfo (RoleInfo.java:updateAndGet(143)) - 3c4f6f6b-6bae-4896-a387-bc1a7103eceb: start FollowerState
2019-06-12 13:41:17,515 INFO  impl.LeaderElection (LeaderElection.java:logAndReturn(56)) - 40d61cb6-2cb9-46eb-b78e-34a5a87f0b29:group-2D5D54A20D92:LeaderElection38: Election PASSED; received 1 response(s) [40d61cb6-2cb9-46eb-b78e-34a5a87f0b29->f3fff7bd-3949-400e-9b0d-e25fcfcb177b,true-t1] and 0 exception(s); 40d61cb6-2cb9-46eb-b78e-34a5a87f0b29:t1, leader=null, voted=40d61cb6-2cb9-46eb-b78e-34a5a87f0b29, raftlog=40d61cb6-2cb9-46eb-b78e-34a5a87f0b29-SegmentedRaftLog:OPENED:c-1,f-1,i0, conf=-1: [f3fff7bd-3949-400e-9b0d-e25fcfcb177b:192.168.19.46:33359, 40d61cb6-2cb9-46eb-b78e-34a5a87f0b29:192.168.19.46:42389, 3c4f6f6b-6bae-4896-a387-bc1a7103eceb:192.168.19.46:41465], old=null
2019-06-12 13:41:17,515 INFO  impl.RoleInfo (RoleInfo.java:shutdownLeaderElection(134)) - 40d61cb6-2cb9-46eb-b78e-34a5a87f0b29: shutdown LeaderElection
2019-06-12 13:41:17,515 INFO  impl.RaftServerImpl (RaftServerImpl.java:setRole(164)) - 40d61cb6-2cb9-46eb-b78e-34a5a87f0b29:group-2D5D54A20D92 changes role from CANDIDATE to LEADER at term 1 for changeToLeader
2019-06-12 13:41:17,515 INFO  impl.RaftServerImpl (ServerState.java:setLeader(263)) - 40d61cb6-2cb9-46eb-b78e-34a5a87f0b29:group-2D5D54A20D92 change Leader from null to 40d61cb6-2cb9-46eb-b78e-34a5a87f0b29 at term 1 for becomeLeader, leader elected after 1035ms
2019-06-12 13:41:17,515 INFO  server.RaftServerConfigKeys (ConfUtils.java:logGet(43)) - raft.server.staging.catchup.gap = 1000 (default)
2019-06-12 13:41:17,516 INFO  server.RaftServerConfigKeys (ConfUtils.java:logGet(43)) - raft.server.rpc.sleep.time = 25ms (default)
2019-06-12 13:41:17,516 INFO  server.RaftServerConfigKeys (ConfUtils.java:logGet(43)) - raft.server.watch.timeout = 10s (default)
2019-06-12 13:41:17,516 INFO  server.RaftServerConfigKeys (ConfUtils.java:logGet(43)) - raft.server.watch.timeout.denomination = 1s (default)
2019-06-12 13:41:17,516 INFO  server.RaftServerConfigKeys (ConfUtils.java:logGet(43)) - raft.server.log.appender.snapshot.chunk.size.max = 16MB (=16777216) (default)
2019-06-12 13:41:17,516 INFO  server.RaftServerConfigKeys (ConfUtils.java:logGet(43)) - raft.server.log.appender.buffer.byte-limit = 33554432 (custom)
2019-06-12 13:41:17,516 INFO  server.RaftServerConfigKeys (ConfUtils.java:logGet(43)) - raft.server.log.appender.buffer.element-limit = 1 (custom)
2019-06-12 13:41:17,516 INFO  grpc.GrpcConfigKeys$Server (ConfUtils.java:logGet(43)) - raft.grpc.server.leader.outstanding.appends.max = 128 (default)
2019-06-12 13:41:17,516 INFO  server.RaftServerConfigKeys (ConfUtils.java:logGet(43)) - raft.server.rpc.request.timeout = 3000ms (default)
2019-06-12 13:41:17,516 INFO  server.RaftServerConfigKeys (ConfUtils.java:logGet(43)) - raft.server.log.appender.install.snapshot.enabled = true (default)
2019-06-12 13:41:17,516 INFO  server.RaftServerConfigKeys (ConfUtils.java:logGet(43)) - raft.server.log.appender.snapshot.chunk.size.max = 16MB (=16777216) (default)
2019-06-12 13:41:17,517 INFO  server.RaftServerConfigKeys (ConfUtils.java:logGet(43)) - raft.server.log.appender.buffer.byte-limit = 33554432 (custom)
2019-06-12 13:41:17,517 INFO  server.RaftServerConfigKeys (ConfUtils.java:logGet(43)) - raft.server.log.appender.buffer.element-limit = 1 (custom)
2019-06-12 13:41:17,517 INFO  grpc.GrpcConfigKeys$Server (ConfUtils.java:logGet(43)) - raft.grpc.server.leader.outstanding.appends.max = 128 (default)
2019-06-12 13:41:17,517 INFO  server.RaftServerConfigKeys (ConfUtils.java:logGet(43)) - raft.server.rpc.request.timeout = 3000ms (default)
2019-06-12 13:41:17,517 INFO  server.RaftServerConfigKeys (ConfUtils.java:logGet(43)) - raft.server.log.appender.install.snapshot.enabled = true (default)
2019-06-12 13:41:17,517 INFO  impl.RoleInfo (RoleInfo.java:updateAndGet(143)) - 40d61cb6-2cb9-46eb-b78e-34a5a87f0b29: start LeaderState
2019-06-12 13:41:17,517 INFO  storage.RaftLogWorker (RaftLogWorker.java:startLogSegment(298)) - 40d61cb6-2cb9-46eb-b78e-34a5a87f0b29-RaftLogWorker: Starting segment from index:0
2019-06-12 13:41:17,521 INFO  impl.RaftServerImpl (ServerState.java:setRaftConf(361)) - 40d61cb6-2cb9-46eb-b78e-34a5a87f0b29:group-2D5D54A20D92 set configuration 0: [f3fff7bd-3949-400e-9b0d-e25fcfcb177b:192.168.19.46:33359, 40d61cb6-2cb9-46eb-b78e-34a5a87f0b29:192.168.19.46:42389, 3c4f6f6b-6bae-4896-a387-bc1a7103eceb:192.168.19.46:41465], old=null at 0
2019-06-12 13:41:17,529 INFO  impl.RaftServerImpl (ServerState.java:setLeader(263)) - 3c4f6f6b-6bae-4896-a387-bc1a7103eceb:group-2D5D54A20D92 change Leader from null to 40d61cb6-2cb9-46eb-b78e-34a5a87f0b29 at term 1 for appendEntries, leader elected after 1047ms
2019-06-12 13:41:17,529 INFO  impl.RaftServerImpl (ServerState.java:setLeader(263)) - f3fff7bd-3949-400e-9b0d-e25fcfcb177b:group-2D5D54A20D92 change Leader from null to 40d61cb6-2cb9-46eb-b78e-34a5a87f0b29 at term 1 for appendEntries, leader elected after 1051ms
2019-06-12 13:41:17,560 INFO  storage.RaftLogWorker (RaftLogWorker.java:execute(469)) - 40d61cb6-2cb9-46eb-b78e-34a5a87f0b29-RaftLogWorker: created new log segment /opt/src/hadoop-ozone/integration-test/target/test-dir/MiniOzoneClusterImpl-0fefaf49-817a-484d-ad74-9fcb43e2238a/datanode-5/data/ratis/1465a003-f576-4881-9ab0-2d5d54a20d92/current/log_inprogress_0
2019-06-12 13:41:17,561 INFO  impl.RaftServerImpl (ServerState.java:setRaftConf(361)) - 3c4f6f6b-6bae-4896-a387-bc1a7103eceb:group-2D5D54A20D92 set configuration 0: [f3fff7bd-3949-400e-9b0d-e25fcfcb177b:192.168.19.46:33359, 40d61cb6-2cb9-46eb-b78e-34a5a87f0b29:192.168.19.46:42389, 3c4f6f6b-6bae-4896-a387-bc1a7103eceb:192.168.19.46:41465], old=null at 0
2019-06-12 13:41:17,562 INFO  storage.RaftLogWorker (RaftLogWorker.java:startLogSegment(298)) - 3c4f6f6b-6bae-4896-a387-bc1a7103eceb-RaftLogWorker: Starting segment from index:0
2019-06-12 13:41:17,566 INFO  impl.RaftServerImpl (ServerState.java:setRaftConf(361)) - f3fff7bd-3949-400e-9b0d-e25fcfcb177b:group-2D5D54A20D92 set configuration 0: [f3fff7bd-3949-400e-9b0d-e25fcfcb177b:192.168.19.46:33359, 40d61cb6-2cb9-46eb-b78e-34a5a87f0b29:192.168.19.46:42389, 3c4f6f6b-6bae-4896-a387-bc1a7103eceb:192.168.19.46:41465], old=null at 0
2019-06-12 13:41:17,566 INFO  storage.RaftLogWorker (RaftLogWorker.java:startLogSegment(298)) - f3fff7bd-3949-400e-9b0d-e25fcfcb177b-RaftLogWorker: Starting segment from index:0
2019-06-12 13:41:17,599 INFO  storage.RaftLogWorker (RaftLogWorker.java:execute(469)) - 3c4f6f6b-6bae-4896-a387-bc1a7103eceb-RaftLogWorker: created new log segment /opt/src/hadoop-ozone/integration-test/target/test-dir/MiniOzoneClusterImpl-0fefaf49-817a-484d-ad74-9fcb43e2238a/datanode-4/data/ratis/1465a003-f576-4881-9ab0-2d5d54a20d92/current/log_inprogress_0
2019-06-12 13:41:17,605 INFO  storage.RaftLogWorker (RaftLogWorker.java:execute(469)) - f3fff7bd-3949-400e-9b0d-e25fcfcb177b-RaftLogWorker: created new log segment /opt/src/hadoop-ozone/integration-test/target/test-dir/MiniOzoneClusterImpl-0fefaf49-817a-484d-ad74-9fcb43e2238a/datanode-3/data/ratis/1465a003-f576-4881-9ab0-2d5d54a20d92/current/log_inprogress_0
2019-06-12 13:41:17,607 INFO  ozone.MiniOzoneClusterImpl (MiniOzoneClusterImpl.java:lambda$waitForClusterToBeReady$0(142)) - Cluster is ready. Got 7 of 7 DN Heartbeats.
2019-06-12 13:41:17,607 INFO  impl.FollowerState (FollowerState.java:run(101)) - 40d61cb6-2cb9-46eb-b78e-34a5a87f0b29:group-9C7D23BBFF4E changes to CANDIDATE, lastRpcTime:1151, electionTimeout:1151ms
2019-06-12 13:41:17,607 INFO  impl.RoleInfo (RoleInfo.java:shutdownFollowerState(121)) - 40d61cb6-2cb9-46eb-b78e-34a5a87f0b29: shutdown FollowerState
2019-06-12 13:41:17,607 INFO  impl.RaftServerImpl (RaftServerImpl.java:setRole(164)) - 40d61cb6-2cb9-46eb-b78e-34a5a87f0b29:group-9C7D23BBFF4E changes role from FOLLOWER to CANDIDATE at term 0 for changeToCandidate
2019-06-12 13:41:17,607 INFO  impl.RoleInfo (RoleInfo.java:updateAndGet(143)) - 40d61cb6-2cb9-46eb-b78e-34a5a87f0b29: start LeaderElection
2019-06-12 13:41:17,615 INFO  impl.LeaderElection (LeaderElection.java:askForVotes(181)) - 40d61cb6-2cb9-46eb-b78e-34a5a87f0b29:group-9C7D23BBFF4E:LeaderElection39: begin an election at term 1 for -1: [40d61cb6-2cb9-46eb-b78e-34a5a87f0b29:192.168.19.46:42389], old=null
2019-06-12 13:41:17,615 INFO  impl.RoleInfo (RoleInfo.java:shutdownLeaderElection(134)) - 40d61cb6-2cb9-46eb-b78e-34a5a87f0b29: shutdown LeaderElection
2019-06-12 13:41:17,615 INFO  impl.RaftServerImpl (RaftServerImpl.java:setRole(164)) - 40d61cb6-2cb9-46eb-b78e-34a5a87f0b29:group-9C7D23BBFF4E changes role from CANDIDATE to LEADER at term 1 for changeToLeader
2019-06-12 13:41:17,616 INFO  impl.RaftServerImpl (ServerState.java:setLeader(263)) - 40d61cb6-2cb9-46eb-b78e-34a5a87f0b29:group-9C7D23BBFF4E change Leader from null to 40d61cb6-2cb9-46eb-b78e-34a5a87f0b29 at term 1 for becomeLeader, leader elected after 1161ms
2019-06-12 13:41:17,616 INFO  server.RaftServerConfigKeys (ConfUtils.java:logGet(43)) - raft.server.staging.catchup.gap = 1000 (default)
2019-06-12 13:41:17,616 INFO  server.RaftServerConfigKeys (ConfUtils.java:logGet(43)) - raft.server.rpc.sleep.time = 25ms (default)
2019-06-12 13:41:17,616 INFO  server.RaftServerConfigKeys (ConfUtils.java:logGet(43)) - raft.server.watch.timeout = 10s (default)
2019-06-12 13:41:17,616 INFO  server.RaftServerConfigKeys (ConfUtils.java:logGet(43)) - raft.server.watch.timeout.denomination = 1s (default)
2019-06-12 13:41:17,616 INFO  impl.RoleInfo (RoleInfo.java:updateAndGet(143)) - 40d61cb6-2cb9-46eb-b78e-34a5a87f0b29: start LeaderState
2019-06-12 13:41:17,616 INFO  storage.RaftLogWorker (RaftLogWorker.java:startLogSegment(298)) - 40d61cb6-2cb9-46eb-b78e-34a5a87f0b29-RaftLogWorker: Starting segment from index:0
2019-06-12 13:41:17,618 INFO  impl.RaftServerImpl (ServerState.java:setRaftConf(361)) - 40d61cb6-2cb9-46eb-b78e-34a5a87f0b29:group-9C7D23BBFF4E set configuration 0: [40d61cb6-2cb9-46eb-b78e-34a5a87f0b29:192.168.19.46:42389], old=null at 0
2019-06-12 13:41:17,661 INFO  storage.RaftLogWorker (RaftLogWorker.java:execute(469)) - 40d61cb6-2cb9-46eb-b78e-34a5a87f0b29-RaftLogWorker: created new log segment /opt/src/hadoop-ozone/integration-test/target/test-dir/MiniOzoneClusterImpl-0fefaf49-817a-484d-ad74-9fcb43e2238a/datanode-5/data/ratis/0f69de9e-b488-45d1-9402-9c7d23bbff4e/current/log_inprogress_0
2019-06-12 13:41:17,666 INFO  rpc.RpcClient (RpcClient.java:createVolume(289)) - Creating Volume: watchforcommithandlingtest, with root as owner.
2019-06-12 13:41:17,675 INFO  rpc.RpcClient (RpcClient.java:createBucket(426)) - Creating Bucket: watchforcommithandlingtest/watchforcommithandlingtest, with Versioning false and Storage Type set to DISK and Encryption set to false 
2019-06-12 13:41:17,679 INFO  ozone.MiniOzoneClusterImpl (MiniOzoneClusterImpl.java:getStorageContainerLocationClient(241)) - Creating StorageContainerLocationProtocol RPC client with address /0.0.0.0:39711
2019-06-12 13:41:17,687 INFO  client.GrpcClientProtocolClient (GrpcClientProtocolClient.java:onNext(254)) - client-A763E026E650->f774f434-0ad1-462e-af15-84bd84bd91e9: receive RaftClientReply:client-A763E026E650->f774f434-0ad1-462e-af15-84bd84bd91e9@group-07E0A932FC44, cid=66, FAILED org.apache.ratis.protocol.NotLeaderException: Server f774f434-0ad1-462e-af15-84bd84bd91e9 is not the leader (2748af54-33a5-4620-a4be-2202c3ceebf6:192.168.19.46:37405). Request must be sent to leader., logIndex=0, commits[f774f434-0ad1-462e-af15-84bd84bd91e9:c0, 2748af54-33a5-4620-a4be-2202c3ceebf6:c0, 9e931dfc-5b3d-42f4-90f5-b6eeec8695f1:c-1]
2019-06-12 13:41:17,690 WARN  client.GrpcClientProtocolService (LogUtils.java:warn(134)) - 0-OrderedRequestStreamObserver0: onError: org.apache.ratis.thirdparty.io.grpc.StatusRuntimeException: CANCELLED: cancelled before receiving half close
2019-06-12 13:41:17,691 INFO  impl.FollowerState (FollowerState.java:run(101)) - 2b8519d3-f54a-4c77-9dba-c4d93fb770f8:group-B9B784E6BF81 changes to CANDIDATE, lastRpcTime:1061, electionTimeout:1061ms
2019-06-12 13:41:17,692 INFO  impl.RoleInfo (RoleInfo.java:shutdownFollowerState(121)) - 2b8519d3-f54a-4c77-9dba-c4d93fb770f8: shutdown FollowerState
2019-06-12 13:41:17,692 INFO  impl.RaftServerImpl (RaftServerImpl.java:setRole(164)) - 2b8519d3-f54a-4c77-9dba-c4d93fb770f8:group-B9B784E6BF81 changes role from FOLLOWER to CANDIDATE at term 0 for changeToCandidate
2019-06-12 13:41:17,693 INFO  impl.RoleInfo (RoleInfo.java:updateAndGet(143)) - 2b8519d3-f54a-4c77-9dba-c4d93fb770f8: start LeaderElection
2019-06-12 13:41:17,706 INFO  impl.LeaderElection (LeaderElection.java:askForVotes(181)) - 2b8519d3-f54a-4c77-9dba-c4d93fb770f8:group-B9B784E6BF81:LeaderElection40: begin an election at term 1 for -1: [2b8519d3-f54a-4c77-9dba-c4d93fb770f8:192.168.19.46:40169], old=null
2019-06-12 13:41:17,706 INFO  impl.RoleInfo (RoleInfo.java:shutdownLeaderElection(134)) - 2b8519d3-f54a-4c77-9dba-c4d93fb770f8: shutdown LeaderElection
2019-06-12 13:41:17,706 INFO  impl.RaftServerImpl (RaftServerImpl.java:setRole(164)) - 2b8519d3-f54a-4c77-9dba-c4d93fb770f8:group-B9B784E6BF81 changes role from CANDIDATE to LEADER at term 1 for changeToLeader
2019-06-12 13:41:17,706 INFO  impl.RaftServerImpl (ServerState.java:setLeader(263)) - 2b8519d3-f54a-4c77-9dba-c4d93fb770f8:group-B9B784E6BF81 change Leader from null to 2b8519d3-f54a-4c77-9dba-c4d93fb770f8 at term 1 for becomeLeader, leader elected after 1077ms
2019-06-12 13:41:17,706 INFO  server.RaftServerConfigKeys (ConfUtils.java:logGet(43)) - raft.server.staging.catchup.gap = 1000 (default)
2019-06-12 13:41:17,706 INFO  server.RaftServerConfigKeys (ConfUtils.java:logGet(43)) - raft.server.rpc.sleep.time = 25ms (default)
2019-06-12 13:41:17,706 INFO  server.RaftServerConfigKeys (ConfUtils.java:logGet(43)) - raft.server.watch.timeout = 10s (default)
2019-06-12 13:41:17,706 INFO  server.RaftServerConfigKeys (ConfUtils.java:logGet(43)) - raft.server.watch.timeout.denomination = 1s (default)
2019-06-12 13:41:17,706 INFO  impl.RoleInfo (RoleInfo.java:updateAndGet(143)) - 2b8519d3-f54a-4c77-9dba-c4d93fb770f8: start LeaderState
2019-06-12 13:41:17,706 INFO  storage.RaftLogWorker (RaftLogWorker.java:startLogSegment(298)) - 2b8519d3-f54a-4c77-9dba-c4d93fb770f8-RaftLogWorker: Starting segment from index:0
2019-06-12 13:41:17,707 INFO  impl.RaftServerImpl (ServerState.java:setRaftConf(361)) - 2b8519d3-f54a-4c77-9dba-c4d93fb770f8:group-B9B784E6BF81 set configuration 0: [2b8519d3-f54a-4c77-9dba-c4d93fb770f8:192.168.19.46:40169], old=null at 0
2019-06-12 13:41:17,742 INFO  storage.RaftLogWorker (RaftLogWorker.java:execute(469)) - 2b8519d3-f54a-4c77-9dba-c4d93fb770f8-RaftLogWorker: created new log segment /opt/src/hadoop-ozone/integration-test/target/test-dir/MiniOzoneClusterImpl-0fefaf49-817a-484d-ad74-9fcb43e2238a/datanode-6/data/ratis/79da1db4-237a-47a6-aa23-b9b784e6bf81/current/log_inprogress_0
2019-06-12 13:41:18,737 INFO  client.GrpcClientProtocolClient (GrpcClientProtocolClient.java:onNext(254)) - client-A763E026E650->2748af54-33a5-4620-a4be-2202c3ceebf6: receive RaftClientReply:client-A763E026E650->2748af54-33a5-4620-a4be-2202c3ceebf6@group-07E0A932FC44, cid=66, SUCCESS, logIndex=1, commits[2748af54-33a5-4620-a4be-2202c3ceebf6:c2, f774f434-0ad1-462e-af15-84bd84bd91e9:c1, 9e931dfc-5b3d-42f4-90f5-b6eeec8695f1:c1]
2019-06-12 13:41:18,737 INFO  datanode.ObjectStoreHandler (ObjectStoreHandler.java:close(155)) - Closing ObjectStoreHandler.
2019-06-12 13:41:18,738 INFO  ozone.HddsDatanodeService (HddsDatanodeService.java:stop(452)) - Stopped plug-in org.apache.hadoop.ozone.web.OzoneHddsDatanodeService@1805ca5c
2019-06-12 13:41:18,743 INFO  statemachine.DatanodeStateMachine (DatanodeStateMachine.java:lambda$startDaemon$0(350)) - Ozone container server started.
2019-06-12 13:41:18,744 INFO  ozoneimpl.OzoneContainer (OzoneContainer.java:stop(199)) - Attempting to stop container services.
2019-06-12 13:41:18,746 INFO  impl.RaftServerProxy (RaftServerProxy.java:lambda$close$4(314)) - f774f434-0ad1-462e-af15-84bd84bd91e9: close
2019-06-12 13:41:18,746 INFO  impl.RaftServerImpl (RaftServerImpl.java:lambda$shutdown$3(238)) - f774f434-0ad1-462e-af15-84bd84bd91e9: shutdown group-07E0A932FC44
2019-06-12 13:41:18,746 INFO  util.JmxRegister (JmxRegister.java:unregister(73)) - Successfully un-registered JMX Bean with object name Ratis:service=RaftServer,group=group-07E0A932FC44,id=f774f434-0ad1-462e-af15-84bd84bd91e9
2019-06-12 13:41:18,746 INFO  impl.RoleInfo (RoleInfo.java:shutdownFollowerState(121)) - f774f434-0ad1-462e-af15-84bd84bd91e9: shutdown FollowerState
2019-06-12 13:41:18,747 INFO  impl.StateMachineUpdater (StateMachineUpdater.java:stopAndJoin(109)) - StateMachineUpdater-f774f434-0ad1-462e-af15-84bd84bd91e9-group-07E0A932FC44: set stopIndex = 1
2019-06-12 13:41:18,747 INFO  impl.FollowerState (FollowerState.java:run(109)) - f774f434-0ad1-462e-af15-84bd84bd91e9: FollowerState was interrupted: java.lang.InterruptedException: sleep interrupted
2019-06-12 13:41:18,747 INFO  ratis.ContainerStateMachine (ContainerStateMachine.java:takeSnapshot(245)) - Taking snapshot at termIndex:(t:1, i:1)
2019-06-12 13:41:18,747 INFO  ratis.ContainerStateMachine (ContainerStateMachine.java:takeSnapshot(249)) - Taking a snapshot to file /opt/src/hadoop-ozone/integration-test/target/test-dir/MiniOzoneClusterImpl-0fefaf49-817a-484d-ad74-9fcb43e2238a/datanode-0/data/ratis/b2908b75-b874-473b-baf6-07e0a932fc44/sm/snapshot.1_1
2019-06-12 13:41:18,747 INFO  impl.RaftServerImpl (ServerState.java:close(394)) - f774f434-0ad1-462e-af15-84bd84bd91e9:group-07E0A932FC44 closes. The last applied log index is 1
2019-06-12 13:41:18,747 INFO  storage.RaftLogWorker (RaftLogWorker.java:run(236)) - f774f434-0ad1-462e-af15-84bd84bd91e9-RaftLogWorker was interrupted, exiting. There are 0 tasks remaining in the queue.
2019-06-12 13:41:18,750 INFO  storage.RaftLogWorker (RaftLogWorker.java:close(168)) - f774f434-0ad1-462e-af15-84bd84bd91e9-RaftLogWorker close()
2019-06-12 13:41:18,751 INFO  impl.RaftServerImpl (RaftServerImpl.java:lambda$shutdown$3(238)) - f774f434-0ad1-462e-af15-84bd84bd91e9: shutdown group-1D8090DB6D82
2019-06-12 13:41:18,751 INFO  util.JmxRegister (JmxRegister.java:unregister(73)) - Successfully un-registered JMX Bean with object name Ratis:service=RaftServer,group=group-1D8090DB6D82,id=f774f434-0ad1-462e-af15-84bd84bd91e9
2019-06-12 13:41:18,751 INFO  impl.RoleInfo (RoleInfo.java:shutdownLeaderState(104)) - f774f434-0ad1-462e-af15-84bd84bd91e9: shutdown LeaderState
2019-06-12 13:41:18,752 INFO  impl.PendingRequests (PendingRequests.java:sendNotLeaderResponses(140)) - f774f434-0ad1-462e-af15-84bd84bd91e9-PendingRequests: sendNotLeaderResponses
2019-06-12 13:41:18,754 INFO  impl.StateMachineUpdater (StateMachineUpdater.java:stopAndJoin(109)) - StateMachineUpdater-f774f434-0ad1-462e-af15-84bd84bd91e9-group-1D8090DB6D82: set stopIndex = 0
2019-06-12 13:41:18,754 INFO  ratis.ContainerStateMachine (ContainerStateMachine.java:takeSnapshot(245)) - Taking snapshot at termIndex:(t:0, i:~)
2019-06-12 13:41:18,755 INFO  impl.RaftServerImpl (ServerState.java:close(394)) - f774f434-0ad1-462e-af15-84bd84bd91e9:group-1D8090DB6D82 closes. The last applied log index is 0
2019-06-12 13:41:18,755 INFO  storage.RaftLogWorker (RaftLogWorker.java:run(236)) - f774f434-0ad1-462e-af15-84bd84bd91e9-RaftLogWorker was interrupted, exiting. There are 0 tasks remaining in the queue.
2019-06-12 13:41:18,756 INFO  storage.RaftLogWorker (RaftLogWorker.java:close(168)) - f774f434-0ad1-462e-af15-84bd84bd91e9-RaftLogWorker close()
2019-06-12 13:41:18,757 INFO  server.GrpcService (GrpcService.java:closeImpl(154)) - f774f434-0ad1-462e-af15-84bd84bd91e9: shutdown server with port 32903 now
2019-06-12 13:41:18,758 WARN  server.GrpcServerProtocolService (LogUtils.java:warn(134)) - f774f434-0ad1-462e-af15-84bd84bd91e9: appendEntries onError: org.apache.ratis.thirdparty.io.grpc.StatusRuntimeException: CANCELLED: cancelled before receiving half close
2019-06-12 13:41:18,759 WARN  server.GrpcLogAppender (LogUtils.java:warn(134)) - 2748af54-33a5-4620-a4be-2202c3ceebf6: Failed appendEntries to f774f434-0ad1-462e-af15-84bd84bd91e9:192.168.19.46:32903: org.apache.ratis.thirdparty.io.grpc.StatusRuntimeException: CANCELLED: HTTP/2 error code: CANCEL
Received Rst Stream
2019-06-12 13:41:18,759 INFO  impl.FollowerInfo (FollowerInfo.java:lambda$new$0(50)) - 2748af54-33a5-4620-a4be-2202c3ceebf6->f774f434-0ad1-462e-af15-84bd84bd91e9: nextIndex: updateUnconditionally 3 -> 0
2019-06-12 13:41:18,759 INFO  server.GrpcService (GrpcService.java:closeImpl(162)) - f774f434-0ad1-462e-af15-84bd84bd91e9: shutdown server with port 32903 successfully
2019-06-12 13:41:18,760 WARN  fs.CachingGetSpaceUsed (CachingGetSpaceUsed.java:run(183)) - Thread Interrupted waiting to refresh disk information: sleep interrupted
2019-06-12 13:41:18,778 INFO  statemachine.DatanodeStateMachine (DatanodeStateMachine.java:stopDaemon(395)) - Ozone container server stopped.
2019-06-12 13:41:18,778 INFO  handler.ContextHandler (ContextHandler.java:doStop(910)) - Stopped o.e.j.w.WebAppContext@6d7556a8{/,null,UNAVAILABLE}{/hddsDatanode}
2019-06-12 13:41:18,779 INFO  server.AbstractConnector (AbstractConnector.java:doStop(318)) - Stopped ServerConnector@48860139{HTTP/1.1,[http/1.1]}{0.0.0.0:0}
2019-06-12 13:41:18,779 INFO  handler.ContextHandler (ContextHandler.java:doStop(910)) - Stopped o.e.j.s.ServletContextHandler@674e4c82{/static,jar:file:/root/.m2/repository/org/apache/hadoop/hadoop-hdds-container-service/0.5.0-SNAPSHOT/hadoop-hdds-container-service-0.5.0-SNAPSHOT.jar!/webapps/static,UNAVAILABLE}
2019-06-12 13:41:18,779 INFO  handler.ContextHandler (ContextHandler.java:doStop(910)) - Stopped o.e.j.s.ServletContextHandler@756200d1{/logs,file:///opt/src/hadoop-ozone/integration-test/target/log,UNAVAILABLE}
2019-06-12 13:41:18,780 INFO  datanode.ObjectStoreHandler (ObjectStoreHandler.java:close(155)) - Closing ObjectStoreHandler.
2019-06-12 13:41:18,781 INFO  ozone.HddsDatanodeService (HddsDatanodeService.java:stop(452)) - Stopped plug-in org.apache.hadoop.ozone.web.OzoneHddsDatanodeService@20a9fb01
2019-06-12 13:41:18,781 INFO  statemachine.DatanodeStateMachine (DatanodeStateMachine.java:lambda$startDaemon$0(350)) - Ozone container server started.
2019-06-12 13:41:18,781 INFO  ozoneimpl.OzoneContainer (OzoneContainer.java:stop(199)) - Attempting to stop container services.
2019-06-12 13:41:18,781 INFO  impl.RaftServerProxy (RaftServerProxy.java:lambda$close$4(314)) - 9e931dfc-5b3d-42f4-90f5-b6eeec8695f1: close
2019-06-12 13:41:18,782 INFO  impl.RaftServerImpl (RaftServerImpl.java:lambda$shutdown$3(238)) - 9e931dfc-5b3d-42f4-90f5-b6eeec8695f1: shutdown group-A98919E3C39A
2019-06-12 13:41:18,782 INFO  util.JmxRegister (JmxRegister.java:unregister(73)) - Successfully un-registered JMX Bean with object name Ratis:service=RaftServer,group=group-A98919E3C39A,id=9e931dfc-5b3d-42f4-90f5-b6eeec8695f1
2019-06-12 13:41:18,782 INFO  impl.RoleInfo (RoleInfo.java:shutdownLeaderState(104)) - 9e931dfc-5b3d-42f4-90f5-b6eeec8695f1: shutdown LeaderState
2019-06-12 13:41:18,782 INFO  impl.PendingRequests (PendingRequests.java:sendNotLeaderResponses(140)) - 9e931dfc-5b3d-42f4-90f5-b6eeec8695f1-PendingRequests: sendNotLeaderResponses
2019-06-12 13:41:18,782 INFO  impl.StateMachineUpdater (StateMachineUpdater.java:stopAndJoin(109)) - StateMachineUpdater-9e931dfc-5b3d-42f4-90f5-b6eeec8695f1-group-A98919E3C39A: set stopIndex = 0
2019-06-12 13:41:18,782 INFO  ratis.ContainerStateMachine (ContainerStateMachine.java:takeSnapshot(245)) - Taking snapshot at termIndex:(t:0, i:~)
2019-06-12 13:41:18,782 INFO  impl.RaftServerImpl (ServerState.java:close(394)) - 9e931dfc-5b3d-42f4-90f5-b6eeec8695f1:group-A98919E3C39A closes. The last applied log index is 0
2019-06-12 13:41:18,783 INFO  storage.RaftLogWorker (RaftLogWorker.java:run(236)) - 9e931dfc-5b3d-42f4-90f5-b6eeec8695f1-RaftLogWorker was interrupted, exiting. There are 0 tasks remaining in the queue.
2019-06-12 13:41:18,784 INFO  storage.RaftLogWorker (RaftLogWorker.java:close(168)) - 9e931dfc-5b3d-42f4-90f5-b6eeec8695f1-RaftLogWorker close()
2019-06-12 13:41:18,785 INFO  impl.RaftServerImpl (RaftServerImpl.java:lambda$shutdown$3(238)) - 9e931dfc-5b3d-42f4-90f5-b6eeec8695f1: shutdown group-07E0A932FC44
2019-06-12 13:41:18,785 INFO  util.JmxRegister (JmxRegister.java:unregister(73)) - Successfully un-registered JMX Bean with object name Ratis:service=RaftServer,group=group-07E0A932FC44,id=9e931dfc-5b3d-42f4-90f5-b6eeec8695f1
2019-06-12 13:41:18,786 INFO  impl.RoleInfo (RoleInfo.java:shutdownFollowerState(121)) - 9e931dfc-5b3d-42f4-90f5-b6eeec8695f1: shutdown FollowerState
2019-06-12 13:41:18,786 INFO  impl.StateMachineUpdater (StateMachineUpdater.java:stopAndJoin(109)) - StateMachineUpdater-9e931dfc-5b3d-42f4-90f5-b6eeec8695f1-group-07E0A932FC44: set stopIndex = 1
2019-06-12 13:41:18,786 INFO  ratis.ContainerStateMachine (ContainerStateMachine.java:takeSnapshot(245)) - Taking snapshot at termIndex:(t:1, i:1)
2019-06-12 13:41:18,786 INFO  impl.FollowerState (FollowerState.java:run(109)) - 9e931dfc-5b3d-42f4-90f5-b6eeec8695f1: FollowerState was interrupted: java.lang.InterruptedException: sleep interrupted
2019-06-12 13:41:18,786 INFO  ratis.ContainerStateMachine (ContainerStateMachine.java:takeSnapshot(249)) - Taking a snapshot to file /opt/src/hadoop-ozone/integration-test/target/test-dir/MiniOzoneClusterImpl-0fefaf49-817a-484d-ad74-9fcb43e2238a/datanode-2/data/ratis/b2908b75-b874-473b-baf6-07e0a932fc44/sm/snapshot.1_1
2019-06-12 13:41:18,786 INFO  impl.RaftServerImpl (ServerState.java:close(394)) - 9e931dfc-5b3d-42f4-90f5-b6eeec8695f1:group-07E0A932FC44 closes. The last applied log index is 1
2019-06-12 13:41:18,786 INFO  storage.RaftLogWorker (RaftLogWorker.java:run(236)) - 9e931dfc-5b3d-42f4-90f5-b6eeec8695f1-RaftLogWorker was interrupted, exiting. There are 0 tasks remaining in the queue.
2019-06-12 13:41:18,788 INFO  storage.RaftLogWorker (RaftLogWorker.java:close(168)) - 9e931dfc-5b3d-42f4-90f5-b6eeec8695f1-RaftLogWorker close()
2019-06-12 13:41:18,789 INFO  server.GrpcService (GrpcService.java:closeImpl(154)) - 9e931dfc-5b3d-42f4-90f5-b6eeec8695f1: shutdown server with port 45939 now
2019-06-12 13:41:18,790 INFO  server.GrpcService (GrpcService.java:closeImpl(162)) - 9e931dfc-5b3d-42f4-90f5-b6eeec8695f1: shutdown server with port 45939 successfully
2019-06-12 13:41:18,790 WARN  server.GrpcLogAppender (LogUtils.java:warn(134)) - 2748af54-33a5-4620-a4be-2202c3ceebf6: Failed appendEntries to 9e931dfc-5b3d-42f4-90f5-b6eeec8695f1:192.168.19.46:45939: org.apache.ratis.thirdparty.io.grpc.StatusRuntimeException: CANCELLED: HTTP/2 error code: CANCEL
Received Rst Stream
2019-06-12 13:41:18,790 WARN  server.GrpcServerProtocolService (LogUtils.java:warn(134)) - 9e931dfc-5b3d-42f4-90f5-b6eeec8695f1: appendEntries onError: org.apache.ratis.thirdparty.io.grpc.StatusRuntimeException: CANCELLED: cancelled before receiving half close
2019-06-12 13:41:18,790 INFO  impl.FollowerInfo (FollowerInfo.java:lambda$new$0(50)) - 2748af54-33a5-4620-a4be-2202c3ceebf6->9e931dfc-5b3d-42f4-90f5-b6eeec8695f1: nextIndex: updateUnconditionally 3 -> 0
2019-06-12 13:41:18,794 WARN  fs.CachingGetSpaceUsed (CachingGetSpaceUsed.java:run(183)) - Thread Interrupted waiting to refresh disk information: sleep interrupted
2019-06-12 13:41:18,806 INFO  statemachine.DatanodeStateMachine (DatanodeStateMachine.java:stopDaemon(395)) - Ozone container server stopped.
2019-06-12 13:41:18,807 INFO  handler.ContextHandler (ContextHandler.java:doStop(910)) - Stopped o.e.j.w.WebAppContext@2c6aa46c{/,null,UNAVAILABLE}{/hddsDatanode}
2019-06-12 13:41:18,808 INFO  server.AbstractConnector (AbstractConnector.java:doStop(318)) - Stopped ServerConnector@2f112ade{HTTP/1.1,[http/1.1]}{0.0.0.0:0}
2019-06-12 13:41:18,809 INFO  handler.ContextHandler (ContextHandler.java:doStop(910)) - Stopped o.e.j.s.ServletContextHandler@55e4dd68{/static,jar:file:/root/.m2/repository/org/apache/hadoop/hadoop-hdds-container-service/0.5.0-SNAPSHOT/hadoop-hdds-container-service-0.5.0-SNAPSHOT.jar!/webapps/static,UNAVAILABLE}
2019-06-12 13:41:18,809 INFO  handler.ContextHandler (ContextHandler.java:doStop(910)) - Stopped o.e.j.s.ServletContextHandler@a859c5{/logs,file:///opt/src/hadoop-ozone/integration-test/target/log,UNAVAILABLE}
2019-06-12 13:41:19,205 WARN  server.GrpcLogAppender (LogUtils.java:warn(134)) - 2748af54-33a5-4620-a4be-2202c3ceebf6: Failed appendEntries to 9e931dfc-5b3d-42f4-90f5-b6eeec8695f1:192.168.19.46:45939: org.apache.ratis.thirdparty.io.grpc.StatusRuntimeException: UNAVAILABLE: io exception
2019-06-12 13:41:19,205 WARN  server.GrpcLogAppender (LogUtils.java:warn(134)) - 2748af54-33a5-4620-a4be-2202c3ceebf6: Failed appendEntries to f774f434-0ad1-462e-af15-84bd84bd91e9:192.168.19.46:32903: org.apache.ratis.thirdparty.io.grpc.StatusRuntimeException: UNAVAILABLE: io exception
2019-06-12 13:41:19,205 INFO  impl.FollowerInfo (FollowerInfo.java:lambda$new$0(50)) - 2748af54-33a5-4620-a4be-2202c3ceebf6->f774f434-0ad1-462e-af15-84bd84bd91e9: nextIndex: updateUnconditionally 0 -> 0
2019-06-12 13:41:19,206 INFO  impl.FollowerInfo (FollowerInfo.java:lambda$new$0(50)) - 2748af54-33a5-4620-a4be-2202c3ceebf6->9e931dfc-5b3d-42f4-90f5-b6eeec8695f1: nextIndex: updateUnconditionally 0 -> 0
2019-06-12 13:41:19,709 WARN  server.GrpcLogAppender (LogUtils.java:warn(134)) - 2748af54-33a5-4620-a4be-2202c3ceebf6: Failed appendEntries to 9e931dfc-5b3d-42f4-90f5-b6eeec8695f1:192.168.19.46:45939: org.apache.ratis.thirdparty.io.grpc.StatusRuntimeException: UNAVAILABLE: io exception
2019-06-12 13:41:19,709 INFO  impl.FollowerInfo (FollowerInfo.java:lambda$new$0(50)) - 2748af54-33a5-4620-a4be-2202c3ceebf6->9e931dfc-5b3d-42f4-90f5-b6eeec8695f1: nextIndex: updateUnconditionally 0 -> 0
2019-06-12 13:41:19,710 WARN  server.GrpcLogAppender (LogUtils.java:warn(134)) - 2748af54-33a5-4620-a4be-2202c3ceebf6: Failed appendEntries to f774f434-0ad1-462e-af15-84bd84bd91e9:192.168.19.46:32903: org.apache.ratis.thirdparty.io.grpc.StatusRuntimeException: UNAVAILABLE: io exception
2019-06-12 13:41:19,710 INFO  impl.FollowerInfo (FollowerInfo.java:lambda$new$0(50)) - 2748af54-33a5-4620-a4be-2202c3ceebf6->f774f434-0ad1-462e-af15-84bd84bd91e9: nextIndex: updateUnconditionally 0 -> 0
2019-06-12 13:41:20,206 WARN  server.GrpcLogAppender (LogUtils.java:warn(134)) - 2748af54-33a5-4620-a4be-2202c3ceebf6: Failed appendEntries to 9e931dfc-5b3d-42f4-90f5-b6eeec8695f1:192.168.19.46:45939: org.apache.ratis.thirdparty.io.grpc.StatusRuntimeException: UNAVAILABLE: io exception
2019-06-12 13:41:20,206 WARN  server.GrpcLogAppender (LogUtils.java:warn(134)) - 2748af54-33a5-4620-a4be-2202c3ceebf6: Failed appendEntries to f774f434-0ad1-462e-af15-84bd84bd91e9:192.168.19.46:32903: org.apache.ratis.thirdparty.io.grpc.StatusRuntimeException: UNAVAILABLE: io exception
2019-06-12 13:41:20,206 INFO  impl.FollowerInfo (FollowerInfo.java:lambda$new$0(50)) - 2748af54-33a5-4620-a4be-2202c3ceebf6->9e931dfc-5b3d-42f4-90f5-b6eeec8695f1: nextIndex: updateUnconditionally 0 -> 0
2019-06-12 13:41:20,206 INFO  impl.FollowerInfo (FollowerInfo.java:lambda$new$0(50)) - 2748af54-33a5-4620-a4be-2202c3ceebf6->f774f434-0ad1-462e-af15-84bd84bd91e9: nextIndex: updateUnconditionally 0 -> 0
2019-06-12 13:41:20,707 WARN  server.GrpcLogAppender (LogUtils.java:warn(134)) - 2748af54-33a5-4620-a4be-2202c3ceebf6: Failed appendEntries to 9e931dfc-5b3d-42f4-90f5-b6eeec8695f1:192.168.19.46:45939: org.apache.ratis.thirdparty.io.grpc.StatusRuntimeException: UNAVAILABLE: io exception
2019-06-12 13:41:20,707 WARN  server.GrpcLogAppender (LogUtils.java:warn(134)) - 2748af54-33a5-4620-a4be-2202c3ceebf6: Failed appendEntries to f774f434-0ad1-462e-af15-84bd84bd91e9:192.168.19.46:32903: org.apache.ratis.thirdparty.io.grpc.StatusRuntimeException: UNAVAILABLE: io exception
2019-06-12 13:41:20,707 INFO  impl.FollowerInfo (FollowerInfo.java:lambda$new$0(50)) - 2748af54-33a5-4620-a4be-2202c3ceebf6->9e931dfc-5b3d-42f4-90f5-b6eeec8695f1: nextIndex: updateUnconditionally 0 -> 0
2019-06-12 13:41:20,707 INFO  impl.FollowerInfo (FollowerInfo.java:lambda$new$0(50)) - 2748af54-33a5-4620-a4be-2202c3ceebf6->f774f434-0ad1-462e-af15-84bd84bd91e9: nextIndex: updateUnconditionally 0 -> 0
2019-06-12 13:41:21,207 WARN  server.GrpcLogAppender (LogUtils.java:warn(134)) - 2748af54-33a5-4620-a4be-2202c3ceebf6: Failed appendEntries to 9e931dfc-5b3d-42f4-90f5-b6eeec8695f1:192.168.19.46:45939: org.apache.ratis.thirdparty.io.grpc.StatusRuntimeException: UNAVAILABLE: io exception
2019-06-12 13:41:21,207 WARN  server.GrpcLogAppender (LogUtils.java:warn(134)) - 2748af54-33a5-4620-a4be-2202c3ceebf6: Failed appendEntries to f774f434-0ad1-462e-af15-84bd84bd91e9:192.168.19.46:32903: org.apache.ratis.thirdparty.io.grpc.StatusRuntimeException: UNAVAILABLE: io exception
2019-06-12 13:41:21,208 INFO  impl.FollowerInfo (FollowerInfo.java:lambda$new$0(50)) - 2748af54-33a5-4620-a4be-2202c3ceebf6->9e931dfc-5b3d-42f4-90f5-b6eeec8695f1: nextIndex: updateUnconditionally 0 -> 0
2019-06-12 13:41:21,208 INFO  impl.FollowerInfo (FollowerInfo.java:lambda$new$0(50)) - 2748af54-33a5-4620-a4be-2202c3ceebf6->f774f434-0ad1-462e-af15-84bd84bd91e9: nextIndex: updateUnconditionally 0 -> 0
2019-06-12 13:41:21,708 WARN  server.GrpcLogAppender (LogUtils.java:warn(134)) - 2748af54-33a5-4620-a4be-2202c3ceebf6: Failed appendEntries to f774f434-0ad1-462e-af15-84bd84bd91e9:192.168.19.46:32903: org.apache.ratis.thirdparty.io.grpc.StatusRuntimeException: UNAVAILABLE: io exception
2019-06-12 13:41:21,708 INFO  impl.FollowerInfo (FollowerInfo.java:lambda$new$0(50)) - 2748af54-33a5-4620-a4be-2202c3ceebf6->f774f434-0ad1-462e-af15-84bd84bd91e9: nextIndex: updateUnconditionally 0 -> 0
2019-06-12 13:41:21,708 WARN  server.GrpcLogAppender (LogUtils.java:warn(134)) - 2748af54-33a5-4620-a4be-2202c3ceebf6: Failed appendEntries to 9e931dfc-5b3d-42f4-90f5-b6eeec8695f1:192.168.19.46:45939: org.apache.ratis.thirdparty.io.grpc.StatusRuntimeException: UNAVAILABLE: io exception
2019-06-12 13:41:21,709 INFO  impl.FollowerInfo (FollowerInfo.java:lambda$new$0(50)) - 2748af54-33a5-4620-a4be-2202c3ceebf6->9e931dfc-5b3d-42f4-90f5-b6eeec8695f1: nextIndex: updateUnconditionally 0 -> 0
2019-06-12 13:41:22,209 WARN  server.GrpcLogAppender (LogUtils.java:warn(134)) - 2748af54-33a5-4620-a4be-2202c3ceebf6: Failed appendEntries to 9e931dfc-5b3d-42f4-90f5-b6eeec8695f1:192.168.19.46:45939: org.apache.ratis.thirdparty.io.grpc.StatusRuntimeException: UNAVAILABLE: io exception
2019-06-12 13:41:22,209 WARN  server.GrpcLogAppender (LogUtils.java:warn(134)) - 2748af54-33a5-4620-a4be-2202c3ceebf6: Failed appendEntries to f774f434-0ad1-462e-af15-84bd84bd91e9:192.168.19.46:32903: org.apache.ratis.thirdparty.io.grpc.StatusRuntimeException: UNAVAILABLE: io exception
2019-06-12 13:41:22,209 INFO  impl.FollowerInfo (FollowerInfo.java:lambda$new$0(50)) - 2748af54-33a5-4620-a4be-2202c3ceebf6->f774f434-0ad1-462e-af15-84bd84bd91e9: nextIndex: updateUnconditionally 0 -> 0
2019-06-12 13:41:22,209 INFO  impl.FollowerInfo (FollowerInfo.java:lambda$new$0(50)) - 2748af54-33a5-4620-a4be-2202c3ceebf6->9e931dfc-5b3d-42f4-90f5-b6eeec8695f1: nextIndex: updateUnconditionally 0 -> 0
2019-06-12 13:41:22,709 WARN  server.GrpcLogAppender (LogUtils.java:warn(134)) - 2748af54-33a5-4620-a4be-2202c3ceebf6: Failed appendEntries to f774f434-0ad1-462e-af15-84bd84bd91e9:192.168.19.46:32903: org.apache.ratis.thirdparty.io.grpc.StatusRuntimeException: UNAVAILABLE: io exception
2019-06-12 13:41:22,709 WARN  server.GrpcLogAppender (LogUtils.java:warn(134)) - 2748af54-33a5-4620-a4be-2202c3ceebf6: Failed appendEntries to 9e931dfc-5b3d-42f4-90f5-b6eeec8695f1:192.168.19.46:45939: org.apache.ratis.thirdparty.io.grpc.StatusRuntimeException: UNAVAILABLE: io exception
2019-06-12 13:41:22,709 INFO  impl.FollowerInfo (FollowerInfo.java:lambda$new$0(50)) - 2748af54-33a5-4620-a4be-2202c3ceebf6->f774f434-0ad1-462e-af15-84bd84bd91e9: nextIndex: updateUnconditionally 0 -> 0
2019-06-12 13:41:22,709 INFO  impl.FollowerInfo (FollowerInfo.java:lambda$new$0(50)) - 2748af54-33a5-4620-a4be-2202c3ceebf6->9e931dfc-5b3d-42f4-90f5-b6eeec8695f1: nextIndex: updateUnconditionally 0 -> 0
2019-06-12 13:41:23,210 WARN  server.GrpcLogAppender (LogUtils.java:warn(134)) - 2748af54-33a5-4620-a4be-2202c3ceebf6: Failed appendEntries to 9e931dfc-5b3d-42f4-90f5-b6eeec8695f1:192.168.19.46:45939: org.apache.ratis.thirdparty.io.grpc.StatusRuntimeException: UNAVAILABLE: io exception
2019-06-12 13:41:23,210 WARN  server.GrpcLogAppender (LogUtils.java:warn(134)) - 2748af54-33a5-4620-a4be-2202c3ceebf6: Failed appendEntries to f774f434-0ad1-462e-af15-84bd84bd91e9:192.168.19.46:32903: org.apache.ratis.thirdparty.io.grpc.StatusRuntimeException: UNAVAILABLE: io exception
2019-06-12 13:41:23,210 INFO  impl.FollowerInfo (FollowerInfo.java:lambda$new$0(50)) - 2748af54-33a5-4620-a4be-2202c3ceebf6->9e931dfc-5b3d-42f4-90f5-b6eeec8695f1: nextIndex: updateUnconditionally 0 -> 0
2019-06-12 13:41:23,210 INFO  impl.FollowerInfo (FollowerInfo.java:lambda$new$0(50)) - 2748af54-33a5-4620-a4be-2202c3ceebf6->f774f434-0ad1-462e-af15-84bd84bd91e9: nextIndex: updateUnconditionally 0 -> 0
2019-06-12 13:41:23,710 WARN  server.GrpcLogAppender (LogUtils.java:warn(134)) - 2748af54-33a5-4620-a4be-2202c3ceebf6: Failed appendEntries to f774f434-0ad1-462e-af15-84bd84bd91e9:192.168.19.46:32903: org.apache.ratis.thirdparty.io.grpc.StatusRuntimeException: UNAVAILABLE: io exception
2019-06-12 13:41:23,710 WARN  server.GrpcLogAppender (LogUtils.java:warn(134)) - 2748af54-33a5-4620-a4be-2202c3ceebf6: Failed appendEntries to 9e931dfc-5b3d-42f4-90f5-b6eeec8695f1:192.168.19.46:45939: org.apache.ratis.thirdparty.io.grpc.StatusRuntimeException: UNAVAILABLE: io exception
2019-06-12 13:41:23,711 INFO  impl.FollowerInfo (FollowerInfo.java:lambda$new$0(50)) - 2748af54-33a5-4620-a4be-2202c3ceebf6->f774f434-0ad1-462e-af15-84bd84bd91e9: nextIndex: updateUnconditionally 0 -> 0
2019-06-12 13:41:23,711 INFO  impl.FollowerInfo (FollowerInfo.java:lambda$new$0(50)) - 2748af54-33a5-4620-a4be-2202c3ceebf6->9e931dfc-5b3d-42f4-90f5-b6eeec8695f1: nextIndex: updateUnconditionally 0 -> 0
2019-06-12 13:41:24,211 WARN  server.GrpcLogAppender (LogUtils.java:warn(134)) - 2748af54-33a5-4620-a4be-2202c3ceebf6: Failed appendEntries to f774f434-0ad1-462e-af15-84bd84bd91e9:192.168.19.46:32903: org.apache.ratis.thirdparty.io.grpc.StatusRuntimeException: UNAVAILABLE: io exception
2019-06-12 13:41:24,211 WARN  server.GrpcLogAppender (LogUtils.java:warn(134)) - 2748af54-33a5-4620-a4be-2202c3ceebf6: Failed appendEntries to 9e931dfc-5b3d-42f4-90f5-b6eeec8695f1:192.168.19.46:45939: org.apache.ratis.thirdparty.io.grpc.StatusRuntimeException: UNAVAILABLE: io exception
2019-06-12 13:41:24,212 INFO  impl.FollowerInfo (FollowerInfo.java:lambda$new$0(50)) - 2748af54-33a5-4620-a4be-2202c3ceebf6->f774f434-0ad1-462e-af15-84bd84bd91e9: nextIndex: updateUnconditionally 0 -> 0
2019-06-12 13:41:24,212 INFO  impl.FollowerInfo (FollowerInfo.java:lambda$new$0(50)) - 2748af54-33a5-4620-a4be-2202c3ceebf6->9e931dfc-5b3d-42f4-90f5-b6eeec8695f1: nextIndex: updateUnconditionally 0 -> 0
2019-06-12 13:41:24,712 WARN  server.GrpcLogAppender (LogUtils.java:warn(134)) - 2748af54-33a5-4620-a4be-2202c3ceebf6: Failed appendEntries to f774f434-0ad1-462e-af15-84bd84bd91e9:192.168.19.46:32903: org.apache.ratis.thirdparty.io.grpc.StatusRuntimeException: UNAVAILABLE: io exception
2019-06-12 13:41:24,712 INFO  impl.FollowerInfo (FollowerInfo.java:lambda$new$0(50)) - 2748af54-33a5-4620-a4be-2202c3ceebf6->f774f434-0ad1-462e-af15-84bd84bd91e9: nextIndex: updateUnconditionally 0 -> 0
2019-06-12 13:41:24,712 WARN  server.GrpcLogAppender (LogUtils.java:warn(134)) - 2748af54-33a5-4620-a4be-2202c3ceebf6: Failed appendEntries to 9e931dfc-5b3d-42f4-90f5-b6eeec8695f1:192.168.19.46:45939: org.apache.ratis.thirdparty.io.grpc.StatusRuntimeException: UNAVAILABLE: io exception
2019-06-12 13:41:24,712 INFO  impl.FollowerInfo (FollowerInfo.java:lambda$new$0(50)) - 2748af54-33a5-4620-a4be-2202c3ceebf6->9e931dfc-5b3d-42f4-90f5-b6eeec8695f1: nextIndex: updateUnconditionally 0 -> 0
2019-06-12 13:41:25,212 WARN  server.GrpcLogAppender (LogUtils.java:warn(134)) - 2748af54-33a5-4620-a4be-2202c3ceebf6: Failed appendEntries to 9e931dfc-5b3d-42f4-90f5-b6eeec8695f1:192.168.19.46:45939: org.apache.ratis.thirdparty.io.grpc.StatusRuntimeException: UNAVAILABLE: io exception
2019-06-12 13:41:25,212 WARN  server.GrpcLogAppender (LogUtils.java:warn(134)) - 2748af54-33a5-4620-a4be-2202c3ceebf6: Failed appendEntries to f774f434-0ad1-462e-af15-84bd84bd91e9:192.168.19.46:32903: org.apache.ratis.thirdparty.io.grpc.StatusRuntimeException: UNAVAILABLE: io exception
2019-06-12 13:41:25,213 INFO  impl.FollowerInfo (FollowerInfo.java:lambda$new$0(50)) - 2748af54-33a5-4620-a4be-2202c3ceebf6->9e931dfc-5b3d-42f4-90f5-b6eeec8695f1: nextIndex: updateUnconditionally 0 -> 0
2019-06-12 13:41:25,213 INFO  impl.FollowerInfo (FollowerInfo.java:lambda$new$0(50)) - 2748af54-33a5-4620-a4be-2202c3ceebf6->f774f434-0ad1-462e-af15-84bd84bd91e9: nextIndex: updateUnconditionally 0 -> 0
2019-06-12 13:41:25,713 WARN  server.GrpcLogAppender (LogUtils.java:warn(134)) - 2748af54-33a5-4620-a4be-2202c3ceebf6: Failed appendEntries to 9e931dfc-5b3d-42f4-90f5-b6eeec8695f1:192.168.19.46:45939: org.apache.ratis.thirdparty.io.grpc.StatusRuntimeException: UNAVAILABLE: io exception
2019-06-12 13:41:25,713 WARN  server.GrpcLogAppender (LogUtils.java:warn(134)) - 2748af54-33a5-4620-a4be-2202c3ceebf6: Failed appendEntries to f774f434-0ad1-462e-af15-84bd84bd91e9:192.168.19.46:32903: org.apache.ratis.thirdparty.io.grpc.StatusRuntimeException: UNAVAILABLE: io exception
2019-06-12 13:41:25,714 INFO  impl.FollowerInfo (FollowerInfo.java:lambda$new$0(50)) - 2748af54-33a5-4620-a4be-2202c3ceebf6->9e931dfc-5b3d-42f4-90f5-b6eeec8695f1: nextIndex: updateUnconditionally 0 -> 0
2019-06-12 13:41:25,714 INFO  impl.FollowerInfo (FollowerInfo.java:lambda$new$0(50)) - 2748af54-33a5-4620-a4be-2202c3ceebf6->f774f434-0ad1-462e-af15-84bd84bd91e9: nextIndex: updateUnconditionally 0 -> 0
2019-06-12 13:41:26,214 WARN  server.GrpcLogAppender (LogUtils.java:warn(134)) - 2748af54-33a5-4620-a4be-2202c3ceebf6: Failed appendEntries to f774f434-0ad1-462e-af15-84bd84bd91e9:192.168.19.46:32903: org.apache.ratis.thirdparty.io.grpc.StatusRuntimeException: UNAVAILABLE: io exception
2019-06-12 13:41:26,214 WARN  server.GrpcLogAppender (LogUtils.java:warn(134)) - 2748af54-33a5-4620-a4be-2202c3ceebf6: Failed appendEntries to 9e931dfc-5b3d-42f4-90f5-b6eeec8695f1:192.168.19.46:45939: org.apache.ratis.thirdparty.io.grpc.StatusRuntimeException: UNAVAILABLE: io exception
2019-06-12 13:41:26,214 INFO  impl.FollowerInfo (FollowerInfo.java:lambda$new$0(50)) - 2748af54-33a5-4620-a4be-2202c3ceebf6->f774f434-0ad1-462e-af15-84bd84bd91e9: nextIndex: updateUnconditionally 0 -> 0
2019-06-12 13:41:26,214 INFO  impl.FollowerInfo (FollowerInfo.java:lambda$new$0(50)) - 2748af54-33a5-4620-a4be-2202c3ceebf6->9e931dfc-5b3d-42f4-90f5-b6eeec8695f1: nextIndex: updateUnconditionally 0 -> 0
2019-06-12 13:41:26,714 WARN  server.GrpcLogAppender (LogUtils.java:warn(134)) - 2748af54-33a5-4620-a4be-2202c3ceebf6: Failed appendEntries to f774f434-0ad1-462e-af15-84bd84bd91e9:192.168.19.46:32903: org.apache.ratis.thirdparty.io.grpc.StatusRuntimeException: UNAVAILABLE: io exception
2019-06-12 13:41:26,715 INFO  impl.FollowerInfo (FollowerInfo.java:lambda$new$0(50)) - 2748af54-33a5-4620-a4be-2202c3ceebf6->f774f434-0ad1-462e-af15-84bd84bd91e9: nextIndex: updateUnconditionally 0 -> 0
2019-06-12 13:41:26,715 WARN  server.GrpcLogAppender (LogUtils.java:warn(134)) - 2748af54-33a5-4620-a4be-2202c3ceebf6: Failed appendEntries to 9e931dfc-5b3d-42f4-90f5-b6eeec8695f1:192.168.19.46:45939: org.apache.ratis.thirdparty.io.grpc.StatusRuntimeException: UNAVAILABLE: io exception
2019-06-12 13:41:26,715 INFO  impl.FollowerInfo (FollowerInfo.java:lambda$new$0(50)) - 2748af54-33a5-4620-a4be-2202c3ceebf6->9e931dfc-5b3d-42f4-90f5-b6eeec8695f1: nextIndex: updateUnconditionally 0 -> 0
2019-06-12 13:41:27,215 WARN  server.GrpcLogAppender (LogUtils.java:warn(134)) - 2748af54-33a5-4620-a4be-2202c3ceebf6: Failed appendEntries to f774f434-0ad1-462e-af15-84bd84bd91e9:192.168.19.46:32903: org.apache.ratis.thirdparty.io.grpc.StatusRuntimeException: UNAVAILABLE: io exception
2019-06-12 13:41:27,215 WARN  server.GrpcLogAppender (LogUtils.java:warn(134)) - 2748af54-33a5-4620-a4be-2202c3ceebf6: Failed appendEntries to 9e931dfc-5b3d-42f4-90f5-b6eeec8695f1:192.168.19.46:45939: org.apache.ratis.thirdparty.io.grpc.StatusRuntimeException: UNAVAILABLE: io exception
2019-06-12 13:41:27,215 INFO  impl.FollowerInfo (FollowerInfo.java:lambda$new$0(50)) - 2748af54-33a5-4620-a4be-2202c3ceebf6->f774f434-0ad1-462e-af15-84bd84bd91e9: nextIndex: updateUnconditionally 0 -> 0
2019-06-12 13:41:27,216 INFO  impl.FollowerInfo (FollowerInfo.java:lambda$new$0(50)) - 2748af54-33a5-4620-a4be-2202c3ceebf6->9e931dfc-5b3d-42f4-90f5-b6eeec8695f1: nextIndex: updateUnconditionally 0 -> 0
2019-06-12 13:41:27,716 WARN  server.GrpcLogAppender (LogUtils.java:warn(134)) - 2748af54-33a5-4620-a4be-2202c3ceebf6: Failed appendEntries to 9e931dfc-5b3d-42f4-90f5-b6eeec8695f1:192.168.19.46:45939: org.apache.ratis.thirdparty.io.grpc.StatusRuntimeException: UNAVAILABLE: io exception
2019-06-12 13:41:27,716 WARN  server.GrpcLogAppender (LogUtils.java:warn(134)) - 2748af54-33a5-4620-a4be-2202c3ceebf6: Failed appendEntries to f774f434-0ad1-462e-af15-84bd84bd91e9:192.168.19.46:32903: org.apache.ratis.thirdparty.io.grpc.StatusRuntimeException: UNAVAILABLE: io exception
2019-06-12 13:41:27,716 INFO  impl.FollowerInfo (FollowerInfo.java:lambda$new$0(50)) - 2748af54-33a5-4620-a4be-2202c3ceebf6->9e931dfc-5b3d-42f4-90f5-b6eeec8695f1: nextIndex: updateUnconditionally 0 -> 0
2019-06-12 13:41:27,716 INFO  impl.FollowerInfo (FollowerInfo.java:lambda$new$0(50)) - 2748af54-33a5-4620-a4be-2202c3ceebf6->f774f434-0ad1-462e-af15-84bd84bd91e9: nextIndex: updateUnconditionally 0 -> 0
2019-06-12 13:41:28,216 WARN  server.GrpcLogAppender (LogUtils.java:warn(134)) - 2748af54-33a5-4620-a4be-2202c3ceebf6: Failed appendEntries to 9e931dfc-5b3d-42f4-90f5-b6eeec8695f1:192.168.19.46:45939: org.apache.ratis.thirdparty.io.grpc.StatusRuntimeException: UNAVAILABLE: io exception
2019-06-12 13:41:28,216 WARN  server.GrpcLogAppender (LogUtils.java:warn(134)) - 2748af54-33a5-4620-a4be-2202c3ceebf6: Failed appendEntries to f774f434-0ad1-462e-af15-84bd84bd91e9:192.168.19.46:32903: org.apache.ratis.thirdparty.io.grpc.StatusRuntimeException: UNAVAILABLE: io exception
2019-06-12 13:41:28,217 INFO  impl.FollowerInfo (FollowerInfo.java:lambda$new$0(50)) - 2748af54-33a5-4620-a4be-2202c3ceebf6->9e931dfc-5b3d-42f4-90f5-b6eeec8695f1: nextIndex: updateUnconditionally 0 -> 0
2019-06-12 13:41:28,217 INFO  impl.FollowerInfo (FollowerInfo.java:lambda$new$0(50)) - 2748af54-33a5-4620-a4be-2202c3ceebf6->f774f434-0ad1-462e-af15-84bd84bd91e9: nextIndex: updateUnconditionally 0 -> 0
2019-06-12 13:41:28,717 WARN  server.GrpcLogAppender (LogUtils.java:warn(134)) - 2748af54-33a5-4620-a4be-2202c3ceebf6: Failed appendEntries to 9e931dfc-5b3d-42f4-90f5-b6eeec8695f1:192.168.19.46:45939: org.apache.ratis.thirdparty.io.grpc.StatusRuntimeException: UNAVAILABLE: io exception
2019-06-12 13:41:28,718 WARN  server.GrpcLogAppender (LogUtils.java:warn(134)) - 2748af54-33a5-4620-a4be-2202c3ceebf6: Failed appendEntries to f774f434-0ad1-462e-af15-84bd84bd91e9:192.168.19.46:32903: org.apache.ratis.thirdparty.io.grpc.StatusRuntimeException: UNAVAILABLE: io exception
2019-06-12 13:41:28,718 INFO  impl.FollowerInfo (FollowerInfo.java:lambda$new$0(50)) - 2748af54-33a5-4620-a4be-2202c3ceebf6->9e931dfc-5b3d-42f4-90f5-b6eeec8695f1: nextIndex: updateUnconditionally 0 -> 0
2019-06-12 13:41:28,718 INFO  impl.FollowerInfo (FollowerInfo.java:lambda$new$0(50)) - 2748af54-33a5-4620-a4be-2202c3ceebf6->f774f434-0ad1-462e-af15-84bd84bd91e9: nextIndex: updateUnconditionally 0 -> 0
2019-06-12 13:41:29,218 WARN  server.GrpcLogAppender (LogUtils.java:warn(134)) - 2748af54-33a5-4620-a4be-2202c3ceebf6: Failed appendEntries to 9e931dfc-5b3d-42f4-90f5-b6eeec8695f1:192.168.19.46:45939: org.apache.ratis.thirdparty.io.grpc.StatusRuntimeException: UNAVAILABLE: io exception
2019-06-12 13:41:29,218 WARN  server.GrpcLogAppender (LogUtils.java:warn(134)) - 2748af54-33a5-4620-a4be-2202c3ceebf6: Failed appendEntries to f774f434-0ad1-462e-af15-84bd84bd91e9:192.168.19.46:32903: org.apache.ratis.thirdparty.io.grpc.StatusRuntimeException: UNAVAILABLE: io exception
2019-06-12 13:41:29,218 INFO  impl.FollowerInfo (FollowerInfo.java:lambda$new$0(50)) - 2748af54-33a5-4620-a4be-2202c3ceebf6->9e931dfc-5b3d-42f4-90f5-b6eeec8695f1: nextIndex: updateUnconditionally 0 -> 0
2019-06-12 13:41:29,218 INFO  impl.FollowerInfo (FollowerInfo.java:lambda$new$0(50)) - 2748af54-33a5-4620-a4be-2202c3ceebf6->f774f434-0ad1-462e-af15-84bd84bd91e9: nextIndex: updateUnconditionally 0 -> 0
2019-06-12 13:41:29,585 INFO  client.GrpcClientProtocolService (GrpcClientProtocolService.java:lambda$processClientRequest$0(264)) - Failed RaftClientRequest:client-A763E026E650->2748af54-33a5-4620-a4be-2202c3ceebf6@group-07E0A932FC44, cid=67, seq=0, Watch-ALL_COMMITTED(2), Message:<EMPTY>, reply=RaftClientReply:client-A763E026E650->2748af54-33a5-4620-a4be-2202c3ceebf6@group-07E0A932FC44, cid=67, FAILED org.apache.ratis.protocol.NotReplicatedException: Request with call Id 67 and log index 2 is not yet replicated to ALL_COMMITTED, logIndex=2, commits[2748af54-33a5-4620-a4be-2202c3ceebf6:c2, f774f434-0ad1-462e-af15-84bd84bd91e9:c1, 9e931dfc-5b3d-42f4-90f5-b6eeec8695f1:c1]
2019-06-12 13:41:29,719 WARN  server.GrpcLogAppender (LogUtils.java:warn(134)) - 2748af54-33a5-4620-a4be-2202c3ceebf6: Failed appendEntries to 9e931dfc-5b3d-42f4-90f5-b6eeec8695f1:192.168.19.46:45939: org.apache.ratis.thirdparty.io.grpc.StatusRuntimeException: UNAVAILABLE: io exception
2019-06-12 13:41:29,719 INFO  impl.FollowerInfo (FollowerInfo.java:lambda$new$0(50)) - 2748af54-33a5-4620-a4be-2202c3ceebf6->9e931dfc-5b3d-42f4-90f5-b6eeec8695f1: nextIndex: updateUnconditionally 0 -> 0
2019-06-12 13:41:29,719 WARN  server.GrpcLogAppender (LogUtils.java:warn(134)) - 2748af54-33a5-4620-a4be-2202c3ceebf6: Failed appendEntries to f774f434-0ad1-462e-af15-84bd84bd91e9:192.168.19.46:32903: org.apache.ratis.thirdparty.io.grpc.StatusRuntimeException: UNAVAILABLE: io exception
2019-06-12 13:41:29,722 INFO  impl.FollowerInfo (FollowerInfo.java:lambda$new$0(50)) - 2748af54-33a5-4620-a4be-2202c3ceebf6->f774f434-0ad1-462e-af15-84bd84bd91e9: nextIndex: updateUnconditionally 0 -> 0
2019-06-12 13:41:30,219 WARN  server.GrpcLogAppender (LogUtils.java:warn(134)) - 2748af54-33a5-4620-a4be-2202c3ceebf6: Failed appendEntries to 9e931dfc-5b3d-42f4-90f5-b6eeec8695f1:192.168.19.46:45939: org.apache.ratis.thirdparty.io.grpc.StatusRuntimeException: UNAVAILABLE: io exception
2019-06-12 13:41:30,219 INFO  impl.FollowerInfo (FollowerInfo.java:lambda$new$0(50)) - 2748af54-33a5-4620-a4be-2202c3ceebf6->9e931dfc-5b3d-42f4-90f5-b6eeec8695f1: nextIndex: updateUnconditionally 0 -> 0
2019-06-12 13:41:30,220 WARN  server.GrpcLogAppender (LogUtils.java:warn(134)) - 2748af54-33a5-4620-a4be-2202c3ceebf6: Failed appendEntries to f774f434-0ad1-462e-af15-84bd84bd91e9:192.168.19.46:32903: org.apache.ratis.thirdparty.io.grpc.StatusRuntimeException: UNAVAILABLE: io exception
2019-06-12 13:41:30,220 INFO  impl.FollowerInfo (FollowerInfo.java:lambda$new$0(50)) - 2748af54-33a5-4620-a4be-2202c3ceebf6->f774f434-0ad1-462e-af15-84bd84bd91e9: nextIndex: updateUnconditionally 0 -> 0
2019-06-12 13:41:30,720 WARN  server.GrpcLogAppender (LogUtils.java:warn(134)) - 2748af54-33a5-4620-a4be-2202c3ceebf6: Failed appendEntries to f774f434-0ad1-462e-af15-84bd84bd91e9:192.168.19.46:32903: org.apache.ratis.thirdparty.io.grpc.StatusRuntimeException: UNAVAILABLE: io exception
2019-06-12 13:41:30,720 WARN  server.GrpcLogAppender (LogUtils.java:warn(134)) - 2748af54-33a5-4620-a4be-2202c3ceebf6: Failed appendEntries to 9e931dfc-5b3d-42f4-90f5-b6eeec8695f1:192.168.19.46:45939: org.apache.ratis.thirdparty.io.grpc.StatusRuntimeException: UNAVAILABLE: io exception
2019-06-12 13:41:30,720 INFO  impl.FollowerInfo (FollowerInfo.java:lambda$new$0(50)) - 2748af54-33a5-4620-a4be-2202c3ceebf6->f774f434-0ad1-462e-af15-84bd84bd91e9: nextIndex: updateUnconditionally 0 -> 0
2019-06-12 13:41:30,720 INFO  impl.FollowerInfo (FollowerInfo.java:lambda$new$0(50)) - 2748af54-33a5-4620-a4be-2202c3ceebf6->9e931dfc-5b3d-42f4-90f5-b6eeec8695f1: nextIndex: updateUnconditionally 0 -> 0
2019-06-12 13:41:31,220 WARN  server.GrpcLogAppender (LogUtils.java:warn(134)) - 2748af54-33a5-4620-a4be-2202c3ceebf6: Failed appendEntries to 9e931dfc-5b3d-42f4-90f5-b6eeec8695f1:192.168.19.46:45939: org.apache.ratis.thirdparty.io.grpc.StatusRuntimeException: UNAVAILABLE: io exception
2019-06-12 13:41:31,220 WARN  server.GrpcLogAppender (LogUtils.java:warn(134)) - 2748af54-33a5-4620-a4be-2202c3ceebf6: Failed appendEntries to f774f434-0ad1-462e-af15-84bd84bd91e9:192.168.19.46:32903: org.apache.ratis.thirdparty.io.grpc.StatusRuntimeException: UNAVAILABLE: io exception
2019-06-12 13:41:31,221 INFO  impl.FollowerInfo (FollowerInfo.java:lambda$new$0(50)) - 2748af54-33a5-4620-a4be-2202c3ceebf6->9e931dfc-5b3d-42f4-90f5-b6eeec8695f1: nextIndex: updateUnconditionally 0 -> 0
2019-06-12 13:41:31,221 INFO  impl.FollowerInfo (FollowerInfo.java:lambda$new$0(50)) - 2748af54-33a5-4620-a4be-2202c3ceebf6->f774f434-0ad1-462e-af15-84bd84bd91e9: nextIndex: updateUnconditionally 0 -> 0
2019-06-12 13:41:31,723 WARN  server.GrpcLogAppender (LogUtils.java:warn(134)) - 2748af54-33a5-4620-a4be-2202c3ceebf6: Failed appendEntries to 9e931dfc-5b3d-42f4-90f5-b6eeec8695f1:192.168.19.46:45939: org.apache.ratis.thirdparty.io.grpc.StatusRuntimeException: UNAVAILABLE: io exception
2019-06-12 13:41:31,726 WARN  server.GrpcLogAppender (LogUtils.java:warn(134)) - 2748af54-33a5-4620-a4be-2202c3ceebf6: Failed appendEntries to f774f434-0ad1-462e-af15-84bd84bd91e9:192.168.19.46:32903: org.apache.ratis.thirdparty.io.grpc.StatusRuntimeException: UNAVAILABLE: io exception
2019-06-12 13:41:31,726 INFO  impl.FollowerInfo (FollowerInfo.java:lambda$new$0(50)) - 2748af54-33a5-4620-a4be-2202c3ceebf6->9e931dfc-5b3d-42f4-90f5-b6eeec8695f1: nextIndex: updateUnconditionally 0 -> 0
2019-06-12 13:41:31,726 INFO  impl.FollowerInfo (FollowerInfo.java:lambda$new$0(50)) - 2748af54-33a5-4620-a4be-2202c3ceebf6->f774f434-0ad1-462e-af15-84bd84bd91e9: nextIndex: updateUnconditionally 0 -> 0
2019-06-12 13:41:32,224 WARN  server.GrpcLogAppender (LogUtils.java:warn(134)) - 2748af54-33a5-4620-a4be-2202c3ceebf6: Failed appendEntries to f774f434-0ad1-462e-af15-84bd84bd91e9:192.168.19.46:32903: org.apache.ratis.thirdparty.io.grpc.StatusRuntimeException: UNAVAILABLE: io exception
2019-06-12 13:41:32,224 INFO  impl.FollowerInfo (FollowerInfo.java:lambda$new$0(50)) - 2748af54-33a5-4620-a4be-2202c3ceebf6->f774f434-0ad1-462e-af15-84bd84bd91e9: nextIndex: updateUnconditionally 0 -> 0
2019-06-12 13:41:32,224 WARN  server.GrpcLogAppender (LogUtils.java:warn(134)) - 2748af54-33a5-4620-a4be-2202c3ceebf6: Failed appendEntries to 9e931dfc-5b3d-42f4-90f5-b6eeec8695f1:192.168.19.46:45939: org.apache.ratis.thirdparty.io.grpc.StatusRuntimeException: UNAVAILABLE: io exception
2019-06-12 13:41:32,225 INFO  impl.FollowerInfo (FollowerInfo.java:lambda$new$0(50)) - 2748af54-33a5-4620-a4be-2202c3ceebf6->9e931dfc-5b3d-42f4-90f5-b6eeec8695f1: nextIndex: updateUnconditionally 0 -> 0
2019-06-12 13:41:32,725 WARN  server.GrpcLogAppender (LogUtils.java:warn(134)) - 2748af54-33a5-4620-a4be-2202c3ceebf6: Failed appendEntries to f774f434-0ad1-462e-af15-84bd84bd91e9:192.168.19.46:32903: org.apache.ratis.thirdparty.io.grpc.StatusRuntimeException: UNAVAILABLE: io exception
2019-06-12 13:41:32,725 INFO  impl.FollowerInfo (FollowerInfo.java:lambda$new$0(50)) - 2748af54-33a5-4620-a4be-2202c3ceebf6->f774f434-0ad1-462e-af15-84bd84bd91e9: nextIndex: updateUnconditionally 0 -> 0
2019-06-12 13:41:32,725 WARN  server.GrpcLogAppender (LogUtils.java:warn(134)) - 2748af54-33a5-4620-a4be-2202c3ceebf6: Failed appendEntries to 9e931dfc-5b3d-42f4-90f5-b6eeec8695f1:192.168.19.46:45939: org.apache.ratis.thirdparty.io.grpc.StatusRuntimeException: UNAVAILABLE: io exception
2019-06-12 13:41:32,726 INFO  impl.FollowerInfo (FollowerInfo.java:lambda$new$0(50)) - 2748af54-33a5-4620-a4be-2202c3ceebf6->9e931dfc-5b3d-42f4-90f5-b6eeec8695f1: nextIndex: updateUnconditionally 0 -> 0
2019-06-12 13:41:33,225 WARN  server.GrpcLogAppender (LogUtils.java:warn(134)) - 2748af54-33a5-4620-a4be-2202c3ceebf6: Failed appendEntries to f774f434-0ad1-462e-af15-84bd84bd91e9:192.168.19.46:32903: org.apache.ratis.thirdparty.io.grpc.StatusRuntimeException: UNAVAILABLE: io exception
2019-06-12 13:41:33,226 INFO  impl.FollowerInfo (FollowerInfo.java:lambda$new$0(50)) - 2748af54-33a5-4620-a4be-2202c3ceebf6->f774f434-0ad1-462e-af15-84bd84bd91e9: nextIndex: updateUnconditionally 0 -> 0
2019-06-12 13:41:33,226 WARN  server.GrpcLogAppender (LogUtils.java:warn(134)) - 2748af54-33a5-4620-a4be-2202c3ceebf6: Failed appendEntries to 9e931dfc-5b3d-42f4-90f5-b6eeec8695f1:192.168.19.46:45939: org.apache.ratis.thirdparty.io.grpc.StatusRuntimeException: UNAVAILABLE: io exception
2019-06-12 13:41:33,226 INFO  impl.FollowerInfo (FollowerInfo.java:lambda$new$0(50)) - 2748af54-33a5-4620-a4be-2202c3ceebf6->9e931dfc-5b3d-42f4-90f5-b6eeec8695f1: nextIndex: updateUnconditionally 0 -> 0
2019-06-12 13:41:33,726 WARN  server.GrpcLogAppender (LogUtils.java:warn(134)) - 2748af54-33a5-4620-a4be-2202c3ceebf6: Failed appendEntries to 9e931dfc-5b3d-42f4-90f5-b6eeec8695f1:192.168.19.46:45939: org.apache.ratis.thirdparty.io.grpc.StatusRuntimeException: UNAVAILABLE: io exception
2019-06-12 13:41:33,726 WARN  server.GrpcLogAppender (LogUtils.java:warn(134)) - 2748af54-33a5-4620-a4be-2202c3ceebf6: Failed appendEntries to f774f434-0ad1-462e-af15-84bd84bd91e9:192.168.19.46:32903: org.apache.ratis.thirdparty.io.grpc.StatusRuntimeException: UNAVAILABLE: io exception
2019-06-12 13:41:33,726 INFO  impl.FollowerInfo (FollowerInfo.java:lambda$new$0(50)) - 2748af54-33a5-4620-a4be-2202c3ceebf6->9e931dfc-5b3d-42f4-90f5-b6eeec8695f1: nextIndex: updateUnconditionally 0 -> 0
2019-06-12 13:41:33,726 INFO  impl.FollowerInfo (FollowerInfo.java:lambda$new$0(50)) - 2748af54-33a5-4620-a4be-2202c3ceebf6->f774f434-0ad1-462e-af15-84bd84bd91e9: nextIndex: updateUnconditionally 0 -> 0
2019-06-12 13:41:34,226 WARN  server.GrpcLogAppender (LogUtils.java:warn(134)) - 2748af54-33a5-4620-a4be-2202c3ceebf6: Failed appendEntries to f774f434-0ad1-462e-af15-84bd84bd91e9:192.168.19.46:32903: org.apache.ratis.thirdparty.io.grpc.StatusRuntimeException: UNAVAILABLE: io exception
2019-06-12 13:41:34,226 WARN  server.GrpcLogAppender (LogUtils.java:warn(134)) - 2748af54-33a5-4620-a4be-2202c3ceebf6: Failed appendEntries to 9e931dfc-5b3d-42f4-90f5-b6eeec8695f1:192.168.19.46:45939: org.apache.ratis.thirdparty.io.grpc.StatusRuntimeException: UNAVAILABLE: io exception
2019-06-12 13:41:34,227 INFO  impl.FollowerInfo (FollowerInfo.java:lambda$new$0(50)) - 2748af54-33a5-4620-a4be-2202c3ceebf6->f774f434-0ad1-462e-af15-84bd84bd91e9: nextIndex: updateUnconditionally 0 -> 0
2019-06-12 13:41:34,227 INFO  impl.FollowerInfo (FollowerInfo.java:lambda$new$0(50)) - 2748af54-33a5-4620-a4be-2202c3ceebf6->9e931dfc-5b3d-42f4-90f5-b6eeec8695f1: nextIndex: updateUnconditionally 0 -> 0
2019-06-12 13:41:34,727 WARN  server.GrpcLogAppender (LogUtils.java:warn(134)) - 2748af54-33a5-4620-a4be-2202c3ceebf6: Failed appendEntries to 9e931dfc-5b3d-42f4-90f5-b6eeec8695f1:192.168.19.46:45939: org.apache.ratis.thirdparty.io.grpc.StatusRuntimeException: UNAVAILABLE: io exception
2019-06-12 13:41:34,727 WARN  server.GrpcLogAppender (LogUtils.java:warn(134)) - 2748af54-33a5-4620-a4be-2202c3ceebf6: Failed appendEntries to f774f434-0ad1-462e-af15-84bd84bd91e9:192.168.19.46:32903: org.apache.ratis.thirdparty.io.grpc.StatusRuntimeException: UNAVAILABLE: io exception
2019-06-12 13:41:34,727 INFO  impl.FollowerInfo (FollowerInfo.java:lambda$new$0(50)) - 2748af54-33a5-4620-a4be-2202c3ceebf6->9e931dfc-5b3d-42f4-90f5-b6eeec8695f1: nextIndex: updateUnconditionally 0 -> 0
2019-06-12 13:41:34,727 INFO  impl.FollowerInfo (FollowerInfo.java:lambda$new$0(50)) - 2748af54-33a5-4620-a4be-2202c3ceebf6->f774f434-0ad1-462e-af15-84bd84bd91e9: nextIndex: updateUnconditionally 0 -> 0
2019-06-12 13:41:35,228 WARN  server.GrpcLogAppender (LogUtils.java:warn(134)) - 2748af54-33a5-4620-a4be-2202c3ceebf6: Failed appendEntries to f774f434-0ad1-462e-af15-84bd84bd91e9:192.168.19.46:32903: org.apache.ratis.thirdparty.io.grpc.StatusRuntimeException: UNAVAILABLE: io exception
2019-06-12 13:41:35,228 WARN  server.GrpcLogAppender (LogUtils.java:warn(134)) - 2748af54-33a5-4620-a4be-2202c3ceebf6: Failed appendEntries to 9e931dfc-5b3d-42f4-90f5-b6eeec8695f1:192.168.19.46:45939: org.apache.ratis.thirdparty.io.grpc.StatusRuntimeException: UNAVAILABLE: io exception
2019-06-12 13:41:35,228 INFO  impl.FollowerInfo (FollowerInfo.java:lambda$new$0(50)) - 2748af54-33a5-4620-a4be-2202c3ceebf6->f774f434-0ad1-462e-af15-84bd84bd91e9: nextIndex: updateUnconditionally 0 -> 0
2019-06-12 13:41:35,228 INFO  impl.FollowerInfo (FollowerInfo.java:lambda$new$0(50)) - 2748af54-33a5-4620-a4be-2202c3ceebf6->9e931dfc-5b3d-42f4-90f5-b6eeec8695f1: nextIndex: updateUnconditionally 0 -> 0
2019-06-12 13:41:35,582 INFO  client.GrpcClientProtocolService (GrpcClientProtocolService.java:lambda$processClientRequest$0(264)) - Failed RaftClientRequest:client-A763E026E650->2748af54-33a5-4620-a4be-2202c3ceebf6@group-07E0A932FC44, cid=67, seq=0, Watch-ALL_COMMITTED(2), Message:<EMPTY>, reply=RaftClientReply:client-A763E026E650->2748af54-33a5-4620-a4be-2202c3ceebf6@group-07E0A932FC44, cid=67, FAILED org.apache.ratis.protocol.NotReplicatedException: Request with call Id 67 and log index 2 is not yet replicated to ALL_COMMITTED, logIndex=2, commits[2748af54-33a5-4620-a4be-2202c3ceebf6:c2, f774f434-0ad1-462e-af15-84bd84bd91e9:c1, 9e931dfc-5b3d-42f4-90f5-b6eeec8695f1:c1]
2019-06-12 13:41:35,728 WARN  server.GrpcLogAppender (LogUtils.java:warn(134)) - 2748af54-33a5-4620-a4be-2202c3ceebf6: Failed appendEntries to 9e931dfc-5b3d-42f4-90f5-b6eeec8695f1:192.168.19.46:45939: org.apache.ratis.thirdparty.io.grpc.StatusRuntimeException: UNAVAILABLE: io exception
2019-06-12 13:41:35,728 WARN  server.GrpcLogAppender (LogUtils.java:warn(134)) - 2748af54-33a5-4620-a4be-2202c3ceebf6: Failed appendEntries to f774f434-0ad1-462e-af15-84bd84bd91e9:192.168.19.46:32903: org.apache.ratis.thirdparty.io.grpc.StatusRuntimeException: UNAVAILABLE: io exception
2019-06-12 13:41:35,731 INFO  impl.FollowerInfo (FollowerInfo.java:lambda$new$0(50)) - 2748af54-33a5-4620-a4be-2202c3ceebf6->f774f434-0ad1-462e-af15-84bd84bd91e9: nextIndex: updateUnconditionally 0 -> 0
2019-06-12 13:41:35,729 INFO  impl.FollowerInfo (FollowerInfo.java:lambda$new$0(50)) - 2748af54-33a5-4620-a4be-2202c3ceebf6->9e931dfc-5b3d-42f4-90f5-b6eeec8695f1: nextIndex: updateUnconditionally 0 -> 0
2019-06-12 13:41:36,229 WARN  server.GrpcLogAppender (LogUtils.java:warn(134)) - 2748af54-33a5-4620-a4be-2202c3ceebf6: Failed appendEntries to f774f434-0ad1-462e-af15-84bd84bd91e9:192.168.19.46:32903: org.apache.ratis.thirdparty.io.grpc.StatusRuntimeException: UNAVAILABLE: io exception
2019-06-12 13:41:36,229 WARN  server.GrpcLogAppender (LogUtils.java:warn(134)) - 2748af54-33a5-4620-a4be-2202c3ceebf6: Failed appendEntries to 9e931dfc-5b3d-42f4-90f5-b6eeec8695f1:192.168.19.46:45939: org.apache.ratis.thirdparty.io.grpc.StatusRuntimeException: UNAVAILABLE: io exception
2019-06-12 13:41:36,229 INFO  impl.FollowerInfo (FollowerInfo.java:lambda$new$0(50)) - 2748af54-33a5-4620-a4be-2202c3ceebf6->f774f434-0ad1-462e-af15-84bd84bd91e9: nextIndex: updateUnconditionally 0 -> 0
2019-06-12 13:41:36,229 INFO  impl.FollowerInfo (FollowerInfo.java:lambda$new$0(50)) - 2748af54-33a5-4620-a4be-2202c3ceebf6->9e931dfc-5b3d-42f4-90f5-b6eeec8695f1: nextIndex: updateUnconditionally 0 -> 0
2019-06-12 13:41:36,729 WARN  server.GrpcLogAppender (LogUtils.java:warn(134)) - 2748af54-33a5-4620-a4be-2202c3ceebf6: Failed appendEntries to f774f434-0ad1-462e-af15-84bd84bd91e9:192.168.19.46:32903: org.apache.ratis.thirdparty.io.grpc.StatusRuntimeException: UNAVAILABLE: io exception
2019-06-12 13:41:36,729 INFO  impl.FollowerInfo (FollowerInfo.java:lambda$new$0(50)) - 2748af54-33a5-4620-a4be-2202c3ceebf6->f774f434-0ad1-462e-af15-84bd84bd91e9: nextIndex: updateUnconditionally 0 -> 0
2019-06-12 13:41:36,730 WARN  server.GrpcLogAppender (LogUtils.java:warn(134)) - 2748af54-33a5-4620-a4be-2202c3ceebf6: Failed appendEntries to 9e931dfc-5b3d-42f4-90f5-b6eeec8695f1:192.168.19.46:45939: org.apache.ratis.thirdparty.io.grpc.StatusRuntimeException: UNAVAILABLE: io exception
2019-06-12 13:41:36,730 INFO  impl.FollowerInfo (FollowerInfo.java:lambda$new$0(50)) - 2748af54-33a5-4620-a4be-2202c3ceebf6->9e931dfc-5b3d-42f4-90f5-b6eeec8695f1: nextIndex: updateUnconditionally 0 -> 0
2019-06-12 13:41:37,230 WARN  server.GrpcLogAppender (LogUtils.java:warn(134)) - 2748af54-33a5-4620-a4be-2202c3ceebf6: Failed appendEntries to f774f434-0ad1-462e-af15-84bd84bd91e9:192.168.19.46:32903: org.apache.ratis.thirdparty.io.grpc.StatusRuntimeException: UNAVAILABLE: io exception
2019-06-12 13:41:37,230 WARN  server.GrpcLogAppender (LogUtils.java:warn(134)) - 2748af54-33a5-4620-a4be-2202c3ceebf6: Failed appendEntries to 9e931dfc-5b3d-42f4-90f5-b6eeec8695f1:192.168.19.46:45939: org.apache.ratis.thirdparty.io.grpc.StatusRuntimeException: UNAVAILABLE: io exception
2019-06-12 13:41:37,230 INFO  impl.FollowerInfo (FollowerInfo.java:lambda$new$0(50)) - 2748af54-33a5-4620-a4be-2202c3ceebf6->f774f434-0ad1-462e-af15-84bd84bd91e9: nextIndex: updateUnconditionally 0 -> 0
2019-06-12 13:41:37,230 INFO  impl.FollowerInfo (FollowerInfo.java:lambda$new$0(50)) - 2748af54-33a5-4620-a4be-2202c3ceebf6->9e931dfc-5b3d-42f4-90f5-b6eeec8695f1: nextIndex: updateUnconditionally 0 -> 0
2019-06-12 13:41:37,730 WARN  server.GrpcLogAppender (LogUtils.java:warn(134)) - 2748af54-33a5-4620-a4be-2202c3ceebf6: Failed appendEntries to 9e931dfc-5b3d-42f4-90f5-b6eeec8695f1:192.168.19.46:45939: org.apache.ratis.thirdparty.io.grpc.StatusRuntimeException: UNAVAILABLE: io exception
2019-06-12 13:41:37,731 INFO  impl.FollowerInfo (FollowerInfo.java:lambda$new$0(50)) - 2748af54-33a5-4620-a4be-2202c3ceebf6->9e931dfc-5b3d-42f4-90f5-b6eeec8695f1: nextIndex: updateUnconditionally 0 -> 0
2019-06-12 13:41:37,730 WARN  server.GrpcLogAppender (LogUtils.java:warn(134)) - 2748af54-33a5-4620-a4be-2202c3ceebf6: Failed appendEntries to f774f434-0ad1-462e-af15-84bd84bd91e9:192.168.19.46:32903: org.apache.ratis.thirdparty.io.grpc.StatusRuntimeException: UNAVAILABLE: io exception
2019-06-12 13:41:37,731 INFO  impl.FollowerInfo (FollowerInfo.java:lambda$new$0(50)) - 2748af54-33a5-4620-a4be-2202c3ceebf6->f774f434-0ad1-462e-af15-84bd84bd91e9: nextIndex: updateUnconditionally 0 -> 0
2019-06-12 13:41:37,857 WARN  client.GrpcClientProtocolService (LogUtils.java:warn(134)) - 4-UnorderedRequestStreamObserver4: onError: org.apache.ratis.thirdparty.io.grpc.StatusRuntimeException: CANCELLED: cancelled before receiving half close
2019-06-12 13:41:38,231 WARN  server.GrpcLogAppender (LogUtils.java:warn(134)) - 2748af54-33a5-4620-a4be-2202c3ceebf6: Failed appendEntries to f774f434-0ad1-462e-af15-84bd84bd91e9:192.168.19.46:32903: org.apache.ratis.thirdparty.io.grpc.StatusRuntimeException: UNAVAILABLE: io exception
2019-06-12 13:41:38,231 WARN  server.GrpcLogAppender (LogUtils.java:warn(134)) - 2748af54-33a5-4620-a4be-2202c3ceebf6: Failed appendEntries to 9e931dfc-5b3d-42f4-90f5-b6eeec8695f1:192.168.19.46:45939: org.apache.ratis.thirdparty.io.grpc.StatusRuntimeException: UNAVAILABLE: io exception
2019-06-12 13:41:38,231 INFO  impl.FollowerInfo (FollowerInfo.java:lambda$new$0(50)) - 2748af54-33a5-4620-a4be-2202c3ceebf6->f774f434-0ad1-462e-af15-84bd84bd91e9: nextIndex: updateUnconditionally 0 -> 0
2019-06-12 13:41:38,232 INFO  impl.FollowerInfo (FollowerInfo.java:lambda$new$0(50)) - 2748af54-33a5-4620-a4be-2202c3ceebf6->9e931dfc-5b3d-42f4-90f5-b6eeec8695f1: nextIndex: updateUnconditionally 0 -> 0
2019-06-12 13:41:38,732 WARN  server.GrpcLogAppender (LogUtils.java:warn(134)) - 2748af54-33a5-4620-a4be-2202c3ceebf6: Failed appendEntries to f774f434-0ad1-462e-af15-84bd84bd91e9:192.168.19.46:32903: org.apache.ratis.thirdparty.io.grpc.StatusRuntimeException: UNAVAILABLE: io exception
2019-06-12 13:41:38,732 WARN  server.GrpcLogAppender (LogUtils.java:warn(134)) - 2748af54-33a5-4620-a4be-2202c3ceebf6: Failed appendEntries to 9e931dfc-5b3d-42f4-90f5-b6eeec8695f1:192.168.19.46:45939: org.apache.ratis.thirdparty.io.grpc.StatusRuntimeException: UNAVAILABLE: io exception
2019-06-12 13:41:38,732 INFO  impl.FollowerInfo (FollowerInfo.java:lambda$new$0(50)) - 2748af54-33a5-4620-a4be-2202c3ceebf6->f774f434-0ad1-462e-af15-84bd84bd91e9: nextIndex: updateUnconditionally 0 -> 0
2019-06-12 13:41:38,732 INFO  impl.FollowerInfo (FollowerInfo.java:lambda$new$0(50)) - 2748af54-33a5-4620-a4be-2202c3ceebf6->9e931dfc-5b3d-42f4-90f5-b6eeec8695f1: nextIndex: updateUnconditionally 0 -> 0
2019-06-12 13:41:38,811 WARN  scm.XceiverClientRatis (XceiverClientRatis.java:watchForCommit(260)) - 3 way commit failed 
java.util.concurrent.TimeoutException
	at java.util.concurrent.CompletableFuture.timedGet(CompletableFuture.java:1771)
	at java.util.concurrent.CompletableFuture.get(CompletableFuture.java:1915)
	at org.apache.hadoop.hdds.scm.XceiverClientRatis.watchForCommit(XceiverClientRatis.java:257)
	at org.apache.hadoop.ozone.client.rpc.TestWatchForCommit.testWatchForCommitForRetryfailure(TestWatchForCommit.java:347)
	at sun.reflect.NativeMethodAccessorImpl.invoke0(Native Method)
	at sun.reflect.NativeMethodAccessorImpl.invoke(NativeMethodAccessorImpl.java:62)
	at sun.reflect.DelegatingMethodAccessorImpl.invoke(DelegatingMethodAccessorImpl.java:43)
	at java.lang.reflect.Method.invoke(Method.java:498)
	at org.junit.runners.model.FrameworkMethod$1.runReflectiveCall(FrameworkMethod.java:47)
	at org.junit.internal.runners.model.ReflectiveCallable.run(ReflectiveCallable.java:12)
	at org.junit.runners.model.FrameworkMethod.invokeExplosively(FrameworkMethod.java:44)
	at org.junit.internal.runners.statements.InvokeMethod.evaluate(InvokeMethod.java:17)
	at org.junit.runners.ParentRunner.runLeaf(ParentRunner.java:271)
	at org.junit.runners.BlockJUnit4ClassRunner.runChild(BlockJUnit4ClassRunner.java:70)
	at org.junit.runners.BlockJUnit4ClassRunner.runChild(BlockJUnit4ClassRunner.java:50)
	at org.junit.runners.ParentRunner$3.run(ParentRunner.java:238)
	at org.junit.runners.ParentRunner$1.schedule(ParentRunner.java:63)
	at org.junit.runners.ParentRunner.runChildren(ParentRunner.java:236)
	at org.junit.runners.ParentRunner.access$000(ParentRunner.java:53)
	at org.junit.runners.ParentRunner$2.evaluate(ParentRunner.java:229)
	at org.junit.runners.ParentRunner.run(ParentRunner.java:309)
	at org.apache.maven.surefire.junit4.JUnit4Provider.execute(JUnit4Provider.java:365)
	at org.apache.maven.surefire.junit4.JUnit4Provider.executeWithRerun(JUnit4Provider.java:273)
	at org.apache.maven.surefire.junit4.JUnit4Provider.executeTestSet(JUnit4Provider.java:238)
	at org.apache.maven.surefire.junit4.JUnit4Provider.invoke(JUnit4Provider.java:159)
	at org.apache.maven.surefire.booter.ForkedBooter.invokeProviderInSameClassLoader(ForkedBooter.java:384)
	at org.apache.maven.surefire.booter.ForkedBooter.runSuitesInProcess(ForkedBooter.java:345)
	at org.apache.maven.surefire.booter.ForkedBooter.execute(ForkedBooter.java:126)
	at org.apache.maven.surefire.booter.ForkedBooter.main(ForkedBooter.java:418)
2019-06-12 13:41:39,232 WARN  server.GrpcLogAppender (LogUtils.java:warn(134)) - 2748af54-33a5-4620-a4be-2202c3ceebf6: Failed appendEntries to 9e931dfc-5b3d-42f4-90f5-b6eeec8695f1:192.168.19.46:45939: org.apache.ratis.thirdparty.io.grpc.StatusRuntimeException: UNAVAILABLE: io exception
2019-06-12 13:41:39,233 INFO  impl.FollowerInfo (FollowerInfo.java:lambda$new$0(50)) - 2748af54-33a5-4620-a4be-2202c3ceebf6->9e931dfc-5b3d-42f4-90f5-b6eeec8695f1: nextIndex: updateUnconditionally 0 -> 0
2019-06-12 13:41:39,233 WARN  server.GrpcLogAppender (LogUtils.java:warn(134)) - 2748af54-33a5-4620-a4be-2202c3ceebf6: Failed appendEntries to f774f434-0ad1-462e-af15-84bd84bd91e9:192.168.19.46:32903: org.apache.ratis.thirdparty.io.grpc.StatusRuntimeException: UNAVAILABLE: io exception
2019-06-12 13:41:39,233 INFO  impl.FollowerInfo (FollowerInfo.java:lambda$new$0(50)) - 2748af54-33a5-4620-a4be-2202c3ceebf6->f774f434-0ad1-462e-af15-84bd84bd91e9: nextIndex: updateUnconditionally 0 -> 0
2019-06-12 13:41:39,733 WARN  server.GrpcLogAppender (LogUtils.java:warn(134)) - 2748af54-33a5-4620-a4be-2202c3ceebf6: Failed appendEntries to f774f434-0ad1-462e-af15-84bd84bd91e9:192.168.19.46:32903: org.apache.ratis.thirdparty.io.grpc.StatusRuntimeException: UNAVAILABLE: io exception
2019-06-12 13:41:39,733 INFO  impl.FollowerInfo (FollowerInfo.java:lambda$new$0(50)) - 2748af54-33a5-4620-a4be-2202c3ceebf6->f774f434-0ad1-462e-af15-84bd84bd91e9: nextIndex: updateUnconditionally 0 -> 0
2019-06-12 13:41:39,733 WARN  server.GrpcLogAppender (LogUtils.java:warn(134)) - 2748af54-33a5-4620-a4be-2202c3ceebf6: Failed appendEntries to 9e931dfc-5b3d-42f4-90f5-b6eeec8695f1:192.168.19.46:45939: org.apache.ratis.thirdparty.io.grpc.StatusRuntimeException: UNAVAILABLE: io exception
2019-06-12 13:41:39,734 INFO  impl.FollowerInfo (FollowerInfo.java:lambda$new$0(50)) - 2748af54-33a5-4620-a4be-2202c3ceebf6->9e931dfc-5b3d-42f4-90f5-b6eeec8695f1: nextIndex: updateUnconditionally 0 -> 0
2019-06-12 13:41:40,233 WARN  server.GrpcLogAppender (LogUtils.java:warn(134)) - 2748af54-33a5-4620-a4be-2202c3ceebf6: Failed appendEntries to 9e931dfc-5b3d-42f4-90f5-b6eeec8695f1:192.168.19.46:45939: org.apache.ratis.thirdparty.io.grpc.StatusRuntimeException: UNAVAILABLE: io exception
2019-06-12 13:41:40,234 WARN  server.GrpcLogAppender (LogUtils.java:warn(134)) - 2748af54-33a5-4620-a4be-2202c3ceebf6: Failed appendEntries to f774f434-0ad1-462e-af15-84bd84bd91e9:192.168.19.46:32903: org.apache.ratis.thirdparty.io.grpc.StatusRuntimeException: UNAVAILABLE: io exception
2019-06-12 13:41:40,234 INFO  impl.FollowerInfo (FollowerInfo.java:lambda$new$0(50)) - 2748af54-33a5-4620-a4be-2202c3ceebf6->9e931dfc-5b3d-42f4-90f5-b6eeec8695f1: nextIndex: updateUnconditionally 0 -> 0
2019-06-12 13:41:40,234 INFO  impl.FollowerInfo (FollowerInfo.java:lambda$new$0(50)) - 2748af54-33a5-4620-a4be-2202c3ceebf6->f774f434-0ad1-462e-af15-84bd84bd91e9: nextIndex: updateUnconditionally 0 -> 0
2019-06-12 13:41:40,582 INFO  client.GrpcClientProtocolService (GrpcClientProtocolService.java:lambda$processClientRequest$0(264)) - Failed RaftClientRequest:client-A763E026E650->2748af54-33a5-4620-a4be-2202c3ceebf6@group-07E0A932FC44, cid=67, seq=0, Watch-ALL_COMMITTED(2), Message:<EMPTY>, reply=RaftClientReply:client-A763E026E650->2748af54-33a5-4620-a4be-2202c3ceebf6@group-07E0A932FC44, cid=67, FAILED org.apache.ratis.protocol.NotReplicatedException: Request with call Id 67 and log index 2 is not yet replicated to ALL_COMMITTED, logIndex=2, commits[2748af54-33a5-4620-a4be-2202c3ceebf6:c2, f774f434-0ad1-462e-af15-84bd84bd91e9:c1, 9e931dfc-5b3d-42f4-90f5-b6eeec8695f1:c1]
2019-06-12 13:41:40,735 WARN  server.GrpcLogAppender (LogUtils.java:warn(134)) - 2748af54-33a5-4620-a4be-2202c3ceebf6: Failed appendEntries to f774f434-0ad1-462e-af15-84bd84bd91e9:192.168.19.46:32903: org.apache.ratis.thirdparty.io.grpc.StatusRuntimeException: UNAVAILABLE: io exception
2019-06-12 13:41:40,735 INFO  impl.FollowerInfo (FollowerInfo.java:lambda$new$0(50)) - 2748af54-33a5-4620-a4be-2202c3ceebf6->f774f434-0ad1-462e-af15-84bd84bd91e9: nextIndex: updateUnconditionally 0 -> 0
2019-06-12 13:41:40,736 WARN  server.GrpcLogAppender (LogUtils.java:warn(134)) - 2748af54-33a5-4620-a4be-2202c3ceebf6: Failed appendEntries to 9e931dfc-5b3d-42f4-90f5-b6eeec8695f1:192.168.19.46:45939: org.apache.ratis.thirdparty.io.grpc.StatusRuntimeException: UNAVAILABLE: io exception
2019-06-12 13:41:40,741 INFO  impl.FollowerInfo (FollowerInfo.java:lambda$new$0(50)) - 2748af54-33a5-4620-a4be-2202c3ceebf6->9e931dfc-5b3d-42f4-90f5-b6eeec8695f1: nextIndex: updateUnconditionally 0 -> 0
2019-06-12 13:41:41,238 WARN  server.GrpcLogAppender (LogUtils.java:warn(134)) - 2748af54-33a5-4620-a4be-2202c3ceebf6: Failed appendEntries to f774f434-0ad1-462e-af15-84bd84bd91e9:192.168.19.46:32903: org.apache.ratis.thirdparty.io.grpc.StatusRuntimeException: UNAVAILABLE: io exception
2019-06-12 13:41:41,238 WARN  server.GrpcLogAppender (LogUtils.java:warn(134)) - 2748af54-33a5-4620-a4be-2202c3ceebf6: Failed appendEntries to 9e931dfc-5b3d-42f4-90f5-b6eeec8695f1:192.168.19.46:45939: org.apache.ratis.thirdparty.io.grpc.StatusRuntimeException: UNAVAILABLE: io exception
2019-06-12 13:41:41,238 INFO  impl.FollowerInfo (FollowerInfo.java:lambda$new$0(50)) - 2748af54-33a5-4620-a4be-2202c3ceebf6->f774f434-0ad1-462e-af15-84bd84bd91e9: nextIndex: updateUnconditionally 0 -> 0
2019-06-12 13:41:41,238 INFO  impl.FollowerInfo (FollowerInfo.java:lambda$new$0(50)) - 2748af54-33a5-4620-a4be-2202c3ceebf6->9e931dfc-5b3d-42f4-90f5-b6eeec8695f1: nextIndex: updateUnconditionally 0 -> 0
2019-06-12 13:41:41,736 WARN  server.GrpcLogAppender (LogUtils.java:warn(134)) - 2748af54-33a5-4620-a4be-2202c3ceebf6: Failed appendEntries to f774f434-0ad1-462e-af15-84bd84bd91e9:192.168.19.46:32903: org.apache.ratis.thirdparty.io.grpc.StatusRuntimeException: UNAVAILABLE: io exception
2019-06-12 13:41:41,736 WARN  server.GrpcLogAppender (LogUtils.java:warn(134)) - 2748af54-33a5-4620-a4be-2202c3ceebf6: Failed appendEntries to 9e931dfc-5b3d-42f4-90f5-b6eeec8695f1:192.168.19.46:45939: org.apache.ratis.thirdparty.io.grpc.StatusRuntimeException: UNAVAILABLE: io exception
2019-06-12 13:41:41,736 INFO  impl.FollowerInfo (FollowerInfo.java:lambda$new$0(50)) - 2748af54-33a5-4620-a4be-2202c3ceebf6->f774f434-0ad1-462e-af15-84bd84bd91e9: nextIndex: updateUnconditionally 0 -> 0
2019-06-12 13:41:41,736 INFO  impl.FollowerInfo (FollowerInfo.java:lambda$new$0(50)) - 2748af54-33a5-4620-a4be-2202c3ceebf6->9e931dfc-5b3d-42f4-90f5-b6eeec8695f1: nextIndex: updateUnconditionally 0 -> 0
2019-06-12 13:41:42,237 WARN  server.GrpcLogAppender (LogUtils.java:warn(134)) - 2748af54-33a5-4620-a4be-2202c3ceebf6: Failed appendEntries to 9e931dfc-5b3d-42f4-90f5-b6eeec8695f1:192.168.19.46:45939: org.apache.ratis.thirdparty.io.grpc.StatusRuntimeException: UNAVAILABLE: io exception
2019-06-12 13:41:42,237 INFO  impl.FollowerInfo (FollowerInfo.java:lambda$new$0(50)) - 2748af54-33a5-4620-a4be-2202c3ceebf6->9e931dfc-5b3d-42f4-90f5-b6eeec8695f1: nextIndex: updateUnconditionally 0 -> 0
2019-06-12 13:41:42,237 WARN  server.GrpcLogAppender (LogUtils.java:warn(134)) - 2748af54-33a5-4620-a4be-2202c3ceebf6: Failed appendEntries to f774f434-0ad1-462e-af15-84bd84bd91e9:192.168.19.46:32903: org.apache.ratis.thirdparty.io.grpc.StatusRuntimeException: UNAVAILABLE: io exception
2019-06-12 13:41:42,237 INFO  impl.FollowerInfo (FollowerInfo.java:lambda$new$0(50)) - 2748af54-33a5-4620-a4be-2202c3ceebf6->f774f434-0ad1-462e-af15-84bd84bd91e9: nextIndex: updateUnconditionally 0 -> 0
2019-06-12 13:41:42,737 WARN  server.GrpcLogAppender (LogUtils.java:warn(134)) - 2748af54-33a5-4620-a4be-2202c3ceebf6: Failed appendEntries to 9e931dfc-5b3d-42f4-90f5-b6eeec8695f1:192.168.19.46:45939: org.apache.ratis.thirdparty.io.grpc.StatusRuntimeException: UNAVAILABLE: io exception
2019-06-12 13:41:42,737 WARN  server.GrpcLogAppender (LogUtils.java:warn(134)) - 2748af54-33a5-4620-a4be-2202c3ceebf6: Failed appendEntries to f774f434-0ad1-462e-af15-84bd84bd91e9:192.168.19.46:32903: org.apache.ratis.thirdparty.io.grpc.StatusRuntimeException: UNAVAILABLE: io exception
2019-06-12 13:41:42,737 INFO  impl.FollowerInfo (FollowerInfo.java:lambda$new$0(50)) - 2748af54-33a5-4620-a4be-2202c3ceebf6->9e931dfc-5b3d-42f4-90f5-b6eeec8695f1: nextIndex: updateUnconditionally 0 -> 0
2019-06-12 13:41:42,737 INFO  impl.FollowerInfo (FollowerInfo.java:lambda$new$0(50)) - 2748af54-33a5-4620-a4be-2202c3ceebf6->f774f434-0ad1-462e-af15-84bd84bd91e9: nextIndex: updateUnconditionally 0 -> 0
2019-06-12 13:41:43,238 WARN  server.GrpcLogAppender (LogUtils.java:warn(134)) - 2748af54-33a5-4620-a4be-2202c3ceebf6: Failed appendEntries to 9e931dfc-5b3d-42f4-90f5-b6eeec8695f1:192.168.19.46:45939: org.apache.ratis.thirdparty.io.grpc.StatusRuntimeException: UNAVAILABLE: io exception
2019-06-12 13:41:43,238 WARN  server.GrpcLogAppender (LogUtils.java:warn(134)) - 2748af54-33a5-4620-a4be-2202c3ceebf6: Failed appendEntries to f774f434-0ad1-462e-af15-84bd84bd91e9:192.168.19.46:32903: org.apache.ratis.thirdparty.io.grpc.StatusRuntimeException: UNAVAILABLE: io exception
2019-06-12 13:41:43,238 INFO  impl.FollowerInfo (FollowerInfo.java:lambda$new$0(50)) - 2748af54-33a5-4620-a4be-2202c3ceebf6->9e931dfc-5b3d-42f4-90f5-b6eeec8695f1: nextIndex: updateUnconditionally 0 -> 0
2019-06-12 13:41:43,238 INFO  impl.FollowerInfo (FollowerInfo.java:lambda$new$0(50)) - 2748af54-33a5-4620-a4be-2202c3ceebf6->f774f434-0ad1-462e-af15-84bd84bd91e9: nextIndex: updateUnconditionally 0 -> 0
2019-06-12 13:41:43,738 WARN  server.GrpcLogAppender (LogUtils.java:warn(134)) - 2748af54-33a5-4620-a4be-2202c3ceebf6: Failed appendEntries to 9e931dfc-5b3d-42f4-90f5-b6eeec8695f1:192.168.19.46:45939: org.apache.ratis.thirdparty.io.grpc.StatusRuntimeException: UNAVAILABLE: io exception
2019-06-12 13:41:43,738 INFO  impl.FollowerInfo (FollowerInfo.java:lambda$new$0(50)) - 2748af54-33a5-4620-a4be-2202c3ceebf6->9e931dfc-5b3d-42f4-90f5-b6eeec8695f1: nextIndex: updateUnconditionally 0 -> 0
2019-06-12 13:41:43,738 WARN  server.GrpcLogAppender (LogUtils.java:warn(134)) - 2748af54-33a5-4620-a4be-2202c3ceebf6: Failed appendEntries to f774f434-0ad1-462e-af15-84bd84bd91e9:192.168.19.46:32903: org.apache.ratis.thirdparty.io.grpc.StatusRuntimeException: UNAVAILABLE: io exception
2019-06-12 13:41:43,739 INFO  impl.FollowerInfo (FollowerInfo.java:lambda$new$0(50)) - 2748af54-33a5-4620-a4be-2202c3ceebf6->f774f434-0ad1-462e-af15-84bd84bd91e9: nextIndex: updateUnconditionally 0 -> 0
2019-06-12 13:41:44,239 WARN  server.GrpcLogAppender (LogUtils.java:warn(134)) - 2748af54-33a5-4620-a4be-2202c3ceebf6: Failed appendEntries to f774f434-0ad1-462e-af15-84bd84bd91e9:192.168.19.46:32903: org.apache.ratis.thirdparty.io.grpc.StatusRuntimeException: UNAVAILABLE: io exception
2019-06-12 13:41:44,239 WARN  server.GrpcLogAppender (LogUtils.java:warn(134)) - 2748af54-33a5-4620-a4be-2202c3ceebf6: Failed appendEntries to 9e931dfc-5b3d-42f4-90f5-b6eeec8695f1:192.168.19.46:45939: org.apache.ratis.thirdparty.io.grpc.StatusRuntimeException: UNAVAILABLE: io exception
2019-06-12 13:41:44,239 INFO  impl.FollowerInfo (FollowerInfo.java:lambda$new$0(50)) - 2748af54-33a5-4620-a4be-2202c3ceebf6->f774f434-0ad1-462e-af15-84bd84bd91e9: nextIndex: updateUnconditionally 0 -> 0
2019-06-12 13:41:44,239 INFO  impl.FollowerInfo (FollowerInfo.java:lambda$new$0(50)) - 2748af54-33a5-4620-a4be-2202c3ceebf6->9e931dfc-5b3d-42f4-90f5-b6eeec8695f1: nextIndex: updateUnconditionally 0 -> 0
2019-06-12 13:41:44,739 WARN  server.GrpcLogAppender (LogUtils.java:warn(134)) - 2748af54-33a5-4620-a4be-2202c3ceebf6: Failed appendEntries to f774f434-0ad1-462e-af15-84bd84bd91e9:192.168.19.46:32903: org.apache.ratis.thirdparty.io.grpc.StatusRuntimeException: UNAVAILABLE: io exception
2019-06-12 13:41:44,739 WARN  server.GrpcLogAppender (LogUtils.java:warn(134)) - 2748af54-33a5-4620-a4be-2202c3ceebf6: Failed appendEntries to 9e931dfc-5b3d-42f4-90f5-b6eeec8695f1:192.168.19.46:45939: org.apache.ratis.thirdparty.io.grpc.StatusRuntimeException: UNAVAILABLE: io exception
2019-06-12 13:41:44,740 INFO  impl.FollowerInfo (FollowerInfo.java:lambda$new$0(50)) - 2748af54-33a5-4620-a4be-2202c3ceebf6->f774f434-0ad1-462e-af15-84bd84bd91e9: nextIndex: updateUnconditionally 0 -> 0
2019-06-12 13:41:44,740 INFO  impl.FollowerInfo (FollowerInfo.java:lambda$new$0(50)) - 2748af54-33a5-4620-a4be-2202c3ceebf6->9e931dfc-5b3d-42f4-90f5-b6eeec8695f1: nextIndex: updateUnconditionally 0 -> 0
2019-06-12 13:41:45,240 WARN  server.GrpcLogAppender (LogUtils.java:warn(134)) - 2748af54-33a5-4620-a4be-2202c3ceebf6: Failed appendEntries to f774f434-0ad1-462e-af15-84bd84bd91e9:192.168.19.46:32903: org.apache.ratis.thirdparty.io.grpc.StatusRuntimeException: UNAVAILABLE: io exception
2019-06-12 13:41:45,240 WARN  server.GrpcLogAppender (LogUtils.java:warn(134)) - 2748af54-33a5-4620-a4be-2202c3ceebf6: Failed appendEntries to 9e931dfc-5b3d-42f4-90f5-b6eeec8695f1:192.168.19.46:45939: org.apache.ratis.thirdparty.io.grpc.StatusRuntimeException: UNAVAILABLE: io exception
2019-06-12 13:41:45,240 INFO  impl.FollowerInfo (FollowerInfo.java:lambda$new$0(50)) - 2748af54-33a5-4620-a4be-2202c3ceebf6->f774f434-0ad1-462e-af15-84bd84bd91e9: nextIndex: updateUnconditionally 0 -> 0
2019-06-12 13:41:45,240 INFO  impl.FollowerInfo (FollowerInfo.java:lambda$new$0(50)) - 2748af54-33a5-4620-a4be-2202c3ceebf6->9e931dfc-5b3d-42f4-90f5-b6eeec8695f1: nextIndex: updateUnconditionally 0 -> 0
2019-06-12 13:41:45,582 INFO  client.GrpcClientProtocolService (GrpcClientProtocolService.java:lambda$processClientRequest$0(264)) - Failed RaftClientRequest:client-A763E026E650->2748af54-33a5-4620-a4be-2202c3ceebf6@group-07E0A932FC44, cid=67, seq=0, Watch-ALL_COMMITTED(2), Message:<EMPTY>, reply=RaftClientReply:client-A763E026E650->2748af54-33a5-4620-a4be-2202c3ceebf6@group-07E0A932FC44, cid=67, FAILED org.apache.ratis.protocol.NotReplicatedException: Request with call Id 67 and log index 2 is not yet replicated to ALL_COMMITTED, logIndex=2, commits[2748af54-33a5-4620-a4be-2202c3ceebf6:c2, f774f434-0ad1-462e-af15-84bd84bd91e9:c1, 9e931dfc-5b3d-42f4-90f5-b6eeec8695f1:c1]
2019-06-12 13:41:45,740 WARN  server.GrpcLogAppender (LogUtils.java:warn(134)) - 2748af54-33a5-4620-a4be-2202c3ceebf6: Failed appendEntries to 9e931dfc-5b3d-42f4-90f5-b6eeec8695f1:192.168.19.46:45939: org.apache.ratis.thirdparty.io.grpc.StatusRuntimeException: UNAVAILABLE: io exception
2019-06-12 13:41:45,741 INFO  impl.FollowerInfo (FollowerInfo.java:lambda$new$0(50)) - 2748af54-33a5-4620-a4be-2202c3ceebf6->9e931dfc-5b3d-42f4-90f5-b6eeec8695f1: nextIndex: updateUnconditionally 0 -> 0
2019-06-12 13:41:45,741 WARN  server.GrpcLogAppender (LogUtils.java:warn(134)) - 2748af54-33a5-4620-a4be-2202c3ceebf6: Failed appendEntries to f774f434-0ad1-462e-af15-84bd84bd91e9:192.168.19.46:32903: org.apache.ratis.thirdparty.io.grpc.StatusRuntimeException: UNAVAILABLE: io exception
2019-06-12 13:41:45,743 INFO  impl.FollowerInfo (FollowerInfo.java:lambda$new$0(50)) - 2748af54-33a5-4620-a4be-2202c3ceebf6->f774f434-0ad1-462e-af15-84bd84bd91e9: nextIndex: updateUnconditionally 0 -> 0
2019-06-12 13:41:46,241 WARN  server.GrpcLogAppender (LogUtils.java:warn(134)) - 2748af54-33a5-4620-a4be-2202c3ceebf6: Failed appendEntries to f774f434-0ad1-462e-af15-84bd84bd91e9:192.168.19.46:32903: org.apache.ratis.thirdparty.io.grpc.StatusRuntimeException: UNAVAILABLE: io exception
2019-06-12 13:41:46,241 WARN  server.GrpcLogAppender (LogUtils.java:warn(134)) - 2748af54-33a5-4620-a4be-2202c3ceebf6: Failed appendEntries to 9e931dfc-5b3d-42f4-90f5-b6eeec8695f1:192.168.19.46:45939: org.apache.ratis.thirdparty.io.grpc.StatusRuntimeException: UNAVAILABLE: io exception
2019-06-12 13:41:46,241 INFO  impl.FollowerInfo (FollowerInfo.java:lambda$new$0(50)) - 2748af54-33a5-4620-a4be-2202c3ceebf6->f774f434-0ad1-462e-af15-84bd84bd91e9: nextIndex: updateUnconditionally 0 -> 0
2019-06-12 13:41:46,242 INFO  impl.FollowerInfo (FollowerInfo.java:lambda$new$0(50)) - 2748af54-33a5-4620-a4be-2202c3ceebf6->9e931dfc-5b3d-42f4-90f5-b6eeec8695f1: nextIndex: updateUnconditionally 0 -> 0
2019-06-12 13:41:46,742 WARN  server.GrpcLogAppender (LogUtils.java:warn(134)) - 2748af54-33a5-4620-a4be-2202c3ceebf6: Failed appendEntries to f774f434-0ad1-462e-af15-84bd84bd91e9:192.168.19.46:32903: org.apache.ratis.thirdparty.io.grpc.StatusRuntimeException: UNAVAILABLE: io exception
2019-06-12 13:41:46,742 INFO  impl.FollowerInfo (FollowerInfo.java:lambda$new$0(50)) - 2748af54-33a5-4620-a4be-2202c3ceebf6->f774f434-0ad1-462e-af15-84bd84bd91e9: nextIndex: updateUnconditionally 0 -> 0
2019-06-12 13:41:46,742 WARN  server.GrpcLogAppender (LogUtils.java:warn(134)) - 2748af54-33a5-4620-a4be-2202c3ceebf6: Failed appendEntries to 9e931dfc-5b3d-42f4-90f5-b6eeec8695f1:192.168.19.46:45939: org.apache.ratis.thirdparty.io.grpc.StatusRuntimeException: UNAVAILABLE: io exception
2019-06-12 13:41:46,742 INFO  impl.FollowerInfo (FollowerInfo.java:lambda$new$0(50)) - 2748af54-33a5-4620-a4be-2202c3ceebf6->9e931dfc-5b3d-42f4-90f5-b6eeec8695f1: nextIndex: updateUnconditionally 0 -> 0
2019-06-12 13:41:47,242 WARN  server.GrpcLogAppender (LogUtils.java:warn(134)) - 2748af54-33a5-4620-a4be-2202c3ceebf6: Failed appendEntries to 9e931dfc-5b3d-42f4-90f5-b6eeec8695f1:192.168.19.46:45939: org.apache.ratis.thirdparty.io.grpc.StatusRuntimeException: UNAVAILABLE: io exception
2019-06-12 13:41:47,242 WARN  server.GrpcLogAppender (LogUtils.java:warn(134)) - 2748af54-33a5-4620-a4be-2202c3ceebf6: Failed appendEntries to f774f434-0ad1-462e-af15-84bd84bd91e9:192.168.19.46:32903: org.apache.ratis.thirdparty.io.grpc.StatusRuntimeException: UNAVAILABLE: io exception
2019-06-12 13:41:47,243 INFO  impl.FollowerInfo (FollowerInfo.java:lambda$new$0(50)) - 2748af54-33a5-4620-a4be-2202c3ceebf6->9e931dfc-5b3d-42f4-90f5-b6eeec8695f1: nextIndex: updateUnconditionally 0 -> 0
2019-06-12 13:41:47,243 INFO  impl.FollowerInfo (FollowerInfo.java:lambda$new$0(50)) - 2748af54-33a5-4620-a4be-2202c3ceebf6->f774f434-0ad1-462e-af15-84bd84bd91e9: nextIndex: updateUnconditionally 0 -> 0
2019-06-12 13:41:47,743 WARN  server.GrpcLogAppender (LogUtils.java:warn(134)) - 2748af54-33a5-4620-a4be-2202c3ceebf6: Failed appendEntries to 9e931dfc-5b3d-42f4-90f5-b6eeec8695f1:192.168.19.46:45939: org.apache.ratis.thirdparty.io.grpc.StatusRuntimeException: UNAVAILABLE: io exception
2019-06-12 13:41:47,743 WARN  server.GrpcLogAppender (LogUtils.java:warn(134)) - 2748af54-33a5-4620-a4be-2202c3ceebf6: Failed appendEntries to f774f434-0ad1-462e-af15-84bd84bd91e9:192.168.19.46:32903: org.apache.ratis.thirdparty.io.grpc.StatusRuntimeException: UNAVAILABLE: io exception
2019-06-12 13:41:47,743 INFO  impl.FollowerInfo (FollowerInfo.java:lambda$new$0(50)) - 2748af54-33a5-4620-a4be-2202c3ceebf6->9e931dfc-5b3d-42f4-90f5-b6eeec8695f1: nextIndex: updateUnconditionally 0 -> 0
2019-06-12 13:41:47,743 INFO  impl.FollowerInfo (FollowerInfo.java:lambda$new$0(50)) - 2748af54-33a5-4620-a4be-2202c3ceebf6->f774f434-0ad1-462e-af15-84bd84bd91e9: nextIndex: updateUnconditionally 0 -> 0
2019-06-12 13:41:48,243 WARN  server.GrpcLogAppender (LogUtils.java:warn(134)) - 2748af54-33a5-4620-a4be-2202c3ceebf6: Failed appendEntries to f774f434-0ad1-462e-af15-84bd84bd91e9:192.168.19.46:32903: org.apache.ratis.thirdparty.io.grpc.StatusRuntimeException: UNAVAILABLE: io exception
2019-06-12 13:41:48,243 WARN  server.GrpcLogAppender (LogUtils.java:warn(134)) - 2748af54-33a5-4620-a4be-2202c3ceebf6: Failed appendEntries to 9e931dfc-5b3d-42f4-90f5-b6eeec8695f1:192.168.19.46:45939: org.apache.ratis.thirdparty.io.grpc.StatusRuntimeException: UNAVAILABLE: io exception
2019-06-12 13:41:48,244 INFO  impl.FollowerInfo (FollowerInfo.java:lambda$new$0(50)) - 2748af54-33a5-4620-a4be-2202c3ceebf6->f774f434-0ad1-462e-af15-84bd84bd91e9: nextIndex: updateUnconditionally 0 -> 0
2019-06-12 13:41:48,244 INFO  impl.FollowerInfo (FollowerInfo.java:lambda$new$0(50)) - 2748af54-33a5-4620-a4be-2202c3ceebf6->9e931dfc-5b3d-42f4-90f5-b6eeec8695f1: nextIndex: updateUnconditionally 0 -> 0
2019-06-12 13:41:48,744 WARN  server.GrpcLogAppender (LogUtils.java:warn(134)) - 2748af54-33a5-4620-a4be-2202c3ceebf6: Failed appendEntries to 9e931dfc-5b3d-42f4-90f5-b6eeec8695f1:192.168.19.46:45939: org.apache.ratis.thirdparty.io.grpc.StatusRuntimeException: UNAVAILABLE: io exception
2019-06-12 13:41:48,744 WARN  server.GrpcLogAppender (LogUtils.java:warn(134)) - 2748af54-33a5-4620-a4be-2202c3ceebf6: Failed appendEntries to f774f434-0ad1-462e-af15-84bd84bd91e9:192.168.19.46:32903: org.apache.ratis.thirdparty.io.grpc.StatusRuntimeException: UNAVAILABLE: io exception
2019-06-12 13:41:48,744 INFO  impl.FollowerInfo (FollowerInfo.java:lambda$new$0(50)) - 2748af54-33a5-4620-a4be-2202c3ceebf6->9e931dfc-5b3d-42f4-90f5-b6eeec8695f1: nextIndex: updateUnconditionally 0 -> 0
2019-06-12 13:41:48,744 INFO  impl.FollowerInfo (FollowerInfo.java:lambda$new$0(50)) - 2748af54-33a5-4620-a4be-2202c3ceebf6->f774f434-0ad1-462e-af15-84bd84bd91e9: nextIndex: updateUnconditionally 0 -> 0
2019-06-12 13:41:49,244 WARN  server.GrpcLogAppender (LogUtils.java:warn(134)) - 2748af54-33a5-4620-a4be-2202c3ceebf6: Failed appendEntries to f774f434-0ad1-462e-af15-84bd84bd91e9:192.168.19.46:32903: org.apache.ratis.thirdparty.io.grpc.StatusRuntimeException: UNAVAILABLE: io exception
2019-06-12 13:41:49,244 WARN  server.GrpcLogAppender (LogUtils.java:warn(134)) - 2748af54-33a5-4620-a4be-2202c3ceebf6: Failed appendEntries to 9e931dfc-5b3d-42f4-90f5-b6eeec8695f1:192.168.19.46:45939: org.apache.ratis.thirdparty.io.grpc.StatusRuntimeException: UNAVAILABLE: io exception
2019-06-12 13:41:49,245 INFO  impl.FollowerInfo (FollowerInfo.java:lambda$new$0(50)) - 2748af54-33a5-4620-a4be-2202c3ceebf6->f774f434-0ad1-462e-af15-84bd84bd91e9: nextIndex: updateUnconditionally 0 -> 0
2019-06-12 13:41:49,245 INFO  impl.FollowerInfo (FollowerInfo.java:lambda$new$0(50)) - 2748af54-33a5-4620-a4be-2202c3ceebf6->9e931dfc-5b3d-42f4-90f5-b6eeec8695f1: nextIndex: updateUnconditionally 0 -> 0
2019-06-12 13:41:49,582 INFO  client.GrpcClientProtocolService (GrpcClientProtocolService.java:lambda$processClientRequest$0(264)) - Failed RaftClientRequest:client-A763E026E650->2748af54-33a5-4620-a4be-2202c3ceebf6@group-07E0A932FC44, cid=67, seq=0, Watch-ALL_COMMITTED(2), Message:<EMPTY>, reply=RaftClientReply:client-A763E026E650->2748af54-33a5-4620-a4be-2202c3ceebf6@group-07E0A932FC44, cid=67, FAILED org.apache.ratis.protocol.NotReplicatedException: Request with call Id 67 and log index 2 is not yet replicated to ALL_COMMITTED, logIndex=2, commits[2748af54-33a5-4620-a4be-2202c3ceebf6:c2, f774f434-0ad1-462e-af15-84bd84bd91e9:c1, 9e931dfc-5b3d-42f4-90f5-b6eeec8695f1:c1]
2019-06-12 13:41:49,745 WARN  server.GrpcLogAppender (LogUtils.java:warn(134)) - 2748af54-33a5-4620-a4be-2202c3ceebf6: Failed appendEntries to 9e931dfc-5b3d-42f4-90f5-b6eeec8695f1:192.168.19.46:45939: org.apache.ratis.thirdparty.io.grpc.StatusRuntimeException: UNAVAILABLE: io exception
2019-06-12 13:41:49,745 INFO  impl.FollowerInfo (FollowerInfo.java:lambda$new$0(50)) - 2748af54-33a5-4620-a4be-2202c3ceebf6->9e931dfc-5b3d-42f4-90f5-b6eeec8695f1: nextIndex: updateUnconditionally 0 -> 0
2019-06-12 13:41:49,746 WARN  server.GrpcLogAppender (LogUtils.java:warn(134)) - 2748af54-33a5-4620-a4be-2202c3ceebf6: Failed appendEntries to f774f434-0ad1-462e-af15-84bd84bd91e9:192.168.19.46:32903: org.apache.ratis.thirdparty.io.grpc.StatusRuntimeException: UNAVAILABLE: io exception
2019-06-12 13:41:49,746 INFO  impl.FollowerInfo (FollowerInfo.java:lambda$new$0(50)) - 2748af54-33a5-4620-a4be-2202c3ceebf6->f774f434-0ad1-462e-af15-84bd84bd91e9: nextIndex: updateUnconditionally 0 -> 0
2019-06-12 13:41:50,245 WARN  server.GrpcLogAppender (LogUtils.java:warn(134)) - 2748af54-33a5-4620-a4be-2202c3ceebf6: Failed appendEntries to f774f434-0ad1-462e-af15-84bd84bd91e9:192.168.19.46:32903: org.apache.ratis.thirdparty.io.grpc.StatusRuntimeException: UNAVAILABLE: io exception
2019-06-12 13:41:50,248 WARN  server.GrpcLogAppender (LogUtils.java:warn(134)) - 2748af54-33a5-4620-a4be-2202c3ceebf6: Failed appendEntries to 9e931dfc-5b3d-42f4-90f5-b6eeec8695f1:192.168.19.46:45939: org.apache.ratis.thirdparty.io.grpc.StatusRuntimeException: UNAVAILABLE: io exception
2019-06-12 13:41:50,248 INFO  impl.FollowerInfo (FollowerInfo.java:lambda$new$0(50)) - 2748af54-33a5-4620-a4be-2202c3ceebf6->9e931dfc-5b3d-42f4-90f5-b6eeec8695f1: nextIndex: updateUnconditionally 0 -> 0
2019-06-12 13:41:50,248 INFO  impl.FollowerInfo (FollowerInfo.java:lambda$new$0(50)) - 2748af54-33a5-4620-a4be-2202c3ceebf6->f774f434-0ad1-462e-af15-84bd84bd91e9: nextIndex: updateUnconditionally 0 -> 0
2019-06-12 13:41:50,583 INFO  client.GrpcClientProtocolService (GrpcClientProtocolService.java:lambda$processClientRequest$0(264)) - Failed RaftClientRequest:client-A763E026E650->2748af54-33a5-4620-a4be-2202c3ceebf6@group-07E0A932FC44, cid=68, seq=0, Watch-MAJORITY_COMMITTED(2), Message:<EMPTY>, reply=RaftClientReply:client-A763E026E650->2748af54-33a5-4620-a4be-2202c3ceebf6@group-07E0A932FC44, cid=68, FAILED org.apache.ratis.protocol.NotReplicatedException: Request with call Id 68 and log index 2 is not yet replicated to MAJORITY_COMMITTED, logIndex=2, commits[2748af54-33a5-4620-a4be-2202c3ceebf6:c2, f774f434-0ad1-462e-af15-84bd84bd91e9:c1, 9e931dfc-5b3d-42f4-90f5-b6eeec8695f1:c1]
2019-06-12 13:41:50,746 WARN  server.GrpcLogAppender (LogUtils.java:warn(134)) - 2748af54-33a5-4620-a4be-2202c3ceebf6: Failed appendEntries to f774f434-0ad1-462e-af15-84bd84bd91e9:192.168.19.46:32903: org.apache.ratis.thirdparty.io.grpc.StatusRuntimeException: UNAVAILABLE: io exception
2019-06-12 13:41:50,746 WARN  server.GrpcLogAppender (LogUtils.java:warn(134)) - 2748af54-33a5-4620-a4be-2202c3ceebf6: Failed appendEntries to 9e931dfc-5b3d-42f4-90f5-b6eeec8695f1:192.168.19.46:45939: org.apache.ratis.thirdparty.io.grpc.StatusRuntimeException: UNAVAILABLE: io exception
2019-06-12 13:41:50,748 INFO  impl.FollowerInfo (FollowerInfo.java:lambda$new$0(50)) - 2748af54-33a5-4620-a4be-2202c3ceebf6->f774f434-0ad1-462e-af15-84bd84bd91e9: nextIndex: updateUnconditionally 0 -> 0
2019-06-12 13:41:50,748 INFO  impl.FollowerInfo (FollowerInfo.java:lambda$new$0(50)) - 2748af54-33a5-4620-a4be-2202c3ceebf6->9e931dfc-5b3d-42f4-90f5-b6eeec8695f1: nextIndex: updateUnconditionally 0 -> 0
2019-06-12 13:41:51,246 WARN  server.GrpcLogAppender (LogUtils.java:warn(134)) - 2748af54-33a5-4620-a4be-2202c3ceebf6: Failed appendEntries to f774f434-0ad1-462e-af15-84bd84bd91e9:192.168.19.46:32903: org.apache.ratis.thirdparty.io.grpc.StatusRuntimeException: UNAVAILABLE: io exception
2019-06-12 13:41:51,247 INFO  impl.FollowerInfo (FollowerInfo.java:lambda$new$0(50)) - 2748af54-33a5-4620-a4be-2202c3ceebf6->f774f434-0ad1-462e-af15-84bd84bd91e9: nextIndex: updateUnconditionally 0 -> 0
2019-06-12 13:41:51,247 WARN  server.GrpcLogAppender (LogUtils.java:warn(134)) - 2748af54-33a5-4620-a4be-2202c3ceebf6: Failed appendEntries to 9e931dfc-5b3d-42f4-90f5-b6eeec8695f1:192.168.19.46:45939: org.apache.ratis.thirdparty.io.grpc.StatusRuntimeException: UNAVAILABLE: io exception
2019-06-12 13:41:51,247 INFO  impl.FollowerInfo (FollowerInfo.java:lambda$new$0(50)) - 2748af54-33a5-4620-a4be-2202c3ceebf6->9e931dfc-5b3d-42f4-90f5-b6eeec8695f1: nextIndex: updateUnconditionally 0 -> 0
2019-06-12 13:41:51,747 WARN  server.GrpcLogAppender (LogUtils.java:warn(134)) - 2748af54-33a5-4620-a4be-2202c3ceebf6: Failed appendEntries to f774f434-0ad1-462e-af15-84bd84bd91e9:192.168.19.46:32903: org.apache.ratis.thirdparty.io.grpc.StatusRuntimeException: UNAVAILABLE: io exception
2019-06-12 13:41:51,747 WARN  server.GrpcLogAppender (LogUtils.java:warn(134)) - 2748af54-33a5-4620-a4be-2202c3ceebf6: Failed appendEntries to 9e931dfc-5b3d-42f4-90f5-b6eeec8695f1:192.168.19.46:45939: org.apache.ratis.thirdparty.io.grpc.StatusRuntimeException: UNAVAILABLE: io exception
2019-06-12 13:41:51,747 INFO  impl.FollowerInfo (FollowerInfo.java:lambda$new$0(50)) - 2748af54-33a5-4620-a4be-2202c3ceebf6->f774f434-0ad1-462e-af15-84bd84bd91e9: nextIndex: updateUnconditionally 0 -> 0
2019-06-12 13:41:51,748 INFO  impl.FollowerInfo (FollowerInfo.java:lambda$new$0(50)) - 2748af54-33a5-4620-a4be-2202c3ceebf6->9e931dfc-5b3d-42f4-90f5-b6eeec8695f1: nextIndex: updateUnconditionally 0 -> 0
2019-06-12 13:41:52,248 WARN  server.GrpcLogAppender (LogUtils.java:warn(134)) - 2748af54-33a5-4620-a4be-2202c3ceebf6: Failed appendEntries to f774f434-0ad1-462e-af15-84bd84bd91e9:192.168.19.46:32903: org.apache.ratis.thirdparty.io.grpc.StatusRuntimeException: UNAVAILABLE: io exception
2019-06-12 13:41:52,248 INFO  impl.FollowerInfo (FollowerInfo.java:lambda$new$0(50)) - 2748af54-33a5-4620-a4be-2202c3ceebf6->f774f434-0ad1-462e-af15-84bd84bd91e9: nextIndex: updateUnconditionally 0 -> 0
2019-06-12 13:41:52,248 WARN  server.GrpcLogAppender (LogUtils.java:warn(134)) - 2748af54-33a5-4620-a4be-2202c3ceebf6: Failed appendEntries to 9e931dfc-5b3d-42f4-90f5-b6eeec8695f1:192.168.19.46:45939: org.apache.ratis.thirdparty.io.grpc.StatusRuntimeException: UNAVAILABLE: io exception
2019-06-12 13:41:52,248 INFO  impl.FollowerInfo (FollowerInfo.java:lambda$new$0(50)) - 2748af54-33a5-4620-a4be-2202c3ceebf6->9e931dfc-5b3d-42f4-90f5-b6eeec8695f1: nextIndex: updateUnconditionally 0 -> 0
2019-06-12 13:41:52,748 WARN  server.GrpcLogAppender (LogUtils.java:warn(134)) - 2748af54-33a5-4620-a4be-2202c3ceebf6: Failed appendEntries to 9e931dfc-5b3d-42f4-90f5-b6eeec8695f1:192.168.19.46:45939: org.apache.ratis.thirdparty.io.grpc.StatusRuntimeException: UNAVAILABLE: io exception
2019-06-12 13:41:52,748 WARN  server.GrpcLogAppender (LogUtils.java:warn(134)) - 2748af54-33a5-4620-a4be-2202c3ceebf6: Failed appendEntries to f774f434-0ad1-462e-af15-84bd84bd91e9:192.168.19.46:32903: org.apache.ratis.thirdparty.io.grpc.StatusRuntimeException: UNAVAILABLE: io exception
2019-06-12 13:41:52,748 INFO  impl.FollowerInfo (FollowerInfo.java:lambda$new$0(50)) - 2748af54-33a5-4620-a4be-2202c3ceebf6->9e931dfc-5b3d-42f4-90f5-b6eeec8695f1: nextIndex: updateUnconditionally 0 -> 0
2019-06-12 13:41:52,748 INFO  impl.FollowerInfo (FollowerInfo.java:lambda$new$0(50)) - 2748af54-33a5-4620-a4be-2202c3ceebf6->f774f434-0ad1-462e-af15-84bd84bd91e9: nextIndex: updateUnconditionally 0 -> 0
2019-06-12 13:41:53,249 WARN  server.GrpcLogAppender (LogUtils.java:warn(134)) - 2748af54-33a5-4620-a4be-2202c3ceebf6: Failed appendEntries to f774f434-0ad1-462e-af15-84bd84bd91e9:192.168.19.46:32903: org.apache.ratis.thirdparty.io.grpc.StatusRuntimeException: UNAVAILABLE: io exception
2019-06-12 13:41:53,249 WARN  server.GrpcLogAppender (LogUtils.java:warn(134)) - 2748af54-33a5-4620-a4be-2202c3ceebf6: Failed appendEntries to 9e931dfc-5b3d-42f4-90f5-b6eeec8695f1:192.168.19.46:45939: org.apache.ratis.thirdparty.io.grpc.StatusRuntimeException: UNAVAILABLE: io exception
2019-06-12 13:41:53,249 INFO  impl.FollowerInfo (FollowerInfo.java:lambda$new$0(50)) - 2748af54-33a5-4620-a4be-2202c3ceebf6->f774f434-0ad1-462e-af15-84bd84bd91e9: nextIndex: updateUnconditionally 0 -> 0
2019-06-12 13:41:53,249 INFO  impl.FollowerInfo (FollowerInfo.java:lambda$new$0(50)) - 2748af54-33a5-4620-a4be-2202c3ceebf6->9e931dfc-5b3d-42f4-90f5-b6eeec8695f1: nextIndex: updateUnconditionally 0 -> 0
2019-06-12 13:41:53,750 WARN  server.GrpcLogAppender (LogUtils.java:warn(134)) - 2748af54-33a5-4620-a4be-2202c3ceebf6: Failed appendEntries to f774f434-0ad1-462e-af15-84bd84bd91e9:192.168.19.46:32903: org.apache.ratis.thirdparty.io.grpc.StatusRuntimeException: UNAVAILABLE: io exception
2019-06-12 13:41:53,750 INFO  impl.FollowerInfo (FollowerInfo.java:lambda$new$0(50)) - 2748af54-33a5-4620-a4be-2202c3ceebf6->f774f434-0ad1-462e-af15-84bd84bd91e9: nextIndex: updateUnconditionally 0 -> 0
2019-06-12 13:41:53,750 WARN  server.GrpcLogAppender (LogUtils.java:warn(134)) - 2748af54-33a5-4620-a4be-2202c3ceebf6: Failed appendEntries to 9e931dfc-5b3d-42f4-90f5-b6eeec8695f1:192.168.19.46:45939: org.apache.ratis.thirdparty.io.grpc.StatusRuntimeException: UNAVAILABLE: io exception
2019-06-12 13:41:53,750 INFO  impl.FollowerInfo (FollowerInfo.java:lambda$new$0(50)) - 2748af54-33a5-4620-a4be-2202c3ceebf6->9e931dfc-5b3d-42f4-90f5-b6eeec8695f1: nextIndex: updateUnconditionally 0 -> 0
2019-06-12 13:41:54,250 WARN  server.GrpcLogAppender (LogUtils.java:warn(134)) - 2748af54-33a5-4620-a4be-2202c3ceebf6: Failed appendEntries to f774f434-0ad1-462e-af15-84bd84bd91e9:192.168.19.46:32903: org.apache.ratis.thirdparty.io.grpc.StatusRuntimeException: UNAVAILABLE: io exception
2019-06-12 13:41:54,250 WARN  server.GrpcLogAppender (LogUtils.java:warn(134)) - 2748af54-33a5-4620-a4be-2202c3ceebf6: Failed appendEntries to 9e931dfc-5b3d-42f4-90f5-b6eeec8695f1:192.168.19.46:45939: org.apache.ratis.thirdparty.io.grpc.StatusRuntimeException: UNAVAILABLE: io exception
2019-06-12 13:41:54,250 INFO  impl.FollowerInfo (FollowerInfo.java:lambda$new$0(50)) - 2748af54-33a5-4620-a4be-2202c3ceebf6->f774f434-0ad1-462e-af15-84bd84bd91e9: nextIndex: updateUnconditionally 0 -> 0
2019-06-12 13:41:54,250 INFO  impl.FollowerInfo (FollowerInfo.java:lambda$new$0(50)) - 2748af54-33a5-4620-a4be-2202c3ceebf6->9e931dfc-5b3d-42f4-90f5-b6eeec8695f1: nextIndex: updateUnconditionally 0 -> 0
2019-06-12 13:41:54,750 WARN  server.GrpcLogAppender (LogUtils.java:warn(134)) - 2748af54-33a5-4620-a4be-2202c3ceebf6: Failed appendEntries to f774f434-0ad1-462e-af15-84bd84bd91e9:192.168.19.46:32903: org.apache.ratis.thirdparty.io.grpc.StatusRuntimeException: UNAVAILABLE: io exception
2019-06-12 13:41:54,750 WARN  server.GrpcLogAppender (LogUtils.java:warn(134)) - 2748af54-33a5-4620-a4be-2202c3ceebf6: Failed appendEntries to 9e931dfc-5b3d-42f4-90f5-b6eeec8695f1:192.168.19.46:45939: org.apache.ratis.thirdparty.io.grpc.StatusRuntimeException: UNAVAILABLE: io exception
2019-06-12 13:41:54,751 INFO  impl.FollowerInfo (FollowerInfo.java:lambda$new$0(50)) - 2748af54-33a5-4620-a4be-2202c3ceebf6->9e931dfc-5b3d-42f4-90f5-b6eeec8695f1: nextIndex: updateUnconditionally 0 -> 0
2019-06-12 13:41:54,751 INFO  impl.FollowerInfo (FollowerInfo.java:lambda$new$0(50)) - 2748af54-33a5-4620-a4be-2202c3ceebf6->f774f434-0ad1-462e-af15-84bd84bd91e9: nextIndex: updateUnconditionally 0 -> 0
2019-06-12 13:41:55,251 WARN  server.GrpcLogAppender (LogUtils.java:warn(134)) - 2748af54-33a5-4620-a4be-2202c3ceebf6: Failed appendEntries to f774f434-0ad1-462e-af15-84bd84bd91e9:192.168.19.46:32903: org.apache.ratis.thirdparty.io.grpc.StatusRuntimeException: UNAVAILABLE: io exception
2019-06-12 13:41:55,251 WARN  server.GrpcLogAppender (LogUtils.java:warn(134)) - 2748af54-33a5-4620-a4be-2202c3ceebf6: Failed appendEntries to 9e931dfc-5b3d-42f4-90f5-b6eeec8695f1:192.168.19.46:45939: org.apache.ratis.thirdparty.io.grpc.StatusRuntimeException: UNAVAILABLE: io exception
2019-06-12 13:41:55,251 INFO  impl.FollowerInfo (FollowerInfo.java:lambda$new$0(50)) - 2748af54-33a5-4620-a4be-2202c3ceebf6->f774f434-0ad1-462e-af15-84bd84bd91e9: nextIndex: updateUnconditionally 0 -> 0
2019-06-12 13:41:55,251 INFO  impl.FollowerInfo (FollowerInfo.java:lambda$new$0(50)) - 2748af54-33a5-4620-a4be-2202c3ceebf6->9e931dfc-5b3d-42f4-90f5-b6eeec8695f1: nextIndex: updateUnconditionally 0 -> 0
2019-06-12 13:41:55,582 INFO  client.GrpcClientProtocolService (GrpcClientProtocolService.java:lambda$processClientRequest$0(264)) - Failed RaftClientRequest:client-A763E026E650->2748af54-33a5-4620-a4be-2202c3ceebf6@group-07E0A932FC44, cid=68, seq=0, Watch-MAJORITY_COMMITTED(2), Message:<EMPTY>, reply=RaftClientReply:client-A763E026E650->2748af54-33a5-4620-a4be-2202c3ceebf6@group-07E0A932FC44, cid=68, FAILED org.apache.ratis.protocol.NotReplicatedException: Request with call Id 68 and log index 2 is not yet replicated to MAJORITY_COMMITTED, logIndex=2, commits[2748af54-33a5-4620-a4be-2202c3ceebf6:c2, f774f434-0ad1-462e-af15-84bd84bd91e9:c1, 9e931dfc-5b3d-42f4-90f5-b6eeec8695f1:c1]
2019-06-12 13:41:55,751 WARN  server.GrpcLogAppender (LogUtils.java:warn(134)) - 2748af54-33a5-4620-a4be-2202c3ceebf6: Failed appendEntries to 9e931dfc-5b3d-42f4-90f5-b6eeec8695f1:192.168.19.46:45939: org.apache.ratis.thirdparty.io.grpc.StatusRuntimeException: UNAVAILABLE: io exception
2019-06-12 13:41:55,751 WARN  server.GrpcLogAppender (LogUtils.java:warn(134)) - 2748af54-33a5-4620-a4be-2202c3ceebf6: Failed appendEntries to f774f434-0ad1-462e-af15-84bd84bd91e9:192.168.19.46:32903: org.apache.ratis.thirdparty.io.grpc.StatusRuntimeException: UNAVAILABLE: io exception
2019-06-12 13:41:55,754 INFO  impl.FollowerInfo (FollowerInfo.java:lambda$new$0(50)) - 2748af54-33a5-4620-a4be-2202c3ceebf6->9e931dfc-5b3d-42f4-90f5-b6eeec8695f1: nextIndex: updateUnconditionally 0 -> 0
2019-06-12 13:41:55,754 INFO  impl.FollowerInfo (FollowerInfo.java:lambda$new$0(50)) - 2748af54-33a5-4620-a4be-2202c3ceebf6->f774f434-0ad1-462e-af15-84bd84bd91e9: nextIndex: updateUnconditionally 0 -> 0
2019-06-12 13:41:56,252 WARN  server.GrpcLogAppender (LogUtils.java:warn(134)) - 2748af54-33a5-4620-a4be-2202c3ceebf6: Failed appendEntries to 9e931dfc-5b3d-42f4-90f5-b6eeec8695f1:192.168.19.46:45939: org.apache.ratis.thirdparty.io.grpc.StatusRuntimeException: UNAVAILABLE: io exception
2019-06-12 13:41:56,252 INFO  impl.FollowerInfo (FollowerInfo.java:lambda$new$0(50)) - 2748af54-33a5-4620-a4be-2202c3ceebf6->9e931dfc-5b3d-42f4-90f5-b6eeec8695f1: nextIndex: updateUnconditionally 0 -> 0
2019-06-12 13:41:56,252 WARN  server.GrpcLogAppender (LogUtils.java:warn(134)) - 2748af54-33a5-4620-a4be-2202c3ceebf6: Failed appendEntries to f774f434-0ad1-462e-af15-84bd84bd91e9:192.168.19.46:32903: org.apache.ratis.thirdparty.io.grpc.StatusRuntimeException: UNAVAILABLE: io exception
2019-06-12 13:41:56,252 INFO  impl.FollowerInfo (FollowerInfo.java:lambda$new$0(50)) - 2748af54-33a5-4620-a4be-2202c3ceebf6->f774f434-0ad1-462e-af15-84bd84bd91e9: nextIndex: updateUnconditionally 0 -> 0
2019-06-12 13:41:56,752 WARN  server.GrpcLogAppender (LogUtils.java:warn(134)) - 2748af54-33a5-4620-a4be-2202c3ceebf6: Failed appendEntries to f774f434-0ad1-462e-af15-84bd84bd91e9:192.168.19.46:32903: org.apache.ratis.thirdparty.io.grpc.StatusRuntimeException: UNAVAILABLE: io exception
2019-06-12 13:41:56,753 INFO  impl.FollowerInfo (FollowerInfo.java:lambda$new$0(50)) - 2748af54-33a5-4620-a4be-2202c3ceebf6->f774f434-0ad1-462e-af15-84bd84bd91e9: nextIndex: updateUnconditionally 0 -> 0
2019-06-12 13:41:56,753 WARN  server.GrpcLogAppender (LogUtils.java:warn(134)) - 2748af54-33a5-4620-a4be-2202c3ceebf6: Failed appendEntries to 9e931dfc-5b3d-42f4-90f5-b6eeec8695f1:192.168.19.46:45939: org.apache.ratis.thirdparty.io.grpc.StatusRuntimeException: UNAVAILABLE: io exception
2019-06-12 13:41:56,753 INFO  impl.FollowerInfo (FollowerInfo.java:lambda$new$0(50)) - 2748af54-33a5-4620-a4be-2202c3ceebf6->9e931dfc-5b3d-42f4-90f5-b6eeec8695f1: nextIndex: updateUnconditionally 0 -> 0
2019-06-12 13:41:57,253 WARN  server.GrpcLogAppender (LogUtils.java:warn(134)) - 2748af54-33a5-4620-a4be-2202c3ceebf6: Failed appendEntries to f774f434-0ad1-462e-af15-84bd84bd91e9:192.168.19.46:32903: org.apache.ratis.thirdparty.io.grpc.StatusRuntimeException: UNAVAILABLE: io exception
2019-06-12 13:41:57,253 WARN  server.GrpcLogAppender (LogUtils.java:warn(134)) - 2748af54-33a5-4620-a4be-2202c3ceebf6: Failed appendEntries to 9e931dfc-5b3d-42f4-90f5-b6eeec8695f1:192.168.19.46:45939: org.apache.ratis.thirdparty.io.grpc.StatusRuntimeException: UNAVAILABLE: io exception
2019-06-12 13:41:57,253 INFO  impl.FollowerInfo (FollowerInfo.java:lambda$new$0(50)) - 2748af54-33a5-4620-a4be-2202c3ceebf6->f774f434-0ad1-462e-af15-84bd84bd91e9: nextIndex: updateUnconditionally 0 -> 0
2019-06-12 13:41:57,254 INFO  impl.FollowerInfo (FollowerInfo.java:lambda$new$0(50)) - 2748af54-33a5-4620-a4be-2202c3ceebf6->9e931dfc-5b3d-42f4-90f5-b6eeec8695f1: nextIndex: updateUnconditionally 0 -> 0
2019-06-12 13:41:57,754 WARN  server.GrpcLogAppender (LogUtils.java:warn(134)) - 2748af54-33a5-4620-a4be-2202c3ceebf6: Failed appendEntries to f774f434-0ad1-462e-af15-84bd84bd91e9:192.168.19.46:32903: org.apache.ratis.thirdparty.io.grpc.StatusRuntimeException: UNAVAILABLE: io exception
2019-06-12 13:41:57,754 WARN  server.GrpcLogAppender (LogUtils.java:warn(134)) - 2748af54-33a5-4620-a4be-2202c3ceebf6: Failed appendEntries to 9e931dfc-5b3d-42f4-90f5-b6eeec8695f1:192.168.19.46:45939: org.apache.ratis.thirdparty.io.grpc.StatusRuntimeException: UNAVAILABLE: io exception
2019-06-12 13:41:57,754 INFO  impl.FollowerInfo (FollowerInfo.java:lambda$new$0(50)) - 2748af54-33a5-4620-a4be-2202c3ceebf6->f774f434-0ad1-462e-af15-84bd84bd91e9: nextIndex: updateUnconditionally 0 -> 0
2019-06-12 13:41:57,754 INFO  impl.FollowerInfo (FollowerInfo.java:lambda$new$0(50)) - 2748af54-33a5-4620-a4be-2202c3ceebf6->9e931dfc-5b3d-42f4-90f5-b6eeec8695f1: nextIndex: updateUnconditionally 0 -> 0
2019-06-12 13:41:58,254 WARN  server.GrpcLogAppender (LogUtils.java:warn(134)) - 2748af54-33a5-4620-a4be-2202c3ceebf6: Failed appendEntries to f774f434-0ad1-462e-af15-84bd84bd91e9:192.168.19.46:32903: org.apache.ratis.thirdparty.io.grpc.StatusRuntimeException: UNAVAILABLE: io exception
2019-06-12 13:41:58,254 WARN  server.GrpcLogAppender (LogUtils.java:warn(134)) - 2748af54-33a5-4620-a4be-2202c3ceebf6: Failed appendEntries to 9e931dfc-5b3d-42f4-90f5-b6eeec8695f1:192.168.19.46:45939: org.apache.ratis.thirdparty.io.grpc.StatusRuntimeException: UNAVAILABLE: io exception
2019-06-12 13:41:58,254 INFO  impl.FollowerInfo (FollowerInfo.java:lambda$new$0(50)) - 2748af54-33a5-4620-a4be-2202c3ceebf6->f774f434-0ad1-462e-af15-84bd84bd91e9: nextIndex: updateUnconditionally 0 -> 0
2019-06-12 13:41:58,255 INFO  impl.FollowerInfo (FollowerInfo.java:lambda$new$0(50)) - 2748af54-33a5-4620-a4be-2202c3ceebf6->9e931dfc-5b3d-42f4-90f5-b6eeec8695f1: nextIndex: updateUnconditionally 0 -> 0
2019-06-12 13:41:58,755 WARN  server.GrpcLogAppender (LogUtils.java:warn(134)) - 2748af54-33a5-4620-a4be-2202c3ceebf6: Failed appendEntries to 9e931dfc-5b3d-42f4-90f5-b6eeec8695f1:192.168.19.46:45939: org.apache.ratis.thirdparty.io.grpc.StatusRuntimeException: UNAVAILABLE: io exception
2019-06-12 13:41:58,755 INFO  impl.FollowerInfo (FollowerInfo.java:lambda$new$0(50)) - 2748af54-33a5-4620-a4be-2202c3ceebf6->9e931dfc-5b3d-42f4-90f5-b6eeec8695f1: nextIndex: updateUnconditionally 0 -> 0
2019-06-12 13:41:58,755 WARN  server.GrpcLogAppender (LogUtils.java:warn(134)) - 2748af54-33a5-4620-a4be-2202c3ceebf6: Failed appendEntries to f774f434-0ad1-462e-af15-84bd84bd91e9:192.168.19.46:32903: org.apache.ratis.thirdparty.io.grpc.StatusRuntimeException: UNAVAILABLE: io exception
2019-06-12 13:41:58,756 INFO  impl.FollowerInfo (FollowerInfo.java:lambda$new$0(50)) - 2748af54-33a5-4620-a4be-2202c3ceebf6->f774f434-0ad1-462e-af15-84bd84bd91e9: nextIndex: updateUnconditionally 0 -> 0
]]></system-out>
    <system-err><![CDATA[Jun 12, 2019 1:41:11 PM com.sun.jersey.server.impl.application.WebApplicationImpl _initiate
INFO: Initiating Jersey application, version 'Jersey: 1.19 02/11/2015 03:25 AM'
Jun 12, 2019 1:41:11 PM com.sun.jersey.server.impl.application.WebApplicationImpl _initiate
INFO: Initiating Jersey application, version 'Jersey: 1.19 02/11/2015 03:25 AM'
Jun 12, 2019 1:41:11 PM com.sun.jersey.server.impl.application.WebApplicationImpl _initiate
INFO: Initiating Jersey application, version 'Jersey: 1.19 02/11/2015 03:25 AM'
Jun 12, 2019 1:41:12 PM com.sun.jersey.server.impl.application.WebApplicationImpl _initiate
INFO: Initiating Jersey application, version 'Jersey: 1.19 02/11/2015 03:25 AM'
Jun 12, 2019 1:41:12 PM com.sun.jersey.server.impl.application.WebApplicationImpl _initiate
INFO: Initiating Jersey application, version 'Jersey: 1.19 02/11/2015 03:25 AM'
Jun 12, 2019 1:41:12 PM com.sun.jersey.server.impl.application.WebApplicationImpl _initiate
INFO: Initiating Jersey application, version 'Jersey: 1.19 02/11/2015 03:25 AM'
Jun 12, 2019 1:41:12 PM com.sun.jersey.server.impl.application.WebApplicationImpl _initiate
INFO: Initiating Jersey application, version 'Jersey: 1.19 02/11/2015 03:25 AM'
]]></system-err>
  </testcase>
  <testcase name="testWatchForCommitForGroupMismatchException" classname="org.apache.hadoop.ozone.client.rpc.TestWatchForCommit" time="7.046"/>
  <testcase name="test2WayCommitForTimeoutException" classname="org.apache.hadoop.ozone.client.rpc.TestWatchForCommit" time="12.057"/>
  <testcase name="test2WayCommitForRetryfailure" classname="org.apache.hadoop.ozone.client.rpc.TestWatchForCommit" time="31.166"/>
</testsuite>