<?xml version="1.0" encoding="UTF-8"?>
<testsuite xmlns:xsi="http://www.w3.org/2001/XMLSchema-instance" xsi:noNamespaceSchemaLocation="https://maven.apache.org/surefire/maven-surefire-plugin/xsd/surefire-test-report.xsd" name="org.apache.hadoop.hdds.scm.pipeline.TestNodeFailure" time="11.187" tests="1" errors="0" skipped="1" failures="0">
  <properties>
    <property name="awt.toolkit" value="sun.awt.X11.XToolkit"/>
    <property name="file.encoding.pkg" value="sun.io"/>
    <property name="java.specification.version" value="1.8"/>
    <property name="sun.cpu.isalist" value=""/>
    <property name="sun.jnu.encoding" value="UTF-8"/>
    <property name="java.class.path" value="/opt/src/hadoop-ozone/integration-test/target/test-classes:/opt/src/hadoop-ozone/integration-test/target/classes:/root/.m2/repository/org/apache/hadoop/hadoop-ozone-common/0.5.0-SNAPSHOT/hadoop-ozone-common-0.5.0-SNAPSHOT.jar:/root/.m2/repository/org/apache/commons/commons-compress/1.4.1/commons-compress-1.4.1.jar:/root/.m2/repository/org/tukaani/xz/1.0/xz-1.0.jar:/root/.m2/repository/org/apache/hadoop/hadoop-common/3.2.0/hadoop-common-3.2.0.jar:/root/.m2/repository/org/apache/hadoop/hadoop-hdfs/3.2.0/hadoop-hdfs-3.2.0.jar:/root/.m2/repository/org/apache/hadoop/hadoop-hdfs-client/3.2.0/hadoop-hdfs-client-3.2.0.jar:/root/.m2/repository/com/fasterxml/jackson/core/jackson-annotations/2.9.5/jackson-annotations-2.9.5.jar:/root/.m2/repository/org/apache/hadoop/hadoop-hdds-common/0.5.0-SNAPSHOT/hadoop-hdds-common-0.5.0-SNAPSHOT.jar:/root/.m2/repository/javax/annotation/javax.annotation-api/1.2/javax.annotation-api-1.2.jar:/root/.m2/repository/org/apache/ratis/ratis-server/0.4.0-fe2b15d-SNAPSHOT/ratis-server-0.4.0-fe2b15d-SNAPSHOT.jar:/root/.m2/repository/org/apache/ratis/ratis-thirdparty-misc/0.2.0/ratis-thirdparty-misc-0.2.0.jar:/root/.m2/repository/org/apache/ratis/ratis-proto/0.4.0-fe2b15d-SNAPSHOT/ratis-proto-0.4.0-fe2b15d-SNAPSHOT.jar:/root/.m2/repository/org/apache/ratis/ratis-common/0.4.0-fe2b15d-SNAPSHOT/ratis-common-0.4.0-fe2b15d-SNAPSHOT.jar:/root/.m2/repository/org/apache/ratis/ratis-client/0.4.0-fe2b15d-SNAPSHOT/ratis-client-0.4.0-fe2b15d-SNAPSHOT.jar:/root/.m2/repository/org/apache/ratis/ratis-netty/0.4.0-fe2b15d-SNAPSHOT/ratis-netty-0.4.0-fe2b15d-SNAPSHOT.jar:/root/.m2/repository/org/apache/ratis/ratis-grpc/0.4.0-fe2b15d-SNAPSHOT/ratis-grpc-0.4.0-fe2b15d-SNAPSHOT.jar:/root/.m2/repository/org/rocksdb/rocksdbjni/5.14.2/rocksdbjni-5.14.2.jar:/root/.m2/repository/org/apache/logging/log4j/log4j-api/2.11.0/log4j-api-2.11.0.jar:/root/.m2/repository/org/apache/logging/log4j/log4j-core/2.11.0/log4j-core-2.11.0.jar:/root/.m2/repository/com/lmax/disruptor/3.4.2/disruptor-3.4.2.jar:/root/.m2/repository/org/apache/commons/commons-pool2/2.6.0/commons-pool2-2.6.0.jar:/root/.m2/repository/org/bouncycastle/bcpkix-jdk15on/1.60/bcpkix-jdk15on-1.60.jar:/root/.m2/repository/commons-validator/commons-validator/1.6/commons-validator-1.6.jar:/root/.m2/repository/commons-digester/commons-digester/1.8.1/commons-digester-1.8.1.jar:/root/.m2/repository/io/jaegertracing/jaeger-client/0.33.1/jaeger-client-0.33.1.jar:/root/.m2/repository/io/jaegertracing/jaeger-thrift/0.33.1/jaeger-thrift-0.33.1.jar:/root/.m2/repository/org/apache/thrift/libthrift/0.11.0/libthrift-0.11.0.jar:/root/.m2/repository/com/squareup/okhttp3/okhttp/3.9.0/okhttp-3.9.0.jar:/root/.m2/repository/com/squareup/okio/okio/1.13.0/okio-1.13.0.jar:/root/.m2/repository/io/jaegertracing/jaeger-core/0.33.1/jaeger-core-0.33.1.jar:/root/.m2/repository/io/jaegertracing/jaeger-tracerresolver/0.33.1/jaeger-tracerresolver-0.33.1.jar:/root/.m2/repository/io/opentracing/contrib/opentracing-tracerresolver/0.1.5/opentracing-tracerresolver-0.1.5.jar:/root/.m2/repository/io/opentracing/opentracing-util/0.31.0/opentracing-util-0.31.0.jar:/root/.m2/repository/io/opentracing/opentracing-api/0.31.0/opentracing-api-0.31.0.jar:/root/.m2/repository/io/opentracing/opentracing-noop/0.31.0/opentracing-noop-0.31.0.jar:/root/.m2/repository/org/apache/hadoop/hadoop-hdds-server-framework/0.5.0-SNAPSHOT/hadoop-hdds-server-framework-0.5.0-SNAPSHOT.jar:/root/.m2/repository/org/apache/hadoop/hadoop-hdds-server-scm/0.5.0-SNAPSHOT/hadoop-hdds-server-scm-0.5.0-SNAPSHOT.jar:/root/.m2/repository/org/apache/hadoop/hadoop-hdds-container-service/0.5.0-SNAPSHOT/hadoop-hdds-container-service-0.5.0-SNAPSHOT.jar:/root/.m2/repository/org/apache/hadoop/hadoop-hdds-client/0.5.0-SNAPSHOT/hadoop-hdds-client-0.5.0-SNAPSHOT.jar:/root/.m2/repository/org/apache/hadoop/hadoop-hdds-tools/0.5.0-SNAPSHOT/hadoop-hdds-tools-0.5.0-SNAPSHOT.jar:/root/.m2/repository/org/apache/hadoop/hadoop-ozone-ozone-manager/0.5.0-SNAPSHOT/hadoop-ozone-ozone-manager-0.5.0-SNAPSHOT.jar:/root/.m2/repository/org/apache/hadoop/hadoop-hdds-docs/0.5.0-SNAPSHOT/hadoop-hdds-docs-0.5.0-SNAPSHOT.jar:/root/.m2/repository/org/bouncycastle/bcprov-jdk15on/1.60/bcprov-jdk15on-1.60.jar:/root/.m2/repository/org/apache/hadoop/hadoop-minikdc/3.2.0/hadoop-minikdc-3.2.0.jar:/root/.m2/repository/commons-io/commons-io/2.5/commons-io-2.5.jar:/root/.m2/repository/org/apache/kerby/kerb-simplekdc/1.0.1/kerb-simplekdc-1.0.1.jar:/root/.m2/repository/org/apache/kerby/kerb-client/1.0.1/kerb-client-1.0.1.jar:/root/.m2/repository/org/apache/kerby/kerby-config/1.0.1/kerby-config-1.0.1.jar:/root/.m2/repository/org/apache/kerby/kerb-core/1.0.1/kerb-core-1.0.1.jar:/root/.m2/repository/org/apache/kerby/kerby-pkix/1.0.1/kerby-pkix-1.0.1.jar:/root/.m2/repository/org/apache/kerby/kerby-asn1/1.0.1/kerby-asn1-1.0.1.jar:/root/.m2/repository/org/apache/kerby/kerby-util/1.0.1/kerby-util-1.0.1.jar:/root/.m2/repository/org/apache/kerby/kerb-common/1.0.1/kerb-common-1.0.1.jar:/root/.m2/repository/org/apache/kerby/kerb-crypto/1.0.1/kerb-crypto-1.0.1.jar:/root/.m2/repository/org/apache/kerby/kerb-util/1.0.1/kerb-util-1.0.1.jar:/root/.m2/repository/org/apache/kerby/token-provider/1.0.1/token-provider-1.0.1.jar:/root/.m2/repository/org/apache/kerby/kerb-admin/1.0.1/kerb-admin-1.0.1.jar:/root/.m2/repository/org/apache/kerby/kerb-server/1.0.1/kerb-server-1.0.1.jar:/root/.m2/repository/org/apache/kerby/kerb-identity/1.0.1/kerb-identity-1.0.1.jar:/root/.m2/repository/org/apache/kerby/kerby-xdr/1.0.1/kerby-xdr-1.0.1.jar:/root/.m2/repository/org/slf4j/slf4j-log4j12/1.7.25/slf4j-log4j12-1.7.25.jar:/root/.m2/repository/org/apache/hadoop/hadoop-ozone-objectstore-service/0.5.0-SNAPSHOT/hadoop-ozone-objectstore-service-0.5.0-SNAPSHOT.jar:/root/.m2/repository/org/apache/hadoop/hadoop-ozone-s3gateway/0.5.0-SNAPSHOT/hadoop-ozone-s3gateway-0.5.0-SNAPSHOT.jar:/root/.m2/repository/org/jboss/weld/servlet/weld-servlet/2.4.7.Final/weld-servlet-2.4.7.Final.jar:/root/.m2/repository/org/glassfish/jersey/containers/jersey-container-servlet-core/2.27/jersey-container-servlet-core-2.27.jar:/root/.m2/repository/org/glassfish/hk2/external/javax.inject/2.5.0-b42/javax.inject-2.5.0-b42.jar:/root/.m2/repository/org/glassfish/jersey/core/jersey-common/2.27/jersey-common-2.27.jar:/root/.m2/repository/org/glassfish/hk2/osgi-resource-locator/1.0.1/osgi-resource-locator-1.0.1.jar:/root/.m2/repository/javax/ws/rs/javax.ws.rs-api/2.1/javax.ws.rs-api-2.1.jar:/root/.m2/repository/org/glassfish/jersey/ext/cdi/jersey-cdi1x/2.27/jersey-cdi1x-2.27.jar:/root/.m2/repository/org/glassfish/jersey/inject/jersey-hk2/2.27/jersey-hk2-2.27.jar:/root/.m2/repository/org/glassfish/hk2/hk2-locator/2.5.0-b42/hk2-locator-2.5.0-b42.jar:/root/.m2/repository/org/javassist/javassist/3.22.0-CR2/javassist-3.22.0-CR2.jar:/root/.m2/repository/org/glassfish/hk2/hk2-api/2.5.0/hk2-api-2.5.0.jar:/root/.m2/repository/org/glassfish/hk2/external/jakarta.inject/2.5.0/jakarta.inject-2.5.0.jar:/root/.m2/repository/org/glassfish/hk2/hk2-utils/2.5.0/hk2-utils-2.5.0.jar:/root/.m2/repository/jakarta/annotation/jakarta.annotation-api/1.3.4/jakarta.annotation-api-1.3.4.jar:/root/.m2/repository/org/glassfish/hk2/external/aopalliance-repackaged/2.5.0/aopalliance-repackaged-2.5.0.jar:/root/.m2/repository/com/fasterxml/jackson/dataformat/jackson-dataformat-xml/2.9.0/jackson-dataformat-xml-2.9.0.jar:/root/.m2/repository/com/fasterxml/jackson/core/jackson-core/2.9.5/jackson-core-2.9.5.jar:/root/.m2/repository/com/fasterxml/jackson/module/jackson-module-jaxb-annotations/2.9.5/jackson-module-jaxb-annotations-2.9.5.jar:/root/.m2/repository/javax/enterprise/cdi-api/1.2/cdi-api-1.2.jar:/root/.m2/repository/javax/el/javax.el-api/3.0.0/javax.el-api-3.0.0.jar:/root/.m2/repository/javax/interceptor/javax.interceptor-api/1.2/javax.interceptor-api-1.2.jar:/root/.m2/repository/javax/inject/javax.inject/1/javax.inject-1.jar:/root/.m2/repository/com/sun/xml/bind/jaxb-impl/2.3.0.1/jaxb-impl-2.3.0.1.jar:/root/.m2/repository/com/sun/xml/bind/jaxb-core/2.3.0.1/jaxb-core-2.3.0.1.jar:/root/.m2/repository/javax/xml/bind/jaxb-api/2.3.0/jaxb-api-2.3.0.jar:/root/.m2/repository/javax/activation/activation/1.1.1/activation-1.1.1.jar:/root/.m2/repository/org/apache/hadoop/hadoop-ozone-csi/0.5.0-SNAPSHOT/hadoop-ozone-csi-0.5.0-SNAPSHOT.jar:/root/.m2/repository/com/google/protobuf/protobuf-java-util/3.5.1/protobuf-java-util-3.5.1.jar:/root/.m2/repository/org/apache/hadoop/hadoop-hdds-config/0.5.0-SNAPSHOT/hadoop-hdds-config-0.5.0-SNAPSHOT.jar:/root/.m2/repository/com/google/guava/guava/11.0.2/guava-11.0.2.jar:/root/.m2/repository/com/google/protobuf/protobuf-java/2.5.0/protobuf-java-2.5.0.jar:/root/.m2/repository/io/grpc/grpc-netty/1.17.1/grpc-netty-1.17.1.jar:/root/.m2/repository/io/grpc/grpc-core/1.17.1/grpc-core-1.17.1.jar:/root/.m2/repository/io/grpc/grpc-context/1.17.1/grpc-context-1.17.1.jar:/root/.m2/repository/com/google/errorprone/error_prone_annotations/2.2.0/error_prone_annotations-2.2.0.jar:/root/.m2/repository/org/codehaus/mojo/animal-sniffer-annotations/1.17/animal-sniffer-annotations-1.17.jar:/root/.m2/repository/io/opencensus/opencensus-api/0.17.0/opencensus-api-0.17.0.jar:/root/.m2/repository/io/opencensus/opencensus-contrib-grpc-metrics/0.17.0/opencensus-contrib-grpc-metrics-0.17.0.jar:/root/.m2/repository/io/netty/netty-codec-http2/4.1.30.Final/netty-codec-http2-4.1.30.Final.jar:/root/.m2/repository/io/netty/netty-codec-http/4.1.30.Final/netty-codec-http-4.1.30.Final.jar:/root/.m2/repository/io/netty/netty-codec/4.1.30.Final/netty-codec-4.1.30.Final.jar:/root/.m2/repository/io/netty/netty-handler/4.1.30.Final/netty-handler-4.1.30.Final.jar:/root/.m2/repository/io/netty/netty-handler-proxy/4.1.30.Final/netty-handler-proxy-4.1.30.Final.jar:/root/.m2/repository/io/netty/netty-codec-socks/4.1.30.Final/netty-codec-socks-4.1.30.Final.jar:/root/.m2/repository/io/netty/netty-transport-native-epoll/4.1.30.Final/netty-transport-native-epoll-4.1.30.Final.jar:/root/.m2/repository/io/netty/netty-common/4.1.30.Final/netty-common-4.1.30.Final.jar:/root/.m2/repository/io/netty/netty-buffer/4.1.30.Final/netty-buffer-4.1.30.Final.jar:/root/.m2/repository/io/netty/netty-transport/4.1.30.Final/netty-transport-4.1.30.Final.jar:/root/.m2/repository/io/netty/netty-resolver/4.1.30.Final/netty-resolver-4.1.30.Final.jar:/root/.m2/repository/io/netty/netty-transport-native-unix-common/4.1.30.Final/netty-transport-native-unix-common-4.1.30.Final.jar:/root/.m2/repository/io/grpc/grpc-protobuf/1.17.1/grpc-protobuf-1.17.1.jar:/root/.m2/repository/com/google/api/grpc/proto-google-common-protos/1.0.0/proto-google-common-protos-1.0.0.jar:/root/.m2/repository/io/grpc/grpc-protobuf-lite/1.17.1/grpc-protobuf-lite-1.17.1.jar:/root/.m2/repository/io/grpc/grpc-stub/1.17.1/grpc-stub-1.17.1.jar:/root/.m2/repository/org/apache/hadoop/hadoop-ozone-recon/0.5.0-SNAPSHOT/hadoop-ozone-recon-0.5.0-SNAPSHOT.jar:/root/.m2/repository/org/apache/hadoop/hadoop-ozone-reconcodegen/0.5.0-SNAPSHOT/hadoop-ozone-reconcodegen-0.5.0-SNAPSHOT.jar:/root/.m2/repository/com/google/inject/extensions/guice-multibindings/4.0/guice-multibindings-4.0.jar:/root/.m2/repository/com/google/inject/guice/4.0/guice-4.0.jar:/root/.m2/repository/aopalliance/aopalliance/1.0/aopalliance-1.0.jar:/root/.m2/repository/com/google/inject/extensions/guice-servlet/4.0/guice-servlet-4.0.jar:/root/.m2/repository/org/glassfish/jersey/containers/jersey-container-servlet/2.27/jersey-container-servlet-2.27.jar:/root/.m2/repository/org/glassfish/hk2/guice-bridge/2.5.0/guice-bridge-2.5.0.jar:/root/.m2/repository/org/glassfish/jersey/core/jersey-server/2.27/jersey-server-2.27.jar:/root/.m2/repository/org/glassfish/jersey/core/jersey-client/2.27/jersey-client-2.27.jar:/root/.m2/repository/org/glassfish/jersey/media/jersey-media-jaxb/2.27/jersey-media-jaxb-2.27.jar:/root/.m2/repository/javax/validation/validation-api/1.1.0.Final/validation-api-1.1.0.Final.jar:/root/.m2/repository/org/glassfish/jersey/media/jersey-media-json-jackson/2.27/jersey-media-json-jackson-2.27.jar:/root/.m2/repository/org/glassfish/jersey/ext/jersey-entity-filtering/2.27/jersey-entity-filtering-2.27.jar:/root/.m2/repository/com/google/inject/extensions/guice-assistedinject/4.0/guice-assistedinject-4.0.jar:/root/.m2/repository/org/jooq/jooq/3.11.10/jooq-3.11.10.jar:/root/.m2/repository/org/jooq/jooq-meta/3.11.10/jooq-meta-3.11.10.jar:/root/.m2/repository/org/jooq/jooq-codegen/3.11.10/jooq-codegen-3.11.10.jar:/root/.m2/repository/com/jolbox/bonecp/0.8.0.RELEASE/bonecp-0.8.0.RELEASE.jar:/root/.m2/repository/org/xerial/sqlite-jdbc/3.25.2/sqlite-jdbc-3.25.2.jar:/root/.m2/repository/org/springframework/spring-jdbc/5.1.3.RELEASE/spring-jdbc-5.1.3.RELEASE.jar:/root/.m2/repository/org/springframework/spring-beans/5.1.3.RELEASE/spring-beans-5.1.3.RELEASE.jar:/root/.m2/repository/org/springframework/spring-core/5.1.3.RELEASE/spring-core-5.1.3.RELEASE.jar:/root/.m2/repository/org/springframework/spring-jcl/5.1.3.RELEASE/spring-jcl-5.1.3.RELEASE.jar:/root/.m2/repository/org/springframework/spring-tx/5.1.3.RELEASE/spring-tx-5.1.3.RELEASE.jar:/root/.m2/repository/org/apache/hadoop/hadoop-ozone-client/0.5.0-SNAPSHOT/hadoop-ozone-client-0.5.0-SNAPSHOT.jar:/root/.m2/repository/org/apache/hadoop/hadoop-ozone-ozone-manager/0.5.0-SNAPSHOT/hadoop-ozone-ozone-manager-0.5.0-SNAPSHOT-tests.jar:/root/.m2/repository/junit/junit/4.11/junit-4.11.jar:/root/.m2/repository/org/hamcrest/hamcrest-core/1.3/hamcrest-core-1.3.jar:/root/.m2/repository/org/openjdk/jmh/jmh-core/1.19/jmh-core-1.19.jar:/root/.m2/repository/net/sf/jopt-simple/jopt-simple/4.6/jopt-simple-4.6.jar:/root/.m2/repository/org/apache/commons/commons-math3/3.1.1/commons-math3-3.1.1.jar:/root/.m2/repository/org/openjdk/jmh/jmh-generator-annprocess/1.19/jmh-generator-annprocess-1.19.jar:/root/.m2/repository/org/mockito/mockito-all/1.8.5/mockito-all-1.8.5.jar:/root/.m2/repository/org/apache/hadoop/hadoop-kms/3.2.0/hadoop-kms-3.2.0.jar:/root/.m2/repository/org/apache/hadoop/hadoop-auth/3.2.0/hadoop-auth-3.2.0.jar:/root/.m2/repository/com/nimbusds/nimbus-jose-jwt/4.41.1/nimbus-jose-jwt-4.41.1.jar:/root/.m2/repository/com/github/stephenc/jcip/jcip-annotations/1.0-1/jcip-annotations-1.0-1.jar:/root/.m2/repository/net/minidev/json-smart/2.3/json-smart-2.3.jar:/root/.m2/repository/net/minidev/accessors-smart/1.2/accessors-smart-1.2.jar:/root/.m2/repository/org/ow2/asm/asm/5.0.4/asm-5.0.4.jar:/root/.m2/repository/org/apache/curator/curator-framework/2.12.0/curator-framework-2.12.0.jar:/root/.m2/repository/com/sun/jersey/jersey-core/1.19/jersey-core-1.19.jar:/root/.m2/repository/javax/ws/rs/jsr311-api/1.1.1/jsr311-api-1.1.1.jar:/root/.m2/repository/com/sun/jersey/jersey-server/1.19/jersey-server-1.19.jar:/root/.m2/repository/javax/servlet/javax.servlet-api/3.1.0/javax.servlet-api-3.1.0.jar:/root/.m2/repository/org/eclipse/jetty/jetty-server/9.3.24.v20180605/jetty-server-9.3.24.v20180605.jar:/root/.m2/repository/org/eclipse/jetty/jetty-http/9.3.24.v20180605/jetty-http-9.3.24.v20180605.jar:/root/.m2/repository/org/eclipse/jetty/jetty-io/9.3.24.v20180605/jetty-io-9.3.24.v20180605.jar:/root/.m2/repository/org/eclipse/jetty/jetty-webapp/9.3.24.v20180605/jetty-webapp-9.3.24.v20180605.jar:/root/.m2/repository/org/eclipse/jetty/jetty-xml/9.3.24.v20180605/jetty-xml-9.3.24.v20180605.jar:/root/.m2/repository/log4j/log4j/1.2.17/log4j-1.2.17.jar:/root/.m2/repository/org/slf4j/slf4j-api/1.7.25/slf4j-api-1.7.25.jar:/root/.m2/repository/org/slf4j/jul-to-slf4j/1.7.25/jul-to-slf4j-1.7.25.jar:/root/.m2/repository/org/eclipse/jetty/jetty-util/9.3.24.v20180605/jetty-util-9.3.24.v20180605.jar:/root/.m2/repository/io/dropwizard/metrics/metrics-core/3.2.4/metrics-core-3.2.4.jar:/root/.m2/repository/com/fasterxml/jackson/core/jackson-databind/2.9.5/jackson-databind-2.9.5.jar:/root/.m2/repository/org/apache/hadoop/hadoop-kms/3.2.0/hadoop-kms-3.2.0-tests.jar:/root/.m2/repository/org/apache/hadoop/hadoop-hdds-server-scm/0.5.0-SNAPSHOT/hadoop-hdds-server-scm-0.5.0-SNAPSHOT-tests.jar:/root/.m2/repository/org/hamcrest/hamcrest-all/1.3/hamcrest-all-1.3.jar:/root/.m2/repository/info/picocli/picocli/3.9.6/picocli-3.9.6.jar:/root/.m2/repository/org/apache/hadoop/hadoop-hdds-container-service/0.5.0-SNAPSHOT/hadoop-hdds-container-service-0.5.0-SNAPSHOT-tests.jar:/root/.m2/repository/org/yaml/snakeyaml/1.16/snakeyaml-1.16.jar:/root/.m2/repository/org/apache/hadoop/hadoop-common/3.2.0/hadoop-common-3.2.0-tests.jar:/root/.m2/repository/org/apache/hadoop/hadoop-annotations/3.2.0/hadoop-annotations-3.2.0.jar:/usr/lib/jvm/java-1.8-openjdk/jre/../lib/tools.jar:/root/.m2/repository/commons-cli/commons-cli/1.2/commons-cli-1.2.jar:/root/.m2/repository/org/apache/httpcomponents/httpclient/4.5.2/httpclient-4.5.2.jar:/root/.m2/repository/org/apache/httpcomponents/httpcore/4.4.4/httpcore-4.4.4.jar:/root/.m2/repository/commons-codec/commons-codec/1.11/commons-codec-1.11.jar:/root/.m2/repository/commons-net/commons-net/3.6/commons-net-3.6.jar:/root/.m2/repository/commons-collections/commons-collections/3.2.2/commons-collections-3.2.2.jar:/root/.m2/repository/org/eclipse/jetty/jetty-servlet/9.3.24.v20180605/jetty-servlet-9.3.24.v20180605.jar:/root/.m2/repository/org/eclipse/jetty/jetty-security/9.3.24.v20180605/jetty-security-9.3.24.v20180605.jar:/root/.m2/repository/javax/servlet/jsp/jsp-api/2.1/jsp-api-2.1.jar:/root/.m2/repository/com/sun/jersey/jersey-servlet/1.19/jersey-servlet-1.19.jar:/root/.m2/repository/com/sun/jersey/jersey-json/1.19/jersey-json-1.19.jar:/root/.m2/repository/org/codehaus/jettison/jettison/1.1/jettison-1.1.jar:/root/.m2/repository/org/codehaus/jackson/jackson-core-asl/1.9.13/jackson-core-asl-1.9.13.jar:/root/.m2/repository/org/codehaus/jackson/jackson-mapper-asl/1.9.13/jackson-mapper-asl-1.9.13.jar:/root/.m2/repository/org/codehaus/jackson/jackson-jaxrs/1.9.13/jackson-jaxrs-1.9.13.jar:/root/.m2/repository/org/codehaus/jackson/jackson-xc/1.9.13/jackson-xc-1.9.13.jar:/root/.m2/repository/commons-logging/commons-logging/1.1.3/commons-logging-1.1.3.jar:/root/.m2/repository/commons-beanutils/commons-beanutils/1.9.3/commons-beanutils-1.9.3.jar:/root/.m2/repository/org/apache/commons/commons-configuration2/2.1.1/commons-configuration2-2.1.1.jar:/root/.m2/repository/org/apache/commons/commons-lang3/3.7/commons-lang3-3.7.jar:/root/.m2/repository/org/apache/commons/commons-text/1.4/commons-text-1.4.jar:/root/.m2/repository/org/apache/avro/avro/1.7.7/avro-1.7.7.jar:/root/.m2/repository/com/thoughtworks/paranamer/paranamer/2.3/paranamer-2.3.jar:/root/.m2/repository/org/xerial/snappy/snappy-java/1.0.5/snappy-java-1.0.5.jar:/root/.m2/repository/com/google/re2j/re2j/1.1/re2j-1.1.jar:/root/.m2/repository/com/google/code/gson/gson/2.2.4/gson-2.2.4.jar:/root/.m2/repository/com/jcraft/jsch/0.1.54/jsch-0.1.54.jar:/root/.m2/repository/org/apache/curator/curator-client/2.12.0/curator-client-2.12.0.jar:/root/.m2/repository/org/apache/curator/curator-recipes/2.12.0/curator-recipes-2.12.0.jar:/root/.m2/repository/com/google/code/findbugs/jsr305/3.0.0/jsr305-3.0.0.jar:/root/.m2/repository/org/apache/htrace/htrace-core4/4.1.0-incubating/htrace-core4-4.1.0-incubating.jar:/root/.m2/repository/org/apache/zookeeper/zookeeper/3.4.13/zookeeper-3.4.13.jar:/root/.m2/repository/org/apache/yetus/audience-annotations/0.5.0/audience-annotations-0.5.0.jar:/root/.m2/repository/org/codehaus/woodstox/stax2-api/3.1.4/stax2-api-3.1.4.jar:/root/.m2/repository/com/fasterxml/woodstox/woodstox-core/5.0.3/woodstox-core-5.0.3.jar:/root/.m2/repository/dnsjava/dnsjava/2.1.7/dnsjava-2.1.7.jar:/root/.m2/repository/org/apache/hadoop/hadoop-hdfs/3.2.0/hadoop-hdfs-3.2.0-tests.jar:/root/.m2/repository/org/eclipse/jetty/jetty-util-ajax/9.3.24.v20180605/jetty-util-ajax-9.3.24.v20180605.jar:/root/.m2/repository/commons-daemon/commons-daemon/1.0.13/commons-daemon-1.0.13.jar:/root/.m2/repository/io/netty/netty/3.10.5.Final/netty-3.10.5.Final.jar:/root/.m2/repository/io/netty/netty-all/4.0.52.Final/netty-all-4.0.52.Final.jar:/root/.m2/repository/org/fusesource/leveldbjni/leveldbjni-all/1.8/leveldbjni-all-1.8.jar:"/>
    <property name="java.vm.vendor" value="IcedTea"/>
    <property name="sun.arch.data.model" value="64"/>
    <property name="test.build.dir" value="/opt/src/hadoop-ozone/integration-test/target/test-dir"/>
    <property name="test.cache.data" value=""/>
    <property name="java.vendor.url" value="https://icedtea.classpath.org"/>
    <property name="user.timezone" value=""/>
    <property name="java.vm.specification.version" value="1.8"/>
    <property name="os.name" value="Linux"/>
    <property name="test.build.data" value="/opt/src/hadoop-ozone/integration-test/target/test-dir"/>
    <property name="user.country" value="US"/>
    <property name="sun.java.launcher" value="SUN_STANDARD"/>
    <property name="sun.boot.library.path" value="/usr/lib/jvm/java-1.8-openjdk/jre/lib/amd64"/>
    <property name="sun.java.command" value="/opt/src/hadoop-ozone/integration-test/target/surefire/surefirebooter2449460169446726305.jar /opt/src/hadoop-ozone/integration-test/target/surefire 2019-06-13T13-11-52_535-jvmRun1 surefire6716607148648377229tmp surefire_86450375863337026846tmp"/>
    <property name="surefire.test.class.path" value="/opt/src/hadoop-ozone/integration-test/target/test-classes:/opt/src/hadoop-ozone/integration-test/target/classes:/root/.m2/repository/org/apache/hadoop/hadoop-ozone-common/0.5.0-SNAPSHOT/hadoop-ozone-common-0.5.0-SNAPSHOT.jar:/root/.m2/repository/org/apache/commons/commons-compress/1.4.1/commons-compress-1.4.1.jar:/root/.m2/repository/org/tukaani/xz/1.0/xz-1.0.jar:/root/.m2/repository/org/apache/hadoop/hadoop-common/3.2.0/hadoop-common-3.2.0.jar:/root/.m2/repository/org/apache/hadoop/hadoop-hdfs/3.2.0/hadoop-hdfs-3.2.0.jar:/root/.m2/repository/org/apache/hadoop/hadoop-hdfs-client/3.2.0/hadoop-hdfs-client-3.2.0.jar:/root/.m2/repository/com/fasterxml/jackson/core/jackson-annotations/2.9.5/jackson-annotations-2.9.5.jar:/root/.m2/repository/org/apache/hadoop/hadoop-hdds-common/0.5.0-SNAPSHOT/hadoop-hdds-common-0.5.0-SNAPSHOT.jar:/root/.m2/repository/javax/annotation/javax.annotation-api/1.2/javax.annotation-api-1.2.jar:/root/.m2/repository/org/apache/ratis/ratis-server/0.4.0-fe2b15d-SNAPSHOT/ratis-server-0.4.0-fe2b15d-SNAPSHOT.jar:/root/.m2/repository/org/apache/ratis/ratis-thirdparty-misc/0.2.0/ratis-thirdparty-misc-0.2.0.jar:/root/.m2/repository/org/apache/ratis/ratis-proto/0.4.0-fe2b15d-SNAPSHOT/ratis-proto-0.4.0-fe2b15d-SNAPSHOT.jar:/root/.m2/repository/org/apache/ratis/ratis-common/0.4.0-fe2b15d-SNAPSHOT/ratis-common-0.4.0-fe2b15d-SNAPSHOT.jar:/root/.m2/repository/org/apache/ratis/ratis-client/0.4.0-fe2b15d-SNAPSHOT/ratis-client-0.4.0-fe2b15d-SNAPSHOT.jar:/root/.m2/repository/org/apache/ratis/ratis-netty/0.4.0-fe2b15d-SNAPSHOT/ratis-netty-0.4.0-fe2b15d-SNAPSHOT.jar:/root/.m2/repository/org/apache/ratis/ratis-grpc/0.4.0-fe2b15d-SNAPSHOT/ratis-grpc-0.4.0-fe2b15d-SNAPSHOT.jar:/root/.m2/repository/org/rocksdb/rocksdbjni/5.14.2/rocksdbjni-5.14.2.jar:/root/.m2/repository/org/apache/logging/log4j/log4j-api/2.11.0/log4j-api-2.11.0.jar:/root/.m2/repository/org/apache/logging/log4j/log4j-core/2.11.0/log4j-core-2.11.0.jar:/root/.m2/repository/com/lmax/disruptor/3.4.2/disruptor-3.4.2.jar:/root/.m2/repository/org/apache/commons/commons-pool2/2.6.0/commons-pool2-2.6.0.jar:/root/.m2/repository/org/bouncycastle/bcpkix-jdk15on/1.60/bcpkix-jdk15on-1.60.jar:/root/.m2/repository/commons-validator/commons-validator/1.6/commons-validator-1.6.jar:/root/.m2/repository/commons-digester/commons-digester/1.8.1/commons-digester-1.8.1.jar:/root/.m2/repository/io/jaegertracing/jaeger-client/0.33.1/jaeger-client-0.33.1.jar:/root/.m2/repository/io/jaegertracing/jaeger-thrift/0.33.1/jaeger-thrift-0.33.1.jar:/root/.m2/repository/org/apache/thrift/libthrift/0.11.0/libthrift-0.11.0.jar:/root/.m2/repository/com/squareup/okhttp3/okhttp/3.9.0/okhttp-3.9.0.jar:/root/.m2/repository/com/squareup/okio/okio/1.13.0/okio-1.13.0.jar:/root/.m2/repository/io/jaegertracing/jaeger-core/0.33.1/jaeger-core-0.33.1.jar:/root/.m2/repository/io/jaegertracing/jaeger-tracerresolver/0.33.1/jaeger-tracerresolver-0.33.1.jar:/root/.m2/repository/io/opentracing/contrib/opentracing-tracerresolver/0.1.5/opentracing-tracerresolver-0.1.5.jar:/root/.m2/repository/io/opentracing/opentracing-util/0.31.0/opentracing-util-0.31.0.jar:/root/.m2/repository/io/opentracing/opentracing-api/0.31.0/opentracing-api-0.31.0.jar:/root/.m2/repository/io/opentracing/opentracing-noop/0.31.0/opentracing-noop-0.31.0.jar:/root/.m2/repository/org/apache/hadoop/hadoop-hdds-server-framework/0.5.0-SNAPSHOT/hadoop-hdds-server-framework-0.5.0-SNAPSHOT.jar:/root/.m2/repository/org/apache/hadoop/hadoop-hdds-server-scm/0.5.0-SNAPSHOT/hadoop-hdds-server-scm-0.5.0-SNAPSHOT.jar:/root/.m2/repository/org/apache/hadoop/hadoop-hdds-container-service/0.5.0-SNAPSHOT/hadoop-hdds-container-service-0.5.0-SNAPSHOT.jar:/root/.m2/repository/org/apache/hadoop/hadoop-hdds-client/0.5.0-SNAPSHOT/hadoop-hdds-client-0.5.0-SNAPSHOT.jar:/root/.m2/repository/org/apache/hadoop/hadoop-hdds-tools/0.5.0-SNAPSHOT/hadoop-hdds-tools-0.5.0-SNAPSHOT.jar:/root/.m2/repository/org/apache/hadoop/hadoop-ozone-ozone-manager/0.5.0-SNAPSHOT/hadoop-ozone-ozone-manager-0.5.0-SNAPSHOT.jar:/root/.m2/repository/org/apache/hadoop/hadoop-hdds-docs/0.5.0-SNAPSHOT/hadoop-hdds-docs-0.5.0-SNAPSHOT.jar:/root/.m2/repository/org/bouncycastle/bcprov-jdk15on/1.60/bcprov-jdk15on-1.60.jar:/root/.m2/repository/org/apache/hadoop/hadoop-minikdc/3.2.0/hadoop-minikdc-3.2.0.jar:/root/.m2/repository/commons-io/commons-io/2.5/commons-io-2.5.jar:/root/.m2/repository/org/apache/kerby/kerb-simplekdc/1.0.1/kerb-simplekdc-1.0.1.jar:/root/.m2/repository/org/apache/kerby/kerb-client/1.0.1/kerb-client-1.0.1.jar:/root/.m2/repository/org/apache/kerby/kerby-config/1.0.1/kerby-config-1.0.1.jar:/root/.m2/repository/org/apache/kerby/kerb-core/1.0.1/kerb-core-1.0.1.jar:/root/.m2/repository/org/apache/kerby/kerby-pkix/1.0.1/kerby-pkix-1.0.1.jar:/root/.m2/repository/org/apache/kerby/kerby-asn1/1.0.1/kerby-asn1-1.0.1.jar:/root/.m2/repository/org/apache/kerby/kerby-util/1.0.1/kerby-util-1.0.1.jar:/root/.m2/repository/org/apache/kerby/kerb-common/1.0.1/kerb-common-1.0.1.jar:/root/.m2/repository/org/apache/kerby/kerb-crypto/1.0.1/kerb-crypto-1.0.1.jar:/root/.m2/repository/org/apache/kerby/kerb-util/1.0.1/kerb-util-1.0.1.jar:/root/.m2/repository/org/apache/kerby/token-provider/1.0.1/token-provider-1.0.1.jar:/root/.m2/repository/org/apache/kerby/kerb-admin/1.0.1/kerb-admin-1.0.1.jar:/root/.m2/repository/org/apache/kerby/kerb-server/1.0.1/kerb-server-1.0.1.jar:/root/.m2/repository/org/apache/kerby/kerb-identity/1.0.1/kerb-identity-1.0.1.jar:/root/.m2/repository/org/apache/kerby/kerby-xdr/1.0.1/kerby-xdr-1.0.1.jar:/root/.m2/repository/org/slf4j/slf4j-log4j12/1.7.25/slf4j-log4j12-1.7.25.jar:/root/.m2/repository/org/apache/hadoop/hadoop-ozone-objectstore-service/0.5.0-SNAPSHOT/hadoop-ozone-objectstore-service-0.5.0-SNAPSHOT.jar:/root/.m2/repository/org/apache/hadoop/hadoop-ozone-s3gateway/0.5.0-SNAPSHOT/hadoop-ozone-s3gateway-0.5.0-SNAPSHOT.jar:/root/.m2/repository/org/jboss/weld/servlet/weld-servlet/2.4.7.Final/weld-servlet-2.4.7.Final.jar:/root/.m2/repository/org/glassfish/jersey/containers/jersey-container-servlet-core/2.27/jersey-container-servlet-core-2.27.jar:/root/.m2/repository/org/glassfish/hk2/external/javax.inject/2.5.0-b42/javax.inject-2.5.0-b42.jar:/root/.m2/repository/org/glassfish/jersey/core/jersey-common/2.27/jersey-common-2.27.jar:/root/.m2/repository/org/glassfish/hk2/osgi-resource-locator/1.0.1/osgi-resource-locator-1.0.1.jar:/root/.m2/repository/javax/ws/rs/javax.ws.rs-api/2.1/javax.ws.rs-api-2.1.jar:/root/.m2/repository/org/glassfish/jersey/ext/cdi/jersey-cdi1x/2.27/jersey-cdi1x-2.27.jar:/root/.m2/repository/org/glassfish/jersey/inject/jersey-hk2/2.27/jersey-hk2-2.27.jar:/root/.m2/repository/org/glassfish/hk2/hk2-locator/2.5.0-b42/hk2-locator-2.5.0-b42.jar:/root/.m2/repository/org/javassist/javassist/3.22.0-CR2/javassist-3.22.0-CR2.jar:/root/.m2/repository/org/glassfish/hk2/hk2-api/2.5.0/hk2-api-2.5.0.jar:/root/.m2/repository/org/glassfish/hk2/external/jakarta.inject/2.5.0/jakarta.inject-2.5.0.jar:/root/.m2/repository/org/glassfish/hk2/hk2-utils/2.5.0/hk2-utils-2.5.0.jar:/root/.m2/repository/jakarta/annotation/jakarta.annotation-api/1.3.4/jakarta.annotation-api-1.3.4.jar:/root/.m2/repository/org/glassfish/hk2/external/aopalliance-repackaged/2.5.0/aopalliance-repackaged-2.5.0.jar:/root/.m2/repository/com/fasterxml/jackson/dataformat/jackson-dataformat-xml/2.9.0/jackson-dataformat-xml-2.9.0.jar:/root/.m2/repository/com/fasterxml/jackson/core/jackson-core/2.9.5/jackson-core-2.9.5.jar:/root/.m2/repository/com/fasterxml/jackson/module/jackson-module-jaxb-annotations/2.9.5/jackson-module-jaxb-annotations-2.9.5.jar:/root/.m2/repository/javax/enterprise/cdi-api/1.2/cdi-api-1.2.jar:/root/.m2/repository/javax/el/javax.el-api/3.0.0/javax.el-api-3.0.0.jar:/root/.m2/repository/javax/interceptor/javax.interceptor-api/1.2/javax.interceptor-api-1.2.jar:/root/.m2/repository/javax/inject/javax.inject/1/javax.inject-1.jar:/root/.m2/repository/com/sun/xml/bind/jaxb-impl/2.3.0.1/jaxb-impl-2.3.0.1.jar:/root/.m2/repository/com/sun/xml/bind/jaxb-core/2.3.0.1/jaxb-core-2.3.0.1.jar:/root/.m2/repository/javax/xml/bind/jaxb-api/2.3.0/jaxb-api-2.3.0.jar:/root/.m2/repository/javax/activation/activation/1.1.1/activation-1.1.1.jar:/root/.m2/repository/org/apache/hadoop/hadoop-ozone-csi/0.5.0-SNAPSHOT/hadoop-ozone-csi-0.5.0-SNAPSHOT.jar:/root/.m2/repository/com/google/protobuf/protobuf-java-util/3.5.1/protobuf-java-util-3.5.1.jar:/root/.m2/repository/org/apache/hadoop/hadoop-hdds-config/0.5.0-SNAPSHOT/hadoop-hdds-config-0.5.0-SNAPSHOT.jar:/root/.m2/repository/com/google/guava/guava/11.0.2/guava-11.0.2.jar:/root/.m2/repository/com/google/protobuf/protobuf-java/2.5.0/protobuf-java-2.5.0.jar:/root/.m2/repository/io/grpc/grpc-netty/1.17.1/grpc-netty-1.17.1.jar:/root/.m2/repository/io/grpc/grpc-core/1.17.1/grpc-core-1.17.1.jar:/root/.m2/repository/io/grpc/grpc-context/1.17.1/grpc-context-1.17.1.jar:/root/.m2/repository/com/google/errorprone/error_prone_annotations/2.2.0/error_prone_annotations-2.2.0.jar:/root/.m2/repository/org/codehaus/mojo/animal-sniffer-annotations/1.17/animal-sniffer-annotations-1.17.jar:/root/.m2/repository/io/opencensus/opencensus-api/0.17.0/opencensus-api-0.17.0.jar:/root/.m2/repository/io/opencensus/opencensus-contrib-grpc-metrics/0.17.0/opencensus-contrib-grpc-metrics-0.17.0.jar:/root/.m2/repository/io/netty/netty-codec-http2/4.1.30.Final/netty-codec-http2-4.1.30.Final.jar:/root/.m2/repository/io/netty/netty-codec-http/4.1.30.Final/netty-codec-http-4.1.30.Final.jar:/root/.m2/repository/io/netty/netty-codec/4.1.30.Final/netty-codec-4.1.30.Final.jar:/root/.m2/repository/io/netty/netty-handler/4.1.30.Final/netty-handler-4.1.30.Final.jar:/root/.m2/repository/io/netty/netty-handler-proxy/4.1.30.Final/netty-handler-proxy-4.1.30.Final.jar:/root/.m2/repository/io/netty/netty-codec-socks/4.1.30.Final/netty-codec-socks-4.1.30.Final.jar:/root/.m2/repository/io/netty/netty-transport-native-epoll/4.1.30.Final/netty-transport-native-epoll-4.1.30.Final.jar:/root/.m2/repository/io/netty/netty-common/4.1.30.Final/netty-common-4.1.30.Final.jar:/root/.m2/repository/io/netty/netty-buffer/4.1.30.Final/netty-buffer-4.1.30.Final.jar:/root/.m2/repository/io/netty/netty-transport/4.1.30.Final/netty-transport-4.1.30.Final.jar:/root/.m2/repository/io/netty/netty-resolver/4.1.30.Final/netty-resolver-4.1.30.Final.jar:/root/.m2/repository/io/netty/netty-transport-native-unix-common/4.1.30.Final/netty-transport-native-unix-common-4.1.30.Final.jar:/root/.m2/repository/io/grpc/grpc-protobuf/1.17.1/grpc-protobuf-1.17.1.jar:/root/.m2/repository/com/google/api/grpc/proto-google-common-protos/1.0.0/proto-google-common-protos-1.0.0.jar:/root/.m2/repository/io/grpc/grpc-protobuf-lite/1.17.1/grpc-protobuf-lite-1.17.1.jar:/root/.m2/repository/io/grpc/grpc-stub/1.17.1/grpc-stub-1.17.1.jar:/root/.m2/repository/org/apache/hadoop/hadoop-ozone-recon/0.5.0-SNAPSHOT/hadoop-ozone-recon-0.5.0-SNAPSHOT.jar:/root/.m2/repository/org/apache/hadoop/hadoop-ozone-reconcodegen/0.5.0-SNAPSHOT/hadoop-ozone-reconcodegen-0.5.0-SNAPSHOT.jar:/root/.m2/repository/com/google/inject/extensions/guice-multibindings/4.0/guice-multibindings-4.0.jar:/root/.m2/repository/com/google/inject/guice/4.0/guice-4.0.jar:/root/.m2/repository/aopalliance/aopalliance/1.0/aopalliance-1.0.jar:/root/.m2/repository/com/google/inject/extensions/guice-servlet/4.0/guice-servlet-4.0.jar:/root/.m2/repository/org/glassfish/jersey/containers/jersey-container-servlet/2.27/jersey-container-servlet-2.27.jar:/root/.m2/repository/org/glassfish/hk2/guice-bridge/2.5.0/guice-bridge-2.5.0.jar:/root/.m2/repository/org/glassfish/jersey/core/jersey-server/2.27/jersey-server-2.27.jar:/root/.m2/repository/org/glassfish/jersey/core/jersey-client/2.27/jersey-client-2.27.jar:/root/.m2/repository/org/glassfish/jersey/media/jersey-media-jaxb/2.27/jersey-media-jaxb-2.27.jar:/root/.m2/repository/javax/validation/validation-api/1.1.0.Final/validation-api-1.1.0.Final.jar:/root/.m2/repository/org/glassfish/jersey/media/jersey-media-json-jackson/2.27/jersey-media-json-jackson-2.27.jar:/root/.m2/repository/org/glassfish/jersey/ext/jersey-entity-filtering/2.27/jersey-entity-filtering-2.27.jar:/root/.m2/repository/com/google/inject/extensions/guice-assistedinject/4.0/guice-assistedinject-4.0.jar:/root/.m2/repository/org/jooq/jooq/3.11.10/jooq-3.11.10.jar:/root/.m2/repository/org/jooq/jooq-meta/3.11.10/jooq-meta-3.11.10.jar:/root/.m2/repository/org/jooq/jooq-codegen/3.11.10/jooq-codegen-3.11.10.jar:/root/.m2/repository/com/jolbox/bonecp/0.8.0.RELEASE/bonecp-0.8.0.RELEASE.jar:/root/.m2/repository/org/xerial/sqlite-jdbc/3.25.2/sqlite-jdbc-3.25.2.jar:/root/.m2/repository/org/springframework/spring-jdbc/5.1.3.RELEASE/spring-jdbc-5.1.3.RELEASE.jar:/root/.m2/repository/org/springframework/spring-beans/5.1.3.RELEASE/spring-beans-5.1.3.RELEASE.jar:/root/.m2/repository/org/springframework/spring-core/5.1.3.RELEASE/spring-core-5.1.3.RELEASE.jar:/root/.m2/repository/org/springframework/spring-jcl/5.1.3.RELEASE/spring-jcl-5.1.3.RELEASE.jar:/root/.m2/repository/org/springframework/spring-tx/5.1.3.RELEASE/spring-tx-5.1.3.RELEASE.jar:/root/.m2/repository/org/apache/hadoop/hadoop-ozone-client/0.5.0-SNAPSHOT/hadoop-ozone-client-0.5.0-SNAPSHOT.jar:/root/.m2/repository/org/apache/hadoop/hadoop-ozone-ozone-manager/0.5.0-SNAPSHOT/hadoop-ozone-ozone-manager-0.5.0-SNAPSHOT-tests.jar:/root/.m2/repository/junit/junit/4.11/junit-4.11.jar:/root/.m2/repository/org/hamcrest/hamcrest-core/1.3/hamcrest-core-1.3.jar:/root/.m2/repository/org/openjdk/jmh/jmh-core/1.19/jmh-core-1.19.jar:/root/.m2/repository/net/sf/jopt-simple/jopt-simple/4.6/jopt-simple-4.6.jar:/root/.m2/repository/org/apache/commons/commons-math3/3.1.1/commons-math3-3.1.1.jar:/root/.m2/repository/org/openjdk/jmh/jmh-generator-annprocess/1.19/jmh-generator-annprocess-1.19.jar:/root/.m2/repository/org/mockito/mockito-all/1.8.5/mockito-all-1.8.5.jar:/root/.m2/repository/org/apache/hadoop/hadoop-kms/3.2.0/hadoop-kms-3.2.0.jar:/root/.m2/repository/org/apache/hadoop/hadoop-auth/3.2.0/hadoop-auth-3.2.0.jar:/root/.m2/repository/com/nimbusds/nimbus-jose-jwt/4.41.1/nimbus-jose-jwt-4.41.1.jar:/root/.m2/repository/com/github/stephenc/jcip/jcip-annotations/1.0-1/jcip-annotations-1.0-1.jar:/root/.m2/repository/net/minidev/json-smart/2.3/json-smart-2.3.jar:/root/.m2/repository/net/minidev/accessors-smart/1.2/accessors-smart-1.2.jar:/root/.m2/repository/org/ow2/asm/asm/5.0.4/asm-5.0.4.jar:/root/.m2/repository/org/apache/curator/curator-framework/2.12.0/curator-framework-2.12.0.jar:/root/.m2/repository/com/sun/jersey/jersey-core/1.19/jersey-core-1.19.jar:/root/.m2/repository/javax/ws/rs/jsr311-api/1.1.1/jsr311-api-1.1.1.jar:/root/.m2/repository/com/sun/jersey/jersey-server/1.19/jersey-server-1.19.jar:/root/.m2/repository/javax/servlet/javax.servlet-api/3.1.0/javax.servlet-api-3.1.0.jar:/root/.m2/repository/org/eclipse/jetty/jetty-server/9.3.24.v20180605/jetty-server-9.3.24.v20180605.jar:/root/.m2/repository/org/eclipse/jetty/jetty-http/9.3.24.v20180605/jetty-http-9.3.24.v20180605.jar:/root/.m2/repository/org/eclipse/jetty/jetty-io/9.3.24.v20180605/jetty-io-9.3.24.v20180605.jar:/root/.m2/repository/org/eclipse/jetty/jetty-webapp/9.3.24.v20180605/jetty-webapp-9.3.24.v20180605.jar:/root/.m2/repository/org/eclipse/jetty/jetty-xml/9.3.24.v20180605/jetty-xml-9.3.24.v20180605.jar:/root/.m2/repository/log4j/log4j/1.2.17/log4j-1.2.17.jar:/root/.m2/repository/org/slf4j/slf4j-api/1.7.25/slf4j-api-1.7.25.jar:/root/.m2/repository/org/slf4j/jul-to-slf4j/1.7.25/jul-to-slf4j-1.7.25.jar:/root/.m2/repository/org/eclipse/jetty/jetty-util/9.3.24.v20180605/jetty-util-9.3.24.v20180605.jar:/root/.m2/repository/io/dropwizard/metrics/metrics-core/3.2.4/metrics-core-3.2.4.jar:/root/.m2/repository/com/fasterxml/jackson/core/jackson-databind/2.9.5/jackson-databind-2.9.5.jar:/root/.m2/repository/org/apache/hadoop/hadoop-kms/3.2.0/hadoop-kms-3.2.0-tests.jar:/root/.m2/repository/org/apache/hadoop/hadoop-hdds-server-scm/0.5.0-SNAPSHOT/hadoop-hdds-server-scm-0.5.0-SNAPSHOT-tests.jar:/root/.m2/repository/org/hamcrest/hamcrest-all/1.3/hamcrest-all-1.3.jar:/root/.m2/repository/info/picocli/picocli/3.9.6/picocli-3.9.6.jar:/root/.m2/repository/org/apache/hadoop/hadoop-hdds-container-service/0.5.0-SNAPSHOT/hadoop-hdds-container-service-0.5.0-SNAPSHOT-tests.jar:/root/.m2/repository/org/yaml/snakeyaml/1.16/snakeyaml-1.16.jar:/root/.m2/repository/org/apache/hadoop/hadoop-common/3.2.0/hadoop-common-3.2.0-tests.jar:/root/.m2/repository/org/apache/hadoop/hadoop-annotations/3.2.0/hadoop-annotations-3.2.0.jar:/usr/lib/jvm/java-1.8-openjdk/jre/../lib/tools.jar:/root/.m2/repository/commons-cli/commons-cli/1.2/commons-cli-1.2.jar:/root/.m2/repository/org/apache/httpcomponents/httpclient/4.5.2/httpclient-4.5.2.jar:/root/.m2/repository/org/apache/httpcomponents/httpcore/4.4.4/httpcore-4.4.4.jar:/root/.m2/repository/commons-codec/commons-codec/1.11/commons-codec-1.11.jar:/root/.m2/repository/commons-net/commons-net/3.6/commons-net-3.6.jar:/root/.m2/repository/commons-collections/commons-collections/3.2.2/commons-collections-3.2.2.jar:/root/.m2/repository/org/eclipse/jetty/jetty-servlet/9.3.24.v20180605/jetty-servlet-9.3.24.v20180605.jar:/root/.m2/repository/org/eclipse/jetty/jetty-security/9.3.24.v20180605/jetty-security-9.3.24.v20180605.jar:/root/.m2/repository/javax/servlet/jsp/jsp-api/2.1/jsp-api-2.1.jar:/root/.m2/repository/com/sun/jersey/jersey-servlet/1.19/jersey-servlet-1.19.jar:/root/.m2/repository/com/sun/jersey/jersey-json/1.19/jersey-json-1.19.jar:/root/.m2/repository/org/codehaus/jettison/jettison/1.1/jettison-1.1.jar:/root/.m2/repository/org/codehaus/jackson/jackson-core-asl/1.9.13/jackson-core-asl-1.9.13.jar:/root/.m2/repository/org/codehaus/jackson/jackson-mapper-asl/1.9.13/jackson-mapper-asl-1.9.13.jar:/root/.m2/repository/org/codehaus/jackson/jackson-jaxrs/1.9.13/jackson-jaxrs-1.9.13.jar:/root/.m2/repository/org/codehaus/jackson/jackson-xc/1.9.13/jackson-xc-1.9.13.jar:/root/.m2/repository/commons-logging/commons-logging/1.1.3/commons-logging-1.1.3.jar:/root/.m2/repository/commons-beanutils/commons-beanutils/1.9.3/commons-beanutils-1.9.3.jar:/root/.m2/repository/org/apache/commons/commons-configuration2/2.1.1/commons-configuration2-2.1.1.jar:/root/.m2/repository/org/apache/commons/commons-lang3/3.7/commons-lang3-3.7.jar:/root/.m2/repository/org/apache/commons/commons-text/1.4/commons-text-1.4.jar:/root/.m2/repository/org/apache/avro/avro/1.7.7/avro-1.7.7.jar:/root/.m2/repository/com/thoughtworks/paranamer/paranamer/2.3/paranamer-2.3.jar:/root/.m2/repository/org/xerial/snappy/snappy-java/1.0.5/snappy-java-1.0.5.jar:/root/.m2/repository/com/google/re2j/re2j/1.1/re2j-1.1.jar:/root/.m2/repository/com/google/code/gson/gson/2.2.4/gson-2.2.4.jar:/root/.m2/repository/com/jcraft/jsch/0.1.54/jsch-0.1.54.jar:/root/.m2/repository/org/apache/curator/curator-client/2.12.0/curator-client-2.12.0.jar:/root/.m2/repository/org/apache/curator/curator-recipes/2.12.0/curator-recipes-2.12.0.jar:/root/.m2/repository/com/google/code/findbugs/jsr305/3.0.0/jsr305-3.0.0.jar:/root/.m2/repository/org/apache/htrace/htrace-core4/4.1.0-incubating/htrace-core4-4.1.0-incubating.jar:/root/.m2/repository/org/apache/zookeeper/zookeeper/3.4.13/zookeeper-3.4.13.jar:/root/.m2/repository/org/apache/yetus/audience-annotations/0.5.0/audience-annotations-0.5.0.jar:/root/.m2/repository/org/codehaus/woodstox/stax2-api/3.1.4/stax2-api-3.1.4.jar:/root/.m2/repository/com/fasterxml/woodstox/woodstox-core/5.0.3/woodstox-core-5.0.3.jar:/root/.m2/repository/dnsjava/dnsjava/2.1.7/dnsjava-2.1.7.jar:/root/.m2/repository/org/apache/hadoop/hadoop-hdfs/3.2.0/hadoop-hdfs-3.2.0-tests.jar:/root/.m2/repository/org/eclipse/jetty/jetty-util-ajax/9.3.24.v20180605/jetty-util-ajax-9.3.24.v20180605.jar:/root/.m2/repository/commons-daemon/commons-daemon/1.0.13/commons-daemon-1.0.13.jar:/root/.m2/repository/io/netty/netty/3.10.5.Final/netty-3.10.5.Final.jar:/root/.m2/repository/io/netty/netty-all/4.0.52.Final/netty-all-4.0.52.Final.jar:/root/.m2/repository/org/fusesource/leveldbjni/leveldbjni-all/1.8/leveldbjni-all-1.8.jar:"/>
    <property name="sun.cpu.endian" value="little"/>
    <property name="user.home" value="/root"/>
    <property name="user.language" value="en"/>
    <property name="java.specification.vendor" value="Oracle Corporation"/>
    <property name="java.home" value="/usr/lib/jvm/java-1.8-openjdk/jre"/>
    <property name="java.security.krb5.conf" value="/opt/src/hadoop-ozone/integration-test/target/test-classes/krb5.conf"/>
    <property name="basedir" value="/opt/src/hadoop-ozone/integration-test"/>
    <property name="file.separator" value="/"/>
    <property name="line.separator" value="&#10;"/>
    <property name="java.vm.specification.vendor" value="Oracle Corporation"/>
    <property name="java.specification.name" value="Java Platform API Specification"/>
    <property name="java.awt.graphicsenv" value="sun.awt.X11GraphicsEnvironment"/>
    <property name="surefire.real.class.path" value="/opt/src/hadoop-ozone/integration-test/target/surefire/surefirebooter2449460169446726305.jar"/>
    <property name="hadoop.log.dir" value="/opt/src/hadoop-ozone/integration-test/target/log"/>
    <property name="sun.boot.class.path" value="/usr/lib/jvm/java-1.8-openjdk/jre/lib/resources.jar:/usr/lib/jvm/java-1.8-openjdk/jre/lib/rt.jar:/usr/lib/jvm/java-1.8-openjdk/jre/lib/sunrsasign.jar:/usr/lib/jvm/java-1.8-openjdk/jre/lib/jsse.jar:/usr/lib/jvm/java-1.8-openjdk/jre/lib/jce.jar:/usr/lib/jvm/java-1.8-openjdk/jre/lib/charsets.jar:/usr/lib/jvm/java-1.8-openjdk/jre/lib/jfr.jar:/usr/lib/jvm/java-1.8-openjdk/jre/classes"/>
    <property name="sun.management.compiler" value="HotSpot 64-Bit Tiered Compilers"/>
    <property name="java.runtime.version" value="1.8.0_212-b04"/>
    <property name="java.net.preferIPv4Stack" value="true"/>
    <property name="user.name" value="root"/>
    <property name="path.separator" value=":"/>
    <property name="java.security.egd" value="file:///dev/urandom"/>
    <property name="os.version" value="4.15.0-1021-aws"/>
    <property name="java.endorsed.dirs" value="/usr/lib/jvm/java-1.8-openjdk/jre/lib/endorsed"/>
    <property name="java.runtime.name" value="OpenJDK Runtime Environment"/>
    <property name="file.encoding" value="UTF-8"/>
    <property name="java.vm.name" value="OpenJDK 64-Bit Server VM"/>
    <property name="test.build.webapps" value=""/>
    <property name="localRepository" value="/root/.m2/repository"/>
    <property name="java.vendor.url.bug" value="https://icedtea.classpath.org/bugzilla"/>
    <property name="java.io.tmpdir" value="/tmp"/>
    <property name="require.test.libhadoop" value=""/>
    <property name="java.version" value="1.8.0_212"/>
    <property name="user.dir" value="/opt/src/hadoop-ozone/integration-test"/>
    <property name="os.arch" value="amd64"/>
    <property name="java.vm.specification.name" value="Java Virtual Machine Specification"/>
    <property name="test.build.classes" value="/opt/src/hadoop-ozone/integration-test/target/test-classes"/>
    <property name="java.awt.printerjob" value="sun.print.PSPrinterJob"/>
    <property name="sun.os.patch.level" value="unknown"/>
    <property name="hadoop.tmp.dir" value="/opt/src/hadoop-ozone/integration-test/target/tmp"/>
    <property name="java.library.path" value="/usr/lib/jvm/java-1.8-openjdk/jre/lib/amd64/server:/usr/lib/jvm/java-1.8-openjdk/jre/lib/amd64:/usr/lib/jvm/java-1.8-openjdk/jre/../lib/amd64:/opt/src/hadoop-ozone/integration-test/target/native/target/usr/local/lib:/opt/src/hadoop-ozone/integration-test/../../hadoop-common-project/hadoop-common/target/native/target/usr/local/lib:/usr/java/packages/lib/amd64:/usr/lib64:/lib64:/lib:/usr/lib"/>
    <property name="java.vm.info" value="mixed mode"/>
    <property name="java.vendor" value="IcedTea"/>
    <property name="java.vm.version" value="25.212-b04"/>
    <property name="java.ext.dirs" value="/usr/lib/jvm/java-1.8-openjdk/jre/lib/ext:/usr/java/packages/lib/ext"/>
    <property name="sun.io.unicode.encoding" value="UnicodeLittle"/>
    <property name="java.class.version" value="52.0"/>
  </properties>
  <testcase name="testPipelineFail" classname="org.apache.hadoop.hdds.scm.pipeline.TestNodeFailure" time="0">
    <skipped/>
    <system-out><![CDATA[2019-06-13 13:15:52,220 WARN  server.ServerUtils (ServerUtils.java:getScmDbDir(145)) - ozone.scm.db.dirs is not configured. We recommend adding this setting. Falling back to ozone.metadata.dirs instead.
2019-06-13 13:15:52,305 WARN  server.ServerUtils (ServerUtils.java:getScmDbDir(145)) - ozone.scm.db.dirs is not configured. We recommend adding this setting. Falling back to ozone.metadata.dirs instead.
2019-06-13 13:15:52,309 WARN  server.ServerUtils (ServerUtils.java:getScmDbDir(145)) - ozone.scm.db.dirs is not configured. We recommend adding this setting. Falling back to ozone.metadata.dirs instead.
2019-06-13 13:15:52,328 INFO  util.log (Log.java:initialized(192)) - Logging initialized @769ms
2019-06-13 13:15:52,424 INFO  db.DBStoreBuilder (DBStoreBuilder.java:addTable(110)) - using custom profile for table: deletedBlocks
2019-06-13 13:15:52,424 INFO  db.DBStoreBuilder (DBStoreBuilder.java:processTables(161)) - Using default column profile:DBProfile.DISK for Table:deletedBlocks
2019-06-13 13:15:52,425 INFO  db.DBStoreBuilder (DBStoreBuilder.java:addTable(110)) - using custom profile for table: validCerts
2019-06-13 13:15:52,425 INFO  db.DBStoreBuilder (DBStoreBuilder.java:processTables(161)) - Using default column profile:DBProfile.DISK for Table:validCerts
2019-06-13 13:15:52,425 INFO  db.DBStoreBuilder (DBStoreBuilder.java:addTable(110)) - using custom profile for table: revokedCerts
2019-06-13 13:15:52,425 INFO  db.DBStoreBuilder (DBStoreBuilder.java:processTables(161)) - Using default column profile:DBProfile.DISK for Table:revokedCerts
2019-06-13 13:15:52,435 INFO  db.DBStoreBuilder (DBStoreBuilder.java:addTable(110)) - using custom profile for table: default
2019-06-13 13:15:52,435 INFO  db.DBStoreBuilder (DBStoreBuilder.java:processTables(167)) - Using default column profile:DBProfile.DISK for Table:default
2019-06-13 13:15:52,436 INFO  db.DBStoreBuilder (DBStoreBuilder.java:getDbProfile(198)) - Using default options. DBProfile.DISK
2019-06-13 13:15:52,515 INFO  node.SCMNodeManager (SCMNodeManager.java:<init>(108)) - Entering startup safe mode.
2019-06-13 13:15:52,577 INFO  net.NodeSchemaLoader (NodeSchemaLoader.java:loadSchemaFromFile(125)) - Loading file from sun.misc.CompoundEnumeration@443118b0
2019-06-13 13:15:52,578 INFO  net.NodeSchemaLoader (NodeSchemaLoader.java:loadSchema(171)) - Loading network topology layer schema file
2019-06-13 13:15:52,629 WARN  server.ServerUtils (ServerUtils.java:getScmDbDir(145)) - ozone.scm.db.dirs is not configured. We recommend adding this setting. Falling back to ozone.metadata.dirs instead.
2019-06-13 13:15:52,651 INFO  pipeline.SCMPipelineManager (SCMPipelineManager.java:initializePipelineState(126)) - No pipeline exists in current db
2019-06-13 13:15:52,653 WARN  server.ServerUtils (ServerUtils.java:getScmDbDir(145)) - ozone.scm.db.dirs is not configured. We recommend adding this setting. Falling back to ozone.metadata.dirs instead.
2019-06-13 13:15:52,706 WARN  events.EventQueue (EventQueue.java:fireEvent(175)) - No event handler registered for event TypedEvent{payloadType=SafeModeStatus, name='SafeModeStatus'}
2019-06-13 13:15:53,045 INFO  ipc.CallQueueManager (CallQueueManager.java:<init>(84)) - Using callQueue: class java.util.concurrent.LinkedBlockingQueue, queueCapacity: 2000, scheduler: class org.apache.hadoop.ipc.DefaultRpcScheduler, ipcBackoff: false.
2019-06-13 13:15:53,070 INFO  ipc.Server (Server.java:run(1074)) - Starting Socket Reader #1 for port 40211
2019-06-13 13:15:53,090 INFO  ipc.CallQueueManager (CallQueueManager.java:<init>(84)) - Using callQueue: class java.util.concurrent.LinkedBlockingQueue, queueCapacity: 2000, scheduler: class org.apache.hadoop.ipc.DefaultRpcScheduler, ipcBackoff: false.
2019-06-13 13:15:53,091 INFO  ipc.Server (Server.java:run(1074)) - Starting Socket Reader #1 for port 34493
2019-06-13 13:15:53,098 INFO  ipc.CallQueueManager (CallQueueManager.java:<init>(84)) - Using callQueue: class java.util.concurrent.LinkedBlockingQueue, queueCapacity: 2000, scheduler: class org.apache.hadoop.ipc.DefaultRpcScheduler, ipcBackoff: false.
2019-06-13 13:15:53,135 INFO  ipc.Server (Server.java:run(1074)) - Starting Socket Reader #1 for port 45371
2019-06-13 13:15:53,156 INFO  hdfs.DFSUtil (DFSUtil.java:httpServerTemplateForNNAndJN(1641)) - Starting Web-server for scm at: http://0.0.0.0:0
2019-06-13 13:15:53,305 INFO  server.AuthenticationFilter (AuthenticationFilter.java:constructSecretProvider(240)) - Unable to initialize FileSignerSecretProvider, falling back to use random secrets.
2019-06-13 13:15:53,312 WARN  http.HttpRequestLog (HttpRequestLog.java:getRequestLog(97)) - Jetty request log can only be enabled using Log4j
2019-06-13 13:15:53,319 INFO  http.HttpServer2 (HttpServer2.java:addGlobalFilter(975)) - Added global filter 'safety' (class=org.apache.hadoop.http.HttpServer2$QuotingInputFilter)
2019-06-13 13:15:53,321 INFO  http.HttpServer2 (HttpServer2.java:addFilter(948)) - Added filter static_user_filter (class=org.apache.hadoop.http.lib.StaticUserWebFilter$StaticUserFilter) to context scm
2019-06-13 13:15:53,321 INFO  http.HttpServer2 (HttpServer2.java:addFilter(958)) - Added filter static_user_filter (class=org.apache.hadoop.http.lib.StaticUserWebFilter$StaticUserFilter) to context logs
2019-06-13 13:15:53,321 INFO  http.HttpServer2 (HttpServer2.java:addFilter(958)) - Added filter static_user_filter (class=org.apache.hadoop.http.lib.StaticUserWebFilter$StaticUserFilter) to context static
2019-06-13 13:15:53,347 INFO  server.StorageContainerManager (StorageContainerManager.java:start(752)) - StorageContainerLocationProtocol RPC server is listening at /0.0.0.0:45371
2019-06-13 13:15:53,396 WARN  impl.MetricsConfig (MetricsConfig.java:loadFirst(134)) - Cannot locate configuration: tried hadoop-metrics2-storagecontainermanager.properties,hadoop-metrics2.properties
2019-06-13 13:15:53,409 INFO  impl.MetricsSystemImpl (MetricsSystemImpl.java:startTimer(374)) - Scheduled Metric snapshot period at 10 second(s).
2019-06-13 13:15:53,409 INFO  impl.MetricsSystemImpl (MetricsSystemImpl.java:start(191)) - StorageContainerManager metrics system started
2019-06-13 13:15:53,618 INFO  server.SCMClientProtocolServer (SCMClientProtocolServer.java:start(149)) - RPC server for Client  is listening at /0.0.0.0:45371
2019-06-13 13:15:53,619 INFO  ipc.Server (Server.java:run(1314)) - IPC Server Responder: starting
2019-06-13 13:15:53,623 INFO  ipc.Server (Server.java:run(1153)) - IPC Server listener on 45371: starting
2019-06-13 13:15:53,626 INFO  server.StorageContainerManager (StorageContainerManager.java:start(761)) - ScmBlockLocationProtocol RPC server is listening at /0.0.0.0:34493
2019-06-13 13:15:53,626 INFO  server.SCMBlockProtocolServer (SCMBlockProtocolServer.java:start(137)) - RPC server for Block Protocol is listening at /0.0.0.0:34493
2019-06-13 13:15:53,626 INFO  ipc.Server (Server.java:run(1314)) - IPC Server Responder: starting
2019-06-13 13:15:53,626 INFO  ipc.Server (Server.java:run(1153)) - IPC Server listener on 34493: starting
2019-06-13 13:15:53,629 INFO  server.StorageContainerManager (StorageContainerManager.java:start(765)) - ScmDatanodeProtocl RPC server is listening at /0.0.0.0:40211
2019-06-13 13:15:53,629 INFO  server.SCMDatanodeProtocolServer (SCMDatanodeProtocolServer.java:start(191)) - RPC server for DataNodes is listening at /0.0.0.0:40211
2019-06-13 13:15:53,629 INFO  ipc.Server (Server.java:run(1314)) - IPC Server Responder: starting
2019-06-13 13:15:53,629 INFO  ipc.Server (Server.java:run(1153)) - IPC Server listener on 40211: starting
2019-06-13 13:15:53,633 INFO  http.HttpServer2 (HttpServer2.java:bindListener(1191)) - Jetty bound to port 46647
2019-06-13 13:15:53,634 INFO  server.Server (Server.java:doStart(351)) - jetty-9.3.24.v20180605, build timestamp: 2018-06-05T17:11:56Z, git hash: 84205aa28f11a4f31f2a3b86d1bba2cc8ab69827
2019-06-13 13:15:53,671 INFO  handler.ContextHandler (ContextHandler.java:doStart(781)) - Started o.e.j.s.ServletContextHandler@2df6226d{/logs,file:///opt/src/hadoop-ozone/integration-test/target/log,AVAILABLE}
2019-06-13 13:15:53,672 INFO  handler.ContextHandler (ContextHandler.java:doStart(781)) - Started o.e.j.s.ServletContextHandler@4ff4357f{/static,file:///opt/src/hadoop-ozone/integration-test/target/test-classes/webapps/static,AVAILABLE}
2019-06-13 13:15:53,699 INFO  handler.ContextHandler (ContextHandler.java:doStart(781)) - Started o.e.j.w.WebAppContext@34645867{/,file:///opt/src/hadoop-ozone/integration-test/target/test-classes/webapps/scm/,AVAILABLE}{/scm}
2019-06-13 13:15:53,703 INFO  server.AbstractConnector (AbstractConnector.java:doStart(278)) - Started ServerConnector@66629f63{HTTP/1.1,[http/1.1]}{0.0.0.0:46647}
2019-06-13 13:15:53,704 INFO  server.Server (Server.java:doStart(419)) - Started @2145ms
2019-06-13 13:15:53,704 INFO  server.BaseHttpServer (BaseHttpServer.java:updateConnectorAddress(207)) - HTTP server of SCM is listening at http://0.0.0.0:46647
2019-06-13 13:15:53,712 INFO  util.JvmPauseMonitor (JvmPauseMonitor.java:run(188)) - Starting JVM pause monitor
2019-06-13 13:15:53,714 WARN  scm.ScmUtils (ScmUtils.java:getDBPath(63)) - ozone.om.db.dirs is not configured. We recommend adding this setting. Falling back to ozone.metadata.dirs instead.
2019-06-13 13:15:53,807 WARN  scm.ScmUtils (ScmUtils.java:getDBPath(63)) - ozone.om.db.dirs is not configured. We recommend adding this setting. Falling back to ozone.metadata.dirs instead.
2019-06-13 13:15:53,808 INFO  om.OzoneManager (OzoneManager.java:setOMNodeDetails(519)) - OM Service ID is not set. Setting it to the default ID: omServiceIdDefault
2019-06-13 13:15:53,808 INFO  om.OzoneManager (OzoneManager.java:setOMNodeDetails(525)) - OM Node ID is not set. Setting it to the OmStorage's OmID: bfa1cff7-2c2f-4aec-93a1-e63cd7ee6f2f
2019-06-13 13:15:53,810 WARN  scm.HddsServerUtil (HddsServerUtil.java:getDefaultRatisDirectory(354)) - Storage directory for Ratis is not configured. It is a good idea to map this to an SSD disk. Falling back to ozone.metadata.dirs
2019-06-13 13:15:53,810 WARN  scm.HddsServerUtil (HddsServerUtil.java:getDefaultRatisDirectory(354)) - Storage directory for Ratis is not configured. It is a good idea to map this to an SSD disk. Falling back to ozone.metadata.dirs
2019-06-13 13:15:53,811 INFO  om.OzoneManager (OzoneManager.java:loadOMHAConfigs(476)) - Found matching OM address with OMServiceId: null, OMNodeId: null, RPC Address: localhost:0 and Ratis port: 9872
2019-06-13 13:15:54,013 WARN  scm.ScmUtils (ScmUtils.java:getDBPath(63)) - ozone.om.db.dirs is not configured. We recommend adding this setting. Falling back to ozone.metadata.dirs instead.
2019-06-13 13:15:54,027 INFO  db.DBStoreBuilder (DBStoreBuilder.java:addTable(110)) - using custom profile for table: userTable
2019-06-13 13:15:54,027 INFO  db.DBStoreBuilder (DBStoreBuilder.java:processTables(161)) - Using default column profile:DBProfile.DISK for Table:userTable
2019-06-13 13:15:54,027 INFO  db.DBStoreBuilder (DBStoreBuilder.java:addTable(110)) - using custom profile for table: volumeTable
2019-06-13 13:15:54,027 INFO  db.DBStoreBuilder (DBStoreBuilder.java:processTables(161)) - Using default column profile:DBProfile.DISK for Table:volumeTable
2019-06-13 13:15:54,028 INFO  db.DBStoreBuilder (DBStoreBuilder.java:addTable(110)) - using custom profile for table: bucketTable
2019-06-13 13:15:54,028 INFO  db.DBStoreBuilder (DBStoreBuilder.java:processTables(161)) - Using default column profile:DBProfile.DISK for Table:bucketTable
2019-06-13 13:15:54,028 INFO  db.DBStoreBuilder (DBStoreBuilder.java:addTable(110)) - using custom profile for table: keyTable
2019-06-13 13:15:54,028 INFO  db.DBStoreBuilder (DBStoreBuilder.java:processTables(161)) - Using default column profile:DBProfile.DISK for Table:keyTable
2019-06-13 13:15:54,029 INFO  db.DBStoreBuilder (DBStoreBuilder.java:addTable(110)) - using custom profile for table: deletedTable
2019-06-13 13:15:54,029 INFO  db.DBStoreBuilder (DBStoreBuilder.java:processTables(161)) - Using default column profile:DBProfile.DISK for Table:deletedTable
2019-06-13 13:15:54,029 INFO  db.DBStoreBuilder (DBStoreBuilder.java:addTable(110)) - using custom profile for table: openKeyTable
2019-06-13 13:15:54,029 INFO  db.DBStoreBuilder (DBStoreBuilder.java:processTables(161)) - Using default column profile:DBProfile.DISK for Table:openKeyTable
2019-06-13 13:15:54,030 INFO  db.DBStoreBuilder (DBStoreBuilder.java:addTable(110)) - using custom profile for table: s3Table
2019-06-13 13:15:54,030 INFO  db.DBStoreBuilder (DBStoreBuilder.java:processTables(161)) - Using default column profile:DBProfile.DISK for Table:s3Table
2019-06-13 13:15:54,030 INFO  db.DBStoreBuilder (DBStoreBuilder.java:addTable(110)) - using custom profile for table: multipartInfoTable
2019-06-13 13:15:54,030 INFO  db.DBStoreBuilder (DBStoreBuilder.java:processTables(161)) - Using default column profile:DBProfile.DISK for Table:multipartInfoTable
2019-06-13 13:15:54,030 INFO  db.DBStoreBuilder (DBStoreBuilder.java:addTable(110)) - using custom profile for table: dTokenTable
2019-06-13 13:15:54,031 INFO  db.DBStoreBuilder (DBStoreBuilder.java:processTables(161)) - Using default column profile:DBProfile.DISK for Table:dTokenTable
2019-06-13 13:15:54,031 INFO  db.DBStoreBuilder (DBStoreBuilder.java:addTable(110)) - using custom profile for table: s3SecretTable
2019-06-13 13:15:54,031 INFO  db.DBStoreBuilder (DBStoreBuilder.java:processTables(161)) - Using default column profile:DBProfile.DISK for Table:s3SecretTable
2019-06-13 13:15:54,031 INFO  db.DBStoreBuilder (DBStoreBuilder.java:addTable(110)) - using custom profile for table: prefixTable
2019-06-13 13:15:54,032 INFO  db.DBStoreBuilder (DBStoreBuilder.java:processTables(161)) - Using default column profile:DBProfile.DISK for Table:prefixTable
2019-06-13 13:15:54,032 INFO  db.DBStoreBuilder (DBStoreBuilder.java:addTable(110)) - using custom profile for table: default
2019-06-13 13:15:54,032 INFO  db.DBStoreBuilder (DBStoreBuilder.java:processTables(167)) - Using default column profile:DBProfile.DISK for Table:default
2019-06-13 13:15:54,032 INFO  db.DBStoreBuilder (DBStoreBuilder.java:getDbProfile(198)) - Using default options. DBProfile.DISK
2019-06-13 13:15:54,579 INFO  ipc.CallQueueManager (CallQueueManager.java:<init>(84)) - Using callQueue: class java.util.concurrent.LinkedBlockingQueue, queueCapacity: 2000, scheduler: class org.apache.hadoop.ipc.DefaultRpcScheduler, ipcBackoff: false.
2019-06-13 13:15:54,580 INFO  ipc.Server (Server.java:run(1074)) - Starting Socket Reader #1 for port 42913
2019-06-13 13:15:54,604 WARN  scm.ScmUtils (ScmUtils.java:getDBPath(63)) - ozone.om.db.dirs is not configured. We recommend adding this setting. Falling back to ozone.metadata.dirs instead.
2019-06-13 13:15:54,604 INFO  om.OzoneManager (OzoneManager.java:start(1217)) - OzoneManager RPC server is listening at localhost/127.0.0.1:42913
2019-06-13 13:15:54,604 INFO  impl.MetricsSystemImpl (MetricsSystemImpl.java:init(158)) - OzoneManager metrics system started (again)
2019-06-13 13:15:54,614 INFO  ipc.Server (Server.java:run(1314)) - IPC Server Responder: starting
2019-06-13 13:15:54,615 INFO  ipc.Server (Server.java:run(1153)) - IPC Server listener on 42913: starting
2019-06-13 13:15:54,650 INFO  hdfs.DFSUtil (DFSUtil.java:httpServerTemplateForNNAndJN(1641)) - Starting Web-server for ozoneManager at: http://0.0.0.0:0
2019-06-13 13:15:54,651 INFO  server.AuthenticationFilter (AuthenticationFilter.java:constructSecretProvider(240)) - Unable to initialize FileSignerSecretProvider, falling back to use random secrets.
2019-06-13 13:15:54,651 WARN  http.HttpRequestLog (HttpRequestLog.java:getRequestLog(97)) - Jetty request log can only be enabled using Log4j
2019-06-13 13:15:54,653 INFO  http.HttpServer2 (HttpServer2.java:addGlobalFilter(975)) - Added global filter 'safety' (class=org.apache.hadoop.http.HttpServer2$QuotingInputFilter)
2019-06-13 13:15:54,653 INFO  http.HttpServer2 (HttpServer2.java:addFilter(948)) - Added filter static_user_filter (class=org.apache.hadoop.http.lib.StaticUserWebFilter$StaticUserFilter) to context ozoneManager
2019-06-13 13:15:54,654 INFO  http.HttpServer2 (HttpServer2.java:addFilter(958)) - Added filter static_user_filter (class=org.apache.hadoop.http.lib.StaticUserWebFilter$StaticUserFilter) to context static
2019-06-13 13:15:54,654 INFO  http.HttpServer2 (HttpServer2.java:addFilter(958)) - Added filter static_user_filter (class=org.apache.hadoop.http.lib.StaticUserWebFilter$StaticUserFilter) to context logs
2019-06-13 13:15:54,655 INFO  http.HttpServer2 (HttpServer2.java:bindListener(1191)) - Jetty bound to port 37063
2019-06-13 13:15:54,656 INFO  server.Server (Server.java:doStart(351)) - jetty-9.3.24.v20180605, build timestamp: 2018-06-05T17:11:56Z, git hash: 84205aa28f11a4f31f2a3b86d1bba2cc8ab69827
2019-06-13 13:15:54,657 INFO  handler.ContextHandler (ContextHandler.java:doStart(781)) - Started o.e.j.s.ServletContextHandler@bcb09a6{/logs,file:///opt/src/hadoop-ozone/integration-test/target/log,AVAILABLE}
2019-06-13 13:15:54,658 INFO  handler.ContextHandler (ContextHandler.java:doStart(781)) - Started o.e.j.s.ServletContextHandler@a619c2{/static,file:///opt/src/hadoop-ozone/integration-test/target/test-classes/webapps/static,AVAILABLE}
2019-06-13 13:15:54,662 INFO  handler.ContextHandler (ContextHandler.java:doStart(781)) - Started o.e.j.w.WebAppContext@c9d82f9{/,file:///opt/src/hadoop-ozone/integration-test/target/test-classes/webapps/ozoneManager/,AVAILABLE}{/ozoneManager}
2019-06-13 13:15:54,663 INFO  server.AbstractConnector (AbstractConnector.java:doStart(278)) - Started ServerConnector@6f012914{HTTP/1.1,[http/1.1]}{0.0.0.0:37063}
2019-06-13 13:15:54,663 INFO  server.Server (Server.java:doStart(419)) - Started @3104ms
2019-06-13 13:15:54,663 INFO  server.BaseHttpServer (BaseHttpServer.java:updateConnectorAddress(207)) - HTTP server of OZONEMANAGER is listening at http://0.0.0.0:37063
2019-06-13 13:15:54,847 INFO  impl.MetricsSystemImpl (MetricsSystemImpl.java:init(158)) - HddsDatanode metrics system started (again)
2019-06-13 13:15:55,036 INFO  ozone.HddsDatanodeService (HddsDatanodeService.java:start(185)) - HddsDatanodeService host:ozone-zq879-1582033226 ip:192.168.11.242
2019-06-13 13:15:55,068 INFO  volume.HddsVolume (HddsVolume.java:<init>(176)) - Creating Volume: /opt/src/hadoop-ozone/integration-test/target/test-dir/MiniOzoneClusterImpl-4fe650bb-7da1-4236-a4aa-4a4322002496/datanode-0/data/containers/hdds of  storage type : DISK and capacity : 104021790720
2019-06-13 13:15:55,069 INFO  volume.VolumeSet (VolumeSet.java:initializeVolumeSet(170)) - Added Volume : /opt/src/hadoop-ozone/integration-test/target/test-dir/MiniOzoneClusterImpl-4fe650bb-7da1-4236-a4aa-4a4322002496/datanode-0/data/containers/hdds to VolumeSet
2019-06-13 13:15:55,071 INFO  volume.ThrottledAsyncChecker (ThrottledAsyncChecker.java:schedule(140)) - Scheduling a check for org.apache.hadoop.ozone.container.common.volume.HddsVolume@6fd1660
2019-06-13 13:15:55,084 INFO  volume.HddsVolumeChecker (HddsVolumeChecker.java:checkAllVolumes(203)) - Scheduled health check for volume org.apache.hadoop.ozone.container.common.volume.HddsVolume@6fd1660
2019-06-13 13:15:55,120 INFO  ratis.XceiverServerRatis (XceiverServerRatis.java:newXceiverServerRatis(401)) - Found a free port for the server : 41079
2019-06-13 13:15:55,185 INFO  impl.RaftServerProxy (ConfUtils.java:logGet(43)) - raft.rpc.type = GRPC (default)
2019-06-13 13:15:55,195 INFO  grpc.GrpcConfigKeys$Server (ConfUtils.java:logGet(43)) - raft.grpc.server.port = 41079 (custom)
2019-06-13 13:15:55,195 INFO  server.GrpcService (ConfUtils.java:logGet(43)) - raft.grpc.message.size.max = 33570816 (custom)
2019-06-13 13:15:55,197 INFO  server.RaftServerConfigKeys (ConfUtils.java:logGet(43)) - raft.server.log.appender.buffer.byte-limit = 33554432 (custom)
2019-06-13 13:15:55,198 INFO  server.GrpcService (ConfUtils.java:logGet(43)) - raft.grpc.flow.control.window = 1MB (=1048576) (default)
2019-06-13 13:15:55,199 INFO  server.RaftServerConfigKeys (ConfUtils.java:logGet(43)) - raft.server.rpc.request.timeout = 3000ms (default)
2019-06-13 13:15:55,348 INFO  server.RaftServerConfigKeys (ConfUtils.java:logGet(43)) - raft.server.storage.dir = [/opt/src/hadoop-ozone/integration-test/target/test-dir/MiniOzoneClusterImpl-4fe650bb-7da1-4236-a4aa-4a4322002496/datanode-0/data/ratis] (custom)
2019-06-13 13:15:55,353 INFO  server.XceiverServerGrpc (XceiverServerGrpc.java:<init>(97)) - Found a free port for the server : 37009
2019-06-13 13:15:55,375 INFO  replication.SimpleContainerDownloader (SimpleContainerDownloader.java:<init>(72)) - Starting container downloader service to copy containers to replicate.
2019-06-13 13:15:55,384 INFO  hdfs.DFSUtil (DFSUtil.java:httpServerTemplateForNNAndJN(1641)) - Starting Web-server for hddsDatanode at: http://0.0.0.0:0
2019-06-13 13:15:55,385 INFO  server.AuthenticationFilter (AuthenticationFilter.java:constructSecretProvider(240)) - Unable to initialize FileSignerSecretProvider, falling back to use random secrets.
2019-06-13 13:15:55,386 WARN  http.HttpRequestLog (HttpRequestLog.java:getRequestLog(97)) - Jetty request log can only be enabled using Log4j
2019-06-13 13:15:55,388 INFO  http.HttpServer2 (HttpServer2.java:addGlobalFilter(975)) - Added global filter 'safety' (class=org.apache.hadoop.http.HttpServer2$QuotingInputFilter)
2019-06-13 13:15:55,389 INFO  http.HttpServer2 (HttpServer2.java:addFilter(948)) - Added filter static_user_filter (class=org.apache.hadoop.http.lib.StaticUserWebFilter$StaticUserFilter) to context hddsDatanode
2019-06-13 13:15:55,389 INFO  http.HttpServer2 (HttpServer2.java:addFilter(958)) - Added filter static_user_filter (class=org.apache.hadoop.http.lib.StaticUserWebFilter$StaticUserFilter) to context logs
2019-06-13 13:15:55,389 INFO  http.HttpServer2 (HttpServer2.java:addFilter(958)) - Added filter static_user_filter (class=org.apache.hadoop.http.lib.StaticUserWebFilter$StaticUserFilter) to context static
2019-06-13 13:15:55,390 INFO  http.HttpServer2 (HttpServer2.java:bindListener(1191)) - Jetty bound to port 38507
2019-06-13 13:15:55,390 INFO  server.Server (Server.java:doStart(351)) - jetty-9.3.24.v20180605, build timestamp: 2018-06-05T17:11:56Z, git hash: 84205aa28f11a4f31f2a3b86d1bba2cc8ab69827
2019-06-13 13:15:55,392 INFO  handler.ContextHandler (ContextHandler.java:doStart(781)) - Started o.e.j.s.ServletContextHandler@6438a7fe{/logs,file:///opt/src/hadoop-ozone/integration-test/target/log,AVAILABLE}
2019-06-13 13:15:55,392 INFO  handler.ContextHandler (ContextHandler.java:doStart(781)) - Started o.e.j.s.ServletContextHandler@4f5f6e45{/static,jar:file:/root/.m2/repository/org/apache/hadoop/hadoop-hdds-container-service/0.5.0-SNAPSHOT/hadoop-hdds-container-service-0.5.0-SNAPSHOT.jar!/webapps/static,AVAILABLE}
2019-06-13 13:15:55,421 INFO  handler.ContextHandler (ContextHandler.java:doStart(781)) - Started o.e.j.w.WebAppContext@36c0d0bd{/,file:///tmp/jetty-0.0.0.0-38507-hddsDatanode-_-any-155073230722209871.dir/webapp/,AVAILABLE}{/hddsDatanode}
2019-06-13 13:15:55,422 INFO  server.AbstractConnector (AbstractConnector.java:doStart(278)) - Started ServerConnector@5c3e24f5{HTTP/1.1,[http/1.1]}{0.0.0.0:38507}
2019-06-13 13:15:55,422 INFO  server.Server (Server.java:doStart(419)) - Started @3863ms
2019-06-13 13:15:55,426 INFO  server.BaseHttpServer (BaseHttpServer.java:updateConnectorAddress(207)) - HTTP server of HDDSDATANODE is listening at http://0.0.0.0:38507
2019-06-13 13:15:56,357 INFO  ozone.HddsDatanodeService (HddsDatanodeService.java:startPlugins(396)) - Started plug-in org.apache.hadoop.ozone.web.OzoneHddsDatanodeService@2da81754
2019-06-13 13:15:56,358 INFO  impl.MetricsSystemImpl (MetricsSystemImpl.java:init(158)) - HddsDatanode metrics system started (again)
2019-06-13 13:15:56,359 INFO  ozone.HddsDatanodeService (HddsDatanodeService.java:start(185)) - HddsDatanodeService host:ozone-zq879-1582033226 ip:192.168.11.242
2019-06-13 13:15:56,376 INFO  util.JvmPauseMonitor (JvmPauseMonitor.java:run(188)) - Starting JVM pause monitor
2019-06-13 13:15:56,383 INFO  volume.HddsVolume (HddsVolume.java:<init>(176)) - Creating Volume: /opt/src/hadoop-ozone/integration-test/target/test-dir/MiniOzoneClusterImpl-4fe650bb-7da1-4236-a4aa-4a4322002496/datanode-1/data/containers/hdds of  storage type : DISK and capacity : 104021790720
2019-06-13 13:15:56,383 INFO  volume.VolumeSet (VolumeSet.java:initializeVolumeSet(170)) - Added Volume : /opt/src/hadoop-ozone/integration-test/target/test-dir/MiniOzoneClusterImpl-4fe650bb-7da1-4236-a4aa-4a4322002496/datanode-1/data/containers/hdds to VolumeSet
2019-06-13 13:15:56,384 INFO  volume.ThrottledAsyncChecker (ThrottledAsyncChecker.java:schedule(140)) - Scheduling a check for org.apache.hadoop.ozone.container.common.volume.HddsVolume@2b08772d
2019-06-13 13:15:56,395 INFO  volume.HddsVolumeChecker (HddsVolumeChecker.java:checkAllVolumes(203)) - Scheduled health check for volume org.apache.hadoop.ozone.container.common.volume.HddsVolume@2b08772d
2019-06-13 13:15:56,410 INFO  ratis.XceiverServerRatis (XceiverServerRatis.java:newXceiverServerRatis(401)) - Found a free port for the server : 38285
2019-06-13 13:15:56,411 INFO  impl.RaftServerProxy (ConfUtils.java:logGet(43)) - raft.rpc.type = GRPC (default)
2019-06-13 13:15:56,411 INFO  grpc.GrpcConfigKeys$Server (ConfUtils.java:logGet(43)) - raft.grpc.server.port = 38285 (custom)
2019-06-13 13:15:56,412 INFO  server.GrpcService (ConfUtils.java:logGet(43)) - raft.grpc.message.size.max = 33570816 (custom)
2019-06-13 13:15:56,412 INFO  server.RaftServerConfigKeys (ConfUtils.java:logGet(43)) - raft.server.log.appender.buffer.byte-limit = 33554432 (custom)
2019-06-13 13:15:56,412 INFO  server.GrpcService (ConfUtils.java:logGet(43)) - raft.grpc.flow.control.window = 1MB (=1048576) (default)
2019-06-13 13:15:56,413 INFO  server.RaftServerConfigKeys (ConfUtils.java:logGet(43)) - raft.server.rpc.request.timeout = 3000ms (default)
2019-06-13 13:15:56,413 INFO  server.RaftServerConfigKeys (ConfUtils.java:logGet(43)) - raft.server.storage.dir = [/opt/src/hadoop-ozone/integration-test/target/test-dir/MiniOzoneClusterImpl-4fe650bb-7da1-4236-a4aa-4a4322002496/datanode-1/data/ratis] (custom)
2019-06-13 13:15:56,414 INFO  server.XceiverServerGrpc (XceiverServerGrpc.java:<init>(97)) - Found a free port for the server : 36065
2019-06-13 13:15:56,414 INFO  replication.SimpleContainerDownloader (SimpleContainerDownloader.java:<init>(72)) - Starting container downloader service to copy containers to replicate.
2019-06-13 13:15:56,415 INFO  hdfs.DFSUtil (DFSUtil.java:httpServerTemplateForNNAndJN(1641)) - Starting Web-server for hddsDatanode at: http://0.0.0.0:0
2019-06-13 13:15:56,417 INFO  server.AuthenticationFilter (AuthenticationFilter.java:constructSecretProvider(240)) - Unable to initialize FileSignerSecretProvider, falling back to use random secrets.
2019-06-13 13:15:56,423 WARN  http.HttpRequestLog (HttpRequestLog.java:getRequestLog(97)) - Jetty request log can only be enabled using Log4j
2019-06-13 13:15:56,424 INFO  http.HttpServer2 (HttpServer2.java:addGlobalFilter(975)) - Added global filter 'safety' (class=org.apache.hadoop.http.HttpServer2$QuotingInputFilter)
2019-06-13 13:15:56,425 INFO  http.HttpServer2 (HttpServer2.java:addFilter(948)) - Added filter static_user_filter (class=org.apache.hadoop.http.lib.StaticUserWebFilter$StaticUserFilter) to context hddsDatanode
2019-06-13 13:15:56,425 INFO  http.HttpServer2 (HttpServer2.java:addFilter(958)) - Added filter static_user_filter (class=org.apache.hadoop.http.lib.StaticUserWebFilter$StaticUserFilter) to context logs
2019-06-13 13:15:56,425 INFO  http.HttpServer2 (HttpServer2.java:addFilter(958)) - Added filter static_user_filter (class=org.apache.hadoop.http.lib.StaticUserWebFilter$StaticUserFilter) to context static
2019-06-13 13:15:56,426 INFO  http.HttpServer2 (HttpServer2.java:bindListener(1191)) - Jetty bound to port 37599
2019-06-13 13:15:56,426 INFO  server.Server (Server.java:doStart(351)) - jetty-9.3.24.v20180605, build timestamp: 2018-06-05T17:11:56Z, git hash: 84205aa28f11a4f31f2a3b86d1bba2cc8ab69827
2019-06-13 13:15:56,443 INFO  handler.ContextHandler (ContextHandler.java:doStart(781)) - Started o.e.j.s.ServletContextHandler@60f77af{/logs,file:///opt/src/hadoop-ozone/integration-test/target/log,AVAILABLE}
2019-06-13 13:15:56,445 INFO  handler.ContextHandler (ContextHandler.java:doStart(781)) - Started o.e.j.s.ServletContextHandler@18b6d3c1{/static,jar:file:/root/.m2/repository/org/apache/hadoop/hadoop-hdds-container-service/0.5.0-SNAPSHOT/hadoop-hdds-container-service-0.5.0-SNAPSHOT.jar!/webapps/static,AVAILABLE}
2019-06-13 13:15:56,479 INFO  handler.ContextHandler (ContextHandler.java:doStart(781)) - Started o.e.j.w.WebAppContext@6b4125ed{/,file:///tmp/jetty-0.0.0.0-37599-hddsDatanode-_-any-5933744894509232127.dir/webapp/,AVAILABLE}{/hddsDatanode}
2019-06-13 13:15:56,481 INFO  server.AbstractConnector (AbstractConnector.java:doStart(278)) - Started ServerConnector@78da899f{HTTP/1.1,[http/1.1]}{0.0.0.0:37599}
2019-06-13 13:15:56,482 INFO  server.Server (Server.java:doStart(419)) - Started @4923ms
2019-06-13 13:15:56,483 INFO  server.BaseHttpServer (BaseHttpServer.java:updateConnectorAddress(207)) - HTTP server of HDDSDATANODE is listening at http://0.0.0.0:37599
2019-06-13 13:15:56,507 INFO  datanode.InitDatanodeState (InitDatanodeState.java:persistContainerDatanodeDetails(140)) - DatanodeDetails is persisted to /opt/src/hadoop-ozone/integration-test/target/test-dir/MiniOzoneClusterImpl-4fe650bb-7da1-4236-a4aa-4a4322002496/datanode-0/meta/datanode.id
2019-06-13 13:15:56,627 INFO  ozone.HddsDatanodeService (HddsDatanodeService.java:startPlugins(396)) - Started plug-in org.apache.hadoop.ozone.web.OzoneHddsDatanodeService@335f5c69
2019-06-13 13:15:56,629 INFO  impl.MetricsSystemImpl (MetricsSystemImpl.java:init(158)) - HddsDatanode metrics system started (again)
2019-06-13 13:15:56,629 INFO  ozone.HddsDatanodeService (HddsDatanodeService.java:start(185)) - HddsDatanodeService host:ozone-zq879-1582033226 ip:192.168.11.242
2019-06-13 13:15:56,668 INFO  util.JvmPauseMonitor (JvmPauseMonitor.java:run(188)) - Starting JVM pause monitor
2019-06-13 13:15:56,678 INFO  volume.HddsVolume (HddsVolume.java:<init>(176)) - Creating Volume: /opt/src/hadoop-ozone/integration-test/target/test-dir/MiniOzoneClusterImpl-4fe650bb-7da1-4236-a4aa-4a4322002496/datanode-2/data/containers/hdds of  storage type : DISK and capacity : 104021790720
2019-06-13 13:15:56,680 INFO  volume.VolumeSet (VolumeSet.java:initializeVolumeSet(170)) - Added Volume : /opt/src/hadoop-ozone/integration-test/target/test-dir/MiniOzoneClusterImpl-4fe650bb-7da1-4236-a4aa-4a4322002496/datanode-2/data/containers/hdds to VolumeSet
2019-06-13 13:15:56,680 INFO  volume.ThrottledAsyncChecker (ThrottledAsyncChecker.java:schedule(140)) - Scheduling a check for org.apache.hadoop.ozone.container.common.volume.HddsVolume@4a058df8
2019-06-13 13:15:56,685 INFO  volume.HddsVolumeChecker (HddsVolumeChecker.java:checkAllVolumes(203)) - Scheduled health check for volume org.apache.hadoop.ozone.container.common.volume.HddsVolume@4a058df8
2019-06-13 13:15:56,692 INFO  datanode.InitDatanodeState (InitDatanodeState.java:persistContainerDatanodeDetails(140)) - DatanodeDetails is persisted to /opt/src/hadoop-ozone/integration-test/target/test-dir/MiniOzoneClusterImpl-4fe650bb-7da1-4236-a4aa-4a4322002496/datanode-1/meta/datanode.id
2019-06-13 13:15:56,701 INFO  ratis.XceiverServerRatis (XceiverServerRatis.java:newXceiverServerRatis(401)) - Found a free port for the server : 40589
2019-06-13 13:15:56,707 INFO  impl.RaftServerProxy (ConfUtils.java:logGet(43)) - raft.rpc.type = GRPC (default)
2019-06-13 13:15:56,707 INFO  grpc.GrpcConfigKeys$Server (ConfUtils.java:logGet(43)) - raft.grpc.server.port = 40589 (custom)
2019-06-13 13:15:56,708 INFO  server.GrpcService (ConfUtils.java:logGet(43)) - raft.grpc.message.size.max = 33570816 (custom)
2019-06-13 13:15:56,708 INFO  server.RaftServerConfigKeys (ConfUtils.java:logGet(43)) - raft.server.log.appender.buffer.byte-limit = 33554432 (custom)
2019-06-13 13:15:56,708 INFO  server.GrpcService (ConfUtils.java:logGet(43)) - raft.grpc.flow.control.window = 1MB (=1048576) (default)
2019-06-13 13:15:56,709 INFO  server.RaftServerConfigKeys (ConfUtils.java:logGet(43)) - raft.server.rpc.request.timeout = 3000ms (default)
2019-06-13 13:15:56,710 INFO  server.RaftServerConfigKeys (ConfUtils.java:logGet(43)) - raft.server.storage.dir = [/opt/src/hadoop-ozone/integration-test/target/test-dir/MiniOzoneClusterImpl-4fe650bb-7da1-4236-a4aa-4a4322002496/datanode-2/data/ratis] (custom)
2019-06-13 13:15:56,712 INFO  server.XceiverServerGrpc (XceiverServerGrpc.java:<init>(97)) - Found a free port for the server : 34457
2019-06-13 13:15:56,713 INFO  replication.SimpleContainerDownloader (SimpleContainerDownloader.java:<init>(72)) - Starting container downloader service to copy containers to replicate.
2019-06-13 13:15:56,715 INFO  hdfs.DFSUtil (DFSUtil.java:httpServerTemplateForNNAndJN(1641)) - Starting Web-server for hddsDatanode at: http://0.0.0.0:0
2019-06-13 13:15:56,716 INFO  server.AuthenticationFilter (AuthenticationFilter.java:constructSecretProvider(240)) - Unable to initialize FileSignerSecretProvider, falling back to use random secrets.
2019-06-13 13:15:56,717 WARN  http.HttpRequestLog (HttpRequestLog.java:getRequestLog(97)) - Jetty request log can only be enabled using Log4j
2019-06-13 13:15:56,718 INFO  http.HttpServer2 (HttpServer2.java:addGlobalFilter(975)) - Added global filter 'safety' (class=org.apache.hadoop.http.HttpServer2$QuotingInputFilter)
2019-06-13 13:15:56,719 INFO  http.HttpServer2 (HttpServer2.java:addFilter(948)) - Added filter static_user_filter (class=org.apache.hadoop.http.lib.StaticUserWebFilter$StaticUserFilter) to context hddsDatanode
2019-06-13 13:15:56,719 INFO  http.HttpServer2 (HttpServer2.java:addFilter(958)) - Added filter static_user_filter (class=org.apache.hadoop.http.lib.StaticUserWebFilter$StaticUserFilter) to context logs
2019-06-13 13:15:56,719 INFO  http.HttpServer2 (HttpServer2.java:addFilter(958)) - Added filter static_user_filter (class=org.apache.hadoop.http.lib.StaticUserWebFilter$StaticUserFilter) to context static
2019-06-13 13:15:56,720 INFO  http.HttpServer2 (HttpServer2.java:bindListener(1191)) - Jetty bound to port 45949
2019-06-13 13:15:56,720 INFO  server.Server (Server.java:doStart(351)) - jetty-9.3.24.v20180605, build timestamp: 2018-06-05T17:11:56Z, git hash: 84205aa28f11a4f31f2a3b86d1bba2cc8ab69827
2019-06-13 13:15:56,722 INFO  handler.ContextHandler (ContextHandler.java:doStart(781)) - Started o.e.j.s.ServletContextHandler@39da5e49{/logs,file:///opt/src/hadoop-ozone/integration-test/target/log,AVAILABLE}
2019-06-13 13:15:56,722 INFO  handler.ContextHandler (ContextHandler.java:doStart(781)) - Started o.e.j.s.ServletContextHandler@674da77b{/static,jar:file:/root/.m2/repository/org/apache/hadoop/hadoop-hdds-container-service/0.5.0-SNAPSHOT/hadoop-hdds-container-service-0.5.0-SNAPSHOT.jar!/webapps/static,AVAILABLE}
2019-06-13 13:15:56,752 INFO  handler.ContextHandler (ContextHandler.java:doStart(781)) - Started o.e.j.w.WebAppContext@5f726750{/,file:///tmp/jetty-0.0.0.0-45949-hddsDatanode-_-any-8862432688187607297.dir/webapp/,AVAILABLE}{/hddsDatanode}
2019-06-13 13:15:56,753 INFO  server.AbstractConnector (AbstractConnector.java:doStart(278)) - Started ServerConnector@4e80a001{HTTP/1.1,[http/1.1]}{0.0.0.0:45949}
2019-06-13 13:15:56,754 INFO  server.Server (Server.java:doStart(419)) - Started @5195ms
2019-06-13 13:15:56,758 INFO  server.BaseHttpServer (BaseHttpServer.java:updateConnectorAddress(207)) - HTTP server of HDDSDATANODE is listening at http://0.0.0.0:45949
2019-06-13 13:15:56,899 INFO  ozone.HddsDatanodeService (HddsDatanodeService.java:startPlugins(396)) - Started plug-in org.apache.hadoop.ozone.web.OzoneHddsDatanodeService@7fbf26fc
2019-06-13 13:15:56,900 INFO  impl.MetricsSystemImpl (MetricsSystemImpl.java:init(158)) - HddsDatanode metrics system started (again)
2019-06-13 13:15:56,900 INFO  ozone.HddsDatanodeService (HddsDatanodeService.java:start(185)) - HddsDatanodeService host:ozone-zq879-1582033226 ip:192.168.11.242
2019-06-13 13:15:56,907 INFO  util.JvmPauseMonitor (JvmPauseMonitor.java:run(188)) - Starting JVM pause monitor
2019-06-13 13:15:56,914 INFO  datanode.InitDatanodeState (InitDatanodeState.java:persistContainerDatanodeDetails(140)) - DatanodeDetails is persisted to /opt/src/hadoop-ozone/integration-test/target/test-dir/MiniOzoneClusterImpl-4fe650bb-7da1-4236-a4aa-4a4322002496/datanode-2/meta/datanode.id
2019-06-13 13:15:56,919 INFO  volume.HddsVolume (HddsVolume.java:<init>(176)) - Creating Volume: /opt/src/hadoop-ozone/integration-test/target/test-dir/MiniOzoneClusterImpl-4fe650bb-7da1-4236-a4aa-4a4322002496/datanode-3/data/containers/hdds of  storage type : DISK and capacity : 104021790720
2019-06-13 13:15:56,923 INFO  volume.VolumeSet (VolumeSet.java:initializeVolumeSet(170)) - Added Volume : /opt/src/hadoop-ozone/integration-test/target/test-dir/MiniOzoneClusterImpl-4fe650bb-7da1-4236-a4aa-4a4322002496/datanode-3/data/containers/hdds to VolumeSet
2019-06-13 13:15:56,923 INFO  volume.ThrottledAsyncChecker (ThrottledAsyncChecker.java:schedule(140)) - Scheduling a check for org.apache.hadoop.ozone.container.common.volume.HddsVolume@5b5f9003
2019-06-13 13:15:56,927 INFO  volume.HddsVolumeChecker (HddsVolumeChecker.java:checkAllVolumes(203)) - Scheduled health check for volume org.apache.hadoop.ozone.container.common.volume.HddsVolume@5b5f9003
2019-06-13 13:15:56,939 INFO  ratis.XceiverServerRatis (XceiverServerRatis.java:newXceiverServerRatis(401)) - Found a free port for the server : 33817
2019-06-13 13:15:56,940 INFO  impl.RaftServerProxy (ConfUtils.java:logGet(43)) - raft.rpc.type = GRPC (default)
2019-06-13 13:15:56,940 INFO  grpc.GrpcConfigKeys$Server (ConfUtils.java:logGet(43)) - raft.grpc.server.port = 33817 (custom)
2019-06-13 13:15:56,940 INFO  server.GrpcService (ConfUtils.java:logGet(43)) - raft.grpc.message.size.max = 33570816 (custom)
2019-06-13 13:15:56,940 INFO  server.RaftServerConfigKeys (ConfUtils.java:logGet(43)) - raft.server.log.appender.buffer.byte-limit = 33554432 (custom)
2019-06-13 13:15:56,940 INFO  server.GrpcService (ConfUtils.java:logGet(43)) - raft.grpc.flow.control.window = 1MB (=1048576) (default)
2019-06-13 13:15:56,941 INFO  server.RaftServerConfigKeys (ConfUtils.java:logGet(43)) - raft.server.rpc.request.timeout = 3000ms (default)
2019-06-13 13:15:56,941 INFO  server.RaftServerConfigKeys (ConfUtils.java:logGet(43)) - raft.server.storage.dir = [/opt/src/hadoop-ozone/integration-test/target/test-dir/MiniOzoneClusterImpl-4fe650bb-7da1-4236-a4aa-4a4322002496/datanode-3/data/ratis] (custom)
2019-06-13 13:15:56,941 INFO  server.XceiverServerGrpc (XceiverServerGrpc.java:<init>(97)) - Found a free port for the server : 40579
2019-06-13 13:15:56,942 INFO  replication.SimpleContainerDownloader (SimpleContainerDownloader.java:<init>(72)) - Starting container downloader service to copy containers to replicate.
2019-06-13 13:15:56,943 INFO  hdfs.DFSUtil (DFSUtil.java:httpServerTemplateForNNAndJN(1641)) - Starting Web-server for hddsDatanode at: http://0.0.0.0:0
2019-06-13 13:15:56,944 INFO  server.AuthenticationFilter (AuthenticationFilter.java:constructSecretProvider(240)) - Unable to initialize FileSignerSecretProvider, falling back to use random secrets.
2019-06-13 13:15:56,944 WARN  http.HttpRequestLog (HttpRequestLog.java:getRequestLog(97)) - Jetty request log can only be enabled using Log4j
2019-06-13 13:15:56,945 INFO  http.HttpServer2 (HttpServer2.java:addGlobalFilter(975)) - Added global filter 'safety' (class=org.apache.hadoop.http.HttpServer2$QuotingInputFilter)
2019-06-13 13:15:56,946 INFO  http.HttpServer2 (HttpServer2.java:addFilter(948)) - Added filter static_user_filter (class=org.apache.hadoop.http.lib.StaticUserWebFilter$StaticUserFilter) to context hddsDatanode
2019-06-13 13:15:56,946 INFO  http.HttpServer2 (HttpServer2.java:addFilter(958)) - Added filter static_user_filter (class=org.apache.hadoop.http.lib.StaticUserWebFilter$StaticUserFilter) to context logs
2019-06-13 13:15:56,946 INFO  http.HttpServer2 (HttpServer2.java:addFilter(958)) - Added filter static_user_filter (class=org.apache.hadoop.http.lib.StaticUserWebFilter$StaticUserFilter) to context static
2019-06-13 13:15:56,947 INFO  http.HttpServer2 (HttpServer2.java:bindListener(1191)) - Jetty bound to port 34665
2019-06-13 13:15:56,947 INFO  server.Server (Server.java:doStart(351)) - jetty-9.3.24.v20180605, build timestamp: 2018-06-05T17:11:56Z, git hash: 84205aa28f11a4f31f2a3b86d1bba2cc8ab69827
2019-06-13 13:15:56,950 INFO  handler.ContextHandler (ContextHandler.java:doStart(781)) - Started o.e.j.s.ServletContextHandler@2db15f70{/logs,file:///opt/src/hadoop-ozone/integration-test/target/log,AVAILABLE}
2019-06-13 13:15:56,950 INFO  handler.ContextHandler (ContextHandler.java:doStart(781)) - Started o.e.j.s.ServletContextHandler@1f15e689{/static,jar:file:/root/.m2/repository/org/apache/hadoop/hadoop-hdds-container-service/0.5.0-SNAPSHOT/hadoop-hdds-container-service-0.5.0-SNAPSHOT.jar!/webapps/static,AVAILABLE}
2019-06-13 13:15:56,980 INFO  handler.ContextHandler (ContextHandler.java:doStart(781)) - Started o.e.j.w.WebAppContext@6ffd4c0d{/,file:///tmp/jetty-0.0.0.0-34665-hddsDatanode-_-any-4040554387729707576.dir/webapp/,AVAILABLE}{/hddsDatanode}
2019-06-13 13:15:56,981 INFO  server.AbstractConnector (AbstractConnector.java:doStart(278)) - Started ServerConnector@74c9e11{HTTP/1.1,[http/1.1]}{0.0.0.0:34665}
2019-06-13 13:15:56,983 INFO  server.Server (Server.java:doStart(419)) - Started @5424ms
2019-06-13 13:15:56,987 INFO  server.BaseHttpServer (BaseHttpServer.java:updateConnectorAddress(207)) - HTTP server of HDDSDATANODE is listening at http://0.0.0.0:34665
2019-06-13 13:15:57,128 INFO  ozone.HddsDatanodeService (HddsDatanodeService.java:startPlugins(396)) - Started plug-in org.apache.hadoop.ozone.web.OzoneHddsDatanodeService@601d6622
2019-06-13 13:15:57,131 INFO  impl.MetricsSystemImpl (MetricsSystemImpl.java:init(158)) - HddsDatanode metrics system started (again)
2019-06-13 13:15:57,131 INFO  ozone.HddsDatanodeService (HddsDatanodeService.java:start(185)) - HddsDatanodeService host:ozone-zq879-1582033226 ip:192.168.11.242
2019-06-13 13:15:57,137 INFO  util.JvmPauseMonitor (JvmPauseMonitor.java:run(188)) - Starting JVM pause monitor
2019-06-13 13:15:57,141 INFO  datanode.InitDatanodeState (InitDatanodeState.java:persistContainerDatanodeDetails(140)) - DatanodeDetails is persisted to /opt/src/hadoop-ozone/integration-test/target/test-dir/MiniOzoneClusterImpl-4fe650bb-7da1-4236-a4aa-4a4322002496/datanode-3/meta/datanode.id
2019-06-13 13:15:57,143 INFO  volume.HddsVolume (HddsVolume.java:<init>(176)) - Creating Volume: /opt/src/hadoop-ozone/integration-test/target/test-dir/MiniOzoneClusterImpl-4fe650bb-7da1-4236-a4aa-4a4322002496/datanode-4/data/containers/hdds of  storage type : DISK and capacity : 104021790720
2019-06-13 13:15:57,143 INFO  volume.VolumeSet (VolumeSet.java:initializeVolumeSet(170)) - Added Volume : /opt/src/hadoop-ozone/integration-test/target/test-dir/MiniOzoneClusterImpl-4fe650bb-7da1-4236-a4aa-4a4322002496/datanode-4/data/containers/hdds to VolumeSet
2019-06-13 13:15:57,143 INFO  volume.ThrottledAsyncChecker (ThrottledAsyncChecker.java:schedule(140)) - Scheduling a check for org.apache.hadoop.ozone.container.common.volume.HddsVolume@57186526
2019-06-13 13:15:57,147 INFO  volume.HddsVolumeChecker (HddsVolumeChecker.java:checkAllVolumes(203)) - Scheduled health check for volume org.apache.hadoop.ozone.container.common.volume.HddsVolume@57186526
2019-06-13 13:15:57,157 INFO  ratis.XceiverServerRatis (XceiverServerRatis.java:newXceiverServerRatis(401)) - Found a free port for the server : 39209
2019-06-13 13:15:57,158 INFO  impl.RaftServerProxy (ConfUtils.java:logGet(43)) - raft.rpc.type = GRPC (default)
2019-06-13 13:15:57,158 INFO  grpc.GrpcConfigKeys$Server (ConfUtils.java:logGet(43)) - raft.grpc.server.port = 39209 (custom)
2019-06-13 13:15:57,159 INFO  server.GrpcService (ConfUtils.java:logGet(43)) - raft.grpc.message.size.max = 33570816 (custom)
2019-06-13 13:15:57,159 INFO  server.RaftServerConfigKeys (ConfUtils.java:logGet(43)) - raft.server.log.appender.buffer.byte-limit = 33554432 (custom)
2019-06-13 13:15:57,159 INFO  server.GrpcService (ConfUtils.java:logGet(43)) - raft.grpc.flow.control.window = 1MB (=1048576) (default)
2019-06-13 13:15:57,159 INFO  server.RaftServerConfigKeys (ConfUtils.java:logGet(43)) - raft.server.rpc.request.timeout = 3000ms (default)
2019-06-13 13:15:57,159 INFO  server.RaftServerConfigKeys (ConfUtils.java:logGet(43)) - raft.server.storage.dir = [/opt/src/hadoop-ozone/integration-test/target/test-dir/MiniOzoneClusterImpl-4fe650bb-7da1-4236-a4aa-4a4322002496/datanode-4/data/ratis] (custom)
2019-06-13 13:15:57,160 INFO  server.XceiverServerGrpc (XceiverServerGrpc.java:<init>(97)) - Found a free port for the server : 43867
2019-06-13 13:15:57,160 INFO  replication.SimpleContainerDownloader (SimpleContainerDownloader.java:<init>(72)) - Starting container downloader service to copy containers to replicate.
2019-06-13 13:15:57,161 INFO  hdfs.DFSUtil (DFSUtil.java:httpServerTemplateForNNAndJN(1641)) - Starting Web-server for hddsDatanode at: http://0.0.0.0:0
2019-06-13 13:15:57,162 INFO  server.AuthenticationFilter (AuthenticationFilter.java:constructSecretProvider(240)) - Unable to initialize FileSignerSecretProvider, falling back to use random secrets.
2019-06-13 13:15:57,163 WARN  http.HttpRequestLog (HttpRequestLog.java:getRequestLog(97)) - Jetty request log can only be enabled using Log4j
2019-06-13 13:15:57,165 INFO  http.HttpServer2 (HttpServer2.java:addGlobalFilter(975)) - Added global filter 'safety' (class=org.apache.hadoop.http.HttpServer2$QuotingInputFilter)
2019-06-13 13:15:57,165 INFO  http.HttpServer2 (HttpServer2.java:addFilter(948)) - Added filter static_user_filter (class=org.apache.hadoop.http.lib.StaticUserWebFilter$StaticUserFilter) to context hddsDatanode
2019-06-13 13:15:57,165 INFO  http.HttpServer2 (HttpServer2.java:addFilter(958)) - Added filter static_user_filter (class=org.apache.hadoop.http.lib.StaticUserWebFilter$StaticUserFilter) to context logs
2019-06-13 13:15:57,165 INFO  http.HttpServer2 (HttpServer2.java:addFilter(958)) - Added filter static_user_filter (class=org.apache.hadoop.http.lib.StaticUserWebFilter$StaticUserFilter) to context static
2019-06-13 13:15:57,166 INFO  http.HttpServer2 (HttpServer2.java:bindListener(1191)) - Jetty bound to port 40175
2019-06-13 13:15:57,166 INFO  server.Server (Server.java:doStart(351)) - jetty-9.3.24.v20180605, build timestamp: 2018-06-05T17:11:56Z, git hash: 84205aa28f11a4f31f2a3b86d1bba2cc8ab69827
2019-06-13 13:15:57,168 INFO  handler.ContextHandler (ContextHandler.java:doStart(781)) - Started o.e.j.s.ServletContextHandler@48cd319d{/logs,file:///opt/src/hadoop-ozone/integration-test/target/log,AVAILABLE}
2019-06-13 13:15:57,169 INFO  handler.ContextHandler (ContextHandler.java:doStart(781)) - Started o.e.j.s.ServletContextHandler@4ef18604{/static,jar:file:/root/.m2/repository/org/apache/hadoop/hadoop-hdds-container-service/0.5.0-SNAPSHOT/hadoop-hdds-container-service-0.5.0-SNAPSHOT.jar!/webapps/static,AVAILABLE}
2019-06-13 13:15:57,196 INFO  handler.ContextHandler (ContextHandler.java:doStart(781)) - Started o.e.j.w.WebAppContext@543fe698{/,file:///tmp/jetty-0.0.0.0-40175-hddsDatanode-_-any-2163586682726955660.dir/webapp/,AVAILABLE}{/hddsDatanode}
2019-06-13 13:15:57,203 INFO  server.AbstractConnector (AbstractConnector.java:doStart(278)) - Started ServerConnector@6b2fdffc{HTTP/1.1,[http/1.1]}{0.0.0.0:40175}
2019-06-13 13:15:57,205 INFO  server.Server (Server.java:doStart(419)) - Started @5646ms
2019-06-13 13:15:57,206 INFO  server.BaseHttpServer (BaseHttpServer.java:updateConnectorAddress(207)) - HTTP server of HDDSDATANODE is listening at http://0.0.0.0:40175
2019-06-13 13:15:57,324 INFO  ozone.HddsDatanodeService (HddsDatanodeService.java:startPlugins(396)) - Started plug-in org.apache.hadoop.ozone.web.OzoneHddsDatanodeService@20256a0b
2019-06-13 13:15:57,325 INFO  impl.MetricsSystemImpl (MetricsSystemImpl.java:init(158)) - HddsDatanode metrics system started (again)
2019-06-13 13:15:57,325 INFO  ozone.HddsDatanodeService (HddsDatanodeService.java:start(185)) - HddsDatanodeService host:ozone-zq879-1582033226 ip:192.168.11.242
2019-06-13 13:15:57,343 INFO  volume.HddsVolume (HddsVolume.java:<init>(176)) - Creating Volume: /opt/src/hadoop-ozone/integration-test/target/test-dir/MiniOzoneClusterImpl-4fe650bb-7da1-4236-a4aa-4a4322002496/datanode-5/data/containers/hdds of  storage type : DISK and capacity : 104021790720
2019-06-13 13:15:57,343 INFO  volume.VolumeSet (VolumeSet.java:initializeVolumeSet(170)) - Added Volume : /opt/src/hadoop-ozone/integration-test/target/test-dir/MiniOzoneClusterImpl-4fe650bb-7da1-4236-a4aa-4a4322002496/datanode-5/data/containers/hdds to VolumeSet
2019-06-13 13:15:57,343 INFO  volume.ThrottledAsyncChecker (ThrottledAsyncChecker.java:schedule(140)) - Scheduling a check for org.apache.hadoop.ozone.container.common.volume.HddsVolume@7364f68
2019-06-13 13:15:57,344 INFO  volume.HddsVolumeChecker (HddsVolumeChecker.java:checkAllVolumes(203)) - Scheduled health check for volume org.apache.hadoop.ozone.container.common.volume.HddsVolume@7364f68
2019-06-13 13:15:57,344 INFO  util.JvmPauseMonitor (JvmPauseMonitor.java:run(188)) - Starting JVM pause monitor
2019-06-13 13:15:57,346 INFO  datanode.InitDatanodeState (InitDatanodeState.java:persistContainerDatanodeDetails(140)) - DatanodeDetails is persisted to /opt/src/hadoop-ozone/integration-test/target/test-dir/MiniOzoneClusterImpl-4fe650bb-7da1-4236-a4aa-4a4322002496/datanode-4/meta/datanode.id
2019-06-13 13:15:57,354 INFO  ratis.XceiverServerRatis (XceiverServerRatis.java:newXceiverServerRatis(401)) - Found a free port for the server : 35493
2019-06-13 13:15:57,355 INFO  impl.RaftServerProxy (ConfUtils.java:logGet(43)) - raft.rpc.type = GRPC (default)
2019-06-13 13:15:57,356 INFO  grpc.GrpcConfigKeys$Server (ConfUtils.java:logGet(43)) - raft.grpc.server.port = 35493 (custom)
2019-06-13 13:15:57,356 INFO  server.GrpcService (ConfUtils.java:logGet(43)) - raft.grpc.message.size.max = 33570816 (custom)
2019-06-13 13:15:57,356 INFO  server.RaftServerConfigKeys (ConfUtils.java:logGet(43)) - raft.server.log.appender.buffer.byte-limit = 33554432 (custom)
2019-06-13 13:15:57,356 INFO  server.GrpcService (ConfUtils.java:logGet(43)) - raft.grpc.flow.control.window = 1MB (=1048576) (default)
2019-06-13 13:15:57,357 INFO  server.RaftServerConfigKeys (ConfUtils.java:logGet(43)) - raft.server.rpc.request.timeout = 3000ms (default)
2019-06-13 13:15:57,357 INFO  server.RaftServerConfigKeys (ConfUtils.java:logGet(43)) - raft.server.storage.dir = [/opt/src/hadoop-ozone/integration-test/target/test-dir/MiniOzoneClusterImpl-4fe650bb-7da1-4236-a4aa-4a4322002496/datanode-5/data/ratis] (custom)
2019-06-13 13:15:57,357 INFO  server.XceiverServerGrpc (XceiverServerGrpc.java:<init>(97)) - Found a free port for the server : 34779
2019-06-13 13:15:57,358 INFO  replication.SimpleContainerDownloader (SimpleContainerDownloader.java:<init>(72)) - Starting container downloader service to copy containers to replicate.
2019-06-13 13:15:57,359 INFO  hdfs.DFSUtil (DFSUtil.java:httpServerTemplateForNNAndJN(1641)) - Starting Web-server for hddsDatanode at: http://0.0.0.0:0
2019-06-13 13:15:57,360 INFO  server.AuthenticationFilter (AuthenticationFilter.java:constructSecretProvider(240)) - Unable to initialize FileSignerSecretProvider, falling back to use random secrets.
2019-06-13 13:15:57,360 WARN  http.HttpRequestLog (HttpRequestLog.java:getRequestLog(97)) - Jetty request log can only be enabled using Log4j
2019-06-13 13:15:57,361 INFO  http.HttpServer2 (HttpServer2.java:addGlobalFilter(975)) - Added global filter 'safety' (class=org.apache.hadoop.http.HttpServer2$QuotingInputFilter)
2019-06-13 13:15:57,362 INFO  http.HttpServer2 (HttpServer2.java:addFilter(948)) - Added filter static_user_filter (class=org.apache.hadoop.http.lib.StaticUserWebFilter$StaticUserFilter) to context hddsDatanode
2019-06-13 13:15:57,362 INFO  http.HttpServer2 (HttpServer2.java:addFilter(958)) - Added filter static_user_filter (class=org.apache.hadoop.http.lib.StaticUserWebFilter$StaticUserFilter) to context logs
2019-06-13 13:15:57,362 INFO  http.HttpServer2 (HttpServer2.java:addFilter(958)) - Added filter static_user_filter (class=org.apache.hadoop.http.lib.StaticUserWebFilter$StaticUserFilter) to context static
2019-06-13 13:15:57,362 INFO  http.HttpServer2 (HttpServer2.java:bindListener(1191)) - Jetty bound to port 38291
2019-06-13 13:15:57,363 INFO  server.Server (Server.java:doStart(351)) - jetty-9.3.24.v20180605, build timestamp: 2018-06-05T17:11:56Z, git hash: 84205aa28f11a4f31f2a3b86d1bba2cc8ab69827
2019-06-13 13:15:57,366 INFO  handler.ContextHandler (ContextHandler.java:doStart(781)) - Started o.e.j.s.ServletContextHandler@5122e4bf{/logs,file:///opt/src/hadoop-ozone/integration-test/target/log,AVAILABLE}
2019-06-13 13:15:57,366 INFO  handler.ContextHandler (ContextHandler.java:doStart(781)) - Started o.e.j.s.ServletContextHandler@58a7dc4{/static,jar:file:/root/.m2/repository/org/apache/hadoop/hadoop-hdds-container-service/0.5.0-SNAPSHOT/hadoop-hdds-container-service-0.5.0-SNAPSHOT.jar!/webapps/static,AVAILABLE}
2019-06-13 13:15:57,387 INFO  handler.ContextHandler (ContextHandler.java:doStart(781)) - Started o.e.j.w.WebAppContext@578c3fd9{/,file:///tmp/jetty-0.0.0.0-38291-hddsDatanode-_-any-3630835519536688059.dir/webapp/,AVAILABLE}{/hddsDatanode}
2019-06-13 13:15:57,388 INFO  server.AbstractConnector (AbstractConnector.java:doStart(278)) - Started ServerConnector@245cb8df{HTTP/1.1,[http/1.1]}{0.0.0.0:38291}
2019-06-13 13:15:57,388 INFO  server.Server (Server.java:doStart(419)) - Started @5829ms
2019-06-13 13:15:57,389 INFO  server.BaseHttpServer (BaseHttpServer.java:updateConnectorAddress(207)) - HTTP server of HDDSDATANODE is listening at http://0.0.0.0:38291
2019-06-13 13:15:57,537 INFO  ozone.HddsDatanodeService (HddsDatanodeService.java:startPlugins(396)) - Started plug-in org.apache.hadoop.ozone.web.OzoneHddsDatanodeService@28daf506
2019-06-13 13:15:57,539 INFO  ozone.MiniOzoneClusterImpl (MiniOzoneClusterImpl.java:lambda$waitForClusterToBeReady$0(142)) - Waiting for cluster to be ready. Got 0 of 6 DN Heartbeats.
2019-06-13 13:15:57,555 INFO  util.JvmPauseMonitor (JvmPauseMonitor.java:run(188)) - Starting JVM pause monitor
2019-06-13 13:15:57,559 INFO  datanode.InitDatanodeState (InitDatanodeState.java:persistContainerDatanodeDetails(140)) - DatanodeDetails is persisted to /opt/src/hadoop-ozone/integration-test/target/test-dir/MiniOzoneClusterImpl-4fe650bb-7da1-4236-a4aa-4a4322002496/datanode-5/meta/datanode.id
2019-06-13 13:15:58,398 INFO  ozoneimpl.OzoneContainer (OzoneContainer.java:start(186)) - Attempting to start container services.
2019-06-13 13:15:58,399 INFO  ozoneimpl.OzoneContainer (OzoneContainer.java:startContainerScrub(160)) - Background container scrubber has been disabled by hdds.containerscrub.enabled
2019-06-13 13:15:58,399 INFO  ratis.XceiverServerRatis (XceiverServerRatis.java:start(418)) - Starting XceiverServerRatis a5130b58-ad91-4afd-a75c-f6a8628103bb at port 41079
2019-06-13 13:15:58,412 INFO  impl.RaftServerProxy (RaftServerProxy.java:lambda$start$3(299)) - a5130b58-ad91-4afd-a75c-f6a8628103bb: start RPC server
2019-06-13 13:15:58,539 INFO  ozone.MiniOzoneClusterImpl (MiniOzoneClusterImpl.java:lambda$waitForClusterToBeReady$0(142)) - Waiting for cluster to be ready. Got 0 of 6 DN Heartbeats.
2019-06-13 13:15:58,545 INFO  server.GrpcService (GrpcService.java:startImpl(148)) - a5130b58-ad91-4afd-a75c-f6a8628103bb: GrpcService started, listening on 0.0.0.0/0.0.0.0:41079
2019-06-13 13:15:58,671 INFO  ozoneimpl.OzoneContainer (OzoneContainer.java:start(186)) - Attempting to start container services.
2019-06-13 13:15:58,672 INFO  ozoneimpl.OzoneContainer (OzoneContainer.java:startContainerScrub(160)) - Background container scrubber has been disabled by hdds.containerscrub.enabled
2019-06-13 13:15:58,673 INFO  ratis.XceiverServerRatis (XceiverServerRatis.java:start(418)) - Starting XceiverServerRatis 3c6b9937-f6d9-4a9b-86d0-4aa4b9ab8916 at port 38285
2019-06-13 13:15:58,692 INFO  impl.RaftServerProxy (RaftServerProxy.java:lambda$start$3(299)) - 3c6b9937-f6d9-4a9b-86d0-4aa4b9ab8916: start RPC server
2019-06-13 13:15:58,694 INFO  server.GrpcService (GrpcService.java:startImpl(148)) - 3c6b9937-f6d9-4a9b-86d0-4aa4b9ab8916: GrpcService started, listening on 0.0.0.0/0.0.0.0:38285
2019-06-13 13:15:58,912 INFO  ozoneimpl.OzoneContainer (OzoneContainer.java:start(186)) - Attempting to start container services.
2019-06-13 13:15:58,914 INFO  ozoneimpl.OzoneContainer (OzoneContainer.java:startContainerScrub(160)) - Background container scrubber has been disabled by hdds.containerscrub.enabled
2019-06-13 13:15:58,914 INFO  ratis.XceiverServerRatis (XceiverServerRatis.java:start(418)) - Starting XceiverServerRatis 748c7cbe-d929-4753-989a-acf8cdd3c609 at port 40589
2019-06-13 13:15:58,926 INFO  impl.RaftServerProxy (RaftServerProxy.java:lambda$start$3(299)) - 748c7cbe-d929-4753-989a-acf8cdd3c609: start RPC server
2019-06-13 13:15:58,928 INFO  server.GrpcService (GrpcService.java:startImpl(148)) - 748c7cbe-d929-4753-989a-acf8cdd3c609: GrpcService started, listening on 0.0.0.0/0.0.0.0:40589
2019-06-13 13:15:59,142 INFO  ozoneimpl.OzoneContainer (OzoneContainer.java:start(186)) - Attempting to start container services.
2019-06-13 13:15:59,143 INFO  ozoneimpl.OzoneContainer (OzoneContainer.java:startContainerScrub(160)) - Background container scrubber has been disabled by hdds.containerscrub.enabled
2019-06-13 13:15:59,143 INFO  ratis.XceiverServerRatis (XceiverServerRatis.java:start(418)) - Starting XceiverServerRatis dca7ccfc-1b8b-4a50-8a17-e7b9e6be84c8 at port 33817
2019-06-13 13:15:59,149 INFO  impl.RaftServerProxy (RaftServerProxy.java:lambda$start$3(299)) - dca7ccfc-1b8b-4a50-8a17-e7b9e6be84c8: start RPC server
2019-06-13 13:15:59,151 INFO  server.GrpcService (GrpcService.java:startImpl(148)) - dca7ccfc-1b8b-4a50-8a17-e7b9e6be84c8: GrpcService started, listening on 0.0.0.0/0.0.0.0:33817
2019-06-13 13:15:59,348 INFO  ozoneimpl.OzoneContainer (OzoneContainer.java:start(186)) - Attempting to start container services.
2019-06-13 13:15:59,350 INFO  ozoneimpl.OzoneContainer (OzoneContainer.java:startContainerScrub(160)) - Background container scrubber has been disabled by hdds.containerscrub.enabled
2019-06-13 13:15:59,350 INFO  ratis.XceiverServerRatis (XceiverServerRatis.java:start(418)) - Starting XceiverServerRatis 64dba080-2f86-4016-9bfb-3d72c918d5ea at port 39209
2019-06-13 13:15:59,360 INFO  impl.RaftServerProxy (RaftServerProxy.java:lambda$start$3(299)) - 64dba080-2f86-4016-9bfb-3d72c918d5ea: start RPC server
2019-06-13 13:15:59,363 INFO  server.GrpcService (GrpcService.java:startImpl(148)) - 64dba080-2f86-4016-9bfb-3d72c918d5ea: GrpcService started, listening on 0.0.0.0/0.0.0.0:39209
2019-06-13 13:15:59,540 INFO  ozone.MiniOzoneClusterImpl (MiniOzoneClusterImpl.java:lambda$waitForClusterToBeReady$0(142)) - Waiting for cluster to be ready. Got 0 of 6 DN Heartbeats.
2019-06-13 13:15:59,560 INFO  ozoneimpl.OzoneContainer (OzoneContainer.java:start(186)) - Attempting to start container services.
2019-06-13 13:15:59,565 INFO  ozoneimpl.OzoneContainer (OzoneContainer.java:startContainerScrub(160)) - Background container scrubber has been disabled by hdds.containerscrub.enabled
2019-06-13 13:15:59,565 INFO  ratis.XceiverServerRatis (XceiverServerRatis.java:start(418)) - Starting XceiverServerRatis 34aa4865-6814-4d7d-be8f-873aacfe271e at port 35493
2019-06-13 13:15:59,571 INFO  impl.RaftServerProxy (RaftServerProxy.java:lambda$start$3(299)) - 34aa4865-6814-4d7d-be8f-873aacfe271e: start RPC server
2019-06-13 13:15:59,573 INFO  server.GrpcService (GrpcService.java:startImpl(148)) - 34aa4865-6814-4d7d-be8f-873aacfe271e: GrpcService started, listening on 0.0.0.0/0.0.0.0:35493
2019-06-13 13:16:00,397 INFO  node.SCMNodeManager (SCMNodeManager.java:register(234)) - Registered Data node : a5130b58-ad91-4afd-a75c-f6a8628103bb{ip: 192.168.11.242, host: ozone-zq879-1582033226, networkLocation: /default-rack, certSerialId: null}
2019-06-13 13:16:00,400 INFO  safemode.SCMSafeModeManager (DataNodeSafeModeRule.java:process(71)) - SCM in safe mode. 1 DataNodes registered, 1 required.
2019-06-13 13:16:00,406 INFO  safemode.SCMSafeModeManager (SCMSafeModeManager.java:validateSafeModeExitRules(177)) - ScmSafeModeManager, all rules are successfully validated
2019-06-13 13:16:00,406 INFO  safemode.SCMSafeModeManager (SCMSafeModeManager.java:exitSafeMode(193)) - SCM exiting safe mode.
2019-06-13 13:16:00,541 INFO  ozone.MiniOzoneClusterImpl (MiniOzoneClusterImpl.java:lambda$waitForClusterToBeReady$0(142)) - Waiting for cluster to be ready. Got 1 of 6 DN Heartbeats.
2019-06-13 13:16:00,670 INFO  node.SCMNodeManager (SCMNodeManager.java:register(234)) - Registered Data node : 3c6b9937-f6d9-4a9b-86d0-4aa4b9ab8916{ip: 192.168.11.242, host: ozone-zq879-1582033226, networkLocation: /default-rack, certSerialId: null}
2019-06-13 13:16:00,800 INFO  impl.RaftServerProxy (RaftServerProxy.java:addNew(89)) - a5130b58-ad91-4afd-a75c-f6a8628103bb: addNew group-CB167A2E40E3:[a5130b58-ad91-4afd-a75c-f6a8628103bb:192.168.11.242:41079] returns group-CB167A2E40E3:java.util.concurrent.CompletableFuture@863d728[Not completed]
2019-06-13 13:16:00,805 INFO  impl.RaftServerImpl (RaftServerImpl.java:<init>(91)) - a5130b58-ad91-4afd-a75c-f6a8628103bb: new RaftServerImpl for group-CB167A2E40E3:[a5130b58-ad91-4afd-a75c-f6a8628103bb:192.168.11.242:41079] with ContainerStateMachine:uninitialized
2019-06-13 13:16:00,806 INFO  server.RaftServerConfigKeys (ConfUtils.java:logGet(43)) - raft.server.rpc.timeout.min = 1s (custom)
2019-06-13 13:16:00,806 INFO  server.RaftServerConfigKeys (ConfUtils.java:logGet(43)) - raft.server.rpc.timeout.max = 1200ms (custom)
2019-06-13 13:16:00,806 INFO  server.RaftServerConfigKeys (ConfUtils.java:logGet(43)) - raft.server.rpcslowness.timeout = 10s (custom)
2019-06-13 13:16:00,807 INFO  server.RaftServerConfigKeys (ConfUtils.java:logGet(43)) - raft.server.log.appender.install.snapshot.enabled = true (default)
2019-06-13 13:16:00,812 INFO  impl.RaftServerImpl (ServerState.java:<init>(101)) - a5130b58-ad91-4afd-a75c-f6a8628103bb:group-CB167A2E40E3 ConfigurationManager, init=-1: [a5130b58-ad91-4afd-a75c-f6a8628103bb:192.168.11.242:41079], old=null, confs=<EMPTY_MAP>
2019-06-13 13:16:00,813 INFO  server.RaftServerConfigKeys (ConfUtils.java:logGet(43)) - raft.server.storage.dir = [/opt/src/hadoop-ozone/integration-test/target/test-dir/MiniOzoneClusterImpl-4fe650bb-7da1-4236-a4aa-4a4322002496/datanode-0/data/ratis] (custom)
2019-06-13 13:16:00,817 INFO  storage.RaftStorageDirectory (RaftStorageDirectory.java:analyzeStorage(246)) - The storage directory /opt/src/hadoop-ozone/integration-test/target/test-dir/MiniOzoneClusterImpl-4fe650bb-7da1-4236-a4aa-4a4322002496/datanode-0/data/ratis/01cfa0fc-7db4-4baa-8893-cb167a2e40e3 does not exist. Creating ...
2019-06-13 13:16:00,822 INFO  storage.RaftStorageDirectory (RaftStorageDirectory.java:tryLock(328)) - Lock on /opt/src/hadoop-ozone/integration-test/target/test-dir/MiniOzoneClusterImpl-4fe650bb-7da1-4236-a4aa-4a4322002496/datanode-0/data/ratis/01cfa0fc-7db4-4baa-8893-cb167a2e40e3/in_use.lock acquired by nodename 9991@ozone-zq879-1582033226
2019-06-13 13:16:00,825 INFO  storage.RaftStorage (RaftStorage.java:format(75)) - Storage directory /opt/src/hadoop-ozone/integration-test/target/test-dir/MiniOzoneClusterImpl-4fe650bb-7da1-4236-a4aa-4a4322002496/datanode-0/data/ratis/01cfa0fc-7db4-4baa-8893-cb167a2e40e3 has been successfully formatted.
2019-06-13 13:16:00,827 INFO  ratis.ContainerStateMachine (ContainerStateMachine.java:loadSnapshot(199)) - The snapshot info is null.Setting the last applied index to:(t:0, i:~)
2019-06-13 13:16:00,827 INFO  server.RaftServerConfigKeys (ConfUtils.java:logGet(43)) - raft.server.leader.election.timeout = 10s (custom)
2019-06-13 13:16:00,829 INFO  server.RaftServerConfigKeys (ConfUtils.java:logGet(43)) - raft.server.log.use.memory = false (default)
2019-06-13 13:16:00,975 INFO  server.RaftServerConfigKeys (ConfUtils.java:logGet(43)) - raft.server.log.appender.buffer.byte-limit = 33554432 (custom)
2019-06-13 13:16:00,979 INFO  server.RaftServerConfigKeys (ConfUtils.java:logGet(43)) - raft.server.log.segment.size.max = 16384 (custom)
2019-06-13 13:16:00,983 INFO  server.RaftServerConfigKeys (ConfUtils.java:logGet(43)) - raft.server.log.segment.cache.num.max = 2 (custom)
2019-06-13 13:16:00,986 INFO  storage.RaftLogWorker (RaftLogWorker.java:<init>(123)) - new a5130b58-ad91-4afd-a75c-f6a8628103bb-RaftLogWorker for Storage Directory /opt/src/hadoop-ozone/integration-test/target/test-dir/MiniOzoneClusterImpl-4fe650bb-7da1-4236-a4aa-4a4322002496/datanode-0/data/ratis/01cfa0fc-7db4-4baa-8893-cb167a2e40e3
2019-06-13 13:16:00,986 INFO  server.RaftServerConfigKeys (ConfUtils.java:logGet(43)) - raft.server.log.queue.byte-limit = 2147483647 (custom)
2019-06-13 13:16:00,987 INFO  node.SCMNodeManager (SCMNodeManager.java:register(234)) - Registered Data node : 748c7cbe-d929-4753-989a-acf8cdd3c609{ip: 192.168.11.242, host: ozone-zq879-1582033226, networkLocation: /default-rack, certSerialId: null}
2019-06-13 13:16:00,988 INFO  server.RaftServerConfigKeys (ConfUtils.java:logGet(43)) - raft.server.log.queue.element-limit = 1024 (custom)
2019-06-13 13:16:00,990 INFO  server.RaftServerConfigKeys (ConfUtils.java:logGet(43)) - raft.server.log.segment.size.max = 16384 (custom)
2019-06-13 13:16:00,991 INFO  server.RaftServerConfigKeys (ConfUtils.java:logGet(43)) - raft.server.log.preallocated.size = 16384 (custom)
2019-06-13 13:16:00,991 INFO  server.RaftServerConfigKeys (ConfUtils.java:logGet(43)) - raft.server.log.write.buffer.size = 33554432 (custom)
2019-06-13 13:16:00,996 INFO  server.RaftServerConfigKeys (ConfUtils.java:logGet(43)) - raft.server.log.force.sync.num = 128 (default)
2019-06-13 13:16:00,997 INFO  server.RaftServerConfigKeys (ConfUtils.java:logGet(43)) - raft.server.log.statemachine.data.sync = true (default)
2019-06-13 13:16:00,998 INFO  server.RaftServerConfigKeys (ConfUtils.java:logGet(43)) - raft.server.log.statemachine.data.sync.timeout = 10s (default)
2019-06-13 13:16:00,998 INFO  server.RaftServerConfigKeys (ConfUtils.java:logGet(43)) - raft.server.log.statemachine.data.sync.timeout.retry = -1 (default)
2019-06-13 13:16:01,000 INFO  server.RaftServerConfigKeys (ConfUtils.java:logGet(43)) - raft.server.log.statemachine.data.caching.enabled = true (custom)
2019-06-13 13:16:01,004 INFO  server.RaftServerConfigKeys (ConfUtils.java:logGet(43)) - raft.server.snapshot.auto.trigger.enabled = true (custom)
2019-06-13 13:16:01,005 INFO  server.RaftServerConfigKeys (ConfUtils.java:logGet(43)) - raft.server.snapshot.auto.trigger.threshold = 10000 (custom)
2019-06-13 13:16:01,006 INFO  server.RaftServerConfigKeys (ConfUtils.java:logGet(43)) - raft.server.retrycache.expirytime = 600000ms (custom)
2019-06-13 13:16:01,024 INFO  impl.RaftServerImpl (RaftServerImpl.java:start(173)) - a5130b58-ad91-4afd-a75c-f6a8628103bb: start group-CB167A2E40E3
2019-06-13 13:16:01,025 INFO  impl.RaftServerImpl (RaftServerImpl.java:setRole(164)) - a5130b58-ad91-4afd-a75c-f6a8628103bb:group-CB167A2E40E3 changes role from null to FOLLOWER at term 0 for startAsFollower
2019-06-13 13:16:01,026 INFO  impl.RoleInfo (RoleInfo.java:updateAndGet(143)) - a5130b58-ad91-4afd-a75c-f6a8628103bb: start FollowerState
2019-06-13 13:16:01,028 INFO  util.JmxRegister (JmxRegister.java:tryRegister(44)) - Successfully registered JMX Bean with object name Ratis:service=RaftServer,group=group-CB167A2E40E3,id=a5130b58-ad91-4afd-a75c-f6a8628103bb
2019-06-13 13:16:01,074 INFO  pipeline.PipelineStateManager (PipelineStateManager.java:addPipeline(56)) - Created pipeline Pipeline[ Id: 01cfa0fc-7db4-4baa-8893-cb167a2e40e3, Nodes: a5130b58-ad91-4afd-a75c-f6a8628103bb{ip: 192.168.11.242, host: ozone-zq879-1582033226, networkLocation: /default-rack, certSerialId: null}, Type:RATIS, Factor:ONE, State:OPEN]
2019-06-13 13:16:01,093 INFO  impl.RaftServerProxy (RaftServerProxy.java:addNew(89)) - 748c7cbe-d929-4753-989a-acf8cdd3c609: addNew group-FC2DE9D9A7D8:[748c7cbe-d929-4753-989a-acf8cdd3c609:192.168.11.242:40589] returns group-FC2DE9D9A7D8:java.util.concurrent.CompletableFuture@5ff3a379[Not completed]
2019-06-13 13:16:01,093 INFO  impl.RaftServerImpl (RaftServerImpl.java:<init>(91)) - 748c7cbe-d929-4753-989a-acf8cdd3c609: new RaftServerImpl for group-FC2DE9D9A7D8:[748c7cbe-d929-4753-989a-acf8cdd3c609:192.168.11.242:40589] with ContainerStateMachine:uninitialized
2019-06-13 13:16:01,095 INFO  server.RaftServerConfigKeys (ConfUtils.java:logGet(43)) - raft.server.rpc.timeout.min = 1s (custom)
2019-06-13 13:16:01,095 INFO  server.RaftServerConfigKeys (ConfUtils.java:logGet(43)) - raft.server.rpc.timeout.max = 1200ms (custom)
2019-06-13 13:16:01,095 INFO  server.RaftServerConfigKeys (ConfUtils.java:logGet(43)) - raft.server.rpcslowness.timeout = 10s (custom)
2019-06-13 13:16:01,095 INFO  server.RaftServerConfigKeys (ConfUtils.java:logGet(43)) - raft.server.log.appender.install.snapshot.enabled = true (default)
2019-06-13 13:16:01,095 INFO  impl.RaftServerImpl (ServerState.java:<init>(101)) - 748c7cbe-d929-4753-989a-acf8cdd3c609:group-FC2DE9D9A7D8 ConfigurationManager, init=-1: [748c7cbe-d929-4753-989a-acf8cdd3c609:192.168.11.242:40589], old=null, confs=<EMPTY_MAP>
2019-06-13 13:16:01,095 INFO  server.RaftServerConfigKeys (ConfUtils.java:logGet(43)) - raft.server.storage.dir = [/opt/src/hadoop-ozone/integration-test/target/test-dir/MiniOzoneClusterImpl-4fe650bb-7da1-4236-a4aa-4a4322002496/datanode-2/data/ratis] (custom)
2019-06-13 13:16:01,096 INFO  storage.RaftStorageDirectory (RaftStorageDirectory.java:analyzeStorage(246)) - The storage directory /opt/src/hadoop-ozone/integration-test/target/test-dir/MiniOzoneClusterImpl-4fe650bb-7da1-4236-a4aa-4a4322002496/datanode-2/data/ratis/c7fc7200-c972-4edf-a1a6-fc2de9d9a7d8 does not exist. Creating ...
2019-06-13 13:16:01,098 INFO  storage.RaftStorageDirectory (RaftStorageDirectory.java:tryLock(328)) - Lock on /opt/src/hadoop-ozone/integration-test/target/test-dir/MiniOzoneClusterImpl-4fe650bb-7da1-4236-a4aa-4a4322002496/datanode-2/data/ratis/c7fc7200-c972-4edf-a1a6-fc2de9d9a7d8/in_use.lock acquired by nodename 9991@ozone-zq879-1582033226
2019-06-13 13:16:01,100 INFO  storage.RaftStorage (RaftStorage.java:format(75)) - Storage directory /opt/src/hadoop-ozone/integration-test/target/test-dir/MiniOzoneClusterImpl-4fe650bb-7da1-4236-a4aa-4a4322002496/datanode-2/data/ratis/c7fc7200-c972-4edf-a1a6-fc2de9d9a7d8 has been successfully formatted.
2019-06-13 13:16:01,100 INFO  ratis.ContainerStateMachine (ContainerStateMachine.java:loadSnapshot(199)) - The snapshot info is null.Setting the last applied index to:(t:0, i:~)
2019-06-13 13:16:01,100 INFO  server.RaftServerConfigKeys (ConfUtils.java:logGet(43)) - raft.server.leader.election.timeout = 10s (custom)
2019-06-13 13:16:01,100 INFO  server.RaftServerConfigKeys (ConfUtils.java:logGet(43)) - raft.server.log.use.memory = false (default)
2019-06-13 13:16:01,100 INFO  server.RaftServerConfigKeys (ConfUtils.java:logGet(43)) - raft.server.log.appender.buffer.byte-limit = 33554432 (custom)
2019-06-13 13:16:01,100 INFO  server.RaftServerConfigKeys (ConfUtils.java:logGet(43)) - raft.server.log.segment.size.max = 16384 (custom)
2019-06-13 13:16:01,101 INFO  server.RaftServerConfigKeys (ConfUtils.java:logGet(43)) - raft.server.log.segment.cache.num.max = 2 (custom)
2019-06-13 13:16:01,101 INFO  storage.RaftLogWorker (RaftLogWorker.java:<init>(123)) - new 748c7cbe-d929-4753-989a-acf8cdd3c609-RaftLogWorker for Storage Directory /opt/src/hadoop-ozone/integration-test/target/test-dir/MiniOzoneClusterImpl-4fe650bb-7da1-4236-a4aa-4a4322002496/datanode-2/data/ratis/c7fc7200-c972-4edf-a1a6-fc2de9d9a7d8
2019-06-13 13:16:01,102 INFO  server.RaftServerConfigKeys (ConfUtils.java:logGet(43)) - raft.server.log.queue.byte-limit = 2147483647 (custom)
2019-06-13 13:16:01,102 INFO  server.RaftServerConfigKeys (ConfUtils.java:logGet(43)) - raft.server.log.queue.element-limit = 1024 (custom)
2019-06-13 13:16:01,102 INFO  server.RaftServerConfigKeys (ConfUtils.java:logGet(43)) - raft.server.log.segment.size.max = 16384 (custom)
2019-06-13 13:16:01,102 INFO  server.RaftServerConfigKeys (ConfUtils.java:logGet(43)) - raft.server.log.preallocated.size = 16384 (custom)
2019-06-13 13:16:01,103 INFO  server.RaftServerConfigKeys (ConfUtils.java:logGet(43)) - raft.server.log.write.buffer.size = 33554432 (custom)
2019-06-13 13:16:01,103 INFO  server.RaftServerConfigKeys (ConfUtils.java:logGet(43)) - raft.server.log.force.sync.num = 128 (default)
2019-06-13 13:16:01,103 INFO  server.RaftServerConfigKeys (ConfUtils.java:logGet(43)) - raft.server.log.statemachine.data.sync = true (default)
2019-06-13 13:16:01,103 INFO  server.RaftServerConfigKeys (ConfUtils.java:logGet(43)) - raft.server.log.statemachine.data.sync.timeout = 10s (default)
2019-06-13 13:16:01,103 INFO  server.RaftServerConfigKeys (ConfUtils.java:logGet(43)) - raft.server.log.statemachine.data.sync.timeout.retry = -1 (default)
2019-06-13 13:16:01,103 INFO  server.RaftServerConfigKeys (ConfUtils.java:logGet(43)) - raft.server.log.statemachine.data.caching.enabled = true (custom)
2019-06-13 13:16:01,104 INFO  server.RaftServerConfigKeys (ConfUtils.java:logGet(43)) - raft.server.snapshot.auto.trigger.enabled = true (custom)
2019-06-13 13:16:01,104 INFO  server.RaftServerConfigKeys (ConfUtils.java:logGet(43)) - raft.server.snapshot.auto.trigger.threshold = 10000 (custom)
2019-06-13 13:16:01,104 INFO  server.RaftServerConfigKeys (ConfUtils.java:logGet(43)) - raft.server.retrycache.expirytime = 600000ms (custom)
2019-06-13 13:16:01,105 INFO  impl.RaftServerImpl (RaftServerImpl.java:start(173)) - 748c7cbe-d929-4753-989a-acf8cdd3c609: start group-FC2DE9D9A7D8
2019-06-13 13:16:01,105 INFO  impl.RaftServerImpl (RaftServerImpl.java:setRole(164)) - 748c7cbe-d929-4753-989a-acf8cdd3c609:group-FC2DE9D9A7D8 changes role from null to FOLLOWER at term 0 for startAsFollower
2019-06-13 13:16:01,105 INFO  impl.RoleInfo (RoleInfo.java:updateAndGet(143)) - 748c7cbe-d929-4753-989a-acf8cdd3c609: start FollowerState
2019-06-13 13:16:01,106 INFO  util.JmxRegister (JmxRegister.java:tryRegister(44)) - Successfully registered JMX Bean with object name Ratis:service=RaftServer,group=group-FC2DE9D9A7D8,id=748c7cbe-d929-4753-989a-acf8cdd3c609
2019-06-13 13:16:01,124 INFO  pipeline.PipelineStateManager (PipelineStateManager.java:addPipeline(56)) - Created pipeline Pipeline[ Id: c7fc7200-c972-4edf-a1a6-fc2de9d9a7d8, Nodes: 748c7cbe-d929-4753-989a-acf8cdd3c609{ip: 192.168.11.242, host: ozone-zq879-1582033226, networkLocation: /default-rack, certSerialId: null}, Type:RATIS, Factor:ONE, State:OPEN]
2019-06-13 13:16:01,138 INFO  impl.RaftServerProxy (RaftServerProxy.java:addNew(89)) - 3c6b9937-f6d9-4a9b-86d0-4aa4b9ab8916: addNew group-B71212C6CDA6:[3c6b9937-f6d9-4a9b-86d0-4aa4b9ab8916:192.168.11.242:38285] returns group-B71212C6CDA6:java.util.concurrent.CompletableFuture@3b2884cb[Not completed]
2019-06-13 13:16:01,146 INFO  node.SCMNodeManager (SCMNodeManager.java:register(234)) - Registered Data node : dca7ccfc-1b8b-4a50-8a17-e7b9e6be84c8{ip: 192.168.11.242, host: ozone-zq879-1582033226, networkLocation: /default-rack, certSerialId: null}
2019-06-13 13:16:01,176 INFO  impl.RaftServerImpl (RaftServerImpl.java:<init>(91)) - 3c6b9937-f6d9-4a9b-86d0-4aa4b9ab8916: new RaftServerImpl for group-B71212C6CDA6:[3c6b9937-f6d9-4a9b-86d0-4aa4b9ab8916:192.168.11.242:38285] with ContainerStateMachine:uninitialized
2019-06-13 13:16:01,176 INFO  server.RaftServerConfigKeys (ConfUtils.java:logGet(43)) - raft.server.rpc.timeout.min = 1s (custom)
2019-06-13 13:16:01,176 INFO  server.RaftServerConfigKeys (ConfUtils.java:logGet(43)) - raft.server.rpc.timeout.max = 1200ms (custom)
2019-06-13 13:16:01,176 INFO  server.RaftServerConfigKeys (ConfUtils.java:logGet(43)) - raft.server.rpcslowness.timeout = 10s (custom)
2019-06-13 13:16:01,176 INFO  server.RaftServerConfigKeys (ConfUtils.java:logGet(43)) - raft.server.log.appender.install.snapshot.enabled = true (default)
2019-06-13 13:16:01,176 INFO  impl.RaftServerImpl (ServerState.java:<init>(101)) - 3c6b9937-f6d9-4a9b-86d0-4aa4b9ab8916:group-B71212C6CDA6 ConfigurationManager, init=-1: [3c6b9937-f6d9-4a9b-86d0-4aa4b9ab8916:192.168.11.242:38285], old=null, confs=<EMPTY_MAP>
2019-06-13 13:16:01,176 INFO  server.RaftServerConfigKeys (ConfUtils.java:logGet(43)) - raft.server.storage.dir = [/opt/src/hadoop-ozone/integration-test/target/test-dir/MiniOzoneClusterImpl-4fe650bb-7da1-4236-a4aa-4a4322002496/datanode-1/data/ratis] (custom)
2019-06-13 13:16:01,177 INFO  storage.RaftStorageDirectory (RaftStorageDirectory.java:analyzeStorage(246)) - The storage directory /opt/src/hadoop-ozone/integration-test/target/test-dir/MiniOzoneClusterImpl-4fe650bb-7da1-4236-a4aa-4a4322002496/datanode-1/data/ratis/03325a2e-2eb5-4cf8-9307-b71212c6cda6 does not exist. Creating ...
2019-06-13 13:16:01,179 INFO  storage.RaftStorageDirectory (RaftStorageDirectory.java:tryLock(328)) - Lock on /opt/src/hadoop-ozone/integration-test/target/test-dir/MiniOzoneClusterImpl-4fe650bb-7da1-4236-a4aa-4a4322002496/datanode-1/data/ratis/03325a2e-2eb5-4cf8-9307-b71212c6cda6/in_use.lock acquired by nodename 9991@ozone-zq879-1582033226
2019-06-13 13:16:01,181 INFO  storage.RaftStorage (RaftStorage.java:format(75)) - Storage directory /opt/src/hadoop-ozone/integration-test/target/test-dir/MiniOzoneClusterImpl-4fe650bb-7da1-4236-a4aa-4a4322002496/datanode-1/data/ratis/03325a2e-2eb5-4cf8-9307-b71212c6cda6 has been successfully formatted.
2019-06-13 13:16:01,182 INFO  ratis.ContainerStateMachine (ContainerStateMachine.java:loadSnapshot(199)) - The snapshot info is null.Setting the last applied index to:(t:0, i:~)
2019-06-13 13:16:01,183 INFO  server.RaftServerConfigKeys (ConfUtils.java:logGet(43)) - raft.server.leader.election.timeout = 10s (custom)
2019-06-13 13:16:01,183 INFO  server.RaftServerConfigKeys (ConfUtils.java:logGet(43)) - raft.server.log.use.memory = false (default)
2019-06-13 13:16:01,183 INFO  server.RaftServerConfigKeys (ConfUtils.java:logGet(43)) - raft.server.log.appender.buffer.byte-limit = 33554432 (custom)
2019-06-13 13:16:01,183 INFO  server.RaftServerConfigKeys (ConfUtils.java:logGet(43)) - raft.server.log.segment.size.max = 16384 (custom)
2019-06-13 13:16:01,183 INFO  server.RaftServerConfigKeys (ConfUtils.java:logGet(43)) - raft.server.log.segment.cache.num.max = 2 (custom)
2019-06-13 13:16:01,183 INFO  storage.RaftLogWorker (RaftLogWorker.java:<init>(123)) - new 3c6b9937-f6d9-4a9b-86d0-4aa4b9ab8916-RaftLogWorker for Storage Directory /opt/src/hadoop-ozone/integration-test/target/test-dir/MiniOzoneClusterImpl-4fe650bb-7da1-4236-a4aa-4a4322002496/datanode-1/data/ratis/03325a2e-2eb5-4cf8-9307-b71212c6cda6
2019-06-13 13:16:01,183 INFO  server.RaftServerConfigKeys (ConfUtils.java:logGet(43)) - raft.server.log.queue.byte-limit = 2147483647 (custom)
2019-06-13 13:16:01,184 INFO  server.RaftServerConfigKeys (ConfUtils.java:logGet(43)) - raft.server.log.queue.element-limit = 1024 (custom)
2019-06-13 13:16:01,184 INFO  server.RaftServerConfigKeys (ConfUtils.java:logGet(43)) - raft.server.log.segment.size.max = 16384 (custom)
2019-06-13 13:16:01,184 INFO  server.RaftServerConfigKeys (ConfUtils.java:logGet(43)) - raft.server.log.preallocated.size = 16384 (custom)
2019-06-13 13:16:01,184 INFO  server.RaftServerConfigKeys (ConfUtils.java:logGet(43)) - raft.server.log.write.buffer.size = 33554432 (custom)
2019-06-13 13:16:01,184 INFO  server.RaftServerConfigKeys (ConfUtils.java:logGet(43)) - raft.server.log.force.sync.num = 128 (default)
2019-06-13 13:16:01,184 INFO  server.RaftServerConfigKeys (ConfUtils.java:logGet(43)) - raft.server.log.statemachine.data.sync = true (default)
2019-06-13 13:16:01,184 INFO  server.RaftServerConfigKeys (ConfUtils.java:logGet(43)) - raft.server.log.statemachine.data.sync.timeout = 10s (default)
2019-06-13 13:16:01,184 INFO  server.RaftServerConfigKeys (ConfUtils.java:logGet(43)) - raft.server.log.statemachine.data.sync.timeout.retry = -1 (default)
2019-06-13 13:16:01,184 INFO  server.RaftServerConfigKeys (ConfUtils.java:logGet(43)) - raft.server.log.statemachine.data.caching.enabled = true (custom)
2019-06-13 13:16:01,186 INFO  server.RaftServerConfigKeys (ConfUtils.java:logGet(43)) - raft.server.snapshot.auto.trigger.enabled = true (custom)
2019-06-13 13:16:01,186 INFO  server.RaftServerConfigKeys (ConfUtils.java:logGet(43)) - raft.server.snapshot.auto.trigger.threshold = 10000 (custom)
2019-06-13 13:16:01,186 INFO  server.RaftServerConfigKeys (ConfUtils.java:logGet(43)) - raft.server.retrycache.expirytime = 600000ms (custom)
2019-06-13 13:16:01,186 INFO  impl.RaftServerImpl (RaftServerImpl.java:start(173)) - 3c6b9937-f6d9-4a9b-86d0-4aa4b9ab8916: start group-B71212C6CDA6
2019-06-13 13:16:01,186 INFO  impl.RaftServerImpl (RaftServerImpl.java:setRole(164)) - 3c6b9937-f6d9-4a9b-86d0-4aa4b9ab8916:group-B71212C6CDA6 changes role from null to FOLLOWER at term 0 for startAsFollower
2019-06-13 13:16:01,186 INFO  impl.RoleInfo (RoleInfo.java:updateAndGet(143)) - 3c6b9937-f6d9-4a9b-86d0-4aa4b9ab8916: start FollowerState
2019-06-13 13:16:01,187 INFO  util.JmxRegister (JmxRegister.java:tryRegister(44)) - Successfully registered JMX Bean with object name Ratis:service=RaftServer,group=group-B71212C6CDA6,id=3c6b9937-f6d9-4a9b-86d0-4aa4b9ab8916
2019-06-13 13:16:01,200 INFO  pipeline.PipelineStateManager (PipelineStateManager.java:addPipeline(56)) - Created pipeline Pipeline[ Id: 03325a2e-2eb5-4cf8-9307-b71212c6cda6, Nodes: 3c6b9937-f6d9-4a9b-86d0-4aa4b9ab8916{ip: 192.168.11.242, host: ozone-zq879-1582033226, networkLocation: /default-rack, certSerialId: null}, Type:RATIS, Factor:ONE, State:OPEN]
2019-06-13 13:16:01,223 INFO  impl.RaftServerProxy (RaftServerProxy.java:addNew(89)) - dca7ccfc-1b8b-4a50-8a17-e7b9e6be84c8: addNew group-AFB85F03013E:[dca7ccfc-1b8b-4a50-8a17-e7b9e6be84c8:192.168.11.242:33817] returns group-AFB85F03013E:java.util.concurrent.CompletableFuture@19b941c8[Not completed]
2019-06-13 13:16:01,227 INFO  impl.RaftServerImpl (RaftServerImpl.java:<init>(91)) - dca7ccfc-1b8b-4a50-8a17-e7b9e6be84c8: new RaftServerImpl for group-AFB85F03013E:[dca7ccfc-1b8b-4a50-8a17-e7b9e6be84c8:192.168.11.242:33817] with ContainerStateMachine:uninitialized
2019-06-13 13:16:01,227 INFO  server.RaftServerConfigKeys (ConfUtils.java:logGet(43)) - raft.server.rpc.timeout.min = 1s (custom)
2019-06-13 13:16:01,227 INFO  server.RaftServerConfigKeys (ConfUtils.java:logGet(43)) - raft.server.rpc.timeout.max = 1200ms (custom)
2019-06-13 13:16:01,228 INFO  server.RaftServerConfigKeys (ConfUtils.java:logGet(43)) - raft.server.rpcslowness.timeout = 10s (custom)
2019-06-13 13:16:01,228 INFO  server.RaftServerConfigKeys (ConfUtils.java:logGet(43)) - raft.server.log.appender.install.snapshot.enabled = true (default)
2019-06-13 13:16:01,228 INFO  impl.RaftServerImpl (ServerState.java:<init>(101)) - dca7ccfc-1b8b-4a50-8a17-e7b9e6be84c8:group-AFB85F03013E ConfigurationManager, init=-1: [dca7ccfc-1b8b-4a50-8a17-e7b9e6be84c8:192.168.11.242:33817], old=null, confs=<EMPTY_MAP>
2019-06-13 13:16:01,228 INFO  server.RaftServerConfigKeys (ConfUtils.java:logGet(43)) - raft.server.storage.dir = [/opt/src/hadoop-ozone/integration-test/target/test-dir/MiniOzoneClusterImpl-4fe650bb-7da1-4236-a4aa-4a4322002496/datanode-3/data/ratis] (custom)
2019-06-13 13:16:01,228 INFO  storage.RaftStorageDirectory (RaftStorageDirectory.java:analyzeStorage(246)) - The storage directory /opt/src/hadoop-ozone/integration-test/target/test-dir/MiniOzoneClusterImpl-4fe650bb-7da1-4236-a4aa-4a4322002496/datanode-3/data/ratis/eabaab84-fd6b-4711-a9db-afb85f03013e does not exist. Creating ...
2019-06-13 13:16:01,230 INFO  storage.RaftStorageDirectory (RaftStorageDirectory.java:tryLock(328)) - Lock on /opt/src/hadoop-ozone/integration-test/target/test-dir/MiniOzoneClusterImpl-4fe650bb-7da1-4236-a4aa-4a4322002496/datanode-3/data/ratis/eabaab84-fd6b-4711-a9db-afb85f03013e/in_use.lock acquired by nodename 9991@ozone-zq879-1582033226
2019-06-13 13:16:01,233 INFO  storage.RaftStorage (RaftStorage.java:format(75)) - Storage directory /opt/src/hadoop-ozone/integration-test/target/test-dir/MiniOzoneClusterImpl-4fe650bb-7da1-4236-a4aa-4a4322002496/datanode-3/data/ratis/eabaab84-fd6b-4711-a9db-afb85f03013e has been successfully formatted.
2019-06-13 13:16:01,233 INFO  ratis.ContainerStateMachine (ContainerStateMachine.java:loadSnapshot(199)) - The snapshot info is null.Setting the last applied index to:(t:0, i:~)
2019-06-13 13:16:01,233 INFO  server.RaftServerConfigKeys (ConfUtils.java:logGet(43)) - raft.server.leader.election.timeout = 10s (custom)
2019-06-13 13:16:01,233 INFO  server.RaftServerConfigKeys (ConfUtils.java:logGet(43)) - raft.server.log.use.memory = false (default)
2019-06-13 13:16:01,233 INFO  server.RaftServerConfigKeys (ConfUtils.java:logGet(43)) - raft.server.log.appender.buffer.byte-limit = 33554432 (custom)
2019-06-13 13:16:01,233 INFO  server.RaftServerConfigKeys (ConfUtils.java:logGet(43)) - raft.server.log.segment.size.max = 16384 (custom)
2019-06-13 13:16:01,234 INFO  server.RaftServerConfigKeys (ConfUtils.java:logGet(43)) - raft.server.log.segment.cache.num.max = 2 (custom)
2019-06-13 13:16:01,234 INFO  storage.RaftLogWorker (RaftLogWorker.java:<init>(123)) - new dca7ccfc-1b8b-4a50-8a17-e7b9e6be84c8-RaftLogWorker for Storage Directory /opt/src/hadoop-ozone/integration-test/target/test-dir/MiniOzoneClusterImpl-4fe650bb-7da1-4236-a4aa-4a4322002496/datanode-3/data/ratis/eabaab84-fd6b-4711-a9db-afb85f03013e
2019-06-13 13:16:01,234 INFO  server.RaftServerConfigKeys (ConfUtils.java:logGet(43)) - raft.server.log.queue.byte-limit = 2147483647 (custom)
2019-06-13 13:16:01,234 INFO  server.RaftServerConfigKeys (ConfUtils.java:logGet(43)) - raft.server.log.queue.element-limit = 1024 (custom)
2019-06-13 13:16:01,234 INFO  server.RaftServerConfigKeys (ConfUtils.java:logGet(43)) - raft.server.log.segment.size.max = 16384 (custom)
2019-06-13 13:16:01,234 INFO  server.RaftServerConfigKeys (ConfUtils.java:logGet(43)) - raft.server.log.preallocated.size = 16384 (custom)
2019-06-13 13:16:01,234 INFO  server.RaftServerConfigKeys (ConfUtils.java:logGet(43)) - raft.server.log.write.buffer.size = 33554432 (custom)
2019-06-13 13:16:01,234 INFO  server.RaftServerConfigKeys (ConfUtils.java:logGet(43)) - raft.server.log.force.sync.num = 128 (default)
2019-06-13 13:16:01,234 INFO  server.RaftServerConfigKeys (ConfUtils.java:logGet(43)) - raft.server.log.statemachine.data.sync = true (default)
2019-06-13 13:16:01,234 INFO  server.RaftServerConfigKeys (ConfUtils.java:logGet(43)) - raft.server.log.statemachine.data.sync.timeout = 10s (default)
2019-06-13 13:16:01,235 INFO  server.RaftServerConfigKeys (ConfUtils.java:logGet(43)) - raft.server.log.statemachine.data.sync.timeout.retry = -1 (default)
2019-06-13 13:16:01,235 INFO  server.RaftServerConfigKeys (ConfUtils.java:logGet(43)) - raft.server.log.statemachine.data.caching.enabled = true (custom)
2019-06-13 13:16:01,235 INFO  server.RaftServerConfigKeys (ConfUtils.java:logGet(43)) - raft.server.snapshot.auto.trigger.enabled = true (custom)
2019-06-13 13:16:01,235 INFO  server.RaftServerConfigKeys (ConfUtils.java:logGet(43)) - raft.server.snapshot.auto.trigger.threshold = 10000 (custom)
2019-06-13 13:16:01,235 INFO  server.RaftServerConfigKeys (ConfUtils.java:logGet(43)) - raft.server.retrycache.expirytime = 600000ms (custom)
2019-06-13 13:16:01,236 INFO  impl.RaftServerImpl (RaftServerImpl.java:start(173)) - dca7ccfc-1b8b-4a50-8a17-e7b9e6be84c8: start group-AFB85F03013E
2019-06-13 13:16:01,236 INFO  impl.RaftServerImpl (RaftServerImpl.java:setRole(164)) - dca7ccfc-1b8b-4a50-8a17-e7b9e6be84c8:group-AFB85F03013E changes role from null to FOLLOWER at term 0 for startAsFollower
2019-06-13 13:16:01,236 INFO  impl.RoleInfo (RoleInfo.java:updateAndGet(143)) - dca7ccfc-1b8b-4a50-8a17-e7b9e6be84c8: start FollowerState
2019-06-13 13:16:01,239 INFO  util.JmxRegister (JmxRegister.java:tryRegister(44)) - Successfully registered JMX Bean with object name Ratis:service=RaftServer,group=group-AFB85F03013E,id=dca7ccfc-1b8b-4a50-8a17-e7b9e6be84c8
2019-06-13 13:16:01,251 INFO  pipeline.PipelineStateManager (PipelineStateManager.java:addPipeline(56)) - Created pipeline Pipeline[ Id: eabaab84-fd6b-4711-a9db-afb85f03013e, Nodes: dca7ccfc-1b8b-4a50-8a17-e7b9e6be84c8{ip: 192.168.11.242, host: ozone-zq879-1582033226, networkLocation: /default-rack, certSerialId: null}, Type:RATIS, Factor:ONE, State:OPEN]
2019-06-13 13:16:01,277 INFO  impl.RaftServerProxy (RaftServerProxy.java:addNew(89)) - 3c6b9937-f6d9-4a9b-86d0-4aa4b9ab8916: addNew group-62A7466B6169:[dca7ccfc-1b8b-4a50-8a17-e7b9e6be84c8:192.168.11.242:33817, 748c7cbe-d929-4753-989a-acf8cdd3c609:192.168.11.242:40589, 3c6b9937-f6d9-4a9b-86d0-4aa4b9ab8916:192.168.11.242:38285] returns group-62A7466B6169:java.util.concurrent.CompletableFuture@1e22d963[Not completed]
2019-06-13 13:16:01,278 INFO  impl.RaftServerImpl (RaftServerImpl.java:<init>(91)) - 3c6b9937-f6d9-4a9b-86d0-4aa4b9ab8916: new RaftServerImpl for group-62A7466B6169:[dca7ccfc-1b8b-4a50-8a17-e7b9e6be84c8:192.168.11.242:33817, 748c7cbe-d929-4753-989a-acf8cdd3c609:192.168.11.242:40589, 3c6b9937-f6d9-4a9b-86d0-4aa4b9ab8916:192.168.11.242:38285] with ContainerStateMachine:uninitialized
2019-06-13 13:16:01,278 INFO  server.RaftServerConfigKeys (ConfUtils.java:logGet(43)) - raft.server.rpc.timeout.min = 1s (custom)
2019-06-13 13:16:01,278 INFO  server.RaftServerConfigKeys (ConfUtils.java:logGet(43)) - raft.server.rpc.timeout.max = 1200ms (custom)
2019-06-13 13:16:01,278 INFO  server.RaftServerConfigKeys (ConfUtils.java:logGet(43)) - raft.server.rpcslowness.timeout = 10s (custom)
2019-06-13 13:16:01,279 INFO  server.RaftServerConfigKeys (ConfUtils.java:logGet(43)) - raft.server.log.appender.install.snapshot.enabled = true (default)
2019-06-13 13:16:01,279 INFO  impl.RaftServerImpl (ServerState.java:<init>(101)) - 3c6b9937-f6d9-4a9b-86d0-4aa4b9ab8916:group-62A7466B6169 ConfigurationManager, init=-1: [dca7ccfc-1b8b-4a50-8a17-e7b9e6be84c8:192.168.11.242:33817, 748c7cbe-d929-4753-989a-acf8cdd3c609:192.168.11.242:40589, 3c6b9937-f6d9-4a9b-86d0-4aa4b9ab8916:192.168.11.242:38285], old=null, confs=<EMPTY_MAP>
2019-06-13 13:16:01,279 INFO  impl.RaftServerProxy (RaftServerProxy.java:addNew(89)) - dca7ccfc-1b8b-4a50-8a17-e7b9e6be84c8: addNew group-62A7466B6169:[dca7ccfc-1b8b-4a50-8a17-e7b9e6be84c8:192.168.11.242:33817, 748c7cbe-d929-4753-989a-acf8cdd3c609:192.168.11.242:40589, 3c6b9937-f6d9-4a9b-86d0-4aa4b9ab8916:192.168.11.242:38285] returns group-62A7466B6169:java.util.concurrent.CompletableFuture@1a1d4e7f[Not completed]
2019-06-13 13:16:01,279 INFO  server.RaftServerConfigKeys (ConfUtils.java:logGet(43)) - raft.server.storage.dir = [/opt/src/hadoop-ozone/integration-test/target/test-dir/MiniOzoneClusterImpl-4fe650bb-7da1-4236-a4aa-4a4322002496/datanode-1/data/ratis] (custom)
2019-06-13 13:16:01,280 INFO  storage.RaftStorageDirectory (RaftStorageDirectory.java:analyzeStorage(246)) - The storage directory /opt/src/hadoop-ozone/integration-test/target/test-dir/MiniOzoneClusterImpl-4fe650bb-7da1-4236-a4aa-4a4322002496/datanode-1/data/ratis/219e4ffb-6f3f-4eb8-867d-62a7466b6169 does not exist. Creating ...
2019-06-13 13:16:01,281 INFO  impl.RaftServerImpl (RaftServerImpl.java:<init>(91)) - dca7ccfc-1b8b-4a50-8a17-e7b9e6be84c8: new RaftServerImpl for group-62A7466B6169:[dca7ccfc-1b8b-4a50-8a17-e7b9e6be84c8:192.168.11.242:33817, 748c7cbe-d929-4753-989a-acf8cdd3c609:192.168.11.242:40589, 3c6b9937-f6d9-4a9b-86d0-4aa4b9ab8916:192.168.11.242:38285] with ContainerStateMachine:uninitialized
2019-06-13 13:16:01,281 INFO  server.RaftServerConfigKeys (ConfUtils.java:logGet(43)) - raft.server.rpc.timeout.min = 1s (custom)
2019-06-13 13:16:01,282 INFO  server.RaftServerConfigKeys (ConfUtils.java:logGet(43)) - raft.server.rpc.timeout.max = 1200ms (custom)
2019-06-13 13:16:01,282 INFO  server.RaftServerConfigKeys (ConfUtils.java:logGet(43)) - raft.server.rpcslowness.timeout = 10s (custom)
2019-06-13 13:16:01,282 INFO  server.RaftServerConfigKeys (ConfUtils.java:logGet(43)) - raft.server.log.appender.install.snapshot.enabled = true (default)
2019-06-13 13:16:01,282 INFO  impl.RaftServerImpl (RaftServerImpl.java:<init>(91)) - 748c7cbe-d929-4753-989a-acf8cdd3c609: new RaftServerImpl for group-62A7466B6169:[dca7ccfc-1b8b-4a50-8a17-e7b9e6be84c8:192.168.11.242:33817, 748c7cbe-d929-4753-989a-acf8cdd3c609:192.168.11.242:40589, 3c6b9937-f6d9-4a9b-86d0-4aa4b9ab8916:192.168.11.242:38285] with ContainerStateMachine:uninitialized
2019-06-13 13:16:01,282 INFO  impl.RaftServerImpl (ServerState.java:<init>(101)) - dca7ccfc-1b8b-4a50-8a17-e7b9e6be84c8:group-62A7466B6169 ConfigurationManager, init=-1: [dca7ccfc-1b8b-4a50-8a17-e7b9e6be84c8:192.168.11.242:33817, 748c7cbe-d929-4753-989a-acf8cdd3c609:192.168.11.242:40589, 3c6b9937-f6d9-4a9b-86d0-4aa4b9ab8916:192.168.11.242:38285], old=null, confs=<EMPTY_MAP>
2019-06-13 13:16:01,282 INFO  storage.RaftStorageDirectory (RaftStorageDirectory.java:tryLock(328)) - Lock on /opt/src/hadoop-ozone/integration-test/target/test-dir/MiniOzoneClusterImpl-4fe650bb-7da1-4236-a4aa-4a4322002496/datanode-1/data/ratis/219e4ffb-6f3f-4eb8-867d-62a7466b6169/in_use.lock acquired by nodename 9991@ozone-zq879-1582033226
2019-06-13 13:16:01,282 INFO  server.RaftServerConfigKeys (ConfUtils.java:logGet(43)) - raft.server.rpc.timeout.min = 1s (custom)
2019-06-13 13:16:01,282 INFO  server.RaftServerConfigKeys (ConfUtils.java:logGet(43)) - raft.server.storage.dir = [/opt/src/hadoop-ozone/integration-test/target/test-dir/MiniOzoneClusterImpl-4fe650bb-7da1-4236-a4aa-4a4322002496/datanode-3/data/ratis] (custom)
2019-06-13 13:16:01,283 INFO  impl.RaftServerProxy (RaftServerProxy.java:addNew(89)) - 748c7cbe-d929-4753-989a-acf8cdd3c609: addNew group-62A7466B6169:[dca7ccfc-1b8b-4a50-8a17-e7b9e6be84c8:192.168.11.242:33817, 748c7cbe-d929-4753-989a-acf8cdd3c609:192.168.11.242:40589, 3c6b9937-f6d9-4a9b-86d0-4aa4b9ab8916:192.168.11.242:38285] returns group-62A7466B6169:java.util.concurrent.CompletableFuture@5f1fd358[Not completed]
2019-06-13 13:16:01,283 INFO  server.RaftServerConfigKeys (ConfUtils.java:logGet(43)) - raft.server.rpc.timeout.max = 1200ms (custom)
2019-06-13 13:16:01,283 INFO  storage.RaftStorageDirectory (RaftStorageDirectory.java:analyzeStorage(246)) - The storage directory /opt/src/hadoop-ozone/integration-test/target/test-dir/MiniOzoneClusterImpl-4fe650bb-7da1-4236-a4aa-4a4322002496/datanode-3/data/ratis/219e4ffb-6f3f-4eb8-867d-62a7466b6169 does not exist. Creating ...
2019-06-13 13:16:01,283 INFO  server.RaftServerConfigKeys (ConfUtils.java:logGet(43)) - raft.server.rpcslowness.timeout = 10s (custom)
2019-06-13 13:16:01,284 INFO  server.RaftServerConfigKeys (ConfUtils.java:logGet(43)) - raft.server.log.appender.install.snapshot.enabled = true (default)
2019-06-13 13:16:01,284 INFO  impl.RaftServerImpl (ServerState.java:<init>(101)) - 748c7cbe-d929-4753-989a-acf8cdd3c609:group-62A7466B6169 ConfigurationManager, init=-1: [dca7ccfc-1b8b-4a50-8a17-e7b9e6be84c8:192.168.11.242:33817, 748c7cbe-d929-4753-989a-acf8cdd3c609:192.168.11.242:40589, 3c6b9937-f6d9-4a9b-86d0-4aa4b9ab8916:192.168.11.242:38285], old=null, confs=<EMPTY_MAP>
2019-06-13 13:16:01,284 INFO  server.RaftServerConfigKeys (ConfUtils.java:logGet(43)) - raft.server.storage.dir = [/opt/src/hadoop-ozone/integration-test/target/test-dir/MiniOzoneClusterImpl-4fe650bb-7da1-4236-a4aa-4a4322002496/datanode-2/data/ratis] (custom)
2019-06-13 13:16:01,284 INFO  storage.RaftStorageDirectory (RaftStorageDirectory.java:analyzeStorage(246)) - The storage directory /opt/src/hadoop-ozone/integration-test/target/test-dir/MiniOzoneClusterImpl-4fe650bb-7da1-4236-a4aa-4a4322002496/datanode-2/data/ratis/219e4ffb-6f3f-4eb8-867d-62a7466b6169 does not exist. Creating ...
2019-06-13 13:16:01,284 INFO  storage.RaftStorage (RaftStorage.java:format(75)) - Storage directory /opt/src/hadoop-ozone/integration-test/target/test-dir/MiniOzoneClusterImpl-4fe650bb-7da1-4236-a4aa-4a4322002496/datanode-1/data/ratis/219e4ffb-6f3f-4eb8-867d-62a7466b6169 has been successfully formatted.
2019-06-13 13:16:01,285 INFO  ratis.ContainerStateMachine (ContainerStateMachine.java:loadSnapshot(199)) - The snapshot info is null.Setting the last applied index to:(t:0, i:~)
2019-06-13 13:16:01,285 INFO  server.RaftServerConfigKeys (ConfUtils.java:logGet(43)) - raft.server.leader.election.timeout = 10s (custom)
2019-06-13 13:16:01,286 INFO  server.RaftServerConfigKeys (ConfUtils.java:logGet(43)) - raft.server.log.use.memory = false (default)
2019-06-13 13:16:01,286 INFO  server.RaftServerConfigKeys (ConfUtils.java:logGet(43)) - raft.server.log.appender.buffer.byte-limit = 33554432 (custom)
2019-06-13 13:16:01,286 INFO  server.RaftServerConfigKeys (ConfUtils.java:logGet(43)) - raft.server.log.segment.size.max = 16384 (custom)
2019-06-13 13:16:01,286 INFO  storage.RaftStorageDirectory (RaftStorageDirectory.java:tryLock(328)) - Lock on /opt/src/hadoop-ozone/integration-test/target/test-dir/MiniOzoneClusterImpl-4fe650bb-7da1-4236-a4aa-4a4322002496/datanode-3/data/ratis/219e4ffb-6f3f-4eb8-867d-62a7466b6169/in_use.lock acquired by nodename 9991@ozone-zq879-1582033226
2019-06-13 13:16:01,286 INFO  storage.RaftStorageDirectory (RaftStorageDirectory.java:tryLock(328)) - Lock on /opt/src/hadoop-ozone/integration-test/target/test-dir/MiniOzoneClusterImpl-4fe650bb-7da1-4236-a4aa-4a4322002496/datanode-2/data/ratis/219e4ffb-6f3f-4eb8-867d-62a7466b6169/in_use.lock acquired by nodename 9991@ozone-zq879-1582033226
2019-06-13 13:16:01,286 INFO  server.RaftServerConfigKeys (ConfUtils.java:logGet(43)) - raft.server.log.segment.cache.num.max = 2 (custom)
2019-06-13 13:16:01,287 INFO  storage.RaftLogWorker (RaftLogWorker.java:<init>(123)) - new 3c6b9937-f6d9-4a9b-86d0-4aa4b9ab8916-RaftLogWorker for Storage Directory /opt/src/hadoop-ozone/integration-test/target/test-dir/MiniOzoneClusterImpl-4fe650bb-7da1-4236-a4aa-4a4322002496/datanode-1/data/ratis/219e4ffb-6f3f-4eb8-867d-62a7466b6169
2019-06-13 13:16:01,287 INFO  server.RaftServerConfigKeys (ConfUtils.java:logGet(43)) - raft.server.log.queue.byte-limit = 2147483647 (custom)
2019-06-13 13:16:01,287 INFO  server.RaftServerConfigKeys (ConfUtils.java:logGet(43)) - raft.server.log.queue.element-limit = 1024 (custom)
2019-06-13 13:16:01,287 INFO  server.RaftServerConfigKeys (ConfUtils.java:logGet(43)) - raft.server.log.segment.size.max = 16384 (custom)
2019-06-13 13:16:01,287 INFO  server.RaftServerConfigKeys (ConfUtils.java:logGet(43)) - raft.server.log.preallocated.size = 16384 (custom)
2019-06-13 13:16:01,287 INFO  server.RaftServerConfigKeys (ConfUtils.java:logGet(43)) - raft.server.log.write.buffer.size = 33554432 (custom)
2019-06-13 13:16:01,287 INFO  server.RaftServerConfigKeys (ConfUtils.java:logGet(43)) - raft.server.log.force.sync.num = 128 (default)
2019-06-13 13:16:01,287 INFO  server.RaftServerConfigKeys (ConfUtils.java:logGet(43)) - raft.server.log.statemachine.data.sync = true (default)
2019-06-13 13:16:01,288 INFO  server.RaftServerConfigKeys (ConfUtils.java:logGet(43)) - raft.server.log.statemachine.data.sync.timeout = 10s (default)
2019-06-13 13:16:01,288 INFO  server.RaftServerConfigKeys (ConfUtils.java:logGet(43)) - raft.server.log.statemachine.data.sync.timeout.retry = -1 (default)
2019-06-13 13:16:01,288 INFO  server.RaftServerConfigKeys (ConfUtils.java:logGet(43)) - raft.server.log.statemachine.data.caching.enabled = true (custom)
2019-06-13 13:16:01,288 INFO  storage.RaftStorage (RaftStorage.java:format(75)) - Storage directory /opt/src/hadoop-ozone/integration-test/target/test-dir/MiniOzoneClusterImpl-4fe650bb-7da1-4236-a4aa-4a4322002496/datanode-2/data/ratis/219e4ffb-6f3f-4eb8-867d-62a7466b6169 has been successfully formatted.
2019-06-13 13:16:01,288 INFO  ratis.ContainerStateMachine (ContainerStateMachine.java:loadSnapshot(199)) - The snapshot info is null.Setting the last applied index to:(t:0, i:~)
2019-06-13 13:16:01,288 INFO  server.RaftServerConfigKeys (ConfUtils.java:logGet(43)) - raft.server.leader.election.timeout = 10s (custom)
2019-06-13 13:16:01,289 INFO  server.RaftServerConfigKeys (ConfUtils.java:logGet(43)) - raft.server.log.use.memory = false (default)
2019-06-13 13:16:01,289 INFO  server.RaftServerConfigKeys (ConfUtils.java:logGet(43)) - raft.server.log.appender.buffer.byte-limit = 33554432 (custom)
2019-06-13 13:16:01,289 INFO  server.RaftServerConfigKeys (ConfUtils.java:logGet(43)) - raft.server.log.segment.size.max = 16384 (custom)
2019-06-13 13:16:01,289 INFO  server.RaftServerConfigKeys (ConfUtils.java:logGet(43)) - raft.server.log.segment.cache.num.max = 2 (custom)
2019-06-13 13:16:01,289 INFO  storage.RaftLogWorker (RaftLogWorker.java:<init>(123)) - new 748c7cbe-d929-4753-989a-acf8cdd3c609-RaftLogWorker for Storage Directory /opt/src/hadoop-ozone/integration-test/target/test-dir/MiniOzoneClusterImpl-4fe650bb-7da1-4236-a4aa-4a4322002496/datanode-2/data/ratis/219e4ffb-6f3f-4eb8-867d-62a7466b6169
2019-06-13 13:16:01,289 INFO  server.RaftServerConfigKeys (ConfUtils.java:logGet(43)) - raft.server.log.queue.byte-limit = 2147483647 (custom)
2019-06-13 13:16:01,289 INFO  server.RaftServerConfigKeys (ConfUtils.java:logGet(43)) - raft.server.log.queue.element-limit = 1024 (custom)
2019-06-13 13:16:01,289 INFO  server.RaftServerConfigKeys (ConfUtils.java:logGet(43)) - raft.server.log.segment.size.max = 16384 (custom)
2019-06-13 13:16:01,289 INFO  server.RaftServerConfigKeys (ConfUtils.java:logGet(43)) - raft.server.log.preallocated.size = 16384 (custom)
2019-06-13 13:16:01,289 INFO  server.RaftServerConfigKeys (ConfUtils.java:logGet(43)) - raft.server.log.write.buffer.size = 33554432 (custom)
2019-06-13 13:16:01,289 INFO  server.RaftServerConfigKeys (ConfUtils.java:logGet(43)) - raft.server.log.force.sync.num = 128 (default)
2019-06-13 13:16:01,290 INFO  server.RaftServerConfigKeys (ConfUtils.java:logGet(43)) - raft.server.log.statemachine.data.sync = true (default)
2019-06-13 13:16:01,290 INFO  server.RaftServerConfigKeys (ConfUtils.java:logGet(43)) - raft.server.log.statemachine.data.sync.timeout = 10s (default)
2019-06-13 13:16:01,290 INFO  server.RaftServerConfigKeys (ConfUtils.java:logGet(43)) - raft.server.log.statemachine.data.sync.timeout.retry = -1 (default)
2019-06-13 13:16:01,290 INFO  storage.RaftStorage (RaftStorage.java:format(75)) - Storage directory /opt/src/hadoop-ozone/integration-test/target/test-dir/MiniOzoneClusterImpl-4fe650bb-7da1-4236-a4aa-4a4322002496/datanode-3/data/ratis/219e4ffb-6f3f-4eb8-867d-62a7466b6169 has been successfully formatted.
2019-06-13 13:16:01,290 INFO  ratis.ContainerStateMachine (ContainerStateMachine.java:loadSnapshot(199)) - The snapshot info is null.Setting the last applied index to:(t:0, i:~)
2019-06-13 13:16:01,290 INFO  server.RaftServerConfigKeys (ConfUtils.java:logGet(43)) - raft.server.leader.election.timeout = 10s (custom)
2019-06-13 13:16:01,290 INFO  server.RaftServerConfigKeys (ConfUtils.java:logGet(43)) - raft.server.log.use.memory = false (default)
2019-06-13 13:16:01,290 INFO  server.RaftServerConfigKeys (ConfUtils.java:logGet(43)) - raft.server.log.appender.buffer.byte-limit = 33554432 (custom)
2019-06-13 13:16:01,290 INFO  server.RaftServerConfigKeys (ConfUtils.java:logGet(43)) - raft.server.log.segment.size.max = 16384 (custom)
2019-06-13 13:16:01,290 INFO  server.RaftServerConfigKeys (ConfUtils.java:logGet(43)) - raft.server.log.segment.cache.num.max = 2 (custom)
2019-06-13 13:16:01,291 INFO  server.RaftServerConfigKeys (ConfUtils.java:logGet(43)) - raft.server.log.statemachine.data.caching.enabled = true (custom)
2019-06-13 13:16:01,291 INFO  server.RaftServerConfigKeys (ConfUtils.java:logGet(43)) - raft.server.snapshot.auto.trigger.enabled = true (custom)
2019-06-13 13:16:01,291 INFO  storage.RaftLogWorker (RaftLogWorker.java:<init>(123)) - new dca7ccfc-1b8b-4a50-8a17-e7b9e6be84c8-RaftLogWorker for Storage Directory /opt/src/hadoop-ozone/integration-test/target/test-dir/MiniOzoneClusterImpl-4fe650bb-7da1-4236-a4aa-4a4322002496/datanode-3/data/ratis/219e4ffb-6f3f-4eb8-867d-62a7466b6169
2019-06-13 13:16:01,291 INFO  server.RaftServerConfigKeys (ConfUtils.java:logGet(43)) - raft.server.snapshot.auto.trigger.enabled = true (custom)
2019-06-13 13:16:01,291 INFO  server.RaftServerConfigKeys (ConfUtils.java:logGet(43)) - raft.server.snapshot.auto.trigger.threshold = 10000 (custom)
2019-06-13 13:16:01,291 INFO  server.RaftServerConfigKeys (ConfUtils.java:logGet(43)) - raft.server.retrycache.expirytime = 600000ms (custom)
2019-06-13 13:16:01,292 INFO  impl.RaftServerImpl (RaftServerImpl.java:start(173)) - 748c7cbe-d929-4753-989a-acf8cdd3c609: start group-62A7466B6169
2019-06-13 13:16:01,292 INFO  impl.RaftServerImpl (RaftServerImpl.java:setRole(164)) - 748c7cbe-d929-4753-989a-acf8cdd3c609:group-62A7466B6169 changes role from null to FOLLOWER at term 0 for startAsFollower
2019-06-13 13:16:01,292 INFO  impl.RoleInfo (RoleInfo.java:updateAndGet(143)) - 748c7cbe-d929-4753-989a-acf8cdd3c609: start FollowerState
2019-06-13 13:16:01,291 INFO  server.RaftServerConfigKeys (ConfUtils.java:logGet(43)) - raft.server.snapshot.auto.trigger.threshold = 10000 (custom)
2019-06-13 13:16:01,291 INFO  server.RaftServerConfigKeys (ConfUtils.java:logGet(43)) - raft.server.log.queue.byte-limit = 2147483647 (custom)
2019-06-13 13:16:01,292 INFO  server.RaftServerConfigKeys (ConfUtils.java:logGet(43)) - raft.server.retrycache.expirytime = 600000ms (custom)
2019-06-13 13:16:01,292 INFO  server.RaftServerConfigKeys (ConfUtils.java:logGet(43)) - raft.server.log.queue.element-limit = 1024 (custom)
2019-06-13 13:16:01,292 INFO  impl.RaftServerImpl (RaftServerImpl.java:start(173)) - 3c6b9937-f6d9-4a9b-86d0-4aa4b9ab8916: start group-62A7466B6169
2019-06-13 13:16:01,292 INFO  util.JmxRegister (JmxRegister.java:tryRegister(44)) - Successfully registered JMX Bean with object name Ratis:service=RaftServer,group=group-62A7466B6169,id=748c7cbe-d929-4753-989a-acf8cdd3c609
2019-06-13 13:16:01,292 INFO  impl.RaftServerImpl (RaftServerImpl.java:setRole(164)) - 3c6b9937-f6d9-4a9b-86d0-4aa4b9ab8916:group-62A7466B6169 changes role from null to FOLLOWER at term 0 for startAsFollower
2019-06-13 13:16:01,292 INFO  server.RaftServerConfigKeys (ConfUtils.java:logGet(43)) - raft.server.log.segment.size.max = 16384 (custom)
2019-06-13 13:16:01,293 INFO  server.RaftServerConfigKeys (ConfUtils.java:logGet(43)) - raft.server.log.preallocated.size = 16384 (custom)
2019-06-13 13:16:01,293 INFO  server.RaftServerConfigKeys (ConfUtils.java:logGet(43)) - raft.server.log.write.buffer.size = 33554432 (custom)
2019-06-13 13:16:01,293 INFO  server.RaftServerConfigKeys (ConfUtils.java:logGet(43)) - raft.server.log.force.sync.num = 128 (default)
2019-06-13 13:16:01,293 INFO  server.RaftServerConfigKeys (ConfUtils.java:logGet(43)) - raft.server.log.statemachine.data.sync = true (default)
2019-06-13 13:16:01,293 INFO  server.RaftServerConfigKeys (ConfUtils.java:logGet(43)) - raft.server.log.statemachine.data.sync.timeout = 10s (default)
2019-06-13 13:16:01,293 INFO  server.RaftServerConfigKeys (ConfUtils.java:logGet(43)) - raft.server.log.statemachine.data.sync.timeout.retry = -1 (default)
2019-06-13 13:16:01,295 INFO  impl.RoleInfo (RoleInfo.java:updateAndGet(143)) - 3c6b9937-f6d9-4a9b-86d0-4aa4b9ab8916: start FollowerState
2019-06-13 13:16:01,295 INFO  server.RaftServerConfigKeys (ConfUtils.java:logGet(43)) - raft.server.log.statemachine.data.caching.enabled = true (custom)
2019-06-13 13:16:01,295 INFO  util.JmxRegister (JmxRegister.java:tryRegister(44)) - Successfully registered JMX Bean with object name Ratis:service=RaftServer,group=group-62A7466B6169,id=3c6b9937-f6d9-4a9b-86d0-4aa4b9ab8916
2019-06-13 13:16:01,295 INFO  server.RaftServerConfigKeys (ConfUtils.java:logGet(43)) - raft.server.snapshot.auto.trigger.enabled = true (custom)
2019-06-13 13:16:01,295 INFO  server.RaftServerConfigKeys (ConfUtils.java:logGet(43)) - raft.server.snapshot.auto.trigger.threshold = 10000 (custom)
2019-06-13 13:16:01,296 INFO  server.RaftServerConfigKeys (ConfUtils.java:logGet(43)) - raft.server.retrycache.expirytime = 600000ms (custom)
2019-06-13 13:16:01,296 INFO  impl.RaftServerImpl (RaftServerImpl.java:start(173)) - dca7ccfc-1b8b-4a50-8a17-e7b9e6be84c8: start group-62A7466B6169
2019-06-13 13:16:01,296 INFO  impl.RaftServerImpl (RaftServerImpl.java:setRole(164)) - dca7ccfc-1b8b-4a50-8a17-e7b9e6be84c8:group-62A7466B6169 changes role from null to FOLLOWER at term 0 for startAsFollower
2019-06-13 13:16:01,296 INFO  impl.RoleInfo (RoleInfo.java:updateAndGet(143)) - dca7ccfc-1b8b-4a50-8a17-e7b9e6be84c8: start FollowerState
2019-06-13 13:16:01,297 INFO  util.JmxRegister (JmxRegister.java:tryRegister(44)) - Successfully registered JMX Bean with object name Ratis:service=RaftServer,group=group-62A7466B6169,id=dca7ccfc-1b8b-4a50-8a17-e7b9e6be84c8
2019-06-13 13:16:01,315 INFO  pipeline.PipelineStateManager (PipelineStateManager.java:addPipeline(56)) - Created pipeline Pipeline[ Id: 219e4ffb-6f3f-4eb8-867d-62a7466b6169, Nodes: 748c7cbe-d929-4753-989a-acf8cdd3c609{ip: 192.168.11.242, host: ozone-zq879-1582033226, networkLocation: /default-rack, certSerialId: null}3c6b9937-f6d9-4a9b-86d0-4aa4b9ab8916{ip: 192.168.11.242, host: ozone-zq879-1582033226, networkLocation: /default-rack, certSerialId: null}dca7ccfc-1b8b-4a50-8a17-e7b9e6be84c8{ip: 192.168.11.242, host: ozone-zq879-1582033226, networkLocation: /default-rack, certSerialId: null}, Type:RATIS, Factor:THREE, State:OPEN]
2019-06-13 13:16:01,346 INFO  node.SCMNodeManager (SCMNodeManager.java:register(234)) - Registered Data node : 64dba080-2f86-4016-9bfb-3d72c918d5ea{ip: 192.168.11.242, host: ozone-zq879-1582033226, networkLocation: /default-rack, certSerialId: null}
2019-06-13 13:16:01,355 INFO  impl.RaftServerProxy (RaftServerProxy.java:addNew(89)) - 64dba080-2f86-4016-9bfb-3d72c918d5ea: addNew group-6992ED2F1B93:[64dba080-2f86-4016-9bfb-3d72c918d5ea:192.168.11.242:39209] returns group-6992ED2F1B93:java.util.concurrent.CompletableFuture@1e94b98e[Not completed]
2019-06-13 13:16:01,357 INFO  impl.RaftServerImpl (RaftServerImpl.java:<init>(91)) - 64dba080-2f86-4016-9bfb-3d72c918d5ea: new RaftServerImpl for group-6992ED2F1B93:[64dba080-2f86-4016-9bfb-3d72c918d5ea:192.168.11.242:39209] with ContainerStateMachine:uninitialized
2019-06-13 13:16:01,357 INFO  server.RaftServerConfigKeys (ConfUtils.java:logGet(43)) - raft.server.rpc.timeout.min = 1s (custom)
2019-06-13 13:16:01,357 INFO  server.RaftServerConfigKeys (ConfUtils.java:logGet(43)) - raft.server.rpc.timeout.max = 1200ms (custom)
2019-06-13 13:16:01,357 INFO  server.RaftServerConfigKeys (ConfUtils.java:logGet(43)) - raft.server.rpcslowness.timeout = 10s (custom)
2019-06-13 13:16:01,357 INFO  server.RaftServerConfigKeys (ConfUtils.java:logGet(43)) - raft.server.log.appender.install.snapshot.enabled = true (default)
2019-06-13 13:16:01,357 INFO  impl.RaftServerImpl (ServerState.java:<init>(101)) - 64dba080-2f86-4016-9bfb-3d72c918d5ea:group-6992ED2F1B93 ConfigurationManager, init=-1: [64dba080-2f86-4016-9bfb-3d72c918d5ea:192.168.11.242:39209], old=null, confs=<EMPTY_MAP>
2019-06-13 13:16:01,357 INFO  server.RaftServerConfigKeys (ConfUtils.java:logGet(43)) - raft.server.storage.dir = [/opt/src/hadoop-ozone/integration-test/target/test-dir/MiniOzoneClusterImpl-4fe650bb-7da1-4236-a4aa-4a4322002496/datanode-4/data/ratis] (custom)
2019-06-13 13:16:01,358 INFO  storage.RaftStorageDirectory (RaftStorageDirectory.java:analyzeStorage(246)) - The storage directory /opt/src/hadoop-ozone/integration-test/target/test-dir/MiniOzoneClusterImpl-4fe650bb-7da1-4236-a4aa-4a4322002496/datanode-4/data/ratis/195e2835-fdd8-428c-97be-6992ed2f1b93 does not exist. Creating ...
2019-06-13 13:16:01,360 INFO  storage.RaftStorageDirectory (RaftStorageDirectory.java:tryLock(328)) - Lock on /opt/src/hadoop-ozone/integration-test/target/test-dir/MiniOzoneClusterImpl-4fe650bb-7da1-4236-a4aa-4a4322002496/datanode-4/data/ratis/195e2835-fdd8-428c-97be-6992ed2f1b93/in_use.lock acquired by nodename 9991@ozone-zq879-1582033226
2019-06-13 13:16:01,362 INFO  storage.RaftStorage (RaftStorage.java:format(75)) - Storage directory /opt/src/hadoop-ozone/integration-test/target/test-dir/MiniOzoneClusterImpl-4fe650bb-7da1-4236-a4aa-4a4322002496/datanode-4/data/ratis/195e2835-fdd8-428c-97be-6992ed2f1b93 has been successfully formatted.
2019-06-13 13:16:01,362 INFO  ratis.ContainerStateMachine (ContainerStateMachine.java:loadSnapshot(199)) - The snapshot info is null.Setting the last applied index to:(t:0, i:~)
2019-06-13 13:16:01,362 INFO  server.RaftServerConfigKeys (ConfUtils.java:logGet(43)) - raft.server.leader.election.timeout = 10s (custom)
2019-06-13 13:16:01,362 INFO  server.RaftServerConfigKeys (ConfUtils.java:logGet(43)) - raft.server.log.use.memory = false (default)
2019-06-13 13:16:01,362 INFO  server.RaftServerConfigKeys (ConfUtils.java:logGet(43)) - raft.server.log.appender.buffer.byte-limit = 33554432 (custom)
2019-06-13 13:16:01,362 INFO  server.RaftServerConfigKeys (ConfUtils.java:logGet(43)) - raft.server.log.segment.size.max = 16384 (custom)
2019-06-13 13:16:01,362 INFO  server.RaftServerConfigKeys (ConfUtils.java:logGet(43)) - raft.server.log.segment.cache.num.max = 2 (custom)
2019-06-13 13:16:01,362 INFO  storage.RaftLogWorker (RaftLogWorker.java:<init>(123)) - new 64dba080-2f86-4016-9bfb-3d72c918d5ea-RaftLogWorker for Storage Directory /opt/src/hadoop-ozone/integration-test/target/test-dir/MiniOzoneClusterImpl-4fe650bb-7da1-4236-a4aa-4a4322002496/datanode-4/data/ratis/195e2835-fdd8-428c-97be-6992ed2f1b93
2019-06-13 13:16:01,362 INFO  server.RaftServerConfigKeys (ConfUtils.java:logGet(43)) - raft.server.log.queue.byte-limit = 2147483647 (custom)
2019-06-13 13:16:01,362 INFO  server.RaftServerConfigKeys (ConfUtils.java:logGet(43)) - raft.server.log.queue.element-limit = 1024 (custom)
2019-06-13 13:16:01,362 INFO  server.RaftServerConfigKeys (ConfUtils.java:logGet(43)) - raft.server.log.segment.size.max = 16384 (custom)
2019-06-13 13:16:01,363 INFO  server.RaftServerConfigKeys (ConfUtils.java:logGet(43)) - raft.server.log.preallocated.size = 16384 (custom)
2019-06-13 13:16:01,363 INFO  server.RaftServerConfigKeys (ConfUtils.java:logGet(43)) - raft.server.log.write.buffer.size = 33554432 (custom)
2019-06-13 13:16:01,363 INFO  server.RaftServerConfigKeys (ConfUtils.java:logGet(43)) - raft.server.log.force.sync.num = 128 (default)
2019-06-13 13:16:01,363 INFO  server.RaftServerConfigKeys (ConfUtils.java:logGet(43)) - raft.server.log.statemachine.data.sync = true (default)
2019-06-13 13:16:01,363 INFO  server.RaftServerConfigKeys (ConfUtils.java:logGet(43)) - raft.server.log.statemachine.data.sync.timeout = 10s (default)
2019-06-13 13:16:01,363 INFO  server.RaftServerConfigKeys (ConfUtils.java:logGet(43)) - raft.server.log.statemachine.data.sync.timeout.retry = -1 (default)
2019-06-13 13:16:01,363 INFO  server.RaftServerConfigKeys (ConfUtils.java:logGet(43)) - raft.server.log.statemachine.data.caching.enabled = true (custom)
2019-06-13 13:16:01,363 INFO  server.RaftServerConfigKeys (ConfUtils.java:logGet(43)) - raft.server.snapshot.auto.trigger.enabled = true (custom)
2019-06-13 13:16:01,363 INFO  server.RaftServerConfigKeys (ConfUtils.java:logGet(43)) - raft.server.snapshot.auto.trigger.threshold = 10000 (custom)
2019-06-13 13:16:01,364 INFO  server.RaftServerConfigKeys (ConfUtils.java:logGet(43)) - raft.server.retrycache.expirytime = 600000ms (custom)
2019-06-13 13:16:01,364 INFO  impl.RaftServerImpl (RaftServerImpl.java:start(173)) - 64dba080-2f86-4016-9bfb-3d72c918d5ea: start group-6992ED2F1B93
2019-06-13 13:16:01,364 INFO  impl.RaftServerImpl (RaftServerImpl.java:setRole(164)) - 64dba080-2f86-4016-9bfb-3d72c918d5ea:group-6992ED2F1B93 changes role from null to FOLLOWER at term 0 for startAsFollower
2019-06-13 13:16:01,364 INFO  impl.RoleInfo (RoleInfo.java:updateAndGet(143)) - 64dba080-2f86-4016-9bfb-3d72c918d5ea: start FollowerState
2019-06-13 13:16:01,364 INFO  util.JmxRegister (JmxRegister.java:tryRegister(44)) - Successfully registered JMX Bean with object name Ratis:service=RaftServer,group=group-6992ED2F1B93,id=64dba080-2f86-4016-9bfb-3d72c918d5ea
2019-06-13 13:16:01,369 INFO  pipeline.PipelineStateManager (PipelineStateManager.java:addPipeline(56)) - Created pipeline Pipeline[ Id: 195e2835-fdd8-428c-97be-6992ed2f1b93, Nodes: 64dba080-2f86-4016-9bfb-3d72c918d5ea{ip: 192.168.11.242, host: ozone-zq879-1582033226, networkLocation: /default-rack, certSerialId: null}, Type:RATIS, Factor:ONE, State:OPEN]
2019-06-13 13:16:01,541 INFO  ozone.MiniOzoneClusterImpl (MiniOzoneClusterImpl.java:lambda$waitForClusterToBeReady$0(142)) - Waiting for cluster to be ready. Got 5 of 6 DN Heartbeats.
2019-06-13 13:16:01,558 INFO  node.SCMNodeManager (SCMNodeManager.java:register(234)) - Registered Data node : 34aa4865-6814-4d7d-be8f-873aacfe271e{ip: 192.168.11.242, host: ozone-zq879-1582033226, networkLocation: /default-rack, certSerialId: null}
2019-06-13 13:16:01,569 INFO  impl.RaftServerProxy (RaftServerProxy.java:addNew(89)) - 34aa4865-6814-4d7d-be8f-873aacfe271e: addNew group-DD1B1FB2159E:[34aa4865-6814-4d7d-be8f-873aacfe271e:192.168.11.242:35493] returns group-DD1B1FB2159E:java.util.concurrent.CompletableFuture@3e733536[Not completed]
2019-06-13 13:16:01,569 INFO  impl.RaftServerImpl (RaftServerImpl.java:<init>(91)) - 34aa4865-6814-4d7d-be8f-873aacfe271e: new RaftServerImpl for group-DD1B1FB2159E:[34aa4865-6814-4d7d-be8f-873aacfe271e:192.168.11.242:35493] with ContainerStateMachine:uninitialized
2019-06-13 13:16:01,570 INFO  server.RaftServerConfigKeys (ConfUtils.java:logGet(43)) - raft.server.rpc.timeout.min = 1s (custom)
2019-06-13 13:16:01,570 INFO  server.RaftServerConfigKeys (ConfUtils.java:logGet(43)) - raft.server.rpc.timeout.max = 1200ms (custom)
2019-06-13 13:16:01,570 INFO  server.RaftServerConfigKeys (ConfUtils.java:logGet(43)) - raft.server.rpcslowness.timeout = 10s (custom)
2019-06-13 13:16:01,570 INFO  server.RaftServerConfigKeys (ConfUtils.java:logGet(43)) - raft.server.log.appender.install.snapshot.enabled = true (default)
2019-06-13 13:16:01,570 INFO  impl.RaftServerImpl (ServerState.java:<init>(101)) - 34aa4865-6814-4d7d-be8f-873aacfe271e:group-DD1B1FB2159E ConfigurationManager, init=-1: [34aa4865-6814-4d7d-be8f-873aacfe271e:192.168.11.242:35493], old=null, confs=<EMPTY_MAP>
2019-06-13 13:16:01,570 INFO  server.RaftServerConfigKeys (ConfUtils.java:logGet(43)) - raft.server.storage.dir = [/opt/src/hadoop-ozone/integration-test/target/test-dir/MiniOzoneClusterImpl-4fe650bb-7da1-4236-a4aa-4a4322002496/datanode-5/data/ratis] (custom)
2019-06-13 13:16:01,570 INFO  storage.RaftStorageDirectory (RaftStorageDirectory.java:analyzeStorage(246)) - The storage directory /opt/src/hadoop-ozone/integration-test/target/test-dir/MiniOzoneClusterImpl-4fe650bb-7da1-4236-a4aa-4a4322002496/datanode-5/data/ratis/78de3827-aa47-4563-9286-dd1b1fb2159e does not exist. Creating ...
2019-06-13 13:16:01,573 INFO  storage.RaftStorageDirectory (RaftStorageDirectory.java:tryLock(328)) - Lock on /opt/src/hadoop-ozone/integration-test/target/test-dir/MiniOzoneClusterImpl-4fe650bb-7da1-4236-a4aa-4a4322002496/datanode-5/data/ratis/78de3827-aa47-4563-9286-dd1b1fb2159e/in_use.lock acquired by nodename 9991@ozone-zq879-1582033226
2019-06-13 13:16:01,575 INFO  storage.RaftStorage (RaftStorage.java:format(75)) - Storage directory /opt/src/hadoop-ozone/integration-test/target/test-dir/MiniOzoneClusterImpl-4fe650bb-7da1-4236-a4aa-4a4322002496/datanode-5/data/ratis/78de3827-aa47-4563-9286-dd1b1fb2159e has been successfully formatted.
2019-06-13 13:16:01,575 INFO  ratis.ContainerStateMachine (ContainerStateMachine.java:loadSnapshot(199)) - The snapshot info is null.Setting the last applied index to:(t:0, i:~)
2019-06-13 13:16:01,575 INFO  server.RaftServerConfigKeys (ConfUtils.java:logGet(43)) - raft.server.leader.election.timeout = 10s (custom)
2019-06-13 13:16:01,575 INFO  server.RaftServerConfigKeys (ConfUtils.java:logGet(43)) - raft.server.log.use.memory = false (default)
2019-06-13 13:16:01,575 INFO  server.RaftServerConfigKeys (ConfUtils.java:logGet(43)) - raft.server.log.appender.buffer.byte-limit = 33554432 (custom)
2019-06-13 13:16:01,575 INFO  server.RaftServerConfigKeys (ConfUtils.java:logGet(43)) - raft.server.log.segment.size.max = 16384 (custom)
2019-06-13 13:16:01,575 INFO  server.RaftServerConfigKeys (ConfUtils.java:logGet(43)) - raft.server.log.segment.cache.num.max = 2 (custom)
2019-06-13 13:16:01,575 INFO  storage.RaftLogWorker (RaftLogWorker.java:<init>(123)) - new 34aa4865-6814-4d7d-be8f-873aacfe271e-RaftLogWorker for Storage Directory /opt/src/hadoop-ozone/integration-test/target/test-dir/MiniOzoneClusterImpl-4fe650bb-7da1-4236-a4aa-4a4322002496/datanode-5/data/ratis/78de3827-aa47-4563-9286-dd1b1fb2159e
2019-06-13 13:16:01,575 INFO  server.RaftServerConfigKeys (ConfUtils.java:logGet(43)) - raft.server.log.queue.byte-limit = 2147483647 (custom)
2019-06-13 13:16:01,575 INFO  server.RaftServerConfigKeys (ConfUtils.java:logGet(43)) - raft.server.log.queue.element-limit = 1024 (custom)
2019-06-13 13:16:01,576 INFO  server.RaftServerConfigKeys (ConfUtils.java:logGet(43)) - raft.server.log.segment.size.max = 16384 (custom)
2019-06-13 13:16:01,576 INFO  server.RaftServerConfigKeys (ConfUtils.java:logGet(43)) - raft.server.log.preallocated.size = 16384 (custom)
2019-06-13 13:16:01,576 INFO  server.RaftServerConfigKeys (ConfUtils.java:logGet(43)) - raft.server.log.write.buffer.size = 33554432 (custom)
2019-06-13 13:16:01,576 INFO  server.RaftServerConfigKeys (ConfUtils.java:logGet(43)) - raft.server.log.force.sync.num = 128 (default)
2019-06-13 13:16:01,576 INFO  server.RaftServerConfigKeys (ConfUtils.java:logGet(43)) - raft.server.log.statemachine.data.sync = true (default)
2019-06-13 13:16:01,576 INFO  server.RaftServerConfigKeys (ConfUtils.java:logGet(43)) - raft.server.log.statemachine.data.sync.timeout = 10s (default)
2019-06-13 13:16:01,576 INFO  server.RaftServerConfigKeys (ConfUtils.java:logGet(43)) - raft.server.log.statemachine.data.sync.timeout.retry = -1 (default)
2019-06-13 13:16:01,576 INFO  server.RaftServerConfigKeys (ConfUtils.java:logGet(43)) - raft.server.log.statemachine.data.caching.enabled = true (custom)
2019-06-13 13:16:01,577 INFO  server.RaftServerConfigKeys (ConfUtils.java:logGet(43)) - raft.server.snapshot.auto.trigger.enabled = true (custom)
2019-06-13 13:16:01,577 INFO  server.RaftServerConfigKeys (ConfUtils.java:logGet(43)) - raft.server.snapshot.auto.trigger.threshold = 10000 (custom)
2019-06-13 13:16:01,577 INFO  server.RaftServerConfigKeys (ConfUtils.java:logGet(43)) - raft.server.retrycache.expirytime = 600000ms (custom)
2019-06-13 13:16:01,577 INFO  impl.RaftServerImpl (RaftServerImpl.java:start(173)) - 34aa4865-6814-4d7d-be8f-873aacfe271e: start group-DD1B1FB2159E
2019-06-13 13:16:01,577 INFO  impl.RaftServerImpl (RaftServerImpl.java:setRole(164)) - 34aa4865-6814-4d7d-be8f-873aacfe271e:group-DD1B1FB2159E changes role from null to FOLLOWER at term 0 for startAsFollower
2019-06-13 13:16:01,577 INFO  impl.RoleInfo (RoleInfo.java:updateAndGet(143)) - 34aa4865-6814-4d7d-be8f-873aacfe271e: start FollowerState
2019-06-13 13:16:01,577 INFO  util.JmxRegister (JmxRegister.java:tryRegister(44)) - Successfully registered JMX Bean with object name Ratis:service=RaftServer,group=group-DD1B1FB2159E,id=34aa4865-6814-4d7d-be8f-873aacfe271e
2019-06-13 13:16:01,582 INFO  pipeline.PipelineStateManager (PipelineStateManager.java:addPipeline(56)) - Created pipeline Pipeline[ Id: 78de3827-aa47-4563-9286-dd1b1fb2159e, Nodes: 34aa4865-6814-4d7d-be8f-873aacfe271e{ip: 192.168.11.242, host: ozone-zq879-1582033226, networkLocation: /default-rack, certSerialId: null}, Type:RATIS, Factor:ONE, State:OPEN]
2019-06-13 13:16:01,598 INFO  impl.RaftServerProxy (RaftServerProxy.java:addNew(89)) - 34aa4865-6814-4d7d-be8f-873aacfe271e: addNew group-4711CB87E196:[64dba080-2f86-4016-9bfb-3d72c918d5ea:192.168.11.242:39209, a5130b58-ad91-4afd-a75c-f6a8628103bb:192.168.11.242:41079, 34aa4865-6814-4d7d-be8f-873aacfe271e:192.168.11.242:35493] returns group-4711CB87E196:java.util.concurrent.CompletableFuture@6ed87adc[Not completed]
2019-06-13 13:16:01,607 INFO  impl.RaftServerProxy (RaftServerProxy.java:addNew(89)) - 64dba080-2f86-4016-9bfb-3d72c918d5ea: addNew group-4711CB87E196:[64dba080-2f86-4016-9bfb-3d72c918d5ea:192.168.11.242:39209, a5130b58-ad91-4afd-a75c-f6a8628103bb:192.168.11.242:41079, 34aa4865-6814-4d7d-be8f-873aacfe271e:192.168.11.242:35493] returns group-4711CB87E196:java.util.concurrent.CompletableFuture@3eda4415[Not completed]
2019-06-13 13:16:01,607 INFO  impl.RaftServerProxy (RaftServerProxy.java:addNew(89)) - a5130b58-ad91-4afd-a75c-f6a8628103bb: addNew group-4711CB87E196:[64dba080-2f86-4016-9bfb-3d72c918d5ea:192.168.11.242:39209, a5130b58-ad91-4afd-a75c-f6a8628103bb:192.168.11.242:41079, 34aa4865-6814-4d7d-be8f-873aacfe271e:192.168.11.242:35493] returns group-4711CB87E196:java.util.concurrent.CompletableFuture@6ae7f3df[Not completed]
2019-06-13 13:16:01,609 INFO  impl.RaftServerImpl (RaftServerImpl.java:<init>(91)) - a5130b58-ad91-4afd-a75c-f6a8628103bb: new RaftServerImpl for group-4711CB87E196:[64dba080-2f86-4016-9bfb-3d72c918d5ea:192.168.11.242:39209, a5130b58-ad91-4afd-a75c-f6a8628103bb:192.168.11.242:41079, 34aa4865-6814-4d7d-be8f-873aacfe271e:192.168.11.242:35493] with ContainerStateMachine:uninitialized
2019-06-13 13:16:01,609 INFO  server.RaftServerConfigKeys (ConfUtils.java:logGet(43)) - raft.server.rpc.timeout.min = 1s (custom)
2019-06-13 13:16:01,609 INFO  server.RaftServerConfigKeys (ConfUtils.java:logGet(43)) - raft.server.rpc.timeout.max = 1200ms (custom)
2019-06-13 13:16:01,609 INFO  server.RaftServerConfigKeys (ConfUtils.java:logGet(43)) - raft.server.rpcslowness.timeout = 10s (custom)
2019-06-13 13:16:01,609 INFO  server.RaftServerConfigKeys (ConfUtils.java:logGet(43)) - raft.server.log.appender.install.snapshot.enabled = true (default)
2019-06-13 13:16:01,609 INFO  impl.RaftServerImpl (ServerState.java:<init>(101)) - a5130b58-ad91-4afd-a75c-f6a8628103bb:group-4711CB87E196 ConfigurationManager, init=-1: [64dba080-2f86-4016-9bfb-3d72c918d5ea:192.168.11.242:39209, a5130b58-ad91-4afd-a75c-f6a8628103bb:192.168.11.242:41079, 34aa4865-6814-4d7d-be8f-873aacfe271e:192.168.11.242:35493], old=null, confs=<EMPTY_MAP>
2019-06-13 13:16:01,609 INFO  server.RaftServerConfigKeys (ConfUtils.java:logGet(43)) - raft.server.storage.dir = [/opt/src/hadoop-ozone/integration-test/target/test-dir/MiniOzoneClusterImpl-4fe650bb-7da1-4236-a4aa-4a4322002496/datanode-0/data/ratis] (custom)
2019-06-13 13:16:01,610 INFO  storage.RaftStorageDirectory (RaftStorageDirectory.java:analyzeStorage(246)) - The storage directory /opt/src/hadoop-ozone/integration-test/target/test-dir/MiniOzoneClusterImpl-4fe650bb-7da1-4236-a4aa-4a4322002496/datanode-0/data/ratis/ffaf1407-47b2-49df-80a3-4711cb87e196 does not exist. Creating ...
2019-06-13 13:16:01,611 INFO  impl.RaftServerImpl (RaftServerImpl.java:<init>(91)) - 64dba080-2f86-4016-9bfb-3d72c918d5ea: new RaftServerImpl for group-4711CB87E196:[64dba080-2f86-4016-9bfb-3d72c918d5ea:192.168.11.242:39209, a5130b58-ad91-4afd-a75c-f6a8628103bb:192.168.11.242:41079, 34aa4865-6814-4d7d-be8f-873aacfe271e:192.168.11.242:35493] with ContainerStateMachine:uninitialized
2019-06-13 13:16:01,611 INFO  server.RaftServerConfigKeys (ConfUtils.java:logGet(43)) - raft.server.rpc.timeout.min = 1s (custom)
2019-06-13 13:16:01,611 INFO  server.RaftServerConfigKeys (ConfUtils.java:logGet(43)) - raft.server.rpc.timeout.max = 1200ms (custom)
2019-06-13 13:16:01,611 INFO  server.RaftServerConfigKeys (ConfUtils.java:logGet(43)) - raft.server.rpcslowness.timeout = 10s (custom)
2019-06-13 13:16:01,611 INFO  server.RaftServerConfigKeys (ConfUtils.java:logGet(43)) - raft.server.log.appender.install.snapshot.enabled = true (default)
2019-06-13 13:16:01,611 INFO  impl.RaftServerImpl (ServerState.java:<init>(101)) - 64dba080-2f86-4016-9bfb-3d72c918d5ea:group-4711CB87E196 ConfigurationManager, init=-1: [64dba080-2f86-4016-9bfb-3d72c918d5ea:192.168.11.242:39209, a5130b58-ad91-4afd-a75c-f6a8628103bb:192.168.11.242:41079, 34aa4865-6814-4d7d-be8f-873aacfe271e:192.168.11.242:35493], old=null, confs=<EMPTY_MAP>
2019-06-13 13:16:01,611 INFO  server.RaftServerConfigKeys (ConfUtils.java:logGet(43)) - raft.server.storage.dir = [/opt/src/hadoop-ozone/integration-test/target/test-dir/MiniOzoneClusterImpl-4fe650bb-7da1-4236-a4aa-4a4322002496/datanode-4/data/ratis] (custom)
2019-06-13 13:16:01,612 INFO  storage.RaftStorageDirectory (RaftStorageDirectory.java:analyzeStorage(246)) - The storage directory /opt/src/hadoop-ozone/integration-test/target/test-dir/MiniOzoneClusterImpl-4fe650bb-7da1-4236-a4aa-4a4322002496/datanode-4/data/ratis/ffaf1407-47b2-49df-80a3-4711cb87e196 does not exist. Creating ...
2019-06-13 13:16:01,612 INFO  storage.RaftStorageDirectory (RaftStorageDirectory.java:tryLock(328)) - Lock on /opt/src/hadoop-ozone/integration-test/target/test-dir/MiniOzoneClusterImpl-4fe650bb-7da1-4236-a4aa-4a4322002496/datanode-0/data/ratis/ffaf1407-47b2-49df-80a3-4711cb87e196/in_use.lock acquired by nodename 9991@ozone-zq879-1582033226
2019-06-13 13:16:01,612 INFO  impl.RaftServerImpl (RaftServerImpl.java:<init>(91)) - 34aa4865-6814-4d7d-be8f-873aacfe271e: new RaftServerImpl for group-4711CB87E196:[64dba080-2f86-4016-9bfb-3d72c918d5ea:192.168.11.242:39209, a5130b58-ad91-4afd-a75c-f6a8628103bb:192.168.11.242:41079, 34aa4865-6814-4d7d-be8f-873aacfe271e:192.168.11.242:35493] with ContainerStateMachine:uninitialized
2019-06-13 13:16:01,612 INFO  server.RaftServerConfigKeys (ConfUtils.java:logGet(43)) - raft.server.rpc.timeout.min = 1s (custom)
2019-06-13 13:16:01,612 INFO  server.RaftServerConfigKeys (ConfUtils.java:logGet(43)) - raft.server.rpc.timeout.max = 1200ms (custom)
2019-06-13 13:16:01,612 INFO  server.RaftServerConfigKeys (ConfUtils.java:logGet(43)) - raft.server.rpcslowness.timeout = 10s (custom)
2019-06-13 13:16:01,612 INFO  server.RaftServerConfigKeys (ConfUtils.java:logGet(43)) - raft.server.log.appender.install.snapshot.enabled = true (default)
2019-06-13 13:16:01,612 INFO  impl.RaftServerImpl (ServerState.java:<init>(101)) - 34aa4865-6814-4d7d-be8f-873aacfe271e:group-4711CB87E196 ConfigurationManager, init=-1: [64dba080-2f86-4016-9bfb-3d72c918d5ea:192.168.11.242:39209, a5130b58-ad91-4afd-a75c-f6a8628103bb:192.168.11.242:41079, 34aa4865-6814-4d7d-be8f-873aacfe271e:192.168.11.242:35493], old=null, confs=<EMPTY_MAP>
2019-06-13 13:16:01,613 INFO  server.RaftServerConfigKeys (ConfUtils.java:logGet(43)) - raft.server.storage.dir = [/opt/src/hadoop-ozone/integration-test/target/test-dir/MiniOzoneClusterImpl-4fe650bb-7da1-4236-a4aa-4a4322002496/datanode-5/data/ratis] (custom)
2019-06-13 13:16:01,613 INFO  storage.RaftStorageDirectory (RaftStorageDirectory.java:analyzeStorage(246)) - The storage directory /opt/src/hadoop-ozone/integration-test/target/test-dir/MiniOzoneClusterImpl-4fe650bb-7da1-4236-a4aa-4a4322002496/datanode-5/data/ratis/ffaf1407-47b2-49df-80a3-4711cb87e196 does not exist. Creating ...
2019-06-13 13:16:01,614 INFO  storage.RaftStorageDirectory (RaftStorageDirectory.java:tryLock(328)) - Lock on /opt/src/hadoop-ozone/integration-test/target/test-dir/MiniOzoneClusterImpl-4fe650bb-7da1-4236-a4aa-4a4322002496/datanode-4/data/ratis/ffaf1407-47b2-49df-80a3-4711cb87e196/in_use.lock acquired by nodename 9991@ozone-zq879-1582033226
2019-06-13 13:16:01,615 INFO  storage.RaftStorageDirectory (RaftStorageDirectory.java:tryLock(328)) - Lock on /opt/src/hadoop-ozone/integration-test/target/test-dir/MiniOzoneClusterImpl-4fe650bb-7da1-4236-a4aa-4a4322002496/datanode-5/data/ratis/ffaf1407-47b2-49df-80a3-4711cb87e196/in_use.lock acquired by nodename 9991@ozone-zq879-1582033226
2019-06-13 13:16:01,615 INFO  storage.RaftStorage (RaftStorage.java:format(75)) - Storage directory /opt/src/hadoop-ozone/integration-test/target/test-dir/MiniOzoneClusterImpl-4fe650bb-7da1-4236-a4aa-4a4322002496/datanode-0/data/ratis/ffaf1407-47b2-49df-80a3-4711cb87e196 has been successfully formatted.
2019-06-13 13:16:01,615 INFO  ratis.ContainerStateMachine (ContainerStateMachine.java:loadSnapshot(199)) - The snapshot info is null.Setting the last applied index to:(t:0, i:~)
2019-06-13 13:16:01,615 INFO  server.RaftServerConfigKeys (ConfUtils.java:logGet(43)) - raft.server.leader.election.timeout = 10s (custom)
2019-06-13 13:16:01,616 INFO  server.RaftServerConfigKeys (ConfUtils.java:logGet(43)) - raft.server.log.use.memory = false (default)
2019-06-13 13:16:01,616 INFO  server.RaftServerConfigKeys (ConfUtils.java:logGet(43)) - raft.server.log.appender.buffer.byte-limit = 33554432 (custom)
2019-06-13 13:16:01,616 INFO  server.RaftServerConfigKeys (ConfUtils.java:logGet(43)) - raft.server.log.segment.size.max = 16384 (custom)
2019-06-13 13:16:01,616 INFO  server.RaftServerConfigKeys (ConfUtils.java:logGet(43)) - raft.server.log.segment.cache.num.max = 2 (custom)
2019-06-13 13:16:01,616 INFO  storage.RaftLogWorker (RaftLogWorker.java:<init>(123)) - new a5130b58-ad91-4afd-a75c-f6a8628103bb-RaftLogWorker for Storage Directory /opt/src/hadoop-ozone/integration-test/target/test-dir/MiniOzoneClusterImpl-4fe650bb-7da1-4236-a4aa-4a4322002496/datanode-0/data/ratis/ffaf1407-47b2-49df-80a3-4711cb87e196
2019-06-13 13:16:01,616 INFO  server.RaftServerConfigKeys (ConfUtils.java:logGet(43)) - raft.server.log.queue.byte-limit = 2147483647 (custom)
2019-06-13 13:16:01,616 INFO  server.RaftServerConfigKeys (ConfUtils.java:logGet(43)) - raft.server.log.queue.element-limit = 1024 (custom)
2019-06-13 13:16:01,616 INFO  server.RaftServerConfigKeys (ConfUtils.java:logGet(43)) - raft.server.log.segment.size.max = 16384 (custom)
2019-06-13 13:16:01,616 INFO  server.RaftServerConfigKeys (ConfUtils.java:logGet(43)) - raft.server.log.preallocated.size = 16384 (custom)
2019-06-13 13:16:01,616 INFO  server.RaftServerConfigKeys (ConfUtils.java:logGet(43)) - raft.server.log.write.buffer.size = 33554432 (custom)
2019-06-13 13:16:01,616 INFO  server.RaftServerConfigKeys (ConfUtils.java:logGet(43)) - raft.server.log.force.sync.num = 128 (default)
2019-06-13 13:16:01,616 INFO  server.RaftServerConfigKeys (ConfUtils.java:logGet(43)) - raft.server.log.statemachine.data.sync = true (default)
2019-06-13 13:16:01,616 INFO  storage.RaftStorage (RaftStorage.java:format(75)) - Storage directory /opt/src/hadoop-ozone/integration-test/target/test-dir/MiniOzoneClusterImpl-4fe650bb-7da1-4236-a4aa-4a4322002496/datanode-4/data/ratis/ffaf1407-47b2-49df-80a3-4711cb87e196 has been successfully formatted.
2019-06-13 13:16:01,617 INFO  server.RaftServerConfigKeys (ConfUtils.java:logGet(43)) - raft.server.log.statemachine.data.sync.timeout = 10s (default)
2019-06-13 13:16:01,617 INFO  server.RaftServerConfigKeys (ConfUtils.java:logGet(43)) - raft.server.log.statemachine.data.sync.timeout.retry = -1 (default)
2019-06-13 13:16:01,617 INFO  server.RaftServerConfigKeys (ConfUtils.java:logGet(43)) - raft.server.log.statemachine.data.caching.enabled = true (custom)
2019-06-13 13:16:01,617 INFO  ratis.ContainerStateMachine (ContainerStateMachine.java:loadSnapshot(199)) - The snapshot info is null.Setting the last applied index to:(t:0, i:~)
2019-06-13 13:16:01,617 INFO  server.RaftServerConfigKeys (ConfUtils.java:logGet(43)) - raft.server.leader.election.timeout = 10s (custom)
2019-06-13 13:16:01,617 INFO  server.RaftServerConfigKeys (ConfUtils.java:logGet(43)) - raft.server.log.use.memory = false (default)
2019-06-13 13:16:01,617 INFO  server.RaftServerConfigKeys (ConfUtils.java:logGet(43)) - raft.server.log.appender.buffer.byte-limit = 33554432 (custom)
2019-06-13 13:16:01,618 INFO  storage.RaftStorage (RaftStorage.java:format(75)) - Storage directory /opt/src/hadoop-ozone/integration-test/target/test-dir/MiniOzoneClusterImpl-4fe650bb-7da1-4236-a4aa-4a4322002496/datanode-5/data/ratis/ffaf1407-47b2-49df-80a3-4711cb87e196 has been successfully formatted.
2019-06-13 13:16:01,618 INFO  server.RaftServerConfigKeys (ConfUtils.java:logGet(43)) - raft.server.snapshot.auto.trigger.enabled = true (custom)
2019-06-13 13:16:01,618 INFO  ratis.ContainerStateMachine (ContainerStateMachine.java:loadSnapshot(199)) - The snapshot info is null.Setting the last applied index to:(t:0, i:~)
2019-06-13 13:16:01,618 INFO  server.RaftServerConfigKeys (ConfUtils.java:logGet(43)) - raft.server.log.segment.size.max = 16384 (custom)
2019-06-13 13:16:01,618 INFO  server.RaftServerConfigKeys (ConfUtils.java:logGet(43)) - raft.server.log.segment.cache.num.max = 2 (custom)
2019-06-13 13:16:01,618 INFO  storage.RaftLogWorker (RaftLogWorker.java:<init>(123)) - new 64dba080-2f86-4016-9bfb-3d72c918d5ea-RaftLogWorker for Storage Directory /opt/src/hadoop-ozone/integration-test/target/test-dir/MiniOzoneClusterImpl-4fe650bb-7da1-4236-a4aa-4a4322002496/datanode-4/data/ratis/ffaf1407-47b2-49df-80a3-4711cb87e196
2019-06-13 13:16:01,618 INFO  server.RaftServerConfigKeys (ConfUtils.java:logGet(43)) - raft.server.log.queue.byte-limit = 2147483647 (custom)
2019-06-13 13:16:01,618 INFO  server.RaftServerConfigKeys (ConfUtils.java:logGet(43)) - raft.server.log.queue.element-limit = 1024 (custom)
2019-06-13 13:16:01,618 INFO  server.RaftServerConfigKeys (ConfUtils.java:logGet(43)) - raft.server.log.segment.size.max = 16384 (custom)
2019-06-13 13:16:01,618 INFO  server.RaftServerConfigKeys (ConfUtils.java:logGet(43)) - raft.server.log.preallocated.size = 16384 (custom)
2019-06-13 13:16:01,619 INFO  server.RaftServerConfigKeys (ConfUtils.java:logGet(43)) - raft.server.log.write.buffer.size = 33554432 (custom)
2019-06-13 13:16:01,619 INFO  server.RaftServerConfigKeys (ConfUtils.java:logGet(43)) - raft.server.log.force.sync.num = 128 (default)
2019-06-13 13:16:01,619 INFO  server.RaftServerConfigKeys (ConfUtils.java:logGet(43)) - raft.server.log.statemachine.data.sync = true (default)
2019-06-13 13:16:01,619 INFO  server.RaftServerConfigKeys (ConfUtils.java:logGet(43)) - raft.server.log.statemachine.data.sync.timeout = 10s (default)
2019-06-13 13:16:01,619 INFO  server.RaftServerConfigKeys (ConfUtils.java:logGet(43)) - raft.server.log.statemachine.data.sync.timeout.retry = -1 (default)
2019-06-13 13:16:01,619 INFO  server.RaftServerConfigKeys (ConfUtils.java:logGet(43)) - raft.server.log.statemachine.data.caching.enabled = true (custom)
2019-06-13 13:16:01,618 INFO  server.RaftServerConfigKeys (ConfUtils.java:logGet(43)) - raft.server.leader.election.timeout = 10s (custom)
2019-06-13 13:16:01,619 INFO  server.RaftServerConfigKeys (ConfUtils.java:logGet(43)) - raft.server.log.use.memory = false (default)
2019-06-13 13:16:01,619 INFO  server.RaftServerConfigKeys (ConfUtils.java:logGet(43)) - raft.server.log.appender.buffer.byte-limit = 33554432 (custom)
2019-06-13 13:16:01,619 INFO  server.RaftServerConfigKeys (ConfUtils.java:logGet(43)) - raft.server.log.segment.size.max = 16384 (custom)
2019-06-13 13:16:01,619 INFO  server.RaftServerConfigKeys (ConfUtils.java:logGet(43)) - raft.server.log.segment.cache.num.max = 2 (custom)
2019-06-13 13:16:01,620 INFO  storage.RaftLogWorker (RaftLogWorker.java:<init>(123)) - new 34aa4865-6814-4d7d-be8f-873aacfe271e-RaftLogWorker for Storage Directory /opt/src/hadoop-ozone/integration-test/target/test-dir/MiniOzoneClusterImpl-4fe650bb-7da1-4236-a4aa-4a4322002496/datanode-5/data/ratis/ffaf1407-47b2-49df-80a3-4711cb87e196
2019-06-13 13:16:01,620 INFO  server.RaftServerConfigKeys (ConfUtils.java:logGet(43)) - raft.server.log.queue.byte-limit = 2147483647 (custom)
2019-06-13 13:16:01,620 INFO  server.RaftServerConfigKeys (ConfUtils.java:logGet(43)) - raft.server.log.queue.element-limit = 1024 (custom)
2019-06-13 13:16:01,620 INFO  server.RaftServerConfigKeys (ConfUtils.java:logGet(43)) - raft.server.log.segment.size.max = 16384 (custom)
2019-06-13 13:16:01,620 INFO  server.RaftServerConfigKeys (ConfUtils.java:logGet(43)) - raft.server.log.preallocated.size = 16384 (custom)
2019-06-13 13:16:01,620 INFO  server.RaftServerConfigKeys (ConfUtils.java:logGet(43)) - raft.server.log.write.buffer.size = 33554432 (custom)
2019-06-13 13:16:01,620 INFO  server.RaftServerConfigKeys (ConfUtils.java:logGet(43)) - raft.server.log.force.sync.num = 128 (default)
2019-06-13 13:16:01,620 INFO  server.RaftServerConfigKeys (ConfUtils.java:logGet(43)) - raft.server.log.statemachine.data.sync = true (default)
2019-06-13 13:16:01,620 INFO  server.RaftServerConfigKeys (ConfUtils.java:logGet(43)) - raft.server.log.statemachine.data.sync.timeout = 10s (default)
2019-06-13 13:16:01,620 INFO  server.RaftServerConfigKeys (ConfUtils.java:logGet(43)) - raft.server.log.statemachine.data.sync.timeout.retry = -1 (default)
2019-06-13 13:16:01,621 INFO  server.RaftServerConfigKeys (ConfUtils.java:logGet(43)) - raft.server.log.statemachine.data.caching.enabled = true (custom)
2019-06-13 13:16:01,618 INFO  server.RaftServerConfigKeys (ConfUtils.java:logGet(43)) - raft.server.snapshot.auto.trigger.threshold = 10000 (custom)
2019-06-13 13:16:01,619 INFO  server.RaftServerConfigKeys (ConfUtils.java:logGet(43)) - raft.server.snapshot.auto.trigger.enabled = true (custom)
2019-06-13 13:16:01,621 INFO  server.RaftServerConfigKeys (ConfUtils.java:logGet(43)) - raft.server.snapshot.auto.trigger.threshold = 10000 (custom)
2019-06-13 13:16:01,621 INFO  server.RaftServerConfigKeys (ConfUtils.java:logGet(43)) - raft.server.snapshot.auto.trigger.enabled = true (custom)
2019-06-13 13:16:01,621 INFO  server.RaftServerConfigKeys (ConfUtils.java:logGet(43)) - raft.server.snapshot.auto.trigger.threshold = 10000 (custom)
2019-06-13 13:16:01,622 INFO  server.RaftServerConfigKeys (ConfUtils.java:logGet(43)) - raft.server.retrycache.expirytime = 600000ms (custom)
2019-06-13 13:16:01,622 INFO  impl.RaftServerImpl (RaftServerImpl.java:start(173)) - 34aa4865-6814-4d7d-be8f-873aacfe271e: start group-4711CB87E196
2019-06-13 13:16:01,622 INFO  impl.RaftServerImpl (RaftServerImpl.java:setRole(164)) - 34aa4865-6814-4d7d-be8f-873aacfe271e:group-4711CB87E196 changes role from null to FOLLOWER at term 0 for startAsFollower
2019-06-13 13:16:01,622 INFO  impl.RoleInfo (RoleInfo.java:updateAndGet(143)) - 34aa4865-6814-4d7d-be8f-873aacfe271e: start FollowerState
2019-06-13 13:16:01,623 INFO  server.RaftServerConfigKeys (ConfUtils.java:logGet(43)) - raft.server.retrycache.expirytime = 600000ms (custom)
2019-06-13 13:16:01,623 INFO  util.JmxRegister (JmxRegister.java:tryRegister(44)) - Successfully registered JMX Bean with object name Ratis:service=RaftServer,group=group-4711CB87E196,id=34aa4865-6814-4d7d-be8f-873aacfe271e
2019-06-13 13:16:01,623 INFO  impl.RaftServerImpl (RaftServerImpl.java:start(173)) - 64dba080-2f86-4016-9bfb-3d72c918d5ea: start group-4711CB87E196
2019-06-13 13:16:01,623 INFO  impl.RaftServerImpl (RaftServerImpl.java:setRole(164)) - 64dba080-2f86-4016-9bfb-3d72c918d5ea:group-4711CB87E196 changes role from null to FOLLOWER at term 0 for startAsFollower
2019-06-13 13:16:01,624 INFO  impl.RoleInfo (RoleInfo.java:updateAndGet(143)) - 64dba080-2f86-4016-9bfb-3d72c918d5ea: start FollowerState
2019-06-13 13:16:01,624 INFO  server.RaftServerConfigKeys (ConfUtils.java:logGet(43)) - raft.server.retrycache.expirytime = 600000ms (custom)
2019-06-13 13:16:01,625 INFO  impl.RaftServerImpl (RaftServerImpl.java:start(173)) - a5130b58-ad91-4afd-a75c-f6a8628103bb: start group-4711CB87E196
2019-06-13 13:16:01,625 INFO  impl.RaftServerImpl (RaftServerImpl.java:setRole(164)) - a5130b58-ad91-4afd-a75c-f6a8628103bb:group-4711CB87E196 changes role from null to FOLLOWER at term 0 for startAsFollower
2019-06-13 13:16:01,631 INFO  util.JmxRegister (JmxRegister.java:tryRegister(44)) - Successfully registered JMX Bean with object name Ratis:service=RaftServer,group=group-4711CB87E196,id=64dba080-2f86-4016-9bfb-3d72c918d5ea
2019-06-13 13:16:01,631 INFO  impl.RoleInfo (RoleInfo.java:updateAndGet(143)) - a5130b58-ad91-4afd-a75c-f6a8628103bb: start FollowerState
2019-06-13 13:16:01,642 INFO  util.JmxRegister (JmxRegister.java:tryRegister(44)) - Successfully registered JMX Bean with object name Ratis:service=RaftServer,group=group-4711CB87E196,id=a5130b58-ad91-4afd-a75c-f6a8628103bb
2019-06-13 13:16:01,650 INFO  pipeline.PipelineStateManager (PipelineStateManager.java:addPipeline(56)) - Created pipeline Pipeline[ Id: ffaf1407-47b2-49df-80a3-4711cb87e196, Nodes: 64dba080-2f86-4016-9bfb-3d72c918d5ea{ip: 192.168.11.242, host: ozone-zq879-1582033226, networkLocation: /default-rack, certSerialId: null}34aa4865-6814-4d7d-be8f-873aacfe271e{ip: 192.168.11.242, host: ozone-zq879-1582033226, networkLocation: /default-rack, certSerialId: null}a5130b58-ad91-4afd-a75c-f6a8628103bb{ip: 192.168.11.242, host: ozone-zq879-1582033226, networkLocation: /default-rack, certSerialId: null}, Type:RATIS, Factor:THREE, State:OPEN]
2019-06-13 13:16:02,130 INFO  impl.FollowerState (FollowerState.java:run(101)) - 748c7cbe-d929-4753-989a-acf8cdd3c609:group-FC2DE9D9A7D8 changes to CANDIDATE, lastRpcTime:1024, electionTimeout:1019ms
2019-06-13 13:16:02,130 INFO  impl.RoleInfo (RoleInfo.java:shutdownFollowerState(121)) - 748c7cbe-d929-4753-989a-acf8cdd3c609: shutdown FollowerState
2019-06-13 13:16:02,130 INFO  impl.RaftServerImpl (RaftServerImpl.java:setRole(164)) - 748c7cbe-d929-4753-989a-acf8cdd3c609:group-FC2DE9D9A7D8 changes role from FOLLOWER to CANDIDATE at term 0 for changeToCandidate
2019-06-13 13:16:02,132 INFO  impl.RoleInfo (RoleInfo.java:updateAndGet(143)) - 748c7cbe-d929-4753-989a-acf8cdd3c609: start LeaderElection
2019-06-13 13:16:02,138 INFO  impl.LeaderElection (LeaderElection.java:askForVotes(181)) - 748c7cbe-d929-4753-989a-acf8cdd3c609:group-FC2DE9D9A7D8:LeaderElection1: begin an election at term 1 for -1: [748c7cbe-d929-4753-989a-acf8cdd3c609:192.168.11.242:40589], old=null
2019-06-13 13:16:02,140 INFO  impl.RoleInfo (RoleInfo.java:shutdownLeaderElection(134)) - 748c7cbe-d929-4753-989a-acf8cdd3c609: shutdown LeaderElection
2019-06-13 13:16:02,141 INFO  impl.RaftServerImpl (RaftServerImpl.java:setRole(164)) - 748c7cbe-d929-4753-989a-acf8cdd3c609:group-FC2DE9D9A7D8 changes role from CANDIDATE to LEADER at term 1 for changeToLeader
2019-06-13 13:16:02,141 INFO  impl.RaftServerImpl (ServerState.java:setLeader(263)) - 748c7cbe-d929-4753-989a-acf8cdd3c609:group-FC2DE9D9A7D8 change Leader from null to 748c7cbe-d929-4753-989a-acf8cdd3c609 at term 1 for becomeLeader, leader elected after 1040ms
2019-06-13 13:16:02,145 INFO  server.RaftServerConfigKeys (ConfUtils.java:logGet(43)) - raft.server.staging.catchup.gap = 1000 (default)
2019-06-13 13:16:02,145 INFO  server.RaftServerConfigKeys (ConfUtils.java:logGet(43)) - raft.server.rpc.sleep.time = 25ms (default)
2019-06-13 13:16:02,148 INFO  server.RaftServerConfigKeys (ConfUtils.java:logGet(43)) - raft.server.watch.timeout = 10s (default)
2019-06-13 13:16:02,148 INFO  server.RaftServerConfigKeys (ConfUtils.java:logGet(43)) - raft.server.watch.timeout.denomination = 1s (default)
2019-06-13 13:16:02,154 INFO  impl.RoleInfo (RoleInfo.java:updateAndGet(143)) - 748c7cbe-d929-4753-989a-acf8cdd3c609: start LeaderState
2019-06-13 13:16:02,171 INFO  storage.RaftLogWorker (RaftLogWorker.java:startLogSegment(298)) - 748c7cbe-d929-4753-989a-acf8cdd3c609-RaftLogWorker: Starting segment from index:0
2019-06-13 13:16:02,188 INFO  impl.RaftServerImpl (ServerState.java:setRaftConf(361)) - 748c7cbe-d929-4753-989a-acf8cdd3c609:group-FC2DE9D9A7D8 set configuration 0: [748c7cbe-d929-4753-989a-acf8cdd3c609:192.168.11.242:40589], old=null at 0
2019-06-13 13:16:02,223 INFO  impl.FollowerState (FollowerState.java:run(101)) - a5130b58-ad91-4afd-a75c-f6a8628103bb:group-CB167A2E40E3 changes to CANDIDATE, lastRpcTime:1197, electionTimeout:1197ms
2019-06-13 13:16:02,225 INFO  impl.RoleInfo (RoleInfo.java:shutdownFollowerState(121)) - a5130b58-ad91-4afd-a75c-f6a8628103bb: shutdown FollowerState
2019-06-13 13:16:02,225 INFO  impl.RaftServerImpl (RaftServerImpl.java:setRole(164)) - a5130b58-ad91-4afd-a75c-f6a8628103bb:group-CB167A2E40E3 changes role from FOLLOWER to CANDIDATE at term 0 for changeToCandidate
2019-06-13 13:16:02,225 INFO  impl.RoleInfo (RoleInfo.java:updateAndGet(143)) - a5130b58-ad91-4afd-a75c-f6a8628103bb: start LeaderElection
2019-06-13 13:16:02,229 INFO  impl.LeaderElection (LeaderElection.java:askForVotes(181)) - a5130b58-ad91-4afd-a75c-f6a8628103bb:group-CB167A2E40E3:LeaderElection2: begin an election at term 1 for -1: [a5130b58-ad91-4afd-a75c-f6a8628103bb:192.168.11.242:41079], old=null
2019-06-13 13:16:02,230 INFO  impl.RoleInfo (RoleInfo.java:shutdownLeaderElection(134)) - a5130b58-ad91-4afd-a75c-f6a8628103bb: shutdown LeaderElection
2019-06-13 13:16:02,230 INFO  impl.RaftServerImpl (RaftServerImpl.java:setRole(164)) - a5130b58-ad91-4afd-a75c-f6a8628103bb:group-CB167A2E40E3 changes role from CANDIDATE to LEADER at term 1 for changeToLeader
2019-06-13 13:16:02,230 INFO  impl.RaftServerImpl (ServerState.java:setLeader(263)) - a5130b58-ad91-4afd-a75c-f6a8628103bb:group-CB167A2E40E3 change Leader from null to a5130b58-ad91-4afd-a75c-f6a8628103bb at term 1 for becomeLeader, leader elected after 1402ms
2019-06-13 13:16:02,230 INFO  server.RaftServerConfigKeys (ConfUtils.java:logGet(43)) - raft.server.staging.catchup.gap = 1000 (default)
2019-06-13 13:16:02,230 INFO  server.RaftServerConfigKeys (ConfUtils.java:logGet(43)) - raft.server.rpc.sleep.time = 25ms (default)
2019-06-13 13:16:02,230 INFO  server.RaftServerConfigKeys (ConfUtils.java:logGet(43)) - raft.server.watch.timeout = 10s (default)
2019-06-13 13:16:02,230 INFO  server.RaftServerConfigKeys (ConfUtils.java:logGet(43)) - raft.server.watch.timeout.denomination = 1s (default)
2019-06-13 13:16:02,230 INFO  impl.RoleInfo (RoleInfo.java:updateAndGet(143)) - a5130b58-ad91-4afd-a75c-f6a8628103bb: start LeaderState
2019-06-13 13:16:02,230 INFO  storage.RaftLogWorker (RaftLogWorker.java:startLogSegment(298)) - a5130b58-ad91-4afd-a75c-f6a8628103bb-RaftLogWorker: Starting segment from index:0
2019-06-13 13:16:02,231 INFO  impl.RaftServerImpl (ServerState.java:setRaftConf(361)) - a5130b58-ad91-4afd-a75c-f6a8628103bb:group-CB167A2E40E3 set configuration 0: [a5130b58-ad91-4afd-a75c-f6a8628103bb:192.168.11.242:41079], old=null at 0
2019-06-13 13:16:02,243 INFO  impl.FollowerState (FollowerState.java:run(101)) - 3c6b9937-f6d9-4a9b-86d0-4aa4b9ab8916:group-B71212C6CDA6 changes to CANDIDATE, lastRpcTime:1056, electionTimeout:1056ms
2019-06-13 13:16:02,243 INFO  impl.RoleInfo (RoleInfo.java:shutdownFollowerState(121)) - 3c6b9937-f6d9-4a9b-86d0-4aa4b9ab8916: shutdown FollowerState
2019-06-13 13:16:02,243 INFO  impl.RaftServerImpl (RaftServerImpl.java:setRole(164)) - 3c6b9937-f6d9-4a9b-86d0-4aa4b9ab8916:group-B71212C6CDA6 changes role from FOLLOWER to CANDIDATE at term 0 for changeToCandidate
2019-06-13 13:16:02,243 INFO  impl.RoleInfo (RoleInfo.java:updateAndGet(143)) - 3c6b9937-f6d9-4a9b-86d0-4aa4b9ab8916: start LeaderElection
2019-06-13 13:16:02,248 INFO  impl.FollowerState (FollowerState.java:run(101)) - dca7ccfc-1b8b-4a50-8a17-e7b9e6be84c8:group-AFB85F03013E changes to CANDIDATE, lastRpcTime:1012, electionTimeout:1008ms
2019-06-13 13:16:02,248 INFO  impl.RoleInfo (RoleInfo.java:shutdownFollowerState(121)) - dca7ccfc-1b8b-4a50-8a17-e7b9e6be84c8: shutdown FollowerState
2019-06-13 13:16:02,248 INFO  impl.RaftServerImpl (RaftServerImpl.java:setRole(164)) - dca7ccfc-1b8b-4a50-8a17-e7b9e6be84c8:group-AFB85F03013E changes role from FOLLOWER to CANDIDATE at term 0 for changeToCandidate
2019-06-13 13:16:02,248 INFO  impl.RoleInfo (RoleInfo.java:updateAndGet(143)) - dca7ccfc-1b8b-4a50-8a17-e7b9e6be84c8: start LeaderElection
2019-06-13 13:16:02,255 WARN  impl.FollowerState (FollowerState.java:run(113)) - dca7ccfc-1b8b-4a50-8a17-e7b9e6be84c8: FollowerState caught an exception
java.lang.IllegalStateException: ILLEGAL TRANSITION: In dca7ccfc-1b8b-4a50-8a17-e7b9e6be84c8:group-AFB85F03013E:LeaderElection4, CLOSED -> RUNNING
	at org.apache.ratis.util.Preconditions.assertTrue(Preconditions.java:60)
	at org.apache.ratis.util.LifeCycle$State.validate(LifeCycle.java:123)
	at org.apache.ratis.util.LifeCycle.transition(LifeCycle.java:143)
	at org.apache.ratis.util.LifeCycle.startAndTransition(LifeCycle.java:203)
	at org.apache.ratis.server.impl.LeaderElection.start(LeaderElection.java:120)
	at org.apache.ratis.server.impl.RoleInfo.startLeaderElection(RoleInfo.java:128)
	at org.apache.ratis.server.impl.RaftServerImpl.changeToCandidate(RaftServerImpl.java:404)
	at org.apache.ratis.server.impl.FollowerState.run(FollowerState.java:104)
2019-06-13 13:16:02,257 INFO  impl.LeaderElection (LeaderElection.java:askForVotes(181)) - 3c6b9937-f6d9-4a9b-86d0-4aa4b9ab8916:group-B71212C6CDA6:LeaderElection3: begin an election at term 1 for -1: [3c6b9937-f6d9-4a9b-86d0-4aa4b9ab8916:192.168.11.242:38285], old=null
2019-06-13 13:16:02,257 INFO  impl.RoleInfo (RoleInfo.java:shutdownLeaderElection(134)) - 3c6b9937-f6d9-4a9b-86d0-4aa4b9ab8916: shutdown LeaderElection
2019-06-13 13:16:02,257 INFO  impl.RaftServerImpl (RaftServerImpl.java:setRole(164)) - 3c6b9937-f6d9-4a9b-86d0-4aa4b9ab8916:group-B71212C6CDA6 changes role from CANDIDATE to LEADER at term 1 for changeToLeader
2019-06-13 13:16:02,257 INFO  impl.RaftServerImpl (ServerState.java:setLeader(263)) - 3c6b9937-f6d9-4a9b-86d0-4aa4b9ab8916:group-B71212C6CDA6 change Leader from null to 3c6b9937-f6d9-4a9b-86d0-4aa4b9ab8916 at term 1 for becomeLeader, leader elected after 1074ms
2019-06-13 13:16:02,258 INFO  server.RaftServerConfigKeys (ConfUtils.java:logGet(43)) - raft.server.staging.catchup.gap = 1000 (default)
2019-06-13 13:16:02,258 INFO  server.RaftServerConfigKeys (ConfUtils.java:logGet(43)) - raft.server.rpc.sleep.time = 25ms (default)
2019-06-13 13:16:02,258 INFO  server.RaftServerConfigKeys (ConfUtils.java:logGet(43)) - raft.server.watch.timeout = 10s (default)
2019-06-13 13:16:02,258 INFO  server.RaftServerConfigKeys (ConfUtils.java:logGet(43)) - raft.server.watch.timeout.denomination = 1s (default)
2019-06-13 13:16:02,258 INFO  impl.RoleInfo (RoleInfo.java:updateAndGet(143)) - 3c6b9937-f6d9-4a9b-86d0-4aa4b9ab8916: start LeaderState
2019-06-13 13:16:02,259 INFO  storage.RaftLogWorker (RaftLogWorker.java:startLogSegment(298)) - 3c6b9937-f6d9-4a9b-86d0-4aa4b9ab8916-RaftLogWorker: Starting segment from index:0
2019-06-13 13:16:02,259 INFO  impl.RaftServerImpl (ServerState.java:setRaftConf(361)) - 3c6b9937-f6d9-4a9b-86d0-4aa4b9ab8916:group-B71212C6CDA6 set configuration 0: [3c6b9937-f6d9-4a9b-86d0-4aa4b9ab8916:192.168.11.242:38285], old=null at 0
2019-06-13 13:16:02,323 INFO  impl.FollowerState (FollowerState.java:run(101)) - 3c6b9937-f6d9-4a9b-86d0-4aa4b9ab8916:group-62A7466B6169 changes to CANDIDATE, lastRpcTime:1028, electionTimeout:1028ms
2019-06-13 13:16:02,324 INFO  impl.RoleInfo (RoleInfo.java:shutdownFollowerState(121)) - 3c6b9937-f6d9-4a9b-86d0-4aa4b9ab8916: shutdown FollowerState
2019-06-13 13:16:02,324 INFO  impl.RaftServerImpl (RaftServerImpl.java:setRole(164)) - 3c6b9937-f6d9-4a9b-86d0-4aa4b9ab8916:group-62A7466B6169 changes role from FOLLOWER to CANDIDATE at term 0 for changeToCandidate
2019-06-13 13:16:02,324 INFO  impl.RoleInfo (RoleInfo.java:updateAndGet(143)) - 3c6b9937-f6d9-4a9b-86d0-4aa4b9ab8916: start LeaderElection
2019-06-13 13:16:02,354 INFO  impl.FollowerState (FollowerState.java:run(101)) - dca7ccfc-1b8b-4a50-8a17-e7b9e6be84c8:group-62A7466B6169 changes to CANDIDATE, lastRpcTime:1058, electionTimeout:1047ms
2019-06-13 13:16:02,354 INFO  impl.RoleInfo (RoleInfo.java:shutdownFollowerState(121)) - dca7ccfc-1b8b-4a50-8a17-e7b9e6be84c8: shutdown FollowerState
2019-06-13 13:16:02,354 INFO  impl.RaftServerImpl (RaftServerImpl.java:setRole(164)) - dca7ccfc-1b8b-4a50-8a17-e7b9e6be84c8:group-62A7466B6169 changes role from FOLLOWER to CANDIDATE at term 0 for changeToCandidate
2019-06-13 13:16:02,377 INFO  impl.RoleInfo (RoleInfo.java:updateAndGet(143)) - dca7ccfc-1b8b-4a50-8a17-e7b9e6be84c8: start LeaderElection
2019-06-13 13:16:02,382 INFO  storage.RaftLogWorker (RaftLogWorker.java:execute(469)) - a5130b58-ad91-4afd-a75c-f6a8628103bb-RaftLogWorker: created new log segment /opt/src/hadoop-ozone/integration-test/target/test-dir/MiniOzoneClusterImpl-4fe650bb-7da1-4236-a4aa-4a4322002496/datanode-0/data/ratis/01cfa0fc-7db4-4baa-8893-cb167a2e40e3/current/log_inprogress_0
2019-06-13 13:16:02,382 INFO  storage.RaftLogWorker (RaftLogWorker.java:execute(469)) - 748c7cbe-d929-4753-989a-acf8cdd3c609-RaftLogWorker: created new log segment /opt/src/hadoop-ozone/integration-test/target/test-dir/MiniOzoneClusterImpl-4fe650bb-7da1-4236-a4aa-4a4322002496/datanode-2/data/ratis/c7fc7200-c972-4edf-a1a6-fc2de9d9a7d8/current/log_inprogress_0
2019-06-13 13:16:02,387 INFO  impl.LeaderElection (LeaderElection.java:askForVotes(181)) - 3c6b9937-f6d9-4a9b-86d0-4aa4b9ab8916:group-62A7466B6169:LeaderElection5: begin an election at term 1 for -1: [dca7ccfc-1b8b-4a50-8a17-e7b9e6be84c8:192.168.11.242:33817, 748c7cbe-d929-4753-989a-acf8cdd3c609:192.168.11.242:40589, 3c6b9937-f6d9-4a9b-86d0-4aa4b9ab8916:192.168.11.242:38285], old=null
2019-06-13 13:16:02,388 INFO  storage.RaftLogWorker (RaftLogWorker.java:execute(469)) - 3c6b9937-f6d9-4a9b-86d0-4aa4b9ab8916-RaftLogWorker: created new log segment /opt/src/hadoop-ozone/integration-test/target/test-dir/MiniOzoneClusterImpl-4fe650bb-7da1-4236-a4aa-4a4322002496/datanode-1/data/ratis/03325a2e-2eb5-4cf8-9307-b71212c6cda6/current/log_inprogress_0
2019-06-13 13:16:02,400 INFO  impl.LeaderElection (LeaderElection.java:askForVotes(181)) - dca7ccfc-1b8b-4a50-8a17-e7b9e6be84c8:group-62A7466B6169:LeaderElection6: begin an election at term 1 for -1: [dca7ccfc-1b8b-4a50-8a17-e7b9e6be84c8:192.168.11.242:33817, 748c7cbe-d929-4753-989a-acf8cdd3c609:192.168.11.242:40589, 3c6b9937-f6d9-4a9b-86d0-4aa4b9ab8916:192.168.11.242:38285], old=null
2019-06-13 13:16:02,415 INFO  impl.FollowerState (FollowerState.java:run(101)) - 64dba080-2f86-4016-9bfb-3d72c918d5ea:group-6992ED2F1B93 changes to CANDIDATE, lastRpcTime:1050, electionTimeout:1044ms
2019-06-13 13:16:02,415 INFO  impl.RoleInfo (RoleInfo.java:shutdownFollowerState(121)) - 64dba080-2f86-4016-9bfb-3d72c918d5ea: shutdown FollowerState
2019-06-13 13:16:02,415 INFO  impl.RaftServerImpl (RaftServerImpl.java:setRole(164)) - 64dba080-2f86-4016-9bfb-3d72c918d5ea:group-6992ED2F1B93 changes role from FOLLOWER to CANDIDATE at term 0 for changeToCandidate
2019-06-13 13:16:02,415 INFO  impl.RoleInfo (RoleInfo.java:updateAndGet(143)) - 64dba080-2f86-4016-9bfb-3d72c918d5ea: start LeaderElection
2019-06-13 13:16:02,431 INFO  impl.LeaderElection (LeaderElection.java:askForVotes(181)) - 64dba080-2f86-4016-9bfb-3d72c918d5ea:group-6992ED2F1B93:LeaderElection7: begin an election at term 1 for -1: [64dba080-2f86-4016-9bfb-3d72c918d5ea:192.168.11.242:39209], old=null
2019-06-13 13:16:02,432 INFO  impl.RoleInfo (RoleInfo.java:shutdownLeaderElection(134)) - 64dba080-2f86-4016-9bfb-3d72c918d5ea: shutdown LeaderElection
2019-06-13 13:16:02,432 INFO  impl.RaftServerImpl (RaftServerImpl.java:setRole(164)) - 64dba080-2f86-4016-9bfb-3d72c918d5ea:group-6992ED2F1B93 changes role from CANDIDATE to LEADER at term 1 for changeToLeader
2019-06-13 13:16:02,432 INFO  impl.RaftServerImpl (ServerState.java:setLeader(263)) - 64dba080-2f86-4016-9bfb-3d72c918d5ea:group-6992ED2F1B93 change Leader from null to 64dba080-2f86-4016-9bfb-3d72c918d5ea at term 1 for becomeLeader, leader elected after 1069ms
2019-06-13 13:16:02,435 INFO  server.RaftServerConfigKeys (ConfUtils.java:logGet(43)) - raft.server.staging.catchup.gap = 1000 (default)
2019-06-13 13:16:02,435 INFO  server.RaftServerConfigKeys (ConfUtils.java:logGet(43)) - raft.server.rpc.sleep.time = 25ms (default)
2019-06-13 13:16:02,435 INFO  server.RaftServerConfigKeys (ConfUtils.java:logGet(43)) - raft.server.watch.timeout = 10s (default)
2019-06-13 13:16:02,435 INFO  server.RaftServerConfigKeys (ConfUtils.java:logGet(43)) - raft.server.watch.timeout.denomination = 1s (default)
2019-06-13 13:16:02,436 INFO  impl.RoleInfo (RoleInfo.java:updateAndGet(143)) - 64dba080-2f86-4016-9bfb-3d72c918d5ea: start LeaderState
2019-06-13 13:16:02,436 INFO  storage.RaftLogWorker (RaftLogWorker.java:startLogSegment(298)) - 64dba080-2f86-4016-9bfb-3d72c918d5ea-RaftLogWorker: Starting segment from index:0
2019-06-13 13:16:02,437 INFO  impl.RaftServerImpl (ServerState.java:setRaftConf(361)) - 64dba080-2f86-4016-9bfb-3d72c918d5ea:group-6992ED2F1B93 set configuration 0: [64dba080-2f86-4016-9bfb-3d72c918d5ea:192.168.11.242:39209], old=null at 0
2019-06-13 13:16:02,458 INFO  impl.FollowerState (FollowerState.java:run(101)) - 748c7cbe-d929-4753-989a-acf8cdd3c609:group-62A7466B6169 changes to CANDIDATE, lastRpcTime:1166, electionTimeout:1157ms
2019-06-13 13:16:02,458 INFO  impl.RoleInfo (RoleInfo.java:shutdownFollowerState(121)) - 748c7cbe-d929-4753-989a-acf8cdd3c609: shutdown FollowerState
2019-06-13 13:16:02,458 INFO  impl.RaftServerImpl (RaftServerImpl.java:setRole(164)) - 748c7cbe-d929-4753-989a-acf8cdd3c609:group-62A7466B6169 changes role from FOLLOWER to CANDIDATE at term 0 for changeToCandidate
2019-06-13 13:16:02,458 INFO  impl.RoleInfo (RoleInfo.java:updateAndGet(143)) - 748c7cbe-d929-4753-989a-acf8cdd3c609: start LeaderElection
2019-06-13 13:16:02,487 INFO  storage.RaftLogWorker (RaftLogWorker.java:execute(469)) - 64dba080-2f86-4016-9bfb-3d72c918d5ea-RaftLogWorker: created new log segment /opt/src/hadoop-ozone/integration-test/target/test-dir/MiniOzoneClusterImpl-4fe650bb-7da1-4236-a4aa-4a4322002496/datanode-4/data/ratis/195e2835-fdd8-428c-97be-6992ed2f1b93/current/log_inprogress_0
2019-06-13 13:16:02,493 INFO  impl.LeaderElection (LeaderElection.java:askForVotes(181)) - 748c7cbe-d929-4753-989a-acf8cdd3c609:group-62A7466B6169:LeaderElection8: begin an election at term 1 for -1: [dca7ccfc-1b8b-4a50-8a17-e7b9e6be84c8:192.168.11.242:33817, 748c7cbe-d929-4753-989a-acf8cdd3c609:192.168.11.242:40589, 3c6b9937-f6d9-4a9b-86d0-4aa4b9ab8916:192.168.11.242:38285], old=null
2019-06-13 13:16:02,506 INFO  impl.LeaderElection (LeaderElection.java:logAndReturn(56)) - dca7ccfc-1b8b-4a50-8a17-e7b9e6be84c8:group-62A7466B6169:LeaderElection6: Election REJECTED; received 2 response(s) [dca7ccfc-1b8b-4a50-8a17-e7b9e6be84c8->748c7cbe-d929-4753-989a-acf8cdd3c609,false-t1, dca7ccfc-1b8b-4a50-8a17-e7b9e6be84c8->3c6b9937-f6d9-4a9b-86d0-4aa4b9ab8916,false-t1] and 0 exception(s); dca7ccfc-1b8b-4a50-8a17-e7b9e6be84c8:t1, leader=null, voted=dca7ccfc-1b8b-4a50-8a17-e7b9e6be84c8, raftlog=dca7ccfc-1b8b-4a50-8a17-e7b9e6be84c8-SegmentedRaftLog:OPENED:c-1,f-1,i0, conf=-1: [dca7ccfc-1b8b-4a50-8a17-e7b9e6be84c8:192.168.11.242:33817, 748c7cbe-d929-4753-989a-acf8cdd3c609:192.168.11.242:40589, 3c6b9937-f6d9-4a9b-86d0-4aa4b9ab8916:192.168.11.242:38285], old=null
2019-06-13 13:16:02,511 INFO  impl.RaftServerImpl (RaftServerImpl.java:setRole(164)) - dca7ccfc-1b8b-4a50-8a17-e7b9e6be84c8:group-62A7466B6169 changes role from CANDIDATE to FOLLOWER at term 1 for DISCOVERED_A_NEW_TERM
2019-06-13 13:16:02,512 INFO  impl.RoleInfo (RoleInfo.java:shutdownLeaderElection(134)) - dca7ccfc-1b8b-4a50-8a17-e7b9e6be84c8: shutdown LeaderElection
2019-06-13 13:16:02,512 INFO  impl.RoleInfo (RoleInfo.java:updateAndGet(143)) - dca7ccfc-1b8b-4a50-8a17-e7b9e6be84c8: start FollowerState
2019-06-13 13:16:02,517 INFO  impl.LeaderElection (LeaderElection.java:logAndReturn(56)) - 3c6b9937-f6d9-4a9b-86d0-4aa4b9ab8916:group-62A7466B6169:LeaderElection5: Election REJECTED; received 2 response(s) [3c6b9937-f6d9-4a9b-86d0-4aa4b9ab8916->dca7ccfc-1b8b-4a50-8a17-e7b9e6be84c8,false-t1, 3c6b9937-f6d9-4a9b-86d0-4aa4b9ab8916->748c7cbe-d929-4753-989a-acf8cdd3c609,false-t1] and 0 exception(s); 3c6b9937-f6d9-4a9b-86d0-4aa4b9ab8916:t1, leader=null, voted=3c6b9937-f6d9-4a9b-86d0-4aa4b9ab8916, raftlog=3c6b9937-f6d9-4a9b-86d0-4aa4b9ab8916-SegmentedRaftLog:OPENED:c-1,f-1,i0, conf=-1: [dca7ccfc-1b8b-4a50-8a17-e7b9e6be84c8:192.168.11.242:33817, 748c7cbe-d929-4753-989a-acf8cdd3c609:192.168.11.242:40589, 3c6b9937-f6d9-4a9b-86d0-4aa4b9ab8916:192.168.11.242:38285], old=null
2019-06-13 13:16:02,518 INFO  impl.RaftServerImpl (RaftServerImpl.java:setRole(164)) - 3c6b9937-f6d9-4a9b-86d0-4aa4b9ab8916:group-62A7466B6169 changes role from CANDIDATE to FOLLOWER at term 1 for DISCOVERED_A_NEW_TERM
2019-06-13 13:16:02,519 INFO  impl.RoleInfo (RoleInfo.java:shutdownLeaderElection(134)) - 3c6b9937-f6d9-4a9b-86d0-4aa4b9ab8916: shutdown LeaderElection
2019-06-13 13:16:02,519 INFO  impl.RoleInfo (RoleInfo.java:updateAndGet(143)) - 3c6b9937-f6d9-4a9b-86d0-4aa4b9ab8916: start FollowerState
2019-06-13 13:16:02,535 INFO  impl.LeaderElection (LeaderElection.java:logAndReturn(56)) - 748c7cbe-d929-4753-989a-acf8cdd3c609:group-62A7466B6169:LeaderElection8: Election REJECTED; received 2 response(s) [748c7cbe-d929-4753-989a-acf8cdd3c609->dca7ccfc-1b8b-4a50-8a17-e7b9e6be84c8,false-t1, 748c7cbe-d929-4753-989a-acf8cdd3c609->3c6b9937-f6d9-4a9b-86d0-4aa4b9ab8916,false-t1] and 0 exception(s); 748c7cbe-d929-4753-989a-acf8cdd3c609:t1, leader=null, voted=748c7cbe-d929-4753-989a-acf8cdd3c609, raftlog=748c7cbe-d929-4753-989a-acf8cdd3c609-SegmentedRaftLog:OPENED:c-1,f-1,i0, conf=-1: [dca7ccfc-1b8b-4a50-8a17-e7b9e6be84c8:192.168.11.242:33817, 748c7cbe-d929-4753-989a-acf8cdd3c609:192.168.11.242:40589, 3c6b9937-f6d9-4a9b-86d0-4aa4b9ab8916:192.168.11.242:38285], old=null
2019-06-13 13:16:02,536 INFO  impl.RaftServerImpl (RaftServerImpl.java:setRole(164)) - 748c7cbe-d929-4753-989a-acf8cdd3c609:group-62A7466B6169 changes role from CANDIDATE to FOLLOWER at term 1 for DISCOVERED_A_NEW_TERM
2019-06-13 13:16:02,537 INFO  impl.RoleInfo (RoleInfo.java:shutdownLeaderElection(134)) - 748c7cbe-d929-4753-989a-acf8cdd3c609: shutdown LeaderElection
2019-06-13 13:16:02,537 INFO  impl.RoleInfo (RoleInfo.java:updateAndGet(143)) - 748c7cbe-d929-4753-989a-acf8cdd3c609: start FollowerState
2019-06-13 13:16:02,543 INFO  ozone.MiniOzoneClusterImpl (MiniOzoneClusterImpl.java:lambda$waitForClusterToBeReady$0(142)) - Cluster is ready. Got 6 of 6 DN Heartbeats.
]]></system-out>
    <system-err><![CDATA[ERROR StatusLogger No Log4j 2 configuration file found. Using default configuration (logging only errors to the console), or user programmatically provided configurations. Set system property 'log4j2.debug' to show Log4j 2 internal initialization logging. See https://logging.apache.org/log4j/2.x/manual/configuration.html for instructions on how to configure Log4j 2
Jun 13, 2019 1:15:55 PM com.sun.jersey.server.impl.application.WebApplicationImpl _initiate
INFO: Initiating Jersey application, version 'Jersey: 1.19 02/11/2015 03:25 AM'
Jun 13, 2019 1:15:56 PM com.sun.jersey.server.impl.application.WebApplicationImpl _initiate
INFO: Initiating Jersey application, version 'Jersey: 1.19 02/11/2015 03:25 AM'
Jun 13, 2019 1:15:56 PM com.sun.jersey.server.impl.application.WebApplicationImpl _initiate
INFO: Initiating Jersey application, version 'Jersey: 1.19 02/11/2015 03:25 AM'
Jun 13, 2019 1:15:56 PM com.sun.jersey.server.impl.application.WebApplicationImpl _initiate
INFO: Initiating Jersey application, version 'Jersey: 1.19 02/11/2015 03:25 AM'
Jun 13, 2019 1:15:57 PM com.sun.jersey.server.impl.application.WebApplicationImpl _initiate
INFO: Initiating Jersey application, version 'Jersey: 1.19 02/11/2015 03:25 AM'
Jun 13, 2019 1:15:57 PM com.sun.jersey.server.impl.application.WebApplicationImpl _initiate
INFO: Initiating Jersey application, version 'Jersey: 1.19 02/11/2015 03:25 AM'
Exception in thread "dca7ccfc-1b8b-4a50-8a17-e7b9e6be84c8:group-AFB85F03013E:LeaderElection4" java.lang.IllegalStateException: ILLEGAL TRANSITION: In dca7ccfc-1b8b-4a50-8a17-e7b9e6be84c8:group-AFB85F03013E:LeaderElection4, STARTING -> CLOSED
	at org.apache.ratis.util.Preconditions.assertTrue(Preconditions.java:60)
	at org.apache.ratis.util.LifeCycle$State.validate(LifeCycle.java:123)
	at org.apache.ratis.util.LifeCycle.transition(LifeCycle.java:143)
	at org.apache.ratis.server.impl.LeaderElection.run(LeaderElection.java:154)
	at java.lang.Thread.run(Thread.java:748)
]]></system-err>
  </testcase>
</testsuite>