<?xml version="1.0" encoding="UTF-8"?>
<testsuite xmlns:xsi="http://www.w3.org/2001/XMLSchema-instance" xsi:noNamespaceSchemaLocation="https://maven.apache.org/surefire/maven-surefire-plugin/xsd/surefire-test-report.xsd" name="org.apache.hadoop.ozone.client.rpc.TestWatchForCommit" time="140.612" tests="6" errors="0" skipped="0" failures="1">
  <properties>
    <property name="awt.toolkit" value="sun.awt.X11.XToolkit"/>
    <property name="file.encoding.pkg" value="sun.io"/>
    <property name="java.specification.version" value="1.8"/>
    <property name="sun.cpu.isalist" value=""/>
    <property name="sun.jnu.encoding" value="UTF-8"/>
    <property name="java.class.path" value="/opt/src/hadoop-ozone/integration-test/target/test-classes:/opt/src/hadoop-ozone/integration-test/target/classes:/root/.m2/repository/org/apache/hadoop/hadoop-ozone-common/0.5.0-SNAPSHOT/hadoop-ozone-common-0.5.0-SNAPSHOT.jar:/root/.m2/repository/org/apache/commons/commons-compress/1.4.1/commons-compress-1.4.1.jar:/root/.m2/repository/org/tukaani/xz/1.0/xz-1.0.jar:/root/.m2/repository/org/apache/hadoop/hadoop-common/3.2.0/hadoop-common-3.2.0.jar:/root/.m2/repository/org/apache/hadoop/hadoop-hdfs/3.2.0/hadoop-hdfs-3.2.0.jar:/root/.m2/repository/org/apache/hadoop/hadoop-hdfs-client/3.2.0/hadoop-hdfs-client-3.2.0.jar:/root/.m2/repository/com/fasterxml/jackson/core/jackson-annotations/2.9.5/jackson-annotations-2.9.5.jar:/root/.m2/repository/org/apache/hadoop/hadoop-hdds-common/0.5.0-SNAPSHOT/hadoop-hdds-common-0.5.0-SNAPSHOT.jar:/root/.m2/repository/javax/annotation/javax.annotation-api/1.2/javax.annotation-api-1.2.jar:/root/.m2/repository/org/apache/ratis/ratis-server/0.4.0-fe2b15d-SNAPSHOT/ratis-server-0.4.0-fe2b15d-SNAPSHOT.jar:/root/.m2/repository/org/apache/ratis/ratis-thirdparty-misc/0.2.0/ratis-thirdparty-misc-0.2.0.jar:/root/.m2/repository/org/apache/ratis/ratis-proto/0.4.0-fe2b15d-SNAPSHOT/ratis-proto-0.4.0-fe2b15d-SNAPSHOT.jar:/root/.m2/repository/org/apache/ratis/ratis-common/0.4.0-fe2b15d-SNAPSHOT/ratis-common-0.4.0-fe2b15d-SNAPSHOT.jar:/root/.m2/repository/org/apache/ratis/ratis-client/0.4.0-fe2b15d-SNAPSHOT/ratis-client-0.4.0-fe2b15d-SNAPSHOT.jar:/root/.m2/repository/org/apache/ratis/ratis-netty/0.4.0-fe2b15d-SNAPSHOT/ratis-netty-0.4.0-fe2b15d-SNAPSHOT.jar:/root/.m2/repository/org/apache/ratis/ratis-grpc/0.4.0-fe2b15d-SNAPSHOT/ratis-grpc-0.4.0-fe2b15d-SNAPSHOT.jar:/root/.m2/repository/org/rocksdb/rocksdbjni/5.14.2/rocksdbjni-5.14.2.jar:/root/.m2/repository/org/apache/logging/log4j/log4j-api/2.11.0/log4j-api-2.11.0.jar:/root/.m2/repository/org/apache/logging/log4j/log4j-core/2.11.0/log4j-core-2.11.0.jar:/root/.m2/repository/com/lmax/disruptor/3.4.2/disruptor-3.4.2.jar:/root/.m2/repository/org/apache/commons/commons-pool2/2.6.0/commons-pool2-2.6.0.jar:/root/.m2/repository/org/bouncycastle/bcpkix-jdk15on/1.60/bcpkix-jdk15on-1.60.jar:/root/.m2/repository/commons-validator/commons-validator/1.6/commons-validator-1.6.jar:/root/.m2/repository/commons-digester/commons-digester/1.8.1/commons-digester-1.8.1.jar:/root/.m2/repository/io/jaegertracing/jaeger-client/0.33.1/jaeger-client-0.33.1.jar:/root/.m2/repository/io/jaegertracing/jaeger-thrift/0.33.1/jaeger-thrift-0.33.1.jar:/root/.m2/repository/org/apache/thrift/libthrift/0.11.0/libthrift-0.11.0.jar:/root/.m2/repository/com/squareup/okhttp3/okhttp/3.9.0/okhttp-3.9.0.jar:/root/.m2/repository/com/squareup/okio/okio/1.13.0/okio-1.13.0.jar:/root/.m2/repository/io/jaegertracing/jaeger-core/0.33.1/jaeger-core-0.33.1.jar:/root/.m2/repository/io/jaegertracing/jaeger-tracerresolver/0.33.1/jaeger-tracerresolver-0.33.1.jar:/root/.m2/repository/io/opentracing/contrib/opentracing-tracerresolver/0.1.5/opentracing-tracerresolver-0.1.5.jar:/root/.m2/repository/io/opentracing/opentracing-util/0.31.0/opentracing-util-0.31.0.jar:/root/.m2/repository/io/opentracing/opentracing-api/0.31.0/opentracing-api-0.31.0.jar:/root/.m2/repository/io/opentracing/opentracing-noop/0.31.0/opentracing-noop-0.31.0.jar:/root/.m2/repository/org/apache/hadoop/hadoop-hdds-server-framework/0.5.0-SNAPSHOT/hadoop-hdds-server-framework-0.5.0-SNAPSHOT.jar:/root/.m2/repository/org/apache/hadoop/hadoop-hdds-server-scm/0.5.0-SNAPSHOT/hadoop-hdds-server-scm-0.5.0-SNAPSHOT.jar:/root/.m2/repository/org/apache/hadoop/hadoop-hdds-container-service/0.5.0-SNAPSHOT/hadoop-hdds-container-service-0.5.0-SNAPSHOT.jar:/root/.m2/repository/org/apache/hadoop/hadoop-hdds-client/0.5.0-SNAPSHOT/hadoop-hdds-client-0.5.0-SNAPSHOT.jar:/root/.m2/repository/org/apache/hadoop/hadoop-hdds-tools/0.5.0-SNAPSHOT/hadoop-hdds-tools-0.5.0-SNAPSHOT.jar:/root/.m2/repository/org/apache/hadoop/hadoop-ozone-ozone-manager/0.5.0-SNAPSHOT/hadoop-ozone-ozone-manager-0.5.0-SNAPSHOT.jar:/root/.m2/repository/org/apache/hadoop/hadoop-hdds-docs/0.5.0-SNAPSHOT/hadoop-hdds-docs-0.5.0-SNAPSHOT.jar:/root/.m2/repository/org/bouncycastle/bcprov-jdk15on/1.60/bcprov-jdk15on-1.60.jar:/root/.m2/repository/org/apache/hadoop/hadoop-minikdc/3.2.0/hadoop-minikdc-3.2.0.jar:/root/.m2/repository/commons-io/commons-io/2.5/commons-io-2.5.jar:/root/.m2/repository/org/apache/kerby/kerb-simplekdc/1.0.1/kerb-simplekdc-1.0.1.jar:/root/.m2/repository/org/apache/kerby/kerb-client/1.0.1/kerb-client-1.0.1.jar:/root/.m2/repository/org/apache/kerby/kerby-config/1.0.1/kerby-config-1.0.1.jar:/root/.m2/repository/org/apache/kerby/kerb-core/1.0.1/kerb-core-1.0.1.jar:/root/.m2/repository/org/apache/kerby/kerby-pkix/1.0.1/kerby-pkix-1.0.1.jar:/root/.m2/repository/org/apache/kerby/kerby-asn1/1.0.1/kerby-asn1-1.0.1.jar:/root/.m2/repository/org/apache/kerby/kerby-util/1.0.1/kerby-util-1.0.1.jar:/root/.m2/repository/org/apache/kerby/kerb-common/1.0.1/kerb-common-1.0.1.jar:/root/.m2/repository/org/apache/kerby/kerb-crypto/1.0.1/kerb-crypto-1.0.1.jar:/root/.m2/repository/org/apache/kerby/kerb-util/1.0.1/kerb-util-1.0.1.jar:/root/.m2/repository/org/apache/kerby/token-provider/1.0.1/token-provider-1.0.1.jar:/root/.m2/repository/org/apache/kerby/kerb-admin/1.0.1/kerb-admin-1.0.1.jar:/root/.m2/repository/org/apache/kerby/kerb-server/1.0.1/kerb-server-1.0.1.jar:/root/.m2/repository/org/apache/kerby/kerb-identity/1.0.1/kerb-identity-1.0.1.jar:/root/.m2/repository/org/apache/kerby/kerby-xdr/1.0.1/kerby-xdr-1.0.1.jar:/root/.m2/repository/org/slf4j/slf4j-log4j12/1.7.25/slf4j-log4j12-1.7.25.jar:/root/.m2/repository/org/apache/hadoop/hadoop-ozone-objectstore-service/0.5.0-SNAPSHOT/hadoop-ozone-objectstore-service-0.5.0-SNAPSHOT.jar:/root/.m2/repository/org/apache/hadoop/hadoop-ozone-s3gateway/0.5.0-SNAPSHOT/hadoop-ozone-s3gateway-0.5.0-SNAPSHOT.jar:/root/.m2/repository/org/jboss/weld/servlet/weld-servlet/2.4.7.Final/weld-servlet-2.4.7.Final.jar:/root/.m2/repository/org/glassfish/jersey/containers/jersey-container-servlet-core/2.27/jersey-container-servlet-core-2.27.jar:/root/.m2/repository/org/glassfish/hk2/external/javax.inject/2.5.0-b42/javax.inject-2.5.0-b42.jar:/root/.m2/repository/org/glassfish/jersey/core/jersey-common/2.27/jersey-common-2.27.jar:/root/.m2/repository/org/glassfish/hk2/osgi-resource-locator/1.0.1/osgi-resource-locator-1.0.1.jar:/root/.m2/repository/javax/ws/rs/javax.ws.rs-api/2.1/javax.ws.rs-api-2.1.jar:/root/.m2/repository/org/glassfish/jersey/ext/cdi/jersey-cdi1x/2.27/jersey-cdi1x-2.27.jar:/root/.m2/repository/org/glassfish/jersey/inject/jersey-hk2/2.27/jersey-hk2-2.27.jar:/root/.m2/repository/org/glassfish/hk2/hk2-locator/2.5.0-b42/hk2-locator-2.5.0-b42.jar:/root/.m2/repository/org/javassist/javassist/3.22.0-CR2/javassist-3.22.0-CR2.jar:/root/.m2/repository/org/glassfish/hk2/hk2-api/2.5.0/hk2-api-2.5.0.jar:/root/.m2/repository/org/glassfish/hk2/external/jakarta.inject/2.5.0/jakarta.inject-2.5.0.jar:/root/.m2/repository/org/glassfish/hk2/hk2-utils/2.5.0/hk2-utils-2.5.0.jar:/root/.m2/repository/jakarta/annotation/jakarta.annotation-api/1.3.4/jakarta.annotation-api-1.3.4.jar:/root/.m2/repository/org/glassfish/hk2/external/aopalliance-repackaged/2.5.0/aopalliance-repackaged-2.5.0.jar:/root/.m2/repository/com/fasterxml/jackson/dataformat/jackson-dataformat-xml/2.9.0/jackson-dataformat-xml-2.9.0.jar:/root/.m2/repository/com/fasterxml/jackson/core/jackson-core/2.9.5/jackson-core-2.9.5.jar:/root/.m2/repository/com/fasterxml/jackson/module/jackson-module-jaxb-annotations/2.9.5/jackson-module-jaxb-annotations-2.9.5.jar:/root/.m2/repository/javax/enterprise/cdi-api/1.2/cdi-api-1.2.jar:/root/.m2/repository/javax/el/javax.el-api/3.0.0/javax.el-api-3.0.0.jar:/root/.m2/repository/javax/interceptor/javax.interceptor-api/1.2/javax.interceptor-api-1.2.jar:/root/.m2/repository/javax/inject/javax.inject/1/javax.inject-1.jar:/root/.m2/repository/com/sun/xml/bind/jaxb-impl/2.3.0.1/jaxb-impl-2.3.0.1.jar:/root/.m2/repository/com/sun/xml/bind/jaxb-core/2.3.0.1/jaxb-core-2.3.0.1.jar:/root/.m2/repository/javax/xml/bind/jaxb-api/2.3.0/jaxb-api-2.3.0.jar:/root/.m2/repository/javax/activation/activation/1.1.1/activation-1.1.1.jar:/root/.m2/repository/org/apache/hadoop/hadoop-ozone-csi/0.5.0-SNAPSHOT/hadoop-ozone-csi-0.5.0-SNAPSHOT.jar:/root/.m2/repository/com/google/protobuf/protobuf-java-util/3.5.1/protobuf-java-util-3.5.1.jar:/root/.m2/repository/org/apache/hadoop/hadoop-hdds-config/0.5.0-SNAPSHOT/hadoop-hdds-config-0.5.0-SNAPSHOT.jar:/root/.m2/repository/com/google/guava/guava/11.0.2/guava-11.0.2.jar:/root/.m2/repository/com/google/protobuf/protobuf-java/2.5.0/protobuf-java-2.5.0.jar:/root/.m2/repository/io/grpc/grpc-netty/1.17.1/grpc-netty-1.17.1.jar:/root/.m2/repository/io/grpc/grpc-core/1.17.1/grpc-core-1.17.1.jar:/root/.m2/repository/io/grpc/grpc-context/1.17.1/grpc-context-1.17.1.jar:/root/.m2/repository/com/google/errorprone/error_prone_annotations/2.2.0/error_prone_annotations-2.2.0.jar:/root/.m2/repository/org/codehaus/mojo/animal-sniffer-annotations/1.17/animal-sniffer-annotations-1.17.jar:/root/.m2/repository/io/opencensus/opencensus-api/0.17.0/opencensus-api-0.17.0.jar:/root/.m2/repository/io/opencensus/opencensus-contrib-grpc-metrics/0.17.0/opencensus-contrib-grpc-metrics-0.17.0.jar:/root/.m2/repository/io/netty/netty-codec-http2/4.1.30.Final/netty-codec-http2-4.1.30.Final.jar:/root/.m2/repository/io/netty/netty-codec-http/4.1.30.Final/netty-codec-http-4.1.30.Final.jar:/root/.m2/repository/io/netty/netty-codec/4.1.30.Final/netty-codec-4.1.30.Final.jar:/root/.m2/repository/io/netty/netty-handler/4.1.30.Final/netty-handler-4.1.30.Final.jar:/root/.m2/repository/io/netty/netty-handler-proxy/4.1.30.Final/netty-handler-proxy-4.1.30.Final.jar:/root/.m2/repository/io/netty/netty-codec-socks/4.1.30.Final/netty-codec-socks-4.1.30.Final.jar:/root/.m2/repository/io/netty/netty-transport-native-epoll/4.1.30.Final/netty-transport-native-epoll-4.1.30.Final.jar:/root/.m2/repository/io/netty/netty-common/4.1.30.Final/netty-common-4.1.30.Final.jar:/root/.m2/repository/io/netty/netty-buffer/4.1.30.Final/netty-buffer-4.1.30.Final.jar:/root/.m2/repository/io/netty/netty-transport/4.1.30.Final/netty-transport-4.1.30.Final.jar:/root/.m2/repository/io/netty/netty-resolver/4.1.30.Final/netty-resolver-4.1.30.Final.jar:/root/.m2/repository/io/netty/netty-transport-native-unix-common/4.1.30.Final/netty-transport-native-unix-common-4.1.30.Final.jar:/root/.m2/repository/io/grpc/grpc-protobuf/1.17.1/grpc-protobuf-1.17.1.jar:/root/.m2/repository/com/google/api/grpc/proto-google-common-protos/1.0.0/proto-google-common-protos-1.0.0.jar:/root/.m2/repository/io/grpc/grpc-protobuf-lite/1.17.1/grpc-protobuf-lite-1.17.1.jar:/root/.m2/repository/io/grpc/grpc-stub/1.17.1/grpc-stub-1.17.1.jar:/root/.m2/repository/org/apache/hadoop/hadoop-ozone-recon/0.5.0-SNAPSHOT/hadoop-ozone-recon-0.5.0-SNAPSHOT.jar:/root/.m2/repository/org/apache/hadoop/hadoop-ozone-reconcodegen/0.5.0-SNAPSHOT/hadoop-ozone-reconcodegen-0.5.0-SNAPSHOT.jar:/root/.m2/repository/com/google/inject/extensions/guice-multibindings/4.0/guice-multibindings-4.0.jar:/root/.m2/repository/com/google/inject/guice/4.0/guice-4.0.jar:/root/.m2/repository/aopalliance/aopalliance/1.0/aopalliance-1.0.jar:/root/.m2/repository/com/google/inject/extensions/guice-servlet/4.0/guice-servlet-4.0.jar:/root/.m2/repository/org/glassfish/jersey/containers/jersey-container-servlet/2.27/jersey-container-servlet-2.27.jar:/root/.m2/repository/org/glassfish/hk2/guice-bridge/2.5.0/guice-bridge-2.5.0.jar:/root/.m2/repository/org/glassfish/jersey/core/jersey-server/2.27/jersey-server-2.27.jar:/root/.m2/repository/org/glassfish/jersey/core/jersey-client/2.27/jersey-client-2.27.jar:/root/.m2/repository/org/glassfish/jersey/media/jersey-media-jaxb/2.27/jersey-media-jaxb-2.27.jar:/root/.m2/repository/javax/validation/validation-api/1.1.0.Final/validation-api-1.1.0.Final.jar:/root/.m2/repository/org/glassfish/jersey/media/jersey-media-json-jackson/2.27/jersey-media-json-jackson-2.27.jar:/root/.m2/repository/org/glassfish/jersey/ext/jersey-entity-filtering/2.27/jersey-entity-filtering-2.27.jar:/root/.m2/repository/com/google/inject/extensions/guice-assistedinject/4.0/guice-assistedinject-4.0.jar:/root/.m2/repository/org/jooq/jooq/3.11.10/jooq-3.11.10.jar:/root/.m2/repository/org/jooq/jooq-meta/3.11.10/jooq-meta-3.11.10.jar:/root/.m2/repository/org/jooq/jooq-codegen/3.11.10/jooq-codegen-3.11.10.jar:/root/.m2/repository/com/jolbox/bonecp/0.8.0.RELEASE/bonecp-0.8.0.RELEASE.jar:/root/.m2/repository/org/xerial/sqlite-jdbc/3.25.2/sqlite-jdbc-3.25.2.jar:/root/.m2/repository/org/springframework/spring-jdbc/5.1.3.RELEASE/spring-jdbc-5.1.3.RELEASE.jar:/root/.m2/repository/org/springframework/spring-beans/5.1.3.RELEASE/spring-beans-5.1.3.RELEASE.jar:/root/.m2/repository/org/springframework/spring-core/5.1.3.RELEASE/spring-core-5.1.3.RELEASE.jar:/root/.m2/repository/org/springframework/spring-jcl/5.1.3.RELEASE/spring-jcl-5.1.3.RELEASE.jar:/root/.m2/repository/org/springframework/spring-tx/5.1.3.RELEASE/spring-tx-5.1.3.RELEASE.jar:/root/.m2/repository/org/apache/hadoop/hadoop-ozone-client/0.5.0-SNAPSHOT/hadoop-ozone-client-0.5.0-SNAPSHOT.jar:/root/.m2/repository/org/apache/hadoop/hadoop-ozone-ozone-manager/0.5.0-SNAPSHOT/hadoop-ozone-ozone-manager-0.5.0-SNAPSHOT-tests.jar:/root/.m2/repository/junit/junit/4.11/junit-4.11.jar:/root/.m2/repository/org/hamcrest/hamcrest-core/1.3/hamcrest-core-1.3.jar:/root/.m2/repository/org/openjdk/jmh/jmh-core/1.19/jmh-core-1.19.jar:/root/.m2/repository/net/sf/jopt-simple/jopt-simple/4.6/jopt-simple-4.6.jar:/root/.m2/repository/org/apache/commons/commons-math3/3.1.1/commons-math3-3.1.1.jar:/root/.m2/repository/org/openjdk/jmh/jmh-generator-annprocess/1.19/jmh-generator-annprocess-1.19.jar:/root/.m2/repository/org/mockito/mockito-all/1.8.5/mockito-all-1.8.5.jar:/root/.m2/repository/org/apache/hadoop/hadoop-kms/3.2.0/hadoop-kms-3.2.0.jar:/root/.m2/repository/org/apache/hadoop/hadoop-auth/3.2.0/hadoop-auth-3.2.0.jar:/root/.m2/repository/com/nimbusds/nimbus-jose-jwt/4.41.1/nimbus-jose-jwt-4.41.1.jar:/root/.m2/repository/com/github/stephenc/jcip/jcip-annotations/1.0-1/jcip-annotations-1.0-1.jar:/root/.m2/repository/net/minidev/json-smart/2.3/json-smart-2.3.jar:/root/.m2/repository/net/minidev/accessors-smart/1.2/accessors-smart-1.2.jar:/root/.m2/repository/org/ow2/asm/asm/5.0.4/asm-5.0.4.jar:/root/.m2/repository/org/apache/curator/curator-framework/2.12.0/curator-framework-2.12.0.jar:/root/.m2/repository/com/sun/jersey/jersey-core/1.19/jersey-core-1.19.jar:/root/.m2/repository/javax/ws/rs/jsr311-api/1.1.1/jsr311-api-1.1.1.jar:/root/.m2/repository/com/sun/jersey/jersey-server/1.19/jersey-server-1.19.jar:/root/.m2/repository/javax/servlet/javax.servlet-api/3.1.0/javax.servlet-api-3.1.0.jar:/root/.m2/repository/org/eclipse/jetty/jetty-server/9.3.24.v20180605/jetty-server-9.3.24.v20180605.jar:/root/.m2/repository/org/eclipse/jetty/jetty-http/9.3.24.v20180605/jetty-http-9.3.24.v20180605.jar:/root/.m2/repository/org/eclipse/jetty/jetty-io/9.3.24.v20180605/jetty-io-9.3.24.v20180605.jar:/root/.m2/repository/org/eclipse/jetty/jetty-webapp/9.3.24.v20180605/jetty-webapp-9.3.24.v20180605.jar:/root/.m2/repository/org/eclipse/jetty/jetty-xml/9.3.24.v20180605/jetty-xml-9.3.24.v20180605.jar:/root/.m2/repository/log4j/log4j/1.2.17/log4j-1.2.17.jar:/root/.m2/repository/org/slf4j/slf4j-api/1.7.25/slf4j-api-1.7.25.jar:/root/.m2/repository/org/slf4j/jul-to-slf4j/1.7.25/jul-to-slf4j-1.7.25.jar:/root/.m2/repository/org/eclipse/jetty/jetty-util/9.3.24.v20180605/jetty-util-9.3.24.v20180605.jar:/root/.m2/repository/io/dropwizard/metrics/metrics-core/3.2.4/metrics-core-3.2.4.jar:/root/.m2/repository/com/fasterxml/jackson/core/jackson-databind/2.9.5/jackson-databind-2.9.5.jar:/root/.m2/repository/org/apache/hadoop/hadoop-kms/3.2.0/hadoop-kms-3.2.0-tests.jar:/root/.m2/repository/org/apache/hadoop/hadoop-hdds-server-scm/0.5.0-SNAPSHOT/hadoop-hdds-server-scm-0.5.0-SNAPSHOT-tests.jar:/root/.m2/repository/org/hamcrest/hamcrest-all/1.3/hamcrest-all-1.3.jar:/root/.m2/repository/info/picocli/picocli/3.9.6/picocli-3.9.6.jar:/root/.m2/repository/org/apache/hadoop/hadoop-hdds-container-service/0.5.0-SNAPSHOT/hadoop-hdds-container-service-0.5.0-SNAPSHOT-tests.jar:/root/.m2/repository/org/yaml/snakeyaml/1.16/snakeyaml-1.16.jar:/root/.m2/repository/org/apache/hadoop/hadoop-common/3.2.0/hadoop-common-3.2.0-tests.jar:/root/.m2/repository/org/apache/hadoop/hadoop-annotations/3.2.0/hadoop-annotations-3.2.0.jar:/usr/lib/jvm/java-1.8-openjdk/jre/../lib/tools.jar:/root/.m2/repository/commons-cli/commons-cli/1.2/commons-cli-1.2.jar:/root/.m2/repository/org/apache/httpcomponents/httpclient/4.5.2/httpclient-4.5.2.jar:/root/.m2/repository/org/apache/httpcomponents/httpcore/4.4.4/httpcore-4.4.4.jar:/root/.m2/repository/commons-codec/commons-codec/1.11/commons-codec-1.11.jar:/root/.m2/repository/commons-net/commons-net/3.6/commons-net-3.6.jar:/root/.m2/repository/commons-collections/commons-collections/3.2.2/commons-collections-3.2.2.jar:/root/.m2/repository/org/eclipse/jetty/jetty-servlet/9.3.24.v20180605/jetty-servlet-9.3.24.v20180605.jar:/root/.m2/repository/org/eclipse/jetty/jetty-security/9.3.24.v20180605/jetty-security-9.3.24.v20180605.jar:/root/.m2/repository/javax/servlet/jsp/jsp-api/2.1/jsp-api-2.1.jar:/root/.m2/repository/com/sun/jersey/jersey-servlet/1.19/jersey-servlet-1.19.jar:/root/.m2/repository/com/sun/jersey/jersey-json/1.19/jersey-json-1.19.jar:/root/.m2/repository/org/codehaus/jettison/jettison/1.1/jettison-1.1.jar:/root/.m2/repository/org/codehaus/jackson/jackson-core-asl/1.9.13/jackson-core-asl-1.9.13.jar:/root/.m2/repository/org/codehaus/jackson/jackson-mapper-asl/1.9.13/jackson-mapper-asl-1.9.13.jar:/root/.m2/repository/org/codehaus/jackson/jackson-jaxrs/1.9.13/jackson-jaxrs-1.9.13.jar:/root/.m2/repository/org/codehaus/jackson/jackson-xc/1.9.13/jackson-xc-1.9.13.jar:/root/.m2/repository/commons-logging/commons-logging/1.1.3/commons-logging-1.1.3.jar:/root/.m2/repository/commons-beanutils/commons-beanutils/1.9.3/commons-beanutils-1.9.3.jar:/root/.m2/repository/org/apache/commons/commons-configuration2/2.1.1/commons-configuration2-2.1.1.jar:/root/.m2/repository/org/apache/commons/commons-lang3/3.7/commons-lang3-3.7.jar:/root/.m2/repository/org/apache/commons/commons-text/1.4/commons-text-1.4.jar:/root/.m2/repository/org/apache/avro/avro/1.7.7/avro-1.7.7.jar:/root/.m2/repository/com/thoughtworks/paranamer/paranamer/2.3/paranamer-2.3.jar:/root/.m2/repository/org/xerial/snappy/snappy-java/1.0.5/snappy-java-1.0.5.jar:/root/.m2/repository/com/google/re2j/re2j/1.1/re2j-1.1.jar:/root/.m2/repository/com/google/code/gson/gson/2.2.4/gson-2.2.4.jar:/root/.m2/repository/com/jcraft/jsch/0.1.54/jsch-0.1.54.jar:/root/.m2/repository/org/apache/curator/curator-client/2.12.0/curator-client-2.12.0.jar:/root/.m2/repository/org/apache/curator/curator-recipes/2.12.0/curator-recipes-2.12.0.jar:/root/.m2/repository/com/google/code/findbugs/jsr305/3.0.0/jsr305-3.0.0.jar:/root/.m2/repository/org/apache/htrace/htrace-core4/4.1.0-incubating/htrace-core4-4.1.0-incubating.jar:/root/.m2/repository/org/apache/zookeeper/zookeeper/3.4.13/zookeeper-3.4.13.jar:/root/.m2/repository/org/apache/yetus/audience-annotations/0.5.0/audience-annotations-0.5.0.jar:/root/.m2/repository/org/codehaus/woodstox/stax2-api/3.1.4/stax2-api-3.1.4.jar:/root/.m2/repository/com/fasterxml/woodstox/woodstox-core/5.0.3/woodstox-core-5.0.3.jar:/root/.m2/repository/dnsjava/dnsjava/2.1.7/dnsjava-2.1.7.jar:/root/.m2/repository/org/apache/hadoop/hadoop-hdfs/3.2.0/hadoop-hdfs-3.2.0-tests.jar:/root/.m2/repository/org/eclipse/jetty/jetty-util-ajax/9.3.24.v20180605/jetty-util-ajax-9.3.24.v20180605.jar:/root/.m2/repository/commons-daemon/commons-daemon/1.0.13/commons-daemon-1.0.13.jar:/root/.m2/repository/io/netty/netty/3.10.5.Final/netty-3.10.5.Final.jar:/root/.m2/repository/io/netty/netty-all/4.0.52.Final/netty-all-4.0.52.Final.jar:/root/.m2/repository/org/fusesource/leveldbjni/leveldbjni-all/1.8/leveldbjni-all-1.8.jar:"/>
    <property name="java.vm.vendor" value="IcedTea"/>
    <property name="sun.arch.data.model" value="64"/>
    <property name="test.build.dir" value="/opt/src/hadoop-ozone/integration-test/target/test-dir"/>
    <property name="test.cache.data" value=""/>
    <property name="java.vendor.url" value="https://icedtea.classpath.org"/>
    <property name="user.timezone" value=""/>
    <property name="java.vm.specification.version" value="1.8"/>
    <property name="os.name" value="Linux"/>
    <property name="test.build.data" value="/opt/src/hadoop-ozone/integration-test/target/test-dir"/>
    <property name="user.country" value="US"/>
    <property name="sun.java.launcher" value="SUN_STANDARD"/>
    <property name="sun.boot.library.path" value="/usr/lib/jvm/java-1.8-openjdk/jre/lib/amd64"/>
    <property name="sun.java.command" value="/opt/src/hadoop-ozone/integration-test/target/surefire/surefirebooter8383719081065639159.jar /opt/src/hadoop-ozone/integration-test/target/surefire 2019-06-12T14-28-49_160-jvmRun1 surefire6228505358611196839tmp surefire_21344738907733637525tmp"/>
    <property name="surefire.test.class.path" value="/opt/src/hadoop-ozone/integration-test/target/test-classes:/opt/src/hadoop-ozone/integration-test/target/classes:/root/.m2/repository/org/apache/hadoop/hadoop-ozone-common/0.5.0-SNAPSHOT/hadoop-ozone-common-0.5.0-SNAPSHOT.jar:/root/.m2/repository/org/apache/commons/commons-compress/1.4.1/commons-compress-1.4.1.jar:/root/.m2/repository/org/tukaani/xz/1.0/xz-1.0.jar:/root/.m2/repository/org/apache/hadoop/hadoop-common/3.2.0/hadoop-common-3.2.0.jar:/root/.m2/repository/org/apache/hadoop/hadoop-hdfs/3.2.0/hadoop-hdfs-3.2.0.jar:/root/.m2/repository/org/apache/hadoop/hadoop-hdfs-client/3.2.0/hadoop-hdfs-client-3.2.0.jar:/root/.m2/repository/com/fasterxml/jackson/core/jackson-annotations/2.9.5/jackson-annotations-2.9.5.jar:/root/.m2/repository/org/apache/hadoop/hadoop-hdds-common/0.5.0-SNAPSHOT/hadoop-hdds-common-0.5.0-SNAPSHOT.jar:/root/.m2/repository/javax/annotation/javax.annotation-api/1.2/javax.annotation-api-1.2.jar:/root/.m2/repository/org/apache/ratis/ratis-server/0.4.0-fe2b15d-SNAPSHOT/ratis-server-0.4.0-fe2b15d-SNAPSHOT.jar:/root/.m2/repository/org/apache/ratis/ratis-thirdparty-misc/0.2.0/ratis-thirdparty-misc-0.2.0.jar:/root/.m2/repository/org/apache/ratis/ratis-proto/0.4.0-fe2b15d-SNAPSHOT/ratis-proto-0.4.0-fe2b15d-SNAPSHOT.jar:/root/.m2/repository/org/apache/ratis/ratis-common/0.4.0-fe2b15d-SNAPSHOT/ratis-common-0.4.0-fe2b15d-SNAPSHOT.jar:/root/.m2/repository/org/apache/ratis/ratis-client/0.4.0-fe2b15d-SNAPSHOT/ratis-client-0.4.0-fe2b15d-SNAPSHOT.jar:/root/.m2/repository/org/apache/ratis/ratis-netty/0.4.0-fe2b15d-SNAPSHOT/ratis-netty-0.4.0-fe2b15d-SNAPSHOT.jar:/root/.m2/repository/org/apache/ratis/ratis-grpc/0.4.0-fe2b15d-SNAPSHOT/ratis-grpc-0.4.0-fe2b15d-SNAPSHOT.jar:/root/.m2/repository/org/rocksdb/rocksdbjni/5.14.2/rocksdbjni-5.14.2.jar:/root/.m2/repository/org/apache/logging/log4j/log4j-api/2.11.0/log4j-api-2.11.0.jar:/root/.m2/repository/org/apache/logging/log4j/log4j-core/2.11.0/log4j-core-2.11.0.jar:/root/.m2/repository/com/lmax/disruptor/3.4.2/disruptor-3.4.2.jar:/root/.m2/repository/org/apache/commons/commons-pool2/2.6.0/commons-pool2-2.6.0.jar:/root/.m2/repository/org/bouncycastle/bcpkix-jdk15on/1.60/bcpkix-jdk15on-1.60.jar:/root/.m2/repository/commons-validator/commons-validator/1.6/commons-validator-1.6.jar:/root/.m2/repository/commons-digester/commons-digester/1.8.1/commons-digester-1.8.1.jar:/root/.m2/repository/io/jaegertracing/jaeger-client/0.33.1/jaeger-client-0.33.1.jar:/root/.m2/repository/io/jaegertracing/jaeger-thrift/0.33.1/jaeger-thrift-0.33.1.jar:/root/.m2/repository/org/apache/thrift/libthrift/0.11.0/libthrift-0.11.0.jar:/root/.m2/repository/com/squareup/okhttp3/okhttp/3.9.0/okhttp-3.9.0.jar:/root/.m2/repository/com/squareup/okio/okio/1.13.0/okio-1.13.0.jar:/root/.m2/repository/io/jaegertracing/jaeger-core/0.33.1/jaeger-core-0.33.1.jar:/root/.m2/repository/io/jaegertracing/jaeger-tracerresolver/0.33.1/jaeger-tracerresolver-0.33.1.jar:/root/.m2/repository/io/opentracing/contrib/opentracing-tracerresolver/0.1.5/opentracing-tracerresolver-0.1.5.jar:/root/.m2/repository/io/opentracing/opentracing-util/0.31.0/opentracing-util-0.31.0.jar:/root/.m2/repository/io/opentracing/opentracing-api/0.31.0/opentracing-api-0.31.0.jar:/root/.m2/repository/io/opentracing/opentracing-noop/0.31.0/opentracing-noop-0.31.0.jar:/root/.m2/repository/org/apache/hadoop/hadoop-hdds-server-framework/0.5.0-SNAPSHOT/hadoop-hdds-server-framework-0.5.0-SNAPSHOT.jar:/root/.m2/repository/org/apache/hadoop/hadoop-hdds-server-scm/0.5.0-SNAPSHOT/hadoop-hdds-server-scm-0.5.0-SNAPSHOT.jar:/root/.m2/repository/org/apache/hadoop/hadoop-hdds-container-service/0.5.0-SNAPSHOT/hadoop-hdds-container-service-0.5.0-SNAPSHOT.jar:/root/.m2/repository/org/apache/hadoop/hadoop-hdds-client/0.5.0-SNAPSHOT/hadoop-hdds-client-0.5.0-SNAPSHOT.jar:/root/.m2/repository/org/apache/hadoop/hadoop-hdds-tools/0.5.0-SNAPSHOT/hadoop-hdds-tools-0.5.0-SNAPSHOT.jar:/root/.m2/repository/org/apache/hadoop/hadoop-ozone-ozone-manager/0.5.0-SNAPSHOT/hadoop-ozone-ozone-manager-0.5.0-SNAPSHOT.jar:/root/.m2/repository/org/apache/hadoop/hadoop-hdds-docs/0.5.0-SNAPSHOT/hadoop-hdds-docs-0.5.0-SNAPSHOT.jar:/root/.m2/repository/org/bouncycastle/bcprov-jdk15on/1.60/bcprov-jdk15on-1.60.jar:/root/.m2/repository/org/apache/hadoop/hadoop-minikdc/3.2.0/hadoop-minikdc-3.2.0.jar:/root/.m2/repository/commons-io/commons-io/2.5/commons-io-2.5.jar:/root/.m2/repository/org/apache/kerby/kerb-simplekdc/1.0.1/kerb-simplekdc-1.0.1.jar:/root/.m2/repository/org/apache/kerby/kerb-client/1.0.1/kerb-client-1.0.1.jar:/root/.m2/repository/org/apache/kerby/kerby-config/1.0.1/kerby-config-1.0.1.jar:/root/.m2/repository/org/apache/kerby/kerb-core/1.0.1/kerb-core-1.0.1.jar:/root/.m2/repository/org/apache/kerby/kerby-pkix/1.0.1/kerby-pkix-1.0.1.jar:/root/.m2/repository/org/apache/kerby/kerby-asn1/1.0.1/kerby-asn1-1.0.1.jar:/root/.m2/repository/org/apache/kerby/kerby-util/1.0.1/kerby-util-1.0.1.jar:/root/.m2/repository/org/apache/kerby/kerb-common/1.0.1/kerb-common-1.0.1.jar:/root/.m2/repository/org/apache/kerby/kerb-crypto/1.0.1/kerb-crypto-1.0.1.jar:/root/.m2/repository/org/apache/kerby/kerb-util/1.0.1/kerb-util-1.0.1.jar:/root/.m2/repository/org/apache/kerby/token-provider/1.0.1/token-provider-1.0.1.jar:/root/.m2/repository/org/apache/kerby/kerb-admin/1.0.1/kerb-admin-1.0.1.jar:/root/.m2/repository/org/apache/kerby/kerb-server/1.0.1/kerb-server-1.0.1.jar:/root/.m2/repository/org/apache/kerby/kerb-identity/1.0.1/kerb-identity-1.0.1.jar:/root/.m2/repository/org/apache/kerby/kerby-xdr/1.0.1/kerby-xdr-1.0.1.jar:/root/.m2/repository/org/slf4j/slf4j-log4j12/1.7.25/slf4j-log4j12-1.7.25.jar:/root/.m2/repository/org/apache/hadoop/hadoop-ozone-objectstore-service/0.5.0-SNAPSHOT/hadoop-ozone-objectstore-service-0.5.0-SNAPSHOT.jar:/root/.m2/repository/org/apache/hadoop/hadoop-ozone-s3gateway/0.5.0-SNAPSHOT/hadoop-ozone-s3gateway-0.5.0-SNAPSHOT.jar:/root/.m2/repository/org/jboss/weld/servlet/weld-servlet/2.4.7.Final/weld-servlet-2.4.7.Final.jar:/root/.m2/repository/org/glassfish/jersey/containers/jersey-container-servlet-core/2.27/jersey-container-servlet-core-2.27.jar:/root/.m2/repository/org/glassfish/hk2/external/javax.inject/2.5.0-b42/javax.inject-2.5.0-b42.jar:/root/.m2/repository/org/glassfish/jersey/core/jersey-common/2.27/jersey-common-2.27.jar:/root/.m2/repository/org/glassfish/hk2/osgi-resource-locator/1.0.1/osgi-resource-locator-1.0.1.jar:/root/.m2/repository/javax/ws/rs/javax.ws.rs-api/2.1/javax.ws.rs-api-2.1.jar:/root/.m2/repository/org/glassfish/jersey/ext/cdi/jersey-cdi1x/2.27/jersey-cdi1x-2.27.jar:/root/.m2/repository/org/glassfish/jersey/inject/jersey-hk2/2.27/jersey-hk2-2.27.jar:/root/.m2/repository/org/glassfish/hk2/hk2-locator/2.5.0-b42/hk2-locator-2.5.0-b42.jar:/root/.m2/repository/org/javassist/javassist/3.22.0-CR2/javassist-3.22.0-CR2.jar:/root/.m2/repository/org/glassfish/hk2/hk2-api/2.5.0/hk2-api-2.5.0.jar:/root/.m2/repository/org/glassfish/hk2/external/jakarta.inject/2.5.0/jakarta.inject-2.5.0.jar:/root/.m2/repository/org/glassfish/hk2/hk2-utils/2.5.0/hk2-utils-2.5.0.jar:/root/.m2/repository/jakarta/annotation/jakarta.annotation-api/1.3.4/jakarta.annotation-api-1.3.4.jar:/root/.m2/repository/org/glassfish/hk2/external/aopalliance-repackaged/2.5.0/aopalliance-repackaged-2.5.0.jar:/root/.m2/repository/com/fasterxml/jackson/dataformat/jackson-dataformat-xml/2.9.0/jackson-dataformat-xml-2.9.0.jar:/root/.m2/repository/com/fasterxml/jackson/core/jackson-core/2.9.5/jackson-core-2.9.5.jar:/root/.m2/repository/com/fasterxml/jackson/module/jackson-module-jaxb-annotations/2.9.5/jackson-module-jaxb-annotations-2.9.5.jar:/root/.m2/repository/javax/enterprise/cdi-api/1.2/cdi-api-1.2.jar:/root/.m2/repository/javax/el/javax.el-api/3.0.0/javax.el-api-3.0.0.jar:/root/.m2/repository/javax/interceptor/javax.interceptor-api/1.2/javax.interceptor-api-1.2.jar:/root/.m2/repository/javax/inject/javax.inject/1/javax.inject-1.jar:/root/.m2/repository/com/sun/xml/bind/jaxb-impl/2.3.0.1/jaxb-impl-2.3.0.1.jar:/root/.m2/repository/com/sun/xml/bind/jaxb-core/2.3.0.1/jaxb-core-2.3.0.1.jar:/root/.m2/repository/javax/xml/bind/jaxb-api/2.3.0/jaxb-api-2.3.0.jar:/root/.m2/repository/javax/activation/activation/1.1.1/activation-1.1.1.jar:/root/.m2/repository/org/apache/hadoop/hadoop-ozone-csi/0.5.0-SNAPSHOT/hadoop-ozone-csi-0.5.0-SNAPSHOT.jar:/root/.m2/repository/com/google/protobuf/protobuf-java-util/3.5.1/protobuf-java-util-3.5.1.jar:/root/.m2/repository/org/apache/hadoop/hadoop-hdds-config/0.5.0-SNAPSHOT/hadoop-hdds-config-0.5.0-SNAPSHOT.jar:/root/.m2/repository/com/google/guava/guava/11.0.2/guava-11.0.2.jar:/root/.m2/repository/com/google/protobuf/protobuf-java/2.5.0/protobuf-java-2.5.0.jar:/root/.m2/repository/io/grpc/grpc-netty/1.17.1/grpc-netty-1.17.1.jar:/root/.m2/repository/io/grpc/grpc-core/1.17.1/grpc-core-1.17.1.jar:/root/.m2/repository/io/grpc/grpc-context/1.17.1/grpc-context-1.17.1.jar:/root/.m2/repository/com/google/errorprone/error_prone_annotations/2.2.0/error_prone_annotations-2.2.0.jar:/root/.m2/repository/org/codehaus/mojo/animal-sniffer-annotations/1.17/animal-sniffer-annotations-1.17.jar:/root/.m2/repository/io/opencensus/opencensus-api/0.17.0/opencensus-api-0.17.0.jar:/root/.m2/repository/io/opencensus/opencensus-contrib-grpc-metrics/0.17.0/opencensus-contrib-grpc-metrics-0.17.0.jar:/root/.m2/repository/io/netty/netty-codec-http2/4.1.30.Final/netty-codec-http2-4.1.30.Final.jar:/root/.m2/repository/io/netty/netty-codec-http/4.1.30.Final/netty-codec-http-4.1.30.Final.jar:/root/.m2/repository/io/netty/netty-codec/4.1.30.Final/netty-codec-4.1.30.Final.jar:/root/.m2/repository/io/netty/netty-handler/4.1.30.Final/netty-handler-4.1.30.Final.jar:/root/.m2/repository/io/netty/netty-handler-proxy/4.1.30.Final/netty-handler-proxy-4.1.30.Final.jar:/root/.m2/repository/io/netty/netty-codec-socks/4.1.30.Final/netty-codec-socks-4.1.30.Final.jar:/root/.m2/repository/io/netty/netty-transport-native-epoll/4.1.30.Final/netty-transport-native-epoll-4.1.30.Final.jar:/root/.m2/repository/io/netty/netty-common/4.1.30.Final/netty-common-4.1.30.Final.jar:/root/.m2/repository/io/netty/netty-buffer/4.1.30.Final/netty-buffer-4.1.30.Final.jar:/root/.m2/repository/io/netty/netty-transport/4.1.30.Final/netty-transport-4.1.30.Final.jar:/root/.m2/repository/io/netty/netty-resolver/4.1.30.Final/netty-resolver-4.1.30.Final.jar:/root/.m2/repository/io/netty/netty-transport-native-unix-common/4.1.30.Final/netty-transport-native-unix-common-4.1.30.Final.jar:/root/.m2/repository/io/grpc/grpc-protobuf/1.17.1/grpc-protobuf-1.17.1.jar:/root/.m2/repository/com/google/api/grpc/proto-google-common-protos/1.0.0/proto-google-common-protos-1.0.0.jar:/root/.m2/repository/io/grpc/grpc-protobuf-lite/1.17.1/grpc-protobuf-lite-1.17.1.jar:/root/.m2/repository/io/grpc/grpc-stub/1.17.1/grpc-stub-1.17.1.jar:/root/.m2/repository/org/apache/hadoop/hadoop-ozone-recon/0.5.0-SNAPSHOT/hadoop-ozone-recon-0.5.0-SNAPSHOT.jar:/root/.m2/repository/org/apache/hadoop/hadoop-ozone-reconcodegen/0.5.0-SNAPSHOT/hadoop-ozone-reconcodegen-0.5.0-SNAPSHOT.jar:/root/.m2/repository/com/google/inject/extensions/guice-multibindings/4.0/guice-multibindings-4.0.jar:/root/.m2/repository/com/google/inject/guice/4.0/guice-4.0.jar:/root/.m2/repository/aopalliance/aopalliance/1.0/aopalliance-1.0.jar:/root/.m2/repository/com/google/inject/extensions/guice-servlet/4.0/guice-servlet-4.0.jar:/root/.m2/repository/org/glassfish/jersey/containers/jersey-container-servlet/2.27/jersey-container-servlet-2.27.jar:/root/.m2/repository/org/glassfish/hk2/guice-bridge/2.5.0/guice-bridge-2.5.0.jar:/root/.m2/repository/org/glassfish/jersey/core/jersey-server/2.27/jersey-server-2.27.jar:/root/.m2/repository/org/glassfish/jersey/core/jersey-client/2.27/jersey-client-2.27.jar:/root/.m2/repository/org/glassfish/jersey/media/jersey-media-jaxb/2.27/jersey-media-jaxb-2.27.jar:/root/.m2/repository/javax/validation/validation-api/1.1.0.Final/validation-api-1.1.0.Final.jar:/root/.m2/repository/org/glassfish/jersey/media/jersey-media-json-jackson/2.27/jersey-media-json-jackson-2.27.jar:/root/.m2/repository/org/glassfish/jersey/ext/jersey-entity-filtering/2.27/jersey-entity-filtering-2.27.jar:/root/.m2/repository/com/google/inject/extensions/guice-assistedinject/4.0/guice-assistedinject-4.0.jar:/root/.m2/repository/org/jooq/jooq/3.11.10/jooq-3.11.10.jar:/root/.m2/repository/org/jooq/jooq-meta/3.11.10/jooq-meta-3.11.10.jar:/root/.m2/repository/org/jooq/jooq-codegen/3.11.10/jooq-codegen-3.11.10.jar:/root/.m2/repository/com/jolbox/bonecp/0.8.0.RELEASE/bonecp-0.8.0.RELEASE.jar:/root/.m2/repository/org/xerial/sqlite-jdbc/3.25.2/sqlite-jdbc-3.25.2.jar:/root/.m2/repository/org/springframework/spring-jdbc/5.1.3.RELEASE/spring-jdbc-5.1.3.RELEASE.jar:/root/.m2/repository/org/springframework/spring-beans/5.1.3.RELEASE/spring-beans-5.1.3.RELEASE.jar:/root/.m2/repository/org/springframework/spring-core/5.1.3.RELEASE/spring-core-5.1.3.RELEASE.jar:/root/.m2/repository/org/springframework/spring-jcl/5.1.3.RELEASE/spring-jcl-5.1.3.RELEASE.jar:/root/.m2/repository/org/springframework/spring-tx/5.1.3.RELEASE/spring-tx-5.1.3.RELEASE.jar:/root/.m2/repository/org/apache/hadoop/hadoop-ozone-client/0.5.0-SNAPSHOT/hadoop-ozone-client-0.5.0-SNAPSHOT.jar:/root/.m2/repository/org/apache/hadoop/hadoop-ozone-ozone-manager/0.5.0-SNAPSHOT/hadoop-ozone-ozone-manager-0.5.0-SNAPSHOT-tests.jar:/root/.m2/repository/junit/junit/4.11/junit-4.11.jar:/root/.m2/repository/org/hamcrest/hamcrest-core/1.3/hamcrest-core-1.3.jar:/root/.m2/repository/org/openjdk/jmh/jmh-core/1.19/jmh-core-1.19.jar:/root/.m2/repository/net/sf/jopt-simple/jopt-simple/4.6/jopt-simple-4.6.jar:/root/.m2/repository/org/apache/commons/commons-math3/3.1.1/commons-math3-3.1.1.jar:/root/.m2/repository/org/openjdk/jmh/jmh-generator-annprocess/1.19/jmh-generator-annprocess-1.19.jar:/root/.m2/repository/org/mockito/mockito-all/1.8.5/mockito-all-1.8.5.jar:/root/.m2/repository/org/apache/hadoop/hadoop-kms/3.2.0/hadoop-kms-3.2.0.jar:/root/.m2/repository/org/apache/hadoop/hadoop-auth/3.2.0/hadoop-auth-3.2.0.jar:/root/.m2/repository/com/nimbusds/nimbus-jose-jwt/4.41.1/nimbus-jose-jwt-4.41.1.jar:/root/.m2/repository/com/github/stephenc/jcip/jcip-annotations/1.0-1/jcip-annotations-1.0-1.jar:/root/.m2/repository/net/minidev/json-smart/2.3/json-smart-2.3.jar:/root/.m2/repository/net/minidev/accessors-smart/1.2/accessors-smart-1.2.jar:/root/.m2/repository/org/ow2/asm/asm/5.0.4/asm-5.0.4.jar:/root/.m2/repository/org/apache/curator/curator-framework/2.12.0/curator-framework-2.12.0.jar:/root/.m2/repository/com/sun/jersey/jersey-core/1.19/jersey-core-1.19.jar:/root/.m2/repository/javax/ws/rs/jsr311-api/1.1.1/jsr311-api-1.1.1.jar:/root/.m2/repository/com/sun/jersey/jersey-server/1.19/jersey-server-1.19.jar:/root/.m2/repository/javax/servlet/javax.servlet-api/3.1.0/javax.servlet-api-3.1.0.jar:/root/.m2/repository/org/eclipse/jetty/jetty-server/9.3.24.v20180605/jetty-server-9.3.24.v20180605.jar:/root/.m2/repository/org/eclipse/jetty/jetty-http/9.3.24.v20180605/jetty-http-9.3.24.v20180605.jar:/root/.m2/repository/org/eclipse/jetty/jetty-io/9.3.24.v20180605/jetty-io-9.3.24.v20180605.jar:/root/.m2/repository/org/eclipse/jetty/jetty-webapp/9.3.24.v20180605/jetty-webapp-9.3.24.v20180605.jar:/root/.m2/repository/org/eclipse/jetty/jetty-xml/9.3.24.v20180605/jetty-xml-9.3.24.v20180605.jar:/root/.m2/repository/log4j/log4j/1.2.17/log4j-1.2.17.jar:/root/.m2/repository/org/slf4j/slf4j-api/1.7.25/slf4j-api-1.7.25.jar:/root/.m2/repository/org/slf4j/jul-to-slf4j/1.7.25/jul-to-slf4j-1.7.25.jar:/root/.m2/repository/org/eclipse/jetty/jetty-util/9.3.24.v20180605/jetty-util-9.3.24.v20180605.jar:/root/.m2/repository/io/dropwizard/metrics/metrics-core/3.2.4/metrics-core-3.2.4.jar:/root/.m2/repository/com/fasterxml/jackson/core/jackson-databind/2.9.5/jackson-databind-2.9.5.jar:/root/.m2/repository/org/apache/hadoop/hadoop-kms/3.2.0/hadoop-kms-3.2.0-tests.jar:/root/.m2/repository/org/apache/hadoop/hadoop-hdds-server-scm/0.5.0-SNAPSHOT/hadoop-hdds-server-scm-0.5.0-SNAPSHOT-tests.jar:/root/.m2/repository/org/hamcrest/hamcrest-all/1.3/hamcrest-all-1.3.jar:/root/.m2/repository/info/picocli/picocli/3.9.6/picocli-3.9.6.jar:/root/.m2/repository/org/apache/hadoop/hadoop-hdds-container-service/0.5.0-SNAPSHOT/hadoop-hdds-container-service-0.5.0-SNAPSHOT-tests.jar:/root/.m2/repository/org/yaml/snakeyaml/1.16/snakeyaml-1.16.jar:/root/.m2/repository/org/apache/hadoop/hadoop-common/3.2.0/hadoop-common-3.2.0-tests.jar:/root/.m2/repository/org/apache/hadoop/hadoop-annotations/3.2.0/hadoop-annotations-3.2.0.jar:/usr/lib/jvm/java-1.8-openjdk/jre/../lib/tools.jar:/root/.m2/repository/commons-cli/commons-cli/1.2/commons-cli-1.2.jar:/root/.m2/repository/org/apache/httpcomponents/httpclient/4.5.2/httpclient-4.5.2.jar:/root/.m2/repository/org/apache/httpcomponents/httpcore/4.4.4/httpcore-4.4.4.jar:/root/.m2/repository/commons-codec/commons-codec/1.11/commons-codec-1.11.jar:/root/.m2/repository/commons-net/commons-net/3.6/commons-net-3.6.jar:/root/.m2/repository/commons-collections/commons-collections/3.2.2/commons-collections-3.2.2.jar:/root/.m2/repository/org/eclipse/jetty/jetty-servlet/9.3.24.v20180605/jetty-servlet-9.3.24.v20180605.jar:/root/.m2/repository/org/eclipse/jetty/jetty-security/9.3.24.v20180605/jetty-security-9.3.24.v20180605.jar:/root/.m2/repository/javax/servlet/jsp/jsp-api/2.1/jsp-api-2.1.jar:/root/.m2/repository/com/sun/jersey/jersey-servlet/1.19/jersey-servlet-1.19.jar:/root/.m2/repository/com/sun/jersey/jersey-json/1.19/jersey-json-1.19.jar:/root/.m2/repository/org/codehaus/jettison/jettison/1.1/jettison-1.1.jar:/root/.m2/repository/org/codehaus/jackson/jackson-core-asl/1.9.13/jackson-core-asl-1.9.13.jar:/root/.m2/repository/org/codehaus/jackson/jackson-mapper-asl/1.9.13/jackson-mapper-asl-1.9.13.jar:/root/.m2/repository/org/codehaus/jackson/jackson-jaxrs/1.9.13/jackson-jaxrs-1.9.13.jar:/root/.m2/repository/org/codehaus/jackson/jackson-xc/1.9.13/jackson-xc-1.9.13.jar:/root/.m2/repository/commons-logging/commons-logging/1.1.3/commons-logging-1.1.3.jar:/root/.m2/repository/commons-beanutils/commons-beanutils/1.9.3/commons-beanutils-1.9.3.jar:/root/.m2/repository/org/apache/commons/commons-configuration2/2.1.1/commons-configuration2-2.1.1.jar:/root/.m2/repository/org/apache/commons/commons-lang3/3.7/commons-lang3-3.7.jar:/root/.m2/repository/org/apache/commons/commons-text/1.4/commons-text-1.4.jar:/root/.m2/repository/org/apache/avro/avro/1.7.7/avro-1.7.7.jar:/root/.m2/repository/com/thoughtworks/paranamer/paranamer/2.3/paranamer-2.3.jar:/root/.m2/repository/org/xerial/snappy/snappy-java/1.0.5/snappy-java-1.0.5.jar:/root/.m2/repository/com/google/re2j/re2j/1.1/re2j-1.1.jar:/root/.m2/repository/com/google/code/gson/gson/2.2.4/gson-2.2.4.jar:/root/.m2/repository/com/jcraft/jsch/0.1.54/jsch-0.1.54.jar:/root/.m2/repository/org/apache/curator/curator-client/2.12.0/curator-client-2.12.0.jar:/root/.m2/repository/org/apache/curator/curator-recipes/2.12.0/curator-recipes-2.12.0.jar:/root/.m2/repository/com/google/code/findbugs/jsr305/3.0.0/jsr305-3.0.0.jar:/root/.m2/repository/org/apache/htrace/htrace-core4/4.1.0-incubating/htrace-core4-4.1.0-incubating.jar:/root/.m2/repository/org/apache/zookeeper/zookeeper/3.4.13/zookeeper-3.4.13.jar:/root/.m2/repository/org/apache/yetus/audience-annotations/0.5.0/audience-annotations-0.5.0.jar:/root/.m2/repository/org/codehaus/woodstox/stax2-api/3.1.4/stax2-api-3.1.4.jar:/root/.m2/repository/com/fasterxml/woodstox/woodstox-core/5.0.3/woodstox-core-5.0.3.jar:/root/.m2/repository/dnsjava/dnsjava/2.1.7/dnsjava-2.1.7.jar:/root/.m2/repository/org/apache/hadoop/hadoop-hdfs/3.2.0/hadoop-hdfs-3.2.0-tests.jar:/root/.m2/repository/org/eclipse/jetty/jetty-util-ajax/9.3.24.v20180605/jetty-util-ajax-9.3.24.v20180605.jar:/root/.m2/repository/commons-daemon/commons-daemon/1.0.13/commons-daemon-1.0.13.jar:/root/.m2/repository/io/netty/netty/3.10.5.Final/netty-3.10.5.Final.jar:/root/.m2/repository/io/netty/netty-all/4.0.52.Final/netty-all-4.0.52.Final.jar:/root/.m2/repository/org/fusesource/leveldbjni/leveldbjni-all/1.8/leveldbjni-all-1.8.jar:"/>
    <property name="sun.cpu.endian" value="little"/>
    <property name="user.home" value="/root"/>
    <property name="user.language" value="en"/>
    <property name="java.specification.vendor" value="Oracle Corporation"/>
    <property name="java.home" value="/usr/lib/jvm/java-1.8-openjdk/jre"/>
    <property name="java.security.krb5.conf" value="/opt/src/hadoop-ozone/integration-test/target/test-classes/krb5.conf"/>
    <property name="basedir" value="/opt/src/hadoop-ozone/integration-test"/>
    <property name="file.separator" value="/"/>
    <property name="line.separator" value="&#10;"/>
    <property name="java.vm.specification.vendor" value="Oracle Corporation"/>
    <property name="java.specification.name" value="Java Platform API Specification"/>
    <property name="java.awt.graphicsenv" value="sun.awt.X11GraphicsEnvironment"/>
    <property name="surefire.real.class.path" value="/opt/src/hadoop-ozone/integration-test/target/surefire/surefirebooter8383719081065639159.jar"/>
    <property name="hadoop.log.dir" value="/opt/src/hadoop-ozone/integration-test/target/log"/>
    <property name="sun.boot.class.path" value="/usr/lib/jvm/java-1.8-openjdk/jre/lib/resources.jar:/usr/lib/jvm/java-1.8-openjdk/jre/lib/rt.jar:/usr/lib/jvm/java-1.8-openjdk/jre/lib/sunrsasign.jar:/usr/lib/jvm/java-1.8-openjdk/jre/lib/jsse.jar:/usr/lib/jvm/java-1.8-openjdk/jre/lib/jce.jar:/usr/lib/jvm/java-1.8-openjdk/jre/lib/charsets.jar:/usr/lib/jvm/java-1.8-openjdk/jre/lib/jfr.jar:/usr/lib/jvm/java-1.8-openjdk/jre/classes"/>
    <property name="sun.management.compiler" value="HotSpot 64-Bit Tiered Compilers"/>
    <property name="java.runtime.version" value="1.8.0_212-b04"/>
    <property name="java.net.preferIPv4Stack" value="true"/>
    <property name="user.name" value="root"/>
    <property name="path.separator" value=":"/>
    <property name="java.security.egd" value="file:///dev/urandom"/>
    <property name="os.version" value="4.15.0-1021-aws"/>
    <property name="java.endorsed.dirs" value="/usr/lib/jvm/java-1.8-openjdk/jre/lib/endorsed"/>
    <property name="java.runtime.name" value="OpenJDK Runtime Environment"/>
    <property name="file.encoding" value="UTF-8"/>
    <property name="java.vm.name" value="OpenJDK 64-Bit Server VM"/>
    <property name="test.build.webapps" value=""/>
    <property name="localRepository" value="/root/.m2/repository"/>
    <property name="java.vendor.url.bug" value="https://icedtea.classpath.org/bugzilla"/>
    <property name="java.io.tmpdir" value="/tmp"/>
    <property name="require.test.libhadoop" value=""/>
    <property name="java.version" value="1.8.0_212"/>
    <property name="user.dir" value="/opt/src/hadoop-ozone/integration-test"/>
    <property name="os.arch" value="amd64"/>
    <property name="java.vm.specification.name" value="Java Virtual Machine Specification"/>
    <property name="test.build.classes" value="/opt/src/hadoop-ozone/integration-test/target/test-classes"/>
    <property name="java.awt.printerjob" value="sun.print.PSPrinterJob"/>
    <property name="sun.os.patch.level" value="unknown"/>
    <property name="hadoop.tmp.dir" value="/opt/src/hadoop-ozone/integration-test/target/tmp"/>
    <property name="java.library.path" value="/usr/lib/jvm/java-1.8-openjdk/jre/lib/amd64/server:/usr/lib/jvm/java-1.8-openjdk/jre/lib/amd64:/usr/lib/jvm/java-1.8-openjdk/jre/../lib/amd64:/opt/src/hadoop-ozone/integration-test/target/native/target/usr/local/lib:/opt/src/hadoop-ozone/integration-test/../../hadoop-common-project/hadoop-common/target/native/target/usr/local/lib:/usr/java/packages/lib/amd64:/usr/lib64:/lib64:/lib:/usr/lib"/>
    <property name="java.vm.info" value="mixed mode"/>
    <property name="java.vendor" value="IcedTea"/>
    <property name="java.vm.version" value="25.212-b04"/>
    <property name="java.ext.dirs" value="/usr/lib/jvm/java-1.8-openjdk/jre/lib/ext:/usr/java/packages/lib/ext"/>
    <property name="sun.io.unicode.encoding" value="UnicodeLittle"/>
    <property name="java.class.version" value="52.0"/>
  </properties>
  <testcase name="testWatchForCommitWithKeyWrite" classname="org.apache.hadoop.ozone.client.rpc.TestWatchForCommit" time="25.122"/>
  <testcase name="testWatchForCommitWithSmallerTimeoutValue" classname="org.apache.hadoop.ozone.client.rpc.TestWatchForCommit" time="13.797"/>
  <testcase name="testWatchForCommitForRetryfailure" classname="org.apache.hadoop.ozone.client.rpc.TestWatchForCommit" time="47.722">
    <failure type="java.lang.AssertionError">java.lang.AssertionError
	at org.junit.Assert.fail(Assert.java:86)
	at org.junit.Assert.assertTrue(Assert.java:41)
	at org.junit.Assert.assertTrue(Assert.java:52)
	at org.apache.hadoop.ozone.client.rpc.TestWatchForCommit.testWatchForCommitForRetryfailure(TestWatchForCommit.java:350)
	at sun.reflect.NativeMethodAccessorImpl.invoke0(Native Method)
	at sun.reflect.NativeMethodAccessorImpl.invoke(NativeMethodAccessorImpl.java:62)
	at sun.reflect.DelegatingMethodAccessorImpl.invoke(DelegatingMethodAccessorImpl.java:43)
	at java.lang.reflect.Method.invoke(Method.java:498)
	at org.junit.runners.model.FrameworkMethod$1.runReflectiveCall(FrameworkMethod.java:47)
	at org.junit.internal.runners.model.ReflectiveCallable.run(ReflectiveCallable.java:12)
	at org.junit.runners.model.FrameworkMethod.invokeExplosively(FrameworkMethod.java:44)
	at org.junit.internal.runners.statements.InvokeMethod.evaluate(InvokeMethod.java:17)
	at org.junit.runners.ParentRunner.runLeaf(ParentRunner.java:271)
	at org.junit.runners.BlockJUnit4ClassRunner.runChild(BlockJUnit4ClassRunner.java:70)
	at org.junit.runners.BlockJUnit4ClassRunner.runChild(BlockJUnit4ClassRunner.java:50)
	at org.junit.runners.ParentRunner$3.run(ParentRunner.java:238)
	at org.junit.runners.ParentRunner$1.schedule(ParentRunner.java:63)
	at org.junit.runners.ParentRunner.runChildren(ParentRunner.java:236)
	at org.junit.runners.ParentRunner.access$000(ParentRunner.java:53)
	at org.junit.runners.ParentRunner$2.evaluate(ParentRunner.java:229)
	at org.junit.runners.ParentRunner.run(ParentRunner.java:309)
	at org.apache.maven.surefire.junit4.JUnit4Provider.execute(JUnit4Provider.java:365)
	at org.apache.maven.surefire.junit4.JUnit4Provider.executeWithRerun(JUnit4Provider.java:273)
	at org.apache.maven.surefire.junit4.JUnit4Provider.executeTestSet(JUnit4Provider.java:238)
	at org.apache.maven.surefire.junit4.JUnit4Provider.invoke(JUnit4Provider.java:159)
	at org.apache.maven.surefire.booter.ForkedBooter.invokeProviderInSameClassLoader(ForkedBooter.java:384)
	at org.apache.maven.surefire.booter.ForkedBooter.runSuitesInProcess(ForkedBooter.java:345)
	at org.apache.maven.surefire.booter.ForkedBooter.execute(ForkedBooter.java:126)
	at org.apache.maven.surefire.booter.ForkedBooter.main(ForkedBooter.java:418)
</failure>
    <system-out><![CDATA[2019-06-12 14:50:51,252 WARN  server.ServerUtils (ServerUtils.java:getScmDbDir(145)) - ozone.scm.db.dirs is not configured. We recommend adding this setting. Falling back to ozone.metadata.dirs instead.
2019-06-12 14:50:51,257 WARN  server.ServerUtils (ServerUtils.java:getScmDbDir(145)) - ozone.scm.db.dirs is not configured. We recommend adding this setting. Falling back to ozone.metadata.dirs instead.
2019-06-12 14:50:51,257 WARN  server.ServerUtils (ServerUtils.java:getScmDbDir(145)) - ozone.scm.db.dirs is not configured. We recommend adding this setting. Falling back to ozone.metadata.dirs instead.
2019-06-12 14:50:51,258 INFO  db.DBStoreBuilder (DBStoreBuilder.java:addTable(110)) - using custom profile for table: deletedBlocks
2019-06-12 14:50:51,258 INFO  db.DBStoreBuilder (DBStoreBuilder.java:processTables(161)) - Using default column profile:DBProfile.DISK for Table:deletedBlocks
2019-06-12 14:50:51,258 INFO  db.DBStoreBuilder (DBStoreBuilder.java:addTable(110)) - using custom profile for table: validCerts
2019-06-12 14:50:51,258 INFO  db.DBStoreBuilder (DBStoreBuilder.java:processTables(161)) - Using default column profile:DBProfile.DISK for Table:validCerts
2019-06-12 14:50:51,258 INFO  db.DBStoreBuilder (DBStoreBuilder.java:addTable(110)) - using custom profile for table: revokedCerts
2019-06-12 14:50:51,258 INFO  db.DBStoreBuilder (DBStoreBuilder.java:processTables(161)) - Using default column profile:DBProfile.DISK for Table:revokedCerts
2019-06-12 14:50:51,258 INFO  db.DBStoreBuilder (DBStoreBuilder.java:addTable(110)) - using custom profile for table: default
2019-06-12 14:50:51,259 INFO  db.DBStoreBuilder (DBStoreBuilder.java:processTables(167)) - Using default column profile:DBProfile.DISK for Table:default
2019-06-12 14:50:51,259 INFO  db.DBStoreBuilder (DBStoreBuilder.java:getDbProfile(198)) - Using default options. DBProfile.DISK
2019-06-12 14:50:51,297 WARN  server.ServerUtils (ServerUtils.java:sanitizeUserArgs(70)) - ozone.scm.stale.node.interval value = 300000 is larger than max = 100000 based on the key value of ozone.scm.heartbeat.thread.interval, reset to the max value 100000.
2019-06-12 14:50:51,297 WARN  server.ServerUtils (ServerUtils.java:sanitizeUserArgs(70)) - ozone.scm.stale.node.interval value = 300000 is larger than max = 100000 based on the key value of ozone.scm.heartbeat.thread.interval, reset to the max value 100000.
2019-06-12 14:50:51,297 INFO  node.SCMNodeManager (SCMNodeManager.java:<init>(108)) - Entering startup safe mode.
2019-06-12 14:50:51,298 INFO  net.NodeSchemaLoader (NodeSchemaLoader.java:loadSchemaFromFile(125)) - Loading file from sun.misc.CompoundEnumeration@5ae87de0
2019-06-12 14:50:51,298 INFO  net.NodeSchemaLoader (NodeSchemaLoader.java:loadSchema(171)) - Loading network topology layer schema file
2019-06-12 14:50:51,300 WARN  server.ServerUtils (ServerUtils.java:getScmDbDir(145)) - ozone.scm.db.dirs is not configured. We recommend adding this setting. Falling back to ozone.metadata.dirs instead.
2019-06-12 14:50:51,312 INFO  pipeline.SCMPipelineManager (SCMPipelineManager.java:initializePipelineState(126)) - No pipeline exists in current db
2019-06-12 14:50:51,312 WARN  server.ServerUtils (ServerUtils.java:getScmDbDir(145)) - ozone.scm.db.dirs is not configured. We recommend adding this setting. Falling back to ozone.metadata.dirs instead.
2019-06-12 14:50:51,326 WARN  events.EventQueue (EventQueue.java:fireEvent(175)) - No event handler registered for event TypedEvent{payloadType=SafeModeStatus, name='SafeModeStatus'}
2019-06-12 14:50:51,327 INFO  ipc.CallQueueManager (CallQueueManager.java:<init>(84)) - Using callQueue: class java.util.concurrent.LinkedBlockingQueue, queueCapacity: 2000, scheduler: class org.apache.hadoop.ipc.DefaultRpcScheduler, ipcBackoff: false.
2019-06-12 14:50:51,328 INFO  ipc.Server (Server.java:run(1074)) - Starting Socket Reader #1 for port 42441
2019-06-12 14:50:51,329 INFO  ipc.CallQueueManager (CallQueueManager.java:<init>(84)) - Using callQueue: class java.util.concurrent.LinkedBlockingQueue, queueCapacity: 2000, scheduler: class org.apache.hadoop.ipc.DefaultRpcScheduler, ipcBackoff: false.
2019-06-12 14:50:51,330 INFO  ipc.Server (Server.java:run(1074)) - Starting Socket Reader #1 for port 36375
2019-06-12 14:50:51,331 INFO  ipc.CallQueueManager (CallQueueManager.java:<init>(84)) - Using callQueue: class java.util.concurrent.LinkedBlockingQueue, queueCapacity: 2000, scheduler: class org.apache.hadoop.ipc.DefaultRpcScheduler, ipcBackoff: false.
2019-06-12 14:50:51,331 INFO  ipc.Server (Server.java:run(1074)) - Starting Socket Reader #1 for port 41815
2019-06-12 14:50:51,333 INFO  hdfs.DFSUtil (DFSUtil.java:httpServerTemplateForNNAndJN(1641)) - Starting Web-server for scm at: http://0.0.0.0:0
2019-06-12 14:50:51,334 INFO  server.AuthenticationFilter (AuthenticationFilter.java:constructSecretProvider(240)) - Unable to initialize FileSignerSecretProvider, falling back to use random secrets.
2019-06-12 14:50:51,335 WARN  http.HttpRequestLog (HttpRequestLog.java:getRequestLog(97)) - Jetty request log can only be enabled using Log4j
2019-06-12 14:50:51,336 INFO  http.HttpServer2 (HttpServer2.java:addGlobalFilter(975)) - Added global filter 'safety' (class=org.apache.hadoop.http.HttpServer2$QuotingInputFilter)
2019-06-12 14:50:51,336 INFO  http.HttpServer2 (HttpServer2.java:addFilter(948)) - Added filter static_user_filter (class=org.apache.hadoop.http.lib.StaticUserWebFilter$StaticUserFilter) to context scm
2019-06-12 14:50:51,336 INFO  http.HttpServer2 (HttpServer2.java:addFilter(958)) - Added filter static_user_filter (class=org.apache.hadoop.http.lib.StaticUserWebFilter$StaticUserFilter) to context static
2019-06-12 14:50:51,336 INFO  http.HttpServer2 (HttpServer2.java:addFilter(958)) - Added filter static_user_filter (class=org.apache.hadoop.http.lib.StaticUserWebFilter$StaticUserFilter) to context logs
2019-06-12 14:50:51,339 INFO  server.StorageContainerManager (StorageContainerManager.java:start(752)) - StorageContainerLocationProtocol RPC server is listening at /0.0.0.0:41815
2019-06-12 14:50:51,339 INFO  impl.MetricsSystemImpl (MetricsSystemImpl.java:init(158)) - StorageContainerManager metrics system started (again)
2019-06-12 14:50:51,341 INFO  server.SCMClientProtocolServer (SCMClientProtocolServer.java:start(149)) - RPC server for Client  is listening at /0.0.0.0:41815
2019-06-12 14:50:51,342 INFO  ipc.Server (Server.java:run(1314)) - IPC Server Responder: starting
2019-06-12 14:50:51,342 INFO  ipc.Server (Server.java:run(1153)) - IPC Server listener on 41815: starting
2019-06-12 14:50:51,345 INFO  server.StorageContainerManager (StorageContainerManager.java:start(761)) - ScmBlockLocationProtocol RPC server is listening at /0.0.0.0:36375
2019-06-12 14:50:51,345 INFO  server.SCMBlockProtocolServer (SCMBlockProtocolServer.java:start(137)) - RPC server for Block Protocol is listening at /0.0.0.0:36375
2019-06-12 14:50:51,345 INFO  ipc.Server (Server.java:run(1314)) - IPC Server Responder: starting
2019-06-12 14:50:51,345 INFO  ipc.Server (Server.java:run(1153)) - IPC Server listener on 36375: starting
2019-06-12 14:50:51,348 INFO  server.StorageContainerManager (StorageContainerManager.java:start(765)) - ScmDatanodeProtocl RPC server is listening at /0.0.0.0:42441
2019-06-12 14:50:51,348 INFO  server.SCMDatanodeProtocolServer (SCMDatanodeProtocolServer.java:start(191)) - RPC server for DataNodes is listening at /0.0.0.0:42441
2019-06-12 14:50:51,348 INFO  ipc.Server (Server.java:run(1314)) - IPC Server Responder: starting
2019-06-12 14:50:51,348 INFO  ipc.Server (Server.java:run(1153)) - IPC Server listener on 42441: starting
2019-06-12 14:50:51,351 INFO  http.HttpServer2 (HttpServer2.java:bindListener(1191)) - Jetty bound to port 44487
2019-06-12 14:50:51,351 INFO  server.Server (Server.java:doStart(351)) - jetty-9.3.24.v20180605, build timestamp: 2018-06-05T17:11:56Z, git hash: 84205aa28f11a4f31f2a3b86d1bba2cc8ab69827
2019-06-12 14:50:51,352 INFO  handler.ContextHandler (ContextHandler.java:doStart(781)) - Started o.e.j.s.ServletContextHandler@34f48d1{/logs,file:///opt/src/hadoop-ozone/integration-test/target/log,AVAILABLE}
2019-06-12 14:50:51,353 INFO  handler.ContextHandler (ContextHandler.java:doStart(781)) - Started o.e.j.s.ServletContextHandler@45f8415b{/static,file:///opt/src/hadoop-ozone/integration-test/target/test-classes/webapps/static,AVAILABLE}
2019-06-12 14:50:51,356 INFO  handler.ContextHandler (ContextHandler.java:doStart(781)) - Started o.e.j.w.WebAppContext@3d8bd881{/,file:///opt/src/hadoop-ozone/integration-test/target/test-classes/webapps/scm/,AVAILABLE}{/scm}
2019-06-12 14:50:51,357 INFO  server.AbstractConnector (AbstractConnector.java:doStart(278)) - Started ServerConnector@731ab49b{HTTP/1.1,[http/1.1]}{0.0.0.0:44487}
2019-06-12 14:50:51,357 INFO  server.Server (Server.java:doStart(419)) - Started @39335ms
2019-06-12 14:50:51,358 INFO  server.BaseHttpServer (BaseHttpServer.java:updateConnectorAddress(207)) - HTTP server of SCM is listening at http://0.0.0.0:44487
2019-06-12 14:50:51,360 WARN  scm.ScmUtils (ScmUtils.java:getDBPath(63)) - ozone.om.db.dirs is not configured. We recommend adding this setting. Falling back to ozone.metadata.dirs instead.
2019-06-12 14:50:51,360 INFO  util.JvmPauseMonitor (JvmPauseMonitor.java:run(188)) - Starting JVM pause monitor
2019-06-12 14:50:51,362 WARN  scm.ScmUtils (ScmUtils.java:getDBPath(63)) - ozone.om.db.dirs is not configured. We recommend adding this setting. Falling back to ozone.metadata.dirs instead.
2019-06-12 14:50:51,363 INFO  om.OzoneManager (OzoneManager.java:setOMNodeDetails(519)) - OM Service ID is not set. Setting it to the default ID: omServiceIdDefault
2019-06-12 14:50:51,363 INFO  om.OzoneManager (OzoneManager.java:setOMNodeDetails(525)) - OM Node ID is not set. Setting it to the OmStorage's OmID: 875b624e-6ca1-4739-b5ad-50de462080c5
2019-06-12 14:50:51,363 WARN  scm.HddsServerUtil (HddsServerUtil.java:getDefaultRatisDirectory(354)) - Storage directory for Ratis is not configured. It is a good idea to map this to an SSD disk. Falling back to ozone.metadata.dirs
2019-06-12 14:50:51,363 WARN  scm.HddsServerUtil (HddsServerUtil.java:getDefaultRatisDirectory(354)) - Storage directory for Ratis is not configured. It is a good idea to map this to an SSD disk. Falling back to ozone.metadata.dirs
2019-06-12 14:50:51,363 INFO  om.OzoneManager (OzoneManager.java:loadOMHAConfigs(476)) - Found matching OM address with OMServiceId: null, OMNodeId: null, RPC Address: localhost:0 and Ratis port: 9872
2019-06-12 14:50:51,367 WARN  scm.ScmUtils (ScmUtils.java:getDBPath(63)) - ozone.om.db.dirs is not configured. We recommend adding this setting. Falling back to ozone.metadata.dirs instead.
2019-06-12 14:50:51,367 INFO  db.DBStoreBuilder (DBStoreBuilder.java:addTable(110)) - using custom profile for table: userTable
2019-06-12 14:50:51,367 INFO  db.DBStoreBuilder (DBStoreBuilder.java:processTables(161)) - Using default column profile:DBProfile.DISK for Table:userTable
2019-06-12 14:50:51,367 INFO  db.DBStoreBuilder (DBStoreBuilder.java:addTable(110)) - using custom profile for table: volumeTable
2019-06-12 14:50:51,368 INFO  db.DBStoreBuilder (DBStoreBuilder.java:processTables(161)) - Using default column profile:DBProfile.DISK for Table:volumeTable
2019-06-12 14:50:51,368 INFO  db.DBStoreBuilder (DBStoreBuilder.java:addTable(110)) - using custom profile for table: bucketTable
2019-06-12 14:50:51,368 INFO  db.DBStoreBuilder (DBStoreBuilder.java:processTables(161)) - Using default column profile:DBProfile.DISK for Table:bucketTable
2019-06-12 14:50:51,368 INFO  db.DBStoreBuilder (DBStoreBuilder.java:addTable(110)) - using custom profile for table: keyTable
2019-06-12 14:50:51,368 INFO  db.DBStoreBuilder (DBStoreBuilder.java:processTables(161)) - Using default column profile:DBProfile.DISK for Table:keyTable
2019-06-12 14:50:51,368 INFO  db.DBStoreBuilder (DBStoreBuilder.java:addTable(110)) - using custom profile for table: deletedTable
2019-06-12 14:50:51,368 INFO  db.DBStoreBuilder (DBStoreBuilder.java:processTables(161)) - Using default column profile:DBProfile.DISK for Table:deletedTable
2019-06-12 14:50:51,369 INFO  db.DBStoreBuilder (DBStoreBuilder.java:addTable(110)) - using custom profile for table: openKeyTable
2019-06-12 14:50:51,369 INFO  db.DBStoreBuilder (DBStoreBuilder.java:processTables(161)) - Using default column profile:DBProfile.DISK for Table:openKeyTable
2019-06-12 14:50:51,369 INFO  db.DBStoreBuilder (DBStoreBuilder.java:addTable(110)) - using custom profile for table: s3Table
2019-06-12 14:50:51,369 INFO  db.DBStoreBuilder (DBStoreBuilder.java:processTables(161)) - Using default column profile:DBProfile.DISK for Table:s3Table
2019-06-12 14:50:51,369 INFO  db.DBStoreBuilder (DBStoreBuilder.java:addTable(110)) - using custom profile for table: multipartInfoTable
2019-06-12 14:50:51,369 INFO  db.DBStoreBuilder (DBStoreBuilder.java:processTables(161)) - Using default column profile:DBProfile.DISK for Table:multipartInfoTable
2019-06-12 14:50:51,369 INFO  db.DBStoreBuilder (DBStoreBuilder.java:addTable(110)) - using custom profile for table: dTokenTable
2019-06-12 14:50:51,369 INFO  db.DBStoreBuilder (DBStoreBuilder.java:processTables(161)) - Using default column profile:DBProfile.DISK for Table:dTokenTable
2019-06-12 14:50:51,370 INFO  db.DBStoreBuilder (DBStoreBuilder.java:addTable(110)) - using custom profile for table: s3SecretTable
2019-06-12 14:50:51,370 INFO  db.DBStoreBuilder (DBStoreBuilder.java:processTables(161)) - Using default column profile:DBProfile.DISK for Table:s3SecretTable
2019-06-12 14:50:51,370 INFO  db.DBStoreBuilder (DBStoreBuilder.java:addTable(110)) - using custom profile for table: prefixTable
2019-06-12 14:50:51,370 INFO  db.DBStoreBuilder (DBStoreBuilder.java:processTables(161)) - Using default column profile:DBProfile.DISK for Table:prefixTable
2019-06-12 14:50:51,370 INFO  db.DBStoreBuilder (DBStoreBuilder.java:addTable(110)) - using custom profile for table: default
2019-06-12 14:50:51,370 INFO  db.DBStoreBuilder (DBStoreBuilder.java:processTables(167)) - Using default column profile:DBProfile.DISK for Table:default
2019-06-12 14:50:51,370 INFO  db.DBStoreBuilder (DBStoreBuilder.java:getDbProfile(198)) - Using default options. DBProfile.DISK
2019-06-12 14:50:51,506 INFO  ipc.CallQueueManager (CallQueueManager.java:<init>(84)) - Using callQueue: class java.util.concurrent.LinkedBlockingQueue, queueCapacity: 2000, scheduler: class org.apache.hadoop.ipc.DefaultRpcScheduler, ipcBackoff: false.
2019-06-12 14:50:51,506 INFO  ipc.Server (Server.java:run(1074)) - Starting Socket Reader #1 for port 42451
2019-06-12 14:50:51,515 WARN  scm.ScmUtils (ScmUtils.java:getDBPath(63)) - ozone.om.db.dirs is not configured. We recommend adding this setting. Falling back to ozone.metadata.dirs instead.
2019-06-12 14:50:51,516 INFO  om.OzoneManager (OzoneManager.java:start(1217)) - OzoneManager RPC server is listening at localhost/127.0.0.1:42451
2019-06-12 14:50:51,516 INFO  impl.MetricsSystemImpl (MetricsSystemImpl.java:init(158)) - OzoneManager metrics system started (again)
2019-06-12 14:50:51,516 INFO  ipc.Server (Server.java:run(1314)) - IPC Server Responder: starting
2019-06-12 14:50:51,516 INFO  ipc.Server (Server.java:run(1153)) - IPC Server listener on 42451: starting
2019-06-12 14:50:51,519 INFO  hdfs.DFSUtil (DFSUtil.java:httpServerTemplateForNNAndJN(1641)) - Starting Web-server for ozoneManager at: http://0.0.0.0:0
2019-06-12 14:50:51,520 INFO  server.AuthenticationFilter (AuthenticationFilter.java:constructSecretProvider(240)) - Unable to initialize FileSignerSecretProvider, falling back to use random secrets.
2019-06-12 14:50:51,521 WARN  http.HttpRequestLog (HttpRequestLog.java:getRequestLog(97)) - Jetty request log can only be enabled using Log4j
2019-06-12 14:50:51,522 INFO  http.HttpServer2 (HttpServer2.java:addGlobalFilter(975)) - Added global filter 'safety' (class=org.apache.hadoop.http.HttpServer2$QuotingInputFilter)
2019-06-12 14:50:51,522 INFO  http.HttpServer2 (HttpServer2.java:addFilter(948)) - Added filter static_user_filter (class=org.apache.hadoop.http.lib.StaticUserWebFilter$StaticUserFilter) to context ozoneManager
2019-06-12 14:50:51,523 INFO  http.HttpServer2 (HttpServer2.java:addFilter(958)) - Added filter static_user_filter (class=org.apache.hadoop.http.lib.StaticUserWebFilter$StaticUserFilter) to context logs
2019-06-12 14:50:51,523 INFO  http.HttpServer2 (HttpServer2.java:addFilter(958)) - Added filter static_user_filter (class=org.apache.hadoop.http.lib.StaticUserWebFilter$StaticUserFilter) to context static
2019-06-12 14:50:51,523 INFO  http.HttpServer2 (HttpServer2.java:bindListener(1191)) - Jetty bound to port 36385
2019-06-12 14:50:51,524 INFO  server.Server (Server.java:doStart(351)) - jetty-9.3.24.v20180605, build timestamp: 2018-06-05T17:11:56Z, git hash: 84205aa28f11a4f31f2a3b86d1bba2cc8ab69827
2019-06-12 14:50:51,525 INFO  handler.ContextHandler (ContextHandler.java:doStart(781)) - Started o.e.j.s.ServletContextHandler@7977f046{/logs,file:///opt/src/hadoop-ozone/integration-test/target/log,AVAILABLE}
2019-06-12 14:50:51,525 INFO  handler.ContextHandler (ContextHandler.java:doStart(781)) - Started o.e.j.s.ServletContextHandler@441aa7ae{/static,file:///opt/src/hadoop-ozone/integration-test/target/test-classes/webapps/static,AVAILABLE}
2019-06-12 14:50:51,527 INFO  handler.ContextHandler (ContextHandler.java:doStart(781)) - Started o.e.j.w.WebAppContext@7ec5aad{/,file:///opt/src/hadoop-ozone/integration-test/target/test-classes/webapps/ozoneManager/,AVAILABLE}{/ozoneManager}
2019-06-12 14:50:51,528 INFO  server.AbstractConnector (AbstractConnector.java:doStart(278)) - Started ServerConnector@625f5712{HTTP/1.1,[http/1.1]}{0.0.0.0:36385}
2019-06-12 14:50:51,528 INFO  server.Server (Server.java:doStart(419)) - Started @39506ms
2019-06-12 14:50:51,529 INFO  server.BaseHttpServer (BaseHttpServer.java:updateConnectorAddress(207)) - HTTP server of OZONEMANAGER is listening at http://0.0.0.0:36385
2019-06-12 14:50:51,540 INFO  impl.MetricsSystemImpl (MetricsSystemImpl.java:init(158)) - HddsDatanode metrics system started (again)
2019-06-12 14:50:51,540 INFO  ozone.HddsDatanodeService (HddsDatanodeService.java:start(185)) - HddsDatanodeService host:ozone-nqbcb-3364917721 ip:192.168.46.18
2019-06-12 14:50:51,544 INFO  volume.HddsVolume (HddsVolume.java:<init>(176)) - Creating Volume: /opt/src/hadoop-ozone/integration-test/target/test-dir/MiniOzoneClusterImpl-e88f50ad-c4a0-4eb5-a6fa-3ac03beecd11/datanode-0/data/containers/hdds of  storage type : DISK and capacity : 104021790720
2019-06-12 14:50:51,544 INFO  volume.VolumeSet (VolumeSet.java:initializeVolumeSet(170)) - Added Volume : /opt/src/hadoop-ozone/integration-test/target/test-dir/MiniOzoneClusterImpl-e88f50ad-c4a0-4eb5-a6fa-3ac03beecd11/datanode-0/data/containers/hdds to VolumeSet
2019-06-12 14:50:51,544 INFO  volume.ThrottledAsyncChecker (ThrottledAsyncChecker.java:schedule(140)) - Scheduling a check for org.apache.hadoop.ozone.container.common.volume.HddsVolume@1df9f7c6
2019-06-12 14:50:51,546 INFO  volume.HddsVolumeChecker (HddsVolumeChecker.java:checkAllVolumes(203)) - Scheduled health check for volume org.apache.hadoop.ozone.container.common.volume.HddsVolume@1df9f7c6
2019-06-12 14:50:51,554 INFO  ratis.XceiverServerRatis (XceiverServerRatis.java:newXceiverServerRatis(401)) - Found a free port for the server : 37445
2019-06-12 14:50:51,555 INFO  impl.RaftServerProxy (ConfUtils.java:logGet(43)) - raft.rpc.type = GRPC (default)
2019-06-12 14:50:51,555 INFO  grpc.GrpcConfigKeys$Server (ConfUtils.java:logGet(43)) - raft.grpc.server.port = 37445 (custom)
2019-06-12 14:50:51,555 INFO  server.GrpcService (ConfUtils.java:logGet(43)) - raft.grpc.message.size.max = 33570816 (custom)
2019-06-12 14:50:51,555 INFO  server.RaftServerConfigKeys (ConfUtils.java:logGet(43)) - raft.server.log.appender.buffer.byte-limit = 33554432 (custom)
2019-06-12 14:50:51,555 INFO  server.GrpcService (ConfUtils.java:logGet(43)) - raft.grpc.flow.control.window = 1MB (=1048576) (default)
2019-06-12 14:50:51,555 INFO  server.RaftServerConfigKeys (ConfUtils.java:logGet(43)) - raft.server.rpc.request.timeout = 3000ms (default)
2019-06-12 14:50:51,556 INFO  server.RaftServerConfigKeys (ConfUtils.java:logGet(43)) - raft.server.storage.dir = [/opt/src/hadoop-ozone/integration-test/target/test-dir/MiniOzoneClusterImpl-e88f50ad-c4a0-4eb5-a6fa-3ac03beecd11/datanode-0/data/ratis] (custom)
2019-06-12 14:50:51,556 INFO  server.XceiverServerGrpc (XceiverServerGrpc.java:<init>(97)) - Found a free port for the server : 36317
2019-06-12 14:50:51,556 INFO  replication.SimpleContainerDownloader (SimpleContainerDownloader.java:<init>(72)) - Starting container downloader service to copy containers to replicate.
2019-06-12 14:50:51,557 INFO  hdfs.DFSUtil (DFSUtil.java:httpServerTemplateForNNAndJN(1641)) - Starting Web-server for hddsDatanode at: http://0.0.0.0:0
2019-06-12 14:50:51,558 INFO  server.AuthenticationFilter (AuthenticationFilter.java:constructSecretProvider(240)) - Unable to initialize FileSignerSecretProvider, falling back to use random secrets.
2019-06-12 14:50:51,558 WARN  http.HttpRequestLog (HttpRequestLog.java:getRequestLog(97)) - Jetty request log can only be enabled using Log4j
2019-06-12 14:50:51,559 INFO  http.HttpServer2 (HttpServer2.java:addGlobalFilter(975)) - Added global filter 'safety' (class=org.apache.hadoop.http.HttpServer2$QuotingInputFilter)
2019-06-12 14:50:51,560 INFO  http.HttpServer2 (HttpServer2.java:addFilter(948)) - Added filter static_user_filter (class=org.apache.hadoop.http.lib.StaticUserWebFilter$StaticUserFilter) to context hddsDatanode
2019-06-12 14:50:51,560 INFO  http.HttpServer2 (HttpServer2.java:addFilter(958)) - Added filter static_user_filter (class=org.apache.hadoop.http.lib.StaticUserWebFilter$StaticUserFilter) to context static
2019-06-12 14:50:51,560 INFO  http.HttpServer2 (HttpServer2.java:addFilter(958)) - Added filter static_user_filter (class=org.apache.hadoop.http.lib.StaticUserWebFilter$StaticUserFilter) to context logs
2019-06-12 14:50:51,560 INFO  http.HttpServer2 (HttpServer2.java:bindListener(1191)) - Jetty bound to port 44057
2019-06-12 14:50:51,560 INFO  server.Server (Server.java:doStart(351)) - jetty-9.3.24.v20180605, build timestamp: 2018-06-05T17:11:56Z, git hash: 84205aa28f11a4f31f2a3b86d1bba2cc8ab69827
2019-06-12 14:50:51,566 INFO  handler.ContextHandler (ContextHandler.java:doStart(781)) - Started o.e.j.s.ServletContextHandler@572b4072{/logs,file:///opt/src/hadoop-ozone/integration-test/target/log,AVAILABLE}
2019-06-12 14:50:51,566 INFO  handler.ContextHandler (ContextHandler.java:doStart(781)) - Started o.e.j.s.ServletContextHandler@5b74902c{/static,jar:file:/root/.m2/repository/org/apache/hadoop/hadoop-hdds-container-service/0.5.0-SNAPSHOT/hadoop-hdds-container-service-0.5.0-SNAPSHOT.jar!/webapps/static,AVAILABLE}
2019-06-12 14:50:51,586 INFO  handler.ContextHandler (ContextHandler.java:doStart(781)) - Started o.e.j.w.WebAppContext@ca60688{/,file:///tmp/jetty-0.0.0.0-44057-hddsDatanode-_-any-7049859832701715073.dir/webapp/,AVAILABLE}{/hddsDatanode}
2019-06-12 14:50:51,587 INFO  server.AbstractConnector (AbstractConnector.java:doStart(278)) - Started ServerConnector@4ba1c1a2{HTTP/1.1,[http/1.1]}{0.0.0.0:44057}
2019-06-12 14:50:51,587 INFO  server.Server (Server.java:doStart(419)) - Started @39565ms
2019-06-12 14:50:51,588 INFO  server.BaseHttpServer (BaseHttpServer.java:updateConnectorAddress(207)) - HTTP server of HDDSDATANODE is listening at http://0.0.0.0:44057
2019-06-12 14:50:51,732 INFO  ozone.HddsDatanodeService (HddsDatanodeService.java:startPlugins(396)) - Started plug-in org.apache.hadoop.ozone.web.OzoneHddsDatanodeService@aa633e6
2019-06-12 14:50:51,733 INFO  impl.MetricsSystemImpl (MetricsSystemImpl.java:init(158)) - HddsDatanode metrics system started (again)
2019-06-12 14:50:51,734 INFO  ozone.HddsDatanodeService (HddsDatanodeService.java:start(185)) - HddsDatanodeService host:ozone-nqbcb-3364917721 ip:192.168.46.18
2019-06-12 14:50:51,748 INFO  volume.HddsVolume (HddsVolume.java:<init>(176)) - Creating Volume: /opt/src/hadoop-ozone/integration-test/target/test-dir/MiniOzoneClusterImpl-e88f50ad-c4a0-4eb5-a6fa-3ac03beecd11/datanode-1/data/containers/hdds of  storage type : DISK and capacity : 104021790720
2019-06-12 14:50:51,749 INFO  volume.VolumeSet (VolumeSet.java:initializeVolumeSet(170)) - Added Volume : /opt/src/hadoop-ozone/integration-test/target/test-dir/MiniOzoneClusterImpl-e88f50ad-c4a0-4eb5-a6fa-3ac03beecd11/datanode-1/data/containers/hdds to VolumeSet
2019-06-12 14:50:51,749 INFO  volume.ThrottledAsyncChecker (ThrottledAsyncChecker.java:schedule(140)) - Scheduling a check for org.apache.hadoop.ozone.container.common.volume.HddsVolume@29ba63f0
2019-06-12 14:50:51,749 INFO  util.JvmPauseMonitor (JvmPauseMonitor.java:run(188)) - Starting JVM pause monitor
2019-06-12 14:50:51,754 INFO  datanode.InitDatanodeState (InitDatanodeState.java:persistContainerDatanodeDetails(140)) - DatanodeDetails is persisted to /opt/src/hadoop-ozone/integration-test/target/test-dir/MiniOzoneClusterImpl-e88f50ad-c4a0-4eb5-a6fa-3ac03beecd11/datanode-0/meta/datanode.id
2019-06-12 14:50:51,755 INFO  volume.HddsVolumeChecker (HddsVolumeChecker.java:checkAllVolumes(203)) - Scheduled health check for volume org.apache.hadoop.ozone.container.common.volume.HddsVolume@29ba63f0
2019-06-12 14:50:51,764 INFO  ratis.XceiverServerRatis (XceiverServerRatis.java:newXceiverServerRatis(401)) - Found a free port for the server : 34283
2019-06-12 14:50:51,764 INFO  impl.RaftServerProxy (ConfUtils.java:logGet(43)) - raft.rpc.type = GRPC (default)
2019-06-12 14:50:51,764 INFO  grpc.GrpcConfigKeys$Server (ConfUtils.java:logGet(43)) - raft.grpc.server.port = 34283 (custom)
2019-06-12 14:50:51,765 INFO  server.GrpcService (ConfUtils.java:logGet(43)) - raft.grpc.message.size.max = 33570816 (custom)
2019-06-12 14:50:51,765 INFO  server.RaftServerConfigKeys (ConfUtils.java:logGet(43)) - raft.server.log.appender.buffer.byte-limit = 33554432 (custom)
2019-06-12 14:50:51,765 INFO  server.GrpcService (ConfUtils.java:logGet(43)) - raft.grpc.flow.control.window = 1MB (=1048576) (default)
2019-06-12 14:50:51,765 INFO  server.RaftServerConfigKeys (ConfUtils.java:logGet(43)) - raft.server.rpc.request.timeout = 3000ms (default)
2019-06-12 14:50:51,766 INFO  server.RaftServerConfigKeys (ConfUtils.java:logGet(43)) - raft.server.storage.dir = [/opt/src/hadoop-ozone/integration-test/target/test-dir/MiniOzoneClusterImpl-e88f50ad-c4a0-4eb5-a6fa-3ac03beecd11/datanode-1/data/ratis] (custom)
2019-06-12 14:50:51,766 INFO  server.XceiverServerGrpc (XceiverServerGrpc.java:<init>(97)) - Found a free port for the server : 35625
2019-06-12 14:50:51,766 INFO  replication.SimpleContainerDownloader (SimpleContainerDownloader.java:<init>(72)) - Starting container downloader service to copy containers to replicate.
2019-06-12 14:50:51,768 INFO  hdfs.DFSUtil (DFSUtil.java:httpServerTemplateForNNAndJN(1641)) - Starting Web-server for hddsDatanode at: http://0.0.0.0:0
2019-06-12 14:50:51,769 INFO  server.AuthenticationFilter (AuthenticationFilter.java:constructSecretProvider(240)) - Unable to initialize FileSignerSecretProvider, falling back to use random secrets.
2019-06-12 14:50:51,769 WARN  http.HttpRequestLog (HttpRequestLog.java:getRequestLog(97)) - Jetty request log can only be enabled using Log4j
2019-06-12 14:50:51,771 INFO  http.HttpServer2 (HttpServer2.java:addGlobalFilter(975)) - Added global filter 'safety' (class=org.apache.hadoop.http.HttpServer2$QuotingInputFilter)
2019-06-12 14:50:51,771 INFO  http.HttpServer2 (HttpServer2.java:addFilter(948)) - Added filter static_user_filter (class=org.apache.hadoop.http.lib.StaticUserWebFilter$StaticUserFilter) to context hddsDatanode
2019-06-12 14:50:51,771 INFO  http.HttpServer2 (HttpServer2.java:addFilter(958)) - Added filter static_user_filter (class=org.apache.hadoop.http.lib.StaticUserWebFilter$StaticUserFilter) to context static
2019-06-12 14:50:51,771 INFO  http.HttpServer2 (HttpServer2.java:addFilter(958)) - Added filter static_user_filter (class=org.apache.hadoop.http.lib.StaticUserWebFilter$StaticUserFilter) to context logs
2019-06-12 14:50:51,772 INFO  http.HttpServer2 (HttpServer2.java:bindListener(1191)) - Jetty bound to port 45879
2019-06-12 14:50:51,772 INFO  server.Server (Server.java:doStart(351)) - jetty-9.3.24.v20180605, build timestamp: 2018-06-05T17:11:56Z, git hash: 84205aa28f11a4f31f2a3b86d1bba2cc8ab69827
2019-06-12 14:50:51,778 INFO  handler.ContextHandler (ContextHandler.java:doStart(781)) - Started o.e.j.s.ServletContextHandler@3991fe6d{/logs,file:///opt/src/hadoop-ozone/integration-test/target/log,AVAILABLE}
2019-06-12 14:50:51,778 INFO  handler.ContextHandler (ContextHandler.java:doStart(781)) - Started o.e.j.s.ServletContextHandler@665ed71a{/static,jar:file:/root/.m2/repository/org/apache/hadoop/hadoop-hdds-container-service/0.5.0-SNAPSHOT/hadoop-hdds-container-service-0.5.0-SNAPSHOT.jar!/webapps/static,AVAILABLE}
2019-06-12 14:50:51,798 INFO  handler.ContextHandler (ContextHandler.java:doStart(781)) - Started o.e.j.w.WebAppContext@5906ebfb{/,file:///tmp/jetty-0.0.0.0-45879-hddsDatanode-_-any-9184212421163205100.dir/webapp/,AVAILABLE}{/hddsDatanode}
2019-06-12 14:50:51,798 INFO  server.AbstractConnector (AbstractConnector.java:doStart(278)) - Started ServerConnector@10fc1a22{HTTP/1.1,[http/1.1]}{0.0.0.0:45879}
2019-06-12 14:50:51,799 INFO  server.Server (Server.java:doStart(419)) - Started @39776ms
2019-06-12 14:50:51,800 INFO  server.BaseHttpServer (BaseHttpServer.java:updateConnectorAddress(207)) - HTTP server of HDDSDATANODE is listening at http://0.0.0.0:45879
2019-06-12 14:50:51,917 INFO  ozone.HddsDatanodeService (HddsDatanodeService.java:startPlugins(396)) - Started plug-in org.apache.hadoop.ozone.web.OzoneHddsDatanodeService@7cd3860
2019-06-12 14:50:51,918 INFO  impl.MetricsSystemImpl (MetricsSystemImpl.java:init(158)) - HddsDatanode metrics system started (again)
2019-06-12 14:50:51,918 INFO  ozone.HddsDatanodeService (HddsDatanodeService.java:start(185)) - HddsDatanodeService host:ozone-nqbcb-3364917721 ip:192.168.46.18
2019-06-12 14:50:51,921 INFO  util.JvmPauseMonitor (JvmPauseMonitor.java:run(188)) - Starting JVM pause monitor
2019-06-12 14:50:51,923 INFO  datanode.InitDatanodeState (InitDatanodeState.java:persistContainerDatanodeDetails(140)) - DatanodeDetails is persisted to /opt/src/hadoop-ozone/integration-test/target/test-dir/MiniOzoneClusterImpl-e88f50ad-c4a0-4eb5-a6fa-3ac03beecd11/datanode-1/meta/datanode.id
2019-06-12 14:50:51,927 INFO  volume.HddsVolume (HddsVolume.java:<init>(176)) - Creating Volume: /opt/src/hadoop-ozone/integration-test/target/test-dir/MiniOzoneClusterImpl-e88f50ad-c4a0-4eb5-a6fa-3ac03beecd11/datanode-2/data/containers/hdds of  storage type : DISK and capacity : 104021790720
2019-06-12 14:50:51,927 INFO  volume.VolumeSet (VolumeSet.java:initializeVolumeSet(170)) - Added Volume : /opt/src/hadoop-ozone/integration-test/target/test-dir/MiniOzoneClusterImpl-e88f50ad-c4a0-4eb5-a6fa-3ac03beecd11/datanode-2/data/containers/hdds to VolumeSet
2019-06-12 14:50:51,927 INFO  volume.ThrottledAsyncChecker (ThrottledAsyncChecker.java:schedule(140)) - Scheduling a check for org.apache.hadoop.ozone.container.common.volume.HddsVolume@1bde9a22
2019-06-12 14:50:51,930 INFO  volume.HddsVolumeChecker (HddsVolumeChecker.java:checkAllVolumes(203)) - Scheduled health check for volume org.apache.hadoop.ozone.container.common.volume.HddsVolume@1bde9a22
2019-06-12 14:50:51,938 INFO  ratis.XceiverServerRatis (XceiverServerRatis.java:newXceiverServerRatis(401)) - Found a free port for the server : 33983
2019-06-12 14:50:51,938 INFO  impl.RaftServerProxy (ConfUtils.java:logGet(43)) - raft.rpc.type = GRPC (default)
2019-06-12 14:50:51,939 INFO  grpc.GrpcConfigKeys$Server (ConfUtils.java:logGet(43)) - raft.grpc.server.port = 33983 (custom)
2019-06-12 14:50:51,939 INFO  server.GrpcService (ConfUtils.java:logGet(43)) - raft.grpc.message.size.max = 33570816 (custom)
2019-06-12 14:50:51,939 INFO  server.RaftServerConfigKeys (ConfUtils.java:logGet(43)) - raft.server.log.appender.buffer.byte-limit = 33554432 (custom)
2019-06-12 14:50:51,939 INFO  server.GrpcService (ConfUtils.java:logGet(43)) - raft.grpc.flow.control.window = 1MB (=1048576) (default)
2019-06-12 14:50:51,939 INFO  server.RaftServerConfigKeys (ConfUtils.java:logGet(43)) - raft.server.rpc.request.timeout = 3000ms (default)
2019-06-12 14:50:51,939 INFO  server.RaftServerConfigKeys (ConfUtils.java:logGet(43)) - raft.server.storage.dir = [/opt/src/hadoop-ozone/integration-test/target/test-dir/MiniOzoneClusterImpl-e88f50ad-c4a0-4eb5-a6fa-3ac03beecd11/datanode-2/data/ratis] (custom)
2019-06-12 14:50:51,940 INFO  server.XceiverServerGrpc (XceiverServerGrpc.java:<init>(97)) - Found a free port for the server : 36941
2019-06-12 14:50:51,940 INFO  replication.SimpleContainerDownloader (SimpleContainerDownloader.java:<init>(72)) - Starting container downloader service to copy containers to replicate.
2019-06-12 14:50:51,941 INFO  hdfs.DFSUtil (DFSUtil.java:httpServerTemplateForNNAndJN(1641)) - Starting Web-server for hddsDatanode at: http://0.0.0.0:0
2019-06-12 14:50:51,941 INFO  server.AuthenticationFilter (AuthenticationFilter.java:constructSecretProvider(240)) - Unable to initialize FileSignerSecretProvider, falling back to use random secrets.
2019-06-12 14:50:51,942 WARN  http.HttpRequestLog (HttpRequestLog.java:getRequestLog(97)) - Jetty request log can only be enabled using Log4j
2019-06-12 14:50:51,943 INFO  http.HttpServer2 (HttpServer2.java:addGlobalFilter(975)) - Added global filter 'safety' (class=org.apache.hadoop.http.HttpServer2$QuotingInputFilter)
2019-06-12 14:50:51,943 INFO  http.HttpServer2 (HttpServer2.java:addFilter(948)) - Added filter static_user_filter (class=org.apache.hadoop.http.lib.StaticUserWebFilter$StaticUserFilter) to context hddsDatanode
2019-06-12 14:50:51,943 INFO  http.HttpServer2 (HttpServer2.java:addFilter(958)) - Added filter static_user_filter (class=org.apache.hadoop.http.lib.StaticUserWebFilter$StaticUserFilter) to context logs
2019-06-12 14:50:51,943 INFO  http.HttpServer2 (HttpServer2.java:addFilter(958)) - Added filter static_user_filter (class=org.apache.hadoop.http.lib.StaticUserWebFilter$StaticUserFilter) to context static
2019-06-12 14:50:51,943 INFO  http.HttpServer2 (HttpServer2.java:bindListener(1191)) - Jetty bound to port 36955
2019-06-12 14:50:51,944 INFO  server.Server (Server.java:doStart(351)) - jetty-9.3.24.v20180605, build timestamp: 2018-06-05T17:11:56Z, git hash: 84205aa28f11a4f31f2a3b86d1bba2cc8ab69827
2019-06-12 14:50:51,945 INFO  handler.ContextHandler (ContextHandler.java:doStart(781)) - Started o.e.j.s.ServletContextHandler@28c7fd9d{/logs,file:///opt/src/hadoop-ozone/integration-test/target/log,AVAILABLE}
2019-06-12 14:50:51,945 INFO  handler.ContextHandler (ContextHandler.java:doStart(781)) - Started o.e.j.s.ServletContextHandler@1c4aa701{/static,jar:file:/root/.m2/repository/org/apache/hadoop/hadoop-hdds-container-service/0.5.0-SNAPSHOT/hadoop-hdds-container-service-0.5.0-SNAPSHOT.jar!/webapps/static,AVAILABLE}
2019-06-12 14:50:51,965 INFO  handler.ContextHandler (ContextHandler.java:doStart(781)) - Started o.e.j.w.WebAppContext@3ddac0b6{/,file:///tmp/jetty-0.0.0.0-36955-hddsDatanode-_-any-8658544592262462076.dir/webapp/,AVAILABLE}{/hddsDatanode}
2019-06-12 14:50:51,965 INFO  server.AbstractConnector (AbstractConnector.java:doStart(278)) - Started ServerConnector@446a5aa5{HTTP/1.1,[http/1.1]}{0.0.0.0:36955}
2019-06-12 14:50:51,966 INFO  server.Server (Server.java:doStart(419)) - Started @39943ms
2019-06-12 14:50:51,966 INFO  server.BaseHttpServer (BaseHttpServer.java:updateConnectorAddress(207)) - HTTP server of HDDSDATANODE is listening at http://0.0.0.0:36955
2019-06-12 14:50:52,042 INFO  ozone.HddsDatanodeService (HddsDatanodeService.java:startPlugins(396)) - Started plug-in org.apache.hadoop.ozone.web.OzoneHddsDatanodeService@796642ae
2019-06-12 14:50:52,042 INFO  impl.MetricsSystemImpl (MetricsSystemImpl.java:init(158)) - HddsDatanode metrics system started (again)
2019-06-12 14:50:52,043 INFO  ozone.HddsDatanodeService (HddsDatanodeService.java:start(185)) - HddsDatanodeService host:ozone-nqbcb-3364917721 ip:192.168.46.18
2019-06-12 14:50:52,046 INFO  util.JvmPauseMonitor (JvmPauseMonitor.java:run(188)) - Starting JVM pause monitor
2019-06-12 14:50:52,047 INFO  datanode.InitDatanodeState (InitDatanodeState.java:persistContainerDatanodeDetails(140)) - DatanodeDetails is persisted to /opt/src/hadoop-ozone/integration-test/target/test-dir/MiniOzoneClusterImpl-e88f50ad-c4a0-4eb5-a6fa-3ac03beecd11/datanode-2/meta/datanode.id
2019-06-12 14:50:52,051 INFO  volume.HddsVolume (HddsVolume.java:<init>(176)) - Creating Volume: /opt/src/hadoop-ozone/integration-test/target/test-dir/MiniOzoneClusterImpl-e88f50ad-c4a0-4eb5-a6fa-3ac03beecd11/datanode-3/data/containers/hdds of  storage type : DISK and capacity : 104021790720
2019-06-12 14:50:52,051 INFO  volume.VolumeSet (VolumeSet.java:initializeVolumeSet(170)) - Added Volume : /opt/src/hadoop-ozone/integration-test/target/test-dir/MiniOzoneClusterImpl-e88f50ad-c4a0-4eb5-a6fa-3ac03beecd11/datanode-3/data/containers/hdds to VolumeSet
2019-06-12 14:50:52,051 INFO  volume.ThrottledAsyncChecker (ThrottledAsyncChecker.java:schedule(140)) - Scheduling a check for org.apache.hadoop.ozone.container.common.volume.HddsVolume@4eb73cc8
2019-06-12 14:50:52,051 INFO  volume.HddsVolumeChecker (HddsVolumeChecker.java:checkAllVolumes(203)) - Scheduled health check for volume org.apache.hadoop.ozone.container.common.volume.HddsVolume@4eb73cc8
2019-06-12 14:50:52,061 INFO  ratis.XceiverServerRatis (XceiverServerRatis.java:newXceiverServerRatis(401)) - Found a free port for the server : 39073
2019-06-12 14:50:52,062 INFO  impl.RaftServerProxy (ConfUtils.java:logGet(43)) - raft.rpc.type = GRPC (default)
2019-06-12 14:50:52,062 INFO  grpc.GrpcConfigKeys$Server (ConfUtils.java:logGet(43)) - raft.grpc.server.port = 39073 (custom)
2019-06-12 14:50:52,062 INFO  server.GrpcService (ConfUtils.java:logGet(43)) - raft.grpc.message.size.max = 33570816 (custom)
2019-06-12 14:50:52,062 INFO  server.RaftServerConfigKeys (ConfUtils.java:logGet(43)) - raft.server.log.appender.buffer.byte-limit = 33554432 (custom)
2019-06-12 14:50:52,062 INFO  server.GrpcService (ConfUtils.java:logGet(43)) - raft.grpc.flow.control.window = 1MB (=1048576) (default)
2019-06-12 14:50:52,063 INFO  server.RaftServerConfigKeys (ConfUtils.java:logGet(43)) - raft.server.rpc.request.timeout = 3000ms (default)
2019-06-12 14:50:52,063 INFO  server.RaftServerConfigKeys (ConfUtils.java:logGet(43)) - raft.server.storage.dir = [/opt/src/hadoop-ozone/integration-test/target/test-dir/MiniOzoneClusterImpl-e88f50ad-c4a0-4eb5-a6fa-3ac03beecd11/datanode-3/data/ratis] (custom)
2019-06-12 14:50:52,063 INFO  server.XceiverServerGrpc (XceiverServerGrpc.java:<init>(97)) - Found a free port for the server : 42055
2019-06-12 14:50:52,063 INFO  replication.SimpleContainerDownloader (SimpleContainerDownloader.java:<init>(72)) - Starting container downloader service to copy containers to replicate.
2019-06-12 14:50:52,064 INFO  hdfs.DFSUtil (DFSUtil.java:httpServerTemplateForNNAndJN(1641)) - Starting Web-server for hddsDatanode at: http://0.0.0.0:0
2019-06-12 14:50:52,067 INFO  server.AuthenticationFilter (AuthenticationFilter.java:constructSecretProvider(240)) - Unable to initialize FileSignerSecretProvider, falling back to use random secrets.
2019-06-12 14:50:52,067 WARN  http.HttpRequestLog (HttpRequestLog.java:getRequestLog(97)) - Jetty request log can only be enabled using Log4j
2019-06-12 14:50:52,068 INFO  http.HttpServer2 (HttpServer2.java:addGlobalFilter(975)) - Added global filter 'safety' (class=org.apache.hadoop.http.HttpServer2$QuotingInputFilter)
2019-06-12 14:50:52,068 INFO  http.HttpServer2 (HttpServer2.java:addFilter(948)) - Added filter static_user_filter (class=org.apache.hadoop.http.lib.StaticUserWebFilter$StaticUserFilter) to context hddsDatanode
2019-06-12 14:50:52,068 INFO  http.HttpServer2 (HttpServer2.java:addFilter(958)) - Added filter static_user_filter (class=org.apache.hadoop.http.lib.StaticUserWebFilter$StaticUserFilter) to context static
2019-06-12 14:50:52,069 INFO  http.HttpServer2 (HttpServer2.java:addFilter(958)) - Added filter static_user_filter (class=org.apache.hadoop.http.lib.StaticUserWebFilter$StaticUserFilter) to context logs
2019-06-12 14:50:52,069 INFO  http.HttpServer2 (HttpServer2.java:bindListener(1191)) - Jetty bound to port 37207
2019-06-12 14:50:52,069 INFO  server.Server (Server.java:doStart(351)) - jetty-9.3.24.v20180605, build timestamp: 2018-06-05T17:11:56Z, git hash: 84205aa28f11a4f31f2a3b86d1bba2cc8ab69827
2019-06-12 14:50:52,074 INFO  handler.ContextHandler (ContextHandler.java:doStart(781)) - Started o.e.j.s.ServletContextHandler@4c579b5b{/logs,file:///opt/src/hadoop-ozone/integration-test/target/log,AVAILABLE}
2019-06-12 14:50:52,075 INFO  handler.ContextHandler (ContextHandler.java:doStart(781)) - Started o.e.j.s.ServletContextHandler@3e0704e2{/static,jar:file:/root/.m2/repository/org/apache/hadoop/hadoop-hdds-container-service/0.5.0-SNAPSHOT/hadoop-hdds-container-service-0.5.0-SNAPSHOT.jar!/webapps/static,AVAILABLE}
2019-06-12 14:50:52,103 INFO  handler.ContextHandler (ContextHandler.java:doStart(781)) - Started o.e.j.w.WebAppContext@6ad198c9{/,file:///tmp/jetty-0.0.0.0-37207-hddsDatanode-_-any-2385747699213574058.dir/webapp/,AVAILABLE}{/hddsDatanode}
2019-06-12 14:50:52,103 INFO  server.AbstractConnector (AbstractConnector.java:doStart(278)) - Started ServerConnector@481bae3f{HTTP/1.1,[http/1.1]}{0.0.0.0:37207}
2019-06-12 14:50:52,105 INFO  server.Server (Server.java:doStart(419)) - Started @40083ms
2019-06-12 14:50:52,106 INFO  server.BaseHttpServer (BaseHttpServer.java:updateConnectorAddress(207)) - HTTP server of HDDSDATANODE is listening at http://0.0.0.0:37207
2019-06-12 14:50:52,200 INFO  ozone.HddsDatanodeService (HddsDatanodeService.java:startPlugins(396)) - Started plug-in org.apache.hadoop.ozone.web.OzoneHddsDatanodeService@36cdcae0
2019-06-12 14:50:52,201 INFO  impl.MetricsSystemImpl (MetricsSystemImpl.java:init(158)) - HddsDatanode metrics system started (again)
2019-06-12 14:50:52,201 INFO  ozone.HddsDatanodeService (HddsDatanodeService.java:start(185)) - HddsDatanodeService host:ozone-nqbcb-3364917721 ip:192.168.46.18
2019-06-12 14:50:52,205 INFO  util.JvmPauseMonitor (JvmPauseMonitor.java:run(188)) - Starting JVM pause monitor
2019-06-12 14:50:52,206 INFO  datanode.InitDatanodeState (InitDatanodeState.java:persistContainerDatanodeDetails(140)) - DatanodeDetails is persisted to /opt/src/hadoop-ozone/integration-test/target/test-dir/MiniOzoneClusterImpl-e88f50ad-c4a0-4eb5-a6fa-3ac03beecd11/datanode-3/meta/datanode.id
2019-06-12 14:50:52,212 INFO  volume.HddsVolume (HddsVolume.java:<init>(176)) - Creating Volume: /opt/src/hadoop-ozone/integration-test/target/test-dir/MiniOzoneClusterImpl-e88f50ad-c4a0-4eb5-a6fa-3ac03beecd11/datanode-4/data/containers/hdds of  storage type : DISK and capacity : 104021790720
2019-06-12 14:50:52,212 INFO  volume.VolumeSet (VolumeSet.java:initializeVolumeSet(170)) - Added Volume : /opt/src/hadoop-ozone/integration-test/target/test-dir/MiniOzoneClusterImpl-e88f50ad-c4a0-4eb5-a6fa-3ac03beecd11/datanode-4/data/containers/hdds to VolumeSet
2019-06-12 14:50:52,212 INFO  volume.ThrottledAsyncChecker (ThrottledAsyncChecker.java:schedule(140)) - Scheduling a check for org.apache.hadoop.ozone.container.common.volume.HddsVolume@35cf91df
2019-06-12 14:50:52,214 INFO  volume.HddsVolumeChecker (HddsVolumeChecker.java:checkAllVolumes(203)) - Scheduled health check for volume org.apache.hadoop.ozone.container.common.volume.HddsVolume@35cf91df
2019-06-12 14:50:52,224 INFO  ratis.XceiverServerRatis (XceiverServerRatis.java:newXceiverServerRatis(401)) - Found a free port for the server : 44923
2019-06-12 14:50:52,225 INFO  impl.RaftServerProxy (ConfUtils.java:logGet(43)) - raft.rpc.type = GRPC (default)
2019-06-12 14:50:52,226 INFO  grpc.GrpcConfigKeys$Server (ConfUtils.java:logGet(43)) - raft.grpc.server.port = 44923 (custom)
2019-06-12 14:50:52,226 INFO  server.GrpcService (ConfUtils.java:logGet(43)) - raft.grpc.message.size.max = 33570816 (custom)
2019-06-12 14:50:52,226 INFO  server.RaftServerConfigKeys (ConfUtils.java:logGet(43)) - raft.server.log.appender.buffer.byte-limit = 33554432 (custom)
2019-06-12 14:50:52,226 INFO  server.GrpcService (ConfUtils.java:logGet(43)) - raft.grpc.flow.control.window = 1MB (=1048576) (default)
2019-06-12 14:50:52,226 INFO  server.RaftServerConfigKeys (ConfUtils.java:logGet(43)) - raft.server.rpc.request.timeout = 3000ms (default)
2019-06-12 14:50:52,226 INFO  server.RaftServerConfigKeys (ConfUtils.java:logGet(43)) - raft.server.storage.dir = [/opt/src/hadoop-ozone/integration-test/target/test-dir/MiniOzoneClusterImpl-e88f50ad-c4a0-4eb5-a6fa-3ac03beecd11/datanode-4/data/ratis] (custom)
2019-06-12 14:50:52,227 INFO  server.XceiverServerGrpc (XceiverServerGrpc.java:<init>(97)) - Found a free port for the server : 45557
2019-06-12 14:50:52,227 INFO  replication.SimpleContainerDownloader (SimpleContainerDownloader.java:<init>(72)) - Starting container downloader service to copy containers to replicate.
2019-06-12 14:50:52,228 INFO  hdfs.DFSUtil (DFSUtil.java:httpServerTemplateForNNAndJN(1641)) - Starting Web-server for hddsDatanode at: http://0.0.0.0:0
2019-06-12 14:50:52,229 INFO  server.AuthenticationFilter (AuthenticationFilter.java:constructSecretProvider(240)) - Unable to initialize FileSignerSecretProvider, falling back to use random secrets.
2019-06-12 14:50:52,229 WARN  http.HttpRequestLog (HttpRequestLog.java:getRequestLog(97)) - Jetty request log can only be enabled using Log4j
2019-06-12 14:50:52,230 INFO  http.HttpServer2 (HttpServer2.java:addGlobalFilter(975)) - Added global filter 'safety' (class=org.apache.hadoop.http.HttpServer2$QuotingInputFilter)
2019-06-12 14:50:52,230 INFO  http.HttpServer2 (HttpServer2.java:addFilter(948)) - Added filter static_user_filter (class=org.apache.hadoop.http.lib.StaticUserWebFilter$StaticUserFilter) to context hddsDatanode
2019-06-12 14:50:52,230 INFO  http.HttpServer2 (HttpServer2.java:addFilter(958)) - Added filter static_user_filter (class=org.apache.hadoop.http.lib.StaticUserWebFilter$StaticUserFilter) to context logs
2019-06-12 14:50:52,230 INFO  http.HttpServer2 (HttpServer2.java:addFilter(958)) - Added filter static_user_filter (class=org.apache.hadoop.http.lib.StaticUserWebFilter$StaticUserFilter) to context static
2019-06-12 14:50:52,231 INFO  http.HttpServer2 (HttpServer2.java:bindListener(1191)) - Jetty bound to port 35837
2019-06-12 14:50:52,231 INFO  server.Server (Server.java:doStart(351)) - jetty-9.3.24.v20180605, build timestamp: 2018-06-05T17:11:56Z, git hash: 84205aa28f11a4f31f2a3b86d1bba2cc8ab69827
2019-06-12 14:50:52,238 INFO  handler.ContextHandler (ContextHandler.java:doStart(781)) - Started o.e.j.s.ServletContextHandler@79349b61{/logs,file:///opt/src/hadoop-ozone/integration-test/target/log,AVAILABLE}
2019-06-12 14:50:52,238 INFO  handler.ContextHandler (ContextHandler.java:doStart(781)) - Started o.e.j.s.ServletContextHandler@1e36baca{/static,jar:file:/root/.m2/repository/org/apache/hadoop/hadoop-hdds-container-service/0.5.0-SNAPSHOT/hadoop-hdds-container-service-0.5.0-SNAPSHOT.jar!/webapps/static,AVAILABLE}
2019-06-12 14:50:52,267 INFO  handler.ContextHandler (ContextHandler.java:doStart(781)) - Started o.e.j.w.WebAppContext@69a3bf40{/,file:///tmp/jetty-0.0.0.0-35837-hddsDatanode-_-any-1649986673319329023.dir/webapp/,AVAILABLE}{/hddsDatanode}
2019-06-12 14:50:52,268 INFO  server.AbstractConnector (AbstractConnector.java:doStart(278)) - Started ServerConnector@1fec9e94{HTTP/1.1,[http/1.1]}{0.0.0.0:35837}
2019-06-12 14:50:52,268 INFO  server.Server (Server.java:doStart(419)) - Started @40246ms
2019-06-12 14:50:52,269 INFO  server.BaseHttpServer (BaseHttpServer.java:updateConnectorAddress(207)) - HTTP server of HDDSDATANODE is listening at http://0.0.0.0:35837
2019-06-12 14:50:52,394 INFO  ozone.HddsDatanodeService (HddsDatanodeService.java:startPlugins(396)) - Started plug-in org.apache.hadoop.ozone.web.OzoneHddsDatanodeService@6a0ee80
2019-06-12 14:50:52,395 INFO  impl.MetricsSystemImpl (MetricsSystemImpl.java:init(158)) - HddsDatanode metrics system started (again)
2019-06-12 14:50:52,395 INFO  ozone.HddsDatanodeService (HddsDatanodeService.java:start(185)) - HddsDatanodeService host:ozone-nqbcb-3364917721 ip:192.168.46.18
2019-06-12 14:50:52,398 INFO  util.JvmPauseMonitor (JvmPauseMonitor.java:run(188)) - Starting JVM pause monitor
2019-06-12 14:50:52,399 INFO  datanode.InitDatanodeState (InitDatanodeState.java:persistContainerDatanodeDetails(140)) - DatanodeDetails is persisted to /opt/src/hadoop-ozone/integration-test/target/test-dir/MiniOzoneClusterImpl-e88f50ad-c4a0-4eb5-a6fa-3ac03beecd11/datanode-4/meta/datanode.id
2019-06-12 14:50:52,406 INFO  volume.HddsVolume (HddsVolume.java:<init>(176)) - Creating Volume: /opt/src/hadoop-ozone/integration-test/target/test-dir/MiniOzoneClusterImpl-e88f50ad-c4a0-4eb5-a6fa-3ac03beecd11/datanode-5/data/containers/hdds of  storage type : DISK and capacity : 104021790720
2019-06-12 14:50:52,406 INFO  volume.VolumeSet (VolumeSet.java:initializeVolumeSet(170)) - Added Volume : /opt/src/hadoop-ozone/integration-test/target/test-dir/MiniOzoneClusterImpl-e88f50ad-c4a0-4eb5-a6fa-3ac03beecd11/datanode-5/data/containers/hdds to VolumeSet
2019-06-12 14:50:52,406 INFO  volume.ThrottledAsyncChecker (ThrottledAsyncChecker.java:schedule(140)) - Scheduling a check for org.apache.hadoop.ozone.container.common.volume.HddsVolume@7d5d77a6
2019-06-12 14:50:52,407 INFO  volume.HddsVolumeChecker (HddsVolumeChecker.java:checkAllVolumes(203)) - Scheduled health check for volume org.apache.hadoop.ozone.container.common.volume.HddsVolume@7d5d77a6
2019-06-12 14:50:52,415 INFO  ratis.XceiverServerRatis (XceiverServerRatis.java:newXceiverServerRatis(401)) - Found a free port for the server : 45825
2019-06-12 14:50:52,416 INFO  impl.RaftServerProxy (ConfUtils.java:logGet(43)) - raft.rpc.type = GRPC (default)
2019-06-12 14:50:52,416 INFO  grpc.GrpcConfigKeys$Server (ConfUtils.java:logGet(43)) - raft.grpc.server.port = 45825 (custom)
2019-06-12 14:50:52,416 INFO  server.GrpcService (ConfUtils.java:logGet(43)) - raft.grpc.message.size.max = 33570816 (custom)
2019-06-12 14:50:52,416 INFO  server.RaftServerConfigKeys (ConfUtils.java:logGet(43)) - raft.server.log.appender.buffer.byte-limit = 33554432 (custom)
2019-06-12 14:50:52,416 INFO  server.GrpcService (ConfUtils.java:logGet(43)) - raft.grpc.flow.control.window = 1MB (=1048576) (default)
2019-06-12 14:50:52,417 INFO  server.RaftServerConfigKeys (ConfUtils.java:logGet(43)) - raft.server.rpc.request.timeout = 3000ms (default)
2019-06-12 14:50:52,417 INFO  server.RaftServerConfigKeys (ConfUtils.java:logGet(43)) - raft.server.storage.dir = [/opt/src/hadoop-ozone/integration-test/target/test-dir/MiniOzoneClusterImpl-e88f50ad-c4a0-4eb5-a6fa-3ac03beecd11/datanode-5/data/ratis] (custom)
2019-06-12 14:50:52,417 INFO  server.XceiverServerGrpc (XceiverServerGrpc.java:<init>(97)) - Found a free port for the server : 45005
2019-06-12 14:50:52,417 INFO  replication.SimpleContainerDownloader (SimpleContainerDownloader.java:<init>(72)) - Starting container downloader service to copy containers to replicate.
2019-06-12 14:50:52,418 INFO  hdfs.DFSUtil (DFSUtil.java:httpServerTemplateForNNAndJN(1641)) - Starting Web-server for hddsDatanode at: http://0.0.0.0:0
2019-06-12 14:50:52,419 INFO  server.AuthenticationFilter (AuthenticationFilter.java:constructSecretProvider(240)) - Unable to initialize FileSignerSecretProvider, falling back to use random secrets.
2019-06-12 14:50:52,419 WARN  http.HttpRequestLog (HttpRequestLog.java:getRequestLog(97)) - Jetty request log can only be enabled using Log4j
2019-06-12 14:50:52,420 INFO  http.HttpServer2 (HttpServer2.java:addGlobalFilter(975)) - Added global filter 'safety' (class=org.apache.hadoop.http.HttpServer2$QuotingInputFilter)
2019-06-12 14:50:52,421 INFO  http.HttpServer2 (HttpServer2.java:addFilter(948)) - Added filter static_user_filter (class=org.apache.hadoop.http.lib.StaticUserWebFilter$StaticUserFilter) to context hddsDatanode
2019-06-12 14:50:52,421 INFO  http.HttpServer2 (HttpServer2.java:addFilter(958)) - Added filter static_user_filter (class=org.apache.hadoop.http.lib.StaticUserWebFilter$StaticUserFilter) to context logs
2019-06-12 14:50:52,421 INFO  http.HttpServer2 (HttpServer2.java:addFilter(958)) - Added filter static_user_filter (class=org.apache.hadoop.http.lib.StaticUserWebFilter$StaticUserFilter) to context static
2019-06-12 14:50:52,421 INFO  http.HttpServer2 (HttpServer2.java:bindListener(1191)) - Jetty bound to port 37745
2019-06-12 14:50:52,421 INFO  server.Server (Server.java:doStart(351)) - jetty-9.3.24.v20180605, build timestamp: 2018-06-05T17:11:56Z, git hash: 84205aa28f11a4f31f2a3b86d1bba2cc8ab69827
2019-06-12 14:50:52,423 INFO  handler.ContextHandler (ContextHandler.java:doStart(781)) - Started o.e.j.s.ServletContextHandler@68f264bf{/logs,file:///opt/src/hadoop-ozone/integration-test/target/log,AVAILABLE}
2019-06-12 14:50:52,423 INFO  handler.ContextHandler (ContextHandler.java:doStart(781)) - Started o.e.j.s.ServletContextHandler@f5f8de2{/static,jar:file:/root/.m2/repository/org/apache/hadoop/hadoop-hdds-container-service/0.5.0-SNAPSHOT/hadoop-hdds-container-service-0.5.0-SNAPSHOT.jar!/webapps/static,AVAILABLE}
2019-06-12 14:50:52,442 INFO  handler.ContextHandler (ContextHandler.java:doStart(781)) - Started o.e.j.w.WebAppContext@1bb51492{/,file:///tmp/jetty-0.0.0.0-37745-hddsDatanode-_-any-700879005072596674.dir/webapp/,AVAILABLE}{/hddsDatanode}
2019-06-12 14:50:52,442 INFO  server.AbstractConnector (AbstractConnector.java:doStart(278)) - Started ServerConnector@5da1a97f{HTTP/1.1,[http/1.1]}{0.0.0.0:37745}
2019-06-12 14:50:52,443 INFO  server.Server (Server.java:doStart(419)) - Started @40421ms
2019-06-12 14:50:52,444 INFO  server.BaseHttpServer (BaseHttpServer.java:updateConnectorAddress(207)) - HTTP server of HDDSDATANODE is listening at http://0.0.0.0:37745
2019-06-12 14:50:52,528 INFO  ozone.HddsDatanodeService (HddsDatanodeService.java:startPlugins(396)) - Started plug-in org.apache.hadoop.ozone.web.OzoneHddsDatanodeService@1055d261
2019-06-12 14:50:52,528 INFO  impl.MetricsSystemImpl (MetricsSystemImpl.java:init(158)) - HddsDatanode metrics system started (again)
2019-06-12 14:50:52,529 INFO  ozone.HddsDatanodeService (HddsDatanodeService.java:start(185)) - HddsDatanodeService host:ozone-nqbcb-3364917721 ip:192.168.46.18
2019-06-12 14:50:52,534 INFO  util.JvmPauseMonitor (JvmPauseMonitor.java:run(188)) - Starting JVM pause monitor
2019-06-12 14:50:52,535 INFO  datanode.InitDatanodeState (InitDatanodeState.java:persistContainerDatanodeDetails(140)) - DatanodeDetails is persisted to /opt/src/hadoop-ozone/integration-test/target/test-dir/MiniOzoneClusterImpl-e88f50ad-c4a0-4eb5-a6fa-3ac03beecd11/datanode-5/meta/datanode.id
2019-06-12 14:50:52,537 INFO  volume.HddsVolume (HddsVolume.java:<init>(176)) - Creating Volume: /opt/src/hadoop-ozone/integration-test/target/test-dir/MiniOzoneClusterImpl-e88f50ad-c4a0-4eb5-a6fa-3ac03beecd11/datanode-6/data/containers/hdds of  storage type : DISK and capacity : 104021790720
2019-06-12 14:50:52,537 INFO  volume.VolumeSet (VolumeSet.java:initializeVolumeSet(170)) - Added Volume : /opt/src/hadoop-ozone/integration-test/target/test-dir/MiniOzoneClusterImpl-e88f50ad-c4a0-4eb5-a6fa-3ac03beecd11/datanode-6/data/containers/hdds to VolumeSet
2019-06-12 14:50:52,537 INFO  volume.ThrottledAsyncChecker (ThrottledAsyncChecker.java:schedule(140)) - Scheduling a check for org.apache.hadoop.ozone.container.common.volume.HddsVolume@6e1d9b32
2019-06-12 14:50:52,538 INFO  volume.HddsVolumeChecker (HddsVolumeChecker.java:checkAllVolumes(203)) - Scheduled health check for volume org.apache.hadoop.ozone.container.common.volume.HddsVolume@6e1d9b32
2019-06-12 14:50:52,546 INFO  ratis.XceiverServerRatis (XceiverServerRatis.java:newXceiverServerRatis(401)) - Found a free port for the server : 37209
2019-06-12 14:50:52,547 INFO  impl.RaftServerProxy (ConfUtils.java:logGet(43)) - raft.rpc.type = GRPC (default)
2019-06-12 14:50:52,547 INFO  grpc.GrpcConfigKeys$Server (ConfUtils.java:logGet(43)) - raft.grpc.server.port = 37209 (custom)
2019-06-12 14:50:52,548 INFO  server.GrpcService (ConfUtils.java:logGet(43)) - raft.grpc.message.size.max = 33570816 (custom)
2019-06-12 14:50:52,548 INFO  server.RaftServerConfigKeys (ConfUtils.java:logGet(43)) - raft.server.log.appender.buffer.byte-limit = 33554432 (custom)
2019-06-12 14:50:52,548 INFO  server.GrpcService (ConfUtils.java:logGet(43)) - raft.grpc.flow.control.window = 1MB (=1048576) (default)
2019-06-12 14:50:52,548 INFO  server.RaftServerConfigKeys (ConfUtils.java:logGet(43)) - raft.server.rpc.request.timeout = 3000ms (default)
2019-06-12 14:50:52,549 INFO  server.RaftServerConfigKeys (ConfUtils.java:logGet(43)) - raft.server.storage.dir = [/opt/src/hadoop-ozone/integration-test/target/test-dir/MiniOzoneClusterImpl-e88f50ad-c4a0-4eb5-a6fa-3ac03beecd11/datanode-6/data/ratis] (custom)
2019-06-12 14:50:52,549 INFO  server.XceiverServerGrpc (XceiverServerGrpc.java:<init>(97)) - Found a free port for the server : 46509
2019-06-12 14:50:52,549 INFO  replication.SimpleContainerDownloader (SimpleContainerDownloader.java:<init>(72)) - Starting container downloader service to copy containers to replicate.
2019-06-12 14:50:52,550 INFO  hdfs.DFSUtil (DFSUtil.java:httpServerTemplateForNNAndJN(1641)) - Starting Web-server for hddsDatanode at: http://0.0.0.0:0
2019-06-12 14:50:52,552 INFO  server.AuthenticationFilter (AuthenticationFilter.java:constructSecretProvider(240)) - Unable to initialize FileSignerSecretProvider, falling back to use random secrets.
2019-06-12 14:50:52,552 WARN  http.HttpRequestLog (HttpRequestLog.java:getRequestLog(97)) - Jetty request log can only be enabled using Log4j
2019-06-12 14:50:52,553 INFO  http.HttpServer2 (HttpServer2.java:addGlobalFilter(975)) - Added global filter 'safety' (class=org.apache.hadoop.http.HttpServer2$QuotingInputFilter)
2019-06-12 14:50:52,554 INFO  http.HttpServer2 (HttpServer2.java:addFilter(948)) - Added filter static_user_filter (class=org.apache.hadoop.http.lib.StaticUserWebFilter$StaticUserFilter) to context hddsDatanode
2019-06-12 14:50:52,554 INFO  http.HttpServer2 (HttpServer2.java:addFilter(958)) - Added filter static_user_filter (class=org.apache.hadoop.http.lib.StaticUserWebFilter$StaticUserFilter) to context static
2019-06-12 14:50:52,554 INFO  http.HttpServer2 (HttpServer2.java:addFilter(958)) - Added filter static_user_filter (class=org.apache.hadoop.http.lib.StaticUserWebFilter$StaticUserFilter) to context logs
2019-06-12 14:50:52,554 INFO  http.HttpServer2 (HttpServer2.java:bindListener(1191)) - Jetty bound to port 39537
2019-06-12 14:50:52,555 INFO  server.Server (Server.java:doStart(351)) - jetty-9.3.24.v20180605, build timestamp: 2018-06-05T17:11:56Z, git hash: 84205aa28f11a4f31f2a3b86d1bba2cc8ab69827
2019-06-12 14:50:52,556 INFO  handler.ContextHandler (ContextHandler.java:doStart(781)) - Started o.e.j.s.ServletContextHandler@72641613{/logs,file:///opt/src/hadoop-ozone/integration-test/target/log,AVAILABLE}
2019-06-12 14:50:52,556 INFO  handler.ContextHandler (ContextHandler.java:doStart(781)) - Started o.e.j.s.ServletContextHandler@20e3b165{/static,jar:file:/root/.m2/repository/org/apache/hadoop/hadoop-hdds-container-service/0.5.0-SNAPSHOT/hadoop-hdds-container-service-0.5.0-SNAPSHOT.jar!/webapps/static,AVAILABLE}
2019-06-12 14:50:52,585 INFO  handler.ContextHandler (ContextHandler.java:doStart(781)) - Started o.e.j.w.WebAppContext@261b6c8c{/,file:///tmp/jetty-0.0.0.0-39537-hddsDatanode-_-any-5768356594769378531.dir/webapp/,AVAILABLE}{/hddsDatanode}
2019-06-12 14:50:52,585 INFO  server.AbstractConnector (AbstractConnector.java:doStart(278)) - Started ServerConnector@2dcbf825{HTTP/1.1,[http/1.1]}{0.0.0.0:39537}
2019-06-12 14:50:52,586 INFO  server.Server (Server.java:doStart(419)) - Started @40564ms
2019-06-12 14:50:52,587 INFO  server.BaseHttpServer (BaseHttpServer.java:updateConnectorAddress(207)) - HTTP server of HDDSDATANODE is listening at http://0.0.0.0:39537
2019-06-12 14:50:52,667 INFO  ozone.HddsDatanodeService (HddsDatanodeService.java:startPlugins(396)) - Started plug-in org.apache.hadoop.ozone.web.OzoneHddsDatanodeService@7fc5a558
2019-06-12 14:50:52,667 INFO  ozone.MiniOzoneClusterImpl (MiniOzoneClusterImpl.java:lambda$waitForClusterToBeReady$0(142)) - Waiting for cluster to be ready. Got 0 of 7 DN Heartbeats.
2019-06-12 14:50:52,671 INFO  util.JvmPauseMonitor (JvmPauseMonitor.java:run(188)) - Starting JVM pause monitor
2019-06-12 14:50:52,672 INFO  datanode.InitDatanodeState (InitDatanodeState.java:persistContainerDatanodeDetails(140)) - DatanodeDetails is persisted to /opt/src/hadoop-ozone/integration-test/target/test-dir/MiniOzoneClusterImpl-e88f50ad-c4a0-4eb5-a6fa-3ac03beecd11/datanode-6/meta/datanode.id
2019-06-12 14:50:53,667 INFO  ozone.MiniOzoneClusterImpl (MiniOzoneClusterImpl.java:lambda$waitForClusterToBeReady$0(142)) - Waiting for cluster to be ready. Got 0 of 7 DN Heartbeats.
2019-06-12 14:50:53,758 INFO  ozoneimpl.OzoneContainer (OzoneContainer.java:start(186)) - Attempting to start container services.
2019-06-12 14:50:53,758 INFO  ozoneimpl.OzoneContainer (OzoneContainer.java:startContainerScrub(160)) - Background container scrubber has been disabled by hdds.containerscrub.enabled
2019-06-12 14:50:53,758 INFO  ratis.XceiverServerRatis (XceiverServerRatis.java:start(418)) - Starting XceiverServerRatis 358c4b0e-0058-48bf-b42c-5762a97c1207 at port 37445
2019-06-12 14:50:53,761 INFO  impl.RaftServerProxy (RaftServerProxy.java:lambda$start$3(299)) - 358c4b0e-0058-48bf-b42c-5762a97c1207: start RPC server
2019-06-12 14:50:53,762 INFO  server.GrpcService (GrpcService.java:startImpl(148)) - 358c4b0e-0058-48bf-b42c-5762a97c1207: GrpcService started, listening on 0.0.0.0/0.0.0.0:37445
2019-06-12 14:50:53,925 INFO  ozoneimpl.OzoneContainer (OzoneContainer.java:start(186)) - Attempting to start container services.
2019-06-12 14:50:53,925 INFO  ozoneimpl.OzoneContainer (OzoneContainer.java:startContainerScrub(160)) - Background container scrubber has been disabled by hdds.containerscrub.enabled
2019-06-12 14:50:53,925 INFO  ratis.XceiverServerRatis (XceiverServerRatis.java:start(418)) - Starting XceiverServerRatis 795797cb-0d5b-4b12-bcd9-6620fc6c1618 at port 34283
2019-06-12 14:50:53,928 INFO  impl.RaftServerProxy (RaftServerProxy.java:lambda$start$3(299)) - 795797cb-0d5b-4b12-bcd9-6620fc6c1618: start RPC server
2019-06-12 14:50:53,929 INFO  server.GrpcService (GrpcService.java:startImpl(148)) - 795797cb-0d5b-4b12-bcd9-6620fc6c1618: GrpcService started, listening on 0.0.0.0/0.0.0.0:34283
2019-06-12 14:50:54,055 INFO  ozoneimpl.OzoneContainer (OzoneContainer.java:start(186)) - Attempting to start container services.
2019-06-12 14:50:54,056 INFO  ozoneimpl.OzoneContainer (OzoneContainer.java:startContainerScrub(160)) - Background container scrubber has been disabled by hdds.containerscrub.enabled
2019-06-12 14:50:54,056 INFO  ratis.XceiverServerRatis (XceiverServerRatis.java:start(418)) - Starting XceiverServerRatis b29f5895-5d59-4d37-920e-c514776e34ac at port 33983
2019-06-12 14:50:54,062 INFO  impl.RaftServerProxy (RaftServerProxy.java:lambda$start$3(299)) - b29f5895-5d59-4d37-920e-c514776e34ac: start RPC server
2019-06-12 14:50:54,066 INFO  server.GrpcService (GrpcService.java:startImpl(148)) - b29f5895-5d59-4d37-920e-c514776e34ac: GrpcService started, listening on 0.0.0.0/0.0.0.0:33983
2019-06-12 14:50:54,208 INFO  ozoneimpl.OzoneContainer (OzoneContainer.java:start(186)) - Attempting to start container services.
2019-06-12 14:50:54,208 INFO  ozoneimpl.OzoneContainer (OzoneContainer.java:startContainerScrub(160)) - Background container scrubber has been disabled by hdds.containerscrub.enabled
2019-06-12 14:50:54,209 INFO  ratis.XceiverServerRatis (XceiverServerRatis.java:start(418)) - Starting XceiverServerRatis 748cb110-c80f-49e7-8f1d-841c164c03d7 at port 39073
2019-06-12 14:50:54,212 INFO  impl.RaftServerProxy (RaftServerProxy.java:lambda$start$3(299)) - 748cb110-c80f-49e7-8f1d-841c164c03d7: start RPC server
2019-06-12 14:50:54,212 INFO  server.GrpcService (GrpcService.java:startImpl(148)) - 748cb110-c80f-49e7-8f1d-841c164c03d7: GrpcService started, listening on 0.0.0.0/0.0.0.0:39073
2019-06-12 14:50:54,401 INFO  ozoneimpl.OzoneContainer (OzoneContainer.java:start(186)) - Attempting to start container services.
2019-06-12 14:50:54,401 INFO  ozoneimpl.OzoneContainer (OzoneContainer.java:startContainerScrub(160)) - Background container scrubber has been disabled by hdds.containerscrub.enabled
2019-06-12 14:50:54,401 INFO  ratis.XceiverServerRatis (XceiverServerRatis.java:start(418)) - Starting XceiverServerRatis 19f51db3-88f0-4f09-be2f-ee234accd120 at port 44923
2019-06-12 14:50:54,404 INFO  impl.RaftServerProxy (RaftServerProxy.java:lambda$start$3(299)) - 19f51db3-88f0-4f09-be2f-ee234accd120: start RPC server
2019-06-12 14:50:54,404 INFO  server.GrpcService (GrpcService.java:startImpl(148)) - 19f51db3-88f0-4f09-be2f-ee234accd120: GrpcService started, listening on 0.0.0.0/0.0.0.0:44923
2019-06-12 14:50:54,537 INFO  ozoneimpl.OzoneContainer (OzoneContainer.java:start(186)) - Attempting to start container services.
2019-06-12 14:50:54,537 INFO  ozoneimpl.OzoneContainer (OzoneContainer.java:startContainerScrub(160)) - Background container scrubber has been disabled by hdds.containerscrub.enabled
2019-06-12 14:50:54,537 INFO  ratis.XceiverServerRatis (XceiverServerRatis.java:start(418)) - Starting XceiverServerRatis 8be88cf0-652e-4224-9c93-1138f1884fd4 at port 45825
2019-06-12 14:50:54,540 INFO  impl.RaftServerProxy (RaftServerProxy.java:lambda$start$3(299)) - 8be88cf0-652e-4224-9c93-1138f1884fd4: start RPC server
2019-06-12 14:50:54,540 INFO  server.GrpcService (GrpcService.java:startImpl(148)) - 8be88cf0-652e-4224-9c93-1138f1884fd4: GrpcService started, listening on 0.0.0.0/0.0.0.0:45825
2019-06-12 14:50:54,668 INFO  ozone.MiniOzoneClusterImpl (MiniOzoneClusterImpl.java:lambda$waitForClusterToBeReady$0(142)) - Waiting for cluster to be ready. Got 0 of 7 DN Heartbeats.
2019-06-12 14:50:54,673 INFO  ozoneimpl.OzoneContainer (OzoneContainer.java:start(186)) - Attempting to start container services.
2019-06-12 14:50:54,674 INFO  ozoneimpl.OzoneContainer (OzoneContainer.java:startContainerScrub(160)) - Background container scrubber has been disabled by hdds.containerscrub.enabled
2019-06-12 14:50:54,674 INFO  ratis.XceiverServerRatis (XceiverServerRatis.java:start(418)) - Starting XceiverServerRatis 227650f5-a2db-42de-a75b-f2b4a2edcdd9 at port 37209
2019-06-12 14:50:54,677 INFO  impl.RaftServerProxy (RaftServerProxy.java:lambda$start$3(299)) - 227650f5-a2db-42de-a75b-f2b4a2edcdd9: start RPC server
2019-06-12 14:50:54,683 INFO  server.GrpcService (GrpcService.java:startImpl(148)) - 227650f5-a2db-42de-a75b-f2b4a2edcdd9: GrpcService started, listening on 0.0.0.0/0.0.0.0:37209
2019-06-12 14:50:55,668 INFO  ozone.MiniOzoneClusterImpl (MiniOzoneClusterImpl.java:lambda$waitForClusterToBeReady$0(142)) - Waiting for cluster to be ready. Got 0 of 7 DN Heartbeats.
2019-06-12 14:50:55,752 INFO  node.SCMNodeManager (SCMNodeManager.java:register(234)) - Registered Data node : 358c4b0e-0058-48bf-b42c-5762a97c1207{ip: 192.168.46.18, host: ozone-nqbcb-3364917721, networkLocation: /default-rack, certSerialId: null}
2019-06-12 14:50:55,754 INFO  safemode.SCMSafeModeManager (DataNodeSafeModeRule.java:process(71)) - SCM in safe mode. 1 DataNodes registered, 1 required.
2019-06-12 14:50:55,757 INFO  safemode.SCMSafeModeManager (SCMSafeModeManager.java:validateSafeModeExitRules(177)) - ScmSafeModeManager, all rules are successfully validated
2019-06-12 14:50:55,757 INFO  safemode.SCMSafeModeManager (SCMSafeModeManager.java:exitSafeMode(193)) - SCM exiting safe mode.
2019-06-12 14:50:55,760 INFO  impl.RaftServerProxy (RaftServerProxy.java:addNew(89)) - 358c4b0e-0058-48bf-b42c-5762a97c1207: addNew group-F2C5D032C60E:[358c4b0e-0058-48bf-b42c-5762a97c1207:192.168.46.18:37445] returns group-F2C5D032C60E:java.util.concurrent.CompletableFuture@448845d[Not completed]
2019-06-12 14:50:55,761 INFO  impl.RaftServerImpl (RaftServerImpl.java:<init>(91)) - 358c4b0e-0058-48bf-b42c-5762a97c1207: new RaftServerImpl for group-F2C5D032C60E:[358c4b0e-0058-48bf-b42c-5762a97c1207:192.168.46.18:37445] with ContainerStateMachine:uninitialized
2019-06-12 14:50:55,761 INFO  server.RaftServerConfigKeys (ConfUtils.java:logGet(43)) - raft.server.rpc.timeout.min = 1s (custom)
2019-06-12 14:50:55,761 INFO  server.RaftServerConfigKeys (ConfUtils.java:logGet(43)) - raft.server.rpc.timeout.max = 1200ms (custom)
2019-06-12 14:50:55,761 INFO  server.RaftServerConfigKeys (ConfUtils.java:logGet(43)) - raft.server.rpcslowness.timeout = 120s (custom)
2019-06-12 14:50:55,761 INFO  server.RaftServerConfigKeys (ConfUtils.java:logGet(43)) - raft.server.log.appender.install.snapshot.enabled = true (default)
2019-06-12 14:50:55,761 INFO  impl.RaftServerImpl (ServerState.java:<init>(101)) - 358c4b0e-0058-48bf-b42c-5762a97c1207:group-F2C5D032C60E ConfigurationManager, init=-1: [358c4b0e-0058-48bf-b42c-5762a97c1207:192.168.46.18:37445], old=null, confs=<EMPTY_MAP>
2019-06-12 14:50:55,761 INFO  server.RaftServerConfigKeys (ConfUtils.java:logGet(43)) - raft.server.storage.dir = [/opt/src/hadoop-ozone/integration-test/target/test-dir/MiniOzoneClusterImpl-e88f50ad-c4a0-4eb5-a6fa-3ac03beecd11/datanode-0/data/ratis] (custom)
2019-06-12 14:50:55,762 INFO  storage.RaftStorageDirectory (RaftStorageDirectory.java:analyzeStorage(246)) - The storage directory /opt/src/hadoop-ozone/integration-test/target/test-dir/MiniOzoneClusterImpl-e88f50ad-c4a0-4eb5-a6fa-3ac03beecd11/datanode-0/data/ratis/63826cc0-47b5-42f5-89fc-f2c5d032c60e does not exist. Creating ...
2019-06-12 14:50:55,764 INFO  storage.RaftStorageDirectory (RaftStorageDirectory.java:tryLock(328)) - Lock on /opt/src/hadoop-ozone/integration-test/target/test-dir/MiniOzoneClusterImpl-e88f50ad-c4a0-4eb5-a6fa-3ac03beecd11/datanode-0/data/ratis/63826cc0-47b5-42f5-89fc-f2c5d032c60e/in_use.lock acquired by nodename 19676@ozone-nqbcb-3364917721
2019-06-12 14:50:55,766 INFO  storage.RaftStorage (RaftStorage.java:format(75)) - Storage directory /opt/src/hadoop-ozone/integration-test/target/test-dir/MiniOzoneClusterImpl-e88f50ad-c4a0-4eb5-a6fa-3ac03beecd11/datanode-0/data/ratis/63826cc0-47b5-42f5-89fc-f2c5d032c60e has been successfully formatted.
2019-06-12 14:50:55,766 INFO  ratis.ContainerStateMachine (ContainerStateMachine.java:loadSnapshot(199)) - The snapshot info is null.Setting the last applied index to:(t:0, i:~)
2019-06-12 14:50:55,766 INFO  server.RaftServerConfigKeys (ConfUtils.java:logGet(43)) - raft.server.leader.election.timeout = 120s (custom)
2019-06-12 14:50:55,766 INFO  server.RaftServerConfigKeys (ConfUtils.java:logGet(43)) - raft.server.log.use.memory = false (default)
2019-06-12 14:50:55,766 INFO  server.RaftServerConfigKeys (ConfUtils.java:logGet(43)) - raft.server.log.appender.buffer.byte-limit = 33554432 (custom)
2019-06-12 14:50:55,766 INFO  server.RaftServerConfigKeys (ConfUtils.java:logGet(43)) - raft.server.log.segment.size.max = 16384 (custom)
2019-06-12 14:50:55,766 INFO  server.RaftServerConfigKeys (ConfUtils.java:logGet(43)) - raft.server.log.segment.cache.num.max = 2 (custom)
2019-06-12 14:50:55,766 INFO  storage.RaftLogWorker (RaftLogWorker.java:<init>(123)) - new 358c4b0e-0058-48bf-b42c-5762a97c1207-RaftLogWorker for Storage Directory /opt/src/hadoop-ozone/integration-test/target/test-dir/MiniOzoneClusterImpl-e88f50ad-c4a0-4eb5-a6fa-3ac03beecd11/datanode-0/data/ratis/63826cc0-47b5-42f5-89fc-f2c5d032c60e
2019-06-12 14:50:55,766 INFO  server.RaftServerConfigKeys (ConfUtils.java:logGet(43)) - raft.server.log.queue.byte-limit = 2147483647 (custom)
2019-06-12 14:50:55,766 INFO  server.RaftServerConfigKeys (ConfUtils.java:logGet(43)) - raft.server.log.queue.element-limit = 1024 (custom)
2019-06-12 14:50:55,766 INFO  server.RaftServerConfigKeys (ConfUtils.java:logGet(43)) - raft.server.log.segment.size.max = 16384 (custom)
2019-06-12 14:50:55,766 INFO  server.RaftServerConfigKeys (ConfUtils.java:logGet(43)) - raft.server.log.preallocated.size = 16384 (custom)
2019-06-12 14:50:55,766 INFO  server.RaftServerConfigKeys (ConfUtils.java:logGet(43)) - raft.server.log.write.buffer.size = 33554432 (custom)
2019-06-12 14:50:55,767 INFO  server.RaftServerConfigKeys (ConfUtils.java:logGet(43)) - raft.server.log.force.sync.num = 128 (default)
2019-06-12 14:50:55,767 INFO  server.RaftServerConfigKeys (ConfUtils.java:logGet(43)) - raft.server.log.statemachine.data.sync = true (default)
2019-06-12 14:50:55,767 INFO  server.RaftServerConfigKeys (ConfUtils.java:logGet(43)) - raft.server.log.statemachine.data.sync.timeout = 10s (default)
2019-06-12 14:50:55,767 INFO  server.RaftServerConfigKeys (ConfUtils.java:logGet(43)) - raft.server.log.statemachine.data.sync.timeout.retry = -1 (default)
2019-06-12 14:50:55,767 INFO  server.RaftServerConfigKeys (ConfUtils.java:logGet(43)) - raft.server.log.statemachine.data.caching.enabled = true (custom)
2019-06-12 14:50:55,767 INFO  server.RaftServerConfigKeys (ConfUtils.java:logGet(43)) - raft.server.snapshot.auto.trigger.enabled = true (custom)
2019-06-12 14:50:55,767 INFO  server.RaftServerConfigKeys (ConfUtils.java:logGet(43)) - raft.server.snapshot.auto.trigger.threshold = 10000 (custom)
2019-06-12 14:50:55,767 INFO  server.RaftServerConfigKeys (ConfUtils.java:logGet(43)) - raft.server.retrycache.expirytime = 600000ms (custom)
2019-06-12 14:50:55,767 INFO  impl.RaftServerImpl (RaftServerImpl.java:start(173)) - 358c4b0e-0058-48bf-b42c-5762a97c1207: start group-F2C5D032C60E
2019-06-12 14:50:55,767 INFO  impl.RaftServerImpl (RaftServerImpl.java:setRole(164)) - 358c4b0e-0058-48bf-b42c-5762a97c1207:group-F2C5D032C60E changes role from null to FOLLOWER at term 0 for startAsFollower
2019-06-12 14:50:55,768 INFO  impl.RoleInfo (RoleInfo.java:updateAndGet(143)) - 358c4b0e-0058-48bf-b42c-5762a97c1207: start FollowerState
2019-06-12 14:50:55,768 INFO  util.JmxRegister (JmxRegister.java:tryRegister(44)) - Successfully registered JMX Bean with object name Ratis:service=RaftServer,group=group-F2C5D032C60E,id=358c4b0e-0058-48bf-b42c-5762a97c1207
2019-06-12 14:50:55,770 INFO  pipeline.PipelineStateManager (PipelineStateManager.java:addPipeline(56)) - Created pipeline Pipeline[ Id: 63826cc0-47b5-42f5-89fc-f2c5d032c60e, Nodes: 358c4b0e-0058-48bf-b42c-5762a97c1207{ip: 192.168.46.18, host: ozone-nqbcb-3364917721, networkLocation: /default-rack, certSerialId: null}, Type:RATIS, Factor:ONE, State:OPEN]
2019-06-12 14:50:55,922 INFO  node.SCMNodeManager (SCMNodeManager.java:register(234)) - Registered Data node : 795797cb-0d5b-4b12-bcd9-6620fc6c1618{ip: 192.168.46.18, host: ozone-nqbcb-3364917721, networkLocation: /default-rack, certSerialId: null}
2019-06-12 14:50:55,931 INFO  impl.RaftServerProxy (RaftServerProxy.java:addNew(89)) - 795797cb-0d5b-4b12-bcd9-6620fc6c1618: addNew group-F17148C6383B:[795797cb-0d5b-4b12-bcd9-6620fc6c1618:192.168.46.18:34283] returns group-F17148C6383B:java.util.concurrent.CompletableFuture@5ccae334[Not completed]
2019-06-12 14:50:55,932 INFO  impl.RaftServerImpl (RaftServerImpl.java:<init>(91)) - 795797cb-0d5b-4b12-bcd9-6620fc6c1618: new RaftServerImpl for group-F17148C6383B:[795797cb-0d5b-4b12-bcd9-6620fc6c1618:192.168.46.18:34283] with ContainerStateMachine:uninitialized
2019-06-12 14:50:55,932 INFO  server.RaftServerConfigKeys (ConfUtils.java:logGet(43)) - raft.server.rpc.timeout.min = 1s (custom)
2019-06-12 14:50:55,932 INFO  server.RaftServerConfigKeys (ConfUtils.java:logGet(43)) - raft.server.rpc.timeout.max = 1200ms (custom)
2019-06-12 14:50:55,932 INFO  server.RaftServerConfigKeys (ConfUtils.java:logGet(43)) - raft.server.rpcslowness.timeout = 120s (custom)
2019-06-12 14:50:55,932 INFO  server.RaftServerConfigKeys (ConfUtils.java:logGet(43)) - raft.server.log.appender.install.snapshot.enabled = true (default)
2019-06-12 14:50:55,932 INFO  impl.RaftServerImpl (ServerState.java:<init>(101)) - 795797cb-0d5b-4b12-bcd9-6620fc6c1618:group-F17148C6383B ConfigurationManager, init=-1: [795797cb-0d5b-4b12-bcd9-6620fc6c1618:192.168.46.18:34283], old=null, confs=<EMPTY_MAP>
2019-06-12 14:50:55,932 INFO  server.RaftServerConfigKeys (ConfUtils.java:logGet(43)) - raft.server.storage.dir = [/opt/src/hadoop-ozone/integration-test/target/test-dir/MiniOzoneClusterImpl-e88f50ad-c4a0-4eb5-a6fa-3ac03beecd11/datanode-1/data/ratis] (custom)
2019-06-12 14:50:55,932 INFO  storage.RaftStorageDirectory (RaftStorageDirectory.java:analyzeStorage(246)) - The storage directory /opt/src/hadoop-ozone/integration-test/target/test-dir/MiniOzoneClusterImpl-e88f50ad-c4a0-4eb5-a6fa-3ac03beecd11/datanode-1/data/ratis/1d7f7228-1463-492e-b7a9-f17148c6383b does not exist. Creating ...
2019-06-12 14:50:55,935 INFO  storage.RaftStorageDirectory (RaftStorageDirectory.java:tryLock(328)) - Lock on /opt/src/hadoop-ozone/integration-test/target/test-dir/MiniOzoneClusterImpl-e88f50ad-c4a0-4eb5-a6fa-3ac03beecd11/datanode-1/data/ratis/1d7f7228-1463-492e-b7a9-f17148c6383b/in_use.lock acquired by nodename 19676@ozone-nqbcb-3364917721
2019-06-12 14:50:55,937 INFO  storage.RaftStorage (RaftStorage.java:format(75)) - Storage directory /opt/src/hadoop-ozone/integration-test/target/test-dir/MiniOzoneClusterImpl-e88f50ad-c4a0-4eb5-a6fa-3ac03beecd11/datanode-1/data/ratis/1d7f7228-1463-492e-b7a9-f17148c6383b has been successfully formatted.
2019-06-12 14:50:55,937 INFO  ratis.ContainerStateMachine (ContainerStateMachine.java:loadSnapshot(199)) - The snapshot info is null.Setting the last applied index to:(t:0, i:~)
2019-06-12 14:50:55,937 INFO  server.RaftServerConfigKeys (ConfUtils.java:logGet(43)) - raft.server.leader.election.timeout = 120s (custom)
2019-06-12 14:50:55,937 INFO  server.RaftServerConfigKeys (ConfUtils.java:logGet(43)) - raft.server.log.use.memory = false (default)
2019-06-12 14:50:55,937 INFO  server.RaftServerConfigKeys (ConfUtils.java:logGet(43)) - raft.server.log.appender.buffer.byte-limit = 33554432 (custom)
2019-06-12 14:50:55,938 INFO  server.RaftServerConfigKeys (ConfUtils.java:logGet(43)) - raft.server.log.segment.size.max = 16384 (custom)
2019-06-12 14:50:55,938 INFO  server.RaftServerConfigKeys (ConfUtils.java:logGet(43)) - raft.server.log.segment.cache.num.max = 2 (custom)
2019-06-12 14:50:55,938 INFO  storage.RaftLogWorker (RaftLogWorker.java:<init>(123)) - new 795797cb-0d5b-4b12-bcd9-6620fc6c1618-RaftLogWorker for Storage Directory /opt/src/hadoop-ozone/integration-test/target/test-dir/MiniOzoneClusterImpl-e88f50ad-c4a0-4eb5-a6fa-3ac03beecd11/datanode-1/data/ratis/1d7f7228-1463-492e-b7a9-f17148c6383b
2019-06-12 14:50:55,938 INFO  server.RaftServerConfigKeys (ConfUtils.java:logGet(43)) - raft.server.log.queue.byte-limit = 2147483647 (custom)
2019-06-12 14:50:55,938 INFO  server.RaftServerConfigKeys (ConfUtils.java:logGet(43)) - raft.server.log.queue.element-limit = 1024 (custom)
2019-06-12 14:50:55,938 INFO  server.RaftServerConfigKeys (ConfUtils.java:logGet(43)) - raft.server.log.segment.size.max = 16384 (custom)
2019-06-12 14:50:55,938 INFO  server.RaftServerConfigKeys (ConfUtils.java:logGet(43)) - raft.server.log.preallocated.size = 16384 (custom)
2019-06-12 14:50:55,938 INFO  server.RaftServerConfigKeys (ConfUtils.java:logGet(43)) - raft.server.log.write.buffer.size = 33554432 (custom)
2019-06-12 14:50:55,938 INFO  server.RaftServerConfigKeys (ConfUtils.java:logGet(43)) - raft.server.log.force.sync.num = 128 (default)
2019-06-12 14:50:55,938 INFO  server.RaftServerConfigKeys (ConfUtils.java:logGet(43)) - raft.server.log.statemachine.data.sync = true (default)
2019-06-12 14:50:55,938 INFO  server.RaftServerConfigKeys (ConfUtils.java:logGet(43)) - raft.server.log.statemachine.data.sync.timeout = 10s (default)
2019-06-12 14:50:55,938 INFO  server.RaftServerConfigKeys (ConfUtils.java:logGet(43)) - raft.server.log.statemachine.data.sync.timeout.retry = -1 (default)
2019-06-12 14:50:55,938 INFO  server.RaftServerConfigKeys (ConfUtils.java:logGet(43)) - raft.server.log.statemachine.data.caching.enabled = true (custom)
2019-06-12 14:50:55,939 INFO  server.RaftServerConfigKeys (ConfUtils.java:logGet(43)) - raft.server.snapshot.auto.trigger.enabled = true (custom)
2019-06-12 14:50:55,939 INFO  server.RaftServerConfigKeys (ConfUtils.java:logGet(43)) - raft.server.snapshot.auto.trigger.threshold = 10000 (custom)
2019-06-12 14:50:55,939 INFO  server.RaftServerConfigKeys (ConfUtils.java:logGet(43)) - raft.server.retrycache.expirytime = 600000ms (custom)
2019-06-12 14:50:55,939 INFO  impl.RaftServerImpl (RaftServerImpl.java:start(173)) - 795797cb-0d5b-4b12-bcd9-6620fc6c1618: start group-F17148C6383B
2019-06-12 14:50:55,939 INFO  impl.RaftServerImpl (RaftServerImpl.java:setRole(164)) - 795797cb-0d5b-4b12-bcd9-6620fc6c1618:group-F17148C6383B changes role from null to FOLLOWER at term 0 for startAsFollower
2019-06-12 14:50:55,939 INFO  impl.RoleInfo (RoleInfo.java:updateAndGet(143)) - 795797cb-0d5b-4b12-bcd9-6620fc6c1618: start FollowerState
2019-06-12 14:50:55,939 INFO  util.JmxRegister (JmxRegister.java:tryRegister(44)) - Successfully registered JMX Bean with object name Ratis:service=RaftServer,group=group-F17148C6383B,id=795797cb-0d5b-4b12-bcd9-6620fc6c1618
2019-06-12 14:50:55,941 INFO  pipeline.PipelineStateManager (PipelineStateManager.java:addPipeline(56)) - Created pipeline Pipeline[ Id: 1d7f7228-1463-492e-b7a9-f17148c6383b, Nodes: 795797cb-0d5b-4b12-bcd9-6620fc6c1618{ip: 192.168.46.18, host: ozone-nqbcb-3364917721, networkLocation: /default-rack, certSerialId: null}, Type:RATIS, Factor:ONE, State:OPEN]
2019-06-12 14:50:56,047 INFO  node.SCMNodeManager (SCMNodeManager.java:register(234)) - Registered Data node : b29f5895-5d59-4d37-920e-c514776e34ac{ip: 192.168.46.18, host: ozone-nqbcb-3364917721, networkLocation: /default-rack, certSerialId: null}
2019-06-12 14:50:56,051 INFO  impl.RaftServerProxy (RaftServerProxy.java:addNew(89)) - b29f5895-5d59-4d37-920e-c514776e34ac: addNew group-3BBE2C4AE539:[b29f5895-5d59-4d37-920e-c514776e34ac:192.168.46.18:33983] returns group-3BBE2C4AE539:java.util.concurrent.CompletableFuture@75dd15c[Not completed]
2019-06-12 14:50:56,052 INFO  impl.RaftServerImpl (RaftServerImpl.java:<init>(91)) - b29f5895-5d59-4d37-920e-c514776e34ac: new RaftServerImpl for group-3BBE2C4AE539:[b29f5895-5d59-4d37-920e-c514776e34ac:192.168.46.18:33983] with ContainerStateMachine:uninitialized
2019-06-12 14:50:56,052 INFO  server.RaftServerConfigKeys (ConfUtils.java:logGet(43)) - raft.server.rpc.timeout.min = 1s (custom)
2019-06-12 14:50:56,052 INFO  server.RaftServerConfigKeys (ConfUtils.java:logGet(43)) - raft.server.rpc.timeout.max = 1200ms (custom)
2019-06-12 14:50:56,052 INFO  server.RaftServerConfigKeys (ConfUtils.java:logGet(43)) - raft.server.rpcslowness.timeout = 120s (custom)
2019-06-12 14:50:56,052 INFO  server.RaftServerConfigKeys (ConfUtils.java:logGet(43)) - raft.server.log.appender.install.snapshot.enabled = true (default)
2019-06-12 14:50:56,052 INFO  impl.RaftServerImpl (ServerState.java:<init>(101)) - b29f5895-5d59-4d37-920e-c514776e34ac:group-3BBE2C4AE539 ConfigurationManager, init=-1: [b29f5895-5d59-4d37-920e-c514776e34ac:192.168.46.18:33983], old=null, confs=<EMPTY_MAP>
2019-06-12 14:50:56,053 INFO  server.RaftServerConfigKeys (ConfUtils.java:logGet(43)) - raft.server.storage.dir = [/opt/src/hadoop-ozone/integration-test/target/test-dir/MiniOzoneClusterImpl-e88f50ad-c4a0-4eb5-a6fa-3ac03beecd11/datanode-2/data/ratis] (custom)
2019-06-12 14:50:56,053 INFO  storage.RaftStorageDirectory (RaftStorageDirectory.java:analyzeStorage(246)) - The storage directory /opt/src/hadoop-ozone/integration-test/target/test-dir/MiniOzoneClusterImpl-e88f50ad-c4a0-4eb5-a6fa-3ac03beecd11/datanode-2/data/ratis/4ecf95bb-4954-4d4e-91d4-3bbe2c4ae539 does not exist. Creating ...
2019-06-12 14:50:56,055 INFO  storage.RaftStorageDirectory (RaftStorageDirectory.java:tryLock(328)) - Lock on /opt/src/hadoop-ozone/integration-test/target/test-dir/MiniOzoneClusterImpl-e88f50ad-c4a0-4eb5-a6fa-3ac03beecd11/datanode-2/data/ratis/4ecf95bb-4954-4d4e-91d4-3bbe2c4ae539/in_use.lock acquired by nodename 19676@ozone-nqbcb-3364917721
2019-06-12 14:50:56,057 INFO  storage.RaftStorage (RaftStorage.java:format(75)) - Storage directory /opt/src/hadoop-ozone/integration-test/target/test-dir/MiniOzoneClusterImpl-e88f50ad-c4a0-4eb5-a6fa-3ac03beecd11/datanode-2/data/ratis/4ecf95bb-4954-4d4e-91d4-3bbe2c4ae539 has been successfully formatted.
2019-06-12 14:50:56,057 INFO  ratis.ContainerStateMachine (ContainerStateMachine.java:loadSnapshot(199)) - The snapshot info is null.Setting the last applied index to:(t:0, i:~)
2019-06-12 14:50:56,057 INFO  server.RaftServerConfigKeys (ConfUtils.java:logGet(43)) - raft.server.leader.election.timeout = 120s (custom)
2019-06-12 14:50:56,057 INFO  server.RaftServerConfigKeys (ConfUtils.java:logGet(43)) - raft.server.log.use.memory = false (default)
2019-06-12 14:50:56,057 INFO  server.RaftServerConfigKeys (ConfUtils.java:logGet(43)) - raft.server.log.appender.buffer.byte-limit = 33554432 (custom)
2019-06-12 14:50:56,057 INFO  server.RaftServerConfigKeys (ConfUtils.java:logGet(43)) - raft.server.log.segment.size.max = 16384 (custom)
2019-06-12 14:50:56,057 INFO  server.RaftServerConfigKeys (ConfUtils.java:logGet(43)) - raft.server.log.segment.cache.num.max = 2 (custom)
2019-06-12 14:50:56,058 INFO  storage.RaftLogWorker (RaftLogWorker.java:<init>(123)) - new b29f5895-5d59-4d37-920e-c514776e34ac-RaftLogWorker for Storage Directory /opt/src/hadoop-ozone/integration-test/target/test-dir/MiniOzoneClusterImpl-e88f50ad-c4a0-4eb5-a6fa-3ac03beecd11/datanode-2/data/ratis/4ecf95bb-4954-4d4e-91d4-3bbe2c4ae539
2019-06-12 14:50:56,058 INFO  server.RaftServerConfigKeys (ConfUtils.java:logGet(43)) - raft.server.log.queue.byte-limit = 2147483647 (custom)
2019-06-12 14:50:56,058 INFO  server.RaftServerConfigKeys (ConfUtils.java:logGet(43)) - raft.server.log.queue.element-limit = 1024 (custom)
2019-06-12 14:50:56,058 INFO  server.RaftServerConfigKeys (ConfUtils.java:logGet(43)) - raft.server.log.segment.size.max = 16384 (custom)
2019-06-12 14:50:56,058 INFO  server.RaftServerConfigKeys (ConfUtils.java:logGet(43)) - raft.server.log.preallocated.size = 16384 (custom)
2019-06-12 14:50:56,058 INFO  server.RaftServerConfigKeys (ConfUtils.java:logGet(43)) - raft.server.log.write.buffer.size = 33554432 (custom)
2019-06-12 14:50:56,058 INFO  server.RaftServerConfigKeys (ConfUtils.java:logGet(43)) - raft.server.log.force.sync.num = 128 (default)
2019-06-12 14:50:56,058 INFO  server.RaftServerConfigKeys (ConfUtils.java:logGet(43)) - raft.server.log.statemachine.data.sync = true (default)
2019-06-12 14:50:56,058 INFO  server.RaftServerConfigKeys (ConfUtils.java:logGet(43)) - raft.server.log.statemachine.data.sync.timeout = 10s (default)
2019-06-12 14:50:56,058 INFO  server.RaftServerConfigKeys (ConfUtils.java:logGet(43)) - raft.server.log.statemachine.data.sync.timeout.retry = -1 (default)
2019-06-12 14:50:56,058 INFO  server.RaftServerConfigKeys (ConfUtils.java:logGet(43)) - raft.server.log.statemachine.data.caching.enabled = true (custom)
2019-06-12 14:50:56,058 INFO  server.RaftServerConfigKeys (ConfUtils.java:logGet(43)) - raft.server.snapshot.auto.trigger.enabled = true (custom)
2019-06-12 14:50:56,059 INFO  server.RaftServerConfigKeys (ConfUtils.java:logGet(43)) - raft.server.snapshot.auto.trigger.threshold = 10000 (custom)
2019-06-12 14:50:56,059 INFO  server.RaftServerConfigKeys (ConfUtils.java:logGet(43)) - raft.server.retrycache.expirytime = 600000ms (custom)
2019-06-12 14:50:56,059 INFO  impl.RaftServerImpl (RaftServerImpl.java:start(173)) - b29f5895-5d59-4d37-920e-c514776e34ac: start group-3BBE2C4AE539
2019-06-12 14:50:56,059 INFO  impl.RaftServerImpl (RaftServerImpl.java:setRole(164)) - b29f5895-5d59-4d37-920e-c514776e34ac:group-3BBE2C4AE539 changes role from null to FOLLOWER at term 0 for startAsFollower
2019-06-12 14:50:56,059 INFO  impl.RoleInfo (RoleInfo.java:updateAndGet(143)) - b29f5895-5d59-4d37-920e-c514776e34ac: start FollowerState
2019-06-12 14:50:56,059 INFO  util.JmxRegister (JmxRegister.java:tryRegister(44)) - Successfully registered JMX Bean with object name Ratis:service=RaftServer,group=group-3BBE2C4AE539,id=b29f5895-5d59-4d37-920e-c514776e34ac
2019-06-12 14:50:56,060 INFO  pipeline.PipelineStateManager (PipelineStateManager.java:addPipeline(56)) - Created pipeline Pipeline[ Id: 4ecf95bb-4954-4d4e-91d4-3bbe2c4ae539, Nodes: b29f5895-5d59-4d37-920e-c514776e34ac{ip: 192.168.46.18, host: ozone-nqbcb-3364917721, networkLocation: /default-rack, certSerialId: null}, Type:RATIS, Factor:ONE, State:OPEN]
2019-06-12 14:50:56,068 INFO  impl.RaftServerProxy (RaftServerProxy.java:addNew(89)) - 795797cb-0d5b-4b12-bcd9-6620fc6c1618: addNew group-541D171EF391:[795797cb-0d5b-4b12-bcd9-6620fc6c1618:192.168.46.18:34283, 358c4b0e-0058-48bf-b42c-5762a97c1207:192.168.46.18:37445, b29f5895-5d59-4d37-920e-c514776e34ac:192.168.46.18:33983] returns group-541D171EF391:java.util.concurrent.CompletableFuture@170a5ac2[Not completed]
2019-06-12 14:50:56,070 INFO  impl.RaftServerImpl (RaftServerImpl.java:<init>(91)) - 795797cb-0d5b-4b12-bcd9-6620fc6c1618: new RaftServerImpl for group-541D171EF391:[795797cb-0d5b-4b12-bcd9-6620fc6c1618:192.168.46.18:34283, 358c4b0e-0058-48bf-b42c-5762a97c1207:192.168.46.18:37445, b29f5895-5d59-4d37-920e-c514776e34ac:192.168.46.18:33983] with ContainerStateMachine:uninitialized
2019-06-12 14:50:56,070 INFO  server.RaftServerConfigKeys (ConfUtils.java:logGet(43)) - raft.server.rpc.timeout.min = 1s (custom)
2019-06-12 14:50:56,070 INFO  server.RaftServerConfigKeys (ConfUtils.java:logGet(43)) - raft.server.rpc.timeout.max = 1200ms (custom)
2019-06-12 14:50:56,070 INFO  server.RaftServerConfigKeys (ConfUtils.java:logGet(43)) - raft.server.rpcslowness.timeout = 120s (custom)
2019-06-12 14:50:56,070 INFO  server.RaftServerConfigKeys (ConfUtils.java:logGet(43)) - raft.server.log.appender.install.snapshot.enabled = true (default)
2019-06-12 14:50:56,070 INFO  impl.RaftServerImpl (ServerState.java:<init>(101)) - 795797cb-0d5b-4b12-bcd9-6620fc6c1618:group-541D171EF391 ConfigurationManager, init=-1: [795797cb-0d5b-4b12-bcd9-6620fc6c1618:192.168.46.18:34283, 358c4b0e-0058-48bf-b42c-5762a97c1207:192.168.46.18:37445, b29f5895-5d59-4d37-920e-c514776e34ac:192.168.46.18:33983], old=null, confs=<EMPTY_MAP>
2019-06-12 14:50:56,070 INFO  server.RaftServerConfigKeys (ConfUtils.java:logGet(43)) - raft.server.storage.dir = [/opt/src/hadoop-ozone/integration-test/target/test-dir/MiniOzoneClusterImpl-e88f50ad-c4a0-4eb5-a6fa-3ac03beecd11/datanode-1/data/ratis] (custom)
2019-06-12 14:50:56,070 INFO  storage.RaftStorageDirectory (RaftStorageDirectory.java:analyzeStorage(246)) - The storage directory /opt/src/hadoop-ozone/integration-test/target/test-dir/MiniOzoneClusterImpl-e88f50ad-c4a0-4eb5-a6fa-3ac03beecd11/datanode-1/data/ratis/deead87e-6f82-4d1e-8e81-541d171ef391 does not exist. Creating ...
2019-06-12 14:50:56,072 INFO  storage.RaftStorageDirectory (RaftStorageDirectory.java:tryLock(328)) - Lock on /opt/src/hadoop-ozone/integration-test/target/test-dir/MiniOzoneClusterImpl-e88f50ad-c4a0-4eb5-a6fa-3ac03beecd11/datanode-1/data/ratis/deead87e-6f82-4d1e-8e81-541d171ef391/in_use.lock acquired by nodename 19676@ozone-nqbcb-3364917721
2019-06-12 14:50:56,073 INFO  impl.RaftServerProxy (RaftServerProxy.java:addNew(89)) - b29f5895-5d59-4d37-920e-c514776e34ac: addNew group-541D171EF391:[795797cb-0d5b-4b12-bcd9-6620fc6c1618:192.168.46.18:34283, 358c4b0e-0058-48bf-b42c-5762a97c1207:192.168.46.18:37445, b29f5895-5d59-4d37-920e-c514776e34ac:192.168.46.18:33983] returns group-541D171EF391:java.util.concurrent.CompletableFuture@4888f074[Not completed]
2019-06-12 14:50:56,073 INFO  impl.RaftServerImpl (RaftServerImpl.java:<init>(91)) - b29f5895-5d59-4d37-920e-c514776e34ac: new RaftServerImpl for group-541D171EF391:[795797cb-0d5b-4b12-bcd9-6620fc6c1618:192.168.46.18:34283, 358c4b0e-0058-48bf-b42c-5762a97c1207:192.168.46.18:37445, b29f5895-5d59-4d37-920e-c514776e34ac:192.168.46.18:33983] with ContainerStateMachine:uninitialized
2019-06-12 14:50:56,073 INFO  server.RaftServerConfigKeys (ConfUtils.java:logGet(43)) - raft.server.rpc.timeout.min = 1s (custom)
2019-06-12 14:50:56,073 INFO  server.RaftServerConfigKeys (ConfUtils.java:logGet(43)) - raft.server.rpc.timeout.max = 1200ms (custom)
2019-06-12 14:50:56,073 INFO  server.RaftServerConfigKeys (ConfUtils.java:logGet(43)) - raft.server.rpcslowness.timeout = 120s (custom)
2019-06-12 14:50:56,074 INFO  server.RaftServerConfigKeys (ConfUtils.java:logGet(43)) - raft.server.log.appender.install.snapshot.enabled = true (default)
2019-06-12 14:50:56,074 INFO  impl.RaftServerImpl (ServerState.java:<init>(101)) - b29f5895-5d59-4d37-920e-c514776e34ac:group-541D171EF391 ConfigurationManager, init=-1: [795797cb-0d5b-4b12-bcd9-6620fc6c1618:192.168.46.18:34283, 358c4b0e-0058-48bf-b42c-5762a97c1207:192.168.46.18:37445, b29f5895-5d59-4d37-920e-c514776e34ac:192.168.46.18:33983], old=null, confs=<EMPTY_MAP>
2019-06-12 14:50:56,074 INFO  server.RaftServerConfigKeys (ConfUtils.java:logGet(43)) - raft.server.storage.dir = [/opt/src/hadoop-ozone/integration-test/target/test-dir/MiniOzoneClusterImpl-e88f50ad-c4a0-4eb5-a6fa-3ac03beecd11/datanode-2/data/ratis] (custom)
2019-06-12 14:50:56,074 INFO  storage.RaftStorageDirectory (RaftStorageDirectory.java:analyzeStorage(246)) - The storage directory /opt/src/hadoop-ozone/integration-test/target/test-dir/MiniOzoneClusterImpl-e88f50ad-c4a0-4eb5-a6fa-3ac03beecd11/datanode-2/data/ratis/deead87e-6f82-4d1e-8e81-541d171ef391 does not exist. Creating ...
2019-06-12 14:50:56,074 INFO  storage.RaftStorage (RaftStorage.java:format(75)) - Storage directory /opt/src/hadoop-ozone/integration-test/target/test-dir/MiniOzoneClusterImpl-e88f50ad-c4a0-4eb5-a6fa-3ac03beecd11/datanode-1/data/ratis/deead87e-6f82-4d1e-8e81-541d171ef391 has been successfully formatted.
2019-06-12 14:50:56,074 INFO  ratis.ContainerStateMachine (ContainerStateMachine.java:loadSnapshot(199)) - The snapshot info is null.Setting the last applied index to:(t:0, i:~)
2019-06-12 14:50:56,074 INFO  server.RaftServerConfigKeys (ConfUtils.java:logGet(43)) - raft.server.leader.election.timeout = 120s (custom)
2019-06-12 14:50:56,075 INFO  server.RaftServerConfigKeys (ConfUtils.java:logGet(43)) - raft.server.log.use.memory = false (default)
2019-06-12 14:50:56,075 INFO  server.RaftServerConfigKeys (ConfUtils.java:logGet(43)) - raft.server.log.appender.buffer.byte-limit = 33554432 (custom)
2019-06-12 14:50:56,075 INFO  impl.RaftServerProxy (RaftServerProxy.java:addNew(89)) - 358c4b0e-0058-48bf-b42c-5762a97c1207: addNew group-541D171EF391:[795797cb-0d5b-4b12-bcd9-6620fc6c1618:192.168.46.18:34283, 358c4b0e-0058-48bf-b42c-5762a97c1207:192.168.46.18:37445, b29f5895-5d59-4d37-920e-c514776e34ac:192.168.46.18:33983] returns group-541D171EF391:java.util.concurrent.CompletableFuture@23c995dd[Not completed]
2019-06-12 14:50:56,075 INFO  server.RaftServerConfigKeys (ConfUtils.java:logGet(43)) - raft.server.log.segment.size.max = 16384 (custom)
2019-06-12 14:50:56,075 INFO  server.RaftServerConfigKeys (ConfUtils.java:logGet(43)) - raft.server.log.segment.cache.num.max = 2 (custom)
2019-06-12 14:50:56,075 INFO  storage.RaftLogWorker (RaftLogWorker.java:<init>(123)) - new 795797cb-0d5b-4b12-bcd9-6620fc6c1618-RaftLogWorker for Storage Directory /opt/src/hadoop-ozone/integration-test/target/test-dir/MiniOzoneClusterImpl-e88f50ad-c4a0-4eb5-a6fa-3ac03beecd11/datanode-1/data/ratis/deead87e-6f82-4d1e-8e81-541d171ef391
2019-06-12 14:50:56,075 INFO  server.RaftServerConfigKeys (ConfUtils.java:logGet(43)) - raft.server.log.queue.byte-limit = 2147483647 (custom)
2019-06-12 14:50:56,075 INFO  impl.RaftServerImpl (RaftServerImpl.java:<init>(91)) - 358c4b0e-0058-48bf-b42c-5762a97c1207: new RaftServerImpl for group-541D171EF391:[795797cb-0d5b-4b12-bcd9-6620fc6c1618:192.168.46.18:34283, 358c4b0e-0058-48bf-b42c-5762a97c1207:192.168.46.18:37445, b29f5895-5d59-4d37-920e-c514776e34ac:192.168.46.18:33983] with ContainerStateMachine:uninitialized
2019-06-12 14:50:56,075 INFO  server.RaftServerConfigKeys (ConfUtils.java:logGet(43)) - raft.server.log.queue.element-limit = 1024 (custom)
2019-06-12 14:50:56,075 INFO  server.RaftServerConfigKeys (ConfUtils.java:logGet(43)) - raft.server.rpc.timeout.min = 1s (custom)
2019-06-12 14:50:56,075 INFO  server.RaftServerConfigKeys (ConfUtils.java:logGet(43)) - raft.server.log.segment.size.max = 16384 (custom)
2019-06-12 14:50:56,075 INFO  server.RaftServerConfigKeys (ConfUtils.java:logGet(43)) - raft.server.rpc.timeout.max = 1200ms (custom)
2019-06-12 14:50:56,076 INFO  server.RaftServerConfigKeys (ConfUtils.java:logGet(43)) - raft.server.log.preallocated.size = 16384 (custom)
2019-06-12 14:50:56,076 INFO  server.RaftServerConfigKeys (ConfUtils.java:logGet(43)) - raft.server.rpcslowness.timeout = 120s (custom)
2019-06-12 14:50:56,076 INFO  storage.RaftStorageDirectory (RaftStorageDirectory.java:tryLock(328)) - Lock on /opt/src/hadoop-ozone/integration-test/target/test-dir/MiniOzoneClusterImpl-e88f50ad-c4a0-4eb5-a6fa-3ac03beecd11/datanode-2/data/ratis/deead87e-6f82-4d1e-8e81-541d171ef391/in_use.lock acquired by nodename 19676@ozone-nqbcb-3364917721
2019-06-12 14:50:56,076 INFO  server.RaftServerConfigKeys (ConfUtils.java:logGet(43)) - raft.server.log.write.buffer.size = 33554432 (custom)
2019-06-12 14:50:56,076 INFO  server.RaftServerConfigKeys (ConfUtils.java:logGet(43)) - raft.server.log.appender.install.snapshot.enabled = true (default)
2019-06-12 14:50:56,076 INFO  server.RaftServerConfigKeys (ConfUtils.java:logGet(43)) - raft.server.log.force.sync.num = 128 (default)
2019-06-12 14:50:56,076 INFO  impl.RaftServerImpl (ServerState.java:<init>(101)) - 358c4b0e-0058-48bf-b42c-5762a97c1207:group-541D171EF391 ConfigurationManager, init=-1: [795797cb-0d5b-4b12-bcd9-6620fc6c1618:192.168.46.18:34283, 358c4b0e-0058-48bf-b42c-5762a97c1207:192.168.46.18:37445, b29f5895-5d59-4d37-920e-c514776e34ac:192.168.46.18:33983], old=null, confs=<EMPTY_MAP>
2019-06-12 14:50:56,076 INFO  server.RaftServerConfigKeys (ConfUtils.java:logGet(43)) - raft.server.log.statemachine.data.sync = true (default)
2019-06-12 14:50:56,077 INFO  server.RaftServerConfigKeys (ConfUtils.java:logGet(43)) - raft.server.storage.dir = [/opt/src/hadoop-ozone/integration-test/target/test-dir/MiniOzoneClusterImpl-e88f50ad-c4a0-4eb5-a6fa-3ac03beecd11/datanode-0/data/ratis] (custom)
2019-06-12 14:50:56,077 INFO  server.RaftServerConfigKeys (ConfUtils.java:logGet(43)) - raft.server.log.statemachine.data.sync.timeout = 10s (default)
2019-06-12 14:50:56,077 INFO  server.RaftServerConfigKeys (ConfUtils.java:logGet(43)) - raft.server.log.statemachine.data.sync.timeout.retry = -1 (default)
2019-06-12 14:50:56,077 INFO  storage.RaftStorageDirectory (RaftStorageDirectory.java:analyzeStorage(246)) - The storage directory /opt/src/hadoop-ozone/integration-test/target/test-dir/MiniOzoneClusterImpl-e88f50ad-c4a0-4eb5-a6fa-3ac03beecd11/datanode-0/data/ratis/deead87e-6f82-4d1e-8e81-541d171ef391 does not exist. Creating ...
2019-06-12 14:50:56,077 INFO  server.RaftServerConfigKeys (ConfUtils.java:logGet(43)) - raft.server.log.statemachine.data.caching.enabled = true (custom)
2019-06-12 14:50:56,077 INFO  server.RaftServerConfigKeys (ConfUtils.java:logGet(43)) - raft.server.snapshot.auto.trigger.enabled = true (custom)
2019-06-12 14:50:56,077 INFO  server.RaftServerConfigKeys (ConfUtils.java:logGet(43)) - raft.server.snapshot.auto.trigger.threshold = 10000 (custom)
2019-06-12 14:50:56,078 INFO  server.RaftServerConfigKeys (ConfUtils.java:logGet(43)) - raft.server.retrycache.expirytime = 600000ms (custom)
2019-06-12 14:50:56,078 INFO  impl.RaftServerImpl (RaftServerImpl.java:start(173)) - 795797cb-0d5b-4b12-bcd9-6620fc6c1618: start group-541D171EF391
2019-06-12 14:50:56,078 INFO  storage.RaftStorage (RaftStorage.java:format(75)) - Storage directory /opt/src/hadoop-ozone/integration-test/target/test-dir/MiniOzoneClusterImpl-e88f50ad-c4a0-4eb5-a6fa-3ac03beecd11/datanode-2/data/ratis/deead87e-6f82-4d1e-8e81-541d171ef391 has been successfully formatted.
2019-06-12 14:50:56,078 INFO  impl.RaftServerImpl (RaftServerImpl.java:setRole(164)) - 795797cb-0d5b-4b12-bcd9-6620fc6c1618:group-541D171EF391 changes role from null to FOLLOWER at term 0 for startAsFollower
2019-06-12 14:50:56,078 INFO  impl.RoleInfo (RoleInfo.java:updateAndGet(143)) - 795797cb-0d5b-4b12-bcd9-6620fc6c1618: start FollowerState
2019-06-12 14:50:56,078 INFO  util.JmxRegister (JmxRegister.java:tryRegister(44)) - Successfully registered JMX Bean with object name Ratis:service=RaftServer,group=group-541D171EF391,id=795797cb-0d5b-4b12-bcd9-6620fc6c1618
2019-06-12 14:50:56,079 INFO  storage.RaftStorageDirectory (RaftStorageDirectory.java:tryLock(328)) - Lock on /opt/src/hadoop-ozone/integration-test/target/test-dir/MiniOzoneClusterImpl-e88f50ad-c4a0-4eb5-a6fa-3ac03beecd11/datanode-0/data/ratis/deead87e-6f82-4d1e-8e81-541d171ef391/in_use.lock acquired by nodename 19676@ozone-nqbcb-3364917721
2019-06-12 14:50:56,079 INFO  ratis.ContainerStateMachine (ContainerStateMachine.java:loadSnapshot(199)) - The snapshot info is null.Setting the last applied index to:(t:0, i:~)
2019-06-12 14:50:56,079 INFO  server.RaftServerConfigKeys (ConfUtils.java:logGet(43)) - raft.server.leader.election.timeout = 120s (custom)
2019-06-12 14:50:56,079 INFO  server.RaftServerConfigKeys (ConfUtils.java:logGet(43)) - raft.server.log.use.memory = false (default)
2019-06-12 14:50:56,080 INFO  server.RaftServerConfigKeys (ConfUtils.java:logGet(43)) - raft.server.log.appender.buffer.byte-limit = 33554432 (custom)
2019-06-12 14:50:56,080 INFO  server.RaftServerConfigKeys (ConfUtils.java:logGet(43)) - raft.server.log.segment.size.max = 16384 (custom)
2019-06-12 14:50:56,080 INFO  server.RaftServerConfigKeys (ConfUtils.java:logGet(43)) - raft.server.log.segment.cache.num.max = 2 (custom)
2019-06-12 14:50:56,080 INFO  storage.RaftLogWorker (RaftLogWorker.java:<init>(123)) - new b29f5895-5d59-4d37-920e-c514776e34ac-RaftLogWorker for Storage Directory /opt/src/hadoop-ozone/integration-test/target/test-dir/MiniOzoneClusterImpl-e88f50ad-c4a0-4eb5-a6fa-3ac03beecd11/datanode-2/data/ratis/deead87e-6f82-4d1e-8e81-541d171ef391
2019-06-12 14:50:56,080 INFO  server.RaftServerConfigKeys (ConfUtils.java:logGet(43)) - raft.server.log.queue.byte-limit = 2147483647 (custom)
2019-06-12 14:50:56,080 INFO  server.RaftServerConfigKeys (ConfUtils.java:logGet(43)) - raft.server.log.queue.element-limit = 1024 (custom)
2019-06-12 14:50:56,080 INFO  server.RaftServerConfigKeys (ConfUtils.java:logGet(43)) - raft.server.log.segment.size.max = 16384 (custom)
2019-06-12 14:50:56,080 INFO  server.RaftServerConfigKeys (ConfUtils.java:logGet(43)) - raft.server.log.preallocated.size = 16384 (custom)
2019-06-12 14:50:56,080 INFO  server.RaftServerConfigKeys (ConfUtils.java:logGet(43)) - raft.server.log.write.buffer.size = 33554432 (custom)
2019-06-12 14:50:56,080 INFO  server.RaftServerConfigKeys (ConfUtils.java:logGet(43)) - raft.server.log.force.sync.num = 128 (default)
2019-06-12 14:50:56,081 INFO  server.RaftServerConfigKeys (ConfUtils.java:logGet(43)) - raft.server.log.statemachine.data.sync = true (default)
2019-06-12 14:50:56,081 INFO  server.RaftServerConfigKeys (ConfUtils.java:logGet(43)) - raft.server.log.statemachine.data.sync.timeout = 10s (default)
2019-06-12 14:50:56,081 INFO  server.RaftServerConfigKeys (ConfUtils.java:logGet(43)) - raft.server.log.statemachine.data.sync.timeout.retry = -1 (default)
2019-06-12 14:50:56,081 INFO  storage.RaftStorage (RaftStorage.java:format(75)) - Storage directory /opt/src/hadoop-ozone/integration-test/target/test-dir/MiniOzoneClusterImpl-e88f50ad-c4a0-4eb5-a6fa-3ac03beecd11/datanode-0/data/ratis/deead87e-6f82-4d1e-8e81-541d171ef391 has been successfully formatted.
2019-06-12 14:50:56,081 INFO  ratis.ContainerStateMachine (ContainerStateMachine.java:loadSnapshot(199)) - The snapshot info is null.Setting the last applied index to:(t:0, i:~)
2019-06-12 14:50:56,081 INFO  server.RaftServerConfigKeys (ConfUtils.java:logGet(43)) - raft.server.leader.election.timeout = 120s (custom)
2019-06-12 14:50:56,081 INFO  server.RaftServerConfigKeys (ConfUtils.java:logGet(43)) - raft.server.log.use.memory = false (default)
2019-06-12 14:50:56,081 INFO  server.RaftServerConfigKeys (ConfUtils.java:logGet(43)) - raft.server.log.statemachine.data.caching.enabled = true (custom)
2019-06-12 14:50:56,081 INFO  server.RaftServerConfigKeys (ConfUtils.java:logGet(43)) - raft.server.log.appender.buffer.byte-limit = 33554432 (custom)
2019-06-12 14:50:56,082 INFO  server.RaftServerConfigKeys (ConfUtils.java:logGet(43)) - raft.server.log.segment.size.max = 16384 (custom)
2019-06-12 14:50:56,082 INFO  server.RaftServerConfigKeys (ConfUtils.java:logGet(43)) - raft.server.log.segment.cache.num.max = 2 (custom)
2019-06-12 14:50:56,082 INFO  server.RaftServerConfigKeys (ConfUtils.java:logGet(43)) - raft.server.snapshot.auto.trigger.enabled = true (custom)
2019-06-12 14:50:56,082 INFO  storage.RaftLogWorker (RaftLogWorker.java:<init>(123)) - new 358c4b0e-0058-48bf-b42c-5762a97c1207-RaftLogWorker for Storage Directory /opt/src/hadoop-ozone/integration-test/target/test-dir/MiniOzoneClusterImpl-e88f50ad-c4a0-4eb5-a6fa-3ac03beecd11/datanode-0/data/ratis/deead87e-6f82-4d1e-8e81-541d171ef391
2019-06-12 14:50:56,082 INFO  server.RaftServerConfigKeys (ConfUtils.java:logGet(43)) - raft.server.log.queue.byte-limit = 2147483647 (custom)
2019-06-12 14:50:56,082 INFO  server.RaftServerConfigKeys (ConfUtils.java:logGet(43)) - raft.server.snapshot.auto.trigger.threshold = 10000 (custom)
2019-06-12 14:50:56,082 INFO  server.RaftServerConfigKeys (ConfUtils.java:logGet(43)) - raft.server.log.queue.element-limit = 1024 (custom)
2019-06-12 14:50:56,082 INFO  server.RaftServerConfigKeys (ConfUtils.java:logGet(43)) - raft.server.log.segment.size.max = 16384 (custom)
2019-06-12 14:50:56,082 INFO  server.RaftServerConfigKeys (ConfUtils.java:logGet(43)) - raft.server.retrycache.expirytime = 600000ms (custom)
2019-06-12 14:50:56,082 INFO  server.RaftServerConfigKeys (ConfUtils.java:logGet(43)) - raft.server.log.preallocated.size = 16384 (custom)
2019-06-12 14:50:56,083 INFO  impl.RaftServerImpl (RaftServerImpl.java:start(173)) - b29f5895-5d59-4d37-920e-c514776e34ac: start group-541D171EF391
2019-06-12 14:50:56,083 INFO  server.RaftServerConfigKeys (ConfUtils.java:logGet(43)) - raft.server.log.write.buffer.size = 33554432 (custom)
2019-06-12 14:50:56,083 INFO  impl.RaftServerImpl (RaftServerImpl.java:setRole(164)) - b29f5895-5d59-4d37-920e-c514776e34ac:group-541D171EF391 changes role from null to FOLLOWER at term 0 for startAsFollower
2019-06-12 14:50:56,083 INFO  server.RaftServerConfigKeys (ConfUtils.java:logGet(43)) - raft.server.log.force.sync.num = 128 (default)
2019-06-12 14:50:56,083 INFO  impl.RoleInfo (RoleInfo.java:updateAndGet(143)) - b29f5895-5d59-4d37-920e-c514776e34ac: start FollowerState
2019-06-12 14:50:56,083 INFO  server.RaftServerConfigKeys (ConfUtils.java:logGet(43)) - raft.server.log.statemachine.data.sync = true (default)
2019-06-12 14:50:56,083 INFO  server.RaftServerConfigKeys (ConfUtils.java:logGet(43)) - raft.server.log.statemachine.data.sync.timeout = 10s (default)
2019-06-12 14:50:56,083 INFO  util.JmxRegister (JmxRegister.java:tryRegister(44)) - Successfully registered JMX Bean with object name Ratis:service=RaftServer,group=group-541D171EF391,id=b29f5895-5d59-4d37-920e-c514776e34ac
2019-06-12 14:50:56,083 INFO  server.RaftServerConfigKeys (ConfUtils.java:logGet(43)) - raft.server.log.statemachine.data.sync.timeout.retry = -1 (default)
2019-06-12 14:50:56,083 INFO  server.RaftServerConfigKeys (ConfUtils.java:logGet(43)) - raft.server.log.statemachine.data.caching.enabled = true (custom)
2019-06-12 14:50:56,085 INFO  server.RaftServerConfigKeys (ConfUtils.java:logGet(43)) - raft.server.snapshot.auto.trigger.enabled = true (custom)
2019-06-12 14:50:56,086 INFO  server.RaftServerConfigKeys (ConfUtils.java:logGet(43)) - raft.server.snapshot.auto.trigger.threshold = 10000 (custom)
2019-06-12 14:50:56,086 INFO  server.RaftServerConfigKeys (ConfUtils.java:logGet(43)) - raft.server.retrycache.expirytime = 600000ms (custom)
2019-06-12 14:50:56,086 INFO  impl.RaftServerImpl (RaftServerImpl.java:start(173)) - 358c4b0e-0058-48bf-b42c-5762a97c1207: start group-541D171EF391
2019-06-12 14:50:56,086 INFO  impl.RaftServerImpl (RaftServerImpl.java:setRole(164)) - 358c4b0e-0058-48bf-b42c-5762a97c1207:group-541D171EF391 changes role from null to FOLLOWER at term 0 for startAsFollower
2019-06-12 14:50:56,086 INFO  impl.RoleInfo (RoleInfo.java:updateAndGet(143)) - 358c4b0e-0058-48bf-b42c-5762a97c1207: start FollowerState
2019-06-12 14:50:56,086 INFO  util.JmxRegister (JmxRegister.java:tryRegister(44)) - Successfully registered JMX Bean with object name Ratis:service=RaftServer,group=group-541D171EF391,id=358c4b0e-0058-48bf-b42c-5762a97c1207
2019-06-12 14:50:56,088 INFO  pipeline.PipelineStateManager (PipelineStateManager.java:addPipeline(56)) - Created pipeline Pipeline[ Id: deead87e-6f82-4d1e-8e81-541d171ef391, Nodes: 358c4b0e-0058-48bf-b42c-5762a97c1207{ip: 192.168.46.18, host: ozone-nqbcb-3364917721, networkLocation: /default-rack, certSerialId: null}795797cb-0d5b-4b12-bcd9-6620fc6c1618{ip: 192.168.46.18, host: ozone-nqbcb-3364917721, networkLocation: /default-rack, certSerialId: null}b29f5895-5d59-4d37-920e-c514776e34ac{ip: 192.168.46.18, host: ozone-nqbcb-3364917721, networkLocation: /default-rack, certSerialId: null}, Type:RATIS, Factor:THREE, State:OPEN]
2019-06-12 14:50:56,206 INFO  node.SCMNodeManager (SCMNodeManager.java:register(234)) - Registered Data node : 748cb110-c80f-49e7-8f1d-841c164c03d7{ip: 192.168.46.18, host: ozone-nqbcb-3364917721, networkLocation: /default-rack, certSerialId: null}
2019-06-12 14:50:56,211 INFO  impl.RaftServerProxy (RaftServerProxy.java:addNew(89)) - 748cb110-c80f-49e7-8f1d-841c164c03d7: addNew group-85A372FC5105:[748cb110-c80f-49e7-8f1d-841c164c03d7:192.168.46.18:39073] returns group-85A372FC5105:java.util.concurrent.CompletableFuture@14234a38[Not completed]
2019-06-12 14:50:56,212 INFO  impl.RaftServerImpl (RaftServerImpl.java:<init>(91)) - 748cb110-c80f-49e7-8f1d-841c164c03d7: new RaftServerImpl for group-85A372FC5105:[748cb110-c80f-49e7-8f1d-841c164c03d7:192.168.46.18:39073] with ContainerStateMachine:uninitialized
2019-06-12 14:50:56,212 INFO  server.RaftServerConfigKeys (ConfUtils.java:logGet(43)) - raft.server.rpc.timeout.min = 1s (custom)
2019-06-12 14:50:56,213 INFO  server.RaftServerConfigKeys (ConfUtils.java:logGet(43)) - raft.server.rpc.timeout.max = 1200ms (custom)
2019-06-12 14:50:56,213 INFO  server.RaftServerConfigKeys (ConfUtils.java:logGet(43)) - raft.server.rpcslowness.timeout = 120s (custom)
2019-06-12 14:50:56,213 INFO  server.RaftServerConfigKeys (ConfUtils.java:logGet(43)) - raft.server.log.appender.install.snapshot.enabled = true (default)
2019-06-12 14:50:56,213 INFO  impl.RaftServerImpl (ServerState.java:<init>(101)) - 748cb110-c80f-49e7-8f1d-841c164c03d7:group-85A372FC5105 ConfigurationManager, init=-1: [748cb110-c80f-49e7-8f1d-841c164c03d7:192.168.46.18:39073], old=null, confs=<EMPTY_MAP>
2019-06-12 14:50:56,213 INFO  server.RaftServerConfigKeys (ConfUtils.java:logGet(43)) - raft.server.storage.dir = [/opt/src/hadoop-ozone/integration-test/target/test-dir/MiniOzoneClusterImpl-e88f50ad-c4a0-4eb5-a6fa-3ac03beecd11/datanode-3/data/ratis] (custom)
2019-06-12 14:50:56,213 INFO  storage.RaftStorageDirectory (RaftStorageDirectory.java:analyzeStorage(246)) - The storage directory /opt/src/hadoop-ozone/integration-test/target/test-dir/MiniOzoneClusterImpl-e88f50ad-c4a0-4eb5-a6fa-3ac03beecd11/datanode-3/data/ratis/8e1d12a1-89d1-4a6d-8657-85a372fc5105 does not exist. Creating ...
2019-06-12 14:50:56,215 INFO  storage.RaftStorageDirectory (RaftStorageDirectory.java:tryLock(328)) - Lock on /opt/src/hadoop-ozone/integration-test/target/test-dir/MiniOzoneClusterImpl-e88f50ad-c4a0-4eb5-a6fa-3ac03beecd11/datanode-3/data/ratis/8e1d12a1-89d1-4a6d-8657-85a372fc5105/in_use.lock acquired by nodename 19676@ozone-nqbcb-3364917721
2019-06-12 14:50:56,217 INFO  storage.RaftStorage (RaftStorage.java:format(75)) - Storage directory /opt/src/hadoop-ozone/integration-test/target/test-dir/MiniOzoneClusterImpl-e88f50ad-c4a0-4eb5-a6fa-3ac03beecd11/datanode-3/data/ratis/8e1d12a1-89d1-4a6d-8657-85a372fc5105 has been successfully formatted.
2019-06-12 14:50:56,217 INFO  ratis.ContainerStateMachine (ContainerStateMachine.java:loadSnapshot(199)) - The snapshot info is null.Setting the last applied index to:(t:0, i:~)
2019-06-12 14:50:56,217 INFO  server.RaftServerConfigKeys (ConfUtils.java:logGet(43)) - raft.server.leader.election.timeout = 120s (custom)
2019-06-12 14:50:56,217 INFO  server.RaftServerConfigKeys (ConfUtils.java:logGet(43)) - raft.server.log.use.memory = false (default)
2019-06-12 14:50:56,217 INFO  server.RaftServerConfigKeys (ConfUtils.java:logGet(43)) - raft.server.log.appender.buffer.byte-limit = 33554432 (custom)
2019-06-12 14:50:56,218 INFO  server.RaftServerConfigKeys (ConfUtils.java:logGet(43)) - raft.server.log.segment.size.max = 16384 (custom)
2019-06-12 14:50:56,218 INFO  server.RaftServerConfigKeys (ConfUtils.java:logGet(43)) - raft.server.log.segment.cache.num.max = 2 (custom)
2019-06-12 14:50:56,218 INFO  storage.RaftLogWorker (RaftLogWorker.java:<init>(123)) - new 748cb110-c80f-49e7-8f1d-841c164c03d7-RaftLogWorker for Storage Directory /opt/src/hadoop-ozone/integration-test/target/test-dir/MiniOzoneClusterImpl-e88f50ad-c4a0-4eb5-a6fa-3ac03beecd11/datanode-3/data/ratis/8e1d12a1-89d1-4a6d-8657-85a372fc5105
2019-06-12 14:50:56,218 INFO  server.RaftServerConfigKeys (ConfUtils.java:logGet(43)) - raft.server.log.queue.byte-limit = 2147483647 (custom)
2019-06-12 14:50:56,218 INFO  server.RaftServerConfigKeys (ConfUtils.java:logGet(43)) - raft.server.log.queue.element-limit = 1024 (custom)
2019-06-12 14:50:56,218 INFO  server.RaftServerConfigKeys (ConfUtils.java:logGet(43)) - raft.server.log.segment.size.max = 16384 (custom)
2019-06-12 14:50:56,218 INFO  server.RaftServerConfigKeys (ConfUtils.java:logGet(43)) - raft.server.log.preallocated.size = 16384 (custom)
2019-06-12 14:50:56,218 INFO  server.RaftServerConfigKeys (ConfUtils.java:logGet(43)) - raft.server.log.write.buffer.size = 33554432 (custom)
2019-06-12 14:50:56,218 INFO  server.RaftServerConfigKeys (ConfUtils.java:logGet(43)) - raft.server.log.force.sync.num = 128 (default)
2019-06-12 14:50:56,218 INFO  server.RaftServerConfigKeys (ConfUtils.java:logGet(43)) - raft.server.log.statemachine.data.sync = true (default)
2019-06-12 14:50:56,218 INFO  server.RaftServerConfigKeys (ConfUtils.java:logGet(43)) - raft.server.log.statemachine.data.sync.timeout = 10s (default)
2019-06-12 14:50:56,219 INFO  server.RaftServerConfigKeys (ConfUtils.java:logGet(43)) - raft.server.log.statemachine.data.sync.timeout.retry = -1 (default)
2019-06-12 14:50:56,219 INFO  server.RaftServerConfigKeys (ConfUtils.java:logGet(43)) - raft.server.log.statemachine.data.caching.enabled = true (custom)
2019-06-12 14:50:56,219 INFO  server.RaftServerConfigKeys (ConfUtils.java:logGet(43)) - raft.server.snapshot.auto.trigger.enabled = true (custom)
2019-06-12 14:50:56,219 INFO  server.RaftServerConfigKeys (ConfUtils.java:logGet(43)) - raft.server.snapshot.auto.trigger.threshold = 10000 (custom)
2019-06-12 14:50:56,219 INFO  server.RaftServerConfigKeys (ConfUtils.java:logGet(43)) - raft.server.retrycache.expirytime = 600000ms (custom)
2019-06-12 14:50:56,219 INFO  impl.RaftServerImpl (RaftServerImpl.java:start(173)) - 748cb110-c80f-49e7-8f1d-841c164c03d7: start group-85A372FC5105
2019-06-12 14:50:56,219 INFO  impl.RaftServerImpl (RaftServerImpl.java:setRole(164)) - 748cb110-c80f-49e7-8f1d-841c164c03d7:group-85A372FC5105 changes role from null to FOLLOWER at term 0 for startAsFollower
2019-06-12 14:50:56,220 INFO  impl.RoleInfo (RoleInfo.java:updateAndGet(143)) - 748cb110-c80f-49e7-8f1d-841c164c03d7: start FollowerState
2019-06-12 14:50:56,220 INFO  util.JmxRegister (JmxRegister.java:tryRegister(44)) - Successfully registered JMX Bean with object name Ratis:service=RaftServer,group=group-85A372FC5105,id=748cb110-c80f-49e7-8f1d-841c164c03d7
2019-06-12 14:50:56,221 INFO  pipeline.PipelineStateManager (PipelineStateManager.java:addPipeline(56)) - Created pipeline Pipeline[ Id: 8e1d12a1-89d1-4a6d-8657-85a372fc5105, Nodes: 748cb110-c80f-49e7-8f1d-841c164c03d7{ip: 192.168.46.18, host: ozone-nqbcb-3364917721, networkLocation: /default-rack, certSerialId: null}, Type:RATIS, Factor:ONE, State:OPEN]
2019-06-12 14:50:56,399 INFO  node.SCMNodeManager (SCMNodeManager.java:register(234)) - Registered Data node : 19f51db3-88f0-4f09-be2f-ee234accd120{ip: 192.168.46.18, host: ozone-nqbcb-3364917721, networkLocation: /default-rack, certSerialId: null}
2019-06-12 14:50:56,404 INFO  impl.RaftServerProxy (RaftServerProxy.java:addNew(89)) - 19f51db3-88f0-4f09-be2f-ee234accd120: addNew group-9C017DE988B7:[19f51db3-88f0-4f09-be2f-ee234accd120:192.168.46.18:44923] returns group-9C017DE988B7:java.util.concurrent.CompletableFuture@39e5c944[Not completed]
2019-06-12 14:50:56,404 INFO  impl.RaftServerImpl (RaftServerImpl.java:<init>(91)) - 19f51db3-88f0-4f09-be2f-ee234accd120: new RaftServerImpl for group-9C017DE988B7:[19f51db3-88f0-4f09-be2f-ee234accd120:192.168.46.18:44923] with ContainerStateMachine:uninitialized
2019-06-12 14:50:56,404 INFO  server.RaftServerConfigKeys (ConfUtils.java:logGet(43)) - raft.server.rpc.timeout.min = 1s (custom)
2019-06-12 14:50:56,404 INFO  server.RaftServerConfigKeys (ConfUtils.java:logGet(43)) - raft.server.rpc.timeout.max = 1200ms (custom)
2019-06-12 14:50:56,404 INFO  server.RaftServerConfigKeys (ConfUtils.java:logGet(43)) - raft.server.rpcslowness.timeout = 120s (custom)
2019-06-12 14:50:56,404 INFO  server.RaftServerConfigKeys (ConfUtils.java:logGet(43)) - raft.server.log.appender.install.snapshot.enabled = true (default)
2019-06-12 14:50:56,405 INFO  impl.RaftServerImpl (ServerState.java:<init>(101)) - 19f51db3-88f0-4f09-be2f-ee234accd120:group-9C017DE988B7 ConfigurationManager, init=-1: [19f51db3-88f0-4f09-be2f-ee234accd120:192.168.46.18:44923], old=null, confs=<EMPTY_MAP>
2019-06-12 14:50:56,405 INFO  server.RaftServerConfigKeys (ConfUtils.java:logGet(43)) - raft.server.storage.dir = [/opt/src/hadoop-ozone/integration-test/target/test-dir/MiniOzoneClusterImpl-e88f50ad-c4a0-4eb5-a6fa-3ac03beecd11/datanode-4/data/ratis] (custom)
2019-06-12 14:50:56,405 INFO  storage.RaftStorageDirectory (RaftStorageDirectory.java:analyzeStorage(246)) - The storage directory /opt/src/hadoop-ozone/integration-test/target/test-dir/MiniOzoneClusterImpl-e88f50ad-c4a0-4eb5-a6fa-3ac03beecd11/datanode-4/data/ratis/20301c82-4009-4e22-8be4-9c017de988b7 does not exist. Creating ...
2019-06-12 14:50:56,407 INFO  storage.RaftStorageDirectory (RaftStorageDirectory.java:tryLock(328)) - Lock on /opt/src/hadoop-ozone/integration-test/target/test-dir/MiniOzoneClusterImpl-e88f50ad-c4a0-4eb5-a6fa-3ac03beecd11/datanode-4/data/ratis/20301c82-4009-4e22-8be4-9c017de988b7/in_use.lock acquired by nodename 19676@ozone-nqbcb-3364917721
2019-06-12 14:50:56,409 INFO  storage.RaftStorage (RaftStorage.java:format(75)) - Storage directory /opt/src/hadoop-ozone/integration-test/target/test-dir/MiniOzoneClusterImpl-e88f50ad-c4a0-4eb5-a6fa-3ac03beecd11/datanode-4/data/ratis/20301c82-4009-4e22-8be4-9c017de988b7 has been successfully formatted.
2019-06-12 14:50:56,409 INFO  ratis.ContainerStateMachine (ContainerStateMachine.java:loadSnapshot(199)) - The snapshot info is null.Setting the last applied index to:(t:0, i:~)
2019-06-12 14:50:56,409 INFO  server.RaftServerConfigKeys (ConfUtils.java:logGet(43)) - raft.server.leader.election.timeout = 120s (custom)
2019-06-12 14:50:56,409 INFO  server.RaftServerConfigKeys (ConfUtils.java:logGet(43)) - raft.server.log.use.memory = false (default)
2019-06-12 14:50:56,409 INFO  server.RaftServerConfigKeys (ConfUtils.java:logGet(43)) - raft.server.log.appender.buffer.byte-limit = 33554432 (custom)
2019-06-12 14:50:56,409 INFO  server.RaftServerConfigKeys (ConfUtils.java:logGet(43)) - raft.server.log.segment.size.max = 16384 (custom)
2019-06-12 14:50:56,409 INFO  server.RaftServerConfigKeys (ConfUtils.java:logGet(43)) - raft.server.log.segment.cache.num.max = 2 (custom)
2019-06-12 14:50:56,409 INFO  storage.RaftLogWorker (RaftLogWorker.java:<init>(123)) - new 19f51db3-88f0-4f09-be2f-ee234accd120-RaftLogWorker for Storage Directory /opt/src/hadoop-ozone/integration-test/target/test-dir/MiniOzoneClusterImpl-e88f50ad-c4a0-4eb5-a6fa-3ac03beecd11/datanode-4/data/ratis/20301c82-4009-4e22-8be4-9c017de988b7
2019-06-12 14:50:56,409 INFO  server.RaftServerConfigKeys (ConfUtils.java:logGet(43)) - raft.server.log.queue.byte-limit = 2147483647 (custom)
2019-06-12 14:50:56,409 INFO  server.RaftServerConfigKeys (ConfUtils.java:logGet(43)) - raft.server.log.queue.element-limit = 1024 (custom)
2019-06-12 14:50:56,409 INFO  server.RaftServerConfigKeys (ConfUtils.java:logGet(43)) - raft.server.log.segment.size.max = 16384 (custom)
2019-06-12 14:50:56,410 INFO  server.RaftServerConfigKeys (ConfUtils.java:logGet(43)) - raft.server.log.preallocated.size = 16384 (custom)
2019-06-12 14:50:56,410 INFO  server.RaftServerConfigKeys (ConfUtils.java:logGet(43)) - raft.server.log.write.buffer.size = 33554432 (custom)
2019-06-12 14:50:56,410 INFO  server.RaftServerConfigKeys (ConfUtils.java:logGet(43)) - raft.server.log.force.sync.num = 128 (default)
2019-06-12 14:50:56,410 INFO  server.RaftServerConfigKeys (ConfUtils.java:logGet(43)) - raft.server.log.statemachine.data.sync = true (default)
2019-06-12 14:50:56,410 INFO  server.RaftServerConfigKeys (ConfUtils.java:logGet(43)) - raft.server.log.statemachine.data.sync.timeout = 10s (default)
2019-06-12 14:50:56,410 INFO  server.RaftServerConfigKeys (ConfUtils.java:logGet(43)) - raft.server.log.statemachine.data.sync.timeout.retry = -1 (default)
2019-06-12 14:50:56,410 INFO  server.RaftServerConfigKeys (ConfUtils.java:logGet(43)) - raft.server.log.statemachine.data.caching.enabled = true (custom)
2019-06-12 14:50:56,410 INFO  server.RaftServerConfigKeys (ConfUtils.java:logGet(43)) - raft.server.snapshot.auto.trigger.enabled = true (custom)
2019-06-12 14:50:56,410 INFO  server.RaftServerConfigKeys (ConfUtils.java:logGet(43)) - raft.server.snapshot.auto.trigger.threshold = 10000 (custom)
2019-06-12 14:50:56,410 INFO  server.RaftServerConfigKeys (ConfUtils.java:logGet(43)) - raft.server.retrycache.expirytime = 600000ms (custom)
2019-06-12 14:50:56,410 INFO  impl.RaftServerImpl (RaftServerImpl.java:start(173)) - 19f51db3-88f0-4f09-be2f-ee234accd120: start group-9C017DE988B7
2019-06-12 14:50:56,410 INFO  impl.RaftServerImpl (RaftServerImpl.java:setRole(164)) - 19f51db3-88f0-4f09-be2f-ee234accd120:group-9C017DE988B7 changes role from null to FOLLOWER at term 0 for startAsFollower
2019-06-12 14:50:56,411 INFO  impl.RoleInfo (RoleInfo.java:updateAndGet(143)) - 19f51db3-88f0-4f09-be2f-ee234accd120: start FollowerState
2019-06-12 14:50:56,411 INFO  util.JmxRegister (JmxRegister.java:tryRegister(44)) - Successfully registered JMX Bean with object name Ratis:service=RaftServer,group=group-9C017DE988B7,id=19f51db3-88f0-4f09-be2f-ee234accd120
2019-06-12 14:50:56,412 INFO  pipeline.PipelineStateManager (PipelineStateManager.java:addPipeline(56)) - Created pipeline Pipeline[ Id: 20301c82-4009-4e22-8be4-9c017de988b7, Nodes: 19f51db3-88f0-4f09-be2f-ee234accd120{ip: 192.168.46.18, host: ozone-nqbcb-3364917721, networkLocation: /default-rack, certSerialId: null}, Type:RATIS, Factor:ONE, State:OPEN]
2019-06-12 14:50:56,534 INFO  node.SCMNodeManager (SCMNodeManager.java:register(234)) - Registered Data node : 8be88cf0-652e-4224-9c93-1138f1884fd4{ip: 192.168.46.18, host: ozone-nqbcb-3364917721, networkLocation: /default-rack, certSerialId: null}
2019-06-12 14:50:56,539 INFO  impl.RaftServerProxy (RaftServerProxy.java:addNew(89)) - 8be88cf0-652e-4224-9c93-1138f1884fd4: addNew group-55C6F0F81851:[8be88cf0-652e-4224-9c93-1138f1884fd4:192.168.46.18:45825] returns group-55C6F0F81851:java.util.concurrent.CompletableFuture@ee5a02a[Not completed]
2019-06-12 14:50:56,539 INFO  impl.RaftServerImpl (RaftServerImpl.java:<init>(91)) - 8be88cf0-652e-4224-9c93-1138f1884fd4: new RaftServerImpl for group-55C6F0F81851:[8be88cf0-652e-4224-9c93-1138f1884fd4:192.168.46.18:45825] with ContainerStateMachine:uninitialized
2019-06-12 14:50:56,540 INFO  server.RaftServerConfigKeys (ConfUtils.java:logGet(43)) - raft.server.rpc.timeout.min = 1s (custom)
2019-06-12 14:50:56,540 INFO  server.RaftServerConfigKeys (ConfUtils.java:logGet(43)) - raft.server.rpc.timeout.max = 1200ms (custom)
2019-06-12 14:50:56,540 INFO  server.RaftServerConfigKeys (ConfUtils.java:logGet(43)) - raft.server.rpcslowness.timeout = 120s (custom)
2019-06-12 14:50:56,540 INFO  server.RaftServerConfigKeys (ConfUtils.java:logGet(43)) - raft.server.log.appender.install.snapshot.enabled = true (default)
2019-06-12 14:50:56,540 INFO  impl.RaftServerImpl (ServerState.java:<init>(101)) - 8be88cf0-652e-4224-9c93-1138f1884fd4:group-55C6F0F81851 ConfigurationManager, init=-1: [8be88cf0-652e-4224-9c93-1138f1884fd4:192.168.46.18:45825], old=null, confs=<EMPTY_MAP>
2019-06-12 14:50:56,540 INFO  server.RaftServerConfigKeys (ConfUtils.java:logGet(43)) - raft.server.storage.dir = [/opt/src/hadoop-ozone/integration-test/target/test-dir/MiniOzoneClusterImpl-e88f50ad-c4a0-4eb5-a6fa-3ac03beecd11/datanode-5/data/ratis] (custom)
2019-06-12 14:50:56,540 INFO  storage.RaftStorageDirectory (RaftStorageDirectory.java:analyzeStorage(246)) - The storage directory /opt/src/hadoop-ozone/integration-test/target/test-dir/MiniOzoneClusterImpl-e88f50ad-c4a0-4eb5-a6fa-3ac03beecd11/datanode-5/data/ratis/7d7a9d5e-5365-4792-9c2f-55c6f0f81851 does not exist. Creating ...
2019-06-12 14:50:56,542 INFO  storage.RaftStorageDirectory (RaftStorageDirectory.java:tryLock(328)) - Lock on /opt/src/hadoop-ozone/integration-test/target/test-dir/MiniOzoneClusterImpl-e88f50ad-c4a0-4eb5-a6fa-3ac03beecd11/datanode-5/data/ratis/7d7a9d5e-5365-4792-9c2f-55c6f0f81851/in_use.lock acquired by nodename 19676@ozone-nqbcb-3364917721
2019-06-12 14:50:56,544 INFO  storage.RaftStorage (RaftStorage.java:format(75)) - Storage directory /opt/src/hadoop-ozone/integration-test/target/test-dir/MiniOzoneClusterImpl-e88f50ad-c4a0-4eb5-a6fa-3ac03beecd11/datanode-5/data/ratis/7d7a9d5e-5365-4792-9c2f-55c6f0f81851 has been successfully formatted.
2019-06-12 14:50:56,545 INFO  ratis.ContainerStateMachine (ContainerStateMachine.java:loadSnapshot(199)) - The snapshot info is null.Setting the last applied index to:(t:0, i:~)
2019-06-12 14:50:56,545 INFO  server.RaftServerConfigKeys (ConfUtils.java:logGet(43)) - raft.server.leader.election.timeout = 120s (custom)
2019-06-12 14:50:56,545 INFO  server.RaftServerConfigKeys (ConfUtils.java:logGet(43)) - raft.server.log.use.memory = false (default)
2019-06-12 14:50:56,545 INFO  server.RaftServerConfigKeys (ConfUtils.java:logGet(43)) - raft.server.log.appender.buffer.byte-limit = 33554432 (custom)
2019-06-12 14:50:56,545 INFO  server.RaftServerConfigKeys (ConfUtils.java:logGet(43)) - raft.server.log.segment.size.max = 16384 (custom)
2019-06-12 14:50:56,545 INFO  server.RaftServerConfigKeys (ConfUtils.java:logGet(43)) - raft.server.log.segment.cache.num.max = 2 (custom)
2019-06-12 14:50:56,545 INFO  storage.RaftLogWorker (RaftLogWorker.java:<init>(123)) - new 8be88cf0-652e-4224-9c93-1138f1884fd4-RaftLogWorker for Storage Directory /opt/src/hadoop-ozone/integration-test/target/test-dir/MiniOzoneClusterImpl-e88f50ad-c4a0-4eb5-a6fa-3ac03beecd11/datanode-5/data/ratis/7d7a9d5e-5365-4792-9c2f-55c6f0f81851
2019-06-12 14:50:56,545 INFO  server.RaftServerConfigKeys (ConfUtils.java:logGet(43)) - raft.server.log.queue.byte-limit = 2147483647 (custom)
2019-06-12 14:50:56,545 INFO  server.RaftServerConfigKeys (ConfUtils.java:logGet(43)) - raft.server.log.queue.element-limit = 1024 (custom)
2019-06-12 14:50:56,545 INFO  server.RaftServerConfigKeys (ConfUtils.java:logGet(43)) - raft.server.log.segment.size.max = 16384 (custom)
2019-06-12 14:50:56,545 INFO  server.RaftServerConfigKeys (ConfUtils.java:logGet(43)) - raft.server.log.preallocated.size = 16384 (custom)
2019-06-12 14:50:56,546 INFO  server.RaftServerConfigKeys (ConfUtils.java:logGet(43)) - raft.server.log.write.buffer.size = 33554432 (custom)
2019-06-12 14:50:56,546 INFO  server.RaftServerConfigKeys (ConfUtils.java:logGet(43)) - raft.server.log.force.sync.num = 128 (default)
2019-06-12 14:50:56,546 INFO  server.RaftServerConfigKeys (ConfUtils.java:logGet(43)) - raft.server.log.statemachine.data.sync = true (default)
2019-06-12 14:50:56,546 INFO  server.RaftServerConfigKeys (ConfUtils.java:logGet(43)) - raft.server.log.statemachine.data.sync.timeout = 10s (default)
2019-06-12 14:50:56,546 INFO  server.RaftServerConfigKeys (ConfUtils.java:logGet(43)) - raft.server.log.statemachine.data.sync.timeout.retry = -1 (default)
2019-06-12 14:50:56,546 INFO  server.RaftServerConfigKeys (ConfUtils.java:logGet(43)) - raft.server.log.statemachine.data.caching.enabled = true (custom)
2019-06-12 14:50:56,546 INFO  server.RaftServerConfigKeys (ConfUtils.java:logGet(43)) - raft.server.snapshot.auto.trigger.enabled = true (custom)
2019-06-12 14:50:56,546 INFO  server.RaftServerConfigKeys (ConfUtils.java:logGet(43)) - raft.server.snapshot.auto.trigger.threshold = 10000 (custom)
2019-06-12 14:50:56,546 INFO  server.RaftServerConfigKeys (ConfUtils.java:logGet(43)) - raft.server.retrycache.expirytime = 600000ms (custom)
2019-06-12 14:50:56,547 INFO  impl.RaftServerImpl (RaftServerImpl.java:start(173)) - 8be88cf0-652e-4224-9c93-1138f1884fd4: start group-55C6F0F81851
2019-06-12 14:50:56,547 INFO  impl.RaftServerImpl (RaftServerImpl.java:setRole(164)) - 8be88cf0-652e-4224-9c93-1138f1884fd4:group-55C6F0F81851 changes role from null to FOLLOWER at term 0 for startAsFollower
2019-06-12 14:50:56,547 INFO  impl.RoleInfo (RoleInfo.java:updateAndGet(143)) - 8be88cf0-652e-4224-9c93-1138f1884fd4: start FollowerState
2019-06-12 14:50:56,547 INFO  util.JmxRegister (JmxRegister.java:tryRegister(44)) - Successfully registered JMX Bean with object name Ratis:service=RaftServer,group=group-55C6F0F81851,id=8be88cf0-652e-4224-9c93-1138f1884fd4
2019-06-12 14:50:56,548 INFO  pipeline.PipelineStateManager (PipelineStateManager.java:addPipeline(56)) - Created pipeline Pipeline[ Id: 7d7a9d5e-5365-4792-9c2f-55c6f0f81851, Nodes: 8be88cf0-652e-4224-9c93-1138f1884fd4{ip: 192.168.46.18, host: ozone-nqbcb-3364917721, networkLocation: /default-rack, certSerialId: null}, Type:RATIS, Factor:ONE, State:OPEN]
2019-06-12 14:50:56,554 INFO  impl.RaftServerProxy (RaftServerProxy.java:addNew(89)) - 748cb110-c80f-49e7-8f1d-841c164c03d7: addNew group-4C1D1EBE986B:[748cb110-c80f-49e7-8f1d-841c164c03d7:192.168.46.18:39073, 8be88cf0-652e-4224-9c93-1138f1884fd4:192.168.46.18:45825, 19f51db3-88f0-4f09-be2f-ee234accd120:192.168.46.18:44923] returns group-4C1D1EBE986B:java.util.concurrent.CompletableFuture@670caddc[Not completed]
2019-06-12 14:50:56,555 INFO  impl.RaftServerImpl (RaftServerImpl.java:<init>(91)) - 748cb110-c80f-49e7-8f1d-841c164c03d7: new RaftServerImpl for group-4C1D1EBE986B:[748cb110-c80f-49e7-8f1d-841c164c03d7:192.168.46.18:39073, 8be88cf0-652e-4224-9c93-1138f1884fd4:192.168.46.18:45825, 19f51db3-88f0-4f09-be2f-ee234accd120:192.168.46.18:44923] with ContainerStateMachine:uninitialized
2019-06-12 14:50:56,555 INFO  server.RaftServerConfigKeys (ConfUtils.java:logGet(43)) - raft.server.rpc.timeout.min = 1s (custom)
2019-06-12 14:50:56,555 INFO  impl.RaftServerProxy (RaftServerProxy.java:addNew(89)) - 8be88cf0-652e-4224-9c93-1138f1884fd4: addNew group-4C1D1EBE986B:[748cb110-c80f-49e7-8f1d-841c164c03d7:192.168.46.18:39073, 8be88cf0-652e-4224-9c93-1138f1884fd4:192.168.46.18:45825, 19f51db3-88f0-4f09-be2f-ee234accd120:192.168.46.18:44923] returns group-4C1D1EBE986B:java.util.concurrent.CompletableFuture@1b27d8db[Not completed]
2019-06-12 14:50:56,555 INFO  server.RaftServerConfigKeys (ConfUtils.java:logGet(43)) - raft.server.rpc.timeout.max = 1200ms (custom)
2019-06-12 14:50:56,555 INFO  server.RaftServerConfigKeys (ConfUtils.java:logGet(43)) - raft.server.rpcslowness.timeout = 120s (custom)
2019-06-12 14:50:56,555 INFO  server.RaftServerConfigKeys (ConfUtils.java:logGet(43)) - raft.server.log.appender.install.snapshot.enabled = true (default)
2019-06-12 14:50:56,555 INFO  impl.RaftServerImpl (ServerState.java:<init>(101)) - 748cb110-c80f-49e7-8f1d-841c164c03d7:group-4C1D1EBE986B ConfigurationManager, init=-1: [748cb110-c80f-49e7-8f1d-841c164c03d7:192.168.46.18:39073, 8be88cf0-652e-4224-9c93-1138f1884fd4:192.168.46.18:45825, 19f51db3-88f0-4f09-be2f-ee234accd120:192.168.46.18:44923], old=null, confs=<EMPTY_MAP>
2019-06-12 14:50:56,556 INFO  server.RaftServerConfigKeys (ConfUtils.java:logGet(43)) - raft.server.storage.dir = [/opt/src/hadoop-ozone/integration-test/target/test-dir/MiniOzoneClusterImpl-e88f50ad-c4a0-4eb5-a6fa-3ac03beecd11/datanode-3/data/ratis] (custom)
2019-06-12 14:50:56,556 INFO  impl.RaftServerProxy (RaftServerProxy.java:addNew(89)) - 19f51db3-88f0-4f09-be2f-ee234accd120: addNew group-4C1D1EBE986B:[748cb110-c80f-49e7-8f1d-841c164c03d7:192.168.46.18:39073, 8be88cf0-652e-4224-9c93-1138f1884fd4:192.168.46.18:45825, 19f51db3-88f0-4f09-be2f-ee234accd120:192.168.46.18:44923] returns group-4C1D1EBE986B:java.util.concurrent.CompletableFuture@38e0df65[Not completed]
2019-06-12 14:50:56,556 INFO  storage.RaftStorageDirectory (RaftStorageDirectory.java:analyzeStorage(246)) - The storage directory /opt/src/hadoop-ozone/integration-test/target/test-dir/MiniOzoneClusterImpl-e88f50ad-c4a0-4eb5-a6fa-3ac03beecd11/datanode-3/data/ratis/a722dea7-2534-4fbb-8a48-4c1d1ebe986b does not exist. Creating ...
2019-06-12 14:50:56,556 INFO  impl.RaftServerImpl (RaftServerImpl.java:<init>(91)) - 19f51db3-88f0-4f09-be2f-ee234accd120: new RaftServerImpl for group-4C1D1EBE986B:[748cb110-c80f-49e7-8f1d-841c164c03d7:192.168.46.18:39073, 8be88cf0-652e-4224-9c93-1138f1884fd4:192.168.46.18:45825, 19f51db3-88f0-4f09-be2f-ee234accd120:192.168.46.18:44923] with ContainerStateMachine:uninitialized
2019-06-12 14:50:56,556 INFO  server.RaftServerConfigKeys (ConfUtils.java:logGet(43)) - raft.server.rpc.timeout.min = 1s (custom)
2019-06-12 14:50:56,556 INFO  server.RaftServerConfigKeys (ConfUtils.java:logGet(43)) - raft.server.rpc.timeout.max = 1200ms (custom)
2019-06-12 14:50:56,557 INFO  server.RaftServerConfigKeys (ConfUtils.java:logGet(43)) - raft.server.rpcslowness.timeout = 120s (custom)
2019-06-12 14:50:56,557 INFO  impl.RaftServerImpl (RaftServerImpl.java:<init>(91)) - 8be88cf0-652e-4224-9c93-1138f1884fd4: new RaftServerImpl for group-4C1D1EBE986B:[748cb110-c80f-49e7-8f1d-841c164c03d7:192.168.46.18:39073, 8be88cf0-652e-4224-9c93-1138f1884fd4:192.168.46.18:45825, 19f51db3-88f0-4f09-be2f-ee234accd120:192.168.46.18:44923] with ContainerStateMachine:uninitialized
2019-06-12 14:50:56,557 INFO  server.RaftServerConfigKeys (ConfUtils.java:logGet(43)) - raft.server.log.appender.install.snapshot.enabled = true (default)
2019-06-12 14:50:56,557 INFO  impl.RaftServerImpl (ServerState.java:<init>(101)) - 19f51db3-88f0-4f09-be2f-ee234accd120:group-4C1D1EBE986B ConfigurationManager, init=-1: [748cb110-c80f-49e7-8f1d-841c164c03d7:192.168.46.18:39073, 8be88cf0-652e-4224-9c93-1138f1884fd4:192.168.46.18:45825, 19f51db3-88f0-4f09-be2f-ee234accd120:192.168.46.18:44923], old=null, confs=<EMPTY_MAP>
2019-06-12 14:50:56,557 INFO  server.RaftServerConfigKeys (ConfUtils.java:logGet(43)) - raft.server.rpc.timeout.min = 1s (custom)
2019-06-12 14:50:56,557 INFO  server.RaftServerConfigKeys (ConfUtils.java:logGet(43)) - raft.server.storage.dir = [/opt/src/hadoop-ozone/integration-test/target/test-dir/MiniOzoneClusterImpl-e88f50ad-c4a0-4eb5-a6fa-3ac03beecd11/datanode-4/data/ratis] (custom)
2019-06-12 14:50:56,557 INFO  server.RaftServerConfigKeys (ConfUtils.java:logGet(43)) - raft.server.rpc.timeout.max = 1200ms (custom)
2019-06-12 14:50:56,557 INFO  server.RaftServerConfigKeys (ConfUtils.java:logGet(43)) - raft.server.rpcslowness.timeout = 120s (custom)
2019-06-12 14:50:56,557 INFO  storage.RaftStorageDirectory (RaftStorageDirectory.java:analyzeStorage(246)) - The storage directory /opt/src/hadoop-ozone/integration-test/target/test-dir/MiniOzoneClusterImpl-e88f50ad-c4a0-4eb5-a6fa-3ac03beecd11/datanode-4/data/ratis/a722dea7-2534-4fbb-8a48-4c1d1ebe986b does not exist. Creating ...
2019-06-12 14:50:56,557 INFO  server.RaftServerConfigKeys (ConfUtils.java:logGet(43)) - raft.server.log.appender.install.snapshot.enabled = true (default)
2019-06-12 14:50:56,557 INFO  impl.RaftServerImpl (ServerState.java:<init>(101)) - 8be88cf0-652e-4224-9c93-1138f1884fd4:group-4C1D1EBE986B ConfigurationManager, init=-1: [748cb110-c80f-49e7-8f1d-841c164c03d7:192.168.46.18:39073, 8be88cf0-652e-4224-9c93-1138f1884fd4:192.168.46.18:45825, 19f51db3-88f0-4f09-be2f-ee234accd120:192.168.46.18:44923], old=null, confs=<EMPTY_MAP>
2019-06-12 14:50:56,558 INFO  server.RaftServerConfigKeys (ConfUtils.java:logGet(43)) - raft.server.storage.dir = [/opt/src/hadoop-ozone/integration-test/target/test-dir/MiniOzoneClusterImpl-e88f50ad-c4a0-4eb5-a6fa-3ac03beecd11/datanode-5/data/ratis] (custom)
2019-06-12 14:50:56,558 INFO  storage.RaftStorageDirectory (RaftStorageDirectory.java:tryLock(328)) - Lock on /opt/src/hadoop-ozone/integration-test/target/test-dir/MiniOzoneClusterImpl-e88f50ad-c4a0-4eb5-a6fa-3ac03beecd11/datanode-3/data/ratis/a722dea7-2534-4fbb-8a48-4c1d1ebe986b/in_use.lock acquired by nodename 19676@ozone-nqbcb-3364917721
2019-06-12 14:50:56,558 INFO  storage.RaftStorageDirectory (RaftStorageDirectory.java:analyzeStorage(246)) - The storage directory /opt/src/hadoop-ozone/integration-test/target/test-dir/MiniOzoneClusterImpl-e88f50ad-c4a0-4eb5-a6fa-3ac03beecd11/datanode-5/data/ratis/a722dea7-2534-4fbb-8a48-4c1d1ebe986b does not exist. Creating ...
2019-06-12 14:50:56,559 INFO  storage.RaftStorageDirectory (RaftStorageDirectory.java:tryLock(328)) - Lock on /opt/src/hadoop-ozone/integration-test/target/test-dir/MiniOzoneClusterImpl-e88f50ad-c4a0-4eb5-a6fa-3ac03beecd11/datanode-4/data/ratis/a722dea7-2534-4fbb-8a48-4c1d1ebe986b/in_use.lock acquired by nodename 19676@ozone-nqbcb-3364917721
2019-06-12 14:50:56,560 INFO  storage.RaftStorageDirectory (RaftStorageDirectory.java:tryLock(328)) - Lock on /opt/src/hadoop-ozone/integration-test/target/test-dir/MiniOzoneClusterImpl-e88f50ad-c4a0-4eb5-a6fa-3ac03beecd11/datanode-5/data/ratis/a722dea7-2534-4fbb-8a48-4c1d1ebe986b/in_use.lock acquired by nodename 19676@ozone-nqbcb-3364917721
2019-06-12 14:50:56,560 INFO  storage.RaftStorage (RaftStorage.java:format(75)) - Storage directory /opt/src/hadoop-ozone/integration-test/target/test-dir/MiniOzoneClusterImpl-e88f50ad-c4a0-4eb5-a6fa-3ac03beecd11/datanode-3/data/ratis/a722dea7-2534-4fbb-8a48-4c1d1ebe986b has been successfully formatted.
2019-06-12 14:50:56,561 INFO  ratis.ContainerStateMachine (ContainerStateMachine.java:loadSnapshot(199)) - The snapshot info is null.Setting the last applied index to:(t:0, i:~)
2019-06-12 14:50:56,561 INFO  server.RaftServerConfigKeys (ConfUtils.java:logGet(43)) - raft.server.leader.election.timeout = 120s (custom)
2019-06-12 14:50:56,561 INFO  server.RaftServerConfigKeys (ConfUtils.java:logGet(43)) - raft.server.log.use.memory = false (default)
2019-06-12 14:50:56,561 INFO  server.RaftServerConfigKeys (ConfUtils.java:logGet(43)) - raft.server.log.appender.buffer.byte-limit = 33554432 (custom)
2019-06-12 14:50:56,561 INFO  server.RaftServerConfigKeys (ConfUtils.java:logGet(43)) - raft.server.log.segment.size.max = 16384 (custom)
2019-06-12 14:50:56,561 INFO  server.RaftServerConfigKeys (ConfUtils.java:logGet(43)) - raft.server.log.segment.cache.num.max = 2 (custom)
2019-06-12 14:50:56,561 INFO  storage.RaftLogWorker (RaftLogWorker.java:<init>(123)) - new 748cb110-c80f-49e7-8f1d-841c164c03d7-RaftLogWorker for Storage Directory /opt/src/hadoop-ozone/integration-test/target/test-dir/MiniOzoneClusterImpl-e88f50ad-c4a0-4eb5-a6fa-3ac03beecd11/datanode-3/data/ratis/a722dea7-2534-4fbb-8a48-4c1d1ebe986b
2019-06-12 14:50:56,561 INFO  server.RaftServerConfigKeys (ConfUtils.java:logGet(43)) - raft.server.log.queue.byte-limit = 2147483647 (custom)
2019-06-12 14:50:56,561 INFO  server.RaftServerConfigKeys (ConfUtils.java:logGet(43)) - raft.server.log.queue.element-limit = 1024 (custom)
2019-06-12 14:50:56,561 INFO  server.RaftServerConfigKeys (ConfUtils.java:logGet(43)) - raft.server.log.segment.size.max = 16384 (custom)
2019-06-12 14:50:56,561 INFO  server.RaftServerConfigKeys (ConfUtils.java:logGet(43)) - raft.server.log.preallocated.size = 16384 (custom)
2019-06-12 14:50:56,561 INFO  server.RaftServerConfigKeys (ConfUtils.java:logGet(43)) - raft.server.log.write.buffer.size = 33554432 (custom)
2019-06-12 14:50:56,561 INFO  server.RaftServerConfigKeys (ConfUtils.java:logGet(43)) - raft.server.log.force.sync.num = 128 (default)
2019-06-12 14:50:56,562 INFO  server.RaftServerConfigKeys (ConfUtils.java:logGet(43)) - raft.server.log.statemachine.data.sync = true (default)
2019-06-12 14:50:56,562 INFO  server.RaftServerConfigKeys (ConfUtils.java:logGet(43)) - raft.server.log.statemachine.data.sync.timeout = 10s (default)
2019-06-12 14:50:56,562 INFO  storage.RaftStorage (RaftStorage.java:format(75)) - Storage directory /opt/src/hadoop-ozone/integration-test/target/test-dir/MiniOzoneClusterImpl-e88f50ad-c4a0-4eb5-a6fa-3ac03beecd11/datanode-4/data/ratis/a722dea7-2534-4fbb-8a48-4c1d1ebe986b has been successfully formatted.
2019-06-12 14:50:56,562 INFO  server.RaftServerConfigKeys (ConfUtils.java:logGet(43)) - raft.server.log.statemachine.data.sync.timeout.retry = -1 (default)
2019-06-12 14:50:56,562 INFO  ratis.ContainerStateMachine (ContainerStateMachine.java:loadSnapshot(199)) - The snapshot info is null.Setting the last applied index to:(t:0, i:~)
2019-06-12 14:50:56,562 INFO  server.RaftServerConfigKeys (ConfUtils.java:logGet(43)) - raft.server.log.statemachine.data.caching.enabled = true (custom)
2019-06-12 14:50:56,562 INFO  server.RaftServerConfigKeys (ConfUtils.java:logGet(43)) - raft.server.leader.election.timeout = 120s (custom)
2019-06-12 14:50:56,562 INFO  server.RaftServerConfigKeys (ConfUtils.java:logGet(43)) - raft.server.log.use.memory = false (default)
2019-06-12 14:50:56,562 INFO  server.RaftServerConfigKeys (ConfUtils.java:logGet(43)) - raft.server.log.appender.buffer.byte-limit = 33554432 (custom)
2019-06-12 14:50:56,562 INFO  server.RaftServerConfigKeys (ConfUtils.java:logGet(43)) - raft.server.snapshot.auto.trigger.enabled = true (custom)
2019-06-12 14:50:56,562 INFO  server.RaftServerConfigKeys (ConfUtils.java:logGet(43)) - raft.server.log.segment.size.max = 16384 (custom)
2019-06-12 14:50:56,562 INFO  server.RaftServerConfigKeys (ConfUtils.java:logGet(43)) - raft.server.snapshot.auto.trigger.threshold = 10000 (custom)
2019-06-12 14:50:56,562 INFO  server.RaftServerConfigKeys (ConfUtils.java:logGet(43)) - raft.server.log.segment.cache.num.max = 2 (custom)
2019-06-12 14:50:56,562 INFO  server.RaftServerConfigKeys (ConfUtils.java:logGet(43)) - raft.server.retrycache.expirytime = 600000ms (custom)
2019-06-12 14:50:56,563 INFO  storage.RaftLogWorker (RaftLogWorker.java:<init>(123)) - new 19f51db3-88f0-4f09-be2f-ee234accd120-RaftLogWorker for Storage Directory /opt/src/hadoop-ozone/integration-test/target/test-dir/MiniOzoneClusterImpl-e88f50ad-c4a0-4eb5-a6fa-3ac03beecd11/datanode-4/data/ratis/a722dea7-2534-4fbb-8a48-4c1d1ebe986b
2019-06-12 14:50:56,563 INFO  impl.RaftServerImpl (RaftServerImpl.java:start(173)) - 748cb110-c80f-49e7-8f1d-841c164c03d7: start group-4C1D1EBE986B
2019-06-12 14:50:56,563 INFO  server.RaftServerConfigKeys (ConfUtils.java:logGet(43)) - raft.server.log.queue.byte-limit = 2147483647 (custom)
2019-06-12 14:50:56,563 INFO  impl.RaftServerImpl (RaftServerImpl.java:setRole(164)) - 748cb110-c80f-49e7-8f1d-841c164c03d7:group-4C1D1EBE986B changes role from null to FOLLOWER at term 0 for startAsFollower
2019-06-12 14:50:56,563 INFO  storage.RaftStorage (RaftStorage.java:format(75)) - Storage directory /opt/src/hadoop-ozone/integration-test/target/test-dir/MiniOzoneClusterImpl-e88f50ad-c4a0-4eb5-a6fa-3ac03beecd11/datanode-5/data/ratis/a722dea7-2534-4fbb-8a48-4c1d1ebe986b has been successfully formatted.
2019-06-12 14:50:56,563 INFO  server.RaftServerConfigKeys (ConfUtils.java:logGet(43)) - raft.server.log.queue.element-limit = 1024 (custom)
2019-06-12 14:50:56,563 INFO  ratis.ContainerStateMachine (ContainerStateMachine.java:loadSnapshot(199)) - The snapshot info is null.Setting the last applied index to:(t:0, i:~)
2019-06-12 14:50:56,563 INFO  impl.RoleInfo (RoleInfo.java:updateAndGet(143)) - 748cb110-c80f-49e7-8f1d-841c164c03d7: start FollowerState
2019-06-12 14:50:56,563 INFO  server.RaftServerConfigKeys (ConfUtils.java:logGet(43)) - raft.server.leader.election.timeout = 120s (custom)
2019-06-12 14:50:56,563 INFO  server.RaftServerConfigKeys (ConfUtils.java:logGet(43)) - raft.server.log.use.memory = false (default)
2019-06-12 14:50:56,563 INFO  server.RaftServerConfigKeys (ConfUtils.java:logGet(43)) - raft.server.log.segment.size.max = 16384 (custom)
2019-06-12 14:50:56,563 INFO  server.RaftServerConfigKeys (ConfUtils.java:logGet(43)) - raft.server.log.appender.buffer.byte-limit = 33554432 (custom)
2019-06-12 14:50:56,563 INFO  util.JmxRegister (JmxRegister.java:tryRegister(44)) - Successfully registered JMX Bean with object name Ratis:service=RaftServer,group=group-4C1D1EBE986B,id=748cb110-c80f-49e7-8f1d-841c164c03d7
2019-06-12 14:50:56,564 INFO  server.RaftServerConfigKeys (ConfUtils.java:logGet(43)) - raft.server.log.segment.size.max = 16384 (custom)
2019-06-12 14:50:56,564 INFO  server.RaftServerConfigKeys (ConfUtils.java:logGet(43)) - raft.server.log.preallocated.size = 16384 (custom)
2019-06-12 14:50:56,564 INFO  server.RaftServerConfigKeys (ConfUtils.java:logGet(43)) - raft.server.log.segment.cache.num.max = 2 (custom)
2019-06-12 14:50:56,564 INFO  server.RaftServerConfigKeys (ConfUtils.java:logGet(43)) - raft.server.log.write.buffer.size = 33554432 (custom)
2019-06-12 14:50:56,564 INFO  storage.RaftLogWorker (RaftLogWorker.java:<init>(123)) - new 8be88cf0-652e-4224-9c93-1138f1884fd4-RaftLogWorker for Storage Directory /opt/src/hadoop-ozone/integration-test/target/test-dir/MiniOzoneClusterImpl-e88f50ad-c4a0-4eb5-a6fa-3ac03beecd11/datanode-5/data/ratis/a722dea7-2534-4fbb-8a48-4c1d1ebe986b
2019-06-12 14:50:56,564 INFO  server.RaftServerConfigKeys (ConfUtils.java:logGet(43)) - raft.server.log.force.sync.num = 128 (default)
2019-06-12 14:50:56,565 INFO  server.RaftServerConfigKeys (ConfUtils.java:logGet(43)) - raft.server.log.statemachine.data.sync = true (default)
2019-06-12 14:50:56,565 INFO  server.RaftServerConfigKeys (ConfUtils.java:logGet(43)) - raft.server.log.statemachine.data.sync.timeout = 10s (default)
2019-06-12 14:50:56,565 INFO  server.RaftServerConfigKeys (ConfUtils.java:logGet(43)) - raft.server.log.statemachine.data.sync.timeout.retry = -1 (default)
2019-06-12 14:50:56,565 INFO  server.RaftServerConfigKeys (ConfUtils.java:logGet(43)) - raft.server.log.statemachine.data.caching.enabled = true (custom)
2019-06-12 14:50:56,564 INFO  server.RaftServerConfigKeys (ConfUtils.java:logGet(43)) - raft.server.log.queue.byte-limit = 2147483647 (custom)
2019-06-12 14:50:56,565 INFO  server.RaftServerConfigKeys (ConfUtils.java:logGet(43)) - raft.server.log.queue.element-limit = 1024 (custom)
2019-06-12 14:50:56,565 INFO  server.RaftServerConfigKeys (ConfUtils.java:logGet(43)) - raft.server.log.segment.size.max = 16384 (custom)
2019-06-12 14:50:56,566 INFO  server.RaftServerConfigKeys (ConfUtils.java:logGet(43)) - raft.server.snapshot.auto.trigger.enabled = true (custom)
2019-06-12 14:50:56,566 INFO  server.RaftServerConfigKeys (ConfUtils.java:logGet(43)) - raft.server.snapshot.auto.trigger.threshold = 10000 (custom)
2019-06-12 14:50:56,566 INFO  server.RaftServerConfigKeys (ConfUtils.java:logGet(43)) - raft.server.log.preallocated.size = 16384 (custom)
2019-06-12 14:50:56,566 INFO  server.RaftServerConfigKeys (ConfUtils.java:logGet(43)) - raft.server.retrycache.expirytime = 600000ms (custom)
2019-06-12 14:50:56,566 INFO  server.RaftServerConfigKeys (ConfUtils.java:logGet(43)) - raft.server.log.write.buffer.size = 33554432 (custom)
2019-06-12 14:50:56,566 INFO  impl.RaftServerImpl (RaftServerImpl.java:start(173)) - 19f51db3-88f0-4f09-be2f-ee234accd120: start group-4C1D1EBE986B
2019-06-12 14:50:56,566 INFO  server.RaftServerConfigKeys (ConfUtils.java:logGet(43)) - raft.server.log.force.sync.num = 128 (default)
2019-06-12 14:50:56,566 INFO  impl.RaftServerImpl (RaftServerImpl.java:setRole(164)) - 19f51db3-88f0-4f09-be2f-ee234accd120:group-4C1D1EBE986B changes role from null to FOLLOWER at term 0 for startAsFollower
2019-06-12 14:50:56,566 INFO  server.RaftServerConfigKeys (ConfUtils.java:logGet(43)) - raft.server.log.statemachine.data.sync = true (default)
2019-06-12 14:50:56,567 INFO  impl.RoleInfo (RoleInfo.java:updateAndGet(143)) - 19f51db3-88f0-4f09-be2f-ee234accd120: start FollowerState
2019-06-12 14:50:56,567 INFO  server.RaftServerConfigKeys (ConfUtils.java:logGet(43)) - raft.server.log.statemachine.data.sync.timeout = 10s (default)
2019-06-12 14:50:56,567 INFO  server.RaftServerConfigKeys (ConfUtils.java:logGet(43)) - raft.server.log.statemachine.data.sync.timeout.retry = -1 (default)
2019-06-12 14:50:56,567 INFO  util.JmxRegister (JmxRegister.java:tryRegister(44)) - Successfully registered JMX Bean with object name Ratis:service=RaftServer,group=group-4C1D1EBE986B,id=19f51db3-88f0-4f09-be2f-ee234accd120
2019-06-12 14:50:56,567 INFO  server.RaftServerConfigKeys (ConfUtils.java:logGet(43)) - raft.server.log.statemachine.data.caching.enabled = true (custom)
2019-06-12 14:50:56,568 INFO  server.RaftServerConfigKeys (ConfUtils.java:logGet(43)) - raft.server.snapshot.auto.trigger.enabled = true (custom)
2019-06-12 14:50:56,568 INFO  server.RaftServerConfigKeys (ConfUtils.java:logGet(43)) - raft.server.snapshot.auto.trigger.threshold = 10000 (custom)
2019-06-12 14:50:56,568 INFO  server.RaftServerConfigKeys (ConfUtils.java:logGet(43)) - raft.server.retrycache.expirytime = 600000ms (custom)
2019-06-12 14:50:56,568 INFO  impl.RaftServerImpl (RaftServerImpl.java:start(173)) - 8be88cf0-652e-4224-9c93-1138f1884fd4: start group-4C1D1EBE986B
2019-06-12 14:50:56,568 INFO  impl.RaftServerImpl (RaftServerImpl.java:setRole(164)) - 8be88cf0-652e-4224-9c93-1138f1884fd4:group-4C1D1EBE986B changes role from null to FOLLOWER at term 0 for startAsFollower
2019-06-12 14:50:56,568 INFO  impl.RoleInfo (RoleInfo.java:updateAndGet(143)) - 8be88cf0-652e-4224-9c93-1138f1884fd4: start FollowerState
2019-06-12 14:50:56,569 INFO  util.JmxRegister (JmxRegister.java:tryRegister(44)) - Successfully registered JMX Bean with object name Ratis:service=RaftServer,group=group-4C1D1EBE986B,id=8be88cf0-652e-4224-9c93-1138f1884fd4
2019-06-12 14:50:56,575 INFO  pipeline.PipelineStateManager (PipelineStateManager.java:addPipeline(56)) - Created pipeline Pipeline[ Id: a722dea7-2534-4fbb-8a48-4c1d1ebe986b, Nodes: 8be88cf0-652e-4224-9c93-1138f1884fd4{ip: 192.168.46.18, host: ozone-nqbcb-3364917721, networkLocation: /default-rack, certSerialId: null}748cb110-c80f-49e7-8f1d-841c164c03d7{ip: 192.168.46.18, host: ozone-nqbcb-3364917721, networkLocation: /default-rack, certSerialId: null}19f51db3-88f0-4f09-be2f-ee234accd120{ip: 192.168.46.18, host: ozone-nqbcb-3364917721, networkLocation: /default-rack, certSerialId: null}, Type:RATIS, Factor:THREE, State:OPEN]
2019-06-12 14:50:56,668 INFO  ozone.MiniOzoneClusterImpl (MiniOzoneClusterImpl.java:lambda$waitForClusterToBeReady$0(142)) - Waiting for cluster to be ready. Got 6 of 7 DN Heartbeats.
2019-06-12 14:50:56,672 INFO  node.SCMNodeManager (SCMNodeManager.java:register(234)) - Registered Data node : 227650f5-a2db-42de-a75b-f2b4a2edcdd9{ip: 192.168.46.18, host: ozone-nqbcb-3364917721, networkLocation: /default-rack, certSerialId: null}
2019-06-12 14:50:56,679 INFO  impl.RaftServerProxy (RaftServerProxy.java:addNew(89)) - 227650f5-a2db-42de-a75b-f2b4a2edcdd9: addNew group-187614F88030:[227650f5-a2db-42de-a75b-f2b4a2edcdd9:192.168.46.18:37209] returns group-187614F88030:java.util.concurrent.CompletableFuture@6955de1b[Not completed]
2019-06-12 14:50:56,679 INFO  impl.RaftServerImpl (RaftServerImpl.java:<init>(91)) - 227650f5-a2db-42de-a75b-f2b4a2edcdd9: new RaftServerImpl for group-187614F88030:[227650f5-a2db-42de-a75b-f2b4a2edcdd9:192.168.46.18:37209] with ContainerStateMachine:uninitialized
2019-06-12 14:50:56,679 INFO  server.RaftServerConfigKeys (ConfUtils.java:logGet(43)) - raft.server.rpc.timeout.min = 1s (custom)
2019-06-12 14:50:56,680 INFO  server.RaftServerConfigKeys (ConfUtils.java:logGet(43)) - raft.server.rpc.timeout.max = 1200ms (custom)
2019-06-12 14:50:56,680 INFO  server.RaftServerConfigKeys (ConfUtils.java:logGet(43)) - raft.server.rpcslowness.timeout = 120s (custom)
2019-06-12 14:50:56,680 INFO  server.RaftServerConfigKeys (ConfUtils.java:logGet(43)) - raft.server.log.appender.install.snapshot.enabled = true (default)
2019-06-12 14:50:56,680 INFO  impl.RaftServerImpl (ServerState.java:<init>(101)) - 227650f5-a2db-42de-a75b-f2b4a2edcdd9:group-187614F88030 ConfigurationManager, init=-1: [227650f5-a2db-42de-a75b-f2b4a2edcdd9:192.168.46.18:37209], old=null, confs=<EMPTY_MAP>
2019-06-12 14:50:56,680 INFO  server.RaftServerConfigKeys (ConfUtils.java:logGet(43)) - raft.server.storage.dir = [/opt/src/hadoop-ozone/integration-test/target/test-dir/MiniOzoneClusterImpl-e88f50ad-c4a0-4eb5-a6fa-3ac03beecd11/datanode-6/data/ratis] (custom)
2019-06-12 14:50:56,680 INFO  storage.RaftStorageDirectory (RaftStorageDirectory.java:analyzeStorage(246)) - The storage directory /opt/src/hadoop-ozone/integration-test/target/test-dir/MiniOzoneClusterImpl-e88f50ad-c4a0-4eb5-a6fa-3ac03beecd11/datanode-6/data/ratis/325bb30e-16d3-47f6-a839-187614f88030 does not exist. Creating ...
2019-06-12 14:50:56,682 INFO  storage.RaftStorageDirectory (RaftStorageDirectory.java:tryLock(328)) - Lock on /opt/src/hadoop-ozone/integration-test/target/test-dir/MiniOzoneClusterImpl-e88f50ad-c4a0-4eb5-a6fa-3ac03beecd11/datanode-6/data/ratis/325bb30e-16d3-47f6-a839-187614f88030/in_use.lock acquired by nodename 19676@ozone-nqbcb-3364917721
2019-06-12 14:50:56,684 INFO  storage.RaftStorage (RaftStorage.java:format(75)) - Storage directory /opt/src/hadoop-ozone/integration-test/target/test-dir/MiniOzoneClusterImpl-e88f50ad-c4a0-4eb5-a6fa-3ac03beecd11/datanode-6/data/ratis/325bb30e-16d3-47f6-a839-187614f88030 has been successfully formatted.
2019-06-12 14:50:56,684 INFO  ratis.ContainerStateMachine (ContainerStateMachine.java:loadSnapshot(199)) - The snapshot info is null.Setting the last applied index to:(t:0, i:~)
2019-06-12 14:50:56,685 INFO  server.RaftServerConfigKeys (ConfUtils.java:logGet(43)) - raft.server.leader.election.timeout = 120s (custom)
2019-06-12 14:50:56,685 INFO  server.RaftServerConfigKeys (ConfUtils.java:logGet(43)) - raft.server.log.use.memory = false (default)
2019-06-12 14:50:56,685 INFO  server.RaftServerConfigKeys (ConfUtils.java:logGet(43)) - raft.server.log.appender.buffer.byte-limit = 33554432 (custom)
2019-06-12 14:50:56,685 INFO  server.RaftServerConfigKeys (ConfUtils.java:logGet(43)) - raft.server.log.segment.size.max = 16384 (custom)
2019-06-12 14:50:56,685 INFO  server.RaftServerConfigKeys (ConfUtils.java:logGet(43)) - raft.server.log.segment.cache.num.max = 2 (custom)
2019-06-12 14:50:56,685 INFO  storage.RaftLogWorker (RaftLogWorker.java:<init>(123)) - new 227650f5-a2db-42de-a75b-f2b4a2edcdd9-RaftLogWorker for Storage Directory /opt/src/hadoop-ozone/integration-test/target/test-dir/MiniOzoneClusterImpl-e88f50ad-c4a0-4eb5-a6fa-3ac03beecd11/datanode-6/data/ratis/325bb30e-16d3-47f6-a839-187614f88030
2019-06-12 14:50:56,685 INFO  server.RaftServerConfigKeys (ConfUtils.java:logGet(43)) - raft.server.log.queue.byte-limit = 2147483647 (custom)
2019-06-12 14:50:56,685 INFO  server.RaftServerConfigKeys (ConfUtils.java:logGet(43)) - raft.server.log.queue.element-limit = 1024 (custom)
2019-06-12 14:50:56,685 INFO  server.RaftServerConfigKeys (ConfUtils.java:logGet(43)) - raft.server.log.segment.size.max = 16384 (custom)
2019-06-12 14:50:56,685 INFO  server.RaftServerConfigKeys (ConfUtils.java:logGet(43)) - raft.server.log.preallocated.size = 16384 (custom)
2019-06-12 14:50:56,686 INFO  server.RaftServerConfigKeys (ConfUtils.java:logGet(43)) - raft.server.log.write.buffer.size = 33554432 (custom)
2019-06-12 14:50:56,686 INFO  server.RaftServerConfigKeys (ConfUtils.java:logGet(43)) - raft.server.log.force.sync.num = 128 (default)
2019-06-12 14:50:56,686 INFO  server.RaftServerConfigKeys (ConfUtils.java:logGet(43)) - raft.server.log.statemachine.data.sync = true (default)
2019-06-12 14:50:56,686 INFO  server.RaftServerConfigKeys (ConfUtils.java:logGet(43)) - raft.server.log.statemachine.data.sync.timeout = 10s (default)
2019-06-12 14:50:56,686 INFO  server.RaftServerConfigKeys (ConfUtils.java:logGet(43)) - raft.server.log.statemachine.data.sync.timeout.retry = -1 (default)
2019-06-12 14:50:56,686 INFO  server.RaftServerConfigKeys (ConfUtils.java:logGet(43)) - raft.server.log.statemachine.data.caching.enabled = true (custom)
2019-06-12 14:50:56,686 INFO  server.RaftServerConfigKeys (ConfUtils.java:logGet(43)) - raft.server.snapshot.auto.trigger.enabled = true (custom)
2019-06-12 14:50:56,686 INFO  server.RaftServerConfigKeys (ConfUtils.java:logGet(43)) - raft.server.snapshot.auto.trigger.threshold = 10000 (custom)
2019-06-12 14:50:56,687 INFO  server.RaftServerConfigKeys (ConfUtils.java:logGet(43)) - raft.server.retrycache.expirytime = 600000ms (custom)
2019-06-12 14:50:56,687 INFO  impl.RaftServerImpl (RaftServerImpl.java:start(173)) - 227650f5-a2db-42de-a75b-f2b4a2edcdd9: start group-187614F88030
2019-06-12 14:50:56,687 INFO  impl.RaftServerImpl (RaftServerImpl.java:setRole(164)) - 227650f5-a2db-42de-a75b-f2b4a2edcdd9:group-187614F88030 changes role from null to FOLLOWER at term 0 for startAsFollower
2019-06-12 14:50:56,687 INFO  impl.RoleInfo (RoleInfo.java:updateAndGet(143)) - 227650f5-a2db-42de-a75b-f2b4a2edcdd9: start FollowerState
2019-06-12 14:50:56,687 INFO  util.JmxRegister (JmxRegister.java:tryRegister(44)) - Successfully registered JMX Bean with object name Ratis:service=RaftServer,group=group-187614F88030,id=227650f5-a2db-42de-a75b-f2b4a2edcdd9
2019-06-12 14:50:56,689 INFO  pipeline.PipelineStateManager (PipelineStateManager.java:addPipeline(56)) - Created pipeline Pipeline[ Id: 325bb30e-16d3-47f6-a839-187614f88030, Nodes: 227650f5-a2db-42de-a75b-f2b4a2edcdd9{ip: 192.168.46.18, host: ozone-nqbcb-3364917721, networkLocation: /default-rack, certSerialId: null}, Type:RATIS, Factor:ONE, State:OPEN]
2019-06-12 14:50:56,821 INFO  impl.FollowerState (FollowerState.java:run(101)) - 358c4b0e-0058-48bf-b42c-5762a97c1207:group-F2C5D032C60E changes to CANDIDATE, lastRpcTime:1053, electionTimeout:1053ms
2019-06-12 14:50:56,821 INFO  impl.RoleInfo (RoleInfo.java:shutdownFollowerState(121)) - 358c4b0e-0058-48bf-b42c-5762a97c1207: shutdown FollowerState
2019-06-12 14:50:56,821 INFO  impl.RaftServerImpl (RaftServerImpl.java:setRole(164)) - 358c4b0e-0058-48bf-b42c-5762a97c1207:group-F2C5D032C60E changes role from FOLLOWER to CANDIDATE at term 0 for changeToCandidate
2019-06-12 14:50:56,821 INFO  impl.RoleInfo (RoleInfo.java:updateAndGet(143)) - 358c4b0e-0058-48bf-b42c-5762a97c1207: start LeaderElection
2019-06-12 14:50:56,827 INFO  impl.LeaderElection (LeaderElection.java:askForVotes(181)) - 358c4b0e-0058-48bf-b42c-5762a97c1207:group-F2C5D032C60E:LeaderElection19: begin an election at term 1 for -1: [358c4b0e-0058-48bf-b42c-5762a97c1207:192.168.46.18:37445], old=null
2019-06-12 14:50:56,827 INFO  impl.RoleInfo (RoleInfo.java:shutdownLeaderElection(134)) - 358c4b0e-0058-48bf-b42c-5762a97c1207: shutdown LeaderElection
2019-06-12 14:50:56,827 INFO  impl.RaftServerImpl (RaftServerImpl.java:setRole(164)) - 358c4b0e-0058-48bf-b42c-5762a97c1207:group-F2C5D032C60E changes role from CANDIDATE to LEADER at term 1 for changeToLeader
2019-06-12 14:50:56,827 INFO  impl.RaftServerImpl (ServerState.java:setLeader(263)) - 358c4b0e-0058-48bf-b42c-5762a97c1207:group-F2C5D032C60E change Leader from null to 358c4b0e-0058-48bf-b42c-5762a97c1207 at term 1 for becomeLeader, leader elected after 1061ms
2019-06-12 14:50:56,827 INFO  server.RaftServerConfigKeys (ConfUtils.java:logGet(43)) - raft.server.staging.catchup.gap = 1000 (default)
2019-06-12 14:50:56,827 INFO  server.RaftServerConfigKeys (ConfUtils.java:logGet(43)) - raft.server.rpc.sleep.time = 25ms (default)
2019-06-12 14:50:56,827 INFO  server.RaftServerConfigKeys (ConfUtils.java:logGet(43)) - raft.server.watch.timeout = 10s (default)
2019-06-12 14:50:56,827 INFO  server.RaftServerConfigKeys (ConfUtils.java:logGet(43)) - raft.server.watch.timeout.denomination = 1s (default)
2019-06-12 14:50:56,828 INFO  impl.RoleInfo (RoleInfo.java:updateAndGet(143)) - 358c4b0e-0058-48bf-b42c-5762a97c1207: start LeaderState
2019-06-12 14:50:56,828 INFO  storage.RaftLogWorker (RaftLogWorker.java:startLogSegment(298)) - 358c4b0e-0058-48bf-b42c-5762a97c1207-RaftLogWorker: Starting segment from index:0
2019-06-12 14:50:56,828 INFO  impl.RaftServerImpl (ServerState.java:setRaftConf(361)) - 358c4b0e-0058-48bf-b42c-5762a97c1207:group-F2C5D032C60E set configuration 0: [358c4b0e-0058-48bf-b42c-5762a97c1207:192.168.46.18:37445], old=null at 0
2019-06-12 14:50:56,862 INFO  storage.RaftLogWorker (RaftLogWorker.java:execute(469)) - 358c4b0e-0058-48bf-b42c-5762a97c1207-RaftLogWorker: created new log segment /opt/src/hadoop-ozone/integration-test/target/test-dir/MiniOzoneClusterImpl-e88f50ad-c4a0-4eb5-a6fa-3ac03beecd11/datanode-0/data/ratis/63826cc0-47b5-42f5-89fc-f2c5d032c60e/current/log_inprogress_0
2019-06-12 14:50:56,994 INFO  impl.FollowerState (FollowerState.java:run(101)) - 795797cb-0d5b-4b12-bcd9-6620fc6c1618:group-F17148C6383B changes to CANDIDATE, lastRpcTime:1055, electionTimeout:1055ms
2019-06-12 14:50:56,994 INFO  impl.RoleInfo (RoleInfo.java:shutdownFollowerState(121)) - 795797cb-0d5b-4b12-bcd9-6620fc6c1618: shutdown FollowerState
2019-06-12 14:50:56,994 INFO  impl.RaftServerImpl (RaftServerImpl.java:setRole(164)) - 795797cb-0d5b-4b12-bcd9-6620fc6c1618:group-F17148C6383B changes role from FOLLOWER to CANDIDATE at term 0 for changeToCandidate
2019-06-12 14:50:56,995 INFO  impl.RoleInfo (RoleInfo.java:updateAndGet(143)) - 795797cb-0d5b-4b12-bcd9-6620fc6c1618: start LeaderElection
2019-06-12 14:50:57,001 INFO  impl.LeaderElection (LeaderElection.java:askForVotes(181)) - 795797cb-0d5b-4b12-bcd9-6620fc6c1618:group-F17148C6383B:LeaderElection20: begin an election at term 1 for -1: [795797cb-0d5b-4b12-bcd9-6620fc6c1618:192.168.46.18:34283], old=null
2019-06-12 14:50:57,001 INFO  impl.RoleInfo (RoleInfo.java:shutdownLeaderElection(134)) - 795797cb-0d5b-4b12-bcd9-6620fc6c1618: shutdown LeaderElection
2019-06-12 14:50:57,001 INFO  impl.RaftServerImpl (RaftServerImpl.java:setRole(164)) - 795797cb-0d5b-4b12-bcd9-6620fc6c1618:group-F17148C6383B changes role from CANDIDATE to LEADER at term 1 for changeToLeader
2019-06-12 14:50:57,001 INFO  impl.RaftServerImpl (ServerState.java:setLeader(263)) - 795797cb-0d5b-4b12-bcd9-6620fc6c1618:group-F17148C6383B change Leader from null to 795797cb-0d5b-4b12-bcd9-6620fc6c1618 at term 1 for becomeLeader, leader elected after 1064ms
2019-06-12 14:50:57,002 INFO  server.RaftServerConfigKeys (ConfUtils.java:logGet(43)) - raft.server.staging.catchup.gap = 1000 (default)
2019-06-12 14:50:57,002 INFO  server.RaftServerConfigKeys (ConfUtils.java:logGet(43)) - raft.server.rpc.sleep.time = 25ms (default)
2019-06-12 14:50:57,002 INFO  server.RaftServerConfigKeys (ConfUtils.java:logGet(43)) - raft.server.watch.timeout = 10s (default)
2019-06-12 14:50:57,002 INFO  server.RaftServerConfigKeys (ConfUtils.java:logGet(43)) - raft.server.watch.timeout.denomination = 1s (default)
2019-06-12 14:50:57,002 INFO  impl.RoleInfo (RoleInfo.java:updateAndGet(143)) - 795797cb-0d5b-4b12-bcd9-6620fc6c1618: start LeaderState
2019-06-12 14:50:57,002 INFO  storage.RaftLogWorker (RaftLogWorker.java:startLogSegment(298)) - 795797cb-0d5b-4b12-bcd9-6620fc6c1618-RaftLogWorker: Starting segment from index:0
2019-06-12 14:50:57,002 INFO  impl.RaftServerImpl (ServerState.java:setRaftConf(361)) - 795797cb-0d5b-4b12-bcd9-6620fc6c1618:group-F17148C6383B set configuration 0: [795797cb-0d5b-4b12-bcd9-6620fc6c1618:192.168.46.18:34283], old=null at 0
2019-06-12 14:50:57,036 INFO  storage.RaftLogWorker (RaftLogWorker.java:execute(469)) - 795797cb-0d5b-4b12-bcd9-6620fc6c1618-RaftLogWorker: created new log segment /opt/src/hadoop-ozone/integration-test/target/test-dir/MiniOzoneClusterImpl-e88f50ad-c4a0-4eb5-a6fa-3ac03beecd11/datanode-1/data/ratis/1d7f7228-1463-492e-b7a9-f17148c6383b/current/log_inprogress_0
2019-06-12 14:50:57,145 INFO  impl.FollowerState (FollowerState.java:run(101)) - b29f5895-5d59-4d37-920e-c514776e34ac:group-541D171EF391 changes to CANDIDATE, lastRpcTime:1062, electionTimeout:1062ms
2019-06-12 14:50:57,145 INFO  impl.RoleInfo (RoleInfo.java:shutdownFollowerState(121)) - b29f5895-5d59-4d37-920e-c514776e34ac: shutdown FollowerState
2019-06-12 14:50:57,145 INFO  impl.RaftServerImpl (RaftServerImpl.java:setRole(164)) - b29f5895-5d59-4d37-920e-c514776e34ac:group-541D171EF391 changes role from FOLLOWER to CANDIDATE at term 0 for changeToCandidate
2019-06-12 14:50:57,145 INFO  impl.RoleInfo (RoleInfo.java:updateAndGet(143)) - b29f5895-5d59-4d37-920e-c514776e34ac: start LeaderElection
2019-06-12 14:50:57,152 INFO  impl.LeaderElection (LeaderElection.java:askForVotes(181)) - b29f5895-5d59-4d37-920e-c514776e34ac:group-541D171EF391:LeaderElection21: begin an election at term 1 for -1: [795797cb-0d5b-4b12-bcd9-6620fc6c1618:192.168.46.18:34283, 358c4b0e-0058-48bf-b42c-5762a97c1207:192.168.46.18:37445, b29f5895-5d59-4d37-920e-c514776e34ac:192.168.46.18:33983], old=null
2019-06-12 14:50:57,159 INFO  impl.RaftServerImpl (RaftServerImpl.java:setRole(164)) - 358c4b0e-0058-48bf-b42c-5762a97c1207:group-541D171EF391 changes role from FOLLOWER to FOLLOWER at term 1 for recognizeCandidate:b29f5895-5d59-4d37-920e-c514776e34ac
2019-06-12 14:50:57,160 INFO  impl.RaftServerImpl (RaftServerImpl.java:setRole(164)) - 795797cb-0d5b-4b12-bcd9-6620fc6c1618:group-541D171EF391 changes role from FOLLOWER to FOLLOWER at term 1 for recognizeCandidate:b29f5895-5d59-4d37-920e-c514776e34ac
2019-06-12 14:50:57,160 INFO  impl.RoleInfo (RoleInfo.java:shutdownFollowerState(121)) - 358c4b0e-0058-48bf-b42c-5762a97c1207: shutdown FollowerState
2019-06-12 14:50:57,160 INFO  impl.RoleInfo (RoleInfo.java:shutdownFollowerState(121)) - 795797cb-0d5b-4b12-bcd9-6620fc6c1618: shutdown FollowerState
2019-06-12 14:50:57,161 INFO  impl.FollowerState (FollowerState.java:run(109)) - 358c4b0e-0058-48bf-b42c-5762a97c1207: FollowerState was interrupted: java.lang.InterruptedException: sleep interrupted
2019-06-12 14:50:57,161 INFO  impl.FollowerState (FollowerState.java:run(109)) - 795797cb-0d5b-4b12-bcd9-6620fc6c1618: FollowerState was interrupted: java.lang.InterruptedException: sleep interrupted
2019-06-12 14:50:57,160 INFO  impl.RoleInfo (RoleInfo.java:updateAndGet(143)) - 358c4b0e-0058-48bf-b42c-5762a97c1207: start FollowerState
2019-06-12 14:50:57,161 INFO  impl.RoleInfo (RoleInfo.java:updateAndGet(143)) - 795797cb-0d5b-4b12-bcd9-6620fc6c1618: start FollowerState
2019-06-12 14:50:57,169 INFO  impl.LeaderElection (LeaderElection.java:logAndReturn(56)) - b29f5895-5d59-4d37-920e-c514776e34ac:group-541D171EF391:LeaderElection21: Election PASSED; received 1 response(s) [b29f5895-5d59-4d37-920e-c514776e34ac->358c4b0e-0058-48bf-b42c-5762a97c1207,true-t1] and 0 exception(s); b29f5895-5d59-4d37-920e-c514776e34ac:t1, leader=null, voted=b29f5895-5d59-4d37-920e-c514776e34ac, raftlog=b29f5895-5d59-4d37-920e-c514776e34ac-SegmentedRaftLog:OPENED:c-1,f-1,i0, conf=-1: [795797cb-0d5b-4b12-bcd9-6620fc6c1618:192.168.46.18:34283, 358c4b0e-0058-48bf-b42c-5762a97c1207:192.168.46.18:37445, b29f5895-5d59-4d37-920e-c514776e34ac:192.168.46.18:33983], old=null
2019-06-12 14:50:57,169 INFO  impl.RoleInfo (RoleInfo.java:shutdownLeaderElection(134)) - b29f5895-5d59-4d37-920e-c514776e34ac: shutdown LeaderElection
2019-06-12 14:50:57,169 INFO  impl.RaftServerImpl (RaftServerImpl.java:setRole(164)) - b29f5895-5d59-4d37-920e-c514776e34ac:group-541D171EF391 changes role from CANDIDATE to LEADER at term 1 for changeToLeader
2019-06-12 14:50:57,169 INFO  impl.RaftServerImpl (ServerState.java:setLeader(263)) - b29f5895-5d59-4d37-920e-c514776e34ac:group-541D171EF391 change Leader from null to b29f5895-5d59-4d37-920e-c514776e34ac at term 1 for becomeLeader, leader elected after 1089ms
2019-06-12 14:50:57,169 INFO  server.RaftServerConfigKeys (ConfUtils.java:logGet(43)) - raft.server.staging.catchup.gap = 1000 (default)
2019-06-12 14:50:57,170 INFO  server.RaftServerConfigKeys (ConfUtils.java:logGet(43)) - raft.server.rpc.sleep.time = 25ms (default)
2019-06-12 14:50:57,170 INFO  server.RaftServerConfigKeys (ConfUtils.java:logGet(43)) - raft.server.watch.timeout = 10s (default)
2019-06-12 14:50:57,170 INFO  server.RaftServerConfigKeys (ConfUtils.java:logGet(43)) - raft.server.watch.timeout.denomination = 1s (default)
2019-06-12 14:50:57,170 INFO  server.RaftServerConfigKeys (ConfUtils.java:logGet(43)) - raft.server.log.appender.snapshot.chunk.size.max = 16MB (=16777216) (default)
2019-06-12 14:50:57,170 INFO  server.RaftServerConfigKeys (ConfUtils.java:logGet(43)) - raft.server.log.appender.buffer.byte-limit = 33554432 (custom)
2019-06-12 14:50:57,170 INFO  server.RaftServerConfigKeys (ConfUtils.java:logGet(43)) - raft.server.log.appender.buffer.element-limit = 1 (custom)
2019-06-12 14:50:57,170 INFO  grpc.GrpcConfigKeys$Server (ConfUtils.java:logGet(43)) - raft.grpc.server.leader.outstanding.appends.max = 128 (default)
2019-06-12 14:50:57,170 INFO  server.RaftServerConfigKeys (ConfUtils.java:logGet(43)) - raft.server.rpc.request.timeout = 3000ms (default)
2019-06-12 14:50:57,170 INFO  server.RaftServerConfigKeys (ConfUtils.java:logGet(43)) - raft.server.log.appender.install.snapshot.enabled = true (default)
2019-06-12 14:50:57,170 INFO  server.RaftServerConfigKeys (ConfUtils.java:logGet(43)) - raft.server.log.appender.snapshot.chunk.size.max = 16MB (=16777216) (default)
2019-06-12 14:50:57,171 INFO  server.RaftServerConfigKeys (ConfUtils.java:logGet(43)) - raft.server.log.appender.buffer.byte-limit = 33554432 (custom)
2019-06-12 14:50:57,171 INFO  server.RaftServerConfigKeys (ConfUtils.java:logGet(43)) - raft.server.log.appender.buffer.element-limit = 1 (custom)
2019-06-12 14:50:57,171 INFO  grpc.GrpcConfigKeys$Server (ConfUtils.java:logGet(43)) - raft.grpc.server.leader.outstanding.appends.max = 128 (default)
2019-06-12 14:50:57,171 INFO  server.RaftServerConfigKeys (ConfUtils.java:logGet(43)) - raft.server.rpc.request.timeout = 3000ms (default)
2019-06-12 14:50:57,171 INFO  server.RaftServerConfigKeys (ConfUtils.java:logGet(43)) - raft.server.log.appender.install.snapshot.enabled = true (default)
2019-06-12 14:50:57,171 INFO  impl.RoleInfo (RoleInfo.java:updateAndGet(143)) - b29f5895-5d59-4d37-920e-c514776e34ac: start LeaderState
2019-06-12 14:50:57,171 INFO  storage.RaftLogWorker (RaftLogWorker.java:startLogSegment(298)) - b29f5895-5d59-4d37-920e-c514776e34ac-RaftLogWorker: Starting segment from index:0
2019-06-12 14:50:57,172 INFO  impl.RaftServerImpl (ServerState.java:setRaftConf(361)) - b29f5895-5d59-4d37-920e-c514776e34ac:group-541D171EF391 set configuration 0: [795797cb-0d5b-4b12-bcd9-6620fc6c1618:192.168.46.18:34283, 358c4b0e-0058-48bf-b42c-5762a97c1207:192.168.46.18:37445, b29f5895-5d59-4d37-920e-c514776e34ac:192.168.46.18:33983], old=null at 0
2019-06-12 14:50:57,191 INFO  impl.FollowerState (FollowerState.java:run(101)) - b29f5895-5d59-4d37-920e-c514776e34ac:group-3BBE2C4AE539 changes to CANDIDATE, lastRpcTime:1131, electionTimeout:1124ms
2019-06-12 14:50:57,214 INFO  impl.RoleInfo (RoleInfo.java:shutdownFollowerState(121)) - b29f5895-5d59-4d37-920e-c514776e34ac: shutdown FollowerState
2019-06-12 14:50:57,214 INFO  impl.RaftServerImpl (RaftServerImpl.java:setRole(164)) - b29f5895-5d59-4d37-920e-c514776e34ac:group-3BBE2C4AE539 changes role from FOLLOWER to CANDIDATE at term 0 for changeToCandidate
2019-06-12 14:50:57,214 INFO  impl.RoleInfo (RoleInfo.java:updateAndGet(143)) - b29f5895-5d59-4d37-920e-c514776e34ac: start LeaderElection
2019-06-12 14:50:57,216 INFO  storage.RaftLogWorker (RaftLogWorker.java:execute(469)) - b29f5895-5d59-4d37-920e-c514776e34ac-RaftLogWorker: created new log segment /opt/src/hadoop-ozone/integration-test/target/test-dir/MiniOzoneClusterImpl-e88f50ad-c4a0-4eb5-a6fa-3ac03beecd11/datanode-2/data/ratis/deead87e-6f82-4d1e-8e81-541d171ef391/current/log_inprogress_0
2019-06-12 14:50:57,219 INFO  impl.RaftServerImpl (ServerState.java:setLeader(263)) - 795797cb-0d5b-4b12-bcd9-6620fc6c1618:group-541D171EF391 change Leader from null to b29f5895-5d59-4d37-920e-c514776e34ac at term 1 for appendEntries, leader elected after 1144ms
2019-06-12 14:50:57,219 INFO  impl.LeaderElection (LeaderElection.java:askForVotes(181)) - b29f5895-5d59-4d37-920e-c514776e34ac:group-3BBE2C4AE539:LeaderElection22: begin an election at term 1 for -1: [b29f5895-5d59-4d37-920e-c514776e34ac:192.168.46.18:33983], old=null
2019-06-12 14:50:57,220 INFO  impl.RoleInfo (RoleInfo.java:shutdownLeaderElection(134)) - b29f5895-5d59-4d37-920e-c514776e34ac: shutdown LeaderElection
2019-06-12 14:50:57,220 INFO  impl.RaftServerImpl (RaftServerImpl.java:setRole(164)) - b29f5895-5d59-4d37-920e-c514776e34ac:group-3BBE2C4AE539 changes role from CANDIDATE to LEADER at term 1 for changeToLeader
2019-06-12 14:50:57,220 INFO  impl.RaftServerImpl (ServerState.java:setLeader(263)) - b29f5895-5d59-4d37-920e-c514776e34ac:group-3BBE2C4AE539 change Leader from null to b29f5895-5d59-4d37-920e-c514776e34ac at term 1 for becomeLeader, leader elected after 1162ms
2019-06-12 14:50:57,220 INFO  server.RaftServerConfigKeys (ConfUtils.java:logGet(43)) - raft.server.staging.catchup.gap = 1000 (default)
2019-06-12 14:50:57,220 INFO  server.RaftServerConfigKeys (ConfUtils.java:logGet(43)) - raft.server.rpc.sleep.time = 25ms (default)
2019-06-12 14:50:57,220 INFO  server.RaftServerConfigKeys (ConfUtils.java:logGet(43)) - raft.server.watch.timeout = 10s (default)
2019-06-12 14:50:57,220 INFO  server.RaftServerConfigKeys (ConfUtils.java:logGet(43)) - raft.server.watch.timeout.denomination = 1s (default)
2019-06-12 14:50:57,220 INFO  impl.RoleInfo (RoleInfo.java:updateAndGet(143)) - b29f5895-5d59-4d37-920e-c514776e34ac: start LeaderState
2019-06-12 14:50:57,221 INFO  storage.RaftLogWorker (RaftLogWorker.java:startLogSegment(298)) - b29f5895-5d59-4d37-920e-c514776e34ac-RaftLogWorker: Starting segment from index:0
2019-06-12 14:50:57,221 INFO  impl.RaftServerImpl (ServerState.java:setRaftConf(361)) - 795797cb-0d5b-4b12-bcd9-6620fc6c1618:group-541D171EF391 set configuration 0: [795797cb-0d5b-4b12-bcd9-6620fc6c1618:192.168.46.18:34283, 358c4b0e-0058-48bf-b42c-5762a97c1207:192.168.46.18:37445, b29f5895-5d59-4d37-920e-c514776e34ac:192.168.46.18:33983], old=null at 0
2019-06-12 14:50:57,221 INFO  storage.RaftLogWorker (RaftLogWorker.java:startLogSegment(298)) - 795797cb-0d5b-4b12-bcd9-6620fc6c1618-RaftLogWorker: Starting segment from index:0
2019-06-12 14:50:57,221 INFO  impl.RaftServerImpl (ServerState.java:setRaftConf(361)) - b29f5895-5d59-4d37-920e-c514776e34ac:group-3BBE2C4AE539 set configuration 0: [b29f5895-5d59-4d37-920e-c514776e34ac:192.168.46.18:33983], old=null at 0
2019-06-12 14:50:57,238 INFO  impl.RaftServerImpl (ServerState.java:setLeader(263)) - 358c4b0e-0058-48bf-b42c-5762a97c1207:group-541D171EF391 change Leader from null to b29f5895-5d59-4d37-920e-c514776e34ac at term 1 for appendEntries, leader elected after 1157ms
2019-06-12 14:50:57,246 INFO  impl.RaftServerImpl (ServerState.java:setRaftConf(361)) - 358c4b0e-0058-48bf-b42c-5762a97c1207:group-541D171EF391 set configuration 0: [795797cb-0d5b-4b12-bcd9-6620fc6c1618:192.168.46.18:34283, 358c4b0e-0058-48bf-b42c-5762a97c1207:192.168.46.18:37445, b29f5895-5d59-4d37-920e-c514776e34ac:192.168.46.18:33983], old=null at 0
2019-06-12 14:50:57,246 INFO  storage.RaftLogWorker (RaftLogWorker.java:startLogSegment(298)) - 358c4b0e-0058-48bf-b42c-5762a97c1207-RaftLogWorker: Starting segment from index:0
2019-06-12 14:50:57,260 INFO  storage.RaftLogWorker (RaftLogWorker.java:execute(469)) - b29f5895-5d59-4d37-920e-c514776e34ac-RaftLogWorker: created new log segment /opt/src/hadoop-ozone/integration-test/target/test-dir/MiniOzoneClusterImpl-e88f50ad-c4a0-4eb5-a6fa-3ac03beecd11/datanode-2/data/ratis/4ecf95bb-4954-4d4e-91d4-3bbe2c4ae539/current/log_inprogress_0
2019-06-12 14:50:57,283 INFO  storage.RaftLogWorker (RaftLogWorker.java:execute(469)) - 795797cb-0d5b-4b12-bcd9-6620fc6c1618-RaftLogWorker: created new log segment /opt/src/hadoop-ozone/integration-test/target/test-dir/MiniOzoneClusterImpl-e88f50ad-c4a0-4eb5-a6fa-3ac03beecd11/datanode-1/data/ratis/deead87e-6f82-4d1e-8e81-541d171ef391/current/log_inprogress_0
2019-06-12 14:50:57,291 INFO  storage.RaftLogWorker (RaftLogWorker.java:execute(469)) - 358c4b0e-0058-48bf-b42c-5762a97c1207-RaftLogWorker: created new log segment /opt/src/hadoop-ozone/integration-test/target/test-dir/MiniOzoneClusterImpl-e88f50ad-c4a0-4eb5-a6fa-3ac03beecd11/datanode-0/data/ratis/deead87e-6f82-4d1e-8e81-541d171ef391/current/log_inprogress_0
2019-06-12 14:50:57,340 INFO  impl.FollowerState (FollowerState.java:run(101)) - 748cb110-c80f-49e7-8f1d-841c164c03d7:group-85A372FC5105 changes to CANDIDATE, lastRpcTime:1120, electionTimeout:1120ms
2019-06-12 14:50:57,340 INFO  impl.RoleInfo (RoleInfo.java:shutdownFollowerState(121)) - 748cb110-c80f-49e7-8f1d-841c164c03d7: shutdown FollowerState
2019-06-12 14:50:57,340 INFO  impl.RaftServerImpl (RaftServerImpl.java:setRole(164)) - 748cb110-c80f-49e7-8f1d-841c164c03d7:group-85A372FC5105 changes role from FOLLOWER to CANDIDATE at term 0 for changeToCandidate
2019-06-12 14:50:57,340 INFO  impl.RoleInfo (RoleInfo.java:updateAndGet(143)) - 748cb110-c80f-49e7-8f1d-841c164c03d7: start LeaderElection
2019-06-12 14:50:57,347 INFO  impl.LeaderElection (LeaderElection.java:askForVotes(181)) - 748cb110-c80f-49e7-8f1d-841c164c03d7:group-85A372FC5105:LeaderElection23: begin an election at term 1 for -1: [748cb110-c80f-49e7-8f1d-841c164c03d7:192.168.46.18:39073], old=null
2019-06-12 14:50:57,347 INFO  impl.RoleInfo (RoleInfo.java:shutdownLeaderElection(134)) - 748cb110-c80f-49e7-8f1d-841c164c03d7: shutdown LeaderElection
2019-06-12 14:50:57,347 INFO  impl.RaftServerImpl (RaftServerImpl.java:setRole(164)) - 748cb110-c80f-49e7-8f1d-841c164c03d7:group-85A372FC5105 changes role from CANDIDATE to LEADER at term 1 for changeToLeader
2019-06-12 14:50:57,347 INFO  impl.RaftServerImpl (ServerState.java:setLeader(263)) - 748cb110-c80f-49e7-8f1d-841c164c03d7:group-85A372FC5105 change Leader from null to 748cb110-c80f-49e7-8f1d-841c164c03d7 at term 1 for becomeLeader, leader elected after 1129ms
2019-06-12 14:50:57,347 INFO  server.RaftServerConfigKeys (ConfUtils.java:logGet(43)) - raft.server.staging.catchup.gap = 1000 (default)
2019-06-12 14:50:57,347 INFO  server.RaftServerConfigKeys (ConfUtils.java:logGet(43)) - raft.server.rpc.sleep.time = 25ms (default)
2019-06-12 14:50:57,347 INFO  server.RaftServerConfigKeys (ConfUtils.java:logGet(43)) - raft.server.watch.timeout = 10s (default)
2019-06-12 14:50:57,347 INFO  server.RaftServerConfigKeys (ConfUtils.java:logGet(43)) - raft.server.watch.timeout.denomination = 1s (default)
2019-06-12 14:50:57,347 INFO  impl.RoleInfo (RoleInfo.java:updateAndGet(143)) - 748cb110-c80f-49e7-8f1d-841c164c03d7: start LeaderState
2019-06-12 14:50:57,348 INFO  storage.RaftLogWorker (RaftLogWorker.java:startLogSegment(298)) - 748cb110-c80f-49e7-8f1d-841c164c03d7-RaftLogWorker: Starting segment from index:0
2019-06-12 14:50:57,348 INFO  impl.RaftServerImpl (ServerState.java:setRaftConf(361)) - 748cb110-c80f-49e7-8f1d-841c164c03d7:group-85A372FC5105 set configuration 0: [748cb110-c80f-49e7-8f1d-841c164c03d7:192.168.46.18:39073], old=null at 0
2019-06-12 14:50:57,385 INFO  storage.RaftLogWorker (RaftLogWorker.java:execute(469)) - 748cb110-c80f-49e7-8f1d-841c164c03d7-RaftLogWorker: created new log segment /opt/src/hadoop-ozone/integration-test/target/test-dir/MiniOzoneClusterImpl-e88f50ad-c4a0-4eb5-a6fa-3ac03beecd11/datanode-3/data/ratis/8e1d12a1-89d1-4a6d-8657-85a372fc5105/current/log_inprogress_0
2019-06-12 14:50:57,457 INFO  impl.FollowerState (FollowerState.java:run(101)) - 19f51db3-88f0-4f09-be2f-ee234accd120:group-9C017DE988B7 changes to CANDIDATE, lastRpcTime:1046, electionTimeout:1046ms
2019-06-12 14:50:57,457 INFO  impl.RoleInfo (RoleInfo.java:shutdownFollowerState(121)) - 19f51db3-88f0-4f09-be2f-ee234accd120: shutdown FollowerState
2019-06-12 14:50:57,457 INFO  impl.RaftServerImpl (RaftServerImpl.java:setRole(164)) - 19f51db3-88f0-4f09-be2f-ee234accd120:group-9C017DE988B7 changes role from FOLLOWER to CANDIDATE at term 0 for changeToCandidate
2019-06-12 14:50:57,457 INFO  impl.RoleInfo (RoleInfo.java:updateAndGet(143)) - 19f51db3-88f0-4f09-be2f-ee234accd120: start LeaderElection
2019-06-12 14:50:57,464 INFO  impl.LeaderElection (LeaderElection.java:askForVotes(181)) - 19f51db3-88f0-4f09-be2f-ee234accd120:group-9C017DE988B7:LeaderElection24: begin an election at term 1 for -1: [19f51db3-88f0-4f09-be2f-ee234accd120:192.168.46.18:44923], old=null
2019-06-12 14:50:57,464 INFO  impl.RoleInfo (RoleInfo.java:shutdownLeaderElection(134)) - 19f51db3-88f0-4f09-be2f-ee234accd120: shutdown LeaderElection
2019-06-12 14:50:57,464 INFO  impl.RaftServerImpl (RaftServerImpl.java:setRole(164)) - 19f51db3-88f0-4f09-be2f-ee234accd120:group-9C017DE988B7 changes role from CANDIDATE to LEADER at term 1 for changeToLeader
2019-06-12 14:50:57,464 INFO  impl.RaftServerImpl (ServerState.java:setLeader(263)) - 19f51db3-88f0-4f09-be2f-ee234accd120:group-9C017DE988B7 change Leader from null to 19f51db3-88f0-4f09-be2f-ee234accd120 at term 1 for becomeLeader, leader elected after 1055ms
2019-06-12 14:50:57,464 INFO  server.RaftServerConfigKeys (ConfUtils.java:logGet(43)) - raft.server.staging.catchup.gap = 1000 (default)
2019-06-12 14:50:57,465 INFO  server.RaftServerConfigKeys (ConfUtils.java:logGet(43)) - raft.server.rpc.sleep.time = 25ms (default)
2019-06-12 14:50:57,465 INFO  server.RaftServerConfigKeys (ConfUtils.java:logGet(43)) - raft.server.watch.timeout = 10s (default)
2019-06-12 14:50:57,465 INFO  server.RaftServerConfigKeys (ConfUtils.java:logGet(43)) - raft.server.watch.timeout.denomination = 1s (default)
2019-06-12 14:50:57,465 INFO  impl.RoleInfo (RoleInfo.java:updateAndGet(143)) - 19f51db3-88f0-4f09-be2f-ee234accd120: start LeaderState
2019-06-12 14:50:57,465 INFO  storage.RaftLogWorker (RaftLogWorker.java:startLogSegment(298)) - 19f51db3-88f0-4f09-be2f-ee234accd120-RaftLogWorker: Starting segment from index:0
2019-06-12 14:50:57,465 INFO  impl.RaftServerImpl (ServerState.java:setRaftConf(361)) - 19f51db3-88f0-4f09-be2f-ee234accd120:group-9C017DE988B7 set configuration 0: [19f51db3-88f0-4f09-be2f-ee234accd120:192.168.46.18:44923], old=null at 0
2019-06-12 14:50:57,500 INFO  storage.RaftLogWorker (RaftLogWorker.java:execute(469)) - 19f51db3-88f0-4f09-be2f-ee234accd120-RaftLogWorker: created new log segment /opt/src/hadoop-ozone/integration-test/target/test-dir/MiniOzoneClusterImpl-e88f50ad-c4a0-4eb5-a6fa-3ac03beecd11/datanode-4/data/ratis/20301c82-4009-4e22-8be4-9c017de988b7/current/log_inprogress_0
2019-06-12 14:50:57,558 INFO  impl.FollowerState (FollowerState.java:run(101)) - 8be88cf0-652e-4224-9c93-1138f1884fd4:group-55C6F0F81851 changes to CANDIDATE, lastRpcTime:1011, electionTimeout:1011ms
2019-06-12 14:50:57,558 INFO  impl.RoleInfo (RoleInfo.java:shutdownFollowerState(121)) - 8be88cf0-652e-4224-9c93-1138f1884fd4: shutdown FollowerState
2019-06-12 14:50:57,558 INFO  impl.RaftServerImpl (RaftServerImpl.java:setRole(164)) - 8be88cf0-652e-4224-9c93-1138f1884fd4:group-55C6F0F81851 changes role from FOLLOWER to CANDIDATE at term 0 for changeToCandidate
2019-06-12 14:50:57,558 INFO  impl.RoleInfo (RoleInfo.java:updateAndGet(143)) - 8be88cf0-652e-4224-9c93-1138f1884fd4: start LeaderElection
2019-06-12 14:50:57,565 INFO  impl.LeaderElection (LeaderElection.java:askForVotes(181)) - 8be88cf0-652e-4224-9c93-1138f1884fd4:group-55C6F0F81851:LeaderElection25: begin an election at term 1 for -1: [8be88cf0-652e-4224-9c93-1138f1884fd4:192.168.46.18:45825], old=null
2019-06-12 14:50:57,565 INFO  impl.RoleInfo (RoleInfo.java:shutdownLeaderElection(134)) - 8be88cf0-652e-4224-9c93-1138f1884fd4: shutdown LeaderElection
2019-06-12 14:50:57,565 INFO  impl.RaftServerImpl (RaftServerImpl.java:setRole(164)) - 8be88cf0-652e-4224-9c93-1138f1884fd4:group-55C6F0F81851 changes role from CANDIDATE to LEADER at term 1 for changeToLeader
2019-06-12 14:50:57,565 INFO  impl.RaftServerImpl (ServerState.java:setLeader(263)) - 8be88cf0-652e-4224-9c93-1138f1884fd4:group-55C6F0F81851 change Leader from null to 8be88cf0-652e-4224-9c93-1138f1884fd4 at term 1 for becomeLeader, leader elected after 1020ms
2019-06-12 14:50:57,565 INFO  server.RaftServerConfigKeys (ConfUtils.java:logGet(43)) - raft.server.staging.catchup.gap = 1000 (default)
2019-06-12 14:50:57,565 INFO  server.RaftServerConfigKeys (ConfUtils.java:logGet(43)) - raft.server.rpc.sleep.time = 25ms (default)
2019-06-12 14:50:57,565 INFO  server.RaftServerConfigKeys (ConfUtils.java:logGet(43)) - raft.server.watch.timeout = 10s (default)
2019-06-12 14:50:57,565 INFO  server.RaftServerConfigKeys (ConfUtils.java:logGet(43)) - raft.server.watch.timeout.denomination = 1s (default)
2019-06-12 14:50:57,565 INFO  impl.RoleInfo (RoleInfo.java:updateAndGet(143)) - 8be88cf0-652e-4224-9c93-1138f1884fd4: start LeaderState
2019-06-12 14:50:57,566 INFO  storage.RaftLogWorker (RaftLogWorker.java:startLogSegment(298)) - 8be88cf0-652e-4224-9c93-1138f1884fd4-RaftLogWorker: Starting segment from index:0
2019-06-12 14:50:57,566 INFO  impl.RaftServerImpl (ServerState.java:setRaftConf(361)) - 8be88cf0-652e-4224-9c93-1138f1884fd4:group-55C6F0F81851 set configuration 0: [8be88cf0-652e-4224-9c93-1138f1884fd4:192.168.46.18:45825], old=null at 0
2019-06-12 14:50:57,600 INFO  storage.RaftLogWorker (RaftLogWorker.java:execute(469)) - 8be88cf0-652e-4224-9c93-1138f1884fd4-RaftLogWorker: created new log segment /opt/src/hadoop-ozone/integration-test/target/test-dir/MiniOzoneClusterImpl-e88f50ad-c4a0-4eb5-a6fa-3ac03beecd11/datanode-5/data/ratis/7d7a9d5e-5365-4792-9c2f-55c6f0f81851/current/log_inprogress_0
2019-06-12 14:50:57,622 INFO  impl.FollowerState (FollowerState.java:run(101)) - 748cb110-c80f-49e7-8f1d-841c164c03d7:group-4C1D1EBE986B changes to CANDIDATE, lastRpcTime:1059, electionTimeout:1059ms
2019-06-12 14:50:57,623 INFO  impl.RoleInfo (RoleInfo.java:shutdownFollowerState(121)) - 748cb110-c80f-49e7-8f1d-841c164c03d7: shutdown FollowerState
2019-06-12 14:50:57,623 INFO  impl.RaftServerImpl (RaftServerImpl.java:setRole(164)) - 748cb110-c80f-49e7-8f1d-841c164c03d7:group-4C1D1EBE986B changes role from FOLLOWER to CANDIDATE at term 0 for changeToCandidate
2019-06-12 14:50:57,623 INFO  impl.RoleInfo (RoleInfo.java:updateAndGet(143)) - 748cb110-c80f-49e7-8f1d-841c164c03d7: start LeaderElection
2019-06-12 14:50:57,629 INFO  impl.LeaderElection (LeaderElection.java:askForVotes(181)) - 748cb110-c80f-49e7-8f1d-841c164c03d7:group-4C1D1EBE986B:LeaderElection26: begin an election at term 1 for -1: [748cb110-c80f-49e7-8f1d-841c164c03d7:192.168.46.18:39073, 8be88cf0-652e-4224-9c93-1138f1884fd4:192.168.46.18:45825, 19f51db3-88f0-4f09-be2f-ee234accd120:192.168.46.18:44923], old=null
2019-06-12 14:50:57,634 INFO  impl.RaftServerImpl (RaftServerImpl.java:setRole(164)) - 8be88cf0-652e-4224-9c93-1138f1884fd4:group-4C1D1EBE986B changes role from FOLLOWER to FOLLOWER at term 1 for recognizeCandidate:748cb110-c80f-49e7-8f1d-841c164c03d7
2019-06-12 14:50:57,636 INFO  impl.RaftServerImpl (RaftServerImpl.java:setRole(164)) - 19f51db3-88f0-4f09-be2f-ee234accd120:group-4C1D1EBE986B changes role from FOLLOWER to FOLLOWER at term 1 for recognizeCandidate:748cb110-c80f-49e7-8f1d-841c164c03d7
2019-06-12 14:50:57,636 INFO  impl.RoleInfo (RoleInfo.java:shutdownFollowerState(121)) - 8be88cf0-652e-4224-9c93-1138f1884fd4: shutdown FollowerState
2019-06-12 14:50:57,636 INFO  impl.RoleInfo (RoleInfo.java:shutdownFollowerState(121)) - 19f51db3-88f0-4f09-be2f-ee234accd120: shutdown FollowerState
2019-06-12 14:50:57,636 INFO  impl.RoleInfo (RoleInfo.java:updateAndGet(143)) - 8be88cf0-652e-4224-9c93-1138f1884fd4: start FollowerState
2019-06-12 14:50:57,636 INFO  impl.FollowerState (FollowerState.java:run(109)) - 8be88cf0-652e-4224-9c93-1138f1884fd4: FollowerState was interrupted: java.lang.InterruptedException: sleep interrupted
2019-06-12 14:50:57,636 INFO  impl.FollowerState (FollowerState.java:run(109)) - 19f51db3-88f0-4f09-be2f-ee234accd120: FollowerState was interrupted: java.lang.InterruptedException: sleep interrupted
2019-06-12 14:50:57,636 INFO  impl.RoleInfo (RoleInfo.java:updateAndGet(143)) - 19f51db3-88f0-4f09-be2f-ee234accd120: start FollowerState
2019-06-12 14:50:57,643 INFO  impl.LeaderElection (LeaderElection.java:logAndReturn(56)) - 748cb110-c80f-49e7-8f1d-841c164c03d7:group-4C1D1EBE986B:LeaderElection26: Election PASSED; received 1 response(s) [748cb110-c80f-49e7-8f1d-841c164c03d7->8be88cf0-652e-4224-9c93-1138f1884fd4,true-t1] and 0 exception(s); 748cb110-c80f-49e7-8f1d-841c164c03d7:t1, leader=null, voted=748cb110-c80f-49e7-8f1d-841c164c03d7, raftlog=748cb110-c80f-49e7-8f1d-841c164c03d7-SegmentedRaftLog:OPENED:c-1,f-1,i0, conf=-1: [748cb110-c80f-49e7-8f1d-841c164c03d7:192.168.46.18:39073, 8be88cf0-652e-4224-9c93-1138f1884fd4:192.168.46.18:45825, 19f51db3-88f0-4f09-be2f-ee234accd120:192.168.46.18:44923], old=null
2019-06-12 14:50:57,643 INFO  impl.RoleInfo (RoleInfo.java:shutdownLeaderElection(134)) - 748cb110-c80f-49e7-8f1d-841c164c03d7: shutdown LeaderElection
2019-06-12 14:50:57,643 INFO  impl.RaftServerImpl (RaftServerImpl.java:setRole(164)) - 748cb110-c80f-49e7-8f1d-841c164c03d7:group-4C1D1EBE986B changes role from CANDIDATE to LEADER at term 1 for changeToLeader
2019-06-12 14:50:57,643 INFO  impl.RaftServerImpl (ServerState.java:setLeader(263)) - 748cb110-c80f-49e7-8f1d-841c164c03d7:group-4C1D1EBE986B change Leader from null to 748cb110-c80f-49e7-8f1d-841c164c03d7 at term 1 for becomeLeader, leader elected after 1082ms
2019-06-12 14:50:57,643 INFO  server.RaftServerConfigKeys (ConfUtils.java:logGet(43)) - raft.server.staging.catchup.gap = 1000 (default)
2019-06-12 14:50:57,643 INFO  server.RaftServerConfigKeys (ConfUtils.java:logGet(43)) - raft.server.rpc.sleep.time = 25ms (default)
2019-06-12 14:50:57,643 INFO  server.RaftServerConfigKeys (ConfUtils.java:logGet(43)) - raft.server.watch.timeout = 10s (default)
2019-06-12 14:50:57,643 INFO  server.RaftServerConfigKeys (ConfUtils.java:logGet(43)) - raft.server.watch.timeout.denomination = 1s (default)
2019-06-12 14:50:57,644 INFO  server.RaftServerConfigKeys (ConfUtils.java:logGet(43)) - raft.server.log.appender.snapshot.chunk.size.max = 16MB (=16777216) (default)
2019-06-12 14:50:57,644 INFO  server.RaftServerConfigKeys (ConfUtils.java:logGet(43)) - raft.server.log.appender.buffer.byte-limit = 33554432 (custom)
2019-06-12 14:50:57,644 INFO  server.RaftServerConfigKeys (ConfUtils.java:logGet(43)) - raft.server.log.appender.buffer.element-limit = 1 (custom)
2019-06-12 14:50:57,644 INFO  grpc.GrpcConfigKeys$Server (ConfUtils.java:logGet(43)) - raft.grpc.server.leader.outstanding.appends.max = 128 (default)
2019-06-12 14:50:57,644 INFO  server.RaftServerConfigKeys (ConfUtils.java:logGet(43)) - raft.server.rpc.request.timeout = 3000ms (default)
2019-06-12 14:50:57,644 INFO  server.RaftServerConfigKeys (ConfUtils.java:logGet(43)) - raft.server.log.appender.install.snapshot.enabled = true (default)
2019-06-12 14:50:57,644 INFO  server.RaftServerConfigKeys (ConfUtils.java:logGet(43)) - raft.server.log.appender.snapshot.chunk.size.max = 16MB (=16777216) (default)
2019-06-12 14:50:57,644 INFO  server.RaftServerConfigKeys (ConfUtils.java:logGet(43)) - raft.server.log.appender.buffer.byte-limit = 33554432 (custom)
2019-06-12 14:50:57,645 INFO  server.RaftServerConfigKeys (ConfUtils.java:logGet(43)) - raft.server.log.appender.buffer.element-limit = 1 (custom)
2019-06-12 14:50:57,645 INFO  grpc.GrpcConfigKeys$Server (ConfUtils.java:logGet(43)) - raft.grpc.server.leader.outstanding.appends.max = 128 (default)
2019-06-12 14:50:57,645 INFO  server.RaftServerConfigKeys (ConfUtils.java:logGet(43)) - raft.server.rpc.request.timeout = 3000ms (default)
2019-06-12 14:50:57,645 INFO  server.RaftServerConfigKeys (ConfUtils.java:logGet(43)) - raft.server.log.appender.install.snapshot.enabled = true (default)
2019-06-12 14:50:57,645 INFO  impl.RoleInfo (RoleInfo.java:updateAndGet(143)) - 748cb110-c80f-49e7-8f1d-841c164c03d7: start LeaderState
2019-06-12 14:50:57,645 INFO  storage.RaftLogWorker (RaftLogWorker.java:startLogSegment(298)) - 748cb110-c80f-49e7-8f1d-841c164c03d7-RaftLogWorker: Starting segment from index:0
2019-06-12 14:50:57,654 INFO  impl.RaftServerImpl (ServerState.java:setRaftConf(361)) - 748cb110-c80f-49e7-8f1d-841c164c03d7:group-4C1D1EBE986B set configuration 0: [748cb110-c80f-49e7-8f1d-841c164c03d7:192.168.46.18:39073, 8be88cf0-652e-4224-9c93-1138f1884fd4:192.168.46.18:45825, 19f51db3-88f0-4f09-be2f-ee234accd120:192.168.46.18:44923], old=null at 0
2019-06-12 14:50:57,655 INFO  impl.RaftServerImpl (ServerState.java:setLeader(263)) - 8be88cf0-652e-4224-9c93-1138f1884fd4:group-4C1D1EBE986B change Leader from null to 748cb110-c80f-49e7-8f1d-841c164c03d7 at term 1 for appendEntries, leader elected after 1092ms
2019-06-12 14:50:57,684 INFO  impl.RaftServerImpl (ServerState.java:setLeader(263)) - 19f51db3-88f0-4f09-be2f-ee234accd120:group-4C1D1EBE986B change Leader from null to 748cb110-c80f-49e7-8f1d-841c164c03d7 at term 1 for appendEntries, leader elected after 1122ms
2019-06-12 14:50:57,686 INFO  ozone.MiniOzoneClusterImpl (MiniOzoneClusterImpl.java:lambda$waitForClusterToBeReady$0(142)) - Cluster is ready. Got 7 of 7 DN Heartbeats.
2019-06-12 14:50:57,688 INFO  storage.RaftLogWorker (RaftLogWorker.java:execute(469)) - 748cb110-c80f-49e7-8f1d-841c164c03d7-RaftLogWorker: created new log segment /opt/src/hadoop-ozone/integration-test/target/test-dir/MiniOzoneClusterImpl-e88f50ad-c4a0-4eb5-a6fa-3ac03beecd11/datanode-3/data/ratis/a722dea7-2534-4fbb-8a48-4c1d1ebe986b/current/log_inprogress_0
2019-06-12 14:50:57,693 INFO  impl.RaftServerImpl (ServerState.java:setRaftConf(361)) - 19f51db3-88f0-4f09-be2f-ee234accd120:group-4C1D1EBE986B set configuration 0: [748cb110-c80f-49e7-8f1d-841c164c03d7:192.168.46.18:39073, 8be88cf0-652e-4224-9c93-1138f1884fd4:192.168.46.18:45825, 19f51db3-88f0-4f09-be2f-ee234accd120:192.168.46.18:44923], old=null at 0
2019-06-12 14:50:57,693 INFO  storage.RaftLogWorker (RaftLogWorker.java:startLogSegment(298)) - 19f51db3-88f0-4f09-be2f-ee234accd120-RaftLogWorker: Starting segment from index:0
2019-06-12 14:50:57,693 INFO  impl.RaftServerImpl (ServerState.java:setRaftConf(361)) - 8be88cf0-652e-4224-9c93-1138f1884fd4:group-4C1D1EBE986B set configuration 0: [748cb110-c80f-49e7-8f1d-841c164c03d7:192.168.46.18:39073, 8be88cf0-652e-4224-9c93-1138f1884fd4:192.168.46.18:45825, 19f51db3-88f0-4f09-be2f-ee234accd120:192.168.46.18:44923], old=null at 0
2019-06-12 14:50:57,694 INFO  storage.RaftLogWorker (RaftLogWorker.java:startLogSegment(298)) - 8be88cf0-652e-4224-9c93-1138f1884fd4-RaftLogWorker: Starting segment from index:0
2019-06-12 14:50:57,749 INFO  storage.RaftLogWorker (RaftLogWorker.java:execute(469)) - 8be88cf0-652e-4224-9c93-1138f1884fd4-RaftLogWorker: created new log segment /opt/src/hadoop-ozone/integration-test/target/test-dir/MiniOzoneClusterImpl-e88f50ad-c4a0-4eb5-a6fa-3ac03beecd11/datanode-5/data/ratis/a722dea7-2534-4fbb-8a48-4c1d1ebe986b/current/log_inprogress_0
2019-06-12 14:50:57,749 INFO  storage.RaftLogWorker (RaftLogWorker.java:execute(469)) - 19f51db3-88f0-4f09-be2f-ee234accd120-RaftLogWorker: created new log segment /opt/src/hadoop-ozone/integration-test/target/test-dir/MiniOzoneClusterImpl-e88f50ad-c4a0-4eb5-a6fa-3ac03beecd11/datanode-4/data/ratis/a722dea7-2534-4fbb-8a48-4c1d1ebe986b/current/log_inprogress_0
2019-06-12 14:50:57,756 INFO  rpc.RpcClient (RpcClient.java:createVolume(289)) - Creating Volume: watchforcommithandlingtest, with root as owner.
2019-06-12 14:50:57,765 INFO  rpc.RpcClient (RpcClient.java:createBucket(426)) - Creating Bucket: watchforcommithandlingtest/watchforcommithandlingtest, with Versioning false and Storage Type set to DISK and Encryption set to false 
2019-06-12 14:50:57,767 INFO  ozone.MiniOzoneClusterImpl (MiniOzoneClusterImpl.java:getStorageContainerLocationClient(241)) - Creating StorageContainerLocationProtocol RPC client with address /0.0.0.0:41815
2019-06-12 14:50:57,776 INFO  client.GrpcClientProtocolClient (GrpcClientProtocolClient.java:onNext(254)) - client-AAE5F46CDE4B->358c4b0e-0058-48bf-b42c-5762a97c1207: receive RaftClientReply:client-AAE5F46CDE4B->358c4b0e-0058-48bf-b42c-5762a97c1207@group-541D171EF391, cid=66, FAILED org.apache.ratis.protocol.NotLeaderException: Server 358c4b0e-0058-48bf-b42c-5762a97c1207 is not the leader (b29f5895-5d59-4d37-920e-c514776e34ac:192.168.46.18:33983). Request must be sent to leader., logIndex=0, commits[358c4b0e-0058-48bf-b42c-5762a97c1207:c0, 795797cb-0d5b-4b12-bcd9-6620fc6c1618:c-1, b29f5895-5d59-4d37-920e-c514776e34ac:c0]
2019-06-12 14:50:57,779 WARN  client.GrpcClientProtocolService (LogUtils.java:warn(134)) - 0-OrderedRequestStreamObserver0: onError: org.apache.ratis.thirdparty.io.grpc.StatusRuntimeException: CANCELLED: cancelled before receiving half close
2019-06-12 14:50:57,811 INFO  impl.FollowerState (FollowerState.java:run(101)) - 227650f5-a2db-42de-a75b-f2b4a2edcdd9:group-187614F88030 changes to CANDIDATE, lastRpcTime:1124, electionTimeout:1124ms
2019-06-12 14:50:57,812 INFO  impl.RoleInfo (RoleInfo.java:shutdownFollowerState(121)) - 227650f5-a2db-42de-a75b-f2b4a2edcdd9: shutdown FollowerState
2019-06-12 14:50:57,812 INFO  impl.RaftServerImpl (RaftServerImpl.java:setRole(164)) - 227650f5-a2db-42de-a75b-f2b4a2edcdd9:group-187614F88030 changes role from FOLLOWER to CANDIDATE at term 0 for changeToCandidate
2019-06-12 14:50:57,813 INFO  impl.RoleInfo (RoleInfo.java:updateAndGet(143)) - 227650f5-a2db-42de-a75b-f2b4a2edcdd9: start LeaderElection
2019-06-12 14:50:57,825 INFO  impl.LeaderElection (LeaderElection.java:askForVotes(181)) - 227650f5-a2db-42de-a75b-f2b4a2edcdd9:group-187614F88030:LeaderElection27: begin an election at term 1 for -1: [227650f5-a2db-42de-a75b-f2b4a2edcdd9:192.168.46.18:37209], old=null
2019-06-12 14:50:57,825 INFO  impl.RoleInfo (RoleInfo.java:shutdownLeaderElection(134)) - 227650f5-a2db-42de-a75b-f2b4a2edcdd9: shutdown LeaderElection
2019-06-12 14:50:57,825 INFO  impl.RaftServerImpl (RaftServerImpl.java:setRole(164)) - 227650f5-a2db-42de-a75b-f2b4a2edcdd9:group-187614F88030 changes role from CANDIDATE to LEADER at term 1 for changeToLeader
2019-06-12 14:50:57,825 INFO  impl.RaftServerImpl (ServerState.java:setLeader(263)) - 227650f5-a2db-42de-a75b-f2b4a2edcdd9:group-187614F88030 change Leader from null to 227650f5-a2db-42de-a75b-f2b4a2edcdd9 at term 1 for becomeLeader, leader elected after 1140ms
2019-06-12 14:50:57,825 INFO  server.RaftServerConfigKeys (ConfUtils.java:logGet(43)) - raft.server.staging.catchup.gap = 1000 (default)
2019-06-12 14:50:57,825 INFO  server.RaftServerConfigKeys (ConfUtils.java:logGet(43)) - raft.server.rpc.sleep.time = 25ms (default)
2019-06-12 14:50:57,825 INFO  server.RaftServerConfigKeys (ConfUtils.java:logGet(43)) - raft.server.watch.timeout = 10s (default)
2019-06-12 14:50:57,825 INFO  server.RaftServerConfigKeys (ConfUtils.java:logGet(43)) - raft.server.watch.timeout.denomination = 1s (default)
2019-06-12 14:50:57,825 INFO  impl.RoleInfo (RoleInfo.java:updateAndGet(143)) - 227650f5-a2db-42de-a75b-f2b4a2edcdd9: start LeaderState
2019-06-12 14:50:57,826 INFO  storage.RaftLogWorker (RaftLogWorker.java:startLogSegment(298)) - 227650f5-a2db-42de-a75b-f2b4a2edcdd9-RaftLogWorker: Starting segment from index:0
2019-06-12 14:50:57,826 INFO  impl.RaftServerImpl (ServerState.java:setRaftConf(361)) - 227650f5-a2db-42de-a75b-f2b4a2edcdd9:group-187614F88030 set configuration 0: [227650f5-a2db-42de-a75b-f2b4a2edcdd9:192.168.46.18:37209], old=null at 0
2019-06-12 14:50:57,860 INFO  storage.RaftLogWorker (RaftLogWorker.java:execute(469)) - 227650f5-a2db-42de-a75b-f2b4a2edcdd9-RaftLogWorker: created new log segment /opt/src/hadoop-ozone/integration-test/target/test-dir/MiniOzoneClusterImpl-e88f50ad-c4a0-4eb5-a6fa-3ac03beecd11/datanode-6/data/ratis/325bb30e-16d3-47f6-a839-187614f88030/current/log_inprogress_0
2019-06-12 14:50:58,786 INFO  client.GrpcClientProtocolClient (GrpcClientProtocolClient.java:onNext(254)) - client-AAE5F46CDE4B->795797cb-0d5b-4b12-bcd9-6620fc6c1618: receive RaftClientReply:client-AAE5F46CDE4B->795797cb-0d5b-4b12-bcd9-6620fc6c1618@group-541D171EF391, cid=66, FAILED org.apache.ratis.protocol.NotLeaderException: Server 795797cb-0d5b-4b12-bcd9-6620fc6c1618 is not the leader (b29f5895-5d59-4d37-920e-c514776e34ac:192.168.46.18:33983). Request must be sent to leader., logIndex=0, commits[795797cb-0d5b-4b12-bcd9-6620fc6c1618:c0, 358c4b0e-0058-48bf-b42c-5762a97c1207:c0, b29f5895-5d59-4d37-920e-c514776e34ac:c0]
2019-06-12 14:50:58,788 WARN  client.GrpcClientProtocolService (LogUtils.java:warn(134)) - 0-OrderedRequestStreamObserver0: onError: org.apache.ratis.thirdparty.io.grpc.StatusRuntimeException: CANCELLED: cancelled before receiving half close
2019-06-12 14:50:59,830 INFO  client.GrpcClientProtocolClient (GrpcClientProtocolClient.java:onNext(254)) - client-AAE5F46CDE4B->b29f5895-5d59-4d37-920e-c514776e34ac: receive RaftClientReply:client-AAE5F46CDE4B->b29f5895-5d59-4d37-920e-c514776e34ac@group-541D171EF391, cid=66, SUCCESS, logIndex=1, commits[b29f5895-5d59-4d37-920e-c514776e34ac:c2, 795797cb-0d5b-4b12-bcd9-6620fc6c1618:c1, 358c4b0e-0058-48bf-b42c-5762a97c1207:c1]
2019-06-12 14:50:59,831 INFO  datanode.ObjectStoreHandler (ObjectStoreHandler.java:close(155)) - Closing ObjectStoreHandler.
2019-06-12 14:50:59,833 INFO  ozone.HddsDatanodeService (HddsDatanodeService.java:stop(452)) - Stopped plug-in org.apache.hadoop.ozone.web.OzoneHddsDatanodeService@aa633e6
2019-06-12 14:50:59,833 INFO  statemachine.DatanodeStateMachine (DatanodeStateMachine.java:lambda$startDaemon$0(350)) - Ozone container server started.
2019-06-12 14:50:59,834 INFO  ozoneimpl.OzoneContainer (OzoneContainer.java:stop(199)) - Attempting to stop container services.
2019-06-12 14:50:59,834 INFO  impl.RaftServerProxy (RaftServerProxy.java:lambda$close$4(314)) - 358c4b0e-0058-48bf-b42c-5762a97c1207: close
2019-06-12 14:50:59,837 INFO  impl.RaftServerImpl (RaftServerImpl.java:lambda$shutdown$3(238)) - 358c4b0e-0058-48bf-b42c-5762a97c1207: shutdown group-F2C5D032C60E
2019-06-12 14:50:59,837 INFO  impl.RaftServerImpl (RaftServerImpl.java:lambda$shutdown$3(238)) - 358c4b0e-0058-48bf-b42c-5762a97c1207: shutdown group-541D171EF391
2019-06-12 14:50:59,838 INFO  util.JmxRegister (JmxRegister.java:unregister(73)) - Successfully un-registered JMX Bean with object name Ratis:service=RaftServer,group=group-F2C5D032C60E,id=358c4b0e-0058-48bf-b42c-5762a97c1207
2019-06-12 14:50:59,838 INFO  util.JmxRegister (JmxRegister.java:unregister(73)) - Successfully un-registered JMX Bean with object name Ratis:service=RaftServer,group=group-541D171EF391,id=358c4b0e-0058-48bf-b42c-5762a97c1207
2019-06-12 14:50:59,838 INFO  impl.RoleInfo (RoleInfo.java:shutdownLeaderState(104)) - 358c4b0e-0058-48bf-b42c-5762a97c1207: shutdown LeaderState
2019-06-12 14:50:59,838 INFO  impl.RoleInfo (RoleInfo.java:shutdownFollowerState(121)) - 358c4b0e-0058-48bf-b42c-5762a97c1207: shutdown FollowerState
2019-06-12 14:50:59,838 INFO  impl.PendingRequests (PendingRequests.java:sendNotLeaderResponses(140)) - 358c4b0e-0058-48bf-b42c-5762a97c1207-PendingRequests: sendNotLeaderResponses
2019-06-12 14:50:59,838 INFO  ratis.ContainerStateMachine (ContainerStateMachine.java:takeSnapshot(245)) - Taking snapshot at termIndex:(t:1, i:1)
2019-06-12 14:50:59,838 INFO  impl.FollowerState (FollowerState.java:run(109)) - 358c4b0e-0058-48bf-b42c-5762a97c1207: FollowerState was interrupted: java.lang.InterruptedException: sleep interrupted
2019-06-12 14:50:59,838 INFO  impl.StateMachineUpdater (StateMachineUpdater.java:stopAndJoin(109)) - StateMachineUpdater-358c4b0e-0058-48bf-b42c-5762a97c1207-group-541D171EF391: set stopIndex = 1
2019-06-12 14:50:59,841 INFO  ratis.ContainerStateMachine (ContainerStateMachine.java:takeSnapshot(245)) - Taking snapshot at termIndex:(t:0, i:~)
2019-06-12 14:50:59,841 INFO  impl.StateMachineUpdater (StateMachineUpdater.java:stopAndJoin(109)) - StateMachineUpdater-358c4b0e-0058-48bf-b42c-5762a97c1207-group-F2C5D032C60E: set stopIndex = 0
2019-06-12 14:50:59,840 INFO  ratis.ContainerStateMachine (ContainerStateMachine.java:takeSnapshot(249)) - Taking a snapshot to file /opt/src/hadoop-ozone/integration-test/target/test-dir/MiniOzoneClusterImpl-e88f50ad-c4a0-4eb5-a6fa-3ac03beecd11/datanode-0/data/ratis/deead87e-6f82-4d1e-8e81-541d171ef391/sm/snapshot.1_1
2019-06-12 14:50:59,841 INFO  impl.RaftServerImpl (ServerState.java:close(394)) - 358c4b0e-0058-48bf-b42c-5762a97c1207:group-F2C5D032C60E closes. The last applied log index is 0
2019-06-12 14:50:59,842 INFO  impl.RaftServerImpl (ServerState.java:close(394)) - 358c4b0e-0058-48bf-b42c-5762a97c1207:group-541D171EF391 closes. The last applied log index is 1
2019-06-12 14:50:59,842 INFO  storage.RaftLogWorker (RaftLogWorker.java:run(236)) - 358c4b0e-0058-48bf-b42c-5762a97c1207-RaftLogWorker was interrupted, exiting. There are 0 tasks remaining in the queue.
2019-06-12 14:50:59,842 INFO  storage.RaftLogWorker (RaftLogWorker.java:run(236)) - 358c4b0e-0058-48bf-b42c-5762a97c1207-RaftLogWorker was interrupted, exiting. There are 0 tasks remaining in the queue.
2019-06-12 14:50:59,843 INFO  storage.RaftLogWorker (RaftLogWorker.java:close(168)) - 358c4b0e-0058-48bf-b42c-5762a97c1207-RaftLogWorker close()
2019-06-12 14:50:59,843 INFO  storage.RaftLogWorker (RaftLogWorker.java:close(168)) - 358c4b0e-0058-48bf-b42c-5762a97c1207-RaftLogWorker close()
2019-06-12 14:50:59,846 INFO  server.GrpcService (GrpcService.java:closeImpl(154)) - 358c4b0e-0058-48bf-b42c-5762a97c1207: shutdown server with port 37445 now
2019-06-12 14:50:59,847 WARN  server.GrpcServerProtocolService (LogUtils.java:warn(134)) - 358c4b0e-0058-48bf-b42c-5762a97c1207: appendEntries onError: org.apache.ratis.thirdparty.io.grpc.StatusRuntimeException: CANCELLED: cancelled before receiving half close
2019-06-12 14:50:59,847 INFO  server.GrpcService (GrpcService.java:closeImpl(162)) - 358c4b0e-0058-48bf-b42c-5762a97c1207: shutdown server with port 37445 successfully
2019-06-12 14:50:59,847 WARN  server.GrpcLogAppender (LogUtils.java:warn(134)) - b29f5895-5d59-4d37-920e-c514776e34ac: Failed appendEntries to 358c4b0e-0058-48bf-b42c-5762a97c1207:192.168.46.18:37445: org.apache.ratis.thirdparty.io.grpc.StatusRuntimeException: CANCELLED: HTTP/2 error code: CANCEL
Received Rst Stream
2019-06-12 14:50:59,848 INFO  impl.FollowerInfo (FollowerInfo.java:lambda$new$0(50)) - b29f5895-5d59-4d37-920e-c514776e34ac->358c4b0e-0058-48bf-b42c-5762a97c1207: nextIndex: updateUnconditionally 3 -> 0
2019-06-12 14:50:59,849 WARN  fs.CachingGetSpaceUsed (CachingGetSpaceUsed.java:run(183)) - Thread Interrupted waiting to refresh disk information: sleep interrupted
2019-06-12 14:50:59,861 INFO  statemachine.DatanodeStateMachine (DatanodeStateMachine.java:stopDaemon(395)) - Ozone container server stopped.
2019-06-12 14:50:59,861 INFO  handler.ContextHandler (ContextHandler.java:doStop(910)) - Stopped o.e.j.w.WebAppContext@ca60688{/,null,UNAVAILABLE}{/hddsDatanode}
2019-06-12 14:50:59,862 INFO  server.AbstractConnector (AbstractConnector.java:doStop(318)) - Stopped ServerConnector@4ba1c1a2{HTTP/1.1,[http/1.1]}{0.0.0.0:0}
2019-06-12 14:50:59,862 INFO  handler.ContextHandler (ContextHandler.java:doStop(910)) - Stopped o.e.j.s.ServletContextHandler@5b74902c{/static,jar:file:/root/.m2/repository/org/apache/hadoop/hadoop-hdds-container-service/0.5.0-SNAPSHOT/hadoop-hdds-container-service-0.5.0-SNAPSHOT.jar!/webapps/static,UNAVAILABLE}
2019-06-12 14:50:59,862 INFO  handler.ContextHandler (ContextHandler.java:doStop(910)) - Stopped o.e.j.s.ServletContextHandler@572b4072{/logs,file:///opt/src/hadoop-ozone/integration-test/target/log,UNAVAILABLE}
2019-06-12 14:50:59,863 INFO  datanode.ObjectStoreHandler (ObjectStoreHandler.java:close(155)) - Closing ObjectStoreHandler.
2019-06-12 14:50:59,865 INFO  ozone.HddsDatanodeService (HddsDatanodeService.java:stop(452)) - Stopped plug-in org.apache.hadoop.ozone.web.OzoneHddsDatanodeService@7cd3860
2019-06-12 14:50:59,865 INFO  statemachine.DatanodeStateMachine (DatanodeStateMachine.java:lambda$startDaemon$0(350)) - Ozone container server started.
2019-06-12 14:50:59,865 INFO  ozoneimpl.OzoneContainer (OzoneContainer.java:stop(199)) - Attempting to stop container services.
2019-06-12 14:50:59,865 INFO  impl.RaftServerProxy (RaftServerProxy.java:lambda$close$4(314)) - 795797cb-0d5b-4b12-bcd9-6620fc6c1618: close
2019-06-12 14:50:59,865 INFO  impl.RaftServerImpl (RaftServerImpl.java:lambda$shutdown$3(238)) - 795797cb-0d5b-4b12-bcd9-6620fc6c1618: shutdown group-541D171EF391
2019-06-12 14:50:59,866 INFO  util.JmxRegister (JmxRegister.java:unregister(73)) - Successfully un-registered JMX Bean with object name Ratis:service=RaftServer,group=group-541D171EF391,id=795797cb-0d5b-4b12-bcd9-6620fc6c1618
2019-06-12 14:50:59,866 INFO  impl.RoleInfo (RoleInfo.java:shutdownFollowerState(121)) - 795797cb-0d5b-4b12-bcd9-6620fc6c1618: shutdown FollowerState
2019-06-12 14:50:59,866 INFO  impl.StateMachineUpdater (StateMachineUpdater.java:stopAndJoin(109)) - StateMachineUpdater-795797cb-0d5b-4b12-bcd9-6620fc6c1618-group-541D171EF391: set stopIndex = 1
2019-06-12 14:50:59,866 INFO  impl.FollowerState (FollowerState.java:run(109)) - 795797cb-0d5b-4b12-bcd9-6620fc6c1618: FollowerState was interrupted: java.lang.InterruptedException: sleep interrupted
2019-06-12 14:50:59,866 INFO  ratis.ContainerStateMachine (ContainerStateMachine.java:takeSnapshot(245)) - Taking snapshot at termIndex:(t:1, i:1)
2019-06-12 14:50:59,867 INFO  ratis.ContainerStateMachine (ContainerStateMachine.java:takeSnapshot(249)) - Taking a snapshot to file /opt/src/hadoop-ozone/integration-test/target/test-dir/MiniOzoneClusterImpl-e88f50ad-c4a0-4eb5-a6fa-3ac03beecd11/datanode-1/data/ratis/deead87e-6f82-4d1e-8e81-541d171ef391/sm/snapshot.1_1
2019-06-12 14:50:59,867 INFO  impl.RaftServerImpl (ServerState.java:close(394)) - 795797cb-0d5b-4b12-bcd9-6620fc6c1618:group-541D171EF391 closes. The last applied log index is 1
2019-06-12 14:50:59,868 INFO  storage.RaftLogWorker (RaftLogWorker.java:run(236)) - 795797cb-0d5b-4b12-bcd9-6620fc6c1618-RaftLogWorker was interrupted, exiting. There are 0 tasks remaining in the queue.
2019-06-12 14:50:59,869 INFO  storage.RaftLogWorker (RaftLogWorker.java:close(168)) - 795797cb-0d5b-4b12-bcd9-6620fc6c1618-RaftLogWorker close()
2019-06-12 14:50:59,870 INFO  impl.RaftServerImpl (RaftServerImpl.java:lambda$shutdown$3(238)) - 795797cb-0d5b-4b12-bcd9-6620fc6c1618: shutdown group-F17148C6383B
2019-06-12 14:50:59,870 INFO  util.JmxRegister (JmxRegister.java:unregister(73)) - Successfully un-registered JMX Bean with object name Ratis:service=RaftServer,group=group-F17148C6383B,id=795797cb-0d5b-4b12-bcd9-6620fc6c1618
2019-06-12 14:50:59,871 INFO  impl.RoleInfo (RoleInfo.java:shutdownLeaderState(104)) - 795797cb-0d5b-4b12-bcd9-6620fc6c1618: shutdown LeaderState
2019-06-12 14:50:59,871 INFO  impl.PendingRequests (PendingRequests.java:sendNotLeaderResponses(140)) - 795797cb-0d5b-4b12-bcd9-6620fc6c1618-PendingRequests: sendNotLeaderResponses
2019-06-12 14:50:59,873 INFO  impl.StateMachineUpdater (StateMachineUpdater.java:stopAndJoin(109)) - StateMachineUpdater-795797cb-0d5b-4b12-bcd9-6620fc6c1618-group-F17148C6383B: set stopIndex = 0
2019-06-12 14:50:59,873 INFO  ratis.ContainerStateMachine (ContainerStateMachine.java:takeSnapshot(245)) - Taking snapshot at termIndex:(t:0, i:~)
2019-06-12 14:50:59,873 INFO  impl.RaftServerImpl (ServerState.java:close(394)) - 795797cb-0d5b-4b12-bcd9-6620fc6c1618:group-F17148C6383B closes. The last applied log index is 0
2019-06-12 14:50:59,873 INFO  storage.RaftLogWorker (RaftLogWorker.java:run(236)) - 795797cb-0d5b-4b12-bcd9-6620fc6c1618-RaftLogWorker was interrupted, exiting. There are 0 tasks remaining in the queue.
2019-06-12 14:50:59,875 INFO  storage.RaftLogWorker (RaftLogWorker.java:close(168)) - 795797cb-0d5b-4b12-bcd9-6620fc6c1618-RaftLogWorker close()
2019-06-12 14:50:59,876 INFO  server.GrpcService (GrpcService.java:closeImpl(154)) - 795797cb-0d5b-4b12-bcd9-6620fc6c1618: shutdown server with port 34283 now
2019-06-12 14:50:59,876 INFO  server.GrpcService (GrpcService.java:closeImpl(162)) - 795797cb-0d5b-4b12-bcd9-6620fc6c1618: shutdown server with port 34283 successfully
2019-06-12 14:50:59,876 WARN  server.GrpcServerProtocolService (LogUtils.java:warn(134)) - 795797cb-0d5b-4b12-bcd9-6620fc6c1618: appendEntries onError: org.apache.ratis.thirdparty.io.grpc.StatusRuntimeException: CANCELLED: cancelled before receiving half close
2019-06-12 14:50:59,876 WARN  server.GrpcLogAppender (LogUtils.java:warn(134)) - b29f5895-5d59-4d37-920e-c514776e34ac: Failed appendEntries to 795797cb-0d5b-4b12-bcd9-6620fc6c1618:192.168.46.18:34283: org.apache.ratis.thirdparty.io.grpc.StatusRuntimeException: CANCELLED: HTTP/2 error code: CANCEL
Received Rst Stream
2019-06-12 14:50:59,877 INFO  impl.FollowerInfo (FollowerInfo.java:lambda$new$0(50)) - b29f5895-5d59-4d37-920e-c514776e34ac->795797cb-0d5b-4b12-bcd9-6620fc6c1618: nextIndex: updateUnconditionally 3 -> 0
2019-06-12 14:50:59,878 WARN  fs.CachingGetSpaceUsed (CachingGetSpaceUsed.java:run(183)) - Thread Interrupted waiting to refresh disk information: sleep interrupted
2019-06-12 14:50:59,888 INFO  statemachine.DatanodeStateMachine (DatanodeStateMachine.java:stopDaemon(395)) - Ozone container server stopped.
2019-06-12 14:50:59,888 INFO  handler.ContextHandler (ContextHandler.java:doStop(910)) - Stopped o.e.j.w.WebAppContext@5906ebfb{/,null,UNAVAILABLE}{/hddsDatanode}
2019-06-12 14:50:59,889 INFO  server.AbstractConnector (AbstractConnector.java:doStop(318)) - Stopped ServerConnector@10fc1a22{HTTP/1.1,[http/1.1]}{0.0.0.0:0}
2019-06-12 14:50:59,889 INFO  handler.ContextHandler (ContextHandler.java:doStop(910)) - Stopped o.e.j.s.ServletContextHandler@665ed71a{/static,jar:file:/root/.m2/repository/org/apache/hadoop/hadoop-hdds-container-service/0.5.0-SNAPSHOT/hadoop-hdds-container-service-0.5.0-SNAPSHOT.jar!/webapps/static,UNAVAILABLE}
2019-06-12 14:50:59,889 INFO  handler.ContextHandler (ContextHandler.java:doStop(910)) - Stopped o.e.j.s.ServletContextHandler@3991fe6d{/logs,file:///opt/src/hadoop-ozone/integration-test/target/log,UNAVAILABLE}
2019-06-12 14:51:00,296 WARN  server.GrpcLogAppender (LogUtils.java:warn(134)) - b29f5895-5d59-4d37-920e-c514776e34ac: Failed appendEntries to 358c4b0e-0058-48bf-b42c-5762a97c1207:192.168.46.18:37445: org.apache.ratis.thirdparty.io.grpc.StatusRuntimeException: UNAVAILABLE: io exception
2019-06-12 14:51:00,296 INFO  impl.FollowerInfo (FollowerInfo.java:lambda$new$0(50)) - b29f5895-5d59-4d37-920e-c514776e34ac->358c4b0e-0058-48bf-b42c-5762a97c1207: nextIndex: updateUnconditionally 0 -> 0
2019-06-12 14:51:00,297 WARN  server.GrpcLogAppender (LogUtils.java:warn(134)) - b29f5895-5d59-4d37-920e-c514776e34ac: Failed appendEntries to 795797cb-0d5b-4b12-bcd9-6620fc6c1618:192.168.46.18:34283: org.apache.ratis.thirdparty.io.grpc.StatusRuntimeException: UNAVAILABLE: io exception
2019-06-12 14:51:00,297 INFO  impl.FollowerInfo (FollowerInfo.java:lambda$new$0(50)) - b29f5895-5d59-4d37-920e-c514776e34ac->795797cb-0d5b-4b12-bcd9-6620fc6c1618: nextIndex: updateUnconditionally 0 -> 0
2019-06-12 14:51:00,796 WARN  server.GrpcLogAppender (LogUtils.java:warn(134)) - b29f5895-5d59-4d37-920e-c514776e34ac: Failed appendEntries to 358c4b0e-0058-48bf-b42c-5762a97c1207:192.168.46.18:37445: org.apache.ratis.thirdparty.io.grpc.StatusRuntimeException: UNAVAILABLE: io exception
2019-06-12 14:51:00,796 INFO  impl.FollowerInfo (FollowerInfo.java:lambda$new$0(50)) - b29f5895-5d59-4d37-920e-c514776e34ac->358c4b0e-0058-48bf-b42c-5762a97c1207: nextIndex: updateUnconditionally 0 -> 0
2019-06-12 14:51:00,797 WARN  server.GrpcLogAppender (LogUtils.java:warn(134)) - b29f5895-5d59-4d37-920e-c514776e34ac: Failed appendEntries to 795797cb-0d5b-4b12-bcd9-6620fc6c1618:192.168.46.18:34283: org.apache.ratis.thirdparty.io.grpc.StatusRuntimeException: UNAVAILABLE: io exception
2019-06-12 14:51:00,798 INFO  impl.FollowerInfo (FollowerInfo.java:lambda$new$0(50)) - b29f5895-5d59-4d37-920e-c514776e34ac->795797cb-0d5b-4b12-bcd9-6620fc6c1618: nextIndex: updateUnconditionally 0 -> 0
2019-06-12 14:51:01,297 WARN  server.GrpcLogAppender (LogUtils.java:warn(134)) - b29f5895-5d59-4d37-920e-c514776e34ac: Failed appendEntries to 358c4b0e-0058-48bf-b42c-5762a97c1207:192.168.46.18:37445: org.apache.ratis.thirdparty.io.grpc.StatusRuntimeException: UNAVAILABLE: io exception
2019-06-12 14:51:01,297 INFO  impl.FollowerInfo (FollowerInfo.java:lambda$new$0(50)) - b29f5895-5d59-4d37-920e-c514776e34ac->358c4b0e-0058-48bf-b42c-5762a97c1207: nextIndex: updateUnconditionally 0 -> 0
2019-06-12 14:51:01,298 WARN  server.GrpcLogAppender (LogUtils.java:warn(134)) - b29f5895-5d59-4d37-920e-c514776e34ac: Failed appendEntries to 795797cb-0d5b-4b12-bcd9-6620fc6c1618:192.168.46.18:34283: org.apache.ratis.thirdparty.io.grpc.StatusRuntimeException: UNAVAILABLE: io exception
2019-06-12 14:51:01,298 INFO  impl.FollowerInfo (FollowerInfo.java:lambda$new$0(50)) - b29f5895-5d59-4d37-920e-c514776e34ac->795797cb-0d5b-4b12-bcd9-6620fc6c1618: nextIndex: updateUnconditionally 0 -> 0
2019-06-12 14:51:01,797 WARN  server.GrpcLogAppender (LogUtils.java:warn(134)) - b29f5895-5d59-4d37-920e-c514776e34ac: Failed appendEntries to 358c4b0e-0058-48bf-b42c-5762a97c1207:192.168.46.18:37445: org.apache.ratis.thirdparty.io.grpc.StatusRuntimeException: UNAVAILABLE: io exception
2019-06-12 14:51:01,798 INFO  impl.FollowerInfo (FollowerInfo.java:lambda$new$0(50)) - b29f5895-5d59-4d37-920e-c514776e34ac->358c4b0e-0058-48bf-b42c-5762a97c1207: nextIndex: updateUnconditionally 0 -> 0
2019-06-12 14:51:01,798 WARN  server.GrpcLogAppender (LogUtils.java:warn(134)) - b29f5895-5d59-4d37-920e-c514776e34ac: Failed appendEntries to 795797cb-0d5b-4b12-bcd9-6620fc6c1618:192.168.46.18:34283: org.apache.ratis.thirdparty.io.grpc.StatusRuntimeException: UNAVAILABLE: io exception
2019-06-12 14:51:01,798 INFO  impl.FollowerInfo (FollowerInfo.java:lambda$new$0(50)) - b29f5895-5d59-4d37-920e-c514776e34ac->795797cb-0d5b-4b12-bcd9-6620fc6c1618: nextIndex: updateUnconditionally 0 -> 0
2019-06-12 14:51:02,298 WARN  server.GrpcLogAppender (LogUtils.java:warn(134)) - b29f5895-5d59-4d37-920e-c514776e34ac: Failed appendEntries to 358c4b0e-0058-48bf-b42c-5762a97c1207:192.168.46.18:37445: org.apache.ratis.thirdparty.io.grpc.StatusRuntimeException: UNAVAILABLE: io exception
2019-06-12 14:51:02,298 INFO  impl.FollowerInfo (FollowerInfo.java:lambda$new$0(50)) - b29f5895-5d59-4d37-920e-c514776e34ac->358c4b0e-0058-48bf-b42c-5762a97c1207: nextIndex: updateUnconditionally 0 -> 0
2019-06-12 14:51:02,298 WARN  server.GrpcLogAppender (LogUtils.java:warn(134)) - b29f5895-5d59-4d37-920e-c514776e34ac: Failed appendEntries to 795797cb-0d5b-4b12-bcd9-6620fc6c1618:192.168.46.18:34283: org.apache.ratis.thirdparty.io.grpc.StatusRuntimeException: UNAVAILABLE: io exception
2019-06-12 14:51:02,299 INFO  impl.FollowerInfo (FollowerInfo.java:lambda$new$0(50)) - b29f5895-5d59-4d37-920e-c514776e34ac->795797cb-0d5b-4b12-bcd9-6620fc6c1618: nextIndex: updateUnconditionally 0 -> 0
2019-06-12 14:51:02,798 WARN  server.GrpcLogAppender (LogUtils.java:warn(134)) - b29f5895-5d59-4d37-920e-c514776e34ac: Failed appendEntries to 358c4b0e-0058-48bf-b42c-5762a97c1207:192.168.46.18:37445: org.apache.ratis.thirdparty.io.grpc.StatusRuntimeException: UNAVAILABLE: io exception
2019-06-12 14:51:02,798 INFO  impl.FollowerInfo (FollowerInfo.java:lambda$new$0(50)) - b29f5895-5d59-4d37-920e-c514776e34ac->358c4b0e-0058-48bf-b42c-5762a97c1207: nextIndex: updateUnconditionally 0 -> 0
2019-06-12 14:51:02,799 WARN  server.GrpcLogAppender (LogUtils.java:warn(134)) - b29f5895-5d59-4d37-920e-c514776e34ac: Failed appendEntries to 795797cb-0d5b-4b12-bcd9-6620fc6c1618:192.168.46.18:34283: org.apache.ratis.thirdparty.io.grpc.StatusRuntimeException: UNAVAILABLE: io exception
2019-06-12 14:51:02,799 INFO  impl.FollowerInfo (FollowerInfo.java:lambda$new$0(50)) - b29f5895-5d59-4d37-920e-c514776e34ac->795797cb-0d5b-4b12-bcd9-6620fc6c1618: nextIndex: updateUnconditionally 0 -> 0
2019-06-12 14:51:03,298 WARN  server.GrpcLogAppender (LogUtils.java:warn(134)) - b29f5895-5d59-4d37-920e-c514776e34ac: Failed appendEntries to 358c4b0e-0058-48bf-b42c-5762a97c1207:192.168.46.18:37445: org.apache.ratis.thirdparty.io.grpc.StatusRuntimeException: UNAVAILABLE: io exception
2019-06-12 14:51:03,299 INFO  impl.FollowerInfo (FollowerInfo.java:lambda$new$0(50)) - b29f5895-5d59-4d37-920e-c514776e34ac->358c4b0e-0058-48bf-b42c-5762a97c1207: nextIndex: updateUnconditionally 0 -> 0
2019-06-12 14:51:03,299 WARN  server.GrpcLogAppender (LogUtils.java:warn(134)) - b29f5895-5d59-4d37-920e-c514776e34ac: Failed appendEntries to 795797cb-0d5b-4b12-bcd9-6620fc6c1618:192.168.46.18:34283: org.apache.ratis.thirdparty.io.grpc.StatusRuntimeException: UNAVAILABLE: io exception
2019-06-12 14:51:03,299 INFO  impl.FollowerInfo (FollowerInfo.java:lambda$new$0(50)) - b29f5895-5d59-4d37-920e-c514776e34ac->795797cb-0d5b-4b12-bcd9-6620fc6c1618: nextIndex: updateUnconditionally 0 -> 0
2019-06-12 14:51:03,799 WARN  server.GrpcLogAppender (LogUtils.java:warn(134)) - b29f5895-5d59-4d37-920e-c514776e34ac: Failed appendEntries to 358c4b0e-0058-48bf-b42c-5762a97c1207:192.168.46.18:37445: org.apache.ratis.thirdparty.io.grpc.StatusRuntimeException: UNAVAILABLE: io exception
2019-06-12 14:51:03,799 INFO  impl.FollowerInfo (FollowerInfo.java:lambda$new$0(50)) - b29f5895-5d59-4d37-920e-c514776e34ac->358c4b0e-0058-48bf-b42c-5762a97c1207: nextIndex: updateUnconditionally 0 -> 0
2019-06-12 14:51:03,799 WARN  server.GrpcLogAppender (LogUtils.java:warn(134)) - b29f5895-5d59-4d37-920e-c514776e34ac: Failed appendEntries to 795797cb-0d5b-4b12-bcd9-6620fc6c1618:192.168.46.18:34283: org.apache.ratis.thirdparty.io.grpc.StatusRuntimeException: UNAVAILABLE: io exception
2019-06-12 14:51:03,799 INFO  impl.FollowerInfo (FollowerInfo.java:lambda$new$0(50)) - b29f5895-5d59-4d37-920e-c514776e34ac->795797cb-0d5b-4b12-bcd9-6620fc6c1618: nextIndex: updateUnconditionally 0 -> 0
2019-06-12 14:51:04,299 WARN  server.GrpcLogAppender (LogUtils.java:warn(134)) - b29f5895-5d59-4d37-920e-c514776e34ac: Failed appendEntries to 358c4b0e-0058-48bf-b42c-5762a97c1207:192.168.46.18:37445: org.apache.ratis.thirdparty.io.grpc.StatusRuntimeException: UNAVAILABLE: io exception
2019-06-12 14:51:04,300 INFO  impl.FollowerInfo (FollowerInfo.java:lambda$new$0(50)) - b29f5895-5d59-4d37-920e-c514776e34ac->358c4b0e-0058-48bf-b42c-5762a97c1207: nextIndex: updateUnconditionally 0 -> 0
2019-06-12 14:51:04,300 WARN  server.GrpcLogAppender (LogUtils.java:warn(134)) - b29f5895-5d59-4d37-920e-c514776e34ac: Failed appendEntries to 795797cb-0d5b-4b12-bcd9-6620fc6c1618:192.168.46.18:34283: org.apache.ratis.thirdparty.io.grpc.StatusRuntimeException: UNAVAILABLE: io exception
2019-06-12 14:51:04,300 INFO  impl.FollowerInfo (FollowerInfo.java:lambda$new$0(50)) - b29f5895-5d59-4d37-920e-c514776e34ac->795797cb-0d5b-4b12-bcd9-6620fc6c1618: nextIndex: updateUnconditionally 0 -> 0
2019-06-12 14:51:04,800 WARN  server.GrpcLogAppender (LogUtils.java:warn(134)) - b29f5895-5d59-4d37-920e-c514776e34ac: Failed appendEntries to 358c4b0e-0058-48bf-b42c-5762a97c1207:192.168.46.18:37445: org.apache.ratis.thirdparty.io.grpc.StatusRuntimeException: UNAVAILABLE: io exception
2019-06-12 14:51:04,800 INFO  impl.FollowerInfo (FollowerInfo.java:lambda$new$0(50)) - b29f5895-5d59-4d37-920e-c514776e34ac->358c4b0e-0058-48bf-b42c-5762a97c1207: nextIndex: updateUnconditionally 0 -> 0
2019-06-12 14:51:04,800 WARN  server.GrpcLogAppender (LogUtils.java:warn(134)) - b29f5895-5d59-4d37-920e-c514776e34ac: Failed appendEntries to 795797cb-0d5b-4b12-bcd9-6620fc6c1618:192.168.46.18:34283: org.apache.ratis.thirdparty.io.grpc.StatusRuntimeException: UNAVAILABLE: io exception
2019-06-12 14:51:04,801 INFO  impl.FollowerInfo (FollowerInfo.java:lambda$new$0(50)) - b29f5895-5d59-4d37-920e-c514776e34ac->795797cb-0d5b-4b12-bcd9-6620fc6c1618: nextIndex: updateUnconditionally 0 -> 0
2019-06-12 14:51:05,300 WARN  server.GrpcLogAppender (LogUtils.java:warn(134)) - b29f5895-5d59-4d37-920e-c514776e34ac: Failed appendEntries to 358c4b0e-0058-48bf-b42c-5762a97c1207:192.168.46.18:37445: org.apache.ratis.thirdparty.io.grpc.StatusRuntimeException: UNAVAILABLE: io exception
2019-06-12 14:51:05,301 INFO  impl.FollowerInfo (FollowerInfo.java:lambda$new$0(50)) - b29f5895-5d59-4d37-920e-c514776e34ac->358c4b0e-0058-48bf-b42c-5762a97c1207: nextIndex: updateUnconditionally 0 -> 0
2019-06-12 14:51:05,301 WARN  server.GrpcLogAppender (LogUtils.java:warn(134)) - b29f5895-5d59-4d37-920e-c514776e34ac: Failed appendEntries to 795797cb-0d5b-4b12-bcd9-6620fc6c1618:192.168.46.18:34283: org.apache.ratis.thirdparty.io.grpc.StatusRuntimeException: UNAVAILABLE: io exception
2019-06-12 14:51:05,301 INFO  impl.FollowerInfo (FollowerInfo.java:lambda$new$0(50)) - b29f5895-5d59-4d37-920e-c514776e34ac->795797cb-0d5b-4b12-bcd9-6620fc6c1618: nextIndex: updateUnconditionally 0 -> 0
2019-06-12 14:51:05,801 WARN  server.GrpcLogAppender (LogUtils.java:warn(134)) - b29f5895-5d59-4d37-920e-c514776e34ac: Failed appendEntries to 358c4b0e-0058-48bf-b42c-5762a97c1207:192.168.46.18:37445: org.apache.ratis.thirdparty.io.grpc.StatusRuntimeException: UNAVAILABLE: io exception
2019-06-12 14:51:05,801 INFO  impl.FollowerInfo (FollowerInfo.java:lambda$new$0(50)) - b29f5895-5d59-4d37-920e-c514776e34ac->358c4b0e-0058-48bf-b42c-5762a97c1207: nextIndex: updateUnconditionally 0 -> 0
2019-06-12 14:51:05,801 WARN  server.GrpcLogAppender (LogUtils.java:warn(134)) - b29f5895-5d59-4d37-920e-c514776e34ac: Failed appendEntries to 795797cb-0d5b-4b12-bcd9-6620fc6c1618:192.168.46.18:34283: org.apache.ratis.thirdparty.io.grpc.StatusRuntimeException: UNAVAILABLE: io exception
2019-06-12 14:51:05,802 INFO  impl.FollowerInfo (FollowerInfo.java:lambda$new$0(50)) - b29f5895-5d59-4d37-920e-c514776e34ac->795797cb-0d5b-4b12-bcd9-6620fc6c1618: nextIndex: updateUnconditionally 0 -> 0
2019-06-12 14:51:06,301 WARN  server.GrpcLogAppender (LogUtils.java:warn(134)) - b29f5895-5d59-4d37-920e-c514776e34ac: Failed appendEntries to 358c4b0e-0058-48bf-b42c-5762a97c1207:192.168.46.18:37445: org.apache.ratis.thirdparty.io.grpc.StatusRuntimeException: UNAVAILABLE: io exception
2019-06-12 14:51:06,302 INFO  impl.FollowerInfo (FollowerInfo.java:lambda$new$0(50)) - b29f5895-5d59-4d37-920e-c514776e34ac->358c4b0e-0058-48bf-b42c-5762a97c1207: nextIndex: updateUnconditionally 0 -> 0
2019-06-12 14:51:06,302 WARN  server.GrpcLogAppender (LogUtils.java:warn(134)) - b29f5895-5d59-4d37-920e-c514776e34ac: Failed appendEntries to 795797cb-0d5b-4b12-bcd9-6620fc6c1618:192.168.46.18:34283: org.apache.ratis.thirdparty.io.grpc.StatusRuntimeException: UNAVAILABLE: io exception
2019-06-12 14:51:06,302 INFO  impl.FollowerInfo (FollowerInfo.java:lambda$new$0(50)) - b29f5895-5d59-4d37-920e-c514776e34ac->795797cb-0d5b-4b12-bcd9-6620fc6c1618: nextIndex: updateUnconditionally 0 -> 0
2019-06-12 14:51:06,802 WARN  server.GrpcLogAppender (LogUtils.java:warn(134)) - b29f5895-5d59-4d37-920e-c514776e34ac: Failed appendEntries to 358c4b0e-0058-48bf-b42c-5762a97c1207:192.168.46.18:37445: org.apache.ratis.thirdparty.io.grpc.StatusRuntimeException: UNAVAILABLE: io exception
2019-06-12 14:51:06,802 WARN  server.GrpcLogAppender (LogUtils.java:warn(134)) - b29f5895-5d59-4d37-920e-c514776e34ac: Failed appendEntries to 795797cb-0d5b-4b12-bcd9-6620fc6c1618:192.168.46.18:34283: org.apache.ratis.thirdparty.io.grpc.StatusRuntimeException: UNAVAILABLE: io exception
2019-06-12 14:51:06,802 INFO  impl.FollowerInfo (FollowerInfo.java:lambda$new$0(50)) - b29f5895-5d59-4d37-920e-c514776e34ac->358c4b0e-0058-48bf-b42c-5762a97c1207: nextIndex: updateUnconditionally 0 -> 0
2019-06-12 14:51:06,802 INFO  impl.FollowerInfo (FollowerInfo.java:lambda$new$0(50)) - b29f5895-5d59-4d37-920e-c514776e34ac->795797cb-0d5b-4b12-bcd9-6620fc6c1618: nextIndex: updateUnconditionally 0 -> 0
2019-06-12 14:51:07,302 WARN  server.GrpcLogAppender (LogUtils.java:warn(134)) - b29f5895-5d59-4d37-920e-c514776e34ac: Failed appendEntries to 795797cb-0d5b-4b12-bcd9-6620fc6c1618:192.168.46.18:34283: org.apache.ratis.thirdparty.io.grpc.StatusRuntimeException: UNAVAILABLE: io exception
2019-06-12 14:51:07,302 WARN  server.GrpcLogAppender (LogUtils.java:warn(134)) - b29f5895-5d59-4d37-920e-c514776e34ac: Failed appendEntries to 358c4b0e-0058-48bf-b42c-5762a97c1207:192.168.46.18:37445: org.apache.ratis.thirdparty.io.grpc.StatusRuntimeException: UNAVAILABLE: io exception
2019-06-12 14:51:07,302 INFO  impl.FollowerInfo (FollowerInfo.java:lambda$new$0(50)) - b29f5895-5d59-4d37-920e-c514776e34ac->795797cb-0d5b-4b12-bcd9-6620fc6c1618: nextIndex: updateUnconditionally 0 -> 0
2019-06-12 14:51:07,303 INFO  impl.FollowerInfo (FollowerInfo.java:lambda$new$0(50)) - b29f5895-5d59-4d37-920e-c514776e34ac->358c4b0e-0058-48bf-b42c-5762a97c1207: nextIndex: updateUnconditionally 0 -> 0
2019-06-12 14:51:07,803 WARN  server.GrpcLogAppender (LogUtils.java:warn(134)) - b29f5895-5d59-4d37-920e-c514776e34ac: Failed appendEntries to 358c4b0e-0058-48bf-b42c-5762a97c1207:192.168.46.18:37445: org.apache.ratis.thirdparty.io.grpc.StatusRuntimeException: UNAVAILABLE: io exception
2019-06-12 14:51:07,803 WARN  server.GrpcLogAppender (LogUtils.java:warn(134)) - b29f5895-5d59-4d37-920e-c514776e34ac: Failed appendEntries to 795797cb-0d5b-4b12-bcd9-6620fc6c1618:192.168.46.18:34283: org.apache.ratis.thirdparty.io.grpc.StatusRuntimeException: UNAVAILABLE: io exception
2019-06-12 14:51:07,803 INFO  impl.FollowerInfo (FollowerInfo.java:lambda$new$0(50)) - b29f5895-5d59-4d37-920e-c514776e34ac->358c4b0e-0058-48bf-b42c-5762a97c1207: nextIndex: updateUnconditionally 0 -> 0
2019-06-12 14:51:07,803 INFO  impl.FollowerInfo (FollowerInfo.java:lambda$new$0(50)) - b29f5895-5d59-4d37-920e-c514776e34ac->795797cb-0d5b-4b12-bcd9-6620fc6c1618: nextIndex: updateUnconditionally 0 -> 0
2019-06-12 14:51:08,303 WARN  server.GrpcLogAppender (LogUtils.java:warn(134)) - b29f5895-5d59-4d37-920e-c514776e34ac: Failed appendEntries to 358c4b0e-0058-48bf-b42c-5762a97c1207:192.168.46.18:37445: org.apache.ratis.thirdparty.io.grpc.StatusRuntimeException: UNAVAILABLE: io exception
2019-06-12 14:51:08,304 INFO  impl.FollowerInfo (FollowerInfo.java:lambda$new$0(50)) - b29f5895-5d59-4d37-920e-c514776e34ac->358c4b0e-0058-48bf-b42c-5762a97c1207: nextIndex: updateUnconditionally 0 -> 0
2019-06-12 14:51:08,304 WARN  server.GrpcLogAppender (LogUtils.java:warn(134)) - b29f5895-5d59-4d37-920e-c514776e34ac: Failed appendEntries to 795797cb-0d5b-4b12-bcd9-6620fc6c1618:192.168.46.18:34283: org.apache.ratis.thirdparty.io.grpc.StatusRuntimeException: UNAVAILABLE: io exception
2019-06-12 14:51:08,304 INFO  impl.FollowerInfo (FollowerInfo.java:lambda$new$0(50)) - b29f5895-5d59-4d37-920e-c514776e34ac->795797cb-0d5b-4b12-bcd9-6620fc6c1618: nextIndex: updateUnconditionally 0 -> 0
2019-06-12 14:51:08,803 WARN  server.GrpcLogAppender (LogUtils.java:warn(134)) - b29f5895-5d59-4d37-920e-c514776e34ac: Failed appendEntries to 795797cb-0d5b-4b12-bcd9-6620fc6c1618:192.168.46.18:34283: org.apache.ratis.thirdparty.io.grpc.StatusRuntimeException: UNAVAILABLE: io exception
2019-06-12 14:51:08,804 INFO  impl.FollowerInfo (FollowerInfo.java:lambda$new$0(50)) - b29f5895-5d59-4d37-920e-c514776e34ac->795797cb-0d5b-4b12-bcd9-6620fc6c1618: nextIndex: updateUnconditionally 0 -> 0
2019-06-12 14:51:08,804 WARN  server.GrpcLogAppender (LogUtils.java:warn(134)) - b29f5895-5d59-4d37-920e-c514776e34ac: Failed appendEntries to 358c4b0e-0058-48bf-b42c-5762a97c1207:192.168.46.18:37445: org.apache.ratis.thirdparty.io.grpc.StatusRuntimeException: UNAVAILABLE: io exception
2019-06-12 14:51:08,804 INFO  impl.FollowerInfo (FollowerInfo.java:lambda$new$0(50)) - b29f5895-5d59-4d37-920e-c514776e34ac->358c4b0e-0058-48bf-b42c-5762a97c1207: nextIndex: updateUnconditionally 0 -> 0
2019-06-12 14:51:09,304 WARN  server.GrpcLogAppender (LogUtils.java:warn(134)) - b29f5895-5d59-4d37-920e-c514776e34ac: Failed appendEntries to 795797cb-0d5b-4b12-bcd9-6620fc6c1618:192.168.46.18:34283: org.apache.ratis.thirdparty.io.grpc.StatusRuntimeException: UNAVAILABLE: io exception
2019-06-12 14:51:09,304 WARN  server.GrpcLogAppender (LogUtils.java:warn(134)) - b29f5895-5d59-4d37-920e-c514776e34ac: Failed appendEntries to 358c4b0e-0058-48bf-b42c-5762a97c1207:192.168.46.18:37445: org.apache.ratis.thirdparty.io.grpc.StatusRuntimeException: UNAVAILABLE: io exception
2019-06-12 14:51:09,304 INFO  impl.FollowerInfo (FollowerInfo.java:lambda$new$0(50)) - b29f5895-5d59-4d37-920e-c514776e34ac->795797cb-0d5b-4b12-bcd9-6620fc6c1618: nextIndex: updateUnconditionally 0 -> 0
2019-06-12 14:51:09,304 INFO  impl.FollowerInfo (FollowerInfo.java:lambda$new$0(50)) - b29f5895-5d59-4d37-920e-c514776e34ac->358c4b0e-0058-48bf-b42c-5762a97c1207: nextIndex: updateUnconditionally 0 -> 0
2019-06-12 14:51:09,804 WARN  server.GrpcLogAppender (LogUtils.java:warn(134)) - b29f5895-5d59-4d37-920e-c514776e34ac: Failed appendEntries to 795797cb-0d5b-4b12-bcd9-6620fc6c1618:192.168.46.18:34283: org.apache.ratis.thirdparty.io.grpc.StatusRuntimeException: UNAVAILABLE: io exception
2019-06-12 14:51:09,805 WARN  server.GrpcLogAppender (LogUtils.java:warn(134)) - b29f5895-5d59-4d37-920e-c514776e34ac: Failed appendEntries to 358c4b0e-0058-48bf-b42c-5762a97c1207:192.168.46.18:37445: org.apache.ratis.thirdparty.io.grpc.StatusRuntimeException: UNAVAILABLE: io exception
2019-06-12 14:51:09,805 INFO  impl.FollowerInfo (FollowerInfo.java:lambda$new$0(50)) - b29f5895-5d59-4d37-920e-c514776e34ac->795797cb-0d5b-4b12-bcd9-6620fc6c1618: nextIndex: updateUnconditionally 0 -> 0
2019-06-12 14:51:09,805 INFO  impl.FollowerInfo (FollowerInfo.java:lambda$new$0(50)) - b29f5895-5d59-4d37-920e-c514776e34ac->358c4b0e-0058-48bf-b42c-5762a97c1207: nextIndex: updateUnconditionally 0 -> 0
2019-06-12 14:51:10,305 WARN  server.GrpcLogAppender (LogUtils.java:warn(134)) - b29f5895-5d59-4d37-920e-c514776e34ac: Failed appendEntries to 795797cb-0d5b-4b12-bcd9-6620fc6c1618:192.168.46.18:34283: org.apache.ratis.thirdparty.io.grpc.StatusRuntimeException: UNAVAILABLE: io exception
2019-06-12 14:51:10,305 INFO  impl.FollowerInfo (FollowerInfo.java:lambda$new$0(50)) - b29f5895-5d59-4d37-920e-c514776e34ac->795797cb-0d5b-4b12-bcd9-6620fc6c1618: nextIndex: updateUnconditionally 0 -> 0
2019-06-12 14:51:10,305 WARN  server.GrpcLogAppender (LogUtils.java:warn(134)) - b29f5895-5d59-4d37-920e-c514776e34ac: Failed appendEntries to 358c4b0e-0058-48bf-b42c-5762a97c1207:192.168.46.18:37445: org.apache.ratis.thirdparty.io.grpc.StatusRuntimeException: UNAVAILABLE: io exception
2019-06-12 14:51:10,306 INFO  impl.FollowerInfo (FollowerInfo.java:lambda$new$0(50)) - b29f5895-5d59-4d37-920e-c514776e34ac->358c4b0e-0058-48bf-b42c-5762a97c1207: nextIndex: updateUnconditionally 0 -> 0
2019-06-12 14:51:10,675 INFO  client.GrpcClientProtocolService (GrpcClientProtocolService.java:lambda$processClientRequest$0(264)) - Failed RaftClientRequest:client-AAE5F46CDE4B->b29f5895-5d59-4d37-920e-c514776e34ac@group-541D171EF391, cid=67, seq=0, Watch-ALL_COMMITTED(2), Message:<EMPTY>, reply=RaftClientReply:client-AAE5F46CDE4B->b29f5895-5d59-4d37-920e-c514776e34ac@group-541D171EF391, cid=67, FAILED org.apache.ratis.protocol.NotReplicatedException: Request with call Id 67 and log index 2 is not yet replicated to ALL_COMMITTED, logIndex=2, commits[b29f5895-5d59-4d37-920e-c514776e34ac:c2, 795797cb-0d5b-4b12-bcd9-6620fc6c1618:c1, 358c4b0e-0058-48bf-b42c-5762a97c1207:c1]
2019-06-12 14:51:10,805 WARN  server.GrpcLogAppender (LogUtils.java:warn(134)) - b29f5895-5d59-4d37-920e-c514776e34ac: Failed appendEntries to 795797cb-0d5b-4b12-bcd9-6620fc6c1618:192.168.46.18:34283: org.apache.ratis.thirdparty.io.grpc.StatusRuntimeException: UNAVAILABLE: io exception
2019-06-12 14:51:10,805 WARN  server.GrpcLogAppender (LogUtils.java:warn(134)) - b29f5895-5d59-4d37-920e-c514776e34ac: Failed appendEntries to 358c4b0e-0058-48bf-b42c-5762a97c1207:192.168.46.18:37445: org.apache.ratis.thirdparty.io.grpc.StatusRuntimeException: UNAVAILABLE: io exception
2019-06-12 14:51:10,808 INFO  impl.FollowerInfo (FollowerInfo.java:lambda$new$0(50)) - b29f5895-5d59-4d37-920e-c514776e34ac->795797cb-0d5b-4b12-bcd9-6620fc6c1618: nextIndex: updateUnconditionally 0 -> 0
2019-06-12 14:51:10,808 INFO  impl.FollowerInfo (FollowerInfo.java:lambda$new$0(50)) - b29f5895-5d59-4d37-920e-c514776e34ac->358c4b0e-0058-48bf-b42c-5762a97c1207: nextIndex: updateUnconditionally 0 -> 0
2019-06-12 14:51:11,306 WARN  server.GrpcLogAppender (LogUtils.java:warn(134)) - b29f5895-5d59-4d37-920e-c514776e34ac: Failed appendEntries to 358c4b0e-0058-48bf-b42c-5762a97c1207:192.168.46.18:37445: org.apache.ratis.thirdparty.io.grpc.StatusRuntimeException: UNAVAILABLE: io exception
2019-06-12 14:51:11,306 WARN  server.GrpcLogAppender (LogUtils.java:warn(134)) - b29f5895-5d59-4d37-920e-c514776e34ac: Failed appendEntries to 795797cb-0d5b-4b12-bcd9-6620fc6c1618:192.168.46.18:34283: org.apache.ratis.thirdparty.io.grpc.StatusRuntimeException: UNAVAILABLE: io exception
2019-06-12 14:51:11,306 INFO  impl.FollowerInfo (FollowerInfo.java:lambda$new$0(50)) - b29f5895-5d59-4d37-920e-c514776e34ac->358c4b0e-0058-48bf-b42c-5762a97c1207: nextIndex: updateUnconditionally 0 -> 0
2019-06-12 14:51:11,306 INFO  impl.FollowerInfo (FollowerInfo.java:lambda$new$0(50)) - b29f5895-5d59-4d37-920e-c514776e34ac->795797cb-0d5b-4b12-bcd9-6620fc6c1618: nextIndex: updateUnconditionally 0 -> 0
2019-06-12 14:51:11,806 WARN  server.GrpcLogAppender (LogUtils.java:warn(134)) - b29f5895-5d59-4d37-920e-c514776e34ac: Failed appendEntries to 795797cb-0d5b-4b12-bcd9-6620fc6c1618:192.168.46.18:34283: org.apache.ratis.thirdparty.io.grpc.StatusRuntimeException: UNAVAILABLE: io exception
2019-06-12 14:51:11,807 WARN  server.GrpcLogAppender (LogUtils.java:warn(134)) - b29f5895-5d59-4d37-920e-c514776e34ac: Failed appendEntries to 358c4b0e-0058-48bf-b42c-5762a97c1207:192.168.46.18:37445: org.apache.ratis.thirdparty.io.grpc.StatusRuntimeException: UNAVAILABLE: io exception
2019-06-12 14:51:11,807 INFO  impl.FollowerInfo (FollowerInfo.java:lambda$new$0(50)) - b29f5895-5d59-4d37-920e-c514776e34ac->795797cb-0d5b-4b12-bcd9-6620fc6c1618: nextIndex: updateUnconditionally 0 -> 0
2019-06-12 14:51:11,807 INFO  impl.FollowerInfo (FollowerInfo.java:lambda$new$0(50)) - b29f5895-5d59-4d37-920e-c514776e34ac->358c4b0e-0058-48bf-b42c-5762a97c1207: nextIndex: updateUnconditionally 0 -> 0
2019-06-12 14:51:12,307 WARN  server.GrpcLogAppender (LogUtils.java:warn(134)) - b29f5895-5d59-4d37-920e-c514776e34ac: Failed appendEntries to 358c4b0e-0058-48bf-b42c-5762a97c1207:192.168.46.18:37445: org.apache.ratis.thirdparty.io.grpc.StatusRuntimeException: UNAVAILABLE: io exception
2019-06-12 14:51:12,307 WARN  server.GrpcLogAppender (LogUtils.java:warn(134)) - b29f5895-5d59-4d37-920e-c514776e34ac: Failed appendEntries to 795797cb-0d5b-4b12-bcd9-6620fc6c1618:192.168.46.18:34283: org.apache.ratis.thirdparty.io.grpc.StatusRuntimeException: UNAVAILABLE: io exception
2019-06-12 14:51:12,308 INFO  impl.FollowerInfo (FollowerInfo.java:lambda$new$0(50)) - b29f5895-5d59-4d37-920e-c514776e34ac->358c4b0e-0058-48bf-b42c-5762a97c1207: nextIndex: updateUnconditionally 0 -> 0
2019-06-12 14:51:12,308 INFO  impl.FollowerInfo (FollowerInfo.java:lambda$new$0(50)) - b29f5895-5d59-4d37-920e-c514776e34ac->795797cb-0d5b-4b12-bcd9-6620fc6c1618: nextIndex: updateUnconditionally 0 -> 0
2019-06-12 14:51:12,807 WARN  server.GrpcLogAppender (LogUtils.java:warn(134)) - b29f5895-5d59-4d37-920e-c514776e34ac: Failed appendEntries to 795797cb-0d5b-4b12-bcd9-6620fc6c1618:192.168.46.18:34283: org.apache.ratis.thirdparty.io.grpc.StatusRuntimeException: UNAVAILABLE: io exception
2019-06-12 14:51:12,808 WARN  server.GrpcLogAppender (LogUtils.java:warn(134)) - b29f5895-5d59-4d37-920e-c514776e34ac: Failed appendEntries to 358c4b0e-0058-48bf-b42c-5762a97c1207:192.168.46.18:37445: org.apache.ratis.thirdparty.io.grpc.StatusRuntimeException: UNAVAILABLE: io exception
2019-06-12 14:51:12,808 INFO  impl.FollowerInfo (FollowerInfo.java:lambda$new$0(50)) - b29f5895-5d59-4d37-920e-c514776e34ac->795797cb-0d5b-4b12-bcd9-6620fc6c1618: nextIndex: updateUnconditionally 0 -> 0
2019-06-12 14:51:12,808 INFO  impl.FollowerInfo (FollowerInfo.java:lambda$new$0(50)) - b29f5895-5d59-4d37-920e-c514776e34ac->358c4b0e-0058-48bf-b42c-5762a97c1207: nextIndex: updateUnconditionally 0 -> 0
2019-06-12 14:51:13,308 WARN  server.GrpcLogAppender (LogUtils.java:warn(134)) - b29f5895-5d59-4d37-920e-c514776e34ac: Failed appendEntries to 795797cb-0d5b-4b12-bcd9-6620fc6c1618:192.168.46.18:34283: org.apache.ratis.thirdparty.io.grpc.StatusRuntimeException: UNAVAILABLE: io exception
2019-06-12 14:51:13,308 WARN  server.GrpcLogAppender (LogUtils.java:warn(134)) - b29f5895-5d59-4d37-920e-c514776e34ac: Failed appendEntries to 358c4b0e-0058-48bf-b42c-5762a97c1207:192.168.46.18:37445: org.apache.ratis.thirdparty.io.grpc.StatusRuntimeException: UNAVAILABLE: io exception
2019-06-12 14:51:13,308 INFO  impl.FollowerInfo (FollowerInfo.java:lambda$new$0(50)) - b29f5895-5d59-4d37-920e-c514776e34ac->795797cb-0d5b-4b12-bcd9-6620fc6c1618: nextIndex: updateUnconditionally 0 -> 0
2019-06-12 14:51:13,308 INFO  impl.FollowerInfo (FollowerInfo.java:lambda$new$0(50)) - b29f5895-5d59-4d37-920e-c514776e34ac->358c4b0e-0058-48bf-b42c-5762a97c1207: nextIndex: updateUnconditionally 0 -> 0
2019-06-12 14:51:13,808 WARN  server.GrpcLogAppender (LogUtils.java:warn(134)) - b29f5895-5d59-4d37-920e-c514776e34ac: Failed appendEntries to 795797cb-0d5b-4b12-bcd9-6620fc6c1618:192.168.46.18:34283: org.apache.ratis.thirdparty.io.grpc.StatusRuntimeException: UNAVAILABLE: io exception
2019-06-12 14:51:13,809 INFO  impl.FollowerInfo (FollowerInfo.java:lambda$new$0(50)) - b29f5895-5d59-4d37-920e-c514776e34ac->795797cb-0d5b-4b12-bcd9-6620fc6c1618: nextIndex: updateUnconditionally 0 -> 0
2019-06-12 14:51:13,809 WARN  server.GrpcLogAppender (LogUtils.java:warn(134)) - b29f5895-5d59-4d37-920e-c514776e34ac: Failed appendEntries to 358c4b0e-0058-48bf-b42c-5762a97c1207:192.168.46.18:37445: org.apache.ratis.thirdparty.io.grpc.StatusRuntimeException: UNAVAILABLE: io exception
2019-06-12 14:51:13,809 INFO  impl.FollowerInfo (FollowerInfo.java:lambda$new$0(50)) - b29f5895-5d59-4d37-920e-c514776e34ac->358c4b0e-0058-48bf-b42c-5762a97c1207: nextIndex: updateUnconditionally 0 -> 0
2019-06-12 14:51:14,309 WARN  server.GrpcLogAppender (LogUtils.java:warn(134)) - b29f5895-5d59-4d37-920e-c514776e34ac: Failed appendEntries to 795797cb-0d5b-4b12-bcd9-6620fc6c1618:192.168.46.18:34283: org.apache.ratis.thirdparty.io.grpc.StatusRuntimeException: UNAVAILABLE: io exception
2019-06-12 14:51:14,309 WARN  server.GrpcLogAppender (LogUtils.java:warn(134)) - b29f5895-5d59-4d37-920e-c514776e34ac: Failed appendEntries to 358c4b0e-0058-48bf-b42c-5762a97c1207:192.168.46.18:37445: org.apache.ratis.thirdparty.io.grpc.StatusRuntimeException: UNAVAILABLE: io exception
2019-06-12 14:51:14,309 INFO  impl.FollowerInfo (FollowerInfo.java:lambda$new$0(50)) - b29f5895-5d59-4d37-920e-c514776e34ac->358c4b0e-0058-48bf-b42c-5762a97c1207: nextIndex: updateUnconditionally 0 -> 0
2019-06-12 14:51:14,309 INFO  impl.FollowerInfo (FollowerInfo.java:lambda$new$0(50)) - b29f5895-5d59-4d37-920e-c514776e34ac->795797cb-0d5b-4b12-bcd9-6620fc6c1618: nextIndex: updateUnconditionally 0 -> 0
2019-06-12 14:51:14,858 WARN  server.GrpcLogAppender (LogUtils.java:warn(134)) - b29f5895-5d59-4d37-920e-c514776e34ac: Failed appendEntries to 358c4b0e-0058-48bf-b42c-5762a97c1207:192.168.46.18:37445: org.apache.ratis.thirdparty.io.grpc.StatusRuntimeException: UNAVAILABLE: io exception
2019-06-12 14:51:14,859 INFO  impl.FollowerInfo (FollowerInfo.java:lambda$new$0(50)) - b29f5895-5d59-4d37-920e-c514776e34ac->358c4b0e-0058-48bf-b42c-5762a97c1207: nextIndex: updateUnconditionally 0 -> 0
2019-06-12 14:51:14,859 WARN  server.GrpcLogAppender (LogUtils.java:warn(134)) - b29f5895-5d59-4d37-920e-c514776e34ac: Failed appendEntries to 795797cb-0d5b-4b12-bcd9-6620fc6c1618:192.168.46.18:34283: org.apache.ratis.thirdparty.io.grpc.StatusRuntimeException: UNAVAILABLE: io exception
2019-06-12 14:51:14,859 INFO  impl.FollowerInfo (FollowerInfo.java:lambda$new$0(50)) - b29f5895-5d59-4d37-920e-c514776e34ac->795797cb-0d5b-4b12-bcd9-6620fc6c1618: nextIndex: updateUnconditionally 0 -> 0
2019-06-12 14:51:15,359 WARN  server.GrpcLogAppender (LogUtils.java:warn(134)) - b29f5895-5d59-4d37-920e-c514776e34ac: Failed appendEntries to 795797cb-0d5b-4b12-bcd9-6620fc6c1618:192.168.46.18:34283: org.apache.ratis.thirdparty.io.grpc.StatusRuntimeException: UNAVAILABLE: io exception
2019-06-12 14:51:15,359 WARN  server.GrpcLogAppender (LogUtils.java:warn(134)) - b29f5895-5d59-4d37-920e-c514776e34ac: Failed appendEntries to 358c4b0e-0058-48bf-b42c-5762a97c1207:192.168.46.18:37445: org.apache.ratis.thirdparty.io.grpc.StatusRuntimeException: UNAVAILABLE: io exception
2019-06-12 14:51:15,359 INFO  impl.FollowerInfo (FollowerInfo.java:lambda$new$0(50)) - b29f5895-5d59-4d37-920e-c514776e34ac->795797cb-0d5b-4b12-bcd9-6620fc6c1618: nextIndex: updateUnconditionally 0 -> 0
2019-06-12 14:51:15,359 INFO  impl.FollowerInfo (FollowerInfo.java:lambda$new$0(50)) - b29f5895-5d59-4d37-920e-c514776e34ac->358c4b0e-0058-48bf-b42c-5762a97c1207: nextIndex: updateUnconditionally 0 -> 0
2019-06-12 14:51:15,859 WARN  server.GrpcLogAppender (LogUtils.java:warn(134)) - b29f5895-5d59-4d37-920e-c514776e34ac: Failed appendEntries to 358c4b0e-0058-48bf-b42c-5762a97c1207:192.168.46.18:37445: org.apache.ratis.thirdparty.io.grpc.StatusRuntimeException: UNAVAILABLE: io exception
2019-06-12 14:51:15,859 WARN  server.GrpcLogAppender (LogUtils.java:warn(134)) - b29f5895-5d59-4d37-920e-c514776e34ac: Failed appendEntries to 795797cb-0d5b-4b12-bcd9-6620fc6c1618:192.168.46.18:34283: org.apache.ratis.thirdparty.io.grpc.StatusRuntimeException: UNAVAILABLE: io exception
2019-06-12 14:51:15,860 INFO  impl.FollowerInfo (FollowerInfo.java:lambda$new$0(50)) - b29f5895-5d59-4d37-920e-c514776e34ac->358c4b0e-0058-48bf-b42c-5762a97c1207: nextIndex: updateUnconditionally 0 -> 0
2019-06-12 14:51:15,860 INFO  impl.FollowerInfo (FollowerInfo.java:lambda$new$0(50)) - b29f5895-5d59-4d37-920e-c514776e34ac->795797cb-0d5b-4b12-bcd9-6620fc6c1618: nextIndex: updateUnconditionally 0 -> 0
2019-06-12 14:51:16,360 WARN  server.GrpcLogAppender (LogUtils.java:warn(134)) - b29f5895-5d59-4d37-920e-c514776e34ac: Failed appendEntries to 795797cb-0d5b-4b12-bcd9-6620fc6c1618:192.168.46.18:34283: org.apache.ratis.thirdparty.io.grpc.StatusRuntimeException: UNAVAILABLE: io exception
2019-06-12 14:51:16,360 WARN  server.GrpcLogAppender (LogUtils.java:warn(134)) - b29f5895-5d59-4d37-920e-c514776e34ac: Failed appendEntries to 358c4b0e-0058-48bf-b42c-5762a97c1207:192.168.46.18:37445: org.apache.ratis.thirdparty.io.grpc.StatusRuntimeException: UNAVAILABLE: io exception
2019-06-12 14:51:16,360 INFO  impl.FollowerInfo (FollowerInfo.java:lambda$new$0(50)) - b29f5895-5d59-4d37-920e-c514776e34ac->795797cb-0d5b-4b12-bcd9-6620fc6c1618: nextIndex: updateUnconditionally 0 -> 0
2019-06-12 14:51:16,360 INFO  impl.FollowerInfo (FollowerInfo.java:lambda$new$0(50)) - b29f5895-5d59-4d37-920e-c514776e34ac->358c4b0e-0058-48bf-b42c-5762a97c1207: nextIndex: updateUnconditionally 0 -> 0
2019-06-12 14:51:16,860 WARN  server.GrpcLogAppender (LogUtils.java:warn(134)) - b29f5895-5d59-4d37-920e-c514776e34ac: Failed appendEntries to 795797cb-0d5b-4b12-bcd9-6620fc6c1618:192.168.46.18:34283: org.apache.ratis.thirdparty.io.grpc.StatusRuntimeException: UNAVAILABLE: io exception
2019-06-12 14:51:16,860 INFO  impl.FollowerInfo (FollowerInfo.java:lambda$new$0(50)) - b29f5895-5d59-4d37-920e-c514776e34ac->795797cb-0d5b-4b12-bcd9-6620fc6c1618: nextIndex: updateUnconditionally 0 -> 0
2019-06-12 14:51:16,861 WARN  server.GrpcLogAppender (LogUtils.java:warn(134)) - b29f5895-5d59-4d37-920e-c514776e34ac: Failed appendEntries to 358c4b0e-0058-48bf-b42c-5762a97c1207:192.168.46.18:37445: org.apache.ratis.thirdparty.io.grpc.StatusRuntimeException: UNAVAILABLE: io exception
2019-06-12 14:51:16,861 INFO  impl.FollowerInfo (FollowerInfo.java:lambda$new$0(50)) - b29f5895-5d59-4d37-920e-c514776e34ac->358c4b0e-0058-48bf-b42c-5762a97c1207: nextIndex: updateUnconditionally 0 -> 0
2019-06-12 14:51:17,361 WARN  server.GrpcLogAppender (LogUtils.java:warn(134)) - b29f5895-5d59-4d37-920e-c514776e34ac: Failed appendEntries to 358c4b0e-0058-48bf-b42c-5762a97c1207:192.168.46.18:37445: org.apache.ratis.thirdparty.io.grpc.StatusRuntimeException: UNAVAILABLE: io exception
2019-06-12 14:51:17,361 WARN  server.GrpcLogAppender (LogUtils.java:warn(134)) - b29f5895-5d59-4d37-920e-c514776e34ac: Failed appendEntries to 795797cb-0d5b-4b12-bcd9-6620fc6c1618:192.168.46.18:34283: org.apache.ratis.thirdparty.io.grpc.StatusRuntimeException: UNAVAILABLE: io exception
2019-06-12 14:51:17,361 INFO  impl.FollowerInfo (FollowerInfo.java:lambda$new$0(50)) - b29f5895-5d59-4d37-920e-c514776e34ac->358c4b0e-0058-48bf-b42c-5762a97c1207: nextIndex: updateUnconditionally 0 -> 0
2019-06-12 14:51:17,361 INFO  impl.FollowerInfo (FollowerInfo.java:lambda$new$0(50)) - b29f5895-5d59-4d37-920e-c514776e34ac->795797cb-0d5b-4b12-bcd9-6620fc6c1618: nextIndex: updateUnconditionally 0 -> 0
2019-06-12 14:51:17,861 WARN  server.GrpcLogAppender (LogUtils.java:warn(134)) - b29f5895-5d59-4d37-920e-c514776e34ac: Failed appendEntries to 358c4b0e-0058-48bf-b42c-5762a97c1207:192.168.46.18:37445: org.apache.ratis.thirdparty.io.grpc.StatusRuntimeException: UNAVAILABLE: io exception
2019-06-12 14:51:17,861 INFO  impl.FollowerInfo (FollowerInfo.java:lambda$new$0(50)) - b29f5895-5d59-4d37-920e-c514776e34ac->358c4b0e-0058-48bf-b42c-5762a97c1207: nextIndex: updateUnconditionally 0 -> 0
2019-06-12 14:51:17,864 WARN  server.GrpcLogAppender (LogUtils.java:warn(134)) - b29f5895-5d59-4d37-920e-c514776e34ac: Failed appendEntries to 795797cb-0d5b-4b12-bcd9-6620fc6c1618:192.168.46.18:34283: org.apache.ratis.thirdparty.io.grpc.StatusRuntimeException: UNAVAILABLE: io exception
2019-06-12 14:51:17,864 INFO  impl.FollowerInfo (FollowerInfo.java:lambda$new$0(50)) - b29f5895-5d59-4d37-920e-c514776e34ac->795797cb-0d5b-4b12-bcd9-6620fc6c1618: nextIndex: updateUnconditionally 0 -> 0
2019-06-12 14:51:18,362 WARN  server.GrpcLogAppender (LogUtils.java:warn(134)) - b29f5895-5d59-4d37-920e-c514776e34ac: Failed appendEntries to 795797cb-0d5b-4b12-bcd9-6620fc6c1618:192.168.46.18:34283: org.apache.ratis.thirdparty.io.grpc.StatusRuntimeException: UNAVAILABLE: io exception
2019-06-12 14:51:18,362 WARN  server.GrpcLogAppender (LogUtils.java:warn(134)) - b29f5895-5d59-4d37-920e-c514776e34ac: Failed appendEntries to 358c4b0e-0058-48bf-b42c-5762a97c1207:192.168.46.18:37445: org.apache.ratis.thirdparty.io.grpc.StatusRuntimeException: UNAVAILABLE: io exception
2019-06-12 14:51:18,362 INFO  impl.FollowerInfo (FollowerInfo.java:lambda$new$0(50)) - b29f5895-5d59-4d37-920e-c514776e34ac->795797cb-0d5b-4b12-bcd9-6620fc6c1618: nextIndex: updateUnconditionally 0 -> 0
2019-06-12 14:51:18,362 INFO  impl.FollowerInfo (FollowerInfo.java:lambda$new$0(50)) - b29f5895-5d59-4d37-920e-c514776e34ac->358c4b0e-0058-48bf-b42c-5762a97c1207: nextIndex: updateUnconditionally 0 -> 0
2019-06-12 14:51:18,674 INFO  client.GrpcClientProtocolService (GrpcClientProtocolService.java:lambda$processClientRequest$0(264)) - Failed RaftClientRequest:client-AAE5F46CDE4B->b29f5895-5d59-4d37-920e-c514776e34ac@group-541D171EF391, cid=67, seq=0, Watch-ALL_COMMITTED(2), Message:<EMPTY>, reply=RaftClientReply:client-AAE5F46CDE4B->b29f5895-5d59-4d37-920e-c514776e34ac@group-541D171EF391, cid=67, FAILED org.apache.ratis.protocol.NotReplicatedException: Request with call Id 67 and log index 2 is not yet replicated to ALL_COMMITTED, logIndex=2, commits[b29f5895-5d59-4d37-920e-c514776e34ac:c2, 795797cb-0d5b-4b12-bcd9-6620fc6c1618:c1, 358c4b0e-0058-48bf-b42c-5762a97c1207:c1]
2019-06-12 14:51:18,862 WARN  server.GrpcLogAppender (LogUtils.java:warn(134)) - b29f5895-5d59-4d37-920e-c514776e34ac: Failed appendEntries to 358c4b0e-0058-48bf-b42c-5762a97c1207:192.168.46.18:37445: org.apache.ratis.thirdparty.io.grpc.StatusRuntimeException: UNAVAILABLE: io exception
2019-06-12 14:51:18,863 INFO  impl.FollowerInfo (FollowerInfo.java:lambda$new$0(50)) - b29f5895-5d59-4d37-920e-c514776e34ac->358c4b0e-0058-48bf-b42c-5762a97c1207: nextIndex: updateUnconditionally 0 -> 0
2019-06-12 14:51:18,865 WARN  server.GrpcLogAppender (LogUtils.java:warn(134)) - b29f5895-5d59-4d37-920e-c514776e34ac: Failed appendEntries to 795797cb-0d5b-4b12-bcd9-6620fc6c1618:192.168.46.18:34283: org.apache.ratis.thirdparty.io.grpc.StatusRuntimeException: UNAVAILABLE: io exception
2019-06-12 14:51:18,867 INFO  impl.FollowerInfo (FollowerInfo.java:lambda$new$0(50)) - b29f5895-5d59-4d37-920e-c514776e34ac->795797cb-0d5b-4b12-bcd9-6620fc6c1618: nextIndex: updateUnconditionally 0 -> 0
2019-06-12 14:51:18,959 WARN  scm.XceiverClientRatis (XceiverClientRatis.java:watchForCommit(260)) - 3 way commit failed 
java.util.concurrent.ExecutionException: org.apache.ratis.protocol.RaftRetryFailureException: Failed RaftClientRequest:client-AAE5F46CDE4B->358c4b0e-0058-48bf-b42c-5762a97c1207@group-541D171EF391, cid=67, seq=0, Watch-ALL_COMMITTED(2), null for 10 attempts with RetryLimited(maxAttempts=10, sleepTime=1000ms)
	at java.util.concurrent.CompletableFuture.reportGet(CompletableFuture.java:357)
	at java.util.concurrent.CompletableFuture.get(CompletableFuture.java:1915)
	at org.apache.hadoop.hdds.scm.XceiverClientRatis.watchForCommit(XceiverClientRatis.java:257)
	at org.apache.hadoop.ozone.client.rpc.TestWatchForCommit.testWatchForCommitForRetryfailure(TestWatchForCommit.java:347)
	at sun.reflect.NativeMethodAccessorImpl.invoke0(Native Method)
	at sun.reflect.NativeMethodAccessorImpl.invoke(NativeMethodAccessorImpl.java:62)
	at sun.reflect.DelegatingMethodAccessorImpl.invoke(DelegatingMethodAccessorImpl.java:43)
	at java.lang.reflect.Method.invoke(Method.java:498)
	at org.junit.runners.model.FrameworkMethod$1.runReflectiveCall(FrameworkMethod.java:47)
	at org.junit.internal.runners.model.ReflectiveCallable.run(ReflectiveCallable.java:12)
	at org.junit.runners.model.FrameworkMethod.invokeExplosively(FrameworkMethod.java:44)
	at org.junit.internal.runners.statements.InvokeMethod.evaluate(InvokeMethod.java:17)
	at org.junit.runners.ParentRunner.runLeaf(ParentRunner.java:271)
	at org.junit.runners.BlockJUnit4ClassRunner.runChild(BlockJUnit4ClassRunner.java:70)
	at org.junit.runners.BlockJUnit4ClassRunner.runChild(BlockJUnit4ClassRunner.java:50)
	at org.junit.runners.ParentRunner$3.run(ParentRunner.java:238)
	at org.junit.runners.ParentRunner$1.schedule(ParentRunner.java:63)
	at org.junit.runners.ParentRunner.runChildren(ParentRunner.java:236)
	at org.junit.runners.ParentRunner.access$000(ParentRunner.java:53)
	at org.junit.runners.ParentRunner$2.evaluate(ParentRunner.java:229)
	at org.junit.runners.ParentRunner.run(ParentRunner.java:309)
	at org.apache.maven.surefire.junit4.JUnit4Provider.execute(JUnit4Provider.java:365)
	at org.apache.maven.surefire.junit4.JUnit4Provider.executeWithRerun(JUnit4Provider.java:273)
	at org.apache.maven.surefire.junit4.JUnit4Provider.executeTestSet(JUnit4Provider.java:238)
	at org.apache.maven.surefire.junit4.JUnit4Provider.invoke(JUnit4Provider.java:159)
	at org.apache.maven.surefire.booter.ForkedBooter.invokeProviderInSameClassLoader(ForkedBooter.java:384)
	at org.apache.maven.surefire.booter.ForkedBooter.runSuitesInProcess(ForkedBooter.java:345)
	at org.apache.maven.surefire.booter.ForkedBooter.execute(ForkedBooter.java:126)
	at org.apache.maven.surefire.booter.ForkedBooter.main(ForkedBooter.java:418)
Caused by: org.apache.ratis.protocol.RaftRetryFailureException: Failed RaftClientRequest:client-AAE5F46CDE4B->358c4b0e-0058-48bf-b42c-5762a97c1207@group-541D171EF391, cid=67, seq=0, Watch-ALL_COMMITTED(2), null for 10 attempts with RetryLimited(maxAttempts=10, sleepTime=1000ms)
	at org.apache.ratis.client.impl.RaftClientImpl.newRaftRetryFailureException(RaftClientImpl.java:383)
	at org.apache.ratis.client.impl.UnorderedAsync.lambda$sendRequestWithRetry$4(UnorderedAsync.java:83)
	at java.util.concurrent.CompletableFuture.uniWhenComplete(CompletableFuture.java:760)
	at java.util.concurrent.CompletableFuture$UniWhenComplete.tryFire(CompletableFuture.java:736)
	at java.util.concurrent.CompletableFuture$Completion.run(CompletableFuture.java:442)
	at java.lang.Thread.run(Thread.java:748)
2019-06-12 14:51:19,363 WARN  server.GrpcLogAppender (LogUtils.java:warn(134)) - b29f5895-5d59-4d37-920e-c514776e34ac: Failed appendEntries to 358c4b0e-0058-48bf-b42c-5762a97c1207:192.168.46.18:37445: org.apache.ratis.thirdparty.io.grpc.StatusRuntimeException: UNAVAILABLE: io exception
2019-06-12 14:51:19,363 WARN  server.GrpcLogAppender (LogUtils.java:warn(134)) - b29f5895-5d59-4d37-920e-c514776e34ac: Failed appendEntries to 795797cb-0d5b-4b12-bcd9-6620fc6c1618:192.168.46.18:34283: org.apache.ratis.thirdparty.io.grpc.StatusRuntimeException: UNAVAILABLE: io exception
2019-06-12 14:51:19,363 INFO  impl.FollowerInfo (FollowerInfo.java:lambda$new$0(50)) - b29f5895-5d59-4d37-920e-c514776e34ac->358c4b0e-0058-48bf-b42c-5762a97c1207: nextIndex: updateUnconditionally 0 -> 0
2019-06-12 14:51:19,363 INFO  impl.FollowerInfo (FollowerInfo.java:lambda$new$0(50)) - b29f5895-5d59-4d37-920e-c514776e34ac->795797cb-0d5b-4b12-bcd9-6620fc6c1618: nextIndex: updateUnconditionally 0 -> 0
2019-06-12 14:51:19,863 WARN  server.GrpcLogAppender (LogUtils.java:warn(134)) - b29f5895-5d59-4d37-920e-c514776e34ac: Failed appendEntries to 795797cb-0d5b-4b12-bcd9-6620fc6c1618:192.168.46.18:34283: org.apache.ratis.thirdparty.io.grpc.StatusRuntimeException: UNAVAILABLE: io exception
2019-06-12 14:51:19,863 WARN  server.GrpcLogAppender (LogUtils.java:warn(134)) - b29f5895-5d59-4d37-920e-c514776e34ac: Failed appendEntries to 358c4b0e-0058-48bf-b42c-5762a97c1207:192.168.46.18:37445: org.apache.ratis.thirdparty.io.grpc.StatusRuntimeException: UNAVAILABLE: io exception
2019-06-12 14:51:19,863 INFO  impl.FollowerInfo (FollowerInfo.java:lambda$new$0(50)) - b29f5895-5d59-4d37-920e-c514776e34ac->795797cb-0d5b-4b12-bcd9-6620fc6c1618: nextIndex: updateUnconditionally 0 -> 0
2019-06-12 14:51:19,863 INFO  impl.FollowerInfo (FollowerInfo.java:lambda$new$0(50)) - b29f5895-5d59-4d37-920e-c514776e34ac->358c4b0e-0058-48bf-b42c-5762a97c1207: nextIndex: updateUnconditionally 0 -> 0
2019-06-12 14:51:20,364 WARN  server.GrpcLogAppender (LogUtils.java:warn(134)) - b29f5895-5d59-4d37-920e-c514776e34ac: Failed appendEntries to 358c4b0e-0058-48bf-b42c-5762a97c1207:192.168.46.18:37445: org.apache.ratis.thirdparty.io.grpc.StatusRuntimeException: UNAVAILABLE: io exception
2019-06-12 14:51:20,364 WARN  server.GrpcLogAppender (LogUtils.java:warn(134)) - b29f5895-5d59-4d37-920e-c514776e34ac: Failed appendEntries to 795797cb-0d5b-4b12-bcd9-6620fc6c1618:192.168.46.18:34283: org.apache.ratis.thirdparty.io.grpc.StatusRuntimeException: UNAVAILABLE: io exception
2019-06-12 14:51:20,364 INFO  impl.FollowerInfo (FollowerInfo.java:lambda$new$0(50)) - b29f5895-5d59-4d37-920e-c514776e34ac->358c4b0e-0058-48bf-b42c-5762a97c1207: nextIndex: updateUnconditionally 0 -> 0
2019-06-12 14:51:20,364 INFO  impl.FollowerInfo (FollowerInfo.java:lambda$new$0(50)) - b29f5895-5d59-4d37-920e-c514776e34ac->795797cb-0d5b-4b12-bcd9-6620fc6c1618: nextIndex: updateUnconditionally 0 -> 0
2019-06-12 14:51:20,864 WARN  server.GrpcLogAppender (LogUtils.java:warn(134)) - b29f5895-5d59-4d37-920e-c514776e34ac: Failed appendEntries to 795797cb-0d5b-4b12-bcd9-6620fc6c1618:192.168.46.18:34283: org.apache.ratis.thirdparty.io.grpc.StatusRuntimeException: UNAVAILABLE: io exception
2019-06-12 14:51:20,864 WARN  server.GrpcLogAppender (LogUtils.java:warn(134)) - b29f5895-5d59-4d37-920e-c514776e34ac: Failed appendEntries to 358c4b0e-0058-48bf-b42c-5762a97c1207:192.168.46.18:37445: org.apache.ratis.thirdparty.io.grpc.StatusRuntimeException: UNAVAILABLE: io exception
2019-06-12 14:51:20,864 INFO  impl.FollowerInfo (FollowerInfo.java:lambda$new$0(50)) - b29f5895-5d59-4d37-920e-c514776e34ac->795797cb-0d5b-4b12-bcd9-6620fc6c1618: nextIndex: updateUnconditionally 0 -> 0
2019-06-12 14:51:20,864 INFO  impl.FollowerInfo (FollowerInfo.java:lambda$new$0(50)) - b29f5895-5d59-4d37-920e-c514776e34ac->358c4b0e-0058-48bf-b42c-5762a97c1207: nextIndex: updateUnconditionally 0 -> 0
2019-06-12 14:51:21,364 WARN  server.GrpcLogAppender (LogUtils.java:warn(134)) - b29f5895-5d59-4d37-920e-c514776e34ac: Failed appendEntries to 358c4b0e-0058-48bf-b42c-5762a97c1207:192.168.46.18:37445: org.apache.ratis.thirdparty.io.grpc.StatusRuntimeException: UNAVAILABLE: io exception
2019-06-12 14:51:21,364 WARN  server.GrpcLogAppender (LogUtils.java:warn(134)) - b29f5895-5d59-4d37-920e-c514776e34ac: Failed appendEntries to 795797cb-0d5b-4b12-bcd9-6620fc6c1618:192.168.46.18:34283: org.apache.ratis.thirdparty.io.grpc.StatusRuntimeException: UNAVAILABLE: io exception
2019-06-12 14:51:21,365 INFO  impl.FollowerInfo (FollowerInfo.java:lambda$new$0(50)) - b29f5895-5d59-4d37-920e-c514776e34ac->358c4b0e-0058-48bf-b42c-5762a97c1207: nextIndex: updateUnconditionally 0 -> 0
2019-06-12 14:51:21,365 INFO  impl.FollowerInfo (FollowerInfo.java:lambda$new$0(50)) - b29f5895-5d59-4d37-920e-c514776e34ac->795797cb-0d5b-4b12-bcd9-6620fc6c1618: nextIndex: updateUnconditionally 0 -> 0
2019-06-12 14:51:21,865 WARN  server.GrpcLogAppender (LogUtils.java:warn(134)) - b29f5895-5d59-4d37-920e-c514776e34ac: Failed appendEntries to 795797cb-0d5b-4b12-bcd9-6620fc6c1618:192.168.46.18:34283: org.apache.ratis.thirdparty.io.grpc.StatusRuntimeException: UNAVAILABLE: io exception
2019-06-12 14:51:21,865 WARN  server.GrpcLogAppender (LogUtils.java:warn(134)) - b29f5895-5d59-4d37-920e-c514776e34ac: Failed appendEntries to 358c4b0e-0058-48bf-b42c-5762a97c1207:192.168.46.18:37445: org.apache.ratis.thirdparty.io.grpc.StatusRuntimeException: UNAVAILABLE: io exception
2019-06-12 14:51:21,865 INFO  impl.FollowerInfo (FollowerInfo.java:lambda$new$0(50)) - b29f5895-5d59-4d37-920e-c514776e34ac->795797cb-0d5b-4b12-bcd9-6620fc6c1618: nextIndex: updateUnconditionally 0 -> 0
2019-06-12 14:51:21,865 INFO  impl.FollowerInfo (FollowerInfo.java:lambda$new$0(50)) - b29f5895-5d59-4d37-920e-c514776e34ac->358c4b0e-0058-48bf-b42c-5762a97c1207: nextIndex: updateUnconditionally 0 -> 0
2019-06-12 14:51:22,365 WARN  server.GrpcLogAppender (LogUtils.java:warn(134)) - b29f5895-5d59-4d37-920e-c514776e34ac: Failed appendEntries to 358c4b0e-0058-48bf-b42c-5762a97c1207:192.168.46.18:37445: org.apache.ratis.thirdparty.io.grpc.StatusRuntimeException: UNAVAILABLE: io exception
2019-06-12 14:51:22,366 WARN  server.GrpcLogAppender (LogUtils.java:warn(134)) - b29f5895-5d59-4d37-920e-c514776e34ac: Failed appendEntries to 795797cb-0d5b-4b12-bcd9-6620fc6c1618:192.168.46.18:34283: org.apache.ratis.thirdparty.io.grpc.StatusRuntimeException: UNAVAILABLE: io exception
2019-06-12 14:51:22,366 INFO  impl.FollowerInfo (FollowerInfo.java:lambda$new$0(50)) - b29f5895-5d59-4d37-920e-c514776e34ac->358c4b0e-0058-48bf-b42c-5762a97c1207: nextIndex: updateUnconditionally 0 -> 0
2019-06-12 14:51:22,366 INFO  impl.FollowerInfo (FollowerInfo.java:lambda$new$0(50)) - b29f5895-5d59-4d37-920e-c514776e34ac->795797cb-0d5b-4b12-bcd9-6620fc6c1618: nextIndex: updateUnconditionally 0 -> 0
2019-06-12 14:51:22,866 WARN  server.GrpcLogAppender (LogUtils.java:warn(134)) - b29f5895-5d59-4d37-920e-c514776e34ac: Failed appendEntries to 795797cb-0d5b-4b12-bcd9-6620fc6c1618:192.168.46.18:34283: org.apache.ratis.thirdparty.io.grpc.StatusRuntimeException: UNAVAILABLE: io exception
2019-06-12 14:51:22,866 WARN  server.GrpcLogAppender (LogUtils.java:warn(134)) - b29f5895-5d59-4d37-920e-c514776e34ac: Failed appendEntries to 358c4b0e-0058-48bf-b42c-5762a97c1207:192.168.46.18:37445: org.apache.ratis.thirdparty.io.grpc.StatusRuntimeException: UNAVAILABLE: io exception
2019-06-12 14:51:22,866 INFO  impl.FollowerInfo (FollowerInfo.java:lambda$new$0(50)) - b29f5895-5d59-4d37-920e-c514776e34ac->795797cb-0d5b-4b12-bcd9-6620fc6c1618: nextIndex: updateUnconditionally 0 -> 0
2019-06-12 14:51:22,866 INFO  impl.FollowerInfo (FollowerInfo.java:lambda$new$0(50)) - b29f5895-5d59-4d37-920e-c514776e34ac->358c4b0e-0058-48bf-b42c-5762a97c1207: nextIndex: updateUnconditionally 0 -> 0
2019-06-12 14:51:23,366 WARN  server.GrpcLogAppender (LogUtils.java:warn(134)) - b29f5895-5d59-4d37-920e-c514776e34ac: Failed appendEntries to 358c4b0e-0058-48bf-b42c-5762a97c1207:192.168.46.18:37445: org.apache.ratis.thirdparty.io.grpc.StatusRuntimeException: UNAVAILABLE: io exception
2019-06-12 14:51:23,367 INFO  impl.FollowerInfo (FollowerInfo.java:lambda$new$0(50)) - b29f5895-5d59-4d37-920e-c514776e34ac->358c4b0e-0058-48bf-b42c-5762a97c1207: nextIndex: updateUnconditionally 0 -> 0
2019-06-12 14:51:23,367 WARN  server.GrpcLogAppender (LogUtils.java:warn(134)) - b29f5895-5d59-4d37-920e-c514776e34ac: Failed appendEntries to 795797cb-0d5b-4b12-bcd9-6620fc6c1618:192.168.46.18:34283: org.apache.ratis.thirdparty.io.grpc.StatusRuntimeException: UNAVAILABLE: io exception
2019-06-12 14:51:23,367 INFO  impl.FollowerInfo (FollowerInfo.java:lambda$new$0(50)) - b29f5895-5d59-4d37-920e-c514776e34ac->795797cb-0d5b-4b12-bcd9-6620fc6c1618: nextIndex: updateUnconditionally 0 -> 0
2019-06-12 14:51:23,867 WARN  server.GrpcLogAppender (LogUtils.java:warn(134)) - b29f5895-5d59-4d37-920e-c514776e34ac: Failed appendEntries to 358c4b0e-0058-48bf-b42c-5762a97c1207:192.168.46.18:37445: org.apache.ratis.thirdparty.io.grpc.StatusRuntimeException: UNAVAILABLE: io exception
2019-06-12 14:51:23,867 INFO  impl.FollowerInfo (FollowerInfo.java:lambda$new$0(50)) - b29f5895-5d59-4d37-920e-c514776e34ac->358c4b0e-0058-48bf-b42c-5762a97c1207: nextIndex: updateUnconditionally 0 -> 0
2019-06-12 14:51:23,867 WARN  server.GrpcLogAppender (LogUtils.java:warn(134)) - b29f5895-5d59-4d37-920e-c514776e34ac: Failed appendEntries to 795797cb-0d5b-4b12-bcd9-6620fc6c1618:192.168.46.18:34283: org.apache.ratis.thirdparty.io.grpc.StatusRuntimeException: UNAVAILABLE: io exception
2019-06-12 14:51:23,867 INFO  impl.FollowerInfo (FollowerInfo.java:lambda$new$0(50)) - b29f5895-5d59-4d37-920e-c514776e34ac->795797cb-0d5b-4b12-bcd9-6620fc6c1618: nextIndex: updateUnconditionally 0 -> 0
2019-06-12 14:51:24,367 WARN  server.GrpcLogAppender (LogUtils.java:warn(134)) - b29f5895-5d59-4d37-920e-c514776e34ac: Failed appendEntries to 358c4b0e-0058-48bf-b42c-5762a97c1207:192.168.46.18:37445: org.apache.ratis.thirdparty.io.grpc.StatusRuntimeException: UNAVAILABLE: io exception
2019-06-12 14:51:24,367 WARN  server.GrpcLogAppender (LogUtils.java:warn(134)) - b29f5895-5d59-4d37-920e-c514776e34ac: Failed appendEntries to 795797cb-0d5b-4b12-bcd9-6620fc6c1618:192.168.46.18:34283: org.apache.ratis.thirdparty.io.grpc.StatusRuntimeException: UNAVAILABLE: io exception
2019-06-12 14:51:24,368 INFO  impl.FollowerInfo (FollowerInfo.java:lambda$new$0(50)) - b29f5895-5d59-4d37-920e-c514776e34ac->358c4b0e-0058-48bf-b42c-5762a97c1207: nextIndex: updateUnconditionally 0 -> 0
2019-06-12 14:51:24,368 INFO  impl.FollowerInfo (FollowerInfo.java:lambda$new$0(50)) - b29f5895-5d59-4d37-920e-c514776e34ac->795797cb-0d5b-4b12-bcd9-6620fc6c1618: nextIndex: updateUnconditionally 0 -> 0
2019-06-12 14:51:24,868 WARN  server.GrpcLogAppender (LogUtils.java:warn(134)) - b29f5895-5d59-4d37-920e-c514776e34ac: Failed appendEntries to 795797cb-0d5b-4b12-bcd9-6620fc6c1618:192.168.46.18:34283: org.apache.ratis.thirdparty.io.grpc.StatusRuntimeException: UNAVAILABLE: io exception
2019-06-12 14:51:24,868 INFO  impl.FollowerInfo (FollowerInfo.java:lambda$new$0(50)) - b29f5895-5d59-4d37-920e-c514776e34ac->795797cb-0d5b-4b12-bcd9-6620fc6c1618: nextIndex: updateUnconditionally 0 -> 0
2019-06-12 14:51:24,868 WARN  server.GrpcLogAppender (LogUtils.java:warn(134)) - b29f5895-5d59-4d37-920e-c514776e34ac: Failed appendEntries to 358c4b0e-0058-48bf-b42c-5762a97c1207:192.168.46.18:37445: org.apache.ratis.thirdparty.io.grpc.StatusRuntimeException: UNAVAILABLE: io exception
2019-06-12 14:51:24,869 INFO  impl.FollowerInfo (FollowerInfo.java:lambda$new$0(50)) - b29f5895-5d59-4d37-920e-c514776e34ac->358c4b0e-0058-48bf-b42c-5762a97c1207: nextIndex: updateUnconditionally 0 -> 0
2019-06-12 14:51:25,369 WARN  server.GrpcLogAppender (LogUtils.java:warn(134)) - b29f5895-5d59-4d37-920e-c514776e34ac: Failed appendEntries to 358c4b0e-0058-48bf-b42c-5762a97c1207:192.168.46.18:37445: org.apache.ratis.thirdparty.io.grpc.StatusRuntimeException: UNAVAILABLE: io exception
2019-06-12 14:51:25,369 INFO  impl.FollowerInfo (FollowerInfo.java:lambda$new$0(50)) - b29f5895-5d59-4d37-920e-c514776e34ac->358c4b0e-0058-48bf-b42c-5762a97c1207: nextIndex: updateUnconditionally 0 -> 0
2019-06-12 14:51:25,370 WARN  server.GrpcLogAppender (LogUtils.java:warn(134)) - b29f5895-5d59-4d37-920e-c514776e34ac: Failed appendEntries to 795797cb-0d5b-4b12-bcd9-6620fc6c1618:192.168.46.18:34283: org.apache.ratis.thirdparty.io.grpc.StatusRuntimeException: UNAVAILABLE: io exception
2019-06-12 14:51:25,370 INFO  impl.FollowerInfo (FollowerInfo.java:lambda$new$0(50)) - b29f5895-5d59-4d37-920e-c514776e34ac->795797cb-0d5b-4b12-bcd9-6620fc6c1618: nextIndex: updateUnconditionally 0 -> 0
2019-06-12 14:51:25,674 INFO  client.GrpcClientProtocolService (GrpcClientProtocolService.java:lambda$processClientRequest$0(264)) - Failed RaftClientRequest:client-AAE5F46CDE4B->b29f5895-5d59-4d37-920e-c514776e34ac@group-541D171EF391, cid=67, seq=0, Watch-ALL_COMMITTED(2), Message:<EMPTY>, reply=RaftClientReply:client-AAE5F46CDE4B->b29f5895-5d59-4d37-920e-c514776e34ac@group-541D171EF391, cid=67, FAILED org.apache.ratis.protocol.NotReplicatedException: Request with call Id 67 and log index 2 is not yet replicated to ALL_COMMITTED, logIndex=2, commits[b29f5895-5d59-4d37-920e-c514776e34ac:c2, 795797cb-0d5b-4b12-bcd9-6620fc6c1618:c1, 358c4b0e-0058-48bf-b42c-5762a97c1207:c1]
2019-06-12 14:51:25,869 WARN  server.GrpcLogAppender (LogUtils.java:warn(134)) - b29f5895-5d59-4d37-920e-c514776e34ac: Failed appendEntries to 358c4b0e-0058-48bf-b42c-5762a97c1207:192.168.46.18:37445: org.apache.ratis.thirdparty.io.grpc.StatusRuntimeException: UNAVAILABLE: io exception
2019-06-12 14:51:25,869 INFO  impl.FollowerInfo (FollowerInfo.java:lambda$new$0(50)) - b29f5895-5d59-4d37-920e-c514776e34ac->358c4b0e-0058-48bf-b42c-5762a97c1207: nextIndex: updateUnconditionally 0 -> 0
2019-06-12 14:51:25,870 WARN  server.GrpcLogAppender (LogUtils.java:warn(134)) - b29f5895-5d59-4d37-920e-c514776e34ac: Failed appendEntries to 795797cb-0d5b-4b12-bcd9-6620fc6c1618:192.168.46.18:34283: org.apache.ratis.thirdparty.io.grpc.StatusRuntimeException: UNAVAILABLE: io exception
2019-06-12 14:51:25,870 INFO  impl.FollowerInfo (FollowerInfo.java:lambda$new$0(50)) - b29f5895-5d59-4d37-920e-c514776e34ac->795797cb-0d5b-4b12-bcd9-6620fc6c1618: nextIndex: updateUnconditionally 0 -> 0
2019-06-12 14:51:26,369 WARN  server.GrpcLogAppender (LogUtils.java:warn(134)) - b29f5895-5d59-4d37-920e-c514776e34ac: Failed appendEntries to 358c4b0e-0058-48bf-b42c-5762a97c1207:192.168.46.18:37445: org.apache.ratis.thirdparty.io.grpc.StatusRuntimeException: UNAVAILABLE: io exception
2019-06-12 14:51:26,371 INFO  impl.FollowerInfo (FollowerInfo.java:lambda$new$0(50)) - b29f5895-5d59-4d37-920e-c514776e34ac->358c4b0e-0058-48bf-b42c-5762a97c1207: nextIndex: updateUnconditionally 0 -> 0
2019-06-12 14:51:26,372 WARN  server.GrpcLogAppender (LogUtils.java:warn(134)) - b29f5895-5d59-4d37-920e-c514776e34ac: Failed appendEntries to 795797cb-0d5b-4b12-bcd9-6620fc6c1618:192.168.46.18:34283: org.apache.ratis.thirdparty.io.grpc.StatusRuntimeException: UNAVAILABLE: io exception
2019-06-12 14:51:26,373 INFO  impl.FollowerInfo (FollowerInfo.java:lambda$new$0(50)) - b29f5895-5d59-4d37-920e-c514776e34ac->795797cb-0d5b-4b12-bcd9-6620fc6c1618: nextIndex: updateUnconditionally 0 -> 0
2019-06-12 14:51:26,870 WARN  server.GrpcLogAppender (LogUtils.java:warn(134)) - b29f5895-5d59-4d37-920e-c514776e34ac: Failed appendEntries to 358c4b0e-0058-48bf-b42c-5762a97c1207:192.168.46.18:37445: org.apache.ratis.thirdparty.io.grpc.StatusRuntimeException: UNAVAILABLE: io exception
2019-06-12 14:51:26,870 INFO  impl.FollowerInfo (FollowerInfo.java:lambda$new$0(50)) - b29f5895-5d59-4d37-920e-c514776e34ac->358c4b0e-0058-48bf-b42c-5762a97c1207: nextIndex: updateUnconditionally 0 -> 0
2019-06-12 14:51:26,873 WARN  server.GrpcLogAppender (LogUtils.java:warn(134)) - b29f5895-5d59-4d37-920e-c514776e34ac: Failed appendEntries to 795797cb-0d5b-4b12-bcd9-6620fc6c1618:192.168.46.18:34283: org.apache.ratis.thirdparty.io.grpc.StatusRuntimeException: UNAVAILABLE: io exception
2019-06-12 14:51:26,873 INFO  impl.FollowerInfo (FollowerInfo.java:lambda$new$0(50)) - b29f5895-5d59-4d37-920e-c514776e34ac->795797cb-0d5b-4b12-bcd9-6620fc6c1618: nextIndex: updateUnconditionally 0 -> 0
2019-06-12 14:51:27,370 WARN  server.GrpcLogAppender (LogUtils.java:warn(134)) - b29f5895-5d59-4d37-920e-c514776e34ac: Failed appendEntries to 358c4b0e-0058-48bf-b42c-5762a97c1207:192.168.46.18:37445: org.apache.ratis.thirdparty.io.grpc.StatusRuntimeException: UNAVAILABLE: io exception
2019-06-12 14:51:27,370 INFO  impl.FollowerInfo (FollowerInfo.java:lambda$new$0(50)) - b29f5895-5d59-4d37-920e-c514776e34ac->358c4b0e-0058-48bf-b42c-5762a97c1207: nextIndex: updateUnconditionally 0 -> 0
2019-06-12 14:51:27,381 WARN  server.GrpcLogAppender (LogUtils.java:warn(134)) - b29f5895-5d59-4d37-920e-c514776e34ac: Failed appendEntries to 795797cb-0d5b-4b12-bcd9-6620fc6c1618:192.168.46.18:34283: org.apache.ratis.thirdparty.io.grpc.StatusRuntimeException: UNAVAILABLE: io exception
2019-06-12 14:51:27,382 INFO  impl.FollowerInfo (FollowerInfo.java:lambda$new$0(50)) - b29f5895-5d59-4d37-920e-c514776e34ac->795797cb-0d5b-4b12-bcd9-6620fc6c1618: nextIndex: updateUnconditionally 0 -> 0
2019-06-12 14:51:27,871 WARN  server.GrpcLogAppender (LogUtils.java:warn(134)) - b29f5895-5d59-4d37-920e-c514776e34ac: Failed appendEntries to 358c4b0e-0058-48bf-b42c-5762a97c1207:192.168.46.18:37445: org.apache.ratis.thirdparty.io.grpc.StatusRuntimeException: UNAVAILABLE: io exception
2019-06-12 14:51:27,871 INFO  impl.FollowerInfo (FollowerInfo.java:lambda$new$0(50)) - b29f5895-5d59-4d37-920e-c514776e34ac->358c4b0e-0058-48bf-b42c-5762a97c1207: nextIndex: updateUnconditionally 0 -> 0
2019-06-12 14:51:27,881 WARN  server.GrpcLogAppender (LogUtils.java:warn(134)) - b29f5895-5d59-4d37-920e-c514776e34ac: Failed appendEntries to 795797cb-0d5b-4b12-bcd9-6620fc6c1618:192.168.46.18:34283: org.apache.ratis.thirdparty.io.grpc.StatusRuntimeException: UNAVAILABLE: io exception
2019-06-12 14:51:27,882 INFO  impl.FollowerInfo (FollowerInfo.java:lambda$new$0(50)) - b29f5895-5d59-4d37-920e-c514776e34ac->795797cb-0d5b-4b12-bcd9-6620fc6c1618: nextIndex: updateUnconditionally 0 -> 0
2019-06-12 14:51:28,371 WARN  server.GrpcLogAppender (LogUtils.java:warn(134)) - b29f5895-5d59-4d37-920e-c514776e34ac: Failed appendEntries to 358c4b0e-0058-48bf-b42c-5762a97c1207:192.168.46.18:37445: org.apache.ratis.thirdparty.io.grpc.StatusRuntimeException: UNAVAILABLE: io exception
2019-06-12 14:51:28,371 INFO  impl.FollowerInfo (FollowerInfo.java:lambda$new$0(50)) - b29f5895-5d59-4d37-920e-c514776e34ac->358c4b0e-0058-48bf-b42c-5762a97c1207: nextIndex: updateUnconditionally 0 -> 0
2019-06-12 14:51:28,382 WARN  server.GrpcLogAppender (LogUtils.java:warn(134)) - b29f5895-5d59-4d37-920e-c514776e34ac: Failed appendEntries to 795797cb-0d5b-4b12-bcd9-6620fc6c1618:192.168.46.18:34283: org.apache.ratis.thirdparty.io.grpc.StatusRuntimeException: UNAVAILABLE: io exception
2019-06-12 14:51:28,382 INFO  impl.FollowerInfo (FollowerInfo.java:lambda$new$0(50)) - b29f5895-5d59-4d37-920e-c514776e34ac->795797cb-0d5b-4b12-bcd9-6620fc6c1618: nextIndex: updateUnconditionally 0 -> 0
2019-06-12 14:51:28,871 WARN  server.GrpcLogAppender (LogUtils.java:warn(134)) - b29f5895-5d59-4d37-920e-c514776e34ac: Failed appendEntries to 358c4b0e-0058-48bf-b42c-5762a97c1207:192.168.46.18:37445: org.apache.ratis.thirdparty.io.grpc.StatusRuntimeException: UNAVAILABLE: io exception
2019-06-12 14:51:28,872 INFO  impl.FollowerInfo (FollowerInfo.java:lambda$new$0(50)) - b29f5895-5d59-4d37-920e-c514776e34ac->358c4b0e-0058-48bf-b42c-5762a97c1207: nextIndex: updateUnconditionally 0 -> 0
2019-06-12 14:51:28,882 WARN  server.GrpcLogAppender (LogUtils.java:warn(134)) - b29f5895-5d59-4d37-920e-c514776e34ac: Failed appendEntries to 795797cb-0d5b-4b12-bcd9-6620fc6c1618:192.168.46.18:34283: org.apache.ratis.thirdparty.io.grpc.StatusRuntimeException: UNAVAILABLE: io exception
2019-06-12 14:51:28,882 INFO  impl.FollowerInfo (FollowerInfo.java:lambda$new$0(50)) - b29f5895-5d59-4d37-920e-c514776e34ac->795797cb-0d5b-4b12-bcd9-6620fc6c1618: nextIndex: updateUnconditionally 0 -> 0
2019-06-12 14:51:29,373 WARN  server.GrpcLogAppender (LogUtils.java:warn(134)) - b29f5895-5d59-4d37-920e-c514776e34ac: Failed appendEntries to 358c4b0e-0058-48bf-b42c-5762a97c1207:192.168.46.18:37445: org.apache.ratis.thirdparty.io.grpc.StatusRuntimeException: UNAVAILABLE: io exception
2019-06-12 14:51:29,373 INFO  impl.FollowerInfo (FollowerInfo.java:lambda$new$0(50)) - b29f5895-5d59-4d37-920e-c514776e34ac->358c4b0e-0058-48bf-b42c-5762a97c1207: nextIndex: updateUnconditionally 0 -> 0
2019-06-12 14:51:29,382 WARN  server.GrpcLogAppender (LogUtils.java:warn(134)) - b29f5895-5d59-4d37-920e-c514776e34ac: Failed appendEntries to 795797cb-0d5b-4b12-bcd9-6620fc6c1618:192.168.46.18:34283: org.apache.ratis.thirdparty.io.grpc.StatusRuntimeException: UNAVAILABLE: io exception
2019-06-12 14:51:29,383 INFO  impl.FollowerInfo (FollowerInfo.java:lambda$new$0(50)) - b29f5895-5d59-4d37-920e-c514776e34ac->795797cb-0d5b-4b12-bcd9-6620fc6c1618: nextIndex: updateUnconditionally 0 -> 0
2019-06-12 14:51:29,872 WARN  server.GrpcLogAppender (LogUtils.java:warn(134)) - b29f5895-5d59-4d37-920e-c514776e34ac: Failed appendEntries to 358c4b0e-0058-48bf-b42c-5762a97c1207:192.168.46.18:37445: org.apache.ratis.thirdparty.io.grpc.StatusRuntimeException: UNAVAILABLE: io exception
2019-06-12 14:51:29,872 INFO  impl.FollowerInfo (FollowerInfo.java:lambda$new$0(50)) - b29f5895-5d59-4d37-920e-c514776e34ac->358c4b0e-0058-48bf-b42c-5762a97c1207: nextIndex: updateUnconditionally 0 -> 0
2019-06-12 14:51:29,883 WARN  server.GrpcLogAppender (LogUtils.java:warn(134)) - b29f5895-5d59-4d37-920e-c514776e34ac: Failed appendEntries to 795797cb-0d5b-4b12-bcd9-6620fc6c1618:192.168.46.18:34283: org.apache.ratis.thirdparty.io.grpc.StatusRuntimeException: UNAVAILABLE: io exception
2019-06-12 14:51:29,883 INFO  impl.FollowerInfo (FollowerInfo.java:lambda$new$0(50)) - b29f5895-5d59-4d37-920e-c514776e34ac->795797cb-0d5b-4b12-bcd9-6620fc6c1618: nextIndex: updateUnconditionally 0 -> 0
2019-06-12 14:51:30,373 WARN  server.GrpcLogAppender (LogUtils.java:warn(134)) - b29f5895-5d59-4d37-920e-c514776e34ac: Failed appendEntries to 358c4b0e-0058-48bf-b42c-5762a97c1207:192.168.46.18:37445: org.apache.ratis.thirdparty.io.grpc.StatusRuntimeException: UNAVAILABLE: io exception
2019-06-12 14:51:30,373 INFO  impl.FollowerInfo (FollowerInfo.java:lambda$new$0(50)) - b29f5895-5d59-4d37-920e-c514776e34ac->358c4b0e-0058-48bf-b42c-5762a97c1207: nextIndex: updateUnconditionally 0 -> 0
2019-06-12 14:51:30,383 WARN  server.GrpcLogAppender (LogUtils.java:warn(134)) - b29f5895-5d59-4d37-920e-c514776e34ac: Failed appendEntries to 795797cb-0d5b-4b12-bcd9-6620fc6c1618:192.168.46.18:34283: org.apache.ratis.thirdparty.io.grpc.StatusRuntimeException: UNAVAILABLE: io exception
2019-06-12 14:51:30,383 INFO  impl.FollowerInfo (FollowerInfo.java:lambda$new$0(50)) - b29f5895-5d59-4d37-920e-c514776e34ac->795797cb-0d5b-4b12-bcd9-6620fc6c1618: nextIndex: updateUnconditionally 0 -> 0
2019-06-12 14:51:30,873 WARN  server.GrpcLogAppender (LogUtils.java:warn(134)) - b29f5895-5d59-4d37-920e-c514776e34ac: Failed appendEntries to 358c4b0e-0058-48bf-b42c-5762a97c1207:192.168.46.18:37445: org.apache.ratis.thirdparty.io.grpc.StatusRuntimeException: UNAVAILABLE: io exception
2019-06-12 14:51:30,873 INFO  impl.FollowerInfo (FollowerInfo.java:lambda$new$0(50)) - b29f5895-5d59-4d37-920e-c514776e34ac->358c4b0e-0058-48bf-b42c-5762a97c1207: nextIndex: updateUnconditionally 0 -> 0
2019-06-12 14:51:30,883 WARN  server.GrpcLogAppender (LogUtils.java:warn(134)) - b29f5895-5d59-4d37-920e-c514776e34ac: Failed appendEntries to 795797cb-0d5b-4b12-bcd9-6620fc6c1618:192.168.46.18:34283: org.apache.ratis.thirdparty.io.grpc.StatusRuntimeException: UNAVAILABLE: io exception
2019-06-12 14:51:30,884 INFO  impl.FollowerInfo (FollowerInfo.java:lambda$new$0(50)) - b29f5895-5d59-4d37-920e-c514776e34ac->795797cb-0d5b-4b12-bcd9-6620fc6c1618: nextIndex: updateUnconditionally 0 -> 0
2019-06-12 14:51:31,374 WARN  server.GrpcLogAppender (LogUtils.java:warn(134)) - b29f5895-5d59-4d37-920e-c514776e34ac: Failed appendEntries to 358c4b0e-0058-48bf-b42c-5762a97c1207:192.168.46.18:37445: org.apache.ratis.thirdparty.io.grpc.StatusRuntimeException: UNAVAILABLE: io exception
2019-06-12 14:51:31,375 INFO  impl.FollowerInfo (FollowerInfo.java:lambda$new$0(50)) - b29f5895-5d59-4d37-920e-c514776e34ac->358c4b0e-0058-48bf-b42c-5762a97c1207: nextIndex: updateUnconditionally 0 -> 0
2019-06-12 14:51:31,388 WARN  server.GrpcLogAppender (LogUtils.java:warn(134)) - b29f5895-5d59-4d37-920e-c514776e34ac: Failed appendEntries to 795797cb-0d5b-4b12-bcd9-6620fc6c1618:192.168.46.18:34283: org.apache.ratis.thirdparty.io.grpc.StatusRuntimeException: UNAVAILABLE: io exception
2019-06-12 14:51:31,388 INFO  impl.FollowerInfo (FollowerInfo.java:lambda$new$0(50)) - b29f5895-5d59-4d37-920e-c514776e34ac->795797cb-0d5b-4b12-bcd9-6620fc6c1618: nextIndex: updateUnconditionally 0 -> 0
2019-06-12 14:51:31,675 INFO  client.GrpcClientProtocolService (GrpcClientProtocolService.java:lambda$processClientRequest$0(264)) - Failed RaftClientRequest:client-AAE5F46CDE4B->b29f5895-5d59-4d37-920e-c514776e34ac@group-541D171EF391, cid=68, seq=0, Watch-MAJORITY_COMMITTED(2), Message:<EMPTY>, reply=RaftClientReply:client-AAE5F46CDE4B->b29f5895-5d59-4d37-920e-c514776e34ac@group-541D171EF391, cid=68, FAILED org.apache.ratis.protocol.NotReplicatedException: Request with call Id 68 and log index 2 is not yet replicated to MAJORITY_COMMITTED, logIndex=2, commits[b29f5895-5d59-4d37-920e-c514776e34ac:c2, 795797cb-0d5b-4b12-bcd9-6620fc6c1618:c1, 358c4b0e-0058-48bf-b42c-5762a97c1207:c1]
2019-06-12 14:51:31,874 WARN  server.GrpcLogAppender (LogUtils.java:warn(134)) - b29f5895-5d59-4d37-920e-c514776e34ac: Failed appendEntries to 358c4b0e-0058-48bf-b42c-5762a97c1207:192.168.46.18:37445: org.apache.ratis.thirdparty.io.grpc.StatusRuntimeException: UNAVAILABLE: io exception
2019-06-12 14:51:31,874 INFO  impl.FollowerInfo (FollowerInfo.java:lambda$new$0(50)) - b29f5895-5d59-4d37-920e-c514776e34ac->358c4b0e-0058-48bf-b42c-5762a97c1207: nextIndex: updateUnconditionally 0 -> 0
2019-06-12 14:51:31,888 WARN  server.GrpcLogAppender (LogUtils.java:warn(134)) - b29f5895-5d59-4d37-920e-c514776e34ac: Failed appendEntries to 795797cb-0d5b-4b12-bcd9-6620fc6c1618:192.168.46.18:34283: org.apache.ratis.thirdparty.io.grpc.StatusRuntimeException: UNAVAILABLE: io exception
2019-06-12 14:51:31,888 INFO  impl.FollowerInfo (FollowerInfo.java:lambda$new$0(50)) - b29f5895-5d59-4d37-920e-c514776e34ac->795797cb-0d5b-4b12-bcd9-6620fc6c1618: nextIndex: updateUnconditionally 0 -> 0
2019-06-12 14:51:32,374 WARN  server.GrpcLogAppender (LogUtils.java:warn(134)) - b29f5895-5d59-4d37-920e-c514776e34ac: Failed appendEntries to 358c4b0e-0058-48bf-b42c-5762a97c1207:192.168.46.18:37445: org.apache.ratis.thirdparty.io.grpc.StatusRuntimeException: UNAVAILABLE: io exception
2019-06-12 14:51:32,377 INFO  impl.FollowerInfo (FollowerInfo.java:lambda$new$0(50)) - b29f5895-5d59-4d37-920e-c514776e34ac->358c4b0e-0058-48bf-b42c-5762a97c1207: nextIndex: updateUnconditionally 0 -> 0
2019-06-12 14:51:32,388 WARN  server.GrpcLogAppender (LogUtils.java:warn(134)) - b29f5895-5d59-4d37-920e-c514776e34ac: Failed appendEntries to 795797cb-0d5b-4b12-bcd9-6620fc6c1618:192.168.46.18:34283: org.apache.ratis.thirdparty.io.grpc.StatusRuntimeException: UNAVAILABLE: io exception
2019-06-12 14:51:32,388 INFO  impl.FollowerInfo (FollowerInfo.java:lambda$new$0(50)) - b29f5895-5d59-4d37-920e-c514776e34ac->795797cb-0d5b-4b12-bcd9-6620fc6c1618: nextIndex: updateUnconditionally 0 -> 0
2019-06-12 14:51:32,875 WARN  server.GrpcLogAppender (LogUtils.java:warn(134)) - b29f5895-5d59-4d37-920e-c514776e34ac: Failed appendEntries to 358c4b0e-0058-48bf-b42c-5762a97c1207:192.168.46.18:37445: org.apache.ratis.thirdparty.io.grpc.StatusRuntimeException: UNAVAILABLE: io exception
2019-06-12 14:51:32,875 INFO  impl.FollowerInfo (FollowerInfo.java:lambda$new$0(50)) - b29f5895-5d59-4d37-920e-c514776e34ac->358c4b0e-0058-48bf-b42c-5762a97c1207: nextIndex: updateUnconditionally 0 -> 0
2019-06-12 14:51:32,888 WARN  server.GrpcLogAppender (LogUtils.java:warn(134)) - b29f5895-5d59-4d37-920e-c514776e34ac: Failed appendEntries to 795797cb-0d5b-4b12-bcd9-6620fc6c1618:192.168.46.18:34283: org.apache.ratis.thirdparty.io.grpc.StatusRuntimeException: UNAVAILABLE: io exception
2019-06-12 14:51:32,889 INFO  impl.FollowerInfo (FollowerInfo.java:lambda$new$0(50)) - b29f5895-5d59-4d37-920e-c514776e34ac->795797cb-0d5b-4b12-bcd9-6620fc6c1618: nextIndex: updateUnconditionally 0 -> 0
2019-06-12 14:51:33,376 WARN  server.GrpcLogAppender (LogUtils.java:warn(134)) - b29f5895-5d59-4d37-920e-c514776e34ac: Failed appendEntries to 358c4b0e-0058-48bf-b42c-5762a97c1207:192.168.46.18:37445: org.apache.ratis.thirdparty.io.grpc.StatusRuntimeException: UNAVAILABLE: io exception
2019-06-12 14:51:33,379 INFO  impl.FollowerInfo (FollowerInfo.java:lambda$new$0(50)) - b29f5895-5d59-4d37-920e-c514776e34ac->358c4b0e-0058-48bf-b42c-5762a97c1207: nextIndex: updateUnconditionally 0 -> 0
2019-06-12 14:51:33,391 WARN  server.GrpcLogAppender (LogUtils.java:warn(134)) - b29f5895-5d59-4d37-920e-c514776e34ac: Failed appendEntries to 795797cb-0d5b-4b12-bcd9-6620fc6c1618:192.168.46.18:34283: org.apache.ratis.thirdparty.io.grpc.StatusRuntimeException: UNAVAILABLE: io exception
2019-06-12 14:51:33,392 INFO  impl.FollowerInfo (FollowerInfo.java:lambda$new$0(50)) - b29f5895-5d59-4d37-920e-c514776e34ac->795797cb-0d5b-4b12-bcd9-6620fc6c1618: nextIndex: updateUnconditionally 0 -> 0
2019-06-12 14:51:33,876 WARN  server.GrpcLogAppender (LogUtils.java:warn(134)) - b29f5895-5d59-4d37-920e-c514776e34ac: Failed appendEntries to 358c4b0e-0058-48bf-b42c-5762a97c1207:192.168.46.18:37445: org.apache.ratis.thirdparty.io.grpc.StatusRuntimeException: UNAVAILABLE: io exception
2019-06-12 14:51:33,876 INFO  impl.FollowerInfo (FollowerInfo.java:lambda$new$0(50)) - b29f5895-5d59-4d37-920e-c514776e34ac->358c4b0e-0058-48bf-b42c-5762a97c1207: nextIndex: updateUnconditionally 0 -> 0
2019-06-12 14:51:33,889 WARN  server.GrpcLogAppender (LogUtils.java:warn(134)) - b29f5895-5d59-4d37-920e-c514776e34ac: Failed appendEntries to 795797cb-0d5b-4b12-bcd9-6620fc6c1618:192.168.46.18:34283: org.apache.ratis.thirdparty.io.grpc.StatusRuntimeException: UNAVAILABLE: io exception
2019-06-12 14:51:33,889 INFO  impl.FollowerInfo (FollowerInfo.java:lambda$new$0(50)) - b29f5895-5d59-4d37-920e-c514776e34ac->795797cb-0d5b-4b12-bcd9-6620fc6c1618: nextIndex: updateUnconditionally 0 -> 0
2019-06-12 14:51:34,376 WARN  server.GrpcLogAppender (LogUtils.java:warn(134)) - b29f5895-5d59-4d37-920e-c514776e34ac: Failed appendEntries to 358c4b0e-0058-48bf-b42c-5762a97c1207:192.168.46.18:37445: org.apache.ratis.thirdparty.io.grpc.StatusRuntimeException: UNAVAILABLE: io exception
2019-06-12 14:51:34,376 INFO  impl.FollowerInfo (FollowerInfo.java:lambda$new$0(50)) - b29f5895-5d59-4d37-920e-c514776e34ac->358c4b0e-0058-48bf-b42c-5762a97c1207: nextIndex: updateUnconditionally 0 -> 0
2019-06-12 14:51:34,389 WARN  server.GrpcLogAppender (LogUtils.java:warn(134)) - b29f5895-5d59-4d37-920e-c514776e34ac: Failed appendEntries to 795797cb-0d5b-4b12-bcd9-6620fc6c1618:192.168.46.18:34283: org.apache.ratis.thirdparty.io.grpc.StatusRuntimeException: UNAVAILABLE: io exception
2019-06-12 14:51:34,390 INFO  impl.FollowerInfo (FollowerInfo.java:lambda$new$0(50)) - b29f5895-5d59-4d37-920e-c514776e34ac->795797cb-0d5b-4b12-bcd9-6620fc6c1618: nextIndex: updateUnconditionally 0 -> 0
2019-06-12 14:51:34,876 WARN  server.GrpcLogAppender (LogUtils.java:warn(134)) - b29f5895-5d59-4d37-920e-c514776e34ac: Failed appendEntries to 358c4b0e-0058-48bf-b42c-5762a97c1207:192.168.46.18:37445: org.apache.ratis.thirdparty.io.grpc.StatusRuntimeException: UNAVAILABLE: io exception
2019-06-12 14:51:34,877 INFO  impl.FollowerInfo (FollowerInfo.java:lambda$new$0(50)) - b29f5895-5d59-4d37-920e-c514776e34ac->358c4b0e-0058-48bf-b42c-5762a97c1207: nextIndex: updateUnconditionally 0 -> 0
2019-06-12 14:51:34,890 WARN  server.GrpcLogAppender (LogUtils.java:warn(134)) - b29f5895-5d59-4d37-920e-c514776e34ac: Failed appendEntries to 795797cb-0d5b-4b12-bcd9-6620fc6c1618:192.168.46.18:34283: org.apache.ratis.thirdparty.io.grpc.StatusRuntimeException: UNAVAILABLE: io exception
2019-06-12 14:51:34,890 INFO  impl.FollowerInfo (FollowerInfo.java:lambda$new$0(50)) - b29f5895-5d59-4d37-920e-c514776e34ac->795797cb-0d5b-4b12-bcd9-6620fc6c1618: nextIndex: updateUnconditionally 0 -> 0
2019-06-12 14:51:35,377 WARN  server.GrpcLogAppender (LogUtils.java:warn(134)) - b29f5895-5d59-4d37-920e-c514776e34ac: Failed appendEntries to 358c4b0e-0058-48bf-b42c-5762a97c1207:192.168.46.18:37445: org.apache.ratis.thirdparty.io.grpc.StatusRuntimeException: UNAVAILABLE: io exception
2019-06-12 14:51:35,377 INFO  impl.FollowerInfo (FollowerInfo.java:lambda$new$0(50)) - b29f5895-5d59-4d37-920e-c514776e34ac->358c4b0e-0058-48bf-b42c-5762a97c1207: nextIndex: updateUnconditionally 0 -> 0
2019-06-12 14:51:35,390 WARN  server.GrpcLogAppender (LogUtils.java:warn(134)) - b29f5895-5d59-4d37-920e-c514776e34ac: Failed appendEntries to 795797cb-0d5b-4b12-bcd9-6620fc6c1618:192.168.46.18:34283: org.apache.ratis.thirdparty.io.grpc.StatusRuntimeException: UNAVAILABLE: io exception
2019-06-12 14:51:35,390 INFO  impl.FollowerInfo (FollowerInfo.java:lambda$new$0(50)) - b29f5895-5d59-4d37-920e-c514776e34ac->795797cb-0d5b-4b12-bcd9-6620fc6c1618: nextIndex: updateUnconditionally 0 -> 0
2019-06-12 14:51:35,877 WARN  server.GrpcLogAppender (LogUtils.java:warn(134)) - b29f5895-5d59-4d37-920e-c514776e34ac: Failed appendEntries to 358c4b0e-0058-48bf-b42c-5762a97c1207:192.168.46.18:37445: org.apache.ratis.thirdparty.io.grpc.StatusRuntimeException: UNAVAILABLE: io exception
2019-06-12 14:51:35,877 INFO  impl.FollowerInfo (FollowerInfo.java:lambda$new$0(50)) - b29f5895-5d59-4d37-920e-c514776e34ac->358c4b0e-0058-48bf-b42c-5762a97c1207: nextIndex: updateUnconditionally 0 -> 0
2019-06-12 14:51:35,890 WARN  server.GrpcLogAppender (LogUtils.java:warn(134)) - b29f5895-5d59-4d37-920e-c514776e34ac: Failed appendEntries to 795797cb-0d5b-4b12-bcd9-6620fc6c1618:192.168.46.18:34283: org.apache.ratis.thirdparty.io.grpc.StatusRuntimeException: UNAVAILABLE: io exception
2019-06-12 14:51:35,891 INFO  impl.FollowerInfo (FollowerInfo.java:lambda$new$0(50)) - b29f5895-5d59-4d37-920e-c514776e34ac->795797cb-0d5b-4b12-bcd9-6620fc6c1618: nextIndex: updateUnconditionally 0 -> 0
2019-06-12 14:51:36,378 WARN  server.GrpcLogAppender (LogUtils.java:warn(134)) - b29f5895-5d59-4d37-920e-c514776e34ac: Failed appendEntries to 358c4b0e-0058-48bf-b42c-5762a97c1207:192.168.46.18:37445: org.apache.ratis.thirdparty.io.grpc.StatusRuntimeException: UNAVAILABLE: io exception
2019-06-12 14:51:36,378 INFO  impl.FollowerInfo (FollowerInfo.java:lambda$new$0(50)) - b29f5895-5d59-4d37-920e-c514776e34ac->358c4b0e-0058-48bf-b42c-5762a97c1207: nextIndex: updateUnconditionally 0 -> 0
2019-06-12 14:51:36,391 WARN  server.GrpcLogAppender (LogUtils.java:warn(134)) - b29f5895-5d59-4d37-920e-c514776e34ac: Failed appendEntries to 795797cb-0d5b-4b12-bcd9-6620fc6c1618:192.168.46.18:34283: org.apache.ratis.thirdparty.io.grpc.StatusRuntimeException: UNAVAILABLE: io exception
2019-06-12 14:51:36,391 INFO  impl.FollowerInfo (FollowerInfo.java:lambda$new$0(50)) - b29f5895-5d59-4d37-920e-c514776e34ac->795797cb-0d5b-4b12-bcd9-6620fc6c1618: nextIndex: updateUnconditionally 0 -> 0
2019-06-12 14:51:36,674 INFO  client.GrpcClientProtocolService (GrpcClientProtocolService.java:lambda$processClientRequest$0(264)) - Failed RaftClientRequest:client-AAE5F46CDE4B->b29f5895-5d59-4d37-920e-c514776e34ac@group-541D171EF391, cid=68, seq=0, Watch-MAJORITY_COMMITTED(2), Message:<EMPTY>, reply=RaftClientReply:client-AAE5F46CDE4B->b29f5895-5d59-4d37-920e-c514776e34ac@group-541D171EF391, cid=68, FAILED org.apache.ratis.protocol.NotReplicatedException: Request with call Id 68 and log index 2 is not yet replicated to MAJORITY_COMMITTED, logIndex=2, commits[b29f5895-5d59-4d37-920e-c514776e34ac:c2, 795797cb-0d5b-4b12-bcd9-6620fc6c1618:c1, 358c4b0e-0058-48bf-b42c-5762a97c1207:c1]
2019-06-12 14:51:36,878 WARN  server.GrpcLogAppender (LogUtils.java:warn(134)) - b29f5895-5d59-4d37-920e-c514776e34ac: Failed appendEntries to 358c4b0e-0058-48bf-b42c-5762a97c1207:192.168.46.18:37445: org.apache.ratis.thirdparty.io.grpc.StatusRuntimeException: UNAVAILABLE: io exception
2019-06-12 14:51:36,878 INFO  impl.FollowerInfo (FollowerInfo.java:lambda$new$0(50)) - b29f5895-5d59-4d37-920e-c514776e34ac->358c4b0e-0058-48bf-b42c-5762a97c1207: nextIndex: updateUnconditionally 0 -> 0
2019-06-12 14:51:36,891 WARN  server.GrpcLogAppender (LogUtils.java:warn(134)) - b29f5895-5d59-4d37-920e-c514776e34ac: Failed appendEntries to 795797cb-0d5b-4b12-bcd9-6620fc6c1618:192.168.46.18:34283: org.apache.ratis.thirdparty.io.grpc.StatusRuntimeException: UNAVAILABLE: io exception
2019-06-12 14:51:36,891 INFO  impl.FollowerInfo (FollowerInfo.java:lambda$new$0(50)) - b29f5895-5d59-4d37-920e-c514776e34ac->795797cb-0d5b-4b12-bcd9-6620fc6c1618: nextIndex: updateUnconditionally 0 -> 0
2019-06-12 14:51:37,379 WARN  server.GrpcLogAppender (LogUtils.java:warn(134)) - b29f5895-5d59-4d37-920e-c514776e34ac: Failed appendEntries to 358c4b0e-0058-48bf-b42c-5762a97c1207:192.168.46.18:37445: org.apache.ratis.thirdparty.io.grpc.StatusRuntimeException: UNAVAILABLE: io exception
2019-06-12 14:51:37,381 INFO  impl.FollowerInfo (FollowerInfo.java:lambda$new$0(50)) - b29f5895-5d59-4d37-920e-c514776e34ac->358c4b0e-0058-48bf-b42c-5762a97c1207: nextIndex: updateUnconditionally 0 -> 0
2019-06-12 14:51:37,391 WARN  server.GrpcLogAppender (LogUtils.java:warn(134)) - b29f5895-5d59-4d37-920e-c514776e34ac: Failed appendEntries to 795797cb-0d5b-4b12-bcd9-6620fc6c1618:192.168.46.18:34283: org.apache.ratis.thirdparty.io.grpc.StatusRuntimeException: UNAVAILABLE: io exception
2019-06-12 14:51:37,392 INFO  impl.FollowerInfo (FollowerInfo.java:lambda$new$0(50)) - b29f5895-5d59-4d37-920e-c514776e34ac->795797cb-0d5b-4b12-bcd9-6620fc6c1618: nextIndex: updateUnconditionally 0 -> 0
2019-06-12 14:51:37,879 WARN  server.GrpcLogAppender (LogUtils.java:warn(134)) - b29f5895-5d59-4d37-920e-c514776e34ac: Failed appendEntries to 358c4b0e-0058-48bf-b42c-5762a97c1207:192.168.46.18:37445: org.apache.ratis.thirdparty.io.grpc.StatusRuntimeException: UNAVAILABLE: io exception
2019-06-12 14:51:37,879 INFO  impl.FollowerInfo (FollowerInfo.java:lambda$new$0(50)) - b29f5895-5d59-4d37-920e-c514776e34ac->358c4b0e-0058-48bf-b42c-5762a97c1207: nextIndex: updateUnconditionally 0 -> 0
2019-06-12 14:51:37,892 WARN  server.GrpcLogAppender (LogUtils.java:warn(134)) - b29f5895-5d59-4d37-920e-c514776e34ac: Failed appendEntries to 795797cb-0d5b-4b12-bcd9-6620fc6c1618:192.168.46.18:34283: org.apache.ratis.thirdparty.io.grpc.StatusRuntimeException: UNAVAILABLE: io exception
2019-06-12 14:51:37,892 INFO  impl.FollowerInfo (FollowerInfo.java:lambda$new$0(50)) - b29f5895-5d59-4d37-920e-c514776e34ac->795797cb-0d5b-4b12-bcd9-6620fc6c1618: nextIndex: updateUnconditionally 0 -> 0
2019-06-12 14:51:38,379 WARN  server.GrpcLogAppender (LogUtils.java:warn(134)) - b29f5895-5d59-4d37-920e-c514776e34ac: Failed appendEntries to 358c4b0e-0058-48bf-b42c-5762a97c1207:192.168.46.18:37445: org.apache.ratis.thirdparty.io.grpc.StatusRuntimeException: UNAVAILABLE: io exception
2019-06-12 14:51:38,380 INFO  impl.FollowerInfo (FollowerInfo.java:lambda$new$0(50)) - b29f5895-5d59-4d37-920e-c514776e34ac->358c4b0e-0058-48bf-b42c-5762a97c1207: nextIndex: updateUnconditionally 0 -> 0
2019-06-12 14:51:38,392 WARN  server.GrpcLogAppender (LogUtils.java:warn(134)) - b29f5895-5d59-4d37-920e-c514776e34ac: Failed appendEntries to 795797cb-0d5b-4b12-bcd9-6620fc6c1618:192.168.46.18:34283: org.apache.ratis.thirdparty.io.grpc.StatusRuntimeException: UNAVAILABLE: io exception
2019-06-12 14:51:38,392 INFO  impl.FollowerInfo (FollowerInfo.java:lambda$new$0(50)) - b29f5895-5d59-4d37-920e-c514776e34ac->795797cb-0d5b-4b12-bcd9-6620fc6c1618: nextIndex: updateUnconditionally 0 -> 0
2019-06-12 14:51:38,880 WARN  server.GrpcLogAppender (LogUtils.java:warn(134)) - b29f5895-5d59-4d37-920e-c514776e34ac: Failed appendEntries to 358c4b0e-0058-48bf-b42c-5762a97c1207:192.168.46.18:37445: org.apache.ratis.thirdparty.io.grpc.StatusRuntimeException: UNAVAILABLE: io exception
2019-06-12 14:51:38,880 INFO  impl.FollowerInfo (FollowerInfo.java:lambda$new$0(50)) - b29f5895-5d59-4d37-920e-c514776e34ac->358c4b0e-0058-48bf-b42c-5762a97c1207: nextIndex: updateUnconditionally 0 -> 0
2019-06-12 14:51:38,892 WARN  server.GrpcLogAppender (LogUtils.java:warn(134)) - b29f5895-5d59-4d37-920e-c514776e34ac: Failed appendEntries to 795797cb-0d5b-4b12-bcd9-6620fc6c1618:192.168.46.18:34283: org.apache.ratis.thirdparty.io.grpc.StatusRuntimeException: UNAVAILABLE: io exception
2019-06-12 14:51:38,892 INFO  impl.FollowerInfo (FollowerInfo.java:lambda$new$0(50)) - b29f5895-5d59-4d37-920e-c514776e34ac->795797cb-0d5b-4b12-bcd9-6620fc6c1618: nextIndex: updateUnconditionally 0 -> 0
]]></system-out>
    <system-err><![CDATA[Jun 12, 2019 2:50:51 PM com.sun.jersey.server.impl.application.WebApplicationImpl _initiate
INFO: Initiating Jersey application, version 'Jersey: 1.19 02/11/2015 03:25 AM'
Jun 12, 2019 2:50:51 PM com.sun.jersey.server.impl.application.WebApplicationImpl _initiate
INFO: Initiating Jersey application, version 'Jersey: 1.19 02/11/2015 03:25 AM'
Jun 12, 2019 2:50:51 PM com.sun.jersey.server.impl.application.WebApplicationImpl _initiate
INFO: Initiating Jersey application, version 'Jersey: 1.19 02/11/2015 03:25 AM'
Jun 12, 2019 2:50:52 PM com.sun.jersey.server.impl.application.WebApplicationImpl _initiate
INFO: Initiating Jersey application, version 'Jersey: 1.19 02/11/2015 03:25 AM'
Jun 12, 2019 2:50:52 PM com.sun.jersey.server.impl.application.WebApplicationImpl _initiate
INFO: Initiating Jersey application, version 'Jersey: 1.19 02/11/2015 03:25 AM'
Jun 12, 2019 2:50:52 PM com.sun.jersey.server.impl.application.WebApplicationImpl _initiate
INFO: Initiating Jersey application, version 'Jersey: 1.19 02/11/2015 03:25 AM'
Jun 12, 2019 2:50:52 PM com.sun.jersey.server.impl.application.WebApplicationImpl _initiate
INFO: Initiating Jersey application, version 'Jersey: 1.19 02/11/2015 03:25 AM'
]]></system-err>
  </testcase>
  <testcase name="testWatchForCommitForGroupMismatchException" classname="org.apache.hadoop.ozone.client.rpc.TestWatchForCommit" time="8.961"/>
  <testcase name="test2WayCommitForTimeoutException" classname="org.apache.hadoop.ozone.client.rpc.TestWatchForCommit" time="14.995"/>
  <testcase name="test2WayCommitForRetryfailure" classname="org.apache.hadoop.ozone.client.rpc.TestWatchForCommit" time="29.957"/>
</testsuite>