<?xml version="1.0" encoding="UTF-8"?>
<testsuite xmlns:xsi="http://www.w3.org/2001/XMLSchema-instance" xsi:noNamespaceSchemaLocation="https://maven.apache.org/surefire/maven-surefire-plugin/xsd/surefire-test-report.xsd" name="org.apache.hadoop.ozone.TestStorageContainerManager" time="46.36" tests="8" errors="2" skipped="0" failures="0">
  <properties>
    <property name="awt.toolkit" value="sun.awt.X11.XToolkit"/>
    <property name="file.encoding.pkg" value="sun.io"/>
    <property name="java.specification.version" value="1.8"/>
    <property name="sun.cpu.isalist" value=""/>
    <property name="sun.jnu.encoding" value="UTF-8"/>
    <property name="java.class.path" value="/opt/src/hadoop-ozone/integration-test/target/test-classes:/opt/src/hadoop-ozone/integration-test/target/classes:/root/.m2/repository/org/apache/hadoop/hadoop-ozone-common/0.5.0-SNAPSHOT/hadoop-ozone-common-0.5.0-SNAPSHOT.jar:/root/.m2/repository/org/apache/commons/commons-compress/1.4.1/commons-compress-1.4.1.jar:/root/.m2/repository/org/tukaani/xz/1.0/xz-1.0.jar:/root/.m2/repository/org/apache/hadoop/hadoop-common/3.2.0/hadoop-common-3.2.0.jar:/root/.m2/repository/org/apache/hadoop/hadoop-hdfs/3.2.0/hadoop-hdfs-3.2.0.jar:/root/.m2/repository/org/apache/hadoop/hadoop-hdfs-client/3.2.0/hadoop-hdfs-client-3.2.0.jar:/root/.m2/repository/com/fasterxml/jackson/core/jackson-annotations/2.9.5/jackson-annotations-2.9.5.jar:/root/.m2/repository/org/apache/hadoop/hadoop-hdds-common/0.5.0-SNAPSHOT/hadoop-hdds-common-0.5.0-SNAPSHOT.jar:/root/.m2/repository/javax/annotation/javax.annotation-api/1.2/javax.annotation-api-1.2.jar:/root/.m2/repository/org/apache/ratis/ratis-server/0.4.0-fe2b15d-SNAPSHOT/ratis-server-0.4.0-fe2b15d-SNAPSHOT.jar:/root/.m2/repository/org/apache/ratis/ratis-thirdparty-misc/0.2.0/ratis-thirdparty-misc-0.2.0.jar:/root/.m2/repository/org/apache/ratis/ratis-proto/0.4.0-fe2b15d-SNAPSHOT/ratis-proto-0.4.0-fe2b15d-SNAPSHOT.jar:/root/.m2/repository/org/apache/ratis/ratis-common/0.4.0-fe2b15d-SNAPSHOT/ratis-common-0.4.0-fe2b15d-SNAPSHOT.jar:/root/.m2/repository/org/apache/ratis/ratis-client/0.4.0-fe2b15d-SNAPSHOT/ratis-client-0.4.0-fe2b15d-SNAPSHOT.jar:/root/.m2/repository/org/apache/ratis/ratis-netty/0.4.0-fe2b15d-SNAPSHOT/ratis-netty-0.4.0-fe2b15d-SNAPSHOT.jar:/root/.m2/repository/org/apache/ratis/ratis-grpc/0.4.0-fe2b15d-SNAPSHOT/ratis-grpc-0.4.0-fe2b15d-SNAPSHOT.jar:/root/.m2/repository/org/rocksdb/rocksdbjni/5.14.2/rocksdbjni-5.14.2.jar:/root/.m2/repository/org/apache/logging/log4j/log4j-api/2.11.0/log4j-api-2.11.0.jar:/root/.m2/repository/org/apache/logging/log4j/log4j-core/2.11.0/log4j-core-2.11.0.jar:/root/.m2/repository/com/lmax/disruptor/3.4.2/disruptor-3.4.2.jar:/root/.m2/repository/org/apache/commons/commons-pool2/2.6.0/commons-pool2-2.6.0.jar:/root/.m2/repository/org/bouncycastle/bcpkix-jdk15on/1.60/bcpkix-jdk15on-1.60.jar:/root/.m2/repository/commons-validator/commons-validator/1.6/commons-validator-1.6.jar:/root/.m2/repository/commons-digester/commons-digester/1.8.1/commons-digester-1.8.1.jar:/root/.m2/repository/io/jaegertracing/jaeger-client/0.33.1/jaeger-client-0.33.1.jar:/root/.m2/repository/io/jaegertracing/jaeger-thrift/0.33.1/jaeger-thrift-0.33.1.jar:/root/.m2/repository/org/apache/thrift/libthrift/0.11.0/libthrift-0.11.0.jar:/root/.m2/repository/com/squareup/okhttp3/okhttp/3.9.0/okhttp-3.9.0.jar:/root/.m2/repository/com/squareup/okio/okio/1.13.0/okio-1.13.0.jar:/root/.m2/repository/io/jaegertracing/jaeger-core/0.33.1/jaeger-core-0.33.1.jar:/root/.m2/repository/io/jaegertracing/jaeger-tracerresolver/0.33.1/jaeger-tracerresolver-0.33.1.jar:/root/.m2/repository/io/opentracing/contrib/opentracing-tracerresolver/0.1.5/opentracing-tracerresolver-0.1.5.jar:/root/.m2/repository/io/opentracing/opentracing-util/0.31.0/opentracing-util-0.31.0.jar:/root/.m2/repository/io/opentracing/opentracing-api/0.31.0/opentracing-api-0.31.0.jar:/root/.m2/repository/io/opentracing/opentracing-noop/0.31.0/opentracing-noop-0.31.0.jar:/root/.m2/repository/org/apache/hadoop/hadoop-hdds-server-framework/0.5.0-SNAPSHOT/hadoop-hdds-server-framework-0.5.0-SNAPSHOT.jar:/root/.m2/repository/org/apache/hadoop/hadoop-hdds-server-scm/0.5.0-SNAPSHOT/hadoop-hdds-server-scm-0.5.0-SNAPSHOT.jar:/root/.m2/repository/org/apache/hadoop/hadoop-hdds-container-service/0.5.0-SNAPSHOT/hadoop-hdds-container-service-0.5.0-SNAPSHOT.jar:/root/.m2/repository/org/apache/hadoop/hadoop-hdds-client/0.5.0-SNAPSHOT/hadoop-hdds-client-0.5.0-SNAPSHOT.jar:/root/.m2/repository/org/apache/hadoop/hadoop-hdds-tools/0.5.0-SNAPSHOT/hadoop-hdds-tools-0.5.0-SNAPSHOT.jar:/root/.m2/repository/org/apache/hadoop/hadoop-ozone-ozone-manager/0.5.0-SNAPSHOT/hadoop-ozone-ozone-manager-0.5.0-SNAPSHOT.jar:/root/.m2/repository/org/apache/hadoop/hadoop-hdds-docs/0.5.0-SNAPSHOT/hadoop-hdds-docs-0.5.0-SNAPSHOT.jar:/root/.m2/repository/org/bouncycastle/bcprov-jdk15on/1.60/bcprov-jdk15on-1.60.jar:/root/.m2/repository/org/apache/hadoop/hadoop-minikdc/3.2.0/hadoop-minikdc-3.2.0.jar:/root/.m2/repository/commons-io/commons-io/2.5/commons-io-2.5.jar:/root/.m2/repository/org/apache/kerby/kerb-simplekdc/1.0.1/kerb-simplekdc-1.0.1.jar:/root/.m2/repository/org/apache/kerby/kerb-client/1.0.1/kerb-client-1.0.1.jar:/root/.m2/repository/org/apache/kerby/kerby-config/1.0.1/kerby-config-1.0.1.jar:/root/.m2/repository/org/apache/kerby/kerb-core/1.0.1/kerb-core-1.0.1.jar:/root/.m2/repository/org/apache/kerby/kerby-pkix/1.0.1/kerby-pkix-1.0.1.jar:/root/.m2/repository/org/apache/kerby/kerby-asn1/1.0.1/kerby-asn1-1.0.1.jar:/root/.m2/repository/org/apache/kerby/kerby-util/1.0.1/kerby-util-1.0.1.jar:/root/.m2/repository/org/apache/kerby/kerb-common/1.0.1/kerb-common-1.0.1.jar:/root/.m2/repository/org/apache/kerby/kerb-crypto/1.0.1/kerb-crypto-1.0.1.jar:/root/.m2/repository/org/apache/kerby/kerb-util/1.0.1/kerb-util-1.0.1.jar:/root/.m2/repository/org/apache/kerby/token-provider/1.0.1/token-provider-1.0.1.jar:/root/.m2/repository/org/apache/kerby/kerb-admin/1.0.1/kerb-admin-1.0.1.jar:/root/.m2/repository/org/apache/kerby/kerb-server/1.0.1/kerb-server-1.0.1.jar:/root/.m2/repository/org/apache/kerby/kerb-identity/1.0.1/kerb-identity-1.0.1.jar:/root/.m2/repository/org/apache/kerby/kerby-xdr/1.0.1/kerby-xdr-1.0.1.jar:/root/.m2/repository/org/slf4j/slf4j-log4j12/1.7.25/slf4j-log4j12-1.7.25.jar:/root/.m2/repository/org/apache/hadoop/hadoop-ozone-objectstore-service/0.5.0-SNAPSHOT/hadoop-ozone-objectstore-service-0.5.0-SNAPSHOT.jar:/root/.m2/repository/org/apache/hadoop/hadoop-ozone-s3gateway/0.5.0-SNAPSHOT/hadoop-ozone-s3gateway-0.5.0-SNAPSHOT.jar:/root/.m2/repository/org/jboss/weld/servlet/weld-servlet/2.4.7.Final/weld-servlet-2.4.7.Final.jar:/root/.m2/repository/org/glassfish/jersey/containers/jersey-container-servlet-core/2.27/jersey-container-servlet-core-2.27.jar:/root/.m2/repository/org/glassfish/hk2/external/javax.inject/2.5.0-b42/javax.inject-2.5.0-b42.jar:/root/.m2/repository/org/glassfish/jersey/core/jersey-common/2.27/jersey-common-2.27.jar:/root/.m2/repository/org/glassfish/hk2/osgi-resource-locator/1.0.1/osgi-resource-locator-1.0.1.jar:/root/.m2/repository/javax/ws/rs/javax.ws.rs-api/2.1/javax.ws.rs-api-2.1.jar:/root/.m2/repository/org/glassfish/jersey/ext/cdi/jersey-cdi1x/2.27/jersey-cdi1x-2.27.jar:/root/.m2/repository/org/glassfish/jersey/inject/jersey-hk2/2.27/jersey-hk2-2.27.jar:/root/.m2/repository/org/glassfish/hk2/hk2-locator/2.5.0-b42/hk2-locator-2.5.0-b42.jar:/root/.m2/repository/org/javassist/javassist/3.22.0-CR2/javassist-3.22.0-CR2.jar:/root/.m2/repository/org/glassfish/hk2/hk2-api/2.5.0/hk2-api-2.5.0.jar:/root/.m2/repository/org/glassfish/hk2/external/jakarta.inject/2.5.0/jakarta.inject-2.5.0.jar:/root/.m2/repository/org/glassfish/hk2/hk2-utils/2.5.0/hk2-utils-2.5.0.jar:/root/.m2/repository/jakarta/annotation/jakarta.annotation-api/1.3.4/jakarta.annotation-api-1.3.4.jar:/root/.m2/repository/org/glassfish/hk2/external/aopalliance-repackaged/2.5.0/aopalliance-repackaged-2.5.0.jar:/root/.m2/repository/com/fasterxml/jackson/dataformat/jackson-dataformat-xml/2.9.0/jackson-dataformat-xml-2.9.0.jar:/root/.m2/repository/com/fasterxml/jackson/core/jackson-core/2.9.5/jackson-core-2.9.5.jar:/root/.m2/repository/com/fasterxml/jackson/module/jackson-module-jaxb-annotations/2.9.5/jackson-module-jaxb-annotations-2.9.5.jar:/root/.m2/repository/javax/enterprise/cdi-api/1.2/cdi-api-1.2.jar:/root/.m2/repository/javax/el/javax.el-api/3.0.0/javax.el-api-3.0.0.jar:/root/.m2/repository/javax/interceptor/javax.interceptor-api/1.2/javax.interceptor-api-1.2.jar:/root/.m2/repository/javax/inject/javax.inject/1/javax.inject-1.jar:/root/.m2/repository/com/sun/xml/bind/jaxb-impl/2.3.0.1/jaxb-impl-2.3.0.1.jar:/root/.m2/repository/com/sun/xml/bind/jaxb-core/2.3.0.1/jaxb-core-2.3.0.1.jar:/root/.m2/repository/javax/xml/bind/jaxb-api/2.3.0/jaxb-api-2.3.0.jar:/root/.m2/repository/javax/activation/activation/1.1.1/activation-1.1.1.jar:/root/.m2/repository/org/apache/hadoop/hadoop-ozone-csi/0.5.0-SNAPSHOT/hadoop-ozone-csi-0.5.0-SNAPSHOT.jar:/root/.m2/repository/com/google/protobuf/protobuf-java-util/3.5.1/protobuf-java-util-3.5.1.jar:/root/.m2/repository/org/apache/hadoop/hadoop-hdds-config/0.5.0-SNAPSHOT/hadoop-hdds-config-0.5.0-SNAPSHOT.jar:/root/.m2/repository/com/google/guava/guava/11.0.2/guava-11.0.2.jar:/root/.m2/repository/com/google/protobuf/protobuf-java/2.5.0/protobuf-java-2.5.0.jar:/root/.m2/repository/io/grpc/grpc-netty/1.17.1/grpc-netty-1.17.1.jar:/root/.m2/repository/io/grpc/grpc-core/1.17.1/grpc-core-1.17.1.jar:/root/.m2/repository/io/grpc/grpc-context/1.17.1/grpc-context-1.17.1.jar:/root/.m2/repository/com/google/errorprone/error_prone_annotations/2.2.0/error_prone_annotations-2.2.0.jar:/root/.m2/repository/org/codehaus/mojo/animal-sniffer-annotations/1.17/animal-sniffer-annotations-1.17.jar:/root/.m2/repository/io/opencensus/opencensus-api/0.17.0/opencensus-api-0.17.0.jar:/root/.m2/repository/io/opencensus/opencensus-contrib-grpc-metrics/0.17.0/opencensus-contrib-grpc-metrics-0.17.0.jar:/root/.m2/repository/io/netty/netty-codec-http2/4.1.30.Final/netty-codec-http2-4.1.30.Final.jar:/root/.m2/repository/io/netty/netty-codec-http/4.1.30.Final/netty-codec-http-4.1.30.Final.jar:/root/.m2/repository/io/netty/netty-codec/4.1.30.Final/netty-codec-4.1.30.Final.jar:/root/.m2/repository/io/netty/netty-handler/4.1.30.Final/netty-handler-4.1.30.Final.jar:/root/.m2/repository/io/netty/netty-handler-proxy/4.1.30.Final/netty-handler-proxy-4.1.30.Final.jar:/root/.m2/repository/io/netty/netty-codec-socks/4.1.30.Final/netty-codec-socks-4.1.30.Final.jar:/root/.m2/repository/io/netty/netty-transport-native-epoll/4.1.30.Final/netty-transport-native-epoll-4.1.30.Final.jar:/root/.m2/repository/io/netty/netty-common/4.1.30.Final/netty-common-4.1.30.Final.jar:/root/.m2/repository/io/netty/netty-buffer/4.1.30.Final/netty-buffer-4.1.30.Final.jar:/root/.m2/repository/io/netty/netty-transport/4.1.30.Final/netty-transport-4.1.30.Final.jar:/root/.m2/repository/io/netty/netty-resolver/4.1.30.Final/netty-resolver-4.1.30.Final.jar:/root/.m2/repository/io/netty/netty-transport-native-unix-common/4.1.30.Final/netty-transport-native-unix-common-4.1.30.Final.jar:/root/.m2/repository/io/grpc/grpc-protobuf/1.17.1/grpc-protobuf-1.17.1.jar:/root/.m2/repository/com/google/api/grpc/proto-google-common-protos/1.0.0/proto-google-common-protos-1.0.0.jar:/root/.m2/repository/io/grpc/grpc-protobuf-lite/1.17.1/grpc-protobuf-lite-1.17.1.jar:/root/.m2/repository/io/grpc/grpc-stub/1.17.1/grpc-stub-1.17.1.jar:/root/.m2/repository/org/apache/hadoop/hadoop-ozone-recon/0.5.0-SNAPSHOT/hadoop-ozone-recon-0.5.0-SNAPSHOT.jar:/root/.m2/repository/org/apache/hadoop/hadoop-ozone-reconcodegen/0.5.0-SNAPSHOT/hadoop-ozone-reconcodegen-0.5.0-SNAPSHOT.jar:/root/.m2/repository/com/google/inject/extensions/guice-multibindings/4.0/guice-multibindings-4.0.jar:/root/.m2/repository/com/google/inject/guice/4.0/guice-4.0.jar:/root/.m2/repository/aopalliance/aopalliance/1.0/aopalliance-1.0.jar:/root/.m2/repository/com/google/inject/extensions/guice-servlet/4.0/guice-servlet-4.0.jar:/root/.m2/repository/org/glassfish/jersey/containers/jersey-container-servlet/2.27/jersey-container-servlet-2.27.jar:/root/.m2/repository/org/glassfish/hk2/guice-bridge/2.5.0/guice-bridge-2.5.0.jar:/root/.m2/repository/org/glassfish/jersey/core/jersey-server/2.27/jersey-server-2.27.jar:/root/.m2/repository/org/glassfish/jersey/core/jersey-client/2.27/jersey-client-2.27.jar:/root/.m2/repository/org/glassfish/jersey/media/jersey-media-jaxb/2.27/jersey-media-jaxb-2.27.jar:/root/.m2/repository/javax/validation/validation-api/1.1.0.Final/validation-api-1.1.0.Final.jar:/root/.m2/repository/org/glassfish/jersey/media/jersey-media-json-jackson/2.27/jersey-media-json-jackson-2.27.jar:/root/.m2/repository/org/glassfish/jersey/ext/jersey-entity-filtering/2.27/jersey-entity-filtering-2.27.jar:/root/.m2/repository/com/google/inject/extensions/guice-assistedinject/4.0/guice-assistedinject-4.0.jar:/root/.m2/repository/org/jooq/jooq/3.11.10/jooq-3.11.10.jar:/root/.m2/repository/org/jooq/jooq-meta/3.11.10/jooq-meta-3.11.10.jar:/root/.m2/repository/org/jooq/jooq-codegen/3.11.10/jooq-codegen-3.11.10.jar:/root/.m2/repository/com/jolbox/bonecp/0.8.0.RELEASE/bonecp-0.8.0.RELEASE.jar:/root/.m2/repository/org/xerial/sqlite-jdbc/3.25.2/sqlite-jdbc-3.25.2.jar:/root/.m2/repository/org/springframework/spring-jdbc/5.1.3.RELEASE/spring-jdbc-5.1.3.RELEASE.jar:/root/.m2/repository/org/springframework/spring-beans/5.1.3.RELEASE/spring-beans-5.1.3.RELEASE.jar:/root/.m2/repository/org/springframework/spring-core/5.1.3.RELEASE/spring-core-5.1.3.RELEASE.jar:/root/.m2/repository/org/springframework/spring-jcl/5.1.3.RELEASE/spring-jcl-5.1.3.RELEASE.jar:/root/.m2/repository/org/springframework/spring-tx/5.1.3.RELEASE/spring-tx-5.1.3.RELEASE.jar:/root/.m2/repository/org/apache/hadoop/hadoop-ozone-client/0.5.0-SNAPSHOT/hadoop-ozone-client-0.5.0-SNAPSHOT.jar:/root/.m2/repository/org/apache/hadoop/hadoop-ozone-ozone-manager/0.5.0-SNAPSHOT/hadoop-ozone-ozone-manager-0.5.0-SNAPSHOT-tests.jar:/root/.m2/repository/junit/junit/4.11/junit-4.11.jar:/root/.m2/repository/org/hamcrest/hamcrest-core/1.3/hamcrest-core-1.3.jar:/root/.m2/repository/org/openjdk/jmh/jmh-core/1.19/jmh-core-1.19.jar:/root/.m2/repository/net/sf/jopt-simple/jopt-simple/4.6/jopt-simple-4.6.jar:/root/.m2/repository/org/apache/commons/commons-math3/3.1.1/commons-math3-3.1.1.jar:/root/.m2/repository/org/openjdk/jmh/jmh-generator-annprocess/1.19/jmh-generator-annprocess-1.19.jar:/root/.m2/repository/org/mockito/mockito-all/1.8.5/mockito-all-1.8.5.jar:/root/.m2/repository/org/apache/hadoop/hadoop-kms/3.2.0/hadoop-kms-3.2.0.jar:/root/.m2/repository/org/apache/hadoop/hadoop-auth/3.2.0/hadoop-auth-3.2.0.jar:/root/.m2/repository/com/nimbusds/nimbus-jose-jwt/4.41.1/nimbus-jose-jwt-4.41.1.jar:/root/.m2/repository/com/github/stephenc/jcip/jcip-annotations/1.0-1/jcip-annotations-1.0-1.jar:/root/.m2/repository/net/minidev/json-smart/2.3/json-smart-2.3.jar:/root/.m2/repository/net/minidev/accessors-smart/1.2/accessors-smart-1.2.jar:/root/.m2/repository/org/ow2/asm/asm/5.0.4/asm-5.0.4.jar:/root/.m2/repository/org/apache/curator/curator-framework/2.12.0/curator-framework-2.12.0.jar:/root/.m2/repository/com/sun/jersey/jersey-core/1.19/jersey-core-1.19.jar:/root/.m2/repository/javax/ws/rs/jsr311-api/1.1.1/jsr311-api-1.1.1.jar:/root/.m2/repository/com/sun/jersey/jersey-server/1.19/jersey-server-1.19.jar:/root/.m2/repository/javax/servlet/javax.servlet-api/3.1.0/javax.servlet-api-3.1.0.jar:/root/.m2/repository/org/eclipse/jetty/jetty-server/9.3.24.v20180605/jetty-server-9.3.24.v20180605.jar:/root/.m2/repository/org/eclipse/jetty/jetty-http/9.3.24.v20180605/jetty-http-9.3.24.v20180605.jar:/root/.m2/repository/org/eclipse/jetty/jetty-io/9.3.24.v20180605/jetty-io-9.3.24.v20180605.jar:/root/.m2/repository/org/eclipse/jetty/jetty-webapp/9.3.24.v20180605/jetty-webapp-9.3.24.v20180605.jar:/root/.m2/repository/org/eclipse/jetty/jetty-xml/9.3.24.v20180605/jetty-xml-9.3.24.v20180605.jar:/root/.m2/repository/log4j/log4j/1.2.17/log4j-1.2.17.jar:/root/.m2/repository/org/slf4j/slf4j-api/1.7.25/slf4j-api-1.7.25.jar:/root/.m2/repository/org/slf4j/jul-to-slf4j/1.7.25/jul-to-slf4j-1.7.25.jar:/root/.m2/repository/org/eclipse/jetty/jetty-util/9.3.24.v20180605/jetty-util-9.3.24.v20180605.jar:/root/.m2/repository/io/dropwizard/metrics/metrics-core/3.2.4/metrics-core-3.2.4.jar:/root/.m2/repository/com/fasterxml/jackson/core/jackson-databind/2.9.5/jackson-databind-2.9.5.jar:/root/.m2/repository/org/apache/hadoop/hadoop-kms/3.2.0/hadoop-kms-3.2.0-tests.jar:/root/.m2/repository/org/apache/hadoop/hadoop-hdds-server-scm/0.5.0-SNAPSHOT/hadoop-hdds-server-scm-0.5.0-SNAPSHOT-tests.jar:/root/.m2/repository/org/hamcrest/hamcrest-all/1.3/hamcrest-all-1.3.jar:/root/.m2/repository/info/picocli/picocli/3.9.6/picocli-3.9.6.jar:/root/.m2/repository/org/apache/hadoop/hadoop-hdds-container-service/0.5.0-SNAPSHOT/hadoop-hdds-container-service-0.5.0-SNAPSHOT-tests.jar:/root/.m2/repository/org/yaml/snakeyaml/1.16/snakeyaml-1.16.jar:/root/.m2/repository/org/apache/hadoop/hadoop-common/3.2.0/hadoop-common-3.2.0-tests.jar:/root/.m2/repository/org/apache/hadoop/hadoop-annotations/3.2.0/hadoop-annotations-3.2.0.jar:/usr/lib/jvm/java-1.8-openjdk/jre/../lib/tools.jar:/root/.m2/repository/commons-cli/commons-cli/1.2/commons-cli-1.2.jar:/root/.m2/repository/org/apache/httpcomponents/httpclient/4.5.2/httpclient-4.5.2.jar:/root/.m2/repository/org/apache/httpcomponents/httpcore/4.4.4/httpcore-4.4.4.jar:/root/.m2/repository/commons-codec/commons-codec/1.11/commons-codec-1.11.jar:/root/.m2/repository/commons-net/commons-net/3.6/commons-net-3.6.jar:/root/.m2/repository/commons-collections/commons-collections/3.2.2/commons-collections-3.2.2.jar:/root/.m2/repository/org/eclipse/jetty/jetty-servlet/9.3.24.v20180605/jetty-servlet-9.3.24.v20180605.jar:/root/.m2/repository/org/eclipse/jetty/jetty-security/9.3.24.v20180605/jetty-security-9.3.24.v20180605.jar:/root/.m2/repository/javax/servlet/jsp/jsp-api/2.1/jsp-api-2.1.jar:/root/.m2/repository/com/sun/jersey/jersey-servlet/1.19/jersey-servlet-1.19.jar:/root/.m2/repository/com/sun/jersey/jersey-json/1.19/jersey-json-1.19.jar:/root/.m2/repository/org/codehaus/jettison/jettison/1.1/jettison-1.1.jar:/root/.m2/repository/org/codehaus/jackson/jackson-core-asl/1.9.13/jackson-core-asl-1.9.13.jar:/root/.m2/repository/org/codehaus/jackson/jackson-mapper-asl/1.9.13/jackson-mapper-asl-1.9.13.jar:/root/.m2/repository/org/codehaus/jackson/jackson-jaxrs/1.9.13/jackson-jaxrs-1.9.13.jar:/root/.m2/repository/org/codehaus/jackson/jackson-xc/1.9.13/jackson-xc-1.9.13.jar:/root/.m2/repository/commons-logging/commons-logging/1.1.3/commons-logging-1.1.3.jar:/root/.m2/repository/commons-beanutils/commons-beanutils/1.9.3/commons-beanutils-1.9.3.jar:/root/.m2/repository/org/apache/commons/commons-configuration2/2.1.1/commons-configuration2-2.1.1.jar:/root/.m2/repository/org/apache/commons/commons-lang3/3.7/commons-lang3-3.7.jar:/root/.m2/repository/org/apache/commons/commons-text/1.4/commons-text-1.4.jar:/root/.m2/repository/org/apache/avro/avro/1.7.7/avro-1.7.7.jar:/root/.m2/repository/com/thoughtworks/paranamer/paranamer/2.3/paranamer-2.3.jar:/root/.m2/repository/org/xerial/snappy/snappy-java/1.0.5/snappy-java-1.0.5.jar:/root/.m2/repository/com/google/re2j/re2j/1.1/re2j-1.1.jar:/root/.m2/repository/com/google/code/gson/gson/2.2.4/gson-2.2.4.jar:/root/.m2/repository/com/jcraft/jsch/0.1.54/jsch-0.1.54.jar:/root/.m2/repository/org/apache/curator/curator-client/2.12.0/curator-client-2.12.0.jar:/root/.m2/repository/org/apache/curator/curator-recipes/2.12.0/curator-recipes-2.12.0.jar:/root/.m2/repository/com/google/code/findbugs/jsr305/3.0.0/jsr305-3.0.0.jar:/root/.m2/repository/org/apache/htrace/htrace-core4/4.1.0-incubating/htrace-core4-4.1.0-incubating.jar:/root/.m2/repository/org/apache/zookeeper/zookeeper/3.4.13/zookeeper-3.4.13.jar:/root/.m2/repository/org/apache/yetus/audience-annotations/0.5.0/audience-annotations-0.5.0.jar:/root/.m2/repository/org/codehaus/woodstox/stax2-api/3.1.4/stax2-api-3.1.4.jar:/root/.m2/repository/com/fasterxml/woodstox/woodstox-core/5.0.3/woodstox-core-5.0.3.jar:/root/.m2/repository/dnsjava/dnsjava/2.1.7/dnsjava-2.1.7.jar:/root/.m2/repository/org/apache/hadoop/hadoop-hdfs/3.2.0/hadoop-hdfs-3.2.0-tests.jar:/root/.m2/repository/org/eclipse/jetty/jetty-util-ajax/9.3.24.v20180605/jetty-util-ajax-9.3.24.v20180605.jar:/root/.m2/repository/commons-daemon/commons-daemon/1.0.13/commons-daemon-1.0.13.jar:/root/.m2/repository/io/netty/netty/3.10.5.Final/netty-3.10.5.Final.jar:/root/.m2/repository/io/netty/netty-all/4.0.52.Final/netty-all-4.0.52.Final.jar:/root/.m2/repository/org/fusesource/leveldbjni/leveldbjni-all/1.8/leveldbjni-all-1.8.jar:"/>
    <property name="java.vm.vendor" value="IcedTea"/>
    <property name="sun.arch.data.model" value="64"/>
    <property name="test.build.dir" value="/opt/src/hadoop-ozone/integration-test/target/test-dir"/>
    <property name="test.cache.data" value=""/>
    <property name="java.vendor.url" value="https://icedtea.classpath.org"/>
    <property name="user.timezone" value=""/>
    <property name="java.vm.specification.version" value="1.8"/>
    <property name="os.name" value="Linux"/>
    <property name="test.build.data" value="/opt/src/hadoop-ozone/integration-test/target/test-dir"/>
    <property name="user.country" value="US"/>
    <property name="sun.java.launcher" value="SUN_STANDARD"/>
    <property name="sun.boot.library.path" value="/usr/lib/jvm/java-1.8-openjdk/jre/lib/amd64"/>
    <property name="sun.java.command" value="/opt/src/hadoop-ozone/integration-test/target/surefire/surefirebooter7572682791445402263.jar /opt/src/hadoop-ozone/integration-test/target/surefire 2019-06-13T19-20-59_621-jvmRun1 surefire2680346322339161196tmp surefire_768957577020172342733tmp"/>
    <property name="surefire.test.class.path" value="/opt/src/hadoop-ozone/integration-test/target/test-classes:/opt/src/hadoop-ozone/integration-test/target/classes:/root/.m2/repository/org/apache/hadoop/hadoop-ozone-common/0.5.0-SNAPSHOT/hadoop-ozone-common-0.5.0-SNAPSHOT.jar:/root/.m2/repository/org/apache/commons/commons-compress/1.4.1/commons-compress-1.4.1.jar:/root/.m2/repository/org/tukaani/xz/1.0/xz-1.0.jar:/root/.m2/repository/org/apache/hadoop/hadoop-common/3.2.0/hadoop-common-3.2.0.jar:/root/.m2/repository/org/apache/hadoop/hadoop-hdfs/3.2.0/hadoop-hdfs-3.2.0.jar:/root/.m2/repository/org/apache/hadoop/hadoop-hdfs-client/3.2.0/hadoop-hdfs-client-3.2.0.jar:/root/.m2/repository/com/fasterxml/jackson/core/jackson-annotations/2.9.5/jackson-annotations-2.9.5.jar:/root/.m2/repository/org/apache/hadoop/hadoop-hdds-common/0.5.0-SNAPSHOT/hadoop-hdds-common-0.5.0-SNAPSHOT.jar:/root/.m2/repository/javax/annotation/javax.annotation-api/1.2/javax.annotation-api-1.2.jar:/root/.m2/repository/org/apache/ratis/ratis-server/0.4.0-fe2b15d-SNAPSHOT/ratis-server-0.4.0-fe2b15d-SNAPSHOT.jar:/root/.m2/repository/org/apache/ratis/ratis-thirdparty-misc/0.2.0/ratis-thirdparty-misc-0.2.0.jar:/root/.m2/repository/org/apache/ratis/ratis-proto/0.4.0-fe2b15d-SNAPSHOT/ratis-proto-0.4.0-fe2b15d-SNAPSHOT.jar:/root/.m2/repository/org/apache/ratis/ratis-common/0.4.0-fe2b15d-SNAPSHOT/ratis-common-0.4.0-fe2b15d-SNAPSHOT.jar:/root/.m2/repository/org/apache/ratis/ratis-client/0.4.0-fe2b15d-SNAPSHOT/ratis-client-0.4.0-fe2b15d-SNAPSHOT.jar:/root/.m2/repository/org/apache/ratis/ratis-netty/0.4.0-fe2b15d-SNAPSHOT/ratis-netty-0.4.0-fe2b15d-SNAPSHOT.jar:/root/.m2/repository/org/apache/ratis/ratis-grpc/0.4.0-fe2b15d-SNAPSHOT/ratis-grpc-0.4.0-fe2b15d-SNAPSHOT.jar:/root/.m2/repository/org/rocksdb/rocksdbjni/5.14.2/rocksdbjni-5.14.2.jar:/root/.m2/repository/org/apache/logging/log4j/log4j-api/2.11.0/log4j-api-2.11.0.jar:/root/.m2/repository/org/apache/logging/log4j/log4j-core/2.11.0/log4j-core-2.11.0.jar:/root/.m2/repository/com/lmax/disruptor/3.4.2/disruptor-3.4.2.jar:/root/.m2/repository/org/apache/commons/commons-pool2/2.6.0/commons-pool2-2.6.0.jar:/root/.m2/repository/org/bouncycastle/bcpkix-jdk15on/1.60/bcpkix-jdk15on-1.60.jar:/root/.m2/repository/commons-validator/commons-validator/1.6/commons-validator-1.6.jar:/root/.m2/repository/commons-digester/commons-digester/1.8.1/commons-digester-1.8.1.jar:/root/.m2/repository/io/jaegertracing/jaeger-client/0.33.1/jaeger-client-0.33.1.jar:/root/.m2/repository/io/jaegertracing/jaeger-thrift/0.33.1/jaeger-thrift-0.33.1.jar:/root/.m2/repository/org/apache/thrift/libthrift/0.11.0/libthrift-0.11.0.jar:/root/.m2/repository/com/squareup/okhttp3/okhttp/3.9.0/okhttp-3.9.0.jar:/root/.m2/repository/com/squareup/okio/okio/1.13.0/okio-1.13.0.jar:/root/.m2/repository/io/jaegertracing/jaeger-core/0.33.1/jaeger-core-0.33.1.jar:/root/.m2/repository/io/jaegertracing/jaeger-tracerresolver/0.33.1/jaeger-tracerresolver-0.33.1.jar:/root/.m2/repository/io/opentracing/contrib/opentracing-tracerresolver/0.1.5/opentracing-tracerresolver-0.1.5.jar:/root/.m2/repository/io/opentracing/opentracing-util/0.31.0/opentracing-util-0.31.0.jar:/root/.m2/repository/io/opentracing/opentracing-api/0.31.0/opentracing-api-0.31.0.jar:/root/.m2/repository/io/opentracing/opentracing-noop/0.31.0/opentracing-noop-0.31.0.jar:/root/.m2/repository/org/apache/hadoop/hadoop-hdds-server-framework/0.5.0-SNAPSHOT/hadoop-hdds-server-framework-0.5.0-SNAPSHOT.jar:/root/.m2/repository/org/apache/hadoop/hadoop-hdds-server-scm/0.5.0-SNAPSHOT/hadoop-hdds-server-scm-0.5.0-SNAPSHOT.jar:/root/.m2/repository/org/apache/hadoop/hadoop-hdds-container-service/0.5.0-SNAPSHOT/hadoop-hdds-container-service-0.5.0-SNAPSHOT.jar:/root/.m2/repository/org/apache/hadoop/hadoop-hdds-client/0.5.0-SNAPSHOT/hadoop-hdds-client-0.5.0-SNAPSHOT.jar:/root/.m2/repository/org/apache/hadoop/hadoop-hdds-tools/0.5.0-SNAPSHOT/hadoop-hdds-tools-0.5.0-SNAPSHOT.jar:/root/.m2/repository/org/apache/hadoop/hadoop-ozone-ozone-manager/0.5.0-SNAPSHOT/hadoop-ozone-ozone-manager-0.5.0-SNAPSHOT.jar:/root/.m2/repository/org/apache/hadoop/hadoop-hdds-docs/0.5.0-SNAPSHOT/hadoop-hdds-docs-0.5.0-SNAPSHOT.jar:/root/.m2/repository/org/bouncycastle/bcprov-jdk15on/1.60/bcprov-jdk15on-1.60.jar:/root/.m2/repository/org/apache/hadoop/hadoop-minikdc/3.2.0/hadoop-minikdc-3.2.0.jar:/root/.m2/repository/commons-io/commons-io/2.5/commons-io-2.5.jar:/root/.m2/repository/org/apache/kerby/kerb-simplekdc/1.0.1/kerb-simplekdc-1.0.1.jar:/root/.m2/repository/org/apache/kerby/kerb-client/1.0.1/kerb-client-1.0.1.jar:/root/.m2/repository/org/apache/kerby/kerby-config/1.0.1/kerby-config-1.0.1.jar:/root/.m2/repository/org/apache/kerby/kerb-core/1.0.1/kerb-core-1.0.1.jar:/root/.m2/repository/org/apache/kerby/kerby-pkix/1.0.1/kerby-pkix-1.0.1.jar:/root/.m2/repository/org/apache/kerby/kerby-asn1/1.0.1/kerby-asn1-1.0.1.jar:/root/.m2/repository/org/apache/kerby/kerby-util/1.0.1/kerby-util-1.0.1.jar:/root/.m2/repository/org/apache/kerby/kerb-common/1.0.1/kerb-common-1.0.1.jar:/root/.m2/repository/org/apache/kerby/kerb-crypto/1.0.1/kerb-crypto-1.0.1.jar:/root/.m2/repository/org/apache/kerby/kerb-util/1.0.1/kerb-util-1.0.1.jar:/root/.m2/repository/org/apache/kerby/token-provider/1.0.1/token-provider-1.0.1.jar:/root/.m2/repository/org/apache/kerby/kerb-admin/1.0.1/kerb-admin-1.0.1.jar:/root/.m2/repository/org/apache/kerby/kerb-server/1.0.1/kerb-server-1.0.1.jar:/root/.m2/repository/org/apache/kerby/kerb-identity/1.0.1/kerb-identity-1.0.1.jar:/root/.m2/repository/org/apache/kerby/kerby-xdr/1.0.1/kerby-xdr-1.0.1.jar:/root/.m2/repository/org/slf4j/slf4j-log4j12/1.7.25/slf4j-log4j12-1.7.25.jar:/root/.m2/repository/org/apache/hadoop/hadoop-ozone-objectstore-service/0.5.0-SNAPSHOT/hadoop-ozone-objectstore-service-0.5.0-SNAPSHOT.jar:/root/.m2/repository/org/apache/hadoop/hadoop-ozone-s3gateway/0.5.0-SNAPSHOT/hadoop-ozone-s3gateway-0.5.0-SNAPSHOT.jar:/root/.m2/repository/org/jboss/weld/servlet/weld-servlet/2.4.7.Final/weld-servlet-2.4.7.Final.jar:/root/.m2/repository/org/glassfish/jersey/containers/jersey-container-servlet-core/2.27/jersey-container-servlet-core-2.27.jar:/root/.m2/repository/org/glassfish/hk2/external/javax.inject/2.5.0-b42/javax.inject-2.5.0-b42.jar:/root/.m2/repository/org/glassfish/jersey/core/jersey-common/2.27/jersey-common-2.27.jar:/root/.m2/repository/org/glassfish/hk2/osgi-resource-locator/1.0.1/osgi-resource-locator-1.0.1.jar:/root/.m2/repository/javax/ws/rs/javax.ws.rs-api/2.1/javax.ws.rs-api-2.1.jar:/root/.m2/repository/org/glassfish/jersey/ext/cdi/jersey-cdi1x/2.27/jersey-cdi1x-2.27.jar:/root/.m2/repository/org/glassfish/jersey/inject/jersey-hk2/2.27/jersey-hk2-2.27.jar:/root/.m2/repository/org/glassfish/hk2/hk2-locator/2.5.0-b42/hk2-locator-2.5.0-b42.jar:/root/.m2/repository/org/javassist/javassist/3.22.0-CR2/javassist-3.22.0-CR2.jar:/root/.m2/repository/org/glassfish/hk2/hk2-api/2.5.0/hk2-api-2.5.0.jar:/root/.m2/repository/org/glassfish/hk2/external/jakarta.inject/2.5.0/jakarta.inject-2.5.0.jar:/root/.m2/repository/org/glassfish/hk2/hk2-utils/2.5.0/hk2-utils-2.5.0.jar:/root/.m2/repository/jakarta/annotation/jakarta.annotation-api/1.3.4/jakarta.annotation-api-1.3.4.jar:/root/.m2/repository/org/glassfish/hk2/external/aopalliance-repackaged/2.5.0/aopalliance-repackaged-2.5.0.jar:/root/.m2/repository/com/fasterxml/jackson/dataformat/jackson-dataformat-xml/2.9.0/jackson-dataformat-xml-2.9.0.jar:/root/.m2/repository/com/fasterxml/jackson/core/jackson-core/2.9.5/jackson-core-2.9.5.jar:/root/.m2/repository/com/fasterxml/jackson/module/jackson-module-jaxb-annotations/2.9.5/jackson-module-jaxb-annotations-2.9.5.jar:/root/.m2/repository/javax/enterprise/cdi-api/1.2/cdi-api-1.2.jar:/root/.m2/repository/javax/el/javax.el-api/3.0.0/javax.el-api-3.0.0.jar:/root/.m2/repository/javax/interceptor/javax.interceptor-api/1.2/javax.interceptor-api-1.2.jar:/root/.m2/repository/javax/inject/javax.inject/1/javax.inject-1.jar:/root/.m2/repository/com/sun/xml/bind/jaxb-impl/2.3.0.1/jaxb-impl-2.3.0.1.jar:/root/.m2/repository/com/sun/xml/bind/jaxb-core/2.3.0.1/jaxb-core-2.3.0.1.jar:/root/.m2/repository/javax/xml/bind/jaxb-api/2.3.0/jaxb-api-2.3.0.jar:/root/.m2/repository/javax/activation/activation/1.1.1/activation-1.1.1.jar:/root/.m2/repository/org/apache/hadoop/hadoop-ozone-csi/0.5.0-SNAPSHOT/hadoop-ozone-csi-0.5.0-SNAPSHOT.jar:/root/.m2/repository/com/google/protobuf/protobuf-java-util/3.5.1/protobuf-java-util-3.5.1.jar:/root/.m2/repository/org/apache/hadoop/hadoop-hdds-config/0.5.0-SNAPSHOT/hadoop-hdds-config-0.5.0-SNAPSHOT.jar:/root/.m2/repository/com/google/guava/guava/11.0.2/guava-11.0.2.jar:/root/.m2/repository/com/google/protobuf/protobuf-java/2.5.0/protobuf-java-2.5.0.jar:/root/.m2/repository/io/grpc/grpc-netty/1.17.1/grpc-netty-1.17.1.jar:/root/.m2/repository/io/grpc/grpc-core/1.17.1/grpc-core-1.17.1.jar:/root/.m2/repository/io/grpc/grpc-context/1.17.1/grpc-context-1.17.1.jar:/root/.m2/repository/com/google/errorprone/error_prone_annotations/2.2.0/error_prone_annotations-2.2.0.jar:/root/.m2/repository/org/codehaus/mojo/animal-sniffer-annotations/1.17/animal-sniffer-annotations-1.17.jar:/root/.m2/repository/io/opencensus/opencensus-api/0.17.0/opencensus-api-0.17.0.jar:/root/.m2/repository/io/opencensus/opencensus-contrib-grpc-metrics/0.17.0/opencensus-contrib-grpc-metrics-0.17.0.jar:/root/.m2/repository/io/netty/netty-codec-http2/4.1.30.Final/netty-codec-http2-4.1.30.Final.jar:/root/.m2/repository/io/netty/netty-codec-http/4.1.30.Final/netty-codec-http-4.1.30.Final.jar:/root/.m2/repository/io/netty/netty-codec/4.1.30.Final/netty-codec-4.1.30.Final.jar:/root/.m2/repository/io/netty/netty-handler/4.1.30.Final/netty-handler-4.1.30.Final.jar:/root/.m2/repository/io/netty/netty-handler-proxy/4.1.30.Final/netty-handler-proxy-4.1.30.Final.jar:/root/.m2/repository/io/netty/netty-codec-socks/4.1.30.Final/netty-codec-socks-4.1.30.Final.jar:/root/.m2/repository/io/netty/netty-transport-native-epoll/4.1.30.Final/netty-transport-native-epoll-4.1.30.Final.jar:/root/.m2/repository/io/netty/netty-common/4.1.30.Final/netty-common-4.1.30.Final.jar:/root/.m2/repository/io/netty/netty-buffer/4.1.30.Final/netty-buffer-4.1.30.Final.jar:/root/.m2/repository/io/netty/netty-transport/4.1.30.Final/netty-transport-4.1.30.Final.jar:/root/.m2/repository/io/netty/netty-resolver/4.1.30.Final/netty-resolver-4.1.30.Final.jar:/root/.m2/repository/io/netty/netty-transport-native-unix-common/4.1.30.Final/netty-transport-native-unix-common-4.1.30.Final.jar:/root/.m2/repository/io/grpc/grpc-protobuf/1.17.1/grpc-protobuf-1.17.1.jar:/root/.m2/repository/com/google/api/grpc/proto-google-common-protos/1.0.0/proto-google-common-protos-1.0.0.jar:/root/.m2/repository/io/grpc/grpc-protobuf-lite/1.17.1/grpc-protobuf-lite-1.17.1.jar:/root/.m2/repository/io/grpc/grpc-stub/1.17.1/grpc-stub-1.17.1.jar:/root/.m2/repository/org/apache/hadoop/hadoop-ozone-recon/0.5.0-SNAPSHOT/hadoop-ozone-recon-0.5.0-SNAPSHOT.jar:/root/.m2/repository/org/apache/hadoop/hadoop-ozone-reconcodegen/0.5.0-SNAPSHOT/hadoop-ozone-reconcodegen-0.5.0-SNAPSHOT.jar:/root/.m2/repository/com/google/inject/extensions/guice-multibindings/4.0/guice-multibindings-4.0.jar:/root/.m2/repository/com/google/inject/guice/4.0/guice-4.0.jar:/root/.m2/repository/aopalliance/aopalliance/1.0/aopalliance-1.0.jar:/root/.m2/repository/com/google/inject/extensions/guice-servlet/4.0/guice-servlet-4.0.jar:/root/.m2/repository/org/glassfish/jersey/containers/jersey-container-servlet/2.27/jersey-container-servlet-2.27.jar:/root/.m2/repository/org/glassfish/hk2/guice-bridge/2.5.0/guice-bridge-2.5.0.jar:/root/.m2/repository/org/glassfish/jersey/core/jersey-server/2.27/jersey-server-2.27.jar:/root/.m2/repository/org/glassfish/jersey/core/jersey-client/2.27/jersey-client-2.27.jar:/root/.m2/repository/org/glassfish/jersey/media/jersey-media-jaxb/2.27/jersey-media-jaxb-2.27.jar:/root/.m2/repository/javax/validation/validation-api/1.1.0.Final/validation-api-1.1.0.Final.jar:/root/.m2/repository/org/glassfish/jersey/media/jersey-media-json-jackson/2.27/jersey-media-json-jackson-2.27.jar:/root/.m2/repository/org/glassfish/jersey/ext/jersey-entity-filtering/2.27/jersey-entity-filtering-2.27.jar:/root/.m2/repository/com/google/inject/extensions/guice-assistedinject/4.0/guice-assistedinject-4.0.jar:/root/.m2/repository/org/jooq/jooq/3.11.10/jooq-3.11.10.jar:/root/.m2/repository/org/jooq/jooq-meta/3.11.10/jooq-meta-3.11.10.jar:/root/.m2/repository/org/jooq/jooq-codegen/3.11.10/jooq-codegen-3.11.10.jar:/root/.m2/repository/com/jolbox/bonecp/0.8.0.RELEASE/bonecp-0.8.0.RELEASE.jar:/root/.m2/repository/org/xerial/sqlite-jdbc/3.25.2/sqlite-jdbc-3.25.2.jar:/root/.m2/repository/org/springframework/spring-jdbc/5.1.3.RELEASE/spring-jdbc-5.1.3.RELEASE.jar:/root/.m2/repository/org/springframework/spring-beans/5.1.3.RELEASE/spring-beans-5.1.3.RELEASE.jar:/root/.m2/repository/org/springframework/spring-core/5.1.3.RELEASE/spring-core-5.1.3.RELEASE.jar:/root/.m2/repository/org/springframework/spring-jcl/5.1.3.RELEASE/spring-jcl-5.1.3.RELEASE.jar:/root/.m2/repository/org/springframework/spring-tx/5.1.3.RELEASE/spring-tx-5.1.3.RELEASE.jar:/root/.m2/repository/org/apache/hadoop/hadoop-ozone-client/0.5.0-SNAPSHOT/hadoop-ozone-client-0.5.0-SNAPSHOT.jar:/root/.m2/repository/org/apache/hadoop/hadoop-ozone-ozone-manager/0.5.0-SNAPSHOT/hadoop-ozone-ozone-manager-0.5.0-SNAPSHOT-tests.jar:/root/.m2/repository/junit/junit/4.11/junit-4.11.jar:/root/.m2/repository/org/hamcrest/hamcrest-core/1.3/hamcrest-core-1.3.jar:/root/.m2/repository/org/openjdk/jmh/jmh-core/1.19/jmh-core-1.19.jar:/root/.m2/repository/net/sf/jopt-simple/jopt-simple/4.6/jopt-simple-4.6.jar:/root/.m2/repository/org/apache/commons/commons-math3/3.1.1/commons-math3-3.1.1.jar:/root/.m2/repository/org/openjdk/jmh/jmh-generator-annprocess/1.19/jmh-generator-annprocess-1.19.jar:/root/.m2/repository/org/mockito/mockito-all/1.8.5/mockito-all-1.8.5.jar:/root/.m2/repository/org/apache/hadoop/hadoop-kms/3.2.0/hadoop-kms-3.2.0.jar:/root/.m2/repository/org/apache/hadoop/hadoop-auth/3.2.0/hadoop-auth-3.2.0.jar:/root/.m2/repository/com/nimbusds/nimbus-jose-jwt/4.41.1/nimbus-jose-jwt-4.41.1.jar:/root/.m2/repository/com/github/stephenc/jcip/jcip-annotations/1.0-1/jcip-annotations-1.0-1.jar:/root/.m2/repository/net/minidev/json-smart/2.3/json-smart-2.3.jar:/root/.m2/repository/net/minidev/accessors-smart/1.2/accessors-smart-1.2.jar:/root/.m2/repository/org/ow2/asm/asm/5.0.4/asm-5.0.4.jar:/root/.m2/repository/org/apache/curator/curator-framework/2.12.0/curator-framework-2.12.0.jar:/root/.m2/repository/com/sun/jersey/jersey-core/1.19/jersey-core-1.19.jar:/root/.m2/repository/javax/ws/rs/jsr311-api/1.1.1/jsr311-api-1.1.1.jar:/root/.m2/repository/com/sun/jersey/jersey-server/1.19/jersey-server-1.19.jar:/root/.m2/repository/javax/servlet/javax.servlet-api/3.1.0/javax.servlet-api-3.1.0.jar:/root/.m2/repository/org/eclipse/jetty/jetty-server/9.3.24.v20180605/jetty-server-9.3.24.v20180605.jar:/root/.m2/repository/org/eclipse/jetty/jetty-http/9.3.24.v20180605/jetty-http-9.3.24.v20180605.jar:/root/.m2/repository/org/eclipse/jetty/jetty-io/9.3.24.v20180605/jetty-io-9.3.24.v20180605.jar:/root/.m2/repository/org/eclipse/jetty/jetty-webapp/9.3.24.v20180605/jetty-webapp-9.3.24.v20180605.jar:/root/.m2/repository/org/eclipse/jetty/jetty-xml/9.3.24.v20180605/jetty-xml-9.3.24.v20180605.jar:/root/.m2/repository/log4j/log4j/1.2.17/log4j-1.2.17.jar:/root/.m2/repository/org/slf4j/slf4j-api/1.7.25/slf4j-api-1.7.25.jar:/root/.m2/repository/org/slf4j/jul-to-slf4j/1.7.25/jul-to-slf4j-1.7.25.jar:/root/.m2/repository/org/eclipse/jetty/jetty-util/9.3.24.v20180605/jetty-util-9.3.24.v20180605.jar:/root/.m2/repository/io/dropwizard/metrics/metrics-core/3.2.4/metrics-core-3.2.4.jar:/root/.m2/repository/com/fasterxml/jackson/core/jackson-databind/2.9.5/jackson-databind-2.9.5.jar:/root/.m2/repository/org/apache/hadoop/hadoop-kms/3.2.0/hadoop-kms-3.2.0-tests.jar:/root/.m2/repository/org/apache/hadoop/hadoop-hdds-server-scm/0.5.0-SNAPSHOT/hadoop-hdds-server-scm-0.5.0-SNAPSHOT-tests.jar:/root/.m2/repository/org/hamcrest/hamcrest-all/1.3/hamcrest-all-1.3.jar:/root/.m2/repository/info/picocli/picocli/3.9.6/picocli-3.9.6.jar:/root/.m2/repository/org/apache/hadoop/hadoop-hdds-container-service/0.5.0-SNAPSHOT/hadoop-hdds-container-service-0.5.0-SNAPSHOT-tests.jar:/root/.m2/repository/org/yaml/snakeyaml/1.16/snakeyaml-1.16.jar:/root/.m2/repository/org/apache/hadoop/hadoop-common/3.2.0/hadoop-common-3.2.0-tests.jar:/root/.m2/repository/org/apache/hadoop/hadoop-annotations/3.2.0/hadoop-annotations-3.2.0.jar:/usr/lib/jvm/java-1.8-openjdk/jre/../lib/tools.jar:/root/.m2/repository/commons-cli/commons-cli/1.2/commons-cli-1.2.jar:/root/.m2/repository/org/apache/httpcomponents/httpclient/4.5.2/httpclient-4.5.2.jar:/root/.m2/repository/org/apache/httpcomponents/httpcore/4.4.4/httpcore-4.4.4.jar:/root/.m2/repository/commons-codec/commons-codec/1.11/commons-codec-1.11.jar:/root/.m2/repository/commons-net/commons-net/3.6/commons-net-3.6.jar:/root/.m2/repository/commons-collections/commons-collections/3.2.2/commons-collections-3.2.2.jar:/root/.m2/repository/org/eclipse/jetty/jetty-servlet/9.3.24.v20180605/jetty-servlet-9.3.24.v20180605.jar:/root/.m2/repository/org/eclipse/jetty/jetty-security/9.3.24.v20180605/jetty-security-9.3.24.v20180605.jar:/root/.m2/repository/javax/servlet/jsp/jsp-api/2.1/jsp-api-2.1.jar:/root/.m2/repository/com/sun/jersey/jersey-servlet/1.19/jersey-servlet-1.19.jar:/root/.m2/repository/com/sun/jersey/jersey-json/1.19/jersey-json-1.19.jar:/root/.m2/repository/org/codehaus/jettison/jettison/1.1/jettison-1.1.jar:/root/.m2/repository/org/codehaus/jackson/jackson-core-asl/1.9.13/jackson-core-asl-1.9.13.jar:/root/.m2/repository/org/codehaus/jackson/jackson-mapper-asl/1.9.13/jackson-mapper-asl-1.9.13.jar:/root/.m2/repository/org/codehaus/jackson/jackson-jaxrs/1.9.13/jackson-jaxrs-1.9.13.jar:/root/.m2/repository/org/codehaus/jackson/jackson-xc/1.9.13/jackson-xc-1.9.13.jar:/root/.m2/repository/commons-logging/commons-logging/1.1.3/commons-logging-1.1.3.jar:/root/.m2/repository/commons-beanutils/commons-beanutils/1.9.3/commons-beanutils-1.9.3.jar:/root/.m2/repository/org/apache/commons/commons-configuration2/2.1.1/commons-configuration2-2.1.1.jar:/root/.m2/repository/org/apache/commons/commons-lang3/3.7/commons-lang3-3.7.jar:/root/.m2/repository/org/apache/commons/commons-text/1.4/commons-text-1.4.jar:/root/.m2/repository/org/apache/avro/avro/1.7.7/avro-1.7.7.jar:/root/.m2/repository/com/thoughtworks/paranamer/paranamer/2.3/paranamer-2.3.jar:/root/.m2/repository/org/xerial/snappy/snappy-java/1.0.5/snappy-java-1.0.5.jar:/root/.m2/repository/com/google/re2j/re2j/1.1/re2j-1.1.jar:/root/.m2/repository/com/google/code/gson/gson/2.2.4/gson-2.2.4.jar:/root/.m2/repository/com/jcraft/jsch/0.1.54/jsch-0.1.54.jar:/root/.m2/repository/org/apache/curator/curator-client/2.12.0/curator-client-2.12.0.jar:/root/.m2/repository/org/apache/curator/curator-recipes/2.12.0/curator-recipes-2.12.0.jar:/root/.m2/repository/com/google/code/findbugs/jsr305/3.0.0/jsr305-3.0.0.jar:/root/.m2/repository/org/apache/htrace/htrace-core4/4.1.0-incubating/htrace-core4-4.1.0-incubating.jar:/root/.m2/repository/org/apache/zookeeper/zookeeper/3.4.13/zookeeper-3.4.13.jar:/root/.m2/repository/org/apache/yetus/audience-annotations/0.5.0/audience-annotations-0.5.0.jar:/root/.m2/repository/org/codehaus/woodstox/stax2-api/3.1.4/stax2-api-3.1.4.jar:/root/.m2/repository/com/fasterxml/woodstox/woodstox-core/5.0.3/woodstox-core-5.0.3.jar:/root/.m2/repository/dnsjava/dnsjava/2.1.7/dnsjava-2.1.7.jar:/root/.m2/repository/org/apache/hadoop/hadoop-hdfs/3.2.0/hadoop-hdfs-3.2.0-tests.jar:/root/.m2/repository/org/eclipse/jetty/jetty-util-ajax/9.3.24.v20180605/jetty-util-ajax-9.3.24.v20180605.jar:/root/.m2/repository/commons-daemon/commons-daemon/1.0.13/commons-daemon-1.0.13.jar:/root/.m2/repository/io/netty/netty/3.10.5.Final/netty-3.10.5.Final.jar:/root/.m2/repository/io/netty/netty-all/4.0.52.Final/netty-all-4.0.52.Final.jar:/root/.m2/repository/org/fusesource/leveldbjni/leveldbjni-all/1.8/leveldbjni-all-1.8.jar:"/>
    <property name="sun.cpu.endian" value="little"/>
    <property name="user.home" value="/root"/>
    <property name="user.language" value="en"/>
    <property name="java.specification.vendor" value="Oracle Corporation"/>
    <property name="java.home" value="/usr/lib/jvm/java-1.8-openjdk/jre"/>
    <property name="java.security.krb5.conf" value="/opt/src/hadoop-ozone/integration-test/target/test-classes/krb5.conf"/>
    <property name="basedir" value="/opt/src/hadoop-ozone/integration-test"/>
    <property name="file.separator" value="/"/>
    <property name="line.separator" value="&#10;"/>
    <property name="java.vm.specification.vendor" value="Oracle Corporation"/>
    <property name="java.specification.name" value="Java Platform API Specification"/>
    <property name="java.awt.graphicsenv" value="sun.awt.X11GraphicsEnvironment"/>
    <property name="surefire.real.class.path" value="/opt/src/hadoop-ozone/integration-test/target/surefire/surefirebooter7572682791445402263.jar"/>
    <property name="hadoop.log.dir" value="/opt/src/hadoop-ozone/integration-test/target/log"/>
    <property name="sun.boot.class.path" value="/usr/lib/jvm/java-1.8-openjdk/jre/lib/resources.jar:/usr/lib/jvm/java-1.8-openjdk/jre/lib/rt.jar:/usr/lib/jvm/java-1.8-openjdk/jre/lib/sunrsasign.jar:/usr/lib/jvm/java-1.8-openjdk/jre/lib/jsse.jar:/usr/lib/jvm/java-1.8-openjdk/jre/lib/jce.jar:/usr/lib/jvm/java-1.8-openjdk/jre/lib/charsets.jar:/usr/lib/jvm/java-1.8-openjdk/jre/lib/jfr.jar:/usr/lib/jvm/java-1.8-openjdk/jre/classes"/>
    <property name="sun.management.compiler" value="HotSpot 64-Bit Tiered Compilers"/>
    <property name="java.runtime.version" value="1.8.0_212-b04"/>
    <property name="java.net.preferIPv4Stack" value="true"/>
    <property name="user.name" value="root"/>
    <property name="path.separator" value=":"/>
    <property name="java.security.egd" value="file:///dev/urandom"/>
    <property name="os.version" value="4.15.0-1021-aws"/>
    <property name="java.endorsed.dirs" value="/usr/lib/jvm/java-1.8-openjdk/jre/lib/endorsed"/>
    <property name="java.runtime.name" value="OpenJDK Runtime Environment"/>
    <property name="file.encoding" value="UTF-8"/>
    <property name="java.vm.name" value="OpenJDK 64-Bit Server VM"/>
    <property name="test.build.webapps" value=""/>
    <property name="localRepository" value="/root/.m2/repository"/>
    <property name="java.vendor.url.bug" value="https://icedtea.classpath.org/bugzilla"/>
    <property name="java.io.tmpdir" value="/tmp"/>
    <property name="require.test.libhadoop" value=""/>
    <property name="java.version" value="1.8.0_212"/>
    <property name="user.dir" value="/opt/src/hadoop-ozone/integration-test"/>
    <property name="os.arch" value="amd64"/>
    <property name="java.vm.specification.name" value="Java Virtual Machine Specification"/>
    <property name="test.build.classes" value="/opt/src/hadoop-ozone/integration-test/target/test-classes"/>
    <property name="java.awt.printerjob" value="sun.print.PSPrinterJob"/>
    <property name="sun.os.patch.level" value="unknown"/>
    <property name="hadoop.tmp.dir" value="/opt/src/hadoop-ozone/integration-test/target/tmp"/>
    <property name="java.library.path" value="/usr/lib/jvm/java-1.8-openjdk/jre/lib/amd64/server:/usr/lib/jvm/java-1.8-openjdk/jre/lib/amd64:/usr/lib/jvm/java-1.8-openjdk/jre/../lib/amd64:/opt/src/hadoop-ozone/integration-test/target/native/target/usr/local/lib:/opt/src/hadoop-ozone/integration-test/../../hadoop-common-project/hadoop-common/target/native/target/usr/local/lib:/usr/java/packages/lib/amd64:/usr/lib64:/lib64:/lib:/usr/lib"/>
    <property name="java.vm.info" value="mixed mode"/>
    <property name="java.vendor" value="IcedTea"/>
    <property name="java.vm.version" value="25.212-b04"/>
    <property name="java.ext.dirs" value="/usr/lib/jvm/java-1.8-openjdk/jre/lib/ext:/usr/java/packages/lib/ext"/>
    <property name="sun.io.unicode.encoding" value="UnicodeLittle"/>
    <property name="java.class.version" value="52.0"/>
  </properties>
  <testcase name="testBlockDeletionTransactions" classname="org.apache.hadoop.ozone.TestStorageContainerManager" time="12.253"/>
  <testcase name="testBlockDeletingThrottling" classname="org.apache.hadoop.ozone.TestStorageContainerManager" time="6.009">
    <error message="Unexpected Storage Container Exception: org.apache.hadoop.hdds.scm.container.common.helpers.StorageContainerException: ContainerID 7 creation failed" type="java.io.IOException">java.io.IOException: Unexpected Storage Container Exception: org.apache.hadoop.hdds.scm.container.common.helpers.StorageContainerException: ContainerID 7 creation failed
	at org.apache.hadoop.hdds.scm.storage.BlockOutputStream.setIoException(BlockOutputStream.java:548)
	at org.apache.hadoop.hdds.scm.storage.BlockOutputStream.validateResponse(BlockOutputStream.java:539)
	at org.apache.hadoop.hdds.scm.storage.BlockOutputStream.lambda$writeChunkToContainer$2(BlockOutputStream.java:614)
	at java.util.concurrent.CompletableFuture.uniApply(CompletableFuture.java:602)
	at java.util.concurrent.CompletableFuture$UniApply.tryFire(CompletableFuture.java:577)
	at java.util.concurrent.CompletableFuture$Completion.run(CompletableFuture.java:442)
	at java.util.concurrent.ThreadPoolExecutor.runWorker(ThreadPoolExecutor.java:1149)
	at java.util.concurrent.ThreadPoolExecutor$Worker.run(ThreadPoolExecutor.java:624)
	at java.lang.Thread.run(Thread.java:748)
Caused by: org.apache.hadoop.hdds.scm.container.common.helpers.StorageContainerException: ContainerID 7 creation failed
	at org.apache.hadoop.hdds.scm.storage.ContainerProtocolCalls.validateContainerResponse(ContainerProtocolCalls.java:536)
	at org.apache.hadoop.hdds.scm.storage.BlockOutputStream.validateResponse(BlockOutputStream.java:536)
	... 7 more
</error>
    <system-out><![CDATA[2019-06-13 20:07:56,530 WARN  server.ServerUtils (ServerUtils.java:getScmDbDir(145)) - ozone.scm.db.dirs is not configured. We recommend adding this setting. Falling back to ozone.metadata.dirs instead.
2019-06-13 20:07:56,535 WARN  server.ServerUtils (ServerUtils.java:getScmDbDir(145)) - ozone.scm.db.dirs is not configured. We recommend adding this setting. Falling back to ozone.metadata.dirs instead.
2019-06-13 20:07:56,535 WARN  server.ServerUtils (ServerUtils.java:getScmDbDir(145)) - ozone.scm.db.dirs is not configured. We recommend adding this setting. Falling back to ozone.metadata.dirs instead.
2019-06-13 20:07:56,535 INFO  db.DBStoreBuilder (DBStoreBuilder.java:addTable(110)) - using custom profile for table: deletedBlocks
2019-06-13 20:07:56,535 INFO  db.DBStoreBuilder (DBStoreBuilder.java:processTables(161)) - Using default column profile:DBProfile.DISK for Table:deletedBlocks
2019-06-13 20:07:56,536 INFO  db.DBStoreBuilder (DBStoreBuilder.java:addTable(110)) - using custom profile for table: validCerts
2019-06-13 20:07:56,536 INFO  db.DBStoreBuilder (DBStoreBuilder.java:processTables(161)) - Using default column profile:DBProfile.DISK for Table:validCerts
2019-06-13 20:07:56,536 INFO  db.DBStoreBuilder (DBStoreBuilder.java:addTable(110)) - using custom profile for table: revokedCerts
2019-06-13 20:07:56,536 INFO  db.DBStoreBuilder (DBStoreBuilder.java:processTables(161)) - Using default column profile:DBProfile.DISK for Table:revokedCerts
2019-06-13 20:07:56,536 INFO  db.DBStoreBuilder (DBStoreBuilder.java:addTable(110)) - using custom profile for table: default
2019-06-13 20:07:56,536 INFO  db.DBStoreBuilder (DBStoreBuilder.java:processTables(167)) - Using default column profile:DBProfile.DISK for Table:default
2019-06-13 20:07:56,537 INFO  db.DBStoreBuilder (DBStoreBuilder.java:getDbProfile(198)) - Using default options. DBProfile.DISK
2019-06-13 20:07:56,572 INFO  node.SCMNodeManager (SCMNodeManager.java:<init>(108)) - Entering startup safe mode.
2019-06-13 20:07:56,573 INFO  net.NodeSchemaLoader (NodeSchemaLoader.java:loadSchemaFromFile(125)) - Loading file from sun.misc.CompoundEnumeration@9e36d84
2019-06-13 20:07:56,574 INFO  net.NodeSchemaLoader (NodeSchemaLoader.java:loadSchema(171)) - Loading network topology layer schema file
2019-06-13 20:07:56,576 WARN  server.ServerUtils (ServerUtils.java:getScmDbDir(145)) - ozone.scm.db.dirs is not configured. We recommend adding this setting. Falling back to ozone.metadata.dirs instead.
2019-06-13 20:07:56,588 INFO  pipeline.SCMPipelineManager (SCMPipelineManager.java:initializePipelineState(126)) - No pipeline exists in current db
2019-06-13 20:07:56,588 WARN  server.ServerUtils (ServerUtils.java:getScmDbDir(145)) - ozone.scm.db.dirs is not configured. We recommend adding this setting. Falling back to ozone.metadata.dirs instead.
2019-06-13 20:07:56,602 WARN  events.EventQueue (EventQueue.java:fireEvent(175)) - No event handler registered for event TypedEvent{payloadType=SafeModeStatus, name='SafeModeStatus'}
2019-06-13 20:07:56,604 INFO  ipc.CallQueueManager (CallQueueManager.java:<init>(84)) - Using callQueue: class java.util.concurrent.LinkedBlockingQueue, queueCapacity: 2000, scheduler: class org.apache.hadoop.ipc.DefaultRpcScheduler, ipcBackoff: false.
2019-06-13 20:07:56,604 INFO  ipc.Server (Server.java:run(1074)) - Starting Socket Reader #1 for port 35051
2019-06-13 20:07:56,607 INFO  ipc.CallQueueManager (CallQueueManager.java:<init>(84)) - Using callQueue: class java.util.concurrent.LinkedBlockingQueue, queueCapacity: 2000, scheduler: class org.apache.hadoop.ipc.DefaultRpcScheduler, ipcBackoff: false.
2019-06-13 20:07:56,608 INFO  ipc.Server (Server.java:run(1074)) - Starting Socket Reader #1 for port 36805
2019-06-13 20:07:56,615 INFO  ipc.CallQueueManager (CallQueueManager.java:<init>(84)) - Using callQueue: class java.util.concurrent.LinkedBlockingQueue, queueCapacity: 2000, scheduler: class org.apache.hadoop.ipc.DefaultRpcScheduler, ipcBackoff: false.
2019-06-13 20:07:56,616 INFO  ipc.Server (Server.java:run(1074)) - Starting Socket Reader #1 for port 44437
2019-06-13 20:07:56,620 INFO  hdfs.DFSUtil (DFSUtil.java:httpServerTemplateForNNAndJN(1641)) - Starting Web-server for scm at: http://0.0.0.0:0
2019-06-13 20:07:56,621 INFO  server.AuthenticationFilter (AuthenticationFilter.java:constructSecretProvider(240)) - Unable to initialize FileSignerSecretProvider, falling back to use random secrets.
2019-06-13 20:07:56,622 WARN  http.HttpRequestLog (HttpRequestLog.java:getRequestLog(97)) - Jetty request log can only be enabled using Log4j
2019-06-13 20:07:56,624 INFO  http.HttpServer2 (HttpServer2.java:addGlobalFilter(975)) - Added global filter 'safety' (class=org.apache.hadoop.http.HttpServer2$QuotingInputFilter)
2019-06-13 20:07:56,624 INFO  http.HttpServer2 (HttpServer2.java:addFilter(948)) - Added filter static_user_filter (class=org.apache.hadoop.http.lib.StaticUserWebFilter$StaticUserFilter) to context scm
2019-06-13 20:07:56,624 INFO  http.HttpServer2 (HttpServer2.java:addFilter(958)) - Added filter static_user_filter (class=org.apache.hadoop.http.lib.StaticUserWebFilter$StaticUserFilter) to context static
2019-06-13 20:07:56,624 INFO  http.HttpServer2 (HttpServer2.java:addFilter(958)) - Added filter static_user_filter (class=org.apache.hadoop.http.lib.StaticUserWebFilter$StaticUserFilter) to context logs
2019-06-13 20:07:56,630 INFO  server.StorageContainerManager (StorageContainerManager.java:start(752)) - StorageContainerLocationProtocol RPC server is listening at /0.0.0.0:44437
2019-06-13 20:07:56,630 INFO  impl.MetricsSystemImpl (MetricsSystemImpl.java:init(158)) - StorageContainerManager metrics system started (again)
2019-06-13 20:07:56,631 INFO  server.SCMClientProtocolServer (SCMClientProtocolServer.java:start(149)) - RPC server for Client  is listening at /0.0.0.0:44437
2019-06-13 20:07:56,631 INFO  ipc.Server (Server.java:run(1314)) - IPC Server Responder: starting
2019-06-13 20:07:56,634 INFO  ipc.Server (Server.java:run(1153)) - IPC Server listener on 44437: starting
2019-06-13 20:07:56,636 INFO  server.StorageContainerManager (StorageContainerManager.java:start(761)) - ScmBlockLocationProtocol RPC server is listening at /0.0.0.0:36805
2019-06-13 20:07:56,636 INFO  server.SCMBlockProtocolServer (SCMBlockProtocolServer.java:start(137)) - RPC server for Block Protocol is listening at /0.0.0.0:36805
2019-06-13 20:07:56,636 INFO  ipc.Server (Server.java:run(1314)) - IPC Server Responder: starting
2019-06-13 20:07:56,636 INFO  ipc.Server (Server.java:run(1153)) - IPC Server listener on 36805: starting
2019-06-13 20:07:56,638 INFO  server.StorageContainerManager (StorageContainerManager.java:start(765)) - ScmDatanodeProtocl RPC server is listening at /0.0.0.0:35051
2019-06-13 20:07:56,638 INFO  server.SCMDatanodeProtocolServer (SCMDatanodeProtocolServer.java:start(191)) - RPC server for DataNodes is listening at /0.0.0.0:35051
2019-06-13 20:07:56,639 INFO  ipc.Server (Server.java:run(1314)) - IPC Server Responder: starting
2019-06-13 20:07:56,639 INFO  ipc.Server (Server.java:run(1153)) - IPC Server listener on 35051: starting
2019-06-13 20:07:56,641 INFO  http.HttpServer2 (HttpServer2.java:bindListener(1191)) - Jetty bound to port 41711
2019-06-13 20:07:56,641 INFO  server.Server (Server.java:doStart(351)) - jetty-9.3.24.v20180605, build timestamp: 2018-06-05T17:11:56Z, git hash: 84205aa28f11a4f31f2a3b86d1bba2cc8ab69827
2019-06-13 20:07:56,643 INFO  handler.ContextHandler (ContextHandler.java:doStart(781)) - Started o.e.j.s.ServletContextHandler@385ec154{/logs,file:///opt/src/hadoop-ozone/integration-test/target/log,AVAILABLE}
2019-06-13 20:07:56,644 INFO  handler.ContextHandler (ContextHandler.java:doStart(781)) - Started o.e.j.s.ServletContextHandler@74f65416{/static,file:///opt/src/hadoop-ozone/integration-test/target/test-classes/webapps/static,AVAILABLE}
2019-06-13 20:07:56,648 INFO  handler.ContextHandler (ContextHandler.java:doStart(781)) - Started o.e.j.w.WebAppContext@e559fd1{/,file:///opt/src/hadoop-ozone/integration-test/target/test-classes/webapps/scm/,AVAILABLE}{/scm}
2019-06-13 20:07:56,649 INFO  server.AbstractConnector (AbstractConnector.java:doStart(278)) - Started ServerConnector@387161d3{HTTP/1.1,[http/1.1]}{0.0.0.0:41711}
2019-06-13 20:07:56,649 INFO  server.Server (Server.java:doStart(419)) - Started @12980ms
2019-06-13 20:07:56,650 INFO  server.BaseHttpServer (BaseHttpServer.java:updateConnectorAddress(207)) - HTTP server of SCM is listening at http://0.0.0.0:41711
2019-06-13 20:07:56,651 WARN  scm.ScmUtils (ScmUtils.java:getDBPath(63)) - ozone.om.db.dirs is not configured. We recommend adding this setting. Falling back to ozone.metadata.dirs instead.
2019-06-13 20:07:56,651 INFO  util.JvmPauseMonitor (JvmPauseMonitor.java:run(188)) - Starting JVM pause monitor
2019-06-13 20:07:56,654 WARN  scm.ScmUtils (ScmUtils.java:getDBPath(63)) - ozone.om.db.dirs is not configured. We recommend adding this setting. Falling back to ozone.metadata.dirs instead.
2019-06-13 20:07:56,654 INFO  om.OzoneManager (OzoneManager.java:setOMNodeDetails(519)) - OM Service ID is not set. Setting it to the default ID: omServiceIdDefault
2019-06-13 20:07:56,654 INFO  om.OzoneManager (OzoneManager.java:setOMNodeDetails(525)) - OM Node ID is not set. Setting it to the OmStorage's OmID: 3e4879d5-94bd-438e-b04f-1d5d57b10f64
2019-06-13 20:07:56,654 WARN  scm.HddsServerUtil (HddsServerUtil.java:getDefaultRatisDirectory(354)) - Storage directory for Ratis is not configured. It is a good idea to map this to an SSD disk. Falling back to ozone.metadata.dirs
2019-06-13 20:07:56,654 WARN  scm.HddsServerUtil (HddsServerUtil.java:getDefaultRatisDirectory(354)) - Storage directory for Ratis is not configured. It is a good idea to map this to an SSD disk. Falling back to ozone.metadata.dirs
2019-06-13 20:07:56,655 INFO  om.OzoneManager (OzoneManager.java:loadOMHAConfigs(476)) - Found matching OM address with OMServiceId: null, OMNodeId: null, RPC Address: localhost:0 and Ratis port: 9872
2019-06-13 20:07:56,658 WARN  scm.ScmUtils (ScmUtils.java:getDBPath(63)) - ozone.om.db.dirs is not configured. We recommend adding this setting. Falling back to ozone.metadata.dirs instead.
2019-06-13 20:07:56,659 INFO  db.DBStoreBuilder (DBStoreBuilder.java:addTable(110)) - using custom profile for table: userTable
2019-06-13 20:07:56,659 INFO  db.DBStoreBuilder (DBStoreBuilder.java:processTables(161)) - Using default column profile:DBProfile.DISK for Table:userTable
2019-06-13 20:07:56,659 INFO  db.DBStoreBuilder (DBStoreBuilder.java:addTable(110)) - using custom profile for table: volumeTable
2019-06-13 20:07:56,659 INFO  db.DBStoreBuilder (DBStoreBuilder.java:processTables(161)) - Using default column profile:DBProfile.DISK for Table:volumeTable
2019-06-13 20:07:56,659 INFO  db.DBStoreBuilder (DBStoreBuilder.java:addTable(110)) - using custom profile for table: bucketTable
2019-06-13 20:07:56,659 INFO  db.DBStoreBuilder (DBStoreBuilder.java:processTables(161)) - Using default column profile:DBProfile.DISK for Table:bucketTable
2019-06-13 20:07:56,660 INFO  db.DBStoreBuilder (DBStoreBuilder.java:addTable(110)) - using custom profile for table: keyTable
2019-06-13 20:07:56,660 INFO  db.DBStoreBuilder (DBStoreBuilder.java:processTables(161)) - Using default column profile:DBProfile.DISK for Table:keyTable
2019-06-13 20:07:56,660 INFO  db.DBStoreBuilder (DBStoreBuilder.java:addTable(110)) - using custom profile for table: deletedTable
2019-06-13 20:07:56,660 INFO  db.DBStoreBuilder (DBStoreBuilder.java:processTables(161)) - Using default column profile:DBProfile.DISK for Table:deletedTable
2019-06-13 20:07:56,660 INFO  db.DBStoreBuilder (DBStoreBuilder.java:addTable(110)) - using custom profile for table: openKeyTable
2019-06-13 20:07:56,661 INFO  db.DBStoreBuilder (DBStoreBuilder.java:processTables(161)) - Using default column profile:DBProfile.DISK for Table:openKeyTable
2019-06-13 20:07:56,661 INFO  db.DBStoreBuilder (DBStoreBuilder.java:addTable(110)) - using custom profile for table: s3Table
2019-06-13 20:07:56,661 INFO  db.DBStoreBuilder (DBStoreBuilder.java:processTables(161)) - Using default column profile:DBProfile.DISK for Table:s3Table
2019-06-13 20:07:56,661 INFO  db.DBStoreBuilder (DBStoreBuilder.java:addTable(110)) - using custom profile for table: multipartInfoTable
2019-06-13 20:07:56,662 INFO  db.DBStoreBuilder (DBStoreBuilder.java:processTables(161)) - Using default column profile:DBProfile.DISK for Table:multipartInfoTable
2019-06-13 20:07:56,662 INFO  db.DBStoreBuilder (DBStoreBuilder.java:addTable(110)) - using custom profile for table: dTokenTable
2019-06-13 20:07:56,662 INFO  db.DBStoreBuilder (DBStoreBuilder.java:processTables(161)) - Using default column profile:DBProfile.DISK for Table:dTokenTable
2019-06-13 20:07:56,662 INFO  db.DBStoreBuilder (DBStoreBuilder.java:addTable(110)) - using custom profile for table: s3SecretTable
2019-06-13 20:07:56,662 INFO  db.DBStoreBuilder (DBStoreBuilder.java:processTables(161)) - Using default column profile:DBProfile.DISK for Table:s3SecretTable
2019-06-13 20:07:56,662 INFO  db.DBStoreBuilder (DBStoreBuilder.java:addTable(110)) - using custom profile for table: prefixTable
2019-06-13 20:07:56,663 INFO  db.DBStoreBuilder (DBStoreBuilder.java:processTables(161)) - Using default column profile:DBProfile.DISK for Table:prefixTable
2019-06-13 20:07:56,663 INFO  db.DBStoreBuilder (DBStoreBuilder.java:addTable(110)) - using custom profile for table: default
2019-06-13 20:07:56,663 INFO  db.DBStoreBuilder (DBStoreBuilder.java:processTables(167)) - Using default column profile:DBProfile.DISK for Table:default
2019-06-13 20:07:56,663 INFO  db.DBStoreBuilder (DBStoreBuilder.java:getDbProfile(198)) - Using default options. DBProfile.DISK
2019-06-13 20:07:56,802 INFO  ipc.CallQueueManager (CallQueueManager.java:<init>(84)) - Using callQueue: class java.util.concurrent.LinkedBlockingQueue, queueCapacity: 2000, scheduler: class org.apache.hadoop.ipc.DefaultRpcScheduler, ipcBackoff: false.
2019-06-13 20:07:56,803 INFO  ipc.Server (Server.java:run(1074)) - Starting Socket Reader #1 for port 39219
2019-06-13 20:07:56,818 WARN  scm.ScmUtils (ScmUtils.java:getDBPath(63)) - ozone.om.db.dirs is not configured. We recommend adding this setting. Falling back to ozone.metadata.dirs instead.
2019-06-13 20:07:56,819 INFO  om.OzoneManager (OzoneManager.java:start(1217)) - OzoneManager RPC server is listening at localhost/127.0.0.1:39219
2019-06-13 20:07:56,819 INFO  impl.MetricsSystemImpl (MetricsSystemImpl.java:init(158)) - OzoneManager metrics system started (again)
2019-06-13 20:07:56,820 INFO  ipc.Server (Server.java:run(1314)) - IPC Server Responder: starting
2019-06-13 20:07:56,820 INFO  ipc.Server (Server.java:run(1153)) - IPC Server listener on 39219: starting
2019-06-13 20:07:56,827 INFO  hdfs.DFSUtil (DFSUtil.java:httpServerTemplateForNNAndJN(1641)) - Starting Web-server for ozoneManager at: http://0.0.0.0:0
2019-06-13 20:07:56,828 INFO  server.AuthenticationFilter (AuthenticationFilter.java:constructSecretProvider(240)) - Unable to initialize FileSignerSecretProvider, falling back to use random secrets.
2019-06-13 20:07:56,829 WARN  http.HttpRequestLog (HttpRequestLog.java:getRequestLog(97)) - Jetty request log can only be enabled using Log4j
2019-06-13 20:07:56,830 INFO  http.HttpServer2 (HttpServer2.java:addGlobalFilter(975)) - Added global filter 'safety' (class=org.apache.hadoop.http.HttpServer2$QuotingInputFilter)
2019-06-13 20:07:56,831 INFO  http.HttpServer2 (HttpServer2.java:addFilter(948)) - Added filter static_user_filter (class=org.apache.hadoop.http.lib.StaticUserWebFilter$StaticUserFilter) to context ozoneManager
2019-06-13 20:07:56,831 INFO  http.HttpServer2 (HttpServer2.java:addFilter(958)) - Added filter static_user_filter (class=org.apache.hadoop.http.lib.StaticUserWebFilter$StaticUserFilter) to context static
2019-06-13 20:07:56,831 INFO  http.HttpServer2 (HttpServer2.java:addFilter(958)) - Added filter static_user_filter (class=org.apache.hadoop.http.lib.StaticUserWebFilter$StaticUserFilter) to context logs
2019-06-13 20:07:56,832 INFO  http.HttpServer2 (HttpServer2.java:bindListener(1191)) - Jetty bound to port 34103
2019-06-13 20:07:56,832 INFO  server.Server (Server.java:doStart(351)) - jetty-9.3.24.v20180605, build timestamp: 2018-06-05T17:11:56Z, git hash: 84205aa28f11a4f31f2a3b86d1bba2cc8ab69827
2019-06-13 20:07:56,834 INFO  handler.ContextHandler (ContextHandler.java:doStart(781)) - Started o.e.j.s.ServletContextHandler@6f44959d{/logs,file:///opt/src/hadoop-ozone/integration-test/target/log,AVAILABLE}
2019-06-13 20:07:56,835 INFO  handler.ContextHandler (ContextHandler.java:doStart(781)) - Started o.e.j.s.ServletContextHandler@5de76caf{/static,file:///opt/src/hadoop-ozone/integration-test/target/test-classes/webapps/static,AVAILABLE}
2019-06-13 20:07:56,838 INFO  handler.ContextHandler (ContextHandler.java:doStart(781)) - Started o.e.j.w.WebAppContext@9e36189{/,file:///opt/src/hadoop-ozone/integration-test/target/test-classes/webapps/ozoneManager/,AVAILABLE}{/ozoneManager}
2019-06-13 20:07:56,838 INFO  server.AbstractConnector (AbstractConnector.java:doStart(278)) - Started ServerConnector@6faab196{HTTP/1.1,[http/1.1]}{0.0.0.0:34103}
2019-06-13 20:07:56,839 INFO  server.Server (Server.java:doStart(419)) - Started @13169ms
2019-06-13 20:07:56,839 INFO  server.BaseHttpServer (BaseHttpServer.java:updateConnectorAddress(207)) - HTTP server of OZONEMANAGER is listening at http://0.0.0.0:34103
2019-06-13 20:07:56,842 INFO  impl.MetricsSystemImpl (MetricsSystemImpl.java:init(158)) - HddsDatanode metrics system started (again)
2019-06-13 20:07:56,843 INFO  ozone.HddsDatanodeService (HddsDatanodeService.java:start(185)) - HddsDatanodeService host:ozone-d8fz6-1684193631 ip:192.168.46.24
2019-06-13 20:07:56,847 INFO  volume.HddsVolume (HddsVolume.java:<init>(176)) - Creating Volume: /opt/src/hadoop-ozone/integration-test/target/test-dir/MiniOzoneClusterImpl-6a7d0f93-8e59-4dc1-8e96-222b93fcb387/datanode-0/data/containers/hdds of  storage type : DISK and capacity : 104021790720
2019-06-13 20:07:56,847 INFO  volume.VolumeSet (VolumeSet.java:initializeVolumeSet(170)) - Added Volume : /opt/src/hadoop-ozone/integration-test/target/test-dir/MiniOzoneClusterImpl-6a7d0f93-8e59-4dc1-8e96-222b93fcb387/datanode-0/data/containers/hdds to VolumeSet
2019-06-13 20:07:56,847 INFO  volume.ThrottledAsyncChecker (ThrottledAsyncChecker.java:schedule(140)) - Scheduling a check for org.apache.hadoop.ozone.container.common.volume.HddsVolume@442edacb
2019-06-13 20:07:56,848 INFO  volume.HddsVolumeChecker (HddsVolumeChecker.java:checkAllVolumes(203)) - Scheduled health check for volume org.apache.hadoop.ozone.container.common.volume.HddsVolume@442edacb
2019-06-13 20:07:56,859 INFO  ratis.XceiverServerRatis (XceiverServerRatis.java:newXceiverServerRatis(401)) - Found a free port for the server : 37075
2019-06-13 20:07:56,860 INFO  impl.RaftServerProxy (ConfUtils.java:logGet(43)) - raft.rpc.type = GRPC (default)
2019-06-13 20:07:56,860 INFO  grpc.GrpcConfigKeys$Server (ConfUtils.java:logGet(43)) - raft.grpc.server.port = 37075 (custom)
2019-06-13 20:07:56,860 INFO  server.GrpcService (ConfUtils.java:logGet(43)) - raft.grpc.message.size.max = 33570816 (custom)
2019-06-13 20:07:56,861 INFO  server.RaftServerConfigKeys (ConfUtils.java:logGet(43)) - raft.server.log.appender.buffer.byte-limit = 33554432 (custom)
2019-06-13 20:07:56,861 INFO  server.GrpcService (ConfUtils.java:logGet(43)) - raft.grpc.flow.control.window = 1MB (=1048576) (default)
2019-06-13 20:07:56,861 INFO  server.RaftServerConfigKeys (ConfUtils.java:logGet(43)) - raft.server.rpc.request.timeout = 3000ms (default)
2019-06-13 20:07:56,861 INFO  server.RaftServerConfigKeys (ConfUtils.java:logGet(43)) - raft.server.storage.dir = [/opt/src/hadoop-ozone/integration-test/target/test-dir/MiniOzoneClusterImpl-6a7d0f93-8e59-4dc1-8e96-222b93fcb387/datanode-0/data/ratis] (custom)
2019-06-13 20:07:56,862 INFO  server.XceiverServerGrpc (XceiverServerGrpc.java:<init>(97)) - Found a free port for the server : 39889
2019-06-13 20:07:56,862 INFO  replication.SimpleContainerDownloader (SimpleContainerDownloader.java:<init>(72)) - Starting container downloader service to copy containers to replicate.
2019-06-13 20:07:56,863 INFO  hdfs.DFSUtil (DFSUtil.java:httpServerTemplateForNNAndJN(1641)) - Starting Web-server for hddsDatanode at: http://0.0.0.0:0
2019-06-13 20:07:56,864 INFO  server.AuthenticationFilter (AuthenticationFilter.java:constructSecretProvider(240)) - Unable to initialize FileSignerSecretProvider, falling back to use random secrets.
2019-06-13 20:07:56,864 WARN  http.HttpRequestLog (HttpRequestLog.java:getRequestLog(97)) - Jetty request log can only be enabled using Log4j
2019-06-13 20:07:56,865 INFO  http.HttpServer2 (HttpServer2.java:addGlobalFilter(975)) - Added global filter 'safety' (class=org.apache.hadoop.http.HttpServer2$QuotingInputFilter)
2019-06-13 20:07:56,866 INFO  http.HttpServer2 (HttpServer2.java:addFilter(948)) - Added filter static_user_filter (class=org.apache.hadoop.http.lib.StaticUserWebFilter$StaticUserFilter) to context hddsDatanode
2019-06-13 20:07:56,866 INFO  http.HttpServer2 (HttpServer2.java:addFilter(958)) - Added filter static_user_filter (class=org.apache.hadoop.http.lib.StaticUserWebFilter$StaticUserFilter) to context static
2019-06-13 20:07:56,866 INFO  http.HttpServer2 (HttpServer2.java:addFilter(958)) - Added filter static_user_filter (class=org.apache.hadoop.http.lib.StaticUserWebFilter$StaticUserFilter) to context logs
2019-06-13 20:07:56,866 INFO  http.HttpServer2 (HttpServer2.java:bindListener(1191)) - Jetty bound to port 38721
2019-06-13 20:07:56,866 INFO  server.Server (Server.java:doStart(351)) - jetty-9.3.24.v20180605, build timestamp: 2018-06-05T17:11:56Z, git hash: 84205aa28f11a4f31f2a3b86d1bba2cc8ab69827
2019-06-13 20:07:56,872 INFO  handler.ContextHandler (ContextHandler.java:doStart(781)) - Started o.e.j.s.ServletContextHandler@784a2394{/logs,file:///opt/src/hadoop-ozone/integration-test/target/log,AVAILABLE}
2019-06-13 20:07:56,873 INFO  handler.ContextHandler (ContextHandler.java:doStart(781)) - Started o.e.j.s.ServletContextHandler@640b61c9{/static,jar:file:/root/.m2/repository/org/apache/hadoop/hadoop-hdds-container-service/0.5.0-SNAPSHOT/hadoop-hdds-container-service-0.5.0-SNAPSHOT.jar!/webapps/static,AVAILABLE}
2019-06-13 20:07:56,894 INFO  handler.ContextHandler (ContextHandler.java:doStart(781)) - Started o.e.j.w.WebAppContext@7d32ca63{/,file:///tmp/jetty-0.0.0.0-38721-hddsDatanode-_-any-3739218300619813190.dir/webapp/,AVAILABLE}{/hddsDatanode}
2019-06-13 20:07:56,894 INFO  server.AbstractConnector (AbstractConnector.java:doStart(278)) - Started ServerConnector@520019ae{HTTP/1.1,[http/1.1]}{0.0.0.0:38721}
2019-06-13 20:07:56,895 INFO  server.Server (Server.java:doStart(419)) - Started @13225ms
2019-06-13 20:07:56,895 INFO  server.BaseHttpServer (BaseHttpServer.java:updateConnectorAddress(207)) - HTTP server of HDDSDATANODE is listening at http://0.0.0.0:38721
2019-06-13 20:07:56,918 INFO  background.BlockDeletingService (BlockDeletingService.java:getTasks(123)) - Plan to choose 10 containers for block deletion, actually returns 5 valid containers.
2019-06-13 20:07:56,922 ERROR utils.ContainerCache (ContainerCache.java:getDB(137)) - Error opening DB. Container:1 ContainerPath:/opt/src/hadoop-ozone/integration-test/target/test-dir/MiniOzoneClusterImpl-81045214-ddaf-49dc-b937-6952dc108bc6/datanode-0/data/containers/hdds/87ce7603-6886-4678-97fb-c6fe9dde4d32/current/containerDir0/1/metadata/1-dn-container.db
java.io.IOException: Failed init RocksDB, db path : /opt/src/hadoop-ozone/integration-test/target/test-dir/MiniOzoneClusterImpl-81045214-ddaf-49dc-b937-6952dc108bc6/datanode-0/data/containers/hdds/87ce7603-6886-4678-97fb-c6fe9dde4d32/current/containerDir0/1/metadata/1-dn-container.db
	at org.apache.hadoop.utils.RocksDBStore.<init>(RocksDBStore.java:87)
	at org.apache.hadoop.utils.MetadataStoreBuilder.build(MetadataStoreBuilder.java:137)
	at org.apache.hadoop.ozone.container.common.utils.ContainerCache.getDB(ContainerCache.java:129)
	at org.apache.hadoop.ozone.container.keyvalue.helpers.BlockUtils.getDB(BlockUtils.java:77)
	at org.apache.hadoop.ozone.container.keyvalue.statemachine.background.BlockDeletingService$BlockDeletingTask.call(BlockDeletingService.java:188)
	at org.apache.hadoop.ozone.container.keyvalue.statemachine.background.BlockDeletingService$BlockDeletingTask.call(BlockDeletingService.java:172)
	at java.util.concurrent.FutureTask.run(FutureTask.java:266)
	at java.util.concurrent.Executors$RunnableAdapter.call(Executors.java:511)
	at java.util.concurrent.FutureTask.run(FutureTask.java:266)
	at java.util.concurrent.Executors$RunnableAdapter.call(Executors.java:511)
	at java.util.concurrent.FutureTask.run(FutureTask.java:266)
	at java.util.concurrent.ScheduledThreadPoolExecutor$ScheduledFutureTask.access$201(ScheduledThreadPoolExecutor.java:180)
	at java.util.concurrent.ScheduledThreadPoolExecutor$ScheduledFutureTask.run(ScheduledThreadPoolExecutor.java:293)
	at java.util.concurrent.ThreadPoolExecutor.runWorker(ThreadPoolExecutor.java:1149)
	at java.util.concurrent.ThreadPoolExecutor$Worker.run(ThreadPoolExecutor.java:624)
	at java.lang.Thread.run(Thread.java:748)
Caused by: org.rocksdb.RocksDBException: While mkdir if missing: /opt/src/hadoop-ozone/integration-test/target/test-dir/MiniOzoneClusterImpl-81045214-ddaf-49dc-b937-6952dc108bc6/datanode-0/data/containers/hdds/87ce7603-6886-4678-97fb-c6fe9dde4d32/current/containerDir0/1/metadata/1-dn-container.db: No such file or directory
	at org.rocksdb.RocksDB.open(Native Method)
	at org.rocksdb.RocksDB.open(RocksDB.java:231)
	at org.apache.hadoop.utils.RocksDBStore.<init>(RocksDBStore.java:71)
	... 15 more
2019-06-13 20:07:56,923 ERROR utils.ContainerCache (ContainerCache.java:getDB(137)) - Error opening DB. Container:4 ContainerPath:/opt/src/hadoop-ozone/integration-test/target/test-dir/MiniOzoneClusterImpl-81045214-ddaf-49dc-b937-6952dc108bc6/datanode-0/data/containers/hdds/87ce7603-6886-4678-97fb-c6fe9dde4d32/current/containerDir0/4/metadata/4-dn-container.db
java.io.IOException: Failed init RocksDB, db path : /opt/src/hadoop-ozone/integration-test/target/test-dir/MiniOzoneClusterImpl-81045214-ddaf-49dc-b937-6952dc108bc6/datanode-0/data/containers/hdds/87ce7603-6886-4678-97fb-c6fe9dde4d32/current/containerDir0/4/metadata/4-dn-container.db
	at org.apache.hadoop.utils.RocksDBStore.<init>(RocksDBStore.java:87)
	at org.apache.hadoop.utils.MetadataStoreBuilder.build(MetadataStoreBuilder.java:137)
	at org.apache.hadoop.ozone.container.common.utils.ContainerCache.getDB(ContainerCache.java:129)
	at org.apache.hadoop.ozone.container.keyvalue.helpers.BlockUtils.getDB(BlockUtils.java:77)
	at org.apache.hadoop.ozone.container.keyvalue.statemachine.background.BlockDeletingService$BlockDeletingTask.call(BlockDeletingService.java:188)
	at org.apache.hadoop.ozone.container.keyvalue.statemachine.background.BlockDeletingService$BlockDeletingTask.call(BlockDeletingService.java:172)
	at java.util.concurrent.FutureTask.run(FutureTask.java:266)
	at java.util.concurrent.Executors$RunnableAdapter.call(Executors.java:511)
	at java.util.concurrent.FutureTask.run(FutureTask.java:266)
	at java.util.concurrent.Executors$RunnableAdapter.call(Executors.java:511)
	at java.util.concurrent.FutureTask.run(FutureTask.java:266)
	at java.util.concurrent.ScheduledThreadPoolExecutor$ScheduledFutureTask.access$201(ScheduledThreadPoolExecutor.java:180)
	at java.util.concurrent.ScheduledThreadPoolExecutor$ScheduledFutureTask.run(ScheduledThreadPoolExecutor.java:293)
	at java.util.concurrent.ThreadPoolExecutor.runWorker(ThreadPoolExecutor.java:1149)
	at java.util.concurrent.ThreadPoolExecutor$Worker.run(ThreadPoolExecutor.java:624)
	at java.lang.Thread.run(Thread.java:748)
Caused by: org.rocksdb.RocksDBException: While mkdir if missing: /opt/src/hadoop-ozone/integration-test/target/test-dir/MiniOzoneClusterImpl-81045214-ddaf-49dc-b937-6952dc108bc6/datanode-0/data/containers/hdds/87ce7603-6886-4678-97fb-c6fe9dde4d32/current/containerDir0/4/metadata/4-dn-container.db: No such file or directory
	at org.rocksdb.RocksDB.open(Native Method)
	at org.rocksdb.RocksDB.open(RocksDB.java:231)
	at org.apache.hadoop.utils.RocksDBStore.<init>(RocksDBStore.java:71)
	... 15 more
2019-06-13 20:07:56,924 WARN  utils.BackgroundService (BackgroundService.java:lambda$run$0(135)) - Background task fails to execute, retrying in next interval
java.util.concurrent.ExecutionException: org.apache.hadoop.hdds.scm.container.common.helpers.StorageContainerException: Error opening DB. Container:4 ContainerPath:/opt/src/hadoop-ozone/integration-test/target/test-dir/MiniOzoneClusterImpl-81045214-ddaf-49dc-b937-6952dc108bc6/datanode-0/data/containers/hdds/87ce7603-6886-4678-97fb-c6fe9dde4d32/current/containerDir0/4/metadata/4-dn-container.db
	at java.util.concurrent.FutureTask.report(FutureTask.java:122)
	at java.util.concurrent.FutureTask.get(FutureTask.java:206)
	at org.apache.hadoop.utils.BackgroundService$PeriodicalTask.lambda$run$0(BackgroundService.java:129)
	at java.util.stream.ForEachOps$ForEachOp$OfRef.accept(ForEachOps.java:184)
	at java.util.ArrayList$ArrayListSpliterator.forEachRemaining(ArrayList.java:1382)
	at java.util.stream.AbstractPipeline.copyInto(AbstractPipeline.java:482)
	at java.util.stream.ForEachOps$ForEachTask.compute(ForEachOps.java:291)
	at java.util.concurrent.CountedCompleter.exec(CountedCompleter.java:731)
	at java.util.concurrent.ForkJoinTask.doExec(ForkJoinTask.java:289)
	at java.util.concurrent.ForkJoinTask.doInvoke(ForkJoinTask.java:401)
	at java.util.concurrent.ForkJoinTask.invoke(ForkJoinTask.java:734)
	at java.util.stream.ForEachOps$ForEachOp.evaluateParallel(ForEachOps.java:160)
	at java.util.stream.ForEachOps$ForEachOp$OfRef.evaluateParallel(ForEachOps.java:174)
	at java.util.stream.AbstractPipeline.evaluate(AbstractPipeline.java:233)
	at java.util.stream.ReferencePipeline.forEach(ReferencePipeline.java:418)
	at java.util.stream.ReferencePipeline$Head.forEach(ReferencePipeline.java:583)
	at org.apache.hadoop.utils.BackgroundService$PeriodicalTask.run(BackgroundService.java:125)
	at java.util.concurrent.Executors$RunnableAdapter.call(Executors.java:511)
	at java.util.concurrent.FutureTask.runAndReset(FutureTask.java:308)
	at java.util.concurrent.ScheduledThreadPoolExecutor$ScheduledFutureTask.access$301(ScheduledThreadPoolExecutor.java:180)
	at java.util.concurrent.ScheduledThreadPoolExecutor$ScheduledFutureTask.run(ScheduledThreadPoolExecutor.java:294)
	at java.util.concurrent.ThreadPoolExecutor.runWorker(ThreadPoolExecutor.java:1149)
	at java.util.concurrent.ThreadPoolExecutor$Worker.run(ThreadPoolExecutor.java:624)
	at java.lang.Thread.run(Thread.java:748)
Caused by: org.apache.hadoop.hdds.scm.container.common.helpers.StorageContainerException: Error opening DB. Container:4 ContainerPath:/opt/src/hadoop-ozone/integration-test/target/test-dir/MiniOzoneClusterImpl-81045214-ddaf-49dc-b937-6952dc108bc6/datanode-0/data/containers/hdds/87ce7603-6886-4678-97fb-c6fe9dde4d32/current/containerDir0/4/metadata/4-dn-container.db
	at org.apache.hadoop.ozone.container.keyvalue.helpers.BlockUtils.getDB(BlockUtils.java:84)
	at org.apache.hadoop.ozone.container.keyvalue.statemachine.background.BlockDeletingService$BlockDeletingTask.call(BlockDeletingService.java:188)
	at org.apache.hadoop.ozone.container.keyvalue.statemachine.background.BlockDeletingService$BlockDeletingTask.call(BlockDeletingService.java:172)
	at java.util.concurrent.FutureTask.run(FutureTask.java:266)
	at java.util.concurrent.Executors$RunnableAdapter.call(Executors.java:511)
	at java.util.concurrent.FutureTask.run(FutureTask.java:266)
	at java.util.concurrent.Executors$RunnableAdapter.call(Executors.java:511)
	at java.util.concurrent.FutureTask.run(FutureTask.java:266)
	at java.util.concurrent.ScheduledThreadPoolExecutor$ScheduledFutureTask.access$201(ScheduledThreadPoolExecutor.java:180)
	at java.util.concurrent.ScheduledThreadPoolExecutor$ScheduledFutureTask.run(ScheduledThreadPoolExecutor.java:293)
	... 3 more
2019-06-13 20:07:56,924 ERROR utils.ContainerCache (ContainerCache.java:getDB(137)) - Error opening DB. Container:2 ContainerPath:/opt/src/hadoop-ozone/integration-test/target/test-dir/MiniOzoneClusterImpl-81045214-ddaf-49dc-b937-6952dc108bc6/datanode-0/data/containers/hdds/87ce7603-6886-4678-97fb-c6fe9dde4d32/current/containerDir0/2/metadata/2-dn-container.db
java.io.IOException: Failed init RocksDB, db path : /opt/src/hadoop-ozone/integration-test/target/test-dir/MiniOzoneClusterImpl-81045214-ddaf-49dc-b937-6952dc108bc6/datanode-0/data/containers/hdds/87ce7603-6886-4678-97fb-c6fe9dde4d32/current/containerDir0/2/metadata/2-dn-container.db
	at org.apache.hadoop.utils.RocksDBStore.<init>(RocksDBStore.java:87)
	at org.apache.hadoop.utils.MetadataStoreBuilder.build(MetadataStoreBuilder.java:137)
	at org.apache.hadoop.ozone.container.common.utils.ContainerCache.getDB(ContainerCache.java:129)
	at org.apache.hadoop.ozone.container.keyvalue.helpers.BlockUtils.getDB(BlockUtils.java:77)
	at org.apache.hadoop.ozone.container.keyvalue.statemachine.background.BlockDeletingService$BlockDeletingTask.call(BlockDeletingService.java:188)
	at org.apache.hadoop.ozone.container.keyvalue.statemachine.background.BlockDeletingService$BlockDeletingTask.call(BlockDeletingService.java:172)
	at java.util.concurrent.FutureTask.run(FutureTask.java:266)
	at java.util.concurrent.Executors$RunnableAdapter.call(Executors.java:511)
	at java.util.concurrent.FutureTask.run(FutureTask.java:266)
	at java.util.concurrent.Executors$RunnableAdapter.call(Executors.java:511)
	at java.util.concurrent.FutureTask.run(FutureTask.java:266)
	at java.util.concurrent.ScheduledThreadPoolExecutor$ScheduledFutureTask.access$201(ScheduledThreadPoolExecutor.java:180)
	at java.util.concurrent.ScheduledThreadPoolExecutor$ScheduledFutureTask.run(ScheduledThreadPoolExecutor.java:293)
	at java.util.concurrent.ThreadPoolExecutor.runWorker(ThreadPoolExecutor.java:1149)
	at java.util.concurrent.ThreadPoolExecutor$Worker.run(ThreadPoolExecutor.java:624)
	at java.lang.Thread.run(Thread.java:748)
Caused by: org.rocksdb.RocksDBException: While mkdir if missing: /opt/src/hadoop-ozone/integration-test/target/test-dir/MiniOzoneClusterImpl-81045214-ddaf-49dc-b937-6952dc108bc6/datanode-0/data/containers/hdds/87ce7603-6886-4678-97fb-c6fe9dde4d32/current/containerDir0/2/metadata/2-dn-container.db: No such file or directory
	at org.rocksdb.RocksDB.open(Native Method)
	at org.rocksdb.RocksDB.open(RocksDB.java:231)
	at org.apache.hadoop.utils.RocksDBStore.<init>(RocksDBStore.java:71)
	... 15 more
2019-06-13 20:07:56,926 WARN  utils.BackgroundService (BackgroundService.java:lambda$run$0(135)) - Background task fails to execute, retrying in next interval
java.util.concurrent.ExecutionException: org.apache.hadoop.hdds.scm.container.common.helpers.StorageContainerException: Error opening DB. Container:2 ContainerPath:/opt/src/hadoop-ozone/integration-test/target/test-dir/MiniOzoneClusterImpl-81045214-ddaf-49dc-b937-6952dc108bc6/datanode-0/data/containers/hdds/87ce7603-6886-4678-97fb-c6fe9dde4d32/current/containerDir0/2/metadata/2-dn-container.db
	at java.util.concurrent.FutureTask.report(FutureTask.java:122)
	at java.util.concurrent.FutureTask.get(FutureTask.java:206)
	at org.apache.hadoop.utils.BackgroundService$PeriodicalTask.lambda$run$0(BackgroundService.java:129)
	at java.util.stream.ForEachOps$ForEachOp$OfRef.accept(ForEachOps.java:184)
	at java.util.ArrayList$ArrayListSpliterator.forEachRemaining(ArrayList.java:1382)
	at java.util.stream.AbstractPipeline.copyInto(AbstractPipeline.java:482)
	at java.util.stream.ForEachOps$ForEachTask.compute(ForEachOps.java:291)
	at java.util.concurrent.CountedCompleter.exec(CountedCompleter.java:731)
	at java.util.concurrent.ForkJoinTask.doExec(ForkJoinTask.java:289)
	at java.util.concurrent.ForkJoinPool.helpComplete(ForkJoinPool.java:1870)
	at java.util.concurrent.ForkJoinPool.externalHelpComplete(ForkJoinPool.java:2467)
	at java.util.concurrent.ForkJoinTask.externalAwaitDone(ForkJoinTask.java:324)
	at java.util.concurrent.ForkJoinTask.doInvoke(ForkJoinTask.java:405)
	at java.util.concurrent.ForkJoinTask.invoke(ForkJoinTask.java:734)
	at java.util.stream.ForEachOps$ForEachOp.evaluateParallel(ForEachOps.java:160)
	at java.util.stream.ForEachOps$ForEachOp$OfRef.evaluateParallel(ForEachOps.java:174)
	at java.util.stream.AbstractPipeline.evaluate(AbstractPipeline.java:233)
	at java.util.stream.ReferencePipeline.forEach(ReferencePipeline.java:418)
	at java.util.stream.ReferencePipeline$Head.forEach(ReferencePipeline.java:583)
	at org.apache.hadoop.utils.BackgroundService$PeriodicalTask.run(BackgroundService.java:125)
	at java.util.concurrent.Executors$RunnableAdapter.call(Executors.java:511)
	at java.util.concurrent.FutureTask.runAndReset(FutureTask.java:308)
	at java.util.concurrent.ScheduledThreadPoolExecutor$ScheduledFutureTask.access$301(ScheduledThreadPoolExecutor.java:180)
	at java.util.concurrent.ScheduledThreadPoolExecutor$ScheduledFutureTask.run(ScheduledThreadPoolExecutor.java:294)
	at java.util.concurrent.ThreadPoolExecutor.runWorker(ThreadPoolExecutor.java:1149)
	at java.util.concurrent.ThreadPoolExecutor$Worker.run(ThreadPoolExecutor.java:624)
	at java.lang.Thread.run(Thread.java:748)
Caused by: org.apache.hadoop.hdds.scm.container.common.helpers.StorageContainerException: Error opening DB. Container:2 ContainerPath:/opt/src/hadoop-ozone/integration-test/target/test-dir/MiniOzoneClusterImpl-81045214-ddaf-49dc-b937-6952dc108bc6/datanode-0/data/containers/hdds/87ce7603-6886-4678-97fb-c6fe9dde4d32/current/containerDir0/2/metadata/2-dn-container.db
	at org.apache.hadoop.ozone.container.keyvalue.helpers.BlockUtils.getDB(BlockUtils.java:84)
	at org.apache.hadoop.ozone.container.keyvalue.statemachine.background.BlockDeletingService$BlockDeletingTask.call(BlockDeletingService.java:188)
	at org.apache.hadoop.ozone.container.keyvalue.statemachine.background.BlockDeletingService$BlockDeletingTask.call(BlockDeletingService.java:172)
	at java.util.concurrent.FutureTask.run(FutureTask.java:266)
	at java.util.concurrent.Executors$RunnableAdapter.call(Executors.java:511)
	at java.util.concurrent.FutureTask.run(FutureTask.java:266)
	at java.util.concurrent.Executors$RunnableAdapter.call(Executors.java:511)
	at java.util.concurrent.FutureTask.run(FutureTask.java:266)
	at java.util.concurrent.ScheduledThreadPoolExecutor$ScheduledFutureTask.access$201(ScheduledThreadPoolExecutor.java:180)
	at java.util.concurrent.ScheduledThreadPoolExecutor$ScheduledFutureTask.run(ScheduledThreadPoolExecutor.java:293)
	... 3 more
2019-06-13 20:07:56,926 ERROR utils.ContainerCache (ContainerCache.java:getDB(137)) - Error opening DB. Container:3 ContainerPath:/opt/src/hadoop-ozone/integration-test/target/test-dir/MiniOzoneClusterImpl-81045214-ddaf-49dc-b937-6952dc108bc6/datanode-0/data/containers/hdds/87ce7603-6886-4678-97fb-c6fe9dde4d32/current/containerDir0/3/metadata/3-dn-container.db
java.io.IOException: Failed init RocksDB, db path : /opt/src/hadoop-ozone/integration-test/target/test-dir/MiniOzoneClusterImpl-81045214-ddaf-49dc-b937-6952dc108bc6/datanode-0/data/containers/hdds/87ce7603-6886-4678-97fb-c6fe9dde4d32/current/containerDir0/3/metadata/3-dn-container.db
	at org.apache.hadoop.utils.RocksDBStore.<init>(RocksDBStore.java:87)
	at org.apache.hadoop.utils.MetadataStoreBuilder.build(MetadataStoreBuilder.java:137)
	at org.apache.hadoop.ozone.container.common.utils.ContainerCache.getDB(ContainerCache.java:129)
	at org.apache.hadoop.ozone.container.keyvalue.helpers.BlockUtils.getDB(BlockUtils.java:77)
	at org.apache.hadoop.ozone.container.keyvalue.statemachine.background.BlockDeletingService$BlockDeletingTask.call(BlockDeletingService.java:188)
	at org.apache.hadoop.ozone.container.keyvalue.statemachine.background.BlockDeletingService$BlockDeletingTask.call(BlockDeletingService.java:172)
	at java.util.concurrent.FutureTask.run(FutureTask.java:266)
	at java.util.concurrent.Executors$RunnableAdapter.call(Executors.java:511)
	at java.util.concurrent.FutureTask.run(FutureTask.java:266)
	at java.util.concurrent.Executors$RunnableAdapter.call(Executors.java:511)
	at java.util.concurrent.FutureTask.run(FutureTask.java:266)
	at java.util.concurrent.ScheduledThreadPoolExecutor$ScheduledFutureTask.access$201(ScheduledThreadPoolExecutor.java:180)
	at java.util.concurrent.ScheduledThreadPoolExecutor$ScheduledFutureTask.run(ScheduledThreadPoolExecutor.java:293)
	at java.util.concurrent.ThreadPoolExecutor.runWorker(ThreadPoolExecutor.java:1149)
	at java.util.concurrent.ThreadPoolExecutor$Worker.run(ThreadPoolExecutor.java:624)
	at java.lang.Thread.run(Thread.java:748)
Caused by: org.rocksdb.RocksDBException: While mkdir if missing: /opt/src/hadoop-ozone/integration-test/target/test-dir/MiniOzoneClusterImpl-81045214-ddaf-49dc-b937-6952dc108bc6/datanode-0/data/containers/hdds/87ce7603-6886-4678-97fb-c6fe9dde4d32/current/containerDir0/3/metadata/3-dn-container.db: No such file or directory
	at org.rocksdb.RocksDB.open(Native Method)
	at org.rocksdb.RocksDB.open(RocksDB.java:231)
	at org.apache.hadoop.utils.RocksDBStore.<init>(RocksDBStore.java:71)
	... 15 more
2019-06-13 20:07:56,928 ERROR utils.ContainerCache (ContainerCache.java:getDB(137)) - Error opening DB. Container:5 ContainerPath:/opt/src/hadoop-ozone/integration-test/target/test-dir/MiniOzoneClusterImpl-81045214-ddaf-49dc-b937-6952dc108bc6/datanode-0/data/containers/hdds/87ce7603-6886-4678-97fb-c6fe9dde4d32/current/containerDir0/5/metadata/5-dn-container.db
java.io.IOException: Failed init RocksDB, db path : /opt/src/hadoop-ozone/integration-test/target/test-dir/MiniOzoneClusterImpl-81045214-ddaf-49dc-b937-6952dc108bc6/datanode-0/data/containers/hdds/87ce7603-6886-4678-97fb-c6fe9dde4d32/current/containerDir0/5/metadata/5-dn-container.db
	at org.apache.hadoop.utils.RocksDBStore.<init>(RocksDBStore.java:87)
	at org.apache.hadoop.utils.MetadataStoreBuilder.build(MetadataStoreBuilder.java:137)
	at org.apache.hadoop.ozone.container.common.utils.ContainerCache.getDB(ContainerCache.java:129)
	at org.apache.hadoop.ozone.container.keyvalue.helpers.BlockUtils.getDB(BlockUtils.java:77)
	at org.apache.hadoop.ozone.container.keyvalue.statemachine.background.BlockDeletingService$BlockDeletingTask.call(BlockDeletingService.java:188)
	at org.apache.hadoop.ozone.container.keyvalue.statemachine.background.BlockDeletingService$BlockDeletingTask.call(BlockDeletingService.java:172)
	at java.util.concurrent.FutureTask.run(FutureTask.java:266)
	at java.util.concurrent.Executors$RunnableAdapter.call(Executors.java:511)
	at java.util.concurrent.FutureTask.run(FutureTask.java:266)
	at java.util.concurrent.Executors$RunnableAdapter.call(Executors.java:511)
	at java.util.concurrent.FutureTask.run(FutureTask.java:266)
	at java.util.concurrent.ScheduledThreadPoolExecutor$ScheduledFutureTask.access$201(ScheduledThreadPoolExecutor.java:180)
	at java.util.concurrent.ScheduledThreadPoolExecutor$ScheduledFutureTask.run(ScheduledThreadPoolExecutor.java:293)
	at java.util.concurrent.ThreadPoolExecutor.runWorker(ThreadPoolExecutor.java:1149)
	at java.util.concurrent.ThreadPoolExecutor$Worker.run(ThreadPoolExecutor.java:624)
	at java.lang.Thread.run(Thread.java:748)
Caused by: org.rocksdb.RocksDBException: While mkdir if missing: /opt/src/hadoop-ozone/integration-test/target/test-dir/MiniOzoneClusterImpl-81045214-ddaf-49dc-b937-6952dc108bc6/datanode-0/data/containers/hdds/87ce7603-6886-4678-97fb-c6fe9dde4d32/current/containerDir0/5/metadata/5-dn-container.db: No such file or directory
	at org.rocksdb.RocksDB.open(Native Method)
	at org.rocksdb.RocksDB.open(RocksDB.java:231)
	at org.apache.hadoop.utils.RocksDBStore.<init>(RocksDBStore.java:71)
	... 15 more
2019-06-13 20:07:56,928 WARN  utils.BackgroundService (BackgroundService.java:lambda$run$0(135)) - Background task fails to execute, retrying in next interval
java.util.concurrent.ExecutionException: org.apache.hadoop.hdds.scm.container.common.helpers.StorageContainerException: Error opening DB. Container:5 ContainerPath:/opt/src/hadoop-ozone/integration-test/target/test-dir/MiniOzoneClusterImpl-81045214-ddaf-49dc-b937-6952dc108bc6/datanode-0/data/containers/hdds/87ce7603-6886-4678-97fb-c6fe9dde4d32/current/containerDir0/5/metadata/5-dn-container.db
	at java.util.concurrent.FutureTask.report(FutureTask.java:122)
	at java.util.concurrent.FutureTask.get(FutureTask.java:206)
	at org.apache.hadoop.utils.BackgroundService$PeriodicalTask.lambda$run$0(BackgroundService.java:129)
	at java.util.stream.ForEachOps$ForEachOp$OfRef.accept(ForEachOps.java:184)
	at java.util.ArrayList$ArrayListSpliterator.forEachRemaining(ArrayList.java:1382)
	at java.util.stream.AbstractPipeline.copyInto(AbstractPipeline.java:482)
	at java.util.stream.ForEachOps$ForEachTask.compute(ForEachOps.java:291)
	at java.util.concurrent.CountedCompleter.exec(CountedCompleter.java:731)
	at java.util.concurrent.ForkJoinTask.doExec(ForkJoinTask.java:289)
	at java.util.concurrent.ForkJoinPool$WorkQueue.runTask(ForkJoinPool.java:1056)
	at java.util.concurrent.ForkJoinPool.runWorker(ForkJoinPool.java:1692)
	at java.util.concurrent.ForkJoinWorkerThread.run(ForkJoinWorkerThread.java:157)
Caused by: org.apache.hadoop.hdds.scm.container.common.helpers.StorageContainerException: Error opening DB. Container:5 ContainerPath:/opt/src/hadoop-ozone/integration-test/target/test-dir/MiniOzoneClusterImpl-81045214-ddaf-49dc-b937-6952dc108bc6/datanode-0/data/containers/hdds/87ce7603-6886-4678-97fb-c6fe9dde4d32/current/containerDir0/5/metadata/5-dn-container.db
	at org.apache.hadoop.ozone.container.keyvalue.helpers.BlockUtils.getDB(BlockUtils.java:84)
	at org.apache.hadoop.ozone.container.keyvalue.statemachine.background.BlockDeletingService$BlockDeletingTask.call(BlockDeletingService.java:188)
	at org.apache.hadoop.ozone.container.keyvalue.statemachine.background.BlockDeletingService$BlockDeletingTask.call(BlockDeletingService.java:172)
	at java.util.concurrent.FutureTask.run(FutureTask.java:266)
	at java.util.concurrent.Executors$RunnableAdapter.call(Executors.java:511)
	at java.util.concurrent.FutureTask.run(FutureTask.java:266)
	at java.util.concurrent.Executors$RunnableAdapter.call(Executors.java:511)
	at java.util.concurrent.FutureTask.run(FutureTask.java:266)
	at java.util.concurrent.ScheduledThreadPoolExecutor$ScheduledFutureTask.access$201(ScheduledThreadPoolExecutor.java:180)
	at java.util.concurrent.ScheduledThreadPoolExecutor$ScheduledFutureTask.run(ScheduledThreadPoolExecutor.java:293)
	at java.util.concurrent.ThreadPoolExecutor.runWorker(ThreadPoolExecutor.java:1149)
	at java.util.concurrent.ThreadPoolExecutor$Worker.run(ThreadPoolExecutor.java:624)
	at java.lang.Thread.run(Thread.java:748)
2019-06-13 20:07:56,929 WARN  utils.BackgroundService (BackgroundService.java:lambda$run$0(135)) - Background task fails to execute, retrying in next interval
java.util.concurrent.ExecutionException: org.apache.hadoop.hdds.scm.container.common.helpers.StorageContainerException: Error opening DB. Container:1 ContainerPath:/opt/src/hadoop-ozone/integration-test/target/test-dir/MiniOzoneClusterImpl-81045214-ddaf-49dc-b937-6952dc108bc6/datanode-0/data/containers/hdds/87ce7603-6886-4678-97fb-c6fe9dde4d32/current/containerDir0/1/metadata/1-dn-container.db
	at java.util.concurrent.FutureTask.report(FutureTask.java:122)
	at java.util.concurrent.FutureTask.get(FutureTask.java:206)
	at org.apache.hadoop.utils.BackgroundService$PeriodicalTask.lambda$run$0(BackgroundService.java:129)
	at java.util.stream.ForEachOps$ForEachOp$OfRef.accept(ForEachOps.java:184)
	at java.util.ArrayList$ArrayListSpliterator.forEachRemaining(ArrayList.java:1382)
	at java.util.stream.AbstractPipeline.copyInto(AbstractPipeline.java:482)
	at java.util.stream.ForEachOps$ForEachTask.compute(ForEachOps.java:291)
	at java.util.concurrent.CountedCompleter.exec(CountedCompleter.java:731)
	at java.util.concurrent.ForkJoinTask.doExec(ForkJoinTask.java:289)
	at java.util.concurrent.ForkJoinPool$WorkQueue.execLocalTasks(ForkJoinPool.java:1040)
	at java.util.concurrent.ForkJoinPool$WorkQueue.runTask(ForkJoinPool.java:1058)
	at java.util.concurrent.ForkJoinPool.runWorker(ForkJoinPool.java:1692)
	at java.util.concurrent.ForkJoinWorkerThread.run(ForkJoinWorkerThread.java:157)
Caused by: org.apache.hadoop.hdds.scm.container.common.helpers.StorageContainerException: Error opening DB. Container:1 ContainerPath:/opt/src/hadoop-ozone/integration-test/target/test-dir/MiniOzoneClusterImpl-81045214-ddaf-49dc-b937-6952dc108bc6/datanode-0/data/containers/hdds/87ce7603-6886-4678-97fb-c6fe9dde4d32/current/containerDir0/1/metadata/1-dn-container.db
	at org.apache.hadoop.ozone.container.keyvalue.helpers.BlockUtils.getDB(BlockUtils.java:84)
	at org.apache.hadoop.ozone.container.keyvalue.statemachine.background.BlockDeletingService$BlockDeletingTask.call(BlockDeletingService.java:188)
	at org.apache.hadoop.ozone.container.keyvalue.statemachine.background.BlockDeletingService$BlockDeletingTask.call(BlockDeletingService.java:172)
	at java.util.concurrent.FutureTask.run(FutureTask.java:266)
	at java.util.concurrent.Executors$RunnableAdapter.call(Executors.java:511)
	at java.util.concurrent.FutureTask.run(FutureTask.java:266)
	at java.util.concurrent.Executors$RunnableAdapter.call(Executors.java:511)
	at java.util.concurrent.FutureTask.run(FutureTask.java:266)
	at java.util.concurrent.ScheduledThreadPoolExecutor$ScheduledFutureTask.access$201(ScheduledThreadPoolExecutor.java:180)
	at java.util.concurrent.ScheduledThreadPoolExecutor$ScheduledFutureTask.run(ScheduledThreadPoolExecutor.java:293)
	at java.util.concurrent.ThreadPoolExecutor.runWorker(ThreadPoolExecutor.java:1149)
	at java.util.concurrent.ThreadPoolExecutor$Worker.run(ThreadPoolExecutor.java:624)
	at java.lang.Thread.run(Thread.java:748)
2019-06-13 20:07:56,946 WARN  utils.BackgroundService (BackgroundService.java:lambda$run$0(135)) - Background task fails to execute, retrying in next interval
java.util.concurrent.ExecutionException: org.apache.hadoop.hdds.scm.container.common.helpers.StorageContainerException: Error opening DB. Container:3 ContainerPath:/opt/src/hadoop-ozone/integration-test/target/test-dir/MiniOzoneClusterImpl-81045214-ddaf-49dc-b937-6952dc108bc6/datanode-0/data/containers/hdds/87ce7603-6886-4678-97fb-c6fe9dde4d32/current/containerDir0/3/metadata/3-dn-container.db
	at java.util.concurrent.FutureTask.report(FutureTask.java:122)
	at java.util.concurrent.FutureTask.get(FutureTask.java:206)
	at org.apache.hadoop.utils.BackgroundService$PeriodicalTask.lambda$run$0(BackgroundService.java:129)
	at java.util.stream.ForEachOps$ForEachOp$OfRef.accept(ForEachOps.java:184)
	at java.util.ArrayList$ArrayListSpliterator.forEachRemaining(ArrayList.java:1382)
	at java.util.stream.AbstractPipeline.copyInto(AbstractPipeline.java:482)
	at java.util.stream.ForEachOps$ForEachTask.compute(ForEachOps.java:291)
	at java.util.concurrent.CountedCompleter.exec(CountedCompleter.java:731)
	at java.util.concurrent.ForkJoinTask.doExec(ForkJoinTask.java:289)
	at java.util.concurrent.ForkJoinPool.helpComplete(ForkJoinPool.java:1870)
	at java.util.concurrent.ForkJoinPool.externalHelpComplete(ForkJoinPool.java:2467)
	at java.util.concurrent.ForkJoinTask.externalAwaitDone(ForkJoinTask.java:324)
	at java.util.concurrent.ForkJoinTask.doInvoke(ForkJoinTask.java:405)
	at java.util.concurrent.ForkJoinTask.invoke(ForkJoinTask.java:734)
	at java.util.stream.ForEachOps$ForEachOp.evaluateParallel(ForEachOps.java:160)
	at java.util.stream.ForEachOps$ForEachOp$OfRef.evaluateParallel(ForEachOps.java:174)
	at java.util.stream.AbstractPipeline.evaluate(AbstractPipeline.java:233)
	at java.util.stream.ReferencePipeline.forEach(ReferencePipeline.java:418)
	at java.util.stream.ReferencePipeline$Head.forEach(ReferencePipeline.java:583)
	at org.apache.hadoop.utils.BackgroundService$PeriodicalTask.run(BackgroundService.java:125)
	at java.util.concurrent.Executors$RunnableAdapter.call(Executors.java:511)
	at java.util.concurrent.FutureTask.runAndReset(FutureTask.java:308)
	at java.util.concurrent.ScheduledThreadPoolExecutor$ScheduledFutureTask.access$301(ScheduledThreadPoolExecutor.java:180)
	at java.util.concurrent.ScheduledThreadPoolExecutor$ScheduledFutureTask.run(ScheduledThreadPoolExecutor.java:294)
	at java.util.concurrent.ThreadPoolExecutor.runWorker(ThreadPoolExecutor.java:1149)
	at java.util.concurrent.ThreadPoolExecutor$Worker.run(ThreadPoolExecutor.java:624)
	at java.lang.Thread.run(Thread.java:748)
Caused by: org.apache.hadoop.hdds.scm.container.common.helpers.StorageContainerException: Error opening DB. Container:3 ContainerPath:/opt/src/hadoop-ozone/integration-test/target/test-dir/MiniOzoneClusterImpl-81045214-ddaf-49dc-b937-6952dc108bc6/datanode-0/data/containers/hdds/87ce7603-6886-4678-97fb-c6fe9dde4d32/current/containerDir0/3/metadata/3-dn-container.db
	at org.apache.hadoop.ozone.container.keyvalue.helpers.BlockUtils.getDB(BlockUtils.java:84)
	at org.apache.hadoop.ozone.container.keyvalue.statemachine.background.BlockDeletingService$BlockDeletingTask.call(BlockDeletingService.java:188)
	at org.apache.hadoop.ozone.container.keyvalue.statemachine.background.BlockDeletingService$BlockDeletingTask.call(BlockDeletingService.java:172)
	at java.util.concurrent.FutureTask.run(FutureTask.java:266)
	at java.util.concurrent.Executors$RunnableAdapter.call(Executors.java:511)
	at java.util.concurrent.FutureTask.run(FutureTask.java:266)
	at java.util.concurrent.Executors$RunnableAdapter.call(Executors.java:511)
	at java.util.concurrent.FutureTask.run(FutureTask.java:266)
	at java.util.concurrent.ScheduledThreadPoolExecutor$ScheduledFutureTask.access$201(ScheduledThreadPoolExecutor.java:180)
	at java.util.concurrent.ScheduledThreadPoolExecutor$ScheduledFutureTask.run(ScheduledThreadPoolExecutor.java:293)
	... 3 more
2019-06-13 20:07:57,050 INFO  ozone.HddsDatanodeService (HddsDatanodeService.java:startPlugins(396)) - Started plug-in org.apache.hadoop.ozone.web.OzoneHddsDatanodeService@4d9ff4f1
2019-06-13 20:07:57,050 INFO  ozone.MiniOzoneClusterImpl (MiniOzoneClusterImpl.java:lambda$waitForClusterToBeReady$0(142)) - Waiting for cluster to be ready. Got 0 of 1 DN Heartbeats.
2019-06-13 20:07:57,053 INFO  util.JvmPauseMonitor (JvmPauseMonitor.java:run(188)) - Starting JVM pause monitor
2019-06-13 20:07:57,055 INFO  datanode.InitDatanodeState (InitDatanodeState.java:persistContainerDatanodeDetails(140)) - DatanodeDetails is persisted to /opt/src/hadoop-ozone/integration-test/target/test-dir/MiniOzoneClusterImpl-6a7d0f93-8e59-4dc1-8e96-222b93fcb387/datanode-0/meta/datanode.id
2019-06-13 20:07:57,951 INFO  background.BlockDeletingService (BlockDeletingService.java:getTasks(123)) - Plan to choose 10 containers for block deletion, actually returns 5 valid containers.
2019-06-13 20:07:57,952 ERROR utils.ContainerCache (ContainerCache.java:getDB(137)) - Error opening DB. Container:1 ContainerPath:/opt/src/hadoop-ozone/integration-test/target/test-dir/MiniOzoneClusterImpl-81045214-ddaf-49dc-b937-6952dc108bc6/datanode-0/data/containers/hdds/87ce7603-6886-4678-97fb-c6fe9dde4d32/current/containerDir0/1/metadata/1-dn-container.db
java.io.IOException: Failed init RocksDB, db path : /opt/src/hadoop-ozone/integration-test/target/test-dir/MiniOzoneClusterImpl-81045214-ddaf-49dc-b937-6952dc108bc6/datanode-0/data/containers/hdds/87ce7603-6886-4678-97fb-c6fe9dde4d32/current/containerDir0/1/metadata/1-dn-container.db
	at org.apache.hadoop.utils.RocksDBStore.<init>(RocksDBStore.java:87)
	at org.apache.hadoop.utils.MetadataStoreBuilder.build(MetadataStoreBuilder.java:137)
	at org.apache.hadoop.ozone.container.common.utils.ContainerCache.getDB(ContainerCache.java:129)
	at org.apache.hadoop.ozone.container.keyvalue.helpers.BlockUtils.getDB(BlockUtils.java:77)
	at org.apache.hadoop.ozone.container.keyvalue.statemachine.background.BlockDeletingService$BlockDeletingTask.call(BlockDeletingService.java:188)
	at org.apache.hadoop.ozone.container.keyvalue.statemachine.background.BlockDeletingService$BlockDeletingTask.call(BlockDeletingService.java:172)
	at java.util.concurrent.FutureTask.run(FutureTask.java:266)
	at java.util.concurrent.Executors$RunnableAdapter.call(Executors.java:511)
	at java.util.concurrent.FutureTask.run(FutureTask.java:266)
	at java.util.concurrent.Executors$RunnableAdapter.call(Executors.java:511)
	at java.util.concurrent.FutureTask.run(FutureTask.java:266)
	at java.util.concurrent.ScheduledThreadPoolExecutor$ScheduledFutureTask.access$201(ScheduledThreadPoolExecutor.java:180)
	at java.util.concurrent.ScheduledThreadPoolExecutor$ScheduledFutureTask.run(ScheduledThreadPoolExecutor.java:293)
	at java.util.concurrent.ThreadPoolExecutor.runWorker(ThreadPoolExecutor.java:1149)
	at java.util.concurrent.ThreadPoolExecutor$Worker.run(ThreadPoolExecutor.java:624)
	at java.lang.Thread.run(Thread.java:748)
Caused by: org.rocksdb.RocksDBException: While mkdir if missing: /opt/src/hadoop-ozone/integration-test/target/test-dir/MiniOzoneClusterImpl-81045214-ddaf-49dc-b937-6952dc108bc6/datanode-0/data/containers/hdds/87ce7603-6886-4678-97fb-c6fe9dde4d32/current/containerDir0/1/metadata/1-dn-container.db: No such file or directory
	at org.rocksdb.RocksDB.open(Native Method)
	at org.rocksdb.RocksDB.open(RocksDB.java:231)
	at org.apache.hadoop.utils.RocksDBStore.<init>(RocksDBStore.java:71)
	... 15 more
2019-06-13 20:07:57,952 ERROR utils.ContainerCache (ContainerCache.java:getDB(137)) - Error opening DB. Container:5 ContainerPath:/opt/src/hadoop-ozone/integration-test/target/test-dir/MiniOzoneClusterImpl-81045214-ddaf-49dc-b937-6952dc108bc6/datanode-0/data/containers/hdds/87ce7603-6886-4678-97fb-c6fe9dde4d32/current/containerDir0/5/metadata/5-dn-container.db
java.io.IOException: Failed init RocksDB, db path : /opt/src/hadoop-ozone/integration-test/target/test-dir/MiniOzoneClusterImpl-81045214-ddaf-49dc-b937-6952dc108bc6/datanode-0/data/containers/hdds/87ce7603-6886-4678-97fb-c6fe9dde4d32/current/containerDir0/5/metadata/5-dn-container.db
	at org.apache.hadoop.utils.RocksDBStore.<init>(RocksDBStore.java:87)
	at org.apache.hadoop.utils.MetadataStoreBuilder.build(MetadataStoreBuilder.java:137)
	at org.apache.hadoop.ozone.container.common.utils.ContainerCache.getDB(ContainerCache.java:129)
	at org.apache.hadoop.ozone.container.keyvalue.helpers.BlockUtils.getDB(BlockUtils.java:77)
	at org.apache.hadoop.ozone.container.keyvalue.statemachine.background.BlockDeletingService$BlockDeletingTask.call(BlockDeletingService.java:188)
	at org.apache.hadoop.ozone.container.keyvalue.statemachine.background.BlockDeletingService$BlockDeletingTask.call(BlockDeletingService.java:172)
	at java.util.concurrent.FutureTask.run(FutureTask.java:266)
	at java.util.concurrent.Executors$RunnableAdapter.call(Executors.java:511)
	at java.util.concurrent.FutureTask.run(FutureTask.java:266)
	at java.util.concurrent.Executors$RunnableAdapter.call(Executors.java:511)
	at java.util.concurrent.FutureTask.run(FutureTask.java:266)
	at java.util.concurrent.ScheduledThreadPoolExecutor$ScheduledFutureTask.access$201(ScheduledThreadPoolExecutor.java:180)
	at java.util.concurrent.ScheduledThreadPoolExecutor$ScheduledFutureTask.run(ScheduledThreadPoolExecutor.java:293)
	at java.util.concurrent.ThreadPoolExecutor.runWorker(ThreadPoolExecutor.java:1149)
	at java.util.concurrent.ThreadPoolExecutor$Worker.run(ThreadPoolExecutor.java:624)
	at java.lang.Thread.run(Thread.java:748)
Caused by: org.rocksdb.RocksDBException: While mkdir if missing: /opt/src/hadoop-ozone/integration-test/target/test-dir/MiniOzoneClusterImpl-81045214-ddaf-49dc-b937-6952dc108bc6/datanode-0/data/containers/hdds/87ce7603-6886-4678-97fb-c6fe9dde4d32/current/containerDir0/5/metadata/5-dn-container.db: No such file or directory
	at org.rocksdb.RocksDB.open(Native Method)
	at org.rocksdb.RocksDB.open(RocksDB.java:231)
	at org.apache.hadoop.utils.RocksDBStore.<init>(RocksDBStore.java:71)
	... 15 more
2019-06-13 20:07:57,953 WARN  utils.BackgroundService (BackgroundService.java:lambda$run$0(135)) - Background task fails to execute, retrying in next interval
java.util.concurrent.ExecutionException: org.apache.hadoop.hdds.scm.container.common.helpers.StorageContainerException: Error opening DB. Container:5 ContainerPath:/opt/src/hadoop-ozone/integration-test/target/test-dir/MiniOzoneClusterImpl-81045214-ddaf-49dc-b937-6952dc108bc6/datanode-0/data/containers/hdds/87ce7603-6886-4678-97fb-c6fe9dde4d32/current/containerDir0/5/metadata/5-dn-container.db
	at java.util.concurrent.FutureTask.report(FutureTask.java:122)
	at java.util.concurrent.FutureTask.get(FutureTask.java:206)
	at org.apache.hadoop.utils.BackgroundService$PeriodicalTask.lambda$run$0(BackgroundService.java:129)
	at java.util.stream.ForEachOps$ForEachOp$OfRef.accept(ForEachOps.java:184)
	at java.util.ArrayList$ArrayListSpliterator.forEachRemaining(ArrayList.java:1382)
	at java.util.stream.AbstractPipeline.copyInto(AbstractPipeline.java:482)
	at java.util.stream.ForEachOps$ForEachTask.compute(ForEachOps.java:291)
	at java.util.concurrent.CountedCompleter.exec(CountedCompleter.java:731)
	at java.util.concurrent.ForkJoinTask.doExec(ForkJoinTask.java:289)
	at java.util.concurrent.ForkJoinPool$WorkQueue.runTask(ForkJoinPool.java:1056)
	at java.util.concurrent.ForkJoinPool.runWorker(ForkJoinPool.java:1692)
	at java.util.concurrent.ForkJoinWorkerThread.run(ForkJoinWorkerThread.java:157)
Caused by: org.apache.hadoop.hdds.scm.container.common.helpers.StorageContainerException: Error opening DB. Container:5 ContainerPath:/opt/src/hadoop-ozone/integration-test/target/test-dir/MiniOzoneClusterImpl-81045214-ddaf-49dc-b937-6952dc108bc6/datanode-0/data/containers/hdds/87ce7603-6886-4678-97fb-c6fe9dde4d32/current/containerDir0/5/metadata/5-dn-container.db
	at org.apache.hadoop.ozone.container.keyvalue.helpers.BlockUtils.getDB(BlockUtils.java:84)
	at org.apache.hadoop.ozone.container.keyvalue.statemachine.background.BlockDeletingService$BlockDeletingTask.call(BlockDeletingService.java:188)
	at org.apache.hadoop.ozone.container.keyvalue.statemachine.background.BlockDeletingService$BlockDeletingTask.call(BlockDeletingService.java:172)
	at java.util.concurrent.FutureTask.run(FutureTask.java:266)
	at java.util.concurrent.Executors$RunnableAdapter.call(Executors.java:511)
	at java.util.concurrent.FutureTask.run(FutureTask.java:266)
	at java.util.concurrent.Executors$RunnableAdapter.call(Executors.java:511)
	at java.util.concurrent.FutureTask.run(FutureTask.java:266)
	at java.util.concurrent.ScheduledThreadPoolExecutor$ScheduledFutureTask.access$201(ScheduledThreadPoolExecutor.java:180)
	at java.util.concurrent.ScheduledThreadPoolExecutor$ScheduledFutureTask.run(ScheduledThreadPoolExecutor.java:293)
	at java.util.concurrent.ThreadPoolExecutor.runWorker(ThreadPoolExecutor.java:1149)
	at java.util.concurrent.ThreadPoolExecutor$Worker.run(ThreadPoolExecutor.java:624)
	at java.lang.Thread.run(Thread.java:748)
2019-06-13 20:07:57,953 ERROR utils.ContainerCache (ContainerCache.java:getDB(137)) - Error opening DB. Container:4 ContainerPath:/opt/src/hadoop-ozone/integration-test/target/test-dir/MiniOzoneClusterImpl-81045214-ddaf-49dc-b937-6952dc108bc6/datanode-0/data/containers/hdds/87ce7603-6886-4678-97fb-c6fe9dde4d32/current/containerDir0/4/metadata/4-dn-container.db
java.io.IOException: Failed init RocksDB, db path : /opt/src/hadoop-ozone/integration-test/target/test-dir/MiniOzoneClusterImpl-81045214-ddaf-49dc-b937-6952dc108bc6/datanode-0/data/containers/hdds/87ce7603-6886-4678-97fb-c6fe9dde4d32/current/containerDir0/4/metadata/4-dn-container.db
	at org.apache.hadoop.utils.RocksDBStore.<init>(RocksDBStore.java:87)
	at org.apache.hadoop.utils.MetadataStoreBuilder.build(MetadataStoreBuilder.java:137)
	at org.apache.hadoop.ozone.container.common.utils.ContainerCache.getDB(ContainerCache.java:129)
	at org.apache.hadoop.ozone.container.keyvalue.helpers.BlockUtils.getDB(BlockUtils.java:77)
	at org.apache.hadoop.ozone.container.keyvalue.statemachine.background.BlockDeletingService$BlockDeletingTask.call(BlockDeletingService.java:188)
	at org.apache.hadoop.ozone.container.keyvalue.statemachine.background.BlockDeletingService$BlockDeletingTask.call(BlockDeletingService.java:172)
	at java.util.concurrent.FutureTask.run(FutureTask.java:266)
	at java.util.concurrent.Executors$RunnableAdapter.call(Executors.java:511)
	at java.util.concurrent.FutureTask.run(FutureTask.java:266)
	at java.util.concurrent.Executors$RunnableAdapter.call(Executors.java:511)
	at java.util.concurrent.FutureTask.run(FutureTask.java:266)
	at java.util.concurrent.ScheduledThreadPoolExecutor$ScheduledFutureTask.access$201(ScheduledThreadPoolExecutor.java:180)
	at java.util.concurrent.ScheduledThreadPoolExecutor$ScheduledFutureTask.run(ScheduledThreadPoolExecutor.java:293)
	at java.util.concurrent.ThreadPoolExecutor.runWorker(ThreadPoolExecutor.java:1149)
	at java.util.concurrent.ThreadPoolExecutor$Worker.run(ThreadPoolExecutor.java:624)
	at java.lang.Thread.run(Thread.java:748)
Caused by: org.rocksdb.RocksDBException: While mkdir if missing: /opt/src/hadoop-ozone/integration-test/target/test-dir/MiniOzoneClusterImpl-81045214-ddaf-49dc-b937-6952dc108bc6/datanode-0/data/containers/hdds/87ce7603-6886-4678-97fb-c6fe9dde4d32/current/containerDir0/4/metadata/4-dn-container.db: No such file or directory
	at org.rocksdb.RocksDB.open(Native Method)
	at org.rocksdb.RocksDB.open(RocksDB.java:231)
	at org.apache.hadoop.utils.RocksDBStore.<init>(RocksDBStore.java:71)
	... 15 more
2019-06-13 20:07:57,954 WARN  utils.BackgroundService (BackgroundService.java:lambda$run$0(135)) - Background task fails to execute, retrying in next interval
java.util.concurrent.ExecutionException: org.apache.hadoop.hdds.scm.container.common.helpers.StorageContainerException: Error opening DB. Container:1 ContainerPath:/opt/src/hadoop-ozone/integration-test/target/test-dir/MiniOzoneClusterImpl-81045214-ddaf-49dc-b937-6952dc108bc6/datanode-0/data/containers/hdds/87ce7603-6886-4678-97fb-c6fe9dde4d32/current/containerDir0/1/metadata/1-dn-container.db
	at java.util.concurrent.FutureTask.report(FutureTask.java:122)
	at java.util.concurrent.FutureTask.get(FutureTask.java:206)
	at org.apache.hadoop.utils.BackgroundService$PeriodicalTask.lambda$run$0(BackgroundService.java:129)
	at java.util.stream.ForEachOps$ForEachOp$OfRef.accept(ForEachOps.java:184)
	at java.util.ArrayList$ArrayListSpliterator.forEachRemaining(ArrayList.java:1382)
	at java.util.stream.AbstractPipeline.copyInto(AbstractPipeline.java:482)
	at java.util.stream.ForEachOps$ForEachTask.compute(ForEachOps.java:291)
	at java.util.concurrent.CountedCompleter.exec(CountedCompleter.java:731)
	at java.util.concurrent.ForkJoinTask.doExec(ForkJoinTask.java:289)
	at java.util.concurrent.ForkJoinPool$WorkQueue.execLocalTasks(ForkJoinPool.java:1040)
	at java.util.concurrent.ForkJoinPool$WorkQueue.runTask(ForkJoinPool.java:1058)
	at java.util.concurrent.ForkJoinPool.runWorker(ForkJoinPool.java:1692)
	at java.util.concurrent.ForkJoinWorkerThread.run(ForkJoinWorkerThread.java:157)
Caused by: org.apache.hadoop.hdds.scm.container.common.helpers.StorageContainerException: Error opening DB. Container:1 ContainerPath:/opt/src/hadoop-ozone/integration-test/target/test-dir/MiniOzoneClusterImpl-81045214-ddaf-49dc-b937-6952dc108bc6/datanode-0/data/containers/hdds/87ce7603-6886-4678-97fb-c6fe9dde4d32/current/containerDir0/1/metadata/1-dn-container.db
	at org.apache.hadoop.ozone.container.keyvalue.helpers.BlockUtils.getDB(BlockUtils.java:84)
	at org.apache.hadoop.ozone.container.keyvalue.statemachine.background.BlockDeletingService$BlockDeletingTask.call(BlockDeletingService.java:188)
	at org.apache.hadoop.ozone.container.keyvalue.statemachine.background.BlockDeletingService$BlockDeletingTask.call(BlockDeletingService.java:172)
	at java.util.concurrent.FutureTask.run(FutureTask.java:266)
	at java.util.concurrent.Executors$RunnableAdapter.call(Executors.java:511)
	at java.util.concurrent.FutureTask.run(FutureTask.java:266)
	at java.util.concurrent.Executors$RunnableAdapter.call(Executors.java:511)
	at java.util.concurrent.FutureTask.run(FutureTask.java:266)
	at java.util.concurrent.ScheduledThreadPoolExecutor$ScheduledFutureTask.access$201(ScheduledThreadPoolExecutor.java:180)
	at java.util.concurrent.ScheduledThreadPoolExecutor$ScheduledFutureTask.run(ScheduledThreadPoolExecutor.java:293)
	at java.util.concurrent.ThreadPoolExecutor.runWorker(ThreadPoolExecutor.java:1149)
	at java.util.concurrent.ThreadPoolExecutor$Worker.run(ThreadPoolExecutor.java:624)
	at java.lang.Thread.run(Thread.java:748)
2019-06-13 20:07:57,955 WARN  utils.BackgroundService (BackgroundService.java:lambda$run$0(135)) - Background task fails to execute, retrying in next interval
java.util.concurrent.ExecutionException: org.apache.hadoop.hdds.scm.container.common.helpers.StorageContainerException: Error opening DB. Container:4 ContainerPath:/opt/src/hadoop-ozone/integration-test/target/test-dir/MiniOzoneClusterImpl-81045214-ddaf-49dc-b937-6952dc108bc6/datanode-0/data/containers/hdds/87ce7603-6886-4678-97fb-c6fe9dde4d32/current/containerDir0/4/metadata/4-dn-container.db
	at java.util.concurrent.FutureTask.report(FutureTask.java:122)
	at java.util.concurrent.FutureTask.get(FutureTask.java:206)
	at org.apache.hadoop.utils.BackgroundService$PeriodicalTask.lambda$run$0(BackgroundService.java:129)
	at java.util.stream.ForEachOps$ForEachOp$OfRef.accept(ForEachOps.java:184)
	at java.util.ArrayList$ArrayListSpliterator.forEachRemaining(ArrayList.java:1382)
	at java.util.stream.AbstractPipeline.copyInto(AbstractPipeline.java:482)
	at java.util.stream.ForEachOps$ForEachTask.compute(ForEachOps.java:291)
	at java.util.concurrent.CountedCompleter.exec(CountedCompleter.java:731)
	at java.util.concurrent.ForkJoinTask.doExec(ForkJoinTask.java:289)
	at java.util.concurrent.ForkJoinTask.doInvoke(ForkJoinTask.java:401)
	at java.util.concurrent.ForkJoinTask.invoke(ForkJoinTask.java:734)
	at java.util.stream.ForEachOps$ForEachOp.evaluateParallel(ForEachOps.java:160)
	at java.util.stream.ForEachOps$ForEachOp$OfRef.evaluateParallel(ForEachOps.java:174)
	at java.util.stream.AbstractPipeline.evaluate(AbstractPipeline.java:233)
	at java.util.stream.ReferencePipeline.forEach(ReferencePipeline.java:418)
	at java.util.stream.ReferencePipeline$Head.forEach(ReferencePipeline.java:583)
	at org.apache.hadoop.utils.BackgroundService$PeriodicalTask.run(BackgroundService.java:125)
	at java.util.concurrent.Executors$RunnableAdapter.call(Executors.java:511)
	at java.util.concurrent.FutureTask.runAndReset(FutureTask.java:308)
	at java.util.concurrent.ScheduledThreadPoolExecutor$ScheduledFutureTask.access$301(ScheduledThreadPoolExecutor.java:180)
	at java.util.concurrent.ScheduledThreadPoolExecutor$ScheduledFutureTask.run(ScheduledThreadPoolExecutor.java:294)
	at java.util.concurrent.ThreadPoolExecutor.runWorker(ThreadPoolExecutor.java:1149)
	at java.util.concurrent.ThreadPoolExecutor$Worker.run(ThreadPoolExecutor.java:624)
	at java.lang.Thread.run(Thread.java:748)
Caused by: org.apache.hadoop.hdds.scm.container.common.helpers.StorageContainerException: Error opening DB. Container:4 ContainerPath:/opt/src/hadoop-ozone/integration-test/target/test-dir/MiniOzoneClusterImpl-81045214-ddaf-49dc-b937-6952dc108bc6/datanode-0/data/containers/hdds/87ce7603-6886-4678-97fb-c6fe9dde4d32/current/containerDir0/4/metadata/4-dn-container.db
	at org.apache.hadoop.ozone.container.keyvalue.helpers.BlockUtils.getDB(BlockUtils.java:84)
	at org.apache.hadoop.ozone.container.keyvalue.statemachine.background.BlockDeletingService$BlockDeletingTask.call(BlockDeletingService.java:188)
	at org.apache.hadoop.ozone.container.keyvalue.statemachine.background.BlockDeletingService$BlockDeletingTask.call(BlockDeletingService.java:172)
	at java.util.concurrent.FutureTask.run(FutureTask.java:266)
	at java.util.concurrent.Executors$RunnableAdapter.call(Executors.java:511)
	at java.util.concurrent.FutureTask.run(FutureTask.java:266)
	at java.util.concurrent.Executors$RunnableAdapter.call(Executors.java:511)
	at java.util.concurrent.FutureTask.run(FutureTask.java:266)
	at java.util.concurrent.ScheduledThreadPoolExecutor$ScheduledFutureTask.access$201(ScheduledThreadPoolExecutor.java:180)
	at java.util.concurrent.ScheduledThreadPoolExecutor$ScheduledFutureTask.run(ScheduledThreadPoolExecutor.java:293)
	... 3 more
2019-06-13 20:07:57,960 ERROR utils.ContainerCache (ContainerCache.java:getDB(137)) - Error opening DB. Container:3 ContainerPath:/opt/src/hadoop-ozone/integration-test/target/test-dir/MiniOzoneClusterImpl-81045214-ddaf-49dc-b937-6952dc108bc6/datanode-0/data/containers/hdds/87ce7603-6886-4678-97fb-c6fe9dde4d32/current/containerDir0/3/metadata/3-dn-container.db
java.io.IOException: Failed init RocksDB, db path : /opt/src/hadoop-ozone/integration-test/target/test-dir/MiniOzoneClusterImpl-81045214-ddaf-49dc-b937-6952dc108bc6/datanode-0/data/containers/hdds/87ce7603-6886-4678-97fb-c6fe9dde4d32/current/containerDir0/3/metadata/3-dn-container.db
	at org.apache.hadoop.utils.RocksDBStore.<init>(RocksDBStore.java:87)
	at org.apache.hadoop.utils.MetadataStoreBuilder.build(MetadataStoreBuilder.java:137)
	at org.apache.hadoop.ozone.container.common.utils.ContainerCache.getDB(ContainerCache.java:129)
	at org.apache.hadoop.ozone.container.keyvalue.helpers.BlockUtils.getDB(BlockUtils.java:77)
	at org.apache.hadoop.ozone.container.keyvalue.statemachine.background.BlockDeletingService$BlockDeletingTask.call(BlockDeletingService.java:188)
	at org.apache.hadoop.ozone.container.keyvalue.statemachine.background.BlockDeletingService$BlockDeletingTask.call(BlockDeletingService.java:172)
	at java.util.concurrent.FutureTask.run(FutureTask.java:266)
	at java.util.concurrent.Executors$RunnableAdapter.call(Executors.java:511)
	at java.util.concurrent.FutureTask.run(FutureTask.java:266)
	at java.util.concurrent.Executors$RunnableAdapter.call(Executors.java:511)
	at java.util.concurrent.FutureTask.run(FutureTask.java:266)
	at java.util.concurrent.ScheduledThreadPoolExecutor$ScheduledFutureTask.access$201(ScheduledThreadPoolExecutor.java:180)
	at java.util.concurrent.ScheduledThreadPoolExecutor$ScheduledFutureTask.run(ScheduledThreadPoolExecutor.java:293)
	at java.util.concurrent.ThreadPoolExecutor.runWorker(ThreadPoolExecutor.java:1149)
	at java.util.concurrent.ThreadPoolExecutor$Worker.run(ThreadPoolExecutor.java:624)
	at java.lang.Thread.run(Thread.java:748)
Caused by: org.rocksdb.RocksDBException: While mkdir if missing: /opt/src/hadoop-ozone/integration-test/target/test-dir/MiniOzoneClusterImpl-81045214-ddaf-49dc-b937-6952dc108bc6/datanode-0/data/containers/hdds/87ce7603-6886-4678-97fb-c6fe9dde4d32/current/containerDir0/3/metadata/3-dn-container.db: No such file or directory
	at org.rocksdb.RocksDB.open(Native Method)
	at org.rocksdb.RocksDB.open(RocksDB.java:231)
	at org.apache.hadoop.utils.RocksDBStore.<init>(RocksDBStore.java:71)
	... 15 more
2019-06-13 20:07:57,962 WARN  utils.BackgroundService (BackgroundService.java:lambda$run$0(135)) - Background task fails to execute, retrying in next interval
java.util.concurrent.ExecutionException: org.apache.hadoop.hdds.scm.container.common.helpers.StorageContainerException: Error opening DB. Container:3 ContainerPath:/opt/src/hadoop-ozone/integration-test/target/test-dir/MiniOzoneClusterImpl-81045214-ddaf-49dc-b937-6952dc108bc6/datanode-0/data/containers/hdds/87ce7603-6886-4678-97fb-c6fe9dde4d32/current/containerDir0/3/metadata/3-dn-container.db
	at java.util.concurrent.FutureTask.report(FutureTask.java:122)
	at java.util.concurrent.FutureTask.get(FutureTask.java:206)
	at org.apache.hadoop.utils.BackgroundService$PeriodicalTask.lambda$run$0(BackgroundService.java:129)
	at java.util.stream.ForEachOps$ForEachOp$OfRef.accept(ForEachOps.java:184)
	at java.util.ArrayList$ArrayListSpliterator.forEachRemaining(ArrayList.java:1382)
	at java.util.stream.AbstractPipeline.copyInto(AbstractPipeline.java:482)
	at java.util.stream.ForEachOps$ForEachTask.compute(ForEachOps.java:291)
	at java.util.concurrent.CountedCompleter.exec(CountedCompleter.java:731)
	at java.util.concurrent.ForkJoinTask.doExec(ForkJoinTask.java:289)
	at java.util.concurrent.ForkJoinPool$WorkQueue.pollAndExecCC(ForkJoinPool.java:1190)
	at java.util.concurrent.ForkJoinPool.helpComplete(ForkJoinPool.java:1879)
	at java.util.concurrent.ForkJoinPool.externalHelpComplete(ForkJoinPool.java:2467)
	at java.util.concurrent.ForkJoinTask.externalAwaitDone(ForkJoinTask.java:324)
	at java.util.concurrent.ForkJoinTask.doInvoke(ForkJoinTask.java:405)
	at java.util.concurrent.ForkJoinTask.invoke(ForkJoinTask.java:734)
	at java.util.stream.ForEachOps$ForEachOp.evaluateParallel(ForEachOps.java:160)
	at java.util.stream.ForEachOps$ForEachOp$OfRef.evaluateParallel(ForEachOps.java:174)
	at java.util.stream.AbstractPipeline.evaluate(AbstractPipeline.java:233)
	at java.util.stream.ReferencePipeline.forEach(ReferencePipeline.java:418)
	at java.util.stream.ReferencePipeline$Head.forEach(ReferencePipeline.java:583)
	at org.apache.hadoop.utils.BackgroundService$PeriodicalTask.run(BackgroundService.java:125)
	at java.util.concurrent.Executors$RunnableAdapter.call(Executors.java:511)
	at java.util.concurrent.FutureTask.runAndReset(FutureTask.java:308)
	at java.util.concurrent.ScheduledThreadPoolExecutor$ScheduledFutureTask.access$301(ScheduledThreadPoolExecutor.java:180)
	at java.util.concurrent.ScheduledThreadPoolExecutor$ScheduledFutureTask.run(ScheduledThreadPoolExecutor.java:294)
	at java.util.concurrent.ThreadPoolExecutor.runWorker(ThreadPoolExecutor.java:1149)
	at java.util.concurrent.ThreadPoolExecutor$Worker.run(ThreadPoolExecutor.java:624)
	at java.lang.Thread.run(Thread.java:748)
Caused by: org.apache.hadoop.hdds.scm.container.common.helpers.StorageContainerException: Error opening DB. Container:3 ContainerPath:/opt/src/hadoop-ozone/integration-test/target/test-dir/MiniOzoneClusterImpl-81045214-ddaf-49dc-b937-6952dc108bc6/datanode-0/data/containers/hdds/87ce7603-6886-4678-97fb-c6fe9dde4d32/current/containerDir0/3/metadata/3-dn-container.db
	at org.apache.hadoop.ozone.container.keyvalue.helpers.BlockUtils.getDB(BlockUtils.java:84)
	at org.apache.hadoop.ozone.container.keyvalue.statemachine.background.BlockDeletingService$BlockDeletingTask.call(BlockDeletingService.java:188)
	at org.apache.hadoop.ozone.container.keyvalue.statemachine.background.BlockDeletingService$BlockDeletingTask.call(BlockDeletingService.java:172)
	at java.util.concurrent.FutureTask.run(FutureTask.java:266)
	at java.util.concurrent.Executors$RunnableAdapter.call(Executors.java:511)
	at java.util.concurrent.FutureTask.run(FutureTask.java:266)
	at java.util.concurrent.Executors$RunnableAdapter.call(Executors.java:511)
	at java.util.concurrent.FutureTask.run(FutureTask.java:266)
	at java.util.concurrent.ScheduledThreadPoolExecutor$ScheduledFutureTask.access$201(ScheduledThreadPoolExecutor.java:180)
	at java.util.concurrent.ScheduledThreadPoolExecutor$ScheduledFutureTask.run(ScheduledThreadPoolExecutor.java:293)
	... 3 more
2019-06-13 20:07:57,963 ERROR utils.ContainerCache (ContainerCache.java:getDB(137)) - Error opening DB. Container:2 ContainerPath:/opt/src/hadoop-ozone/integration-test/target/test-dir/MiniOzoneClusterImpl-81045214-ddaf-49dc-b937-6952dc108bc6/datanode-0/data/containers/hdds/87ce7603-6886-4678-97fb-c6fe9dde4d32/current/containerDir0/2/metadata/2-dn-container.db
java.io.IOException: Failed init RocksDB, db path : /opt/src/hadoop-ozone/integration-test/target/test-dir/MiniOzoneClusterImpl-81045214-ddaf-49dc-b937-6952dc108bc6/datanode-0/data/containers/hdds/87ce7603-6886-4678-97fb-c6fe9dde4d32/current/containerDir0/2/metadata/2-dn-container.db
	at org.apache.hadoop.utils.RocksDBStore.<init>(RocksDBStore.java:87)
	at org.apache.hadoop.utils.MetadataStoreBuilder.build(MetadataStoreBuilder.java:137)
	at org.apache.hadoop.ozone.container.common.utils.ContainerCache.getDB(ContainerCache.java:129)
	at org.apache.hadoop.ozone.container.keyvalue.helpers.BlockUtils.getDB(BlockUtils.java:77)
	at org.apache.hadoop.ozone.container.keyvalue.statemachine.background.BlockDeletingService$BlockDeletingTask.call(BlockDeletingService.java:188)
	at org.apache.hadoop.ozone.container.keyvalue.statemachine.background.BlockDeletingService$BlockDeletingTask.call(BlockDeletingService.java:172)
	at java.util.concurrent.FutureTask.run(FutureTask.java:266)
	at java.util.concurrent.Executors$RunnableAdapter.call(Executors.java:511)
	at java.util.concurrent.FutureTask.run(FutureTask.java:266)
	at java.util.concurrent.Executors$RunnableAdapter.call(Executors.java:511)
	at java.util.concurrent.FutureTask.run(FutureTask.java:266)
	at java.util.concurrent.ScheduledThreadPoolExecutor$ScheduledFutureTask.access$201(ScheduledThreadPoolExecutor.java:180)
	at java.util.concurrent.ScheduledThreadPoolExecutor$ScheduledFutureTask.run(ScheduledThreadPoolExecutor.java:293)
	at java.util.concurrent.ThreadPoolExecutor.runWorker(ThreadPoolExecutor.java:1149)
	at java.util.concurrent.ThreadPoolExecutor$Worker.run(ThreadPoolExecutor.java:624)
	at java.lang.Thread.run(Thread.java:748)
Caused by: org.rocksdb.RocksDBException: While mkdir if missing: /opt/src/hadoop-ozone/integration-test/target/test-dir/MiniOzoneClusterImpl-81045214-ddaf-49dc-b937-6952dc108bc6/datanode-0/data/containers/hdds/87ce7603-6886-4678-97fb-c6fe9dde4d32/current/containerDir0/2/metadata/2-dn-container.db: No such file or directory
	at org.rocksdb.RocksDB.open(Native Method)
	at org.rocksdb.RocksDB.open(RocksDB.java:231)
	at org.apache.hadoop.utils.RocksDBStore.<init>(RocksDBStore.java:71)
	... 15 more
2019-06-13 20:07:57,963 WARN  utils.BackgroundService (BackgroundService.java:lambda$run$0(135)) - Background task fails to execute, retrying in next interval
java.util.concurrent.ExecutionException: org.apache.hadoop.hdds.scm.container.common.helpers.StorageContainerException: Error opening DB. Container:2 ContainerPath:/opt/src/hadoop-ozone/integration-test/target/test-dir/MiniOzoneClusterImpl-81045214-ddaf-49dc-b937-6952dc108bc6/datanode-0/data/containers/hdds/87ce7603-6886-4678-97fb-c6fe9dde4d32/current/containerDir0/2/metadata/2-dn-container.db
	at java.util.concurrent.FutureTask.report(FutureTask.java:122)
	at java.util.concurrent.FutureTask.get(FutureTask.java:206)
	at org.apache.hadoop.utils.BackgroundService$PeriodicalTask.lambda$run$0(BackgroundService.java:129)
	at java.util.stream.ForEachOps$ForEachOp$OfRef.accept(ForEachOps.java:184)
	at java.util.ArrayList$ArrayListSpliterator.forEachRemaining(ArrayList.java:1382)
	at java.util.stream.AbstractPipeline.copyInto(AbstractPipeline.java:482)
	at java.util.stream.ForEachOps$ForEachTask.compute(ForEachOps.java:291)
	at java.util.concurrent.CountedCompleter.exec(CountedCompleter.java:731)
	at java.util.concurrent.ForkJoinTask.doExec(ForkJoinTask.java:289)
	at java.util.concurrent.ForkJoinPool$WorkQueue.runTask(ForkJoinPool.java:1056)
	at java.util.concurrent.ForkJoinPool.runWorker(ForkJoinPool.java:1692)
	at java.util.concurrent.ForkJoinWorkerThread.run(ForkJoinWorkerThread.java:157)
Caused by: org.apache.hadoop.hdds.scm.container.common.helpers.StorageContainerException: Error opening DB. Container:2 ContainerPath:/opt/src/hadoop-ozone/integration-test/target/test-dir/MiniOzoneClusterImpl-81045214-ddaf-49dc-b937-6952dc108bc6/datanode-0/data/containers/hdds/87ce7603-6886-4678-97fb-c6fe9dde4d32/current/containerDir0/2/metadata/2-dn-container.db
	at org.apache.hadoop.ozone.container.keyvalue.helpers.BlockUtils.getDB(BlockUtils.java:84)
	at org.apache.hadoop.ozone.container.keyvalue.statemachine.background.BlockDeletingService$BlockDeletingTask.call(BlockDeletingService.java:188)
	at org.apache.hadoop.ozone.container.keyvalue.statemachine.background.BlockDeletingService$BlockDeletingTask.call(BlockDeletingService.java:172)
	at java.util.concurrent.FutureTask.run(FutureTask.java:266)
	at java.util.concurrent.Executors$RunnableAdapter.call(Executors.java:511)
	at java.util.concurrent.FutureTask.run(FutureTask.java:266)
	at java.util.concurrent.Executors$RunnableAdapter.call(Executors.java:511)
	at java.util.concurrent.FutureTask.run(FutureTask.java:266)
	at java.util.concurrent.ScheduledThreadPoolExecutor$ScheduledFutureTask.access$201(ScheduledThreadPoolExecutor.java:180)
	at java.util.concurrent.ScheduledThreadPoolExecutor$ScheduledFutureTask.run(ScheduledThreadPoolExecutor.java:293)
	at java.util.concurrent.ThreadPoolExecutor.runWorker(ThreadPoolExecutor.java:1149)
	at java.util.concurrent.ThreadPoolExecutor$Worker.run(ThreadPoolExecutor.java:624)
	at java.lang.Thread.run(Thread.java:748)
2019-06-13 20:07:58,051 INFO  ozone.MiniOzoneClusterImpl (MiniOzoneClusterImpl.java:lambda$waitForClusterToBeReady$0(142)) - Waiting for cluster to be ready. Got 0 of 1 DN Heartbeats.
2019-06-13 20:07:58,964 INFO  background.BlockDeletingService (BlockDeletingService.java:getTasks(123)) - Plan to choose 10 containers for block deletion, actually returns 5 valid containers.
2019-06-13 20:07:58,965 ERROR utils.ContainerCache (ContainerCache.java:getDB(137)) - Error opening DB. Container:1 ContainerPath:/opt/src/hadoop-ozone/integration-test/target/test-dir/MiniOzoneClusterImpl-81045214-ddaf-49dc-b937-6952dc108bc6/datanode-0/data/containers/hdds/87ce7603-6886-4678-97fb-c6fe9dde4d32/current/containerDir0/1/metadata/1-dn-container.db
java.io.IOException: Failed init RocksDB, db path : /opt/src/hadoop-ozone/integration-test/target/test-dir/MiniOzoneClusterImpl-81045214-ddaf-49dc-b937-6952dc108bc6/datanode-0/data/containers/hdds/87ce7603-6886-4678-97fb-c6fe9dde4d32/current/containerDir0/1/metadata/1-dn-container.db
	at org.apache.hadoop.utils.RocksDBStore.<init>(RocksDBStore.java:87)
	at org.apache.hadoop.utils.MetadataStoreBuilder.build(MetadataStoreBuilder.java:137)
	at org.apache.hadoop.ozone.container.common.utils.ContainerCache.getDB(ContainerCache.java:129)
	at org.apache.hadoop.ozone.container.keyvalue.helpers.BlockUtils.getDB(BlockUtils.java:77)
	at org.apache.hadoop.ozone.container.keyvalue.statemachine.background.BlockDeletingService$BlockDeletingTask.call(BlockDeletingService.java:188)
	at org.apache.hadoop.ozone.container.keyvalue.statemachine.background.BlockDeletingService$BlockDeletingTask.call(BlockDeletingService.java:172)
	at java.util.concurrent.FutureTask.run(FutureTask.java:266)
	at java.util.concurrent.Executors$RunnableAdapter.call(Executors.java:511)
	at java.util.concurrent.FutureTask.run(FutureTask.java:266)
	at java.util.concurrent.Executors$RunnableAdapter.call(Executors.java:511)
	at java.util.concurrent.FutureTask.run(FutureTask.java:266)
	at java.util.concurrent.ScheduledThreadPoolExecutor$ScheduledFutureTask.access$201(ScheduledThreadPoolExecutor.java:180)
	at java.util.concurrent.ScheduledThreadPoolExecutor$ScheduledFutureTask.run(ScheduledThreadPoolExecutor.java:293)
	at java.util.concurrent.ThreadPoolExecutor.runWorker(ThreadPoolExecutor.java:1149)
	at java.util.concurrent.ThreadPoolExecutor$Worker.run(ThreadPoolExecutor.java:624)
	at java.lang.Thread.run(Thread.java:748)
Caused by: org.rocksdb.RocksDBException: While mkdir if missing: /opt/src/hadoop-ozone/integration-test/target/test-dir/MiniOzoneClusterImpl-81045214-ddaf-49dc-b937-6952dc108bc6/datanode-0/data/containers/hdds/87ce7603-6886-4678-97fb-c6fe9dde4d32/current/containerDir0/1/metadata/1-dn-container.db: No such file or directory
	at org.rocksdb.RocksDB.open(Native Method)
	at org.rocksdb.RocksDB.open(RocksDB.java:231)
	at org.apache.hadoop.utils.RocksDBStore.<init>(RocksDBStore.java:71)
	... 15 more
2019-06-13 20:07:58,966 ERROR utils.ContainerCache (ContainerCache.java:getDB(137)) - Error opening DB. Container:5 ContainerPath:/opt/src/hadoop-ozone/integration-test/target/test-dir/MiniOzoneClusterImpl-81045214-ddaf-49dc-b937-6952dc108bc6/datanode-0/data/containers/hdds/87ce7603-6886-4678-97fb-c6fe9dde4d32/current/containerDir0/5/metadata/5-dn-container.db
java.io.IOException: Failed init RocksDB, db path : /opt/src/hadoop-ozone/integration-test/target/test-dir/MiniOzoneClusterImpl-81045214-ddaf-49dc-b937-6952dc108bc6/datanode-0/data/containers/hdds/87ce7603-6886-4678-97fb-c6fe9dde4d32/current/containerDir0/5/metadata/5-dn-container.db
	at org.apache.hadoop.utils.RocksDBStore.<init>(RocksDBStore.java:87)
	at org.apache.hadoop.utils.MetadataStoreBuilder.build(MetadataStoreBuilder.java:137)
	at org.apache.hadoop.ozone.container.common.utils.ContainerCache.getDB(ContainerCache.java:129)
	at org.apache.hadoop.ozone.container.keyvalue.helpers.BlockUtils.getDB(BlockUtils.java:77)
	at org.apache.hadoop.ozone.container.keyvalue.statemachine.background.BlockDeletingService$BlockDeletingTask.call(BlockDeletingService.java:188)
	at org.apache.hadoop.ozone.container.keyvalue.statemachine.background.BlockDeletingService$BlockDeletingTask.call(BlockDeletingService.java:172)
	at java.util.concurrent.FutureTask.run(FutureTask.java:266)
	at java.util.concurrent.Executors$RunnableAdapter.call(Executors.java:511)
	at java.util.concurrent.FutureTask.run(FutureTask.java:266)
	at java.util.concurrent.Executors$RunnableAdapter.call(Executors.java:511)
	at java.util.concurrent.FutureTask.run(FutureTask.java:266)
	at java.util.concurrent.ScheduledThreadPoolExecutor$ScheduledFutureTask.access$201(ScheduledThreadPoolExecutor.java:180)
	at java.util.concurrent.ScheduledThreadPoolExecutor$ScheduledFutureTask.run(ScheduledThreadPoolExecutor.java:293)
	at java.util.concurrent.ThreadPoolExecutor.runWorker(ThreadPoolExecutor.java:1149)
	at java.util.concurrent.ThreadPoolExecutor$Worker.run(ThreadPoolExecutor.java:624)
	at java.lang.Thread.run(Thread.java:748)
Caused by: org.rocksdb.RocksDBException: While mkdir if missing: /opt/src/hadoop-ozone/integration-test/target/test-dir/MiniOzoneClusterImpl-81045214-ddaf-49dc-b937-6952dc108bc6/datanode-0/data/containers/hdds/87ce7603-6886-4678-97fb-c6fe9dde4d32/current/containerDir0/5/metadata/5-dn-container.db: No such file or directory
	at org.rocksdb.RocksDB.open(Native Method)
	at org.rocksdb.RocksDB.open(RocksDB.java:231)
	at org.apache.hadoop.utils.RocksDBStore.<init>(RocksDBStore.java:71)
	... 15 more
2019-06-13 20:07:58,966 WARN  utils.BackgroundService (BackgroundService.java:lambda$run$0(135)) - Background task fails to execute, retrying in next interval
java.util.concurrent.ExecutionException: org.apache.hadoop.hdds.scm.container.common.helpers.StorageContainerException: Error opening DB. Container:5 ContainerPath:/opt/src/hadoop-ozone/integration-test/target/test-dir/MiniOzoneClusterImpl-81045214-ddaf-49dc-b937-6952dc108bc6/datanode-0/data/containers/hdds/87ce7603-6886-4678-97fb-c6fe9dde4d32/current/containerDir0/5/metadata/5-dn-container.db
	at java.util.concurrent.FutureTask.report(FutureTask.java:122)
	at java.util.concurrent.FutureTask.get(FutureTask.java:206)
	at org.apache.hadoop.utils.BackgroundService$PeriodicalTask.lambda$run$0(BackgroundService.java:129)
	at java.util.stream.ForEachOps$ForEachOp$OfRef.accept(ForEachOps.java:184)
	at java.util.ArrayList$ArrayListSpliterator.forEachRemaining(ArrayList.java:1382)
	at java.util.stream.AbstractPipeline.copyInto(AbstractPipeline.java:482)
	at java.util.stream.ForEachOps$ForEachTask.compute(ForEachOps.java:291)
	at java.util.concurrent.CountedCompleter.exec(CountedCompleter.java:731)
	at java.util.concurrent.ForkJoinTask.doExec(ForkJoinTask.java:289)
	at java.util.concurrent.ForkJoinPool$WorkQueue.runTask(ForkJoinPool.java:1056)
	at java.util.concurrent.ForkJoinPool.runWorker(ForkJoinPool.java:1692)
	at java.util.concurrent.ForkJoinWorkerThread.run(ForkJoinWorkerThread.java:157)
Caused by: org.apache.hadoop.hdds.scm.container.common.helpers.StorageContainerException: Error opening DB. Container:5 ContainerPath:/opt/src/hadoop-ozone/integration-test/target/test-dir/MiniOzoneClusterImpl-81045214-ddaf-49dc-b937-6952dc108bc6/datanode-0/data/containers/hdds/87ce7603-6886-4678-97fb-c6fe9dde4d32/current/containerDir0/5/metadata/5-dn-container.db
	at org.apache.hadoop.ozone.container.keyvalue.helpers.BlockUtils.getDB(BlockUtils.java:84)
	at org.apache.hadoop.ozone.container.keyvalue.statemachine.background.BlockDeletingService$BlockDeletingTask.call(BlockDeletingService.java:188)
	at org.apache.hadoop.ozone.container.keyvalue.statemachine.background.BlockDeletingService$BlockDeletingTask.call(BlockDeletingService.java:172)
	at java.util.concurrent.FutureTask.run(FutureTask.java:266)
	at java.util.concurrent.Executors$RunnableAdapter.call(Executors.java:511)
	at java.util.concurrent.FutureTask.run(FutureTask.java:266)
	at java.util.concurrent.Executors$RunnableAdapter.call(Executors.java:511)
	at java.util.concurrent.FutureTask.run(FutureTask.java:266)
	at java.util.concurrent.ScheduledThreadPoolExecutor$ScheduledFutureTask.access$201(ScheduledThreadPoolExecutor.java:180)
	at java.util.concurrent.ScheduledThreadPoolExecutor$ScheduledFutureTask.run(ScheduledThreadPoolExecutor.java:293)
	at java.util.concurrent.ThreadPoolExecutor.runWorker(ThreadPoolExecutor.java:1149)
	at java.util.concurrent.ThreadPoolExecutor$Worker.run(ThreadPoolExecutor.java:624)
	at java.lang.Thread.run(Thread.java:748)
2019-06-13 20:07:58,967 ERROR utils.ContainerCache (ContainerCache.java:getDB(137)) - Error opening DB. Container:4 ContainerPath:/opt/src/hadoop-ozone/integration-test/target/test-dir/MiniOzoneClusterImpl-81045214-ddaf-49dc-b937-6952dc108bc6/datanode-0/data/containers/hdds/87ce7603-6886-4678-97fb-c6fe9dde4d32/current/containerDir0/4/metadata/4-dn-container.db
java.io.IOException: Failed init RocksDB, db path : /opt/src/hadoop-ozone/integration-test/target/test-dir/MiniOzoneClusterImpl-81045214-ddaf-49dc-b937-6952dc108bc6/datanode-0/data/containers/hdds/87ce7603-6886-4678-97fb-c6fe9dde4d32/current/containerDir0/4/metadata/4-dn-container.db
	at org.apache.hadoop.utils.RocksDBStore.<init>(RocksDBStore.java:87)
	at org.apache.hadoop.utils.MetadataStoreBuilder.build(MetadataStoreBuilder.java:137)
	at org.apache.hadoop.ozone.container.common.utils.ContainerCache.getDB(ContainerCache.java:129)
	at org.apache.hadoop.ozone.container.keyvalue.helpers.BlockUtils.getDB(BlockUtils.java:77)
	at org.apache.hadoop.ozone.container.keyvalue.statemachine.background.BlockDeletingService$BlockDeletingTask.call(BlockDeletingService.java:188)
	at org.apache.hadoop.ozone.container.keyvalue.statemachine.background.BlockDeletingService$BlockDeletingTask.call(BlockDeletingService.java:172)
	at java.util.concurrent.FutureTask.run(FutureTask.java:266)
	at java.util.concurrent.Executors$RunnableAdapter.call(Executors.java:511)
	at java.util.concurrent.FutureTask.run(FutureTask.java:266)
	at java.util.concurrent.Executors$RunnableAdapter.call(Executors.java:511)
	at java.util.concurrent.FutureTask.run(FutureTask.java:266)
	at java.util.concurrent.ScheduledThreadPoolExecutor$ScheduledFutureTask.access$201(ScheduledThreadPoolExecutor.java:180)
	at java.util.concurrent.ScheduledThreadPoolExecutor$ScheduledFutureTask.run(ScheduledThreadPoolExecutor.java:293)
	at java.util.concurrent.ThreadPoolExecutor.runWorker(ThreadPoolExecutor.java:1149)
	at java.util.concurrent.ThreadPoolExecutor$Worker.run(ThreadPoolExecutor.java:624)
	at java.lang.Thread.run(Thread.java:748)
Caused by: org.rocksdb.RocksDBException: While mkdir if missing: /opt/src/hadoop-ozone/integration-test/target/test-dir/MiniOzoneClusterImpl-81045214-ddaf-49dc-b937-6952dc108bc6/datanode-0/data/containers/hdds/87ce7603-6886-4678-97fb-c6fe9dde4d32/current/containerDir0/4/metadata/4-dn-container.db: No such file or directory
	at org.rocksdb.RocksDB.open(Native Method)
	at org.rocksdb.RocksDB.open(RocksDB.java:231)
	at org.apache.hadoop.utils.RocksDBStore.<init>(RocksDBStore.java:71)
	... 15 more
2019-06-13 20:07:58,967 WARN  utils.BackgroundService (BackgroundService.java:lambda$run$0(135)) - Background task fails to execute, retrying in next interval
java.util.concurrent.ExecutionException: org.apache.hadoop.hdds.scm.container.common.helpers.StorageContainerException: Error opening DB. Container:1 ContainerPath:/opt/src/hadoop-ozone/integration-test/target/test-dir/MiniOzoneClusterImpl-81045214-ddaf-49dc-b937-6952dc108bc6/datanode-0/data/containers/hdds/87ce7603-6886-4678-97fb-c6fe9dde4d32/current/containerDir0/1/metadata/1-dn-container.db
	at java.util.concurrent.FutureTask.report(FutureTask.java:122)
	at java.util.concurrent.FutureTask.get(FutureTask.java:206)
	at org.apache.hadoop.utils.BackgroundService$PeriodicalTask.lambda$run$0(BackgroundService.java:129)
	at java.util.stream.ForEachOps$ForEachOp$OfRef.accept(ForEachOps.java:184)
	at java.util.ArrayList$ArrayListSpliterator.forEachRemaining(ArrayList.java:1382)
	at java.util.stream.AbstractPipeline.copyInto(AbstractPipeline.java:482)
	at java.util.stream.ForEachOps$ForEachTask.compute(ForEachOps.java:291)
	at java.util.concurrent.CountedCompleter.exec(CountedCompleter.java:731)
	at java.util.concurrent.ForkJoinTask.doExec(ForkJoinTask.java:289)
	at java.util.concurrent.ForkJoinPool$WorkQueue.execLocalTasks(ForkJoinPool.java:1040)
	at java.util.concurrent.ForkJoinPool$WorkQueue.runTask(ForkJoinPool.java:1058)
	at java.util.concurrent.ForkJoinPool.runWorker(ForkJoinPool.java:1692)
	at java.util.concurrent.ForkJoinWorkerThread.run(ForkJoinWorkerThread.java:157)
Caused by: org.apache.hadoop.hdds.scm.container.common.helpers.StorageContainerException: Error opening DB. Container:1 ContainerPath:/opt/src/hadoop-ozone/integration-test/target/test-dir/MiniOzoneClusterImpl-81045214-ddaf-49dc-b937-6952dc108bc6/datanode-0/data/containers/hdds/87ce7603-6886-4678-97fb-c6fe9dde4d32/current/containerDir0/1/metadata/1-dn-container.db
	at org.apache.hadoop.ozone.container.keyvalue.helpers.BlockUtils.getDB(BlockUtils.java:84)
	at org.apache.hadoop.ozone.container.keyvalue.statemachine.background.BlockDeletingService$BlockDeletingTask.call(BlockDeletingService.java:188)
	at org.apache.hadoop.ozone.container.keyvalue.statemachine.background.BlockDeletingService$BlockDeletingTask.call(BlockDeletingService.java:172)
	at java.util.concurrent.FutureTask.run(FutureTask.java:266)
	at java.util.concurrent.Executors$RunnableAdapter.call(Executors.java:511)
	at java.util.concurrent.FutureTask.run(FutureTask.java:266)
	at java.util.concurrent.Executors$RunnableAdapter.call(Executors.java:511)
	at java.util.concurrent.FutureTask.run(FutureTask.java:266)
	at java.util.concurrent.ScheduledThreadPoolExecutor$ScheduledFutureTask.access$201(ScheduledThreadPoolExecutor.java:180)
	at java.util.concurrent.ScheduledThreadPoolExecutor$ScheduledFutureTask.run(ScheduledThreadPoolExecutor.java:293)
	at java.util.concurrent.ThreadPoolExecutor.runWorker(ThreadPoolExecutor.java:1149)
	at java.util.concurrent.ThreadPoolExecutor$Worker.run(ThreadPoolExecutor.java:624)
	at java.lang.Thread.run(Thread.java:748)
2019-06-13 20:07:58,969 ERROR utils.ContainerCache (ContainerCache.java:getDB(137)) - Error opening DB. Container:3 ContainerPath:/opt/src/hadoop-ozone/integration-test/target/test-dir/MiniOzoneClusterImpl-81045214-ddaf-49dc-b937-6952dc108bc6/datanode-0/data/containers/hdds/87ce7603-6886-4678-97fb-c6fe9dde4d32/current/containerDir0/3/metadata/3-dn-container.db
java.io.IOException: Failed init RocksDB, db path : /opt/src/hadoop-ozone/integration-test/target/test-dir/MiniOzoneClusterImpl-81045214-ddaf-49dc-b937-6952dc108bc6/datanode-0/data/containers/hdds/87ce7603-6886-4678-97fb-c6fe9dde4d32/current/containerDir0/3/metadata/3-dn-container.db
	at org.apache.hadoop.utils.RocksDBStore.<init>(RocksDBStore.java:87)
	at org.apache.hadoop.utils.MetadataStoreBuilder.build(MetadataStoreBuilder.java:137)
	at org.apache.hadoop.ozone.container.common.utils.ContainerCache.getDB(ContainerCache.java:129)
	at org.apache.hadoop.ozone.container.keyvalue.helpers.BlockUtils.getDB(BlockUtils.java:77)
	at org.apache.hadoop.ozone.container.keyvalue.statemachine.background.BlockDeletingService$BlockDeletingTask.call(BlockDeletingService.java:188)
	at org.apache.hadoop.ozone.container.keyvalue.statemachine.background.BlockDeletingService$BlockDeletingTask.call(BlockDeletingService.java:172)
	at java.util.concurrent.FutureTask.run(FutureTask.java:266)
	at java.util.concurrent.Executors$RunnableAdapter.call(Executors.java:511)
	at java.util.concurrent.FutureTask.run(FutureTask.java:266)
	at java.util.concurrent.Executors$RunnableAdapter.call(Executors.java:511)
	at java.util.concurrent.FutureTask.run(FutureTask.java:266)
	at java.util.concurrent.ScheduledThreadPoolExecutor$ScheduledFutureTask.access$201(ScheduledThreadPoolExecutor.java:180)
	at java.util.concurrent.ScheduledThreadPoolExecutor$ScheduledFutureTask.run(ScheduledThreadPoolExecutor.java:293)
	at java.util.concurrent.ThreadPoolExecutor.runWorker(ThreadPoolExecutor.java:1149)
	at java.util.concurrent.ThreadPoolExecutor$Worker.run(ThreadPoolExecutor.java:624)
	at java.lang.Thread.run(Thread.java:748)
Caused by: org.rocksdb.RocksDBException: While mkdir if missing: /opt/src/hadoop-ozone/integration-test/target/test-dir/MiniOzoneClusterImpl-81045214-ddaf-49dc-b937-6952dc108bc6/datanode-0/data/containers/hdds/87ce7603-6886-4678-97fb-c6fe9dde4d32/current/containerDir0/3/metadata/3-dn-container.db: No such file or directory
	at org.rocksdb.RocksDB.open(Native Method)
	at org.rocksdb.RocksDB.open(RocksDB.java:231)
	at org.apache.hadoop.utils.RocksDBStore.<init>(RocksDBStore.java:71)
	... 15 more
2019-06-13 20:07:58,968 WARN  utils.BackgroundService (BackgroundService.java:lambda$run$0(135)) - Background task fails to execute, retrying in next interval
java.util.concurrent.ExecutionException: org.apache.hadoop.hdds.scm.container.common.helpers.StorageContainerException: Error opening DB. Container:4 ContainerPath:/opt/src/hadoop-ozone/integration-test/target/test-dir/MiniOzoneClusterImpl-81045214-ddaf-49dc-b937-6952dc108bc6/datanode-0/data/containers/hdds/87ce7603-6886-4678-97fb-c6fe9dde4d32/current/containerDir0/4/metadata/4-dn-container.db
	at java.util.concurrent.FutureTask.report(FutureTask.java:122)
	at java.util.concurrent.FutureTask.get(FutureTask.java:206)
	at org.apache.hadoop.utils.BackgroundService$PeriodicalTask.lambda$run$0(BackgroundService.java:129)
	at java.util.stream.ForEachOps$ForEachOp$OfRef.accept(ForEachOps.java:184)
	at java.util.ArrayList$ArrayListSpliterator.forEachRemaining(ArrayList.java:1382)
	at java.util.stream.AbstractPipeline.copyInto(AbstractPipeline.java:482)
	at java.util.stream.ForEachOps$ForEachTask.compute(ForEachOps.java:291)
	at java.util.concurrent.CountedCompleter.exec(CountedCompleter.java:731)
	at java.util.concurrent.ForkJoinTask.doExec(ForkJoinTask.java:289)
	at java.util.concurrent.ForkJoinTask.doInvoke(ForkJoinTask.java:401)
	at java.util.concurrent.ForkJoinTask.invoke(ForkJoinTask.java:734)
	at java.util.stream.ForEachOps$ForEachOp.evaluateParallel(ForEachOps.java:160)
	at java.util.stream.ForEachOps$ForEachOp$OfRef.evaluateParallel(ForEachOps.java:174)
	at java.util.stream.AbstractPipeline.evaluate(AbstractPipeline.java:233)
	at java.util.stream.ReferencePipeline.forEach(ReferencePipeline.java:418)
	at java.util.stream.ReferencePipeline$Head.forEach(ReferencePipeline.java:583)
	at org.apache.hadoop.utils.BackgroundService$PeriodicalTask.run(BackgroundService.java:125)
	at java.util.concurrent.Executors$RunnableAdapter.call(Executors.java:511)
	at java.util.concurrent.FutureTask.runAndReset(FutureTask.java:308)
	at java.util.concurrent.ScheduledThreadPoolExecutor$ScheduledFutureTask.access$301(ScheduledThreadPoolExecutor.java:180)
	at java.util.concurrent.ScheduledThreadPoolExecutor$ScheduledFutureTask.run(ScheduledThreadPoolExecutor.java:294)
	at java.util.concurrent.ThreadPoolExecutor.runWorker(ThreadPoolExecutor.java:1149)
	at java.util.concurrent.ThreadPoolExecutor$Worker.run(ThreadPoolExecutor.java:624)
	at java.lang.Thread.run(Thread.java:748)
Caused by: org.apache.hadoop.hdds.scm.container.common.helpers.StorageContainerException: Error opening DB. Container:4 ContainerPath:/opt/src/hadoop-ozone/integration-test/target/test-dir/MiniOzoneClusterImpl-81045214-ddaf-49dc-b937-6952dc108bc6/datanode-0/data/containers/hdds/87ce7603-6886-4678-97fb-c6fe9dde4d32/current/containerDir0/4/metadata/4-dn-container.db
	at org.apache.hadoop.ozone.container.keyvalue.helpers.BlockUtils.getDB(BlockUtils.java:84)
	at org.apache.hadoop.ozone.container.keyvalue.statemachine.background.BlockDeletingService$BlockDeletingTask.call(BlockDeletingService.java:188)
	at org.apache.hadoop.ozone.container.keyvalue.statemachine.background.BlockDeletingService$BlockDeletingTask.call(BlockDeletingService.java:172)
	at java.util.concurrent.FutureTask.run(FutureTask.java:266)
	at java.util.concurrent.Executors$RunnableAdapter.call(Executors.java:511)
	at java.util.concurrent.FutureTask.run(FutureTask.java:266)
	at java.util.concurrent.Executors$RunnableAdapter.call(Executors.java:511)
	at java.util.concurrent.FutureTask.run(FutureTask.java:266)
	at java.util.concurrent.ScheduledThreadPoolExecutor$ScheduledFutureTask.access$201(ScheduledThreadPoolExecutor.java:180)
	at java.util.concurrent.ScheduledThreadPoolExecutor$ScheduledFutureTask.run(ScheduledThreadPoolExecutor.java:293)
	... 3 more
2019-06-13 20:07:58,969 ERROR utils.ContainerCache (ContainerCache.java:getDB(137)) - Error opening DB. Container:2 ContainerPath:/opt/src/hadoop-ozone/integration-test/target/test-dir/MiniOzoneClusterImpl-81045214-ddaf-49dc-b937-6952dc108bc6/datanode-0/data/containers/hdds/87ce7603-6886-4678-97fb-c6fe9dde4d32/current/containerDir0/2/metadata/2-dn-container.db
java.io.IOException: Failed init RocksDB, db path : /opt/src/hadoop-ozone/integration-test/target/test-dir/MiniOzoneClusterImpl-81045214-ddaf-49dc-b937-6952dc108bc6/datanode-0/data/containers/hdds/87ce7603-6886-4678-97fb-c6fe9dde4d32/current/containerDir0/2/metadata/2-dn-container.db
	at org.apache.hadoop.utils.RocksDBStore.<init>(RocksDBStore.java:87)
	at org.apache.hadoop.utils.MetadataStoreBuilder.build(MetadataStoreBuilder.java:137)
	at org.apache.hadoop.ozone.container.common.utils.ContainerCache.getDB(ContainerCache.java:129)
	at org.apache.hadoop.ozone.container.keyvalue.helpers.BlockUtils.getDB(BlockUtils.java:77)
	at org.apache.hadoop.ozone.container.keyvalue.statemachine.background.BlockDeletingService$BlockDeletingTask.call(BlockDeletingService.java:188)
	at org.apache.hadoop.ozone.container.keyvalue.statemachine.background.BlockDeletingService$BlockDeletingTask.call(BlockDeletingService.java:172)
	at java.util.concurrent.FutureTask.run(FutureTask.java:266)
	at java.util.concurrent.Executors$RunnableAdapter.call(Executors.java:511)
	at java.util.concurrent.FutureTask.run(FutureTask.java:266)
	at java.util.concurrent.Executors$RunnableAdapter.call(Executors.java:511)
	at java.util.concurrent.FutureTask.run(FutureTask.java:266)
	at java.util.concurrent.ScheduledThreadPoolExecutor$ScheduledFutureTask.access$201(ScheduledThreadPoolExecutor.java:180)
	at java.util.concurrent.ScheduledThreadPoolExecutor$ScheduledFutureTask.run(ScheduledThreadPoolExecutor.java:293)
	at java.util.concurrent.ThreadPoolExecutor.runWorker(ThreadPoolExecutor.java:1149)
	at java.util.concurrent.ThreadPoolExecutor$Worker.run(ThreadPoolExecutor.java:624)
	at java.lang.Thread.run(Thread.java:748)
Caused by: org.rocksdb.RocksDBException: While mkdir if missing: /opt/src/hadoop-ozone/integration-test/target/test-dir/MiniOzoneClusterImpl-81045214-ddaf-49dc-b937-6952dc108bc6/datanode-0/data/containers/hdds/87ce7603-6886-4678-97fb-c6fe9dde4d32/current/containerDir0/2/metadata/2-dn-container.db: No such file or directory
	at org.rocksdb.RocksDB.open(Native Method)
	at org.rocksdb.RocksDB.open(RocksDB.java:231)
	at org.apache.hadoop.utils.RocksDBStore.<init>(RocksDBStore.java:71)
	... 15 more
2019-06-13 20:07:58,970 WARN  utils.BackgroundService (BackgroundService.java:lambda$run$0(135)) - Background task fails to execute, retrying in next interval
java.util.concurrent.ExecutionException: org.apache.hadoop.hdds.scm.container.common.helpers.StorageContainerException: Error opening DB. Container:2 ContainerPath:/opt/src/hadoop-ozone/integration-test/target/test-dir/MiniOzoneClusterImpl-81045214-ddaf-49dc-b937-6952dc108bc6/datanode-0/data/containers/hdds/87ce7603-6886-4678-97fb-c6fe9dde4d32/current/containerDir0/2/metadata/2-dn-container.db
	at java.util.concurrent.FutureTask.report(FutureTask.java:122)
	at java.util.concurrent.FutureTask.get(FutureTask.java:206)
	at org.apache.hadoop.utils.BackgroundService$PeriodicalTask.lambda$run$0(BackgroundService.java:129)
	at java.util.stream.ForEachOps$ForEachOp$OfRef.accept(ForEachOps.java:184)
	at java.util.ArrayList$ArrayListSpliterator.forEachRemaining(ArrayList.java:1382)
	at java.util.stream.AbstractPipeline.copyInto(AbstractPipeline.java:482)
	at java.util.stream.ForEachOps$ForEachTask.compute(ForEachOps.java:291)
	at java.util.concurrent.CountedCompleter.exec(CountedCompleter.java:731)
	at java.util.concurrent.ForkJoinTask.doExec(ForkJoinTask.java:289)
	at java.util.concurrent.ForkJoinPool$WorkQueue.runTask(ForkJoinPool.java:1056)
	at java.util.concurrent.ForkJoinPool.runWorker(ForkJoinPool.java:1692)
	at java.util.concurrent.ForkJoinWorkerThread.run(ForkJoinWorkerThread.java:157)
Caused by: org.apache.hadoop.hdds.scm.container.common.helpers.StorageContainerException: Error opening DB. Container:2 ContainerPath:/opt/src/hadoop-ozone/integration-test/target/test-dir/MiniOzoneClusterImpl-81045214-ddaf-49dc-b937-6952dc108bc6/datanode-0/data/containers/hdds/87ce7603-6886-4678-97fb-c6fe9dde4d32/current/containerDir0/2/metadata/2-dn-container.db
	at org.apache.hadoop.ozone.container.keyvalue.helpers.BlockUtils.getDB(BlockUtils.java:84)
	at org.apache.hadoop.ozone.container.keyvalue.statemachine.background.BlockDeletingService$BlockDeletingTask.call(BlockDeletingService.java:188)
	at org.apache.hadoop.ozone.container.keyvalue.statemachine.background.BlockDeletingService$BlockDeletingTask.call(BlockDeletingService.java:172)
	at java.util.concurrent.FutureTask.run(FutureTask.java:266)
	at java.util.concurrent.Executors$RunnableAdapter.call(Executors.java:511)
	at java.util.concurrent.FutureTask.run(FutureTask.java:266)
	at java.util.concurrent.Executors$RunnableAdapter.call(Executors.java:511)
	at java.util.concurrent.FutureTask.run(FutureTask.java:266)
	at java.util.concurrent.ScheduledThreadPoolExecutor$ScheduledFutureTask.access$201(ScheduledThreadPoolExecutor.java:180)
	at java.util.concurrent.ScheduledThreadPoolExecutor$ScheduledFutureTask.run(ScheduledThreadPoolExecutor.java:293)
	at java.util.concurrent.ThreadPoolExecutor.runWorker(ThreadPoolExecutor.java:1149)
	at java.util.concurrent.ThreadPoolExecutor$Worker.run(ThreadPoolExecutor.java:624)
	at java.lang.Thread.run(Thread.java:748)
2019-06-13 20:07:58,970 WARN  utils.BackgroundService (BackgroundService.java:lambda$run$0(135)) - Background task fails to execute, retrying in next interval
java.util.concurrent.ExecutionException: org.apache.hadoop.hdds.scm.container.common.helpers.StorageContainerException: Error opening DB. Container:3 ContainerPath:/opt/src/hadoop-ozone/integration-test/target/test-dir/MiniOzoneClusterImpl-81045214-ddaf-49dc-b937-6952dc108bc6/datanode-0/data/containers/hdds/87ce7603-6886-4678-97fb-c6fe9dde4d32/current/containerDir0/3/metadata/3-dn-container.db
	at java.util.concurrent.FutureTask.report(FutureTask.java:122)
	at java.util.concurrent.FutureTask.get(FutureTask.java:206)
	at org.apache.hadoop.utils.BackgroundService$PeriodicalTask.lambda$run$0(BackgroundService.java:129)
	at java.util.stream.ForEachOps$ForEachOp$OfRef.accept(ForEachOps.java:184)
	at java.util.ArrayList$ArrayListSpliterator.forEachRemaining(ArrayList.java:1382)
	at java.util.stream.AbstractPipeline.copyInto(AbstractPipeline.java:482)
	at java.util.stream.ForEachOps$ForEachTask.compute(ForEachOps.java:291)
	at java.util.concurrent.CountedCompleter.exec(CountedCompleter.java:731)
	at java.util.concurrent.ForkJoinTask.doExec(ForkJoinTask.java:289)
	at java.util.concurrent.ForkJoinPool$WorkQueue.pollAndExecCC(ForkJoinPool.java:1190)
	at java.util.concurrent.ForkJoinPool.helpComplete(ForkJoinPool.java:1879)
	at java.util.concurrent.ForkJoinPool.externalHelpComplete(ForkJoinPool.java:2467)
	at java.util.concurrent.ForkJoinTask.externalAwaitDone(ForkJoinTask.java:324)
	at java.util.concurrent.ForkJoinTask.doInvoke(ForkJoinTask.java:405)
	at java.util.concurrent.ForkJoinTask.invoke(ForkJoinTask.java:734)
	at java.util.stream.ForEachOps$ForEachOp.evaluateParallel(ForEachOps.java:160)
	at java.util.stream.ForEachOps$ForEachOp$OfRef.evaluateParallel(ForEachOps.java:174)
	at java.util.stream.AbstractPipeline.evaluate(AbstractPipeline.java:233)
	at java.util.stream.ReferencePipeline.forEach(ReferencePipeline.java:418)
	at java.util.stream.ReferencePipeline$Head.forEach(ReferencePipeline.java:583)
	at org.apache.hadoop.utils.BackgroundService$PeriodicalTask.run(BackgroundService.java:125)
	at java.util.concurrent.Executors$RunnableAdapter.call(Executors.java:511)
	at java.util.concurrent.FutureTask.runAndReset(FutureTask.java:308)
	at java.util.concurrent.ScheduledThreadPoolExecutor$ScheduledFutureTask.access$301(ScheduledThreadPoolExecutor.java:180)
	at java.util.concurrent.ScheduledThreadPoolExecutor$ScheduledFutureTask.run(ScheduledThreadPoolExecutor.java:294)
	at java.util.concurrent.ThreadPoolExecutor.runWorker(ThreadPoolExecutor.java:1149)
	at java.util.concurrent.ThreadPoolExecutor$Worker.run(ThreadPoolExecutor.java:624)
	at java.lang.Thread.run(Thread.java:748)
Caused by: org.apache.hadoop.hdds.scm.container.common.helpers.StorageContainerException: Error opening DB. Container:3 ContainerPath:/opt/src/hadoop-ozone/integration-test/target/test-dir/MiniOzoneClusterImpl-81045214-ddaf-49dc-b937-6952dc108bc6/datanode-0/data/containers/hdds/87ce7603-6886-4678-97fb-c6fe9dde4d32/current/containerDir0/3/metadata/3-dn-container.db
	at org.apache.hadoop.ozone.container.keyvalue.helpers.BlockUtils.getDB(BlockUtils.java:84)
	at org.apache.hadoop.ozone.container.keyvalue.statemachine.background.BlockDeletingService$BlockDeletingTask.call(BlockDeletingService.java:188)
	at org.apache.hadoop.ozone.container.keyvalue.statemachine.background.BlockDeletingService$BlockDeletingTask.call(BlockDeletingService.java:172)
	at java.util.concurrent.FutureTask.run(FutureTask.java:266)
	at java.util.concurrent.Executors$RunnableAdapter.call(Executors.java:511)
	at java.util.concurrent.FutureTask.run(FutureTask.java:266)
	at java.util.concurrent.Executors$RunnableAdapter.call(Executors.java:511)
	at java.util.concurrent.FutureTask.run(FutureTask.java:266)
	at java.util.concurrent.ScheduledThreadPoolExecutor$ScheduledFutureTask.access$201(ScheduledThreadPoolExecutor.java:180)
	at java.util.concurrent.ScheduledThreadPoolExecutor$ScheduledFutureTask.run(ScheduledThreadPoolExecutor.java:293)
	... 3 more
2019-06-13 20:07:59,051 INFO  ozone.MiniOzoneClusterImpl (MiniOzoneClusterImpl.java:lambda$waitForClusterToBeReady$0(142)) - Waiting for cluster to be ready. Got 0 of 1 DN Heartbeats.
2019-06-13 20:07:59,059 INFO  ozoneimpl.OzoneContainer (OzoneContainer.java:start(186)) - Attempting to start container services.
2019-06-13 20:07:59,060 INFO  ozoneimpl.OzoneContainer (OzoneContainer.java:startContainerScrub(160)) - Background container scrubber has been disabled by hdds.containerscrub.enabled
2019-06-13 20:07:59,060 INFO  ratis.XceiverServerRatis (XceiverServerRatis.java:start(418)) - Starting XceiverServerRatis 1da07f04-5531-47d2-acef-5c8f4245ff76 at port 37075
2019-06-13 20:07:59,067 INFO  impl.RaftServerProxy (RaftServerProxy.java:lambda$start$3(299)) - 1da07f04-5531-47d2-acef-5c8f4245ff76: start RPC server
2019-06-13 20:07:59,068 INFO  server.GrpcService (GrpcService.java:startImpl(148)) - 1da07f04-5531-47d2-acef-5c8f4245ff76: GrpcService started, listening on 0.0.0.0/0.0.0.0:37075
2019-06-13 20:07:59,972 INFO  background.BlockDeletingService (BlockDeletingService.java:getTasks(123)) - Plan to choose 10 containers for block deletion, actually returns 5 valid containers.
2019-06-13 20:07:59,973 ERROR utils.ContainerCache (ContainerCache.java:getDB(137)) - Error opening DB. Container:1 ContainerPath:/opt/src/hadoop-ozone/integration-test/target/test-dir/MiniOzoneClusterImpl-81045214-ddaf-49dc-b937-6952dc108bc6/datanode-0/data/containers/hdds/87ce7603-6886-4678-97fb-c6fe9dde4d32/current/containerDir0/1/metadata/1-dn-container.db
java.io.IOException: Failed init RocksDB, db path : /opt/src/hadoop-ozone/integration-test/target/test-dir/MiniOzoneClusterImpl-81045214-ddaf-49dc-b937-6952dc108bc6/datanode-0/data/containers/hdds/87ce7603-6886-4678-97fb-c6fe9dde4d32/current/containerDir0/1/metadata/1-dn-container.db
	at org.apache.hadoop.utils.RocksDBStore.<init>(RocksDBStore.java:87)
	at org.apache.hadoop.utils.MetadataStoreBuilder.build(MetadataStoreBuilder.java:137)
	at org.apache.hadoop.ozone.container.common.utils.ContainerCache.getDB(ContainerCache.java:129)
	at org.apache.hadoop.ozone.container.keyvalue.helpers.BlockUtils.getDB(BlockUtils.java:77)
	at org.apache.hadoop.ozone.container.keyvalue.statemachine.background.BlockDeletingService$BlockDeletingTask.call(BlockDeletingService.java:188)
	at org.apache.hadoop.ozone.container.keyvalue.statemachine.background.BlockDeletingService$BlockDeletingTask.call(BlockDeletingService.java:172)
	at java.util.concurrent.FutureTask.run(FutureTask.java:266)
	at java.util.concurrent.Executors$RunnableAdapter.call(Executors.java:511)
	at java.util.concurrent.FutureTask.run(FutureTask.java:266)
	at java.util.concurrent.Executors$RunnableAdapter.call(Executors.java:511)
	at java.util.concurrent.FutureTask.run(FutureTask.java:266)
	at java.util.concurrent.ScheduledThreadPoolExecutor$ScheduledFutureTask.access$201(ScheduledThreadPoolExecutor.java:180)
	at java.util.concurrent.ScheduledThreadPoolExecutor$ScheduledFutureTask.run(ScheduledThreadPoolExecutor.java:293)
	at java.util.concurrent.ThreadPoolExecutor.runWorker(ThreadPoolExecutor.java:1149)
	at java.util.concurrent.ThreadPoolExecutor$Worker.run(ThreadPoolExecutor.java:624)
	at java.lang.Thread.run(Thread.java:748)
Caused by: org.rocksdb.RocksDBException: While mkdir if missing: /opt/src/hadoop-ozone/integration-test/target/test-dir/MiniOzoneClusterImpl-81045214-ddaf-49dc-b937-6952dc108bc6/datanode-0/data/containers/hdds/87ce7603-6886-4678-97fb-c6fe9dde4d32/current/containerDir0/1/metadata/1-dn-container.db: No such file or directory
	at org.rocksdb.RocksDB.open(Native Method)
	at org.rocksdb.RocksDB.open(RocksDB.java:231)
	at org.apache.hadoop.utils.RocksDBStore.<init>(RocksDBStore.java:71)
	... 15 more
2019-06-13 20:07:59,973 ERROR utils.ContainerCache (ContainerCache.java:getDB(137)) - Error opening DB. Container:5 ContainerPath:/opt/src/hadoop-ozone/integration-test/target/test-dir/MiniOzoneClusterImpl-81045214-ddaf-49dc-b937-6952dc108bc6/datanode-0/data/containers/hdds/87ce7603-6886-4678-97fb-c6fe9dde4d32/current/containerDir0/5/metadata/5-dn-container.db
java.io.IOException: Failed init RocksDB, db path : /opt/src/hadoop-ozone/integration-test/target/test-dir/MiniOzoneClusterImpl-81045214-ddaf-49dc-b937-6952dc108bc6/datanode-0/data/containers/hdds/87ce7603-6886-4678-97fb-c6fe9dde4d32/current/containerDir0/5/metadata/5-dn-container.db
	at org.apache.hadoop.utils.RocksDBStore.<init>(RocksDBStore.java:87)
	at org.apache.hadoop.utils.MetadataStoreBuilder.build(MetadataStoreBuilder.java:137)
	at org.apache.hadoop.ozone.container.common.utils.ContainerCache.getDB(ContainerCache.java:129)
	at org.apache.hadoop.ozone.container.keyvalue.helpers.BlockUtils.getDB(BlockUtils.java:77)
	at org.apache.hadoop.ozone.container.keyvalue.statemachine.background.BlockDeletingService$BlockDeletingTask.call(BlockDeletingService.java:188)
	at org.apache.hadoop.ozone.container.keyvalue.statemachine.background.BlockDeletingService$BlockDeletingTask.call(BlockDeletingService.java:172)
	at java.util.concurrent.FutureTask.run(FutureTask.java:266)
	at java.util.concurrent.Executors$RunnableAdapter.call(Executors.java:511)
	at java.util.concurrent.FutureTask.run(FutureTask.java:266)
	at java.util.concurrent.Executors$RunnableAdapter.call(Executors.java:511)
	at java.util.concurrent.FutureTask.run(FutureTask.java:266)
	at java.util.concurrent.ScheduledThreadPoolExecutor$ScheduledFutureTask.access$201(ScheduledThreadPoolExecutor.java:180)
	at java.util.concurrent.ScheduledThreadPoolExecutor$ScheduledFutureTask.run(ScheduledThreadPoolExecutor.java:293)
	at java.util.concurrent.ThreadPoolExecutor.runWorker(ThreadPoolExecutor.java:1149)
	at java.util.concurrent.ThreadPoolExecutor$Worker.run(ThreadPoolExecutor.java:624)
	at java.lang.Thread.run(Thread.java:748)
Caused by: org.rocksdb.RocksDBException: While mkdir if missing: /opt/src/hadoop-ozone/integration-test/target/test-dir/MiniOzoneClusterImpl-81045214-ddaf-49dc-b937-6952dc108bc6/datanode-0/data/containers/hdds/87ce7603-6886-4678-97fb-c6fe9dde4d32/current/containerDir0/5/metadata/5-dn-container.db: No such file or directory
	at org.rocksdb.RocksDB.open(Native Method)
	at org.rocksdb.RocksDB.open(RocksDB.java:231)
	at org.apache.hadoop.utils.RocksDBStore.<init>(RocksDBStore.java:71)
	... 15 more
2019-06-13 20:07:59,974 WARN  utils.BackgroundService (BackgroundService.java:lambda$run$0(135)) - Background task fails to execute, retrying in next interval
java.util.concurrent.ExecutionException: org.apache.hadoop.hdds.scm.container.common.helpers.StorageContainerException: Error opening DB. Container:5 ContainerPath:/opt/src/hadoop-ozone/integration-test/target/test-dir/MiniOzoneClusterImpl-81045214-ddaf-49dc-b937-6952dc108bc6/datanode-0/data/containers/hdds/87ce7603-6886-4678-97fb-c6fe9dde4d32/current/containerDir0/5/metadata/5-dn-container.db
	at java.util.concurrent.FutureTask.report(FutureTask.java:122)
	at java.util.concurrent.FutureTask.get(FutureTask.java:206)
	at org.apache.hadoop.utils.BackgroundService$PeriodicalTask.lambda$run$0(BackgroundService.java:129)
	at java.util.stream.ForEachOps$ForEachOp$OfRef.accept(ForEachOps.java:184)
	at java.util.ArrayList$ArrayListSpliterator.forEachRemaining(ArrayList.java:1382)
	at java.util.stream.AbstractPipeline.copyInto(AbstractPipeline.java:482)
	at java.util.stream.ForEachOps$ForEachTask.compute(ForEachOps.java:291)
	at java.util.concurrent.CountedCompleter.exec(CountedCompleter.java:731)
	at java.util.concurrent.ForkJoinTask.doExec(ForkJoinTask.java:289)
	at java.util.concurrent.ForkJoinPool$WorkQueue.runTask(ForkJoinPool.java:1056)
	at java.util.concurrent.ForkJoinPool.runWorker(ForkJoinPool.java:1692)
	at java.util.concurrent.ForkJoinWorkerThread.run(ForkJoinWorkerThread.java:157)
Caused by: org.apache.hadoop.hdds.scm.container.common.helpers.StorageContainerException: Error opening DB. Container:5 ContainerPath:/opt/src/hadoop-ozone/integration-test/target/test-dir/MiniOzoneClusterImpl-81045214-ddaf-49dc-b937-6952dc108bc6/datanode-0/data/containers/hdds/87ce7603-6886-4678-97fb-c6fe9dde4d32/current/containerDir0/5/metadata/5-dn-container.db
	at org.apache.hadoop.ozone.container.keyvalue.helpers.BlockUtils.getDB(BlockUtils.java:84)
	at org.apache.hadoop.ozone.container.keyvalue.statemachine.background.BlockDeletingService$BlockDeletingTask.call(BlockDeletingService.java:188)
	at org.apache.hadoop.ozone.container.keyvalue.statemachine.background.BlockDeletingService$BlockDeletingTask.call(BlockDeletingService.java:172)
	at java.util.concurrent.FutureTask.run(FutureTask.java:266)
	at java.util.concurrent.Executors$RunnableAdapter.call(Executors.java:511)
	at java.util.concurrent.FutureTask.run(FutureTask.java:266)
	at java.util.concurrent.Executors$RunnableAdapter.call(Executors.java:511)
	at java.util.concurrent.FutureTask.run(FutureTask.java:266)
	at java.util.concurrent.ScheduledThreadPoolExecutor$ScheduledFutureTask.access$201(ScheduledThreadPoolExecutor.java:180)
	at java.util.concurrent.ScheduledThreadPoolExecutor$ScheduledFutureTask.run(ScheduledThreadPoolExecutor.java:293)
	at java.util.concurrent.ThreadPoolExecutor.runWorker(ThreadPoolExecutor.java:1149)
	at java.util.concurrent.ThreadPoolExecutor$Worker.run(ThreadPoolExecutor.java:624)
	at java.lang.Thread.run(Thread.java:748)
2019-06-13 20:07:59,974 ERROR utils.ContainerCache (ContainerCache.java:getDB(137)) - Error opening DB. Container:4 ContainerPath:/opt/src/hadoop-ozone/integration-test/target/test-dir/MiniOzoneClusterImpl-81045214-ddaf-49dc-b937-6952dc108bc6/datanode-0/data/containers/hdds/87ce7603-6886-4678-97fb-c6fe9dde4d32/current/containerDir0/4/metadata/4-dn-container.db
java.io.IOException: Failed init RocksDB, db path : /opt/src/hadoop-ozone/integration-test/target/test-dir/MiniOzoneClusterImpl-81045214-ddaf-49dc-b937-6952dc108bc6/datanode-0/data/containers/hdds/87ce7603-6886-4678-97fb-c6fe9dde4d32/current/containerDir0/4/metadata/4-dn-container.db
	at org.apache.hadoop.utils.RocksDBStore.<init>(RocksDBStore.java:87)
	at org.apache.hadoop.utils.MetadataStoreBuilder.build(MetadataStoreBuilder.java:137)
	at org.apache.hadoop.ozone.container.common.utils.ContainerCache.getDB(ContainerCache.java:129)
	at org.apache.hadoop.ozone.container.keyvalue.helpers.BlockUtils.getDB(BlockUtils.java:77)
	at org.apache.hadoop.ozone.container.keyvalue.statemachine.background.BlockDeletingService$BlockDeletingTask.call(BlockDeletingService.java:188)
	at org.apache.hadoop.ozone.container.keyvalue.statemachine.background.BlockDeletingService$BlockDeletingTask.call(BlockDeletingService.java:172)
	at java.util.concurrent.FutureTask.run(FutureTask.java:266)
	at java.util.concurrent.Executors$RunnableAdapter.call(Executors.java:511)
	at java.util.concurrent.FutureTask.run(FutureTask.java:266)
	at java.util.concurrent.Executors$RunnableAdapter.call(Executors.java:511)
	at java.util.concurrent.FutureTask.run(FutureTask.java:266)
	at java.util.concurrent.ScheduledThreadPoolExecutor$ScheduledFutureTask.access$201(ScheduledThreadPoolExecutor.java:180)
	at java.util.concurrent.ScheduledThreadPoolExecutor$ScheduledFutureTask.run(ScheduledThreadPoolExecutor.java:293)
	at java.util.concurrent.ThreadPoolExecutor.runWorker(ThreadPoolExecutor.java:1149)
	at java.util.concurrent.ThreadPoolExecutor$Worker.run(ThreadPoolExecutor.java:624)
	at java.lang.Thread.run(Thread.java:748)
Caused by: org.rocksdb.RocksDBException: While mkdir if missing: /opt/src/hadoop-ozone/integration-test/target/test-dir/MiniOzoneClusterImpl-81045214-ddaf-49dc-b937-6952dc108bc6/datanode-0/data/containers/hdds/87ce7603-6886-4678-97fb-c6fe9dde4d32/current/containerDir0/4/metadata/4-dn-container.db: No such file or directory
	at org.rocksdb.RocksDB.open(Native Method)
	at org.rocksdb.RocksDB.open(RocksDB.java:231)
	at org.apache.hadoop.utils.RocksDBStore.<init>(RocksDBStore.java:71)
	... 15 more
2019-06-13 20:07:59,975 WARN  utils.BackgroundService (BackgroundService.java:lambda$run$0(135)) - Background task fails to execute, retrying in next interval
java.util.concurrent.ExecutionException: org.apache.hadoop.hdds.scm.container.common.helpers.StorageContainerException: Error opening DB. Container:1 ContainerPath:/opt/src/hadoop-ozone/integration-test/target/test-dir/MiniOzoneClusterImpl-81045214-ddaf-49dc-b937-6952dc108bc6/datanode-0/data/containers/hdds/87ce7603-6886-4678-97fb-c6fe9dde4d32/current/containerDir0/1/metadata/1-dn-container.db
	at java.util.concurrent.FutureTask.report(FutureTask.java:122)
	at java.util.concurrent.FutureTask.get(FutureTask.java:206)
	at org.apache.hadoop.utils.BackgroundService$PeriodicalTask.lambda$run$0(BackgroundService.java:129)
	at java.util.stream.ForEachOps$ForEachOp$OfRef.accept(ForEachOps.java:184)
	at java.util.ArrayList$ArrayListSpliterator.forEachRemaining(ArrayList.java:1382)
	at java.util.stream.AbstractPipeline.copyInto(AbstractPipeline.java:482)
	at java.util.stream.ForEachOps$ForEachTask.compute(ForEachOps.java:291)
	at java.util.concurrent.CountedCompleter.exec(CountedCompleter.java:731)
	at java.util.concurrent.ForkJoinTask.doExec(ForkJoinTask.java:289)
	at java.util.concurrent.ForkJoinPool$WorkQueue.execLocalTasks(ForkJoinPool.java:1040)
	at java.util.concurrent.ForkJoinPool$WorkQueue.runTask(ForkJoinPool.java:1058)
	at java.util.concurrent.ForkJoinPool.runWorker(ForkJoinPool.java:1692)
	at java.util.concurrent.ForkJoinWorkerThread.run(ForkJoinWorkerThread.java:157)
Caused by: org.apache.hadoop.hdds.scm.container.common.helpers.StorageContainerException: Error opening DB. Container:1 ContainerPath:/opt/src/hadoop-ozone/integration-test/target/test-dir/MiniOzoneClusterImpl-81045214-ddaf-49dc-b937-6952dc108bc6/datanode-0/data/containers/hdds/87ce7603-6886-4678-97fb-c6fe9dde4d32/current/containerDir0/1/metadata/1-dn-container.db
	at org.apache.hadoop.ozone.container.keyvalue.helpers.BlockUtils.getDB(BlockUtils.java:84)
	at org.apache.hadoop.ozone.container.keyvalue.statemachine.background.BlockDeletingService$BlockDeletingTask.call(BlockDeletingService.java:188)
	at org.apache.hadoop.ozone.container.keyvalue.statemachine.background.BlockDeletingService$BlockDeletingTask.call(BlockDeletingService.java:172)
	at java.util.concurrent.FutureTask.run(FutureTask.java:266)
	at java.util.concurrent.Executors$RunnableAdapter.call(Executors.java:511)
	at java.util.concurrent.FutureTask.run(FutureTask.java:266)
	at java.util.concurrent.Executors$RunnableAdapter.call(Executors.java:511)
	at java.util.concurrent.FutureTask.run(FutureTask.java:266)
	at java.util.concurrent.ScheduledThreadPoolExecutor$ScheduledFutureTask.access$201(ScheduledThreadPoolExecutor.java:180)
	at java.util.concurrent.ScheduledThreadPoolExecutor$ScheduledFutureTask.run(ScheduledThreadPoolExecutor.java:293)
	at java.util.concurrent.ThreadPoolExecutor.runWorker(ThreadPoolExecutor.java:1149)
	at java.util.concurrent.ThreadPoolExecutor$Worker.run(ThreadPoolExecutor.java:624)
	at java.lang.Thread.run(Thread.java:748)
2019-06-13 20:07:59,976 ERROR utils.ContainerCache (ContainerCache.java:getDB(137)) - Error opening DB. Container:3 ContainerPath:/opt/src/hadoop-ozone/integration-test/target/test-dir/MiniOzoneClusterImpl-81045214-ddaf-49dc-b937-6952dc108bc6/datanode-0/data/containers/hdds/87ce7603-6886-4678-97fb-c6fe9dde4d32/current/containerDir0/3/metadata/3-dn-container.db
java.io.IOException: Failed init RocksDB, db path : /opt/src/hadoop-ozone/integration-test/target/test-dir/MiniOzoneClusterImpl-81045214-ddaf-49dc-b937-6952dc108bc6/datanode-0/data/containers/hdds/87ce7603-6886-4678-97fb-c6fe9dde4d32/current/containerDir0/3/metadata/3-dn-container.db
	at org.apache.hadoop.utils.RocksDBStore.<init>(RocksDBStore.java:87)
	at org.apache.hadoop.utils.MetadataStoreBuilder.build(MetadataStoreBuilder.java:137)
	at org.apache.hadoop.ozone.container.common.utils.ContainerCache.getDB(ContainerCache.java:129)
	at org.apache.hadoop.ozone.container.keyvalue.helpers.BlockUtils.getDB(BlockUtils.java:77)
	at org.apache.hadoop.ozone.container.keyvalue.statemachine.background.BlockDeletingService$BlockDeletingTask.call(BlockDeletingService.java:188)
	at org.apache.hadoop.ozone.container.keyvalue.statemachine.background.BlockDeletingService$BlockDeletingTask.call(BlockDeletingService.java:172)
	at java.util.concurrent.FutureTask.run(FutureTask.java:266)
	at java.util.concurrent.Executors$RunnableAdapter.call(Executors.java:511)
	at java.util.concurrent.FutureTask.run(FutureTask.java:266)
	at java.util.concurrent.Executors$RunnableAdapter.call(Executors.java:511)
	at java.util.concurrent.FutureTask.run(FutureTask.java:266)
	at java.util.concurrent.ScheduledThreadPoolExecutor$ScheduledFutureTask.access$201(ScheduledThreadPoolExecutor.java:180)
	at java.util.concurrent.ScheduledThreadPoolExecutor$ScheduledFutureTask.run(ScheduledThreadPoolExecutor.java:293)
	at java.util.concurrent.ThreadPoolExecutor.runWorker(ThreadPoolExecutor.java:1149)
	at java.util.concurrent.ThreadPoolExecutor$Worker.run(ThreadPoolExecutor.java:624)
	at java.lang.Thread.run(Thread.java:748)
Caused by: org.rocksdb.RocksDBException: While mkdir if missing: /opt/src/hadoop-ozone/integration-test/target/test-dir/MiniOzoneClusterImpl-81045214-ddaf-49dc-b937-6952dc108bc6/datanode-0/data/containers/hdds/87ce7603-6886-4678-97fb-c6fe9dde4d32/current/containerDir0/3/metadata/3-dn-container.db: No such file or directory
	at org.rocksdb.RocksDB.open(Native Method)
	at org.rocksdb.RocksDB.open(RocksDB.java:231)
	at org.apache.hadoop.utils.RocksDBStore.<init>(RocksDBStore.java:71)
	... 15 more
2019-06-13 20:07:59,975 WARN  utils.BackgroundService (BackgroundService.java:lambda$run$0(135)) - Background task fails to execute, retrying in next interval
java.util.concurrent.ExecutionException: org.apache.hadoop.hdds.scm.container.common.helpers.StorageContainerException: Error opening DB. Container:4 ContainerPath:/opt/src/hadoop-ozone/integration-test/target/test-dir/MiniOzoneClusterImpl-81045214-ddaf-49dc-b937-6952dc108bc6/datanode-0/data/containers/hdds/87ce7603-6886-4678-97fb-c6fe9dde4d32/current/containerDir0/4/metadata/4-dn-container.db
	at java.util.concurrent.FutureTask.report(FutureTask.java:122)
	at java.util.concurrent.FutureTask.get(FutureTask.java:206)
	at org.apache.hadoop.utils.BackgroundService$PeriodicalTask.lambda$run$0(BackgroundService.java:129)
	at java.util.stream.ForEachOps$ForEachOp$OfRef.accept(ForEachOps.java:184)
	at java.util.ArrayList$ArrayListSpliterator.forEachRemaining(ArrayList.java:1382)
	at java.util.stream.AbstractPipeline.copyInto(AbstractPipeline.java:482)
	at java.util.stream.ForEachOps$ForEachTask.compute(ForEachOps.java:291)
	at java.util.concurrent.CountedCompleter.exec(CountedCompleter.java:731)
	at java.util.concurrent.ForkJoinTask.doExec(ForkJoinTask.java:289)
	at java.util.concurrent.ForkJoinTask.doInvoke(ForkJoinTask.java:401)
	at java.util.concurrent.ForkJoinTask.invoke(ForkJoinTask.java:734)
	at java.util.stream.ForEachOps$ForEachOp.evaluateParallel(ForEachOps.java:160)
	at java.util.stream.ForEachOps$ForEachOp$OfRef.evaluateParallel(ForEachOps.java:174)
	at java.util.stream.AbstractPipeline.evaluate(AbstractPipeline.java:233)
	at java.util.stream.ReferencePipeline.forEach(ReferencePipeline.java:418)
	at java.util.stream.ReferencePipeline$Head.forEach(ReferencePipeline.java:583)
	at org.apache.hadoop.utils.BackgroundService$PeriodicalTask.run(BackgroundService.java:125)
	at java.util.concurrent.Executors$RunnableAdapter.call(Executors.java:511)
	at java.util.concurrent.FutureTask.runAndReset(FutureTask.java:308)
	at java.util.concurrent.ScheduledThreadPoolExecutor$ScheduledFutureTask.access$301(ScheduledThreadPoolExecutor.java:180)
	at java.util.concurrent.ScheduledThreadPoolExecutor$ScheduledFutureTask.run(ScheduledThreadPoolExecutor.java:294)
	at java.util.concurrent.ThreadPoolExecutor.runWorker(ThreadPoolExecutor.java:1149)
	at java.util.concurrent.ThreadPoolExecutor$Worker.run(ThreadPoolExecutor.java:624)
	at java.lang.Thread.run(Thread.java:748)
Caused by: org.apache.hadoop.hdds.scm.container.common.helpers.StorageContainerException: Error opening DB. Container:4 ContainerPath:/opt/src/hadoop-ozone/integration-test/target/test-dir/MiniOzoneClusterImpl-81045214-ddaf-49dc-b937-6952dc108bc6/datanode-0/data/containers/hdds/87ce7603-6886-4678-97fb-c6fe9dde4d32/current/containerDir0/4/metadata/4-dn-container.db
	at org.apache.hadoop.ozone.container.keyvalue.helpers.BlockUtils.getDB(BlockUtils.java:84)
	at org.apache.hadoop.ozone.container.keyvalue.statemachine.background.BlockDeletingService$BlockDeletingTask.call(BlockDeletingService.java:188)
	at org.apache.hadoop.ozone.container.keyvalue.statemachine.background.BlockDeletingService$BlockDeletingTask.call(BlockDeletingService.java:172)
	at java.util.concurrent.FutureTask.run(FutureTask.java:266)
	at java.util.concurrent.Executors$RunnableAdapter.call(Executors.java:511)
	at java.util.concurrent.FutureTask.run(FutureTask.java:266)
	at java.util.concurrent.Executors$RunnableAdapter.call(Executors.java:511)
	at java.util.concurrent.FutureTask.run(FutureTask.java:266)
	at java.util.concurrent.ScheduledThreadPoolExecutor$ScheduledFutureTask.access$201(ScheduledThreadPoolExecutor.java:180)
	at java.util.concurrent.ScheduledThreadPoolExecutor$ScheduledFutureTask.run(ScheduledThreadPoolExecutor.java:293)
	... 3 more
2019-06-13 20:07:59,976 ERROR utils.ContainerCache (ContainerCache.java:getDB(137)) - Error opening DB. Container:2 ContainerPath:/opt/src/hadoop-ozone/integration-test/target/test-dir/MiniOzoneClusterImpl-81045214-ddaf-49dc-b937-6952dc108bc6/datanode-0/data/containers/hdds/87ce7603-6886-4678-97fb-c6fe9dde4d32/current/containerDir0/2/metadata/2-dn-container.db
java.io.IOException: Failed init RocksDB, db path : /opt/src/hadoop-ozone/integration-test/target/test-dir/MiniOzoneClusterImpl-81045214-ddaf-49dc-b937-6952dc108bc6/datanode-0/data/containers/hdds/87ce7603-6886-4678-97fb-c6fe9dde4d32/current/containerDir0/2/metadata/2-dn-container.db
	at org.apache.hadoop.utils.RocksDBStore.<init>(RocksDBStore.java:87)
	at org.apache.hadoop.utils.MetadataStoreBuilder.build(MetadataStoreBuilder.java:137)
	at org.apache.hadoop.ozone.container.common.utils.ContainerCache.getDB(ContainerCache.java:129)
	at org.apache.hadoop.ozone.container.keyvalue.helpers.BlockUtils.getDB(BlockUtils.java:77)
	at org.apache.hadoop.ozone.container.keyvalue.statemachine.background.BlockDeletingService$BlockDeletingTask.call(BlockDeletingService.java:188)
	at org.apache.hadoop.ozone.container.keyvalue.statemachine.background.BlockDeletingService$BlockDeletingTask.call(BlockDeletingService.java:172)
	at java.util.concurrent.FutureTask.run(FutureTask.java:266)
	at java.util.concurrent.Executors$RunnableAdapter.call(Executors.java:511)
	at java.util.concurrent.FutureTask.run(FutureTask.java:266)
	at java.util.concurrent.Executors$RunnableAdapter.call(Executors.java:511)
	at java.util.concurrent.FutureTask.run(FutureTask.java:266)
	at java.util.concurrent.ScheduledThreadPoolExecutor$ScheduledFutureTask.access$201(ScheduledThreadPoolExecutor.java:180)
	at java.util.concurrent.ScheduledThreadPoolExecutor$ScheduledFutureTask.run(ScheduledThreadPoolExecutor.java:293)
	at java.util.concurrent.ThreadPoolExecutor.runWorker(ThreadPoolExecutor.java:1149)
	at java.util.concurrent.ThreadPoolExecutor$Worker.run(ThreadPoolExecutor.java:624)
	at java.lang.Thread.run(Thread.java:748)
Caused by: org.rocksdb.RocksDBException: While mkdir if missing: /opt/src/hadoop-ozone/integration-test/target/test-dir/MiniOzoneClusterImpl-81045214-ddaf-49dc-b937-6952dc108bc6/datanode-0/data/containers/hdds/87ce7603-6886-4678-97fb-c6fe9dde4d32/current/containerDir0/2/metadata/2-dn-container.db: No such file or directory
	at org.rocksdb.RocksDB.open(Native Method)
	at org.rocksdb.RocksDB.open(RocksDB.java:231)
	at org.apache.hadoop.utils.RocksDBStore.<init>(RocksDBStore.java:71)
	... 15 more
2019-06-13 20:07:59,977 WARN  utils.BackgroundService (BackgroundService.java:lambda$run$0(135)) - Background task fails to execute, retrying in next interval
java.util.concurrent.ExecutionException: org.apache.hadoop.hdds.scm.container.common.helpers.StorageContainerException: Error opening DB. Container:3 ContainerPath:/opt/src/hadoop-ozone/integration-test/target/test-dir/MiniOzoneClusterImpl-81045214-ddaf-49dc-b937-6952dc108bc6/datanode-0/data/containers/hdds/87ce7603-6886-4678-97fb-c6fe9dde4d32/current/containerDir0/3/metadata/3-dn-container.db
	at java.util.concurrent.FutureTask.report(FutureTask.java:122)
	at java.util.concurrent.FutureTask.get(FutureTask.java:206)
	at org.apache.hadoop.utils.BackgroundService$PeriodicalTask.lambda$run$0(BackgroundService.java:129)
	at java.util.stream.ForEachOps$ForEachOp$OfRef.accept(ForEachOps.java:184)
	at java.util.ArrayList$ArrayListSpliterator.forEachRemaining(ArrayList.java:1382)
	at java.util.stream.AbstractPipeline.copyInto(AbstractPipeline.java:482)
	at java.util.stream.ForEachOps$ForEachTask.compute(ForEachOps.java:291)
	at java.util.concurrent.CountedCompleter.exec(CountedCompleter.java:731)
	at java.util.concurrent.ForkJoinTask.doExec(ForkJoinTask.java:289)
	at java.util.concurrent.ForkJoinPool$WorkQueue.pollAndExecCC(ForkJoinPool.java:1190)
	at java.util.concurrent.ForkJoinPool.helpComplete(ForkJoinPool.java:1879)
	at java.util.concurrent.ForkJoinPool.externalHelpComplete(ForkJoinPool.java:2467)
	at java.util.concurrent.ForkJoinTask.externalAwaitDone(ForkJoinTask.java:324)
	at java.util.concurrent.ForkJoinTask.doInvoke(ForkJoinTask.java:405)
	at java.util.concurrent.ForkJoinTask.invoke(ForkJoinTask.java:734)
	at java.util.stream.ForEachOps$ForEachOp.evaluateParallel(ForEachOps.java:160)
	at java.util.stream.ForEachOps$ForEachOp$OfRef.evaluateParallel(ForEachOps.java:174)
	at java.util.stream.AbstractPipeline.evaluate(AbstractPipeline.java:233)
	at java.util.stream.ReferencePipeline.forEach(ReferencePipeline.java:418)
	at java.util.stream.ReferencePipeline$Head.forEach(ReferencePipeline.java:583)
	at org.apache.hadoop.utils.BackgroundService$PeriodicalTask.run(BackgroundService.java:125)
	at java.util.concurrent.Executors$RunnableAdapter.call(Executors.java:511)
	at java.util.concurrent.FutureTask.runAndReset(FutureTask.java:308)
	at java.util.concurrent.ScheduledThreadPoolExecutor$ScheduledFutureTask.access$301(ScheduledThreadPoolExecutor.java:180)
	at java.util.concurrent.ScheduledThreadPoolExecutor$ScheduledFutureTask.run(ScheduledThreadPoolExecutor.java:294)
	at java.util.concurrent.ThreadPoolExecutor.runWorker(ThreadPoolExecutor.java:1149)
	at java.util.concurrent.ThreadPoolExecutor$Worker.run(ThreadPoolExecutor.java:624)
	at java.lang.Thread.run(Thread.java:748)
Caused by: org.apache.hadoop.hdds.scm.container.common.helpers.StorageContainerException: Error opening DB. Container:3 ContainerPath:/opt/src/hadoop-ozone/integration-test/target/test-dir/MiniOzoneClusterImpl-81045214-ddaf-49dc-b937-6952dc108bc6/datanode-0/data/containers/hdds/87ce7603-6886-4678-97fb-c6fe9dde4d32/current/containerDir0/3/metadata/3-dn-container.db
	at org.apache.hadoop.ozone.container.keyvalue.helpers.BlockUtils.getDB(BlockUtils.java:84)
	at org.apache.hadoop.ozone.container.keyvalue.statemachine.background.BlockDeletingService$BlockDeletingTask.call(BlockDeletingService.java:188)
	at org.apache.hadoop.ozone.container.keyvalue.statemachine.background.BlockDeletingService$BlockDeletingTask.call(BlockDeletingService.java:172)
	at java.util.concurrent.FutureTask.run(FutureTask.java:266)
	at java.util.concurrent.Executors$RunnableAdapter.call(Executors.java:511)
	at java.util.concurrent.FutureTask.run(FutureTask.java:266)
	at java.util.concurrent.Executors$RunnableAdapter.call(Executors.java:511)
	at java.util.concurrent.FutureTask.run(FutureTask.java:266)
	at java.util.concurrent.ScheduledThreadPoolExecutor$ScheduledFutureTask.access$201(ScheduledThreadPoolExecutor.java:180)
	at java.util.concurrent.ScheduledThreadPoolExecutor$ScheduledFutureTask.run(ScheduledThreadPoolExecutor.java:293)
	... 3 more
2019-06-13 20:07:59,979 WARN  utils.BackgroundService (BackgroundService.java:lambda$run$0(135)) - Background task fails to execute, retrying in next interval
java.util.concurrent.ExecutionException: org.apache.hadoop.hdds.scm.container.common.helpers.StorageContainerException: Error opening DB. Container:2 ContainerPath:/opt/src/hadoop-ozone/integration-test/target/test-dir/MiniOzoneClusterImpl-81045214-ddaf-49dc-b937-6952dc108bc6/datanode-0/data/containers/hdds/87ce7603-6886-4678-97fb-c6fe9dde4d32/current/containerDir0/2/metadata/2-dn-container.db
	at java.util.concurrent.FutureTask.report(FutureTask.java:122)
	at java.util.concurrent.FutureTask.get(FutureTask.java:206)
	at org.apache.hadoop.utils.BackgroundService$PeriodicalTask.lambda$run$0(BackgroundService.java:129)
	at java.util.stream.ForEachOps$ForEachOp$OfRef.accept(ForEachOps.java:184)
	at java.util.ArrayList$ArrayListSpliterator.forEachRemaining(ArrayList.java:1382)
	at java.util.stream.AbstractPipeline.copyInto(AbstractPipeline.java:482)
	at java.util.stream.ForEachOps$ForEachTask.compute(ForEachOps.java:291)
	at java.util.concurrent.CountedCompleter.exec(CountedCompleter.java:731)
	at java.util.concurrent.ForkJoinTask.doExec(ForkJoinTask.java:289)
	at java.util.concurrent.ForkJoinPool$WorkQueue.runTask(ForkJoinPool.java:1056)
	at java.util.concurrent.ForkJoinPool.runWorker(ForkJoinPool.java:1692)
	at java.util.concurrent.ForkJoinWorkerThread.run(ForkJoinWorkerThread.java:157)
Caused by: org.apache.hadoop.hdds.scm.container.common.helpers.StorageContainerException: Error opening DB. Container:2 ContainerPath:/opt/src/hadoop-ozone/integration-test/target/test-dir/MiniOzoneClusterImpl-81045214-ddaf-49dc-b937-6952dc108bc6/datanode-0/data/containers/hdds/87ce7603-6886-4678-97fb-c6fe9dde4d32/current/containerDir0/2/metadata/2-dn-container.db
	at org.apache.hadoop.ozone.container.keyvalue.helpers.BlockUtils.getDB(BlockUtils.java:84)
	at org.apache.hadoop.ozone.container.keyvalue.statemachine.background.BlockDeletingService$BlockDeletingTask.call(BlockDeletingService.java:188)
	at org.apache.hadoop.ozone.container.keyvalue.statemachine.background.BlockDeletingService$BlockDeletingTask.call(BlockDeletingService.java:172)
	at java.util.concurrent.FutureTask.run(FutureTask.java:266)
	at java.util.concurrent.Executors$RunnableAdapter.call(Executors.java:511)
	at java.util.concurrent.FutureTask.run(FutureTask.java:266)
	at java.util.concurrent.Executors$RunnableAdapter.call(Executors.java:511)
	at java.util.concurrent.FutureTask.run(FutureTask.java:266)
	at java.util.concurrent.ScheduledThreadPoolExecutor$ScheduledFutureTask.access$201(ScheduledThreadPoolExecutor.java:180)
	at java.util.concurrent.ScheduledThreadPoolExecutor$ScheduledFutureTask.run(ScheduledThreadPoolExecutor.java:293)
	at java.util.concurrent.ThreadPoolExecutor.runWorker(ThreadPoolExecutor.java:1149)
	at java.util.concurrent.ThreadPoolExecutor$Worker.run(ThreadPoolExecutor.java:624)
	at java.lang.Thread.run(Thread.java:748)
2019-06-13 20:08:00,052 INFO  ozone.MiniOzoneClusterImpl (MiniOzoneClusterImpl.java:lambda$waitForClusterToBeReady$0(142)) - Waiting for cluster to be ready. Got 0 of 1 DN Heartbeats.
2019-06-13 20:08:00,982 INFO  background.BlockDeletingService (BlockDeletingService.java:getTasks(123)) - Plan to choose 10 containers for block deletion, actually returns 5 valid containers.
2019-06-13 20:08:00,983 ERROR utils.ContainerCache (ContainerCache.java:getDB(137)) - Error opening DB. Container:1 ContainerPath:/opt/src/hadoop-ozone/integration-test/target/test-dir/MiniOzoneClusterImpl-81045214-ddaf-49dc-b937-6952dc108bc6/datanode-0/data/containers/hdds/87ce7603-6886-4678-97fb-c6fe9dde4d32/current/containerDir0/1/metadata/1-dn-container.db
java.io.IOException: Failed init RocksDB, db path : /opt/src/hadoop-ozone/integration-test/target/test-dir/MiniOzoneClusterImpl-81045214-ddaf-49dc-b937-6952dc108bc6/datanode-0/data/containers/hdds/87ce7603-6886-4678-97fb-c6fe9dde4d32/current/containerDir0/1/metadata/1-dn-container.db
	at org.apache.hadoop.utils.RocksDBStore.<init>(RocksDBStore.java:87)
	at org.apache.hadoop.utils.MetadataStoreBuilder.build(MetadataStoreBuilder.java:137)
	at org.apache.hadoop.ozone.container.common.utils.ContainerCache.getDB(ContainerCache.java:129)
	at org.apache.hadoop.ozone.container.keyvalue.helpers.BlockUtils.getDB(BlockUtils.java:77)
	at org.apache.hadoop.ozone.container.keyvalue.statemachine.background.BlockDeletingService$BlockDeletingTask.call(BlockDeletingService.java:188)
	at org.apache.hadoop.ozone.container.keyvalue.statemachine.background.BlockDeletingService$BlockDeletingTask.call(BlockDeletingService.java:172)
	at java.util.concurrent.FutureTask.run(FutureTask.java:266)
	at java.util.concurrent.Executors$RunnableAdapter.call(Executors.java:511)
	at java.util.concurrent.FutureTask.run(FutureTask.java:266)
	at java.util.concurrent.Executors$RunnableAdapter.call(Executors.java:511)
	at java.util.concurrent.FutureTask.run(FutureTask.java:266)
	at java.util.concurrent.ScheduledThreadPoolExecutor$ScheduledFutureTask.access$201(ScheduledThreadPoolExecutor.java:180)
	at java.util.concurrent.ScheduledThreadPoolExecutor$ScheduledFutureTask.run(ScheduledThreadPoolExecutor.java:293)
	at java.util.concurrent.ThreadPoolExecutor.runWorker(ThreadPoolExecutor.java:1149)
	at java.util.concurrent.ThreadPoolExecutor$Worker.run(ThreadPoolExecutor.java:624)
	at java.lang.Thread.run(Thread.java:748)
Caused by: org.rocksdb.RocksDBException: While mkdir if missing: /opt/src/hadoop-ozone/integration-test/target/test-dir/MiniOzoneClusterImpl-81045214-ddaf-49dc-b937-6952dc108bc6/datanode-0/data/containers/hdds/87ce7603-6886-4678-97fb-c6fe9dde4d32/current/containerDir0/1/metadata/1-dn-container.db: No such file or directory
	at org.rocksdb.RocksDB.open(Native Method)
	at org.rocksdb.RocksDB.open(RocksDB.java:231)
	at org.apache.hadoop.utils.RocksDBStore.<init>(RocksDBStore.java:71)
	... 15 more
2019-06-13 20:08:00,983 ERROR utils.ContainerCache (ContainerCache.java:getDB(137)) - Error opening DB. Container:5 ContainerPath:/opt/src/hadoop-ozone/integration-test/target/test-dir/MiniOzoneClusterImpl-81045214-ddaf-49dc-b937-6952dc108bc6/datanode-0/data/containers/hdds/87ce7603-6886-4678-97fb-c6fe9dde4d32/current/containerDir0/5/metadata/5-dn-container.db
java.io.IOException: Failed init RocksDB, db path : /opt/src/hadoop-ozone/integration-test/target/test-dir/MiniOzoneClusterImpl-81045214-ddaf-49dc-b937-6952dc108bc6/datanode-0/data/containers/hdds/87ce7603-6886-4678-97fb-c6fe9dde4d32/current/containerDir0/5/metadata/5-dn-container.db
	at org.apache.hadoop.utils.RocksDBStore.<init>(RocksDBStore.java:87)
	at org.apache.hadoop.utils.MetadataStoreBuilder.build(MetadataStoreBuilder.java:137)
	at org.apache.hadoop.ozone.container.common.utils.ContainerCache.getDB(ContainerCache.java:129)
	at org.apache.hadoop.ozone.container.keyvalue.helpers.BlockUtils.getDB(BlockUtils.java:77)
	at org.apache.hadoop.ozone.container.keyvalue.statemachine.background.BlockDeletingService$BlockDeletingTask.call(BlockDeletingService.java:188)
	at org.apache.hadoop.ozone.container.keyvalue.statemachine.background.BlockDeletingService$BlockDeletingTask.call(BlockDeletingService.java:172)
	at java.util.concurrent.FutureTask.run(FutureTask.java:266)
	at java.util.concurrent.Executors$RunnableAdapter.call(Executors.java:511)
	at java.util.concurrent.FutureTask.run(FutureTask.java:266)
	at java.util.concurrent.Executors$RunnableAdapter.call(Executors.java:511)
	at java.util.concurrent.FutureTask.run(FutureTask.java:266)
	at java.util.concurrent.ScheduledThreadPoolExecutor$ScheduledFutureTask.access$201(ScheduledThreadPoolExecutor.java:180)
	at java.util.concurrent.ScheduledThreadPoolExecutor$ScheduledFutureTask.run(ScheduledThreadPoolExecutor.java:293)
	at java.util.concurrent.ThreadPoolExecutor.runWorker(ThreadPoolExecutor.java:1149)
	at java.util.concurrent.ThreadPoolExecutor$Worker.run(ThreadPoolExecutor.java:624)
	at java.lang.Thread.run(Thread.java:748)
Caused by: org.rocksdb.RocksDBException: While mkdir if missing: /opt/src/hadoop-ozone/integration-test/target/test-dir/MiniOzoneClusterImpl-81045214-ddaf-49dc-b937-6952dc108bc6/datanode-0/data/containers/hdds/87ce7603-6886-4678-97fb-c6fe9dde4d32/current/containerDir0/5/metadata/5-dn-container.db: No such file or directory
	at org.rocksdb.RocksDB.open(Native Method)
	at org.rocksdb.RocksDB.open(RocksDB.java:231)
	at org.apache.hadoop.utils.RocksDBStore.<init>(RocksDBStore.java:71)
	... 15 more
2019-06-13 20:08:00,984 WARN  utils.BackgroundService (BackgroundService.java:lambda$run$0(135)) - Background task fails to execute, retrying in next interval
java.util.concurrent.ExecutionException: org.apache.hadoop.hdds.scm.container.common.helpers.StorageContainerException: Error opening DB. Container:5 ContainerPath:/opt/src/hadoop-ozone/integration-test/target/test-dir/MiniOzoneClusterImpl-81045214-ddaf-49dc-b937-6952dc108bc6/datanode-0/data/containers/hdds/87ce7603-6886-4678-97fb-c6fe9dde4d32/current/containerDir0/5/metadata/5-dn-container.db
	at java.util.concurrent.FutureTask.report(FutureTask.java:122)
	at java.util.concurrent.FutureTask.get(FutureTask.java:206)
	at org.apache.hadoop.utils.BackgroundService$PeriodicalTask.lambda$run$0(BackgroundService.java:129)
	at java.util.stream.ForEachOps$ForEachOp$OfRef.accept(ForEachOps.java:184)
	at java.util.ArrayList$ArrayListSpliterator.forEachRemaining(ArrayList.java:1382)
	at java.util.stream.AbstractPipeline.copyInto(AbstractPipeline.java:482)
	at java.util.stream.ForEachOps$ForEachTask.compute(ForEachOps.java:291)
	at java.util.concurrent.CountedCompleter.exec(CountedCompleter.java:731)
	at java.util.concurrent.ForkJoinTask.doExec(ForkJoinTask.java:289)
	at java.util.concurrent.ForkJoinPool$WorkQueue.runTask(ForkJoinPool.java:1056)
	at java.util.concurrent.ForkJoinPool.runWorker(ForkJoinPool.java:1692)
	at java.util.concurrent.ForkJoinWorkerThread.run(ForkJoinWorkerThread.java:157)
Caused by: org.apache.hadoop.hdds.scm.container.common.helpers.StorageContainerException: Error opening DB. Container:5 ContainerPath:/opt/src/hadoop-ozone/integration-test/target/test-dir/MiniOzoneClusterImpl-81045214-ddaf-49dc-b937-6952dc108bc6/datanode-0/data/containers/hdds/87ce7603-6886-4678-97fb-c6fe9dde4d32/current/containerDir0/5/metadata/5-dn-container.db
	at org.apache.hadoop.ozone.container.keyvalue.helpers.BlockUtils.getDB(BlockUtils.java:84)
	at org.apache.hadoop.ozone.container.keyvalue.statemachine.background.BlockDeletingService$BlockDeletingTask.call(BlockDeletingService.java:188)
	at org.apache.hadoop.ozone.container.keyvalue.statemachine.background.BlockDeletingService$BlockDeletingTask.call(BlockDeletingService.java:172)
	at java.util.concurrent.FutureTask.run(FutureTask.java:266)
	at java.util.concurrent.Executors$RunnableAdapter.call(Executors.java:511)
	at java.util.concurrent.FutureTask.run(FutureTask.java:266)
	at java.util.concurrent.Executors$RunnableAdapter.call(Executors.java:511)
	at java.util.concurrent.FutureTask.run(FutureTask.java:266)
	at java.util.concurrent.ScheduledThreadPoolExecutor$ScheduledFutureTask.access$201(ScheduledThreadPoolExecutor.java:180)
	at java.util.concurrent.ScheduledThreadPoolExecutor$ScheduledFutureTask.run(ScheduledThreadPoolExecutor.java:293)
	at java.util.concurrent.ThreadPoolExecutor.runWorker(ThreadPoolExecutor.java:1149)
	at java.util.concurrent.ThreadPoolExecutor$Worker.run(ThreadPoolExecutor.java:624)
	at java.lang.Thread.run(Thread.java:748)
2019-06-13 20:08:00,984 ERROR utils.ContainerCache (ContainerCache.java:getDB(137)) - Error opening DB. Container:4 ContainerPath:/opt/src/hadoop-ozone/integration-test/target/test-dir/MiniOzoneClusterImpl-81045214-ddaf-49dc-b937-6952dc108bc6/datanode-0/data/containers/hdds/87ce7603-6886-4678-97fb-c6fe9dde4d32/current/containerDir0/4/metadata/4-dn-container.db
java.io.IOException: Failed init RocksDB, db path : /opt/src/hadoop-ozone/integration-test/target/test-dir/MiniOzoneClusterImpl-81045214-ddaf-49dc-b937-6952dc108bc6/datanode-0/data/containers/hdds/87ce7603-6886-4678-97fb-c6fe9dde4d32/current/containerDir0/4/metadata/4-dn-container.db
	at org.apache.hadoop.utils.RocksDBStore.<init>(RocksDBStore.java:87)
	at org.apache.hadoop.utils.MetadataStoreBuilder.build(MetadataStoreBuilder.java:137)
	at org.apache.hadoop.ozone.container.common.utils.ContainerCache.getDB(ContainerCache.java:129)
	at org.apache.hadoop.ozone.container.keyvalue.helpers.BlockUtils.getDB(BlockUtils.java:77)
	at org.apache.hadoop.ozone.container.keyvalue.statemachine.background.BlockDeletingService$BlockDeletingTask.call(BlockDeletingService.java:188)
	at org.apache.hadoop.ozone.container.keyvalue.statemachine.background.BlockDeletingService$BlockDeletingTask.call(BlockDeletingService.java:172)
	at java.util.concurrent.FutureTask.run(FutureTask.java:266)
	at java.util.concurrent.Executors$RunnableAdapter.call(Executors.java:511)
	at java.util.concurrent.FutureTask.run(FutureTask.java:266)
	at java.util.concurrent.Executors$RunnableAdapter.call(Executors.java:511)
	at java.util.concurrent.FutureTask.run(FutureTask.java:266)
	at java.util.concurrent.ScheduledThreadPoolExecutor$ScheduledFutureTask.access$201(ScheduledThreadPoolExecutor.java:180)
	at java.util.concurrent.ScheduledThreadPoolExecutor$ScheduledFutureTask.run(ScheduledThreadPoolExecutor.java:293)
	at java.util.concurrent.ThreadPoolExecutor.runWorker(ThreadPoolExecutor.java:1149)
	at java.util.concurrent.ThreadPoolExecutor$Worker.run(ThreadPoolExecutor.java:624)
	at java.lang.Thread.run(Thread.java:748)
Caused by: org.rocksdb.RocksDBException: While mkdir if missing: /opt/src/hadoop-ozone/integration-test/target/test-dir/MiniOzoneClusterImpl-81045214-ddaf-49dc-b937-6952dc108bc6/datanode-0/data/containers/hdds/87ce7603-6886-4678-97fb-c6fe9dde4d32/current/containerDir0/4/metadata/4-dn-container.db: No such file or directory
	at org.rocksdb.RocksDB.open(Native Method)
	at org.rocksdb.RocksDB.open(RocksDB.java:231)
	at org.apache.hadoop.utils.RocksDBStore.<init>(RocksDBStore.java:71)
	... 15 more
2019-06-13 20:08:00,985 WARN  utils.BackgroundService (BackgroundService.java:lambda$run$0(135)) - Background task fails to execute, retrying in next interval
java.util.concurrent.ExecutionException: org.apache.hadoop.hdds.scm.container.common.helpers.StorageContainerException: Error opening DB. Container:4 ContainerPath:/opt/src/hadoop-ozone/integration-test/target/test-dir/MiniOzoneClusterImpl-81045214-ddaf-49dc-b937-6952dc108bc6/datanode-0/data/containers/hdds/87ce7603-6886-4678-97fb-c6fe9dde4d32/current/containerDir0/4/metadata/4-dn-container.db
	at java.util.concurrent.FutureTask.report(FutureTask.java:122)
	at java.util.concurrent.FutureTask.get(FutureTask.java:206)
	at org.apache.hadoop.utils.BackgroundService$PeriodicalTask.lambda$run$0(BackgroundService.java:129)
	at java.util.stream.ForEachOps$ForEachOp$OfRef.accept(ForEachOps.java:184)
	at java.util.ArrayList$ArrayListSpliterator.forEachRemaining(ArrayList.java:1382)
	at java.util.stream.AbstractPipeline.copyInto(AbstractPipeline.java:482)
	at java.util.stream.ForEachOps$ForEachTask.compute(ForEachOps.java:291)
	at java.util.concurrent.CountedCompleter.exec(CountedCompleter.java:731)
	at java.util.concurrent.ForkJoinTask.doExec(ForkJoinTask.java:289)
	at java.util.concurrent.ForkJoinTask.doInvoke(ForkJoinTask.java:401)
	at java.util.concurrent.ForkJoinTask.invoke(ForkJoinTask.java:734)
	at java.util.stream.ForEachOps$ForEachOp.evaluateParallel(ForEachOps.java:160)
	at java.util.stream.ForEachOps$ForEachOp$OfRef.evaluateParallel(ForEachOps.java:174)
	at java.util.stream.AbstractPipeline.evaluate(AbstractPipeline.java:233)
	at java.util.stream.ReferencePipeline.forEach(ReferencePipeline.java:418)
	at java.util.stream.ReferencePipeline$Head.forEach(ReferencePipeline.java:583)
	at org.apache.hadoop.utils.BackgroundService$PeriodicalTask.run(BackgroundService.java:125)
	at java.util.concurrent.Executors$RunnableAdapter.call(Executors.java:511)
	at java.util.concurrent.FutureTask.runAndReset(FutureTask.java:308)
	at java.util.concurrent.ScheduledThreadPoolExecutor$ScheduledFutureTask.access$301(ScheduledThreadPoolExecutor.java:180)
	at java.util.concurrent.ScheduledThreadPoolExecutor$ScheduledFutureTask.run(ScheduledThreadPoolExecutor.java:294)
	at java.util.concurrent.ThreadPoolExecutor.runWorker(ThreadPoolExecutor.java:1149)
	at java.util.concurrent.ThreadPoolExecutor$Worker.run(ThreadPoolExecutor.java:624)
	at java.lang.Thread.run(Thread.java:748)
Caused by: org.apache.hadoop.hdds.scm.container.common.helpers.StorageContainerException: Error opening DB. Container:4 ContainerPath:/opt/src/hadoop-ozone/integration-test/target/test-dir/MiniOzoneClusterImpl-81045214-ddaf-49dc-b937-6952dc108bc6/datanode-0/data/containers/hdds/87ce7603-6886-4678-97fb-c6fe9dde4d32/current/containerDir0/4/metadata/4-dn-container.db
	at org.apache.hadoop.ozone.container.keyvalue.helpers.BlockUtils.getDB(BlockUtils.java:84)
	at org.apache.hadoop.ozone.container.keyvalue.statemachine.background.BlockDeletingService$BlockDeletingTask.call(BlockDeletingService.java:188)
	at org.apache.hadoop.ozone.container.keyvalue.statemachine.background.BlockDeletingService$BlockDeletingTask.call(BlockDeletingService.java:172)
	at java.util.concurrent.FutureTask.run(FutureTask.java:266)
	at java.util.concurrent.Executors$RunnableAdapter.call(Executors.java:511)
	at java.util.concurrent.FutureTask.run(FutureTask.java:266)
	at java.util.concurrent.Executors$RunnableAdapter.call(Executors.java:511)
	at java.util.concurrent.FutureTask.run(FutureTask.java:266)
	at java.util.concurrent.ScheduledThreadPoolExecutor$ScheduledFutureTask.access$201(ScheduledThreadPoolExecutor.java:180)
	at java.util.concurrent.ScheduledThreadPoolExecutor$ScheduledFutureTask.run(ScheduledThreadPoolExecutor.java:293)
	... 3 more
2019-06-13 20:08:00,985 WARN  utils.BackgroundService (BackgroundService.java:lambda$run$0(135)) - Background task fails to execute, retrying in next interval
java.util.concurrent.ExecutionException: org.apache.hadoop.hdds.scm.container.common.helpers.StorageContainerException: Error opening DB. Container:1 ContainerPath:/opt/src/hadoop-ozone/integration-test/target/test-dir/MiniOzoneClusterImpl-81045214-ddaf-49dc-b937-6952dc108bc6/datanode-0/data/containers/hdds/87ce7603-6886-4678-97fb-c6fe9dde4d32/current/containerDir0/1/metadata/1-dn-container.db
	at java.util.concurrent.FutureTask.report(FutureTask.java:122)
	at java.util.concurrent.FutureTask.get(FutureTask.java:206)
	at org.apache.hadoop.utils.BackgroundService$PeriodicalTask.lambda$run$0(BackgroundService.java:129)
	at java.util.stream.ForEachOps$ForEachOp$OfRef.accept(ForEachOps.java:184)
	at java.util.ArrayList$ArrayListSpliterator.forEachRemaining(ArrayList.java:1382)
	at java.util.stream.AbstractPipeline.copyInto(AbstractPipeline.java:482)
	at java.util.stream.ForEachOps$ForEachTask.compute(ForEachOps.java:291)
	at java.util.concurrent.CountedCompleter.exec(CountedCompleter.java:731)
	at java.util.concurrent.ForkJoinTask.doExec(ForkJoinTask.java:289)
	at java.util.concurrent.ForkJoinPool$WorkQueue.execLocalTasks(ForkJoinPool.java:1040)
	at java.util.concurrent.ForkJoinPool$WorkQueue.runTask(ForkJoinPool.java:1058)
	at java.util.concurrent.ForkJoinPool.runWorker(ForkJoinPool.java:1692)
	at java.util.concurrent.ForkJoinWorkerThread.run(ForkJoinWorkerThread.java:157)
Caused by: org.apache.hadoop.hdds.scm.container.common.helpers.StorageContainerException: Error opening DB. Container:1 ContainerPath:/opt/src/hadoop-ozone/integration-test/target/test-dir/MiniOzoneClusterImpl-81045214-ddaf-49dc-b937-6952dc108bc6/datanode-0/data/containers/hdds/87ce7603-6886-4678-97fb-c6fe9dde4d32/current/containerDir0/1/metadata/1-dn-container.db
	at org.apache.hadoop.ozone.container.keyvalue.helpers.BlockUtils.getDB(BlockUtils.java:84)
	at org.apache.hadoop.ozone.container.keyvalue.statemachine.background.BlockDeletingService$BlockDeletingTask.call(BlockDeletingService.java:188)
	at org.apache.hadoop.ozone.container.keyvalue.statemachine.background.BlockDeletingService$BlockDeletingTask.call(BlockDeletingService.java:172)
	at java.util.concurrent.FutureTask.run(FutureTask.java:266)
	at java.util.concurrent.Executors$RunnableAdapter.call(Executors.java:511)
	at java.util.concurrent.FutureTask.run(FutureTask.java:266)
	at java.util.concurrent.Executors$RunnableAdapter.call(Executors.java:511)
	at java.util.concurrent.FutureTask.run(FutureTask.java:266)
	at java.util.concurrent.ScheduledThreadPoolExecutor$ScheduledFutureTask.access$201(ScheduledThreadPoolExecutor.java:180)
	at java.util.concurrent.ScheduledThreadPoolExecutor$ScheduledFutureTask.run(ScheduledThreadPoolExecutor.java:293)
	at java.util.concurrent.ThreadPoolExecutor.runWorker(ThreadPoolExecutor.java:1149)
	at java.util.concurrent.ThreadPoolExecutor$Worker.run(ThreadPoolExecutor.java:624)
	at java.lang.Thread.run(Thread.java:748)
2019-06-13 20:08:00,985 ERROR utils.ContainerCache (ContainerCache.java:getDB(137)) - Error opening DB. Container:3 ContainerPath:/opt/src/hadoop-ozone/integration-test/target/test-dir/MiniOzoneClusterImpl-81045214-ddaf-49dc-b937-6952dc108bc6/datanode-0/data/containers/hdds/87ce7603-6886-4678-97fb-c6fe9dde4d32/current/containerDir0/3/metadata/3-dn-container.db
java.io.IOException: Failed init RocksDB, db path : /opt/src/hadoop-ozone/integration-test/target/test-dir/MiniOzoneClusterImpl-81045214-ddaf-49dc-b937-6952dc108bc6/datanode-0/data/containers/hdds/87ce7603-6886-4678-97fb-c6fe9dde4d32/current/containerDir0/3/metadata/3-dn-container.db
	at org.apache.hadoop.utils.RocksDBStore.<init>(RocksDBStore.java:87)
	at org.apache.hadoop.utils.MetadataStoreBuilder.build(MetadataStoreBuilder.java:137)
	at org.apache.hadoop.ozone.container.common.utils.ContainerCache.getDB(ContainerCache.java:129)
	at org.apache.hadoop.ozone.container.keyvalue.helpers.BlockUtils.getDB(BlockUtils.java:77)
	at org.apache.hadoop.ozone.container.keyvalue.statemachine.background.BlockDeletingService$BlockDeletingTask.call(BlockDeletingService.java:188)
	at org.apache.hadoop.ozone.container.keyvalue.statemachine.background.BlockDeletingService$BlockDeletingTask.call(BlockDeletingService.java:172)
	at java.util.concurrent.FutureTask.run(FutureTask.java:266)
	at java.util.concurrent.Executors$RunnableAdapter.call(Executors.java:511)
	at java.util.concurrent.FutureTask.run(FutureTask.java:266)
	at java.util.concurrent.Executors$RunnableAdapter.call(Executors.java:511)
	at java.util.concurrent.FutureTask.run(FutureTask.java:266)
	at java.util.concurrent.ScheduledThreadPoolExecutor$ScheduledFutureTask.access$201(ScheduledThreadPoolExecutor.java:180)
	at java.util.concurrent.ScheduledThreadPoolExecutor$ScheduledFutureTask.run(ScheduledThreadPoolExecutor.java:293)
	at java.util.concurrent.ThreadPoolExecutor.runWorker(ThreadPoolExecutor.java:1149)
	at java.util.concurrent.ThreadPoolExecutor$Worker.run(ThreadPoolExecutor.java:624)
	at java.lang.Thread.run(Thread.java:748)
Caused by: org.rocksdb.RocksDBException: While mkdir if missing: /opt/src/hadoop-ozone/integration-test/target/test-dir/MiniOzoneClusterImpl-81045214-ddaf-49dc-b937-6952dc108bc6/datanode-0/data/containers/hdds/87ce7603-6886-4678-97fb-c6fe9dde4d32/current/containerDir0/3/metadata/3-dn-container.db: No such file or directory
	at org.rocksdb.RocksDB.open(Native Method)
	at org.rocksdb.RocksDB.open(RocksDB.java:231)
	at org.apache.hadoop.utils.RocksDBStore.<init>(RocksDBStore.java:71)
	... 15 more
2019-06-13 20:08:00,987 WARN  utils.BackgroundService (BackgroundService.java:lambda$run$0(135)) - Background task fails to execute, retrying in next interval
java.util.concurrent.ExecutionException: org.apache.hadoop.hdds.scm.container.common.helpers.StorageContainerException: Error opening DB. Container:3 ContainerPath:/opt/src/hadoop-ozone/integration-test/target/test-dir/MiniOzoneClusterImpl-81045214-ddaf-49dc-b937-6952dc108bc6/datanode-0/data/containers/hdds/87ce7603-6886-4678-97fb-c6fe9dde4d32/current/containerDir0/3/metadata/3-dn-container.db
	at java.util.concurrent.FutureTask.report(FutureTask.java:122)
	at java.util.concurrent.FutureTask.get(FutureTask.java:206)
	at org.apache.hadoop.utils.BackgroundService$PeriodicalTask.lambda$run$0(BackgroundService.java:129)
	at java.util.stream.ForEachOps$ForEachOp$OfRef.accept(ForEachOps.java:184)
	at java.util.ArrayList$ArrayListSpliterator.forEachRemaining(ArrayList.java:1382)
	at java.util.stream.AbstractPipeline.copyInto(AbstractPipeline.java:482)
	at java.util.stream.ForEachOps$ForEachTask.compute(ForEachOps.java:291)
	at java.util.concurrent.CountedCompleter.exec(CountedCompleter.java:731)
	at java.util.concurrent.ForkJoinTask.doExec(ForkJoinTask.java:289)
	at java.util.concurrent.ForkJoinPool$WorkQueue.runTask(ForkJoinPool.java:1056)
	at java.util.concurrent.ForkJoinPool.runWorker(ForkJoinPool.java:1692)
	at java.util.concurrent.ForkJoinWorkerThread.run(ForkJoinWorkerThread.java:157)
Caused by: org.apache.hadoop.hdds.scm.container.common.helpers.StorageContainerException: Error opening DB. Container:3 ContainerPath:/opt/src/hadoop-ozone/integration-test/target/test-dir/MiniOzoneClusterImpl-81045214-ddaf-49dc-b937-6952dc108bc6/datanode-0/data/containers/hdds/87ce7603-6886-4678-97fb-c6fe9dde4d32/current/containerDir0/3/metadata/3-dn-container.db
	at org.apache.hadoop.ozone.container.keyvalue.helpers.BlockUtils.getDB(BlockUtils.java:84)
	at org.apache.hadoop.ozone.container.keyvalue.statemachine.background.BlockDeletingService$BlockDeletingTask.call(BlockDeletingService.java:188)
	at org.apache.hadoop.ozone.container.keyvalue.statemachine.background.BlockDeletingService$BlockDeletingTask.call(BlockDeletingService.java:172)
	at java.util.concurrent.FutureTask.run(FutureTask.java:266)
	at java.util.concurrent.Executors$RunnableAdapter.call(Executors.java:511)
	at java.util.concurrent.FutureTask.run(FutureTask.java:266)
	at java.util.concurrent.Executors$RunnableAdapter.call(Executors.java:511)
	at java.util.concurrent.FutureTask.run(FutureTask.java:266)
	at java.util.concurrent.ScheduledThreadPoolExecutor$ScheduledFutureTask.access$201(ScheduledThreadPoolExecutor.java:180)
	at java.util.concurrent.ScheduledThreadPoolExecutor$ScheduledFutureTask.run(ScheduledThreadPoolExecutor.java:293)
	at java.util.concurrent.ThreadPoolExecutor.runWorker(ThreadPoolExecutor.java:1149)
	at java.util.concurrent.ThreadPoolExecutor$Worker.run(ThreadPoolExecutor.java:624)
	at java.lang.Thread.run(Thread.java:748)
2019-06-13 20:08:00,987 ERROR utils.ContainerCache (ContainerCache.java:getDB(137)) - Error opening DB. Container:2 ContainerPath:/opt/src/hadoop-ozone/integration-test/target/test-dir/MiniOzoneClusterImpl-81045214-ddaf-49dc-b937-6952dc108bc6/datanode-0/data/containers/hdds/87ce7603-6886-4678-97fb-c6fe9dde4d32/current/containerDir0/2/metadata/2-dn-container.db
java.io.IOException: Failed init RocksDB, db path : /opt/src/hadoop-ozone/integration-test/target/test-dir/MiniOzoneClusterImpl-81045214-ddaf-49dc-b937-6952dc108bc6/datanode-0/data/containers/hdds/87ce7603-6886-4678-97fb-c6fe9dde4d32/current/containerDir0/2/metadata/2-dn-container.db
	at org.apache.hadoop.utils.RocksDBStore.<init>(RocksDBStore.java:87)
	at org.apache.hadoop.utils.MetadataStoreBuilder.build(MetadataStoreBuilder.java:137)
	at org.apache.hadoop.ozone.container.common.utils.ContainerCache.getDB(ContainerCache.java:129)
	at org.apache.hadoop.ozone.container.keyvalue.helpers.BlockUtils.getDB(BlockUtils.java:77)
	at org.apache.hadoop.ozone.container.keyvalue.statemachine.background.BlockDeletingService$BlockDeletingTask.call(BlockDeletingService.java:188)
	at org.apache.hadoop.ozone.container.keyvalue.statemachine.background.BlockDeletingService$BlockDeletingTask.call(BlockDeletingService.java:172)
	at java.util.concurrent.FutureTask.run(FutureTask.java:266)
	at java.util.concurrent.Executors$RunnableAdapter.call(Executors.java:511)
	at java.util.concurrent.FutureTask.run(FutureTask.java:266)
	at java.util.concurrent.Executors$RunnableAdapter.call(Executors.java:511)
	at java.util.concurrent.FutureTask.run(FutureTask.java:266)
	at java.util.concurrent.ScheduledThreadPoolExecutor$ScheduledFutureTask.access$201(ScheduledThreadPoolExecutor.java:180)
	at java.util.concurrent.ScheduledThreadPoolExecutor$ScheduledFutureTask.run(ScheduledThreadPoolExecutor.java:293)
	at java.util.concurrent.ThreadPoolExecutor.runWorker(ThreadPoolExecutor.java:1149)
	at java.util.concurrent.ThreadPoolExecutor$Worker.run(ThreadPoolExecutor.java:624)
	at java.lang.Thread.run(Thread.java:748)
Caused by: org.rocksdb.RocksDBException: While mkdir if missing: /opt/src/hadoop-ozone/integration-test/target/test-dir/MiniOzoneClusterImpl-81045214-ddaf-49dc-b937-6952dc108bc6/datanode-0/data/containers/hdds/87ce7603-6886-4678-97fb-c6fe9dde4d32/current/containerDir0/2/metadata/2-dn-container.db: No such file or directory
	at org.rocksdb.RocksDB.open(Native Method)
	at org.rocksdb.RocksDB.open(RocksDB.java:231)
	at org.apache.hadoop.utils.RocksDBStore.<init>(RocksDBStore.java:71)
	... 15 more
2019-06-13 20:08:00,988 WARN  utils.BackgroundService (BackgroundService.java:lambda$run$0(135)) - Background task fails to execute, retrying in next interval
java.util.concurrent.ExecutionException: org.apache.hadoop.hdds.scm.container.common.helpers.StorageContainerException: Error opening DB. Container:2 ContainerPath:/opt/src/hadoop-ozone/integration-test/target/test-dir/MiniOzoneClusterImpl-81045214-ddaf-49dc-b937-6952dc108bc6/datanode-0/data/containers/hdds/87ce7603-6886-4678-97fb-c6fe9dde4d32/current/containerDir0/2/metadata/2-dn-container.db
	at java.util.concurrent.FutureTask.report(FutureTask.java:122)
	at java.util.concurrent.FutureTask.get(FutureTask.java:206)
	at org.apache.hadoop.utils.BackgroundService$PeriodicalTask.lambda$run$0(BackgroundService.java:129)
	at java.util.stream.ForEachOps$ForEachOp$OfRef.accept(ForEachOps.java:184)
	at java.util.ArrayList$ArrayListSpliterator.forEachRemaining(ArrayList.java:1382)
	at java.util.stream.AbstractPipeline.copyInto(AbstractPipeline.java:482)
	at java.util.stream.ForEachOps$ForEachTask.compute(ForEachOps.java:291)
	at java.util.concurrent.CountedCompleter.exec(CountedCompleter.java:731)
	at java.util.concurrent.ForkJoinTask.doExec(ForkJoinTask.java:289)
	at java.util.concurrent.ForkJoinPool.helpComplete(ForkJoinPool.java:1870)
	at java.util.concurrent.ForkJoinPool.externalHelpComplete(ForkJoinPool.java:2467)
	at java.util.concurrent.ForkJoinTask.externalAwaitDone(ForkJoinTask.java:324)
	at java.util.concurrent.ForkJoinTask.doInvoke(ForkJoinTask.java:405)
	at java.util.concurrent.ForkJoinTask.invoke(ForkJoinTask.java:734)
	at java.util.stream.ForEachOps$ForEachOp.evaluateParallel(ForEachOps.java:160)
	at java.util.stream.ForEachOps$ForEachOp$OfRef.evaluateParallel(ForEachOps.java:174)
	at java.util.stream.AbstractPipeline.evaluate(AbstractPipeline.java:233)
	at java.util.stream.ReferencePipeline.forEach(ReferencePipeline.java:418)
	at java.util.stream.ReferencePipeline$Head.forEach(ReferencePipeline.java:583)
	at org.apache.hadoop.utils.BackgroundService$PeriodicalTask.run(BackgroundService.java:125)
	at java.util.concurrent.Executors$RunnableAdapter.call(Executors.java:511)
	at java.util.concurrent.FutureTask.runAndReset(FutureTask.java:308)
	at java.util.concurrent.ScheduledThreadPoolExecutor$ScheduledFutureTask.access$301(ScheduledThreadPoolExecutor.java:180)
	at java.util.concurrent.ScheduledThreadPoolExecutor$ScheduledFutureTask.run(ScheduledThreadPoolExecutor.java:294)
	at java.util.concurrent.ThreadPoolExecutor.runWorker(ThreadPoolExecutor.java:1149)
	at java.util.concurrent.ThreadPoolExecutor$Worker.run(ThreadPoolExecutor.java:624)
	at java.lang.Thread.run(Thread.java:748)
Caused by: org.apache.hadoop.hdds.scm.container.common.helpers.StorageContainerException: Error opening DB. Container:2 ContainerPath:/opt/src/hadoop-ozone/integration-test/target/test-dir/MiniOzoneClusterImpl-81045214-ddaf-49dc-b937-6952dc108bc6/datanode-0/data/containers/hdds/87ce7603-6886-4678-97fb-c6fe9dde4d32/current/containerDir0/2/metadata/2-dn-container.db
	at org.apache.hadoop.ozone.container.keyvalue.helpers.BlockUtils.getDB(BlockUtils.java:84)
	at org.apache.hadoop.ozone.container.keyvalue.statemachine.background.BlockDeletingService$BlockDeletingTask.call(BlockDeletingService.java:188)
	at org.apache.hadoop.ozone.container.keyvalue.statemachine.background.BlockDeletingService$BlockDeletingTask.call(BlockDeletingService.java:172)
	at java.util.concurrent.FutureTask.run(FutureTask.java:266)
	at java.util.concurrent.Executors$RunnableAdapter.call(Executors.java:511)
	at java.util.concurrent.FutureTask.run(FutureTask.java:266)
	at java.util.concurrent.Executors$RunnableAdapter.call(Executors.java:511)
	at java.util.concurrent.FutureTask.run(FutureTask.java:266)
	at java.util.concurrent.ScheduledThreadPoolExecutor$ScheduledFutureTask.access$201(ScheduledThreadPoolExecutor.java:180)
	at java.util.concurrent.ScheduledThreadPoolExecutor$ScheduledFutureTask.run(ScheduledThreadPoolExecutor.java:293)
	... 3 more
2019-06-13 20:08:01,052 INFO  ozone.MiniOzoneClusterImpl (MiniOzoneClusterImpl.java:lambda$waitForClusterToBeReady$0(142)) - Waiting for cluster to be ready. Got 0 of 1 DN Heartbeats.
2019-06-13 20:08:01,055 INFO  node.SCMNodeManager (SCMNodeManager.java:register(234)) - Registered Data node : 1da07f04-5531-47d2-acef-5c8f4245ff76{ip: 192.168.46.24, host: ozone-d8fz6-1684193631, networkLocation: /default-rack, certSerialId: null}
2019-06-13 20:08:01,057 INFO  safemode.SCMSafeModeManager (DataNodeSafeModeRule.java:process(71)) - SCM in safe mode. 1 DataNodes registered, 1 required.
2019-06-13 20:08:01,059 INFO  safemode.SCMSafeModeManager (SCMSafeModeManager.java:validateSafeModeExitRules(177)) - ScmSafeModeManager, all rules are successfully validated
2019-06-13 20:08:01,059 INFO  safemode.SCMSafeModeManager (SCMSafeModeManager.java:exitSafeMode(193)) - SCM exiting safe mode.
2019-06-13 20:08:01,069 INFO  impl.RaftServerProxy (RaftServerProxy.java:addNew(89)) - 1da07f04-5531-47d2-acef-5c8f4245ff76: addNew group-1A8BD91B77C4:[1da07f04-5531-47d2-acef-5c8f4245ff76:192.168.46.24:37075] returns group-1A8BD91B77C4:java.util.concurrent.CompletableFuture@1daabfc3[Not completed]
2019-06-13 20:08:01,069 INFO  impl.RaftServerImpl (RaftServerImpl.java:<init>(91)) - 1da07f04-5531-47d2-acef-5c8f4245ff76: new RaftServerImpl for group-1A8BD91B77C4:[1da07f04-5531-47d2-acef-5c8f4245ff76:192.168.46.24:37075] with ContainerStateMachine:uninitialized
2019-06-13 20:08:01,070 INFO  server.RaftServerConfigKeys (ConfUtils.java:logGet(43)) - raft.server.rpc.timeout.min = 1s (custom)
2019-06-13 20:08:01,070 INFO  server.RaftServerConfigKeys (ConfUtils.java:logGet(43)) - raft.server.rpc.timeout.max = 1200ms (custom)
2019-06-13 20:08:01,070 INFO  server.RaftServerConfigKeys (ConfUtils.java:logGet(43)) - raft.server.rpcslowness.timeout = 120s (custom)
2019-06-13 20:08:01,070 INFO  server.RaftServerConfigKeys (ConfUtils.java:logGet(43)) - raft.server.log.appender.install.snapshot.enabled = true (default)
2019-06-13 20:08:01,070 INFO  impl.RaftServerImpl (ServerState.java:<init>(101)) - 1da07f04-5531-47d2-acef-5c8f4245ff76:group-1A8BD91B77C4 ConfigurationManager, init=-1: [1da07f04-5531-47d2-acef-5c8f4245ff76:192.168.46.24:37075], old=null, confs=<EMPTY_MAP>
2019-06-13 20:08:01,071 INFO  server.RaftServerConfigKeys (ConfUtils.java:logGet(43)) - raft.server.storage.dir = [/opt/src/hadoop-ozone/integration-test/target/test-dir/MiniOzoneClusterImpl-6a7d0f93-8e59-4dc1-8e96-222b93fcb387/datanode-0/data/ratis] (custom)
2019-06-13 20:08:01,071 INFO  storage.RaftStorageDirectory (RaftStorageDirectory.java:analyzeStorage(246)) - The storage directory /opt/src/hadoop-ozone/integration-test/target/test-dir/MiniOzoneClusterImpl-6a7d0f93-8e59-4dc1-8e96-222b93fcb387/datanode-0/data/ratis/7b410d46-b83b-43c1-92cb-1a8bd91b77c4 does not exist. Creating ...
2019-06-13 20:08:01,073 INFO  storage.RaftStorageDirectory (RaftStorageDirectory.java:tryLock(328)) - Lock on /opt/src/hadoop-ozone/integration-test/target/test-dir/MiniOzoneClusterImpl-6a7d0f93-8e59-4dc1-8e96-222b93fcb387/datanode-0/data/ratis/7b410d46-b83b-43c1-92cb-1a8bd91b77c4/in_use.lock acquired by nodename 29793@ozone-d8fz6-1684193631
2019-06-13 20:08:01,076 INFO  storage.RaftStorage (RaftStorage.java:format(75)) - Storage directory /opt/src/hadoop-ozone/integration-test/target/test-dir/MiniOzoneClusterImpl-6a7d0f93-8e59-4dc1-8e96-222b93fcb387/datanode-0/data/ratis/7b410d46-b83b-43c1-92cb-1a8bd91b77c4 has been successfully formatted.
2019-06-13 20:08:01,076 INFO  ratis.ContainerStateMachine (ContainerStateMachine.java:loadSnapshot(199)) - The snapshot info is null.Setting the last applied index to:(t:0, i:~)
2019-06-13 20:08:01,077 INFO  server.RaftServerConfigKeys (ConfUtils.java:logGet(43)) - raft.server.leader.election.timeout = 120s (custom)
2019-06-13 20:08:01,077 INFO  server.RaftServerConfigKeys (ConfUtils.java:logGet(43)) - raft.server.log.use.memory = false (default)
2019-06-13 20:08:01,077 INFO  server.RaftServerConfigKeys (ConfUtils.java:logGet(43)) - raft.server.log.appender.buffer.byte-limit = 33554432 (custom)
2019-06-13 20:08:01,077 INFO  server.RaftServerConfigKeys (ConfUtils.java:logGet(43)) - raft.server.log.segment.size.max = 16384 (custom)
2019-06-13 20:08:01,077 INFO  server.RaftServerConfigKeys (ConfUtils.java:logGet(43)) - raft.server.log.segment.cache.num.max = 2 (custom)
2019-06-13 20:08:01,077 INFO  storage.RaftLogWorker (RaftLogWorker.java:<init>(123)) - new 1da07f04-5531-47d2-acef-5c8f4245ff76-RaftLogWorker for Storage Directory /opt/src/hadoop-ozone/integration-test/target/test-dir/MiniOzoneClusterImpl-6a7d0f93-8e59-4dc1-8e96-222b93fcb387/datanode-0/data/ratis/7b410d46-b83b-43c1-92cb-1a8bd91b77c4
2019-06-13 20:08:01,077 INFO  server.RaftServerConfigKeys (ConfUtils.java:logGet(43)) - raft.server.log.queue.byte-limit = 2147483647 (custom)
2019-06-13 20:08:01,077 INFO  server.RaftServerConfigKeys (ConfUtils.java:logGet(43)) - raft.server.log.queue.element-limit = 1024 (custom)
2019-06-13 20:08:01,078 INFO  server.RaftServerConfigKeys (ConfUtils.java:logGet(43)) - raft.server.log.segment.size.max = 16384 (custom)
2019-06-13 20:08:01,078 INFO  server.RaftServerConfigKeys (ConfUtils.java:logGet(43)) - raft.server.log.preallocated.size = 16384 (custom)
2019-06-13 20:08:01,078 INFO  server.RaftServerConfigKeys (ConfUtils.java:logGet(43)) - raft.server.log.write.buffer.size = 33554432 (custom)
2019-06-13 20:08:01,078 INFO  server.RaftServerConfigKeys (ConfUtils.java:logGet(43)) - raft.server.log.force.sync.num = 128 (default)
2019-06-13 20:08:01,078 INFO  server.RaftServerConfigKeys (ConfUtils.java:logGet(43)) - raft.server.log.statemachine.data.sync = true (default)
2019-06-13 20:08:01,078 INFO  server.RaftServerConfigKeys (ConfUtils.java:logGet(43)) - raft.server.log.statemachine.data.sync.timeout = 10s (default)
2019-06-13 20:08:01,078 INFO  server.RaftServerConfigKeys (ConfUtils.java:logGet(43)) - raft.server.log.statemachine.data.sync.timeout.retry = -1 (default)
2019-06-13 20:08:01,078 INFO  server.RaftServerConfigKeys (ConfUtils.java:logGet(43)) - raft.server.log.statemachine.data.caching.enabled = true (custom)
2019-06-13 20:08:01,079 INFO  server.RaftServerConfigKeys (ConfUtils.java:logGet(43)) - raft.server.snapshot.auto.trigger.enabled = true (custom)
2019-06-13 20:08:01,079 INFO  server.RaftServerConfigKeys (ConfUtils.java:logGet(43)) - raft.server.snapshot.auto.trigger.threshold = 10000 (custom)
2019-06-13 20:08:01,079 INFO  server.RaftServerConfigKeys (ConfUtils.java:logGet(43)) - raft.server.retrycache.expirytime = 600000ms (custom)
2019-06-13 20:08:01,079 INFO  impl.RaftServerImpl (RaftServerImpl.java:start(173)) - 1da07f04-5531-47d2-acef-5c8f4245ff76: start group-1A8BD91B77C4
2019-06-13 20:08:01,079 INFO  impl.RaftServerImpl (RaftServerImpl.java:setRole(164)) - 1da07f04-5531-47d2-acef-5c8f4245ff76:group-1A8BD91B77C4 changes role from null to FOLLOWER at term 0 for startAsFollower
2019-06-13 20:08:01,079 INFO  impl.RoleInfo (RoleInfo.java:updateAndGet(143)) - 1da07f04-5531-47d2-acef-5c8f4245ff76: start FollowerState
2019-06-13 20:08:01,080 INFO  util.JmxRegister (JmxRegister.java:tryRegister(44)) - Successfully registered JMX Bean with object name Ratis:service=RaftServer,group=group-1A8BD91B77C4,id=1da07f04-5531-47d2-acef-5c8f4245ff76
2019-06-13 20:08:01,085 INFO  pipeline.PipelineStateManager (PipelineStateManager.java:addPipeline(56)) - Created pipeline Pipeline[ Id: 7b410d46-b83b-43c1-92cb-1a8bd91b77c4, Nodes: 1da07f04-5531-47d2-acef-5c8f4245ff76{ip: 192.168.46.24, host: ozone-d8fz6-1684193631, networkLocation: /default-rack, certSerialId: null}, Type:RATIS, Factor:ONE, State:OPEN]
2019-06-13 20:08:01,989 INFO  background.BlockDeletingService (BlockDeletingService.java:getTasks(123)) - Plan to choose 10 containers for block deletion, actually returns 5 valid containers.
2019-06-13 20:08:01,990 ERROR utils.ContainerCache (ContainerCache.java:getDB(137)) - Error opening DB. Container:1 ContainerPath:/opt/src/hadoop-ozone/integration-test/target/test-dir/MiniOzoneClusterImpl-81045214-ddaf-49dc-b937-6952dc108bc6/datanode-0/data/containers/hdds/87ce7603-6886-4678-97fb-c6fe9dde4d32/current/containerDir0/1/metadata/1-dn-container.db
java.io.IOException: Failed init RocksDB, db path : /opt/src/hadoop-ozone/integration-test/target/test-dir/MiniOzoneClusterImpl-81045214-ddaf-49dc-b937-6952dc108bc6/datanode-0/data/containers/hdds/87ce7603-6886-4678-97fb-c6fe9dde4d32/current/containerDir0/1/metadata/1-dn-container.db
	at org.apache.hadoop.utils.RocksDBStore.<init>(RocksDBStore.java:87)
	at org.apache.hadoop.utils.MetadataStoreBuilder.build(MetadataStoreBuilder.java:137)
	at org.apache.hadoop.ozone.container.common.utils.ContainerCache.getDB(ContainerCache.java:129)
	at org.apache.hadoop.ozone.container.keyvalue.helpers.BlockUtils.getDB(BlockUtils.java:77)
	at org.apache.hadoop.ozone.container.keyvalue.statemachine.background.BlockDeletingService$BlockDeletingTask.call(BlockDeletingService.java:188)
	at org.apache.hadoop.ozone.container.keyvalue.statemachine.background.BlockDeletingService$BlockDeletingTask.call(BlockDeletingService.java:172)
	at java.util.concurrent.FutureTask.run(FutureTask.java:266)
	at java.util.concurrent.Executors$RunnableAdapter.call(Executors.java:511)
	at java.util.concurrent.FutureTask.run(FutureTask.java:266)
	at java.util.concurrent.Executors$RunnableAdapter.call(Executors.java:511)
	at java.util.concurrent.FutureTask.run(FutureTask.java:266)
	at java.util.concurrent.ScheduledThreadPoolExecutor$ScheduledFutureTask.access$201(ScheduledThreadPoolExecutor.java:180)
	at java.util.concurrent.ScheduledThreadPoolExecutor$ScheduledFutureTask.run(ScheduledThreadPoolExecutor.java:293)
	at java.util.concurrent.ThreadPoolExecutor.runWorker(ThreadPoolExecutor.java:1149)
	at java.util.concurrent.ThreadPoolExecutor$Worker.run(ThreadPoolExecutor.java:624)
	at java.lang.Thread.run(Thread.java:748)
Caused by: org.rocksdb.RocksDBException: While mkdir if missing: /opt/src/hadoop-ozone/integration-test/target/test-dir/MiniOzoneClusterImpl-81045214-ddaf-49dc-b937-6952dc108bc6/datanode-0/data/containers/hdds/87ce7603-6886-4678-97fb-c6fe9dde4d32/current/containerDir0/1/metadata/1-dn-container.db: No such file or directory
	at org.rocksdb.RocksDB.open(Native Method)
	at org.rocksdb.RocksDB.open(RocksDB.java:231)
	at org.apache.hadoop.utils.RocksDBStore.<init>(RocksDBStore.java:71)
	... 15 more
2019-06-13 20:08:01,990 ERROR utils.ContainerCache (ContainerCache.java:getDB(137)) - Error opening DB. Container:5 ContainerPath:/opt/src/hadoop-ozone/integration-test/target/test-dir/MiniOzoneClusterImpl-81045214-ddaf-49dc-b937-6952dc108bc6/datanode-0/data/containers/hdds/87ce7603-6886-4678-97fb-c6fe9dde4d32/current/containerDir0/5/metadata/5-dn-container.db
java.io.IOException: Failed init RocksDB, db path : /opt/src/hadoop-ozone/integration-test/target/test-dir/MiniOzoneClusterImpl-81045214-ddaf-49dc-b937-6952dc108bc6/datanode-0/data/containers/hdds/87ce7603-6886-4678-97fb-c6fe9dde4d32/current/containerDir0/5/metadata/5-dn-container.db
	at org.apache.hadoop.utils.RocksDBStore.<init>(RocksDBStore.java:87)
	at org.apache.hadoop.utils.MetadataStoreBuilder.build(MetadataStoreBuilder.java:137)
	at org.apache.hadoop.ozone.container.common.utils.ContainerCache.getDB(ContainerCache.java:129)
	at org.apache.hadoop.ozone.container.keyvalue.helpers.BlockUtils.getDB(BlockUtils.java:77)
	at org.apache.hadoop.ozone.container.keyvalue.statemachine.background.BlockDeletingService$BlockDeletingTask.call(BlockDeletingService.java:188)
	at org.apache.hadoop.ozone.container.keyvalue.statemachine.background.BlockDeletingService$BlockDeletingTask.call(BlockDeletingService.java:172)
	at java.util.concurrent.FutureTask.run(FutureTask.java:266)
	at java.util.concurrent.Executors$RunnableAdapter.call(Executors.java:511)
	at java.util.concurrent.FutureTask.run(FutureTask.java:266)
	at java.util.concurrent.Executors$RunnableAdapter.call(Executors.java:511)
	at java.util.concurrent.FutureTask.run(FutureTask.java:266)
	at java.util.concurrent.ScheduledThreadPoolExecutor$ScheduledFutureTask.access$201(ScheduledThreadPoolExecutor.java:180)
	at java.util.concurrent.ScheduledThreadPoolExecutor$ScheduledFutureTask.run(ScheduledThreadPoolExecutor.java:293)
	at java.util.concurrent.ThreadPoolExecutor.runWorker(ThreadPoolExecutor.java:1149)
	at java.util.concurrent.ThreadPoolExecutor$Worker.run(ThreadPoolExecutor.java:624)
	at java.lang.Thread.run(Thread.java:748)
Caused by: org.rocksdb.RocksDBException: While mkdir if missing: /opt/src/hadoop-ozone/integration-test/target/test-dir/MiniOzoneClusterImpl-81045214-ddaf-49dc-b937-6952dc108bc6/datanode-0/data/containers/hdds/87ce7603-6886-4678-97fb-c6fe9dde4d32/current/containerDir0/5/metadata/5-dn-container.db: No such file or directory
	at org.rocksdb.RocksDB.open(Native Method)
	at org.rocksdb.RocksDB.open(RocksDB.java:231)
	at org.apache.hadoop.utils.RocksDBStore.<init>(RocksDBStore.java:71)
	... 15 more
2019-06-13 20:08:01,991 WARN  utils.BackgroundService (BackgroundService.java:lambda$run$0(135)) - Background task fails to execute, retrying in next interval
java.util.concurrent.ExecutionException: org.apache.hadoop.hdds.scm.container.common.helpers.StorageContainerException: Error opening DB. Container:5 ContainerPath:/opt/src/hadoop-ozone/integration-test/target/test-dir/MiniOzoneClusterImpl-81045214-ddaf-49dc-b937-6952dc108bc6/datanode-0/data/containers/hdds/87ce7603-6886-4678-97fb-c6fe9dde4d32/current/containerDir0/5/metadata/5-dn-container.db
	at java.util.concurrent.FutureTask.report(FutureTask.java:122)
	at java.util.concurrent.FutureTask.get(FutureTask.java:206)
	at org.apache.hadoop.utils.BackgroundService$PeriodicalTask.lambda$run$0(BackgroundService.java:129)
	at java.util.stream.ForEachOps$ForEachOp$OfRef.accept(ForEachOps.java:184)
	at java.util.ArrayList$ArrayListSpliterator.forEachRemaining(ArrayList.java:1382)
	at java.util.stream.AbstractPipeline.copyInto(AbstractPipeline.java:482)
	at java.util.stream.ForEachOps$ForEachTask.compute(ForEachOps.java:291)
	at java.util.concurrent.CountedCompleter.exec(CountedCompleter.java:731)
	at java.util.concurrent.ForkJoinTask.doExec(ForkJoinTask.java:289)
	at java.util.concurrent.ForkJoinPool$WorkQueue.runTask(ForkJoinPool.java:1056)
	at java.util.concurrent.ForkJoinPool.runWorker(ForkJoinPool.java:1692)
	at java.util.concurrent.ForkJoinWorkerThread.run(ForkJoinWorkerThread.java:157)
Caused by: org.apache.hadoop.hdds.scm.container.common.helpers.StorageContainerException: Error opening DB. Container:5 ContainerPath:/opt/src/hadoop-ozone/integration-test/target/test-dir/MiniOzoneClusterImpl-81045214-ddaf-49dc-b937-6952dc108bc6/datanode-0/data/containers/hdds/87ce7603-6886-4678-97fb-c6fe9dde4d32/current/containerDir0/5/metadata/5-dn-container.db
	at org.apache.hadoop.ozone.container.keyvalue.helpers.BlockUtils.getDB(BlockUtils.java:84)
	at org.apache.hadoop.ozone.container.keyvalue.statemachine.background.BlockDeletingService$BlockDeletingTask.call(BlockDeletingService.java:188)
	at org.apache.hadoop.ozone.container.keyvalue.statemachine.background.BlockDeletingService$BlockDeletingTask.call(BlockDeletingService.java:172)
	at java.util.concurrent.FutureTask.run(FutureTask.java:266)
	at java.util.concurrent.Executors$RunnableAdapter.call(Executors.java:511)
	at java.util.concurrent.FutureTask.run(FutureTask.java:266)
	at java.util.concurrent.Executors$RunnableAdapter.call(Executors.java:511)
	at java.util.concurrent.FutureTask.run(FutureTask.java:266)
	at java.util.concurrent.ScheduledThreadPoolExecutor$ScheduledFutureTask.access$201(ScheduledThreadPoolExecutor.java:180)
	at java.util.concurrent.ScheduledThreadPoolExecutor$ScheduledFutureTask.run(ScheduledThreadPoolExecutor.java:293)
	at java.util.concurrent.ThreadPoolExecutor.runWorker(ThreadPoolExecutor.java:1149)
	at java.util.concurrent.ThreadPoolExecutor$Worker.run(ThreadPoolExecutor.java:624)
	at java.lang.Thread.run(Thread.java:748)
2019-06-13 20:08:01,991 ERROR utils.ContainerCache (ContainerCache.java:getDB(137)) - Error opening DB. Container:4 ContainerPath:/opt/src/hadoop-ozone/integration-test/target/test-dir/MiniOzoneClusterImpl-81045214-ddaf-49dc-b937-6952dc108bc6/datanode-0/data/containers/hdds/87ce7603-6886-4678-97fb-c6fe9dde4d32/current/containerDir0/4/metadata/4-dn-container.db
java.io.IOException: Failed init RocksDB, db path : /opt/src/hadoop-ozone/integration-test/target/test-dir/MiniOzoneClusterImpl-81045214-ddaf-49dc-b937-6952dc108bc6/datanode-0/data/containers/hdds/87ce7603-6886-4678-97fb-c6fe9dde4d32/current/containerDir0/4/metadata/4-dn-container.db
	at org.apache.hadoop.utils.RocksDBStore.<init>(RocksDBStore.java:87)
	at org.apache.hadoop.utils.MetadataStoreBuilder.build(MetadataStoreBuilder.java:137)
	at org.apache.hadoop.ozone.container.common.utils.ContainerCache.getDB(ContainerCache.java:129)
	at org.apache.hadoop.ozone.container.keyvalue.helpers.BlockUtils.getDB(BlockUtils.java:77)
	at org.apache.hadoop.ozone.container.keyvalue.statemachine.background.BlockDeletingService$BlockDeletingTask.call(BlockDeletingService.java:188)
	at org.apache.hadoop.ozone.container.keyvalue.statemachine.background.BlockDeletingService$BlockDeletingTask.call(BlockDeletingService.java:172)
	at java.util.concurrent.FutureTask.run(FutureTask.java:266)
	at java.util.concurrent.Executors$RunnableAdapter.call(Executors.java:511)
	at java.util.concurrent.FutureTask.run(FutureTask.java:266)
	at java.util.concurrent.Executors$RunnableAdapter.call(Executors.java:511)
	at java.util.concurrent.FutureTask.run(FutureTask.java:266)
	at java.util.concurrent.ScheduledThreadPoolExecutor$ScheduledFutureTask.access$201(ScheduledThreadPoolExecutor.java:180)
	at java.util.concurrent.ScheduledThreadPoolExecutor$ScheduledFutureTask.run(ScheduledThreadPoolExecutor.java:293)
	at java.util.concurrent.ThreadPoolExecutor.runWorker(ThreadPoolExecutor.java:1149)
	at java.util.concurrent.ThreadPoolExecutor$Worker.run(ThreadPoolExecutor.java:624)
	at java.lang.Thread.run(Thread.java:748)
Caused by: org.rocksdb.RocksDBException: While mkdir if missing: /opt/src/hadoop-ozone/integration-test/target/test-dir/MiniOzoneClusterImpl-81045214-ddaf-49dc-b937-6952dc108bc6/datanode-0/data/containers/hdds/87ce7603-6886-4678-97fb-c6fe9dde4d32/current/containerDir0/4/metadata/4-dn-container.db: No such file or directory
	at org.rocksdb.RocksDB.open(Native Method)
	at org.rocksdb.RocksDB.open(RocksDB.java:231)
	at org.apache.hadoop.utils.RocksDBStore.<init>(RocksDBStore.java:71)
	... 15 more
2019-06-13 20:08:01,992 WARN  utils.BackgroundService (BackgroundService.java:lambda$run$0(135)) - Background task fails to execute, retrying in next interval
java.util.concurrent.ExecutionException: org.apache.hadoop.hdds.scm.container.common.helpers.StorageContainerException: Error opening DB. Container:1 ContainerPath:/opt/src/hadoop-ozone/integration-test/target/test-dir/MiniOzoneClusterImpl-81045214-ddaf-49dc-b937-6952dc108bc6/datanode-0/data/containers/hdds/87ce7603-6886-4678-97fb-c6fe9dde4d32/current/containerDir0/1/metadata/1-dn-container.db
	at java.util.concurrent.FutureTask.report(FutureTask.java:122)
	at java.util.concurrent.FutureTask.get(FutureTask.java:206)
	at org.apache.hadoop.utils.BackgroundService$PeriodicalTask.lambda$run$0(BackgroundService.java:129)
	at java.util.stream.ForEachOps$ForEachOp$OfRef.accept(ForEachOps.java:184)
	at java.util.ArrayList$ArrayListSpliterator.forEachRemaining(ArrayList.java:1382)
	at java.util.stream.AbstractPipeline.copyInto(AbstractPipeline.java:482)
	at java.util.stream.ForEachOps$ForEachTask.compute(ForEachOps.java:291)
	at java.util.concurrent.CountedCompleter.exec(CountedCompleter.java:731)
	at java.util.concurrent.ForkJoinTask.doExec(ForkJoinTask.java:289)
	at java.util.concurrent.ForkJoinPool$WorkQueue.execLocalTasks(ForkJoinPool.java:1040)
	at java.util.concurrent.ForkJoinPool$WorkQueue.runTask(ForkJoinPool.java:1058)
	at java.util.concurrent.ForkJoinPool.runWorker(ForkJoinPool.java:1692)
	at java.util.concurrent.ForkJoinWorkerThread.run(ForkJoinWorkerThread.java:157)
Caused by: org.apache.hadoop.hdds.scm.container.common.helpers.StorageContainerException: Error opening DB. Container:1 ContainerPath:/opt/src/hadoop-ozone/integration-test/target/test-dir/MiniOzoneClusterImpl-81045214-ddaf-49dc-b937-6952dc108bc6/datanode-0/data/containers/hdds/87ce7603-6886-4678-97fb-c6fe9dde4d32/current/containerDir0/1/metadata/1-dn-container.db
	at org.apache.hadoop.ozone.container.keyvalue.helpers.BlockUtils.getDB(BlockUtils.java:84)
	at org.apache.hadoop.ozone.container.keyvalue.statemachine.background.BlockDeletingService$BlockDeletingTask.call(BlockDeletingService.java:188)
	at org.apache.hadoop.ozone.container.keyvalue.statemachine.background.BlockDeletingService$BlockDeletingTask.call(BlockDeletingService.java:172)
	at java.util.concurrent.FutureTask.run(FutureTask.java:266)
	at java.util.concurrent.Executors$RunnableAdapter.call(Executors.java:511)
	at java.util.concurrent.FutureTask.run(FutureTask.java:266)
	at java.util.concurrent.Executors$RunnableAdapter.call(Executors.java:511)
	at java.util.concurrent.FutureTask.run(FutureTask.java:266)
	at java.util.concurrent.ScheduledThreadPoolExecutor$ScheduledFutureTask.access$201(ScheduledThreadPoolExecutor.java:180)
	at java.util.concurrent.ScheduledThreadPoolExecutor$ScheduledFutureTask.run(ScheduledThreadPoolExecutor.java:293)
	at java.util.concurrent.ThreadPoolExecutor.runWorker(ThreadPoolExecutor.java:1149)
	at java.util.concurrent.ThreadPoolExecutor$Worker.run(ThreadPoolExecutor.java:624)
	at java.lang.Thread.run(Thread.java:748)
2019-06-13 20:08:01,993 ERROR utils.ContainerCache (ContainerCache.java:getDB(137)) - Error opening DB. Container:3 ContainerPath:/opt/src/hadoop-ozone/integration-test/target/test-dir/MiniOzoneClusterImpl-81045214-ddaf-49dc-b937-6952dc108bc6/datanode-0/data/containers/hdds/87ce7603-6886-4678-97fb-c6fe9dde4d32/current/containerDir0/3/metadata/3-dn-container.db
java.io.IOException: Failed init RocksDB, db path : /opt/src/hadoop-ozone/integration-test/target/test-dir/MiniOzoneClusterImpl-81045214-ddaf-49dc-b937-6952dc108bc6/datanode-0/data/containers/hdds/87ce7603-6886-4678-97fb-c6fe9dde4d32/current/containerDir0/3/metadata/3-dn-container.db
	at org.apache.hadoop.utils.RocksDBStore.<init>(RocksDBStore.java:87)
	at org.apache.hadoop.utils.MetadataStoreBuilder.build(MetadataStoreBuilder.java:137)
	at org.apache.hadoop.ozone.container.common.utils.ContainerCache.getDB(ContainerCache.java:129)
	at org.apache.hadoop.ozone.container.keyvalue.helpers.BlockUtils.getDB(BlockUtils.java:77)
	at org.apache.hadoop.ozone.container.keyvalue.statemachine.background.BlockDeletingService$BlockDeletingTask.call(BlockDeletingService.java:188)
	at org.apache.hadoop.ozone.container.keyvalue.statemachine.background.BlockDeletingService$BlockDeletingTask.call(BlockDeletingService.java:172)
	at java.util.concurrent.FutureTask.run(FutureTask.java:266)
	at java.util.concurrent.Executors$RunnableAdapter.call(Executors.java:511)
	at java.util.concurrent.FutureTask.run(FutureTask.java:266)
	at java.util.concurrent.Executors$RunnableAdapter.call(Executors.java:511)
	at java.util.concurrent.FutureTask.run(FutureTask.java:266)
	at java.util.concurrent.ScheduledThreadPoolExecutor$ScheduledFutureTask.access$201(ScheduledThreadPoolExecutor.java:180)
	at java.util.concurrent.ScheduledThreadPoolExecutor$ScheduledFutureTask.run(ScheduledThreadPoolExecutor.java:293)
	at java.util.concurrent.ThreadPoolExecutor.runWorker(ThreadPoolExecutor.java:1149)
	at java.util.concurrent.ThreadPoolExecutor$Worker.run(ThreadPoolExecutor.java:624)
	at java.lang.Thread.run(Thread.java:748)
Caused by: org.rocksdb.RocksDBException: While mkdir if missing: /opt/src/hadoop-ozone/integration-test/target/test-dir/MiniOzoneClusterImpl-81045214-ddaf-49dc-b937-6952dc108bc6/datanode-0/data/containers/hdds/87ce7603-6886-4678-97fb-c6fe9dde4d32/current/containerDir0/3/metadata/3-dn-container.db: No such file or directory
	at org.rocksdb.RocksDB.open(Native Method)
	at org.rocksdb.RocksDB.open(RocksDB.java:231)
	at org.apache.hadoop.utils.RocksDBStore.<init>(RocksDBStore.java:71)
	... 15 more
2019-06-13 20:08:01,992 WARN  utils.BackgroundService (BackgroundService.java:lambda$run$0(135)) - Background task fails to execute, retrying in next interval
java.util.concurrent.ExecutionException: org.apache.hadoop.hdds.scm.container.common.helpers.StorageContainerException: Error opening DB. Container:4 ContainerPath:/opt/src/hadoop-ozone/integration-test/target/test-dir/MiniOzoneClusterImpl-81045214-ddaf-49dc-b937-6952dc108bc6/datanode-0/data/containers/hdds/87ce7603-6886-4678-97fb-c6fe9dde4d32/current/containerDir0/4/metadata/4-dn-container.db
	at java.util.concurrent.FutureTask.report(FutureTask.java:122)
	at java.util.concurrent.FutureTask.get(FutureTask.java:206)
	at org.apache.hadoop.utils.BackgroundService$PeriodicalTask.lambda$run$0(BackgroundService.java:129)
	at java.util.stream.ForEachOps$ForEachOp$OfRef.accept(ForEachOps.java:184)
	at java.util.ArrayList$ArrayListSpliterator.forEachRemaining(ArrayList.java:1382)
	at java.util.stream.AbstractPipeline.copyInto(AbstractPipeline.java:482)
	at java.util.stream.ForEachOps$ForEachTask.compute(ForEachOps.java:291)
	at java.util.concurrent.CountedCompleter.exec(CountedCompleter.java:731)
	at java.util.concurrent.ForkJoinTask.doExec(ForkJoinTask.java:289)
	at java.util.concurrent.ForkJoinTask.doInvoke(ForkJoinTask.java:401)
	at java.util.concurrent.ForkJoinTask.invoke(ForkJoinTask.java:734)
	at java.util.stream.ForEachOps$ForEachOp.evaluateParallel(ForEachOps.java:160)
	at java.util.stream.ForEachOps$ForEachOp$OfRef.evaluateParallel(ForEachOps.java:174)
	at java.util.stream.AbstractPipeline.evaluate(AbstractPipeline.java:233)
	at java.util.stream.ReferencePipeline.forEach(ReferencePipeline.java:418)
	at java.util.stream.ReferencePipeline$Head.forEach(ReferencePipeline.java:583)
	at org.apache.hadoop.utils.BackgroundService$PeriodicalTask.run(BackgroundService.java:125)
	at java.util.concurrent.Executors$RunnableAdapter.call(Executors.java:511)
	at java.util.concurrent.FutureTask.runAndReset(FutureTask.java:308)
	at java.util.concurrent.ScheduledThreadPoolExecutor$ScheduledFutureTask.access$301(ScheduledThreadPoolExecutor.java:180)
	at java.util.concurrent.ScheduledThreadPoolExecutor$ScheduledFutureTask.run(ScheduledThreadPoolExecutor.java:294)
	at java.util.concurrent.ThreadPoolExecutor.runWorker(ThreadPoolExecutor.java:1149)
	at java.util.concurrent.ThreadPoolExecutor$Worker.run(ThreadPoolExecutor.java:624)
	at java.lang.Thread.run(Thread.java:748)
Caused by: org.apache.hadoop.hdds.scm.container.common.helpers.StorageContainerException: Error opening DB. Container:4 ContainerPath:/opt/src/hadoop-ozone/integration-test/target/test-dir/MiniOzoneClusterImpl-81045214-ddaf-49dc-b937-6952dc108bc6/datanode-0/data/containers/hdds/87ce7603-6886-4678-97fb-c6fe9dde4d32/current/containerDir0/4/metadata/4-dn-container.db
	at org.apache.hadoop.ozone.container.keyvalue.helpers.BlockUtils.getDB(BlockUtils.java:84)
	at org.apache.hadoop.ozone.container.keyvalue.statemachine.background.BlockDeletingService$BlockDeletingTask.call(BlockDeletingService.java:188)
	at org.apache.hadoop.ozone.container.keyvalue.statemachine.background.BlockDeletingService$BlockDeletingTask.call(BlockDeletingService.java:172)
	at java.util.concurrent.FutureTask.run(FutureTask.java:266)
	at java.util.concurrent.Executors$RunnableAdapter.call(Executors.java:511)
	at java.util.concurrent.FutureTask.run(FutureTask.java:266)
	at java.util.concurrent.Executors$RunnableAdapter.call(Executors.java:511)
	at java.util.concurrent.FutureTask.run(FutureTask.java:266)
	at java.util.concurrent.ScheduledThreadPoolExecutor$ScheduledFutureTask.access$201(ScheduledThreadPoolExecutor.java:180)
	at java.util.concurrent.ScheduledThreadPoolExecutor$ScheduledFutureTask.run(ScheduledThreadPoolExecutor.java:293)
	... 3 more
2019-06-13 20:08:01,993 ERROR utils.ContainerCache (ContainerCache.java:getDB(137)) - Error opening DB. Container:2 ContainerPath:/opt/src/hadoop-ozone/integration-test/target/test-dir/MiniOzoneClusterImpl-81045214-ddaf-49dc-b937-6952dc108bc6/datanode-0/data/containers/hdds/87ce7603-6886-4678-97fb-c6fe9dde4d32/current/containerDir0/2/metadata/2-dn-container.db
java.io.IOException: Failed init RocksDB, db path : /opt/src/hadoop-ozone/integration-test/target/test-dir/MiniOzoneClusterImpl-81045214-ddaf-49dc-b937-6952dc108bc6/datanode-0/data/containers/hdds/87ce7603-6886-4678-97fb-c6fe9dde4d32/current/containerDir0/2/metadata/2-dn-container.db
	at org.apache.hadoop.utils.RocksDBStore.<init>(RocksDBStore.java:87)
	at org.apache.hadoop.utils.MetadataStoreBuilder.build(MetadataStoreBuilder.java:137)
	at org.apache.hadoop.ozone.container.common.utils.ContainerCache.getDB(ContainerCache.java:129)
	at org.apache.hadoop.ozone.container.keyvalue.helpers.BlockUtils.getDB(BlockUtils.java:77)
	at org.apache.hadoop.ozone.container.keyvalue.statemachine.background.BlockDeletingService$BlockDeletingTask.call(BlockDeletingService.java:188)
	at org.apache.hadoop.ozone.container.keyvalue.statemachine.background.BlockDeletingService$BlockDeletingTask.call(BlockDeletingService.java:172)
	at java.util.concurrent.FutureTask.run(FutureTask.java:266)
	at java.util.concurrent.Executors$RunnableAdapter.call(Executors.java:511)
	at java.util.concurrent.FutureTask.run(FutureTask.java:266)
	at java.util.concurrent.Executors$RunnableAdapter.call(Executors.java:511)
	at java.util.concurrent.FutureTask.run(FutureTask.java:266)
	at java.util.concurrent.ScheduledThreadPoolExecutor$ScheduledFutureTask.access$201(ScheduledThreadPoolExecutor.java:180)
	at java.util.concurrent.ScheduledThreadPoolExecutor$ScheduledFutureTask.run(ScheduledThreadPoolExecutor.java:293)
	at java.util.concurrent.ThreadPoolExecutor.runWorker(ThreadPoolExecutor.java:1149)
	at java.util.concurrent.ThreadPoolExecutor$Worker.run(ThreadPoolExecutor.java:624)
	at java.lang.Thread.run(Thread.java:748)
Caused by: org.rocksdb.RocksDBException: While mkdir if missing: /opt/src/hadoop-ozone/integration-test/target/test-dir/MiniOzoneClusterImpl-81045214-ddaf-49dc-b937-6952dc108bc6/datanode-0/data/containers/hdds/87ce7603-6886-4678-97fb-c6fe9dde4d32/current/containerDir0/2/metadata/2-dn-container.db: No such file or directory
	at org.rocksdb.RocksDB.open(Native Method)
	at org.rocksdb.RocksDB.open(RocksDB.java:231)
	at org.apache.hadoop.utils.RocksDBStore.<init>(RocksDBStore.java:71)
	... 15 more
2019-06-13 20:08:01,994 WARN  utils.BackgroundService (BackgroundService.java:lambda$run$0(135)) - Background task fails to execute, retrying in next interval
java.util.concurrent.ExecutionException: org.apache.hadoop.hdds.scm.container.common.helpers.StorageContainerException: Error opening DB. Container:3 ContainerPath:/opt/src/hadoop-ozone/integration-test/target/test-dir/MiniOzoneClusterImpl-81045214-ddaf-49dc-b937-6952dc108bc6/datanode-0/data/containers/hdds/87ce7603-6886-4678-97fb-c6fe9dde4d32/current/containerDir0/3/metadata/3-dn-container.db
	at java.util.concurrent.FutureTask.report(FutureTask.java:122)
	at java.util.concurrent.FutureTask.get(FutureTask.java:206)
	at org.apache.hadoop.utils.BackgroundService$PeriodicalTask.lambda$run$0(BackgroundService.java:129)
	at java.util.stream.ForEachOps$ForEachOp$OfRef.accept(ForEachOps.java:184)
	at java.util.ArrayList$ArrayListSpliterator.forEachRemaining(ArrayList.java:1382)
	at java.util.stream.AbstractPipeline.copyInto(AbstractPipeline.java:482)
	at java.util.stream.ForEachOps$ForEachTask.compute(ForEachOps.java:291)
	at java.util.concurrent.CountedCompleter.exec(CountedCompleter.java:731)
	at java.util.concurrent.ForkJoinTask.doExec(ForkJoinTask.java:289)
	at java.util.concurrent.ForkJoinPool$WorkQueue.pollAndExecCC(ForkJoinPool.java:1190)
	at java.util.concurrent.ForkJoinPool.helpComplete(ForkJoinPool.java:1879)
	at java.util.concurrent.ForkJoinPool.externalHelpComplete(ForkJoinPool.java:2467)
	at java.util.concurrent.ForkJoinTask.externalAwaitDone(ForkJoinTask.java:324)
	at java.util.concurrent.ForkJoinTask.doInvoke(ForkJoinTask.java:405)
	at java.util.concurrent.ForkJoinTask.invoke(ForkJoinTask.java:734)
	at java.util.stream.ForEachOps$ForEachOp.evaluateParallel(ForEachOps.java:160)
	at java.util.stream.ForEachOps$ForEachOp$OfRef.evaluateParallel(ForEachOps.java:174)
	at java.util.stream.AbstractPipeline.evaluate(AbstractPipeline.java:233)
	at java.util.stream.ReferencePipeline.forEach(ReferencePipeline.java:418)
	at java.util.stream.ReferencePipeline$Head.forEach(ReferencePipeline.java:583)
	at org.apache.hadoop.utils.BackgroundService$PeriodicalTask.run(BackgroundService.java:125)
	at java.util.concurrent.Executors$RunnableAdapter.call(Executors.java:511)
	at java.util.concurrent.FutureTask.runAndReset(FutureTask.java:308)
	at java.util.concurrent.ScheduledThreadPoolExecutor$ScheduledFutureTask.access$301(ScheduledThreadPoolExecutor.java:180)
	at java.util.concurrent.ScheduledThreadPoolExecutor$ScheduledFutureTask.run(ScheduledThreadPoolExecutor.java:294)
	at java.util.concurrent.ThreadPoolExecutor.runWorker(ThreadPoolExecutor.java:1149)
	at java.util.concurrent.ThreadPoolExecutor$Worker.run(ThreadPoolExecutor.java:624)
	at java.lang.Thread.run(Thread.java:748)
Caused by: org.apache.hadoop.hdds.scm.container.common.helpers.StorageContainerException: Error opening DB. Container:3 ContainerPath:/opt/src/hadoop-ozone/integration-test/target/test-dir/MiniOzoneClusterImpl-81045214-ddaf-49dc-b937-6952dc108bc6/datanode-0/data/containers/hdds/87ce7603-6886-4678-97fb-c6fe9dde4d32/current/containerDir0/3/metadata/3-dn-container.db
	at org.apache.hadoop.ozone.container.keyvalue.helpers.BlockUtils.getDB(BlockUtils.java:84)
	at org.apache.hadoop.ozone.container.keyvalue.statemachine.background.BlockDeletingService$BlockDeletingTask.call(BlockDeletingService.java:188)
	at org.apache.hadoop.ozone.container.keyvalue.statemachine.background.BlockDeletingService$BlockDeletingTask.call(BlockDeletingService.java:172)
	at java.util.concurrent.FutureTask.run(FutureTask.java:266)
	at java.util.concurrent.Executors$RunnableAdapter.call(Executors.java:511)
	at java.util.concurrent.FutureTask.run(FutureTask.java:266)
	at java.util.concurrent.Executors$RunnableAdapter.call(Executors.java:511)
	at java.util.concurrent.FutureTask.run(FutureTask.java:266)
	at java.util.concurrent.ScheduledThreadPoolExecutor$ScheduledFutureTask.access$201(ScheduledThreadPoolExecutor.java:180)
	at java.util.concurrent.ScheduledThreadPoolExecutor$ScheduledFutureTask.run(ScheduledThreadPoolExecutor.java:293)
	... 3 more
2019-06-13 20:08:01,994 WARN  utils.BackgroundService (BackgroundService.java:lambda$run$0(135)) - Background task fails to execute, retrying in next interval
java.util.concurrent.ExecutionException: org.apache.hadoop.hdds.scm.container.common.helpers.StorageContainerException: Error opening DB. Container:2 ContainerPath:/opt/src/hadoop-ozone/integration-test/target/test-dir/MiniOzoneClusterImpl-81045214-ddaf-49dc-b937-6952dc108bc6/datanode-0/data/containers/hdds/87ce7603-6886-4678-97fb-c6fe9dde4d32/current/containerDir0/2/metadata/2-dn-container.db
	at java.util.concurrent.FutureTask.report(FutureTask.java:122)
	at java.util.concurrent.FutureTask.get(FutureTask.java:206)
	at org.apache.hadoop.utils.BackgroundService$PeriodicalTask.lambda$run$0(BackgroundService.java:129)
	at java.util.stream.ForEachOps$ForEachOp$OfRef.accept(ForEachOps.java:184)
	at java.util.ArrayList$ArrayListSpliterator.forEachRemaining(ArrayList.java:1382)
	at java.util.stream.AbstractPipeline.copyInto(AbstractPipeline.java:482)
	at java.util.stream.ForEachOps$ForEachTask.compute(ForEachOps.java:291)
	at java.util.concurrent.CountedCompleter.exec(CountedCompleter.java:731)
	at java.util.concurrent.ForkJoinTask.doExec(ForkJoinTask.java:289)
	at java.util.concurrent.ForkJoinPool$WorkQueue.runTask(ForkJoinPool.java:1056)
	at java.util.concurrent.ForkJoinPool.runWorker(ForkJoinPool.java:1692)
	at java.util.concurrent.ForkJoinWorkerThread.run(ForkJoinWorkerThread.java:157)
Caused by: org.apache.hadoop.hdds.scm.container.common.helpers.StorageContainerException: Error opening DB. Container:2 ContainerPath:/opt/src/hadoop-ozone/integration-test/target/test-dir/MiniOzoneClusterImpl-81045214-ddaf-49dc-b937-6952dc108bc6/datanode-0/data/containers/hdds/87ce7603-6886-4678-97fb-c6fe9dde4d32/current/containerDir0/2/metadata/2-dn-container.db
	at org.apache.hadoop.ozone.container.keyvalue.helpers.BlockUtils.getDB(BlockUtils.java:84)
	at org.apache.hadoop.ozone.container.keyvalue.statemachine.background.BlockDeletingService$BlockDeletingTask.call(BlockDeletingService.java:188)
	at org.apache.hadoop.ozone.container.keyvalue.statemachine.background.BlockDeletingService$BlockDeletingTask.call(BlockDeletingService.java:172)
	at java.util.concurrent.FutureTask.run(FutureTask.java:266)
	at java.util.concurrent.Executors$RunnableAdapter.call(Executors.java:511)
	at java.util.concurrent.FutureTask.run(FutureTask.java:266)
	at java.util.concurrent.Executors$RunnableAdapter.call(Executors.java:511)
	at java.util.concurrent.FutureTask.run(FutureTask.java:266)
	at java.util.concurrent.ScheduledThreadPoolExecutor$ScheduledFutureTask.access$201(ScheduledThreadPoolExecutor.java:180)
	at java.util.concurrent.ScheduledThreadPoolExecutor$ScheduledFutureTask.run(ScheduledThreadPoolExecutor.java:293)
	at java.util.concurrent.ThreadPoolExecutor.runWorker(ThreadPoolExecutor.java:1149)
	at java.util.concurrent.ThreadPoolExecutor$Worker.run(ThreadPoolExecutor.java:624)
	at java.lang.Thread.run(Thread.java:748)
2019-06-13 20:08:02,052 INFO  ozone.MiniOzoneClusterImpl (MiniOzoneClusterImpl.java:lambda$waitForClusterToBeReady$0(142)) - Cluster is ready. Got 1 of 1 DN Heartbeats.
2019-06-13 20:08:02,166 INFO  impl.FollowerState (FollowerState.java:run(101)) - 1da07f04-5531-47d2-acef-5c8f4245ff76:group-1A8BD91B77C4 changes to CANDIDATE, lastRpcTime:1086, electionTimeout:1086ms
2019-06-13 20:08:02,166 INFO  impl.RoleInfo (RoleInfo.java:shutdownFollowerState(121)) - 1da07f04-5531-47d2-acef-5c8f4245ff76: shutdown FollowerState
2019-06-13 20:08:02,166 INFO  impl.RaftServerImpl (RaftServerImpl.java:setRole(164)) - 1da07f04-5531-47d2-acef-5c8f4245ff76:group-1A8BD91B77C4 changes role from FOLLOWER to CANDIDATE at term 0 for changeToCandidate
2019-06-13 20:08:02,167 INFO  impl.RoleInfo (RoleInfo.java:updateAndGet(143)) - 1da07f04-5531-47d2-acef-5c8f4245ff76: start LeaderElection
2019-06-13 20:08:02,172 INFO  impl.LeaderElection (LeaderElection.java:askForVotes(181)) - 1da07f04-5531-47d2-acef-5c8f4245ff76:group-1A8BD91B77C4:LeaderElection2: begin an election at term 1 for -1: [1da07f04-5531-47d2-acef-5c8f4245ff76:192.168.46.24:37075], old=null
2019-06-13 20:08:02,175 INFO  pipeline.PipelineStateManager (PipelineStateManager.java:addPipeline(56)) - Created pipeline Pipeline[ Id: 3ca7eb61-3955-4f31-964f-77faa4fd4648, Nodes: 1da07f04-5531-47d2-acef-5c8f4245ff76{ip: 192.168.46.24, host: ozone-d8fz6-1684193631, networkLocation: /default-rack, certSerialId: null}, Type:STAND_ALONE, Factor:ONE, State:OPEN]
2019-06-13 20:08:02,177 INFO  impl.RoleInfo (RoleInfo.java:shutdownLeaderElection(134)) - 1da07f04-5531-47d2-acef-5c8f4245ff76: shutdown LeaderElection
2019-06-13 20:08:02,178 INFO  impl.RaftServerImpl (RaftServerImpl.java:setRole(164)) - 1da07f04-5531-47d2-acef-5c8f4245ff76:group-1A8BD91B77C4 changes role from CANDIDATE to LEADER at term 1 for changeToLeader
2019-06-13 20:08:02,178 INFO  impl.RaftServerImpl (ServerState.java:setLeader(263)) - 1da07f04-5531-47d2-acef-5c8f4245ff76:group-1A8BD91B77C4 change Leader from null to 1da07f04-5531-47d2-acef-5c8f4245ff76 at term 1 for becomeLeader, leader elected after 1101ms
2019-06-13 20:08:02,178 INFO  server.RaftServerConfigKeys (ConfUtils.java:logGet(43)) - raft.server.staging.catchup.gap = 1000 (default)
2019-06-13 20:08:02,178 INFO  server.RaftServerConfigKeys (ConfUtils.java:logGet(43)) - raft.server.rpc.sleep.time = 25ms (default)
2019-06-13 20:08:02,179 INFO  server.RaftServerConfigKeys (ConfUtils.java:logGet(43)) - raft.server.watch.timeout = 10s (default)
2019-06-13 20:08:02,179 INFO  server.RaftServerConfigKeys (ConfUtils.java:logGet(43)) - raft.server.watch.timeout.denomination = 1s (default)
2019-06-13 20:08:02,179 INFO  impl.RoleInfo (RoleInfo.java:updateAndGet(143)) - 1da07f04-5531-47d2-acef-5c8f4245ff76: start LeaderState
2019-06-13 20:08:02,179 INFO  storage.RaftLogWorker (RaftLogWorker.java:startLogSegment(298)) - 1da07f04-5531-47d2-acef-5c8f4245ff76-RaftLogWorker: Starting segment from index:0
2019-06-13 20:08:02,180 INFO  impl.RaftServerImpl (ServerState.java:setRaftConf(361)) - 1da07f04-5531-47d2-acef-5c8f4245ff76:group-1A8BD91B77C4 set configuration 0: [1da07f04-5531-47d2-acef-5c8f4245ff76:192.168.46.24:37075], old=null at 0
2019-06-13 20:08:02,218 INFO  storage.RaftLogWorker (RaftLogWorker.java:execute(469)) - 1da07f04-5531-47d2-acef-5c8f4245ff76-RaftLogWorker: created new log segment /opt/src/hadoop-ozone/integration-test/target/test-dir/MiniOzoneClusterImpl-6a7d0f93-8e59-4dc1-8e96-222b93fcb387/datanode-0/data/ratis/7b410d46-b83b-43c1-92cb-1a8bd91b77c4/current/log_inprogress_0
2019-06-13 20:08:02,510 INFO  keyvalue.KeyValueHandler (ContainerUtils.java:logAndReturnError(146)) - Operation: CreateContainer : Trace ID: 6c784268d0b1465a:6c784268d0b1465a:0:0 : Message: Container creation failed, due to disk out of space : Result: DISK_OUT_OF_SPACE
20:08:02.511 [grpc-default-executor-1] ERROR DNAudit - user=null | ip=null | op=WRITE_CHUNK {blockData=conID: 7 locID: 102266076033974295 bcsId: 0} | ret=FAILURE
org.apache.hadoop.hdds.scm.container.common.helpers.StorageContainerException: ContainerID 7 creation failed
	at org.apache.hadoop.ozone.container.common.impl.HddsDispatcher.dispatchRequest(HddsDispatcher.java:227) [hadoop-hdds-container-service-0.5.0-SNAPSHOT.jar:?]
	at org.apache.hadoop.ozone.container.common.impl.HddsDispatcher.dispatch(HddsDispatcher.java:148) [hadoop-hdds-container-service-0.5.0-SNAPSHOT.jar:?]
	at org.apache.hadoop.ozone.container.common.transport.server.GrpcXceiverService$1.onNext(GrpcXceiverService.java:73) [hadoop-hdds-container-service-0.5.0-SNAPSHOT.jar:?]
	at org.apache.hadoop.ozone.container.common.transport.server.GrpcXceiverService$1.onNext(GrpcXceiverService.java:61) [hadoop-hdds-container-service-0.5.0-SNAPSHOT.jar:?]
	at org.apache.ratis.thirdparty.io.grpc.stub.ServerCalls$StreamingServerCallHandler$StreamingServerCallListener.onMessage(ServerCalls.java:248) [ratis-thirdparty-misc-0.2.0.jar:0.2.0]
	at org.apache.ratis.thirdparty.io.grpc.ForwardingServerCallListener.onMessage(ForwardingServerCallListener.java:33) [ratis-thirdparty-misc-0.2.0.jar:0.2.0]
	at org.apache.ratis.thirdparty.io.grpc.Contexts$ContextualizedServerCallListener.onMessage(Contexts.java:76) [ratis-thirdparty-misc-0.2.0.jar:0.2.0]
	at org.apache.ratis.thirdparty.io.grpc.ForwardingServerCallListener.onMessage(ForwardingServerCallListener.java:33) [ratis-thirdparty-misc-0.2.0.jar:0.2.0]
	at org.apache.hadoop.hdds.tracing.GrpcServerInterceptor$1.onMessage(GrpcServerInterceptor.java:46) [hadoop-hdds-common-0.5.0-SNAPSHOT.jar:?]
	at org.apache.ratis.thirdparty.io.grpc.internal.ServerCallImpl$ServerStreamListenerImpl.messagesAvailable(ServerCallImpl.java:263) [ratis-thirdparty-misc-0.2.0.jar:0.2.0]
	at org.apache.ratis.thirdparty.io.grpc.internal.ServerImpl$JumpToApplicationThreadServerStreamListener$1MessagesAvailable.runInContext(ServerImpl.java:686) [ratis-thirdparty-misc-0.2.0.jar:0.2.0]
	at org.apache.ratis.thirdparty.io.grpc.internal.ContextRunnable.run(ContextRunnable.java:37) [ratis-thirdparty-misc-0.2.0.jar:0.2.0]
	at org.apache.ratis.thirdparty.io.grpc.internal.SerializingExecutor.run(SerializingExecutor.java:123) [ratis-thirdparty-misc-0.2.0.jar:0.2.0]
	at java.util.concurrent.ThreadPoolExecutor.runWorker(ThreadPoolExecutor.java:1149) [?:1.8.0_212]
	at java.util.concurrent.ThreadPoolExecutor$Worker.run(ThreadPoolExecutor.java:624) [?:1.8.0_212]
	at java.lang.Thread.run(Thread.java:748) [?:1.8.0_212]
2019-06-13 20:08:02,517 INFO  impl.HddsDispatcher (ContainerUtils.java:logAndReturnError(146)) - Operation: WriteChunk : Trace ID: 6c784268d0b1465a:6c784268d0b1465a:0:0 : Message: ContainerID 7 creation failed : Result: DISK_OUT_OF_SPACE
2019-06-13 20:08:02,519 ERROR storage.BlockOutputStream (BlockOutputStream.java:validateResponse(538)) - Unexpected Storage Container Exception: 
org.apache.hadoop.hdds.scm.container.common.helpers.StorageContainerException: ContainerID 7 creation failed
	at org.apache.hadoop.hdds.scm.storage.ContainerProtocolCalls.validateContainerResponse(ContainerProtocolCalls.java:536)
	at org.apache.hadoop.hdds.scm.storage.BlockOutputStream.validateResponse(BlockOutputStream.java:536)
	at org.apache.hadoop.hdds.scm.storage.BlockOutputStream.lambda$writeChunkToContainer$2(BlockOutputStream.java:614)
	at java.util.concurrent.CompletableFuture.uniApply(CompletableFuture.java:602)
	at java.util.concurrent.CompletableFuture$UniApply.tryFire(CompletableFuture.java:577)
	at java.util.concurrent.CompletableFuture$Completion.run(CompletableFuture.java:442)
	at java.util.concurrent.ThreadPoolExecutor.runWorker(ThreadPoolExecutor.java:1149)
	at java.util.concurrent.ThreadPoolExecutor$Worker.run(ThreadPoolExecutor.java:624)
	at java.lang.Thread.run(Thread.java:748)
20:08:02.521 [grpc-default-executor-1] ERROR DNAudit - user=null | ip=null | op=PUT_BLOCK {blockData=[blockId=conID: 7 locID: 102266076033974295 bcsId: 0,size=5]} | ret=FAILURE
org.apache.hadoop.hdds.scm.container.common.helpers.StorageContainerException: ContainerID 7 does not exist
	at org.apache.hadoop.ozone.container.common.impl.HddsDispatcher.dispatchRequest(HddsDispatcher.java:242) [hadoop-hdds-container-service-0.5.0-SNAPSHOT.jar:?]
	at org.apache.hadoop.ozone.container.common.impl.HddsDispatcher.dispatch(HddsDispatcher.java:148) [hadoop-hdds-container-service-0.5.0-SNAPSHOT.jar:?]
	at org.apache.hadoop.ozone.container.common.transport.server.GrpcXceiverService$1.onNext(GrpcXceiverService.java:73) [hadoop-hdds-container-service-0.5.0-SNAPSHOT.jar:?]
	at org.apache.hadoop.ozone.container.common.transport.server.GrpcXceiverService$1.onNext(GrpcXceiverService.java:61) [hadoop-hdds-container-service-0.5.0-SNAPSHOT.jar:?]
	at org.apache.ratis.thirdparty.io.grpc.stub.ServerCalls$StreamingServerCallHandler$StreamingServerCallListener.onMessage(ServerCalls.java:248) [ratis-thirdparty-misc-0.2.0.jar:0.2.0]
	at org.apache.ratis.thirdparty.io.grpc.ForwardingServerCallListener.onMessage(ForwardingServerCallListener.java:33) [ratis-thirdparty-misc-0.2.0.jar:0.2.0]
	at org.apache.ratis.thirdparty.io.grpc.Contexts$ContextualizedServerCallListener.onMessage(Contexts.java:76) [ratis-thirdparty-misc-0.2.0.jar:0.2.0]
	at org.apache.ratis.thirdparty.io.grpc.ForwardingServerCallListener.onMessage(ForwardingServerCallListener.java:33) [ratis-thirdparty-misc-0.2.0.jar:0.2.0]
	at org.apache.hadoop.hdds.tracing.GrpcServerInterceptor$1.onMessage(GrpcServerInterceptor.java:46) [hadoop-hdds-common-0.5.0-SNAPSHOT.jar:?]
	at org.apache.ratis.thirdparty.io.grpc.internal.ServerCallImpl$ServerStreamListenerImpl.messagesAvailable(ServerCallImpl.java:263) [ratis-thirdparty-misc-0.2.0.jar:0.2.0]
	at org.apache.ratis.thirdparty.io.grpc.internal.ServerImpl$JumpToApplicationThreadServerStreamListener$1MessagesAvailable.runInContext(ServerImpl.java:686) [ratis-thirdparty-misc-0.2.0.jar:0.2.0]
	at org.apache.ratis.thirdparty.io.grpc.internal.ContextRunnable.run(ContextRunnable.java:37) [ratis-thirdparty-misc-0.2.0.jar:0.2.0]
	at org.apache.ratis.thirdparty.io.grpc.internal.SerializingExecutor.run(SerializingExecutor.java:123) [ratis-thirdparty-misc-0.2.0.jar:0.2.0]
	at java.util.concurrent.ThreadPoolExecutor.runWorker(ThreadPoolExecutor.java:1149) [?:1.8.0_212]
	at java.util.concurrent.ThreadPoolExecutor$Worker.run(ThreadPoolExecutor.java:624) [?:1.8.0_212]
	at java.lang.Thread.run(Thread.java:748) [?:1.8.0_212]
2019-06-13 20:08:02,521 INFO  impl.HddsDispatcher (ContainerUtils.java:logAndReturnError(146)) - Operation: PutBlock : Trace ID: 8b48df2fa4e8a762:8b48df2fa4e8a762:0:0 : Message: ContainerID 7 does not exist : Result: CONTAINER_NOT_FOUND
]]></system-out>
    <system-err><![CDATA[Jun 13, 2019 8:07:56 PM com.sun.jersey.server.impl.application.WebApplicationImpl _initiate
INFO: Initiating Jersey application, version 'Jersey: 1.19 02/11/2015 03:25 AM'
Jun 13, 2019 8:08:01 PM org.apache.ratis.thirdparty.io.grpc.internal.ManagedChannelOrphanWrapper$ManagedChannelReference cleanQueue
SEVERE: *~*~*~ Channel ManagedChannelImpl{logId=12, target=192.168.46.24:44863} was not shutdown properly!!! ~*~*~*
    Make sure to call shutdown()/shutdownNow() and wait until awaitTermination() returns true.
java.lang.RuntimeException: ManagedChannel allocation site
	at org.apache.ratis.thirdparty.io.grpc.internal.ManagedChannelOrphanWrapper$ManagedChannelReference.<init>(ManagedChannelOrphanWrapper.java:103)
	at org.apache.ratis.thirdparty.io.grpc.internal.ManagedChannelOrphanWrapper.<init>(ManagedChannelOrphanWrapper.java:53)
	at org.apache.ratis.thirdparty.io.grpc.internal.ManagedChannelOrphanWrapper.<init>(ManagedChannelOrphanWrapper.java:44)
	at org.apache.ratis.thirdparty.io.grpc.internal.AbstractManagedChannelImplBuilder.build(AbstractManagedChannelImplBuilder.java:411)
	at org.apache.hadoop.hdds.scm.XceiverClientGrpc.connectToDatanode(XceiverClientGrpc.java:163)
	at org.apache.hadoop.hdds.scm.XceiverClientGrpc.reconnect(XceiverClientGrpc.java:398)
	at org.apache.hadoop.hdds.scm.XceiverClientGrpc.sendCommandAsync(XceiverClientGrpc.java:349)
	at org.apache.hadoop.hdds.scm.XceiverClientGrpc.sendCommandAsync(XceiverClientGrpc.java:324)
	at org.apache.hadoop.hdds.scm.storage.ContainerProtocolCalls.writeChunkAsync(ContainerProtocolCalls.java:310)
	at org.apache.hadoop.hdds.scm.storage.BlockOutputStream.writeChunkToContainer(BlockOutputStream.java:609)
	at org.apache.hadoop.hdds.scm.storage.BlockOutputStream.writeChunk(BlockOutputStream.java:466)
	at org.apache.hadoop.hdds.scm.storage.BlockOutputStream.handleFlush(BlockOutputStream.java:477)
	at org.apache.hadoop.hdds.scm.storage.BlockOutputStream.close(BlockOutputStream.java:500)
	at org.apache.hadoop.ozone.client.io.BlockOutputStreamEntry.close(BlockOutputStreamEntry.java:143)
	at org.apache.hadoop.ozone.client.io.KeyOutputStream.handleFlushOrClose(KeyOutputStream.java:434)
	at org.apache.hadoop.ozone.client.io.KeyOutputStream.close(KeyOutputStream.java:472)
	at org.apache.hadoop.ozone.client.io.OzoneOutputStream.close(OzoneOutputStream.java:60)
	at org.apache.hadoop.ozone.TestStorageContainerManagerHelper.createKeys(TestStorageContainerManagerHelper.java:102)
	at org.apache.hadoop.ozone.TestStorageContainerManager.testBlockDeletionTransactions(TestStorageContainerManager.java:244)
	at sun.reflect.NativeMethodAccessorImpl.invoke0(Native Method)
	at sun.reflect.NativeMethodAccessorImpl.invoke(NativeMethodAccessorImpl.java:62)
	at sun.reflect.DelegatingMethodAccessorImpl.invoke(DelegatingMethodAccessorImpl.java:43)
	at java.lang.reflect.Method.invoke(Method.java:498)
	at org.junit.runners.model.FrameworkMethod$1.runReflectiveCall(FrameworkMethod.java:47)
	at org.junit.internal.runners.model.ReflectiveCallable.run(ReflectiveCallable.java:12)
	at org.junit.runners.model.FrameworkMethod.invokeExplosively(FrameworkMethod.java:44)
	at org.junit.internal.runners.statements.InvokeMethod.evaluate(InvokeMethod.java:17)
	at org.junit.internal.runners.statements.FailOnTimeout$StatementThread.run(FailOnTimeout.java:74)

Jun 13, 2019 8:08:02 PM com.sun.jersey.server.impl.application.WebApplicationImpl _initiate
INFO: Initiating Jersey application, version 'Jersey: 1.19 02/11/2015 03:25 AM'
]]></system-err>
  </testcase>
  <testcase name="testSCMReinitialization" classname="org.apache.hadoop.ozone.TestStorageContainerManager" time="4.607"/>
  <testcase name="testCloseContainerCommandOnRestart" classname="org.apache.hadoop.ozone.TestStorageContainerManager" time="5.93">
    <error message="Unexpected Storage Container Exception: org.apache.hadoop.hdds.scm.container.common.helpers.StorageContainerException: ContainerID 7 creation failed" type="java.io.IOException">java.io.IOException: Unexpected Storage Container Exception: org.apache.hadoop.hdds.scm.container.common.helpers.StorageContainerException: ContainerID 7 creation failed
	at org.apache.hadoop.hdds.scm.storage.BlockOutputStream.setIoException(BlockOutputStream.java:548)
	at org.apache.hadoop.hdds.scm.storage.BlockOutputStream.validateResponse(BlockOutputStream.java:539)
	at org.apache.hadoop.hdds.scm.storage.BlockOutputStream.lambda$writeChunkToContainer$2(BlockOutputStream.java:614)
	at java.util.concurrent.CompletableFuture.uniApply(CompletableFuture.java:602)
	at java.util.concurrent.CompletableFuture$UniApply.tryFire(CompletableFuture.java:577)
	at java.util.concurrent.CompletableFuture$Completion.run(CompletableFuture.java:442)
	at java.util.concurrent.ThreadPoolExecutor.runWorker(ThreadPoolExecutor.java:1149)
	at java.util.concurrent.ThreadPoolExecutor$Worker.run(ThreadPoolExecutor.java:624)
	at java.lang.Thread.run(Thread.java:748)
Caused by: org.apache.hadoop.hdds.scm.container.common.helpers.StorageContainerException: ContainerID 7 creation failed
	at org.apache.hadoop.hdds.scm.storage.ContainerProtocolCalls.validateContainerResponse(ContainerProtocolCalls.java:536)
	at org.apache.hadoop.hdds.scm.storage.BlockOutputStream.validateResponse(BlockOutputStream.java:536)
	... 7 more
</error>
    <system-out><![CDATA[2019-06-13 20:08:07,149 WARN  server.ServerUtils (ServerUtils.java:getScmDbDir(145)) - ozone.scm.db.dirs is not configured. We recommend adding this setting. Falling back to ozone.metadata.dirs instead.
2019-06-13 20:08:07,152 WARN  server.ServerUtils (ServerUtils.java:getScmDbDir(145)) - ozone.scm.db.dirs is not configured. We recommend adding this setting. Falling back to ozone.metadata.dirs instead.
2019-06-13 20:08:07,152 WARN  server.ServerUtils (ServerUtils.java:getScmDbDir(145)) - ozone.scm.db.dirs is not configured. We recommend adding this setting. Falling back to ozone.metadata.dirs instead.
2019-06-13 20:08:07,152 INFO  db.DBStoreBuilder (DBStoreBuilder.java:addTable(110)) - using custom profile for table: deletedBlocks
2019-06-13 20:08:07,153 INFO  db.DBStoreBuilder (DBStoreBuilder.java:processTables(161)) - Using default column profile:DBProfile.DISK for Table:deletedBlocks
2019-06-13 20:08:07,153 INFO  db.DBStoreBuilder (DBStoreBuilder.java:addTable(110)) - using custom profile for table: validCerts
2019-06-13 20:08:07,153 INFO  db.DBStoreBuilder (DBStoreBuilder.java:processTables(161)) - Using default column profile:DBProfile.DISK for Table:validCerts
2019-06-13 20:08:07,153 INFO  db.DBStoreBuilder (DBStoreBuilder.java:addTable(110)) - using custom profile for table: revokedCerts
2019-06-13 20:08:07,153 INFO  db.DBStoreBuilder (DBStoreBuilder.java:processTables(161)) - Using default column profile:DBProfile.DISK for Table:revokedCerts
2019-06-13 20:08:07,153 INFO  db.DBStoreBuilder (DBStoreBuilder.java:addTable(110)) - using custom profile for table: default
2019-06-13 20:08:07,153 INFO  db.DBStoreBuilder (DBStoreBuilder.java:processTables(167)) - Using default column profile:DBProfile.DISK for Table:default
2019-06-13 20:08:07,153 INFO  db.DBStoreBuilder (DBStoreBuilder.java:getDbProfile(198)) - Using default options. DBProfile.DISK
2019-06-13 20:08:07,191 INFO  node.SCMNodeManager (SCMNodeManager.java:<init>(108)) - Entering startup safe mode.
2019-06-13 20:08:07,191 INFO  net.NodeSchemaLoader (NodeSchemaLoader.java:loadSchemaFromFile(125)) - Loading file from sun.misc.CompoundEnumeration@2279407e
2019-06-13 20:08:07,191 INFO  net.NodeSchemaLoader (NodeSchemaLoader.java:loadSchema(171)) - Loading network topology layer schema file
2019-06-13 20:08:07,194 WARN  server.ServerUtils (ServerUtils.java:getScmDbDir(145)) - ozone.scm.db.dirs is not configured. We recommend adding this setting. Falling back to ozone.metadata.dirs instead.
2019-06-13 20:08:07,206 INFO  pipeline.SCMPipelineManager (SCMPipelineManager.java:initializePipelineState(126)) - No pipeline exists in current db
2019-06-13 20:08:07,206 WARN  server.ServerUtils (ServerUtils.java:getScmDbDir(145)) - ozone.scm.db.dirs is not configured. We recommend adding this setting. Falling back to ozone.metadata.dirs instead.
2019-06-13 20:08:07,221 WARN  events.EventQueue (EventQueue.java:fireEvent(175)) - No event handler registered for event TypedEvent{payloadType=SafeModeStatus, name='SafeModeStatus'}
2019-06-13 20:08:07,223 INFO  ipc.CallQueueManager (CallQueueManager.java:<init>(84)) - Using callQueue: class java.util.concurrent.LinkedBlockingQueue, queueCapacity: 2000, scheduler: class org.apache.hadoop.ipc.DefaultRpcScheduler, ipcBackoff: false.
2019-06-13 20:08:07,223 INFO  ipc.Server (Server.java:run(1074)) - Starting Socket Reader #1 for port 37513
2019-06-13 20:08:07,225 INFO  ipc.CallQueueManager (CallQueueManager.java:<init>(84)) - Using callQueue: class java.util.concurrent.LinkedBlockingQueue, queueCapacity: 2000, scheduler: class org.apache.hadoop.ipc.DefaultRpcScheduler, ipcBackoff: false.
2019-06-13 20:08:07,226 INFO  ipc.Server (Server.java:run(1074)) - Starting Socket Reader #1 for port 34919
2019-06-13 20:08:07,227 INFO  ipc.CallQueueManager (CallQueueManager.java:<init>(84)) - Using callQueue: class java.util.concurrent.LinkedBlockingQueue, queueCapacity: 2000, scheduler: class org.apache.hadoop.ipc.DefaultRpcScheduler, ipcBackoff: false.
2019-06-13 20:08:07,228 INFO  ipc.Server (Server.java:run(1074)) - Starting Socket Reader #1 for port 35481
2019-06-13 20:08:07,235 INFO  hdfs.DFSUtil (DFSUtil.java:httpServerTemplateForNNAndJN(1641)) - Starting Web-server for scm at: http://0.0.0.0:0
2019-06-13 20:08:07,236 INFO  server.AuthenticationFilter (AuthenticationFilter.java:constructSecretProvider(240)) - Unable to initialize FileSignerSecretProvider, falling back to use random secrets.
2019-06-13 20:08:07,237 WARN  http.HttpRequestLog (HttpRequestLog.java:getRequestLog(97)) - Jetty request log can only be enabled using Log4j
2019-06-13 20:08:07,238 INFO  http.HttpServer2 (HttpServer2.java:addGlobalFilter(975)) - Added global filter 'safety' (class=org.apache.hadoop.http.HttpServer2$QuotingInputFilter)
2019-06-13 20:08:07,239 INFO  http.HttpServer2 (HttpServer2.java:addFilter(948)) - Added filter static_user_filter (class=org.apache.hadoop.http.lib.StaticUserWebFilter$StaticUserFilter) to context scm
2019-06-13 20:08:07,239 INFO  http.HttpServer2 (HttpServer2.java:addFilter(958)) - Added filter static_user_filter (class=org.apache.hadoop.http.lib.StaticUserWebFilter$StaticUserFilter) to context logs
2019-06-13 20:08:07,239 INFO  http.HttpServer2 (HttpServer2.java:addFilter(958)) - Added filter static_user_filter (class=org.apache.hadoop.http.lib.StaticUserWebFilter$StaticUserFilter) to context static
2019-06-13 20:08:07,244 INFO  server.StorageContainerManager (StorageContainerManager.java:start(752)) - StorageContainerLocationProtocol RPC server is listening at /0.0.0.0:35481
2019-06-13 20:08:07,244 INFO  impl.MetricsSystemImpl (MetricsSystemImpl.java:init(158)) - StorageContainerManager metrics system started (again)
2019-06-13 20:08:07,244 INFO  server.SCMClientProtocolServer (SCMClientProtocolServer.java:start(149)) - RPC server for Client  is listening at /0.0.0.0:35481
2019-06-13 20:08:07,245 INFO  ipc.Server (Server.java:run(1314)) - IPC Server Responder: starting
2019-06-13 20:08:07,245 INFO  ipc.Server (Server.java:run(1153)) - IPC Server listener on 35481: starting
2019-06-13 20:08:07,252 INFO  server.StorageContainerManager (StorageContainerManager.java:start(761)) - ScmBlockLocationProtocol RPC server is listening at /0.0.0.0:34919
2019-06-13 20:08:07,252 INFO  server.SCMBlockProtocolServer (SCMBlockProtocolServer.java:start(137)) - RPC server for Block Protocol is listening at /0.0.0.0:34919
2019-06-13 20:08:07,252 INFO  ipc.Server (Server.java:run(1314)) - IPC Server Responder: starting
2019-06-13 20:08:07,252 INFO  ipc.Server (Server.java:run(1153)) - IPC Server listener on 34919: starting
2019-06-13 20:08:07,259 INFO  server.StorageContainerManager (StorageContainerManager.java:start(765)) - ScmDatanodeProtocl RPC server is listening at /0.0.0.0:37513
2019-06-13 20:08:07,259 INFO  server.SCMDatanodeProtocolServer (SCMDatanodeProtocolServer.java:start(191)) - RPC server for DataNodes is listening at /0.0.0.0:37513
2019-06-13 20:08:07,260 INFO  ipc.Server (Server.java:run(1314)) - IPC Server Responder: starting
2019-06-13 20:08:07,260 INFO  ipc.Server (Server.java:run(1153)) - IPC Server listener on 37513: starting
2019-06-13 20:08:07,268 INFO  http.HttpServer2 (HttpServer2.java:bindListener(1191)) - Jetty bound to port 33423
2019-06-13 20:08:07,268 INFO  server.Server (Server.java:doStart(351)) - jetty-9.3.24.v20180605, build timestamp: 2018-06-05T17:11:56Z, git hash: 84205aa28f11a4f31f2a3b86d1bba2cc8ab69827
2019-06-13 20:08:07,269 INFO  handler.ContextHandler (ContextHandler.java:doStart(781)) - Started o.e.j.s.ServletContextHandler@2f84b28{/logs,file:///opt/src/hadoop-ozone/integration-test/target/log,AVAILABLE}
2019-06-13 20:08:07,270 INFO  handler.ContextHandler (ContextHandler.java:doStart(781)) - Started o.e.j.s.ServletContextHandler@7b0cb353{/static,file:///opt/src/hadoop-ozone/integration-test/target/test-classes/webapps/static,AVAILABLE}
2019-06-13 20:08:07,272 INFO  handler.ContextHandler (ContextHandler.java:doStart(781)) - Started o.e.j.w.WebAppContext@3df0405b{/,file:///opt/src/hadoop-ozone/integration-test/target/test-classes/webapps/scm/,AVAILABLE}{/scm}
2019-06-13 20:08:07,273 INFO  server.AbstractConnector (AbstractConnector.java:doStart(278)) - Started ServerConnector@14fe8d5f{HTTP/1.1,[http/1.1]}{0.0.0.0:33423}
2019-06-13 20:08:07,273 INFO  server.Server (Server.java:doStart(419)) - Started @23604ms
2019-06-13 20:08:07,274 INFO  server.BaseHttpServer (BaseHttpServer.java:updateConnectorAddress(207)) - HTTP server of SCM is listening at http://0.0.0.0:33423
2019-06-13 20:08:07,275 WARN  scm.ScmUtils (ScmUtils.java:getDBPath(63)) - ozone.om.db.dirs is not configured. We recommend adding this setting. Falling back to ozone.metadata.dirs instead.
2019-06-13 20:08:07,275 INFO  util.JvmPauseMonitor (JvmPauseMonitor.java:run(188)) - Starting JVM pause monitor
2019-06-13 20:08:07,277 WARN  scm.ScmUtils (ScmUtils.java:getDBPath(63)) - ozone.om.db.dirs is not configured. We recommend adding this setting. Falling back to ozone.metadata.dirs instead.
2019-06-13 20:08:07,278 INFO  om.OzoneManager (OzoneManager.java:setOMNodeDetails(519)) - OM Service ID is not set. Setting it to the default ID: omServiceIdDefault
2019-06-13 20:08:07,278 INFO  om.OzoneManager (OzoneManager.java:setOMNodeDetails(525)) - OM Node ID is not set. Setting it to the OmStorage's OmID: e14c17af-10e1-4f7a-a27f-2b30d58a2495
2019-06-13 20:08:07,278 WARN  scm.HddsServerUtil (HddsServerUtil.java:getDefaultRatisDirectory(354)) - Storage directory for Ratis is not configured. It is a good idea to map this to an SSD disk. Falling back to ozone.metadata.dirs
2019-06-13 20:08:07,278 WARN  scm.HddsServerUtil (HddsServerUtil.java:getDefaultRatisDirectory(354)) - Storage directory for Ratis is not configured. It is a good idea to map this to an SSD disk. Falling back to ozone.metadata.dirs
2019-06-13 20:08:07,278 INFO  om.OzoneManager (OzoneManager.java:loadOMHAConfigs(476)) - Found matching OM address with OMServiceId: null, OMNodeId: null, RPC Address: localhost:0 and Ratis port: 9872
2019-06-13 20:08:07,283 WARN  scm.ScmUtils (ScmUtils.java:getDBPath(63)) - ozone.om.db.dirs is not configured. We recommend adding this setting. Falling back to ozone.metadata.dirs instead.
2019-06-13 20:08:07,284 INFO  db.DBStoreBuilder (DBStoreBuilder.java:addTable(110)) - using custom profile for table: userTable
2019-06-13 20:08:07,284 INFO  db.DBStoreBuilder (DBStoreBuilder.java:processTables(161)) - Using default column profile:DBProfile.DISK for Table:userTable
2019-06-13 20:08:07,284 INFO  db.DBStoreBuilder (DBStoreBuilder.java:addTable(110)) - using custom profile for table: volumeTable
2019-06-13 20:08:07,284 INFO  db.DBStoreBuilder (DBStoreBuilder.java:processTables(161)) - Using default column profile:DBProfile.DISK for Table:volumeTable
2019-06-13 20:08:07,284 INFO  db.DBStoreBuilder (DBStoreBuilder.java:addTable(110)) - using custom profile for table: bucketTable
2019-06-13 20:08:07,284 INFO  db.DBStoreBuilder (DBStoreBuilder.java:processTables(161)) - Using default column profile:DBProfile.DISK for Table:bucketTable
2019-06-13 20:08:07,284 INFO  db.DBStoreBuilder (DBStoreBuilder.java:addTable(110)) - using custom profile for table: keyTable
2019-06-13 20:08:07,284 INFO  db.DBStoreBuilder (DBStoreBuilder.java:processTables(161)) - Using default column profile:DBProfile.DISK for Table:keyTable
2019-06-13 20:08:07,285 INFO  db.DBStoreBuilder (DBStoreBuilder.java:addTable(110)) - using custom profile for table: deletedTable
2019-06-13 20:08:07,285 INFO  db.DBStoreBuilder (DBStoreBuilder.java:processTables(161)) - Using default column profile:DBProfile.DISK for Table:deletedTable
2019-06-13 20:08:07,285 INFO  db.DBStoreBuilder (DBStoreBuilder.java:addTable(110)) - using custom profile for table: openKeyTable
2019-06-13 20:08:07,285 INFO  db.DBStoreBuilder (DBStoreBuilder.java:processTables(161)) - Using default column profile:DBProfile.DISK for Table:openKeyTable
2019-06-13 20:08:07,285 INFO  db.DBStoreBuilder (DBStoreBuilder.java:addTable(110)) - using custom profile for table: s3Table
2019-06-13 20:08:07,285 INFO  db.DBStoreBuilder (DBStoreBuilder.java:processTables(161)) - Using default column profile:DBProfile.DISK for Table:s3Table
2019-06-13 20:08:07,285 INFO  db.DBStoreBuilder (DBStoreBuilder.java:addTable(110)) - using custom profile for table: multipartInfoTable
2019-06-13 20:08:07,285 INFO  db.DBStoreBuilder (DBStoreBuilder.java:processTables(161)) - Using default column profile:DBProfile.DISK for Table:multipartInfoTable
2019-06-13 20:08:07,285 INFO  db.DBStoreBuilder (DBStoreBuilder.java:addTable(110)) - using custom profile for table: dTokenTable
2019-06-13 20:08:07,285 INFO  db.DBStoreBuilder (DBStoreBuilder.java:processTables(161)) - Using default column profile:DBProfile.DISK for Table:dTokenTable
2019-06-13 20:08:07,285 INFO  db.DBStoreBuilder (DBStoreBuilder.java:addTable(110)) - using custom profile for table: s3SecretTable
2019-06-13 20:08:07,286 INFO  db.DBStoreBuilder (DBStoreBuilder.java:processTables(161)) - Using default column profile:DBProfile.DISK for Table:s3SecretTable
2019-06-13 20:08:07,286 INFO  db.DBStoreBuilder (DBStoreBuilder.java:addTable(110)) - using custom profile for table: prefixTable
2019-06-13 20:08:07,286 INFO  db.DBStoreBuilder (DBStoreBuilder.java:processTables(161)) - Using default column profile:DBProfile.DISK for Table:prefixTable
2019-06-13 20:08:07,286 INFO  db.DBStoreBuilder (DBStoreBuilder.java:addTable(110)) - using custom profile for table: default
2019-06-13 20:08:07,286 INFO  db.DBStoreBuilder (DBStoreBuilder.java:processTables(167)) - Using default column profile:DBProfile.DISK for Table:default
2019-06-13 20:08:07,286 INFO  db.DBStoreBuilder (DBStoreBuilder.java:getDbProfile(198)) - Using default options. DBProfile.DISK
2019-06-13 20:08:07,436 INFO  ipc.CallQueueManager (CallQueueManager.java:<init>(84)) - Using callQueue: class java.util.concurrent.LinkedBlockingQueue, queueCapacity: 2000, scheduler: class org.apache.hadoop.ipc.DefaultRpcScheduler, ipcBackoff: false.
2019-06-13 20:08:07,437 INFO  ipc.Server (Server.java:run(1074)) - Starting Socket Reader #1 for port 36847
2019-06-13 20:08:07,449 WARN  scm.ScmUtils (ScmUtils.java:getDBPath(63)) - ozone.om.db.dirs is not configured. We recommend adding this setting. Falling back to ozone.metadata.dirs instead.
2019-06-13 20:08:07,449 INFO  om.OzoneManager (OzoneManager.java:start(1217)) - OzoneManager RPC server is listening at localhost/127.0.0.1:36847
2019-06-13 20:08:07,449 INFO  impl.MetricsSystemImpl (MetricsSystemImpl.java:init(158)) - OzoneManager metrics system started (again)
2019-06-13 20:08:07,450 INFO  ipc.Server (Server.java:run(1314)) - IPC Server Responder: starting
2019-06-13 20:08:07,450 INFO  ipc.Server (Server.java:run(1153)) - IPC Server listener on 36847: starting
2019-06-13 20:08:07,456 INFO  hdfs.DFSUtil (DFSUtil.java:httpServerTemplateForNNAndJN(1641)) - Starting Web-server for ozoneManager at: http://0.0.0.0:0
2019-06-13 20:08:07,457 INFO  server.AuthenticationFilter (AuthenticationFilter.java:constructSecretProvider(240)) - Unable to initialize FileSignerSecretProvider, falling back to use random secrets.
2019-06-13 20:08:07,458 WARN  http.HttpRequestLog (HttpRequestLog.java:getRequestLog(97)) - Jetty request log can only be enabled using Log4j
2019-06-13 20:08:07,459 INFO  http.HttpServer2 (HttpServer2.java:addGlobalFilter(975)) - Added global filter 'safety' (class=org.apache.hadoop.http.HttpServer2$QuotingInputFilter)
2019-06-13 20:08:07,459 INFO  http.HttpServer2 (HttpServer2.java:addFilter(948)) - Added filter static_user_filter (class=org.apache.hadoop.http.lib.StaticUserWebFilter$StaticUserFilter) to context ozoneManager
2019-06-13 20:08:07,459 INFO  http.HttpServer2 (HttpServer2.java:addFilter(958)) - Added filter static_user_filter (class=org.apache.hadoop.http.lib.StaticUserWebFilter$StaticUserFilter) to context logs
2019-06-13 20:08:07,459 INFO  http.HttpServer2 (HttpServer2.java:addFilter(958)) - Added filter static_user_filter (class=org.apache.hadoop.http.lib.StaticUserWebFilter$StaticUserFilter) to context static
2019-06-13 20:08:07,460 INFO  http.HttpServer2 (HttpServer2.java:bindListener(1191)) - Jetty bound to port 41781
2019-06-13 20:08:07,460 INFO  server.Server (Server.java:doStart(351)) - jetty-9.3.24.v20180605, build timestamp: 2018-06-05T17:11:56Z, git hash: 84205aa28f11a4f31f2a3b86d1bba2cc8ab69827
2019-06-13 20:08:07,461 INFO  handler.ContextHandler (ContextHandler.java:doStart(781)) - Started o.e.j.s.ServletContextHandler@1f7ba83a{/logs,file:///opt/src/hadoop-ozone/integration-test/target/log,AVAILABLE}
2019-06-13 20:08:07,462 INFO  handler.ContextHandler (ContextHandler.java:doStart(781)) - Started o.e.j.s.ServletContextHandler@70f8a457{/static,file:///opt/src/hadoop-ozone/integration-test/target/test-classes/webapps/static,AVAILABLE}
2019-06-13 20:08:07,466 INFO  handler.ContextHandler (ContextHandler.java:doStart(781)) - Started o.e.j.w.WebAppContext@3ca926af{/,file:///opt/src/hadoop-ozone/integration-test/target/test-classes/webapps/ozoneManager/,AVAILABLE}{/ozoneManager}
2019-06-13 20:08:07,466 INFO  server.AbstractConnector (AbstractConnector.java:doStart(278)) - Started ServerConnector@20e70406{HTTP/1.1,[http/1.1]}{0.0.0.0:41781}
2019-06-13 20:08:07,467 INFO  server.Server (Server.java:doStart(419)) - Started @23797ms
2019-06-13 20:08:07,467 INFO  server.BaseHttpServer (BaseHttpServer.java:updateConnectorAddress(207)) - HTTP server of OZONEMANAGER is listening at http://0.0.0.0:41781
2019-06-13 20:08:07,470 INFO  impl.MetricsSystemImpl (MetricsSystemImpl.java:init(158)) - HddsDatanode metrics system started (again)
2019-06-13 20:08:07,470 INFO  ozone.HddsDatanodeService (HddsDatanodeService.java:start(185)) - HddsDatanodeService host:ozone-d8fz6-1684193631 ip:192.168.46.24
2019-06-13 20:08:07,475 INFO  volume.HddsVolume (HddsVolume.java:<init>(176)) - Creating Volume: /opt/src/hadoop-ozone/integration-test/target/test-dir/MiniOzoneClusterImpl-c04fe284-5df4-468d-ad98-3b9bdd7fd663/datanode-0/data/containers/hdds of  storage type : DISK and capacity : 104021790720
2019-06-13 20:08:07,475 INFO  volume.VolumeSet (VolumeSet.java:initializeVolumeSet(170)) - Added Volume : /opt/src/hadoop-ozone/integration-test/target/test-dir/MiniOzoneClusterImpl-c04fe284-5df4-468d-ad98-3b9bdd7fd663/datanode-0/data/containers/hdds to VolumeSet
2019-06-13 20:08:07,476 INFO  volume.ThrottledAsyncChecker (ThrottledAsyncChecker.java:schedule(140)) - Scheduling a check for org.apache.hadoop.ozone.container.common.volume.HddsVolume@7f43eaf6
2019-06-13 20:08:07,476 INFO  volume.HddsVolumeChecker (HddsVolumeChecker.java:checkAllVolumes(203)) - Scheduled health check for volume org.apache.hadoop.ozone.container.common.volume.HddsVolume@7f43eaf6
2019-06-13 20:08:07,487 INFO  ratis.XceiverServerRatis (XceiverServerRatis.java:newXceiverServerRatis(401)) - Found a free port for the server : 35147
2019-06-13 20:08:07,487 INFO  impl.RaftServerProxy (ConfUtils.java:logGet(43)) - raft.rpc.type = GRPC (default)
2019-06-13 20:08:07,487 INFO  grpc.GrpcConfigKeys$Server (ConfUtils.java:logGet(43)) - raft.grpc.server.port = 35147 (custom)
2019-06-13 20:08:07,488 INFO  server.GrpcService (ConfUtils.java:logGet(43)) - raft.grpc.message.size.max = 33570816 (custom)
2019-06-13 20:08:07,488 INFO  server.RaftServerConfigKeys (ConfUtils.java:logGet(43)) - raft.server.log.appender.buffer.byte-limit = 33554432 (custom)
2019-06-13 20:08:07,488 INFO  server.GrpcService (ConfUtils.java:logGet(43)) - raft.grpc.flow.control.window = 1MB (=1048576) (default)
2019-06-13 20:08:07,488 INFO  server.RaftServerConfigKeys (ConfUtils.java:logGet(43)) - raft.server.rpc.request.timeout = 3000ms (default)
2019-06-13 20:08:07,489 INFO  server.RaftServerConfigKeys (ConfUtils.java:logGet(43)) - raft.server.storage.dir = [/opt/src/hadoop-ozone/integration-test/target/test-dir/MiniOzoneClusterImpl-c04fe284-5df4-468d-ad98-3b9bdd7fd663/datanode-0/data/ratis] (custom)
2019-06-13 20:08:07,489 INFO  server.XceiverServerGrpc (XceiverServerGrpc.java:<init>(97)) - Found a free port for the server : 39755
2019-06-13 20:08:07,489 INFO  replication.SimpleContainerDownloader (SimpleContainerDownloader.java:<init>(72)) - Starting container downloader service to copy containers to replicate.
2019-06-13 20:08:07,522 INFO  hdfs.DFSUtil (DFSUtil.java:httpServerTemplateForNNAndJN(1641)) - Starting Web-server for hddsDatanode at: http://0.0.0.0:0
2019-06-13 20:08:07,523 INFO  server.AuthenticationFilter (AuthenticationFilter.java:constructSecretProvider(240)) - Unable to initialize FileSignerSecretProvider, falling back to use random secrets.
2019-06-13 20:08:07,525 WARN  http.HttpRequestLog (HttpRequestLog.java:getRequestLog(97)) - Jetty request log can only be enabled using Log4j
2019-06-13 20:08:07,526 INFO  http.HttpServer2 (HttpServer2.java:addGlobalFilter(975)) - Added global filter 'safety' (class=org.apache.hadoop.http.HttpServer2$QuotingInputFilter)
2019-06-13 20:08:07,527 INFO  http.HttpServer2 (HttpServer2.java:addFilter(948)) - Added filter static_user_filter (class=org.apache.hadoop.http.lib.StaticUserWebFilter$StaticUserFilter) to context hddsDatanode
2019-06-13 20:08:07,527 INFO  http.HttpServer2 (HttpServer2.java:addFilter(958)) - Added filter static_user_filter (class=org.apache.hadoop.http.lib.StaticUserWebFilter$StaticUserFilter) to context logs
2019-06-13 20:08:07,527 INFO  http.HttpServer2 (HttpServer2.java:addFilter(958)) - Added filter static_user_filter (class=org.apache.hadoop.http.lib.StaticUserWebFilter$StaticUserFilter) to context static
2019-06-13 20:08:07,527 INFO  http.HttpServer2 (HttpServer2.java:bindListener(1191)) - Jetty bound to port 46291
2019-06-13 20:08:07,527 INFO  server.Server (Server.java:doStart(351)) - jetty-9.3.24.v20180605, build timestamp: 2018-06-05T17:11:56Z, git hash: 84205aa28f11a4f31f2a3b86d1bba2cc8ab69827
2019-06-13 20:08:07,529 INFO  handler.ContextHandler (ContextHandler.java:doStart(781)) - Started o.e.j.s.ServletContextHandler@7eae23fe{/logs,file:///opt/src/hadoop-ozone/integration-test/target/log,AVAILABLE}
2019-06-13 20:08:07,529 INFO  handler.ContextHandler (ContextHandler.java:doStart(781)) - Started o.e.j.s.ServletContextHandler@7787d097{/static,jar:file:/root/.m2/repository/org/apache/hadoop/hadoop-hdds-container-service/0.5.0-SNAPSHOT/hadoop-hdds-container-service-0.5.0-SNAPSHOT.jar!/webapps/static,AVAILABLE}
2019-06-13 20:08:07,551 INFO  handler.ContextHandler (ContextHandler.java:doStart(781)) - Started o.e.j.w.WebAppContext@1d94b739{/,file:///tmp/jetty-0.0.0.0-46291-hddsDatanode-_-any-2044100649249876632.dir/webapp/,AVAILABLE}{/hddsDatanode}
2019-06-13 20:08:07,552 INFO  server.AbstractConnector (AbstractConnector.java:doStart(278)) - Started ServerConnector@4fb64bf9{HTTP/1.1,[http/1.1]}{0.0.0.0:46291}
2019-06-13 20:08:07,552 INFO  server.Server (Server.java:doStart(419)) - Started @23883ms
2019-06-13 20:08:07,553 INFO  server.BaseHttpServer (BaseHttpServer.java:updateConnectorAddress(207)) - HTTP server of HDDSDATANODE is listening at http://0.0.0.0:46291
2019-06-13 20:08:07,678 INFO  ozone.HddsDatanodeService (HddsDatanodeService.java:startPlugins(396)) - Started plug-in org.apache.hadoop.ozone.web.OzoneHddsDatanodeService@2af337c5
2019-06-13 20:08:07,678 INFO  ozone.MiniOzoneClusterImpl (MiniOzoneClusterImpl.java:lambda$waitForClusterToBeReady$0(142)) - Waiting for cluster to be ready. Got 0 of 1 DN Heartbeats.
2019-06-13 20:08:07,680 INFO  util.JvmPauseMonitor (JvmPauseMonitor.java:run(188)) - Starting JVM pause monitor
2019-06-13 20:08:07,681 INFO  datanode.InitDatanodeState (InitDatanodeState.java:persistContainerDatanodeDetails(140)) - DatanodeDetails is persisted to /opt/src/hadoop-ozone/integration-test/target/test-dir/MiniOzoneClusterImpl-c04fe284-5df4-468d-ad98-3b9bdd7fd663/datanode-0/meta/datanode.id
2019-06-13 20:08:08,059 INFO  background.BlockDeletingService (BlockDeletingService.java:getTasks(123)) - Plan to choose 10 containers for block deletion, actually returns 5 valid containers.
2019-06-13 20:08:08,060 ERROR utils.ContainerCache (ContainerCache.java:getDB(137)) - Error opening DB. Container:1 ContainerPath:/opt/src/hadoop-ozone/integration-test/target/test-dir/MiniOzoneClusterImpl-81045214-ddaf-49dc-b937-6952dc108bc6/datanode-0/data/containers/hdds/87ce7603-6886-4678-97fb-c6fe9dde4d32/current/containerDir0/1/metadata/1-dn-container.db
java.io.IOException: Failed init RocksDB, db path : /opt/src/hadoop-ozone/integration-test/target/test-dir/MiniOzoneClusterImpl-81045214-ddaf-49dc-b937-6952dc108bc6/datanode-0/data/containers/hdds/87ce7603-6886-4678-97fb-c6fe9dde4d32/current/containerDir0/1/metadata/1-dn-container.db
	at org.apache.hadoop.utils.RocksDBStore.<init>(RocksDBStore.java:87)
	at org.apache.hadoop.utils.MetadataStoreBuilder.build(MetadataStoreBuilder.java:137)
	at org.apache.hadoop.ozone.container.common.utils.ContainerCache.getDB(ContainerCache.java:129)
	at org.apache.hadoop.ozone.container.keyvalue.helpers.BlockUtils.getDB(BlockUtils.java:77)
	at org.apache.hadoop.ozone.container.keyvalue.statemachine.background.BlockDeletingService$BlockDeletingTask.call(BlockDeletingService.java:188)
	at org.apache.hadoop.ozone.container.keyvalue.statemachine.background.BlockDeletingService$BlockDeletingTask.call(BlockDeletingService.java:172)
	at java.util.concurrent.FutureTask.run(FutureTask.java:266)
	at java.util.concurrent.Executors$RunnableAdapter.call(Executors.java:511)
	at java.util.concurrent.FutureTask.run(FutureTask.java:266)
	at java.util.concurrent.Executors$RunnableAdapter.call(Executors.java:511)
	at java.util.concurrent.FutureTask.run(FutureTask.java:266)
	at java.util.concurrent.ScheduledThreadPoolExecutor$ScheduledFutureTask.access$201(ScheduledThreadPoolExecutor.java:180)
	at java.util.concurrent.ScheduledThreadPoolExecutor$ScheduledFutureTask.run(ScheduledThreadPoolExecutor.java:293)
	at java.util.concurrent.ThreadPoolExecutor.runWorker(ThreadPoolExecutor.java:1149)
	at java.util.concurrent.ThreadPoolExecutor$Worker.run(ThreadPoolExecutor.java:624)
	at java.lang.Thread.run(Thread.java:748)
Caused by: org.rocksdb.RocksDBException: While mkdir if missing: /opt/src/hadoop-ozone/integration-test/target/test-dir/MiniOzoneClusterImpl-81045214-ddaf-49dc-b937-6952dc108bc6/datanode-0/data/containers/hdds/87ce7603-6886-4678-97fb-c6fe9dde4d32/current/containerDir0/1/metadata/1-dn-container.db: No such file or directory
	at org.rocksdb.RocksDB.open(Native Method)
	at org.rocksdb.RocksDB.open(RocksDB.java:231)
	at org.apache.hadoop.utils.RocksDBStore.<init>(RocksDBStore.java:71)
	... 15 more
2019-06-13 20:08:08,060 ERROR utils.ContainerCache (ContainerCache.java:getDB(137)) - Error opening DB. Container:5 ContainerPath:/opt/src/hadoop-ozone/integration-test/target/test-dir/MiniOzoneClusterImpl-81045214-ddaf-49dc-b937-6952dc108bc6/datanode-0/data/containers/hdds/87ce7603-6886-4678-97fb-c6fe9dde4d32/current/containerDir0/5/metadata/5-dn-container.db
java.io.IOException: Failed init RocksDB, db path : /opt/src/hadoop-ozone/integration-test/target/test-dir/MiniOzoneClusterImpl-81045214-ddaf-49dc-b937-6952dc108bc6/datanode-0/data/containers/hdds/87ce7603-6886-4678-97fb-c6fe9dde4d32/current/containerDir0/5/metadata/5-dn-container.db
	at org.apache.hadoop.utils.RocksDBStore.<init>(RocksDBStore.java:87)
	at org.apache.hadoop.utils.MetadataStoreBuilder.build(MetadataStoreBuilder.java:137)
	at org.apache.hadoop.ozone.container.common.utils.ContainerCache.getDB(ContainerCache.java:129)
	at org.apache.hadoop.ozone.container.keyvalue.helpers.BlockUtils.getDB(BlockUtils.java:77)
	at org.apache.hadoop.ozone.container.keyvalue.statemachine.background.BlockDeletingService$BlockDeletingTask.call(BlockDeletingService.java:188)
	at org.apache.hadoop.ozone.container.keyvalue.statemachine.background.BlockDeletingService$BlockDeletingTask.call(BlockDeletingService.java:172)
	at java.util.concurrent.FutureTask.run(FutureTask.java:266)
	at java.util.concurrent.Executors$RunnableAdapter.call(Executors.java:511)
	at java.util.concurrent.FutureTask.run(FutureTask.java:266)
	at java.util.concurrent.Executors$RunnableAdapter.call(Executors.java:511)
	at java.util.concurrent.FutureTask.run(FutureTask.java:266)
	at java.util.concurrent.ScheduledThreadPoolExecutor$ScheduledFutureTask.access$201(ScheduledThreadPoolExecutor.java:180)
	at java.util.concurrent.ScheduledThreadPoolExecutor$ScheduledFutureTask.run(ScheduledThreadPoolExecutor.java:293)
	at java.util.concurrent.ThreadPoolExecutor.runWorker(ThreadPoolExecutor.java:1149)
	at java.util.concurrent.ThreadPoolExecutor$Worker.run(ThreadPoolExecutor.java:624)
	at java.lang.Thread.run(Thread.java:748)
Caused by: org.rocksdb.RocksDBException: While mkdir if missing: /opt/src/hadoop-ozone/integration-test/target/test-dir/MiniOzoneClusterImpl-81045214-ddaf-49dc-b937-6952dc108bc6/datanode-0/data/containers/hdds/87ce7603-6886-4678-97fb-c6fe9dde4d32/current/containerDir0/5/metadata/5-dn-container.db: No such file or directory
	at org.rocksdb.RocksDB.open(Native Method)
	at org.rocksdb.RocksDB.open(RocksDB.java:231)
	at org.apache.hadoop.utils.RocksDBStore.<init>(RocksDBStore.java:71)
	... 15 more
2019-06-13 20:08:08,060 WARN  utils.BackgroundService (BackgroundService.java:lambda$run$0(135)) - Background task fails to execute, retrying in next interval
java.util.concurrent.ExecutionException: org.apache.hadoop.hdds.scm.container.common.helpers.StorageContainerException: Error opening DB. Container:5 ContainerPath:/opt/src/hadoop-ozone/integration-test/target/test-dir/MiniOzoneClusterImpl-81045214-ddaf-49dc-b937-6952dc108bc6/datanode-0/data/containers/hdds/87ce7603-6886-4678-97fb-c6fe9dde4d32/current/containerDir0/5/metadata/5-dn-container.db
	at java.util.concurrent.FutureTask.report(FutureTask.java:122)
	at java.util.concurrent.FutureTask.get(FutureTask.java:206)
	at org.apache.hadoop.utils.BackgroundService$PeriodicalTask.lambda$run$0(BackgroundService.java:129)
	at java.util.stream.ForEachOps$ForEachOp$OfRef.accept(ForEachOps.java:184)
	at java.util.ArrayList$ArrayListSpliterator.forEachRemaining(ArrayList.java:1382)
	at java.util.stream.AbstractPipeline.copyInto(AbstractPipeline.java:482)
	at java.util.stream.ForEachOps$ForEachTask.compute(ForEachOps.java:291)
	at java.util.concurrent.CountedCompleter.exec(CountedCompleter.java:731)
	at java.util.concurrent.ForkJoinTask.doExec(ForkJoinTask.java:289)
	at java.util.concurrent.ForkJoinPool$WorkQueue.runTask(ForkJoinPool.java:1056)
	at java.util.concurrent.ForkJoinPool.runWorker(ForkJoinPool.java:1692)
	at java.util.concurrent.ForkJoinWorkerThread.run(ForkJoinWorkerThread.java:157)
Caused by: org.apache.hadoop.hdds.scm.container.common.helpers.StorageContainerException: Error opening DB. Container:5 ContainerPath:/opt/src/hadoop-ozone/integration-test/target/test-dir/MiniOzoneClusterImpl-81045214-ddaf-49dc-b937-6952dc108bc6/datanode-0/data/containers/hdds/87ce7603-6886-4678-97fb-c6fe9dde4d32/current/containerDir0/5/metadata/5-dn-container.db
	at org.apache.hadoop.ozone.container.keyvalue.helpers.BlockUtils.getDB(BlockUtils.java:84)
	at org.apache.hadoop.ozone.container.keyvalue.statemachine.background.BlockDeletingService$BlockDeletingTask.call(BlockDeletingService.java:188)
	at org.apache.hadoop.ozone.container.keyvalue.statemachine.background.BlockDeletingService$BlockDeletingTask.call(BlockDeletingService.java:172)
	at java.util.concurrent.FutureTask.run(FutureTask.java:266)
	at java.util.concurrent.Executors$RunnableAdapter.call(Executors.java:511)
	at java.util.concurrent.FutureTask.run(FutureTask.java:266)
	at java.util.concurrent.Executors$RunnableAdapter.call(Executors.java:511)
	at java.util.concurrent.FutureTask.run(FutureTask.java:266)
	at java.util.concurrent.ScheduledThreadPoolExecutor$ScheduledFutureTask.access$201(ScheduledThreadPoolExecutor.java:180)
	at java.util.concurrent.ScheduledThreadPoolExecutor$ScheduledFutureTask.run(ScheduledThreadPoolExecutor.java:293)
	at java.util.concurrent.ThreadPoolExecutor.runWorker(ThreadPoolExecutor.java:1149)
	at java.util.concurrent.ThreadPoolExecutor$Worker.run(ThreadPoolExecutor.java:624)
	at java.lang.Thread.run(Thread.java:748)
2019-06-13 20:08:08,061 ERROR utils.ContainerCache (ContainerCache.java:getDB(137)) - Error opening DB. Container:4 ContainerPath:/opt/src/hadoop-ozone/integration-test/target/test-dir/MiniOzoneClusterImpl-81045214-ddaf-49dc-b937-6952dc108bc6/datanode-0/data/containers/hdds/87ce7603-6886-4678-97fb-c6fe9dde4d32/current/containerDir0/4/metadata/4-dn-container.db
java.io.IOException: Failed init RocksDB, db path : /opt/src/hadoop-ozone/integration-test/target/test-dir/MiniOzoneClusterImpl-81045214-ddaf-49dc-b937-6952dc108bc6/datanode-0/data/containers/hdds/87ce7603-6886-4678-97fb-c6fe9dde4d32/current/containerDir0/4/metadata/4-dn-container.db
	at org.apache.hadoop.utils.RocksDBStore.<init>(RocksDBStore.java:87)
	at org.apache.hadoop.utils.MetadataStoreBuilder.build(MetadataStoreBuilder.java:137)
	at org.apache.hadoop.ozone.container.common.utils.ContainerCache.getDB(ContainerCache.java:129)
	at org.apache.hadoop.ozone.container.keyvalue.helpers.BlockUtils.getDB(BlockUtils.java:77)
	at org.apache.hadoop.ozone.container.keyvalue.statemachine.background.BlockDeletingService$BlockDeletingTask.call(BlockDeletingService.java:188)
	at org.apache.hadoop.ozone.container.keyvalue.statemachine.background.BlockDeletingService$BlockDeletingTask.call(BlockDeletingService.java:172)
	at java.util.concurrent.FutureTask.run(FutureTask.java:266)
	at java.util.concurrent.Executors$RunnableAdapter.call(Executors.java:511)
	at java.util.concurrent.FutureTask.run(FutureTask.java:266)
	at java.util.concurrent.Executors$RunnableAdapter.call(Executors.java:511)
	at java.util.concurrent.FutureTask.run(FutureTask.java:266)
	at java.util.concurrent.ScheduledThreadPoolExecutor$ScheduledFutureTask.access$201(ScheduledThreadPoolExecutor.java:180)
	at java.util.concurrent.ScheduledThreadPoolExecutor$ScheduledFutureTask.run(ScheduledThreadPoolExecutor.java:293)
	at java.util.concurrent.ThreadPoolExecutor.runWorker(ThreadPoolExecutor.java:1149)
	at java.util.concurrent.ThreadPoolExecutor$Worker.run(ThreadPoolExecutor.java:624)
	at java.lang.Thread.run(Thread.java:748)
Caused by: org.rocksdb.RocksDBException: While mkdir if missing: /opt/src/hadoop-ozone/integration-test/target/test-dir/MiniOzoneClusterImpl-81045214-ddaf-49dc-b937-6952dc108bc6/datanode-0/data/containers/hdds/87ce7603-6886-4678-97fb-c6fe9dde4d32/current/containerDir0/4/metadata/4-dn-container.db: No such file or directory
	at org.rocksdb.RocksDB.open(Native Method)
	at org.rocksdb.RocksDB.open(RocksDB.java:231)
	at org.apache.hadoop.utils.RocksDBStore.<init>(RocksDBStore.java:71)
	... 15 more
2019-06-13 20:08:08,061 WARN  utils.BackgroundService (BackgroundService.java:lambda$run$0(135)) - Background task fails to execute, retrying in next interval
java.util.concurrent.ExecutionException: org.apache.hadoop.hdds.scm.container.common.helpers.StorageContainerException: Error opening DB. Container:4 ContainerPath:/opt/src/hadoop-ozone/integration-test/target/test-dir/MiniOzoneClusterImpl-81045214-ddaf-49dc-b937-6952dc108bc6/datanode-0/data/containers/hdds/87ce7603-6886-4678-97fb-c6fe9dde4d32/current/containerDir0/4/metadata/4-dn-container.db
	at java.util.concurrent.FutureTask.report(FutureTask.java:122)
	at java.util.concurrent.FutureTask.get(FutureTask.java:206)
	at org.apache.hadoop.utils.BackgroundService$PeriodicalTask.lambda$run$0(BackgroundService.java:129)
	at java.util.stream.ForEachOps$ForEachOp$OfRef.accept(ForEachOps.java:184)
	at java.util.ArrayList$ArrayListSpliterator.forEachRemaining(ArrayList.java:1382)
	at java.util.stream.AbstractPipeline.copyInto(AbstractPipeline.java:482)
	at java.util.stream.ForEachOps$ForEachTask.compute(ForEachOps.java:291)
	at java.util.concurrent.CountedCompleter.exec(CountedCompleter.java:731)
	at java.util.concurrent.ForkJoinTask.doExec(ForkJoinTask.java:289)
	at java.util.concurrent.ForkJoinTask.doInvoke(ForkJoinTask.java:401)
	at java.util.concurrent.ForkJoinTask.invoke(ForkJoinTask.java:734)
	at java.util.stream.ForEachOps$ForEachOp.evaluateParallel(ForEachOps.java:160)
	at java.util.stream.ForEachOps$ForEachOp$OfRef.evaluateParallel(ForEachOps.java:174)
	at java.util.stream.AbstractPipeline.evaluate(AbstractPipeline.java:233)
	at java.util.stream.ReferencePipeline.forEach(ReferencePipeline.java:418)
	at java.util.stream.ReferencePipeline$Head.forEach(ReferencePipeline.java:583)
	at org.apache.hadoop.utils.BackgroundService$PeriodicalTask.run(BackgroundService.java:125)
	at java.util.concurrent.Executors$RunnableAdapter.call(Executors.java:511)
	at java.util.concurrent.FutureTask.runAndReset(FutureTask.java:308)
	at java.util.concurrent.ScheduledThreadPoolExecutor$ScheduledFutureTask.access$301(ScheduledThreadPoolExecutor.java:180)
	at java.util.concurrent.ScheduledThreadPoolExecutor$ScheduledFutureTask.run(ScheduledThreadPoolExecutor.java:294)
	at java.util.concurrent.ThreadPoolExecutor.runWorker(ThreadPoolExecutor.java:1149)
	at java.util.concurrent.ThreadPoolExecutor$Worker.run(ThreadPoolExecutor.java:624)
	at java.lang.Thread.run(Thread.java:748)
Caused by: org.apache.hadoop.hdds.scm.container.common.helpers.StorageContainerException: Error opening DB. Container:4 ContainerPath:/opt/src/hadoop-ozone/integration-test/target/test-dir/MiniOzoneClusterImpl-81045214-ddaf-49dc-b937-6952dc108bc6/datanode-0/data/containers/hdds/87ce7603-6886-4678-97fb-c6fe9dde4d32/current/containerDir0/4/metadata/4-dn-container.db
	at org.apache.hadoop.ozone.container.keyvalue.helpers.BlockUtils.getDB(BlockUtils.java:84)
	at org.apache.hadoop.ozone.container.keyvalue.statemachine.background.BlockDeletingService$BlockDeletingTask.call(BlockDeletingService.java:188)
	at org.apache.hadoop.ozone.container.keyvalue.statemachine.background.BlockDeletingService$BlockDeletingTask.call(BlockDeletingService.java:172)
	at java.util.concurrent.FutureTask.run(FutureTask.java:266)
	at java.util.concurrent.Executors$RunnableAdapter.call(Executors.java:511)
	at java.util.concurrent.FutureTask.run(FutureTask.java:266)
	at java.util.concurrent.Executors$RunnableAdapter.call(Executors.java:511)
	at java.util.concurrent.FutureTask.run(FutureTask.java:266)
	at java.util.concurrent.ScheduledThreadPoolExecutor$ScheduledFutureTask.access$201(ScheduledThreadPoolExecutor.java:180)
	at java.util.concurrent.ScheduledThreadPoolExecutor$ScheduledFutureTask.run(ScheduledThreadPoolExecutor.java:293)
	... 3 more
2019-06-13 20:08:08,061 WARN  utils.BackgroundService (BackgroundService.java:lambda$run$0(135)) - Background task fails to execute, retrying in next interval
java.util.concurrent.ExecutionException: org.apache.hadoop.hdds.scm.container.common.helpers.StorageContainerException: Error opening DB. Container:1 ContainerPath:/opt/src/hadoop-ozone/integration-test/target/test-dir/MiniOzoneClusterImpl-81045214-ddaf-49dc-b937-6952dc108bc6/datanode-0/data/containers/hdds/87ce7603-6886-4678-97fb-c6fe9dde4d32/current/containerDir0/1/metadata/1-dn-container.db
	at java.util.concurrent.FutureTask.report(FutureTask.java:122)
	at java.util.concurrent.FutureTask.get(FutureTask.java:206)
	at org.apache.hadoop.utils.BackgroundService$PeriodicalTask.lambda$run$0(BackgroundService.java:129)
	at java.util.stream.ForEachOps$ForEachOp$OfRef.accept(ForEachOps.java:184)
	at java.util.ArrayList$ArrayListSpliterator.forEachRemaining(ArrayList.java:1382)
	at java.util.stream.AbstractPipeline.copyInto(AbstractPipeline.java:482)
	at java.util.stream.ForEachOps$ForEachTask.compute(ForEachOps.java:291)
	at java.util.concurrent.CountedCompleter.exec(CountedCompleter.java:731)
	at java.util.concurrent.ForkJoinTask.doExec(ForkJoinTask.java:289)
	at java.util.concurrent.ForkJoinPool$WorkQueue.execLocalTasks(ForkJoinPool.java:1040)
	at java.util.concurrent.ForkJoinPool$WorkQueue.runTask(ForkJoinPool.java:1058)
	at java.util.concurrent.ForkJoinPool.runWorker(ForkJoinPool.java:1692)
	at java.util.concurrent.ForkJoinWorkerThread.run(ForkJoinWorkerThread.java:157)
Caused by: org.apache.hadoop.hdds.scm.container.common.helpers.StorageContainerException: Error opening DB. Container:1 ContainerPath:/opt/src/hadoop-ozone/integration-test/target/test-dir/MiniOzoneClusterImpl-81045214-ddaf-49dc-b937-6952dc108bc6/datanode-0/data/containers/hdds/87ce7603-6886-4678-97fb-c6fe9dde4d32/current/containerDir0/1/metadata/1-dn-container.db
	at org.apache.hadoop.ozone.container.keyvalue.helpers.BlockUtils.getDB(BlockUtils.java:84)
	at org.apache.hadoop.ozone.container.keyvalue.statemachine.background.BlockDeletingService$BlockDeletingTask.call(BlockDeletingService.java:188)
	at org.apache.hadoop.ozone.container.keyvalue.statemachine.background.BlockDeletingService$BlockDeletingTask.call(BlockDeletingService.java:172)
	at java.util.concurrent.FutureTask.run(FutureTask.java:266)
	at java.util.concurrent.Executors$RunnableAdapter.call(Executors.java:511)
	at java.util.concurrent.FutureTask.run(FutureTask.java:266)
	at java.util.concurrent.Executors$RunnableAdapter.call(Executors.java:511)
	at java.util.concurrent.FutureTask.run(FutureTask.java:266)
	at java.util.concurrent.ScheduledThreadPoolExecutor$ScheduledFutureTask.access$201(ScheduledThreadPoolExecutor.java:180)
	at java.util.concurrent.ScheduledThreadPoolExecutor$ScheduledFutureTask.run(ScheduledThreadPoolExecutor.java:293)
	at java.util.concurrent.ThreadPoolExecutor.runWorker(ThreadPoolExecutor.java:1149)
	at java.util.concurrent.ThreadPoolExecutor$Worker.run(ThreadPoolExecutor.java:624)
	at java.lang.Thread.run(Thread.java:748)
2019-06-13 20:08:08,061 ERROR utils.ContainerCache (ContainerCache.java:getDB(137)) - Error opening DB. Container:3 ContainerPath:/opt/src/hadoop-ozone/integration-test/target/test-dir/MiniOzoneClusterImpl-81045214-ddaf-49dc-b937-6952dc108bc6/datanode-0/data/containers/hdds/87ce7603-6886-4678-97fb-c6fe9dde4d32/current/containerDir0/3/metadata/3-dn-container.db
java.io.IOException: Failed init RocksDB, db path : /opt/src/hadoop-ozone/integration-test/target/test-dir/MiniOzoneClusterImpl-81045214-ddaf-49dc-b937-6952dc108bc6/datanode-0/data/containers/hdds/87ce7603-6886-4678-97fb-c6fe9dde4d32/current/containerDir0/3/metadata/3-dn-container.db
	at org.apache.hadoop.utils.RocksDBStore.<init>(RocksDBStore.java:87)
	at org.apache.hadoop.utils.MetadataStoreBuilder.build(MetadataStoreBuilder.java:137)
	at org.apache.hadoop.ozone.container.common.utils.ContainerCache.getDB(ContainerCache.java:129)
	at org.apache.hadoop.ozone.container.keyvalue.helpers.BlockUtils.getDB(BlockUtils.java:77)
	at org.apache.hadoop.ozone.container.keyvalue.statemachine.background.BlockDeletingService$BlockDeletingTask.call(BlockDeletingService.java:188)
	at org.apache.hadoop.ozone.container.keyvalue.statemachine.background.BlockDeletingService$BlockDeletingTask.call(BlockDeletingService.java:172)
	at java.util.concurrent.FutureTask.run(FutureTask.java:266)
	at java.util.concurrent.Executors$RunnableAdapter.call(Executors.java:511)
	at java.util.concurrent.FutureTask.run(FutureTask.java:266)
	at java.util.concurrent.Executors$RunnableAdapter.call(Executors.java:511)
	at java.util.concurrent.FutureTask.run(FutureTask.java:266)
	at java.util.concurrent.ScheduledThreadPoolExecutor$ScheduledFutureTask.access$201(ScheduledThreadPoolExecutor.java:180)
	at java.util.concurrent.ScheduledThreadPoolExecutor$ScheduledFutureTask.run(ScheduledThreadPoolExecutor.java:293)
	at java.util.concurrent.ThreadPoolExecutor.runWorker(ThreadPoolExecutor.java:1149)
	at java.util.concurrent.ThreadPoolExecutor$Worker.run(ThreadPoolExecutor.java:624)
	at java.lang.Thread.run(Thread.java:748)
Caused by: org.rocksdb.RocksDBException: While mkdir if missing: /opt/src/hadoop-ozone/integration-test/target/test-dir/MiniOzoneClusterImpl-81045214-ddaf-49dc-b937-6952dc108bc6/datanode-0/data/containers/hdds/87ce7603-6886-4678-97fb-c6fe9dde4d32/current/containerDir0/3/metadata/3-dn-container.db: No such file or directory
	at org.rocksdb.RocksDB.open(Native Method)
	at org.rocksdb.RocksDB.open(RocksDB.java:231)
	at org.apache.hadoop.utils.RocksDBStore.<init>(RocksDBStore.java:71)
	... 15 more
2019-06-13 20:08:08,062 WARN  utils.BackgroundService (BackgroundService.java:lambda$run$0(135)) - Background task fails to execute, retrying in next interval
java.util.concurrent.ExecutionException: org.apache.hadoop.hdds.scm.container.common.helpers.StorageContainerException: Error opening DB. Container:3 ContainerPath:/opt/src/hadoop-ozone/integration-test/target/test-dir/MiniOzoneClusterImpl-81045214-ddaf-49dc-b937-6952dc108bc6/datanode-0/data/containers/hdds/87ce7603-6886-4678-97fb-c6fe9dde4d32/current/containerDir0/3/metadata/3-dn-container.db
	at java.util.concurrent.FutureTask.report(FutureTask.java:122)
	at java.util.concurrent.FutureTask.get(FutureTask.java:206)
	at org.apache.hadoop.utils.BackgroundService$PeriodicalTask.lambda$run$0(BackgroundService.java:129)
	at java.util.stream.ForEachOps$ForEachOp$OfRef.accept(ForEachOps.java:184)
	at java.util.ArrayList$ArrayListSpliterator.forEachRemaining(ArrayList.java:1382)
	at java.util.stream.AbstractPipeline.copyInto(AbstractPipeline.java:482)
	at java.util.stream.ForEachOps$ForEachTask.compute(ForEachOps.java:291)
	at java.util.concurrent.CountedCompleter.exec(CountedCompleter.java:731)
	at java.util.concurrent.ForkJoinTask.doExec(ForkJoinTask.java:289)
	at java.util.concurrent.ForkJoinPool$WorkQueue.runTask(ForkJoinPool.java:1056)
	at java.util.concurrent.ForkJoinPool.runWorker(ForkJoinPool.java:1692)
	at java.util.concurrent.ForkJoinWorkerThread.run(ForkJoinWorkerThread.java:157)
Caused by: org.apache.hadoop.hdds.scm.container.common.helpers.StorageContainerException: Error opening DB. Container:3 ContainerPath:/opt/src/hadoop-ozone/integration-test/target/test-dir/MiniOzoneClusterImpl-81045214-ddaf-49dc-b937-6952dc108bc6/datanode-0/data/containers/hdds/87ce7603-6886-4678-97fb-c6fe9dde4d32/current/containerDir0/3/metadata/3-dn-container.db
	at org.apache.hadoop.ozone.container.keyvalue.helpers.BlockUtils.getDB(BlockUtils.java:84)
	at org.apache.hadoop.ozone.container.keyvalue.statemachine.background.BlockDeletingService$BlockDeletingTask.call(BlockDeletingService.java:188)
	at org.apache.hadoop.ozone.container.keyvalue.statemachine.background.BlockDeletingService$BlockDeletingTask.call(BlockDeletingService.java:172)
	at java.util.concurrent.FutureTask.run(FutureTask.java:266)
	at java.util.concurrent.Executors$RunnableAdapter.call(Executors.java:511)
	at java.util.concurrent.FutureTask.run(FutureTask.java:266)
	at java.util.concurrent.Executors$RunnableAdapter.call(Executors.java:511)
	at java.util.concurrent.FutureTask.run(FutureTask.java:266)
	at java.util.concurrent.ScheduledThreadPoolExecutor$ScheduledFutureTask.access$201(ScheduledThreadPoolExecutor.java:180)
	at java.util.concurrent.ScheduledThreadPoolExecutor$ScheduledFutureTask.run(ScheduledThreadPoolExecutor.java:293)
	at java.util.concurrent.ThreadPoolExecutor.runWorker(ThreadPoolExecutor.java:1149)
	at java.util.concurrent.ThreadPoolExecutor$Worker.run(ThreadPoolExecutor.java:624)
	at java.lang.Thread.run(Thread.java:748)
2019-06-13 20:08:08,062 ERROR utils.ContainerCache (ContainerCache.java:getDB(137)) - Error opening DB. Container:2 ContainerPath:/opt/src/hadoop-ozone/integration-test/target/test-dir/MiniOzoneClusterImpl-81045214-ddaf-49dc-b937-6952dc108bc6/datanode-0/data/containers/hdds/87ce7603-6886-4678-97fb-c6fe9dde4d32/current/containerDir0/2/metadata/2-dn-container.db
java.io.IOException: Failed init RocksDB, db path : /opt/src/hadoop-ozone/integration-test/target/test-dir/MiniOzoneClusterImpl-81045214-ddaf-49dc-b937-6952dc108bc6/datanode-0/data/containers/hdds/87ce7603-6886-4678-97fb-c6fe9dde4d32/current/containerDir0/2/metadata/2-dn-container.db
	at org.apache.hadoop.utils.RocksDBStore.<init>(RocksDBStore.java:87)
	at org.apache.hadoop.utils.MetadataStoreBuilder.build(MetadataStoreBuilder.java:137)
	at org.apache.hadoop.ozone.container.common.utils.ContainerCache.getDB(ContainerCache.java:129)
	at org.apache.hadoop.ozone.container.keyvalue.helpers.BlockUtils.getDB(BlockUtils.java:77)
	at org.apache.hadoop.ozone.container.keyvalue.statemachine.background.BlockDeletingService$BlockDeletingTask.call(BlockDeletingService.java:188)
	at org.apache.hadoop.ozone.container.keyvalue.statemachine.background.BlockDeletingService$BlockDeletingTask.call(BlockDeletingService.java:172)
	at java.util.concurrent.FutureTask.run(FutureTask.java:266)
	at java.util.concurrent.Executors$RunnableAdapter.call(Executors.java:511)
	at java.util.concurrent.FutureTask.run(FutureTask.java:266)
	at java.util.concurrent.Executors$RunnableAdapter.call(Executors.java:511)
	at java.util.concurrent.FutureTask.run(FutureTask.java:266)
	at java.util.concurrent.ScheduledThreadPoolExecutor$ScheduledFutureTask.access$201(ScheduledThreadPoolExecutor.java:180)
	at java.util.concurrent.ScheduledThreadPoolExecutor$ScheduledFutureTask.run(ScheduledThreadPoolExecutor.java:293)
	at java.util.concurrent.ThreadPoolExecutor.runWorker(ThreadPoolExecutor.java:1149)
	at java.util.concurrent.ThreadPoolExecutor$Worker.run(ThreadPoolExecutor.java:624)
	at java.lang.Thread.run(Thread.java:748)
Caused by: org.rocksdb.RocksDBException: While mkdir if missing: /opt/src/hadoop-ozone/integration-test/target/test-dir/MiniOzoneClusterImpl-81045214-ddaf-49dc-b937-6952dc108bc6/datanode-0/data/containers/hdds/87ce7603-6886-4678-97fb-c6fe9dde4d32/current/containerDir0/2/metadata/2-dn-container.db: No such file or directory
	at org.rocksdb.RocksDB.open(Native Method)
	at org.rocksdb.RocksDB.open(RocksDB.java:231)
	at org.apache.hadoop.utils.RocksDBStore.<init>(RocksDBStore.java:71)
	... 15 more
2019-06-13 20:08:08,063 WARN  utils.BackgroundService (BackgroundService.java:lambda$run$0(135)) - Background task fails to execute, retrying in next interval
java.util.concurrent.ExecutionException: org.apache.hadoop.hdds.scm.container.common.helpers.StorageContainerException: Error opening DB. Container:2 ContainerPath:/opt/src/hadoop-ozone/integration-test/target/test-dir/MiniOzoneClusterImpl-81045214-ddaf-49dc-b937-6952dc108bc6/datanode-0/data/containers/hdds/87ce7603-6886-4678-97fb-c6fe9dde4d32/current/containerDir0/2/metadata/2-dn-container.db
	at java.util.concurrent.FutureTask.report(FutureTask.java:122)
	at java.util.concurrent.FutureTask.get(FutureTask.java:206)
	at org.apache.hadoop.utils.BackgroundService$PeriodicalTask.lambda$run$0(BackgroundService.java:129)
	at java.util.stream.ForEachOps$ForEachOp$OfRef.accept(ForEachOps.java:184)
	at java.util.ArrayList$ArrayListSpliterator.forEachRemaining(ArrayList.java:1382)
	at java.util.stream.AbstractPipeline.copyInto(AbstractPipeline.java:482)
	at java.util.stream.ForEachOps$ForEachTask.compute(ForEachOps.java:291)
	at java.util.concurrent.CountedCompleter.exec(CountedCompleter.java:731)
	at java.util.concurrent.ForkJoinTask.doExec(ForkJoinTask.java:289)
	at java.util.concurrent.ForkJoinPool.helpComplete(ForkJoinPool.java:1870)
	at java.util.concurrent.ForkJoinPool.externalHelpComplete(ForkJoinPool.java:2467)
	at java.util.concurrent.ForkJoinTask.externalAwaitDone(ForkJoinTask.java:324)
	at java.util.concurrent.ForkJoinTask.doInvoke(ForkJoinTask.java:405)
	at java.util.concurrent.ForkJoinTask.invoke(ForkJoinTask.java:734)
	at java.util.stream.ForEachOps$ForEachOp.evaluateParallel(ForEachOps.java:160)
	at java.util.stream.ForEachOps$ForEachOp$OfRef.evaluateParallel(ForEachOps.java:174)
	at java.util.stream.AbstractPipeline.evaluate(AbstractPipeline.java:233)
	at java.util.stream.ReferencePipeline.forEach(ReferencePipeline.java:418)
	at java.util.stream.ReferencePipeline$Head.forEach(ReferencePipeline.java:583)
	at org.apache.hadoop.utils.BackgroundService$PeriodicalTask.run(BackgroundService.java:125)
	at java.util.concurrent.Executors$RunnableAdapter.call(Executors.java:511)
	at java.util.concurrent.FutureTask.runAndReset(FutureTask.java:308)
	at java.util.concurrent.ScheduledThreadPoolExecutor$ScheduledFutureTask.access$301(ScheduledThreadPoolExecutor.java:180)
	at java.util.concurrent.ScheduledThreadPoolExecutor$ScheduledFutureTask.run(ScheduledThreadPoolExecutor.java:294)
	at java.util.concurrent.ThreadPoolExecutor.runWorker(ThreadPoolExecutor.java:1149)
	at java.util.concurrent.ThreadPoolExecutor$Worker.run(ThreadPoolExecutor.java:624)
	at java.lang.Thread.run(Thread.java:748)
Caused by: org.apache.hadoop.hdds.scm.container.common.helpers.StorageContainerException: Error opening DB. Container:2 ContainerPath:/opt/src/hadoop-ozone/integration-test/target/test-dir/MiniOzoneClusterImpl-81045214-ddaf-49dc-b937-6952dc108bc6/datanode-0/data/containers/hdds/87ce7603-6886-4678-97fb-c6fe9dde4d32/current/containerDir0/2/metadata/2-dn-container.db
	at org.apache.hadoop.ozone.container.keyvalue.helpers.BlockUtils.getDB(BlockUtils.java:84)
	at org.apache.hadoop.ozone.container.keyvalue.statemachine.background.BlockDeletingService$BlockDeletingTask.call(BlockDeletingService.java:188)
	at org.apache.hadoop.ozone.container.keyvalue.statemachine.background.BlockDeletingService$BlockDeletingTask.call(BlockDeletingService.java:172)
	at java.util.concurrent.FutureTask.run(FutureTask.java:266)
	at java.util.concurrent.Executors$RunnableAdapter.call(Executors.java:511)
	at java.util.concurrent.FutureTask.run(FutureTask.java:266)
	at java.util.concurrent.Executors$RunnableAdapter.call(Executors.java:511)
	at java.util.concurrent.FutureTask.run(FutureTask.java:266)
	at java.util.concurrent.ScheduledThreadPoolExecutor$ScheduledFutureTask.access$201(ScheduledThreadPoolExecutor.java:180)
	at java.util.concurrent.ScheduledThreadPoolExecutor$ScheduledFutureTask.run(ScheduledThreadPoolExecutor.java:293)
	... 3 more
2019-06-13 20:08:08,678 INFO  ozone.MiniOzoneClusterImpl (MiniOzoneClusterImpl.java:lambda$waitForClusterToBeReady$0(142)) - Waiting for cluster to be ready. Got 0 of 1 DN Heartbeats.
2019-06-13 20:08:09,063 INFO  background.BlockDeletingService (BlockDeletingService.java:getTasks(123)) - Plan to choose 10 containers for block deletion, actually returns 5 valid containers.
2019-06-13 20:08:09,064 ERROR utils.ContainerCache (ContainerCache.java:getDB(137)) - Error opening DB. Container:1 ContainerPath:/opt/src/hadoop-ozone/integration-test/target/test-dir/MiniOzoneClusterImpl-81045214-ddaf-49dc-b937-6952dc108bc6/datanode-0/data/containers/hdds/87ce7603-6886-4678-97fb-c6fe9dde4d32/current/containerDir0/1/metadata/1-dn-container.db
java.io.IOException: Failed init RocksDB, db path : /opt/src/hadoop-ozone/integration-test/target/test-dir/MiniOzoneClusterImpl-81045214-ddaf-49dc-b937-6952dc108bc6/datanode-0/data/containers/hdds/87ce7603-6886-4678-97fb-c6fe9dde4d32/current/containerDir0/1/metadata/1-dn-container.db
	at org.apache.hadoop.utils.RocksDBStore.<init>(RocksDBStore.java:87)
	at org.apache.hadoop.utils.MetadataStoreBuilder.build(MetadataStoreBuilder.java:137)
	at org.apache.hadoop.ozone.container.common.utils.ContainerCache.getDB(ContainerCache.java:129)
	at org.apache.hadoop.ozone.container.keyvalue.helpers.BlockUtils.getDB(BlockUtils.java:77)
	at org.apache.hadoop.ozone.container.keyvalue.statemachine.background.BlockDeletingService$BlockDeletingTask.call(BlockDeletingService.java:188)
	at org.apache.hadoop.ozone.container.keyvalue.statemachine.background.BlockDeletingService$BlockDeletingTask.call(BlockDeletingService.java:172)
	at java.util.concurrent.FutureTask.run(FutureTask.java:266)
	at java.util.concurrent.Executors$RunnableAdapter.call(Executors.java:511)
	at java.util.concurrent.FutureTask.run(FutureTask.java:266)
	at java.util.concurrent.Executors$RunnableAdapter.call(Executors.java:511)
	at java.util.concurrent.FutureTask.run(FutureTask.java:266)
	at java.util.concurrent.ScheduledThreadPoolExecutor$ScheduledFutureTask.access$201(ScheduledThreadPoolExecutor.java:180)
	at java.util.concurrent.ScheduledThreadPoolExecutor$ScheduledFutureTask.run(ScheduledThreadPoolExecutor.java:293)
	at java.util.concurrent.ThreadPoolExecutor.runWorker(ThreadPoolExecutor.java:1149)
	at java.util.concurrent.ThreadPoolExecutor$Worker.run(ThreadPoolExecutor.java:624)
	at java.lang.Thread.run(Thread.java:748)
Caused by: org.rocksdb.RocksDBException: While mkdir if missing: /opt/src/hadoop-ozone/integration-test/target/test-dir/MiniOzoneClusterImpl-81045214-ddaf-49dc-b937-6952dc108bc6/datanode-0/data/containers/hdds/87ce7603-6886-4678-97fb-c6fe9dde4d32/current/containerDir0/1/metadata/1-dn-container.db: No such file or directory
	at org.rocksdb.RocksDB.open(Native Method)
	at org.rocksdb.RocksDB.open(RocksDB.java:231)
	at org.apache.hadoop.utils.RocksDBStore.<init>(RocksDBStore.java:71)
	... 15 more
2019-06-13 20:08:09,064 ERROR utils.ContainerCache (ContainerCache.java:getDB(137)) - Error opening DB. Container:5 ContainerPath:/opt/src/hadoop-ozone/integration-test/target/test-dir/MiniOzoneClusterImpl-81045214-ddaf-49dc-b937-6952dc108bc6/datanode-0/data/containers/hdds/87ce7603-6886-4678-97fb-c6fe9dde4d32/current/containerDir0/5/metadata/5-dn-container.db
java.io.IOException: Failed init RocksDB, db path : /opt/src/hadoop-ozone/integration-test/target/test-dir/MiniOzoneClusterImpl-81045214-ddaf-49dc-b937-6952dc108bc6/datanode-0/data/containers/hdds/87ce7603-6886-4678-97fb-c6fe9dde4d32/current/containerDir0/5/metadata/5-dn-container.db
	at org.apache.hadoop.utils.RocksDBStore.<init>(RocksDBStore.java:87)
	at org.apache.hadoop.utils.MetadataStoreBuilder.build(MetadataStoreBuilder.java:137)
	at org.apache.hadoop.ozone.container.common.utils.ContainerCache.getDB(ContainerCache.java:129)
	at org.apache.hadoop.ozone.container.keyvalue.helpers.BlockUtils.getDB(BlockUtils.java:77)
	at org.apache.hadoop.ozone.container.keyvalue.statemachine.background.BlockDeletingService$BlockDeletingTask.call(BlockDeletingService.java:188)
	at org.apache.hadoop.ozone.container.keyvalue.statemachine.background.BlockDeletingService$BlockDeletingTask.call(BlockDeletingService.java:172)
	at java.util.concurrent.FutureTask.run(FutureTask.java:266)
	at java.util.concurrent.Executors$RunnableAdapter.call(Executors.java:511)
	at java.util.concurrent.FutureTask.run(FutureTask.java:266)
	at java.util.concurrent.Executors$RunnableAdapter.call(Executors.java:511)
	at java.util.concurrent.FutureTask.run(FutureTask.java:266)
	at java.util.concurrent.ScheduledThreadPoolExecutor$ScheduledFutureTask.access$201(ScheduledThreadPoolExecutor.java:180)
	at java.util.concurrent.ScheduledThreadPoolExecutor$ScheduledFutureTask.run(ScheduledThreadPoolExecutor.java:293)
	at java.util.concurrent.ThreadPoolExecutor.runWorker(ThreadPoolExecutor.java:1149)
	at java.util.concurrent.ThreadPoolExecutor$Worker.run(ThreadPoolExecutor.java:624)
	at java.lang.Thread.run(Thread.java:748)
Caused by: org.rocksdb.RocksDBException: While mkdir if missing: /opt/src/hadoop-ozone/integration-test/target/test-dir/MiniOzoneClusterImpl-81045214-ddaf-49dc-b937-6952dc108bc6/datanode-0/data/containers/hdds/87ce7603-6886-4678-97fb-c6fe9dde4d32/current/containerDir0/5/metadata/5-dn-container.db: No such file or directory
	at org.rocksdb.RocksDB.open(Native Method)
	at org.rocksdb.RocksDB.open(RocksDB.java:231)
	at org.apache.hadoop.utils.RocksDBStore.<init>(RocksDBStore.java:71)
	... 15 more
2019-06-13 20:08:09,065 WARN  utils.BackgroundService (BackgroundService.java:lambda$run$0(135)) - Background task fails to execute, retrying in next interval
java.util.concurrent.ExecutionException: org.apache.hadoop.hdds.scm.container.common.helpers.StorageContainerException: Error opening DB. Container:5 ContainerPath:/opt/src/hadoop-ozone/integration-test/target/test-dir/MiniOzoneClusterImpl-81045214-ddaf-49dc-b937-6952dc108bc6/datanode-0/data/containers/hdds/87ce7603-6886-4678-97fb-c6fe9dde4d32/current/containerDir0/5/metadata/5-dn-container.db
	at java.util.concurrent.FutureTask.report(FutureTask.java:122)
	at java.util.concurrent.FutureTask.get(FutureTask.java:206)
	at org.apache.hadoop.utils.BackgroundService$PeriodicalTask.lambda$run$0(BackgroundService.java:129)
	at java.util.stream.ForEachOps$ForEachOp$OfRef.accept(ForEachOps.java:184)
	at java.util.ArrayList$ArrayListSpliterator.forEachRemaining(ArrayList.java:1382)
	at java.util.stream.AbstractPipeline.copyInto(AbstractPipeline.java:482)
	at java.util.stream.ForEachOps$ForEachTask.compute(ForEachOps.java:291)
	at java.util.concurrent.CountedCompleter.exec(CountedCompleter.java:731)
	at java.util.concurrent.ForkJoinTask.doExec(ForkJoinTask.java:289)
	at java.util.concurrent.ForkJoinPool$WorkQueue.runTask(ForkJoinPool.java:1056)
	at java.util.concurrent.ForkJoinPool.runWorker(ForkJoinPool.java:1692)
	at java.util.concurrent.ForkJoinWorkerThread.run(ForkJoinWorkerThread.java:157)
Caused by: org.apache.hadoop.hdds.scm.container.common.helpers.StorageContainerException: Error opening DB. Container:5 ContainerPath:/opt/src/hadoop-ozone/integration-test/target/test-dir/MiniOzoneClusterImpl-81045214-ddaf-49dc-b937-6952dc108bc6/datanode-0/data/containers/hdds/87ce7603-6886-4678-97fb-c6fe9dde4d32/current/containerDir0/5/metadata/5-dn-container.db
	at org.apache.hadoop.ozone.container.keyvalue.helpers.BlockUtils.getDB(BlockUtils.java:84)
	at org.apache.hadoop.ozone.container.keyvalue.statemachine.background.BlockDeletingService$BlockDeletingTask.call(BlockDeletingService.java:188)
	at org.apache.hadoop.ozone.container.keyvalue.statemachine.background.BlockDeletingService$BlockDeletingTask.call(BlockDeletingService.java:172)
	at java.util.concurrent.FutureTask.run(FutureTask.java:266)
	at java.util.concurrent.Executors$RunnableAdapter.call(Executors.java:511)
	at java.util.concurrent.FutureTask.run(FutureTask.java:266)
	at java.util.concurrent.Executors$RunnableAdapter.call(Executors.java:511)
	at java.util.concurrent.FutureTask.run(FutureTask.java:266)
	at java.util.concurrent.ScheduledThreadPoolExecutor$ScheduledFutureTask.access$201(ScheduledThreadPoolExecutor.java:180)
	at java.util.concurrent.ScheduledThreadPoolExecutor$ScheduledFutureTask.run(ScheduledThreadPoolExecutor.java:293)
	at java.util.concurrent.ThreadPoolExecutor.runWorker(ThreadPoolExecutor.java:1149)
	at java.util.concurrent.ThreadPoolExecutor$Worker.run(ThreadPoolExecutor.java:624)
	at java.lang.Thread.run(Thread.java:748)
2019-06-13 20:08:09,065 ERROR utils.ContainerCache (ContainerCache.java:getDB(137)) - Error opening DB. Container:4 ContainerPath:/opt/src/hadoop-ozone/integration-test/target/test-dir/MiniOzoneClusterImpl-81045214-ddaf-49dc-b937-6952dc108bc6/datanode-0/data/containers/hdds/87ce7603-6886-4678-97fb-c6fe9dde4d32/current/containerDir0/4/metadata/4-dn-container.db
java.io.IOException: Failed init RocksDB, db path : /opt/src/hadoop-ozone/integration-test/target/test-dir/MiniOzoneClusterImpl-81045214-ddaf-49dc-b937-6952dc108bc6/datanode-0/data/containers/hdds/87ce7603-6886-4678-97fb-c6fe9dde4d32/current/containerDir0/4/metadata/4-dn-container.db
	at org.apache.hadoop.utils.RocksDBStore.<init>(RocksDBStore.java:87)
	at org.apache.hadoop.utils.MetadataStoreBuilder.build(MetadataStoreBuilder.java:137)
	at org.apache.hadoop.ozone.container.common.utils.ContainerCache.getDB(ContainerCache.java:129)
	at org.apache.hadoop.ozone.container.keyvalue.helpers.BlockUtils.getDB(BlockUtils.java:77)
	at org.apache.hadoop.ozone.container.keyvalue.statemachine.background.BlockDeletingService$BlockDeletingTask.call(BlockDeletingService.java:188)
	at org.apache.hadoop.ozone.container.keyvalue.statemachine.background.BlockDeletingService$BlockDeletingTask.call(BlockDeletingService.java:172)
	at java.util.concurrent.FutureTask.run(FutureTask.java:266)
	at java.util.concurrent.Executors$RunnableAdapter.call(Executors.java:511)
	at java.util.concurrent.FutureTask.run(FutureTask.java:266)
	at java.util.concurrent.Executors$RunnableAdapter.call(Executors.java:511)
	at java.util.concurrent.FutureTask.run(FutureTask.java:266)
	at java.util.concurrent.ScheduledThreadPoolExecutor$ScheduledFutureTask.access$201(ScheduledThreadPoolExecutor.java:180)
	at java.util.concurrent.ScheduledThreadPoolExecutor$ScheduledFutureTask.run(ScheduledThreadPoolExecutor.java:293)
	at java.util.concurrent.ThreadPoolExecutor.runWorker(ThreadPoolExecutor.java:1149)
	at java.util.concurrent.ThreadPoolExecutor$Worker.run(ThreadPoolExecutor.java:624)
	at java.lang.Thread.run(Thread.java:748)
Caused by: org.rocksdb.RocksDBException: While mkdir if missing: /opt/src/hadoop-ozone/integration-test/target/test-dir/MiniOzoneClusterImpl-81045214-ddaf-49dc-b937-6952dc108bc6/datanode-0/data/containers/hdds/87ce7603-6886-4678-97fb-c6fe9dde4d32/current/containerDir0/4/metadata/4-dn-container.db: No such file or directory
	at org.rocksdb.RocksDB.open(Native Method)
	at org.rocksdb.RocksDB.open(RocksDB.java:231)
	at org.apache.hadoop.utils.RocksDBStore.<init>(RocksDBStore.java:71)
	... 15 more
2019-06-13 20:08:09,065 WARN  utils.BackgroundService (BackgroundService.java:lambda$run$0(135)) - Background task fails to execute, retrying in next interval
java.util.concurrent.ExecutionException: org.apache.hadoop.hdds.scm.container.common.helpers.StorageContainerException: Error opening DB. Container:1 ContainerPath:/opt/src/hadoop-ozone/integration-test/target/test-dir/MiniOzoneClusterImpl-81045214-ddaf-49dc-b937-6952dc108bc6/datanode-0/data/containers/hdds/87ce7603-6886-4678-97fb-c6fe9dde4d32/current/containerDir0/1/metadata/1-dn-container.db
	at java.util.concurrent.FutureTask.report(FutureTask.java:122)
	at java.util.concurrent.FutureTask.get(FutureTask.java:206)
	at org.apache.hadoop.utils.BackgroundService$PeriodicalTask.lambda$run$0(BackgroundService.java:129)
	at java.util.stream.ForEachOps$ForEachOp$OfRef.accept(ForEachOps.java:184)
	at java.util.ArrayList$ArrayListSpliterator.forEachRemaining(ArrayList.java:1382)
	at java.util.stream.AbstractPipeline.copyInto(AbstractPipeline.java:482)
	at java.util.stream.ForEachOps$ForEachTask.compute(ForEachOps.java:291)
	at java.util.concurrent.CountedCompleter.exec(CountedCompleter.java:731)
	at java.util.concurrent.ForkJoinTask.doExec(ForkJoinTask.java:289)
	at java.util.concurrent.ForkJoinPool$WorkQueue.execLocalTasks(ForkJoinPool.java:1040)
	at java.util.concurrent.ForkJoinPool$WorkQueue.runTask(ForkJoinPool.java:1058)
	at java.util.concurrent.ForkJoinPool.runWorker(ForkJoinPool.java:1692)
	at java.util.concurrent.ForkJoinWorkerThread.run(ForkJoinWorkerThread.java:157)
Caused by: org.apache.hadoop.hdds.scm.container.common.helpers.StorageContainerException: Error opening DB. Container:1 ContainerPath:/opt/src/hadoop-ozone/integration-test/target/test-dir/MiniOzoneClusterImpl-81045214-ddaf-49dc-b937-6952dc108bc6/datanode-0/data/containers/hdds/87ce7603-6886-4678-97fb-c6fe9dde4d32/current/containerDir0/1/metadata/1-dn-container.db
	at org.apache.hadoop.ozone.container.keyvalue.helpers.BlockUtils.getDB(BlockUtils.java:84)
	at org.apache.hadoop.ozone.container.keyvalue.statemachine.background.BlockDeletingService$BlockDeletingTask.call(BlockDeletingService.java:188)
	at org.apache.hadoop.ozone.container.keyvalue.statemachine.background.BlockDeletingService$BlockDeletingTask.call(BlockDeletingService.java:172)
	at java.util.concurrent.FutureTask.run(FutureTask.java:266)
	at java.util.concurrent.Executors$RunnableAdapter.call(Executors.java:511)
	at java.util.concurrent.FutureTask.run(FutureTask.java:266)
	at java.util.concurrent.Executors$RunnableAdapter.call(Executors.java:511)
	at java.util.concurrent.FutureTask.run(FutureTask.java:266)
	at java.util.concurrent.ScheduledThreadPoolExecutor$ScheduledFutureTask.access$201(ScheduledThreadPoolExecutor.java:180)
	at java.util.concurrent.ScheduledThreadPoolExecutor$ScheduledFutureTask.run(ScheduledThreadPoolExecutor.java:293)
	at java.util.concurrent.ThreadPoolExecutor.runWorker(ThreadPoolExecutor.java:1149)
	at java.util.concurrent.ThreadPoolExecutor$Worker.run(ThreadPoolExecutor.java:624)
	at java.lang.Thread.run(Thread.java:748)
2019-06-13 20:08:09,065 WARN  utils.BackgroundService (BackgroundService.java:lambda$run$0(135)) - Background task fails to execute, retrying in next interval
java.util.concurrent.ExecutionException: org.apache.hadoop.hdds.scm.container.common.helpers.StorageContainerException: Error opening DB. Container:4 ContainerPath:/opt/src/hadoop-ozone/integration-test/target/test-dir/MiniOzoneClusterImpl-81045214-ddaf-49dc-b937-6952dc108bc6/datanode-0/data/containers/hdds/87ce7603-6886-4678-97fb-c6fe9dde4d32/current/containerDir0/4/metadata/4-dn-container.db
	at java.util.concurrent.FutureTask.report(FutureTask.java:122)
	at java.util.concurrent.FutureTask.get(FutureTask.java:206)
	at org.apache.hadoop.utils.BackgroundService$PeriodicalTask.lambda$run$0(BackgroundService.java:129)
	at java.util.stream.ForEachOps$ForEachOp$OfRef.accept(ForEachOps.java:184)
	at java.util.ArrayList$ArrayListSpliterator.forEachRemaining(ArrayList.java:1382)
	at java.util.stream.AbstractPipeline.copyInto(AbstractPipeline.java:482)
	at java.util.stream.ForEachOps$ForEachTask.compute(ForEachOps.java:291)
	at java.util.concurrent.CountedCompleter.exec(CountedCompleter.java:731)
	at java.util.concurrent.ForkJoinTask.doExec(ForkJoinTask.java:289)
	at java.util.concurrent.ForkJoinTask.doInvoke(ForkJoinTask.java:401)
	at java.util.concurrent.ForkJoinTask.invoke(ForkJoinTask.java:734)
	at java.util.stream.ForEachOps$ForEachOp.evaluateParallel(ForEachOps.java:160)
	at java.util.stream.ForEachOps$ForEachOp$OfRef.evaluateParallel(ForEachOps.java:174)
	at java.util.stream.AbstractPipeline.evaluate(AbstractPipeline.java:233)
	at java.util.stream.ReferencePipeline.forEach(ReferencePipeline.java:418)
	at java.util.stream.ReferencePipeline$Head.forEach(ReferencePipeline.java:583)
	at org.apache.hadoop.utils.BackgroundService$PeriodicalTask.run(BackgroundService.java:125)
	at java.util.concurrent.Executors$RunnableAdapter.call(Executors.java:511)
	at java.util.concurrent.FutureTask.runAndReset(FutureTask.java:308)
	at java.util.concurrent.ScheduledThreadPoolExecutor$ScheduledFutureTask.access$301(ScheduledThreadPoolExecutor.java:180)
	at java.util.concurrent.ScheduledThreadPoolExecutor$ScheduledFutureTask.run(ScheduledThreadPoolExecutor.java:294)
	at java.util.concurrent.ThreadPoolExecutor.runWorker(ThreadPoolExecutor.java:1149)
	at java.util.concurrent.ThreadPoolExecutor$Worker.run(ThreadPoolExecutor.java:624)
	at java.lang.Thread.run(Thread.java:748)
Caused by: org.apache.hadoop.hdds.scm.container.common.helpers.StorageContainerException: Error opening DB. Container:4 ContainerPath:/opt/src/hadoop-ozone/integration-test/target/test-dir/MiniOzoneClusterImpl-81045214-ddaf-49dc-b937-6952dc108bc6/datanode-0/data/containers/hdds/87ce7603-6886-4678-97fb-c6fe9dde4d32/current/containerDir0/4/metadata/4-dn-container.db
	at org.apache.hadoop.ozone.container.keyvalue.helpers.BlockUtils.getDB(BlockUtils.java:84)
	at org.apache.hadoop.ozone.container.keyvalue.statemachine.background.BlockDeletingService$BlockDeletingTask.call(BlockDeletingService.java:188)
	at org.apache.hadoop.ozone.container.keyvalue.statemachine.background.BlockDeletingService$BlockDeletingTask.call(BlockDeletingService.java:172)
	at java.util.concurrent.FutureTask.run(FutureTask.java:266)
	at java.util.concurrent.Executors$RunnableAdapter.call(Executors.java:511)
	at java.util.concurrent.FutureTask.run(FutureTask.java:266)
	at java.util.concurrent.Executors$RunnableAdapter.call(Executors.java:511)
	at java.util.concurrent.FutureTask.run(FutureTask.java:266)
	at java.util.concurrent.ScheduledThreadPoolExecutor$ScheduledFutureTask.access$201(ScheduledThreadPoolExecutor.java:180)
	at java.util.concurrent.ScheduledThreadPoolExecutor$ScheduledFutureTask.run(ScheduledThreadPoolExecutor.java:293)
	... 3 more
2019-06-13 20:08:09,065 ERROR utils.ContainerCache (ContainerCache.java:getDB(137)) - Error opening DB. Container:3 ContainerPath:/opt/src/hadoop-ozone/integration-test/target/test-dir/MiniOzoneClusterImpl-81045214-ddaf-49dc-b937-6952dc108bc6/datanode-0/data/containers/hdds/87ce7603-6886-4678-97fb-c6fe9dde4d32/current/containerDir0/3/metadata/3-dn-container.db
java.io.IOException: Failed init RocksDB, db path : /opt/src/hadoop-ozone/integration-test/target/test-dir/MiniOzoneClusterImpl-81045214-ddaf-49dc-b937-6952dc108bc6/datanode-0/data/containers/hdds/87ce7603-6886-4678-97fb-c6fe9dde4d32/current/containerDir0/3/metadata/3-dn-container.db
	at org.apache.hadoop.utils.RocksDBStore.<init>(RocksDBStore.java:87)
	at org.apache.hadoop.utils.MetadataStoreBuilder.build(MetadataStoreBuilder.java:137)
	at org.apache.hadoop.ozone.container.common.utils.ContainerCache.getDB(ContainerCache.java:129)
	at org.apache.hadoop.ozone.container.keyvalue.helpers.BlockUtils.getDB(BlockUtils.java:77)
	at org.apache.hadoop.ozone.container.keyvalue.statemachine.background.BlockDeletingService$BlockDeletingTask.call(BlockDeletingService.java:188)
	at org.apache.hadoop.ozone.container.keyvalue.statemachine.background.BlockDeletingService$BlockDeletingTask.call(BlockDeletingService.java:172)
	at java.util.concurrent.FutureTask.run(FutureTask.java:266)
	at java.util.concurrent.Executors$RunnableAdapter.call(Executors.java:511)
	at java.util.concurrent.FutureTask.run(FutureTask.java:266)
	at java.util.concurrent.Executors$RunnableAdapter.call(Executors.java:511)
	at java.util.concurrent.FutureTask.run(FutureTask.java:266)
	at java.util.concurrent.ScheduledThreadPoolExecutor$ScheduledFutureTask.access$201(ScheduledThreadPoolExecutor.java:180)
	at java.util.concurrent.ScheduledThreadPoolExecutor$ScheduledFutureTask.run(ScheduledThreadPoolExecutor.java:293)
	at java.util.concurrent.ThreadPoolExecutor.runWorker(ThreadPoolExecutor.java:1149)
	at java.util.concurrent.ThreadPoolExecutor$Worker.run(ThreadPoolExecutor.java:624)
	at java.lang.Thread.run(Thread.java:748)
Caused by: org.rocksdb.RocksDBException: While mkdir if missing: /opt/src/hadoop-ozone/integration-test/target/test-dir/MiniOzoneClusterImpl-81045214-ddaf-49dc-b937-6952dc108bc6/datanode-0/data/containers/hdds/87ce7603-6886-4678-97fb-c6fe9dde4d32/current/containerDir0/3/metadata/3-dn-container.db: No such file or directory
	at org.rocksdb.RocksDB.open(Native Method)
	at org.rocksdb.RocksDB.open(RocksDB.java:231)
	at org.apache.hadoop.utils.RocksDBStore.<init>(RocksDBStore.java:71)
	... 15 more
2019-06-13 20:08:09,066 WARN  utils.BackgroundService (BackgroundService.java:lambda$run$0(135)) - Background task fails to execute, retrying in next interval
java.util.concurrent.ExecutionException: org.apache.hadoop.hdds.scm.container.common.helpers.StorageContainerException: Error opening DB. Container:3 ContainerPath:/opt/src/hadoop-ozone/integration-test/target/test-dir/MiniOzoneClusterImpl-81045214-ddaf-49dc-b937-6952dc108bc6/datanode-0/data/containers/hdds/87ce7603-6886-4678-97fb-c6fe9dde4d32/current/containerDir0/3/metadata/3-dn-container.db
	at java.util.concurrent.FutureTask.report(FutureTask.java:122)
	at java.util.concurrent.FutureTask.get(FutureTask.java:206)
	at org.apache.hadoop.utils.BackgroundService$PeriodicalTask.lambda$run$0(BackgroundService.java:129)
	at java.util.stream.ForEachOps$ForEachOp$OfRef.accept(ForEachOps.java:184)
	at java.util.ArrayList$ArrayListSpliterator.forEachRemaining(ArrayList.java:1382)
	at java.util.stream.AbstractPipeline.copyInto(AbstractPipeline.java:482)
	at java.util.stream.ForEachOps$ForEachTask.compute(ForEachOps.java:291)
	at java.util.concurrent.CountedCompleter.exec(CountedCompleter.java:731)
	at java.util.concurrent.ForkJoinTask.doExec(ForkJoinTask.java:289)
	at java.util.concurrent.ForkJoinPool$WorkQueue.pollAndExecCC(ForkJoinPool.java:1190)
	at java.util.concurrent.ForkJoinPool.helpComplete(ForkJoinPool.java:1879)
	at java.util.concurrent.ForkJoinPool.externalHelpComplete(ForkJoinPool.java:2467)
	at java.util.concurrent.ForkJoinTask.externalAwaitDone(ForkJoinTask.java:324)
	at java.util.concurrent.ForkJoinTask.doInvoke(ForkJoinTask.java:405)
	at java.util.concurrent.ForkJoinTask.invoke(ForkJoinTask.java:734)
	at java.util.stream.ForEachOps$ForEachOp.evaluateParallel(ForEachOps.java:160)
	at java.util.stream.ForEachOps$ForEachOp$OfRef.evaluateParallel(ForEachOps.java:174)
	at java.util.stream.AbstractPipeline.evaluate(AbstractPipeline.java:233)
	at java.util.stream.ReferencePipeline.forEach(ReferencePipeline.java:418)
	at java.util.stream.ReferencePipeline$Head.forEach(ReferencePipeline.java:583)
	at org.apache.hadoop.utils.BackgroundService$PeriodicalTask.run(BackgroundService.java:125)
	at java.util.concurrent.Executors$RunnableAdapter.call(Executors.java:511)
	at java.util.concurrent.FutureTask.runAndReset(FutureTask.java:308)
	at java.util.concurrent.ScheduledThreadPoolExecutor$ScheduledFutureTask.access$301(ScheduledThreadPoolExecutor.java:180)
	at java.util.concurrent.ScheduledThreadPoolExecutor$ScheduledFutureTask.run(ScheduledThreadPoolExecutor.java:294)
	at java.util.concurrent.ThreadPoolExecutor.runWorker(ThreadPoolExecutor.java:1149)
	at java.util.concurrent.ThreadPoolExecutor$Worker.run(ThreadPoolExecutor.java:624)
	at java.lang.Thread.run(Thread.java:748)
Caused by: org.apache.hadoop.hdds.scm.container.common.helpers.StorageContainerException: Error opening DB. Container:3 ContainerPath:/opt/src/hadoop-ozone/integration-test/target/test-dir/MiniOzoneClusterImpl-81045214-ddaf-49dc-b937-6952dc108bc6/datanode-0/data/containers/hdds/87ce7603-6886-4678-97fb-c6fe9dde4d32/current/containerDir0/3/metadata/3-dn-container.db
	at org.apache.hadoop.ozone.container.keyvalue.helpers.BlockUtils.getDB(BlockUtils.java:84)
	at org.apache.hadoop.ozone.container.keyvalue.statemachine.background.BlockDeletingService$BlockDeletingTask.call(BlockDeletingService.java:188)
	at org.apache.hadoop.ozone.container.keyvalue.statemachine.background.BlockDeletingService$BlockDeletingTask.call(BlockDeletingService.java:172)
	at java.util.concurrent.FutureTask.run(FutureTask.java:266)
	at java.util.concurrent.Executors$RunnableAdapter.call(Executors.java:511)
	at java.util.concurrent.FutureTask.run(FutureTask.java:266)
	at java.util.concurrent.Executors$RunnableAdapter.call(Executors.java:511)
	at java.util.concurrent.FutureTask.run(FutureTask.java:266)
	at java.util.concurrent.ScheduledThreadPoolExecutor$ScheduledFutureTask.access$201(ScheduledThreadPoolExecutor.java:180)
	at java.util.concurrent.ScheduledThreadPoolExecutor$ScheduledFutureTask.run(ScheduledThreadPoolExecutor.java:293)
	... 3 more
2019-06-13 20:08:09,066 ERROR utils.ContainerCache (ContainerCache.java:getDB(137)) - Error opening DB. Container:2 ContainerPath:/opt/src/hadoop-ozone/integration-test/target/test-dir/MiniOzoneClusterImpl-81045214-ddaf-49dc-b937-6952dc108bc6/datanode-0/data/containers/hdds/87ce7603-6886-4678-97fb-c6fe9dde4d32/current/containerDir0/2/metadata/2-dn-container.db
java.io.IOException: Failed init RocksDB, db path : /opt/src/hadoop-ozone/integration-test/target/test-dir/MiniOzoneClusterImpl-81045214-ddaf-49dc-b937-6952dc108bc6/datanode-0/data/containers/hdds/87ce7603-6886-4678-97fb-c6fe9dde4d32/current/containerDir0/2/metadata/2-dn-container.db
	at org.apache.hadoop.utils.RocksDBStore.<init>(RocksDBStore.java:87)
	at org.apache.hadoop.utils.MetadataStoreBuilder.build(MetadataStoreBuilder.java:137)
	at org.apache.hadoop.ozone.container.common.utils.ContainerCache.getDB(ContainerCache.java:129)
	at org.apache.hadoop.ozone.container.keyvalue.helpers.BlockUtils.getDB(BlockUtils.java:77)
	at org.apache.hadoop.ozone.container.keyvalue.statemachine.background.BlockDeletingService$BlockDeletingTask.call(BlockDeletingService.java:188)
	at org.apache.hadoop.ozone.container.keyvalue.statemachine.background.BlockDeletingService$BlockDeletingTask.call(BlockDeletingService.java:172)
	at java.util.concurrent.FutureTask.run(FutureTask.java:266)
	at java.util.concurrent.Executors$RunnableAdapter.call(Executors.java:511)
	at java.util.concurrent.FutureTask.run(FutureTask.java:266)
	at java.util.concurrent.Executors$RunnableAdapter.call(Executors.java:511)
	at java.util.concurrent.FutureTask.run(FutureTask.java:266)
	at java.util.concurrent.ScheduledThreadPoolExecutor$ScheduledFutureTask.access$201(ScheduledThreadPoolExecutor.java:180)
	at java.util.concurrent.ScheduledThreadPoolExecutor$ScheduledFutureTask.run(ScheduledThreadPoolExecutor.java:293)
	at java.util.concurrent.ThreadPoolExecutor.runWorker(ThreadPoolExecutor.java:1149)
	at java.util.concurrent.ThreadPoolExecutor$Worker.run(ThreadPoolExecutor.java:624)
	at java.lang.Thread.run(Thread.java:748)
Caused by: org.rocksdb.RocksDBException: While mkdir if missing: /opt/src/hadoop-ozone/integration-test/target/test-dir/MiniOzoneClusterImpl-81045214-ddaf-49dc-b937-6952dc108bc6/datanode-0/data/containers/hdds/87ce7603-6886-4678-97fb-c6fe9dde4d32/current/containerDir0/2/metadata/2-dn-container.db: No such file or directory
	at org.rocksdb.RocksDB.open(Native Method)
	at org.rocksdb.RocksDB.open(RocksDB.java:231)
	at org.apache.hadoop.utils.RocksDBStore.<init>(RocksDBStore.java:71)
	... 15 more
2019-06-13 20:08:09,067 WARN  utils.BackgroundService (BackgroundService.java:lambda$run$0(135)) - Background task fails to execute, retrying in next interval
java.util.concurrent.ExecutionException: org.apache.hadoop.hdds.scm.container.common.helpers.StorageContainerException: Error opening DB. Container:2 ContainerPath:/opt/src/hadoop-ozone/integration-test/target/test-dir/MiniOzoneClusterImpl-81045214-ddaf-49dc-b937-6952dc108bc6/datanode-0/data/containers/hdds/87ce7603-6886-4678-97fb-c6fe9dde4d32/current/containerDir0/2/metadata/2-dn-container.db
	at java.util.concurrent.FutureTask.report(FutureTask.java:122)
	at java.util.concurrent.FutureTask.get(FutureTask.java:206)
	at org.apache.hadoop.utils.BackgroundService$PeriodicalTask.lambda$run$0(BackgroundService.java:129)
	at java.util.stream.ForEachOps$ForEachOp$OfRef.accept(ForEachOps.java:184)
	at java.util.ArrayList$ArrayListSpliterator.forEachRemaining(ArrayList.java:1382)
	at java.util.stream.AbstractPipeline.copyInto(AbstractPipeline.java:482)
	at java.util.stream.ForEachOps$ForEachTask.compute(ForEachOps.java:291)
	at java.util.concurrent.CountedCompleter.exec(CountedCompleter.java:731)
	at java.util.concurrent.ForkJoinTask.doExec(ForkJoinTask.java:289)
	at java.util.concurrent.ForkJoinPool$WorkQueue.runTask(ForkJoinPool.java:1056)
	at java.util.concurrent.ForkJoinPool.runWorker(ForkJoinPool.java:1692)
	at java.util.concurrent.ForkJoinWorkerThread.run(ForkJoinWorkerThread.java:157)
Caused by: org.apache.hadoop.hdds.scm.container.common.helpers.StorageContainerException: Error opening DB. Container:2 ContainerPath:/opt/src/hadoop-ozone/integration-test/target/test-dir/MiniOzoneClusterImpl-81045214-ddaf-49dc-b937-6952dc108bc6/datanode-0/data/containers/hdds/87ce7603-6886-4678-97fb-c6fe9dde4d32/current/containerDir0/2/metadata/2-dn-container.db
	at org.apache.hadoop.ozone.container.keyvalue.helpers.BlockUtils.getDB(BlockUtils.java:84)
	at org.apache.hadoop.ozone.container.keyvalue.statemachine.background.BlockDeletingService$BlockDeletingTask.call(BlockDeletingService.java:188)
	at org.apache.hadoop.ozone.container.keyvalue.statemachine.background.BlockDeletingService$BlockDeletingTask.call(BlockDeletingService.java:172)
	at java.util.concurrent.FutureTask.run(FutureTask.java:266)
	at java.util.concurrent.Executors$RunnableAdapter.call(Executors.java:511)
	at java.util.concurrent.FutureTask.run(FutureTask.java:266)
	at java.util.concurrent.Executors$RunnableAdapter.call(Executors.java:511)
	at java.util.concurrent.FutureTask.run(FutureTask.java:266)
	at java.util.concurrent.ScheduledThreadPoolExecutor$ScheduledFutureTask.access$201(ScheduledThreadPoolExecutor.java:180)
	at java.util.concurrent.ScheduledThreadPoolExecutor$ScheduledFutureTask.run(ScheduledThreadPoolExecutor.java:293)
	at java.util.concurrent.ThreadPoolExecutor.runWorker(ThreadPoolExecutor.java:1149)
	at java.util.concurrent.ThreadPoolExecutor$Worker.run(ThreadPoolExecutor.java:624)
	at java.lang.Thread.run(Thread.java:748)
2019-06-13 20:08:09,679 INFO  ozone.MiniOzoneClusterImpl (MiniOzoneClusterImpl.java:lambda$waitForClusterToBeReady$0(142)) - Waiting for cluster to be ready. Got 0 of 1 DN Heartbeats.
2019-06-13 20:08:09,688 INFO  ozoneimpl.OzoneContainer (OzoneContainer.java:start(186)) - Attempting to start container services.
2019-06-13 20:08:09,690 INFO  ozoneimpl.OzoneContainer (OzoneContainer.java:startContainerScrub(160)) - Background container scrubber has been disabled by hdds.containerscrub.enabled
2019-06-13 20:08:09,690 INFO  ratis.XceiverServerRatis (XceiverServerRatis.java:start(418)) - Starting XceiverServerRatis 1f54bfb1-87fd-4c55-91cf-bd4956eabfec at port 35147
2019-06-13 20:08:09,696 INFO  impl.RaftServerProxy (RaftServerProxy.java:lambda$start$3(299)) - 1f54bfb1-87fd-4c55-91cf-bd4956eabfec: start RPC server
2019-06-13 20:08:09,698 INFO  server.GrpcService (GrpcService.java:startImpl(148)) - 1f54bfb1-87fd-4c55-91cf-bd4956eabfec: GrpcService started, listening on 0.0.0.0/0.0.0.0:35147
2019-06-13 20:08:10,067 INFO  background.BlockDeletingService (BlockDeletingService.java:getTasks(123)) - Plan to choose 10 containers for block deletion, actually returns 5 valid containers.
2019-06-13 20:08:10,068 ERROR utils.ContainerCache (ContainerCache.java:getDB(137)) - Error opening DB. Container:1 ContainerPath:/opt/src/hadoop-ozone/integration-test/target/test-dir/MiniOzoneClusterImpl-81045214-ddaf-49dc-b937-6952dc108bc6/datanode-0/data/containers/hdds/87ce7603-6886-4678-97fb-c6fe9dde4d32/current/containerDir0/1/metadata/1-dn-container.db
java.io.IOException: Failed init RocksDB, db path : /opt/src/hadoop-ozone/integration-test/target/test-dir/MiniOzoneClusterImpl-81045214-ddaf-49dc-b937-6952dc108bc6/datanode-0/data/containers/hdds/87ce7603-6886-4678-97fb-c6fe9dde4d32/current/containerDir0/1/metadata/1-dn-container.db
	at org.apache.hadoop.utils.RocksDBStore.<init>(RocksDBStore.java:87)
	at org.apache.hadoop.utils.MetadataStoreBuilder.build(MetadataStoreBuilder.java:137)
	at org.apache.hadoop.ozone.container.common.utils.ContainerCache.getDB(ContainerCache.java:129)
	at org.apache.hadoop.ozone.container.keyvalue.helpers.BlockUtils.getDB(BlockUtils.java:77)
	at org.apache.hadoop.ozone.container.keyvalue.statemachine.background.BlockDeletingService$BlockDeletingTask.call(BlockDeletingService.java:188)
	at org.apache.hadoop.ozone.container.keyvalue.statemachine.background.BlockDeletingService$BlockDeletingTask.call(BlockDeletingService.java:172)
	at java.util.concurrent.FutureTask.run(FutureTask.java:266)
	at java.util.concurrent.Executors$RunnableAdapter.call(Executors.java:511)
	at java.util.concurrent.FutureTask.run(FutureTask.java:266)
	at java.util.concurrent.Executors$RunnableAdapter.call(Executors.java:511)
	at java.util.concurrent.FutureTask.run(FutureTask.java:266)
	at java.util.concurrent.ScheduledThreadPoolExecutor$ScheduledFutureTask.access$201(ScheduledThreadPoolExecutor.java:180)
	at java.util.concurrent.ScheduledThreadPoolExecutor$ScheduledFutureTask.run(ScheduledThreadPoolExecutor.java:293)
	at java.util.concurrent.ThreadPoolExecutor.runWorker(ThreadPoolExecutor.java:1149)
	at java.util.concurrent.ThreadPoolExecutor$Worker.run(ThreadPoolExecutor.java:624)
	at java.lang.Thread.run(Thread.java:748)
Caused by: org.rocksdb.RocksDBException: While mkdir if missing: /opt/src/hadoop-ozone/integration-test/target/test-dir/MiniOzoneClusterImpl-81045214-ddaf-49dc-b937-6952dc108bc6/datanode-0/data/containers/hdds/87ce7603-6886-4678-97fb-c6fe9dde4d32/current/containerDir0/1/metadata/1-dn-container.db: No such file or directory
	at org.rocksdb.RocksDB.open(Native Method)
	at org.rocksdb.RocksDB.open(RocksDB.java:231)
	at org.apache.hadoop.utils.RocksDBStore.<init>(RocksDBStore.java:71)
	... 15 more
2019-06-13 20:08:10,068 ERROR utils.ContainerCache (ContainerCache.java:getDB(137)) - Error opening DB. Container:5 ContainerPath:/opt/src/hadoop-ozone/integration-test/target/test-dir/MiniOzoneClusterImpl-81045214-ddaf-49dc-b937-6952dc108bc6/datanode-0/data/containers/hdds/87ce7603-6886-4678-97fb-c6fe9dde4d32/current/containerDir0/5/metadata/5-dn-container.db
java.io.IOException: Failed init RocksDB, db path : /opt/src/hadoop-ozone/integration-test/target/test-dir/MiniOzoneClusterImpl-81045214-ddaf-49dc-b937-6952dc108bc6/datanode-0/data/containers/hdds/87ce7603-6886-4678-97fb-c6fe9dde4d32/current/containerDir0/5/metadata/5-dn-container.db
	at org.apache.hadoop.utils.RocksDBStore.<init>(RocksDBStore.java:87)
	at org.apache.hadoop.utils.MetadataStoreBuilder.build(MetadataStoreBuilder.java:137)
	at org.apache.hadoop.ozone.container.common.utils.ContainerCache.getDB(ContainerCache.java:129)
	at org.apache.hadoop.ozone.container.keyvalue.helpers.BlockUtils.getDB(BlockUtils.java:77)
	at org.apache.hadoop.ozone.container.keyvalue.statemachine.background.BlockDeletingService$BlockDeletingTask.call(BlockDeletingService.java:188)
	at org.apache.hadoop.ozone.container.keyvalue.statemachine.background.BlockDeletingService$BlockDeletingTask.call(BlockDeletingService.java:172)
	at java.util.concurrent.FutureTask.run(FutureTask.java:266)
	at java.util.concurrent.Executors$RunnableAdapter.call(Executors.java:511)
	at java.util.concurrent.FutureTask.run(FutureTask.java:266)
	at java.util.concurrent.Executors$RunnableAdapter.call(Executors.java:511)
	at java.util.concurrent.FutureTask.run(FutureTask.java:266)
	at java.util.concurrent.ScheduledThreadPoolExecutor$ScheduledFutureTask.access$201(ScheduledThreadPoolExecutor.java:180)
	at java.util.concurrent.ScheduledThreadPoolExecutor$ScheduledFutureTask.run(ScheduledThreadPoolExecutor.java:293)
	at java.util.concurrent.ThreadPoolExecutor.runWorker(ThreadPoolExecutor.java:1149)
	at java.util.concurrent.ThreadPoolExecutor$Worker.run(ThreadPoolExecutor.java:624)
	at java.lang.Thread.run(Thread.java:748)
Caused by: org.rocksdb.RocksDBException: While mkdir if missing: /opt/src/hadoop-ozone/integration-test/target/test-dir/MiniOzoneClusterImpl-81045214-ddaf-49dc-b937-6952dc108bc6/datanode-0/data/containers/hdds/87ce7603-6886-4678-97fb-c6fe9dde4d32/current/containerDir0/5/metadata/5-dn-container.db: No such file or directory
	at org.rocksdb.RocksDB.open(Native Method)
	at org.rocksdb.RocksDB.open(RocksDB.java:231)
	at org.apache.hadoop.utils.RocksDBStore.<init>(RocksDBStore.java:71)
	... 15 more
2019-06-13 20:08:10,069 WARN  utils.BackgroundService (BackgroundService.java:lambda$run$0(135)) - Background task fails to execute, retrying in next interval
java.util.concurrent.ExecutionException: org.apache.hadoop.hdds.scm.container.common.helpers.StorageContainerException: Error opening DB. Container:5 ContainerPath:/opt/src/hadoop-ozone/integration-test/target/test-dir/MiniOzoneClusterImpl-81045214-ddaf-49dc-b937-6952dc108bc6/datanode-0/data/containers/hdds/87ce7603-6886-4678-97fb-c6fe9dde4d32/current/containerDir0/5/metadata/5-dn-container.db
	at java.util.concurrent.FutureTask.report(FutureTask.java:122)
	at java.util.concurrent.FutureTask.get(FutureTask.java:206)
	at org.apache.hadoop.utils.BackgroundService$PeriodicalTask.lambda$run$0(BackgroundService.java:129)
	at java.util.stream.ForEachOps$ForEachOp$OfRef.accept(ForEachOps.java:184)
	at java.util.ArrayList$ArrayListSpliterator.forEachRemaining(ArrayList.java:1382)
	at java.util.stream.AbstractPipeline.copyInto(AbstractPipeline.java:482)
	at java.util.stream.ForEachOps$ForEachTask.compute(ForEachOps.java:291)
	at java.util.concurrent.CountedCompleter.exec(CountedCompleter.java:731)
	at java.util.concurrent.ForkJoinTask.doExec(ForkJoinTask.java:289)
	at java.util.concurrent.ForkJoinPool$WorkQueue.runTask(ForkJoinPool.java:1056)
	at java.util.concurrent.ForkJoinPool.runWorker(ForkJoinPool.java:1692)
	at java.util.concurrent.ForkJoinWorkerThread.run(ForkJoinWorkerThread.java:157)
Caused by: org.apache.hadoop.hdds.scm.container.common.helpers.StorageContainerException: Error opening DB. Container:5 ContainerPath:/opt/src/hadoop-ozone/integration-test/target/test-dir/MiniOzoneClusterImpl-81045214-ddaf-49dc-b937-6952dc108bc6/datanode-0/data/containers/hdds/87ce7603-6886-4678-97fb-c6fe9dde4d32/current/containerDir0/5/metadata/5-dn-container.db
	at org.apache.hadoop.ozone.container.keyvalue.helpers.BlockUtils.getDB(BlockUtils.java:84)
	at org.apache.hadoop.ozone.container.keyvalue.statemachine.background.BlockDeletingService$BlockDeletingTask.call(BlockDeletingService.java:188)
	at org.apache.hadoop.ozone.container.keyvalue.statemachine.background.BlockDeletingService$BlockDeletingTask.call(BlockDeletingService.java:172)
	at java.util.concurrent.FutureTask.run(FutureTask.java:266)
	at java.util.concurrent.Executors$RunnableAdapter.call(Executors.java:511)
	at java.util.concurrent.FutureTask.run(FutureTask.java:266)
	at java.util.concurrent.Executors$RunnableAdapter.call(Executors.java:511)
	at java.util.concurrent.FutureTask.run(FutureTask.java:266)
	at java.util.concurrent.ScheduledThreadPoolExecutor$ScheduledFutureTask.access$201(ScheduledThreadPoolExecutor.java:180)
	at java.util.concurrent.ScheduledThreadPoolExecutor$ScheduledFutureTask.run(ScheduledThreadPoolExecutor.java:293)
	at java.util.concurrent.ThreadPoolExecutor.runWorker(ThreadPoolExecutor.java:1149)
	at java.util.concurrent.ThreadPoolExecutor$Worker.run(ThreadPoolExecutor.java:624)
	at java.lang.Thread.run(Thread.java:748)
2019-06-13 20:08:10,069 ERROR utils.ContainerCache (ContainerCache.java:getDB(137)) - Error opening DB. Container:4 ContainerPath:/opt/src/hadoop-ozone/integration-test/target/test-dir/MiniOzoneClusterImpl-81045214-ddaf-49dc-b937-6952dc108bc6/datanode-0/data/containers/hdds/87ce7603-6886-4678-97fb-c6fe9dde4d32/current/containerDir0/4/metadata/4-dn-container.db
java.io.IOException: Failed init RocksDB, db path : /opt/src/hadoop-ozone/integration-test/target/test-dir/MiniOzoneClusterImpl-81045214-ddaf-49dc-b937-6952dc108bc6/datanode-0/data/containers/hdds/87ce7603-6886-4678-97fb-c6fe9dde4d32/current/containerDir0/4/metadata/4-dn-container.db
	at org.apache.hadoop.utils.RocksDBStore.<init>(RocksDBStore.java:87)
	at org.apache.hadoop.utils.MetadataStoreBuilder.build(MetadataStoreBuilder.java:137)
	at org.apache.hadoop.ozone.container.common.utils.ContainerCache.getDB(ContainerCache.java:129)
	at org.apache.hadoop.ozone.container.keyvalue.helpers.BlockUtils.getDB(BlockUtils.java:77)
	at org.apache.hadoop.ozone.container.keyvalue.statemachine.background.BlockDeletingService$BlockDeletingTask.call(BlockDeletingService.java:188)
	at org.apache.hadoop.ozone.container.keyvalue.statemachine.background.BlockDeletingService$BlockDeletingTask.call(BlockDeletingService.java:172)
	at java.util.concurrent.FutureTask.run(FutureTask.java:266)
	at java.util.concurrent.Executors$RunnableAdapter.call(Executors.java:511)
	at java.util.concurrent.FutureTask.run(FutureTask.java:266)
	at java.util.concurrent.Executors$RunnableAdapter.call(Executors.java:511)
	at java.util.concurrent.FutureTask.run(FutureTask.java:266)
	at java.util.concurrent.ScheduledThreadPoolExecutor$ScheduledFutureTask.access$201(ScheduledThreadPoolExecutor.java:180)
	at java.util.concurrent.ScheduledThreadPoolExecutor$ScheduledFutureTask.run(ScheduledThreadPoolExecutor.java:293)
	at java.util.concurrent.ThreadPoolExecutor.runWorker(ThreadPoolExecutor.java:1149)
	at java.util.concurrent.ThreadPoolExecutor$Worker.run(ThreadPoolExecutor.java:624)
	at java.lang.Thread.run(Thread.java:748)
Caused by: org.rocksdb.RocksDBException: While mkdir if missing: /opt/src/hadoop-ozone/integration-test/target/test-dir/MiniOzoneClusterImpl-81045214-ddaf-49dc-b937-6952dc108bc6/datanode-0/data/containers/hdds/87ce7603-6886-4678-97fb-c6fe9dde4d32/current/containerDir0/4/metadata/4-dn-container.db: No such file or directory
	at org.rocksdb.RocksDB.open(Native Method)
	at org.rocksdb.RocksDB.open(RocksDB.java:231)
	at org.apache.hadoop.utils.RocksDBStore.<init>(RocksDBStore.java:71)
	... 15 more
2019-06-13 20:08:10,069 WARN  utils.BackgroundService (BackgroundService.java:lambda$run$0(135)) - Background task fails to execute, retrying in next interval
java.util.concurrent.ExecutionException: org.apache.hadoop.hdds.scm.container.common.helpers.StorageContainerException: Error opening DB. Container:1 ContainerPath:/opt/src/hadoop-ozone/integration-test/target/test-dir/MiniOzoneClusterImpl-81045214-ddaf-49dc-b937-6952dc108bc6/datanode-0/data/containers/hdds/87ce7603-6886-4678-97fb-c6fe9dde4d32/current/containerDir0/1/metadata/1-dn-container.db
	at java.util.concurrent.FutureTask.report(FutureTask.java:122)
	at java.util.concurrent.FutureTask.get(FutureTask.java:206)
	at org.apache.hadoop.utils.BackgroundService$PeriodicalTask.lambda$run$0(BackgroundService.java:129)
	at java.util.stream.ForEachOps$ForEachOp$OfRef.accept(ForEachOps.java:184)
	at java.util.ArrayList$ArrayListSpliterator.forEachRemaining(ArrayList.java:1382)
	at java.util.stream.AbstractPipeline.copyInto(AbstractPipeline.java:482)
	at java.util.stream.ForEachOps$ForEachTask.compute(ForEachOps.java:291)
	at java.util.concurrent.CountedCompleter.exec(CountedCompleter.java:731)
	at java.util.concurrent.ForkJoinTask.doExec(ForkJoinTask.java:289)
	at java.util.concurrent.ForkJoinPool$WorkQueue.execLocalTasks(ForkJoinPool.java:1040)
	at java.util.concurrent.ForkJoinPool$WorkQueue.runTask(ForkJoinPool.java:1058)
	at java.util.concurrent.ForkJoinPool.runWorker(ForkJoinPool.java:1692)
	at java.util.concurrent.ForkJoinWorkerThread.run(ForkJoinWorkerThread.java:157)
Caused by: org.apache.hadoop.hdds.scm.container.common.helpers.StorageContainerException: Error opening DB. Container:1 ContainerPath:/opt/src/hadoop-ozone/integration-test/target/test-dir/MiniOzoneClusterImpl-81045214-ddaf-49dc-b937-6952dc108bc6/datanode-0/data/containers/hdds/87ce7603-6886-4678-97fb-c6fe9dde4d32/current/containerDir0/1/metadata/1-dn-container.db
	at org.apache.hadoop.ozone.container.keyvalue.helpers.BlockUtils.getDB(BlockUtils.java:84)
	at org.apache.hadoop.ozone.container.keyvalue.statemachine.background.BlockDeletingService$BlockDeletingTask.call(BlockDeletingService.java:188)
	at org.apache.hadoop.ozone.container.keyvalue.statemachine.background.BlockDeletingService$BlockDeletingTask.call(BlockDeletingService.java:172)
	at java.util.concurrent.FutureTask.run(FutureTask.java:266)
	at java.util.concurrent.Executors$RunnableAdapter.call(Executors.java:511)
	at java.util.concurrent.FutureTask.run(FutureTask.java:266)
	at java.util.concurrent.Executors$RunnableAdapter.call(Executors.java:511)
	at java.util.concurrent.FutureTask.run(FutureTask.java:266)
	at java.util.concurrent.ScheduledThreadPoolExecutor$ScheduledFutureTask.access$201(ScheduledThreadPoolExecutor.java:180)
	at java.util.concurrent.ScheduledThreadPoolExecutor$ScheduledFutureTask.run(ScheduledThreadPoolExecutor.java:293)
	at java.util.concurrent.ThreadPoolExecutor.runWorker(ThreadPoolExecutor.java:1149)
	at java.util.concurrent.ThreadPoolExecutor$Worker.run(ThreadPoolExecutor.java:624)
	at java.lang.Thread.run(Thread.java:748)
2019-06-13 20:08:10,069 ERROR utils.ContainerCache (ContainerCache.java:getDB(137)) - Error opening DB. Container:3 ContainerPath:/opt/src/hadoop-ozone/integration-test/target/test-dir/MiniOzoneClusterImpl-81045214-ddaf-49dc-b937-6952dc108bc6/datanode-0/data/containers/hdds/87ce7603-6886-4678-97fb-c6fe9dde4d32/current/containerDir0/3/metadata/3-dn-container.db
java.io.IOException: Failed init RocksDB, db path : /opt/src/hadoop-ozone/integration-test/target/test-dir/MiniOzoneClusterImpl-81045214-ddaf-49dc-b937-6952dc108bc6/datanode-0/data/containers/hdds/87ce7603-6886-4678-97fb-c6fe9dde4d32/current/containerDir0/3/metadata/3-dn-container.db
	at org.apache.hadoop.utils.RocksDBStore.<init>(RocksDBStore.java:87)
	at org.apache.hadoop.utils.MetadataStoreBuilder.build(MetadataStoreBuilder.java:137)
	at org.apache.hadoop.ozone.container.common.utils.ContainerCache.getDB(ContainerCache.java:129)
	at org.apache.hadoop.ozone.container.keyvalue.helpers.BlockUtils.getDB(BlockUtils.java:77)
	at org.apache.hadoop.ozone.container.keyvalue.statemachine.background.BlockDeletingService$BlockDeletingTask.call(BlockDeletingService.java:188)
	at org.apache.hadoop.ozone.container.keyvalue.statemachine.background.BlockDeletingService$BlockDeletingTask.call(BlockDeletingService.java:172)
	at java.util.concurrent.FutureTask.run(FutureTask.java:266)
	at java.util.concurrent.Executors$RunnableAdapter.call(Executors.java:511)
	at java.util.concurrent.FutureTask.run(FutureTask.java:266)
	at java.util.concurrent.Executors$RunnableAdapter.call(Executors.java:511)
	at java.util.concurrent.FutureTask.run(FutureTask.java:266)
	at java.util.concurrent.ScheduledThreadPoolExecutor$ScheduledFutureTask.access$201(ScheduledThreadPoolExecutor.java:180)
	at java.util.concurrent.ScheduledThreadPoolExecutor$ScheduledFutureTask.run(ScheduledThreadPoolExecutor.java:293)
	at java.util.concurrent.ThreadPoolExecutor.runWorker(ThreadPoolExecutor.java:1149)
	at java.util.concurrent.ThreadPoolExecutor$Worker.run(ThreadPoolExecutor.java:624)
	at java.lang.Thread.run(Thread.java:748)
Caused by: org.rocksdb.RocksDBException: While mkdir if missing: /opt/src/hadoop-ozone/integration-test/target/test-dir/MiniOzoneClusterImpl-81045214-ddaf-49dc-b937-6952dc108bc6/datanode-0/data/containers/hdds/87ce7603-6886-4678-97fb-c6fe9dde4d32/current/containerDir0/3/metadata/3-dn-container.db: No such file or directory
	at org.rocksdb.RocksDB.open(Native Method)
	at org.rocksdb.RocksDB.open(RocksDB.java:231)
	at org.apache.hadoop.utils.RocksDBStore.<init>(RocksDBStore.java:71)
	... 15 more
2019-06-13 20:08:10,069 WARN  utils.BackgroundService (BackgroundService.java:lambda$run$0(135)) - Background task fails to execute, retrying in next interval
java.util.concurrent.ExecutionException: org.apache.hadoop.hdds.scm.container.common.helpers.StorageContainerException: Error opening DB. Container:4 ContainerPath:/opt/src/hadoop-ozone/integration-test/target/test-dir/MiniOzoneClusterImpl-81045214-ddaf-49dc-b937-6952dc108bc6/datanode-0/data/containers/hdds/87ce7603-6886-4678-97fb-c6fe9dde4d32/current/containerDir0/4/metadata/4-dn-container.db
	at java.util.concurrent.FutureTask.report(FutureTask.java:122)
	at java.util.concurrent.FutureTask.get(FutureTask.java:206)
	at org.apache.hadoop.utils.BackgroundService$PeriodicalTask.lambda$run$0(BackgroundService.java:129)
	at java.util.stream.ForEachOps$ForEachOp$OfRef.accept(ForEachOps.java:184)
	at java.util.ArrayList$ArrayListSpliterator.forEachRemaining(ArrayList.java:1382)
	at java.util.stream.AbstractPipeline.copyInto(AbstractPipeline.java:482)
	at java.util.stream.ForEachOps$ForEachTask.compute(ForEachOps.java:291)
	at java.util.concurrent.CountedCompleter.exec(CountedCompleter.java:731)
	at java.util.concurrent.ForkJoinTask.doExec(ForkJoinTask.java:289)
	at java.util.concurrent.ForkJoinTask.doInvoke(ForkJoinTask.java:401)
	at java.util.concurrent.ForkJoinTask.invoke(ForkJoinTask.java:734)
	at java.util.stream.ForEachOps$ForEachOp.evaluateParallel(ForEachOps.java:160)
	at java.util.stream.ForEachOps$ForEachOp$OfRef.evaluateParallel(ForEachOps.java:174)
	at java.util.stream.AbstractPipeline.evaluate(AbstractPipeline.java:233)
	at java.util.stream.ReferencePipeline.forEach(ReferencePipeline.java:418)
	at java.util.stream.ReferencePipeline$Head.forEach(ReferencePipeline.java:583)
	at org.apache.hadoop.utils.BackgroundService$PeriodicalTask.run(BackgroundService.java:125)
	at java.util.concurrent.Executors$RunnableAdapter.call(Executors.java:511)
	at java.util.concurrent.FutureTask.runAndReset(FutureTask.java:308)
	at java.util.concurrent.ScheduledThreadPoolExecutor$ScheduledFutureTask.access$301(ScheduledThreadPoolExecutor.java:180)
	at java.util.concurrent.ScheduledThreadPoolExecutor$ScheduledFutureTask.run(ScheduledThreadPoolExecutor.java:294)
	at java.util.concurrent.ThreadPoolExecutor.runWorker(ThreadPoolExecutor.java:1149)
	at java.util.concurrent.ThreadPoolExecutor$Worker.run(ThreadPoolExecutor.java:624)
	at java.lang.Thread.run(Thread.java:748)
Caused by: org.apache.hadoop.hdds.scm.container.common.helpers.StorageContainerException: Error opening DB. Container:4 ContainerPath:/opt/src/hadoop-ozone/integration-test/target/test-dir/MiniOzoneClusterImpl-81045214-ddaf-49dc-b937-6952dc108bc6/datanode-0/data/containers/hdds/87ce7603-6886-4678-97fb-c6fe9dde4d32/current/containerDir0/4/metadata/4-dn-container.db
	at org.apache.hadoop.ozone.container.keyvalue.helpers.BlockUtils.getDB(BlockUtils.java:84)
	at org.apache.hadoop.ozone.container.keyvalue.statemachine.background.BlockDeletingService$BlockDeletingTask.call(BlockDeletingService.java:188)
	at org.apache.hadoop.ozone.container.keyvalue.statemachine.background.BlockDeletingService$BlockDeletingTask.call(BlockDeletingService.java:172)
	at java.util.concurrent.FutureTask.run(FutureTask.java:266)
	at java.util.concurrent.Executors$RunnableAdapter.call(Executors.java:511)
	at java.util.concurrent.FutureTask.run(FutureTask.java:266)
	at java.util.concurrent.Executors$RunnableAdapter.call(Executors.java:511)
	at java.util.concurrent.FutureTask.run(FutureTask.java:266)
	at java.util.concurrent.ScheduledThreadPoolExecutor$ScheduledFutureTask.access$201(ScheduledThreadPoolExecutor.java:180)
	at java.util.concurrent.ScheduledThreadPoolExecutor$ScheduledFutureTask.run(ScheduledThreadPoolExecutor.java:293)
	... 3 more
2019-06-13 20:08:10,070 WARN  utils.BackgroundService (BackgroundService.java:lambda$run$0(135)) - Background task fails to execute, retrying in next interval
java.util.concurrent.ExecutionException: org.apache.hadoop.hdds.scm.container.common.helpers.StorageContainerException: Error opening DB. Container:3 ContainerPath:/opt/src/hadoop-ozone/integration-test/target/test-dir/MiniOzoneClusterImpl-81045214-ddaf-49dc-b937-6952dc108bc6/datanode-0/data/containers/hdds/87ce7603-6886-4678-97fb-c6fe9dde4d32/current/containerDir0/3/metadata/3-dn-container.db
	at java.util.concurrent.FutureTask.report(FutureTask.java:122)
	at java.util.concurrent.FutureTask.get(FutureTask.java:206)
	at org.apache.hadoop.utils.BackgroundService$PeriodicalTask.lambda$run$0(BackgroundService.java:129)
	at java.util.stream.ForEachOps$ForEachOp$OfRef.accept(ForEachOps.java:184)
	at java.util.ArrayList$ArrayListSpliterator.forEachRemaining(ArrayList.java:1382)
	at java.util.stream.AbstractPipeline.copyInto(AbstractPipeline.java:482)
	at java.util.stream.ForEachOps$ForEachTask.compute(ForEachOps.java:291)
	at java.util.concurrent.CountedCompleter.exec(CountedCompleter.java:731)
	at java.util.concurrent.ForkJoinTask.doExec(ForkJoinTask.java:289)
	at java.util.concurrent.ForkJoinPool$WorkQueue.pollAndExecCC(ForkJoinPool.java:1190)
	at java.util.concurrent.ForkJoinPool.helpComplete(ForkJoinPool.java:1879)
	at java.util.concurrent.ForkJoinPool.externalHelpComplete(ForkJoinPool.java:2467)
	at java.util.concurrent.ForkJoinTask.externalAwaitDone(ForkJoinTask.java:324)
	at java.util.concurrent.ForkJoinTask.doInvoke(ForkJoinTask.java:405)
	at java.util.concurrent.ForkJoinTask.invoke(ForkJoinTask.java:734)
	at java.util.stream.ForEachOps$ForEachOp.evaluateParallel(ForEachOps.java:160)
	at java.util.stream.ForEachOps$ForEachOp$OfRef.evaluateParallel(ForEachOps.java:174)
	at java.util.stream.AbstractPipeline.evaluate(AbstractPipeline.java:233)
	at java.util.stream.ReferencePipeline.forEach(ReferencePipeline.java:418)
	at java.util.stream.ReferencePipeline$Head.forEach(ReferencePipeline.java:583)
	at org.apache.hadoop.utils.BackgroundService$PeriodicalTask.run(BackgroundService.java:125)
	at java.util.concurrent.Executors$RunnableAdapter.call(Executors.java:511)
	at java.util.concurrent.FutureTask.runAndReset(FutureTask.java:308)
	at java.util.concurrent.ScheduledThreadPoolExecutor$ScheduledFutureTask.access$301(ScheduledThreadPoolExecutor.java:180)
	at java.util.concurrent.ScheduledThreadPoolExecutor$ScheduledFutureTask.run(ScheduledThreadPoolExecutor.java:294)
	at java.util.concurrent.ThreadPoolExecutor.runWorker(ThreadPoolExecutor.java:1149)
	at java.util.concurrent.ThreadPoolExecutor$Worker.run(ThreadPoolExecutor.java:624)
	at java.lang.Thread.run(Thread.java:748)
Caused by: org.apache.hadoop.hdds.scm.container.common.helpers.StorageContainerException: Error opening DB. Container:3 ContainerPath:/opt/src/hadoop-ozone/integration-test/target/test-dir/MiniOzoneClusterImpl-81045214-ddaf-49dc-b937-6952dc108bc6/datanode-0/data/containers/hdds/87ce7603-6886-4678-97fb-c6fe9dde4d32/current/containerDir0/3/metadata/3-dn-container.db
	at org.apache.hadoop.ozone.container.keyvalue.helpers.BlockUtils.getDB(BlockUtils.java:84)
	at org.apache.hadoop.ozone.container.keyvalue.statemachine.background.BlockDeletingService$BlockDeletingTask.call(BlockDeletingService.java:188)
	at org.apache.hadoop.ozone.container.keyvalue.statemachine.background.BlockDeletingService$BlockDeletingTask.call(BlockDeletingService.java:172)
	at java.util.concurrent.FutureTask.run(FutureTask.java:266)
	at java.util.concurrent.Executors$RunnableAdapter.call(Executors.java:511)
	at java.util.concurrent.FutureTask.run(FutureTask.java:266)
	at java.util.concurrent.Executors$RunnableAdapter.call(Executors.java:511)
	at java.util.concurrent.FutureTask.run(FutureTask.java:266)
	at java.util.concurrent.ScheduledThreadPoolExecutor$ScheduledFutureTask.access$201(ScheduledThreadPoolExecutor.java:180)
	at java.util.concurrent.ScheduledThreadPoolExecutor$ScheduledFutureTask.run(ScheduledThreadPoolExecutor.java:293)
	... 3 more
2019-06-13 20:08:10,070 ERROR utils.ContainerCache (ContainerCache.java:getDB(137)) - Error opening DB. Container:2 ContainerPath:/opt/src/hadoop-ozone/integration-test/target/test-dir/MiniOzoneClusterImpl-81045214-ddaf-49dc-b937-6952dc108bc6/datanode-0/data/containers/hdds/87ce7603-6886-4678-97fb-c6fe9dde4d32/current/containerDir0/2/metadata/2-dn-container.db
java.io.IOException: Failed init RocksDB, db path : /opt/src/hadoop-ozone/integration-test/target/test-dir/MiniOzoneClusterImpl-81045214-ddaf-49dc-b937-6952dc108bc6/datanode-0/data/containers/hdds/87ce7603-6886-4678-97fb-c6fe9dde4d32/current/containerDir0/2/metadata/2-dn-container.db
	at org.apache.hadoop.utils.RocksDBStore.<init>(RocksDBStore.java:87)
	at org.apache.hadoop.utils.MetadataStoreBuilder.build(MetadataStoreBuilder.java:137)
	at org.apache.hadoop.ozone.container.common.utils.ContainerCache.getDB(ContainerCache.java:129)
	at org.apache.hadoop.ozone.container.keyvalue.helpers.BlockUtils.getDB(BlockUtils.java:77)
	at org.apache.hadoop.ozone.container.keyvalue.statemachine.background.BlockDeletingService$BlockDeletingTask.call(BlockDeletingService.java:188)
	at org.apache.hadoop.ozone.container.keyvalue.statemachine.background.BlockDeletingService$BlockDeletingTask.call(BlockDeletingService.java:172)
	at java.util.concurrent.FutureTask.run(FutureTask.java:266)
	at java.util.concurrent.Executors$RunnableAdapter.call(Executors.java:511)
	at java.util.concurrent.FutureTask.run(FutureTask.java:266)
	at java.util.concurrent.Executors$RunnableAdapter.call(Executors.java:511)
	at java.util.concurrent.FutureTask.run(FutureTask.java:266)
	at java.util.concurrent.ScheduledThreadPoolExecutor$ScheduledFutureTask.access$201(ScheduledThreadPoolExecutor.java:180)
	at java.util.concurrent.ScheduledThreadPoolExecutor$ScheduledFutureTask.run(ScheduledThreadPoolExecutor.java:293)
	at java.util.concurrent.ThreadPoolExecutor.runWorker(ThreadPoolExecutor.java:1149)
	at java.util.concurrent.ThreadPoolExecutor$Worker.run(ThreadPoolExecutor.java:624)
	at java.lang.Thread.run(Thread.java:748)
Caused by: org.rocksdb.RocksDBException: While mkdir if missing: /opt/src/hadoop-ozone/integration-test/target/test-dir/MiniOzoneClusterImpl-81045214-ddaf-49dc-b937-6952dc108bc6/datanode-0/data/containers/hdds/87ce7603-6886-4678-97fb-c6fe9dde4d32/current/containerDir0/2/metadata/2-dn-container.db: No such file or directory
	at org.rocksdb.RocksDB.open(Native Method)
	at org.rocksdb.RocksDB.open(RocksDB.java:231)
	at org.apache.hadoop.utils.RocksDBStore.<init>(RocksDBStore.java:71)
	... 15 more
2019-06-13 20:08:10,071 WARN  utils.BackgroundService (BackgroundService.java:lambda$run$0(135)) - Background task fails to execute, retrying in next interval
java.util.concurrent.ExecutionException: org.apache.hadoop.hdds.scm.container.common.helpers.StorageContainerException: Error opening DB. Container:2 ContainerPath:/opt/src/hadoop-ozone/integration-test/target/test-dir/MiniOzoneClusterImpl-81045214-ddaf-49dc-b937-6952dc108bc6/datanode-0/data/containers/hdds/87ce7603-6886-4678-97fb-c6fe9dde4d32/current/containerDir0/2/metadata/2-dn-container.db
	at java.util.concurrent.FutureTask.report(FutureTask.java:122)
	at java.util.concurrent.FutureTask.get(FutureTask.java:206)
	at org.apache.hadoop.utils.BackgroundService$PeriodicalTask.lambda$run$0(BackgroundService.java:129)
	at java.util.stream.ForEachOps$ForEachOp$OfRef.accept(ForEachOps.java:184)
	at java.util.ArrayList$ArrayListSpliterator.forEachRemaining(ArrayList.java:1382)
	at java.util.stream.AbstractPipeline.copyInto(AbstractPipeline.java:482)
	at java.util.stream.ForEachOps$ForEachTask.compute(ForEachOps.java:291)
	at java.util.concurrent.CountedCompleter.exec(CountedCompleter.java:731)
	at java.util.concurrent.ForkJoinTask.doExec(ForkJoinTask.java:289)
	at java.util.concurrent.ForkJoinPool$WorkQueue.runTask(ForkJoinPool.java:1056)
	at java.util.concurrent.ForkJoinPool.runWorker(ForkJoinPool.java:1692)
	at java.util.concurrent.ForkJoinWorkerThread.run(ForkJoinWorkerThread.java:157)
Caused by: org.apache.hadoop.hdds.scm.container.common.helpers.StorageContainerException: Error opening DB. Container:2 ContainerPath:/opt/src/hadoop-ozone/integration-test/target/test-dir/MiniOzoneClusterImpl-81045214-ddaf-49dc-b937-6952dc108bc6/datanode-0/data/containers/hdds/87ce7603-6886-4678-97fb-c6fe9dde4d32/current/containerDir0/2/metadata/2-dn-container.db
	at org.apache.hadoop.ozone.container.keyvalue.helpers.BlockUtils.getDB(BlockUtils.java:84)
	at org.apache.hadoop.ozone.container.keyvalue.statemachine.background.BlockDeletingService$BlockDeletingTask.call(BlockDeletingService.java:188)
	at org.apache.hadoop.ozone.container.keyvalue.statemachine.background.BlockDeletingService$BlockDeletingTask.call(BlockDeletingService.java:172)
	at java.util.concurrent.FutureTask.run(FutureTask.java:266)
	at java.util.concurrent.Executors$RunnableAdapter.call(Executors.java:511)
	at java.util.concurrent.FutureTask.run(FutureTask.java:266)
	at java.util.concurrent.Executors$RunnableAdapter.call(Executors.java:511)
	at java.util.concurrent.FutureTask.run(FutureTask.java:266)
	at java.util.concurrent.ScheduledThreadPoolExecutor$ScheduledFutureTask.access$201(ScheduledThreadPoolExecutor.java:180)
	at java.util.concurrent.ScheduledThreadPoolExecutor$ScheduledFutureTask.run(ScheduledThreadPoolExecutor.java:293)
	at java.util.concurrent.ThreadPoolExecutor.runWorker(ThreadPoolExecutor.java:1149)
	at java.util.concurrent.ThreadPoolExecutor$Worker.run(ThreadPoolExecutor.java:624)
	at java.lang.Thread.run(Thread.java:748)
2019-06-13 20:08:10,679 INFO  ozone.MiniOzoneClusterImpl (MiniOzoneClusterImpl.java:lambda$waitForClusterToBeReady$0(142)) - Waiting for cluster to be ready. Got 0 of 1 DN Heartbeats.
2019-06-13 20:08:11,071 INFO  background.BlockDeletingService (BlockDeletingService.java:getTasks(123)) - Plan to choose 10 containers for block deletion, actually returns 5 valid containers.
2019-06-13 20:08:11,071 ERROR utils.ContainerCache (ContainerCache.java:getDB(137)) - Error opening DB. Container:1 ContainerPath:/opt/src/hadoop-ozone/integration-test/target/test-dir/MiniOzoneClusterImpl-81045214-ddaf-49dc-b937-6952dc108bc6/datanode-0/data/containers/hdds/87ce7603-6886-4678-97fb-c6fe9dde4d32/current/containerDir0/1/metadata/1-dn-container.db
java.io.IOException: Failed init RocksDB, db path : /opt/src/hadoop-ozone/integration-test/target/test-dir/MiniOzoneClusterImpl-81045214-ddaf-49dc-b937-6952dc108bc6/datanode-0/data/containers/hdds/87ce7603-6886-4678-97fb-c6fe9dde4d32/current/containerDir0/1/metadata/1-dn-container.db
	at org.apache.hadoop.utils.RocksDBStore.<init>(RocksDBStore.java:87)
	at org.apache.hadoop.utils.MetadataStoreBuilder.build(MetadataStoreBuilder.java:137)
	at org.apache.hadoop.ozone.container.common.utils.ContainerCache.getDB(ContainerCache.java:129)
	at org.apache.hadoop.ozone.container.keyvalue.helpers.BlockUtils.getDB(BlockUtils.java:77)
	at org.apache.hadoop.ozone.container.keyvalue.statemachine.background.BlockDeletingService$BlockDeletingTask.call(BlockDeletingService.java:188)
	at org.apache.hadoop.ozone.container.keyvalue.statemachine.background.BlockDeletingService$BlockDeletingTask.call(BlockDeletingService.java:172)
	at java.util.concurrent.FutureTask.run(FutureTask.java:266)
	at java.util.concurrent.Executors$RunnableAdapter.call(Executors.java:511)
	at java.util.concurrent.FutureTask.run(FutureTask.java:266)
	at java.util.concurrent.Executors$RunnableAdapter.call(Executors.java:511)
	at java.util.concurrent.FutureTask.run(FutureTask.java:266)
	at java.util.concurrent.ScheduledThreadPoolExecutor$ScheduledFutureTask.access$201(ScheduledThreadPoolExecutor.java:180)
	at java.util.concurrent.ScheduledThreadPoolExecutor$ScheduledFutureTask.run(ScheduledThreadPoolExecutor.java:293)
	at java.util.concurrent.ThreadPoolExecutor.runWorker(ThreadPoolExecutor.java:1149)
	at java.util.concurrent.ThreadPoolExecutor$Worker.run(ThreadPoolExecutor.java:624)
	at java.lang.Thread.run(Thread.java:748)
Caused by: org.rocksdb.RocksDBException: While mkdir if missing: /opt/src/hadoop-ozone/integration-test/target/test-dir/MiniOzoneClusterImpl-81045214-ddaf-49dc-b937-6952dc108bc6/datanode-0/data/containers/hdds/87ce7603-6886-4678-97fb-c6fe9dde4d32/current/containerDir0/1/metadata/1-dn-container.db: No such file or directory
	at org.rocksdb.RocksDB.open(Native Method)
	at org.rocksdb.RocksDB.open(RocksDB.java:231)
	at org.apache.hadoop.utils.RocksDBStore.<init>(RocksDBStore.java:71)
	... 15 more
2019-06-13 20:08:11,072 ERROR utils.ContainerCache (ContainerCache.java:getDB(137)) - Error opening DB. Container:5 ContainerPath:/opt/src/hadoop-ozone/integration-test/target/test-dir/MiniOzoneClusterImpl-81045214-ddaf-49dc-b937-6952dc108bc6/datanode-0/data/containers/hdds/87ce7603-6886-4678-97fb-c6fe9dde4d32/current/containerDir0/5/metadata/5-dn-container.db
java.io.IOException: Failed init RocksDB, db path : /opt/src/hadoop-ozone/integration-test/target/test-dir/MiniOzoneClusterImpl-81045214-ddaf-49dc-b937-6952dc108bc6/datanode-0/data/containers/hdds/87ce7603-6886-4678-97fb-c6fe9dde4d32/current/containerDir0/5/metadata/5-dn-container.db
	at org.apache.hadoop.utils.RocksDBStore.<init>(RocksDBStore.java:87)
	at org.apache.hadoop.utils.MetadataStoreBuilder.build(MetadataStoreBuilder.java:137)
	at org.apache.hadoop.ozone.container.common.utils.ContainerCache.getDB(ContainerCache.java:129)
	at org.apache.hadoop.ozone.container.keyvalue.helpers.BlockUtils.getDB(BlockUtils.java:77)
	at org.apache.hadoop.ozone.container.keyvalue.statemachine.background.BlockDeletingService$BlockDeletingTask.call(BlockDeletingService.java:188)
	at org.apache.hadoop.ozone.container.keyvalue.statemachine.background.BlockDeletingService$BlockDeletingTask.call(BlockDeletingService.java:172)
	at java.util.concurrent.FutureTask.run(FutureTask.java:266)
	at java.util.concurrent.Executors$RunnableAdapter.call(Executors.java:511)
	at java.util.concurrent.FutureTask.run(FutureTask.java:266)
	at java.util.concurrent.Executors$RunnableAdapter.call(Executors.java:511)
	at java.util.concurrent.FutureTask.run(FutureTask.java:266)
	at java.util.concurrent.ScheduledThreadPoolExecutor$ScheduledFutureTask.access$201(ScheduledThreadPoolExecutor.java:180)
	at java.util.concurrent.ScheduledThreadPoolExecutor$ScheduledFutureTask.run(ScheduledThreadPoolExecutor.java:293)
	at java.util.concurrent.ThreadPoolExecutor.runWorker(ThreadPoolExecutor.java:1149)
	at java.util.concurrent.ThreadPoolExecutor$Worker.run(ThreadPoolExecutor.java:624)
	at java.lang.Thread.run(Thread.java:748)
Caused by: org.rocksdb.RocksDBException: While mkdir if missing: /opt/src/hadoop-ozone/integration-test/target/test-dir/MiniOzoneClusterImpl-81045214-ddaf-49dc-b937-6952dc108bc6/datanode-0/data/containers/hdds/87ce7603-6886-4678-97fb-c6fe9dde4d32/current/containerDir0/5/metadata/5-dn-container.db: No such file or directory
	at org.rocksdb.RocksDB.open(Native Method)
	at org.rocksdb.RocksDB.open(RocksDB.java:231)
	at org.apache.hadoop.utils.RocksDBStore.<init>(RocksDBStore.java:71)
	... 15 more
2019-06-13 20:08:11,072 WARN  utils.BackgroundService (BackgroundService.java:lambda$run$0(135)) - Background task fails to execute, retrying in next interval
java.util.concurrent.ExecutionException: org.apache.hadoop.hdds.scm.container.common.helpers.StorageContainerException: Error opening DB. Container:5 ContainerPath:/opt/src/hadoop-ozone/integration-test/target/test-dir/MiniOzoneClusterImpl-81045214-ddaf-49dc-b937-6952dc108bc6/datanode-0/data/containers/hdds/87ce7603-6886-4678-97fb-c6fe9dde4d32/current/containerDir0/5/metadata/5-dn-container.db
	at java.util.concurrent.FutureTask.report(FutureTask.java:122)
	at java.util.concurrent.FutureTask.get(FutureTask.java:206)
	at org.apache.hadoop.utils.BackgroundService$PeriodicalTask.lambda$run$0(BackgroundService.java:129)
	at java.util.stream.ForEachOps$ForEachOp$OfRef.accept(ForEachOps.java:184)
	at java.util.ArrayList$ArrayListSpliterator.forEachRemaining(ArrayList.java:1382)
	at java.util.stream.AbstractPipeline.copyInto(AbstractPipeline.java:482)
	at java.util.stream.ForEachOps$ForEachTask.compute(ForEachOps.java:291)
	at java.util.concurrent.CountedCompleter.exec(CountedCompleter.java:731)
	at java.util.concurrent.ForkJoinTask.doExec(ForkJoinTask.java:289)
	at java.util.concurrent.ForkJoinPool$WorkQueue.runTask(ForkJoinPool.java:1056)
	at java.util.concurrent.ForkJoinPool.runWorker(ForkJoinPool.java:1692)
	at java.util.concurrent.ForkJoinWorkerThread.run(ForkJoinWorkerThread.java:157)
Caused by: org.apache.hadoop.hdds.scm.container.common.helpers.StorageContainerException: Error opening DB. Container:5 ContainerPath:/opt/src/hadoop-ozone/integration-test/target/test-dir/MiniOzoneClusterImpl-81045214-ddaf-49dc-b937-6952dc108bc6/datanode-0/data/containers/hdds/87ce7603-6886-4678-97fb-c6fe9dde4d32/current/containerDir0/5/metadata/5-dn-container.db
	at org.apache.hadoop.ozone.container.keyvalue.helpers.BlockUtils.getDB(BlockUtils.java:84)
	at org.apache.hadoop.ozone.container.keyvalue.statemachine.background.BlockDeletingService$BlockDeletingTask.call(BlockDeletingService.java:188)
	at org.apache.hadoop.ozone.container.keyvalue.statemachine.background.BlockDeletingService$BlockDeletingTask.call(BlockDeletingService.java:172)
	at java.util.concurrent.FutureTask.run(FutureTask.java:266)
	at java.util.concurrent.Executors$RunnableAdapter.call(Executors.java:511)
	at java.util.concurrent.FutureTask.run(FutureTask.java:266)
	at java.util.concurrent.Executors$RunnableAdapter.call(Executors.java:511)
	at java.util.concurrent.FutureTask.run(FutureTask.java:266)
	at java.util.concurrent.ScheduledThreadPoolExecutor$ScheduledFutureTask.access$201(ScheduledThreadPoolExecutor.java:180)
	at java.util.concurrent.ScheduledThreadPoolExecutor$ScheduledFutureTask.run(ScheduledThreadPoolExecutor.java:293)
	at java.util.concurrent.ThreadPoolExecutor.runWorker(ThreadPoolExecutor.java:1149)
	at java.util.concurrent.ThreadPoolExecutor$Worker.run(ThreadPoolExecutor.java:624)
	at java.lang.Thread.run(Thread.java:748)
2019-06-13 20:08:11,072 ERROR utils.ContainerCache (ContainerCache.java:getDB(137)) - Error opening DB. Container:4 ContainerPath:/opt/src/hadoop-ozone/integration-test/target/test-dir/MiniOzoneClusterImpl-81045214-ddaf-49dc-b937-6952dc108bc6/datanode-0/data/containers/hdds/87ce7603-6886-4678-97fb-c6fe9dde4d32/current/containerDir0/4/metadata/4-dn-container.db
java.io.IOException: Failed init RocksDB, db path : /opt/src/hadoop-ozone/integration-test/target/test-dir/MiniOzoneClusterImpl-81045214-ddaf-49dc-b937-6952dc108bc6/datanode-0/data/containers/hdds/87ce7603-6886-4678-97fb-c6fe9dde4d32/current/containerDir0/4/metadata/4-dn-container.db
	at org.apache.hadoop.utils.RocksDBStore.<init>(RocksDBStore.java:87)
	at org.apache.hadoop.utils.MetadataStoreBuilder.build(MetadataStoreBuilder.java:137)
	at org.apache.hadoop.ozone.container.common.utils.ContainerCache.getDB(ContainerCache.java:129)
	at org.apache.hadoop.ozone.container.keyvalue.helpers.BlockUtils.getDB(BlockUtils.java:77)
	at org.apache.hadoop.ozone.container.keyvalue.statemachine.background.BlockDeletingService$BlockDeletingTask.call(BlockDeletingService.java:188)
	at org.apache.hadoop.ozone.container.keyvalue.statemachine.background.BlockDeletingService$BlockDeletingTask.call(BlockDeletingService.java:172)
	at java.util.concurrent.FutureTask.run(FutureTask.java:266)
	at java.util.concurrent.Executors$RunnableAdapter.call(Executors.java:511)
	at java.util.concurrent.FutureTask.run(FutureTask.java:266)
	at java.util.concurrent.Executors$RunnableAdapter.call(Executors.java:511)
	at java.util.concurrent.FutureTask.run(FutureTask.java:266)
	at java.util.concurrent.ScheduledThreadPoolExecutor$ScheduledFutureTask.access$201(ScheduledThreadPoolExecutor.java:180)
	at java.util.concurrent.ScheduledThreadPoolExecutor$ScheduledFutureTask.run(ScheduledThreadPoolExecutor.java:293)
	at java.util.concurrent.ThreadPoolExecutor.runWorker(ThreadPoolExecutor.java:1149)
	at java.util.concurrent.ThreadPoolExecutor$Worker.run(ThreadPoolExecutor.java:624)
	at java.lang.Thread.run(Thread.java:748)
Caused by: org.rocksdb.RocksDBException: While mkdir if missing: /opt/src/hadoop-ozone/integration-test/target/test-dir/MiniOzoneClusterImpl-81045214-ddaf-49dc-b937-6952dc108bc6/datanode-0/data/containers/hdds/87ce7603-6886-4678-97fb-c6fe9dde4d32/current/containerDir0/4/metadata/4-dn-container.db: No such file or directory
	at org.rocksdb.RocksDB.open(Native Method)
	at org.rocksdb.RocksDB.open(RocksDB.java:231)
	at org.apache.hadoop.utils.RocksDBStore.<init>(RocksDBStore.java:71)
	... 15 more
2019-06-13 20:08:11,072 WARN  utils.BackgroundService (BackgroundService.java:lambda$run$0(135)) - Background task fails to execute, retrying in next interval
java.util.concurrent.ExecutionException: org.apache.hadoop.hdds.scm.container.common.helpers.StorageContainerException: Error opening DB. Container:1 ContainerPath:/opt/src/hadoop-ozone/integration-test/target/test-dir/MiniOzoneClusterImpl-81045214-ddaf-49dc-b937-6952dc108bc6/datanode-0/data/containers/hdds/87ce7603-6886-4678-97fb-c6fe9dde4d32/current/containerDir0/1/metadata/1-dn-container.db
	at java.util.concurrent.FutureTask.report(FutureTask.java:122)
	at java.util.concurrent.FutureTask.get(FutureTask.java:206)
	at org.apache.hadoop.utils.BackgroundService$PeriodicalTask.lambda$run$0(BackgroundService.java:129)
	at java.util.stream.ForEachOps$ForEachOp$OfRef.accept(ForEachOps.java:184)
	at java.util.ArrayList$ArrayListSpliterator.forEachRemaining(ArrayList.java:1382)
	at java.util.stream.AbstractPipeline.copyInto(AbstractPipeline.java:482)
	at java.util.stream.ForEachOps$ForEachTask.compute(ForEachOps.java:291)
	at java.util.concurrent.CountedCompleter.exec(CountedCompleter.java:731)
	at java.util.concurrent.ForkJoinTask.doExec(ForkJoinTask.java:289)
	at java.util.concurrent.ForkJoinPool$WorkQueue.execLocalTasks(ForkJoinPool.java:1040)
	at java.util.concurrent.ForkJoinPool$WorkQueue.runTask(ForkJoinPool.java:1058)
	at java.util.concurrent.ForkJoinPool.runWorker(ForkJoinPool.java:1692)
	at java.util.concurrent.ForkJoinWorkerThread.run(ForkJoinWorkerThread.java:157)
Caused by: org.apache.hadoop.hdds.scm.container.common.helpers.StorageContainerException: Error opening DB. Container:1 ContainerPath:/opt/src/hadoop-ozone/integration-test/target/test-dir/MiniOzoneClusterImpl-81045214-ddaf-49dc-b937-6952dc108bc6/datanode-0/data/containers/hdds/87ce7603-6886-4678-97fb-c6fe9dde4d32/current/containerDir0/1/metadata/1-dn-container.db
	at org.apache.hadoop.ozone.container.keyvalue.helpers.BlockUtils.getDB(BlockUtils.java:84)
	at org.apache.hadoop.ozone.container.keyvalue.statemachine.background.BlockDeletingService$BlockDeletingTask.call(BlockDeletingService.java:188)
	at org.apache.hadoop.ozone.container.keyvalue.statemachine.background.BlockDeletingService$BlockDeletingTask.call(BlockDeletingService.java:172)
	at java.util.concurrent.FutureTask.run(FutureTask.java:266)
	at java.util.concurrent.Executors$RunnableAdapter.call(Executors.java:511)
	at java.util.concurrent.FutureTask.run(FutureTask.java:266)
	at java.util.concurrent.Executors$RunnableAdapter.call(Executors.java:511)
	at java.util.concurrent.FutureTask.run(FutureTask.java:266)
	at java.util.concurrent.ScheduledThreadPoolExecutor$ScheduledFutureTask.access$201(ScheduledThreadPoolExecutor.java:180)
	at java.util.concurrent.ScheduledThreadPoolExecutor$ScheduledFutureTask.run(ScheduledThreadPoolExecutor.java:293)
	at java.util.concurrent.ThreadPoolExecutor.runWorker(ThreadPoolExecutor.java:1149)
	at java.util.concurrent.ThreadPoolExecutor$Worker.run(ThreadPoolExecutor.java:624)
	at java.lang.Thread.run(Thread.java:748)
2019-06-13 20:08:11,073 ERROR utils.ContainerCache (ContainerCache.java:getDB(137)) - Error opening DB. Container:3 ContainerPath:/opt/src/hadoop-ozone/integration-test/target/test-dir/MiniOzoneClusterImpl-81045214-ddaf-49dc-b937-6952dc108bc6/datanode-0/data/containers/hdds/87ce7603-6886-4678-97fb-c6fe9dde4d32/current/containerDir0/3/metadata/3-dn-container.db
java.io.IOException: Failed init RocksDB, db path : /opt/src/hadoop-ozone/integration-test/target/test-dir/MiniOzoneClusterImpl-81045214-ddaf-49dc-b937-6952dc108bc6/datanode-0/data/containers/hdds/87ce7603-6886-4678-97fb-c6fe9dde4d32/current/containerDir0/3/metadata/3-dn-container.db
	at org.apache.hadoop.utils.RocksDBStore.<init>(RocksDBStore.java:87)
	at org.apache.hadoop.utils.MetadataStoreBuilder.build(MetadataStoreBuilder.java:137)
	at org.apache.hadoop.ozone.container.common.utils.ContainerCache.getDB(ContainerCache.java:129)
	at org.apache.hadoop.ozone.container.keyvalue.helpers.BlockUtils.getDB(BlockUtils.java:77)
	at org.apache.hadoop.ozone.container.keyvalue.statemachine.background.BlockDeletingService$BlockDeletingTask.call(BlockDeletingService.java:188)
	at org.apache.hadoop.ozone.container.keyvalue.statemachine.background.BlockDeletingService$BlockDeletingTask.call(BlockDeletingService.java:172)
	at java.util.concurrent.FutureTask.run(FutureTask.java:266)
	at java.util.concurrent.Executors$RunnableAdapter.call(Executors.java:511)
	at java.util.concurrent.FutureTask.run(FutureTask.java:266)
	at java.util.concurrent.Executors$RunnableAdapter.call(Executors.java:511)
	at java.util.concurrent.FutureTask.run(FutureTask.java:266)
	at java.util.concurrent.ScheduledThreadPoolExecutor$ScheduledFutureTask.access$201(ScheduledThreadPoolExecutor.java:180)
	at java.util.concurrent.ScheduledThreadPoolExecutor$ScheduledFutureTask.run(ScheduledThreadPoolExecutor.java:293)
	at java.util.concurrent.ThreadPoolExecutor.runWorker(ThreadPoolExecutor.java:1149)
	at java.util.concurrent.ThreadPoolExecutor$Worker.run(ThreadPoolExecutor.java:624)
	at java.lang.Thread.run(Thread.java:748)
Caused by: org.rocksdb.RocksDBException: While mkdir if missing: /opt/src/hadoop-ozone/integration-test/target/test-dir/MiniOzoneClusterImpl-81045214-ddaf-49dc-b937-6952dc108bc6/datanode-0/data/containers/hdds/87ce7603-6886-4678-97fb-c6fe9dde4d32/current/containerDir0/3/metadata/3-dn-container.db: No such file or directory
	at org.rocksdb.RocksDB.open(Native Method)
	at org.rocksdb.RocksDB.open(RocksDB.java:231)
	at org.apache.hadoop.utils.RocksDBStore.<init>(RocksDBStore.java:71)
	... 15 more
2019-06-13 20:08:11,073 WARN  utils.BackgroundService (BackgroundService.java:lambda$run$0(135)) - Background task fails to execute, retrying in next interval
java.util.concurrent.ExecutionException: org.apache.hadoop.hdds.scm.container.common.helpers.StorageContainerException: Error opening DB. Container:4 ContainerPath:/opt/src/hadoop-ozone/integration-test/target/test-dir/MiniOzoneClusterImpl-81045214-ddaf-49dc-b937-6952dc108bc6/datanode-0/data/containers/hdds/87ce7603-6886-4678-97fb-c6fe9dde4d32/current/containerDir0/4/metadata/4-dn-container.db
	at java.util.concurrent.FutureTask.report(FutureTask.java:122)
	at java.util.concurrent.FutureTask.get(FutureTask.java:206)
	at org.apache.hadoop.utils.BackgroundService$PeriodicalTask.lambda$run$0(BackgroundService.java:129)
	at java.util.stream.ForEachOps$ForEachOp$OfRef.accept(ForEachOps.java:184)
	at java.util.ArrayList$ArrayListSpliterator.forEachRemaining(ArrayList.java:1382)
	at java.util.stream.AbstractPipeline.copyInto(AbstractPipeline.java:482)
	at java.util.stream.ForEachOps$ForEachTask.compute(ForEachOps.java:291)
	at java.util.concurrent.CountedCompleter.exec(CountedCompleter.java:731)
	at java.util.concurrent.ForkJoinTask.doExec(ForkJoinTask.java:289)
	at java.util.concurrent.ForkJoinTask.doInvoke(ForkJoinTask.java:401)
	at java.util.concurrent.ForkJoinTask.invoke(ForkJoinTask.java:734)
	at java.util.stream.ForEachOps$ForEachOp.evaluateParallel(ForEachOps.java:160)
	at java.util.stream.ForEachOps$ForEachOp$OfRef.evaluateParallel(ForEachOps.java:174)
	at java.util.stream.AbstractPipeline.evaluate(AbstractPipeline.java:233)
	at java.util.stream.ReferencePipeline.forEach(ReferencePipeline.java:418)
	at java.util.stream.ReferencePipeline$Head.forEach(ReferencePipeline.java:583)
	at org.apache.hadoop.utils.BackgroundService$PeriodicalTask.run(BackgroundService.java:125)
	at java.util.concurrent.Executors$RunnableAdapter.call(Executors.java:511)
	at java.util.concurrent.FutureTask.runAndReset(FutureTask.java:308)
	at java.util.concurrent.ScheduledThreadPoolExecutor$ScheduledFutureTask.access$301(ScheduledThreadPoolExecutor.java:180)
	at java.util.concurrent.ScheduledThreadPoolExecutor$ScheduledFutureTask.run(ScheduledThreadPoolExecutor.java:294)
	at java.util.concurrent.ThreadPoolExecutor.runWorker(ThreadPoolExecutor.java:1149)
	at java.util.concurrent.ThreadPoolExecutor$Worker.run(ThreadPoolExecutor.java:624)
	at java.lang.Thread.run(Thread.java:748)
Caused by: org.apache.hadoop.hdds.scm.container.common.helpers.StorageContainerException: Error opening DB. Container:4 ContainerPath:/opt/src/hadoop-ozone/integration-test/target/test-dir/MiniOzoneClusterImpl-81045214-ddaf-49dc-b937-6952dc108bc6/datanode-0/data/containers/hdds/87ce7603-6886-4678-97fb-c6fe9dde4d32/current/containerDir0/4/metadata/4-dn-container.db
	at org.apache.hadoop.ozone.container.keyvalue.helpers.BlockUtils.getDB(BlockUtils.java:84)
	at org.apache.hadoop.ozone.container.keyvalue.statemachine.background.BlockDeletingService$BlockDeletingTask.call(BlockDeletingService.java:188)
	at org.apache.hadoop.ozone.container.keyvalue.statemachine.background.BlockDeletingService$BlockDeletingTask.call(BlockDeletingService.java:172)
	at java.util.concurrent.FutureTask.run(FutureTask.java:266)
	at java.util.concurrent.Executors$RunnableAdapter.call(Executors.java:511)
	at java.util.concurrent.FutureTask.run(FutureTask.java:266)
	at java.util.concurrent.Executors$RunnableAdapter.call(Executors.java:511)
	at java.util.concurrent.FutureTask.run(FutureTask.java:266)
	at java.util.concurrent.ScheduledThreadPoolExecutor$ScheduledFutureTask.access$201(ScheduledThreadPoolExecutor.java:180)
	at java.util.concurrent.ScheduledThreadPoolExecutor$ScheduledFutureTask.run(ScheduledThreadPoolExecutor.java:293)
	... 3 more
2019-06-13 20:08:11,073 ERROR utils.ContainerCache (ContainerCache.java:getDB(137)) - Error opening DB. Container:2 ContainerPath:/opt/src/hadoop-ozone/integration-test/target/test-dir/MiniOzoneClusterImpl-81045214-ddaf-49dc-b937-6952dc108bc6/datanode-0/data/containers/hdds/87ce7603-6886-4678-97fb-c6fe9dde4d32/current/containerDir0/2/metadata/2-dn-container.db
java.io.IOException: Failed init RocksDB, db path : /opt/src/hadoop-ozone/integration-test/target/test-dir/MiniOzoneClusterImpl-81045214-ddaf-49dc-b937-6952dc108bc6/datanode-0/data/containers/hdds/87ce7603-6886-4678-97fb-c6fe9dde4d32/current/containerDir0/2/metadata/2-dn-container.db
	at org.apache.hadoop.utils.RocksDBStore.<init>(RocksDBStore.java:87)
	at org.apache.hadoop.utils.MetadataStoreBuilder.build(MetadataStoreBuilder.java:137)
	at org.apache.hadoop.ozone.container.common.utils.ContainerCache.getDB(ContainerCache.java:129)
	at org.apache.hadoop.ozone.container.keyvalue.helpers.BlockUtils.getDB(BlockUtils.java:77)
	at org.apache.hadoop.ozone.container.keyvalue.statemachine.background.BlockDeletingService$BlockDeletingTask.call(BlockDeletingService.java:188)
	at org.apache.hadoop.ozone.container.keyvalue.statemachine.background.BlockDeletingService$BlockDeletingTask.call(BlockDeletingService.java:172)
	at java.util.concurrent.FutureTask.run(FutureTask.java:266)
	at java.util.concurrent.Executors$RunnableAdapter.call(Executors.java:511)
	at java.util.concurrent.FutureTask.run(FutureTask.java:266)
	at java.util.concurrent.Executors$RunnableAdapter.call(Executors.java:511)
	at java.util.concurrent.FutureTask.run(FutureTask.java:266)
	at java.util.concurrent.ScheduledThreadPoolExecutor$ScheduledFutureTask.access$201(ScheduledThreadPoolExecutor.java:180)
	at java.util.concurrent.ScheduledThreadPoolExecutor$ScheduledFutureTask.run(ScheduledThreadPoolExecutor.java:293)
	at java.util.concurrent.ThreadPoolExecutor.runWorker(ThreadPoolExecutor.java:1149)
	at java.util.concurrent.ThreadPoolExecutor$Worker.run(ThreadPoolExecutor.java:624)
	at java.lang.Thread.run(Thread.java:748)
Caused by: org.rocksdb.RocksDBException: While mkdir if missing: /opt/src/hadoop-ozone/integration-test/target/test-dir/MiniOzoneClusterImpl-81045214-ddaf-49dc-b937-6952dc108bc6/datanode-0/data/containers/hdds/87ce7603-6886-4678-97fb-c6fe9dde4d32/current/containerDir0/2/metadata/2-dn-container.db: No such file or directory
	at org.rocksdb.RocksDB.open(Native Method)
	at org.rocksdb.RocksDB.open(RocksDB.java:231)
	at org.apache.hadoop.utils.RocksDBStore.<init>(RocksDBStore.java:71)
	... 15 more
2019-06-13 20:08:11,074 WARN  utils.BackgroundService (BackgroundService.java:lambda$run$0(135)) - Background task fails to execute, retrying in next interval
java.util.concurrent.ExecutionException: org.apache.hadoop.hdds.scm.container.common.helpers.StorageContainerException: Error opening DB. Container:3 ContainerPath:/opt/src/hadoop-ozone/integration-test/target/test-dir/MiniOzoneClusterImpl-81045214-ddaf-49dc-b937-6952dc108bc6/datanode-0/data/containers/hdds/87ce7603-6886-4678-97fb-c6fe9dde4d32/current/containerDir0/3/metadata/3-dn-container.db
	at java.util.concurrent.FutureTask.report(FutureTask.java:122)
	at java.util.concurrent.FutureTask.get(FutureTask.java:206)
	at org.apache.hadoop.utils.BackgroundService$PeriodicalTask.lambda$run$0(BackgroundService.java:129)
	at java.util.stream.ForEachOps$ForEachOp$OfRef.accept(ForEachOps.java:184)
	at java.util.ArrayList$ArrayListSpliterator.forEachRemaining(ArrayList.java:1382)
	at java.util.stream.AbstractPipeline.copyInto(AbstractPipeline.java:482)
	at java.util.stream.ForEachOps$ForEachTask.compute(ForEachOps.java:291)
	at java.util.concurrent.CountedCompleter.exec(CountedCompleter.java:731)
	at java.util.concurrent.ForkJoinTask.doExec(ForkJoinTask.java:289)
	at java.util.concurrent.ForkJoinPool$WorkQueue.pollAndExecCC(ForkJoinPool.java:1190)
	at java.util.concurrent.ForkJoinPool.helpComplete(ForkJoinPool.java:1879)
	at java.util.concurrent.ForkJoinPool.externalHelpComplete(ForkJoinPool.java:2467)
	at java.util.concurrent.ForkJoinTask.externalAwaitDone(ForkJoinTask.java:324)
	at java.util.concurrent.ForkJoinTask.doInvoke(ForkJoinTask.java:405)
	at java.util.concurrent.ForkJoinTask.invoke(ForkJoinTask.java:734)
	at java.util.stream.ForEachOps$ForEachOp.evaluateParallel(ForEachOps.java:160)
	at java.util.stream.ForEachOps$ForEachOp$OfRef.evaluateParallel(ForEachOps.java:174)
	at java.util.stream.AbstractPipeline.evaluate(AbstractPipeline.java:233)
	at java.util.stream.ReferencePipeline.forEach(ReferencePipeline.java:418)
	at java.util.stream.ReferencePipeline$Head.forEach(ReferencePipeline.java:583)
	at org.apache.hadoop.utils.BackgroundService$PeriodicalTask.run(BackgroundService.java:125)
	at java.util.concurrent.Executors$RunnableAdapter.call(Executors.java:511)
	at java.util.concurrent.FutureTask.runAndReset(FutureTask.java:308)
	at java.util.concurrent.ScheduledThreadPoolExecutor$ScheduledFutureTask.access$301(ScheduledThreadPoolExecutor.java:180)
	at java.util.concurrent.ScheduledThreadPoolExecutor$ScheduledFutureTask.run(ScheduledThreadPoolExecutor.java:294)
	at java.util.concurrent.ThreadPoolExecutor.runWorker(ThreadPoolExecutor.java:1149)
	at java.util.concurrent.ThreadPoolExecutor$Worker.run(ThreadPoolExecutor.java:624)
	at java.lang.Thread.run(Thread.java:748)
Caused by: org.apache.hadoop.hdds.scm.container.common.helpers.StorageContainerException: Error opening DB. Container:3 ContainerPath:/opt/src/hadoop-ozone/integration-test/target/test-dir/MiniOzoneClusterImpl-81045214-ddaf-49dc-b937-6952dc108bc6/datanode-0/data/containers/hdds/87ce7603-6886-4678-97fb-c6fe9dde4d32/current/containerDir0/3/metadata/3-dn-container.db
	at org.apache.hadoop.ozone.container.keyvalue.helpers.BlockUtils.getDB(BlockUtils.java:84)
	at org.apache.hadoop.ozone.container.keyvalue.statemachine.background.BlockDeletingService$BlockDeletingTask.call(BlockDeletingService.java:188)
	at org.apache.hadoop.ozone.container.keyvalue.statemachine.background.BlockDeletingService$BlockDeletingTask.call(BlockDeletingService.java:172)
	at java.util.concurrent.FutureTask.run(FutureTask.java:266)
	at java.util.concurrent.Executors$RunnableAdapter.call(Executors.java:511)
	at java.util.concurrent.FutureTask.run(FutureTask.java:266)
	at java.util.concurrent.Executors$RunnableAdapter.call(Executors.java:511)
	at java.util.concurrent.FutureTask.run(FutureTask.java:266)
	at java.util.concurrent.ScheduledThreadPoolExecutor$ScheduledFutureTask.access$201(ScheduledThreadPoolExecutor.java:180)
	at java.util.concurrent.ScheduledThreadPoolExecutor$ScheduledFutureTask.run(ScheduledThreadPoolExecutor.java:293)
	... 3 more
2019-06-13 20:08:11,074 WARN  utils.BackgroundService (BackgroundService.java:lambda$run$0(135)) - Background task fails to execute, retrying in next interval
java.util.concurrent.ExecutionException: org.apache.hadoop.hdds.scm.container.common.helpers.StorageContainerException: Error opening DB. Container:2 ContainerPath:/opt/src/hadoop-ozone/integration-test/target/test-dir/MiniOzoneClusterImpl-81045214-ddaf-49dc-b937-6952dc108bc6/datanode-0/data/containers/hdds/87ce7603-6886-4678-97fb-c6fe9dde4d32/current/containerDir0/2/metadata/2-dn-container.db
	at java.util.concurrent.FutureTask.report(FutureTask.java:122)
	at java.util.concurrent.FutureTask.get(FutureTask.java:206)
	at org.apache.hadoop.utils.BackgroundService$PeriodicalTask.lambda$run$0(BackgroundService.java:129)
	at java.util.stream.ForEachOps$ForEachOp$OfRef.accept(ForEachOps.java:184)
	at java.util.ArrayList$ArrayListSpliterator.forEachRemaining(ArrayList.java:1382)
	at java.util.stream.AbstractPipeline.copyInto(AbstractPipeline.java:482)
	at java.util.stream.ForEachOps$ForEachTask.compute(ForEachOps.java:291)
	at java.util.concurrent.CountedCompleter.exec(CountedCompleter.java:731)
	at java.util.concurrent.ForkJoinTask.doExec(ForkJoinTask.java:289)
	at java.util.concurrent.ForkJoinPool$WorkQueue.runTask(ForkJoinPool.java:1056)
	at java.util.concurrent.ForkJoinPool.runWorker(ForkJoinPool.java:1692)
	at java.util.concurrent.ForkJoinWorkerThread.run(ForkJoinWorkerThread.java:157)
Caused by: org.apache.hadoop.hdds.scm.container.common.helpers.StorageContainerException: Error opening DB. Container:2 ContainerPath:/opt/src/hadoop-ozone/integration-test/target/test-dir/MiniOzoneClusterImpl-81045214-ddaf-49dc-b937-6952dc108bc6/datanode-0/data/containers/hdds/87ce7603-6886-4678-97fb-c6fe9dde4d32/current/containerDir0/2/metadata/2-dn-container.db
	at org.apache.hadoop.ozone.container.keyvalue.helpers.BlockUtils.getDB(BlockUtils.java:84)
	at org.apache.hadoop.ozone.container.keyvalue.statemachine.background.BlockDeletingService$BlockDeletingTask.call(BlockDeletingService.java:188)
	at org.apache.hadoop.ozone.container.keyvalue.statemachine.background.BlockDeletingService$BlockDeletingTask.call(BlockDeletingService.java:172)
	at java.util.concurrent.FutureTask.run(FutureTask.java:266)
	at java.util.concurrent.Executors$RunnableAdapter.call(Executors.java:511)
	at java.util.concurrent.FutureTask.run(FutureTask.java:266)
	at java.util.concurrent.Executors$RunnableAdapter.call(Executors.java:511)
	at java.util.concurrent.FutureTask.run(FutureTask.java:266)
	at java.util.concurrent.ScheduledThreadPoolExecutor$ScheduledFutureTask.access$201(ScheduledThreadPoolExecutor.java:180)
	at java.util.concurrent.ScheduledThreadPoolExecutor$ScheduledFutureTask.run(ScheduledThreadPoolExecutor.java:293)
	at java.util.concurrent.ThreadPoolExecutor.runWorker(ThreadPoolExecutor.java:1149)
	at java.util.concurrent.ThreadPoolExecutor$Worker.run(ThreadPoolExecutor.java:624)
	at java.lang.Thread.run(Thread.java:748)
2019-06-13 20:08:11,679 INFO  ozone.MiniOzoneClusterImpl (MiniOzoneClusterImpl.java:lambda$waitForClusterToBeReady$0(142)) - Waiting for cluster to be ready. Got 0 of 1 DN Heartbeats.
2019-06-13 20:08:11,683 INFO  node.SCMNodeManager (SCMNodeManager.java:register(234)) - Registered Data node : 1f54bfb1-87fd-4c55-91cf-bd4956eabfec{ip: 192.168.46.24, host: ozone-d8fz6-1684193631, networkLocation: /default-rack, certSerialId: null}
2019-06-13 20:08:11,686 INFO  safemode.SCMSafeModeManager (DataNodeSafeModeRule.java:process(71)) - SCM in safe mode. 1 DataNodes registered, 1 required.
2019-06-13 20:08:11,687 INFO  safemode.SCMSafeModeManager (SCMSafeModeManager.java:validateSafeModeExitRules(177)) - ScmSafeModeManager, all rules are successfully validated
2019-06-13 20:08:11,687 INFO  safemode.SCMSafeModeManager (SCMSafeModeManager.java:exitSafeMode(193)) - SCM exiting safe mode.
2019-06-13 20:08:11,697 INFO  impl.RaftServerProxy (RaftServerProxy.java:addNew(89)) - 1f54bfb1-87fd-4c55-91cf-bd4956eabfec: addNew group-5CF86A52A9B9:[1f54bfb1-87fd-4c55-91cf-bd4956eabfec:192.168.46.24:35147] returns group-5CF86A52A9B9:java.util.concurrent.CompletableFuture@1dfe5d1a[Not completed]
2019-06-13 20:08:11,697 INFO  impl.RaftServerImpl (RaftServerImpl.java:<init>(91)) - 1f54bfb1-87fd-4c55-91cf-bd4956eabfec: new RaftServerImpl for group-5CF86A52A9B9:[1f54bfb1-87fd-4c55-91cf-bd4956eabfec:192.168.46.24:35147] with ContainerStateMachine:uninitialized
2019-06-13 20:08:11,698 INFO  server.RaftServerConfigKeys (ConfUtils.java:logGet(43)) - raft.server.rpc.timeout.min = 1s (custom)
2019-06-13 20:08:11,698 INFO  server.RaftServerConfigKeys (ConfUtils.java:logGet(43)) - raft.server.rpc.timeout.max = 1200ms (custom)
2019-06-13 20:08:11,698 INFO  server.RaftServerConfigKeys (ConfUtils.java:logGet(43)) - raft.server.rpcslowness.timeout = 120s (custom)
2019-06-13 20:08:11,698 INFO  server.RaftServerConfigKeys (ConfUtils.java:logGet(43)) - raft.server.log.appender.install.snapshot.enabled = true (default)
2019-06-13 20:08:11,698 INFO  impl.RaftServerImpl (ServerState.java:<init>(101)) - 1f54bfb1-87fd-4c55-91cf-bd4956eabfec:group-5CF86A52A9B9 ConfigurationManager, init=-1: [1f54bfb1-87fd-4c55-91cf-bd4956eabfec:192.168.46.24:35147], old=null, confs=<EMPTY_MAP>
2019-06-13 20:08:11,698 INFO  server.RaftServerConfigKeys (ConfUtils.java:logGet(43)) - raft.server.storage.dir = [/opt/src/hadoop-ozone/integration-test/target/test-dir/MiniOzoneClusterImpl-c04fe284-5df4-468d-ad98-3b9bdd7fd663/datanode-0/data/ratis] (custom)
2019-06-13 20:08:11,698 INFO  storage.RaftStorageDirectory (RaftStorageDirectory.java:analyzeStorage(246)) - The storage directory /opt/src/hadoop-ozone/integration-test/target/test-dir/MiniOzoneClusterImpl-c04fe284-5df4-468d-ad98-3b9bdd7fd663/datanode-0/data/ratis/1993cf3d-3ba0-4d88-81e1-5cf86a52a9b9 does not exist. Creating ...
2019-06-13 20:08:11,701 INFO  storage.RaftStorageDirectory (RaftStorageDirectory.java:tryLock(328)) - Lock on /opt/src/hadoop-ozone/integration-test/target/test-dir/MiniOzoneClusterImpl-c04fe284-5df4-468d-ad98-3b9bdd7fd663/datanode-0/data/ratis/1993cf3d-3ba0-4d88-81e1-5cf86a52a9b9/in_use.lock acquired by nodename 29793@ozone-d8fz6-1684193631
2019-06-13 20:08:11,703 INFO  storage.RaftStorage (RaftStorage.java:format(75)) - Storage directory /opt/src/hadoop-ozone/integration-test/target/test-dir/MiniOzoneClusterImpl-c04fe284-5df4-468d-ad98-3b9bdd7fd663/datanode-0/data/ratis/1993cf3d-3ba0-4d88-81e1-5cf86a52a9b9 has been successfully formatted.
2019-06-13 20:08:11,703 INFO  ratis.ContainerStateMachine (ContainerStateMachine.java:loadSnapshot(199)) - The snapshot info is null.Setting the last applied index to:(t:0, i:~)
2019-06-13 20:08:11,703 INFO  server.RaftServerConfigKeys (ConfUtils.java:logGet(43)) - raft.server.leader.election.timeout = 120s (custom)
2019-06-13 20:08:11,703 INFO  server.RaftServerConfigKeys (ConfUtils.java:logGet(43)) - raft.server.log.use.memory = false (default)
2019-06-13 20:08:11,703 INFO  server.RaftServerConfigKeys (ConfUtils.java:logGet(43)) - raft.server.log.appender.buffer.byte-limit = 33554432 (custom)
2019-06-13 20:08:11,703 INFO  server.RaftServerConfigKeys (ConfUtils.java:logGet(43)) - raft.server.log.segment.size.max = 16384 (custom)
2019-06-13 20:08:11,703 INFO  server.RaftServerConfigKeys (ConfUtils.java:logGet(43)) - raft.server.log.segment.cache.num.max = 2 (custom)
2019-06-13 20:08:11,703 INFO  storage.RaftLogWorker (RaftLogWorker.java:<init>(123)) - new 1f54bfb1-87fd-4c55-91cf-bd4956eabfec-RaftLogWorker for Storage Directory /opt/src/hadoop-ozone/integration-test/target/test-dir/MiniOzoneClusterImpl-c04fe284-5df4-468d-ad98-3b9bdd7fd663/datanode-0/data/ratis/1993cf3d-3ba0-4d88-81e1-5cf86a52a9b9
2019-06-13 20:08:11,703 INFO  server.RaftServerConfigKeys (ConfUtils.java:logGet(43)) - raft.server.log.queue.byte-limit = 2147483647 (custom)
2019-06-13 20:08:11,703 INFO  server.RaftServerConfigKeys (ConfUtils.java:logGet(43)) - raft.server.log.queue.element-limit = 1024 (custom)
2019-06-13 20:08:11,704 INFO  server.RaftServerConfigKeys (ConfUtils.java:logGet(43)) - raft.server.log.segment.size.max = 16384 (custom)
2019-06-13 20:08:11,704 INFO  server.RaftServerConfigKeys (ConfUtils.java:logGet(43)) - raft.server.log.preallocated.size = 16384 (custom)
2019-06-13 20:08:11,704 INFO  server.RaftServerConfigKeys (ConfUtils.java:logGet(43)) - raft.server.log.write.buffer.size = 33554432 (custom)
2019-06-13 20:08:11,704 INFO  server.RaftServerConfigKeys (ConfUtils.java:logGet(43)) - raft.server.log.force.sync.num = 128 (default)
2019-06-13 20:08:11,704 INFO  server.RaftServerConfigKeys (ConfUtils.java:logGet(43)) - raft.server.log.statemachine.data.sync = true (default)
2019-06-13 20:08:11,704 INFO  server.RaftServerConfigKeys (ConfUtils.java:logGet(43)) - raft.server.log.statemachine.data.sync.timeout = 10s (default)
2019-06-13 20:08:11,704 INFO  server.RaftServerConfigKeys (ConfUtils.java:logGet(43)) - raft.server.log.statemachine.data.sync.timeout.retry = -1 (default)
2019-06-13 20:08:11,704 INFO  server.RaftServerConfigKeys (ConfUtils.java:logGet(43)) - raft.server.log.statemachine.data.caching.enabled = true (custom)
2019-06-13 20:08:11,704 INFO  server.RaftServerConfigKeys (ConfUtils.java:logGet(43)) - raft.server.snapshot.auto.trigger.enabled = true (custom)
2019-06-13 20:08:11,704 INFO  server.RaftServerConfigKeys (ConfUtils.java:logGet(43)) - raft.server.snapshot.auto.trigger.threshold = 10000 (custom)
2019-06-13 20:08:11,705 INFO  server.RaftServerConfigKeys (ConfUtils.java:logGet(43)) - raft.server.retrycache.expirytime = 600000ms (custom)
2019-06-13 20:08:11,705 INFO  impl.RaftServerImpl (RaftServerImpl.java:start(173)) - 1f54bfb1-87fd-4c55-91cf-bd4956eabfec: start group-5CF86A52A9B9
2019-06-13 20:08:11,705 INFO  impl.RaftServerImpl (RaftServerImpl.java:setRole(164)) - 1f54bfb1-87fd-4c55-91cf-bd4956eabfec:group-5CF86A52A9B9 changes role from null to FOLLOWER at term 0 for startAsFollower
2019-06-13 20:08:11,705 INFO  impl.RoleInfo (RoleInfo.java:updateAndGet(143)) - 1f54bfb1-87fd-4c55-91cf-bd4956eabfec: start FollowerState
2019-06-13 20:08:11,705 INFO  util.JmxRegister (JmxRegister.java:tryRegister(44)) - Successfully registered JMX Bean with object name Ratis:service=RaftServer,group=group-5CF86A52A9B9,id=1f54bfb1-87fd-4c55-91cf-bd4956eabfec
2019-06-13 20:08:11,709 INFO  pipeline.PipelineStateManager (PipelineStateManager.java:addPipeline(56)) - Created pipeline Pipeline[ Id: 1993cf3d-3ba0-4d88-81e1-5cf86a52a9b9, Nodes: 1f54bfb1-87fd-4c55-91cf-bd4956eabfec{ip: 192.168.46.24, host: ozone-d8fz6-1684193631, networkLocation: /default-rack, certSerialId: null}, Type:RATIS, Factor:ONE, State:OPEN]
2019-06-13 20:08:12,074 INFO  background.BlockDeletingService (BlockDeletingService.java:getTasks(123)) - Plan to choose 10 containers for block deletion, actually returns 5 valid containers.
2019-06-13 20:08:12,075 ERROR utils.ContainerCache (ContainerCache.java:getDB(137)) - Error opening DB. Container:1 ContainerPath:/opt/src/hadoop-ozone/integration-test/target/test-dir/MiniOzoneClusterImpl-81045214-ddaf-49dc-b937-6952dc108bc6/datanode-0/data/containers/hdds/87ce7603-6886-4678-97fb-c6fe9dde4d32/current/containerDir0/1/metadata/1-dn-container.db
java.io.IOException: Failed init RocksDB, db path : /opt/src/hadoop-ozone/integration-test/target/test-dir/MiniOzoneClusterImpl-81045214-ddaf-49dc-b937-6952dc108bc6/datanode-0/data/containers/hdds/87ce7603-6886-4678-97fb-c6fe9dde4d32/current/containerDir0/1/metadata/1-dn-container.db
	at org.apache.hadoop.utils.RocksDBStore.<init>(RocksDBStore.java:87)
	at org.apache.hadoop.utils.MetadataStoreBuilder.build(MetadataStoreBuilder.java:137)
	at org.apache.hadoop.ozone.container.common.utils.ContainerCache.getDB(ContainerCache.java:129)
	at org.apache.hadoop.ozone.container.keyvalue.helpers.BlockUtils.getDB(BlockUtils.java:77)
	at org.apache.hadoop.ozone.container.keyvalue.statemachine.background.BlockDeletingService$BlockDeletingTask.call(BlockDeletingService.java:188)
	at org.apache.hadoop.ozone.container.keyvalue.statemachine.background.BlockDeletingService$BlockDeletingTask.call(BlockDeletingService.java:172)
	at java.util.concurrent.FutureTask.run(FutureTask.java:266)
	at java.util.concurrent.Executors$RunnableAdapter.call(Executors.java:511)
	at java.util.concurrent.FutureTask.run(FutureTask.java:266)
	at java.util.concurrent.Executors$RunnableAdapter.call(Executors.java:511)
	at java.util.concurrent.FutureTask.run(FutureTask.java:266)
	at java.util.concurrent.ScheduledThreadPoolExecutor$ScheduledFutureTask.access$201(ScheduledThreadPoolExecutor.java:180)
	at java.util.concurrent.ScheduledThreadPoolExecutor$ScheduledFutureTask.run(ScheduledThreadPoolExecutor.java:293)
	at java.util.concurrent.ThreadPoolExecutor.runWorker(ThreadPoolExecutor.java:1149)
	at java.util.concurrent.ThreadPoolExecutor$Worker.run(ThreadPoolExecutor.java:624)
	at java.lang.Thread.run(Thread.java:748)
Caused by: org.rocksdb.RocksDBException: While mkdir if missing: /opt/src/hadoop-ozone/integration-test/target/test-dir/MiniOzoneClusterImpl-81045214-ddaf-49dc-b937-6952dc108bc6/datanode-0/data/containers/hdds/87ce7603-6886-4678-97fb-c6fe9dde4d32/current/containerDir0/1/metadata/1-dn-container.db: No such file or directory
	at org.rocksdb.RocksDB.open(Native Method)
	at org.rocksdb.RocksDB.open(RocksDB.java:231)
	at org.apache.hadoop.utils.RocksDBStore.<init>(RocksDBStore.java:71)
	... 15 more
2019-06-13 20:08:12,075 ERROR utils.ContainerCache (ContainerCache.java:getDB(137)) - Error opening DB. Container:5 ContainerPath:/opt/src/hadoop-ozone/integration-test/target/test-dir/MiniOzoneClusterImpl-81045214-ddaf-49dc-b937-6952dc108bc6/datanode-0/data/containers/hdds/87ce7603-6886-4678-97fb-c6fe9dde4d32/current/containerDir0/5/metadata/5-dn-container.db
java.io.IOException: Failed init RocksDB, db path : /opt/src/hadoop-ozone/integration-test/target/test-dir/MiniOzoneClusterImpl-81045214-ddaf-49dc-b937-6952dc108bc6/datanode-0/data/containers/hdds/87ce7603-6886-4678-97fb-c6fe9dde4d32/current/containerDir0/5/metadata/5-dn-container.db
	at org.apache.hadoop.utils.RocksDBStore.<init>(RocksDBStore.java:87)
	at org.apache.hadoop.utils.MetadataStoreBuilder.build(MetadataStoreBuilder.java:137)
	at org.apache.hadoop.ozone.container.common.utils.ContainerCache.getDB(ContainerCache.java:129)
	at org.apache.hadoop.ozone.container.keyvalue.helpers.BlockUtils.getDB(BlockUtils.java:77)
	at org.apache.hadoop.ozone.container.keyvalue.statemachine.background.BlockDeletingService$BlockDeletingTask.call(BlockDeletingService.java:188)
	at org.apache.hadoop.ozone.container.keyvalue.statemachine.background.BlockDeletingService$BlockDeletingTask.call(BlockDeletingService.java:172)
	at java.util.concurrent.FutureTask.run(FutureTask.java:266)
	at java.util.concurrent.Executors$RunnableAdapter.call(Executors.java:511)
	at java.util.concurrent.FutureTask.run(FutureTask.java:266)
	at java.util.concurrent.Executors$RunnableAdapter.call(Executors.java:511)
	at java.util.concurrent.FutureTask.run(FutureTask.java:266)
	at java.util.concurrent.ScheduledThreadPoolExecutor$ScheduledFutureTask.access$201(ScheduledThreadPoolExecutor.java:180)
	at java.util.concurrent.ScheduledThreadPoolExecutor$ScheduledFutureTask.run(ScheduledThreadPoolExecutor.java:293)
	at java.util.concurrent.ThreadPoolExecutor.runWorker(ThreadPoolExecutor.java:1149)
	at java.util.concurrent.ThreadPoolExecutor$Worker.run(ThreadPoolExecutor.java:624)
	at java.lang.Thread.run(Thread.java:748)
Caused by: org.rocksdb.RocksDBException: While mkdir if missing: /opt/src/hadoop-ozone/integration-test/target/test-dir/MiniOzoneClusterImpl-81045214-ddaf-49dc-b937-6952dc108bc6/datanode-0/data/containers/hdds/87ce7603-6886-4678-97fb-c6fe9dde4d32/current/containerDir0/5/metadata/5-dn-container.db: No such file or directory
	at org.rocksdb.RocksDB.open(Native Method)
	at org.rocksdb.RocksDB.open(RocksDB.java:231)
	at org.apache.hadoop.utils.RocksDBStore.<init>(RocksDBStore.java:71)
	... 15 more
2019-06-13 20:08:12,076 WARN  utils.BackgroundService (BackgroundService.java:lambda$run$0(135)) - Background task fails to execute, retrying in next interval
java.util.concurrent.ExecutionException: org.apache.hadoop.hdds.scm.container.common.helpers.StorageContainerException: Error opening DB. Container:5 ContainerPath:/opt/src/hadoop-ozone/integration-test/target/test-dir/MiniOzoneClusterImpl-81045214-ddaf-49dc-b937-6952dc108bc6/datanode-0/data/containers/hdds/87ce7603-6886-4678-97fb-c6fe9dde4d32/current/containerDir0/5/metadata/5-dn-container.db
	at java.util.concurrent.FutureTask.report(FutureTask.java:122)
	at java.util.concurrent.FutureTask.get(FutureTask.java:206)
	at org.apache.hadoop.utils.BackgroundService$PeriodicalTask.lambda$run$0(BackgroundService.java:129)
	at java.util.stream.ForEachOps$ForEachOp$OfRef.accept(ForEachOps.java:184)
	at java.util.ArrayList$ArrayListSpliterator.forEachRemaining(ArrayList.java:1382)
	at java.util.stream.AbstractPipeline.copyInto(AbstractPipeline.java:482)
	at java.util.stream.ForEachOps$ForEachTask.compute(ForEachOps.java:291)
	at java.util.concurrent.CountedCompleter.exec(CountedCompleter.java:731)
	at java.util.concurrent.ForkJoinTask.doExec(ForkJoinTask.java:289)
	at java.util.concurrent.ForkJoinPool$WorkQueue.runTask(ForkJoinPool.java:1056)
	at java.util.concurrent.ForkJoinPool.runWorker(ForkJoinPool.java:1692)
	at java.util.concurrent.ForkJoinWorkerThread.run(ForkJoinWorkerThread.java:157)
Caused by: org.apache.hadoop.hdds.scm.container.common.helpers.StorageContainerException: Error opening DB. Container:5 ContainerPath:/opt/src/hadoop-ozone/integration-test/target/test-dir/MiniOzoneClusterImpl-81045214-ddaf-49dc-b937-6952dc108bc6/datanode-0/data/containers/hdds/87ce7603-6886-4678-97fb-c6fe9dde4d32/current/containerDir0/5/metadata/5-dn-container.db
	at org.apache.hadoop.ozone.container.keyvalue.helpers.BlockUtils.getDB(BlockUtils.java:84)
	at org.apache.hadoop.ozone.container.keyvalue.statemachine.background.BlockDeletingService$BlockDeletingTask.call(BlockDeletingService.java:188)
	at org.apache.hadoop.ozone.container.keyvalue.statemachine.background.BlockDeletingService$BlockDeletingTask.call(BlockDeletingService.java:172)
	at java.util.concurrent.FutureTask.run(FutureTask.java:266)
	at java.util.concurrent.Executors$RunnableAdapter.call(Executors.java:511)
	at java.util.concurrent.FutureTask.run(FutureTask.java:266)
	at java.util.concurrent.Executors$RunnableAdapter.call(Executors.java:511)
	at java.util.concurrent.FutureTask.run(FutureTask.java:266)
	at java.util.concurrent.ScheduledThreadPoolExecutor$ScheduledFutureTask.access$201(ScheduledThreadPoolExecutor.java:180)
	at java.util.concurrent.ScheduledThreadPoolExecutor$ScheduledFutureTask.run(ScheduledThreadPoolExecutor.java:293)
	at java.util.concurrent.ThreadPoolExecutor.runWorker(ThreadPoolExecutor.java:1149)
	at java.util.concurrent.ThreadPoolExecutor$Worker.run(ThreadPoolExecutor.java:624)
	at java.lang.Thread.run(Thread.java:748)
2019-06-13 20:08:12,076 ERROR utils.ContainerCache (ContainerCache.java:getDB(137)) - Error opening DB. Container:4 ContainerPath:/opt/src/hadoop-ozone/integration-test/target/test-dir/MiniOzoneClusterImpl-81045214-ddaf-49dc-b937-6952dc108bc6/datanode-0/data/containers/hdds/87ce7603-6886-4678-97fb-c6fe9dde4d32/current/containerDir0/4/metadata/4-dn-container.db
java.io.IOException: Failed init RocksDB, db path : /opt/src/hadoop-ozone/integration-test/target/test-dir/MiniOzoneClusterImpl-81045214-ddaf-49dc-b937-6952dc108bc6/datanode-0/data/containers/hdds/87ce7603-6886-4678-97fb-c6fe9dde4d32/current/containerDir0/4/metadata/4-dn-container.db
	at org.apache.hadoop.utils.RocksDBStore.<init>(RocksDBStore.java:87)
	at org.apache.hadoop.utils.MetadataStoreBuilder.build(MetadataStoreBuilder.java:137)
	at org.apache.hadoop.ozone.container.common.utils.ContainerCache.getDB(ContainerCache.java:129)
	at org.apache.hadoop.ozone.container.keyvalue.helpers.BlockUtils.getDB(BlockUtils.java:77)
	at org.apache.hadoop.ozone.container.keyvalue.statemachine.background.BlockDeletingService$BlockDeletingTask.call(BlockDeletingService.java:188)
	at org.apache.hadoop.ozone.container.keyvalue.statemachine.background.BlockDeletingService$BlockDeletingTask.call(BlockDeletingService.java:172)
	at java.util.concurrent.FutureTask.run(FutureTask.java:266)
	at java.util.concurrent.Executors$RunnableAdapter.call(Executors.java:511)
	at java.util.concurrent.FutureTask.run(FutureTask.java:266)
	at java.util.concurrent.Executors$RunnableAdapter.call(Executors.java:511)
	at java.util.concurrent.FutureTask.run(FutureTask.java:266)
	at java.util.concurrent.ScheduledThreadPoolExecutor$ScheduledFutureTask.access$201(ScheduledThreadPoolExecutor.java:180)
	at java.util.concurrent.ScheduledThreadPoolExecutor$ScheduledFutureTask.run(ScheduledThreadPoolExecutor.java:293)
	at java.util.concurrent.ThreadPoolExecutor.runWorker(ThreadPoolExecutor.java:1149)
	at java.util.concurrent.ThreadPoolExecutor$Worker.run(ThreadPoolExecutor.java:624)
	at java.lang.Thread.run(Thread.java:748)
Caused by: org.rocksdb.RocksDBException: While mkdir if missing: /opt/src/hadoop-ozone/integration-test/target/test-dir/MiniOzoneClusterImpl-81045214-ddaf-49dc-b937-6952dc108bc6/datanode-0/data/containers/hdds/87ce7603-6886-4678-97fb-c6fe9dde4d32/current/containerDir0/4/metadata/4-dn-container.db: No such file or directory
	at org.rocksdb.RocksDB.open(Native Method)
	at org.rocksdb.RocksDB.open(RocksDB.java:231)
	at org.apache.hadoop.utils.RocksDBStore.<init>(RocksDBStore.java:71)
	... 15 more
2019-06-13 20:08:12,076 WARN  utils.BackgroundService (BackgroundService.java:lambda$run$0(135)) - Background task fails to execute, retrying in next interval
java.util.concurrent.ExecutionException: org.apache.hadoop.hdds.scm.container.common.helpers.StorageContainerException: Error opening DB. Container:1 ContainerPath:/opt/src/hadoop-ozone/integration-test/target/test-dir/MiniOzoneClusterImpl-81045214-ddaf-49dc-b937-6952dc108bc6/datanode-0/data/containers/hdds/87ce7603-6886-4678-97fb-c6fe9dde4d32/current/containerDir0/1/metadata/1-dn-container.db
	at java.util.concurrent.FutureTask.report(FutureTask.java:122)
	at java.util.concurrent.FutureTask.get(FutureTask.java:206)
	at org.apache.hadoop.utils.BackgroundService$PeriodicalTask.lambda$run$0(BackgroundService.java:129)
	at java.util.stream.ForEachOps$ForEachOp$OfRef.accept(ForEachOps.java:184)
	at java.util.ArrayList$ArrayListSpliterator.forEachRemaining(ArrayList.java:1382)
	at java.util.stream.AbstractPipeline.copyInto(AbstractPipeline.java:482)
	at java.util.stream.ForEachOps$ForEachTask.compute(ForEachOps.java:291)
	at java.util.concurrent.CountedCompleter.exec(CountedCompleter.java:731)
	at java.util.concurrent.ForkJoinTask.doExec(ForkJoinTask.java:289)
	at java.util.concurrent.ForkJoinPool$WorkQueue.execLocalTasks(ForkJoinPool.java:1040)
	at java.util.concurrent.ForkJoinPool$WorkQueue.runTask(ForkJoinPool.java:1058)
	at java.util.concurrent.ForkJoinPool.runWorker(ForkJoinPool.java:1692)
	at java.util.concurrent.ForkJoinWorkerThread.run(ForkJoinWorkerThread.java:157)
Caused by: org.apache.hadoop.hdds.scm.container.common.helpers.StorageContainerException: Error opening DB. Container:1 ContainerPath:/opt/src/hadoop-ozone/integration-test/target/test-dir/MiniOzoneClusterImpl-81045214-ddaf-49dc-b937-6952dc108bc6/datanode-0/data/containers/hdds/87ce7603-6886-4678-97fb-c6fe9dde4d32/current/containerDir0/1/metadata/1-dn-container.db
	at org.apache.hadoop.ozone.container.keyvalue.helpers.BlockUtils.getDB(BlockUtils.java:84)
	at org.apache.hadoop.ozone.container.keyvalue.statemachine.background.BlockDeletingService$BlockDeletingTask.call(BlockDeletingService.java:188)
	at org.apache.hadoop.ozone.container.keyvalue.statemachine.background.BlockDeletingService$BlockDeletingTask.call(BlockDeletingService.java:172)
	at java.util.concurrent.FutureTask.run(FutureTask.java:266)
	at java.util.concurrent.Executors$RunnableAdapter.call(Executors.java:511)
	at java.util.concurrent.FutureTask.run(FutureTask.java:266)
	at java.util.concurrent.Executors$RunnableAdapter.call(Executors.java:511)
	at java.util.concurrent.FutureTask.run(FutureTask.java:266)
	at java.util.concurrent.ScheduledThreadPoolExecutor$ScheduledFutureTask.access$201(ScheduledThreadPoolExecutor.java:180)
	at java.util.concurrent.ScheduledThreadPoolExecutor$ScheduledFutureTask.run(ScheduledThreadPoolExecutor.java:293)
	at java.util.concurrent.ThreadPoolExecutor.runWorker(ThreadPoolExecutor.java:1149)
	at java.util.concurrent.ThreadPoolExecutor$Worker.run(ThreadPoolExecutor.java:624)
	at java.lang.Thread.run(Thread.java:748)
2019-06-13 20:08:12,076 ERROR utils.ContainerCache (ContainerCache.java:getDB(137)) - Error opening DB. Container:3 ContainerPath:/opt/src/hadoop-ozone/integration-test/target/test-dir/MiniOzoneClusterImpl-81045214-ddaf-49dc-b937-6952dc108bc6/datanode-0/data/containers/hdds/87ce7603-6886-4678-97fb-c6fe9dde4d32/current/containerDir0/3/metadata/3-dn-container.db
java.io.IOException: Failed init RocksDB, db path : /opt/src/hadoop-ozone/integration-test/target/test-dir/MiniOzoneClusterImpl-81045214-ddaf-49dc-b937-6952dc108bc6/datanode-0/data/containers/hdds/87ce7603-6886-4678-97fb-c6fe9dde4d32/current/containerDir0/3/metadata/3-dn-container.db
	at org.apache.hadoop.utils.RocksDBStore.<init>(RocksDBStore.java:87)
	at org.apache.hadoop.utils.MetadataStoreBuilder.build(MetadataStoreBuilder.java:137)
	at org.apache.hadoop.ozone.container.common.utils.ContainerCache.getDB(ContainerCache.java:129)
	at org.apache.hadoop.ozone.container.keyvalue.helpers.BlockUtils.getDB(BlockUtils.java:77)
	at org.apache.hadoop.ozone.container.keyvalue.statemachine.background.BlockDeletingService$BlockDeletingTask.call(BlockDeletingService.java:188)
	at org.apache.hadoop.ozone.container.keyvalue.statemachine.background.BlockDeletingService$BlockDeletingTask.call(BlockDeletingService.java:172)
	at java.util.concurrent.FutureTask.run(FutureTask.java:266)
	at java.util.concurrent.Executors$RunnableAdapter.call(Executors.java:511)
	at java.util.concurrent.FutureTask.run(FutureTask.java:266)
	at java.util.concurrent.Executors$RunnableAdapter.call(Executors.java:511)
	at java.util.concurrent.FutureTask.run(FutureTask.java:266)
	at java.util.concurrent.ScheduledThreadPoolExecutor$ScheduledFutureTask.access$201(ScheduledThreadPoolExecutor.java:180)
	at java.util.concurrent.ScheduledThreadPoolExecutor$ScheduledFutureTask.run(ScheduledThreadPoolExecutor.java:293)
	at java.util.concurrent.ThreadPoolExecutor.runWorker(ThreadPoolExecutor.java:1149)
	at java.util.concurrent.ThreadPoolExecutor$Worker.run(ThreadPoolExecutor.java:624)
	at java.lang.Thread.run(Thread.java:748)
Caused by: org.rocksdb.RocksDBException: While mkdir if missing: /opt/src/hadoop-ozone/integration-test/target/test-dir/MiniOzoneClusterImpl-81045214-ddaf-49dc-b937-6952dc108bc6/datanode-0/data/containers/hdds/87ce7603-6886-4678-97fb-c6fe9dde4d32/current/containerDir0/3/metadata/3-dn-container.db: No such file or directory
	at org.rocksdb.RocksDB.open(Native Method)
	at org.rocksdb.RocksDB.open(RocksDB.java:231)
	at org.apache.hadoop.utils.RocksDBStore.<init>(RocksDBStore.java:71)
	... 15 more
2019-06-13 20:08:12,076 WARN  utils.BackgroundService (BackgroundService.java:lambda$run$0(135)) - Background task fails to execute, retrying in next interval
java.util.concurrent.ExecutionException: org.apache.hadoop.hdds.scm.container.common.helpers.StorageContainerException: Error opening DB. Container:4 ContainerPath:/opt/src/hadoop-ozone/integration-test/target/test-dir/MiniOzoneClusterImpl-81045214-ddaf-49dc-b937-6952dc108bc6/datanode-0/data/containers/hdds/87ce7603-6886-4678-97fb-c6fe9dde4d32/current/containerDir0/4/metadata/4-dn-container.db
	at java.util.concurrent.FutureTask.report(FutureTask.java:122)
	at java.util.concurrent.FutureTask.get(FutureTask.java:206)
	at org.apache.hadoop.utils.BackgroundService$PeriodicalTask.lambda$run$0(BackgroundService.java:129)
	at java.util.stream.ForEachOps$ForEachOp$OfRef.accept(ForEachOps.java:184)
	at java.util.ArrayList$ArrayListSpliterator.forEachRemaining(ArrayList.java:1382)
	at java.util.stream.AbstractPipeline.copyInto(AbstractPipeline.java:482)
	at java.util.stream.ForEachOps$ForEachTask.compute(ForEachOps.java:291)
	at java.util.concurrent.CountedCompleter.exec(CountedCompleter.java:731)
	at java.util.concurrent.ForkJoinTask.doExec(ForkJoinTask.java:289)
	at java.util.concurrent.ForkJoinTask.doInvoke(ForkJoinTask.java:401)
	at java.util.concurrent.ForkJoinTask.invoke(ForkJoinTask.java:734)
	at java.util.stream.ForEachOps$ForEachOp.evaluateParallel(ForEachOps.java:160)
	at java.util.stream.ForEachOps$ForEachOp$OfRef.evaluateParallel(ForEachOps.java:174)
	at java.util.stream.AbstractPipeline.evaluate(AbstractPipeline.java:233)
	at java.util.stream.ReferencePipeline.forEach(ReferencePipeline.java:418)
	at java.util.stream.ReferencePipeline$Head.forEach(ReferencePipeline.java:583)
	at org.apache.hadoop.utils.BackgroundService$PeriodicalTask.run(BackgroundService.java:125)
	at java.util.concurrent.Executors$RunnableAdapter.call(Executors.java:511)
	at java.util.concurrent.FutureTask.runAndReset(FutureTask.java:308)
	at java.util.concurrent.ScheduledThreadPoolExecutor$ScheduledFutureTask.access$301(ScheduledThreadPoolExecutor.java:180)
	at java.util.concurrent.ScheduledThreadPoolExecutor$ScheduledFutureTask.run(ScheduledThreadPoolExecutor.java:294)
	at java.util.concurrent.ThreadPoolExecutor.runWorker(ThreadPoolExecutor.java:1149)
	at java.util.concurrent.ThreadPoolExecutor$Worker.run(ThreadPoolExecutor.java:624)
	at java.lang.Thread.run(Thread.java:748)
Caused by: org.apache.hadoop.hdds.scm.container.common.helpers.StorageContainerException: Error opening DB. Container:4 ContainerPath:/opt/src/hadoop-ozone/integration-test/target/test-dir/MiniOzoneClusterImpl-81045214-ddaf-49dc-b937-6952dc108bc6/datanode-0/data/containers/hdds/87ce7603-6886-4678-97fb-c6fe9dde4d32/current/containerDir0/4/metadata/4-dn-container.db
	at org.apache.hadoop.ozone.container.keyvalue.helpers.BlockUtils.getDB(BlockUtils.java:84)
	at org.apache.hadoop.ozone.container.keyvalue.statemachine.background.BlockDeletingService$BlockDeletingTask.call(BlockDeletingService.java:188)
	at org.apache.hadoop.ozone.container.keyvalue.statemachine.background.BlockDeletingService$BlockDeletingTask.call(BlockDeletingService.java:172)
	at java.util.concurrent.FutureTask.run(FutureTask.java:266)
	at java.util.concurrent.Executors$RunnableAdapter.call(Executors.java:511)
	at java.util.concurrent.FutureTask.run(FutureTask.java:266)
	at java.util.concurrent.Executors$RunnableAdapter.call(Executors.java:511)
	at java.util.concurrent.FutureTask.run(FutureTask.java:266)
	at java.util.concurrent.ScheduledThreadPoolExecutor$ScheduledFutureTask.access$201(ScheduledThreadPoolExecutor.java:180)
	at java.util.concurrent.ScheduledThreadPoolExecutor$ScheduledFutureTask.run(ScheduledThreadPoolExecutor.java:293)
	... 3 more
2019-06-13 20:08:12,077 ERROR utils.ContainerCache (ContainerCache.java:getDB(137)) - Error opening DB. Container:2 ContainerPath:/opt/src/hadoop-ozone/integration-test/target/test-dir/MiniOzoneClusterImpl-81045214-ddaf-49dc-b937-6952dc108bc6/datanode-0/data/containers/hdds/87ce7603-6886-4678-97fb-c6fe9dde4d32/current/containerDir0/2/metadata/2-dn-container.db
java.io.IOException: Failed init RocksDB, db path : /opt/src/hadoop-ozone/integration-test/target/test-dir/MiniOzoneClusterImpl-81045214-ddaf-49dc-b937-6952dc108bc6/datanode-0/data/containers/hdds/87ce7603-6886-4678-97fb-c6fe9dde4d32/current/containerDir0/2/metadata/2-dn-container.db
	at org.apache.hadoop.utils.RocksDBStore.<init>(RocksDBStore.java:87)
	at org.apache.hadoop.utils.MetadataStoreBuilder.build(MetadataStoreBuilder.java:137)
	at org.apache.hadoop.ozone.container.common.utils.ContainerCache.getDB(ContainerCache.java:129)
	at org.apache.hadoop.ozone.container.keyvalue.helpers.BlockUtils.getDB(BlockUtils.java:77)
	at org.apache.hadoop.ozone.container.keyvalue.statemachine.background.BlockDeletingService$BlockDeletingTask.call(BlockDeletingService.java:188)
	at org.apache.hadoop.ozone.container.keyvalue.statemachine.background.BlockDeletingService$BlockDeletingTask.call(BlockDeletingService.java:172)
	at java.util.concurrent.FutureTask.run(FutureTask.java:266)
	at java.util.concurrent.Executors$RunnableAdapter.call(Executors.java:511)
	at java.util.concurrent.FutureTask.run(FutureTask.java:266)
	at java.util.concurrent.Executors$RunnableAdapter.call(Executors.java:511)
	at java.util.concurrent.FutureTask.run(FutureTask.java:266)
	at java.util.concurrent.ScheduledThreadPoolExecutor$ScheduledFutureTask.access$201(ScheduledThreadPoolExecutor.java:180)
	at java.util.concurrent.ScheduledThreadPoolExecutor$ScheduledFutureTask.run(ScheduledThreadPoolExecutor.java:293)
	at java.util.concurrent.ThreadPoolExecutor.runWorker(ThreadPoolExecutor.java:1149)
	at java.util.concurrent.ThreadPoolExecutor$Worker.run(ThreadPoolExecutor.java:624)
	at java.lang.Thread.run(Thread.java:748)
Caused by: org.rocksdb.RocksDBException: While mkdir if missing: /opt/src/hadoop-ozone/integration-test/target/test-dir/MiniOzoneClusterImpl-81045214-ddaf-49dc-b937-6952dc108bc6/datanode-0/data/containers/hdds/87ce7603-6886-4678-97fb-c6fe9dde4d32/current/containerDir0/2/metadata/2-dn-container.db: No such file or directory
	at org.rocksdb.RocksDB.open(Native Method)
	at org.rocksdb.RocksDB.open(RocksDB.java:231)
	at org.apache.hadoop.utils.RocksDBStore.<init>(RocksDBStore.java:71)
	... 15 more
2019-06-13 20:08:12,077 WARN  utils.BackgroundService (BackgroundService.java:lambda$run$0(135)) - Background task fails to execute, retrying in next interval
java.util.concurrent.ExecutionException: org.apache.hadoop.hdds.scm.container.common.helpers.StorageContainerException: Error opening DB. Container:3 ContainerPath:/opt/src/hadoop-ozone/integration-test/target/test-dir/MiniOzoneClusterImpl-81045214-ddaf-49dc-b937-6952dc108bc6/datanode-0/data/containers/hdds/87ce7603-6886-4678-97fb-c6fe9dde4d32/current/containerDir0/3/metadata/3-dn-container.db
	at java.util.concurrent.FutureTask.report(FutureTask.java:122)
	at java.util.concurrent.FutureTask.get(FutureTask.java:206)
	at org.apache.hadoop.utils.BackgroundService$PeriodicalTask.lambda$run$0(BackgroundService.java:129)
	at java.util.stream.ForEachOps$ForEachOp$OfRef.accept(ForEachOps.java:184)
	at java.util.ArrayList$ArrayListSpliterator.forEachRemaining(ArrayList.java:1382)
	at java.util.stream.AbstractPipeline.copyInto(AbstractPipeline.java:482)
	at java.util.stream.ForEachOps$ForEachTask.compute(ForEachOps.java:291)
	at java.util.concurrent.CountedCompleter.exec(CountedCompleter.java:731)
	at java.util.concurrent.ForkJoinTask.doExec(ForkJoinTask.java:289)
	at java.util.concurrent.ForkJoinPool$WorkQueue.pollAndExecCC(ForkJoinPool.java:1190)
	at java.util.concurrent.ForkJoinPool.helpComplete(ForkJoinPool.java:1879)
	at java.util.concurrent.ForkJoinPool.externalHelpComplete(ForkJoinPool.java:2467)
	at java.util.concurrent.ForkJoinTask.externalAwaitDone(ForkJoinTask.java:324)
	at java.util.concurrent.ForkJoinTask.doInvoke(ForkJoinTask.java:405)
	at java.util.concurrent.ForkJoinTask.invoke(ForkJoinTask.java:734)
	at java.util.stream.ForEachOps$ForEachOp.evaluateParallel(ForEachOps.java:160)
	at java.util.stream.ForEachOps$ForEachOp$OfRef.evaluateParallel(ForEachOps.java:174)
	at java.util.stream.AbstractPipeline.evaluate(AbstractPipeline.java:233)
	at java.util.stream.ReferencePipeline.forEach(ReferencePipeline.java:418)
	at java.util.stream.ReferencePipeline$Head.forEach(ReferencePipeline.java:583)
	at org.apache.hadoop.utils.BackgroundService$PeriodicalTask.run(BackgroundService.java:125)
	at java.util.concurrent.Executors$RunnableAdapter.call(Executors.java:511)
	at java.util.concurrent.FutureTask.runAndReset(FutureTask.java:308)
	at java.util.concurrent.ScheduledThreadPoolExecutor$ScheduledFutureTask.access$301(ScheduledThreadPoolExecutor.java:180)
	at java.util.concurrent.ScheduledThreadPoolExecutor$ScheduledFutureTask.run(ScheduledThreadPoolExecutor.java:294)
	at java.util.concurrent.ThreadPoolExecutor.runWorker(ThreadPoolExecutor.java:1149)
	at java.util.concurrent.ThreadPoolExecutor$Worker.run(ThreadPoolExecutor.java:624)
	at java.lang.Thread.run(Thread.java:748)
Caused by: org.apache.hadoop.hdds.scm.container.common.helpers.StorageContainerException: Error opening DB. Container:3 ContainerPath:/opt/src/hadoop-ozone/integration-test/target/test-dir/MiniOzoneClusterImpl-81045214-ddaf-49dc-b937-6952dc108bc6/datanode-0/data/containers/hdds/87ce7603-6886-4678-97fb-c6fe9dde4d32/current/containerDir0/3/metadata/3-dn-container.db
	at org.apache.hadoop.ozone.container.keyvalue.helpers.BlockUtils.getDB(BlockUtils.java:84)
	at org.apache.hadoop.ozone.container.keyvalue.statemachine.background.BlockDeletingService$BlockDeletingTask.call(BlockDeletingService.java:188)
	at org.apache.hadoop.ozone.container.keyvalue.statemachine.background.BlockDeletingService$BlockDeletingTask.call(BlockDeletingService.java:172)
	at java.util.concurrent.FutureTask.run(FutureTask.java:266)
	at java.util.concurrent.Executors$RunnableAdapter.call(Executors.java:511)
	at java.util.concurrent.FutureTask.run(FutureTask.java:266)
	at java.util.concurrent.Executors$RunnableAdapter.call(Executors.java:511)
	at java.util.concurrent.FutureTask.run(FutureTask.java:266)
	at java.util.concurrent.ScheduledThreadPoolExecutor$ScheduledFutureTask.access$201(ScheduledThreadPoolExecutor.java:180)
	at java.util.concurrent.ScheduledThreadPoolExecutor$ScheduledFutureTask.run(ScheduledThreadPoolExecutor.java:293)
	... 3 more
2019-06-13 20:08:12,077 WARN  utils.BackgroundService (BackgroundService.java:lambda$run$0(135)) - Background task fails to execute, retrying in next interval
java.util.concurrent.ExecutionException: org.apache.hadoop.hdds.scm.container.common.helpers.StorageContainerException: Error opening DB. Container:2 ContainerPath:/opt/src/hadoop-ozone/integration-test/target/test-dir/MiniOzoneClusterImpl-81045214-ddaf-49dc-b937-6952dc108bc6/datanode-0/data/containers/hdds/87ce7603-6886-4678-97fb-c6fe9dde4d32/current/containerDir0/2/metadata/2-dn-container.db
	at java.util.concurrent.FutureTask.report(FutureTask.java:122)
	at java.util.concurrent.FutureTask.get(FutureTask.java:206)
	at org.apache.hadoop.utils.BackgroundService$PeriodicalTask.lambda$run$0(BackgroundService.java:129)
	at java.util.stream.ForEachOps$ForEachOp$OfRef.accept(ForEachOps.java:184)
	at java.util.ArrayList$ArrayListSpliterator.forEachRemaining(ArrayList.java:1382)
	at java.util.stream.AbstractPipeline.copyInto(AbstractPipeline.java:482)
	at java.util.stream.ForEachOps$ForEachTask.compute(ForEachOps.java:291)
	at java.util.concurrent.CountedCompleter.exec(CountedCompleter.java:731)
	at java.util.concurrent.ForkJoinTask.doExec(ForkJoinTask.java:289)
	at java.util.concurrent.ForkJoinPool$WorkQueue.runTask(ForkJoinPool.java:1056)
	at java.util.concurrent.ForkJoinPool.runWorker(ForkJoinPool.java:1692)
	at java.util.concurrent.ForkJoinWorkerThread.run(ForkJoinWorkerThread.java:157)
Caused by: org.apache.hadoop.hdds.scm.container.common.helpers.StorageContainerException: Error opening DB. Container:2 ContainerPath:/opt/src/hadoop-ozone/integration-test/target/test-dir/MiniOzoneClusterImpl-81045214-ddaf-49dc-b937-6952dc108bc6/datanode-0/data/containers/hdds/87ce7603-6886-4678-97fb-c6fe9dde4d32/current/containerDir0/2/metadata/2-dn-container.db
	at org.apache.hadoop.ozone.container.keyvalue.helpers.BlockUtils.getDB(BlockUtils.java:84)
	at org.apache.hadoop.ozone.container.keyvalue.statemachine.background.BlockDeletingService$BlockDeletingTask.call(BlockDeletingService.java:188)
	at org.apache.hadoop.ozone.container.keyvalue.statemachine.background.BlockDeletingService$BlockDeletingTask.call(BlockDeletingService.java:172)
	at java.util.concurrent.FutureTask.run(FutureTask.java:266)
	at java.util.concurrent.Executors$RunnableAdapter.call(Executors.java:511)
	at java.util.concurrent.FutureTask.run(FutureTask.java:266)
	at java.util.concurrent.Executors$RunnableAdapter.call(Executors.java:511)
	at java.util.concurrent.FutureTask.run(FutureTask.java:266)
	at java.util.concurrent.ScheduledThreadPoolExecutor$ScheduledFutureTask.access$201(ScheduledThreadPoolExecutor.java:180)
	at java.util.concurrent.ScheduledThreadPoolExecutor$ScheduledFutureTask.run(ScheduledThreadPoolExecutor.java:293)
	at java.util.concurrent.ThreadPoolExecutor.runWorker(ThreadPoolExecutor.java:1149)
	at java.util.concurrent.ThreadPoolExecutor$Worker.run(ThreadPoolExecutor.java:624)
	at java.lang.Thread.run(Thread.java:748)
2019-06-13 20:08:12,680 INFO  ozone.MiniOzoneClusterImpl (MiniOzoneClusterImpl.java:lambda$waitForClusterToBeReady$0(142)) - Cluster is ready. Got 1 of 1 DN Heartbeats.
2019-06-13 20:08:12,808 INFO  pipeline.PipelineStateManager (PipelineStateManager.java:addPipeline(56)) - Created pipeline Pipeline[ Id: ae9ea745-6e41-466f-9d65-ba698ca3491f, Nodes: 1f54bfb1-87fd-4c55-91cf-bd4956eabfec{ip: 192.168.46.24, host: ozone-d8fz6-1684193631, networkLocation: /default-rack, certSerialId: null}, Type:STAND_ALONE, Factor:ONE, State:OPEN]
2019-06-13 20:08:12,897 INFO  impl.FollowerState (FollowerState.java:run(101)) - 1f54bfb1-87fd-4c55-91cf-bd4956eabfec:group-5CF86A52A9B9 changes to CANDIDATE, lastRpcTime:1191, electionTimeout:1191ms
2019-06-13 20:08:12,897 INFO  impl.RoleInfo (RoleInfo.java:shutdownFollowerState(121)) - 1f54bfb1-87fd-4c55-91cf-bd4956eabfec: shutdown FollowerState
2019-06-13 20:08:12,897 INFO  impl.RaftServerImpl (RaftServerImpl.java:setRole(164)) - 1f54bfb1-87fd-4c55-91cf-bd4956eabfec:group-5CF86A52A9B9 changes role from FOLLOWER to CANDIDATE at term 0 for changeToCandidate
2019-06-13 20:08:12,897 INFO  impl.RoleInfo (RoleInfo.java:updateAndGet(143)) - 1f54bfb1-87fd-4c55-91cf-bd4956eabfec: start LeaderElection
2019-06-13 20:08:12,901 INFO  impl.LeaderElection (LeaderElection.java:askForVotes(181)) - 1f54bfb1-87fd-4c55-91cf-bd4956eabfec:group-5CF86A52A9B9:LeaderElection3: begin an election at term 1 for -1: [1f54bfb1-87fd-4c55-91cf-bd4956eabfec:192.168.46.24:35147], old=null
2019-06-13 20:08:12,901 INFO  impl.RoleInfo (RoleInfo.java:shutdownLeaderElection(134)) - 1f54bfb1-87fd-4c55-91cf-bd4956eabfec: shutdown LeaderElection
2019-06-13 20:08:12,901 INFO  impl.RaftServerImpl (RaftServerImpl.java:setRole(164)) - 1f54bfb1-87fd-4c55-91cf-bd4956eabfec:group-5CF86A52A9B9 changes role from CANDIDATE to LEADER at term 1 for changeToLeader
2019-06-13 20:08:12,901 INFO  impl.RaftServerImpl (ServerState.java:setLeader(263)) - 1f54bfb1-87fd-4c55-91cf-bd4956eabfec:group-5CF86A52A9B9 change Leader from null to 1f54bfb1-87fd-4c55-91cf-bd4956eabfec at term 1 for becomeLeader, leader elected after 1198ms
2019-06-13 20:08:12,902 INFO  server.RaftServerConfigKeys (ConfUtils.java:logGet(43)) - raft.server.staging.catchup.gap = 1000 (default)
2019-06-13 20:08:12,902 INFO  server.RaftServerConfigKeys (ConfUtils.java:logGet(43)) - raft.server.rpc.sleep.time = 25ms (default)
2019-06-13 20:08:12,902 INFO  server.RaftServerConfigKeys (ConfUtils.java:logGet(43)) - raft.server.watch.timeout = 10s (default)
2019-06-13 20:08:12,902 INFO  server.RaftServerConfigKeys (ConfUtils.java:logGet(43)) - raft.server.watch.timeout.denomination = 1s (default)
2019-06-13 20:08:12,902 INFO  impl.RoleInfo (RoleInfo.java:updateAndGet(143)) - 1f54bfb1-87fd-4c55-91cf-bd4956eabfec: start LeaderState
2019-06-13 20:08:12,902 INFO  storage.RaftLogWorker (RaftLogWorker.java:startLogSegment(298)) - 1f54bfb1-87fd-4c55-91cf-bd4956eabfec-RaftLogWorker: Starting segment from index:0
2019-06-13 20:08:12,903 INFO  impl.RaftServerImpl (ServerState.java:setRaftConf(361)) - 1f54bfb1-87fd-4c55-91cf-bd4956eabfec:group-5CF86A52A9B9 set configuration 0: [1f54bfb1-87fd-4c55-91cf-bd4956eabfec:192.168.46.24:35147], old=null at 0
2019-06-13 20:08:12,940 INFO  storage.RaftLogWorker (RaftLogWorker.java:execute(469)) - 1f54bfb1-87fd-4c55-91cf-bd4956eabfec-RaftLogWorker: created new log segment /opt/src/hadoop-ozone/integration-test/target/test-dir/MiniOzoneClusterImpl-c04fe284-5df4-468d-ad98-3b9bdd7fd663/datanode-0/data/ratis/1993cf3d-3ba0-4d88-81e1-5cf86a52a9b9/current/log_inprogress_0
2019-06-13 20:08:13,061 INFO  keyvalue.KeyValueHandler (ContainerUtils.java:logAndReturnError(146)) - Operation: CreateContainer : Trace ID: 7efb6464ab5c9267:7efb6464ab5c9267:0:0 : Message: Container creation failed, due to disk out of space : Result: DISK_OUT_OF_SPACE
20:08:13.061 [grpc-default-executor-1] ERROR DNAudit - user=null | ip=null | op=WRITE_CHUNK {blockData=conID: 7 locID: 102266076729114661 bcsId: 0} | ret=FAILURE
org.apache.hadoop.hdds.scm.container.common.helpers.StorageContainerException: ContainerID 7 creation failed
	at org.apache.hadoop.ozone.container.common.impl.HddsDispatcher.dispatchRequest(HddsDispatcher.java:227) [hadoop-hdds-container-service-0.5.0-SNAPSHOT.jar:?]
	at org.apache.hadoop.ozone.container.common.impl.HddsDispatcher.dispatch(HddsDispatcher.java:148) [hadoop-hdds-container-service-0.5.0-SNAPSHOT.jar:?]
	at org.apache.hadoop.ozone.container.common.transport.server.GrpcXceiverService$1.onNext(GrpcXceiverService.java:73) [hadoop-hdds-container-service-0.5.0-SNAPSHOT.jar:?]
	at org.apache.hadoop.ozone.container.common.transport.server.GrpcXceiverService$1.onNext(GrpcXceiverService.java:61) [hadoop-hdds-container-service-0.5.0-SNAPSHOT.jar:?]
	at org.apache.ratis.thirdparty.io.grpc.stub.ServerCalls$StreamingServerCallHandler$StreamingServerCallListener.onMessage(ServerCalls.java:248) [ratis-thirdparty-misc-0.2.0.jar:0.2.0]
	at org.apache.ratis.thirdparty.io.grpc.ForwardingServerCallListener.onMessage(ForwardingServerCallListener.java:33) [ratis-thirdparty-misc-0.2.0.jar:0.2.0]
	at org.apache.ratis.thirdparty.io.grpc.Contexts$ContextualizedServerCallListener.onMessage(Contexts.java:76) [ratis-thirdparty-misc-0.2.0.jar:0.2.0]
	at org.apache.ratis.thirdparty.io.grpc.ForwardingServerCallListener.onMessage(ForwardingServerCallListener.java:33) [ratis-thirdparty-misc-0.2.0.jar:0.2.0]
	at org.apache.hadoop.hdds.tracing.GrpcServerInterceptor$1.onMessage(GrpcServerInterceptor.java:46) [hadoop-hdds-common-0.5.0-SNAPSHOT.jar:?]
	at org.apache.ratis.thirdparty.io.grpc.internal.ServerCallImpl$ServerStreamListenerImpl.messagesAvailable(ServerCallImpl.java:263) [ratis-thirdparty-misc-0.2.0.jar:0.2.0]
	at org.apache.ratis.thirdparty.io.grpc.internal.ServerImpl$JumpToApplicationThreadServerStreamListener$1MessagesAvailable.runInContext(ServerImpl.java:686) [ratis-thirdparty-misc-0.2.0.jar:0.2.0]
	at org.apache.ratis.thirdparty.io.grpc.internal.ContextRunnable.run(ContextRunnable.java:37) [ratis-thirdparty-misc-0.2.0.jar:0.2.0]
	at org.apache.ratis.thirdparty.io.grpc.internal.SerializingExecutor.run(SerializingExecutor.java:123) [ratis-thirdparty-misc-0.2.0.jar:0.2.0]
	at java.util.concurrent.ThreadPoolExecutor.runWorker(ThreadPoolExecutor.java:1149) [?:1.8.0_212]
	at java.util.concurrent.ThreadPoolExecutor$Worker.run(ThreadPoolExecutor.java:624) [?:1.8.0_212]
	at java.lang.Thread.run(Thread.java:748) [?:1.8.0_212]
2019-06-13 20:08:13,062 INFO  impl.HddsDispatcher (ContainerUtils.java:logAndReturnError(146)) - Operation: WriteChunk : Trace ID: 7efb6464ab5c9267:7efb6464ab5c9267:0:0 : Message: ContainerID 7 creation failed : Result: DISK_OUT_OF_SPACE
2019-06-13 20:08:13,063 ERROR storage.BlockOutputStream (BlockOutputStream.java:validateResponse(538)) - Unexpected Storage Container Exception: 
org.apache.hadoop.hdds.scm.container.common.helpers.StorageContainerException: ContainerID 7 creation failed
	at org.apache.hadoop.hdds.scm.storage.ContainerProtocolCalls.validateContainerResponse(ContainerProtocolCalls.java:536)
	at org.apache.hadoop.hdds.scm.storage.BlockOutputStream.validateResponse(BlockOutputStream.java:536)
	at org.apache.hadoop.hdds.scm.storage.BlockOutputStream.lambda$writeChunkToContainer$2(BlockOutputStream.java:614)
	at java.util.concurrent.CompletableFuture.uniApply(CompletableFuture.java:602)
	at java.util.concurrent.CompletableFuture$UniApply.tryFire(CompletableFuture.java:577)
	at java.util.concurrent.CompletableFuture$Completion.run(CompletableFuture.java:442)
	at java.util.concurrent.ThreadPoolExecutor.runWorker(ThreadPoolExecutor.java:1149)
	at java.util.concurrent.ThreadPoolExecutor$Worker.run(ThreadPoolExecutor.java:624)
	at java.lang.Thread.run(Thread.java:748)
20:08:13.065 [grpc-default-executor-1] ERROR DNAudit - user=null | ip=null | op=PUT_BLOCK {blockData=[blockId=conID: 7 locID: 102266076729114661 bcsId: 0,size=5]} | ret=FAILURE
org.apache.hadoop.hdds.scm.container.common.helpers.StorageContainerException: ContainerID 7 does not exist
	at org.apache.hadoop.ozone.container.common.impl.HddsDispatcher.dispatchRequest(HddsDispatcher.java:242) [hadoop-hdds-container-service-0.5.0-SNAPSHOT.jar:?]
	at org.apache.hadoop.ozone.container.common.impl.HddsDispatcher.dispatch(HddsDispatcher.java:148) [hadoop-hdds-container-service-0.5.0-SNAPSHOT.jar:?]
	at org.apache.hadoop.ozone.container.common.transport.server.GrpcXceiverService$1.onNext(GrpcXceiverService.java:73) [hadoop-hdds-container-service-0.5.0-SNAPSHOT.jar:?]
	at org.apache.hadoop.ozone.container.common.transport.server.GrpcXceiverService$1.onNext(GrpcXceiverService.java:61) [hadoop-hdds-container-service-0.5.0-SNAPSHOT.jar:?]
	at org.apache.ratis.thirdparty.io.grpc.stub.ServerCalls$StreamingServerCallHandler$StreamingServerCallListener.onMessage(ServerCalls.java:248) [ratis-thirdparty-misc-0.2.0.jar:0.2.0]
	at org.apache.ratis.thirdparty.io.grpc.ForwardingServerCallListener.onMessage(ForwardingServerCallListener.java:33) [ratis-thirdparty-misc-0.2.0.jar:0.2.0]
	at org.apache.ratis.thirdparty.io.grpc.Contexts$ContextualizedServerCallListener.onMessage(Contexts.java:76) [ratis-thirdparty-misc-0.2.0.jar:0.2.0]
	at org.apache.ratis.thirdparty.io.grpc.ForwardingServerCallListener.onMessage(ForwardingServerCallListener.java:33) [ratis-thirdparty-misc-0.2.0.jar:0.2.0]
	at org.apache.hadoop.hdds.tracing.GrpcServerInterceptor$1.onMessage(GrpcServerInterceptor.java:46) [hadoop-hdds-common-0.5.0-SNAPSHOT.jar:?]
	at org.apache.ratis.thirdparty.io.grpc.internal.ServerCallImpl$ServerStreamListenerImpl.messagesAvailable(ServerCallImpl.java:263) [ratis-thirdparty-misc-0.2.0.jar:0.2.0]
	at org.apache.ratis.thirdparty.io.grpc.internal.ServerImpl$JumpToApplicationThreadServerStreamListener$1MessagesAvailable.runInContext(ServerImpl.java:686) [ratis-thirdparty-misc-0.2.0.jar:0.2.0]
	at org.apache.ratis.thirdparty.io.grpc.internal.ContextRunnable.run(ContextRunnable.java:37) [ratis-thirdparty-misc-0.2.0.jar:0.2.0]
	at org.apache.ratis.thirdparty.io.grpc.internal.SerializingExecutor.run(SerializingExecutor.java:123) [ratis-thirdparty-misc-0.2.0.jar:0.2.0]
	at java.util.concurrent.ThreadPoolExecutor.runWorker(ThreadPoolExecutor.java:1149) [?:1.8.0_212]
	at java.util.concurrent.ThreadPoolExecutor$Worker.run(ThreadPoolExecutor.java:624) [?:1.8.0_212]
	at java.lang.Thread.run(Thread.java:748) [?:1.8.0_212]
2019-06-13 20:08:13,065 INFO  impl.HddsDispatcher (ContainerUtils.java:logAndReturnError(146)) - Operation: PutBlock : Trace ID: fce391bc2a31c01e:fce391bc2a31c01e:0:0 : Message: ContainerID 7 does not exist : Result: CONTAINER_NOT_FOUND
]]></system-out>
    <system-err><![CDATA[Jun 13, 2019 8:08:07 PM com.sun.jersey.server.impl.application.WebApplicationImpl _initiate
INFO: Initiating Jersey application, version 'Jersey: 1.19 02/11/2015 03:25 AM'
Jun 13, 2019 8:08:12 PM com.sun.jersey.server.impl.application.WebApplicationImpl _initiate
INFO: Initiating Jersey application, version 'Jersey: 1.19 02/11/2015 03:25 AM'
]]></system-err>
  </testcase>
  <testcase name="testRpcPermission" classname="org.apache.hadoop.ozone.TestStorageContainerManager" time="17.092"/>
  <testcase name="testSCMInitializationFailure" classname="org.apache.hadoop.ozone.TestStorageContainerManager" time="0.015"/>
  <testcase name="testSCMInitialization" classname="org.apache.hadoop.ozone.TestStorageContainerManager" time="0.012"/>
  <testcase name="testScmInfo" classname="org.apache.hadoop.ozone.TestStorageContainerManager" time="0.1"/>
</testsuite>