<?xml version="1.0" encoding="UTF-8"?>
<testsuite xmlns:xsi="http://www.w3.org/2001/XMLSchema-instance" xsi:noNamespaceSchemaLocation="https://maven.apache.org/surefire/maven-surefire-plugin/xsd/surefire-test-report.xsd" name="org.apache.hadoop.hdds.scm.pipeline.TestNodeFailure" time="10.193" tests="1" errors="0" skipped="1" failures="0">
  <properties>
    <property name="awt.toolkit" value="sun.awt.X11.XToolkit"/>
    <property name="file.encoding.pkg" value="sun.io"/>
    <property name="java.specification.version" value="1.8"/>
    <property name="sun.cpu.isalist" value=""/>
    <property name="sun.jnu.encoding" value="UTF-8"/>
    <property name="java.class.path" value="/opt/src/hadoop-ozone/integration-test/target/test-classes:/opt/src/hadoop-ozone/integration-test/target/classes:/root/.m2/repository/org/apache/hadoop/hadoop-ozone-common/0.5.0-SNAPSHOT/hadoop-ozone-common-0.5.0-SNAPSHOT.jar:/root/.m2/repository/org/apache/commons/commons-compress/1.4.1/commons-compress-1.4.1.jar:/root/.m2/repository/org/tukaani/xz/1.0/xz-1.0.jar:/root/.m2/repository/org/apache/hadoop/hadoop-common/3.2.0/hadoop-common-3.2.0.jar:/root/.m2/repository/org/apache/hadoop/hadoop-hdfs/3.2.0/hadoop-hdfs-3.2.0.jar:/root/.m2/repository/org/apache/hadoop/hadoop-hdfs-client/3.2.0/hadoop-hdfs-client-3.2.0.jar:/root/.m2/repository/com/fasterxml/jackson/core/jackson-annotations/2.9.5/jackson-annotations-2.9.5.jar:/root/.m2/repository/org/apache/hadoop/hadoop-hdds-common/0.5.0-SNAPSHOT/hadoop-hdds-common-0.5.0-SNAPSHOT.jar:/root/.m2/repository/javax/annotation/javax.annotation-api/1.2/javax.annotation-api-1.2.jar:/root/.m2/repository/org/apache/ratis/ratis-server/0.4.0-fe2b15d-SNAPSHOT/ratis-server-0.4.0-fe2b15d-SNAPSHOT.jar:/root/.m2/repository/org/apache/ratis/ratis-thirdparty-misc/0.2.0/ratis-thirdparty-misc-0.2.0.jar:/root/.m2/repository/org/apache/ratis/ratis-proto/0.4.0-fe2b15d-SNAPSHOT/ratis-proto-0.4.0-fe2b15d-SNAPSHOT.jar:/root/.m2/repository/org/apache/ratis/ratis-common/0.4.0-fe2b15d-SNAPSHOT/ratis-common-0.4.0-fe2b15d-SNAPSHOT.jar:/root/.m2/repository/org/apache/ratis/ratis-client/0.4.0-fe2b15d-SNAPSHOT/ratis-client-0.4.0-fe2b15d-SNAPSHOT.jar:/root/.m2/repository/org/apache/ratis/ratis-netty/0.4.0-fe2b15d-SNAPSHOT/ratis-netty-0.4.0-fe2b15d-SNAPSHOT.jar:/root/.m2/repository/org/apache/ratis/ratis-grpc/0.4.0-fe2b15d-SNAPSHOT/ratis-grpc-0.4.0-fe2b15d-SNAPSHOT.jar:/root/.m2/repository/org/rocksdb/rocksdbjni/5.14.2/rocksdbjni-5.14.2.jar:/root/.m2/repository/org/apache/logging/log4j/log4j-api/2.11.0/log4j-api-2.11.0.jar:/root/.m2/repository/org/apache/logging/log4j/log4j-core/2.11.0/log4j-core-2.11.0.jar:/root/.m2/repository/com/lmax/disruptor/3.4.2/disruptor-3.4.2.jar:/root/.m2/repository/org/apache/commons/commons-pool2/2.6.0/commons-pool2-2.6.0.jar:/root/.m2/repository/org/bouncycastle/bcpkix-jdk15on/1.60/bcpkix-jdk15on-1.60.jar:/root/.m2/repository/commons-validator/commons-validator/1.6/commons-validator-1.6.jar:/root/.m2/repository/commons-digester/commons-digester/1.8.1/commons-digester-1.8.1.jar:/root/.m2/repository/io/jaegertracing/jaeger-client/0.33.1/jaeger-client-0.33.1.jar:/root/.m2/repository/io/jaegertracing/jaeger-thrift/0.33.1/jaeger-thrift-0.33.1.jar:/root/.m2/repository/org/apache/thrift/libthrift/0.11.0/libthrift-0.11.0.jar:/root/.m2/repository/com/squareup/okhttp3/okhttp/3.9.0/okhttp-3.9.0.jar:/root/.m2/repository/com/squareup/okio/okio/1.13.0/okio-1.13.0.jar:/root/.m2/repository/io/jaegertracing/jaeger-core/0.33.1/jaeger-core-0.33.1.jar:/root/.m2/repository/io/jaegertracing/jaeger-tracerresolver/0.33.1/jaeger-tracerresolver-0.33.1.jar:/root/.m2/repository/io/opentracing/contrib/opentracing-tracerresolver/0.1.5/opentracing-tracerresolver-0.1.5.jar:/root/.m2/repository/io/opentracing/opentracing-util/0.31.0/opentracing-util-0.31.0.jar:/root/.m2/repository/io/opentracing/opentracing-api/0.31.0/opentracing-api-0.31.0.jar:/root/.m2/repository/io/opentracing/opentracing-noop/0.31.0/opentracing-noop-0.31.0.jar:/root/.m2/repository/org/apache/hadoop/hadoop-hdds-server-framework/0.5.0-SNAPSHOT/hadoop-hdds-server-framework-0.5.0-SNAPSHOT.jar:/root/.m2/repository/org/apache/hadoop/hadoop-hdds-server-scm/0.5.0-SNAPSHOT/hadoop-hdds-server-scm-0.5.0-SNAPSHOT.jar:/root/.m2/repository/org/apache/hadoop/hadoop-hdds-container-service/0.5.0-SNAPSHOT/hadoop-hdds-container-service-0.5.0-SNAPSHOT.jar:/root/.m2/repository/org/apache/hadoop/hadoop-hdds-client/0.5.0-SNAPSHOT/hadoop-hdds-client-0.5.0-SNAPSHOT.jar:/root/.m2/repository/org/apache/hadoop/hadoop-hdds-tools/0.5.0-SNAPSHOT/hadoop-hdds-tools-0.5.0-SNAPSHOT.jar:/root/.m2/repository/org/apache/hadoop/hadoop-ozone-ozone-manager/0.5.0-SNAPSHOT/hadoop-ozone-ozone-manager-0.5.0-SNAPSHOT.jar:/root/.m2/repository/org/apache/hadoop/hadoop-hdds-docs/0.5.0-SNAPSHOT/hadoop-hdds-docs-0.5.0-SNAPSHOT.jar:/root/.m2/repository/org/bouncycastle/bcprov-jdk15on/1.60/bcprov-jdk15on-1.60.jar:/root/.m2/repository/org/apache/hadoop/hadoop-minikdc/3.2.0/hadoop-minikdc-3.2.0.jar:/root/.m2/repository/commons-io/commons-io/2.5/commons-io-2.5.jar:/root/.m2/repository/org/apache/kerby/kerb-simplekdc/1.0.1/kerb-simplekdc-1.0.1.jar:/root/.m2/repository/org/apache/kerby/kerb-client/1.0.1/kerb-client-1.0.1.jar:/root/.m2/repository/org/apache/kerby/kerby-config/1.0.1/kerby-config-1.0.1.jar:/root/.m2/repository/org/apache/kerby/kerb-core/1.0.1/kerb-core-1.0.1.jar:/root/.m2/repository/org/apache/kerby/kerby-pkix/1.0.1/kerby-pkix-1.0.1.jar:/root/.m2/repository/org/apache/kerby/kerby-asn1/1.0.1/kerby-asn1-1.0.1.jar:/root/.m2/repository/org/apache/kerby/kerby-util/1.0.1/kerby-util-1.0.1.jar:/root/.m2/repository/org/apache/kerby/kerb-common/1.0.1/kerb-common-1.0.1.jar:/root/.m2/repository/org/apache/kerby/kerb-crypto/1.0.1/kerb-crypto-1.0.1.jar:/root/.m2/repository/org/apache/kerby/kerb-util/1.0.1/kerb-util-1.0.1.jar:/root/.m2/repository/org/apache/kerby/token-provider/1.0.1/token-provider-1.0.1.jar:/root/.m2/repository/org/apache/kerby/kerb-admin/1.0.1/kerb-admin-1.0.1.jar:/root/.m2/repository/org/apache/kerby/kerb-server/1.0.1/kerb-server-1.0.1.jar:/root/.m2/repository/org/apache/kerby/kerb-identity/1.0.1/kerb-identity-1.0.1.jar:/root/.m2/repository/org/apache/kerby/kerby-xdr/1.0.1/kerby-xdr-1.0.1.jar:/root/.m2/repository/org/slf4j/slf4j-log4j12/1.7.25/slf4j-log4j12-1.7.25.jar:/root/.m2/repository/org/apache/hadoop/hadoop-ozone-objectstore-service/0.5.0-SNAPSHOT/hadoop-ozone-objectstore-service-0.5.0-SNAPSHOT.jar:/root/.m2/repository/org/apache/hadoop/hadoop-ozone-s3gateway/0.5.0-SNAPSHOT/hadoop-ozone-s3gateway-0.5.0-SNAPSHOT.jar:/root/.m2/repository/org/jboss/weld/servlet/weld-servlet/2.4.7.Final/weld-servlet-2.4.7.Final.jar:/root/.m2/repository/org/glassfish/jersey/containers/jersey-container-servlet-core/2.27/jersey-container-servlet-core-2.27.jar:/root/.m2/repository/org/glassfish/hk2/external/javax.inject/2.5.0-b42/javax.inject-2.5.0-b42.jar:/root/.m2/repository/org/glassfish/jersey/core/jersey-common/2.27/jersey-common-2.27.jar:/root/.m2/repository/org/glassfish/hk2/osgi-resource-locator/1.0.1/osgi-resource-locator-1.0.1.jar:/root/.m2/repository/javax/ws/rs/javax.ws.rs-api/2.1/javax.ws.rs-api-2.1.jar:/root/.m2/repository/org/glassfish/jersey/ext/cdi/jersey-cdi1x/2.27/jersey-cdi1x-2.27.jar:/root/.m2/repository/org/glassfish/jersey/inject/jersey-hk2/2.27/jersey-hk2-2.27.jar:/root/.m2/repository/org/glassfish/hk2/hk2-locator/2.5.0-b42/hk2-locator-2.5.0-b42.jar:/root/.m2/repository/org/javassist/javassist/3.22.0-CR2/javassist-3.22.0-CR2.jar:/root/.m2/repository/org/glassfish/hk2/hk2-api/2.5.0/hk2-api-2.5.0.jar:/root/.m2/repository/org/glassfish/hk2/external/jakarta.inject/2.5.0/jakarta.inject-2.5.0.jar:/root/.m2/repository/org/glassfish/hk2/hk2-utils/2.5.0/hk2-utils-2.5.0.jar:/root/.m2/repository/jakarta/annotation/jakarta.annotation-api/1.3.4/jakarta.annotation-api-1.3.4.jar:/root/.m2/repository/org/glassfish/hk2/external/aopalliance-repackaged/2.5.0/aopalliance-repackaged-2.5.0.jar:/root/.m2/repository/com/fasterxml/jackson/dataformat/jackson-dataformat-xml/2.9.0/jackson-dataformat-xml-2.9.0.jar:/root/.m2/repository/com/fasterxml/jackson/core/jackson-core/2.9.5/jackson-core-2.9.5.jar:/root/.m2/repository/com/fasterxml/jackson/module/jackson-module-jaxb-annotations/2.9.5/jackson-module-jaxb-annotations-2.9.5.jar:/root/.m2/repository/javax/enterprise/cdi-api/1.2/cdi-api-1.2.jar:/root/.m2/repository/javax/el/javax.el-api/3.0.0/javax.el-api-3.0.0.jar:/root/.m2/repository/javax/interceptor/javax.interceptor-api/1.2/javax.interceptor-api-1.2.jar:/root/.m2/repository/javax/inject/javax.inject/1/javax.inject-1.jar:/root/.m2/repository/com/sun/xml/bind/jaxb-impl/2.3.0.1/jaxb-impl-2.3.0.1.jar:/root/.m2/repository/com/sun/xml/bind/jaxb-core/2.3.0.1/jaxb-core-2.3.0.1.jar:/root/.m2/repository/javax/xml/bind/jaxb-api/2.3.0/jaxb-api-2.3.0.jar:/root/.m2/repository/javax/activation/activation/1.1.1/activation-1.1.1.jar:/root/.m2/repository/org/apache/hadoop/hadoop-ozone-csi/0.5.0-SNAPSHOT/hadoop-ozone-csi-0.5.0-SNAPSHOT.jar:/root/.m2/repository/com/google/protobuf/protobuf-java-util/3.5.1/protobuf-java-util-3.5.1.jar:/root/.m2/repository/org/apache/hadoop/hadoop-hdds-config/0.5.0-SNAPSHOT/hadoop-hdds-config-0.5.0-SNAPSHOT.jar:/root/.m2/repository/com/google/guava/guava/11.0.2/guava-11.0.2.jar:/root/.m2/repository/com/google/protobuf/protobuf-java/2.5.0/protobuf-java-2.5.0.jar:/root/.m2/repository/io/grpc/grpc-netty/1.17.1/grpc-netty-1.17.1.jar:/root/.m2/repository/io/grpc/grpc-core/1.17.1/grpc-core-1.17.1.jar:/root/.m2/repository/io/grpc/grpc-context/1.17.1/grpc-context-1.17.1.jar:/root/.m2/repository/com/google/errorprone/error_prone_annotations/2.2.0/error_prone_annotations-2.2.0.jar:/root/.m2/repository/org/codehaus/mojo/animal-sniffer-annotations/1.17/animal-sniffer-annotations-1.17.jar:/root/.m2/repository/io/opencensus/opencensus-api/0.17.0/opencensus-api-0.17.0.jar:/root/.m2/repository/io/opencensus/opencensus-contrib-grpc-metrics/0.17.0/opencensus-contrib-grpc-metrics-0.17.0.jar:/root/.m2/repository/io/netty/netty-codec-http2/4.1.30.Final/netty-codec-http2-4.1.30.Final.jar:/root/.m2/repository/io/netty/netty-codec-http/4.1.30.Final/netty-codec-http-4.1.30.Final.jar:/root/.m2/repository/io/netty/netty-codec/4.1.30.Final/netty-codec-4.1.30.Final.jar:/root/.m2/repository/io/netty/netty-handler/4.1.30.Final/netty-handler-4.1.30.Final.jar:/root/.m2/repository/io/netty/netty-handler-proxy/4.1.30.Final/netty-handler-proxy-4.1.30.Final.jar:/root/.m2/repository/io/netty/netty-codec-socks/4.1.30.Final/netty-codec-socks-4.1.30.Final.jar:/root/.m2/repository/io/netty/netty-transport-native-epoll/4.1.30.Final/netty-transport-native-epoll-4.1.30.Final.jar:/root/.m2/repository/io/netty/netty-common/4.1.30.Final/netty-common-4.1.30.Final.jar:/root/.m2/repository/io/netty/netty-buffer/4.1.30.Final/netty-buffer-4.1.30.Final.jar:/root/.m2/repository/io/netty/netty-transport/4.1.30.Final/netty-transport-4.1.30.Final.jar:/root/.m2/repository/io/netty/netty-resolver/4.1.30.Final/netty-resolver-4.1.30.Final.jar:/root/.m2/repository/io/netty/netty-transport-native-unix-common/4.1.30.Final/netty-transport-native-unix-common-4.1.30.Final.jar:/root/.m2/repository/io/grpc/grpc-protobuf/1.17.1/grpc-protobuf-1.17.1.jar:/root/.m2/repository/com/google/api/grpc/proto-google-common-protos/1.0.0/proto-google-common-protos-1.0.0.jar:/root/.m2/repository/io/grpc/grpc-protobuf-lite/1.17.1/grpc-protobuf-lite-1.17.1.jar:/root/.m2/repository/io/grpc/grpc-stub/1.17.1/grpc-stub-1.17.1.jar:/root/.m2/repository/org/apache/hadoop/hadoop-ozone-recon/0.5.0-SNAPSHOT/hadoop-ozone-recon-0.5.0-SNAPSHOT.jar:/root/.m2/repository/org/apache/hadoop/hadoop-ozone-reconcodegen/0.5.0-SNAPSHOT/hadoop-ozone-reconcodegen-0.5.0-SNAPSHOT.jar:/root/.m2/repository/com/google/inject/extensions/guice-multibindings/4.0/guice-multibindings-4.0.jar:/root/.m2/repository/com/google/inject/guice/4.0/guice-4.0.jar:/root/.m2/repository/aopalliance/aopalliance/1.0/aopalliance-1.0.jar:/root/.m2/repository/com/google/inject/extensions/guice-servlet/4.0/guice-servlet-4.0.jar:/root/.m2/repository/org/glassfish/jersey/containers/jersey-container-servlet/2.27/jersey-container-servlet-2.27.jar:/root/.m2/repository/org/glassfish/hk2/guice-bridge/2.5.0/guice-bridge-2.5.0.jar:/root/.m2/repository/org/glassfish/jersey/core/jersey-server/2.27/jersey-server-2.27.jar:/root/.m2/repository/org/glassfish/jersey/core/jersey-client/2.27/jersey-client-2.27.jar:/root/.m2/repository/org/glassfish/jersey/media/jersey-media-jaxb/2.27/jersey-media-jaxb-2.27.jar:/root/.m2/repository/javax/validation/validation-api/1.1.0.Final/validation-api-1.1.0.Final.jar:/root/.m2/repository/org/glassfish/jersey/media/jersey-media-json-jackson/2.27/jersey-media-json-jackson-2.27.jar:/root/.m2/repository/org/glassfish/jersey/ext/jersey-entity-filtering/2.27/jersey-entity-filtering-2.27.jar:/root/.m2/repository/com/google/inject/extensions/guice-assistedinject/4.0/guice-assistedinject-4.0.jar:/root/.m2/repository/org/jooq/jooq/3.11.10/jooq-3.11.10.jar:/root/.m2/repository/org/jooq/jooq-meta/3.11.10/jooq-meta-3.11.10.jar:/root/.m2/repository/org/jooq/jooq-codegen/3.11.10/jooq-codegen-3.11.10.jar:/root/.m2/repository/com/jolbox/bonecp/0.8.0.RELEASE/bonecp-0.8.0.RELEASE.jar:/root/.m2/repository/org/xerial/sqlite-jdbc/3.25.2/sqlite-jdbc-3.25.2.jar:/root/.m2/repository/org/springframework/spring-jdbc/5.1.3.RELEASE/spring-jdbc-5.1.3.RELEASE.jar:/root/.m2/repository/org/springframework/spring-beans/5.1.3.RELEASE/spring-beans-5.1.3.RELEASE.jar:/root/.m2/repository/org/springframework/spring-core/5.1.3.RELEASE/spring-core-5.1.3.RELEASE.jar:/root/.m2/repository/org/springframework/spring-jcl/5.1.3.RELEASE/spring-jcl-5.1.3.RELEASE.jar:/root/.m2/repository/org/springframework/spring-tx/5.1.3.RELEASE/spring-tx-5.1.3.RELEASE.jar:/root/.m2/repository/org/apache/hadoop/hadoop-ozone-client/0.5.0-SNAPSHOT/hadoop-ozone-client-0.5.0-SNAPSHOT.jar:/root/.m2/repository/org/apache/hadoop/hadoop-ozone-ozone-manager/0.5.0-SNAPSHOT/hadoop-ozone-ozone-manager-0.5.0-SNAPSHOT-tests.jar:/root/.m2/repository/junit/junit/4.11/junit-4.11.jar:/root/.m2/repository/org/hamcrest/hamcrest-core/1.3/hamcrest-core-1.3.jar:/root/.m2/repository/org/openjdk/jmh/jmh-core/1.19/jmh-core-1.19.jar:/root/.m2/repository/net/sf/jopt-simple/jopt-simple/4.6/jopt-simple-4.6.jar:/root/.m2/repository/org/apache/commons/commons-math3/3.1.1/commons-math3-3.1.1.jar:/root/.m2/repository/org/openjdk/jmh/jmh-generator-annprocess/1.19/jmh-generator-annprocess-1.19.jar:/root/.m2/repository/org/mockito/mockito-all/1.8.5/mockito-all-1.8.5.jar:/root/.m2/repository/org/apache/hadoop/hadoop-kms/3.2.0/hadoop-kms-3.2.0.jar:/root/.m2/repository/org/apache/hadoop/hadoop-auth/3.2.0/hadoop-auth-3.2.0.jar:/root/.m2/repository/com/nimbusds/nimbus-jose-jwt/4.41.1/nimbus-jose-jwt-4.41.1.jar:/root/.m2/repository/com/github/stephenc/jcip/jcip-annotations/1.0-1/jcip-annotations-1.0-1.jar:/root/.m2/repository/net/minidev/json-smart/2.3/json-smart-2.3.jar:/root/.m2/repository/net/minidev/accessors-smart/1.2/accessors-smart-1.2.jar:/root/.m2/repository/org/ow2/asm/asm/5.0.4/asm-5.0.4.jar:/root/.m2/repository/org/apache/curator/curator-framework/2.12.0/curator-framework-2.12.0.jar:/root/.m2/repository/com/sun/jersey/jersey-core/1.19/jersey-core-1.19.jar:/root/.m2/repository/javax/ws/rs/jsr311-api/1.1.1/jsr311-api-1.1.1.jar:/root/.m2/repository/com/sun/jersey/jersey-server/1.19/jersey-server-1.19.jar:/root/.m2/repository/javax/servlet/javax.servlet-api/3.1.0/javax.servlet-api-3.1.0.jar:/root/.m2/repository/org/eclipse/jetty/jetty-server/9.3.24.v20180605/jetty-server-9.3.24.v20180605.jar:/root/.m2/repository/org/eclipse/jetty/jetty-http/9.3.24.v20180605/jetty-http-9.3.24.v20180605.jar:/root/.m2/repository/org/eclipse/jetty/jetty-io/9.3.24.v20180605/jetty-io-9.3.24.v20180605.jar:/root/.m2/repository/org/eclipse/jetty/jetty-webapp/9.3.24.v20180605/jetty-webapp-9.3.24.v20180605.jar:/root/.m2/repository/org/eclipse/jetty/jetty-xml/9.3.24.v20180605/jetty-xml-9.3.24.v20180605.jar:/root/.m2/repository/log4j/log4j/1.2.17/log4j-1.2.17.jar:/root/.m2/repository/org/slf4j/slf4j-api/1.7.25/slf4j-api-1.7.25.jar:/root/.m2/repository/org/slf4j/jul-to-slf4j/1.7.25/jul-to-slf4j-1.7.25.jar:/root/.m2/repository/org/eclipse/jetty/jetty-util/9.3.24.v20180605/jetty-util-9.3.24.v20180605.jar:/root/.m2/repository/io/dropwizard/metrics/metrics-core/3.2.4/metrics-core-3.2.4.jar:/root/.m2/repository/com/fasterxml/jackson/core/jackson-databind/2.9.5/jackson-databind-2.9.5.jar:/root/.m2/repository/org/apache/hadoop/hadoop-kms/3.2.0/hadoop-kms-3.2.0-tests.jar:/root/.m2/repository/org/apache/hadoop/hadoop-hdds-server-scm/0.5.0-SNAPSHOT/hadoop-hdds-server-scm-0.5.0-SNAPSHOT-tests.jar:/root/.m2/repository/org/hamcrest/hamcrest-all/1.3/hamcrest-all-1.3.jar:/root/.m2/repository/info/picocli/picocli/3.9.6/picocli-3.9.6.jar:/root/.m2/repository/org/apache/hadoop/hadoop-hdds-container-service/0.5.0-SNAPSHOT/hadoop-hdds-container-service-0.5.0-SNAPSHOT-tests.jar:/root/.m2/repository/org/yaml/snakeyaml/1.16/snakeyaml-1.16.jar:/root/.m2/repository/org/apache/hadoop/hadoop-common/3.2.0/hadoop-common-3.2.0-tests.jar:/root/.m2/repository/org/apache/hadoop/hadoop-annotations/3.2.0/hadoop-annotations-3.2.0.jar:/usr/lib/jvm/java-1.8-openjdk/jre/../lib/tools.jar:/root/.m2/repository/commons-cli/commons-cli/1.2/commons-cli-1.2.jar:/root/.m2/repository/org/apache/httpcomponents/httpclient/4.5.2/httpclient-4.5.2.jar:/root/.m2/repository/org/apache/httpcomponents/httpcore/4.4.4/httpcore-4.4.4.jar:/root/.m2/repository/commons-codec/commons-codec/1.11/commons-codec-1.11.jar:/root/.m2/repository/commons-net/commons-net/3.6/commons-net-3.6.jar:/root/.m2/repository/commons-collections/commons-collections/3.2.2/commons-collections-3.2.2.jar:/root/.m2/repository/org/eclipse/jetty/jetty-servlet/9.3.24.v20180605/jetty-servlet-9.3.24.v20180605.jar:/root/.m2/repository/org/eclipse/jetty/jetty-security/9.3.24.v20180605/jetty-security-9.3.24.v20180605.jar:/root/.m2/repository/javax/servlet/jsp/jsp-api/2.1/jsp-api-2.1.jar:/root/.m2/repository/com/sun/jersey/jersey-servlet/1.19/jersey-servlet-1.19.jar:/root/.m2/repository/com/sun/jersey/jersey-json/1.19/jersey-json-1.19.jar:/root/.m2/repository/org/codehaus/jettison/jettison/1.1/jettison-1.1.jar:/root/.m2/repository/org/codehaus/jackson/jackson-core-asl/1.9.13/jackson-core-asl-1.9.13.jar:/root/.m2/repository/org/codehaus/jackson/jackson-mapper-asl/1.9.13/jackson-mapper-asl-1.9.13.jar:/root/.m2/repository/org/codehaus/jackson/jackson-jaxrs/1.9.13/jackson-jaxrs-1.9.13.jar:/root/.m2/repository/org/codehaus/jackson/jackson-xc/1.9.13/jackson-xc-1.9.13.jar:/root/.m2/repository/commons-logging/commons-logging/1.1.3/commons-logging-1.1.3.jar:/root/.m2/repository/commons-beanutils/commons-beanutils/1.9.3/commons-beanutils-1.9.3.jar:/root/.m2/repository/org/apache/commons/commons-configuration2/2.1.1/commons-configuration2-2.1.1.jar:/root/.m2/repository/org/apache/commons/commons-lang3/3.7/commons-lang3-3.7.jar:/root/.m2/repository/org/apache/commons/commons-text/1.4/commons-text-1.4.jar:/root/.m2/repository/org/apache/avro/avro/1.7.7/avro-1.7.7.jar:/root/.m2/repository/com/thoughtworks/paranamer/paranamer/2.3/paranamer-2.3.jar:/root/.m2/repository/org/xerial/snappy/snappy-java/1.0.5/snappy-java-1.0.5.jar:/root/.m2/repository/com/google/re2j/re2j/1.1/re2j-1.1.jar:/root/.m2/repository/com/google/code/gson/gson/2.2.4/gson-2.2.4.jar:/root/.m2/repository/com/jcraft/jsch/0.1.54/jsch-0.1.54.jar:/root/.m2/repository/org/apache/curator/curator-client/2.12.0/curator-client-2.12.0.jar:/root/.m2/repository/org/apache/curator/curator-recipes/2.12.0/curator-recipes-2.12.0.jar:/root/.m2/repository/com/google/code/findbugs/jsr305/3.0.0/jsr305-3.0.0.jar:/root/.m2/repository/org/apache/htrace/htrace-core4/4.1.0-incubating/htrace-core4-4.1.0-incubating.jar:/root/.m2/repository/org/apache/zookeeper/zookeeper/3.4.13/zookeeper-3.4.13.jar:/root/.m2/repository/org/apache/yetus/audience-annotations/0.5.0/audience-annotations-0.5.0.jar:/root/.m2/repository/org/codehaus/woodstox/stax2-api/3.1.4/stax2-api-3.1.4.jar:/root/.m2/repository/com/fasterxml/woodstox/woodstox-core/5.0.3/woodstox-core-5.0.3.jar:/root/.m2/repository/dnsjava/dnsjava/2.1.7/dnsjava-2.1.7.jar:/root/.m2/repository/org/apache/hadoop/hadoop-hdfs/3.2.0/hadoop-hdfs-3.2.0-tests.jar:/root/.m2/repository/org/eclipse/jetty/jetty-util-ajax/9.3.24.v20180605/jetty-util-ajax-9.3.24.v20180605.jar:/root/.m2/repository/commons-daemon/commons-daemon/1.0.13/commons-daemon-1.0.13.jar:/root/.m2/repository/io/netty/netty/3.10.5.Final/netty-3.10.5.Final.jar:/root/.m2/repository/io/netty/netty-all/4.0.52.Final/netty-all-4.0.52.Final.jar:/root/.m2/repository/org/fusesource/leveldbjni/leveldbjni-all/1.8/leveldbjni-all-1.8.jar:"/>
    <property name="java.vm.vendor" value="IcedTea"/>
    <property name="sun.arch.data.model" value="64"/>
    <property name="test.build.dir" value="/opt/src/hadoop-ozone/integration-test/target/test-dir"/>
    <property name="test.cache.data" value=""/>
    <property name="java.vendor.url" value="https://icedtea.classpath.org"/>
    <property name="user.timezone" value=""/>
    <property name="java.vm.specification.version" value="1.8"/>
    <property name="os.name" value="Linux"/>
    <property name="test.build.data" value="/opt/src/hadoop-ozone/integration-test/target/test-dir"/>
    <property name="user.country" value="US"/>
    <property name="sun.java.launcher" value="SUN_STANDARD"/>
    <property name="sun.boot.library.path" value="/usr/lib/jvm/java-1.8-openjdk/jre/lib/amd64"/>
    <property name="sun.java.command" value="/opt/src/hadoop-ozone/integration-test/target/surefire/surefirebooter624585700352769360.jar /opt/src/hadoop-ozone/integration-test/target/surefire 2019-06-14T11-01-16_108-jvmRun1 surefire5903030465124608220tmp surefire_82102491537642622650tmp"/>
    <property name="surefire.test.class.path" value="/opt/src/hadoop-ozone/integration-test/target/test-classes:/opt/src/hadoop-ozone/integration-test/target/classes:/root/.m2/repository/org/apache/hadoop/hadoop-ozone-common/0.5.0-SNAPSHOT/hadoop-ozone-common-0.5.0-SNAPSHOT.jar:/root/.m2/repository/org/apache/commons/commons-compress/1.4.1/commons-compress-1.4.1.jar:/root/.m2/repository/org/tukaani/xz/1.0/xz-1.0.jar:/root/.m2/repository/org/apache/hadoop/hadoop-common/3.2.0/hadoop-common-3.2.0.jar:/root/.m2/repository/org/apache/hadoop/hadoop-hdfs/3.2.0/hadoop-hdfs-3.2.0.jar:/root/.m2/repository/org/apache/hadoop/hadoop-hdfs-client/3.2.0/hadoop-hdfs-client-3.2.0.jar:/root/.m2/repository/com/fasterxml/jackson/core/jackson-annotations/2.9.5/jackson-annotations-2.9.5.jar:/root/.m2/repository/org/apache/hadoop/hadoop-hdds-common/0.5.0-SNAPSHOT/hadoop-hdds-common-0.5.0-SNAPSHOT.jar:/root/.m2/repository/javax/annotation/javax.annotation-api/1.2/javax.annotation-api-1.2.jar:/root/.m2/repository/org/apache/ratis/ratis-server/0.4.0-fe2b15d-SNAPSHOT/ratis-server-0.4.0-fe2b15d-SNAPSHOT.jar:/root/.m2/repository/org/apache/ratis/ratis-thirdparty-misc/0.2.0/ratis-thirdparty-misc-0.2.0.jar:/root/.m2/repository/org/apache/ratis/ratis-proto/0.4.0-fe2b15d-SNAPSHOT/ratis-proto-0.4.0-fe2b15d-SNAPSHOT.jar:/root/.m2/repository/org/apache/ratis/ratis-common/0.4.0-fe2b15d-SNAPSHOT/ratis-common-0.4.0-fe2b15d-SNAPSHOT.jar:/root/.m2/repository/org/apache/ratis/ratis-client/0.4.0-fe2b15d-SNAPSHOT/ratis-client-0.4.0-fe2b15d-SNAPSHOT.jar:/root/.m2/repository/org/apache/ratis/ratis-netty/0.4.0-fe2b15d-SNAPSHOT/ratis-netty-0.4.0-fe2b15d-SNAPSHOT.jar:/root/.m2/repository/org/apache/ratis/ratis-grpc/0.4.0-fe2b15d-SNAPSHOT/ratis-grpc-0.4.0-fe2b15d-SNAPSHOT.jar:/root/.m2/repository/org/rocksdb/rocksdbjni/5.14.2/rocksdbjni-5.14.2.jar:/root/.m2/repository/org/apache/logging/log4j/log4j-api/2.11.0/log4j-api-2.11.0.jar:/root/.m2/repository/org/apache/logging/log4j/log4j-core/2.11.0/log4j-core-2.11.0.jar:/root/.m2/repository/com/lmax/disruptor/3.4.2/disruptor-3.4.2.jar:/root/.m2/repository/org/apache/commons/commons-pool2/2.6.0/commons-pool2-2.6.0.jar:/root/.m2/repository/org/bouncycastle/bcpkix-jdk15on/1.60/bcpkix-jdk15on-1.60.jar:/root/.m2/repository/commons-validator/commons-validator/1.6/commons-validator-1.6.jar:/root/.m2/repository/commons-digester/commons-digester/1.8.1/commons-digester-1.8.1.jar:/root/.m2/repository/io/jaegertracing/jaeger-client/0.33.1/jaeger-client-0.33.1.jar:/root/.m2/repository/io/jaegertracing/jaeger-thrift/0.33.1/jaeger-thrift-0.33.1.jar:/root/.m2/repository/org/apache/thrift/libthrift/0.11.0/libthrift-0.11.0.jar:/root/.m2/repository/com/squareup/okhttp3/okhttp/3.9.0/okhttp-3.9.0.jar:/root/.m2/repository/com/squareup/okio/okio/1.13.0/okio-1.13.0.jar:/root/.m2/repository/io/jaegertracing/jaeger-core/0.33.1/jaeger-core-0.33.1.jar:/root/.m2/repository/io/jaegertracing/jaeger-tracerresolver/0.33.1/jaeger-tracerresolver-0.33.1.jar:/root/.m2/repository/io/opentracing/contrib/opentracing-tracerresolver/0.1.5/opentracing-tracerresolver-0.1.5.jar:/root/.m2/repository/io/opentracing/opentracing-util/0.31.0/opentracing-util-0.31.0.jar:/root/.m2/repository/io/opentracing/opentracing-api/0.31.0/opentracing-api-0.31.0.jar:/root/.m2/repository/io/opentracing/opentracing-noop/0.31.0/opentracing-noop-0.31.0.jar:/root/.m2/repository/org/apache/hadoop/hadoop-hdds-server-framework/0.5.0-SNAPSHOT/hadoop-hdds-server-framework-0.5.0-SNAPSHOT.jar:/root/.m2/repository/org/apache/hadoop/hadoop-hdds-server-scm/0.5.0-SNAPSHOT/hadoop-hdds-server-scm-0.5.0-SNAPSHOT.jar:/root/.m2/repository/org/apache/hadoop/hadoop-hdds-container-service/0.5.0-SNAPSHOT/hadoop-hdds-container-service-0.5.0-SNAPSHOT.jar:/root/.m2/repository/org/apache/hadoop/hadoop-hdds-client/0.5.0-SNAPSHOT/hadoop-hdds-client-0.5.0-SNAPSHOT.jar:/root/.m2/repository/org/apache/hadoop/hadoop-hdds-tools/0.5.0-SNAPSHOT/hadoop-hdds-tools-0.5.0-SNAPSHOT.jar:/root/.m2/repository/org/apache/hadoop/hadoop-ozone-ozone-manager/0.5.0-SNAPSHOT/hadoop-ozone-ozone-manager-0.5.0-SNAPSHOT.jar:/root/.m2/repository/org/apache/hadoop/hadoop-hdds-docs/0.5.0-SNAPSHOT/hadoop-hdds-docs-0.5.0-SNAPSHOT.jar:/root/.m2/repository/org/bouncycastle/bcprov-jdk15on/1.60/bcprov-jdk15on-1.60.jar:/root/.m2/repository/org/apache/hadoop/hadoop-minikdc/3.2.0/hadoop-minikdc-3.2.0.jar:/root/.m2/repository/commons-io/commons-io/2.5/commons-io-2.5.jar:/root/.m2/repository/org/apache/kerby/kerb-simplekdc/1.0.1/kerb-simplekdc-1.0.1.jar:/root/.m2/repository/org/apache/kerby/kerb-client/1.0.1/kerb-client-1.0.1.jar:/root/.m2/repository/org/apache/kerby/kerby-config/1.0.1/kerby-config-1.0.1.jar:/root/.m2/repository/org/apache/kerby/kerb-core/1.0.1/kerb-core-1.0.1.jar:/root/.m2/repository/org/apache/kerby/kerby-pkix/1.0.1/kerby-pkix-1.0.1.jar:/root/.m2/repository/org/apache/kerby/kerby-asn1/1.0.1/kerby-asn1-1.0.1.jar:/root/.m2/repository/org/apache/kerby/kerby-util/1.0.1/kerby-util-1.0.1.jar:/root/.m2/repository/org/apache/kerby/kerb-common/1.0.1/kerb-common-1.0.1.jar:/root/.m2/repository/org/apache/kerby/kerb-crypto/1.0.1/kerb-crypto-1.0.1.jar:/root/.m2/repository/org/apache/kerby/kerb-util/1.0.1/kerb-util-1.0.1.jar:/root/.m2/repository/org/apache/kerby/token-provider/1.0.1/token-provider-1.0.1.jar:/root/.m2/repository/org/apache/kerby/kerb-admin/1.0.1/kerb-admin-1.0.1.jar:/root/.m2/repository/org/apache/kerby/kerb-server/1.0.1/kerb-server-1.0.1.jar:/root/.m2/repository/org/apache/kerby/kerb-identity/1.0.1/kerb-identity-1.0.1.jar:/root/.m2/repository/org/apache/kerby/kerby-xdr/1.0.1/kerby-xdr-1.0.1.jar:/root/.m2/repository/org/slf4j/slf4j-log4j12/1.7.25/slf4j-log4j12-1.7.25.jar:/root/.m2/repository/org/apache/hadoop/hadoop-ozone-objectstore-service/0.5.0-SNAPSHOT/hadoop-ozone-objectstore-service-0.5.0-SNAPSHOT.jar:/root/.m2/repository/org/apache/hadoop/hadoop-ozone-s3gateway/0.5.0-SNAPSHOT/hadoop-ozone-s3gateway-0.5.0-SNAPSHOT.jar:/root/.m2/repository/org/jboss/weld/servlet/weld-servlet/2.4.7.Final/weld-servlet-2.4.7.Final.jar:/root/.m2/repository/org/glassfish/jersey/containers/jersey-container-servlet-core/2.27/jersey-container-servlet-core-2.27.jar:/root/.m2/repository/org/glassfish/hk2/external/javax.inject/2.5.0-b42/javax.inject-2.5.0-b42.jar:/root/.m2/repository/org/glassfish/jersey/core/jersey-common/2.27/jersey-common-2.27.jar:/root/.m2/repository/org/glassfish/hk2/osgi-resource-locator/1.0.1/osgi-resource-locator-1.0.1.jar:/root/.m2/repository/javax/ws/rs/javax.ws.rs-api/2.1/javax.ws.rs-api-2.1.jar:/root/.m2/repository/org/glassfish/jersey/ext/cdi/jersey-cdi1x/2.27/jersey-cdi1x-2.27.jar:/root/.m2/repository/org/glassfish/jersey/inject/jersey-hk2/2.27/jersey-hk2-2.27.jar:/root/.m2/repository/org/glassfish/hk2/hk2-locator/2.5.0-b42/hk2-locator-2.5.0-b42.jar:/root/.m2/repository/org/javassist/javassist/3.22.0-CR2/javassist-3.22.0-CR2.jar:/root/.m2/repository/org/glassfish/hk2/hk2-api/2.5.0/hk2-api-2.5.0.jar:/root/.m2/repository/org/glassfish/hk2/external/jakarta.inject/2.5.0/jakarta.inject-2.5.0.jar:/root/.m2/repository/org/glassfish/hk2/hk2-utils/2.5.0/hk2-utils-2.5.0.jar:/root/.m2/repository/jakarta/annotation/jakarta.annotation-api/1.3.4/jakarta.annotation-api-1.3.4.jar:/root/.m2/repository/org/glassfish/hk2/external/aopalliance-repackaged/2.5.0/aopalliance-repackaged-2.5.0.jar:/root/.m2/repository/com/fasterxml/jackson/dataformat/jackson-dataformat-xml/2.9.0/jackson-dataformat-xml-2.9.0.jar:/root/.m2/repository/com/fasterxml/jackson/core/jackson-core/2.9.5/jackson-core-2.9.5.jar:/root/.m2/repository/com/fasterxml/jackson/module/jackson-module-jaxb-annotations/2.9.5/jackson-module-jaxb-annotations-2.9.5.jar:/root/.m2/repository/javax/enterprise/cdi-api/1.2/cdi-api-1.2.jar:/root/.m2/repository/javax/el/javax.el-api/3.0.0/javax.el-api-3.0.0.jar:/root/.m2/repository/javax/interceptor/javax.interceptor-api/1.2/javax.interceptor-api-1.2.jar:/root/.m2/repository/javax/inject/javax.inject/1/javax.inject-1.jar:/root/.m2/repository/com/sun/xml/bind/jaxb-impl/2.3.0.1/jaxb-impl-2.3.0.1.jar:/root/.m2/repository/com/sun/xml/bind/jaxb-core/2.3.0.1/jaxb-core-2.3.0.1.jar:/root/.m2/repository/javax/xml/bind/jaxb-api/2.3.0/jaxb-api-2.3.0.jar:/root/.m2/repository/javax/activation/activation/1.1.1/activation-1.1.1.jar:/root/.m2/repository/org/apache/hadoop/hadoop-ozone-csi/0.5.0-SNAPSHOT/hadoop-ozone-csi-0.5.0-SNAPSHOT.jar:/root/.m2/repository/com/google/protobuf/protobuf-java-util/3.5.1/protobuf-java-util-3.5.1.jar:/root/.m2/repository/org/apache/hadoop/hadoop-hdds-config/0.5.0-SNAPSHOT/hadoop-hdds-config-0.5.0-SNAPSHOT.jar:/root/.m2/repository/com/google/guava/guava/11.0.2/guava-11.0.2.jar:/root/.m2/repository/com/google/protobuf/protobuf-java/2.5.0/protobuf-java-2.5.0.jar:/root/.m2/repository/io/grpc/grpc-netty/1.17.1/grpc-netty-1.17.1.jar:/root/.m2/repository/io/grpc/grpc-core/1.17.1/grpc-core-1.17.1.jar:/root/.m2/repository/io/grpc/grpc-context/1.17.1/grpc-context-1.17.1.jar:/root/.m2/repository/com/google/errorprone/error_prone_annotations/2.2.0/error_prone_annotations-2.2.0.jar:/root/.m2/repository/org/codehaus/mojo/animal-sniffer-annotations/1.17/animal-sniffer-annotations-1.17.jar:/root/.m2/repository/io/opencensus/opencensus-api/0.17.0/opencensus-api-0.17.0.jar:/root/.m2/repository/io/opencensus/opencensus-contrib-grpc-metrics/0.17.0/opencensus-contrib-grpc-metrics-0.17.0.jar:/root/.m2/repository/io/netty/netty-codec-http2/4.1.30.Final/netty-codec-http2-4.1.30.Final.jar:/root/.m2/repository/io/netty/netty-codec-http/4.1.30.Final/netty-codec-http-4.1.30.Final.jar:/root/.m2/repository/io/netty/netty-codec/4.1.30.Final/netty-codec-4.1.30.Final.jar:/root/.m2/repository/io/netty/netty-handler/4.1.30.Final/netty-handler-4.1.30.Final.jar:/root/.m2/repository/io/netty/netty-handler-proxy/4.1.30.Final/netty-handler-proxy-4.1.30.Final.jar:/root/.m2/repository/io/netty/netty-codec-socks/4.1.30.Final/netty-codec-socks-4.1.30.Final.jar:/root/.m2/repository/io/netty/netty-transport-native-epoll/4.1.30.Final/netty-transport-native-epoll-4.1.30.Final.jar:/root/.m2/repository/io/netty/netty-common/4.1.30.Final/netty-common-4.1.30.Final.jar:/root/.m2/repository/io/netty/netty-buffer/4.1.30.Final/netty-buffer-4.1.30.Final.jar:/root/.m2/repository/io/netty/netty-transport/4.1.30.Final/netty-transport-4.1.30.Final.jar:/root/.m2/repository/io/netty/netty-resolver/4.1.30.Final/netty-resolver-4.1.30.Final.jar:/root/.m2/repository/io/netty/netty-transport-native-unix-common/4.1.30.Final/netty-transport-native-unix-common-4.1.30.Final.jar:/root/.m2/repository/io/grpc/grpc-protobuf/1.17.1/grpc-protobuf-1.17.1.jar:/root/.m2/repository/com/google/api/grpc/proto-google-common-protos/1.0.0/proto-google-common-protos-1.0.0.jar:/root/.m2/repository/io/grpc/grpc-protobuf-lite/1.17.1/grpc-protobuf-lite-1.17.1.jar:/root/.m2/repository/io/grpc/grpc-stub/1.17.1/grpc-stub-1.17.1.jar:/root/.m2/repository/org/apache/hadoop/hadoop-ozone-recon/0.5.0-SNAPSHOT/hadoop-ozone-recon-0.5.0-SNAPSHOT.jar:/root/.m2/repository/org/apache/hadoop/hadoop-ozone-reconcodegen/0.5.0-SNAPSHOT/hadoop-ozone-reconcodegen-0.5.0-SNAPSHOT.jar:/root/.m2/repository/com/google/inject/extensions/guice-multibindings/4.0/guice-multibindings-4.0.jar:/root/.m2/repository/com/google/inject/guice/4.0/guice-4.0.jar:/root/.m2/repository/aopalliance/aopalliance/1.0/aopalliance-1.0.jar:/root/.m2/repository/com/google/inject/extensions/guice-servlet/4.0/guice-servlet-4.0.jar:/root/.m2/repository/org/glassfish/jersey/containers/jersey-container-servlet/2.27/jersey-container-servlet-2.27.jar:/root/.m2/repository/org/glassfish/hk2/guice-bridge/2.5.0/guice-bridge-2.5.0.jar:/root/.m2/repository/org/glassfish/jersey/core/jersey-server/2.27/jersey-server-2.27.jar:/root/.m2/repository/org/glassfish/jersey/core/jersey-client/2.27/jersey-client-2.27.jar:/root/.m2/repository/org/glassfish/jersey/media/jersey-media-jaxb/2.27/jersey-media-jaxb-2.27.jar:/root/.m2/repository/javax/validation/validation-api/1.1.0.Final/validation-api-1.1.0.Final.jar:/root/.m2/repository/org/glassfish/jersey/media/jersey-media-json-jackson/2.27/jersey-media-json-jackson-2.27.jar:/root/.m2/repository/org/glassfish/jersey/ext/jersey-entity-filtering/2.27/jersey-entity-filtering-2.27.jar:/root/.m2/repository/com/google/inject/extensions/guice-assistedinject/4.0/guice-assistedinject-4.0.jar:/root/.m2/repository/org/jooq/jooq/3.11.10/jooq-3.11.10.jar:/root/.m2/repository/org/jooq/jooq-meta/3.11.10/jooq-meta-3.11.10.jar:/root/.m2/repository/org/jooq/jooq-codegen/3.11.10/jooq-codegen-3.11.10.jar:/root/.m2/repository/com/jolbox/bonecp/0.8.0.RELEASE/bonecp-0.8.0.RELEASE.jar:/root/.m2/repository/org/xerial/sqlite-jdbc/3.25.2/sqlite-jdbc-3.25.2.jar:/root/.m2/repository/org/springframework/spring-jdbc/5.1.3.RELEASE/spring-jdbc-5.1.3.RELEASE.jar:/root/.m2/repository/org/springframework/spring-beans/5.1.3.RELEASE/spring-beans-5.1.3.RELEASE.jar:/root/.m2/repository/org/springframework/spring-core/5.1.3.RELEASE/spring-core-5.1.3.RELEASE.jar:/root/.m2/repository/org/springframework/spring-jcl/5.1.3.RELEASE/spring-jcl-5.1.3.RELEASE.jar:/root/.m2/repository/org/springframework/spring-tx/5.1.3.RELEASE/spring-tx-5.1.3.RELEASE.jar:/root/.m2/repository/org/apache/hadoop/hadoop-ozone-client/0.5.0-SNAPSHOT/hadoop-ozone-client-0.5.0-SNAPSHOT.jar:/root/.m2/repository/org/apache/hadoop/hadoop-ozone-ozone-manager/0.5.0-SNAPSHOT/hadoop-ozone-ozone-manager-0.5.0-SNAPSHOT-tests.jar:/root/.m2/repository/junit/junit/4.11/junit-4.11.jar:/root/.m2/repository/org/hamcrest/hamcrest-core/1.3/hamcrest-core-1.3.jar:/root/.m2/repository/org/openjdk/jmh/jmh-core/1.19/jmh-core-1.19.jar:/root/.m2/repository/net/sf/jopt-simple/jopt-simple/4.6/jopt-simple-4.6.jar:/root/.m2/repository/org/apache/commons/commons-math3/3.1.1/commons-math3-3.1.1.jar:/root/.m2/repository/org/openjdk/jmh/jmh-generator-annprocess/1.19/jmh-generator-annprocess-1.19.jar:/root/.m2/repository/org/mockito/mockito-all/1.8.5/mockito-all-1.8.5.jar:/root/.m2/repository/org/apache/hadoop/hadoop-kms/3.2.0/hadoop-kms-3.2.0.jar:/root/.m2/repository/org/apache/hadoop/hadoop-auth/3.2.0/hadoop-auth-3.2.0.jar:/root/.m2/repository/com/nimbusds/nimbus-jose-jwt/4.41.1/nimbus-jose-jwt-4.41.1.jar:/root/.m2/repository/com/github/stephenc/jcip/jcip-annotations/1.0-1/jcip-annotations-1.0-1.jar:/root/.m2/repository/net/minidev/json-smart/2.3/json-smart-2.3.jar:/root/.m2/repository/net/minidev/accessors-smart/1.2/accessors-smart-1.2.jar:/root/.m2/repository/org/ow2/asm/asm/5.0.4/asm-5.0.4.jar:/root/.m2/repository/org/apache/curator/curator-framework/2.12.0/curator-framework-2.12.0.jar:/root/.m2/repository/com/sun/jersey/jersey-core/1.19/jersey-core-1.19.jar:/root/.m2/repository/javax/ws/rs/jsr311-api/1.1.1/jsr311-api-1.1.1.jar:/root/.m2/repository/com/sun/jersey/jersey-server/1.19/jersey-server-1.19.jar:/root/.m2/repository/javax/servlet/javax.servlet-api/3.1.0/javax.servlet-api-3.1.0.jar:/root/.m2/repository/org/eclipse/jetty/jetty-server/9.3.24.v20180605/jetty-server-9.3.24.v20180605.jar:/root/.m2/repository/org/eclipse/jetty/jetty-http/9.3.24.v20180605/jetty-http-9.3.24.v20180605.jar:/root/.m2/repository/org/eclipse/jetty/jetty-io/9.3.24.v20180605/jetty-io-9.3.24.v20180605.jar:/root/.m2/repository/org/eclipse/jetty/jetty-webapp/9.3.24.v20180605/jetty-webapp-9.3.24.v20180605.jar:/root/.m2/repository/org/eclipse/jetty/jetty-xml/9.3.24.v20180605/jetty-xml-9.3.24.v20180605.jar:/root/.m2/repository/log4j/log4j/1.2.17/log4j-1.2.17.jar:/root/.m2/repository/org/slf4j/slf4j-api/1.7.25/slf4j-api-1.7.25.jar:/root/.m2/repository/org/slf4j/jul-to-slf4j/1.7.25/jul-to-slf4j-1.7.25.jar:/root/.m2/repository/org/eclipse/jetty/jetty-util/9.3.24.v20180605/jetty-util-9.3.24.v20180605.jar:/root/.m2/repository/io/dropwizard/metrics/metrics-core/3.2.4/metrics-core-3.2.4.jar:/root/.m2/repository/com/fasterxml/jackson/core/jackson-databind/2.9.5/jackson-databind-2.9.5.jar:/root/.m2/repository/org/apache/hadoop/hadoop-kms/3.2.0/hadoop-kms-3.2.0-tests.jar:/root/.m2/repository/org/apache/hadoop/hadoop-hdds-server-scm/0.5.0-SNAPSHOT/hadoop-hdds-server-scm-0.5.0-SNAPSHOT-tests.jar:/root/.m2/repository/org/hamcrest/hamcrest-all/1.3/hamcrest-all-1.3.jar:/root/.m2/repository/info/picocli/picocli/3.9.6/picocli-3.9.6.jar:/root/.m2/repository/org/apache/hadoop/hadoop-hdds-container-service/0.5.0-SNAPSHOT/hadoop-hdds-container-service-0.5.0-SNAPSHOT-tests.jar:/root/.m2/repository/org/yaml/snakeyaml/1.16/snakeyaml-1.16.jar:/root/.m2/repository/org/apache/hadoop/hadoop-common/3.2.0/hadoop-common-3.2.0-tests.jar:/root/.m2/repository/org/apache/hadoop/hadoop-annotations/3.2.0/hadoop-annotations-3.2.0.jar:/usr/lib/jvm/java-1.8-openjdk/jre/../lib/tools.jar:/root/.m2/repository/commons-cli/commons-cli/1.2/commons-cli-1.2.jar:/root/.m2/repository/org/apache/httpcomponents/httpclient/4.5.2/httpclient-4.5.2.jar:/root/.m2/repository/org/apache/httpcomponents/httpcore/4.4.4/httpcore-4.4.4.jar:/root/.m2/repository/commons-codec/commons-codec/1.11/commons-codec-1.11.jar:/root/.m2/repository/commons-net/commons-net/3.6/commons-net-3.6.jar:/root/.m2/repository/commons-collections/commons-collections/3.2.2/commons-collections-3.2.2.jar:/root/.m2/repository/org/eclipse/jetty/jetty-servlet/9.3.24.v20180605/jetty-servlet-9.3.24.v20180605.jar:/root/.m2/repository/org/eclipse/jetty/jetty-security/9.3.24.v20180605/jetty-security-9.3.24.v20180605.jar:/root/.m2/repository/javax/servlet/jsp/jsp-api/2.1/jsp-api-2.1.jar:/root/.m2/repository/com/sun/jersey/jersey-servlet/1.19/jersey-servlet-1.19.jar:/root/.m2/repository/com/sun/jersey/jersey-json/1.19/jersey-json-1.19.jar:/root/.m2/repository/org/codehaus/jettison/jettison/1.1/jettison-1.1.jar:/root/.m2/repository/org/codehaus/jackson/jackson-core-asl/1.9.13/jackson-core-asl-1.9.13.jar:/root/.m2/repository/org/codehaus/jackson/jackson-mapper-asl/1.9.13/jackson-mapper-asl-1.9.13.jar:/root/.m2/repository/org/codehaus/jackson/jackson-jaxrs/1.9.13/jackson-jaxrs-1.9.13.jar:/root/.m2/repository/org/codehaus/jackson/jackson-xc/1.9.13/jackson-xc-1.9.13.jar:/root/.m2/repository/commons-logging/commons-logging/1.1.3/commons-logging-1.1.3.jar:/root/.m2/repository/commons-beanutils/commons-beanutils/1.9.3/commons-beanutils-1.9.3.jar:/root/.m2/repository/org/apache/commons/commons-configuration2/2.1.1/commons-configuration2-2.1.1.jar:/root/.m2/repository/org/apache/commons/commons-lang3/3.7/commons-lang3-3.7.jar:/root/.m2/repository/org/apache/commons/commons-text/1.4/commons-text-1.4.jar:/root/.m2/repository/org/apache/avro/avro/1.7.7/avro-1.7.7.jar:/root/.m2/repository/com/thoughtworks/paranamer/paranamer/2.3/paranamer-2.3.jar:/root/.m2/repository/org/xerial/snappy/snappy-java/1.0.5/snappy-java-1.0.5.jar:/root/.m2/repository/com/google/re2j/re2j/1.1/re2j-1.1.jar:/root/.m2/repository/com/google/code/gson/gson/2.2.4/gson-2.2.4.jar:/root/.m2/repository/com/jcraft/jsch/0.1.54/jsch-0.1.54.jar:/root/.m2/repository/org/apache/curator/curator-client/2.12.0/curator-client-2.12.0.jar:/root/.m2/repository/org/apache/curator/curator-recipes/2.12.0/curator-recipes-2.12.0.jar:/root/.m2/repository/com/google/code/findbugs/jsr305/3.0.0/jsr305-3.0.0.jar:/root/.m2/repository/org/apache/htrace/htrace-core4/4.1.0-incubating/htrace-core4-4.1.0-incubating.jar:/root/.m2/repository/org/apache/zookeeper/zookeeper/3.4.13/zookeeper-3.4.13.jar:/root/.m2/repository/org/apache/yetus/audience-annotations/0.5.0/audience-annotations-0.5.0.jar:/root/.m2/repository/org/codehaus/woodstox/stax2-api/3.1.4/stax2-api-3.1.4.jar:/root/.m2/repository/com/fasterxml/woodstox/woodstox-core/5.0.3/woodstox-core-5.0.3.jar:/root/.m2/repository/dnsjava/dnsjava/2.1.7/dnsjava-2.1.7.jar:/root/.m2/repository/org/apache/hadoop/hadoop-hdfs/3.2.0/hadoop-hdfs-3.2.0-tests.jar:/root/.m2/repository/org/eclipse/jetty/jetty-util-ajax/9.3.24.v20180605/jetty-util-ajax-9.3.24.v20180605.jar:/root/.m2/repository/commons-daemon/commons-daemon/1.0.13/commons-daemon-1.0.13.jar:/root/.m2/repository/io/netty/netty/3.10.5.Final/netty-3.10.5.Final.jar:/root/.m2/repository/io/netty/netty-all/4.0.52.Final/netty-all-4.0.52.Final.jar:/root/.m2/repository/org/fusesource/leveldbjni/leveldbjni-all/1.8/leveldbjni-all-1.8.jar:"/>
    <property name="sun.cpu.endian" value="little"/>
    <property name="user.home" value="/root"/>
    <property name="user.language" value="en"/>
    <property name="java.specification.vendor" value="Oracle Corporation"/>
    <property name="java.home" value="/usr/lib/jvm/java-1.8-openjdk/jre"/>
    <property name="java.security.krb5.conf" value="/opt/src/hadoop-ozone/integration-test/target/test-classes/krb5.conf"/>
    <property name="basedir" value="/opt/src/hadoop-ozone/integration-test"/>
    <property name="file.separator" value="/"/>
    <property name="line.separator" value="&#10;"/>
    <property name="java.vm.specification.vendor" value="Oracle Corporation"/>
    <property name="java.specification.name" value="Java Platform API Specification"/>
    <property name="java.awt.graphicsenv" value="sun.awt.X11GraphicsEnvironment"/>
    <property name="surefire.real.class.path" value="/opt/src/hadoop-ozone/integration-test/target/surefire/surefirebooter624585700352769360.jar"/>
    <property name="hadoop.log.dir" value="/opt/src/hadoop-ozone/integration-test/target/log"/>
    <property name="sun.boot.class.path" value="/usr/lib/jvm/java-1.8-openjdk/jre/lib/resources.jar:/usr/lib/jvm/java-1.8-openjdk/jre/lib/rt.jar:/usr/lib/jvm/java-1.8-openjdk/jre/lib/sunrsasign.jar:/usr/lib/jvm/java-1.8-openjdk/jre/lib/jsse.jar:/usr/lib/jvm/java-1.8-openjdk/jre/lib/jce.jar:/usr/lib/jvm/java-1.8-openjdk/jre/lib/charsets.jar:/usr/lib/jvm/java-1.8-openjdk/jre/lib/jfr.jar:/usr/lib/jvm/java-1.8-openjdk/jre/classes"/>
    <property name="sun.management.compiler" value="HotSpot 64-Bit Tiered Compilers"/>
    <property name="java.runtime.version" value="1.8.0_212-b04"/>
    <property name="java.net.preferIPv4Stack" value="true"/>
    <property name="user.name" value="root"/>
    <property name="path.separator" value=":"/>
    <property name="java.security.egd" value="file:///dev/urandom"/>
    <property name="os.version" value="4.15.0-1021-aws"/>
    <property name="java.endorsed.dirs" value="/usr/lib/jvm/java-1.8-openjdk/jre/lib/endorsed"/>
    <property name="java.runtime.name" value="OpenJDK Runtime Environment"/>
    <property name="file.encoding" value="UTF-8"/>
    <property name="java.vm.name" value="OpenJDK 64-Bit Server VM"/>
    <property name="test.build.webapps" value=""/>
    <property name="localRepository" value="/root/.m2/repository"/>
    <property name="java.vendor.url.bug" value="https://icedtea.classpath.org/bugzilla"/>
    <property name="java.io.tmpdir" value="/tmp"/>
    <property name="require.test.libhadoop" value=""/>
    <property name="java.version" value="1.8.0_212"/>
    <property name="user.dir" value="/opt/src/hadoop-ozone/integration-test"/>
    <property name="os.arch" value="amd64"/>
    <property name="java.vm.specification.name" value="Java Virtual Machine Specification"/>
    <property name="test.build.classes" value="/opt/src/hadoop-ozone/integration-test/target/test-classes"/>
    <property name="java.awt.printerjob" value="sun.print.PSPrinterJob"/>
    <property name="sun.os.patch.level" value="unknown"/>
    <property name="hadoop.tmp.dir" value="/opt/src/hadoop-ozone/integration-test/target/tmp"/>
    <property name="java.library.path" value="/usr/lib/jvm/java-1.8-openjdk/jre/lib/amd64/server:/usr/lib/jvm/java-1.8-openjdk/jre/lib/amd64:/usr/lib/jvm/java-1.8-openjdk/jre/../lib/amd64:/opt/src/hadoop-ozone/integration-test/target/native/target/usr/local/lib:/opt/src/hadoop-ozone/integration-test/../../hadoop-common-project/hadoop-common/target/native/target/usr/local/lib:/usr/java/packages/lib/amd64:/usr/lib64:/lib64:/lib:/usr/lib"/>
    <property name="java.vm.info" value="mixed mode"/>
    <property name="java.vendor" value="IcedTea"/>
    <property name="java.vm.version" value="25.212-b04"/>
    <property name="java.ext.dirs" value="/usr/lib/jvm/java-1.8-openjdk/jre/lib/ext:/usr/java/packages/lib/ext"/>
    <property name="sun.io.unicode.encoding" value="UnicodeLittle"/>
    <property name="java.class.version" value="52.0"/>
  </properties>
  <testcase name="testPipelineFail" classname="org.apache.hadoop.hdds.scm.pipeline.TestNodeFailure" time="0">
    <skipped/>
    <system-out><![CDATA[2019-06-14 11:05:09,003 WARN  server.ServerUtils (ServerUtils.java:getScmDbDir(145)) - ozone.scm.db.dirs is not configured. We recommend adding this setting. Falling back to ozone.metadata.dirs instead.
2019-06-14 11:05:09,066 WARN  server.ServerUtils (ServerUtils.java:getScmDbDir(145)) - ozone.scm.db.dirs is not configured. We recommend adding this setting. Falling back to ozone.metadata.dirs instead.
2019-06-14 11:05:09,069 WARN  server.ServerUtils (ServerUtils.java:getScmDbDir(145)) - ozone.scm.db.dirs is not configured. We recommend adding this setting. Falling back to ozone.metadata.dirs instead.
2019-06-14 11:05:09,083 INFO  util.log (Log.java:initialized(192)) - Logging initialized @643ms
2019-06-14 11:05:09,165 INFO  db.DBStoreBuilder (DBStoreBuilder.java:addTable(110)) - using custom profile for table: deletedBlocks
2019-06-14 11:05:09,165 INFO  db.DBStoreBuilder (DBStoreBuilder.java:processTables(161)) - Using default column profile:DBProfile.DISK for Table:deletedBlocks
2019-06-14 11:05:09,166 INFO  db.DBStoreBuilder (DBStoreBuilder.java:addTable(110)) - using custom profile for table: validCerts
2019-06-14 11:05:09,166 INFO  db.DBStoreBuilder (DBStoreBuilder.java:processTables(161)) - Using default column profile:DBProfile.DISK for Table:validCerts
2019-06-14 11:05:09,166 INFO  db.DBStoreBuilder (DBStoreBuilder.java:addTable(110)) - using custom profile for table: revokedCerts
2019-06-14 11:05:09,167 INFO  db.DBStoreBuilder (DBStoreBuilder.java:processTables(161)) - Using default column profile:DBProfile.DISK for Table:revokedCerts
2019-06-14 11:05:09,176 INFO  db.DBStoreBuilder (DBStoreBuilder.java:addTable(110)) - using custom profile for table: default
2019-06-14 11:05:09,176 INFO  db.DBStoreBuilder (DBStoreBuilder.java:processTables(167)) - Using default column profile:DBProfile.DISK for Table:default
2019-06-14 11:05:09,177 INFO  db.DBStoreBuilder (DBStoreBuilder.java:getDbProfile(198)) - Using default options. DBProfile.DISK
2019-06-14 11:05:09,242 INFO  node.SCMNodeManager (SCMNodeManager.java:<init>(108)) - Entering startup safe mode.
2019-06-14 11:05:09,293 INFO  net.NodeSchemaLoader (NodeSchemaLoader.java:loadSchemaFromFile(125)) - Loading file from sun.misc.CompoundEnumeration@443118b0
2019-06-14 11:05:09,294 INFO  net.NodeSchemaLoader (NodeSchemaLoader.java:loadSchema(171)) - Loading network topology layer schema file
2019-06-14 11:05:09,342 WARN  server.ServerUtils (ServerUtils.java:getScmDbDir(145)) - ozone.scm.db.dirs is not configured. We recommend adding this setting. Falling back to ozone.metadata.dirs instead.
2019-06-14 11:05:09,360 INFO  pipeline.SCMPipelineManager (SCMPipelineManager.java:initializePipelineState(126)) - No pipeline exists in current db
2019-06-14 11:05:09,361 WARN  server.ServerUtils (ServerUtils.java:getScmDbDir(145)) - ozone.scm.db.dirs is not configured. We recommend adding this setting. Falling back to ozone.metadata.dirs instead.
2019-06-14 11:05:09,413 WARN  events.EventQueue (EventQueue.java:fireEvent(175)) - No event handler registered for event TypedEvent{payloadType=SafeModeStatus, name='SafeModeStatus'}
2019-06-14 11:05:09,706 INFO  ipc.CallQueueManager (CallQueueManager.java:<init>(84)) - Using callQueue: class java.util.concurrent.LinkedBlockingQueue, queueCapacity: 2000, scheduler: class org.apache.hadoop.ipc.DefaultRpcScheduler, ipcBackoff: false.
2019-06-14 11:05:09,728 INFO  ipc.Server (Server.java:run(1074)) - Starting Socket Reader #1 for port 43369
2019-06-14 11:05:09,746 INFO  ipc.CallQueueManager (CallQueueManager.java:<init>(84)) - Using callQueue: class java.util.concurrent.LinkedBlockingQueue, queueCapacity: 2000, scheduler: class org.apache.hadoop.ipc.DefaultRpcScheduler, ipcBackoff: false.
2019-06-14 11:05:09,747 INFO  ipc.Server (Server.java:run(1074)) - Starting Socket Reader #1 for port 38955
2019-06-14 11:05:09,753 INFO  ipc.CallQueueManager (CallQueueManager.java:<init>(84)) - Using callQueue: class java.util.concurrent.LinkedBlockingQueue, queueCapacity: 2000, scheduler: class org.apache.hadoop.ipc.DefaultRpcScheduler, ipcBackoff: false.
2019-06-14 11:05:09,779 INFO  ipc.Server (Server.java:run(1074)) - Starting Socket Reader #1 for port 38153
2019-06-14 11:05:09,796 INFO  hdfs.DFSUtil (DFSUtil.java:httpServerTemplateForNNAndJN(1641)) - Starting Web-server for scm at: http://0.0.0.0:0
2019-06-14 11:05:09,927 INFO  server.AuthenticationFilter (AuthenticationFilter.java:constructSecretProvider(240)) - Unable to initialize FileSignerSecretProvider, falling back to use random secrets.
2019-06-14 11:05:09,933 WARN  http.HttpRequestLog (HttpRequestLog.java:getRequestLog(97)) - Jetty request log can only be enabled using Log4j
2019-06-14 11:05:09,940 INFO  http.HttpServer2 (HttpServer2.java:addGlobalFilter(975)) - Added global filter 'safety' (class=org.apache.hadoop.http.HttpServer2$QuotingInputFilter)
2019-06-14 11:05:09,942 INFO  http.HttpServer2 (HttpServer2.java:addFilter(948)) - Added filter static_user_filter (class=org.apache.hadoop.http.lib.StaticUserWebFilter$StaticUserFilter) to context scm
2019-06-14 11:05:09,943 INFO  http.HttpServer2 (HttpServer2.java:addFilter(958)) - Added filter static_user_filter (class=org.apache.hadoop.http.lib.StaticUserWebFilter$StaticUserFilter) to context logs
2019-06-14 11:05:09,943 INFO  http.HttpServer2 (HttpServer2.java:addFilter(958)) - Added filter static_user_filter (class=org.apache.hadoop.http.lib.StaticUserWebFilter$StaticUserFilter) to context static
2019-06-14 11:05:09,964 INFO  server.StorageContainerManager (StorageContainerManager.java:start(752)) - StorageContainerLocationProtocol RPC server is listening at /0.0.0.0:38153
2019-06-14 11:05:10,015 WARN  impl.MetricsConfig (MetricsConfig.java:loadFirst(134)) - Cannot locate configuration: tried hadoop-metrics2-storagecontainermanager.properties,hadoop-metrics2.properties
2019-06-14 11:05:10,027 INFO  impl.MetricsSystemImpl (MetricsSystemImpl.java:startTimer(374)) - Scheduled Metric snapshot period at 10 second(s).
2019-06-14 11:05:10,028 INFO  impl.MetricsSystemImpl (MetricsSystemImpl.java:start(191)) - StorageContainerManager metrics system started
2019-06-14 11:05:10,228 INFO  server.SCMClientProtocolServer (SCMClientProtocolServer.java:start(149)) - RPC server for Client  is listening at /0.0.0.0:38153
2019-06-14 11:05:10,229 INFO  ipc.Server (Server.java:run(1314)) - IPC Server Responder: starting
2019-06-14 11:05:10,229 INFO  ipc.Server (Server.java:run(1153)) - IPC Server listener on 38153: starting
2019-06-14 11:05:10,232 INFO  server.StorageContainerManager (StorageContainerManager.java:start(761)) - ScmBlockLocationProtocol RPC server is listening at /0.0.0.0:38955
2019-06-14 11:05:10,232 INFO  server.SCMBlockProtocolServer (SCMBlockProtocolServer.java:start(137)) - RPC server for Block Protocol is listening at /0.0.0.0:38955
2019-06-14 11:05:10,233 INFO  ipc.Server (Server.java:run(1314)) - IPC Server Responder: starting
2019-06-14 11:05:10,233 INFO  ipc.Server (Server.java:run(1153)) - IPC Server listener on 38955: starting
2019-06-14 11:05:10,235 INFO  server.StorageContainerManager (StorageContainerManager.java:start(765)) - ScmDatanodeProtocl RPC server is listening at /0.0.0.0:43369
2019-06-14 11:05:10,235 INFO  server.SCMDatanodeProtocolServer (SCMDatanodeProtocolServer.java:start(191)) - RPC server for DataNodes is listening at /0.0.0.0:43369
2019-06-14 11:05:10,235 INFO  ipc.Server (Server.java:run(1314)) - IPC Server Responder: starting
2019-06-14 11:05:10,235 INFO  ipc.Server (Server.java:run(1153)) - IPC Server listener on 43369: starting
2019-06-14 11:05:10,238 INFO  http.HttpServer2 (HttpServer2.java:bindListener(1191)) - Jetty bound to port 35965
2019-06-14 11:05:10,239 INFO  server.Server (Server.java:doStart(351)) - jetty-9.3.24.v20180605, build timestamp: 2018-06-05T17:11:56Z, git hash: 84205aa28f11a4f31f2a3b86d1bba2cc8ab69827
2019-06-14 11:05:10,274 INFO  handler.ContextHandler (ContextHandler.java:doStart(781)) - Started o.e.j.s.ServletContextHandler@2df6226d{/logs,file:///opt/src/hadoop-ozone/integration-test/target/log,AVAILABLE}
2019-06-14 11:05:10,275 INFO  handler.ContextHandler (ContextHandler.java:doStart(781)) - Started o.e.j.s.ServletContextHandler@4ff4357f{/static,file:///opt/src/hadoop-ozone/integration-test/target/test-classes/webapps/static,AVAILABLE}
2019-06-14 11:05:10,303 INFO  handler.ContextHandler (ContextHandler.java:doStart(781)) - Started o.e.j.w.WebAppContext@2484f433{/,file:///opt/src/hadoop-ozone/integration-test/target/test-classes/webapps/scm/,AVAILABLE}{/scm}
2019-06-14 11:05:10,307 INFO  server.AbstractConnector (AbstractConnector.java:doStart(278)) - Started ServerConnector@841e575{HTTP/1.1,[http/1.1]}{0.0.0.0:35965}
2019-06-14 11:05:10,308 INFO  server.Server (Server.java:doStart(419)) - Started @1868ms
2019-06-14 11:05:10,309 INFO  server.BaseHttpServer (BaseHttpServer.java:updateConnectorAddress(207)) - HTTP server of SCM is listening at http://0.0.0.0:35965
2019-06-14 11:05:10,314 INFO  util.JvmPauseMonitor (JvmPauseMonitor.java:run(188)) - Starting JVM pause monitor
2019-06-14 11:05:10,316 WARN  scm.ScmUtils (ScmUtils.java:getDBPath(63)) - ozone.om.db.dirs is not configured. We recommend adding this setting. Falling back to ozone.metadata.dirs instead.
2019-06-14 11:05:10,398 WARN  scm.ScmUtils (ScmUtils.java:getDBPath(63)) - ozone.om.db.dirs is not configured. We recommend adding this setting. Falling back to ozone.metadata.dirs instead.
2019-06-14 11:05:10,399 INFO  om.OzoneManager (OzoneManager.java:setOMNodeDetails(519)) - OM Service ID is not set. Setting it to the default ID: omServiceIdDefault
2019-06-14 11:05:10,399 INFO  om.OzoneManager (OzoneManager.java:setOMNodeDetails(525)) - OM Node ID is not set. Setting it to the OmStorage's OmID: 8dd88681-f09d-41c4-bff9-fe40c586bf3b
2019-06-14 11:05:10,401 WARN  scm.HddsServerUtil (HddsServerUtil.java:getDefaultRatisDirectory(354)) - Storage directory for Ratis is not configured. It is a good idea to map this to an SSD disk. Falling back to ozone.metadata.dirs
2019-06-14 11:05:10,401 WARN  scm.HddsServerUtil (HddsServerUtil.java:getDefaultRatisDirectory(354)) - Storage directory for Ratis is not configured. It is a good idea to map this to an SSD disk. Falling back to ozone.metadata.dirs
2019-06-14 11:05:10,401 INFO  om.OzoneManager (OzoneManager.java:loadOMHAConfigs(476)) - Found matching OM address with OMServiceId: null, OMNodeId: null, RPC Address: localhost:0 and Ratis port: 9872
2019-06-14 11:05:10,589 WARN  scm.ScmUtils (ScmUtils.java:getDBPath(63)) - ozone.om.db.dirs is not configured. We recommend adding this setting. Falling back to ozone.metadata.dirs instead.
2019-06-14 11:05:10,596 INFO  db.DBStoreBuilder (DBStoreBuilder.java:addTable(110)) - using custom profile for table: userTable
2019-06-14 11:05:10,596 INFO  db.DBStoreBuilder (DBStoreBuilder.java:processTables(161)) - Using default column profile:DBProfile.DISK for Table:userTable
2019-06-14 11:05:10,596 INFO  db.DBStoreBuilder (DBStoreBuilder.java:addTable(110)) - using custom profile for table: volumeTable
2019-06-14 11:05:10,596 INFO  db.DBStoreBuilder (DBStoreBuilder.java:processTables(161)) - Using default column profile:DBProfile.DISK for Table:volumeTable
2019-06-14 11:05:10,597 INFO  db.DBStoreBuilder (DBStoreBuilder.java:addTable(110)) - using custom profile for table: bucketTable
2019-06-14 11:05:10,597 INFO  db.DBStoreBuilder (DBStoreBuilder.java:processTables(161)) - Using default column profile:DBProfile.DISK for Table:bucketTable
2019-06-14 11:05:10,597 INFO  db.DBStoreBuilder (DBStoreBuilder.java:addTable(110)) - using custom profile for table: keyTable
2019-06-14 11:05:10,597 INFO  db.DBStoreBuilder (DBStoreBuilder.java:processTables(161)) - Using default column profile:DBProfile.DISK for Table:keyTable
2019-06-14 11:05:10,597 INFO  db.DBStoreBuilder (DBStoreBuilder.java:addTable(110)) - using custom profile for table: deletedTable
2019-06-14 11:05:10,598 INFO  db.DBStoreBuilder (DBStoreBuilder.java:processTables(161)) - Using default column profile:DBProfile.DISK for Table:deletedTable
2019-06-14 11:05:10,598 INFO  db.DBStoreBuilder (DBStoreBuilder.java:addTable(110)) - using custom profile for table: openKeyTable
2019-06-14 11:05:10,598 INFO  db.DBStoreBuilder (DBStoreBuilder.java:processTables(161)) - Using default column profile:DBProfile.DISK for Table:openKeyTable
2019-06-14 11:05:10,598 INFO  db.DBStoreBuilder (DBStoreBuilder.java:addTable(110)) - using custom profile for table: s3Table
2019-06-14 11:05:10,598 INFO  db.DBStoreBuilder (DBStoreBuilder.java:processTables(161)) - Using default column profile:DBProfile.DISK for Table:s3Table
2019-06-14 11:05:10,599 INFO  db.DBStoreBuilder (DBStoreBuilder.java:addTable(110)) - using custom profile for table: multipartInfoTable
2019-06-14 11:05:10,599 INFO  db.DBStoreBuilder (DBStoreBuilder.java:processTables(161)) - Using default column profile:DBProfile.DISK for Table:multipartInfoTable
2019-06-14 11:05:10,599 INFO  db.DBStoreBuilder (DBStoreBuilder.java:addTable(110)) - using custom profile for table: dTokenTable
2019-06-14 11:05:10,599 INFO  db.DBStoreBuilder (DBStoreBuilder.java:processTables(161)) - Using default column profile:DBProfile.DISK for Table:dTokenTable
2019-06-14 11:05:10,600 INFO  db.DBStoreBuilder (DBStoreBuilder.java:addTable(110)) - using custom profile for table: s3SecretTable
2019-06-14 11:05:10,600 INFO  db.DBStoreBuilder (DBStoreBuilder.java:processTables(161)) - Using default column profile:DBProfile.DISK for Table:s3SecretTable
2019-06-14 11:05:10,600 INFO  db.DBStoreBuilder (DBStoreBuilder.java:addTable(110)) - using custom profile for table: prefixTable
2019-06-14 11:05:10,600 INFO  db.DBStoreBuilder (DBStoreBuilder.java:processTables(161)) - Using default column profile:DBProfile.DISK for Table:prefixTable
2019-06-14 11:05:10,601 INFO  db.DBStoreBuilder (DBStoreBuilder.java:addTable(110)) - using custom profile for table: default
2019-06-14 11:05:10,601 INFO  db.DBStoreBuilder (DBStoreBuilder.java:processTables(167)) - Using default column profile:DBProfile.DISK for Table:default
2019-06-14 11:05:10,601 INFO  db.DBStoreBuilder (DBStoreBuilder.java:getDbProfile(198)) - Using default options. DBProfile.DISK
2019-06-14 11:05:11,032 INFO  ipc.CallQueueManager (CallQueueManager.java:<init>(84)) - Using callQueue: class java.util.concurrent.LinkedBlockingQueue, queueCapacity: 2000, scheduler: class org.apache.hadoop.ipc.DefaultRpcScheduler, ipcBackoff: false.
2019-06-14 11:05:11,032 INFO  ipc.Server (Server.java:run(1074)) - Starting Socket Reader #1 for port 42313
2019-06-14 11:05:11,051 WARN  scm.ScmUtils (ScmUtils.java:getDBPath(63)) - ozone.om.db.dirs is not configured. We recommend adding this setting. Falling back to ozone.metadata.dirs instead.
2019-06-14 11:05:11,052 INFO  om.OzoneManager (OzoneManager.java:start(1217)) - OzoneManager RPC server is listening at localhost/127.0.0.1:42313
2019-06-14 11:05:11,052 INFO  impl.MetricsSystemImpl (MetricsSystemImpl.java:init(158)) - OzoneManager metrics system started (again)
2019-06-14 11:05:11,053 INFO  ipc.Server (Server.java:run(1314)) - IPC Server Responder: starting
2019-06-14 11:05:11,054 INFO  ipc.Server (Server.java:run(1153)) - IPC Server listener on 42313: starting
2019-06-14 11:05:11,072 INFO  hdfs.DFSUtil (DFSUtil.java:httpServerTemplateForNNAndJN(1641)) - Starting Web-server for ozoneManager at: http://0.0.0.0:0
2019-06-14 11:05:11,074 INFO  server.AuthenticationFilter (AuthenticationFilter.java:constructSecretProvider(240)) - Unable to initialize FileSignerSecretProvider, falling back to use random secrets.
2019-06-14 11:05:11,074 WARN  http.HttpRequestLog (HttpRequestLog.java:getRequestLog(97)) - Jetty request log can only be enabled using Log4j
2019-06-14 11:05:11,076 INFO  http.HttpServer2 (HttpServer2.java:addGlobalFilter(975)) - Added global filter 'safety' (class=org.apache.hadoop.http.HttpServer2$QuotingInputFilter)
2019-06-14 11:05:11,076 INFO  http.HttpServer2 (HttpServer2.java:addFilter(948)) - Added filter static_user_filter (class=org.apache.hadoop.http.lib.StaticUserWebFilter$StaticUserFilter) to context ozoneManager
2019-06-14 11:05:11,077 INFO  http.HttpServer2 (HttpServer2.java:addFilter(958)) - Added filter static_user_filter (class=org.apache.hadoop.http.lib.StaticUserWebFilter$StaticUserFilter) to context logs
2019-06-14 11:05:11,077 INFO  http.HttpServer2 (HttpServer2.java:addFilter(958)) - Added filter static_user_filter (class=org.apache.hadoop.http.lib.StaticUserWebFilter$StaticUserFilter) to context static
2019-06-14 11:05:11,078 INFO  http.HttpServer2 (HttpServer2.java:bindListener(1191)) - Jetty bound to port 37629
2019-06-14 11:05:11,079 INFO  server.Server (Server.java:doStart(351)) - jetty-9.3.24.v20180605, build timestamp: 2018-06-05T17:11:56Z, git hash: 84205aa28f11a4f31f2a3b86d1bba2cc8ab69827
2019-06-14 11:05:11,086 INFO  handler.ContextHandler (ContextHandler.java:doStart(781)) - Started o.e.j.s.ServletContextHandler@7c2a69b4{/logs,file:///opt/src/hadoop-ozone/integration-test/target/log,AVAILABLE}
2019-06-14 11:05:11,087 INFO  handler.ContextHandler (ContextHandler.java:doStart(781)) - Started o.e.j.s.ServletContextHandler@648ee871{/static,file:///opt/src/hadoop-ozone/integration-test/target/test-classes/webapps/static,AVAILABLE}
2019-06-14 11:05:11,090 INFO  handler.ContextHandler (ContextHandler.java:doStart(781)) - Started o.e.j.w.WebAppContext@6f012914{/,file:///opt/src/hadoop-ozone/integration-test/target/test-classes/webapps/ozoneManager/,AVAILABLE}{/ozoneManager}
2019-06-14 11:05:11,091 INFO  server.AbstractConnector (AbstractConnector.java:doStart(278)) - Started ServerConnector@18fdb6cf{HTTP/1.1,[http/1.1]}{0.0.0.0:37629}
2019-06-14 11:05:11,091 INFO  server.Server (Server.java:doStart(419)) - Started @2651ms
2019-06-14 11:05:11,092 INFO  server.BaseHttpServer (BaseHttpServer.java:updateConnectorAddress(207)) - HTTP server of OZONEMANAGER is listening at http://0.0.0.0:37629
2019-06-14 11:05:11,205 INFO  impl.MetricsSystemImpl (MetricsSystemImpl.java:init(158)) - HddsDatanode metrics system started (again)
2019-06-14 11:05:11,346 INFO  ozone.HddsDatanodeService (HddsDatanodeService.java:start(185)) - HddsDatanodeService host:ozone-h2rsg-4167039275 ip:192.168.11.221
2019-06-14 11:05:11,369 INFO  volume.HddsVolume (HddsVolume.java:<init>(176)) - Creating Volume: /opt/src/hadoop-ozone/integration-test/target/test-dir/MiniOzoneClusterImpl-38958ecb-06be-496f-91d2-c633fe1866b7/datanode-0/data/containers/hdds of  storage type : DISK and capacity : 104021790720
2019-06-14 11:05:11,370 INFO  volume.VolumeSet (VolumeSet.java:initializeVolumeSet(170)) - Added Volume : /opt/src/hadoop-ozone/integration-test/target/test-dir/MiniOzoneClusterImpl-38958ecb-06be-496f-91d2-c633fe1866b7/datanode-0/data/containers/hdds to VolumeSet
2019-06-14 11:05:11,373 INFO  volume.ThrottledAsyncChecker (ThrottledAsyncChecker.java:schedule(140)) - Scheduling a check for org.apache.hadoop.ozone.container.common.volume.HddsVolume@4a6c18ad
2019-06-14 11:05:11,387 INFO  volume.HddsVolumeChecker (HddsVolumeChecker.java:checkAllVolumes(203)) - Scheduled health check for volume org.apache.hadoop.ozone.container.common.volume.HddsVolume@4a6c18ad
2019-06-14 11:05:11,428 INFO  ratis.XceiverServerRatis (XceiverServerRatis.java:newXceiverServerRatis(401)) - Found a free port for the server : 40775
2019-06-14 11:05:11,488 INFO  impl.RaftServerProxy (ConfUtils.java:logGet(43)) - raft.rpc.type = GRPC (default)
2019-06-14 11:05:11,497 INFO  grpc.GrpcConfigKeys$Server (ConfUtils.java:logGet(43)) - raft.grpc.server.port = 40775 (custom)
2019-06-14 11:05:11,498 INFO  server.GrpcService (ConfUtils.java:logGet(43)) - raft.grpc.message.size.max = 33570816 (custom)
2019-06-14 11:05:11,499 INFO  server.RaftServerConfigKeys (ConfUtils.java:logGet(43)) - raft.server.log.appender.buffer.byte-limit = 33554432 (custom)
2019-06-14 11:05:11,500 INFO  server.GrpcService (ConfUtils.java:logGet(43)) - raft.grpc.flow.control.window = 1MB (=1048576) (default)
2019-06-14 11:05:11,501 INFO  server.RaftServerConfigKeys (ConfUtils.java:logGet(43)) - raft.server.rpc.request.timeout = 3000ms (default)
2019-06-14 11:05:11,616 INFO  server.RaftServerConfigKeys (ConfUtils.java:logGet(43)) - raft.server.storage.dir = [/opt/src/hadoop-ozone/integration-test/target/test-dir/MiniOzoneClusterImpl-38958ecb-06be-496f-91d2-c633fe1866b7/datanode-0/data/ratis] (custom)
2019-06-14 11:05:11,623 INFO  server.XceiverServerGrpc (XceiverServerGrpc.java:<init>(97)) - Found a free port for the server : 45881
2019-06-14 11:05:11,645 INFO  replication.SimpleContainerDownloader (SimpleContainerDownloader.java:<init>(72)) - Starting container downloader service to copy containers to replicate.
2019-06-14 11:05:11,654 INFO  hdfs.DFSUtil (DFSUtil.java:httpServerTemplateForNNAndJN(1641)) - Starting Web-server for hddsDatanode at: http://0.0.0.0:0
2019-06-14 11:05:11,656 INFO  server.AuthenticationFilter (AuthenticationFilter.java:constructSecretProvider(240)) - Unable to initialize FileSignerSecretProvider, falling back to use random secrets.
2019-06-14 11:05:11,656 WARN  http.HttpRequestLog (HttpRequestLog.java:getRequestLog(97)) - Jetty request log can only be enabled using Log4j
2019-06-14 11:05:11,657 INFO  http.HttpServer2 (HttpServer2.java:addGlobalFilter(975)) - Added global filter 'safety' (class=org.apache.hadoop.http.HttpServer2$QuotingInputFilter)
2019-06-14 11:05:11,658 INFO  http.HttpServer2 (HttpServer2.java:addFilter(948)) - Added filter static_user_filter (class=org.apache.hadoop.http.lib.StaticUserWebFilter$StaticUserFilter) to context hddsDatanode
2019-06-14 11:05:11,658 INFO  http.HttpServer2 (HttpServer2.java:addFilter(958)) - Added filter static_user_filter (class=org.apache.hadoop.http.lib.StaticUserWebFilter$StaticUserFilter) to context logs
2019-06-14 11:05:11,658 INFO  http.HttpServer2 (HttpServer2.java:addFilter(958)) - Added filter static_user_filter (class=org.apache.hadoop.http.lib.StaticUserWebFilter$StaticUserFilter) to context static
2019-06-14 11:05:11,659 INFO  http.HttpServer2 (HttpServer2.java:bindListener(1191)) - Jetty bound to port 34145
2019-06-14 11:05:11,659 INFO  server.Server (Server.java:doStart(351)) - jetty-9.3.24.v20180605, build timestamp: 2018-06-05T17:11:56Z, git hash: 84205aa28f11a4f31f2a3b86d1bba2cc8ab69827
2019-06-14 11:05:11,661 INFO  handler.ContextHandler (ContextHandler.java:doStart(781)) - Started o.e.j.s.ServletContextHandler@2e51d054{/logs,file:///opt/src/hadoop-ozone/integration-test/target/log,AVAILABLE}
2019-06-14 11:05:11,661 INFO  handler.ContextHandler (ContextHandler.java:doStart(781)) - Started o.e.j.s.ServletContextHandler@615e3f51{/static,jar:file:/root/.m2/repository/org/apache/hadoop/hadoop-hdds-container-service/0.5.0-SNAPSHOT/hadoop-hdds-container-service-0.5.0-SNAPSHOT.jar!/webapps/static,AVAILABLE}
2019-06-14 11:05:11,685 INFO  handler.ContextHandler (ContextHandler.java:doStart(781)) - Started o.e.j.w.WebAppContext@5e1fc2aa{/,file:///tmp/jetty-0.0.0.0-34145-hddsDatanode-_-any-6830103175374697541.dir/webapp/,AVAILABLE}{/hddsDatanode}
2019-06-14 11:05:11,685 INFO  server.AbstractConnector (AbstractConnector.java:doStart(278)) - Started ServerConnector@688d411b{HTTP/1.1,[http/1.1]}{0.0.0.0:34145}
2019-06-14 11:05:11,685 INFO  server.Server (Server.java:doStart(419)) - Started @3246ms
2019-06-14 11:05:11,686 INFO  server.BaseHttpServer (BaseHttpServer.java:updateConnectorAddress(207)) - HTTP server of HDDSDATANODE is listening at http://0.0.0.0:34145
2019-06-14 11:05:12,500 INFO  ozone.HddsDatanodeService (HddsDatanodeService.java:startPlugins(396)) - Started plug-in org.apache.hadoop.ozone.web.OzoneHddsDatanodeService@30bf26df
2019-06-14 11:05:12,501 INFO  impl.MetricsSystemImpl (MetricsSystemImpl.java:init(158)) - HddsDatanode metrics system started (again)
2019-06-14 11:05:12,502 INFO  ozone.HddsDatanodeService (HddsDatanodeService.java:start(185)) - HddsDatanodeService host:ozone-h2rsg-4167039275 ip:192.168.11.221
2019-06-14 11:05:12,508 INFO  util.JvmPauseMonitor (JvmPauseMonitor.java:run(188)) - Starting JVM pause monitor
2019-06-14 11:05:12,511 INFO  volume.HddsVolume (HddsVolume.java:<init>(176)) - Creating Volume: /opt/src/hadoop-ozone/integration-test/target/test-dir/MiniOzoneClusterImpl-38958ecb-06be-496f-91d2-c633fe1866b7/datanode-1/data/containers/hdds of  storage type : DISK and capacity : 104021790720
2019-06-14 11:05:12,512 INFO  volume.VolumeSet (VolumeSet.java:initializeVolumeSet(170)) - Added Volume : /opt/src/hadoop-ozone/integration-test/target/test-dir/MiniOzoneClusterImpl-38958ecb-06be-496f-91d2-c633fe1866b7/datanode-1/data/containers/hdds to VolumeSet
2019-06-14 11:05:12,512 INFO  volume.ThrottledAsyncChecker (ThrottledAsyncChecker.java:schedule(140)) - Scheduling a check for org.apache.hadoop.ozone.container.common.volume.HddsVolume@f171912
2019-06-14 11:05:12,522 INFO  volume.HddsVolumeChecker (HddsVolumeChecker.java:checkAllVolumes(203)) - Scheduled health check for volume org.apache.hadoop.ozone.container.common.volume.HddsVolume@f171912
2019-06-14 11:05:12,535 INFO  ratis.XceiverServerRatis (XceiverServerRatis.java:newXceiverServerRatis(401)) - Found a free port for the server : 41765
2019-06-14 11:05:12,536 INFO  impl.RaftServerProxy (ConfUtils.java:logGet(43)) - raft.rpc.type = GRPC (default)
2019-06-14 11:05:12,536 INFO  grpc.GrpcConfigKeys$Server (ConfUtils.java:logGet(43)) - raft.grpc.server.port = 41765 (custom)
2019-06-14 11:05:12,536 INFO  server.GrpcService (ConfUtils.java:logGet(43)) - raft.grpc.message.size.max = 33570816 (custom)
2019-06-14 11:05:12,537 INFO  server.RaftServerConfigKeys (ConfUtils.java:logGet(43)) - raft.server.log.appender.buffer.byte-limit = 33554432 (custom)
2019-06-14 11:05:12,537 INFO  server.GrpcService (ConfUtils.java:logGet(43)) - raft.grpc.flow.control.window = 1MB (=1048576) (default)
2019-06-14 11:05:12,537 INFO  server.RaftServerConfigKeys (ConfUtils.java:logGet(43)) - raft.server.rpc.request.timeout = 3000ms (default)
2019-06-14 11:05:12,538 INFO  server.RaftServerConfigKeys (ConfUtils.java:logGet(43)) - raft.server.storage.dir = [/opt/src/hadoop-ozone/integration-test/target/test-dir/MiniOzoneClusterImpl-38958ecb-06be-496f-91d2-c633fe1866b7/datanode-1/data/ratis] (custom)
2019-06-14 11:05:12,538 INFO  server.XceiverServerGrpc (XceiverServerGrpc.java:<init>(97)) - Found a free port for the server : 43635
2019-06-14 11:05:12,538 INFO  replication.SimpleContainerDownloader (SimpleContainerDownloader.java:<init>(72)) - Starting container downloader service to copy containers to replicate.
2019-06-14 11:05:12,540 INFO  hdfs.DFSUtil (DFSUtil.java:httpServerTemplateForNNAndJN(1641)) - Starting Web-server for hddsDatanode at: http://0.0.0.0:0
2019-06-14 11:05:12,541 INFO  server.AuthenticationFilter (AuthenticationFilter.java:constructSecretProvider(240)) - Unable to initialize FileSignerSecretProvider, falling back to use random secrets.
2019-06-14 11:05:12,542 WARN  http.HttpRequestLog (HttpRequestLog.java:getRequestLog(97)) - Jetty request log can only be enabled using Log4j
2019-06-14 11:05:12,544 INFO  http.HttpServer2 (HttpServer2.java:addGlobalFilter(975)) - Added global filter 'safety' (class=org.apache.hadoop.http.HttpServer2$QuotingInputFilter)
2019-06-14 11:05:12,544 INFO  http.HttpServer2 (HttpServer2.java:addFilter(948)) - Added filter static_user_filter (class=org.apache.hadoop.http.lib.StaticUserWebFilter$StaticUserFilter) to context hddsDatanode
2019-06-14 11:05:12,545 INFO  http.HttpServer2 (HttpServer2.java:addFilter(958)) - Added filter static_user_filter (class=org.apache.hadoop.http.lib.StaticUserWebFilter$StaticUserFilter) to context logs
2019-06-14 11:05:12,545 INFO  http.HttpServer2 (HttpServer2.java:addFilter(958)) - Added filter static_user_filter (class=org.apache.hadoop.http.lib.StaticUserWebFilter$StaticUserFilter) to context static
2019-06-14 11:05:12,545 INFO  http.HttpServer2 (HttpServer2.java:bindListener(1191)) - Jetty bound to port 46065
2019-06-14 11:05:12,546 INFO  server.Server (Server.java:doStart(351)) - jetty-9.3.24.v20180605, build timestamp: 2018-06-05T17:11:56Z, git hash: 84205aa28f11a4f31f2a3b86d1bba2cc8ab69827
2019-06-14 11:05:12,548 INFO  handler.ContextHandler (ContextHandler.java:doStart(781)) - Started o.e.j.s.ServletContextHandler@18b6d3c1{/logs,file:///opt/src/hadoop-ozone/integration-test/target/log,AVAILABLE}
2019-06-14 11:05:12,549 INFO  handler.ContextHandler (ContextHandler.java:doStart(781)) - Started o.e.j.s.ServletContextHandler@3fe512d2{/static,jar:file:/root/.m2/repository/org/apache/hadoop/hadoop-hdds-container-service/0.5.0-SNAPSHOT/hadoop-hdds-container-service-0.5.0-SNAPSHOT.jar!/webapps/static,AVAILABLE}
2019-06-14 11:05:12,578 INFO  handler.ContextHandler (ContextHandler.java:doStart(781)) - Started o.e.j.w.WebAppContext@e7b265e{/,file:///tmp/jetty-0.0.0.0-46065-hddsDatanode-_-any-7330848935524013468.dir/webapp/,AVAILABLE}{/hddsDatanode}
2019-06-14 11:05:12,583 INFO  server.AbstractConnector (AbstractConnector.java:doStart(278)) - Started ServerConnector@35f9e6b4{HTTP/1.1,[http/1.1]}{0.0.0.0:46065}
2019-06-14 11:05:12,584 INFO  server.Server (Server.java:doStart(419)) - Started @4144ms
2019-06-14 11:05:12,585 INFO  server.BaseHttpServer (BaseHttpServer.java:updateConnectorAddress(207)) - HTTP server of HDDSDATANODE is listening at http://0.0.0.0:46065
2019-06-14 11:05:12,605 INFO  datanode.InitDatanodeState (InitDatanodeState.java:persistContainerDatanodeDetails(140)) - DatanodeDetails is persisted to /opt/src/hadoop-ozone/integration-test/target/test-dir/MiniOzoneClusterImpl-38958ecb-06be-496f-91d2-c633fe1866b7/datanode-0/meta/datanode.id
2019-06-14 11:05:12,727 INFO  ozone.HddsDatanodeService (HddsDatanodeService.java:startPlugins(396)) - Started plug-in org.apache.hadoop.ozone.web.OzoneHddsDatanodeService@63fd4dda
2019-06-14 11:05:12,727 INFO  impl.MetricsSystemImpl (MetricsSystemImpl.java:init(158)) - HddsDatanode metrics system started (again)
2019-06-14 11:05:12,727 INFO  ozone.HddsDatanodeService (HddsDatanodeService.java:start(185)) - HddsDatanodeService host:ozone-h2rsg-4167039275 ip:192.168.11.221
2019-06-14 11:05:12,746 INFO  util.JvmPauseMonitor (JvmPauseMonitor.java:run(188)) - Starting JVM pause monitor
2019-06-14 11:05:12,751 INFO  volume.HddsVolume (HddsVolume.java:<init>(176)) - Creating Volume: /opt/src/hadoop-ozone/integration-test/target/test-dir/MiniOzoneClusterImpl-38958ecb-06be-496f-91d2-c633fe1866b7/datanode-2/data/containers/hdds of  storage type : DISK and capacity : 104021790720
2019-06-14 11:05:12,752 INFO  volume.VolumeSet (VolumeSet.java:initializeVolumeSet(170)) - Added Volume : /opt/src/hadoop-ozone/integration-test/target/test-dir/MiniOzoneClusterImpl-38958ecb-06be-496f-91d2-c633fe1866b7/datanode-2/data/containers/hdds to VolumeSet
2019-06-14 11:05:12,752 INFO  volume.ThrottledAsyncChecker (ThrottledAsyncChecker.java:schedule(140)) - Scheduling a check for org.apache.hadoop.ozone.container.common.volume.HddsVolume@2e7af36e
2019-06-14 11:05:12,753 INFO  datanode.InitDatanodeState (InitDatanodeState.java:persistContainerDatanodeDetails(140)) - DatanodeDetails is persisted to /opt/src/hadoop-ozone/integration-test/target/test-dir/MiniOzoneClusterImpl-38958ecb-06be-496f-91d2-c633fe1866b7/datanode-1/meta/datanode.id
2019-06-14 11:05:12,756 INFO  volume.HddsVolumeChecker (HddsVolumeChecker.java:checkAllVolumes(203)) - Scheduled health check for volume org.apache.hadoop.ozone.container.common.volume.HddsVolume@2e7af36e
2019-06-14 11:05:12,767 INFO  ratis.XceiverServerRatis (XceiverServerRatis.java:newXceiverServerRatis(401)) - Found a free port for the server : 46767
2019-06-14 11:05:12,767 INFO  impl.RaftServerProxy (ConfUtils.java:logGet(43)) - raft.rpc.type = GRPC (default)
2019-06-14 11:05:12,768 INFO  grpc.GrpcConfigKeys$Server (ConfUtils.java:logGet(43)) - raft.grpc.server.port = 46767 (custom)
2019-06-14 11:05:12,768 INFO  server.GrpcService (ConfUtils.java:logGet(43)) - raft.grpc.message.size.max = 33570816 (custom)
2019-06-14 11:05:12,768 INFO  server.RaftServerConfigKeys (ConfUtils.java:logGet(43)) - raft.server.log.appender.buffer.byte-limit = 33554432 (custom)
2019-06-14 11:05:12,769 INFO  server.GrpcService (ConfUtils.java:logGet(43)) - raft.grpc.flow.control.window = 1MB (=1048576) (default)
2019-06-14 11:05:12,769 INFO  server.RaftServerConfigKeys (ConfUtils.java:logGet(43)) - raft.server.rpc.request.timeout = 3000ms (default)
2019-06-14 11:05:12,769 INFO  server.RaftServerConfigKeys (ConfUtils.java:logGet(43)) - raft.server.storage.dir = [/opt/src/hadoop-ozone/integration-test/target/test-dir/MiniOzoneClusterImpl-38958ecb-06be-496f-91d2-c633fe1866b7/datanode-2/data/ratis] (custom)
2019-06-14 11:05:12,769 INFO  server.XceiverServerGrpc (XceiverServerGrpc.java:<init>(97)) - Found a free port for the server : 45521
2019-06-14 11:05:12,770 INFO  replication.SimpleContainerDownloader (SimpleContainerDownloader.java:<init>(72)) - Starting container downloader service to copy containers to replicate.
2019-06-14 11:05:12,771 INFO  hdfs.DFSUtil (DFSUtil.java:httpServerTemplateForNNAndJN(1641)) - Starting Web-server for hddsDatanode at: http://0.0.0.0:0
2019-06-14 11:05:12,772 INFO  server.AuthenticationFilter (AuthenticationFilter.java:constructSecretProvider(240)) - Unable to initialize FileSignerSecretProvider, falling back to use random secrets.
2019-06-14 11:05:12,772 WARN  http.HttpRequestLog (HttpRequestLog.java:getRequestLog(97)) - Jetty request log can only be enabled using Log4j
2019-06-14 11:05:12,773 INFO  http.HttpServer2 (HttpServer2.java:addGlobalFilter(975)) - Added global filter 'safety' (class=org.apache.hadoop.http.HttpServer2$QuotingInputFilter)
2019-06-14 11:05:12,774 INFO  http.HttpServer2 (HttpServer2.java:addFilter(948)) - Added filter static_user_filter (class=org.apache.hadoop.http.lib.StaticUserWebFilter$StaticUserFilter) to context hddsDatanode
2019-06-14 11:05:12,774 INFO  http.HttpServer2 (HttpServer2.java:addFilter(958)) - Added filter static_user_filter (class=org.apache.hadoop.http.lib.StaticUserWebFilter$StaticUserFilter) to context static
2019-06-14 11:05:12,774 INFO  http.HttpServer2 (HttpServer2.java:addFilter(958)) - Added filter static_user_filter (class=org.apache.hadoop.http.lib.StaticUserWebFilter$StaticUserFilter) to context logs
2019-06-14 11:05:12,775 INFO  http.HttpServer2 (HttpServer2.java:bindListener(1191)) - Jetty bound to port 34321
2019-06-14 11:05:12,775 INFO  server.Server (Server.java:doStart(351)) - jetty-9.3.24.v20180605, build timestamp: 2018-06-05T17:11:56Z, git hash: 84205aa28f11a4f31f2a3b86d1bba2cc8ab69827
2019-06-14 11:05:12,776 INFO  handler.ContextHandler (ContextHandler.java:doStart(781)) - Started o.e.j.s.ServletContextHandler@674da77b{/logs,file:///opt/src/hadoop-ozone/integration-test/target/log,AVAILABLE}
2019-06-14 11:05:12,777 INFO  handler.ContextHandler (ContextHandler.java:doStart(781)) - Started o.e.j.s.ServletContextHandler@6010d0d1{/static,jar:file:/root/.m2/repository/org/apache/hadoop/hadoop-hdds-container-service/0.5.0-SNAPSHOT/hadoop-hdds-container-service-0.5.0-SNAPSHOT.jar!/webapps/static,AVAILABLE}
2019-06-14 11:05:12,797 INFO  handler.ContextHandler (ContextHandler.java:doStart(781)) - Started o.e.j.w.WebAppContext@624b523{/,file:///tmp/jetty-0.0.0.0-34321-hddsDatanode-_-any-6087069324428571556.dir/webapp/,AVAILABLE}{/hddsDatanode}
2019-06-14 11:05:12,798 INFO  server.AbstractConnector (AbstractConnector.java:doStart(278)) - Started ServerConnector@50b46e24{HTTP/1.1,[http/1.1]}{0.0.0.0:34321}
2019-06-14 11:05:12,799 INFO  server.Server (Server.java:doStart(419)) - Started @4359ms
2019-06-14 11:05:12,799 INFO  server.BaseHttpServer (BaseHttpServer.java:updateConnectorAddress(207)) - HTTP server of HDDSDATANODE is listening at http://0.0.0.0:34321
2019-06-14 11:05:12,959 INFO  ozone.HddsDatanodeService (HddsDatanodeService.java:startPlugins(396)) - Started plug-in org.apache.hadoop.ozone.web.OzoneHddsDatanodeService@662be9f7
2019-06-14 11:05:12,959 INFO  impl.MetricsSystemImpl (MetricsSystemImpl.java:init(158)) - HddsDatanode metrics system started (again)
2019-06-14 11:05:12,960 INFO  ozone.HddsDatanodeService (HddsDatanodeService.java:start(185)) - HddsDatanodeService host:ozone-h2rsg-4167039275 ip:192.168.11.221
2019-06-14 11:05:12,962 INFO  util.JvmPauseMonitor (JvmPauseMonitor.java:run(188)) - Starting JVM pause monitor
2019-06-14 11:05:12,969 INFO  datanode.InitDatanodeState (InitDatanodeState.java:persistContainerDatanodeDetails(140)) - DatanodeDetails is persisted to /opt/src/hadoop-ozone/integration-test/target/test-dir/MiniOzoneClusterImpl-38958ecb-06be-496f-91d2-c633fe1866b7/datanode-2/meta/datanode.id
2019-06-14 11:05:12,976 INFO  volume.HddsVolume (HddsVolume.java:<init>(176)) - Creating Volume: /opt/src/hadoop-ozone/integration-test/target/test-dir/MiniOzoneClusterImpl-38958ecb-06be-496f-91d2-c633fe1866b7/datanode-3/data/containers/hdds of  storage type : DISK and capacity : 104021790720
2019-06-14 11:05:12,977 INFO  volume.VolumeSet (VolumeSet.java:initializeVolumeSet(170)) - Added Volume : /opt/src/hadoop-ozone/integration-test/target/test-dir/MiniOzoneClusterImpl-38958ecb-06be-496f-91d2-c633fe1866b7/datanode-3/data/containers/hdds to VolumeSet
2019-06-14 11:05:12,977 INFO  volume.ThrottledAsyncChecker (ThrottledAsyncChecker.java:schedule(140)) - Scheduling a check for org.apache.hadoop.ozone.container.common.volume.HddsVolume@2f9dda71
2019-06-14 11:05:12,991 INFO  volume.HddsVolumeChecker (HddsVolumeChecker.java:checkAllVolumes(203)) - Scheduled health check for volume org.apache.hadoop.ozone.container.common.volume.HddsVolume@2f9dda71
2019-06-14 11:05:13,001 INFO  ratis.XceiverServerRatis (XceiverServerRatis.java:newXceiverServerRatis(401)) - Found a free port for the server : 34709
2019-06-14 11:05:13,002 INFO  impl.RaftServerProxy (ConfUtils.java:logGet(43)) - raft.rpc.type = GRPC (default)
2019-06-14 11:05:13,002 INFO  grpc.GrpcConfigKeys$Server (ConfUtils.java:logGet(43)) - raft.grpc.server.port = 34709 (custom)
2019-06-14 11:05:13,002 INFO  server.GrpcService (ConfUtils.java:logGet(43)) - raft.grpc.message.size.max = 33570816 (custom)
2019-06-14 11:05:13,002 INFO  server.RaftServerConfigKeys (ConfUtils.java:logGet(43)) - raft.server.log.appender.buffer.byte-limit = 33554432 (custom)
2019-06-14 11:05:13,002 INFO  server.GrpcService (ConfUtils.java:logGet(43)) - raft.grpc.flow.control.window = 1MB (=1048576) (default)
2019-06-14 11:05:13,003 INFO  server.RaftServerConfigKeys (ConfUtils.java:logGet(43)) - raft.server.rpc.request.timeout = 3000ms (default)
2019-06-14 11:05:13,003 INFO  server.RaftServerConfigKeys (ConfUtils.java:logGet(43)) - raft.server.storage.dir = [/opt/src/hadoop-ozone/integration-test/target/test-dir/MiniOzoneClusterImpl-38958ecb-06be-496f-91d2-c633fe1866b7/datanode-3/data/ratis] (custom)
2019-06-14 11:05:13,003 INFO  server.XceiverServerGrpc (XceiverServerGrpc.java:<init>(97)) - Found a free port for the server : 42307
2019-06-14 11:05:13,004 INFO  replication.SimpleContainerDownloader (SimpleContainerDownloader.java:<init>(72)) - Starting container downloader service to copy containers to replicate.
2019-06-14 11:05:13,006 INFO  hdfs.DFSUtil (DFSUtil.java:httpServerTemplateForNNAndJN(1641)) - Starting Web-server for hddsDatanode at: http://0.0.0.0:0
2019-06-14 11:05:13,008 INFO  server.AuthenticationFilter (AuthenticationFilter.java:constructSecretProvider(240)) - Unable to initialize FileSignerSecretProvider, falling back to use random secrets.
2019-06-14 11:05:13,010 WARN  http.HttpRequestLog (HttpRequestLog.java:getRequestLog(97)) - Jetty request log can only be enabled using Log4j
2019-06-14 11:05:13,012 INFO  http.HttpServer2 (HttpServer2.java:addGlobalFilter(975)) - Added global filter 'safety' (class=org.apache.hadoop.http.HttpServer2$QuotingInputFilter)
2019-06-14 11:05:13,012 INFO  http.HttpServer2 (HttpServer2.java:addFilter(948)) - Added filter static_user_filter (class=org.apache.hadoop.http.lib.StaticUserWebFilter$StaticUserFilter) to context hddsDatanode
2019-06-14 11:05:13,013 INFO  http.HttpServer2 (HttpServer2.java:addFilter(958)) - Added filter static_user_filter (class=org.apache.hadoop.http.lib.StaticUserWebFilter$StaticUserFilter) to context static
2019-06-14 11:05:13,013 INFO  http.HttpServer2 (HttpServer2.java:addFilter(958)) - Added filter static_user_filter (class=org.apache.hadoop.http.lib.StaticUserWebFilter$StaticUserFilter) to context logs
2019-06-14 11:05:13,014 INFO  http.HttpServer2 (HttpServer2.java:bindListener(1191)) - Jetty bound to port 45043
2019-06-14 11:05:13,015 INFO  server.Server (Server.java:doStart(351)) - jetty-9.3.24.v20180605, build timestamp: 2018-06-05T17:11:56Z, git hash: 84205aa28f11a4f31f2a3b86d1bba2cc8ab69827
2019-06-14 11:05:13,038 INFO  handler.ContextHandler (ContextHandler.java:doStart(781)) - Started o.e.j.s.ServletContextHandler@1f15e689{/logs,file:///opt/src/hadoop-ozone/integration-test/target/log,AVAILABLE}
2019-06-14 11:05:13,038 INFO  handler.ContextHandler (ContextHandler.java:doStart(781)) - Started o.e.j.s.ServletContextHandler@3ebc955b{/static,jar:file:/root/.m2/repository/org/apache/hadoop/hadoop-hdds-container-service/0.5.0-SNAPSHOT/hadoop-hdds-container-service-0.5.0-SNAPSHOT.jar!/webapps/static,AVAILABLE}
2019-06-14 11:05:13,063 INFO  handler.ContextHandler (ContextHandler.java:doStart(781)) - Started o.e.j.w.WebAppContext@9fe720a{/,file:///tmp/jetty-0.0.0.0-45043-hddsDatanode-_-any-6692557848663905495.dir/webapp/,AVAILABLE}{/hddsDatanode}
2019-06-14 11:05:13,064 INFO  server.AbstractConnector (AbstractConnector.java:doStart(278)) - Started ServerConnector@149274cb{HTTP/1.1,[http/1.1]}{0.0.0.0:45043}
2019-06-14 11:05:13,065 INFO  server.Server (Server.java:doStart(419)) - Started @4626ms
2019-06-14 11:05:13,066 INFO  server.BaseHttpServer (BaseHttpServer.java:updateConnectorAddress(207)) - HTTP server of HDDSDATANODE is listening at http://0.0.0.0:45043
2019-06-14 11:05:13,188 INFO  ozone.HddsDatanodeService (HddsDatanodeService.java:startPlugins(396)) - Started plug-in org.apache.hadoop.ozone.web.OzoneHddsDatanodeService@7aded903
2019-06-14 11:05:13,188 INFO  impl.MetricsSystemImpl (MetricsSystemImpl.java:init(158)) - HddsDatanode metrics system started (again)
2019-06-14 11:05:13,188 INFO  ozone.HddsDatanodeService (HddsDatanodeService.java:start(185)) - HddsDatanodeService host:ozone-h2rsg-4167039275 ip:192.168.11.221
2019-06-14 11:05:13,191 INFO  util.JvmPauseMonitor (JvmPauseMonitor.java:run(188)) - Starting JVM pause monitor
2019-06-14 11:05:13,194 INFO  datanode.InitDatanodeState (InitDatanodeState.java:persistContainerDatanodeDetails(140)) - DatanodeDetails is persisted to /opt/src/hadoop-ozone/integration-test/target/test-dir/MiniOzoneClusterImpl-38958ecb-06be-496f-91d2-c633fe1866b7/datanode-3/meta/datanode.id
2019-06-14 11:05:13,198 INFO  volume.HddsVolume (HddsVolume.java:<init>(176)) - Creating Volume: /opt/src/hadoop-ozone/integration-test/target/test-dir/MiniOzoneClusterImpl-38958ecb-06be-496f-91d2-c633fe1866b7/datanode-4/data/containers/hdds of  storage type : DISK and capacity : 104021790720
2019-06-14 11:05:13,198 INFO  volume.VolumeSet (VolumeSet.java:initializeVolumeSet(170)) - Added Volume : /opt/src/hadoop-ozone/integration-test/target/test-dir/MiniOzoneClusterImpl-38958ecb-06be-496f-91d2-c633fe1866b7/datanode-4/data/containers/hdds to VolumeSet
2019-06-14 11:05:13,199 INFO  volume.ThrottledAsyncChecker (ThrottledAsyncChecker.java:schedule(140)) - Scheduling a check for org.apache.hadoop.ozone.container.common.volume.HddsVolume@66f16742
2019-06-14 11:05:13,203 INFO  volume.HddsVolumeChecker (HddsVolumeChecker.java:checkAllVolumes(203)) - Scheduled health check for volume org.apache.hadoop.ozone.container.common.volume.HddsVolume@66f16742
2019-06-14 11:05:13,212 INFO  ratis.XceiverServerRatis (XceiverServerRatis.java:newXceiverServerRatis(401)) - Found a free port for the server : 40747
2019-06-14 11:05:13,214 INFO  impl.RaftServerProxy (ConfUtils.java:logGet(43)) - raft.rpc.type = GRPC (default)
2019-06-14 11:05:13,214 INFO  grpc.GrpcConfigKeys$Server (ConfUtils.java:logGet(43)) - raft.grpc.server.port = 40747 (custom)
2019-06-14 11:05:13,214 INFO  server.GrpcService (ConfUtils.java:logGet(43)) - raft.grpc.message.size.max = 33570816 (custom)
2019-06-14 11:05:13,214 INFO  server.RaftServerConfigKeys (ConfUtils.java:logGet(43)) - raft.server.log.appender.buffer.byte-limit = 33554432 (custom)
2019-06-14 11:05:13,215 INFO  server.GrpcService (ConfUtils.java:logGet(43)) - raft.grpc.flow.control.window = 1MB (=1048576) (default)
2019-06-14 11:05:13,215 INFO  server.RaftServerConfigKeys (ConfUtils.java:logGet(43)) - raft.server.rpc.request.timeout = 3000ms (default)
2019-06-14 11:05:13,215 INFO  server.RaftServerConfigKeys (ConfUtils.java:logGet(43)) - raft.server.storage.dir = [/opt/src/hadoop-ozone/integration-test/target/test-dir/MiniOzoneClusterImpl-38958ecb-06be-496f-91d2-c633fe1866b7/datanode-4/data/ratis] (custom)
2019-06-14 11:05:13,216 INFO  server.XceiverServerGrpc (XceiverServerGrpc.java:<init>(97)) - Found a free port for the server : 41273
2019-06-14 11:05:13,216 INFO  replication.SimpleContainerDownloader (SimpleContainerDownloader.java:<init>(72)) - Starting container downloader service to copy containers to replicate.
2019-06-14 11:05:13,217 INFO  hdfs.DFSUtil (DFSUtil.java:httpServerTemplateForNNAndJN(1641)) - Starting Web-server for hddsDatanode at: http://0.0.0.0:0
2019-06-14 11:05:13,218 INFO  server.AuthenticationFilter (AuthenticationFilter.java:constructSecretProvider(240)) - Unable to initialize FileSignerSecretProvider, falling back to use random secrets.
2019-06-14 11:05:13,219 WARN  http.HttpRequestLog (HttpRequestLog.java:getRequestLog(97)) - Jetty request log can only be enabled using Log4j
2019-06-14 11:05:13,220 INFO  http.HttpServer2 (HttpServer2.java:addGlobalFilter(975)) - Added global filter 'safety' (class=org.apache.hadoop.http.HttpServer2$QuotingInputFilter)
2019-06-14 11:05:13,220 INFO  http.HttpServer2 (HttpServer2.java:addFilter(948)) - Added filter static_user_filter (class=org.apache.hadoop.http.lib.StaticUserWebFilter$StaticUserFilter) to context hddsDatanode
2019-06-14 11:05:13,221 INFO  http.HttpServer2 (HttpServer2.java:addFilter(958)) - Added filter static_user_filter (class=org.apache.hadoop.http.lib.StaticUserWebFilter$StaticUserFilter) to context logs
2019-06-14 11:05:13,221 INFO  http.HttpServer2 (HttpServer2.java:addFilter(958)) - Added filter static_user_filter (class=org.apache.hadoop.http.lib.StaticUserWebFilter$StaticUserFilter) to context static
2019-06-14 11:05:13,221 INFO  http.HttpServer2 (HttpServer2.java:bindListener(1191)) - Jetty bound to port 44049
2019-06-14 11:05:13,222 INFO  server.Server (Server.java:doStart(351)) - jetty-9.3.24.v20180605, build timestamp: 2018-06-05T17:11:56Z, git hash: 84205aa28f11a4f31f2a3b86d1bba2cc8ab69827
2019-06-14 11:05:13,224 INFO  handler.ContextHandler (ContextHandler.java:doStart(781)) - Started o.e.j.s.ServletContextHandler@4ef18604{/logs,file:///opt/src/hadoop-ozone/integration-test/target/log,AVAILABLE}
2019-06-14 11:05:13,224 INFO  handler.ContextHandler (ContextHandler.java:doStart(781)) - Started o.e.j.s.ServletContextHandler@16cf8438{/static,jar:file:/root/.m2/repository/org/apache/hadoop/hadoop-hdds-container-service/0.5.0-SNAPSHOT/hadoop-hdds-container-service-0.5.0-SNAPSHOT.jar!/webapps/static,AVAILABLE}
2019-06-14 11:05:13,254 INFO  handler.ContextHandler (ContextHandler.java:doStart(781)) - Started o.e.j.w.WebAppContext@2ca3d826{/,file:///tmp/jetty-0.0.0.0-44049-hddsDatanode-_-any-2468536354169435061.dir/webapp/,AVAILABLE}{/hddsDatanode}
2019-06-14 11:05:13,255 INFO  server.AbstractConnector (AbstractConnector.java:doStart(278)) - Started ServerConnector@5d194314{HTTP/1.1,[http/1.1]}{0.0.0.0:44049}
2019-06-14 11:05:13,255 INFO  server.Server (Server.java:doStart(419)) - Started @4816ms
2019-06-14 11:05:13,256 INFO  server.BaseHttpServer (BaseHttpServer.java:updateConnectorAddress(207)) - HTTP server of HDDSDATANODE is listening at http://0.0.0.0:44049
2019-06-14 11:05:13,379 INFO  ozone.HddsDatanodeService (HddsDatanodeService.java:startPlugins(396)) - Started plug-in org.apache.hadoop.ozone.web.OzoneHddsDatanodeService@454bcbbf
2019-06-14 11:05:13,379 INFO  impl.MetricsSystemImpl (MetricsSystemImpl.java:init(158)) - HddsDatanode metrics system started (again)
2019-06-14 11:05:13,380 INFO  ozone.HddsDatanodeService (HddsDatanodeService.java:start(185)) - HddsDatanodeService host:ozone-h2rsg-4167039275 ip:192.168.11.221
2019-06-14 11:05:13,383 INFO  util.JvmPauseMonitor (JvmPauseMonitor.java:run(188)) - Starting JVM pause monitor
2019-06-14 11:05:13,384 INFO  datanode.InitDatanodeState (InitDatanodeState.java:persistContainerDatanodeDetails(140)) - DatanodeDetails is persisted to /opt/src/hadoop-ozone/integration-test/target/test-dir/MiniOzoneClusterImpl-38958ecb-06be-496f-91d2-c633fe1866b7/datanode-4/meta/datanode.id
2019-06-14 11:05:13,389 INFO  volume.HddsVolume (HddsVolume.java:<init>(176)) - Creating Volume: /opt/src/hadoop-ozone/integration-test/target/test-dir/MiniOzoneClusterImpl-38958ecb-06be-496f-91d2-c633fe1866b7/datanode-5/data/containers/hdds of  storage type : DISK and capacity : 104021790720
2019-06-14 11:05:13,390 INFO  volume.VolumeSet (VolumeSet.java:initializeVolumeSet(170)) - Added Volume : /opt/src/hadoop-ozone/integration-test/target/test-dir/MiniOzoneClusterImpl-38958ecb-06be-496f-91d2-c633fe1866b7/datanode-5/data/containers/hdds to VolumeSet
2019-06-14 11:05:13,390 INFO  volume.ThrottledAsyncChecker (ThrottledAsyncChecker.java:schedule(140)) - Scheduling a check for org.apache.hadoop.ozone.container.common.volume.HddsVolume@7ea42c82
2019-06-14 11:05:13,395 INFO  volume.HddsVolumeChecker (HddsVolumeChecker.java:checkAllVolumes(203)) - Scheduled health check for volume org.apache.hadoop.ozone.container.common.volume.HddsVolume@7ea42c82
2019-06-14 11:05:13,408 INFO  ratis.XceiverServerRatis (XceiverServerRatis.java:newXceiverServerRatis(401)) - Found a free port for the server : 45349
2019-06-14 11:05:13,409 INFO  impl.RaftServerProxy (ConfUtils.java:logGet(43)) - raft.rpc.type = GRPC (default)
2019-06-14 11:05:13,409 INFO  grpc.GrpcConfigKeys$Server (ConfUtils.java:logGet(43)) - raft.grpc.server.port = 45349 (custom)
2019-06-14 11:05:13,409 INFO  server.GrpcService (ConfUtils.java:logGet(43)) - raft.grpc.message.size.max = 33570816 (custom)
2019-06-14 11:05:13,409 INFO  server.RaftServerConfigKeys (ConfUtils.java:logGet(43)) - raft.server.log.appender.buffer.byte-limit = 33554432 (custom)
2019-06-14 11:05:13,409 INFO  server.GrpcService (ConfUtils.java:logGet(43)) - raft.grpc.flow.control.window = 1MB (=1048576) (default)
2019-06-14 11:05:13,410 INFO  server.RaftServerConfigKeys (ConfUtils.java:logGet(43)) - raft.server.rpc.request.timeout = 3000ms (default)
2019-06-14 11:05:13,410 INFO  server.RaftServerConfigKeys (ConfUtils.java:logGet(43)) - raft.server.storage.dir = [/opt/src/hadoop-ozone/integration-test/target/test-dir/MiniOzoneClusterImpl-38958ecb-06be-496f-91d2-c633fe1866b7/datanode-5/data/ratis] (custom)
2019-06-14 11:05:13,411 INFO  server.XceiverServerGrpc (XceiverServerGrpc.java:<init>(97)) - Found a free port for the server : 43551
2019-06-14 11:05:13,411 INFO  replication.SimpleContainerDownloader (SimpleContainerDownloader.java:<init>(72)) - Starting container downloader service to copy containers to replicate.
2019-06-14 11:05:13,412 INFO  hdfs.DFSUtil (DFSUtil.java:httpServerTemplateForNNAndJN(1641)) - Starting Web-server for hddsDatanode at: http://0.0.0.0:0
2019-06-14 11:05:13,413 INFO  server.AuthenticationFilter (AuthenticationFilter.java:constructSecretProvider(240)) - Unable to initialize FileSignerSecretProvider, falling back to use random secrets.
2019-06-14 11:05:13,414 WARN  http.HttpRequestLog (HttpRequestLog.java:getRequestLog(97)) - Jetty request log can only be enabled using Log4j
2019-06-14 11:05:13,415 INFO  http.HttpServer2 (HttpServer2.java:addGlobalFilter(975)) - Added global filter 'safety' (class=org.apache.hadoop.http.HttpServer2$QuotingInputFilter)
2019-06-14 11:05:13,416 INFO  http.HttpServer2 (HttpServer2.java:addFilter(948)) - Added filter static_user_filter (class=org.apache.hadoop.http.lib.StaticUserWebFilter$StaticUserFilter) to context hddsDatanode
2019-06-14 11:05:13,416 INFO  http.HttpServer2 (HttpServer2.java:addFilter(958)) - Added filter static_user_filter (class=org.apache.hadoop.http.lib.StaticUserWebFilter$StaticUserFilter) to context static
2019-06-14 11:05:13,416 INFO  http.HttpServer2 (HttpServer2.java:addFilter(958)) - Added filter static_user_filter (class=org.apache.hadoop.http.lib.StaticUserWebFilter$StaticUserFilter) to context logs
2019-06-14 11:05:13,417 INFO  http.HttpServer2 (HttpServer2.java:bindListener(1191)) - Jetty bound to port 40897
2019-06-14 11:05:13,417 INFO  server.Server (Server.java:doStart(351)) - jetty-9.3.24.v20180605, build timestamp: 2018-06-05T17:11:56Z, git hash: 84205aa28f11a4f31f2a3b86d1bba2cc8ab69827
2019-06-14 11:05:13,420 INFO  handler.ContextHandler (ContextHandler.java:doStart(781)) - Started o.e.j.s.ServletContextHandler@58a7dc4{/logs,file:///opt/src/hadoop-ozone/integration-test/target/log,AVAILABLE}
2019-06-14 11:05:13,420 INFO  handler.ContextHandler (ContextHandler.java:doStart(781)) - Started o.e.j.s.ServletContextHandler@27f71195{/static,jar:file:/root/.m2/repository/org/apache/hadoop/hadoop-hdds-container-service/0.5.0-SNAPSHOT/hadoop-hdds-container-service-0.5.0-SNAPSHOT.jar!/webapps/static,AVAILABLE}
2019-06-14 11:05:13,450 INFO  handler.ContextHandler (ContextHandler.java:doStart(781)) - Started o.e.j.w.WebAppContext@26b3c9a2{/,file:///tmp/jetty-0.0.0.0-40897-hddsDatanode-_-any-8406143704483037406.dir/webapp/,AVAILABLE}{/hddsDatanode}
2019-06-14 11:05:13,451 INFO  server.AbstractConnector (AbstractConnector.java:doStart(278)) - Started ServerConnector@241b971f{HTTP/1.1,[http/1.1]}{0.0.0.0:40897}
2019-06-14 11:05:13,451 INFO  server.Server (Server.java:doStart(419)) - Started @5012ms
2019-06-14 11:05:13,452 INFO  server.BaseHttpServer (BaseHttpServer.java:updateConnectorAddress(207)) - HTTP server of HDDSDATANODE is listening at http://0.0.0.0:40897
2019-06-14 11:05:13,586 INFO  ozone.HddsDatanodeService (HddsDatanodeService.java:startPlugins(396)) - Started plug-in org.apache.hadoop.ozone.web.OzoneHddsDatanodeService@693f2213
2019-06-14 11:05:13,587 INFO  ozone.MiniOzoneClusterImpl (MiniOzoneClusterImpl.java:lambda$waitForClusterToBeReady$0(142)) - Waiting for cluster to be ready. Got 0 of 6 DN Heartbeats.
2019-06-14 11:05:13,589 INFO  util.JvmPauseMonitor (JvmPauseMonitor.java:run(188)) - Starting JVM pause monitor
2019-06-14 11:05:13,591 INFO  datanode.InitDatanodeState (InitDatanodeState.java:persistContainerDatanodeDetails(140)) - DatanodeDetails is persisted to /opt/src/hadoop-ozone/integration-test/target/test-dir/MiniOzoneClusterImpl-38958ecb-06be-496f-91d2-c633fe1866b7/datanode-5/meta/datanode.id
2019-06-14 11:05:14,527 INFO  ozoneimpl.OzoneContainer (OzoneContainer.java:start(186)) - Attempting to start container services.
2019-06-14 11:05:14,527 INFO  ozoneimpl.OzoneContainer (OzoneContainer.java:startContainerScrub(160)) - Background container scrubber has been disabled by hdds.containerscrub.enabled
2019-06-14 11:05:14,528 INFO  ratis.XceiverServerRatis (XceiverServerRatis.java:start(418)) - Starting XceiverServerRatis b0fe9f98-13b4-4242-93c9-6ed013381635 at port 40775
2019-06-14 11:05:14,539 INFO  impl.RaftServerProxy (RaftServerProxy.java:lambda$start$3(299)) - b0fe9f98-13b4-4242-93c9-6ed013381635: start RPC server
2019-06-14 11:05:14,588 INFO  ozone.MiniOzoneClusterImpl (MiniOzoneClusterImpl.java:lambda$waitForClusterToBeReady$0(142)) - Waiting for cluster to be ready. Got 0 of 6 DN Heartbeats.
2019-06-14 11:05:14,651 INFO  server.GrpcService (GrpcService.java:startImpl(148)) - b0fe9f98-13b4-4242-93c9-6ed013381635: GrpcService started, listening on 0.0.0.0/0.0.0.0:40775
2019-06-14 11:05:14,766 INFO  ozoneimpl.OzoneContainer (OzoneContainer.java:start(186)) - Attempting to start container services.
2019-06-14 11:05:14,767 INFO  ozoneimpl.OzoneContainer (OzoneContainer.java:startContainerScrub(160)) - Background container scrubber has been disabled by hdds.containerscrub.enabled
2019-06-14 11:05:14,767 INFO  ratis.XceiverServerRatis (XceiverServerRatis.java:start(418)) - Starting XceiverServerRatis 47bae98f-7f63-447b-bf9b-8fb5fd020d63 at port 41765
2019-06-14 11:05:14,813 INFO  impl.RaftServerProxy (RaftServerProxy.java:lambda$start$3(299)) - 47bae98f-7f63-447b-bf9b-8fb5fd020d63: start RPC server
2019-06-14 11:05:14,817 INFO  server.GrpcService (GrpcService.java:startImpl(148)) - 47bae98f-7f63-447b-bf9b-8fb5fd020d63: GrpcService started, listening on 0.0.0.0/0.0.0.0:41765
2019-06-14 11:05:14,966 INFO  ozoneimpl.OzoneContainer (OzoneContainer.java:start(186)) - Attempting to start container services.
2019-06-14 11:05:14,968 INFO  ozoneimpl.OzoneContainer (OzoneContainer.java:startContainerScrub(160)) - Background container scrubber has been disabled by hdds.containerscrub.enabled
2019-06-14 11:05:14,968 INFO  ratis.XceiverServerRatis (XceiverServerRatis.java:start(418)) - Starting XceiverServerRatis f4ddd369-347a-47c6-bde9-3bd5ba8d3523 at port 46767
2019-06-14 11:05:15,055 INFO  impl.RaftServerProxy (RaftServerProxy.java:lambda$start$3(299)) - f4ddd369-347a-47c6-bde9-3bd5ba8d3523: start RPC server
2019-06-14 11:05:15,057 INFO  server.GrpcService (GrpcService.java:startImpl(148)) - f4ddd369-347a-47c6-bde9-3bd5ba8d3523: GrpcService started, listening on 0.0.0.0/0.0.0.0:46767
2019-06-14 11:05:15,195 INFO  ozoneimpl.OzoneContainer (OzoneContainer.java:start(186)) - Attempting to start container services.
2019-06-14 11:05:15,197 INFO  ozoneimpl.OzoneContainer (OzoneContainer.java:startContainerScrub(160)) - Background container scrubber has been disabled by hdds.containerscrub.enabled
2019-06-14 11:05:15,197 INFO  ratis.XceiverServerRatis (XceiverServerRatis.java:start(418)) - Starting XceiverServerRatis 4541d35f-7742-4816-9697-97874e5464e5 at port 34709
2019-06-14 11:05:15,202 INFO  impl.RaftServerProxy (RaftServerProxy.java:lambda$start$3(299)) - 4541d35f-7742-4816-9697-97874e5464e5: start RPC server
2019-06-14 11:05:15,204 INFO  server.GrpcService (GrpcService.java:startImpl(148)) - 4541d35f-7742-4816-9697-97874e5464e5: GrpcService started, listening on 0.0.0.0/0.0.0.0:34709
2019-06-14 11:05:15,388 INFO  ozoneimpl.OzoneContainer (OzoneContainer.java:start(186)) - Attempting to start container services.
2019-06-14 11:05:15,389 INFO  ozoneimpl.OzoneContainer (OzoneContainer.java:startContainerScrub(160)) - Background container scrubber has been disabled by hdds.containerscrub.enabled
2019-06-14 11:05:15,389 INFO  ratis.XceiverServerRatis (XceiverServerRatis.java:start(418)) - Starting XceiverServerRatis 108977ce-d7fb-4674-92b5-3c8dc178fbfe at port 40747
2019-06-14 11:05:15,393 INFO  impl.RaftServerProxy (RaftServerProxy.java:lambda$start$3(299)) - 108977ce-d7fb-4674-92b5-3c8dc178fbfe: start RPC server
2019-06-14 11:05:15,395 INFO  server.GrpcService (GrpcService.java:startImpl(148)) - 108977ce-d7fb-4674-92b5-3c8dc178fbfe: GrpcService started, listening on 0.0.0.0/0.0.0.0:40747
2019-06-14 11:05:15,588 INFO  ozone.MiniOzoneClusterImpl (MiniOzoneClusterImpl.java:lambda$waitForClusterToBeReady$0(142)) - Waiting for cluster to be ready. Got 0 of 6 DN Heartbeats.
2019-06-14 11:05:15,593 INFO  ozoneimpl.OzoneContainer (OzoneContainer.java:start(186)) - Attempting to start container services.
2019-06-14 11:05:15,595 INFO  ozoneimpl.OzoneContainer (OzoneContainer.java:startContainerScrub(160)) - Background container scrubber has been disabled by hdds.containerscrub.enabled
2019-06-14 11:05:15,595 INFO  ratis.XceiverServerRatis (XceiverServerRatis.java:start(418)) - Starting XceiverServerRatis 805b6827-ada1-4282-a8a1-60325c2e4001 at port 45349
2019-06-14 11:05:15,599 INFO  impl.RaftServerProxy (RaftServerProxy.java:lambda$start$3(299)) - 805b6827-ada1-4282-a8a1-60325c2e4001: start RPC server
2019-06-14 11:05:15,601 INFO  server.GrpcService (GrpcService.java:startImpl(148)) - 805b6827-ada1-4282-a8a1-60325c2e4001: GrpcService started, listening on 0.0.0.0/0.0.0.0:45349
2019-06-14 11:05:16,533 INFO  node.SCMNodeManager (SCMNodeManager.java:register(234)) - Registered Data node : b0fe9f98-13b4-4242-93c9-6ed013381635{ip: 192.168.11.221, host: ozone-h2rsg-4167039275, networkLocation: /default-rack, certSerialId: null}
2019-06-14 11:05:16,539 INFO  safemode.SCMSafeModeManager (DataNodeSafeModeRule.java:process(71)) - SCM in safe mode. 1 DataNodes registered, 1 required.
2019-06-14 11:05:16,539 INFO  safemode.SCMSafeModeManager (SCMSafeModeManager.java:validateSafeModeExitRules(177)) - ScmSafeModeManager, all rules are successfully validated
2019-06-14 11:05:16,539 INFO  safemode.SCMSafeModeManager (SCMSafeModeManager.java:exitSafeMode(193)) - SCM exiting safe mode.
2019-06-14 11:05:16,588 INFO  ozone.MiniOzoneClusterImpl (MiniOzoneClusterImpl.java:lambda$waitForClusterToBeReady$0(142)) - Waiting for cluster to be ready. Got 1 of 6 DN Heartbeats.
2019-06-14 11:05:16,748 INFO  node.SCMNodeManager (SCMNodeManager.java:register(234)) - Registered Data node : 47bae98f-7f63-447b-bf9b-8fb5fd020d63{ip: 192.168.11.221, host: ozone-h2rsg-4167039275, networkLocation: /default-rack, certSerialId: null}
2019-06-14 11:05:16,861 INFO  impl.RaftServerProxy (RaftServerProxy.java:addNew(89)) - b0fe9f98-13b4-4242-93c9-6ed013381635: addNew group-E5117468B710:[b0fe9f98-13b4-4242-93c9-6ed013381635:192.168.11.221:40775] returns group-E5117468B710:java.util.concurrent.CompletableFuture@2dd8593e[Not completed]
2019-06-14 11:05:16,866 INFO  impl.RaftServerImpl (RaftServerImpl.java:<init>(91)) - b0fe9f98-13b4-4242-93c9-6ed013381635: new RaftServerImpl for group-E5117468B710:[b0fe9f98-13b4-4242-93c9-6ed013381635:192.168.11.221:40775] with ContainerStateMachine:uninitialized
2019-06-14 11:05:16,867 INFO  server.RaftServerConfigKeys (ConfUtils.java:logGet(43)) - raft.server.rpc.timeout.min = 1s (custom)
2019-06-14 11:05:16,867 INFO  server.RaftServerConfigKeys (ConfUtils.java:logGet(43)) - raft.server.rpc.timeout.max = 1200ms (custom)
2019-06-14 11:05:16,867 INFO  server.RaftServerConfigKeys (ConfUtils.java:logGet(43)) - raft.server.rpcslowness.timeout = 10s (custom)
2019-06-14 11:05:16,868 INFO  server.RaftServerConfigKeys (ConfUtils.java:logGet(43)) - raft.server.log.appender.install.snapshot.enabled = true (default)
2019-06-14 11:05:16,872 INFO  impl.RaftServerImpl (ServerState.java:<init>(101)) - b0fe9f98-13b4-4242-93c9-6ed013381635:group-E5117468B710 ConfigurationManager, init=-1: [b0fe9f98-13b4-4242-93c9-6ed013381635:192.168.11.221:40775], old=null, confs=<EMPTY_MAP>
2019-06-14 11:05:16,873 INFO  server.RaftServerConfigKeys (ConfUtils.java:logGet(43)) - raft.server.storage.dir = [/opt/src/hadoop-ozone/integration-test/target/test-dir/MiniOzoneClusterImpl-38958ecb-06be-496f-91d2-c633fe1866b7/datanode-0/data/ratis] (custom)
2019-06-14 11:05:16,877 INFO  storage.RaftStorageDirectory (RaftStorageDirectory.java:analyzeStorage(246)) - The storage directory /opt/src/hadoop-ozone/integration-test/target/test-dir/MiniOzoneClusterImpl-38958ecb-06be-496f-91d2-c633fe1866b7/datanode-0/data/ratis/9b1393cf-cf83-4b43-b87a-e5117468b710 does not exist. Creating ...
2019-06-14 11:05:16,882 INFO  storage.RaftStorageDirectory (RaftStorageDirectory.java:tryLock(328)) - Lock on /opt/src/hadoop-ozone/integration-test/target/test-dir/MiniOzoneClusterImpl-38958ecb-06be-496f-91d2-c633fe1866b7/datanode-0/data/ratis/9b1393cf-cf83-4b43-b87a-e5117468b710/in_use.lock acquired by nodename 9993@ozone-h2rsg-4167039275
2019-06-14 11:05:16,886 INFO  storage.RaftStorage (RaftStorage.java:format(75)) - Storage directory /opt/src/hadoop-ozone/integration-test/target/test-dir/MiniOzoneClusterImpl-38958ecb-06be-496f-91d2-c633fe1866b7/datanode-0/data/ratis/9b1393cf-cf83-4b43-b87a-e5117468b710 has been successfully formatted.
2019-06-14 11:05:16,887 INFO  ratis.ContainerStateMachine (ContainerStateMachine.java:loadSnapshot(199)) - The snapshot info is null.Setting the last applied index to:(t:0, i:~)
2019-06-14 11:05:16,887 INFO  server.RaftServerConfigKeys (ConfUtils.java:logGet(43)) - raft.server.leader.election.timeout = 10s (custom)
2019-06-14 11:05:16,890 INFO  server.RaftServerConfigKeys (ConfUtils.java:logGet(43)) - raft.server.log.use.memory = false (default)
2019-06-14 11:05:16,891 INFO  server.RaftServerConfigKeys (ConfUtils.java:logGet(43)) - raft.server.log.appender.buffer.byte-limit = 33554432 (custom)
2019-06-14 11:05:17,011 INFO  server.RaftServerConfigKeys (ConfUtils.java:logGet(43)) - raft.server.log.segment.size.max = 16384 (custom)
2019-06-14 11:05:17,013 INFO  node.SCMNodeManager (SCMNodeManager.java:register(234)) - Registered Data node : f4ddd369-347a-47c6-bde9-3bd5ba8d3523{ip: 192.168.11.221, host: ozone-h2rsg-4167039275, networkLocation: /default-rack, certSerialId: null}
2019-06-14 11:05:17,017 INFO  server.RaftServerConfigKeys (ConfUtils.java:logGet(43)) - raft.server.log.segment.cache.num.max = 2 (custom)
2019-06-14 11:05:17,019 INFO  storage.RaftLogWorker (RaftLogWorker.java:<init>(123)) - new b0fe9f98-13b4-4242-93c9-6ed013381635-RaftLogWorker for Storage Directory /opt/src/hadoop-ozone/integration-test/target/test-dir/MiniOzoneClusterImpl-38958ecb-06be-496f-91d2-c633fe1866b7/datanode-0/data/ratis/9b1393cf-cf83-4b43-b87a-e5117468b710
2019-06-14 11:05:17,020 INFO  server.RaftServerConfigKeys (ConfUtils.java:logGet(43)) - raft.server.log.queue.byte-limit = 2147483647 (custom)
2019-06-14 11:05:17,020 INFO  server.RaftServerConfigKeys (ConfUtils.java:logGet(43)) - raft.server.log.queue.element-limit = 1024 (custom)
2019-06-14 11:05:17,021 INFO  server.RaftServerConfigKeys (ConfUtils.java:logGet(43)) - raft.server.log.segment.size.max = 16384 (custom)
2019-06-14 11:05:17,022 INFO  server.RaftServerConfigKeys (ConfUtils.java:logGet(43)) - raft.server.log.preallocated.size = 16384 (custom)
2019-06-14 11:05:17,022 INFO  server.RaftServerConfigKeys (ConfUtils.java:logGet(43)) - raft.server.log.write.buffer.size = 33554432 (custom)
2019-06-14 11:05:17,023 INFO  server.RaftServerConfigKeys (ConfUtils.java:logGet(43)) - raft.server.log.force.sync.num = 128 (default)
2019-06-14 11:05:17,023 INFO  server.RaftServerConfigKeys (ConfUtils.java:logGet(43)) - raft.server.log.statemachine.data.sync = true (default)
2019-06-14 11:05:17,024 INFO  server.RaftServerConfigKeys (ConfUtils.java:logGet(43)) - raft.server.log.statemachine.data.sync.timeout = 10s (default)
2019-06-14 11:05:17,024 INFO  server.RaftServerConfigKeys (ConfUtils.java:logGet(43)) - raft.server.log.statemachine.data.sync.timeout.retry = -1 (default)
2019-06-14 11:05:17,026 INFO  server.RaftServerConfigKeys (ConfUtils.java:logGet(43)) - raft.server.log.statemachine.data.caching.enabled = true (custom)
2019-06-14 11:05:17,031 INFO  server.RaftServerConfigKeys (ConfUtils.java:logGet(43)) - raft.server.snapshot.auto.trigger.enabled = true (custom)
2019-06-14 11:05:17,032 INFO  server.RaftServerConfigKeys (ConfUtils.java:logGet(43)) - raft.server.snapshot.auto.trigger.threshold = 10000 (custom)
2019-06-14 11:05:17,032 INFO  server.RaftServerConfigKeys (ConfUtils.java:logGet(43)) - raft.server.retrycache.expirytime = 600000ms (custom)
2019-06-14 11:05:17,045 INFO  impl.RaftServerImpl (RaftServerImpl.java:start(173)) - b0fe9f98-13b4-4242-93c9-6ed013381635: start group-E5117468B710
2019-06-14 11:05:17,046 INFO  impl.RaftServerImpl (RaftServerImpl.java:setRole(164)) - b0fe9f98-13b4-4242-93c9-6ed013381635:group-E5117468B710 changes role from null to FOLLOWER at term 0 for startAsFollower
2019-06-14 11:05:17,047 INFO  impl.RoleInfo (RoleInfo.java:updateAndGet(143)) - b0fe9f98-13b4-4242-93c9-6ed013381635: start FollowerState
2019-06-14 11:05:17,048 INFO  util.JmxRegister (JmxRegister.java:tryRegister(44)) - Successfully registered JMX Bean with object name Ratis:service=RaftServer,group=group-E5117468B710,id=b0fe9f98-13b4-4242-93c9-6ed013381635
2019-06-14 11:05:17,088 INFO  pipeline.PipelineStateManager (PipelineStateManager.java:addPipeline(56)) - Created pipeline Pipeline[ Id: 9b1393cf-cf83-4b43-b87a-e5117468b710, Nodes: b0fe9f98-13b4-4242-93c9-6ed013381635{ip: 192.168.11.221, host: ozone-h2rsg-4167039275, networkLocation: /default-rack, certSerialId: null}, Type:RATIS, Factor:ONE, State:OPEN]
2019-06-14 11:05:17,106 INFO  impl.RaftServerProxy (RaftServerProxy.java:addNew(89)) - 47bae98f-7f63-447b-bf9b-8fb5fd020d63: addNew group-7CCEFF883EDA:[47bae98f-7f63-447b-bf9b-8fb5fd020d63:192.168.11.221:41765] returns group-7CCEFF883EDA:java.util.concurrent.CompletableFuture@2b640fd5[Not completed]
2019-06-14 11:05:17,107 INFO  impl.RaftServerImpl (RaftServerImpl.java:<init>(91)) - 47bae98f-7f63-447b-bf9b-8fb5fd020d63: new RaftServerImpl for group-7CCEFF883EDA:[47bae98f-7f63-447b-bf9b-8fb5fd020d63:192.168.11.221:41765] with ContainerStateMachine:uninitialized
2019-06-14 11:05:17,108 INFO  server.RaftServerConfigKeys (ConfUtils.java:logGet(43)) - raft.server.rpc.timeout.min = 1s (custom)
2019-06-14 11:05:17,109 INFO  server.RaftServerConfigKeys (ConfUtils.java:logGet(43)) - raft.server.rpc.timeout.max = 1200ms (custom)
2019-06-14 11:05:17,109 INFO  server.RaftServerConfigKeys (ConfUtils.java:logGet(43)) - raft.server.rpcslowness.timeout = 10s (custom)
2019-06-14 11:05:17,109 INFO  server.RaftServerConfigKeys (ConfUtils.java:logGet(43)) - raft.server.log.appender.install.snapshot.enabled = true (default)
2019-06-14 11:05:17,109 INFO  impl.RaftServerImpl (ServerState.java:<init>(101)) - 47bae98f-7f63-447b-bf9b-8fb5fd020d63:group-7CCEFF883EDA ConfigurationManager, init=-1: [47bae98f-7f63-447b-bf9b-8fb5fd020d63:192.168.11.221:41765], old=null, confs=<EMPTY_MAP>
2019-06-14 11:05:17,109 INFO  server.RaftServerConfigKeys (ConfUtils.java:logGet(43)) - raft.server.storage.dir = [/opt/src/hadoop-ozone/integration-test/target/test-dir/MiniOzoneClusterImpl-38958ecb-06be-496f-91d2-c633fe1866b7/datanode-1/data/ratis] (custom)
2019-06-14 11:05:17,109 INFO  storage.RaftStorageDirectory (RaftStorageDirectory.java:analyzeStorage(246)) - The storage directory /opt/src/hadoop-ozone/integration-test/target/test-dir/MiniOzoneClusterImpl-38958ecb-06be-496f-91d2-c633fe1866b7/datanode-1/data/ratis/425700b1-7f50-45b1-aff9-7cceff883eda does not exist. Creating ...
2019-06-14 11:05:17,112 INFO  storage.RaftStorageDirectory (RaftStorageDirectory.java:tryLock(328)) - Lock on /opt/src/hadoop-ozone/integration-test/target/test-dir/MiniOzoneClusterImpl-38958ecb-06be-496f-91d2-c633fe1866b7/datanode-1/data/ratis/425700b1-7f50-45b1-aff9-7cceff883eda/in_use.lock acquired by nodename 9993@ozone-h2rsg-4167039275
2019-06-14 11:05:17,114 INFO  storage.RaftStorage (RaftStorage.java:format(75)) - Storage directory /opt/src/hadoop-ozone/integration-test/target/test-dir/MiniOzoneClusterImpl-38958ecb-06be-496f-91d2-c633fe1866b7/datanode-1/data/ratis/425700b1-7f50-45b1-aff9-7cceff883eda has been successfully formatted.
2019-06-14 11:05:17,114 INFO  ratis.ContainerStateMachine (ContainerStateMachine.java:loadSnapshot(199)) - The snapshot info is null.Setting the last applied index to:(t:0, i:~)
2019-06-14 11:05:17,114 INFO  server.RaftServerConfigKeys (ConfUtils.java:logGet(43)) - raft.server.leader.election.timeout = 10s (custom)
2019-06-14 11:05:17,114 INFO  server.RaftServerConfigKeys (ConfUtils.java:logGet(43)) - raft.server.log.use.memory = false (default)
2019-06-14 11:05:17,114 INFO  server.RaftServerConfigKeys (ConfUtils.java:logGet(43)) - raft.server.log.appender.buffer.byte-limit = 33554432 (custom)
2019-06-14 11:05:17,114 INFO  server.RaftServerConfigKeys (ConfUtils.java:logGet(43)) - raft.server.log.segment.size.max = 16384 (custom)
2019-06-14 11:05:17,114 INFO  server.RaftServerConfigKeys (ConfUtils.java:logGet(43)) - raft.server.log.segment.cache.num.max = 2 (custom)
2019-06-14 11:05:17,114 INFO  storage.RaftLogWorker (RaftLogWorker.java:<init>(123)) - new 47bae98f-7f63-447b-bf9b-8fb5fd020d63-RaftLogWorker for Storage Directory /opt/src/hadoop-ozone/integration-test/target/test-dir/MiniOzoneClusterImpl-38958ecb-06be-496f-91d2-c633fe1866b7/datanode-1/data/ratis/425700b1-7f50-45b1-aff9-7cceff883eda
2019-06-14 11:05:17,116 INFO  server.RaftServerConfigKeys (ConfUtils.java:logGet(43)) - raft.server.log.queue.byte-limit = 2147483647 (custom)
2019-06-14 11:05:17,116 INFO  server.RaftServerConfigKeys (ConfUtils.java:logGet(43)) - raft.server.log.queue.element-limit = 1024 (custom)
2019-06-14 11:05:17,116 INFO  server.RaftServerConfigKeys (ConfUtils.java:logGet(43)) - raft.server.log.segment.size.max = 16384 (custom)
2019-06-14 11:05:17,116 INFO  server.RaftServerConfigKeys (ConfUtils.java:logGet(43)) - raft.server.log.preallocated.size = 16384 (custom)
2019-06-14 11:05:17,116 INFO  server.RaftServerConfigKeys (ConfUtils.java:logGet(43)) - raft.server.log.write.buffer.size = 33554432 (custom)
2019-06-14 11:05:17,116 INFO  server.RaftServerConfigKeys (ConfUtils.java:logGet(43)) - raft.server.log.force.sync.num = 128 (default)
2019-06-14 11:05:17,116 INFO  server.RaftServerConfigKeys (ConfUtils.java:logGet(43)) - raft.server.log.statemachine.data.sync = true (default)
2019-06-14 11:05:17,117 INFO  server.RaftServerConfigKeys (ConfUtils.java:logGet(43)) - raft.server.log.statemachine.data.sync.timeout = 10s (default)
2019-06-14 11:05:17,117 INFO  server.RaftServerConfigKeys (ConfUtils.java:logGet(43)) - raft.server.log.statemachine.data.sync.timeout.retry = -1 (default)
2019-06-14 11:05:17,117 INFO  server.RaftServerConfigKeys (ConfUtils.java:logGet(43)) - raft.server.log.statemachine.data.caching.enabled = true (custom)
2019-06-14 11:05:17,117 INFO  server.RaftServerConfigKeys (ConfUtils.java:logGet(43)) - raft.server.snapshot.auto.trigger.enabled = true (custom)
2019-06-14 11:05:17,117 INFO  server.RaftServerConfigKeys (ConfUtils.java:logGet(43)) - raft.server.snapshot.auto.trigger.threshold = 10000 (custom)
2019-06-14 11:05:17,118 INFO  server.RaftServerConfigKeys (ConfUtils.java:logGet(43)) - raft.server.retrycache.expirytime = 600000ms (custom)
2019-06-14 11:05:17,118 INFO  impl.RaftServerImpl (RaftServerImpl.java:start(173)) - 47bae98f-7f63-447b-bf9b-8fb5fd020d63: start group-7CCEFF883EDA
2019-06-14 11:05:17,118 INFO  impl.RaftServerImpl (RaftServerImpl.java:setRole(164)) - 47bae98f-7f63-447b-bf9b-8fb5fd020d63:group-7CCEFF883EDA changes role from null to FOLLOWER at term 0 for startAsFollower
2019-06-14 11:05:17,118 INFO  impl.RoleInfo (RoleInfo.java:updateAndGet(143)) - 47bae98f-7f63-447b-bf9b-8fb5fd020d63: start FollowerState
2019-06-14 11:05:17,119 INFO  util.JmxRegister (JmxRegister.java:tryRegister(44)) - Successfully registered JMX Bean with object name Ratis:service=RaftServer,group=group-7CCEFF883EDA,id=47bae98f-7f63-447b-bf9b-8fb5fd020d63
2019-06-14 11:05:17,127 INFO  pipeline.PipelineStateManager (PipelineStateManager.java:addPipeline(56)) - Created pipeline Pipeline[ Id: 425700b1-7f50-45b1-aff9-7cceff883eda, Nodes: 47bae98f-7f63-447b-bf9b-8fb5fd020d63{ip: 192.168.11.221, host: ozone-h2rsg-4167039275, networkLocation: /default-rack, certSerialId: null}, Type:RATIS, Factor:ONE, State:OPEN]
2019-06-14 11:05:17,140 INFO  impl.RaftServerProxy (RaftServerProxy.java:addNew(89)) - f4ddd369-347a-47c6-bde9-3bd5ba8d3523: addNew group-FEEBF5072A4C:[f4ddd369-347a-47c6-bde9-3bd5ba8d3523:192.168.11.221:46767] returns group-FEEBF5072A4C:java.util.concurrent.CompletableFuture@38f540c5[Not completed]
2019-06-14 11:05:17,165 INFO  impl.RaftServerImpl (RaftServerImpl.java:<init>(91)) - f4ddd369-347a-47c6-bde9-3bd5ba8d3523: new RaftServerImpl for group-FEEBF5072A4C:[f4ddd369-347a-47c6-bde9-3bd5ba8d3523:192.168.11.221:46767] with ContainerStateMachine:uninitialized
2019-06-14 11:05:17,165 INFO  server.RaftServerConfigKeys (ConfUtils.java:logGet(43)) - raft.server.rpc.timeout.min = 1s (custom)
2019-06-14 11:05:17,165 INFO  server.RaftServerConfigKeys (ConfUtils.java:logGet(43)) - raft.server.rpc.timeout.max = 1200ms (custom)
2019-06-14 11:05:17,165 INFO  server.RaftServerConfigKeys (ConfUtils.java:logGet(43)) - raft.server.rpcslowness.timeout = 10s (custom)
2019-06-14 11:05:17,165 INFO  server.RaftServerConfigKeys (ConfUtils.java:logGet(43)) - raft.server.log.appender.install.snapshot.enabled = true (default)
2019-06-14 11:05:17,166 INFO  impl.RaftServerImpl (ServerState.java:<init>(101)) - f4ddd369-347a-47c6-bde9-3bd5ba8d3523:group-FEEBF5072A4C ConfigurationManager, init=-1: [f4ddd369-347a-47c6-bde9-3bd5ba8d3523:192.168.11.221:46767], old=null, confs=<EMPTY_MAP>
2019-06-14 11:05:17,166 INFO  server.RaftServerConfigKeys (ConfUtils.java:logGet(43)) - raft.server.storage.dir = [/opt/src/hadoop-ozone/integration-test/target/test-dir/MiniOzoneClusterImpl-38958ecb-06be-496f-91d2-c633fe1866b7/datanode-2/data/ratis] (custom)
2019-06-14 11:05:17,166 INFO  storage.RaftStorageDirectory (RaftStorageDirectory.java:analyzeStorage(246)) - The storage directory /opt/src/hadoop-ozone/integration-test/target/test-dir/MiniOzoneClusterImpl-38958ecb-06be-496f-91d2-c633fe1866b7/datanode-2/data/ratis/59287df7-165d-494f-a380-feebf5072a4c does not exist. Creating ...
2019-06-14 11:05:17,169 INFO  storage.RaftStorageDirectory (RaftStorageDirectory.java:tryLock(328)) - Lock on /opt/src/hadoop-ozone/integration-test/target/test-dir/MiniOzoneClusterImpl-38958ecb-06be-496f-91d2-c633fe1866b7/datanode-2/data/ratis/59287df7-165d-494f-a380-feebf5072a4c/in_use.lock acquired by nodename 9993@ozone-h2rsg-4167039275
2019-06-14 11:05:17,171 INFO  storage.RaftStorage (RaftStorage.java:format(75)) - Storage directory /opt/src/hadoop-ozone/integration-test/target/test-dir/MiniOzoneClusterImpl-38958ecb-06be-496f-91d2-c633fe1866b7/datanode-2/data/ratis/59287df7-165d-494f-a380-feebf5072a4c has been successfully formatted.
2019-06-14 11:05:17,172 INFO  ratis.ContainerStateMachine (ContainerStateMachine.java:loadSnapshot(199)) - The snapshot info is null.Setting the last applied index to:(t:0, i:~)
2019-06-14 11:05:17,173 INFO  server.RaftServerConfigKeys (ConfUtils.java:logGet(43)) - raft.server.leader.election.timeout = 10s (custom)
2019-06-14 11:05:17,173 INFO  server.RaftServerConfigKeys (ConfUtils.java:logGet(43)) - raft.server.log.use.memory = false (default)
2019-06-14 11:05:17,173 INFO  server.RaftServerConfigKeys (ConfUtils.java:logGet(43)) - raft.server.log.appender.buffer.byte-limit = 33554432 (custom)
2019-06-14 11:05:17,173 INFO  server.RaftServerConfigKeys (ConfUtils.java:logGet(43)) - raft.server.log.segment.size.max = 16384 (custom)
2019-06-14 11:05:17,173 INFO  server.RaftServerConfigKeys (ConfUtils.java:logGet(43)) - raft.server.log.segment.cache.num.max = 2 (custom)
2019-06-14 11:05:17,173 INFO  storage.RaftLogWorker (RaftLogWorker.java:<init>(123)) - new f4ddd369-347a-47c6-bde9-3bd5ba8d3523-RaftLogWorker for Storage Directory /opt/src/hadoop-ozone/integration-test/target/test-dir/MiniOzoneClusterImpl-38958ecb-06be-496f-91d2-c633fe1866b7/datanode-2/data/ratis/59287df7-165d-494f-a380-feebf5072a4c
2019-06-14 11:05:17,173 INFO  server.RaftServerConfigKeys (ConfUtils.java:logGet(43)) - raft.server.log.queue.byte-limit = 2147483647 (custom)
2019-06-14 11:05:17,173 INFO  server.RaftServerConfigKeys (ConfUtils.java:logGet(43)) - raft.server.log.queue.element-limit = 1024 (custom)
2019-06-14 11:05:17,174 INFO  server.RaftServerConfigKeys (ConfUtils.java:logGet(43)) - raft.server.log.segment.size.max = 16384 (custom)
2019-06-14 11:05:17,174 INFO  server.RaftServerConfigKeys (ConfUtils.java:logGet(43)) - raft.server.log.preallocated.size = 16384 (custom)
2019-06-14 11:05:17,174 INFO  server.RaftServerConfigKeys (ConfUtils.java:logGet(43)) - raft.server.log.write.buffer.size = 33554432 (custom)
2019-06-14 11:05:17,174 INFO  server.RaftServerConfigKeys (ConfUtils.java:logGet(43)) - raft.server.log.force.sync.num = 128 (default)
2019-06-14 11:05:17,174 INFO  server.RaftServerConfigKeys (ConfUtils.java:logGet(43)) - raft.server.log.statemachine.data.sync = true (default)
2019-06-14 11:05:17,174 INFO  server.RaftServerConfigKeys (ConfUtils.java:logGet(43)) - raft.server.log.statemachine.data.sync.timeout = 10s (default)
2019-06-14 11:05:17,174 INFO  server.RaftServerConfigKeys (ConfUtils.java:logGet(43)) - raft.server.log.statemachine.data.sync.timeout.retry = -1 (default)
2019-06-14 11:05:17,174 INFO  server.RaftServerConfigKeys (ConfUtils.java:logGet(43)) - raft.server.log.statemachine.data.caching.enabled = true (custom)
2019-06-14 11:05:17,174 INFO  server.RaftServerConfigKeys (ConfUtils.java:logGet(43)) - raft.server.snapshot.auto.trigger.enabled = true (custom)
2019-06-14 11:05:17,175 INFO  server.RaftServerConfigKeys (ConfUtils.java:logGet(43)) - raft.server.snapshot.auto.trigger.threshold = 10000 (custom)
2019-06-14 11:05:17,175 INFO  server.RaftServerConfigKeys (ConfUtils.java:logGet(43)) - raft.server.retrycache.expirytime = 600000ms (custom)
2019-06-14 11:05:17,175 INFO  impl.RaftServerImpl (RaftServerImpl.java:start(173)) - f4ddd369-347a-47c6-bde9-3bd5ba8d3523: start group-FEEBF5072A4C
2019-06-14 11:05:17,175 INFO  impl.RaftServerImpl (RaftServerImpl.java:setRole(164)) - f4ddd369-347a-47c6-bde9-3bd5ba8d3523:group-FEEBF5072A4C changes role from null to FOLLOWER at term 0 for startAsFollower
2019-06-14 11:05:17,175 INFO  impl.RoleInfo (RoleInfo.java:updateAndGet(143)) - f4ddd369-347a-47c6-bde9-3bd5ba8d3523: start FollowerState
2019-06-14 11:05:17,175 INFO  util.JmxRegister (JmxRegister.java:tryRegister(44)) - Successfully registered JMX Bean with object name Ratis:service=RaftServer,group=group-FEEBF5072A4C,id=f4ddd369-347a-47c6-bde9-3bd5ba8d3523
2019-06-14 11:05:17,183 INFO  pipeline.PipelineStateManager (PipelineStateManager.java:addPipeline(56)) - Created pipeline Pipeline[ Id: 59287df7-165d-494f-a380-feebf5072a4c, Nodes: f4ddd369-347a-47c6-bde9-3bd5ba8d3523{ip: 192.168.11.221, host: ozone-h2rsg-4167039275, networkLocation: /default-rack, certSerialId: null}, Type:RATIS, Factor:ONE, State:OPEN]
2019-06-14 11:05:17,200 INFO  node.SCMNodeManager (SCMNodeManager.java:register(234)) - Registered Data node : 4541d35f-7742-4816-9697-97874e5464e5{ip: 192.168.11.221, host: ozone-h2rsg-4167039275, networkLocation: /default-rack, certSerialId: null}
2019-06-14 11:05:17,219 INFO  impl.RaftServerProxy (RaftServerProxy.java:addNew(89)) - b0fe9f98-13b4-4242-93c9-6ed013381635: addNew group-F531FDAD0335:[47bae98f-7f63-447b-bf9b-8fb5fd020d63:192.168.11.221:41765, b0fe9f98-13b4-4242-93c9-6ed013381635:192.168.11.221:40775, f4ddd369-347a-47c6-bde9-3bd5ba8d3523:192.168.11.221:46767] returns group-F531FDAD0335:java.util.concurrent.CompletableFuture@401543fd[Not completed]
2019-06-14 11:05:17,220 INFO  impl.RaftServerProxy (RaftServerProxy.java:addNew(89)) - f4ddd369-347a-47c6-bde9-3bd5ba8d3523: addNew group-F531FDAD0335:[47bae98f-7f63-447b-bf9b-8fb5fd020d63:192.168.11.221:41765, b0fe9f98-13b4-4242-93c9-6ed013381635:192.168.11.221:40775, f4ddd369-347a-47c6-bde9-3bd5ba8d3523:192.168.11.221:46767] returns group-F531FDAD0335:java.util.concurrent.CompletableFuture@4d2df4d0[Not completed]
2019-06-14 11:05:17,221 INFO  impl.RaftServerProxy (RaftServerProxy.java:addNew(89)) - 47bae98f-7f63-447b-bf9b-8fb5fd020d63: addNew group-F531FDAD0335:[47bae98f-7f63-447b-bf9b-8fb5fd020d63:192.168.11.221:41765, b0fe9f98-13b4-4242-93c9-6ed013381635:192.168.11.221:40775, f4ddd369-347a-47c6-bde9-3bd5ba8d3523:192.168.11.221:46767] returns group-F531FDAD0335:java.util.concurrent.CompletableFuture@291fda8e[Not completed]
2019-06-14 11:05:17,223 INFO  impl.RaftServerImpl (RaftServerImpl.java:<init>(91)) - b0fe9f98-13b4-4242-93c9-6ed013381635: new RaftServerImpl for group-F531FDAD0335:[47bae98f-7f63-447b-bf9b-8fb5fd020d63:192.168.11.221:41765, b0fe9f98-13b4-4242-93c9-6ed013381635:192.168.11.221:40775, f4ddd369-347a-47c6-bde9-3bd5ba8d3523:192.168.11.221:46767] with ContainerStateMachine:uninitialized
2019-06-14 11:05:17,224 INFO  server.RaftServerConfigKeys (ConfUtils.java:logGet(43)) - raft.server.rpc.timeout.min = 1s (custom)
2019-06-14 11:05:17,224 INFO  server.RaftServerConfigKeys (ConfUtils.java:logGet(43)) - raft.server.rpc.timeout.max = 1200ms (custom)
2019-06-14 11:05:17,224 INFO  server.RaftServerConfigKeys (ConfUtils.java:logGet(43)) - raft.server.rpcslowness.timeout = 10s (custom)
2019-06-14 11:05:17,224 INFO  impl.RaftServerImpl (RaftServerImpl.java:<init>(91)) - 47bae98f-7f63-447b-bf9b-8fb5fd020d63: new RaftServerImpl for group-F531FDAD0335:[47bae98f-7f63-447b-bf9b-8fb5fd020d63:192.168.11.221:41765, b0fe9f98-13b4-4242-93c9-6ed013381635:192.168.11.221:40775, f4ddd369-347a-47c6-bde9-3bd5ba8d3523:192.168.11.221:46767] with ContainerStateMachine:uninitialized
2019-06-14 11:05:17,224 INFO  server.RaftServerConfigKeys (ConfUtils.java:logGet(43)) - raft.server.log.appender.install.snapshot.enabled = true (default)
2019-06-14 11:05:17,224 INFO  impl.RaftServerImpl (ServerState.java:<init>(101)) - b0fe9f98-13b4-4242-93c9-6ed013381635:group-F531FDAD0335 ConfigurationManager, init=-1: [47bae98f-7f63-447b-bf9b-8fb5fd020d63:192.168.11.221:41765, b0fe9f98-13b4-4242-93c9-6ed013381635:192.168.11.221:40775, f4ddd369-347a-47c6-bde9-3bd5ba8d3523:192.168.11.221:46767], old=null, confs=<EMPTY_MAP>
2019-06-14 11:05:17,224 INFO  impl.RaftServerImpl (RaftServerImpl.java:<init>(91)) - f4ddd369-347a-47c6-bde9-3bd5ba8d3523: new RaftServerImpl for group-F531FDAD0335:[47bae98f-7f63-447b-bf9b-8fb5fd020d63:192.168.11.221:41765, b0fe9f98-13b4-4242-93c9-6ed013381635:192.168.11.221:40775, f4ddd369-347a-47c6-bde9-3bd5ba8d3523:192.168.11.221:46767] with ContainerStateMachine:uninitialized
2019-06-14 11:05:17,224 INFO  server.RaftServerConfigKeys (ConfUtils.java:logGet(43)) - raft.server.rpc.timeout.min = 1s (custom)
2019-06-14 11:05:17,224 INFO  server.RaftServerConfigKeys (ConfUtils.java:logGet(43)) - raft.server.rpc.timeout.min = 1s (custom)
2019-06-14 11:05:17,224 INFO  server.RaftServerConfigKeys (ConfUtils.java:logGet(43)) - raft.server.storage.dir = [/opt/src/hadoop-ozone/integration-test/target/test-dir/MiniOzoneClusterImpl-38958ecb-06be-496f-91d2-c633fe1866b7/datanode-0/data/ratis] (custom)
2019-06-14 11:05:17,225 INFO  server.RaftServerConfigKeys (ConfUtils.java:logGet(43)) - raft.server.rpc.timeout.max = 1200ms (custom)
2019-06-14 11:05:17,225 INFO  server.RaftServerConfigKeys (ConfUtils.java:logGet(43)) - raft.server.rpcslowness.timeout = 10s (custom)
2019-06-14 11:05:17,225 INFO  server.RaftServerConfigKeys (ConfUtils.java:logGet(43)) - raft.server.log.appender.install.snapshot.enabled = true (default)
2019-06-14 11:05:17,224 INFO  server.RaftServerConfigKeys (ConfUtils.java:logGet(43)) - raft.server.rpc.timeout.max = 1200ms (custom)
2019-06-14 11:05:17,225 INFO  impl.RaftServerImpl (ServerState.java:<init>(101)) - f4ddd369-347a-47c6-bde9-3bd5ba8d3523:group-F531FDAD0335 ConfigurationManager, init=-1: [47bae98f-7f63-447b-bf9b-8fb5fd020d63:192.168.11.221:41765, b0fe9f98-13b4-4242-93c9-6ed013381635:192.168.11.221:40775, f4ddd369-347a-47c6-bde9-3bd5ba8d3523:192.168.11.221:46767], old=null, confs=<EMPTY_MAP>
2019-06-14 11:05:17,225 INFO  storage.RaftStorageDirectory (RaftStorageDirectory.java:analyzeStorage(246)) - The storage directory /opt/src/hadoop-ozone/integration-test/target/test-dir/MiniOzoneClusterImpl-38958ecb-06be-496f-91d2-c633fe1866b7/datanode-0/data/ratis/7934d323-4df4-4b62-9cc0-f531fdad0335 does not exist. Creating ...
2019-06-14 11:05:17,225 INFO  server.RaftServerConfigKeys (ConfUtils.java:logGet(43)) - raft.server.storage.dir = [/opt/src/hadoop-ozone/integration-test/target/test-dir/MiniOzoneClusterImpl-38958ecb-06be-496f-91d2-c633fe1866b7/datanode-2/data/ratis] (custom)
2019-06-14 11:05:17,225 INFO  storage.RaftStorageDirectory (RaftStorageDirectory.java:analyzeStorage(246)) - The storage directory /opt/src/hadoop-ozone/integration-test/target/test-dir/MiniOzoneClusterImpl-38958ecb-06be-496f-91d2-c633fe1866b7/datanode-2/data/ratis/7934d323-4df4-4b62-9cc0-f531fdad0335 does not exist. Creating ...
2019-06-14 11:05:17,225 INFO  server.RaftServerConfigKeys (ConfUtils.java:logGet(43)) - raft.server.rpcslowness.timeout = 10s (custom)
2019-06-14 11:05:17,226 INFO  server.RaftServerConfigKeys (ConfUtils.java:logGet(43)) - raft.server.log.appender.install.snapshot.enabled = true (default)
2019-06-14 11:05:17,226 INFO  impl.RaftServerImpl (ServerState.java:<init>(101)) - 47bae98f-7f63-447b-bf9b-8fb5fd020d63:group-F531FDAD0335 ConfigurationManager, init=-1: [47bae98f-7f63-447b-bf9b-8fb5fd020d63:192.168.11.221:41765, b0fe9f98-13b4-4242-93c9-6ed013381635:192.168.11.221:40775, f4ddd369-347a-47c6-bde9-3bd5ba8d3523:192.168.11.221:46767], old=null, confs=<EMPTY_MAP>
2019-06-14 11:05:17,226 INFO  server.RaftServerConfigKeys (ConfUtils.java:logGet(43)) - raft.server.storage.dir = [/opt/src/hadoop-ozone/integration-test/target/test-dir/MiniOzoneClusterImpl-38958ecb-06be-496f-91d2-c633fe1866b7/datanode-1/data/ratis] (custom)
2019-06-14 11:05:17,226 INFO  storage.RaftStorageDirectory (RaftStorageDirectory.java:analyzeStorage(246)) - The storage directory /opt/src/hadoop-ozone/integration-test/target/test-dir/MiniOzoneClusterImpl-38958ecb-06be-496f-91d2-c633fe1866b7/datanode-1/data/ratis/7934d323-4df4-4b62-9cc0-f531fdad0335 does not exist. Creating ...
2019-06-14 11:05:17,227 INFO  storage.RaftStorageDirectory (RaftStorageDirectory.java:tryLock(328)) - Lock on /opt/src/hadoop-ozone/integration-test/target/test-dir/MiniOzoneClusterImpl-38958ecb-06be-496f-91d2-c633fe1866b7/datanode-2/data/ratis/7934d323-4df4-4b62-9cc0-f531fdad0335/in_use.lock acquired by nodename 9993@ozone-h2rsg-4167039275
2019-06-14 11:05:17,227 INFO  storage.RaftStorageDirectory (RaftStorageDirectory.java:tryLock(328)) - Lock on /opt/src/hadoop-ozone/integration-test/target/test-dir/MiniOzoneClusterImpl-38958ecb-06be-496f-91d2-c633fe1866b7/datanode-0/data/ratis/7934d323-4df4-4b62-9cc0-f531fdad0335/in_use.lock acquired by nodename 9993@ozone-h2rsg-4167039275
2019-06-14 11:05:17,229 INFO  storage.RaftStorageDirectory (RaftStorageDirectory.java:tryLock(328)) - Lock on /opt/src/hadoop-ozone/integration-test/target/test-dir/MiniOzoneClusterImpl-38958ecb-06be-496f-91d2-c633fe1866b7/datanode-1/data/ratis/7934d323-4df4-4b62-9cc0-f531fdad0335/in_use.lock acquired by nodename 9993@ozone-h2rsg-4167039275
2019-06-14 11:05:17,231 INFO  storage.RaftStorage (RaftStorage.java:format(75)) - Storage directory /opt/src/hadoop-ozone/integration-test/target/test-dir/MiniOzoneClusterImpl-38958ecb-06be-496f-91d2-c633fe1866b7/datanode-0/data/ratis/7934d323-4df4-4b62-9cc0-f531fdad0335 has been successfully formatted.
2019-06-14 11:05:17,231 INFO  storage.RaftStorage (RaftStorage.java:format(75)) - Storage directory /opt/src/hadoop-ozone/integration-test/target/test-dir/MiniOzoneClusterImpl-38958ecb-06be-496f-91d2-c633fe1866b7/datanode-2/data/ratis/7934d323-4df4-4b62-9cc0-f531fdad0335 has been successfully formatted.
2019-06-14 11:05:17,231 INFO  ratis.ContainerStateMachine (ContainerStateMachine.java:loadSnapshot(199)) - The snapshot info is null.Setting the last applied index to:(t:0, i:~)
2019-06-14 11:05:17,231 INFO  ratis.ContainerStateMachine (ContainerStateMachine.java:loadSnapshot(199)) - The snapshot info is null.Setting the last applied index to:(t:0, i:~)
2019-06-14 11:05:17,231 INFO  server.RaftServerConfigKeys (ConfUtils.java:logGet(43)) - raft.server.leader.election.timeout = 10s (custom)
2019-06-14 11:05:17,231 INFO  server.RaftServerConfigKeys (ConfUtils.java:logGet(43)) - raft.server.log.use.memory = false (default)
2019-06-14 11:05:17,231 INFO  server.RaftServerConfigKeys (ConfUtils.java:logGet(43)) - raft.server.log.appender.buffer.byte-limit = 33554432 (custom)
2019-06-14 11:05:17,232 INFO  server.RaftServerConfigKeys (ConfUtils.java:logGet(43)) - raft.server.log.segment.size.max = 16384 (custom)
2019-06-14 11:05:17,232 INFO  server.RaftServerConfigKeys (ConfUtils.java:logGet(43)) - raft.server.log.segment.cache.num.max = 2 (custom)
2019-06-14 11:05:17,232 INFO  storage.RaftLogWorker (RaftLogWorker.java:<init>(123)) - new b0fe9f98-13b4-4242-93c9-6ed013381635-RaftLogWorker for Storage Directory /opt/src/hadoop-ozone/integration-test/target/test-dir/MiniOzoneClusterImpl-38958ecb-06be-496f-91d2-c633fe1866b7/datanode-0/data/ratis/7934d323-4df4-4b62-9cc0-f531fdad0335
2019-06-14 11:05:17,232 INFO  server.RaftServerConfigKeys (ConfUtils.java:logGet(43)) - raft.server.log.queue.byte-limit = 2147483647 (custom)
2019-06-14 11:05:17,232 INFO  server.RaftServerConfigKeys (ConfUtils.java:logGet(43)) - raft.server.log.queue.element-limit = 1024 (custom)
2019-06-14 11:05:17,232 INFO  server.RaftServerConfigKeys (ConfUtils.java:logGet(43)) - raft.server.log.segment.size.max = 16384 (custom)
2019-06-14 11:05:17,232 INFO  server.RaftServerConfigKeys (ConfUtils.java:logGet(43)) - raft.server.log.preallocated.size = 16384 (custom)
2019-06-14 11:05:17,232 INFO  server.RaftServerConfigKeys (ConfUtils.java:logGet(43)) - raft.server.log.write.buffer.size = 33554432 (custom)
2019-06-14 11:05:17,232 INFO  server.RaftServerConfigKeys (ConfUtils.java:logGet(43)) - raft.server.log.force.sync.num = 128 (default)
2019-06-14 11:05:17,232 INFO  server.RaftServerConfigKeys (ConfUtils.java:logGet(43)) - raft.server.log.statemachine.data.sync = true (default)
2019-06-14 11:05:17,232 INFO  server.RaftServerConfigKeys (ConfUtils.java:logGet(43)) - raft.server.log.statemachine.data.sync.timeout = 10s (default)
2019-06-14 11:05:17,233 INFO  server.RaftServerConfigKeys (ConfUtils.java:logGet(43)) - raft.server.log.statemachine.data.sync.timeout.retry = -1 (default)
2019-06-14 11:05:17,233 INFO  server.RaftServerConfigKeys (ConfUtils.java:logGet(43)) - raft.server.log.statemachine.data.caching.enabled = true (custom)
2019-06-14 11:05:17,231 INFO  server.RaftServerConfigKeys (ConfUtils.java:logGet(43)) - raft.server.leader.election.timeout = 10s (custom)
2019-06-14 11:05:17,231 INFO  storage.RaftStorage (RaftStorage.java:format(75)) - Storage directory /opt/src/hadoop-ozone/integration-test/target/test-dir/MiniOzoneClusterImpl-38958ecb-06be-496f-91d2-c633fe1866b7/datanode-1/data/ratis/7934d323-4df4-4b62-9cc0-f531fdad0335 has been successfully formatted.
2019-06-14 11:05:17,233 INFO  server.RaftServerConfigKeys (ConfUtils.java:logGet(43)) - raft.server.snapshot.auto.trigger.enabled = true (custom)
2019-06-14 11:05:17,233 INFO  ratis.ContainerStateMachine (ContainerStateMachine.java:loadSnapshot(199)) - The snapshot info is null.Setting the last applied index to:(t:0, i:~)
2019-06-14 11:05:17,233 INFO  server.RaftServerConfigKeys (ConfUtils.java:logGet(43)) - raft.server.log.use.memory = false (default)
2019-06-14 11:05:17,233 INFO  server.RaftServerConfigKeys (ConfUtils.java:logGet(43)) - raft.server.log.appender.buffer.byte-limit = 33554432 (custom)
2019-06-14 11:05:17,233 INFO  server.RaftServerConfigKeys (ConfUtils.java:logGet(43)) - raft.server.log.segment.size.max = 16384 (custom)
2019-06-14 11:05:17,233 INFO  server.RaftServerConfigKeys (ConfUtils.java:logGet(43)) - raft.server.log.segment.cache.num.max = 2 (custom)
2019-06-14 11:05:17,234 INFO  storage.RaftLogWorker (RaftLogWorker.java:<init>(123)) - new f4ddd369-347a-47c6-bde9-3bd5ba8d3523-RaftLogWorker for Storage Directory /opt/src/hadoop-ozone/integration-test/target/test-dir/MiniOzoneClusterImpl-38958ecb-06be-496f-91d2-c633fe1866b7/datanode-2/data/ratis/7934d323-4df4-4b62-9cc0-f531fdad0335
2019-06-14 11:05:17,234 INFO  server.RaftServerConfigKeys (ConfUtils.java:logGet(43)) - raft.server.log.queue.byte-limit = 2147483647 (custom)
2019-06-14 11:05:17,234 INFO  server.RaftServerConfigKeys (ConfUtils.java:logGet(43)) - raft.server.log.queue.element-limit = 1024 (custom)
2019-06-14 11:05:17,234 INFO  server.RaftServerConfigKeys (ConfUtils.java:logGet(43)) - raft.server.log.segment.size.max = 16384 (custom)
2019-06-14 11:05:17,234 INFO  server.RaftServerConfigKeys (ConfUtils.java:logGet(43)) - raft.server.log.preallocated.size = 16384 (custom)
2019-06-14 11:05:17,234 INFO  server.RaftServerConfigKeys (ConfUtils.java:logGet(43)) - raft.server.log.write.buffer.size = 33554432 (custom)
2019-06-14 11:05:17,234 INFO  server.RaftServerConfigKeys (ConfUtils.java:logGet(43)) - raft.server.log.force.sync.num = 128 (default)
2019-06-14 11:05:17,234 INFO  server.RaftServerConfigKeys (ConfUtils.java:logGet(43)) - raft.server.log.statemachine.data.sync = true (default)
2019-06-14 11:05:17,234 INFO  server.RaftServerConfigKeys (ConfUtils.java:logGet(43)) - raft.server.log.statemachine.data.sync.timeout = 10s (default)
2019-06-14 11:05:17,234 INFO  server.RaftServerConfigKeys (ConfUtils.java:logGet(43)) - raft.server.log.statemachine.data.sync.timeout.retry = -1 (default)
2019-06-14 11:05:17,234 INFO  server.RaftServerConfigKeys (ConfUtils.java:logGet(43)) - raft.server.log.statemachine.data.caching.enabled = true (custom)
2019-06-14 11:05:17,233 INFO  server.RaftServerConfigKeys (ConfUtils.java:logGet(43)) - raft.server.leader.election.timeout = 10s (custom)
2019-06-14 11:05:17,233 INFO  server.RaftServerConfigKeys (ConfUtils.java:logGet(43)) - raft.server.snapshot.auto.trigger.threshold = 10000 (custom)
2019-06-14 11:05:17,235 INFO  server.RaftServerConfigKeys (ConfUtils.java:logGet(43)) - raft.server.log.use.memory = false (default)
2019-06-14 11:05:17,235 INFO  server.RaftServerConfigKeys (ConfUtils.java:logGet(43)) - raft.server.log.appender.buffer.byte-limit = 33554432 (custom)
2019-06-14 11:05:17,235 INFO  server.RaftServerConfigKeys (ConfUtils.java:logGet(43)) - raft.server.log.segment.size.max = 16384 (custom)
2019-06-14 11:05:17,235 INFO  server.RaftServerConfigKeys (ConfUtils.java:logGet(43)) - raft.server.log.segment.cache.num.max = 2 (custom)
2019-06-14 11:05:17,235 INFO  storage.RaftLogWorker (RaftLogWorker.java:<init>(123)) - new 47bae98f-7f63-447b-bf9b-8fb5fd020d63-RaftLogWorker for Storage Directory /opt/src/hadoop-ozone/integration-test/target/test-dir/MiniOzoneClusterImpl-38958ecb-06be-496f-91d2-c633fe1866b7/datanode-1/data/ratis/7934d323-4df4-4b62-9cc0-f531fdad0335
2019-06-14 11:05:17,235 INFO  server.RaftServerConfigKeys (ConfUtils.java:logGet(43)) - raft.server.log.queue.byte-limit = 2147483647 (custom)
2019-06-14 11:05:17,235 INFO  server.RaftServerConfigKeys (ConfUtils.java:logGet(43)) - raft.server.log.queue.element-limit = 1024 (custom)
2019-06-14 11:05:17,235 INFO  server.RaftServerConfigKeys (ConfUtils.java:logGet(43)) - raft.server.log.segment.size.max = 16384 (custom)
2019-06-14 11:05:17,235 INFO  server.RaftServerConfigKeys (ConfUtils.java:logGet(43)) - raft.server.log.preallocated.size = 16384 (custom)
2019-06-14 11:05:17,235 INFO  server.RaftServerConfigKeys (ConfUtils.java:logGet(43)) - raft.server.log.write.buffer.size = 33554432 (custom)
2019-06-14 11:05:17,235 INFO  server.RaftServerConfigKeys (ConfUtils.java:logGet(43)) - raft.server.log.force.sync.num = 128 (default)
2019-06-14 11:05:17,236 INFO  server.RaftServerConfigKeys (ConfUtils.java:logGet(43)) - raft.server.log.statemachine.data.sync = true (default)
2019-06-14 11:05:17,236 INFO  server.RaftServerConfigKeys (ConfUtils.java:logGet(43)) - raft.server.log.statemachine.data.sync.timeout = 10s (default)
2019-06-14 11:05:17,236 INFO  server.RaftServerConfigKeys (ConfUtils.java:logGet(43)) - raft.server.log.statemachine.data.sync.timeout.retry = -1 (default)
2019-06-14 11:05:17,241 INFO  server.RaftServerConfigKeys (ConfUtils.java:logGet(43)) - raft.server.snapshot.auto.trigger.enabled = true (custom)
2019-06-14 11:05:17,241 INFO  server.RaftServerConfigKeys (ConfUtils.java:logGet(43)) - raft.server.snapshot.auto.trigger.threshold = 10000 (custom)
2019-06-14 11:05:17,241 INFO  server.RaftServerConfigKeys (ConfUtils.java:logGet(43)) - raft.server.log.statemachine.data.caching.enabled = true (custom)
2019-06-14 11:05:17,241 INFO  server.RaftServerConfigKeys (ConfUtils.java:logGet(43)) - raft.server.retrycache.expirytime = 600000ms (custom)
2019-06-14 11:05:17,241 INFO  impl.RaftServerImpl (RaftServerImpl.java:start(173)) - f4ddd369-347a-47c6-bde9-3bd5ba8d3523: start group-F531FDAD0335
2019-06-14 11:05:17,241 INFO  impl.RaftServerImpl (RaftServerImpl.java:setRole(164)) - f4ddd369-347a-47c6-bde9-3bd5ba8d3523:group-F531FDAD0335 changes role from null to FOLLOWER at term 0 for startAsFollower
2019-06-14 11:05:17,242 INFO  server.RaftServerConfigKeys (ConfUtils.java:logGet(43)) - raft.server.retrycache.expirytime = 600000ms (custom)
2019-06-14 11:05:17,242 INFO  server.RaftServerConfigKeys (ConfUtils.java:logGet(43)) - raft.server.snapshot.auto.trigger.enabled = true (custom)
2019-06-14 11:05:17,242 INFO  impl.RoleInfo (RoleInfo.java:updateAndGet(143)) - f4ddd369-347a-47c6-bde9-3bd5ba8d3523: start FollowerState
2019-06-14 11:05:17,242 INFO  impl.RaftServerImpl (RaftServerImpl.java:start(173)) - b0fe9f98-13b4-4242-93c9-6ed013381635: start group-F531FDAD0335
2019-06-14 11:05:17,242 INFO  server.RaftServerConfigKeys (ConfUtils.java:logGet(43)) - raft.server.snapshot.auto.trigger.threshold = 10000 (custom)
2019-06-14 11:05:17,242 INFO  impl.RaftServerImpl (RaftServerImpl.java:setRole(164)) - b0fe9f98-13b4-4242-93c9-6ed013381635:group-F531FDAD0335 changes role from null to FOLLOWER at term 0 for startAsFollower
2019-06-14 11:05:17,243 INFO  util.JmxRegister (JmxRegister.java:tryRegister(44)) - Successfully registered JMX Bean with object name Ratis:service=RaftServer,group=group-F531FDAD0335,id=f4ddd369-347a-47c6-bde9-3bd5ba8d3523
2019-06-14 11:05:17,243 INFO  impl.RoleInfo (RoleInfo.java:updateAndGet(143)) - b0fe9f98-13b4-4242-93c9-6ed013381635: start FollowerState
2019-06-14 11:05:17,243 INFO  util.JmxRegister (JmxRegister.java:tryRegister(44)) - Successfully registered JMX Bean with object name Ratis:service=RaftServer,group=group-F531FDAD0335,id=b0fe9f98-13b4-4242-93c9-6ed013381635
2019-06-14 11:05:17,244 INFO  server.RaftServerConfigKeys (ConfUtils.java:logGet(43)) - raft.server.retrycache.expirytime = 600000ms (custom)
2019-06-14 11:05:17,244 INFO  impl.RaftServerImpl (RaftServerImpl.java:start(173)) - 47bae98f-7f63-447b-bf9b-8fb5fd020d63: start group-F531FDAD0335
2019-06-14 11:05:17,244 INFO  impl.RaftServerImpl (RaftServerImpl.java:setRole(164)) - 47bae98f-7f63-447b-bf9b-8fb5fd020d63:group-F531FDAD0335 changes role from null to FOLLOWER at term 0 for startAsFollower
2019-06-14 11:05:17,245 INFO  impl.RoleInfo (RoleInfo.java:updateAndGet(143)) - 47bae98f-7f63-447b-bf9b-8fb5fd020d63: start FollowerState
2019-06-14 11:05:17,248 INFO  util.JmxRegister (JmxRegister.java:tryRegister(44)) - Successfully registered JMX Bean with object name Ratis:service=RaftServer,group=group-F531FDAD0335,id=47bae98f-7f63-447b-bf9b-8fb5fd020d63
2019-06-14 11:05:17,264 INFO  pipeline.PipelineStateManager (PipelineStateManager.java:addPipeline(56)) - Created pipeline Pipeline[ Id: 7934d323-4df4-4b62-9cc0-f531fdad0335, Nodes: 47bae98f-7f63-447b-bf9b-8fb5fd020d63{ip: 192.168.11.221, host: ozone-h2rsg-4167039275, networkLocation: /default-rack, certSerialId: null}b0fe9f98-13b4-4242-93c9-6ed013381635{ip: 192.168.11.221, host: ozone-h2rsg-4167039275, networkLocation: /default-rack, certSerialId: null}f4ddd369-347a-47c6-bde9-3bd5ba8d3523{ip: 192.168.11.221, host: ozone-h2rsg-4167039275, networkLocation: /default-rack, certSerialId: null}, Type:RATIS, Factor:THREE, State:OPEN]
2019-06-14 11:05:17,278 INFO  impl.RaftServerProxy (RaftServerProxy.java:addNew(89)) - 4541d35f-7742-4816-9697-97874e5464e5: addNew group-6842CD6D3A95:[4541d35f-7742-4816-9697-97874e5464e5:192.168.11.221:34709] returns group-6842CD6D3A95:java.util.concurrent.CompletableFuture@66e52be6[Not completed]
2019-06-14 11:05:17,278 INFO  impl.RaftServerImpl (RaftServerImpl.java:<init>(91)) - 4541d35f-7742-4816-9697-97874e5464e5: new RaftServerImpl for group-6842CD6D3A95:[4541d35f-7742-4816-9697-97874e5464e5:192.168.11.221:34709] with ContainerStateMachine:uninitialized
2019-06-14 11:05:17,279 INFO  server.RaftServerConfigKeys (ConfUtils.java:logGet(43)) - raft.server.rpc.timeout.min = 1s (custom)
2019-06-14 11:05:17,279 INFO  server.RaftServerConfigKeys (ConfUtils.java:logGet(43)) - raft.server.rpc.timeout.max = 1200ms (custom)
2019-06-14 11:05:17,279 INFO  server.RaftServerConfigKeys (ConfUtils.java:logGet(43)) - raft.server.rpcslowness.timeout = 10s (custom)
2019-06-14 11:05:17,280 INFO  server.RaftServerConfigKeys (ConfUtils.java:logGet(43)) - raft.server.log.appender.install.snapshot.enabled = true (default)
2019-06-14 11:05:17,280 INFO  impl.RaftServerImpl (ServerState.java:<init>(101)) - 4541d35f-7742-4816-9697-97874e5464e5:group-6842CD6D3A95 ConfigurationManager, init=-1: [4541d35f-7742-4816-9697-97874e5464e5:192.168.11.221:34709], old=null, confs=<EMPTY_MAP>
2019-06-14 11:05:17,280 INFO  server.RaftServerConfigKeys (ConfUtils.java:logGet(43)) - raft.server.storage.dir = [/opt/src/hadoop-ozone/integration-test/target/test-dir/MiniOzoneClusterImpl-38958ecb-06be-496f-91d2-c633fe1866b7/datanode-3/data/ratis] (custom)
2019-06-14 11:05:17,280 INFO  storage.RaftStorageDirectory (RaftStorageDirectory.java:analyzeStorage(246)) - The storage directory /opt/src/hadoop-ozone/integration-test/target/test-dir/MiniOzoneClusterImpl-38958ecb-06be-496f-91d2-c633fe1866b7/datanode-3/data/ratis/7721fcb3-ce4e-41ab-b0e6-6842cd6d3a95 does not exist. Creating ...
2019-06-14 11:05:17,282 INFO  storage.RaftStorageDirectory (RaftStorageDirectory.java:tryLock(328)) - Lock on /opt/src/hadoop-ozone/integration-test/target/test-dir/MiniOzoneClusterImpl-38958ecb-06be-496f-91d2-c633fe1866b7/datanode-3/data/ratis/7721fcb3-ce4e-41ab-b0e6-6842cd6d3a95/in_use.lock acquired by nodename 9993@ozone-h2rsg-4167039275
2019-06-14 11:05:17,284 INFO  storage.RaftStorage (RaftStorage.java:format(75)) - Storage directory /opt/src/hadoop-ozone/integration-test/target/test-dir/MiniOzoneClusterImpl-38958ecb-06be-496f-91d2-c633fe1866b7/datanode-3/data/ratis/7721fcb3-ce4e-41ab-b0e6-6842cd6d3a95 has been successfully formatted.
2019-06-14 11:05:17,284 INFO  ratis.ContainerStateMachine (ContainerStateMachine.java:loadSnapshot(199)) - The snapshot info is null.Setting the last applied index to:(t:0, i:~)
2019-06-14 11:05:17,284 INFO  server.RaftServerConfigKeys (ConfUtils.java:logGet(43)) - raft.server.leader.election.timeout = 10s (custom)
2019-06-14 11:05:17,284 INFO  server.RaftServerConfigKeys (ConfUtils.java:logGet(43)) - raft.server.log.use.memory = false (default)
2019-06-14 11:05:17,284 INFO  server.RaftServerConfigKeys (ConfUtils.java:logGet(43)) - raft.server.log.appender.buffer.byte-limit = 33554432 (custom)
2019-06-14 11:05:17,285 INFO  server.RaftServerConfigKeys (ConfUtils.java:logGet(43)) - raft.server.log.segment.size.max = 16384 (custom)
2019-06-14 11:05:17,285 INFO  server.RaftServerConfigKeys (ConfUtils.java:logGet(43)) - raft.server.log.segment.cache.num.max = 2 (custom)
2019-06-14 11:05:17,285 INFO  storage.RaftLogWorker (RaftLogWorker.java:<init>(123)) - new 4541d35f-7742-4816-9697-97874e5464e5-RaftLogWorker for Storage Directory /opt/src/hadoop-ozone/integration-test/target/test-dir/MiniOzoneClusterImpl-38958ecb-06be-496f-91d2-c633fe1866b7/datanode-3/data/ratis/7721fcb3-ce4e-41ab-b0e6-6842cd6d3a95
2019-06-14 11:05:17,285 INFO  server.RaftServerConfigKeys (ConfUtils.java:logGet(43)) - raft.server.log.queue.byte-limit = 2147483647 (custom)
2019-06-14 11:05:17,285 INFO  server.RaftServerConfigKeys (ConfUtils.java:logGet(43)) - raft.server.log.queue.element-limit = 1024 (custom)
2019-06-14 11:05:17,285 INFO  server.RaftServerConfigKeys (ConfUtils.java:logGet(43)) - raft.server.log.segment.size.max = 16384 (custom)
2019-06-14 11:05:17,285 INFO  server.RaftServerConfigKeys (ConfUtils.java:logGet(43)) - raft.server.log.preallocated.size = 16384 (custom)
2019-06-14 11:05:17,285 INFO  server.RaftServerConfigKeys (ConfUtils.java:logGet(43)) - raft.server.log.write.buffer.size = 33554432 (custom)
2019-06-14 11:05:17,285 INFO  server.RaftServerConfigKeys (ConfUtils.java:logGet(43)) - raft.server.log.force.sync.num = 128 (default)
2019-06-14 11:05:17,285 INFO  server.RaftServerConfigKeys (ConfUtils.java:logGet(43)) - raft.server.log.statemachine.data.sync = true (default)
2019-06-14 11:05:17,285 INFO  server.RaftServerConfigKeys (ConfUtils.java:logGet(43)) - raft.server.log.statemachine.data.sync.timeout = 10s (default)
2019-06-14 11:05:17,285 INFO  server.RaftServerConfigKeys (ConfUtils.java:logGet(43)) - raft.server.log.statemachine.data.sync.timeout.retry = -1 (default)
2019-06-14 11:05:17,286 INFO  server.RaftServerConfigKeys (ConfUtils.java:logGet(43)) - raft.server.log.statemachine.data.caching.enabled = true (custom)
2019-06-14 11:05:17,286 INFO  server.RaftServerConfigKeys (ConfUtils.java:logGet(43)) - raft.server.snapshot.auto.trigger.enabled = true (custom)
2019-06-14 11:05:17,286 INFO  server.RaftServerConfigKeys (ConfUtils.java:logGet(43)) - raft.server.snapshot.auto.trigger.threshold = 10000 (custom)
2019-06-14 11:05:17,286 INFO  server.RaftServerConfigKeys (ConfUtils.java:logGet(43)) - raft.server.retrycache.expirytime = 600000ms (custom)
2019-06-14 11:05:17,286 INFO  impl.RaftServerImpl (RaftServerImpl.java:start(173)) - 4541d35f-7742-4816-9697-97874e5464e5: start group-6842CD6D3A95
2019-06-14 11:05:17,286 INFO  impl.RaftServerImpl (RaftServerImpl.java:setRole(164)) - 4541d35f-7742-4816-9697-97874e5464e5:group-6842CD6D3A95 changes role from null to FOLLOWER at term 0 for startAsFollower
2019-06-14 11:05:17,286 INFO  impl.RoleInfo (RoleInfo.java:updateAndGet(143)) - 4541d35f-7742-4816-9697-97874e5464e5: start FollowerState
2019-06-14 11:05:17,287 INFO  util.JmxRegister (JmxRegister.java:tryRegister(44)) - Successfully registered JMX Bean with object name Ratis:service=RaftServer,group=group-6842CD6D3A95,id=4541d35f-7742-4816-9697-97874e5464e5
2019-06-14 11:05:17,295 INFO  pipeline.PipelineStateManager (PipelineStateManager.java:addPipeline(56)) - Created pipeline Pipeline[ Id: 7721fcb3-ce4e-41ab-b0e6-6842cd6d3a95, Nodes: 4541d35f-7742-4816-9697-97874e5464e5{ip: 192.168.11.221, host: ozone-h2rsg-4167039275, networkLocation: /default-rack, certSerialId: null}, Type:RATIS, Factor:ONE, State:OPEN]
2019-06-14 11:05:17,386 INFO  node.SCMNodeManager (SCMNodeManager.java:register(234)) - Registered Data node : 108977ce-d7fb-4674-92b5-3c8dc178fbfe{ip: 192.168.11.221, host: ozone-h2rsg-4167039275, networkLocation: /default-rack, certSerialId: null}
2019-06-14 11:05:17,400 INFO  impl.RaftServerProxy (RaftServerProxy.java:addNew(89)) - 108977ce-d7fb-4674-92b5-3c8dc178fbfe: addNew group-0EC5F0541A15:[108977ce-d7fb-4674-92b5-3c8dc178fbfe:192.168.11.221:40747] returns group-0EC5F0541A15:java.util.concurrent.CompletableFuture@49bf6c63[Not completed]
2019-06-14 11:05:17,401 INFO  impl.RaftServerImpl (RaftServerImpl.java:<init>(91)) - 108977ce-d7fb-4674-92b5-3c8dc178fbfe: new RaftServerImpl for group-0EC5F0541A15:[108977ce-d7fb-4674-92b5-3c8dc178fbfe:192.168.11.221:40747] with ContainerStateMachine:uninitialized
2019-06-14 11:05:17,401 INFO  server.RaftServerConfigKeys (ConfUtils.java:logGet(43)) - raft.server.rpc.timeout.min = 1s (custom)
2019-06-14 11:05:17,401 INFO  server.RaftServerConfigKeys (ConfUtils.java:logGet(43)) - raft.server.rpc.timeout.max = 1200ms (custom)
2019-06-14 11:05:17,401 INFO  server.RaftServerConfigKeys (ConfUtils.java:logGet(43)) - raft.server.rpcslowness.timeout = 10s (custom)
2019-06-14 11:05:17,401 INFO  server.RaftServerConfigKeys (ConfUtils.java:logGet(43)) - raft.server.log.appender.install.snapshot.enabled = true (default)
2019-06-14 11:05:17,401 INFO  impl.RaftServerImpl (ServerState.java:<init>(101)) - 108977ce-d7fb-4674-92b5-3c8dc178fbfe:group-0EC5F0541A15 ConfigurationManager, init=-1: [108977ce-d7fb-4674-92b5-3c8dc178fbfe:192.168.11.221:40747], old=null, confs=<EMPTY_MAP>
2019-06-14 11:05:17,402 INFO  server.RaftServerConfigKeys (ConfUtils.java:logGet(43)) - raft.server.storage.dir = [/opt/src/hadoop-ozone/integration-test/target/test-dir/MiniOzoneClusterImpl-38958ecb-06be-496f-91d2-c633fe1866b7/datanode-4/data/ratis] (custom)
2019-06-14 11:05:17,402 INFO  storage.RaftStorageDirectory (RaftStorageDirectory.java:analyzeStorage(246)) - The storage directory /opt/src/hadoop-ozone/integration-test/target/test-dir/MiniOzoneClusterImpl-38958ecb-06be-496f-91d2-c633fe1866b7/datanode-4/data/ratis/2b6cad0c-9208-45f8-8125-0ec5f0541a15 does not exist. Creating ...
2019-06-14 11:05:17,404 INFO  storage.RaftStorageDirectory (RaftStorageDirectory.java:tryLock(328)) - Lock on /opt/src/hadoop-ozone/integration-test/target/test-dir/MiniOzoneClusterImpl-38958ecb-06be-496f-91d2-c633fe1866b7/datanode-4/data/ratis/2b6cad0c-9208-45f8-8125-0ec5f0541a15/in_use.lock acquired by nodename 9993@ozone-h2rsg-4167039275
2019-06-14 11:05:17,406 INFO  storage.RaftStorage (RaftStorage.java:format(75)) - Storage directory /opt/src/hadoop-ozone/integration-test/target/test-dir/MiniOzoneClusterImpl-38958ecb-06be-496f-91d2-c633fe1866b7/datanode-4/data/ratis/2b6cad0c-9208-45f8-8125-0ec5f0541a15 has been successfully formatted.
2019-06-14 11:05:17,406 INFO  ratis.ContainerStateMachine (ContainerStateMachine.java:loadSnapshot(199)) - The snapshot info is null.Setting the last applied index to:(t:0, i:~)
2019-06-14 11:05:17,406 INFO  server.RaftServerConfigKeys (ConfUtils.java:logGet(43)) - raft.server.leader.election.timeout = 10s (custom)
2019-06-14 11:05:17,406 INFO  server.RaftServerConfigKeys (ConfUtils.java:logGet(43)) - raft.server.log.use.memory = false (default)
2019-06-14 11:05:17,406 INFO  server.RaftServerConfigKeys (ConfUtils.java:logGet(43)) - raft.server.log.appender.buffer.byte-limit = 33554432 (custom)
2019-06-14 11:05:17,406 INFO  server.RaftServerConfigKeys (ConfUtils.java:logGet(43)) - raft.server.log.segment.size.max = 16384 (custom)
2019-06-14 11:05:17,406 INFO  server.RaftServerConfigKeys (ConfUtils.java:logGet(43)) - raft.server.log.segment.cache.num.max = 2 (custom)
2019-06-14 11:05:17,407 INFO  storage.RaftLogWorker (RaftLogWorker.java:<init>(123)) - new 108977ce-d7fb-4674-92b5-3c8dc178fbfe-RaftLogWorker for Storage Directory /opt/src/hadoop-ozone/integration-test/target/test-dir/MiniOzoneClusterImpl-38958ecb-06be-496f-91d2-c633fe1866b7/datanode-4/data/ratis/2b6cad0c-9208-45f8-8125-0ec5f0541a15
2019-06-14 11:05:17,407 INFO  server.RaftServerConfigKeys (ConfUtils.java:logGet(43)) - raft.server.log.queue.byte-limit = 2147483647 (custom)
2019-06-14 11:05:17,407 INFO  server.RaftServerConfigKeys (ConfUtils.java:logGet(43)) - raft.server.log.queue.element-limit = 1024 (custom)
2019-06-14 11:05:17,407 INFO  server.RaftServerConfigKeys (ConfUtils.java:logGet(43)) - raft.server.log.segment.size.max = 16384 (custom)
2019-06-14 11:05:17,407 INFO  server.RaftServerConfigKeys (ConfUtils.java:logGet(43)) - raft.server.log.preallocated.size = 16384 (custom)
2019-06-14 11:05:17,407 INFO  server.RaftServerConfigKeys (ConfUtils.java:logGet(43)) - raft.server.log.write.buffer.size = 33554432 (custom)
2019-06-14 11:05:17,407 INFO  server.RaftServerConfigKeys (ConfUtils.java:logGet(43)) - raft.server.log.force.sync.num = 128 (default)
2019-06-14 11:05:17,407 INFO  server.RaftServerConfigKeys (ConfUtils.java:logGet(43)) - raft.server.log.statemachine.data.sync = true (default)
2019-06-14 11:05:17,407 INFO  server.RaftServerConfigKeys (ConfUtils.java:logGet(43)) - raft.server.log.statemachine.data.sync.timeout = 10s (default)
2019-06-14 11:05:17,407 INFO  server.RaftServerConfigKeys (ConfUtils.java:logGet(43)) - raft.server.log.statemachine.data.sync.timeout.retry = -1 (default)
2019-06-14 11:05:17,407 INFO  server.RaftServerConfigKeys (ConfUtils.java:logGet(43)) - raft.server.log.statemachine.data.caching.enabled = true (custom)
2019-06-14 11:05:17,408 INFO  server.RaftServerConfigKeys (ConfUtils.java:logGet(43)) - raft.server.snapshot.auto.trigger.enabled = true (custom)
2019-06-14 11:05:17,408 INFO  server.RaftServerConfigKeys (ConfUtils.java:logGet(43)) - raft.server.snapshot.auto.trigger.threshold = 10000 (custom)
2019-06-14 11:05:17,408 INFO  server.RaftServerConfigKeys (ConfUtils.java:logGet(43)) - raft.server.retrycache.expirytime = 600000ms (custom)
2019-06-14 11:05:17,408 INFO  impl.RaftServerImpl (RaftServerImpl.java:start(173)) - 108977ce-d7fb-4674-92b5-3c8dc178fbfe: start group-0EC5F0541A15
2019-06-14 11:05:17,408 INFO  impl.RaftServerImpl (RaftServerImpl.java:setRole(164)) - 108977ce-d7fb-4674-92b5-3c8dc178fbfe:group-0EC5F0541A15 changes role from null to FOLLOWER at term 0 for startAsFollower
2019-06-14 11:05:17,408 INFO  impl.RoleInfo (RoleInfo.java:updateAndGet(143)) - 108977ce-d7fb-4674-92b5-3c8dc178fbfe: start FollowerState
2019-06-14 11:05:17,408 INFO  util.JmxRegister (JmxRegister.java:tryRegister(44)) - Successfully registered JMX Bean with object name Ratis:service=RaftServer,group=group-0EC5F0541A15,id=108977ce-d7fb-4674-92b5-3c8dc178fbfe
2019-06-14 11:05:17,419 INFO  pipeline.PipelineStateManager (PipelineStateManager.java:addPipeline(56)) - Created pipeline Pipeline[ Id: 2b6cad0c-9208-45f8-8125-0ec5f0541a15, Nodes: 108977ce-d7fb-4674-92b5-3c8dc178fbfe{ip: 192.168.11.221, host: ozone-h2rsg-4167039275, networkLocation: /default-rack, certSerialId: null}, Type:RATIS, Factor:ONE, State:OPEN]
2019-06-14 11:05:17,589 INFO  ozone.MiniOzoneClusterImpl (MiniOzoneClusterImpl.java:lambda$waitForClusterToBeReady$0(142)) - Waiting for cluster to be ready. Got 5 of 6 DN Heartbeats.
2019-06-14 11:05:17,591 INFO  node.SCMNodeManager (SCMNodeManager.java:register(234)) - Registered Data node : 805b6827-ada1-4282-a8a1-60325c2e4001{ip: 192.168.11.221, host: ozone-h2rsg-4167039275, networkLocation: /default-rack, certSerialId: null}
2019-06-14 11:05:17,603 INFO  impl.RaftServerProxy (RaftServerProxy.java:addNew(89)) - 805b6827-ada1-4282-a8a1-60325c2e4001: addNew group-29AAAC13ADD8:[805b6827-ada1-4282-a8a1-60325c2e4001:192.168.11.221:45349] returns group-29AAAC13ADD8:java.util.concurrent.CompletableFuture@6055f3b5[Not completed]
2019-06-14 11:05:17,603 INFO  impl.RaftServerImpl (RaftServerImpl.java:<init>(91)) - 805b6827-ada1-4282-a8a1-60325c2e4001: new RaftServerImpl for group-29AAAC13ADD8:[805b6827-ada1-4282-a8a1-60325c2e4001:192.168.11.221:45349] with ContainerStateMachine:uninitialized
2019-06-14 11:05:17,604 INFO  server.RaftServerConfigKeys (ConfUtils.java:logGet(43)) - raft.server.rpc.timeout.min = 1s (custom)
2019-06-14 11:05:17,604 INFO  server.RaftServerConfigKeys (ConfUtils.java:logGet(43)) - raft.server.rpc.timeout.max = 1200ms (custom)
2019-06-14 11:05:17,604 INFO  server.RaftServerConfigKeys (ConfUtils.java:logGet(43)) - raft.server.rpcslowness.timeout = 10s (custom)
2019-06-14 11:05:17,604 INFO  server.RaftServerConfigKeys (ConfUtils.java:logGet(43)) - raft.server.log.appender.install.snapshot.enabled = true (default)
2019-06-14 11:05:17,604 INFO  impl.RaftServerImpl (ServerState.java:<init>(101)) - 805b6827-ada1-4282-a8a1-60325c2e4001:group-29AAAC13ADD8 ConfigurationManager, init=-1: [805b6827-ada1-4282-a8a1-60325c2e4001:192.168.11.221:45349], old=null, confs=<EMPTY_MAP>
2019-06-14 11:05:17,604 INFO  server.RaftServerConfigKeys (ConfUtils.java:logGet(43)) - raft.server.storage.dir = [/opt/src/hadoop-ozone/integration-test/target/test-dir/MiniOzoneClusterImpl-38958ecb-06be-496f-91d2-c633fe1866b7/datanode-5/data/ratis] (custom)
2019-06-14 11:05:17,604 INFO  storage.RaftStorageDirectory (RaftStorageDirectory.java:analyzeStorage(246)) - The storage directory /opt/src/hadoop-ozone/integration-test/target/test-dir/MiniOzoneClusterImpl-38958ecb-06be-496f-91d2-c633fe1866b7/datanode-5/data/ratis/fec2bbc0-3f6b-4f6b-9d34-29aaac13add8 does not exist. Creating ...
2019-06-14 11:05:17,606 INFO  storage.RaftStorageDirectory (RaftStorageDirectory.java:tryLock(328)) - Lock on /opt/src/hadoop-ozone/integration-test/target/test-dir/MiniOzoneClusterImpl-38958ecb-06be-496f-91d2-c633fe1866b7/datanode-5/data/ratis/fec2bbc0-3f6b-4f6b-9d34-29aaac13add8/in_use.lock acquired by nodename 9993@ozone-h2rsg-4167039275
2019-06-14 11:05:17,608 INFO  storage.RaftStorage (RaftStorage.java:format(75)) - Storage directory /opt/src/hadoop-ozone/integration-test/target/test-dir/MiniOzoneClusterImpl-38958ecb-06be-496f-91d2-c633fe1866b7/datanode-5/data/ratis/fec2bbc0-3f6b-4f6b-9d34-29aaac13add8 has been successfully formatted.
2019-06-14 11:05:17,609 INFO  ratis.ContainerStateMachine (ContainerStateMachine.java:loadSnapshot(199)) - The snapshot info is null.Setting the last applied index to:(t:0, i:~)
2019-06-14 11:05:17,609 INFO  server.RaftServerConfigKeys (ConfUtils.java:logGet(43)) - raft.server.leader.election.timeout = 10s (custom)
2019-06-14 11:05:17,609 INFO  server.RaftServerConfigKeys (ConfUtils.java:logGet(43)) - raft.server.log.use.memory = false (default)
2019-06-14 11:05:17,609 INFO  server.RaftServerConfigKeys (ConfUtils.java:logGet(43)) - raft.server.log.appender.buffer.byte-limit = 33554432 (custom)
2019-06-14 11:05:17,609 INFO  server.RaftServerConfigKeys (ConfUtils.java:logGet(43)) - raft.server.log.segment.size.max = 16384 (custom)
2019-06-14 11:05:17,609 INFO  server.RaftServerConfigKeys (ConfUtils.java:logGet(43)) - raft.server.log.segment.cache.num.max = 2 (custom)
2019-06-14 11:05:17,609 INFO  storage.RaftLogWorker (RaftLogWorker.java:<init>(123)) - new 805b6827-ada1-4282-a8a1-60325c2e4001-RaftLogWorker for Storage Directory /opt/src/hadoop-ozone/integration-test/target/test-dir/MiniOzoneClusterImpl-38958ecb-06be-496f-91d2-c633fe1866b7/datanode-5/data/ratis/fec2bbc0-3f6b-4f6b-9d34-29aaac13add8
2019-06-14 11:05:17,609 INFO  server.RaftServerConfigKeys (ConfUtils.java:logGet(43)) - raft.server.log.queue.byte-limit = 2147483647 (custom)
2019-06-14 11:05:17,609 INFO  server.RaftServerConfigKeys (ConfUtils.java:logGet(43)) - raft.server.log.queue.element-limit = 1024 (custom)
2019-06-14 11:05:17,609 INFO  server.RaftServerConfigKeys (ConfUtils.java:logGet(43)) - raft.server.log.segment.size.max = 16384 (custom)
2019-06-14 11:05:17,609 INFO  server.RaftServerConfigKeys (ConfUtils.java:logGet(43)) - raft.server.log.preallocated.size = 16384 (custom)
2019-06-14 11:05:17,609 INFO  server.RaftServerConfigKeys (ConfUtils.java:logGet(43)) - raft.server.log.write.buffer.size = 33554432 (custom)
2019-06-14 11:05:17,610 INFO  server.RaftServerConfigKeys (ConfUtils.java:logGet(43)) - raft.server.log.force.sync.num = 128 (default)
2019-06-14 11:05:17,610 INFO  server.RaftServerConfigKeys (ConfUtils.java:logGet(43)) - raft.server.log.statemachine.data.sync = true (default)
2019-06-14 11:05:17,610 INFO  server.RaftServerConfigKeys (ConfUtils.java:logGet(43)) - raft.server.log.statemachine.data.sync.timeout = 10s (default)
2019-06-14 11:05:17,610 INFO  server.RaftServerConfigKeys (ConfUtils.java:logGet(43)) - raft.server.log.statemachine.data.sync.timeout.retry = -1 (default)
2019-06-14 11:05:17,610 INFO  server.RaftServerConfigKeys (ConfUtils.java:logGet(43)) - raft.server.log.statemachine.data.caching.enabled = true (custom)
2019-06-14 11:05:17,610 INFO  server.RaftServerConfigKeys (ConfUtils.java:logGet(43)) - raft.server.snapshot.auto.trigger.enabled = true (custom)
2019-06-14 11:05:17,610 INFO  server.RaftServerConfigKeys (ConfUtils.java:logGet(43)) - raft.server.snapshot.auto.trigger.threshold = 10000 (custom)
2019-06-14 11:05:17,610 INFO  server.RaftServerConfigKeys (ConfUtils.java:logGet(43)) - raft.server.retrycache.expirytime = 600000ms (custom)
2019-06-14 11:05:17,611 INFO  impl.RaftServerImpl (RaftServerImpl.java:start(173)) - 805b6827-ada1-4282-a8a1-60325c2e4001: start group-29AAAC13ADD8
2019-06-14 11:05:17,611 INFO  impl.RaftServerImpl (RaftServerImpl.java:setRole(164)) - 805b6827-ada1-4282-a8a1-60325c2e4001:group-29AAAC13ADD8 changes role from null to FOLLOWER at term 0 for startAsFollower
2019-06-14 11:05:17,611 INFO  impl.RoleInfo (RoleInfo.java:updateAndGet(143)) - 805b6827-ada1-4282-a8a1-60325c2e4001: start FollowerState
2019-06-14 11:05:17,611 INFO  util.JmxRegister (JmxRegister.java:tryRegister(44)) - Successfully registered JMX Bean with object name Ratis:service=RaftServer,group=group-29AAAC13ADD8,id=805b6827-ada1-4282-a8a1-60325c2e4001
2019-06-14 11:05:17,616 INFO  pipeline.PipelineStateManager (PipelineStateManager.java:addPipeline(56)) - Created pipeline Pipeline[ Id: fec2bbc0-3f6b-4f6b-9d34-29aaac13add8, Nodes: 805b6827-ada1-4282-a8a1-60325c2e4001{ip: 192.168.11.221, host: ozone-h2rsg-4167039275, networkLocation: /default-rack, certSerialId: null}, Type:RATIS, Factor:ONE, State:OPEN]
2019-06-14 11:05:17,637 INFO  impl.RaftServerProxy (RaftServerProxy.java:addNew(89)) - 4541d35f-7742-4816-9697-97874e5464e5: addNew group-F6B5850062D7:[108977ce-d7fb-4674-92b5-3c8dc178fbfe:192.168.11.221:40747, 805b6827-ada1-4282-a8a1-60325c2e4001:192.168.11.221:45349, 4541d35f-7742-4816-9697-97874e5464e5:192.168.11.221:34709] returns group-F6B5850062D7:java.util.concurrent.CompletableFuture@284aeca[Not completed]
2019-06-14 11:05:17,637 INFO  impl.RaftServerProxy (RaftServerProxy.java:addNew(89)) - 805b6827-ada1-4282-a8a1-60325c2e4001: addNew group-F6B5850062D7:[108977ce-d7fb-4674-92b5-3c8dc178fbfe:192.168.11.221:40747, 805b6827-ada1-4282-a8a1-60325c2e4001:192.168.11.221:45349, 4541d35f-7742-4816-9697-97874e5464e5:192.168.11.221:34709] returns group-F6B5850062D7:java.util.concurrent.CompletableFuture@11aa368e[Not completed]
2019-06-14 11:05:17,638 INFO  impl.RaftServerImpl (RaftServerImpl.java:<init>(91)) - 4541d35f-7742-4816-9697-97874e5464e5: new RaftServerImpl for group-F6B5850062D7:[108977ce-d7fb-4674-92b5-3c8dc178fbfe:192.168.11.221:40747, 805b6827-ada1-4282-a8a1-60325c2e4001:192.168.11.221:45349, 4541d35f-7742-4816-9697-97874e5464e5:192.168.11.221:34709] with ContainerStateMachine:uninitialized
2019-06-14 11:05:17,638 INFO  server.RaftServerConfigKeys (ConfUtils.java:logGet(43)) - raft.server.rpc.timeout.min = 1s (custom)
2019-06-14 11:05:17,638 INFO  server.RaftServerConfigKeys (ConfUtils.java:logGet(43)) - raft.server.rpc.timeout.max = 1200ms (custom)
2019-06-14 11:05:17,638 INFO  server.RaftServerConfigKeys (ConfUtils.java:logGet(43)) - raft.server.rpcslowness.timeout = 10s (custom)
2019-06-14 11:05:17,638 INFO  impl.RaftServerImpl (RaftServerImpl.java:<init>(91)) - 805b6827-ada1-4282-a8a1-60325c2e4001: new RaftServerImpl for group-F6B5850062D7:[108977ce-d7fb-4674-92b5-3c8dc178fbfe:192.168.11.221:40747, 805b6827-ada1-4282-a8a1-60325c2e4001:192.168.11.221:45349, 4541d35f-7742-4816-9697-97874e5464e5:192.168.11.221:34709] with ContainerStateMachine:uninitialized
2019-06-14 11:05:17,638 INFO  server.RaftServerConfigKeys (ConfUtils.java:logGet(43)) - raft.server.log.appender.install.snapshot.enabled = true (default)
2019-06-14 11:05:17,638 INFO  server.RaftServerConfigKeys (ConfUtils.java:logGet(43)) - raft.server.rpc.timeout.min = 1s (custom)
2019-06-14 11:05:17,638 INFO  impl.RaftServerImpl (ServerState.java:<init>(101)) - 4541d35f-7742-4816-9697-97874e5464e5:group-F6B5850062D7 ConfigurationManager, init=-1: [108977ce-d7fb-4674-92b5-3c8dc178fbfe:192.168.11.221:40747, 805b6827-ada1-4282-a8a1-60325c2e4001:192.168.11.221:45349, 4541d35f-7742-4816-9697-97874e5464e5:192.168.11.221:34709], old=null, confs=<EMPTY_MAP>
2019-06-14 11:05:17,638 INFO  server.RaftServerConfigKeys (ConfUtils.java:logGet(43)) - raft.server.rpc.timeout.max = 1200ms (custom)
2019-06-14 11:05:17,639 INFO  server.RaftServerConfigKeys (ConfUtils.java:logGet(43)) - raft.server.rpcslowness.timeout = 10s (custom)
2019-06-14 11:05:17,639 INFO  server.RaftServerConfigKeys (ConfUtils.java:logGet(43)) - raft.server.log.appender.install.snapshot.enabled = true (default)
2019-06-14 11:05:17,639 INFO  impl.RaftServerImpl (ServerState.java:<init>(101)) - 805b6827-ada1-4282-a8a1-60325c2e4001:group-F6B5850062D7 ConfigurationManager, init=-1: [108977ce-d7fb-4674-92b5-3c8dc178fbfe:192.168.11.221:40747, 805b6827-ada1-4282-a8a1-60325c2e4001:192.168.11.221:45349, 4541d35f-7742-4816-9697-97874e5464e5:192.168.11.221:34709], old=null, confs=<EMPTY_MAP>
2019-06-14 11:05:17,638 INFO  server.RaftServerConfigKeys (ConfUtils.java:logGet(43)) - raft.server.storage.dir = [/opt/src/hadoop-ozone/integration-test/target/test-dir/MiniOzoneClusterImpl-38958ecb-06be-496f-91d2-c633fe1866b7/datanode-3/data/ratis] (custom)
2019-06-14 11:05:17,639 INFO  server.RaftServerConfigKeys (ConfUtils.java:logGet(43)) - raft.server.storage.dir = [/opt/src/hadoop-ozone/integration-test/target/test-dir/MiniOzoneClusterImpl-38958ecb-06be-496f-91d2-c633fe1866b7/datanode-5/data/ratis] (custom)
2019-06-14 11:05:17,639 INFO  storage.RaftStorageDirectory (RaftStorageDirectory.java:analyzeStorage(246)) - The storage directory /opt/src/hadoop-ozone/integration-test/target/test-dir/MiniOzoneClusterImpl-38958ecb-06be-496f-91d2-c633fe1866b7/datanode-5/data/ratis/466c8dfe-691e-4ac6-92e3-f6b5850062d7 does not exist. Creating ...
2019-06-14 11:05:17,639 INFO  storage.RaftStorageDirectory (RaftStorageDirectory.java:analyzeStorage(246)) - The storage directory /opt/src/hadoop-ozone/integration-test/target/test-dir/MiniOzoneClusterImpl-38958ecb-06be-496f-91d2-c633fe1866b7/datanode-3/data/ratis/466c8dfe-691e-4ac6-92e3-f6b5850062d7 does not exist. Creating ...
2019-06-14 11:05:17,640 INFO  impl.RaftServerProxy (RaftServerProxy.java:addNew(89)) - 108977ce-d7fb-4674-92b5-3c8dc178fbfe: addNew group-F6B5850062D7:[108977ce-d7fb-4674-92b5-3c8dc178fbfe:192.168.11.221:40747, 805b6827-ada1-4282-a8a1-60325c2e4001:192.168.11.221:45349, 4541d35f-7742-4816-9697-97874e5464e5:192.168.11.221:34709] returns group-F6B5850062D7:java.util.concurrent.CompletableFuture@2d6cf8d5[Not completed]
2019-06-14 11:05:17,641 INFO  impl.RaftServerImpl (RaftServerImpl.java:<init>(91)) - 108977ce-d7fb-4674-92b5-3c8dc178fbfe: new RaftServerImpl for group-F6B5850062D7:[108977ce-d7fb-4674-92b5-3c8dc178fbfe:192.168.11.221:40747, 805b6827-ada1-4282-a8a1-60325c2e4001:192.168.11.221:45349, 4541d35f-7742-4816-9697-97874e5464e5:192.168.11.221:34709] with ContainerStateMachine:uninitialized
2019-06-14 11:05:17,641 INFO  server.RaftServerConfigKeys (ConfUtils.java:logGet(43)) - raft.server.rpc.timeout.min = 1s (custom)
2019-06-14 11:05:17,641 INFO  server.RaftServerConfigKeys (ConfUtils.java:logGet(43)) - raft.server.rpc.timeout.max = 1200ms (custom)
2019-06-14 11:05:17,641 INFO  storage.RaftStorageDirectory (RaftStorageDirectory.java:tryLock(328)) - Lock on /opt/src/hadoop-ozone/integration-test/target/test-dir/MiniOzoneClusterImpl-38958ecb-06be-496f-91d2-c633fe1866b7/datanode-5/data/ratis/466c8dfe-691e-4ac6-92e3-f6b5850062d7/in_use.lock acquired by nodename 9993@ozone-h2rsg-4167039275
2019-06-14 11:05:17,641 INFO  server.RaftServerConfigKeys (ConfUtils.java:logGet(43)) - raft.server.rpcslowness.timeout = 10s (custom)
2019-06-14 11:05:17,641 INFO  server.RaftServerConfigKeys (ConfUtils.java:logGet(43)) - raft.server.log.appender.install.snapshot.enabled = true (default)
2019-06-14 11:05:17,642 INFO  impl.RaftServerImpl (ServerState.java:<init>(101)) - 108977ce-d7fb-4674-92b5-3c8dc178fbfe:group-F6B5850062D7 ConfigurationManager, init=-1: [108977ce-d7fb-4674-92b5-3c8dc178fbfe:192.168.11.221:40747, 805b6827-ada1-4282-a8a1-60325c2e4001:192.168.11.221:45349, 4541d35f-7742-4816-9697-97874e5464e5:192.168.11.221:34709], old=null, confs=<EMPTY_MAP>
2019-06-14 11:05:17,642 INFO  server.RaftServerConfigKeys (ConfUtils.java:logGet(43)) - raft.server.storage.dir = [/opt/src/hadoop-ozone/integration-test/target/test-dir/MiniOzoneClusterImpl-38958ecb-06be-496f-91d2-c633fe1866b7/datanode-4/data/ratis] (custom)
2019-06-14 11:05:17,642 INFO  storage.RaftStorageDirectory (RaftStorageDirectory.java:analyzeStorage(246)) - The storage directory /opt/src/hadoop-ozone/integration-test/target/test-dir/MiniOzoneClusterImpl-38958ecb-06be-496f-91d2-c633fe1866b7/datanode-4/data/ratis/466c8dfe-691e-4ac6-92e3-f6b5850062d7 does not exist. Creating ...
2019-06-14 11:05:17,643 INFO  storage.RaftStorageDirectory (RaftStorageDirectory.java:tryLock(328)) - Lock on /opt/src/hadoop-ozone/integration-test/target/test-dir/MiniOzoneClusterImpl-38958ecb-06be-496f-91d2-c633fe1866b7/datanode-3/data/ratis/466c8dfe-691e-4ac6-92e3-f6b5850062d7/in_use.lock acquired by nodename 9993@ozone-h2rsg-4167039275
2019-06-14 11:05:17,644 INFO  storage.RaftStorage (RaftStorage.java:format(75)) - Storage directory /opt/src/hadoop-ozone/integration-test/target/test-dir/MiniOzoneClusterImpl-38958ecb-06be-496f-91d2-c633fe1866b7/datanode-5/data/ratis/466c8dfe-691e-4ac6-92e3-f6b5850062d7 has been successfully formatted.
2019-06-14 11:05:17,645 INFO  ratis.ContainerStateMachine (ContainerStateMachine.java:loadSnapshot(199)) - The snapshot info is null.Setting the last applied index to:(t:0, i:~)
2019-06-14 11:05:17,645 INFO  server.RaftServerConfigKeys (ConfUtils.java:logGet(43)) - raft.server.leader.election.timeout = 10s (custom)
2019-06-14 11:05:17,645 INFO  server.RaftServerConfigKeys (ConfUtils.java:logGet(43)) - raft.server.log.use.memory = false (default)
2019-06-14 11:05:17,645 INFO  server.RaftServerConfigKeys (ConfUtils.java:logGet(43)) - raft.server.log.appender.buffer.byte-limit = 33554432 (custom)
2019-06-14 11:05:17,645 INFO  server.RaftServerConfigKeys (ConfUtils.java:logGet(43)) - raft.server.log.segment.size.max = 16384 (custom)
2019-06-14 11:05:17,645 INFO  storage.RaftStorageDirectory (RaftStorageDirectory.java:tryLock(328)) - Lock on /opt/src/hadoop-ozone/integration-test/target/test-dir/MiniOzoneClusterImpl-38958ecb-06be-496f-91d2-c633fe1866b7/datanode-4/data/ratis/466c8dfe-691e-4ac6-92e3-f6b5850062d7/in_use.lock acquired by nodename 9993@ozone-h2rsg-4167039275
2019-06-14 11:05:17,645 INFO  server.RaftServerConfigKeys (ConfUtils.java:logGet(43)) - raft.server.log.segment.cache.num.max = 2 (custom)
2019-06-14 11:05:17,645 INFO  storage.RaftLogWorker (RaftLogWorker.java:<init>(123)) - new 805b6827-ada1-4282-a8a1-60325c2e4001-RaftLogWorker for Storage Directory /opt/src/hadoop-ozone/integration-test/target/test-dir/MiniOzoneClusterImpl-38958ecb-06be-496f-91d2-c633fe1866b7/datanode-5/data/ratis/466c8dfe-691e-4ac6-92e3-f6b5850062d7
2019-06-14 11:05:17,645 INFO  server.RaftServerConfigKeys (ConfUtils.java:logGet(43)) - raft.server.log.queue.byte-limit = 2147483647 (custom)
2019-06-14 11:05:17,645 INFO  server.RaftServerConfigKeys (ConfUtils.java:logGet(43)) - raft.server.log.queue.element-limit = 1024 (custom)
2019-06-14 11:05:17,646 INFO  server.RaftServerConfigKeys (ConfUtils.java:logGet(43)) - raft.server.log.segment.size.max = 16384 (custom)
2019-06-14 11:05:17,646 INFO  server.RaftServerConfigKeys (ConfUtils.java:logGet(43)) - raft.server.log.preallocated.size = 16384 (custom)
2019-06-14 11:05:17,646 INFO  server.RaftServerConfigKeys (ConfUtils.java:logGet(43)) - raft.server.log.write.buffer.size = 33554432 (custom)
2019-06-14 11:05:17,646 INFO  server.RaftServerConfigKeys (ConfUtils.java:logGet(43)) - raft.server.log.force.sync.num = 128 (default)
2019-06-14 11:05:17,646 INFO  server.RaftServerConfigKeys (ConfUtils.java:logGet(43)) - raft.server.log.statemachine.data.sync = true (default)
2019-06-14 11:05:17,646 INFO  server.RaftServerConfigKeys (ConfUtils.java:logGet(43)) - raft.server.log.statemachine.data.sync.timeout = 10s (default)
2019-06-14 11:05:17,646 INFO  server.RaftServerConfigKeys (ConfUtils.java:logGet(43)) - raft.server.log.statemachine.data.sync.timeout.retry = -1 (default)
2019-06-14 11:05:17,646 INFO  server.RaftServerConfigKeys (ConfUtils.java:logGet(43)) - raft.server.log.statemachine.data.caching.enabled = true (custom)
2019-06-14 11:05:17,647 INFO  storage.RaftStorage (RaftStorage.java:format(75)) - Storage directory /opt/src/hadoop-ozone/integration-test/target/test-dir/MiniOzoneClusterImpl-38958ecb-06be-496f-91d2-c633fe1866b7/datanode-3/data/ratis/466c8dfe-691e-4ac6-92e3-f6b5850062d7 has been successfully formatted.
2019-06-14 11:05:17,647 INFO  ratis.ContainerStateMachine (ContainerStateMachine.java:loadSnapshot(199)) - The snapshot info is null.Setting the last applied index to:(t:0, i:~)
2019-06-14 11:05:17,647 INFO  server.RaftServerConfigKeys (ConfUtils.java:logGet(43)) - raft.server.leader.election.timeout = 10s (custom)
2019-06-14 11:05:17,647 INFO  server.RaftServerConfigKeys (ConfUtils.java:logGet(43)) - raft.server.log.use.memory = false (default)
2019-06-14 11:05:17,647 INFO  server.RaftServerConfigKeys (ConfUtils.java:logGet(43)) - raft.server.log.appender.buffer.byte-limit = 33554432 (custom)
2019-06-14 11:05:17,647 INFO  server.RaftServerConfigKeys (ConfUtils.java:logGet(43)) - raft.server.log.segment.size.max = 16384 (custom)
2019-06-14 11:05:17,647 INFO  server.RaftServerConfigKeys (ConfUtils.java:logGet(43)) - raft.server.log.segment.cache.num.max = 2 (custom)
2019-06-14 11:05:17,647 INFO  storage.RaftLogWorker (RaftLogWorker.java:<init>(123)) - new 4541d35f-7742-4816-9697-97874e5464e5-RaftLogWorker for Storage Directory /opt/src/hadoop-ozone/integration-test/target/test-dir/MiniOzoneClusterImpl-38958ecb-06be-496f-91d2-c633fe1866b7/datanode-3/data/ratis/466c8dfe-691e-4ac6-92e3-f6b5850062d7
2019-06-14 11:05:17,647 INFO  server.RaftServerConfigKeys (ConfUtils.java:logGet(43)) - raft.server.log.queue.byte-limit = 2147483647 (custom)
2019-06-14 11:05:17,648 INFO  server.RaftServerConfigKeys (ConfUtils.java:logGet(43)) - raft.server.log.queue.element-limit = 1024 (custom)
2019-06-14 11:05:17,648 INFO  server.RaftServerConfigKeys (ConfUtils.java:logGet(43)) - raft.server.log.segment.size.max = 16384 (custom)
2019-06-14 11:05:17,648 INFO  server.RaftServerConfigKeys (ConfUtils.java:logGet(43)) - raft.server.log.preallocated.size = 16384 (custom)
2019-06-14 11:05:17,648 INFO  server.RaftServerConfigKeys (ConfUtils.java:logGet(43)) - raft.server.log.write.buffer.size = 33554432 (custom)
2019-06-14 11:05:17,648 INFO  server.RaftServerConfigKeys (ConfUtils.java:logGet(43)) - raft.server.log.force.sync.num = 128 (default)
2019-06-14 11:05:17,648 INFO  server.RaftServerConfigKeys (ConfUtils.java:logGet(43)) - raft.server.log.statemachine.data.sync = true (default)
2019-06-14 11:05:17,648 INFO  server.RaftServerConfigKeys (ConfUtils.java:logGet(43)) - raft.server.log.statemachine.data.sync.timeout = 10s (default)
2019-06-14 11:05:17,648 INFO  server.RaftServerConfigKeys (ConfUtils.java:logGet(43)) - raft.server.log.statemachine.data.sync.timeout.retry = -1 (default)
2019-06-14 11:05:17,648 INFO  server.RaftServerConfigKeys (ConfUtils.java:logGet(43)) - raft.server.log.statemachine.data.caching.enabled = true (custom)
2019-06-14 11:05:17,647 INFO  server.RaftServerConfigKeys (ConfUtils.java:logGet(43)) - raft.server.snapshot.auto.trigger.enabled = true (custom)
2019-06-14 11:05:17,648 INFO  server.RaftServerConfigKeys (ConfUtils.java:logGet(43)) - raft.server.snapshot.auto.trigger.enabled = true (custom)
2019-06-14 11:05:17,647 INFO  storage.RaftStorage (RaftStorage.java:format(75)) - Storage directory /opt/src/hadoop-ozone/integration-test/target/test-dir/MiniOzoneClusterImpl-38958ecb-06be-496f-91d2-c633fe1866b7/datanode-4/data/ratis/466c8dfe-691e-4ac6-92e3-f6b5850062d7 has been successfully formatted.
2019-06-14 11:05:17,649 INFO  ratis.ContainerStateMachine (ContainerStateMachine.java:loadSnapshot(199)) - The snapshot info is null.Setting the last applied index to:(t:0, i:~)
2019-06-14 11:05:17,649 INFO  server.RaftServerConfigKeys (ConfUtils.java:logGet(43)) - raft.server.leader.election.timeout = 10s (custom)
2019-06-14 11:05:17,649 INFO  server.RaftServerConfigKeys (ConfUtils.java:logGet(43)) - raft.server.log.use.memory = false (default)
2019-06-14 11:05:17,649 INFO  server.RaftServerConfigKeys (ConfUtils.java:logGet(43)) - raft.server.log.appender.buffer.byte-limit = 33554432 (custom)
2019-06-14 11:05:17,649 INFO  server.RaftServerConfigKeys (ConfUtils.java:logGet(43)) - raft.server.log.segment.size.max = 16384 (custom)
2019-06-14 11:05:17,649 INFO  server.RaftServerConfigKeys (ConfUtils.java:logGet(43)) - raft.server.log.segment.cache.num.max = 2 (custom)
2019-06-14 11:05:17,649 INFO  storage.RaftLogWorker (RaftLogWorker.java:<init>(123)) - new 108977ce-d7fb-4674-92b5-3c8dc178fbfe-RaftLogWorker for Storage Directory /opt/src/hadoop-ozone/integration-test/target/test-dir/MiniOzoneClusterImpl-38958ecb-06be-496f-91d2-c633fe1866b7/datanode-4/data/ratis/466c8dfe-691e-4ac6-92e3-f6b5850062d7
2019-06-14 11:05:17,649 INFO  server.RaftServerConfigKeys (ConfUtils.java:logGet(43)) - raft.server.log.queue.byte-limit = 2147483647 (custom)
2019-06-14 11:05:17,649 INFO  server.RaftServerConfigKeys (ConfUtils.java:logGet(43)) - raft.server.log.queue.element-limit = 1024 (custom)
2019-06-14 11:05:17,650 INFO  server.RaftServerConfigKeys (ConfUtils.java:logGet(43)) - raft.server.log.segment.size.max = 16384 (custom)
2019-06-14 11:05:17,650 INFO  server.RaftServerConfigKeys (ConfUtils.java:logGet(43)) - raft.server.log.preallocated.size = 16384 (custom)
2019-06-14 11:05:17,650 INFO  server.RaftServerConfigKeys (ConfUtils.java:logGet(43)) - raft.server.log.write.buffer.size = 33554432 (custom)
2019-06-14 11:05:17,650 INFO  server.RaftServerConfigKeys (ConfUtils.java:logGet(43)) - raft.server.log.force.sync.num = 128 (default)
2019-06-14 11:05:17,650 INFO  server.RaftServerConfigKeys (ConfUtils.java:logGet(43)) - raft.server.log.statemachine.data.sync = true (default)
2019-06-14 11:05:17,650 INFO  server.RaftServerConfigKeys (ConfUtils.java:logGet(43)) - raft.server.log.statemachine.data.sync.timeout = 10s (default)
2019-06-14 11:05:17,650 INFO  server.RaftServerConfigKeys (ConfUtils.java:logGet(43)) - raft.server.log.statemachine.data.sync.timeout.retry = -1 (default)
2019-06-14 11:05:17,650 INFO  server.RaftServerConfigKeys (ConfUtils.java:logGet(43)) - raft.server.log.statemachine.data.caching.enabled = true (custom)
2019-06-14 11:05:17,649 INFO  server.RaftServerConfigKeys (ConfUtils.java:logGet(43)) - raft.server.snapshot.auto.trigger.threshold = 10000 (custom)
2019-06-14 11:05:17,648 INFO  server.RaftServerConfigKeys (ConfUtils.java:logGet(43)) - raft.server.snapshot.auto.trigger.threshold = 10000 (custom)
2019-06-14 11:05:17,651 INFO  server.RaftServerConfigKeys (ConfUtils.java:logGet(43)) - raft.server.snapshot.auto.trigger.enabled = true (custom)
2019-06-14 11:05:17,651 INFO  server.RaftServerConfigKeys (ConfUtils.java:logGet(43)) - raft.server.retrycache.expirytime = 600000ms (custom)
2019-06-14 11:05:17,651 INFO  server.RaftServerConfigKeys (ConfUtils.java:logGet(43)) - raft.server.snapshot.auto.trigger.threshold = 10000 (custom)
2019-06-14 11:05:17,651 INFO  impl.RaftServerImpl (RaftServerImpl.java:start(173)) - 805b6827-ada1-4282-a8a1-60325c2e4001: start group-F6B5850062D7
2019-06-14 11:05:17,651 INFO  impl.RaftServerImpl (RaftServerImpl.java:setRole(164)) - 805b6827-ada1-4282-a8a1-60325c2e4001:group-F6B5850062D7 changes role from null to FOLLOWER at term 0 for startAsFollower
2019-06-14 11:05:17,651 INFO  server.RaftServerConfigKeys (ConfUtils.java:logGet(43)) - raft.server.retrycache.expirytime = 600000ms (custom)
2019-06-14 11:05:17,651 INFO  impl.RoleInfo (RoleInfo.java:updateAndGet(143)) - 805b6827-ada1-4282-a8a1-60325c2e4001: start FollowerState
2019-06-14 11:05:17,651 INFO  impl.RaftServerImpl (RaftServerImpl.java:start(173)) - 108977ce-d7fb-4674-92b5-3c8dc178fbfe: start group-F6B5850062D7
2019-06-14 11:05:17,651 INFO  impl.RaftServerImpl (RaftServerImpl.java:setRole(164)) - 108977ce-d7fb-4674-92b5-3c8dc178fbfe:group-F6B5850062D7 changes role from null to FOLLOWER at term 0 for startAsFollower
2019-06-14 11:05:17,652 INFO  impl.RoleInfo (RoleInfo.java:updateAndGet(143)) - 108977ce-d7fb-4674-92b5-3c8dc178fbfe: start FollowerState
2019-06-14 11:05:17,652 INFO  util.JmxRegister (JmxRegister.java:tryRegister(44)) - Successfully registered JMX Bean with object name Ratis:service=RaftServer,group=group-F6B5850062D7,id=805b6827-ada1-4282-a8a1-60325c2e4001
2019-06-14 11:05:17,652 INFO  util.JmxRegister (JmxRegister.java:tryRegister(44)) - Successfully registered JMX Bean with object name Ratis:service=RaftServer,group=group-F6B5850062D7,id=108977ce-d7fb-4674-92b5-3c8dc178fbfe
2019-06-14 11:05:17,652 INFO  server.RaftServerConfigKeys (ConfUtils.java:logGet(43)) - raft.server.retrycache.expirytime = 600000ms (custom)
2019-06-14 11:05:17,653 INFO  impl.RaftServerImpl (RaftServerImpl.java:start(173)) - 4541d35f-7742-4816-9697-97874e5464e5: start group-F6B5850062D7
2019-06-14 11:05:17,653 INFO  impl.RaftServerImpl (RaftServerImpl.java:setRole(164)) - 4541d35f-7742-4816-9697-97874e5464e5:group-F6B5850062D7 changes role from null to FOLLOWER at term 0 for startAsFollower
2019-06-14 11:05:17,653 INFO  impl.RoleInfo (RoleInfo.java:updateAndGet(143)) - 4541d35f-7742-4816-9697-97874e5464e5: start FollowerState
2019-06-14 11:05:17,653 INFO  util.JmxRegister (JmxRegister.java:tryRegister(44)) - Successfully registered JMX Bean with object name Ratis:service=RaftServer,group=group-F6B5850062D7,id=4541d35f-7742-4816-9697-97874e5464e5
2019-06-14 11:05:17,673 INFO  pipeline.PipelineStateManager (PipelineStateManager.java:addPipeline(56)) - Created pipeline Pipeline[ Id: 466c8dfe-691e-4ac6-92e3-f6b5850062d7, Nodes: 805b6827-ada1-4282-a8a1-60325c2e4001{ip: 192.168.11.221, host: ozone-h2rsg-4167039275, networkLocation: /default-rack, certSerialId: null}108977ce-d7fb-4674-92b5-3c8dc178fbfe{ip: 192.168.11.221, host: ozone-h2rsg-4167039275, networkLocation: /default-rack, certSerialId: null}4541d35f-7742-4816-9697-97874e5464e5{ip: 192.168.11.221, host: ozone-h2rsg-4167039275, networkLocation: /default-rack, certSerialId: null}, Type:RATIS, Factor:THREE, State:OPEN]
2019-06-14 11:05:18,068 INFO  impl.FollowerState (FollowerState.java:run(101)) - b0fe9f98-13b4-4242-93c9-6ed013381635:group-E5117468B710 changes to CANDIDATE, lastRpcTime:1021, electionTimeout:1021ms
2019-06-14 11:05:18,069 INFO  impl.RoleInfo (RoleInfo.java:shutdownFollowerState(121)) - b0fe9f98-13b4-4242-93c9-6ed013381635: shutdown FollowerState
2019-06-14 11:05:18,069 INFO  impl.RaftServerImpl (RaftServerImpl.java:setRole(164)) - b0fe9f98-13b4-4242-93c9-6ed013381635:group-E5117468B710 changes role from FOLLOWER to CANDIDATE at term 0 for changeToCandidate
2019-06-14 11:05:18,071 INFO  impl.RoleInfo (RoleInfo.java:updateAndGet(143)) - b0fe9f98-13b4-4242-93c9-6ed013381635: start LeaderElection
2019-06-14 11:05:18,079 INFO  impl.LeaderElection (LeaderElection.java:askForVotes(181)) - b0fe9f98-13b4-4242-93c9-6ed013381635:group-E5117468B710:LeaderElection1: begin an election at term 1 for -1: [b0fe9f98-13b4-4242-93c9-6ed013381635:192.168.11.221:40775], old=null
2019-06-14 11:05:18,080 INFO  impl.RoleInfo (RoleInfo.java:shutdownLeaderElection(134)) - b0fe9f98-13b4-4242-93c9-6ed013381635: shutdown LeaderElection
2019-06-14 11:05:18,081 INFO  impl.RaftServerImpl (RaftServerImpl.java:setRole(164)) - b0fe9f98-13b4-4242-93c9-6ed013381635:group-E5117468B710 changes role from CANDIDATE to LEADER at term 1 for changeToLeader
2019-06-14 11:05:18,081 INFO  impl.RaftServerImpl (ServerState.java:setLeader(263)) - b0fe9f98-13b4-4242-93c9-6ed013381635:group-E5117468B710 change Leader from null to b0fe9f98-13b4-4242-93c9-6ed013381635 at term 1 for becomeLeader, leader elected after 1193ms
2019-06-14 11:05:18,085 INFO  server.RaftServerConfigKeys (ConfUtils.java:logGet(43)) - raft.server.staging.catchup.gap = 1000 (default)
2019-06-14 11:05:18,085 INFO  server.RaftServerConfigKeys (ConfUtils.java:logGet(43)) - raft.server.rpc.sleep.time = 25ms (default)
2019-06-14 11:05:18,087 INFO  server.RaftServerConfigKeys (ConfUtils.java:logGet(43)) - raft.server.watch.timeout = 10s (default)
2019-06-14 11:05:18,087 INFO  server.RaftServerConfigKeys (ConfUtils.java:logGet(43)) - raft.server.watch.timeout.denomination = 1s (default)
2019-06-14 11:05:18,092 INFO  impl.RoleInfo (RoleInfo.java:updateAndGet(143)) - b0fe9f98-13b4-4242-93c9-6ed013381635: start LeaderState
2019-06-14 11:05:18,104 INFO  storage.RaftLogWorker (RaftLogWorker.java:startLogSegment(298)) - b0fe9f98-13b4-4242-93c9-6ed013381635-RaftLogWorker: Starting segment from index:0
2019-06-14 11:05:18,110 INFO  impl.RaftServerImpl (ServerState.java:setRaftConf(361)) - b0fe9f98-13b4-4242-93c9-6ed013381635:group-E5117468B710 set configuration 0: [b0fe9f98-13b4-4242-93c9-6ed013381635:192.168.11.221:40775], old=null at 0
2019-06-14 11:05:18,234 INFO  storage.RaftLogWorker (RaftLogWorker.java:execute(469)) - b0fe9f98-13b4-4242-93c9-6ed013381635-RaftLogWorker: created new log segment /opt/src/hadoop-ozone/integration-test/target/test-dir/MiniOzoneClusterImpl-38958ecb-06be-496f-91d2-c633fe1866b7/datanode-0/data/ratis/9b1393cf-cf83-4b43-b87a-e5117468b710/current/log_inprogress_0
2019-06-14 11:05:18,293 INFO  impl.FollowerState (FollowerState.java:run(101)) - 47bae98f-7f63-447b-bf9b-8fb5fd020d63:group-7CCEFF883EDA changes to CANDIDATE, lastRpcTime:1175, electionTimeout:1174ms
2019-06-14 11:05:18,295 INFO  impl.RoleInfo (RoleInfo.java:shutdownFollowerState(121)) - 47bae98f-7f63-447b-bf9b-8fb5fd020d63: shutdown FollowerState
2019-06-14 11:05:18,295 INFO  impl.RaftServerImpl (RaftServerImpl.java:setRole(164)) - 47bae98f-7f63-447b-bf9b-8fb5fd020d63:group-7CCEFF883EDA changes role from FOLLOWER to CANDIDATE at term 0 for changeToCandidate
2019-06-14 11:05:18,295 INFO  impl.RoleInfo (RoleInfo.java:updateAndGet(143)) - 47bae98f-7f63-447b-bf9b-8fb5fd020d63: start LeaderElection
2019-06-14 11:05:18,299 INFO  impl.LeaderElection (LeaderElection.java:askForVotes(181)) - 47bae98f-7f63-447b-bf9b-8fb5fd020d63:group-7CCEFF883EDA:LeaderElection2: begin an election at term 1 for -1: [47bae98f-7f63-447b-bf9b-8fb5fd020d63:192.168.11.221:41765], old=null
2019-06-14 11:05:18,300 INFO  impl.RoleInfo (RoleInfo.java:shutdownLeaderElection(134)) - 47bae98f-7f63-447b-bf9b-8fb5fd020d63: shutdown LeaderElection
2019-06-14 11:05:18,300 INFO  impl.RaftServerImpl (RaftServerImpl.java:setRole(164)) - 47bae98f-7f63-447b-bf9b-8fb5fd020d63:group-7CCEFF883EDA changes role from CANDIDATE to LEADER at term 1 for changeToLeader
2019-06-14 11:05:18,300 INFO  impl.RaftServerImpl (ServerState.java:setLeader(263)) - 47bae98f-7f63-447b-bf9b-8fb5fd020d63:group-7CCEFF883EDA change Leader from null to 47bae98f-7f63-447b-bf9b-8fb5fd020d63 at term 1 for becomeLeader, leader elected after 1186ms
2019-06-14 11:05:18,301 INFO  server.RaftServerConfigKeys (ConfUtils.java:logGet(43)) - raft.server.staging.catchup.gap = 1000 (default)
2019-06-14 11:05:18,301 INFO  server.RaftServerConfigKeys (ConfUtils.java:logGet(43)) - raft.server.rpc.sleep.time = 25ms (default)
2019-06-14 11:05:18,301 INFO  server.RaftServerConfigKeys (ConfUtils.java:logGet(43)) - raft.server.watch.timeout = 10s (default)
2019-06-14 11:05:18,301 INFO  server.RaftServerConfigKeys (ConfUtils.java:logGet(43)) - raft.server.watch.timeout.denomination = 1s (default)
2019-06-14 11:05:18,301 INFO  impl.RoleInfo (RoleInfo.java:updateAndGet(143)) - 47bae98f-7f63-447b-bf9b-8fb5fd020d63: start LeaderState
2019-06-14 11:05:18,302 INFO  storage.RaftLogWorker (RaftLogWorker.java:startLogSegment(298)) - 47bae98f-7f63-447b-bf9b-8fb5fd020d63-RaftLogWorker: Starting segment from index:0
2019-06-14 11:05:18,302 INFO  impl.FollowerState (FollowerState.java:run(101)) - 47bae98f-7f63-447b-bf9b-8fb5fd020d63:group-F531FDAD0335 changes to CANDIDATE, lastRpcTime:1057, electionTimeout:1051ms
2019-06-14 11:05:18,302 INFO  impl.RoleInfo (RoleInfo.java:shutdownFollowerState(121)) - 47bae98f-7f63-447b-bf9b-8fb5fd020d63: shutdown FollowerState
2019-06-14 11:05:18,303 INFO  impl.RaftServerImpl (RaftServerImpl.java:setRole(164)) - 47bae98f-7f63-447b-bf9b-8fb5fd020d63:group-F531FDAD0335 changes role from FOLLOWER to CANDIDATE at term 0 for changeToCandidate
2019-06-14 11:05:18,303 INFO  impl.RoleInfo (RoleInfo.java:updateAndGet(143)) - 47bae98f-7f63-447b-bf9b-8fb5fd020d63: start LeaderElection
2019-06-14 11:05:18,303 INFO  impl.RaftServerImpl (ServerState.java:setRaftConf(361)) - 47bae98f-7f63-447b-bf9b-8fb5fd020d63:group-7CCEFF883EDA set configuration 0: [47bae98f-7f63-447b-bf9b-8fb5fd020d63:192.168.11.221:41765], old=null at 0
2019-06-14 11:05:18,337 INFO  impl.FollowerState (FollowerState.java:run(101)) - f4ddd369-347a-47c6-bde9-3bd5ba8d3523:group-FEEBF5072A4C changes to CANDIDATE, lastRpcTime:1144, electionTimeout:1133ms
2019-06-14 11:05:18,337 INFO  impl.RoleInfo (RoleInfo.java:shutdownFollowerState(121)) - f4ddd369-347a-47c6-bde9-3bd5ba8d3523: shutdown FollowerState
2019-06-14 11:05:18,337 INFO  impl.RaftServerImpl (RaftServerImpl.java:setRole(164)) - f4ddd369-347a-47c6-bde9-3bd5ba8d3523:group-FEEBF5072A4C changes role from FOLLOWER to CANDIDATE at term 0 for changeToCandidate
2019-06-14 11:05:18,337 INFO  impl.RoleInfo (RoleInfo.java:updateAndGet(143)) - f4ddd369-347a-47c6-bde9-3bd5ba8d3523: start LeaderElection
2019-06-14 11:05:18,339 INFO  storage.RaftLogWorker (RaftLogWorker.java:execute(469)) - 47bae98f-7f63-447b-bf9b-8fb5fd020d63-RaftLogWorker: created new log segment /opt/src/hadoop-ozone/integration-test/target/test-dir/MiniOzoneClusterImpl-38958ecb-06be-496f-91d2-c633fe1866b7/datanode-1/data/ratis/425700b1-7f50-45b1-aff9-7cceff883eda/current/log_inprogress_0
2019-06-14 11:05:18,342 INFO  impl.LeaderElection (LeaderElection.java:askForVotes(181)) - f4ddd369-347a-47c6-bde9-3bd5ba8d3523:group-FEEBF5072A4C:LeaderElection4: begin an election at term 1 for -1: [f4ddd369-347a-47c6-bde9-3bd5ba8d3523:192.168.11.221:46767], old=null
2019-06-14 11:05:18,342 INFO  impl.LeaderElection (LeaderElection.java:askForVotes(181)) - 47bae98f-7f63-447b-bf9b-8fb5fd020d63:group-F531FDAD0335:LeaderElection3: begin an election at term 1 for -1: [47bae98f-7f63-447b-bf9b-8fb5fd020d63:192.168.11.221:41765, b0fe9f98-13b4-4242-93c9-6ed013381635:192.168.11.221:40775, f4ddd369-347a-47c6-bde9-3bd5ba8d3523:192.168.11.221:46767], old=null
2019-06-14 11:05:18,342 INFO  impl.RoleInfo (RoleInfo.java:shutdownLeaderElection(134)) - f4ddd369-347a-47c6-bde9-3bd5ba8d3523: shutdown LeaderElection
2019-06-14 11:05:18,342 INFO  impl.RaftServerImpl (RaftServerImpl.java:setRole(164)) - f4ddd369-347a-47c6-bde9-3bd5ba8d3523:group-FEEBF5072A4C changes role from CANDIDATE to LEADER at term 1 for changeToLeader
2019-06-14 11:05:18,342 INFO  impl.RaftServerImpl (ServerState.java:setLeader(263)) - f4ddd369-347a-47c6-bde9-3bd5ba8d3523:group-FEEBF5072A4C change Leader from null to f4ddd369-347a-47c6-bde9-3bd5ba8d3523 at term 1 for becomeLeader, leader elected after 1169ms
2019-06-14 11:05:18,343 INFO  server.RaftServerConfigKeys (ConfUtils.java:logGet(43)) - raft.server.staging.catchup.gap = 1000 (default)
2019-06-14 11:05:18,343 INFO  server.RaftServerConfigKeys (ConfUtils.java:logGet(43)) - raft.server.rpc.sleep.time = 25ms (default)
2019-06-14 11:05:18,343 INFO  server.RaftServerConfigKeys (ConfUtils.java:logGet(43)) - raft.server.watch.timeout = 10s (default)
2019-06-14 11:05:18,343 INFO  server.RaftServerConfigKeys (ConfUtils.java:logGet(43)) - raft.server.watch.timeout.denomination = 1s (default)
2019-06-14 11:05:18,343 INFO  impl.RoleInfo (RoleInfo.java:updateAndGet(143)) - f4ddd369-347a-47c6-bde9-3bd5ba8d3523: start LeaderState
2019-06-14 11:05:18,343 INFO  storage.RaftLogWorker (RaftLogWorker.java:startLogSegment(298)) - f4ddd369-347a-47c6-bde9-3bd5ba8d3523-RaftLogWorker: Starting segment from index:0
2019-06-14 11:05:18,344 INFO  impl.RaftServerImpl (ServerState.java:setRaftConf(361)) - f4ddd369-347a-47c6-bde9-3bd5ba8d3523:group-FEEBF5072A4C set configuration 0: [f4ddd369-347a-47c6-bde9-3bd5ba8d3523:192.168.11.221:46767], old=null at 0
2019-06-14 11:05:18,381 INFO  storage.RaftLogWorker (RaftLogWorker.java:execute(469)) - f4ddd369-347a-47c6-bde9-3bd5ba8d3523-RaftLogWorker: created new log segment /opt/src/hadoop-ozone/integration-test/target/test-dir/MiniOzoneClusterImpl-38958ecb-06be-496f-91d2-c633fe1866b7/datanode-2/data/ratis/59287df7-165d-494f-a380-feebf5072a4c/current/log_inprogress_0
2019-06-14 11:05:18,397 INFO  impl.RaftServerImpl (RaftServerImpl.java:setRole(164)) - b0fe9f98-13b4-4242-93c9-6ed013381635:group-F531FDAD0335 changes role from FOLLOWER to FOLLOWER at term 1 for recognizeCandidate:47bae98f-7f63-447b-bf9b-8fb5fd020d63
2019-06-14 11:05:18,397 INFO  impl.RaftServerImpl (RaftServerImpl.java:setRole(164)) - f4ddd369-347a-47c6-bde9-3bd5ba8d3523:group-F531FDAD0335 changes role from FOLLOWER to FOLLOWER at term 1 for recognizeCandidate:47bae98f-7f63-447b-bf9b-8fb5fd020d63
2019-06-14 11:05:18,397 INFO  impl.RoleInfo (RoleInfo.java:shutdownFollowerState(121)) - b0fe9f98-13b4-4242-93c9-6ed013381635: shutdown FollowerState
2019-06-14 11:05:18,397 INFO  impl.RoleInfo (RoleInfo.java:shutdownFollowerState(121)) - f4ddd369-347a-47c6-bde9-3bd5ba8d3523: shutdown FollowerState
2019-06-14 11:05:18,397 INFO  impl.FollowerState (FollowerState.java:run(109)) - b0fe9f98-13b4-4242-93c9-6ed013381635: FollowerState was interrupted: java.lang.InterruptedException: sleep interrupted
2019-06-14 11:05:18,397 INFO  impl.FollowerState (FollowerState.java:run(109)) - f4ddd369-347a-47c6-bde9-3bd5ba8d3523: FollowerState was interrupted: java.lang.InterruptedException: sleep interrupted
2019-06-14 11:05:18,397 INFO  impl.RoleInfo (RoleInfo.java:updateAndGet(143)) - b0fe9f98-13b4-4242-93c9-6ed013381635: start FollowerState
2019-06-14 11:05:18,397 INFO  impl.RoleInfo (RoleInfo.java:updateAndGet(143)) - f4ddd369-347a-47c6-bde9-3bd5ba8d3523: start FollowerState
2019-06-14 11:05:18,410 INFO  impl.LeaderElection (LeaderElection.java:logAndReturn(56)) - 47bae98f-7f63-447b-bf9b-8fb5fd020d63:group-F531FDAD0335:LeaderElection3: Election PASSED; received 1 response(s) [47bae98f-7f63-447b-bf9b-8fb5fd020d63->b0fe9f98-13b4-4242-93c9-6ed013381635,true-t1] and 0 exception(s); 47bae98f-7f63-447b-bf9b-8fb5fd020d63:t1, leader=null, voted=47bae98f-7f63-447b-bf9b-8fb5fd020d63, raftlog=47bae98f-7f63-447b-bf9b-8fb5fd020d63-SegmentedRaftLog:OPENED:c-1,f-1,i0, conf=-1: [47bae98f-7f63-447b-bf9b-8fb5fd020d63:192.168.11.221:41765, b0fe9f98-13b4-4242-93c9-6ed013381635:192.168.11.221:40775, f4ddd369-347a-47c6-bde9-3bd5ba8d3523:192.168.11.221:46767], old=null
2019-06-14 11:05:18,410 INFO  impl.RoleInfo (RoleInfo.java:shutdownLeaderElection(134)) - 47bae98f-7f63-447b-bf9b-8fb5fd020d63: shutdown LeaderElection
2019-06-14 11:05:18,412 INFO  impl.RaftServerImpl (RaftServerImpl.java:setRole(164)) - 47bae98f-7f63-447b-bf9b-8fb5fd020d63:group-F531FDAD0335 changes role from CANDIDATE to LEADER at term 1 for changeToLeader
2019-06-14 11:05:18,412 INFO  impl.RaftServerImpl (ServerState.java:setLeader(263)) - 47bae98f-7f63-447b-bf9b-8fb5fd020d63:group-F531FDAD0335 change Leader from null to 47bae98f-7f63-447b-bf9b-8fb5fd020d63 at term 1 for becomeLeader, leader elected after 1178ms
2019-06-14 11:05:18,412 INFO  server.RaftServerConfigKeys (ConfUtils.java:logGet(43)) - raft.server.staging.catchup.gap = 1000 (default)
2019-06-14 11:05:18,412 INFO  server.RaftServerConfigKeys (ConfUtils.java:logGet(43)) - raft.server.rpc.sleep.time = 25ms (default)
2019-06-14 11:05:18,412 INFO  server.RaftServerConfigKeys (ConfUtils.java:logGet(43)) - raft.server.watch.timeout = 10s (default)
2019-06-14 11:05:18,412 INFO  server.RaftServerConfigKeys (ConfUtils.java:logGet(43)) - raft.server.watch.timeout.denomination = 1s (default)
2019-06-14 11:05:18,415 INFO  server.RaftServerConfigKeys (ConfUtils.java:logGet(43)) - raft.server.log.appender.snapshot.chunk.size.max = 16MB (=16777216) (default)
2019-06-14 11:05:18,415 INFO  server.RaftServerConfigKeys (ConfUtils.java:logGet(43)) - raft.server.log.appender.buffer.byte-limit = 33554432 (custom)
2019-06-14 11:05:18,415 INFO  server.RaftServerConfigKeys (ConfUtils.java:logGet(43)) - raft.server.log.appender.buffer.element-limit = 1 (custom)
2019-06-14 11:05:18,416 INFO  grpc.GrpcConfigKeys$Server (ConfUtils.java:logGet(43)) - raft.grpc.server.leader.outstanding.appends.max = 128 (default)
2019-06-14 11:05:18,416 INFO  server.RaftServerConfigKeys (ConfUtils.java:logGet(43)) - raft.server.rpc.request.timeout = 3000ms (default)
2019-06-14 11:05:18,416 INFO  server.RaftServerConfigKeys (ConfUtils.java:logGet(43)) - raft.server.log.appender.install.snapshot.enabled = true (default)
2019-06-14 11:05:18,416 INFO  server.RaftServerConfigKeys (ConfUtils.java:logGet(43)) - raft.server.log.appender.snapshot.chunk.size.max = 16MB (=16777216) (default)
2019-06-14 11:05:18,416 INFO  server.RaftServerConfigKeys (ConfUtils.java:logGet(43)) - raft.server.log.appender.buffer.byte-limit = 33554432 (custom)
2019-06-14 11:05:18,417 INFO  server.RaftServerConfigKeys (ConfUtils.java:logGet(43)) - raft.server.log.appender.buffer.element-limit = 1 (custom)
2019-06-14 11:05:18,417 INFO  grpc.GrpcConfigKeys$Server (ConfUtils.java:logGet(43)) - raft.grpc.server.leader.outstanding.appends.max = 128 (default)
2019-06-14 11:05:18,417 INFO  server.RaftServerConfigKeys (ConfUtils.java:logGet(43)) - raft.server.rpc.request.timeout = 3000ms (default)
2019-06-14 11:05:18,417 INFO  server.RaftServerConfigKeys (ConfUtils.java:logGet(43)) - raft.server.log.appender.install.snapshot.enabled = true (default)
2019-06-14 11:05:18,417 INFO  impl.RoleInfo (RoleInfo.java:updateAndGet(143)) - 47bae98f-7f63-447b-bf9b-8fb5fd020d63: start LeaderState
2019-06-14 11:05:18,417 INFO  storage.RaftLogWorker (RaftLogWorker.java:startLogSegment(298)) - 47bae98f-7f63-447b-bf9b-8fb5fd020d63-RaftLogWorker: Starting segment from index:0
2019-06-14 11:05:18,437 INFO  impl.FollowerState (FollowerState.java:run(101)) - 4541d35f-7742-4816-9697-97874e5464e5:group-6842CD6D3A95 changes to CANDIDATE, lastRpcTime:1150, electionTimeout:1150ms
2019-06-14 11:05:18,437 INFO  impl.RaftServerImpl (ServerState.java:setRaftConf(361)) - 47bae98f-7f63-447b-bf9b-8fb5fd020d63:group-F531FDAD0335 set configuration 0: [47bae98f-7f63-447b-bf9b-8fb5fd020d63:192.168.11.221:41765, b0fe9f98-13b4-4242-93c9-6ed013381635:192.168.11.221:40775, f4ddd369-347a-47c6-bde9-3bd5ba8d3523:192.168.11.221:46767], old=null at 0
2019-06-14 11:05:18,455 INFO  impl.RoleInfo (RoleInfo.java:shutdownFollowerState(121)) - 4541d35f-7742-4816-9697-97874e5464e5: shutdown FollowerState
2019-06-14 11:05:18,456 INFO  impl.RaftServerImpl (RaftServerImpl.java:setRole(164)) - 4541d35f-7742-4816-9697-97874e5464e5:group-6842CD6D3A95 changes role from FOLLOWER to CANDIDATE at term 0 for changeToCandidate
2019-06-14 11:05:18,456 INFO  impl.RoleInfo (RoleInfo.java:updateAndGet(143)) - 4541d35f-7742-4816-9697-97874e5464e5: start LeaderElection
2019-06-14 11:05:18,459 INFO  storage.RaftLogWorker (RaftLogWorker.java:execute(469)) - 47bae98f-7f63-447b-bf9b-8fb5fd020d63-RaftLogWorker: created new log segment /opt/src/hadoop-ozone/integration-test/target/test-dir/MiniOzoneClusterImpl-38958ecb-06be-496f-91d2-c633fe1866b7/datanode-1/data/ratis/7934d323-4df4-4b62-9cc0-f531fdad0335/current/log_inprogress_0
2019-06-14 11:05:18,467 INFO  impl.LeaderElection (LeaderElection.java:askForVotes(181)) - 4541d35f-7742-4816-9697-97874e5464e5:group-6842CD6D3A95:LeaderElection5: begin an election at term 1 for -1: [4541d35f-7742-4816-9697-97874e5464e5:192.168.11.221:34709], old=null
2019-06-14 11:05:18,467 INFO  impl.RoleInfo (RoleInfo.java:shutdownLeaderElection(134)) - 4541d35f-7742-4816-9697-97874e5464e5: shutdown LeaderElection
2019-06-14 11:05:18,467 INFO  impl.RaftServerImpl (RaftServerImpl.java:setRole(164)) - 4541d35f-7742-4816-9697-97874e5464e5:group-6842CD6D3A95 changes role from CANDIDATE to LEADER at term 1 for changeToLeader
2019-06-14 11:05:18,467 INFO  impl.RaftServerImpl (ServerState.java:setLeader(263)) - 4541d35f-7742-4816-9697-97874e5464e5:group-6842CD6D3A95 change Leader from null to 4541d35f-7742-4816-9697-97874e5464e5 at term 1 for becomeLeader, leader elected after 1182ms
2019-06-14 11:05:18,470 INFO  impl.RaftServerImpl (ServerState.java:setLeader(263)) - b0fe9f98-13b4-4242-93c9-6ed013381635:group-F531FDAD0335 change Leader from null to 47bae98f-7f63-447b-bf9b-8fb5fd020d63 at term 1 for appendEntries, leader elected after 1238ms
2019-06-14 11:05:18,471 INFO  impl.RaftServerImpl (ServerState.java:setLeader(263)) - f4ddd369-347a-47c6-bde9-3bd5ba8d3523:group-F531FDAD0335 change Leader from null to 47bae98f-7f63-447b-bf9b-8fb5fd020d63 at term 1 for appendEntries, leader elected after 1239ms
2019-06-14 11:05:18,476 INFO  server.RaftServerConfigKeys (ConfUtils.java:logGet(43)) - raft.server.staging.catchup.gap = 1000 (default)
2019-06-14 11:05:18,476 INFO  server.RaftServerConfigKeys (ConfUtils.java:logGet(43)) - raft.server.rpc.sleep.time = 25ms (default)
2019-06-14 11:05:18,479 INFO  server.RaftServerConfigKeys (ConfUtils.java:logGet(43)) - raft.server.watch.timeout = 10s (default)
2019-06-14 11:05:18,479 INFO  server.RaftServerConfigKeys (ConfUtils.java:logGet(43)) - raft.server.watch.timeout.denomination = 1s (default)
2019-06-14 11:05:18,480 INFO  impl.RoleInfo (RoleInfo.java:updateAndGet(143)) - 4541d35f-7742-4816-9697-97874e5464e5: start LeaderState
2019-06-14 11:05:18,480 INFO  storage.RaftLogWorker (RaftLogWorker.java:startLogSegment(298)) - 4541d35f-7742-4816-9697-97874e5464e5-RaftLogWorker: Starting segment from index:0
2019-06-14 11:05:18,480 INFO  impl.RaftServerImpl (ServerState.java:setRaftConf(361)) - 4541d35f-7742-4816-9697-97874e5464e5:group-6842CD6D3A95 set configuration 0: [4541d35f-7742-4816-9697-97874e5464e5:192.168.11.221:34709], old=null at 0
2019-06-14 11:05:18,518 INFO  storage.RaftLogWorker (RaftLogWorker.java:execute(469)) - 4541d35f-7742-4816-9697-97874e5464e5-RaftLogWorker: created new log segment /opt/src/hadoop-ozone/integration-test/target/test-dir/MiniOzoneClusterImpl-38958ecb-06be-496f-91d2-c633fe1866b7/datanode-3/data/ratis/7721fcb3-ce4e-41ab-b0e6-6842cd6d3a95/current/log_inprogress_0
2019-06-14 11:05:18,527 INFO  impl.RaftServerImpl (ServerState.java:setRaftConf(361)) - b0fe9f98-13b4-4242-93c9-6ed013381635:group-F531FDAD0335 set configuration 0: [47bae98f-7f63-447b-bf9b-8fb5fd020d63:192.168.11.221:41765, b0fe9f98-13b4-4242-93c9-6ed013381635:192.168.11.221:40775, f4ddd369-347a-47c6-bde9-3bd5ba8d3523:192.168.11.221:46767], old=null at 0
2019-06-14 11:05:18,527 INFO  impl.RaftServerImpl (ServerState.java:setRaftConf(361)) - f4ddd369-347a-47c6-bde9-3bd5ba8d3523:group-F531FDAD0335 set configuration 0: [47bae98f-7f63-447b-bf9b-8fb5fd020d63:192.168.11.221:41765, b0fe9f98-13b4-4242-93c9-6ed013381635:192.168.11.221:40775, f4ddd369-347a-47c6-bde9-3bd5ba8d3523:192.168.11.221:46767], old=null at 0
2019-06-14 11:05:18,527 INFO  storage.RaftLogWorker (RaftLogWorker.java:startLogSegment(298)) - b0fe9f98-13b4-4242-93c9-6ed013381635-RaftLogWorker: Starting segment from index:0
2019-06-14 11:05:18,527 INFO  storage.RaftLogWorker (RaftLogWorker.java:startLogSegment(298)) - f4ddd369-347a-47c6-bde9-3bd5ba8d3523-RaftLogWorker: Starting segment from index:0
2019-06-14 11:05:18,564 INFO  impl.FollowerState (FollowerState.java:run(101)) - 108977ce-d7fb-4674-92b5-3c8dc178fbfe:group-0EC5F0541A15 changes to CANDIDATE, lastRpcTime:1155, electionTimeout:1155ms
2019-06-14 11:05:18,564 INFO  impl.RoleInfo (RoleInfo.java:shutdownFollowerState(121)) - 108977ce-d7fb-4674-92b5-3c8dc178fbfe: shutdown FollowerState
2019-06-14 11:05:18,564 INFO  impl.RaftServerImpl (RaftServerImpl.java:setRole(164)) - 108977ce-d7fb-4674-92b5-3c8dc178fbfe:group-0EC5F0541A15 changes role from FOLLOWER to CANDIDATE at term 0 for changeToCandidate
2019-06-14 11:05:18,564 INFO  impl.RoleInfo (RoleInfo.java:updateAndGet(143)) - 108977ce-d7fb-4674-92b5-3c8dc178fbfe: start LeaderElection
2019-06-14 11:05:18,576 INFO  storage.RaftLogWorker (RaftLogWorker.java:execute(469)) - f4ddd369-347a-47c6-bde9-3bd5ba8d3523-RaftLogWorker: created new log segment /opt/src/hadoop-ozone/integration-test/target/test-dir/MiniOzoneClusterImpl-38958ecb-06be-496f-91d2-c633fe1866b7/datanode-2/data/ratis/7934d323-4df4-4b62-9cc0-f531fdad0335/current/log_inprogress_0
2019-06-14 11:05:18,576 INFO  storage.RaftLogWorker (RaftLogWorker.java:execute(469)) - b0fe9f98-13b4-4242-93c9-6ed013381635-RaftLogWorker: created new log segment /opt/src/hadoop-ozone/integration-test/target/test-dir/MiniOzoneClusterImpl-38958ecb-06be-496f-91d2-c633fe1866b7/datanode-0/data/ratis/7934d323-4df4-4b62-9cc0-f531fdad0335/current/log_inprogress_0
2019-06-14 11:05:18,577 INFO  impl.LeaderElection (LeaderElection.java:askForVotes(181)) - 108977ce-d7fb-4674-92b5-3c8dc178fbfe:group-0EC5F0541A15:LeaderElection6: begin an election at term 1 for -1: [108977ce-d7fb-4674-92b5-3c8dc178fbfe:192.168.11.221:40747], old=null
2019-06-14 11:05:18,577 INFO  impl.RoleInfo (RoleInfo.java:shutdownLeaderElection(134)) - 108977ce-d7fb-4674-92b5-3c8dc178fbfe: shutdown LeaderElection
2019-06-14 11:05:18,577 INFO  impl.RaftServerImpl (RaftServerImpl.java:setRole(164)) - 108977ce-d7fb-4674-92b5-3c8dc178fbfe:group-0EC5F0541A15 changes role from CANDIDATE to LEADER at term 1 for changeToLeader
2019-06-14 11:05:18,577 INFO  impl.RaftServerImpl (ServerState.java:setLeader(263)) - 108977ce-d7fb-4674-92b5-3c8dc178fbfe:group-0EC5F0541A15 change Leader from null to 108977ce-d7fb-4674-92b5-3c8dc178fbfe at term 1 for becomeLeader, leader elected after 1171ms
2019-06-14 11:05:18,579 INFO  server.RaftServerConfigKeys (ConfUtils.java:logGet(43)) - raft.server.staging.catchup.gap = 1000 (default)
2019-06-14 11:05:18,579 INFO  server.RaftServerConfigKeys (ConfUtils.java:logGet(43)) - raft.server.rpc.sleep.time = 25ms (default)
2019-06-14 11:05:18,581 INFO  server.RaftServerConfigKeys (ConfUtils.java:logGet(43)) - raft.server.watch.timeout = 10s (default)
2019-06-14 11:05:18,581 INFO  server.RaftServerConfigKeys (ConfUtils.java:logGet(43)) - raft.server.watch.timeout.denomination = 1s (default)
2019-06-14 11:05:18,581 INFO  impl.RoleInfo (RoleInfo.java:updateAndGet(143)) - 108977ce-d7fb-4674-92b5-3c8dc178fbfe: start LeaderState
2019-06-14 11:05:18,581 INFO  storage.RaftLogWorker (RaftLogWorker.java:startLogSegment(298)) - 108977ce-d7fb-4674-92b5-3c8dc178fbfe-RaftLogWorker: Starting segment from index:0
2019-06-14 11:05:18,582 INFO  impl.RaftServerImpl (ServerState.java:setRaftConf(361)) - 108977ce-d7fb-4674-92b5-3c8dc178fbfe:group-0EC5F0541A15 set configuration 0: [108977ce-d7fb-4674-92b5-3c8dc178fbfe:192.168.11.221:40747], old=null at 0
2019-06-14 11:05:18,603 INFO  ozone.MiniOzoneClusterImpl (MiniOzoneClusterImpl.java:lambda$waitForClusterToBeReady$0(142)) - Cluster is ready. Got 6 of 6 DN Heartbeats.
]]></system-out>
    <system-err><![CDATA[ERROR StatusLogger No Log4j 2 configuration file found. Using default configuration (logging only errors to the console), or user programmatically provided configurations. Set system property 'log4j2.debug' to show Log4j 2 internal initialization logging. See https://logging.apache.org/log4j/2.x/manual/configuration.html for instructions on how to configure Log4j 2
Jun 14, 2019 11:05:11 AM com.sun.jersey.server.impl.application.WebApplicationImpl _initiate
INFO: Initiating Jersey application, version 'Jersey: 1.19 02/11/2015 03:25 AM'
Jun 14, 2019 11:05:12 AM com.sun.jersey.server.impl.application.WebApplicationImpl _initiate
INFO: Initiating Jersey application, version 'Jersey: 1.19 02/11/2015 03:25 AM'
Jun 14, 2019 11:05:12 AM com.sun.jersey.server.impl.application.WebApplicationImpl _initiate
INFO: Initiating Jersey application, version 'Jersey: 1.19 02/11/2015 03:25 AM'
Jun 14, 2019 11:05:13 AM com.sun.jersey.server.impl.application.WebApplicationImpl _initiate
INFO: Initiating Jersey application, version 'Jersey: 1.19 02/11/2015 03:25 AM'
Jun 14, 2019 11:05:13 AM com.sun.jersey.server.impl.application.WebApplicationImpl _initiate
INFO: Initiating Jersey application, version 'Jersey: 1.19 02/11/2015 03:25 AM'
Jun 14, 2019 11:05:13 AM com.sun.jersey.server.impl.application.WebApplicationImpl _initiate
INFO: Initiating Jersey application, version 'Jersey: 1.19 02/11/2015 03:25 AM'
]]></system-err>
  </testcase>
</testsuite>