<?xml version="1.0" encoding="UTF-8"?>
<testsuite xmlns:xsi="http://www.w3.org/2001/XMLSchema-instance" xsi:noNamespaceSchemaLocation="https://maven.apache.org/surefire/maven-surefire-plugin/xsd/surefire-test-report.xsd" name="org.apache.hadoop.hdds.scm.pipeline.TestSCMRestart" time="66.525" tests="1" errors="1" skipped="0" failures="0">
  <properties>
    <property name="awt.toolkit" value="sun.awt.X11.XToolkit"/>
    <property name="file.encoding.pkg" value="sun.io"/>
    <property name="java.specification.version" value="1.8"/>
    <property name="sun.cpu.isalist" value=""/>
    <property name="sun.jnu.encoding" value="UTF-8"/>
    <property name="java.class.path" value="/opt/src/hadoop-ozone/integration-test/target/test-classes:/opt/src/hadoop-ozone/integration-test/target/classes:/root/.m2/repository/org/apache/hadoop/hadoop-ozone-common/0.5.0-SNAPSHOT/hadoop-ozone-common-0.5.0-SNAPSHOT.jar:/root/.m2/repository/org/apache/commons/commons-compress/1.4.1/commons-compress-1.4.1.jar:/root/.m2/repository/org/tukaani/xz/1.0/xz-1.0.jar:/root/.m2/repository/org/apache/hadoop/hadoop-common/3.2.0/hadoop-common-3.2.0.jar:/root/.m2/repository/org/apache/hadoop/hadoop-hdfs/3.2.0/hadoop-hdfs-3.2.0.jar:/root/.m2/repository/org/apache/hadoop/hadoop-hdfs-client/3.2.0/hadoop-hdfs-client-3.2.0.jar:/root/.m2/repository/com/fasterxml/jackson/core/jackson-annotations/2.9.5/jackson-annotations-2.9.5.jar:/root/.m2/repository/org/apache/hadoop/hadoop-hdds-common/0.5.0-SNAPSHOT/hadoop-hdds-common-0.5.0-SNAPSHOT.jar:/root/.m2/repository/javax/annotation/javax.annotation-api/1.2/javax.annotation-api-1.2.jar:/root/.m2/repository/org/apache/ratis/ratis-server/0.4.0-fe2b15d-SNAPSHOT/ratis-server-0.4.0-fe2b15d-SNAPSHOT.jar:/root/.m2/repository/org/apache/ratis/ratis-thirdparty-misc/0.2.0/ratis-thirdparty-misc-0.2.0.jar:/root/.m2/repository/org/apache/ratis/ratis-proto/0.4.0-fe2b15d-SNAPSHOT/ratis-proto-0.4.0-fe2b15d-SNAPSHOT.jar:/root/.m2/repository/org/apache/ratis/ratis-common/0.4.0-fe2b15d-SNAPSHOT/ratis-common-0.4.0-fe2b15d-SNAPSHOT.jar:/root/.m2/repository/org/apache/ratis/ratis-client/0.4.0-fe2b15d-SNAPSHOT/ratis-client-0.4.0-fe2b15d-SNAPSHOT.jar:/root/.m2/repository/org/apache/ratis/ratis-netty/0.4.0-fe2b15d-SNAPSHOT/ratis-netty-0.4.0-fe2b15d-SNAPSHOT.jar:/root/.m2/repository/org/apache/ratis/ratis-grpc/0.4.0-fe2b15d-SNAPSHOT/ratis-grpc-0.4.0-fe2b15d-SNAPSHOT.jar:/root/.m2/repository/org/rocksdb/rocksdbjni/5.14.2/rocksdbjni-5.14.2.jar:/root/.m2/repository/org/apache/logging/log4j/log4j-api/2.11.0/log4j-api-2.11.0.jar:/root/.m2/repository/org/apache/logging/log4j/log4j-core/2.11.0/log4j-core-2.11.0.jar:/root/.m2/repository/com/lmax/disruptor/3.4.2/disruptor-3.4.2.jar:/root/.m2/repository/org/apache/commons/commons-pool2/2.6.0/commons-pool2-2.6.0.jar:/root/.m2/repository/org/bouncycastle/bcpkix-jdk15on/1.60/bcpkix-jdk15on-1.60.jar:/root/.m2/repository/commons-validator/commons-validator/1.6/commons-validator-1.6.jar:/root/.m2/repository/commons-digester/commons-digester/1.8.1/commons-digester-1.8.1.jar:/root/.m2/repository/io/jaegertracing/jaeger-client/0.33.1/jaeger-client-0.33.1.jar:/root/.m2/repository/io/jaegertracing/jaeger-thrift/0.33.1/jaeger-thrift-0.33.1.jar:/root/.m2/repository/org/apache/thrift/libthrift/0.11.0/libthrift-0.11.0.jar:/root/.m2/repository/com/squareup/okhttp3/okhttp/3.9.0/okhttp-3.9.0.jar:/root/.m2/repository/com/squareup/okio/okio/1.13.0/okio-1.13.0.jar:/root/.m2/repository/io/jaegertracing/jaeger-core/0.33.1/jaeger-core-0.33.1.jar:/root/.m2/repository/io/jaegertracing/jaeger-tracerresolver/0.33.1/jaeger-tracerresolver-0.33.1.jar:/root/.m2/repository/io/opentracing/contrib/opentracing-tracerresolver/0.1.5/opentracing-tracerresolver-0.1.5.jar:/root/.m2/repository/io/opentracing/opentracing-util/0.31.0/opentracing-util-0.31.0.jar:/root/.m2/repository/io/opentracing/opentracing-api/0.31.0/opentracing-api-0.31.0.jar:/root/.m2/repository/io/opentracing/opentracing-noop/0.31.0/opentracing-noop-0.31.0.jar:/root/.m2/repository/org/apache/hadoop/hadoop-hdds-server-framework/0.5.0-SNAPSHOT/hadoop-hdds-server-framework-0.5.0-SNAPSHOT.jar:/root/.m2/repository/org/apache/hadoop/hadoop-hdds-server-scm/0.5.0-SNAPSHOT/hadoop-hdds-server-scm-0.5.0-SNAPSHOT.jar:/root/.m2/repository/org/apache/hadoop/hadoop-hdds-container-service/0.5.0-SNAPSHOT/hadoop-hdds-container-service-0.5.0-SNAPSHOT.jar:/root/.m2/repository/org/apache/hadoop/hadoop-hdds-client/0.5.0-SNAPSHOT/hadoop-hdds-client-0.5.0-SNAPSHOT.jar:/root/.m2/repository/org/apache/hadoop/hadoop-hdds-tools/0.5.0-SNAPSHOT/hadoop-hdds-tools-0.5.0-SNAPSHOT.jar:/root/.m2/repository/org/apache/hadoop/hadoop-ozone-ozone-manager/0.5.0-SNAPSHOT/hadoop-ozone-ozone-manager-0.5.0-SNAPSHOT.jar:/root/.m2/repository/org/apache/hadoop/hadoop-hdds-docs/0.5.0-SNAPSHOT/hadoop-hdds-docs-0.5.0-SNAPSHOT.jar:/root/.m2/repository/org/bouncycastle/bcprov-jdk15on/1.60/bcprov-jdk15on-1.60.jar:/root/.m2/repository/org/apache/hadoop/hadoop-minikdc/3.2.0/hadoop-minikdc-3.2.0.jar:/root/.m2/repository/commons-io/commons-io/2.5/commons-io-2.5.jar:/root/.m2/repository/org/apache/kerby/kerb-simplekdc/1.0.1/kerb-simplekdc-1.0.1.jar:/root/.m2/repository/org/apache/kerby/kerb-client/1.0.1/kerb-client-1.0.1.jar:/root/.m2/repository/org/apache/kerby/kerby-config/1.0.1/kerby-config-1.0.1.jar:/root/.m2/repository/org/apache/kerby/kerb-core/1.0.1/kerb-core-1.0.1.jar:/root/.m2/repository/org/apache/kerby/kerby-pkix/1.0.1/kerby-pkix-1.0.1.jar:/root/.m2/repository/org/apache/kerby/kerby-asn1/1.0.1/kerby-asn1-1.0.1.jar:/root/.m2/repository/org/apache/kerby/kerby-util/1.0.1/kerby-util-1.0.1.jar:/root/.m2/repository/org/apache/kerby/kerb-common/1.0.1/kerb-common-1.0.1.jar:/root/.m2/repository/org/apache/kerby/kerb-crypto/1.0.1/kerb-crypto-1.0.1.jar:/root/.m2/repository/org/apache/kerby/kerb-util/1.0.1/kerb-util-1.0.1.jar:/root/.m2/repository/org/apache/kerby/token-provider/1.0.1/token-provider-1.0.1.jar:/root/.m2/repository/org/apache/kerby/kerb-admin/1.0.1/kerb-admin-1.0.1.jar:/root/.m2/repository/org/apache/kerby/kerb-server/1.0.1/kerb-server-1.0.1.jar:/root/.m2/repository/org/apache/kerby/kerb-identity/1.0.1/kerb-identity-1.0.1.jar:/root/.m2/repository/org/apache/kerby/kerby-xdr/1.0.1/kerby-xdr-1.0.1.jar:/root/.m2/repository/org/slf4j/slf4j-log4j12/1.7.25/slf4j-log4j12-1.7.25.jar:/root/.m2/repository/org/apache/hadoop/hadoop-ozone-objectstore-service/0.5.0-SNAPSHOT/hadoop-ozone-objectstore-service-0.5.0-SNAPSHOT.jar:/root/.m2/repository/org/apache/hadoop/hadoop-ozone-s3gateway/0.5.0-SNAPSHOT/hadoop-ozone-s3gateway-0.5.0-SNAPSHOT.jar:/root/.m2/repository/org/jboss/weld/servlet/weld-servlet/2.4.7.Final/weld-servlet-2.4.7.Final.jar:/root/.m2/repository/org/glassfish/jersey/containers/jersey-container-servlet-core/2.27/jersey-container-servlet-core-2.27.jar:/root/.m2/repository/org/glassfish/hk2/external/javax.inject/2.5.0-b42/javax.inject-2.5.0-b42.jar:/root/.m2/repository/org/glassfish/jersey/core/jersey-common/2.27/jersey-common-2.27.jar:/root/.m2/repository/org/glassfish/hk2/osgi-resource-locator/1.0.1/osgi-resource-locator-1.0.1.jar:/root/.m2/repository/javax/ws/rs/javax.ws.rs-api/2.1/javax.ws.rs-api-2.1.jar:/root/.m2/repository/org/glassfish/jersey/ext/cdi/jersey-cdi1x/2.27/jersey-cdi1x-2.27.jar:/root/.m2/repository/org/glassfish/jersey/inject/jersey-hk2/2.27/jersey-hk2-2.27.jar:/root/.m2/repository/org/glassfish/hk2/hk2-locator/2.5.0-b42/hk2-locator-2.5.0-b42.jar:/root/.m2/repository/org/javassist/javassist/3.22.0-CR2/javassist-3.22.0-CR2.jar:/root/.m2/repository/org/glassfish/hk2/hk2-api/2.5.0/hk2-api-2.5.0.jar:/root/.m2/repository/org/glassfish/hk2/external/jakarta.inject/2.5.0/jakarta.inject-2.5.0.jar:/root/.m2/repository/org/glassfish/hk2/hk2-utils/2.5.0/hk2-utils-2.5.0.jar:/root/.m2/repository/jakarta/annotation/jakarta.annotation-api/1.3.4/jakarta.annotation-api-1.3.4.jar:/root/.m2/repository/org/glassfish/hk2/external/aopalliance-repackaged/2.5.0/aopalliance-repackaged-2.5.0.jar:/root/.m2/repository/com/fasterxml/jackson/dataformat/jackson-dataformat-xml/2.9.0/jackson-dataformat-xml-2.9.0.jar:/root/.m2/repository/com/fasterxml/jackson/core/jackson-core/2.9.5/jackson-core-2.9.5.jar:/root/.m2/repository/com/fasterxml/jackson/module/jackson-module-jaxb-annotations/2.9.5/jackson-module-jaxb-annotations-2.9.5.jar:/root/.m2/repository/javax/enterprise/cdi-api/1.2/cdi-api-1.2.jar:/root/.m2/repository/javax/el/javax.el-api/3.0.0/javax.el-api-3.0.0.jar:/root/.m2/repository/javax/interceptor/javax.interceptor-api/1.2/javax.interceptor-api-1.2.jar:/root/.m2/repository/javax/inject/javax.inject/1/javax.inject-1.jar:/root/.m2/repository/com/sun/xml/bind/jaxb-impl/2.3.0.1/jaxb-impl-2.3.0.1.jar:/root/.m2/repository/com/sun/xml/bind/jaxb-core/2.3.0.1/jaxb-core-2.3.0.1.jar:/root/.m2/repository/javax/xml/bind/jaxb-api/2.3.0/jaxb-api-2.3.0.jar:/root/.m2/repository/javax/activation/activation/1.1.1/activation-1.1.1.jar:/root/.m2/repository/org/apache/hadoop/hadoop-ozone-csi/0.5.0-SNAPSHOT/hadoop-ozone-csi-0.5.0-SNAPSHOT.jar:/root/.m2/repository/com/google/protobuf/protobuf-java-util/3.5.1/protobuf-java-util-3.5.1.jar:/root/.m2/repository/org/apache/hadoop/hadoop-hdds-config/0.5.0-SNAPSHOT/hadoop-hdds-config-0.5.0-SNAPSHOT.jar:/root/.m2/repository/com/google/guava/guava/11.0.2/guava-11.0.2.jar:/root/.m2/repository/com/google/protobuf/protobuf-java/2.5.0/protobuf-java-2.5.0.jar:/root/.m2/repository/io/grpc/grpc-netty/1.17.1/grpc-netty-1.17.1.jar:/root/.m2/repository/io/grpc/grpc-core/1.17.1/grpc-core-1.17.1.jar:/root/.m2/repository/io/grpc/grpc-context/1.17.1/grpc-context-1.17.1.jar:/root/.m2/repository/com/google/errorprone/error_prone_annotations/2.2.0/error_prone_annotations-2.2.0.jar:/root/.m2/repository/org/codehaus/mojo/animal-sniffer-annotations/1.17/animal-sniffer-annotations-1.17.jar:/root/.m2/repository/io/opencensus/opencensus-api/0.17.0/opencensus-api-0.17.0.jar:/root/.m2/repository/io/opencensus/opencensus-contrib-grpc-metrics/0.17.0/opencensus-contrib-grpc-metrics-0.17.0.jar:/root/.m2/repository/io/netty/netty-codec-http2/4.1.30.Final/netty-codec-http2-4.1.30.Final.jar:/root/.m2/repository/io/netty/netty-codec-http/4.1.30.Final/netty-codec-http-4.1.30.Final.jar:/root/.m2/repository/io/netty/netty-codec/4.1.30.Final/netty-codec-4.1.30.Final.jar:/root/.m2/repository/io/netty/netty-handler/4.1.30.Final/netty-handler-4.1.30.Final.jar:/root/.m2/repository/io/netty/netty-handler-proxy/4.1.30.Final/netty-handler-proxy-4.1.30.Final.jar:/root/.m2/repository/io/netty/netty-codec-socks/4.1.30.Final/netty-codec-socks-4.1.30.Final.jar:/root/.m2/repository/io/netty/netty-transport-native-epoll/4.1.30.Final/netty-transport-native-epoll-4.1.30.Final.jar:/root/.m2/repository/io/netty/netty-common/4.1.30.Final/netty-common-4.1.30.Final.jar:/root/.m2/repository/io/netty/netty-buffer/4.1.30.Final/netty-buffer-4.1.30.Final.jar:/root/.m2/repository/io/netty/netty-transport/4.1.30.Final/netty-transport-4.1.30.Final.jar:/root/.m2/repository/io/netty/netty-resolver/4.1.30.Final/netty-resolver-4.1.30.Final.jar:/root/.m2/repository/io/netty/netty-transport-native-unix-common/4.1.30.Final/netty-transport-native-unix-common-4.1.30.Final.jar:/root/.m2/repository/io/grpc/grpc-protobuf/1.17.1/grpc-protobuf-1.17.1.jar:/root/.m2/repository/com/google/api/grpc/proto-google-common-protos/1.0.0/proto-google-common-protos-1.0.0.jar:/root/.m2/repository/io/grpc/grpc-protobuf-lite/1.17.1/grpc-protobuf-lite-1.17.1.jar:/root/.m2/repository/io/grpc/grpc-stub/1.17.1/grpc-stub-1.17.1.jar:/root/.m2/repository/org/apache/hadoop/hadoop-ozone-recon/0.5.0-SNAPSHOT/hadoop-ozone-recon-0.5.0-SNAPSHOT.jar:/root/.m2/repository/org/apache/hadoop/hadoop-ozone-reconcodegen/0.5.0-SNAPSHOT/hadoop-ozone-reconcodegen-0.5.0-SNAPSHOT.jar:/root/.m2/repository/com/google/inject/extensions/guice-multibindings/4.0/guice-multibindings-4.0.jar:/root/.m2/repository/com/google/inject/guice/4.0/guice-4.0.jar:/root/.m2/repository/aopalliance/aopalliance/1.0/aopalliance-1.0.jar:/root/.m2/repository/com/google/inject/extensions/guice-servlet/4.0/guice-servlet-4.0.jar:/root/.m2/repository/org/glassfish/jersey/containers/jersey-container-servlet/2.27/jersey-container-servlet-2.27.jar:/root/.m2/repository/org/glassfish/hk2/guice-bridge/2.5.0/guice-bridge-2.5.0.jar:/root/.m2/repository/org/glassfish/jersey/core/jersey-server/2.27/jersey-server-2.27.jar:/root/.m2/repository/org/glassfish/jersey/core/jersey-client/2.27/jersey-client-2.27.jar:/root/.m2/repository/org/glassfish/jersey/media/jersey-media-jaxb/2.27/jersey-media-jaxb-2.27.jar:/root/.m2/repository/javax/validation/validation-api/1.1.0.Final/validation-api-1.1.0.Final.jar:/root/.m2/repository/org/glassfish/jersey/media/jersey-media-json-jackson/2.27/jersey-media-json-jackson-2.27.jar:/root/.m2/repository/org/glassfish/jersey/ext/jersey-entity-filtering/2.27/jersey-entity-filtering-2.27.jar:/root/.m2/repository/com/google/inject/extensions/guice-assistedinject/4.0/guice-assistedinject-4.0.jar:/root/.m2/repository/org/jooq/jooq/3.11.10/jooq-3.11.10.jar:/root/.m2/repository/org/jooq/jooq-meta/3.11.10/jooq-meta-3.11.10.jar:/root/.m2/repository/org/jooq/jooq-codegen/3.11.10/jooq-codegen-3.11.10.jar:/root/.m2/repository/com/jolbox/bonecp/0.8.0.RELEASE/bonecp-0.8.0.RELEASE.jar:/root/.m2/repository/org/xerial/sqlite-jdbc/3.25.2/sqlite-jdbc-3.25.2.jar:/root/.m2/repository/org/springframework/spring-jdbc/5.1.3.RELEASE/spring-jdbc-5.1.3.RELEASE.jar:/root/.m2/repository/org/springframework/spring-beans/5.1.3.RELEASE/spring-beans-5.1.3.RELEASE.jar:/root/.m2/repository/org/springframework/spring-core/5.1.3.RELEASE/spring-core-5.1.3.RELEASE.jar:/root/.m2/repository/org/springframework/spring-jcl/5.1.3.RELEASE/spring-jcl-5.1.3.RELEASE.jar:/root/.m2/repository/org/springframework/spring-tx/5.1.3.RELEASE/spring-tx-5.1.3.RELEASE.jar:/root/.m2/repository/org/apache/hadoop/hadoop-ozone-client/0.5.0-SNAPSHOT/hadoop-ozone-client-0.5.0-SNAPSHOT.jar:/root/.m2/repository/org/apache/hadoop/hadoop-ozone-ozone-manager/0.5.0-SNAPSHOT/hadoop-ozone-ozone-manager-0.5.0-SNAPSHOT-tests.jar:/root/.m2/repository/junit/junit/4.11/junit-4.11.jar:/root/.m2/repository/org/hamcrest/hamcrest-core/1.3/hamcrest-core-1.3.jar:/root/.m2/repository/org/openjdk/jmh/jmh-core/1.19/jmh-core-1.19.jar:/root/.m2/repository/net/sf/jopt-simple/jopt-simple/4.6/jopt-simple-4.6.jar:/root/.m2/repository/org/apache/commons/commons-math3/3.1.1/commons-math3-3.1.1.jar:/root/.m2/repository/org/openjdk/jmh/jmh-generator-annprocess/1.19/jmh-generator-annprocess-1.19.jar:/root/.m2/repository/org/mockito/mockito-all/1.8.5/mockito-all-1.8.5.jar:/root/.m2/repository/org/apache/hadoop/hadoop-kms/3.2.0/hadoop-kms-3.2.0.jar:/root/.m2/repository/org/apache/hadoop/hadoop-auth/3.2.0/hadoop-auth-3.2.0.jar:/root/.m2/repository/com/nimbusds/nimbus-jose-jwt/4.41.1/nimbus-jose-jwt-4.41.1.jar:/root/.m2/repository/com/github/stephenc/jcip/jcip-annotations/1.0-1/jcip-annotations-1.0-1.jar:/root/.m2/repository/net/minidev/json-smart/2.3/json-smart-2.3.jar:/root/.m2/repository/net/minidev/accessors-smart/1.2/accessors-smart-1.2.jar:/root/.m2/repository/org/ow2/asm/asm/5.0.4/asm-5.0.4.jar:/root/.m2/repository/org/apache/curator/curator-framework/2.12.0/curator-framework-2.12.0.jar:/root/.m2/repository/com/sun/jersey/jersey-core/1.19/jersey-core-1.19.jar:/root/.m2/repository/javax/ws/rs/jsr311-api/1.1.1/jsr311-api-1.1.1.jar:/root/.m2/repository/com/sun/jersey/jersey-server/1.19/jersey-server-1.19.jar:/root/.m2/repository/javax/servlet/javax.servlet-api/3.1.0/javax.servlet-api-3.1.0.jar:/root/.m2/repository/org/eclipse/jetty/jetty-server/9.3.24.v20180605/jetty-server-9.3.24.v20180605.jar:/root/.m2/repository/org/eclipse/jetty/jetty-http/9.3.24.v20180605/jetty-http-9.3.24.v20180605.jar:/root/.m2/repository/org/eclipse/jetty/jetty-io/9.3.24.v20180605/jetty-io-9.3.24.v20180605.jar:/root/.m2/repository/org/eclipse/jetty/jetty-webapp/9.3.24.v20180605/jetty-webapp-9.3.24.v20180605.jar:/root/.m2/repository/org/eclipse/jetty/jetty-xml/9.3.24.v20180605/jetty-xml-9.3.24.v20180605.jar:/root/.m2/repository/log4j/log4j/1.2.17/log4j-1.2.17.jar:/root/.m2/repository/org/slf4j/slf4j-api/1.7.25/slf4j-api-1.7.25.jar:/root/.m2/repository/org/slf4j/jul-to-slf4j/1.7.25/jul-to-slf4j-1.7.25.jar:/root/.m2/repository/org/eclipse/jetty/jetty-util/9.3.24.v20180605/jetty-util-9.3.24.v20180605.jar:/root/.m2/repository/io/dropwizard/metrics/metrics-core/3.2.4/metrics-core-3.2.4.jar:/root/.m2/repository/com/fasterxml/jackson/core/jackson-databind/2.9.5/jackson-databind-2.9.5.jar:/root/.m2/repository/org/apache/hadoop/hadoop-kms/3.2.0/hadoop-kms-3.2.0-tests.jar:/root/.m2/repository/org/apache/hadoop/hadoop-hdds-server-scm/0.5.0-SNAPSHOT/hadoop-hdds-server-scm-0.5.0-SNAPSHOT-tests.jar:/root/.m2/repository/org/hamcrest/hamcrest-all/1.3/hamcrest-all-1.3.jar:/root/.m2/repository/info/picocli/picocli/3.9.6/picocli-3.9.6.jar:/root/.m2/repository/org/apache/hadoop/hadoop-hdds-container-service/0.5.0-SNAPSHOT/hadoop-hdds-container-service-0.5.0-SNAPSHOT-tests.jar:/root/.m2/repository/org/yaml/snakeyaml/1.16/snakeyaml-1.16.jar:/root/.m2/repository/org/apache/hadoop/hadoop-common/3.2.0/hadoop-common-3.2.0-tests.jar:/root/.m2/repository/org/apache/hadoop/hadoop-annotations/3.2.0/hadoop-annotations-3.2.0.jar:/usr/lib/jvm/java-1.8-openjdk/jre/../lib/tools.jar:/root/.m2/repository/commons-cli/commons-cli/1.2/commons-cli-1.2.jar:/root/.m2/repository/org/apache/httpcomponents/httpclient/4.5.2/httpclient-4.5.2.jar:/root/.m2/repository/org/apache/httpcomponents/httpcore/4.4.4/httpcore-4.4.4.jar:/root/.m2/repository/commons-codec/commons-codec/1.11/commons-codec-1.11.jar:/root/.m2/repository/commons-net/commons-net/3.6/commons-net-3.6.jar:/root/.m2/repository/commons-collections/commons-collections/3.2.2/commons-collections-3.2.2.jar:/root/.m2/repository/org/eclipse/jetty/jetty-servlet/9.3.24.v20180605/jetty-servlet-9.3.24.v20180605.jar:/root/.m2/repository/org/eclipse/jetty/jetty-security/9.3.24.v20180605/jetty-security-9.3.24.v20180605.jar:/root/.m2/repository/javax/servlet/jsp/jsp-api/2.1/jsp-api-2.1.jar:/root/.m2/repository/com/sun/jersey/jersey-servlet/1.19/jersey-servlet-1.19.jar:/root/.m2/repository/com/sun/jersey/jersey-json/1.19/jersey-json-1.19.jar:/root/.m2/repository/org/codehaus/jettison/jettison/1.1/jettison-1.1.jar:/root/.m2/repository/org/codehaus/jackson/jackson-core-asl/1.9.13/jackson-core-asl-1.9.13.jar:/root/.m2/repository/org/codehaus/jackson/jackson-mapper-asl/1.9.13/jackson-mapper-asl-1.9.13.jar:/root/.m2/repository/org/codehaus/jackson/jackson-jaxrs/1.9.13/jackson-jaxrs-1.9.13.jar:/root/.m2/repository/org/codehaus/jackson/jackson-xc/1.9.13/jackson-xc-1.9.13.jar:/root/.m2/repository/commons-logging/commons-logging/1.1.3/commons-logging-1.1.3.jar:/root/.m2/repository/commons-beanutils/commons-beanutils/1.9.3/commons-beanutils-1.9.3.jar:/root/.m2/repository/org/apache/commons/commons-configuration2/2.1.1/commons-configuration2-2.1.1.jar:/root/.m2/repository/org/apache/commons/commons-lang3/3.7/commons-lang3-3.7.jar:/root/.m2/repository/org/apache/commons/commons-text/1.4/commons-text-1.4.jar:/root/.m2/repository/org/apache/avro/avro/1.7.7/avro-1.7.7.jar:/root/.m2/repository/com/thoughtworks/paranamer/paranamer/2.3/paranamer-2.3.jar:/root/.m2/repository/org/xerial/snappy/snappy-java/1.0.5/snappy-java-1.0.5.jar:/root/.m2/repository/com/google/re2j/re2j/1.1/re2j-1.1.jar:/root/.m2/repository/com/google/code/gson/gson/2.2.4/gson-2.2.4.jar:/root/.m2/repository/com/jcraft/jsch/0.1.54/jsch-0.1.54.jar:/root/.m2/repository/org/apache/curator/curator-client/2.12.0/curator-client-2.12.0.jar:/root/.m2/repository/org/apache/curator/curator-recipes/2.12.0/curator-recipes-2.12.0.jar:/root/.m2/repository/com/google/code/findbugs/jsr305/3.0.0/jsr305-3.0.0.jar:/root/.m2/repository/org/apache/htrace/htrace-core4/4.1.0-incubating/htrace-core4-4.1.0-incubating.jar:/root/.m2/repository/org/apache/zookeeper/zookeeper/3.4.13/zookeeper-3.4.13.jar:/root/.m2/repository/org/apache/yetus/audience-annotations/0.5.0/audience-annotations-0.5.0.jar:/root/.m2/repository/org/codehaus/woodstox/stax2-api/3.1.4/stax2-api-3.1.4.jar:/root/.m2/repository/com/fasterxml/woodstox/woodstox-core/5.0.3/woodstox-core-5.0.3.jar:/root/.m2/repository/dnsjava/dnsjava/2.1.7/dnsjava-2.1.7.jar:/root/.m2/repository/org/apache/hadoop/hadoop-hdfs/3.2.0/hadoop-hdfs-3.2.0-tests.jar:/root/.m2/repository/org/eclipse/jetty/jetty-util-ajax/9.3.24.v20180605/jetty-util-ajax-9.3.24.v20180605.jar:/root/.m2/repository/commons-daemon/commons-daemon/1.0.13/commons-daemon-1.0.13.jar:/root/.m2/repository/io/netty/netty/3.10.5.Final/netty-3.10.5.Final.jar:/root/.m2/repository/io/netty/netty-all/4.0.52.Final/netty-all-4.0.52.Final.jar:/root/.m2/repository/org/fusesource/leveldbjni/leveldbjni-all/1.8/leveldbjni-all-1.8.jar:"/>
    <property name="java.vm.vendor" value="IcedTea"/>
    <property name="sun.arch.data.model" value="64"/>
    <property name="test.build.dir" value="/opt/src/hadoop-ozone/integration-test/target/test-dir"/>
    <property name="test.cache.data" value=""/>
    <property name="java.vendor.url" value="https://icedtea.classpath.org"/>
    <property name="user.timezone" value=""/>
    <property name="java.vm.specification.version" value="1.8"/>
    <property name="os.name" value="Linux"/>
    <property name="test.build.data" value="/opt/src/hadoop-ozone/integration-test/target/test-dir"/>
    <property name="user.country" value="US"/>
    <property name="sun.java.launcher" value="SUN_STANDARD"/>
    <property name="sun.boot.library.path" value="/usr/lib/jvm/java-1.8-openjdk/jre/lib/amd64"/>
    <property name="sun.java.command" value="/opt/src/hadoop-ozone/integration-test/target/surefire/surefirebooter5082981190410175119.jar /opt/src/hadoop-ozone/integration-test/target/surefire 2019-06-13T19-10-55_923-jvmRun1 surefire687992111833808040tmp surefire_58206776911468998657tmp"/>
    <property name="surefire.test.class.path" value="/opt/src/hadoop-ozone/integration-test/target/test-classes:/opt/src/hadoop-ozone/integration-test/target/classes:/root/.m2/repository/org/apache/hadoop/hadoop-ozone-common/0.5.0-SNAPSHOT/hadoop-ozone-common-0.5.0-SNAPSHOT.jar:/root/.m2/repository/org/apache/commons/commons-compress/1.4.1/commons-compress-1.4.1.jar:/root/.m2/repository/org/tukaani/xz/1.0/xz-1.0.jar:/root/.m2/repository/org/apache/hadoop/hadoop-common/3.2.0/hadoop-common-3.2.0.jar:/root/.m2/repository/org/apache/hadoop/hadoop-hdfs/3.2.0/hadoop-hdfs-3.2.0.jar:/root/.m2/repository/org/apache/hadoop/hadoop-hdfs-client/3.2.0/hadoop-hdfs-client-3.2.0.jar:/root/.m2/repository/com/fasterxml/jackson/core/jackson-annotations/2.9.5/jackson-annotations-2.9.5.jar:/root/.m2/repository/org/apache/hadoop/hadoop-hdds-common/0.5.0-SNAPSHOT/hadoop-hdds-common-0.5.0-SNAPSHOT.jar:/root/.m2/repository/javax/annotation/javax.annotation-api/1.2/javax.annotation-api-1.2.jar:/root/.m2/repository/org/apache/ratis/ratis-server/0.4.0-fe2b15d-SNAPSHOT/ratis-server-0.4.0-fe2b15d-SNAPSHOT.jar:/root/.m2/repository/org/apache/ratis/ratis-thirdparty-misc/0.2.0/ratis-thirdparty-misc-0.2.0.jar:/root/.m2/repository/org/apache/ratis/ratis-proto/0.4.0-fe2b15d-SNAPSHOT/ratis-proto-0.4.0-fe2b15d-SNAPSHOT.jar:/root/.m2/repository/org/apache/ratis/ratis-common/0.4.0-fe2b15d-SNAPSHOT/ratis-common-0.4.0-fe2b15d-SNAPSHOT.jar:/root/.m2/repository/org/apache/ratis/ratis-client/0.4.0-fe2b15d-SNAPSHOT/ratis-client-0.4.0-fe2b15d-SNAPSHOT.jar:/root/.m2/repository/org/apache/ratis/ratis-netty/0.4.0-fe2b15d-SNAPSHOT/ratis-netty-0.4.0-fe2b15d-SNAPSHOT.jar:/root/.m2/repository/org/apache/ratis/ratis-grpc/0.4.0-fe2b15d-SNAPSHOT/ratis-grpc-0.4.0-fe2b15d-SNAPSHOT.jar:/root/.m2/repository/org/rocksdb/rocksdbjni/5.14.2/rocksdbjni-5.14.2.jar:/root/.m2/repository/org/apache/logging/log4j/log4j-api/2.11.0/log4j-api-2.11.0.jar:/root/.m2/repository/org/apache/logging/log4j/log4j-core/2.11.0/log4j-core-2.11.0.jar:/root/.m2/repository/com/lmax/disruptor/3.4.2/disruptor-3.4.2.jar:/root/.m2/repository/org/apache/commons/commons-pool2/2.6.0/commons-pool2-2.6.0.jar:/root/.m2/repository/org/bouncycastle/bcpkix-jdk15on/1.60/bcpkix-jdk15on-1.60.jar:/root/.m2/repository/commons-validator/commons-validator/1.6/commons-validator-1.6.jar:/root/.m2/repository/commons-digester/commons-digester/1.8.1/commons-digester-1.8.1.jar:/root/.m2/repository/io/jaegertracing/jaeger-client/0.33.1/jaeger-client-0.33.1.jar:/root/.m2/repository/io/jaegertracing/jaeger-thrift/0.33.1/jaeger-thrift-0.33.1.jar:/root/.m2/repository/org/apache/thrift/libthrift/0.11.0/libthrift-0.11.0.jar:/root/.m2/repository/com/squareup/okhttp3/okhttp/3.9.0/okhttp-3.9.0.jar:/root/.m2/repository/com/squareup/okio/okio/1.13.0/okio-1.13.0.jar:/root/.m2/repository/io/jaegertracing/jaeger-core/0.33.1/jaeger-core-0.33.1.jar:/root/.m2/repository/io/jaegertracing/jaeger-tracerresolver/0.33.1/jaeger-tracerresolver-0.33.1.jar:/root/.m2/repository/io/opentracing/contrib/opentracing-tracerresolver/0.1.5/opentracing-tracerresolver-0.1.5.jar:/root/.m2/repository/io/opentracing/opentracing-util/0.31.0/opentracing-util-0.31.0.jar:/root/.m2/repository/io/opentracing/opentracing-api/0.31.0/opentracing-api-0.31.0.jar:/root/.m2/repository/io/opentracing/opentracing-noop/0.31.0/opentracing-noop-0.31.0.jar:/root/.m2/repository/org/apache/hadoop/hadoop-hdds-server-framework/0.5.0-SNAPSHOT/hadoop-hdds-server-framework-0.5.0-SNAPSHOT.jar:/root/.m2/repository/org/apache/hadoop/hadoop-hdds-server-scm/0.5.0-SNAPSHOT/hadoop-hdds-server-scm-0.5.0-SNAPSHOT.jar:/root/.m2/repository/org/apache/hadoop/hadoop-hdds-container-service/0.5.0-SNAPSHOT/hadoop-hdds-container-service-0.5.0-SNAPSHOT.jar:/root/.m2/repository/org/apache/hadoop/hadoop-hdds-client/0.5.0-SNAPSHOT/hadoop-hdds-client-0.5.0-SNAPSHOT.jar:/root/.m2/repository/org/apache/hadoop/hadoop-hdds-tools/0.5.0-SNAPSHOT/hadoop-hdds-tools-0.5.0-SNAPSHOT.jar:/root/.m2/repository/org/apache/hadoop/hadoop-ozone-ozone-manager/0.5.0-SNAPSHOT/hadoop-ozone-ozone-manager-0.5.0-SNAPSHOT.jar:/root/.m2/repository/org/apache/hadoop/hadoop-hdds-docs/0.5.0-SNAPSHOT/hadoop-hdds-docs-0.5.0-SNAPSHOT.jar:/root/.m2/repository/org/bouncycastle/bcprov-jdk15on/1.60/bcprov-jdk15on-1.60.jar:/root/.m2/repository/org/apache/hadoop/hadoop-minikdc/3.2.0/hadoop-minikdc-3.2.0.jar:/root/.m2/repository/commons-io/commons-io/2.5/commons-io-2.5.jar:/root/.m2/repository/org/apache/kerby/kerb-simplekdc/1.0.1/kerb-simplekdc-1.0.1.jar:/root/.m2/repository/org/apache/kerby/kerb-client/1.0.1/kerb-client-1.0.1.jar:/root/.m2/repository/org/apache/kerby/kerby-config/1.0.1/kerby-config-1.0.1.jar:/root/.m2/repository/org/apache/kerby/kerb-core/1.0.1/kerb-core-1.0.1.jar:/root/.m2/repository/org/apache/kerby/kerby-pkix/1.0.1/kerby-pkix-1.0.1.jar:/root/.m2/repository/org/apache/kerby/kerby-asn1/1.0.1/kerby-asn1-1.0.1.jar:/root/.m2/repository/org/apache/kerby/kerby-util/1.0.1/kerby-util-1.0.1.jar:/root/.m2/repository/org/apache/kerby/kerb-common/1.0.1/kerb-common-1.0.1.jar:/root/.m2/repository/org/apache/kerby/kerb-crypto/1.0.1/kerb-crypto-1.0.1.jar:/root/.m2/repository/org/apache/kerby/kerb-util/1.0.1/kerb-util-1.0.1.jar:/root/.m2/repository/org/apache/kerby/token-provider/1.0.1/token-provider-1.0.1.jar:/root/.m2/repository/org/apache/kerby/kerb-admin/1.0.1/kerb-admin-1.0.1.jar:/root/.m2/repository/org/apache/kerby/kerb-server/1.0.1/kerb-server-1.0.1.jar:/root/.m2/repository/org/apache/kerby/kerb-identity/1.0.1/kerb-identity-1.0.1.jar:/root/.m2/repository/org/apache/kerby/kerby-xdr/1.0.1/kerby-xdr-1.0.1.jar:/root/.m2/repository/org/slf4j/slf4j-log4j12/1.7.25/slf4j-log4j12-1.7.25.jar:/root/.m2/repository/org/apache/hadoop/hadoop-ozone-objectstore-service/0.5.0-SNAPSHOT/hadoop-ozone-objectstore-service-0.5.0-SNAPSHOT.jar:/root/.m2/repository/org/apache/hadoop/hadoop-ozone-s3gateway/0.5.0-SNAPSHOT/hadoop-ozone-s3gateway-0.5.0-SNAPSHOT.jar:/root/.m2/repository/org/jboss/weld/servlet/weld-servlet/2.4.7.Final/weld-servlet-2.4.7.Final.jar:/root/.m2/repository/org/glassfish/jersey/containers/jersey-container-servlet-core/2.27/jersey-container-servlet-core-2.27.jar:/root/.m2/repository/org/glassfish/hk2/external/javax.inject/2.5.0-b42/javax.inject-2.5.0-b42.jar:/root/.m2/repository/org/glassfish/jersey/core/jersey-common/2.27/jersey-common-2.27.jar:/root/.m2/repository/org/glassfish/hk2/osgi-resource-locator/1.0.1/osgi-resource-locator-1.0.1.jar:/root/.m2/repository/javax/ws/rs/javax.ws.rs-api/2.1/javax.ws.rs-api-2.1.jar:/root/.m2/repository/org/glassfish/jersey/ext/cdi/jersey-cdi1x/2.27/jersey-cdi1x-2.27.jar:/root/.m2/repository/org/glassfish/jersey/inject/jersey-hk2/2.27/jersey-hk2-2.27.jar:/root/.m2/repository/org/glassfish/hk2/hk2-locator/2.5.0-b42/hk2-locator-2.5.0-b42.jar:/root/.m2/repository/org/javassist/javassist/3.22.0-CR2/javassist-3.22.0-CR2.jar:/root/.m2/repository/org/glassfish/hk2/hk2-api/2.5.0/hk2-api-2.5.0.jar:/root/.m2/repository/org/glassfish/hk2/external/jakarta.inject/2.5.0/jakarta.inject-2.5.0.jar:/root/.m2/repository/org/glassfish/hk2/hk2-utils/2.5.0/hk2-utils-2.5.0.jar:/root/.m2/repository/jakarta/annotation/jakarta.annotation-api/1.3.4/jakarta.annotation-api-1.3.4.jar:/root/.m2/repository/org/glassfish/hk2/external/aopalliance-repackaged/2.5.0/aopalliance-repackaged-2.5.0.jar:/root/.m2/repository/com/fasterxml/jackson/dataformat/jackson-dataformat-xml/2.9.0/jackson-dataformat-xml-2.9.0.jar:/root/.m2/repository/com/fasterxml/jackson/core/jackson-core/2.9.5/jackson-core-2.9.5.jar:/root/.m2/repository/com/fasterxml/jackson/module/jackson-module-jaxb-annotations/2.9.5/jackson-module-jaxb-annotations-2.9.5.jar:/root/.m2/repository/javax/enterprise/cdi-api/1.2/cdi-api-1.2.jar:/root/.m2/repository/javax/el/javax.el-api/3.0.0/javax.el-api-3.0.0.jar:/root/.m2/repository/javax/interceptor/javax.interceptor-api/1.2/javax.interceptor-api-1.2.jar:/root/.m2/repository/javax/inject/javax.inject/1/javax.inject-1.jar:/root/.m2/repository/com/sun/xml/bind/jaxb-impl/2.3.0.1/jaxb-impl-2.3.0.1.jar:/root/.m2/repository/com/sun/xml/bind/jaxb-core/2.3.0.1/jaxb-core-2.3.0.1.jar:/root/.m2/repository/javax/xml/bind/jaxb-api/2.3.0/jaxb-api-2.3.0.jar:/root/.m2/repository/javax/activation/activation/1.1.1/activation-1.1.1.jar:/root/.m2/repository/org/apache/hadoop/hadoop-ozone-csi/0.5.0-SNAPSHOT/hadoop-ozone-csi-0.5.0-SNAPSHOT.jar:/root/.m2/repository/com/google/protobuf/protobuf-java-util/3.5.1/protobuf-java-util-3.5.1.jar:/root/.m2/repository/org/apache/hadoop/hadoop-hdds-config/0.5.0-SNAPSHOT/hadoop-hdds-config-0.5.0-SNAPSHOT.jar:/root/.m2/repository/com/google/guava/guava/11.0.2/guava-11.0.2.jar:/root/.m2/repository/com/google/protobuf/protobuf-java/2.5.0/protobuf-java-2.5.0.jar:/root/.m2/repository/io/grpc/grpc-netty/1.17.1/grpc-netty-1.17.1.jar:/root/.m2/repository/io/grpc/grpc-core/1.17.1/grpc-core-1.17.1.jar:/root/.m2/repository/io/grpc/grpc-context/1.17.1/grpc-context-1.17.1.jar:/root/.m2/repository/com/google/errorprone/error_prone_annotations/2.2.0/error_prone_annotations-2.2.0.jar:/root/.m2/repository/org/codehaus/mojo/animal-sniffer-annotations/1.17/animal-sniffer-annotations-1.17.jar:/root/.m2/repository/io/opencensus/opencensus-api/0.17.0/opencensus-api-0.17.0.jar:/root/.m2/repository/io/opencensus/opencensus-contrib-grpc-metrics/0.17.0/opencensus-contrib-grpc-metrics-0.17.0.jar:/root/.m2/repository/io/netty/netty-codec-http2/4.1.30.Final/netty-codec-http2-4.1.30.Final.jar:/root/.m2/repository/io/netty/netty-codec-http/4.1.30.Final/netty-codec-http-4.1.30.Final.jar:/root/.m2/repository/io/netty/netty-codec/4.1.30.Final/netty-codec-4.1.30.Final.jar:/root/.m2/repository/io/netty/netty-handler/4.1.30.Final/netty-handler-4.1.30.Final.jar:/root/.m2/repository/io/netty/netty-handler-proxy/4.1.30.Final/netty-handler-proxy-4.1.30.Final.jar:/root/.m2/repository/io/netty/netty-codec-socks/4.1.30.Final/netty-codec-socks-4.1.30.Final.jar:/root/.m2/repository/io/netty/netty-transport-native-epoll/4.1.30.Final/netty-transport-native-epoll-4.1.30.Final.jar:/root/.m2/repository/io/netty/netty-common/4.1.30.Final/netty-common-4.1.30.Final.jar:/root/.m2/repository/io/netty/netty-buffer/4.1.30.Final/netty-buffer-4.1.30.Final.jar:/root/.m2/repository/io/netty/netty-transport/4.1.30.Final/netty-transport-4.1.30.Final.jar:/root/.m2/repository/io/netty/netty-resolver/4.1.30.Final/netty-resolver-4.1.30.Final.jar:/root/.m2/repository/io/netty/netty-transport-native-unix-common/4.1.30.Final/netty-transport-native-unix-common-4.1.30.Final.jar:/root/.m2/repository/io/grpc/grpc-protobuf/1.17.1/grpc-protobuf-1.17.1.jar:/root/.m2/repository/com/google/api/grpc/proto-google-common-protos/1.0.0/proto-google-common-protos-1.0.0.jar:/root/.m2/repository/io/grpc/grpc-protobuf-lite/1.17.1/grpc-protobuf-lite-1.17.1.jar:/root/.m2/repository/io/grpc/grpc-stub/1.17.1/grpc-stub-1.17.1.jar:/root/.m2/repository/org/apache/hadoop/hadoop-ozone-recon/0.5.0-SNAPSHOT/hadoop-ozone-recon-0.5.0-SNAPSHOT.jar:/root/.m2/repository/org/apache/hadoop/hadoop-ozone-reconcodegen/0.5.0-SNAPSHOT/hadoop-ozone-reconcodegen-0.5.0-SNAPSHOT.jar:/root/.m2/repository/com/google/inject/extensions/guice-multibindings/4.0/guice-multibindings-4.0.jar:/root/.m2/repository/com/google/inject/guice/4.0/guice-4.0.jar:/root/.m2/repository/aopalliance/aopalliance/1.0/aopalliance-1.0.jar:/root/.m2/repository/com/google/inject/extensions/guice-servlet/4.0/guice-servlet-4.0.jar:/root/.m2/repository/org/glassfish/jersey/containers/jersey-container-servlet/2.27/jersey-container-servlet-2.27.jar:/root/.m2/repository/org/glassfish/hk2/guice-bridge/2.5.0/guice-bridge-2.5.0.jar:/root/.m2/repository/org/glassfish/jersey/core/jersey-server/2.27/jersey-server-2.27.jar:/root/.m2/repository/org/glassfish/jersey/core/jersey-client/2.27/jersey-client-2.27.jar:/root/.m2/repository/org/glassfish/jersey/media/jersey-media-jaxb/2.27/jersey-media-jaxb-2.27.jar:/root/.m2/repository/javax/validation/validation-api/1.1.0.Final/validation-api-1.1.0.Final.jar:/root/.m2/repository/org/glassfish/jersey/media/jersey-media-json-jackson/2.27/jersey-media-json-jackson-2.27.jar:/root/.m2/repository/org/glassfish/jersey/ext/jersey-entity-filtering/2.27/jersey-entity-filtering-2.27.jar:/root/.m2/repository/com/google/inject/extensions/guice-assistedinject/4.0/guice-assistedinject-4.0.jar:/root/.m2/repository/org/jooq/jooq/3.11.10/jooq-3.11.10.jar:/root/.m2/repository/org/jooq/jooq-meta/3.11.10/jooq-meta-3.11.10.jar:/root/.m2/repository/org/jooq/jooq-codegen/3.11.10/jooq-codegen-3.11.10.jar:/root/.m2/repository/com/jolbox/bonecp/0.8.0.RELEASE/bonecp-0.8.0.RELEASE.jar:/root/.m2/repository/org/xerial/sqlite-jdbc/3.25.2/sqlite-jdbc-3.25.2.jar:/root/.m2/repository/org/springframework/spring-jdbc/5.1.3.RELEASE/spring-jdbc-5.1.3.RELEASE.jar:/root/.m2/repository/org/springframework/spring-beans/5.1.3.RELEASE/spring-beans-5.1.3.RELEASE.jar:/root/.m2/repository/org/springframework/spring-core/5.1.3.RELEASE/spring-core-5.1.3.RELEASE.jar:/root/.m2/repository/org/springframework/spring-jcl/5.1.3.RELEASE/spring-jcl-5.1.3.RELEASE.jar:/root/.m2/repository/org/springframework/spring-tx/5.1.3.RELEASE/spring-tx-5.1.3.RELEASE.jar:/root/.m2/repository/org/apache/hadoop/hadoop-ozone-client/0.5.0-SNAPSHOT/hadoop-ozone-client-0.5.0-SNAPSHOT.jar:/root/.m2/repository/org/apache/hadoop/hadoop-ozone-ozone-manager/0.5.0-SNAPSHOT/hadoop-ozone-ozone-manager-0.5.0-SNAPSHOT-tests.jar:/root/.m2/repository/junit/junit/4.11/junit-4.11.jar:/root/.m2/repository/org/hamcrest/hamcrest-core/1.3/hamcrest-core-1.3.jar:/root/.m2/repository/org/openjdk/jmh/jmh-core/1.19/jmh-core-1.19.jar:/root/.m2/repository/net/sf/jopt-simple/jopt-simple/4.6/jopt-simple-4.6.jar:/root/.m2/repository/org/apache/commons/commons-math3/3.1.1/commons-math3-3.1.1.jar:/root/.m2/repository/org/openjdk/jmh/jmh-generator-annprocess/1.19/jmh-generator-annprocess-1.19.jar:/root/.m2/repository/org/mockito/mockito-all/1.8.5/mockito-all-1.8.5.jar:/root/.m2/repository/org/apache/hadoop/hadoop-kms/3.2.0/hadoop-kms-3.2.0.jar:/root/.m2/repository/org/apache/hadoop/hadoop-auth/3.2.0/hadoop-auth-3.2.0.jar:/root/.m2/repository/com/nimbusds/nimbus-jose-jwt/4.41.1/nimbus-jose-jwt-4.41.1.jar:/root/.m2/repository/com/github/stephenc/jcip/jcip-annotations/1.0-1/jcip-annotations-1.0-1.jar:/root/.m2/repository/net/minidev/json-smart/2.3/json-smart-2.3.jar:/root/.m2/repository/net/minidev/accessors-smart/1.2/accessors-smart-1.2.jar:/root/.m2/repository/org/ow2/asm/asm/5.0.4/asm-5.0.4.jar:/root/.m2/repository/org/apache/curator/curator-framework/2.12.0/curator-framework-2.12.0.jar:/root/.m2/repository/com/sun/jersey/jersey-core/1.19/jersey-core-1.19.jar:/root/.m2/repository/javax/ws/rs/jsr311-api/1.1.1/jsr311-api-1.1.1.jar:/root/.m2/repository/com/sun/jersey/jersey-server/1.19/jersey-server-1.19.jar:/root/.m2/repository/javax/servlet/javax.servlet-api/3.1.0/javax.servlet-api-3.1.0.jar:/root/.m2/repository/org/eclipse/jetty/jetty-server/9.3.24.v20180605/jetty-server-9.3.24.v20180605.jar:/root/.m2/repository/org/eclipse/jetty/jetty-http/9.3.24.v20180605/jetty-http-9.3.24.v20180605.jar:/root/.m2/repository/org/eclipse/jetty/jetty-io/9.3.24.v20180605/jetty-io-9.3.24.v20180605.jar:/root/.m2/repository/org/eclipse/jetty/jetty-webapp/9.3.24.v20180605/jetty-webapp-9.3.24.v20180605.jar:/root/.m2/repository/org/eclipse/jetty/jetty-xml/9.3.24.v20180605/jetty-xml-9.3.24.v20180605.jar:/root/.m2/repository/log4j/log4j/1.2.17/log4j-1.2.17.jar:/root/.m2/repository/org/slf4j/slf4j-api/1.7.25/slf4j-api-1.7.25.jar:/root/.m2/repository/org/slf4j/jul-to-slf4j/1.7.25/jul-to-slf4j-1.7.25.jar:/root/.m2/repository/org/eclipse/jetty/jetty-util/9.3.24.v20180605/jetty-util-9.3.24.v20180605.jar:/root/.m2/repository/io/dropwizard/metrics/metrics-core/3.2.4/metrics-core-3.2.4.jar:/root/.m2/repository/com/fasterxml/jackson/core/jackson-databind/2.9.5/jackson-databind-2.9.5.jar:/root/.m2/repository/org/apache/hadoop/hadoop-kms/3.2.0/hadoop-kms-3.2.0-tests.jar:/root/.m2/repository/org/apache/hadoop/hadoop-hdds-server-scm/0.5.0-SNAPSHOT/hadoop-hdds-server-scm-0.5.0-SNAPSHOT-tests.jar:/root/.m2/repository/org/hamcrest/hamcrest-all/1.3/hamcrest-all-1.3.jar:/root/.m2/repository/info/picocli/picocli/3.9.6/picocli-3.9.6.jar:/root/.m2/repository/org/apache/hadoop/hadoop-hdds-container-service/0.5.0-SNAPSHOT/hadoop-hdds-container-service-0.5.0-SNAPSHOT-tests.jar:/root/.m2/repository/org/yaml/snakeyaml/1.16/snakeyaml-1.16.jar:/root/.m2/repository/org/apache/hadoop/hadoop-common/3.2.0/hadoop-common-3.2.0-tests.jar:/root/.m2/repository/org/apache/hadoop/hadoop-annotations/3.2.0/hadoop-annotations-3.2.0.jar:/usr/lib/jvm/java-1.8-openjdk/jre/../lib/tools.jar:/root/.m2/repository/commons-cli/commons-cli/1.2/commons-cli-1.2.jar:/root/.m2/repository/org/apache/httpcomponents/httpclient/4.5.2/httpclient-4.5.2.jar:/root/.m2/repository/org/apache/httpcomponents/httpcore/4.4.4/httpcore-4.4.4.jar:/root/.m2/repository/commons-codec/commons-codec/1.11/commons-codec-1.11.jar:/root/.m2/repository/commons-net/commons-net/3.6/commons-net-3.6.jar:/root/.m2/repository/commons-collections/commons-collections/3.2.2/commons-collections-3.2.2.jar:/root/.m2/repository/org/eclipse/jetty/jetty-servlet/9.3.24.v20180605/jetty-servlet-9.3.24.v20180605.jar:/root/.m2/repository/org/eclipse/jetty/jetty-security/9.3.24.v20180605/jetty-security-9.3.24.v20180605.jar:/root/.m2/repository/javax/servlet/jsp/jsp-api/2.1/jsp-api-2.1.jar:/root/.m2/repository/com/sun/jersey/jersey-servlet/1.19/jersey-servlet-1.19.jar:/root/.m2/repository/com/sun/jersey/jersey-json/1.19/jersey-json-1.19.jar:/root/.m2/repository/org/codehaus/jettison/jettison/1.1/jettison-1.1.jar:/root/.m2/repository/org/codehaus/jackson/jackson-core-asl/1.9.13/jackson-core-asl-1.9.13.jar:/root/.m2/repository/org/codehaus/jackson/jackson-mapper-asl/1.9.13/jackson-mapper-asl-1.9.13.jar:/root/.m2/repository/org/codehaus/jackson/jackson-jaxrs/1.9.13/jackson-jaxrs-1.9.13.jar:/root/.m2/repository/org/codehaus/jackson/jackson-xc/1.9.13/jackson-xc-1.9.13.jar:/root/.m2/repository/commons-logging/commons-logging/1.1.3/commons-logging-1.1.3.jar:/root/.m2/repository/commons-beanutils/commons-beanutils/1.9.3/commons-beanutils-1.9.3.jar:/root/.m2/repository/org/apache/commons/commons-configuration2/2.1.1/commons-configuration2-2.1.1.jar:/root/.m2/repository/org/apache/commons/commons-lang3/3.7/commons-lang3-3.7.jar:/root/.m2/repository/org/apache/commons/commons-text/1.4/commons-text-1.4.jar:/root/.m2/repository/org/apache/avro/avro/1.7.7/avro-1.7.7.jar:/root/.m2/repository/com/thoughtworks/paranamer/paranamer/2.3/paranamer-2.3.jar:/root/.m2/repository/org/xerial/snappy/snappy-java/1.0.5/snappy-java-1.0.5.jar:/root/.m2/repository/com/google/re2j/re2j/1.1/re2j-1.1.jar:/root/.m2/repository/com/google/code/gson/gson/2.2.4/gson-2.2.4.jar:/root/.m2/repository/com/jcraft/jsch/0.1.54/jsch-0.1.54.jar:/root/.m2/repository/org/apache/curator/curator-client/2.12.0/curator-client-2.12.0.jar:/root/.m2/repository/org/apache/curator/curator-recipes/2.12.0/curator-recipes-2.12.0.jar:/root/.m2/repository/com/google/code/findbugs/jsr305/3.0.0/jsr305-3.0.0.jar:/root/.m2/repository/org/apache/htrace/htrace-core4/4.1.0-incubating/htrace-core4-4.1.0-incubating.jar:/root/.m2/repository/org/apache/zookeeper/zookeeper/3.4.13/zookeeper-3.4.13.jar:/root/.m2/repository/org/apache/yetus/audience-annotations/0.5.0/audience-annotations-0.5.0.jar:/root/.m2/repository/org/codehaus/woodstox/stax2-api/3.1.4/stax2-api-3.1.4.jar:/root/.m2/repository/com/fasterxml/woodstox/woodstox-core/5.0.3/woodstox-core-5.0.3.jar:/root/.m2/repository/dnsjava/dnsjava/2.1.7/dnsjava-2.1.7.jar:/root/.m2/repository/org/apache/hadoop/hadoop-hdfs/3.2.0/hadoop-hdfs-3.2.0-tests.jar:/root/.m2/repository/org/eclipse/jetty/jetty-util-ajax/9.3.24.v20180605/jetty-util-ajax-9.3.24.v20180605.jar:/root/.m2/repository/commons-daemon/commons-daemon/1.0.13/commons-daemon-1.0.13.jar:/root/.m2/repository/io/netty/netty/3.10.5.Final/netty-3.10.5.Final.jar:/root/.m2/repository/io/netty/netty-all/4.0.52.Final/netty-all-4.0.52.Final.jar:/root/.m2/repository/org/fusesource/leveldbjni/leveldbjni-all/1.8/leveldbjni-all-1.8.jar:"/>
    <property name="sun.cpu.endian" value="little"/>
    <property name="user.home" value="/root"/>
    <property name="user.language" value="en"/>
    <property name="java.specification.vendor" value="Oracle Corporation"/>
    <property name="java.home" value="/usr/lib/jvm/java-1.8-openjdk/jre"/>
    <property name="java.security.krb5.conf" value="/opt/src/hadoop-ozone/integration-test/target/test-classes/krb5.conf"/>
    <property name="basedir" value="/opt/src/hadoop-ozone/integration-test"/>
    <property name="file.separator" value="/"/>
    <property name="line.separator" value="&#10;"/>
    <property name="java.vm.specification.vendor" value="Oracle Corporation"/>
    <property name="java.specification.name" value="Java Platform API Specification"/>
    <property name="java.awt.graphicsenv" value="sun.awt.X11GraphicsEnvironment"/>
    <property name="surefire.real.class.path" value="/opt/src/hadoop-ozone/integration-test/target/surefire/surefirebooter5082981190410175119.jar"/>
    <property name="hadoop.log.dir" value="/opt/src/hadoop-ozone/integration-test/target/log"/>
    <property name="sun.boot.class.path" value="/usr/lib/jvm/java-1.8-openjdk/jre/lib/resources.jar:/usr/lib/jvm/java-1.8-openjdk/jre/lib/rt.jar:/usr/lib/jvm/java-1.8-openjdk/jre/lib/sunrsasign.jar:/usr/lib/jvm/java-1.8-openjdk/jre/lib/jsse.jar:/usr/lib/jvm/java-1.8-openjdk/jre/lib/jce.jar:/usr/lib/jvm/java-1.8-openjdk/jre/lib/charsets.jar:/usr/lib/jvm/java-1.8-openjdk/jre/lib/jfr.jar:/usr/lib/jvm/java-1.8-openjdk/jre/classes"/>
    <property name="sun.management.compiler" value="HotSpot 64-Bit Tiered Compilers"/>
    <property name="java.runtime.version" value="1.8.0_212-b04"/>
    <property name="java.net.preferIPv4Stack" value="true"/>
    <property name="user.name" value="root"/>
    <property name="path.separator" value=":"/>
    <property name="java.security.egd" value="file:///dev/urandom"/>
    <property name="os.version" value="4.15.0-1021-aws"/>
    <property name="java.endorsed.dirs" value="/usr/lib/jvm/java-1.8-openjdk/jre/lib/endorsed"/>
    <property name="java.runtime.name" value="OpenJDK Runtime Environment"/>
    <property name="file.encoding" value="UTF-8"/>
    <property name="java.vm.name" value="OpenJDK 64-Bit Server VM"/>
    <property name="test.build.webapps" value=""/>
    <property name="localRepository" value="/root/.m2/repository"/>
    <property name="java.vendor.url.bug" value="https://icedtea.classpath.org/bugzilla"/>
    <property name="java.io.tmpdir" value="/tmp"/>
    <property name="require.test.libhadoop" value=""/>
    <property name="java.version" value="1.8.0_212"/>
    <property name="user.dir" value="/opt/src/hadoop-ozone/integration-test"/>
    <property name="os.arch" value="amd64"/>
    <property name="java.vm.specification.name" value="Java Virtual Machine Specification"/>
    <property name="test.build.classes" value="/opt/src/hadoop-ozone/integration-test/target/test-classes"/>
    <property name="java.awt.printerjob" value="sun.print.PSPrinterJob"/>
    <property name="sun.os.patch.level" value="unknown"/>
    <property name="hadoop.tmp.dir" value="/opt/src/hadoop-ozone/integration-test/target/tmp"/>
    <property name="java.library.path" value="/usr/lib/jvm/java-1.8-openjdk/jre/lib/amd64/server:/usr/lib/jvm/java-1.8-openjdk/jre/lib/amd64:/usr/lib/jvm/java-1.8-openjdk/jre/../lib/amd64:/opt/src/hadoop-ozone/integration-test/target/native/target/usr/local/lib:/opt/src/hadoop-ozone/integration-test/../../hadoop-common-project/hadoop-common/target/native/target/usr/local/lib:/usr/java/packages/lib/amd64:/usr/lib64:/lib64:/lib:/usr/lib"/>
    <property name="java.vm.info" value="mixed mode"/>
    <property name="java.vendor" value="IcedTea"/>
    <property name="java.vm.version" value="25.212-b04"/>
    <property name="java.ext.dirs" value="/usr/lib/jvm/java-1.8-openjdk/jre/lib/ext:/usr/java/packages/lib/ext"/>
    <property name="sun.io.unicode.encoding" value="UnicodeLittle"/>
    <property name="java.class.version" value="52.0"/>
  </properties>
  <testcase name="org.apache.hadoop.hdds.scm.pipeline.TestSCMRestart" classname="org.apache.hadoop.hdds.scm.pipeline.TestSCMRestart" time="66.525">
    <error message="Timed out waiting for condition. Thread diagnostics:&#10;Timestamp: 2019-06-13 07:14:41,888&#10;&#10;&quot;Timer-1&quot; daemon prio=5 tid=148 timed_waiting&#10;java.lang.Thread.State: TIMED_WAITING&#10;        at java.lang.Object.wait(Native Method)&#10;        at java.util.TimerThread.mainLoop(Timer.java:552)&#10;        at java.util.TimerThread.run(Timer.java:505)&#10;&quot;pool-47-thread-43&quot;  prio=5 tid=374 in Object.wait()&#10;java.lang.Thread.State: WAITING (on object monitor)&#10;        at sun.misc.Unsafe.park(Native Method)&#10;        at java.util.concurrent.locks.LockSupport.park(LockSupport.java:175)&#10;        at java.util.concurrent.locks.AbstractQueuedSynchronizer$ConditionObject.await(AbstractQueuedSynchronizer.java:2039)&#10;        at java.util.concurrent.ArrayBlockingQueue.take(ArrayBlockingQueue.java:403)&#10;        at java.util.concurrent.ThreadPoolExecutor.getTask(ThreadPoolExecutor.java:1074)&#10;        at java.util.concurrent.ThreadPoolExecutor.runWorker(ThreadPoolExecutor.java:1134)&#10;        at java.util.concurrent.ThreadPoolExecutor$Worker.run(ThreadPoolExecutor.java:624)&#10;        at java.lang.Thread.run(Thread.java:748)&#10;&quot;Periodic HDDS volume checker&quot;  prio=5 tid=206 timed_waiting&#10;java.lang.Thread.State: TIMED_WAITING&#10;        at sun.misc.Unsafe.park(Native Method)&#10;        at java.util.concurrent.locks.LockSupport.parkNanos(LockSupport.java:215)&#10;        at java.util.concurrent.locks.AbstractQueuedSynchronizer$ConditionObject.awaitNanos(AbstractQueuedSynchronizer.java:2078)&#10;        at java.util.concurrent.ScheduledThreadPoolExecutor$DelayedWorkQueue.take(ScheduledThreadPoolExecutor.java:1093)&#10;        at java.util.concurrent.ScheduledThreadPoolExecutor$DelayedWorkQueue.take(ScheduledThreadPoolExecutor.java:809)&#10;        at java.util.concurrent.ThreadPoolExecutor.getTask(ThreadPoolExecutor.java:1074)&#10;        at java.util.concurrent.ThreadPoolExecutor.runWorker(ThreadPoolExecutor.java:1134)&#10;        at java.util.concurrent.ThreadPoolExecutor$Worker.run(ThreadPoolExecutor.java:624)&#10;        at java.lang.Thread.run(Thread.java:748)&#10;&quot;qtp1026506187-225&quot; daemon prio=5 tid=225 timed_waiting&#10;java.lang.Thread.State: TIMED_WAITING&#10;        at sun.misc.Unsafe.park(Native Method)&#10;        at java.util.concurrent.locks.LockSupport.parkNanos(LockSupport.java:215)&#10;        at java.util.concurrent.locks.AbstractQueuedSynchronizer$ConditionObject.awaitNanos(AbstractQueuedSynchronizer.java:2078)&#10;        at org.eclipse.jetty.util.BlockingArrayQueue.poll(BlockingArrayQueue.java:392)&#10;        at org.eclipse.jetty.util.thread.QueuedThreadPool.idleJobPoll(QueuedThreadPool.java:563)&#10;        at org.eclipse.jetty.util.thread.QueuedThreadPool.access$800(QueuedThreadPool.java:48)&#10;        at org.eclipse.jetty.util.thread.QueuedThreadPool$2.run(QueuedThreadPool.java:626)&#10;        at java.lang.Thread.run(Thread.java:748)&#10;&quot;IPC Server handler 13 on 40125&quot; daemon prio=5 tid=43 timed_waiting&#10;java.lang.Thread.State: TIMED_WAITING&#10;        at sun.misc.Unsafe.park(Native Method)&#10;        at java.util.concurrent.locks.LockSupport.parkNanos(LockSupport.java:215)&#10;        at java.util.concurrent.locks.AbstractQueuedSynchronizer$ConditionObject.awaitNanos(AbstractQueuedSynchronizer.java:2078)&#10;        at java.util.concurrent.LinkedBlockingQueue.poll(LinkedBlockingQueue.java:467)&#10;        at org.apache.hadoop.ipc.CallQueueManager.take(CallQueueManager.java:288)&#10;        at org.apache.hadoop.ipc.Server$Handler.run(Server.java:2668)&#10;&quot;IPC Server handler 12 on 42937&quot; daemon prio=5 tid=126 timed_waiting&#10;java.lang.Thread.State: TIMED_WAITING&#10;        at sun.misc.Unsafe.park(Native Method)&#10;        at java.util.concurrent.locks.LockSupport.parkNanos(LockSupport.java:215)&#10;        at java.util.concurrent.locks.AbstractQueuedSynchronizer$ConditionObject.awaitNanos(AbstractQueuedSynchronizer.java:2078)&#10;        at java.util.concurrent.LinkedBlockingQueue.poll(LinkedBlockingQueue.java:467)&#10;        at org.apache.hadoop.ipc.CallQueueManager.take(CallQueueManager.java:288)&#10;        at org.apache.hadoop.ipc.Server$Handler.run(Server.java:2668)&#10;&quot;pool-26-thread-57&quot;  prio=5 tid=327 in Object.wait()&#10;java.lang.Thread.State: WAITING (on object monitor)&#10;        at sun.misc.Unsafe.park(Native Method)&#10;        at java.util.concurrent.locks.LockSupport.park(LockSupport.java:175)&#10;        at java.util.concurrent.locks.AbstractQueuedSynchronizer$ConditionObject.await(AbstractQueuedSynchronizer.java:2039)&#10;        at java.util.concurrent.ArrayBlockingQueue.take(ArrayBlockingQueue.java:403)&#10;        at java.util.concurrent.ThreadPoolExecutor.getTask(ThreadPoolExecutor.java:1074)&#10;        at java.util.concurrent.ThreadPoolExecutor.runWorker(ThreadPoolExecutor.java:1134)&#10;        at java.util.concurrent.ThreadPoolExecutor$Worker.run(ThreadPoolExecutor.java:624)&#10;        at java.lang.Thread.run(Thread.java:748)&#10;&quot;SCM Heartbeat Processing Thread - 0&quot; daemon prio=5 tid=13 timed_waiting&#10;java.lang.Thread.State: TIMED_WAITING&#10;        at sun.misc.Unsafe.park(Native Method)&#10;        at java.util.concurrent.locks.LockSupport.parkNanos(LockSupport.java:215)&#10;        at java.util.concurrent.locks.AbstractQueuedSynchronizer$ConditionObject.awaitNanos(AbstractQueuedSynchronizer.java:2078)&#10;        at java.util.concurrent.ScheduledThreadPoolExecutor$DelayedWorkQueue.take(ScheduledThreadPoolExecutor.java:1093)&#10;        at java.util.concurrent.ScheduledThreadPoolExecutor$DelayedWorkQueue.take(ScheduledThreadPoolExecutor.java:809)&#10;        at java.util.concurrent.ThreadPoolExecutor.getTask(ThreadPoolExecutor.java:1074)&#10;        at java.util.concurrent.ThreadPoolExecutor.runWorker(ThreadPoolExecutor.java:1134)&#10;        at java.util.concurrent.ThreadPoolExecutor$Worker.run(ThreadPoolExecutor.java:624)&#10;        at java.lang.Thread.run(Thread.java:748)&#10;&quot;pool-89-thread-52&quot;  prio=5 tid=503 in Object.wait()&#10;java.lang.Thread.State: WAITING (on object monitor)&#10;        at sun.misc.Unsafe.park(Native Method)&#10;        at java.util.concurrent.locks.LockSupport.park(LockSupport.java:175)&#10;        at java.util.concurrent.locks.AbstractQueuedSynchronizer$ConditionObject.await(AbstractQueuedSynchronizer.java:2039)&#10;        at java.util.concurrent.ArrayBlockingQueue.take(ArrayBlockingQueue.java:403)&#10;        at java.util.concurrent.ThreadPoolExecutor.getTask(ThreadPoolExecutor.java:1074)&#10;        at java.util.concurrent.ThreadPoolExecutor.runWorker(ThreadPoolExecutor.java:1134)&#10;        at java.util.concurrent.ThreadPoolExecutor$Worker.run(ThreadPoolExecutor.java:624)&#10;        at java.lang.Thread.run(Thread.java:748)&#10;&quot;pool-26-thread-6&quot;  prio=5 tid=276 in Object.wait()&#10;java.lang.Thread.State: WAITING (on object monitor)&#10;        at sun.misc.Unsafe.park(Native Method)&#10;        at java.util.concurrent.locks.LockSupport.park(LockSupport.java:175)&#10;        at java.util.concurrent.locks.AbstractQueuedSynchronizer$ConditionObject.await(AbstractQueuedSynchronizer.java:2039)&#10;        at java.util.concurrent.ArrayBlockingQueue.take(ArrayBlockingQueue.java:403)&#10;        at java.util.concurrent.ThreadPoolExecutor.getTask(ThreadPoolExecutor.java:1074)&#10;        at java.util.concurrent.ThreadPoolExecutor.runWorker(ThreadPoolExecutor.java:1134)&#10;        at java.util.concurrent.ThreadPoolExecutor$Worker.run(ThreadPoolExecutor.java:624)&#10;        at java.lang.Thread.run(Thread.java:748)&#10;&quot;IPC Server handler 1 on 40125&quot; daemon prio=5 tid=31 timed_waiting&#10;java.lang.Thread.State: TIMED_WAITING&#10;        at sun.misc.Unsafe.park(Native Method)&#10;        at java.util.concurrent.locks.LockSupport.parkNanos(LockSupport.java:215)&#10;        at java.util.concurrent.locks.AbstractQueuedSynchronizer$ConditionObject.awaitNanos(AbstractQueuedSynchronizer.java:2078)&#10;        at java.util.concurrent.LinkedBlockingQueue.poll(LinkedBlockingQueue.java:467)&#10;        at org.apache.hadoop.ipc.CallQueueManager.take(CallQueueManager.java:288)&#10;        at org.apache.hadoop.ipc.Server$Handler.run(Server.java:2668)&#10;&quot;pool-68-thread-49&quot;  prio=5 tid=440 in Object.wait()&#10;java.lang.Thread.State: WAITING (on object monitor)&#10;        at sun.misc.Unsafe.park(Native Method)&#10;        at java.util.concurrent.locks.LockSupport.park(LockSupport.java:175)&#10;        at java.util.concurrent.locks.AbstractQueuedSynchronizer$ConditionObject.await(AbstractQueuedSynchronizer.java:2039)&#10;        at java.util.concurrent.ArrayBlockingQueue.take(ArrayBlockingQueue.java:403)&#10;        at java.util.concurrent.ThreadPoolExecutor.getTask(ThreadPoolExecutor.java:1074)&#10;        at java.util.concurrent.ThreadPoolExecutor.runWorker(ThreadPoolExecutor.java:1134)&#10;        at java.util.concurrent.ThreadPoolExecutor$Worker.run(ThreadPoolExecutor.java:624)&#10;        at java.lang.Thread.run(Thread.java:748)&#10;&quot;IPC Server handler 10 on 40125&quot; daemon prio=5 tid=40 timed_waiting&#10;java.lang.Thread.State: TIMED_WAITING&#10;        at sun.misc.Unsafe.park(Native Method)&#10;        at java.util.concurrent.locks.LockSupport.parkNanos(LockSupport.java:215)&#10;        at java.util.concurrent.locks.AbstractQueuedSynchronizer$ConditionObject.awaitNanos(AbstractQueuedSynchronizer.java:2078)&#10;        at java.util.concurrent.LinkedBlockingQueue.poll(LinkedBlockingQueue.java:467)&#10;        at org.apache.hadoop.ipc.CallQueueManager.take(CallQueueManager.java:288)&#10;        at org.apache.hadoop.ipc.Server$Handler.run(Server.java:2668)&#10;&quot;IPC Server handler 0 on 43271&quot; daemon prio=5 tid=50 timed_waiting&#10;java.lang.Thread.State: TIMED_WAITING&#10;        at sun.misc.Unsafe.park(Native Method)&#10;        at java.util.concurrent.locks.LockSupport.parkNanos(LockSupport.java:215)&#10;        at java.util.concurrent.locks.AbstractQueuedSynchronizer$ConditionObject.awaitNanos(AbstractQueuedSynchronizer.java:2078)&#10;        at java.util.concurrent.LinkedBlockingQueue.poll(LinkedBlockingQueue.java:467)&#10;        at org.apache.hadoop.ipc.CallQueueManager.take(CallQueueManager.java:288)&#10;        at org.apache.hadoop.ipc.Server$Handler.run(Server.java:2668)&#10;&quot;pool-66-thread-1&quot; daemon prio=5 tid=215 timed_waiting&#10;java.lang.Thread.State: TIMED_WAITING&#10;        at sun.misc.Unsafe.park(Native Method)&#10;        at java.util.concurrent.locks.LockSupport.parkNanos(LockSupport.java:215)&#10;        at java.util.concurrent.locks.AbstractQueuedSynchronizer$ConditionObject.awaitNanos(AbstractQueuedSynchronizer.java:2078)&#10;        at java.util.concurrent.ScheduledThreadPoolExecutor$DelayedWorkQueue.take(ScheduledThreadPoolExecutor.java:1093)&#10;        at java.util.concurrent.ScheduledThreadPoolExecutor$DelayedWorkQueue.take(ScheduledThreadPoolExecutor.java:809)&#10;        at java.util.concurrent.ThreadPoolExecutor.getTask(ThreadPoolExecutor.java:1074)&#10;        at java.util.concurrent.ThreadPoolExecutor.runWorker(ThreadPoolExecutor.java:1134)&#10;        at java.util.concurrent.ThreadPoolExecutor$Worker.run(ThreadPoolExecutor.java:624)&#10;        at java.lang.Thread.run(Thread.java:748)&#10;&quot;IPC Server handler 9 on 40125&quot; daemon prio=5 tid=39 timed_waiting&#10;java.lang.Thread.State: TIMED_WAITING&#10;        at sun.misc.Unsafe.park(Native Method)&#10;        at java.util.concurrent.locks.LockSupport.parkNanos(LockSupport.java:215)&#10;        at java.util.concurrent.locks.AbstractQueuedSynchronizer$ConditionObject.awaitNanos(AbstractQueuedSynchronizer.java:2078)&#10;        at java.util.concurrent.LinkedBlockingQueue.poll(LinkedBlockingQueue.java:467)&#10;        at org.apache.hadoop.ipc.CallQueueManager.take(CallQueueManager.java:288)&#10;        at org.apache.hadoop.ipc.Server$Handler.run(Server.java:2668)&#10;&quot;pool-26-thread-47&quot;  prio=5 tid=317 in Object.wait()&#10;java.lang.Thread.State: WAITING (on object monitor)&#10;        at sun.misc.Unsafe.park(Native Method)&#10;        at java.util.concurrent.locks.LockSupport.park(LockSupport.java:175)&#10;        at java.util.concurrent.locks.AbstractQueuedSynchronizer$ConditionObject.await(AbstractQueuedSynchronizer.java:2039)&#10;        at java.util.concurrent.ArrayBlockingQueue.take(ArrayBlockingQueue.java:403)&#10;        at java.util.concurrent.ThreadPoolExecutor.getTask(ThreadPoolExecutor.java:1074)&#10;        at java.util.concurrent.ThreadPoolExecutor.runWorker(ThreadPoolExecutor.java:1134)&#10;        at java.util.concurrent.ThreadPoolExecutor$Worker.run(ThreadPoolExecutor.java:624)&#10;        at java.lang.Thread.run(Thread.java:748)&#10;&quot;IPC Server handler 2 on 42937&quot; daemon prio=5 tid=116 timed_waiting&#10;java.lang.Thread.State: TIMED_WAITING&#10;        at sun.misc.Unsafe.park(Native Method)&#10;        at java.util.concurrent.locks.LockSupport.parkNanos(LockSupport.java:215)&#10;        at java.util.concurrent.locks.AbstractQueuedSynchronizer$ConditionObject.awaitNanos(AbstractQueuedSynchronizer.java:2078)&#10;        at java.util.concurrent.LinkedBlockingQueue.poll(LinkedBlockingQueue.java:467)&#10;        at org.apache.hadoop.ipc.CallQueueManager.take(CallQueueManager.java:288)&#10;        at org.apache.hadoop.ipc.Server$Handler.run(Server.java:2668)&#10;&quot;Datanode ReportManager Thread - 3&quot; daemon prio=5 tid=179 in Object.wait()&#10;java.lang.Thread.State: WAITING (on object monitor)&#10;        at sun.misc.Unsafe.park(Native Method)&#10;        at java.util.concurrent.locks.LockSupport.park(LockSupport.java:175)&#10;        at java.util.concurrent.locks.AbstractQueuedSynchronizer$ConditionObject.await(AbstractQueuedSynchronizer.java:2039)&#10;        at java.util.concurrent.ScheduledThreadPoolExecutor$DelayedWorkQueue.take(ScheduledThreadPoolExecutor.java:1088)&#10;        at java.util.concurrent.ScheduledThreadPoolExecutor$DelayedWorkQueue.take(ScheduledThreadPoolExecutor.java:809)&#10;        at java.util.concurrent.ThreadPoolExecutor.getTask(ThreadPoolExecutor.java:1074)&#10;        at java.util.concurrent.ThreadPoolExecutor.runWorker(ThreadPoolExecutor.java:1134)&#10;        at java.util.concurrent.ThreadPoolExecutor$Worker.run(ThreadPoolExecutor.java:624)&#10;        at java.lang.Thread.run(Thread.java:748)&#10;&quot;pool-47-thread-25&quot;  prio=5 tid=356 in Object.wait()&#10;java.lang.Thread.State: WAITING (on object monitor)&#10;        at sun.misc.Unsafe.park(Native Method)&#10;        at java.util.concurrent.locks.LockSupport.park(LockSupport.java:175)&#10;        at java.util.concurrent.locks.AbstractQueuedSynchronizer$ConditionObject.await(AbstractQueuedSynchronizer.java:2039)&#10;        at java.util.concurrent.ArrayBlockingQueue.take(ArrayBlockingQueue.java:403)&#10;        at java.util.concurrent.ThreadPoolExecutor.getTask(ThreadPoolExecutor.java:1074)&#10;        at java.util.concurrent.ThreadPoolExecutor.runWorker(ThreadPoolExecutor.java:1134)&#10;        at java.util.concurrent.ThreadPoolExecutor$Worker.run(ThreadPoolExecutor.java:624)&#10;        at java.lang.Thread.run(Thread.java:748)&#10;&quot;pool-47-thread-40&quot;  prio=5 tid=371 in Object.wait()&#10;java.lang.Thread.State: WAITING (on object monitor)&#10;        at sun.misc.Unsafe.park(Native Method)&#10;        at java.util.concurrent.locks.LockSupport.park(LockSupport.java:175)&#10;        at java.util.concurrent.locks.AbstractQueuedSynchronizer$ConditionObject.await(AbstractQueuedSynchronizer.java:2039)&#10;        at java.util.concurrent.ArrayBlockingQueue.take(ArrayBlockingQueue.java:403)&#10;        at java.util.concurrent.ThreadPoolExecutor.getTask(ThreadPoolExecutor.java:1074)&#10;        at java.util.concurrent.ThreadPoolExecutor.runWorker(ThreadPoolExecutor.java:1134)&#10;        at java.util.concurrent.ThreadPoolExecutor$Worker.run(ThreadPoolExecutor.java:624)&#10;        at java.lang.Thread.run(Thread.java:748)&#10;&quot;pool-68-thread-38&quot;  prio=5 tid=429 in Object.wait()&#10;java.lang.Thread.State: WAITING (on object monitor)&#10;        at sun.misc.Unsafe.park(Native Method)&#10;        at java.util.concurrent.locks.LockSupport.park(LockSupport.java:175)&#10;        at java.util.concurrent.locks.AbstractQueuedSynchronizer$ConditionObject.await(AbstractQueuedSynchronizer.java:2039)&#10;        at java.util.concurrent.ArrayBlockingQueue.take(ArrayBlockingQueue.java:403)&#10;        at java.util.concurrent.ThreadPoolExecutor.getTask(ThreadPoolExecutor.java:1074)&#10;        at java.util.concurrent.ThreadPoolExecutor.runWorker(ThreadPoolExecutor.java:1134)&#10;        at java.util.concurrent.ThreadPoolExecutor$Worker.run(ThreadPoolExecutor.java:624)&#10;        at java.lang.Thread.run(Thread.java:748)&#10;&quot;pool-89-thread-50&quot;  prio=5 tid=501 in Object.wait()&#10;java.lang.Thread.State: WAITING (on object monitor)&#10;        at sun.misc.Unsafe.park(Native Method)&#10;        at java.util.concurrent.locks.LockSupport.park(LockSupport.java:175)&#10;        at java.util.concurrent.locks.AbstractQueuedSynchronizer$ConditionObject.await(AbstractQueuedSynchronizer.java:2039)&#10;        at java.util.concurrent.ArrayBlockingQueue.take(ArrayBlockingQueue.java:403)&#10;        at java.util.concurrent.ThreadPoolExecutor.getTask(ThreadPoolExecutor.java:1074)&#10;        at java.util.concurrent.ThreadPoolExecutor.runWorker(ThreadPoolExecutor.java:1134)&#10;        at java.util.concurrent.ThreadPoolExecutor$Worker.run(ThreadPoolExecutor.java:624)&#10;        at java.lang.Thread.run(Thread.java:748)&#10;&quot;pool-47-thread-19&quot;  prio=5 tid=350 in Object.wait()&#10;java.lang.Thread.State: WAITING (on object monitor)&#10;        at sun.misc.Unsafe.park(Native Method)&#10;        at java.util.concurrent.locks.LockSupport.park(LockSupport.java:175)&#10;        at java.util.concurrent.locks.AbstractQueuedSynchronizer$ConditionObject.await(AbstractQueuedSynchronizer.java:2039)&#10;        at java.util.concurrent.ArrayBlockingQueue.take(ArrayBlockingQueue.java:403)&#10;        at java.util.concurrent.ThreadPoolExecutor.getTask(ThreadPoolExecutor.java:1074)&#10;        at java.util.concurrent.ThreadPoolExecutor.runWorker(ThreadPoolExecutor.java:1134)&#10;        at java.util.concurrent.ThreadPoolExecutor$Worker.run(ThreadPoolExecutor.java:624)&#10;        at java.lang.Thread.run(Thread.java:748)&#10;&quot;pool-26-thread-28&quot;  prio=5 tid=298 in Object.wait()&#10;java.lang.Thread.State: WAITING (on object monitor)&#10;        at sun.misc.Unsafe.park(Native Method)&#10;        at java.util.concurrent.locks.LockSupport.park(LockSupport.java:175)&#10;        at java.util.concurrent.locks.AbstractQueuedSynchronizer$ConditionObject.await(AbstractQueuedSynchronizer.java:2039)&#10;        at java.util.concurrent.ArrayBlockingQueue.take(ArrayBlockingQueue.java:403)&#10;        at java.util.concurrent.ThreadPoolExecutor.getTask(ThreadPoolExecutor.java:1074)&#10;        at java.util.concurrent.ThreadPoolExecutor.runWorker(ThreadPoolExecutor.java:1134)&#10;        at java.util.concurrent.ThreadPoolExecutor$Worker.run(ThreadPoolExecutor.java:624)&#10;        at java.lang.Thread.run(Thread.java:748)&#10;&quot;Command processor thread&quot; daemon prio=5 tid=267 timed_waiting&#10;java.lang.Thread.State: TIMED_WAITING&#10;        at java.lang.Thread.sleep(Native Method)&#10;        at org.apache.hadoop.ozone.container.common.statemachine.DatanodeStateMachine.lambda$initCommandHandlerThread$1(DatanodeStateMachine.java:439)&#10;        at org.apache.hadoop.ozone.container.common.statemachine.DatanodeStateMachine$$Lambda$140/966358068.run(Unknown Source)&#10;        at java.lang.Thread.run(Thread.java:748)&#10;&quot;pool-26-thread-58&quot;  prio=5 tid=328 in Object.wait()&#10;java.lang.Thread.State: WAITING (on object monitor)&#10;        at sun.misc.Unsafe.park(Native Method)&#10;        at java.util.concurrent.locks.LockSupport.park(LockSupport.java:175)&#10;        at java.util.concurrent.locks.AbstractQueuedSynchronizer$ConditionObject.await(AbstractQueuedSynchronizer.java:2039)&#10;        at java.util.concurrent.ArrayBlockingQueue.take(ArrayBlockingQueue.java:403)&#10;        at java.util.concurrent.ThreadPoolExecutor.getTask(ThreadPoolExecutor.java:1074)&#10;        at java.util.concurrent.ThreadPoolExecutor.runWorker(ThreadPoolExecutor.java:1134)&#10;        at java.util.concurrent.ThreadPoolExecutor$Worker.run(ThreadPoolExecutor.java:624)&#10;        at java.lang.Thread.run(Thread.java:748)&#10;&quot;pool-26-thread-51&quot;  prio=5 tid=321 in Object.wait()&#10;java.lang.Thread.State: WAITING (on object monitor)&#10;        at sun.misc.Unsafe.park(Native Method)&#10;        at java.util.concurrent.locks.LockSupport.park(LockSupport.java:175)&#10;        at java.util.concurrent.locks.AbstractQueuedSynchronizer$ConditionObject.await(AbstractQueuedSynchronizer.java:2039)&#10;        at java.util.concurrent.ArrayBlockingQueue.take(ArrayBlockingQueue.java:403)&#10;        at java.util.concurrent.ThreadPoolExecutor.getTask(ThreadPoolExecutor.java:1074)&#10;        at java.util.concurrent.ThreadPoolExecutor.runWorker(ThreadPoolExecutor.java:1134)&#10;        at java.util.concurrent.ThreadPoolExecutor$Worker.run(ThreadPoolExecutor.java:624)&#10;        at java.lang.Thread.run(Thread.java:748)&#10;&quot;IPC Server Responder&quot; daemon prio=5 tid=22 runnable&#10;java.lang.Thread.State: RUNNABLE&#10;        at sun.nio.ch.EPollArrayWrapper.epollWait(Native Method)&#10;        at sun.nio.ch.EPollArrayWrapper.poll(EPollArrayWrapper.java:269)&#10;        at sun.nio.ch.EPollSelectorImpl.doSelect(EPollSelectorImpl.java:93)&#10;        at sun.nio.ch.SelectorImpl.lockAndDoSelect(SelectorImpl.java:86)&#10;        at sun.nio.ch.SelectorImpl.select(SelectorImpl.java:97)&#10;        at org.apache.hadoop.ipc.Server$Responder.doRunLoop(Server.java:1334)&#10;        at org.apache.hadoop.ipc.Server$Responder.run(Server.java:1317)&#10;&quot;pool-89-thread-24&quot;  prio=5 tid=475 in Object.wait()&#10;java.lang.Thread.State: WAITING (on object monitor)&#10;        at sun.misc.Unsafe.park(Native Method)&#10;        at java.util.concurrent.locks.LockSupport.park(LockSupport.java:175)&#10;        at java.util.concurrent.locks.AbstractQueuedSynchronizer$ConditionObject.await(AbstractQueuedSynchronizer.java:2039)&#10;        at java.util.concurrent.ArrayBlockingQueue.take(ArrayBlockingQueue.java:403)&#10;        at java.util.concurrent.ThreadPoolExecutor.getTask(ThreadPoolExecutor.java:1074)&#10;        at java.util.concurrent.ThreadPoolExecutor.runWorker(ThreadPoolExecutor.java:1134)&#10;        at java.util.concurrent.ThreadPoolExecutor$Worker.run(ThreadPoolExecutor.java:624)&#10;        at java.lang.Thread.run(Thread.java:748)&#10;&quot;IPC Server handler 17 on 34963&quot; daemon prio=5 tid=87 timed_waiting&#10;java.lang.Thread.State: TIMED_WAITING&#10;        at sun.misc.Unsafe.park(Native Method)&#10;        at java.util.concurrent.locks.LockSupport.parkNanos(LockSupport.java:215)&#10;        at java.util.concurrent.locks.AbstractQueuedSynchronizer$ConditionObject.awaitNanos(AbstractQueuedSynchronizer.java:2078)&#10;        at java.util.concurrent.LinkedBlockingQueue.poll(LinkedBlockingQueue.java:467)&#10;        at org.apache.hadoop.ipc.CallQueueManager.take(CallQueueManager.java:288)&#10;        at org.apache.hadoop.ipc.Server$Handler.run(Server.java:2668)&#10;&quot;5f623e1f-d5a1-46cb-80d7-44327f36f2e1-RaftLogWorker&quot;  prio=5 tid=544 timed_waiting&#10;java.lang.Thread.State: TIMED_WAITING&#10;        at sun.misc.Unsafe.park(Native Method)&#10;        at java.util.concurrent.locks.LockSupport.parkNanos(LockSupport.java:215)&#10;        at java.util.concurrent.locks.AbstractQueuedSynchronizer$ConditionObject.awaitNanos(AbstractQueuedSynchronizer.java:2078)&#10;        at org.apache.ratis.util.DataBlockingQueue.poll(DataBlockingQueue.java:137)&#10;        at org.apache.ratis.server.storage.RaftLogWorker.run(RaftLogWorker.java:216)&#10;        at java.lang.Thread.run(Thread.java:748)&#10;&quot;pool-89-thread-32&quot;  prio=5 tid=483 in Object.wait()&#10;java.lang.Thread.State: WAITING (on object monitor)&#10;        at sun.misc.Unsafe.park(Native Method)&#10;        at java.util.concurrent.locks.LockSupport.park(LockSupport.java:175)&#10;        at java.util.concurrent.locks.AbstractQueuedSynchronizer$ConditionObject.await(AbstractQueuedSynchronizer.java:2039)&#10;        at java.util.concurrent.ArrayBlockingQueue.take(ArrayBlockingQueue.java:403)&#10;        at java.util.concurrent.ThreadPoolExecutor.getTask(ThreadPoolExecutor.java:1074)&#10;        at java.util.concurrent.ThreadPoolExecutor.runWorker(ThreadPoolExecutor.java:1134)&#10;        at java.util.concurrent.ThreadPoolExecutor$Worker.run(ThreadPoolExecutor.java:624)&#10;        at java.lang.Thread.run(Thread.java:748)&#10;&quot;pool-68-thread-59&quot;  prio=5 tid=450 in Object.wait()&#10;java.lang.Thread.State: WAITING (on object monitor)&#10;        at sun.misc.Unsafe.park(Native Method)&#10;        at java.util.concurrent.locks.LockSupport.park(LockSupport.java:175)&#10;        at java.util.concurrent.locks.AbstractQueuedSynchronizer$ConditionObject.await(AbstractQueuedSynchronizer.java:2039)&#10;        at java.util.concurrent.ArrayBlockingQueue.take(ArrayBlockingQueue.java:403)&#10;        at java.util.concurrent.ThreadPoolExecutor.getTask(ThreadPoolExecutor.java:1074)&#10;        at java.util.concurrent.ThreadPoolExecutor.runWorker(ThreadPoolExecutor.java:1134)&#10;        at java.util.concurrent.ThreadPoolExecutor$Worker.run(ThreadPoolExecutor.java:624)&#10;        at java.lang.Thread.run(Thread.java:748)&#10;&quot;pool-47-thread-11&quot;  prio=5 tid=342 in Object.wait()&#10;java.lang.Thread.State: WAITING (on object monitor)&#10;        at sun.misc.Unsafe.park(Native Method)&#10;        at java.util.concurrent.locks.LockSupport.park(LockSupport.java:175)&#10;        at java.util.concurrent.locks.AbstractQueuedSynchronizer$ConditionObject.await(AbstractQueuedSynchronizer.java:2039)&#10;        at java.util.concurrent.ArrayBlockingQueue.take(ArrayBlockingQueue.java:403)&#10;        at java.util.concurrent.ThreadPoolExecutor.getTask(ThreadPoolExecutor.java:1074)&#10;        at java.util.concurrent.ThreadPoolExecutor.runWorker(ThreadPoolExecutor.java:1134)&#10;        at java.util.concurrent.ThreadPoolExecutor$Worker.run(ThreadPoolExecutor.java:624)&#10;        at java.lang.Thread.run(Thread.java:748)&#10;&quot;pool-26-thread-37&quot;  prio=5 tid=307 in Object.wait()&#10;java.lang.Thread.State: WAITING (on object monitor)&#10;        at sun.misc.Unsafe.park(Native Method)&#10;        at java.util.concurrent.locks.LockSupport.park(LockSupport.java:175)&#10;        at java.util.concurrent.locks.AbstractQueuedSynchronizer$ConditionObject.await(AbstractQueuedSynchronizer.java:2039)&#10;        at java.util.concurrent.ArrayBlockingQueue.take(ArrayBlockingQueue.java:403)&#10;        at java.util.concurrent.ThreadPoolExecutor.getTask(ThreadPoolExecutor.java:1074)&#10;        at java.util.concurrent.ThreadPoolExecutor.runWorker(ThreadPoolExecutor.java:1134)&#10;        at java.util.concurrent.ThreadPoolExecutor$Worker.run(ThreadPoolExecutor.java:624)&#10;        at java.lang.Thread.run(Thread.java:748)&#10;&quot;org.eclipse.jetty.server.session.HashSessionManager@7c8326a4Timer&quot; daemon prio=5 tid=145 timed_waiting&#10;java.lang.Thread.State: TIMED_WAITING&#10;        at sun.misc.Unsafe.park(Native Method)&#10;        at java.util.concurrent.locks.LockSupport.parkNanos(LockSupport.java:215)&#10;        at java.util.concurrent.locks.AbstractQueuedSynchronizer$ConditionObject.awaitNanos(AbstractQueuedSynchronizer.java:2078)&#10;        at java.util.concurrent.ScheduledThreadPoolExecutor$DelayedWorkQueue.take(ScheduledThreadPoolExecutor.java:1093)&#10;        at java.util.concurrent.ScheduledThreadPoolExecutor$DelayedWorkQueue.take(ScheduledThreadPoolExecutor.java:809)&#10;        at java.util.concurrent.ThreadPoolExecutor.getTask(ThreadPoolExecutor.java:1074)&#10;        at java.util.concurrent.ThreadPoolExecutor.runWorker(ThreadPoolExecutor.java:1134)&#10;        at java.util.concurrent.ThreadPoolExecutor$Worker.run(ThreadPoolExecutor.java:624)&#10;        at java.lang.Thread.run(Thread.java:748)&#10;&quot;pool-47-thread-49&quot;  prio=5 tid=380 in Object.wait()&#10;java.lang.Thread.State: WAITING (on object monitor)&#10;        at sun.misc.Unsafe.park(Native Method)&#10;        at java.util.concurrent.locks.LockSupport.park(LockSupport.java:175)&#10;        at java.util.concurrent.locks.AbstractQueuedSynchronizer$ConditionObject.await(AbstractQueuedSynchronizer.java:2039)&#10;        at java.util.concurrent.ArrayBlockingQueue.take(ArrayBlockingQueue.java:403)&#10;        at java.util.concurrent.ThreadPoolExecutor.getTask(ThreadPoolExecutor.java:1074)&#10;        at java.util.concurrent.ThreadPoolExecutor.runWorker(ThreadPoolExecutor.java:1134)&#10;        at java.util.concurrent.ThreadPoolExecutor$Worker.run(ThreadPoolExecutor.java:624)&#10;        at java.lang.Thread.run(Thread.java:748)&#10;&quot;pool-26-thread-31&quot;  prio=5 tid=301 in Object.wait()&#10;java.lang.Thread.State: WAITING (on object monitor)&#10;        at sun.misc.Unsafe.park(Native Method)&#10;        at java.util.concurrent.locks.LockSupport.park(LockSupport.java:175)&#10;        at java.util.concurrent.locks.AbstractQueuedSynchronizer$ConditionObject.await(AbstractQueuedSynchronizer.java:2039)&#10;        at java.util.concurrent.ArrayBlockingQueue.take(ArrayBlockingQueue.java:403)&#10;        at java.util.concurrent.ThreadPoolExecutor.getTask(ThreadPoolExecutor.java:1074)&#10;        at java.util.concurrent.ThreadPoolExecutor.runWorker(ThreadPoolExecutor.java:1134)&#10;        at java.util.concurrent.ThreadPoolExecutor$Worker.run(ThreadPoolExecutor.java:624)&#10;        at java.lang.Thread.run(Thread.java:748)&#10;&quot;pool-47-thread-58&quot;  prio=5 tid=389 in Object.wait()&#10;java.lang.Thread.State: WAITING (on object monitor)&#10;        at sun.misc.Unsafe.park(Native Method)&#10;        at java.util.concurrent.locks.LockSupport.park(LockSupport.java:175)&#10;        at java.util.concurrent.locks.AbstractQueuedSynchronizer$ConditionObject.await(AbstractQueuedSynchronizer.java:2039)&#10;        at java.util.concurrent.ArrayBlockingQueue.take(ArrayBlockingQueue.java:403)&#10;        at java.util.concurrent.ThreadPoolExecutor.getTask(ThreadPoolExecutor.java:1074)&#10;        at java.util.concurrent.ThreadPoolExecutor.runWorker(ThreadPoolExecutor.java:1134)&#10;        at java.util.concurrent.ThreadPoolExecutor$Worker.run(ThreadPoolExecutor.java:624)&#10;        at java.lang.Thread.run(Thread.java:748)&#10;&quot;IPC Server handler 1 on 34963&quot; daemon prio=5 tid=71 timed_waiting&#10;java.lang.Thread.State: TIMED_WAITING&#10;        at sun.misc.Unsafe.park(Native Method)&#10;        at java.util.concurrent.locks.LockSupport.parkNanos(LockSupport.java:215)&#10;        at java.util.concurrent.locks.AbstractQueuedSynchronizer$ConditionObject.awaitNanos(AbstractQueuedSynchronizer.java:2078)&#10;        at java.util.concurrent.LinkedBlockingQueue.poll(LinkedBlockingQueue.java:467)&#10;        at org.apache.hadoop.ipc.CallQueueManager.take(CallQueueManager.java:288)&#10;        at org.apache.hadoop.ipc.Server$Handler.run(Server.java:2668)&#10;&quot;Datanode ReportManager Thread - 0&quot; daemon prio=5 tid=203 in Object.wait()&#10;java.lang.Thread.State: WAITING (on object monitor)&#10;        at sun.misc.Unsafe.park(Native Method)&#10;        at java.util.concurrent.locks.LockSupport.park(LockSupport.java:175)&#10;        at java.util.concurrent.locks.AbstractQueuedSynchronizer$ConditionObject.await(AbstractQueuedSynchronizer.java:2039)&#10;        at java.util.concurrent.ScheduledThreadPoolExecutor$DelayedWorkQueue.take(ScheduledThreadPoolExecutor.java:1088)&#10;        at java.util.concurrent.ScheduledThreadPoolExecutor$DelayedWorkQueue.take(ScheduledThreadPoolExecutor.java:809)&#10;        at java.util.concurrent.ThreadPoolExecutor.getTask(ThreadPoolExecutor.java:1074)&#10;        at java.util.concurrent.ThreadPoolExecutor.runWorker(ThreadPoolExecutor.java:1134)&#10;        at java.util.concurrent.ThreadPoolExecutor$Worker.run(ThreadPoolExecutor.java:624)&#10;        at java.lang.Thread.run(Thread.java:748)&#10;&quot;pool-89-thread-38&quot;  prio=5 tid=489 in Object.wait()&#10;java.lang.Thread.State: WAITING (on object monitor)&#10;        at sun.misc.Unsafe.park(Native Method)&#10;        at java.util.concurrent.locks.LockSupport.park(LockSupport.java:175)&#10;        at java.util.concurrent.locks.AbstractQueuedSynchronizer$ConditionObject.await(AbstractQueuedSynchronizer.java:2039)&#10;        at java.util.concurrent.ArrayBlockingQueue.take(ArrayBlockingQueue.java:403)&#10;        at java.util.concurrent.ThreadPoolExecutor.getTask(ThreadPoolExecutor.java:1074)&#10;        at java.util.concurrent.ThreadPoolExecutor.runWorker(ThreadPoolExecutor.java:1134)&#10;        at java.util.concurrent.ThreadPoolExecutor$Worker.run(ThreadPoolExecutor.java:624)&#10;        at java.lang.Thread.run(Thread.java:748)&#10;&quot;pool-26-thread-16&quot;  prio=5 tid=286 in Object.wait()&#10;java.lang.Thread.State: WAITING (on object monitor)&#10;        at sun.misc.Unsafe.park(Native Method)&#10;        at java.util.concurrent.locks.LockSupport.park(LockSupport.java:175)&#10;        at java.util.concurrent.locks.AbstractQueuedSynchronizer$ConditionObject.await(AbstractQueuedSynchronizer.java:2039)&#10;        at java.util.concurrent.ArrayBlockingQueue.take(ArrayBlockingQueue.java:403)&#10;        at java.util.concurrent.ThreadPoolExecutor.getTask(ThreadPoolExecutor.java:1074)&#10;        at java.util.concurrent.ThreadPoolExecutor.runWorker(ThreadPoolExecutor.java:1134)&#10;        at java.util.concurrent.ThreadPoolExecutor$Worker.run(ThreadPoolExecutor.java:624)&#10;        at java.lang.Thread.run(Thread.java:748)&#10;&quot;IPC Server handler 7 on 43271&quot; daemon prio=5 tid=57 timed_waiting&#10;java.lang.Thread.State: TIMED_WAITING&#10;        at sun.misc.Unsafe.park(Native Method)&#10;        at java.util.concurrent.locks.LockSupport.parkNanos(LockSupport.java:215)&#10;        at java.util.concurrent.locks.AbstractQueuedSynchronizer$ConditionObject.awaitNanos(AbstractQueuedSynchronizer.java:2078)&#10;        at java.util.concurrent.LinkedBlockingQueue.poll(LinkedBlockingQueue.java:467)&#10;        at org.apache.hadoop.ipc.CallQueueManager.take(CallQueueManager.java:288)&#10;        at org.apache.hadoop.ipc.Server$Handler.run(Server.java:2668)&#10;&quot;qtp1026506187-226&quot; daemon prio=5 tid=226 timed_waiting&#10;java.lang.Thread.State: TIMED_WAITING&#10;        at sun.misc.Unsafe.park(Native Method)&#10;        at java.util.concurrent.locks.LockSupport.parkNanos(LockSupport.java:215)&#10;        at java.util.concurrent.locks.AbstractQueuedSynchronizer$ConditionObject.awaitNanos(AbstractQueuedSynchronizer.java:2078)&#10;        at org.eclipse.jetty.util.BlockingArrayQueue.poll(BlockingArrayQueue.java:392)&#10;        at org.eclipse.jetty.util.thread.QueuedThreadPool.idleJobPoll(QueuedThreadPool.java:563)&#10;        at org.eclipse.jetty.util.thread.QueuedThreadPool.access$800(QueuedThreadPool.java:48)&#10;        at org.eclipse.jetty.util.thread.QueuedThreadPool$2.run(QueuedThreadPool.java:626)&#10;        at java.lang.Thread.run(Thread.java:748)&#10;&quot;IPC Server handler 13 on 43271&quot; daemon prio=5 tid=63 timed_waiting&#10;java.lang.Thread.State: TIMED_WAITING&#10;        at sun.misc.Unsafe.park(Native Method)&#10;        at java.util.concurrent.locks.LockSupport.parkNanos(LockSupport.java:215)&#10;        at java.util.concurrent.locks.AbstractQueuedSynchronizer$ConditionObject.awaitNanos(AbstractQueuedSynchronizer.java:2078)&#10;        at java.util.concurrent.LinkedBlockingQueue.poll(LinkedBlockingQueue.java:467)&#10;        at org.apache.hadoop.ipc.CallQueueManager.take(CallQueueManager.java:288)&#10;        at org.apache.hadoop.ipc.Server$Handler.run(Server.java:2668)&#10;&quot;pool-68-thread-12&quot;  prio=5 tid=403 in Object.wait()&#10;java.lang.Thread.State: WAITING (on object monitor)&#10;        at sun.misc.Unsafe.park(Native Method)&#10;        at java.util.concurrent.locks.LockSupport.park(LockSupport.java:175)&#10;        at java.util.concurrent.locks.AbstractQueuedSynchronizer$ConditionObject.await(AbstractQueuedSynchronizer.java:2039)&#10;        at java.util.concurrent.ArrayBlockingQueue.take(ArrayBlockingQueue.java:403)&#10;        at java.util.concurrent.ThreadPoolExecutor.getTask(ThreadPoolExecutor.java:1074)&#10;        at java.util.concurrent.ThreadPoolExecutor.runWorker(ThreadPoolExecutor.java:1134)&#10;        at java.util.concurrent.ThreadPoolExecutor$Worker.run(ThreadPoolExecutor.java:624)&#10;        at java.lang.Thread.run(Thread.java:748)&#10;&quot;IPC Server handler 16 on 34963&quot; daemon prio=5 tid=86 timed_waiting&#10;java.lang.Thread.State: TIMED_WAITING&#10;        at sun.misc.Unsafe.park(Native Method)&#10;        at java.util.concurrent.locks.LockSupport.parkNanos(LockSupport.java:215)&#10;        at java.util.concurrent.locks.AbstractQueuedSynchronizer$ConditionObject.awaitNanos(AbstractQueuedSynchronizer.java:2078)&#10;        at java.util.concurrent.LinkedBlockingQueue.poll(LinkedBlockingQueue.java:467)&#10;        at org.apache.hadoop.ipc.CallQueueManager.take(CallQueueManager.java:288)&#10;        at org.apache.hadoop.ipc.Server$Handler.run(Server.java:2668)&#10;&quot;pool-68-thread-58&quot;  prio=5 tid=449 in Object.wait()&#10;java.lang.Thread.State: WAITING (on object monitor)&#10;        at sun.misc.Unsafe.park(Native Method)&#10;        at java.util.concurrent.locks.LockSupport.park(LockSupport.java:175)&#10;        at java.util.concurrent.locks.AbstractQueuedSynchronizer$ConditionObject.await(AbstractQueuedSynchronizer.java:2039)&#10;        at java.util.concurrent.ArrayBlockingQueue.take(ArrayBlockingQueue.java:403)&#10;        at java.util.concurrent.ThreadPoolExecutor.getTask(ThreadPoolExecutor.java:1074)&#10;        at java.util.concurrent.ThreadPoolExecutor.runWorker(ThreadPoolExecutor.java:1134)&#10;        at java.util.concurrent.ThreadPoolExecutor$Worker.run(ThreadPoolExecutor.java:624)&#10;        at java.lang.Thread.run(Thread.java:748)&#10;&quot;qtp790689709-190&quot; daemon prio=5 tid=190 runnable&#10;java.lang.Thread.State: RUNNABLE&#10;        at sun.nio.ch.EPollArrayWrapper.epollWait(Native Method)&#10;        at sun.nio.ch.EPollArrayWrapper.poll(EPollArrayWrapper.java:269)&#10;        at sun.nio.ch.EPollSelectorImpl.doSelect(EPollSelectorImpl.java:93)&#10;        at sun.nio.ch.SelectorImpl.lockAndDoSelect(SelectorImpl.java:86)&#10;        at sun.nio.ch.SelectorImpl.select(SelectorImpl.java:97)&#10;        at sun.nio.ch.SelectorImpl.select(SelectorImpl.java:101)&#10;        at org.eclipse.jetty.io.ManagedSelector$SelectorProducer.select(ManagedSelector.java:243)&#10;        at org.eclipse.jetty.io.ManagedSelector$SelectorProducer.produce(ManagedSelector.java:191)&#10;        at org.eclipse.jetty.util.thread.strategy.ExecuteProduceConsume.executeProduceConsume(ExecuteProduceConsume.java:249)&#10;        at org.eclipse.jetty.util.thread.strategy.ExecuteProduceConsume.produceConsume(ExecuteProduceConsume.java:148)&#10;        at org.eclipse.jetty.util.thread.strategy.ExecuteProduceConsume.execute(ExecuteProduceConsume.java:100)&#10;        at org.eclipse.jetty.io.ManagedSelector.run(ManagedSelector.java:147)&#10;        at org.eclipse.jetty.util.thread.QueuedThreadPool.runJob(QueuedThreadPool.java:671)&#10;        at org.eclipse.jetty.util.thread.QueuedThreadPool$2.run(QueuedThreadPool.java:589)&#10;        at java.lang.Thread.run(Thread.java:748)&#10;&quot;pool-89-thread-48&quot;  prio=5 tid=499 in Object.wait()&#10;java.lang.Thread.State: WAITING (on object monitor)&#10;        at sun.misc.Unsafe.park(Native Method)&#10;        at java.util.concurrent.locks.LockSupport.park(LockSupport.java:175)&#10;        at java.util.concurrent.locks.AbstractQueuedSynchronizer$ConditionObject.await(AbstractQueuedSynchronizer.java:2039)&#10;        at java.util.concurrent.ArrayBlockingQueue.take(ArrayBlockingQueue.java:403)&#10;        at java.util.concurrent.ThreadPoolExecutor.getTask(ThreadPoolExecutor.java:1074)&#10;        at java.util.concurrent.ThreadPoolExecutor.runWorker(ThreadPoolExecutor.java:1134)&#10;        at java.util.concurrent.ThreadPoolExecutor$Worker.run(ThreadPoolExecutor.java:624)&#10;        at java.lang.Thread.run(Thread.java:748)&#10;&quot;IPC Server handler 0 on 42937&quot; daemon prio=5 tid=114 timed_waiting&#10;java.lang.Thread.State: TIMED_WAITING&#10;        at sun.misc.Unsafe.park(Native Method)&#10;        at java.util.concurrent.locks.LockSupport.parkNanos(LockSupport.java:215)&#10;        at java.util.concurrent.locks.AbstractQueuedSynchronizer$ConditionObject.awaitNanos(AbstractQueuedSynchronizer.java:2078)&#10;        at java.util.concurrent.LinkedBlockingQueue.poll(LinkedBlockingQueue.java:467)&#10;        at org.apache.hadoop.ipc.CallQueueManager.take(CallQueueManager.java:288)&#10;        at org.apache.hadoop.ipc.Server$Handler.run(Server.java:2668)&#10;&quot;pool-68-thread-14&quot;  prio=5 tid=405 in Object.wait()&#10;java.lang.Thread.State: WAITING (on object monitor)&#10;        at sun.misc.Unsafe.park(Native Method)&#10;        at java.util.concurrent.locks.LockSupport.park(LockSupport.java:175)&#10;        at java.util.concurrent.locks.AbstractQueuedSynchronizer$ConditionObject.await(AbstractQueuedSynchronizer.java:2039)&#10;        at java.util.concurrent.ArrayBlockingQueue.take(ArrayBlockingQueue.java:403)&#10;        at java.util.concurrent.ThreadPoolExecutor.getTask(ThreadPoolExecutor.java:1074)&#10;        at java.util.concurrent.ThreadPoolExecutor.runWorker(ThreadPoolExecutor.java:1134)&#10;        at java.util.concurrent.ThreadPoolExecutor$Worker.run(ThreadPoolExecutor.java:624)&#10;        at java.lang.Thread.run(Thread.java:748)&#10;&quot;pool-68-thread-35&quot;  prio=5 tid=426 in Object.wait()&#10;java.lang.Thread.State: WAITING (on object monitor)&#10;        at sun.misc.Unsafe.park(Native Method)&#10;        at java.util.concurrent.locks.LockSupport.park(LockSupport.java:175)&#10;        at java.util.concurrent.locks.AbstractQueuedSynchronizer$ConditionObject.await(AbstractQueuedSynchronizer.java:2039)&#10;        at java.util.concurrent.ArrayBlockingQueue.take(ArrayBlockingQueue.java:403)&#10;        at java.util.concurrent.ThreadPoolExecutor.getTask(ThreadPoolExecutor.java:1074)&#10;        at java.util.concurrent.ThreadPoolExecutor.runWorker(ThreadPoolExecutor.java:1134)&#10;        at java.util.concurrent.ThreadPoolExecutor$Worker.run(ThreadPoolExecutor.java:624)&#10;        at java.lang.Thread.run(Thread.java:748)&#10;&quot;qtp1366212088-135&quot; daemon prio=5 tid=135 runnable&#10;java.lang.Thread.State: RUNNABLE&#10;        at sun.nio.ch.EPollArrayWrapper.epollWait(Native Method)&#10;        at sun.nio.ch.EPollArrayWrapper.poll(EPollArrayWrapper.java:269)&#10;        at sun.nio.ch.EPollSelectorImpl.doSelect(EPollSelectorImpl.java:93)&#10;        at sun.nio.ch.SelectorImpl.lockAndDoSelect(SelectorImpl.java:86)&#10;        at sun.nio.ch.SelectorImpl.select(SelectorImpl.java:97)&#10;        at sun.nio.ch.SelectorImpl.select(SelectorImpl.java:101)&#10;        at org.eclipse.jetty.io.ManagedSelector$SelectorProducer.select(ManagedSelector.java:243)&#10;        at org.eclipse.jetty.io.ManagedSelector$SelectorProducer.produce(ManagedSelector.java:191)&#10;        at org.eclipse.jetty.util.thread.strategy.ExecuteProduceConsume.executeProduceConsume(ExecuteProduceConsume.java:249)&#10;        at org.eclipse.jetty.util.thread.strategy.ExecuteProduceConsume.produceConsume(ExecuteProduceConsume.java:148)&#10;        at org.eclipse.jetty.util.thread.strategy.ExecuteProduceConsume.execute(ExecuteProduceConsume.java:100)&#10;        at org.eclipse.jetty.io.ManagedSelector.run(ManagedSelector.java:147)&#10;        at org.eclipse.jetty.util.thread.QueuedThreadPool.runJob(QueuedThreadPool.java:671)&#10;        at org.eclipse.jetty.util.thread.QueuedThreadPool$2.run(QueuedThreadPool.java:589)&#10;        at java.lang.Thread.run(Thread.java:748)&#10;&quot;pool-47-thread-6&quot;  prio=5 tid=337 in Object.wait()&#10;java.lang.Thread.State: WAITING (on object monitor)&#10;        at sun.misc.Unsafe.park(Native Method)&#10;        at java.util.concurrent.locks.LockSupport.park(LockSupport.java:175)&#10;        at java.util.concurrent.locks.AbstractQueuedSynchronizer$ConditionObject.await(AbstractQueuedSynchronizer.java:2039)&#10;        at java.util.concurrent.ArrayBlockingQueue.take(ArrayBlockingQueue.java:403)&#10;        at java.util.concurrent.ThreadPoolExecutor.getTask(ThreadPoolExecutor.java:1074)&#10;        at java.util.concurrent.ThreadPoolExecutor.runWorker(ThreadPoolExecutor.java:1134)&#10;        at java.util.concurrent.ThreadPoolExecutor$Worker.run(ThreadPoolExecutor.java:624)&#10;        at java.lang.Thread.run(Thread.java:748)&#10;&quot;pool-68-thread-32&quot;  prio=5 tid=423 in Object.wait()&#10;java.lang.Thread.State: WAITING (on object monitor)&#10;        at sun.misc.Unsafe.park(Native Method)&#10;        at java.util.concurrent.locks.LockSupport.park(LockSupport.java:175)&#10;        at java.util.concurrent.locks.AbstractQueuedSynchronizer$ConditionObject.await(AbstractQueuedSynchronizer.java:2039)&#10;        at java.util.concurrent.ArrayBlockingQueue.take(ArrayBlockingQueue.java:403)&#10;        at java.util.concurrent.ThreadPoolExecutor.getTask(ThreadPoolExecutor.java:1074)&#10;        at java.util.concurrent.ThreadPoolExecutor.runWorker(ThreadPoolExecutor.java:1134)&#10;        at java.util.concurrent.ThreadPoolExecutor$Worker.run(ThreadPoolExecutor.java:624)&#10;        at java.lang.Thread.run(Thread.java:748)&#10;&quot;pool-26-thread-17&quot;  prio=5 tid=287 in Object.wait()&#10;java.lang.Thread.State: WAITING (on object monitor)&#10;        at sun.misc.Unsafe.park(Native Method)&#10;        at java.util.concurrent.locks.LockSupport.park(LockSupport.java:175)&#10;        at java.util.concurrent.locks.AbstractQueuedSynchronizer$ConditionObject.await(AbstractQueuedSynchronizer.java:2039)&#10;        at java.util.concurrent.ArrayBlockingQueue.take(ArrayBlockingQueue.java:403)&#10;        at java.util.concurrent.ThreadPoolExecutor.getTask(ThreadPoolExecutor.java:1074)&#10;        at java.util.concurrent.ThreadPoolExecutor.runWorker(ThreadPoolExecutor.java:1134)&#10;        at java.util.concurrent.ThreadPoolExecutor$Worker.run(ThreadPoolExecutor.java:624)&#10;        at java.lang.Thread.run(Thread.java:748)&#10;&quot;pool-68-thread-23&quot;  prio=5 tid=414 in Object.wait()&#10;java.lang.Thread.State: WAITING (on object monitor)&#10;        at sun.misc.Unsafe.park(Native Method)&#10;        at java.util.concurrent.locks.LockSupport.park(LockSupport.java:175)&#10;        at java.util.concurrent.locks.AbstractQueuedSynchronizer$ConditionObject.await(AbstractQueuedSynchronizer.java:2039)&#10;        at java.util.concurrent.ArrayBlockingQueue.take(ArrayBlockingQueue.java:403)&#10;        at java.util.concurrent.ThreadPoolExecutor.getTask(ThreadPoolExecutor.java:1074)&#10;        at java.util.concurrent.ThreadPoolExecutor.runWorker(ThreadPoolExecutor.java:1134)&#10;        at java.util.concurrent.ThreadPoolExecutor$Worker.run(ThreadPoolExecutor.java:624)&#10;        at java.lang.Thread.run(Thread.java:748)&#10;&quot;pool-89-thread-43&quot;  prio=5 tid=494 in Object.wait()&#10;java.lang.Thread.State: WAITING (on object monitor)&#10;        at sun.misc.Unsafe.park(Native Method)&#10;        at java.util.concurrent.locks.LockSupport.park(LockSupport.java:175)&#10;        at java.util.concurrent.locks.AbstractQueuedSynchronizer$ConditionObject.await(AbstractQueuedSynchronizer.java:2039)&#10;        at java.util.concurrent.ArrayBlockingQueue.take(ArrayBlockingQueue.java:403)&#10;        at java.util.concurrent.ThreadPoolExecutor.getTask(ThreadPoolExecutor.java:1074)&#10;        at java.util.concurrent.ThreadPoolExecutor.runWorker(ThreadPoolExecutor.java:1134)&#10;        at java.util.concurrent.ThreadPoolExecutor$Worker.run(ThreadPoolExecutor.java:624)&#10;        at java.lang.Thread.run(Thread.java:748)&#10;&quot;refreshUsed-/opt/src/hadoop-ozone/integration-test/target/test-dir/MiniOzoneClusterImpl-a42d3b4b-e56b-4764-8008-ba5e6c1f637d/datanode-2/data/containers&quot; daemon prio=5 tid=213 timed_waiting&#10;java.lang.Thread.State: TIMED_WAITING&#10;        at java.lang.Thread.sleep(Native Method)&#10;        at org.apache.hadoop.fs.CachingGetSpaceUsed$RefreshThread.run(CachingGetSpaceUsed.java:179)&#10;        at java.lang.Thread.run(Thread.java:748)&#10;&quot;KeyDeletingService#1&quot; daemon prio=5 tid=111 timed_waiting&#10;java.lang.Thread.State: TIMED_WAITING&#10;        at sun.misc.Unsafe.park(Native Method)&#10;        at java.util.concurrent.locks.LockSupport.parkNanos(LockSupport.java:215)&#10;        at java.util.concurrent.locks.AbstractQueuedSynchronizer$ConditionObject.awaitNanos(AbstractQueuedSynchronizer.java:2078)&#10;        at java.util.concurrent.ScheduledThreadPoolExecutor$DelayedWorkQueue.take(ScheduledThreadPoolExecutor.java:1093)&#10;        at java.util.concurrent.ScheduledThreadPoolExecutor$DelayedWorkQueue.take(ScheduledThreadPoolExecutor.java:809)&#10;        at java.util.concurrent.ThreadPoolExecutor.getTask(ThreadPoolExecutor.java:1074)&#10;        at java.util.concurrent.ThreadPoolExecutor.runWorker(ThreadPoolExecutor.java:1134)&#10;        at java.util.concurrent.ThreadPoolExecutor$Worker.run(ThreadPoolExecutor.java:624)&#10;        at java.lang.Thread.run(Thread.java:748)&#10;&quot;pool-26-thread-22&quot;  prio=5 tid=292 in Object.wait()&#10;java.lang.Thread.State: WAITING (on object monitor)&#10;        at sun.misc.Unsafe.park(Native Method)&#10;        at java.util.concurrent.locks.LockSupport.park(LockSupport.java:175)&#10;        at java.util.concurrent.locks.AbstractQueuedSynchronizer$ConditionObject.await(AbstractQueuedSynchronizer.java:2039)&#10;        at java.util.concurrent.ArrayBlockingQueue.take(ArrayBlockingQueue.java:403)&#10;        at java.util.concurrent.ThreadPoolExecutor.getTask(ThreadPoolExecutor.java:1074)&#10;        at java.util.concurrent.ThreadPoolExecutor.runWorker(ThreadPoolExecutor.java:1134)&#10;        at java.util.concurrent.ThreadPoolExecutor$Worker.run(ThreadPoolExecutor.java:624)&#10;        at java.lang.Thread.run(Thread.java:748)&#10;&quot;qtp1894788146-95&quot; daemon prio=5 tid=95 timed_waiting&#10;java.lang.Thread.State: TIMED_WAITING&#10;        at sun.misc.Unsafe.park(Native Method)&#10;        at java.util.concurrent.locks.LockSupport.parkNanos(LockSupport.java:215)&#10;        at java.util.concurrent.locks.AbstractQueuedSynchronizer$ConditionObject.awaitNanos(AbstractQueuedSynchronizer.java:2078)&#10;        at org.eclipse.jetty.util.BlockingArrayQueue.poll(BlockingArrayQueue.java:392)&#10;        at org.eclipse.jetty.util.thread.QueuedThreadPool.idleJobPoll(QueuedThreadPool.java:563)&#10;        at org.eclipse.jetty.util.thread.QueuedThreadPool.access$800(QueuedThreadPool.java:48)&#10;        at org.eclipse.jetty.util.thread.QueuedThreadPool$2.run(QueuedThreadPool.java:626)&#10;        at java.lang.Thread.run(Thread.java:748)&#10;&quot;pool-68-thread-11&quot;  prio=5 tid=402 in Object.wait()&#10;java.lang.Thread.State: WAITING (on object monitor)&#10;        at sun.misc.Unsafe.park(Native Method)&#10;        at java.util.concurrent.locks.LockSupport.park(LockSupport.java:175)&#10;        at java.util.concurrent.locks.AbstractQueuedSynchronizer$ConditionObject.await(AbstractQueuedSynchronizer.java:2039)&#10;        at java.util.concurrent.ArrayBlockingQueue.take(ArrayBlockingQueue.java:403)&#10;        at java.util.concurrent.ThreadPoolExecutor.getTask(ThreadPoolExecutor.java:1074)&#10;        at java.util.concurrent.ThreadPoolExecutor.runWorker(ThreadPoolExecutor.java:1134)&#10;        at java.util.concurrent.ThreadPoolExecutor$Worker.run(ThreadPoolExecutor.java:624)&#10;        at java.lang.Thread.run(Thread.java:748)&#10;&quot;qtp1110014943-255&quot; daemon prio=5 tid=255 timed_waiting&#10;java.lang.Thread.State: TIMED_WAITING&#10;        at sun.misc.Unsafe.park(Native Method)&#10;        at java.util.concurrent.locks.LockSupport.parkNanos(LockSupport.java:215)&#10;        at java.util.concurrent.locks.AbstractQueuedSynchronizer$ConditionObject.awaitNanos(AbstractQueuedSynchronizer.java:2078)&#10;        at org.eclipse.jetty.util.BlockingArrayQueue.poll(BlockingArrayQueue.java:392)&#10;        at org.eclipse.jetty.util.thread.QueuedThreadPool.idleJobPoll(QueuedThreadPool.java:563)&#10;        at org.eclipse.jetty.util.thread.QueuedThreadPool.access$800(QueuedThreadPool.java:48)&#10;        at org.eclipse.jetty.util.thread.QueuedThreadPool$2.run(QueuedThreadPool.java:626)&#10;        at java.lang.Thread.run(Thread.java:748)&#10;&quot;nioEventLoopGroup-6-1&quot;  prio=10 tid=231 runnable&#10;java.lang.Thread.State: RUNNABLE&#10;        at sun.nio.ch.EPollArrayWrapper.epollWait(Native Method)&#10;        at sun.nio.ch.EPollArrayWrapper.poll(EPollArrayWrapper.java:269)&#10;        at sun.nio.ch.EPollSelectorImpl.doSelect(EPollSelectorImpl.java:93)&#10;        at sun.nio.ch.SelectorImpl.lockAndDoSelect(SelectorImpl.java:86)&#10;        at sun.nio.ch.SelectorImpl.select(SelectorImpl.java:97)&#10;        at io.netty.channel.nio.SelectedSelectionKeySetSelector.select(SelectedSelectionKeySetSelector.java:62)&#10;        at io.netty.channel.nio.NioEventLoop.select(NioEventLoop.java:753)&#10;        at io.netty.channel.nio.NioEventLoop.run(NioEventLoop.java:408)&#10;        at io.netty.util.concurrent.SingleThreadEventExecutor$5.run(SingleThreadEventExecutor.java:897)&#10;        at io.netty.util.concurrent.FastThreadLocalRunnable.run(FastThreadLocalRunnable.java:30)&#10;        at java.lang.Thread.run(Thread.java:748)&#10;&quot;IPC Server handler 17 on 42937&quot; daemon prio=5 tid=131 timed_waiting&#10;java.lang.Thread.State: TIMED_WAITING&#10;        at sun.misc.Unsafe.park(Native Method)&#10;        at java.util.concurrent.locks.LockSupport.parkNanos(LockSupport.java:215)&#10;        at java.util.concurrent.locks.AbstractQueuedSynchronizer$ConditionObject.awaitNanos(AbstractQueuedSynchronizer.java:2078)&#10;        at java.util.concurrent.LinkedBlockingQueue.poll(LinkedBlockingQueue.java:467)&#10;        at org.apache.hadoop.ipc.CallQueueManager.take(CallQueueManager.java:288)&#10;        at org.apache.hadoop.ipc.Server$Handler.run(Server.java:2668)&#10;&quot;Signal Dispatcher&quot; daemon prio=9 tid=4 runnable&#10;java.lang.Thread.State: RUNNABLE&#10;&quot;pool-68-thread-20&quot;  prio=5 tid=411 in Object.wait()&#10;java.lang.Thread.State: WAITING (on object monitor)&#10;        at sun.misc.Unsafe.park(Native Method)&#10;        at java.util.concurrent.locks.LockSupport.park(LockSupport.java:175)&#10;        at java.util.concurrent.locks.AbstractQueuedSynchronizer$ConditionObject.await(AbstractQueuedSynchronizer.java:2039)&#10;        at java.util.concurrent.ArrayBlockingQueue.take(ArrayBlockingQueue.java:403)&#10;        at java.util.concurrent.ThreadPoolExecutor.getTask(ThreadPoolExecutor.java:1074)&#10;        at java.util.concurrent.ThreadPoolExecutor.runWorker(ThreadPoolExecutor.java:1134)&#10;        at java.util.concurrent.ThreadPoolExecutor$Worker.run(ThreadPoolExecutor.java:624)&#10;        at java.lang.Thread.run(Thread.java:748)&#10;&quot;pool-89-thread-35&quot;  prio=5 tid=486 in Object.wait()&#10;java.lang.Thread.State: WAITING (on object monitor)&#10;        at sun.misc.Unsafe.park(Native Method)&#10;        at java.util.concurrent.locks.LockSupport.park(LockSupport.java:175)&#10;        at java.util.concurrent.locks.AbstractQueuedSynchronizer$ConditionObject.await(AbstractQueuedSynchronizer.java:2039)&#10;        at java.util.concurrent.ArrayBlockingQueue.take(ArrayBlockingQueue.java:403)&#10;        at java.util.concurrent.ThreadPoolExecutor.getTask(ThreadPoolExecutor.java:1074)&#10;        at java.util.concurrent.ThreadPoolExecutor.runWorker(ThreadPoolExecutor.java:1134)&#10;        at java.util.concurrent.ThreadPoolExecutor$Worker.run(ThreadPoolExecutor.java:624)&#10;        at java.lang.Thread.run(Thread.java:748)&#10;&quot;BlockDeletingService#0&quot; daemon prio=5 tid=247 in Object.wait()&#10;java.lang.Thread.State: WAITING (on object monitor)&#10;        at sun.misc.Unsafe.park(Native Method)&#10;        at java.util.concurrent.locks.LockSupport.park(LockSupport.java:175)&#10;        at java.util.concurrent.locks.AbstractQueuedSynchronizer$ConditionObject.await(AbstractQueuedSynchronizer.java:2039)&#10;        at java.util.concurrent.ScheduledThreadPoolExecutor$DelayedWorkQueue.take(ScheduledThreadPoolExecutor.java:1088)&#10;        at java.util.concurrent.ScheduledThreadPoolExecutor$DelayedWorkQueue.take(ScheduledThreadPoolExecutor.java:809)&#10;        at java.util.concurrent.ThreadPoolExecutor.getTask(ThreadPoolExecutor.java:1074)&#10;        at java.util.concurrent.ThreadPoolExecutor.runWorker(ThreadPoolExecutor.java:1134)&#10;        at java.util.concurrent.ThreadPoolExecutor$Worker.run(ThreadPoolExecutor.java:624)&#10;        at java.lang.Thread.run(Thread.java:748)&#10;&quot;IPC Server handler 16 on 42937&quot; daemon prio=5 tid=130 timed_waiting&#10;java.lang.Thread.State: TIMED_WAITING&#10;        at sun.misc.Unsafe.park(Native Method)&#10;        at java.util.concurrent.locks.LockSupport.parkNanos(LockSupport.java:215)&#10;        at java.util.concurrent.locks.AbstractQueuedSynchronizer$ConditionObject.awaitNanos(AbstractQueuedSynchronizer.java:2078)&#10;        at java.util.concurrent.LinkedBlockingQueue.poll(LinkedBlockingQueue.java:467)&#10;        at org.apache.hadoop.ipc.CallQueueManager.take(CallQueueManager.java:288)&#10;        at org.apache.hadoop.ipc.Server$Handler.run(Server.java:2668)&#10;&quot;IPC Server handler 12 on 43271&quot; daemon prio=5 tid=62 timed_waiting&#10;java.lang.Thread.State: TIMED_WAITING&#10;        at sun.misc.Unsafe.park(Native Method)&#10;        at java.util.concurrent.locks.LockSupport.parkNanos(LockSupport.java:215)&#10;        at java.util.concurrent.locks.AbstractQueuedSynchronizer$ConditionObject.awaitNanos(AbstractQueuedSynchronizer.java:2078)&#10;        at java.util.concurrent.LinkedBlockingQueue.poll(LinkedBlockingQueue.java:467)&#10;        at org.apache.hadoop.ipc.CallQueueManager.take(CallQueueManager.java:288)&#10;        at org.apache.hadoop.ipc.Server$Handler.run(Server.java:2668)&#10;&quot;pool-89-thread-1&quot;  prio=5 tid=452 in Object.wait()&#10;java.lang.Thread.State: WAITING (on object monitor)&#10;        at sun.misc.Unsafe.park(Native Method)&#10;        at java.util.concurrent.locks.LockSupport.park(LockSupport.java:175)&#10;        at java.util.concurrent.locks.AbstractQueuedSynchronizer$ConditionObject.await(AbstractQueuedSynchronizer.java:2039)&#10;        at java.util.concurrent.ArrayBlockingQueue.take(ArrayBlockingQueue.java:403)&#10;        at java.util.concurrent.ThreadPoolExecutor.getTask(ThreadPoolExecutor.java:1074)&#10;        at java.util.concurrent.ThreadPoolExecutor.runWorker(ThreadPoolExecutor.java:1134)&#10;        at java.util.concurrent.ThreadPoolExecutor$Worker.run(ThreadPoolExecutor.java:624)&#10;        at java.lang.Thread.run(Thread.java:748)&#10;&quot;Datanode ReportManager Thread - 0&quot; daemon prio=5 tid=233 in Object.wait()&#10;java.lang.Thread.State: WAITING (on object monitor)&#10;        at sun.misc.Unsafe.park(Native Method)&#10;        at java.util.concurrent.locks.LockSupport.park(LockSupport.java:175)&#10;        at java.util.concurrent.locks.AbstractQueuedSynchronizer$ConditionObject.await(AbstractQueuedSynchronizer.java:2039)&#10;        at java.util.concurrent.ScheduledThreadPoolExecutor$DelayedWorkQueue.take(ScheduledThreadPoolExecutor.java:1088)&#10;        at java.util.concurrent.ScheduledThreadPoolExecutor$DelayedWorkQueue.take(ScheduledThreadPoolExecutor.java:809)&#10;        at java.util.concurrent.ThreadPoolExecutor.getTask(ThreadPoolExecutor.java:1074)&#10;        at java.util.concurrent.ThreadPoolExecutor.runWorker(ThreadPoolExecutor.java:1134)&#10;        at java.util.concurrent.ThreadPoolExecutor$Worker.run(ThreadPoolExecutor.java:624)&#10;        at java.lang.Thread.run(Thread.java:748)&#10;&quot;pool-89-thread-27&quot;  prio=5 tid=478 in Object.wait()&#10;java.lang.Thread.State: WAITING (on object monitor)&#10;        at sun.misc.Unsafe.park(Native Method)&#10;        at java.util.concurrent.locks.LockSupport.park(LockSupport.java:175)&#10;        at java.util.concurrent.locks.AbstractQueuedSynchronizer$ConditionObject.await(AbstractQueuedSynchronizer.java:2039)&#10;        at java.util.concurrent.ArrayBlockingQueue.take(ArrayBlockingQueue.java:403)&#10;        at java.util.concurrent.ThreadPoolExecutor.getTask(ThreadPoolExecutor.java:1074)&#10;        at java.util.concurrent.ThreadPoolExecutor.runWorker(ThreadPoolExecutor.java:1134)&#10;        at java.util.concurrent.ThreadPoolExecutor$Worker.run(ThreadPoolExecutor.java:624)&#10;        at java.lang.Thread.run(Thread.java:748)&#10;&quot;pool-89-thread-51&quot;  prio=5 tid=502 in Object.wait()&#10;java.lang.Thread.State: WAITING (on object monitor)&#10;        at sun.misc.Unsafe.park(Native Method)&#10;        at java.util.concurrent.locks.LockSupport.park(LockSupport.java:175)&#10;        at java.util.concurrent.locks.AbstractQueuedSynchronizer$ConditionObject.await(AbstractQueuedSynchronizer.java:2039)&#10;        at java.util.concurrent.ArrayBlockingQueue.take(ArrayBlockingQueue.java:403)&#10;        at java.util.concurrent.ThreadPoolExecutor.getTask(ThreadPoolExecutor.java:1074)&#10;        at java.util.concurrent.ThreadPoolExecutor.runWorker(ThreadPoolExecutor.java:1134)&#10;        at java.util.concurrent.ThreadPoolExecutor$Worker.run(ThreadPoolExecutor.java:624)&#10;        at java.lang.Thread.run(Thread.java:748)&#10;&quot;Datanode State Machine Thread - 0&quot; daemon prio=5 tid=212 timed_waiting&#10;java.lang.Thread.State: TIMED_WAITING&#10;        at sun.misc.Unsafe.park(Native Method)&#10;        at java.util.concurrent.locks.LockSupport.parkNanos(LockSupport.java:215)&#10;        at java.util.concurrent.SynchronousQueue$TransferStack.awaitFulfill(SynchronousQueue.java:460)&#10;        at java.util.concurrent.SynchronousQueue$TransferStack.transfer(SynchronousQueue.java:362)&#10;        at java.util.concurrent.SynchronousQueue.poll(SynchronousQueue.java:941)&#10;        at java.util.concurrent.ThreadPoolExecutor.getTask(ThreadPoolExecutor.java:1073)&#10;        at java.util.concurrent.ThreadPoolExecutor.runWorker(ThreadPoolExecutor.java:1134)&#10;        at java.util.concurrent.ThreadPoolExecutor$Worker.run(ThreadPoolExecutor.java:624)&#10;        at java.lang.Thread.run(Thread.java:748)&#10;&quot;IPC Server handler 4 on 42937&quot; daemon prio=5 tid=118 timed_waiting&#10;java.lang.Thread.State: TIMED_WAITING&#10;        at sun.misc.Unsafe.park(Native Method)&#10;        at java.util.concurrent.locks.LockSupport.parkNanos(LockSupport.java:215)&#10;        at java.util.concurrent.locks.AbstractQueuedSynchronizer$ConditionObject.awaitNanos(AbstractQueuedSynchronizer.java:2078)&#10;        at java.util.concurrent.LinkedBlockingQueue.poll(LinkedBlockingQueue.java:467)&#10;        at org.apache.hadoop.ipc.CallQueueManager.take(CallQueueManager.java:288)&#10;        at org.apache.hadoop.ipc.Server$Handler.run(Server.java:2668)&#10;&quot;pool-26-thread-56&quot;  prio=5 tid=326 in Object.wait()&#10;java.lang.Thread.State: WAITING (on object monitor)&#10;        at sun.misc.Unsafe.park(Native Method)&#10;        at java.util.concurrent.locks.LockSupport.park(LockSupport.java:175)&#10;        at java.util.concurrent.locks.AbstractQueuedSynchronizer$ConditionObject.await(AbstractQueuedSynchronizer.java:2039)&#10;        at java.util.concurrent.ArrayBlockingQueue.take(ArrayBlockingQueue.java:403)&#10;        at java.util.concurrent.ThreadPoolExecutor.getTask(ThreadPoolExecutor.java:1074)&#10;        at java.util.concurrent.ThreadPoolExecutor.runWorker(ThreadPoolExecutor.java:1134)&#10;        at java.util.concurrent.ThreadPoolExecutor$Worker.run(ThreadPoolExecutor.java:624)&#10;        at java.lang.Thread.run(Thread.java:748)&#10;&quot;org.apache.hadoop.util.JvmPauseMonitor$Monitor@25f7391e&quot; daemon prio=5 tid=102 timed_waiting&#10;java.lang.Thread.State: TIMED_WAITING&#10;        at java.lang.Thread.sleep(Native Method)&#10;        at org.apache.hadoop.util.JvmPauseMonitor$Monitor.run(JvmPauseMonitor.java:192)&#10;        at java.lang.Thread.run(Thread.java:748)&#10;&quot;pool-89-thread-53&quot;  prio=5 tid=504 in Object.wait()&#10;java.lang.Thread.State: WAITING (on object monitor)&#10;        at sun.misc.Unsafe.park(Native Method)&#10;        at java.util.concurrent.locks.LockSupport.park(LockSupport.java:175)&#10;        at java.util.concurrent.locks.AbstractQueuedSynchronizer$ConditionObject.await(AbstractQueuedSynchronizer.java:2039)&#10;        at java.util.concurrent.ArrayBlockingQueue.take(ArrayBlockingQueue.java:403)&#10;        at java.util.concurrent.ThreadPoolExecutor.getTask(ThreadPoolExecutor.java:1074)&#10;        at java.util.concurrent.ThreadPoolExecutor.runWorker(ThreadPoolExecutor.java:1134)&#10;        at java.util.concurrent.ThreadPoolExecutor$Worker.run(ThreadPoolExecutor.java:624)&#10;        at java.lang.Thread.run(Thread.java:748)&#10;&quot;qtp1366212088-138&quot; daemon prio=5 tid=138 timed_waiting&#10;java.lang.Thread.State: TIMED_WAITING&#10;        at sun.misc.Unsafe.park(Native Method)&#10;        at java.util.concurrent.locks.LockSupport.parkNanos(LockSupport.java:215)&#10;        at java.util.concurrent.locks.AbstractQueuedSynchronizer$ConditionObject.awaitNanos(AbstractQueuedSynchronizer.java:2078)&#10;        at org.eclipse.jetty.util.BlockingArrayQueue.poll(BlockingArrayQueue.java:392)&#10;        at org.eclipse.jetty.util.thread.QueuedThreadPool.idleJobPoll(QueuedThreadPool.java:563)&#10;        at org.eclipse.jetty.util.thread.QueuedThreadPool.access$800(QueuedThreadPool.java:48)&#10;        at org.eclipse.jetty.util.thread.QueuedThreadPool$2.run(QueuedThreadPool.java:626)&#10;        at java.lang.Thread.run(Thread.java:748)&#10;&quot;pool-68-thread-18&quot;  prio=5 tid=409 in Object.wait()&#10;java.lang.Thread.State: WAITING (on object monitor)&#10;        at sun.misc.Unsafe.park(Native Method)&#10;        at java.util.concurrent.locks.LockSupport.park(LockSupport.java:175)&#10;        at java.util.concurrent.locks.AbstractQueuedSynchronizer$ConditionObject.await(AbstractQueuedSynchronizer.java:2039)&#10;        at java.util.concurrent.ArrayBlockingQueue.take(ArrayBlockingQueue.java:403)&#10;        at java.util.concurrent.ThreadPoolExecutor.getTask(ThreadPoolExecutor.java:1074)&#10;        at java.util.concurrent.ThreadPoolExecutor.runWorker(ThreadPoolExecutor.java:1134)&#10;        at java.util.concurrent.ThreadPoolExecutor$Worker.run(ThreadPoolExecutor.java:624)&#10;        at java.lang.Thread.run(Thread.java:748)&#10;&quot;Datanode State Machine Thread - 0&quot; daemon prio=5 tid=172 timed_waiting&#10;java.lang.Thread.State: TIMED_WAITING&#10;        at java.lang.Thread.sleep(Native Method)&#10;        at org.apache.hadoop.ozone.container.common.statemachine.DatanodeStateMachine.start(DatanodeStateMachine.java:191)&#10;        at org.apache.hadoop.ozone.container.common.statemachine.DatanodeStateMachine.lambda$startDaemon$0(DatanodeStateMachine.java:349)&#10;        at org.apache.hadoop.ozone.container.common.statemachine.DatanodeStateMachine$$Lambda$139/90628418.run(Unknown Source)&#10;        at java.lang.Thread.run(Thread.java:748)&#10;&quot;pool-26-thread-49&quot;  prio=5 tid=319 in Object.wait()&#10;java.lang.Thread.State: WAITING (on object monitor)&#10;        at sun.misc.Unsafe.park(Native Method)&#10;        at java.util.concurrent.locks.LockSupport.park(LockSupport.java:175)&#10;        at java.util.concurrent.locks.AbstractQueuedSynchronizer$ConditionObject.await(AbstractQueuedSynchronizer.java:2039)&#10;        at java.util.concurrent.ArrayBlockingQueue.take(ArrayBlockingQueue.java:403)&#10;        at java.util.concurrent.ThreadPoolExecutor.getTask(ThreadPoolExecutor.java:1074)&#10;        at java.util.concurrent.ThreadPoolExecutor.runWorker(ThreadPoolExecutor.java:1134)&#10;        at java.util.concurrent.ThreadPoolExecutor$Worker.run(ThreadPoolExecutor.java:624)&#10;        at java.lang.Thread.run(Thread.java:748)&#10;&quot;org.eclipse.jetty.server.session.HashSessionManager@27f3f512Timer&quot; daemon prio=5 tid=198 timed_waiting&#10;java.lang.Thread.State: TIMED_WAITING&#10;        at sun.misc.Unsafe.park(Native Method)&#10;        at java.util.concurrent.locks.LockSupport.parkNanos(LockSupport.java:215)&#10;        at java.util.concurrent.locks.AbstractQueuedSynchronizer$ConditionObject.awaitNanos(AbstractQueuedSynchronizer.java:2078)&#10;        at java.util.concurrent.ScheduledThreadPoolExecutor$DelayedWorkQueue.take(ScheduledThreadPoolExecutor.java:1093)&#10;        at java.util.concurrent.ScheduledThreadPoolExecutor$DelayedWorkQueue.take(ScheduledThreadPoolExecutor.java:809)&#10;        at java.util.concurrent.ThreadPoolExecutor.getTask(ThreadPoolExecutor.java:1074)&#10;        at java.util.concurrent.ThreadPoolExecutor.runWorker(ThreadPoolExecutor.java:1134)&#10;        at java.util.concurrent.ThreadPoolExecutor$Worker.run(ThreadPoolExecutor.java:624)&#10;        at java.lang.Thread.run(Thread.java:748)&#10;&quot;qtp1018742990-162&quot; daemon prio=5 tid=162 timed_waiting&#10;java.lang.Thread.State: TIMED_WAITING&#10;        at sun.misc.Unsafe.park(Native Method)&#10;        at java.util.concurrent.locks.LockSupport.parkNanos(LockSupport.java:215)&#10;        at java.util.concurrent.locks.AbstractQueuedSynchronizer$ConditionObject.awaitNanos(AbstractQueuedSynchronizer.java:2078)&#10;        at org.eclipse.jetty.util.BlockingArrayQueue.poll(BlockingArrayQueue.java:392)&#10;        at org.eclipse.jetty.util.thread.QueuedThreadPool.idleJobPoll(QueuedThreadPool.java:563)&#10;        at org.eclipse.jetty.util.thread.QueuedThreadPool.access$800(QueuedThreadPool.java:48)&#10;        at org.eclipse.jetty.util.thread.QueuedThreadPool$2.run(QueuedThreadPool.java:626)&#10;        at java.lang.Thread.run(Thread.java:748)&#10;&quot;EventQueue-PipelineReportForPipelineReportHandler&quot; daemon prio=5 tid=517 in Object.wait()&#10;java.lang.Thread.State: WAITING (on object monitor)&#10;        at sun.misc.Unsafe.park(Native Method)&#10;        at java.util.concurrent.locks.LockSupport.park(LockSupport.java:175)&#10;        at java.util.concurrent.locks.AbstractQueuedSynchronizer$ConditionObject.await(AbstractQueuedSynchronizer.java:2039)&#10;        at java.util.concurrent.LinkedBlockingQueue.take(LinkedBlockingQueue.java:442)&#10;        at java.util.concurrent.ThreadPoolExecutor.getTask(ThreadPoolExecutor.java:1074)&#10;        at java.util.concurrent.ThreadPoolExecutor.runWorker(ThreadPoolExecutor.java:1134)&#10;        at java.util.concurrent.ThreadPoolExecutor$Worker.run(ThreadPoolExecutor.java:624)&#10;        at java.lang.Thread.run(Thread.java:748)&#10;&quot;refreshUsed-/opt/src/hadoop-ozone/integration-test/target/test-dir/MiniOzoneClusterImpl-a42d3b4b-e56b-4764-8008-ba5e6c1f637d/datanode-1/data/containers&quot; daemon prio=5 tid=180 timed_waiting&#10;java.lang.Thread.State: TIMED_WAITING&#10;        at java.lang.Thread.sleep(Native Method)&#10;        at org.apache.hadoop.fs.CachingGetSpaceUsed$RefreshThread.run(CachingGetSpaceUsed.java:179)&#10;        at java.lang.Thread.run(Thread.java:748)&#10;&quot;IPC Server listener on 42937&quot; daemon prio=5 tid=106 runnable&#10;java.lang.Thread.State: RUNNABLE&#10;        at sun.nio.ch.EPollArrayWrapper.epollWait(Native Method)&#10;        at sun.nio.ch.EPollArrayWrapper.poll(EPollArrayWrapper.java:269)&#10;        at sun.nio.ch.EPollSelectorImpl.doSelect(EPollSelectorImpl.java:93)&#10;        at sun.nio.ch.SelectorImpl.lockAndDoSelect(SelectorImpl.java:86)&#10;        at sun.nio.ch.SelectorImpl.select(SelectorImpl.java:97)&#10;        at sun.nio.ch.SelectorImpl.select(SelectorImpl.java:101)&#10;        at org.apache.hadoop.ipc.Server$Listener.run(Server.java:1159)&#10;&quot;pool-89-thread-60&quot;  prio=5 tid=511 in Object.wait()&#10;java.lang.Thread.State: WAITING (on object monitor)&#10;        at sun.misc.Unsafe.park(Native Method)&#10;        at java.util.concurrent.locks.LockSupport.park(LockSupport.java:175)&#10;        at java.util.concurrent.locks.AbstractQueuedSynchronizer$ConditionObject.await(AbstractQueuedSynchronizer.java:2039)&#10;        at java.util.concurrent.ArrayBlockingQueue.take(ArrayBlockingQueue.java:403)&#10;        at java.util.concurrent.ThreadPoolExecutor.getTask(ThreadPoolExecutor.java:1074)&#10;        at java.util.concurrent.ThreadPoolExecutor.runWorker(ThreadPoolExecutor.java:1134)&#10;        at java.util.concurrent.ThreadPoolExecutor$Worker.run(ThreadPoolExecutor.java:624)&#10;        at java.lang.Thread.run(Thread.java:748)&#10;&quot;IPC Server handler 8 on 40125&quot; daemon prio=5 tid=38 timed_waiting&#10;java.lang.Thread.State: TIMED_WAITING&#10;        at sun.misc.Unsafe.park(Native Method)&#10;        at java.util.concurrent.locks.LockSupport.parkNanos(LockSupport.java:215)&#10;        at java.util.concurrent.locks.AbstractQueuedSynchronizer$ConditionObject.awaitNanos(AbstractQueuedSynchronizer.java:2078)&#10;        at java.util.concurrent.LinkedBlockingQueue.poll(LinkedBlockingQueue.java:467)&#10;        at org.apache.hadoop.ipc.CallQueueManager.take(CallQueueManager.java:288)&#10;        at org.apache.hadoop.ipc.Server$Handler.run(Server.java:2668)&#10;&quot;pool-68-thread-5&quot;  prio=5 tid=396 in Object.wait()&#10;java.lang.Thread.State: WAITING (on object monitor)&#10;        at sun.misc.Unsafe.park(Native Method)&#10;        at java.util.concurrent.locks.LockSupport.park(LockSupport.java:175)&#10;        at java.util.concurrent.locks.AbstractQueuedSynchronizer$ConditionObject.await(AbstractQueuedSynchronizer.java:2039)&#10;        at java.util.concurrent.ArrayBlockingQueue.take(ArrayBlockingQueue.java:403)&#10;        at java.util.concurrent.ThreadPoolExecutor.getTask(ThreadPoolExecutor.java:1074)&#10;        at java.util.concurrent.ThreadPoolExecutor.runWorker(ThreadPoolExecutor.java:1134)&#10;        at java.util.concurrent.ThreadPoolExecutor$Worker.run(ThreadPoolExecutor.java:624)&#10;        at java.lang.Thread.run(Thread.java:748)&#10;&quot;qtp1026506187-220&quot; daemon prio=5 tid=220 runnable&#10;java.lang.Thread.State: RUNNABLE&#10;        at sun.nio.ch.EPollArrayWrapper.epollWait(Native Method)&#10;        at sun.nio.ch.EPollArrayWrapper.poll(EPollArrayWrapper.java:269)&#10;        at sun.nio.ch.EPollSelectorImpl.doSelect(EPollSelectorImpl.java:93)&#10;        at sun.nio.ch.SelectorImpl.lockAndDoSelect(SelectorImpl.java:86)&#10;        at sun.nio.ch.SelectorImpl.select(SelectorImpl.java:97)&#10;        at sun.nio.ch.SelectorImpl.select(SelectorImpl.java:101)&#10;        at org.eclipse.jetty.io.ManagedSelector$SelectorProducer.select(ManagedSelector.java:243)&#10;        at org.eclipse.jetty.io.ManagedSelector$SelectorProducer.produce(ManagedSelector.java:191)&#10;        at org.eclipse.jetty.util.thread.strategy.ExecuteProduceConsume.executeProduceConsume(ExecuteProduceConsume.java:249)&#10;        at org.eclipse.jetty.util.thread.strategy.ExecuteProduceConsume.produceConsume(ExecuteProduceConsume.java:148)&#10;        at org.eclipse.jetty.util.thread.strategy.ExecuteProduceConsume.execute(ExecuteProduceConsume.java:100)&#10;        at org.eclipse.jetty.io.ManagedSelector.run(ManagedSelector.java:147)&#10;        at org.eclipse.jetty.util.thread.QueuedThreadPool.runJob(QueuedThreadPool.java:671)&#10;        at org.eclipse.jetty.util.thread.QueuedThreadPool$2.run(QueuedThreadPool.java:589)&#10;        at java.lang.Thread.run(Thread.java:748)&#10;&quot;refreshUsed-/opt/src/hadoop-ozone/integration-test/target/test-dir/MiniOzoneClusterImpl-a42d3b4b-e56b-4764-8008-ba5e6c1f637d/datanode-3/data/containers&quot; daemon prio=5 tid=243 timed_waiting&#10;java.lang.Thread.State: TIMED_WAITING&#10;        at java.lang.Thread.sleep(Native Method)&#10;        at org.apache.hadoop.fs.CachingGetSpaceUsed$RefreshThread.run(CachingGetSpaceUsed.java:179)&#10;        at java.lang.Thread.run(Thread.java:748)&#10;&quot;pool-89-thread-44&quot;  prio=5 tid=495 in Object.wait()&#10;java.lang.Thread.State: WAITING (on object monitor)&#10;        at sun.misc.Unsafe.park(Native Method)&#10;        at java.util.concurrent.locks.LockSupport.park(LockSupport.java:175)&#10;        at java.util.concurrent.locks.AbstractQueuedSynchronizer$ConditionObject.await(AbstractQueuedSynchronizer.java:2039)&#10;        at java.util.concurrent.ArrayBlockingQueue.take(ArrayBlockingQueue.java:403)&#10;        at java.util.concurrent.ThreadPoolExecutor.getTask(ThreadPoolExecutor.java:1074)&#10;        at java.util.concurrent.ThreadPoolExecutor.runWorker(ThreadPoolExecutor.java:1134)&#10;        at java.util.concurrent.ThreadPoolExecutor$Worker.run(ThreadPoolExecutor.java:624)&#10;        at java.lang.Thread.run(Thread.java:748)&#10;&quot;pool-26-thread-52&quot;  prio=5 tid=322 in Object.wait()&#10;java.lang.Thread.State: WAITING (on object monitor)&#10;        at sun.misc.Unsafe.park(Native Method)&#10;        at java.util.concurrent.locks.LockSupport.park(LockSupport.java:175)&#10;        at java.util.concurrent.locks.AbstractQueuedSynchronizer$ConditionObject.await(AbstractQueuedSynchronizer.java:2039)&#10;        at java.util.concurrent.ArrayBlockingQueue.take(ArrayBlockingQueue.java:403)&#10;        at java.util.concurrent.ThreadPoolExecutor.getTask(ThreadPoolExecutor.java:1074)&#10;        at java.util.concurrent.ThreadPoolExecutor.runWorker(ThreadPoolExecutor.java:1134)&#10;        at java.util.concurrent.ThreadPoolExecutor$Worker.run(ThreadPoolExecutor.java:624)&#10;        at java.lang.Thread.run(Thread.java:748)&#10;&quot;pool-89-thread-22&quot;  prio=5 tid=473 in Object.wait()&#10;java.lang.Thread.State: WAITING (on object monitor)&#10;        at sun.misc.Unsafe.park(Native Method)&#10;        at java.util.concurrent.locks.LockSupport.park(LockSupport.java:175)&#10;        at java.util.concurrent.locks.AbstractQueuedSynchronizer$ConditionObject.await(AbstractQueuedSynchronizer.java:2039)&#10;        at java.util.concurrent.ArrayBlockingQueue.take(ArrayBlockingQueue.java:403)&#10;        at java.util.concurrent.ThreadPoolExecutor.getTask(ThreadPoolExecutor.java:1074)&#10;        at java.util.concurrent.ThreadPoolExecutor.runWorker(ThreadPoolExecutor.java:1134)&#10;        at java.util.concurrent.ThreadPoolExecutor$Worker.run(ThreadPoolExecutor.java:624)&#10;        at java.lang.Thread.run(Thread.java:748)&#10;&quot;pool-89-thread-20&quot;  prio=5 tid=471 in Object.wait()&#10;java.lang.Thread.State: WAITING (on object monitor)&#10;        at sun.misc.Unsafe.park(Native Method)&#10;        at java.util.concurrent.locks.LockSupport.park(LockSupport.java:175)&#10;        at java.util.concurrent.locks.AbstractQueuedSynchronizer$ConditionObject.await(AbstractQueuedSynchronizer.java:2039)&#10;        at java.util.concurrent.ArrayBlockingQueue.take(ArrayBlockingQueue.java:403)&#10;        at java.util.concurrent.ThreadPoolExecutor.getTask(ThreadPoolExecutor.java:1074)&#10;        at java.util.concurrent.ThreadPoolExecutor.runWorker(ThreadPoolExecutor.java:1134)&#10;        at java.util.concurrent.ThreadPoolExecutor$Worker.run(ThreadPoolExecutor.java:624)&#10;        at java.lang.Thread.run(Thread.java:748)&#10;&quot;pool-68-thread-10&quot;  prio=5 tid=401 in Object.wait()&#10;java.lang.Thread.State: WAITING (on object monitor)&#10;        at sun.misc.Unsafe.park(Native Method)&#10;        at java.util.concurrent.locks.LockSupport.park(LockSupport.java:175)&#10;        at java.util.concurrent.locks.AbstractQueuedSynchronizer$ConditionObject.await(AbstractQueuedSynchronizer.java:2039)&#10;        at java.util.concurrent.ArrayBlockingQueue.take(ArrayBlockingQueue.java:403)&#10;        at java.util.concurrent.ThreadPoolExecutor.getTask(ThreadPoolExecutor.java:1074)&#10;        at java.util.concurrent.ThreadPoolExecutor.runWorker(ThreadPoolExecutor.java:1134)&#10;        at java.util.concurrent.ThreadPoolExecutor$Worker.run(ThreadPoolExecutor.java:624)&#10;        at java.lang.Thread.run(Thread.java:748)&#10;&quot;org.eclipse.jetty.server.session.HashSessionManager@740dcae3Timer&quot; daemon prio=5 tid=230 timed_waiting&#10;java.lang.Thread.State: TIMED_WAITING&#10;        at sun.misc.Unsafe.park(Native Method)&#10;        at java.util.concurrent.locks.LockSupport.parkNanos(LockSupport.java:215)&#10;        at java.util.concurrent.locks.AbstractQueuedSynchronizer$ConditionObject.awaitNanos(AbstractQueuedSynchronizer.java:2078)&#10;        at java.util.concurrent.ScheduledThreadPoolExecutor$DelayedWorkQueue.take(ScheduledThreadPoolExecutor.java:1093)&#10;        at java.util.concurrent.ScheduledThreadPoolExecutor$DelayedWorkQueue.take(ScheduledThreadPoolExecutor.java:809)&#10;        at java.util.concurrent.ThreadPoolExecutor.getTask(ThreadPoolExecutor.java:1074)&#10;        at java.util.concurrent.ThreadPoolExecutor.runWorker(ThreadPoolExecutor.java:1134)&#10;        at java.util.concurrent.ThreadPoolExecutor$Worker.run(ThreadPoolExecutor.java:624)&#10;        at java.lang.Thread.run(Thread.java:748)&#10;&quot;nioEventLoopGroup-4-1&quot;  prio=10 tid=201 runnable&#10;java.lang.Thread.State: RUNNABLE&#10;        at sun.nio.ch.EPollArrayWrapper.epollWait(Native Method)&#10;        at sun.nio.ch.EPollArrayWrapper.poll(EPollArrayWrapper.java:269)&#10;        at sun.nio.ch.EPollSelectorImpl.doSelect(EPollSelectorImpl.java:93)&#10;        at sun.nio.ch.SelectorImpl.lockAndDoSelect(SelectorImpl.java:86)&#10;        at sun.nio.ch.SelectorImpl.select(SelectorImpl.java:97)&#10;        at io.netty.channel.nio.SelectedSelectionKeySetSelector.select(SelectedSelectionKeySetSelector.java:62)&#10;        at io.netty.channel.nio.NioEventLoop.select(NioEventLoop.java:753)&#10;        at io.netty.channel.nio.NioEventLoop.run(NioEventLoop.java:408)&#10;        at io.netty.util.concurrent.SingleThreadEventExecutor$5.run(SingleThreadEventExecutor.java:897)&#10;        at io.netty.util.concurrent.FastThreadLocalRunnable.run(FastThreadLocalRunnable.java:30)&#10;        at java.lang.Thread.run(Thread.java:748)&#10;&quot;BlockDeletingService#0&quot; daemon prio=5 tid=157 in Object.wait()&#10;java.lang.Thread.State: WAITING (on object monitor)&#10;        at sun.misc.Unsafe.park(Native Method)&#10;        at java.util.concurrent.locks.LockSupport.park(LockSupport.java:175)&#10;        at java.util.concurrent.locks.AbstractQueuedSynchronizer$ConditionObject.await(AbstractQueuedSynchronizer.java:2039)&#10;        at java.util.concurrent.ScheduledThreadPoolExecutor$DelayedWorkQueue.take(ScheduledThreadPoolExecutor.java:1088)&#10;        at java.util.concurrent.ScheduledThreadPoolExecutor$DelayedWorkQueue.take(ScheduledThreadPoolExecutor.java:809)&#10;        at java.util.concurrent.ThreadPoolExecutor.getTask(ThreadPoolExecutor.java:1074)&#10;        at java.util.concurrent.ThreadPoolExecutor.runWorker(ThreadPoolExecutor.java:1134)&#10;        at java.util.concurrent.ThreadPoolExecutor$Worker.run(ThreadPoolExecutor.java:624)&#10;        at java.lang.Thread.run(Thread.java:748)&#10;&quot;IPC Server listener on 34963&quot; daemon prio=5 tid=15 runnable&#10;java.lang.Thread.State: RUNNABLE&#10;        at sun.nio.ch.EPollArrayWrapper.epollWait(Native Method)&#10;        at sun.nio.ch.EPollArrayWrapper.poll(EPollArrayWrapper.java:269)&#10;        at sun.nio.ch.EPollSelectorImpl.doSelect(EPollSelectorImpl.java:93)&#10;        at sun.nio.ch.SelectorImpl.lockAndDoSelect(SelectorImpl.java:86)&#10;        at sun.nio.ch.SelectorImpl.select(SelectorImpl.java:97)&#10;        at sun.nio.ch.SelectorImpl.select(SelectorImpl.java:101)&#10;        at org.apache.hadoop.ipc.Server$Listener.run(Server.java:1159)&#10;&quot;Datanode State Machine Thread - 0&quot; daemon prio=5 tid=202 timed_waiting&#10;java.lang.Thread.State: TIMED_WAITING&#10;        at java.lang.Thread.sleep(Native Method)&#10;        at org.apache.hadoop.ozone.container.common.statemachine.DatanodeStateMachine.start(DatanodeStateMachine.java:191)&#10;        at org.apache.hadoop.ozone.container.common.statemachine.DatanodeStateMachine.lambda$startDaemon$0(DatanodeStateMachine.java:349)&#10;        at org.apache.hadoop.ozone.container.common.statemachine.DatanodeStateMachine$$Lambda$139/90628418.run(Unknown Source)&#10;        at java.lang.Thread.run(Thread.java:748)&#10;&quot;pool-89-thread-54&quot;  prio=5 tid=505 in Object.wait()&#10;java.lang.Thread.State: WAITING (on object monitor)&#10;        at sun.misc.Unsafe.park(Native Method)&#10;        at java.util.concurrent.locks.LockSupport.park(LockSupport.java:175)&#10;        at java.util.concurrent.locks.AbstractQueuedSynchronizer$ConditionObject.await(AbstractQueuedSynchronizer.java:2039)&#10;        at java.util.concurrent.ArrayBlockingQueue.take(ArrayBlockingQueue.java:403)&#10;        at java.util.concurrent.ThreadPoolExecutor.getTask(ThreadPoolExecutor.java:1074)&#10;        at java.util.concurrent.ThreadPoolExecutor.runWorker(ThreadPoolExecutor.java:1134)&#10;        at java.util.concurrent.ThreadPoolExecutor$Worker.run(ThreadPoolExecutor.java:624)&#10;        at java.lang.Thread.run(Thread.java:748)&#10;&quot;Thread-222&quot; daemon prio=5 tid=567 timed_waiting&#10;java.lang.Thread.State: TIMED_WAITING&#10;        at sun.misc.Unsafe.park(Native Method)&#10;        at java.util.concurrent.locks.LockSupport.parkNanos(LockSupport.java:215)&#10;        at java.util.concurrent.locks.AbstractQueuedSynchronizer$ConditionObject.awaitNanos(AbstractQueuedSynchronizer.java:2078)&#10;        at java.util.concurrent.ArrayBlockingQueue.poll(ArrayBlockingQueue.java:418)&#10;        at org.apache.ratis.server.impl.LeaderState$EventQueue.poll(LeaderState.java:114)&#10;        at org.apache.ratis.server.impl.LeaderState$EventProcessor.run(LeaderState.java:438)&#10;&quot;EventQueue-NodeRegistrationContainerReportForContainerSafeModeRule&quot; daemon prio=5 tid=514 in Object.wait()&#10;java.lang.Thread.State: WAITING (on object monitor)&#10;        at sun.misc.Unsafe.park(Native Method)&#10;        at java.util.concurrent.locks.LockSupport.park(LockSupport.java:175)&#10;        at java.util.concurrent.locks.AbstractQueuedSynchronizer$ConditionObject.await(AbstractQueuedSynchronizer.java:2039)&#10;        at java.util.concurrent.LinkedBlockingQueue.take(LinkedBlockingQueue.java:442)&#10;        at java.util.concurrent.ThreadPoolExecutor.getTask(ThreadPoolExecutor.java:1074)&#10;        at java.util.concurrent.ThreadPoolExecutor.runWorker(ThreadPoolExecutor.java:1134)&#10;        at java.util.concurrent.ThreadPoolExecutor$Worker.run(ThreadPoolExecutor.java:624)&#10;        at java.lang.Thread.run(Thread.java:748)&#10;&quot;pool-89-thread-59&quot;  prio=5 tid=510 in Object.wait()&#10;java.lang.Thread.State: WAITING (on object monitor)&#10;        at sun.misc.Unsafe.park(Native Method)&#10;        at java.util.concurrent.locks.LockSupport.park(LockSupport.java:175)&#10;        at java.util.concurrent.locks.AbstractQueuedSynchronizer$ConditionObject.await(AbstractQueuedSynchronizer.java:2039)&#10;        at java.util.concurrent.ArrayBlockingQueue.take(ArrayBlockingQueue.java:403)&#10;        at java.util.concurrent.ThreadPoolExecutor.getTask(ThreadPoolExecutor.java:1074)&#10;        at java.util.concurrent.ThreadPoolExecutor.runWorker(ThreadPoolExecutor.java:1134)&#10;        at java.util.concurrent.ThreadPoolExecutor$Worker.run(ThreadPoolExecutor.java:624)&#10;        at java.lang.Thread.run(Thread.java:748)&#10;&quot;pool-68-thread-42&quot;  prio=5 tid=433 in Object.wait()&#10;java.lang.Thread.State: WAITING (on object monitor)&#10;        at sun.misc.Unsafe.park(Native Method)&#10;        at java.util.concurrent.locks.LockSupport.park(LockSupport.java:175)&#10;        at java.util.concurrent.locks.AbstractQueuedSynchronizer$ConditionObject.await(AbstractQueuedSynchronizer.java:2039)&#10;        at java.util.concurrent.ArrayBlockingQueue.take(ArrayBlockingQueue.java:403)&#10;        at java.util.concurrent.ThreadPoolExecutor.getTask(ThreadPoolExecutor.java:1074)&#10;        at java.util.concurrent.ThreadPoolExecutor.runWorker(ThreadPoolExecutor.java:1134)&#10;        at java.util.concurrent.ThreadPoolExecutor$Worker.run(ThreadPoolExecutor.java:624)&#10;        at java.lang.Thread.run(Thread.java:748)&#10;&quot;pool-68-thread-16&quot;  prio=5 tid=407 in Object.wait()&#10;java.lang.Thread.State: WAITING (on object monitor)&#10;        at sun.misc.Unsafe.park(Native Method)&#10;        at java.util.concurrent.locks.LockSupport.park(LockSupport.java:175)&#10;        at java.util.concurrent.locks.AbstractQueuedSynchronizer$ConditionObject.await(AbstractQueuedSynchronizer.java:2039)&#10;        at java.util.concurrent.ArrayBlockingQueue.take(ArrayBlockingQueue.java:403)&#10;        at java.util.concurrent.ThreadPoolExecutor.getTask(ThreadPoolExecutor.java:1074)&#10;        at java.util.concurrent.ThreadPoolExecutor.runWorker(ThreadPoolExecutor.java:1134)&#10;        at java.util.concurrent.ThreadPoolExecutor$Worker.run(ThreadPoolExecutor.java:624)&#10;        at java.lang.Thread.run(Thread.java:748)&#10;&quot;grpc-default-worker-ELG-3-2&quot; daemon prio=5 tid=523 runnable&#10;java.lang.Thread.State: RUNNABLE&#10;        at sun.nio.ch.EPollArrayWrapper.epollWait(Native Method)&#10;        at sun.nio.ch.EPollArrayWrapper.poll(EPollArrayWrapper.java:269)&#10;        at sun.nio.ch.EPollSelectorImpl.doSelect(EPollSelectorImpl.java:93)&#10;        at sun.nio.ch.SelectorImpl.lockAndDoSelect(SelectorImpl.java:86)&#10;        at sun.nio.ch.SelectorImpl.select(SelectorImpl.java:97)&#10;        at org.apache.ratis.thirdparty.io.netty.channel.nio.SelectedSelectionKeySetSelector.select(SelectedSelectionKeySetSelector.java:62)&#10;        at org.apache.ratis.thirdparty.io.netty.channel.nio.NioEventLoop.select(NioEventLoop.java:753)&#10;        at org.apache.ratis.thirdparty.io.netty.channel.nio.NioEventLoop.run(NioEventLoop.java:408)&#10;        at org.apache.ratis.thirdparty.io.netty.util.concurrent.SingleThreadEventExecutor$5.run(SingleThreadEventExecutor.java:897)&#10;        at org.apache.ratis.thirdparty.io.netty.util.concurrent.FastThreadLocalRunnable.run(FastThreadLocalRunnable.java:30)&#10;        at java.lang.Thread.run(Thread.java:748)&#10;&quot;pool-68-thread-25&quot;  prio=5 tid=416 in Object.wait()&#10;java.lang.Thread.State: WAITING (on object monitor)&#10;        at sun.misc.Unsafe.park(Native Method)&#10;        at java.util.concurrent.locks.LockSupport.park(LockSupport.java:175)&#10;        at java.util.concurrent.locks.AbstractQueuedSynchronizer$ConditionObject.await(AbstractQueuedSynchronizer.java:2039)&#10;        at java.util.concurrent.ArrayBlockingQueue.take(ArrayBlockingQueue.java:403)&#10;        at java.util.concurrent.ThreadPoolExecutor.getTask(ThreadPoolExecutor.java:1074)&#10;        at java.util.concurrent.ThreadPoolExecutor.runWorker(ThreadPoolExecutor.java:1134)&#10;        at java.util.concurrent.ThreadPoolExecutor$Worker.run(ThreadPoolExecutor.java:624)&#10;        at java.lang.Thread.run(Thread.java:748)&#10;&quot;StateMachineUpdater-0648b2e2-fdfc-41ec-97df-bc2f9c4ea8df-group-0258AE879100&quot; daemon prio=5 tid=526 in Object.wait()&#10;java.lang.Thread.State: WAITING (on object monitor)&#10;        at java.lang.Object.wait(Native Method)&#10;        at java.lang.Object.wait(Object.java:502)&#10;        at org.apache.ratis.server.impl.StateMachineUpdater.run(StateMachineUpdater.java:138)&#10;        at java.lang.Thread.run(Thread.java:748)&#10;&quot;pool-47-thread-22&quot;  prio=5 tid=353 in Object.wait()&#10;java.lang.Thread.State: WAITING (on object monitor)&#10;        at sun.misc.Unsafe.park(Native Method)&#10;        at java.util.concurrent.locks.LockSupport.park(LockSupport.java:175)&#10;        at java.util.concurrent.locks.AbstractQueuedSynchronizer$ConditionObject.await(AbstractQueuedSynchronizer.java:2039)&#10;        at java.util.concurrent.ArrayBlockingQueue.take(ArrayBlockingQueue.java:403)&#10;        at java.util.concurrent.ThreadPoolExecutor.getTask(ThreadPoolExecutor.java:1074)&#10;        at java.util.concurrent.ThreadPoolExecutor.runWorker(ThreadPoolExecutor.java:1134)&#10;        at java.util.concurrent.ThreadPoolExecutor$Worker.run(ThreadPoolExecutor.java:624)&#10;        at java.lang.Thread.run(Thread.java:748)&#10;&quot;pool-26-thread-8&quot;  prio=5 tid=278 in Object.wait()&#10;java.lang.Thread.State: WAITING (on object monitor)&#10;        at sun.misc.Unsafe.park(Native Method)&#10;        at java.util.concurrent.locks.LockSupport.park(LockSupport.java:175)&#10;        at java.util.concurrent.locks.AbstractQueuedSynchronizer$ConditionObject.await(AbstractQueuedSynchronizer.java:2039)&#10;        at java.util.concurrent.ArrayBlockingQueue.take(ArrayBlockingQueue.java:403)&#10;        at java.util.concurrent.ThreadPoolExecutor.getTask(ThreadPoolExecutor.java:1074)&#10;        at java.util.concurrent.ThreadPoolExecutor.runWorker(ThreadPoolExecutor.java:1134)&#10;        at java.util.concurrent.ThreadPoolExecutor$Worker.run(ThreadPoolExecutor.java:624)&#10;        at java.lang.Thread.run(Thread.java:748)&#10;&quot;pool-47-thread-60&quot;  prio=5 tid=391 in Object.wait()&#10;java.lang.Thread.State: WAITING (on object monitor)&#10;        at sun.misc.Unsafe.park(Native Method)&#10;        at java.util.concurrent.locks.LockSupport.park(LockSupport.java:175)&#10;        at java.util.concurrent.locks.AbstractQueuedSynchronizer$ConditionObject.await(AbstractQueuedSynchronizer.java:2039)&#10;        at java.util.concurrent.ArrayBlockingQueue.take(ArrayBlockingQueue.java:403)&#10;        at java.util.concurrent.ThreadPoolExecutor.getTask(ThreadPoolExecutor.java:1074)&#10;        at java.util.concurrent.ThreadPoolExecutor.runWorker(ThreadPoolExecutor.java:1134)&#10;        at java.util.concurrent.ThreadPoolExecutor$Worker.run(ThreadPoolExecutor.java:624)&#10;        at java.lang.Thread.run(Thread.java:748)&#10;&quot;qtp1110014943-253&quot; daemon prio=5 tid=253 timed_waiting&#10;java.lang.Thread.State: TIMED_WAITING&#10;        at sun.misc.Unsafe.park(Native Method)&#10;        at java.util.concurrent.locks.LockSupport.parkNanos(LockSupport.java:215)&#10;        at java.util.concurrent.locks.AbstractQueuedSynchronizer$ConditionObject.awaitNanos(AbstractQueuedSynchronizer.java:2078)&#10;        at org.eclipse.jetty.util.BlockingArrayQueue.poll(BlockingArrayQueue.java:392)&#10;        at org.eclipse.jetty.util.thread.QueuedThreadPool.idleJobPoll(QueuedThreadPool.java:563)&#10;        at org.eclipse.jetty.util.thread.QueuedThreadPool.access$800(QueuedThreadPool.java:48)&#10;        at org.eclipse.jetty.util.thread.QueuedThreadPool$2.run(QueuedThreadPool.java:626)&#10;        at java.lang.Thread.run(Thread.java:748)&#10;&quot;Thread-216&quot; daemon prio=5 tid=561 timed_waiting&#10;java.lang.Thread.State: TIMED_WAITING&#10;        at sun.misc.Unsafe.park(Native Method)&#10;        at java.util.concurrent.locks.LockSupport.parkNanos(LockSupport.java:215)&#10;        at java.util.concurrent.locks.AbstractQueuedSynchronizer$ConditionObject.awaitNanos(AbstractQueuedSynchronizer.java:2078)&#10;        at java.util.concurrent.ArrayBlockingQueue.poll(ArrayBlockingQueue.java:418)&#10;        at org.apache.ratis.server.impl.LeaderState$EventQueue.poll(LeaderState.java:114)&#10;        at org.apache.ratis.server.impl.LeaderState$EventProcessor.run(LeaderState.java:438)&#10;&quot;IPC Server handler 8 on 43271&quot; daemon prio=5 tid=58 timed_waiting&#10;java.lang.Thread.State: TIMED_WAITING&#10;        at sun.misc.Unsafe.park(Native Method)&#10;        at java.util.concurrent.locks.LockSupport.parkNanos(LockSupport.java:215)&#10;        at java.util.concurrent.locks.AbstractQueuedSynchronizer$ConditionObject.awaitNanos(AbstractQueuedSynchronizer.java:2078)&#10;        at java.util.concurrent.LinkedBlockingQueue.poll(LinkedBlockingQueue.java:467)&#10;        at org.apache.hadoop.ipc.CallQueueManager.take(CallQueueManager.java:288)&#10;        at org.apache.hadoop.ipc.Server$Handler.run(Server.java:2668)&#10;&quot;BlockDeletingService#0&quot; daemon prio=5 tid=217 timed_waiting&#10;java.lang.Thread.State: TIMED_WAITING&#10;        at sun.misc.Unsafe.park(Native Method)&#10;        at java.util.concurrent.locks.LockSupport.parkNanos(LockSupport.java:215)&#10;        at java.util.concurrent.locks.AbstractQueuedSynchronizer$ConditionObject.awaitNanos(AbstractQueuedSynchronizer.java:2078)&#10;        at java.util.concurrent.ScheduledThreadPoolExecutor$DelayedWorkQueue.take(ScheduledThreadPoolExecutor.java:1093)&#10;        at java.util.concurrent.ScheduledThreadPoolExecutor$DelayedWorkQueue.take(ScheduledThreadPoolExecutor.java:809)&#10;        at java.util.concurrent.ThreadPoolExecutor.getTask(ThreadPoolExecutor.java:1074)&#10;        at java.util.concurrent.ThreadPoolExecutor.runWorker(ThreadPoolExecutor.java:1134)&#10;        at java.util.concurrent.ThreadPoolExecutor$Worker.run(ThreadPoolExecutor.java:624)&#10;        at java.lang.Thread.run(Thread.java:748)&#10;&quot;org.eclipse.jetty.server.session.HashSessionManager@1849db1aTimer&quot; daemon prio=5 tid=100 timed_waiting&#10;java.lang.Thread.State: TIMED_WAITING&#10;        at sun.misc.Unsafe.park(Native Method)&#10;        at java.util.concurrent.locks.LockSupport.parkNanos(LockSupport.java:215)&#10;        at java.util.concurrent.locks.AbstractQueuedSynchronizer$ConditionObject.awaitNanos(AbstractQueuedSynchronizer.java:2078)&#10;        at java.util.concurrent.ScheduledThreadPoolExecutor$DelayedWorkQueue.take(ScheduledThreadPoolExecutor.java:1093)&#10;        at java.util.concurrent.ScheduledThreadPoolExecutor$DelayedWorkQueue.take(ScheduledThreadPoolExecutor.java:809)&#10;        at java.util.concurrent.ThreadPoolExecutor.getTask(ThreadPoolExecutor.java:1074)&#10;        at java.util.concurrent.ThreadPoolExecutor.runWorker(ThreadPoolExecutor.java:1134)&#10;        at java.util.concurrent.ThreadPoolExecutor$Worker.run(ThreadPoolExecutor.java:624)&#10;        at java.lang.Thread.run(Thread.java:748)&#10;&quot;pool-89-thread-15&quot;  prio=5 tid=466 in Object.wait()&#10;java.lang.Thread.State: WAITING (on object monitor)&#10;        at sun.misc.Unsafe.park(Native Method)&#10;        at java.util.concurrent.locks.LockSupport.park(LockSupport.java:175)&#10;        at java.util.concurrent.locks.AbstractQueuedSynchronizer$ConditionObject.await(AbstractQueuedSynchronizer.java:2039)&#10;        at java.util.concurrent.ArrayBlockingQueue.take(ArrayBlockingQueue.java:403)&#10;        at java.util.concurrent.ThreadPoolExecutor.getTask(ThreadPoolExecutor.java:1074)&#10;        at java.util.concurrent.ThreadPoolExecutor.runWorker(ThreadPoolExecutor.java:1134)&#10;        at java.util.concurrent.ThreadPoolExecutor$Worker.run(ThreadPoolExecutor.java:624)&#10;        at java.lang.Thread.run(Thread.java:748)&#10;&quot;pool-47-thread-18&quot;  prio=5 tid=349 in Object.wait()&#10;java.lang.Thread.State: WAITING (on object monitor)&#10;        at sun.misc.Unsafe.park(Native Method)&#10;        at java.util.concurrent.locks.LockSupport.park(LockSupport.java:175)&#10;        at java.util.concurrent.locks.AbstractQueuedSynchronizer$ConditionObject.await(AbstractQueuedSynchronizer.java:2039)&#10;        at java.util.concurrent.ArrayBlockingQueue.take(ArrayBlockingQueue.java:403)&#10;        at java.util.concurrent.ThreadPoolExecutor.getTask(ThreadPoolExecutor.java:1074)&#10;        at java.util.concurrent.ThreadPoolExecutor.runWorker(ThreadPoolExecutor.java:1134)&#10;        at java.util.concurrent.ThreadPoolExecutor$Worker.run(ThreadPoolExecutor.java:624)&#10;        at java.lang.Thread.run(Thread.java:748)&#10;&quot;pool-68-thread-4&quot;  prio=5 tid=395 in Object.wait()&#10;java.lang.Thread.State: WAITING (on object monitor)&#10;        at sun.misc.Unsafe.park(Native Method)&#10;        at java.util.concurrent.locks.LockSupport.park(LockSupport.java:175)&#10;        at java.util.concurrent.locks.AbstractQueuedSynchronizer$ConditionObject.await(AbstractQueuedSynchronizer.java:2039)&#10;        at java.util.concurrent.ArrayBlockingQueue.take(ArrayBlockingQueue.java:403)&#10;        at java.util.concurrent.ThreadPoolExecutor.getTask(ThreadPoolExecutor.java:1074)&#10;        at java.util.concurrent.ThreadPoolExecutor.runWorker(ThreadPoolExecutor.java:1134)&#10;        at java.util.concurrent.ThreadPoolExecutor$Worker.run(ThreadPoolExecutor.java:624)&#10;        at java.lang.Thread.run(Thread.java:748)&#10;&quot;qtp1366212088-136-acceptor-0@23b94a11-ServerConnector@69ce2f62{HTTP/1.1,[http/1.1]}{0.0.0.0:33885}&quot; daemon prio=3 tid=136 runnable&#10;java.lang.Thread.State: RUNNABLE&#10;        at sun.nio.ch.ServerSocketChannelImpl.accept0(Native Method)&#10;        at sun.nio.ch.ServerSocketChannelImpl.accept(ServerSocketChannelImpl.java:422)&#10;        at sun.nio.ch.ServerSocketChannelImpl.accept(ServerSocketChannelImpl.java:250)&#10;        at org.eclipse.jetty.server.ServerConnector.accept(ServerConnector.java:397)&#10;        at org.eclipse.jetty.server.AbstractConnector$Acceptor.run(AbstractConnector.java:601)&#10;        at org.eclipse.jetty.util.thread.QueuedThreadPool.runJob(QueuedThreadPool.java:671)&#10;        at org.eclipse.jetty.util.thread.QueuedThreadPool$2.run(QueuedThreadPool.java:589)&#10;        at java.lang.Thread.run(Thread.java:748)&#10;&quot;pool-47-thread-5&quot;  prio=5 tid=336 in Object.wait()&#10;java.lang.Thread.State: WAITING (on object monitor)&#10;        at sun.misc.Unsafe.park(Native Method)&#10;        at java.util.concurrent.locks.LockSupport.park(LockSupport.java:175)&#10;        at java.util.concurrent.locks.AbstractQueuedSynchronizer$ConditionObject.await(AbstractQueuedSynchronizer.java:2039)&#10;        at java.util.concurrent.ArrayBlockingQueue.take(ArrayBlockingQueue.java:403)&#10;        at java.util.concurrent.ThreadPoolExecutor.getTask(ThreadPoolExecutor.java:1074)&#10;        at java.util.concurrent.ThreadPoolExecutor.runWorker(ThreadPoolExecutor.java:1134)&#10;        at java.util.concurrent.ThreadPoolExecutor$Worker.run(ThreadPoolExecutor.java:624)&#10;        at java.lang.Thread.run(Thread.java:748)&#10;&quot;IPC Server handler 15 on 34963&quot; daemon prio=5 tid=85 timed_waiting&#10;java.lang.Thread.State: TIMED_WAITING&#10;        at sun.misc.Unsafe.park(Native Method)&#10;        at java.util.concurrent.locks.LockSupport.parkNanos(LockSupport.java:215)&#10;        at java.util.concurrent.locks.AbstractQueuedSynchronizer$ConditionObject.awaitNanos(AbstractQueuedSynchronizer.java:2078)&#10;        at java.util.concurrent.LinkedBlockingQueue.poll(LinkedBlockingQueue.java:467)&#10;        at org.apache.hadoop.ipc.CallQueueManager.take(CallQueueManager.java:288)&#10;        at org.apache.hadoop.ipc.Server$Handler.run(Server.java:2668)&#10;&quot;qtp1018742990-165&quot; daemon prio=5 tid=165 timed_waiting&#10;java.lang.Thread.State: TIMED_WAITING&#10;        at sun.misc.Unsafe.park(Native Method)&#10;        at java.util.concurrent.locks.LockSupport.parkNanos(LockSupport.java:215)&#10;        at java.util.concurrent.locks.AbstractQueuedSynchronizer$ConditionObject.awaitNanos(AbstractQueuedSynchronizer.java:2078)&#10;        at org.eclipse.jetty.util.BlockingArrayQueue.poll(BlockingArrayQueue.java:392)&#10;        at org.eclipse.jetty.util.thread.QueuedThreadPool.idleJobPoll(QueuedThreadPool.java:563)&#10;        at org.eclipse.jetty.util.thread.QueuedThreadPool.access$800(QueuedThreadPool.java:48)&#10;        at org.eclipse.jetty.util.thread.QueuedThreadPool$2.run(QueuedThreadPool.java:626)&#10;        at java.lang.Thread.run(Thread.java:748)&#10;&quot;IPC Server idle connection scanner for port 42937&quot; daemon prio=5 tid=108 timed_waiting&#10;java.lang.Thread.State: TIMED_WAITING&#10;        at java.lang.Object.wait(Native Method)&#10;        at java.util.TimerThread.mainLoop(Timer.java:552)&#10;        at java.util.TimerThread.run(Timer.java:505)&#10;&quot;pool-89-thread-37&quot;  prio=5 tid=488 in Object.wait()&#10;java.lang.Thread.State: WAITING (on object monitor)&#10;        at sun.misc.Unsafe.park(Native Method)&#10;        at java.util.concurrent.locks.LockSupport.park(LockSupport.java:175)&#10;        at java.util.concurrent.locks.AbstractQueuedSynchronizer$ConditionObject.await(AbstractQueuedSynchronizer.java:2039)&#10;        at java.util.concurrent.ArrayBlockingQueue.take(ArrayBlockingQueue.java:403)&#10;        at java.util.concurrent.ThreadPoolExecutor.getTask(ThreadPoolExecutor.java:1074)&#10;        at java.util.concurrent.ThreadPoolExecutor.runWorker(ThreadPoolExecutor.java:1134)&#10;        at java.util.concurrent.ThreadPoolExecutor$Worker.run(ThreadPoolExecutor.java:624)&#10;        at java.lang.Thread.run(Thread.java:748)&#10;&quot;IPC Server handler 6 on 34963&quot; daemon prio=5 tid=76 timed_waiting&#10;java.lang.Thread.State: TIMED_WAITING&#10;        at sun.misc.Unsafe.park(Native Method)&#10;        at java.util.concurrent.locks.LockSupport.parkNanos(LockSupport.java:215)&#10;        at java.util.concurrent.locks.AbstractQueuedSynchronizer$ConditionObject.awaitNanos(AbstractQueuedSynchronizer.java:2078)&#10;        at java.util.concurrent.LinkedBlockingQueue.poll(LinkedBlockingQueue.java:467)&#10;        at org.apache.hadoop.ipc.CallQueueManager.take(CallQueueManager.java:288)&#10;        at org.apache.hadoop.ipc.Server$Handler.run(Server.java:2668)&#10;&quot;org.eclipse.jetty.server.session.HashSessionManager@2a1edad4Timer&quot; daemon prio=5 tid=98 timed_waiting&#10;java.lang.Thread.State: TIMED_WAITING&#10;        at sun.misc.Unsafe.park(Native Method)&#10;        at java.util.concurrent.locks.LockSupport.parkNanos(LockSupport.java:215)&#10;        at java.util.concurrent.locks.AbstractQueuedSynchronizer$ConditionObject.awaitNanos(AbstractQueuedSynchronizer.java:2078)&#10;        at java.util.concurrent.ScheduledThreadPoolExecutor$DelayedWorkQueue.take(ScheduledThreadPoolExecutor.java:1093)&#10;        at java.util.concurrent.ScheduledThreadPoolExecutor$DelayedWorkQueue.take(ScheduledThreadPoolExecutor.java:809)&#10;        at java.util.concurrent.ThreadPoolExecutor.getTask(ThreadPoolExecutor.java:1074)&#10;        at java.util.concurrent.ThreadPoolExecutor.runWorker(ThreadPoolExecutor.java:1134)&#10;        at java.util.concurrent.ThreadPoolExecutor$Worker.run(ThreadPoolExecutor.java:624)&#10;        at java.lang.Thread.run(Thread.java:748)&#10;&quot;pool-68-thread-45&quot;  prio=5 tid=436 in Object.wait()&#10;java.lang.Thread.State: WAITING (on object monitor)&#10;        at sun.misc.Unsafe.park(Native Method)&#10;        at java.util.concurrent.locks.LockSupport.park(LockSupport.java:175)&#10;        at java.util.concurrent.locks.AbstractQueuedSynchronizer$ConditionObject.await(AbstractQueuedSynchronizer.java:2039)&#10;        at java.util.concurrent.ArrayBlockingQueue.take(ArrayBlockingQueue.java:403)&#10;        at java.util.concurrent.ThreadPoolExecutor.getTask(ThreadPoolExecutor.java:1074)&#10;        at java.util.concurrent.ThreadPoolExecutor.runWorker(ThreadPoolExecutor.java:1134)&#10;        at java.util.concurrent.ThreadPoolExecutor$Worker.run(ThreadPoolExecutor.java:624)&#10;        at java.lang.Thread.run(Thread.java:748)&#10;&quot;pool-47-thread-4&quot;  prio=5 tid=335 in Object.wait()&#10;java.lang.Thread.State: WAITING (on object monitor)&#10;        at sun.misc.Unsafe.park(Native Method)&#10;        at java.util.concurrent.locks.LockSupport.park(LockSupport.java:175)&#10;        at java.util.concurrent.locks.AbstractQueuedSynchronizer$ConditionObject.await(AbstractQueuedSynchronizer.java:2039)&#10;        at java.util.concurrent.ArrayBlockingQueue.take(ArrayBlockingQueue.java:403)&#10;        at java.util.concurrent.ThreadPoolExecutor.getTask(ThreadPoolExecutor.java:1074)&#10;        at java.util.concurrent.ThreadPoolExecutor.runWorker(ThreadPoolExecutor.java:1134)&#10;        at java.util.concurrent.ThreadPoolExecutor$Worker.run(ThreadPoolExecutor.java:624)&#10;        at java.lang.Thread.run(Thread.java:748)&#10;&quot;Datanode ReportManager Thread - 1&quot; daemon prio=5 tid=205 in Object.wait()&#10;java.lang.Thread.State: WAITING (on object monitor)&#10;        at sun.misc.Unsafe.park(Native Method)&#10;        at java.util.concurrent.locks.LockSupport.park(LockSupport.java:175)&#10;        at java.util.concurrent.locks.AbstractQueuedSynchronizer$ConditionObject.await(AbstractQueuedSynchronizer.java:2039)&#10;        at java.util.concurrent.ScheduledThreadPoolExecutor$DelayedWorkQueue.take(ScheduledThreadPoolExecutor.java:1088)&#10;        at java.util.concurrent.ScheduledThreadPoolExecutor$DelayedWorkQueue.take(ScheduledThreadPoolExecutor.java:809)&#10;        at java.util.concurrent.ThreadPoolExecutor.getTask(ThreadPoolExecutor.java:1074)&#10;        at java.util.concurrent.ThreadPoolExecutor.runWorker(ThreadPoolExecutor.java:1134)&#10;        at java.util.concurrent.ThreadPoolExecutor$Worker.run(ThreadPoolExecutor.java:624)&#10;        at java.lang.Thread.run(Thread.java:748)&#10;&quot;pool-47-thread-33&quot;  prio=5 tid=364 in Object.wait()&#10;java.lang.Thread.State: WAITING (on object monitor)&#10;        at sun.misc.Unsafe.park(Native Method)&#10;        at java.util.concurrent.locks.LockSupport.park(LockSupport.java:175)&#10;        at java.util.concurrent.locks.AbstractQueuedSynchronizer$ConditionObject.await(AbstractQueuedSynchronizer.java:2039)&#10;        at java.util.concurrent.ArrayBlockingQueue.take(ArrayBlockingQueue.java:403)&#10;        at java.util.concurrent.ThreadPoolExecutor.getTask(ThreadPoolExecutor.java:1074)&#10;        at java.util.concurrent.ThreadPoolExecutor.runWorker(ThreadPoolExecutor.java:1134)&#10;        at java.util.concurrent.ThreadPoolExecutor$Worker.run(ThreadPoolExecutor.java:624)&#10;        at java.lang.Thread.run(Thread.java:748)&#10;&quot;KeyDeletingService#0&quot; daemon prio=5 tid=110 in Object.wait()&#10;java.lang.Thread.State: WAITING (on object monitor)&#10;        at sun.misc.Unsafe.park(Native Method)&#10;        at java.util.concurrent.locks.LockSupport.park(LockSupport.java:175)&#10;        at java.util.concurrent.locks.AbstractQueuedSynchronizer$ConditionObject.await(AbstractQueuedSynchronizer.java:2039)&#10;        at java.util.concurrent.ScheduledThreadPoolExecutor$DelayedWorkQueue.take(ScheduledThreadPoolExecutor.java:1088)&#10;        at java.util.concurrent.ScheduledThreadPoolExecutor$DelayedWorkQueue.take(ScheduledThreadPoolExecutor.java:809)&#10;        at java.util.concurrent.ThreadPoolExecutor.getTask(ThreadPoolExecutor.java:1074)&#10;        at java.util.concurrent.ThreadPoolExecutor.runWorker(ThreadPoolExecutor.java:1134)&#10;        at java.util.concurrent.ThreadPoolExecutor$Worker.run(ThreadPoolExecutor.java:624)&#10;        at java.lang.Thread.run(Thread.java:748)&#10;&quot;pool-26-thread-19&quot;  prio=5 tid=289 in Object.wait()&#10;java.lang.Thread.State: WAITING (on object monitor)&#10;        at sun.misc.Unsafe.park(Native Method)&#10;        at java.util.concurrent.locks.LockSupport.park(LockSupport.java:175)&#10;        at java.util.concurrent.locks.AbstractQueuedSynchronizer$ConditionObject.await(AbstractQueuedSynchronizer.java:2039)&#10;        at java.util.concurrent.ArrayBlockingQueue.take(ArrayBlockingQueue.java:403)&#10;        at java.util.concurrent.ThreadPoolExecutor.getTask(ThreadPoolExecutor.java:1074)&#10;        at java.util.concurrent.ThreadPoolExecutor.runWorker(ThreadPoolExecutor.java:1134)&#10;        at java.util.concurrent.ThreadPoolExecutor$Worker.run(ThreadPoolExecutor.java:624)&#10;        at java.lang.Thread.run(Thread.java:748)&#10;&quot;IPC Server handler 15 on 43271&quot; daemon prio=5 tid=65 timed_waiting&#10;java.lang.Thread.State: TIMED_WAITING&#10;        at sun.misc.Unsafe.park(Native Method)&#10;        at java.util.concurrent.locks.LockSupport.parkNanos(LockSupport.java:215)&#10;        at java.util.concurrent.locks.AbstractQueuedSynchronizer$ConditionObject.awaitNanos(AbstractQueuedSynchronizer.java:2078)&#10;        at java.util.concurrent.LinkedBlockingQueue.poll(LinkedBlockingQueue.java:467)&#10;        at org.apache.hadoop.ipc.CallQueueManager.take(CallQueueManager.java:288)&#10;        at org.apache.hadoop.ipc.Server$Handler.run(Server.java:2668)&#10;&quot;qtp1110014943-252&quot; daemon prio=5 tid=252 timed_waiting&#10;java.lang.Thread.State: TIMED_WAITING&#10;        at sun.misc.Unsafe.park(Native Method)&#10;        at java.util.concurrent.locks.LockSupport.parkNanos(LockSupport.java:215)&#10;        at java.util.concurrent.locks.AbstractQueuedSynchronizer$ConditionObject.awaitNanos(AbstractQueuedSynchronizer.java:2078)&#10;        at org.eclipse.jetty.util.BlockingArrayQueue.poll(BlockingArrayQueue.java:392)&#10;        at org.eclipse.jetty.util.thread.QueuedThreadPool.idleJobPoll(QueuedThreadPool.java:563)&#10;        at org.eclipse.jetty.util.thread.QueuedThreadPool.access$800(QueuedThreadPool.java:48)&#10;        at org.eclipse.jetty.util.thread.QueuedThreadPool$2.run(QueuedThreadPool.java:626)&#10;        at java.lang.Thread.run(Thread.java:748)&#10;&quot;pool-89-thread-33&quot;  prio=5 tid=484 in Object.wait()&#10;java.lang.Thread.State: WAITING (on object monitor)&#10;        at sun.misc.Unsafe.park(Native Method)&#10;        at java.util.concurrent.locks.LockSupport.park(LockSupport.java:175)&#10;        at java.util.concurrent.locks.AbstractQueuedSynchronizer$ConditionObject.await(AbstractQueuedSynchronizer.java:2039)&#10;        at java.util.concurrent.ArrayBlockingQueue.take(ArrayBlockingQueue.java:403)&#10;        at java.util.concurrent.ThreadPoolExecutor.getTask(ThreadPoolExecutor.java:1074)&#10;        at java.util.concurrent.ThreadPoolExecutor.runWorker(ThreadPoolExecutor.java:1134)&#10;        at java.util.concurrent.ThreadPoolExecutor$Worker.run(ThreadPoolExecutor.java:624)&#10;        at java.lang.Thread.run(Thread.java:748)&#10;&quot;pool-68-thread-57&quot;  prio=5 tid=448 in Object.wait()&#10;java.lang.Thread.State: WAITING (on object monitor)&#10;        at sun.misc.Unsafe.park(Native Method)&#10;        at java.util.concurrent.locks.LockSupport.park(LockSupport.java:175)&#10;        at java.util.concurrent.locks.AbstractQueuedSynchronizer$ConditionObject.await(AbstractQueuedSynchronizer.java:2039)&#10;        at java.util.concurrent.ArrayBlockingQueue.take(ArrayBlockingQueue.java:403)&#10;        at java.util.concurrent.ThreadPoolExecutor.getTask(ThreadPoolExecutor.java:1074)&#10;        at java.util.concurrent.ThreadPoolExecutor.runWorker(ThreadPoolExecutor.java:1134)&#10;        at java.util.concurrent.ThreadPoolExecutor$Worker.run(ThreadPoolExecutor.java:624)&#10;        at java.lang.Thread.run(Thread.java:748)&#10;&quot;pool-26-thread-13&quot;  prio=5 tid=283 in Object.wait()&#10;java.lang.Thread.State: WAITING (on object monitor)&#10;        at sun.misc.Unsafe.park(Native Method)&#10;        at java.util.concurrent.locks.LockSupport.park(LockSupport.java:175)&#10;        at java.util.concurrent.locks.AbstractQueuedSynchronizer$ConditionObject.await(AbstractQueuedSynchronizer.java:2039)&#10;        at java.util.concurrent.ArrayBlockingQueue.take(ArrayBlockingQueue.java:403)&#10;        at java.util.concurrent.ThreadPoolExecutor.getTask(ThreadPoolExecutor.java:1074)&#10;        at java.util.concurrent.ThreadPoolExecutor.runWorker(ThreadPoolExecutor.java:1134)&#10;        at java.util.concurrent.ThreadPoolExecutor$Worker.run(ThreadPoolExecutor.java:624)&#10;        at java.lang.Thread.run(Thread.java:748)&#10;&quot;Datanode ReportManager Thread - 3&quot; daemon prio=5 tid=266 in Object.wait()&#10;java.lang.Thread.State: WAITING (on object monitor)&#10;        at sun.misc.Unsafe.park(Native Method)&#10;        at java.util.concurrent.locks.LockSupport.park(LockSupport.java:175)&#10;        at java.util.concurrent.locks.AbstractQueuedSynchronizer$ConditionObject.await(AbstractQueuedSynchronizer.java:2039)&#10;        at java.util.concurrent.ScheduledThreadPoolExecutor$DelayedWorkQueue.take(ScheduledThreadPoolExecutor.java:1088)&#10;        at java.util.concurrent.ScheduledThreadPoolExecutor$DelayedWorkQueue.take(ScheduledThreadPoolExecutor.java:809)&#10;        at java.util.concurrent.ThreadPoolExecutor.getTask(ThreadPoolExecutor.java:1074)&#10;        at java.util.concurrent.ThreadPoolExecutor.runWorker(ThreadPoolExecutor.java:1134)&#10;        at java.util.concurrent.ThreadPoolExecutor$Worker.run(ThreadPoolExecutor.java:624)&#10;        at java.lang.Thread.run(Thread.java:748)&#10;&quot;Command processor thread&quot; daemon prio=5 tid=181 timed_waiting&#10;java.lang.Thread.State: TIMED_WAITING&#10;        at java.lang.Thread.sleep(Native Method)&#10;        at org.apache.hadoop.ozone.container.common.statemachine.DatanodeStateMachine.lambda$initCommandHandlerThread$1(DatanodeStateMachine.java:439)&#10;        at org.apache.hadoop.ozone.container.common.statemachine.DatanodeStateMachine$$Lambda$140/966358068.run(Unknown Source)&#10;        at java.lang.Thread.run(Thread.java:748)&#10;&quot;IPC Server handler 16 on 43271&quot; daemon prio=5 tid=66 timed_waiting&#10;java.lang.Thread.State: TIMED_WAITING&#10;        at sun.misc.Unsafe.park(Native Method)&#10;        at java.util.concurrent.locks.LockSupport.parkNanos(LockSupport.java:215)&#10;        at java.util.concurrent.locks.AbstractQueuedSynchronizer$ConditionObject.awaitNanos(AbstractQueuedSynchronizer.java:2078)&#10;        at java.util.concurrent.LinkedBlockingQueue.poll(LinkedBlockingQueue.java:467)&#10;        at org.apache.hadoop.ipc.CallQueueManager.take(CallQueueManager.java:288)&#10;        at org.apache.hadoop.ipc.Server$Handler.run(Server.java:2668)&#10;&quot;org.eclipse.jetty.server.session.HashSessionManager@29d405e6Timer&quot; daemon prio=5 tid=228 timed_waiting&#10;java.lang.Thread.State: TIMED_WAITING&#10;        at sun.misc.Unsafe.park(Native Method)&#10;        at java.util.concurrent.locks.LockSupport.parkNanos(LockSupport.java:215)&#10;        at java.util.concurrent.locks.AbstractQueuedSynchronizer$ConditionObject.awaitNanos(AbstractQueuedSynchronizer.java:2078)&#10;        at java.util.concurrent.ScheduledThreadPoolExecutor$DelayedWorkQueue.take(ScheduledThreadPoolExecutor.java:1093)&#10;        at java.util.concurrent.ScheduledThreadPoolExecutor$DelayedWorkQueue.take(ScheduledThreadPoolExecutor.java:809)&#10;        at java.util.concurrent.ThreadPoolExecutor.getTask(ThreadPoolExecutor.java:1074)&#10;        at java.util.concurrent.ThreadPoolExecutor.runWorker(ThreadPoolExecutor.java:1134)&#10;        at java.util.concurrent.ThreadPoolExecutor$Worker.run(ThreadPoolExecutor.java:624)&#10;        at java.lang.Thread.run(Thread.java:748)&#10;&quot;qtp1894788146-97&quot; daemon prio=5 tid=97 timed_waiting&#10;java.lang.Thread.State: TIMED_WAITING&#10;        at sun.misc.Unsafe.park(Native Method)&#10;        at java.util.concurrent.locks.LockSupport.parkNanos(LockSupport.java:215)&#10;        at java.util.concurrent.locks.AbstractQueuedSynchronizer$ConditionObject.awaitNanos(AbstractQueuedSynchronizer.java:2078)&#10;        at org.eclipse.jetty.util.BlockingArrayQueue.poll(BlockingArrayQueue.java:392)&#10;        at org.eclipse.jetty.util.thread.QueuedThreadPool.idleJobPoll(QueuedThreadPool.java:563)&#10;        at org.eclipse.jetty.util.thread.QueuedThreadPool.access$800(QueuedThreadPool.java:48)&#10;        at org.eclipse.jetty.util.thread.QueuedThreadPool$2.run(QueuedThreadPool.java:626)&#10;        at java.lang.Thread.run(Thread.java:748)&#10;&quot;org.eclipse.jetty.server.session.HashSessionManager@3ece79feTimer&quot; daemon prio=5 tid=200 timed_waiting&#10;java.lang.Thread.State: TIMED_WAITING&#10;        at sun.misc.Unsafe.park(Native Method)&#10;        at java.util.concurrent.locks.LockSupport.parkNanos(LockSupport.java:215)&#10;        at java.util.concurrent.locks.AbstractQueuedSynchronizer$ConditionObject.awaitNanos(AbstractQueuedSynchronizer.java:2078)&#10;        at java.util.concurrent.ScheduledThreadPoolExecutor$DelayedWorkQueue.take(ScheduledThreadPoolExecutor.java:1093)&#10;        at java.util.concurrent.ScheduledThreadPoolExecutor$DelayedWorkQueue.take(ScheduledThreadPoolExecutor.java:809)&#10;        at java.util.concurrent.ThreadPoolExecutor.getTask(ThreadPoolExecutor.java:1074)&#10;        at java.util.concurrent.ThreadPoolExecutor.runWorker(ThreadPoolExecutor.java:1134)&#10;        at java.util.concurrent.ThreadPoolExecutor$Worker.run(ThreadPoolExecutor.java:624)&#10;        at java.lang.Thread.run(Thread.java:748)&#10;&quot;IPC Server handler 5 on 34963&quot; daemon prio=5 tid=75 timed_waiting&#10;java.lang.Thread.State: TIMED_WAITING&#10;        at sun.misc.Unsafe.park(Native Method)&#10;        at java.util.concurrent.locks.LockSupport.parkNanos(LockSupport.java:215)&#10;        at java.util.concurrent.locks.AbstractQueuedSynchronizer$ConditionObject.awaitNanos(AbstractQueuedSynchronizer.java:2078)&#10;        at java.util.concurrent.LinkedBlockingQueue.poll(LinkedBlockingQueue.java:467)&#10;        at org.apache.hadoop.ipc.CallQueueManager.take(CallQueueManager.java:288)&#10;        at org.apache.hadoop.ipc.Server$Handler.run(Server.java:2668)&#10;&quot;org.apache.hadoop.util.JvmPauseMonitor$Monitor@50d76fcb&quot; daemon prio=5 tid=184 timed_waiting&#10;java.lang.Thread.State: TIMED_WAITING&#10;        at java.lang.Thread.sleep(Native Method)&#10;        at org.apache.hadoop.util.JvmPauseMonitor$Monitor.run(JvmPauseMonitor.java:192)&#10;        at java.lang.Thread.run(Thread.java:748)&#10;&quot;pool-47-thread-1&quot;  prio=5 tid=332 in Object.wait()&#10;java.lang.Thread.State: WAITING (on object monitor)&#10;        at sun.misc.Unsafe.park(Native Method)&#10;        at java.util.concurrent.locks.LockSupport.park(LockSupport.java:175)&#10;        at java.util.concurrent.locks.AbstractQueuedSynchronizer$ConditionObject.await(AbstractQueuedSynchronizer.java:2039)&#10;        at java.util.concurrent.ArrayBlockingQueue.take(ArrayBlockingQueue.java:403)&#10;        at java.util.concurrent.ThreadPoolExecutor.getTask(ThreadPoolExecutor.java:1074)&#10;        at java.util.concurrent.ThreadPoolExecutor.runWorker(ThreadPoolExecutor.java:1134)&#10;        at java.util.concurrent.ThreadPoolExecutor$Worker.run(ThreadPoolExecutor.java:624)&#10;        at java.lang.Thread.run(Thread.java:748)&#10;&quot;org.eclipse.jetty.server.session.HashSessionManager@122635efTimer&quot; daemon prio=5 tid=199 timed_waiting&#10;java.lang.Thread.State: TIMED_WAITING&#10;        at sun.misc.Unsafe.park(Native Method)&#10;        at java.util.concurrent.locks.LockSupport.parkNanos(LockSupport.java:215)&#10;        at java.util.concurrent.locks.AbstractQueuedSynchronizer$ConditionObject.awaitNanos(AbstractQueuedSynchronizer.java:2078)&#10;        at java.util.concurrent.ScheduledThreadPoolExecutor$DelayedWorkQueue.take(ScheduledThreadPoolExecutor.java:1093)&#10;        at java.util.concurrent.ScheduledThreadPoolExecutor$DelayedWorkQueue.take(ScheduledThreadPoolExecutor.java:809)&#10;        at java.util.concurrent.ThreadPoolExecutor.getTask(ThreadPoolExecutor.java:1074)&#10;        at java.util.concurrent.ThreadPoolExecutor.runWorker(ThreadPoolExecutor.java:1134)&#10;        at java.util.concurrent.ThreadPoolExecutor$Worker.run(ThreadPoolExecutor.java:624)&#10;        at java.lang.Thread.run(Thread.java:748)&#10;&quot;pool-47-thread-8&quot;  prio=5 tid=339 in Object.wait()&#10;java.lang.Thread.State: WAITING (on object monitor)&#10;        at sun.misc.Unsafe.park(Native Method)&#10;        at java.util.concurrent.locks.LockSupport.park(LockSupport.java:175)&#10;        at java.util.concurrent.locks.AbstractQueuedSynchronizer$ConditionObject.await(AbstractQueuedSynchronizer.java:2039)&#10;        at java.util.concurrent.ArrayBlockingQueue.take(ArrayBlockingQueue.java:403)&#10;        at java.util.concurrent.ThreadPoolExecutor.getTask(ThreadPoolExecutor.java:1074)&#10;        at java.util.concurrent.ThreadPoolExecutor.runWorker(ThreadPoolExecutor.java:1134)&#10;        at java.util.concurrent.ThreadPoolExecutor$Worker.run(ThreadPoolExecutor.java:624)&#10;        at java.lang.Thread.run(Thread.java:748)&#10;&quot;pool-47-thread-12&quot;  prio=5 tid=343 in Object.wait()&#10;java.lang.Thread.State: WAITING (on object monitor)&#10;        at sun.misc.Unsafe.park(Native Method)&#10;        at java.util.concurrent.locks.LockSupport.park(LockSupport.java:175)&#10;        at java.util.concurrent.locks.AbstractQueuedSynchronizer$ConditionObject.await(AbstractQueuedSynchronizer.java:2039)&#10;        at java.util.concurrent.ArrayBlockingQueue.take(ArrayBlockingQueue.java:403)&#10;        at java.util.concurrent.ThreadPoolExecutor.getTask(ThreadPoolExecutor.java:1074)&#10;        at java.util.concurrent.ThreadPoolExecutor.runWorker(ThreadPoolExecutor.java:1134)&#10;        at java.util.concurrent.ThreadPoolExecutor$Worker.run(ThreadPoolExecutor.java:624)&#10;        at java.lang.Thread.run(Thread.java:748)&#10;&quot;IPC Server handler 1 on 43271&quot; daemon prio=5 tid=51 timed_waiting&#10;java.lang.Thread.State: TIMED_WAITING&#10;        at sun.misc.Unsafe.park(Native Method)&#10;        at java.util.concurrent.locks.LockSupport.parkNanos(LockSupport.java:215)&#10;        at java.util.concurrent.locks.AbstractQueuedSynchronizer$ConditionObject.awaitNanos(AbstractQueuedSynchronizer.java:2078)&#10;        at java.util.concurrent.LinkedBlockingQueue.poll(LinkedBlockingQueue.java:467)&#10;        at org.apache.hadoop.ipc.CallQueueManager.take(CallQueueManager.java:288)&#10;        at org.apache.hadoop.ipc.Server$Handler.run(Server.java:2668)&#10;&quot;pool-89-thread-17&quot;  prio=5 tid=468 in Object.wait()&#10;java.lang.Thread.State: WAITING (on object monitor)&#10;        at sun.misc.Unsafe.park(Native Method)&#10;        at java.util.concurrent.locks.LockSupport.park(LockSupport.java:175)&#10;        at java.util.concurrent.locks.AbstractQueuedSynchronizer$ConditionObject.await(AbstractQueuedSynchronizer.java:2039)&#10;        at java.util.concurrent.ArrayBlockingQueue.take(ArrayBlockingQueue.java:403)&#10;        at java.util.concurrent.ThreadPoolExecutor.getTask(ThreadPoolExecutor.java:1074)&#10;        at java.util.concurrent.ThreadPoolExecutor.runWorker(ThreadPoolExecutor.java:1134)&#10;        at java.util.concurrent.ThreadPoolExecutor$Worker.run(ThreadPoolExecutor.java:624)&#10;        at java.lang.Thread.run(Thread.java:748)&#10;&quot;org.eclipse.jetty.server.session.HashSessionManager@49cd946cTimer&quot; daemon prio=5 tid=229 timed_waiting&#10;java.lang.Thread.State: TIMED_WAITING&#10;        at sun.misc.Unsafe.park(Native Method)&#10;        at java.util.concurrent.locks.LockSupport.parkNanos(LockSupport.java:215)&#10;        at java.util.concurrent.locks.AbstractQueuedSynchronizer$ConditionObject.awaitNanos(AbstractQueuedSynchronizer.java:2078)&#10;        at java.util.concurrent.ScheduledThreadPoolExecutor$DelayedWorkQueue.take(ScheduledThreadPoolExecutor.java:1093)&#10;        at java.util.concurrent.ScheduledThreadPoolExecutor$DelayedWorkQueue.take(ScheduledThreadPoolExecutor.java:809)&#10;        at java.util.concurrent.ThreadPoolExecutor.getTask(ThreadPoolExecutor.java:1074)&#10;        at java.util.concurrent.ThreadPoolExecutor.runWorker(ThreadPoolExecutor.java:1134)&#10;        at java.util.concurrent.ThreadPoolExecutor$Worker.run(ThreadPoolExecutor.java:624)&#10;        at java.lang.Thread.run(Thread.java:748)&#10;&quot;74d2ffc1-745f-4c1a-9401-137b1ece8223-RaftLogWorker&quot;  prio=5 tid=531 timed_waiting&#10;java.lang.Thread.State: TIMED_WAITING&#10;        at sun.misc.Unsafe.park(Native Method)&#10;        at java.util.concurrent.locks.LockSupport.parkNanos(LockSupport.java:215)&#10;        at java.util.concurrent.locks.AbstractQueuedSynchronizer$ConditionObject.awaitNanos(AbstractQueuedSynchronizer.java:2078)&#10;        at org.apache.ratis.util.DataBlockingQueue.poll(DataBlockingQueue.java:137)&#10;        at org.apache.ratis.server.storage.RaftLogWorker.run(RaftLogWorker.java:216)&#10;        at java.lang.Thread.run(Thread.java:748)&#10;&quot;IPC Server handler 9 on 42937&quot; daemon prio=5 tid=123 timed_waiting&#10;java.lang.Thread.State: TIMED_WAITING&#10;        at sun.misc.Unsafe.park(Native Method)&#10;        at java.util.concurrent.locks.LockSupport.parkNanos(LockSupport.java:215)&#10;        at java.util.concurrent.locks.AbstractQueuedSynchronizer$ConditionObject.awaitNanos(AbstractQueuedSynchronizer.java:2078)&#10;        at java.util.concurrent.LinkedBlockingQueue.poll(LinkedBlockingQueue.java:467)&#10;        at org.apache.hadoop.ipc.CallQueueManager.take(CallQueueManager.java:288)&#10;        at org.apache.hadoop.ipc.Server$Handler.run(Server.java:2668)&#10;&quot;pool-41-thread-1&quot;  prio=5 tid=159 timed_waiting&#10;java.lang.Thread.State: TIMED_WAITING&#10;        at sun.misc.Unsafe.park(Native Method)&#10;        at java.util.concurrent.locks.LockSupport.parkNanos(LockSupport.java:215)&#10;        at java.util.concurrent.locks.AbstractQueuedSynchronizer$ConditionObject.awaitNanos(AbstractQueuedSynchronizer.java:2078)&#10;        at java.util.concurrent.ScheduledThreadPoolExecutor$DelayedWorkQueue.take(ScheduledThreadPoolExecutor.java:1093)&#10;        at java.util.concurrent.ScheduledThreadPoolExecutor$DelayedWorkQueue.take(ScheduledThreadPoolExecutor.java:809)&#10;        at java.util.concurrent.ThreadPoolExecutor.getTask(ThreadPoolExecutor.java:1074)&#10;        at java.util.concurrent.ThreadPoolExecutor.runWorker(ThreadPoolExecutor.java:1134)&#10;        at java.util.concurrent.ThreadPoolExecutor$Worker.run(ThreadPoolExecutor.java:624)&#10;        at java.lang.Thread.run(Thread.java:748)&#10;&quot;qtp1894788146-90&quot; daemon prio=5 tid=90 runnable&#10;java.lang.Thread.State: RUNNABLE&#10;        at sun.nio.ch.EPollArrayWrapper.epollWait(Native Method)&#10;        at sun.nio.ch.EPollArrayWrapper.poll(EPollArrayWrapper.java:269)&#10;        at sun.nio.ch.EPollSelectorImpl.doSelect(EPollSelectorImpl.java:93)&#10;        at sun.nio.ch.SelectorImpl.lockAndDoSelect(SelectorImpl.java:86)&#10;        at sun.nio.ch.SelectorImpl.select(SelectorImpl.java:97)&#10;        at sun.nio.ch.SelectorImpl.select(SelectorImpl.java:101)&#10;        at org.eclipse.jetty.io.ManagedSelector$SelectorProducer.select(ManagedSelector.java:243)&#10;        at org.eclipse.jetty.io.ManagedSelector$SelectorProducer.produce(ManagedSelector.java:191)&#10;        at org.eclipse.jetty.util.thread.strategy.ExecuteProduceConsume.executeProduceConsume(ExecuteProduceConsume.java:249)&#10;        at org.eclipse.jetty.util.thread.strategy.ExecuteProduceConsume.produceConsume(ExecuteProduceConsume.java:148)&#10;        at org.eclipse.jetty.util.thread.strategy.ExecuteProduceConsume.execute(ExecuteProduceConsume.java:100)&#10;        at org.eclipse.jetty.io.ManagedSelector.run(ManagedSelector.java:147)&#10;        at org.eclipse.jetty.util.thread.QueuedThreadPool.runJob(QueuedThreadPool.java:671)&#10;        at org.eclipse.jetty.util.thread.QueuedThreadPool$2.run(QueuedThreadPool.java:589)&#10;        at java.lang.Thread.run(Thread.java:748)&#10;&quot;pool-47-thread-17&quot;  prio=5 tid=348 in Object.wait()&#10;java.lang.Thread.State: WAITING (on object monitor)&#10;        at sun.misc.Unsafe.park(Native Method)&#10;        at java.util.concurrent.locks.LockSupport.park(LockSupport.java:175)&#10;        at java.util.concurrent.locks.AbstractQueuedSynchronizer$ConditionObject.await(AbstractQueuedSynchronizer.java:2039)&#10;        at java.util.concurrent.ArrayBlockingQueue.take(ArrayBlockingQueue.java:403)&#10;        at java.util.concurrent.ThreadPoolExecutor.getTask(ThreadPoolExecutor.java:1074)&#10;        at java.util.concurrent.ThreadPoolExecutor.runWorker(ThreadPoolExecutor.java:1134)&#10;        at java.util.concurrent.ThreadPoolExecutor$Worker.run(ThreadPoolExecutor.java:624)&#10;        at java.lang.Thread.run(Thread.java:748)&#10;&quot;pool-47-thread-13&quot;  prio=5 tid=344 in Object.wait()&#10;java.lang.Thread.State: WAITING (on object monitor)&#10;        at sun.misc.Unsafe.park(Native Method)&#10;        at java.util.concurrent.locks.LockSupport.park(LockSupport.java:175)&#10;        at java.util.concurrent.locks.AbstractQueuedSynchronizer$ConditionObject.await(AbstractQueuedSynchronizer.java:2039)&#10;        at java.util.concurrent.ArrayBlockingQueue.take(ArrayBlockingQueue.java:403)&#10;        at java.util.concurrent.ThreadPoolExecutor.getTask(ThreadPoolExecutor.java:1074)&#10;        at java.util.concurrent.ThreadPoolExecutor.runWorker(ThreadPoolExecutor.java:1134)&#10;        at java.util.concurrent.ThreadPoolExecutor$Worker.run(ThreadPoolExecutor.java:624)&#10;        at java.lang.Thread.run(Thread.java:748)&#10;&quot;refreshUsed-/opt/src/hadoop-ozone/integration-test/target/test-dir/MiniOzoneClusterImpl-a42d3b4b-e56b-4764-8008-ba5e6c1f637d/datanode-0/data/containers&quot; daemon prio=5 tid=153 timed_waiting&#10;java.lang.Thread.State: TIMED_WAITING&#10;        at java.lang.Thread.sleep(Native Method)&#10;        at org.apache.hadoop.fs.CachingGetSpaceUsed$RefreshThread.run(CachingGetSpaceUsed.java:179)&#10;        at java.lang.Thread.run(Thread.java:748)&#10;&quot;IPC Server handler 11 on 42937&quot; daemon prio=5 tid=125 timed_waiting&#10;java.lang.Thread.State: TIMED_WAITING&#10;        at sun.misc.Unsafe.park(Native Method)&#10;        at java.util.concurrent.locks.LockSupport.parkNanos(LockSupport.java:215)&#10;        at java.util.concurrent.locks.AbstractQueuedSynchronizer$ConditionObject.awaitNanos(AbstractQueuedSynchronizer.java:2078)&#10;        at java.util.concurrent.LinkedBlockingQueue.poll(LinkedBlockingQueue.java:467)&#10;        at org.apache.hadoop.ipc.CallQueueManager.take(CallQueueManager.java:288)&#10;        at org.apache.hadoop.ipc.Server$Handler.run(Server.java:2668)&#10;&quot;Thread-192&quot; daemon prio=5 tid=520 timed_waiting&#10;java.lang.Thread.State: TIMED_WAITING&#10;        at java.lang.Thread.sleep(Native Method)&#10;        at org.apache.hadoop.hdds.scm.safemode.SafeModeHandler.lambda$onMessage$0(SafeModeHandler.java:114)&#10;        at org.apache.hadoop.hdds.scm.safemode.SafeModeHandler$$Lambda$168/1088155817.run(Unknown Source)&#10;        at java.lang.Thread.run(Thread.java:748)&#10;&quot;pool-68-thread-39&quot;  prio=5 tid=430 in Object.wait()&#10;java.lang.Thread.State: WAITING (on object monitor)&#10;        at sun.misc.Unsafe.park(Native Method)&#10;        at java.util.concurrent.locks.LockSupport.park(LockSupport.java:175)&#10;        at java.util.concurrent.locks.AbstractQueuedSynchronizer$ConditionObject.await(AbstractQueuedSynchronizer.java:2039)&#10;        at java.util.concurrent.ArrayBlockingQueue.take(ArrayBlockingQueue.java:403)&#10;        at java.util.concurrent.ThreadPoolExecutor.getTask(ThreadPoolExecutor.java:1074)&#10;        at java.util.concurrent.ThreadPoolExecutor.runWorker(ThreadPoolExecutor.java:1134)&#10;        at java.util.concurrent.ThreadPoolExecutor$Worker.run(ThreadPoolExecutor.java:624)&#10;        at java.lang.Thread.run(Thread.java:748)&#10;&quot;Finalizer&quot; daemon prio=8 tid=3 in Object.wait()&#10;java.lang.Thread.State: WAITING (on object monitor)&#10;        at java.lang.Object.wait(Native Method)&#10;        at java.lang.ref.ReferenceQueue.remove(ReferenceQueue.java:144)&#10;        at java.lang.ref.ReferenceQueue.remove(ReferenceQueue.java:165)&#10;        at java.lang.ref.Finalizer$FinalizerThread.run(Finalizer.java:216)&#10;&quot;pool-26-thread-29&quot;  prio=5 tid=299 in Object.wait()&#10;java.lang.Thread.State: WAITING (on object monitor)&#10;        at sun.misc.Unsafe.park(Native Method)&#10;        at java.util.concurrent.locks.LockSupport.park(LockSupport.java:175)&#10;        at java.util.concurrent.locks.AbstractQueuedSynchronizer$ConditionObject.await(AbstractQueuedSynchronizer.java:2039)&#10;        at java.util.concurrent.ArrayBlockingQueue.take(ArrayBlockingQueue.java:403)&#10;        at java.util.concurrent.ThreadPoolExecutor.getTask(ThreadPoolExecutor.java:1074)&#10;        at java.util.concurrent.ThreadPoolExecutor.runWorker(ThreadPoolExecutor.java:1134)&#10;        at java.util.concurrent.ThreadPoolExecutor$Worker.run(ThreadPoolExecutor.java:624)&#10;        at java.lang.Thread.run(Thread.java:748)&#10;&quot;IPC Server handler 14 on 34963&quot; daemon prio=5 tid=84 timed_waiting&#10;java.lang.Thread.State: TIMED_WAITING&#10;        at sun.misc.Unsafe.park(Native Method)&#10;        at java.util.concurrent.locks.LockSupport.parkNanos(LockSupport.java:215)&#10;        at java.util.concurrent.locks.AbstractQueuedSynchronizer$ConditionObject.awaitNanos(AbstractQueuedSynchronizer.java:2078)&#10;        at java.util.concurrent.LinkedBlockingQueue.poll(LinkedBlockingQueue.java:467)&#10;        at org.apache.hadoop.ipc.CallQueueManager.take(CallQueueManager.java:288)&#10;        at org.apache.hadoop.ipc.Server$Handler.run(Server.java:2668)&#10;&quot;org.eclipse.jetty.server.session.HashSessionManager@2f66f0d0Timer&quot; daemon prio=5 tid=168 timed_waiting&#10;java.lang.Thread.State: TIMED_WAITING&#10;        at sun.misc.Unsafe.park(Native Method)&#10;        at java.util.concurrent.locks.LockSupport.parkNanos(LockSupport.java:215)&#10;        at java.util.concurrent.locks.AbstractQueuedSynchronizer$ConditionObject.awaitNanos(AbstractQueuedSynchronizer.java:2078)&#10;        at java.util.concurrent.ScheduledThreadPoolExecutor$DelayedWorkQueue.take(ScheduledThreadPoolExecutor.java:1093)&#10;        at java.util.concurrent.ScheduledThreadPoolExecutor$DelayedWorkQueue.take(ScheduledThreadPoolExecutor.java:809)&#10;        at java.util.concurrent.ThreadPoolExecutor.getTask(ThreadPoolExecutor.java:1074)&#10;        at java.util.concurrent.ThreadPoolExecutor.runWorker(ThreadPoolExecutor.java:1134)&#10;        at java.util.concurrent.ThreadPoolExecutor$Worker.run(ThreadPoolExecutor.java:624)&#10;        at java.lang.Thread.run(Thread.java:748)&#10;&quot;pool-26-thread-54&quot;  prio=5 tid=324 in Object.wait()&#10;java.lang.Thread.State: WAITING (on object monitor)&#10;        at sun.misc.Unsafe.park(Native Method)&#10;        at java.util.concurrent.locks.LockSupport.park(LockSupport.java:175)&#10;        at java.util.concurrent.locks.AbstractQueuedSynchronizer$ConditionObject.await(AbstractQueuedSynchronizer.java:2039)&#10;        at java.util.concurrent.ArrayBlockingQueue.take(ArrayBlockingQueue.java:403)&#10;        at java.util.concurrent.ThreadPoolExecutor.getTask(ThreadPoolExecutor.java:1074)&#10;        at java.util.concurrent.ThreadPoolExecutor.runWorker(ThreadPoolExecutor.java:1134)&#10;        at java.util.concurrent.ThreadPoolExecutor$Worker.run(ThreadPoolExecutor.java:624)&#10;        at java.lang.Thread.run(Thread.java:748)&#10;&quot;pool-89-thread-6&quot;  prio=5 tid=457 in Object.wait()&#10;java.lang.Thread.State: WAITING (on object monitor)&#10;        at sun.misc.Unsafe.park(Native Method)&#10;        at java.util.concurrent.locks.LockSupport.park(LockSupport.java:175)&#10;        at java.util.concurrent.locks.AbstractQueuedSynchronizer$ConditionObject.await(AbstractQueuedSynchronizer.java:2039)&#10;        at java.util.concurrent.ArrayBlockingQueue.take(ArrayBlockingQueue.java:403)&#10;        at java.util.concurrent.ThreadPoolExecutor.getTask(ThreadPoolExecutor.java:1074)&#10;        at java.util.concurrent.ThreadPoolExecutor.runWorker(ThreadPoolExecutor.java:1134)&#10;        at java.util.concurrent.ThreadPoolExecutor$Worker.run(ThreadPoolExecutor.java:624)&#10;        at java.lang.Thread.run(Thread.java:748)&#10;&quot;Periodic HDDS volume checker&quot;  prio=5 tid=237 timed_waiting&#10;java.lang.Thread.State: TIMED_WAITING&#10;        at sun.misc.Unsafe.park(Native Method)&#10;        at java.util.concurrent.locks.LockSupport.parkNanos(LockSupport.java:215)&#10;        at java.util.concurrent.locks.AbstractQueuedSynchronizer$ConditionObject.awaitNanos(AbstractQueuedSynchronizer.java:2078)&#10;        at java.util.concurrent.ScheduledThreadPoolExecutor$DelayedWorkQueue.take(ScheduledThreadPoolExecutor.java:1093)&#10;        at java.util.concurrent.ScheduledThreadPoolExecutor$DelayedWorkQueue.take(ScheduledThreadPoolExecutor.java:809)&#10;        at java.util.concurrent.ThreadPoolExecutor.getTask(ThreadPoolExecutor.java:1074)&#10;        at java.util.concurrent.ThreadPoolExecutor.runWorker(ThreadPoolExecutor.java:1134)&#10;        at java.util.concurrent.ThreadPoolExecutor$Worker.run(ThreadPoolExecutor.java:624)&#10;        at java.lang.Thread.run(Thread.java:748)&#10;&quot;IPC Server handler 19 on 34963&quot; daemon prio=5 tid=89 timed_waiting&#10;java.lang.Thread.State: TIMED_WAITING&#10;        at sun.misc.Unsafe.park(Native Method)&#10;        at java.util.concurrent.locks.LockSupport.parkNanos(LockSupport.java:215)&#10;        at java.util.concurrent.locks.AbstractQueuedSynchronizer$ConditionObject.awaitNanos(AbstractQueuedSynchronizer.java:2078)&#10;        at java.util.concurrent.LinkedBlockingQueue.poll(LinkedBlockingQueue.java:467)&#10;        at org.apache.hadoop.ipc.CallQueueManager.take(CallQueueManager.java:288)&#10;        at org.apache.hadoop.ipc.Server$Handler.run(Server.java:2668)&#10;&quot;pool-26-thread-15&quot;  prio=5 tid=285 in Object.wait()&#10;java.lang.Thread.State: WAITING (on object monitor)&#10;        at sun.misc.Unsafe.park(Native Method)&#10;        at java.util.concurrent.locks.LockSupport.park(LockSupport.java:175)&#10;        at java.util.concurrent.locks.AbstractQueuedSynchronizer$ConditionObject.await(AbstractQueuedSynchronizer.java:2039)&#10;        at java.util.concurrent.ArrayBlockingQueue.take(ArrayBlockingQueue.java:403)&#10;        at java.util.concurrent.ThreadPoolExecutor.getTask(ThreadPoolExecutor.java:1074)&#10;        at java.util.concurrent.ThreadPoolExecutor.runWorker(ThreadPoolExecutor.java:1134)&#10;        at java.util.concurrent.ThreadPoolExecutor$Worker.run(ThreadPoolExecutor.java:624)&#10;        at java.lang.Thread.run(Thread.java:748)&#10;&quot;pool-68-thread-8&quot;  prio=5 tid=399 in Object.wait()&#10;java.lang.Thread.State: WAITING (on object monitor)&#10;        at sun.misc.Unsafe.park(Native Method)&#10;        at java.util.concurrent.locks.LockSupport.park(LockSupport.java:175)&#10;        at java.util.concurrent.locks.AbstractQueuedSynchronizer$ConditionObject.await(AbstractQueuedSynchronizer.java:2039)&#10;        at java.util.concurrent.ArrayBlockingQueue.take(ArrayBlockingQueue.java:403)&#10;        at java.util.concurrent.ThreadPoolExecutor.getTask(ThreadPoolExecutor.java:1074)&#10;        at java.util.concurrent.ThreadPoolExecutor.runWorker(ThreadPoolExecutor.java:1134)&#10;        at java.util.concurrent.ThreadPoolExecutor$Worker.run(ThreadPoolExecutor.java:624)&#10;        at java.lang.Thread.run(Thread.java:748)&#10;&quot;IPC Client (609887969) connection to /0.0.0.0:34963 from root&quot; daemon prio=5 tid=270 timed_waiting&#10;java.lang.Thread.State: TIMED_WAITING&#10;        at java.lang.Object.wait(Native Method)&#10;        at org.apache.hadoop.ipc.Client$Connection.waitForWork(Client.java:1024)&#10;        at org.apache.hadoop.ipc.Client$Connection.run(Client.java:1068)&#10;&quot;pool-89-thread-25&quot;  prio=5 tid=476 in Object.wait()&#10;java.lang.Thread.State: WAITING (on object monitor)&#10;        at sun.misc.Unsafe.park(Native Method)&#10;        at java.util.concurrent.locks.LockSupport.park(LockSupport.java:175)&#10;        at java.util.concurrent.locks.AbstractQueuedSynchronizer$ConditionObject.await(AbstractQueuedSynchronizer.java:2039)&#10;        at java.util.concurrent.ArrayBlockingQueue.take(ArrayBlockingQueue.java:403)&#10;        at java.util.concurrent.ThreadPoolExecutor.getTask(ThreadPoolExecutor.java:1074)&#10;        at java.util.concurrent.ThreadPoolExecutor.runWorker(ThreadPoolExecutor.java:1134)&#10;        at java.util.concurrent.ThreadPoolExecutor$Worker.run(ThreadPoolExecutor.java:624)&#10;        at java.lang.Thread.run(Thread.java:748)&#10;&quot;pool-26-thread-35&quot;  prio=5 tid=305 in Object.wait()&#10;java.lang.Thread.State: WAITING (on object monitor)&#10;        at sun.misc.Unsafe.park(Native Method)&#10;        at java.util.concurrent.locks.LockSupport.park(LockSupport.java:175)&#10;        at java.util.concurrent.locks.AbstractQueuedSynchronizer$ConditionObject.await(AbstractQueuedSynchronizer.java:2039)&#10;        at java.util.concurrent.ArrayBlockingQueue.take(ArrayBlockingQueue.java:403)&#10;        at java.util.concurrent.ThreadPoolExecutor.getTask(ThreadPoolExecutor.java:1074)&#10;        at java.util.concurrent.ThreadPoolExecutor.runWorker(ThreadPoolExecutor.java:1134)&#10;        at java.util.concurrent.ThreadPoolExecutor$Worker.run(ThreadPoolExecutor.java:624)&#10;        at java.lang.Thread.run(Thread.java:748)&#10;&quot;qtp1110014943-251-acceptor-0@55ad4ea2-ServerConnector@19ae2ee5{HTTP/1.1,[http/1.1]}{0.0.0.0:35809}&quot; daemon prio=3 tid=251 runnable&#10;java.lang.Thread.State: RUNNABLE&#10;        at sun.nio.ch.ServerSocketChannelImpl.accept0(Native Method)&#10;        at sun.nio.ch.ServerSocketChannelImpl.accept(ServerSocketChannelImpl.java:422)&#10;        at sun.nio.ch.ServerSocketChannelImpl.accept(ServerSocketChannelImpl.java:250)&#10;        at org.eclipse.jetty.server.ServerConnector.accept(ServerConnector.java:397)&#10;        at org.eclipse.jetty.server.AbstractConnector$Acceptor.run(AbstractConnector.java:601)&#10;        at org.eclipse.jetty.util.thread.QueuedThreadPool.runJob(QueuedThreadPool.java:671)&#10;        at org.eclipse.jetty.util.thread.QueuedThreadPool$2.run(QueuedThreadPool.java:589)&#10;        at java.lang.Thread.run(Thread.java:748)&#10;&quot;qtp1366212088-139&quot; daemon prio=5 tid=139 timed_waiting&#10;java.lang.Thread.State: TIMED_WAITING&#10;        at sun.misc.Unsafe.park(Native Method)&#10;        at java.util.concurrent.locks.LockSupport.parkNanos(LockSupport.java:215)&#10;        at java.util.concurrent.locks.AbstractQueuedSynchronizer$ConditionObject.awaitNanos(AbstractQueuedSynchronizer.java:2078)&#10;        at org.eclipse.jetty.util.BlockingArrayQueue.poll(BlockingArrayQueue.java:392)&#10;        at org.eclipse.jetty.util.thread.QueuedThreadPool.idleJobPoll(QueuedThreadPool.java:563)&#10;        at org.eclipse.jetty.util.thread.QueuedThreadPool.access$800(QueuedThreadPool.java:48)&#10;        at org.eclipse.jetty.util.thread.QueuedThreadPool$2.run(QueuedThreadPool.java:626)&#10;        at java.lang.Thread.run(Thread.java:748)&#10;&quot;IPC Server handler 15 on 42937&quot; daemon prio=5 tid=129 timed_waiting&#10;java.lang.Thread.State: TIMED_WAITING&#10;        at sun.misc.Unsafe.park(Native Method)&#10;        at java.util.concurrent.locks.LockSupport.parkNanos(LockSupport.java:215)&#10;        at java.util.concurrent.locks.AbstractQueuedSynchronizer$ConditionObject.awaitNanos(AbstractQueuedSynchronizer.java:2078)&#10;        at java.util.concurrent.LinkedBlockingQueue.poll(LinkedBlockingQueue.java:467)&#10;        at org.apache.hadoop.ipc.CallQueueManager.take(CallQueueManager.java:288)&#10;        at org.apache.hadoop.ipc.Server$Handler.run(Server.java:2668)&#10;&quot;pool-68-thread-22&quot;  prio=5 tid=413 in Object.wait()&#10;java.lang.Thread.State: WAITING (on object monitor)&#10;        at sun.misc.Unsafe.park(Native Method)&#10;        at java.util.concurrent.locks.LockSupport.park(LockSupport.java:175)&#10;        at java.util.concurrent.locks.AbstractQueuedSynchronizer$ConditionObject.await(AbstractQueuedSynchronizer.java:2039)&#10;        at java.util.concurrent.ArrayBlockingQueue.take(ArrayBlockingQueue.java:403)&#10;        at java.util.concurrent.ThreadPoolExecutor.getTask(ThreadPoolExecutor.java:1074)&#10;        at java.util.concurrent.ThreadPoolExecutor.runWorker(ThreadPoolExecutor.java:1134)&#10;        at java.util.concurrent.ThreadPoolExecutor$Worker.run(ThreadPoolExecutor.java:624)&#10;        at java.lang.Thread.run(Thread.java:748)&#10;&quot;Datanode ReportManager Thread - 3&quot; daemon prio=5 tid=238 in Object.wait()&#10;java.lang.Thread.State: WAITING (on object monitor)&#10;        at sun.misc.Unsafe.park(Native Method)&#10;        at java.util.concurrent.locks.LockSupport.park(LockSupport.java:175)&#10;        at java.util.concurrent.locks.AbstractQueuedSynchronizer$ConditionObject.await(AbstractQueuedSynchronizer.java:2039)&#10;        at java.util.concurrent.ScheduledThreadPoolExecutor$DelayedWorkQueue.take(ScheduledThreadPoolExecutor.java:1088)&#10;        at java.util.concurrent.ScheduledThreadPoolExecutor$DelayedWorkQueue.take(ScheduledThreadPoolExecutor.java:809)&#10;        at java.util.concurrent.ThreadPoolExecutor.getTask(ThreadPoolExecutor.java:1074)&#10;        at java.util.concurrent.ThreadPoolExecutor.runWorker(ThreadPoolExecutor.java:1134)&#10;        at java.util.concurrent.ThreadPoolExecutor$Worker.run(ThreadPoolExecutor.java:624)&#10;        at java.lang.Thread.run(Thread.java:748)&#10;&quot;IPC Server handler 0 on 40125&quot; daemon prio=5 tid=30 timed_waiting&#10;java.lang.Thread.State: TIMED_WAITING&#10;        at sun.misc.Unsafe.park(Native Method)&#10;        at java.util.concurrent.locks.LockSupport.parkNanos(LockSupport.java:215)&#10;        at java.util.concurrent.locks.AbstractQueuedSynchronizer$ConditionObject.awaitNanos(AbstractQueuedSynchronizer.java:2078)&#10;        at java.util.concurrent.LinkedBlockingQueue.poll(LinkedBlockingQueue.java:467)&#10;        at org.apache.hadoop.ipc.CallQueueManager.take(CallQueueManager.java:288)&#10;        at org.apache.hadoop.ipc.Server$Handler.run(Server.java:2668)&#10;&quot;Command processor thread&quot; daemon prio=5 tid=239 timed_waiting&#10;java.lang.Thread.State: TIMED_WAITING&#10;        at java.lang.Thread.sleep(Native Method)&#10;        at org.apache.hadoop.ozone.container.common.statemachine.DatanodeStateMachine.lambda$initCommandHandlerThread$1(DatanodeStateMachine.java:439)&#10;        at org.apache.hadoop.ozone.container.common.statemachine.DatanodeStateMachine$$Lambda$140/966358068.run(Unknown Source)&#10;        at java.lang.Thread.run(Thread.java:748)&#10;&quot;Datanode State Machine Thread - 0&quot; daemon prio=5 tid=232 timed_waiting&#10;java.lang.Thread.State: TIMED_WAITING&#10;        at java.lang.Thread.sleep(Native Method)&#10;        at org.apache.hadoop.ozone.container.common.statemachine.DatanodeStateMachine.start(DatanodeStateMachine.java:191)&#10;        at org.apache.hadoop.ozone.container.common.statemachine.DatanodeStateMachine.lambda$startDaemon$0(DatanodeStateMachine.java:349)&#10;        at org.apache.hadoop.ozone.container.common.statemachine.DatanodeStateMachine$$Lambda$139/90628418.run(Unknown Source)&#10;        at java.lang.Thread.run(Thread.java:748)&#10;&quot;pool-26-thread-59&quot;  prio=5 tid=329 in Object.wait()&#10;java.lang.Thread.State: WAITING (on object monitor)&#10;        at sun.misc.Unsafe.park(Native Method)&#10;        at java.util.concurrent.locks.LockSupport.park(LockSupport.java:175)&#10;        at java.util.concurrent.locks.AbstractQueuedSynchronizer$ConditionObject.await(AbstractQueuedSynchronizer.java:2039)&#10;        at java.util.concurrent.ArrayBlockingQueue.take(ArrayBlockingQueue.java:403)&#10;        at java.util.concurrent.ThreadPoolExecutor.getTask(ThreadPoolExecutor.java:1074)&#10;        at java.util.concurrent.ThreadPoolExecutor.runWorker(ThreadPoolExecutor.java:1134)&#10;        at java.util.concurrent.ThreadPoolExecutor$Worker.run(ThreadPoolExecutor.java:624)&#10;        at java.lang.Thread.run(Thread.java:748)&#10;&quot;IPC Parameter Sending Thread #0&quot; daemon prio=5 tid=105 timed_waiting&#10;java.lang.Thread.State: TIMED_WAITING&#10;        at sun.misc.Unsafe.park(Native Method)&#10;        at java.util.concurrent.locks.LockSupport.parkNanos(LockSupport.java:215)&#10;        at java.util.concurrent.SynchronousQueue$TransferStack.awaitFulfill(SynchronousQueue.java:460)&#10;        at java.util.concurrent.SynchronousQueue$TransferStack.transfer(SynchronousQueue.java:362)&#10;        at java.util.concurrent.SynchronousQueue.poll(SynchronousQueue.java:941)&#10;        at java.util.concurrent.ThreadPoolExecutor.getTask(ThreadPoolExecutor.java:1073)&#10;        at java.util.concurrent.ThreadPoolExecutor.runWorker(ThreadPoolExecutor.java:1134)&#10;        at java.util.concurrent.ThreadPoolExecutor$Worker.run(ThreadPoolExecutor.java:624)&#10;        at java.lang.Thread.run(Thread.java:748)&#10;&quot;Thread-214&quot; daemon prio=5 tid=559 timed_waiting&#10;java.lang.Thread.State: TIMED_WAITING&#10;        at sun.misc.Unsafe.park(Native Method)&#10;        at java.util.concurrent.locks.LockSupport.parkNanos(LockSupport.java:215)&#10;        at java.util.concurrent.locks.AbstractQueuedSynchronizer$ConditionObject.awaitNanos(AbstractQueuedSynchronizer.java:2078)&#10;        at java.util.concurrent.ArrayBlockingQueue.poll(ArrayBlockingQueue.java:418)&#10;        at org.apache.ratis.server.impl.LeaderState$EventQueue.poll(LeaderState.java:114)&#10;        at org.apache.ratis.server.impl.LeaderState$EventProcessor.run(LeaderState.java:438)&#10;&quot;StateMachineUpdater-74d2ffc1-745f-4c1a-9401-137b1ece8223-group-EDC286A1F32D&quot; daemon prio=5 tid=553 in Object.wait()&#10;java.lang.Thread.State: WAITING (on object monitor)&#10;        at java.lang.Object.wait(Native Method)&#10;        at java.lang.Object.wait(Object.java:502)&#10;        at org.apache.ratis.server.impl.StateMachineUpdater.run(StateMachineUpdater.java:138)&#10;        at java.lang.Thread.run(Thread.java:748)&#10;&quot;Datanode ReportManager Thread - 3&quot; daemon prio=5 tid=208 in Object.wait()&#10;java.lang.Thread.State: WAITING (on object monitor)&#10;        at sun.misc.Unsafe.park(Native Method)&#10;        at java.util.concurrent.locks.LockSupport.park(LockSupport.java:175)&#10;        at java.util.concurrent.locks.AbstractQueuedSynchronizer$ConditionObject.await(AbstractQueuedSynchronizer.java:2039)&#10;        at java.util.concurrent.ScheduledThreadPoolExecutor$DelayedWorkQueue.take(ScheduledThreadPoolExecutor.java:1088)&#10;        at java.util.concurrent.ScheduledThreadPoolExecutor$DelayedWorkQueue.take(ScheduledThreadPoolExecutor.java:809)&#10;        at java.util.concurrent.ThreadPoolExecutor.getTask(ThreadPoolExecutor.java:1074)&#10;        at java.util.concurrent.ThreadPoolExecutor.runWorker(ThreadPoolExecutor.java:1134)&#10;        at java.util.concurrent.ThreadPoolExecutor$Worker.run(ThreadPoolExecutor.java:624)&#10;        at java.lang.Thread.run(Thread.java:748)&#10;&quot;SCMBlockDeletingService#0&quot; daemon prio=5 tid=101 timed_waiting&#10;java.lang.Thread.State: TIMED_WAITING&#10;        at sun.misc.Unsafe.park(Native Method)&#10;        at java.util.concurrent.locks.LockSupport.parkNanos(LockSupport.java:215)&#10;        at java.util.concurrent.locks.AbstractQueuedSynchronizer$ConditionObject.awaitNanos(AbstractQueuedSynchronizer.java:2078)&#10;        at java.util.concurrent.ScheduledThreadPoolExecutor$DelayedWorkQueue.take(ScheduledThreadPoolExecutor.java:1093)&#10;        at java.util.concurrent.ScheduledThreadPoolExecutor$DelayedWorkQueue.take(ScheduledThreadPoolExecutor.java:809)&#10;        at java.util.concurrent.ThreadPoolExecutor.getTask(ThreadPoolExecutor.java:1074)&#10;        at java.util.concurrent.ThreadPoolExecutor.runWorker(ThreadPoolExecutor.java:1134)&#10;        at java.util.concurrent.ThreadPoolExecutor$Worker.run(ThreadPoolExecutor.java:624)&#10;        at java.lang.Thread.run(Thread.java:748)&#10;&quot;IPC Server handler 16 on 40125&quot; daemon prio=5 tid=46 timed_waiting&#10;java.lang.Thread.State: TIMED_WAITING&#10;        at sun.misc.Unsafe.park(Native Method)&#10;        at java.util.concurrent.locks.LockSupport.parkNanos(LockSupport.java:215)&#10;        at java.util.concurrent.locks.AbstractQueuedSynchronizer$ConditionObject.awaitNanos(AbstractQueuedSynchronizer.java:2078)&#10;        at java.util.concurrent.LinkedBlockingQueue.poll(LinkedBlockingQueue.java:467)&#10;        at org.apache.hadoop.ipc.CallQueueManager.take(CallQueueManager.java:288)&#10;        at org.apache.hadoop.ipc.Server$Handler.run(Server.java:2668)&#10;&quot;pool-89-thread-55&quot;  prio=5 tid=506 in Object.wait()&#10;java.lang.Thread.State: WAITING (on object monitor)&#10;        at sun.misc.Unsafe.park(Native Method)&#10;        at java.util.concurrent.locks.LockSupport.park(LockSupport.java:175)&#10;        at java.util.concurrent.locks.AbstractQueuedSynchronizer$ConditionObject.await(AbstractQueuedSynchronizer.java:2039)&#10;        at java.util.concurrent.ArrayBlockingQueue.take(ArrayBlockingQueue.java:403)&#10;        at java.util.concurrent.ThreadPoolExecutor.getTask(ThreadPoolExecutor.java:1074)&#10;        at java.util.concurrent.ThreadPoolExecutor.runWorker(ThreadPoolExecutor.java:1134)&#10;        at java.util.concurrent.ThreadPoolExecutor$Worker.run(ThreadPoolExecutor.java:624)&#10;        at java.lang.Thread.run(Thread.java:748)&#10;&quot;EventQueue-NewNodeForNewNodeHandler&quot; daemon prio=5 tid=512 in Object.wait()&#10;java.lang.Thread.State: WAITING (on object monitor)&#10;        at sun.misc.Unsafe.park(Native Method)&#10;        at java.util.concurrent.locks.LockSupport.park(LockSupport.java:175)&#10;        at java.util.concurrent.locks.AbstractQueuedSynchronizer$ConditionObject.await(AbstractQueuedSynchronizer.java:2039)&#10;        at java.util.concurrent.LinkedBlockingQueue.take(LinkedBlockingQueue.java:442)&#10;        at java.util.concurrent.ThreadPoolExecutor.getTask(ThreadPoolExecutor.java:1074)&#10;        at java.util.concurrent.ThreadPoolExecutor.runWorker(ThreadPoolExecutor.java:1134)&#10;        at java.util.concurrent.ThreadPoolExecutor$Worker.run(ThreadPoolExecutor.java:624)&#10;        at java.lang.Thread.run(Thread.java:748)&#10;&quot;pool-6-thread-1&quot;  prio=5 tid=27 timed_waiting&#10;java.lang.Thread.State: TIMED_WAITING&#10;        at sun.misc.Unsafe.park(Native Method)&#10;        at java.util.concurrent.locks.LockSupport.parkNanos(LockSupport.java:215)&#10;        at java.util.concurrent.locks.AbstractQueuedSynchronizer$ConditionObject.awaitNanos(AbstractQueuedSynchronizer.java:2078)&#10;        at java.util.concurrent.ScheduledThreadPoolExecutor$DelayedWorkQueue.take(ScheduledThreadPoolExecutor.java:1093)&#10;        at java.util.concurrent.ScheduledThreadPoolExecutor$DelayedWorkQueue.take(ScheduledThreadPoolExecutor.java:809)&#10;        at java.util.concurrent.ThreadPoolExecutor.getTask(ThreadPoolExecutor.java:1074)&#10;        at java.util.concurrent.ThreadPoolExecutor.runWorker(ThreadPoolExecutor.java:1134)&#10;        at java.util.concurrent.ThreadPoolExecutor$Worker.run(ThreadPoolExecutor.java:624)&#10;        at java.lang.Thread.run(Thread.java:748)&#10;&quot;IPC Server handler 4 on 40125&quot; daemon prio=5 tid=34 timed_waiting&#10;java.lang.Thread.State: TIMED_WAITING&#10;        at sun.misc.Unsafe.park(Native Method)&#10;        at java.util.concurrent.locks.LockSupport.parkNanos(LockSupport.java:215)&#10;        at java.util.concurrent.locks.AbstractQueuedSynchronizer$ConditionObject.awaitNanos(AbstractQueuedSynchronizer.java:2078)&#10;        at java.util.concurrent.LinkedBlockingQueue.poll(LinkedBlockingQueue.java:467)&#10;        at org.apache.hadoop.ipc.CallQueueManager.take(CallQueueManager.java:288)&#10;        at org.apache.hadoop.ipc.Server$Handler.run(Server.java:2668)&#10;&quot;pool-47-thread-42&quot;  prio=5 tid=373 in Object.wait()&#10;java.lang.Thread.State: WAITING (on object monitor)&#10;        at sun.misc.Unsafe.park(Native Method)&#10;        at java.util.concurrent.locks.LockSupport.park(LockSupport.java:175)&#10;        at java.util.concurrent.locks.AbstractQueuedSynchronizer$ConditionObject.await(AbstractQueuedSynchronizer.java:2039)&#10;        at java.util.concurrent.ArrayBlockingQueue.take(ArrayBlockingQueue.java:403)&#10;        at java.util.concurrent.ThreadPoolExecutor.getTask(ThreadPoolExecutor.java:1074)&#10;        at java.util.concurrent.ThreadPoolExecutor.runWorker(ThreadPoolExecutor.java:1134)&#10;        at java.util.concurrent.ThreadPoolExecutor$Worker.run(ThreadPoolExecutor.java:624)&#10;        at java.lang.Thread.run(Thread.java:748)&#10;&quot;pool-26-thread-10&quot;  prio=5 tid=280 in Object.wait()&#10;java.lang.Thread.State: WAITING (on object monitor)&#10;        at sun.misc.Unsafe.park(Native Method)&#10;        at java.util.concurrent.locks.LockSupport.park(LockSupport.java:175)&#10;        at java.util.concurrent.locks.AbstractQueuedSynchronizer$ConditionObject.await(AbstractQueuedSynchronizer.java:2039)&#10;        at java.util.concurrent.ArrayBlockingQueue.take(ArrayBlockingQueue.java:403)&#10;        at java.util.concurrent.ThreadPoolExecutor.getTask(ThreadPoolExecutor.java:1074)&#10;        at java.util.concurrent.ThreadPoolExecutor.runWorker(ThreadPoolExecutor.java:1134)&#10;        at java.util.concurrent.ThreadPoolExecutor$Worker.run(ThreadPoolExecutor.java:624)&#10;        at java.lang.Thread.run(Thread.java:748)&#10;&quot;EventQueue-NodeRegistrationContainerReportForDataNodeSafeModeRule&quot; daemon prio=5 tid=515 in Object.wait()&#10;java.lang.Thread.State: WAITING (on object monitor)&#10;        at sun.misc.Unsafe.park(Native Method)&#10;        at java.util.concurrent.locks.LockSupport.park(LockSupport.java:175)&#10;        at java.util.concurrent.locks.AbstractQueuedSynchronizer$ConditionObject.await(AbstractQueuedSynchronizer.java:2039)&#10;        at java.util.concurrent.LinkedBlockingQueue.take(LinkedBlockingQueue.java:442)&#10;        at java.util.concurrent.ThreadPoolExecutor.getTask(ThreadPoolExecutor.java:1074)&#10;        at java.util.concurrent.ThreadPoolExecutor.runWorker(ThreadPoolExecutor.java:1134)&#10;        at java.util.concurrent.ThreadPoolExecutor$Worker.run(ThreadPoolExecutor.java:624)&#10;        at java.lang.Thread.run(Thread.java:748)&#10;&quot;BlockDeletingService#0&quot; daemon prio=5 tid=187 in Object.wait()&#10;java.lang.Thread.State: WAITING (on object monitor)&#10;        at sun.misc.Unsafe.park(Native Method)&#10;        at java.util.concurrent.locks.LockSupport.park(LockSupport.java:175)&#10;        at java.util.concurrent.locks.AbstractQueuedSynchronizer$ConditionObject.await(AbstractQueuedSynchronizer.java:2039)&#10;        at java.util.concurrent.ScheduledThreadPoolExecutor$DelayedWorkQueue.take(ScheduledThreadPoolExecutor.java:1088)&#10;        at java.util.concurrent.ScheduledThreadPoolExecutor$DelayedWorkQueue.take(ScheduledThreadPoolExecutor.java:809)&#10;        at java.util.concurrent.ThreadPoolExecutor.getTask(ThreadPoolExecutor.java:1074)&#10;        at java.util.concurrent.ThreadPoolExecutor.runWorker(ThreadPoolExecutor.java:1134)&#10;        at java.util.concurrent.ThreadPoolExecutor$Worker.run(ThreadPoolExecutor.java:624)&#10;        at java.lang.Thread.run(Thread.java:748)&#10;&quot;qtp790689709-193&quot; daemon prio=5 tid=193 timed_waiting&#10;java.lang.Thread.State: TIMED_WAITING&#10;        at sun.misc.Unsafe.park(Native Method)&#10;        at java.util.concurrent.locks.LockSupport.parkNanos(LockSupport.java:215)&#10;        at java.util.concurrent.locks.AbstractQueuedSynchronizer$ConditionObject.awaitNanos(AbstractQueuedSynchronizer.java:2078)&#10;        at org.eclipse.jetty.util.BlockingArrayQueue.poll(BlockingArrayQueue.java:392)&#10;        at org.eclipse.jetty.util.thread.QueuedThreadPool.idleJobPoll(QueuedThreadPool.java:563)&#10;        at org.eclipse.jetty.util.thread.QueuedThreadPool.access$800(QueuedThreadPool.java:48)&#10;        at org.eclipse.jetty.util.thread.QueuedThreadPool$2.run(QueuedThreadPool.java:626)&#10;        at java.lang.Thread.run(Thread.java:748)&#10;&quot;IPC Server handler 14 on 43271&quot; daemon prio=5 tid=64 timed_waiting&#10;java.lang.Thread.State: TIMED_WAITING&#10;        at sun.misc.Unsafe.park(Native Method)&#10;        at java.util.concurrent.locks.LockSupport.parkNanos(LockSupport.java:215)&#10;        at java.util.concurrent.locks.AbstractQueuedSynchronizer$ConditionObject.awaitNanos(AbstractQueuedSynchronizer.java:2078)&#10;        at java.util.concurrent.LinkedBlockingQueue.poll(LinkedBlockingQueue.java:467)&#10;        at org.apache.hadoop.ipc.CallQueueManager.take(CallQueueManager.java:288)&#10;        at org.apache.hadoop.ipc.Server$Handler.run(Server.java:2668)&#10;&quot;IPC Server handler 2 on 40125&quot; daemon prio=5 tid=32 timed_waiting&#10;java.lang.Thread.State: TIMED_WAITING&#10;        at sun.misc.Unsafe.park(Native Method)&#10;        at java.util.concurrent.locks.LockSupport.parkNanos(LockSupport.java:215)&#10;        at java.util.concurrent.locks.AbstractQueuedSynchronizer$ConditionObject.awaitNanos(AbstractQueuedSynchronizer.java:2078)&#10;        at java.util.concurrent.LinkedBlockingQueue.poll(LinkedBlockingQueue.java:467)&#10;        at org.apache.hadoop.ipc.CallQueueManager.take(CallQueueManager.java:288)&#10;        at org.apache.hadoop.ipc.Server$Handler.run(Server.java:2668)&#10;&quot;qtp1026506187-222&quot; daemon prio=5 tid=222 timed_waiting&#10;java.lang.Thread.State: TIMED_WAITING&#10;        at sun.misc.Unsafe.park(Native Method)&#10;        at java.util.concurrent.locks.LockSupport.parkNanos(LockSupport.java:215)&#10;        at java.util.concurrent.locks.AbstractQueuedSynchronizer$ConditionObject.awaitNanos(AbstractQueuedSynchronizer.java:2078)&#10;        at org.eclipse.jetty.util.BlockingArrayQueue.poll(BlockingArrayQueue.java:392)&#10;        at org.eclipse.jetty.util.thread.QueuedThreadPool.idleJobPoll(QueuedThreadPool.java:563)&#10;        at org.eclipse.jetty.util.thread.QueuedThreadPool.access$800(QueuedThreadPool.java:48)&#10;        at org.eclipse.jetty.util.thread.QueuedThreadPool$2.run(QueuedThreadPool.java:626)&#10;        at java.lang.Thread.run(Thread.java:748)&#10;&quot;IPC Server handler 11 on 40125&quot; daemon prio=5 tid=41 timed_waiting&#10;java.lang.Thread.State: TIMED_WAITING&#10;        at sun.misc.Unsafe.park(Native Method)&#10;        at java.util.concurrent.locks.LockSupport.parkNanos(LockSupport.java:215)&#10;        at java.util.concurrent.locks.AbstractQueuedSynchronizer$ConditionObject.awaitNanos(AbstractQueuedSynchronizer.java:2078)&#10;        at java.util.concurrent.LinkedBlockingQueue.poll(LinkedBlockingQueue.java:467)&#10;        at org.apache.hadoop.ipc.CallQueueManager.take(CallQueueManager.java:288)&#10;        at org.apache.hadoop.ipc.Server$Handler.run(Server.java:2668)&#10;&quot;pool-26-thread-42&quot;  prio=5 tid=312 in Object.wait()&#10;java.lang.Thread.State: WAITING (on object monitor)&#10;        at sun.misc.Unsafe.park(Native Method)&#10;        at java.util.concurrent.locks.LockSupport.park(LockSupport.java:175)&#10;        at java.util.concurrent.locks.AbstractQueuedSynchronizer$ConditionObject.await(AbstractQueuedSynchronizer.java:2039)&#10;        at java.util.concurrent.ArrayBlockingQueue.take(ArrayBlockingQueue.java:403)&#10;        at java.util.concurrent.ThreadPoolExecutor.getTask(ThreadPoolExecutor.java:1074)&#10;        at java.util.concurrent.ThreadPoolExecutor.runWorker(ThreadPoolExecutor.java:1134)&#10;        at java.util.concurrent.ThreadPoolExecutor$Worker.run(ThreadPoolExecutor.java:624)&#10;        at java.lang.Thread.run(Thread.java:748)&#10;&quot;IPC Server handler 13 on 42937&quot; daemon prio=5 tid=127 timed_waiting&#10;java.lang.Thread.State: TIMED_WAITING&#10;        at sun.misc.Unsafe.park(Native Method)&#10;        at java.util.concurrent.locks.LockSupport.parkNanos(LockSupport.java:215)&#10;        at java.util.concurrent.locks.AbstractQueuedSynchronizer$ConditionObject.awaitNanos(AbstractQueuedSynchronizer.java:2078)&#10;        at java.util.concurrent.LinkedBlockingQueue.poll(LinkedBlockingQueue.java:467)&#10;        at org.apache.hadoop.ipc.CallQueueManager.take(CallQueueManager.java:288)&#10;        at org.apache.hadoop.ipc.Server$Handler.run(Server.java:2668)&#10;&quot;IPC Server idle connection scanner for port 34963&quot; daemon prio=5 tid=17 timed_waiting&#10;java.lang.Thread.State: TIMED_WAITING&#10;        at java.lang.Object.wait(Native Method)&#10;        at java.util.TimerThread.mainLoop(Timer.java:552)&#10;        at java.util.TimerThread.run(Timer.java:505)&#10;&quot;pool-47-thread-53&quot;  prio=5 tid=384 in Object.wait()&#10;java.lang.Thread.State: WAITING (on object monitor)&#10;        at sun.misc.Unsafe.park(Native Method)&#10;        at java.util.concurrent.locks.LockSupport.park(LockSupport.java:175)&#10;        at java.util.concurrent.locks.AbstractQueuedSynchronizer$ConditionObject.await(AbstractQueuedSynchronizer.java:2039)&#10;        at java.util.concurrent.ArrayBlockingQueue.take(ArrayBlockingQueue.java:403)&#10;        at java.util.concurrent.ThreadPoolExecutor.getTask(ThreadPoolExecutor.java:1074)&#10;        at java.util.concurrent.ThreadPoolExecutor.runWorker(ThreadPoolExecutor.java:1134)&#10;        at java.util.concurrent.ThreadPoolExecutor$Worker.run(ThreadPoolExecutor.java:624)&#10;        at java.lang.Thread.run(Thread.java:748)&#10;&quot;pool-47-thread-9&quot;  prio=5 tid=340 in Object.wait()&#10;java.lang.Thread.State: WAITING (on object monitor)&#10;        at sun.misc.Unsafe.park(Native Method)&#10;        at java.util.concurrent.locks.LockSupport.park(LockSupport.java:175)&#10;        at java.util.concurrent.locks.AbstractQueuedSynchronizer$ConditionObject.await(AbstractQueuedSynchronizer.java:2039)&#10;        at java.util.concurrent.ArrayBlockingQueue.take(ArrayBlockingQueue.java:403)&#10;        at java.util.concurrent.ThreadPoolExecutor.getTask(ThreadPoolExecutor.java:1074)&#10;        at java.util.concurrent.ThreadPoolExecutor.runWorker(ThreadPoolExecutor.java:1134)&#10;        at java.util.concurrent.ThreadPoolExecutor$Worker.run(ThreadPoolExecutor.java:624)&#10;        at java.lang.Thread.run(Thread.java:748)&#10;&quot;pool-68-thread-37&quot;  prio=5 tid=428 in Object.wait()&#10;java.lang.Thread.State: WAITING (on object monitor)&#10;        at sun.misc.Unsafe.park(Native Method)&#10;        at java.util.concurrent.locks.LockSupport.park(LockSupport.java:175)&#10;        at java.util.concurrent.locks.AbstractQueuedSynchronizer$ConditionObject.await(AbstractQueuedSynchronizer.java:2039)&#10;        at java.util.concurrent.ArrayBlockingQueue.take(ArrayBlockingQueue.java:403)&#10;        at java.util.concurrent.ThreadPoolExecutor.getTask(ThreadPoolExecutor.java:1074)&#10;        at java.util.concurrent.ThreadPoolExecutor.runWorker(ThreadPoolExecutor.java:1134)&#10;        at java.util.concurrent.ThreadPoolExecutor$Worker.run(ThreadPoolExecutor.java:624)&#10;        at java.lang.Thread.run(Thread.java:748)&#10;&quot;qtp1026506187-224&quot; daemon prio=5 tid=224 timed_waiting&#10;java.lang.Thread.State: TIMED_WAITING&#10;        at sun.misc.Unsafe.park(Native Method)&#10;        at java.util.concurrent.locks.LockSupport.parkNanos(LockSupport.java:215)&#10;        at java.util.concurrent.locks.AbstractQueuedSynchronizer$ConditionObject.awaitNanos(AbstractQueuedSynchronizer.java:2078)&#10;        at org.eclipse.jetty.util.BlockingArrayQueue.poll(BlockingArrayQueue.java:392)&#10;        at org.eclipse.jetty.util.thread.QueuedThreadPool.idleJobPoll(QueuedThreadPool.java:563)&#10;        at org.eclipse.jetty.util.thread.QueuedThreadPool.access$800(QueuedThreadPool.java:48)&#10;        at org.eclipse.jetty.util.thread.QueuedThreadPool$2.run(QueuedThreadPool.java:626)&#10;        at java.lang.Thread.run(Thread.java:748)&#10;&quot;org.apache.ratis.server.impl.LogAppender$$Lambda$331/480809785@30758c2b&quot; daemon prio=5 tid=568 timed_waiting&#10;java.lang.Thread.State: TIMED_WAITING&#10;        at java.lang.Object.wait(Native Method)&#10;        at org.apache.ratis.grpc.server.GrpcLogAppender.mayWait(GrpcLogAppender.java:140)&#10;        at org.apache.ratis.grpc.server.GrpcLogAppender.runAppenderImpl(GrpcLogAppender.java:94)&#10;        at org.apache.ratis.server.impl.LogAppender.runAppender(LogAppender.java:101)&#10;        at org.apache.ratis.server.impl.LogAppender$$Lambda$331/480809785.run(Unknown Source)&#10;        at java.lang.Thread.run(Thread.java:748)&#10;&quot;0648b2e2-fdfc-41ec-97df-bc2f9c4ea8df-RaftLogWorker&quot;  prio=5 tid=525 timed_waiting&#10;java.lang.Thread.State: TIMED_WAITING&#10;        at sun.misc.Unsafe.park(Native Method)&#10;        at java.util.concurrent.locks.LockSupport.parkNanos(LockSupport.java:215)&#10;        at java.util.concurrent.locks.AbstractQueuedSynchronizer$ConditionObject.awaitNanos(AbstractQueuedSynchronizer.java:2078)&#10;        at org.apache.ratis.util.DataBlockingQueue.poll(DataBlockingQueue.java:137)&#10;        at org.apache.ratis.server.storage.RaftLogWorker.run(RaftLogWorker.java:216)&#10;        at java.lang.Thread.run(Thread.java:748)&#10;&quot;Thread-221&quot; daemon prio=5 tid=566 timed_waiting&#10;java.lang.Thread.State: TIMED_WAITING&#10;        at java.lang.Thread.sleep(Native Method)&#10;        at org.apache.ratis.server.impl.FollowerState.run(FollowerState.java:94)&#10;&quot;pool-47-thread-23&quot;  prio=5 tid=354 in Object.wait()&#10;java.lang.Thread.State: WAITING (on object monitor)&#10;        at sun.misc.Unsafe.park(Native Method)&#10;        at java.util.concurrent.locks.LockSupport.park(LockSupport.java:175)&#10;        at java.util.concurrent.locks.AbstractQueuedSynchronizer$ConditionObject.await(AbstractQueuedSynchronizer.java:2039)&#10;        at java.util.concurrent.ArrayBlockingQueue.take(ArrayBlockingQueue.java:403)&#10;        at java.util.concurrent.ThreadPoolExecutor.getTask(ThreadPoolExecutor.java:1074)&#10;        at java.util.concurrent.ThreadPoolExecutor.runWorker(ThreadPoolExecutor.java:1134)&#10;        at java.util.concurrent.ThreadPoolExecutor$Worker.run(ThreadPoolExecutor.java:624)&#10;        at java.lang.Thread.run(Thread.java:748)&#10;&quot;qtp1894788146-92&quot; daemon prio=5 tid=92 timed_waiting&#10;java.lang.Thread.State: TIMED_WAITING&#10;        at sun.misc.Unsafe.park(Native Method)&#10;        at java.util.concurrent.locks.LockSupport.parkNanos(LockSupport.java:215)&#10;        at java.util.concurrent.locks.AbstractQueuedSynchronizer$ConditionObject.awaitNanos(AbstractQueuedSynchronizer.java:2078)&#10;        at org.eclipse.jetty.util.BlockingArrayQueue.poll(BlockingArrayQueue.java:392)&#10;        at org.eclipse.jetty.util.thread.QueuedThreadPool.idleJobPoll(QueuedThreadPool.java:563)&#10;        at org.eclipse.jetty.util.thread.QueuedThreadPool.access$800(QueuedThreadPool.java:48)&#10;        at org.eclipse.jetty.util.thread.QueuedThreadPool$2.run(QueuedThreadPool.java:626)&#10;        at java.lang.Thread.run(Thread.java:748)&#10;&quot;Thread-220&quot; daemon prio=5 tid=565 timed_waiting&#10;java.lang.Thread.State: TIMED_WAITING&#10;        at java.lang.Thread.sleep(Native Method)&#10;        at org.apache.ratis.server.impl.FollowerState.run(FollowerState.java:94)&#10;&quot;qtp1026506187-221-acceptor-0@2a8781a5-ServerConnector@24406a85{HTTP/1.1,[http/1.1]}{0.0.0.0:38231}&quot; daemon prio=3 tid=221 runnable&#10;java.lang.Thread.State: RUNNABLE&#10;        at sun.nio.ch.ServerSocketChannelImpl.accept0(Native Method)&#10;        at sun.nio.ch.ServerSocketChannelImpl.accept(ServerSocketChannelImpl.java:422)&#10;        at sun.nio.ch.ServerSocketChannelImpl.accept(ServerSocketChannelImpl.java:250)&#10;        at org.eclipse.jetty.server.ServerConnector.accept(ServerConnector.java:397)&#10;        at org.eclipse.jetty.server.AbstractConnector$Acceptor.run(AbstractConnector.java:601)&#10;        at org.eclipse.jetty.util.thread.QueuedThreadPool.runJob(QueuedThreadPool.java:671)&#10;        at org.eclipse.jetty.util.thread.QueuedThreadPool$2.run(QueuedThreadPool.java:589)&#10;        at java.lang.Thread.run(Thread.java:748)&#10;&quot;pool-47-thread-7&quot;  prio=5 tid=338 in Object.wait()&#10;java.lang.Thread.State: WAITING (on object monitor)&#10;        at sun.misc.Unsafe.park(Native Method)&#10;        at java.util.concurrent.locks.LockSupport.park(LockSupport.java:175)&#10;        at java.util.concurrent.locks.AbstractQueuedSynchronizer$ConditionObject.await(AbstractQueuedSynchronizer.java:2039)&#10;        at java.util.concurrent.ArrayBlockingQueue.take(ArrayBlockingQueue.java:403)&#10;        at java.util.concurrent.ThreadPoolExecutor.getTask(ThreadPoolExecutor.java:1074)&#10;        at java.util.concurrent.ThreadPoolExecutor.runWorker(ThreadPoolExecutor.java:1134)&#10;        at java.util.concurrent.ThreadPoolExecutor$Worker.run(ThreadPoolExecutor.java:624)&#10;        at java.lang.Thread.run(Thread.java:748)&#10;&quot;qtp790689709-192&quot; daemon prio=5 tid=192 timed_waiting&#10;java.lang.Thread.State: TIMED_WAITING&#10;        at sun.misc.Unsafe.park(Native Method)&#10;        at java.util.concurrent.locks.LockSupport.parkNanos(LockSupport.java:215)&#10;        at java.util.concurrent.locks.AbstractQueuedSynchronizer$ConditionObject.awaitNanos(AbstractQueuedSynchronizer.java:2078)&#10;        at org.eclipse.jetty.util.BlockingArrayQueue.poll(BlockingArrayQueue.java:392)&#10;        at org.eclipse.jetty.util.thread.QueuedThreadPool.idleJobPoll(QueuedThreadPool.java:563)&#10;        at org.eclipse.jetty.util.thread.QueuedThreadPool.access$800(QueuedThreadPool.java:48)&#10;        at org.eclipse.jetty.util.thread.QueuedThreadPool$2.run(QueuedThreadPool.java:626)&#10;        at java.lang.Thread.run(Thread.java:748)&#10;&quot;IPC Server handler 13 on 34963&quot; daemon prio=5 tid=83 timed_waiting&#10;java.lang.Thread.State: TIMED_WAITING&#10;        at sun.misc.Unsafe.park(Native Method)&#10;        at java.util.concurrent.locks.LockSupport.parkNanos(LockSupport.java:215)&#10;        at java.util.concurrent.locks.AbstractQueuedSynchronizer$ConditionObject.awaitNanos(AbstractQueuedSynchronizer.java:2078)&#10;        at java.util.concurrent.LinkedBlockingQueue.poll(LinkedBlockingQueue.java:467)&#10;        at org.apache.hadoop.ipc.CallQueueManager.take(CallQueueManager.java:288)&#10;        at org.apache.hadoop.ipc.Server$Handler.run(Server.java:2668)&#10;&quot;pool-89-thread-10&quot;  prio=5 tid=461 in Object.wait()&#10;java.lang.Thread.State: WAITING (on object monitor)&#10;        at sun.misc.Unsafe.park(Native Method)&#10;        at java.util.concurrent.locks.LockSupport.park(LockSupport.java:175)&#10;        at java.util.concurrent.locks.AbstractQueuedSynchronizer$ConditionObject.await(AbstractQueuedSynchronizer.java:2039)&#10;        at java.util.concurrent.ArrayBlockingQueue.take(ArrayBlockingQueue.java:403)&#10;        at java.util.concurrent.ThreadPoolExecutor.getTask(ThreadPoolExecutor.java:1074)&#10;        at java.util.concurrent.ThreadPoolExecutor.runWorker(ThreadPoolExecutor.java:1134)&#10;        at java.util.concurrent.ThreadPoolExecutor$Worker.run(ThreadPoolExecutor.java:624)&#10;        at java.lang.Thread.run(Thread.java:748)&#10;&quot;pool-47-thread-39&quot;  prio=5 tid=370 in Object.wait()&#10;java.lang.Thread.State: WAITING (on object monitor)&#10;        at sun.misc.Unsafe.park(Native Method)&#10;        at java.util.concurrent.locks.LockSupport.park(LockSupport.java:175)&#10;        at java.util.concurrent.locks.AbstractQueuedSynchronizer$ConditionObject.await(AbstractQueuedSynchronizer.java:2039)&#10;        at java.util.concurrent.ArrayBlockingQueue.take(ArrayBlockingQueue.java:403)&#10;        at java.util.concurrent.ThreadPoolExecutor.getTask(ThreadPoolExecutor.java:1074)&#10;        at java.util.concurrent.ThreadPoolExecutor.runWorker(ThreadPoolExecutor.java:1134)&#10;        at java.util.concurrent.ThreadPoolExecutor$Worker.run(ThreadPoolExecutor.java:624)&#10;        at java.lang.Thread.run(Thread.java:748)&#10;&quot;pool-89-thread-2&quot;  prio=5 tid=453 in Object.wait()&#10;java.lang.Thread.State: WAITING (on object monitor)&#10;        at sun.misc.Unsafe.park(Native Method)&#10;        at java.util.concurrent.locks.LockSupport.park(LockSupport.java:175)&#10;        at java.util.concurrent.locks.AbstractQueuedSynchronizer$ConditionObject.await(AbstractQueuedSynchronizer.java:2039)&#10;        at java.util.concurrent.ArrayBlockingQueue.take(ArrayBlockingQueue.java:403)&#10;        at java.util.concurrent.ThreadPoolExecutor.getTask(ThreadPoolExecutor.java:1074)&#10;        at java.util.concurrent.ThreadPoolExecutor.runWorker(ThreadPoolExecutor.java:1134)&#10;        at java.util.concurrent.ThreadPoolExecutor$Worker.run(ThreadPoolExecutor.java:624)&#10;        at java.lang.Thread.run(Thread.java:748)&#10;&quot;pool-47-thread-59&quot;  prio=5 tid=390 in Object.wait()&#10;java.lang.Thread.State: WAITING (on object monitor)&#10;        at sun.misc.Unsafe.park(Native Method)&#10;        at java.util.concurrent.locks.LockSupport.park(LockSupport.java:175)&#10;        at java.util.concurrent.locks.AbstractQueuedSynchronizer$ConditionObject.await(AbstractQueuedSynchronizer.java:2039)&#10;        at java.util.concurrent.ArrayBlockingQueue.take(ArrayBlockingQueue.java:403)&#10;        at java.util.concurrent.ThreadPoolExecutor.getTask(ThreadPoolExecutor.java:1074)&#10;        at java.util.concurrent.ThreadPoolExecutor.runWorker(ThreadPoolExecutor.java:1134)&#10;        at java.util.concurrent.ThreadPoolExecutor$Worker.run(ThreadPoolExecutor.java:624)&#10;        at java.lang.Thread.run(Thread.java:748)&#10;&quot;qtp1026506187-227&quot; daemon prio=5 tid=227 timed_waiting&#10;java.lang.Thread.State: TIMED_WAITING&#10;        at sun.misc.Unsafe.park(Native Method)&#10;        at java.util.concurrent.locks.LockSupport.parkNanos(LockSupport.java:215)&#10;        at java.util.concurrent.locks.AbstractQueuedSynchronizer$ConditionObject.awaitNanos(AbstractQueuedSynchronizer.java:2078)&#10;        at org.eclipse.jetty.util.BlockingArrayQueue.poll(BlockingArrayQueue.java:392)&#10;        at org.eclipse.jetty.util.thread.QueuedThreadPool.idleJobPoll(QueuedThreadPool.java:563)&#10;        at org.eclipse.jetty.util.thread.QueuedThreadPool.access$800(QueuedThreadPool.java:48)&#10;        at org.eclipse.jetty.util.thread.QueuedThreadPool$2.run(QueuedThreadPool.java:626)&#10;        at java.lang.Thread.run(Thread.java:748)&#10;&quot;pool-62-thread-1&quot;  prio=5 tid=189 timed_waiting&#10;java.lang.Thread.State: TIMED_WAITING&#10;        at sun.misc.Unsafe.park(Native Method)&#10;        at java.util.concurrent.locks.LockSupport.parkNanos(LockSupport.java:215)&#10;        at java.util.concurrent.locks.AbstractQueuedSynchronizer$ConditionObject.awaitNanos(AbstractQueuedSynchronizer.java:2078)&#10;        at java.util.concurrent.ScheduledThreadPoolExecutor$DelayedWorkQueue.take(ScheduledThreadPoolExecutor.java:1093)&#10;        at java.util.concurrent.ScheduledThreadPoolExecutor$DelayedWorkQueue.take(ScheduledThreadPoolExecutor.java:809)&#10;        at java.util.concurrent.ThreadPoolExecutor.getTask(ThreadPoolExecutor.java:1074)&#10;        at java.util.concurrent.ThreadPoolExecutor.runWorker(ThreadPoolExecutor.java:1134)&#10;        at java.util.concurrent.ThreadPoolExecutor$Worker.run(ThreadPoolExecutor.java:624)&#10;        at java.lang.Thread.run(Thread.java:748)&#10;&quot;IPC Server handler 12 on 34963&quot; daemon prio=5 tid=82 timed_waiting&#10;java.lang.Thread.State: TIMED_WAITING&#10;        at sun.misc.Unsafe.park(Native Method)&#10;        at java.util.concurrent.locks.LockSupport.parkNanos(LockSupport.java:215)&#10;        at java.util.concurrent.locks.AbstractQueuedSynchronizer$ConditionObject.awaitNanos(AbstractQueuedSynchronizer.java:2078)&#10;        at java.util.concurrent.LinkedBlockingQueue.poll(LinkedBlockingQueue.java:467)&#10;        at org.apache.hadoop.ipc.CallQueueManager.take(CallQueueManager.java:288)&#10;        at org.apache.hadoop.ipc.Server$Handler.run(Server.java:2668)&#10;&quot;pool-68-thread-40&quot;  prio=5 tid=431 in Object.wait()&#10;java.lang.Thread.State: WAITING (on object monitor)&#10;        at sun.misc.Unsafe.park(Native Method)&#10;        at java.util.concurrent.locks.LockSupport.park(LockSupport.java:175)&#10;        at java.util.concurrent.locks.AbstractQueuedSynchronizer$ConditionObject.await(AbstractQueuedSynchronizer.java:2039)&#10;        at java.util.concurrent.ArrayBlockingQueue.take(ArrayBlockingQueue.java:403)&#10;        at java.util.concurrent.ThreadPoolExecutor.getTask(ThreadPoolExecutor.java:1074)&#10;        at java.util.concurrent.ThreadPoolExecutor.runWorker(ThreadPoolExecutor.java:1134)&#10;        at java.util.concurrent.ThreadPoolExecutor$Worker.run(ThreadPoolExecutor.java:624)&#10;        at java.lang.Thread.run(Thread.java:748)&#10;&quot;qtp1018742990-164&quot; daemon prio=5 tid=164 timed_waiting&#10;java.lang.Thread.State: TIMED_WAITING&#10;        at sun.misc.Unsafe.park(Native Method)&#10;        at java.util.concurrent.locks.LockSupport.parkNanos(LockSupport.java:215)&#10;        at java.util.concurrent.locks.AbstractQueuedSynchronizer$ConditionObject.awaitNanos(AbstractQueuedSynchronizer.java:2078)&#10;        at org.eclipse.jetty.util.BlockingArrayQueue.poll(BlockingArrayQueue.java:392)&#10;        at org.eclipse.jetty.util.thread.QueuedThreadPool.idleJobPoll(QueuedThreadPool.java:563)&#10;        at org.eclipse.jetty.util.thread.QueuedThreadPool.access$800(QueuedThreadPool.java:48)&#10;        at org.eclipse.jetty.util.thread.QueuedThreadPool$2.run(QueuedThreadPool.java:626)&#10;        at java.lang.Thread.run(Thread.java:748)&#10;&quot;qtp1894788146-94&quot; daemon prio=5 tid=94 timed_waiting&#10;java.lang.Thread.State: TIMED_WAITING&#10;        at sun.misc.Unsafe.park(Native Method)&#10;        at java.util.concurrent.locks.LockSupport.parkNanos(LockSupport.java:215)&#10;        at java.util.concurrent.locks.AbstractQueuedSynchronizer$ConditionObject.awaitNanos(AbstractQueuedSynchronizer.java:2078)&#10;        at org.eclipse.jetty.util.BlockingArrayQueue.poll(BlockingArrayQueue.java:392)&#10;        at org.eclipse.jetty.util.thread.QueuedThreadPool.idleJobPoll(QueuedThreadPool.java:563)&#10;        at org.eclipse.jetty.util.thread.QueuedThreadPool.access$800(QueuedThreadPool.java:48)&#10;        at org.eclipse.jetty.util.thread.QueuedThreadPool$2.run(QueuedThreadPool.java:626)&#10;        at java.lang.Thread.run(Thread.java:748)&#10;&quot;pool-89-thread-36&quot;  prio=5 tid=487 in Object.wait()&#10;java.lang.Thread.State: WAITING (on object monitor)&#10;        at sun.misc.Unsafe.park(Native Method)&#10;        at java.util.concurrent.locks.LockSupport.park(LockSupport.java:175)&#10;        at java.util.concurrent.locks.AbstractQueuedSynchronizer$ConditionObject.await(AbstractQueuedSynchronizer.java:2039)&#10;        at java.util.concurrent.ArrayBlockingQueue.take(ArrayBlockingQueue.java:403)&#10;        at java.util.concurrent.ThreadPoolExecutor.getTask(ThreadPoolExecutor.java:1074)&#10;        at java.util.concurrent.ThreadPoolExecutor.runWorker(ThreadPoolExecutor.java:1134)&#10;        at java.util.concurrent.ThreadPoolExecutor$Worker.run(ThreadPoolExecutor.java:624)&#10;        at java.lang.Thread.run(Thread.java:748)&#10;&quot;pool-47-thread-55&quot;  prio=5 tid=386 in Object.wait()&#10;java.lang.Thread.State: WAITING (on object monitor)&#10;        at sun.misc.Unsafe.park(Native Method)&#10;        at java.util.concurrent.locks.LockSupport.park(LockSupport.java:175)&#10;        at java.util.concurrent.locks.AbstractQueuedSynchronizer$ConditionObject.await(AbstractQueuedSynchronizer.java:2039)&#10;        at java.util.concurrent.ArrayBlockingQueue.take(ArrayBlockingQueue.java:403)&#10;        at java.util.concurrent.ThreadPoolExecutor.getTask(ThreadPoolExecutor.java:1074)&#10;        at java.util.concurrent.ThreadPoolExecutor.runWorker(ThreadPoolExecutor.java:1134)&#10;        at java.util.concurrent.ThreadPoolExecutor$Worker.run(ThreadPoolExecutor.java:624)&#10;        at java.lang.Thread.run(Thread.java:748)&#10;&quot;surefire-forkedjvm-ping-30s&quot; daemon prio=5 tid=9 timed_waiting&#10;java.lang.Thread.State: TIMED_WAITING&#10;        at sun.misc.Unsafe.park(Native Method)&#10;        at java.util.concurrent.locks.LockSupport.parkNanos(LockSupport.java:215)&#10;        at java.util.concurrent.locks.AbstractQueuedSynchronizer$ConditionObject.awaitNanos(AbstractQueuedSynchronizer.java:2078)&#10;        at java.util.concurrent.ScheduledThreadPoolExecutor$DelayedWorkQueue.take(ScheduledThreadPoolExecutor.java:1093)&#10;        at java.util.concurrent.ScheduledThreadPoolExecutor$DelayedWorkQueue.take(ScheduledThreadPoolExecutor.java:809)&#10;        at java.util.concurrent.ThreadPoolExecutor.getTask(ThreadPoolExecutor.java:1074)&#10;        at java.util.concurrent.ThreadPoolExecutor.runWorker(ThreadPoolExecutor.java:1134)&#10;        at java.util.concurrent.ThreadPoolExecutor$Worker.run(ThreadPoolExecutor.java:624)&#10;        at java.lang.Thread.run(Thread.java:748)&#10;&quot;Thread-212&quot; daemon prio=5 tid=557 timed_waiting&#10;java.lang.Thread.State: TIMED_WAITING&#10;        at sun.misc.Unsafe.park(Native Method)&#10;        at java.util.concurrent.locks.LockSupport.parkNanos(LockSupport.java:215)&#10;        at java.util.concurrent.locks.AbstractQueuedSynchronizer$ConditionObject.awaitNanos(AbstractQueuedSynchronizer.java:2078)&#10;        at java.util.concurrent.ArrayBlockingQueue.poll(ArrayBlockingQueue.java:418)&#10;        at org.apache.ratis.server.impl.LeaderState$EventQueue.poll(LeaderState.java:114)&#10;        at org.apache.ratis.server.impl.LeaderState$EventProcessor.run(LeaderState.java:438)&#10;&quot;pool-89-thread-57&quot;  prio=5 tid=508 in Object.wait()&#10;java.lang.Thread.State: WAITING (on object monitor)&#10;        at sun.misc.Unsafe.park(Native Method)&#10;        at java.util.concurrent.locks.LockSupport.park(LockSupport.java:175)&#10;        at java.util.concurrent.locks.AbstractQueuedSynchronizer$ConditionObject.await(AbstractQueuedSynchronizer.java:2039)&#10;        at java.util.concurrent.ArrayBlockingQueue.take(ArrayBlockingQueue.java:403)&#10;        at java.util.concurrent.ThreadPoolExecutor.getTask(ThreadPoolExecutor.java:1074)&#10;        at java.util.concurrent.ThreadPoolExecutor.runWorker(ThreadPoolExecutor.java:1134)&#10;        at java.util.concurrent.ThreadPoolExecutor$Worker.run(ThreadPoolExecutor.java:624)&#10;        at java.lang.Thread.run(Thread.java:748)&#10;&quot;BlockDeletingService#1&quot; daemon prio=5 tid=158 timed_waiting&#10;java.lang.Thread.State: TIMED_WAITING&#10;        at sun.misc.Unsafe.park(Native Method)&#10;        at java.util.concurrent.locks.LockSupport.parkNanos(LockSupport.java:215)&#10;        at java.util.concurrent.locks.AbstractQueuedSynchronizer$ConditionObject.awaitNanos(AbstractQueuedSynchronizer.java:2078)&#10;        at java.util.concurrent.ScheduledThreadPoolExecutor$DelayedWorkQueue.take(ScheduledThreadPoolExecutor.java:1093)&#10;        at java.util.concurrent.ScheduledThreadPoolExecutor$DelayedWorkQueue.take(ScheduledThreadPoolExecutor.java:809)&#10;        at java.util.concurrent.ThreadPoolExecutor.getTask(ThreadPoolExecutor.java:1074)&#10;        at java.util.concurrent.ThreadPoolExecutor.runWorker(ThreadPoolExecutor.java:1134)&#10;        at java.util.concurrent.ThreadPoolExecutor$Worker.run(ThreadPoolExecutor.java:624)&#10;        at java.lang.Thread.run(Thread.java:748)&#10;&quot;IPC Server handler 8 on 42937&quot; daemon prio=5 tid=122 timed_waiting&#10;java.lang.Thread.State: TIMED_WAITING&#10;        at sun.misc.Unsafe.park(Native Method)&#10;        at java.util.concurrent.locks.LockSupport.parkNanos(LockSupport.java:215)&#10;        at java.util.concurrent.locks.AbstractQueuedSynchronizer$ConditionObject.awaitNanos(AbstractQueuedSynchronizer.java:2078)&#10;        at java.util.concurrent.LinkedBlockingQueue.poll(LinkedBlockingQueue.java:467)&#10;        at org.apache.hadoop.ipc.CallQueueManager.take(CallQueueManager.java:288)&#10;        at org.apache.hadoop.ipc.Server$Handler.run(Server.java:2668)&#10;&quot;pool-89-thread-4&quot;  prio=5 tid=455 in Object.wait()&#10;java.lang.Thread.State: WAITING (on object monitor)&#10;        at sun.misc.Unsafe.park(Native Method)&#10;        at java.util.concurrent.locks.LockSupport.park(LockSupport.java:175)&#10;        at java.util.concurrent.locks.AbstractQueuedSynchronizer$ConditionObject.await(AbstractQueuedSynchronizer.java:2039)&#10;        at java.util.concurrent.ArrayBlockingQueue.take(ArrayBlockingQueue.java:403)&#10;        at java.util.concurrent.ThreadPoolExecutor.getTask(ThreadPoolExecutor.java:1074)&#10;        at java.util.concurrent.ThreadPoolExecutor.runWorker(ThreadPoolExecutor.java:1134)&#10;        at java.util.concurrent.ThreadPoolExecutor$Worker.run(ThreadPoolExecutor.java:624)&#10;        at java.lang.Thread.run(Thread.java:748)&#10;&quot;IPC Server handler 5 on 43271&quot; daemon prio=5 tid=55 timed_waiting&#10;java.lang.Thread.State: TIMED_WAITING&#10;        at sun.misc.Unsafe.park(Native Method)&#10;        at java.util.concurrent.locks.LockSupport.parkNanos(LockSupport.java:215)&#10;        at java.util.concurrent.locks.AbstractQueuedSynchronizer$ConditionObject.awaitNanos(AbstractQueuedSynchronizer.java:2078)&#10;        at java.util.concurrent.LinkedBlockingQueue.poll(LinkedBlockingQueue.java:467)&#10;        at org.apache.hadoop.ipc.CallQueueManager.take(CallQueueManager.java:288)&#10;        at org.apache.hadoop.ipc.Server$Handler.run(Server.java:2668)&#10;&quot;pool-26-thread-2&quot;  prio=5 tid=272 in Object.wait()&#10;java.lang.Thread.State: WAITING (on object monitor)&#10;        at sun.misc.Unsafe.park(Native Method)&#10;        at java.util.concurrent.locks.LockSupport.park(LockSupport.java:175)&#10;        at java.util.concurrent.locks.AbstractQueuedSynchronizer$ConditionObject.await(AbstractQueuedSynchronizer.java:2039)&#10;        at java.util.concurrent.ArrayBlockingQueue.take(ArrayBlockingQueue.java:403)&#10;        at java.util.concurrent.ThreadPoolExecutor.getTask(ThreadPoolExecutor.java:1074)&#10;        at java.util.concurrent.ThreadPoolExecutor.runWorker(ThreadPoolExecutor.java:1134)&#10;        at java.util.concurrent.ThreadPoolExecutor$Worker.run(ThreadPoolExecutor.java:624)&#10;        at java.lang.Thread.run(Thread.java:748)&#10;&quot;qtp1026506187-223&quot; daemon prio=5 tid=223 timed_waiting&#10;java.lang.Thread.State: TIMED_WAITING&#10;        at sun.misc.Unsafe.park(Native Method)&#10;        at java.util.concurrent.locks.LockSupport.parkNanos(LockSupport.java:215)&#10;        at java.util.concurrent.locks.AbstractQueuedSynchronizer$ConditionObject.awaitNanos(AbstractQueuedSynchronizer.java:2078)&#10;        at org.eclipse.jetty.util.BlockingArrayQueue.poll(BlockingArrayQueue.java:392)&#10;        at org.eclipse.jetty.util.thread.QueuedThreadPool.idleJobPoll(QueuedThreadPool.java:563)&#10;        at org.eclipse.jetty.util.thread.QueuedThreadPool.access$800(QueuedThreadPool.java:48)&#10;        at org.eclipse.jetty.util.thread.QueuedThreadPool$2.run(QueuedThreadPool.java:626)&#10;        at java.lang.Thread.run(Thread.java:748)&#10;&quot;pool-47-thread-10&quot;  prio=5 tid=341 in Object.wait()&#10;java.lang.Thread.State: WAITING (on object monitor)&#10;        at sun.misc.Unsafe.park(Native Method)&#10;        at java.util.concurrent.locks.LockSupport.park(LockSupport.java:175)&#10;        at java.util.concurrent.locks.AbstractQueuedSynchronizer$ConditionObject.await(AbstractQueuedSynchronizer.java:2039)&#10;        at java.util.concurrent.ArrayBlockingQueue.take(ArrayBlockingQueue.java:403)&#10;        at java.util.concurrent.ThreadPoolExecutor.getTask(ThreadPoolExecutor.java:1074)&#10;        at java.util.concurrent.ThreadPoolExecutor.runWorker(ThreadPoolExecutor.java:1134)&#10;        at java.util.concurrent.ThreadPoolExecutor$Worker.run(ThreadPoolExecutor.java:624)&#10;        at java.lang.Thread.run(Thread.java:748)&#10;&quot;pool-89-thread-16&quot;  prio=5 tid=467 in Object.wait()&#10;java.lang.Thread.State: WAITING (on object monitor)&#10;        at sun.misc.Unsafe.park(Native Method)&#10;        at java.util.concurrent.locks.LockSupport.park(LockSupport.java:175)&#10;        at java.util.concurrent.locks.AbstractQueuedSynchronizer$ConditionObject.await(AbstractQueuedSynchronizer.java:2039)&#10;        at java.util.concurrent.ArrayBlockingQueue.take(ArrayBlockingQueue.java:403)&#10;        at java.util.concurrent.ThreadPoolExecutor.getTask(ThreadPoolExecutor.java:1074)&#10;        at java.util.concurrent.ThreadPoolExecutor.runWorker(ThreadPoolExecutor.java:1134)&#10;        at java.util.concurrent.ThreadPoolExecutor$Worker.run(ThreadPoolExecutor.java:624)&#10;        at java.lang.Thread.run(Thread.java:748)&#10;&quot;IPC Server listener on 40125&quot; daemon prio=5 tid=23 runnable&#10;java.lang.Thread.State: RUNNABLE&#10;        at sun.nio.ch.EPollArrayWrapper.epollWait(Native Method)&#10;        at sun.nio.ch.EPollArrayWrapper.poll(EPollArrayWrapper.java:269)&#10;        at sun.nio.ch.EPollSelectorImpl.doSelect(EPollSelectorImpl.java:93)&#10;        at sun.nio.ch.SelectorImpl.lockAndDoSelect(SelectorImpl.java:86)&#10;        at sun.nio.ch.SelectorImpl.select(SelectorImpl.java:97)&#10;        at sun.nio.ch.SelectorImpl.select(SelectorImpl.java:101)&#10;        at org.apache.hadoop.ipc.Server$Listener.run(Server.java:1159)&#10;&quot;pool-26-thread-25&quot;  prio=5 tid=295 in Object.wait()&#10;java.lang.Thread.State: WAITING (on object monitor)&#10;        at sun.misc.Unsafe.park(Native Method)&#10;        at java.util.concurrent.locks.LockSupport.park(LockSupport.java:175)&#10;        at java.util.concurrent.locks.AbstractQueuedSynchronizer$ConditionObject.await(AbstractQueuedSynchronizer.java:2039)&#10;        at java.util.concurrent.ArrayBlockingQueue.take(ArrayBlockingQueue.java:403)&#10;        at java.util.concurrent.ThreadPoolExecutor.getTask(ThreadPoolExecutor.java:1074)&#10;        at java.util.concurrent.ThreadPoolExecutor.runWorker(ThreadPoolExecutor.java:1134)&#10;        at java.util.concurrent.ThreadPoolExecutor$Worker.run(ThreadPoolExecutor.java:624)&#10;        at java.lang.Thread.run(Thread.java:748)&#10;&quot;grpc-default-executor-2&quot; daemon prio=5 tid=543 timed_waiting&#10;java.lang.Thread.State: TIMED_WAITING&#10;        at sun.misc.Unsafe.park(Native Method)&#10;        at java.util.concurrent.locks.LockSupport.parkNanos(LockSupport.java:215)&#10;        at java.util.concurrent.SynchronousQueue$TransferStack.awaitFulfill(SynchronousQueue.java:460)&#10;        at java.util.concurrent.SynchronousQueue$TransferStack.transfer(SynchronousQueue.java:362)&#10;        at java.util.concurrent.SynchronousQueue.poll(SynchronousQueue.java:941)&#10;        at java.util.concurrent.ThreadPoolExecutor.getTask(ThreadPoolExecutor.java:1073)&#10;        at java.util.concurrent.ThreadPoolExecutor.runWorker(ThreadPoolExecutor.java:1134)&#10;        at java.util.concurrent.ThreadPoolExecutor$Worker.run(ThreadPoolExecutor.java:624)&#10;        at java.lang.Thread.run(Thread.java:748)&#10;&quot;pool-26-thread-14&quot;  prio=5 tid=284 in Object.wait()&#10;java.lang.Thread.State: WAITING (on object monitor)&#10;        at sun.misc.Unsafe.park(Native Method)&#10;        at java.util.concurrent.locks.LockSupport.park(LockSupport.java:175)&#10;        at java.util.concurrent.locks.AbstractQueuedSynchronizer$ConditionObject.await(AbstractQueuedSynchronizer.java:2039)&#10;        at java.util.concurrent.ArrayBlockingQueue.take(ArrayBlockingQueue.java:403)&#10;        at java.util.concurrent.ThreadPoolExecutor.getTask(ThreadPoolExecutor.java:1074)&#10;        at java.util.concurrent.ThreadPoolExecutor.runWorker(ThreadPoolExecutor.java:1134)&#10;        at java.util.concurrent.ThreadPoolExecutor$Worker.run(ThreadPoolExecutor.java:624)&#10;        at java.lang.Thread.run(Thread.java:748)&#10;&quot;org.apache.hadoop.util.JvmPauseMonitor$Monitor@29b33f9c&quot; daemon prio=5 tid=211 timed_waiting&#10;java.lang.Thread.State: TIMED_WAITING&#10;        at java.lang.Thread.sleep(Native Method)&#10;        at org.apache.hadoop.util.JvmPauseMonitor$Monitor.run(JvmPauseMonitor.java:192)&#10;        at java.lang.Thread.run(Thread.java:748)&#10;&quot;pool-26-thread-4&quot;  prio=5 tid=274 in Object.wait()&#10;java.lang.Thread.State: WAITING (on object monitor)&#10;        at sun.misc.Unsafe.park(Native Method)&#10;        at java.util.concurrent.locks.LockSupport.park(LockSupport.java:175)&#10;        at java.util.concurrent.locks.AbstractQueuedSynchronizer$ConditionObject.await(AbstractQueuedSynchronizer.java:2039)&#10;        at java.util.concurrent.ArrayBlockingQueue.take(ArrayBlockingQueue.java:403)&#10;        at java.util.concurrent.ThreadPoolExecutor.getTask(ThreadPoolExecutor.java:1074)&#10;        at java.util.concurrent.ThreadPoolExecutor.runWorker(ThreadPoolExecutor.java:1134)&#10;        at java.util.concurrent.ThreadPoolExecutor$Worker.run(ThreadPoolExecutor.java:624)&#10;        at java.lang.Thread.run(Thread.java:748)&#10;&quot;IPC Server handler 8 on 34963&quot; daemon prio=5 tid=78 timed_waiting&#10;java.lang.Thread.State: TIMED_WAITING&#10;        at sun.misc.Unsafe.park(Native Method)&#10;        at java.util.concurrent.locks.LockSupport.parkNanos(LockSupport.java:215)&#10;        at java.util.concurrent.locks.AbstractQueuedSynchronizer$ConditionObject.awaitNanos(AbstractQueuedSynchronizer.java:2078)&#10;        at java.util.concurrent.LinkedBlockingQueue.poll(LinkedBlockingQueue.java:467)&#10;        at org.apache.hadoop.ipc.CallQueueManager.take(CallQueueManager.java:288)&#10;        at org.apache.hadoop.ipc.Server$Handler.run(Server.java:2668)&#10;&quot;qtp1894788146-91-acceptor-0@fe35615-ServerConnector@28a0fd6c{HTTP/1.1,[http/1.1]}{0.0.0.0:44485}&quot; daemon prio=3 tid=91 runnable&#10;java.lang.Thread.State: RUNNABLE&#10;        at sun.nio.ch.ServerSocketChannelImpl.accept0(Native Method)&#10;        at sun.nio.ch.ServerSocketChannelImpl.accept(ServerSocketChannelImpl.java:422)&#10;        at sun.nio.ch.ServerSocketChannelImpl.accept(ServerSocketChannelImpl.java:250)&#10;        at org.eclipse.jetty.server.ServerConnector.accept(ServerConnector.java:397)&#10;        at org.eclipse.jetty.server.AbstractConnector$Acceptor.run(AbstractConnector.java:601)&#10;        at org.eclipse.jetty.util.thread.QueuedThreadPool.runJob(QueuedThreadPool.java:671)&#10;        at org.eclipse.jetty.util.thread.QueuedThreadPool$2.run(QueuedThreadPool.java:589)&#10;        at java.lang.Thread.run(Thread.java:748)&#10;&quot;pool-89-thread-19&quot;  prio=5 tid=470 in Object.wait()&#10;java.lang.Thread.State: WAITING (on object monitor)&#10;        at sun.misc.Unsafe.park(Native Method)&#10;        at java.util.concurrent.locks.LockSupport.park(LockSupport.java:175)&#10;        at java.util.concurrent.locks.AbstractQueuedSynchronizer$ConditionObject.await(AbstractQueuedSynchronizer.java:2039)&#10;        at java.util.concurrent.ArrayBlockingQueue.take(ArrayBlockingQueue.java:403)&#10;        at java.util.concurrent.ThreadPoolExecutor.getTask(ThreadPoolExecutor.java:1074)&#10;        at java.util.concurrent.ThreadPoolExecutor.runWorker(ThreadPoolExecutor.java:1134)&#10;        at java.util.concurrent.ThreadPoolExecutor$Worker.run(ThreadPoolExecutor.java:624)&#10;        at java.lang.Thread.run(Thread.java:748)&#10;&quot;BlockDeletingService#1&quot; daemon prio=5 tid=248 timed_waiting&#10;java.lang.Thread.State: TIMED_WAITING&#10;        at sun.misc.Unsafe.park(Native Method)&#10;        at java.util.concurrent.locks.LockSupport.parkNanos(LockSupport.java:215)&#10;        at java.util.concurrent.locks.AbstractQueuedSynchronizer$ConditionObject.awaitNanos(AbstractQueuedSynchronizer.java:2078)&#10;        at java.util.concurrent.ScheduledThreadPoolExecutor$DelayedWorkQueue.take(ScheduledThreadPoolExecutor.java:1093)&#10;        at java.util.concurrent.ScheduledThreadPoolExecutor$DelayedWorkQueue.take(ScheduledThreadPoolExecutor.java:809)&#10;        at java.util.concurrent.ThreadPoolExecutor.getTask(ThreadPoolExecutor.java:1074)&#10;        at java.util.concurrent.ThreadPoolExecutor.runWorker(ThreadPoolExecutor.java:1134)&#10;        at java.util.concurrent.ThreadPoolExecutor$Worker.run(ThreadPoolExecutor.java:624)&#10;        at java.lang.Thread.run(Thread.java:748)&#10;&quot;pool-68-thread-6&quot;  prio=5 tid=397 in Object.wait()&#10;java.lang.Thread.State: WAITING (on object monitor)&#10;        at sun.misc.Unsafe.park(Native Method)&#10;        at java.util.concurrent.locks.LockSupport.park(LockSupport.java:175)&#10;        at java.util.concurrent.locks.AbstractQueuedSynchronizer$ConditionObject.await(AbstractQueuedSynchronizer.java:2039)&#10;        at java.util.concurrent.ArrayBlockingQueue.take(ArrayBlockingQueue.java:403)&#10;        at java.util.concurrent.ThreadPoolExecutor.getTask(ThreadPoolExecutor.java:1074)&#10;        at java.util.concurrent.ThreadPoolExecutor.runWorker(ThreadPoolExecutor.java:1134)&#10;        at java.util.concurrent.ThreadPoolExecutor$Worker.run(ThreadPoolExecutor.java:624)&#10;        at java.lang.Thread.run(Thread.java:748)&#10;&quot;qtp790689709-191-acceptor-0@2512c58a-ServerConnector@262a1fad{HTTP/1.1,[http/1.1]}{0.0.0.0:35287}&quot; daemon prio=3 tid=191 runnable&#10;java.lang.Thread.State: RUNNABLE&#10;        at sun.nio.ch.ServerSocketChannelImpl.accept0(Native Method)&#10;        at sun.nio.ch.ServerSocketChannelImpl.accept(ServerSocketChannelImpl.java:422)&#10;        at sun.nio.ch.ServerSocketChannelImpl.accept(ServerSocketChannelImpl.java:250)&#10;        at org.eclipse.jetty.server.ServerConnector.accept(ServerConnector.java:397)&#10;        at org.eclipse.jetty.server.AbstractConnector$Acceptor.run(AbstractConnector.java:601)&#10;        at org.eclipse.jetty.util.thread.QueuedThreadPool.runJob(QueuedThreadPool.java:671)&#10;        at org.eclipse.jetty.util.thread.QueuedThreadPool$2.run(QueuedThreadPool.java:589)&#10;        at java.lang.Thread.run(Thread.java:748)&#10;&quot;IPC Server Responder&quot; daemon prio=5 tid=18 runnable&#10;java.lang.Thread.State: RUNNABLE&#10;        at sun.nio.ch.EPollArrayWrapper.epollWait(Native Method)&#10;        at sun.nio.ch.EPollArrayWrapper.poll(EPollArrayWrapper.java:269)&#10;        at sun.nio.ch.EPollSelectorImpl.doSelect(EPollSelectorImpl.java:93)&#10;        at sun.nio.ch.SelectorImpl.lockAndDoSelect(SelectorImpl.java:86)&#10;        at sun.nio.ch.SelectorImpl.select(SelectorImpl.java:97)&#10;        at org.apache.hadoop.ipc.Server$Responder.doRunLoop(Server.java:1334)&#10;        at org.apache.hadoop.ipc.Server$Responder.run(Server.java:1317)&#10;&quot;Datanode State Machine Thread - 0&quot; daemon prio=5 tid=185 timed_waiting&#10;java.lang.Thread.State: TIMED_WAITING&#10;        at sun.misc.Unsafe.park(Native Method)&#10;        at java.util.concurrent.locks.LockSupport.parkNanos(LockSupport.java:215)&#10;        at java.util.concurrent.SynchronousQueue$TransferStack.awaitFulfill(SynchronousQueue.java:460)&#10;        at java.util.concurrent.SynchronousQueue$TransferStack.transfer(SynchronousQueue.java:362)&#10;        at java.util.concurrent.SynchronousQueue.poll(SynchronousQueue.java:941)&#10;        at java.util.concurrent.ThreadPoolExecutor.getTask(ThreadPoolExecutor.java:1073)&#10;        at java.util.concurrent.ThreadPoolExecutor.runWorker(ThreadPoolExecutor.java:1134)&#10;        at java.util.concurrent.ThreadPoolExecutor$Worker.run(ThreadPoolExecutor.java:624)&#10;        at java.lang.Thread.run(Thread.java:748)&#10;&quot;qtp1018742990-161-acceptor-0@4a0ea4fe-ServerConnector@2a2843ec{HTTP/1.1,[http/1.1]}{0.0.0.0:45519}&quot; daemon prio=3 tid=161 runnable&#10;java.lang.Thread.State: RUNNABLE&#10;        at sun.nio.ch.ServerSocketChannelImpl.accept0(Native Method)&#10;        at sun.nio.ch.ServerSocketChannelImpl.accept(ServerSocketChannelImpl.java:422)&#10;        at sun.nio.ch.ServerSocketChannelImpl.accept(ServerSocketChannelImpl.java:250)&#10;        at org.eclipse.jetty.server.ServerConnector.accept(ServerConnector.java:397)&#10;        at org.eclipse.jetty.server.AbstractConnector$Acceptor.run(AbstractConnector.java:601)&#10;        at org.eclipse.jetty.util.thread.QueuedThreadPool.runJob(QueuedThreadPool.java:671)&#10;        at org.eclipse.jetty.util.thread.QueuedThreadPool$2.run(QueuedThreadPool.java:589)&#10;        at java.lang.Thread.run(Thread.java:748)&#10;&quot;pool-89-thread-23&quot;  prio=5 tid=474 in Object.wait()&#10;java.lang.Thread.State: WAITING (on object monitor)&#10;        at sun.misc.Unsafe.park(Native Method)&#10;        at java.util.concurrent.locks.LockSupport.park(LockSupport.java:175)&#10;        at java.util.concurrent.locks.AbstractQueuedSynchronizer$ConditionObject.await(AbstractQueuedSynchronizer.java:2039)&#10;        at java.util.concurrent.ArrayBlockingQueue.take(ArrayBlockingQueue.java:403)&#10;        at java.util.concurrent.ThreadPoolExecutor.getTask(ThreadPoolExecutor.java:1074)&#10;        at java.util.concurrent.ThreadPoolExecutor.runWorker(ThreadPoolExecutor.java:1134)&#10;        at java.util.concurrent.ThreadPoolExecutor$Worker.run(ThreadPoolExecutor.java:624)&#10;        at java.lang.Thread.run(Thread.java:748)&#10;&quot;IPC Server handler 4 on 43271&quot; daemon prio=5 tid=54 timed_waiting&#10;java.lang.Thread.State: TIMED_WAITING&#10;        at sun.misc.Unsafe.park(Native Method)&#10;        at java.util.concurrent.locks.LockSupport.parkNanos(LockSupport.java:215)&#10;        at java.util.concurrent.locks.AbstractQueuedSynchronizer$ConditionObject.awaitNanos(AbstractQueuedSynchronizer.java:2078)&#10;        at java.util.concurrent.LinkedBlockingQueue.poll(LinkedBlockingQueue.java:467)&#10;        at org.apache.hadoop.ipc.CallQueueManager.take(CallQueueManager.java:288)&#10;        at org.apache.hadoop.ipc.Server$Handler.run(Server.java:2668)&#10;&quot;process reaper&quot; daemon prio=10 tid=10 timed_waiting&#10;java.lang.Thread.State: TIMED_WAITING&#10;        at sun.misc.Unsafe.park(Native Method)&#10;        at java.util.concurrent.locks.LockSupport.parkNanos(LockSupport.java:215)&#10;        at java.util.concurrent.SynchronousQueue$TransferStack.awaitFulfill(SynchronousQueue.java:460)&#10;        at java.util.concurrent.SynchronousQueue$TransferStack.transfer(SynchronousQueue.java:362)&#10;        at java.util.concurrent.SynchronousQueue.poll(SynchronousQueue.java:941)&#10;        at java.util.concurrent.ThreadPoolExecutor.getTask(ThreadPoolExecutor.java:1073)&#10;        at java.util.concurrent.ThreadPoolExecutor.runWorker(ThreadPoolExecutor.java:1134)&#10;        at java.util.concurrent.ThreadPoolExecutor$Worker.run(ThreadPoolExecutor.java:624)&#10;        at java.lang.Thread.run(Thread.java:748)&#10;&quot;qtp1018742990-160&quot; daemon prio=5 tid=160 runnable&#10;java.lang.Thread.State: RUNNABLE&#10;        at sun.nio.ch.EPollArrayWrapper.epollWait(Native Method)&#10;        at sun.nio.ch.EPollArrayWrapper.poll(EPollArrayWrapper.java:269)&#10;        at sun.nio.ch.EPollSelectorImpl.doSelect(EPollSelectorImpl.java:93)&#10;        at sun.nio.ch.SelectorImpl.lockAndDoSelect(SelectorImpl.java:86)&#10;        at sun.nio.ch.SelectorImpl.select(SelectorImpl.java:97)&#10;        at sun.nio.ch.SelectorImpl.select(SelectorImpl.java:101)&#10;        at org.eclipse.jetty.io.ManagedSelector$SelectorProducer.select(ManagedSelector.java:243)&#10;        at org.eclipse.jetty.io.ManagedSelector$SelectorProducer.produce(ManagedSelector.java:191)&#10;        at org.eclipse.jetty.util.thread.strategy.ExecuteProduceConsume.executeProduceConsume(ExecuteProduceConsume.java:249)&#10;        at org.eclipse.jetty.util.thread.strategy.ExecuteProduceConsume.produceConsume(ExecuteProduceConsume.java:148)&#10;        at org.eclipse.jetty.util.thread.strategy.ExecuteProduceConsume.execute(ExecuteProduceConsume.java:100)&#10;        at org.eclipse.jetty.io.ManagedSelector.run(ManagedSelector.java:147)&#10;        at org.eclipse.jetty.util.thread.QueuedThreadPool.runJob(QueuedThreadPool.java:671)&#10;        at org.eclipse.jetty.util.thread.QueuedThreadPool$2.run(QueuedThreadPool.java:589)&#10;        at java.lang.Thread.run(Thread.java:748)&#10;&quot;pool-26-thread-9&quot;  prio=5 tid=279 in Object.wait()&#10;java.lang.Thread.State: WAITING (on object monitor)&#10;        at sun.misc.Unsafe.park(Native Method)&#10;        at java.util.concurrent.locks.LockSupport.park(LockSupport.java:175)&#10;        at java.util.concurrent.locks.AbstractQueuedSynchronizer$ConditionObject.await(AbstractQueuedSynchronizer.java:2039)&#10;        at java.util.concurrent.ArrayBlockingQueue.take(ArrayBlockingQueue.java:403)&#10;        at java.util.concurrent.ThreadPoolExecutor.getTask(ThreadPoolExecutor.java:1074)&#10;        at java.util.concurrent.ThreadPoolExecutor.runWorker(ThreadPoolExecutor.java:1134)&#10;        at java.util.concurrent.ThreadPoolExecutor$Worker.run(ThreadPoolExecutor.java:624)&#10;        at java.lang.Thread.run(Thread.java:748)&#10;&quot;pool-89-thread-42&quot;  prio=5 tid=493 in Object.wait()&#10;java.lang.Thread.State: WAITING (on object monitor)&#10;        at sun.misc.Unsafe.park(Native Method)&#10;        at java.util.concurrent.locks.LockSupport.park(LockSupport.java:175)&#10;        at java.util.concurrent.locks.AbstractQueuedSynchronizer$ConditionObject.await(AbstractQueuedSynchronizer.java:2039)&#10;        at java.util.concurrent.ArrayBlockingQueue.take(ArrayBlockingQueue.java:403)&#10;        at java.util.concurrent.ThreadPoolExecutor.getTask(ThreadPoolExecutor.java:1074)&#10;        at java.util.concurrent.ThreadPoolExecutor.runWorker(ThreadPoolExecutor.java:1134)&#10;        at java.util.concurrent.ThreadPoolExecutor$Worker.run(ThreadPoolExecutor.java:624)&#10;        at java.lang.Thread.run(Thread.java:748)&#10;&quot;Socket Reader #1 for port 34963&quot;  prio=5 tid=16 runnable&#10;java.lang.Thread.State: RUNNABLE&#10;        at sun.nio.ch.EPollArrayWrapper.epollWait(Native Method)&#10;        at sun.nio.ch.EPollArrayWrapper.poll(EPollArrayWrapper.java:269)&#10;        at sun.nio.ch.EPollSelectorImpl.doSelect(EPollSelectorImpl.java:93)&#10;        at sun.nio.ch.SelectorImpl.lockAndDoSelect(SelectorImpl.java:86)&#10;        at sun.nio.ch.SelectorImpl.select(SelectorImpl.java:97)&#10;        at sun.nio.ch.SelectorImpl.select(SelectorImpl.java:101)&#10;        at org.apache.hadoop.ipc.Server$Listener$Reader.doRunLoop(Server.java:1097)&#10;        at org.apache.hadoop.ipc.Server$Listener$Reader.run(Server.java:1076)&#10;&quot;pool-68-thread-43&quot;  prio=5 tid=434 in Object.wait()&#10;java.lang.Thread.State: WAITING (on object monitor)&#10;        at sun.misc.Unsafe.park(Native Method)&#10;        at java.util.concurrent.locks.LockSupport.park(LockSupport.java:175)&#10;        at java.util.concurrent.locks.AbstractQueuedSynchronizer$ConditionObject.await(AbstractQueuedSynchronizer.java:2039)&#10;        at java.util.concurrent.ArrayBlockingQueue.take(ArrayBlockingQueue.java:403)&#10;        at java.util.concurrent.ThreadPoolExecutor.getTask(ThreadPoolExecutor.java:1074)&#10;        at java.util.concurrent.ThreadPoolExecutor.runWorker(ThreadPoolExecutor.java:1134)&#10;        at java.util.concurrent.ThreadPoolExecutor$Worker.run(ThreadPoolExecutor.java:624)&#10;        at java.lang.Thread.run(Thread.java:748)&#10;&quot;pool-89-thread-29&quot;  prio=5 tid=480 in Object.wait()&#10;java.lang.Thread.State: WAITING (on object monitor)&#10;        at sun.misc.Unsafe.park(Native Method)&#10;        at java.util.concurrent.locks.LockSupport.park(LockSupport.java:175)&#10;        at java.util.concurrent.locks.AbstractQueuedSynchronizer$ConditionObject.await(AbstractQueuedSynchronizer.java:2039)&#10;        at java.util.concurrent.ArrayBlockingQueue.take(ArrayBlockingQueue.java:403)&#10;        at java.util.concurrent.ThreadPoolExecutor.getTask(ThreadPoolExecutor.java:1074)&#10;        at java.util.concurrent.ThreadPoolExecutor.runWorker(ThreadPoolExecutor.java:1134)&#10;        at java.util.concurrent.ThreadPoolExecutor$Worker.run(ThreadPoolExecutor.java:624)&#10;        at java.lang.Thread.run(Thread.java:748)&#10;&quot;EventQueue-NodeReportForNodeReportHandler&quot; daemon prio=5 tid=791 in Object.wait()&#10;java.lang.Thread.State: WAITING (on object monitor)&#10;        at sun.misc.Unsafe.park(Native Method)&#10;        at java.util.concurrent.locks.LockSupport.park(LockSupport.java:175)&#10;        at java.util.concurrent.locks.AbstractQueuedSynchronizer$ConditionObject.await(AbstractQueuedSynchronizer.java:2039)&#10;        at java.util.concurrent.LinkedBlockingQueue.take(LinkedBlockingQueue.java:442)&#10;        at java.util.concurrent.ThreadPoolExecutor.getTask(ThreadPoolExecutor.java:1074)&#10;        at java.util.concurrent.ThreadPoolExecutor.runWorker(ThreadPoolExecutor.java:1134)&#10;        at java.util.concurrent.ThreadPoolExecutor$Worker.run(ThreadPoolExecutor.java:624)&#10;        at java.lang.Thread.run(Thread.java:748)&#10;&quot;BlockDeletingService#1&quot; daemon prio=5 tid=218 in Object.wait()&#10;java.lang.Thread.State: WAITING (on object monitor)&#10;        at sun.misc.Unsafe.park(Native Method)&#10;        at java.util.concurrent.locks.LockSupport.park(LockSupport.java:175)&#10;        at java.util.concurrent.locks.AbstractQueuedSynchronizer$ConditionObject.await(AbstractQueuedSynchronizer.java:2039)&#10;        at java.util.concurrent.ScheduledThreadPoolExecutor$DelayedWorkQueue.take(ScheduledThreadPoolExecutor.java:1088)&#10;        at java.util.concurrent.ScheduledThreadPoolExecutor$DelayedWorkQueue.take(ScheduledThreadPoolExecutor.java:809)&#10;        at java.util.concurrent.ThreadPoolExecutor.getTask(ThreadPoolExecutor.java:1074)&#10;        at java.util.concurrent.ThreadPoolExecutor.runWorker(ThreadPoolExecutor.java:1134)&#10;        at java.util.concurrent.ThreadPoolExecutor$Worker.run(ThreadPoolExecutor.java:624)&#10;        at java.lang.Thread.run(Thread.java:748)&#10;&quot;qtp1018742990-163&quot; daemon prio=5 tid=163 timed_waiting&#10;java.lang.Thread.State: TIMED_WAITING&#10;        at sun.misc.Unsafe.park(Native Method)&#10;        at java.util.concurrent.locks.LockSupport.parkNanos(LockSupport.java:215)&#10;        at java.util.concurrent.locks.AbstractQueuedSynchronizer$ConditionObject.awaitNanos(AbstractQueuedSynchronizer.java:2078)&#10;        at org.eclipse.jetty.util.BlockingArrayQueue.poll(BlockingArrayQueue.java:392)&#10;        at org.eclipse.jetty.util.thread.QueuedThreadPool.idleJobPoll(QueuedThreadPool.java:563)&#10;        at org.eclipse.jetty.util.thread.QueuedThreadPool.access$800(QueuedThreadPool.java:48)&#10;        at org.eclipse.jetty.util.thread.QueuedThreadPool$2.run(QueuedThreadPool.java:626)&#10;        at java.lang.Thread.run(Thread.java:748)&#10;&quot;pool-47-thread-34&quot;  prio=5 tid=365 in Object.wait()&#10;java.lang.Thread.State: WAITING (on object monitor)&#10;        at sun.misc.Unsafe.park(Native Method)&#10;        at java.util.concurrent.locks.LockSupport.park(LockSupport.java:175)&#10;        at java.util.concurrent.locks.AbstractQueuedSynchronizer$ConditionObject.await(AbstractQueuedSynchronizer.java:2039)&#10;        at java.util.concurrent.ArrayBlockingQueue.take(ArrayBlockingQueue.java:403)&#10;        at java.util.concurrent.ThreadPoolExecutor.getTask(ThreadPoolExecutor.java:1074)&#10;        at java.util.concurrent.ThreadPoolExecutor.runWorker(ThreadPoolExecutor.java:1134)&#10;        at java.util.concurrent.ThreadPoolExecutor$Worker.run(ThreadPoolExecutor.java:624)&#10;        at java.lang.Thread.run(Thread.java:748)&#10;&quot;qtp1110014943-256&quot; daemon prio=5 tid=256 timed_waiting&#10;java.lang.Thread.State: TIMED_WAITING&#10;        at sun.misc.Unsafe.park(Native Method)&#10;        at java.util.concurrent.locks.LockSupport.parkNanos(LockSupport.java:215)&#10;        at java.util.concurrent.locks.AbstractQueuedSynchronizer$ConditionObject.awaitNanos(AbstractQueuedSynchronizer.java:2078)&#10;        at org.eclipse.jetty.util.BlockingArrayQueue.poll(BlockingArrayQueue.java:392)&#10;        at org.eclipse.jetty.util.thread.QueuedThreadPool.idleJobPoll(QueuedThreadPool.java:563)&#10;        at org.eclipse.jetty.util.thread.QueuedThreadPool.access$800(QueuedThreadPool.java:48)&#10;        at org.eclipse.jetty.util.thread.QueuedThreadPool$2.run(QueuedThreadPool.java:626)&#10;        at java.lang.Thread.run(Thread.java:748)&#10;&quot;pool-89-thread-56&quot;  prio=5 tid=507 in Object.wait()&#10;java.lang.Thread.State: WAITING (on object monitor)&#10;        at sun.misc.Unsafe.park(Native Method)&#10;        at java.util.concurrent.locks.LockSupport.park(LockSupport.java:175)&#10;        at java.util.concurrent.locks.AbstractQueuedSynchronizer$ConditionObject.await(AbstractQueuedSynchronizer.java:2039)&#10;        at java.util.concurrent.ArrayBlockingQueue.take(ArrayBlockingQueue.java:403)&#10;        at java.util.concurrent.ThreadPoolExecutor.getTask(ThreadPoolExecutor.java:1074)&#10;        at java.util.concurrent.ThreadPoolExecutor.runWorker(ThreadPoolExecutor.java:1134)&#10;        at java.util.concurrent.ThreadPoolExecutor$Worker.run(ThreadPoolExecutor.java:624)&#10;        at java.lang.Thread.run(Thread.java:748)&#10;&quot;pool-47-thread-2&quot;  prio=5 tid=333 in Object.wait()&#10;java.lang.Thread.State: WAITING (on object monitor)&#10;        at sun.misc.Unsafe.park(Native Method)&#10;        at java.util.concurrent.locks.LockSupport.park(LockSupport.java:175)&#10;        at java.util.concurrent.locks.AbstractQueuedSynchronizer$ConditionObject.await(AbstractQueuedSynchronizer.java:2039)&#10;        at java.util.concurrent.ArrayBlockingQueue.take(ArrayBlockingQueue.java:403)&#10;        at java.util.concurrent.ThreadPoolExecutor.getTask(ThreadPoolExecutor.java:1074)&#10;        at java.util.concurrent.ThreadPoolExecutor.runWorker(ThreadPoolExecutor.java:1134)&#10;        at java.util.concurrent.ThreadPoolExecutor$Worker.run(ThreadPoolExecutor.java:624)&#10;        at java.lang.Thread.run(Thread.java:748)&#10;&quot;pool-68-thread-3&quot;  prio=5 tid=394 in Object.wait()&#10;java.lang.Thread.State: WAITING (on object monitor)&#10;        at sun.misc.Unsafe.park(Native Method)&#10;        at java.util.concurrent.locks.LockSupport.park(LockSupport.java:175)&#10;        at java.util.concurrent.locks.AbstractQueuedSynchronizer$ConditionObject.await(AbstractQueuedSynchronizer.java:2039)&#10;        at java.util.concurrent.ArrayBlockingQueue.take(ArrayBlockingQueue.java:403)&#10;        at java.util.concurrent.ThreadPoolExecutor.getTask(ThreadPoolExecutor.java:1074)&#10;        at java.util.concurrent.ThreadPoolExecutor.runWorker(ThreadPoolExecutor.java:1134)&#10;        at java.util.concurrent.ThreadPoolExecutor$Worker.run(ThreadPoolExecutor.java:624)&#10;        at java.lang.Thread.run(Thread.java:748)&#10;&quot;Datanode ReportManager Thread - 0&quot; daemon prio=5 tid=263 in Object.wait()&#10;java.lang.Thread.State: WAITING (on object monitor)&#10;        at sun.misc.Unsafe.park(Native Method)&#10;        at java.util.concurrent.locks.LockSupport.park(LockSupport.java:175)&#10;        at java.util.concurrent.locks.AbstractQueuedSynchronizer$ConditionObject.await(AbstractQueuedSynchronizer.java:2039)&#10;        at java.util.concurrent.ScheduledThreadPoolExecutor$DelayedWorkQueue.take(ScheduledThreadPoolExecutor.java:1088)&#10;        at java.util.concurrent.ScheduledThreadPoolExecutor$DelayedWorkQueue.take(ScheduledThreadPoolExecutor.java:809)&#10;        at java.util.concurrent.ThreadPoolExecutor.getTask(ThreadPoolExecutor.java:1074)&#10;        at java.util.concurrent.ThreadPoolExecutor.runWorker(ThreadPoolExecutor.java:1134)&#10;        at java.util.concurrent.ThreadPoolExecutor$Worker.run(ThreadPoolExecutor.java:624)&#10;        at java.lang.Thread.run(Thread.java:748)&#10;&quot;pool-26-thread-20&quot;  prio=5 tid=290 in Object.wait()&#10;java.lang.Thread.State: WAITING (on object monitor)&#10;        at sun.misc.Unsafe.park(Native Method)&#10;        at java.util.concurrent.locks.LockSupport.park(LockSupport.java:175)&#10;        at java.util.concurrent.locks.AbstractQueuedSynchronizer$ConditionObject.await(AbstractQueuedSynchronizer.java:2039)&#10;        at java.util.concurrent.ArrayBlockingQueue.take(ArrayBlockingQueue.java:403)&#10;        at java.util.concurrent.ThreadPoolExecutor.getTask(ThreadPoolExecutor.java:1074)&#10;        at java.util.concurrent.ThreadPoolExecutor.runWorker(ThreadPoolExecutor.java:1134)&#10;        at java.util.concurrent.ThreadPoolExecutor$Worker.run(ThreadPoolExecutor.java:624)&#10;        at java.lang.Thread.run(Thread.java:748)&#10;&quot;pool-68-thread-31&quot;  prio=5 tid=422 in Object.wait()&#10;java.lang.Thread.State: WAITING (on object monitor)&#10;        at sun.misc.Unsafe.park(Native Method)&#10;        at java.util.concurrent.locks.LockSupport.park(LockSupport.java:175)&#10;        at java.util.concurrent.locks.AbstractQueuedSynchronizer$ConditionObject.await(AbstractQueuedSynchronizer.java:2039)&#10;        at java.util.concurrent.ArrayBlockingQueue.take(ArrayBlockingQueue.java:403)&#10;        at java.util.concurrent.ThreadPoolExecutor.getTask(ThreadPoolExecutor.java:1074)&#10;        at java.util.concurrent.ThreadPoolExecutor.runWorker(ThreadPoolExecutor.java:1134)&#10;        at java.util.concurrent.ThreadPoolExecutor$Worker.run(ThreadPoolExecutor.java:624)&#10;        at java.lang.Thread.run(Thread.java:748)&#10;&quot;IPC Server handler 19 on 43271&quot; daemon prio=5 tid=69 timed_waiting&#10;java.lang.Thread.State: TIMED_WAITING&#10;        at sun.misc.Unsafe.park(Native Method)&#10;        at java.util.concurrent.locks.LockSupport.parkNanos(LockSupport.java:215)&#10;        at java.util.concurrent.locks.AbstractQueuedSynchronizer$ConditionObject.awaitNanos(AbstractQueuedSynchronizer.java:2078)&#10;        at java.util.concurrent.LinkedBlockingQueue.poll(LinkedBlockingQueue.java:467)&#10;        at org.apache.hadoop.ipc.CallQueueManager.take(CallQueueManager.java:288)&#10;        at org.apache.hadoop.ipc.Server$Handler.run(Server.java:2668)&#10;&quot;pool-68-thread-1&quot;  prio=5 tid=392 in Object.wait()&#10;java.lang.Thread.State: WAITING (on object monitor)&#10;        at sun.misc.Unsafe.park(Native Method)&#10;        at java.util.concurrent.locks.LockSupport.park(LockSupport.java:175)&#10;        at java.util.concurrent.locks.AbstractQueuedSynchronizer$ConditionObject.await(AbstractQueuedSynchronizer.java:2039)&#10;        at java.util.concurrent.ArrayBlockingQueue.take(ArrayBlockingQueue.java:403)&#10;        at java.util.concurrent.ThreadPoolExecutor.getTask(ThreadPoolExecutor.java:1074)&#10;        at java.util.concurrent.ThreadPoolExecutor.runWorker(ThreadPoolExecutor.java:1134)&#10;        at java.util.concurrent.ThreadPoolExecutor$Worker.run(ThreadPoolExecutor.java:624)&#10;        at java.lang.Thread.run(Thread.java:748)&#10;&quot;pool-47-thread-48&quot;  prio=5 tid=379 in Object.wait()&#10;java.lang.Thread.State: WAITING (on object monitor)&#10;        at sun.misc.Unsafe.park(Native Method)&#10;        at java.util.concurrent.locks.LockSupport.park(LockSupport.java:175)&#10;        at java.util.concurrent.locks.AbstractQueuedSynchronizer$ConditionObject.await(AbstractQueuedSynchronizer.java:2039)&#10;        at java.util.concurrent.ArrayBlockingQueue.take(ArrayBlockingQueue.java:403)&#10;        at java.util.concurrent.ThreadPoolExecutor.getTask(ThreadPoolExecutor.java:1074)&#10;        at java.util.concurrent.ThreadPoolExecutor.runWorker(ThreadPoolExecutor.java:1134)&#10;        at java.util.concurrent.ThreadPoolExecutor$Worker.run(ThreadPoolExecutor.java:624)&#10;        at java.lang.Thread.run(Thread.java:748)&#10;&quot;Datanode ReportManager Thread - 1&quot; daemon prio=5 tid=234 in Object.wait()&#10;java.lang.Thread.State: WAITING (on object monitor)&#10;        at sun.misc.Unsafe.park(Native Method)&#10;        at java.util.concurrent.locks.LockSupport.park(LockSupport.java:175)&#10;        at java.util.concurrent.locks.AbstractQueuedSynchronizer$ConditionObject.await(AbstractQueuedSynchronizer.java:2039)&#10;        at java.util.concurrent.ScheduledThreadPoolExecutor$DelayedWorkQueue.take(ScheduledThreadPoolExecutor.java:1088)&#10;        at java.util.concurrent.ScheduledThreadPoolExecutor$DelayedWorkQueue.take(ScheduledThreadPoolExecutor.java:809)&#10;        at java.util.concurrent.ThreadPoolExecutor.getTask(ThreadPoolExecutor.java:1074)&#10;        at java.util.concurrent.ThreadPoolExecutor.runWorker(ThreadPoolExecutor.java:1134)&#10;        at java.util.concurrent.ThreadPoolExecutor$Worker.run(ThreadPoolExecutor.java:624)&#10;        at java.lang.Thread.run(Thread.java:748)&#10;&quot;IPC Server handler 18 on 34963&quot; daemon prio=5 tid=88 timed_waiting&#10;java.lang.Thread.State: TIMED_WAITING&#10;        at sun.misc.Unsafe.park(Native Method)&#10;        at java.util.concurrent.locks.LockSupport.parkNanos(LockSupport.java:215)&#10;        at java.util.concurrent.locks.AbstractQueuedSynchronizer$ConditionObject.awaitNanos(AbstractQueuedSynchronizer.java:2078)&#10;        at java.util.concurrent.LinkedBlockingQueue.poll(LinkedBlockingQueue.java:467)&#10;        at org.apache.hadoop.ipc.CallQueueManager.take(CallQueueManager.java:288)&#10;        at org.apache.hadoop.ipc.Server$Handler.run(Server.java:2668)&#10;&quot;pool-26-thread-27&quot;  prio=5 tid=297 in Object.wait()&#10;java.lang.Thread.State: WAITING (on object monitor)&#10;        at sun.misc.Unsafe.park(Native Method)&#10;        at java.util.concurrent.locks.LockSupport.park(LockSupport.java:175)&#10;        at java.util.concurrent.locks.AbstractQueuedSynchronizer$ConditionObject.await(AbstractQueuedSynchronizer.java:2039)&#10;        at java.util.concurrent.ArrayBlockingQueue.take(ArrayBlockingQueue.java:403)&#10;        at java.util.concurrent.ThreadPoolExecutor.getTask(ThreadPoolExecutor.java:1074)&#10;        at java.util.concurrent.ThreadPoolExecutor.runWorker(ThreadPoolExecutor.java:1134)&#10;        at java.util.concurrent.ThreadPoolExecutor$Worker.run(ThreadPoolExecutor.java:624)&#10;        at java.lang.Thread.run(Thread.java:748)&#10;&quot;pool-26-thread-3&quot;  prio=5 tid=273 in Object.wait()&#10;java.lang.Thread.State: WAITING (on object monitor)&#10;        at sun.misc.Unsafe.park(Native Method)&#10;        at java.util.concurrent.locks.LockSupport.park(LockSupport.java:175)&#10;        at java.util.concurrent.locks.AbstractQueuedSynchronizer$ConditionObject.await(AbstractQueuedSynchronizer.java:2039)&#10;        at java.util.concurrent.ArrayBlockingQueue.take(ArrayBlockingQueue.java:403)&#10;        at java.util.concurrent.ThreadPoolExecutor.getTask(ThreadPoolExecutor.java:1074)&#10;        at java.util.concurrent.ThreadPoolExecutor.runWorker(ThreadPoolExecutor.java:1134)&#10;        at java.util.concurrent.ThreadPoolExecutor$Worker.run(ThreadPoolExecutor.java:624)&#10;        at java.lang.Thread.run(Thread.java:748)&#10;&quot;pool-45-thread-1&quot; daemon prio=5 tid=183 timed_waiting&#10;java.lang.Thread.State: TIMED_WAITING&#10;        at sun.misc.Unsafe.park(Native Method)&#10;        at java.util.concurrent.locks.LockSupport.parkNanos(LockSupport.java:215)&#10;        at java.util.concurrent.locks.AbstractQueuedSynchronizer$ConditionObject.awaitNanos(AbstractQueuedSynchronizer.java:2078)&#10;        at java.util.concurrent.ScheduledThreadPoolExecutor$DelayedWorkQueue.take(ScheduledThreadPoolExecutor.java:1093)&#10;        at java.util.concurrent.ScheduledThreadPoolExecutor$DelayedWorkQueue.take(ScheduledThreadPoolExecutor.java:809)&#10;        at java.util.concurrent.ThreadPoolExecutor.getTask(ThreadPoolExecutor.java:1074)&#10;        at java.util.concurrent.ThreadPoolExecutor.runWorker(ThreadPoolExecutor.java:1134)&#10;        at java.util.concurrent.ThreadPoolExecutor$Worker.run(ThreadPoolExecutor.java:624)&#10;        at java.lang.Thread.run(Thread.java:748)&#10;&quot;Periodic HDDS volume checker&quot;  prio=5 tid=174 timed_waiting&#10;java.lang.Thread.State: TIMED_WAITING&#10;        at sun.misc.Unsafe.park(Native Method)&#10;        at java.util.concurrent.locks.LockSupport.parkNanos(LockSupport.java:215)&#10;        at java.util.concurrent.locks.AbstractQueuedSynchronizer$ConditionObject.awaitNanos(AbstractQueuedSynchronizer.java:2078)&#10;        at java.util.concurrent.ScheduledThreadPoolExecutor$DelayedWorkQueue.take(ScheduledThreadPoolExecutor.java:1093)&#10;        at java.util.concurrent.ScheduledThreadPoolExecutor$DelayedWorkQueue.take(ScheduledThreadPoolExecutor.java:809)&#10;        at java.util.concurrent.ThreadPoolExecutor.getTask(ThreadPoolExecutor.java:1074)&#10;        at java.util.concurrent.ThreadPoolExecutor.runWorker(ThreadPoolExecutor.java:1134)&#10;        at java.util.concurrent.ThreadPoolExecutor$Worker.run(ThreadPoolExecutor.java:624)&#10;        at java.lang.Thread.run(Thread.java:748)&#10;&quot;IPC Server idle connection scanner for port 43271&quot; daemon prio=5 tid=21 timed_waiting&#10;java.lang.Thread.State: TIMED_WAITING&#10;        at java.lang.Object.wait(Native Method)&#10;        at java.util.TimerThread.mainLoop(Timer.java:552)&#10;        at java.util.TimerThread.run(Timer.java:505)&#10;&quot;qtp1110014943-254&quot; daemon prio=5 tid=254 timed_waiting&#10;java.lang.Thread.State: TIMED_WAITING&#10;        at sun.misc.Unsafe.park(Native Method)&#10;        at java.util.concurrent.locks.LockSupport.parkNanos(LockSupport.java:215)&#10;        at java.util.concurrent.locks.AbstractQueuedSynchronizer$ConditionObject.awaitNanos(AbstractQueuedSynchronizer.java:2078)&#10;        at org.eclipse.jetty.util.BlockingArrayQueue.poll(BlockingArrayQueue.java:392)&#10;        at org.eclipse.jetty.util.thread.QueuedThreadPool.idleJobPoll(QueuedThreadPool.java:563)&#10;        at org.eclipse.jetty.util.thread.QueuedThreadPool.access$800(QueuedThreadPool.java:48)&#10;        at org.eclipse.jetty.util.thread.QueuedThreadPool$2.run(QueuedThreadPool.java:626)&#10;        at java.lang.Thread.run(Thread.java:748)&#10;&quot;java.util.concurrent.ThreadPoolExecutor$Worker@3003f46c[State = -1, empty queue]&quot; daemon prio=5 tid=570 timed_waiting&#10;java.lang.Thread.State: TIMED_WAITING&#10;        at sun.misc.Unsafe.park(Native Method)&#10;        at java.util.concurrent.locks.LockSupport.parkNanos(LockSupport.java:215)&#10;        at java.util.concurrent.locks.AbstractQueuedSynchronizer$ConditionObject.awaitNanos(AbstractQueuedSynchronizer.java:2078)&#10;        at java.util.concurrent.ScheduledThreadPoolExecutor$DelayedWorkQueue.take(ScheduledThreadPoolExecutor.java:1093)&#10;        at java.util.concurrent.ScheduledThreadPoolExecutor$DelayedWorkQueue.take(ScheduledThreadPoolExecutor.java:809)&#10;        at java.util.concurrent.ThreadPoolExecutor.getTask(ThreadPoolExecutor.java:1074)&#10;        at java.util.concurrent.ThreadPoolExecutor.runWorker(ThreadPoolExecutor.java:1134)&#10;        at java.util.concurrent.ThreadPoolExecutor$Worker.run(ThreadPoolExecutor.java:624)&#10;        at java.lang.Thread.run(Thread.java:748)&#10;&quot;BlockDeletingService#2&quot; daemon prio=5 tid=792 in Object.wait()&#10;java.lang.Thread.State: WAITING (on object monitor)&#10;        at sun.misc.Unsafe.park(Native Method)&#10;        at java.util.concurrent.locks.LockSupport.park(LockSupport.java:175)&#10;        at java.util.concurrent.locks.AbstractQueuedSynchronizer$ConditionObject.await(AbstractQueuedSynchronizer.java:2039)&#10;        at java.util.concurrent.ScheduledThreadPoolExecutor$DelayedWorkQueue.take(ScheduledThreadPoolExecutor.java:1088)&#10;        at java.util.concurrent.ScheduledThreadPoolExecutor$DelayedWorkQueue.take(ScheduledThreadPoolExecutor.java:809)&#10;        at java.util.concurrent.ThreadPoolExecutor.getTask(ThreadPoolExecutor.java:1074)&#10;        at java.util.concurrent.ThreadPoolExecutor.runWorker(ThreadPoolExecutor.java:1134)&#10;        at java.util.concurrent.ThreadPoolExecutor$Worker.run(ThreadPoolExecutor.java:624)&#10;        at java.lang.Thread.run(Thread.java:748)&#10;&quot;pool-47-thread-28&quot;  prio=5 tid=359 in Object.wait()&#10;java.lang.Thread.State: WAITING (on object monitor)&#10;        at sun.misc.Unsafe.park(Native Method)&#10;        at java.util.concurrent.locks.LockSupport.park(LockSupport.java:175)&#10;        at java.util.concurrent.locks.AbstractQueuedSynchronizer$ConditionObject.await(AbstractQueuedSynchronizer.java:2039)&#10;        at java.util.concurrent.ArrayBlockingQueue.take(ArrayBlockingQueue.java:403)&#10;        at java.util.concurrent.ThreadPoolExecutor.getTask(ThreadPoolExecutor.java:1074)&#10;        at java.util.concurrent.ThreadPoolExecutor.runWorker(ThreadPoolExecutor.java:1134)&#10;        at java.util.concurrent.ThreadPoolExecutor$Worker.run(ThreadPoolExecutor.java:624)&#10;        at java.lang.Thread.run(Thread.java:748)&#10;&quot;IPC Server handler 17 on 40125&quot; daemon prio=5 tid=47 timed_waiting&#10;java.lang.Thread.State: TIMED_WAITING&#10;        at sun.misc.Unsafe.park(Native Method)&#10;        at java.util.concurrent.locks.LockSupport.parkNanos(LockSupport.java:215)&#10;        at java.util.concurrent.locks.AbstractQueuedSynchronizer$ConditionObject.awaitNanos(AbstractQueuedSynchronizer.java:2078)&#10;        at java.util.concurrent.LinkedBlockingQueue.poll(LinkedBlockingQueue.java:467)&#10;        at org.apache.hadoop.ipc.CallQueueManager.take(CallQueueManager.java:288)&#10;        at org.apache.hadoop.ipc.Server$Handler.run(Server.java:2668)&#10;&quot;pool-89-thread-5&quot;  prio=5 tid=456 in Object.wait()&#10;java.lang.Thread.State: WAITING (on object monitor)&#10;        at sun.misc.Unsafe.park(Native Method)&#10;        at java.util.concurrent.locks.LockSupport.park(LockSupport.java:175)&#10;        at java.util.concurrent.locks.AbstractQueuedSynchronizer$ConditionObject.await(AbstractQueuedSynchronizer.java:2039)&#10;        at java.util.concurrent.ArrayBlockingQueue.take(ArrayBlockingQueue.java:403)&#10;        at java.util.concurrent.ThreadPoolExecutor.getTask(ThreadPoolExecutor.java:1074)&#10;        at java.util.concurrent.ThreadPoolExecutor.runWorker(ThreadPoolExecutor.java:1134)&#10;        at java.util.concurrent.ThreadPoolExecutor$Worker.run(ThreadPoolExecutor.java:624)&#10;        at java.lang.Thread.run(Thread.java:748)&#10;&quot;74d2ffc1-745f-4c1a-9401-137b1ece8223-RaftLogWorker&quot;  prio=5 tid=549 timed_waiting&#10;java.lang.Thread.State: TIMED_WAITING&#10;        at sun.misc.Unsafe.park(Native Method)&#10;        at java.util.concurrent.locks.LockSupport.parkNanos(LockSupport.java:215)&#10;        at java.util.concurrent.locks.AbstractQueuedSynchronizer$ConditionObject.awaitNanos(AbstractQueuedSynchronizer.java:2078)&#10;        at org.apache.ratis.util.DataBlockingQueue.poll(DataBlockingQueue.java:137)&#10;        at org.apache.ratis.server.storage.RaftLogWorker.run(RaftLogWorker.java:216)&#10;        at java.lang.Thread.run(Thread.java:748)&#10;&quot;pool-68-thread-48&quot;  prio=5 tid=439 in Object.wait()&#10;java.lang.Thread.State: WAITING (on object monitor)&#10;        at sun.misc.Unsafe.park(Native Method)&#10;        at java.util.concurrent.locks.LockSupport.park(LockSupport.java:175)&#10;        at java.util.concurrent.locks.AbstractQueuedSynchronizer$ConditionObject.await(AbstractQueuedSynchronizer.java:2039)&#10;        at java.util.concurrent.ArrayBlockingQueue.take(ArrayBlockingQueue.java:403)&#10;        at java.util.concurrent.ThreadPoolExecutor.getTask(ThreadPoolExecutor.java:1074)&#10;        at java.util.concurrent.ThreadPoolExecutor.runWorker(ThreadPoolExecutor.java:1134)&#10;        at java.util.concurrent.ThreadPoolExecutor$Worker.run(ThreadPoolExecutor.java:624)&#10;        at java.lang.Thread.run(Thread.java:748)&#10;&quot;nioEventLoopGroup-8-1&quot;  prio=10 tid=261 runnable&#10;java.lang.Thread.State: RUNNABLE&#10;        at sun.nio.ch.EPollArrayWrapper.epollWait(Native Method)&#10;        at sun.nio.ch.EPollArrayWrapper.poll(EPollArrayWrapper.java:269)&#10;        at sun.nio.ch.EPollSelectorImpl.doSelect(EPollSelectorImpl.java:93)&#10;        at sun.nio.ch.SelectorImpl.lockAndDoSelect(SelectorImpl.java:86)&#10;        at sun.nio.ch.SelectorImpl.select(SelectorImpl.java:97)&#10;        at io.netty.channel.nio.SelectedSelectionKeySetSelector.select(SelectedSelectionKeySetSelector.java:62)&#10;        at io.netty.channel.nio.NioEventLoop.select(NioEventLoop.java:753)&#10;        at io.netty.channel.nio.NioEventLoop.run(NioEventLoop.java:408)&#10;        at io.netty.util.concurrent.SingleThreadEventExecutor$5.run(SingleThreadEventExecutor.java:897)&#10;        at io.netty.util.concurrent.FastThreadLocalRunnable.run(FastThreadLocalRunnable.java:30)&#10;        at java.lang.Thread.run(Thread.java:748)&#10;&quot;RatisPipelineUtilsThread&quot;  prio=5 tid=516 timed_waiting&#10;java.lang.Thread.State: TIMED_WAITING&#10;        at sun.misc.Unsafe.park(Native Method)&#10;        at java.util.concurrent.locks.LockSupport.parkNanos(LockSupport.java:215)&#10;        at java.util.concurrent.locks.AbstractQueuedSynchronizer$ConditionObject.awaitNanos(AbstractQueuedSynchronizer.java:2078)&#10;        at java.util.concurrent.ScheduledThreadPoolExecutor$DelayedWorkQueue.take(ScheduledThreadPoolExecutor.java:1093)&#10;        at java.util.concurrent.ScheduledThreadPoolExecutor$DelayedWorkQueue.take(ScheduledThreadPoolExecutor.java:809)&#10;        at java.util.concurrent.ThreadPoolExecutor.getTask(ThreadPoolExecutor.java:1074)&#10;        at java.util.concurrent.ThreadPoolExecutor.runWorker(ThreadPoolExecutor.java:1134)&#10;        at java.util.concurrent.ThreadPoolExecutor$Worker.run(ThreadPoolExecutor.java:624)&#10;        at java.lang.Thread.run(Thread.java:748)&#10;&quot;pool-47-thread-45&quot;  prio=5 tid=376 in Object.wait()&#10;java.lang.Thread.State: WAITING (on object monitor)&#10;        at sun.misc.Unsafe.park(Native Method)&#10;        at java.util.concurrent.locks.LockSupport.park(LockSupport.java:175)&#10;        at java.util.concurrent.locks.AbstractQueuedSynchronizer$ConditionObject.await(AbstractQueuedSynchronizer.java:2039)&#10;        at java.util.concurrent.ArrayBlockingQueue.take(ArrayBlockingQueue.java:403)&#10;        at java.util.concurrent.ThreadPoolExecutor.getTask(ThreadPoolExecutor.java:1074)&#10;        at java.util.concurrent.ThreadPoolExecutor.runWorker(ThreadPoolExecutor.java:1134)&#10;        at java.util.concurrent.ThreadPoolExecutor$Worker.run(ThreadPoolExecutor.java:624)&#10;        at java.lang.Thread.run(Thread.java:748)&#10;&quot;StateMachineUpdater-5f623e1f-d5a1-46cb-80d7-44327f36f2e1-group-25FD6EF8E273&quot; daemon prio=5 tid=537 in Object.wait()&#10;java.lang.Thread.State: WAITING (on object monitor)&#10;        at java.lang.Object.wait(Native Method)&#10;        at java.lang.Object.wait(Object.java:502)&#10;        at org.apache.ratis.server.impl.StateMachineUpdater.run(StateMachineUpdater.java:138)&#10;        at java.lang.Thread.run(Thread.java:748)&#10;&quot;qtp1110014943-250&quot; daemon prio=5 tid=250 runnable&#10;java.lang.Thread.State: RUNNABLE&#10;        at sun.nio.ch.EPollArrayWrapper.epollWait(Native Method)&#10;        at sun.nio.ch.EPollArrayWrapper.poll(EPollArrayWrapper.java:269)&#10;        at sun.nio.ch.EPollSelectorImpl.doSelect(EPollSelectorImpl.java:93)&#10;        at sun.nio.ch.SelectorImpl.lockAndDoSelect(SelectorImpl.java:86)&#10;        at sun.nio.ch.SelectorImpl.select(SelectorImpl.java:97)&#10;        at sun.nio.ch.SelectorImpl.select(SelectorImpl.java:101)&#10;        at org.eclipse.jetty.io.ManagedSelector$SelectorProducer.select(ManagedSelector.java:243)&#10;        at org.eclipse.jetty.io.ManagedSelector$SelectorProducer.produce(ManagedSelector.java:191)&#10;        at org.eclipse.jetty.util.thread.strategy.ExecuteProduceConsume.executeProduceConsume(ExecuteProduceConsume.java:249)&#10;        at org.eclipse.jetty.util.thread.strategy.ExecuteProduceConsume.produceConsume(ExecuteProduceConsume.java:148)&#10;        at org.eclipse.jetty.util.thread.strategy.ExecuteProduceConsume.execute(ExecuteProduceConsume.java:100)&#10;        at org.eclipse.jetty.io.ManagedSelector.run(ManagedSelector.java:147)&#10;        at org.eclipse.jetty.util.thread.QueuedThreadPool.runJob(QueuedThreadPool.java:671)&#10;        at org.eclipse.jetty.util.thread.QueuedThreadPool$2.run(QueuedThreadPool.java:589)&#10;        at java.lang.Thread.run(Thread.java:748)&#10;&quot;pool-89-thread-8&quot;  prio=5 tid=459 in Object.wait()&#10;java.lang.Thread.State: WAITING (on object monitor)&#10;        at sun.misc.Unsafe.park(Native Method)&#10;        at java.util.concurrent.locks.LockSupport.park(LockSupport.java:175)&#10;        at java.util.concurrent.locks.AbstractQueuedSynchronizer$ConditionObject.await(AbstractQueuedSynchronizer.java:2039)&#10;        at java.util.concurrent.ArrayBlockingQueue.take(ArrayBlockingQueue.java:403)&#10;        at java.util.concurrent.ThreadPoolExecutor.getTask(ThreadPoolExecutor.java:1074)&#10;        at java.util.concurrent.ThreadPoolExecutor.runWorker(ThreadPoolExecutor.java:1134)&#10;        at java.util.concurrent.ThreadPoolExecutor$Worker.run(ThreadPoolExecutor.java:624)&#10;        at java.lang.Thread.run(Thread.java:748)&#10;&quot;org.apache.hadoop.util.JvmPauseMonitor$Monitor@4f40c44a&quot; daemon prio=5 tid=240 timed_waiting&#10;java.lang.Thread.State: TIMED_WAITING&#10;        at java.lang.Thread.sleep(Native Method)&#10;        at org.apache.hadoop.util.JvmPauseMonitor$Monitor.run(JvmPauseMonitor.java:192)&#10;        at java.lang.Thread.run(Thread.java:748)&#10;&quot;org.eclipse.jetty.server.session.HashSessionManager@585c13deTimer&quot; daemon prio=5 tid=143 timed_waiting&#10;java.lang.Thread.State: TIMED_WAITING&#10;        at sun.misc.Unsafe.park(Native Method)&#10;        at java.util.concurrent.locks.LockSupport.parkNanos(LockSupport.java:215)&#10;        at java.util.concurrent.locks.AbstractQueuedSynchronizer$ConditionObject.awaitNanos(AbstractQueuedSynchronizer.java:2078)&#10;        at java.util.concurrent.ScheduledThreadPoolExecutor$DelayedWorkQueue.take(ScheduledThreadPoolExecutor.java:1093)&#10;        at java.util.concurrent.ScheduledThreadPoolExecutor$DelayedWorkQueue.take(ScheduledThreadPoolExecutor.java:809)&#10;        at java.util.concurrent.ThreadPoolExecutor.getTask(ThreadPoolExecutor.java:1074)&#10;        at java.util.concurrent.ThreadPoolExecutor.runWorker(ThreadPoolExecutor.java:1134)&#10;        at java.util.concurrent.ThreadPoolExecutor$Worker.run(ThreadPoolExecutor.java:624)&#10;        at java.lang.Thread.run(Thread.java:748)&#10;&quot;IPC Server handler 3 on 43271&quot; daemon prio=5 tid=53 timed_waiting&#10;java.lang.Thread.State: TIMED_WAITING&#10;        at sun.misc.Unsafe.park(Native Method)&#10;        at java.util.concurrent.locks.LockSupport.parkNanos(LockSupport.java:215)&#10;        at java.util.concurrent.locks.AbstractQueuedSynchronizer$ConditionObject.awaitNanos(AbstractQueuedSynchronizer.java:2078)&#10;        at java.util.concurrent.LinkedBlockingQueue.poll(LinkedBlockingQueue.java:467)&#10;        at org.apache.hadoop.ipc.CallQueueManager.take(CallQueueManager.java:288)&#10;        at org.apache.hadoop.ipc.Server$Handler.run(Server.java:2668)&#10;&quot;Timer-0&quot;  prio=5 tid=113 timed_waiting&#10;java.lang.Thread.State: TIMED_WAITING&#10;        at java.lang.Object.wait(Native Method)&#10;        at java.util.TimerThread.mainLoop(Timer.java:552)&#10;        at java.util.TimerThread.run(Timer.java:505)&#10;&quot;pool-26-thread-55&quot;  prio=5 tid=325 in Object.wait()&#10;java.lang.Thread.State: WAITING (on object monitor)&#10;        at sun.misc.Unsafe.park(Native Method)&#10;        at java.util.concurrent.locks.LockSupport.park(LockSupport.java:175)&#10;        at java.util.concurrent.locks.AbstractQueuedSynchronizer$ConditionObject.await(AbstractQueuedSynchronizer.java:2039)&#10;        at java.util.concurrent.ArrayBlockingQueue.take(ArrayBlockingQueue.java:403)&#10;        at java.util.concurrent.ThreadPoolExecutor.getTask(ThreadPoolExecutor.java:1074)&#10;        at java.util.concurrent.ThreadPoolExecutor.runWorker(ThreadPoolExecutor.java:1134)&#10;        at java.util.concurrent.ThreadPoolExecutor$Worker.run(ThreadPoolExecutor.java:624)&#10;        at java.lang.Thread.run(Thread.java:748)&#10;&quot;Datanode State Machine Thread - 0&quot; daemon prio=5 tid=262 timed_waiting&#10;java.lang.Thread.State: TIMED_WAITING&#10;        at java.lang.Thread.sleep(Native Method)&#10;        at org.apache.hadoop.ozone.container.common.statemachine.DatanodeStateMachine.start(DatanodeStateMachine.java:191)&#10;        at org.apache.hadoop.ozone.container.common.statemachine.DatanodeStateMachine.lambda$startDaemon$0(DatanodeStateMachine.java:349)&#10;        at org.apache.hadoop.ozone.container.common.statemachine.DatanodeStateMachine$$Lambda$139/90628418.run(Unknown Source)&#10;        at java.lang.Thread.run(Thread.java:748)&#10;&quot;pool-68-thread-53&quot;  prio=5 tid=444 in Object.wait()&#10;java.lang.Thread.State: WAITING (on object monitor)&#10;        at sun.misc.Unsafe.park(Native Method)&#10;        at java.util.concurrent.locks.LockSupport.park(LockSupport.java:175)&#10;        at java.util.concurrent.locks.AbstractQueuedSynchronizer$ConditionObject.await(AbstractQueuedSynchronizer.java:2039)&#10;        at java.util.concurrent.ArrayBlockingQueue.take(ArrayBlockingQueue.java:403)&#10;        at java.util.concurrent.ThreadPoolExecutor.getTask(ThreadPoolExecutor.java:1074)&#10;        at java.util.concurrent.ThreadPoolExecutor.runWorker(ThreadPoolExecutor.java:1134)&#10;        at java.util.concurrent.ThreadPoolExecutor$Worker.run(ThreadPoolExecutor.java:624)&#10;        at java.lang.Thread.run(Thread.java:748)&#10;&quot;qtp1018742990-167&quot; daemon prio=5 tid=167 timed_waiting&#10;java.lang.Thread.State: TIMED_WAITING&#10;        at sun.misc.Unsafe.park(Native Method)&#10;        at java.util.concurrent.locks.LockSupport.parkNanos(LockSupport.java:215)&#10;        at java.util.concurrent.locks.AbstractQueuedSynchronizer$ConditionObject.awaitNanos(AbstractQueuedSynchronizer.java:2078)&#10;        at org.eclipse.jetty.util.BlockingArrayQueue.poll(BlockingArrayQueue.java:392)&#10;        at org.eclipse.jetty.util.thread.QueuedThreadPool.idleJobPoll(QueuedThreadPool.java:563)&#10;        at org.eclipse.jetty.util.thread.QueuedThreadPool.access$800(QueuedThreadPool.java:48)&#10;        at org.eclipse.jetty.util.thread.QueuedThreadPool$2.run(QueuedThreadPool.java:626)&#10;        at java.lang.Thread.run(Thread.java:748)&#10;&quot;pool-68-thread-50&quot;  prio=5 tid=441 in Object.wait()&#10;java.lang.Thread.State: WAITING (on object monitor)&#10;        at sun.misc.Unsafe.park(Native Method)&#10;        at java.util.concurrent.locks.LockSupport.park(LockSupport.java:175)&#10;        at java.util.concurrent.locks.AbstractQueuedSynchronizer$ConditionObject.await(AbstractQueuedSynchronizer.java:2039)&#10;        at java.util.concurrent.ArrayBlockingQueue.take(ArrayBlockingQueue.java:403)&#10;        at java.util.concurrent.ThreadPoolExecutor.getTask(ThreadPoolExecutor.java:1074)&#10;        at java.util.concurrent.ThreadPoolExecutor.runWorker(ThreadPoolExecutor.java:1134)&#10;        at java.util.concurrent.ThreadPoolExecutor$Worker.run(ThreadPoolExecutor.java:624)&#10;        at java.lang.Thread.run(Thread.java:748)&#10;&quot;pool-26-thread-18&quot;  prio=5 tid=288 in Object.wait()&#10;java.lang.Thread.State: WAITING (on object monitor)&#10;        at sun.misc.Unsafe.park(Native Method)&#10;        at java.util.concurrent.locks.LockSupport.park(LockSupport.java:175)&#10;        at java.util.concurrent.locks.AbstractQueuedSynchronizer$ConditionObject.await(AbstractQueuedSynchronizer.java:2039)&#10;        at java.util.concurrent.ArrayBlockingQueue.take(ArrayBlockingQueue.java:403)&#10;        at java.util.concurrent.ThreadPoolExecutor.getTask(ThreadPoolExecutor.java:1074)&#10;        at java.util.concurrent.ThreadPoolExecutor.runWorker(ThreadPoolExecutor.java:1134)&#10;        at java.util.concurrent.ThreadPoolExecutor$Worker.run(ThreadPoolExecutor.java:624)&#10;        at java.lang.Thread.run(Thread.java:748)&#10;&quot;StateMachineUpdater-0648b2e2-fdfc-41ec-97df-bc2f9c4ea8df-group-EDC286A1F32D&quot; daemon prio=5 tid=550 in Object.wait()&#10;java.lang.Thread.State: WAITING (on object monitor)&#10;        at java.lang.Object.wait(Native Method)&#10;        at java.lang.Object.wait(Object.java:502)&#10;        at org.apache.ratis.server.impl.StateMachineUpdater.run(StateMachineUpdater.java:138)&#10;        at java.lang.Thread.run(Thread.java:748)&#10;&quot;pool-89-thread-18&quot;  prio=5 tid=469 in Object.wait()&#10;java.lang.Thread.State: WAITING (on object monitor)&#10;        at sun.misc.Unsafe.park(Native Method)&#10;        at java.util.concurrent.locks.LockSupport.park(LockSupport.java:175)&#10;        at java.util.concurrent.locks.AbstractQueuedSynchronizer$ConditionObject.await(AbstractQueuedSynchronizer.java:2039)&#10;        at java.util.concurrent.ArrayBlockingQueue.take(ArrayBlockingQueue.java:403)&#10;        at java.util.concurrent.ThreadPoolExecutor.getTask(ThreadPoolExecutor.java:1074)&#10;        at java.util.concurrent.ThreadPoolExecutor.runWorker(ThreadPoolExecutor.java:1134)&#10;        at java.util.concurrent.ThreadPoolExecutor$Worker.run(ThreadPoolExecutor.java:624)&#10;        at java.lang.Thread.run(Thread.java:748)&#10;&quot;Periodic HDDS volume checker&quot;  prio=5 tid=151 timed_waiting&#10;java.lang.Thread.State: TIMED_WAITING&#10;        at sun.misc.Unsafe.park(Native Method)&#10;        at java.util.concurrent.locks.LockSupport.parkNanos(LockSupport.java:215)&#10;        at java.util.concurrent.locks.AbstractQueuedSynchronizer$ConditionObject.awaitNanos(AbstractQueuedSynchronizer.java:2078)&#10;        at java.util.concurrent.ScheduledThreadPoolExecutor$DelayedWorkQueue.take(ScheduledThreadPoolExecutor.java:1093)&#10;        at java.util.concurrent.ScheduledThreadPoolExecutor$DelayedWorkQueue.take(ScheduledThreadPoolExecutor.java:809)&#10;        at java.util.concurrent.ThreadPoolExecutor.getTask(ThreadPoolExecutor.java:1074)&#10;        at java.util.concurrent.ThreadPoolExecutor.runWorker(ThreadPoolExecutor.java:1134)&#10;        at java.util.concurrent.ThreadPoolExecutor$Worker.run(ThreadPoolExecutor.java:624)&#10;        at java.lang.Thread.run(Thread.java:748)&#10;&quot;IPC Server handler 11 on 34963&quot; daemon prio=5 tid=81 timed_waiting&#10;java.lang.Thread.State: TIMED_WAITING&#10;        at sun.misc.Unsafe.park(Native Method)&#10;        at java.util.concurrent.locks.LockSupport.parkNanos(LockSupport.java:215)&#10;        at java.util.concurrent.locks.AbstractQueuedSynchronizer$ConditionObject.awaitNanos(AbstractQueuedSynchronizer.java:2078)&#10;        at java.util.concurrent.LinkedBlockingQueue.poll(LinkedBlockingQueue.java:467)&#10;        at org.apache.hadoop.ipc.CallQueueManager.take(CallQueueManager.java:288)&#10;        at org.apache.hadoop.ipc.Server$Handler.run(Server.java:2668)&#10;&quot;org.eclipse.jetty.server.session.HashSessionManager@6175619bTimer&quot; daemon prio=5 tid=99 timed_waiting&#10;java.lang.Thread.State: TIMED_WAITING&#10;        at sun.misc.Unsafe.park(Native Method)&#10;        at java.util.concurrent.locks.LockSupport.parkNanos(LockSupport.java:215)&#10;        at java.util.concurrent.locks.AbstractQueuedSynchronizer$ConditionObject.awaitNanos(AbstractQueuedSynchronizer.java:2078)&#10;        at java.util.concurrent.ScheduledThreadPoolExecutor$DelayedWorkQueue.take(ScheduledThreadPoolExecutor.java:1093)&#10;        at java.util.concurrent.ScheduledThreadPoolExecutor$DelayedWorkQueue.take(ScheduledThreadPoolExecutor.java:809)&#10;        at java.util.concurrent.ThreadPoolExecutor.getTask(ThreadPoolExecutor.java:1074)&#10;        at java.util.concurrent.ThreadPoolExecutor.runWorker(ThreadPoolExecutor.java:1134)&#10;        at java.util.concurrent.ThreadPoolExecutor$Worker.run(ThreadPoolExecutor.java:624)&#10;        at java.lang.Thread.run(Thread.java:748)&#10;&quot;pool-26-thread-23&quot;  prio=5 tid=293 in Object.wait()&#10;java.lang.Thread.State: WAITING (on object monitor)&#10;        at sun.misc.Unsafe.park(Native Method)&#10;        at java.util.concurrent.locks.LockSupport.park(LockSupport.java:175)&#10;        at java.util.concurrent.locks.AbstractQueuedSynchronizer$ConditionObject.await(AbstractQueuedSynchronizer.java:2039)&#10;        at java.util.concurrent.ArrayBlockingQueue.take(ArrayBlockingQueue.java:403)&#10;        at java.util.concurrent.ThreadPoolExecutor.getTask(ThreadPoolExecutor.java:1074)&#10;        at java.util.concurrent.ThreadPoolExecutor.runWorker(ThreadPoolExecutor.java:1134)&#10;        at java.util.concurrent.ThreadPoolExecutor$Worker.run(ThreadPoolExecutor.java:624)&#10;        at java.lang.Thread.run(Thread.java:748)&#10;&quot;pool-104-thread-1&quot;  prio=5 tid=249 timed_waiting&#10;java.lang.Thread.State: TIMED_WAITING&#10;        at sun.misc.Unsafe.park(Native Method)&#10;        at java.util.concurrent.locks.LockSupport.parkNanos(LockSupport.java:215)&#10;        at java.util.concurrent.locks.AbstractQueuedSynchronizer$ConditionObject.awaitNanos(AbstractQueuedSynchronizer.java:2078)&#10;        at java.util.concurrent.ScheduledThreadPoolExecutor$DelayedWorkQueue.take(ScheduledThreadPoolExecutor.java:1093)&#10;        at java.util.concurrent.ScheduledThreadPoolExecutor$DelayedWorkQueue.take(ScheduledThreadPoolExecutor.java:809)&#10;        at java.util.concurrent.ThreadPoolExecutor.getTask(ThreadPoolExecutor.java:1074)&#10;        at java.util.concurrent.ThreadPoolExecutor.runWorker(ThreadPoolExecutor.java:1134)&#10;        at java.util.concurrent.ThreadPoolExecutor$Worker.run(ThreadPoolExecutor.java:624)&#10;        at java.lang.Thread.run(Thread.java:748)&#10;&quot;IPC Server handler 18 on 40125&quot; daemon prio=5 tid=48 timed_waiting&#10;java.lang.Thread.State: TIMED_WAITING&#10;        at sun.misc.Unsafe.park(Native Method)&#10;        at java.util.concurrent.locks.LockSupport.parkNanos(LockSupport.java:215)&#10;        at java.util.concurrent.locks.AbstractQueuedSynchronizer$ConditionObject.awaitNanos(AbstractQueuedSynchronizer.java:2078)&#10;        at java.util.concurrent.LinkedBlockingQueue.poll(LinkedBlockingQueue.java:467)&#10;        at org.apache.hadoop.ipc.CallQueueManager.take(CallQueueManager.java:288)&#10;        at org.apache.hadoop.ipc.Server$Handler.run(Server.java:2668)&#10;&quot;pool-89-thread-30&quot;  prio=5 tid=481 in Object.wait()&#10;java.lang.Thread.State: WAITING (on object monitor)&#10;        at sun.misc.Unsafe.park(Native Method)&#10;        at java.util.concurrent.locks.LockSupport.park(LockSupport.java:175)&#10;        at java.util.concurrent.locks.AbstractQueuedSynchronizer$ConditionObject.await(AbstractQueuedSynchronizer.java:2039)&#10;        at java.util.concurrent.ArrayBlockingQueue.take(ArrayBlockingQueue.java:403)&#10;        at java.util.concurrent.ThreadPoolExecutor.getTask(ThreadPoolExecutor.java:1074)&#10;        at java.util.concurrent.ThreadPoolExecutor.runWorker(ThreadPoolExecutor.java:1134)&#10;        at java.util.concurrent.ThreadPoolExecutor$Worker.run(ThreadPoolExecutor.java:624)&#10;        at java.lang.Thread.run(Thread.java:748)&#10;&quot;pool-47-thread-21&quot;  prio=5 tid=352 in Object.wait()&#10;java.lang.Thread.State: WAITING (on object monitor)&#10;        at sun.misc.Unsafe.park(Native Method)&#10;        at java.util.concurrent.locks.LockSupport.park(LockSupport.java:175)&#10;        at java.util.concurrent.locks.AbstractQueuedSynchronizer$ConditionObject.await(AbstractQueuedSynchronizer.java:2039)&#10;        at java.util.concurrent.ArrayBlockingQueue.take(ArrayBlockingQueue.java:403)&#10;        at java.util.concurrent.ThreadPoolExecutor.getTask(ThreadPoolExecutor.java:1074)&#10;        at java.util.concurrent.ThreadPoolExecutor.runWorker(ThreadPoolExecutor.java:1134)&#10;        at java.util.concurrent.ThreadPoolExecutor$Worker.run(ThreadPoolExecutor.java:624)&#10;        at java.lang.Thread.run(Thread.java:748)&#10;&quot;StateMachineUpdater-5f623e1f-d5a1-46cb-80d7-44327f36f2e1-group-EDC286A1F32D&quot; daemon prio=5 tid=545 in Object.wait()&#10;java.lang.Thread.State: WAITING (on object monitor)&#10;        at java.lang.Object.wait(Native Method)&#10;        at java.lang.Object.wait(Object.java:502)&#10;        at org.apache.ratis.server.impl.StateMachineUpdater.run(StateMachineUpdater.java:138)&#10;        at java.lang.Thread.run(Thread.java:748)&#10;&quot;IPC Server handler 7 on 34963&quot; daemon prio=5 tid=77 timed_waiting&#10;java.lang.Thread.State: TIMED_WAITING&#10;        at sun.misc.Unsafe.park(Native Method)&#10;        at java.util.concurrent.locks.LockSupport.parkNanos(LockSupport.java:215)&#10;        at java.util.concurrent.locks.AbstractQueuedSynchronizer$ConditionObject.awaitNanos(AbstractQueuedSynchronizer.java:2078)&#10;        at java.util.concurrent.LinkedBlockingQueue.poll(LinkedBlockingQueue.java:467)&#10;        at org.apache.hadoop.ipc.CallQueueManager.take(CallQueueManager.java:288)&#10;        at org.apache.hadoop.ipc.Server$Handler.run(Server.java:2668)&#10;&quot;grpc-default-executor-0&quot; daemon prio=5 tid=522 timed_waiting&#10;java.lang.Thread.State: TIMED_WAITING&#10;        at sun.misc.Unsafe.park(Native Method)&#10;        at java.util.concurrent.locks.LockSupport.parkNanos(LockSupport.java:215)&#10;        at java.util.concurrent.SynchronousQueue$TransferStack.awaitFulfill(SynchronousQueue.java:460)&#10;        at java.util.concurrent.SynchronousQueue$TransferStack.transfer(SynchronousQueue.java:362)&#10;        at java.util.concurrent.SynchronousQueue.poll(SynchronousQueue.java:941)&#10;        at java.util.concurrent.ThreadPoolExecutor.getTask(ThreadPoolExecutor.java:1073)&#10;        at java.util.concurrent.ThreadPoolExecutor.runWorker(ThreadPoolExecutor.java:1134)&#10;        at java.util.concurrent.ThreadPoolExecutor$Worker.run(ThreadPoolExecutor.java:624)&#10;        at java.lang.Thread.run(Thread.java:748)&#10;&quot;java.util.concurrent.ThreadPoolExecutor$Worker@8fb99e6[State = -1, empty queue]&quot; daemon prio=5 tid=571 timed_waiting&#10;java.lang.Thread.State: TIMED_WAITING&#10;        at sun.misc.Unsafe.park(Native Method)&#10;        at java.util.concurrent.locks.LockSupport.parkNanos(LockSupport.java:215)&#10;        at java.util.concurrent.locks.AbstractQueuedSynchronizer$ConditionObject.awaitNanos(AbstractQueuedSynchronizer.java:2078)&#10;        at java.util.concurrent.ScheduledThreadPoolExecutor$DelayedWorkQueue.take(ScheduledThreadPoolExecutor.java:1093)&#10;        at java.util.concurrent.ScheduledThreadPoolExecutor$DelayedWorkQueue.take(ScheduledThreadPoolExecutor.java:809)&#10;        at java.util.concurrent.ThreadPoolExecutor.getTask(ThreadPoolExecutor.java:1074)&#10;        at java.util.concurrent.ThreadPoolExecutor.runWorker(ThreadPoolExecutor.java:1134)&#10;        at java.util.concurrent.ThreadPoolExecutor$Worker.run(ThreadPoolExecutor.java:624)&#10;        at java.lang.Thread.run(Thread.java:748)&#10;&quot;pool-47-thread-46&quot;  prio=5 tid=377 in Object.wait()&#10;java.lang.Thread.State: WAITING (on object monitor)&#10;        at sun.misc.Unsafe.park(Native Method)&#10;        at java.util.concurrent.locks.LockSupport.park(LockSupport.java:175)&#10;        at java.util.concurrent.locks.AbstractQueuedSynchronizer$ConditionObject.await(AbstractQueuedSynchronizer.java:2039)&#10;        at java.util.concurrent.ArrayBlockingQueue.take(ArrayBlockingQueue.java:403)&#10;        at java.util.concurrent.ThreadPoolExecutor.getTask(ThreadPoolExecutor.java:1074)&#10;        at java.util.concurrent.ThreadPoolExecutor.runWorker(ThreadPoolExecutor.java:1134)&#10;        at java.util.concurrent.ThreadPoolExecutor$Worker.run(ThreadPoolExecutor.java:624)&#10;        at java.lang.Thread.run(Thread.java:748)&#10;&quot;qtp790689709-194&quot; daemon prio=5 tid=194 timed_waiting&#10;java.lang.Thread.State: TIMED_WAITING&#10;        at sun.misc.Unsafe.park(Native Method)&#10;        at java.util.concurrent.locks.LockSupport.parkNanos(LockSupport.java:215)&#10;        at java.util.concurrent.locks.AbstractQueuedSynchronizer$ConditionObject.awaitNanos(AbstractQueuedSynchronizer.java:2078)&#10;        at org.eclipse.jetty.util.BlockingArrayQueue.poll(BlockingArrayQueue.java:392)&#10;        at org.eclipse.jetty.util.thread.QueuedThreadPool.idleJobPoll(QueuedThreadPool.java:563)&#10;        at org.eclipse.jetty.util.thread.QueuedThreadPool.access$800(QueuedThreadPool.java:48)&#10;        at org.eclipse.jetty.util.thread.QueuedThreadPool$2.run(QueuedThreadPool.java:626)&#10;        at java.lang.Thread.run(Thread.java:748)&#10;&quot;IPC Server handler 14 on 40125&quot; daemon prio=5 tid=44 timed_waiting&#10;java.lang.Thread.State: TIMED_WAITING&#10;        at sun.misc.Unsafe.park(Native Method)&#10;        at java.util.concurrent.locks.LockSupport.parkNanos(LockSupport.java:215)&#10;        at java.util.concurrent.locks.AbstractQueuedSynchronizer$ConditionObject.awaitNanos(AbstractQueuedSynchronizer.java:2078)&#10;        at java.util.concurrent.LinkedBlockingQueue.poll(LinkedBlockingQueue.java:467)&#10;        at org.apache.hadoop.ipc.CallQueueManager.take(CallQueueManager.java:288)&#10;        at org.apache.hadoop.ipc.Server$Handler.run(Server.java:2668)&#10;&quot;pool-26-thread-36&quot;  prio=5 tid=306 in Object.wait()&#10;java.lang.Thread.State: WAITING (on object monitor)&#10;        at sun.misc.Unsafe.park(Native Method)&#10;        at java.util.concurrent.locks.LockSupport.park(LockSupport.java:175)&#10;        at java.util.concurrent.locks.AbstractQueuedSynchronizer$ConditionObject.await(AbstractQueuedSynchronizer.java:2039)&#10;        at java.util.concurrent.ArrayBlockingQueue.take(ArrayBlockingQueue.java:403)&#10;        at java.util.concurrent.ThreadPoolExecutor.getTask(ThreadPoolExecutor.java:1074)&#10;        at java.util.concurrent.ThreadPoolExecutor.runWorker(ThreadPoolExecutor.java:1134)&#10;        at java.util.concurrent.ThreadPoolExecutor$Worker.run(ThreadPoolExecutor.java:624)&#10;        at java.lang.Thread.run(Thread.java:748)&#10;&quot;IPC Server handler 2 on 34963&quot; daemon prio=5 tid=72 timed_waiting&#10;java.lang.Thread.State: TIMED_WAITING&#10;        at sun.misc.Unsafe.park(Native Method)&#10;        at java.util.concurrent.locks.LockSupport.parkNanos(LockSupport.java:215)&#10;        at java.util.concurrent.locks.AbstractQueuedSynchronizer$ConditionObject.awaitNanos(AbstractQueuedSynchronizer.java:2078)&#10;        at java.util.concurrent.LinkedBlockingQueue.poll(LinkedBlockingQueue.java:467)&#10;        at org.apache.hadoop.ipc.CallQueueManager.take(CallQueueManager.java:288)&#10;        at org.apache.hadoop.ipc.Server$Handler.run(Server.java:2668)&#10;&quot;pool-26-thread-44&quot;  prio=5 tid=314 in Object.wait()&#10;java.lang.Thread.State: WAITING (on object monitor)&#10;        at sun.misc.Unsafe.park(Native Method)&#10;        at java.util.concurrent.locks.LockSupport.park(LockSupport.java:175)&#10;        at java.util.concurrent.locks.AbstractQueuedSynchronizer$ConditionObject.await(AbstractQueuedSynchronizer.java:2039)&#10;        at java.util.concurrent.ArrayBlockingQueue.take(ArrayBlockingQueue.java:403)&#10;        at java.util.concurrent.ThreadPoolExecutor.getTask(ThreadPoolExecutor.java:1074)&#10;        at java.util.concurrent.ThreadPoolExecutor.runWorker(ThreadPoolExecutor.java:1134)&#10;        at java.util.concurrent.ThreadPoolExecutor$Worker.run(ThreadPoolExecutor.java:624)&#10;        at java.lang.Thread.run(Thread.java:748)&#10;&quot;pool-47-thread-38&quot;  prio=5 tid=369 in Object.wait()&#10;java.lang.Thread.State: WAITING (on object monitor)&#10;        at sun.misc.Unsafe.park(Native Method)&#10;        at java.util.concurrent.locks.LockSupport.park(LockSupport.java:175)&#10;        at java.util.concurrent.locks.AbstractQueuedSynchronizer$ConditionObject.await(AbstractQueuedSynchronizer.java:2039)&#10;        at java.util.concurrent.ArrayBlockingQueue.take(ArrayBlockingQueue.java:403)&#10;        at java.util.concurrent.ThreadPoolExecutor.getTask(ThreadPoolExecutor.java:1074)&#10;        at java.util.concurrent.ThreadPoolExecutor.runWorker(ThreadPoolExecutor.java:1134)&#10;        at java.util.concurrent.ThreadPoolExecutor$Worker.run(ThreadPoolExecutor.java:624)&#10;        at java.lang.Thread.run(Thread.java:748)&#10;&quot;pool-68-thread-27&quot;  prio=5 tid=418 in Object.wait()&#10;java.lang.Thread.State: WAITING (on object monitor)&#10;        at sun.misc.Unsafe.park(Native Method)&#10;        at java.util.concurrent.locks.LockSupport.park(LockSupport.java:175)&#10;        at java.util.concurrent.locks.AbstractQueuedSynchronizer$ConditionObject.await(AbstractQueuedSynchronizer.java:2039)&#10;        at java.util.concurrent.ArrayBlockingQueue.take(ArrayBlockingQueue.java:403)&#10;        at java.util.concurrent.ThreadPoolExecutor.getTask(ThreadPoolExecutor.java:1074)&#10;        at java.util.concurrent.ThreadPoolExecutor.runWorker(ThreadPoolExecutor.java:1134)&#10;        at java.util.concurrent.ThreadPoolExecutor$Worker.run(ThreadPoolExecutor.java:624)&#10;        at java.lang.Thread.run(Thread.java:748)&#10;&quot;StateMachineUpdater-74d2ffc1-745f-4c1a-9401-137b1ece8223-group-7D58C4DB3C0D&quot; daemon prio=5 tid=532 in Object.wait()&#10;java.lang.Thread.State: WAITING (on object monitor)&#10;        at java.lang.Object.wait(Native Method)&#10;        at java.lang.Object.wait(Object.java:502)&#10;        at org.apache.ratis.server.impl.StateMachineUpdater.run(StateMachineUpdater.java:138)&#10;        at java.lang.Thread.run(Thread.java:748)&#10;&quot;IPC Server handler 6 on 43271&quot; daemon prio=5 tid=56 timed_waiting&#10;java.lang.Thread.State: TIMED_WAITING&#10;        at sun.misc.Unsafe.park(Native Method)&#10;        at java.util.concurrent.locks.LockSupport.parkNanos(LockSupport.java:215)&#10;        at java.util.concurrent.locks.AbstractQueuedSynchronizer$ConditionObject.awaitNanos(AbstractQueuedSynchronizer.java:2078)&#10;        at java.util.concurrent.LinkedBlockingQueue.poll(LinkedBlockingQueue.java:467)&#10;        at org.apache.hadoop.ipc.CallQueueManager.take(CallQueueManager.java:288)&#10;        at org.apache.hadoop.ipc.Server$Handler.run(Server.java:2668)&#10;&quot;IPC Server handler 18 on 42937&quot; daemon prio=5 tid=132 timed_waiting&#10;java.lang.Thread.State: TIMED_WAITING&#10;        at sun.misc.Unsafe.park(Native Method)&#10;        at java.util.concurrent.locks.LockSupport.parkNanos(LockSupport.java:215)&#10;        at java.util.concurrent.locks.AbstractQueuedSynchronizer$ConditionObject.awaitNanos(AbstractQueuedSynchronizer.java:2078)&#10;        at java.util.concurrent.LinkedBlockingQueue.poll(LinkedBlockingQueue.java:467)&#10;        at org.apache.hadoop.ipc.CallQueueManager.take(CallQueueManager.java:288)&#10;        at org.apache.hadoop.ipc.Server$Handler.run(Server.java:2668)&#10;&quot;pool-26-thread-12&quot;  prio=5 tid=282 in Object.wait()&#10;java.lang.Thread.State: WAITING (on object monitor)&#10;        at sun.misc.Unsafe.park(Native Method)&#10;        at java.util.concurrent.locks.LockSupport.park(LockSupport.java:175)&#10;        at java.util.concurrent.locks.AbstractQueuedSynchronizer$ConditionObject.await(AbstractQueuedSynchronizer.java:2039)&#10;        at java.util.concurrent.ArrayBlockingQueue.take(ArrayBlockingQueue.java:403)&#10;        at java.util.concurrent.ThreadPoolExecutor.getTask(ThreadPoolExecutor.java:1074)&#10;        at java.util.concurrent.ThreadPoolExecutor.runWorker(ThreadPoolExecutor.java:1134)&#10;        at java.util.concurrent.ThreadPoolExecutor$Worker.run(ThreadPoolExecutor.java:624)&#10;        at java.lang.Thread.run(Thread.java:748)&#10;&quot;IPC Server handler 3 on 34963&quot; daemon prio=5 tid=73 timed_waiting&#10;java.lang.Thread.State: TIMED_WAITING&#10;        at sun.misc.Unsafe.park(Native Method)&#10;        at java.util.concurrent.locks.LockSupport.parkNanos(LockSupport.java:215)&#10;        at java.util.concurrent.locks.AbstractQueuedSynchronizer$ConditionObject.awaitNanos(AbstractQueuedSynchronizer.java:2078)&#10;        at java.util.concurrent.LinkedBlockingQueue.poll(LinkedBlockingQueue.java:467)&#10;        at org.apache.hadoop.ipc.CallQueueManager.take(CallQueueManager.java:288)&#10;        at org.apache.hadoop.ipc.Server$Handler.run(Server.java:2668)&#10;&quot;EventQueue-ContainerReportForContainerReportHandler&quot; daemon prio=5 tid=513 in Object.wait()&#10;java.lang.Thread.State: WAITING (on object monitor)&#10;        at sun.misc.Unsafe.park(Native Method)&#10;        at java.util.concurrent.locks.LockSupport.park(LockSupport.java:175)&#10;        at java.util.concurrent.locks.AbstractQueuedSynchronizer$ConditionObject.await(AbstractQueuedSynchronizer.java:2039)&#10;        at java.util.concurrent.LinkedBlockingQueue.take(LinkedBlockingQueue.java:442)&#10;        at java.util.concurrent.ThreadPoolExecutor.getTask(ThreadPoolExecutor.java:1074)&#10;        at java.util.concurrent.ThreadPoolExecutor.runWorker(ThreadPoolExecutor.java:1134)&#10;        at java.util.concurrent.ThreadPoolExecutor$Worker.run(ThreadPoolExecutor.java:624)&#10;        at java.lang.Thread.run(Thread.java:748)&#10;&quot;pool-47-thread-36&quot;  prio=5 tid=367 in Object.wait()&#10;java.lang.Thread.State: WAITING (on object monitor)&#10;        at sun.misc.Unsafe.park(Native Method)&#10;        at java.util.concurrent.locks.LockSupport.park(LockSupport.java:175)&#10;        at java.util.concurrent.locks.AbstractQueuedSynchronizer$ConditionObject.await(AbstractQueuedSynchronizer.java:2039)&#10;        at java.util.concurrent.ArrayBlockingQueue.take(ArrayBlockingQueue.java:403)&#10;        at java.util.concurrent.ThreadPoolExecutor.getTask(ThreadPoolExecutor.java:1074)&#10;        at java.util.concurrent.ThreadPoolExecutor.runWorker(ThreadPoolExecutor.java:1134)&#10;        at java.util.concurrent.ThreadPoolExecutor$Worker.run(ThreadPoolExecutor.java:624)&#10;        at java.lang.Thread.run(Thread.java:748)&#10;&quot;pool-68-thread-2&quot;  prio=5 tid=393 in Object.wait()&#10;java.lang.Thread.State: WAITING (on object monitor)&#10;        at sun.misc.Unsafe.park(Native Method)&#10;        at java.util.concurrent.locks.LockSupport.park(LockSupport.java:175)&#10;        at java.util.concurrent.locks.AbstractQueuedSynchronizer$ConditionObject.await(AbstractQueuedSynchronizer.java:2039)&#10;        at java.util.concurrent.ArrayBlockingQueue.take(ArrayBlockingQueue.java:403)&#10;        at java.util.concurrent.ThreadPoolExecutor.getTask(ThreadPoolExecutor.java:1074)&#10;        at java.util.concurrent.ThreadPoolExecutor.runWorker(ThreadPoolExecutor.java:1134)&#10;        at java.util.concurrent.ThreadPoolExecutor$Worker.run(ThreadPoolExecutor.java:624)&#10;        at java.lang.Thread.run(Thread.java:748)&#10;&quot;pool-26-thread-60&quot;  prio=5 tid=330 in Object.wait()&#10;java.lang.Thread.State: WAITING (on object monitor)&#10;        at sun.misc.Unsafe.park(Native Method)&#10;        at java.util.concurrent.locks.LockSupport.park(LockSupport.java:175)&#10;        at java.util.concurrent.locks.AbstractQueuedSynchronizer$ConditionObject.await(AbstractQueuedSynchronizer.java:2039)&#10;        at java.util.concurrent.ArrayBlockingQueue.take(ArrayBlockingQueue.java:403)&#10;        at java.util.concurrent.ThreadPoolExecutor.getTask(ThreadPoolExecutor.java:1074)&#10;        at java.util.concurrent.ThreadPoolExecutor.runWorker(ThreadPoolExecutor.java:1134)&#10;        at java.util.concurrent.ThreadPoolExecutor$Worker.run(ThreadPoolExecutor.java:624)&#10;        at java.lang.Thread.run(Thread.java:748)&#10;&quot;pool-26-thread-50&quot;  prio=5 tid=320 in Object.wait()&#10;java.lang.Thread.State: WAITING (on object monitor)&#10;        at sun.misc.Unsafe.park(Native Method)&#10;        at java.util.concurrent.locks.LockSupport.park(LockSupport.java:175)&#10;        at java.util.concurrent.locks.AbstractQueuedSynchronizer$ConditionObject.await(AbstractQueuedSynchronizer.java:2039)&#10;        at java.util.concurrent.ArrayBlockingQueue.take(ArrayBlockingQueue.java:403)&#10;        at java.util.concurrent.ThreadPoolExecutor.getTask(ThreadPoolExecutor.java:1074)&#10;        at java.util.concurrent.ThreadPoolExecutor.runWorker(ThreadPoolExecutor.java:1134)&#10;        at java.util.concurrent.ThreadPoolExecutor$Worker.run(ThreadPoolExecutor.java:624)&#10;        at java.lang.Thread.run(Thread.java:748)&#10;&quot;pool-68-thread-51&quot;  prio=5 tid=442 in Object.wait()&#10;java.lang.Thread.State: WAITING (on object monitor)&#10;        at sun.misc.Unsafe.park(Native Method)&#10;        at java.util.concurrent.locks.LockSupport.park(LockSupport.java:175)&#10;        at java.util.concurrent.locks.AbstractQueuedSynchronizer$ConditionObject.await(AbstractQueuedSynchronizer.java:2039)&#10;        at java.util.concurrent.ArrayBlockingQueue.take(ArrayBlockingQueue.java:403)&#10;        at java.util.concurrent.ThreadPoolExecutor.getTask(ThreadPoolExecutor.java:1074)&#10;        at java.util.concurrent.ThreadPoolExecutor.runWorker(ThreadPoolExecutor.java:1134)&#10;        at java.util.concurrent.ThreadPoolExecutor$Worker.run(ThreadPoolExecutor.java:624)&#10;        at java.lang.Thread.run(Thread.java:748)&#10;&quot;pool-47-thread-20&quot;  prio=5 tid=351 in Object.wait()&#10;java.lang.Thread.State: WAITING (on object monitor)&#10;        at sun.misc.Unsafe.park(Native Method)&#10;        at java.util.concurrent.locks.LockSupport.park(LockSupport.java:175)&#10;        at java.util.concurrent.locks.AbstractQueuedSynchronizer$ConditionObject.await(AbstractQueuedSynchronizer.java:2039)&#10;        at java.util.concurrent.ArrayBlockingQueue.take(ArrayBlockingQueue.java:403)&#10;        at java.util.concurrent.ThreadPoolExecutor.getTask(ThreadPoolExecutor.java:1074)&#10;        at java.util.concurrent.ThreadPoolExecutor.runWorker(ThreadPoolExecutor.java:1134)&#10;        at java.util.concurrent.ThreadPoolExecutor$Worker.run(ThreadPoolExecutor.java:624)&#10;        at java.lang.Thread.run(Thread.java:748)&#10;&quot;IPC Server idle connection scanner for port 40125&quot; daemon prio=5 tid=25 timed_waiting&#10;java.lang.Thread.State: TIMED_WAITING&#10;        at java.lang.Object.wait(Native Method)&#10;        at java.util.TimerThread.mainLoop(Timer.java:552)&#10;        at java.util.TimerThread.run(Timer.java:505)&#10;&quot;pool-89-thread-45&quot;  prio=5 tid=496 in Object.wait()&#10;java.lang.Thread.State: WAITING (on object monitor)&#10;        at sun.misc.Unsafe.park(Native Method)&#10;        at java.util.concurrent.locks.LockSupport.park(LockSupport.java:175)&#10;        at java.util.concurrent.locks.AbstractQueuedSynchronizer$ConditionObject.await(AbstractQueuedSynchronizer.java:2039)&#10;        at java.util.concurrent.ArrayBlockingQueue.take(ArrayBlockingQueue.java:403)&#10;        at java.util.concurrent.ThreadPoolExecutor.getTask(ThreadPoolExecutor.java:1074)&#10;        at java.util.concurrent.ThreadPoolExecutor.runWorker(ThreadPoolExecutor.java:1134)&#10;        at java.util.concurrent.ThreadPoolExecutor$Worker.run(ThreadPoolExecutor.java:624)&#10;        at java.lang.Thread.run(Thread.java:748)&#10;&quot;pool-89-thread-28&quot;  prio=5 tid=479 in Object.wait()&#10;java.lang.Thread.State: WAITING (on object monitor)&#10;        at sun.misc.Unsafe.park(Native Method)&#10;        at java.util.concurrent.locks.LockSupport.park(LockSupport.java:175)&#10;        at java.util.concurrent.locks.AbstractQueuedSynchronizer$ConditionObject.await(AbstractQueuedSynchronizer.java:2039)&#10;        at java.util.concurrent.ArrayBlockingQueue.take(ArrayBlockingQueue.java:403)&#10;        at java.util.concurrent.ThreadPoolExecutor.getTask(ThreadPoolExecutor.java:1074)&#10;        at java.util.concurrent.ThreadPoolExecutor.runWorker(ThreadPoolExecutor.java:1134)&#10;        at java.util.concurrent.ThreadPoolExecutor$Worker.run(ThreadPoolExecutor.java:624)&#10;        at java.lang.Thread.run(Thread.java:748)&#10;&quot;Socket Reader #1 for port 40125&quot;  prio=5 tid=24 runnable&#10;java.lang.Thread.State: RUNNABLE&#10;        at sun.nio.ch.EPollArrayWrapper.epollWait(Native Method)&#10;        at sun.nio.ch.EPollArrayWrapper.poll(EPollArrayWrapper.java:269)&#10;        at sun.nio.ch.EPollSelectorImpl.doSelect(EPollSelectorImpl.java:93)&#10;        at sun.nio.ch.SelectorImpl.lockAndDoSelect(SelectorImpl.java:86)&#10;        at sun.nio.ch.SelectorImpl.select(SelectorImpl.java:97)&#10;        at sun.nio.ch.SelectorImpl.select(SelectorImpl.java:101)&#10;        at org.apache.hadoop.ipc.Server$Listener$Reader.doRunLoop(Server.java:1097)&#10;        at org.apache.hadoop.ipc.Server$Listener$Reader.run(Server.java:1076)&#10;&quot;pool-26-thread-7&quot;  prio=5 tid=277 in Object.wait()&#10;java.lang.Thread.State: WAITING (on object monitor)&#10;        at sun.misc.Unsafe.park(Native Method)&#10;        at java.util.concurrent.locks.LockSupport.park(LockSupport.java:175)&#10;        at java.util.concurrent.locks.AbstractQueuedSynchronizer$ConditionObject.await(AbstractQueuedSynchronizer.java:2039)&#10;        at java.util.concurrent.ArrayBlockingQueue.take(ArrayBlockingQueue.java:403)&#10;        at java.util.concurrent.ThreadPoolExecutor.getTask(ThreadPoolExecutor.java:1074)&#10;        at java.util.concurrent.ThreadPoolExecutor.runWorker(ThreadPoolExecutor.java:1134)&#10;        at java.util.concurrent.ThreadPoolExecutor$Worker.run(ThreadPoolExecutor.java:624)&#10;        at java.lang.Thread.run(Thread.java:748)&#10;&quot;IPC Server handler 1 on 42937&quot; daemon prio=5 tid=115 timed_waiting&#10;java.lang.Thread.State: TIMED_WAITING&#10;        at sun.misc.Unsafe.park(Native Method)&#10;        at java.util.concurrent.locks.LockSupport.parkNanos(LockSupport.java:215)&#10;        at java.util.concurrent.locks.AbstractQueuedSynchronizer$ConditionObject.awaitNanos(AbstractQueuedSynchronizer.java:2078)&#10;        at java.util.concurrent.LinkedBlockingQueue.poll(LinkedBlockingQueue.java:467)&#10;        at org.apache.hadoop.ipc.CallQueueManager.take(CallQueueManager.java:288)&#10;        at org.apache.hadoop.ipc.Server$Handler.run(Server.java:2668)&#10;&quot;IPC Server handler 0 on 34963&quot; daemon prio=5 tid=70 timed_waiting&#10;java.lang.Thread.State: TIMED_WAITING&#10;        at sun.misc.Unsafe.park(Native Method)&#10;        at java.util.concurrent.locks.LockSupport.parkNanos(LockSupport.java:215)&#10;        at java.util.concurrent.locks.AbstractQueuedSynchronizer$ConditionObject.awaitNanos(AbstractQueuedSynchronizer.java:2078)&#10;        at java.util.concurrent.LinkedBlockingQueue.poll(LinkedBlockingQueue.java:467)&#10;        at org.apache.hadoop.ipc.CallQueueManager.take(CallQueueManager.java:288)&#10;        at org.apache.hadoop.ipc.Server$Handler.run(Server.java:2668)&#10;&quot;pool-47-thread-47&quot;  prio=5 tid=378 in Object.wait()&#10;java.lang.Thread.State: WAITING (on object monitor)&#10;        at sun.misc.Unsafe.park(Native Method)&#10;        at java.util.concurrent.locks.LockSupport.park(LockSupport.java:175)&#10;        at java.util.concurrent.locks.AbstractQueuedSynchronizer$ConditionObject.await(AbstractQueuedSynchronizer.java:2039)&#10;        at java.util.concurrent.ArrayBlockingQueue.take(ArrayBlockingQueue.java:403)&#10;        at java.util.concurrent.ThreadPoolExecutor.getTask(ThreadPoolExecutor.java:1074)&#10;        at java.util.concurrent.ThreadPoolExecutor.runWorker(ThreadPoolExecutor.java:1134)&#10;        at java.util.concurrent.ThreadPoolExecutor$Worker.run(ThreadPoolExecutor.java:624)&#10;        at java.lang.Thread.run(Thread.java:748)&#10;&quot;pool-89-thread-31&quot;  prio=5 tid=482 in Object.wait()&#10;java.lang.Thread.State: WAITING (on object monitor)&#10;        at sun.misc.Unsafe.park(Native Method)&#10;        at java.util.concurrent.locks.LockSupport.park(LockSupport.java:175)&#10;        at java.util.concurrent.locks.AbstractQueuedSynchronizer$ConditionObject.await(AbstractQueuedSynchronizer.java:2039)&#10;        at java.util.concurrent.ArrayBlockingQueue.take(ArrayBlockingQueue.java:403)&#10;        at java.util.concurrent.ThreadPoolExecutor.getTask(ThreadPoolExecutor.java:1074)&#10;        at java.util.concurrent.ThreadPoolExecutor.runWorker(ThreadPoolExecutor.java:1134)&#10;        at java.util.concurrent.ThreadPoolExecutor$Worker.run(ThreadPoolExecutor.java:624)&#10;        at java.lang.Thread.run(Thread.java:748)&#10;&quot;pool-26-thread-45&quot;  prio=5 tid=315 in Object.wait()&#10;java.lang.Thread.State: WAITING (on object monitor)&#10;        at sun.misc.Unsafe.park(Native Method)&#10;        at java.util.concurrent.locks.LockSupport.park(LockSupport.java:175)&#10;        at java.util.concurrent.locks.AbstractQueuedSynchronizer$ConditionObject.await(AbstractQueuedSynchronizer.java:2039)&#10;        at java.util.concurrent.ArrayBlockingQueue.take(ArrayBlockingQueue.java:403)&#10;        at java.util.concurrent.ThreadPoolExecutor.getTask(ThreadPoolExecutor.java:1074)&#10;        at java.util.concurrent.ThreadPoolExecutor.runWorker(ThreadPoolExecutor.java:1134)&#10;        at java.util.concurrent.ThreadPoolExecutor$Worker.run(ThreadPoolExecutor.java:624)&#10;        at java.lang.Thread.run(Thread.java:748)&#10;&quot;pool-87-thread-1&quot; daemon prio=5 tid=245 timed_waiting&#10;java.lang.Thread.State: TIMED_WAITING&#10;        at sun.misc.Unsafe.park(Native Method)&#10;        at java.util.concurrent.locks.LockSupport.parkNanos(LockSupport.java:215)&#10;        at java.util.concurrent.locks.AbstractQueuedSynchronizer$ConditionObject.awaitNanos(AbstractQueuedSynchronizer.java:2078)&#10;        at java.util.concurrent.ScheduledThreadPoolExecutor$DelayedWorkQueue.take(ScheduledThreadPoolExecutor.java:1093)&#10;        at java.util.concurrent.ScheduledThreadPoolExecutor$DelayedWorkQueue.take(ScheduledThreadPoolExecutor.java:809)&#10;        at java.util.concurrent.ThreadPoolExecutor.getTask(ThreadPoolExecutor.java:1074)&#10;        at java.util.concurrent.ThreadPoolExecutor.runWorker(ThreadPoolExecutor.java:1134)&#10;        at java.util.concurrent.ThreadPoolExecutor$Worker.run(ThreadPoolExecutor.java:624)&#10;        at java.lang.Thread.run(Thread.java:748)&#10;&quot;pool-47-thread-50&quot;  prio=5 tid=381 in Object.wait()&#10;java.lang.Thread.State: WAITING (on object monitor)&#10;        at sun.misc.Unsafe.park(Native Method)&#10;        at java.util.concurrent.locks.LockSupport.park(LockSupport.java:175)&#10;        at java.util.concurrent.locks.AbstractQueuedSynchronizer$ConditionObject.await(AbstractQueuedSynchronizer.java:2039)&#10;        at java.util.concurrent.ArrayBlockingQueue.take(ArrayBlockingQueue.java:403)&#10;        at java.util.concurrent.ThreadPoolExecutor.getTask(ThreadPoolExecutor.java:1074)&#10;        at java.util.concurrent.ThreadPoolExecutor.runWorker(ThreadPoolExecutor.java:1134)&#10;        at java.util.concurrent.ThreadPoolExecutor$Worker.run(ThreadPoolExecutor.java:624)&#10;        at java.lang.Thread.run(Thread.java:748)&#10;&quot;IPC Server handler 9 on 43271&quot; daemon prio=5 tid=59 timed_waiting&#10;java.lang.Thread.State: TIMED_WAITING&#10;        at sun.misc.Unsafe.park(Native Method)&#10;        at java.util.concurrent.locks.LockSupport.parkNanos(LockSupport.java:215)&#10;        at java.util.concurrent.locks.AbstractQueuedSynchronizer$ConditionObject.awaitNanos(AbstractQueuedSynchronizer.java:2078)&#10;        at java.util.concurrent.LinkedBlockingQueue.poll(LinkedBlockingQueue.java:467)&#10;        at org.apache.hadoop.ipc.CallQueueManager.take(CallQueueManager.java:288)&#10;        at org.apache.hadoop.ipc.Server$Handler.run(Server.java:2668)&#10;&quot;pool-26-thread-21&quot;  prio=5 tid=291 in Object.wait()&#10;java.lang.Thread.State: WAITING (on object monitor)&#10;        at sun.misc.Unsafe.park(Native Method)&#10;        at java.util.concurrent.locks.LockSupport.park(LockSupport.java:175)&#10;        at java.util.concurrent.locks.AbstractQueuedSynchronizer$ConditionObject.await(AbstractQueuedSynchronizer.java:2039)&#10;        at java.util.concurrent.ArrayBlockingQueue.take(ArrayBlockingQueue.java:403)&#10;        at java.util.concurrent.ThreadPoolExecutor.getTask(ThreadPoolExecutor.java:1074)&#10;        at java.util.concurrent.ThreadPoolExecutor.runWorker(ThreadPoolExecutor.java:1134)&#10;        at java.util.concurrent.ThreadPoolExecutor$Worker.run(ThreadPoolExecutor.java:624)&#10;        at java.lang.Thread.run(Thread.java:748)&#10;&quot;pool-21-thread-1&quot;  prio=5 tid=134 timed_waiting&#10;java.lang.Thread.State: TIMED_WAITING&#10;        at sun.misc.Unsafe.park(Native Method)&#10;        at java.util.concurrent.locks.LockSupport.parkNanos(LockSupport.java:215)&#10;        at java.util.concurrent.locks.AbstractQueuedSynchronizer$ConditionObject.awaitNanos(AbstractQueuedSynchronizer.java:2078)&#10;        at java.util.concurrent.ScheduledThreadPoolExecutor$DelayedWorkQueue.take(ScheduledThreadPoolExecutor.java:1093)&#10;        at java.util.concurrent.ScheduledThreadPoolExecutor$DelayedWorkQueue.take(ScheduledThreadPoolExecutor.java:809)&#10;        at java.util.concurrent.ThreadPoolExecutor.getTask(ThreadPoolExecutor.java:1074)&#10;        at java.util.concurrent.ThreadPoolExecutor.runWorker(ThreadPoolExecutor.java:1134)&#10;        at java.util.concurrent.ThreadPoolExecutor$Worker.run(ThreadPoolExecutor.java:624)&#10;        at java.lang.Thread.run(Thread.java:748)&#10;&quot;pool-68-thread-52&quot;  prio=5 tid=443 in Object.wait()&#10;java.lang.Thread.State: WAITING (on object monitor)&#10;        at sun.misc.Unsafe.park(Native Method)&#10;        at java.util.concurrent.locks.LockSupport.park(LockSupport.java:175)&#10;        at java.util.concurrent.locks.AbstractQueuedSynchronizer$ConditionObject.await(AbstractQueuedSynchronizer.java:2039)&#10;        at java.util.concurrent.ArrayBlockingQueue.take(ArrayBlockingQueue.java:403)&#10;        at java.util.concurrent.ThreadPoolExecutor.getTask(ThreadPoolExecutor.java:1074)&#10;        at java.util.concurrent.ThreadPoolExecutor.runWorker(ThreadPoolExecutor.java:1134)&#10;        at java.util.concurrent.ThreadPoolExecutor$Worker.run(ThreadPoolExecutor.java:624)&#10;        at java.lang.Thread.run(Thread.java:748)&#10;&quot;pool-89-thread-46&quot;  prio=5 tid=497 in Object.wait()&#10;java.lang.Thread.State: WAITING (on object monitor)&#10;        at sun.misc.Unsafe.park(Native Method)&#10;        at java.util.concurrent.locks.LockSupport.park(LockSupport.java:175)&#10;        at java.util.concurrent.locks.AbstractQueuedSynchronizer$ConditionObject.await(AbstractQueuedSynchronizer.java:2039)&#10;        at java.util.concurrent.ArrayBlockingQueue.take(ArrayBlockingQueue.java:403)&#10;        at java.util.concurrent.ThreadPoolExecutor.getTask(ThreadPoolExecutor.java:1074)&#10;        at java.util.concurrent.ThreadPoolExecutor.runWorker(ThreadPoolExecutor.java:1134)&#10;        at java.util.concurrent.ThreadPoolExecutor$Worker.run(ThreadPoolExecutor.java:624)&#10;        at java.lang.Thread.run(Thread.java:748)&#10;&quot;pool-68-thread-13&quot;  prio=5 tid=404 in Object.wait()&#10;java.lang.Thread.State: WAITING (on object monitor)&#10;        at sun.misc.Unsafe.park(Native Method)&#10;        at java.util.concurrent.locks.LockSupport.park(LockSupport.java:175)&#10;        at java.util.concurrent.locks.AbstractQueuedSynchronizer$ConditionObject.await(AbstractQueuedSynchronizer.java:2039)&#10;        at java.util.concurrent.ArrayBlockingQueue.take(ArrayBlockingQueue.java:403)&#10;        at java.util.concurrent.ThreadPoolExecutor.getTask(ThreadPoolExecutor.java:1074)&#10;        at java.util.concurrent.ThreadPoolExecutor.runWorker(ThreadPoolExecutor.java:1134)&#10;        at java.util.concurrent.ThreadPoolExecutor$Worker.run(ThreadPoolExecutor.java:624)&#10;        at java.lang.Thread.run(Thread.java:748)&#10;&quot;pool-26-thread-48&quot;  prio=5 tid=318 in Object.wait()&#10;java.lang.Thread.State: WAITING (on object monitor)&#10;        at sun.misc.Unsafe.park(Native Method)&#10;        at java.util.concurrent.locks.LockSupport.park(LockSupport.java:175)&#10;        at java.util.concurrent.locks.AbstractQueuedSynchronizer$ConditionObject.await(AbstractQueuedSynchronizer.java:2039)&#10;        at java.util.concurrent.ArrayBlockingQueue.take(ArrayBlockingQueue.java:403)&#10;        at java.util.concurrent.ThreadPoolExecutor.getTask(ThreadPoolExecutor.java:1074)&#10;        at java.util.concurrent.ThreadPoolExecutor.runWorker(ThreadPoolExecutor.java:1134)&#10;        at java.util.concurrent.ThreadPoolExecutor$Worker.run(ThreadPoolExecutor.java:624)&#10;        at java.lang.Thread.run(Thread.java:748)&#10;&quot;Datanode ReportManager Thread - 0&quot; daemon prio=5 tid=175 timed_waiting&#10;java.lang.Thread.State: TIMED_WAITING&#10;        at sun.misc.Unsafe.park(Native Method)&#10;        at java.util.concurrent.locks.LockSupport.parkNanos(LockSupport.java:215)&#10;        at java.util.concurrent.locks.AbstractQueuedSynchronizer$ConditionObject.awaitNanos(AbstractQueuedSynchronizer.java:2078)&#10;        at java.util.concurrent.ScheduledThreadPoolExecutor$DelayedWorkQueue.take(ScheduledThreadPoolExecutor.java:1093)&#10;        at java.util.concurrent.ScheduledThreadPoolExecutor$DelayedWorkQueue.take(ScheduledThreadPoolExecutor.java:809)&#10;        at java.util.concurrent.ThreadPoolExecutor.getTask(ThreadPoolExecutor.java:1074)&#10;        at java.util.concurrent.ThreadPoolExecutor.runWorker(ThreadPoolExecutor.java:1134)&#10;        at java.util.concurrent.ThreadPoolExecutor$Worker.run(ThreadPoolExecutor.java:624)&#10;        at java.lang.Thread.run(Thread.java:748)&#10;&quot;IPC Server handler 5 on 42937&quot; daemon prio=5 tid=119 timed_waiting&#10;java.lang.Thread.State: TIMED_WAITING&#10;        at sun.misc.Unsafe.park(Native Method)&#10;        at java.util.concurrent.locks.LockSupport.parkNanos(LockSupport.java:215)&#10;        at java.util.concurrent.locks.AbstractQueuedSynchronizer$ConditionObject.awaitNanos(AbstractQueuedSynchronizer.java:2078)&#10;        at java.util.concurrent.LinkedBlockingQueue.poll(LinkedBlockingQueue.java:467)&#10;        at org.apache.hadoop.ipc.CallQueueManager.take(CallQueueManager.java:288)&#10;        at org.apache.hadoop.ipc.Server$Handler.run(Server.java:2668)&#10;&quot;Socket Reader #1 for port 43271&quot;  prio=5 tid=20 runnable&#10;java.lang.Thread.State: RUNNABLE&#10;        at sun.nio.ch.EPollArrayWrapper.epollWait(Native Method)&#10;        at sun.nio.ch.EPollArrayWrapper.poll(EPollArrayWrapper.java:269)&#10;        at sun.nio.ch.EPollSelectorImpl.doSelect(EPollSelectorImpl.java:93)&#10;        at sun.nio.ch.SelectorImpl.lockAndDoSelect(SelectorImpl.java:86)&#10;        at sun.nio.ch.SelectorImpl.select(SelectorImpl.java:97)&#10;        at sun.nio.ch.SelectorImpl.select(SelectorImpl.java:101)&#10;        at org.apache.hadoop.ipc.Server$Listener$Reader.doRunLoop(Server.java:1097)&#10;        at org.apache.hadoop.ipc.Server$Listener$Reader.run(Server.java:1076)&#10;&quot;Datanode ReportManager Thread - 2&quot; daemon prio=5 tid=265 in Object.wait()&#10;java.lang.Thread.State: WAITING (on object monitor)&#10;        at sun.misc.Unsafe.park(Native Method)&#10;        at java.util.concurrent.locks.LockSupport.park(LockSupport.java:175)&#10;        at java.util.concurrent.locks.AbstractQueuedSynchronizer$ConditionObject.await(AbstractQueuedSynchronizer.java:2039)&#10;        at java.util.concurrent.ScheduledThreadPoolExecutor$DelayedWorkQueue.take(ScheduledThreadPoolExecutor.java:1088)&#10;        at java.util.concurrent.ScheduledThreadPoolExecutor$DelayedWorkQueue.take(ScheduledThreadPoolExecutor.java:809)&#10;        at java.util.concurrent.ThreadPoolExecutor.getTask(ThreadPoolExecutor.java:1074)&#10;        at java.util.concurrent.ThreadPoolExecutor.runWorker(ThreadPoolExecutor.java:1134)&#10;        at java.util.concurrent.ThreadPoolExecutor$Worker.run(ThreadPoolExecutor.java:624)&#10;        at java.lang.Thread.run(Thread.java:748)&#10;&quot;qtp1366212088-140&quot; daemon prio=5 tid=140 timed_waiting&#10;java.lang.Thread.State: TIMED_WAITING&#10;        at sun.misc.Unsafe.park(Native Method)&#10;        at java.util.concurrent.locks.LockSupport.parkNanos(LockSupport.java:215)&#10;        at java.util.concurrent.locks.AbstractQueuedSynchronizer$ConditionObject.awaitNanos(AbstractQueuedSynchronizer.java:2078)&#10;        at org.eclipse.jetty.util.BlockingArrayQueue.poll(BlockingArrayQueue.java:392)&#10;        at org.eclipse.jetty.util.thread.QueuedThreadPool.idleJobPoll(QueuedThreadPool.java:563)&#10;        at org.eclipse.jetty.util.thread.QueuedThreadPool.access$800(QueuedThreadPool.java:48)&#10;        at org.eclipse.jetty.util.thread.QueuedThreadPool$2.run(QueuedThreadPool.java:626)&#10;        at java.lang.Thread.run(Thread.java:748)&#10;&quot;pool-89-thread-26&quot;  prio=5 tid=477 in Object.wait()&#10;java.lang.Thread.State: WAITING (on object monitor)&#10;        at sun.misc.Unsafe.park(Native Method)&#10;        at java.util.concurrent.locks.LockSupport.park(LockSupport.java:175)&#10;        at java.util.concurrent.locks.AbstractQueuedSynchronizer$ConditionObject.await(AbstractQueuedSynchronizer.java:2039)&#10;        at java.util.concurrent.ArrayBlockingQueue.take(ArrayBlockingQueue.java:403)&#10;        at java.util.concurrent.ThreadPoolExecutor.getTask(ThreadPoolExecutor.java:1074)&#10;        at java.util.concurrent.ThreadPoolExecutor.runWorker(ThreadPoolExecutor.java:1134)&#10;        at java.util.concurrent.ThreadPoolExecutor$Worker.run(ThreadPoolExecutor.java:624)&#10;        at java.lang.Thread.run(Thread.java:748)&#10;&quot;qtp1366212088-142&quot; daemon prio=5 tid=142 timed_waiting&#10;java.lang.Thread.State: TIMED_WAITING&#10;        at sun.misc.Unsafe.park(Native Method)&#10;        at java.util.concurrent.locks.LockSupport.parkNanos(LockSupport.java:215)&#10;        at java.util.concurrent.locks.AbstractQueuedSynchronizer$ConditionObject.awaitNanos(AbstractQueuedSynchronizer.java:2078)&#10;        at org.eclipse.jetty.util.BlockingArrayQueue.poll(BlockingArrayQueue.java:392)&#10;        at org.eclipse.jetty.util.thread.QueuedThreadPool.idleJobPoll(QueuedThreadPool.java:563)&#10;        at org.eclipse.jetty.util.thread.QueuedThreadPool.access$800(QueuedThreadPool.java:48)&#10;        at org.eclipse.jetty.util.thread.QueuedThreadPool$2.run(QueuedThreadPool.java:626)&#10;        at java.lang.Thread.run(Thread.java:748)&#10;&quot;IPC Server handler 15 on 40125&quot; daemon prio=5 tid=45 timed_waiting&#10;java.lang.Thread.State: TIMED_WAITING&#10;        at sun.misc.Unsafe.park(Native Method)&#10;        at java.util.concurrent.locks.LockSupport.parkNanos(LockSupport.java:215)&#10;        at java.util.concurrent.locks.AbstractQueuedSynchronizer$ConditionObject.awaitNanos(AbstractQueuedSynchronizer.java:2078)&#10;        at java.util.concurrent.LinkedBlockingQueue.poll(LinkedBlockingQueue.java:467)&#10;        at org.apache.hadoop.ipc.CallQueueManager.take(CallQueueManager.java:288)&#10;        at org.apache.hadoop.ipc.Server$Handler.run(Server.java:2668)&#10;&quot;pool-26-thread-1&quot;  prio=5 tid=271 in Object.wait()&#10;java.lang.Thread.State: WAITING (on object monitor)&#10;        at sun.misc.Unsafe.park(Native Method)&#10;        at java.util.concurrent.locks.LockSupport.park(LockSupport.java:175)&#10;        at java.util.concurrent.locks.AbstractQueuedSynchronizer$ConditionObject.await(AbstractQueuedSynchronizer.java:2039)&#10;        at java.util.concurrent.ArrayBlockingQueue.take(ArrayBlockingQueue.java:403)&#10;        at java.util.concurrent.ThreadPoolExecutor.getTask(ThreadPoolExecutor.java:1074)&#10;        at java.util.concurrent.ThreadPoolExecutor.runWorker(ThreadPoolExecutor.java:1134)&#10;        at java.util.concurrent.ThreadPoolExecutor$Worker.run(ThreadPoolExecutor.java:624)&#10;        at java.lang.Thread.run(Thread.java:748)&#10;&quot;org.eclipse.jetty.server.session.HashSessionManager@266e9ddaTimer&quot; daemon prio=5 tid=258 timed_waiting&#10;java.lang.Thread.State: TIMED_WAITING&#10;        at sun.misc.Unsafe.park(Native Method)&#10;        at java.util.concurrent.locks.LockSupport.parkNanos(LockSupport.java:215)&#10;        at java.util.concurrent.locks.AbstractQueuedSynchronizer$ConditionObject.awaitNanos(AbstractQueuedSynchronizer.java:2078)&#10;        at java.util.concurrent.ScheduledThreadPoolExecutor$DelayedWorkQueue.take(ScheduledThreadPoolExecutor.java:1093)&#10;        at java.util.concurrent.ScheduledThreadPoolExecutor$DelayedWorkQueue.take(ScheduledThreadPoolExecutor.java:809)&#10;        at java.util.concurrent.ThreadPoolExecutor.getTask(ThreadPoolExecutor.java:1074)&#10;        at java.util.concurrent.ThreadPoolExecutor.runWorker(ThreadPoolExecutor.java:1134)&#10;        at java.util.concurrent.ThreadPoolExecutor$Worker.run(ThreadPoolExecutor.java:624)&#10;        at java.lang.Thread.run(Thread.java:748)&#10;&quot;IPC Server handler 3 on 42937&quot; daemon prio=5 tid=117 timed_waiting&#10;java.lang.Thread.State: TIMED_WAITING&#10;        at sun.misc.Unsafe.park(Native Method)&#10;        at java.util.concurrent.locks.LockSupport.parkNanos(LockSupport.java:215)&#10;        at java.util.concurrent.locks.AbstractQueuedSynchronizer$ConditionObject.awaitNanos(AbstractQueuedSynchronizer.java:2078)&#10;        at java.util.concurrent.LinkedBlockingQueue.poll(LinkedBlockingQueue.java:467)&#10;        at org.apache.hadoop.ipc.CallQueueManager.take(CallQueueManager.java:288)&#10;        at org.apache.hadoop.ipc.Server$Handler.run(Server.java:2668)&#10;&quot;pool-47-thread-16&quot;  prio=5 tid=347 in Object.wait()&#10;java.lang.Thread.State: WAITING (on object monitor)&#10;        at sun.misc.Unsafe.park(Native Method)&#10;        at java.util.concurrent.locks.LockSupport.park(LockSupport.java:175)&#10;        at java.util.concurrent.locks.AbstractQueuedSynchronizer$ConditionObject.await(AbstractQueuedSynchronizer.java:2039)&#10;        at java.util.concurrent.ArrayBlockingQueue.take(ArrayBlockingQueue.java:403)&#10;        at java.util.concurrent.ThreadPoolExecutor.getTask(ThreadPoolExecutor.java:1074)&#10;        at java.util.concurrent.ThreadPoolExecutor.runWorker(ThreadPoolExecutor.java:1134)&#10;        at java.util.concurrent.ThreadPoolExecutor$Worker.run(ThreadPoolExecutor.java:624)&#10;        at java.lang.Thread.run(Thread.java:748)&#10;&quot;qtp1018742990-166&quot; daemon prio=5 tid=166 timed_waiting&#10;java.lang.Thread.State: TIMED_WAITING&#10;        at sun.misc.Unsafe.park(Native Method)&#10;        at java.util.concurrent.locks.LockSupport.parkNanos(LockSupport.java:215)&#10;        at java.util.concurrent.locks.AbstractQueuedSynchronizer$ConditionObject.awaitNanos(AbstractQueuedSynchronizer.java:2078)&#10;        at org.eclipse.jetty.util.BlockingArrayQueue.poll(BlockingArrayQueue.java:392)&#10;        at org.eclipse.jetty.util.thread.QueuedThreadPool.idleJobPoll(QueuedThreadPool.java:563)&#10;        at org.eclipse.jetty.util.thread.QueuedThreadPool.access$800(QueuedThreadPool.java:48)&#10;        at org.eclipse.jetty.util.thread.QueuedThreadPool$2.run(QueuedThreadPool.java:626)&#10;        at java.lang.Thread.run(Thread.java:748)&#10;&quot;pool-68-thread-21&quot;  prio=5 tid=412 in Object.wait()&#10;java.lang.Thread.State: WAITING (on object monitor)&#10;        at sun.misc.Unsafe.park(Native Method)&#10;        at java.util.concurrent.locks.LockSupport.park(LockSupport.java:175)&#10;        at java.util.concurrent.locks.AbstractQueuedSynchronizer$ConditionObject.await(AbstractQueuedSynchronizer.java:2039)&#10;        at java.util.concurrent.ArrayBlockingQueue.take(ArrayBlockingQueue.java:403)&#10;        at java.util.concurrent.ThreadPoolExecutor.getTask(ThreadPoolExecutor.java:1074)&#10;        at java.util.concurrent.ThreadPoolExecutor.runWorker(ThreadPoolExecutor.java:1134)&#10;        at java.util.concurrent.ThreadPoolExecutor$Worker.run(ThreadPoolExecutor.java:624)&#10;        at java.lang.Thread.run(Thread.java:748)&#10;&quot;IPC Server handler 18 on 43271&quot; daemon prio=5 tid=68 timed_waiting&#10;java.lang.Thread.State: TIMED_WAITING&#10;        at sun.misc.Unsafe.park(Native Method)&#10;        at java.util.concurrent.locks.LockSupport.parkNanos(LockSupport.java:215)&#10;        at java.util.concurrent.locks.AbstractQueuedSynchronizer$ConditionObject.awaitNanos(AbstractQueuedSynchronizer.java:2078)&#10;        at java.util.concurrent.LinkedBlockingQueue.poll(LinkedBlockingQueue.java:467)&#10;        at org.apache.hadoop.ipc.CallQueueManager.take(CallQueueManager.java:288)&#10;        at org.apache.hadoop.ipc.Server$Handler.run(Server.java:2668)&#10;&quot;pool-26-thread-38&quot;  prio=5 tid=308 in Object.wait()&#10;java.lang.Thread.State: WAITING (on object monitor)&#10;        at sun.misc.Unsafe.park(Native Method)&#10;        at java.util.concurrent.locks.LockSupport.park(LockSupport.java:175)&#10;        at java.util.concurrent.locks.AbstractQueuedSynchronizer$ConditionObject.await(AbstractQueuedSynchronizer.java:2039)&#10;        at java.util.concurrent.ArrayBlockingQueue.take(ArrayBlockingQueue.java:403)&#10;        at java.util.concurrent.ThreadPoolExecutor.getTask(ThreadPoolExecutor.java:1074)&#10;        at java.util.concurrent.ThreadPoolExecutor.runWorker(ThreadPoolExecutor.java:1134)&#10;        at java.util.concurrent.ThreadPoolExecutor$Worker.run(ThreadPoolExecutor.java:624)&#10;        at java.lang.Thread.run(Thread.java:748)&#10;&quot;Socket Reader #1 for port 42937&quot;  prio=5 tid=107 runnable&#10;java.lang.Thread.State: RUNNABLE&#10;        at sun.nio.ch.EPollArrayWrapper.epollWait(Native Method)&#10;        at sun.nio.ch.EPollArrayWrapper.poll(EPollArrayWrapper.java:269)&#10;        at sun.nio.ch.EPollSelectorImpl.doSelect(EPollSelectorImpl.java:93)&#10;        at sun.nio.ch.SelectorImpl.lockAndDoSelect(SelectorImpl.java:86)&#10;        at sun.nio.ch.SelectorImpl.select(SelectorImpl.java:97)&#10;        at sun.nio.ch.SelectorImpl.select(SelectorImpl.java:101)&#10;        at org.apache.hadoop.ipc.Server$Listener$Reader.doRunLoop(Server.java:1097)&#10;        at org.apache.hadoop.ipc.Server$Listener$Reader.run(Server.java:1076)&#10;&quot;qtp790689709-196&quot; daemon prio=5 tid=196 timed_waiting&#10;java.lang.Thread.State: TIMED_WAITING&#10;        at sun.misc.Unsafe.park(Native Method)&#10;        at java.util.concurrent.locks.LockSupport.parkNanos(LockSupport.java:215)&#10;        at java.util.concurrent.locks.AbstractQueuedSynchronizer$ConditionObject.awaitNanos(AbstractQueuedSynchronizer.java:2078)&#10;        at org.eclipse.jetty.util.BlockingArrayQueue.poll(BlockingArrayQueue.java:392)&#10;        at org.eclipse.jetty.util.thread.QueuedThreadPool.idleJobPoll(QueuedThreadPool.java:563)&#10;        at org.eclipse.jetty.util.thread.QueuedThreadPool.access$800(QueuedThreadPool.java:48)&#10;        at org.eclipse.jetty.util.thread.QueuedThreadPool$2.run(QueuedThreadPool.java:626)&#10;        at java.lang.Thread.run(Thread.java:748)&#10;&quot;pool-58-thread-1&quot;  prio=5 tid=524 in Object.wait()&#10;java.lang.Thread.State: WAITING (on object monitor)&#10;        at sun.misc.Unsafe.park(Native Method)&#10;        at java.util.concurrent.locks.LockSupport.park(LockSupport.java:175)&#10;        at java.util.concurrent.locks.AbstractQueuedSynchronizer$ConditionObject.await(AbstractQueuedSynchronizer.java:2039)&#10;        at java.util.concurrent.LinkedBlockingQueue.take(LinkedBlockingQueue.java:442)&#10;        at java.util.concurrent.ThreadPoolExecutor.getTask(ThreadPoolExecutor.java:1074)&#10;        at java.util.concurrent.ThreadPoolExecutor.runWorker(ThreadPoolExecutor.java:1134)&#10;        at java.util.concurrent.ThreadPoolExecutor$Worker.run(ThreadPoolExecutor.java:624)&#10;        at java.lang.Thread.run(Thread.java:748)&#10;&quot;pool-26-thread-32&quot;  prio=5 tid=302 in Object.wait()&#10;java.lang.Thread.State: WAITING (on object monitor)&#10;        at sun.misc.Unsafe.park(Native Method)&#10;        at java.util.concurrent.locks.LockSupport.park(LockSupport.java:175)&#10;        at java.util.concurrent.locks.AbstractQueuedSynchronizer$ConditionObject.await(AbstractQueuedSynchronizer.java:2039)&#10;        at java.util.concurrent.ArrayBlockingQueue.take(ArrayBlockingQueue.java:403)&#10;        at java.util.concurrent.ThreadPoolExecutor.getTask(ThreadPoolExecutor.java:1074)&#10;        at java.util.concurrent.ThreadPoolExecutor.runWorker(ThreadPoolExecutor.java:1134)&#10;        at java.util.concurrent.ThreadPoolExecutor$Worker.run(ThreadPoolExecutor.java:624)&#10;        at java.lang.Thread.run(Thread.java:748)&#10;&quot;IPC Server handler 10 on 42937&quot; daemon prio=5 tid=124 timed_waiting&#10;java.lang.Thread.State: TIMED_WAITING&#10;        at sun.misc.Unsafe.park(Native Method)&#10;        at java.util.concurrent.locks.LockSupport.parkNanos(LockSupport.java:215)&#10;        at java.util.concurrent.locks.AbstractQueuedSynchronizer$ConditionObject.awaitNanos(AbstractQueuedSynchronizer.java:2078)&#10;        at java.util.concurrent.LinkedBlockingQueue.poll(LinkedBlockingQueue.java:467)&#10;        at org.apache.hadoop.ipc.CallQueueManager.take(CallQueueManager.java:288)&#10;        at org.apache.hadoop.ipc.Server$Handler.run(Server.java:2668)&#10;&quot;pool-26-thread-24&quot;  prio=5 tid=294 in Object.wait()&#10;java.lang.Thread.State: WAITING (on object monitor)&#10;        at sun.misc.Unsafe.park(Native Method)&#10;        at java.util.concurrent.locks.LockSupport.park(LockSupport.java:175)&#10;        at java.util.concurrent.locks.AbstractQueuedSynchronizer$ConditionObject.await(AbstractQueuedSynchronizer.java:2039)&#10;        at java.util.concurrent.ArrayBlockingQueue.take(ArrayBlockingQueue.java:403)&#10;        at java.util.concurrent.ThreadPoolExecutor.getTask(ThreadPoolExecutor.java:1074)&#10;        at java.util.concurrent.ThreadPoolExecutor.runWorker(ThreadPoolExecutor.java:1134)&#10;        at java.util.concurrent.ThreadPoolExecutor$Worker.run(ThreadPoolExecutor.java:624)&#10;        at java.lang.Thread.run(Thread.java:748)&#10;&quot;pool-68-thread-60&quot;  prio=5 tid=451 in Object.wait()&#10;java.lang.Thread.State: WAITING (on object monitor)&#10;        at sun.misc.Unsafe.park(Native Method)&#10;        at java.util.concurrent.locks.LockSupport.park(LockSupport.java:175)&#10;        at java.util.concurrent.locks.AbstractQueuedSynchronizer$ConditionObject.await(AbstractQueuedSynchronizer.java:2039)&#10;        at java.util.concurrent.ArrayBlockingQueue.take(ArrayBlockingQueue.java:403)&#10;        at java.util.concurrent.ThreadPoolExecutor.getTask(ThreadPoolExecutor.java:1074)&#10;        at java.util.concurrent.ThreadPoolExecutor.runWorker(ThreadPoolExecutor.java:1134)&#10;        at java.util.concurrent.ThreadPoolExecutor$Worker.run(ThreadPoolExecutor.java:624)&#10;        at java.lang.Thread.run(Thread.java:748)&#10;&quot;pool-89-thread-39&quot;  prio=5 tid=490 in Object.wait()&#10;java.lang.Thread.State: WAITING (on object monitor)&#10;        at sun.misc.Unsafe.park(Native Method)&#10;        at java.util.concurrent.locks.LockSupport.park(LockSupport.java:175)&#10;        at java.util.concurrent.locks.AbstractQueuedSynchronizer$ConditionObject.await(AbstractQueuedSynchronizer.java:2039)&#10;        at java.util.concurrent.ArrayBlockingQueue.take(ArrayBlockingQueue.java:403)&#10;        at java.util.concurrent.ThreadPoolExecutor.getTask(ThreadPoolExecutor.java:1074)&#10;        at java.util.concurrent.ThreadPoolExecutor.runWorker(ThreadPoolExecutor.java:1134)&#10;        at java.util.concurrent.ThreadPoolExecutor$Worker.run(ThreadPoolExecutor.java:624)&#10;        at java.lang.Thread.run(Thread.java:748)&#10;&quot;pool-68-thread-29&quot;  prio=5 tid=420 in Object.wait()&#10;java.lang.Thread.State: WAITING (on object monitor)&#10;        at sun.misc.Unsafe.park(Native Method)&#10;        at java.util.concurrent.locks.LockSupport.park(LockSupport.java:175)&#10;        at java.util.concurrent.locks.AbstractQueuedSynchronizer$ConditionObject.await(AbstractQueuedSynchronizer.java:2039)&#10;        at java.util.concurrent.ArrayBlockingQueue.take(ArrayBlockingQueue.java:403)&#10;        at java.util.concurrent.ThreadPoolExecutor.getTask(ThreadPoolExecutor.java:1074)&#10;        at java.util.concurrent.ThreadPoolExecutor.runWorker(ThreadPoolExecutor.java:1134)&#10;        at java.util.concurrent.ThreadPoolExecutor$Worker.run(ThreadPoolExecutor.java:624)&#10;        at java.lang.Thread.run(Thread.java:748)&#10;&quot;pool-47-thread-37&quot;  prio=5 tid=368 in Object.wait()&#10;java.lang.Thread.State: WAITING (on object monitor)&#10;        at sun.misc.Unsafe.park(Native Method)&#10;        at java.util.concurrent.locks.LockSupport.park(LockSupport.java:175)&#10;        at java.util.concurrent.locks.AbstractQueuedSynchronizer$ConditionObject.await(AbstractQueuedSynchronizer.java:2039)&#10;        at java.util.concurrent.ArrayBlockingQueue.take(ArrayBlockingQueue.java:403)&#10;        at java.util.concurrent.ThreadPoolExecutor.getTask(ThreadPoolExecutor.java:1074)&#10;        at java.util.concurrent.ThreadPoolExecutor.runWorker(ThreadPoolExecutor.java:1134)&#10;        at java.util.concurrent.ThreadPoolExecutor$Worker.run(ThreadPoolExecutor.java:624)&#10;        at java.lang.Thread.run(Thread.java:748)&#10;&quot;5f623e1f-d5a1-46cb-80d7-44327f36f2e1-RaftLogWorker&quot;  prio=5 tid=536 timed_waiting&#10;java.lang.Thread.State: TIMED_WAITING&#10;        at sun.misc.Unsafe.park(Native Method)&#10;        at java.util.concurrent.locks.LockSupport.parkNanos(LockSupport.java:215)&#10;        at java.util.concurrent.locks.AbstractQueuedSynchronizer$ConditionObject.awaitNanos(AbstractQueuedSynchronizer.java:2078)&#10;        at org.apache.ratis.util.DataBlockingQueue.poll(DataBlockingQueue.java:137)&#10;        at org.apache.ratis.server.storage.RaftLogWorker.run(RaftLogWorker.java:216)&#10;        at java.lang.Thread.run(Thread.java:748)&#10;&quot;Datanode ReportManager Thread - 2&quot; daemon prio=5 tid=178 in Object.wait()&#10;java.lang.Thread.State: WAITING (on object monitor)&#10;        at sun.misc.Unsafe.park(Native Method)&#10;        at java.util.concurrent.locks.LockSupport.park(LockSupport.java:175)&#10;        at java.util.concurrent.locks.AbstractQueuedSynchronizer$ConditionObject.await(AbstractQueuedSynchronizer.java:2039)&#10;        at java.util.concurrent.ScheduledThreadPoolExecutor$DelayedWorkQueue.take(ScheduledThreadPoolExecutor.java:1088)&#10;        at java.util.concurrent.ScheduledThreadPoolExecutor$DelayedWorkQueue.take(ScheduledThreadPoolExecutor.java:809)&#10;        at java.util.concurrent.ThreadPoolExecutor.getTask(ThreadPoolExecutor.java:1074)&#10;        at java.util.concurrent.ThreadPoolExecutor.runWorker(ThreadPoolExecutor.java:1134)&#10;        at java.util.concurrent.ThreadPoolExecutor$Worker.run(ThreadPoolExecutor.java:624)&#10;        at java.lang.Thread.run(Thread.java:748)&#10;&quot;qtp1366212088-141&quot; daemon prio=5 tid=141 timed_waiting&#10;java.lang.Thread.State: TIMED_WAITING&#10;        at sun.misc.Unsafe.park(Native Method)&#10;        at java.util.concurrent.locks.LockSupport.parkNanos(LockSupport.java:215)&#10;        at java.util.concurrent.locks.AbstractQueuedSynchronizer$ConditionObject.awaitNanos(AbstractQueuedSynchronizer.java:2078)&#10;        at org.eclipse.jetty.util.BlockingArrayQueue.poll(BlockingArrayQueue.java:392)&#10;        at org.eclipse.jetty.util.thread.QueuedThreadPool.idleJobPoll(QueuedThreadPool.java:563)&#10;        at org.eclipse.jetty.util.thread.QueuedThreadPool.access$800(QueuedThreadPool.java:48)&#10;        at org.eclipse.jetty.util.thread.QueuedThreadPool$2.run(QueuedThreadPool.java:626)&#10;        at java.lang.Thread.run(Thread.java:748)&#10;&quot;IPC Server handler 2 on 43271&quot; daemon prio=5 tid=52 timed_waiting&#10;java.lang.Thread.State: TIMED_WAITING&#10;        at sun.misc.Unsafe.park(Native Method)&#10;        at java.util.concurrent.locks.LockSupport.parkNanos(LockSupport.java:215)&#10;        at java.util.concurrent.locks.AbstractQueuedSynchronizer$ConditionObject.awaitNanos(AbstractQueuedSynchronizer.java:2078)&#10;        at java.util.concurrent.LinkedBlockingQueue.poll(LinkedBlockingQueue.java:467)&#10;        at org.apache.hadoop.ipc.CallQueueManager.take(CallQueueManager.java:288)&#10;        at org.apache.hadoop.ipc.Server$Handler.run(Server.java:2668)&#10;&quot;pool-68-thread-46&quot;  prio=5 tid=437 in Object.wait()&#10;java.lang.Thread.State: WAITING (on object monitor)&#10;        at sun.misc.Unsafe.park(Native Method)&#10;        at java.util.concurrent.locks.LockSupport.park(LockSupport.java:175)&#10;        at java.util.concurrent.locks.AbstractQueuedSynchronizer$ConditionObject.await(AbstractQueuedSynchronizer.java:2039)&#10;        at java.util.concurrent.ArrayBlockingQueue.take(ArrayBlockingQueue.java:403)&#10;        at java.util.concurrent.ThreadPoolExecutor.getTask(ThreadPoolExecutor.java:1074)&#10;        at java.util.concurrent.ThreadPoolExecutor.runWorker(ThreadPoolExecutor.java:1134)&#10;        at java.util.concurrent.ThreadPoolExecutor$Worker.run(ThreadPoolExecutor.java:624)&#10;        at java.lang.Thread.run(Thread.java:748)&#10;&quot;pool-68-thread-9&quot;  prio=5 tid=400 in Object.wait()&#10;java.lang.Thread.State: WAITING (on object monitor)&#10;        at sun.misc.Unsafe.park(Native Method)&#10;        at java.util.concurrent.locks.LockSupport.park(LockSupport.java:175)&#10;        at java.util.concurrent.locks.AbstractQueuedSynchronizer$ConditionObject.await(AbstractQueuedSynchronizer.java:2039)&#10;        at java.util.concurrent.ArrayBlockingQueue.take(ArrayBlockingQueue.java:403)&#10;        at java.util.concurrent.ThreadPoolExecutor.getTask(ThreadPoolExecutor.java:1074)&#10;        at java.util.concurrent.ThreadPoolExecutor.runWorker(ThreadPoolExecutor.java:1134)&#10;        at java.util.concurrent.ThreadPoolExecutor$Worker.run(ThreadPoolExecutor.java:624)&#10;        at java.lang.Thread.run(Thread.java:748)&#10;&quot;pool-68-thread-26&quot;  prio=5 tid=417 in Object.wait()&#10;java.lang.Thread.State: WAITING (on object monitor)&#10;        at sun.misc.Unsafe.park(Native Method)&#10;        at java.util.concurrent.locks.LockSupport.park(LockSupport.java:175)&#10;        at java.util.concurrent.locks.AbstractQueuedSynchronizer$ConditionObject.await(AbstractQueuedSynchronizer.java:2039)&#10;        at java.util.concurrent.ArrayBlockingQueue.take(ArrayBlockingQueue.java:403)&#10;        at java.util.concurrent.ThreadPoolExecutor.getTask(ThreadPoolExecutor.java:1074)&#10;        at java.util.concurrent.ThreadPoolExecutor.runWorker(ThreadPoolExecutor.java:1134)&#10;        at java.util.concurrent.ThreadPoolExecutor$Worker.run(ThreadPoolExecutor.java:624)&#10;        at java.lang.Thread.run(Thread.java:748)&#10;&quot;pool-100-thread-1&quot;  prio=5 tid=535 in Object.wait()&#10;java.lang.Thread.State: WAITING (on object monitor)&#10;        at sun.misc.Unsafe.park(Native Method)&#10;        at java.util.concurrent.locks.LockSupport.park(LockSupport.java:175)&#10;        at java.util.concurrent.locks.AbstractQueuedSynchronizer$ConditionObject.await(AbstractQueuedSynchronizer.java:2039)&#10;        at java.util.concurrent.LinkedBlockingQueue.take(LinkedBlockingQueue.java:442)&#10;        at java.util.concurrent.ThreadPoolExecutor.getTask(ThreadPoolExecutor.java:1074)&#10;        at java.util.concurrent.ThreadPoolExecutor.runWorker(ThreadPoolExecutor.java:1134)&#10;        at java.util.concurrent.ThreadPoolExecutor$Worker.run(ThreadPoolExecutor.java:624)&#10;        at java.lang.Thread.run(Thread.java:748)&#10;&quot;pool-89-thread-58&quot;  prio=5 tid=509 in Object.wait()&#10;java.lang.Thread.State: WAITING (on object monitor)&#10;        at sun.misc.Unsafe.park(Native Method)&#10;        at java.util.concurrent.locks.LockSupport.park(LockSupport.java:175)&#10;        at java.util.concurrent.locks.AbstractQueuedSynchronizer$ConditionObject.await(AbstractQueuedSynchronizer.java:2039)&#10;        at java.util.concurrent.ArrayBlockingQueue.take(ArrayBlockingQueue.java:403)&#10;        at java.util.concurrent.ThreadPoolExecutor.getTask(ThreadPoolExecutor.java:1074)&#10;        at java.util.concurrent.ThreadPoolExecutor.runWorker(ThreadPoolExecutor.java:1134)&#10;        at java.util.concurrent.ThreadPoolExecutor$Worker.run(ThreadPoolExecutor.java:624)&#10;        at java.lang.Thread.run(Thread.java:748)&#10;&quot;pool-47-thread-54&quot;  prio=5 tid=385 in Object.wait()&#10;java.lang.Thread.State: WAITING (on object monitor)&#10;        at sun.misc.Unsafe.park(Native Method)&#10;        at java.util.concurrent.locks.LockSupport.park(LockSupport.java:175)&#10;        at java.util.concurrent.locks.AbstractQueuedSynchronizer$ConditionObject.await(AbstractQueuedSynchronizer.java:2039)&#10;        at java.util.concurrent.ArrayBlockingQueue.take(ArrayBlockingQueue.java:403)&#10;        at java.util.concurrent.ThreadPoolExecutor.getTask(ThreadPoolExecutor.java:1074)&#10;        at java.util.concurrent.ThreadPoolExecutor.runWorker(ThreadPoolExecutor.java:1134)&#10;        at java.util.concurrent.ThreadPoolExecutor$Worker.run(ThreadPoolExecutor.java:624)&#10;        at java.lang.Thread.run(Thread.java:748)&#10;&quot;IPC Server handler 10 on 43271&quot; daemon prio=5 tid=60 timed_waiting&#10;java.lang.Thread.State: TIMED_WAITING&#10;        at sun.misc.Unsafe.park(Native Method)&#10;        at java.util.concurrent.locks.LockSupport.parkNanos(LockSupport.java:215)&#10;        at java.util.concurrent.locks.AbstractQueuedSynchronizer$ConditionObject.awaitNanos(AbstractQueuedSynchronizer.java:2078)&#10;        at java.util.concurrent.LinkedBlockingQueue.poll(LinkedBlockingQueue.java:467)&#10;        at org.apache.hadoop.ipc.CallQueueManager.take(CallQueueManager.java:288)&#10;        at org.apache.hadoop.ipc.Server$Handler.run(Server.java:2668)&#10;&quot;pool-26-thread-46&quot;  prio=5 tid=316 in Object.wait()&#10;java.lang.Thread.State: WAITING (on object monitor)&#10;        at sun.misc.Unsafe.park(Native Method)&#10;        at java.util.concurrent.locks.LockSupport.park(LockSupport.java:175)&#10;        at java.util.concurrent.locks.AbstractQueuedSynchronizer$ConditionObject.await(AbstractQueuedSynchronizer.java:2039)&#10;        at java.util.concurrent.ArrayBlockingQueue.take(ArrayBlockingQueue.java:403)&#10;        at java.util.concurrent.ThreadPoolExecutor.getTask(ThreadPoolExecutor.java:1074)&#10;        at java.util.concurrent.ThreadPoolExecutor.runWorker(ThreadPoolExecutor.java:1134)&#10;        at java.util.concurrent.ThreadPoolExecutor$Worker.run(ThreadPoolExecutor.java:624)&#10;        at java.lang.Thread.run(Thread.java:748)&#10;&quot;qtp790689709-197&quot; daemon prio=5 tid=197 timed_waiting&#10;java.lang.Thread.State: TIMED_WAITING&#10;        at sun.misc.Unsafe.park(Native Method)&#10;        at java.util.concurrent.locks.LockSupport.parkNanos(LockSupport.java:215)&#10;        at java.util.concurrent.locks.AbstractQueuedSynchronizer$ConditionObject.awaitNanos(AbstractQueuedSynchronizer.java:2078)&#10;        at org.eclipse.jetty.util.BlockingArrayQueue.poll(BlockingArrayQueue.java:392)&#10;        at org.eclipse.jetty.util.thread.QueuedThreadPool.idleJobPoll(QueuedThreadPool.java:563)&#10;        at org.eclipse.jetty.util.thread.QueuedThreadPool.access$800(QueuedThreadPool.java:48)&#10;        at org.eclipse.jetty.util.thread.QueuedThreadPool$2.run(QueuedThreadPool.java:626)&#10;        at java.lang.Thread.run(Thread.java:748)&#10;&quot;IPC Server handler 4 on 34963&quot; daemon prio=5 tid=74 timed_waiting&#10;java.lang.Thread.State: TIMED_WAITING&#10;        at sun.misc.Unsafe.park(Native Method)&#10;        at java.util.concurrent.locks.LockSupport.parkNanos(LockSupport.java:215)&#10;        at java.util.concurrent.locks.AbstractQueuedSynchronizer$ConditionObject.awaitNanos(AbstractQueuedSynchronizer.java:2078)&#10;        at java.util.concurrent.LinkedBlockingQueue.poll(LinkedBlockingQueue.java:467)&#10;        at org.apache.hadoop.ipc.CallQueueManager.take(CallQueueManager.java:288)&#10;        at org.apache.hadoop.ipc.Server$Handler.run(Server.java:2668)&#10;&quot;Reference Handler&quot; daemon prio=10 tid=2 in Object.wait()&#10;java.lang.Thread.State: WAITING (on object monitor)&#10;        at java.lang.Object.wait(Native Method)&#10;        at java.lang.Object.wait(Object.java:502)&#10;        at java.lang.ref.Reference.tryHandlePending(Reference.java:191)&#10;        at java.lang.ref.Reference$ReferenceHandler.run(Reference.java:153)&#10;&quot;grpc-default-boss-ELG-1-1&quot; daemon prio=5 tid=331 runnable&#10;java.lang.Thread.State: RUNNABLE&#10;        at sun.nio.ch.EPollArrayWrapper.epollWait(Native Method)&#10;        at sun.nio.ch.EPollArrayWrapper.poll(EPollArrayWrapper.java:269)&#10;        at sun.nio.ch.EPollSelectorImpl.doSelect(EPollSelectorImpl.java:93)&#10;        at sun.nio.ch.SelectorImpl.lockAndDoSelect(SelectorImpl.java:86)&#10;        at sun.nio.ch.SelectorImpl.select(SelectorImpl.java:97)&#10;        at org.apache.ratis.thirdparty.io.netty.channel.nio.SelectedSelectionKeySetSelector.select(SelectedSelectionKeySetSelector.java:62)&#10;        at org.apache.ratis.thirdparty.io.netty.channel.nio.NioEventLoop.select(NioEventLoop.java:753)&#10;        at org.apache.ratis.thirdparty.io.netty.channel.nio.NioEventLoop.run(NioEventLoop.java:408)&#10;        at org.apache.ratis.thirdparty.io.netty.util.concurrent.SingleThreadEventExecutor$5.run(SingleThreadEventExecutor.java:897)&#10;        at org.apache.ratis.thirdparty.io.netty.util.concurrent.FastThreadLocalRunnable.run(FastThreadLocalRunnable.java:30)&#10;        at java.lang.Thread.run(Thread.java:748)&#10;&quot;pool-68-thread-15&quot;  prio=5 tid=406 in Object.wait()&#10;java.lang.Thread.State: WAITING (on object monitor)&#10;        at sun.misc.Unsafe.park(Native Method)&#10;        at java.util.concurrent.locks.LockSupport.park(LockSupport.java:175)&#10;        at java.util.concurrent.locks.AbstractQueuedSynchronizer$ConditionObject.await(AbstractQueuedSynchronizer.java:2039)&#10;        at java.util.concurrent.ArrayBlockingQueue.take(ArrayBlockingQueue.java:403)&#10;        at java.util.concurrent.ThreadPoolExecutor.getTask(ThreadPoolExecutor.java:1074)&#10;        at java.util.concurrent.ThreadPoolExecutor.runWorker(ThreadPoolExecutor.java:1134)&#10;        at java.util.concurrent.ThreadPoolExecutor$Worker.run(ThreadPoolExecutor.java:624)&#10;        at java.lang.Thread.run(Thread.java:748)&#10;&quot;org.apache.ratis.server.impl.LogAppender$$Lambda$331/480809785@52d99b53&quot; daemon prio=5 tid=569 timed_waiting&#10;java.lang.Thread.State: TIMED_WAITING&#10;        at java.lang.Object.wait(Native Method)&#10;        at org.apache.ratis.grpc.server.GrpcLogAppender.mayWait(GrpcLogAppender.java:140)&#10;        at org.apache.ratis.grpc.server.GrpcLogAppender.runAppenderImpl(GrpcLogAppender.java:94)&#10;        at org.apache.ratis.server.impl.LogAppender.runAppender(LogAppender.java:101)&#10;        at org.apache.ratis.server.impl.LogAppender$$Lambda$331/480809785.run(Unknown Source)&#10;        at java.lang.Thread.run(Thread.java:748)&#10;&quot;pool-68-thread-55&quot;  prio=5 tid=446 in Object.wait()&#10;java.lang.Thread.State: WAITING (on object monitor)&#10;        at sun.misc.Unsafe.park(Native Method)&#10;        at java.util.concurrent.locks.LockSupport.park(LockSupport.java:175)&#10;        at java.util.concurrent.locks.AbstractQueuedSynchronizer$ConditionObject.await(AbstractQueuedSynchronizer.java:2039)&#10;        at java.util.concurrent.ArrayBlockingQueue.take(ArrayBlockingQueue.java:403)&#10;        at java.util.concurrent.ThreadPoolExecutor.getTask(ThreadPoolExecutor.java:1074)&#10;        at java.util.concurrent.ThreadPoolExecutor.runWorker(ThreadPoolExecutor.java:1134)&#10;        at java.util.concurrent.ThreadPoolExecutor$Worker.run(ThreadPoolExecutor.java:624)&#10;        at java.lang.Thread.run(Thread.java:748)&#10;&quot;pool-89-thread-41&quot;  prio=5 tid=492 in Object.wait()&#10;java.lang.Thread.State: WAITING (on object monitor)&#10;        at sun.misc.Unsafe.park(Native Method)&#10;        at java.util.concurrent.locks.LockSupport.park(LockSupport.java:175)&#10;        at java.util.concurrent.locks.AbstractQueuedSynchronizer$ConditionObject.await(AbstractQueuedSynchronizer.java:2039)&#10;        at java.util.concurrent.ArrayBlockingQueue.take(ArrayBlockingQueue.java:403)&#10;        at java.util.concurrent.ThreadPoolExecutor.getTask(ThreadPoolExecutor.java:1074)&#10;        at java.util.concurrent.ThreadPoolExecutor.runWorker(ThreadPoolExecutor.java:1134)&#10;        at java.util.concurrent.ThreadPoolExecutor$Worker.run(ThreadPoolExecutor.java:624)&#10;        at java.lang.Thread.run(Thread.java:748)&#10;&quot;pool-47-thread-15&quot;  prio=5 tid=346 in Object.wait()&#10;java.lang.Thread.State: WAITING (on object monitor)&#10;        at sun.misc.Unsafe.park(Native Method)&#10;        at java.util.concurrent.locks.LockSupport.park(LockSupport.java:175)&#10;        at java.util.concurrent.locks.AbstractQueuedSynchronizer$ConditionObject.await(AbstractQueuedSynchronizer.java:2039)&#10;        at java.util.concurrent.ArrayBlockingQueue.take(ArrayBlockingQueue.java:403)&#10;        at java.util.concurrent.ThreadPoolExecutor.getTask(ThreadPoolExecutor.java:1074)&#10;        at java.util.concurrent.ThreadPoolExecutor.runWorker(ThreadPoolExecutor.java:1134)&#10;        at java.util.concurrent.ThreadPoolExecutor$Worker.run(ThreadPoolExecutor.java:624)&#10;        at java.lang.Thread.run(Thread.java:748)&#10;&quot;pool-47-thread-27&quot;  prio=5 tid=358 in Object.wait()&#10;java.lang.Thread.State: WAITING (on object monitor)&#10;        at sun.misc.Unsafe.park(Native Method)&#10;        at java.util.concurrent.locks.LockSupport.park(LockSupport.java:175)&#10;        at java.util.concurrent.locks.AbstractQueuedSynchronizer$ConditionObject.await(AbstractQueuedSynchronizer.java:2039)&#10;        at java.util.concurrent.ArrayBlockingQueue.take(ArrayBlockingQueue.java:403)&#10;        at java.util.concurrent.ThreadPoolExecutor.getTask(ThreadPoolExecutor.java:1074)&#10;        at java.util.concurrent.ThreadPoolExecutor.runWorker(ThreadPoolExecutor.java:1134)&#10;        at java.util.concurrent.ThreadPoolExecutor$Worker.run(ThreadPoolExecutor.java:624)&#10;        at java.lang.Thread.run(Thread.java:748)&#10;&quot;IPC Server handler 7 on 40125&quot; daemon prio=5 tid=37 timed_waiting&#10;java.lang.Thread.State: TIMED_WAITING&#10;        at sun.misc.Unsafe.park(Native Method)&#10;        at java.util.concurrent.locks.LockSupport.parkNanos(LockSupport.java:215)&#10;        at java.util.concurrent.locks.AbstractQueuedSynchronizer$ConditionObject.awaitNanos(AbstractQueuedSynchronizer.java:2078)&#10;        at java.util.concurrent.LinkedBlockingQueue.poll(LinkedBlockingQueue.java:467)&#10;        at org.apache.hadoop.ipc.CallQueueManager.take(CallQueueManager.java:288)&#10;        at org.apache.hadoop.ipc.Server$Handler.run(Server.java:2668)&#10;&quot;CommandWatcher-LeaseManager#LeaseMonitor&quot; daemon prio=5 tid=29 timed_waiting&#10;java.lang.Thread.State: TIMED_WAITING&#10;        at java.lang.Thread.sleep(Native Method)&#10;        at org.apache.hadoop.ozone.lease.LeaseManager$LeaseMonitor.run(LeaseManager.java:234)&#10;        at java.lang.Thread.run(Thread.java:748)&#10;&quot;pool-26-thread-39&quot;  prio=5 tid=309 in Object.wait()&#10;java.lang.Thread.State: WAITING (on object monitor)&#10;        at sun.misc.Unsafe.park(Native Method)&#10;        at java.util.concurrent.locks.LockSupport.park(LockSupport.java:175)&#10;        at java.util.concurrent.locks.AbstractQueuedSynchronizer$ConditionObject.await(AbstractQueuedSynchronizer.java:2039)&#10;        at java.util.concurrent.ArrayBlockingQueue.take(ArrayBlockingQueue.java:403)&#10;        at java.util.concurrent.ThreadPoolExecutor.getTask(ThreadPoolExecutor.java:1074)&#10;        at java.util.concurrent.ThreadPoolExecutor.runWorker(ThreadPoolExecutor.java:1134)&#10;        at java.util.concurrent.ThreadPoolExecutor$Worker.run(ThreadPoolExecutor.java:624)&#10;        at java.lang.Thread.run(Thread.java:748)&#10;&quot;pool-47-thread-41&quot;  prio=5 tid=372 in Object.wait()&#10;java.lang.Thread.State: WAITING (on object monitor)&#10;        at sun.misc.Unsafe.park(Native Method)&#10;        at java.util.concurrent.locks.LockSupport.park(LockSupport.java:175)&#10;        at java.util.concurrent.locks.AbstractQueuedSynchronizer$ConditionObject.await(AbstractQueuedSynchronizer.java:2039)&#10;        at java.util.concurrent.ArrayBlockingQueue.take(ArrayBlockingQueue.java:403)&#10;        at java.util.concurrent.ThreadPoolExecutor.getTask(ThreadPoolExecutor.java:1074)&#10;        at java.util.concurrent.ThreadPoolExecutor.runWorker(ThreadPoolExecutor.java:1134)&#10;        at java.util.concurrent.ThreadPoolExecutor$Worker.run(ThreadPoolExecutor.java:624)&#10;        at java.lang.Thread.run(Thread.java:748)&#10;&quot;pool-89-thread-34&quot;  prio=5 tid=485 in Object.wait()&#10;java.lang.Thread.State: WAITING (on object monitor)&#10;        at sun.misc.Unsafe.park(Native Method)&#10;        at java.util.concurrent.locks.LockSupport.park(LockSupport.java:175)&#10;        at java.util.concurrent.locks.AbstractQueuedSynchronizer$ConditionObject.await(AbstractQueuedSynchronizer.java:2039)&#10;        at java.util.concurrent.ArrayBlockingQueue.take(ArrayBlockingQueue.java:403)&#10;        at java.util.concurrent.ThreadPoolExecutor.getTask(ThreadPoolExecutor.java:1074)&#10;        at java.util.concurrent.ThreadPoolExecutor.runWorker(ThreadPoolExecutor.java:1134)&#10;        at java.util.concurrent.ThreadPoolExecutor$Worker.run(ThreadPoolExecutor.java:624)&#10;        at java.lang.Thread.run(Thread.java:748)&#10;&quot;pool-68-thread-24&quot;  prio=5 tid=415 in Object.wait()&#10;java.lang.Thread.State: WAITING (on object monitor)&#10;        at sun.misc.Unsafe.park(Native Method)&#10;        at java.util.concurrent.locks.LockSupport.park(LockSupport.java:175)&#10;        at java.util.concurrent.locks.AbstractQueuedSynchronizer$ConditionObject.await(AbstractQueuedSynchronizer.java:2039)&#10;        at java.util.concurrent.ArrayBlockingQueue.take(ArrayBlockingQueue.java:403)&#10;        at java.util.concurrent.ThreadPoolExecutor.getTask(ThreadPoolExecutor.java:1074)&#10;        at java.util.concurrent.ThreadPoolExecutor.runWorker(ThreadPoolExecutor.java:1134)&#10;        at java.util.concurrent.ThreadPoolExecutor$Worker.run(ThreadPoolExecutor.java:624)&#10;        at java.lang.Thread.run(Thread.java:748)&#10;&quot;IPC Server handler 17 on 43271&quot; daemon prio=5 tid=67 timed_waiting&#10;java.lang.Thread.State: TIMED_WAITING&#10;        at sun.misc.Unsafe.park(Native Method)&#10;        at java.util.concurrent.locks.LockSupport.parkNanos(LockSupport.java:215)&#10;        at java.util.concurrent.locks.AbstractQueuedSynchronizer$ConditionObject.awaitNanos(AbstractQueuedSynchronizer.java:2078)&#10;        at java.util.concurrent.LinkedBlockingQueue.poll(LinkedBlockingQueue.java:467)&#10;        at org.apache.hadoop.ipc.CallQueueManager.take(CallQueueManager.java:288)&#10;        at org.apache.hadoop.ipc.Server$Handler.run(Server.java:2668)&#10;&quot;pool-47-thread-26&quot;  prio=5 tid=357 in Object.wait()&#10;java.lang.Thread.State: WAITING (on object monitor)&#10;        at sun.misc.Unsafe.park(Native Method)&#10;        at java.util.concurrent.locks.LockSupport.park(LockSupport.java:175)&#10;        at java.util.concurrent.locks.AbstractQueuedSynchronizer$ConditionObject.await(AbstractQueuedSynchronizer.java:2039)&#10;        at java.util.concurrent.ArrayBlockingQueue.take(ArrayBlockingQueue.java:403)&#10;        at java.util.concurrent.ThreadPoolExecutor.getTask(ThreadPoolExecutor.java:1074)&#10;        at java.util.concurrent.ThreadPoolExecutor.runWorker(ThreadPoolExecutor.java:1134)&#10;        at java.util.concurrent.ThreadPoolExecutor$Worker.run(ThreadPoolExecutor.java:624)&#10;        at java.lang.Thread.run(Thread.java:748)&#10;&quot;org.eclipse.jetty.server.session.HashSessionManager@7fe8c7dbTimer&quot; daemon prio=5 tid=259 timed_waiting&#10;java.lang.Thread.State: TIMED_WAITING&#10;        at sun.misc.Unsafe.park(Native Method)&#10;        at java.util.concurrent.locks.LockSupport.parkNanos(LockSupport.java:215)&#10;        at java.util.concurrent.locks.AbstractQueuedSynchronizer$ConditionObject.awaitNanos(AbstractQueuedSynchronizer.java:2078)&#10;        at java.util.concurrent.ScheduledThreadPoolExecutor$DelayedWorkQueue.take(ScheduledThreadPoolExecutor.java:1093)&#10;        at java.util.concurrent.ScheduledThreadPoolExecutor$DelayedWorkQueue.take(ScheduledThreadPoolExecutor.java:809)&#10;        at java.util.concurrent.ThreadPoolExecutor.getTask(ThreadPoolExecutor.java:1074)&#10;        at java.util.concurrent.ThreadPoolExecutor.runWorker(ThreadPoolExecutor.java:1134)&#10;        at java.util.concurrent.ThreadPoolExecutor$Worker.run(ThreadPoolExecutor.java:624)&#10;        at java.lang.Thread.run(Thread.java:748)&#10;&quot;pool-26-thread-5&quot;  prio=5 tid=275 in Object.wait()&#10;java.lang.Thread.State: WAITING (on object monitor)&#10;        at sun.misc.Unsafe.park(Native Method)&#10;        at java.util.concurrent.locks.LockSupport.park(LockSupport.java:175)&#10;        at java.util.concurrent.locks.AbstractQueuedSynchronizer$ConditionObject.await(AbstractQueuedSynchronizer.java:2039)&#10;        at java.util.concurrent.ArrayBlockingQueue.take(ArrayBlockingQueue.java:403)&#10;        at java.util.concurrent.ThreadPoolExecutor.getTask(ThreadPoolExecutor.java:1074)&#10;        at java.util.concurrent.ThreadPoolExecutor.runWorker(ThreadPoolExecutor.java:1134)&#10;        at java.util.concurrent.ThreadPoolExecutor$Worker.run(ThreadPoolExecutor.java:624)&#10;        at java.lang.Thread.run(Thread.java:748)&#10;&quot;qtp1110014943-257&quot; daemon prio=5 tid=257 timed_waiting&#10;java.lang.Thread.State: TIMED_WAITING&#10;        at sun.misc.Unsafe.park(Native Method)&#10;        at java.util.concurrent.locks.LockSupport.parkNanos(LockSupport.java:215)&#10;        at java.util.concurrent.locks.AbstractQueuedSynchronizer$ConditionObject.awaitNanos(AbstractQueuedSynchronizer.java:2078)&#10;        at org.eclipse.jetty.util.BlockingArrayQueue.poll(BlockingArrayQueue.java:392)&#10;        at org.eclipse.jetty.util.thread.QueuedThreadPool.idleJobPoll(QueuedThreadPool.java:563)&#10;        at org.eclipse.jetty.util.thread.QueuedThreadPool.access$800(QueuedThreadPool.java:48)&#10;        at org.eclipse.jetty.util.thread.QueuedThreadPool$2.run(QueuedThreadPool.java:626)&#10;        at java.lang.Thread.run(Thread.java:748)&#10;&quot;pool-47-thread-51&quot;  prio=5 tid=382 in Object.wait()&#10;java.lang.Thread.State: WAITING (on object monitor)&#10;        at sun.misc.Unsafe.park(Native Method)&#10;        at java.util.concurrent.locks.LockSupport.park(LockSupport.java:175)&#10;        at java.util.concurrent.locks.AbstractQueuedSynchronizer$ConditionObject.await(AbstractQueuedSynchronizer.java:2039)&#10;        at java.util.concurrent.ArrayBlockingQueue.take(ArrayBlockingQueue.java:403)&#10;        at java.util.concurrent.ThreadPoolExecutor.getTask(ThreadPoolExecutor.java:1074)&#10;        at java.util.concurrent.ThreadPoolExecutor.runWorker(ThreadPoolExecutor.java:1134)&#10;        at java.util.concurrent.ThreadPoolExecutor$Worker.run(ThreadPoolExecutor.java:624)&#10;        at java.lang.Thread.run(Thread.java:748)&#10;&quot;pool-68-thread-34&quot;  prio=5 tid=425 in Object.wait()&#10;java.lang.Thread.State: WAITING (on object monitor)&#10;        at sun.misc.Unsafe.park(Native Method)&#10;        at java.util.concurrent.locks.LockSupport.park(LockSupport.java:175)&#10;        at java.util.concurrent.locks.AbstractQueuedSynchronizer$ConditionObject.await(AbstractQueuedSynchronizer.java:2039)&#10;        at java.util.concurrent.ArrayBlockingQueue.take(ArrayBlockingQueue.java:403)&#10;        at java.util.concurrent.ThreadPoolExecutor.getTask(ThreadPoolExecutor.java:1074)&#10;        at java.util.concurrent.ThreadPoolExecutor.runWorker(ThreadPoolExecutor.java:1134)&#10;        at java.util.concurrent.ThreadPoolExecutor$Worker.run(ThreadPoolExecutor.java:624)&#10;        at java.lang.Thread.run(Thread.java:748)&#10;&quot;pool-47-thread-30&quot;  prio=5 tid=361 in Object.wait()&#10;java.lang.Thread.State: WAITING (on object monitor)&#10;        at sun.misc.Unsafe.park(Native Method)&#10;        at java.util.concurrent.locks.LockSupport.park(LockSupport.java:175)&#10;        at java.util.concurrent.locks.AbstractQueuedSynchronizer$ConditionObject.await(AbstractQueuedSynchronizer.java:2039)&#10;        at java.util.concurrent.ArrayBlockingQueue.take(ArrayBlockingQueue.java:403)&#10;        at java.util.concurrent.ThreadPoolExecutor.getTask(ThreadPoolExecutor.java:1074)&#10;        at java.util.concurrent.ThreadPoolExecutor.runWorker(ThreadPoolExecutor.java:1134)&#10;        at java.util.concurrent.ThreadPoolExecutor$Worker.run(ThreadPoolExecutor.java:624)&#10;        at java.lang.Thread.run(Thread.java:748)&#10;&quot;pool-26-thread-34&quot;  prio=5 tid=304 in Object.wait()&#10;java.lang.Thread.State: WAITING (on object monitor)&#10;        at sun.misc.Unsafe.park(Native Method)&#10;        at java.util.concurrent.locks.LockSupport.park(LockSupport.java:175)&#10;        at java.util.concurrent.locks.AbstractQueuedSynchronizer$ConditionObject.await(AbstractQueuedSynchronizer.java:2039)&#10;        at java.util.concurrent.ArrayBlockingQueue.take(ArrayBlockingQueue.java:403)&#10;        at java.util.concurrent.ThreadPoolExecutor.getTask(ThreadPoolExecutor.java:1074)&#10;        at java.util.concurrent.ThreadPoolExecutor.runWorker(ThreadPoolExecutor.java:1134)&#10;        at java.util.concurrent.ThreadPoolExecutor$Worker.run(ThreadPoolExecutor.java:624)&#10;        at java.lang.Thread.run(Thread.java:748)&#10;&quot;pool-47-thread-29&quot;  prio=5 tid=360 in Object.wait()&#10;java.lang.Thread.State: WAITING (on object monitor)&#10;        at sun.misc.Unsafe.park(Native Method)&#10;        at java.util.concurrent.locks.LockSupport.park(LockSupport.java:175)&#10;        at java.util.concurrent.locks.AbstractQueuedSynchronizer$ConditionObject.await(AbstractQueuedSynchronizer.java:2039)&#10;        at java.util.concurrent.ArrayBlockingQueue.take(ArrayBlockingQueue.java:403)&#10;        at java.util.concurrent.ThreadPoolExecutor.getTask(ThreadPoolExecutor.java:1074)&#10;        at java.util.concurrent.ThreadPoolExecutor.runWorker(ThreadPoolExecutor.java:1134)&#10;        at java.util.concurrent.ThreadPoolExecutor$Worker.run(ThreadPoolExecutor.java:624)&#10;        at java.lang.Thread.run(Thread.java:748)&#10;&quot;EventQueue-SafemodestatusForSafeModeHandler&quot; daemon prio=5 tid=518 in Object.wait()&#10;java.lang.Thread.State: WAITING (on object monitor)&#10;        at sun.misc.Unsafe.park(Native Method)&#10;        at java.util.concurrent.locks.LockSupport.park(LockSupport.java:175)&#10;        at java.util.concurrent.locks.AbstractQueuedSynchronizer$ConditionObject.await(AbstractQueuedSynchronizer.java:2039)&#10;        at java.util.concurrent.LinkedBlockingQueue.take(LinkedBlockingQueue.java:442)&#10;        at java.util.concurrent.ThreadPoolExecutor.getTask(ThreadPoolExecutor.java:1074)&#10;        at java.util.concurrent.ThreadPoolExecutor.runWorker(ThreadPoolExecutor.java:1134)&#10;        at java.util.concurrent.ThreadPoolExecutor$Worker.run(ThreadPoolExecutor.java:624)&#10;        at java.lang.Thread.run(Thread.java:748)&#10;&quot;IPC Server handler 7 on 42937&quot; daemon prio=5 tid=121 timed_waiting&#10;java.lang.Thread.State: TIMED_WAITING&#10;        at sun.misc.Unsafe.park(Native Method)&#10;        at java.util.concurrent.locks.LockSupport.parkNanos(LockSupport.java:215)&#10;        at java.util.concurrent.locks.AbstractQueuedSynchronizer$ConditionObject.awaitNanos(AbstractQueuedSynchronizer.java:2078)&#10;        at java.util.concurrent.LinkedBlockingQueue.poll(LinkedBlockingQueue.java:467)&#10;        at org.apache.hadoop.ipc.CallQueueManager.take(CallQueueManager.java:288)&#10;        at org.apache.hadoop.ipc.Server$Handler.run(Server.java:2668)&#10;&quot;pool-68-thread-56&quot;  prio=5 tid=447 in Object.wait()&#10;java.lang.Thread.State: WAITING (on object monitor)&#10;        at sun.misc.Unsafe.park(Native Method)&#10;        at java.util.concurrent.locks.LockSupport.park(LockSupport.java:175)&#10;        at java.util.concurrent.locks.AbstractQueuedSynchronizer$ConditionObject.await(AbstractQueuedSynchronizer.java:2039)&#10;        at java.util.concurrent.ArrayBlockingQueue.take(ArrayBlockingQueue.java:403)&#10;        at java.util.concurrent.ThreadPoolExecutor.getTask(ThreadPoolExecutor.java:1074)&#10;        at java.util.concurrent.ThreadPoolExecutor.runWorker(ThreadPoolExecutor.java:1134)&#10;        at java.util.concurrent.ThreadPoolExecutor$Worker.run(ThreadPoolExecutor.java:624)&#10;        at java.lang.Thread.run(Thread.java:748)&#10;&quot;SCMBlockDeletingService#1&quot; daemon prio=5 tid=103 in Object.wait()&#10;java.lang.Thread.State: WAITING (on object monitor)&#10;        at sun.misc.Unsafe.park(Native Method)&#10;        at java.util.concurrent.locks.LockSupport.park(LockSupport.java:175)&#10;        at java.util.concurrent.locks.AbstractQueuedSynchronizer$ConditionObject.await(AbstractQueuedSynchronizer.java:2039)&#10;        at java.util.concurrent.ScheduledThreadPoolExecutor$DelayedWorkQueue.take(ScheduledThreadPoolExecutor.java:1088)&#10;        at java.util.concurrent.ScheduledThreadPoolExecutor$DelayedWorkQueue.take(ScheduledThreadPoolExecutor.java:809)&#10;        at java.util.concurrent.ThreadPoolExecutor.getTask(ThreadPoolExecutor.java:1074)&#10;        at java.util.concurrent.ThreadPoolExecutor.runWorker(ThreadPoolExecutor.java:1134)&#10;        at java.util.concurrent.ThreadPoolExecutor$Worker.run(ThreadPoolExecutor.java:624)&#10;        at java.lang.Thread.run(Thread.java:748)&#10;&quot;pool-26-thread-11&quot;  prio=5 tid=281 in Object.wait()&#10;java.lang.Thread.State: WAITING (on object monitor)&#10;        at sun.misc.Unsafe.park(Native Method)&#10;        at java.util.concurrent.locks.LockSupport.park(LockSupport.java:175)&#10;        at java.util.concurrent.locks.AbstractQueuedSynchronizer$ConditionObject.await(AbstractQueuedSynchronizer.java:2039)&#10;        at java.util.concurrent.ArrayBlockingQueue.take(ArrayBlockingQueue.java:403)&#10;        at java.util.concurrent.ThreadPoolExecutor.getTask(ThreadPoolExecutor.java:1074)&#10;        at java.util.concurrent.ThreadPoolExecutor.runWorker(ThreadPoolExecutor.java:1134)&#10;        at java.util.concurrent.ThreadPoolExecutor$Worker.run(ThreadPoolExecutor.java:624)&#10;        at java.lang.Thread.run(Thread.java:748)&#10;&quot;IPC Server handler 6 on 40125&quot; daemon prio=5 tid=36 timed_waiting&#10;java.lang.Thread.State: TIMED_WAITING&#10;        at sun.misc.Unsafe.park(Native Method)&#10;        at java.util.concurrent.locks.LockSupport.parkNanos(LockSupport.java:215)&#10;        at java.util.concurrent.locks.AbstractQueuedSynchronizer$ConditionObject.awaitNanos(AbstractQueuedSynchronizer.java:2078)&#10;        at java.util.concurrent.LinkedBlockingQueue.poll(LinkedBlockingQueue.java:467)&#10;        at org.apache.hadoop.ipc.CallQueueManager.take(CallQueueManager.java:288)&#10;        at org.apache.hadoop.ipc.Server$Handler.run(Server.java:2668)&#10;&quot;pool-47-thread-35&quot;  prio=5 tid=366 in Object.wait()&#10;java.lang.Thread.State: WAITING (on object monitor)&#10;        at sun.misc.Unsafe.park(Native Method)&#10;        at java.util.concurrent.locks.LockSupport.park(LockSupport.java:175)&#10;        at java.util.concurrent.locks.AbstractQueuedSynchronizer$ConditionObject.await(AbstractQueuedSynchronizer.java:2039)&#10;        at java.util.concurrent.ArrayBlockingQueue.take(ArrayBlockingQueue.java:403)&#10;        at java.util.concurrent.ThreadPoolExecutor.getTask(ThreadPoolExecutor.java:1074)&#10;        at java.util.concurrent.ThreadPoolExecutor.runWorker(ThreadPoolExecutor.java:1134)&#10;        at java.util.concurrent.ThreadPoolExecutor$Worker.run(ThreadPoolExecutor.java:624)&#10;        at java.lang.Thread.run(Thread.java:748)&#10;&quot;pool-68-thread-41&quot;  prio=5 tid=432 in Object.wait()&#10;java.lang.Thread.State: WAITING (on object monitor)&#10;        at sun.misc.Unsafe.park(Native Method)&#10;        at java.util.concurrent.locks.LockSupport.park(LockSupport.java:175)&#10;        at java.util.concurrent.locks.AbstractQueuedSynchronizer$ConditionObject.await(AbstractQueuedSynchronizer.java:2039)&#10;        at java.util.concurrent.ArrayBlockingQueue.take(ArrayBlockingQueue.java:403)&#10;        at java.util.concurrent.ThreadPoolExecutor.getTask(ThreadPoolExecutor.java:1074)&#10;        at java.util.concurrent.ThreadPoolExecutor.runWorker(ThreadPoolExecutor.java:1134)&#10;        at java.util.concurrent.ThreadPoolExecutor$Worker.run(ThreadPoolExecutor.java:624)&#10;        at java.lang.Thread.run(Thread.java:748)&#10;&quot;pool-68-thread-36&quot;  prio=5 tid=427 in Object.wait()&#10;java.lang.Thread.State: WAITING (on object monitor)&#10;        at sun.misc.Unsafe.park(Native Method)&#10;        at java.util.concurrent.locks.LockSupport.park(LockSupport.java:175)&#10;        at java.util.concurrent.locks.AbstractQueuedSynchronizer$ConditionObject.await(AbstractQueuedSynchronizer.java:2039)&#10;        at java.util.concurrent.ArrayBlockingQueue.take(ArrayBlockingQueue.java:403)&#10;        at java.util.concurrent.ThreadPoolExecutor.getTask(ThreadPoolExecutor.java:1074)&#10;        at java.util.concurrent.ThreadPoolExecutor.runWorker(ThreadPoolExecutor.java:1134)&#10;        at java.util.concurrent.ThreadPoolExecutor$Worker.run(ThreadPoolExecutor.java:624)&#10;        at java.lang.Thread.run(Thread.java:748)&#10;&quot;pool-47-thread-3&quot;  prio=5 tid=334 in Object.wait()&#10;java.lang.Thread.State: WAITING (on object monitor)&#10;        at sun.misc.Unsafe.park(Native Method)&#10;        at java.util.concurrent.locks.LockSupport.park(LockSupport.java:175)&#10;        at java.util.concurrent.locks.AbstractQueuedSynchronizer$ConditionObject.await(AbstractQueuedSynchronizer.java:2039)&#10;        at java.util.concurrent.ArrayBlockingQueue.take(ArrayBlockingQueue.java:403)&#10;        at java.util.concurrent.ThreadPoolExecutor.getTask(ThreadPoolExecutor.java:1074)&#10;        at java.util.concurrent.ThreadPoolExecutor.runWorker(ThreadPoolExecutor.java:1134)&#10;        at java.util.concurrent.ThreadPoolExecutor$Worker.run(ThreadPoolExecutor.java:624)&#10;        at java.lang.Thread.run(Thread.java:748)&#10;&quot;pool-47-thread-52&quot;  prio=5 tid=383 in Object.wait()&#10;java.lang.Thread.State: WAITING (on object monitor)&#10;        at sun.misc.Unsafe.park(Native Method)&#10;        at java.util.concurrent.locks.LockSupport.park(LockSupport.java:175)&#10;        at java.util.concurrent.locks.AbstractQueuedSynchronizer$ConditionObject.await(AbstractQueuedSynchronizer.java:2039)&#10;        at java.util.concurrent.ArrayBlockingQueue.take(ArrayBlockingQueue.java:403)&#10;        at java.util.concurrent.ThreadPoolExecutor.getTask(ThreadPoolExecutor.java:1074)&#10;        at java.util.concurrent.ThreadPoolExecutor.runWorker(ThreadPoolExecutor.java:1134)&#10;        at java.util.concurrent.ThreadPoolExecutor$Worker.run(ThreadPoolExecutor.java:624)&#10;        at java.lang.Thread.run(Thread.java:748)&#10;&quot;IPC Server handler 14 on 42937&quot; daemon prio=5 tid=128 timed_waiting&#10;java.lang.Thread.State: TIMED_WAITING&#10;        at sun.misc.Unsafe.park(Native Method)&#10;        at java.util.concurrent.locks.LockSupport.parkNanos(LockSupport.java:215)&#10;        at java.util.concurrent.locks.AbstractQueuedSynchronizer$ConditionObject.awaitNanos(AbstractQueuedSynchronizer.java:2078)&#10;        at java.util.concurrent.LinkedBlockingQueue.poll(LinkedBlockingQueue.java:467)&#10;        at org.apache.hadoop.ipc.CallQueueManager.take(CallQueueManager.java:288)&#10;        at org.apache.hadoop.ipc.Server$Handler.run(Server.java:2668)&#10;&quot;pool-89-thread-49&quot;  prio=5 tid=500 in Object.wait()&#10;java.lang.Thread.State: WAITING (on object monitor)&#10;        at sun.misc.Unsafe.park(Native Method)&#10;        at java.util.concurrent.locks.LockSupport.park(LockSupport.java:175)&#10;        at java.util.concurrent.locks.AbstractQueuedSynchronizer$ConditionObject.await(AbstractQueuedSynchronizer.java:2039)&#10;        at java.util.concurrent.ArrayBlockingQueue.take(ArrayBlockingQueue.java:403)&#10;        at java.util.concurrent.ThreadPoolExecutor.getTask(ThreadPoolExecutor.java:1074)&#10;        at java.util.concurrent.ThreadPoolExecutor.runWorker(ThreadPoolExecutor.java:1134)&#10;        at java.util.concurrent.ThreadPoolExecutor$Worker.run(ThreadPoolExecutor.java:624)&#10;        at java.lang.Thread.run(Thread.java:748)&#10;&quot;IPC Server handler 11 on 43271&quot; daemon prio=5 tid=61 timed_waiting&#10;java.lang.Thread.State: TIMED_WAITING&#10;        at sun.misc.Unsafe.park(Native Method)&#10;        at java.util.concurrent.locks.LockSupport.parkNanos(LockSupport.java:215)&#10;        at java.util.concurrent.locks.AbstractQueuedSynchronizer$ConditionObject.awaitNanos(AbstractQueuedSynchronizer.java:2078)&#10;        at java.util.concurrent.LinkedBlockingQueue.poll(LinkedBlockingQueue.java:467)&#10;        at org.apache.hadoop.ipc.CallQueueManager.take(CallQueueManager.java:288)&#10;        at org.apache.hadoop.ipc.Server$Handler.run(Server.java:2668)&#10;&quot;pool-89-thread-3&quot;  prio=5 tid=454 in Object.wait()&#10;java.lang.Thread.State: WAITING (on object monitor)&#10;        at sun.misc.Unsafe.park(Native Method)&#10;        at java.util.concurrent.locks.LockSupport.park(LockSupport.java:175)&#10;        at java.util.concurrent.locks.AbstractQueuedSynchronizer$ConditionObject.await(AbstractQueuedSynchronizer.java:2039)&#10;        at java.util.concurrent.ArrayBlockingQueue.take(ArrayBlockingQueue.java:403)&#10;        at java.util.concurrent.ThreadPoolExecutor.getTask(ThreadPoolExecutor.java:1074)&#10;        at java.util.concurrent.ThreadPoolExecutor.runWorker(ThreadPoolExecutor.java:1134)&#10;        at java.util.concurrent.ThreadPoolExecutor$Worker.run(ThreadPoolExecutor.java:624)&#10;        at java.lang.Thread.run(Thread.java:748)&#10;&quot;org.eclipse.jetty.server.session.HashSessionManager@6ad11a56Timer&quot; daemon prio=5 tid=144 timed_waiting&#10;java.lang.Thread.State: TIMED_WAITING&#10;        at sun.misc.Unsafe.park(Native Method)&#10;        at java.util.concurrent.locks.LockSupport.parkNanos(LockSupport.java:215)&#10;        at java.util.concurrent.locks.AbstractQueuedSynchronizer$ConditionObject.awaitNanos(AbstractQueuedSynchronizer.java:2078)&#10;        at java.util.concurrent.ScheduledThreadPoolExecutor$DelayedWorkQueue.take(ScheduledThreadPoolExecutor.java:1093)&#10;        at java.util.concurrent.ScheduledThreadPoolExecutor$DelayedWorkQueue.take(ScheduledThreadPoolExecutor.java:809)&#10;        at java.util.concurrent.ThreadPoolExecutor.getTask(ThreadPoolExecutor.java:1074)&#10;        at java.util.concurrent.ThreadPoolExecutor.runWorker(ThreadPoolExecutor.java:1134)&#10;        at java.util.concurrent.ThreadPoolExecutor$Worker.run(ThreadPoolExecutor.java:624)&#10;        at java.lang.Thread.run(Thread.java:748)&#10;&quot;org.apache.hadoop.util.JvmPauseMonitor$Monitor@51010348&quot; daemon prio=5 tid=268 timed_waiting&#10;java.lang.Thread.State: TIMED_WAITING&#10;        at java.lang.Thread.sleep(Native Method)&#10;        at org.apache.hadoop.util.JvmPauseMonitor$Monitor.run(JvmPauseMonitor.java:192)&#10;        at java.lang.Thread.run(Thread.java:748)&#10;&quot;pool-26-thread-53&quot;  prio=5 tid=323 in Object.wait()&#10;java.lang.Thread.State: WAITING (on object monitor)&#10;        at sun.misc.Unsafe.park(Native Method)&#10;        at java.util.concurrent.locks.LockSupport.park(LockSupport.java:175)&#10;        at java.util.concurrent.locks.AbstractQueuedSynchronizer$ConditionObject.await(AbstractQueuedSynchronizer.java:2039)&#10;        at java.util.concurrent.ArrayBlockingQueue.take(ArrayBlockingQueue.java:403)&#10;        at java.util.concurrent.ThreadPoolExecutor.getTask(ThreadPoolExecutor.java:1074)&#10;        at java.util.concurrent.ThreadPoolExecutor.runWorker(ThreadPoolExecutor.java:1134)&#10;        at java.util.concurrent.ThreadPoolExecutor$Worker.run(ThreadPoolExecutor.java:624)&#10;        at java.lang.Thread.run(Thread.java:748)&#10;&quot;org.eclipse.jetty.server.session.HashSessionManager@2af4129dTimer&quot; daemon prio=5 tid=170 timed_waiting&#10;java.lang.Thread.State: TIMED_WAITING&#10;        at sun.misc.Unsafe.park(Native Method)&#10;        at java.util.concurrent.locks.LockSupport.parkNanos(LockSupport.java:215)&#10;        at java.util.concurrent.locks.AbstractQueuedSynchronizer$ConditionObject.awaitNanos(AbstractQueuedSynchronizer.java:2078)&#10;        at java.util.concurrent.ScheduledThreadPoolExecutor$DelayedWorkQueue.take(ScheduledThreadPoolExecutor.java:1093)&#10;        at java.util.concurrent.ScheduledThreadPoolExecutor$DelayedWorkQueue.take(ScheduledThreadPoolExecutor.java:809)&#10;        at java.util.concurrent.ThreadPoolExecutor.getTask(ThreadPoolExecutor.java:1074)&#10;        at java.util.concurrent.ThreadPoolExecutor.runWorker(ThreadPoolExecutor.java:1134)&#10;        at java.util.concurrent.ThreadPoolExecutor$Worker.run(ThreadPoolExecutor.java:624)&#10;        at java.lang.Thread.run(Thread.java:748)&#10;&quot;qtp1894788146-96&quot; daemon prio=5 tid=96 timed_waiting&#10;java.lang.Thread.State: TIMED_WAITING&#10;        at sun.misc.Unsafe.park(Native Method)&#10;        at java.util.concurrent.locks.LockSupport.parkNanos(LockSupport.java:215)&#10;        at java.util.concurrent.locks.AbstractQueuedSynchronizer$ConditionObject.awaitNanos(AbstractQueuedSynchronizer.java:2078)&#10;        at org.eclipse.jetty.util.BlockingArrayQueue.poll(BlockingArrayQueue.java:392)&#10;        at org.eclipse.jetty.util.thread.QueuedThreadPool.idleJobPoll(QueuedThreadPool.java:563)&#10;        at org.eclipse.jetty.util.thread.QueuedThreadPool.access$800(QueuedThreadPool.java:48)&#10;        at org.eclipse.jetty.util.thread.QueuedThreadPool$2.run(QueuedThreadPool.java:626)&#10;        at java.lang.Thread.run(Thread.java:748)&#10;&quot;pool-89-thread-40&quot;  prio=5 tid=491 in Object.wait()&#10;java.lang.Thread.State: WAITING (on object monitor)&#10;        at sun.misc.Unsafe.park(Native Method)&#10;        at java.util.concurrent.locks.LockSupport.park(LockSupport.java:175)&#10;        at java.util.concurrent.locks.AbstractQueuedSynchronizer$ConditionObject.await(AbstractQueuedSynchronizer.java:2039)&#10;        at java.util.concurrent.ArrayBlockingQueue.take(ArrayBlockingQueue.java:403)&#10;        at java.util.concurrent.ThreadPoolExecutor.getTask(ThreadPoolExecutor.java:1074)&#10;        at java.util.concurrent.ThreadPoolExecutor.runWorker(ThreadPoolExecutor.java:1134)&#10;        at java.util.concurrent.ThreadPoolExecutor$Worker.run(ThreadPoolExecutor.java:624)&#10;        at java.lang.Thread.run(Thread.java:748)&#10;&quot;pool-89-thread-13&quot;  prio=5 tid=464 in Object.wait()&#10;java.lang.Thread.State: WAITING (on object monitor)&#10;        at sun.misc.Unsafe.park(Native Method)&#10;        at java.util.concurrent.locks.LockSupport.park(LockSupport.java:175)&#10;        at java.util.concurrent.locks.AbstractQueuedSynchronizer$ConditionObject.await(AbstractQueuedSynchronizer.java:2039)&#10;        at java.util.concurrent.ArrayBlockingQueue.take(ArrayBlockingQueue.java:403)&#10;        at java.util.concurrent.ThreadPoolExecutor.getTask(ThreadPoolExecutor.java:1074)&#10;        at java.util.concurrent.ThreadPoolExecutor.runWorker(ThreadPoolExecutor.java:1134)&#10;        at java.util.concurrent.ThreadPoolExecutor$Worker.run(ThreadPoolExecutor.java:624)&#10;        at java.lang.Thread.run(Thread.java:748)&#10;&quot;Datanode State Machine Thread - 0&quot; daemon prio=5 tid=269 timed_waiting&#10;java.lang.Thread.State: TIMED_WAITING&#10;        at sun.misc.Unsafe.park(Native Method)&#10;        at java.util.concurrent.locks.LockSupport.parkNanos(LockSupport.java:215)&#10;        at java.util.concurrent.SynchronousQueue$TransferStack.awaitFulfill(SynchronousQueue.java:460)&#10;        at java.util.concurrent.SynchronousQueue$TransferStack.transfer(SynchronousQueue.java:362)&#10;        at java.util.concurrent.SynchronousQueue.poll(SynchronousQueue.java:941)&#10;        at java.util.concurrent.ThreadPoolExecutor.getTask(ThreadPoolExecutor.java:1073)&#10;        at java.util.concurrent.ThreadPoolExecutor.runWorker(ThreadPoolExecutor.java:1134)&#10;        at java.util.concurrent.ThreadPoolExecutor$Worker.run(ThreadPoolExecutor.java:624)&#10;        at java.lang.Thread.run(Thread.java:748)&#10;&quot;main&quot;  prio=5 tid=1 runnable&#10;java.lang.Thread.State: RUNNABLE&#10;        at java.lang.Thread.dumpThreads(Native Method)&#10;        at java.lang.Thread.getAllStackTraces(Thread.java:1610)&#10;        at org.apache.hadoop.test.TimedOutTestsListener.buildThreadDump(TimedOutTestsListener.java:87)&#10;        at org.apache.hadoop.test.TimedOutTestsListener.buildThreadDiagnosticString(TimedOutTestsListener.java:73)&#10;        at org.apache.hadoop.test.GenericTestUtils.waitFor(GenericTestUtils.java:389)&#10;        at org.apache.hadoop.ozone.MiniOzoneClusterImpl.waitForClusterToBeReady(MiniOzoneClusterImpl.java:139)&#10;        at org.apache.hadoop.hdds.scm.pipeline.TestSCMRestart.init(TestSCMRestart.java:65)&#10;        at sun.reflect.NativeMethodAccessorImpl.invoke0(Native Method)&#10;        at sun.reflect.NativeMethodAccessorImpl.invoke(NativeMethodAccessorImpl.java:62)&#10;        at sun.reflect.DelegatingMethodAccessorImpl.invoke(DelegatingMethodAccessorImpl.java:43)&#10;        at java.lang.reflect.Method.invoke(Method.java:498)&#10;        at org.junit.runners.model.FrameworkMethod$1.runReflectiveCall(FrameworkMethod.java:47)&#10;        at org.junit.internal.runners.model.ReflectiveCallable.run(ReflectiveCallable.java:12)&#10;        at org.junit.runners.model.FrameworkMethod.invokeExplosively(FrameworkMethod.java:44)&#10;        at org.junit.internal.runners.statements.RunBefores.evaluate(RunBefores.java:24)&#10;        at org.junit.internal.runners.statements.RunAfters.evaluate(RunAfters.java:27)&#10;        at org.junit.runners.ParentRunner.run(ParentRunner.java:309)&#10;        at org.apache.maven.surefire.junit4.JUnit4Provider.execute(JUnit4Provider.java:365)&#10;        at org.apache.maven.surefire.junit4.JUnit4Provider.executeWithRerun(JUnit4Provider.java:273)&#10;        at org.apache.maven.surefire.junit4.JUnit4Provider.executeTestSet(JUnit4Provider.java:238)&#10;        at org.apache.maven.surefire.junit4.JUnit4Provider.invoke(JUnit4Provider.java:159)&#10;        at org.apache.maven.surefire.booter.ForkedBooter.invokeProviderInSameClassLoader(ForkedBooter.java:384)&#10;        at org.apache.maven.surefire.booter.ForkedBooter.runSuitesInProcess(ForkedBooter.java:345)&#10;        at org.apache.maven.surefire.booter.ForkedBooter.execute(ForkedBooter.java:126)&#10;        at org.apache.maven.surefire.booter.ForkedBooter.main(ForkedBooter.java:418)&#10;&quot;Datanode ReportManager Thread - 2&quot; daemon prio=5 tid=207 timed_waiting&#10;java.lang.Thread.State: TIMED_WAITING&#10;        at sun.misc.Unsafe.park(Native Method)&#10;        at java.util.concurrent.locks.LockSupport.parkNanos(LockSupport.java:215)&#10;        at java.util.concurrent.locks.AbstractQueuedSynchronizer$ConditionObject.awaitNanos(AbstractQueuedSynchronizer.java:2078)&#10;        at java.util.concurrent.ScheduledThreadPoolExecutor$DelayedWorkQueue.take(ScheduledThreadPoolExecutor.java:1093)&#10;        at java.util.concurrent.ScheduledThreadPoolExecutor$DelayedWorkQueue.take(ScheduledThreadPoolExecutor.java:809)&#10;        at java.util.concurrent.ThreadPoolExecutor.getTask(ThreadPoolExecutor.java:1074)&#10;        at java.util.concurrent.ThreadPoolExecutor.runWorker(ThreadPoolExecutor.java:1134)&#10;        at java.util.concurrent.ThreadPoolExecutor$Worker.run(ThreadPoolExecutor.java:624)&#10;        at java.lang.Thread.run(Thread.java:748)&#10;&quot;BlockDeletingService#2&quot; daemon prio=5 tid=782 in Object.wait()&#10;java.lang.Thread.State: WAITING (on object monitor)&#10;        at sun.misc.Unsafe.park(Native Method)&#10;        at java.util.concurrent.locks.LockSupport.park(LockSupport.java:175)&#10;        at java.util.concurrent.locks.AbstractQueuedSynchronizer$ConditionObject.await(AbstractQueuedSynchronizer.java:2039)&#10;        at java.util.concurrent.ScheduledThreadPoolExecutor$DelayedWorkQueue.take(ScheduledThreadPoolExecutor.java:1088)&#10;        at java.util.concurrent.ScheduledThreadPoolExecutor$DelayedWorkQueue.take(ScheduledThreadPoolExecutor.java:809)&#10;        at java.util.concurrent.ThreadPoolExecutor.getTask(ThreadPoolExecutor.java:1074)&#10;        at java.util.concurrent.ThreadPoolExecutor.runWorker(ThreadPoolExecutor.java:1134)&#10;        at java.util.concurrent.ThreadPoolExecutor$Worker.run(ThreadPoolExecutor.java:624)&#10;        at java.lang.Thread.run(Thread.java:748)&#10;&quot;pool-26-thread-30&quot;  prio=5 tid=300 in Object.wait()&#10;java.lang.Thread.State: WAITING (on object monitor)&#10;        at sun.misc.Unsafe.park(Native Method)&#10;        at java.util.concurrent.locks.LockSupport.park(LockSupport.java:175)&#10;        at java.util.concurrent.locks.AbstractQueuedSynchronizer$ConditionObject.await(AbstractQueuedSynchronizer.java:2039)&#10;        at java.util.concurrent.ArrayBlockingQueue.take(ArrayBlockingQueue.java:403)&#10;        at java.util.concurrent.ThreadPoolExecutor.getTask(ThreadPoolExecutor.java:1074)&#10;        at java.util.concurrent.ThreadPoolExecutor.runWorker(ThreadPoolExecutor.java:1134)&#10;        at java.util.concurrent.ThreadPoolExecutor$Worker.run(ThreadPoolExecutor.java:624)&#10;        at java.lang.Thread.run(Thread.java:748)&#10;&quot;pool-89-thread-7&quot;  prio=5 tid=458 in Object.wait()&#10;java.lang.Thread.State: WAITING (on object monitor)&#10;        at sun.misc.Unsafe.park(Native Method)&#10;        at java.util.concurrent.locks.LockSupport.park(LockSupport.java:175)&#10;        at java.util.concurrent.locks.AbstractQueuedSynchronizer$ConditionObject.await(AbstractQueuedSynchronizer.java:2039)&#10;        at java.util.concurrent.ArrayBlockingQueue.take(ArrayBlockingQueue.java:403)&#10;        at java.util.concurrent.ThreadPoolExecutor.getTask(ThreadPoolExecutor.java:1074)&#10;        at java.util.concurrent.ThreadPoolExecutor.runWorker(ThreadPoolExecutor.java:1134)&#10;        at java.util.concurrent.ThreadPoolExecutor$Worker.run(ThreadPoolExecutor.java:624)&#10;        at java.lang.Thread.run(Thread.java:748)&#10;&quot;surefire-forkedjvm-command-thread&quot; daemon prio=5 tid=8 runnable&#10;java.lang.Thread.State: RUNNABLE&#10;        at java.io.FileInputStream.readBytes(Native Method)&#10;        at java.io.FileInputStream.read(FileInputStream.java:255)&#10;        at java.io.BufferedInputStream.fill(BufferedInputStream.java:246)&#10;        at java.io.BufferedInputStream.read(BufferedInputStream.java:265)&#10;        at java.io.DataInputStream.readInt(DataInputStream.java:387)&#10;        at org.apache.maven.surefire.booter.MasterProcessCommand.decode(MasterProcessCommand.java:115)&#10;        at org.apache.maven.surefire.booter.CommandReader$CommandRunnable.run(CommandReader.java:390)&#10;        at java.lang.Thread.run(Thread.java:748)&#10;&quot;BlockDeletingService#1&quot; daemon prio=5 tid=188 timed_waiting&#10;java.lang.Thread.State: TIMED_WAITING&#10;        at sun.misc.Unsafe.park(Native Method)&#10;        at java.util.concurrent.locks.LockSupport.parkNanos(LockSupport.java:215)&#10;        at java.util.concurrent.locks.AbstractQueuedSynchronizer$ConditionObject.awaitNanos(AbstractQueuedSynchronizer.java:2078)&#10;        at java.util.concurrent.ScheduledThreadPoolExecutor$DelayedWorkQueue.take(ScheduledThreadPoolExecutor.java:1093)&#10;        at java.util.concurrent.ScheduledThreadPoolExecutor$DelayedWorkQueue.take(ScheduledThreadPoolExecutor.java:809)&#10;        at java.util.concurrent.ThreadPoolExecutor.getTask(ThreadPoolExecutor.java:1074)&#10;        at java.util.concurrent.ThreadPoolExecutor.runWorker(ThreadPoolExecutor.java:1134)&#10;        at java.util.concurrent.ThreadPoolExecutor$Worker.run(ThreadPoolExecutor.java:624)&#10;        at java.lang.Thread.run(Thread.java:748)&#10;&quot;IPC Server handler 10 on 34963&quot; daemon prio=5 tid=80 timed_waiting&#10;java.lang.Thread.State: TIMED_WAITING&#10;        at sun.misc.Unsafe.park(Native Method)&#10;        at java.util.concurrent.locks.LockSupport.parkNanos(LockSupport.java:215)&#10;        at java.util.concurrent.locks.AbstractQueuedSynchronizer$ConditionObject.awaitNanos(AbstractQueuedSynchronizer.java:2078)&#10;        at java.util.concurrent.LinkedBlockingQueue.poll(LinkedBlockingQueue.java:467)&#10;        at org.apache.hadoop.ipc.CallQueueManager.take(CallQueueManager.java:288)&#10;        at org.apache.hadoop.ipc.Server$Handler.run(Server.java:2668)&#10;&quot;jaeger.RemoteReporter-FlushTimer&quot; daemon prio=5 tid=147 timed_waiting&#10;java.lang.Thread.State: TIMED_WAITING&#10;        at java.lang.Object.wait(Native Method)&#10;        at java.util.TimerThread.mainLoop(Timer.java:552)&#10;        at java.util.TimerThread.run(Timer.java:505)&#10;&quot;pool-89-thread-11&quot;  prio=5 tid=462 in Object.wait()&#10;java.lang.Thread.State: WAITING (on object monitor)&#10;        at sun.misc.Unsafe.park(Native Method)&#10;        at java.util.concurrent.locks.LockSupport.park(LockSupport.java:175)&#10;        at java.util.concurrent.locks.AbstractQueuedSynchronizer$ConditionObject.await(AbstractQueuedSynchronizer.java:2039)&#10;        at java.util.concurrent.ArrayBlockingQueue.take(ArrayBlockingQueue.java:403)&#10;        at java.util.concurrent.ThreadPoolExecutor.getTask(ThreadPoolExecutor.java:1074)&#10;        at java.util.concurrent.ThreadPoolExecutor.runWorker(ThreadPoolExecutor.java:1134)&#10;        at java.util.concurrent.ThreadPoolExecutor$Worker.run(ThreadPoolExecutor.java:624)&#10;        at java.lang.Thread.run(Thread.java:748)&#10;&quot;IPC Server handler 9 on 34963&quot; daemon prio=5 tid=79 timed_waiting&#10;java.lang.Thread.State: TIMED_WAITING&#10;        at sun.misc.Unsafe.park(Native Method)&#10;        at java.util.concurrent.locks.LockSupport.parkNanos(LockSupport.java:215)&#10;        at java.util.concurrent.locks.AbstractQueuedSynchronizer$ConditionObject.awaitNanos(AbstractQueuedSynchronizer.java:2078)&#10;        at java.util.concurrent.LinkedBlockingQueue.poll(LinkedBlockingQueue.java:467)&#10;        at org.apache.hadoop.ipc.CallQueueManager.take(CallQueueManager.java:288)&#10;        at org.apache.hadoop.ipc.Server$Handler.run(Server.java:2668)&#10;&quot;pool-68-thread-30&quot;  prio=5 tid=421 in Object.wait()&#10;java.lang.Thread.State: WAITING (on object monitor)&#10;        at sun.misc.Unsafe.park(Native Method)&#10;        at java.util.concurrent.locks.LockSupport.park(LockSupport.java:175)&#10;        at java.util.concurrent.locks.AbstractQueuedSynchronizer$ConditionObject.await(AbstractQueuedSynchronizer.java:2039)&#10;        at java.util.concurrent.ArrayBlockingQueue.take(ArrayBlockingQueue.java:403)&#10;        at java.util.concurrent.ThreadPoolExecutor.getTask(ThreadPoolExecutor.java:1074)&#10;        at java.util.concurrent.ThreadPoolExecutor.runWorker(ThreadPoolExecutor.java:1134)&#10;        at java.util.concurrent.ThreadPoolExecutor$Worker.run(ThreadPoolExecutor.java:624)&#10;        at java.lang.Thread.run(Thread.java:748)&#10;&quot;qtp1894788146-93&quot; daemon prio=5 tid=93 timed_waiting&#10;java.lang.Thread.State: TIMED_WAITING&#10;        at sun.misc.Unsafe.park(Native Method)&#10;        at java.util.concurrent.locks.LockSupport.parkNanos(LockSupport.java:215)&#10;        at java.util.concurrent.locks.AbstractQueuedSynchronizer$ConditionObject.awaitNanos(AbstractQueuedSynchronizer.java:2078)&#10;        at org.eclipse.jetty.util.BlockingArrayQueue.poll(BlockingArrayQueue.java:392)&#10;        at org.eclipse.jetty.util.thread.QueuedThreadPool.idleJobPoll(QueuedThreadPool.java:563)&#10;        at org.eclipse.jetty.util.thread.QueuedThreadPool.access$800(QueuedThreadPool.java:48)&#10;        at org.eclipse.jetty.util.thread.QueuedThreadPool$2.run(QueuedThreadPool.java:626)&#10;        at java.lang.Thread.run(Thread.java:748)&#10;&quot;IPC Server handler 19 on 42937&quot; daemon prio=5 tid=133 timed_waiting&#10;java.lang.Thread.State: TIMED_WAITING&#10;        at sun.misc.Unsafe.park(Native Method)&#10;        at java.util.concurrent.locks.LockSupport.parkNanos(LockSupport.java:215)&#10;        at java.util.concurrent.locks.AbstractQueuedSynchronizer$ConditionObject.awaitNanos(AbstractQueuedSynchronizer.java:2078)&#10;        at java.util.concurrent.LinkedBlockingQueue.poll(LinkedBlockingQueue.java:467)&#10;        at org.apache.hadoop.ipc.CallQueueManager.take(CallQueueManager.java:288)&#10;        at org.apache.hadoop.ipc.Server$Handler.run(Server.java:2668)&#10;&quot;pool-26-thread-41&quot;  prio=5 tid=311 in Object.wait()&#10;java.lang.Thread.State: WAITING (on object monitor)&#10;        at sun.misc.Unsafe.park(Native Method)&#10;        at java.util.concurrent.locks.LockSupport.park(LockSupport.java:175)&#10;        at java.util.concurrent.locks.AbstractQueuedSynchronizer$ConditionObject.await(AbstractQueuedSynchronizer.java:2039)&#10;        at java.util.concurrent.ArrayBlockingQueue.take(ArrayBlockingQueue.java:403)&#10;        at java.util.concurrent.ThreadPoolExecutor.getTask(ThreadPoolExecutor.java:1074)&#10;        at java.util.concurrent.ThreadPoolExecutor.runWorker(ThreadPoolExecutor.java:1134)&#10;        at java.util.concurrent.ThreadPoolExecutor$Worker.run(ThreadPoolExecutor.java:624)&#10;        at java.lang.Thread.run(Thread.java:748)&#10;&quot;pool-47-thread-44&quot;  prio=5 tid=375 in Object.wait()&#10;java.lang.Thread.State: WAITING (on object monitor)&#10;        at sun.misc.Unsafe.park(Native Method)&#10;        at java.util.concurrent.locks.LockSupport.park(LockSupport.java:175)&#10;        at java.util.concurrent.locks.AbstractQueuedSynchronizer$ConditionObject.await(AbstractQueuedSynchronizer.java:2039)&#10;        at java.util.concurrent.ArrayBlockingQueue.take(ArrayBlockingQueue.java:403)&#10;        at java.util.concurrent.ThreadPoolExecutor.getTask(ThreadPoolExecutor.java:1074)&#10;        at java.util.concurrent.ThreadPoolExecutor.runWorker(ThreadPoolExecutor.java:1134)&#10;        at java.util.concurrent.ThreadPoolExecutor$Worker.run(ThreadPoolExecutor.java:624)&#10;        at java.lang.Thread.run(Thread.java:748)&#10;&quot;Datanode ReportManager Thread - 1&quot; daemon prio=5 tid=264 timed_waiting&#10;java.lang.Thread.State: TIMED_WAITING&#10;        at sun.misc.Unsafe.park(Native Method)&#10;        at java.util.concurrent.locks.LockSupport.parkNanos(LockSupport.java:215)&#10;        at java.util.concurrent.locks.AbstractQueuedSynchronizer$ConditionObject.awaitNanos(AbstractQueuedSynchronizer.java:2078)&#10;        at java.util.concurrent.ScheduledThreadPoolExecutor$DelayedWorkQueue.take(ScheduledThreadPoolExecutor.java:1093)&#10;        at java.util.concurrent.ScheduledThreadPoolExecutor$DelayedWorkQueue.take(ScheduledThreadPoolExecutor.java:809)&#10;        at java.util.concurrent.ThreadPoolExecutor.getTask(ThreadPoolExecutor.java:1074)&#10;        at java.util.concurrent.ThreadPoolExecutor.runWorker(ThreadPoolExecutor.java:1134)&#10;        at java.util.concurrent.ThreadPoolExecutor$Worker.run(ThreadPoolExecutor.java:624)&#10;        at java.lang.Thread.run(Thread.java:748)&#10;&quot;pool-26-thread-43&quot;  prio=5 tid=313 in Object.wait()&#10;java.lang.Thread.State: WAITING (on object monitor)&#10;        at sun.misc.Unsafe.park(Native Method)&#10;        at java.util.concurrent.locks.LockSupport.park(LockSupport.java:175)&#10;        at java.util.concurrent.locks.AbstractQueuedSynchronizer$ConditionObject.await(AbstractQueuedSynchronizer.java:2039)&#10;        at java.util.concurrent.ArrayBlockingQueue.take(ArrayBlockingQueue.java:403)&#10;        at java.util.concurrent.ThreadPoolExecutor.getTask(ThreadPoolExecutor.java:1074)&#10;        at java.util.concurrent.ThreadPoolExecutor.runWorker(ThreadPoolExecutor.java:1134)&#10;        at java.util.concurrent.ThreadPoolExecutor$Worker.run(ThreadPoolExecutor.java:624)&#10;        at java.lang.Thread.run(Thread.java:748)&#10;&quot;pool-47-thread-24&quot;  prio=5 tid=355 in Object.wait()&#10;java.lang.Thread.State: WAITING (on object monitor)&#10;        at sun.misc.Unsafe.park(Native Method)&#10;        at java.util.concurrent.locks.LockSupport.park(LockSupport.java:175)&#10;        at java.util.concurrent.locks.AbstractQueuedSynchronizer$ConditionObject.await(AbstractQueuedSynchronizer.java:2039)&#10;        at java.util.concurrent.ArrayBlockingQueue.take(ArrayBlockingQueue.java:403)&#10;        at java.util.concurrent.ThreadPoolExecutor.getTask(ThreadPoolExecutor.java:1074)&#10;        at java.util.concurrent.ThreadPoolExecutor.runWorker(ThreadPoolExecutor.java:1134)&#10;        at java.util.concurrent.ThreadPoolExecutor$Worker.run(ThreadPoolExecutor.java:624)&#10;        at java.lang.Thread.run(Thread.java:748)&#10;&quot;pool-68-thread-7&quot;  prio=5 tid=398 in Object.wait()&#10;java.lang.Thread.State: WAITING (on object monitor)&#10;        at sun.misc.Unsafe.park(Native Method)&#10;        at java.util.concurrent.locks.LockSupport.park(LockSupport.java:175)&#10;        at java.util.concurrent.locks.AbstractQueuedSynchronizer$ConditionObject.await(AbstractQueuedSynchronizer.java:2039)&#10;        at java.util.concurrent.ArrayBlockingQueue.take(ArrayBlockingQueue.java:403)&#10;        at java.util.concurrent.ThreadPoolExecutor.getTask(ThreadPoolExecutor.java:1074)&#10;        at java.util.concurrent.ThreadPoolExecutor.runWorker(ThreadPoolExecutor.java:1134)&#10;        at java.util.concurrent.ThreadPoolExecutor$Worker.run(ThreadPoolExecutor.java:624)&#10;        at java.lang.Thread.run(Thread.java:748)&#10;&quot;pool-47-thread-14&quot;  prio=5 tid=345 in Object.wait()&#10;java.lang.Thread.State: WAITING (on object monitor)&#10;        at sun.misc.Unsafe.park(Native Method)&#10;        at java.util.concurrent.locks.LockSupport.park(LockSupport.java:175)&#10;        at java.util.concurrent.locks.AbstractQueuedSynchronizer$ConditionObject.await(AbstractQueuedSynchronizer.java:2039)&#10;        at java.util.concurrent.ArrayBlockingQueue.take(ArrayBlockingQueue.java:403)&#10;        at java.util.concurrent.ThreadPoolExecutor.getTask(ThreadPoolExecutor.java:1074)&#10;        at java.util.concurrent.ThreadPoolExecutor.runWorker(ThreadPoolExecutor.java:1134)&#10;        at java.util.concurrent.ThreadPoolExecutor$Worker.run(ThreadPoolExecutor.java:624)&#10;        at java.lang.Thread.run(Thread.java:748)&#10;&quot;Datanode State Machine Thread - 0&quot; daemon prio=5 tid=241 timed_waiting&#10;java.lang.Thread.State: TIMED_WAITING&#10;        at sun.misc.Unsafe.park(Native Method)&#10;        at java.util.concurrent.locks.LockSupport.parkNanos(LockSupport.java:215)&#10;        at java.util.concurrent.SynchronousQueue$TransferStack.awaitFulfill(SynchronousQueue.java:460)&#10;        at java.util.concurrent.SynchronousQueue$TransferStack.transfer(SynchronousQueue.java:362)&#10;        at java.util.concurrent.SynchronousQueue.poll(SynchronousQueue.java:941)&#10;        at java.util.concurrent.ThreadPoolExecutor.getTask(ThreadPoolExecutor.java:1073)&#10;        at java.util.concurrent.ThreadPoolExecutor.runWorker(ThreadPoolExecutor.java:1134)&#10;        at java.util.concurrent.ThreadPoolExecutor$Worker.run(ThreadPoolExecutor.java:624)&#10;        at java.lang.Thread.run(Thread.java:748)&#10;&quot;org.eclipse.jetty.server.session.HashSessionManager@ebd06a9Timer&quot; daemon prio=5 tid=169 timed_waiting&#10;java.lang.Thread.State: TIMED_WAITING&#10;        at sun.misc.Unsafe.park(Native Method)&#10;        at java.util.concurrent.locks.LockSupport.parkNanos(LockSupport.java:215)&#10;        at java.util.concurrent.locks.AbstractQueuedSynchronizer$ConditionObject.awaitNanos(AbstractQueuedSynchronizer.java:2078)&#10;        at java.util.concurrent.ScheduledThreadPoolExecutor$DelayedWorkQueue.take(ScheduledThreadPoolExecutor.java:1093)&#10;        at java.util.concurrent.ScheduledThreadPoolExecutor$DelayedWorkQueue.take(ScheduledThreadPoolExecutor.java:809)&#10;        at java.util.concurrent.ThreadPoolExecutor.getTask(ThreadPoolExecutor.java:1074)&#10;        at java.util.concurrent.ThreadPoolExecutor.runWorker(ThreadPoolExecutor.java:1134)&#10;        at java.util.concurrent.ThreadPoolExecutor$Worker.run(ThreadPoolExecutor.java:624)&#10;        at java.lang.Thread.run(Thread.java:748)&#10;&quot;pool-47-thread-57&quot;  prio=5 tid=388 in Object.wait()&#10;java.lang.Thread.State: WAITING (on object monitor)&#10;        at sun.misc.Unsafe.park(Native Method)&#10;        at java.util.concurrent.locks.LockSupport.park(LockSupport.java:175)&#10;        at java.util.concurrent.locks.AbstractQueuedSynchronizer$ConditionObject.await(AbstractQueuedSynchronizer.java:2039)&#10;        at java.util.concurrent.ArrayBlockingQueue.take(ArrayBlockingQueue.java:403)&#10;        at java.util.concurrent.ThreadPoolExecutor.getTask(ThreadPoolExecutor.java:1074)&#10;        at java.util.concurrent.ThreadPoolExecutor.runWorker(ThreadPoolExecutor.java:1134)&#10;        at java.util.concurrent.ThreadPoolExecutor$Worker.run(ThreadPoolExecutor.java:624)&#10;        at java.lang.Thread.run(Thread.java:748)&#10;&quot;qtp790689709-195&quot; daemon prio=5 tid=195 timed_waiting&#10;java.lang.Thread.State: TIMED_WAITING&#10;        at sun.misc.Unsafe.park(Native Method)&#10;        at java.util.concurrent.locks.LockSupport.parkNanos(LockSupport.java:215)&#10;        at java.util.concurrent.locks.AbstractQueuedSynchronizer$ConditionObject.awaitNanos(AbstractQueuedSynchronizer.java:2078)&#10;        at org.eclipse.jetty.util.BlockingArrayQueue.poll(BlockingArrayQueue.java:392)&#10;        at org.eclipse.jetty.util.thread.QueuedThreadPool.idleJobPoll(QueuedThreadPool.java:563)&#10;        at org.eclipse.jetty.util.thread.QueuedThreadPool.access$800(QueuedThreadPool.java:48)&#10;        at org.eclipse.jetty.util.thread.QueuedThreadPool$2.run(QueuedThreadPool.java:626)&#10;        at java.lang.Thread.run(Thread.java:748)&#10;&quot;pool-89-thread-12&quot;  prio=5 tid=463 in Object.wait()&#10;java.lang.Thread.State: WAITING (on object monitor)&#10;        at sun.misc.Unsafe.park(Native Method)&#10;        at java.util.concurrent.locks.LockSupport.park(LockSupport.java:175)&#10;        at java.util.concurrent.locks.AbstractQueuedSynchronizer$ConditionObject.await(AbstractQueuedSynchronizer.java:2039)&#10;        at java.util.concurrent.ArrayBlockingQueue.take(ArrayBlockingQueue.java:403)&#10;        at java.util.concurrent.ThreadPoolExecutor.getTask(ThreadPoolExecutor.java:1074)&#10;        at java.util.concurrent.ThreadPoolExecutor.runWorker(ThreadPoolExecutor.java:1134)&#10;        at java.util.concurrent.ThreadPoolExecutor$Worker.run(ThreadPoolExecutor.java:624)&#10;        at java.lang.Thread.run(Thread.java:748)&#10;&quot;pool-26-thread-26&quot;  prio=5 tid=296 in Object.wait()&#10;java.lang.Thread.State: WAITING (on object monitor)&#10;        at sun.misc.Unsafe.park(Native Method)&#10;        at java.util.concurrent.locks.LockSupport.park(LockSupport.java:175)&#10;        at java.util.concurrent.locks.AbstractQueuedSynchronizer$ConditionObject.await(AbstractQueuedSynchronizer.java:2039)&#10;        at java.util.concurrent.ArrayBlockingQueue.take(ArrayBlockingQueue.java:403)&#10;        at java.util.concurrent.ThreadPoolExecutor.getTask(ThreadPoolExecutor.java:1074)&#10;        at java.util.concurrent.ThreadPoolExecutor.runWorker(ThreadPoolExecutor.java:1134)&#10;        at java.util.concurrent.ThreadPoolExecutor$Worker.run(ThreadPoolExecutor.java:624)&#10;        at java.lang.Thread.run(Thread.java:748)&#10;&quot;org.eclipse.jetty.server.session.HashSessionManager@7db40fd5Timer&quot; daemon prio=5 tid=260 timed_waiting&#10;java.lang.Thread.State: TIMED_WAITING&#10;        at sun.misc.Unsafe.park(Native Method)&#10;        at java.util.concurrent.locks.LockSupport.parkNanos(LockSupport.java:215)&#10;        at java.util.concurrent.locks.AbstractQueuedSynchronizer$ConditionObject.awaitNanos(AbstractQueuedSynchronizer.java:2078)&#10;        at java.util.concurrent.ScheduledThreadPoolExecutor$DelayedWorkQueue.take(ScheduledThreadPoolExecutor.java:1093)&#10;        at java.util.concurrent.ScheduledThreadPoolExecutor$DelayedWorkQueue.take(ScheduledThreadPoolExecutor.java:809)&#10;        at java.util.concurrent.ThreadPoolExecutor.getTask(ThreadPoolExecutor.java:1074)&#10;        at java.util.concurrent.ThreadPoolExecutor.runWorker(ThreadPoolExecutor.java:1134)&#10;        at java.util.concurrent.ThreadPoolExecutor$Worker.run(ThreadPoolExecutor.java:624)&#10;        at java.lang.Thread.run(Thread.java:748)&#10;&quot;IPC Server handler 6 on 42937&quot; daemon prio=5 tid=120 timed_waiting&#10;java.lang.Thread.State: TIMED_WAITING&#10;        at sun.misc.Unsafe.park(Native Method)&#10;        at java.util.concurrent.locks.LockSupport.parkNanos(LockSupport.java:215)&#10;        at java.util.concurrent.locks.AbstractQueuedSynchronizer$ConditionObject.awaitNanos(AbstractQueuedSynchronizer.java:2078)&#10;        at java.util.concurrent.LinkedBlockingQueue.poll(LinkedBlockingQueue.java:467)&#10;        at org.apache.hadoop.ipc.CallQueueManager.take(CallQueueManager.java:288)&#10;        at org.apache.hadoop.ipc.Server$Handler.run(Server.java:2668)&#10;&quot;pool-47-thread-56&quot;  prio=5 tid=387 in Object.wait()&#10;java.lang.Thread.State: WAITING (on object monitor)&#10;        at sun.misc.Unsafe.park(Native Method)&#10;        at java.util.concurrent.locks.LockSupport.park(LockSupport.java:175)&#10;        at java.util.concurrent.locks.AbstractQueuedSynchronizer$ConditionObject.await(AbstractQueuedSynchronizer.java:2039)&#10;        at java.util.concurrent.ArrayBlockingQueue.take(ArrayBlockingQueue.java:403)&#10;        at java.util.concurrent.ThreadPoolExecutor.getTask(ThreadPoolExecutor.java:1074)&#10;        at java.util.concurrent.ThreadPoolExecutor.runWorker(ThreadPoolExecutor.java:1134)&#10;        at java.util.concurrent.ThreadPoolExecutor$Worker.run(ThreadPoolExecutor.java:624)&#10;        at java.lang.Thread.run(Thread.java:748)&#10;&quot;pool-89-thread-47&quot;  prio=5 tid=498 in Object.wait()&#10;java.lang.Thread.State: WAITING (on object monitor)&#10;        at sun.misc.Unsafe.park(Native Method)&#10;        at java.util.concurrent.locks.LockSupport.park(LockSupport.java:175)&#10;        at java.util.concurrent.locks.AbstractQueuedSynchronizer$ConditionObject.await(AbstractQueuedSynchronizer.java:2039)&#10;        at java.util.concurrent.ArrayBlockingQueue.take(ArrayBlockingQueue.java:403)&#10;        at java.util.concurrent.ThreadPoolExecutor.getTask(ThreadPoolExecutor.java:1074)&#10;        at java.util.concurrent.ThreadPoolExecutor.runWorker(ThreadPoolExecutor.java:1134)&#10;        at java.util.concurrent.ThreadPoolExecutor$Worker.run(ThreadPoolExecutor.java:624)&#10;        at java.lang.Thread.run(Thread.java:748)&#10;&quot;pool-68-thread-28&quot;  prio=5 tid=419 in Object.wait()&#10;java.lang.Thread.State: WAITING (on object monitor)&#10;        at sun.misc.Unsafe.park(Native Method)&#10;        at java.util.concurrent.locks.LockSupport.park(LockSupport.java:175)&#10;        at java.util.concurrent.locks.AbstractQueuedSynchronizer$ConditionObject.await(AbstractQueuedSynchronizer.java:2039)&#10;        at java.util.concurrent.ArrayBlockingQueue.take(ArrayBlockingQueue.java:403)&#10;        at java.util.concurrent.ThreadPoolExecutor.getTask(ThreadPoolExecutor.java:1074)&#10;        at java.util.concurrent.ThreadPoolExecutor.runWorker(ThreadPoolExecutor.java:1134)&#10;        at java.util.concurrent.ThreadPoolExecutor$Worker.run(ThreadPoolExecutor.java:624)&#10;        at java.lang.Thread.run(Thread.java:748)&#10;&quot;nioEventLoopGroup-2-1&quot;  prio=10 tid=171 runnable&#10;java.lang.Thread.State: RUNNABLE&#10;        at sun.nio.ch.EPollArrayWrapper.epollWait(Native Method)&#10;        at sun.nio.ch.EPollArrayWrapper.poll(EPollArrayWrapper.java:269)&#10;        at sun.nio.ch.EPollSelectorImpl.doSelect(EPollSelectorImpl.java:93)&#10;        at sun.nio.ch.SelectorImpl.lockAndDoSelect(SelectorImpl.java:86)&#10;        at sun.nio.ch.SelectorImpl.select(SelectorImpl.java:97)&#10;        at io.netty.channel.nio.SelectedSelectionKeySetSelector.select(SelectedSelectionKeySetSelector.java:62)&#10;        at io.netty.channel.nio.NioEventLoop.select(NioEventLoop.java:753)&#10;        at io.netty.channel.nio.NioEventLoop.run(NioEventLoop.java:408)&#10;        at io.netty.util.concurrent.SingleThreadEventExecutor$5.run(SingleThreadEventExecutor.java:897)&#10;        at io.netty.util.concurrent.FastThreadLocalRunnable.run(FastThreadLocalRunnable.java:30)&#10;        at java.lang.Thread.run(Thread.java:748)&#10;&quot;pool-89-thread-14&quot;  prio=5 tid=465 in Object.wait()&#10;java.lang.Thread.State: WAITING (on object monitor)&#10;        at sun.misc.Unsafe.park(Native Method)&#10;        at java.util.concurrent.locks.LockSupport.park(LockSupport.java:175)&#10;        at java.util.concurrent.locks.AbstractQueuedSynchronizer$ConditionObject.await(AbstractQueuedSynchronizer.java:2039)&#10;        at java.util.concurrent.ArrayBlockingQueue.take(ArrayBlockingQueue.java:403)&#10;        at java.util.concurrent.ThreadPoolExecutor.getTask(ThreadPoolExecutor.java:1074)&#10;        at java.util.concurrent.ThreadPoolExecutor.runWorker(ThreadPoolExecutor.java:1134)&#10;        at java.util.concurrent.ThreadPoolExecutor$Worker.run(ThreadPoolExecutor.java:624)&#10;        at java.lang.Thread.run(Thread.java:748)&#10;&quot;pool-68-thread-17&quot;  prio=5 tid=408 in Object.wait()&#10;java.lang.Thread.State: WAITING (on object monitor)&#10;        at sun.misc.Unsafe.park(Native Method)&#10;        at java.util.concurrent.locks.LockSupport.park(LockSupport.java:175)&#10;        at java.util.concurrent.locks.AbstractQueuedSynchronizer$ConditionObject.await(AbstractQueuedSynchronizer.java:2039)&#10;        at java.util.concurrent.ArrayBlockingQueue.take(ArrayBlockingQueue.java:403)&#10;        at java.util.concurrent.ThreadPoolExecutor.getTask(ThreadPoolExecutor.java:1074)&#10;        at java.util.concurrent.ThreadPoolExecutor.runWorker(ThreadPoolExecutor.java:1134)&#10;        at java.util.concurrent.ThreadPoolExecutor$Worker.run(ThreadPoolExecutor.java:624)&#10;        at java.lang.Thread.run(Thread.java:748)&#10;&quot;jaeger.RemoteReporter-QueueProcessor&quot; daemon prio=5 tid=146 in Object.wait()&#10;java.lang.Thread.State: WAITING (on object monitor)&#10;        at sun.misc.Unsafe.park(Native Method)&#10;        at java.util.concurrent.locks.LockSupport.park(LockSupport.java:175)&#10;        at java.util.concurrent.locks.AbstractQueuedSynchronizer$ConditionObject.await(AbstractQueuedSynchronizer.java:2039)&#10;        at java.util.concurrent.ArrayBlockingQueue.take(ArrayBlockingQueue.java:403)&#10;        at io.jaegertracing.internal.reporters.RemoteReporter$QueueProcessor.run(RemoteReporter.java:173)&#10;        at java.lang.Thread.run(Thread.java:748)&#10;&quot;pool-68-thread-44&quot;  prio=5 tid=435 in Object.wait()&#10;java.lang.Thread.State: WAITING (on object monitor)&#10;        at sun.misc.Unsafe.park(Native Method)&#10;        at java.util.concurrent.locks.LockSupport.park(LockSupport.java:175)&#10;        at java.util.concurrent.locks.AbstractQueuedSynchronizer$ConditionObject.await(AbstractQueuedSynchronizer.java:2039)&#10;        at java.util.concurrent.ArrayBlockingQueue.take(ArrayBlockingQueue.java:403)&#10;        at java.util.concurrent.ThreadPoolExecutor.getTask(ThreadPoolExecutor.java:1074)&#10;        at java.util.concurrent.ThreadPoolExecutor.runWorker(ThreadPoolExecutor.java:1134)&#10;        at java.util.concurrent.ThreadPoolExecutor$Worker.run(ThreadPoolExecutor.java:624)&#10;        at java.lang.Thread.run(Thread.java:748)&#10;&quot;IPC Server handler 5 on 40125&quot; daemon prio=5 tid=35 timed_waiting&#10;java.lang.Thread.State: TIMED_WAITING&#10;        at sun.misc.Unsafe.park(Native Method)&#10;        at java.util.concurrent.locks.LockSupport.parkNanos(LockSupport.java:215)&#10;        at java.util.concurrent.locks.AbstractQueuedSynchronizer$ConditionObject.awaitNanos(AbstractQueuedSynchronizer.java:2078)&#10;        at java.util.concurrent.LinkedBlockingQueue.poll(LinkedBlockingQueue.java:467)&#10;        at org.apache.hadoop.ipc.CallQueueManager.take(CallQueueManager.java:288)&#10;        at org.apache.hadoop.ipc.Server$Handler.run(Server.java:2668)&#10;&quot;pool-79-thread-1&quot;  prio=5 tid=530 in Object.wait()&#10;java.lang.Thread.State: WAITING (on object monitor)&#10;        at sun.misc.Unsafe.park(Native Method)&#10;        at java.util.concurrent.locks.LockSupport.park(LockSupport.java:175)&#10;        at java.util.concurrent.locks.AbstractQueuedSynchronizer$ConditionObject.await(AbstractQueuedSynchronizer.java:2039)&#10;        at java.util.concurrent.LinkedBlockingQueue.take(LinkedBlockingQueue.java:442)&#10;        at java.util.concurrent.ThreadPoolExecutor.getTask(ThreadPoolExecutor.java:1074)&#10;        at java.util.concurrent.ThreadPoolExecutor.runWorker(ThreadPoolExecutor.java:1134)&#10;        at java.util.concurrent.ThreadPoolExecutor$Worker.run(ThreadPoolExecutor.java:624)&#10;        at java.lang.Thread.run(Thread.java:748)&#10;&quot;Datanode ReportManager Thread - 1&quot; daemon prio=5 tid=177 timed_waiting&#10;java.lang.Thread.State: TIMED_WAITING&#10;        at sun.misc.Unsafe.park(Native Method)&#10;        at java.util.concurrent.locks.LockSupport.parkNanos(LockSupport.java:215)&#10;        at java.util.concurrent.locks.AbstractQueuedSynchronizer$ConditionObject.awaitNanos(AbstractQueuedSynchronizer.java:2078)&#10;        at java.util.concurrent.ScheduledThreadPoolExecutor$DelayedWorkQueue.take(ScheduledThreadPoolExecutor.java:1093)&#10;        at java.util.concurrent.ScheduledThreadPoolExecutor$DelayedWorkQueue.take(ScheduledThreadPoolExecutor.java:809)&#10;        at java.util.concurrent.ThreadPoolExecutor.getTask(ThreadPoolExecutor.java:1074)&#10;        at java.util.concurrent.ThreadPoolExecutor.runWorker(ThreadPoolExecutor.java:1134)&#10;        at java.util.concurrent.ThreadPoolExecutor$Worker.run(ThreadPoolExecutor.java:624)&#10;        at java.lang.Thread.run(Thread.java:748)&#10;&quot;IPC Server handler 3 on 40125&quot; daemon prio=5 tid=33 timed_waiting&#10;java.lang.Thread.State: TIMED_WAITING&#10;        at sun.misc.Unsafe.park(Native Method)&#10;        at java.util.concurrent.locks.LockSupport.parkNanos(LockSupport.java:215)&#10;        at java.util.concurrent.locks.AbstractQueuedSynchronizer$ConditionObject.awaitNanos(AbstractQueuedSynchronizer.java:2078)&#10;        at java.util.concurrent.LinkedBlockingQueue.poll(LinkedBlockingQueue.java:467)&#10;        at org.apache.hadoop.ipc.CallQueueManager.take(CallQueueManager.java:288)&#10;        at org.apache.hadoop.ipc.Server$Handler.run(Server.java:2668)&#10;&quot;pool-68-thread-54&quot;  prio=5 tid=445 in Object.wait()&#10;java.lang.Thread.State: WAITING (on object monitor)&#10;        at sun.misc.Unsafe.park(Native Method)&#10;        at java.util.concurrent.locks.LockSupport.park(LockSupport.java:175)&#10;        at java.util.concurrent.locks.AbstractQueuedSynchronizer$ConditionObject.await(AbstractQueuedSynchronizer.java:2039)&#10;        at java.util.concurrent.ArrayBlockingQueue.take(ArrayBlockingQueue.java:403)&#10;        at java.util.concurrent.ThreadPoolExecutor.getTask(ThreadPoolExecutor.java:1074)&#10;        at java.util.concurrent.ThreadPoolExecutor.runWorker(ThreadPoolExecutor.java:1134)&#10;        at java.util.concurrent.ThreadPoolExecutor$Worker.run(ThreadPoolExecutor.java:624)&#10;        at java.lang.Thread.run(Thread.java:748)&#10;&quot;BlockDeletingService#2&quot; daemon prio=5 tid=787 in Object.wait()&#10;java.lang.Thread.State: WAITING (on object monitor)&#10;        at sun.misc.Unsafe.park(Native Method)&#10;        at java.util.concurrent.locks.LockSupport.park(LockSupport.java:175)&#10;        at java.util.concurrent.locks.AbstractQueuedSynchronizer$ConditionObject.await(AbstractQueuedSynchronizer.java:2039)&#10;        at java.util.concurrent.ScheduledThreadPoolExecutor$DelayedWorkQueue.take(ScheduledThreadPoolExecutor.java:1088)&#10;        at java.util.concurrent.ScheduledThreadPoolExecutor$DelayedWorkQueue.take(ScheduledThreadPoolExecutor.java:809)&#10;        at java.util.concurrent.ThreadPoolExecutor.getTask(ThreadPoolExecutor.java:1074)&#10;        at java.util.concurrent.ThreadPoolExecutor.runWorker(ThreadPoolExecutor.java:1134)&#10;        at java.util.concurrent.ThreadPoolExecutor$Worker.run(ThreadPoolExecutor.java:624)&#10;        at java.lang.Thread.run(Thread.java:748)&#10;&quot;Timer for &apos;StorageContainerManager&apos; metrics system&quot; daemon prio=5 tid=28 timed_waiting&#10;java.lang.Thread.State: TIMED_WAITING&#10;        at java.lang.Object.wait(Native Method)&#10;        at java.util.TimerThread.mainLoop(Timer.java:552)&#10;        at java.util.TimerThread.run(Timer.java:505)&#10;&quot;Datanode ReportManager Thread - 2&quot; daemon prio=5 tid=236 timed_waiting&#10;java.lang.Thread.State: TIMED_WAITING&#10;        at sun.misc.Unsafe.park(Native Method)&#10;        at java.util.concurrent.locks.LockSupport.parkNanos(LockSupport.java:215)&#10;        at java.util.concurrent.locks.AbstractQueuedSynchronizer$ConditionObject.awaitNanos(AbstractQueuedSynchronizer.java:2078)&#10;        at java.util.concurrent.ScheduledThreadPoolExecutor$DelayedWorkQueue.take(ScheduledThreadPoolExecutor.java:1093)&#10;        at java.util.concurrent.ScheduledThreadPoolExecutor$DelayedWorkQueue.take(ScheduledThreadPoolExecutor.java:809)&#10;        at java.util.concurrent.ThreadPoolExecutor.getTask(ThreadPoolExecutor.java:1074)&#10;        at java.util.concurrent.ThreadPoolExecutor.runWorker(ThreadPoolExecutor.java:1134)&#10;        at java.util.concurrent.ThreadPoolExecutor$Worker.run(ThreadPoolExecutor.java:624)&#10;        at java.lang.Thread.run(Thread.java:748)&#10;&quot;IPC Server Responder&quot; daemon prio=5 tid=109 runnable&#10;java.lang.Thread.State: RUNNABLE&#10;        at sun.nio.ch.EPollArrayWrapper.epollWait(Native Method)&#10;        at sun.nio.ch.EPollArrayWrapper.poll(EPollArrayWrapper.java:269)&#10;        at sun.nio.ch.EPollSelectorImpl.doSelect(EPollSelectorImpl.java:93)&#10;        at sun.nio.ch.SelectorImpl.lockAndDoSelect(SelectorImpl.java:86)&#10;        at sun.nio.ch.SelectorImpl.select(SelectorImpl.java:97)&#10;        at org.apache.hadoop.ipc.Server$Responder.doRunLoop(Server.java:1334)&#10;        at org.apache.hadoop.ipc.Server$Responder.run(Server.java:1317)&#10;&quot;grpc-default-executor-1&quot; daemon prio=5 tid=542 timed_waiting&#10;java.lang.Thread.State: TIMED_WAITING&#10;        at sun.misc.Unsafe.park(Native Method)&#10;        at java.util.concurrent.locks.LockSupport.parkNanos(LockSupport.java:215)&#10;        at java.util.concurrent.SynchronousQueue$TransferStack.awaitFulfill(SynchronousQueue.java:460)&#10;        at java.util.concurrent.SynchronousQueue$TransferStack.transfer(SynchronousQueue.java:362)&#10;        at java.util.concurrent.SynchronousQueue.poll(SynchronousQueue.java:941)&#10;        at java.util.concurrent.ThreadPoolExecutor.getTask(ThreadPoolExecutor.java:1073)&#10;        at java.util.concurrent.ThreadPoolExecutor.runWorker(ThreadPoolExecutor.java:1134)&#10;        at java.util.concurrent.ThreadPoolExecutor$Worker.run(ThreadPoolExecutor.java:624)&#10;        at java.lang.Thread.run(Thread.java:748)&#10;&quot;pool-26-thread-33&quot;  prio=5 tid=303 in Object.wait()&#10;java.lang.Thread.State: WAITING (on object monitor)&#10;        at sun.misc.Unsafe.park(Native Method)&#10;        at java.util.concurrent.locks.LockSupport.park(LockSupport.java:175)&#10;        at java.util.concurrent.locks.AbstractQueuedSynchronizer$ConditionObject.await(AbstractQueuedSynchronizer.java:2039)&#10;        at java.util.concurrent.ArrayBlockingQueue.take(ArrayBlockingQueue.java:403)&#10;        at java.util.concurrent.ThreadPoolExecutor.getTask(ThreadPoolExecutor.java:1074)&#10;        at java.util.concurrent.ThreadPoolExecutor.runWorker(ThreadPoolExecutor.java:1134)&#10;        at java.util.concurrent.ThreadPoolExecutor$Worker.run(ThreadPoolExecutor.java:624)&#10;        at java.lang.Thread.run(Thread.java:748)&#10;&quot;pool-68-thread-19&quot;  prio=5 tid=410 in Object.wait()&#10;java.lang.Thread.State: WAITING (on object monitor)&#10;        at sun.misc.Unsafe.park(Native Method)&#10;        at java.util.concurrent.locks.LockSupport.park(LockSupport.java:175)&#10;        at java.util.concurrent.locks.AbstractQueuedSynchronizer$ConditionObject.await(AbstractQueuedSynchronizer.java:2039)&#10;        at java.util.concurrent.ArrayBlockingQueue.take(ArrayBlockingQueue.java:403)&#10;        at java.util.concurrent.ThreadPoolExecutor.getTask(ThreadPoolExecutor.java:1074)&#10;        at java.util.concurrent.ThreadPoolExecutor.runWorker(ThreadPoolExecutor.java:1134)&#10;        at java.util.concurrent.ThreadPoolExecutor$Worker.run(ThreadPoolExecutor.java:624)&#10;        at java.lang.Thread.run(Thread.java:748)&#10;&quot;pool-24-thread-1&quot; daemon prio=5 tid=155 timed_waiting&#10;java.lang.Thread.State: TIMED_WAITING&#10;        at sun.misc.Unsafe.park(Native Method)&#10;        at java.util.concurrent.locks.LockSupport.parkNanos(LockSupport.java:215)&#10;        at java.util.concurrent.locks.AbstractQueuedSynchronizer$ConditionObject.awaitNanos(AbstractQueuedSynchronizer.java:2078)&#10;        at java.util.concurrent.ScheduledThreadPoolExecutor$DelayedWorkQueue.take(ScheduledThreadPoolExecutor.java:1093)&#10;        at java.util.concurrent.ScheduledThreadPoolExecutor$DelayedWorkQueue.take(ScheduledThreadPoolExecutor.java:809)&#10;        at java.util.concurrent.ThreadPoolExecutor.getTask(ThreadPoolExecutor.java:1074)&#10;        at java.util.concurrent.ThreadPoolExecutor.runWorker(ThreadPoolExecutor.java:1134)&#10;        at java.util.concurrent.ThreadPoolExecutor$Worker.run(ThreadPoolExecutor.java:624)&#10;        at java.lang.Thread.run(Thread.java:748)&#10;&quot;IPC Server listener on 43271&quot; daemon prio=5 tid=19 runnable&#10;java.lang.Thread.State: RUNNABLE&#10;        at sun.nio.ch.EPollArrayWrapper.epollWait(Native Method)&#10;        at sun.nio.ch.EPollArrayWrapper.poll(EPollArrayWrapper.java:269)&#10;        at sun.nio.ch.EPollSelectorImpl.doSelect(EPollSelectorImpl.java:93)&#10;        at sun.nio.ch.SelectorImpl.lockAndDoSelect(SelectorImpl.java:86)&#10;        at sun.nio.ch.SelectorImpl.select(SelectorImpl.java:97)&#10;        at sun.nio.ch.SelectorImpl.select(SelectorImpl.java:101)&#10;        at org.apache.hadoop.ipc.Server$Listener.run(Server.java:1159)&#10;&quot;qtp1366212088-137&quot; daemon prio=5 tid=137 timed_waiting&#10;java.lang.Thread.State: TIMED_WAITING&#10;        at sun.misc.Unsafe.park(Native Method)&#10;        at java.util.concurrent.locks.LockSupport.parkNanos(LockSupport.java:215)&#10;        at java.util.concurrent.locks.AbstractQueuedSynchronizer$ConditionObject.awaitNanos(AbstractQueuedSynchronizer.java:2078)&#10;        at org.eclipse.jetty.util.BlockingArrayQueue.poll(BlockingArrayQueue.java:392)&#10;        at org.eclipse.jetty.util.thread.QueuedThreadPool.idleJobPoll(QueuedThreadPool.java:563)&#10;        at org.eclipse.jetty.util.thread.QueuedThreadPool.access$800(QueuedThreadPool.java:48)&#10;        at org.eclipse.jetty.util.thread.QueuedThreadPool$2.run(QueuedThreadPool.java:626)&#10;        at java.lang.Thread.run(Thread.java:748)&#10;&quot;pool-47-thread-31&quot;  prio=5 tid=362 in Object.wait()&#10;java.lang.Thread.State: WAITING (on object monitor)&#10;        at sun.misc.Unsafe.park(Native Method)&#10;        at java.util.concurrent.locks.LockSupport.park(LockSupport.java:175)&#10;        at java.util.concurrent.locks.AbstractQueuedSynchronizer$ConditionObject.await(AbstractQueuedSynchronizer.java:2039)&#10;        at java.util.concurrent.ArrayBlockingQueue.take(ArrayBlockingQueue.java:403)&#10;        at java.util.concurrent.ThreadPoolExecutor.getTask(ThreadPoolExecutor.java:1074)&#10;        at java.util.concurrent.ThreadPoolExecutor.runWorker(ThreadPoolExecutor.java:1134)&#10;        at java.util.concurrent.ThreadPoolExecutor$Worker.run(ThreadPoolExecutor.java:624)&#10;        at java.lang.Thread.run(Thread.java:748)&#10;&quot;BlockDeletingService#2&quot; daemon prio=5 tid=790 in Object.wait()&#10;java.lang.Thread.State: WAITING (on object monitor)&#10;        at sun.misc.Unsafe.park(Native Method)&#10;        at java.util.concurrent.locks.LockSupport.park(LockSupport.java:175)&#10;        at java.util.concurrent.locks.AbstractQueuedSynchronizer$ConditionObject.await(AbstractQueuedSynchronizer.java:2039)&#10;        at java.util.concurrent.ScheduledThreadPoolExecutor$DelayedWorkQueue.take(ScheduledThreadPoolExecutor.java:1088)&#10;        at java.util.concurrent.ScheduledThreadPoolExecutor$DelayedWorkQueue.take(ScheduledThreadPoolExecutor.java:809)&#10;        at java.util.concurrent.ThreadPoolExecutor.getTask(ThreadPoolExecutor.java:1074)&#10;        at java.util.concurrent.ThreadPoolExecutor.runWorker(ThreadPoolExecutor.java:1134)&#10;        at java.util.concurrent.ThreadPoolExecutor$Worker.run(ThreadPoolExecutor.java:624)&#10;        at java.lang.Thread.run(Thread.java:748)&#10;&quot;pool-68-thread-33&quot;  prio=5 tid=424 in Object.wait()&#10;java.lang.Thread.State: WAITING (on object monitor)&#10;        at sun.misc.Unsafe.park(Native Method)&#10;        at java.util.concurrent.locks.LockSupport.park(LockSupport.java:175)&#10;        at java.util.concurrent.locks.AbstractQueuedSynchronizer$ConditionObject.await(AbstractQueuedSynchronizer.java:2039)&#10;        at java.util.concurrent.ArrayBlockingQueue.take(ArrayBlockingQueue.java:403)&#10;        at java.util.concurrent.ThreadPoolExecutor.getTask(ThreadPoolExecutor.java:1074)&#10;        at java.util.concurrent.ThreadPoolExecutor.runWorker(ThreadPoolExecutor.java:1134)&#10;        at java.util.concurrent.ThreadPoolExecutor$Worker.run(ThreadPoolExecutor.java:624)&#10;        at java.lang.Thread.run(Thread.java:748)&#10;&quot;grpc-default-worker-ELG-3-1&quot; daemon prio=5 tid=521 runnable&#10;java.lang.Thread.State: RUNNABLE&#10;        at sun.nio.ch.EPollArrayWrapper.epollWait(Native Method)&#10;        at sun.nio.ch.EPollArrayWrapper.poll(EPollArrayWrapper.java:269)&#10;        at sun.nio.ch.EPollSelectorImpl.doSelect(EPollSelectorImpl.java:93)&#10;        at sun.nio.ch.SelectorImpl.lockAndDoSelect(SelectorImpl.java:86)&#10;        at sun.nio.ch.SelectorImpl.select(SelectorImpl.java:97)&#10;        at org.apache.ratis.thirdparty.io.netty.channel.nio.SelectedSelectionKeySetSelector.select(SelectedSelectionKeySetSelector.java:62)&#10;        at org.apache.ratis.thirdparty.io.netty.channel.nio.NioEventLoop.select(NioEventLoop.java:753)&#10;        at org.apache.ratis.thirdparty.io.netty.channel.nio.NioEventLoop.run(NioEventLoop.java:408)&#10;        at org.apache.ratis.thirdparty.io.netty.util.concurrent.SingleThreadEventExecutor$5.run(SingleThreadEventExecutor.java:897)&#10;        at org.apache.ratis.thirdparty.io.netty.util.concurrent.FastThreadLocalRunnable.run(FastThreadLocalRunnable.java:30)&#10;        at java.lang.Thread.run(Thread.java:748)&#10;&quot;IPC Server handler 19 on 40125&quot; daemon prio=5 tid=49 timed_waiting&#10;java.lang.Thread.State: TIMED_WAITING&#10;        at sun.misc.Unsafe.park(Native Method)&#10;        at java.util.concurrent.locks.LockSupport.parkNanos(LockSupport.java:215)&#10;        at java.util.concurrent.locks.AbstractQueuedSynchronizer$ConditionObject.awaitNanos(AbstractQueuedSynchronizer.java:2078)&#10;        at java.util.concurrent.LinkedBlockingQueue.poll(LinkedBlockingQueue.java:467)&#10;        at org.apache.hadoop.ipc.CallQueueManager.take(CallQueueManager.java:288)&#10;        at org.apache.hadoop.ipc.Server$Handler.run(Server.java:2668)&#10;&quot;Command processor thread&quot; daemon prio=5 tid=210 timed_waiting&#10;java.lang.Thread.State: TIMED_WAITING&#10;        at java.lang.Thread.sleep(Native Method)&#10;        at org.apache.hadoop.ozone.container.common.statemachine.DatanodeStateMachine.lambda$initCommandHandlerThread$1(DatanodeStateMachine.java:439)&#10;        at org.apache.hadoop.ozone.container.common.statemachine.DatanodeStateMachine$$Lambda$140/966358068.run(Unknown Source)&#10;        at java.lang.Thread.run(Thread.java:748)&#10;&quot;IPC Server Responder&quot; daemon prio=5 tid=26 runnable&#10;java.lang.Thread.State: RUNNABLE&#10;        at sun.nio.ch.EPollArrayWrapper.epollWait(Native Method)&#10;        at sun.nio.ch.EPollArrayWrapper.poll(EPollArrayWrapper.java:269)&#10;        at sun.nio.ch.EPollSelectorImpl.doSelect(EPollSelectorImpl.java:93)&#10;        at sun.nio.ch.SelectorImpl.lockAndDoSelect(SelectorImpl.java:86)&#10;        at sun.nio.ch.SelectorImpl.select(SelectorImpl.java:97)&#10;        at org.apache.hadoop.ipc.Server$Responder.doRunLoop(Server.java:1334)&#10;        at org.apache.hadoop.ipc.Server$Responder.run(Server.java:1317)&#10;&quot;0648b2e2-fdfc-41ec-97df-bc2f9c4ea8df-RaftLogWorker&quot;  prio=5 tid=548 timed_waiting&#10;java.lang.Thread.State: TIMED_WAITING&#10;        at sun.misc.Unsafe.park(Native Method)&#10;        at java.util.concurrent.locks.LockSupport.parkNanos(LockSupport.java:215)&#10;        at java.util.concurrent.locks.AbstractQueuedSynchronizer$ConditionObject.awaitNanos(AbstractQueuedSynchronizer.java:2078)&#10;        at org.apache.ratis.util.DataBlockingQueue.poll(DataBlockingQueue.java:137)&#10;        at org.apache.ratis.server.storage.RaftLogWorker.run(RaftLogWorker.java:216)&#10;        at java.lang.Thread.run(Thread.java:748)&#10;&quot;IPC Server handler 12 on 40125&quot; daemon prio=5 tid=42 timed_waiting&#10;java.lang.Thread.State: TIMED_WAITING&#10;        at sun.misc.Unsafe.park(Native Method)&#10;        at java.util.concurrent.locks.LockSupport.parkNanos(LockSupport.java:215)&#10;        at java.util.concurrent.locks.AbstractQueuedSynchronizer$ConditionObject.awaitNanos(AbstractQueuedSynchronizer.java:2078)&#10;        at java.util.concurrent.LinkedBlockingQueue.poll(LinkedBlockingQueue.java:467)&#10;        at org.apache.hadoop.ipc.CallQueueManager.take(CallQueueManager.java:288)&#10;        at org.apache.hadoop.ipc.Server$Handler.run(Server.java:2668)&#10;&quot;pool-68-thread-47&quot;  prio=5 tid=438 in Object.wait()&#10;java.lang.Thread.State: WAITING (on object monitor)&#10;        at sun.misc.Unsafe.park(Native Method)&#10;        at java.util.concurrent.locks.LockSupport.park(LockSupport.java:175)&#10;        at java.util.concurrent.locks.AbstractQueuedSynchronizer$ConditionObject.await(AbstractQueuedSynchronizer.java:2039)&#10;        at java.util.concurrent.ArrayBlockingQueue.take(ArrayBlockingQueue.java:403)&#10;        at java.util.concurrent.ThreadPoolExecutor.getTask(ThreadPoolExecutor.java:1074)&#10;        at java.util.concurrent.ThreadPoolExecutor.runWorker(ThreadPoolExecutor.java:1134)&#10;        at java.util.concurrent.ThreadPoolExecutor$Worker.run(ThreadPoolExecutor.java:624)&#10;        at java.lang.Thread.run(Thread.java:748)&#10;&quot;pool-83-thread-1&quot;  prio=5 tid=219 timed_waiting&#10;java.lang.Thread.State: TIMED_WAITING&#10;        at sun.misc.Unsafe.park(Native Method)&#10;        at java.util.concurrent.locks.LockSupport.parkNanos(LockSupport.java:215)&#10;        at java.util.concurrent.locks.AbstractQueuedSynchronizer$ConditionObject.awaitNanos(AbstractQueuedSynchronizer.java:2078)&#10;        at java.util.concurrent.ScheduledThreadPoolExecutor$DelayedWorkQueue.take(ScheduledThreadPoolExecutor.java:1093)&#10;        at java.util.concurrent.ScheduledThreadPoolExecutor$DelayedWorkQueue.take(ScheduledThreadPoolExecutor.java:809)&#10;        at java.util.concurrent.ThreadPoolExecutor.getTask(ThreadPoolExecutor.java:1074)&#10;        at java.util.concurrent.ThreadPoolExecutor.runWorker(ThreadPoolExecutor.java:1134)&#10;        at java.util.concurrent.ThreadPoolExecutor$Worker.run(ThreadPoolExecutor.java:624)&#10;        at java.lang.Thread.run(Thread.java:748)&#10;&quot;pool-89-thread-9&quot;  prio=5 tid=460 in Object.wait()&#10;java.lang.Thread.State: WAITING (on object monitor)&#10;        at sun.misc.Unsafe.park(Native Method)&#10;        at java.util.concurrent.locks.LockSupport.park(LockSupport.java:175)&#10;        at java.util.concurrent.locks.AbstractQueuedSynchronizer$ConditionObject.await(AbstractQueuedSynchronizer.java:2039)&#10;        at java.util.concurrent.ArrayBlockingQueue.take(ArrayBlockingQueue.java:403)&#10;        at java.util.concurrent.ThreadPoolExecutor.getTask(ThreadPoolExecutor.java:1074)&#10;        at java.util.concurrent.ThreadPoolExecutor.runWorker(ThreadPoolExecutor.java:1134)&#10;        at java.util.concurrent.ThreadPoolExecutor$Worker.run(ThreadPoolExecutor.java:624)&#10;        at java.lang.Thread.run(Thread.java:748)&#10;&quot;pool-26-thread-40&quot;  prio=5 tid=310 in Object.wait()&#10;java.lang.Thread.State: WAITING (on object monitor)&#10;        at sun.misc.Unsafe.park(Native Method)&#10;        at java.util.concurrent.locks.LockSupport.park(LockSupport.java:175)&#10;        at java.util.concurrent.locks.AbstractQueuedSynchronizer$ConditionObject.await(AbstractQueuedSynchronizer.java:2039)&#10;        at java.util.concurrent.ArrayBlockingQueue.take(ArrayBlockingQueue.java:403)&#10;        at java.util.concurrent.ThreadPoolExecutor.getTask(ThreadPoolExecutor.java:1074)&#10;        at java.util.concurrent.ThreadPoolExecutor.runWorker(ThreadPoolExecutor.java:1134)&#10;        at java.util.concurrent.ThreadPoolExecutor$Worker.run(ThreadPoolExecutor.java:624)&#10;        at java.lang.Thread.run(Thread.java:748)&#10;&quot;pool-89-thread-21&quot;  prio=5 tid=472 in Object.wait()&#10;java.lang.Thread.State: WAITING (on object monitor)&#10;        at sun.misc.Unsafe.park(Native Method)&#10;        at java.util.concurrent.locks.LockSupport.park(LockSupport.java:175)&#10;        at java.util.concurrent.locks.AbstractQueuedSynchronizer$ConditionObject.await(AbstractQueuedSynchronizer.java:2039)&#10;        at java.util.concurrent.ArrayBlockingQueue.take(ArrayBlockingQueue.java:403)&#10;        at java.util.concurrent.ThreadPoolExecutor.getTask(ThreadPoolExecutor.java:1074)&#10;        at java.util.concurrent.ThreadPoolExecutor.runWorker(ThreadPoolExecutor.java:1134)&#10;        at java.util.concurrent.ThreadPoolExecutor$Worker.run(ThreadPoolExecutor.java:624)&#10;        at java.lang.Thread.run(Thread.java:748)&#10;&quot;pool-47-thread-32&quot;  prio=5 tid=363 in Object.wait()&#10;java.lang.Thread.State: WAITING (on object monitor)&#10;        at sun.misc.Unsafe.park(Native Method)&#10;        at java.util.concurrent.locks.LockSupport.park(LockSupport.java:175)&#10;        at java.util.concurrent.locks.AbstractQueuedSynchronizer$ConditionObject.await(AbstractQueuedSynchronizer.java:2039)&#10;        at java.util.concurrent.ArrayBlockingQueue.take(ArrayBlockingQueue.java:403)&#10;        at java.util.concurrent.ThreadPoolExecutor.getTask(ThreadPoolExecutor.java:1074)&#10;        at java.util.concurrent.ThreadPoolExecutor.runWorker(ThreadPoolExecutor.java:1134)&#10;        at java.util.concurrent.ThreadPoolExecutor$Worker.run(ThreadPoolExecutor.java:624)&#10;        at java.lang.Thread.run(Thread.java:748)&#10;&#10;" type="java.util.concurrent.TimeoutException">java.util.concurrent.TimeoutException: 
Timed out waiting for condition. Thread diagnostics:
Timestamp: 2019-06-13 07:14:41,888

"Timer-1" daemon prio=5 tid=148 timed_waiting
java.lang.Thread.State: TIMED_WAITING
        at java.lang.Object.wait(Native Method)
        at java.util.TimerThread.mainLoop(Timer.java:552)
        at java.util.TimerThread.run(Timer.java:505)
"pool-47-thread-43"  prio=5 tid=374 in Object.wait()
java.lang.Thread.State: WAITING (on object monitor)
        at sun.misc.Unsafe.park(Native Method)
        at java.util.concurrent.locks.LockSupport.park(LockSupport.java:175)
        at java.util.concurrent.locks.AbstractQueuedSynchronizer$ConditionObject.await(AbstractQueuedSynchronizer.java:2039)
        at java.util.concurrent.ArrayBlockingQueue.take(ArrayBlockingQueue.java:403)
        at java.util.concurrent.ThreadPoolExecutor.getTask(ThreadPoolExecutor.java:1074)
        at java.util.concurrent.ThreadPoolExecutor.runWorker(ThreadPoolExecutor.java:1134)
        at java.util.concurrent.ThreadPoolExecutor$Worker.run(ThreadPoolExecutor.java:624)
        at java.lang.Thread.run(Thread.java:748)
"Periodic HDDS volume checker"  prio=5 tid=206 timed_waiting
java.lang.Thread.State: TIMED_WAITING
        at sun.misc.Unsafe.park(Native Method)
        at java.util.concurrent.locks.LockSupport.parkNanos(LockSupport.java:215)
        at java.util.concurrent.locks.AbstractQueuedSynchronizer$ConditionObject.awaitNanos(AbstractQueuedSynchronizer.java:2078)
        at java.util.concurrent.ScheduledThreadPoolExecutor$DelayedWorkQueue.take(ScheduledThreadPoolExecutor.java:1093)
        at java.util.concurrent.ScheduledThreadPoolExecutor$DelayedWorkQueue.take(ScheduledThreadPoolExecutor.java:809)
        at java.util.concurrent.ThreadPoolExecutor.getTask(ThreadPoolExecutor.java:1074)
        at java.util.concurrent.ThreadPoolExecutor.runWorker(ThreadPoolExecutor.java:1134)
        at java.util.concurrent.ThreadPoolExecutor$Worker.run(ThreadPoolExecutor.java:624)
        at java.lang.Thread.run(Thread.java:748)
"qtp1026506187-225" daemon prio=5 tid=225 timed_waiting
java.lang.Thread.State: TIMED_WAITING
        at sun.misc.Unsafe.park(Native Method)
        at java.util.concurrent.locks.LockSupport.parkNanos(LockSupport.java:215)
        at java.util.concurrent.locks.AbstractQueuedSynchronizer$ConditionObject.awaitNanos(AbstractQueuedSynchronizer.java:2078)
        at org.eclipse.jetty.util.BlockingArrayQueue.poll(BlockingArrayQueue.java:392)
        at org.eclipse.jetty.util.thread.QueuedThreadPool.idleJobPoll(QueuedThreadPool.java:563)
        at org.eclipse.jetty.util.thread.QueuedThreadPool.access$800(QueuedThreadPool.java:48)
        at org.eclipse.jetty.util.thread.QueuedThreadPool$2.run(QueuedThreadPool.java:626)
        at java.lang.Thread.run(Thread.java:748)
"IPC Server handler 13 on 40125" daemon prio=5 tid=43 timed_waiting
java.lang.Thread.State: TIMED_WAITING
        at sun.misc.Unsafe.park(Native Method)
        at java.util.concurrent.locks.LockSupport.parkNanos(LockSupport.java:215)
        at java.util.concurrent.locks.AbstractQueuedSynchronizer$ConditionObject.awaitNanos(AbstractQueuedSynchronizer.java:2078)
        at java.util.concurrent.LinkedBlockingQueue.poll(LinkedBlockingQueue.java:467)
        at org.apache.hadoop.ipc.CallQueueManager.take(CallQueueManager.java:288)
        at org.apache.hadoop.ipc.Server$Handler.run(Server.java:2668)
"IPC Server handler 12 on 42937" daemon prio=5 tid=126 timed_waiting
java.lang.Thread.State: TIMED_WAITING
        at sun.misc.Unsafe.park(Native Method)
        at java.util.concurrent.locks.LockSupport.parkNanos(LockSupport.java:215)
        at java.util.concurrent.locks.AbstractQueuedSynchronizer$ConditionObject.awaitNanos(AbstractQueuedSynchronizer.java:2078)
        at java.util.concurrent.LinkedBlockingQueue.poll(LinkedBlockingQueue.java:467)
        at org.apache.hadoop.ipc.CallQueueManager.take(CallQueueManager.java:288)
        at org.apache.hadoop.ipc.Server$Handler.run(Server.java:2668)
"pool-26-thread-57"  prio=5 tid=327 in Object.wait()
java.lang.Thread.State: WAITING (on object monitor)
        at sun.misc.Unsafe.park(Native Method)
        at java.util.concurrent.locks.LockSupport.park(LockSupport.java:175)
        at java.util.concurrent.locks.AbstractQueuedSynchronizer$ConditionObject.await(AbstractQueuedSynchronizer.java:2039)
        at java.util.concurrent.ArrayBlockingQueue.take(ArrayBlockingQueue.java:403)
        at java.util.concurrent.ThreadPoolExecutor.getTask(ThreadPoolExecutor.java:1074)
        at java.util.concurrent.ThreadPoolExecutor.runWorker(ThreadPoolExecutor.java:1134)
        at java.util.concurrent.ThreadPoolExecutor$Worker.run(ThreadPoolExecutor.java:624)
        at java.lang.Thread.run(Thread.java:748)
"SCM Heartbeat Processing Thread - 0" daemon prio=5 tid=13 timed_waiting
java.lang.Thread.State: TIMED_WAITING
        at sun.misc.Unsafe.park(Native Method)
        at java.util.concurrent.locks.LockSupport.parkNanos(LockSupport.java:215)
        at java.util.concurrent.locks.AbstractQueuedSynchronizer$ConditionObject.awaitNanos(AbstractQueuedSynchronizer.java:2078)
        at java.util.concurrent.ScheduledThreadPoolExecutor$DelayedWorkQueue.take(ScheduledThreadPoolExecutor.java:1093)
        at java.util.concurrent.ScheduledThreadPoolExecutor$DelayedWorkQueue.take(ScheduledThreadPoolExecutor.java:809)
        at java.util.concurrent.ThreadPoolExecutor.getTask(ThreadPoolExecutor.java:1074)
        at java.util.concurrent.ThreadPoolExecutor.runWorker(ThreadPoolExecutor.java:1134)
        at java.util.concurrent.ThreadPoolExecutor$Worker.run(ThreadPoolExecutor.java:624)
        at java.lang.Thread.run(Thread.java:748)
"pool-89-thread-52"  prio=5 tid=503 in Object.wait()
java.lang.Thread.State: WAITING (on object monitor)
        at sun.misc.Unsafe.park(Native Method)
        at java.util.concurrent.locks.LockSupport.park(LockSupport.java:175)
        at java.util.concurrent.locks.AbstractQueuedSynchronizer$ConditionObject.await(AbstractQueuedSynchronizer.java:2039)
        at java.util.concurrent.ArrayBlockingQueue.take(ArrayBlockingQueue.java:403)
        at java.util.concurrent.ThreadPoolExecutor.getTask(ThreadPoolExecutor.java:1074)
        at java.util.concurrent.ThreadPoolExecutor.runWorker(ThreadPoolExecutor.java:1134)
        at java.util.concurrent.ThreadPoolExecutor$Worker.run(ThreadPoolExecutor.java:624)
        at java.lang.Thread.run(Thread.java:748)
"pool-26-thread-6"  prio=5 tid=276 in Object.wait()
java.lang.Thread.State: WAITING (on object monitor)
        at sun.misc.Unsafe.park(Native Method)
        at java.util.concurrent.locks.LockSupport.park(LockSupport.java:175)
        at java.util.concurrent.locks.AbstractQueuedSynchronizer$ConditionObject.await(AbstractQueuedSynchronizer.java:2039)
        at java.util.concurrent.ArrayBlockingQueue.take(ArrayBlockingQueue.java:403)
        at java.util.concurrent.ThreadPoolExecutor.getTask(ThreadPoolExecutor.java:1074)
        at java.util.concurrent.ThreadPoolExecutor.runWorker(ThreadPoolExecutor.java:1134)
        at java.util.concurrent.ThreadPoolExecutor$Worker.run(ThreadPoolExecutor.java:624)
        at java.lang.Thread.run(Thread.java:748)
"IPC Server handler 1 on 40125" daemon prio=5 tid=31 timed_waiting
java.lang.Thread.State: TIMED_WAITING
        at sun.misc.Unsafe.park(Native Method)
        at java.util.concurrent.locks.LockSupport.parkNanos(LockSupport.java:215)
        at java.util.concurrent.locks.AbstractQueuedSynchronizer$ConditionObject.awaitNanos(AbstractQueuedSynchronizer.java:2078)
        at java.util.concurrent.LinkedBlockingQueue.poll(LinkedBlockingQueue.java:467)
        at org.apache.hadoop.ipc.CallQueueManager.take(CallQueueManager.java:288)
        at org.apache.hadoop.ipc.Server$Handler.run(Server.java:2668)
"pool-68-thread-49"  prio=5 tid=440 in Object.wait()
java.lang.Thread.State: WAITING (on object monitor)
        at sun.misc.Unsafe.park(Native Method)
        at java.util.concurrent.locks.LockSupport.park(LockSupport.java:175)
        at java.util.concurrent.locks.AbstractQueuedSynchronizer$ConditionObject.await(AbstractQueuedSynchronizer.java:2039)
        at java.util.concurrent.ArrayBlockingQueue.take(ArrayBlockingQueue.java:403)
        at java.util.concurrent.ThreadPoolExecutor.getTask(ThreadPoolExecutor.java:1074)
        at java.util.concurrent.ThreadPoolExecutor.runWorker(ThreadPoolExecutor.java:1134)
        at java.util.concurrent.ThreadPoolExecutor$Worker.run(ThreadPoolExecutor.java:624)
        at java.lang.Thread.run(Thread.java:748)
"IPC Server handler 10 on 40125" daemon prio=5 tid=40 timed_waiting
java.lang.Thread.State: TIMED_WAITING
        at sun.misc.Unsafe.park(Native Method)
        at java.util.concurrent.locks.LockSupport.parkNanos(LockSupport.java:215)
        at java.util.concurrent.locks.AbstractQueuedSynchronizer$ConditionObject.awaitNanos(AbstractQueuedSynchronizer.java:2078)
        at java.util.concurrent.LinkedBlockingQueue.poll(LinkedBlockingQueue.java:467)
        at org.apache.hadoop.ipc.CallQueueManager.take(CallQueueManager.java:288)
        at org.apache.hadoop.ipc.Server$Handler.run(Server.java:2668)
"IPC Server handler 0 on 43271" daemon prio=5 tid=50 timed_waiting
java.lang.Thread.State: TIMED_WAITING
        at sun.misc.Unsafe.park(Native Method)
        at java.util.concurrent.locks.LockSupport.parkNanos(LockSupport.java:215)
        at java.util.concurrent.locks.AbstractQueuedSynchronizer$ConditionObject.awaitNanos(AbstractQueuedSynchronizer.java:2078)
        at java.util.concurrent.LinkedBlockingQueue.poll(LinkedBlockingQueue.java:467)
        at org.apache.hadoop.ipc.CallQueueManager.take(CallQueueManager.java:288)
        at org.apache.hadoop.ipc.Server$Handler.run(Server.java:2668)
"pool-66-thread-1" daemon prio=5 tid=215 timed_waiting
java.lang.Thread.State: TIMED_WAITING
        at sun.misc.Unsafe.park(Native Method)
        at java.util.concurrent.locks.LockSupport.parkNanos(LockSupport.java:215)
        at java.util.concurrent.locks.AbstractQueuedSynchronizer$ConditionObject.awaitNanos(AbstractQueuedSynchronizer.java:2078)
        at java.util.concurrent.ScheduledThreadPoolExecutor$DelayedWorkQueue.take(ScheduledThreadPoolExecutor.java:1093)
        at java.util.concurrent.ScheduledThreadPoolExecutor$DelayedWorkQueue.take(ScheduledThreadPoolExecutor.java:809)
        at java.util.concurrent.ThreadPoolExecutor.getTask(ThreadPoolExecutor.java:1074)
        at java.util.concurrent.ThreadPoolExecutor.runWorker(ThreadPoolExecutor.java:1134)
        at java.util.concurrent.ThreadPoolExecutor$Worker.run(ThreadPoolExecutor.java:624)
        at java.lang.Thread.run(Thread.java:748)
"IPC Server handler 9 on 40125" daemon prio=5 tid=39 timed_waiting
java.lang.Thread.State: TIMED_WAITING
        at sun.misc.Unsafe.park(Native Method)
        at java.util.concurrent.locks.LockSupport.parkNanos(LockSupport.java:215)
        at java.util.concurrent.locks.AbstractQueuedSynchronizer$ConditionObject.awaitNanos(AbstractQueuedSynchronizer.java:2078)
        at java.util.concurrent.LinkedBlockingQueue.poll(LinkedBlockingQueue.java:467)
        at org.apache.hadoop.ipc.CallQueueManager.take(CallQueueManager.java:288)
        at org.apache.hadoop.ipc.Server$Handler.run(Server.java:2668)
"pool-26-thread-47"  prio=5 tid=317 in Object.wait()
java.lang.Thread.State: WAITING (on object monitor)
        at sun.misc.Unsafe.park(Native Method)
        at java.util.concurrent.locks.LockSupport.park(LockSupport.java:175)
        at java.util.concurrent.locks.AbstractQueuedSynchronizer$ConditionObject.await(AbstractQueuedSynchronizer.java:2039)
        at java.util.concurrent.ArrayBlockingQueue.take(ArrayBlockingQueue.java:403)
        at java.util.concurrent.ThreadPoolExecutor.getTask(ThreadPoolExecutor.java:1074)
        at java.util.concurrent.ThreadPoolExecutor.runWorker(ThreadPoolExecutor.java:1134)
        at java.util.concurrent.ThreadPoolExecutor$Worker.run(ThreadPoolExecutor.java:624)
        at java.lang.Thread.run(Thread.java:748)
"IPC Server handler 2 on 42937" daemon prio=5 tid=116 timed_waiting
java.lang.Thread.State: TIMED_WAITING
        at sun.misc.Unsafe.park(Native Method)
        at java.util.concurrent.locks.LockSupport.parkNanos(LockSupport.java:215)
        at java.util.concurrent.locks.AbstractQueuedSynchronizer$ConditionObject.awaitNanos(AbstractQueuedSynchronizer.java:2078)
        at java.util.concurrent.LinkedBlockingQueue.poll(LinkedBlockingQueue.java:467)
        at org.apache.hadoop.ipc.CallQueueManager.take(CallQueueManager.java:288)
        at org.apache.hadoop.ipc.Server$Handler.run(Server.java:2668)
"Datanode ReportManager Thread - 3" daemon prio=5 tid=179 in Object.wait()
java.lang.Thread.State: WAITING (on object monitor)
        at sun.misc.Unsafe.park(Native Method)
        at java.util.concurrent.locks.LockSupport.park(LockSupport.java:175)
        at java.util.concurrent.locks.AbstractQueuedSynchronizer$ConditionObject.await(AbstractQueuedSynchronizer.java:2039)
        at java.util.concurrent.ScheduledThreadPoolExecutor$DelayedWorkQueue.take(ScheduledThreadPoolExecutor.java:1088)
        at java.util.concurrent.ScheduledThreadPoolExecutor$DelayedWorkQueue.take(ScheduledThreadPoolExecutor.java:809)
        at java.util.concurrent.ThreadPoolExecutor.getTask(ThreadPoolExecutor.java:1074)
        at java.util.concurrent.ThreadPoolExecutor.runWorker(ThreadPoolExecutor.java:1134)
        at java.util.concurrent.ThreadPoolExecutor$Worker.run(ThreadPoolExecutor.java:624)
        at java.lang.Thread.run(Thread.java:748)
"pool-47-thread-25"  prio=5 tid=356 in Object.wait()
java.lang.Thread.State: WAITING (on object monitor)
        at sun.misc.Unsafe.park(Native Method)
        at java.util.concurrent.locks.LockSupport.park(LockSupport.java:175)
        at java.util.concurrent.locks.AbstractQueuedSynchronizer$ConditionObject.await(AbstractQueuedSynchronizer.java:2039)
        at java.util.concurrent.ArrayBlockingQueue.take(ArrayBlockingQueue.java:403)
        at java.util.concurrent.ThreadPoolExecutor.getTask(ThreadPoolExecutor.java:1074)
        at java.util.concurrent.ThreadPoolExecutor.runWorker(ThreadPoolExecutor.java:1134)
        at java.util.concurrent.ThreadPoolExecutor$Worker.run(ThreadPoolExecutor.java:624)
        at java.lang.Thread.run(Thread.java:748)
"pool-47-thread-40"  prio=5 tid=371 in Object.wait()
java.lang.Thread.State: WAITING (on object monitor)
        at sun.misc.Unsafe.park(Native Method)
        at java.util.concurrent.locks.LockSupport.park(LockSupport.java:175)
        at java.util.concurrent.locks.AbstractQueuedSynchronizer$ConditionObject.await(AbstractQueuedSynchronizer.java:2039)
        at java.util.concurrent.ArrayBlockingQueue.take(ArrayBlockingQueue.java:403)
        at java.util.concurrent.ThreadPoolExecutor.getTask(ThreadPoolExecutor.java:1074)
        at java.util.concurrent.ThreadPoolExecutor.runWorker(ThreadPoolExecutor.java:1134)
        at java.util.concurrent.ThreadPoolExecutor$Worker.run(ThreadPoolExecutor.java:624)
        at java.lang.Thread.run(Thread.java:748)
"pool-68-thread-38"  prio=5 tid=429 in Object.wait()
java.lang.Thread.State: WAITING (on object monitor)
        at sun.misc.Unsafe.park(Native Method)
        at java.util.concurrent.locks.LockSupport.park(LockSupport.java:175)
        at java.util.concurrent.locks.AbstractQueuedSynchronizer$ConditionObject.await(AbstractQueuedSynchronizer.java:2039)
        at java.util.concurrent.ArrayBlockingQueue.take(ArrayBlockingQueue.java:403)
        at java.util.concurrent.ThreadPoolExecutor.getTask(ThreadPoolExecutor.java:1074)
        at java.util.concurrent.ThreadPoolExecutor.runWorker(ThreadPoolExecutor.java:1134)
        at java.util.concurrent.ThreadPoolExecutor$Worker.run(ThreadPoolExecutor.java:624)
        at java.lang.Thread.run(Thread.java:748)
"pool-89-thread-50"  prio=5 tid=501 in Object.wait()
java.lang.Thread.State: WAITING (on object monitor)
        at sun.misc.Unsafe.park(Native Method)
        at java.util.concurrent.locks.LockSupport.park(LockSupport.java:175)
        at java.util.concurrent.locks.AbstractQueuedSynchronizer$ConditionObject.await(AbstractQueuedSynchronizer.java:2039)
        at java.util.concurrent.ArrayBlockingQueue.take(ArrayBlockingQueue.java:403)
        at java.util.concurrent.ThreadPoolExecutor.getTask(ThreadPoolExecutor.java:1074)
        at java.util.concurrent.ThreadPoolExecutor.runWorker(ThreadPoolExecutor.java:1134)
        at java.util.concurrent.ThreadPoolExecutor$Worker.run(ThreadPoolExecutor.java:624)
        at java.lang.Thread.run(Thread.java:748)
"pool-47-thread-19"  prio=5 tid=350 in Object.wait()
java.lang.Thread.State: WAITING (on object monitor)
        at sun.misc.Unsafe.park(Native Method)
        at java.util.concurrent.locks.LockSupport.park(LockSupport.java:175)
        at java.util.concurrent.locks.AbstractQueuedSynchronizer$ConditionObject.await(AbstractQueuedSynchronizer.java:2039)
        at java.util.concurrent.ArrayBlockingQueue.take(ArrayBlockingQueue.java:403)
        at java.util.concurrent.ThreadPoolExecutor.getTask(ThreadPoolExecutor.java:1074)
        at java.util.concurrent.ThreadPoolExecutor.runWorker(ThreadPoolExecutor.java:1134)
        at java.util.concurrent.ThreadPoolExecutor$Worker.run(ThreadPoolExecutor.java:624)
        at java.lang.Thread.run(Thread.java:748)
"pool-26-thread-28"  prio=5 tid=298 in Object.wait()
java.lang.Thread.State: WAITING (on object monitor)
        at sun.misc.Unsafe.park(Native Method)
        at java.util.concurrent.locks.LockSupport.park(LockSupport.java:175)
        at java.util.concurrent.locks.AbstractQueuedSynchronizer$ConditionObject.await(AbstractQueuedSynchronizer.java:2039)
        at java.util.concurrent.ArrayBlockingQueue.take(ArrayBlockingQueue.java:403)
        at java.util.concurrent.ThreadPoolExecutor.getTask(ThreadPoolExecutor.java:1074)
        at java.util.concurrent.ThreadPoolExecutor.runWorker(ThreadPoolExecutor.java:1134)
        at java.util.concurrent.ThreadPoolExecutor$Worker.run(ThreadPoolExecutor.java:624)
        at java.lang.Thread.run(Thread.java:748)
"Command processor thread" daemon prio=5 tid=267 timed_waiting
java.lang.Thread.State: TIMED_WAITING
        at java.lang.Thread.sleep(Native Method)
        at org.apache.hadoop.ozone.container.common.statemachine.DatanodeStateMachine.lambda$initCommandHandlerThread$1(DatanodeStateMachine.java:439)
        at org.apache.hadoop.ozone.container.common.statemachine.DatanodeStateMachine$$Lambda$140/966358068.run(Unknown Source)
        at java.lang.Thread.run(Thread.java:748)
"pool-26-thread-58"  prio=5 tid=328 in Object.wait()
java.lang.Thread.State: WAITING (on object monitor)
        at sun.misc.Unsafe.park(Native Method)
        at java.util.concurrent.locks.LockSupport.park(LockSupport.java:175)
        at java.util.concurrent.locks.AbstractQueuedSynchronizer$ConditionObject.await(AbstractQueuedSynchronizer.java:2039)
        at java.util.concurrent.ArrayBlockingQueue.take(ArrayBlockingQueue.java:403)
        at java.util.concurrent.ThreadPoolExecutor.getTask(ThreadPoolExecutor.java:1074)
        at java.util.concurrent.ThreadPoolExecutor.runWorker(ThreadPoolExecutor.java:1134)
        at java.util.concurrent.ThreadPoolExecutor$Worker.run(ThreadPoolExecutor.java:624)
        at java.lang.Thread.run(Thread.java:748)
"pool-26-thread-51"  prio=5 tid=321 in Object.wait()
java.lang.Thread.State: WAITING (on object monitor)
        at sun.misc.Unsafe.park(Native Method)
        at java.util.concurrent.locks.LockSupport.park(LockSupport.java:175)
        at java.util.concurrent.locks.AbstractQueuedSynchronizer$ConditionObject.await(AbstractQueuedSynchronizer.java:2039)
        at java.util.concurrent.ArrayBlockingQueue.take(ArrayBlockingQueue.java:403)
        at java.util.concurrent.ThreadPoolExecutor.getTask(ThreadPoolExecutor.java:1074)
        at java.util.concurrent.ThreadPoolExecutor.runWorker(ThreadPoolExecutor.java:1134)
        at java.util.concurrent.ThreadPoolExecutor$Worker.run(ThreadPoolExecutor.java:624)
        at java.lang.Thread.run(Thread.java:748)
"IPC Server Responder" daemon prio=5 tid=22 runnable
java.lang.Thread.State: RUNNABLE
        at sun.nio.ch.EPollArrayWrapper.epollWait(Native Method)
        at sun.nio.ch.EPollArrayWrapper.poll(EPollArrayWrapper.java:269)
        at sun.nio.ch.EPollSelectorImpl.doSelect(EPollSelectorImpl.java:93)
        at sun.nio.ch.SelectorImpl.lockAndDoSelect(SelectorImpl.java:86)
        at sun.nio.ch.SelectorImpl.select(SelectorImpl.java:97)
        at org.apache.hadoop.ipc.Server$Responder.doRunLoop(Server.java:1334)
        at org.apache.hadoop.ipc.Server$Responder.run(Server.java:1317)
"pool-89-thread-24"  prio=5 tid=475 in Object.wait()
java.lang.Thread.State: WAITING (on object monitor)
        at sun.misc.Unsafe.park(Native Method)
        at java.util.concurrent.locks.LockSupport.park(LockSupport.java:175)
        at java.util.concurrent.locks.AbstractQueuedSynchronizer$ConditionObject.await(AbstractQueuedSynchronizer.java:2039)
        at java.util.concurrent.ArrayBlockingQueue.take(ArrayBlockingQueue.java:403)
        at java.util.concurrent.ThreadPoolExecutor.getTask(ThreadPoolExecutor.java:1074)
        at java.util.concurrent.ThreadPoolExecutor.runWorker(ThreadPoolExecutor.java:1134)
        at java.util.concurrent.ThreadPoolExecutor$Worker.run(ThreadPoolExecutor.java:624)
        at java.lang.Thread.run(Thread.java:748)
"IPC Server handler 17 on 34963" daemon prio=5 tid=87 timed_waiting
java.lang.Thread.State: TIMED_WAITING
        at sun.misc.Unsafe.park(Native Method)
        at java.util.concurrent.locks.LockSupport.parkNanos(LockSupport.java:215)
        at java.util.concurrent.locks.AbstractQueuedSynchronizer$ConditionObject.awaitNanos(AbstractQueuedSynchronizer.java:2078)
        at java.util.concurrent.LinkedBlockingQueue.poll(LinkedBlockingQueue.java:467)
        at org.apache.hadoop.ipc.CallQueueManager.take(CallQueueManager.java:288)
        at org.apache.hadoop.ipc.Server$Handler.run(Server.java:2668)
"5f623e1f-d5a1-46cb-80d7-44327f36f2e1-RaftLogWorker"  prio=5 tid=544 timed_waiting
java.lang.Thread.State: TIMED_WAITING
        at sun.misc.Unsafe.park(Native Method)
        at java.util.concurrent.locks.LockSupport.parkNanos(LockSupport.java:215)
        at java.util.concurrent.locks.AbstractQueuedSynchronizer$ConditionObject.awaitNanos(AbstractQueuedSynchronizer.java:2078)
        at org.apache.ratis.util.DataBlockingQueue.poll(DataBlockingQueue.java:137)
        at org.apache.ratis.server.storage.RaftLogWorker.run(RaftLogWorker.java:216)
        at java.lang.Thread.run(Thread.java:748)
"pool-89-thread-32"  prio=5 tid=483 in Object.wait()
java.lang.Thread.State: WAITING (on object monitor)
        at sun.misc.Unsafe.park(Native Method)
        at java.util.concurrent.locks.LockSupport.park(LockSupport.java:175)
        at java.util.concurrent.locks.AbstractQueuedSynchronizer$ConditionObject.await(AbstractQueuedSynchronizer.java:2039)
        at java.util.concurrent.ArrayBlockingQueue.take(ArrayBlockingQueue.java:403)
        at java.util.concurrent.ThreadPoolExecutor.getTask(ThreadPoolExecutor.java:1074)
        at java.util.concurrent.ThreadPoolExecutor.runWorker(ThreadPoolExecutor.java:1134)
        at java.util.concurrent.ThreadPoolExecutor$Worker.run(ThreadPoolExecutor.java:624)
        at java.lang.Thread.run(Thread.java:748)
"pool-68-thread-59"  prio=5 tid=450 in Object.wait()
java.lang.Thread.State: WAITING (on object monitor)
        at sun.misc.Unsafe.park(Native Method)
        at java.util.concurrent.locks.LockSupport.park(LockSupport.java:175)
        at java.util.concurrent.locks.AbstractQueuedSynchronizer$ConditionObject.await(AbstractQueuedSynchronizer.java:2039)
        at java.util.concurrent.ArrayBlockingQueue.take(ArrayBlockingQueue.java:403)
        at java.util.concurrent.ThreadPoolExecutor.getTask(ThreadPoolExecutor.java:1074)
        at java.util.concurrent.ThreadPoolExecutor.runWorker(ThreadPoolExecutor.java:1134)
        at java.util.concurrent.ThreadPoolExecutor$Worker.run(ThreadPoolExecutor.java:624)
        at java.lang.Thread.run(Thread.java:748)
"pool-47-thread-11"  prio=5 tid=342 in Object.wait()
java.lang.Thread.State: WAITING (on object monitor)
        at sun.misc.Unsafe.park(Native Method)
        at java.util.concurrent.locks.LockSupport.park(LockSupport.java:175)
        at java.util.concurrent.locks.AbstractQueuedSynchronizer$ConditionObject.await(AbstractQueuedSynchronizer.java:2039)
        at java.util.concurrent.ArrayBlockingQueue.take(ArrayBlockingQueue.java:403)
        at java.util.concurrent.ThreadPoolExecutor.getTask(ThreadPoolExecutor.java:1074)
        at java.util.concurrent.ThreadPoolExecutor.runWorker(ThreadPoolExecutor.java:1134)
        at java.util.concurrent.ThreadPoolExecutor$Worker.run(ThreadPoolExecutor.java:624)
        at java.lang.Thread.run(Thread.java:748)
"pool-26-thread-37"  prio=5 tid=307 in Object.wait()
java.lang.Thread.State: WAITING (on object monitor)
        at sun.misc.Unsafe.park(Native Method)
        at java.util.concurrent.locks.LockSupport.park(LockSupport.java:175)
        at java.util.concurrent.locks.AbstractQueuedSynchronizer$ConditionObject.await(AbstractQueuedSynchronizer.java:2039)
        at java.util.concurrent.ArrayBlockingQueue.take(ArrayBlockingQueue.java:403)
        at java.util.concurrent.ThreadPoolExecutor.getTask(ThreadPoolExecutor.java:1074)
        at java.util.concurrent.ThreadPoolExecutor.runWorker(ThreadPoolExecutor.java:1134)
        at java.util.concurrent.ThreadPoolExecutor$Worker.run(ThreadPoolExecutor.java:624)
        at java.lang.Thread.run(Thread.java:748)
"org.eclipse.jetty.server.session.HashSessionManager@7c8326a4Timer" daemon prio=5 tid=145 timed_waiting
java.lang.Thread.State: TIMED_WAITING
        at sun.misc.Unsafe.park(Native Method)
        at java.util.concurrent.locks.LockSupport.parkNanos(LockSupport.java:215)
        at java.util.concurrent.locks.AbstractQueuedSynchronizer$ConditionObject.awaitNanos(AbstractQueuedSynchronizer.java:2078)
        at java.util.concurrent.ScheduledThreadPoolExecutor$DelayedWorkQueue.take(ScheduledThreadPoolExecutor.java:1093)
        at java.util.concurrent.ScheduledThreadPoolExecutor$DelayedWorkQueue.take(ScheduledThreadPoolExecutor.java:809)
        at java.util.concurrent.ThreadPoolExecutor.getTask(ThreadPoolExecutor.java:1074)
        at java.util.concurrent.ThreadPoolExecutor.runWorker(ThreadPoolExecutor.java:1134)
        at java.util.concurrent.ThreadPoolExecutor$Worker.run(ThreadPoolExecutor.java:624)
        at java.lang.Thread.run(Thread.java:748)
"pool-47-thread-49"  prio=5 tid=380 in Object.wait()
java.lang.Thread.State: WAITING (on object monitor)
        at sun.misc.Unsafe.park(Native Method)
        at java.util.concurrent.locks.LockSupport.park(LockSupport.java:175)
        at java.util.concurrent.locks.AbstractQueuedSynchronizer$ConditionObject.await(AbstractQueuedSynchronizer.java:2039)
        at java.util.concurrent.ArrayBlockingQueue.take(ArrayBlockingQueue.java:403)
        at java.util.concurrent.ThreadPoolExecutor.getTask(ThreadPoolExecutor.java:1074)
        at java.util.concurrent.ThreadPoolExecutor.runWorker(ThreadPoolExecutor.java:1134)
        at java.util.concurrent.ThreadPoolExecutor$Worker.run(ThreadPoolExecutor.java:624)
        at java.lang.Thread.run(Thread.java:748)
"pool-26-thread-31"  prio=5 tid=301 in Object.wait()
java.lang.Thread.State: WAITING (on object monitor)
        at sun.misc.Unsafe.park(Native Method)
        at java.util.concurrent.locks.LockSupport.park(LockSupport.java:175)
        at java.util.concurrent.locks.AbstractQueuedSynchronizer$ConditionObject.await(AbstractQueuedSynchronizer.java:2039)
        at java.util.concurrent.ArrayBlockingQueue.take(ArrayBlockingQueue.java:403)
        at java.util.concurrent.ThreadPoolExecutor.getTask(ThreadPoolExecutor.java:1074)
        at java.util.concurrent.ThreadPoolExecutor.runWorker(ThreadPoolExecutor.java:1134)
        at java.util.concurrent.ThreadPoolExecutor$Worker.run(ThreadPoolExecutor.java:624)
        at java.lang.Thread.run(Thread.java:748)
"pool-47-thread-58"  prio=5 tid=389 in Object.wait()
java.lang.Thread.State: WAITING (on object monitor)
        at sun.misc.Unsafe.park(Native Method)
        at java.util.concurrent.locks.LockSupport.park(LockSupport.java:175)
        at java.util.concurrent.locks.AbstractQueuedSynchronizer$ConditionObject.await(AbstractQueuedSynchronizer.java:2039)
        at java.util.concurrent.ArrayBlockingQueue.take(ArrayBlockingQueue.java:403)
        at java.util.concurrent.ThreadPoolExecutor.getTask(ThreadPoolExecutor.java:1074)
        at java.util.concurrent.ThreadPoolExecutor.runWorker(ThreadPoolExecutor.java:1134)
        at java.util.concurrent.ThreadPoolExecutor$Worker.run(ThreadPoolExecutor.java:624)
        at java.lang.Thread.run(Thread.java:748)
"IPC Server handler 1 on 34963" daemon prio=5 tid=71 timed_waiting
java.lang.Thread.State: TIMED_WAITING
        at sun.misc.Unsafe.park(Native Method)
        at java.util.concurrent.locks.LockSupport.parkNanos(LockSupport.java:215)
        at java.util.concurrent.locks.AbstractQueuedSynchronizer$ConditionObject.awaitNanos(AbstractQueuedSynchronizer.java:2078)
        at java.util.concurrent.LinkedBlockingQueue.poll(LinkedBlockingQueue.java:467)
        at org.apache.hadoop.ipc.CallQueueManager.take(CallQueueManager.java:288)
        at org.apache.hadoop.ipc.Server$Handler.run(Server.java:2668)
"Datanode ReportManager Thread - 0" daemon prio=5 tid=203 in Object.wait()
java.lang.Thread.State: WAITING (on object monitor)
        at sun.misc.Unsafe.park(Native Method)
        at java.util.concurrent.locks.LockSupport.park(LockSupport.java:175)
        at java.util.concurrent.locks.AbstractQueuedSynchronizer$ConditionObject.await(AbstractQueuedSynchronizer.java:2039)
        at java.util.concurrent.ScheduledThreadPoolExecutor$DelayedWorkQueue.take(ScheduledThreadPoolExecutor.java:1088)
        at java.util.concurrent.ScheduledThreadPoolExecutor$DelayedWorkQueue.take(ScheduledThreadPoolExecutor.java:809)
        at java.util.concurrent.ThreadPoolExecutor.getTask(ThreadPoolExecutor.java:1074)
        at java.util.concurrent.ThreadPoolExecutor.runWorker(ThreadPoolExecutor.java:1134)
        at java.util.concurrent.ThreadPoolExecutor$Worker.run(ThreadPoolExecutor.java:624)
        at java.lang.Thread.run(Thread.java:748)
"pool-89-thread-38"  prio=5 tid=489 in Object.wait()
java.lang.Thread.State: WAITING (on object monitor)
        at sun.misc.Unsafe.park(Native Method)
        at java.util.concurrent.locks.LockSupport.park(LockSupport.java:175)
        at java.util.concurrent.locks.AbstractQueuedSynchronizer$ConditionObject.await(AbstractQueuedSynchronizer.java:2039)
        at java.util.concurrent.ArrayBlockingQueue.take(ArrayBlockingQueue.java:403)
        at java.util.concurrent.ThreadPoolExecutor.getTask(ThreadPoolExecutor.java:1074)
        at java.util.concurrent.ThreadPoolExecutor.runWorker(ThreadPoolExecutor.java:1134)
        at java.util.concurrent.ThreadPoolExecutor$Worker.run(ThreadPoolExecutor.java:624)
        at java.lang.Thread.run(Thread.java:748)
"pool-26-thread-16"  prio=5 tid=286 in Object.wait()
java.lang.Thread.State: WAITING (on object monitor)
        at sun.misc.Unsafe.park(Native Method)
        at java.util.concurrent.locks.LockSupport.park(LockSupport.java:175)
        at java.util.concurrent.locks.AbstractQueuedSynchronizer$ConditionObject.await(AbstractQueuedSynchronizer.java:2039)
        at java.util.concurrent.ArrayBlockingQueue.take(ArrayBlockingQueue.java:403)
        at java.util.concurrent.ThreadPoolExecutor.getTask(ThreadPoolExecutor.java:1074)
        at java.util.concurrent.ThreadPoolExecutor.runWorker(ThreadPoolExecutor.java:1134)
        at java.util.concurrent.ThreadPoolExecutor$Worker.run(ThreadPoolExecutor.java:624)
        at java.lang.Thread.run(Thread.java:748)
"IPC Server handler 7 on 43271" daemon prio=5 tid=57 timed_waiting
java.lang.Thread.State: TIMED_WAITING
        at sun.misc.Unsafe.park(Native Method)
        at java.util.concurrent.locks.LockSupport.parkNanos(LockSupport.java:215)
        at java.util.concurrent.locks.AbstractQueuedSynchronizer$ConditionObject.awaitNanos(AbstractQueuedSynchronizer.java:2078)
        at java.util.concurrent.LinkedBlockingQueue.poll(LinkedBlockingQueue.java:467)
        at org.apache.hadoop.ipc.CallQueueManager.take(CallQueueManager.java:288)
        at org.apache.hadoop.ipc.Server$Handler.run(Server.java:2668)
"qtp1026506187-226" daemon prio=5 tid=226 timed_waiting
java.lang.Thread.State: TIMED_WAITING
        at sun.misc.Unsafe.park(Native Method)
        at java.util.concurrent.locks.LockSupport.parkNanos(LockSupport.java:215)
        at java.util.concurrent.locks.AbstractQueuedSynchronizer$ConditionObject.awaitNanos(AbstractQueuedSynchronizer.java:2078)
        at org.eclipse.jetty.util.BlockingArrayQueue.poll(BlockingArrayQueue.java:392)
        at org.eclipse.jetty.util.thread.QueuedThreadPool.idleJobPoll(QueuedThreadPool.java:563)
        at org.eclipse.jetty.util.thread.QueuedThreadPool.access$800(QueuedThreadPool.java:48)
        at org.eclipse.jetty.util.thread.QueuedThreadPool$2.run(QueuedThreadPool.java:626)
        at java.lang.Thread.run(Thread.java:748)
"IPC Server handler 13 on 43271" daemon prio=5 tid=63 timed_waiting
java.lang.Thread.State: TIMED_WAITING
        at sun.misc.Unsafe.park(Native Method)
        at java.util.concurrent.locks.LockSupport.parkNanos(LockSupport.java:215)
        at java.util.concurrent.locks.AbstractQueuedSynchronizer$ConditionObject.awaitNanos(AbstractQueuedSynchronizer.java:2078)
        at java.util.concurrent.LinkedBlockingQueue.poll(LinkedBlockingQueue.java:467)
        at org.apache.hadoop.ipc.CallQueueManager.take(CallQueueManager.java:288)
        at org.apache.hadoop.ipc.Server$Handler.run(Server.java:2668)
"pool-68-thread-12"  prio=5 tid=403 in Object.wait()
java.lang.Thread.State: WAITING (on object monitor)
        at sun.misc.Unsafe.park(Native Method)
        at java.util.concurrent.locks.LockSupport.park(LockSupport.java:175)
        at java.util.concurrent.locks.AbstractQueuedSynchronizer$ConditionObject.await(AbstractQueuedSynchronizer.java:2039)
        at java.util.concurrent.ArrayBlockingQueue.take(ArrayBlockingQueue.java:403)
        at java.util.concurrent.ThreadPoolExecutor.getTask(ThreadPoolExecutor.java:1074)
        at java.util.concurrent.ThreadPoolExecutor.runWorker(ThreadPoolExecutor.java:1134)
        at java.util.concurrent.ThreadPoolExecutor$Worker.run(ThreadPoolExecutor.java:624)
        at java.lang.Thread.run(Thread.java:748)
"IPC Server handler 16 on 34963" daemon prio=5 tid=86 timed_waiting
java.lang.Thread.State: TIMED_WAITING
        at sun.misc.Unsafe.park(Native Method)
        at java.util.concurrent.locks.LockSupport.parkNanos(LockSupport.java:215)
        at java.util.concurrent.locks.AbstractQueuedSynchronizer$ConditionObject.awaitNanos(AbstractQueuedSynchronizer.java:2078)
        at java.util.concurrent.LinkedBlockingQueue.poll(LinkedBlockingQueue.java:467)
        at org.apache.hadoop.ipc.CallQueueManager.take(CallQueueManager.java:288)
        at org.apache.hadoop.ipc.Server$Handler.run(Server.java:2668)
"pool-68-thread-58"  prio=5 tid=449 in Object.wait()
java.lang.Thread.State: WAITING (on object monitor)
        at sun.misc.Unsafe.park(Native Method)
        at java.util.concurrent.locks.LockSupport.park(LockSupport.java:175)
        at java.util.concurrent.locks.AbstractQueuedSynchronizer$ConditionObject.await(AbstractQueuedSynchronizer.java:2039)
        at java.util.concurrent.ArrayBlockingQueue.take(ArrayBlockingQueue.java:403)
        at java.util.concurrent.ThreadPoolExecutor.getTask(ThreadPoolExecutor.java:1074)
        at java.util.concurrent.ThreadPoolExecutor.runWorker(ThreadPoolExecutor.java:1134)
        at java.util.concurrent.ThreadPoolExecutor$Worker.run(ThreadPoolExecutor.java:624)
        at java.lang.Thread.run(Thread.java:748)
"qtp790689709-190" daemon prio=5 tid=190 runnable
java.lang.Thread.State: RUNNABLE
        at sun.nio.ch.EPollArrayWrapper.epollWait(Native Method)
        at sun.nio.ch.EPollArrayWrapper.poll(EPollArrayWrapper.java:269)
        at sun.nio.ch.EPollSelectorImpl.doSelect(EPollSelectorImpl.java:93)
        at sun.nio.ch.SelectorImpl.lockAndDoSelect(SelectorImpl.java:86)
        at sun.nio.ch.SelectorImpl.select(SelectorImpl.java:97)
        at sun.nio.ch.SelectorImpl.select(SelectorImpl.java:101)
        at org.eclipse.jetty.io.ManagedSelector$SelectorProducer.select(ManagedSelector.java:243)
        at org.eclipse.jetty.io.ManagedSelector$SelectorProducer.produce(ManagedSelector.java:191)
        at org.eclipse.jetty.util.thread.strategy.ExecuteProduceConsume.executeProduceConsume(ExecuteProduceConsume.java:249)
        at org.eclipse.jetty.util.thread.strategy.ExecuteProduceConsume.produceConsume(ExecuteProduceConsume.java:148)
        at org.eclipse.jetty.util.thread.strategy.ExecuteProduceConsume.execute(ExecuteProduceConsume.java:100)
        at org.eclipse.jetty.io.ManagedSelector.run(ManagedSelector.java:147)
        at org.eclipse.jetty.util.thread.QueuedThreadPool.runJob(QueuedThreadPool.java:671)
        at org.eclipse.jetty.util.thread.QueuedThreadPool$2.run(QueuedThreadPool.java:589)
        at java.lang.Thread.run(Thread.java:748)
"pool-89-thread-48"  prio=5 tid=499 in Object.wait()
java.lang.Thread.State: WAITING (on object monitor)
        at sun.misc.Unsafe.park(Native Method)
        at java.util.concurrent.locks.LockSupport.park(LockSupport.java:175)
        at java.util.concurrent.locks.AbstractQueuedSynchronizer$ConditionObject.await(AbstractQueuedSynchronizer.java:2039)
        at java.util.concurrent.ArrayBlockingQueue.take(ArrayBlockingQueue.java:403)
        at java.util.concurrent.ThreadPoolExecutor.getTask(ThreadPoolExecutor.java:1074)
        at java.util.concurrent.ThreadPoolExecutor.runWorker(ThreadPoolExecutor.java:1134)
        at java.util.concurrent.ThreadPoolExecutor$Worker.run(ThreadPoolExecutor.java:624)
        at java.lang.Thread.run(Thread.java:748)
"IPC Server handler 0 on 42937" daemon prio=5 tid=114 timed_waiting
java.lang.Thread.State: TIMED_WAITING
        at sun.misc.Unsafe.park(Native Method)
        at java.util.concurrent.locks.LockSupport.parkNanos(LockSupport.java:215)
        at java.util.concurrent.locks.AbstractQueuedSynchronizer$ConditionObject.awaitNanos(AbstractQueuedSynchronizer.java:2078)
        at java.util.concurrent.LinkedBlockingQueue.poll(LinkedBlockingQueue.java:467)
        at org.apache.hadoop.ipc.CallQueueManager.take(CallQueueManager.java:288)
        at org.apache.hadoop.ipc.Server$Handler.run(Server.java:2668)
"pool-68-thread-14"  prio=5 tid=405 in Object.wait()
java.lang.Thread.State: WAITING (on object monitor)
        at sun.misc.Unsafe.park(Native Method)
        at java.util.concurrent.locks.LockSupport.park(LockSupport.java:175)
        at java.util.concurrent.locks.AbstractQueuedSynchronizer$ConditionObject.await(AbstractQueuedSynchronizer.java:2039)
        at java.util.concurrent.ArrayBlockingQueue.take(ArrayBlockingQueue.java:403)
        at java.util.concurrent.ThreadPoolExecutor.getTask(ThreadPoolExecutor.java:1074)
        at java.util.concurrent.ThreadPoolExecutor.runWorker(ThreadPoolExecutor.java:1134)
        at java.util.concurrent.ThreadPoolExecutor$Worker.run(ThreadPoolExecutor.java:624)
        at java.lang.Thread.run(Thread.java:748)
"pool-68-thread-35"  prio=5 tid=426 in Object.wait()
java.lang.Thread.State: WAITING (on object monitor)
        at sun.misc.Unsafe.park(Native Method)
        at java.util.concurrent.locks.LockSupport.park(LockSupport.java:175)
        at java.util.concurrent.locks.AbstractQueuedSynchronizer$ConditionObject.await(AbstractQueuedSynchronizer.java:2039)
        at java.util.concurrent.ArrayBlockingQueue.take(ArrayBlockingQueue.java:403)
        at java.util.concurrent.ThreadPoolExecutor.getTask(ThreadPoolExecutor.java:1074)
        at java.util.concurrent.ThreadPoolExecutor.runWorker(ThreadPoolExecutor.java:1134)
        at java.util.concurrent.ThreadPoolExecutor$Worker.run(ThreadPoolExecutor.java:624)
        at java.lang.Thread.run(Thread.java:748)
"qtp1366212088-135" daemon prio=5 tid=135 runnable
java.lang.Thread.State: RUNNABLE
        at sun.nio.ch.EPollArrayWrapper.epollWait(Native Method)
        at sun.nio.ch.EPollArrayWrapper.poll(EPollArrayWrapper.java:269)
        at sun.nio.ch.EPollSelectorImpl.doSelect(EPollSelectorImpl.java:93)
        at sun.nio.ch.SelectorImpl.lockAndDoSelect(SelectorImpl.java:86)
        at sun.nio.ch.SelectorImpl.select(SelectorImpl.java:97)
        at sun.nio.ch.SelectorImpl.select(SelectorImpl.java:101)
        at org.eclipse.jetty.io.ManagedSelector$SelectorProducer.select(ManagedSelector.java:243)
        at org.eclipse.jetty.io.ManagedSelector$SelectorProducer.produce(ManagedSelector.java:191)
        at org.eclipse.jetty.util.thread.strategy.ExecuteProduceConsume.executeProduceConsume(ExecuteProduceConsume.java:249)
        at org.eclipse.jetty.util.thread.strategy.ExecuteProduceConsume.produceConsume(ExecuteProduceConsume.java:148)
        at org.eclipse.jetty.util.thread.strategy.ExecuteProduceConsume.execute(ExecuteProduceConsume.java:100)
        at org.eclipse.jetty.io.ManagedSelector.run(ManagedSelector.java:147)
        at org.eclipse.jetty.util.thread.QueuedThreadPool.runJob(QueuedThreadPool.java:671)
        at org.eclipse.jetty.util.thread.QueuedThreadPool$2.run(QueuedThreadPool.java:589)
        at java.lang.Thread.run(Thread.java:748)
"pool-47-thread-6"  prio=5 tid=337 in Object.wait()
java.lang.Thread.State: WAITING (on object monitor)
        at sun.misc.Unsafe.park(Native Method)
        at java.util.concurrent.locks.LockSupport.park(LockSupport.java:175)
        at java.util.concurrent.locks.AbstractQueuedSynchronizer$ConditionObject.await(AbstractQueuedSynchronizer.java:2039)
        at java.util.concurrent.ArrayBlockingQueue.take(ArrayBlockingQueue.java:403)
        at java.util.concurrent.ThreadPoolExecutor.getTask(ThreadPoolExecutor.java:1074)
        at java.util.concurrent.ThreadPoolExecutor.runWorker(ThreadPoolExecutor.java:1134)
        at java.util.concurrent.ThreadPoolExecutor$Worker.run(ThreadPoolExecutor.java:624)
        at java.lang.Thread.run(Thread.java:748)
"pool-68-thread-32"  prio=5 tid=423 in Object.wait()
java.lang.Thread.State: WAITING (on object monitor)
        at sun.misc.Unsafe.park(Native Method)
        at java.util.concurrent.locks.LockSupport.park(LockSupport.java:175)
        at java.util.concurrent.locks.AbstractQueuedSynchronizer$ConditionObject.await(AbstractQueuedSynchronizer.java:2039)
        at java.util.concurrent.ArrayBlockingQueue.take(ArrayBlockingQueue.java:403)
        at java.util.concurrent.ThreadPoolExecutor.getTask(ThreadPoolExecutor.java:1074)
        at java.util.concurrent.ThreadPoolExecutor.runWorker(ThreadPoolExecutor.java:1134)
        at java.util.concurrent.ThreadPoolExecutor$Worker.run(ThreadPoolExecutor.java:624)
        at java.lang.Thread.run(Thread.java:748)
"pool-26-thread-17"  prio=5 tid=287 in Object.wait()
java.lang.Thread.State: WAITING (on object monitor)
        at sun.misc.Unsafe.park(Native Method)
        at java.util.concurrent.locks.LockSupport.park(LockSupport.java:175)
        at java.util.concurrent.locks.AbstractQueuedSynchronizer$ConditionObject.await(AbstractQueuedSynchronizer.java:2039)
        at java.util.concurrent.ArrayBlockingQueue.take(ArrayBlockingQueue.java:403)
        at java.util.concurrent.ThreadPoolExecutor.getTask(ThreadPoolExecutor.java:1074)
        at java.util.concurrent.ThreadPoolExecutor.runWorker(ThreadPoolExecutor.java:1134)
        at java.util.concurrent.ThreadPoolExecutor$Worker.run(ThreadPoolExecutor.java:624)
        at java.lang.Thread.run(Thread.java:748)
"pool-68-thread-23"  prio=5 tid=414 in Object.wait()
java.lang.Thread.State: WAITING (on object monitor)
        at sun.misc.Unsafe.park(Native Method)
        at java.util.concurrent.locks.LockSupport.park(LockSupport.java:175)
        at java.util.concurrent.locks.AbstractQueuedSynchronizer$ConditionObject.await(AbstractQueuedSynchronizer.java:2039)
        at java.util.concurrent.ArrayBlockingQueue.take(ArrayBlockingQueue.java:403)
        at java.util.concurrent.ThreadPoolExecutor.getTask(ThreadPoolExecutor.java:1074)
        at java.util.concurrent.ThreadPoolExecutor.runWorker(ThreadPoolExecutor.java:1134)
        at java.util.concurrent.ThreadPoolExecutor$Worker.run(ThreadPoolExecutor.java:624)
        at java.lang.Thread.run(Thread.java:748)
"pool-89-thread-43"  prio=5 tid=494 in Object.wait()
java.lang.Thread.State: WAITING (on object monitor)
        at sun.misc.Unsafe.park(Native Method)
        at java.util.concurrent.locks.LockSupport.park(LockSupport.java:175)
        at java.util.concurrent.locks.AbstractQueuedSynchronizer$ConditionObject.await(AbstractQueuedSynchronizer.java:2039)
        at java.util.concurrent.ArrayBlockingQueue.take(ArrayBlockingQueue.java:403)
        at java.util.concurrent.ThreadPoolExecutor.getTask(ThreadPoolExecutor.java:1074)
        at java.util.concurrent.ThreadPoolExecutor.runWorker(ThreadPoolExecutor.java:1134)
        at java.util.concurrent.ThreadPoolExecutor$Worker.run(ThreadPoolExecutor.java:624)
        at java.lang.Thread.run(Thread.java:748)
"refreshUsed-/opt/src/hadoop-ozone/integration-test/target/test-dir/MiniOzoneClusterImpl-a42d3b4b-e56b-4764-8008-ba5e6c1f637d/datanode-2/data/containers" daemon prio=5 tid=213 timed_waiting
java.lang.Thread.State: TIMED_WAITING
        at java.lang.Thread.sleep(Native Method)
        at org.apache.hadoop.fs.CachingGetSpaceUsed$RefreshThread.run(CachingGetSpaceUsed.java:179)
        at java.lang.Thread.run(Thread.java:748)
"KeyDeletingService#1" daemon prio=5 tid=111 timed_waiting
java.lang.Thread.State: TIMED_WAITING
        at sun.misc.Unsafe.park(Native Method)
        at java.util.concurrent.locks.LockSupport.parkNanos(LockSupport.java:215)
        at java.util.concurrent.locks.AbstractQueuedSynchronizer$ConditionObject.awaitNanos(AbstractQueuedSynchronizer.java:2078)
        at java.util.concurrent.ScheduledThreadPoolExecutor$DelayedWorkQueue.take(ScheduledThreadPoolExecutor.java:1093)
        at java.util.concurrent.ScheduledThreadPoolExecutor$DelayedWorkQueue.take(ScheduledThreadPoolExecutor.java:809)
        at java.util.concurrent.ThreadPoolExecutor.getTask(ThreadPoolExecutor.java:1074)
        at java.util.concurrent.ThreadPoolExecutor.runWorker(ThreadPoolExecutor.java:1134)
        at java.util.concurrent.ThreadPoolExecutor$Worker.run(ThreadPoolExecutor.java:624)
        at java.lang.Thread.run(Thread.java:748)
"pool-26-thread-22"  prio=5 tid=292 in Object.wait()
java.lang.Thread.State: WAITING (on object monitor)
        at sun.misc.Unsafe.park(Native Method)
        at java.util.concurrent.locks.LockSupport.park(LockSupport.java:175)
        at java.util.concurrent.locks.AbstractQueuedSynchronizer$ConditionObject.await(AbstractQueuedSynchronizer.java:2039)
        at java.util.concurrent.ArrayBlockingQueue.take(ArrayBlockingQueue.java:403)
        at java.util.concurrent.ThreadPoolExecutor.getTask(ThreadPoolExecutor.java:1074)
        at java.util.concurrent.ThreadPoolExecutor.runWorker(ThreadPoolExecutor.java:1134)
        at java.util.concurrent.ThreadPoolExecutor$Worker.run(ThreadPoolExecutor.java:624)
        at java.lang.Thread.run(Thread.java:748)
"qtp1894788146-95" daemon prio=5 tid=95 timed_waiting
java.lang.Thread.State: TIMED_WAITING
        at sun.misc.Unsafe.park(Native Method)
        at java.util.concurrent.locks.LockSupport.parkNanos(LockSupport.java:215)
        at java.util.concurrent.locks.AbstractQueuedSynchronizer$ConditionObject.awaitNanos(AbstractQueuedSynchronizer.java:2078)
        at org.eclipse.jetty.util.BlockingArrayQueue.poll(BlockingArrayQueue.java:392)
        at org.eclipse.jetty.util.thread.QueuedThreadPool.idleJobPoll(QueuedThreadPool.java:563)
        at org.eclipse.jetty.util.thread.QueuedThreadPool.access$800(QueuedThreadPool.java:48)
        at org.eclipse.jetty.util.thread.QueuedThreadPool$2.run(QueuedThreadPool.java:626)
        at java.lang.Thread.run(Thread.java:748)
"pool-68-thread-11"  prio=5 tid=402 in Object.wait()
java.lang.Thread.State: WAITING (on object monitor)
        at sun.misc.Unsafe.park(Native Method)
        at java.util.concurrent.locks.LockSupport.park(LockSupport.java:175)
        at java.util.concurrent.locks.AbstractQueuedSynchronizer$ConditionObject.await(AbstractQueuedSynchronizer.java:2039)
        at java.util.concurrent.ArrayBlockingQueue.take(ArrayBlockingQueue.java:403)
        at java.util.concurrent.ThreadPoolExecutor.getTask(ThreadPoolExecutor.java:1074)
        at java.util.concurrent.ThreadPoolExecutor.runWorker(ThreadPoolExecutor.java:1134)
        at java.util.concurrent.ThreadPoolExecutor$Worker.run(ThreadPoolExecutor.java:624)
        at java.lang.Thread.run(Thread.java:748)
"qtp1110014943-255" daemon prio=5 tid=255 timed_waiting
java.lang.Thread.State: TIMED_WAITING
        at sun.misc.Unsafe.park(Native Method)
        at java.util.concurrent.locks.LockSupport.parkNanos(LockSupport.java:215)
        at java.util.concurrent.locks.AbstractQueuedSynchronizer$ConditionObject.awaitNanos(AbstractQueuedSynchronizer.java:2078)
        at org.eclipse.jetty.util.BlockingArrayQueue.poll(BlockingArrayQueue.java:392)
        at org.eclipse.jetty.util.thread.QueuedThreadPool.idleJobPoll(QueuedThreadPool.java:563)
        at org.eclipse.jetty.util.thread.QueuedThreadPool.access$800(QueuedThreadPool.java:48)
        at org.eclipse.jetty.util.thread.QueuedThreadPool$2.run(QueuedThreadPool.java:626)
        at java.lang.Thread.run(Thread.java:748)
"nioEventLoopGroup-6-1"  prio=10 tid=231 runnable
java.lang.Thread.State: RUNNABLE
        at sun.nio.ch.EPollArrayWrapper.epollWait(Native Method)
        at sun.nio.ch.EPollArrayWrapper.poll(EPollArrayWrapper.java:269)
        at sun.nio.ch.EPollSelectorImpl.doSelect(EPollSelectorImpl.java:93)
        at sun.nio.ch.SelectorImpl.lockAndDoSelect(SelectorImpl.java:86)
        at sun.nio.ch.SelectorImpl.select(SelectorImpl.java:97)
        at io.netty.channel.nio.SelectedSelectionKeySetSelector.select(SelectedSelectionKeySetSelector.java:62)
        at io.netty.channel.nio.NioEventLoop.select(NioEventLoop.java:753)
        at io.netty.channel.nio.NioEventLoop.run(NioEventLoop.java:408)
        at io.netty.util.concurrent.SingleThreadEventExecutor$5.run(SingleThreadEventExecutor.java:897)
        at io.netty.util.concurrent.FastThreadLocalRunnable.run(FastThreadLocalRunnable.java:30)
        at java.lang.Thread.run(Thread.java:748)
"IPC Server handler 17 on 42937" daemon prio=5 tid=131 timed_waiting
java.lang.Thread.State: TIMED_WAITING
        at sun.misc.Unsafe.park(Native Method)
        at java.util.concurrent.locks.LockSupport.parkNanos(LockSupport.java:215)
        at java.util.concurrent.locks.AbstractQueuedSynchronizer$ConditionObject.awaitNanos(AbstractQueuedSynchronizer.java:2078)
        at java.util.concurrent.LinkedBlockingQueue.poll(LinkedBlockingQueue.java:467)
        at org.apache.hadoop.ipc.CallQueueManager.take(CallQueueManager.java:288)
        at org.apache.hadoop.ipc.Server$Handler.run(Server.java:2668)
"Signal Dispatcher" daemon prio=9 tid=4 runnable
java.lang.Thread.State: RUNNABLE
"pool-68-thread-20"  prio=5 tid=411 in Object.wait()
java.lang.Thread.State: WAITING (on object monitor)
        at sun.misc.Unsafe.park(Native Method)
        at java.util.concurrent.locks.LockSupport.park(LockSupport.java:175)
        at java.util.concurrent.locks.AbstractQueuedSynchronizer$ConditionObject.await(AbstractQueuedSynchronizer.java:2039)
        at java.util.concurrent.ArrayBlockingQueue.take(ArrayBlockingQueue.java:403)
        at java.util.concurrent.ThreadPoolExecutor.getTask(ThreadPoolExecutor.java:1074)
        at java.util.concurrent.ThreadPoolExecutor.runWorker(ThreadPoolExecutor.java:1134)
        at java.util.concurrent.ThreadPoolExecutor$Worker.run(ThreadPoolExecutor.java:624)
        at java.lang.Thread.run(Thread.java:748)
"pool-89-thread-35"  prio=5 tid=486 in Object.wait()
java.lang.Thread.State: WAITING (on object monitor)
        at sun.misc.Unsafe.park(Native Method)
        at java.util.concurrent.locks.LockSupport.park(LockSupport.java:175)
        at java.util.concurrent.locks.AbstractQueuedSynchronizer$ConditionObject.await(AbstractQueuedSynchronizer.java:2039)
        at java.util.concurrent.ArrayBlockingQueue.take(ArrayBlockingQueue.java:403)
        at java.util.concurrent.ThreadPoolExecutor.getTask(ThreadPoolExecutor.java:1074)
        at java.util.concurrent.ThreadPoolExecutor.runWorker(ThreadPoolExecutor.java:1134)
        at java.util.concurrent.ThreadPoolExecutor$Worker.run(ThreadPoolExecutor.java:624)
        at java.lang.Thread.run(Thread.java:748)
"BlockDeletingService#0" daemon prio=5 tid=247 in Object.wait()
java.lang.Thread.State: WAITING (on object monitor)
        at sun.misc.Unsafe.park(Native Method)
        at java.util.concurrent.locks.LockSupport.park(LockSupport.java:175)
        at java.util.concurrent.locks.AbstractQueuedSynchronizer$ConditionObject.await(AbstractQueuedSynchronizer.java:2039)
        at java.util.concurrent.ScheduledThreadPoolExecutor$DelayedWorkQueue.take(ScheduledThreadPoolExecutor.java:1088)
        at java.util.concurrent.ScheduledThreadPoolExecutor$DelayedWorkQueue.take(ScheduledThreadPoolExecutor.java:809)
        at java.util.concurrent.ThreadPoolExecutor.getTask(ThreadPoolExecutor.java:1074)
        at java.util.concurrent.ThreadPoolExecutor.runWorker(ThreadPoolExecutor.java:1134)
        at java.util.concurrent.ThreadPoolExecutor$Worker.run(ThreadPoolExecutor.java:624)
        at java.lang.Thread.run(Thread.java:748)
"IPC Server handler 16 on 42937" daemon prio=5 tid=130 timed_waiting
java.lang.Thread.State: TIMED_WAITING
        at sun.misc.Unsafe.park(Native Method)
        at java.util.concurrent.locks.LockSupport.parkNanos(LockSupport.java:215)
        at java.util.concurrent.locks.AbstractQueuedSynchronizer$ConditionObject.awaitNanos(AbstractQueuedSynchronizer.java:2078)
        at java.util.concurrent.LinkedBlockingQueue.poll(LinkedBlockingQueue.java:467)
        at org.apache.hadoop.ipc.CallQueueManager.take(CallQueueManager.java:288)
        at org.apache.hadoop.ipc.Server$Handler.run(Server.java:2668)
"IPC Server handler 12 on 43271" daemon prio=5 tid=62 timed_waiting
java.lang.Thread.State: TIMED_WAITING
        at sun.misc.Unsafe.park(Native Method)
        at java.util.concurrent.locks.LockSupport.parkNanos(LockSupport.java:215)
        at java.util.concurrent.locks.AbstractQueuedSynchronizer$ConditionObject.awaitNanos(AbstractQueuedSynchronizer.java:2078)
        at java.util.concurrent.LinkedBlockingQueue.poll(LinkedBlockingQueue.java:467)
        at org.apache.hadoop.ipc.CallQueueManager.take(CallQueueManager.java:288)
        at org.apache.hadoop.ipc.Server$Handler.run(Server.java:2668)
"pool-89-thread-1"  prio=5 tid=452 in Object.wait()
java.lang.Thread.State: WAITING (on object monitor)
        at sun.misc.Unsafe.park(Native Method)
        at java.util.concurrent.locks.LockSupport.park(LockSupport.java:175)
        at java.util.concurrent.locks.AbstractQueuedSynchronizer$ConditionObject.await(AbstractQueuedSynchronizer.java:2039)
        at java.util.concurrent.ArrayBlockingQueue.take(ArrayBlockingQueue.java:403)
        at java.util.concurrent.ThreadPoolExecutor.getTask(ThreadPoolExecutor.java:1074)
        at java.util.concurrent.ThreadPoolExecutor.runWorker(ThreadPoolExecutor.java:1134)
        at java.util.concurrent.ThreadPoolExecutor$Worker.run(ThreadPoolExecutor.java:624)
        at java.lang.Thread.run(Thread.java:748)
"Datanode ReportManager Thread - 0" daemon prio=5 tid=233 in Object.wait()
java.lang.Thread.State: WAITING (on object monitor)
        at sun.misc.Unsafe.park(Native Method)
        at java.util.concurrent.locks.LockSupport.park(LockSupport.java:175)
        at java.util.concurrent.locks.AbstractQueuedSynchronizer$ConditionObject.await(AbstractQueuedSynchronizer.java:2039)
        at java.util.concurrent.ScheduledThreadPoolExecutor$DelayedWorkQueue.take(ScheduledThreadPoolExecutor.java:1088)
        at java.util.concurrent.ScheduledThreadPoolExecutor$DelayedWorkQueue.take(ScheduledThreadPoolExecutor.java:809)
        at java.util.concurrent.ThreadPoolExecutor.getTask(ThreadPoolExecutor.java:1074)
        at java.util.concurrent.ThreadPoolExecutor.runWorker(ThreadPoolExecutor.java:1134)
        at java.util.concurrent.ThreadPoolExecutor$Worker.run(ThreadPoolExecutor.java:624)
        at java.lang.Thread.run(Thread.java:748)
"pool-89-thread-27"  prio=5 tid=478 in Object.wait()
java.lang.Thread.State: WAITING (on object monitor)
        at sun.misc.Unsafe.park(Native Method)
        at java.util.concurrent.locks.LockSupport.park(LockSupport.java:175)
        at java.util.concurrent.locks.AbstractQueuedSynchronizer$ConditionObject.await(AbstractQueuedSynchronizer.java:2039)
        at java.util.concurrent.ArrayBlockingQueue.take(ArrayBlockingQueue.java:403)
        at java.util.concurrent.ThreadPoolExecutor.getTask(ThreadPoolExecutor.java:1074)
        at java.util.concurrent.ThreadPoolExecutor.runWorker(ThreadPoolExecutor.java:1134)
        at java.util.concurrent.ThreadPoolExecutor$Worker.run(ThreadPoolExecutor.java:624)
        at java.lang.Thread.run(Thread.java:748)
"pool-89-thread-51"  prio=5 tid=502 in Object.wait()
java.lang.Thread.State: WAITING (on object monitor)
        at sun.misc.Unsafe.park(Native Method)
        at java.util.concurrent.locks.LockSupport.park(LockSupport.java:175)
        at java.util.concurrent.locks.AbstractQueuedSynchronizer$ConditionObject.await(AbstractQueuedSynchronizer.java:2039)
        at java.util.concurrent.ArrayBlockingQueue.take(ArrayBlockingQueue.java:403)
        at java.util.concurrent.ThreadPoolExecutor.getTask(ThreadPoolExecutor.java:1074)
        at java.util.concurrent.ThreadPoolExecutor.runWorker(ThreadPoolExecutor.java:1134)
        at java.util.concurrent.ThreadPoolExecutor$Worker.run(ThreadPoolExecutor.java:624)
        at java.lang.Thread.run(Thread.java:748)
"Datanode State Machine Thread - 0" daemon prio=5 tid=212 timed_waiting
java.lang.Thread.State: TIMED_WAITING
        at sun.misc.Unsafe.park(Native Method)
        at java.util.concurrent.locks.LockSupport.parkNanos(LockSupport.java:215)
        at java.util.concurrent.SynchronousQueue$TransferStack.awaitFulfill(SynchronousQueue.java:460)
        at java.util.concurrent.SynchronousQueue$TransferStack.transfer(SynchronousQueue.java:362)
        at java.util.concurrent.SynchronousQueue.poll(SynchronousQueue.java:941)
        at java.util.concurrent.ThreadPoolExecutor.getTask(ThreadPoolExecutor.java:1073)
        at java.util.concurrent.ThreadPoolExecutor.runWorker(ThreadPoolExecutor.java:1134)
        at java.util.concurrent.ThreadPoolExecutor$Worker.run(ThreadPoolExecutor.java:624)
        at java.lang.Thread.run(Thread.java:748)
"IPC Server handler 4 on 42937" daemon prio=5 tid=118 timed_waiting
java.lang.Thread.State: TIMED_WAITING
        at sun.misc.Unsafe.park(Native Method)
        at java.util.concurrent.locks.LockSupport.parkNanos(LockSupport.java:215)
        at java.util.concurrent.locks.AbstractQueuedSynchronizer$ConditionObject.awaitNanos(AbstractQueuedSynchronizer.java:2078)
        at java.util.concurrent.LinkedBlockingQueue.poll(LinkedBlockingQueue.java:467)
        at org.apache.hadoop.ipc.CallQueueManager.take(CallQueueManager.java:288)
        at org.apache.hadoop.ipc.Server$Handler.run(Server.java:2668)
"pool-26-thread-56"  prio=5 tid=326 in Object.wait()
java.lang.Thread.State: WAITING (on object monitor)
        at sun.misc.Unsafe.park(Native Method)
        at java.util.concurrent.locks.LockSupport.park(LockSupport.java:175)
        at java.util.concurrent.locks.AbstractQueuedSynchronizer$ConditionObject.await(AbstractQueuedSynchronizer.java:2039)
        at java.util.concurrent.ArrayBlockingQueue.take(ArrayBlockingQueue.java:403)
        at java.util.concurrent.ThreadPoolExecutor.getTask(ThreadPoolExecutor.java:1074)
        at java.util.concurrent.ThreadPoolExecutor.runWorker(ThreadPoolExecutor.java:1134)
        at java.util.concurrent.ThreadPoolExecutor$Worker.run(ThreadPoolExecutor.java:624)
        at java.lang.Thread.run(Thread.java:748)
"org.apache.hadoop.util.JvmPauseMonitor$Monitor@25f7391e" daemon prio=5 tid=102 timed_waiting
java.lang.Thread.State: TIMED_WAITING
        at java.lang.Thread.sleep(Native Method)
        at org.apache.hadoop.util.JvmPauseMonitor$Monitor.run(JvmPauseMonitor.java:192)
        at java.lang.Thread.run(Thread.java:748)
"pool-89-thread-53"  prio=5 tid=504 in Object.wait()
java.lang.Thread.State: WAITING (on object monitor)
        at sun.misc.Unsafe.park(Native Method)
        at java.util.concurrent.locks.LockSupport.park(LockSupport.java:175)
        at java.util.concurrent.locks.AbstractQueuedSynchronizer$ConditionObject.await(AbstractQueuedSynchronizer.java:2039)
        at java.util.concurrent.ArrayBlockingQueue.take(ArrayBlockingQueue.java:403)
        at java.util.concurrent.ThreadPoolExecutor.getTask(ThreadPoolExecutor.java:1074)
        at java.util.concurrent.ThreadPoolExecutor.runWorker(ThreadPoolExecutor.java:1134)
        at java.util.concurrent.ThreadPoolExecutor$Worker.run(ThreadPoolExecutor.java:624)
        at java.lang.Thread.run(Thread.java:748)
"qtp1366212088-138" daemon prio=5 tid=138 timed_waiting
java.lang.Thread.State: TIMED_WAITING
        at sun.misc.Unsafe.park(Native Method)
        at java.util.concurrent.locks.LockSupport.parkNanos(LockSupport.java:215)
        at java.util.concurrent.locks.AbstractQueuedSynchronizer$ConditionObject.awaitNanos(AbstractQueuedSynchronizer.java:2078)
        at org.eclipse.jetty.util.BlockingArrayQueue.poll(BlockingArrayQueue.java:392)
        at org.eclipse.jetty.util.thread.QueuedThreadPool.idleJobPoll(QueuedThreadPool.java:563)
        at org.eclipse.jetty.util.thread.QueuedThreadPool.access$800(QueuedThreadPool.java:48)
        at org.eclipse.jetty.util.thread.QueuedThreadPool$2.run(QueuedThreadPool.java:626)
        at java.lang.Thread.run(Thread.java:748)
"pool-68-thread-18"  prio=5 tid=409 in Object.wait()
java.lang.Thread.State: WAITING (on object monitor)
        at sun.misc.Unsafe.park(Native Method)
        at java.util.concurrent.locks.LockSupport.park(LockSupport.java:175)
        at java.util.concurrent.locks.AbstractQueuedSynchronizer$ConditionObject.await(AbstractQueuedSynchronizer.java:2039)
        at java.util.concurrent.ArrayBlockingQueue.take(ArrayBlockingQueue.java:403)
        at java.util.concurrent.ThreadPoolExecutor.getTask(ThreadPoolExecutor.java:1074)
        at java.util.concurrent.ThreadPoolExecutor.runWorker(ThreadPoolExecutor.java:1134)
        at java.util.concurrent.ThreadPoolExecutor$Worker.run(ThreadPoolExecutor.java:624)
        at java.lang.Thread.run(Thread.java:748)
"Datanode State Machine Thread - 0" daemon prio=5 tid=172 timed_waiting
java.lang.Thread.State: TIMED_WAITING
        at java.lang.Thread.sleep(Native Method)
        at org.apache.hadoop.ozone.container.common.statemachine.DatanodeStateMachine.start(DatanodeStateMachine.java:191)
        at org.apache.hadoop.ozone.container.common.statemachine.DatanodeStateMachine.lambda$startDaemon$0(DatanodeStateMachine.java:349)
        at org.apache.hadoop.ozone.container.common.statemachine.DatanodeStateMachine$$Lambda$139/90628418.run(Unknown Source)
        at java.lang.Thread.run(Thread.java:748)
"pool-26-thread-49"  prio=5 tid=319 in Object.wait()
java.lang.Thread.State: WAITING (on object monitor)
        at sun.misc.Unsafe.park(Native Method)
        at java.util.concurrent.locks.LockSupport.park(LockSupport.java:175)
        at java.util.concurrent.locks.AbstractQueuedSynchronizer$ConditionObject.await(AbstractQueuedSynchronizer.java:2039)
        at java.util.concurrent.ArrayBlockingQueue.take(ArrayBlockingQueue.java:403)
        at java.util.concurrent.ThreadPoolExecutor.getTask(ThreadPoolExecutor.java:1074)
        at java.util.concurrent.ThreadPoolExecutor.runWorker(ThreadPoolExecutor.java:1134)
        at java.util.concurrent.ThreadPoolExecutor$Worker.run(ThreadPoolExecutor.java:624)
        at java.lang.Thread.run(Thread.java:748)
"org.eclipse.jetty.server.session.HashSessionManager@27f3f512Timer" daemon prio=5 tid=198 timed_waiting
java.lang.Thread.State: TIMED_WAITING
        at sun.misc.Unsafe.park(Native Method)
        at java.util.concurrent.locks.LockSupport.parkNanos(LockSupport.java:215)
        at java.util.concurrent.locks.AbstractQueuedSynchronizer$ConditionObject.awaitNanos(AbstractQueuedSynchronizer.java:2078)
        at java.util.concurrent.ScheduledThreadPoolExecutor$DelayedWorkQueue.take(ScheduledThreadPoolExecutor.java:1093)
        at java.util.concurrent.ScheduledThreadPoolExecutor$DelayedWorkQueue.take(ScheduledThreadPoolExecutor.java:809)
        at java.util.concurrent.ThreadPoolExecutor.getTask(ThreadPoolExecutor.java:1074)
        at java.util.concurrent.ThreadPoolExecutor.runWorker(ThreadPoolExecutor.java:1134)
        at java.util.concurrent.ThreadPoolExecutor$Worker.run(ThreadPoolExecutor.java:624)
        at java.lang.Thread.run(Thread.java:748)
"qtp1018742990-162" daemon prio=5 tid=162 timed_waiting
java.lang.Thread.State: TIMED_WAITING
        at sun.misc.Unsafe.park(Native Method)
        at java.util.concurrent.locks.LockSupport.parkNanos(LockSupport.java:215)
        at java.util.concurrent.locks.AbstractQueuedSynchronizer$ConditionObject.awaitNanos(AbstractQueuedSynchronizer.java:2078)
        at org.eclipse.jetty.util.BlockingArrayQueue.poll(BlockingArrayQueue.java:392)
        at org.eclipse.jetty.util.thread.QueuedThreadPool.idleJobPoll(QueuedThreadPool.java:563)
        at org.eclipse.jetty.util.thread.QueuedThreadPool.access$800(QueuedThreadPool.java:48)
        at org.eclipse.jetty.util.thread.QueuedThreadPool$2.run(QueuedThreadPool.java:626)
        at java.lang.Thread.run(Thread.java:748)
"EventQueue-PipelineReportForPipelineReportHandler" daemon prio=5 tid=517 in Object.wait()
java.lang.Thread.State: WAITING (on object monitor)
        at sun.misc.Unsafe.park(Native Method)
        at java.util.concurrent.locks.LockSupport.park(LockSupport.java:175)
        at java.util.concurrent.locks.AbstractQueuedSynchronizer$ConditionObject.await(AbstractQueuedSynchronizer.java:2039)
        at java.util.concurrent.LinkedBlockingQueue.take(LinkedBlockingQueue.java:442)
        at java.util.concurrent.ThreadPoolExecutor.getTask(ThreadPoolExecutor.java:1074)
        at java.util.concurrent.ThreadPoolExecutor.runWorker(ThreadPoolExecutor.java:1134)
        at java.util.concurrent.ThreadPoolExecutor$Worker.run(ThreadPoolExecutor.java:624)
        at java.lang.Thread.run(Thread.java:748)
"refreshUsed-/opt/src/hadoop-ozone/integration-test/target/test-dir/MiniOzoneClusterImpl-a42d3b4b-e56b-4764-8008-ba5e6c1f637d/datanode-1/data/containers" daemon prio=5 tid=180 timed_waiting
java.lang.Thread.State: TIMED_WAITING
        at java.lang.Thread.sleep(Native Method)
        at org.apache.hadoop.fs.CachingGetSpaceUsed$RefreshThread.run(CachingGetSpaceUsed.java:179)
        at java.lang.Thread.run(Thread.java:748)
"IPC Server listener on 42937" daemon prio=5 tid=106 runnable
java.lang.Thread.State: RUNNABLE
        at sun.nio.ch.EPollArrayWrapper.epollWait(Native Method)
        at sun.nio.ch.EPollArrayWrapper.poll(EPollArrayWrapper.java:269)
        at sun.nio.ch.EPollSelectorImpl.doSelect(EPollSelectorImpl.java:93)
        at sun.nio.ch.SelectorImpl.lockAndDoSelect(SelectorImpl.java:86)
        at sun.nio.ch.SelectorImpl.select(SelectorImpl.java:97)
        at sun.nio.ch.SelectorImpl.select(SelectorImpl.java:101)
        at org.apache.hadoop.ipc.Server$Listener.run(Server.java:1159)
"pool-89-thread-60"  prio=5 tid=511 in Object.wait()
java.lang.Thread.State: WAITING (on object monitor)
        at sun.misc.Unsafe.park(Native Method)
        at java.util.concurrent.locks.LockSupport.park(LockSupport.java:175)
        at java.util.concurrent.locks.AbstractQueuedSynchronizer$ConditionObject.await(AbstractQueuedSynchronizer.java:2039)
        at java.util.concurrent.ArrayBlockingQueue.take(ArrayBlockingQueue.java:403)
        at java.util.concurrent.ThreadPoolExecutor.getTask(ThreadPoolExecutor.java:1074)
        at java.util.concurrent.ThreadPoolExecutor.runWorker(ThreadPoolExecutor.java:1134)
        at java.util.concurrent.ThreadPoolExecutor$Worker.run(ThreadPoolExecutor.java:624)
        at java.lang.Thread.run(Thread.java:748)
"IPC Server handler 8 on 40125" daemon prio=5 tid=38 timed_waiting
java.lang.Thread.State: TIMED_WAITING
        at sun.misc.Unsafe.park(Native Method)
        at java.util.concurrent.locks.LockSupport.parkNanos(LockSupport.java:215)
        at java.util.concurrent.locks.AbstractQueuedSynchronizer$ConditionObject.awaitNanos(AbstractQueuedSynchronizer.java:2078)
        at java.util.concurrent.LinkedBlockingQueue.poll(LinkedBlockingQueue.java:467)
        at org.apache.hadoop.ipc.CallQueueManager.take(CallQueueManager.java:288)
        at org.apache.hadoop.ipc.Server$Handler.run(Server.java:2668)
"pool-68-thread-5"  prio=5 tid=396 in Object.wait()
java.lang.Thread.State: WAITING (on object monitor)
        at sun.misc.Unsafe.park(Native Method)
        at java.util.concurrent.locks.LockSupport.park(LockSupport.java:175)
        at java.util.concurrent.locks.AbstractQueuedSynchronizer$ConditionObject.await(AbstractQueuedSynchronizer.java:2039)
        at java.util.concurrent.ArrayBlockingQueue.take(ArrayBlockingQueue.java:403)
        at java.util.concurrent.ThreadPoolExecutor.getTask(ThreadPoolExecutor.java:1074)
        at java.util.concurrent.ThreadPoolExecutor.runWorker(ThreadPoolExecutor.java:1134)
        at java.util.concurrent.ThreadPoolExecutor$Worker.run(ThreadPoolExecutor.java:624)
        at java.lang.Thread.run(Thread.java:748)
"qtp1026506187-220" daemon prio=5 tid=220 runnable
java.lang.Thread.State: RUNNABLE
        at sun.nio.ch.EPollArrayWrapper.epollWait(Native Method)
        at sun.nio.ch.EPollArrayWrapper.poll(EPollArrayWrapper.java:269)
        at sun.nio.ch.EPollSelectorImpl.doSelect(EPollSelectorImpl.java:93)
        at sun.nio.ch.SelectorImpl.lockAndDoSelect(SelectorImpl.java:86)
        at sun.nio.ch.SelectorImpl.select(SelectorImpl.java:97)
        at sun.nio.ch.SelectorImpl.select(SelectorImpl.java:101)
        at org.eclipse.jetty.io.ManagedSelector$SelectorProducer.select(ManagedSelector.java:243)
        at org.eclipse.jetty.io.ManagedSelector$SelectorProducer.produce(ManagedSelector.java:191)
        at org.eclipse.jetty.util.thread.strategy.ExecuteProduceConsume.executeProduceConsume(ExecuteProduceConsume.java:249)
        at org.eclipse.jetty.util.thread.strategy.ExecuteProduceConsume.produceConsume(ExecuteProduceConsume.java:148)
        at org.eclipse.jetty.util.thread.strategy.ExecuteProduceConsume.execute(ExecuteProduceConsume.java:100)
        at org.eclipse.jetty.io.ManagedSelector.run(ManagedSelector.java:147)
        at org.eclipse.jetty.util.thread.QueuedThreadPool.runJob(QueuedThreadPool.java:671)
        at org.eclipse.jetty.util.thread.QueuedThreadPool$2.run(QueuedThreadPool.java:589)
        at java.lang.Thread.run(Thread.java:748)
"refreshUsed-/opt/src/hadoop-ozone/integration-test/target/test-dir/MiniOzoneClusterImpl-a42d3b4b-e56b-4764-8008-ba5e6c1f637d/datanode-3/data/containers" daemon prio=5 tid=243 timed_waiting
java.lang.Thread.State: TIMED_WAITING
        at java.lang.Thread.sleep(Native Method)
        at org.apache.hadoop.fs.CachingGetSpaceUsed$RefreshThread.run(CachingGetSpaceUsed.java:179)
        at java.lang.Thread.run(Thread.java:748)
"pool-89-thread-44"  prio=5 tid=495 in Object.wait()
java.lang.Thread.State: WAITING (on object monitor)
        at sun.misc.Unsafe.park(Native Method)
        at java.util.concurrent.locks.LockSupport.park(LockSupport.java:175)
        at java.util.concurrent.locks.AbstractQueuedSynchronizer$ConditionObject.await(AbstractQueuedSynchronizer.java:2039)
        at java.util.concurrent.ArrayBlockingQueue.take(ArrayBlockingQueue.java:403)
        at java.util.concurrent.ThreadPoolExecutor.getTask(ThreadPoolExecutor.java:1074)
        at java.util.concurrent.ThreadPoolExecutor.runWorker(ThreadPoolExecutor.java:1134)
        at java.util.concurrent.ThreadPoolExecutor$Worker.run(ThreadPoolExecutor.java:624)
        at java.lang.Thread.run(Thread.java:748)
"pool-26-thread-52"  prio=5 tid=322 in Object.wait()
java.lang.Thread.State: WAITING (on object monitor)
        at sun.misc.Unsafe.park(Native Method)
        at java.util.concurrent.locks.LockSupport.park(LockSupport.java:175)
        at java.util.concurrent.locks.AbstractQueuedSynchronizer$ConditionObject.await(AbstractQueuedSynchronizer.java:2039)
        at java.util.concurrent.ArrayBlockingQueue.take(ArrayBlockingQueue.java:403)
        at java.util.concurrent.ThreadPoolExecutor.getTask(ThreadPoolExecutor.java:1074)
        at java.util.concurrent.ThreadPoolExecutor.runWorker(ThreadPoolExecutor.java:1134)
        at java.util.concurrent.ThreadPoolExecutor$Worker.run(ThreadPoolExecutor.java:624)
        at java.lang.Thread.run(Thread.java:748)
"pool-89-thread-22"  prio=5 tid=473 in Object.wait()
java.lang.Thread.State: WAITING (on object monitor)
        at sun.misc.Unsafe.park(Native Method)
        at java.util.concurrent.locks.LockSupport.park(LockSupport.java:175)
        at java.util.concurrent.locks.AbstractQueuedSynchronizer$ConditionObject.await(AbstractQueuedSynchronizer.java:2039)
        at java.util.concurrent.ArrayBlockingQueue.take(ArrayBlockingQueue.java:403)
        at java.util.concurrent.ThreadPoolExecutor.getTask(ThreadPoolExecutor.java:1074)
        at java.util.concurrent.ThreadPoolExecutor.runWorker(ThreadPoolExecutor.java:1134)
        at java.util.concurrent.ThreadPoolExecutor$Worker.run(ThreadPoolExecutor.java:624)
        at java.lang.Thread.run(Thread.java:748)
"pool-89-thread-20"  prio=5 tid=471 in Object.wait()
java.lang.Thread.State: WAITING (on object monitor)
        at sun.misc.Unsafe.park(Native Method)
        at java.util.concurrent.locks.LockSupport.park(LockSupport.java:175)
        at java.util.concurrent.locks.AbstractQueuedSynchronizer$ConditionObject.await(AbstractQueuedSynchronizer.java:2039)
        at java.util.concurrent.ArrayBlockingQueue.take(ArrayBlockingQueue.java:403)
        at java.util.concurrent.ThreadPoolExecutor.getTask(ThreadPoolExecutor.java:1074)
        at java.util.concurrent.ThreadPoolExecutor.runWorker(ThreadPoolExecutor.java:1134)
        at java.util.concurrent.ThreadPoolExecutor$Worker.run(ThreadPoolExecutor.java:624)
        at java.lang.Thread.run(Thread.java:748)
"pool-68-thread-10"  prio=5 tid=401 in Object.wait()
java.lang.Thread.State: WAITING (on object monitor)
        at sun.misc.Unsafe.park(Native Method)
        at java.util.concurrent.locks.LockSupport.park(LockSupport.java:175)
        at java.util.concurrent.locks.AbstractQueuedSynchronizer$ConditionObject.await(AbstractQueuedSynchronizer.java:2039)
        at java.util.concurrent.ArrayBlockingQueue.take(ArrayBlockingQueue.java:403)
        at java.util.concurrent.ThreadPoolExecutor.getTask(ThreadPoolExecutor.java:1074)
        at java.util.concurrent.ThreadPoolExecutor.runWorker(ThreadPoolExecutor.java:1134)
        at java.util.concurrent.ThreadPoolExecutor$Worker.run(ThreadPoolExecutor.java:624)
        at java.lang.Thread.run(Thread.java:748)
"org.eclipse.jetty.server.session.HashSessionManager@740dcae3Timer" daemon prio=5 tid=230 timed_waiting
java.lang.Thread.State: TIMED_WAITING
        at sun.misc.Unsafe.park(Native Method)
        at java.util.concurrent.locks.LockSupport.parkNanos(LockSupport.java:215)
        at java.util.concurrent.locks.AbstractQueuedSynchronizer$ConditionObject.awaitNanos(AbstractQueuedSynchronizer.java:2078)
        at java.util.concurrent.ScheduledThreadPoolExecutor$DelayedWorkQueue.take(ScheduledThreadPoolExecutor.java:1093)
        at java.util.concurrent.ScheduledThreadPoolExecutor$DelayedWorkQueue.take(ScheduledThreadPoolExecutor.java:809)
        at java.util.concurrent.ThreadPoolExecutor.getTask(ThreadPoolExecutor.java:1074)
        at java.util.concurrent.ThreadPoolExecutor.runWorker(ThreadPoolExecutor.java:1134)
        at java.util.concurrent.ThreadPoolExecutor$Worker.run(ThreadPoolExecutor.java:624)
        at java.lang.Thread.run(Thread.java:748)
"nioEventLoopGroup-4-1"  prio=10 tid=201 runnable
java.lang.Thread.State: RUNNABLE
        at sun.nio.ch.EPollArrayWrapper.epollWait(Native Method)
        at sun.nio.ch.EPollArrayWrapper.poll(EPollArrayWrapper.java:269)
        at sun.nio.ch.EPollSelectorImpl.doSelect(EPollSelectorImpl.java:93)
        at sun.nio.ch.SelectorImpl.lockAndDoSelect(SelectorImpl.java:86)
        at sun.nio.ch.SelectorImpl.select(SelectorImpl.java:97)
        at io.netty.channel.nio.SelectedSelectionKeySetSelector.select(SelectedSelectionKeySetSelector.java:62)
        at io.netty.channel.nio.NioEventLoop.select(NioEventLoop.java:753)
        at io.netty.channel.nio.NioEventLoop.run(NioEventLoop.java:408)
        at io.netty.util.concurrent.SingleThreadEventExecutor$5.run(SingleThreadEventExecutor.java:897)
        at io.netty.util.concurrent.FastThreadLocalRunnable.run(FastThreadLocalRunnable.java:30)
        at java.lang.Thread.run(Thread.java:748)
"BlockDeletingService#0" daemon prio=5 tid=157 in Object.wait()
java.lang.Thread.State: WAITING (on object monitor)
        at sun.misc.Unsafe.park(Native Method)
        at java.util.concurrent.locks.LockSupport.park(LockSupport.java:175)
        at java.util.concurrent.locks.AbstractQueuedSynchronizer$ConditionObject.await(AbstractQueuedSynchronizer.java:2039)
        at java.util.concurrent.ScheduledThreadPoolExecutor$DelayedWorkQueue.take(ScheduledThreadPoolExecutor.java:1088)
        at java.util.concurrent.ScheduledThreadPoolExecutor$DelayedWorkQueue.take(ScheduledThreadPoolExecutor.java:809)
        at java.util.concurrent.ThreadPoolExecutor.getTask(ThreadPoolExecutor.java:1074)
        at java.util.concurrent.ThreadPoolExecutor.runWorker(ThreadPoolExecutor.java:1134)
        at java.util.concurrent.ThreadPoolExecutor$Worker.run(ThreadPoolExecutor.java:624)
        at java.lang.Thread.run(Thread.java:748)
"IPC Server listener on 34963" daemon prio=5 tid=15 runnable
java.lang.Thread.State: RUNNABLE
        at sun.nio.ch.EPollArrayWrapper.epollWait(Native Method)
        at sun.nio.ch.EPollArrayWrapper.poll(EPollArrayWrapper.java:269)
        at sun.nio.ch.EPollSelectorImpl.doSelect(EPollSelectorImpl.java:93)
        at sun.nio.ch.SelectorImpl.lockAndDoSelect(SelectorImpl.java:86)
        at sun.nio.ch.SelectorImpl.select(SelectorImpl.java:97)
        at sun.nio.ch.SelectorImpl.select(SelectorImpl.java:101)
        at org.apache.hadoop.ipc.Server$Listener.run(Server.java:1159)
"Datanode State Machine Thread - 0" daemon prio=5 tid=202 timed_waiting
java.lang.Thread.State: TIMED_WAITING
        at java.lang.Thread.sleep(Native Method)
        at org.apache.hadoop.ozone.container.common.statemachine.DatanodeStateMachine.start(DatanodeStateMachine.java:191)
        at org.apache.hadoop.ozone.container.common.statemachine.DatanodeStateMachine.lambda$startDaemon$0(DatanodeStateMachine.java:349)
        at org.apache.hadoop.ozone.container.common.statemachine.DatanodeStateMachine$$Lambda$139/90628418.run(Unknown Source)
        at java.lang.Thread.run(Thread.java:748)
"pool-89-thread-54"  prio=5 tid=505 in Object.wait()
java.lang.Thread.State: WAITING (on object monitor)
        at sun.misc.Unsafe.park(Native Method)
        at java.util.concurrent.locks.LockSupport.park(LockSupport.java:175)
        at java.util.concurrent.locks.AbstractQueuedSynchronizer$ConditionObject.await(AbstractQueuedSynchronizer.java:2039)
        at java.util.concurrent.ArrayBlockingQueue.take(ArrayBlockingQueue.java:403)
        at java.util.concurrent.ThreadPoolExecutor.getTask(ThreadPoolExecutor.java:1074)
        at java.util.concurrent.ThreadPoolExecutor.runWorker(ThreadPoolExecutor.java:1134)
        at java.util.concurrent.ThreadPoolExecutor$Worker.run(ThreadPoolExecutor.java:624)
        at java.lang.Thread.run(Thread.java:748)
"Thread-222" daemon prio=5 tid=567 timed_waiting
java.lang.Thread.State: TIMED_WAITING
        at sun.misc.Unsafe.park(Native Method)
        at java.util.concurrent.locks.LockSupport.parkNanos(LockSupport.java:215)
        at java.util.concurrent.locks.AbstractQueuedSynchronizer$ConditionObject.awaitNanos(AbstractQueuedSynchronizer.java:2078)
        at java.util.concurrent.ArrayBlockingQueue.poll(ArrayBlockingQueue.java:418)
        at org.apache.ratis.server.impl.LeaderState$EventQueue.poll(LeaderState.java:114)
        at org.apache.ratis.server.impl.LeaderState$EventProcessor.run(LeaderState.java:438)
"EventQueue-NodeRegistrationContainerReportForContainerSafeModeRule" daemon prio=5 tid=514 in Object.wait()
java.lang.Thread.State: WAITING (on object monitor)
        at sun.misc.Unsafe.park(Native Method)
        at java.util.concurrent.locks.LockSupport.park(LockSupport.java:175)
        at java.util.concurrent.locks.AbstractQueuedSynchronizer$ConditionObject.await(AbstractQueuedSynchronizer.java:2039)
        at java.util.concurrent.LinkedBlockingQueue.take(LinkedBlockingQueue.java:442)
        at java.util.concurrent.ThreadPoolExecutor.getTask(ThreadPoolExecutor.java:1074)
        at java.util.concurrent.ThreadPoolExecutor.runWorker(ThreadPoolExecutor.java:1134)
        at java.util.concurrent.ThreadPoolExecutor$Worker.run(ThreadPoolExecutor.java:624)
        at java.lang.Thread.run(Thread.java:748)
"pool-89-thread-59"  prio=5 tid=510 in Object.wait()
java.lang.Thread.State: WAITING (on object monitor)
        at sun.misc.Unsafe.park(Native Method)
        at java.util.concurrent.locks.LockSupport.park(LockSupport.java:175)
        at java.util.concurrent.locks.AbstractQueuedSynchronizer$ConditionObject.await(AbstractQueuedSynchronizer.java:2039)
        at java.util.concurrent.ArrayBlockingQueue.take(ArrayBlockingQueue.java:403)
        at java.util.concurrent.ThreadPoolExecutor.getTask(ThreadPoolExecutor.java:1074)
        at java.util.concurrent.ThreadPoolExecutor.runWorker(ThreadPoolExecutor.java:1134)
        at java.util.concurrent.ThreadPoolExecutor$Worker.run(ThreadPoolExecutor.java:624)
        at java.lang.Thread.run(Thread.java:748)
"pool-68-thread-42"  prio=5 tid=433 in Object.wait()
java.lang.Thread.State: WAITING (on object monitor)
        at sun.misc.Unsafe.park(Native Method)
        at java.util.concurrent.locks.LockSupport.park(LockSupport.java:175)
        at java.util.concurrent.locks.AbstractQueuedSynchronizer$ConditionObject.await(AbstractQueuedSynchronizer.java:2039)
        at java.util.concurrent.ArrayBlockingQueue.take(ArrayBlockingQueue.java:403)
        at java.util.concurrent.ThreadPoolExecutor.getTask(ThreadPoolExecutor.java:1074)
        at java.util.concurrent.ThreadPoolExecutor.runWorker(ThreadPoolExecutor.java:1134)
        at java.util.concurrent.ThreadPoolExecutor$Worker.run(ThreadPoolExecutor.java:624)
        at java.lang.Thread.run(Thread.java:748)
"pool-68-thread-16"  prio=5 tid=407 in Object.wait()
java.lang.Thread.State: WAITING (on object monitor)
        at sun.misc.Unsafe.park(Native Method)
        at java.util.concurrent.locks.LockSupport.park(LockSupport.java:175)
        at java.util.concurrent.locks.AbstractQueuedSynchronizer$ConditionObject.await(AbstractQueuedSynchronizer.java:2039)
        at java.util.concurrent.ArrayBlockingQueue.take(ArrayBlockingQueue.java:403)
        at java.util.concurrent.ThreadPoolExecutor.getTask(ThreadPoolExecutor.java:1074)
        at java.util.concurrent.ThreadPoolExecutor.runWorker(ThreadPoolExecutor.java:1134)
        at java.util.concurrent.ThreadPoolExecutor$Worker.run(ThreadPoolExecutor.java:624)
        at java.lang.Thread.run(Thread.java:748)
"grpc-default-worker-ELG-3-2" daemon prio=5 tid=523 runnable
java.lang.Thread.State: RUNNABLE
        at sun.nio.ch.EPollArrayWrapper.epollWait(Native Method)
        at sun.nio.ch.EPollArrayWrapper.poll(EPollArrayWrapper.java:269)
        at sun.nio.ch.EPollSelectorImpl.doSelect(EPollSelectorImpl.java:93)
        at sun.nio.ch.SelectorImpl.lockAndDoSelect(SelectorImpl.java:86)
        at sun.nio.ch.SelectorImpl.select(SelectorImpl.java:97)
        at org.apache.ratis.thirdparty.io.netty.channel.nio.SelectedSelectionKeySetSelector.select(SelectedSelectionKeySetSelector.java:62)
        at org.apache.ratis.thirdparty.io.netty.channel.nio.NioEventLoop.select(NioEventLoop.java:753)
        at org.apache.ratis.thirdparty.io.netty.channel.nio.NioEventLoop.run(NioEventLoop.java:408)
        at org.apache.ratis.thirdparty.io.netty.util.concurrent.SingleThreadEventExecutor$5.run(SingleThreadEventExecutor.java:897)
        at org.apache.ratis.thirdparty.io.netty.util.concurrent.FastThreadLocalRunnable.run(FastThreadLocalRunnable.java:30)
        at java.lang.Thread.run(Thread.java:748)
"pool-68-thread-25"  prio=5 tid=416 in Object.wait()
java.lang.Thread.State: WAITING (on object monitor)
        at sun.misc.Unsafe.park(Native Method)
        at java.util.concurrent.locks.LockSupport.park(LockSupport.java:175)
        at java.util.concurrent.locks.AbstractQueuedSynchronizer$ConditionObject.await(AbstractQueuedSynchronizer.java:2039)
        at java.util.concurrent.ArrayBlockingQueue.take(ArrayBlockingQueue.java:403)
        at java.util.concurrent.ThreadPoolExecutor.getTask(ThreadPoolExecutor.java:1074)
        at java.util.concurrent.ThreadPoolExecutor.runWorker(ThreadPoolExecutor.java:1134)
        at java.util.concurrent.ThreadPoolExecutor$Worker.run(ThreadPoolExecutor.java:624)
        at java.lang.Thread.run(Thread.java:748)
"StateMachineUpdater-0648b2e2-fdfc-41ec-97df-bc2f9c4ea8df-group-0258AE879100" daemon prio=5 tid=526 in Object.wait()
java.lang.Thread.State: WAITING (on object monitor)
        at java.lang.Object.wait(Native Method)
        at java.lang.Object.wait(Object.java:502)
        at org.apache.ratis.server.impl.StateMachineUpdater.run(StateMachineUpdater.java:138)
        at java.lang.Thread.run(Thread.java:748)
"pool-47-thread-22"  prio=5 tid=353 in Object.wait()
java.lang.Thread.State: WAITING (on object monitor)
        at sun.misc.Unsafe.park(Native Method)
        at java.util.concurrent.locks.LockSupport.park(LockSupport.java:175)
        at java.util.concurrent.locks.AbstractQueuedSynchronizer$ConditionObject.await(AbstractQueuedSynchronizer.java:2039)
        at java.util.concurrent.ArrayBlockingQueue.take(ArrayBlockingQueue.java:403)
        at java.util.concurrent.ThreadPoolExecutor.getTask(ThreadPoolExecutor.java:1074)
        at java.util.concurrent.ThreadPoolExecutor.runWorker(ThreadPoolExecutor.java:1134)
        at java.util.concurrent.ThreadPoolExecutor$Worker.run(ThreadPoolExecutor.java:624)
        at java.lang.Thread.run(Thread.java:748)
"pool-26-thread-8"  prio=5 tid=278 in Object.wait()
java.lang.Thread.State: WAITING (on object monitor)
        at sun.misc.Unsafe.park(Native Method)
        at java.util.concurrent.locks.LockSupport.park(LockSupport.java:175)
        at java.util.concurrent.locks.AbstractQueuedSynchronizer$ConditionObject.await(AbstractQueuedSynchronizer.java:2039)
        at java.util.concurrent.ArrayBlockingQueue.take(ArrayBlockingQueue.java:403)
        at java.util.concurrent.ThreadPoolExecutor.getTask(ThreadPoolExecutor.java:1074)
        at java.util.concurrent.ThreadPoolExecutor.runWorker(ThreadPoolExecutor.java:1134)
        at java.util.concurrent.ThreadPoolExecutor$Worker.run(ThreadPoolExecutor.java:624)
        at java.lang.Thread.run(Thread.java:748)
"pool-47-thread-60"  prio=5 tid=391 in Object.wait()
java.lang.Thread.State: WAITING (on object monitor)
        at sun.misc.Unsafe.park(Native Method)
        at java.util.concurrent.locks.LockSupport.park(LockSupport.java:175)
        at java.util.concurrent.locks.AbstractQueuedSynchronizer$ConditionObject.await(AbstractQueuedSynchronizer.java:2039)
        at java.util.concurrent.ArrayBlockingQueue.take(ArrayBlockingQueue.java:403)
        at java.util.concurrent.ThreadPoolExecutor.getTask(ThreadPoolExecutor.java:1074)
        at java.util.concurrent.ThreadPoolExecutor.runWorker(ThreadPoolExecutor.java:1134)
        at java.util.concurrent.ThreadPoolExecutor$Worker.run(ThreadPoolExecutor.java:624)
        at java.lang.Thread.run(Thread.java:748)
"qtp1110014943-253" daemon prio=5 tid=253 timed_waiting
java.lang.Thread.State: TIMED_WAITING
        at sun.misc.Unsafe.park(Native Method)
        at java.util.concurrent.locks.LockSupport.parkNanos(LockSupport.java:215)
        at java.util.concurrent.locks.AbstractQueuedSynchronizer$ConditionObject.awaitNanos(AbstractQueuedSynchronizer.java:2078)
        at org.eclipse.jetty.util.BlockingArrayQueue.poll(BlockingArrayQueue.java:392)
        at org.eclipse.jetty.util.thread.QueuedThreadPool.idleJobPoll(QueuedThreadPool.java:563)
        at org.eclipse.jetty.util.thread.QueuedThreadPool.access$800(QueuedThreadPool.java:48)
        at org.eclipse.jetty.util.thread.QueuedThreadPool$2.run(QueuedThreadPool.java:626)
        at java.lang.Thread.run(Thread.java:748)
"Thread-216" daemon prio=5 tid=561 timed_waiting
java.lang.Thread.State: TIMED_WAITING
        at sun.misc.Unsafe.park(Native Method)
        at java.util.concurrent.locks.LockSupport.parkNanos(LockSupport.java:215)
        at java.util.concurrent.locks.AbstractQueuedSynchronizer$ConditionObject.awaitNanos(AbstractQueuedSynchronizer.java:2078)
        at java.util.concurrent.ArrayBlockingQueue.poll(ArrayBlockingQueue.java:418)
        at org.apache.ratis.server.impl.LeaderState$EventQueue.poll(LeaderState.java:114)
        at org.apache.ratis.server.impl.LeaderState$EventProcessor.run(LeaderState.java:438)
"IPC Server handler 8 on 43271" daemon prio=5 tid=58 timed_waiting
java.lang.Thread.State: TIMED_WAITING
        at sun.misc.Unsafe.park(Native Method)
        at java.util.concurrent.locks.LockSupport.parkNanos(LockSupport.java:215)
        at java.util.concurrent.locks.AbstractQueuedSynchronizer$ConditionObject.awaitNanos(AbstractQueuedSynchronizer.java:2078)
        at java.util.concurrent.LinkedBlockingQueue.poll(LinkedBlockingQueue.java:467)
        at org.apache.hadoop.ipc.CallQueueManager.take(CallQueueManager.java:288)
        at org.apache.hadoop.ipc.Server$Handler.run(Server.java:2668)
"BlockDeletingService#0" daemon prio=5 tid=217 timed_waiting
java.lang.Thread.State: TIMED_WAITING
        at sun.misc.Unsafe.park(Native Method)
        at java.util.concurrent.locks.LockSupport.parkNanos(LockSupport.java:215)
        at java.util.concurrent.locks.AbstractQueuedSynchronizer$ConditionObject.awaitNanos(AbstractQueuedSynchronizer.java:2078)
        at java.util.concurrent.ScheduledThreadPoolExecutor$DelayedWorkQueue.take(ScheduledThreadPoolExecutor.java:1093)
        at java.util.concurrent.ScheduledThreadPoolExecutor$DelayedWorkQueue.take(ScheduledThreadPoolExecutor.java:809)
        at java.util.concurrent.ThreadPoolExecutor.getTask(ThreadPoolExecutor.java:1074)
        at java.util.concurrent.ThreadPoolExecutor.runWorker(ThreadPoolExecutor.java:1134)
        at java.util.concurrent.ThreadPoolExecutor$Worker.run(ThreadPoolExecutor.java:624)
        at java.lang.Thread.run(Thread.java:748)
"org.eclipse.jetty.server.session.HashSessionManager@1849db1aTimer" daemon prio=5 tid=100 timed_waiting
java.lang.Thread.State: TIMED_WAITING
        at sun.misc.Unsafe.park(Native Method)
        at java.util.concurrent.locks.LockSupport.parkNanos(LockSupport.java:215)
        at java.util.concurrent.locks.AbstractQueuedSynchronizer$ConditionObject.awaitNanos(AbstractQueuedSynchronizer.java:2078)
        at java.util.concurrent.ScheduledThreadPoolExecutor$DelayedWorkQueue.take(ScheduledThreadPoolExecutor.java:1093)
        at java.util.concurrent.ScheduledThreadPoolExecutor$DelayedWorkQueue.take(ScheduledThreadPoolExecutor.java:809)
        at java.util.concurrent.ThreadPoolExecutor.getTask(ThreadPoolExecutor.java:1074)
        at java.util.concurrent.ThreadPoolExecutor.runWorker(ThreadPoolExecutor.java:1134)
        at java.util.concurrent.ThreadPoolExecutor$Worker.run(ThreadPoolExecutor.java:624)
        at java.lang.Thread.run(Thread.java:748)
"pool-89-thread-15"  prio=5 tid=466 in Object.wait()
java.lang.Thread.State: WAITING (on object monitor)
        at sun.misc.Unsafe.park(Native Method)
        at java.util.concurrent.locks.LockSupport.park(LockSupport.java:175)
        at java.util.concurrent.locks.AbstractQueuedSynchronizer$ConditionObject.await(AbstractQueuedSynchronizer.java:2039)
        at java.util.concurrent.ArrayBlockingQueue.take(ArrayBlockingQueue.java:403)
        at java.util.concurrent.ThreadPoolExecutor.getTask(ThreadPoolExecutor.java:1074)
        at java.util.concurrent.ThreadPoolExecutor.runWorker(ThreadPoolExecutor.java:1134)
        at java.util.concurrent.ThreadPoolExecutor$Worker.run(ThreadPoolExecutor.java:624)
        at java.lang.Thread.run(Thread.java:748)
"pool-47-thread-18"  prio=5 tid=349 in Object.wait()
java.lang.Thread.State: WAITING (on object monitor)
        at sun.misc.Unsafe.park(Native Method)
        at java.util.concurrent.locks.LockSupport.park(LockSupport.java:175)
        at java.util.concurrent.locks.AbstractQueuedSynchronizer$ConditionObject.await(AbstractQueuedSynchronizer.java:2039)
        at java.util.concurrent.ArrayBlockingQueue.take(ArrayBlockingQueue.java:403)
        at java.util.concurrent.ThreadPoolExecutor.getTask(ThreadPoolExecutor.java:1074)
        at java.util.concurrent.ThreadPoolExecutor.runWorker(ThreadPoolExecutor.java:1134)
        at java.util.concurrent.ThreadPoolExecutor$Worker.run(ThreadPoolExecutor.java:624)
        at java.lang.Thread.run(Thread.java:748)
"pool-68-thread-4"  prio=5 tid=395 in Object.wait()
java.lang.Thread.State: WAITING (on object monitor)
        at sun.misc.Unsafe.park(Native Method)
        at java.util.concurrent.locks.LockSupport.park(LockSupport.java:175)
        at java.util.concurrent.locks.AbstractQueuedSynchronizer$ConditionObject.await(AbstractQueuedSynchronizer.java:2039)
        at java.util.concurrent.ArrayBlockingQueue.take(ArrayBlockingQueue.java:403)
        at java.util.concurrent.ThreadPoolExecutor.getTask(ThreadPoolExecutor.java:1074)
        at java.util.concurrent.ThreadPoolExecutor.runWorker(ThreadPoolExecutor.java:1134)
        at java.util.concurrent.ThreadPoolExecutor$Worker.run(ThreadPoolExecutor.java:624)
        at java.lang.Thread.run(Thread.java:748)
"qtp1366212088-136-acceptor-0@23b94a11-ServerConnector@69ce2f62{HTTP/1.1,[http/1.1]}{0.0.0.0:33885}" daemon prio=3 tid=136 runnable
java.lang.Thread.State: RUNNABLE
        at sun.nio.ch.ServerSocketChannelImpl.accept0(Native Method)
        at sun.nio.ch.ServerSocketChannelImpl.accept(ServerSocketChannelImpl.java:422)
        at sun.nio.ch.ServerSocketChannelImpl.accept(ServerSocketChannelImpl.java:250)
        at org.eclipse.jetty.server.ServerConnector.accept(ServerConnector.java:397)
        at org.eclipse.jetty.server.AbstractConnector$Acceptor.run(AbstractConnector.java:601)
        at org.eclipse.jetty.util.thread.QueuedThreadPool.runJob(QueuedThreadPool.java:671)
        at org.eclipse.jetty.util.thread.QueuedThreadPool$2.run(QueuedThreadPool.java:589)
        at java.lang.Thread.run(Thread.java:748)
"pool-47-thread-5"  prio=5 tid=336 in Object.wait()
java.lang.Thread.State: WAITING (on object monitor)
        at sun.misc.Unsafe.park(Native Method)
        at java.util.concurrent.locks.LockSupport.park(LockSupport.java:175)
        at java.util.concurrent.locks.AbstractQueuedSynchronizer$ConditionObject.await(AbstractQueuedSynchronizer.java:2039)
        at java.util.concurrent.ArrayBlockingQueue.take(ArrayBlockingQueue.java:403)
        at java.util.concurrent.ThreadPoolExecutor.getTask(ThreadPoolExecutor.java:1074)
        at java.util.concurrent.ThreadPoolExecutor.runWorker(ThreadPoolExecutor.java:1134)
        at java.util.concurrent.ThreadPoolExecutor$Worker.run(ThreadPoolExecutor.java:624)
        at java.lang.Thread.run(Thread.java:748)
"IPC Server handler 15 on 34963" daemon prio=5 tid=85 timed_waiting
java.lang.Thread.State: TIMED_WAITING
        at sun.misc.Unsafe.park(Native Method)
        at java.util.concurrent.locks.LockSupport.parkNanos(LockSupport.java:215)
        at java.util.concurrent.locks.AbstractQueuedSynchronizer$ConditionObject.awaitNanos(AbstractQueuedSynchronizer.java:2078)
        at java.util.concurrent.LinkedBlockingQueue.poll(LinkedBlockingQueue.java:467)
        at org.apache.hadoop.ipc.CallQueueManager.take(CallQueueManager.java:288)
        at org.apache.hadoop.ipc.Server$Handler.run(Server.java:2668)
"qtp1018742990-165" daemon prio=5 tid=165 timed_waiting
java.lang.Thread.State: TIMED_WAITING
        at sun.misc.Unsafe.park(Native Method)
        at java.util.concurrent.locks.LockSupport.parkNanos(LockSupport.java:215)
        at java.util.concurrent.locks.AbstractQueuedSynchronizer$ConditionObject.awaitNanos(AbstractQueuedSynchronizer.java:2078)
        at org.eclipse.jetty.util.BlockingArrayQueue.poll(BlockingArrayQueue.java:392)
        at org.eclipse.jetty.util.thread.QueuedThreadPool.idleJobPoll(QueuedThreadPool.java:563)
        at org.eclipse.jetty.util.thread.QueuedThreadPool.access$800(QueuedThreadPool.java:48)
        at org.eclipse.jetty.util.thread.QueuedThreadPool$2.run(QueuedThreadPool.java:626)
        at java.lang.Thread.run(Thread.java:748)
"IPC Server idle connection scanner for port 42937" daemon prio=5 tid=108 timed_waiting
java.lang.Thread.State: TIMED_WAITING
        at java.lang.Object.wait(Native Method)
        at java.util.TimerThread.mainLoop(Timer.java:552)
        at java.util.TimerThread.run(Timer.java:505)
"pool-89-thread-37"  prio=5 tid=488 in Object.wait()
java.lang.Thread.State: WAITING (on object monitor)
        at sun.misc.Unsafe.park(Native Method)
        at java.util.concurrent.locks.LockSupport.park(LockSupport.java:175)
        at java.util.concurrent.locks.AbstractQueuedSynchronizer$ConditionObject.await(AbstractQueuedSynchronizer.java:2039)
        at java.util.concurrent.ArrayBlockingQueue.take(ArrayBlockingQueue.java:403)
        at java.util.concurrent.ThreadPoolExecutor.getTask(ThreadPoolExecutor.java:1074)
        at java.util.concurrent.ThreadPoolExecutor.runWorker(ThreadPoolExecutor.java:1134)
        at java.util.concurrent.ThreadPoolExecutor$Worker.run(ThreadPoolExecutor.java:624)
        at java.lang.Thread.run(Thread.java:748)
"IPC Server handler 6 on 34963" daemon prio=5 tid=76 timed_waiting
java.lang.Thread.State: TIMED_WAITING
        at sun.misc.Unsafe.park(Native Method)
        at java.util.concurrent.locks.LockSupport.parkNanos(LockSupport.java:215)
        at java.util.concurrent.locks.AbstractQueuedSynchronizer$ConditionObject.awaitNanos(AbstractQueuedSynchronizer.java:2078)
        at java.util.concurrent.LinkedBlockingQueue.poll(LinkedBlockingQueue.java:467)
        at org.apache.hadoop.ipc.CallQueueManager.take(CallQueueManager.java:288)
        at org.apache.hadoop.ipc.Server$Handler.run(Server.java:2668)
"org.eclipse.jetty.server.session.HashSessionManager@2a1edad4Timer" daemon prio=5 tid=98 timed_waiting
java.lang.Thread.State: TIMED_WAITING
        at sun.misc.Unsafe.park(Native Method)
        at java.util.concurrent.locks.LockSupport.parkNanos(LockSupport.java:215)
        at java.util.concurrent.locks.AbstractQueuedSynchronizer$ConditionObject.awaitNanos(AbstractQueuedSynchronizer.java:2078)
        at java.util.concurrent.ScheduledThreadPoolExecutor$DelayedWorkQueue.take(ScheduledThreadPoolExecutor.java:1093)
        at java.util.concurrent.ScheduledThreadPoolExecutor$DelayedWorkQueue.take(ScheduledThreadPoolExecutor.java:809)
        at java.util.concurrent.ThreadPoolExecutor.getTask(ThreadPoolExecutor.java:1074)
        at java.util.concurrent.ThreadPoolExecutor.runWorker(ThreadPoolExecutor.java:1134)
        at java.util.concurrent.ThreadPoolExecutor$Worker.run(ThreadPoolExecutor.java:624)
        at java.lang.Thread.run(Thread.java:748)
"pool-68-thread-45"  prio=5 tid=436 in Object.wait()
java.lang.Thread.State: WAITING (on object monitor)
        at sun.misc.Unsafe.park(Native Method)
        at java.util.concurrent.locks.LockSupport.park(LockSupport.java:175)
        at java.util.concurrent.locks.AbstractQueuedSynchronizer$ConditionObject.await(AbstractQueuedSynchronizer.java:2039)
        at java.util.concurrent.ArrayBlockingQueue.take(ArrayBlockingQueue.java:403)
        at java.util.concurrent.ThreadPoolExecutor.getTask(ThreadPoolExecutor.java:1074)
        at java.util.concurrent.ThreadPoolExecutor.runWorker(ThreadPoolExecutor.java:1134)
        at java.util.concurrent.ThreadPoolExecutor$Worker.run(ThreadPoolExecutor.java:624)
        at java.lang.Thread.run(Thread.java:748)
"pool-47-thread-4"  prio=5 tid=335 in Object.wait()
java.lang.Thread.State: WAITING (on object monitor)
        at sun.misc.Unsafe.park(Native Method)
        at java.util.concurrent.locks.LockSupport.park(LockSupport.java:175)
        at java.util.concurrent.locks.AbstractQueuedSynchronizer$ConditionObject.await(AbstractQueuedSynchronizer.java:2039)
        at java.util.concurrent.ArrayBlockingQueue.take(ArrayBlockingQueue.java:403)
        at java.util.concurrent.ThreadPoolExecutor.getTask(ThreadPoolExecutor.java:1074)
        at java.util.concurrent.ThreadPoolExecutor.runWorker(ThreadPoolExecutor.java:1134)
        at java.util.concurrent.ThreadPoolExecutor$Worker.run(ThreadPoolExecutor.java:624)
        at java.lang.Thread.run(Thread.java:748)
"Datanode ReportManager Thread - 1" daemon prio=5 tid=205 in Object.wait()
java.lang.Thread.State: WAITING (on object monitor)
        at sun.misc.Unsafe.park(Native Method)
        at java.util.concurrent.locks.LockSupport.park(LockSupport.java:175)
        at java.util.concurrent.locks.AbstractQueuedSynchronizer$ConditionObject.await(AbstractQueuedSynchronizer.java:2039)
        at java.util.concurrent.ScheduledThreadPoolExecutor$DelayedWorkQueue.take(ScheduledThreadPoolExecutor.java:1088)
        at java.util.concurrent.ScheduledThreadPoolExecutor$DelayedWorkQueue.take(ScheduledThreadPoolExecutor.java:809)
        at java.util.concurrent.ThreadPoolExecutor.getTask(ThreadPoolExecutor.java:1074)
        at java.util.concurrent.ThreadPoolExecutor.runWorker(ThreadPoolExecutor.java:1134)
        at java.util.concurrent.ThreadPoolExecutor$Worker.run(ThreadPoolExecutor.java:624)
        at java.lang.Thread.run(Thread.java:748)
"pool-47-thread-33"  prio=5 tid=364 in Object.wait()
java.lang.Thread.State: WAITING (on object monitor)
        at sun.misc.Unsafe.park(Native Method)
        at java.util.concurrent.locks.LockSupport.park(LockSupport.java:175)
        at java.util.concurrent.locks.AbstractQueuedSynchronizer$ConditionObject.await(AbstractQueuedSynchronizer.java:2039)
        at java.util.concurrent.ArrayBlockingQueue.take(ArrayBlockingQueue.java:403)
        at java.util.concurrent.ThreadPoolExecutor.getTask(ThreadPoolExecutor.java:1074)
        at java.util.concurrent.ThreadPoolExecutor.runWorker(ThreadPoolExecutor.java:1134)
        at java.util.concurrent.ThreadPoolExecutor$Worker.run(ThreadPoolExecutor.java:624)
        at java.lang.Thread.run(Thread.java:748)
"KeyDeletingService#0" daemon prio=5 tid=110 in Object.wait()
java.lang.Thread.State: WAITING (on object monitor)
        at sun.misc.Unsafe.park(Native Method)
        at java.util.concurrent.locks.LockSupport.park(LockSupport.java:175)
        at java.util.concurrent.locks.AbstractQueuedSynchronizer$ConditionObject.await(AbstractQueuedSynchronizer.java:2039)
        at java.util.concurrent.ScheduledThreadPoolExecutor$DelayedWorkQueue.take(ScheduledThreadPoolExecutor.java:1088)
        at java.util.concurrent.ScheduledThreadPoolExecutor$DelayedWorkQueue.take(ScheduledThreadPoolExecutor.java:809)
        at java.util.concurrent.ThreadPoolExecutor.getTask(ThreadPoolExecutor.java:1074)
        at java.util.concurrent.ThreadPoolExecutor.runWorker(ThreadPoolExecutor.java:1134)
        at java.util.concurrent.ThreadPoolExecutor$Worker.run(ThreadPoolExecutor.java:624)
        at java.lang.Thread.run(Thread.java:748)
"pool-26-thread-19"  prio=5 tid=289 in Object.wait()
java.lang.Thread.State: WAITING (on object monitor)
        at sun.misc.Unsafe.park(Native Method)
        at java.util.concurrent.locks.LockSupport.park(LockSupport.java:175)
        at java.util.concurrent.locks.AbstractQueuedSynchronizer$ConditionObject.await(AbstractQueuedSynchronizer.java:2039)
        at java.util.concurrent.ArrayBlockingQueue.take(ArrayBlockingQueue.java:403)
        at java.util.concurrent.ThreadPoolExecutor.getTask(ThreadPoolExecutor.java:1074)
        at java.util.concurrent.ThreadPoolExecutor.runWorker(ThreadPoolExecutor.java:1134)
        at java.util.concurrent.ThreadPoolExecutor$Worker.run(ThreadPoolExecutor.java:624)
        at java.lang.Thread.run(Thread.java:748)
"IPC Server handler 15 on 43271" daemon prio=5 tid=65 timed_waiting
java.lang.Thread.State: TIMED_WAITING
        at sun.misc.Unsafe.park(Native Method)
        at java.util.concurrent.locks.LockSupport.parkNanos(LockSupport.java:215)
        at java.util.concurrent.locks.AbstractQueuedSynchronizer$ConditionObject.awaitNanos(AbstractQueuedSynchronizer.java:2078)
        at java.util.concurrent.LinkedBlockingQueue.poll(LinkedBlockingQueue.java:467)
        at org.apache.hadoop.ipc.CallQueueManager.take(CallQueueManager.java:288)
        at org.apache.hadoop.ipc.Server$Handler.run(Server.java:2668)
"qtp1110014943-252" daemon prio=5 tid=252 timed_waiting
java.lang.Thread.State: TIMED_WAITING
        at sun.misc.Unsafe.park(Native Method)
        at java.util.concurrent.locks.LockSupport.parkNanos(LockSupport.java:215)
        at java.util.concurrent.locks.AbstractQueuedSynchronizer$ConditionObject.awaitNanos(AbstractQueuedSynchronizer.java:2078)
        at org.eclipse.jetty.util.BlockingArrayQueue.poll(BlockingArrayQueue.java:392)
        at org.eclipse.jetty.util.thread.QueuedThreadPool.idleJobPoll(QueuedThreadPool.java:563)
        at org.eclipse.jetty.util.thread.QueuedThreadPool.access$800(QueuedThreadPool.java:48)
        at org.eclipse.jetty.util.thread.QueuedThreadPool$2.run(QueuedThreadPool.java:626)
        at java.lang.Thread.run(Thread.java:748)
"pool-89-thread-33"  prio=5 tid=484 in Object.wait()
java.lang.Thread.State: WAITING (on object monitor)
        at sun.misc.Unsafe.park(Native Method)
        at java.util.concurrent.locks.LockSupport.park(LockSupport.java:175)
        at java.util.concurrent.locks.AbstractQueuedSynchronizer$ConditionObject.await(AbstractQueuedSynchronizer.java:2039)
        at java.util.concurrent.ArrayBlockingQueue.take(ArrayBlockingQueue.java:403)
        at java.util.concurrent.ThreadPoolExecutor.getTask(ThreadPoolExecutor.java:1074)
        at java.util.concurrent.ThreadPoolExecutor.runWorker(ThreadPoolExecutor.java:1134)
        at java.util.concurrent.ThreadPoolExecutor$Worker.run(ThreadPoolExecutor.java:624)
        at java.lang.Thread.run(Thread.java:748)
"pool-68-thread-57"  prio=5 tid=448 in Object.wait()
java.lang.Thread.State: WAITING (on object monitor)
        at sun.misc.Unsafe.park(Native Method)
        at java.util.concurrent.locks.LockSupport.park(LockSupport.java:175)
        at java.util.concurrent.locks.AbstractQueuedSynchronizer$ConditionObject.await(AbstractQueuedSynchronizer.java:2039)
        at java.util.concurrent.ArrayBlockingQueue.take(ArrayBlockingQueue.java:403)
        at java.util.concurrent.ThreadPoolExecutor.getTask(ThreadPoolExecutor.java:1074)
        at java.util.concurrent.ThreadPoolExecutor.runWorker(ThreadPoolExecutor.java:1134)
        at java.util.concurrent.ThreadPoolExecutor$Worker.run(ThreadPoolExecutor.java:624)
        at java.lang.Thread.run(Thread.java:748)
"pool-26-thread-13"  prio=5 tid=283 in Object.wait()
java.lang.Thread.State: WAITING (on object monitor)
        at sun.misc.Unsafe.park(Native Method)
        at java.util.concurrent.locks.LockSupport.park(LockSupport.java:175)
        at java.util.concurrent.locks.AbstractQueuedSynchronizer$ConditionObject.await(AbstractQueuedSynchronizer.java:2039)
        at java.util.concurrent.ArrayBlockingQueue.take(ArrayBlockingQueue.java:403)
        at java.util.concurrent.ThreadPoolExecutor.getTask(ThreadPoolExecutor.java:1074)
        at java.util.concurrent.ThreadPoolExecutor.runWorker(ThreadPoolExecutor.java:1134)
        at java.util.concurrent.ThreadPoolExecutor$Worker.run(ThreadPoolExecutor.java:624)
        at java.lang.Thread.run(Thread.java:748)
"Datanode ReportManager Thread - 3" daemon prio=5 tid=266 in Object.wait()
java.lang.Thread.State: WAITING (on object monitor)
        at sun.misc.Unsafe.park(Native Method)
        at java.util.concurrent.locks.LockSupport.park(LockSupport.java:175)
        at java.util.concurrent.locks.AbstractQueuedSynchronizer$ConditionObject.await(AbstractQueuedSynchronizer.java:2039)
        at java.util.concurrent.ScheduledThreadPoolExecutor$DelayedWorkQueue.take(ScheduledThreadPoolExecutor.java:1088)
        at java.util.concurrent.ScheduledThreadPoolExecutor$DelayedWorkQueue.take(ScheduledThreadPoolExecutor.java:809)
        at java.util.concurrent.ThreadPoolExecutor.getTask(ThreadPoolExecutor.java:1074)
        at java.util.concurrent.ThreadPoolExecutor.runWorker(ThreadPoolExecutor.java:1134)
        at java.util.concurrent.ThreadPoolExecutor$Worker.run(ThreadPoolExecutor.java:624)
        at java.lang.Thread.run(Thread.java:748)
"Command processor thread" daemon prio=5 tid=181 timed_waiting
java.lang.Thread.State: TIMED_WAITING
        at java.lang.Thread.sleep(Native Method)
        at org.apache.hadoop.ozone.container.common.statemachine.DatanodeStateMachine.lambda$initCommandHandlerThread$1(DatanodeStateMachine.java:439)
        at org.apache.hadoop.ozone.container.common.statemachine.DatanodeStateMachine$$Lambda$140/966358068.run(Unknown Source)
        at java.lang.Thread.run(Thread.java:748)
"IPC Server handler 16 on 43271" daemon prio=5 tid=66 timed_waiting
java.lang.Thread.State: TIMED_WAITING
        at sun.misc.Unsafe.park(Native Method)
        at java.util.concurrent.locks.LockSupport.parkNanos(LockSupport.java:215)
        at java.util.concurrent.locks.AbstractQueuedSynchronizer$ConditionObject.awaitNanos(AbstractQueuedSynchronizer.java:2078)
        at java.util.concurrent.LinkedBlockingQueue.poll(LinkedBlockingQueue.java:467)
        at org.apache.hadoop.ipc.CallQueueManager.take(CallQueueManager.java:288)
        at org.apache.hadoop.ipc.Server$Handler.run(Server.java:2668)
"org.eclipse.jetty.server.session.HashSessionManager@29d405e6Timer" daemon prio=5 tid=228 timed_waiting
java.lang.Thread.State: TIMED_WAITING
        at sun.misc.Unsafe.park(Native Method)
        at java.util.concurrent.locks.LockSupport.parkNanos(LockSupport.java:215)
        at java.util.concurrent.locks.AbstractQueuedSynchronizer$ConditionObject.awaitNanos(AbstractQueuedSynchronizer.java:2078)
        at java.util.concurrent.ScheduledThreadPoolExecutor$DelayedWorkQueue.take(ScheduledThreadPoolExecutor.java:1093)
        at java.util.concurrent.ScheduledThreadPoolExecutor$DelayedWorkQueue.take(ScheduledThreadPoolExecutor.java:809)
        at java.util.concurrent.ThreadPoolExecutor.getTask(ThreadPoolExecutor.java:1074)
        at java.util.concurrent.ThreadPoolExecutor.runWorker(ThreadPoolExecutor.java:1134)
        at java.util.concurrent.ThreadPoolExecutor$Worker.run(ThreadPoolExecutor.java:624)
        at java.lang.Thread.run(Thread.java:748)
"qtp1894788146-97" daemon prio=5 tid=97 timed_waiting
java.lang.Thread.State: TIMED_WAITING
        at sun.misc.Unsafe.park(Native Method)
        at java.util.concurrent.locks.LockSupport.parkNanos(LockSupport.java:215)
        at java.util.concurrent.locks.AbstractQueuedSynchronizer$ConditionObject.awaitNanos(AbstractQueuedSynchronizer.java:2078)
        at org.eclipse.jetty.util.BlockingArrayQueue.poll(BlockingArrayQueue.java:392)
        at org.eclipse.jetty.util.thread.QueuedThreadPool.idleJobPoll(QueuedThreadPool.java:563)
        at org.eclipse.jetty.util.thread.QueuedThreadPool.access$800(QueuedThreadPool.java:48)
        at org.eclipse.jetty.util.thread.QueuedThreadPool$2.run(QueuedThreadPool.java:626)
        at java.lang.Thread.run(Thread.java:748)
"org.eclipse.jetty.server.session.HashSessionManager@3ece79feTimer" daemon prio=5 tid=200 timed_waiting
java.lang.Thread.State: TIMED_WAITING
        at sun.misc.Unsafe.park(Native Method)
        at java.util.concurrent.locks.LockSupport.parkNanos(LockSupport.java:215)
        at java.util.concurrent.locks.AbstractQueuedSynchronizer$ConditionObject.awaitNanos(AbstractQueuedSynchronizer.java:2078)
        at java.util.concurrent.ScheduledThreadPoolExecutor$DelayedWorkQueue.take(ScheduledThreadPoolExecutor.java:1093)
        at java.util.concurrent.ScheduledThreadPoolExecutor$DelayedWorkQueue.take(ScheduledThreadPoolExecutor.java:809)
        at java.util.concurrent.ThreadPoolExecutor.getTask(ThreadPoolExecutor.java:1074)
        at java.util.concurrent.ThreadPoolExecutor.runWorker(ThreadPoolExecutor.java:1134)
        at java.util.concurrent.ThreadPoolExecutor$Worker.run(ThreadPoolExecutor.java:624)
        at java.lang.Thread.run(Thread.java:748)
"IPC Server handler 5 on 34963" daemon prio=5 tid=75 timed_waiting
java.lang.Thread.State: TIMED_WAITING
        at sun.misc.Unsafe.park(Native Method)
        at java.util.concurrent.locks.LockSupport.parkNanos(LockSupport.java:215)
        at java.util.concurrent.locks.AbstractQueuedSynchronizer$ConditionObject.awaitNanos(AbstractQueuedSynchronizer.java:2078)
        at java.util.concurrent.LinkedBlockingQueue.poll(LinkedBlockingQueue.java:467)
        at org.apache.hadoop.ipc.CallQueueManager.take(CallQueueManager.java:288)
        at org.apache.hadoop.ipc.Server$Handler.run(Server.java:2668)
"org.apache.hadoop.util.JvmPauseMonitor$Monitor@50d76fcb" daemon prio=5 tid=184 timed_waiting
java.lang.Thread.State: TIMED_WAITING
        at java.lang.Thread.sleep(Native Method)
        at org.apache.hadoop.util.JvmPauseMonitor$Monitor.run(JvmPauseMonitor.java:192)
        at java.lang.Thread.run(Thread.java:748)
"pool-47-thread-1"  prio=5 tid=332 in Object.wait()
java.lang.Thread.State: WAITING (on object monitor)
        at sun.misc.Unsafe.park(Native Method)
        at java.util.concurrent.locks.LockSupport.park(LockSupport.java:175)
        at java.util.concurrent.locks.AbstractQueuedSynchronizer$ConditionObject.await(AbstractQueuedSynchronizer.java:2039)
        at java.util.concurrent.ArrayBlockingQueue.take(ArrayBlockingQueue.java:403)
        at java.util.concurrent.ThreadPoolExecutor.getTask(ThreadPoolExecutor.java:1074)
        at java.util.concurrent.ThreadPoolExecutor.runWorker(ThreadPoolExecutor.java:1134)
        at java.util.concurrent.ThreadPoolExecutor$Worker.run(ThreadPoolExecutor.java:624)
        at java.lang.Thread.run(Thread.java:748)
"org.eclipse.jetty.server.session.HashSessionManager@122635efTimer" daemon prio=5 tid=199 timed_waiting
java.lang.Thread.State: TIMED_WAITING
        at sun.misc.Unsafe.park(Native Method)
        at java.util.concurrent.locks.LockSupport.parkNanos(LockSupport.java:215)
        at java.util.concurrent.locks.AbstractQueuedSynchronizer$ConditionObject.awaitNanos(AbstractQueuedSynchronizer.java:2078)
        at java.util.concurrent.ScheduledThreadPoolExecutor$DelayedWorkQueue.take(ScheduledThreadPoolExecutor.java:1093)
        at java.util.concurrent.ScheduledThreadPoolExecutor$DelayedWorkQueue.take(ScheduledThreadPoolExecutor.java:809)
        at java.util.concurrent.ThreadPoolExecutor.getTask(ThreadPoolExecutor.java:1074)
        at java.util.concurrent.ThreadPoolExecutor.runWorker(ThreadPoolExecutor.java:1134)
        at java.util.concurrent.ThreadPoolExecutor$Worker.run(ThreadPoolExecutor.java:624)
        at java.lang.Thread.run(Thread.java:748)
"pool-47-thread-8"  prio=5 tid=339 in Object.wait()
java.lang.Thread.State: WAITING (on object monitor)
        at sun.misc.Unsafe.park(Native Method)
        at java.util.concurrent.locks.LockSupport.park(LockSupport.java:175)
        at java.util.concurrent.locks.AbstractQueuedSynchronizer$ConditionObject.await(AbstractQueuedSynchronizer.java:2039)
        at java.util.concurrent.ArrayBlockingQueue.take(ArrayBlockingQueue.java:403)
        at java.util.concurrent.ThreadPoolExecutor.getTask(ThreadPoolExecutor.java:1074)
        at java.util.concurrent.ThreadPoolExecutor.runWorker(ThreadPoolExecutor.java:1134)
        at java.util.concurrent.ThreadPoolExecutor$Worker.run(ThreadPoolExecutor.java:624)
        at java.lang.Thread.run(Thread.java:748)
"pool-47-thread-12"  prio=5 tid=343 in Object.wait()
java.lang.Thread.State: WAITING (on object monitor)
        at sun.misc.Unsafe.park(Native Method)
        at java.util.concurrent.locks.LockSupport.park(LockSupport.java:175)
        at java.util.concurrent.locks.AbstractQueuedSynchronizer$ConditionObject.await(AbstractQueuedSynchronizer.java:2039)
        at java.util.concurrent.ArrayBlockingQueue.take(ArrayBlockingQueue.java:403)
        at java.util.concurrent.ThreadPoolExecutor.getTask(ThreadPoolExecutor.java:1074)
        at java.util.concurrent.ThreadPoolExecutor.runWorker(ThreadPoolExecutor.java:1134)
        at java.util.concurrent.ThreadPoolExecutor$Worker.run(ThreadPoolExecutor.java:624)
        at java.lang.Thread.run(Thread.java:748)
"IPC Server handler 1 on 43271" daemon prio=5 tid=51 timed_waiting
java.lang.Thread.State: TIMED_WAITING
        at sun.misc.Unsafe.park(Native Method)
        at java.util.concurrent.locks.LockSupport.parkNanos(LockSupport.java:215)
        at java.util.concurrent.locks.AbstractQueuedSynchronizer$ConditionObject.awaitNanos(AbstractQueuedSynchronizer.java:2078)
        at java.util.concurrent.LinkedBlockingQueue.poll(LinkedBlockingQueue.java:467)
        at org.apache.hadoop.ipc.CallQueueManager.take(CallQueueManager.java:288)
        at org.apache.hadoop.ipc.Server$Handler.run(Server.java:2668)
"pool-89-thread-17"  prio=5 tid=468 in Object.wait()
java.lang.Thread.State: WAITING (on object monitor)
        at sun.misc.Unsafe.park(Native Method)
        at java.util.concurrent.locks.LockSupport.park(LockSupport.java:175)
        at java.util.concurrent.locks.AbstractQueuedSynchronizer$ConditionObject.await(AbstractQueuedSynchronizer.java:2039)
        at java.util.concurrent.ArrayBlockingQueue.take(ArrayBlockingQueue.java:403)
        at java.util.concurrent.ThreadPoolExecutor.getTask(ThreadPoolExecutor.java:1074)
        at java.util.concurrent.ThreadPoolExecutor.runWorker(ThreadPoolExecutor.java:1134)
        at java.util.concurrent.ThreadPoolExecutor$Worker.run(ThreadPoolExecutor.java:624)
        at java.lang.Thread.run(Thread.java:748)
"org.eclipse.jetty.server.session.HashSessionManager@49cd946cTimer" daemon prio=5 tid=229 timed_waiting
java.lang.Thread.State: TIMED_WAITING
        at sun.misc.Unsafe.park(Native Method)
        at java.util.concurrent.locks.LockSupport.parkNanos(LockSupport.java:215)
        at java.util.concurrent.locks.AbstractQueuedSynchronizer$ConditionObject.awaitNanos(AbstractQueuedSynchronizer.java:2078)
        at java.util.concurrent.ScheduledThreadPoolExecutor$DelayedWorkQueue.take(ScheduledThreadPoolExecutor.java:1093)
        at java.util.concurrent.ScheduledThreadPoolExecutor$DelayedWorkQueue.take(ScheduledThreadPoolExecutor.java:809)
        at java.util.concurrent.ThreadPoolExecutor.getTask(ThreadPoolExecutor.java:1074)
        at java.util.concurrent.ThreadPoolExecutor.runWorker(ThreadPoolExecutor.java:1134)
        at java.util.concurrent.ThreadPoolExecutor$Worker.run(ThreadPoolExecutor.java:624)
        at java.lang.Thread.run(Thread.java:748)
"74d2ffc1-745f-4c1a-9401-137b1ece8223-RaftLogWorker"  prio=5 tid=531 timed_waiting
java.lang.Thread.State: TIMED_WAITING
        at sun.misc.Unsafe.park(Native Method)
        at java.util.concurrent.locks.LockSupport.parkNanos(LockSupport.java:215)
        at java.util.concurrent.locks.AbstractQueuedSynchronizer$ConditionObject.awaitNanos(AbstractQueuedSynchronizer.java:2078)
        at org.apache.ratis.util.DataBlockingQueue.poll(DataBlockingQueue.java:137)
        at org.apache.ratis.server.storage.RaftLogWorker.run(RaftLogWorker.java:216)
        at java.lang.Thread.run(Thread.java:748)
"IPC Server handler 9 on 42937" daemon prio=5 tid=123 timed_waiting
java.lang.Thread.State: TIMED_WAITING
        at sun.misc.Unsafe.park(Native Method)
        at java.util.concurrent.locks.LockSupport.parkNanos(LockSupport.java:215)
        at java.util.concurrent.locks.AbstractQueuedSynchronizer$ConditionObject.awaitNanos(AbstractQueuedSynchronizer.java:2078)
        at java.util.concurrent.LinkedBlockingQueue.poll(LinkedBlockingQueue.java:467)
        at org.apache.hadoop.ipc.CallQueueManager.take(CallQueueManager.java:288)
        at org.apache.hadoop.ipc.Server$Handler.run(Server.java:2668)
"pool-41-thread-1"  prio=5 tid=159 timed_waiting
java.lang.Thread.State: TIMED_WAITING
        at sun.misc.Unsafe.park(Native Method)
        at java.util.concurrent.locks.LockSupport.parkNanos(LockSupport.java:215)
        at java.util.concurrent.locks.AbstractQueuedSynchronizer$ConditionObject.awaitNanos(AbstractQueuedSynchronizer.java:2078)
        at java.util.concurrent.ScheduledThreadPoolExecutor$DelayedWorkQueue.take(ScheduledThreadPoolExecutor.java:1093)
        at java.util.concurrent.ScheduledThreadPoolExecutor$DelayedWorkQueue.take(ScheduledThreadPoolExecutor.java:809)
        at java.util.concurrent.ThreadPoolExecutor.getTask(ThreadPoolExecutor.java:1074)
        at java.util.concurrent.ThreadPoolExecutor.runWorker(ThreadPoolExecutor.java:1134)
        at java.util.concurrent.ThreadPoolExecutor$Worker.run(ThreadPoolExecutor.java:624)
        at java.lang.Thread.run(Thread.java:748)
"qtp1894788146-90" daemon prio=5 tid=90 runnable
java.lang.Thread.State: RUNNABLE
        at sun.nio.ch.EPollArrayWrapper.epollWait(Native Method)
        at sun.nio.ch.EPollArrayWrapper.poll(EPollArrayWrapper.java:269)
        at sun.nio.ch.EPollSelectorImpl.doSelect(EPollSelectorImpl.java:93)
        at sun.nio.ch.SelectorImpl.lockAndDoSelect(SelectorImpl.java:86)
        at sun.nio.ch.SelectorImpl.select(SelectorImpl.java:97)
        at sun.nio.ch.SelectorImpl.select(SelectorImpl.java:101)
        at org.eclipse.jetty.io.ManagedSelector$SelectorProducer.select(ManagedSelector.java:243)
        at org.eclipse.jetty.io.ManagedSelector$SelectorProducer.produce(ManagedSelector.java:191)
        at org.eclipse.jetty.util.thread.strategy.ExecuteProduceConsume.executeProduceConsume(ExecuteProduceConsume.java:249)
        at org.eclipse.jetty.util.thread.strategy.ExecuteProduceConsume.produceConsume(ExecuteProduceConsume.java:148)
        at org.eclipse.jetty.util.thread.strategy.ExecuteProduceConsume.execute(ExecuteProduceConsume.java:100)
        at org.eclipse.jetty.io.ManagedSelector.run(ManagedSelector.java:147)
        at org.eclipse.jetty.util.thread.QueuedThreadPool.runJob(QueuedThreadPool.java:671)
        at org.eclipse.jetty.util.thread.QueuedThreadPool$2.run(QueuedThreadPool.java:589)
        at java.lang.Thread.run(Thread.java:748)
"pool-47-thread-17"  prio=5 tid=348 in Object.wait()
java.lang.Thread.State: WAITING (on object monitor)
        at sun.misc.Unsafe.park(Native Method)
        at java.util.concurrent.locks.LockSupport.park(LockSupport.java:175)
        at java.util.concurrent.locks.AbstractQueuedSynchronizer$ConditionObject.await(AbstractQueuedSynchronizer.java:2039)
        at java.util.concurrent.ArrayBlockingQueue.take(ArrayBlockingQueue.java:403)
        at java.util.concurrent.ThreadPoolExecutor.getTask(ThreadPoolExecutor.java:1074)
        at java.util.concurrent.ThreadPoolExecutor.runWorker(ThreadPoolExecutor.java:1134)
        at java.util.concurrent.ThreadPoolExecutor$Worker.run(ThreadPoolExecutor.java:624)
        at java.lang.Thread.run(Thread.java:748)
"pool-47-thread-13"  prio=5 tid=344 in Object.wait()
java.lang.Thread.State: WAITING (on object monitor)
        at sun.misc.Unsafe.park(Native Method)
        at java.util.concurrent.locks.LockSupport.park(LockSupport.java:175)
        at java.util.concurrent.locks.AbstractQueuedSynchronizer$ConditionObject.await(AbstractQueuedSynchronizer.java:2039)
        at java.util.concurrent.ArrayBlockingQueue.take(ArrayBlockingQueue.java:403)
        at java.util.concurrent.ThreadPoolExecutor.getTask(ThreadPoolExecutor.java:1074)
        at java.util.concurrent.ThreadPoolExecutor.runWorker(ThreadPoolExecutor.java:1134)
        at java.util.concurrent.ThreadPoolExecutor$Worker.run(ThreadPoolExecutor.java:624)
        at java.lang.Thread.run(Thread.java:748)
"refreshUsed-/opt/src/hadoop-ozone/integration-test/target/test-dir/MiniOzoneClusterImpl-a42d3b4b-e56b-4764-8008-ba5e6c1f637d/datanode-0/data/containers" daemon prio=5 tid=153 timed_waiting
java.lang.Thread.State: TIMED_WAITING
        at java.lang.Thread.sleep(Native Method)
        at org.apache.hadoop.fs.CachingGetSpaceUsed$RefreshThread.run(CachingGetSpaceUsed.java:179)
        at java.lang.Thread.run(Thread.java:748)
"IPC Server handler 11 on 42937" daemon prio=5 tid=125 timed_waiting
java.lang.Thread.State: TIMED_WAITING
        at sun.misc.Unsafe.park(Native Method)
        at java.util.concurrent.locks.LockSupport.parkNanos(LockSupport.java:215)
        at java.util.concurrent.locks.AbstractQueuedSynchronizer$ConditionObject.awaitNanos(AbstractQueuedSynchronizer.java:2078)
        at java.util.concurrent.LinkedBlockingQueue.poll(LinkedBlockingQueue.java:467)
        at org.apache.hadoop.ipc.CallQueueManager.take(CallQueueManager.java:288)
        at org.apache.hadoop.ipc.Server$Handler.run(Server.java:2668)
"Thread-192" daemon prio=5 tid=520 timed_waiting
java.lang.Thread.State: TIMED_WAITING
        at java.lang.Thread.sleep(Native Method)
        at org.apache.hadoop.hdds.scm.safemode.SafeModeHandler.lambda$onMessage$0(SafeModeHandler.java:114)
        at org.apache.hadoop.hdds.scm.safemode.SafeModeHandler$$Lambda$168/1088155817.run(Unknown Source)
        at java.lang.Thread.run(Thread.java:748)
"pool-68-thread-39"  prio=5 tid=430 in Object.wait()
java.lang.Thread.State: WAITING (on object monitor)
        at sun.misc.Unsafe.park(Native Method)
        at java.util.concurrent.locks.LockSupport.park(LockSupport.java:175)
        at java.util.concurrent.locks.AbstractQueuedSynchronizer$ConditionObject.await(AbstractQueuedSynchronizer.java:2039)
        at java.util.concurrent.ArrayBlockingQueue.take(ArrayBlockingQueue.java:403)
        at java.util.concurrent.ThreadPoolExecutor.getTask(ThreadPoolExecutor.java:1074)
        at java.util.concurrent.ThreadPoolExecutor.runWorker(ThreadPoolExecutor.java:1134)
        at java.util.concurrent.ThreadPoolExecutor$Worker.run(ThreadPoolExecutor.java:624)
        at java.lang.Thread.run(Thread.java:748)
"Finalizer" daemon prio=8 tid=3 in Object.wait()
java.lang.Thread.State: WAITING (on object monitor)
        at java.lang.Object.wait(Native Method)
        at java.lang.ref.ReferenceQueue.remove(ReferenceQueue.java:144)
        at java.lang.ref.ReferenceQueue.remove(ReferenceQueue.java:165)
        at java.lang.ref.Finalizer$FinalizerThread.run(Finalizer.java:216)
"pool-26-thread-29"  prio=5 tid=299 in Object.wait()
java.lang.Thread.State: WAITING (on object monitor)
        at sun.misc.Unsafe.park(Native Method)
        at java.util.concurrent.locks.LockSupport.park(LockSupport.java:175)
        at java.util.concurrent.locks.AbstractQueuedSynchronizer$ConditionObject.await(AbstractQueuedSynchronizer.java:2039)
        at java.util.concurrent.ArrayBlockingQueue.take(ArrayBlockingQueue.java:403)
        at java.util.concurrent.ThreadPoolExecutor.getTask(ThreadPoolExecutor.java:1074)
        at java.util.concurrent.ThreadPoolExecutor.runWorker(ThreadPoolExecutor.java:1134)
        at java.util.concurrent.ThreadPoolExecutor$Worker.run(ThreadPoolExecutor.java:624)
        at java.lang.Thread.run(Thread.java:748)
"IPC Server handler 14 on 34963" daemon prio=5 tid=84 timed_waiting
java.lang.Thread.State: TIMED_WAITING
        at sun.misc.Unsafe.park(Native Method)
        at java.util.concurrent.locks.LockSupport.parkNanos(LockSupport.java:215)
        at java.util.concurrent.locks.AbstractQueuedSynchronizer$ConditionObject.awaitNanos(AbstractQueuedSynchronizer.java:2078)
        at java.util.concurrent.LinkedBlockingQueue.poll(LinkedBlockingQueue.java:467)
        at org.apache.hadoop.ipc.CallQueueManager.take(CallQueueManager.java:288)
        at org.apache.hadoop.ipc.Server$Handler.run(Server.java:2668)
"org.eclipse.jetty.server.session.HashSessionManager@2f66f0d0Timer" daemon prio=5 tid=168 timed_waiting
java.lang.Thread.State: TIMED_WAITING
        at sun.misc.Unsafe.park(Native Method)
        at java.util.concurrent.locks.LockSupport.parkNanos(LockSupport.java:215)
        at java.util.concurrent.locks.AbstractQueuedSynchronizer$ConditionObject.awaitNanos(AbstractQueuedSynchronizer.java:2078)
        at java.util.concurrent.ScheduledThreadPoolExecutor$DelayedWorkQueue.take(ScheduledThreadPoolExecutor.java:1093)
        at java.util.concurrent.ScheduledThreadPoolExecutor$DelayedWorkQueue.take(ScheduledThreadPoolExecutor.java:809)
        at java.util.concurrent.ThreadPoolExecutor.getTask(ThreadPoolExecutor.java:1074)
        at java.util.concurrent.ThreadPoolExecutor.runWorker(ThreadPoolExecutor.java:1134)
        at java.util.concurrent.ThreadPoolExecutor$Worker.run(ThreadPoolExecutor.java:624)
        at java.lang.Thread.run(Thread.java:748)
"pool-26-thread-54"  prio=5 tid=324 in Object.wait()
java.lang.Thread.State: WAITING (on object monitor)
        at sun.misc.Unsafe.park(Native Method)
        at java.util.concurrent.locks.LockSupport.park(LockSupport.java:175)
        at java.util.concurrent.locks.AbstractQueuedSynchronizer$ConditionObject.await(AbstractQueuedSynchronizer.java:2039)
        at java.util.concurrent.ArrayBlockingQueue.take(ArrayBlockingQueue.java:403)
        at java.util.concurrent.ThreadPoolExecutor.getTask(ThreadPoolExecutor.java:1074)
        at java.util.concurrent.ThreadPoolExecutor.runWorker(ThreadPoolExecutor.java:1134)
        at java.util.concurrent.ThreadPoolExecutor$Worker.run(ThreadPoolExecutor.java:624)
        at java.lang.Thread.run(Thread.java:748)
"pool-89-thread-6"  prio=5 tid=457 in Object.wait()
java.lang.Thread.State: WAITING (on object monitor)
        at sun.misc.Unsafe.park(Native Method)
        at java.util.concurrent.locks.LockSupport.park(LockSupport.java:175)
        at java.util.concurrent.locks.AbstractQueuedSynchronizer$ConditionObject.await(AbstractQueuedSynchronizer.java:2039)
        at java.util.concurrent.ArrayBlockingQueue.take(ArrayBlockingQueue.java:403)
        at java.util.concurrent.ThreadPoolExecutor.getTask(ThreadPoolExecutor.java:1074)
        at java.util.concurrent.ThreadPoolExecutor.runWorker(ThreadPoolExecutor.java:1134)
        at java.util.concurrent.ThreadPoolExecutor$Worker.run(ThreadPoolExecutor.java:624)
        at java.lang.Thread.run(Thread.java:748)
"Periodic HDDS volume checker"  prio=5 tid=237 timed_waiting
java.lang.Thread.State: TIMED_WAITING
        at sun.misc.Unsafe.park(Native Method)
        at java.util.concurrent.locks.LockSupport.parkNanos(LockSupport.java:215)
        at java.util.concurrent.locks.AbstractQueuedSynchronizer$ConditionObject.awaitNanos(AbstractQueuedSynchronizer.java:2078)
        at java.util.concurrent.ScheduledThreadPoolExecutor$DelayedWorkQueue.take(ScheduledThreadPoolExecutor.java:1093)
        at java.util.concurrent.ScheduledThreadPoolExecutor$DelayedWorkQueue.take(ScheduledThreadPoolExecutor.java:809)
        at java.util.concurrent.ThreadPoolExecutor.getTask(ThreadPoolExecutor.java:1074)
        at java.util.concurrent.ThreadPoolExecutor.runWorker(ThreadPoolExecutor.java:1134)
        at java.util.concurrent.ThreadPoolExecutor$Worker.run(ThreadPoolExecutor.java:624)
        at java.lang.Thread.run(Thread.java:748)
"IPC Server handler 19 on 34963" daemon prio=5 tid=89 timed_waiting
java.lang.Thread.State: TIMED_WAITING
        at sun.misc.Unsafe.park(Native Method)
        at java.util.concurrent.locks.LockSupport.parkNanos(LockSupport.java:215)
        at java.util.concurrent.locks.AbstractQueuedSynchronizer$ConditionObject.awaitNanos(AbstractQueuedSynchronizer.java:2078)
        at java.util.concurrent.LinkedBlockingQueue.poll(LinkedBlockingQueue.java:467)
        at org.apache.hadoop.ipc.CallQueueManager.take(CallQueueManager.java:288)
        at org.apache.hadoop.ipc.Server$Handler.run(Server.java:2668)
"pool-26-thread-15"  prio=5 tid=285 in Object.wait()
java.lang.Thread.State: WAITING (on object monitor)
        at sun.misc.Unsafe.park(Native Method)
        at java.util.concurrent.locks.LockSupport.park(LockSupport.java:175)
        at java.util.concurrent.locks.AbstractQueuedSynchronizer$ConditionObject.await(AbstractQueuedSynchronizer.java:2039)
        at java.util.concurrent.ArrayBlockingQueue.take(ArrayBlockingQueue.java:403)
        at java.util.concurrent.ThreadPoolExecutor.getTask(ThreadPoolExecutor.java:1074)
        at java.util.concurrent.ThreadPoolExecutor.runWorker(ThreadPoolExecutor.java:1134)
        at java.util.concurrent.ThreadPoolExecutor$Worker.run(ThreadPoolExecutor.java:624)
        at java.lang.Thread.run(Thread.java:748)
"pool-68-thread-8"  prio=5 tid=399 in Object.wait()
java.lang.Thread.State: WAITING (on object monitor)
        at sun.misc.Unsafe.park(Native Method)
        at java.util.concurrent.locks.LockSupport.park(LockSupport.java:175)
        at java.util.concurrent.locks.AbstractQueuedSynchronizer$ConditionObject.await(AbstractQueuedSynchronizer.java:2039)
        at java.util.concurrent.ArrayBlockingQueue.take(ArrayBlockingQueue.java:403)
        at java.util.concurrent.ThreadPoolExecutor.getTask(ThreadPoolExecutor.java:1074)
        at java.util.concurrent.ThreadPoolExecutor.runWorker(ThreadPoolExecutor.java:1134)
        at java.util.concurrent.ThreadPoolExecutor$Worker.run(ThreadPoolExecutor.java:624)
        at java.lang.Thread.run(Thread.java:748)
"IPC Client (609887969) connection to /0.0.0.0:34963 from root" daemon prio=5 tid=270 timed_waiting
java.lang.Thread.State: TIMED_WAITING
        at java.lang.Object.wait(Native Method)
        at org.apache.hadoop.ipc.Client$Connection.waitForWork(Client.java:1024)
        at org.apache.hadoop.ipc.Client$Connection.run(Client.java:1068)
"pool-89-thread-25"  prio=5 tid=476 in Object.wait()
java.lang.Thread.State: WAITING (on object monitor)
        at sun.misc.Unsafe.park(Native Method)
        at java.util.concurrent.locks.LockSupport.park(LockSupport.java:175)
        at java.util.concurrent.locks.AbstractQueuedSynchronizer$ConditionObject.await(AbstractQueuedSynchronizer.java:2039)
        at java.util.concurrent.ArrayBlockingQueue.take(ArrayBlockingQueue.java:403)
        at java.util.concurrent.ThreadPoolExecutor.getTask(ThreadPoolExecutor.java:1074)
        at java.util.concurrent.ThreadPoolExecutor.runWorker(ThreadPoolExecutor.java:1134)
        at java.util.concurrent.ThreadPoolExecutor$Worker.run(ThreadPoolExecutor.java:624)
        at java.lang.Thread.run(Thread.java:748)
"pool-26-thread-35"  prio=5 tid=305 in Object.wait()
java.lang.Thread.State: WAITING (on object monitor)
        at sun.misc.Unsafe.park(Native Method)
        at java.util.concurrent.locks.LockSupport.park(LockSupport.java:175)
        at java.util.concurrent.locks.AbstractQueuedSynchronizer$ConditionObject.await(AbstractQueuedSynchronizer.java:2039)
        at java.util.concurrent.ArrayBlockingQueue.take(ArrayBlockingQueue.java:403)
        at java.util.concurrent.ThreadPoolExecutor.getTask(ThreadPoolExecutor.java:1074)
        at java.util.concurrent.ThreadPoolExecutor.runWorker(ThreadPoolExecutor.java:1134)
        at java.util.concurrent.ThreadPoolExecutor$Worker.run(ThreadPoolExecutor.java:624)
        at java.lang.Thread.run(Thread.java:748)
"qtp1110014943-251-acceptor-0@55ad4ea2-ServerConnector@19ae2ee5{HTTP/1.1,[http/1.1]}{0.0.0.0:35809}" daemon prio=3 tid=251 runnable
java.lang.Thread.State: RUNNABLE
        at sun.nio.ch.ServerSocketChannelImpl.accept0(Native Method)
        at sun.nio.ch.ServerSocketChannelImpl.accept(ServerSocketChannelImpl.java:422)
        at sun.nio.ch.ServerSocketChannelImpl.accept(ServerSocketChannelImpl.java:250)
        at org.eclipse.jetty.server.ServerConnector.accept(ServerConnector.java:397)
        at org.eclipse.jetty.server.AbstractConnector$Acceptor.run(AbstractConnector.java:601)
        at org.eclipse.jetty.util.thread.QueuedThreadPool.runJob(QueuedThreadPool.java:671)
        at org.eclipse.jetty.util.thread.QueuedThreadPool$2.run(QueuedThreadPool.java:589)
        at java.lang.Thread.run(Thread.java:748)
"qtp1366212088-139" daemon prio=5 tid=139 timed_waiting
java.lang.Thread.State: TIMED_WAITING
        at sun.misc.Unsafe.park(Native Method)
        at java.util.concurrent.locks.LockSupport.parkNanos(LockSupport.java:215)
        at java.util.concurrent.locks.AbstractQueuedSynchronizer$ConditionObject.awaitNanos(AbstractQueuedSynchronizer.java:2078)
        at org.eclipse.jetty.util.BlockingArrayQueue.poll(BlockingArrayQueue.java:392)
        at org.eclipse.jetty.util.thread.QueuedThreadPool.idleJobPoll(QueuedThreadPool.java:563)
        at org.eclipse.jetty.util.thread.QueuedThreadPool.access$800(QueuedThreadPool.java:48)
        at org.eclipse.jetty.util.thread.QueuedThreadPool$2.run(QueuedThreadPool.java:626)
        at java.lang.Thread.run(Thread.java:748)
"IPC Server handler 15 on 42937" daemon prio=5 tid=129 timed_waiting
java.lang.Thread.State: TIMED_WAITING
        at sun.misc.Unsafe.park(Native Method)
        at java.util.concurrent.locks.LockSupport.parkNanos(LockSupport.java:215)
        at java.util.concurrent.locks.AbstractQueuedSynchronizer$ConditionObject.awaitNanos(AbstractQueuedSynchronizer.java:2078)
        at java.util.concurrent.LinkedBlockingQueue.poll(LinkedBlockingQueue.java:467)
        at org.apache.hadoop.ipc.CallQueueManager.take(CallQueueManager.java:288)
        at org.apache.hadoop.ipc.Server$Handler.run(Server.java:2668)
"pool-68-thread-22"  prio=5 tid=413 in Object.wait()
java.lang.Thread.State: WAITING (on object monitor)
        at sun.misc.Unsafe.park(Native Method)
        at java.util.concurrent.locks.LockSupport.park(LockSupport.java:175)
        at java.util.concurrent.locks.AbstractQueuedSynchronizer$ConditionObject.await(AbstractQueuedSynchronizer.java:2039)
        at java.util.concurrent.ArrayBlockingQueue.take(ArrayBlockingQueue.java:403)
        at java.util.concurrent.ThreadPoolExecutor.getTask(ThreadPoolExecutor.java:1074)
        at java.util.concurrent.ThreadPoolExecutor.runWorker(ThreadPoolExecutor.java:1134)
        at java.util.concurrent.ThreadPoolExecutor$Worker.run(ThreadPoolExecutor.java:624)
        at java.lang.Thread.run(Thread.java:748)
"Datanode ReportManager Thread - 3" daemon prio=5 tid=238 in Object.wait()
java.lang.Thread.State: WAITING (on object monitor)
        at sun.misc.Unsafe.park(Native Method)
        at java.util.concurrent.locks.LockSupport.park(LockSupport.java:175)
        at java.util.concurrent.locks.AbstractQueuedSynchronizer$ConditionObject.await(AbstractQueuedSynchronizer.java:2039)
        at java.util.concurrent.ScheduledThreadPoolExecutor$DelayedWorkQueue.take(ScheduledThreadPoolExecutor.java:1088)
        at java.util.concurrent.ScheduledThreadPoolExecutor$DelayedWorkQueue.take(ScheduledThreadPoolExecutor.java:809)
        at java.util.concurrent.ThreadPoolExecutor.getTask(ThreadPoolExecutor.java:1074)
        at java.util.concurrent.ThreadPoolExecutor.runWorker(ThreadPoolExecutor.java:1134)
        at java.util.concurrent.ThreadPoolExecutor$Worker.run(ThreadPoolExecutor.java:624)
        at java.lang.Thread.run(Thread.java:748)
"IPC Server handler 0 on 40125" daemon prio=5 tid=30 timed_waiting
java.lang.Thread.State: TIMED_WAITING
        at sun.misc.Unsafe.park(Native Method)
        at java.util.concurrent.locks.LockSupport.parkNanos(LockSupport.java:215)
        at java.util.concurrent.locks.AbstractQueuedSynchronizer$ConditionObject.awaitNanos(AbstractQueuedSynchronizer.java:2078)
        at java.util.concurrent.LinkedBlockingQueue.poll(LinkedBlockingQueue.java:467)
        at org.apache.hadoop.ipc.CallQueueManager.take(CallQueueManager.java:288)
        at org.apache.hadoop.ipc.Server$Handler.run(Server.java:2668)
"Command processor thread" daemon prio=5 tid=239 timed_waiting
java.lang.Thread.State: TIMED_WAITING
        at java.lang.Thread.sleep(Native Method)
        at org.apache.hadoop.ozone.container.common.statemachine.DatanodeStateMachine.lambda$initCommandHandlerThread$1(DatanodeStateMachine.java:439)
        at org.apache.hadoop.ozone.container.common.statemachine.DatanodeStateMachine$$Lambda$140/966358068.run(Unknown Source)
        at java.lang.Thread.run(Thread.java:748)
"Datanode State Machine Thread - 0" daemon prio=5 tid=232 timed_waiting
java.lang.Thread.State: TIMED_WAITING
        at java.lang.Thread.sleep(Native Method)
        at org.apache.hadoop.ozone.container.common.statemachine.DatanodeStateMachine.start(DatanodeStateMachine.java:191)
        at org.apache.hadoop.ozone.container.common.statemachine.DatanodeStateMachine.lambda$startDaemon$0(DatanodeStateMachine.java:349)
        at org.apache.hadoop.ozone.container.common.statemachine.DatanodeStateMachine$$Lambda$139/90628418.run(Unknown Source)
        at java.lang.Thread.run(Thread.java:748)
"pool-26-thread-59"  prio=5 tid=329 in Object.wait()
java.lang.Thread.State: WAITING (on object monitor)
        at sun.misc.Unsafe.park(Native Method)
        at java.util.concurrent.locks.LockSupport.park(LockSupport.java:175)
        at java.util.concurrent.locks.AbstractQueuedSynchronizer$ConditionObject.await(AbstractQueuedSynchronizer.java:2039)
        at java.util.concurrent.ArrayBlockingQueue.take(ArrayBlockingQueue.java:403)
        at java.util.concurrent.ThreadPoolExecutor.getTask(ThreadPoolExecutor.java:1074)
        at java.util.concurrent.ThreadPoolExecutor.runWorker(ThreadPoolExecutor.java:1134)
        at java.util.concurrent.ThreadPoolExecutor$Worker.run(ThreadPoolExecutor.java:624)
        at java.lang.Thread.run(Thread.java:748)
"IPC Parameter Sending Thread #0" daemon prio=5 tid=105 timed_waiting
java.lang.Thread.State: TIMED_WAITING
        at sun.misc.Unsafe.park(Native Method)
        at java.util.concurrent.locks.LockSupport.parkNanos(LockSupport.java:215)
        at java.util.concurrent.SynchronousQueue$TransferStack.awaitFulfill(SynchronousQueue.java:460)
        at java.util.concurrent.SynchronousQueue$TransferStack.transfer(SynchronousQueue.java:362)
        at java.util.concurrent.SynchronousQueue.poll(SynchronousQueue.java:941)
        at java.util.concurrent.ThreadPoolExecutor.getTask(ThreadPoolExecutor.java:1073)
        at java.util.concurrent.ThreadPoolExecutor.runWorker(ThreadPoolExecutor.java:1134)
        at java.util.concurrent.ThreadPoolExecutor$Worker.run(ThreadPoolExecutor.java:624)
        at java.lang.Thread.run(Thread.java:748)
"Thread-214" daemon prio=5 tid=559 timed_waiting
java.lang.Thread.State: TIMED_WAITING
        at sun.misc.Unsafe.park(Native Method)
        at java.util.concurrent.locks.LockSupport.parkNanos(LockSupport.java:215)
        at java.util.concurrent.locks.AbstractQueuedSynchronizer$ConditionObject.awaitNanos(AbstractQueuedSynchronizer.java:2078)
        at java.util.concurrent.ArrayBlockingQueue.poll(ArrayBlockingQueue.java:418)
        at org.apache.ratis.server.impl.LeaderState$EventQueue.poll(LeaderState.java:114)
        at org.apache.ratis.server.impl.LeaderState$EventProcessor.run(LeaderState.java:438)
"StateMachineUpdater-74d2ffc1-745f-4c1a-9401-137b1ece8223-group-EDC286A1F32D" daemon prio=5 tid=553 in Object.wait()
java.lang.Thread.State: WAITING (on object monitor)
        at java.lang.Object.wait(Native Method)
        at java.lang.Object.wait(Object.java:502)
        at org.apache.ratis.server.impl.StateMachineUpdater.run(StateMachineUpdater.java:138)
        at java.lang.Thread.run(Thread.java:748)
"Datanode ReportManager Thread - 3" daemon prio=5 tid=208 in Object.wait()
java.lang.Thread.State: WAITING (on object monitor)
        at sun.misc.Unsafe.park(Native Method)
        at java.util.concurrent.locks.LockSupport.park(LockSupport.java:175)
        at java.util.concurrent.locks.AbstractQueuedSynchronizer$ConditionObject.await(AbstractQueuedSynchronizer.java:2039)
        at java.util.concurrent.ScheduledThreadPoolExecutor$DelayedWorkQueue.take(ScheduledThreadPoolExecutor.java:1088)
        at java.util.concurrent.ScheduledThreadPoolExecutor$DelayedWorkQueue.take(ScheduledThreadPoolExecutor.java:809)
        at java.util.concurrent.ThreadPoolExecutor.getTask(ThreadPoolExecutor.java:1074)
        at java.util.concurrent.ThreadPoolExecutor.runWorker(ThreadPoolExecutor.java:1134)
        at java.util.concurrent.ThreadPoolExecutor$Worker.run(ThreadPoolExecutor.java:624)
        at java.lang.Thread.run(Thread.java:748)
"SCMBlockDeletingService#0" daemon prio=5 tid=101 timed_waiting
java.lang.Thread.State: TIMED_WAITING
        at sun.misc.Unsafe.park(Native Method)
        at java.util.concurrent.locks.LockSupport.parkNanos(LockSupport.java:215)
        at java.util.concurrent.locks.AbstractQueuedSynchronizer$ConditionObject.awaitNanos(AbstractQueuedSynchronizer.java:2078)
        at java.util.concurrent.ScheduledThreadPoolExecutor$DelayedWorkQueue.take(ScheduledThreadPoolExecutor.java:1093)
        at java.util.concurrent.ScheduledThreadPoolExecutor$DelayedWorkQueue.take(ScheduledThreadPoolExecutor.java:809)
        at java.util.concurrent.ThreadPoolExecutor.getTask(ThreadPoolExecutor.java:1074)
        at java.util.concurrent.ThreadPoolExecutor.runWorker(ThreadPoolExecutor.java:1134)
        at java.util.concurrent.ThreadPoolExecutor$Worker.run(ThreadPoolExecutor.java:624)
        at java.lang.Thread.run(Thread.java:748)
"IPC Server handler 16 on 40125" daemon prio=5 tid=46 timed_waiting
java.lang.Thread.State: TIMED_WAITING
        at sun.misc.Unsafe.park(Native Method)
        at java.util.concurrent.locks.LockSupport.parkNanos(LockSupport.java:215)
        at java.util.concurrent.locks.AbstractQueuedSynchronizer$ConditionObject.awaitNanos(AbstractQueuedSynchronizer.java:2078)
        at java.util.concurrent.LinkedBlockingQueue.poll(LinkedBlockingQueue.java:467)
        at org.apache.hadoop.ipc.CallQueueManager.take(CallQueueManager.java:288)
        at org.apache.hadoop.ipc.Server$Handler.run(Server.java:2668)
"pool-89-thread-55"  prio=5 tid=506 in Object.wait()
java.lang.Thread.State: WAITING (on object monitor)
        at sun.misc.Unsafe.park(Native Method)
        at java.util.concurrent.locks.LockSupport.park(LockSupport.java:175)
        at java.util.concurrent.locks.AbstractQueuedSynchronizer$ConditionObject.await(AbstractQueuedSynchronizer.java:2039)
        at java.util.concurrent.ArrayBlockingQueue.take(ArrayBlockingQueue.java:403)
        at java.util.concurrent.ThreadPoolExecutor.getTask(ThreadPoolExecutor.java:1074)
        at java.util.concurrent.ThreadPoolExecutor.runWorker(ThreadPoolExecutor.java:1134)
        at java.util.concurrent.ThreadPoolExecutor$Worker.run(ThreadPoolExecutor.java:624)
        at java.lang.Thread.run(Thread.java:748)
"EventQueue-NewNodeForNewNodeHandler" daemon prio=5 tid=512 in Object.wait()
java.lang.Thread.State: WAITING (on object monitor)
        at sun.misc.Unsafe.park(Native Method)
        at java.util.concurrent.locks.LockSupport.park(LockSupport.java:175)
        at java.util.concurrent.locks.AbstractQueuedSynchronizer$ConditionObject.await(AbstractQueuedSynchronizer.java:2039)
        at java.util.concurrent.LinkedBlockingQueue.take(LinkedBlockingQueue.java:442)
        at java.util.concurrent.ThreadPoolExecutor.getTask(ThreadPoolExecutor.java:1074)
        at java.util.concurrent.ThreadPoolExecutor.runWorker(ThreadPoolExecutor.java:1134)
        at java.util.concurrent.ThreadPoolExecutor$Worker.run(ThreadPoolExecutor.java:624)
        at java.lang.Thread.run(Thread.java:748)
"pool-6-thread-1"  prio=5 tid=27 timed_waiting
java.lang.Thread.State: TIMED_WAITING
        at sun.misc.Unsafe.park(Native Method)
        at java.util.concurrent.locks.LockSupport.parkNanos(LockSupport.java:215)
        at java.util.concurrent.locks.AbstractQueuedSynchronizer$ConditionObject.awaitNanos(AbstractQueuedSynchronizer.java:2078)
        at java.util.concurrent.ScheduledThreadPoolExecutor$DelayedWorkQueue.take(ScheduledThreadPoolExecutor.java:1093)
        at java.util.concurrent.ScheduledThreadPoolExecutor$DelayedWorkQueue.take(ScheduledThreadPoolExecutor.java:809)
        at java.util.concurrent.ThreadPoolExecutor.getTask(ThreadPoolExecutor.java:1074)
        at java.util.concurrent.ThreadPoolExecutor.runWorker(ThreadPoolExecutor.java:1134)
        at java.util.concurrent.ThreadPoolExecutor$Worker.run(ThreadPoolExecutor.java:624)
        at java.lang.Thread.run(Thread.java:748)
"IPC Server handler 4 on 40125" daemon prio=5 tid=34 timed_waiting
java.lang.Thread.State: TIMED_WAITING
        at sun.misc.Unsafe.park(Native Method)
        at java.util.concurrent.locks.LockSupport.parkNanos(LockSupport.java:215)
        at java.util.concurrent.locks.AbstractQueuedSynchronizer$ConditionObject.awaitNanos(AbstractQueuedSynchronizer.java:2078)
        at java.util.concurrent.LinkedBlockingQueue.poll(LinkedBlockingQueue.java:467)
        at org.apache.hadoop.ipc.CallQueueManager.take(CallQueueManager.java:288)
        at org.apache.hadoop.ipc.Server$Handler.run(Server.java:2668)
"pool-47-thread-42"  prio=5 tid=373 in Object.wait()
java.lang.Thread.State: WAITING (on object monitor)
        at sun.misc.Unsafe.park(Native Method)
        at java.util.concurrent.locks.LockSupport.park(LockSupport.java:175)
        at java.util.concurrent.locks.AbstractQueuedSynchronizer$ConditionObject.await(AbstractQueuedSynchronizer.java:2039)
        at java.util.concurrent.ArrayBlockingQueue.take(ArrayBlockingQueue.java:403)
        at java.util.concurrent.ThreadPoolExecutor.getTask(ThreadPoolExecutor.java:1074)
        at java.util.concurrent.ThreadPoolExecutor.runWorker(ThreadPoolExecutor.java:1134)
        at java.util.concurrent.ThreadPoolExecutor$Worker.run(ThreadPoolExecutor.java:624)
        at java.lang.Thread.run(Thread.java:748)
"pool-26-thread-10"  prio=5 tid=280 in Object.wait()
java.lang.Thread.State: WAITING (on object monitor)
        at sun.misc.Unsafe.park(Native Method)
        at java.util.concurrent.locks.LockSupport.park(LockSupport.java:175)
        at java.util.concurrent.locks.AbstractQueuedSynchronizer$ConditionObject.await(AbstractQueuedSynchronizer.java:2039)
        at java.util.concurrent.ArrayBlockingQueue.take(ArrayBlockingQueue.java:403)
        at java.util.concurrent.ThreadPoolExecutor.getTask(ThreadPoolExecutor.java:1074)
        at java.util.concurrent.ThreadPoolExecutor.runWorker(ThreadPoolExecutor.java:1134)
        at java.util.concurrent.ThreadPoolExecutor$Worker.run(ThreadPoolExecutor.java:624)
        at java.lang.Thread.run(Thread.java:748)
"EventQueue-NodeRegistrationContainerReportForDataNodeSafeModeRule" daemon prio=5 tid=515 in Object.wait()
java.lang.Thread.State: WAITING (on object monitor)
        at sun.misc.Unsafe.park(Native Method)
        at java.util.concurrent.locks.LockSupport.park(LockSupport.java:175)
        at java.util.concurrent.locks.AbstractQueuedSynchronizer$ConditionObject.await(AbstractQueuedSynchronizer.java:2039)
        at java.util.concurrent.LinkedBlockingQueue.take(LinkedBlockingQueue.java:442)
        at java.util.concurrent.ThreadPoolExecutor.getTask(ThreadPoolExecutor.java:1074)
        at java.util.concurrent.ThreadPoolExecutor.runWorker(ThreadPoolExecutor.java:1134)
        at java.util.concurrent.ThreadPoolExecutor$Worker.run(ThreadPoolExecutor.java:624)
        at java.lang.Thread.run(Thread.java:748)
"BlockDeletingService#0" daemon prio=5 tid=187 in Object.wait()
java.lang.Thread.State: WAITING (on object monitor)
        at sun.misc.Unsafe.park(Native Method)
        at java.util.concurrent.locks.LockSupport.park(LockSupport.java:175)
        at java.util.concurrent.locks.AbstractQueuedSynchronizer$ConditionObject.await(AbstractQueuedSynchronizer.java:2039)
        at java.util.concurrent.ScheduledThreadPoolExecutor$DelayedWorkQueue.take(ScheduledThreadPoolExecutor.java:1088)
        at java.util.concurrent.ScheduledThreadPoolExecutor$DelayedWorkQueue.take(ScheduledThreadPoolExecutor.java:809)
        at java.util.concurrent.ThreadPoolExecutor.getTask(ThreadPoolExecutor.java:1074)
        at java.util.concurrent.ThreadPoolExecutor.runWorker(ThreadPoolExecutor.java:1134)
        at java.util.concurrent.ThreadPoolExecutor$Worker.run(ThreadPoolExecutor.java:624)
        at java.lang.Thread.run(Thread.java:748)
"qtp790689709-193" daemon prio=5 tid=193 timed_waiting
java.lang.Thread.State: TIMED_WAITING
        at sun.misc.Unsafe.park(Native Method)
        at java.util.concurrent.locks.LockSupport.parkNanos(LockSupport.java:215)
        at java.util.concurrent.locks.AbstractQueuedSynchronizer$ConditionObject.awaitNanos(AbstractQueuedSynchronizer.java:2078)
        at org.eclipse.jetty.util.BlockingArrayQueue.poll(BlockingArrayQueue.java:392)
        at org.eclipse.jetty.util.thread.QueuedThreadPool.idleJobPoll(QueuedThreadPool.java:563)
        at org.eclipse.jetty.util.thread.QueuedThreadPool.access$800(QueuedThreadPool.java:48)
        at org.eclipse.jetty.util.thread.QueuedThreadPool$2.run(QueuedThreadPool.java:626)
        at java.lang.Thread.run(Thread.java:748)
"IPC Server handler 14 on 43271" daemon prio=5 tid=64 timed_waiting
java.lang.Thread.State: TIMED_WAITING
        at sun.misc.Unsafe.park(Native Method)
        at java.util.concurrent.locks.LockSupport.parkNanos(LockSupport.java:215)
        at java.util.concurrent.locks.AbstractQueuedSynchronizer$ConditionObject.awaitNanos(AbstractQueuedSynchronizer.java:2078)
        at java.util.concurrent.LinkedBlockingQueue.poll(LinkedBlockingQueue.java:467)
        at org.apache.hadoop.ipc.CallQueueManager.take(CallQueueManager.java:288)
        at org.apache.hadoop.ipc.Server$Handler.run(Server.java:2668)
"IPC Server handler 2 on 40125" daemon prio=5 tid=32 timed_waiting
java.lang.Thread.State: TIMED_WAITING
        at sun.misc.Unsafe.park(Native Method)
        at java.util.concurrent.locks.LockSupport.parkNanos(LockSupport.java:215)
        at java.util.concurrent.locks.AbstractQueuedSynchronizer$ConditionObject.awaitNanos(AbstractQueuedSynchronizer.java:2078)
        at java.util.concurrent.LinkedBlockingQueue.poll(LinkedBlockingQueue.java:467)
        at org.apache.hadoop.ipc.CallQueueManager.take(CallQueueManager.java:288)
        at org.apache.hadoop.ipc.Server$Handler.run(Server.java:2668)
"qtp1026506187-222" daemon prio=5 tid=222 timed_waiting
java.lang.Thread.State: TIMED_WAITING
        at sun.misc.Unsafe.park(Native Method)
        at java.util.concurrent.locks.LockSupport.parkNanos(LockSupport.java:215)
        at java.util.concurrent.locks.AbstractQueuedSynchronizer$ConditionObject.awaitNanos(AbstractQueuedSynchronizer.java:2078)
        at org.eclipse.jetty.util.BlockingArrayQueue.poll(BlockingArrayQueue.java:392)
        at org.eclipse.jetty.util.thread.QueuedThreadPool.idleJobPoll(QueuedThreadPool.java:563)
        at org.eclipse.jetty.util.thread.QueuedThreadPool.access$800(QueuedThreadPool.java:48)
        at org.eclipse.jetty.util.thread.QueuedThreadPool$2.run(QueuedThreadPool.java:626)
        at java.lang.Thread.run(Thread.java:748)
"IPC Server handler 11 on 40125" daemon prio=5 tid=41 timed_waiting
java.lang.Thread.State: TIMED_WAITING
        at sun.misc.Unsafe.park(Native Method)
        at java.util.concurrent.locks.LockSupport.parkNanos(LockSupport.java:215)
        at java.util.concurrent.locks.AbstractQueuedSynchronizer$ConditionObject.awaitNanos(AbstractQueuedSynchronizer.java:2078)
        at java.util.concurrent.LinkedBlockingQueue.poll(LinkedBlockingQueue.java:467)
        at org.apache.hadoop.ipc.CallQueueManager.take(CallQueueManager.java:288)
        at org.apache.hadoop.ipc.Server$Handler.run(Server.java:2668)
"pool-26-thread-42"  prio=5 tid=312 in Object.wait()
java.lang.Thread.State: WAITING (on object monitor)
        at sun.misc.Unsafe.park(Native Method)
        at java.util.concurrent.locks.LockSupport.park(LockSupport.java:175)
        at java.util.concurrent.locks.AbstractQueuedSynchronizer$ConditionObject.await(AbstractQueuedSynchronizer.java:2039)
        at java.util.concurrent.ArrayBlockingQueue.take(ArrayBlockingQueue.java:403)
        at java.util.concurrent.ThreadPoolExecutor.getTask(ThreadPoolExecutor.java:1074)
        at java.util.concurrent.ThreadPoolExecutor.runWorker(ThreadPoolExecutor.java:1134)
        at java.util.concurrent.ThreadPoolExecutor$Worker.run(ThreadPoolExecutor.java:624)
        at java.lang.Thread.run(Thread.java:748)
"IPC Server handler 13 on 42937" daemon prio=5 tid=127 timed_waiting
java.lang.Thread.State: TIMED_WAITING
        at sun.misc.Unsafe.park(Native Method)
        at java.util.concurrent.locks.LockSupport.parkNanos(LockSupport.java:215)
        at java.util.concurrent.locks.AbstractQueuedSynchronizer$ConditionObject.awaitNanos(AbstractQueuedSynchronizer.java:2078)
        at java.util.concurrent.LinkedBlockingQueue.poll(LinkedBlockingQueue.java:467)
        at org.apache.hadoop.ipc.CallQueueManager.take(CallQueueManager.java:288)
        at org.apache.hadoop.ipc.Server$Handler.run(Server.java:2668)
"IPC Server idle connection scanner for port 34963" daemon prio=5 tid=17 timed_waiting
java.lang.Thread.State: TIMED_WAITING
        at java.lang.Object.wait(Native Method)
        at java.util.TimerThread.mainLoop(Timer.java:552)
        at java.util.TimerThread.run(Timer.java:505)
"pool-47-thread-53"  prio=5 tid=384 in Object.wait()
java.lang.Thread.State: WAITING (on object monitor)
        at sun.misc.Unsafe.park(Native Method)
        at java.util.concurrent.locks.LockSupport.park(LockSupport.java:175)
        at java.util.concurrent.locks.AbstractQueuedSynchronizer$ConditionObject.await(AbstractQueuedSynchronizer.java:2039)
        at java.util.concurrent.ArrayBlockingQueue.take(ArrayBlockingQueue.java:403)
        at java.util.concurrent.ThreadPoolExecutor.getTask(ThreadPoolExecutor.java:1074)
        at java.util.concurrent.ThreadPoolExecutor.runWorker(ThreadPoolExecutor.java:1134)
        at java.util.concurrent.ThreadPoolExecutor$Worker.run(ThreadPoolExecutor.java:624)
        at java.lang.Thread.run(Thread.java:748)
"pool-47-thread-9"  prio=5 tid=340 in Object.wait()
java.lang.Thread.State: WAITING (on object monitor)
        at sun.misc.Unsafe.park(Native Method)
        at java.util.concurrent.locks.LockSupport.park(LockSupport.java:175)
        at java.util.concurrent.locks.AbstractQueuedSynchronizer$ConditionObject.await(AbstractQueuedSynchronizer.java:2039)
        at java.util.concurrent.ArrayBlockingQueue.take(ArrayBlockingQueue.java:403)
        at java.util.concurrent.ThreadPoolExecutor.getTask(ThreadPoolExecutor.java:1074)
        at java.util.concurrent.ThreadPoolExecutor.runWorker(ThreadPoolExecutor.java:1134)
        at java.util.concurrent.ThreadPoolExecutor$Worker.run(ThreadPoolExecutor.java:624)
        at java.lang.Thread.run(Thread.java:748)
"pool-68-thread-37"  prio=5 tid=428 in Object.wait()
java.lang.Thread.State: WAITING (on object monitor)
        at sun.misc.Unsafe.park(Native Method)
        at java.util.concurrent.locks.LockSupport.park(LockSupport.java:175)
        at java.util.concurrent.locks.AbstractQueuedSynchronizer$ConditionObject.await(AbstractQueuedSynchronizer.java:2039)
        at java.util.concurrent.ArrayBlockingQueue.take(ArrayBlockingQueue.java:403)
        at java.util.concurrent.ThreadPoolExecutor.getTask(ThreadPoolExecutor.java:1074)
        at java.util.concurrent.ThreadPoolExecutor.runWorker(ThreadPoolExecutor.java:1134)
        at java.util.concurrent.ThreadPoolExecutor$Worker.run(ThreadPoolExecutor.java:624)
        at java.lang.Thread.run(Thread.java:748)
"qtp1026506187-224" daemon prio=5 tid=224 timed_waiting
java.lang.Thread.State: TIMED_WAITING
        at sun.misc.Unsafe.park(Native Method)
        at java.util.concurrent.locks.LockSupport.parkNanos(LockSupport.java:215)
        at java.util.concurrent.locks.AbstractQueuedSynchronizer$ConditionObject.awaitNanos(AbstractQueuedSynchronizer.java:2078)
        at org.eclipse.jetty.util.BlockingArrayQueue.poll(BlockingArrayQueue.java:392)
        at org.eclipse.jetty.util.thread.QueuedThreadPool.idleJobPoll(QueuedThreadPool.java:563)
        at org.eclipse.jetty.util.thread.QueuedThreadPool.access$800(QueuedThreadPool.java:48)
        at org.eclipse.jetty.util.thread.QueuedThreadPool$2.run(QueuedThreadPool.java:626)
        at java.lang.Thread.run(Thread.java:748)
"org.apache.ratis.server.impl.LogAppender$$Lambda$331/480809785@30758c2b" daemon prio=5 tid=568 timed_waiting
java.lang.Thread.State: TIMED_WAITING
        at java.lang.Object.wait(Native Method)
        at org.apache.ratis.grpc.server.GrpcLogAppender.mayWait(GrpcLogAppender.java:140)
        at org.apache.ratis.grpc.server.GrpcLogAppender.runAppenderImpl(GrpcLogAppender.java:94)
        at org.apache.ratis.server.impl.LogAppender.runAppender(LogAppender.java:101)
        at org.apache.ratis.server.impl.LogAppender$$Lambda$331/480809785.run(Unknown Source)
        at java.lang.Thread.run(Thread.java:748)
"0648b2e2-fdfc-41ec-97df-bc2f9c4ea8df-RaftLogWorker"  prio=5 tid=525 timed_waiting
java.lang.Thread.State: TIMED_WAITING
        at sun.misc.Unsafe.park(Native Method)
        at java.util.concurrent.locks.LockSupport.parkNanos(LockSupport.java:215)
        at java.util.concurrent.locks.AbstractQueuedSynchronizer$ConditionObject.awaitNanos(AbstractQueuedSynchronizer.java:2078)
        at org.apache.ratis.util.DataBlockingQueue.poll(DataBlockingQueue.java:137)
        at org.apache.ratis.server.storage.RaftLogWorker.run(RaftLogWorker.java:216)
        at java.lang.Thread.run(Thread.java:748)
"Thread-221" daemon prio=5 tid=566 timed_waiting
java.lang.Thread.State: TIMED_WAITING
        at java.lang.Thread.sleep(Native Method)
        at org.apache.ratis.server.impl.FollowerState.run(FollowerState.java:94)
"pool-47-thread-23"  prio=5 tid=354 in Object.wait()
java.lang.Thread.State: WAITING (on object monitor)
        at sun.misc.Unsafe.park(Native Method)
        at java.util.concurrent.locks.LockSupport.park(LockSupport.java:175)
        at java.util.concurrent.locks.AbstractQueuedSynchronizer$ConditionObject.await(AbstractQueuedSynchronizer.java:2039)
        at java.util.concurrent.ArrayBlockingQueue.take(ArrayBlockingQueue.java:403)
        at java.util.concurrent.ThreadPoolExecutor.getTask(ThreadPoolExecutor.java:1074)
        at java.util.concurrent.ThreadPoolExecutor.runWorker(ThreadPoolExecutor.java:1134)
        at java.util.concurrent.ThreadPoolExecutor$Worker.run(ThreadPoolExecutor.java:624)
        at java.lang.Thread.run(Thread.java:748)
"qtp1894788146-92" daemon prio=5 tid=92 timed_waiting
java.lang.Thread.State: TIMED_WAITING
        at sun.misc.Unsafe.park(Native Method)
        at java.util.concurrent.locks.LockSupport.parkNanos(LockSupport.java:215)
        at java.util.concurrent.locks.AbstractQueuedSynchronizer$ConditionObject.awaitNanos(AbstractQueuedSynchronizer.java:2078)
        at org.eclipse.jetty.util.BlockingArrayQueue.poll(BlockingArrayQueue.java:392)
        at org.eclipse.jetty.util.thread.QueuedThreadPool.idleJobPoll(QueuedThreadPool.java:563)
        at org.eclipse.jetty.util.thread.QueuedThreadPool.access$800(QueuedThreadPool.java:48)
        at org.eclipse.jetty.util.thread.QueuedThreadPool$2.run(QueuedThreadPool.java:626)
        at java.lang.Thread.run(Thread.java:748)
"Thread-220" daemon prio=5 tid=565 timed_waiting
java.lang.Thread.State: TIMED_WAITING
        at java.lang.Thread.sleep(Native Method)
        at org.apache.ratis.server.impl.FollowerState.run(FollowerState.java:94)
"qtp1026506187-221-acceptor-0@2a8781a5-ServerConnector@24406a85{HTTP/1.1,[http/1.1]}{0.0.0.0:38231}" daemon prio=3 tid=221 runnable
java.lang.Thread.State: RUNNABLE
        at sun.nio.ch.ServerSocketChannelImpl.accept0(Native Method)
        at sun.nio.ch.ServerSocketChannelImpl.accept(ServerSocketChannelImpl.java:422)
        at sun.nio.ch.ServerSocketChannelImpl.accept(ServerSocketChannelImpl.java:250)
        at org.eclipse.jetty.server.ServerConnector.accept(ServerConnector.java:397)
        at org.eclipse.jetty.server.AbstractConnector$Acceptor.run(AbstractConnector.java:601)
        at org.eclipse.jetty.util.thread.QueuedThreadPool.runJob(QueuedThreadPool.java:671)
        at org.eclipse.jetty.util.thread.QueuedThreadPool$2.run(QueuedThreadPool.java:589)
        at java.lang.Thread.run(Thread.java:748)
"pool-47-thread-7"  prio=5 tid=338 in Object.wait()
java.lang.Thread.State: WAITING (on object monitor)
        at sun.misc.Unsafe.park(Native Method)
        at java.util.concurrent.locks.LockSupport.park(LockSupport.java:175)
        at java.util.concurrent.locks.AbstractQueuedSynchronizer$ConditionObject.await(AbstractQueuedSynchronizer.java:2039)
        at java.util.concurrent.ArrayBlockingQueue.take(ArrayBlockingQueue.java:403)
        at java.util.concurrent.ThreadPoolExecutor.getTask(ThreadPoolExecutor.java:1074)
        at java.util.concurrent.ThreadPoolExecutor.runWorker(ThreadPoolExecutor.java:1134)
        at java.util.concurrent.ThreadPoolExecutor$Worker.run(ThreadPoolExecutor.java:624)
        at java.lang.Thread.run(Thread.java:748)
"qtp790689709-192" daemon prio=5 tid=192 timed_waiting
java.lang.Thread.State: TIMED_WAITING
        at sun.misc.Unsafe.park(Native Method)
        at java.util.concurrent.locks.LockSupport.parkNanos(LockSupport.java:215)
        at java.util.concurrent.locks.AbstractQueuedSynchronizer$ConditionObject.awaitNanos(AbstractQueuedSynchronizer.java:2078)
        at org.eclipse.jetty.util.BlockingArrayQueue.poll(BlockingArrayQueue.java:392)
        at org.eclipse.jetty.util.thread.QueuedThreadPool.idleJobPoll(QueuedThreadPool.java:563)
        at org.eclipse.jetty.util.thread.QueuedThreadPool.access$800(QueuedThreadPool.java:48)
        at org.eclipse.jetty.util.thread.QueuedThreadPool$2.run(QueuedThreadPool.java:626)
        at java.lang.Thread.run(Thread.java:748)
"IPC Server handler 13 on 34963" daemon prio=5 tid=83 timed_waiting
java.lang.Thread.State: TIMED_WAITING
        at sun.misc.Unsafe.park(Native Method)
        at java.util.concurrent.locks.LockSupport.parkNanos(LockSupport.java:215)
        at java.util.concurrent.locks.AbstractQueuedSynchronizer$ConditionObject.awaitNanos(AbstractQueuedSynchronizer.java:2078)
        at java.util.concurrent.LinkedBlockingQueue.poll(LinkedBlockingQueue.java:467)
        at org.apache.hadoop.ipc.CallQueueManager.take(CallQueueManager.java:288)
        at org.apache.hadoop.ipc.Server$Handler.run(Server.java:2668)
"pool-89-thread-10"  prio=5 tid=461 in Object.wait()
java.lang.Thread.State: WAITING (on object monitor)
        at sun.misc.Unsafe.park(Native Method)
        at java.util.concurrent.locks.LockSupport.park(LockSupport.java:175)
        at java.util.concurrent.locks.AbstractQueuedSynchronizer$ConditionObject.await(AbstractQueuedSynchronizer.java:2039)
        at java.util.concurrent.ArrayBlockingQueue.take(ArrayBlockingQueue.java:403)
        at java.util.concurrent.ThreadPoolExecutor.getTask(ThreadPoolExecutor.java:1074)
        at java.util.concurrent.ThreadPoolExecutor.runWorker(ThreadPoolExecutor.java:1134)
        at java.util.concurrent.ThreadPoolExecutor$Worker.run(ThreadPoolExecutor.java:624)
        at java.lang.Thread.run(Thread.java:748)
"pool-47-thread-39"  prio=5 tid=370 in Object.wait()
java.lang.Thread.State: WAITING (on object monitor)
        at sun.misc.Unsafe.park(Native Method)
        at java.util.concurrent.locks.LockSupport.park(LockSupport.java:175)
        at java.util.concurrent.locks.AbstractQueuedSynchronizer$ConditionObject.await(AbstractQueuedSynchronizer.java:2039)
        at java.util.concurrent.ArrayBlockingQueue.take(ArrayBlockingQueue.java:403)
        at java.util.concurrent.ThreadPoolExecutor.getTask(ThreadPoolExecutor.java:1074)
        at java.util.concurrent.ThreadPoolExecutor.runWorker(ThreadPoolExecutor.java:1134)
        at java.util.concurrent.ThreadPoolExecutor$Worker.run(ThreadPoolExecutor.java:624)
        at java.lang.Thread.run(Thread.java:748)
"pool-89-thread-2"  prio=5 tid=453 in Object.wait()
java.lang.Thread.State: WAITING (on object monitor)
        at sun.misc.Unsafe.park(Native Method)
        at java.util.concurrent.locks.LockSupport.park(LockSupport.java:175)
        at java.util.concurrent.locks.AbstractQueuedSynchronizer$ConditionObject.await(AbstractQueuedSynchronizer.java:2039)
        at java.util.concurrent.ArrayBlockingQueue.take(ArrayBlockingQueue.java:403)
        at java.util.concurrent.ThreadPoolExecutor.getTask(ThreadPoolExecutor.java:1074)
        at java.util.concurrent.ThreadPoolExecutor.runWorker(ThreadPoolExecutor.java:1134)
        at java.util.concurrent.ThreadPoolExecutor$Worker.run(ThreadPoolExecutor.java:624)
        at java.lang.Thread.run(Thread.java:748)
"pool-47-thread-59"  prio=5 tid=390 in Object.wait()
java.lang.Thread.State: WAITING (on object monitor)
        at sun.misc.Unsafe.park(Native Method)
        at java.util.concurrent.locks.LockSupport.park(LockSupport.java:175)
        at java.util.concurrent.locks.AbstractQueuedSynchronizer$ConditionObject.await(AbstractQueuedSynchronizer.java:2039)
        at java.util.concurrent.ArrayBlockingQueue.take(ArrayBlockingQueue.java:403)
        at java.util.concurrent.ThreadPoolExecutor.getTask(ThreadPoolExecutor.java:1074)
        at java.util.concurrent.ThreadPoolExecutor.runWorker(ThreadPoolExecutor.java:1134)
        at java.util.concurrent.ThreadPoolExecutor$Worker.run(ThreadPoolExecutor.java:624)
        at java.lang.Thread.run(Thread.java:748)
"qtp1026506187-227" daemon prio=5 tid=227 timed_waiting
java.lang.Thread.State: TIMED_WAITING
        at sun.misc.Unsafe.park(Native Method)
        at java.util.concurrent.locks.LockSupport.parkNanos(LockSupport.java:215)
        at java.util.concurrent.locks.AbstractQueuedSynchronizer$ConditionObject.awaitNanos(AbstractQueuedSynchronizer.java:2078)
        at org.eclipse.jetty.util.BlockingArrayQueue.poll(BlockingArrayQueue.java:392)
        at org.eclipse.jetty.util.thread.QueuedThreadPool.idleJobPoll(QueuedThreadPool.java:563)
        at org.eclipse.jetty.util.thread.QueuedThreadPool.access$800(QueuedThreadPool.java:48)
        at org.eclipse.jetty.util.thread.QueuedThreadPool$2.run(QueuedThreadPool.java:626)
        at java.lang.Thread.run(Thread.java:748)
"pool-62-thread-1"  prio=5 tid=189 timed_waiting
java.lang.Thread.State: TIMED_WAITING
        at sun.misc.Unsafe.park(Native Method)
        at java.util.concurrent.locks.LockSupport.parkNanos(LockSupport.java:215)
        at java.util.concurrent.locks.AbstractQueuedSynchronizer$ConditionObject.awaitNanos(AbstractQueuedSynchronizer.java:2078)
        at java.util.concurrent.ScheduledThreadPoolExecutor$DelayedWorkQueue.take(ScheduledThreadPoolExecutor.java:1093)
        at java.util.concurrent.ScheduledThreadPoolExecutor$DelayedWorkQueue.take(ScheduledThreadPoolExecutor.java:809)
        at java.util.concurrent.ThreadPoolExecutor.getTask(ThreadPoolExecutor.java:1074)
        at java.util.concurrent.ThreadPoolExecutor.runWorker(ThreadPoolExecutor.java:1134)
        at java.util.concurrent.ThreadPoolExecutor$Worker.run(ThreadPoolExecutor.java:624)
        at java.lang.Thread.run(Thread.java:748)
"IPC Server handler 12 on 34963" daemon prio=5 tid=82 timed_waiting
java.lang.Thread.State: TIMED_WAITING
        at sun.misc.Unsafe.park(Native Method)
        at java.util.concurrent.locks.LockSupport.parkNanos(LockSupport.java:215)
        at java.util.concurrent.locks.AbstractQueuedSynchronizer$ConditionObject.awaitNanos(AbstractQueuedSynchronizer.java:2078)
        at java.util.concurrent.LinkedBlockingQueue.poll(LinkedBlockingQueue.java:467)
        at org.apache.hadoop.ipc.CallQueueManager.take(CallQueueManager.java:288)
        at org.apache.hadoop.ipc.Server$Handler.run(Server.java:2668)
"pool-68-thread-40"  prio=5 tid=431 in Object.wait()
java.lang.Thread.State: WAITING (on object monitor)
        at sun.misc.Unsafe.park(Native Method)
        at java.util.concurrent.locks.LockSupport.park(LockSupport.java:175)
        at java.util.concurrent.locks.AbstractQueuedSynchronizer$ConditionObject.await(AbstractQueuedSynchronizer.java:2039)
        at java.util.concurrent.ArrayBlockingQueue.take(ArrayBlockingQueue.java:403)
        at java.util.concurrent.ThreadPoolExecutor.getTask(ThreadPoolExecutor.java:1074)
        at java.util.concurrent.ThreadPoolExecutor.runWorker(ThreadPoolExecutor.java:1134)
        at java.util.concurrent.ThreadPoolExecutor$Worker.run(ThreadPoolExecutor.java:624)
        at java.lang.Thread.run(Thread.java:748)
"qtp1018742990-164" daemon prio=5 tid=164 timed_waiting
java.lang.Thread.State: TIMED_WAITING
        at sun.misc.Unsafe.park(Native Method)
        at java.util.concurrent.locks.LockSupport.parkNanos(LockSupport.java:215)
        at java.util.concurrent.locks.AbstractQueuedSynchronizer$ConditionObject.awaitNanos(AbstractQueuedSynchronizer.java:2078)
        at org.eclipse.jetty.util.BlockingArrayQueue.poll(BlockingArrayQueue.java:392)
        at org.eclipse.jetty.util.thread.QueuedThreadPool.idleJobPoll(QueuedThreadPool.java:563)
        at org.eclipse.jetty.util.thread.QueuedThreadPool.access$800(QueuedThreadPool.java:48)
        at org.eclipse.jetty.util.thread.QueuedThreadPool$2.run(QueuedThreadPool.java:626)
        at java.lang.Thread.run(Thread.java:748)
"qtp1894788146-94" daemon prio=5 tid=94 timed_waiting
java.lang.Thread.State: TIMED_WAITING
        at sun.misc.Unsafe.park(Native Method)
        at java.util.concurrent.locks.LockSupport.parkNanos(LockSupport.java:215)
        at java.util.concurrent.locks.AbstractQueuedSynchronizer$ConditionObject.awaitNanos(AbstractQueuedSynchronizer.java:2078)
        at org.eclipse.jetty.util.BlockingArrayQueue.poll(BlockingArrayQueue.java:392)
        at org.eclipse.jetty.util.thread.QueuedThreadPool.idleJobPoll(QueuedThreadPool.java:563)
        at org.eclipse.jetty.util.thread.QueuedThreadPool.access$800(QueuedThreadPool.java:48)
        at org.eclipse.jetty.util.thread.QueuedThreadPool$2.run(QueuedThreadPool.java:626)
        at java.lang.Thread.run(Thread.java:748)
"pool-89-thread-36"  prio=5 tid=487 in Object.wait()
java.lang.Thread.State: WAITING (on object monitor)
        at sun.misc.Unsafe.park(Native Method)
        at java.util.concurrent.locks.LockSupport.park(LockSupport.java:175)
        at java.util.concurrent.locks.AbstractQueuedSynchronizer$ConditionObject.await(AbstractQueuedSynchronizer.java:2039)
        at java.util.concurrent.ArrayBlockingQueue.take(ArrayBlockingQueue.java:403)
        at java.util.concurrent.ThreadPoolExecutor.getTask(ThreadPoolExecutor.java:1074)
        at java.util.concurrent.ThreadPoolExecutor.runWorker(ThreadPoolExecutor.java:1134)
        at java.util.concurrent.ThreadPoolExecutor$Worker.run(ThreadPoolExecutor.java:624)
        at java.lang.Thread.run(Thread.java:748)
"pool-47-thread-55"  prio=5 tid=386 in Object.wait()
java.lang.Thread.State: WAITING (on object monitor)
        at sun.misc.Unsafe.park(Native Method)
        at java.util.concurrent.locks.LockSupport.park(LockSupport.java:175)
        at java.util.concurrent.locks.AbstractQueuedSynchronizer$ConditionObject.await(AbstractQueuedSynchronizer.java:2039)
        at java.util.concurrent.ArrayBlockingQueue.take(ArrayBlockingQueue.java:403)
        at java.util.concurrent.ThreadPoolExecutor.getTask(ThreadPoolExecutor.java:1074)
        at java.util.concurrent.ThreadPoolExecutor.runWorker(ThreadPoolExecutor.java:1134)
        at java.util.concurrent.ThreadPoolExecutor$Worker.run(ThreadPoolExecutor.java:624)
        at java.lang.Thread.run(Thread.java:748)
"surefire-forkedjvm-ping-30s" daemon prio=5 tid=9 timed_waiting
java.lang.Thread.State: TIMED_WAITING
        at sun.misc.Unsafe.park(Native Method)
        at java.util.concurrent.locks.LockSupport.parkNanos(LockSupport.java:215)
        at java.util.concurrent.locks.AbstractQueuedSynchronizer$ConditionObject.awaitNanos(AbstractQueuedSynchronizer.java:2078)
        at java.util.concurrent.ScheduledThreadPoolExecutor$DelayedWorkQueue.take(ScheduledThreadPoolExecutor.java:1093)
        at java.util.concurrent.ScheduledThreadPoolExecutor$DelayedWorkQueue.take(ScheduledThreadPoolExecutor.java:809)
        at java.util.concurrent.ThreadPoolExecutor.getTask(ThreadPoolExecutor.java:1074)
        at java.util.concurrent.ThreadPoolExecutor.runWorker(ThreadPoolExecutor.java:1134)
        at java.util.concurrent.ThreadPoolExecutor$Worker.run(ThreadPoolExecutor.java:624)
        at java.lang.Thread.run(Thread.java:748)
"Thread-212" daemon prio=5 tid=557 timed_waiting
java.lang.Thread.State: TIMED_WAITING
        at sun.misc.Unsafe.park(Native Method)
        at java.util.concurrent.locks.LockSupport.parkNanos(LockSupport.java:215)
        at java.util.concurrent.locks.AbstractQueuedSynchronizer$ConditionObject.awaitNanos(AbstractQueuedSynchronizer.java:2078)
        at java.util.concurrent.ArrayBlockingQueue.poll(ArrayBlockingQueue.java:418)
        at org.apache.ratis.server.impl.LeaderState$EventQueue.poll(LeaderState.java:114)
        at org.apache.ratis.server.impl.LeaderState$EventProcessor.run(LeaderState.java:438)
"pool-89-thread-57"  prio=5 tid=508 in Object.wait()
java.lang.Thread.State: WAITING (on object monitor)
        at sun.misc.Unsafe.park(Native Method)
        at java.util.concurrent.locks.LockSupport.park(LockSupport.java:175)
        at java.util.concurrent.locks.AbstractQueuedSynchronizer$ConditionObject.await(AbstractQueuedSynchronizer.java:2039)
        at java.util.concurrent.ArrayBlockingQueue.take(ArrayBlockingQueue.java:403)
        at java.util.concurrent.ThreadPoolExecutor.getTask(ThreadPoolExecutor.java:1074)
        at java.util.concurrent.ThreadPoolExecutor.runWorker(ThreadPoolExecutor.java:1134)
        at java.util.concurrent.ThreadPoolExecutor$Worker.run(ThreadPoolExecutor.java:624)
        at java.lang.Thread.run(Thread.java:748)
"BlockDeletingService#1" daemon prio=5 tid=158 timed_waiting
java.lang.Thread.State: TIMED_WAITING
        at sun.misc.Unsafe.park(Native Method)
        at java.util.concurrent.locks.LockSupport.parkNanos(LockSupport.java:215)
        at java.util.concurrent.locks.AbstractQueuedSynchronizer$ConditionObject.awaitNanos(AbstractQueuedSynchronizer.java:2078)
        at java.util.concurrent.ScheduledThreadPoolExecutor$DelayedWorkQueue.take(ScheduledThreadPoolExecutor.java:1093)
        at java.util.concurrent.ScheduledThreadPoolExecutor$DelayedWorkQueue.take(ScheduledThreadPoolExecutor.java:809)
        at java.util.concurrent.ThreadPoolExecutor.getTask(ThreadPoolExecutor.java:1074)
        at java.util.concurrent.ThreadPoolExecutor.runWorker(ThreadPoolExecutor.java:1134)
        at java.util.concurrent.ThreadPoolExecutor$Worker.run(ThreadPoolExecutor.java:624)
        at java.lang.Thread.run(Thread.java:748)
"IPC Server handler 8 on 42937" daemon prio=5 tid=122 timed_waiting
java.lang.Thread.State: TIMED_WAITING
        at sun.misc.Unsafe.park(Native Method)
        at java.util.concurrent.locks.LockSupport.parkNanos(LockSupport.java:215)
        at java.util.concurrent.locks.AbstractQueuedSynchronizer$ConditionObject.awaitNanos(AbstractQueuedSynchronizer.java:2078)
        at java.util.concurrent.LinkedBlockingQueue.poll(LinkedBlockingQueue.java:467)
        at org.apache.hadoop.ipc.CallQueueManager.take(CallQueueManager.java:288)
        at org.apache.hadoop.ipc.Server$Handler.run(Server.java:2668)
"pool-89-thread-4"  prio=5 tid=455 in Object.wait()
java.lang.Thread.State: WAITING (on object monitor)
        at sun.misc.Unsafe.park(Native Method)
        at java.util.concurrent.locks.LockSupport.park(LockSupport.java:175)
        at java.util.concurrent.locks.AbstractQueuedSynchronizer$ConditionObject.await(AbstractQueuedSynchronizer.java:2039)
        at java.util.concurrent.ArrayBlockingQueue.take(ArrayBlockingQueue.java:403)
        at java.util.concurrent.ThreadPoolExecutor.getTask(ThreadPoolExecutor.java:1074)
        at java.util.concurrent.ThreadPoolExecutor.runWorker(ThreadPoolExecutor.java:1134)
        at java.util.concurrent.ThreadPoolExecutor$Worker.run(ThreadPoolExecutor.java:624)
        at java.lang.Thread.run(Thread.java:748)
"IPC Server handler 5 on 43271" daemon prio=5 tid=55 timed_waiting
java.lang.Thread.State: TIMED_WAITING
        at sun.misc.Unsafe.park(Native Method)
        at java.util.concurrent.locks.LockSupport.parkNanos(LockSupport.java:215)
        at java.util.concurrent.locks.AbstractQueuedSynchronizer$ConditionObject.awaitNanos(AbstractQueuedSynchronizer.java:2078)
        at java.util.concurrent.LinkedBlockingQueue.poll(LinkedBlockingQueue.java:467)
        at org.apache.hadoop.ipc.CallQueueManager.take(CallQueueManager.java:288)
        at org.apache.hadoop.ipc.Server$Handler.run(Server.java:2668)
"pool-26-thread-2"  prio=5 tid=272 in Object.wait()
java.lang.Thread.State: WAITING (on object monitor)
        at sun.misc.Unsafe.park(Native Method)
        at java.util.concurrent.locks.LockSupport.park(LockSupport.java:175)
        at java.util.concurrent.locks.AbstractQueuedSynchronizer$ConditionObject.await(AbstractQueuedSynchronizer.java:2039)
        at java.util.concurrent.ArrayBlockingQueue.take(ArrayBlockingQueue.java:403)
        at java.util.concurrent.ThreadPoolExecutor.getTask(ThreadPoolExecutor.java:1074)
        at java.util.concurrent.ThreadPoolExecutor.runWorker(ThreadPoolExecutor.java:1134)
        at java.util.concurrent.ThreadPoolExecutor$Worker.run(ThreadPoolExecutor.java:624)
        at java.lang.Thread.run(Thread.java:748)
"qtp1026506187-223" daemon prio=5 tid=223 timed_waiting
java.lang.Thread.State: TIMED_WAITING
        at sun.misc.Unsafe.park(Native Method)
        at java.util.concurrent.locks.LockSupport.parkNanos(LockSupport.java:215)
        at java.util.concurrent.locks.AbstractQueuedSynchronizer$ConditionObject.awaitNanos(AbstractQueuedSynchronizer.java:2078)
        at org.eclipse.jetty.util.BlockingArrayQueue.poll(BlockingArrayQueue.java:392)
        at org.eclipse.jetty.util.thread.QueuedThreadPool.idleJobPoll(QueuedThreadPool.java:563)
        at org.eclipse.jetty.util.thread.QueuedThreadPool.access$800(QueuedThreadPool.java:48)
        at org.eclipse.jetty.util.thread.QueuedThreadPool$2.run(QueuedThreadPool.java:626)
        at java.lang.Thread.run(Thread.java:748)
"pool-47-thread-10"  prio=5 tid=341 in Object.wait()
java.lang.Thread.State: WAITING (on object monitor)
        at sun.misc.Unsafe.park(Native Method)
        at java.util.concurrent.locks.LockSupport.park(LockSupport.java:175)
        at java.util.concurrent.locks.AbstractQueuedSynchronizer$ConditionObject.await(AbstractQueuedSynchronizer.java:2039)
        at java.util.concurrent.ArrayBlockingQueue.take(ArrayBlockingQueue.java:403)
        at java.util.concurrent.ThreadPoolExecutor.getTask(ThreadPoolExecutor.java:1074)
        at java.util.concurrent.ThreadPoolExecutor.runWorker(ThreadPoolExecutor.java:1134)
        at java.util.concurrent.ThreadPoolExecutor$Worker.run(ThreadPoolExecutor.java:624)
        at java.lang.Thread.run(Thread.java:748)
"pool-89-thread-16"  prio=5 tid=467 in Object.wait()
java.lang.Thread.State: WAITING (on object monitor)
        at sun.misc.Unsafe.park(Native Method)
        at java.util.concurrent.locks.LockSupport.park(LockSupport.java:175)
        at java.util.concurrent.locks.AbstractQueuedSynchronizer$ConditionObject.await(AbstractQueuedSynchronizer.java:2039)
        at java.util.concurrent.ArrayBlockingQueue.take(ArrayBlockingQueue.java:403)
        at java.util.concurrent.ThreadPoolExecutor.getTask(ThreadPoolExecutor.java:1074)
        at java.util.concurrent.ThreadPoolExecutor.runWorker(ThreadPoolExecutor.java:1134)
        at java.util.concurrent.ThreadPoolExecutor$Worker.run(ThreadPoolExecutor.java:624)
        at java.lang.Thread.run(Thread.java:748)
"IPC Server listener on 40125" daemon prio=5 tid=23 runnable
java.lang.Thread.State: RUNNABLE
        at sun.nio.ch.EPollArrayWrapper.epollWait(Native Method)
        at sun.nio.ch.EPollArrayWrapper.poll(EPollArrayWrapper.java:269)
        at sun.nio.ch.EPollSelectorImpl.doSelect(EPollSelectorImpl.java:93)
        at sun.nio.ch.SelectorImpl.lockAndDoSelect(SelectorImpl.java:86)
        at sun.nio.ch.SelectorImpl.select(SelectorImpl.java:97)
        at sun.nio.ch.SelectorImpl.select(SelectorImpl.java:101)
        at org.apache.hadoop.ipc.Server$Listener.run(Server.java:1159)
"pool-26-thread-25"  prio=5 tid=295 in Object.wait()
java.lang.Thread.State: WAITING (on object monitor)
        at sun.misc.Unsafe.park(Native Method)
        at java.util.concurrent.locks.LockSupport.park(LockSupport.java:175)
        at java.util.concurrent.locks.AbstractQueuedSynchronizer$ConditionObject.await(AbstractQueuedSynchronizer.java:2039)
        at java.util.concurrent.ArrayBlockingQueue.take(ArrayBlockingQueue.java:403)
        at java.util.concurrent.ThreadPoolExecutor.getTask(ThreadPoolExecutor.java:1074)
        at java.util.concurrent.ThreadPoolExecutor.runWorker(ThreadPoolExecutor.java:1134)
        at java.util.concurrent.ThreadPoolExecutor$Worker.run(ThreadPoolExecutor.java:624)
        at java.lang.Thread.run(Thread.java:748)
"grpc-default-executor-2" daemon prio=5 tid=543 timed_waiting
java.lang.Thread.State: TIMED_WAITING
        at sun.misc.Unsafe.park(Native Method)
        at java.util.concurrent.locks.LockSupport.parkNanos(LockSupport.java:215)
        at java.util.concurrent.SynchronousQueue$TransferStack.awaitFulfill(SynchronousQueue.java:460)
        at java.util.concurrent.SynchronousQueue$TransferStack.transfer(SynchronousQueue.java:362)
        at java.util.concurrent.SynchronousQueue.poll(SynchronousQueue.java:941)
        at java.util.concurrent.ThreadPoolExecutor.getTask(ThreadPoolExecutor.java:1073)
        at java.util.concurrent.ThreadPoolExecutor.runWorker(ThreadPoolExecutor.java:1134)
        at java.util.concurrent.ThreadPoolExecutor$Worker.run(ThreadPoolExecutor.java:624)
        at java.lang.Thread.run(Thread.java:748)
"pool-26-thread-14"  prio=5 tid=284 in Object.wait()
java.lang.Thread.State: WAITING (on object monitor)
        at sun.misc.Unsafe.park(Native Method)
        at java.util.concurrent.locks.LockSupport.park(LockSupport.java:175)
        at java.util.concurrent.locks.AbstractQueuedSynchronizer$ConditionObject.await(AbstractQueuedSynchronizer.java:2039)
        at java.util.concurrent.ArrayBlockingQueue.take(ArrayBlockingQueue.java:403)
        at java.util.concurrent.ThreadPoolExecutor.getTask(ThreadPoolExecutor.java:1074)
        at java.util.concurrent.ThreadPoolExecutor.runWorker(ThreadPoolExecutor.java:1134)
        at java.util.concurrent.ThreadPoolExecutor$Worker.run(ThreadPoolExecutor.java:624)
        at java.lang.Thread.run(Thread.java:748)
"org.apache.hadoop.util.JvmPauseMonitor$Monitor@29b33f9c" daemon prio=5 tid=211 timed_waiting
java.lang.Thread.State: TIMED_WAITING
        at java.lang.Thread.sleep(Native Method)
        at org.apache.hadoop.util.JvmPauseMonitor$Monitor.run(JvmPauseMonitor.java:192)
        at java.lang.Thread.run(Thread.java:748)
"pool-26-thread-4"  prio=5 tid=274 in Object.wait()
java.lang.Thread.State: WAITING (on object monitor)
        at sun.misc.Unsafe.park(Native Method)
        at java.util.concurrent.locks.LockSupport.park(LockSupport.java:175)
        at java.util.concurrent.locks.AbstractQueuedSynchronizer$ConditionObject.await(AbstractQueuedSynchronizer.java:2039)
        at java.util.concurrent.ArrayBlockingQueue.take(ArrayBlockingQueue.java:403)
        at java.util.concurrent.ThreadPoolExecutor.getTask(ThreadPoolExecutor.java:1074)
        at java.util.concurrent.ThreadPoolExecutor.runWorker(ThreadPoolExecutor.java:1134)
        at java.util.concurrent.ThreadPoolExecutor$Worker.run(ThreadPoolExecutor.java:624)
        at java.lang.Thread.run(Thread.java:748)
"IPC Server handler 8 on 34963" daemon prio=5 tid=78 timed_waiting
java.lang.Thread.State: TIMED_WAITING
        at sun.misc.Unsafe.park(Native Method)
        at java.util.concurrent.locks.LockSupport.parkNanos(LockSupport.java:215)
        at java.util.concurrent.locks.AbstractQueuedSynchronizer$ConditionObject.awaitNanos(AbstractQueuedSynchronizer.java:2078)
        at java.util.concurrent.LinkedBlockingQueue.poll(LinkedBlockingQueue.java:467)
        at org.apache.hadoop.ipc.CallQueueManager.take(CallQueueManager.java:288)
        at org.apache.hadoop.ipc.Server$Handler.run(Server.java:2668)
"qtp1894788146-91-acceptor-0@fe35615-ServerConnector@28a0fd6c{HTTP/1.1,[http/1.1]}{0.0.0.0:44485}" daemon prio=3 tid=91 runnable
java.lang.Thread.State: RUNNABLE
        at sun.nio.ch.ServerSocketChannelImpl.accept0(Native Method)
        at sun.nio.ch.ServerSocketChannelImpl.accept(ServerSocketChannelImpl.java:422)
        at sun.nio.ch.ServerSocketChannelImpl.accept(ServerSocketChannelImpl.java:250)
        at org.eclipse.jetty.server.ServerConnector.accept(ServerConnector.java:397)
        at org.eclipse.jetty.server.AbstractConnector$Acceptor.run(AbstractConnector.java:601)
        at org.eclipse.jetty.util.thread.QueuedThreadPool.runJob(QueuedThreadPool.java:671)
        at org.eclipse.jetty.util.thread.QueuedThreadPool$2.run(QueuedThreadPool.java:589)
        at java.lang.Thread.run(Thread.java:748)
"pool-89-thread-19"  prio=5 tid=470 in Object.wait()
java.lang.Thread.State: WAITING (on object monitor)
        at sun.misc.Unsafe.park(Native Method)
        at java.util.concurrent.locks.LockSupport.park(LockSupport.java:175)
        at java.util.concurrent.locks.AbstractQueuedSynchronizer$ConditionObject.await(AbstractQueuedSynchronizer.java:2039)
        at java.util.concurrent.ArrayBlockingQueue.take(ArrayBlockingQueue.java:403)
        at java.util.concurrent.ThreadPoolExecutor.getTask(ThreadPoolExecutor.java:1074)
        at java.util.concurrent.ThreadPoolExecutor.runWorker(ThreadPoolExecutor.java:1134)
        at java.util.concurrent.ThreadPoolExecutor$Worker.run(ThreadPoolExecutor.java:624)
        at java.lang.Thread.run(Thread.java:748)
"BlockDeletingService#1" daemon prio=5 tid=248 timed_waiting
java.lang.Thread.State: TIMED_WAITING
        at sun.misc.Unsafe.park(Native Method)
        at java.util.concurrent.locks.LockSupport.parkNanos(LockSupport.java:215)
        at java.util.concurrent.locks.AbstractQueuedSynchronizer$ConditionObject.awaitNanos(AbstractQueuedSynchronizer.java:2078)
        at java.util.concurrent.ScheduledThreadPoolExecutor$DelayedWorkQueue.take(ScheduledThreadPoolExecutor.java:1093)
        at java.util.concurrent.ScheduledThreadPoolExecutor$DelayedWorkQueue.take(ScheduledThreadPoolExecutor.java:809)
        at java.util.concurrent.ThreadPoolExecutor.getTask(ThreadPoolExecutor.java:1074)
        at java.util.concurrent.ThreadPoolExecutor.runWorker(ThreadPoolExecutor.java:1134)
        at java.util.concurrent.ThreadPoolExecutor$Worker.run(ThreadPoolExecutor.java:624)
        at java.lang.Thread.run(Thread.java:748)
"pool-68-thread-6"  prio=5 tid=397 in Object.wait()
java.lang.Thread.State: WAITING (on object monitor)
        at sun.misc.Unsafe.park(Native Method)
        at java.util.concurrent.locks.LockSupport.park(LockSupport.java:175)
        at java.util.concurrent.locks.AbstractQueuedSynchronizer$ConditionObject.await(AbstractQueuedSynchronizer.java:2039)
        at java.util.concurrent.ArrayBlockingQueue.take(ArrayBlockingQueue.java:403)
        at java.util.concurrent.ThreadPoolExecutor.getTask(ThreadPoolExecutor.java:1074)
        at java.util.concurrent.ThreadPoolExecutor.runWorker(ThreadPoolExecutor.java:1134)
        at java.util.concurrent.ThreadPoolExecutor$Worker.run(ThreadPoolExecutor.java:624)
        at java.lang.Thread.run(Thread.java:748)
"qtp790689709-191-acceptor-0@2512c58a-ServerConnector@262a1fad{HTTP/1.1,[http/1.1]}{0.0.0.0:35287}" daemon prio=3 tid=191 runnable
java.lang.Thread.State: RUNNABLE
        at sun.nio.ch.ServerSocketChannelImpl.accept0(Native Method)
        at sun.nio.ch.ServerSocketChannelImpl.accept(ServerSocketChannelImpl.java:422)
        at sun.nio.ch.ServerSocketChannelImpl.accept(ServerSocketChannelImpl.java:250)
        at org.eclipse.jetty.server.ServerConnector.accept(ServerConnector.java:397)
        at org.eclipse.jetty.server.AbstractConnector$Acceptor.run(AbstractConnector.java:601)
        at org.eclipse.jetty.util.thread.QueuedThreadPool.runJob(QueuedThreadPool.java:671)
        at org.eclipse.jetty.util.thread.QueuedThreadPool$2.run(QueuedThreadPool.java:589)
        at java.lang.Thread.run(Thread.java:748)
"IPC Server Responder" daemon prio=5 tid=18 runnable
java.lang.Thread.State: RUNNABLE
        at sun.nio.ch.EPollArrayWrapper.epollWait(Native Method)
        at sun.nio.ch.EPollArrayWrapper.poll(EPollArrayWrapper.java:269)
        at sun.nio.ch.EPollSelectorImpl.doSelect(EPollSelectorImpl.java:93)
        at sun.nio.ch.SelectorImpl.lockAndDoSelect(SelectorImpl.java:86)
        at sun.nio.ch.SelectorImpl.select(SelectorImpl.java:97)
        at org.apache.hadoop.ipc.Server$Responder.doRunLoop(Server.java:1334)
        at org.apache.hadoop.ipc.Server$Responder.run(Server.java:1317)
"Datanode State Machine Thread - 0" daemon prio=5 tid=185 timed_waiting
java.lang.Thread.State: TIMED_WAITING
        at sun.misc.Unsafe.park(Native Method)
        at java.util.concurrent.locks.LockSupport.parkNanos(LockSupport.java:215)
        at java.util.concurrent.SynchronousQueue$TransferStack.awaitFulfill(SynchronousQueue.java:460)
        at java.util.concurrent.SynchronousQueue$TransferStack.transfer(SynchronousQueue.java:362)
        at java.util.concurrent.SynchronousQueue.poll(SynchronousQueue.java:941)
        at java.util.concurrent.ThreadPoolExecutor.getTask(ThreadPoolExecutor.java:1073)
        at java.util.concurrent.ThreadPoolExecutor.runWorker(ThreadPoolExecutor.java:1134)
        at java.util.concurrent.ThreadPoolExecutor$Worker.run(ThreadPoolExecutor.java:624)
        at java.lang.Thread.run(Thread.java:748)
"qtp1018742990-161-acceptor-0@4a0ea4fe-ServerConnector@2a2843ec{HTTP/1.1,[http/1.1]}{0.0.0.0:45519}" daemon prio=3 tid=161 runnable
java.lang.Thread.State: RUNNABLE
        at sun.nio.ch.ServerSocketChannelImpl.accept0(Native Method)
        at sun.nio.ch.ServerSocketChannelImpl.accept(ServerSocketChannelImpl.java:422)
        at sun.nio.ch.ServerSocketChannelImpl.accept(ServerSocketChannelImpl.java:250)
        at org.eclipse.jetty.server.ServerConnector.accept(ServerConnector.java:397)
        at org.eclipse.jetty.server.AbstractConnector$Acceptor.run(AbstractConnector.java:601)
        at org.eclipse.jetty.util.thread.QueuedThreadPool.runJob(QueuedThreadPool.java:671)
        at org.eclipse.jetty.util.thread.QueuedThreadPool$2.run(QueuedThreadPool.java:589)
        at java.lang.Thread.run(Thread.java:748)
"pool-89-thread-23"  prio=5 tid=474 in Object.wait()
java.lang.Thread.State: WAITING (on object monitor)
        at sun.misc.Unsafe.park(Native Method)
        at java.util.concurrent.locks.LockSupport.park(LockSupport.java:175)
        at java.util.concurrent.locks.AbstractQueuedSynchronizer$ConditionObject.await(AbstractQueuedSynchronizer.java:2039)
        at java.util.concurrent.ArrayBlockingQueue.take(ArrayBlockingQueue.java:403)
        at java.util.concurrent.ThreadPoolExecutor.getTask(ThreadPoolExecutor.java:1074)
        at java.util.concurrent.ThreadPoolExecutor.runWorker(ThreadPoolExecutor.java:1134)
        at java.util.concurrent.ThreadPoolExecutor$Worker.run(ThreadPoolExecutor.java:624)
        at java.lang.Thread.run(Thread.java:748)
"IPC Server handler 4 on 43271" daemon prio=5 tid=54 timed_waiting
java.lang.Thread.State: TIMED_WAITING
        at sun.misc.Unsafe.park(Native Method)
        at java.util.concurrent.locks.LockSupport.parkNanos(LockSupport.java:215)
        at java.util.concurrent.locks.AbstractQueuedSynchronizer$ConditionObject.awaitNanos(AbstractQueuedSynchronizer.java:2078)
        at java.util.concurrent.LinkedBlockingQueue.poll(LinkedBlockingQueue.java:467)
        at org.apache.hadoop.ipc.CallQueueManager.take(CallQueueManager.java:288)
        at org.apache.hadoop.ipc.Server$Handler.run(Server.java:2668)
"process reaper" daemon prio=10 tid=10 timed_waiting
java.lang.Thread.State: TIMED_WAITING
        at sun.misc.Unsafe.park(Native Method)
        at java.util.concurrent.locks.LockSupport.parkNanos(LockSupport.java:215)
        at java.util.concurrent.SynchronousQueue$TransferStack.awaitFulfill(SynchronousQueue.java:460)
        at java.util.concurrent.SynchronousQueue$TransferStack.transfer(SynchronousQueue.java:362)
        at java.util.concurrent.SynchronousQueue.poll(SynchronousQueue.java:941)
        at java.util.concurrent.ThreadPoolExecutor.getTask(ThreadPoolExecutor.java:1073)
        at java.util.concurrent.ThreadPoolExecutor.runWorker(ThreadPoolExecutor.java:1134)
        at java.util.concurrent.ThreadPoolExecutor$Worker.run(ThreadPoolExecutor.java:624)
        at java.lang.Thread.run(Thread.java:748)
"qtp1018742990-160" daemon prio=5 tid=160 runnable
java.lang.Thread.State: RUNNABLE
        at sun.nio.ch.EPollArrayWrapper.epollWait(Native Method)
        at sun.nio.ch.EPollArrayWrapper.poll(EPollArrayWrapper.java:269)
        at sun.nio.ch.EPollSelectorImpl.doSelect(EPollSelectorImpl.java:93)
        at sun.nio.ch.SelectorImpl.lockAndDoSelect(SelectorImpl.java:86)
        at sun.nio.ch.SelectorImpl.select(SelectorImpl.java:97)
        at sun.nio.ch.SelectorImpl.select(SelectorImpl.java:101)
        at org.eclipse.jetty.io.ManagedSelector$SelectorProducer.select(ManagedSelector.java:243)
        at org.eclipse.jetty.io.ManagedSelector$SelectorProducer.produce(ManagedSelector.java:191)
        at org.eclipse.jetty.util.thread.strategy.ExecuteProduceConsume.executeProduceConsume(ExecuteProduceConsume.java:249)
        at org.eclipse.jetty.util.thread.strategy.ExecuteProduceConsume.produceConsume(ExecuteProduceConsume.java:148)
        at org.eclipse.jetty.util.thread.strategy.ExecuteProduceConsume.execute(ExecuteProduceConsume.java:100)
        at org.eclipse.jetty.io.ManagedSelector.run(ManagedSelector.java:147)
        at org.eclipse.jetty.util.thread.QueuedThreadPool.runJob(QueuedThreadPool.java:671)
        at org.eclipse.jetty.util.thread.QueuedThreadPool$2.run(QueuedThreadPool.java:589)
        at java.lang.Thread.run(Thread.java:748)
"pool-26-thread-9"  prio=5 tid=279 in Object.wait()
java.lang.Thread.State: WAITING (on object monitor)
        at sun.misc.Unsafe.park(Native Method)
        at java.util.concurrent.locks.LockSupport.park(LockSupport.java:175)
        at java.util.concurrent.locks.AbstractQueuedSynchronizer$ConditionObject.await(AbstractQueuedSynchronizer.java:2039)
        at java.util.concurrent.ArrayBlockingQueue.take(ArrayBlockingQueue.java:403)
        at java.util.concurrent.ThreadPoolExecutor.getTask(ThreadPoolExecutor.java:1074)
        at java.util.concurrent.ThreadPoolExecutor.runWorker(ThreadPoolExecutor.java:1134)
        at java.util.concurrent.ThreadPoolExecutor$Worker.run(ThreadPoolExecutor.java:624)
        at java.lang.Thread.run(Thread.java:748)
"pool-89-thread-42"  prio=5 tid=493 in Object.wait()
java.lang.Thread.State: WAITING (on object monitor)
        at sun.misc.Unsafe.park(Native Method)
        at java.util.concurrent.locks.LockSupport.park(LockSupport.java:175)
        at java.util.concurrent.locks.AbstractQueuedSynchronizer$ConditionObject.await(AbstractQueuedSynchronizer.java:2039)
        at java.util.concurrent.ArrayBlockingQueue.take(ArrayBlockingQueue.java:403)
        at java.util.concurrent.ThreadPoolExecutor.getTask(ThreadPoolExecutor.java:1074)
        at java.util.concurrent.ThreadPoolExecutor.runWorker(ThreadPoolExecutor.java:1134)
        at java.util.concurrent.ThreadPoolExecutor$Worker.run(ThreadPoolExecutor.java:624)
        at java.lang.Thread.run(Thread.java:748)
"Socket Reader #1 for port 34963"  prio=5 tid=16 runnable
java.lang.Thread.State: RUNNABLE
        at sun.nio.ch.EPollArrayWrapper.epollWait(Native Method)
        at sun.nio.ch.EPollArrayWrapper.poll(EPollArrayWrapper.java:269)
        at sun.nio.ch.EPollSelectorImpl.doSelect(EPollSelectorImpl.java:93)
        at sun.nio.ch.SelectorImpl.lockAndDoSelect(SelectorImpl.java:86)
        at sun.nio.ch.SelectorImpl.select(SelectorImpl.java:97)
        at sun.nio.ch.SelectorImpl.select(SelectorImpl.java:101)
        at org.apache.hadoop.ipc.Server$Listener$Reader.doRunLoop(Server.java:1097)
        at org.apache.hadoop.ipc.Server$Listener$Reader.run(Server.java:1076)
"pool-68-thread-43"  prio=5 tid=434 in Object.wait()
java.lang.Thread.State: WAITING (on object monitor)
        at sun.misc.Unsafe.park(Native Method)
        at java.util.concurrent.locks.LockSupport.park(LockSupport.java:175)
        at java.util.concurrent.locks.AbstractQueuedSynchronizer$ConditionObject.await(AbstractQueuedSynchronizer.java:2039)
        at java.util.concurrent.ArrayBlockingQueue.take(ArrayBlockingQueue.java:403)
        at java.util.concurrent.ThreadPoolExecutor.getTask(ThreadPoolExecutor.java:1074)
        at java.util.concurrent.ThreadPoolExecutor.runWorker(ThreadPoolExecutor.java:1134)
        at java.util.concurrent.ThreadPoolExecutor$Worker.run(ThreadPoolExecutor.java:624)
        at java.lang.Thread.run(Thread.java:748)
"pool-89-thread-29"  prio=5 tid=480 in Object.wait()
java.lang.Thread.State: WAITING (on object monitor)
        at sun.misc.Unsafe.park(Native Method)
        at java.util.concurrent.locks.LockSupport.park(LockSupport.java:175)
        at java.util.concurrent.locks.AbstractQueuedSynchronizer$ConditionObject.await(AbstractQueuedSynchronizer.java:2039)
        at java.util.concurrent.ArrayBlockingQueue.take(ArrayBlockingQueue.java:403)
        at java.util.concurrent.ThreadPoolExecutor.getTask(ThreadPoolExecutor.java:1074)
        at java.util.concurrent.ThreadPoolExecutor.runWorker(ThreadPoolExecutor.java:1134)
        at java.util.concurrent.ThreadPoolExecutor$Worker.run(ThreadPoolExecutor.java:624)
        at java.lang.Thread.run(Thread.java:748)
"EventQueue-NodeReportForNodeReportHandler" daemon prio=5 tid=791 in Object.wait()
java.lang.Thread.State: WAITING (on object monitor)
        at sun.misc.Unsafe.park(Native Method)
        at java.util.concurrent.locks.LockSupport.park(LockSupport.java:175)
        at java.util.concurrent.locks.AbstractQueuedSynchronizer$ConditionObject.await(AbstractQueuedSynchronizer.java:2039)
        at java.util.concurrent.LinkedBlockingQueue.take(LinkedBlockingQueue.java:442)
        at java.util.concurrent.ThreadPoolExecutor.getTask(ThreadPoolExecutor.java:1074)
        at java.util.concurrent.ThreadPoolExecutor.runWorker(ThreadPoolExecutor.java:1134)
        at java.util.concurrent.ThreadPoolExecutor$Worker.run(ThreadPoolExecutor.java:624)
        at java.lang.Thread.run(Thread.java:748)
"BlockDeletingService#1" daemon prio=5 tid=218 in Object.wait()
java.lang.Thread.State: WAITING (on object monitor)
        at sun.misc.Unsafe.park(Native Method)
        at java.util.concurrent.locks.LockSupport.park(LockSupport.java:175)
        at java.util.concurrent.locks.AbstractQueuedSynchronizer$ConditionObject.await(AbstractQueuedSynchronizer.java:2039)
        at java.util.concurrent.ScheduledThreadPoolExecutor$DelayedWorkQueue.take(ScheduledThreadPoolExecutor.java:1088)
        at java.util.concurrent.ScheduledThreadPoolExecutor$DelayedWorkQueue.take(ScheduledThreadPoolExecutor.java:809)
        at java.util.concurrent.ThreadPoolExecutor.getTask(ThreadPoolExecutor.java:1074)
        at java.util.concurrent.ThreadPoolExecutor.runWorker(ThreadPoolExecutor.java:1134)
        at java.util.concurrent.ThreadPoolExecutor$Worker.run(ThreadPoolExecutor.java:624)
        at java.lang.Thread.run(Thread.java:748)
"qtp1018742990-163" daemon prio=5 tid=163 timed_waiting
java.lang.Thread.State: TIMED_WAITING
        at sun.misc.Unsafe.park(Native Method)
        at java.util.concurrent.locks.LockSupport.parkNanos(LockSupport.java:215)
        at java.util.concurrent.locks.AbstractQueuedSynchronizer$ConditionObject.awaitNanos(AbstractQueuedSynchronizer.java:2078)
        at org.eclipse.jetty.util.BlockingArrayQueue.poll(BlockingArrayQueue.java:392)
        at org.eclipse.jetty.util.thread.QueuedThreadPool.idleJobPoll(QueuedThreadPool.java:563)
        at org.eclipse.jetty.util.thread.QueuedThreadPool.access$800(QueuedThreadPool.java:48)
        at org.eclipse.jetty.util.thread.QueuedThreadPool$2.run(QueuedThreadPool.java:626)
        at java.lang.Thread.run(Thread.java:748)
"pool-47-thread-34"  prio=5 tid=365 in Object.wait()
java.lang.Thread.State: WAITING (on object monitor)
        at sun.misc.Unsafe.park(Native Method)
        at java.util.concurrent.locks.LockSupport.park(LockSupport.java:175)
        at java.util.concurrent.locks.AbstractQueuedSynchronizer$ConditionObject.await(AbstractQueuedSynchronizer.java:2039)
        at java.util.concurrent.ArrayBlockingQueue.take(ArrayBlockingQueue.java:403)
        at java.util.concurrent.ThreadPoolExecutor.getTask(ThreadPoolExecutor.java:1074)
        at java.util.concurrent.ThreadPoolExecutor.runWorker(ThreadPoolExecutor.java:1134)
        at java.util.concurrent.ThreadPoolExecutor$Worker.run(ThreadPoolExecutor.java:624)
        at java.lang.Thread.run(Thread.java:748)
"qtp1110014943-256" daemon prio=5 tid=256 timed_waiting
java.lang.Thread.State: TIMED_WAITING
        at sun.misc.Unsafe.park(Native Method)
        at java.util.concurrent.locks.LockSupport.parkNanos(LockSupport.java:215)
        at java.util.concurrent.locks.AbstractQueuedSynchronizer$ConditionObject.awaitNanos(AbstractQueuedSynchronizer.java:2078)
        at org.eclipse.jetty.util.BlockingArrayQueue.poll(BlockingArrayQueue.java:392)
        at org.eclipse.jetty.util.thread.QueuedThreadPool.idleJobPoll(QueuedThreadPool.java:563)
        at org.eclipse.jetty.util.thread.QueuedThreadPool.access$800(QueuedThreadPool.java:48)
        at org.eclipse.jetty.util.thread.QueuedThreadPool$2.run(QueuedThreadPool.java:626)
        at java.lang.Thread.run(Thread.java:748)
"pool-89-thread-56"  prio=5 tid=507 in Object.wait()
java.lang.Thread.State: WAITING (on object monitor)
        at sun.misc.Unsafe.park(Native Method)
        at java.util.concurrent.locks.LockSupport.park(LockSupport.java:175)
        at java.util.concurrent.locks.AbstractQueuedSynchronizer$ConditionObject.await(AbstractQueuedSynchronizer.java:2039)
        at java.util.concurrent.ArrayBlockingQueue.take(ArrayBlockingQueue.java:403)
        at java.util.concurrent.ThreadPoolExecutor.getTask(ThreadPoolExecutor.java:1074)
        at java.util.concurrent.ThreadPoolExecutor.runWorker(ThreadPoolExecutor.java:1134)
        at java.util.concurrent.ThreadPoolExecutor$Worker.run(ThreadPoolExecutor.java:624)
        at java.lang.Thread.run(Thread.java:748)
"pool-47-thread-2"  prio=5 tid=333 in Object.wait()
java.lang.Thread.State: WAITING (on object monitor)
        at sun.misc.Unsafe.park(Native Method)
        at java.util.concurrent.locks.LockSupport.park(LockSupport.java:175)
        at java.util.concurrent.locks.AbstractQueuedSynchronizer$ConditionObject.await(AbstractQueuedSynchronizer.java:2039)
        at java.util.concurrent.ArrayBlockingQueue.take(ArrayBlockingQueue.java:403)
        at java.util.concurrent.ThreadPoolExecutor.getTask(ThreadPoolExecutor.java:1074)
        at java.util.concurrent.ThreadPoolExecutor.runWorker(ThreadPoolExecutor.java:1134)
        at java.util.concurrent.ThreadPoolExecutor$Worker.run(ThreadPoolExecutor.java:624)
        at java.lang.Thread.run(Thread.java:748)
"pool-68-thread-3"  prio=5 tid=394 in Object.wait()
java.lang.Thread.State: WAITING (on object monitor)
        at sun.misc.Unsafe.park(Native Method)
        at java.util.concurrent.locks.LockSupport.park(LockSupport.java:175)
        at java.util.concurrent.locks.AbstractQueuedSynchronizer$ConditionObject.await(AbstractQueuedSynchronizer.java:2039)
        at java.util.concurrent.ArrayBlockingQueue.take(ArrayBlockingQueue.java:403)
        at java.util.concurrent.ThreadPoolExecutor.getTask(ThreadPoolExecutor.java:1074)
        at java.util.concurrent.ThreadPoolExecutor.runWorker(ThreadPoolExecutor.java:1134)
        at java.util.concurrent.ThreadPoolExecutor$Worker.run(ThreadPoolExecutor.java:624)
        at java.lang.Thread.run(Thread.java:748)
"Datanode ReportManager Thread - 0" daemon prio=5 tid=263 in Object.wait()
java.lang.Thread.State: WAITING (on object monitor)
        at sun.misc.Unsafe.park(Native Method)
        at java.util.concurrent.locks.LockSupport.park(LockSupport.java:175)
        at java.util.concurrent.locks.AbstractQueuedSynchronizer$ConditionObject.await(AbstractQueuedSynchronizer.java:2039)
        at java.util.concurrent.ScheduledThreadPoolExecutor$DelayedWorkQueue.take(ScheduledThreadPoolExecutor.java:1088)
        at java.util.concurrent.ScheduledThreadPoolExecutor$DelayedWorkQueue.take(ScheduledThreadPoolExecutor.java:809)
        at java.util.concurrent.ThreadPoolExecutor.getTask(ThreadPoolExecutor.java:1074)
        at java.util.concurrent.ThreadPoolExecutor.runWorker(ThreadPoolExecutor.java:1134)
        at java.util.concurrent.ThreadPoolExecutor$Worker.run(ThreadPoolExecutor.java:624)
        at java.lang.Thread.run(Thread.java:748)
"pool-26-thread-20"  prio=5 tid=290 in Object.wait()
java.lang.Thread.State: WAITING (on object monitor)
        at sun.misc.Unsafe.park(Native Method)
        at java.util.concurrent.locks.LockSupport.park(LockSupport.java:175)
        at java.util.concurrent.locks.AbstractQueuedSynchronizer$ConditionObject.await(AbstractQueuedSynchronizer.java:2039)
        at java.util.concurrent.ArrayBlockingQueue.take(ArrayBlockingQueue.java:403)
        at java.util.concurrent.ThreadPoolExecutor.getTask(ThreadPoolExecutor.java:1074)
        at java.util.concurrent.ThreadPoolExecutor.runWorker(ThreadPoolExecutor.java:1134)
        at java.util.concurrent.ThreadPoolExecutor$Worker.run(ThreadPoolExecutor.java:624)
        at java.lang.Thread.run(Thread.java:748)
"pool-68-thread-31"  prio=5 tid=422 in Object.wait()
java.lang.Thread.State: WAITING (on object monitor)
        at sun.misc.Unsafe.park(Native Method)
        at java.util.concurrent.locks.LockSupport.park(LockSupport.java:175)
        at java.util.concurrent.locks.AbstractQueuedSynchronizer$ConditionObject.await(AbstractQueuedSynchronizer.java:2039)
        at java.util.concurrent.ArrayBlockingQueue.take(ArrayBlockingQueue.java:403)
        at java.util.concurrent.ThreadPoolExecutor.getTask(ThreadPoolExecutor.java:1074)
        at java.util.concurrent.ThreadPoolExecutor.runWorker(ThreadPoolExecutor.java:1134)
        at java.util.concurrent.ThreadPoolExecutor$Worker.run(ThreadPoolExecutor.java:624)
        at java.lang.Thread.run(Thread.java:748)
"IPC Server handler 19 on 43271" daemon prio=5 tid=69 timed_waiting
java.lang.Thread.State: TIMED_WAITING
        at sun.misc.Unsafe.park(Native Method)
        at java.util.concurrent.locks.LockSupport.parkNanos(LockSupport.java:215)
        at java.util.concurrent.locks.AbstractQueuedSynchronizer$ConditionObject.awaitNanos(AbstractQueuedSynchronizer.java:2078)
        at java.util.concurrent.LinkedBlockingQueue.poll(LinkedBlockingQueue.java:467)
        at org.apache.hadoop.ipc.CallQueueManager.take(CallQueueManager.java:288)
        at org.apache.hadoop.ipc.Server$Handler.run(Server.java:2668)
"pool-68-thread-1"  prio=5 tid=392 in Object.wait()
java.lang.Thread.State: WAITING (on object monitor)
        at sun.misc.Unsafe.park(Native Method)
        at java.util.concurrent.locks.LockSupport.park(LockSupport.java:175)
        at java.util.concurrent.locks.AbstractQueuedSynchronizer$ConditionObject.await(AbstractQueuedSynchronizer.java:2039)
        at java.util.concurrent.ArrayBlockingQueue.take(ArrayBlockingQueue.java:403)
        at java.util.concurrent.ThreadPoolExecutor.getTask(ThreadPoolExecutor.java:1074)
        at java.util.concurrent.ThreadPoolExecutor.runWorker(ThreadPoolExecutor.java:1134)
        at java.util.concurrent.ThreadPoolExecutor$Worker.run(ThreadPoolExecutor.java:624)
        at java.lang.Thread.run(Thread.java:748)
"pool-47-thread-48"  prio=5 tid=379 in Object.wait()
java.lang.Thread.State: WAITING (on object monitor)
        at sun.misc.Unsafe.park(Native Method)
        at java.util.concurrent.locks.LockSupport.park(LockSupport.java:175)
        at java.util.concurrent.locks.AbstractQueuedSynchronizer$ConditionObject.await(AbstractQueuedSynchronizer.java:2039)
        at java.util.concurrent.ArrayBlockingQueue.take(ArrayBlockingQueue.java:403)
        at java.util.concurrent.ThreadPoolExecutor.getTask(ThreadPoolExecutor.java:1074)
        at java.util.concurrent.ThreadPoolExecutor.runWorker(ThreadPoolExecutor.java:1134)
        at java.util.concurrent.ThreadPoolExecutor$Worker.run(ThreadPoolExecutor.java:624)
        at java.lang.Thread.run(Thread.java:748)
"Datanode ReportManager Thread - 1" daemon prio=5 tid=234 in Object.wait()
java.lang.Thread.State: WAITING (on object monitor)
        at sun.misc.Unsafe.park(Native Method)
        at java.util.concurrent.locks.LockSupport.park(LockSupport.java:175)
        at java.util.concurrent.locks.AbstractQueuedSynchronizer$ConditionObject.await(AbstractQueuedSynchronizer.java:2039)
        at java.util.concurrent.ScheduledThreadPoolExecutor$DelayedWorkQueue.take(ScheduledThreadPoolExecutor.java:1088)
        at java.util.concurrent.ScheduledThreadPoolExecutor$DelayedWorkQueue.take(ScheduledThreadPoolExecutor.java:809)
        at java.util.concurrent.ThreadPoolExecutor.getTask(ThreadPoolExecutor.java:1074)
        at java.util.concurrent.ThreadPoolExecutor.runWorker(ThreadPoolExecutor.java:1134)
        at java.util.concurrent.ThreadPoolExecutor$Worker.run(ThreadPoolExecutor.java:624)
        at java.lang.Thread.run(Thread.java:748)
"IPC Server handler 18 on 34963" daemon prio=5 tid=88 timed_waiting
java.lang.Thread.State: TIMED_WAITING
        at sun.misc.Unsafe.park(Native Method)
        at java.util.concurrent.locks.LockSupport.parkNanos(LockSupport.java:215)
        at java.util.concurrent.locks.AbstractQueuedSynchronizer$ConditionObject.awaitNanos(AbstractQueuedSynchronizer.java:2078)
        at java.util.concurrent.LinkedBlockingQueue.poll(LinkedBlockingQueue.java:467)
        at org.apache.hadoop.ipc.CallQueueManager.take(CallQueueManager.java:288)
        at org.apache.hadoop.ipc.Server$Handler.run(Server.java:2668)
"pool-26-thread-27"  prio=5 tid=297 in Object.wait()
java.lang.Thread.State: WAITING (on object monitor)
        at sun.misc.Unsafe.park(Native Method)
        at java.util.concurrent.locks.LockSupport.park(LockSupport.java:175)
        at java.util.concurrent.locks.AbstractQueuedSynchronizer$ConditionObject.await(AbstractQueuedSynchronizer.java:2039)
        at java.util.concurrent.ArrayBlockingQueue.take(ArrayBlockingQueue.java:403)
        at java.util.concurrent.ThreadPoolExecutor.getTask(ThreadPoolExecutor.java:1074)
        at java.util.concurrent.ThreadPoolExecutor.runWorker(ThreadPoolExecutor.java:1134)
        at java.util.concurrent.ThreadPoolExecutor$Worker.run(ThreadPoolExecutor.java:624)
        at java.lang.Thread.run(Thread.java:748)
"pool-26-thread-3"  prio=5 tid=273 in Object.wait()
java.lang.Thread.State: WAITING (on object monitor)
        at sun.misc.Unsafe.park(Native Method)
        at java.util.concurrent.locks.LockSupport.park(LockSupport.java:175)
        at java.util.concurrent.locks.AbstractQueuedSynchronizer$ConditionObject.await(AbstractQueuedSynchronizer.java:2039)
        at java.util.concurrent.ArrayBlockingQueue.take(ArrayBlockingQueue.java:403)
        at java.util.concurrent.ThreadPoolExecutor.getTask(ThreadPoolExecutor.java:1074)
        at java.util.concurrent.ThreadPoolExecutor.runWorker(ThreadPoolExecutor.java:1134)
        at java.util.concurrent.ThreadPoolExecutor$Worker.run(ThreadPoolExecutor.java:624)
        at java.lang.Thread.run(Thread.java:748)
"pool-45-thread-1" daemon prio=5 tid=183 timed_waiting
java.lang.Thread.State: TIMED_WAITING
        at sun.misc.Unsafe.park(Native Method)
        at java.util.concurrent.locks.LockSupport.parkNanos(LockSupport.java:215)
        at java.util.concurrent.locks.AbstractQueuedSynchronizer$ConditionObject.awaitNanos(AbstractQueuedSynchronizer.java:2078)
        at java.util.concurrent.ScheduledThreadPoolExecutor$DelayedWorkQueue.take(ScheduledThreadPoolExecutor.java:1093)
        at java.util.concurrent.ScheduledThreadPoolExecutor$DelayedWorkQueue.take(ScheduledThreadPoolExecutor.java:809)
        at java.util.concurrent.ThreadPoolExecutor.getTask(ThreadPoolExecutor.java:1074)
        at java.util.concurrent.ThreadPoolExecutor.runWorker(ThreadPoolExecutor.java:1134)
        at java.util.concurrent.ThreadPoolExecutor$Worker.run(ThreadPoolExecutor.java:624)
        at java.lang.Thread.run(Thread.java:748)
"Periodic HDDS volume checker"  prio=5 tid=174 timed_waiting
java.lang.Thread.State: TIMED_WAITING
        at sun.misc.Unsafe.park(Native Method)
        at java.util.concurrent.locks.LockSupport.parkNanos(LockSupport.java:215)
        at java.util.concurrent.locks.AbstractQueuedSynchronizer$ConditionObject.awaitNanos(AbstractQueuedSynchronizer.java:2078)
        at java.util.concurrent.ScheduledThreadPoolExecutor$DelayedWorkQueue.take(ScheduledThreadPoolExecutor.java:1093)
        at java.util.concurrent.ScheduledThreadPoolExecutor$DelayedWorkQueue.take(ScheduledThreadPoolExecutor.java:809)
        at java.util.concurrent.ThreadPoolExecutor.getTask(ThreadPoolExecutor.java:1074)
        at java.util.concurrent.ThreadPoolExecutor.runWorker(ThreadPoolExecutor.java:1134)
        at java.util.concurrent.ThreadPoolExecutor$Worker.run(ThreadPoolExecutor.java:624)
        at java.lang.Thread.run(Thread.java:748)
"IPC Server idle connection scanner for port 43271" daemon prio=5 tid=21 timed_waiting
java.lang.Thread.State: TIMED_WAITING
        at java.lang.Object.wait(Native Method)
        at java.util.TimerThread.mainLoop(Timer.java:552)
        at java.util.TimerThread.run(Timer.java:505)
"qtp1110014943-254" daemon prio=5 tid=254 timed_waiting
java.lang.Thread.State: TIMED_WAITING
        at sun.misc.Unsafe.park(Native Method)
        at java.util.concurrent.locks.LockSupport.parkNanos(LockSupport.java:215)
        at java.util.concurrent.locks.AbstractQueuedSynchronizer$ConditionObject.awaitNanos(AbstractQueuedSynchronizer.java:2078)
        at org.eclipse.jetty.util.BlockingArrayQueue.poll(BlockingArrayQueue.java:392)
        at org.eclipse.jetty.util.thread.QueuedThreadPool.idleJobPoll(QueuedThreadPool.java:563)
        at org.eclipse.jetty.util.thread.QueuedThreadPool.access$800(QueuedThreadPool.java:48)
        at org.eclipse.jetty.util.thread.QueuedThreadPool$2.run(QueuedThreadPool.java:626)
        at java.lang.Thread.run(Thread.java:748)
"java.util.concurrent.ThreadPoolExecutor$Worker@3003f46c[State = -1, empty queue]" daemon prio=5 tid=570 timed_waiting
java.lang.Thread.State: TIMED_WAITING
        at sun.misc.Unsafe.park(Native Method)
        at java.util.concurrent.locks.LockSupport.parkNanos(LockSupport.java:215)
        at java.util.concurrent.locks.AbstractQueuedSynchronizer$ConditionObject.awaitNanos(AbstractQueuedSynchronizer.java:2078)
        at java.util.concurrent.ScheduledThreadPoolExecutor$DelayedWorkQueue.take(ScheduledThreadPoolExecutor.java:1093)
        at java.util.concurrent.ScheduledThreadPoolExecutor$DelayedWorkQueue.take(ScheduledThreadPoolExecutor.java:809)
        at java.util.concurrent.ThreadPoolExecutor.getTask(ThreadPoolExecutor.java:1074)
        at java.util.concurrent.ThreadPoolExecutor.runWorker(ThreadPoolExecutor.java:1134)
        at java.util.concurrent.ThreadPoolExecutor$Worker.run(ThreadPoolExecutor.java:624)
        at java.lang.Thread.run(Thread.java:748)
"BlockDeletingService#2" daemon prio=5 tid=792 in Object.wait()
java.lang.Thread.State: WAITING (on object monitor)
        at sun.misc.Unsafe.park(Native Method)
        at java.util.concurrent.locks.LockSupport.park(LockSupport.java:175)
        at java.util.concurrent.locks.AbstractQueuedSynchronizer$ConditionObject.await(AbstractQueuedSynchronizer.java:2039)
        at java.util.concurrent.ScheduledThreadPoolExecutor$DelayedWorkQueue.take(ScheduledThreadPoolExecutor.java:1088)
        at java.util.concurrent.ScheduledThreadPoolExecutor$DelayedWorkQueue.take(ScheduledThreadPoolExecutor.java:809)
        at java.util.concurrent.ThreadPoolExecutor.getTask(ThreadPoolExecutor.java:1074)
        at java.util.concurrent.ThreadPoolExecutor.runWorker(ThreadPoolExecutor.java:1134)
        at java.util.concurrent.ThreadPoolExecutor$Worker.run(ThreadPoolExecutor.java:624)
        at java.lang.Thread.run(Thread.java:748)
"pool-47-thread-28"  prio=5 tid=359 in Object.wait()
java.lang.Thread.State: WAITING (on object monitor)
        at sun.misc.Unsafe.park(Native Method)
        at java.util.concurrent.locks.LockSupport.park(LockSupport.java:175)
        at java.util.concurrent.locks.AbstractQueuedSynchronizer$ConditionObject.await(AbstractQueuedSynchronizer.java:2039)
        at java.util.concurrent.ArrayBlockingQueue.take(ArrayBlockingQueue.java:403)
        at java.util.concurrent.ThreadPoolExecutor.getTask(ThreadPoolExecutor.java:1074)
        at java.util.concurrent.ThreadPoolExecutor.runWorker(ThreadPoolExecutor.java:1134)
        at java.util.concurrent.ThreadPoolExecutor$Worker.run(ThreadPoolExecutor.java:624)
        at java.lang.Thread.run(Thread.java:748)
"IPC Server handler 17 on 40125" daemon prio=5 tid=47 timed_waiting
java.lang.Thread.State: TIMED_WAITING
        at sun.misc.Unsafe.park(Native Method)
        at java.util.concurrent.locks.LockSupport.parkNanos(LockSupport.java:215)
        at java.util.concurrent.locks.AbstractQueuedSynchronizer$ConditionObject.awaitNanos(AbstractQueuedSynchronizer.java:2078)
        at java.util.concurrent.LinkedBlockingQueue.poll(LinkedBlockingQueue.java:467)
        at org.apache.hadoop.ipc.CallQueueManager.take(CallQueueManager.java:288)
        at org.apache.hadoop.ipc.Server$Handler.run(Server.java:2668)
"pool-89-thread-5"  prio=5 tid=456 in Object.wait()
java.lang.Thread.State: WAITING (on object monitor)
        at sun.misc.Unsafe.park(Native Method)
        at java.util.concurrent.locks.LockSupport.park(LockSupport.java:175)
        at java.util.concurrent.locks.AbstractQueuedSynchronizer$ConditionObject.await(AbstractQueuedSynchronizer.java:2039)
        at java.util.concurrent.ArrayBlockingQueue.take(ArrayBlockingQueue.java:403)
        at java.util.concurrent.ThreadPoolExecutor.getTask(ThreadPoolExecutor.java:1074)
        at java.util.concurrent.ThreadPoolExecutor.runWorker(ThreadPoolExecutor.java:1134)
        at java.util.concurrent.ThreadPoolExecutor$Worker.run(ThreadPoolExecutor.java:624)
        at java.lang.Thread.run(Thread.java:748)
"74d2ffc1-745f-4c1a-9401-137b1ece8223-RaftLogWorker"  prio=5 tid=549 timed_waiting
java.lang.Thread.State: TIMED_WAITING
        at sun.misc.Unsafe.park(Native Method)
        at java.util.concurrent.locks.LockSupport.parkNanos(LockSupport.java:215)
        at java.util.concurrent.locks.AbstractQueuedSynchronizer$ConditionObject.awaitNanos(AbstractQueuedSynchronizer.java:2078)
        at org.apache.ratis.util.DataBlockingQueue.poll(DataBlockingQueue.java:137)
        at org.apache.ratis.server.storage.RaftLogWorker.run(RaftLogWorker.java:216)
        at java.lang.Thread.run(Thread.java:748)
"pool-68-thread-48"  prio=5 tid=439 in Object.wait()
java.lang.Thread.State: WAITING (on object monitor)
        at sun.misc.Unsafe.park(Native Method)
        at java.util.concurrent.locks.LockSupport.park(LockSupport.java:175)
        at java.util.concurrent.locks.AbstractQueuedSynchronizer$ConditionObject.await(AbstractQueuedSynchronizer.java:2039)
        at java.util.concurrent.ArrayBlockingQueue.take(ArrayBlockingQueue.java:403)
        at java.util.concurrent.ThreadPoolExecutor.getTask(ThreadPoolExecutor.java:1074)
        at java.util.concurrent.ThreadPoolExecutor.runWorker(ThreadPoolExecutor.java:1134)
        at java.util.concurrent.ThreadPoolExecutor$Worker.run(ThreadPoolExecutor.java:624)
        at java.lang.Thread.run(Thread.java:748)
"nioEventLoopGroup-8-1"  prio=10 tid=261 runnable
java.lang.Thread.State: RUNNABLE
        at sun.nio.ch.EPollArrayWrapper.epollWait(Native Method)
        at sun.nio.ch.EPollArrayWrapper.poll(EPollArrayWrapper.java:269)
        at sun.nio.ch.EPollSelectorImpl.doSelect(EPollSelectorImpl.java:93)
        at sun.nio.ch.SelectorImpl.lockAndDoSelect(SelectorImpl.java:86)
        at sun.nio.ch.SelectorImpl.select(SelectorImpl.java:97)
        at io.netty.channel.nio.SelectedSelectionKeySetSelector.select(SelectedSelectionKeySetSelector.java:62)
        at io.netty.channel.nio.NioEventLoop.select(NioEventLoop.java:753)
        at io.netty.channel.nio.NioEventLoop.run(NioEventLoop.java:408)
        at io.netty.util.concurrent.SingleThreadEventExecutor$5.run(SingleThreadEventExecutor.java:897)
        at io.netty.util.concurrent.FastThreadLocalRunnable.run(FastThreadLocalRunnable.java:30)
        at java.lang.Thread.run(Thread.java:748)
"RatisPipelineUtilsThread"  prio=5 tid=516 timed_waiting
java.lang.Thread.State: TIMED_WAITING
        at sun.misc.Unsafe.park(Native Method)
        at java.util.concurrent.locks.LockSupport.parkNanos(LockSupport.java:215)
        at java.util.concurrent.locks.AbstractQueuedSynchronizer$ConditionObject.awaitNanos(AbstractQueuedSynchronizer.java:2078)
        at java.util.concurrent.ScheduledThreadPoolExecutor$DelayedWorkQueue.take(ScheduledThreadPoolExecutor.java:1093)
        at java.util.concurrent.ScheduledThreadPoolExecutor$DelayedWorkQueue.take(ScheduledThreadPoolExecutor.java:809)
        at java.util.concurrent.ThreadPoolExecutor.getTask(ThreadPoolExecutor.java:1074)
        at java.util.concurrent.ThreadPoolExecutor.runWorker(ThreadPoolExecutor.java:1134)
        at java.util.concurrent.ThreadPoolExecutor$Worker.run(ThreadPoolExecutor.java:624)
        at java.lang.Thread.run(Thread.java:748)
"pool-47-thread-45"  prio=5 tid=376 in Object.wait()
java.lang.Thread.State: WAITING (on object monitor)
        at sun.misc.Unsafe.park(Native Method)
        at java.util.concurrent.locks.LockSupport.park(LockSupport.java:175)
        at java.util.concurrent.locks.AbstractQueuedSynchronizer$ConditionObject.await(AbstractQueuedSynchronizer.java:2039)
        at java.util.concurrent.ArrayBlockingQueue.take(ArrayBlockingQueue.java:403)
        at java.util.concurrent.ThreadPoolExecutor.getTask(ThreadPoolExecutor.java:1074)
        at java.util.concurrent.ThreadPoolExecutor.runWorker(ThreadPoolExecutor.java:1134)
        at java.util.concurrent.ThreadPoolExecutor$Worker.run(ThreadPoolExecutor.java:624)
        at java.lang.Thread.run(Thread.java:748)
"StateMachineUpdater-5f623e1f-d5a1-46cb-80d7-44327f36f2e1-group-25FD6EF8E273" daemon prio=5 tid=537 in Object.wait()
java.lang.Thread.State: WAITING (on object monitor)
        at java.lang.Object.wait(Native Method)
        at java.lang.Object.wait(Object.java:502)
        at org.apache.ratis.server.impl.StateMachineUpdater.run(StateMachineUpdater.java:138)
        at java.lang.Thread.run(Thread.java:748)
"qtp1110014943-250" daemon prio=5 tid=250 runnable
java.lang.Thread.State: RUNNABLE
        at sun.nio.ch.EPollArrayWrapper.epollWait(Native Method)
        at sun.nio.ch.EPollArrayWrapper.poll(EPollArrayWrapper.java:269)
        at sun.nio.ch.EPollSelectorImpl.doSelect(EPollSelectorImpl.java:93)
        at sun.nio.ch.SelectorImpl.lockAndDoSelect(SelectorImpl.java:86)
        at sun.nio.ch.SelectorImpl.select(SelectorImpl.java:97)
        at sun.nio.ch.SelectorImpl.select(SelectorImpl.java:101)
        at org.eclipse.jetty.io.ManagedSelector$SelectorProducer.select(ManagedSelector.java:243)
        at org.eclipse.jetty.io.ManagedSelector$SelectorProducer.produce(ManagedSelector.java:191)
        at org.eclipse.jetty.util.thread.strategy.ExecuteProduceConsume.executeProduceConsume(ExecuteProduceConsume.java:249)
        at org.eclipse.jetty.util.thread.strategy.ExecuteProduceConsume.produceConsume(ExecuteProduceConsume.java:148)
        at org.eclipse.jetty.util.thread.strategy.ExecuteProduceConsume.execute(ExecuteProduceConsume.java:100)
        at org.eclipse.jetty.io.ManagedSelector.run(ManagedSelector.java:147)
        at org.eclipse.jetty.util.thread.QueuedThreadPool.runJob(QueuedThreadPool.java:671)
        at org.eclipse.jetty.util.thread.QueuedThreadPool$2.run(QueuedThreadPool.java:589)
        at java.lang.Thread.run(Thread.java:748)
"pool-89-thread-8"  prio=5 tid=459 in Object.wait()
java.lang.Thread.State: WAITING (on object monitor)
        at sun.misc.Unsafe.park(Native Method)
        at java.util.concurrent.locks.LockSupport.park(LockSupport.java:175)
        at java.util.concurrent.locks.AbstractQueuedSynchronizer$ConditionObject.await(AbstractQueuedSynchronizer.java:2039)
        at java.util.concurrent.ArrayBlockingQueue.take(ArrayBlockingQueue.java:403)
        at java.util.concurrent.ThreadPoolExecutor.getTask(ThreadPoolExecutor.java:1074)
        at java.util.concurrent.ThreadPoolExecutor.runWorker(ThreadPoolExecutor.java:1134)
        at java.util.concurrent.ThreadPoolExecutor$Worker.run(ThreadPoolExecutor.java:624)
        at java.lang.Thread.run(Thread.java:748)
"org.apache.hadoop.util.JvmPauseMonitor$Monitor@4f40c44a" daemon prio=5 tid=240 timed_waiting
java.lang.Thread.State: TIMED_WAITING
        at java.lang.Thread.sleep(Native Method)
        at org.apache.hadoop.util.JvmPauseMonitor$Monitor.run(JvmPauseMonitor.java:192)
        at java.lang.Thread.run(Thread.java:748)
"org.eclipse.jetty.server.session.HashSessionManager@585c13deTimer" daemon prio=5 tid=143 timed_waiting
java.lang.Thread.State: TIMED_WAITING
        at sun.misc.Unsafe.park(Native Method)
        at java.util.concurrent.locks.LockSupport.parkNanos(LockSupport.java:215)
        at java.util.concurrent.locks.AbstractQueuedSynchronizer$ConditionObject.awaitNanos(AbstractQueuedSynchronizer.java:2078)
        at java.util.concurrent.ScheduledThreadPoolExecutor$DelayedWorkQueue.take(ScheduledThreadPoolExecutor.java:1093)
        at java.util.concurrent.ScheduledThreadPoolExecutor$DelayedWorkQueue.take(ScheduledThreadPoolExecutor.java:809)
        at java.util.concurrent.ThreadPoolExecutor.getTask(ThreadPoolExecutor.java:1074)
        at java.util.concurrent.ThreadPoolExecutor.runWorker(ThreadPoolExecutor.java:1134)
        at java.util.concurrent.ThreadPoolExecutor$Worker.run(ThreadPoolExecutor.java:624)
        at java.lang.Thread.run(Thread.java:748)
"IPC Server handler 3 on 43271" daemon prio=5 tid=53 timed_waiting
java.lang.Thread.State: TIMED_WAITING
        at sun.misc.Unsafe.park(Native Method)
        at java.util.concurrent.locks.LockSupport.parkNanos(LockSupport.java:215)
        at java.util.concurrent.locks.AbstractQueuedSynchronizer$ConditionObject.awaitNanos(AbstractQueuedSynchronizer.java:2078)
        at java.util.concurrent.LinkedBlockingQueue.poll(LinkedBlockingQueue.java:467)
        at org.apache.hadoop.ipc.CallQueueManager.take(CallQueueManager.java:288)
        at org.apache.hadoop.ipc.Server$Handler.run(Server.java:2668)
"Timer-0"  prio=5 tid=113 timed_waiting
java.lang.Thread.State: TIMED_WAITING
        at java.lang.Object.wait(Native Method)
        at java.util.TimerThread.mainLoop(Timer.java:552)
        at java.util.TimerThread.run(Timer.java:505)
"pool-26-thread-55"  prio=5 tid=325 in Object.wait()
java.lang.Thread.State: WAITING (on object monitor)
        at sun.misc.Unsafe.park(Native Method)
        at java.util.concurrent.locks.LockSupport.park(LockSupport.java:175)
        at java.util.concurrent.locks.AbstractQueuedSynchronizer$ConditionObject.await(AbstractQueuedSynchronizer.java:2039)
        at java.util.concurrent.ArrayBlockingQueue.take(ArrayBlockingQueue.java:403)
        at java.util.concurrent.ThreadPoolExecutor.getTask(ThreadPoolExecutor.java:1074)
        at java.util.concurrent.ThreadPoolExecutor.runWorker(ThreadPoolExecutor.java:1134)
        at java.util.concurrent.ThreadPoolExecutor$Worker.run(ThreadPoolExecutor.java:624)
        at java.lang.Thread.run(Thread.java:748)
"Datanode State Machine Thread - 0" daemon prio=5 tid=262 timed_waiting
java.lang.Thread.State: TIMED_WAITING
        at java.lang.Thread.sleep(Native Method)
        at org.apache.hadoop.ozone.container.common.statemachine.DatanodeStateMachine.start(DatanodeStateMachine.java:191)
        at org.apache.hadoop.ozone.container.common.statemachine.DatanodeStateMachine.lambda$startDaemon$0(DatanodeStateMachine.java:349)
        at org.apache.hadoop.ozone.container.common.statemachine.DatanodeStateMachine$$Lambda$139/90628418.run(Unknown Source)
        at java.lang.Thread.run(Thread.java:748)
"pool-68-thread-53"  prio=5 tid=444 in Object.wait()
java.lang.Thread.State: WAITING (on object monitor)
        at sun.misc.Unsafe.park(Native Method)
        at java.util.concurrent.locks.LockSupport.park(LockSupport.java:175)
        at java.util.concurrent.locks.AbstractQueuedSynchronizer$ConditionObject.await(AbstractQueuedSynchronizer.java:2039)
        at java.util.concurrent.ArrayBlockingQueue.take(ArrayBlockingQueue.java:403)
        at java.util.concurrent.ThreadPoolExecutor.getTask(ThreadPoolExecutor.java:1074)
        at java.util.concurrent.ThreadPoolExecutor.runWorker(ThreadPoolExecutor.java:1134)
        at java.util.concurrent.ThreadPoolExecutor$Worker.run(ThreadPoolExecutor.java:624)
        at java.lang.Thread.run(Thread.java:748)
"qtp1018742990-167" daemon prio=5 tid=167 timed_waiting
java.lang.Thread.State: TIMED_WAITING
        at sun.misc.Unsafe.park(Native Method)
        at java.util.concurrent.locks.LockSupport.parkNanos(LockSupport.java:215)
        at java.util.concurrent.locks.AbstractQueuedSynchronizer$ConditionObject.awaitNanos(AbstractQueuedSynchronizer.java:2078)
        at org.eclipse.jetty.util.BlockingArrayQueue.poll(BlockingArrayQueue.java:392)
        at org.eclipse.jetty.util.thread.QueuedThreadPool.idleJobPoll(QueuedThreadPool.java:563)
        at org.eclipse.jetty.util.thread.QueuedThreadPool.access$800(QueuedThreadPool.java:48)
        at org.eclipse.jetty.util.thread.QueuedThreadPool$2.run(QueuedThreadPool.java:626)
        at java.lang.Thread.run(Thread.java:748)
"pool-68-thread-50"  prio=5 tid=441 in Object.wait()
java.lang.Thread.State: WAITING (on object monitor)
        at sun.misc.Unsafe.park(Native Method)
        at java.util.concurrent.locks.LockSupport.park(LockSupport.java:175)
        at java.util.concurrent.locks.AbstractQueuedSynchronizer$ConditionObject.await(AbstractQueuedSynchronizer.java:2039)
        at java.util.concurrent.ArrayBlockingQueue.take(ArrayBlockingQueue.java:403)
        at java.util.concurrent.ThreadPoolExecutor.getTask(ThreadPoolExecutor.java:1074)
        at java.util.concurrent.ThreadPoolExecutor.runWorker(ThreadPoolExecutor.java:1134)
        at java.util.concurrent.ThreadPoolExecutor$Worker.run(ThreadPoolExecutor.java:624)
        at java.lang.Thread.run(Thread.java:748)
"pool-26-thread-18"  prio=5 tid=288 in Object.wait()
java.lang.Thread.State: WAITING (on object monitor)
        at sun.misc.Unsafe.park(Native Method)
        at java.util.concurrent.locks.LockSupport.park(LockSupport.java:175)
        at java.util.concurrent.locks.AbstractQueuedSynchronizer$ConditionObject.await(AbstractQueuedSynchronizer.java:2039)
        at java.util.concurrent.ArrayBlockingQueue.take(ArrayBlockingQueue.java:403)
        at java.util.concurrent.ThreadPoolExecutor.getTask(ThreadPoolExecutor.java:1074)
        at java.util.concurrent.ThreadPoolExecutor.runWorker(ThreadPoolExecutor.java:1134)
        at java.util.concurrent.ThreadPoolExecutor$Worker.run(ThreadPoolExecutor.java:624)
        at java.lang.Thread.run(Thread.java:748)
"StateMachineUpdater-0648b2e2-fdfc-41ec-97df-bc2f9c4ea8df-group-EDC286A1F32D" daemon prio=5 tid=550 in Object.wait()
java.lang.Thread.State: WAITING (on object monitor)
        at java.lang.Object.wait(Native Method)
        at java.lang.Object.wait(Object.java:502)
        at org.apache.ratis.server.impl.StateMachineUpdater.run(StateMachineUpdater.java:138)
        at java.lang.Thread.run(Thread.java:748)
"pool-89-thread-18"  prio=5 tid=469 in Object.wait()
java.lang.Thread.State: WAITING (on object monitor)
        at sun.misc.Unsafe.park(Native Method)
        at java.util.concurrent.locks.LockSupport.park(LockSupport.java:175)
        at java.util.concurrent.locks.AbstractQueuedSynchronizer$ConditionObject.await(AbstractQueuedSynchronizer.java:2039)
        at java.util.concurrent.ArrayBlockingQueue.take(ArrayBlockingQueue.java:403)
        at java.util.concurrent.ThreadPoolExecutor.getTask(ThreadPoolExecutor.java:1074)
        at java.util.concurrent.ThreadPoolExecutor.runWorker(ThreadPoolExecutor.java:1134)
        at java.util.concurrent.ThreadPoolExecutor$Worker.run(ThreadPoolExecutor.java:624)
        at java.lang.Thread.run(Thread.java:748)
"Periodic HDDS volume checker"  prio=5 tid=151 timed_waiting
java.lang.Thread.State: TIMED_WAITING
        at sun.misc.Unsafe.park(Native Method)
        at java.util.concurrent.locks.LockSupport.parkNanos(LockSupport.java:215)
        at java.util.concurrent.locks.AbstractQueuedSynchronizer$ConditionObject.awaitNanos(AbstractQueuedSynchronizer.java:2078)
        at java.util.concurrent.ScheduledThreadPoolExecutor$DelayedWorkQueue.take(ScheduledThreadPoolExecutor.java:1093)
        at java.util.concurrent.ScheduledThreadPoolExecutor$DelayedWorkQueue.take(ScheduledThreadPoolExecutor.java:809)
        at java.util.concurrent.ThreadPoolExecutor.getTask(ThreadPoolExecutor.java:1074)
        at java.util.concurrent.ThreadPoolExecutor.runWorker(ThreadPoolExecutor.java:1134)
        at java.util.concurrent.ThreadPoolExecutor$Worker.run(ThreadPoolExecutor.java:624)
        at java.lang.Thread.run(Thread.java:748)
"IPC Server handler 11 on 34963" daemon prio=5 tid=81 timed_waiting
java.lang.Thread.State: TIMED_WAITING
        at sun.misc.Unsafe.park(Native Method)
        at java.util.concurrent.locks.LockSupport.parkNanos(LockSupport.java:215)
        at java.util.concurrent.locks.AbstractQueuedSynchronizer$ConditionObject.awaitNanos(AbstractQueuedSynchronizer.java:2078)
        at java.util.concurrent.LinkedBlockingQueue.poll(LinkedBlockingQueue.java:467)
        at org.apache.hadoop.ipc.CallQueueManager.take(CallQueueManager.java:288)
        at org.apache.hadoop.ipc.Server$Handler.run(Server.java:2668)
"org.eclipse.jetty.server.session.HashSessionManager@6175619bTimer" daemon prio=5 tid=99 timed_waiting
java.lang.Thread.State: TIMED_WAITING
        at sun.misc.Unsafe.park(Native Method)
        at java.util.concurrent.locks.LockSupport.parkNanos(LockSupport.java:215)
        at java.util.concurrent.locks.AbstractQueuedSynchronizer$ConditionObject.awaitNanos(AbstractQueuedSynchronizer.java:2078)
        at java.util.concurrent.ScheduledThreadPoolExecutor$DelayedWorkQueue.take(ScheduledThreadPoolExecutor.java:1093)
        at java.util.concurrent.ScheduledThreadPoolExecutor$DelayedWorkQueue.take(ScheduledThreadPoolExecutor.java:809)
        at java.util.concurrent.ThreadPoolExecutor.getTask(ThreadPoolExecutor.java:1074)
        at java.util.concurrent.ThreadPoolExecutor.runWorker(ThreadPoolExecutor.java:1134)
        at java.util.concurrent.ThreadPoolExecutor$Worker.run(ThreadPoolExecutor.java:624)
        at java.lang.Thread.run(Thread.java:748)
"pool-26-thread-23"  prio=5 tid=293 in Object.wait()
java.lang.Thread.State: WAITING (on object monitor)
        at sun.misc.Unsafe.park(Native Method)
        at java.util.concurrent.locks.LockSupport.park(LockSupport.java:175)
        at java.util.concurrent.locks.AbstractQueuedSynchronizer$ConditionObject.await(AbstractQueuedSynchronizer.java:2039)
        at java.util.concurrent.ArrayBlockingQueue.take(ArrayBlockingQueue.java:403)
        at java.util.concurrent.ThreadPoolExecutor.getTask(ThreadPoolExecutor.java:1074)
        at java.util.concurrent.ThreadPoolExecutor.runWorker(ThreadPoolExecutor.java:1134)
        at java.util.concurrent.ThreadPoolExecutor$Worker.run(ThreadPoolExecutor.java:624)
        at java.lang.Thread.run(Thread.java:748)
"pool-104-thread-1"  prio=5 tid=249 timed_waiting
java.lang.Thread.State: TIMED_WAITING
        at sun.misc.Unsafe.park(Native Method)
        at java.util.concurrent.locks.LockSupport.parkNanos(LockSupport.java:215)
        at java.util.concurrent.locks.AbstractQueuedSynchronizer$ConditionObject.awaitNanos(AbstractQueuedSynchronizer.java:2078)
        at java.util.concurrent.ScheduledThreadPoolExecutor$DelayedWorkQueue.take(ScheduledThreadPoolExecutor.java:1093)
        at java.util.concurrent.ScheduledThreadPoolExecutor$DelayedWorkQueue.take(ScheduledThreadPoolExecutor.java:809)
        at java.util.concurrent.ThreadPoolExecutor.getTask(ThreadPoolExecutor.java:1074)
        at java.util.concurrent.ThreadPoolExecutor.runWorker(ThreadPoolExecutor.java:1134)
        at java.util.concurrent.ThreadPoolExecutor$Worker.run(ThreadPoolExecutor.java:624)
        at java.lang.Thread.run(Thread.java:748)
"IPC Server handler 18 on 40125" daemon prio=5 tid=48 timed_waiting
java.lang.Thread.State: TIMED_WAITING
        at sun.misc.Unsafe.park(Native Method)
        at java.util.concurrent.locks.LockSupport.parkNanos(LockSupport.java:215)
        at java.util.concurrent.locks.AbstractQueuedSynchronizer$ConditionObject.awaitNanos(AbstractQueuedSynchronizer.java:2078)
        at java.util.concurrent.LinkedBlockingQueue.poll(LinkedBlockingQueue.java:467)
        at org.apache.hadoop.ipc.CallQueueManager.take(CallQueueManager.java:288)
        at org.apache.hadoop.ipc.Server$Handler.run(Server.java:2668)
"pool-89-thread-30"  prio=5 tid=481 in Object.wait()
java.lang.Thread.State: WAITING (on object monitor)
        at sun.misc.Unsafe.park(Native Method)
        at java.util.concurrent.locks.LockSupport.park(LockSupport.java:175)
        at java.util.concurrent.locks.AbstractQueuedSynchronizer$ConditionObject.await(AbstractQueuedSynchronizer.java:2039)
        at java.util.concurrent.ArrayBlockingQueue.take(ArrayBlockingQueue.java:403)
        at java.util.concurrent.ThreadPoolExecutor.getTask(ThreadPoolExecutor.java:1074)
        at java.util.concurrent.ThreadPoolExecutor.runWorker(ThreadPoolExecutor.java:1134)
        at java.util.concurrent.ThreadPoolExecutor$Worker.run(ThreadPoolExecutor.java:624)
        at java.lang.Thread.run(Thread.java:748)
"pool-47-thread-21"  prio=5 tid=352 in Object.wait()
java.lang.Thread.State: WAITING (on object monitor)
        at sun.misc.Unsafe.park(Native Method)
        at java.util.concurrent.locks.LockSupport.park(LockSupport.java:175)
        at java.util.concurrent.locks.AbstractQueuedSynchronizer$ConditionObject.await(AbstractQueuedSynchronizer.java:2039)
        at java.util.concurrent.ArrayBlockingQueue.take(ArrayBlockingQueue.java:403)
        at java.util.concurrent.ThreadPoolExecutor.getTask(ThreadPoolExecutor.java:1074)
        at java.util.concurrent.ThreadPoolExecutor.runWorker(ThreadPoolExecutor.java:1134)
        at java.util.concurrent.ThreadPoolExecutor$Worker.run(ThreadPoolExecutor.java:624)
        at java.lang.Thread.run(Thread.java:748)
"StateMachineUpdater-5f623e1f-d5a1-46cb-80d7-44327f36f2e1-group-EDC286A1F32D" daemon prio=5 tid=545 in Object.wait()
java.lang.Thread.State: WAITING (on object monitor)
        at java.lang.Object.wait(Native Method)
        at java.lang.Object.wait(Object.java:502)
        at org.apache.ratis.server.impl.StateMachineUpdater.run(StateMachineUpdater.java:138)
        at java.lang.Thread.run(Thread.java:748)
"IPC Server handler 7 on 34963" daemon prio=5 tid=77 timed_waiting
java.lang.Thread.State: TIMED_WAITING
        at sun.misc.Unsafe.park(Native Method)
        at java.util.concurrent.locks.LockSupport.parkNanos(LockSupport.java:215)
        at java.util.concurrent.locks.AbstractQueuedSynchronizer$ConditionObject.awaitNanos(AbstractQueuedSynchronizer.java:2078)
        at java.util.concurrent.LinkedBlockingQueue.poll(LinkedBlockingQueue.java:467)
        at org.apache.hadoop.ipc.CallQueueManager.take(CallQueueManager.java:288)
        at org.apache.hadoop.ipc.Server$Handler.run(Server.java:2668)
"grpc-default-executor-0" daemon prio=5 tid=522 timed_waiting
java.lang.Thread.State: TIMED_WAITING
        at sun.misc.Unsafe.park(Native Method)
        at java.util.concurrent.locks.LockSupport.parkNanos(LockSupport.java:215)
        at java.util.concurrent.SynchronousQueue$TransferStack.awaitFulfill(SynchronousQueue.java:460)
        at java.util.concurrent.SynchronousQueue$TransferStack.transfer(SynchronousQueue.java:362)
        at java.util.concurrent.SynchronousQueue.poll(SynchronousQueue.java:941)
        at java.util.concurrent.ThreadPoolExecutor.getTask(ThreadPoolExecutor.java:1073)
        at java.util.concurrent.ThreadPoolExecutor.runWorker(ThreadPoolExecutor.java:1134)
        at java.util.concurrent.ThreadPoolExecutor$Worker.run(ThreadPoolExecutor.java:624)
        at java.lang.Thread.run(Thread.java:748)
"java.util.concurrent.ThreadPoolExecutor$Worker@8fb99e6[State = -1, empty queue]" daemon prio=5 tid=571 timed_waiting
java.lang.Thread.State: TIMED_WAITING
        at sun.misc.Unsafe.park(Native Method)
        at java.util.concurrent.locks.LockSupport.parkNanos(LockSupport.java:215)
        at java.util.concurrent.locks.AbstractQueuedSynchronizer$ConditionObject.awaitNanos(AbstractQueuedSynchronizer.java:2078)
        at java.util.concurrent.ScheduledThreadPoolExecutor$DelayedWorkQueue.take(ScheduledThreadPoolExecutor.java:1093)
        at java.util.concurrent.ScheduledThreadPoolExecutor$DelayedWorkQueue.take(ScheduledThreadPoolExecutor.java:809)
        at java.util.concurrent.ThreadPoolExecutor.getTask(ThreadPoolExecutor.java:1074)
        at java.util.concurrent.ThreadPoolExecutor.runWorker(ThreadPoolExecutor.java:1134)
        at java.util.concurrent.ThreadPoolExecutor$Worker.run(ThreadPoolExecutor.java:624)
        at java.lang.Thread.run(Thread.java:748)
"pool-47-thread-46"  prio=5 tid=377 in Object.wait()
java.lang.Thread.State: WAITING (on object monitor)
        at sun.misc.Unsafe.park(Native Method)
        at java.util.concurrent.locks.LockSupport.park(LockSupport.java:175)
        at java.util.concurrent.locks.AbstractQueuedSynchronizer$ConditionObject.await(AbstractQueuedSynchronizer.java:2039)
        at java.util.concurrent.ArrayBlockingQueue.take(ArrayBlockingQueue.java:403)
        at java.util.concurrent.ThreadPoolExecutor.getTask(ThreadPoolExecutor.java:1074)
        at java.util.concurrent.ThreadPoolExecutor.runWorker(ThreadPoolExecutor.java:1134)
        at java.util.concurrent.ThreadPoolExecutor$Worker.run(ThreadPoolExecutor.java:624)
        at java.lang.Thread.run(Thread.java:748)
"qtp790689709-194" daemon prio=5 tid=194 timed_waiting
java.lang.Thread.State: TIMED_WAITING
        at sun.misc.Unsafe.park(Native Method)
        at java.util.concurrent.locks.LockSupport.parkNanos(LockSupport.java:215)
        at java.util.concurrent.locks.AbstractQueuedSynchronizer$ConditionObject.awaitNanos(AbstractQueuedSynchronizer.java:2078)
        at org.eclipse.jetty.util.BlockingArrayQueue.poll(BlockingArrayQueue.java:392)
        at org.eclipse.jetty.util.thread.QueuedThreadPool.idleJobPoll(QueuedThreadPool.java:563)
        at org.eclipse.jetty.util.thread.QueuedThreadPool.access$800(QueuedThreadPool.java:48)
        at org.eclipse.jetty.util.thread.QueuedThreadPool$2.run(QueuedThreadPool.java:626)
        at java.lang.Thread.run(Thread.java:748)
"IPC Server handler 14 on 40125" daemon prio=5 tid=44 timed_waiting
java.lang.Thread.State: TIMED_WAITING
        at sun.misc.Unsafe.park(Native Method)
        at java.util.concurrent.locks.LockSupport.parkNanos(LockSupport.java:215)
        at java.util.concurrent.locks.AbstractQueuedSynchronizer$ConditionObject.awaitNanos(AbstractQueuedSynchronizer.java:2078)
        at java.util.concurrent.LinkedBlockingQueue.poll(LinkedBlockingQueue.java:467)
        at org.apache.hadoop.ipc.CallQueueManager.take(CallQueueManager.java:288)
        at org.apache.hadoop.ipc.Server$Handler.run(Server.java:2668)
"pool-26-thread-36"  prio=5 tid=306 in Object.wait()
java.lang.Thread.State: WAITING (on object monitor)
        at sun.misc.Unsafe.park(Native Method)
        at java.util.concurrent.locks.LockSupport.park(LockSupport.java:175)
        at java.util.concurrent.locks.AbstractQueuedSynchronizer$ConditionObject.await(AbstractQueuedSynchronizer.java:2039)
        at java.util.concurrent.ArrayBlockingQueue.take(ArrayBlockingQueue.java:403)
        at java.util.concurrent.ThreadPoolExecutor.getTask(ThreadPoolExecutor.java:1074)
        at java.util.concurrent.ThreadPoolExecutor.runWorker(ThreadPoolExecutor.java:1134)
        at java.util.concurrent.ThreadPoolExecutor$Worker.run(ThreadPoolExecutor.java:624)
        at java.lang.Thread.run(Thread.java:748)
"IPC Server handler 2 on 34963" daemon prio=5 tid=72 timed_waiting
java.lang.Thread.State: TIMED_WAITING
        at sun.misc.Unsafe.park(Native Method)
        at java.util.concurrent.locks.LockSupport.parkNanos(LockSupport.java:215)
        at java.util.concurrent.locks.AbstractQueuedSynchronizer$ConditionObject.awaitNanos(AbstractQueuedSynchronizer.java:2078)
        at java.util.concurrent.LinkedBlockingQueue.poll(LinkedBlockingQueue.java:467)
        at org.apache.hadoop.ipc.CallQueueManager.take(CallQueueManager.java:288)
        at org.apache.hadoop.ipc.Server$Handler.run(Server.java:2668)
"pool-26-thread-44"  prio=5 tid=314 in Object.wait()
java.lang.Thread.State: WAITING (on object monitor)
        at sun.misc.Unsafe.park(Native Method)
        at java.util.concurrent.locks.LockSupport.park(LockSupport.java:175)
        at java.util.concurrent.locks.AbstractQueuedSynchronizer$ConditionObject.await(AbstractQueuedSynchronizer.java:2039)
        at java.util.concurrent.ArrayBlockingQueue.take(ArrayBlockingQueue.java:403)
        at java.util.concurrent.ThreadPoolExecutor.getTask(ThreadPoolExecutor.java:1074)
        at java.util.concurrent.ThreadPoolExecutor.runWorker(ThreadPoolExecutor.java:1134)
        at java.util.concurrent.ThreadPoolExecutor$Worker.run(ThreadPoolExecutor.java:624)
        at java.lang.Thread.run(Thread.java:748)
"pool-47-thread-38"  prio=5 tid=369 in Object.wait()
java.lang.Thread.State: WAITING (on object monitor)
        at sun.misc.Unsafe.park(Native Method)
        at java.util.concurrent.locks.LockSupport.park(LockSupport.java:175)
        at java.util.concurrent.locks.AbstractQueuedSynchronizer$ConditionObject.await(AbstractQueuedSynchronizer.java:2039)
        at java.util.concurrent.ArrayBlockingQueue.take(ArrayBlockingQueue.java:403)
        at java.util.concurrent.ThreadPoolExecutor.getTask(ThreadPoolExecutor.java:1074)
        at java.util.concurrent.ThreadPoolExecutor.runWorker(ThreadPoolExecutor.java:1134)
        at java.util.concurrent.ThreadPoolExecutor$Worker.run(ThreadPoolExecutor.java:624)
        at java.lang.Thread.run(Thread.java:748)
"pool-68-thread-27"  prio=5 tid=418 in Object.wait()
java.lang.Thread.State: WAITING (on object monitor)
        at sun.misc.Unsafe.park(Native Method)
        at java.util.concurrent.locks.LockSupport.park(LockSupport.java:175)
        at java.util.concurrent.locks.AbstractQueuedSynchronizer$ConditionObject.await(AbstractQueuedSynchronizer.java:2039)
        at java.util.concurrent.ArrayBlockingQueue.take(ArrayBlockingQueue.java:403)
        at java.util.concurrent.ThreadPoolExecutor.getTask(ThreadPoolExecutor.java:1074)
        at java.util.concurrent.ThreadPoolExecutor.runWorker(ThreadPoolExecutor.java:1134)
        at java.util.concurrent.ThreadPoolExecutor$Worker.run(ThreadPoolExecutor.java:624)
        at java.lang.Thread.run(Thread.java:748)
"StateMachineUpdater-74d2ffc1-745f-4c1a-9401-137b1ece8223-group-7D58C4DB3C0D" daemon prio=5 tid=532 in Object.wait()
java.lang.Thread.State: WAITING (on object monitor)
        at java.lang.Object.wait(Native Method)
        at java.lang.Object.wait(Object.java:502)
        at org.apache.ratis.server.impl.StateMachineUpdater.run(StateMachineUpdater.java:138)
        at java.lang.Thread.run(Thread.java:748)
"IPC Server handler 6 on 43271" daemon prio=5 tid=56 timed_waiting
java.lang.Thread.State: TIMED_WAITING
        at sun.misc.Unsafe.park(Native Method)
        at java.util.concurrent.locks.LockSupport.parkNanos(LockSupport.java:215)
        at java.util.concurrent.locks.AbstractQueuedSynchronizer$ConditionObject.awaitNanos(AbstractQueuedSynchronizer.java:2078)
        at java.util.concurrent.LinkedBlockingQueue.poll(LinkedBlockingQueue.java:467)
        at org.apache.hadoop.ipc.CallQueueManager.take(CallQueueManager.java:288)
        at org.apache.hadoop.ipc.Server$Handler.run(Server.java:2668)
"IPC Server handler 18 on 42937" daemon prio=5 tid=132 timed_waiting
java.lang.Thread.State: TIMED_WAITING
        at sun.misc.Unsafe.park(Native Method)
        at java.util.concurrent.locks.LockSupport.parkNanos(LockSupport.java:215)
        at java.util.concurrent.locks.AbstractQueuedSynchronizer$ConditionObject.awaitNanos(AbstractQueuedSynchronizer.java:2078)
        at java.util.concurrent.LinkedBlockingQueue.poll(LinkedBlockingQueue.java:467)
        at org.apache.hadoop.ipc.CallQueueManager.take(CallQueueManager.java:288)
        at org.apache.hadoop.ipc.Server$Handler.run(Server.java:2668)
"pool-26-thread-12"  prio=5 tid=282 in Object.wait()
java.lang.Thread.State: WAITING (on object monitor)
        at sun.misc.Unsafe.park(Native Method)
        at java.util.concurrent.locks.LockSupport.park(LockSupport.java:175)
        at java.util.concurrent.locks.AbstractQueuedSynchronizer$ConditionObject.await(AbstractQueuedSynchronizer.java:2039)
        at java.util.concurrent.ArrayBlockingQueue.take(ArrayBlockingQueue.java:403)
        at java.util.concurrent.ThreadPoolExecutor.getTask(ThreadPoolExecutor.java:1074)
        at java.util.concurrent.ThreadPoolExecutor.runWorker(ThreadPoolExecutor.java:1134)
        at java.util.concurrent.ThreadPoolExecutor$Worker.run(ThreadPoolExecutor.java:624)
        at java.lang.Thread.run(Thread.java:748)
"IPC Server handler 3 on 34963" daemon prio=5 tid=73 timed_waiting
java.lang.Thread.State: TIMED_WAITING
        at sun.misc.Unsafe.park(Native Method)
        at java.util.concurrent.locks.LockSupport.parkNanos(LockSupport.java:215)
        at java.util.concurrent.locks.AbstractQueuedSynchronizer$ConditionObject.awaitNanos(AbstractQueuedSynchronizer.java:2078)
        at java.util.concurrent.LinkedBlockingQueue.poll(LinkedBlockingQueue.java:467)
        at org.apache.hadoop.ipc.CallQueueManager.take(CallQueueManager.java:288)
        at org.apache.hadoop.ipc.Server$Handler.run(Server.java:2668)
"EventQueue-ContainerReportForContainerReportHandler" daemon prio=5 tid=513 in Object.wait()
java.lang.Thread.State: WAITING (on object monitor)
        at sun.misc.Unsafe.park(Native Method)
        at java.util.concurrent.locks.LockSupport.park(LockSupport.java:175)
        at java.util.concurrent.locks.AbstractQueuedSynchronizer$ConditionObject.await(AbstractQueuedSynchronizer.java:2039)
        at java.util.concurrent.LinkedBlockingQueue.take(LinkedBlockingQueue.java:442)
        at java.util.concurrent.ThreadPoolExecutor.getTask(ThreadPoolExecutor.java:1074)
        at java.util.concurrent.ThreadPoolExecutor.runWorker(ThreadPoolExecutor.java:1134)
        at java.util.concurrent.ThreadPoolExecutor$Worker.run(ThreadPoolExecutor.java:624)
        at java.lang.Thread.run(Thread.java:748)
"pool-47-thread-36"  prio=5 tid=367 in Object.wait()
java.lang.Thread.State: WAITING (on object monitor)
        at sun.misc.Unsafe.park(Native Method)
        at java.util.concurrent.locks.LockSupport.park(LockSupport.java:175)
        at java.util.concurrent.locks.AbstractQueuedSynchronizer$ConditionObject.await(AbstractQueuedSynchronizer.java:2039)
        at java.util.concurrent.ArrayBlockingQueue.take(ArrayBlockingQueue.java:403)
        at java.util.concurrent.ThreadPoolExecutor.getTask(ThreadPoolExecutor.java:1074)
        at java.util.concurrent.ThreadPoolExecutor.runWorker(ThreadPoolExecutor.java:1134)
        at java.util.concurrent.ThreadPoolExecutor$Worker.run(ThreadPoolExecutor.java:624)
        at java.lang.Thread.run(Thread.java:748)
"pool-68-thread-2"  prio=5 tid=393 in Object.wait()
java.lang.Thread.State: WAITING (on object monitor)
        at sun.misc.Unsafe.park(Native Method)
        at java.util.concurrent.locks.LockSupport.park(LockSupport.java:175)
        at java.util.concurrent.locks.AbstractQueuedSynchronizer$ConditionObject.await(AbstractQueuedSynchronizer.java:2039)
        at java.util.concurrent.ArrayBlockingQueue.take(ArrayBlockingQueue.java:403)
        at java.util.concurrent.ThreadPoolExecutor.getTask(ThreadPoolExecutor.java:1074)
        at java.util.concurrent.ThreadPoolExecutor.runWorker(ThreadPoolExecutor.java:1134)
        at java.util.concurrent.ThreadPoolExecutor$Worker.run(ThreadPoolExecutor.java:624)
        at java.lang.Thread.run(Thread.java:748)
"pool-26-thread-60"  prio=5 tid=330 in Object.wait()
java.lang.Thread.State: WAITING (on object monitor)
        at sun.misc.Unsafe.park(Native Method)
        at java.util.concurrent.locks.LockSupport.park(LockSupport.java:175)
        at java.util.concurrent.locks.AbstractQueuedSynchronizer$ConditionObject.await(AbstractQueuedSynchronizer.java:2039)
        at java.util.concurrent.ArrayBlockingQueue.take(ArrayBlockingQueue.java:403)
        at java.util.concurrent.ThreadPoolExecutor.getTask(ThreadPoolExecutor.java:1074)
        at java.util.concurrent.ThreadPoolExecutor.runWorker(ThreadPoolExecutor.java:1134)
        at java.util.concurrent.ThreadPoolExecutor$Worker.run(ThreadPoolExecutor.java:624)
        at java.lang.Thread.run(Thread.java:748)
"pool-26-thread-50"  prio=5 tid=320 in Object.wait()
java.lang.Thread.State: WAITING (on object monitor)
        at sun.misc.Unsafe.park(Native Method)
        at java.util.concurrent.locks.LockSupport.park(LockSupport.java:175)
        at java.util.concurrent.locks.AbstractQueuedSynchronizer$ConditionObject.await(AbstractQueuedSynchronizer.java:2039)
        at java.util.concurrent.ArrayBlockingQueue.take(ArrayBlockingQueue.java:403)
        at java.util.concurrent.ThreadPoolExecutor.getTask(ThreadPoolExecutor.java:1074)
        at java.util.concurrent.ThreadPoolExecutor.runWorker(ThreadPoolExecutor.java:1134)
        at java.util.concurrent.ThreadPoolExecutor$Worker.run(ThreadPoolExecutor.java:624)
        at java.lang.Thread.run(Thread.java:748)
"pool-68-thread-51"  prio=5 tid=442 in Object.wait()
java.lang.Thread.State: WAITING (on object monitor)
        at sun.misc.Unsafe.park(Native Method)
        at java.util.concurrent.locks.LockSupport.park(LockSupport.java:175)
        at java.util.concurrent.locks.AbstractQueuedSynchronizer$ConditionObject.await(AbstractQueuedSynchronizer.java:2039)
        at java.util.concurrent.ArrayBlockingQueue.take(ArrayBlockingQueue.java:403)
        at java.util.concurrent.ThreadPoolExecutor.getTask(ThreadPoolExecutor.java:1074)
        at java.util.concurrent.ThreadPoolExecutor.runWorker(ThreadPoolExecutor.java:1134)
        at java.util.concurrent.ThreadPoolExecutor$Worker.run(ThreadPoolExecutor.java:624)
        at java.lang.Thread.run(Thread.java:748)
"pool-47-thread-20"  prio=5 tid=351 in Object.wait()
java.lang.Thread.State: WAITING (on object monitor)
        at sun.misc.Unsafe.park(Native Method)
        at java.util.concurrent.locks.LockSupport.park(LockSupport.java:175)
        at java.util.concurrent.locks.AbstractQueuedSynchronizer$ConditionObject.await(AbstractQueuedSynchronizer.java:2039)
        at java.util.concurrent.ArrayBlockingQueue.take(ArrayBlockingQueue.java:403)
        at java.util.concurrent.ThreadPoolExecutor.getTask(ThreadPoolExecutor.java:1074)
        at java.util.concurrent.ThreadPoolExecutor.runWorker(ThreadPoolExecutor.java:1134)
        at java.util.concurrent.ThreadPoolExecutor$Worker.run(ThreadPoolExecutor.java:624)
        at java.lang.Thread.run(Thread.java:748)
"IPC Server idle connection scanner for port 40125" daemon prio=5 tid=25 timed_waiting
java.lang.Thread.State: TIMED_WAITING
        at java.lang.Object.wait(Native Method)
        at java.util.TimerThread.mainLoop(Timer.java:552)
        at java.util.TimerThread.run(Timer.java:505)
"pool-89-thread-45"  prio=5 tid=496 in Object.wait()
java.lang.Thread.State: WAITING (on object monitor)
        at sun.misc.Unsafe.park(Native Method)
        at java.util.concurrent.locks.LockSupport.park(LockSupport.java:175)
        at java.util.concurrent.locks.AbstractQueuedSynchronizer$ConditionObject.await(AbstractQueuedSynchronizer.java:2039)
        at java.util.concurrent.ArrayBlockingQueue.take(ArrayBlockingQueue.java:403)
        at java.util.concurrent.ThreadPoolExecutor.getTask(ThreadPoolExecutor.java:1074)
        at java.util.concurrent.ThreadPoolExecutor.runWorker(ThreadPoolExecutor.java:1134)
        at java.util.concurrent.ThreadPoolExecutor$Worker.run(ThreadPoolExecutor.java:624)
        at java.lang.Thread.run(Thread.java:748)
"pool-89-thread-28"  prio=5 tid=479 in Object.wait()
java.lang.Thread.State: WAITING (on object monitor)
        at sun.misc.Unsafe.park(Native Method)
        at java.util.concurrent.locks.LockSupport.park(LockSupport.java:175)
        at java.util.concurrent.locks.AbstractQueuedSynchronizer$ConditionObject.await(AbstractQueuedSynchronizer.java:2039)
        at java.util.concurrent.ArrayBlockingQueue.take(ArrayBlockingQueue.java:403)
        at java.util.concurrent.ThreadPoolExecutor.getTask(ThreadPoolExecutor.java:1074)
        at java.util.concurrent.ThreadPoolExecutor.runWorker(ThreadPoolExecutor.java:1134)
        at java.util.concurrent.ThreadPoolExecutor$Worker.run(ThreadPoolExecutor.java:624)
        at java.lang.Thread.run(Thread.java:748)
"Socket Reader #1 for port 40125"  prio=5 tid=24 runnable
java.lang.Thread.State: RUNNABLE
        at sun.nio.ch.EPollArrayWrapper.epollWait(Native Method)
        at sun.nio.ch.EPollArrayWrapper.poll(EPollArrayWrapper.java:269)
        at sun.nio.ch.EPollSelectorImpl.doSelect(EPollSelectorImpl.java:93)
        at sun.nio.ch.SelectorImpl.lockAndDoSelect(SelectorImpl.java:86)
        at sun.nio.ch.SelectorImpl.select(SelectorImpl.java:97)
        at sun.nio.ch.SelectorImpl.select(SelectorImpl.java:101)
        at org.apache.hadoop.ipc.Server$Listener$Reader.doRunLoop(Server.java:1097)
        at org.apache.hadoop.ipc.Server$Listener$Reader.run(Server.java:1076)
"pool-26-thread-7"  prio=5 tid=277 in Object.wait()
java.lang.Thread.State: WAITING (on object monitor)
        at sun.misc.Unsafe.park(Native Method)
        at java.util.concurrent.locks.LockSupport.park(LockSupport.java:175)
        at java.util.concurrent.locks.AbstractQueuedSynchronizer$ConditionObject.await(AbstractQueuedSynchronizer.java:2039)
        at java.util.concurrent.ArrayBlockingQueue.take(ArrayBlockingQueue.java:403)
        at java.util.concurrent.ThreadPoolExecutor.getTask(ThreadPoolExecutor.java:1074)
        at java.util.concurrent.ThreadPoolExecutor.runWorker(ThreadPoolExecutor.java:1134)
        at java.util.concurrent.ThreadPoolExecutor$Worker.run(ThreadPoolExecutor.java:624)
        at java.lang.Thread.run(Thread.java:748)
"IPC Server handler 1 on 42937" daemon prio=5 tid=115 timed_waiting
java.lang.Thread.State: TIMED_WAITING
        at sun.misc.Unsafe.park(Native Method)
        at java.util.concurrent.locks.LockSupport.parkNanos(LockSupport.java:215)
        at java.util.concurrent.locks.AbstractQueuedSynchronizer$ConditionObject.awaitNanos(AbstractQueuedSynchronizer.java:2078)
        at java.util.concurrent.LinkedBlockingQueue.poll(LinkedBlockingQueue.java:467)
        at org.apache.hadoop.ipc.CallQueueManager.take(CallQueueManager.java:288)
        at org.apache.hadoop.ipc.Server$Handler.run(Server.java:2668)
"IPC Server handler 0 on 34963" daemon prio=5 tid=70 timed_waiting
java.lang.Thread.State: TIMED_WAITING
        at sun.misc.Unsafe.park(Native Method)
        at java.util.concurrent.locks.LockSupport.parkNanos(LockSupport.java:215)
        at java.util.concurrent.locks.AbstractQueuedSynchronizer$ConditionObject.awaitNanos(AbstractQueuedSynchronizer.java:2078)
        at java.util.concurrent.LinkedBlockingQueue.poll(LinkedBlockingQueue.java:467)
        at org.apache.hadoop.ipc.CallQueueManager.take(CallQueueManager.java:288)
        at org.apache.hadoop.ipc.Server$Handler.run(Server.java:2668)
"pool-47-thread-47"  prio=5 tid=378 in Object.wait()
java.lang.Thread.State: WAITING (on object monitor)
        at sun.misc.Unsafe.park(Native Method)
        at java.util.concurrent.locks.LockSupport.park(LockSupport.java:175)
        at java.util.concurrent.locks.AbstractQueuedSynchronizer$ConditionObject.await(AbstractQueuedSynchronizer.java:2039)
        at java.util.concurrent.ArrayBlockingQueue.take(ArrayBlockingQueue.java:403)
        at java.util.concurrent.ThreadPoolExecutor.getTask(ThreadPoolExecutor.java:1074)
        at java.util.concurrent.ThreadPoolExecutor.runWorker(ThreadPoolExecutor.java:1134)
        at java.util.concurrent.ThreadPoolExecutor$Worker.run(ThreadPoolExecutor.java:624)
        at java.lang.Thread.run(Thread.java:748)
"pool-89-thread-31"  prio=5 tid=482 in Object.wait()
java.lang.Thread.State: WAITING (on object monitor)
        at sun.misc.Unsafe.park(Native Method)
        at java.util.concurrent.locks.LockSupport.park(LockSupport.java:175)
        at java.util.concurrent.locks.AbstractQueuedSynchronizer$ConditionObject.await(AbstractQueuedSynchronizer.java:2039)
        at java.util.concurrent.ArrayBlockingQueue.take(ArrayBlockingQueue.java:403)
        at java.util.concurrent.ThreadPoolExecutor.getTask(ThreadPoolExecutor.java:1074)
        at java.util.concurrent.ThreadPoolExecutor.runWorker(ThreadPoolExecutor.java:1134)
        at java.util.concurrent.ThreadPoolExecutor$Worker.run(ThreadPoolExecutor.java:624)
        at java.lang.Thread.run(Thread.java:748)
"pool-26-thread-45"  prio=5 tid=315 in Object.wait()
java.lang.Thread.State: WAITING (on object monitor)
        at sun.misc.Unsafe.park(Native Method)
        at java.util.concurrent.locks.LockSupport.park(LockSupport.java:175)
        at java.util.concurrent.locks.AbstractQueuedSynchronizer$ConditionObject.await(AbstractQueuedSynchronizer.java:2039)
        at java.util.concurrent.ArrayBlockingQueue.take(ArrayBlockingQueue.java:403)
        at java.util.concurrent.ThreadPoolExecutor.getTask(ThreadPoolExecutor.java:1074)
        at java.util.concurrent.ThreadPoolExecutor.runWorker(ThreadPoolExecutor.java:1134)
        at java.util.concurrent.ThreadPoolExecutor$Worker.run(ThreadPoolExecutor.java:624)
        at java.lang.Thread.run(Thread.java:748)
"pool-87-thread-1" daemon prio=5 tid=245 timed_waiting
java.lang.Thread.State: TIMED_WAITING
        at sun.misc.Unsafe.park(Native Method)
        at java.util.concurrent.locks.LockSupport.parkNanos(LockSupport.java:215)
        at java.util.concurrent.locks.AbstractQueuedSynchronizer$ConditionObject.awaitNanos(AbstractQueuedSynchronizer.java:2078)
        at java.util.concurrent.ScheduledThreadPoolExecutor$DelayedWorkQueue.take(ScheduledThreadPoolExecutor.java:1093)
        at java.util.concurrent.ScheduledThreadPoolExecutor$DelayedWorkQueue.take(ScheduledThreadPoolExecutor.java:809)
        at java.util.concurrent.ThreadPoolExecutor.getTask(ThreadPoolExecutor.java:1074)
        at java.util.concurrent.ThreadPoolExecutor.runWorker(ThreadPoolExecutor.java:1134)
        at java.util.concurrent.ThreadPoolExecutor$Worker.run(ThreadPoolExecutor.java:624)
        at java.lang.Thread.run(Thread.java:748)
"pool-47-thread-50"  prio=5 tid=381 in Object.wait()
java.lang.Thread.State: WAITING (on object monitor)
        at sun.misc.Unsafe.park(Native Method)
        at java.util.concurrent.locks.LockSupport.park(LockSupport.java:175)
        at java.util.concurrent.locks.AbstractQueuedSynchronizer$ConditionObject.await(AbstractQueuedSynchronizer.java:2039)
        at java.util.concurrent.ArrayBlockingQueue.take(ArrayBlockingQueue.java:403)
        at java.util.concurrent.ThreadPoolExecutor.getTask(ThreadPoolExecutor.java:1074)
        at java.util.concurrent.ThreadPoolExecutor.runWorker(ThreadPoolExecutor.java:1134)
        at java.util.concurrent.ThreadPoolExecutor$Worker.run(ThreadPoolExecutor.java:624)
        at java.lang.Thread.run(Thread.java:748)
"IPC Server handler 9 on 43271" daemon prio=5 tid=59 timed_waiting
java.lang.Thread.State: TIMED_WAITING
        at sun.misc.Unsafe.park(Native Method)
        at java.util.concurrent.locks.LockSupport.parkNanos(LockSupport.java:215)
        at java.util.concurrent.locks.AbstractQueuedSynchronizer$ConditionObject.awaitNanos(AbstractQueuedSynchronizer.java:2078)
        at java.util.concurrent.LinkedBlockingQueue.poll(LinkedBlockingQueue.java:467)
        at org.apache.hadoop.ipc.CallQueueManager.take(CallQueueManager.java:288)
        at org.apache.hadoop.ipc.Server$Handler.run(Server.java:2668)
"pool-26-thread-21"  prio=5 tid=291 in Object.wait()
java.lang.Thread.State: WAITING (on object monitor)
        at sun.misc.Unsafe.park(Native Method)
        at java.util.concurrent.locks.LockSupport.park(LockSupport.java:175)
        at java.util.concurrent.locks.AbstractQueuedSynchronizer$ConditionObject.await(AbstractQueuedSynchronizer.java:2039)
        at java.util.concurrent.ArrayBlockingQueue.take(ArrayBlockingQueue.java:403)
        at java.util.concurrent.ThreadPoolExecutor.getTask(ThreadPoolExecutor.java:1074)
        at java.util.concurrent.ThreadPoolExecutor.runWorker(ThreadPoolExecutor.java:1134)
        at java.util.concurrent.ThreadPoolExecutor$Worker.run(ThreadPoolExecutor.java:624)
        at java.lang.Thread.run(Thread.java:748)
"pool-21-thread-1"  prio=5 tid=134 timed_waiting
java.lang.Thread.State: TIMED_WAITING
        at sun.misc.Unsafe.park(Native Method)
        at java.util.concurrent.locks.LockSupport.parkNanos(LockSupport.java:215)
        at java.util.concurrent.locks.AbstractQueuedSynchronizer$ConditionObject.awaitNanos(AbstractQueuedSynchronizer.java:2078)
        at java.util.concurrent.ScheduledThreadPoolExecutor$DelayedWorkQueue.take(ScheduledThreadPoolExecutor.java:1093)
        at java.util.concurrent.ScheduledThreadPoolExecutor$DelayedWorkQueue.take(ScheduledThreadPoolExecutor.java:809)
        at java.util.concurrent.ThreadPoolExecutor.getTask(ThreadPoolExecutor.java:1074)
        at java.util.concurrent.ThreadPoolExecutor.runWorker(ThreadPoolExecutor.java:1134)
        at java.util.concurrent.ThreadPoolExecutor$Worker.run(ThreadPoolExecutor.java:624)
        at java.lang.Thread.run(Thread.java:748)
"pool-68-thread-52"  prio=5 tid=443 in Object.wait()
java.lang.Thread.State: WAITING (on object monitor)
        at sun.misc.Unsafe.park(Native Method)
        at java.util.concurrent.locks.LockSupport.park(LockSupport.java:175)
        at java.util.concurrent.locks.AbstractQueuedSynchronizer$ConditionObject.await(AbstractQueuedSynchronizer.java:2039)
        at java.util.concurrent.ArrayBlockingQueue.take(ArrayBlockingQueue.java:403)
        at java.util.concurrent.ThreadPoolExecutor.getTask(ThreadPoolExecutor.java:1074)
        at java.util.concurrent.ThreadPoolExecutor.runWorker(ThreadPoolExecutor.java:1134)
        at java.util.concurrent.ThreadPoolExecutor$Worker.run(ThreadPoolExecutor.java:624)
        at java.lang.Thread.run(Thread.java:748)
"pool-89-thread-46"  prio=5 tid=497 in Object.wait()
java.lang.Thread.State: WAITING (on object monitor)
        at sun.misc.Unsafe.park(Native Method)
        at java.util.concurrent.locks.LockSupport.park(LockSupport.java:175)
        at java.util.concurrent.locks.AbstractQueuedSynchronizer$ConditionObject.await(AbstractQueuedSynchronizer.java:2039)
        at java.util.concurrent.ArrayBlockingQueue.take(ArrayBlockingQueue.java:403)
        at java.util.concurrent.ThreadPoolExecutor.getTask(ThreadPoolExecutor.java:1074)
        at java.util.concurrent.ThreadPoolExecutor.runWorker(ThreadPoolExecutor.java:1134)
        at java.util.concurrent.ThreadPoolExecutor$Worker.run(ThreadPoolExecutor.java:624)
        at java.lang.Thread.run(Thread.java:748)
"pool-68-thread-13"  prio=5 tid=404 in Object.wait()
java.lang.Thread.State: WAITING (on object monitor)
        at sun.misc.Unsafe.park(Native Method)
        at java.util.concurrent.locks.LockSupport.park(LockSupport.java:175)
        at java.util.concurrent.locks.AbstractQueuedSynchronizer$ConditionObject.await(AbstractQueuedSynchronizer.java:2039)
        at java.util.concurrent.ArrayBlockingQueue.take(ArrayBlockingQueue.java:403)
        at java.util.concurrent.ThreadPoolExecutor.getTask(ThreadPoolExecutor.java:1074)
        at java.util.concurrent.ThreadPoolExecutor.runWorker(ThreadPoolExecutor.java:1134)
        at java.util.concurrent.ThreadPoolExecutor$Worker.run(ThreadPoolExecutor.java:624)
        at java.lang.Thread.run(Thread.java:748)
"pool-26-thread-48"  prio=5 tid=318 in Object.wait()
java.lang.Thread.State: WAITING (on object monitor)
        at sun.misc.Unsafe.park(Native Method)
        at java.util.concurrent.locks.LockSupport.park(LockSupport.java:175)
        at java.util.concurrent.locks.AbstractQueuedSynchronizer$ConditionObject.await(AbstractQueuedSynchronizer.java:2039)
        at java.util.concurrent.ArrayBlockingQueue.take(ArrayBlockingQueue.java:403)
        at java.util.concurrent.ThreadPoolExecutor.getTask(ThreadPoolExecutor.java:1074)
        at java.util.concurrent.ThreadPoolExecutor.runWorker(ThreadPoolExecutor.java:1134)
        at java.util.concurrent.ThreadPoolExecutor$Worker.run(ThreadPoolExecutor.java:624)
        at java.lang.Thread.run(Thread.java:748)
"Datanode ReportManager Thread - 0" daemon prio=5 tid=175 timed_waiting
java.lang.Thread.State: TIMED_WAITING
        at sun.misc.Unsafe.park(Native Method)
        at java.util.concurrent.locks.LockSupport.parkNanos(LockSupport.java:215)
        at java.util.concurrent.locks.AbstractQueuedSynchronizer$ConditionObject.awaitNanos(AbstractQueuedSynchronizer.java:2078)
        at java.util.concurrent.ScheduledThreadPoolExecutor$DelayedWorkQueue.take(ScheduledThreadPoolExecutor.java:1093)
        at java.util.concurrent.ScheduledThreadPoolExecutor$DelayedWorkQueue.take(ScheduledThreadPoolExecutor.java:809)
        at java.util.concurrent.ThreadPoolExecutor.getTask(ThreadPoolExecutor.java:1074)
        at java.util.concurrent.ThreadPoolExecutor.runWorker(ThreadPoolExecutor.java:1134)
        at java.util.concurrent.ThreadPoolExecutor$Worker.run(ThreadPoolExecutor.java:624)
        at java.lang.Thread.run(Thread.java:748)
"IPC Server handler 5 on 42937" daemon prio=5 tid=119 timed_waiting
java.lang.Thread.State: TIMED_WAITING
        at sun.misc.Unsafe.park(Native Method)
        at java.util.concurrent.locks.LockSupport.parkNanos(LockSupport.java:215)
        at java.util.concurrent.locks.AbstractQueuedSynchronizer$ConditionObject.awaitNanos(AbstractQueuedSynchronizer.java:2078)
        at java.util.concurrent.LinkedBlockingQueue.poll(LinkedBlockingQueue.java:467)
        at org.apache.hadoop.ipc.CallQueueManager.take(CallQueueManager.java:288)
        at org.apache.hadoop.ipc.Server$Handler.run(Server.java:2668)
"Socket Reader #1 for port 43271"  prio=5 tid=20 runnable
java.lang.Thread.State: RUNNABLE
        at sun.nio.ch.EPollArrayWrapper.epollWait(Native Method)
        at sun.nio.ch.EPollArrayWrapper.poll(EPollArrayWrapper.java:269)
        at sun.nio.ch.EPollSelectorImpl.doSelect(EPollSelectorImpl.java:93)
        at sun.nio.ch.SelectorImpl.lockAndDoSelect(SelectorImpl.java:86)
        at sun.nio.ch.SelectorImpl.select(SelectorImpl.java:97)
        at sun.nio.ch.SelectorImpl.select(SelectorImpl.java:101)
        at org.apache.hadoop.ipc.Server$Listener$Reader.doRunLoop(Server.java:1097)
        at org.apache.hadoop.ipc.Server$Listener$Reader.run(Server.java:1076)
"Datanode ReportManager Thread - 2" daemon prio=5 tid=265 in Object.wait()
java.lang.Thread.State: WAITING (on object monitor)
        at sun.misc.Unsafe.park(Native Method)
        at java.util.concurrent.locks.LockSupport.park(LockSupport.java:175)
        at java.util.concurrent.locks.AbstractQueuedSynchronizer$ConditionObject.await(AbstractQueuedSynchronizer.java:2039)
        at java.util.concurrent.ScheduledThreadPoolExecutor$DelayedWorkQueue.take(ScheduledThreadPoolExecutor.java:1088)
        at java.util.concurrent.ScheduledThreadPoolExecutor$DelayedWorkQueue.take(ScheduledThreadPoolExecutor.java:809)
        at java.util.concurrent.ThreadPoolExecutor.getTask(ThreadPoolExecutor.java:1074)
        at java.util.concurrent.ThreadPoolExecutor.runWorker(ThreadPoolExecutor.java:1134)
        at java.util.concurrent.ThreadPoolExecutor$Worker.run(ThreadPoolExecutor.java:624)
        at java.lang.Thread.run(Thread.java:748)
"qtp1366212088-140" daemon prio=5 tid=140 timed_waiting
java.lang.Thread.State: TIMED_WAITING
        at sun.misc.Unsafe.park(Native Method)
        at java.util.concurrent.locks.LockSupport.parkNanos(LockSupport.java:215)
        at java.util.concurrent.locks.AbstractQueuedSynchronizer$ConditionObject.awaitNanos(AbstractQueuedSynchronizer.java:2078)
        at org.eclipse.jetty.util.BlockingArrayQueue.poll(BlockingArrayQueue.java:392)
        at org.eclipse.jetty.util.thread.QueuedThreadPool.idleJobPoll(QueuedThreadPool.java:563)
        at org.eclipse.jetty.util.thread.QueuedThreadPool.access$800(QueuedThreadPool.java:48)
        at org.eclipse.jetty.util.thread.QueuedThreadPool$2.run(QueuedThreadPool.java:626)
        at java.lang.Thread.run(Thread.java:748)
"pool-89-thread-26"  prio=5 tid=477 in Object.wait()
java.lang.Thread.State: WAITING (on object monitor)
        at sun.misc.Unsafe.park(Native Method)
        at java.util.concurrent.locks.LockSupport.park(LockSupport.java:175)
        at java.util.concurrent.locks.AbstractQueuedSynchronizer$ConditionObject.await(AbstractQueuedSynchronizer.java:2039)
        at java.util.concurrent.ArrayBlockingQueue.take(ArrayBlockingQueue.java:403)
        at java.util.concurrent.ThreadPoolExecutor.getTask(ThreadPoolExecutor.java:1074)
        at java.util.concurrent.ThreadPoolExecutor.runWorker(ThreadPoolExecutor.java:1134)
        at java.util.concurrent.ThreadPoolExecutor$Worker.run(ThreadPoolExecutor.java:624)
        at java.lang.Thread.run(Thread.java:748)
"qtp1366212088-142" daemon prio=5 tid=142 timed_waiting
java.lang.Thread.State: TIMED_WAITING
        at sun.misc.Unsafe.park(Native Method)
        at java.util.concurrent.locks.LockSupport.parkNanos(LockSupport.java:215)
        at java.util.concurrent.locks.AbstractQueuedSynchronizer$ConditionObject.awaitNanos(AbstractQueuedSynchronizer.java:2078)
        at org.eclipse.jetty.util.BlockingArrayQueue.poll(BlockingArrayQueue.java:392)
        at org.eclipse.jetty.util.thread.QueuedThreadPool.idleJobPoll(QueuedThreadPool.java:563)
        at org.eclipse.jetty.util.thread.QueuedThreadPool.access$800(QueuedThreadPool.java:48)
        at org.eclipse.jetty.util.thread.QueuedThreadPool$2.run(QueuedThreadPool.java:626)
        at java.lang.Thread.run(Thread.java:748)
"IPC Server handler 15 on 40125" daemon prio=5 tid=45 timed_waiting
java.lang.Thread.State: TIMED_WAITING
        at sun.misc.Unsafe.park(Native Method)
        at java.util.concurrent.locks.LockSupport.parkNanos(LockSupport.java:215)
        at java.util.concurrent.locks.AbstractQueuedSynchronizer$ConditionObject.awaitNanos(AbstractQueuedSynchronizer.java:2078)
        at java.util.concurrent.LinkedBlockingQueue.poll(LinkedBlockingQueue.java:467)
        at org.apache.hadoop.ipc.CallQueueManager.take(CallQueueManager.java:288)
        at org.apache.hadoop.ipc.Server$Handler.run(Server.java:2668)
"pool-26-thread-1"  prio=5 tid=271 in Object.wait()
java.lang.Thread.State: WAITING (on object monitor)
        at sun.misc.Unsafe.park(Native Method)
        at java.util.concurrent.locks.LockSupport.park(LockSupport.java:175)
        at java.util.concurrent.locks.AbstractQueuedSynchronizer$ConditionObject.await(AbstractQueuedSynchronizer.java:2039)
        at java.util.concurrent.ArrayBlockingQueue.take(ArrayBlockingQueue.java:403)
        at java.util.concurrent.ThreadPoolExecutor.getTask(ThreadPoolExecutor.java:1074)
        at java.util.concurrent.ThreadPoolExecutor.runWorker(ThreadPoolExecutor.java:1134)
        at java.util.concurrent.ThreadPoolExecutor$Worker.run(ThreadPoolExecutor.java:624)
        at java.lang.Thread.run(Thread.java:748)
"org.eclipse.jetty.server.session.HashSessionManager@266e9ddaTimer" daemon prio=5 tid=258 timed_waiting
java.lang.Thread.State: TIMED_WAITING
        at sun.misc.Unsafe.park(Native Method)
        at java.util.concurrent.locks.LockSupport.parkNanos(LockSupport.java:215)
        at java.util.concurrent.locks.AbstractQueuedSynchronizer$ConditionObject.awaitNanos(AbstractQueuedSynchronizer.java:2078)
        at java.util.concurrent.ScheduledThreadPoolExecutor$DelayedWorkQueue.take(ScheduledThreadPoolExecutor.java:1093)
        at java.util.concurrent.ScheduledThreadPoolExecutor$DelayedWorkQueue.take(ScheduledThreadPoolExecutor.java:809)
        at java.util.concurrent.ThreadPoolExecutor.getTask(ThreadPoolExecutor.java:1074)
        at java.util.concurrent.ThreadPoolExecutor.runWorker(ThreadPoolExecutor.java:1134)
        at java.util.concurrent.ThreadPoolExecutor$Worker.run(ThreadPoolExecutor.java:624)
        at java.lang.Thread.run(Thread.java:748)
"IPC Server handler 3 on 42937" daemon prio=5 tid=117 timed_waiting
java.lang.Thread.State: TIMED_WAITING
        at sun.misc.Unsafe.park(Native Method)
        at java.util.concurrent.locks.LockSupport.parkNanos(LockSupport.java:215)
        at java.util.concurrent.locks.AbstractQueuedSynchronizer$ConditionObject.awaitNanos(AbstractQueuedSynchronizer.java:2078)
        at java.util.concurrent.LinkedBlockingQueue.poll(LinkedBlockingQueue.java:467)
        at org.apache.hadoop.ipc.CallQueueManager.take(CallQueueManager.java:288)
        at org.apache.hadoop.ipc.Server$Handler.run(Server.java:2668)
"pool-47-thread-16"  prio=5 tid=347 in Object.wait()
java.lang.Thread.State: WAITING (on object monitor)
        at sun.misc.Unsafe.park(Native Method)
        at java.util.concurrent.locks.LockSupport.park(LockSupport.java:175)
        at java.util.concurrent.locks.AbstractQueuedSynchronizer$ConditionObject.await(AbstractQueuedSynchronizer.java:2039)
        at java.util.concurrent.ArrayBlockingQueue.take(ArrayBlockingQueue.java:403)
        at java.util.concurrent.ThreadPoolExecutor.getTask(ThreadPoolExecutor.java:1074)
        at java.util.concurrent.ThreadPoolExecutor.runWorker(ThreadPoolExecutor.java:1134)
        at java.util.concurrent.ThreadPoolExecutor$Worker.run(ThreadPoolExecutor.java:624)
        at java.lang.Thread.run(Thread.java:748)
"qtp1018742990-166" daemon prio=5 tid=166 timed_waiting
java.lang.Thread.State: TIMED_WAITING
        at sun.misc.Unsafe.park(Native Method)
        at java.util.concurrent.locks.LockSupport.parkNanos(LockSupport.java:215)
        at java.util.concurrent.locks.AbstractQueuedSynchronizer$ConditionObject.awaitNanos(AbstractQueuedSynchronizer.java:2078)
        at org.eclipse.jetty.util.BlockingArrayQueue.poll(BlockingArrayQueue.java:392)
        at org.eclipse.jetty.util.thread.QueuedThreadPool.idleJobPoll(QueuedThreadPool.java:563)
        at org.eclipse.jetty.util.thread.QueuedThreadPool.access$800(QueuedThreadPool.java:48)
        at org.eclipse.jetty.util.thread.QueuedThreadPool$2.run(QueuedThreadPool.java:626)
        at java.lang.Thread.run(Thread.java:748)
"pool-68-thread-21"  prio=5 tid=412 in Object.wait()
java.lang.Thread.State: WAITING (on object monitor)
        at sun.misc.Unsafe.park(Native Method)
        at java.util.concurrent.locks.LockSupport.park(LockSupport.java:175)
        at java.util.concurrent.locks.AbstractQueuedSynchronizer$ConditionObject.await(AbstractQueuedSynchronizer.java:2039)
        at java.util.concurrent.ArrayBlockingQueue.take(ArrayBlockingQueue.java:403)
        at java.util.concurrent.ThreadPoolExecutor.getTask(ThreadPoolExecutor.java:1074)
        at java.util.concurrent.ThreadPoolExecutor.runWorker(ThreadPoolExecutor.java:1134)
        at java.util.concurrent.ThreadPoolExecutor$Worker.run(ThreadPoolExecutor.java:624)
        at java.lang.Thread.run(Thread.java:748)
"IPC Server handler 18 on 43271" daemon prio=5 tid=68 timed_waiting
java.lang.Thread.State: TIMED_WAITING
        at sun.misc.Unsafe.park(Native Method)
        at java.util.concurrent.locks.LockSupport.parkNanos(LockSupport.java:215)
        at java.util.concurrent.locks.AbstractQueuedSynchronizer$ConditionObject.awaitNanos(AbstractQueuedSynchronizer.java:2078)
        at java.util.concurrent.LinkedBlockingQueue.poll(LinkedBlockingQueue.java:467)
        at org.apache.hadoop.ipc.CallQueueManager.take(CallQueueManager.java:288)
        at org.apache.hadoop.ipc.Server$Handler.run(Server.java:2668)
"pool-26-thread-38"  prio=5 tid=308 in Object.wait()
java.lang.Thread.State: WAITING (on object monitor)
        at sun.misc.Unsafe.park(Native Method)
        at java.util.concurrent.locks.LockSupport.park(LockSupport.java:175)
        at java.util.concurrent.locks.AbstractQueuedSynchronizer$ConditionObject.await(AbstractQueuedSynchronizer.java:2039)
        at java.util.concurrent.ArrayBlockingQueue.take(ArrayBlockingQueue.java:403)
        at java.util.concurrent.ThreadPoolExecutor.getTask(ThreadPoolExecutor.java:1074)
        at java.util.concurrent.ThreadPoolExecutor.runWorker(ThreadPoolExecutor.java:1134)
        at java.util.concurrent.ThreadPoolExecutor$Worker.run(ThreadPoolExecutor.java:624)
        at java.lang.Thread.run(Thread.java:748)
"Socket Reader #1 for port 42937"  prio=5 tid=107 runnable
java.lang.Thread.State: RUNNABLE
        at sun.nio.ch.EPollArrayWrapper.epollWait(Native Method)
        at sun.nio.ch.EPollArrayWrapper.poll(EPollArrayWrapper.java:269)
        at sun.nio.ch.EPollSelectorImpl.doSelect(EPollSelectorImpl.java:93)
        at sun.nio.ch.SelectorImpl.lockAndDoSelect(SelectorImpl.java:86)
        at sun.nio.ch.SelectorImpl.select(SelectorImpl.java:97)
        at sun.nio.ch.SelectorImpl.select(SelectorImpl.java:101)
        at org.apache.hadoop.ipc.Server$Listener$Reader.doRunLoop(Server.java:1097)
        at org.apache.hadoop.ipc.Server$Listener$Reader.run(Server.java:1076)
"qtp790689709-196" daemon prio=5 tid=196 timed_waiting
java.lang.Thread.State: TIMED_WAITING
        at sun.misc.Unsafe.park(Native Method)
        at java.util.concurrent.locks.LockSupport.parkNanos(LockSupport.java:215)
        at java.util.concurrent.locks.AbstractQueuedSynchronizer$ConditionObject.awaitNanos(AbstractQueuedSynchronizer.java:2078)
        at org.eclipse.jetty.util.BlockingArrayQueue.poll(BlockingArrayQueue.java:392)
        at org.eclipse.jetty.util.thread.QueuedThreadPool.idleJobPoll(QueuedThreadPool.java:563)
        at org.eclipse.jetty.util.thread.QueuedThreadPool.access$800(QueuedThreadPool.java:48)
        at org.eclipse.jetty.util.thread.QueuedThreadPool$2.run(QueuedThreadPool.java:626)
        at java.lang.Thread.run(Thread.java:748)
"pool-58-thread-1"  prio=5 tid=524 in Object.wait()
java.lang.Thread.State: WAITING (on object monitor)
        at sun.misc.Unsafe.park(Native Method)
        at java.util.concurrent.locks.LockSupport.park(LockSupport.java:175)
        at java.util.concurrent.locks.AbstractQueuedSynchronizer$ConditionObject.await(AbstractQueuedSynchronizer.java:2039)
        at java.util.concurrent.LinkedBlockingQueue.take(LinkedBlockingQueue.java:442)
        at java.util.concurrent.ThreadPoolExecutor.getTask(ThreadPoolExecutor.java:1074)
        at java.util.concurrent.ThreadPoolExecutor.runWorker(ThreadPoolExecutor.java:1134)
        at java.util.concurrent.ThreadPoolExecutor$Worker.run(ThreadPoolExecutor.java:624)
        at java.lang.Thread.run(Thread.java:748)
"pool-26-thread-32"  prio=5 tid=302 in Object.wait()
java.lang.Thread.State: WAITING (on object monitor)
        at sun.misc.Unsafe.park(Native Method)
        at java.util.concurrent.locks.LockSupport.park(LockSupport.java:175)
        at java.util.concurrent.locks.AbstractQueuedSynchronizer$ConditionObject.await(AbstractQueuedSynchronizer.java:2039)
        at java.util.concurrent.ArrayBlockingQueue.take(ArrayBlockingQueue.java:403)
        at java.util.concurrent.ThreadPoolExecutor.getTask(ThreadPoolExecutor.java:1074)
        at java.util.concurrent.ThreadPoolExecutor.runWorker(ThreadPoolExecutor.java:1134)
        at java.util.concurrent.ThreadPoolExecutor$Worker.run(ThreadPoolExecutor.java:624)
        at java.lang.Thread.run(Thread.java:748)
"IPC Server handler 10 on 42937" daemon prio=5 tid=124 timed_waiting
java.lang.Thread.State: TIMED_WAITING
        at sun.misc.Unsafe.park(Native Method)
        at java.util.concurrent.locks.LockSupport.parkNanos(LockSupport.java:215)
        at java.util.concurrent.locks.AbstractQueuedSynchronizer$ConditionObject.awaitNanos(AbstractQueuedSynchronizer.java:2078)
        at java.util.concurrent.LinkedBlockingQueue.poll(LinkedBlockingQueue.java:467)
        at org.apache.hadoop.ipc.CallQueueManager.take(CallQueueManager.java:288)
        at org.apache.hadoop.ipc.Server$Handler.run(Server.java:2668)
"pool-26-thread-24"  prio=5 tid=294 in Object.wait()
java.lang.Thread.State: WAITING (on object monitor)
        at sun.misc.Unsafe.park(Native Method)
        at java.util.concurrent.locks.LockSupport.park(LockSupport.java:175)
        at java.util.concurrent.locks.AbstractQueuedSynchronizer$ConditionObject.await(AbstractQueuedSynchronizer.java:2039)
        at java.util.concurrent.ArrayBlockingQueue.take(ArrayBlockingQueue.java:403)
        at java.util.concurrent.ThreadPoolExecutor.getTask(ThreadPoolExecutor.java:1074)
        at java.util.concurrent.ThreadPoolExecutor.runWorker(ThreadPoolExecutor.java:1134)
        at java.util.concurrent.ThreadPoolExecutor$Worker.run(ThreadPoolExecutor.java:624)
        at java.lang.Thread.run(Thread.java:748)
"pool-68-thread-60"  prio=5 tid=451 in Object.wait()
java.lang.Thread.State: WAITING (on object monitor)
        at sun.misc.Unsafe.park(Native Method)
        at java.util.concurrent.locks.LockSupport.park(LockSupport.java:175)
        at java.util.concurrent.locks.AbstractQueuedSynchronizer$ConditionObject.await(AbstractQueuedSynchronizer.java:2039)
        at java.util.concurrent.ArrayBlockingQueue.take(ArrayBlockingQueue.java:403)
        at java.util.concurrent.ThreadPoolExecutor.getTask(ThreadPoolExecutor.java:1074)
        at java.util.concurrent.ThreadPoolExecutor.runWorker(ThreadPoolExecutor.java:1134)
        at java.util.concurrent.ThreadPoolExecutor$Worker.run(ThreadPoolExecutor.java:624)
        at java.lang.Thread.run(Thread.java:748)
"pool-89-thread-39"  prio=5 tid=490 in Object.wait()
java.lang.Thread.State: WAITING (on object monitor)
        at sun.misc.Unsafe.park(Native Method)
        at java.util.concurrent.locks.LockSupport.park(LockSupport.java:175)
        at java.util.concurrent.locks.AbstractQueuedSynchronizer$ConditionObject.await(AbstractQueuedSynchronizer.java:2039)
        at java.util.concurrent.ArrayBlockingQueue.take(ArrayBlockingQueue.java:403)
        at java.util.concurrent.ThreadPoolExecutor.getTask(ThreadPoolExecutor.java:1074)
        at java.util.concurrent.ThreadPoolExecutor.runWorker(ThreadPoolExecutor.java:1134)
        at java.util.concurrent.ThreadPoolExecutor$Worker.run(ThreadPoolExecutor.java:624)
        at java.lang.Thread.run(Thread.java:748)
"pool-68-thread-29"  prio=5 tid=420 in Object.wait()
java.lang.Thread.State: WAITING (on object monitor)
        at sun.misc.Unsafe.park(Native Method)
        at java.util.concurrent.locks.LockSupport.park(LockSupport.java:175)
        at java.util.concurrent.locks.AbstractQueuedSynchronizer$ConditionObject.await(AbstractQueuedSynchronizer.java:2039)
        at java.util.concurrent.ArrayBlockingQueue.take(ArrayBlockingQueue.java:403)
        at java.util.concurrent.ThreadPoolExecutor.getTask(ThreadPoolExecutor.java:1074)
        at java.util.concurrent.ThreadPoolExecutor.runWorker(ThreadPoolExecutor.java:1134)
        at java.util.concurrent.ThreadPoolExecutor$Worker.run(ThreadPoolExecutor.java:624)
        at java.lang.Thread.run(Thread.java:748)
"pool-47-thread-37"  prio=5 tid=368 in Object.wait()
java.lang.Thread.State: WAITING (on object monitor)
        at sun.misc.Unsafe.park(Native Method)
        at java.util.concurrent.locks.LockSupport.park(LockSupport.java:175)
        at java.util.concurrent.locks.AbstractQueuedSynchronizer$ConditionObject.await(AbstractQueuedSynchronizer.java:2039)
        at java.util.concurrent.ArrayBlockingQueue.take(ArrayBlockingQueue.java:403)
        at java.util.concurrent.ThreadPoolExecutor.getTask(ThreadPoolExecutor.java:1074)
        at java.util.concurrent.ThreadPoolExecutor.runWorker(ThreadPoolExecutor.java:1134)
        at java.util.concurrent.ThreadPoolExecutor$Worker.run(ThreadPoolExecutor.java:624)
        at java.lang.Thread.run(Thread.java:748)
"5f623e1f-d5a1-46cb-80d7-44327f36f2e1-RaftLogWorker"  prio=5 tid=536 timed_waiting
java.lang.Thread.State: TIMED_WAITING
        at sun.misc.Unsafe.park(Native Method)
        at java.util.concurrent.locks.LockSupport.parkNanos(LockSupport.java:215)
        at java.util.concurrent.locks.AbstractQueuedSynchronizer$ConditionObject.awaitNanos(AbstractQueuedSynchronizer.java:2078)
        at org.apache.ratis.util.DataBlockingQueue.poll(DataBlockingQueue.java:137)
        at org.apache.ratis.server.storage.RaftLogWorker.run(RaftLogWorker.java:216)
        at java.lang.Thread.run(Thread.java:748)
"Datanode ReportManager Thread - 2" daemon prio=5 tid=178 in Object.wait()
java.lang.Thread.State: WAITING (on object monitor)
        at sun.misc.Unsafe.park(Native Method)
        at java.util.concurrent.locks.LockSupport.park(LockSupport.java:175)
        at java.util.concurrent.locks.AbstractQueuedSynchronizer$ConditionObject.await(AbstractQueuedSynchronizer.java:2039)
        at java.util.concurrent.ScheduledThreadPoolExecutor$DelayedWorkQueue.take(ScheduledThreadPoolExecutor.java:1088)
        at java.util.concurrent.ScheduledThreadPoolExecutor$DelayedWorkQueue.take(ScheduledThreadPoolExecutor.java:809)
        at java.util.concurrent.ThreadPoolExecutor.getTask(ThreadPoolExecutor.java:1074)
        at java.util.concurrent.ThreadPoolExecutor.runWorker(ThreadPoolExecutor.java:1134)
        at java.util.concurrent.ThreadPoolExecutor$Worker.run(ThreadPoolExecutor.java:624)
        at java.lang.Thread.run(Thread.java:748)
"qtp1366212088-141" daemon prio=5 tid=141 timed_waiting
java.lang.Thread.State: TIMED_WAITING
        at sun.misc.Unsafe.park(Native Method)
        at java.util.concurrent.locks.LockSupport.parkNanos(LockSupport.java:215)
        at java.util.concurrent.locks.AbstractQueuedSynchronizer$ConditionObject.awaitNanos(AbstractQueuedSynchronizer.java:2078)
        at org.eclipse.jetty.util.BlockingArrayQueue.poll(BlockingArrayQueue.java:392)
        at org.eclipse.jetty.util.thread.QueuedThreadPool.idleJobPoll(QueuedThreadPool.java:563)
        at org.eclipse.jetty.util.thread.QueuedThreadPool.access$800(QueuedThreadPool.java:48)
        at org.eclipse.jetty.util.thread.QueuedThreadPool$2.run(QueuedThreadPool.java:626)
        at java.lang.Thread.run(Thread.java:748)
"IPC Server handler 2 on 43271" daemon prio=5 tid=52 timed_waiting
java.lang.Thread.State: TIMED_WAITING
        at sun.misc.Unsafe.park(Native Method)
        at java.util.concurrent.locks.LockSupport.parkNanos(LockSupport.java:215)
        at java.util.concurrent.locks.AbstractQueuedSynchronizer$ConditionObject.awaitNanos(AbstractQueuedSynchronizer.java:2078)
        at java.util.concurrent.LinkedBlockingQueue.poll(LinkedBlockingQueue.java:467)
        at org.apache.hadoop.ipc.CallQueueManager.take(CallQueueManager.java:288)
        at org.apache.hadoop.ipc.Server$Handler.run(Server.java:2668)
"pool-68-thread-46"  prio=5 tid=437 in Object.wait()
java.lang.Thread.State: WAITING (on object monitor)
        at sun.misc.Unsafe.park(Native Method)
        at java.util.concurrent.locks.LockSupport.park(LockSupport.java:175)
        at java.util.concurrent.locks.AbstractQueuedSynchronizer$ConditionObject.await(AbstractQueuedSynchronizer.java:2039)
        at java.util.concurrent.ArrayBlockingQueue.take(ArrayBlockingQueue.java:403)
        at java.util.concurrent.ThreadPoolExecutor.getTask(ThreadPoolExecutor.java:1074)
        at java.util.concurrent.ThreadPoolExecutor.runWorker(ThreadPoolExecutor.java:1134)
        at java.util.concurrent.ThreadPoolExecutor$Worker.run(ThreadPoolExecutor.java:624)
        at java.lang.Thread.run(Thread.java:748)
"pool-68-thread-9"  prio=5 tid=400 in Object.wait()
java.lang.Thread.State: WAITING (on object monitor)
        at sun.misc.Unsafe.park(Native Method)
        at java.util.concurrent.locks.LockSupport.park(LockSupport.java:175)
        at java.util.concurrent.locks.AbstractQueuedSynchronizer$ConditionObject.await(AbstractQueuedSynchronizer.java:2039)
        at java.util.concurrent.ArrayBlockingQueue.take(ArrayBlockingQueue.java:403)
        at java.util.concurrent.ThreadPoolExecutor.getTask(ThreadPoolExecutor.java:1074)
        at java.util.concurrent.ThreadPoolExecutor.runWorker(ThreadPoolExecutor.java:1134)
        at java.util.concurrent.ThreadPoolExecutor$Worker.run(ThreadPoolExecutor.java:624)
        at java.lang.Thread.run(Thread.java:748)
"pool-68-thread-26"  prio=5 tid=417 in Object.wait()
java.lang.Thread.State: WAITING (on object monitor)
        at sun.misc.Unsafe.park(Native Method)
        at java.util.concurrent.locks.LockSupport.park(LockSupport.java:175)
        at java.util.concurrent.locks.AbstractQueuedSynchronizer$ConditionObject.await(AbstractQueuedSynchronizer.java:2039)
        at java.util.concurrent.ArrayBlockingQueue.take(ArrayBlockingQueue.java:403)
        at java.util.concurrent.ThreadPoolExecutor.getTask(ThreadPoolExecutor.java:1074)
        at java.util.concurrent.ThreadPoolExecutor.runWorker(ThreadPoolExecutor.java:1134)
        at java.util.concurrent.ThreadPoolExecutor$Worker.run(ThreadPoolExecutor.java:624)
        at java.lang.Thread.run(Thread.java:748)
"pool-100-thread-1"  prio=5 tid=535 in Object.wait()
java.lang.Thread.State: WAITING (on object monitor)
        at sun.misc.Unsafe.park(Native Method)
        at java.util.concurrent.locks.LockSupport.park(LockSupport.java:175)
        at java.util.concurrent.locks.AbstractQueuedSynchronizer$ConditionObject.await(AbstractQueuedSynchronizer.java:2039)
        at java.util.concurrent.LinkedBlockingQueue.take(LinkedBlockingQueue.java:442)
        at java.util.concurrent.ThreadPoolExecutor.getTask(ThreadPoolExecutor.java:1074)
        at java.util.concurrent.ThreadPoolExecutor.runWorker(ThreadPoolExecutor.java:1134)
        at java.util.concurrent.ThreadPoolExecutor$Worker.run(ThreadPoolExecutor.java:624)
        at java.lang.Thread.run(Thread.java:748)
"pool-89-thread-58"  prio=5 tid=509 in Object.wait()
java.lang.Thread.State: WAITING (on object monitor)
        at sun.misc.Unsafe.park(Native Method)
        at java.util.concurrent.locks.LockSupport.park(LockSupport.java:175)
        at java.util.concurrent.locks.AbstractQueuedSynchronizer$ConditionObject.await(AbstractQueuedSynchronizer.java:2039)
        at java.util.concurrent.ArrayBlockingQueue.take(ArrayBlockingQueue.java:403)
        at java.util.concurrent.ThreadPoolExecutor.getTask(ThreadPoolExecutor.java:1074)
        at java.util.concurrent.ThreadPoolExecutor.runWorker(ThreadPoolExecutor.java:1134)
        at java.util.concurrent.ThreadPoolExecutor$Worker.run(ThreadPoolExecutor.java:624)
        at java.lang.Thread.run(Thread.java:748)
"pool-47-thread-54"  prio=5 tid=385 in Object.wait()
java.lang.Thread.State: WAITING (on object monitor)
        at sun.misc.Unsafe.park(Native Method)
        at java.util.concurrent.locks.LockSupport.park(LockSupport.java:175)
        at java.util.concurrent.locks.AbstractQueuedSynchronizer$ConditionObject.await(AbstractQueuedSynchronizer.java:2039)
        at java.util.concurrent.ArrayBlockingQueue.take(ArrayBlockingQueue.java:403)
        at java.util.concurrent.ThreadPoolExecutor.getTask(ThreadPoolExecutor.java:1074)
        at java.util.concurrent.ThreadPoolExecutor.runWorker(ThreadPoolExecutor.java:1134)
        at java.util.concurrent.ThreadPoolExecutor$Worker.run(ThreadPoolExecutor.java:624)
        at java.lang.Thread.run(Thread.java:748)
"IPC Server handler 10 on 43271" daemon prio=5 tid=60 timed_waiting
java.lang.Thread.State: TIMED_WAITING
        at sun.misc.Unsafe.park(Native Method)
        at java.util.concurrent.locks.LockSupport.parkNanos(LockSupport.java:215)
        at java.util.concurrent.locks.AbstractQueuedSynchronizer$ConditionObject.awaitNanos(AbstractQueuedSynchronizer.java:2078)
        at java.util.concurrent.LinkedBlockingQueue.poll(LinkedBlockingQueue.java:467)
        at org.apache.hadoop.ipc.CallQueueManager.take(CallQueueManager.java:288)
        at org.apache.hadoop.ipc.Server$Handler.run(Server.java:2668)
"pool-26-thread-46"  prio=5 tid=316 in Object.wait()
java.lang.Thread.State: WAITING (on object monitor)
        at sun.misc.Unsafe.park(Native Method)
        at java.util.concurrent.locks.LockSupport.park(LockSupport.java:175)
        at java.util.concurrent.locks.AbstractQueuedSynchronizer$ConditionObject.await(AbstractQueuedSynchronizer.java:2039)
        at java.util.concurrent.ArrayBlockingQueue.take(ArrayBlockingQueue.java:403)
        at java.util.concurrent.ThreadPoolExecutor.getTask(ThreadPoolExecutor.java:1074)
        at java.util.concurrent.ThreadPoolExecutor.runWorker(ThreadPoolExecutor.java:1134)
        at java.util.concurrent.ThreadPoolExecutor$Worker.run(ThreadPoolExecutor.java:624)
        at java.lang.Thread.run(Thread.java:748)
"qtp790689709-197" daemon prio=5 tid=197 timed_waiting
java.lang.Thread.State: TIMED_WAITING
        at sun.misc.Unsafe.park(Native Method)
        at java.util.concurrent.locks.LockSupport.parkNanos(LockSupport.java:215)
        at java.util.concurrent.locks.AbstractQueuedSynchronizer$ConditionObject.awaitNanos(AbstractQueuedSynchronizer.java:2078)
        at org.eclipse.jetty.util.BlockingArrayQueue.poll(BlockingArrayQueue.java:392)
        at org.eclipse.jetty.util.thread.QueuedThreadPool.idleJobPoll(QueuedThreadPool.java:563)
        at org.eclipse.jetty.util.thread.QueuedThreadPool.access$800(QueuedThreadPool.java:48)
        at org.eclipse.jetty.util.thread.QueuedThreadPool$2.run(QueuedThreadPool.java:626)
        at java.lang.Thread.run(Thread.java:748)
"IPC Server handler 4 on 34963" daemon prio=5 tid=74 timed_waiting
java.lang.Thread.State: TIMED_WAITING
        at sun.misc.Unsafe.park(Native Method)
        at java.util.concurrent.locks.LockSupport.parkNanos(LockSupport.java:215)
        at java.util.concurrent.locks.AbstractQueuedSynchronizer$ConditionObject.awaitNanos(AbstractQueuedSynchronizer.java:2078)
        at java.util.concurrent.LinkedBlockingQueue.poll(LinkedBlockingQueue.java:467)
        at org.apache.hadoop.ipc.CallQueueManager.take(CallQueueManager.java:288)
        at org.apache.hadoop.ipc.Server$Handler.run(Server.java:2668)
"Reference Handler" daemon prio=10 tid=2 in Object.wait()
java.lang.Thread.State: WAITING (on object monitor)
        at java.lang.Object.wait(Native Method)
        at java.lang.Object.wait(Object.java:502)
        at java.lang.ref.Reference.tryHandlePending(Reference.java:191)
        at java.lang.ref.Reference$ReferenceHandler.run(Reference.java:153)
"grpc-default-boss-ELG-1-1" daemon prio=5 tid=331 runnable
java.lang.Thread.State: RUNNABLE
        at sun.nio.ch.EPollArrayWrapper.epollWait(Native Method)
        at sun.nio.ch.EPollArrayWrapper.poll(EPollArrayWrapper.java:269)
        at sun.nio.ch.EPollSelectorImpl.doSelect(EPollSelectorImpl.java:93)
        at sun.nio.ch.SelectorImpl.lockAndDoSelect(SelectorImpl.java:86)
        at sun.nio.ch.SelectorImpl.select(SelectorImpl.java:97)
        at org.apache.ratis.thirdparty.io.netty.channel.nio.SelectedSelectionKeySetSelector.select(SelectedSelectionKeySetSelector.java:62)
        at org.apache.ratis.thirdparty.io.netty.channel.nio.NioEventLoop.select(NioEventLoop.java:753)
        at org.apache.ratis.thirdparty.io.netty.channel.nio.NioEventLoop.run(NioEventLoop.java:408)
        at org.apache.ratis.thirdparty.io.netty.util.concurrent.SingleThreadEventExecutor$5.run(SingleThreadEventExecutor.java:897)
        at org.apache.ratis.thirdparty.io.netty.util.concurrent.FastThreadLocalRunnable.run(FastThreadLocalRunnable.java:30)
        at java.lang.Thread.run(Thread.java:748)
"pool-68-thread-15"  prio=5 tid=406 in Object.wait()
java.lang.Thread.State: WAITING (on object monitor)
        at sun.misc.Unsafe.park(Native Method)
        at java.util.concurrent.locks.LockSupport.park(LockSupport.java:175)
        at java.util.concurrent.locks.AbstractQueuedSynchronizer$ConditionObject.await(AbstractQueuedSynchronizer.java:2039)
        at java.util.concurrent.ArrayBlockingQueue.take(ArrayBlockingQueue.java:403)
        at java.util.concurrent.ThreadPoolExecutor.getTask(ThreadPoolExecutor.java:1074)
        at java.util.concurrent.ThreadPoolExecutor.runWorker(ThreadPoolExecutor.java:1134)
        at java.util.concurrent.ThreadPoolExecutor$Worker.run(ThreadPoolExecutor.java:624)
        at java.lang.Thread.run(Thread.java:748)
"org.apache.ratis.server.impl.LogAppender$$Lambda$331/480809785@52d99b53" daemon prio=5 tid=569 timed_waiting
java.lang.Thread.State: TIMED_WAITING
        at java.lang.Object.wait(Native Method)
        at org.apache.ratis.grpc.server.GrpcLogAppender.mayWait(GrpcLogAppender.java:140)
        at org.apache.ratis.grpc.server.GrpcLogAppender.runAppenderImpl(GrpcLogAppender.java:94)
        at org.apache.ratis.server.impl.LogAppender.runAppender(LogAppender.java:101)
        at org.apache.ratis.server.impl.LogAppender$$Lambda$331/480809785.run(Unknown Source)
        at java.lang.Thread.run(Thread.java:748)
"pool-68-thread-55"  prio=5 tid=446 in Object.wait()
java.lang.Thread.State: WAITING (on object monitor)
        at sun.misc.Unsafe.park(Native Method)
        at java.util.concurrent.locks.LockSupport.park(LockSupport.java:175)
        at java.util.concurrent.locks.AbstractQueuedSynchronizer$ConditionObject.await(AbstractQueuedSynchronizer.java:2039)
        at java.util.concurrent.ArrayBlockingQueue.take(ArrayBlockingQueue.java:403)
        at java.util.concurrent.ThreadPoolExecutor.getTask(ThreadPoolExecutor.java:1074)
        at java.util.concurrent.ThreadPoolExecutor.runWorker(ThreadPoolExecutor.java:1134)
        at java.util.concurrent.ThreadPoolExecutor$Worker.run(ThreadPoolExecutor.java:624)
        at java.lang.Thread.run(Thread.java:748)
"pool-89-thread-41"  prio=5 tid=492 in Object.wait()
java.lang.Thread.State: WAITING (on object monitor)
        at sun.misc.Unsafe.park(Native Method)
        at java.util.concurrent.locks.LockSupport.park(LockSupport.java:175)
        at java.util.concurrent.locks.AbstractQueuedSynchronizer$ConditionObject.await(AbstractQueuedSynchronizer.java:2039)
        at java.util.concurrent.ArrayBlockingQueue.take(ArrayBlockingQueue.java:403)
        at java.util.concurrent.ThreadPoolExecutor.getTask(ThreadPoolExecutor.java:1074)
        at java.util.concurrent.ThreadPoolExecutor.runWorker(ThreadPoolExecutor.java:1134)
        at java.util.concurrent.ThreadPoolExecutor$Worker.run(ThreadPoolExecutor.java:624)
        at java.lang.Thread.run(Thread.java:748)
"pool-47-thread-15"  prio=5 tid=346 in Object.wait()
java.lang.Thread.State: WAITING (on object monitor)
        at sun.misc.Unsafe.park(Native Method)
        at java.util.concurrent.locks.LockSupport.park(LockSupport.java:175)
        at java.util.concurrent.locks.AbstractQueuedSynchronizer$ConditionObject.await(AbstractQueuedSynchronizer.java:2039)
        at java.util.concurrent.ArrayBlockingQueue.take(ArrayBlockingQueue.java:403)
        at java.util.concurrent.ThreadPoolExecutor.getTask(ThreadPoolExecutor.java:1074)
        at java.util.concurrent.ThreadPoolExecutor.runWorker(ThreadPoolExecutor.java:1134)
        at java.util.concurrent.ThreadPoolExecutor$Worker.run(ThreadPoolExecutor.java:624)
        at java.lang.Thread.run(Thread.java:748)
"pool-47-thread-27"  prio=5 tid=358 in Object.wait()
java.lang.Thread.State: WAITING (on object monitor)
        at sun.misc.Unsafe.park(Native Method)
        at java.util.concurrent.locks.LockSupport.park(LockSupport.java:175)
        at java.util.concurrent.locks.AbstractQueuedSynchronizer$ConditionObject.await(AbstractQueuedSynchronizer.java:2039)
        at java.util.concurrent.ArrayBlockingQueue.take(ArrayBlockingQueue.java:403)
        at java.util.concurrent.ThreadPoolExecutor.getTask(ThreadPoolExecutor.java:1074)
        at java.util.concurrent.ThreadPoolExecutor.runWorker(ThreadPoolExecutor.java:1134)
        at java.util.concurrent.ThreadPoolExecutor$Worker.run(ThreadPoolExecutor.java:624)
        at java.lang.Thread.run(Thread.java:748)
"IPC Server handler 7 on 40125" daemon prio=5 tid=37 timed_waiting
java.lang.Thread.State: TIMED_WAITING
        at sun.misc.Unsafe.park(Native Method)
        at java.util.concurrent.locks.LockSupport.parkNanos(LockSupport.java:215)
        at java.util.concurrent.locks.AbstractQueuedSynchronizer$ConditionObject.awaitNanos(AbstractQueuedSynchronizer.java:2078)
        at java.util.concurrent.LinkedBlockingQueue.poll(LinkedBlockingQueue.java:467)
        at org.apache.hadoop.ipc.CallQueueManager.take(CallQueueManager.java:288)
        at org.apache.hadoop.ipc.Server$Handler.run(Server.java:2668)
"CommandWatcher-LeaseManager#LeaseMonitor" daemon prio=5 tid=29 timed_waiting
java.lang.Thread.State: TIMED_WAITING
        at java.lang.Thread.sleep(Native Method)
        at org.apache.hadoop.ozone.lease.LeaseManager$LeaseMonitor.run(LeaseManager.java:234)
        at java.lang.Thread.run(Thread.java:748)
"pool-26-thread-39"  prio=5 tid=309 in Object.wait()
java.lang.Thread.State: WAITING (on object monitor)
        at sun.misc.Unsafe.park(Native Method)
        at java.util.concurrent.locks.LockSupport.park(LockSupport.java:175)
        at java.util.concurrent.locks.AbstractQueuedSynchronizer$ConditionObject.await(AbstractQueuedSynchronizer.java:2039)
        at java.util.concurrent.ArrayBlockingQueue.take(ArrayBlockingQueue.java:403)
        at java.util.concurrent.ThreadPoolExecutor.getTask(ThreadPoolExecutor.java:1074)
        at java.util.concurrent.ThreadPoolExecutor.runWorker(ThreadPoolExecutor.java:1134)
        at java.util.concurrent.ThreadPoolExecutor$Worker.run(ThreadPoolExecutor.java:624)
        at java.lang.Thread.run(Thread.java:748)
"pool-47-thread-41"  prio=5 tid=372 in Object.wait()
java.lang.Thread.State: WAITING (on object monitor)
        at sun.misc.Unsafe.park(Native Method)
        at java.util.concurrent.locks.LockSupport.park(LockSupport.java:175)
        at java.util.concurrent.locks.AbstractQueuedSynchronizer$ConditionObject.await(AbstractQueuedSynchronizer.java:2039)
        at java.util.concurrent.ArrayBlockingQueue.take(ArrayBlockingQueue.java:403)
        at java.util.concurrent.ThreadPoolExecutor.getTask(ThreadPoolExecutor.java:1074)
        at java.util.concurrent.ThreadPoolExecutor.runWorker(ThreadPoolExecutor.java:1134)
        at java.util.concurrent.ThreadPoolExecutor$Worker.run(ThreadPoolExecutor.java:624)
        at java.lang.Thread.run(Thread.java:748)
"pool-89-thread-34"  prio=5 tid=485 in Object.wait()
java.lang.Thread.State: WAITING (on object monitor)
        at sun.misc.Unsafe.park(Native Method)
        at java.util.concurrent.locks.LockSupport.park(LockSupport.java:175)
        at java.util.concurrent.locks.AbstractQueuedSynchronizer$ConditionObject.await(AbstractQueuedSynchronizer.java:2039)
        at java.util.concurrent.ArrayBlockingQueue.take(ArrayBlockingQueue.java:403)
        at java.util.concurrent.ThreadPoolExecutor.getTask(ThreadPoolExecutor.java:1074)
        at java.util.concurrent.ThreadPoolExecutor.runWorker(ThreadPoolExecutor.java:1134)
        at java.util.concurrent.ThreadPoolExecutor$Worker.run(ThreadPoolExecutor.java:624)
        at java.lang.Thread.run(Thread.java:748)
"pool-68-thread-24"  prio=5 tid=415 in Object.wait()
java.lang.Thread.State: WAITING (on object monitor)
        at sun.misc.Unsafe.park(Native Method)
        at java.util.concurrent.locks.LockSupport.park(LockSupport.java:175)
        at java.util.concurrent.locks.AbstractQueuedSynchronizer$ConditionObject.await(AbstractQueuedSynchronizer.java:2039)
        at java.util.concurrent.ArrayBlockingQueue.take(ArrayBlockingQueue.java:403)
        at java.util.concurrent.ThreadPoolExecutor.getTask(ThreadPoolExecutor.java:1074)
        at java.util.concurrent.ThreadPoolExecutor.runWorker(ThreadPoolExecutor.java:1134)
        at java.util.concurrent.ThreadPoolExecutor$Worker.run(ThreadPoolExecutor.java:624)
        at java.lang.Thread.run(Thread.java:748)
"IPC Server handler 17 on 43271" daemon prio=5 tid=67 timed_waiting
java.lang.Thread.State: TIMED_WAITING
        at sun.misc.Unsafe.park(Native Method)
        at java.util.concurrent.locks.LockSupport.parkNanos(LockSupport.java:215)
        at java.util.concurrent.locks.AbstractQueuedSynchronizer$ConditionObject.awaitNanos(AbstractQueuedSynchronizer.java:2078)
        at java.util.concurrent.LinkedBlockingQueue.poll(LinkedBlockingQueue.java:467)
        at org.apache.hadoop.ipc.CallQueueManager.take(CallQueueManager.java:288)
        at org.apache.hadoop.ipc.Server$Handler.run(Server.java:2668)
"pool-47-thread-26"  prio=5 tid=357 in Object.wait()
java.lang.Thread.State: WAITING (on object monitor)
        at sun.misc.Unsafe.park(Native Method)
        at java.util.concurrent.locks.LockSupport.park(LockSupport.java:175)
        at java.util.concurrent.locks.AbstractQueuedSynchronizer$ConditionObject.await(AbstractQueuedSynchronizer.java:2039)
        at java.util.concurrent.ArrayBlockingQueue.take(ArrayBlockingQueue.java:403)
        at java.util.concurrent.ThreadPoolExecutor.getTask(ThreadPoolExecutor.java:1074)
        at java.util.concurrent.ThreadPoolExecutor.runWorker(ThreadPoolExecutor.java:1134)
        at java.util.concurrent.ThreadPoolExecutor$Worker.run(ThreadPoolExecutor.java:624)
        at java.lang.Thread.run(Thread.java:748)
"org.eclipse.jetty.server.session.HashSessionManager@7fe8c7dbTimer" daemon prio=5 tid=259 timed_waiting
java.lang.Thread.State: TIMED_WAITING
        at sun.misc.Unsafe.park(Native Method)
        at java.util.concurrent.locks.LockSupport.parkNanos(LockSupport.java:215)
        at java.util.concurrent.locks.AbstractQueuedSynchronizer$ConditionObject.awaitNanos(AbstractQueuedSynchronizer.java:2078)
        at java.util.concurrent.ScheduledThreadPoolExecutor$DelayedWorkQueue.take(ScheduledThreadPoolExecutor.java:1093)
        at java.util.concurrent.ScheduledThreadPoolExecutor$DelayedWorkQueue.take(ScheduledThreadPoolExecutor.java:809)
        at java.util.concurrent.ThreadPoolExecutor.getTask(ThreadPoolExecutor.java:1074)
        at java.util.concurrent.ThreadPoolExecutor.runWorker(ThreadPoolExecutor.java:1134)
        at java.util.concurrent.ThreadPoolExecutor$Worker.run(ThreadPoolExecutor.java:624)
        at java.lang.Thread.run(Thread.java:748)
"pool-26-thread-5"  prio=5 tid=275 in Object.wait()
java.lang.Thread.State: WAITING (on object monitor)
        at sun.misc.Unsafe.park(Native Method)
        at java.util.concurrent.locks.LockSupport.park(LockSupport.java:175)
        at java.util.concurrent.locks.AbstractQueuedSynchronizer$ConditionObject.await(AbstractQueuedSynchronizer.java:2039)
        at java.util.concurrent.ArrayBlockingQueue.take(ArrayBlockingQueue.java:403)
        at java.util.concurrent.ThreadPoolExecutor.getTask(ThreadPoolExecutor.java:1074)
        at java.util.concurrent.ThreadPoolExecutor.runWorker(ThreadPoolExecutor.java:1134)
        at java.util.concurrent.ThreadPoolExecutor$Worker.run(ThreadPoolExecutor.java:624)
        at java.lang.Thread.run(Thread.java:748)
"qtp1110014943-257" daemon prio=5 tid=257 timed_waiting
java.lang.Thread.State: TIMED_WAITING
        at sun.misc.Unsafe.park(Native Method)
        at java.util.concurrent.locks.LockSupport.parkNanos(LockSupport.java:215)
        at java.util.concurrent.locks.AbstractQueuedSynchronizer$ConditionObject.awaitNanos(AbstractQueuedSynchronizer.java:2078)
        at org.eclipse.jetty.util.BlockingArrayQueue.poll(BlockingArrayQueue.java:392)
        at org.eclipse.jetty.util.thread.QueuedThreadPool.idleJobPoll(QueuedThreadPool.java:563)
        at org.eclipse.jetty.util.thread.QueuedThreadPool.access$800(QueuedThreadPool.java:48)
        at org.eclipse.jetty.util.thread.QueuedThreadPool$2.run(QueuedThreadPool.java:626)
        at java.lang.Thread.run(Thread.java:748)
"pool-47-thread-51"  prio=5 tid=382 in Object.wait()
java.lang.Thread.State: WAITING (on object monitor)
        at sun.misc.Unsafe.park(Native Method)
        at java.util.concurrent.locks.LockSupport.park(LockSupport.java:175)
        at java.util.concurrent.locks.AbstractQueuedSynchronizer$ConditionObject.await(AbstractQueuedSynchronizer.java:2039)
        at java.util.concurrent.ArrayBlockingQueue.take(ArrayBlockingQueue.java:403)
        at java.util.concurrent.ThreadPoolExecutor.getTask(ThreadPoolExecutor.java:1074)
        at java.util.concurrent.ThreadPoolExecutor.runWorker(ThreadPoolExecutor.java:1134)
        at java.util.concurrent.ThreadPoolExecutor$Worker.run(ThreadPoolExecutor.java:624)
        at java.lang.Thread.run(Thread.java:748)
"pool-68-thread-34"  prio=5 tid=425 in Object.wait()
java.lang.Thread.State: WAITING (on object monitor)
        at sun.misc.Unsafe.park(Native Method)
        at java.util.concurrent.locks.LockSupport.park(LockSupport.java:175)
        at java.util.concurrent.locks.AbstractQueuedSynchronizer$ConditionObject.await(AbstractQueuedSynchronizer.java:2039)
        at java.util.concurrent.ArrayBlockingQueue.take(ArrayBlockingQueue.java:403)
        at java.util.concurrent.ThreadPoolExecutor.getTask(ThreadPoolExecutor.java:1074)
        at java.util.concurrent.ThreadPoolExecutor.runWorker(ThreadPoolExecutor.java:1134)
        at java.util.concurrent.ThreadPoolExecutor$Worker.run(ThreadPoolExecutor.java:624)
        at java.lang.Thread.run(Thread.java:748)
"pool-47-thread-30"  prio=5 tid=361 in Object.wait()
java.lang.Thread.State: WAITING (on object monitor)
        at sun.misc.Unsafe.park(Native Method)
        at java.util.concurrent.locks.LockSupport.park(LockSupport.java:175)
        at java.util.concurrent.locks.AbstractQueuedSynchronizer$ConditionObject.await(AbstractQueuedSynchronizer.java:2039)
        at java.util.concurrent.ArrayBlockingQueue.take(ArrayBlockingQueue.java:403)
        at java.util.concurrent.ThreadPoolExecutor.getTask(ThreadPoolExecutor.java:1074)
        at java.util.concurrent.ThreadPoolExecutor.runWorker(ThreadPoolExecutor.java:1134)
        at java.util.concurrent.ThreadPoolExecutor$Worker.run(ThreadPoolExecutor.java:624)
        at java.lang.Thread.run(Thread.java:748)
"pool-26-thread-34"  prio=5 tid=304 in Object.wait()
java.lang.Thread.State: WAITING (on object monitor)
        at sun.misc.Unsafe.park(Native Method)
        at java.util.concurrent.locks.LockSupport.park(LockSupport.java:175)
        at java.util.concurrent.locks.AbstractQueuedSynchronizer$ConditionObject.await(AbstractQueuedSynchronizer.java:2039)
        at java.util.concurrent.ArrayBlockingQueue.take(ArrayBlockingQueue.java:403)
        at java.util.concurrent.ThreadPoolExecutor.getTask(ThreadPoolExecutor.java:1074)
        at java.util.concurrent.ThreadPoolExecutor.runWorker(ThreadPoolExecutor.java:1134)
        at java.util.concurrent.ThreadPoolExecutor$Worker.run(ThreadPoolExecutor.java:624)
        at java.lang.Thread.run(Thread.java:748)
"pool-47-thread-29"  prio=5 tid=360 in Object.wait()
java.lang.Thread.State: WAITING (on object monitor)
        at sun.misc.Unsafe.park(Native Method)
        at java.util.concurrent.locks.LockSupport.park(LockSupport.java:175)
        at java.util.concurrent.locks.AbstractQueuedSynchronizer$ConditionObject.await(AbstractQueuedSynchronizer.java:2039)
        at java.util.concurrent.ArrayBlockingQueue.take(ArrayBlockingQueue.java:403)
        at java.util.concurrent.ThreadPoolExecutor.getTask(ThreadPoolExecutor.java:1074)
        at java.util.concurrent.ThreadPoolExecutor.runWorker(ThreadPoolExecutor.java:1134)
        at java.util.concurrent.ThreadPoolExecutor$Worker.run(ThreadPoolExecutor.java:624)
        at java.lang.Thread.run(Thread.java:748)
"EventQueue-SafemodestatusForSafeModeHandler" daemon prio=5 tid=518 in Object.wait()
java.lang.Thread.State: WAITING (on object monitor)
        at sun.misc.Unsafe.park(Native Method)
        at java.util.concurrent.locks.LockSupport.park(LockSupport.java:175)
        at java.util.concurrent.locks.AbstractQueuedSynchronizer$ConditionObject.await(AbstractQueuedSynchronizer.java:2039)
        at java.util.concurrent.LinkedBlockingQueue.take(LinkedBlockingQueue.java:442)
        at java.util.concurrent.ThreadPoolExecutor.getTask(ThreadPoolExecutor.java:1074)
        at java.util.concurrent.ThreadPoolExecutor.runWorker(ThreadPoolExecutor.java:1134)
        at java.util.concurrent.ThreadPoolExecutor$Worker.run(ThreadPoolExecutor.java:624)
        at java.lang.Thread.run(Thread.java:748)
"IPC Server handler 7 on 42937" daemon prio=5 tid=121 timed_waiting
java.lang.Thread.State: TIMED_WAITING
        at sun.misc.Unsafe.park(Native Method)
        at java.util.concurrent.locks.LockSupport.parkNanos(LockSupport.java:215)
        at java.util.concurrent.locks.AbstractQueuedSynchronizer$ConditionObject.awaitNanos(AbstractQueuedSynchronizer.java:2078)
        at java.util.concurrent.LinkedBlockingQueue.poll(LinkedBlockingQueue.java:467)
        at org.apache.hadoop.ipc.CallQueueManager.take(CallQueueManager.java:288)
        at org.apache.hadoop.ipc.Server$Handler.run(Server.java:2668)
"pool-68-thread-56"  prio=5 tid=447 in Object.wait()
java.lang.Thread.State: WAITING (on object monitor)
        at sun.misc.Unsafe.park(Native Method)
        at java.util.concurrent.locks.LockSupport.park(LockSupport.java:175)
        at java.util.concurrent.locks.AbstractQueuedSynchronizer$ConditionObject.await(AbstractQueuedSynchronizer.java:2039)
        at java.util.concurrent.ArrayBlockingQueue.take(ArrayBlockingQueue.java:403)
        at java.util.concurrent.ThreadPoolExecutor.getTask(ThreadPoolExecutor.java:1074)
        at java.util.concurrent.ThreadPoolExecutor.runWorker(ThreadPoolExecutor.java:1134)
        at java.util.concurrent.ThreadPoolExecutor$Worker.run(ThreadPoolExecutor.java:624)
        at java.lang.Thread.run(Thread.java:748)
"SCMBlockDeletingService#1" daemon prio=5 tid=103 in Object.wait()
java.lang.Thread.State: WAITING (on object monitor)
        at sun.misc.Unsafe.park(Native Method)
        at java.util.concurrent.locks.LockSupport.park(LockSupport.java:175)
        at java.util.concurrent.locks.AbstractQueuedSynchronizer$ConditionObject.await(AbstractQueuedSynchronizer.java:2039)
        at java.util.concurrent.ScheduledThreadPoolExecutor$DelayedWorkQueue.take(ScheduledThreadPoolExecutor.java:1088)
        at java.util.concurrent.ScheduledThreadPoolExecutor$DelayedWorkQueue.take(ScheduledThreadPoolExecutor.java:809)
        at java.util.concurrent.ThreadPoolExecutor.getTask(ThreadPoolExecutor.java:1074)
        at java.util.concurrent.ThreadPoolExecutor.runWorker(ThreadPoolExecutor.java:1134)
        at java.util.concurrent.ThreadPoolExecutor$Worker.run(ThreadPoolExecutor.java:624)
        at java.lang.Thread.run(Thread.java:748)
"pool-26-thread-11"  prio=5 tid=281 in Object.wait()
java.lang.Thread.State: WAITING (on object monitor)
        at sun.misc.Unsafe.park(Native Method)
        at java.util.concurrent.locks.LockSupport.park(LockSupport.java:175)
        at java.util.concurrent.locks.AbstractQueuedSynchronizer$ConditionObject.await(AbstractQueuedSynchronizer.java:2039)
        at java.util.concurrent.ArrayBlockingQueue.take(ArrayBlockingQueue.java:403)
        at java.util.concurrent.ThreadPoolExecutor.getTask(ThreadPoolExecutor.java:1074)
        at java.util.concurrent.ThreadPoolExecutor.runWorker(ThreadPoolExecutor.java:1134)
        at java.util.concurrent.ThreadPoolExecutor$Worker.run(ThreadPoolExecutor.java:624)
        at java.lang.Thread.run(Thread.java:748)
"IPC Server handler 6 on 40125" daemon prio=5 tid=36 timed_waiting
java.lang.Thread.State: TIMED_WAITING
        at sun.misc.Unsafe.park(Native Method)
        at java.util.concurrent.locks.LockSupport.parkNanos(LockSupport.java:215)
        at java.util.concurrent.locks.AbstractQueuedSynchronizer$ConditionObject.awaitNanos(AbstractQueuedSynchronizer.java:2078)
        at java.util.concurrent.LinkedBlockingQueue.poll(LinkedBlockingQueue.java:467)
        at org.apache.hadoop.ipc.CallQueueManager.take(CallQueueManager.java:288)
        at org.apache.hadoop.ipc.Server$Handler.run(Server.java:2668)
"pool-47-thread-35"  prio=5 tid=366 in Object.wait()
java.lang.Thread.State: WAITING (on object monitor)
        at sun.misc.Unsafe.park(Native Method)
        at java.util.concurrent.locks.LockSupport.park(LockSupport.java:175)
        at java.util.concurrent.locks.AbstractQueuedSynchronizer$ConditionObject.await(AbstractQueuedSynchronizer.java:2039)
        at java.util.concurrent.ArrayBlockingQueue.take(ArrayBlockingQueue.java:403)
        at java.util.concurrent.ThreadPoolExecutor.getTask(ThreadPoolExecutor.java:1074)
        at java.util.concurrent.ThreadPoolExecutor.runWorker(ThreadPoolExecutor.java:1134)
        at java.util.concurrent.ThreadPoolExecutor$Worker.run(ThreadPoolExecutor.java:624)
        at java.lang.Thread.run(Thread.java:748)
"pool-68-thread-41"  prio=5 tid=432 in Object.wait()
java.lang.Thread.State: WAITING (on object monitor)
        at sun.misc.Unsafe.park(Native Method)
        at java.util.concurrent.locks.LockSupport.park(LockSupport.java:175)
        at java.util.concurrent.locks.AbstractQueuedSynchronizer$ConditionObject.await(AbstractQueuedSynchronizer.java:2039)
        at java.util.concurrent.ArrayBlockingQueue.take(ArrayBlockingQueue.java:403)
        at java.util.concurrent.ThreadPoolExecutor.getTask(ThreadPoolExecutor.java:1074)
        at java.util.concurrent.ThreadPoolExecutor.runWorker(ThreadPoolExecutor.java:1134)
        at java.util.concurrent.ThreadPoolExecutor$Worker.run(ThreadPoolExecutor.java:624)
        at java.lang.Thread.run(Thread.java:748)
"pool-68-thread-36"  prio=5 tid=427 in Object.wait()
java.lang.Thread.State: WAITING (on object monitor)
        at sun.misc.Unsafe.park(Native Method)
        at java.util.concurrent.locks.LockSupport.park(LockSupport.java:175)
        at java.util.concurrent.locks.AbstractQueuedSynchronizer$ConditionObject.await(AbstractQueuedSynchronizer.java:2039)
        at java.util.concurrent.ArrayBlockingQueue.take(ArrayBlockingQueue.java:403)
        at java.util.concurrent.ThreadPoolExecutor.getTask(ThreadPoolExecutor.java:1074)
        at java.util.concurrent.ThreadPoolExecutor.runWorker(ThreadPoolExecutor.java:1134)
        at java.util.concurrent.ThreadPoolExecutor$Worker.run(ThreadPoolExecutor.java:624)
        at java.lang.Thread.run(Thread.java:748)
"pool-47-thread-3"  prio=5 tid=334 in Object.wait()
java.lang.Thread.State: WAITING (on object monitor)
        at sun.misc.Unsafe.park(Native Method)
        at java.util.concurrent.locks.LockSupport.park(LockSupport.java:175)
        at java.util.concurrent.locks.AbstractQueuedSynchronizer$ConditionObject.await(AbstractQueuedSynchronizer.java:2039)
        at java.util.concurrent.ArrayBlockingQueue.take(ArrayBlockingQueue.java:403)
        at java.util.concurrent.ThreadPoolExecutor.getTask(ThreadPoolExecutor.java:1074)
        at java.util.concurrent.ThreadPoolExecutor.runWorker(ThreadPoolExecutor.java:1134)
        at java.util.concurrent.ThreadPoolExecutor$Worker.run(ThreadPoolExecutor.java:624)
        at java.lang.Thread.run(Thread.java:748)
"pool-47-thread-52"  prio=5 tid=383 in Object.wait()
java.lang.Thread.State: WAITING (on object monitor)
        at sun.misc.Unsafe.park(Native Method)
        at java.util.concurrent.locks.LockSupport.park(LockSupport.java:175)
        at java.util.concurrent.locks.AbstractQueuedSynchronizer$ConditionObject.await(AbstractQueuedSynchronizer.java:2039)
        at java.util.concurrent.ArrayBlockingQueue.take(ArrayBlockingQueue.java:403)
        at java.util.concurrent.ThreadPoolExecutor.getTask(ThreadPoolExecutor.java:1074)
        at java.util.concurrent.ThreadPoolExecutor.runWorker(ThreadPoolExecutor.java:1134)
        at java.util.concurrent.ThreadPoolExecutor$Worker.run(ThreadPoolExecutor.java:624)
        at java.lang.Thread.run(Thread.java:748)
"IPC Server handler 14 on 42937" daemon prio=5 tid=128 timed_waiting
java.lang.Thread.State: TIMED_WAITING
        at sun.misc.Unsafe.park(Native Method)
        at java.util.concurrent.locks.LockSupport.parkNanos(LockSupport.java:215)
        at java.util.concurrent.locks.AbstractQueuedSynchronizer$ConditionObject.awaitNanos(AbstractQueuedSynchronizer.java:2078)
        at java.util.concurrent.LinkedBlockingQueue.poll(LinkedBlockingQueue.java:467)
        at org.apache.hadoop.ipc.CallQueueManager.take(CallQueueManager.java:288)
        at org.apache.hadoop.ipc.Server$Handler.run(Server.java:2668)
"pool-89-thread-49"  prio=5 tid=500 in Object.wait()
java.lang.Thread.State: WAITING (on object monitor)
        at sun.misc.Unsafe.park(Native Method)
        at java.util.concurrent.locks.LockSupport.park(LockSupport.java:175)
        at java.util.concurrent.locks.AbstractQueuedSynchronizer$ConditionObject.await(AbstractQueuedSynchronizer.java:2039)
        at java.util.concurrent.ArrayBlockingQueue.take(ArrayBlockingQueue.java:403)
        at java.util.concurrent.ThreadPoolExecutor.getTask(ThreadPoolExecutor.java:1074)
        at java.util.concurrent.ThreadPoolExecutor.runWorker(ThreadPoolExecutor.java:1134)
        at java.util.concurrent.ThreadPoolExecutor$Worker.run(ThreadPoolExecutor.java:624)
        at java.lang.Thread.run(Thread.java:748)
"IPC Server handler 11 on 43271" daemon prio=5 tid=61 timed_waiting
java.lang.Thread.State: TIMED_WAITING
        at sun.misc.Unsafe.park(Native Method)
        at java.util.concurrent.locks.LockSupport.parkNanos(LockSupport.java:215)
        at java.util.concurrent.locks.AbstractQueuedSynchronizer$ConditionObject.awaitNanos(AbstractQueuedSynchronizer.java:2078)
        at java.util.concurrent.LinkedBlockingQueue.poll(LinkedBlockingQueue.java:467)
        at org.apache.hadoop.ipc.CallQueueManager.take(CallQueueManager.java:288)
        at org.apache.hadoop.ipc.Server$Handler.run(Server.java:2668)
"pool-89-thread-3"  prio=5 tid=454 in Object.wait()
java.lang.Thread.State: WAITING (on object monitor)
        at sun.misc.Unsafe.park(Native Method)
        at java.util.concurrent.locks.LockSupport.park(LockSupport.java:175)
        at java.util.concurrent.locks.AbstractQueuedSynchronizer$ConditionObject.await(AbstractQueuedSynchronizer.java:2039)
        at java.util.concurrent.ArrayBlockingQueue.take(ArrayBlockingQueue.java:403)
        at java.util.concurrent.ThreadPoolExecutor.getTask(ThreadPoolExecutor.java:1074)
        at java.util.concurrent.ThreadPoolExecutor.runWorker(ThreadPoolExecutor.java:1134)
        at java.util.concurrent.ThreadPoolExecutor$Worker.run(ThreadPoolExecutor.java:624)
        at java.lang.Thread.run(Thread.java:748)
"org.eclipse.jetty.server.session.HashSessionManager@6ad11a56Timer" daemon prio=5 tid=144 timed_waiting
java.lang.Thread.State: TIMED_WAITING
        at sun.misc.Unsafe.park(Native Method)
        at java.util.concurrent.locks.LockSupport.parkNanos(LockSupport.java:215)
        at java.util.concurrent.locks.AbstractQueuedSynchronizer$ConditionObject.awaitNanos(AbstractQueuedSynchronizer.java:2078)
        at java.util.concurrent.ScheduledThreadPoolExecutor$DelayedWorkQueue.take(ScheduledThreadPoolExecutor.java:1093)
        at java.util.concurrent.ScheduledThreadPoolExecutor$DelayedWorkQueue.take(ScheduledThreadPoolExecutor.java:809)
        at java.util.concurrent.ThreadPoolExecutor.getTask(ThreadPoolExecutor.java:1074)
        at java.util.concurrent.ThreadPoolExecutor.runWorker(ThreadPoolExecutor.java:1134)
        at java.util.concurrent.ThreadPoolExecutor$Worker.run(ThreadPoolExecutor.java:624)
        at java.lang.Thread.run(Thread.java:748)
"org.apache.hadoop.util.JvmPauseMonitor$Monitor@51010348" daemon prio=5 tid=268 timed_waiting
java.lang.Thread.State: TIMED_WAITING
        at java.lang.Thread.sleep(Native Method)
        at org.apache.hadoop.util.JvmPauseMonitor$Monitor.run(JvmPauseMonitor.java:192)
        at java.lang.Thread.run(Thread.java:748)
"pool-26-thread-53"  prio=5 tid=323 in Object.wait()
java.lang.Thread.State: WAITING (on object monitor)
        at sun.misc.Unsafe.park(Native Method)
        at java.util.concurrent.locks.LockSupport.park(LockSupport.java:175)
        at java.util.concurrent.locks.AbstractQueuedSynchronizer$ConditionObject.await(AbstractQueuedSynchronizer.java:2039)
        at java.util.concurrent.ArrayBlockingQueue.take(ArrayBlockingQueue.java:403)
        at java.util.concurrent.ThreadPoolExecutor.getTask(ThreadPoolExecutor.java:1074)
        at java.util.concurrent.ThreadPoolExecutor.runWorker(ThreadPoolExecutor.java:1134)
        at java.util.concurrent.ThreadPoolExecutor$Worker.run(ThreadPoolExecutor.java:624)
        at java.lang.Thread.run(Thread.java:748)
"org.eclipse.jetty.server.session.HashSessionManager@2af4129dTimer" daemon prio=5 tid=170 timed_waiting
java.lang.Thread.State: TIMED_WAITING
        at sun.misc.Unsafe.park(Native Method)
        at java.util.concurrent.locks.LockSupport.parkNanos(LockSupport.java:215)
        at java.util.concurrent.locks.AbstractQueuedSynchronizer$ConditionObject.awaitNanos(AbstractQueuedSynchronizer.java:2078)
        at java.util.concurrent.ScheduledThreadPoolExecutor$DelayedWorkQueue.take(ScheduledThreadPoolExecutor.java:1093)
        at java.util.concurrent.ScheduledThreadPoolExecutor$DelayedWorkQueue.take(ScheduledThreadPoolExecutor.java:809)
        at java.util.concurrent.ThreadPoolExecutor.getTask(ThreadPoolExecutor.java:1074)
        at java.util.concurrent.ThreadPoolExecutor.runWorker(ThreadPoolExecutor.java:1134)
        at java.util.concurrent.ThreadPoolExecutor$Worker.run(ThreadPoolExecutor.java:624)
        at java.lang.Thread.run(Thread.java:748)
"qtp1894788146-96" daemon prio=5 tid=96 timed_waiting
java.lang.Thread.State: TIMED_WAITING
        at sun.misc.Unsafe.park(Native Method)
        at java.util.concurrent.locks.LockSupport.parkNanos(LockSupport.java:215)
        at java.util.concurrent.locks.AbstractQueuedSynchronizer$ConditionObject.awaitNanos(AbstractQueuedSynchronizer.java:2078)
        at org.eclipse.jetty.util.BlockingArrayQueue.poll(BlockingArrayQueue.java:392)
        at org.eclipse.jetty.util.thread.QueuedThreadPool.idleJobPoll(QueuedThreadPool.java:563)
        at org.eclipse.jetty.util.thread.QueuedThreadPool.access$800(QueuedThreadPool.java:48)
        at org.eclipse.jetty.util.thread.QueuedThreadPool$2.run(QueuedThreadPool.java:626)
        at java.lang.Thread.run(Thread.java:748)
"pool-89-thread-40"  prio=5 tid=491 in Object.wait()
java.lang.Thread.State: WAITING (on object monitor)
        at sun.misc.Unsafe.park(Native Method)
        at java.util.concurrent.locks.LockSupport.park(LockSupport.java:175)
        at java.util.concurrent.locks.AbstractQueuedSynchronizer$ConditionObject.await(AbstractQueuedSynchronizer.java:2039)
        at java.util.concurrent.ArrayBlockingQueue.take(ArrayBlockingQueue.java:403)
        at java.util.concurrent.ThreadPoolExecutor.getTask(ThreadPoolExecutor.java:1074)
        at java.util.concurrent.ThreadPoolExecutor.runWorker(ThreadPoolExecutor.java:1134)
        at java.util.concurrent.ThreadPoolExecutor$Worker.run(ThreadPoolExecutor.java:624)
        at java.lang.Thread.run(Thread.java:748)
"pool-89-thread-13"  prio=5 tid=464 in Object.wait()
java.lang.Thread.State: WAITING (on object monitor)
        at sun.misc.Unsafe.park(Native Method)
        at java.util.concurrent.locks.LockSupport.park(LockSupport.java:175)
        at java.util.concurrent.locks.AbstractQueuedSynchronizer$ConditionObject.await(AbstractQueuedSynchronizer.java:2039)
        at java.util.concurrent.ArrayBlockingQueue.take(ArrayBlockingQueue.java:403)
        at java.util.concurrent.ThreadPoolExecutor.getTask(ThreadPoolExecutor.java:1074)
        at java.util.concurrent.ThreadPoolExecutor.runWorker(ThreadPoolExecutor.java:1134)
        at java.util.concurrent.ThreadPoolExecutor$Worker.run(ThreadPoolExecutor.java:624)
        at java.lang.Thread.run(Thread.java:748)
"Datanode State Machine Thread - 0" daemon prio=5 tid=269 timed_waiting
java.lang.Thread.State: TIMED_WAITING
        at sun.misc.Unsafe.park(Native Method)
        at java.util.concurrent.locks.LockSupport.parkNanos(LockSupport.java:215)
        at java.util.concurrent.SynchronousQueue$TransferStack.awaitFulfill(SynchronousQueue.java:460)
        at java.util.concurrent.SynchronousQueue$TransferStack.transfer(SynchronousQueue.java:362)
        at java.util.concurrent.SynchronousQueue.poll(SynchronousQueue.java:941)
        at java.util.concurrent.ThreadPoolExecutor.getTask(ThreadPoolExecutor.java:1073)
        at java.util.concurrent.ThreadPoolExecutor.runWorker(ThreadPoolExecutor.java:1134)
        at java.util.concurrent.ThreadPoolExecutor$Worker.run(ThreadPoolExecutor.java:624)
        at java.lang.Thread.run(Thread.java:748)
"main"  prio=5 tid=1 runnable
java.lang.Thread.State: RUNNABLE
        at java.lang.Thread.dumpThreads(Native Method)
        at java.lang.Thread.getAllStackTraces(Thread.java:1610)
        at org.apache.hadoop.test.TimedOutTestsListener.buildThreadDump(TimedOutTestsListener.java:87)
        at org.apache.hadoop.test.TimedOutTestsListener.buildThreadDiagnosticString(TimedOutTestsListener.java:73)
        at org.apache.hadoop.test.GenericTestUtils.waitFor(GenericTestUtils.java:389)
        at org.apache.hadoop.ozone.MiniOzoneClusterImpl.waitForClusterToBeReady(MiniOzoneClusterImpl.java:139)
        at org.apache.hadoop.hdds.scm.pipeline.TestSCMRestart.init(TestSCMRestart.java:65)
        at sun.reflect.NativeMethodAccessorImpl.invoke0(Native Method)
        at sun.reflect.NativeMethodAccessorImpl.invoke(NativeMethodAccessorImpl.java:62)
        at sun.reflect.DelegatingMethodAccessorImpl.invoke(DelegatingMethodAccessorImpl.java:43)
        at java.lang.reflect.Method.invoke(Method.java:498)
        at org.junit.runners.model.FrameworkMethod$1.runReflectiveCall(FrameworkMethod.java:47)
        at org.junit.internal.runners.model.ReflectiveCallable.run(ReflectiveCallable.java:12)
        at org.junit.runners.model.FrameworkMethod.invokeExplosively(FrameworkMethod.java:44)
        at org.junit.internal.runners.statements.RunBefores.evaluate(RunBefores.java:24)
        at org.junit.internal.runners.statements.RunAfters.evaluate(RunAfters.java:27)
        at org.junit.runners.ParentRunner.run(ParentRunner.java:309)
        at org.apache.maven.surefire.junit4.JUnit4Provider.execute(JUnit4Provider.java:365)
        at org.apache.maven.surefire.junit4.JUnit4Provider.executeWithRerun(JUnit4Provider.java:273)
        at org.apache.maven.surefire.junit4.JUnit4Provider.executeTestSet(JUnit4Provider.java:238)
        at org.apache.maven.surefire.junit4.JUnit4Provider.invoke(JUnit4Provider.java:159)
        at org.apache.maven.surefire.booter.ForkedBooter.invokeProviderInSameClassLoader(ForkedBooter.java:384)
        at org.apache.maven.surefire.booter.ForkedBooter.runSuitesInProcess(ForkedBooter.java:345)
        at org.apache.maven.surefire.booter.ForkedBooter.execute(ForkedBooter.java:126)
        at org.apache.maven.surefire.booter.ForkedBooter.main(ForkedBooter.java:418)
"Datanode ReportManager Thread - 2" daemon prio=5 tid=207 timed_waiting
java.lang.Thread.State: TIMED_WAITING
        at sun.misc.Unsafe.park(Native Method)
        at java.util.concurrent.locks.LockSupport.parkNanos(LockSupport.java:215)
        at java.util.concurrent.locks.AbstractQueuedSynchronizer$ConditionObject.awaitNanos(AbstractQueuedSynchronizer.java:2078)
        at java.util.concurrent.ScheduledThreadPoolExecutor$DelayedWorkQueue.take(ScheduledThreadPoolExecutor.java:1093)
        at java.util.concurrent.ScheduledThreadPoolExecutor$DelayedWorkQueue.take(ScheduledThreadPoolExecutor.java:809)
        at java.util.concurrent.ThreadPoolExecutor.getTask(ThreadPoolExecutor.java:1074)
        at java.util.concurrent.ThreadPoolExecutor.runWorker(ThreadPoolExecutor.java:1134)
        at java.util.concurrent.ThreadPoolExecutor$Worker.run(ThreadPoolExecutor.java:624)
        at java.lang.Thread.run(Thread.java:748)
"BlockDeletingService#2" daemon prio=5 tid=782 in Object.wait()
java.lang.Thread.State: WAITING (on object monitor)
        at sun.misc.Unsafe.park(Native Method)
        at java.util.concurrent.locks.LockSupport.park(LockSupport.java:175)
        at java.util.concurrent.locks.AbstractQueuedSynchronizer$ConditionObject.await(AbstractQueuedSynchronizer.java:2039)
        at java.util.concurrent.ScheduledThreadPoolExecutor$DelayedWorkQueue.take(ScheduledThreadPoolExecutor.java:1088)
        at java.util.concurrent.ScheduledThreadPoolExecutor$DelayedWorkQueue.take(ScheduledThreadPoolExecutor.java:809)
        at java.util.concurrent.ThreadPoolExecutor.getTask(ThreadPoolExecutor.java:1074)
        at java.util.concurrent.ThreadPoolExecutor.runWorker(ThreadPoolExecutor.java:1134)
        at java.util.concurrent.ThreadPoolExecutor$Worker.run(ThreadPoolExecutor.java:624)
        at java.lang.Thread.run(Thread.java:748)
"pool-26-thread-30"  prio=5 tid=300 in Object.wait()
java.lang.Thread.State: WAITING (on object monitor)
        at sun.misc.Unsafe.park(Native Method)
        at java.util.concurrent.locks.LockSupport.park(LockSupport.java:175)
        at java.util.concurrent.locks.AbstractQueuedSynchronizer$ConditionObject.await(AbstractQueuedSynchronizer.java:2039)
        at java.util.concurrent.ArrayBlockingQueue.take(ArrayBlockingQueue.java:403)
        at java.util.concurrent.ThreadPoolExecutor.getTask(ThreadPoolExecutor.java:1074)
        at java.util.concurrent.ThreadPoolExecutor.runWorker(ThreadPoolExecutor.java:1134)
        at java.util.concurrent.ThreadPoolExecutor$Worker.run(ThreadPoolExecutor.java:624)
        at java.lang.Thread.run(Thread.java:748)
"pool-89-thread-7"  prio=5 tid=458 in Object.wait()
java.lang.Thread.State: WAITING (on object monitor)
        at sun.misc.Unsafe.park(Native Method)
        at java.util.concurrent.locks.LockSupport.park(LockSupport.java:175)
        at java.util.concurrent.locks.AbstractQueuedSynchronizer$ConditionObject.await(AbstractQueuedSynchronizer.java:2039)
        at java.util.concurrent.ArrayBlockingQueue.take(ArrayBlockingQueue.java:403)
        at java.util.concurrent.ThreadPoolExecutor.getTask(ThreadPoolExecutor.java:1074)
        at java.util.concurrent.ThreadPoolExecutor.runWorker(ThreadPoolExecutor.java:1134)
        at java.util.concurrent.ThreadPoolExecutor$Worker.run(ThreadPoolExecutor.java:624)
        at java.lang.Thread.run(Thread.java:748)
"surefire-forkedjvm-command-thread" daemon prio=5 tid=8 runnable
java.lang.Thread.State: RUNNABLE
        at java.io.FileInputStream.readBytes(Native Method)
        at java.io.FileInputStream.read(FileInputStream.java:255)
        at java.io.BufferedInputStream.fill(BufferedInputStream.java:246)
        at java.io.BufferedInputStream.read(BufferedInputStream.java:265)
        at java.io.DataInputStream.readInt(DataInputStream.java:387)
        at org.apache.maven.surefire.booter.MasterProcessCommand.decode(MasterProcessCommand.java:115)
        at org.apache.maven.surefire.booter.CommandReader$CommandRunnable.run(CommandReader.java:390)
        at java.lang.Thread.run(Thread.java:748)
"BlockDeletingService#1" daemon prio=5 tid=188 timed_waiting
java.lang.Thread.State: TIMED_WAITING
        at sun.misc.Unsafe.park(Native Method)
        at java.util.concurrent.locks.LockSupport.parkNanos(LockSupport.java:215)
        at java.util.concurrent.locks.AbstractQueuedSynchronizer$ConditionObject.awaitNanos(AbstractQueuedSynchronizer.java:2078)
        at java.util.concurrent.ScheduledThreadPoolExecutor$DelayedWorkQueue.take(ScheduledThreadPoolExecutor.java:1093)
        at java.util.concurrent.ScheduledThreadPoolExecutor$DelayedWorkQueue.take(ScheduledThreadPoolExecutor.java:809)
        at java.util.concurrent.ThreadPoolExecutor.getTask(ThreadPoolExecutor.java:1074)
        at java.util.concurrent.ThreadPoolExecutor.runWorker(ThreadPoolExecutor.java:1134)
        at java.util.concurrent.ThreadPoolExecutor$Worker.run(ThreadPoolExecutor.java:624)
        at java.lang.Thread.run(Thread.java:748)
"IPC Server handler 10 on 34963" daemon prio=5 tid=80 timed_waiting
java.lang.Thread.State: TIMED_WAITING
        at sun.misc.Unsafe.park(Native Method)
        at java.util.concurrent.locks.LockSupport.parkNanos(LockSupport.java:215)
        at java.util.concurrent.locks.AbstractQueuedSynchronizer$ConditionObject.awaitNanos(AbstractQueuedSynchronizer.java:2078)
        at java.util.concurrent.LinkedBlockingQueue.poll(LinkedBlockingQueue.java:467)
        at org.apache.hadoop.ipc.CallQueueManager.take(CallQueueManager.java:288)
        at org.apache.hadoop.ipc.Server$Handler.run(Server.java:2668)
"jaeger.RemoteReporter-FlushTimer" daemon prio=5 tid=147 timed_waiting
java.lang.Thread.State: TIMED_WAITING
        at java.lang.Object.wait(Native Method)
        at java.util.TimerThread.mainLoop(Timer.java:552)
        at java.util.TimerThread.run(Timer.java:505)
"pool-89-thread-11"  prio=5 tid=462 in Object.wait()
java.lang.Thread.State: WAITING (on object monitor)
        at sun.misc.Unsafe.park(Native Method)
        at java.util.concurrent.locks.LockSupport.park(LockSupport.java:175)
        at java.util.concurrent.locks.AbstractQueuedSynchronizer$ConditionObject.await(AbstractQueuedSynchronizer.java:2039)
        at java.util.concurrent.ArrayBlockingQueue.take(ArrayBlockingQueue.java:403)
        at java.util.concurrent.ThreadPoolExecutor.getTask(ThreadPoolExecutor.java:1074)
        at java.util.concurrent.ThreadPoolExecutor.runWorker(ThreadPoolExecutor.java:1134)
        at java.util.concurrent.ThreadPoolExecutor$Worker.run(ThreadPoolExecutor.java:624)
        at java.lang.Thread.run(Thread.java:748)
"IPC Server handler 9 on 34963" daemon prio=5 tid=79 timed_waiting
java.lang.Thread.State: TIMED_WAITING
        at sun.misc.Unsafe.park(Native Method)
        at java.util.concurrent.locks.LockSupport.parkNanos(LockSupport.java:215)
        at java.util.concurrent.locks.AbstractQueuedSynchronizer$ConditionObject.awaitNanos(AbstractQueuedSynchronizer.java:2078)
        at java.util.concurrent.LinkedBlockingQueue.poll(LinkedBlockingQueue.java:467)
        at org.apache.hadoop.ipc.CallQueueManager.take(CallQueueManager.java:288)
        at org.apache.hadoop.ipc.Server$Handler.run(Server.java:2668)
"pool-68-thread-30"  prio=5 tid=421 in Object.wait()
java.lang.Thread.State: WAITING (on object monitor)
        at sun.misc.Unsafe.park(Native Method)
        at java.util.concurrent.locks.LockSupport.park(LockSupport.java:175)
        at java.util.concurrent.locks.AbstractQueuedSynchronizer$ConditionObject.await(AbstractQueuedSynchronizer.java:2039)
        at java.util.concurrent.ArrayBlockingQueue.take(ArrayBlockingQueue.java:403)
        at java.util.concurrent.ThreadPoolExecutor.getTask(ThreadPoolExecutor.java:1074)
        at java.util.concurrent.ThreadPoolExecutor.runWorker(ThreadPoolExecutor.java:1134)
        at java.util.concurrent.ThreadPoolExecutor$Worker.run(ThreadPoolExecutor.java:624)
        at java.lang.Thread.run(Thread.java:748)
"qtp1894788146-93" daemon prio=5 tid=93 timed_waiting
java.lang.Thread.State: TIMED_WAITING
        at sun.misc.Unsafe.park(Native Method)
        at java.util.concurrent.locks.LockSupport.parkNanos(LockSupport.java:215)
        at java.util.concurrent.locks.AbstractQueuedSynchronizer$ConditionObject.awaitNanos(AbstractQueuedSynchronizer.java:2078)
        at org.eclipse.jetty.util.BlockingArrayQueue.poll(BlockingArrayQueue.java:392)
        at org.eclipse.jetty.util.thread.QueuedThreadPool.idleJobPoll(QueuedThreadPool.java:563)
        at org.eclipse.jetty.util.thread.QueuedThreadPool.access$800(QueuedThreadPool.java:48)
        at org.eclipse.jetty.util.thread.QueuedThreadPool$2.run(QueuedThreadPool.java:626)
        at java.lang.Thread.run(Thread.java:748)
"IPC Server handler 19 on 42937" daemon prio=5 tid=133 timed_waiting
java.lang.Thread.State: TIMED_WAITING
        at sun.misc.Unsafe.park(Native Method)
        at java.util.concurrent.locks.LockSupport.parkNanos(LockSupport.java:215)
        at java.util.concurrent.locks.AbstractQueuedSynchronizer$ConditionObject.awaitNanos(AbstractQueuedSynchronizer.java:2078)
        at java.util.concurrent.LinkedBlockingQueue.poll(LinkedBlockingQueue.java:467)
        at org.apache.hadoop.ipc.CallQueueManager.take(CallQueueManager.java:288)
        at org.apache.hadoop.ipc.Server$Handler.run(Server.java:2668)
"pool-26-thread-41"  prio=5 tid=311 in Object.wait()
java.lang.Thread.State: WAITING (on object monitor)
        at sun.misc.Unsafe.park(Native Method)
        at java.util.concurrent.locks.LockSupport.park(LockSupport.java:175)
        at java.util.concurrent.locks.AbstractQueuedSynchronizer$ConditionObject.await(AbstractQueuedSynchronizer.java:2039)
        at java.util.concurrent.ArrayBlockingQueue.take(ArrayBlockingQueue.java:403)
        at java.util.concurrent.ThreadPoolExecutor.getTask(ThreadPoolExecutor.java:1074)
        at java.util.concurrent.ThreadPoolExecutor.runWorker(ThreadPoolExecutor.java:1134)
        at java.util.concurrent.ThreadPoolExecutor$Worker.run(ThreadPoolExecutor.java:624)
        at java.lang.Thread.run(Thread.java:748)
"pool-47-thread-44"  prio=5 tid=375 in Object.wait()
java.lang.Thread.State: WAITING (on object monitor)
        at sun.misc.Unsafe.park(Native Method)
        at java.util.concurrent.locks.LockSupport.park(LockSupport.java:175)
        at java.util.concurrent.locks.AbstractQueuedSynchronizer$ConditionObject.await(AbstractQueuedSynchronizer.java:2039)
        at java.util.concurrent.ArrayBlockingQueue.take(ArrayBlockingQueue.java:403)
        at java.util.concurrent.ThreadPoolExecutor.getTask(ThreadPoolExecutor.java:1074)
        at java.util.concurrent.ThreadPoolExecutor.runWorker(ThreadPoolExecutor.java:1134)
        at java.util.concurrent.ThreadPoolExecutor$Worker.run(ThreadPoolExecutor.java:624)
        at java.lang.Thread.run(Thread.java:748)
"Datanode ReportManager Thread - 1" daemon prio=5 tid=264 timed_waiting
java.lang.Thread.State: TIMED_WAITING
        at sun.misc.Unsafe.park(Native Method)
        at java.util.concurrent.locks.LockSupport.parkNanos(LockSupport.java:215)
        at java.util.concurrent.locks.AbstractQueuedSynchronizer$ConditionObject.awaitNanos(AbstractQueuedSynchronizer.java:2078)
        at java.util.concurrent.ScheduledThreadPoolExecutor$DelayedWorkQueue.take(ScheduledThreadPoolExecutor.java:1093)
        at java.util.concurrent.ScheduledThreadPoolExecutor$DelayedWorkQueue.take(ScheduledThreadPoolExecutor.java:809)
        at java.util.concurrent.ThreadPoolExecutor.getTask(ThreadPoolExecutor.java:1074)
        at java.util.concurrent.ThreadPoolExecutor.runWorker(ThreadPoolExecutor.java:1134)
        at java.util.concurrent.ThreadPoolExecutor$Worker.run(ThreadPoolExecutor.java:624)
        at java.lang.Thread.run(Thread.java:748)
"pool-26-thread-43"  prio=5 tid=313 in Object.wait()
java.lang.Thread.State: WAITING (on object monitor)
        at sun.misc.Unsafe.park(Native Method)
        at java.util.concurrent.locks.LockSupport.park(LockSupport.java:175)
        at java.util.concurrent.locks.AbstractQueuedSynchronizer$ConditionObject.await(AbstractQueuedSynchronizer.java:2039)
        at java.util.concurrent.ArrayBlockingQueue.take(ArrayBlockingQueue.java:403)
        at java.util.concurrent.ThreadPoolExecutor.getTask(ThreadPoolExecutor.java:1074)
        at java.util.concurrent.ThreadPoolExecutor.runWorker(ThreadPoolExecutor.java:1134)
        at java.util.concurrent.ThreadPoolExecutor$Worker.run(ThreadPoolExecutor.java:624)
        at java.lang.Thread.run(Thread.java:748)
"pool-47-thread-24"  prio=5 tid=355 in Object.wait()
java.lang.Thread.State: WAITING (on object monitor)
        at sun.misc.Unsafe.park(Native Method)
        at java.util.concurrent.locks.LockSupport.park(LockSupport.java:175)
        at java.util.concurrent.locks.AbstractQueuedSynchronizer$ConditionObject.await(AbstractQueuedSynchronizer.java:2039)
        at java.util.concurrent.ArrayBlockingQueue.take(ArrayBlockingQueue.java:403)
        at java.util.concurrent.ThreadPoolExecutor.getTask(ThreadPoolExecutor.java:1074)
        at java.util.concurrent.ThreadPoolExecutor.runWorker(ThreadPoolExecutor.java:1134)
        at java.util.concurrent.ThreadPoolExecutor$Worker.run(ThreadPoolExecutor.java:624)
        at java.lang.Thread.run(Thread.java:748)
"pool-68-thread-7"  prio=5 tid=398 in Object.wait()
java.lang.Thread.State: WAITING (on object monitor)
        at sun.misc.Unsafe.park(Native Method)
        at java.util.concurrent.locks.LockSupport.park(LockSupport.java:175)
        at java.util.concurrent.locks.AbstractQueuedSynchronizer$ConditionObject.await(AbstractQueuedSynchronizer.java:2039)
        at java.util.concurrent.ArrayBlockingQueue.take(ArrayBlockingQueue.java:403)
        at java.util.concurrent.ThreadPoolExecutor.getTask(ThreadPoolExecutor.java:1074)
        at java.util.concurrent.ThreadPoolExecutor.runWorker(ThreadPoolExecutor.java:1134)
        at java.util.concurrent.ThreadPoolExecutor$Worker.run(ThreadPoolExecutor.java:624)
        at java.lang.Thread.run(Thread.java:748)
"pool-47-thread-14"  prio=5 tid=345 in Object.wait()
java.lang.Thread.State: WAITING (on object monitor)
        at sun.misc.Unsafe.park(Native Method)
        at java.util.concurrent.locks.LockSupport.park(LockSupport.java:175)
        at java.util.concurrent.locks.AbstractQueuedSynchronizer$ConditionObject.await(AbstractQueuedSynchronizer.java:2039)
        at java.util.concurrent.ArrayBlockingQueue.take(ArrayBlockingQueue.java:403)
        at java.util.concurrent.ThreadPoolExecutor.getTask(ThreadPoolExecutor.java:1074)
        at java.util.concurrent.ThreadPoolExecutor.runWorker(ThreadPoolExecutor.java:1134)
        at java.util.concurrent.ThreadPoolExecutor$Worker.run(ThreadPoolExecutor.java:624)
        at java.lang.Thread.run(Thread.java:748)
"Datanode State Machine Thread - 0" daemon prio=5 tid=241 timed_waiting
java.lang.Thread.State: TIMED_WAITING
        at sun.misc.Unsafe.park(Native Method)
        at java.util.concurrent.locks.LockSupport.parkNanos(LockSupport.java:215)
        at java.util.concurrent.SynchronousQueue$TransferStack.awaitFulfill(SynchronousQueue.java:460)
        at java.util.concurrent.SynchronousQueue$TransferStack.transfer(SynchronousQueue.java:362)
        at java.util.concurrent.SynchronousQueue.poll(SynchronousQueue.java:941)
        at java.util.concurrent.ThreadPoolExecutor.getTask(ThreadPoolExecutor.java:1073)
        at java.util.concurrent.ThreadPoolExecutor.runWorker(ThreadPoolExecutor.java:1134)
        at java.util.concurrent.ThreadPoolExecutor$Worker.run(ThreadPoolExecutor.java:624)
        at java.lang.Thread.run(Thread.java:748)
"org.eclipse.jetty.server.session.HashSessionManager@ebd06a9Timer" daemon prio=5 tid=169 timed_waiting
java.lang.Thread.State: TIMED_WAITING
        at sun.misc.Unsafe.park(Native Method)
        at java.util.concurrent.locks.LockSupport.parkNanos(LockSupport.java:215)
        at java.util.concurrent.locks.AbstractQueuedSynchronizer$ConditionObject.awaitNanos(AbstractQueuedSynchronizer.java:2078)
        at java.util.concurrent.ScheduledThreadPoolExecutor$DelayedWorkQueue.take(ScheduledThreadPoolExecutor.java:1093)
        at java.util.concurrent.ScheduledThreadPoolExecutor$DelayedWorkQueue.take(ScheduledThreadPoolExecutor.java:809)
        at java.util.concurrent.ThreadPoolExecutor.getTask(ThreadPoolExecutor.java:1074)
        at java.util.concurrent.ThreadPoolExecutor.runWorker(ThreadPoolExecutor.java:1134)
        at java.util.concurrent.ThreadPoolExecutor$Worker.run(ThreadPoolExecutor.java:624)
        at java.lang.Thread.run(Thread.java:748)
"pool-47-thread-57"  prio=5 tid=388 in Object.wait()
java.lang.Thread.State: WAITING (on object monitor)
        at sun.misc.Unsafe.park(Native Method)
        at java.util.concurrent.locks.LockSupport.park(LockSupport.java:175)
        at java.util.concurrent.locks.AbstractQueuedSynchronizer$ConditionObject.await(AbstractQueuedSynchronizer.java:2039)
        at java.util.concurrent.ArrayBlockingQueue.take(ArrayBlockingQueue.java:403)
        at java.util.concurrent.ThreadPoolExecutor.getTask(ThreadPoolExecutor.java:1074)
        at java.util.concurrent.ThreadPoolExecutor.runWorker(ThreadPoolExecutor.java:1134)
        at java.util.concurrent.ThreadPoolExecutor$Worker.run(ThreadPoolExecutor.java:624)
        at java.lang.Thread.run(Thread.java:748)
"qtp790689709-195" daemon prio=5 tid=195 timed_waiting
java.lang.Thread.State: TIMED_WAITING
        at sun.misc.Unsafe.park(Native Method)
        at java.util.concurrent.locks.LockSupport.parkNanos(LockSupport.java:215)
        at java.util.concurrent.locks.AbstractQueuedSynchronizer$ConditionObject.awaitNanos(AbstractQueuedSynchronizer.java:2078)
        at org.eclipse.jetty.util.BlockingArrayQueue.poll(BlockingArrayQueue.java:392)
        at org.eclipse.jetty.util.thread.QueuedThreadPool.idleJobPoll(QueuedThreadPool.java:563)
        at org.eclipse.jetty.util.thread.QueuedThreadPool.access$800(QueuedThreadPool.java:48)
        at org.eclipse.jetty.util.thread.QueuedThreadPool$2.run(QueuedThreadPool.java:626)
        at java.lang.Thread.run(Thread.java:748)
"pool-89-thread-12"  prio=5 tid=463 in Object.wait()
java.lang.Thread.State: WAITING (on object monitor)
        at sun.misc.Unsafe.park(Native Method)
        at java.util.concurrent.locks.LockSupport.park(LockSupport.java:175)
        at java.util.concurrent.locks.AbstractQueuedSynchronizer$ConditionObject.await(AbstractQueuedSynchronizer.java:2039)
        at java.util.concurrent.ArrayBlockingQueue.take(ArrayBlockingQueue.java:403)
        at java.util.concurrent.ThreadPoolExecutor.getTask(ThreadPoolExecutor.java:1074)
        at java.util.concurrent.ThreadPoolExecutor.runWorker(ThreadPoolExecutor.java:1134)
        at java.util.concurrent.ThreadPoolExecutor$Worker.run(ThreadPoolExecutor.java:624)
        at java.lang.Thread.run(Thread.java:748)
"pool-26-thread-26"  prio=5 tid=296 in Object.wait()
java.lang.Thread.State: WAITING (on object monitor)
        at sun.misc.Unsafe.park(Native Method)
        at java.util.concurrent.locks.LockSupport.park(LockSupport.java:175)
        at java.util.concurrent.locks.AbstractQueuedSynchronizer$ConditionObject.await(AbstractQueuedSynchronizer.java:2039)
        at java.util.concurrent.ArrayBlockingQueue.take(ArrayBlockingQueue.java:403)
        at java.util.concurrent.ThreadPoolExecutor.getTask(ThreadPoolExecutor.java:1074)
        at java.util.concurrent.ThreadPoolExecutor.runWorker(ThreadPoolExecutor.java:1134)
        at java.util.concurrent.ThreadPoolExecutor$Worker.run(ThreadPoolExecutor.java:624)
        at java.lang.Thread.run(Thread.java:748)
"org.eclipse.jetty.server.session.HashSessionManager@7db40fd5Timer" daemon prio=5 tid=260 timed_waiting
java.lang.Thread.State: TIMED_WAITING
        at sun.misc.Unsafe.park(Native Method)
        at java.util.concurrent.locks.LockSupport.parkNanos(LockSupport.java:215)
        at java.util.concurrent.locks.AbstractQueuedSynchronizer$ConditionObject.awaitNanos(AbstractQueuedSynchronizer.java:2078)
        at java.util.concurrent.ScheduledThreadPoolExecutor$DelayedWorkQueue.take(ScheduledThreadPoolExecutor.java:1093)
        at java.util.concurrent.ScheduledThreadPoolExecutor$DelayedWorkQueue.take(ScheduledThreadPoolExecutor.java:809)
        at java.util.concurrent.ThreadPoolExecutor.getTask(ThreadPoolExecutor.java:1074)
        at java.util.concurrent.ThreadPoolExecutor.runWorker(ThreadPoolExecutor.java:1134)
        at java.util.concurrent.ThreadPoolExecutor$Worker.run(ThreadPoolExecutor.java:624)
        at java.lang.Thread.run(Thread.java:748)
"IPC Server handler 6 on 42937" daemon prio=5 tid=120 timed_waiting
java.lang.Thread.State: TIMED_WAITING
        at sun.misc.Unsafe.park(Native Method)
        at java.util.concurrent.locks.LockSupport.parkNanos(LockSupport.java:215)
        at java.util.concurrent.locks.AbstractQueuedSynchronizer$ConditionObject.awaitNanos(AbstractQueuedSynchronizer.java:2078)
        at java.util.concurrent.LinkedBlockingQueue.poll(LinkedBlockingQueue.java:467)
        at org.apache.hadoop.ipc.CallQueueManager.take(CallQueueManager.java:288)
        at org.apache.hadoop.ipc.Server$Handler.run(Server.java:2668)
"pool-47-thread-56"  prio=5 tid=387 in Object.wait()
java.lang.Thread.State: WAITING (on object monitor)
        at sun.misc.Unsafe.park(Native Method)
        at java.util.concurrent.locks.LockSupport.park(LockSupport.java:175)
        at java.util.concurrent.locks.AbstractQueuedSynchronizer$ConditionObject.await(AbstractQueuedSynchronizer.java:2039)
        at java.util.concurrent.ArrayBlockingQueue.take(ArrayBlockingQueue.java:403)
        at java.util.concurrent.ThreadPoolExecutor.getTask(ThreadPoolExecutor.java:1074)
        at java.util.concurrent.ThreadPoolExecutor.runWorker(ThreadPoolExecutor.java:1134)
        at java.util.concurrent.ThreadPoolExecutor$Worker.run(ThreadPoolExecutor.java:624)
        at java.lang.Thread.run(Thread.java:748)
"pool-89-thread-47"  prio=5 tid=498 in Object.wait()
java.lang.Thread.State: WAITING (on object monitor)
        at sun.misc.Unsafe.park(Native Method)
        at java.util.concurrent.locks.LockSupport.park(LockSupport.java:175)
        at java.util.concurrent.locks.AbstractQueuedSynchronizer$ConditionObject.await(AbstractQueuedSynchronizer.java:2039)
        at java.util.concurrent.ArrayBlockingQueue.take(ArrayBlockingQueue.java:403)
        at java.util.concurrent.ThreadPoolExecutor.getTask(ThreadPoolExecutor.java:1074)
        at java.util.concurrent.ThreadPoolExecutor.runWorker(ThreadPoolExecutor.java:1134)
        at java.util.concurrent.ThreadPoolExecutor$Worker.run(ThreadPoolExecutor.java:624)
        at java.lang.Thread.run(Thread.java:748)
"pool-68-thread-28"  prio=5 tid=419 in Object.wait()
java.lang.Thread.State: WAITING (on object monitor)
        at sun.misc.Unsafe.park(Native Method)
        at java.util.concurrent.locks.LockSupport.park(LockSupport.java:175)
        at java.util.concurrent.locks.AbstractQueuedSynchronizer$ConditionObject.await(AbstractQueuedSynchronizer.java:2039)
        at java.util.concurrent.ArrayBlockingQueue.take(ArrayBlockingQueue.java:403)
        at java.util.concurrent.ThreadPoolExecutor.getTask(ThreadPoolExecutor.java:1074)
        at java.util.concurrent.ThreadPoolExecutor.runWorker(ThreadPoolExecutor.java:1134)
        at java.util.concurrent.ThreadPoolExecutor$Worker.run(ThreadPoolExecutor.java:624)
        at java.lang.Thread.run(Thread.java:748)
"nioEventLoopGroup-2-1"  prio=10 tid=171 runnable
java.lang.Thread.State: RUNNABLE
        at sun.nio.ch.EPollArrayWrapper.epollWait(Native Method)
        at sun.nio.ch.EPollArrayWrapper.poll(EPollArrayWrapper.java:269)
        at sun.nio.ch.EPollSelectorImpl.doSelect(EPollSelectorImpl.java:93)
        at sun.nio.ch.SelectorImpl.lockAndDoSelect(SelectorImpl.java:86)
        at sun.nio.ch.SelectorImpl.select(SelectorImpl.java:97)
        at io.netty.channel.nio.SelectedSelectionKeySetSelector.select(SelectedSelectionKeySetSelector.java:62)
        at io.netty.channel.nio.NioEventLoop.select(NioEventLoop.java:753)
        at io.netty.channel.nio.NioEventLoop.run(NioEventLoop.java:408)
        at io.netty.util.concurrent.SingleThreadEventExecutor$5.run(SingleThreadEventExecutor.java:897)
        at io.netty.util.concurrent.FastThreadLocalRunnable.run(FastThreadLocalRunnable.java:30)
        at java.lang.Thread.run(Thread.java:748)
"pool-89-thread-14"  prio=5 tid=465 in Object.wait()
java.lang.Thread.State: WAITING (on object monitor)
        at sun.misc.Unsafe.park(Native Method)
        at java.util.concurrent.locks.LockSupport.park(LockSupport.java:175)
        at java.util.concurrent.locks.AbstractQueuedSynchronizer$ConditionObject.await(AbstractQueuedSynchronizer.java:2039)
        at java.util.concurrent.ArrayBlockingQueue.take(ArrayBlockingQueue.java:403)
        at java.util.concurrent.ThreadPoolExecutor.getTask(ThreadPoolExecutor.java:1074)
        at java.util.concurrent.ThreadPoolExecutor.runWorker(ThreadPoolExecutor.java:1134)
        at java.util.concurrent.ThreadPoolExecutor$Worker.run(ThreadPoolExecutor.java:624)
        at java.lang.Thread.run(Thread.java:748)
"pool-68-thread-17"  prio=5 tid=408 in Object.wait()
java.lang.Thread.State: WAITING (on object monitor)
        at sun.misc.Unsafe.park(Native Method)
        at java.util.concurrent.locks.LockSupport.park(LockSupport.java:175)
        at java.util.concurrent.locks.AbstractQueuedSynchronizer$ConditionObject.await(AbstractQueuedSynchronizer.java:2039)
        at java.util.concurrent.ArrayBlockingQueue.take(ArrayBlockingQueue.java:403)
        at java.util.concurrent.ThreadPoolExecutor.getTask(ThreadPoolExecutor.java:1074)
        at java.util.concurrent.ThreadPoolExecutor.runWorker(ThreadPoolExecutor.java:1134)
        at java.util.concurrent.ThreadPoolExecutor$Worker.run(ThreadPoolExecutor.java:624)
        at java.lang.Thread.run(Thread.java:748)
"jaeger.RemoteReporter-QueueProcessor" daemon prio=5 tid=146 in Object.wait()
java.lang.Thread.State: WAITING (on object monitor)
        at sun.misc.Unsafe.park(Native Method)
        at java.util.concurrent.locks.LockSupport.park(LockSupport.java:175)
        at java.util.concurrent.locks.AbstractQueuedSynchronizer$ConditionObject.await(AbstractQueuedSynchronizer.java:2039)
        at java.util.concurrent.ArrayBlockingQueue.take(ArrayBlockingQueue.java:403)
        at io.jaegertracing.internal.reporters.RemoteReporter$QueueProcessor.run(RemoteReporter.java:173)
        at java.lang.Thread.run(Thread.java:748)
"pool-68-thread-44"  prio=5 tid=435 in Object.wait()
java.lang.Thread.State: WAITING (on object monitor)
        at sun.misc.Unsafe.park(Native Method)
        at java.util.concurrent.locks.LockSupport.park(LockSupport.java:175)
        at java.util.concurrent.locks.AbstractQueuedSynchronizer$ConditionObject.await(AbstractQueuedSynchronizer.java:2039)
        at java.util.concurrent.ArrayBlockingQueue.take(ArrayBlockingQueue.java:403)
        at java.util.concurrent.ThreadPoolExecutor.getTask(ThreadPoolExecutor.java:1074)
        at java.util.concurrent.ThreadPoolExecutor.runWorker(ThreadPoolExecutor.java:1134)
        at java.util.concurrent.ThreadPoolExecutor$Worker.run(ThreadPoolExecutor.java:624)
        at java.lang.Thread.run(Thread.java:748)
"IPC Server handler 5 on 40125" daemon prio=5 tid=35 timed_waiting
java.lang.Thread.State: TIMED_WAITING
        at sun.misc.Unsafe.park(Native Method)
        at java.util.concurrent.locks.LockSupport.parkNanos(LockSupport.java:215)
        at java.util.concurrent.locks.AbstractQueuedSynchronizer$ConditionObject.awaitNanos(AbstractQueuedSynchronizer.java:2078)
        at java.util.concurrent.LinkedBlockingQueue.poll(LinkedBlockingQueue.java:467)
        at org.apache.hadoop.ipc.CallQueueManager.take(CallQueueManager.java:288)
        at org.apache.hadoop.ipc.Server$Handler.run(Server.java:2668)
"pool-79-thread-1"  prio=5 tid=530 in Object.wait()
java.lang.Thread.State: WAITING (on object monitor)
        at sun.misc.Unsafe.park(Native Method)
        at java.util.concurrent.locks.LockSupport.park(LockSupport.java:175)
        at java.util.concurrent.locks.AbstractQueuedSynchronizer$ConditionObject.await(AbstractQueuedSynchronizer.java:2039)
        at java.util.concurrent.LinkedBlockingQueue.take(LinkedBlockingQueue.java:442)
        at java.util.concurrent.ThreadPoolExecutor.getTask(ThreadPoolExecutor.java:1074)
        at java.util.concurrent.ThreadPoolExecutor.runWorker(ThreadPoolExecutor.java:1134)
        at java.util.concurrent.ThreadPoolExecutor$Worker.run(ThreadPoolExecutor.java:624)
        at java.lang.Thread.run(Thread.java:748)
"Datanode ReportManager Thread - 1" daemon prio=5 tid=177 timed_waiting
java.lang.Thread.State: TIMED_WAITING
        at sun.misc.Unsafe.park(Native Method)
        at java.util.concurrent.locks.LockSupport.parkNanos(LockSupport.java:215)
        at java.util.concurrent.locks.AbstractQueuedSynchronizer$ConditionObject.awaitNanos(AbstractQueuedSynchronizer.java:2078)
        at java.util.concurrent.ScheduledThreadPoolExecutor$DelayedWorkQueue.take(ScheduledThreadPoolExecutor.java:1093)
        at java.util.concurrent.ScheduledThreadPoolExecutor$DelayedWorkQueue.take(ScheduledThreadPoolExecutor.java:809)
        at java.util.concurrent.ThreadPoolExecutor.getTask(ThreadPoolExecutor.java:1074)
        at java.util.concurrent.ThreadPoolExecutor.runWorker(ThreadPoolExecutor.java:1134)
        at java.util.concurrent.ThreadPoolExecutor$Worker.run(ThreadPoolExecutor.java:624)
        at java.lang.Thread.run(Thread.java:748)
"IPC Server handler 3 on 40125" daemon prio=5 tid=33 timed_waiting
java.lang.Thread.State: TIMED_WAITING
        at sun.misc.Unsafe.park(Native Method)
        at java.util.concurrent.locks.LockSupport.parkNanos(LockSupport.java:215)
        at java.util.concurrent.locks.AbstractQueuedSynchronizer$ConditionObject.awaitNanos(AbstractQueuedSynchronizer.java:2078)
        at java.util.concurrent.LinkedBlockingQueue.poll(LinkedBlockingQueue.java:467)
        at org.apache.hadoop.ipc.CallQueueManager.take(CallQueueManager.java:288)
        at org.apache.hadoop.ipc.Server$Handler.run(Server.java:2668)
"pool-68-thread-54"  prio=5 tid=445 in Object.wait()
java.lang.Thread.State: WAITING (on object monitor)
        at sun.misc.Unsafe.park(Native Method)
        at java.util.concurrent.locks.LockSupport.park(LockSupport.java:175)
        at java.util.concurrent.locks.AbstractQueuedSynchronizer$ConditionObject.await(AbstractQueuedSynchronizer.java:2039)
        at java.util.concurrent.ArrayBlockingQueue.take(ArrayBlockingQueue.java:403)
        at java.util.concurrent.ThreadPoolExecutor.getTask(ThreadPoolExecutor.java:1074)
        at java.util.concurrent.ThreadPoolExecutor.runWorker(ThreadPoolExecutor.java:1134)
        at java.util.concurrent.ThreadPoolExecutor$Worker.run(ThreadPoolExecutor.java:624)
        at java.lang.Thread.run(Thread.java:748)
"BlockDeletingService#2" daemon prio=5 tid=787 in Object.wait()
java.lang.Thread.State: WAITING (on object monitor)
        at sun.misc.Unsafe.park(Native Method)
        at java.util.concurrent.locks.LockSupport.park(LockSupport.java:175)
        at java.util.concurrent.locks.AbstractQueuedSynchronizer$ConditionObject.await(AbstractQueuedSynchronizer.java:2039)
        at java.util.concurrent.ScheduledThreadPoolExecutor$DelayedWorkQueue.take(ScheduledThreadPoolExecutor.java:1088)
        at java.util.concurrent.ScheduledThreadPoolExecutor$DelayedWorkQueue.take(ScheduledThreadPoolExecutor.java:809)
        at java.util.concurrent.ThreadPoolExecutor.getTask(ThreadPoolExecutor.java:1074)
        at java.util.concurrent.ThreadPoolExecutor.runWorker(ThreadPoolExecutor.java:1134)
        at java.util.concurrent.ThreadPoolExecutor$Worker.run(ThreadPoolExecutor.java:624)
        at java.lang.Thread.run(Thread.java:748)
"Timer for 'StorageContainerManager' metrics system" daemon prio=5 tid=28 timed_waiting
java.lang.Thread.State: TIMED_WAITING
        at java.lang.Object.wait(Native Method)
        at java.util.TimerThread.mainLoop(Timer.java:552)
        at java.util.TimerThread.run(Timer.java:505)
"Datanode ReportManager Thread - 2" daemon prio=5 tid=236 timed_waiting
java.lang.Thread.State: TIMED_WAITING
        at sun.misc.Unsafe.park(Native Method)
        at java.util.concurrent.locks.LockSupport.parkNanos(LockSupport.java:215)
        at java.util.concurrent.locks.AbstractQueuedSynchronizer$ConditionObject.awaitNanos(AbstractQueuedSynchronizer.java:2078)
        at java.util.concurrent.ScheduledThreadPoolExecutor$DelayedWorkQueue.take(ScheduledThreadPoolExecutor.java:1093)
        at java.util.concurrent.ScheduledThreadPoolExecutor$DelayedWorkQueue.take(ScheduledThreadPoolExecutor.java:809)
        at java.util.concurrent.ThreadPoolExecutor.getTask(ThreadPoolExecutor.java:1074)
        at java.util.concurrent.ThreadPoolExecutor.runWorker(ThreadPoolExecutor.java:1134)
        at java.util.concurrent.ThreadPoolExecutor$Worker.run(ThreadPoolExecutor.java:624)
        at java.lang.Thread.run(Thread.java:748)
"IPC Server Responder" daemon prio=5 tid=109 runnable
java.lang.Thread.State: RUNNABLE
        at sun.nio.ch.EPollArrayWrapper.epollWait(Native Method)
        at sun.nio.ch.EPollArrayWrapper.poll(EPollArrayWrapper.java:269)
        at sun.nio.ch.EPollSelectorImpl.doSelect(EPollSelectorImpl.java:93)
        at sun.nio.ch.SelectorImpl.lockAndDoSelect(SelectorImpl.java:86)
        at sun.nio.ch.SelectorImpl.select(SelectorImpl.java:97)
        at org.apache.hadoop.ipc.Server$Responder.doRunLoop(Server.java:1334)
        at org.apache.hadoop.ipc.Server$Responder.run(Server.java:1317)
"grpc-default-executor-1" daemon prio=5 tid=542 timed_waiting
java.lang.Thread.State: TIMED_WAITING
        at sun.misc.Unsafe.park(Native Method)
        at java.util.concurrent.locks.LockSupport.parkNanos(LockSupport.java:215)
        at java.util.concurrent.SynchronousQueue$TransferStack.awaitFulfill(SynchronousQueue.java:460)
        at java.util.concurrent.SynchronousQueue$TransferStack.transfer(SynchronousQueue.java:362)
        at java.util.concurrent.SynchronousQueue.poll(SynchronousQueue.java:941)
        at java.util.concurrent.ThreadPoolExecutor.getTask(ThreadPoolExecutor.java:1073)
        at java.util.concurrent.ThreadPoolExecutor.runWorker(ThreadPoolExecutor.java:1134)
        at java.util.concurrent.ThreadPoolExecutor$Worker.run(ThreadPoolExecutor.java:624)
        at java.lang.Thread.run(Thread.java:748)
"pool-26-thread-33"  prio=5 tid=303 in Object.wait()
java.lang.Thread.State: WAITING (on object monitor)
        at sun.misc.Unsafe.park(Native Method)
        at java.util.concurrent.locks.LockSupport.park(LockSupport.java:175)
        at java.util.concurrent.locks.AbstractQueuedSynchronizer$ConditionObject.await(AbstractQueuedSynchronizer.java:2039)
        at java.util.concurrent.ArrayBlockingQueue.take(ArrayBlockingQueue.java:403)
        at java.util.concurrent.ThreadPoolExecutor.getTask(ThreadPoolExecutor.java:1074)
        at java.util.concurrent.ThreadPoolExecutor.runWorker(ThreadPoolExecutor.java:1134)
        at java.util.concurrent.ThreadPoolExecutor$Worker.run(ThreadPoolExecutor.java:624)
        at java.lang.Thread.run(Thread.java:748)
"pool-68-thread-19"  prio=5 tid=410 in Object.wait()
java.lang.Thread.State: WAITING (on object monitor)
        at sun.misc.Unsafe.park(Native Method)
        at java.util.concurrent.locks.LockSupport.park(LockSupport.java:175)
        at java.util.concurrent.locks.AbstractQueuedSynchronizer$ConditionObject.await(AbstractQueuedSynchronizer.java:2039)
        at java.util.concurrent.ArrayBlockingQueue.take(ArrayBlockingQueue.java:403)
        at java.util.concurrent.ThreadPoolExecutor.getTask(ThreadPoolExecutor.java:1074)
        at java.util.concurrent.ThreadPoolExecutor.runWorker(ThreadPoolExecutor.java:1134)
        at java.util.concurrent.ThreadPoolExecutor$Worker.run(ThreadPoolExecutor.java:624)
        at java.lang.Thread.run(Thread.java:748)
"pool-24-thread-1" daemon prio=5 tid=155 timed_waiting
java.lang.Thread.State: TIMED_WAITING
        at sun.misc.Unsafe.park(Native Method)
        at java.util.concurrent.locks.LockSupport.parkNanos(LockSupport.java:215)
        at java.util.concurrent.locks.AbstractQueuedSynchronizer$ConditionObject.awaitNanos(AbstractQueuedSynchronizer.java:2078)
        at java.util.concurrent.ScheduledThreadPoolExecutor$DelayedWorkQueue.take(ScheduledThreadPoolExecutor.java:1093)
        at java.util.concurrent.ScheduledThreadPoolExecutor$DelayedWorkQueue.take(ScheduledThreadPoolExecutor.java:809)
        at java.util.concurrent.ThreadPoolExecutor.getTask(ThreadPoolExecutor.java:1074)
        at java.util.concurrent.ThreadPoolExecutor.runWorker(ThreadPoolExecutor.java:1134)
        at java.util.concurrent.ThreadPoolExecutor$Worker.run(ThreadPoolExecutor.java:624)
        at java.lang.Thread.run(Thread.java:748)
"IPC Server listener on 43271" daemon prio=5 tid=19 runnable
java.lang.Thread.State: RUNNABLE
        at sun.nio.ch.EPollArrayWrapper.epollWait(Native Method)
        at sun.nio.ch.EPollArrayWrapper.poll(EPollArrayWrapper.java:269)
        at sun.nio.ch.EPollSelectorImpl.doSelect(EPollSelectorImpl.java:93)
        at sun.nio.ch.SelectorImpl.lockAndDoSelect(SelectorImpl.java:86)
        at sun.nio.ch.SelectorImpl.select(SelectorImpl.java:97)
        at sun.nio.ch.SelectorImpl.select(SelectorImpl.java:101)
        at org.apache.hadoop.ipc.Server$Listener.run(Server.java:1159)
"qtp1366212088-137" daemon prio=5 tid=137 timed_waiting
java.lang.Thread.State: TIMED_WAITING
        at sun.misc.Unsafe.park(Native Method)
        at java.util.concurrent.locks.LockSupport.parkNanos(LockSupport.java:215)
        at java.util.concurrent.locks.AbstractQueuedSynchronizer$ConditionObject.awaitNanos(AbstractQueuedSynchronizer.java:2078)
        at org.eclipse.jetty.util.BlockingArrayQueue.poll(BlockingArrayQueue.java:392)
        at org.eclipse.jetty.util.thread.QueuedThreadPool.idleJobPoll(QueuedThreadPool.java:563)
        at org.eclipse.jetty.util.thread.QueuedThreadPool.access$800(QueuedThreadPool.java:48)
        at org.eclipse.jetty.util.thread.QueuedThreadPool$2.run(QueuedThreadPool.java:626)
        at java.lang.Thread.run(Thread.java:748)
"pool-47-thread-31"  prio=5 tid=362 in Object.wait()
java.lang.Thread.State: WAITING (on object monitor)
        at sun.misc.Unsafe.park(Native Method)
        at java.util.concurrent.locks.LockSupport.park(LockSupport.java:175)
        at java.util.concurrent.locks.AbstractQueuedSynchronizer$ConditionObject.await(AbstractQueuedSynchronizer.java:2039)
        at java.util.concurrent.ArrayBlockingQueue.take(ArrayBlockingQueue.java:403)
        at java.util.concurrent.ThreadPoolExecutor.getTask(ThreadPoolExecutor.java:1074)
        at java.util.concurrent.ThreadPoolExecutor.runWorker(ThreadPoolExecutor.java:1134)
        at java.util.concurrent.ThreadPoolExecutor$Worker.run(ThreadPoolExecutor.java:624)
        at java.lang.Thread.run(Thread.java:748)
"BlockDeletingService#2" daemon prio=5 tid=790 in Object.wait()
java.lang.Thread.State: WAITING (on object monitor)
        at sun.misc.Unsafe.park(Native Method)
        at java.util.concurrent.locks.LockSupport.park(LockSupport.java:175)
        at java.util.concurrent.locks.AbstractQueuedSynchronizer$ConditionObject.await(AbstractQueuedSynchronizer.java:2039)
        at java.util.concurrent.ScheduledThreadPoolExecutor$DelayedWorkQueue.take(ScheduledThreadPoolExecutor.java:1088)
        at java.util.concurrent.ScheduledThreadPoolExecutor$DelayedWorkQueue.take(ScheduledThreadPoolExecutor.java:809)
        at java.util.concurrent.ThreadPoolExecutor.getTask(ThreadPoolExecutor.java:1074)
        at java.util.concurrent.ThreadPoolExecutor.runWorker(ThreadPoolExecutor.java:1134)
        at java.util.concurrent.ThreadPoolExecutor$Worker.run(ThreadPoolExecutor.java:624)
        at java.lang.Thread.run(Thread.java:748)
"pool-68-thread-33"  prio=5 tid=424 in Object.wait()
java.lang.Thread.State: WAITING (on object monitor)
        at sun.misc.Unsafe.park(Native Method)
        at java.util.concurrent.locks.LockSupport.park(LockSupport.java:175)
        at java.util.concurrent.locks.AbstractQueuedSynchronizer$ConditionObject.await(AbstractQueuedSynchronizer.java:2039)
        at java.util.concurrent.ArrayBlockingQueue.take(ArrayBlockingQueue.java:403)
        at java.util.concurrent.ThreadPoolExecutor.getTask(ThreadPoolExecutor.java:1074)
        at java.util.concurrent.ThreadPoolExecutor.runWorker(ThreadPoolExecutor.java:1134)
        at java.util.concurrent.ThreadPoolExecutor$Worker.run(ThreadPoolExecutor.java:624)
        at java.lang.Thread.run(Thread.java:748)
"grpc-default-worker-ELG-3-1" daemon prio=5 tid=521 runnable
java.lang.Thread.State: RUNNABLE
        at sun.nio.ch.EPollArrayWrapper.epollWait(Native Method)
        at sun.nio.ch.EPollArrayWrapper.poll(EPollArrayWrapper.java:269)
        at sun.nio.ch.EPollSelectorImpl.doSelect(EPollSelectorImpl.java:93)
        at sun.nio.ch.SelectorImpl.lockAndDoSelect(SelectorImpl.java:86)
        at sun.nio.ch.SelectorImpl.select(SelectorImpl.java:97)
        at org.apache.ratis.thirdparty.io.netty.channel.nio.SelectedSelectionKeySetSelector.select(SelectedSelectionKeySetSelector.java:62)
        at org.apache.ratis.thirdparty.io.netty.channel.nio.NioEventLoop.select(NioEventLoop.java:753)
        at org.apache.ratis.thirdparty.io.netty.channel.nio.NioEventLoop.run(NioEventLoop.java:408)
        at org.apache.ratis.thirdparty.io.netty.util.concurrent.SingleThreadEventExecutor$5.run(SingleThreadEventExecutor.java:897)
        at org.apache.ratis.thirdparty.io.netty.util.concurrent.FastThreadLocalRunnable.run(FastThreadLocalRunnable.java:30)
        at java.lang.Thread.run(Thread.java:748)
"IPC Server handler 19 on 40125" daemon prio=5 tid=49 timed_waiting
java.lang.Thread.State: TIMED_WAITING
        at sun.misc.Unsafe.park(Native Method)
        at java.util.concurrent.locks.LockSupport.parkNanos(LockSupport.java:215)
        at java.util.concurrent.locks.AbstractQueuedSynchronizer$ConditionObject.awaitNanos(AbstractQueuedSynchronizer.java:2078)
        at java.util.concurrent.LinkedBlockingQueue.poll(LinkedBlockingQueue.java:467)
        at org.apache.hadoop.ipc.CallQueueManager.take(CallQueueManager.java:288)
        at org.apache.hadoop.ipc.Server$Handler.run(Server.java:2668)
"Command processor thread" daemon prio=5 tid=210 timed_waiting
java.lang.Thread.State: TIMED_WAITING
        at java.lang.Thread.sleep(Native Method)
        at org.apache.hadoop.ozone.container.common.statemachine.DatanodeStateMachine.lambda$initCommandHandlerThread$1(DatanodeStateMachine.java:439)
        at org.apache.hadoop.ozone.container.common.statemachine.DatanodeStateMachine$$Lambda$140/966358068.run(Unknown Source)
        at java.lang.Thread.run(Thread.java:748)
"IPC Server Responder" daemon prio=5 tid=26 runnable
java.lang.Thread.State: RUNNABLE
        at sun.nio.ch.EPollArrayWrapper.epollWait(Native Method)
        at sun.nio.ch.EPollArrayWrapper.poll(EPollArrayWrapper.java:269)
        at sun.nio.ch.EPollSelectorImpl.doSelect(EPollSelectorImpl.java:93)
        at sun.nio.ch.SelectorImpl.lockAndDoSelect(SelectorImpl.java:86)
        at sun.nio.ch.SelectorImpl.select(SelectorImpl.java:97)
        at org.apache.hadoop.ipc.Server$Responder.doRunLoop(Server.java:1334)
        at org.apache.hadoop.ipc.Server$Responder.run(Server.java:1317)
"0648b2e2-fdfc-41ec-97df-bc2f9c4ea8df-RaftLogWorker"  prio=5 tid=548 timed_waiting
java.lang.Thread.State: TIMED_WAITING
        at sun.misc.Unsafe.park(Native Method)
        at java.util.concurrent.locks.LockSupport.parkNanos(LockSupport.java:215)
        at java.util.concurrent.locks.AbstractQueuedSynchronizer$ConditionObject.awaitNanos(AbstractQueuedSynchronizer.java:2078)
        at org.apache.ratis.util.DataBlockingQueue.poll(DataBlockingQueue.java:137)
        at org.apache.ratis.server.storage.RaftLogWorker.run(RaftLogWorker.java:216)
        at java.lang.Thread.run(Thread.java:748)
"IPC Server handler 12 on 40125" daemon prio=5 tid=42 timed_waiting
java.lang.Thread.State: TIMED_WAITING
        at sun.misc.Unsafe.park(Native Method)
        at java.util.concurrent.locks.LockSupport.parkNanos(LockSupport.java:215)
        at java.util.concurrent.locks.AbstractQueuedSynchronizer$ConditionObject.awaitNanos(AbstractQueuedSynchronizer.java:2078)
        at java.util.concurrent.LinkedBlockingQueue.poll(LinkedBlockingQueue.java:467)
        at org.apache.hadoop.ipc.CallQueueManager.take(CallQueueManager.java:288)
        at org.apache.hadoop.ipc.Server$Handler.run(Server.java:2668)
"pool-68-thread-47"  prio=5 tid=438 in Object.wait()
java.lang.Thread.State: WAITING (on object monitor)
        at sun.misc.Unsafe.park(Native Method)
        at java.util.concurrent.locks.LockSupport.park(LockSupport.java:175)
        at java.util.concurrent.locks.AbstractQueuedSynchronizer$ConditionObject.await(AbstractQueuedSynchronizer.java:2039)
        at java.util.concurrent.ArrayBlockingQueue.take(ArrayBlockingQueue.java:403)
        at java.util.concurrent.ThreadPoolExecutor.getTask(ThreadPoolExecutor.java:1074)
        at java.util.concurrent.ThreadPoolExecutor.runWorker(ThreadPoolExecutor.java:1134)
        at java.util.concurrent.ThreadPoolExecutor$Worker.run(ThreadPoolExecutor.java:624)
        at java.lang.Thread.run(Thread.java:748)
"pool-83-thread-1"  prio=5 tid=219 timed_waiting
java.lang.Thread.State: TIMED_WAITING
        at sun.misc.Unsafe.park(Native Method)
        at java.util.concurrent.locks.LockSupport.parkNanos(LockSupport.java:215)
        at java.util.concurrent.locks.AbstractQueuedSynchronizer$ConditionObject.awaitNanos(AbstractQueuedSynchronizer.java:2078)
        at java.util.concurrent.ScheduledThreadPoolExecutor$DelayedWorkQueue.take(ScheduledThreadPoolExecutor.java:1093)
        at java.util.concurrent.ScheduledThreadPoolExecutor$DelayedWorkQueue.take(ScheduledThreadPoolExecutor.java:809)
        at java.util.concurrent.ThreadPoolExecutor.getTask(ThreadPoolExecutor.java:1074)
        at java.util.concurrent.ThreadPoolExecutor.runWorker(ThreadPoolExecutor.java:1134)
        at java.util.concurrent.ThreadPoolExecutor$Worker.run(ThreadPoolExecutor.java:624)
        at java.lang.Thread.run(Thread.java:748)
"pool-89-thread-9"  prio=5 tid=460 in Object.wait()
java.lang.Thread.State: WAITING (on object monitor)
        at sun.misc.Unsafe.park(Native Method)
        at java.util.concurrent.locks.LockSupport.park(LockSupport.java:175)
        at java.util.concurrent.locks.AbstractQueuedSynchronizer$ConditionObject.await(AbstractQueuedSynchronizer.java:2039)
        at java.util.concurrent.ArrayBlockingQueue.take(ArrayBlockingQueue.java:403)
        at java.util.concurrent.ThreadPoolExecutor.getTask(ThreadPoolExecutor.java:1074)
        at java.util.concurrent.ThreadPoolExecutor.runWorker(ThreadPoolExecutor.java:1134)
        at java.util.concurrent.ThreadPoolExecutor$Worker.run(ThreadPoolExecutor.java:624)
        at java.lang.Thread.run(Thread.java:748)
"pool-26-thread-40"  prio=5 tid=310 in Object.wait()
java.lang.Thread.State: WAITING (on object monitor)
        at sun.misc.Unsafe.park(Native Method)
        at java.util.concurrent.locks.LockSupport.park(LockSupport.java:175)
        at java.util.concurrent.locks.AbstractQueuedSynchronizer$ConditionObject.await(AbstractQueuedSynchronizer.java:2039)
        at java.util.concurrent.ArrayBlockingQueue.take(ArrayBlockingQueue.java:403)
        at java.util.concurrent.ThreadPoolExecutor.getTask(ThreadPoolExecutor.java:1074)
        at java.util.concurrent.ThreadPoolExecutor.runWorker(ThreadPoolExecutor.java:1134)
        at java.util.concurrent.ThreadPoolExecutor$Worker.run(ThreadPoolExecutor.java:624)
        at java.lang.Thread.run(Thread.java:748)
"pool-89-thread-21"  prio=5 tid=472 in Object.wait()
java.lang.Thread.State: WAITING (on object monitor)
        at sun.misc.Unsafe.park(Native Method)
        at java.util.concurrent.locks.LockSupport.park(LockSupport.java:175)
        at java.util.concurrent.locks.AbstractQueuedSynchronizer$ConditionObject.await(AbstractQueuedSynchronizer.java:2039)
        at java.util.concurrent.ArrayBlockingQueue.take(ArrayBlockingQueue.java:403)
        at java.util.concurrent.ThreadPoolExecutor.getTask(ThreadPoolExecutor.java:1074)
        at java.util.concurrent.ThreadPoolExecutor.runWorker(ThreadPoolExecutor.java:1134)
        at java.util.concurrent.ThreadPoolExecutor$Worker.run(ThreadPoolExecutor.java:624)
        at java.lang.Thread.run(Thread.java:748)
"pool-47-thread-32"  prio=5 tid=363 in Object.wait()
java.lang.Thread.State: WAITING (on object monitor)
        at sun.misc.Unsafe.park(Native Method)
        at java.util.concurrent.locks.LockSupport.park(LockSupport.java:175)
        at java.util.concurrent.locks.AbstractQueuedSynchronizer$ConditionObject.await(AbstractQueuedSynchronizer.java:2039)
        at java.util.concurrent.ArrayBlockingQueue.take(ArrayBlockingQueue.java:403)
        at java.util.concurrent.ThreadPoolExecutor.getTask(ThreadPoolExecutor.java:1074)
        at java.util.concurrent.ThreadPoolExecutor.runWorker(ThreadPoolExecutor.java:1134)
        at java.util.concurrent.ThreadPoolExecutor$Worker.run(ThreadPoolExecutor.java:624)
        at java.lang.Thread.run(Thread.java:748)


	at org.apache.hadoop.test.GenericTestUtils.waitFor(GenericTestUtils.java:389)
	at org.apache.hadoop.ozone.MiniOzoneClusterImpl.waitForClusterToBeReady(MiniOzoneClusterImpl.java:139)
	at org.apache.hadoop.hdds.scm.pipeline.TestSCMRestart.init(TestSCMRestart.java:65)
	at sun.reflect.NativeMethodAccessorImpl.invoke0(Native Method)
	at sun.reflect.NativeMethodAccessorImpl.invoke(NativeMethodAccessorImpl.java:62)
	at sun.reflect.DelegatingMethodAccessorImpl.invoke(DelegatingMethodAccessorImpl.java:43)
	at java.lang.reflect.Method.invoke(Method.java:498)
	at org.junit.runners.model.FrameworkMethod$1.runReflectiveCall(FrameworkMethod.java:47)
	at org.junit.internal.runners.model.ReflectiveCallable.run(ReflectiveCallable.java:12)
	at org.junit.runners.model.FrameworkMethod.invokeExplosively(FrameworkMethod.java:44)
	at org.junit.internal.runners.statements.RunBefores.evaluate(RunBefores.java:24)
	at org.junit.internal.runners.statements.RunAfters.evaluate(RunAfters.java:27)
	at org.junit.runners.ParentRunner.run(ParentRunner.java:309)
	at org.apache.maven.surefire.junit4.JUnit4Provider.execute(JUnit4Provider.java:365)
	at org.apache.maven.surefire.junit4.JUnit4Provider.executeWithRerun(JUnit4Provider.java:273)
	at org.apache.maven.surefire.junit4.JUnit4Provider.executeTestSet(JUnit4Provider.java:238)
	at org.apache.maven.surefire.junit4.JUnit4Provider.invoke(JUnit4Provider.java:159)
	at org.apache.maven.surefire.booter.ForkedBooter.invokeProviderInSameClassLoader(ForkedBooter.java:384)
	at org.apache.maven.surefire.booter.ForkedBooter.runSuitesInProcess(ForkedBooter.java:345)
	at org.apache.maven.surefire.booter.ForkedBooter.execute(ForkedBooter.java:126)
	at org.apache.maven.surefire.booter.ForkedBooter.main(ForkedBooter.java:418)
</error>
    <system-out><![CDATA[2019-06-13 19:13:36,339 WARN  server.ServerUtils (ServerUtils.java:getScmDbDir(145)) - ozone.scm.db.dirs is not configured. We recommend adding this setting. Falling back to ozone.metadata.dirs instead.
2019-06-13 19:13:36,436 WARN  server.ServerUtils (ServerUtils.java:getScmDbDir(145)) - ozone.scm.db.dirs is not configured. We recommend adding this setting. Falling back to ozone.metadata.dirs instead.
2019-06-13 19:13:36,440 WARN  server.ServerUtils (ServerUtils.java:getScmDbDir(145)) - ozone.scm.db.dirs is not configured. We recommend adding this setting. Falling back to ozone.metadata.dirs instead.
2019-06-13 19:13:36,459 INFO  util.log (Log.java:initialized(192)) - Logging initialized @905ms
2019-06-13 19:13:36,574 INFO  db.DBStoreBuilder (DBStoreBuilder.java:addTable(110)) - using custom profile for table: deletedBlocks
2019-06-13 19:13:36,574 INFO  db.DBStoreBuilder (DBStoreBuilder.java:processTables(161)) - Using default column profile:DBProfile.DISK for Table:deletedBlocks
2019-06-13 19:13:36,575 INFO  db.DBStoreBuilder (DBStoreBuilder.java:addTable(110)) - using custom profile for table: validCerts
2019-06-13 19:13:36,575 INFO  db.DBStoreBuilder (DBStoreBuilder.java:processTables(161)) - Using default column profile:DBProfile.DISK for Table:validCerts
2019-06-13 19:13:36,575 INFO  db.DBStoreBuilder (DBStoreBuilder.java:addTable(110)) - using custom profile for table: revokedCerts
2019-06-13 19:13:36,575 INFO  db.DBStoreBuilder (DBStoreBuilder.java:processTables(161)) - Using default column profile:DBProfile.DISK for Table:revokedCerts
2019-06-13 19:13:36,588 INFO  db.DBStoreBuilder (DBStoreBuilder.java:addTable(110)) - using custom profile for table: default
2019-06-13 19:13:36,588 INFO  db.DBStoreBuilder (DBStoreBuilder.java:processTables(167)) - Using default column profile:DBProfile.DISK for Table:default
2019-06-13 19:13:36,590 INFO  db.DBStoreBuilder (DBStoreBuilder.java:getDbProfile(198)) - Using default options. DBProfile.DISK
2019-06-13 19:13:36,675 INFO  node.SCMNodeManager (SCMNodeManager.java:<init>(108)) - Entering startup safe mode.
2019-06-13 19:13:36,788 INFO  net.NodeSchemaLoader (NodeSchemaLoader.java:loadSchemaFromFile(125)) - Loading file from sun.misc.CompoundEnumeration@639c2c1d
2019-06-13 19:13:36,790 INFO  net.NodeSchemaLoader (NodeSchemaLoader.java:loadSchema(171)) - Loading network topology layer schema file
2019-06-13 19:13:36,855 WARN  server.ServerUtils (ServerUtils.java:getScmDbDir(145)) - ozone.scm.db.dirs is not configured. We recommend adding this setting. Falling back to ozone.metadata.dirs instead.
2019-06-13 19:13:36,877 INFO  pipeline.SCMPipelineManager (SCMPipelineManager.java:initializePipelineState(126)) - No pipeline exists in current db
2019-06-13 19:13:36,881 WARN  server.ServerUtils (ServerUtils.java:getScmDbDir(145)) - ozone.scm.db.dirs is not configured. We recommend adding this setting. Falling back to ozone.metadata.dirs instead.
2019-06-13 19:13:36,939 WARN  events.EventQueue (EventQueue.java:fireEvent(175)) - No event handler registered for event TypedEvent{payloadType=SafeModeStatus, name='SafeModeStatus'}
2019-06-13 19:13:37,337 INFO  ipc.CallQueueManager (CallQueueManager.java:<init>(84)) - Using callQueue: class java.util.concurrent.LinkedBlockingQueue, queueCapacity: 2000, scheduler: class org.apache.hadoop.ipc.DefaultRpcScheduler, ipcBackoff: false.
2019-06-13 19:13:37,383 INFO  ipc.Server (Server.java:run(1074)) - Starting Socket Reader #1 for port 34963
2019-06-13 19:13:37,418 INFO  ipc.CallQueueManager (CallQueueManager.java:<init>(84)) - Using callQueue: class java.util.concurrent.LinkedBlockingQueue, queueCapacity: 2000, scheduler: class org.apache.hadoop.ipc.DefaultRpcScheduler, ipcBackoff: false.
2019-06-13 19:13:37,428 INFO  ipc.Server (Server.java:run(1074)) - Starting Socket Reader #1 for port 43271
2019-06-13 19:13:37,442 INFO  ipc.CallQueueManager (CallQueueManager.java:<init>(84)) - Using callQueue: class java.util.concurrent.LinkedBlockingQueue, queueCapacity: 2000, scheduler: class org.apache.hadoop.ipc.DefaultRpcScheduler, ipcBackoff: false.
2019-06-13 19:13:37,501 INFO  ipc.Server (Server.java:run(1074)) - Starting Socket Reader #1 for port 40125
2019-06-13 19:13:37,516 INFO  hdfs.DFSUtil (DFSUtil.java:httpServerTemplateForNNAndJN(1641)) - Starting Web-server for scm at: http://0.0.0.0:0
2019-06-13 19:13:37,660 INFO  server.AuthenticationFilter (AuthenticationFilter.java:constructSecretProvider(240)) - Unable to initialize FileSignerSecretProvider, falling back to use random secrets.
2019-06-13 19:13:37,670 WARN  http.HttpRequestLog (HttpRequestLog.java:getRequestLog(97)) - Jetty request log can only be enabled using Log4j
2019-06-13 19:13:37,680 INFO  http.HttpServer2 (HttpServer2.java:addGlobalFilter(975)) - Added global filter 'safety' (class=org.apache.hadoop.http.HttpServer2$QuotingInputFilter)
2019-06-13 19:13:37,683 INFO  http.HttpServer2 (HttpServer2.java:addFilter(948)) - Added filter static_user_filter (class=org.apache.hadoop.http.lib.StaticUserWebFilter$StaticUserFilter) to context scm
2019-06-13 19:13:37,683 INFO  http.HttpServer2 (HttpServer2.java:addFilter(958)) - Added filter static_user_filter (class=org.apache.hadoop.http.lib.StaticUserWebFilter$StaticUserFilter) to context logs
2019-06-13 19:13:37,683 INFO  http.HttpServer2 (HttpServer2.java:addFilter(958)) - Added filter static_user_filter (class=org.apache.hadoop.http.lib.StaticUserWebFilter$StaticUserFilter) to context static
2019-06-13 19:13:37,711 INFO  server.StorageContainerManager (StorageContainerManager.java:start(752)) - StorageContainerLocationProtocol RPC server is listening at /0.0.0.0:40125
2019-06-13 19:13:37,773 WARN  impl.MetricsConfig (MetricsConfig.java:loadFirst(134)) - Cannot locate configuration: tried hadoop-metrics2-storagecontainermanager.properties,hadoop-metrics2.properties
2019-06-13 19:13:37,794 INFO  impl.MetricsSystemImpl (MetricsSystemImpl.java:startTimer(374)) - Scheduled Metric snapshot period at 10 second(s).
2019-06-13 19:13:37,794 INFO  impl.MetricsSystemImpl (MetricsSystemImpl.java:start(191)) - StorageContainerManager metrics system started
2019-06-13 19:13:38,049 INFO  server.SCMClientProtocolServer (SCMClientProtocolServer.java:start(149)) - RPC server for Client  is listening at /0.0.0.0:40125
2019-06-13 19:13:38,050 INFO  ipc.Server (Server.java:run(1314)) - IPC Server Responder: starting
2019-06-13 19:13:38,054 INFO  ipc.Server (Server.java:run(1153)) - IPC Server listener on 40125: starting
2019-06-13 19:13:38,058 INFO  server.StorageContainerManager (StorageContainerManager.java:start(761)) - ScmBlockLocationProtocol RPC server is listening at /0.0.0.0:43271
2019-06-13 19:13:38,059 INFO  server.SCMBlockProtocolServer (SCMBlockProtocolServer.java:start(137)) - RPC server for Block Protocol is listening at /0.0.0.0:43271
2019-06-13 19:13:38,059 INFO  ipc.Server (Server.java:run(1314)) - IPC Server Responder: starting
2019-06-13 19:13:38,059 INFO  ipc.Server (Server.java:run(1153)) - IPC Server listener on 43271: starting
2019-06-13 19:13:38,070 INFO  server.StorageContainerManager (StorageContainerManager.java:start(765)) - ScmDatanodeProtocl RPC server is listening at /0.0.0.0:34963
2019-06-13 19:13:38,070 INFO  server.SCMDatanodeProtocolServer (SCMDatanodeProtocolServer.java:start(191)) - RPC server for DataNodes is listening at /0.0.0.0:34963
2019-06-13 19:13:38,070 INFO  ipc.Server (Server.java:run(1314)) - IPC Server Responder: starting
2019-06-13 19:13:38,071 INFO  ipc.Server (Server.java:run(1153)) - IPC Server listener on 34963: starting
2019-06-13 19:13:38,076 INFO  http.HttpServer2 (HttpServer2.java:bindListener(1191)) - Jetty bound to port 44485
2019-06-13 19:13:38,078 INFO  server.Server (Server.java:doStart(351)) - jetty-9.3.24.v20180605, build timestamp: 2018-06-05T17:11:56Z, git hash: 84205aa28f11a4f31f2a3b86d1bba2cc8ab69827
2019-06-13 19:13:38,135 INFO  handler.ContextHandler (ContextHandler.java:doStart(781)) - Started o.e.j.s.ServletContextHandler@517566b{/logs,file:///opt/src/hadoop-ozone/integration-test/target/log,AVAILABLE}
2019-06-13 19:13:38,137 INFO  handler.ContextHandler (ContextHandler.java:doStart(781)) - Started o.e.j.s.ServletContextHandler@530712d{/static,file:///opt/src/hadoop-ozone/integration-test/target/test-classes/webapps/static,AVAILABLE}
2019-06-13 19:13:38,178 INFO  handler.ContextHandler (ContextHandler.java:doStart(781)) - Started o.e.j.w.WebAppContext@35fe2125{/,file:///opt/src/hadoop-ozone/integration-test/target/test-classes/webapps/scm/,AVAILABLE}{/scm}
2019-06-13 19:13:38,185 INFO  server.AbstractConnector (AbstractConnector.java:doStart(278)) - Started ServerConnector@28a0fd6c{HTTP/1.1,[http/1.1]}{0.0.0.0:44485}
2019-06-13 19:13:38,185 INFO  server.Server (Server.java:doStart(419)) - Started @2631ms
2019-06-13 19:13:38,187 INFO  server.BaseHttpServer (BaseHttpServer.java:updateConnectorAddress(207)) - HTTP server of SCM is listening at http://0.0.0.0:44485
2019-06-13 19:13:38,207 INFO  util.JvmPauseMonitor (JvmPauseMonitor.java:run(188)) - Starting JVM pause monitor
2019-06-13 19:13:38,211 WARN  scm.ScmUtils (ScmUtils.java:getDBPath(63)) - ozone.om.db.dirs is not configured. We recommend adding this setting. Falling back to ozone.metadata.dirs instead.
2019-06-13 19:13:38,294 WARN  scm.ScmUtils (ScmUtils.java:getDBPath(63)) - ozone.om.db.dirs is not configured. We recommend adding this setting. Falling back to ozone.metadata.dirs instead.
2019-06-13 19:13:38,295 INFO  om.OzoneManager (OzoneManager.java:setOMNodeDetails(519)) - OM Service ID is not set. Setting it to the default ID: omServiceIdDefault
2019-06-13 19:13:38,296 INFO  om.OzoneManager (OzoneManager.java:setOMNodeDetails(525)) - OM Node ID is not set. Setting it to the OmStorage's OmID: b37f15ec-7381-45bb-9649-e1d75cce1438
2019-06-13 19:13:38,297 WARN  scm.HddsServerUtil (HddsServerUtil.java:getDefaultRatisDirectory(354)) - Storage directory for Ratis is not configured. It is a good idea to map this to an SSD disk. Falling back to ozone.metadata.dirs
2019-06-13 19:13:38,298 WARN  scm.HddsServerUtil (HddsServerUtil.java:getDefaultRatisDirectory(354)) - Storage directory for Ratis is not configured. It is a good idea to map this to an SSD disk. Falling back to ozone.metadata.dirs
2019-06-13 19:13:38,298 INFO  om.OzoneManager (OzoneManager.java:loadOMHAConfigs(476)) - Found matching OM address with OMServiceId: null, OMNodeId: null, RPC Address: localhost:0 and Ratis port: 9872
2019-06-13 19:13:38,512 WARN  scm.ScmUtils (ScmUtils.java:getDBPath(63)) - ozone.om.db.dirs is not configured. We recommend adding this setting. Falling back to ozone.metadata.dirs instead.
2019-06-13 19:13:38,517 INFO  db.DBStoreBuilder (DBStoreBuilder.java:addTable(110)) - using custom profile for table: userTable
2019-06-13 19:13:38,517 INFO  db.DBStoreBuilder (DBStoreBuilder.java:processTables(161)) - Using default column profile:DBProfile.DISK for Table:userTable
2019-06-13 19:13:38,517 INFO  db.DBStoreBuilder (DBStoreBuilder.java:addTable(110)) - using custom profile for table: volumeTable
2019-06-13 19:13:38,517 INFO  db.DBStoreBuilder (DBStoreBuilder.java:processTables(161)) - Using default column profile:DBProfile.DISK for Table:volumeTable
2019-06-13 19:13:38,518 INFO  db.DBStoreBuilder (DBStoreBuilder.java:addTable(110)) - using custom profile for table: bucketTable
2019-06-13 19:13:38,518 INFO  db.DBStoreBuilder (DBStoreBuilder.java:processTables(161)) - Using default column profile:DBProfile.DISK for Table:bucketTable
2019-06-13 19:13:38,518 INFO  db.DBStoreBuilder (DBStoreBuilder.java:addTable(110)) - using custom profile for table: keyTable
2019-06-13 19:13:38,518 INFO  db.DBStoreBuilder (DBStoreBuilder.java:processTables(161)) - Using default column profile:DBProfile.DISK for Table:keyTable
2019-06-13 19:13:38,519 INFO  db.DBStoreBuilder (DBStoreBuilder.java:addTable(110)) - using custom profile for table: deletedTable
2019-06-13 19:13:38,519 INFO  db.DBStoreBuilder (DBStoreBuilder.java:processTables(161)) - Using default column profile:DBProfile.DISK for Table:deletedTable
2019-06-13 19:13:38,519 INFO  db.DBStoreBuilder (DBStoreBuilder.java:addTable(110)) - using custom profile for table: openKeyTable
2019-06-13 19:13:38,519 INFO  db.DBStoreBuilder (DBStoreBuilder.java:processTables(161)) - Using default column profile:DBProfile.DISK for Table:openKeyTable
2019-06-13 19:13:38,520 INFO  db.DBStoreBuilder (DBStoreBuilder.java:addTable(110)) - using custom profile for table: s3Table
2019-06-13 19:13:38,520 INFO  db.DBStoreBuilder (DBStoreBuilder.java:processTables(161)) - Using default column profile:DBProfile.DISK for Table:s3Table
2019-06-13 19:13:38,520 INFO  db.DBStoreBuilder (DBStoreBuilder.java:addTable(110)) - using custom profile for table: multipartInfoTable
2019-06-13 19:13:38,520 INFO  db.DBStoreBuilder (DBStoreBuilder.java:processTables(161)) - Using default column profile:DBProfile.DISK for Table:multipartInfoTable
2019-06-13 19:13:38,521 INFO  db.DBStoreBuilder (DBStoreBuilder.java:addTable(110)) - using custom profile for table: dTokenTable
2019-06-13 19:13:38,521 INFO  db.DBStoreBuilder (DBStoreBuilder.java:processTables(161)) - Using default column profile:DBProfile.DISK for Table:dTokenTable
2019-06-13 19:13:38,521 INFO  db.DBStoreBuilder (DBStoreBuilder.java:addTable(110)) - using custom profile for table: s3SecretTable
2019-06-13 19:13:38,521 INFO  db.DBStoreBuilder (DBStoreBuilder.java:processTables(161)) - Using default column profile:DBProfile.DISK for Table:s3SecretTable
2019-06-13 19:13:38,522 INFO  db.DBStoreBuilder (DBStoreBuilder.java:addTable(110)) - using custom profile for table: prefixTable
2019-06-13 19:13:38,522 INFO  db.DBStoreBuilder (DBStoreBuilder.java:processTables(161)) - Using default column profile:DBProfile.DISK for Table:prefixTable
2019-06-13 19:13:38,522 INFO  db.DBStoreBuilder (DBStoreBuilder.java:addTable(110)) - using custom profile for table: default
2019-06-13 19:13:38,522 INFO  db.DBStoreBuilder (DBStoreBuilder.java:processTables(167)) - Using default column profile:DBProfile.DISK for Table:default
2019-06-13 19:13:38,523 INFO  db.DBStoreBuilder (DBStoreBuilder.java:getDbProfile(198)) - Using default options. DBProfile.DISK
2019-06-13 19:13:39,235 INFO  ipc.CallQueueManager (CallQueueManager.java:<init>(84)) - Using callQueue: class java.util.concurrent.LinkedBlockingQueue, queueCapacity: 2000, scheduler: class org.apache.hadoop.ipc.DefaultRpcScheduler, ipcBackoff: false.
2019-06-13 19:13:39,245 INFO  ipc.Server (Server.java:run(1074)) - Starting Socket Reader #1 for port 42937
2019-06-13 19:13:39,267 WARN  scm.ScmUtils (ScmUtils.java:getDBPath(63)) - ozone.om.db.dirs is not configured. We recommend adding this setting. Falling back to ozone.metadata.dirs instead.
2019-06-13 19:13:39,267 INFO  om.OzoneManager (OzoneManager.java:start(1217)) - OzoneManager RPC server is listening at localhost/127.0.0.1:42937
2019-06-13 19:13:39,268 INFO  impl.MetricsSystemImpl (MetricsSystemImpl.java:init(158)) - OzoneManager metrics system started (again)
2019-06-13 19:13:39,269 INFO  ipc.Server (Server.java:run(1314)) - IPC Server Responder: starting
2019-06-13 19:13:39,278 INFO  ipc.Server (Server.java:run(1153)) - IPC Server listener on 42937: starting
2019-06-13 19:13:39,308 INFO  hdfs.DFSUtil (DFSUtil.java:httpServerTemplateForNNAndJN(1641)) - Starting Web-server for ozoneManager at: http://0.0.0.0:0
2019-06-13 19:13:39,309 INFO  server.AuthenticationFilter (AuthenticationFilter.java:constructSecretProvider(240)) - Unable to initialize FileSignerSecretProvider, falling back to use random secrets.
2019-06-13 19:13:39,313 WARN  http.HttpRequestLog (HttpRequestLog.java:getRequestLog(97)) - Jetty request log can only be enabled using Log4j
2019-06-13 19:13:39,315 INFO  http.HttpServer2 (HttpServer2.java:addGlobalFilter(975)) - Added global filter 'safety' (class=org.apache.hadoop.http.HttpServer2$QuotingInputFilter)
2019-06-13 19:13:39,316 INFO  http.HttpServer2 (HttpServer2.java:addFilter(948)) - Added filter static_user_filter (class=org.apache.hadoop.http.lib.StaticUserWebFilter$StaticUserFilter) to context ozoneManager
2019-06-13 19:13:39,317 INFO  http.HttpServer2 (HttpServer2.java:addFilter(958)) - Added filter static_user_filter (class=org.apache.hadoop.http.lib.StaticUserWebFilter$StaticUserFilter) to context logs
2019-06-13 19:13:39,317 INFO  http.HttpServer2 (HttpServer2.java:addFilter(958)) - Added filter static_user_filter (class=org.apache.hadoop.http.lib.StaticUserWebFilter$StaticUserFilter) to context static
2019-06-13 19:13:39,319 INFO  http.HttpServer2 (HttpServer2.java:bindListener(1191)) - Jetty bound to port 33885
2019-06-13 19:13:39,319 INFO  server.Server (Server.java:doStart(351)) - jetty-9.3.24.v20180605, build timestamp: 2018-06-05T17:11:56Z, git hash: 84205aa28f11a4f31f2a3b86d1bba2cc8ab69827
2019-06-13 19:13:39,322 INFO  handler.ContextHandler (ContextHandler.java:doStart(781)) - Started o.e.j.s.ServletContextHandler@30feffc{/logs,file:///opt/src/hadoop-ozone/integration-test/target/log,AVAILABLE}
2019-06-13 19:13:39,323 INFO  handler.ContextHandler (ContextHandler.java:doStart(781)) - Started o.e.j.s.ServletContextHandler@bcb09a6{/static,file:///opt/src/hadoop-ozone/integration-test/target/test-classes/webapps/static,AVAILABLE}
2019-06-13 19:13:39,327 INFO  handler.ContextHandler (ContextHandler.java:doStart(781)) - Started o.e.j.w.WebAppContext@63429932{/,file:///opt/src/hadoop-ozone/integration-test/target/test-classes/webapps/ozoneManager/,AVAILABLE}{/ozoneManager}
2019-06-13 19:13:39,327 INFO  server.AbstractConnector (AbstractConnector.java:doStart(278)) - Started ServerConnector@69ce2f62{HTTP/1.1,[http/1.1]}{0.0.0.0:33885}
2019-06-13 19:13:39,328 INFO  server.Server (Server.java:doStart(419)) - Started @3774ms
2019-06-13 19:13:39,328 INFO  server.BaseHttpServer (BaseHttpServer.java:updateConnectorAddress(207)) - HTTP server of OZONEMANAGER is listening at http://0.0.0.0:33885
2019-06-13 19:13:39,480 INFO  impl.MetricsSystemImpl (MetricsSystemImpl.java:init(158)) - HddsDatanode metrics system started (again)
2019-06-13 19:13:39,643 INFO  ozone.HddsDatanodeService (HddsDatanodeService.java:start(185)) - HddsDatanodeService host:ozone-ld922-666477418 ip:192.168.46.41
2019-06-13 19:13:39,684 INFO  volume.HddsVolume (HddsVolume.java:<init>(176)) - Creating Volume: /opt/src/hadoop-ozone/integration-test/target/test-dir/MiniOzoneClusterImpl-a42d3b4b-e56b-4764-8008-ba5e6c1f637d/datanode-0/data/containers/hdds of  storage type : DISK and capacity : 104021790720
2019-06-13 19:13:39,687 INFO  volume.VolumeSet (VolumeSet.java:initializeVolumeSet(170)) - Added Volume : /opt/src/hadoop-ozone/integration-test/target/test-dir/MiniOzoneClusterImpl-a42d3b4b-e56b-4764-8008-ba5e6c1f637d/datanode-0/data/containers/hdds to VolumeSet
2019-06-13 19:13:39,690 INFO  volume.ThrottledAsyncChecker (ThrottledAsyncChecker.java:schedule(140)) - Scheduling a check for org.apache.hadoop.ozone.container.common.volume.HddsVolume@56f71edb
2019-06-13 19:13:39,716 INFO  volume.HddsVolumeChecker (HddsVolumeChecker.java:checkAllVolumes(203)) - Scheduled health check for volume org.apache.hadoop.ozone.container.common.volume.HddsVolume@56f71edb
2019-06-13 19:13:39,762 INFO  ratis.XceiverServerRatis (XceiverServerRatis.java:newXceiverServerRatis(401)) - Found a free port for the server : 36831
2019-06-13 19:13:39,828 INFO  impl.RaftServerProxy (ConfUtils.java:logGet(43)) - raft.rpc.type = GRPC (default)
2019-06-13 19:13:39,838 INFO  grpc.GrpcConfigKeys$Server (ConfUtils.java:logGet(43)) - raft.grpc.server.port = 36831 (custom)
2019-06-13 19:13:39,838 INFO  server.GrpcService (ConfUtils.java:logGet(43)) - raft.grpc.message.size.max = 33570816 (custom)
2019-06-13 19:13:39,840 INFO  server.RaftServerConfigKeys (ConfUtils.java:logGet(43)) - raft.server.log.appender.buffer.byte-limit = 33554432 (custom)
2019-06-13 19:13:39,841 INFO  server.GrpcService (ConfUtils.java:logGet(43)) - raft.grpc.flow.control.window = 1MB (=1048576) (default)
2019-06-13 19:13:39,841 INFO  server.RaftServerConfigKeys (ConfUtils.java:logGet(43)) - raft.server.rpc.request.timeout = 3000ms (default)
2019-06-13 19:13:39,999 INFO  server.RaftServerConfigKeys (ConfUtils.java:logGet(43)) - raft.server.storage.dir = [/opt/src/hadoop-ozone/integration-test/target/test-dir/MiniOzoneClusterImpl-a42d3b4b-e56b-4764-8008-ba5e6c1f637d/datanode-0/data/ratis] (custom)
2019-06-13 19:13:40,005 INFO  server.XceiverServerGrpc (XceiverServerGrpc.java:<init>(97)) - Found a free port for the server : 45519
2019-06-13 19:13:40,031 INFO  replication.SimpleContainerDownloader (SimpleContainerDownloader.java:<init>(72)) - Starting container downloader service to copy containers to replicate.
2019-06-13 19:13:40,042 INFO  hdfs.DFSUtil (DFSUtil.java:httpServerTemplateForNNAndJN(1641)) - Starting Web-server for hddsDatanode at: http://0.0.0.0:0
2019-06-13 19:13:40,044 INFO  server.AuthenticationFilter (AuthenticationFilter.java:constructSecretProvider(240)) - Unable to initialize FileSignerSecretProvider, falling back to use random secrets.
2019-06-13 19:13:40,044 WARN  http.HttpRequestLog (HttpRequestLog.java:getRequestLog(97)) - Jetty request log can only be enabled using Log4j
2019-06-13 19:13:40,045 INFO  http.HttpServer2 (HttpServer2.java:addGlobalFilter(975)) - Added global filter 'safety' (class=org.apache.hadoop.http.HttpServer2$QuotingInputFilter)
2019-06-13 19:13:40,046 INFO  http.HttpServer2 (HttpServer2.java:addFilter(948)) - Added filter static_user_filter (class=org.apache.hadoop.http.lib.StaticUserWebFilter$StaticUserFilter) to context hddsDatanode
2019-06-13 19:13:40,046 INFO  http.HttpServer2 (HttpServer2.java:addFilter(958)) - Added filter static_user_filter (class=org.apache.hadoop.http.lib.StaticUserWebFilter$StaticUserFilter) to context logs
2019-06-13 19:13:40,047 INFO  http.HttpServer2 (HttpServer2.java:addFilter(958)) - Added filter static_user_filter (class=org.apache.hadoop.http.lib.StaticUserWebFilter$StaticUserFilter) to context static
2019-06-13 19:13:40,047 INFO  http.HttpServer2 (HttpServer2.java:bindListener(1191)) - Jetty bound to port 45519
2019-06-13 19:13:40,047 INFO  server.Server (Server.java:doStart(351)) - jetty-9.3.24.v20180605, build timestamp: 2018-06-05T17:11:56Z, git hash: 84205aa28f11a4f31f2a3b86d1bba2cc8ab69827
2019-06-13 19:13:40,049 INFO  handler.ContextHandler (ContextHandler.java:doStart(781)) - Started o.e.j.s.ServletContextHandler@260a3a5e{/logs,file:///opt/src/hadoop-ozone/integration-test/target/log,AVAILABLE}
2019-06-13 19:13:40,052 INFO  handler.ContextHandler (ContextHandler.java:doStart(781)) - Started o.e.j.s.ServletContextHandler@3c0bbc9f{/static,jar:file:/root/.m2/repository/org/apache/hadoop/hadoop-hdds-container-service/0.5.0-SNAPSHOT/hadoop-hdds-container-service-0.5.0-SNAPSHOT.jar!/webapps/static,AVAILABLE}
2019-06-13 19:13:40,086 INFO  handler.ContextHandler (ContextHandler.java:doStart(781)) - Started o.e.j.w.WebAppContext@1640190a{/,file:///tmp/jetty-0.0.0.0-45519-hddsDatanode-_-any-799360129426979670.dir/webapp/,AVAILABLE}{/hddsDatanode}
2019-06-13 19:13:40,090 INFO  server.AbstractConnector (AbstractConnector.java:doStart(278)) - Started ServerConnector@2a2843ec{HTTP/1.1,[http/1.1]}{0.0.0.0:45519}
2019-06-13 19:13:40,090 INFO  server.Server (Server.java:doStart(419)) - Started @4536ms
2019-06-13 19:13:40,091 INFO  server.BaseHttpServer (BaseHttpServer.java:updateConnectorAddress(207)) - HTTP server of HDDSDATANODE is listening at http://0.0.0.0:45519
2019-06-13 19:13:41,068 INFO  ozone.HddsDatanodeService (HddsDatanodeService.java:startPlugins(396)) - Started plug-in org.apache.hadoop.ozone.web.OzoneHddsDatanodeService@575cabf0
2019-06-13 19:13:41,069 INFO  impl.MetricsSystemImpl (MetricsSystemImpl.java:init(158)) - HddsDatanode metrics system started (again)
2019-06-13 19:13:41,070 INFO  ozone.HddsDatanodeService (HddsDatanodeService.java:start(185)) - HddsDatanodeService host:ozone-ld922-666477418 ip:192.168.46.41
2019-06-13 19:13:41,087 INFO  volume.HddsVolume (HddsVolume.java:<init>(176)) - Creating Volume: /opt/src/hadoop-ozone/integration-test/target/test-dir/MiniOzoneClusterImpl-a42d3b4b-e56b-4764-8008-ba5e6c1f637d/datanode-1/data/containers/hdds of  storage type : DISK and capacity : 104021790720
2019-06-13 19:13:41,087 INFO  volume.VolumeSet (VolumeSet.java:initializeVolumeSet(170)) - Added Volume : /opt/src/hadoop-ozone/integration-test/target/test-dir/MiniOzoneClusterImpl-a42d3b4b-e56b-4764-8008-ba5e6c1f637d/datanode-1/data/containers/hdds to VolumeSet
2019-06-13 19:13:41,087 INFO  volume.ThrottledAsyncChecker (ThrottledAsyncChecker.java:schedule(140)) - Scheduling a check for org.apache.hadoop.ozone.container.common.volume.HddsVolume@7f4596d0
2019-06-13 19:13:41,095 INFO  util.JvmPauseMonitor (JvmPauseMonitor.java:run(188)) - Starting JVM pause monitor
2019-06-13 19:13:41,095 INFO  volume.HddsVolumeChecker (HddsVolumeChecker.java:checkAllVolumes(203)) - Scheduled health check for volume org.apache.hadoop.ozone.container.common.volume.HddsVolume@7f4596d0
2019-06-13 19:13:41,122 INFO  ratis.XceiverServerRatis (XceiverServerRatis.java:newXceiverServerRatis(401)) - Found a free port for the server : 45421
2019-06-13 19:13:41,124 INFO  impl.RaftServerProxy (ConfUtils.java:logGet(43)) - raft.rpc.type = GRPC (default)
2019-06-13 19:13:41,124 INFO  grpc.GrpcConfigKeys$Server (ConfUtils.java:logGet(43)) - raft.grpc.server.port = 45421 (custom)
2019-06-13 19:13:41,124 INFO  server.GrpcService (ConfUtils.java:logGet(43)) - raft.grpc.message.size.max = 33570816 (custom)
2019-06-13 19:13:41,125 INFO  server.RaftServerConfigKeys (ConfUtils.java:logGet(43)) - raft.server.log.appender.buffer.byte-limit = 33554432 (custom)
2019-06-13 19:13:41,125 INFO  server.GrpcService (ConfUtils.java:logGet(43)) - raft.grpc.flow.control.window = 1MB (=1048576) (default)
2019-06-13 19:13:41,125 INFO  server.RaftServerConfigKeys (ConfUtils.java:logGet(43)) - raft.server.rpc.request.timeout = 3000ms (default)
2019-06-13 19:13:41,126 INFO  server.RaftServerConfigKeys (ConfUtils.java:logGet(43)) - raft.server.storage.dir = [/opt/src/hadoop-ozone/integration-test/target/test-dir/MiniOzoneClusterImpl-a42d3b4b-e56b-4764-8008-ba5e6c1f637d/datanode-1/data/ratis] (custom)
2019-06-13 19:13:41,126 INFO  server.XceiverServerGrpc (XceiverServerGrpc.java:<init>(97)) - Found a free port for the server : 45893
2019-06-13 19:13:41,127 INFO  replication.SimpleContainerDownloader (SimpleContainerDownloader.java:<init>(72)) - Starting container downloader service to copy containers to replicate.
2019-06-13 19:13:41,130 INFO  hdfs.DFSUtil (DFSUtil.java:httpServerTemplateForNNAndJN(1641)) - Starting Web-server for hddsDatanode at: http://0.0.0.0:0
2019-06-13 19:13:41,131 INFO  server.AuthenticationFilter (AuthenticationFilter.java:constructSecretProvider(240)) - Unable to initialize FileSignerSecretProvider, falling back to use random secrets.
2019-06-13 19:13:41,132 WARN  http.HttpRequestLog (HttpRequestLog.java:getRequestLog(97)) - Jetty request log can only be enabled using Log4j
2019-06-13 19:13:41,134 INFO  http.HttpServer2 (HttpServer2.java:addGlobalFilter(975)) - Added global filter 'safety' (class=org.apache.hadoop.http.HttpServer2$QuotingInputFilter)
2019-06-13 19:13:41,134 INFO  http.HttpServer2 (HttpServer2.java:addFilter(948)) - Added filter static_user_filter (class=org.apache.hadoop.http.lib.StaticUserWebFilter$StaticUserFilter) to context hddsDatanode
2019-06-13 19:13:41,134 INFO  http.HttpServer2 (HttpServer2.java:addFilter(958)) - Added filter static_user_filter (class=org.apache.hadoop.http.lib.StaticUserWebFilter$StaticUserFilter) to context logs
2019-06-13 19:13:41,135 INFO  http.HttpServer2 (HttpServer2.java:addFilter(958)) - Added filter static_user_filter (class=org.apache.hadoop.http.lib.StaticUserWebFilter$StaticUserFilter) to context static
2019-06-13 19:13:41,135 INFO  http.HttpServer2 (HttpServer2.java:bindListener(1191)) - Jetty bound to port 35287
2019-06-13 19:13:41,135 INFO  server.Server (Server.java:doStart(351)) - jetty-9.3.24.v20180605, build timestamp: 2018-06-05T17:11:56Z, git hash: 84205aa28f11a4f31f2a3b86d1bba2cc8ab69827
2019-06-13 19:13:41,143 INFO  handler.ContextHandler (ContextHandler.java:doStart(781)) - Started o.e.j.s.ServletContextHandler@412c5e8b{/logs,file:///opt/src/hadoop-ozone/integration-test/target/log,AVAILABLE}
2019-06-13 19:13:41,146 INFO  handler.ContextHandler (ContextHandler.java:doStart(781)) - Started o.e.j.s.ServletContextHandler@3b0c3951{/static,jar:file:/root/.m2/repository/org/apache/hadoop/hadoop-hdds-container-service/0.5.0-SNAPSHOT/hadoop-hdds-container-service-0.5.0-SNAPSHOT.jar!/webapps/static,AVAILABLE}
2019-06-13 19:13:41,182 INFO  handler.ContextHandler (ContextHandler.java:doStart(781)) - Started o.e.j.w.WebAppContext@1e01b133{/,file:///tmp/jetty-0.0.0.0-35287-hddsDatanode-_-any-6224660346548601128.dir/webapp/,AVAILABLE}{/hddsDatanode}
2019-06-13 19:13:41,183 INFO  server.AbstractConnector (AbstractConnector.java:doStart(278)) - Started ServerConnector@262a1fad{HTTP/1.1,[http/1.1]}{0.0.0.0:35287}
2019-06-13 19:13:41,183 INFO  server.Server (Server.java:doStart(419)) - Started @5629ms
2019-06-13 19:13:41,190 INFO  server.BaseHttpServer (BaseHttpServer.java:updateConnectorAddress(207)) - HTTP server of HDDSDATANODE is listening at http://0.0.0.0:35287
2019-06-13 19:13:41,229 INFO  datanode.InitDatanodeState (InitDatanodeState.java:persistContainerDatanodeDetails(140)) - DatanodeDetails is persisted to /opt/src/hadoop-ozone/integration-test/target/test-dir/MiniOzoneClusterImpl-a42d3b4b-e56b-4764-8008-ba5e6c1f637d/datanode-0/meta/datanode.id
2019-06-13 19:13:41,386 INFO  ozone.HddsDatanodeService (HddsDatanodeService.java:startPlugins(396)) - Started plug-in org.apache.hadoop.ozone.web.OzoneHddsDatanodeService@2c1f8dbd
2019-06-13 19:13:41,392 INFO  impl.MetricsSystemImpl (MetricsSystemImpl.java:init(158)) - HddsDatanode metrics system started (again)
2019-06-13 19:13:41,392 INFO  ozone.HddsDatanodeService (HddsDatanodeService.java:start(185)) - HddsDatanodeService host:ozone-ld922-666477418 ip:192.168.46.41
2019-06-13 19:13:41,435 INFO  util.JvmPauseMonitor (JvmPauseMonitor.java:run(188)) - Starting JVM pause monitor
2019-06-13 19:13:41,441 INFO  volume.HddsVolume (HddsVolume.java:<init>(176)) - Creating Volume: /opt/src/hadoop-ozone/integration-test/target/test-dir/MiniOzoneClusterImpl-a42d3b4b-e56b-4764-8008-ba5e6c1f637d/datanode-2/data/containers/hdds of  storage type : DISK and capacity : 104021790720
2019-06-13 19:13:41,442 INFO  volume.VolumeSet (VolumeSet.java:initializeVolumeSet(170)) - Added Volume : /opt/src/hadoop-ozone/integration-test/target/test-dir/MiniOzoneClusterImpl-a42d3b4b-e56b-4764-8008-ba5e6c1f637d/datanode-2/data/containers/hdds to VolumeSet
2019-06-13 19:13:41,442 INFO  volume.ThrottledAsyncChecker (ThrottledAsyncChecker.java:schedule(140)) - Scheduling a check for org.apache.hadoop.ozone.container.common.volume.HddsVolume@2d258eff
2019-06-13 19:13:41,449 INFO  volume.HddsVolumeChecker (HddsVolumeChecker.java:checkAllVolumes(203)) - Scheduled health check for volume org.apache.hadoop.ozone.container.common.volume.HddsVolume@2d258eff
2019-06-13 19:13:41,445 INFO  datanode.InitDatanodeState (InitDatanodeState.java:persistContainerDatanodeDetails(140)) - DatanodeDetails is persisted to /opt/src/hadoop-ozone/integration-test/target/test-dir/MiniOzoneClusterImpl-a42d3b4b-e56b-4764-8008-ba5e6c1f637d/datanode-1/meta/datanode.id
2019-06-13 19:13:41,460 INFO  ratis.XceiverServerRatis (XceiverServerRatis.java:newXceiverServerRatis(401)) - Found a free port for the server : 42603
2019-06-13 19:13:41,462 INFO  impl.RaftServerProxy (ConfUtils.java:logGet(43)) - raft.rpc.type = GRPC (default)
2019-06-13 19:13:41,463 INFO  grpc.GrpcConfigKeys$Server (ConfUtils.java:logGet(43)) - raft.grpc.server.port = 42603 (custom)
2019-06-13 19:13:41,463 INFO  server.GrpcService (ConfUtils.java:logGet(43)) - raft.grpc.message.size.max = 33570816 (custom)
2019-06-13 19:13:41,463 INFO  server.RaftServerConfigKeys (ConfUtils.java:logGet(43)) - raft.server.log.appender.buffer.byte-limit = 33554432 (custom)
2019-06-13 19:13:41,464 INFO  server.GrpcService (ConfUtils.java:logGet(43)) - raft.grpc.flow.control.window = 1MB (=1048576) (default)
2019-06-13 19:13:41,464 INFO  server.RaftServerConfigKeys (ConfUtils.java:logGet(43)) - raft.server.rpc.request.timeout = 3000ms (default)
2019-06-13 19:13:41,465 INFO  server.RaftServerConfigKeys (ConfUtils.java:logGet(43)) - raft.server.storage.dir = [/opt/src/hadoop-ozone/integration-test/target/test-dir/MiniOzoneClusterImpl-a42d3b4b-e56b-4764-8008-ba5e6c1f637d/datanode-2/data/ratis] (custom)
2019-06-13 19:13:41,465 INFO  server.XceiverServerGrpc (XceiverServerGrpc.java:<init>(97)) - Found a free port for the server : 38031
2019-06-13 19:13:41,466 INFO  replication.SimpleContainerDownloader (SimpleContainerDownloader.java:<init>(72)) - Starting container downloader service to copy containers to replicate.
2019-06-13 19:13:41,467 INFO  hdfs.DFSUtil (DFSUtil.java:httpServerTemplateForNNAndJN(1641)) - Starting Web-server for hddsDatanode at: http://0.0.0.0:0
2019-06-13 19:13:41,469 INFO  server.AuthenticationFilter (AuthenticationFilter.java:constructSecretProvider(240)) - Unable to initialize FileSignerSecretProvider, falling back to use random secrets.
2019-06-13 19:13:41,469 WARN  http.HttpRequestLog (HttpRequestLog.java:getRequestLog(97)) - Jetty request log can only be enabled using Log4j
2019-06-13 19:13:41,471 INFO  http.HttpServer2 (HttpServer2.java:addGlobalFilter(975)) - Added global filter 'safety' (class=org.apache.hadoop.http.HttpServer2$QuotingInputFilter)
2019-06-13 19:13:41,471 INFO  http.HttpServer2 (HttpServer2.java:addFilter(948)) - Added filter static_user_filter (class=org.apache.hadoop.http.lib.StaticUserWebFilter$StaticUserFilter) to context hddsDatanode
2019-06-13 19:13:41,472 INFO  http.HttpServer2 (HttpServer2.java:addFilter(958)) - Added filter static_user_filter (class=org.apache.hadoop.http.lib.StaticUserWebFilter$StaticUserFilter) to context logs
2019-06-13 19:13:41,472 INFO  http.HttpServer2 (HttpServer2.java:addFilter(958)) - Added filter static_user_filter (class=org.apache.hadoop.http.lib.StaticUserWebFilter$StaticUserFilter) to context static
2019-06-13 19:13:41,472 INFO  http.HttpServer2 (HttpServer2.java:bindListener(1191)) - Jetty bound to port 38231
2019-06-13 19:13:41,472 INFO  server.Server (Server.java:doStart(351)) - jetty-9.3.24.v20180605, build timestamp: 2018-06-05T17:11:56Z, git hash: 84205aa28f11a4f31f2a3b86d1bba2cc8ab69827
2019-06-13 19:13:41,475 INFO  handler.ContextHandler (ContextHandler.java:doStart(781)) - Started o.e.j.s.ServletContextHandler@ab2e6d2{/logs,file:///opt/src/hadoop-ozone/integration-test/target/log,AVAILABLE}
2019-06-13 19:13:41,476 INFO  handler.ContextHandler (ContextHandler.java:doStart(781)) - Started o.e.j.s.ServletContextHandler@4d4436d0{/static,jar:file:/root/.m2/repository/org/apache/hadoop/hadoop-hdds-container-service/0.5.0-SNAPSHOT/hadoop-hdds-container-service-0.5.0-SNAPSHOT.jar!/webapps/static,AVAILABLE}
2019-06-13 19:13:41,499 INFO  handler.ContextHandler (ContextHandler.java:doStart(781)) - Started o.e.j.w.WebAppContext@481b2f10{/,file:///tmp/jetty-0.0.0.0-38231-hddsDatanode-_-any-4760981977266093327.dir/webapp/,AVAILABLE}{/hddsDatanode}
2019-06-13 19:13:41,500 INFO  server.AbstractConnector (AbstractConnector.java:doStart(278)) - Started ServerConnector@24406a85{HTTP/1.1,[http/1.1]}{0.0.0.0:38231}
2019-06-13 19:13:41,500 INFO  server.Server (Server.java:doStart(419)) - Started @5946ms
2019-06-13 19:13:41,501 INFO  server.BaseHttpServer (BaseHttpServer.java:updateConnectorAddress(207)) - HTTP server of HDDSDATANODE is listening at http://0.0.0.0:38231
2019-06-13 19:13:41,628 INFO  ozone.HddsDatanodeService (HddsDatanodeService.java:startPlugins(396)) - Started plug-in org.apache.hadoop.ozone.web.OzoneHddsDatanodeService@3086f480
2019-06-13 19:13:41,629 INFO  impl.MetricsSystemImpl (MetricsSystemImpl.java:init(158)) - HddsDatanode metrics system started (again)
2019-06-13 19:13:41,629 INFO  ozone.HddsDatanodeService (HddsDatanodeService.java:start(185)) - HddsDatanodeService host:ozone-ld922-666477418 ip:192.168.46.41
2019-06-13 19:13:41,633 INFO  util.JvmPauseMonitor (JvmPauseMonitor.java:run(188)) - Starting JVM pause monitor
2019-06-13 19:13:41,646 INFO  datanode.InitDatanodeState (InitDatanodeState.java:persistContainerDatanodeDetails(140)) - DatanodeDetails is persisted to /opt/src/hadoop-ozone/integration-test/target/test-dir/MiniOzoneClusterImpl-a42d3b4b-e56b-4764-8008-ba5e6c1f637d/datanode-2/meta/datanode.id
2019-06-13 19:13:41,657 INFO  volume.HddsVolume (HddsVolume.java:<init>(176)) - Creating Volume: /opt/src/hadoop-ozone/integration-test/target/test-dir/MiniOzoneClusterImpl-a42d3b4b-e56b-4764-8008-ba5e6c1f637d/datanode-3/data/containers/hdds of  storage type : DISK and capacity : 104021790720
2019-06-13 19:13:41,658 INFO  volume.VolumeSet (VolumeSet.java:initializeVolumeSet(170)) - Added Volume : /opt/src/hadoop-ozone/integration-test/target/test-dir/MiniOzoneClusterImpl-a42d3b4b-e56b-4764-8008-ba5e6c1f637d/datanode-3/data/containers/hdds to VolumeSet
2019-06-13 19:13:41,658 INFO  volume.ThrottledAsyncChecker (ThrottledAsyncChecker.java:schedule(140)) - Scheduling a check for org.apache.hadoop.ozone.container.common.volume.HddsVolume@662be9f7
2019-06-13 19:13:41,662 INFO  volume.HddsVolumeChecker (HddsVolumeChecker.java:checkAllVolumes(203)) - Scheduled health check for volume org.apache.hadoop.ozone.container.common.volume.HddsVolume@662be9f7
2019-06-13 19:13:41,674 INFO  ratis.XceiverServerRatis (XceiverServerRatis.java:newXceiverServerRatis(401)) - Found a free port for the server : 38913
2019-06-13 19:13:41,675 INFO  impl.RaftServerProxy (ConfUtils.java:logGet(43)) - raft.rpc.type = GRPC (default)
2019-06-13 19:13:41,675 INFO  grpc.GrpcConfigKeys$Server (ConfUtils.java:logGet(43)) - raft.grpc.server.port = 38913 (custom)
2019-06-13 19:13:41,675 INFO  server.GrpcService (ConfUtils.java:logGet(43)) - raft.grpc.message.size.max = 33570816 (custom)
2019-06-13 19:13:41,675 INFO  server.RaftServerConfigKeys (ConfUtils.java:logGet(43)) - raft.server.log.appender.buffer.byte-limit = 33554432 (custom)
2019-06-13 19:13:41,676 INFO  server.GrpcService (ConfUtils.java:logGet(43)) - raft.grpc.flow.control.window = 1MB (=1048576) (default)
2019-06-13 19:13:41,676 INFO  server.RaftServerConfigKeys (ConfUtils.java:logGet(43)) - raft.server.rpc.request.timeout = 3000ms (default)
2019-06-13 19:13:41,676 INFO  server.RaftServerConfigKeys (ConfUtils.java:logGet(43)) - raft.server.storage.dir = [/opt/src/hadoop-ozone/integration-test/target/test-dir/MiniOzoneClusterImpl-a42d3b4b-e56b-4764-8008-ba5e6c1f637d/datanode-3/data/ratis] (custom)
2019-06-13 19:13:41,677 INFO  server.XceiverServerGrpc (XceiverServerGrpc.java:<init>(97)) - Found a free port for the server : 33979
2019-06-13 19:13:41,677 INFO  replication.SimpleContainerDownloader (SimpleContainerDownloader.java:<init>(72)) - Starting container downloader service to copy containers to replicate.
2019-06-13 19:13:41,678 INFO  hdfs.DFSUtil (DFSUtil.java:httpServerTemplateForNNAndJN(1641)) - Starting Web-server for hddsDatanode at: http://0.0.0.0:0
2019-06-13 19:13:41,679 INFO  server.AuthenticationFilter (AuthenticationFilter.java:constructSecretProvider(240)) - Unable to initialize FileSignerSecretProvider, falling back to use random secrets.
2019-06-13 19:13:41,680 WARN  http.HttpRequestLog (HttpRequestLog.java:getRequestLog(97)) - Jetty request log can only be enabled using Log4j
2019-06-13 19:13:41,681 INFO  http.HttpServer2 (HttpServer2.java:addGlobalFilter(975)) - Added global filter 'safety' (class=org.apache.hadoop.http.HttpServer2$QuotingInputFilter)
2019-06-13 19:13:41,682 INFO  http.HttpServer2 (HttpServer2.java:addFilter(948)) - Added filter static_user_filter (class=org.apache.hadoop.http.lib.StaticUserWebFilter$StaticUserFilter) to context hddsDatanode
2019-06-13 19:13:41,682 INFO  http.HttpServer2 (HttpServer2.java:addFilter(958)) - Added filter static_user_filter (class=org.apache.hadoop.http.lib.StaticUserWebFilter$StaticUserFilter) to context logs
2019-06-13 19:13:41,682 INFO  http.HttpServer2 (HttpServer2.java:addFilter(958)) - Added filter static_user_filter (class=org.apache.hadoop.http.lib.StaticUserWebFilter$StaticUserFilter) to context static
2019-06-13 19:13:41,682 INFO  http.HttpServer2 (HttpServer2.java:bindListener(1191)) - Jetty bound to port 35809
2019-06-13 19:13:41,682 INFO  server.Server (Server.java:doStart(351)) - jetty-9.3.24.v20180605, build timestamp: 2018-06-05T17:11:56Z, git hash: 84205aa28f11a4f31f2a3b86d1bba2cc8ab69827
2019-06-13 19:13:41,690 INFO  handler.ContextHandler (ContextHandler.java:doStart(781)) - Started o.e.j.s.ServletContextHandler@632b305d{/logs,file:///opt/src/hadoop-ozone/integration-test/target/log,AVAILABLE}
2019-06-13 19:13:41,691 INFO  handler.ContextHandler (ContextHandler.java:doStart(781)) - Started o.e.j.s.ServletContextHandler@57fdb8a4{/static,jar:file:/root/.m2/repository/org/apache/hadoop/hadoop-hdds-container-service/0.5.0-SNAPSHOT/hadoop-hdds-container-service-0.5.0-SNAPSHOT.jar!/webapps/static,AVAILABLE}
2019-06-13 19:13:41,721 INFO  handler.ContextHandler (ContextHandler.java:doStart(781)) - Started o.e.j.w.WebAppContext@31b0f02{/,file:///tmp/jetty-0.0.0.0-35809-hddsDatanode-_-any-5610802358894098772.dir/webapp/,AVAILABLE}{/hddsDatanode}
2019-06-13 19:13:41,721 INFO  server.AbstractConnector (AbstractConnector.java:doStart(278)) - Started ServerConnector@19ae2ee5{HTTP/1.1,[http/1.1]}{0.0.0.0:35809}
2019-06-13 19:13:41,722 INFO  server.Server (Server.java:doStart(419)) - Started @6168ms
2019-06-13 19:13:41,723 INFO  server.BaseHttpServer (BaseHttpServer.java:updateConnectorAddress(207)) - HTTP server of HDDSDATANODE is listening at http://0.0.0.0:35809
2019-06-13 19:13:41,863 INFO  ozone.HddsDatanodeService (HddsDatanodeService.java:startPlugins(396)) - Started plug-in org.apache.hadoop.ozone.web.OzoneHddsDatanodeService@281b2dfd
2019-06-13 19:13:41,864 INFO  ozone.MiniOzoneClusterImpl (MiniOzoneClusterImpl.java:lambda$waitForClusterToBeReady$0(142)) - Waiting for cluster to be ready. Got 0 of 4 DN Heartbeats.
2019-06-13 19:13:41,897 INFO  util.JvmPauseMonitor (JvmPauseMonitor.java:run(188)) - Starting JVM pause monitor
2019-06-13 19:13:41,901 INFO  datanode.InitDatanodeState (InitDatanodeState.java:persistContainerDatanodeDetails(140)) - DatanodeDetails is persisted to /opt/src/hadoop-ozone/integration-test/target/test-dir/MiniOzoneClusterImpl-a42d3b4b-e56b-4764-8008-ba5e6c1f637d/datanode-3/meta/datanode.id
2019-06-13 19:13:42,865 INFO  ozone.MiniOzoneClusterImpl (MiniOzoneClusterImpl.java:lambda$waitForClusterToBeReady$0(142)) - Waiting for cluster to be ready. Got 0 of 4 DN Heartbeats.
2019-06-13 19:13:43,122 INFO  ozoneimpl.OzoneContainer (OzoneContainer.java:start(186)) - Attempting to start container services.
2019-06-13 19:13:43,124 INFO  ozoneimpl.OzoneContainer (OzoneContainer.java:startContainerScrub(160)) - Background container scrubber has been disabled by hdds.containerscrub.enabled
2019-06-13 19:13:43,124 INFO  ratis.XceiverServerRatis (XceiverServerRatis.java:start(418)) - Starting XceiverServerRatis fbfd3c31-c9c7-4eb2-a92d-cf8b1576993a at port 36831
2019-06-13 19:13:43,191 INFO  impl.RaftServerProxy (RaftServerProxy.java:lambda$start$3(299)) - fbfd3c31-c9c7-4eb2-a92d-cf8b1576993a: start RPC server
2019-06-13 19:13:43,325 INFO  server.GrpcService (GrpcService.java:startImpl(148)) - fbfd3c31-c9c7-4eb2-a92d-cf8b1576993a: GrpcService started, listening on 0.0.0.0/0.0.0.0:36831
2019-06-13 19:13:43,329 ERROR statemachine.EndpointStateMachine (EndpointStateMachine.java:logIfNeeded(204)) - Unable to communicate to SCM server at 0.0.0.0:34963 for past 0 seconds.
java.io.IOException: Failed to bind
	at org.apache.ratis.thirdparty.io.grpc.netty.NettyServer.start(NettyServer.java:253)
	at org.apache.ratis.thirdparty.io.grpc.internal.ServerImpl.start(ServerImpl.java:166)
	at org.apache.ratis.thirdparty.io.grpc.internal.ServerImpl.start(ServerImpl.java:81)
	at org.apache.hadoop.ozone.container.common.transport.server.XceiverServerGrpc.start(XceiverServerGrpc.java:166)
	at org.apache.hadoop.ozone.container.ozoneimpl.OzoneContainer.start(OzoneContainer.java:189)
	at org.apache.hadoop.ozone.container.common.states.endpoint.VersionEndpointTask.call(VersionEndpointTask.java:110)
	at org.apache.hadoop.ozone.container.common.states.endpoint.VersionEndpointTask.call(VersionEndpointTask.java:42)
	at java.util.concurrent.FutureTask.run(FutureTask.java:266)
	at java.util.concurrent.Executors$RunnableAdapter.call(Executors.java:511)
	at java.util.concurrent.FutureTask.run(FutureTask.java:266)
	at java.util.concurrent.ThreadPoolExecutor.runWorker(ThreadPoolExecutor.java:1149)
	at java.util.concurrent.ThreadPoolExecutor$Worker.run(ThreadPoolExecutor.java:624)
	at java.lang.Thread.run(Thread.java:748)
Caused by: java.net.BindException: Address in use
	at sun.nio.ch.Net.bind0(Native Method)
	at sun.nio.ch.Net.bind(Net.java:433)
	at sun.nio.ch.Net.bind(Net.java:425)
	at sun.nio.ch.ServerSocketChannelImpl.bind(ServerSocketChannelImpl.java:223)
	at org.apache.ratis.thirdparty.io.netty.channel.socket.nio.NioServerSocketChannel.doBind(NioServerSocketChannel.java:130)
	at org.apache.ratis.thirdparty.io.netty.channel.AbstractChannel$AbstractUnsafe.bind(AbstractChannel.java:558)
	at org.apache.ratis.thirdparty.io.netty.channel.DefaultChannelPipeline$HeadContext.bind(DefaultChannelPipeline.java:1358)
	at org.apache.ratis.thirdparty.io.netty.channel.AbstractChannelHandlerContext.invokeBind(AbstractChannelHandlerContext.java:501)
	at org.apache.ratis.thirdparty.io.netty.channel.AbstractChannelHandlerContext.bind(AbstractChannelHandlerContext.java:486)
	at org.apache.ratis.thirdparty.io.netty.channel.DefaultChannelPipeline.bind(DefaultChannelPipeline.java:1019)
	at org.apache.ratis.thirdparty.io.netty.channel.AbstractChannel.bind(AbstractChannel.java:254)
	at org.apache.ratis.thirdparty.io.netty.bootstrap.AbstractBootstrap$2.run(AbstractBootstrap.java:366)
	at org.apache.ratis.thirdparty.io.netty.util.concurrent.AbstractEventExecutor.safeExecute(AbstractEventExecutor.java:163)
	at org.apache.ratis.thirdparty.io.netty.util.concurrent.SingleThreadEventExecutor.runAllTasks(SingleThreadEventExecutor.java:404)
	at org.apache.ratis.thirdparty.io.netty.channel.nio.NioEventLoop.run(NioEventLoop.java:462)
	at org.apache.ratis.thirdparty.io.netty.util.concurrent.SingleThreadEventExecutor$5.run(SingleThreadEventExecutor.java:897)
	at org.apache.ratis.thirdparty.io.netty.util.concurrent.FastThreadLocalRunnable.run(FastThreadLocalRunnable.java:30)
	... 1 more
2019-06-13 19:13:43,430 INFO  ozoneimpl.OzoneContainer (OzoneContainer.java:start(186)) - Attempting to start container services.
2019-06-13 19:13:43,432 INFO  ozoneimpl.OzoneContainer (OzoneContainer.java:startContainerScrub(160)) - Background container scrubber has been disabled by hdds.containerscrub.enabled
2019-06-13 19:13:43,432 INFO  ratis.XceiverServerRatis (XceiverServerRatis.java:start(418)) - Starting XceiverServerRatis 0648b2e2-fdfc-41ec-97df-bc2f9c4ea8df at port 45421
2019-06-13 19:13:43,438 INFO  impl.RaftServerProxy (RaftServerProxy.java:lambda$start$3(299)) - 0648b2e2-fdfc-41ec-97df-bc2f9c4ea8df: start RPC server
2019-06-13 19:13:43,440 INFO  server.GrpcService (GrpcService.java:startImpl(148)) - 0648b2e2-fdfc-41ec-97df-bc2f9c4ea8df: GrpcService started, listening on 0.0.0.0/0.0.0.0:45421
2019-06-13 19:13:43,639 INFO  ozoneimpl.OzoneContainer (OzoneContainer.java:start(186)) - Attempting to start container services.
2019-06-13 19:13:43,640 INFO  ozoneimpl.OzoneContainer (OzoneContainer.java:startContainerScrub(160)) - Background container scrubber has been disabled by hdds.containerscrub.enabled
2019-06-13 19:13:43,640 INFO  ratis.XceiverServerRatis (XceiverServerRatis.java:start(418)) - Starting XceiverServerRatis 74d2ffc1-745f-4c1a-9401-137b1ece8223 at port 42603
2019-06-13 19:13:43,646 INFO  impl.RaftServerProxy (RaftServerProxy.java:lambda$start$3(299)) - 74d2ffc1-745f-4c1a-9401-137b1ece8223: start RPC server
2019-06-13 19:13:43,648 INFO  server.GrpcService (GrpcService.java:startImpl(148)) - 74d2ffc1-745f-4c1a-9401-137b1ece8223: GrpcService started, listening on 0.0.0.0/0.0.0.0:42603
2019-06-13 19:13:43,865 INFO  ozone.MiniOzoneClusterImpl (MiniOzoneClusterImpl.java:lambda$waitForClusterToBeReady$0(142)) - Waiting for cluster to be ready. Got 0 of 4 DN Heartbeats.
2019-06-13 19:13:43,903 INFO  ozoneimpl.OzoneContainer (OzoneContainer.java:start(186)) - Attempting to start container services.
2019-06-13 19:13:43,904 INFO  ozoneimpl.OzoneContainer (OzoneContainer.java:startContainerScrub(160)) - Background container scrubber has been disabled by hdds.containerscrub.enabled
2019-06-13 19:13:43,904 INFO  ratis.XceiverServerRatis (XceiverServerRatis.java:start(418)) - Starting XceiverServerRatis 5f623e1f-d5a1-46cb-80d7-44327f36f2e1 at port 38913
2019-06-13 19:13:43,915 INFO  impl.RaftServerProxy (RaftServerProxy.java:lambda$start$3(299)) - 5f623e1f-d5a1-46cb-80d7-44327f36f2e1: start RPC server
2019-06-13 19:13:43,917 INFO  server.GrpcService (GrpcService.java:startImpl(148)) - 5f623e1f-d5a1-46cb-80d7-44327f36f2e1: GrpcService started, listening on 0.0.0.0/0.0.0.0:38913
2019-06-13 19:13:44,866 INFO  ozone.MiniOzoneClusterImpl (MiniOzoneClusterImpl.java:lambda$waitForClusterToBeReady$0(142)) - Waiting for cluster to be ready. Got 0 of 4 DN Heartbeats.
2019-06-13 19:13:45,094 INFO  ozoneimpl.OzoneContainer (OzoneContainer.java:start(186)) - Attempting to start container services.
2019-06-13 19:13:45,094 INFO  ozoneimpl.OzoneContainer (OzoneContainer.java:startContainerScrub(160)) - Background container scrubber has been disabled by hdds.containerscrub.enabled
2019-06-13 19:13:45,457 INFO  node.SCMNodeManager (SCMNodeManager.java:register(234)) - Registered Data node : 0648b2e2-fdfc-41ec-97df-bc2f9c4ea8df{ip: 192.168.46.41, host: ozone-ld922-666477418, networkLocation: /default-rack, certSerialId: null}
2019-06-13 19:13:45,479 INFO  safemode.SCMSafeModeManager (DataNodeSafeModeRule.java:process(71)) - SCM in safe mode. 1 DataNodes registered, 1 required.
2019-06-13 19:13:45,479 INFO  safemode.SCMSafeModeManager (SCMSafeModeManager.java:validateSafeModeExitRules(177)) - ScmSafeModeManager, all rules are successfully validated
2019-06-13 19:13:45,480 INFO  safemode.SCMSafeModeManager (SCMSafeModeManager.java:exitSafeMode(193)) - SCM exiting safe mode.
2019-06-13 19:13:45,642 INFO  node.SCMNodeManager (SCMNodeManager.java:register(234)) - Registered Data node : 74d2ffc1-745f-4c1a-9401-137b1ece8223{ip: 192.168.46.41, host: ozone-ld922-666477418, networkLocation: /default-rack, certSerialId: null}
2019-06-13 19:13:45,867 INFO  ozone.MiniOzoneClusterImpl (MiniOzoneClusterImpl.java:lambda$waitForClusterToBeReady$0(142)) - Waiting for cluster to be ready. Got 2 of 4 DN Heartbeats.
2019-06-13 19:13:45,910 INFO  node.SCMNodeManager (SCMNodeManager.java:register(234)) - Registered Data node : 5f623e1f-d5a1-46cb-80d7-44327f36f2e1{ip: 192.168.46.41, host: ozone-ld922-666477418, networkLocation: /default-rack, certSerialId: null}
2019-06-13 19:13:46,008 INFO  impl.RaftServerProxy (RaftServerProxy.java:addNew(89)) - 0648b2e2-fdfc-41ec-97df-bc2f9c4ea8df: addNew group-0258AE879100:[0648b2e2-fdfc-41ec-97df-bc2f9c4ea8df:192.168.46.41:45421] returns group-0258AE879100:java.util.concurrent.CompletableFuture@7e01c5bc[Not completed]
2019-06-13 19:13:46,025 INFO  impl.RaftServerImpl (RaftServerImpl.java:<init>(91)) - 0648b2e2-fdfc-41ec-97df-bc2f9c4ea8df: new RaftServerImpl for group-0258AE879100:[0648b2e2-fdfc-41ec-97df-bc2f9c4ea8df:192.168.46.41:45421] with ContainerStateMachine:uninitialized
2019-06-13 19:13:46,027 INFO  server.RaftServerConfigKeys (ConfUtils.java:logGet(43)) - raft.server.rpc.timeout.min = 1s (custom)
2019-06-13 19:13:46,028 INFO  server.RaftServerConfigKeys (ConfUtils.java:logGet(43)) - raft.server.rpc.timeout.max = 1200ms (custom)
2019-06-13 19:13:46,028 INFO  server.RaftServerConfigKeys (ConfUtils.java:logGet(43)) - raft.server.rpcslowness.timeout = 120s (custom)
2019-06-13 19:13:46,035 INFO  server.RaftServerConfigKeys (ConfUtils.java:logGet(43)) - raft.server.log.appender.install.snapshot.enabled = true (default)
2019-06-13 19:13:46,041 INFO  impl.RaftServerImpl (ServerState.java:<init>(101)) - 0648b2e2-fdfc-41ec-97df-bc2f9c4ea8df:group-0258AE879100 ConfigurationManager, init=-1: [0648b2e2-fdfc-41ec-97df-bc2f9c4ea8df:192.168.46.41:45421], old=null, confs=<EMPTY_MAP>
2019-06-13 19:13:46,042 INFO  server.RaftServerConfigKeys (ConfUtils.java:logGet(43)) - raft.server.storage.dir = [/opt/src/hadoop-ozone/integration-test/target/test-dir/MiniOzoneClusterImpl-a42d3b4b-e56b-4764-8008-ba5e6c1f637d/datanode-1/data/ratis] (custom)
2019-06-13 19:13:46,050 INFO  storage.RaftStorageDirectory (RaftStorageDirectory.java:analyzeStorage(246)) - The storage directory /opt/src/hadoop-ozone/integration-test/target/test-dir/MiniOzoneClusterImpl-a42d3b4b-e56b-4764-8008-ba5e6c1f637d/datanode-1/data/ratis/e18f09e2-adda-476c-b619-0258ae879100 does not exist. Creating ...
2019-06-13 19:13:46,056 INFO  storage.RaftStorageDirectory (RaftStorageDirectory.java:tryLock(328)) - Lock on /opt/src/hadoop-ozone/integration-test/target/test-dir/MiniOzoneClusterImpl-a42d3b4b-e56b-4764-8008-ba5e6c1f637d/datanode-1/data/ratis/e18f09e2-adda-476c-b619-0258ae879100/in_use.lock acquired by nodename 8850@ozone-ld922-666477418
2019-06-13 19:13:46,061 INFO  storage.RaftStorage (RaftStorage.java:format(75)) - Storage directory /opt/src/hadoop-ozone/integration-test/target/test-dir/MiniOzoneClusterImpl-a42d3b4b-e56b-4764-8008-ba5e6c1f637d/datanode-1/data/ratis/e18f09e2-adda-476c-b619-0258ae879100 has been successfully formatted.
2019-06-13 19:13:46,063 INFO  ratis.ContainerStateMachine (ContainerStateMachine.java:loadSnapshot(199)) - The snapshot info is null.Setting the last applied index to:(t:0, i:~)
2019-06-13 19:13:46,063 INFO  server.RaftServerConfigKeys (ConfUtils.java:logGet(43)) - raft.server.leader.election.timeout = 120s (custom)
2019-06-13 19:13:46,065 INFO  server.RaftServerConfigKeys (ConfUtils.java:logGet(43)) - raft.server.log.use.memory = false (default)
2019-06-13 19:13:46,069 INFO  server.RaftServerConfigKeys (ConfUtils.java:logGet(43)) - raft.server.log.appender.buffer.byte-limit = 33554432 (custom)
2019-06-13 19:13:46,073 INFO  server.RaftServerConfigKeys (ConfUtils.java:logGet(43)) - raft.server.log.segment.size.max = 16384 (custom)
2019-06-13 19:13:46,079 INFO  server.RaftServerConfigKeys (ConfUtils.java:logGet(43)) - raft.server.log.segment.cache.num.max = 2 (custom)
2019-06-13 19:13:46,082 INFO  storage.RaftLogWorker (RaftLogWorker.java:<init>(123)) - new 0648b2e2-fdfc-41ec-97df-bc2f9c4ea8df-RaftLogWorker for Storage Directory /opt/src/hadoop-ozone/integration-test/target/test-dir/MiniOzoneClusterImpl-a42d3b4b-e56b-4764-8008-ba5e6c1f637d/datanode-1/data/ratis/e18f09e2-adda-476c-b619-0258ae879100
2019-06-13 19:13:46,089 INFO  server.RaftServerConfigKeys (ConfUtils.java:logGet(43)) - raft.server.log.queue.byte-limit = 2147483647 (custom)
2019-06-13 19:13:46,090 INFO  server.RaftServerConfigKeys (ConfUtils.java:logGet(43)) - raft.server.log.queue.element-limit = 1024 (custom)
2019-06-13 19:13:46,092 INFO  server.RaftServerConfigKeys (ConfUtils.java:logGet(43)) - raft.server.log.segment.size.max = 16384 (custom)
2019-06-13 19:13:46,092 INFO  server.RaftServerConfigKeys (ConfUtils.java:logGet(43)) - raft.server.log.preallocated.size = 16384 (custom)
2019-06-13 19:13:46,093 INFO  server.RaftServerConfigKeys (ConfUtils.java:logGet(43)) - raft.server.log.write.buffer.size = 33554432 (custom)
2019-06-13 19:13:46,093 INFO  server.RaftServerConfigKeys (ConfUtils.java:logGet(43)) - raft.server.log.force.sync.num = 128 (default)
2019-06-13 19:13:46,094 INFO  server.RaftServerConfigKeys (ConfUtils.java:logGet(43)) - raft.server.log.statemachine.data.sync = true (default)
2019-06-13 19:13:46,095 INFO  server.RaftServerConfigKeys (ConfUtils.java:logGet(43)) - raft.server.log.statemachine.data.sync.timeout = 10s (default)
2019-06-13 19:13:46,197 INFO  server.RaftServerConfigKeys (ConfUtils.java:logGet(43)) - raft.server.log.statemachine.data.sync.timeout.retry = -1 (default)
2019-06-13 19:13:46,200 INFO  server.RaftServerConfigKeys (ConfUtils.java:logGet(43)) - raft.server.log.statemachine.data.caching.enabled = true (custom)
2019-06-13 19:13:46,212 INFO  server.RaftServerConfigKeys (ConfUtils.java:logGet(43)) - raft.server.snapshot.auto.trigger.enabled = true (custom)
2019-06-13 19:13:46,213 INFO  server.RaftServerConfigKeys (ConfUtils.java:logGet(43)) - raft.server.snapshot.auto.trigger.threshold = 10000 (custom)
2019-06-13 19:13:46,214 INFO  server.RaftServerConfigKeys (ConfUtils.java:logGet(43)) - raft.server.retrycache.expirytime = 600000ms (custom)
2019-06-13 19:13:46,232 INFO  impl.RaftServerImpl (RaftServerImpl.java:start(173)) - 0648b2e2-fdfc-41ec-97df-bc2f9c4ea8df: start group-0258AE879100
2019-06-13 19:13:46,233 INFO  impl.RaftServerImpl (RaftServerImpl.java:setRole(164)) - 0648b2e2-fdfc-41ec-97df-bc2f9c4ea8df:group-0258AE879100 changes role from null to FOLLOWER at term 0 for startAsFollower
2019-06-13 19:13:46,234 INFO  impl.RoleInfo (RoleInfo.java:updateAndGet(143)) - 0648b2e2-fdfc-41ec-97df-bc2f9c4ea8df: start FollowerState
2019-06-13 19:13:46,239 INFO  util.JmxRegister (JmxRegister.java:tryRegister(44)) - Successfully registered JMX Bean with object name Ratis:service=RaftServer,group=group-0258AE879100,id=0648b2e2-fdfc-41ec-97df-bc2f9c4ea8df
2019-06-13 19:13:46,288 INFO  pipeline.PipelineStateManager (PipelineStateManager.java:addPipeline(56)) - Created pipeline Pipeline[ Id: e18f09e2-adda-476c-b619-0258ae879100, Nodes: 0648b2e2-fdfc-41ec-97df-bc2f9c4ea8df{ip: 192.168.46.41, host: ozone-ld922-666477418, networkLocation: /default-rack, certSerialId: null}, Type:RATIS, Factor:ONE, State:OPEN]
2019-06-13 19:13:46,304 INFO  impl.RaftServerProxy (RaftServerProxy.java:addNew(89)) - 74d2ffc1-745f-4c1a-9401-137b1ece8223: addNew group-7D58C4DB3C0D:[74d2ffc1-745f-4c1a-9401-137b1ece8223:192.168.46.41:42603] returns group-7D58C4DB3C0D:java.util.concurrent.CompletableFuture@6ead801[Not completed]
2019-06-13 19:13:46,305 INFO  impl.RaftServerImpl (RaftServerImpl.java:<init>(91)) - 74d2ffc1-745f-4c1a-9401-137b1ece8223: new RaftServerImpl for group-7D58C4DB3C0D:[74d2ffc1-745f-4c1a-9401-137b1ece8223:192.168.46.41:42603] with ContainerStateMachine:uninitialized
2019-06-13 19:13:46,306 INFO  server.RaftServerConfigKeys (ConfUtils.java:logGet(43)) - raft.server.rpc.timeout.min = 1s (custom)
2019-06-13 19:13:46,306 INFO  server.RaftServerConfigKeys (ConfUtils.java:logGet(43)) - raft.server.rpc.timeout.max = 1200ms (custom)
2019-06-13 19:13:46,306 INFO  server.RaftServerConfigKeys (ConfUtils.java:logGet(43)) - raft.server.rpcslowness.timeout = 120s (custom)
2019-06-13 19:13:46,306 INFO  server.RaftServerConfigKeys (ConfUtils.java:logGet(43)) - raft.server.log.appender.install.snapshot.enabled = true (default)
2019-06-13 19:13:46,306 INFO  impl.RaftServerImpl (ServerState.java:<init>(101)) - 74d2ffc1-745f-4c1a-9401-137b1ece8223:group-7D58C4DB3C0D ConfigurationManager, init=-1: [74d2ffc1-745f-4c1a-9401-137b1ece8223:192.168.46.41:42603], old=null, confs=<EMPTY_MAP>
2019-06-13 19:13:46,307 INFO  server.RaftServerConfigKeys (ConfUtils.java:logGet(43)) - raft.server.storage.dir = [/opt/src/hadoop-ozone/integration-test/target/test-dir/MiniOzoneClusterImpl-a42d3b4b-e56b-4764-8008-ba5e6c1f637d/datanode-2/data/ratis] (custom)
2019-06-13 19:13:46,307 INFO  storage.RaftStorageDirectory (RaftStorageDirectory.java:analyzeStorage(246)) - The storage directory /opt/src/hadoop-ozone/integration-test/target/test-dir/MiniOzoneClusterImpl-a42d3b4b-e56b-4764-8008-ba5e6c1f637d/datanode-2/data/ratis/81f76c88-fb77-4726-b025-7d58c4db3c0d does not exist. Creating ...
2019-06-13 19:13:46,309 INFO  storage.RaftStorageDirectory (RaftStorageDirectory.java:tryLock(328)) - Lock on /opt/src/hadoop-ozone/integration-test/target/test-dir/MiniOzoneClusterImpl-a42d3b4b-e56b-4764-8008-ba5e6c1f637d/datanode-2/data/ratis/81f76c88-fb77-4726-b025-7d58c4db3c0d/in_use.lock acquired by nodename 8850@ozone-ld922-666477418
2019-06-13 19:13:46,311 INFO  storage.RaftStorage (RaftStorage.java:format(75)) - Storage directory /opt/src/hadoop-ozone/integration-test/target/test-dir/MiniOzoneClusterImpl-a42d3b4b-e56b-4764-8008-ba5e6c1f637d/datanode-2/data/ratis/81f76c88-fb77-4726-b025-7d58c4db3c0d has been successfully formatted.
2019-06-13 19:13:46,311 INFO  ratis.ContainerStateMachine (ContainerStateMachine.java:loadSnapshot(199)) - The snapshot info is null.Setting the last applied index to:(t:0, i:~)
2019-06-13 19:13:46,311 INFO  server.RaftServerConfigKeys (ConfUtils.java:logGet(43)) - raft.server.leader.election.timeout = 120s (custom)
2019-06-13 19:13:46,311 INFO  server.RaftServerConfigKeys (ConfUtils.java:logGet(43)) - raft.server.log.use.memory = false (default)
2019-06-13 19:13:46,312 INFO  server.RaftServerConfigKeys (ConfUtils.java:logGet(43)) - raft.server.log.appender.buffer.byte-limit = 33554432 (custom)
2019-06-13 19:13:46,312 INFO  server.RaftServerConfigKeys (ConfUtils.java:logGet(43)) - raft.server.log.segment.size.max = 16384 (custom)
2019-06-13 19:13:46,312 INFO  server.RaftServerConfigKeys (ConfUtils.java:logGet(43)) - raft.server.log.segment.cache.num.max = 2 (custom)
2019-06-13 19:13:46,312 INFO  storage.RaftLogWorker (RaftLogWorker.java:<init>(123)) - new 74d2ffc1-745f-4c1a-9401-137b1ece8223-RaftLogWorker for Storage Directory /opt/src/hadoop-ozone/integration-test/target/test-dir/MiniOzoneClusterImpl-a42d3b4b-e56b-4764-8008-ba5e6c1f637d/datanode-2/data/ratis/81f76c88-fb77-4726-b025-7d58c4db3c0d
2019-06-13 19:13:46,312 INFO  server.RaftServerConfigKeys (ConfUtils.java:logGet(43)) - raft.server.log.queue.byte-limit = 2147483647 (custom)
2019-06-13 19:13:46,312 INFO  server.RaftServerConfigKeys (ConfUtils.java:logGet(43)) - raft.server.log.queue.element-limit = 1024 (custom)
2019-06-13 19:13:46,312 INFO  server.RaftServerConfigKeys (ConfUtils.java:logGet(43)) - raft.server.log.segment.size.max = 16384 (custom)
2019-06-13 19:13:46,312 INFO  server.RaftServerConfigKeys (ConfUtils.java:logGet(43)) - raft.server.log.preallocated.size = 16384 (custom)
2019-06-13 19:13:46,312 INFO  server.RaftServerConfigKeys (ConfUtils.java:logGet(43)) - raft.server.log.write.buffer.size = 33554432 (custom)
2019-06-13 19:13:46,312 INFO  server.RaftServerConfigKeys (ConfUtils.java:logGet(43)) - raft.server.log.force.sync.num = 128 (default)
2019-06-13 19:13:46,313 INFO  server.RaftServerConfigKeys (ConfUtils.java:logGet(43)) - raft.server.log.statemachine.data.sync = true (default)
2019-06-13 19:13:46,313 INFO  server.RaftServerConfigKeys (ConfUtils.java:logGet(43)) - raft.server.log.statemachine.data.sync.timeout = 10s (default)
2019-06-13 19:13:46,313 INFO  server.RaftServerConfigKeys (ConfUtils.java:logGet(43)) - raft.server.log.statemachine.data.sync.timeout.retry = -1 (default)
2019-06-13 19:13:46,313 INFO  server.RaftServerConfigKeys (ConfUtils.java:logGet(43)) - raft.server.log.statemachine.data.caching.enabled = true (custom)
2019-06-13 19:13:46,315 INFO  server.RaftServerConfigKeys (ConfUtils.java:logGet(43)) - raft.server.snapshot.auto.trigger.enabled = true (custom)
2019-06-13 19:13:46,315 INFO  server.RaftServerConfigKeys (ConfUtils.java:logGet(43)) - raft.server.snapshot.auto.trigger.threshold = 10000 (custom)
2019-06-13 19:13:46,315 INFO  server.RaftServerConfigKeys (ConfUtils.java:logGet(43)) - raft.server.retrycache.expirytime = 600000ms (custom)
2019-06-13 19:13:46,315 INFO  impl.RaftServerImpl (RaftServerImpl.java:start(173)) - 74d2ffc1-745f-4c1a-9401-137b1ece8223: start group-7D58C4DB3C0D
2019-06-13 19:13:46,315 INFO  impl.RaftServerImpl (RaftServerImpl.java:setRole(164)) - 74d2ffc1-745f-4c1a-9401-137b1ece8223:group-7D58C4DB3C0D changes role from null to FOLLOWER at term 0 for startAsFollower
2019-06-13 19:13:46,315 INFO  impl.RoleInfo (RoleInfo.java:updateAndGet(143)) - 74d2ffc1-745f-4c1a-9401-137b1ece8223: start FollowerState
2019-06-13 19:13:46,317 INFO  util.JmxRegister (JmxRegister.java:tryRegister(44)) - Successfully registered JMX Bean with object name Ratis:service=RaftServer,group=group-7D58C4DB3C0D,id=74d2ffc1-745f-4c1a-9401-137b1ece8223
2019-06-13 19:13:46,326 INFO  pipeline.PipelineStateManager (PipelineStateManager.java:addPipeline(56)) - Created pipeline Pipeline[ Id: 81f76c88-fb77-4726-b025-7d58c4db3c0d, Nodes: 74d2ffc1-745f-4c1a-9401-137b1ece8223{ip: 192.168.46.41, host: ozone-ld922-666477418, networkLocation: /default-rack, certSerialId: null}, Type:RATIS, Factor:ONE, State:OPEN]
2019-06-13 19:13:46,340 INFO  impl.RaftServerProxy (RaftServerProxy.java:addNew(89)) - 5f623e1f-d5a1-46cb-80d7-44327f36f2e1: addNew group-25FD6EF8E273:[5f623e1f-d5a1-46cb-80d7-44327f36f2e1:192.168.46.41:38913] returns group-25FD6EF8E273:java.util.concurrent.CompletableFuture@3b425b28[Not completed]
2019-06-13 19:13:46,366 INFO  impl.RaftServerImpl (RaftServerImpl.java:<init>(91)) - 5f623e1f-d5a1-46cb-80d7-44327f36f2e1: new RaftServerImpl for group-25FD6EF8E273:[5f623e1f-d5a1-46cb-80d7-44327f36f2e1:192.168.46.41:38913] with ContainerStateMachine:uninitialized
2019-06-13 19:13:46,366 INFO  server.RaftServerConfigKeys (ConfUtils.java:logGet(43)) - raft.server.rpc.timeout.min = 1s (custom)
2019-06-13 19:13:46,367 INFO  server.RaftServerConfigKeys (ConfUtils.java:logGet(43)) - raft.server.rpc.timeout.max = 1200ms (custom)
2019-06-13 19:13:46,367 INFO  server.RaftServerConfigKeys (ConfUtils.java:logGet(43)) - raft.server.rpcslowness.timeout = 120s (custom)
2019-06-13 19:13:46,367 INFO  server.RaftServerConfigKeys (ConfUtils.java:logGet(43)) - raft.server.log.appender.install.snapshot.enabled = true (default)
2019-06-13 19:13:46,367 INFO  impl.RaftServerImpl (ServerState.java:<init>(101)) - 5f623e1f-d5a1-46cb-80d7-44327f36f2e1:group-25FD6EF8E273 ConfigurationManager, init=-1: [5f623e1f-d5a1-46cb-80d7-44327f36f2e1:192.168.46.41:38913], old=null, confs=<EMPTY_MAP>
2019-06-13 19:13:46,367 INFO  server.RaftServerConfigKeys (ConfUtils.java:logGet(43)) - raft.server.storage.dir = [/opt/src/hadoop-ozone/integration-test/target/test-dir/MiniOzoneClusterImpl-a42d3b4b-e56b-4764-8008-ba5e6c1f637d/datanode-3/data/ratis] (custom)
2019-06-13 19:13:46,369 INFO  storage.RaftStorageDirectory (RaftStorageDirectory.java:analyzeStorage(246)) - The storage directory /opt/src/hadoop-ozone/integration-test/target/test-dir/MiniOzoneClusterImpl-a42d3b4b-e56b-4764-8008-ba5e6c1f637d/datanode-3/data/ratis/103dcb18-4dee-404c-9a7e-25fd6ef8e273 does not exist. Creating ...
2019-06-13 19:13:46,372 INFO  storage.RaftStorageDirectory (RaftStorageDirectory.java:tryLock(328)) - Lock on /opt/src/hadoop-ozone/integration-test/target/test-dir/MiniOzoneClusterImpl-a42d3b4b-e56b-4764-8008-ba5e6c1f637d/datanode-3/data/ratis/103dcb18-4dee-404c-9a7e-25fd6ef8e273/in_use.lock acquired by nodename 8850@ozone-ld922-666477418
2019-06-13 19:13:46,376 INFO  storage.RaftStorage (RaftStorage.java:format(75)) - Storage directory /opt/src/hadoop-ozone/integration-test/target/test-dir/MiniOzoneClusterImpl-a42d3b4b-e56b-4764-8008-ba5e6c1f637d/datanode-3/data/ratis/103dcb18-4dee-404c-9a7e-25fd6ef8e273 has been successfully formatted.
2019-06-13 19:13:46,377 INFO  ratis.ContainerStateMachine (ContainerStateMachine.java:loadSnapshot(199)) - The snapshot info is null.Setting the last applied index to:(t:0, i:~)
2019-06-13 19:13:46,378 INFO  server.RaftServerConfigKeys (ConfUtils.java:logGet(43)) - raft.server.leader.election.timeout = 120s (custom)
2019-06-13 19:13:46,378 INFO  server.RaftServerConfigKeys (ConfUtils.java:logGet(43)) - raft.server.log.use.memory = false (default)
2019-06-13 19:13:46,378 INFO  server.RaftServerConfigKeys (ConfUtils.java:logGet(43)) - raft.server.log.appender.buffer.byte-limit = 33554432 (custom)
2019-06-13 19:13:46,378 INFO  server.RaftServerConfigKeys (ConfUtils.java:logGet(43)) - raft.server.log.segment.size.max = 16384 (custom)
2019-06-13 19:13:46,378 INFO  server.RaftServerConfigKeys (ConfUtils.java:logGet(43)) - raft.server.log.segment.cache.num.max = 2 (custom)
2019-06-13 19:13:46,379 INFO  storage.RaftLogWorker (RaftLogWorker.java:<init>(123)) - new 5f623e1f-d5a1-46cb-80d7-44327f36f2e1-RaftLogWorker for Storage Directory /opt/src/hadoop-ozone/integration-test/target/test-dir/MiniOzoneClusterImpl-a42d3b4b-e56b-4764-8008-ba5e6c1f637d/datanode-3/data/ratis/103dcb18-4dee-404c-9a7e-25fd6ef8e273
2019-06-13 19:13:46,380 INFO  server.RaftServerConfigKeys (ConfUtils.java:logGet(43)) - raft.server.log.queue.byte-limit = 2147483647 (custom)
2019-06-13 19:13:46,380 INFO  server.RaftServerConfigKeys (ConfUtils.java:logGet(43)) - raft.server.log.queue.element-limit = 1024 (custom)
2019-06-13 19:13:46,380 INFO  server.RaftServerConfigKeys (ConfUtils.java:logGet(43)) - raft.server.log.segment.size.max = 16384 (custom)
2019-06-13 19:13:46,380 INFO  server.RaftServerConfigKeys (ConfUtils.java:logGet(43)) - raft.server.log.preallocated.size = 16384 (custom)
2019-06-13 19:13:46,380 INFO  server.RaftServerConfigKeys (ConfUtils.java:logGet(43)) - raft.server.log.write.buffer.size = 33554432 (custom)
2019-06-13 19:13:46,380 INFO  server.RaftServerConfigKeys (ConfUtils.java:logGet(43)) - raft.server.log.force.sync.num = 128 (default)
2019-06-13 19:13:46,381 INFO  server.RaftServerConfigKeys (ConfUtils.java:logGet(43)) - raft.server.log.statemachine.data.sync = true (default)
2019-06-13 19:13:46,381 INFO  server.RaftServerConfigKeys (ConfUtils.java:logGet(43)) - raft.server.log.statemachine.data.sync.timeout = 10s (default)
2019-06-13 19:13:46,381 INFO  server.RaftServerConfigKeys (ConfUtils.java:logGet(43)) - raft.server.log.statemachine.data.sync.timeout.retry = -1 (default)
2019-06-13 19:13:46,381 INFO  server.RaftServerConfigKeys (ConfUtils.java:logGet(43)) - raft.server.log.statemachine.data.caching.enabled = true (custom)
2019-06-13 19:13:46,393 INFO  server.RaftServerConfigKeys (ConfUtils.java:logGet(43)) - raft.server.snapshot.auto.trigger.enabled = true (custom)
2019-06-13 19:13:46,394 INFO  server.RaftServerConfigKeys (ConfUtils.java:logGet(43)) - raft.server.snapshot.auto.trigger.threshold = 10000 (custom)
2019-06-13 19:13:46,394 INFO  server.RaftServerConfigKeys (ConfUtils.java:logGet(43)) - raft.server.retrycache.expirytime = 600000ms (custom)
2019-06-13 19:13:46,394 INFO  impl.RaftServerImpl (RaftServerImpl.java:start(173)) - 5f623e1f-d5a1-46cb-80d7-44327f36f2e1: start group-25FD6EF8E273
2019-06-13 19:13:46,394 INFO  impl.RaftServerImpl (RaftServerImpl.java:setRole(164)) - 5f623e1f-d5a1-46cb-80d7-44327f36f2e1:group-25FD6EF8E273 changes role from null to FOLLOWER at term 0 for startAsFollower
2019-06-13 19:13:46,394 INFO  impl.RoleInfo (RoleInfo.java:updateAndGet(143)) - 5f623e1f-d5a1-46cb-80d7-44327f36f2e1: start FollowerState
2019-06-13 19:13:46,407 INFO  util.JmxRegister (JmxRegister.java:tryRegister(44)) - Successfully registered JMX Bean with object name Ratis:service=RaftServer,group=group-25FD6EF8E273,id=5f623e1f-d5a1-46cb-80d7-44327f36f2e1
2019-06-13 19:13:46,430 INFO  pipeline.PipelineStateManager (PipelineStateManager.java:addPipeline(56)) - Created pipeline Pipeline[ Id: 103dcb18-4dee-404c-9a7e-25fd6ef8e273, Nodes: 5f623e1f-d5a1-46cb-80d7-44327f36f2e1{ip: 192.168.46.41, host: ozone-ld922-666477418, networkLocation: /default-rack, certSerialId: null}, Type:RATIS, Factor:ONE, State:OPEN]
2019-06-13 19:13:46,513 INFO  impl.RaftServerProxy (RaftServerProxy.java:addNew(89)) - 74d2ffc1-745f-4c1a-9401-137b1ece8223: addNew group-EDC286A1F32D:[5f623e1f-d5a1-46cb-80d7-44327f36f2e1:192.168.46.41:38913, 74d2ffc1-745f-4c1a-9401-137b1ece8223:192.168.46.41:42603, 0648b2e2-fdfc-41ec-97df-bc2f9c4ea8df:192.168.46.41:45421] returns group-EDC286A1F32D:java.util.concurrent.CompletableFuture@673cca7d[Not completed]
2019-06-13 19:13:46,515 INFO  impl.RaftServerProxy (RaftServerProxy.java:addNew(89)) - 5f623e1f-d5a1-46cb-80d7-44327f36f2e1: addNew group-EDC286A1F32D:[5f623e1f-d5a1-46cb-80d7-44327f36f2e1:192.168.46.41:38913, 74d2ffc1-745f-4c1a-9401-137b1ece8223:192.168.46.41:42603, 0648b2e2-fdfc-41ec-97df-bc2f9c4ea8df:192.168.46.41:45421] returns group-EDC286A1F32D:java.util.concurrent.CompletableFuture@4d83f29e[Not completed]
2019-06-13 19:13:46,516 INFO  impl.RaftServerImpl (RaftServerImpl.java:<init>(91)) - 5f623e1f-d5a1-46cb-80d7-44327f36f2e1: new RaftServerImpl for group-EDC286A1F32D:[5f623e1f-d5a1-46cb-80d7-44327f36f2e1:192.168.46.41:38913, 74d2ffc1-745f-4c1a-9401-137b1ece8223:192.168.46.41:42603, 0648b2e2-fdfc-41ec-97df-bc2f9c4ea8df:192.168.46.41:45421] with ContainerStateMachine:uninitialized
2019-06-13 19:13:46,516 INFO  server.RaftServerConfigKeys (ConfUtils.java:logGet(43)) - raft.server.rpc.timeout.min = 1s (custom)
2019-06-13 19:13:46,516 INFO  server.RaftServerConfigKeys (ConfUtils.java:logGet(43)) - raft.server.rpc.timeout.max = 1200ms (custom)
2019-06-13 19:13:46,516 INFO  server.RaftServerConfigKeys (ConfUtils.java:logGet(43)) - raft.server.rpcslowness.timeout = 120s (custom)
2019-06-13 19:13:46,517 INFO  server.RaftServerConfigKeys (ConfUtils.java:logGet(43)) - raft.server.log.appender.install.snapshot.enabled = true (default)
2019-06-13 19:13:46,517 INFO  impl.RaftServerImpl (ServerState.java:<init>(101)) - 5f623e1f-d5a1-46cb-80d7-44327f36f2e1:group-EDC286A1F32D ConfigurationManager, init=-1: [5f623e1f-d5a1-46cb-80d7-44327f36f2e1:192.168.46.41:38913, 74d2ffc1-745f-4c1a-9401-137b1ece8223:192.168.46.41:42603, 0648b2e2-fdfc-41ec-97df-bc2f9c4ea8df:192.168.46.41:45421], old=null, confs=<EMPTY_MAP>
2019-06-13 19:13:46,518 INFO  server.RaftServerConfigKeys (ConfUtils.java:logGet(43)) - raft.server.storage.dir = [/opt/src/hadoop-ozone/integration-test/target/test-dir/MiniOzoneClusterImpl-a42d3b4b-e56b-4764-8008-ba5e6c1f637d/datanode-3/data/ratis] (custom)
2019-06-13 19:13:46,518 INFO  storage.RaftStorageDirectory (RaftStorageDirectory.java:analyzeStorage(246)) - The storage directory /opt/src/hadoop-ozone/integration-test/target/test-dir/MiniOzoneClusterImpl-a42d3b4b-e56b-4764-8008-ba5e6c1f637d/datanode-3/data/ratis/e98d1cc4-9207-4405-898a-edc286a1f32d does not exist. Creating ...
2019-06-13 19:13:46,521 INFO  storage.RaftStorageDirectory (RaftStorageDirectory.java:tryLock(328)) - Lock on /opt/src/hadoop-ozone/integration-test/target/test-dir/MiniOzoneClusterImpl-a42d3b4b-e56b-4764-8008-ba5e6c1f637d/datanode-3/data/ratis/e98d1cc4-9207-4405-898a-edc286a1f32d/in_use.lock acquired by nodename 8850@ozone-ld922-666477418
2019-06-13 19:13:46,526 INFO  impl.RaftServerProxy (RaftServerProxy.java:addNew(89)) - 0648b2e2-fdfc-41ec-97df-bc2f9c4ea8df: addNew group-EDC286A1F32D:[5f623e1f-d5a1-46cb-80d7-44327f36f2e1:192.168.46.41:38913, 74d2ffc1-745f-4c1a-9401-137b1ece8223:192.168.46.41:42603, 0648b2e2-fdfc-41ec-97df-bc2f9c4ea8df:192.168.46.41:45421] returns group-EDC286A1F32D:java.util.concurrent.CompletableFuture@49bc6ff6[Not completed]
2019-06-13 19:13:46,526 INFO  storage.RaftStorage (RaftStorage.java:format(75)) - Storage directory /opt/src/hadoop-ozone/integration-test/target/test-dir/MiniOzoneClusterImpl-a42d3b4b-e56b-4764-8008-ba5e6c1f637d/datanode-3/data/ratis/e98d1cc4-9207-4405-898a-edc286a1f32d has been successfully formatted.
2019-06-13 19:13:46,526 INFO  ratis.ContainerStateMachine (ContainerStateMachine.java:loadSnapshot(199)) - The snapshot info is null.Setting the last applied index to:(t:0, i:~)
2019-06-13 19:13:46,527 INFO  server.RaftServerConfigKeys (ConfUtils.java:logGet(43)) - raft.server.leader.election.timeout = 120s (custom)
2019-06-13 19:13:46,527 INFO  server.RaftServerConfigKeys (ConfUtils.java:logGet(43)) - raft.server.log.use.memory = false (default)
2019-06-13 19:13:46,527 INFO  server.RaftServerConfigKeys (ConfUtils.java:logGet(43)) - raft.server.log.appender.buffer.byte-limit = 33554432 (custom)
2019-06-13 19:13:46,527 INFO  server.RaftServerConfigKeys (ConfUtils.java:logGet(43)) - raft.server.log.segment.size.max = 16384 (custom)
2019-06-13 19:13:46,527 INFO  server.RaftServerConfigKeys (ConfUtils.java:logGet(43)) - raft.server.log.segment.cache.num.max = 2 (custom)
2019-06-13 19:13:46,527 INFO  storage.RaftLogWorker (RaftLogWorker.java:<init>(123)) - new 5f623e1f-d5a1-46cb-80d7-44327f36f2e1-RaftLogWorker for Storage Directory /opt/src/hadoop-ozone/integration-test/target/test-dir/MiniOzoneClusterImpl-a42d3b4b-e56b-4764-8008-ba5e6c1f637d/datanode-3/data/ratis/e98d1cc4-9207-4405-898a-edc286a1f32d
2019-06-13 19:13:46,527 INFO  server.RaftServerConfigKeys (ConfUtils.java:logGet(43)) - raft.server.log.queue.byte-limit = 2147483647 (custom)
2019-06-13 19:13:46,527 INFO  server.RaftServerConfigKeys (ConfUtils.java:logGet(43)) - raft.server.log.queue.element-limit = 1024 (custom)
2019-06-13 19:13:46,527 INFO  server.RaftServerConfigKeys (ConfUtils.java:logGet(43)) - raft.server.log.segment.size.max = 16384 (custom)
2019-06-13 19:13:46,528 INFO  server.RaftServerConfigKeys (ConfUtils.java:logGet(43)) - raft.server.log.preallocated.size = 16384 (custom)
2019-06-13 19:13:46,528 INFO  server.RaftServerConfigKeys (ConfUtils.java:logGet(43)) - raft.server.log.write.buffer.size = 33554432 (custom)
2019-06-13 19:13:46,528 INFO  server.RaftServerConfigKeys (ConfUtils.java:logGet(43)) - raft.server.log.force.sync.num = 128 (default)
2019-06-13 19:13:46,528 INFO  server.RaftServerConfigKeys (ConfUtils.java:logGet(43)) - raft.server.log.statemachine.data.sync = true (default)
2019-06-13 19:13:46,528 INFO  server.RaftServerConfigKeys (ConfUtils.java:logGet(43)) - raft.server.log.statemachine.data.sync.timeout = 10s (default)
2019-06-13 19:13:46,528 INFO  server.RaftServerConfigKeys (ConfUtils.java:logGet(43)) - raft.server.log.statemachine.data.sync.timeout.retry = -1 (default)
2019-06-13 19:13:46,528 INFO  server.RaftServerConfigKeys (ConfUtils.java:logGet(43)) - raft.server.log.statemachine.data.caching.enabled = true (custom)
2019-06-13 19:13:46,531 INFO  server.RaftServerConfigKeys (ConfUtils.java:logGet(43)) - raft.server.snapshot.auto.trigger.enabled = true (custom)
2019-06-13 19:13:46,531 INFO  server.RaftServerConfigKeys (ConfUtils.java:logGet(43)) - raft.server.snapshot.auto.trigger.threshold = 10000 (custom)
2019-06-13 19:13:46,531 INFO  server.RaftServerConfigKeys (ConfUtils.java:logGet(43)) - raft.server.retrycache.expirytime = 600000ms (custom)
2019-06-13 19:13:46,532 INFO  impl.RaftServerImpl (RaftServerImpl.java:start(173)) - 5f623e1f-d5a1-46cb-80d7-44327f36f2e1: start group-EDC286A1F32D
2019-06-13 19:13:46,532 INFO  impl.RaftServerImpl (RaftServerImpl.java:setRole(164)) - 5f623e1f-d5a1-46cb-80d7-44327f36f2e1:group-EDC286A1F32D changes role from null to FOLLOWER at term 0 for startAsFollower
2019-06-13 19:13:46,532 INFO  impl.RoleInfo (RoleInfo.java:updateAndGet(143)) - 5f623e1f-d5a1-46cb-80d7-44327f36f2e1: start FollowerState
2019-06-13 19:13:46,534 INFO  util.JmxRegister (JmxRegister.java:tryRegister(44)) - Successfully registered JMX Bean with object name Ratis:service=RaftServer,group=group-EDC286A1F32D,id=5f623e1f-d5a1-46cb-80d7-44327f36f2e1
2019-06-13 19:13:46,559 INFO  impl.RaftServerImpl (RaftServerImpl.java:<init>(91)) - 74d2ffc1-745f-4c1a-9401-137b1ece8223: new RaftServerImpl for group-EDC286A1F32D:[5f623e1f-d5a1-46cb-80d7-44327f36f2e1:192.168.46.41:38913, 74d2ffc1-745f-4c1a-9401-137b1ece8223:192.168.46.41:42603, 0648b2e2-fdfc-41ec-97df-bc2f9c4ea8df:192.168.46.41:45421] with ContainerStateMachine:uninitialized
2019-06-13 19:13:46,560 INFO  server.RaftServerConfigKeys (ConfUtils.java:logGet(43)) - raft.server.rpc.timeout.min = 1s (custom)
2019-06-13 19:13:46,560 INFO  server.RaftServerConfigKeys (ConfUtils.java:logGet(43)) - raft.server.rpc.timeout.max = 1200ms (custom)
2019-06-13 19:13:46,560 INFO  server.RaftServerConfigKeys (ConfUtils.java:logGet(43)) - raft.server.rpcslowness.timeout = 120s (custom)
2019-06-13 19:13:46,560 INFO  server.RaftServerConfigKeys (ConfUtils.java:logGet(43)) - raft.server.log.appender.install.snapshot.enabled = true (default)
2019-06-13 19:13:46,560 INFO  impl.RaftServerImpl (ServerState.java:<init>(101)) - 74d2ffc1-745f-4c1a-9401-137b1ece8223:group-EDC286A1F32D ConfigurationManager, init=-1: [5f623e1f-d5a1-46cb-80d7-44327f36f2e1:192.168.46.41:38913, 74d2ffc1-745f-4c1a-9401-137b1ece8223:192.168.46.41:42603, 0648b2e2-fdfc-41ec-97df-bc2f9c4ea8df:192.168.46.41:45421], old=null, confs=<EMPTY_MAP>
2019-06-13 19:13:46,560 INFO  server.RaftServerConfigKeys (ConfUtils.java:logGet(43)) - raft.server.storage.dir = [/opt/src/hadoop-ozone/integration-test/target/test-dir/MiniOzoneClusterImpl-a42d3b4b-e56b-4764-8008-ba5e6c1f637d/datanode-2/data/ratis] (custom)
2019-06-13 19:13:46,560 INFO  storage.RaftStorageDirectory (RaftStorageDirectory.java:analyzeStorage(246)) - The storage directory /opt/src/hadoop-ozone/integration-test/target/test-dir/MiniOzoneClusterImpl-a42d3b4b-e56b-4764-8008-ba5e6c1f637d/datanode-2/data/ratis/e98d1cc4-9207-4405-898a-edc286a1f32d does not exist. Creating ...
2019-06-13 19:13:46,562 INFO  impl.RaftServerImpl (RaftServerImpl.java:<init>(91)) - 0648b2e2-fdfc-41ec-97df-bc2f9c4ea8df: new RaftServerImpl for group-EDC286A1F32D:[5f623e1f-d5a1-46cb-80d7-44327f36f2e1:192.168.46.41:38913, 74d2ffc1-745f-4c1a-9401-137b1ece8223:192.168.46.41:42603, 0648b2e2-fdfc-41ec-97df-bc2f9c4ea8df:192.168.46.41:45421] with ContainerStateMachine:uninitialized
2019-06-13 19:13:46,562 INFO  server.RaftServerConfigKeys (ConfUtils.java:logGet(43)) - raft.server.rpc.timeout.min = 1s (custom)
2019-06-13 19:13:46,562 INFO  server.RaftServerConfigKeys (ConfUtils.java:logGet(43)) - raft.server.rpc.timeout.max = 1200ms (custom)
2019-06-13 19:13:46,562 INFO  server.RaftServerConfigKeys (ConfUtils.java:logGet(43)) - raft.server.rpcslowness.timeout = 120s (custom)
2019-06-13 19:13:46,563 INFO  server.RaftServerConfigKeys (ConfUtils.java:logGet(43)) - raft.server.log.appender.install.snapshot.enabled = true (default)
2019-06-13 19:13:46,563 INFO  impl.RaftServerImpl (ServerState.java:<init>(101)) - 0648b2e2-fdfc-41ec-97df-bc2f9c4ea8df:group-EDC286A1F32D ConfigurationManager, init=-1: [5f623e1f-d5a1-46cb-80d7-44327f36f2e1:192.168.46.41:38913, 74d2ffc1-745f-4c1a-9401-137b1ece8223:192.168.46.41:42603, 0648b2e2-fdfc-41ec-97df-bc2f9c4ea8df:192.168.46.41:45421], old=null, confs=<EMPTY_MAP>
2019-06-13 19:13:46,563 INFO  server.RaftServerConfigKeys (ConfUtils.java:logGet(43)) - raft.server.storage.dir = [/opt/src/hadoop-ozone/integration-test/target/test-dir/MiniOzoneClusterImpl-a42d3b4b-e56b-4764-8008-ba5e6c1f637d/datanode-1/data/ratis] (custom)
2019-06-13 19:13:46,563 INFO  storage.RaftStorageDirectory (RaftStorageDirectory.java:analyzeStorage(246)) - The storage directory /opt/src/hadoop-ozone/integration-test/target/test-dir/MiniOzoneClusterImpl-a42d3b4b-e56b-4764-8008-ba5e6c1f637d/datanode-1/data/ratis/e98d1cc4-9207-4405-898a-edc286a1f32d does not exist. Creating ...
2019-06-13 19:13:46,566 INFO  storage.RaftStorageDirectory (RaftStorageDirectory.java:tryLock(328)) - Lock on /opt/src/hadoop-ozone/integration-test/target/test-dir/MiniOzoneClusterImpl-a42d3b4b-e56b-4764-8008-ba5e6c1f637d/datanode-1/data/ratis/e98d1cc4-9207-4405-898a-edc286a1f32d/in_use.lock acquired by nodename 8850@ozone-ld922-666477418
2019-06-13 19:13:46,567 INFO  storage.RaftStorageDirectory (RaftStorageDirectory.java:tryLock(328)) - Lock on /opt/src/hadoop-ozone/integration-test/target/test-dir/MiniOzoneClusterImpl-a42d3b4b-e56b-4764-8008-ba5e6c1f637d/datanode-2/data/ratis/e98d1cc4-9207-4405-898a-edc286a1f32d/in_use.lock acquired by nodename 8850@ozone-ld922-666477418
2019-06-13 19:13:46,570 INFO  storage.RaftStorage (RaftStorage.java:format(75)) - Storage directory /opt/src/hadoop-ozone/integration-test/target/test-dir/MiniOzoneClusterImpl-a42d3b4b-e56b-4764-8008-ba5e6c1f637d/datanode-1/data/ratis/e98d1cc4-9207-4405-898a-edc286a1f32d has been successfully formatted.
2019-06-13 19:13:46,570 INFO  ratis.ContainerStateMachine (ContainerStateMachine.java:loadSnapshot(199)) - The snapshot info is null.Setting the last applied index to:(t:0, i:~)
2019-06-13 19:13:46,570 INFO  server.RaftServerConfigKeys (ConfUtils.java:logGet(43)) - raft.server.leader.election.timeout = 120s (custom)
2019-06-13 19:13:46,570 INFO  server.RaftServerConfigKeys (ConfUtils.java:logGet(43)) - raft.server.log.use.memory = false (default)
2019-06-13 19:13:46,570 INFO  server.RaftServerConfigKeys (ConfUtils.java:logGet(43)) - raft.server.log.appender.buffer.byte-limit = 33554432 (custom)
2019-06-13 19:13:46,570 INFO  server.RaftServerConfigKeys (ConfUtils.java:logGet(43)) - raft.server.log.segment.size.max = 16384 (custom)
2019-06-13 19:13:46,570 INFO  server.RaftServerConfigKeys (ConfUtils.java:logGet(43)) - raft.server.log.segment.cache.num.max = 2 (custom)
2019-06-13 19:13:46,571 INFO  storage.RaftLogWorker (RaftLogWorker.java:<init>(123)) - new 0648b2e2-fdfc-41ec-97df-bc2f9c4ea8df-RaftLogWorker for Storage Directory /opt/src/hadoop-ozone/integration-test/target/test-dir/MiniOzoneClusterImpl-a42d3b4b-e56b-4764-8008-ba5e6c1f637d/datanode-1/data/ratis/e98d1cc4-9207-4405-898a-edc286a1f32d
2019-06-13 19:13:46,571 INFO  server.RaftServerConfigKeys (ConfUtils.java:logGet(43)) - raft.server.log.queue.byte-limit = 2147483647 (custom)
2019-06-13 19:13:46,571 INFO  server.RaftServerConfigKeys (ConfUtils.java:logGet(43)) - raft.server.log.queue.element-limit = 1024 (custom)
2019-06-13 19:13:46,571 INFO  server.RaftServerConfigKeys (ConfUtils.java:logGet(43)) - raft.server.log.segment.size.max = 16384 (custom)
2019-06-13 19:13:46,571 INFO  server.RaftServerConfigKeys (ConfUtils.java:logGet(43)) - raft.server.log.preallocated.size = 16384 (custom)
2019-06-13 19:13:46,571 INFO  server.RaftServerConfigKeys (ConfUtils.java:logGet(43)) - raft.server.log.write.buffer.size = 33554432 (custom)
2019-06-13 19:13:46,571 INFO  server.RaftServerConfigKeys (ConfUtils.java:logGet(43)) - raft.server.log.force.sync.num = 128 (default)
2019-06-13 19:13:46,571 INFO  server.RaftServerConfigKeys (ConfUtils.java:logGet(43)) - raft.server.log.statemachine.data.sync = true (default)
2019-06-13 19:13:46,571 INFO  server.RaftServerConfigKeys (ConfUtils.java:logGet(43)) - raft.server.log.statemachine.data.sync.timeout = 10s (default)
2019-06-13 19:13:46,571 INFO  server.RaftServerConfigKeys (ConfUtils.java:logGet(43)) - raft.server.log.statemachine.data.sync.timeout.retry = -1 (default)
2019-06-13 19:13:46,572 INFO  server.RaftServerConfigKeys (ConfUtils.java:logGet(43)) - raft.server.log.statemachine.data.caching.enabled = true (custom)
2019-06-13 19:13:46,573 INFO  storage.RaftStorage (RaftStorage.java:format(75)) - Storage directory /opt/src/hadoop-ozone/integration-test/target/test-dir/MiniOzoneClusterImpl-a42d3b4b-e56b-4764-8008-ba5e6c1f637d/datanode-2/data/ratis/e98d1cc4-9207-4405-898a-edc286a1f32d has been successfully formatted.
2019-06-13 19:13:46,573 INFO  ratis.ContainerStateMachine (ContainerStateMachine.java:loadSnapshot(199)) - The snapshot info is null.Setting the last applied index to:(t:0, i:~)
2019-06-13 19:13:46,574 INFO  server.RaftServerConfigKeys (ConfUtils.java:logGet(43)) - raft.server.leader.election.timeout = 120s (custom)
2019-06-13 19:13:46,574 INFO  server.RaftServerConfigKeys (ConfUtils.java:logGet(43)) - raft.server.log.use.memory = false (default)
2019-06-13 19:13:46,574 INFO  server.RaftServerConfigKeys (ConfUtils.java:logGet(43)) - raft.server.log.appender.buffer.byte-limit = 33554432 (custom)
2019-06-13 19:13:46,574 INFO  server.RaftServerConfigKeys (ConfUtils.java:logGet(43)) - raft.server.log.segment.size.max = 16384 (custom)
2019-06-13 19:13:46,574 INFO  server.RaftServerConfigKeys (ConfUtils.java:logGet(43)) - raft.server.log.segment.cache.num.max = 2 (custom)
2019-06-13 19:13:46,574 INFO  storage.RaftLogWorker (RaftLogWorker.java:<init>(123)) - new 74d2ffc1-745f-4c1a-9401-137b1ece8223-RaftLogWorker for Storage Directory /opt/src/hadoop-ozone/integration-test/target/test-dir/MiniOzoneClusterImpl-a42d3b4b-e56b-4764-8008-ba5e6c1f637d/datanode-2/data/ratis/e98d1cc4-9207-4405-898a-edc286a1f32d
2019-06-13 19:13:46,574 INFO  server.RaftServerConfigKeys (ConfUtils.java:logGet(43)) - raft.server.log.queue.byte-limit = 2147483647 (custom)
2019-06-13 19:13:46,574 INFO  server.RaftServerConfigKeys (ConfUtils.java:logGet(43)) - raft.server.log.queue.element-limit = 1024 (custom)
2019-06-13 19:13:46,574 INFO  server.RaftServerConfigKeys (ConfUtils.java:logGet(43)) - raft.server.log.segment.size.max = 16384 (custom)
2019-06-13 19:13:46,574 INFO  server.RaftServerConfigKeys (ConfUtils.java:logGet(43)) - raft.server.log.preallocated.size = 16384 (custom)
2019-06-13 19:13:46,575 INFO  server.RaftServerConfigKeys (ConfUtils.java:logGet(43)) - raft.server.log.write.buffer.size = 33554432 (custom)
2019-06-13 19:13:46,575 INFO  server.RaftServerConfigKeys (ConfUtils.java:logGet(43)) - raft.server.log.force.sync.num = 128 (default)
2019-06-13 19:13:46,575 INFO  server.RaftServerConfigKeys (ConfUtils.java:logGet(43)) - raft.server.log.statemachine.data.sync = true (default)
2019-06-13 19:13:46,575 INFO  server.RaftServerConfigKeys (ConfUtils.java:logGet(43)) - raft.server.log.statemachine.data.sync.timeout = 10s (default)
2019-06-13 19:13:46,575 INFO  server.RaftServerConfigKeys (ConfUtils.java:logGet(43)) - raft.server.log.statemachine.data.sync.timeout.retry = -1 (default)
2019-06-13 19:13:46,577 INFO  server.RaftServerConfigKeys (ConfUtils.java:logGet(43)) - raft.server.snapshot.auto.trigger.enabled = true (custom)
2019-06-13 19:13:46,578 INFO  server.RaftServerConfigKeys (ConfUtils.java:logGet(43)) - raft.server.snapshot.auto.trigger.threshold = 10000 (custom)
2019-06-13 19:13:46,578 INFO  server.RaftServerConfigKeys (ConfUtils.java:logGet(43)) - raft.server.retrycache.expirytime = 600000ms (custom)
2019-06-13 19:13:46,578 INFO  impl.RaftServerImpl (RaftServerImpl.java:start(173)) - 0648b2e2-fdfc-41ec-97df-bc2f9c4ea8df: start group-EDC286A1F32D
2019-06-13 19:13:46,578 INFO  impl.RaftServerImpl (RaftServerImpl.java:setRole(164)) - 0648b2e2-fdfc-41ec-97df-bc2f9c4ea8df:group-EDC286A1F32D changes role from null to FOLLOWER at term 0 for startAsFollower
2019-06-13 19:13:46,579 INFO  impl.RoleInfo (RoleInfo.java:updateAndGet(143)) - 0648b2e2-fdfc-41ec-97df-bc2f9c4ea8df: start FollowerState
2019-06-13 19:13:46,578 INFO  server.RaftServerConfigKeys (ConfUtils.java:logGet(43)) - raft.server.log.statemachine.data.caching.enabled = true (custom)
2019-06-13 19:13:46,579 INFO  util.JmxRegister (JmxRegister.java:tryRegister(44)) - Successfully registered JMX Bean with object name Ratis:service=RaftServer,group=group-EDC286A1F32D,id=0648b2e2-fdfc-41ec-97df-bc2f9c4ea8df
2019-06-13 19:13:46,582 INFO  server.RaftServerConfigKeys (ConfUtils.java:logGet(43)) - raft.server.snapshot.auto.trigger.enabled = true (custom)
2019-06-13 19:13:46,582 INFO  server.RaftServerConfigKeys (ConfUtils.java:logGet(43)) - raft.server.snapshot.auto.trigger.threshold = 10000 (custom)
2019-06-13 19:13:46,582 INFO  server.RaftServerConfigKeys (ConfUtils.java:logGet(43)) - raft.server.retrycache.expirytime = 600000ms (custom)
2019-06-13 19:13:46,582 INFO  impl.RaftServerImpl (RaftServerImpl.java:start(173)) - 74d2ffc1-745f-4c1a-9401-137b1ece8223: start group-EDC286A1F32D
2019-06-13 19:13:46,583 INFO  impl.RaftServerImpl (RaftServerImpl.java:setRole(164)) - 74d2ffc1-745f-4c1a-9401-137b1ece8223:group-EDC286A1F32D changes role from null to FOLLOWER at term 0 for startAsFollower
2019-06-13 19:13:46,583 INFO  impl.RoleInfo (RoleInfo.java:updateAndGet(143)) - 74d2ffc1-745f-4c1a-9401-137b1ece8223: start FollowerState
2019-06-13 19:13:46,584 INFO  util.JmxRegister (JmxRegister.java:tryRegister(44)) - Successfully registered JMX Bean with object name Ratis:service=RaftServer,group=group-EDC286A1F32D,id=74d2ffc1-745f-4c1a-9401-137b1ece8223
2019-06-13 19:13:46,609 INFO  pipeline.PipelineStateManager (PipelineStateManager.java:addPipeline(56)) - Created pipeline Pipeline[ Id: e98d1cc4-9207-4405-898a-edc286a1f32d, Nodes: 74d2ffc1-745f-4c1a-9401-137b1ece8223{ip: 192.168.46.41, host: ozone-ld922-666477418, networkLocation: /default-rack, certSerialId: null}5f623e1f-d5a1-46cb-80d7-44327f36f2e1{ip: 192.168.46.41, host: ozone-ld922-666477418, networkLocation: /default-rack, certSerialId: null}0648b2e2-fdfc-41ec-97df-bc2f9c4ea8df{ip: 192.168.46.41, host: ozone-ld922-666477418, networkLocation: /default-rack, certSerialId: null}, Type:RATIS, Factor:THREE, State:OPEN]
2019-06-13 19:13:46,868 INFO  ozone.MiniOzoneClusterImpl (MiniOzoneClusterImpl.java:lambda$waitForClusterToBeReady$0(142)) - Waiting for cluster to be ready. Got 3 of 4 DN Heartbeats.
2019-06-13 19:13:47,096 INFO  ozoneimpl.OzoneContainer (OzoneContainer.java:start(186)) - Attempting to start container services.
2019-06-13 19:13:47,098 INFO  ozoneimpl.OzoneContainer (OzoneContainer.java:startContainerScrub(160)) - Background container scrubber has been disabled by hdds.containerscrub.enabled
2019-06-13 19:13:47,317 INFO  impl.FollowerState (FollowerState.java:run(101)) - 0648b2e2-fdfc-41ec-97df-bc2f9c4ea8df:group-0258AE879100 changes to CANDIDATE, lastRpcTime:1083, electionTimeout:1078ms
2019-06-13 19:13:47,317 INFO  impl.RoleInfo (RoleInfo.java:shutdownFollowerState(121)) - 0648b2e2-fdfc-41ec-97df-bc2f9c4ea8df: shutdown FollowerState
2019-06-13 19:13:47,318 INFO  impl.RaftServerImpl (RaftServerImpl.java:setRole(164)) - 0648b2e2-fdfc-41ec-97df-bc2f9c4ea8df:group-0258AE879100 changes role from FOLLOWER to CANDIDATE at term 0 for changeToCandidate
2019-06-13 19:13:47,321 INFO  impl.RoleInfo (RoleInfo.java:updateAndGet(143)) - 0648b2e2-fdfc-41ec-97df-bc2f9c4ea8df: start LeaderElection
2019-06-13 19:13:47,328 INFO  impl.LeaderElection (LeaderElection.java:askForVotes(181)) - 0648b2e2-fdfc-41ec-97df-bc2f9c4ea8df:group-0258AE879100:LeaderElection1: begin an election at term 1 for -1: [0648b2e2-fdfc-41ec-97df-bc2f9c4ea8df:192.168.46.41:45421], old=null
2019-06-13 19:13:47,329 INFO  impl.RoleInfo (RoleInfo.java:shutdownLeaderElection(134)) - 0648b2e2-fdfc-41ec-97df-bc2f9c4ea8df: shutdown LeaderElection
2019-06-13 19:13:47,329 INFO  impl.RaftServerImpl (RaftServerImpl.java:setRole(164)) - 0648b2e2-fdfc-41ec-97df-bc2f9c4ea8df:group-0258AE879100 changes role from CANDIDATE to LEADER at term 1 for changeToLeader
2019-06-13 19:13:47,330 INFO  impl.RaftServerImpl (ServerState.java:setLeader(263)) - 0648b2e2-fdfc-41ec-97df-bc2f9c4ea8df:group-0258AE879100 change Leader from null to 0648b2e2-fdfc-41ec-97df-bc2f9c4ea8df at term 1 for becomeLeader, leader elected after 1266ms
2019-06-13 19:13:47,334 INFO  server.RaftServerConfigKeys (ConfUtils.java:logGet(43)) - raft.server.staging.catchup.gap = 1000 (default)
2019-06-13 19:13:47,334 INFO  server.RaftServerConfigKeys (ConfUtils.java:logGet(43)) - raft.server.rpc.sleep.time = 25ms (default)
2019-06-13 19:13:47,336 INFO  server.RaftServerConfigKeys (ConfUtils.java:logGet(43)) - raft.server.watch.timeout = 10s (default)
2019-06-13 19:13:47,336 INFO  server.RaftServerConfigKeys (ConfUtils.java:logGet(43)) - raft.server.watch.timeout.denomination = 1s (default)
2019-06-13 19:13:47,341 INFO  impl.RoleInfo (RoleInfo.java:updateAndGet(143)) - 0648b2e2-fdfc-41ec-97df-bc2f9c4ea8df: start LeaderState
2019-06-13 19:13:47,355 INFO  storage.RaftLogWorker (RaftLogWorker.java:startLogSegment(298)) - 0648b2e2-fdfc-41ec-97df-bc2f9c4ea8df-RaftLogWorker: Starting segment from index:0
2019-06-13 19:13:47,364 INFO  impl.RaftServerImpl (ServerState.java:setRaftConf(361)) - 0648b2e2-fdfc-41ec-97df-bc2f9c4ea8df:group-0258AE879100 set configuration 0: [0648b2e2-fdfc-41ec-97df-bc2f9c4ea8df:192.168.46.41:45421], old=null at 0
2019-06-13 19:13:47,394 INFO  impl.FollowerState (FollowerState.java:run(101)) - 74d2ffc1-745f-4c1a-9401-137b1ece8223:group-7D58C4DB3C0D changes to CANDIDATE, lastRpcTime:1078, electionTimeout:1077ms
2019-06-13 19:13:47,399 INFO  impl.RoleInfo (RoleInfo.java:shutdownFollowerState(121)) - 74d2ffc1-745f-4c1a-9401-137b1ece8223: shutdown FollowerState
2019-06-13 19:13:47,399 INFO  impl.RaftServerImpl (RaftServerImpl.java:setRole(164)) - 74d2ffc1-745f-4c1a-9401-137b1ece8223:group-7D58C4DB3C0D changes role from FOLLOWER to CANDIDATE at term 0 for changeToCandidate
2019-06-13 19:13:47,399 INFO  impl.RoleInfo (RoleInfo.java:updateAndGet(143)) - 74d2ffc1-745f-4c1a-9401-137b1ece8223: start LeaderElection
2019-06-13 19:13:47,416 INFO  impl.LeaderElection (LeaderElection.java:askForVotes(181)) - 74d2ffc1-745f-4c1a-9401-137b1ece8223:group-7D58C4DB3C0D:LeaderElection2: begin an election at term 1 for -1: [74d2ffc1-745f-4c1a-9401-137b1ece8223:192.168.46.41:42603], old=null
2019-06-13 19:13:47,417 INFO  impl.RoleInfo (RoleInfo.java:shutdownLeaderElection(134)) - 74d2ffc1-745f-4c1a-9401-137b1ece8223: shutdown LeaderElection
2019-06-13 19:13:47,417 INFO  impl.RaftServerImpl (RaftServerImpl.java:setRole(164)) - 74d2ffc1-745f-4c1a-9401-137b1ece8223:group-7D58C4DB3C0D changes role from CANDIDATE to LEADER at term 1 for changeToLeader
2019-06-13 19:13:47,417 INFO  impl.RaftServerImpl (ServerState.java:setLeader(263)) - 74d2ffc1-745f-4c1a-9401-137b1ece8223:group-7D58C4DB3C0D change Leader from null to 74d2ffc1-745f-4c1a-9401-137b1ece8223 at term 1 for becomeLeader, leader elected after 1105ms
2019-06-13 19:13:47,418 INFO  server.RaftServerConfigKeys (ConfUtils.java:logGet(43)) - raft.server.staging.catchup.gap = 1000 (default)
2019-06-13 19:13:47,418 INFO  server.RaftServerConfigKeys (ConfUtils.java:logGet(43)) - raft.server.rpc.sleep.time = 25ms (default)
2019-06-13 19:13:47,418 INFO  server.RaftServerConfigKeys (ConfUtils.java:logGet(43)) - raft.server.watch.timeout = 10s (default)
2019-06-13 19:13:47,419 INFO  server.RaftServerConfigKeys (ConfUtils.java:logGet(43)) - raft.server.watch.timeout.denomination = 1s (default)
2019-06-13 19:13:47,419 INFO  impl.RoleInfo (RoleInfo.java:updateAndGet(143)) - 74d2ffc1-745f-4c1a-9401-137b1ece8223: start LeaderState
2019-06-13 19:13:47,419 INFO  storage.RaftLogWorker (RaftLogWorker.java:startLogSegment(298)) - 74d2ffc1-745f-4c1a-9401-137b1ece8223-RaftLogWorker: Starting segment from index:0
2019-06-13 19:13:47,443 INFO  impl.RaftServerImpl (ServerState.java:setRaftConf(361)) - 74d2ffc1-745f-4c1a-9401-137b1ece8223:group-7D58C4DB3C0D set configuration 0: [74d2ffc1-745f-4c1a-9401-137b1ece8223:192.168.46.41:42603], old=null at 0
2019-06-13 19:13:47,469 INFO  impl.FollowerState (FollowerState.java:run(101)) - 5f623e1f-d5a1-46cb-80d7-44327f36f2e1:group-25FD6EF8E273 changes to CANDIDATE, lastRpcTime:1074, electionTimeout:1062ms
2019-06-13 19:13:47,469 INFO  impl.RoleInfo (RoleInfo.java:shutdownFollowerState(121)) - 5f623e1f-d5a1-46cb-80d7-44327f36f2e1: shutdown FollowerState
2019-06-13 19:13:47,469 INFO  impl.RaftServerImpl (RaftServerImpl.java:setRole(164)) - 5f623e1f-d5a1-46cb-80d7-44327f36f2e1:group-25FD6EF8E273 changes role from FOLLOWER to CANDIDATE at term 0 for changeToCandidate
2019-06-13 19:13:47,469 INFO  impl.RoleInfo (RoleInfo.java:updateAndGet(143)) - 5f623e1f-d5a1-46cb-80d7-44327f36f2e1: start LeaderElection
2019-06-13 19:13:47,479 INFO  impl.LeaderElection (LeaderElection.java:askForVotes(181)) - 5f623e1f-d5a1-46cb-80d7-44327f36f2e1:group-25FD6EF8E273:LeaderElection3: begin an election at term 1 for -1: [5f623e1f-d5a1-46cb-80d7-44327f36f2e1:192.168.46.41:38913], old=null
2019-06-13 19:13:47,479 INFO  impl.RoleInfo (RoleInfo.java:shutdownLeaderElection(134)) - 5f623e1f-d5a1-46cb-80d7-44327f36f2e1: shutdown LeaderElection
2019-06-13 19:13:47,479 INFO  impl.RaftServerImpl (RaftServerImpl.java:setRole(164)) - 5f623e1f-d5a1-46cb-80d7-44327f36f2e1:group-25FD6EF8E273 changes role from CANDIDATE to LEADER at term 1 for changeToLeader
2019-06-13 19:13:47,479 INFO  impl.RaftServerImpl (ServerState.java:setLeader(263)) - 5f623e1f-d5a1-46cb-80d7-44327f36f2e1:group-25FD6EF8E273 change Leader from null to 5f623e1f-d5a1-46cb-80d7-44327f36f2e1 at term 1 for becomeLeader, leader elected after 1101ms
2019-06-13 19:13:47,480 INFO  server.RaftServerConfigKeys (ConfUtils.java:logGet(43)) - raft.server.staging.catchup.gap = 1000 (default)
2019-06-13 19:13:47,480 INFO  server.RaftServerConfigKeys (ConfUtils.java:logGet(43)) - raft.server.rpc.sleep.time = 25ms (default)
2019-06-13 19:13:47,480 INFO  server.RaftServerConfigKeys (ConfUtils.java:logGet(43)) - raft.server.watch.timeout = 10s (default)
2019-06-13 19:13:47,480 INFO  server.RaftServerConfigKeys (ConfUtils.java:logGet(43)) - raft.server.watch.timeout.denomination = 1s (default)
2019-06-13 19:13:47,481 INFO  impl.RoleInfo (RoleInfo.java:updateAndGet(143)) - 5f623e1f-d5a1-46cb-80d7-44327f36f2e1: start LeaderState
2019-06-13 19:13:47,481 INFO  storage.RaftLogWorker (RaftLogWorker.java:startLogSegment(298)) - 5f623e1f-d5a1-46cb-80d7-44327f36f2e1-RaftLogWorker: Starting segment from index:0
2019-06-13 19:13:47,482 INFO  impl.RaftServerImpl (ServerState.java:setRaftConf(361)) - 5f623e1f-d5a1-46cb-80d7-44327f36f2e1:group-25FD6EF8E273 set configuration 0: [5f623e1f-d5a1-46cb-80d7-44327f36f2e1:192.168.46.41:38913], old=null at 0
2019-06-13 19:13:47,586 INFO  impl.FollowerState (FollowerState.java:run(101)) - 74d2ffc1-745f-4c1a-9401-137b1ece8223:group-EDC286A1F32D changes to CANDIDATE, lastRpcTime:1003, electionTimeout:1001ms
2019-06-13 19:13:47,586 INFO  impl.RoleInfo (RoleInfo.java:shutdownFollowerState(121)) - 74d2ffc1-745f-4c1a-9401-137b1ece8223: shutdown FollowerState
2019-06-13 19:13:47,586 INFO  impl.RaftServerImpl (RaftServerImpl.java:setRole(164)) - 74d2ffc1-745f-4c1a-9401-137b1ece8223:group-EDC286A1F32D changes role from FOLLOWER to CANDIDATE at term 0 for changeToCandidate
2019-06-13 19:13:47,586 INFO  impl.RoleInfo (RoleInfo.java:updateAndGet(143)) - 74d2ffc1-745f-4c1a-9401-137b1ece8223: start LeaderElection
2019-06-13 19:13:47,606 INFO  storage.RaftLogWorker (RaftLogWorker.java:execute(469)) - 74d2ffc1-745f-4c1a-9401-137b1ece8223-RaftLogWorker: created new log segment /opt/src/hadoop-ozone/integration-test/target/test-dir/MiniOzoneClusterImpl-a42d3b4b-e56b-4764-8008-ba5e6c1f637d/datanode-2/data/ratis/81f76c88-fb77-4726-b025-7d58c4db3c0d/current/log_inprogress_0
2019-06-13 19:13:47,609 INFO  impl.LeaderElection (LeaderElection.java:askForVotes(181)) - 74d2ffc1-745f-4c1a-9401-137b1ece8223:group-EDC286A1F32D:LeaderElection4: begin an election at term 1 for -1: [5f623e1f-d5a1-46cb-80d7-44327f36f2e1:192.168.46.41:38913, 74d2ffc1-745f-4c1a-9401-137b1ece8223:192.168.46.41:42603, 0648b2e2-fdfc-41ec-97df-bc2f9c4ea8df:192.168.46.41:45421], old=null
2019-06-13 19:13:47,614 INFO  storage.RaftLogWorker (RaftLogWorker.java:execute(469)) - 5f623e1f-d5a1-46cb-80d7-44327f36f2e1-RaftLogWorker: created new log segment /opt/src/hadoop-ozone/integration-test/target/test-dir/MiniOzoneClusterImpl-a42d3b4b-e56b-4764-8008-ba5e6c1f637d/datanode-3/data/ratis/103dcb18-4dee-404c-9a7e-25fd6ef8e273/current/log_inprogress_0
2019-06-13 19:13:47,615 INFO  storage.RaftLogWorker (RaftLogWorker.java:execute(469)) - 0648b2e2-fdfc-41ec-97df-bc2f9c4ea8df-RaftLogWorker: created new log segment /opt/src/hadoop-ozone/integration-test/target/test-dir/MiniOzoneClusterImpl-a42d3b4b-e56b-4764-8008-ba5e6c1f637d/datanode-1/data/ratis/e18f09e2-adda-476c-b619-0258ae879100/current/log_inprogress_0
2019-06-13 19:13:47,657 INFO  impl.RaftServerImpl (RaftServerImpl.java:setRole(164)) - 0648b2e2-fdfc-41ec-97df-bc2f9c4ea8df:group-EDC286A1F32D changes role from FOLLOWER to FOLLOWER at term 1 for recognizeCandidate:74d2ffc1-745f-4c1a-9401-137b1ece8223
2019-06-13 19:13:47,658 INFO  impl.RoleInfo (RoleInfo.java:shutdownFollowerState(121)) - 0648b2e2-fdfc-41ec-97df-bc2f9c4ea8df: shutdown FollowerState
2019-06-13 19:13:47,658 INFO  impl.RoleInfo (RoleInfo.java:updateAndGet(143)) - 0648b2e2-fdfc-41ec-97df-bc2f9c4ea8df: start FollowerState
2019-06-13 19:13:47,658 INFO  impl.FollowerState (FollowerState.java:run(109)) - 0648b2e2-fdfc-41ec-97df-bc2f9c4ea8df: FollowerState was interrupted: java.lang.InterruptedException: sleep interrupted
2019-06-13 19:13:47,658 INFO  impl.RaftServerImpl (RaftServerImpl.java:setRole(164)) - 5f623e1f-d5a1-46cb-80d7-44327f36f2e1:group-EDC286A1F32D changes role from FOLLOWER to FOLLOWER at term 1 for recognizeCandidate:74d2ffc1-745f-4c1a-9401-137b1ece8223
2019-06-13 19:13:47,658 INFO  impl.RoleInfo (RoleInfo.java:shutdownFollowerState(121)) - 5f623e1f-d5a1-46cb-80d7-44327f36f2e1: shutdown FollowerState
2019-06-13 19:13:47,666 INFO  impl.RoleInfo (RoleInfo.java:updateAndGet(143)) - 5f623e1f-d5a1-46cb-80d7-44327f36f2e1: start FollowerState
2019-06-13 19:13:47,666 INFO  impl.FollowerState (FollowerState.java:run(109)) - 5f623e1f-d5a1-46cb-80d7-44327f36f2e1: FollowerState was interrupted: java.lang.InterruptedException: sleep interrupted
2019-06-13 19:13:47,684 INFO  impl.LeaderElection (LeaderElection.java:logAndReturn(56)) - 74d2ffc1-745f-4c1a-9401-137b1ece8223:group-EDC286A1F32D:LeaderElection4: Election PASSED; received 1 response(s) [74d2ffc1-745f-4c1a-9401-137b1ece8223->0648b2e2-fdfc-41ec-97df-bc2f9c4ea8df,true-t1] and 0 exception(s); 74d2ffc1-745f-4c1a-9401-137b1ece8223:t1, leader=null, voted=74d2ffc1-745f-4c1a-9401-137b1ece8223, raftlog=74d2ffc1-745f-4c1a-9401-137b1ece8223-SegmentedRaftLog:OPENED:c-1,f-1,i0, conf=-1: [5f623e1f-d5a1-46cb-80d7-44327f36f2e1:192.168.46.41:38913, 74d2ffc1-745f-4c1a-9401-137b1ece8223:192.168.46.41:42603, 0648b2e2-fdfc-41ec-97df-bc2f9c4ea8df:192.168.46.41:45421], old=null
2019-06-13 19:13:47,684 INFO  impl.RoleInfo (RoleInfo.java:shutdownLeaderElection(134)) - 74d2ffc1-745f-4c1a-9401-137b1ece8223: shutdown LeaderElection
2019-06-13 19:13:47,684 INFO  impl.RaftServerImpl (RaftServerImpl.java:setRole(164)) - 74d2ffc1-745f-4c1a-9401-137b1ece8223:group-EDC286A1F32D changes role from CANDIDATE to LEADER at term 1 for changeToLeader
2019-06-13 19:13:47,688 INFO  impl.RaftServerImpl (ServerState.java:setLeader(263)) - 74d2ffc1-745f-4c1a-9401-137b1ece8223:group-EDC286A1F32D change Leader from null to 74d2ffc1-745f-4c1a-9401-137b1ece8223 at term 1 for becomeLeader, leader elected after 1114ms
2019-06-13 19:13:47,688 INFO  server.RaftServerConfigKeys (ConfUtils.java:logGet(43)) - raft.server.staging.catchup.gap = 1000 (default)
2019-06-13 19:13:47,688 INFO  server.RaftServerConfigKeys (ConfUtils.java:logGet(43)) - raft.server.rpc.sleep.time = 25ms (default)
2019-06-13 19:13:47,688 INFO  server.RaftServerConfigKeys (ConfUtils.java:logGet(43)) - raft.server.watch.timeout = 10s (default)
2019-06-13 19:13:47,688 INFO  server.RaftServerConfigKeys (ConfUtils.java:logGet(43)) - raft.server.watch.timeout.denomination = 1s (default)
2019-06-13 19:13:47,691 INFO  server.RaftServerConfigKeys (ConfUtils.java:logGet(43)) - raft.server.log.appender.snapshot.chunk.size.max = 16MB (=16777216) (default)
2019-06-13 19:13:47,691 INFO  server.RaftServerConfigKeys (ConfUtils.java:logGet(43)) - raft.server.log.appender.buffer.byte-limit = 33554432 (custom)
2019-06-13 19:13:47,692 INFO  server.RaftServerConfigKeys (ConfUtils.java:logGet(43)) - raft.server.log.appender.buffer.element-limit = 1 (custom)
2019-06-13 19:13:47,693 INFO  grpc.GrpcConfigKeys$Server (ConfUtils.java:logGet(43)) - raft.grpc.server.leader.outstanding.appends.max = 128 (default)
2019-06-13 19:13:47,693 INFO  server.RaftServerConfigKeys (ConfUtils.java:logGet(43)) - raft.server.rpc.request.timeout = 3000ms (default)
2019-06-13 19:13:47,693 INFO  server.RaftServerConfigKeys (ConfUtils.java:logGet(43)) - raft.server.log.appender.install.snapshot.enabled = true (default)
2019-06-13 19:13:47,693 INFO  server.RaftServerConfigKeys (ConfUtils.java:logGet(43)) - raft.server.log.appender.snapshot.chunk.size.max = 16MB (=16777216) (default)
2019-06-13 19:13:47,694 INFO  server.RaftServerConfigKeys (ConfUtils.java:logGet(43)) - raft.server.log.appender.buffer.byte-limit = 33554432 (custom)
2019-06-13 19:13:47,694 INFO  server.RaftServerConfigKeys (ConfUtils.java:logGet(43)) - raft.server.log.appender.buffer.element-limit = 1 (custom)
2019-06-13 19:13:47,694 INFO  grpc.GrpcConfigKeys$Server (ConfUtils.java:logGet(43)) - raft.grpc.server.leader.outstanding.appends.max = 128 (default)
2019-06-13 19:13:47,694 INFO  server.RaftServerConfigKeys (ConfUtils.java:logGet(43)) - raft.server.rpc.request.timeout = 3000ms (default)
2019-06-13 19:13:47,694 INFO  server.RaftServerConfigKeys (ConfUtils.java:logGet(43)) - raft.server.log.appender.install.snapshot.enabled = true (default)
2019-06-13 19:13:47,694 INFO  impl.RoleInfo (RoleInfo.java:updateAndGet(143)) - 74d2ffc1-745f-4c1a-9401-137b1ece8223: start LeaderState
2019-06-13 19:13:47,695 INFO  storage.RaftLogWorker (RaftLogWorker.java:startLogSegment(298)) - 74d2ffc1-745f-4c1a-9401-137b1ece8223-RaftLogWorker: Starting segment from index:0
2019-06-13 19:13:47,718 INFO  impl.RaftServerImpl (ServerState.java:setRaftConf(361)) - 74d2ffc1-745f-4c1a-9401-137b1ece8223:group-EDC286A1F32D set configuration 0: [5f623e1f-d5a1-46cb-80d7-44327f36f2e1:192.168.46.41:38913, 74d2ffc1-745f-4c1a-9401-137b1ece8223:192.168.46.41:42603, 0648b2e2-fdfc-41ec-97df-bc2f9c4ea8df:192.168.46.41:45421], old=null at 0
2019-06-13 19:13:47,749 INFO  impl.RaftServerImpl (ServerState.java:setLeader(263)) - 0648b2e2-fdfc-41ec-97df-bc2f9c4ea8df:group-EDC286A1F32D change Leader from null to 74d2ffc1-745f-4c1a-9401-137b1ece8223 at term 1 for appendEntries, leader elected after 1179ms
2019-06-13 19:13:47,751 INFO  impl.RaftServerImpl (ServerState.java:setLeader(263)) - 5f623e1f-d5a1-46cb-80d7-44327f36f2e1:group-EDC286A1F32D change Leader from null to 74d2ffc1-745f-4c1a-9401-137b1ece8223 at term 1 for appendEntries, leader elected after 1224ms
2019-06-13 19:13:47,751 INFO  storage.RaftLogWorker (RaftLogWorker.java:execute(469)) - 74d2ffc1-745f-4c1a-9401-137b1ece8223-RaftLogWorker: created new log segment /opt/src/hadoop-ozone/integration-test/target/test-dir/MiniOzoneClusterImpl-a42d3b4b-e56b-4764-8008-ba5e6c1f637d/datanode-2/data/ratis/e98d1cc4-9207-4405-898a-edc286a1f32d/current/log_inprogress_0
2019-06-13 19:13:47,784 INFO  impl.RaftServerImpl (ServerState.java:setRaftConf(361)) - 0648b2e2-fdfc-41ec-97df-bc2f9c4ea8df:group-EDC286A1F32D set configuration 0: [5f623e1f-d5a1-46cb-80d7-44327f36f2e1:192.168.46.41:38913, 74d2ffc1-745f-4c1a-9401-137b1ece8223:192.168.46.41:42603, 0648b2e2-fdfc-41ec-97df-bc2f9c4ea8df:192.168.46.41:45421], old=null at 0
2019-06-13 19:13:47,784 INFO  impl.RaftServerImpl (ServerState.java:setRaftConf(361)) - 5f623e1f-d5a1-46cb-80d7-44327f36f2e1:group-EDC286A1F32D set configuration 0: [5f623e1f-d5a1-46cb-80d7-44327f36f2e1:192.168.46.41:38913, 74d2ffc1-745f-4c1a-9401-137b1ece8223:192.168.46.41:42603, 0648b2e2-fdfc-41ec-97df-bc2f9c4ea8df:192.168.46.41:45421], old=null at 0
2019-06-13 19:13:47,785 INFO  storage.RaftLogWorker (RaftLogWorker.java:startLogSegment(298)) - 0648b2e2-fdfc-41ec-97df-bc2f9c4ea8df-RaftLogWorker: Starting segment from index:0
2019-06-13 19:13:47,785 INFO  storage.RaftLogWorker (RaftLogWorker.java:startLogSegment(298)) - 5f623e1f-d5a1-46cb-80d7-44327f36f2e1-RaftLogWorker: Starting segment from index:0
2019-06-13 19:13:47,831 INFO  storage.RaftLogWorker (RaftLogWorker.java:execute(469)) - 0648b2e2-fdfc-41ec-97df-bc2f9c4ea8df-RaftLogWorker: created new log segment /opt/src/hadoop-ozone/integration-test/target/test-dir/MiniOzoneClusterImpl-a42d3b4b-e56b-4764-8008-ba5e6c1f637d/datanode-1/data/ratis/e98d1cc4-9207-4405-898a-edc286a1f32d/current/log_inprogress_0
2019-06-13 19:13:47,865 INFO  storage.RaftLogWorker (RaftLogWorker.java:execute(469)) - 5f623e1f-d5a1-46cb-80d7-44327f36f2e1-RaftLogWorker: created new log segment /opt/src/hadoop-ozone/integration-test/target/test-dir/MiniOzoneClusterImpl-a42d3b4b-e56b-4764-8008-ba5e6c1f637d/datanode-3/data/ratis/e98d1cc4-9207-4405-898a-edc286a1f32d/current/log_inprogress_0
2019-06-13 19:13:47,868 INFO  ozone.MiniOzoneClusterImpl (MiniOzoneClusterImpl.java:lambda$waitForClusterToBeReady$0(142)) - Waiting for cluster to be ready. Got 3 of 4 DN Heartbeats.
2019-06-13 19:13:48,868 INFO  ozone.MiniOzoneClusterImpl (MiniOzoneClusterImpl.java:lambda$waitForClusterToBeReady$0(142)) - Waiting for cluster to be ready. Got 3 of 4 DN Heartbeats.
2019-06-13 19:13:49,094 INFO  ozoneimpl.OzoneContainer (OzoneContainer.java:start(186)) - Attempting to start container services.
2019-06-13 19:13:49,094 INFO  ozoneimpl.OzoneContainer (OzoneContainer.java:startContainerScrub(160)) - Background container scrubber has been disabled by hdds.containerscrub.enabled
2019-06-13 19:13:49,869 INFO  ozone.MiniOzoneClusterImpl (MiniOzoneClusterImpl.java:lambda$waitForClusterToBeReady$0(142)) - Waiting for cluster to be ready. Got 3 of 4 DN Heartbeats.
2019-06-13 19:13:50,869 INFO  ozone.MiniOzoneClusterImpl (MiniOzoneClusterImpl.java:lambda$waitForClusterToBeReady$0(142)) - Waiting for cluster to be ready. Got 3 of 4 DN Heartbeats.
2019-06-13 19:13:51,094 INFO  ozoneimpl.OzoneContainer (OzoneContainer.java:start(186)) - Attempting to start container services.
2019-06-13 19:13:51,095 INFO  ozoneimpl.OzoneContainer (OzoneContainer.java:startContainerScrub(160)) - Background container scrubber has been disabled by hdds.containerscrub.enabled
2019-06-13 19:13:51,869 INFO  ozone.MiniOzoneClusterImpl (MiniOzoneClusterImpl.java:lambda$waitForClusterToBeReady$0(142)) - Waiting for cluster to be ready. Got 3 of 4 DN Heartbeats.
2019-06-13 19:13:52,870 INFO  ozone.MiniOzoneClusterImpl (MiniOzoneClusterImpl.java:lambda$waitForClusterToBeReady$0(142)) - Waiting for cluster to be ready. Got 3 of 4 DN Heartbeats.
2019-06-13 19:13:53,095 INFO  ozoneimpl.OzoneContainer (OzoneContainer.java:start(186)) - Attempting to start container services.
2019-06-13 19:13:53,095 INFO  ozoneimpl.OzoneContainer (OzoneContainer.java:startContainerScrub(160)) - Background container scrubber has been disabled by hdds.containerscrub.enabled
2019-06-13 19:13:53,870 INFO  ozone.MiniOzoneClusterImpl (MiniOzoneClusterImpl.java:lambda$waitForClusterToBeReady$0(142)) - Waiting for cluster to be ready. Got 3 of 4 DN Heartbeats.
2019-06-13 19:13:54,870 INFO  ozone.MiniOzoneClusterImpl (MiniOzoneClusterImpl.java:lambda$waitForClusterToBeReady$0(142)) - Waiting for cluster to be ready. Got 3 of 4 DN Heartbeats.
2019-06-13 19:13:55,094 INFO  ozoneimpl.OzoneContainer (OzoneContainer.java:start(186)) - Attempting to start container services.
2019-06-13 19:13:55,094 INFO  ozoneimpl.OzoneContainer (OzoneContainer.java:startContainerScrub(160)) - Background container scrubber has been disabled by hdds.containerscrub.enabled
2019-06-13 19:13:55,871 INFO  ozone.MiniOzoneClusterImpl (MiniOzoneClusterImpl.java:lambda$waitForClusterToBeReady$0(142)) - Waiting for cluster to be ready. Got 3 of 4 DN Heartbeats.
2019-06-13 19:13:56,871 INFO  ozone.MiniOzoneClusterImpl (MiniOzoneClusterImpl.java:lambda$waitForClusterToBeReady$0(142)) - Waiting for cluster to be ready. Got 3 of 4 DN Heartbeats.
2019-06-13 19:13:57,094 INFO  ozoneimpl.OzoneContainer (OzoneContainer.java:start(186)) - Attempting to start container services.
2019-06-13 19:13:57,094 INFO  ozoneimpl.OzoneContainer (OzoneContainer.java:startContainerScrub(160)) - Background container scrubber has been disabled by hdds.containerscrub.enabled
2019-06-13 19:13:57,871 INFO  ozone.MiniOzoneClusterImpl (MiniOzoneClusterImpl.java:lambda$waitForClusterToBeReady$0(142)) - Waiting for cluster to be ready. Got 3 of 4 DN Heartbeats.
2019-06-13 19:13:58,872 INFO  ozone.MiniOzoneClusterImpl (MiniOzoneClusterImpl.java:lambda$waitForClusterToBeReady$0(142)) - Waiting for cluster to be ready. Got 3 of 4 DN Heartbeats.
2019-06-13 19:13:59,094 INFO  ozoneimpl.OzoneContainer (OzoneContainer.java:start(186)) - Attempting to start container services.
2019-06-13 19:13:59,094 INFO  ozoneimpl.OzoneContainer (OzoneContainer.java:startContainerScrub(160)) - Background container scrubber has been disabled by hdds.containerscrub.enabled
2019-06-13 19:13:59,872 INFO  ozone.MiniOzoneClusterImpl (MiniOzoneClusterImpl.java:lambda$waitForClusterToBeReady$0(142)) - Waiting for cluster to be ready. Got 3 of 4 DN Heartbeats.
2019-06-13 19:14:00,873 INFO  ozone.MiniOzoneClusterImpl (MiniOzoneClusterImpl.java:lambda$waitForClusterToBeReady$0(142)) - Waiting for cluster to be ready. Got 3 of 4 DN Heartbeats.
2019-06-13 19:14:01,094 INFO  ozoneimpl.OzoneContainer (OzoneContainer.java:start(186)) - Attempting to start container services.
2019-06-13 19:14:01,094 INFO  ozoneimpl.OzoneContainer (OzoneContainer.java:startContainerScrub(160)) - Background container scrubber has been disabled by hdds.containerscrub.enabled
2019-06-13 19:14:01,873 INFO  ozone.MiniOzoneClusterImpl (MiniOzoneClusterImpl.java:lambda$waitForClusterToBeReady$0(142)) - Waiting for cluster to be ready. Got 3 of 4 DN Heartbeats.
2019-06-13 19:14:02,873 INFO  ozone.MiniOzoneClusterImpl (MiniOzoneClusterImpl.java:lambda$waitForClusterToBeReady$0(142)) - Waiting for cluster to be ready. Got 3 of 4 DN Heartbeats.
2019-06-13 19:14:03,094 INFO  ozoneimpl.OzoneContainer (OzoneContainer.java:start(186)) - Attempting to start container services.
2019-06-13 19:14:03,094 INFO  ozoneimpl.OzoneContainer (OzoneContainer.java:startContainerScrub(160)) - Background container scrubber has been disabled by hdds.containerscrub.enabled
2019-06-13 19:14:03,096 ERROR statemachine.EndpointStateMachine (EndpointStateMachine.java:logIfNeeded(204)) - Unable to communicate to SCM server at 0.0.0.0:34963 for past 10 seconds.
java.io.IOException: Failed to bind
	at org.apache.ratis.thirdparty.io.grpc.netty.NettyServer.start(NettyServer.java:253)
	at org.apache.ratis.thirdparty.io.grpc.internal.ServerImpl.start(ServerImpl.java:166)
	at org.apache.ratis.thirdparty.io.grpc.internal.ServerImpl.start(ServerImpl.java:81)
	at org.apache.hadoop.ozone.container.common.transport.server.XceiverServerGrpc.start(XceiverServerGrpc.java:166)
	at org.apache.hadoop.ozone.container.ozoneimpl.OzoneContainer.start(OzoneContainer.java:189)
	at org.apache.hadoop.ozone.container.common.states.endpoint.VersionEndpointTask.call(VersionEndpointTask.java:110)
	at org.apache.hadoop.ozone.container.common.states.endpoint.VersionEndpointTask.call(VersionEndpointTask.java:42)
	at java.util.concurrent.FutureTask.run(FutureTask.java:266)
	at java.util.concurrent.Executors$RunnableAdapter.call(Executors.java:511)
	at java.util.concurrent.FutureTask.run(FutureTask.java:266)
	at java.util.concurrent.ThreadPoolExecutor.runWorker(ThreadPoolExecutor.java:1149)
	at java.util.concurrent.ThreadPoolExecutor$Worker.run(ThreadPoolExecutor.java:624)
	at java.lang.Thread.run(Thread.java:748)
Caused by: java.net.BindException: Address in use
	at sun.nio.ch.Net.bind0(Native Method)
	at sun.nio.ch.Net.bind(Net.java:433)
	at sun.nio.ch.Net.bind(Net.java:425)
	at sun.nio.ch.ServerSocketChannelImpl.bind(ServerSocketChannelImpl.java:223)
	at org.apache.ratis.thirdparty.io.netty.channel.socket.nio.NioServerSocketChannel.doBind(NioServerSocketChannel.java:130)
	at org.apache.ratis.thirdparty.io.netty.channel.AbstractChannel$AbstractUnsafe.bind(AbstractChannel.java:558)
	at org.apache.ratis.thirdparty.io.netty.channel.DefaultChannelPipeline$HeadContext.bind(DefaultChannelPipeline.java:1358)
	at org.apache.ratis.thirdparty.io.netty.channel.AbstractChannelHandlerContext.invokeBind(AbstractChannelHandlerContext.java:501)
	at org.apache.ratis.thirdparty.io.netty.channel.AbstractChannelHandlerContext.bind(AbstractChannelHandlerContext.java:486)
	at org.apache.ratis.thirdparty.io.netty.channel.DefaultChannelPipeline.bind(DefaultChannelPipeline.java:1019)
	at org.apache.ratis.thirdparty.io.netty.channel.AbstractChannel.bind(AbstractChannel.java:254)
	at org.apache.ratis.thirdparty.io.netty.bootstrap.AbstractBootstrap$2.run(AbstractBootstrap.java:366)
	at org.apache.ratis.thirdparty.io.netty.util.concurrent.AbstractEventExecutor.safeExecute(AbstractEventExecutor.java:163)
	at org.apache.ratis.thirdparty.io.netty.util.concurrent.SingleThreadEventExecutor.runAllTasks(SingleThreadEventExecutor.java:404)
	at org.apache.ratis.thirdparty.io.netty.channel.nio.NioEventLoop.run(NioEventLoop.java:462)
	at org.apache.ratis.thirdparty.io.netty.util.concurrent.SingleThreadEventExecutor$5.run(SingleThreadEventExecutor.java:897)
	at org.apache.ratis.thirdparty.io.netty.util.concurrent.FastThreadLocalRunnable.run(FastThreadLocalRunnable.java:30)
	... 1 more
2019-06-13 19:14:03,874 INFO  ozone.MiniOzoneClusterImpl (MiniOzoneClusterImpl.java:lambda$waitForClusterToBeReady$0(142)) - Waiting for cluster to be ready. Got 3 of 4 DN Heartbeats.
2019-06-13 19:14:04,874 INFO  ozone.MiniOzoneClusterImpl (MiniOzoneClusterImpl.java:lambda$waitForClusterToBeReady$0(142)) - Waiting for cluster to be ready. Got 3 of 4 DN Heartbeats.
2019-06-13 19:14:05,094 INFO  ozoneimpl.OzoneContainer (OzoneContainer.java:start(186)) - Attempting to start container services.
2019-06-13 19:14:05,094 INFO  ozoneimpl.OzoneContainer (OzoneContainer.java:startContainerScrub(160)) - Background container scrubber has been disabled by hdds.containerscrub.enabled
2019-06-13 19:14:05,874 INFO  ozone.MiniOzoneClusterImpl (MiniOzoneClusterImpl.java:lambda$waitForClusterToBeReady$0(142)) - Waiting for cluster to be ready. Got 3 of 4 DN Heartbeats.
2019-06-13 19:14:06,875 INFO  ozone.MiniOzoneClusterImpl (MiniOzoneClusterImpl.java:lambda$waitForClusterToBeReady$0(142)) - Waiting for cluster to be ready. Got 3 of 4 DN Heartbeats.
2019-06-13 19:14:07,094 INFO  ozoneimpl.OzoneContainer (OzoneContainer.java:start(186)) - Attempting to start container services.
2019-06-13 19:14:07,094 INFO  ozoneimpl.OzoneContainer (OzoneContainer.java:startContainerScrub(160)) - Background container scrubber has been disabled by hdds.containerscrub.enabled
2019-06-13 19:14:07,875 INFO  ozone.MiniOzoneClusterImpl (MiniOzoneClusterImpl.java:lambda$waitForClusterToBeReady$0(142)) - Waiting for cluster to be ready. Got 3 of 4 DN Heartbeats.
2019-06-13 19:14:08,876 INFO  ozone.MiniOzoneClusterImpl (MiniOzoneClusterImpl.java:lambda$waitForClusterToBeReady$0(142)) - Waiting for cluster to be ready. Got 3 of 4 DN Heartbeats.
2019-06-13 19:14:09,094 INFO  ozoneimpl.OzoneContainer (OzoneContainer.java:start(186)) - Attempting to start container services.
2019-06-13 19:14:09,094 INFO  ozoneimpl.OzoneContainer (OzoneContainer.java:startContainerScrub(160)) - Background container scrubber has been disabled by hdds.containerscrub.enabled
2019-06-13 19:14:09,876 INFO  ozone.MiniOzoneClusterImpl (MiniOzoneClusterImpl.java:lambda$waitForClusterToBeReady$0(142)) - Waiting for cluster to be ready. Got 3 of 4 DN Heartbeats.
2019-06-13 19:14:10,876 INFO  ozone.MiniOzoneClusterImpl (MiniOzoneClusterImpl.java:lambda$waitForClusterToBeReady$0(142)) - Waiting for cluster to be ready. Got 3 of 4 DN Heartbeats.
2019-06-13 19:14:11,094 INFO  ozoneimpl.OzoneContainer (OzoneContainer.java:start(186)) - Attempting to start container services.
2019-06-13 19:14:11,094 INFO  ozoneimpl.OzoneContainer (OzoneContainer.java:startContainerScrub(160)) - Background container scrubber has been disabled by hdds.containerscrub.enabled
2019-06-13 19:14:11,877 INFO  ozone.MiniOzoneClusterImpl (MiniOzoneClusterImpl.java:lambda$waitForClusterToBeReady$0(142)) - Waiting for cluster to be ready. Got 3 of 4 DN Heartbeats.
2019-06-13 19:14:12,877 INFO  ozone.MiniOzoneClusterImpl (MiniOzoneClusterImpl.java:lambda$waitForClusterToBeReady$0(142)) - Waiting for cluster to be ready. Got 3 of 4 DN Heartbeats.
2019-06-13 19:14:13,093 INFO  ozoneimpl.OzoneContainer (OzoneContainer.java:start(186)) - Attempting to start container services.
2019-06-13 19:14:13,094 INFO  ozoneimpl.OzoneContainer (OzoneContainer.java:startContainerScrub(160)) - Background container scrubber has been disabled by hdds.containerscrub.enabled
2019-06-13 19:14:13,877 INFO  ozone.MiniOzoneClusterImpl (MiniOzoneClusterImpl.java:lambda$waitForClusterToBeReady$0(142)) - Waiting for cluster to be ready. Got 3 of 4 DN Heartbeats.
2019-06-13 19:14:14,878 INFO  ozone.MiniOzoneClusterImpl (MiniOzoneClusterImpl.java:lambda$waitForClusterToBeReady$0(142)) - Waiting for cluster to be ready. Got 3 of 4 DN Heartbeats.
2019-06-13 19:14:15,094 INFO  ozoneimpl.OzoneContainer (OzoneContainer.java:start(186)) - Attempting to start container services.
2019-06-13 19:14:15,095 INFO  ozoneimpl.OzoneContainer (OzoneContainer.java:startContainerScrub(160)) - Background container scrubber has been disabled by hdds.containerscrub.enabled
2019-06-13 19:14:15,878 INFO  ozone.MiniOzoneClusterImpl (MiniOzoneClusterImpl.java:lambda$waitForClusterToBeReady$0(142)) - Waiting for cluster to be ready. Got 3 of 4 DN Heartbeats.
2019-06-13 19:14:16,878 INFO  ozone.MiniOzoneClusterImpl (MiniOzoneClusterImpl.java:lambda$waitForClusterToBeReady$0(142)) - Waiting for cluster to be ready. Got 3 of 4 DN Heartbeats.
2019-06-13 19:14:17,095 INFO  ozoneimpl.OzoneContainer (OzoneContainer.java:start(186)) - Attempting to start container services.
2019-06-13 19:14:17,095 INFO  ozoneimpl.OzoneContainer (OzoneContainer.java:startContainerScrub(160)) - Background container scrubber has been disabled by hdds.containerscrub.enabled
2019-06-13 19:14:17,879 INFO  ozone.MiniOzoneClusterImpl (MiniOzoneClusterImpl.java:lambda$waitForClusterToBeReady$0(142)) - Waiting for cluster to be ready. Got 3 of 4 DN Heartbeats.
2019-06-13 19:14:18,879 INFO  ozone.MiniOzoneClusterImpl (MiniOzoneClusterImpl.java:lambda$waitForClusterToBeReady$0(142)) - Waiting for cluster to be ready. Got 3 of 4 DN Heartbeats.
2019-06-13 19:14:19,095 INFO  ozoneimpl.OzoneContainer (OzoneContainer.java:start(186)) - Attempting to start container services.
2019-06-13 19:14:19,095 INFO  ozoneimpl.OzoneContainer (OzoneContainer.java:startContainerScrub(160)) - Background container scrubber has been disabled by hdds.containerscrub.enabled
2019-06-13 19:14:19,879 INFO  ozone.MiniOzoneClusterImpl (MiniOzoneClusterImpl.java:lambda$waitForClusterToBeReady$0(142)) - Waiting for cluster to be ready. Got 3 of 4 DN Heartbeats.
2019-06-13 19:14:20,880 INFO  ozone.MiniOzoneClusterImpl (MiniOzoneClusterImpl.java:lambda$waitForClusterToBeReady$0(142)) - Waiting for cluster to be ready. Got 3 of 4 DN Heartbeats.
2019-06-13 19:14:21,095 INFO  ozoneimpl.OzoneContainer (OzoneContainer.java:start(186)) - Attempting to start container services.
2019-06-13 19:14:21,095 INFO  ozoneimpl.OzoneContainer (OzoneContainer.java:startContainerScrub(160)) - Background container scrubber has been disabled by hdds.containerscrub.enabled
2019-06-13 19:14:21,880 INFO  ozone.MiniOzoneClusterImpl (MiniOzoneClusterImpl.java:lambda$waitForClusterToBeReady$0(142)) - Waiting for cluster to be ready. Got 3 of 4 DN Heartbeats.
2019-06-13 19:14:22,880 INFO  ozone.MiniOzoneClusterImpl (MiniOzoneClusterImpl.java:lambda$waitForClusterToBeReady$0(142)) - Waiting for cluster to be ready. Got 3 of 4 DN Heartbeats.
2019-06-13 19:14:23,095 INFO  ozoneimpl.OzoneContainer (OzoneContainer.java:start(186)) - Attempting to start container services.
2019-06-13 19:14:23,095 INFO  ozoneimpl.OzoneContainer (OzoneContainer.java:startContainerScrub(160)) - Background container scrubber has been disabled by hdds.containerscrub.enabled
2019-06-13 19:14:23,097 ERROR statemachine.EndpointStateMachine (EndpointStateMachine.java:logIfNeeded(204)) - Unable to communicate to SCM server at 0.0.0.0:34963 for past 20 seconds.
java.io.IOException: Failed to bind
	at org.apache.ratis.thirdparty.io.grpc.netty.NettyServer.start(NettyServer.java:253)
	at org.apache.ratis.thirdparty.io.grpc.internal.ServerImpl.start(ServerImpl.java:166)
	at org.apache.ratis.thirdparty.io.grpc.internal.ServerImpl.start(ServerImpl.java:81)
	at org.apache.hadoop.ozone.container.common.transport.server.XceiverServerGrpc.start(XceiverServerGrpc.java:166)
	at org.apache.hadoop.ozone.container.ozoneimpl.OzoneContainer.start(OzoneContainer.java:189)
	at org.apache.hadoop.ozone.container.common.states.endpoint.VersionEndpointTask.call(VersionEndpointTask.java:110)
	at org.apache.hadoop.ozone.container.common.states.endpoint.VersionEndpointTask.call(VersionEndpointTask.java:42)
	at java.util.concurrent.FutureTask.run(FutureTask.java:266)
	at java.util.concurrent.Executors$RunnableAdapter.call(Executors.java:511)
	at java.util.concurrent.FutureTask.run(FutureTask.java:266)
	at java.util.concurrent.ThreadPoolExecutor.runWorker(ThreadPoolExecutor.java:1149)
	at java.util.concurrent.ThreadPoolExecutor$Worker.run(ThreadPoolExecutor.java:624)
	at java.lang.Thread.run(Thread.java:748)
Caused by: java.net.BindException: Address in use
	at sun.nio.ch.Net.bind0(Native Method)
	at sun.nio.ch.Net.bind(Net.java:433)
	at sun.nio.ch.Net.bind(Net.java:425)
	at sun.nio.ch.ServerSocketChannelImpl.bind(ServerSocketChannelImpl.java:223)
	at org.apache.ratis.thirdparty.io.netty.channel.socket.nio.NioServerSocketChannel.doBind(NioServerSocketChannel.java:130)
	at org.apache.ratis.thirdparty.io.netty.channel.AbstractChannel$AbstractUnsafe.bind(AbstractChannel.java:558)
	at org.apache.ratis.thirdparty.io.netty.channel.DefaultChannelPipeline$HeadContext.bind(DefaultChannelPipeline.java:1358)
	at org.apache.ratis.thirdparty.io.netty.channel.AbstractChannelHandlerContext.invokeBind(AbstractChannelHandlerContext.java:501)
	at org.apache.ratis.thirdparty.io.netty.channel.AbstractChannelHandlerContext.bind(AbstractChannelHandlerContext.java:486)
	at org.apache.ratis.thirdparty.io.netty.channel.DefaultChannelPipeline.bind(DefaultChannelPipeline.java:1019)
	at org.apache.ratis.thirdparty.io.netty.channel.AbstractChannel.bind(AbstractChannel.java:254)
	at org.apache.ratis.thirdparty.io.netty.bootstrap.AbstractBootstrap$2.run(AbstractBootstrap.java:366)
	at org.apache.ratis.thirdparty.io.netty.util.concurrent.AbstractEventExecutor.safeExecute(AbstractEventExecutor.java:163)
	at org.apache.ratis.thirdparty.io.netty.util.concurrent.SingleThreadEventExecutor.runAllTasks(SingleThreadEventExecutor.java:404)
	at org.apache.ratis.thirdparty.io.netty.channel.nio.NioEventLoop.run(NioEventLoop.java:462)
	at org.apache.ratis.thirdparty.io.netty.util.concurrent.SingleThreadEventExecutor$5.run(SingleThreadEventExecutor.java:897)
	at org.apache.ratis.thirdparty.io.netty.util.concurrent.FastThreadLocalRunnable.run(FastThreadLocalRunnable.java:30)
	... 1 more
2019-06-13 19:14:23,881 INFO  ozone.MiniOzoneClusterImpl (MiniOzoneClusterImpl.java:lambda$waitForClusterToBeReady$0(142)) - Waiting for cluster to be ready. Got 3 of 4 DN Heartbeats.
2019-06-13 19:14:24,881 INFO  ozone.MiniOzoneClusterImpl (MiniOzoneClusterImpl.java:lambda$waitForClusterToBeReady$0(142)) - Waiting for cluster to be ready. Got 3 of 4 DN Heartbeats.
2019-06-13 19:14:25,095 INFO  ozoneimpl.OzoneContainer (OzoneContainer.java:start(186)) - Attempting to start container services.
2019-06-13 19:14:25,095 INFO  ozoneimpl.OzoneContainer (OzoneContainer.java:startContainerScrub(160)) - Background container scrubber has been disabled by hdds.containerscrub.enabled
2019-06-13 19:14:25,881 INFO  ozone.MiniOzoneClusterImpl (MiniOzoneClusterImpl.java:lambda$waitForClusterToBeReady$0(142)) - Waiting for cluster to be ready. Got 3 of 4 DN Heartbeats.
2019-06-13 19:14:26,882 INFO  ozone.MiniOzoneClusterImpl (MiniOzoneClusterImpl.java:lambda$waitForClusterToBeReady$0(142)) - Waiting for cluster to be ready. Got 3 of 4 DN Heartbeats.
2019-06-13 19:14:27,095 INFO  ozoneimpl.OzoneContainer (OzoneContainer.java:start(186)) - Attempting to start container services.
2019-06-13 19:14:27,095 INFO  ozoneimpl.OzoneContainer (OzoneContainer.java:startContainerScrub(160)) - Background container scrubber has been disabled by hdds.containerscrub.enabled
2019-06-13 19:14:27,882 INFO  ozone.MiniOzoneClusterImpl (MiniOzoneClusterImpl.java:lambda$waitForClusterToBeReady$0(142)) - Waiting for cluster to be ready. Got 3 of 4 DN Heartbeats.
2019-06-13 19:14:28,882 INFO  ozone.MiniOzoneClusterImpl (MiniOzoneClusterImpl.java:lambda$waitForClusterToBeReady$0(142)) - Waiting for cluster to be ready. Got 3 of 4 DN Heartbeats.
2019-06-13 19:14:29,095 INFO  ozoneimpl.OzoneContainer (OzoneContainer.java:start(186)) - Attempting to start container services.
2019-06-13 19:14:29,096 INFO  ozoneimpl.OzoneContainer (OzoneContainer.java:startContainerScrub(160)) - Background container scrubber has been disabled by hdds.containerscrub.enabled
2019-06-13 19:14:29,883 INFO  ozone.MiniOzoneClusterImpl (MiniOzoneClusterImpl.java:lambda$waitForClusterToBeReady$0(142)) - Waiting for cluster to be ready. Got 3 of 4 DN Heartbeats.
2019-06-13 19:14:30,883 INFO  ozone.MiniOzoneClusterImpl (MiniOzoneClusterImpl.java:lambda$waitForClusterToBeReady$0(142)) - Waiting for cluster to be ready. Got 3 of 4 DN Heartbeats.
2019-06-13 19:14:31,096 INFO  ozoneimpl.OzoneContainer (OzoneContainer.java:start(186)) - Attempting to start container services.
2019-06-13 19:14:31,096 INFO  ozoneimpl.OzoneContainer (OzoneContainer.java:startContainerScrub(160)) - Background container scrubber has been disabled by hdds.containerscrub.enabled
2019-06-13 19:14:31,883 INFO  ozone.MiniOzoneClusterImpl (MiniOzoneClusterImpl.java:lambda$waitForClusterToBeReady$0(142)) - Waiting for cluster to be ready. Got 3 of 4 DN Heartbeats.
2019-06-13 19:14:32,884 INFO  ozone.MiniOzoneClusterImpl (MiniOzoneClusterImpl.java:lambda$waitForClusterToBeReady$0(142)) - Waiting for cluster to be ready. Got 3 of 4 DN Heartbeats.
2019-06-13 19:14:33,096 INFO  ozoneimpl.OzoneContainer (OzoneContainer.java:start(186)) - Attempting to start container services.
2019-06-13 19:14:33,096 INFO  ozoneimpl.OzoneContainer (OzoneContainer.java:startContainerScrub(160)) - Background container scrubber has been disabled by hdds.containerscrub.enabled
2019-06-13 19:14:33,884 INFO  ozone.MiniOzoneClusterImpl (MiniOzoneClusterImpl.java:lambda$waitForClusterToBeReady$0(142)) - Waiting for cluster to be ready. Got 3 of 4 DN Heartbeats.
2019-06-13 19:14:34,884 INFO  ozone.MiniOzoneClusterImpl (MiniOzoneClusterImpl.java:lambda$waitForClusterToBeReady$0(142)) - Waiting for cluster to be ready. Got 3 of 4 DN Heartbeats.
2019-06-13 19:14:35,096 INFO  ozoneimpl.OzoneContainer (OzoneContainer.java:start(186)) - Attempting to start container services.
2019-06-13 19:14:35,096 INFO  ozoneimpl.OzoneContainer (OzoneContainer.java:startContainerScrub(160)) - Background container scrubber has been disabled by hdds.containerscrub.enabled
2019-06-13 19:14:35,885 INFO  ozone.MiniOzoneClusterImpl (MiniOzoneClusterImpl.java:lambda$waitForClusterToBeReady$0(142)) - Waiting for cluster to be ready. Got 3 of 4 DN Heartbeats.
2019-06-13 19:14:36,885 INFO  ozone.MiniOzoneClusterImpl (MiniOzoneClusterImpl.java:lambda$waitForClusterToBeReady$0(142)) - Waiting for cluster to be ready. Got 3 of 4 DN Heartbeats.
2019-06-13 19:14:37,096 INFO  ozoneimpl.OzoneContainer (OzoneContainer.java:start(186)) - Attempting to start container services.
2019-06-13 19:14:37,096 INFO  ozoneimpl.OzoneContainer (OzoneContainer.java:startContainerScrub(160)) - Background container scrubber has been disabled by hdds.containerscrub.enabled
2019-06-13 19:14:37,885 INFO  ozone.MiniOzoneClusterImpl (MiniOzoneClusterImpl.java:lambda$waitForClusterToBeReady$0(142)) - Waiting for cluster to be ready. Got 3 of 4 DN Heartbeats.
2019-06-13 19:14:38,886 INFO  ozone.MiniOzoneClusterImpl (MiniOzoneClusterImpl.java:lambda$waitForClusterToBeReady$0(142)) - Waiting for cluster to be ready. Got 3 of 4 DN Heartbeats.
2019-06-13 19:14:39,096 INFO  ozoneimpl.OzoneContainer (OzoneContainer.java:start(186)) - Attempting to start container services.
2019-06-13 19:14:39,097 INFO  ozoneimpl.OzoneContainer (OzoneContainer.java:startContainerScrub(160)) - Background container scrubber has been disabled by hdds.containerscrub.enabled
2019-06-13 19:14:39,886 INFO  ozone.MiniOzoneClusterImpl (MiniOzoneClusterImpl.java:lambda$waitForClusterToBeReady$0(142)) - Waiting for cluster to be ready. Got 3 of 4 DN Heartbeats.
2019-06-13 19:14:40,886 INFO  ozone.MiniOzoneClusterImpl (MiniOzoneClusterImpl.java:lambda$waitForClusterToBeReady$0(142)) - Waiting for cluster to be ready. Got 3 of 4 DN Heartbeats.
2019-06-13 19:14:41,096 INFO  ozoneimpl.OzoneContainer (OzoneContainer.java:start(186)) - Attempting to start container services.
2019-06-13 19:14:41,096 INFO  ozoneimpl.OzoneContainer (OzoneContainer.java:startContainerScrub(160)) - Background container scrubber has been disabled by hdds.containerscrub.enabled
2019-06-13 19:14:41,887 INFO  ozone.MiniOzoneClusterImpl (MiniOzoneClusterImpl.java:lambda$waitForClusterToBeReady$0(142)) - Waiting for cluster to be ready. Got 3 of 4 DN Heartbeats.
2019-06-13 19:14:41,941 INFO  ozone.MiniOzoneClusterImpl (MiniOzoneClusterImpl.java:shutdown(321)) - Shutting down the Mini Ozone Cluster
2019-06-13 19:14:41,942 INFO  ozone.MiniOzoneClusterImpl (MiniOzoneClusterImpl.java:stop(336)) - Stopping the Mini Ozone Cluster
2019-06-13 19:14:41,942 INFO  ozone.MiniOzoneClusterImpl (MiniOzoneClusterImpl.java:stop(338)) - Stopping the OzoneManager
2019-06-13 19:14:41,942 INFO  ipc.Server (Server.java:stop(3082)) - Stopping server on 42937
2019-06-13 19:14:41,944 INFO  ipc.Server (Server.java:run(1185)) - Stopping IPC Server listener on 42937
2019-06-13 19:14:41,946 INFO  utils.BackgroundService (BackgroundService.java:shutdown(148)) - Shutting down service KeyDeletingService
2019-06-13 19:14:41,946 INFO  ipc.Server (Server.java:run(1319)) - Stopping IPC Server Responder
2019-06-13 19:14:41,952 INFO  handler.ContextHandler (ContextHandler.java:doStop(910)) - Stopped o.e.j.w.WebAppContext@63429932{/,null,UNAVAILABLE}{/ozoneManager}
2019-06-13 19:14:41,969 INFO  server.AbstractConnector (AbstractConnector.java:doStop(318)) - Stopped ServerConnector@69ce2f62{HTTP/1.1,[http/1.1]}{0.0.0.0:0}
2019-06-13 19:14:41,969 INFO  handler.ContextHandler (ContextHandler.java:doStop(910)) - Stopped o.e.j.s.ServletContextHandler@bcb09a6{/static,file:///opt/src/hadoop-ozone/integration-test/target/test-classes/webapps/static,UNAVAILABLE}
2019-06-13 19:14:41,969 INFO  handler.ContextHandler (ContextHandler.java:doStop(910)) - Stopped o.e.j.s.ServletContextHandler@30feffc{/logs,file:///opt/src/hadoop-ozone/integration-test/target/log,UNAVAILABLE}
2019-06-13 19:14:41,975 INFO  ozone.MiniOzoneClusterImpl (MiniOzoneClusterImpl.java:stop(344)) - Stopping the StorageContainerManager
2019-06-13 19:14:41,975 INFO  server.StorageContainerManager (StorageContainerManager.java:stop(789)) - Stopping Replication Manager Service.
2019-06-13 19:14:41,976 INFO  container.ReplicationManager (ReplicationManager.java:stop(191)) - Replication Monitor Thread is not running.
2019-06-13 19:14:41,976 INFO  server.StorageContainerManager (StorageContainerManager.java:stop(796)) - Stopping Lease Manager of the command watchers
2019-06-13 19:14:41,976 INFO  server.StorageContainerManager (StorageContainerManager.java:stop(803)) - Stopping datanode service RPC server
2019-06-13 19:14:41,976 INFO  server.SCMDatanodeProtocolServer (SCMDatanodeProtocolServer.java:stop(373)) - Stopping the RPC server for DataNodes
2019-06-13 19:14:41,976 INFO  ipc.Server (Server.java:stop(3082)) - Stopping server on 34963
2019-06-13 19:14:41,982 INFO  server.StorageContainerManager (StorageContainerManager.java:stop(811)) - Stopping block service RPC server
2019-06-13 19:14:41,982 INFO  server.SCMBlockProtocolServer (SCMBlockProtocolServer.java:stop(145)) - Stopping the RPC server for Block Protocol
2019-06-13 19:14:41,982 INFO  ipc.Server (Server.java:stop(3082)) - Stopping server on 43271
2019-06-13 19:14:41,982 INFO  ipc.Server (Server.java:run(1185)) - Stopping IPC Server listener on 34963
2019-06-13 19:14:41,983 INFO  ipc.Server (Server.java:run(1319)) - Stopping IPC Server Responder
2019-06-13 19:14:41,984 INFO  ipc.Server (Server.java:run(1185)) - Stopping IPC Server listener on 43271
2019-06-13 19:14:41,984 INFO  server.StorageContainerManager (StorageContainerManager.java:stop(818)) - Stopping the StorageContainerLocationProtocol RPC server
2019-06-13 19:14:41,984 INFO  server.SCMClientProtocolServer (SCMClientProtocolServer.java:stop(157)) - Stopping the RPC server for Client Protocol
2019-06-13 19:14:41,984 INFO  ipc.Server (Server.java:stop(3082)) - Stopping server on 40125
2019-06-13 19:14:41,989 INFO  ipc.Server (Server.java:run(1319)) - Stopping IPC Server Responder
2019-06-13 19:14:41,998 INFO  ipc.Server (Server.java:run(1185)) - Stopping IPC Server listener on 40125
2019-06-13 19:14:41,998 INFO  server.StorageContainerManager (StorageContainerManager.java:stop(825)) - Stopping Storage Container Manager HTTP server.
2019-06-13 19:14:42,003 INFO  handler.ContextHandler (ContextHandler.java:doStop(910)) - Stopped o.e.j.w.WebAppContext@35fe2125{/,null,UNAVAILABLE}{/scm}
2019-06-13 19:14:42,001 INFO  ipc.Server (Server.java:run(1319)) - Stopping IPC Server Responder
2019-06-13 19:14:42,005 INFO  server.AbstractConnector (AbstractConnector.java:doStop(318)) - Stopped ServerConnector@28a0fd6c{HTTP/1.1,[http/1.1]}{0.0.0.0:0}
2019-06-13 19:14:42,006 INFO  handler.ContextHandler (ContextHandler.java:doStop(910)) - Stopped o.e.j.s.ServletContextHandler@530712d{/static,file:///opt/src/hadoop-ozone/integration-test/target/test-classes/webapps/static,UNAVAILABLE}
2019-06-13 19:14:42,006 INFO  handler.ContextHandler (ContextHandler.java:doStop(910)) - Stopped o.e.j.s.ServletContextHandler@517566b{/logs,file:///opt/src/hadoop-ozone/integration-test/target/log,UNAVAILABLE}
2019-06-13 19:14:42,007 INFO  server.StorageContainerManager (StorageContainerManager.java:stop(836)) - Stopping Block Manager Service.
2019-06-13 19:14:42,007 INFO  utils.BackgroundService (BackgroundService.java:shutdown(148)) - Shutting down service SCMBlockDeletingService
2019-06-13 19:14:42,008 INFO  utils.BackgroundService (BackgroundService.java:shutdown(148)) - Shutting down service SCMBlockDeletingService
2019-06-13 19:14:42,008 INFO  server.StorageContainerManager (StorageContainerManager.java:stop(858)) - Stopping SCM Event Queue.
2019-06-13 19:14:42,012 INFO  ozone.MiniOzoneClusterImpl (MiniOzoneClusterImpl.java:stop(350)) - Shutting the HddsDatanodes
2019-06-13 19:14:42,012 INFO  datanode.ObjectStoreHandler (ObjectStoreHandler.java:close(155)) - Closing ObjectStoreHandler.
2019-06-13 19:14:42,020 INFO  ozone.HddsDatanodeService (HddsDatanodeService.java:stop(452)) - Stopped plug-in org.apache.hadoop.ozone.web.OzoneHddsDatanodeService@575cabf0
2019-06-13 19:14:42,020 INFO  statemachine.DatanodeStateMachine (DatanodeStateMachine.java:lambda$startDaemon$0(350)) - Ozone container server started.
2019-06-13 19:14:42,021 INFO  ozoneimpl.OzoneContainer (OzoneContainer.java:stop(199)) - Attempting to stop container services.
2019-06-13 19:14:42,022 INFO  impl.RaftServerProxy (RaftServerProxy.java:lambda$close$4(314)) - fbfd3c31-c9c7-4eb2-a92d-cf8b1576993a: close
2019-06-13 19:14:42,023 INFO  server.GrpcService (GrpcService.java:closeImpl(154)) - fbfd3c31-c9c7-4eb2-a92d-cf8b1576993a: shutdown server with port 36831 now
2019-06-13 19:14:42,025 INFO  server.GrpcService (GrpcService.java:closeImpl(162)) - fbfd3c31-c9c7-4eb2-a92d-cf8b1576993a: shutdown server with port 36831 successfully
2019-06-13 19:14:42,032 WARN  fs.CachingGetSpaceUsed (CachingGetSpaceUsed.java:run(183)) - Thread Interrupted waiting to refresh disk information: sleep interrupted
2019-06-13 19:14:42,044 INFO  statemachine.DatanodeStateMachine (DatanodeStateMachine.java:stopDaemon(395)) - Ozone container server stopped.
2019-06-13 19:14:42,048 INFO  handler.ContextHandler (ContextHandler.java:doStop(910)) - Stopped o.e.j.w.WebAppContext@1640190a{/,null,UNAVAILABLE}{/hddsDatanode}
2019-06-13 19:14:42,048 INFO  server.AbstractConnector (AbstractConnector.java:doStop(318)) - Stopped ServerConnector@2a2843ec{HTTP/1.1,[http/1.1]}{0.0.0.0:0}
2019-06-13 19:14:42,049 INFO  handler.ContextHandler (ContextHandler.java:doStop(910)) - Stopped o.e.j.s.ServletContextHandler@3c0bbc9f{/static,jar:file:/root/.m2/repository/org/apache/hadoop/hadoop-hdds-container-service/0.5.0-SNAPSHOT/hadoop-hdds-container-service-0.5.0-SNAPSHOT.jar!/webapps/static,UNAVAILABLE}
2019-06-13 19:14:42,049 INFO  handler.ContextHandler (ContextHandler.java:doStop(910)) - Stopped o.e.j.s.ServletContextHandler@260a3a5e{/logs,file:///opt/src/hadoop-ozone/integration-test/target/log,UNAVAILABLE}
2019-06-13 19:14:42,050 INFO  datanode.ObjectStoreHandler (ObjectStoreHandler.java:close(155)) - Closing ObjectStoreHandler.
2019-06-13 19:14:42,051 INFO  ozone.HddsDatanodeService (HddsDatanodeService.java:stop(452)) - Stopped plug-in org.apache.hadoop.ozone.web.OzoneHddsDatanodeService@2c1f8dbd
2019-06-13 19:14:42,051 INFO  statemachine.DatanodeStateMachine (DatanodeStateMachine.java:lambda$startDaemon$0(350)) - Ozone container server started.
2019-06-13 19:14:42,057 INFO  ozoneimpl.OzoneContainer (OzoneContainer.java:stop(199)) - Attempting to stop container services.
2019-06-13 19:14:42,058 INFO  impl.RaftServerProxy (RaftServerProxy.java:lambda$close$4(314)) - 0648b2e2-fdfc-41ec-97df-bc2f9c4ea8df: close
2019-06-13 19:14:42,059 INFO  impl.RaftServerImpl (RaftServerImpl.java:lambda$shutdown$3(238)) - 0648b2e2-fdfc-41ec-97df-bc2f9c4ea8df: shutdown group-0258AE879100
2019-06-13 19:14:42,059 INFO  util.JmxRegister (JmxRegister.java:unregister(73)) - Successfully un-registered JMX Bean with object name Ratis:service=RaftServer,group=group-0258AE879100,id=0648b2e2-fdfc-41ec-97df-bc2f9c4ea8df
2019-06-13 19:14:42,059 INFO  impl.RoleInfo (RoleInfo.java:shutdownLeaderState(104)) - 0648b2e2-fdfc-41ec-97df-bc2f9c4ea8df: shutdown LeaderState
2019-06-13 19:14:42,060 INFO  impl.PendingRequests (PendingRequests.java:sendNotLeaderResponses(140)) - 0648b2e2-fdfc-41ec-97df-bc2f9c4ea8df-PendingRequests: sendNotLeaderResponses
2019-06-13 19:14:42,062 INFO  ratis.ContainerStateMachine (ContainerStateMachine.java:takeSnapshot(245)) - Taking snapshot at termIndex:(t:0, i:~)
2019-06-13 19:14:42,073 INFO  impl.StateMachineUpdater (StateMachineUpdater.java:stopAndJoin(109)) - StateMachineUpdater-0648b2e2-fdfc-41ec-97df-bc2f9c4ea8df-group-0258AE879100: set stopIndex = 0
2019-06-13 19:14:42,073 INFO  impl.RaftServerImpl (ServerState.java:close(394)) - 0648b2e2-fdfc-41ec-97df-bc2f9c4ea8df:group-0258AE879100 closes. The last applied log index is 0
2019-06-13 19:14:42,074 INFO  storage.RaftLogWorker (RaftLogWorker.java:run(236)) - 0648b2e2-fdfc-41ec-97df-bc2f9c4ea8df-RaftLogWorker was interrupted, exiting. There are 0 tasks remaining in the queue.
2019-06-13 19:14:42,090 INFO  storage.RaftLogWorker (RaftLogWorker.java:close(168)) - 0648b2e2-fdfc-41ec-97df-bc2f9c4ea8df-RaftLogWorker close()
2019-06-13 19:14:42,090 INFO  impl.RaftServerImpl (RaftServerImpl.java:lambda$shutdown$3(238)) - 0648b2e2-fdfc-41ec-97df-bc2f9c4ea8df: shutdown group-EDC286A1F32D
2019-06-13 19:14:42,090 INFO  util.JmxRegister (JmxRegister.java:unregister(73)) - Successfully un-registered JMX Bean with object name Ratis:service=RaftServer,group=group-EDC286A1F32D,id=0648b2e2-fdfc-41ec-97df-bc2f9c4ea8df
2019-06-13 19:14:42,091 INFO  impl.RoleInfo (RoleInfo.java:shutdownFollowerState(121)) - 0648b2e2-fdfc-41ec-97df-bc2f9c4ea8df: shutdown FollowerState
2019-06-13 19:14:42,091 INFO  ratis.ContainerStateMachine (ContainerStateMachine.java:takeSnapshot(245)) - Taking snapshot at termIndex:(t:0, i:~)
2019-06-13 19:14:42,091 INFO  impl.StateMachineUpdater (StateMachineUpdater.java:stopAndJoin(109)) - StateMachineUpdater-0648b2e2-fdfc-41ec-97df-bc2f9c4ea8df-group-EDC286A1F32D: set stopIndex = 0
2019-06-13 19:14:42,091 INFO  impl.RaftServerImpl (ServerState.java:close(394)) - 0648b2e2-fdfc-41ec-97df-bc2f9c4ea8df:group-EDC286A1F32D closes. The last applied log index is 0
2019-06-13 19:14:42,093 INFO  impl.FollowerState (FollowerState.java:run(109)) - 0648b2e2-fdfc-41ec-97df-bc2f9c4ea8df: FollowerState was interrupted: java.lang.InterruptedException: sleep interrupted
2019-06-13 19:14:42,094 INFO  storage.RaftLogWorker (RaftLogWorker.java:run(236)) - 0648b2e2-fdfc-41ec-97df-bc2f9c4ea8df-RaftLogWorker was interrupted, exiting. There are 0 tasks remaining in the queue.
2019-06-13 19:14:42,095 INFO  storage.RaftLogWorker (RaftLogWorker.java:close(168)) - 0648b2e2-fdfc-41ec-97df-bc2f9c4ea8df-RaftLogWorker close()
2019-06-13 19:14:42,096 INFO  server.GrpcService (GrpcService.java:closeImpl(154)) - 0648b2e2-fdfc-41ec-97df-bc2f9c4ea8df: shutdown server with port 45421 now
2019-06-13 19:14:42,101 INFO  server.GrpcService (GrpcService.java:closeImpl(162)) - 0648b2e2-fdfc-41ec-97df-bc2f9c4ea8df: shutdown server with port 45421 successfully
2019-06-13 19:14:42,102 WARN  server.GrpcServerProtocolService (LogUtils.java:warn(134)) - 0648b2e2-fdfc-41ec-97df-bc2f9c4ea8df: appendEntries onError: org.apache.ratis.thirdparty.io.grpc.StatusRuntimeException: CANCELLED: cancelled before receiving half close
2019-06-13 19:14:42,102 WARN  server.GrpcLogAppender (LogUtils.java:warn(134)) - 74d2ffc1-745f-4c1a-9401-137b1ece8223: Failed appendEntries to 0648b2e2-fdfc-41ec-97df-bc2f9c4ea8df:192.168.46.41:45421: org.apache.ratis.thirdparty.io.grpc.StatusRuntimeException: CANCELLED: HTTP/2 error code: CANCEL
Received Rst Stream
2019-06-13 19:14:42,104 INFO  impl.FollowerInfo (FollowerInfo.java:lambda$new$0(50)) - 74d2ffc1-745f-4c1a-9401-137b1ece8223->0648b2e2-fdfc-41ec-97df-bc2f9c4ea8df: nextIndex: updateUnconditionally 1 -> 0
2019-06-13 19:14:42,117 WARN  fs.CachingGetSpaceUsed (CachingGetSpaceUsed.java:run(183)) - Thread Interrupted waiting to refresh disk information: sleep interrupted
2019-06-13 19:14:42,137 INFO  statemachine.DatanodeStateMachine (DatanodeStateMachine.java:stopDaemon(395)) - Ozone container server stopped.
2019-06-13 19:14:42,139 INFO  handler.ContextHandler (ContextHandler.java:doStop(910)) - Stopped o.e.j.w.WebAppContext@1e01b133{/,null,UNAVAILABLE}{/hddsDatanode}
2019-06-13 19:14:42,139 INFO  server.AbstractConnector (AbstractConnector.java:doStop(318)) - Stopped ServerConnector@262a1fad{HTTP/1.1,[http/1.1]}{0.0.0.0:0}
2019-06-13 19:14:42,139 INFO  handler.ContextHandler (ContextHandler.java:doStop(910)) - Stopped o.e.j.s.ServletContextHandler@3b0c3951{/static,jar:file:/root/.m2/repository/org/apache/hadoop/hadoop-hdds-container-service/0.5.0-SNAPSHOT/hadoop-hdds-container-service-0.5.0-SNAPSHOT.jar!/webapps/static,UNAVAILABLE}
2019-06-13 19:14:42,140 INFO  handler.ContextHandler (ContextHandler.java:doStop(910)) - Stopped o.e.j.s.ServletContextHandler@412c5e8b{/logs,file:///opt/src/hadoop-ozone/integration-test/target/log,UNAVAILABLE}
2019-06-13 19:14:42,140 INFO  datanode.ObjectStoreHandler (ObjectStoreHandler.java:close(155)) - Closing ObjectStoreHandler.
2019-06-13 19:14:42,141 INFO  ozone.HddsDatanodeService (HddsDatanodeService.java:stop(452)) - Stopped plug-in org.apache.hadoop.ozone.web.OzoneHddsDatanodeService@3086f480
2019-06-13 19:14:42,141 INFO  statemachine.DatanodeStateMachine (DatanodeStateMachine.java:lambda$startDaemon$0(350)) - Ozone container server started.
2019-06-13 19:14:42,141 INFO  ozoneimpl.OzoneContainer (OzoneContainer.java:stop(199)) - Attempting to stop container services.
2019-06-13 19:14:42,145 INFO  impl.RaftServerProxy (RaftServerProxy.java:lambda$close$4(314)) - 74d2ffc1-745f-4c1a-9401-137b1ece8223: close
2019-06-13 19:14:42,146 INFO  impl.RaftServerImpl (RaftServerImpl.java:lambda$shutdown$3(238)) - 74d2ffc1-745f-4c1a-9401-137b1ece8223: shutdown group-7D58C4DB3C0D
2019-06-13 19:14:42,146 INFO  util.JmxRegister (JmxRegister.java:unregister(73)) - Successfully un-registered JMX Bean with object name Ratis:service=RaftServer,group=group-7D58C4DB3C0D,id=74d2ffc1-745f-4c1a-9401-137b1ece8223
2019-06-13 19:14:42,146 INFO  impl.RoleInfo (RoleInfo.java:shutdownLeaderState(104)) - 74d2ffc1-745f-4c1a-9401-137b1ece8223: shutdown LeaderState
2019-06-13 19:14:42,146 INFO  impl.PendingRequests (PendingRequests.java:sendNotLeaderResponses(140)) - 74d2ffc1-745f-4c1a-9401-137b1ece8223-PendingRequests: sendNotLeaderResponses
2019-06-13 19:14:42,147 INFO  ratis.ContainerStateMachine (ContainerStateMachine.java:takeSnapshot(245)) - Taking snapshot at termIndex:(t:0, i:~)
2019-06-13 19:14:42,147 INFO  impl.StateMachineUpdater (StateMachineUpdater.java:stopAndJoin(109)) - StateMachineUpdater-74d2ffc1-745f-4c1a-9401-137b1ece8223-group-7D58C4DB3C0D: set stopIndex = 0
2019-06-13 19:14:42,148 INFO  impl.RaftServerImpl (ServerState.java:close(394)) - 74d2ffc1-745f-4c1a-9401-137b1ece8223:group-7D58C4DB3C0D closes. The last applied log index is 0
2019-06-13 19:14:42,148 INFO  storage.RaftLogWorker (RaftLogWorker.java:run(236)) - 74d2ffc1-745f-4c1a-9401-137b1ece8223-RaftLogWorker was interrupted, exiting. There are 0 tasks remaining in the queue.
2019-06-13 19:14:42,148 INFO  impl.RaftServerImpl (RaftServerImpl.java:lambda$shutdown$3(238)) - 74d2ffc1-745f-4c1a-9401-137b1ece8223: shutdown group-EDC286A1F32D
2019-06-13 19:14:42,148 INFO  util.JmxRegister (JmxRegister.java:unregister(73)) - Successfully un-registered JMX Bean with object name Ratis:service=RaftServer,group=group-EDC286A1F32D,id=74d2ffc1-745f-4c1a-9401-137b1ece8223
2019-06-13 19:14:42,148 INFO  impl.RoleInfo (RoleInfo.java:shutdownLeaderState(104)) - 74d2ffc1-745f-4c1a-9401-137b1ece8223: shutdown LeaderState
2019-06-13 19:14:42,149 INFO  impl.PendingRequests (PendingRequests.java:sendNotLeaderResponses(140)) - 74d2ffc1-745f-4c1a-9401-137b1ece8223-PendingRequests: sendNotLeaderResponses
2019-06-13 19:14:42,150 INFO  impl.StateMachineUpdater (StateMachineUpdater.java:stopAndJoin(109)) - StateMachineUpdater-74d2ffc1-745f-4c1a-9401-137b1ece8223-group-EDC286A1F32D: set stopIndex = 0
2019-06-13 19:14:42,150 INFO  ratis.ContainerStateMachine (ContainerStateMachine.java:takeSnapshot(245)) - Taking snapshot at termIndex:(t:0, i:~)
2019-06-13 19:14:42,150 INFO  impl.RaftServerImpl (ServerState.java:close(394)) - 74d2ffc1-745f-4c1a-9401-137b1ece8223:group-EDC286A1F32D closes. The last applied log index is 0
2019-06-13 19:14:42,151 INFO  storage.RaftLogWorker (RaftLogWorker.java:run(236)) - 74d2ffc1-745f-4c1a-9401-137b1ece8223-RaftLogWorker was interrupted, exiting. There are 0 tasks remaining in the queue.
2019-06-13 19:14:42,149 WARN  server.GrpcLogAppender (GrpcLogAppender.java:mayWait(142)) - GrpcLogAppender(74d2ffc1-745f-4c1a-9401-137b1ece8223 -> 0648b2e2-fdfc-41ec-97df-bc2f9c4ea8df): Wait interrupted by java.lang.InterruptedException
2019-06-13 19:14:42,149 WARN  server.GrpcLogAppender (GrpcLogAppender.java:mayWait(142)) - GrpcLogAppender(74d2ffc1-745f-4c1a-9401-137b1ece8223 -> 5f623e1f-d5a1-46cb-80d7-44327f36f2e1): Wait interrupted by java.lang.InterruptedException
2019-06-13 19:14:42,154 INFO  storage.RaftLogWorker (RaftLogWorker.java:close(168)) - 74d2ffc1-745f-4c1a-9401-137b1ece8223-RaftLogWorker close()
2019-06-13 19:14:42,155 INFO  server.GrpcServerProtocolService (GrpcServerProtocolService.java:onCompleted(104)) - 5f623e1f-d5a1-46cb-80d7-44327f36f2e1: appendEntries completed
2019-06-13 19:14:42,157 INFO  server.GrpcLogAppender (GrpcLogAppender.java:onCompleted(277)) - 74d2ffc1-745f-4c1a-9401-137b1ece8223: follower 74d2ffc1-745f-4c1a-9401-137b1ece8223->5f623e1f-d5a1-46cb-80d7-44327f36f2e1(c0,m0,n1, attendVote=true, lastRpcSendTime=468, lastRpcResponseTime=467) response Completed
2019-06-13 19:14:42,158 INFO  storage.RaftLogWorker (RaftLogWorker.java:close(168)) - 74d2ffc1-745f-4c1a-9401-137b1ece8223-RaftLogWorker close()
2019-06-13 19:14:42,159 INFO  impl.FollowerInfo (FollowerInfo.java:lambda$new$0(50)) - 74d2ffc1-745f-4c1a-9401-137b1ece8223->5f623e1f-d5a1-46cb-80d7-44327f36f2e1: nextIndex: updateUnconditionally 1 -> -1
2019-06-13 19:14:42,160 INFO  server.GrpcService (GrpcService.java:closeImpl(154)) - 74d2ffc1-745f-4c1a-9401-137b1ece8223: shutdown server with port 42603 now
2019-06-13 19:14:42,162 INFO  server.GrpcService (GrpcService.java:closeImpl(162)) - 74d2ffc1-745f-4c1a-9401-137b1ece8223: shutdown server with port 42603 successfully
2019-06-13 19:14:42,164 WARN  fs.CachingGetSpaceUsed (CachingGetSpaceUsed.java:run(183)) - Thread Interrupted waiting to refresh disk information: sleep interrupted
2019-06-13 19:14:42,178 INFO  statemachine.DatanodeStateMachine (DatanodeStateMachine.java:stopDaemon(395)) - Ozone container server stopped.
2019-06-13 19:14:42,179 INFO  handler.ContextHandler (ContextHandler.java:doStop(910)) - Stopped o.e.j.w.WebAppContext@481b2f10{/,null,UNAVAILABLE}{/hddsDatanode}
2019-06-13 19:14:42,180 INFO  server.AbstractConnector (AbstractConnector.java:doStop(318)) - Stopped ServerConnector@24406a85{HTTP/1.1,[http/1.1]}{0.0.0.0:0}
2019-06-13 19:14:42,180 INFO  handler.ContextHandler (ContextHandler.java:doStop(910)) - Stopped o.e.j.s.ServletContextHandler@4d4436d0{/static,jar:file:/root/.m2/repository/org/apache/hadoop/hadoop-hdds-container-service/0.5.0-SNAPSHOT/hadoop-hdds-container-service-0.5.0-SNAPSHOT.jar!/webapps/static,UNAVAILABLE}
2019-06-13 19:14:42,181 INFO  handler.ContextHandler (ContextHandler.java:doStop(910)) - Stopped o.e.j.s.ServletContextHandler@ab2e6d2{/logs,file:///opt/src/hadoop-ozone/integration-test/target/log,UNAVAILABLE}
2019-06-13 19:14:42,181 INFO  datanode.ObjectStoreHandler (ObjectStoreHandler.java:close(155)) - Closing ObjectStoreHandler.
2019-06-13 19:14:42,182 INFO  ozone.HddsDatanodeService (HddsDatanodeService.java:stop(452)) - Stopped plug-in org.apache.hadoop.ozone.web.OzoneHddsDatanodeService@281b2dfd
2019-06-13 19:14:42,182 INFO  statemachine.DatanodeStateMachine (DatanodeStateMachine.java:lambda$startDaemon$0(350)) - Ozone container server started.
2019-06-13 19:14:42,182 INFO  ozoneimpl.OzoneContainer (OzoneContainer.java:stop(199)) - Attempting to stop container services.
2019-06-13 19:14:42,183 INFO  impl.RaftServerProxy (RaftServerProxy.java:lambda$close$4(314)) - 5f623e1f-d5a1-46cb-80d7-44327f36f2e1: close
2019-06-13 19:14:42,183 INFO  impl.RaftServerImpl (RaftServerImpl.java:lambda$shutdown$3(238)) - 5f623e1f-d5a1-46cb-80d7-44327f36f2e1: shutdown group-25FD6EF8E273
2019-06-13 19:14:42,183 INFO  util.JmxRegister (JmxRegister.java:unregister(73)) - Successfully un-registered JMX Bean with object name Ratis:service=RaftServer,group=group-25FD6EF8E273,id=5f623e1f-d5a1-46cb-80d7-44327f36f2e1
2019-06-13 19:14:42,183 INFO  impl.RoleInfo (RoleInfo.java:shutdownLeaderState(104)) - 5f623e1f-d5a1-46cb-80d7-44327f36f2e1: shutdown LeaderState
2019-06-13 19:14:42,183 INFO  impl.PendingRequests (PendingRequests.java:sendNotLeaderResponses(140)) - 5f623e1f-d5a1-46cb-80d7-44327f36f2e1-PendingRequests: sendNotLeaderResponses
2019-06-13 19:14:42,184 INFO  ratis.ContainerStateMachine (ContainerStateMachine.java:takeSnapshot(245)) - Taking snapshot at termIndex:(t:0, i:~)
2019-06-13 19:14:42,184 INFO  impl.StateMachineUpdater (StateMachineUpdater.java:stopAndJoin(109)) - StateMachineUpdater-5f623e1f-d5a1-46cb-80d7-44327f36f2e1-group-25FD6EF8E273: set stopIndex = 0
2019-06-13 19:14:42,185 INFO  impl.RaftServerImpl (ServerState.java:close(394)) - 5f623e1f-d5a1-46cb-80d7-44327f36f2e1:group-25FD6EF8E273 closes. The last applied log index is 0
2019-06-13 19:14:42,185 INFO  storage.RaftLogWorker (RaftLogWorker.java:run(236)) - 5f623e1f-d5a1-46cb-80d7-44327f36f2e1-RaftLogWorker was interrupted, exiting. There are 0 tasks remaining in the queue.
2019-06-13 19:14:42,186 INFO  storage.RaftLogWorker (RaftLogWorker.java:close(168)) - 5f623e1f-d5a1-46cb-80d7-44327f36f2e1-RaftLogWorker close()
2019-06-13 19:14:42,187 INFO  impl.RaftServerImpl (RaftServerImpl.java:lambda$shutdown$3(238)) - 5f623e1f-d5a1-46cb-80d7-44327f36f2e1: shutdown group-EDC286A1F32D
2019-06-13 19:14:42,187 INFO  util.JmxRegister (JmxRegister.java:unregister(73)) - Successfully un-registered JMX Bean with object name Ratis:service=RaftServer,group=group-EDC286A1F32D,id=5f623e1f-d5a1-46cb-80d7-44327f36f2e1
2019-06-13 19:14:42,187 INFO  impl.RoleInfo (RoleInfo.java:shutdownFollowerState(121)) - 5f623e1f-d5a1-46cb-80d7-44327f36f2e1: shutdown FollowerState
2019-06-13 19:14:42,188 INFO  impl.StateMachineUpdater (StateMachineUpdater.java:stopAndJoin(109)) - StateMachineUpdater-5f623e1f-d5a1-46cb-80d7-44327f36f2e1-group-EDC286A1F32D: set stopIndex = 0
2019-06-13 19:14:42,188 INFO  ratis.ContainerStateMachine (ContainerStateMachine.java:takeSnapshot(245)) - Taking snapshot at termIndex:(t:0, i:~)
2019-06-13 19:14:42,188 INFO  impl.RaftServerImpl (ServerState.java:close(394)) - 5f623e1f-d5a1-46cb-80d7-44327f36f2e1:group-EDC286A1F32D closes. The last applied log index is 0
2019-06-13 19:14:42,188 INFO  storage.RaftLogWorker (RaftLogWorker.java:run(236)) - 5f623e1f-d5a1-46cb-80d7-44327f36f2e1-RaftLogWorker was interrupted, exiting. There are 0 tasks remaining in the queue.
2019-06-13 19:14:42,189 INFO  storage.RaftLogWorker (RaftLogWorker.java:close(168)) - 5f623e1f-d5a1-46cb-80d7-44327f36f2e1-RaftLogWorker close()
2019-06-13 19:14:42,190 INFO  server.GrpcService (GrpcService.java:closeImpl(154)) - 5f623e1f-d5a1-46cb-80d7-44327f36f2e1: shutdown server with port 38913 now
2019-06-13 19:14:42,190 INFO  server.GrpcService (GrpcService.java:closeImpl(162)) - 5f623e1f-d5a1-46cb-80d7-44327f36f2e1: shutdown server with port 38913 successfully
2019-06-13 19:14:42,192 WARN  fs.CachingGetSpaceUsed (CachingGetSpaceUsed.java:run(183)) - Thread Interrupted waiting to refresh disk information: sleep interrupted
2019-06-13 19:14:42,192 INFO  impl.FollowerState (FollowerState.java:run(109)) - 5f623e1f-d5a1-46cb-80d7-44327f36f2e1: FollowerState was interrupted: java.lang.InterruptedException: sleep interrupted
2019-06-13 19:14:42,203 INFO  statemachine.DatanodeStateMachine (DatanodeStateMachine.java:stopDaemon(395)) - Ozone container server stopped.
2019-06-13 19:14:42,204 INFO  handler.ContextHandler (ContextHandler.java:doStop(910)) - Stopped o.e.j.w.WebAppContext@31b0f02{/,null,UNAVAILABLE}{/hddsDatanode}
2019-06-13 19:14:42,205 INFO  server.AbstractConnector (AbstractConnector.java:doStop(318)) - Stopped ServerConnector@19ae2ee5{HTTP/1.1,[http/1.1]}{0.0.0.0:0}
2019-06-13 19:14:42,282 INFO  handler.ContextHandler (ContextHandler.java:doStop(910)) - Stopped o.e.j.s.ServletContextHandler@57fdb8a4{/static,jar:file:/root/.m2/repository/org/apache/hadoop/hadoop-hdds-container-service/0.5.0-SNAPSHOT/hadoop-hdds-container-service-0.5.0-SNAPSHOT.jar!/webapps/static,UNAVAILABLE}
2019-06-13 19:14:42,308 INFO  handler.ContextHandler (ContextHandler.java:doStop(910)) - Stopped o.e.j.s.ServletContextHandler@632b305d{/logs,file:///opt/src/hadoop-ozone/integration-test/target/log,UNAVAILABLE}
]]></system-out>
    <system-err><![CDATA[ERROR StatusLogger No Log4j 2 configuration file found. Using default configuration (logging only errors to the console), or user programmatically provided configurations. Set system property 'log4j2.debug' to show Log4j 2 internal initialization logging. See https://logging.apache.org/log4j/2.x/manual/configuration.html for instructions on how to configure Log4j 2
Jun 13, 2019 7:13:40 PM com.sun.jersey.server.impl.application.WebApplicationImpl _initiate
INFO: Initiating Jersey application, version 'Jersey: 1.19 02/11/2015 03:25 AM'
Jun 13, 2019 7:13:41 PM com.sun.jersey.server.impl.application.WebApplicationImpl _initiate
INFO: Initiating Jersey application, version 'Jersey: 1.19 02/11/2015 03:25 AM'
Jun 13, 2019 7:13:41 PM com.sun.jersey.server.impl.application.WebApplicationImpl _initiate
INFO: Initiating Jersey application, version 'Jersey: 1.19 02/11/2015 03:25 AM'
Jun 13, 2019 7:13:41 PM com.sun.jersey.server.impl.application.WebApplicationImpl _initiate
INFO: Initiating Jersey application, version 'Jersey: 1.19 02/11/2015 03:25 AM'
]]></system-err>
  </testcase>
</testsuite>