<?xml version="1.0" encoding="UTF-8"?>
<testsuite xmlns:xsi="http://www.w3.org/2001/XMLSchema-instance" xsi:noNamespaceSchemaLocation="https://maven.apache.org/surefire/maven-surefire-plugin/xsd/surefire-test-report.xsd" name="org.apache.hadoop.ozone.client.rpc.TestWatchForCommit" time="139.339" tests="6" errors="0" skipped="0" failures="1">
  <properties>
    <property name="awt.toolkit" value="sun.awt.X11.XToolkit"/>
    <property name="file.encoding.pkg" value="sun.io"/>
    <property name="java.specification.version" value="1.8"/>
    <property name="sun.cpu.isalist" value=""/>
    <property name="sun.jnu.encoding" value="UTF-8"/>
    <property name="java.class.path" value="/opt/src/hadoop-ozone/integration-test/target/test-classes:/opt/src/hadoop-ozone/integration-test/target/classes:/root/.m2/repository/org/apache/hadoop/hadoop-ozone-common/0.5.0-SNAPSHOT/hadoop-ozone-common-0.5.0-SNAPSHOT.jar:/root/.m2/repository/org/apache/commons/commons-compress/1.4.1/commons-compress-1.4.1.jar:/root/.m2/repository/org/tukaani/xz/1.0/xz-1.0.jar:/root/.m2/repository/org/apache/hadoop/hadoop-common/3.2.0/hadoop-common-3.2.0.jar:/root/.m2/repository/org/apache/hadoop/hadoop-hdfs/3.2.0/hadoop-hdfs-3.2.0.jar:/root/.m2/repository/org/apache/hadoop/hadoop-hdfs-client/3.2.0/hadoop-hdfs-client-3.2.0.jar:/root/.m2/repository/com/fasterxml/jackson/core/jackson-annotations/2.9.5/jackson-annotations-2.9.5.jar:/root/.m2/repository/org/apache/hadoop/hadoop-hdds-common/0.5.0-SNAPSHOT/hadoop-hdds-common-0.5.0-SNAPSHOT.jar:/root/.m2/repository/javax/annotation/javax.annotation-api/1.2/javax.annotation-api-1.2.jar:/root/.m2/repository/org/apache/ratis/ratis-server/0.4.0-fe2b15d-SNAPSHOT/ratis-server-0.4.0-fe2b15d-SNAPSHOT.jar:/root/.m2/repository/org/apache/ratis/ratis-thirdparty-misc/0.2.0/ratis-thirdparty-misc-0.2.0.jar:/root/.m2/repository/org/apache/ratis/ratis-proto/0.4.0-fe2b15d-SNAPSHOT/ratis-proto-0.4.0-fe2b15d-SNAPSHOT.jar:/root/.m2/repository/org/apache/ratis/ratis-common/0.4.0-fe2b15d-SNAPSHOT/ratis-common-0.4.0-fe2b15d-SNAPSHOT.jar:/root/.m2/repository/org/apache/ratis/ratis-client/0.4.0-fe2b15d-SNAPSHOT/ratis-client-0.4.0-fe2b15d-SNAPSHOT.jar:/root/.m2/repository/org/apache/ratis/ratis-netty/0.4.0-fe2b15d-SNAPSHOT/ratis-netty-0.4.0-fe2b15d-SNAPSHOT.jar:/root/.m2/repository/org/apache/ratis/ratis-grpc/0.4.0-fe2b15d-SNAPSHOT/ratis-grpc-0.4.0-fe2b15d-SNAPSHOT.jar:/root/.m2/repository/org/rocksdb/rocksdbjni/5.14.2/rocksdbjni-5.14.2.jar:/root/.m2/repository/org/apache/logging/log4j/log4j-api/2.11.0/log4j-api-2.11.0.jar:/root/.m2/repository/org/apache/logging/log4j/log4j-core/2.11.0/log4j-core-2.11.0.jar:/root/.m2/repository/com/lmax/disruptor/3.4.2/disruptor-3.4.2.jar:/root/.m2/repository/org/apache/commons/commons-pool2/2.6.0/commons-pool2-2.6.0.jar:/root/.m2/repository/org/bouncycastle/bcpkix-jdk15on/1.60/bcpkix-jdk15on-1.60.jar:/root/.m2/repository/commons-validator/commons-validator/1.6/commons-validator-1.6.jar:/root/.m2/repository/commons-digester/commons-digester/1.8.1/commons-digester-1.8.1.jar:/root/.m2/repository/io/jaegertracing/jaeger-client/0.33.1/jaeger-client-0.33.1.jar:/root/.m2/repository/io/jaegertracing/jaeger-thrift/0.33.1/jaeger-thrift-0.33.1.jar:/root/.m2/repository/org/apache/thrift/libthrift/0.11.0/libthrift-0.11.0.jar:/root/.m2/repository/com/squareup/okhttp3/okhttp/3.9.0/okhttp-3.9.0.jar:/root/.m2/repository/com/squareup/okio/okio/1.13.0/okio-1.13.0.jar:/root/.m2/repository/io/jaegertracing/jaeger-core/0.33.1/jaeger-core-0.33.1.jar:/root/.m2/repository/io/jaegertracing/jaeger-tracerresolver/0.33.1/jaeger-tracerresolver-0.33.1.jar:/root/.m2/repository/io/opentracing/contrib/opentracing-tracerresolver/0.1.5/opentracing-tracerresolver-0.1.5.jar:/root/.m2/repository/io/opentracing/opentracing-util/0.31.0/opentracing-util-0.31.0.jar:/root/.m2/repository/io/opentracing/opentracing-api/0.31.0/opentracing-api-0.31.0.jar:/root/.m2/repository/io/opentracing/opentracing-noop/0.31.0/opentracing-noop-0.31.0.jar:/root/.m2/repository/org/apache/hadoop/hadoop-hdds-server-framework/0.5.0-SNAPSHOT/hadoop-hdds-server-framework-0.5.0-SNAPSHOT.jar:/root/.m2/repository/org/apache/hadoop/hadoop-hdds-server-scm/0.5.0-SNAPSHOT/hadoop-hdds-server-scm-0.5.0-SNAPSHOT.jar:/root/.m2/repository/org/apache/hadoop/hadoop-hdds-container-service/0.5.0-SNAPSHOT/hadoop-hdds-container-service-0.5.0-SNAPSHOT.jar:/root/.m2/repository/org/apache/hadoop/hadoop-hdds-client/0.5.0-SNAPSHOT/hadoop-hdds-client-0.5.0-SNAPSHOT.jar:/root/.m2/repository/org/apache/hadoop/hadoop-hdds-tools/0.5.0-SNAPSHOT/hadoop-hdds-tools-0.5.0-SNAPSHOT.jar:/root/.m2/repository/org/apache/hadoop/hadoop-ozone-ozone-manager/0.5.0-SNAPSHOT/hadoop-ozone-ozone-manager-0.5.0-SNAPSHOT.jar:/root/.m2/repository/org/apache/hadoop/hadoop-hdds-docs/0.5.0-SNAPSHOT/hadoop-hdds-docs-0.5.0-SNAPSHOT.jar:/root/.m2/repository/org/bouncycastle/bcprov-jdk15on/1.60/bcprov-jdk15on-1.60.jar:/root/.m2/repository/org/apache/hadoop/hadoop-minikdc/3.2.0/hadoop-minikdc-3.2.0.jar:/root/.m2/repository/commons-io/commons-io/2.5/commons-io-2.5.jar:/root/.m2/repository/org/apache/kerby/kerb-simplekdc/1.0.1/kerb-simplekdc-1.0.1.jar:/root/.m2/repository/org/apache/kerby/kerb-client/1.0.1/kerb-client-1.0.1.jar:/root/.m2/repository/org/apache/kerby/kerby-config/1.0.1/kerby-config-1.0.1.jar:/root/.m2/repository/org/apache/kerby/kerb-core/1.0.1/kerb-core-1.0.1.jar:/root/.m2/repository/org/apache/kerby/kerby-pkix/1.0.1/kerby-pkix-1.0.1.jar:/root/.m2/repository/org/apache/kerby/kerby-asn1/1.0.1/kerby-asn1-1.0.1.jar:/root/.m2/repository/org/apache/kerby/kerby-util/1.0.1/kerby-util-1.0.1.jar:/root/.m2/repository/org/apache/kerby/kerb-common/1.0.1/kerb-common-1.0.1.jar:/root/.m2/repository/org/apache/kerby/kerb-crypto/1.0.1/kerb-crypto-1.0.1.jar:/root/.m2/repository/org/apache/kerby/kerb-util/1.0.1/kerb-util-1.0.1.jar:/root/.m2/repository/org/apache/kerby/token-provider/1.0.1/token-provider-1.0.1.jar:/root/.m2/repository/org/apache/kerby/kerb-admin/1.0.1/kerb-admin-1.0.1.jar:/root/.m2/repository/org/apache/kerby/kerb-server/1.0.1/kerb-server-1.0.1.jar:/root/.m2/repository/org/apache/kerby/kerb-identity/1.0.1/kerb-identity-1.0.1.jar:/root/.m2/repository/org/apache/kerby/kerby-xdr/1.0.1/kerby-xdr-1.0.1.jar:/root/.m2/repository/org/slf4j/slf4j-log4j12/1.7.25/slf4j-log4j12-1.7.25.jar:/root/.m2/repository/org/apache/hadoop/hadoop-ozone-objectstore-service/0.5.0-SNAPSHOT/hadoop-ozone-objectstore-service-0.5.0-SNAPSHOT.jar:/root/.m2/repository/org/apache/hadoop/hadoop-ozone-s3gateway/0.5.0-SNAPSHOT/hadoop-ozone-s3gateway-0.5.0-SNAPSHOT.jar:/root/.m2/repository/org/jboss/weld/servlet/weld-servlet/2.4.7.Final/weld-servlet-2.4.7.Final.jar:/root/.m2/repository/org/glassfish/jersey/containers/jersey-container-servlet-core/2.27/jersey-container-servlet-core-2.27.jar:/root/.m2/repository/org/glassfish/hk2/external/javax.inject/2.5.0-b42/javax.inject-2.5.0-b42.jar:/root/.m2/repository/org/glassfish/jersey/core/jersey-common/2.27/jersey-common-2.27.jar:/root/.m2/repository/org/glassfish/hk2/osgi-resource-locator/1.0.1/osgi-resource-locator-1.0.1.jar:/root/.m2/repository/javax/ws/rs/javax.ws.rs-api/2.1/javax.ws.rs-api-2.1.jar:/root/.m2/repository/org/glassfish/jersey/ext/cdi/jersey-cdi1x/2.27/jersey-cdi1x-2.27.jar:/root/.m2/repository/org/glassfish/jersey/inject/jersey-hk2/2.27/jersey-hk2-2.27.jar:/root/.m2/repository/org/glassfish/hk2/hk2-locator/2.5.0-b42/hk2-locator-2.5.0-b42.jar:/root/.m2/repository/org/javassist/javassist/3.22.0-CR2/javassist-3.22.0-CR2.jar:/root/.m2/repository/org/glassfish/hk2/hk2-api/2.5.0/hk2-api-2.5.0.jar:/root/.m2/repository/org/glassfish/hk2/external/jakarta.inject/2.5.0/jakarta.inject-2.5.0.jar:/root/.m2/repository/org/glassfish/hk2/hk2-utils/2.5.0/hk2-utils-2.5.0.jar:/root/.m2/repository/jakarta/annotation/jakarta.annotation-api/1.3.4/jakarta.annotation-api-1.3.4.jar:/root/.m2/repository/org/glassfish/hk2/external/aopalliance-repackaged/2.5.0/aopalliance-repackaged-2.5.0.jar:/root/.m2/repository/com/fasterxml/jackson/dataformat/jackson-dataformat-xml/2.9.0/jackson-dataformat-xml-2.9.0.jar:/root/.m2/repository/com/fasterxml/jackson/core/jackson-core/2.9.5/jackson-core-2.9.5.jar:/root/.m2/repository/com/fasterxml/jackson/module/jackson-module-jaxb-annotations/2.9.5/jackson-module-jaxb-annotations-2.9.5.jar:/root/.m2/repository/javax/enterprise/cdi-api/1.2/cdi-api-1.2.jar:/root/.m2/repository/javax/el/javax.el-api/3.0.0/javax.el-api-3.0.0.jar:/root/.m2/repository/javax/interceptor/javax.interceptor-api/1.2/javax.interceptor-api-1.2.jar:/root/.m2/repository/javax/inject/javax.inject/1/javax.inject-1.jar:/root/.m2/repository/com/sun/xml/bind/jaxb-impl/2.3.0.1/jaxb-impl-2.3.0.1.jar:/root/.m2/repository/com/sun/xml/bind/jaxb-core/2.3.0.1/jaxb-core-2.3.0.1.jar:/root/.m2/repository/javax/xml/bind/jaxb-api/2.3.0/jaxb-api-2.3.0.jar:/root/.m2/repository/javax/activation/activation/1.1.1/activation-1.1.1.jar:/root/.m2/repository/org/apache/hadoop/hadoop-ozone-csi/0.5.0-SNAPSHOT/hadoop-ozone-csi-0.5.0-SNAPSHOT.jar:/root/.m2/repository/com/google/protobuf/protobuf-java-util/3.5.1/protobuf-java-util-3.5.1.jar:/root/.m2/repository/org/apache/hadoop/hadoop-hdds-config/0.5.0-SNAPSHOT/hadoop-hdds-config-0.5.0-SNAPSHOT.jar:/root/.m2/repository/com/google/guava/guava/11.0.2/guava-11.0.2.jar:/root/.m2/repository/com/google/protobuf/protobuf-java/2.5.0/protobuf-java-2.5.0.jar:/root/.m2/repository/io/grpc/grpc-netty/1.17.1/grpc-netty-1.17.1.jar:/root/.m2/repository/io/grpc/grpc-core/1.17.1/grpc-core-1.17.1.jar:/root/.m2/repository/io/grpc/grpc-context/1.17.1/grpc-context-1.17.1.jar:/root/.m2/repository/com/google/errorprone/error_prone_annotations/2.2.0/error_prone_annotations-2.2.0.jar:/root/.m2/repository/org/codehaus/mojo/animal-sniffer-annotations/1.17/animal-sniffer-annotations-1.17.jar:/root/.m2/repository/io/opencensus/opencensus-api/0.17.0/opencensus-api-0.17.0.jar:/root/.m2/repository/io/opencensus/opencensus-contrib-grpc-metrics/0.17.0/opencensus-contrib-grpc-metrics-0.17.0.jar:/root/.m2/repository/io/netty/netty-codec-http2/4.1.30.Final/netty-codec-http2-4.1.30.Final.jar:/root/.m2/repository/io/netty/netty-codec-http/4.1.30.Final/netty-codec-http-4.1.30.Final.jar:/root/.m2/repository/io/netty/netty-codec/4.1.30.Final/netty-codec-4.1.30.Final.jar:/root/.m2/repository/io/netty/netty-handler/4.1.30.Final/netty-handler-4.1.30.Final.jar:/root/.m2/repository/io/netty/netty-handler-proxy/4.1.30.Final/netty-handler-proxy-4.1.30.Final.jar:/root/.m2/repository/io/netty/netty-codec-socks/4.1.30.Final/netty-codec-socks-4.1.30.Final.jar:/root/.m2/repository/io/netty/netty-transport-native-epoll/4.1.30.Final/netty-transport-native-epoll-4.1.30.Final.jar:/root/.m2/repository/io/netty/netty-common/4.1.30.Final/netty-common-4.1.30.Final.jar:/root/.m2/repository/io/netty/netty-buffer/4.1.30.Final/netty-buffer-4.1.30.Final.jar:/root/.m2/repository/io/netty/netty-transport/4.1.30.Final/netty-transport-4.1.30.Final.jar:/root/.m2/repository/io/netty/netty-resolver/4.1.30.Final/netty-resolver-4.1.30.Final.jar:/root/.m2/repository/io/netty/netty-transport-native-unix-common/4.1.30.Final/netty-transport-native-unix-common-4.1.30.Final.jar:/root/.m2/repository/io/grpc/grpc-protobuf/1.17.1/grpc-protobuf-1.17.1.jar:/root/.m2/repository/com/google/api/grpc/proto-google-common-protos/1.0.0/proto-google-common-protos-1.0.0.jar:/root/.m2/repository/io/grpc/grpc-protobuf-lite/1.17.1/grpc-protobuf-lite-1.17.1.jar:/root/.m2/repository/io/grpc/grpc-stub/1.17.1/grpc-stub-1.17.1.jar:/root/.m2/repository/org/apache/hadoop/hadoop-ozone-recon/0.5.0-SNAPSHOT/hadoop-ozone-recon-0.5.0-SNAPSHOT.jar:/root/.m2/repository/org/apache/hadoop/hadoop-ozone-reconcodegen/0.5.0-SNAPSHOT/hadoop-ozone-reconcodegen-0.5.0-SNAPSHOT.jar:/root/.m2/repository/com/google/inject/extensions/guice-multibindings/4.0/guice-multibindings-4.0.jar:/root/.m2/repository/com/google/inject/guice/4.0/guice-4.0.jar:/root/.m2/repository/aopalliance/aopalliance/1.0/aopalliance-1.0.jar:/root/.m2/repository/com/google/inject/extensions/guice-servlet/4.0/guice-servlet-4.0.jar:/root/.m2/repository/org/glassfish/jersey/containers/jersey-container-servlet/2.27/jersey-container-servlet-2.27.jar:/root/.m2/repository/org/glassfish/hk2/guice-bridge/2.5.0/guice-bridge-2.5.0.jar:/root/.m2/repository/org/glassfish/jersey/core/jersey-server/2.27/jersey-server-2.27.jar:/root/.m2/repository/org/glassfish/jersey/core/jersey-client/2.27/jersey-client-2.27.jar:/root/.m2/repository/org/glassfish/jersey/media/jersey-media-jaxb/2.27/jersey-media-jaxb-2.27.jar:/root/.m2/repository/javax/validation/validation-api/1.1.0.Final/validation-api-1.1.0.Final.jar:/root/.m2/repository/org/glassfish/jersey/media/jersey-media-json-jackson/2.27/jersey-media-json-jackson-2.27.jar:/root/.m2/repository/org/glassfish/jersey/ext/jersey-entity-filtering/2.27/jersey-entity-filtering-2.27.jar:/root/.m2/repository/com/google/inject/extensions/guice-assistedinject/4.0/guice-assistedinject-4.0.jar:/root/.m2/repository/org/jooq/jooq/3.11.10/jooq-3.11.10.jar:/root/.m2/repository/org/jooq/jooq-meta/3.11.10/jooq-meta-3.11.10.jar:/root/.m2/repository/org/jooq/jooq-codegen/3.11.10/jooq-codegen-3.11.10.jar:/root/.m2/repository/com/jolbox/bonecp/0.8.0.RELEASE/bonecp-0.8.0.RELEASE.jar:/root/.m2/repository/org/xerial/sqlite-jdbc/3.25.2/sqlite-jdbc-3.25.2.jar:/root/.m2/repository/org/springframework/spring-jdbc/5.1.3.RELEASE/spring-jdbc-5.1.3.RELEASE.jar:/root/.m2/repository/org/springframework/spring-beans/5.1.3.RELEASE/spring-beans-5.1.3.RELEASE.jar:/root/.m2/repository/org/springframework/spring-core/5.1.3.RELEASE/spring-core-5.1.3.RELEASE.jar:/root/.m2/repository/org/springframework/spring-jcl/5.1.3.RELEASE/spring-jcl-5.1.3.RELEASE.jar:/root/.m2/repository/org/springframework/spring-tx/5.1.3.RELEASE/spring-tx-5.1.3.RELEASE.jar:/root/.m2/repository/org/apache/hadoop/hadoop-ozone-client/0.5.0-SNAPSHOT/hadoop-ozone-client-0.5.0-SNAPSHOT.jar:/root/.m2/repository/org/apache/hadoop/hadoop-ozone-ozone-manager/0.5.0-SNAPSHOT/hadoop-ozone-ozone-manager-0.5.0-SNAPSHOT-tests.jar:/root/.m2/repository/junit/junit/4.11/junit-4.11.jar:/root/.m2/repository/org/hamcrest/hamcrest-core/1.3/hamcrest-core-1.3.jar:/root/.m2/repository/org/openjdk/jmh/jmh-core/1.19/jmh-core-1.19.jar:/root/.m2/repository/net/sf/jopt-simple/jopt-simple/4.6/jopt-simple-4.6.jar:/root/.m2/repository/org/apache/commons/commons-math3/3.1.1/commons-math3-3.1.1.jar:/root/.m2/repository/org/openjdk/jmh/jmh-generator-annprocess/1.19/jmh-generator-annprocess-1.19.jar:/root/.m2/repository/org/mockito/mockito-all/1.8.5/mockito-all-1.8.5.jar:/root/.m2/repository/org/apache/hadoop/hadoop-kms/3.2.0/hadoop-kms-3.2.0.jar:/root/.m2/repository/org/apache/hadoop/hadoop-auth/3.2.0/hadoop-auth-3.2.0.jar:/root/.m2/repository/com/nimbusds/nimbus-jose-jwt/4.41.1/nimbus-jose-jwt-4.41.1.jar:/root/.m2/repository/com/github/stephenc/jcip/jcip-annotations/1.0-1/jcip-annotations-1.0-1.jar:/root/.m2/repository/net/minidev/json-smart/2.3/json-smart-2.3.jar:/root/.m2/repository/net/minidev/accessors-smart/1.2/accessors-smart-1.2.jar:/root/.m2/repository/org/ow2/asm/asm/5.0.4/asm-5.0.4.jar:/root/.m2/repository/org/apache/curator/curator-framework/2.12.0/curator-framework-2.12.0.jar:/root/.m2/repository/com/sun/jersey/jersey-core/1.19/jersey-core-1.19.jar:/root/.m2/repository/javax/ws/rs/jsr311-api/1.1.1/jsr311-api-1.1.1.jar:/root/.m2/repository/com/sun/jersey/jersey-server/1.19/jersey-server-1.19.jar:/root/.m2/repository/javax/servlet/javax.servlet-api/3.1.0/javax.servlet-api-3.1.0.jar:/root/.m2/repository/org/eclipse/jetty/jetty-server/9.3.24.v20180605/jetty-server-9.3.24.v20180605.jar:/root/.m2/repository/org/eclipse/jetty/jetty-http/9.3.24.v20180605/jetty-http-9.3.24.v20180605.jar:/root/.m2/repository/org/eclipse/jetty/jetty-io/9.3.24.v20180605/jetty-io-9.3.24.v20180605.jar:/root/.m2/repository/org/eclipse/jetty/jetty-webapp/9.3.24.v20180605/jetty-webapp-9.3.24.v20180605.jar:/root/.m2/repository/org/eclipse/jetty/jetty-xml/9.3.24.v20180605/jetty-xml-9.3.24.v20180605.jar:/root/.m2/repository/log4j/log4j/1.2.17/log4j-1.2.17.jar:/root/.m2/repository/org/slf4j/slf4j-api/1.7.25/slf4j-api-1.7.25.jar:/root/.m2/repository/org/slf4j/jul-to-slf4j/1.7.25/jul-to-slf4j-1.7.25.jar:/root/.m2/repository/org/eclipse/jetty/jetty-util/9.3.24.v20180605/jetty-util-9.3.24.v20180605.jar:/root/.m2/repository/io/dropwizard/metrics/metrics-core/3.2.4/metrics-core-3.2.4.jar:/root/.m2/repository/com/fasterxml/jackson/core/jackson-databind/2.9.5/jackson-databind-2.9.5.jar:/root/.m2/repository/org/apache/hadoop/hadoop-kms/3.2.0/hadoop-kms-3.2.0-tests.jar:/root/.m2/repository/org/apache/hadoop/hadoop-hdds-server-scm/0.5.0-SNAPSHOT/hadoop-hdds-server-scm-0.5.0-SNAPSHOT-tests.jar:/root/.m2/repository/org/hamcrest/hamcrest-all/1.3/hamcrest-all-1.3.jar:/root/.m2/repository/info/picocli/picocli/3.9.6/picocli-3.9.6.jar:/root/.m2/repository/org/apache/hadoop/hadoop-hdds-container-service/0.5.0-SNAPSHOT/hadoop-hdds-container-service-0.5.0-SNAPSHOT-tests.jar:/root/.m2/repository/org/yaml/snakeyaml/1.16/snakeyaml-1.16.jar:/root/.m2/repository/org/apache/hadoop/hadoop-common/3.2.0/hadoop-common-3.2.0-tests.jar:/root/.m2/repository/org/apache/hadoop/hadoop-annotations/3.2.0/hadoop-annotations-3.2.0.jar:/usr/lib/jvm/java-1.8-openjdk/jre/../lib/tools.jar:/root/.m2/repository/commons-cli/commons-cli/1.2/commons-cli-1.2.jar:/root/.m2/repository/org/apache/httpcomponents/httpclient/4.5.2/httpclient-4.5.2.jar:/root/.m2/repository/org/apache/httpcomponents/httpcore/4.4.4/httpcore-4.4.4.jar:/root/.m2/repository/commons-codec/commons-codec/1.11/commons-codec-1.11.jar:/root/.m2/repository/commons-net/commons-net/3.6/commons-net-3.6.jar:/root/.m2/repository/commons-collections/commons-collections/3.2.2/commons-collections-3.2.2.jar:/root/.m2/repository/org/eclipse/jetty/jetty-servlet/9.3.24.v20180605/jetty-servlet-9.3.24.v20180605.jar:/root/.m2/repository/org/eclipse/jetty/jetty-security/9.3.24.v20180605/jetty-security-9.3.24.v20180605.jar:/root/.m2/repository/javax/servlet/jsp/jsp-api/2.1/jsp-api-2.1.jar:/root/.m2/repository/com/sun/jersey/jersey-servlet/1.19/jersey-servlet-1.19.jar:/root/.m2/repository/com/sun/jersey/jersey-json/1.19/jersey-json-1.19.jar:/root/.m2/repository/org/codehaus/jettison/jettison/1.1/jettison-1.1.jar:/root/.m2/repository/org/codehaus/jackson/jackson-core-asl/1.9.13/jackson-core-asl-1.9.13.jar:/root/.m2/repository/org/codehaus/jackson/jackson-mapper-asl/1.9.13/jackson-mapper-asl-1.9.13.jar:/root/.m2/repository/org/codehaus/jackson/jackson-jaxrs/1.9.13/jackson-jaxrs-1.9.13.jar:/root/.m2/repository/org/codehaus/jackson/jackson-xc/1.9.13/jackson-xc-1.9.13.jar:/root/.m2/repository/commons-logging/commons-logging/1.1.3/commons-logging-1.1.3.jar:/root/.m2/repository/commons-beanutils/commons-beanutils/1.9.3/commons-beanutils-1.9.3.jar:/root/.m2/repository/org/apache/commons/commons-configuration2/2.1.1/commons-configuration2-2.1.1.jar:/root/.m2/repository/org/apache/commons/commons-lang3/3.7/commons-lang3-3.7.jar:/root/.m2/repository/org/apache/commons/commons-text/1.4/commons-text-1.4.jar:/root/.m2/repository/org/apache/avro/avro/1.7.7/avro-1.7.7.jar:/root/.m2/repository/com/thoughtworks/paranamer/paranamer/2.3/paranamer-2.3.jar:/root/.m2/repository/org/xerial/snappy/snappy-java/1.0.5/snappy-java-1.0.5.jar:/root/.m2/repository/com/google/re2j/re2j/1.1/re2j-1.1.jar:/root/.m2/repository/com/google/code/gson/gson/2.2.4/gson-2.2.4.jar:/root/.m2/repository/com/jcraft/jsch/0.1.54/jsch-0.1.54.jar:/root/.m2/repository/org/apache/curator/curator-client/2.12.0/curator-client-2.12.0.jar:/root/.m2/repository/org/apache/curator/curator-recipes/2.12.0/curator-recipes-2.12.0.jar:/root/.m2/repository/com/google/code/findbugs/jsr305/3.0.0/jsr305-3.0.0.jar:/root/.m2/repository/org/apache/htrace/htrace-core4/4.1.0-incubating/htrace-core4-4.1.0-incubating.jar:/root/.m2/repository/org/apache/zookeeper/zookeeper/3.4.13/zookeeper-3.4.13.jar:/root/.m2/repository/org/apache/yetus/audience-annotations/0.5.0/audience-annotations-0.5.0.jar:/root/.m2/repository/org/codehaus/woodstox/stax2-api/3.1.4/stax2-api-3.1.4.jar:/root/.m2/repository/com/fasterxml/woodstox/woodstox-core/5.0.3/woodstox-core-5.0.3.jar:/root/.m2/repository/dnsjava/dnsjava/2.1.7/dnsjava-2.1.7.jar:/root/.m2/repository/org/apache/hadoop/hadoop-hdfs/3.2.0/hadoop-hdfs-3.2.0-tests.jar:/root/.m2/repository/org/eclipse/jetty/jetty-util-ajax/9.3.24.v20180605/jetty-util-ajax-9.3.24.v20180605.jar:/root/.m2/repository/commons-daemon/commons-daemon/1.0.13/commons-daemon-1.0.13.jar:/root/.m2/repository/io/netty/netty/3.10.5.Final/netty-3.10.5.Final.jar:/root/.m2/repository/io/netty/netty-all/4.0.52.Final/netty-all-4.0.52.Final.jar:/root/.m2/repository/org/fusesource/leveldbjni/leveldbjni-all/1.8/leveldbjni-all-1.8.jar:"/>
    <property name="java.vm.vendor" value="IcedTea"/>
    <property name="sun.arch.data.model" value="64"/>
    <property name="test.build.dir" value="/opt/src/hadoop-ozone/integration-test/target/test-dir"/>
    <property name="test.cache.data" value=""/>
    <property name="java.vendor.url" value="https://icedtea.classpath.org"/>
    <property name="user.timezone" value=""/>
    <property name="java.vm.specification.version" value="1.8"/>
    <property name="os.name" value="Linux"/>
    <property name="test.build.data" value="/opt/src/hadoop-ozone/integration-test/target/test-dir"/>
    <property name="user.country" value="US"/>
    <property name="sun.java.launcher" value="SUN_STANDARD"/>
    <property name="sun.boot.library.path" value="/usr/lib/jvm/java-1.8-openjdk/jre/lib/amd64"/>
    <property name="sun.java.command" value="/opt/src/hadoop-ozone/integration-test/target/surefire/surefirebooter3666716817573117538.jar /opt/src/hadoop-ozone/integration-test/target/surefire 2019-06-13T19-10-55_923-jvmRun1 surefire7249435899476796059tmp surefire_217683935348851073898tmp"/>
    <property name="surefire.test.class.path" value="/opt/src/hadoop-ozone/integration-test/target/test-classes:/opt/src/hadoop-ozone/integration-test/target/classes:/root/.m2/repository/org/apache/hadoop/hadoop-ozone-common/0.5.0-SNAPSHOT/hadoop-ozone-common-0.5.0-SNAPSHOT.jar:/root/.m2/repository/org/apache/commons/commons-compress/1.4.1/commons-compress-1.4.1.jar:/root/.m2/repository/org/tukaani/xz/1.0/xz-1.0.jar:/root/.m2/repository/org/apache/hadoop/hadoop-common/3.2.0/hadoop-common-3.2.0.jar:/root/.m2/repository/org/apache/hadoop/hadoop-hdfs/3.2.0/hadoop-hdfs-3.2.0.jar:/root/.m2/repository/org/apache/hadoop/hadoop-hdfs-client/3.2.0/hadoop-hdfs-client-3.2.0.jar:/root/.m2/repository/com/fasterxml/jackson/core/jackson-annotations/2.9.5/jackson-annotations-2.9.5.jar:/root/.m2/repository/org/apache/hadoop/hadoop-hdds-common/0.5.0-SNAPSHOT/hadoop-hdds-common-0.5.0-SNAPSHOT.jar:/root/.m2/repository/javax/annotation/javax.annotation-api/1.2/javax.annotation-api-1.2.jar:/root/.m2/repository/org/apache/ratis/ratis-server/0.4.0-fe2b15d-SNAPSHOT/ratis-server-0.4.0-fe2b15d-SNAPSHOT.jar:/root/.m2/repository/org/apache/ratis/ratis-thirdparty-misc/0.2.0/ratis-thirdparty-misc-0.2.0.jar:/root/.m2/repository/org/apache/ratis/ratis-proto/0.4.0-fe2b15d-SNAPSHOT/ratis-proto-0.4.0-fe2b15d-SNAPSHOT.jar:/root/.m2/repository/org/apache/ratis/ratis-common/0.4.0-fe2b15d-SNAPSHOT/ratis-common-0.4.0-fe2b15d-SNAPSHOT.jar:/root/.m2/repository/org/apache/ratis/ratis-client/0.4.0-fe2b15d-SNAPSHOT/ratis-client-0.4.0-fe2b15d-SNAPSHOT.jar:/root/.m2/repository/org/apache/ratis/ratis-netty/0.4.0-fe2b15d-SNAPSHOT/ratis-netty-0.4.0-fe2b15d-SNAPSHOT.jar:/root/.m2/repository/org/apache/ratis/ratis-grpc/0.4.0-fe2b15d-SNAPSHOT/ratis-grpc-0.4.0-fe2b15d-SNAPSHOT.jar:/root/.m2/repository/org/rocksdb/rocksdbjni/5.14.2/rocksdbjni-5.14.2.jar:/root/.m2/repository/org/apache/logging/log4j/log4j-api/2.11.0/log4j-api-2.11.0.jar:/root/.m2/repository/org/apache/logging/log4j/log4j-core/2.11.0/log4j-core-2.11.0.jar:/root/.m2/repository/com/lmax/disruptor/3.4.2/disruptor-3.4.2.jar:/root/.m2/repository/org/apache/commons/commons-pool2/2.6.0/commons-pool2-2.6.0.jar:/root/.m2/repository/org/bouncycastle/bcpkix-jdk15on/1.60/bcpkix-jdk15on-1.60.jar:/root/.m2/repository/commons-validator/commons-validator/1.6/commons-validator-1.6.jar:/root/.m2/repository/commons-digester/commons-digester/1.8.1/commons-digester-1.8.1.jar:/root/.m2/repository/io/jaegertracing/jaeger-client/0.33.1/jaeger-client-0.33.1.jar:/root/.m2/repository/io/jaegertracing/jaeger-thrift/0.33.1/jaeger-thrift-0.33.1.jar:/root/.m2/repository/org/apache/thrift/libthrift/0.11.0/libthrift-0.11.0.jar:/root/.m2/repository/com/squareup/okhttp3/okhttp/3.9.0/okhttp-3.9.0.jar:/root/.m2/repository/com/squareup/okio/okio/1.13.0/okio-1.13.0.jar:/root/.m2/repository/io/jaegertracing/jaeger-core/0.33.1/jaeger-core-0.33.1.jar:/root/.m2/repository/io/jaegertracing/jaeger-tracerresolver/0.33.1/jaeger-tracerresolver-0.33.1.jar:/root/.m2/repository/io/opentracing/contrib/opentracing-tracerresolver/0.1.5/opentracing-tracerresolver-0.1.5.jar:/root/.m2/repository/io/opentracing/opentracing-util/0.31.0/opentracing-util-0.31.0.jar:/root/.m2/repository/io/opentracing/opentracing-api/0.31.0/opentracing-api-0.31.0.jar:/root/.m2/repository/io/opentracing/opentracing-noop/0.31.0/opentracing-noop-0.31.0.jar:/root/.m2/repository/org/apache/hadoop/hadoop-hdds-server-framework/0.5.0-SNAPSHOT/hadoop-hdds-server-framework-0.5.0-SNAPSHOT.jar:/root/.m2/repository/org/apache/hadoop/hadoop-hdds-server-scm/0.5.0-SNAPSHOT/hadoop-hdds-server-scm-0.5.0-SNAPSHOT.jar:/root/.m2/repository/org/apache/hadoop/hadoop-hdds-container-service/0.5.0-SNAPSHOT/hadoop-hdds-container-service-0.5.0-SNAPSHOT.jar:/root/.m2/repository/org/apache/hadoop/hadoop-hdds-client/0.5.0-SNAPSHOT/hadoop-hdds-client-0.5.0-SNAPSHOT.jar:/root/.m2/repository/org/apache/hadoop/hadoop-hdds-tools/0.5.0-SNAPSHOT/hadoop-hdds-tools-0.5.0-SNAPSHOT.jar:/root/.m2/repository/org/apache/hadoop/hadoop-ozone-ozone-manager/0.5.0-SNAPSHOT/hadoop-ozone-ozone-manager-0.5.0-SNAPSHOT.jar:/root/.m2/repository/org/apache/hadoop/hadoop-hdds-docs/0.5.0-SNAPSHOT/hadoop-hdds-docs-0.5.0-SNAPSHOT.jar:/root/.m2/repository/org/bouncycastle/bcprov-jdk15on/1.60/bcprov-jdk15on-1.60.jar:/root/.m2/repository/org/apache/hadoop/hadoop-minikdc/3.2.0/hadoop-minikdc-3.2.0.jar:/root/.m2/repository/commons-io/commons-io/2.5/commons-io-2.5.jar:/root/.m2/repository/org/apache/kerby/kerb-simplekdc/1.0.1/kerb-simplekdc-1.0.1.jar:/root/.m2/repository/org/apache/kerby/kerb-client/1.0.1/kerb-client-1.0.1.jar:/root/.m2/repository/org/apache/kerby/kerby-config/1.0.1/kerby-config-1.0.1.jar:/root/.m2/repository/org/apache/kerby/kerb-core/1.0.1/kerb-core-1.0.1.jar:/root/.m2/repository/org/apache/kerby/kerby-pkix/1.0.1/kerby-pkix-1.0.1.jar:/root/.m2/repository/org/apache/kerby/kerby-asn1/1.0.1/kerby-asn1-1.0.1.jar:/root/.m2/repository/org/apache/kerby/kerby-util/1.0.1/kerby-util-1.0.1.jar:/root/.m2/repository/org/apache/kerby/kerb-common/1.0.1/kerb-common-1.0.1.jar:/root/.m2/repository/org/apache/kerby/kerb-crypto/1.0.1/kerb-crypto-1.0.1.jar:/root/.m2/repository/org/apache/kerby/kerb-util/1.0.1/kerb-util-1.0.1.jar:/root/.m2/repository/org/apache/kerby/token-provider/1.0.1/token-provider-1.0.1.jar:/root/.m2/repository/org/apache/kerby/kerb-admin/1.0.1/kerb-admin-1.0.1.jar:/root/.m2/repository/org/apache/kerby/kerb-server/1.0.1/kerb-server-1.0.1.jar:/root/.m2/repository/org/apache/kerby/kerb-identity/1.0.1/kerb-identity-1.0.1.jar:/root/.m2/repository/org/apache/kerby/kerby-xdr/1.0.1/kerby-xdr-1.0.1.jar:/root/.m2/repository/org/slf4j/slf4j-log4j12/1.7.25/slf4j-log4j12-1.7.25.jar:/root/.m2/repository/org/apache/hadoop/hadoop-ozone-objectstore-service/0.5.0-SNAPSHOT/hadoop-ozone-objectstore-service-0.5.0-SNAPSHOT.jar:/root/.m2/repository/org/apache/hadoop/hadoop-ozone-s3gateway/0.5.0-SNAPSHOT/hadoop-ozone-s3gateway-0.5.0-SNAPSHOT.jar:/root/.m2/repository/org/jboss/weld/servlet/weld-servlet/2.4.7.Final/weld-servlet-2.4.7.Final.jar:/root/.m2/repository/org/glassfish/jersey/containers/jersey-container-servlet-core/2.27/jersey-container-servlet-core-2.27.jar:/root/.m2/repository/org/glassfish/hk2/external/javax.inject/2.5.0-b42/javax.inject-2.5.0-b42.jar:/root/.m2/repository/org/glassfish/jersey/core/jersey-common/2.27/jersey-common-2.27.jar:/root/.m2/repository/org/glassfish/hk2/osgi-resource-locator/1.0.1/osgi-resource-locator-1.0.1.jar:/root/.m2/repository/javax/ws/rs/javax.ws.rs-api/2.1/javax.ws.rs-api-2.1.jar:/root/.m2/repository/org/glassfish/jersey/ext/cdi/jersey-cdi1x/2.27/jersey-cdi1x-2.27.jar:/root/.m2/repository/org/glassfish/jersey/inject/jersey-hk2/2.27/jersey-hk2-2.27.jar:/root/.m2/repository/org/glassfish/hk2/hk2-locator/2.5.0-b42/hk2-locator-2.5.0-b42.jar:/root/.m2/repository/org/javassist/javassist/3.22.0-CR2/javassist-3.22.0-CR2.jar:/root/.m2/repository/org/glassfish/hk2/hk2-api/2.5.0/hk2-api-2.5.0.jar:/root/.m2/repository/org/glassfish/hk2/external/jakarta.inject/2.5.0/jakarta.inject-2.5.0.jar:/root/.m2/repository/org/glassfish/hk2/hk2-utils/2.5.0/hk2-utils-2.5.0.jar:/root/.m2/repository/jakarta/annotation/jakarta.annotation-api/1.3.4/jakarta.annotation-api-1.3.4.jar:/root/.m2/repository/org/glassfish/hk2/external/aopalliance-repackaged/2.5.0/aopalliance-repackaged-2.5.0.jar:/root/.m2/repository/com/fasterxml/jackson/dataformat/jackson-dataformat-xml/2.9.0/jackson-dataformat-xml-2.9.0.jar:/root/.m2/repository/com/fasterxml/jackson/core/jackson-core/2.9.5/jackson-core-2.9.5.jar:/root/.m2/repository/com/fasterxml/jackson/module/jackson-module-jaxb-annotations/2.9.5/jackson-module-jaxb-annotations-2.9.5.jar:/root/.m2/repository/javax/enterprise/cdi-api/1.2/cdi-api-1.2.jar:/root/.m2/repository/javax/el/javax.el-api/3.0.0/javax.el-api-3.0.0.jar:/root/.m2/repository/javax/interceptor/javax.interceptor-api/1.2/javax.interceptor-api-1.2.jar:/root/.m2/repository/javax/inject/javax.inject/1/javax.inject-1.jar:/root/.m2/repository/com/sun/xml/bind/jaxb-impl/2.3.0.1/jaxb-impl-2.3.0.1.jar:/root/.m2/repository/com/sun/xml/bind/jaxb-core/2.3.0.1/jaxb-core-2.3.0.1.jar:/root/.m2/repository/javax/xml/bind/jaxb-api/2.3.0/jaxb-api-2.3.0.jar:/root/.m2/repository/javax/activation/activation/1.1.1/activation-1.1.1.jar:/root/.m2/repository/org/apache/hadoop/hadoop-ozone-csi/0.5.0-SNAPSHOT/hadoop-ozone-csi-0.5.0-SNAPSHOT.jar:/root/.m2/repository/com/google/protobuf/protobuf-java-util/3.5.1/protobuf-java-util-3.5.1.jar:/root/.m2/repository/org/apache/hadoop/hadoop-hdds-config/0.5.0-SNAPSHOT/hadoop-hdds-config-0.5.0-SNAPSHOT.jar:/root/.m2/repository/com/google/guava/guava/11.0.2/guava-11.0.2.jar:/root/.m2/repository/com/google/protobuf/protobuf-java/2.5.0/protobuf-java-2.5.0.jar:/root/.m2/repository/io/grpc/grpc-netty/1.17.1/grpc-netty-1.17.1.jar:/root/.m2/repository/io/grpc/grpc-core/1.17.1/grpc-core-1.17.1.jar:/root/.m2/repository/io/grpc/grpc-context/1.17.1/grpc-context-1.17.1.jar:/root/.m2/repository/com/google/errorprone/error_prone_annotations/2.2.0/error_prone_annotations-2.2.0.jar:/root/.m2/repository/org/codehaus/mojo/animal-sniffer-annotations/1.17/animal-sniffer-annotations-1.17.jar:/root/.m2/repository/io/opencensus/opencensus-api/0.17.0/opencensus-api-0.17.0.jar:/root/.m2/repository/io/opencensus/opencensus-contrib-grpc-metrics/0.17.0/opencensus-contrib-grpc-metrics-0.17.0.jar:/root/.m2/repository/io/netty/netty-codec-http2/4.1.30.Final/netty-codec-http2-4.1.30.Final.jar:/root/.m2/repository/io/netty/netty-codec-http/4.1.30.Final/netty-codec-http-4.1.30.Final.jar:/root/.m2/repository/io/netty/netty-codec/4.1.30.Final/netty-codec-4.1.30.Final.jar:/root/.m2/repository/io/netty/netty-handler/4.1.30.Final/netty-handler-4.1.30.Final.jar:/root/.m2/repository/io/netty/netty-handler-proxy/4.1.30.Final/netty-handler-proxy-4.1.30.Final.jar:/root/.m2/repository/io/netty/netty-codec-socks/4.1.30.Final/netty-codec-socks-4.1.30.Final.jar:/root/.m2/repository/io/netty/netty-transport-native-epoll/4.1.30.Final/netty-transport-native-epoll-4.1.30.Final.jar:/root/.m2/repository/io/netty/netty-common/4.1.30.Final/netty-common-4.1.30.Final.jar:/root/.m2/repository/io/netty/netty-buffer/4.1.30.Final/netty-buffer-4.1.30.Final.jar:/root/.m2/repository/io/netty/netty-transport/4.1.30.Final/netty-transport-4.1.30.Final.jar:/root/.m2/repository/io/netty/netty-resolver/4.1.30.Final/netty-resolver-4.1.30.Final.jar:/root/.m2/repository/io/netty/netty-transport-native-unix-common/4.1.30.Final/netty-transport-native-unix-common-4.1.30.Final.jar:/root/.m2/repository/io/grpc/grpc-protobuf/1.17.1/grpc-protobuf-1.17.1.jar:/root/.m2/repository/com/google/api/grpc/proto-google-common-protos/1.0.0/proto-google-common-protos-1.0.0.jar:/root/.m2/repository/io/grpc/grpc-protobuf-lite/1.17.1/grpc-protobuf-lite-1.17.1.jar:/root/.m2/repository/io/grpc/grpc-stub/1.17.1/grpc-stub-1.17.1.jar:/root/.m2/repository/org/apache/hadoop/hadoop-ozone-recon/0.5.0-SNAPSHOT/hadoop-ozone-recon-0.5.0-SNAPSHOT.jar:/root/.m2/repository/org/apache/hadoop/hadoop-ozone-reconcodegen/0.5.0-SNAPSHOT/hadoop-ozone-reconcodegen-0.5.0-SNAPSHOT.jar:/root/.m2/repository/com/google/inject/extensions/guice-multibindings/4.0/guice-multibindings-4.0.jar:/root/.m2/repository/com/google/inject/guice/4.0/guice-4.0.jar:/root/.m2/repository/aopalliance/aopalliance/1.0/aopalliance-1.0.jar:/root/.m2/repository/com/google/inject/extensions/guice-servlet/4.0/guice-servlet-4.0.jar:/root/.m2/repository/org/glassfish/jersey/containers/jersey-container-servlet/2.27/jersey-container-servlet-2.27.jar:/root/.m2/repository/org/glassfish/hk2/guice-bridge/2.5.0/guice-bridge-2.5.0.jar:/root/.m2/repository/org/glassfish/jersey/core/jersey-server/2.27/jersey-server-2.27.jar:/root/.m2/repository/org/glassfish/jersey/core/jersey-client/2.27/jersey-client-2.27.jar:/root/.m2/repository/org/glassfish/jersey/media/jersey-media-jaxb/2.27/jersey-media-jaxb-2.27.jar:/root/.m2/repository/javax/validation/validation-api/1.1.0.Final/validation-api-1.1.0.Final.jar:/root/.m2/repository/org/glassfish/jersey/media/jersey-media-json-jackson/2.27/jersey-media-json-jackson-2.27.jar:/root/.m2/repository/org/glassfish/jersey/ext/jersey-entity-filtering/2.27/jersey-entity-filtering-2.27.jar:/root/.m2/repository/com/google/inject/extensions/guice-assistedinject/4.0/guice-assistedinject-4.0.jar:/root/.m2/repository/org/jooq/jooq/3.11.10/jooq-3.11.10.jar:/root/.m2/repository/org/jooq/jooq-meta/3.11.10/jooq-meta-3.11.10.jar:/root/.m2/repository/org/jooq/jooq-codegen/3.11.10/jooq-codegen-3.11.10.jar:/root/.m2/repository/com/jolbox/bonecp/0.8.0.RELEASE/bonecp-0.8.0.RELEASE.jar:/root/.m2/repository/org/xerial/sqlite-jdbc/3.25.2/sqlite-jdbc-3.25.2.jar:/root/.m2/repository/org/springframework/spring-jdbc/5.1.3.RELEASE/spring-jdbc-5.1.3.RELEASE.jar:/root/.m2/repository/org/springframework/spring-beans/5.1.3.RELEASE/spring-beans-5.1.3.RELEASE.jar:/root/.m2/repository/org/springframework/spring-core/5.1.3.RELEASE/spring-core-5.1.3.RELEASE.jar:/root/.m2/repository/org/springframework/spring-jcl/5.1.3.RELEASE/spring-jcl-5.1.3.RELEASE.jar:/root/.m2/repository/org/springframework/spring-tx/5.1.3.RELEASE/spring-tx-5.1.3.RELEASE.jar:/root/.m2/repository/org/apache/hadoop/hadoop-ozone-client/0.5.0-SNAPSHOT/hadoop-ozone-client-0.5.0-SNAPSHOT.jar:/root/.m2/repository/org/apache/hadoop/hadoop-ozone-ozone-manager/0.5.0-SNAPSHOT/hadoop-ozone-ozone-manager-0.5.0-SNAPSHOT-tests.jar:/root/.m2/repository/junit/junit/4.11/junit-4.11.jar:/root/.m2/repository/org/hamcrest/hamcrest-core/1.3/hamcrest-core-1.3.jar:/root/.m2/repository/org/openjdk/jmh/jmh-core/1.19/jmh-core-1.19.jar:/root/.m2/repository/net/sf/jopt-simple/jopt-simple/4.6/jopt-simple-4.6.jar:/root/.m2/repository/org/apache/commons/commons-math3/3.1.1/commons-math3-3.1.1.jar:/root/.m2/repository/org/openjdk/jmh/jmh-generator-annprocess/1.19/jmh-generator-annprocess-1.19.jar:/root/.m2/repository/org/mockito/mockito-all/1.8.5/mockito-all-1.8.5.jar:/root/.m2/repository/org/apache/hadoop/hadoop-kms/3.2.0/hadoop-kms-3.2.0.jar:/root/.m2/repository/org/apache/hadoop/hadoop-auth/3.2.0/hadoop-auth-3.2.0.jar:/root/.m2/repository/com/nimbusds/nimbus-jose-jwt/4.41.1/nimbus-jose-jwt-4.41.1.jar:/root/.m2/repository/com/github/stephenc/jcip/jcip-annotations/1.0-1/jcip-annotations-1.0-1.jar:/root/.m2/repository/net/minidev/json-smart/2.3/json-smart-2.3.jar:/root/.m2/repository/net/minidev/accessors-smart/1.2/accessors-smart-1.2.jar:/root/.m2/repository/org/ow2/asm/asm/5.0.4/asm-5.0.4.jar:/root/.m2/repository/org/apache/curator/curator-framework/2.12.0/curator-framework-2.12.0.jar:/root/.m2/repository/com/sun/jersey/jersey-core/1.19/jersey-core-1.19.jar:/root/.m2/repository/javax/ws/rs/jsr311-api/1.1.1/jsr311-api-1.1.1.jar:/root/.m2/repository/com/sun/jersey/jersey-server/1.19/jersey-server-1.19.jar:/root/.m2/repository/javax/servlet/javax.servlet-api/3.1.0/javax.servlet-api-3.1.0.jar:/root/.m2/repository/org/eclipse/jetty/jetty-server/9.3.24.v20180605/jetty-server-9.3.24.v20180605.jar:/root/.m2/repository/org/eclipse/jetty/jetty-http/9.3.24.v20180605/jetty-http-9.3.24.v20180605.jar:/root/.m2/repository/org/eclipse/jetty/jetty-io/9.3.24.v20180605/jetty-io-9.3.24.v20180605.jar:/root/.m2/repository/org/eclipse/jetty/jetty-webapp/9.3.24.v20180605/jetty-webapp-9.3.24.v20180605.jar:/root/.m2/repository/org/eclipse/jetty/jetty-xml/9.3.24.v20180605/jetty-xml-9.3.24.v20180605.jar:/root/.m2/repository/log4j/log4j/1.2.17/log4j-1.2.17.jar:/root/.m2/repository/org/slf4j/slf4j-api/1.7.25/slf4j-api-1.7.25.jar:/root/.m2/repository/org/slf4j/jul-to-slf4j/1.7.25/jul-to-slf4j-1.7.25.jar:/root/.m2/repository/org/eclipse/jetty/jetty-util/9.3.24.v20180605/jetty-util-9.3.24.v20180605.jar:/root/.m2/repository/io/dropwizard/metrics/metrics-core/3.2.4/metrics-core-3.2.4.jar:/root/.m2/repository/com/fasterxml/jackson/core/jackson-databind/2.9.5/jackson-databind-2.9.5.jar:/root/.m2/repository/org/apache/hadoop/hadoop-kms/3.2.0/hadoop-kms-3.2.0-tests.jar:/root/.m2/repository/org/apache/hadoop/hadoop-hdds-server-scm/0.5.0-SNAPSHOT/hadoop-hdds-server-scm-0.5.0-SNAPSHOT-tests.jar:/root/.m2/repository/org/hamcrest/hamcrest-all/1.3/hamcrest-all-1.3.jar:/root/.m2/repository/info/picocli/picocli/3.9.6/picocli-3.9.6.jar:/root/.m2/repository/org/apache/hadoop/hadoop-hdds-container-service/0.5.0-SNAPSHOT/hadoop-hdds-container-service-0.5.0-SNAPSHOT-tests.jar:/root/.m2/repository/org/yaml/snakeyaml/1.16/snakeyaml-1.16.jar:/root/.m2/repository/org/apache/hadoop/hadoop-common/3.2.0/hadoop-common-3.2.0-tests.jar:/root/.m2/repository/org/apache/hadoop/hadoop-annotations/3.2.0/hadoop-annotations-3.2.0.jar:/usr/lib/jvm/java-1.8-openjdk/jre/../lib/tools.jar:/root/.m2/repository/commons-cli/commons-cli/1.2/commons-cli-1.2.jar:/root/.m2/repository/org/apache/httpcomponents/httpclient/4.5.2/httpclient-4.5.2.jar:/root/.m2/repository/org/apache/httpcomponents/httpcore/4.4.4/httpcore-4.4.4.jar:/root/.m2/repository/commons-codec/commons-codec/1.11/commons-codec-1.11.jar:/root/.m2/repository/commons-net/commons-net/3.6/commons-net-3.6.jar:/root/.m2/repository/commons-collections/commons-collections/3.2.2/commons-collections-3.2.2.jar:/root/.m2/repository/org/eclipse/jetty/jetty-servlet/9.3.24.v20180605/jetty-servlet-9.3.24.v20180605.jar:/root/.m2/repository/org/eclipse/jetty/jetty-security/9.3.24.v20180605/jetty-security-9.3.24.v20180605.jar:/root/.m2/repository/javax/servlet/jsp/jsp-api/2.1/jsp-api-2.1.jar:/root/.m2/repository/com/sun/jersey/jersey-servlet/1.19/jersey-servlet-1.19.jar:/root/.m2/repository/com/sun/jersey/jersey-json/1.19/jersey-json-1.19.jar:/root/.m2/repository/org/codehaus/jettison/jettison/1.1/jettison-1.1.jar:/root/.m2/repository/org/codehaus/jackson/jackson-core-asl/1.9.13/jackson-core-asl-1.9.13.jar:/root/.m2/repository/org/codehaus/jackson/jackson-mapper-asl/1.9.13/jackson-mapper-asl-1.9.13.jar:/root/.m2/repository/org/codehaus/jackson/jackson-jaxrs/1.9.13/jackson-jaxrs-1.9.13.jar:/root/.m2/repository/org/codehaus/jackson/jackson-xc/1.9.13/jackson-xc-1.9.13.jar:/root/.m2/repository/commons-logging/commons-logging/1.1.3/commons-logging-1.1.3.jar:/root/.m2/repository/commons-beanutils/commons-beanutils/1.9.3/commons-beanutils-1.9.3.jar:/root/.m2/repository/org/apache/commons/commons-configuration2/2.1.1/commons-configuration2-2.1.1.jar:/root/.m2/repository/org/apache/commons/commons-lang3/3.7/commons-lang3-3.7.jar:/root/.m2/repository/org/apache/commons/commons-text/1.4/commons-text-1.4.jar:/root/.m2/repository/org/apache/avro/avro/1.7.7/avro-1.7.7.jar:/root/.m2/repository/com/thoughtworks/paranamer/paranamer/2.3/paranamer-2.3.jar:/root/.m2/repository/org/xerial/snappy/snappy-java/1.0.5/snappy-java-1.0.5.jar:/root/.m2/repository/com/google/re2j/re2j/1.1/re2j-1.1.jar:/root/.m2/repository/com/google/code/gson/gson/2.2.4/gson-2.2.4.jar:/root/.m2/repository/com/jcraft/jsch/0.1.54/jsch-0.1.54.jar:/root/.m2/repository/org/apache/curator/curator-client/2.12.0/curator-client-2.12.0.jar:/root/.m2/repository/org/apache/curator/curator-recipes/2.12.0/curator-recipes-2.12.0.jar:/root/.m2/repository/com/google/code/findbugs/jsr305/3.0.0/jsr305-3.0.0.jar:/root/.m2/repository/org/apache/htrace/htrace-core4/4.1.0-incubating/htrace-core4-4.1.0-incubating.jar:/root/.m2/repository/org/apache/zookeeper/zookeeper/3.4.13/zookeeper-3.4.13.jar:/root/.m2/repository/org/apache/yetus/audience-annotations/0.5.0/audience-annotations-0.5.0.jar:/root/.m2/repository/org/codehaus/woodstox/stax2-api/3.1.4/stax2-api-3.1.4.jar:/root/.m2/repository/com/fasterxml/woodstox/woodstox-core/5.0.3/woodstox-core-5.0.3.jar:/root/.m2/repository/dnsjava/dnsjava/2.1.7/dnsjava-2.1.7.jar:/root/.m2/repository/org/apache/hadoop/hadoop-hdfs/3.2.0/hadoop-hdfs-3.2.0-tests.jar:/root/.m2/repository/org/eclipse/jetty/jetty-util-ajax/9.3.24.v20180605/jetty-util-ajax-9.3.24.v20180605.jar:/root/.m2/repository/commons-daemon/commons-daemon/1.0.13/commons-daemon-1.0.13.jar:/root/.m2/repository/io/netty/netty/3.10.5.Final/netty-3.10.5.Final.jar:/root/.m2/repository/io/netty/netty-all/4.0.52.Final/netty-all-4.0.52.Final.jar:/root/.m2/repository/org/fusesource/leveldbjni/leveldbjni-all/1.8/leveldbjni-all-1.8.jar:"/>
    <property name="sun.cpu.endian" value="little"/>
    <property name="user.home" value="/root"/>
    <property name="user.language" value="en"/>
    <property name="java.specification.vendor" value="Oracle Corporation"/>
    <property name="java.home" value="/usr/lib/jvm/java-1.8-openjdk/jre"/>
    <property name="java.security.krb5.conf" value="/opt/src/hadoop-ozone/integration-test/target/test-classes/krb5.conf"/>
    <property name="basedir" value="/opt/src/hadoop-ozone/integration-test"/>
    <property name="file.separator" value="/"/>
    <property name="line.separator" value="&#10;"/>
    <property name="java.vm.specification.vendor" value="Oracle Corporation"/>
    <property name="java.specification.name" value="Java Platform API Specification"/>
    <property name="java.awt.graphicsenv" value="sun.awt.X11GraphicsEnvironment"/>
    <property name="surefire.real.class.path" value="/opt/src/hadoop-ozone/integration-test/target/surefire/surefirebooter3666716817573117538.jar"/>
    <property name="hadoop.log.dir" value="/opt/src/hadoop-ozone/integration-test/target/log"/>
    <property name="sun.boot.class.path" value="/usr/lib/jvm/java-1.8-openjdk/jre/lib/resources.jar:/usr/lib/jvm/java-1.8-openjdk/jre/lib/rt.jar:/usr/lib/jvm/java-1.8-openjdk/jre/lib/sunrsasign.jar:/usr/lib/jvm/java-1.8-openjdk/jre/lib/jsse.jar:/usr/lib/jvm/java-1.8-openjdk/jre/lib/jce.jar:/usr/lib/jvm/java-1.8-openjdk/jre/lib/charsets.jar:/usr/lib/jvm/java-1.8-openjdk/jre/lib/jfr.jar:/usr/lib/jvm/java-1.8-openjdk/jre/classes"/>
    <property name="sun.management.compiler" value="HotSpot 64-Bit Tiered Compilers"/>
    <property name="java.runtime.version" value="1.8.0_212-b04"/>
    <property name="java.net.preferIPv4Stack" value="true"/>
    <property name="user.name" value="root"/>
    <property name="path.separator" value=":"/>
    <property name="java.security.egd" value="file:///dev/urandom"/>
    <property name="os.version" value="4.15.0-1021-aws"/>
    <property name="java.endorsed.dirs" value="/usr/lib/jvm/java-1.8-openjdk/jre/lib/endorsed"/>
    <property name="java.runtime.name" value="OpenJDK Runtime Environment"/>
    <property name="file.encoding" value="UTF-8"/>
    <property name="java.vm.name" value="OpenJDK 64-Bit Server VM"/>
    <property name="test.build.webapps" value=""/>
    <property name="localRepository" value="/root/.m2/repository"/>
    <property name="java.vendor.url.bug" value="https://icedtea.classpath.org/bugzilla"/>
    <property name="java.io.tmpdir" value="/tmp"/>
    <property name="require.test.libhadoop" value=""/>
    <property name="java.version" value="1.8.0_212"/>
    <property name="user.dir" value="/opt/src/hadoop-ozone/integration-test"/>
    <property name="os.arch" value="amd64"/>
    <property name="java.vm.specification.name" value="Java Virtual Machine Specification"/>
    <property name="test.build.classes" value="/opt/src/hadoop-ozone/integration-test/target/test-classes"/>
    <property name="java.awt.printerjob" value="sun.print.PSPrinterJob"/>
    <property name="sun.os.patch.level" value="unknown"/>
    <property name="hadoop.tmp.dir" value="/opt/src/hadoop-ozone/integration-test/target/tmp"/>
    <property name="java.library.path" value="/usr/lib/jvm/java-1.8-openjdk/jre/lib/amd64/server:/usr/lib/jvm/java-1.8-openjdk/jre/lib/amd64:/usr/lib/jvm/java-1.8-openjdk/jre/../lib/amd64:/opt/src/hadoop-ozone/integration-test/target/native/target/usr/local/lib:/opt/src/hadoop-ozone/integration-test/../../hadoop-common-project/hadoop-common/target/native/target/usr/local/lib:/usr/java/packages/lib/amd64:/usr/lib64:/lib64:/lib:/usr/lib"/>
    <property name="java.vm.info" value="mixed mode"/>
    <property name="java.vendor" value="IcedTea"/>
    <property name="java.vm.version" value="25.212-b04"/>
    <property name="java.ext.dirs" value="/usr/lib/jvm/java-1.8-openjdk/jre/lib/ext:/usr/java/packages/lib/ext"/>
    <property name="sun.io.unicode.encoding" value="UnicodeLittle"/>
    <property name="java.class.version" value="52.0"/>
  </properties>
  <testcase name="testWatchForCommitWithKeyWrite" classname="org.apache.hadoop.ozone.client.rpc.TestWatchForCommit" time="21.028"/>
  <testcase name="testWatchForCommitWithSmallerTimeoutValue" classname="org.apache.hadoop.ozone.client.rpc.TestWatchForCommit" time="13.041"/>
  <testcase name="testWatchForCommitForRetryfailure" classname="org.apache.hadoop.ozone.client.rpc.TestWatchForCommit" time="50.006">
    <failure type="java.lang.AssertionError">java.lang.AssertionError
	at org.junit.Assert.fail(Assert.java:86)
	at org.junit.Assert.assertTrue(Assert.java:41)
	at org.junit.Assert.assertTrue(Assert.java:52)
	at org.apache.hadoop.ozone.client.rpc.TestWatchForCommit.testWatchForCommitForRetryfailure(TestWatchForCommit.java:350)
	at sun.reflect.NativeMethodAccessorImpl.invoke0(Native Method)
	at sun.reflect.NativeMethodAccessorImpl.invoke(NativeMethodAccessorImpl.java:62)
	at sun.reflect.DelegatingMethodAccessorImpl.invoke(DelegatingMethodAccessorImpl.java:43)
	at java.lang.reflect.Method.invoke(Method.java:498)
	at org.junit.runners.model.FrameworkMethod$1.runReflectiveCall(FrameworkMethod.java:47)
	at org.junit.internal.runners.model.ReflectiveCallable.run(ReflectiveCallable.java:12)
	at org.junit.runners.model.FrameworkMethod.invokeExplosively(FrameworkMethod.java:44)
	at org.junit.internal.runners.statements.InvokeMethod.evaluate(InvokeMethod.java:17)
	at org.junit.runners.ParentRunner.runLeaf(ParentRunner.java:271)
	at org.junit.runners.BlockJUnit4ClassRunner.runChild(BlockJUnit4ClassRunner.java:70)
	at org.junit.runners.BlockJUnit4ClassRunner.runChild(BlockJUnit4ClassRunner.java:50)
	at org.junit.runners.ParentRunner$3.run(ParentRunner.java:238)
	at org.junit.runners.ParentRunner$1.schedule(ParentRunner.java:63)
	at org.junit.runners.ParentRunner.runChildren(ParentRunner.java:236)
	at org.junit.runners.ParentRunner.access$000(ParentRunner.java:53)
	at org.junit.runners.ParentRunner$2.evaluate(ParentRunner.java:229)
	at org.junit.runners.ParentRunner.run(ParentRunner.java:309)
	at org.apache.maven.surefire.junit4.JUnit4Provider.execute(JUnit4Provider.java:365)
	at org.apache.maven.surefire.junit4.JUnit4Provider.executeWithRerun(JUnit4Provider.java:273)
	at org.apache.maven.surefire.junit4.JUnit4Provider.executeTestSet(JUnit4Provider.java:238)
	at org.apache.maven.surefire.junit4.JUnit4Provider.invoke(JUnit4Provider.java:159)
	at org.apache.maven.surefire.booter.ForkedBooter.invokeProviderInSameClassLoader(ForkedBooter.java:384)
	at org.apache.maven.surefire.booter.ForkedBooter.runSuitesInProcess(ForkedBooter.java:345)
	at org.apache.maven.surefire.booter.ForkedBooter.execute(ForkedBooter.java:126)
	at org.apache.maven.surefire.booter.ForkedBooter.main(ForkedBooter.java:418)
</failure>
    <system-out><![CDATA[2019-06-13 19:27:57,584 WARN  server.ServerUtils (ServerUtils.java:getScmDbDir(145)) - ozone.scm.db.dirs is not configured. We recommend adding this setting. Falling back to ozone.metadata.dirs instead.
2019-06-13 19:27:57,588 WARN  server.ServerUtils (ServerUtils.java:getScmDbDir(145)) - ozone.scm.db.dirs is not configured. We recommend adding this setting. Falling back to ozone.metadata.dirs instead.
2019-06-13 19:27:57,588 WARN  server.ServerUtils (ServerUtils.java:getScmDbDir(145)) - ozone.scm.db.dirs is not configured. We recommend adding this setting. Falling back to ozone.metadata.dirs instead.
2019-06-13 19:27:57,588 INFO  db.DBStoreBuilder (DBStoreBuilder.java:addTable(110)) - using custom profile for table: deletedBlocks
2019-06-13 19:27:57,589 INFO  db.DBStoreBuilder (DBStoreBuilder.java:processTables(161)) - Using default column profile:DBProfile.DISK for Table:deletedBlocks
2019-06-13 19:27:57,589 INFO  db.DBStoreBuilder (DBStoreBuilder.java:addTable(110)) - using custom profile for table: validCerts
2019-06-13 19:27:57,589 INFO  db.DBStoreBuilder (DBStoreBuilder.java:processTables(161)) - Using default column profile:DBProfile.DISK for Table:validCerts
2019-06-13 19:27:57,589 INFO  db.DBStoreBuilder (DBStoreBuilder.java:addTable(110)) - using custom profile for table: revokedCerts
2019-06-13 19:27:57,589 INFO  db.DBStoreBuilder (DBStoreBuilder.java:processTables(161)) - Using default column profile:DBProfile.DISK for Table:revokedCerts
2019-06-13 19:27:57,590 INFO  db.DBStoreBuilder (DBStoreBuilder.java:addTable(110)) - using custom profile for table: default
2019-06-13 19:27:57,590 INFO  db.DBStoreBuilder (DBStoreBuilder.java:processTables(167)) - Using default column profile:DBProfile.DISK for Table:default
2019-06-13 19:27:57,590 INFO  db.DBStoreBuilder (DBStoreBuilder.java:getDbProfile(198)) - Using default options. DBProfile.DISK
2019-06-13 19:27:57,629 WARN  server.ServerUtils (ServerUtils.java:sanitizeUserArgs(70)) - ozone.scm.stale.node.interval value = 300000 is larger than max = 100000 based on the key value of ozone.scm.heartbeat.thread.interval, reset to the max value 100000.
2019-06-13 19:27:57,630 WARN  server.ServerUtils (ServerUtils.java:sanitizeUserArgs(70)) - ozone.scm.stale.node.interval value = 300000 is larger than max = 100000 based on the key value of ozone.scm.heartbeat.thread.interval, reset to the max value 100000.
2019-06-13 19:27:57,630 INFO  node.SCMNodeManager (SCMNodeManager.java:<init>(108)) - Entering startup safe mode.
2019-06-13 19:27:57,631 INFO  net.NodeSchemaLoader (NodeSchemaLoader.java:loadSchemaFromFile(125)) - Loading file from sun.misc.CompoundEnumeration@515c732d
2019-06-13 19:27:57,631 INFO  net.NodeSchemaLoader (NodeSchemaLoader.java:loadSchema(171)) - Loading network topology layer schema file
2019-06-13 19:27:57,634 WARN  server.ServerUtils (ServerUtils.java:getScmDbDir(145)) - ozone.scm.db.dirs is not configured. We recommend adding this setting. Falling back to ozone.metadata.dirs instead.
2019-06-13 19:27:57,646 INFO  pipeline.SCMPipelineManager (SCMPipelineManager.java:initializePipelineState(126)) - No pipeline exists in current db
2019-06-13 19:27:57,646 WARN  server.ServerUtils (ServerUtils.java:getScmDbDir(145)) - ozone.scm.db.dirs is not configured. We recommend adding this setting. Falling back to ozone.metadata.dirs instead.
2019-06-13 19:27:57,660 WARN  events.EventQueue (EventQueue.java:fireEvent(175)) - No event handler registered for event TypedEvent{payloadType=SafeModeStatus, name='SafeModeStatus'}
2019-06-13 19:27:57,661 INFO  ipc.CallQueueManager (CallQueueManager.java:<init>(84)) - Using callQueue: class java.util.concurrent.LinkedBlockingQueue, queueCapacity: 2000, scheduler: class org.apache.hadoop.ipc.DefaultRpcScheduler, ipcBackoff: false.
2019-06-13 19:27:57,661 INFO  ipc.Server (Server.java:run(1074)) - Starting Socket Reader #1 for port 33911
2019-06-13 19:27:57,668 INFO  ipc.CallQueueManager (CallQueueManager.java:<init>(84)) - Using callQueue: class java.util.concurrent.LinkedBlockingQueue, queueCapacity: 2000, scheduler: class org.apache.hadoop.ipc.DefaultRpcScheduler, ipcBackoff: false.
2019-06-13 19:27:57,668 INFO  ipc.Server (Server.java:run(1074)) - Starting Socket Reader #1 for port 38369
2019-06-13 19:27:57,671 INFO  ipc.CallQueueManager (CallQueueManager.java:<init>(84)) - Using callQueue: class java.util.concurrent.LinkedBlockingQueue, queueCapacity: 2000, scheduler: class org.apache.hadoop.ipc.DefaultRpcScheduler, ipcBackoff: false.
2019-06-13 19:27:57,672 INFO  ipc.Server (Server.java:run(1074)) - Starting Socket Reader #1 for port 36519
2019-06-13 19:27:57,680 INFO  hdfs.DFSUtil (DFSUtil.java:httpServerTemplateForNNAndJN(1641)) - Starting Web-server for scm at: http://0.0.0.0:0
2019-06-13 19:27:57,681 INFO  server.AuthenticationFilter (AuthenticationFilter.java:constructSecretProvider(240)) - Unable to initialize FileSignerSecretProvider, falling back to use random secrets.
2019-06-13 19:27:57,681 WARN  http.HttpRequestLog (HttpRequestLog.java:getRequestLog(97)) - Jetty request log can only be enabled using Log4j
2019-06-13 19:27:57,682 INFO  http.HttpServer2 (HttpServer2.java:addGlobalFilter(975)) - Added global filter 'safety' (class=org.apache.hadoop.http.HttpServer2$QuotingInputFilter)
2019-06-13 19:27:57,683 INFO  http.HttpServer2 (HttpServer2.java:addFilter(948)) - Added filter static_user_filter (class=org.apache.hadoop.http.lib.StaticUserWebFilter$StaticUserFilter) to context scm
2019-06-13 19:27:57,683 INFO  http.HttpServer2 (HttpServer2.java:addFilter(958)) - Added filter static_user_filter (class=org.apache.hadoop.http.lib.StaticUserWebFilter$StaticUserFilter) to context logs
2019-06-13 19:27:57,683 INFO  http.HttpServer2 (HttpServer2.java:addFilter(958)) - Added filter static_user_filter (class=org.apache.hadoop.http.lib.StaticUserWebFilter$StaticUserFilter) to context static
2019-06-13 19:27:57,687 INFO  server.StorageContainerManager (StorageContainerManager.java:start(752)) - StorageContainerLocationProtocol RPC server is listening at /0.0.0.0:36519
2019-06-13 19:27:57,687 INFO  impl.MetricsSystemImpl (MetricsSystemImpl.java:init(158)) - StorageContainerManager metrics system started (again)
2019-06-13 19:27:57,689 INFO  server.SCMClientProtocolServer (SCMClientProtocolServer.java:start(149)) - RPC server for Client  is listening at /0.0.0.0:36519
2019-06-13 19:27:57,690 INFO  ipc.Server (Server.java:run(1314)) - IPC Server Responder: starting
2019-06-13 19:27:57,694 INFO  ipc.Server (Server.java:run(1153)) - IPC Server listener on 36519: starting
2019-06-13 19:27:57,718 INFO  server.StorageContainerManager (StorageContainerManager.java:start(761)) - ScmBlockLocationProtocol RPC server is listening at /0.0.0.0:38369
2019-06-13 19:27:57,718 INFO  server.SCMBlockProtocolServer (SCMBlockProtocolServer.java:start(137)) - RPC server for Block Protocol is listening at /0.0.0.0:38369
2019-06-13 19:27:57,718 INFO  ipc.Server (Server.java:run(1314)) - IPC Server Responder: starting
2019-06-13 19:27:57,718 INFO  ipc.Server (Server.java:run(1153)) - IPC Server listener on 38369: starting
2019-06-13 19:27:57,721 INFO  server.StorageContainerManager (StorageContainerManager.java:start(765)) - ScmDatanodeProtocl RPC server is listening at /0.0.0.0:33911
2019-06-13 19:27:57,721 INFO  server.SCMDatanodeProtocolServer (SCMDatanodeProtocolServer.java:start(191)) - RPC server for DataNodes is listening at /0.0.0.0:33911
2019-06-13 19:27:57,721 INFO  ipc.Server (Server.java:run(1314)) - IPC Server Responder: starting
2019-06-13 19:27:57,722 INFO  ipc.Server (Server.java:run(1153)) - IPC Server listener on 33911: starting
2019-06-13 19:27:57,724 INFO  http.HttpServer2 (HttpServer2.java:bindListener(1191)) - Jetty bound to port 42295
2019-06-13 19:27:57,724 INFO  server.Server (Server.java:doStart(351)) - jetty-9.3.24.v20180605, build timestamp: 2018-06-05T17:11:56Z, git hash: 84205aa28f11a4f31f2a3b86d1bba2cc8ab69827
2019-06-13 19:27:57,726 INFO  handler.ContextHandler (ContextHandler.java:doStart(781)) - Started o.e.j.s.ServletContextHandler@34fc315d{/logs,file:///opt/src/hadoop-ozone/integration-test/target/log,AVAILABLE}
2019-06-13 19:27:57,726 INFO  handler.ContextHandler (ContextHandler.java:doStart(781)) - Started o.e.j.s.ServletContextHandler@36a1fd20{/static,file:///opt/src/hadoop-ozone/integration-test/target/test-classes/webapps/static,AVAILABLE}
2019-06-13 19:27:57,729 INFO  handler.ContextHandler (ContextHandler.java:doStart(781)) - Started o.e.j.w.WebAppContext@785ef70f{/,file:///opt/src/hadoop-ozone/integration-test/target/test-classes/webapps/scm/,AVAILABLE}{/scm}
2019-06-13 19:27:57,734 INFO  server.AbstractConnector (AbstractConnector.java:doStart(278)) - Started ServerConnector@3d8bd881{HTTP/1.1,[http/1.1]}{0.0.0.0:42295}
2019-06-13 19:27:57,734 INFO  server.Server (Server.java:doStart(419)) - Started @34548ms
2019-06-13 19:27:57,735 INFO  server.BaseHttpServer (BaseHttpServer.java:updateConnectorAddress(207)) - HTTP server of SCM is listening at http://0.0.0.0:42295
2019-06-13 19:27:57,736 WARN  scm.ScmUtils (ScmUtils.java:getDBPath(63)) - ozone.om.db.dirs is not configured. We recommend adding this setting. Falling back to ozone.metadata.dirs instead.
2019-06-13 19:27:57,736 INFO  util.JvmPauseMonitor (JvmPauseMonitor.java:run(188)) - Starting JVM pause monitor
2019-06-13 19:27:57,738 WARN  scm.ScmUtils (ScmUtils.java:getDBPath(63)) - ozone.om.db.dirs is not configured. We recommend adding this setting. Falling back to ozone.metadata.dirs instead.
2019-06-13 19:27:57,739 INFO  om.OzoneManager (OzoneManager.java:setOMNodeDetails(519)) - OM Service ID is not set. Setting it to the default ID: omServiceIdDefault
2019-06-13 19:27:57,739 INFO  om.OzoneManager (OzoneManager.java:setOMNodeDetails(525)) - OM Node ID is not set. Setting it to the OmStorage's OmID: 5c02e694-bd73-4853-ac7a-e440e3d194ec
2019-06-13 19:27:57,739 WARN  scm.HddsServerUtil (HddsServerUtil.java:getDefaultRatisDirectory(354)) - Storage directory for Ratis is not configured. It is a good idea to map this to an SSD disk. Falling back to ozone.metadata.dirs
2019-06-13 19:27:57,739 WARN  scm.HddsServerUtil (HddsServerUtil.java:getDefaultRatisDirectory(354)) - Storage directory for Ratis is not configured. It is a good idea to map this to an SSD disk. Falling back to ozone.metadata.dirs
2019-06-13 19:27:57,739 INFO  om.OzoneManager (OzoneManager.java:loadOMHAConfigs(476)) - Found matching OM address with OMServiceId: null, OMNodeId: null, RPC Address: localhost:0 and Ratis port: 9872
2019-06-13 19:27:57,743 WARN  scm.ScmUtils (ScmUtils.java:getDBPath(63)) - ozone.om.db.dirs is not configured. We recommend adding this setting. Falling back to ozone.metadata.dirs instead.
2019-06-13 19:27:57,744 INFO  db.DBStoreBuilder (DBStoreBuilder.java:addTable(110)) - using custom profile for table: userTable
2019-06-13 19:27:57,744 INFO  db.DBStoreBuilder (DBStoreBuilder.java:processTables(161)) - Using default column profile:DBProfile.DISK for Table:userTable
2019-06-13 19:27:57,744 INFO  db.DBStoreBuilder (DBStoreBuilder.java:addTable(110)) - using custom profile for table: volumeTable
2019-06-13 19:27:57,744 INFO  db.DBStoreBuilder (DBStoreBuilder.java:processTables(161)) - Using default column profile:DBProfile.DISK for Table:volumeTable
2019-06-13 19:27:57,745 INFO  db.DBStoreBuilder (DBStoreBuilder.java:addTable(110)) - using custom profile for table: bucketTable
2019-06-13 19:27:57,745 INFO  db.DBStoreBuilder (DBStoreBuilder.java:processTables(161)) - Using default column profile:DBProfile.DISK for Table:bucketTable
2019-06-13 19:27:57,745 INFO  db.DBStoreBuilder (DBStoreBuilder.java:addTable(110)) - using custom profile for table: keyTable
2019-06-13 19:27:57,745 INFO  db.DBStoreBuilder (DBStoreBuilder.java:processTables(161)) - Using default column profile:DBProfile.DISK for Table:keyTable
2019-06-13 19:27:57,746 INFO  db.DBStoreBuilder (DBStoreBuilder.java:addTable(110)) - using custom profile for table: deletedTable
2019-06-13 19:27:57,746 INFO  db.DBStoreBuilder (DBStoreBuilder.java:processTables(161)) - Using default column profile:DBProfile.DISK for Table:deletedTable
2019-06-13 19:27:57,746 INFO  db.DBStoreBuilder (DBStoreBuilder.java:addTable(110)) - using custom profile for table: openKeyTable
2019-06-13 19:27:57,746 INFO  db.DBStoreBuilder (DBStoreBuilder.java:processTables(161)) - Using default column profile:DBProfile.DISK for Table:openKeyTable
2019-06-13 19:27:57,746 INFO  db.DBStoreBuilder (DBStoreBuilder.java:addTable(110)) - using custom profile for table: s3Table
2019-06-13 19:27:57,746 INFO  db.DBStoreBuilder (DBStoreBuilder.java:processTables(161)) - Using default column profile:DBProfile.DISK for Table:s3Table
2019-06-13 19:27:57,747 INFO  db.DBStoreBuilder (DBStoreBuilder.java:addTable(110)) - using custom profile for table: multipartInfoTable
2019-06-13 19:27:57,747 INFO  db.DBStoreBuilder (DBStoreBuilder.java:processTables(161)) - Using default column profile:DBProfile.DISK for Table:multipartInfoTable
2019-06-13 19:27:57,747 INFO  db.DBStoreBuilder (DBStoreBuilder.java:addTable(110)) - using custom profile for table: dTokenTable
2019-06-13 19:27:57,747 INFO  db.DBStoreBuilder (DBStoreBuilder.java:processTables(161)) - Using default column profile:DBProfile.DISK for Table:dTokenTable
2019-06-13 19:27:57,747 INFO  db.DBStoreBuilder (DBStoreBuilder.java:addTable(110)) - using custom profile for table: s3SecretTable
2019-06-13 19:27:57,747 INFO  db.DBStoreBuilder (DBStoreBuilder.java:processTables(161)) - Using default column profile:DBProfile.DISK for Table:s3SecretTable
2019-06-13 19:27:57,748 INFO  db.DBStoreBuilder (DBStoreBuilder.java:addTable(110)) - using custom profile for table: prefixTable
2019-06-13 19:27:57,748 INFO  db.DBStoreBuilder (DBStoreBuilder.java:processTables(161)) - Using default column profile:DBProfile.DISK for Table:prefixTable
2019-06-13 19:27:57,748 INFO  db.DBStoreBuilder (DBStoreBuilder.java:addTable(110)) - using custom profile for table: default
2019-06-13 19:27:57,748 INFO  db.DBStoreBuilder (DBStoreBuilder.java:processTables(167)) - Using default column profile:DBProfile.DISK for Table:default
2019-06-13 19:27:57,748 INFO  db.DBStoreBuilder (DBStoreBuilder.java:getDbProfile(198)) - Using default options. DBProfile.DISK
2019-06-13 19:27:57,875 INFO  ipc.CallQueueManager (CallQueueManager.java:<init>(84)) - Using callQueue: class java.util.concurrent.LinkedBlockingQueue, queueCapacity: 2000, scheduler: class org.apache.hadoop.ipc.DefaultRpcScheduler, ipcBackoff: false.
2019-06-13 19:27:57,876 INFO  ipc.Server (Server.java:run(1074)) - Starting Socket Reader #1 for port 40023
2019-06-13 19:27:57,887 WARN  scm.ScmUtils (ScmUtils.java:getDBPath(63)) - ozone.om.db.dirs is not configured. We recommend adding this setting. Falling back to ozone.metadata.dirs instead.
2019-06-13 19:27:57,887 INFO  om.OzoneManager (OzoneManager.java:start(1217)) - OzoneManager RPC server is listening at localhost/127.0.0.1:40023
2019-06-13 19:27:57,887 INFO  impl.MetricsSystemImpl (MetricsSystemImpl.java:init(158)) - OzoneManager metrics system started (again)
2019-06-13 19:27:57,888 INFO  ipc.Server (Server.java:run(1314)) - IPC Server Responder: starting
2019-06-13 19:27:57,888 INFO  ipc.Server (Server.java:run(1153)) - IPC Server listener on 40023: starting
2019-06-13 19:27:57,891 INFO  hdfs.DFSUtil (DFSUtil.java:httpServerTemplateForNNAndJN(1641)) - Starting Web-server for ozoneManager at: http://0.0.0.0:0
2019-06-13 19:27:57,892 INFO  server.AuthenticationFilter (AuthenticationFilter.java:constructSecretProvider(240)) - Unable to initialize FileSignerSecretProvider, falling back to use random secrets.
2019-06-13 19:27:57,893 WARN  http.HttpRequestLog (HttpRequestLog.java:getRequestLog(97)) - Jetty request log can only be enabled using Log4j
2019-06-13 19:27:57,894 INFO  http.HttpServer2 (HttpServer2.java:addGlobalFilter(975)) - Added global filter 'safety' (class=org.apache.hadoop.http.HttpServer2$QuotingInputFilter)
2019-06-13 19:27:57,894 INFO  http.HttpServer2 (HttpServer2.java:addFilter(948)) - Added filter static_user_filter (class=org.apache.hadoop.http.lib.StaticUserWebFilter$StaticUserFilter) to context ozoneManager
2019-06-13 19:27:57,894 INFO  http.HttpServer2 (HttpServer2.java:addFilter(958)) - Added filter static_user_filter (class=org.apache.hadoop.http.lib.StaticUserWebFilter$StaticUserFilter) to context logs
2019-06-13 19:27:57,895 INFO  http.HttpServer2 (HttpServer2.java:addFilter(958)) - Added filter static_user_filter (class=org.apache.hadoop.http.lib.StaticUserWebFilter$StaticUserFilter) to context static
2019-06-13 19:27:57,895 INFO  http.HttpServer2 (HttpServer2.java:bindListener(1191)) - Jetty bound to port 42719
2019-06-13 19:27:57,895 INFO  server.Server (Server.java:doStart(351)) - jetty-9.3.24.v20180605, build timestamp: 2018-06-05T17:11:56Z, git hash: 84205aa28f11a4f31f2a3b86d1bba2cc8ab69827
2019-06-13 19:27:57,896 INFO  handler.ContextHandler (ContextHandler.java:doStart(781)) - Started o.e.j.s.ServletContextHandler@6f17dd06{/logs,file:///opt/src/hadoop-ozone/integration-test/target/log,AVAILABLE}
2019-06-13 19:27:57,897 INFO  handler.ContextHandler (ContextHandler.java:doStart(781)) - Started o.e.j.s.ServletContextHandler@6ec98ccc{/static,file:///opt/src/hadoop-ozone/integration-test/target/test-classes/webapps/static,AVAILABLE}
2019-06-13 19:27:57,900 INFO  handler.ContextHandler (ContextHandler.java:doStart(781)) - Started o.e.j.w.WebAppContext@1b3bb287{/,file:///opt/src/hadoop-ozone/integration-test/target/test-classes/webapps/ozoneManager/,AVAILABLE}{/ozoneManager}
2019-06-13 19:27:57,900 INFO  server.AbstractConnector (AbstractConnector.java:doStart(278)) - Started ServerConnector@7ec5aad{HTTP/1.1,[http/1.1]}{0.0.0.0:42719}
2019-06-13 19:27:57,901 INFO  server.Server (Server.java:doStart(419)) - Started @34715ms
2019-06-13 19:27:57,902 INFO  server.BaseHttpServer (BaseHttpServer.java:updateConnectorAddress(207)) - HTTP server of OZONEMANAGER is listening at http://0.0.0.0:42719
2019-06-13 19:27:57,913 INFO  impl.MetricsSystemImpl (MetricsSystemImpl.java:init(158)) - HddsDatanode metrics system started (again)
2019-06-13 19:27:57,913 INFO  ozone.HddsDatanodeService (HddsDatanodeService.java:start(185)) - HddsDatanodeService host:ozone-ld922-666477418 ip:192.168.46.41
2019-06-13 19:27:57,919 INFO  volume.HddsVolume (HddsVolume.java:<init>(176)) - Creating Volume: /opt/src/hadoop-ozone/integration-test/target/test-dir/MiniOzoneClusterImpl-2d566019-9dca-431a-9fd8-c89de31af412/datanode-0/data/containers/hdds of  storage type : DISK and capacity : 104021790720
2019-06-13 19:27:57,920 INFO  volume.VolumeSet (VolumeSet.java:initializeVolumeSet(170)) - Added Volume : /opt/src/hadoop-ozone/integration-test/target/test-dir/MiniOzoneClusterImpl-2d566019-9dca-431a-9fd8-c89de31af412/datanode-0/data/containers/hdds to VolumeSet
2019-06-13 19:27:57,920 INFO  volume.ThrottledAsyncChecker (ThrottledAsyncChecker.java:schedule(140)) - Scheduling a check for org.apache.hadoop.ozone.container.common.volume.HddsVolume@5d3f8661
2019-06-13 19:27:57,920 INFO  volume.HddsVolumeChecker (HddsVolumeChecker.java:checkAllVolumes(203)) - Scheduled health check for volume org.apache.hadoop.ozone.container.common.volume.HddsVolume@5d3f8661
2019-06-13 19:27:57,929 INFO  ratis.XceiverServerRatis (XceiverServerRatis.java:newXceiverServerRatis(401)) - Found a free port for the server : 43317
2019-06-13 19:27:57,930 INFO  impl.RaftServerProxy (ConfUtils.java:logGet(43)) - raft.rpc.type = GRPC (default)
2019-06-13 19:27:57,930 INFO  grpc.GrpcConfigKeys$Server (ConfUtils.java:logGet(43)) - raft.grpc.server.port = 43317 (custom)
2019-06-13 19:27:57,930 INFO  server.GrpcService (ConfUtils.java:logGet(43)) - raft.grpc.message.size.max = 33570816 (custom)
2019-06-13 19:27:57,930 INFO  server.RaftServerConfigKeys (ConfUtils.java:logGet(43)) - raft.server.log.appender.buffer.byte-limit = 33554432 (custom)
2019-06-13 19:27:57,931 INFO  server.GrpcService (ConfUtils.java:logGet(43)) - raft.grpc.flow.control.window = 1MB (=1048576) (default)
2019-06-13 19:27:57,931 INFO  server.RaftServerConfigKeys (ConfUtils.java:logGet(43)) - raft.server.rpc.request.timeout = 3000ms (default)
2019-06-13 19:27:57,931 INFO  server.RaftServerConfigKeys (ConfUtils.java:logGet(43)) - raft.server.storage.dir = [/opt/src/hadoop-ozone/integration-test/target/test-dir/MiniOzoneClusterImpl-2d566019-9dca-431a-9fd8-c89de31af412/datanode-0/data/ratis] (custom)
2019-06-13 19:27:57,931 INFO  server.XceiverServerGrpc (XceiverServerGrpc.java:<init>(97)) - Found a free port for the server : 34601
2019-06-13 19:27:57,932 INFO  replication.SimpleContainerDownloader (SimpleContainerDownloader.java:<init>(72)) - Starting container downloader service to copy containers to replicate.
2019-06-13 19:27:57,932 INFO  hdfs.DFSUtil (DFSUtil.java:httpServerTemplateForNNAndJN(1641)) - Starting Web-server for hddsDatanode at: http://0.0.0.0:0
2019-06-13 19:27:57,933 INFO  server.AuthenticationFilter (AuthenticationFilter.java:constructSecretProvider(240)) - Unable to initialize FileSignerSecretProvider, falling back to use random secrets.
2019-06-13 19:27:57,934 WARN  http.HttpRequestLog (HttpRequestLog.java:getRequestLog(97)) - Jetty request log can only be enabled using Log4j
2019-06-13 19:27:57,935 INFO  http.HttpServer2 (HttpServer2.java:addGlobalFilter(975)) - Added global filter 'safety' (class=org.apache.hadoop.http.HttpServer2$QuotingInputFilter)
2019-06-13 19:27:57,935 INFO  http.HttpServer2 (HttpServer2.java:addFilter(948)) - Added filter static_user_filter (class=org.apache.hadoop.http.lib.StaticUserWebFilter$StaticUserFilter) to context hddsDatanode
2019-06-13 19:27:57,935 INFO  http.HttpServer2 (HttpServer2.java:addFilter(958)) - Added filter static_user_filter (class=org.apache.hadoop.http.lib.StaticUserWebFilter$StaticUserFilter) to context static
2019-06-13 19:27:57,935 INFO  http.HttpServer2 (HttpServer2.java:addFilter(958)) - Added filter static_user_filter (class=org.apache.hadoop.http.lib.StaticUserWebFilter$StaticUserFilter) to context logs
2019-06-13 19:27:57,936 INFO  http.HttpServer2 (HttpServer2.java:bindListener(1191)) - Jetty bound to port 34947
2019-06-13 19:27:57,936 INFO  server.Server (Server.java:doStart(351)) - jetty-9.3.24.v20180605, build timestamp: 2018-06-05T17:11:56Z, git hash: 84205aa28f11a4f31f2a3b86d1bba2cc8ab69827
2019-06-13 19:27:57,950 INFO  handler.ContextHandler (ContextHandler.java:doStart(781)) - Started o.e.j.s.ServletContextHandler@674e4c82{/logs,file:///opt/src/hadoop-ozone/integration-test/target/log,AVAILABLE}
2019-06-13 19:27:57,950 INFO  handler.ContextHandler (ContextHandler.java:doStart(781)) - Started o.e.j.s.ServletContextHandler@322ab6ce{/static,jar:file:/root/.m2/repository/org/apache/hadoop/hadoop-hdds-container-service/0.5.0-SNAPSHOT/hadoop-hdds-container-service-0.5.0-SNAPSHOT.jar!/webapps/static,AVAILABLE}
2019-06-13 19:27:57,971 INFO  handler.ContextHandler (ContextHandler.java:doStart(781)) - Started o.e.j.w.WebAppContext@7e0883f3{/,file:///tmp/jetty-0.0.0.0-34947-hddsDatanode-_-any-3891889130940119295.dir/webapp/,AVAILABLE}{/hddsDatanode}
2019-06-13 19:27:57,971 INFO  server.AbstractConnector (AbstractConnector.java:doStart(278)) - Started ServerConnector@ca60688{HTTP/1.1,[http/1.1]}{0.0.0.0:34947}
2019-06-13 19:27:57,972 INFO  server.Server (Server.java:doStart(419)) - Started @34786ms
2019-06-13 19:27:57,972 INFO  server.BaseHttpServer (BaseHttpServer.java:updateConnectorAddress(207)) - HTTP server of HDDSDATANODE is listening at http://0.0.0.0:34947
2019-06-13 19:27:58,072 INFO  ozone.HddsDatanodeService (HddsDatanodeService.java:startPlugins(396)) - Started plug-in org.apache.hadoop.ozone.web.OzoneHddsDatanodeService@3134b261
2019-06-13 19:27:58,072 INFO  impl.MetricsSystemImpl (MetricsSystemImpl.java:init(158)) - HddsDatanode metrics system started (again)
2019-06-13 19:27:58,073 INFO  ozone.HddsDatanodeService (HddsDatanodeService.java:start(185)) - HddsDatanodeService host:ozone-ld922-666477418 ip:192.168.46.41
2019-06-13 19:27:58,094 INFO  volume.HddsVolume (HddsVolume.java:<init>(176)) - Creating Volume: /opt/src/hadoop-ozone/integration-test/target/test-dir/MiniOzoneClusterImpl-2d566019-9dca-431a-9fd8-c89de31af412/datanode-1/data/containers/hdds of  storage type : DISK and capacity : 104021790720
2019-06-13 19:27:58,094 INFO  util.JvmPauseMonitor (JvmPauseMonitor.java:run(188)) - Starting JVM pause monitor
2019-06-13 19:27:58,094 INFO  volume.VolumeSet (VolumeSet.java:initializeVolumeSet(170)) - Added Volume : /opt/src/hadoop-ozone/integration-test/target/test-dir/MiniOzoneClusterImpl-2d566019-9dca-431a-9fd8-c89de31af412/datanode-1/data/containers/hdds to VolumeSet
2019-06-13 19:27:58,094 INFO  volume.ThrottledAsyncChecker (ThrottledAsyncChecker.java:schedule(140)) - Scheduling a check for org.apache.hadoop.ozone.container.common.volume.HddsVolume@62c53685
2019-06-13 19:27:58,098 INFO  volume.HddsVolumeChecker (HddsVolumeChecker.java:checkAllVolumes(203)) - Scheduled health check for volume org.apache.hadoop.ozone.container.common.volume.HddsVolume@62c53685
2019-06-13 19:27:58,098 INFO  datanode.InitDatanodeState (InitDatanodeState.java:persistContainerDatanodeDetails(140)) - DatanodeDetails is persisted to /opt/src/hadoop-ozone/integration-test/target/test-dir/MiniOzoneClusterImpl-2d566019-9dca-431a-9fd8-c89de31af412/datanode-0/meta/datanode.id
2019-06-13 19:27:58,110 INFO  ratis.XceiverServerRatis (XceiverServerRatis.java:newXceiverServerRatis(401)) - Found a free port for the server : 38763
2019-06-13 19:27:58,111 INFO  impl.RaftServerProxy (ConfUtils.java:logGet(43)) - raft.rpc.type = GRPC (default)
2019-06-13 19:27:58,111 INFO  grpc.GrpcConfigKeys$Server (ConfUtils.java:logGet(43)) - raft.grpc.server.port = 38763 (custom)
2019-06-13 19:27:58,112 INFO  server.GrpcService (ConfUtils.java:logGet(43)) - raft.grpc.message.size.max = 33570816 (custom)
2019-06-13 19:27:58,112 INFO  server.RaftServerConfigKeys (ConfUtils.java:logGet(43)) - raft.server.log.appender.buffer.byte-limit = 33554432 (custom)
2019-06-13 19:27:58,112 INFO  server.GrpcService (ConfUtils.java:logGet(43)) - raft.grpc.flow.control.window = 1MB (=1048576) (default)
2019-06-13 19:27:58,112 INFO  server.RaftServerConfigKeys (ConfUtils.java:logGet(43)) - raft.server.rpc.request.timeout = 3000ms (default)
2019-06-13 19:27:58,113 INFO  server.RaftServerConfigKeys (ConfUtils.java:logGet(43)) - raft.server.storage.dir = [/opt/src/hadoop-ozone/integration-test/target/test-dir/MiniOzoneClusterImpl-2d566019-9dca-431a-9fd8-c89de31af412/datanode-1/data/ratis] (custom)
2019-06-13 19:27:58,113 INFO  server.XceiverServerGrpc (XceiverServerGrpc.java:<init>(97)) - Found a free port for the server : 33899
2019-06-13 19:27:58,113 INFO  replication.SimpleContainerDownloader (SimpleContainerDownloader.java:<init>(72)) - Starting container downloader service to copy containers to replicate.
2019-06-13 19:27:58,115 INFO  hdfs.DFSUtil (DFSUtil.java:httpServerTemplateForNNAndJN(1641)) - Starting Web-server for hddsDatanode at: http://0.0.0.0:0
2019-06-13 19:27:58,116 INFO  server.AuthenticationFilter (AuthenticationFilter.java:constructSecretProvider(240)) - Unable to initialize FileSignerSecretProvider, falling back to use random secrets.
2019-06-13 19:27:58,117 WARN  http.HttpRequestLog (HttpRequestLog.java:getRequestLog(97)) - Jetty request log can only be enabled using Log4j
2019-06-13 19:27:58,118 INFO  http.HttpServer2 (HttpServer2.java:addGlobalFilter(975)) - Added global filter 'safety' (class=org.apache.hadoop.http.HttpServer2$QuotingInputFilter)
2019-06-13 19:27:58,118 INFO  http.HttpServer2 (HttpServer2.java:addFilter(948)) - Added filter static_user_filter (class=org.apache.hadoop.http.lib.StaticUserWebFilter$StaticUserFilter) to context hddsDatanode
2019-06-13 19:27:58,118 INFO  http.HttpServer2 (HttpServer2.java:addFilter(958)) - Added filter static_user_filter (class=org.apache.hadoop.http.lib.StaticUserWebFilter$StaticUserFilter) to context static
2019-06-13 19:27:58,119 INFO  http.HttpServer2 (HttpServer2.java:addFilter(958)) - Added filter static_user_filter (class=org.apache.hadoop.http.lib.StaticUserWebFilter$StaticUserFilter) to context logs
2019-06-13 19:27:58,119 INFO  http.HttpServer2 (HttpServer2.java:bindListener(1191)) - Jetty bound to port 43203
2019-06-13 19:27:58,119 INFO  server.Server (Server.java:doStart(351)) - jetty-9.3.24.v20180605, build timestamp: 2018-06-05T17:11:56Z, git hash: 84205aa28f11a4f31f2a3b86d1bba2cc8ab69827
2019-06-13 19:27:58,134 INFO  handler.ContextHandler (ContextHandler.java:doStart(781)) - Started o.e.j.s.ServletContextHandler@33f81280{/logs,file:///opt/src/hadoop-ozone/integration-test/target/log,AVAILABLE}
2019-06-13 19:27:58,135 INFO  handler.ContextHandler (ContextHandler.java:doStart(781)) - Started o.e.j.s.ServletContextHandler@3a0e7f89{/static,jar:file:/root/.m2/repository/org/apache/hadoop/hadoop-hdds-container-service/0.5.0-SNAPSHOT/hadoop-hdds-container-service-0.5.0-SNAPSHOT.jar!/webapps/static,AVAILABLE}
2019-06-13 19:27:58,157 INFO  handler.ContextHandler (ContextHandler.java:doStart(781)) - Started o.e.j.w.WebAppContext@4bfe83d{/,file:///tmp/jetty-0.0.0.0-43203-hddsDatanode-_-any-4837831735405401480.dir/webapp/,AVAILABLE}{/hddsDatanode}
2019-06-13 19:27:58,157 INFO  server.AbstractConnector (AbstractConnector.java:doStart(278)) - Started ServerConnector@7a618406{HTTP/1.1,[http/1.1]}{0.0.0.0:43203}
2019-06-13 19:27:58,195 INFO  server.Server (Server.java:doStart(419)) - Started @35009ms
2019-06-13 19:27:58,196 INFO  server.BaseHttpServer (BaseHttpServer.java:updateConnectorAddress(207)) - HTTP server of HDDSDATANODE is listening at http://0.0.0.0:43203
2019-06-13 19:27:58,384 INFO  ozone.HddsDatanodeService (HddsDatanodeService.java:startPlugins(396)) - Started plug-in org.apache.hadoop.ozone.web.OzoneHddsDatanodeService@c29b0dc
2019-06-13 19:27:58,384 INFO  impl.MetricsSystemImpl (MetricsSystemImpl.java:init(158)) - HddsDatanode metrics system started (again)
2019-06-13 19:27:58,385 INFO  ozone.HddsDatanodeService (HddsDatanodeService.java:start(185)) - HddsDatanodeService host:ozone-ld922-666477418 ip:192.168.46.41
2019-06-13 19:27:58,388 INFO  util.JvmPauseMonitor (JvmPauseMonitor.java:run(188)) - Starting JVM pause monitor
2019-06-13 19:27:58,394 INFO  datanode.InitDatanodeState (InitDatanodeState.java:persistContainerDatanodeDetails(140)) - DatanodeDetails is persisted to /opt/src/hadoop-ozone/integration-test/target/test-dir/MiniOzoneClusterImpl-2d566019-9dca-431a-9fd8-c89de31af412/datanode-1/meta/datanode.id
2019-06-13 19:27:58,397 INFO  volume.HddsVolume (HddsVolume.java:<init>(176)) - Creating Volume: /opt/src/hadoop-ozone/integration-test/target/test-dir/MiniOzoneClusterImpl-2d566019-9dca-431a-9fd8-c89de31af412/datanode-2/data/containers/hdds of  storage type : DISK and capacity : 104021790720
2019-06-13 19:27:58,398 INFO  volume.VolumeSet (VolumeSet.java:initializeVolumeSet(170)) - Added Volume : /opt/src/hadoop-ozone/integration-test/target/test-dir/MiniOzoneClusterImpl-2d566019-9dca-431a-9fd8-c89de31af412/datanode-2/data/containers/hdds to VolumeSet
2019-06-13 19:27:58,398 INFO  volume.ThrottledAsyncChecker (ThrottledAsyncChecker.java:schedule(140)) - Scheduling a check for org.apache.hadoop.ozone.container.common.volume.HddsVolume@2d3eb1ea
2019-06-13 19:27:58,401 INFO  volume.HddsVolumeChecker (HddsVolumeChecker.java:checkAllVolumes(203)) - Scheduled health check for volume org.apache.hadoop.ozone.container.common.volume.HddsVolume@2d3eb1ea
2019-06-13 19:27:58,412 INFO  ratis.XceiverServerRatis (XceiverServerRatis.java:newXceiverServerRatis(401)) - Found a free port for the server : 43887
2019-06-13 19:27:58,413 INFO  impl.RaftServerProxy (ConfUtils.java:logGet(43)) - raft.rpc.type = GRPC (default)
2019-06-13 19:27:58,413 INFO  grpc.GrpcConfigKeys$Server (ConfUtils.java:logGet(43)) - raft.grpc.server.port = 43887 (custom)
2019-06-13 19:27:58,414 INFO  server.GrpcService (ConfUtils.java:logGet(43)) - raft.grpc.message.size.max = 33570816 (custom)
2019-06-13 19:27:58,414 INFO  server.RaftServerConfigKeys (ConfUtils.java:logGet(43)) - raft.server.log.appender.buffer.byte-limit = 33554432 (custom)
2019-06-13 19:27:58,414 INFO  server.GrpcService (ConfUtils.java:logGet(43)) - raft.grpc.flow.control.window = 1MB (=1048576) (default)
2019-06-13 19:27:58,414 INFO  server.RaftServerConfigKeys (ConfUtils.java:logGet(43)) - raft.server.rpc.request.timeout = 3000ms (default)
2019-06-13 19:27:58,415 INFO  server.RaftServerConfigKeys (ConfUtils.java:logGet(43)) - raft.server.storage.dir = [/opt/src/hadoop-ozone/integration-test/target/test-dir/MiniOzoneClusterImpl-2d566019-9dca-431a-9fd8-c89de31af412/datanode-2/data/ratis] (custom)
2019-06-13 19:27:58,415 INFO  server.XceiverServerGrpc (XceiverServerGrpc.java:<init>(97)) - Found a free port for the server : 44483
2019-06-13 19:27:58,416 INFO  replication.SimpleContainerDownloader (SimpleContainerDownloader.java:<init>(72)) - Starting container downloader service to copy containers to replicate.
2019-06-13 19:27:58,417 INFO  hdfs.DFSUtil (DFSUtil.java:httpServerTemplateForNNAndJN(1641)) - Starting Web-server for hddsDatanode at: http://0.0.0.0:0
2019-06-13 19:27:58,419 INFO  server.AuthenticationFilter (AuthenticationFilter.java:constructSecretProvider(240)) - Unable to initialize FileSignerSecretProvider, falling back to use random secrets.
2019-06-13 19:27:58,427 WARN  http.HttpRequestLog (HttpRequestLog.java:getRequestLog(97)) - Jetty request log can only be enabled using Log4j
2019-06-13 19:27:58,429 INFO  http.HttpServer2 (HttpServer2.java:addGlobalFilter(975)) - Added global filter 'safety' (class=org.apache.hadoop.http.HttpServer2$QuotingInputFilter)
2019-06-13 19:27:58,430 INFO  http.HttpServer2 (HttpServer2.java:addFilter(948)) - Added filter static_user_filter (class=org.apache.hadoop.http.lib.StaticUserWebFilter$StaticUserFilter) to context hddsDatanode
2019-06-13 19:27:58,430 INFO  http.HttpServer2 (HttpServer2.java:addFilter(958)) - Added filter static_user_filter (class=org.apache.hadoop.http.lib.StaticUserWebFilter$StaticUserFilter) to context static
2019-06-13 19:27:58,431 INFO  http.HttpServer2 (HttpServer2.java:addFilter(958)) - Added filter static_user_filter (class=org.apache.hadoop.http.lib.StaticUserWebFilter$StaticUserFilter) to context logs
2019-06-13 19:27:58,431 INFO  http.HttpServer2 (HttpServer2.java:bindListener(1191)) - Jetty bound to port 43727
2019-06-13 19:27:58,431 INFO  server.Server (Server.java:doStart(351)) - jetty-9.3.24.v20180605, build timestamp: 2018-06-05T17:11:56Z, git hash: 84205aa28f11a4f31f2a3b86d1bba2cc8ab69827
2019-06-13 19:27:58,433 INFO  handler.ContextHandler (ContextHandler.java:doStart(781)) - Started o.e.j.s.ServletContextHandler@37083af6{/logs,file:///opt/src/hadoop-ozone/integration-test/target/log,AVAILABLE}
2019-06-13 19:27:58,433 INFO  handler.ContextHandler (ContextHandler.java:doStart(781)) - Started o.e.j.s.ServletContextHandler@28c7fd9d{/static,jar:file:/root/.m2/repository/org/apache/hadoop/hadoop-hdds-container-service/0.5.0-SNAPSHOT/hadoop-hdds-container-service-0.5.0-SNAPSHOT.jar!/webapps/static,AVAILABLE}
2019-06-13 19:27:58,462 INFO  handler.ContextHandler (ContextHandler.java:doStart(781)) - Started o.e.j.w.WebAppContext@2f112ade{/,file:///tmp/jetty-0.0.0.0-43727-hddsDatanode-_-any-5134310284180545552.dir/webapp/,AVAILABLE}{/hddsDatanode}
2019-06-13 19:27:58,465 INFO  server.AbstractConnector (AbstractConnector.java:doStart(278)) - Started ServerConnector@550c4bcb{HTTP/1.1,[http/1.1]}{0.0.0.0:43727}
2019-06-13 19:27:58,467 INFO  server.Server (Server.java:doStart(419)) - Started @35281ms
2019-06-13 19:27:58,467 INFO  server.BaseHttpServer (BaseHttpServer.java:updateConnectorAddress(207)) - HTTP server of HDDSDATANODE is listening at http://0.0.0.0:43727
2019-06-13 19:27:58,550 INFO  ozone.HddsDatanodeService (HddsDatanodeService.java:startPlugins(396)) - Started plug-in org.apache.hadoop.ozone.web.OzoneHddsDatanodeService@20a9fb01
2019-06-13 19:27:58,550 INFO  impl.MetricsSystemImpl (MetricsSystemImpl.java:init(158)) - HddsDatanode metrics system started (again)
2019-06-13 19:27:58,551 INFO  ozone.HddsDatanodeService (HddsDatanodeService.java:start(185)) - HddsDatanodeService host:ozone-ld922-666477418 ip:192.168.46.41
2019-06-13 19:27:58,562 INFO  util.JvmPauseMonitor (JvmPauseMonitor.java:run(188)) - Starting JVM pause monitor
2019-06-13 19:27:58,563 INFO  datanode.InitDatanodeState (InitDatanodeState.java:persistContainerDatanodeDetails(140)) - DatanodeDetails is persisted to /opt/src/hadoop-ozone/integration-test/target/test-dir/MiniOzoneClusterImpl-2d566019-9dca-431a-9fd8-c89de31af412/datanode-2/meta/datanode.id
2019-06-13 19:27:58,566 INFO  volume.HddsVolume (HddsVolume.java:<init>(176)) - Creating Volume: /opt/src/hadoop-ozone/integration-test/target/test-dir/MiniOzoneClusterImpl-2d566019-9dca-431a-9fd8-c89de31af412/datanode-3/data/containers/hdds of  storage type : DISK and capacity : 104021790720
2019-06-13 19:27:58,567 INFO  volume.VolumeSet (VolumeSet.java:initializeVolumeSet(170)) - Added Volume : /opt/src/hadoop-ozone/integration-test/target/test-dir/MiniOzoneClusterImpl-2d566019-9dca-431a-9fd8-c89de31af412/datanode-3/data/containers/hdds to VolumeSet
2019-06-13 19:27:58,567 INFO  volume.ThrottledAsyncChecker (ThrottledAsyncChecker.java:schedule(140)) - Scheduling a check for org.apache.hadoop.ozone.container.common.volume.HddsVolume@6de9bba2
2019-06-13 19:27:58,567 INFO  volume.HddsVolumeChecker (HddsVolumeChecker.java:checkAllVolumes(203)) - Scheduled health check for volume org.apache.hadoop.ozone.container.common.volume.HddsVolume@6de9bba2
2019-06-13 19:27:58,582 INFO  ratis.XceiverServerRatis (XceiverServerRatis.java:newXceiverServerRatis(401)) - Found a free port for the server : 41661
2019-06-13 19:27:58,584 INFO  impl.RaftServerProxy (ConfUtils.java:logGet(43)) - raft.rpc.type = GRPC (default)
2019-06-13 19:27:58,585 INFO  grpc.GrpcConfigKeys$Server (ConfUtils.java:logGet(43)) - raft.grpc.server.port = 41661 (custom)
2019-06-13 19:27:58,585 INFO  server.GrpcService (ConfUtils.java:logGet(43)) - raft.grpc.message.size.max = 33570816 (custom)
2019-06-13 19:27:58,585 INFO  server.RaftServerConfigKeys (ConfUtils.java:logGet(43)) - raft.server.log.appender.buffer.byte-limit = 33554432 (custom)
2019-06-13 19:27:58,585 INFO  server.GrpcService (ConfUtils.java:logGet(43)) - raft.grpc.flow.control.window = 1MB (=1048576) (default)
2019-06-13 19:27:58,585 INFO  server.RaftServerConfigKeys (ConfUtils.java:logGet(43)) - raft.server.rpc.request.timeout = 3000ms (default)
2019-06-13 19:27:58,586 INFO  server.RaftServerConfigKeys (ConfUtils.java:logGet(43)) - raft.server.storage.dir = [/opt/src/hadoop-ozone/integration-test/target/test-dir/MiniOzoneClusterImpl-2d566019-9dca-431a-9fd8-c89de31af412/datanode-3/data/ratis] (custom)
2019-06-13 19:27:58,586 INFO  server.XceiverServerGrpc (XceiverServerGrpc.java:<init>(97)) - Found a free port for the server : 41503
2019-06-13 19:27:58,586 INFO  replication.SimpleContainerDownloader (SimpleContainerDownloader.java:<init>(72)) - Starting container downloader service to copy containers to replicate.
2019-06-13 19:27:58,587 INFO  hdfs.DFSUtil (DFSUtil.java:httpServerTemplateForNNAndJN(1641)) - Starting Web-server for hddsDatanode at: http://0.0.0.0:0
2019-06-13 19:27:58,588 INFO  server.AuthenticationFilter (AuthenticationFilter.java:constructSecretProvider(240)) - Unable to initialize FileSignerSecretProvider, falling back to use random secrets.
2019-06-13 19:27:58,589 WARN  http.HttpRequestLog (HttpRequestLog.java:getRequestLog(97)) - Jetty request log can only be enabled using Log4j
2019-06-13 19:27:58,589 INFO  http.HttpServer2 (HttpServer2.java:addGlobalFilter(975)) - Added global filter 'safety' (class=org.apache.hadoop.http.HttpServer2$QuotingInputFilter)
2019-06-13 19:27:58,590 INFO  http.HttpServer2 (HttpServer2.java:addFilter(948)) - Added filter static_user_filter (class=org.apache.hadoop.http.lib.StaticUserWebFilter$StaticUserFilter) to context hddsDatanode
2019-06-13 19:27:58,590 INFO  http.HttpServer2 (HttpServer2.java:addFilter(958)) - Added filter static_user_filter (class=org.apache.hadoop.http.lib.StaticUserWebFilter$StaticUserFilter) to context static
2019-06-13 19:27:58,590 INFO  http.HttpServer2 (HttpServer2.java:addFilter(958)) - Added filter static_user_filter (class=org.apache.hadoop.http.lib.StaticUserWebFilter$StaticUserFilter) to context logs
2019-06-13 19:27:58,590 INFO  http.HttpServer2 (HttpServer2.java:bindListener(1191)) - Jetty bound to port 39327
2019-06-13 19:27:58,591 INFO  server.Server (Server.java:doStart(351)) - jetty-9.3.24.v20180605, build timestamp: 2018-06-05T17:11:56Z, git hash: 84205aa28f11a4f31f2a3b86d1bba2cc8ab69827
2019-06-13 19:27:58,592 INFO  handler.ContextHandler (ContextHandler.java:doStart(781)) - Started o.e.j.s.ServletContextHandler@62d6ac{/logs,file:///opt/src/hadoop-ozone/integration-test/target/log,AVAILABLE}
2019-06-13 19:27:58,593 INFO  handler.ContextHandler (ContextHandler.java:doStart(781)) - Started o.e.j.s.ServletContextHandler@75dbe490{/static,jar:file:/root/.m2/repository/org/apache/hadoop/hadoop-hdds-container-service/0.5.0-SNAPSHOT/hadoop-hdds-container-service-0.5.0-SNAPSHOT.jar!/webapps/static,AVAILABLE}
2019-06-13 19:27:58,615 INFO  handler.ContextHandler (ContextHandler.java:doStart(781)) - Started o.e.j.w.WebAppContext@3f33bb6f{/,file:///tmp/jetty-0.0.0.0-39327-hddsDatanode-_-any-4019692976883111730.dir/webapp/,AVAILABLE}{/hddsDatanode}
2019-06-13 19:27:58,616 INFO  server.AbstractConnector (AbstractConnector.java:doStart(278)) - Started ServerConnector@446cc036{HTTP/1.1,[http/1.1]}{0.0.0.0:39327}
2019-06-13 19:27:58,617 INFO  server.Server (Server.java:doStart(419)) - Started @35431ms
2019-06-13 19:27:58,617 INFO  server.BaseHttpServer (BaseHttpServer.java:updateConnectorAddress(207)) - HTTP server of HDDSDATANODE is listening at http://0.0.0.0:39327
2019-06-13 19:27:58,703 INFO  ozone.HddsDatanodeService (HddsDatanodeService.java:startPlugins(396)) - Started plug-in org.apache.hadoop.ozone.web.OzoneHddsDatanodeService@393bcd6b
2019-06-13 19:27:58,704 INFO  impl.MetricsSystemImpl (MetricsSystemImpl.java:init(158)) - HddsDatanode metrics system started (again)
2019-06-13 19:27:58,704 INFO  ozone.HddsDatanodeService (HddsDatanodeService.java:start(185)) - HddsDatanodeService host:ozone-ld922-666477418 ip:192.168.46.41
2019-06-13 19:27:58,705 INFO  util.JvmPauseMonitor (JvmPauseMonitor.java:run(188)) - Starting JVM pause monitor
2019-06-13 19:27:58,706 INFO  datanode.InitDatanodeState (InitDatanodeState.java:persistContainerDatanodeDetails(140)) - DatanodeDetails is persisted to /opt/src/hadoop-ozone/integration-test/target/test-dir/MiniOzoneClusterImpl-2d566019-9dca-431a-9fd8-c89de31af412/datanode-3/meta/datanode.id
2019-06-13 19:27:58,711 INFO  volume.HddsVolume (HddsVolume.java:<init>(176)) - Creating Volume: /opt/src/hadoop-ozone/integration-test/target/test-dir/MiniOzoneClusterImpl-2d566019-9dca-431a-9fd8-c89de31af412/datanode-4/data/containers/hdds of  storage type : DISK and capacity : 104021790720
2019-06-13 19:27:58,711 INFO  volume.VolumeSet (VolumeSet.java:initializeVolumeSet(170)) - Added Volume : /opt/src/hadoop-ozone/integration-test/target/test-dir/MiniOzoneClusterImpl-2d566019-9dca-431a-9fd8-c89de31af412/datanode-4/data/containers/hdds to VolumeSet
2019-06-13 19:27:58,711 INFO  volume.ThrottledAsyncChecker (ThrottledAsyncChecker.java:schedule(140)) - Scheduling a check for org.apache.hadoop.ozone.container.common.volume.HddsVolume@44a485bc
2019-06-13 19:27:58,712 INFO  volume.HddsVolumeChecker (HddsVolumeChecker.java:checkAllVolumes(203)) - Scheduled health check for volume org.apache.hadoop.ozone.container.common.volume.HddsVolume@44a485bc
2019-06-13 19:27:58,721 INFO  ratis.XceiverServerRatis (XceiverServerRatis.java:newXceiverServerRatis(401)) - Found a free port for the server : 32769
2019-06-13 19:27:58,722 INFO  impl.RaftServerProxy (ConfUtils.java:logGet(43)) - raft.rpc.type = GRPC (default)
2019-06-13 19:27:58,722 INFO  grpc.GrpcConfigKeys$Server (ConfUtils.java:logGet(43)) - raft.grpc.server.port = 32769 (custom)
2019-06-13 19:27:58,723 INFO  server.GrpcService (ConfUtils.java:logGet(43)) - raft.grpc.message.size.max = 33570816 (custom)
2019-06-13 19:27:58,723 INFO  server.RaftServerConfigKeys (ConfUtils.java:logGet(43)) - raft.server.log.appender.buffer.byte-limit = 33554432 (custom)
2019-06-13 19:27:58,723 INFO  server.GrpcService (ConfUtils.java:logGet(43)) - raft.grpc.flow.control.window = 1MB (=1048576) (default)
2019-06-13 19:27:58,723 INFO  server.RaftServerConfigKeys (ConfUtils.java:logGet(43)) - raft.server.rpc.request.timeout = 3000ms (default)
2019-06-13 19:27:58,724 INFO  server.RaftServerConfigKeys (ConfUtils.java:logGet(43)) - raft.server.storage.dir = [/opt/src/hadoop-ozone/integration-test/target/test-dir/MiniOzoneClusterImpl-2d566019-9dca-431a-9fd8-c89de31af412/datanode-4/data/ratis] (custom)
2019-06-13 19:27:58,724 INFO  server.XceiverServerGrpc (XceiverServerGrpc.java:<init>(97)) - Found a free port for the server : 37223
2019-06-13 19:27:58,724 INFO  replication.SimpleContainerDownloader (SimpleContainerDownloader.java:<init>(72)) - Starting container downloader service to copy containers to replicate.
2019-06-13 19:27:58,725 INFO  hdfs.DFSUtil (DFSUtil.java:httpServerTemplateForNNAndJN(1641)) - Starting Web-server for hddsDatanode at: http://0.0.0.0:0
2019-06-13 19:27:58,726 INFO  server.AuthenticationFilter (AuthenticationFilter.java:constructSecretProvider(240)) - Unable to initialize FileSignerSecretProvider, falling back to use random secrets.
2019-06-13 19:27:58,727 WARN  http.HttpRequestLog (HttpRequestLog.java:getRequestLog(97)) - Jetty request log can only be enabled using Log4j
2019-06-13 19:27:58,728 INFO  http.HttpServer2 (HttpServer2.java:addGlobalFilter(975)) - Added global filter 'safety' (class=org.apache.hadoop.http.HttpServer2$QuotingInputFilter)
2019-06-13 19:27:58,729 INFO  http.HttpServer2 (HttpServer2.java:addFilter(948)) - Added filter static_user_filter (class=org.apache.hadoop.http.lib.StaticUserWebFilter$StaticUserFilter) to context hddsDatanode
2019-06-13 19:27:58,729 INFO  http.HttpServer2 (HttpServer2.java:addFilter(958)) - Added filter static_user_filter (class=org.apache.hadoop.http.lib.StaticUserWebFilter$StaticUserFilter) to context logs
2019-06-13 19:27:58,729 INFO  http.HttpServer2 (HttpServer2.java:addFilter(958)) - Added filter static_user_filter (class=org.apache.hadoop.http.lib.StaticUserWebFilter$StaticUserFilter) to context static
2019-06-13 19:27:58,730 INFO  http.HttpServer2 (HttpServer2.java:bindListener(1191)) - Jetty bound to port 40271
2019-06-13 19:27:58,730 INFO  server.Server (Server.java:doStart(351)) - jetty-9.3.24.v20180605, build timestamp: 2018-06-05T17:11:56Z, git hash: 84205aa28f11a4f31f2a3b86d1bba2cc8ab69827
2019-06-13 19:27:58,750 INFO  handler.ContextHandler (ContextHandler.java:doStart(781)) - Started o.e.j.s.ServletContextHandler@731d0d5c{/logs,file:///opt/src/hadoop-ozone/integration-test/target/log,AVAILABLE}
2019-06-13 19:27:58,750 INFO  handler.ContextHandler (ContextHandler.java:doStart(781)) - Started o.e.j.s.ServletContextHandler@18e76101{/static,jar:file:/root/.m2/repository/org/apache/hadoop/hadoop-hdds-container-service/0.5.0-SNAPSHOT/hadoop-hdds-container-service-0.5.0-SNAPSHOT.jar!/webapps/static,AVAILABLE}
2019-06-13 19:27:58,772 INFO  handler.ContextHandler (ContextHandler.java:doStart(781)) - Started o.e.j.w.WebAppContext@3f3f554f{/,file:///tmp/jetty-0.0.0.0-40271-hddsDatanode-_-any-2816512157880810300.dir/webapp/,AVAILABLE}{/hddsDatanode}
2019-06-13 19:27:58,773 INFO  server.AbstractConnector (AbstractConnector.java:doStart(278)) - Started ServerConnector@3186f8f5{HTTP/1.1,[http/1.1]}{0.0.0.0:40271}
2019-06-13 19:27:58,774 INFO  server.Server (Server.java:doStart(419)) - Started @35588ms
2019-06-13 19:27:58,775 INFO  server.BaseHttpServer (BaseHttpServer.java:updateConnectorAddress(207)) - HTTP server of HDDSDATANODE is listening at http://0.0.0.0:40271
2019-06-13 19:27:58,882 INFO  ozone.HddsDatanodeService (HddsDatanodeService.java:startPlugins(396)) - Started plug-in org.apache.hadoop.ozone.web.OzoneHddsDatanodeService@50008974
2019-06-13 19:27:58,883 INFO  impl.MetricsSystemImpl (MetricsSystemImpl.java:init(158)) - HddsDatanode metrics system started (again)
2019-06-13 19:27:58,883 INFO  ozone.HddsDatanodeService (HddsDatanodeService.java:start(185)) - HddsDatanodeService host:ozone-ld922-666477418 ip:192.168.46.41
2019-06-13 19:27:58,887 INFO  util.JvmPauseMonitor (JvmPauseMonitor.java:run(188)) - Starting JVM pause monitor
2019-06-13 19:27:58,889 INFO  volume.HddsVolume (HddsVolume.java:<init>(176)) - Creating Volume: /opt/src/hadoop-ozone/integration-test/target/test-dir/MiniOzoneClusterImpl-2d566019-9dca-431a-9fd8-c89de31af412/datanode-5/data/containers/hdds of  storage type : DISK and capacity : 104021790720
2019-06-13 19:27:58,889 INFO  volume.VolumeSet (VolumeSet.java:initializeVolumeSet(170)) - Added Volume : /opt/src/hadoop-ozone/integration-test/target/test-dir/MiniOzoneClusterImpl-2d566019-9dca-431a-9fd8-c89de31af412/datanode-5/data/containers/hdds to VolumeSet
2019-06-13 19:27:58,889 INFO  volume.ThrottledAsyncChecker (ThrottledAsyncChecker.java:schedule(140)) - Scheduling a check for org.apache.hadoop.ozone.container.common.volume.HddsVolume@520ec7a7
2019-06-13 19:27:58,890 INFO  volume.HddsVolumeChecker (HddsVolumeChecker.java:checkAllVolumes(203)) - Scheduled health check for volume org.apache.hadoop.ozone.container.common.volume.HddsVolume@520ec7a7
2019-06-13 19:27:58,898 INFO  datanode.InitDatanodeState (InitDatanodeState.java:persistContainerDatanodeDetails(140)) - DatanodeDetails is persisted to /opt/src/hadoop-ozone/integration-test/target/test-dir/MiniOzoneClusterImpl-2d566019-9dca-431a-9fd8-c89de31af412/datanode-4/meta/datanode.id
2019-06-13 19:27:58,951 INFO  ratis.XceiverServerRatis (XceiverServerRatis.java:newXceiverServerRatis(401)) - Found a free port for the server : 38145
2019-06-13 19:27:58,952 INFO  impl.RaftServerProxy (ConfUtils.java:logGet(43)) - raft.rpc.type = GRPC (default)
2019-06-13 19:27:58,952 INFO  grpc.GrpcConfigKeys$Server (ConfUtils.java:logGet(43)) - raft.grpc.server.port = 38145 (custom)
2019-06-13 19:27:58,952 INFO  server.GrpcService (ConfUtils.java:logGet(43)) - raft.grpc.message.size.max = 33570816 (custom)
2019-06-13 19:27:58,952 INFO  server.RaftServerConfigKeys (ConfUtils.java:logGet(43)) - raft.server.log.appender.buffer.byte-limit = 33554432 (custom)
2019-06-13 19:27:58,953 INFO  server.GrpcService (ConfUtils.java:logGet(43)) - raft.grpc.flow.control.window = 1MB (=1048576) (default)
2019-06-13 19:27:58,953 INFO  server.RaftServerConfigKeys (ConfUtils.java:logGet(43)) - raft.server.rpc.request.timeout = 3000ms (default)
2019-06-13 19:27:58,953 INFO  server.RaftServerConfigKeys (ConfUtils.java:logGet(43)) - raft.server.storage.dir = [/opt/src/hadoop-ozone/integration-test/target/test-dir/MiniOzoneClusterImpl-2d566019-9dca-431a-9fd8-c89de31af412/datanode-5/data/ratis] (custom)
2019-06-13 19:27:58,954 INFO  server.XceiverServerGrpc (XceiverServerGrpc.java:<init>(97)) - Found a free port for the server : 40259
2019-06-13 19:27:58,954 INFO  replication.SimpleContainerDownloader (SimpleContainerDownloader.java:<init>(72)) - Starting container downloader service to copy containers to replicate.
2019-06-13 19:27:58,956 INFO  hdfs.DFSUtil (DFSUtil.java:httpServerTemplateForNNAndJN(1641)) - Starting Web-server for hddsDatanode at: http://0.0.0.0:0
2019-06-13 19:27:58,957 INFO  server.AuthenticationFilter (AuthenticationFilter.java:constructSecretProvider(240)) - Unable to initialize FileSignerSecretProvider, falling back to use random secrets.
2019-06-13 19:27:58,957 WARN  http.HttpRequestLog (HttpRequestLog.java:getRequestLog(97)) - Jetty request log can only be enabled using Log4j
2019-06-13 19:27:58,959 INFO  http.HttpServer2 (HttpServer2.java:addGlobalFilter(975)) - Added global filter 'safety' (class=org.apache.hadoop.http.HttpServer2$QuotingInputFilter)
2019-06-13 19:27:58,959 INFO  http.HttpServer2 (HttpServer2.java:addFilter(948)) - Added filter static_user_filter (class=org.apache.hadoop.http.lib.StaticUserWebFilter$StaticUserFilter) to context hddsDatanode
2019-06-13 19:27:58,959 INFO  http.HttpServer2 (HttpServer2.java:addFilter(958)) - Added filter static_user_filter (class=org.apache.hadoop.http.lib.StaticUserWebFilter$StaticUserFilter) to context logs
2019-06-13 19:27:58,959 INFO  http.HttpServer2 (HttpServer2.java:addFilter(958)) - Added filter static_user_filter (class=org.apache.hadoop.http.lib.StaticUserWebFilter$StaticUserFilter) to context static
2019-06-13 19:27:58,960 INFO  http.HttpServer2 (HttpServer2.java:bindListener(1191)) - Jetty bound to port 38785
2019-06-13 19:27:58,960 INFO  server.Server (Server.java:doStart(351)) - jetty-9.3.24.v20180605, build timestamp: 2018-06-05T17:11:56Z, git hash: 84205aa28f11a4f31f2a3b86d1bba2cc8ab69827
2019-06-13 19:27:58,963 INFO  handler.ContextHandler (ContextHandler.java:doStart(781)) - Started o.e.j.s.ServletContextHandler@18bc1064{/logs,file:///opt/src/hadoop-ozone/integration-test/target/log,AVAILABLE}
2019-06-13 19:27:58,963 INFO  handler.ContextHandler (ContextHandler.java:doStart(781)) - Started o.e.j.s.ServletContextHandler@68f264bf{/static,jar:file:/root/.m2/repository/org/apache/hadoop/hadoop-hdds-container-service/0.5.0-SNAPSHOT/hadoop-hdds-container-service-0.5.0-SNAPSHOT.jar!/webapps/static,AVAILABLE}
2019-06-13 19:27:58,990 INFO  handler.ContextHandler (ContextHandler.java:doStart(781)) - Started o.e.j.w.WebAppContext@7fad28ac{/,file:///tmp/jetty-0.0.0.0-38785-hddsDatanode-_-any-3401857502644419160.dir/webapp/,AVAILABLE}{/hddsDatanode}
2019-06-13 19:27:58,998 INFO  server.AbstractConnector (AbstractConnector.java:doStart(278)) - Started ServerConnector@5592d98f{HTTP/1.1,[http/1.1]}{0.0.0.0:38785}
2019-06-13 19:27:58,998 INFO  server.Server (Server.java:doStart(419)) - Started @35812ms
2019-06-13 19:27:58,999 INFO  server.BaseHttpServer (BaseHttpServer.java:updateConnectorAddress(207)) - HTTP server of HDDSDATANODE is listening at http://0.0.0.0:38785
2019-06-13 19:27:59,103 INFO  ozone.HddsDatanodeService (HddsDatanodeService.java:startPlugins(396)) - Started plug-in org.apache.hadoop.ozone.web.OzoneHddsDatanodeService@7d75940
2019-06-13 19:27:59,104 INFO  impl.MetricsSystemImpl (MetricsSystemImpl.java:init(158)) - HddsDatanode metrics system started (again)
2019-06-13 19:27:59,104 INFO  ozone.HddsDatanodeService (HddsDatanodeService.java:start(185)) - HddsDatanodeService host:ozone-ld922-666477418 ip:192.168.46.41
2019-06-13 19:27:59,106 INFO  util.JvmPauseMonitor (JvmPauseMonitor.java:run(188)) - Starting JVM pause monitor
2019-06-13 19:27:59,107 INFO  datanode.InitDatanodeState (InitDatanodeState.java:persistContainerDatanodeDetails(140)) - DatanodeDetails is persisted to /opt/src/hadoop-ozone/integration-test/target/test-dir/MiniOzoneClusterImpl-2d566019-9dca-431a-9fd8-c89de31af412/datanode-5/meta/datanode.id
2019-06-13 19:27:59,113 INFO  volume.HddsVolume (HddsVolume.java:<init>(176)) - Creating Volume: /opt/src/hadoop-ozone/integration-test/target/test-dir/MiniOzoneClusterImpl-2d566019-9dca-431a-9fd8-c89de31af412/datanode-6/data/containers/hdds of  storage type : DISK and capacity : 104021790720
2019-06-13 19:27:59,113 INFO  volume.VolumeSet (VolumeSet.java:initializeVolumeSet(170)) - Added Volume : /opt/src/hadoop-ozone/integration-test/target/test-dir/MiniOzoneClusterImpl-2d566019-9dca-431a-9fd8-c89de31af412/datanode-6/data/containers/hdds to VolumeSet
2019-06-13 19:27:59,114 INFO  volume.ThrottledAsyncChecker (ThrottledAsyncChecker.java:schedule(140)) - Scheduling a check for org.apache.hadoop.ozone.container.common.volume.HddsVolume@c49e434
2019-06-13 19:27:59,115 INFO  volume.HddsVolumeChecker (HddsVolumeChecker.java:checkAllVolumes(203)) - Scheduled health check for volume org.apache.hadoop.ozone.container.common.volume.HddsVolume@c49e434
2019-06-13 19:27:59,123 INFO  ratis.XceiverServerRatis (XceiverServerRatis.java:newXceiverServerRatis(401)) - Found a free port for the server : 42515
2019-06-13 19:27:59,125 INFO  impl.RaftServerProxy (ConfUtils.java:logGet(43)) - raft.rpc.type = GRPC (default)
2019-06-13 19:27:59,125 INFO  grpc.GrpcConfigKeys$Server (ConfUtils.java:logGet(43)) - raft.grpc.server.port = 42515 (custom)
2019-06-13 19:27:59,125 INFO  server.GrpcService (ConfUtils.java:logGet(43)) - raft.grpc.message.size.max = 33570816 (custom)
2019-06-13 19:27:59,125 INFO  server.RaftServerConfigKeys (ConfUtils.java:logGet(43)) - raft.server.log.appender.buffer.byte-limit = 33554432 (custom)
2019-06-13 19:27:59,126 INFO  server.GrpcService (ConfUtils.java:logGet(43)) - raft.grpc.flow.control.window = 1MB (=1048576) (default)
2019-06-13 19:27:59,126 INFO  server.RaftServerConfigKeys (ConfUtils.java:logGet(43)) - raft.server.rpc.request.timeout = 3000ms (default)
2019-06-13 19:27:59,126 INFO  server.RaftServerConfigKeys (ConfUtils.java:logGet(43)) - raft.server.storage.dir = [/opt/src/hadoop-ozone/integration-test/target/test-dir/MiniOzoneClusterImpl-2d566019-9dca-431a-9fd8-c89de31af412/datanode-6/data/ratis] (custom)
2019-06-13 19:27:59,126 INFO  server.XceiverServerGrpc (XceiverServerGrpc.java:<init>(97)) - Found a free port for the server : 41023
2019-06-13 19:27:59,127 INFO  replication.SimpleContainerDownloader (SimpleContainerDownloader.java:<init>(72)) - Starting container downloader service to copy containers to replicate.
2019-06-13 19:27:59,128 INFO  hdfs.DFSUtil (DFSUtil.java:httpServerTemplateForNNAndJN(1641)) - Starting Web-server for hddsDatanode at: http://0.0.0.0:0
2019-06-13 19:27:59,129 INFO  server.AuthenticationFilter (AuthenticationFilter.java:constructSecretProvider(240)) - Unable to initialize FileSignerSecretProvider, falling back to use random secrets.
2019-06-13 19:27:59,129 WARN  http.HttpRequestLog (HttpRequestLog.java:getRequestLog(97)) - Jetty request log can only be enabled using Log4j
2019-06-13 19:27:59,130 INFO  http.HttpServer2 (HttpServer2.java:addGlobalFilter(975)) - Added global filter 'safety' (class=org.apache.hadoop.http.HttpServer2$QuotingInputFilter)
2019-06-13 19:27:59,130 INFO  http.HttpServer2 (HttpServer2.java:addFilter(948)) - Added filter static_user_filter (class=org.apache.hadoop.http.lib.StaticUserWebFilter$StaticUserFilter) to context hddsDatanode
2019-06-13 19:27:59,130 INFO  http.HttpServer2 (HttpServer2.java:addFilter(958)) - Added filter static_user_filter (class=org.apache.hadoop.http.lib.StaticUserWebFilter$StaticUserFilter) to context logs
2019-06-13 19:27:59,130 INFO  http.HttpServer2 (HttpServer2.java:addFilter(958)) - Added filter static_user_filter (class=org.apache.hadoop.http.lib.StaticUserWebFilter$StaticUserFilter) to context static
2019-06-13 19:27:59,131 INFO  http.HttpServer2 (HttpServer2.java:bindListener(1191)) - Jetty bound to port 45079
2019-06-13 19:27:59,131 INFO  server.Server (Server.java:doStart(351)) - jetty-9.3.24.v20180605, build timestamp: 2018-06-05T17:11:56Z, git hash: 84205aa28f11a4f31f2a3b86d1bba2cc8ab69827
2019-06-13 19:27:59,150 INFO  handler.ContextHandler (ContextHandler.java:doStart(781)) - Started o.e.j.s.ServletContextHandler@5f5c0eda{/logs,file:///opt/src/hadoop-ozone/integration-test/target/log,AVAILABLE}
2019-06-13 19:27:59,150 INFO  handler.ContextHandler (ContextHandler.java:doStart(781)) - Started o.e.j.s.ServletContextHandler@3694461d{/static,jar:file:/root/.m2/repository/org/apache/hadoop/hadoop-hdds-container-service/0.5.0-SNAPSHOT/hadoop-hdds-container-service-0.5.0-SNAPSHOT.jar!/webapps/static,AVAILABLE}
2019-06-13 19:27:59,179 INFO  handler.ContextHandler (ContextHandler.java:doStart(781)) - Started o.e.j.w.WebAppContext@19c24321{/,file:///tmp/jetty-0.0.0.0-45079-hddsDatanode-_-any-4310893037380090724.dir/webapp/,AVAILABLE}{/hddsDatanode}
2019-06-13 19:27:59,179 INFO  server.AbstractConnector (AbstractConnector.java:doStart(278)) - Started ServerConnector@ba27ce6{HTTP/1.1,[http/1.1]}{0.0.0.0:45079}
2019-06-13 19:27:59,179 INFO  server.Server (Server.java:doStart(419)) - Started @35993ms
2019-06-13 19:27:59,180 INFO  server.BaseHttpServer (BaseHttpServer.java:updateConnectorAddress(207)) - HTTP server of HDDSDATANODE is listening at http://0.0.0.0:45079
2019-06-13 19:27:59,273 INFO  ozone.HddsDatanodeService (HddsDatanodeService.java:startPlugins(396)) - Started plug-in org.apache.hadoop.ozone.web.OzoneHddsDatanodeService@1fc4483f
2019-06-13 19:27:59,273 INFO  ozone.MiniOzoneClusterImpl (MiniOzoneClusterImpl.java:lambda$waitForClusterToBeReady$0(142)) - Waiting for cluster to be ready. Got 0 of 7 DN Heartbeats.
2019-06-13 19:27:59,274 INFO  util.JvmPauseMonitor (JvmPauseMonitor.java:run(188)) - Starting JVM pause monitor
2019-06-13 19:27:59,275 INFO  datanode.InitDatanodeState (InitDatanodeState.java:persistContainerDatanodeDetails(140)) - DatanodeDetails is persisted to /opt/src/hadoop-ozone/integration-test/target/test-dir/MiniOzoneClusterImpl-2d566019-9dca-431a-9fd8-c89de31af412/datanode-6/meta/datanode.id
2019-06-13 19:28:00,098 INFO  ozoneimpl.OzoneContainer (OzoneContainer.java:start(186)) - Attempting to start container services.
2019-06-13 19:28:00,098 INFO  ozoneimpl.OzoneContainer (OzoneContainer.java:startContainerScrub(160)) - Background container scrubber has been disabled by hdds.containerscrub.enabled
2019-06-13 19:28:00,098 INFO  ratis.XceiverServerRatis (XceiverServerRatis.java:start(418)) - Starting XceiverServerRatis 2a59d514-8ae8-4317-9248-497315392245 at port 43317
2019-06-13 19:28:00,102 INFO  impl.RaftServerProxy (RaftServerProxy.java:lambda$start$3(299)) - 2a59d514-8ae8-4317-9248-497315392245: start RPC server
2019-06-13 19:28:00,103 INFO  server.GrpcService (GrpcService.java:startImpl(148)) - 2a59d514-8ae8-4317-9248-497315392245: GrpcService started, listening on 0.0.0.0/0.0.0.0:43317
2019-06-13 19:28:00,274 INFO  ozone.MiniOzoneClusterImpl (MiniOzoneClusterImpl.java:lambda$waitForClusterToBeReady$0(142)) - Waiting for cluster to be ready. Got 0 of 7 DN Heartbeats.
2019-06-13 19:28:00,393 INFO  ozoneimpl.OzoneContainer (OzoneContainer.java:start(186)) - Attempting to start container services.
2019-06-13 19:28:00,393 INFO  ozoneimpl.OzoneContainer (OzoneContainer.java:startContainerScrub(160)) - Background container scrubber has been disabled by hdds.containerscrub.enabled
2019-06-13 19:28:00,393 INFO  ratis.XceiverServerRatis (XceiverServerRatis.java:start(418)) - Starting XceiverServerRatis d2a8fb4f-a5c5-464b-bdfb-246d8a56d073 at port 38763
2019-06-13 19:28:00,402 INFO  impl.RaftServerProxy (RaftServerProxy.java:lambda$start$3(299)) - d2a8fb4f-a5c5-464b-bdfb-246d8a56d073: start RPC server
2019-06-13 19:28:00,403 INFO  server.GrpcService (GrpcService.java:startImpl(148)) - d2a8fb4f-a5c5-464b-bdfb-246d8a56d073: GrpcService started, listening on 0.0.0.0/0.0.0.0:38763
2019-06-13 19:28:00,565 INFO  ozoneimpl.OzoneContainer (OzoneContainer.java:start(186)) - Attempting to start container services.
2019-06-13 19:28:00,565 INFO  ozoneimpl.OzoneContainer (OzoneContainer.java:startContainerScrub(160)) - Background container scrubber has been disabled by hdds.containerscrub.enabled
2019-06-13 19:28:00,565 INFO  ratis.XceiverServerRatis (XceiverServerRatis.java:start(418)) - Starting XceiverServerRatis 969de2d3-37f1-4cc6-a93a-4fa259d4d74d at port 43887
2019-06-13 19:28:00,568 INFO  impl.RaftServerProxy (RaftServerProxy.java:lambda$start$3(299)) - 969de2d3-37f1-4cc6-a93a-4fa259d4d74d: start RPC server
2019-06-13 19:28:00,569 INFO  server.GrpcService (GrpcService.java:startImpl(148)) - 969de2d3-37f1-4cc6-a93a-4fa259d4d74d: GrpcService started, listening on 0.0.0.0/0.0.0.0:43887
2019-06-13 19:28:00,709 INFO  ozoneimpl.OzoneContainer (OzoneContainer.java:start(186)) - Attempting to start container services.
2019-06-13 19:28:00,709 INFO  ozoneimpl.OzoneContainer (OzoneContainer.java:startContainerScrub(160)) - Background container scrubber has been disabled by hdds.containerscrub.enabled
2019-06-13 19:28:00,709 INFO  ratis.XceiverServerRatis (XceiverServerRatis.java:start(418)) - Starting XceiverServerRatis 60d02a94-5cce-4a56-be5d-e43810a0e79d at port 41661
2019-06-13 19:28:00,712 INFO  impl.RaftServerProxy (RaftServerProxy.java:lambda$start$3(299)) - 60d02a94-5cce-4a56-be5d-e43810a0e79d: start RPC server
2019-06-13 19:28:00,713 INFO  server.GrpcService (GrpcService.java:startImpl(148)) - 60d02a94-5cce-4a56-be5d-e43810a0e79d: GrpcService started, listening on 0.0.0.0/0.0.0.0:41661
2019-06-13 19:28:00,930 INFO  ozoneimpl.OzoneContainer (OzoneContainer.java:start(186)) - Attempting to start container services.
2019-06-13 19:28:00,930 INFO  ozoneimpl.OzoneContainer (OzoneContainer.java:startContainerScrub(160)) - Background container scrubber has been disabled by hdds.containerscrub.enabled
2019-06-13 19:28:00,930 INFO  ratis.XceiverServerRatis (XceiverServerRatis.java:start(418)) - Starting XceiverServerRatis 51e17adc-5bd6-45a6-93b3-9e665e107d41 at port 32769
2019-06-13 19:28:00,934 INFO  impl.RaftServerProxy (RaftServerProxy.java:lambda$start$3(299)) - 51e17adc-5bd6-45a6-93b3-9e665e107d41: start RPC server
2019-06-13 19:28:00,934 INFO  server.GrpcService (GrpcService.java:startImpl(148)) - 51e17adc-5bd6-45a6-93b3-9e665e107d41: GrpcService started, listening on 0.0.0.0/0.0.0.0:32769
2019-06-13 19:28:01,113 INFO  ozoneimpl.OzoneContainer (OzoneContainer.java:start(186)) - Attempting to start container services.
2019-06-13 19:28:01,113 INFO  ozoneimpl.OzoneContainer (OzoneContainer.java:startContainerScrub(160)) - Background container scrubber has been disabled by hdds.containerscrub.enabled
2019-06-13 19:28:01,114 INFO  ratis.XceiverServerRatis (XceiverServerRatis.java:start(418)) - Starting XceiverServerRatis 872c11b4-9146-4433-bdbe-034cf839c042 at port 38145
2019-06-13 19:28:01,117 INFO  impl.RaftServerProxy (RaftServerProxy.java:lambda$start$3(299)) - 872c11b4-9146-4433-bdbe-034cf839c042: start RPC server
2019-06-13 19:28:01,117 INFO  server.GrpcService (GrpcService.java:startImpl(148)) - 872c11b4-9146-4433-bdbe-034cf839c042: GrpcService started, listening on 0.0.0.0/0.0.0.0:38145
2019-06-13 19:28:01,274 INFO  ozone.MiniOzoneClusterImpl (MiniOzoneClusterImpl.java:lambda$waitForClusterToBeReady$0(142)) - Waiting for cluster to be ready. Got 0 of 7 DN Heartbeats.
2019-06-13 19:28:01,277 INFO  ozoneimpl.OzoneContainer (OzoneContainer.java:start(186)) - Attempting to start container services.
2019-06-13 19:28:01,277 INFO  ozoneimpl.OzoneContainer (OzoneContainer.java:startContainerScrub(160)) - Background container scrubber has been disabled by hdds.containerscrub.enabled
2019-06-13 19:28:01,277 INFO  ratis.XceiverServerRatis (XceiverServerRatis.java:start(418)) - Starting XceiverServerRatis 55807662-1fb6-432b-a7f5-16e3669fd60c at port 42515
2019-06-13 19:28:01,281 INFO  impl.RaftServerProxy (RaftServerProxy.java:lambda$start$3(299)) - 55807662-1fb6-432b-a7f5-16e3669fd60c: start RPC server
2019-06-13 19:28:01,281 INFO  server.GrpcService (GrpcService.java:startImpl(148)) - 55807662-1fb6-432b-a7f5-16e3669fd60c: GrpcService started, listening on 0.0.0.0/0.0.0.0:42515
2019-06-13 19:28:02,089 INFO  node.SCMNodeManager (SCMNodeManager.java:register(234)) - Registered Data node : 2a59d514-8ae8-4317-9248-497315392245{ip: 192.168.46.41, host: ozone-ld922-666477418, networkLocation: /default-rack, certSerialId: null}
2019-06-13 19:28:02,091 INFO  safemode.SCMSafeModeManager (DataNodeSafeModeRule.java:process(71)) - SCM in safe mode. 1 DataNodes registered, 1 required.
2019-06-13 19:28:02,092 INFO  safemode.SCMSafeModeManager (SCMSafeModeManager.java:validateSafeModeExitRules(177)) - ScmSafeModeManager, all rules are successfully validated
2019-06-13 19:28:02,093 INFO  safemode.SCMSafeModeManager (SCMSafeModeManager.java:exitSafeMode(193)) - SCM exiting safe mode.
2019-06-13 19:28:02,098 INFO  impl.RaftServerProxy (RaftServerProxy.java:addNew(89)) - 2a59d514-8ae8-4317-9248-497315392245: addNew group-10A3E9B5587C:[2a59d514-8ae8-4317-9248-497315392245:192.168.46.41:43317] returns group-10A3E9B5587C:java.util.concurrent.CompletableFuture@5a155660[Not completed]
2019-06-13 19:28:02,098 INFO  impl.RaftServerImpl (RaftServerImpl.java:<init>(91)) - 2a59d514-8ae8-4317-9248-497315392245: new RaftServerImpl for group-10A3E9B5587C:[2a59d514-8ae8-4317-9248-497315392245:192.168.46.41:43317] with ContainerStateMachine:uninitialized
2019-06-13 19:28:02,098 INFO  server.RaftServerConfigKeys (ConfUtils.java:logGet(43)) - raft.server.rpc.timeout.min = 1s (custom)
2019-06-13 19:28:02,098 INFO  server.RaftServerConfigKeys (ConfUtils.java:logGet(43)) - raft.server.rpc.timeout.max = 1200ms (custom)
2019-06-13 19:28:02,098 INFO  server.RaftServerConfigKeys (ConfUtils.java:logGet(43)) - raft.server.rpcslowness.timeout = 120s (custom)
2019-06-13 19:28:02,098 INFO  server.RaftServerConfigKeys (ConfUtils.java:logGet(43)) - raft.server.log.appender.install.snapshot.enabled = true (default)
2019-06-13 19:28:02,099 INFO  impl.RaftServerImpl (ServerState.java:<init>(101)) - 2a59d514-8ae8-4317-9248-497315392245:group-10A3E9B5587C ConfigurationManager, init=-1: [2a59d514-8ae8-4317-9248-497315392245:192.168.46.41:43317], old=null, confs=<EMPTY_MAP>
2019-06-13 19:28:02,099 INFO  server.RaftServerConfigKeys (ConfUtils.java:logGet(43)) - raft.server.storage.dir = [/opt/src/hadoop-ozone/integration-test/target/test-dir/MiniOzoneClusterImpl-2d566019-9dca-431a-9fd8-c89de31af412/datanode-0/data/ratis] (custom)
2019-06-13 19:28:02,099 INFO  storage.RaftStorageDirectory (RaftStorageDirectory.java:analyzeStorage(246)) - The storage directory /opt/src/hadoop-ozone/integration-test/target/test-dir/MiniOzoneClusterImpl-2d566019-9dca-431a-9fd8-c89de31af412/datanode-0/data/ratis/eb925788-2d9a-48c1-9a01-10a3e9b5587c does not exist. Creating ...
2019-06-13 19:28:02,101 INFO  storage.RaftStorageDirectory (RaftStorageDirectory.java:tryLock(328)) - Lock on /opt/src/hadoop-ozone/integration-test/target/test-dir/MiniOzoneClusterImpl-2d566019-9dca-431a-9fd8-c89de31af412/datanode-0/data/ratis/eb925788-2d9a-48c1-9a01-10a3e9b5587c/in_use.lock acquired by nodename 10101@ozone-ld922-666477418
2019-06-13 19:28:02,103 INFO  storage.RaftStorage (RaftStorage.java:format(75)) - Storage directory /opt/src/hadoop-ozone/integration-test/target/test-dir/MiniOzoneClusterImpl-2d566019-9dca-431a-9fd8-c89de31af412/datanode-0/data/ratis/eb925788-2d9a-48c1-9a01-10a3e9b5587c has been successfully formatted.
2019-06-13 19:28:02,103 INFO  ratis.ContainerStateMachine (ContainerStateMachine.java:loadSnapshot(199)) - The snapshot info is null.Setting the last applied index to:(t:0, i:~)
2019-06-13 19:28:02,103 INFO  server.RaftServerConfigKeys (ConfUtils.java:logGet(43)) - raft.server.leader.election.timeout = 120s (custom)
2019-06-13 19:28:02,103 INFO  server.RaftServerConfigKeys (ConfUtils.java:logGet(43)) - raft.server.log.use.memory = false (default)
2019-06-13 19:28:02,104 INFO  server.RaftServerConfigKeys (ConfUtils.java:logGet(43)) - raft.server.log.appender.buffer.byte-limit = 33554432 (custom)
2019-06-13 19:28:02,104 INFO  server.RaftServerConfigKeys (ConfUtils.java:logGet(43)) - raft.server.log.segment.size.max = 16384 (custom)
2019-06-13 19:28:02,104 INFO  server.RaftServerConfigKeys (ConfUtils.java:logGet(43)) - raft.server.log.segment.cache.num.max = 2 (custom)
2019-06-13 19:28:02,104 INFO  storage.RaftLogWorker (RaftLogWorker.java:<init>(123)) - new 2a59d514-8ae8-4317-9248-497315392245-RaftLogWorker for Storage Directory /opt/src/hadoop-ozone/integration-test/target/test-dir/MiniOzoneClusterImpl-2d566019-9dca-431a-9fd8-c89de31af412/datanode-0/data/ratis/eb925788-2d9a-48c1-9a01-10a3e9b5587c
2019-06-13 19:28:02,104 INFO  server.RaftServerConfigKeys (ConfUtils.java:logGet(43)) - raft.server.log.queue.byte-limit = 2147483647 (custom)
2019-06-13 19:28:02,104 INFO  server.RaftServerConfigKeys (ConfUtils.java:logGet(43)) - raft.server.log.queue.element-limit = 1024 (custom)
2019-06-13 19:28:02,104 INFO  server.RaftServerConfigKeys (ConfUtils.java:logGet(43)) - raft.server.log.segment.size.max = 16384 (custom)
2019-06-13 19:28:02,104 INFO  server.RaftServerConfigKeys (ConfUtils.java:logGet(43)) - raft.server.log.preallocated.size = 16384 (custom)
2019-06-13 19:28:02,104 INFO  server.RaftServerConfigKeys (ConfUtils.java:logGet(43)) - raft.server.log.write.buffer.size = 33554432 (custom)
2019-06-13 19:28:02,104 INFO  server.RaftServerConfigKeys (ConfUtils.java:logGet(43)) - raft.server.log.force.sync.num = 128 (default)
2019-06-13 19:28:02,104 INFO  server.RaftServerConfigKeys (ConfUtils.java:logGet(43)) - raft.server.log.statemachine.data.sync = true (default)
2019-06-13 19:28:02,104 INFO  server.RaftServerConfigKeys (ConfUtils.java:logGet(43)) - raft.server.log.statemachine.data.sync.timeout = 10s (default)
2019-06-13 19:28:02,104 INFO  server.RaftServerConfigKeys (ConfUtils.java:logGet(43)) - raft.server.log.statemachine.data.sync.timeout.retry = -1 (default)
2019-06-13 19:28:02,104 INFO  server.RaftServerConfigKeys (ConfUtils.java:logGet(43)) - raft.server.log.statemachine.data.caching.enabled = true (custom)
2019-06-13 19:28:02,105 INFO  server.RaftServerConfigKeys (ConfUtils.java:logGet(43)) - raft.server.snapshot.auto.trigger.enabled = true (custom)
2019-06-13 19:28:02,105 INFO  server.RaftServerConfigKeys (ConfUtils.java:logGet(43)) - raft.server.snapshot.auto.trigger.threshold = 10000 (custom)
2019-06-13 19:28:02,105 INFO  server.RaftServerConfigKeys (ConfUtils.java:logGet(43)) - raft.server.retrycache.expirytime = 600000ms (custom)
2019-06-13 19:28:02,105 INFO  impl.RaftServerImpl (RaftServerImpl.java:start(173)) - 2a59d514-8ae8-4317-9248-497315392245: start group-10A3E9B5587C
2019-06-13 19:28:02,105 INFO  impl.RaftServerImpl (RaftServerImpl.java:setRole(164)) - 2a59d514-8ae8-4317-9248-497315392245:group-10A3E9B5587C changes role from null to FOLLOWER at term 0 for startAsFollower
2019-06-13 19:28:02,105 INFO  impl.RoleInfo (RoleInfo.java:updateAndGet(143)) - 2a59d514-8ae8-4317-9248-497315392245: start FollowerState
2019-06-13 19:28:02,105 INFO  util.JmxRegister (JmxRegister.java:tryRegister(44)) - Successfully registered JMX Bean with object name Ratis:service=RaftServer,group=group-10A3E9B5587C,id=2a59d514-8ae8-4317-9248-497315392245
2019-06-13 19:28:02,107 INFO  pipeline.PipelineStateManager (PipelineStateManager.java:addPipeline(56)) - Created pipeline Pipeline[ Id: eb925788-2d9a-48c1-9a01-10a3e9b5587c, Nodes: 2a59d514-8ae8-4317-9248-497315392245{ip: 192.168.46.41, host: ozone-ld922-666477418, networkLocation: /default-rack, certSerialId: null}, Type:RATIS, Factor:ONE, State:OPEN]
2019-06-13 19:28:02,274 INFO  ozone.MiniOzoneClusterImpl (MiniOzoneClusterImpl.java:lambda$waitForClusterToBeReady$0(142)) - Waiting for cluster to be ready. Got 1 of 7 DN Heartbeats.
2019-06-13 19:28:02,388 INFO  node.SCMNodeManager (SCMNodeManager.java:register(234)) - Registered Data node : d2a8fb4f-a5c5-464b-bdfb-246d8a56d073{ip: 192.168.46.41, host: ozone-ld922-666477418, networkLocation: /default-rack, certSerialId: null}
2019-06-13 19:28:02,400 INFO  impl.RaftServerProxy (RaftServerProxy.java:addNew(89)) - d2a8fb4f-a5c5-464b-bdfb-246d8a56d073: addNew group-C2FE3CA5827F:[d2a8fb4f-a5c5-464b-bdfb-246d8a56d073:192.168.46.41:38763] returns group-C2FE3CA5827F:java.util.concurrent.CompletableFuture@f4f6c13[Not completed]
2019-06-13 19:28:02,401 INFO  impl.RaftServerImpl (RaftServerImpl.java:<init>(91)) - d2a8fb4f-a5c5-464b-bdfb-246d8a56d073: new RaftServerImpl for group-C2FE3CA5827F:[d2a8fb4f-a5c5-464b-bdfb-246d8a56d073:192.168.46.41:38763] with ContainerStateMachine:uninitialized
2019-06-13 19:28:02,401 INFO  server.RaftServerConfigKeys (ConfUtils.java:logGet(43)) - raft.server.rpc.timeout.min = 1s (custom)
2019-06-13 19:28:02,401 INFO  server.RaftServerConfigKeys (ConfUtils.java:logGet(43)) - raft.server.rpc.timeout.max = 1200ms (custom)
2019-06-13 19:28:02,401 INFO  server.RaftServerConfigKeys (ConfUtils.java:logGet(43)) - raft.server.rpcslowness.timeout = 120s (custom)
2019-06-13 19:28:02,401 INFO  server.RaftServerConfigKeys (ConfUtils.java:logGet(43)) - raft.server.log.appender.install.snapshot.enabled = true (default)
2019-06-13 19:28:02,401 INFO  impl.RaftServerImpl (ServerState.java:<init>(101)) - d2a8fb4f-a5c5-464b-bdfb-246d8a56d073:group-C2FE3CA5827F ConfigurationManager, init=-1: [d2a8fb4f-a5c5-464b-bdfb-246d8a56d073:192.168.46.41:38763], old=null, confs=<EMPTY_MAP>
2019-06-13 19:28:02,401 INFO  server.RaftServerConfigKeys (ConfUtils.java:logGet(43)) - raft.server.storage.dir = [/opt/src/hadoop-ozone/integration-test/target/test-dir/MiniOzoneClusterImpl-2d566019-9dca-431a-9fd8-c89de31af412/datanode-1/data/ratis] (custom)
2019-06-13 19:28:02,401 INFO  storage.RaftStorageDirectory (RaftStorageDirectory.java:analyzeStorage(246)) - The storage directory /opt/src/hadoop-ozone/integration-test/target/test-dir/MiniOzoneClusterImpl-2d566019-9dca-431a-9fd8-c89de31af412/datanode-1/data/ratis/0a07d799-dd7e-4c97-85fa-c2fe3ca5827f does not exist. Creating ...
2019-06-13 19:28:02,403 INFO  storage.RaftStorageDirectory (RaftStorageDirectory.java:tryLock(328)) - Lock on /opt/src/hadoop-ozone/integration-test/target/test-dir/MiniOzoneClusterImpl-2d566019-9dca-431a-9fd8-c89de31af412/datanode-1/data/ratis/0a07d799-dd7e-4c97-85fa-c2fe3ca5827f/in_use.lock acquired by nodename 10101@ozone-ld922-666477418
2019-06-13 19:28:02,405 INFO  storage.RaftStorage (RaftStorage.java:format(75)) - Storage directory /opt/src/hadoop-ozone/integration-test/target/test-dir/MiniOzoneClusterImpl-2d566019-9dca-431a-9fd8-c89de31af412/datanode-1/data/ratis/0a07d799-dd7e-4c97-85fa-c2fe3ca5827f has been successfully formatted.
2019-06-13 19:28:02,406 INFO  ratis.ContainerStateMachine (ContainerStateMachine.java:loadSnapshot(199)) - The snapshot info is null.Setting the last applied index to:(t:0, i:~)
2019-06-13 19:28:02,406 INFO  server.RaftServerConfigKeys (ConfUtils.java:logGet(43)) - raft.server.leader.election.timeout = 120s (custom)
2019-06-13 19:28:02,406 INFO  server.RaftServerConfigKeys (ConfUtils.java:logGet(43)) - raft.server.log.use.memory = false (default)
2019-06-13 19:28:02,406 INFO  server.RaftServerConfigKeys (ConfUtils.java:logGet(43)) - raft.server.log.appender.buffer.byte-limit = 33554432 (custom)
2019-06-13 19:28:02,406 INFO  server.RaftServerConfigKeys (ConfUtils.java:logGet(43)) - raft.server.log.segment.size.max = 16384 (custom)
2019-06-13 19:28:02,406 INFO  server.RaftServerConfigKeys (ConfUtils.java:logGet(43)) - raft.server.log.segment.cache.num.max = 2 (custom)
2019-06-13 19:28:02,406 INFO  storage.RaftLogWorker (RaftLogWorker.java:<init>(123)) - new d2a8fb4f-a5c5-464b-bdfb-246d8a56d073-RaftLogWorker for Storage Directory /opt/src/hadoop-ozone/integration-test/target/test-dir/MiniOzoneClusterImpl-2d566019-9dca-431a-9fd8-c89de31af412/datanode-1/data/ratis/0a07d799-dd7e-4c97-85fa-c2fe3ca5827f
2019-06-13 19:28:02,406 INFO  server.RaftServerConfigKeys (ConfUtils.java:logGet(43)) - raft.server.log.queue.byte-limit = 2147483647 (custom)
2019-06-13 19:28:02,406 INFO  server.RaftServerConfigKeys (ConfUtils.java:logGet(43)) - raft.server.log.queue.element-limit = 1024 (custom)
2019-06-13 19:28:02,406 INFO  server.RaftServerConfigKeys (ConfUtils.java:logGet(43)) - raft.server.log.segment.size.max = 16384 (custom)
2019-06-13 19:28:02,406 INFO  server.RaftServerConfigKeys (ConfUtils.java:logGet(43)) - raft.server.log.preallocated.size = 16384 (custom)
2019-06-13 19:28:02,406 INFO  server.RaftServerConfigKeys (ConfUtils.java:logGet(43)) - raft.server.log.write.buffer.size = 33554432 (custom)
2019-06-13 19:28:02,406 INFO  server.RaftServerConfigKeys (ConfUtils.java:logGet(43)) - raft.server.log.force.sync.num = 128 (default)
2019-06-13 19:28:02,406 INFO  server.RaftServerConfigKeys (ConfUtils.java:logGet(43)) - raft.server.log.statemachine.data.sync = true (default)
2019-06-13 19:28:02,407 INFO  server.RaftServerConfigKeys (ConfUtils.java:logGet(43)) - raft.server.log.statemachine.data.sync.timeout = 10s (default)
2019-06-13 19:28:02,407 INFO  server.RaftServerConfigKeys (ConfUtils.java:logGet(43)) - raft.server.log.statemachine.data.sync.timeout.retry = -1 (default)
2019-06-13 19:28:02,407 INFO  server.RaftServerConfigKeys (ConfUtils.java:logGet(43)) - raft.server.log.statemachine.data.caching.enabled = true (custom)
2019-06-13 19:28:02,407 INFO  server.RaftServerConfigKeys (ConfUtils.java:logGet(43)) - raft.server.snapshot.auto.trigger.enabled = true (custom)
2019-06-13 19:28:02,407 INFO  server.RaftServerConfigKeys (ConfUtils.java:logGet(43)) - raft.server.snapshot.auto.trigger.threshold = 10000 (custom)
2019-06-13 19:28:02,407 INFO  server.RaftServerConfigKeys (ConfUtils.java:logGet(43)) - raft.server.retrycache.expirytime = 600000ms (custom)
2019-06-13 19:28:02,407 INFO  impl.RaftServerImpl (RaftServerImpl.java:start(173)) - d2a8fb4f-a5c5-464b-bdfb-246d8a56d073: start group-C2FE3CA5827F
2019-06-13 19:28:02,407 INFO  impl.RaftServerImpl (RaftServerImpl.java:setRole(164)) - d2a8fb4f-a5c5-464b-bdfb-246d8a56d073:group-C2FE3CA5827F changes role from null to FOLLOWER at term 0 for startAsFollower
2019-06-13 19:28:02,407 INFO  impl.RoleInfo (RoleInfo.java:updateAndGet(143)) - d2a8fb4f-a5c5-464b-bdfb-246d8a56d073: start FollowerState
2019-06-13 19:28:02,408 INFO  util.JmxRegister (JmxRegister.java:tryRegister(44)) - Successfully registered JMX Bean with object name Ratis:service=RaftServer,group=group-C2FE3CA5827F,id=d2a8fb4f-a5c5-464b-bdfb-246d8a56d073
2019-06-13 19:28:02,409 INFO  pipeline.PipelineStateManager (PipelineStateManager.java:addPipeline(56)) - Created pipeline Pipeline[ Id: 0a07d799-dd7e-4c97-85fa-c2fe3ca5827f, Nodes: d2a8fb4f-a5c5-464b-bdfb-246d8a56d073{ip: 192.168.46.41, host: ozone-ld922-666477418, networkLocation: /default-rack, certSerialId: null}, Type:RATIS, Factor:ONE, State:OPEN]
2019-06-13 19:28:02,563 INFO  node.SCMNodeManager (SCMNodeManager.java:register(234)) - Registered Data node : 969de2d3-37f1-4cc6-a93a-4fa259d4d74d{ip: 192.168.46.41, host: ozone-ld922-666477418, networkLocation: /default-rack, certSerialId: null}
2019-06-13 19:28:02,569 INFO  impl.RaftServerProxy (RaftServerProxy.java:addNew(89)) - 969de2d3-37f1-4cc6-a93a-4fa259d4d74d: addNew group-59B61C5ED712:[969de2d3-37f1-4cc6-a93a-4fa259d4d74d:192.168.46.41:43887] returns group-59B61C5ED712:java.util.concurrent.CompletableFuture@4c804804[Not completed]
2019-06-13 19:28:02,570 INFO  impl.RaftServerImpl (RaftServerImpl.java:<init>(91)) - 969de2d3-37f1-4cc6-a93a-4fa259d4d74d: new RaftServerImpl for group-59B61C5ED712:[969de2d3-37f1-4cc6-a93a-4fa259d4d74d:192.168.46.41:43887] with ContainerStateMachine:uninitialized
2019-06-13 19:28:02,570 INFO  server.RaftServerConfigKeys (ConfUtils.java:logGet(43)) - raft.server.rpc.timeout.min = 1s (custom)
2019-06-13 19:28:02,570 INFO  server.RaftServerConfigKeys (ConfUtils.java:logGet(43)) - raft.server.rpc.timeout.max = 1200ms (custom)
2019-06-13 19:28:02,570 INFO  server.RaftServerConfigKeys (ConfUtils.java:logGet(43)) - raft.server.rpcslowness.timeout = 120s (custom)
2019-06-13 19:28:02,570 INFO  server.RaftServerConfigKeys (ConfUtils.java:logGet(43)) - raft.server.log.appender.install.snapshot.enabled = true (default)
2019-06-13 19:28:02,570 INFO  impl.RaftServerImpl (ServerState.java:<init>(101)) - 969de2d3-37f1-4cc6-a93a-4fa259d4d74d:group-59B61C5ED712 ConfigurationManager, init=-1: [969de2d3-37f1-4cc6-a93a-4fa259d4d74d:192.168.46.41:43887], old=null, confs=<EMPTY_MAP>
2019-06-13 19:28:02,570 INFO  server.RaftServerConfigKeys (ConfUtils.java:logGet(43)) - raft.server.storage.dir = [/opt/src/hadoop-ozone/integration-test/target/test-dir/MiniOzoneClusterImpl-2d566019-9dca-431a-9fd8-c89de31af412/datanode-2/data/ratis] (custom)
2019-06-13 19:28:02,571 INFO  storage.RaftStorageDirectory (RaftStorageDirectory.java:analyzeStorage(246)) - The storage directory /opt/src/hadoop-ozone/integration-test/target/test-dir/MiniOzoneClusterImpl-2d566019-9dca-431a-9fd8-c89de31af412/datanode-2/data/ratis/09104e3a-2367-4786-9dd5-59b61c5ed712 does not exist. Creating ...
2019-06-13 19:28:02,573 INFO  storage.RaftStorageDirectory (RaftStorageDirectory.java:tryLock(328)) - Lock on /opt/src/hadoop-ozone/integration-test/target/test-dir/MiniOzoneClusterImpl-2d566019-9dca-431a-9fd8-c89de31af412/datanode-2/data/ratis/09104e3a-2367-4786-9dd5-59b61c5ed712/in_use.lock acquired by nodename 10101@ozone-ld922-666477418
2019-06-13 19:28:02,575 INFO  storage.RaftStorage (RaftStorage.java:format(75)) - Storage directory /opt/src/hadoop-ozone/integration-test/target/test-dir/MiniOzoneClusterImpl-2d566019-9dca-431a-9fd8-c89de31af412/datanode-2/data/ratis/09104e3a-2367-4786-9dd5-59b61c5ed712 has been successfully formatted.
2019-06-13 19:28:02,575 INFO  ratis.ContainerStateMachine (ContainerStateMachine.java:loadSnapshot(199)) - The snapshot info is null.Setting the last applied index to:(t:0, i:~)
2019-06-13 19:28:02,575 INFO  server.RaftServerConfigKeys (ConfUtils.java:logGet(43)) - raft.server.leader.election.timeout = 120s (custom)
2019-06-13 19:28:02,575 INFO  server.RaftServerConfigKeys (ConfUtils.java:logGet(43)) - raft.server.log.use.memory = false (default)
2019-06-13 19:28:02,576 INFO  server.RaftServerConfigKeys (ConfUtils.java:logGet(43)) - raft.server.log.appender.buffer.byte-limit = 33554432 (custom)
2019-06-13 19:28:02,576 INFO  server.RaftServerConfigKeys (ConfUtils.java:logGet(43)) - raft.server.log.segment.size.max = 16384 (custom)
2019-06-13 19:28:02,576 INFO  server.RaftServerConfigKeys (ConfUtils.java:logGet(43)) - raft.server.log.segment.cache.num.max = 2 (custom)
2019-06-13 19:28:02,576 INFO  storage.RaftLogWorker (RaftLogWorker.java:<init>(123)) - new 969de2d3-37f1-4cc6-a93a-4fa259d4d74d-RaftLogWorker for Storage Directory /opt/src/hadoop-ozone/integration-test/target/test-dir/MiniOzoneClusterImpl-2d566019-9dca-431a-9fd8-c89de31af412/datanode-2/data/ratis/09104e3a-2367-4786-9dd5-59b61c5ed712
2019-06-13 19:28:02,576 INFO  server.RaftServerConfigKeys (ConfUtils.java:logGet(43)) - raft.server.log.queue.byte-limit = 2147483647 (custom)
2019-06-13 19:28:02,576 INFO  server.RaftServerConfigKeys (ConfUtils.java:logGet(43)) - raft.server.log.queue.element-limit = 1024 (custom)
2019-06-13 19:28:02,576 INFO  server.RaftServerConfigKeys (ConfUtils.java:logGet(43)) - raft.server.log.segment.size.max = 16384 (custom)
2019-06-13 19:28:02,576 INFO  server.RaftServerConfigKeys (ConfUtils.java:logGet(43)) - raft.server.log.preallocated.size = 16384 (custom)
2019-06-13 19:28:02,576 INFO  server.RaftServerConfigKeys (ConfUtils.java:logGet(43)) - raft.server.log.write.buffer.size = 33554432 (custom)
2019-06-13 19:28:02,576 INFO  server.RaftServerConfigKeys (ConfUtils.java:logGet(43)) - raft.server.log.force.sync.num = 128 (default)
2019-06-13 19:28:02,576 INFO  server.RaftServerConfigKeys (ConfUtils.java:logGet(43)) - raft.server.log.statemachine.data.sync = true (default)
2019-06-13 19:28:02,576 INFO  server.RaftServerConfigKeys (ConfUtils.java:logGet(43)) - raft.server.log.statemachine.data.sync.timeout = 10s (default)
2019-06-13 19:28:02,576 INFO  server.RaftServerConfigKeys (ConfUtils.java:logGet(43)) - raft.server.log.statemachine.data.sync.timeout.retry = -1 (default)
2019-06-13 19:28:02,576 INFO  server.RaftServerConfigKeys (ConfUtils.java:logGet(43)) - raft.server.log.statemachine.data.caching.enabled = true (custom)
2019-06-13 19:28:02,577 INFO  server.RaftServerConfigKeys (ConfUtils.java:logGet(43)) - raft.server.snapshot.auto.trigger.enabled = true (custom)
2019-06-13 19:28:02,577 INFO  server.RaftServerConfigKeys (ConfUtils.java:logGet(43)) - raft.server.snapshot.auto.trigger.threshold = 10000 (custom)
2019-06-13 19:28:02,577 INFO  server.RaftServerConfigKeys (ConfUtils.java:logGet(43)) - raft.server.retrycache.expirytime = 600000ms (custom)
2019-06-13 19:28:02,577 INFO  impl.RaftServerImpl (RaftServerImpl.java:start(173)) - 969de2d3-37f1-4cc6-a93a-4fa259d4d74d: start group-59B61C5ED712
2019-06-13 19:28:02,577 INFO  impl.RaftServerImpl (RaftServerImpl.java:setRole(164)) - 969de2d3-37f1-4cc6-a93a-4fa259d4d74d:group-59B61C5ED712 changes role from null to FOLLOWER at term 0 for startAsFollower
2019-06-13 19:28:02,577 INFO  impl.RoleInfo (RoleInfo.java:updateAndGet(143)) - 969de2d3-37f1-4cc6-a93a-4fa259d4d74d: start FollowerState
2019-06-13 19:28:02,578 INFO  util.JmxRegister (JmxRegister.java:tryRegister(44)) - Successfully registered JMX Bean with object name Ratis:service=RaftServer,group=group-59B61C5ED712,id=969de2d3-37f1-4cc6-a93a-4fa259d4d74d
2019-06-13 19:28:02,579 INFO  pipeline.PipelineStateManager (PipelineStateManager.java:addPipeline(56)) - Created pipeline Pipeline[ Id: 09104e3a-2367-4786-9dd5-59b61c5ed712, Nodes: 969de2d3-37f1-4cc6-a93a-4fa259d4d74d{ip: 192.168.46.41, host: ozone-ld922-666477418, networkLocation: /default-rack, certSerialId: null}, Type:RATIS, Factor:ONE, State:OPEN]
2019-06-13 19:28:02,592 INFO  impl.RaftServerProxy (RaftServerProxy.java:addNew(89)) - d2a8fb4f-a5c5-464b-bdfb-246d8a56d073: addNew group-6A49F4A4707F:[969de2d3-37f1-4cc6-a93a-4fa259d4d74d:192.168.46.41:43887, d2a8fb4f-a5c5-464b-bdfb-246d8a56d073:192.168.46.41:38763, 2a59d514-8ae8-4317-9248-497315392245:192.168.46.41:43317] returns group-6A49F4A4707F:java.util.concurrent.CompletableFuture@b9f1759[Not completed]
2019-06-13 19:28:02,592 INFO  impl.RaftServerImpl (RaftServerImpl.java:<init>(91)) - d2a8fb4f-a5c5-464b-bdfb-246d8a56d073: new RaftServerImpl for group-6A49F4A4707F:[969de2d3-37f1-4cc6-a93a-4fa259d4d74d:192.168.46.41:43887, d2a8fb4f-a5c5-464b-bdfb-246d8a56d073:192.168.46.41:38763, 2a59d514-8ae8-4317-9248-497315392245:192.168.46.41:43317] with ContainerStateMachine:uninitialized
2019-06-13 19:28:02,592 INFO  server.RaftServerConfigKeys (ConfUtils.java:logGet(43)) - raft.server.rpc.timeout.min = 1s (custom)
2019-06-13 19:28:02,592 INFO  server.RaftServerConfigKeys (ConfUtils.java:logGet(43)) - raft.server.rpc.timeout.max = 1200ms (custom)
2019-06-13 19:28:02,593 INFO  server.RaftServerConfigKeys (ConfUtils.java:logGet(43)) - raft.server.rpcslowness.timeout = 120s (custom)
2019-06-13 19:28:02,593 INFO  server.RaftServerConfigKeys (ConfUtils.java:logGet(43)) - raft.server.log.appender.install.snapshot.enabled = true (default)
2019-06-13 19:28:02,593 INFO  impl.RaftServerImpl (ServerState.java:<init>(101)) - d2a8fb4f-a5c5-464b-bdfb-246d8a56d073:group-6A49F4A4707F ConfigurationManager, init=-1: [969de2d3-37f1-4cc6-a93a-4fa259d4d74d:192.168.46.41:43887, d2a8fb4f-a5c5-464b-bdfb-246d8a56d073:192.168.46.41:38763, 2a59d514-8ae8-4317-9248-497315392245:192.168.46.41:43317], old=null, confs=<EMPTY_MAP>
2019-06-13 19:28:02,593 INFO  server.RaftServerConfigKeys (ConfUtils.java:logGet(43)) - raft.server.storage.dir = [/opt/src/hadoop-ozone/integration-test/target/test-dir/MiniOzoneClusterImpl-2d566019-9dca-431a-9fd8-c89de31af412/datanode-1/data/ratis] (custom)
2019-06-13 19:28:02,593 INFO  storage.RaftStorageDirectory (RaftStorageDirectory.java:analyzeStorage(246)) - The storage directory /opt/src/hadoop-ozone/integration-test/target/test-dir/MiniOzoneClusterImpl-2d566019-9dca-431a-9fd8-c89de31af412/datanode-1/data/ratis/dd4b66b9-ee13-499c-aec3-6a49f4a4707f does not exist. Creating ...
2019-06-13 19:28:02,595 INFO  impl.RaftServerProxy (RaftServerProxy.java:addNew(89)) - 969de2d3-37f1-4cc6-a93a-4fa259d4d74d: addNew group-6A49F4A4707F:[969de2d3-37f1-4cc6-a93a-4fa259d4d74d:192.168.46.41:43887, d2a8fb4f-a5c5-464b-bdfb-246d8a56d073:192.168.46.41:38763, 2a59d514-8ae8-4317-9248-497315392245:192.168.46.41:43317] returns group-6A49F4A4707F:java.util.concurrent.CompletableFuture@1ab9548[Not completed]
2019-06-13 19:28:02,595 INFO  impl.RaftServerImpl (RaftServerImpl.java:<init>(91)) - 969de2d3-37f1-4cc6-a93a-4fa259d4d74d: new RaftServerImpl for group-6A49F4A4707F:[969de2d3-37f1-4cc6-a93a-4fa259d4d74d:192.168.46.41:43887, d2a8fb4f-a5c5-464b-bdfb-246d8a56d073:192.168.46.41:38763, 2a59d514-8ae8-4317-9248-497315392245:192.168.46.41:43317] with ContainerStateMachine:uninitialized
2019-06-13 19:28:02,596 INFO  server.RaftServerConfigKeys (ConfUtils.java:logGet(43)) - raft.server.rpc.timeout.min = 1s (custom)
2019-06-13 19:28:02,596 INFO  server.RaftServerConfigKeys (ConfUtils.java:logGet(43)) - raft.server.rpc.timeout.max = 1200ms (custom)
2019-06-13 19:28:02,596 INFO  server.RaftServerConfigKeys (ConfUtils.java:logGet(43)) - raft.server.rpcslowness.timeout = 120s (custom)
2019-06-13 19:28:02,596 INFO  server.RaftServerConfigKeys (ConfUtils.java:logGet(43)) - raft.server.log.appender.install.snapshot.enabled = true (default)
2019-06-13 19:28:02,596 INFO  impl.RaftServerImpl (ServerState.java:<init>(101)) - 969de2d3-37f1-4cc6-a93a-4fa259d4d74d:group-6A49F4A4707F ConfigurationManager, init=-1: [969de2d3-37f1-4cc6-a93a-4fa259d4d74d:192.168.46.41:43887, d2a8fb4f-a5c5-464b-bdfb-246d8a56d073:192.168.46.41:38763, 2a59d514-8ae8-4317-9248-497315392245:192.168.46.41:43317], old=null, confs=<EMPTY_MAP>
2019-06-13 19:28:02,596 INFO  server.RaftServerConfigKeys (ConfUtils.java:logGet(43)) - raft.server.storage.dir = [/opt/src/hadoop-ozone/integration-test/target/test-dir/MiniOzoneClusterImpl-2d566019-9dca-431a-9fd8-c89de31af412/datanode-2/data/ratis] (custom)
2019-06-13 19:28:02,596 INFO  storage.RaftStorageDirectory (RaftStorageDirectory.java:analyzeStorage(246)) - The storage directory /opt/src/hadoop-ozone/integration-test/target/test-dir/MiniOzoneClusterImpl-2d566019-9dca-431a-9fd8-c89de31af412/datanode-2/data/ratis/dd4b66b9-ee13-499c-aec3-6a49f4a4707f does not exist. Creating ...
2019-06-13 19:28:02,600 INFO  impl.RaftServerProxy (RaftServerProxy.java:addNew(89)) - 2a59d514-8ae8-4317-9248-497315392245: addNew group-6A49F4A4707F:[969de2d3-37f1-4cc6-a93a-4fa259d4d74d:192.168.46.41:43887, d2a8fb4f-a5c5-464b-bdfb-246d8a56d073:192.168.46.41:38763, 2a59d514-8ae8-4317-9248-497315392245:192.168.46.41:43317] returns group-6A49F4A4707F:java.util.concurrent.CompletableFuture@41596524[Not completed]
2019-06-13 19:28:02,600 INFO  impl.RaftServerImpl (RaftServerImpl.java:<init>(91)) - 2a59d514-8ae8-4317-9248-497315392245: new RaftServerImpl for group-6A49F4A4707F:[969de2d3-37f1-4cc6-a93a-4fa259d4d74d:192.168.46.41:43887, d2a8fb4f-a5c5-464b-bdfb-246d8a56d073:192.168.46.41:38763, 2a59d514-8ae8-4317-9248-497315392245:192.168.46.41:43317] with ContainerStateMachine:uninitialized
2019-06-13 19:28:02,601 INFO  server.RaftServerConfigKeys (ConfUtils.java:logGet(43)) - raft.server.rpc.timeout.min = 1s (custom)
2019-06-13 19:28:02,601 INFO  server.RaftServerConfigKeys (ConfUtils.java:logGet(43)) - raft.server.rpc.timeout.max = 1200ms (custom)
2019-06-13 19:28:02,601 INFO  storage.RaftStorageDirectory (RaftStorageDirectory.java:tryLock(328)) - Lock on /opt/src/hadoop-ozone/integration-test/target/test-dir/MiniOzoneClusterImpl-2d566019-9dca-431a-9fd8-c89de31af412/datanode-1/data/ratis/dd4b66b9-ee13-499c-aec3-6a49f4a4707f/in_use.lock acquired by nodename 10101@ozone-ld922-666477418
2019-06-13 19:28:02,601 INFO  server.RaftServerConfigKeys (ConfUtils.java:logGet(43)) - raft.server.rpcslowness.timeout = 120s (custom)
2019-06-13 19:28:02,601 INFO  server.RaftServerConfigKeys (ConfUtils.java:logGet(43)) - raft.server.log.appender.install.snapshot.enabled = true (default)
2019-06-13 19:28:02,601 INFO  impl.RaftServerImpl (ServerState.java:<init>(101)) - 2a59d514-8ae8-4317-9248-497315392245:group-6A49F4A4707F ConfigurationManager, init=-1: [969de2d3-37f1-4cc6-a93a-4fa259d4d74d:192.168.46.41:43887, d2a8fb4f-a5c5-464b-bdfb-246d8a56d073:192.168.46.41:38763, 2a59d514-8ae8-4317-9248-497315392245:192.168.46.41:43317], old=null, confs=<EMPTY_MAP>
2019-06-13 19:28:02,601 INFO  server.RaftServerConfigKeys (ConfUtils.java:logGet(43)) - raft.server.storage.dir = [/opt/src/hadoop-ozone/integration-test/target/test-dir/MiniOzoneClusterImpl-2d566019-9dca-431a-9fd8-c89de31af412/datanode-0/data/ratis] (custom)
2019-06-13 19:28:02,601 INFO  storage.RaftStorageDirectory (RaftStorageDirectory.java:analyzeStorage(246)) - The storage directory /opt/src/hadoop-ozone/integration-test/target/test-dir/MiniOzoneClusterImpl-2d566019-9dca-431a-9fd8-c89de31af412/datanode-0/data/ratis/dd4b66b9-ee13-499c-aec3-6a49f4a4707f does not exist. Creating ...
2019-06-13 19:28:02,603 INFO  storage.RaftStorageDirectory (RaftStorageDirectory.java:tryLock(328)) - Lock on /opt/src/hadoop-ozone/integration-test/target/test-dir/MiniOzoneClusterImpl-2d566019-9dca-431a-9fd8-c89de31af412/datanode-0/data/ratis/dd4b66b9-ee13-499c-aec3-6a49f4a4707f/in_use.lock acquired by nodename 10101@ozone-ld922-666477418
2019-06-13 19:28:02,603 INFO  storage.RaftStorage (RaftStorage.java:format(75)) - Storage directory /opt/src/hadoop-ozone/integration-test/target/test-dir/MiniOzoneClusterImpl-2d566019-9dca-431a-9fd8-c89de31af412/datanode-1/data/ratis/dd4b66b9-ee13-499c-aec3-6a49f4a4707f has been successfully formatted.
2019-06-13 19:28:02,603 INFO  ratis.ContainerStateMachine (ContainerStateMachine.java:loadSnapshot(199)) - The snapshot info is null.Setting the last applied index to:(t:0, i:~)
2019-06-13 19:28:02,604 INFO  server.RaftServerConfigKeys (ConfUtils.java:logGet(43)) - raft.server.leader.election.timeout = 120s (custom)
2019-06-13 19:28:02,604 INFO  server.RaftServerConfigKeys (ConfUtils.java:logGet(43)) - raft.server.log.use.memory = false (default)
2019-06-13 19:28:02,604 INFO  server.RaftServerConfigKeys (ConfUtils.java:logGet(43)) - raft.server.log.appender.buffer.byte-limit = 33554432 (custom)
2019-06-13 19:28:02,604 INFO  server.RaftServerConfigKeys (ConfUtils.java:logGet(43)) - raft.server.log.segment.size.max = 16384 (custom)
2019-06-13 19:28:02,604 INFO  server.RaftServerConfigKeys (ConfUtils.java:logGet(43)) - raft.server.log.segment.cache.num.max = 2 (custom)
2019-06-13 19:28:02,604 INFO  storage.RaftLogWorker (RaftLogWorker.java:<init>(123)) - new d2a8fb4f-a5c5-464b-bdfb-246d8a56d073-RaftLogWorker for Storage Directory /opt/src/hadoop-ozone/integration-test/target/test-dir/MiniOzoneClusterImpl-2d566019-9dca-431a-9fd8-c89de31af412/datanode-1/data/ratis/dd4b66b9-ee13-499c-aec3-6a49f4a4707f
2019-06-13 19:28:02,604 INFO  server.RaftServerConfigKeys (ConfUtils.java:logGet(43)) - raft.server.log.queue.byte-limit = 2147483647 (custom)
2019-06-13 19:28:02,604 INFO  server.RaftServerConfigKeys (ConfUtils.java:logGet(43)) - raft.server.log.queue.element-limit = 1024 (custom)
2019-06-13 19:28:02,604 INFO  server.RaftServerConfigKeys (ConfUtils.java:logGet(43)) - raft.server.log.segment.size.max = 16384 (custom)
2019-06-13 19:28:02,604 INFO  server.RaftServerConfigKeys (ConfUtils.java:logGet(43)) - raft.server.log.preallocated.size = 16384 (custom)
2019-06-13 19:28:02,604 INFO  server.RaftServerConfigKeys (ConfUtils.java:logGet(43)) - raft.server.log.write.buffer.size = 33554432 (custom)
2019-06-13 19:28:02,605 INFO  server.RaftServerConfigKeys (ConfUtils.java:logGet(43)) - raft.server.log.force.sync.num = 128 (default)
2019-06-13 19:28:02,605 INFO  server.RaftServerConfigKeys (ConfUtils.java:logGet(43)) - raft.server.log.statemachine.data.sync = true (default)
2019-06-13 19:28:02,605 INFO  server.RaftServerConfigKeys (ConfUtils.java:logGet(43)) - raft.server.log.statemachine.data.sync.timeout = 10s (default)
2019-06-13 19:28:02,605 INFO  server.RaftServerConfigKeys (ConfUtils.java:logGet(43)) - raft.server.log.statemachine.data.sync.timeout.retry = -1 (default)
2019-06-13 19:28:02,605 INFO  server.RaftServerConfigKeys (ConfUtils.java:logGet(43)) - raft.server.log.statemachine.data.caching.enabled = true (custom)
2019-06-13 19:28:02,605 INFO  storage.RaftStorage (RaftStorage.java:format(75)) - Storage directory /opt/src/hadoop-ozone/integration-test/target/test-dir/MiniOzoneClusterImpl-2d566019-9dca-431a-9fd8-c89de31af412/datanode-0/data/ratis/dd4b66b9-ee13-499c-aec3-6a49f4a4707f has been successfully formatted.
2019-06-13 19:28:02,605 INFO  ratis.ContainerStateMachine (ContainerStateMachine.java:loadSnapshot(199)) - The snapshot info is null.Setting the last applied index to:(t:0, i:~)
2019-06-13 19:28:02,606 INFO  server.RaftServerConfigKeys (ConfUtils.java:logGet(43)) - raft.server.leader.election.timeout = 120s (custom)
2019-06-13 19:28:02,606 INFO  server.RaftServerConfigKeys (ConfUtils.java:logGet(43)) - raft.server.log.use.memory = false (default)
2019-06-13 19:28:02,606 INFO  server.RaftServerConfigKeys (ConfUtils.java:logGet(43)) - raft.server.log.appender.buffer.byte-limit = 33554432 (custom)
2019-06-13 19:28:02,606 INFO  server.RaftServerConfigKeys (ConfUtils.java:logGet(43)) - raft.server.log.segment.size.max = 16384 (custom)
2019-06-13 19:28:02,606 INFO  server.RaftServerConfigKeys (ConfUtils.java:logGet(43)) - raft.server.log.segment.cache.num.max = 2 (custom)
2019-06-13 19:28:02,606 INFO  storage.RaftLogWorker (RaftLogWorker.java:<init>(123)) - new 2a59d514-8ae8-4317-9248-497315392245-RaftLogWorker for Storage Directory /opt/src/hadoop-ozone/integration-test/target/test-dir/MiniOzoneClusterImpl-2d566019-9dca-431a-9fd8-c89de31af412/datanode-0/data/ratis/dd4b66b9-ee13-499c-aec3-6a49f4a4707f
2019-06-13 19:28:02,606 INFO  server.RaftServerConfigKeys (ConfUtils.java:logGet(43)) - raft.server.log.queue.byte-limit = 2147483647 (custom)
2019-06-13 19:28:02,607 INFO  server.RaftServerConfigKeys (ConfUtils.java:logGet(43)) - raft.server.log.queue.element-limit = 1024 (custom)
2019-06-13 19:28:02,607 INFO  server.RaftServerConfigKeys (ConfUtils.java:logGet(43)) - raft.server.log.segment.size.max = 16384 (custom)
2019-06-13 19:28:02,607 INFO  server.RaftServerConfigKeys (ConfUtils.java:logGet(43)) - raft.server.log.preallocated.size = 16384 (custom)
2019-06-13 19:28:02,607 INFO  server.RaftServerConfigKeys (ConfUtils.java:logGet(43)) - raft.server.log.write.buffer.size = 33554432 (custom)
2019-06-13 19:28:02,607 INFO  server.RaftServerConfigKeys (ConfUtils.java:logGet(43)) - raft.server.log.force.sync.num = 128 (default)
2019-06-13 19:28:02,608 INFO  server.RaftServerConfigKeys (ConfUtils.java:logGet(43)) - raft.server.log.statemachine.data.sync = true (default)
2019-06-13 19:28:02,608 INFO  server.RaftServerConfigKeys (ConfUtils.java:logGet(43)) - raft.server.log.statemachine.data.sync.timeout = 10s (default)
2019-06-13 19:28:02,608 INFO  server.RaftServerConfigKeys (ConfUtils.java:logGet(43)) - raft.server.snapshot.auto.trigger.enabled = true (custom)
2019-06-13 19:28:02,608 INFO  server.RaftServerConfigKeys (ConfUtils.java:logGet(43)) - raft.server.snapshot.auto.trigger.threshold = 10000 (custom)
2019-06-13 19:28:02,608 INFO  server.RaftServerConfigKeys (ConfUtils.java:logGet(43)) - raft.server.log.statemachine.data.sync.timeout.retry = -1 (default)
2019-06-13 19:28:02,609 INFO  server.RaftServerConfigKeys (ConfUtils.java:logGet(43)) - raft.server.log.statemachine.data.caching.enabled = true (custom)
2019-06-13 19:28:02,609 INFO  server.RaftServerConfigKeys (ConfUtils.java:logGet(43)) - raft.server.retrycache.expirytime = 600000ms (custom)
2019-06-13 19:28:02,610 INFO  impl.RaftServerImpl (RaftServerImpl.java:start(173)) - d2a8fb4f-a5c5-464b-bdfb-246d8a56d073: start group-6A49F4A4707F
2019-06-13 19:28:02,610 INFO  impl.RaftServerImpl (RaftServerImpl.java:setRole(164)) - d2a8fb4f-a5c5-464b-bdfb-246d8a56d073:group-6A49F4A4707F changes role from null to FOLLOWER at term 0 for startAsFollower
2019-06-13 19:28:02,610 INFO  impl.RoleInfo (RoleInfo.java:updateAndGet(143)) - d2a8fb4f-a5c5-464b-bdfb-246d8a56d073: start FollowerState
2019-06-13 19:28:02,609 INFO  server.RaftServerConfigKeys (ConfUtils.java:logGet(43)) - raft.server.snapshot.auto.trigger.enabled = true (custom)
2019-06-13 19:28:02,610 INFO  storage.RaftStorageDirectory (RaftStorageDirectory.java:tryLock(328)) - Lock on /opt/src/hadoop-ozone/integration-test/target/test-dir/MiniOzoneClusterImpl-2d566019-9dca-431a-9fd8-c89de31af412/datanode-2/data/ratis/dd4b66b9-ee13-499c-aec3-6a49f4a4707f/in_use.lock acquired by nodename 10101@ozone-ld922-666477418
2019-06-13 19:28:02,610 INFO  util.JmxRegister (JmxRegister.java:tryRegister(44)) - Successfully registered JMX Bean with object name Ratis:service=RaftServer,group=group-6A49F4A4707F,id=d2a8fb4f-a5c5-464b-bdfb-246d8a56d073
2019-06-13 19:28:02,610 INFO  server.RaftServerConfigKeys (ConfUtils.java:logGet(43)) - raft.server.snapshot.auto.trigger.threshold = 10000 (custom)
2019-06-13 19:28:02,611 INFO  server.RaftServerConfigKeys (ConfUtils.java:logGet(43)) - raft.server.retrycache.expirytime = 600000ms (custom)
2019-06-13 19:28:02,611 INFO  impl.RaftServerImpl (RaftServerImpl.java:start(173)) - 2a59d514-8ae8-4317-9248-497315392245: start group-6A49F4A4707F
2019-06-13 19:28:02,611 INFO  impl.RaftServerImpl (RaftServerImpl.java:setRole(164)) - 2a59d514-8ae8-4317-9248-497315392245:group-6A49F4A4707F changes role from null to FOLLOWER at term 0 for startAsFollower
2019-06-13 19:28:02,611 INFO  impl.RoleInfo (RoleInfo.java:updateAndGet(143)) - 2a59d514-8ae8-4317-9248-497315392245: start FollowerState
2019-06-13 19:28:02,611 INFO  util.JmxRegister (JmxRegister.java:tryRegister(44)) - Successfully registered JMX Bean with object name Ratis:service=RaftServer,group=group-6A49F4A4707F,id=2a59d514-8ae8-4317-9248-497315392245
2019-06-13 19:28:02,613 INFO  storage.RaftStorage (RaftStorage.java:format(75)) - Storage directory /opt/src/hadoop-ozone/integration-test/target/test-dir/MiniOzoneClusterImpl-2d566019-9dca-431a-9fd8-c89de31af412/datanode-2/data/ratis/dd4b66b9-ee13-499c-aec3-6a49f4a4707f has been successfully formatted.
2019-06-13 19:28:02,613 INFO  ratis.ContainerStateMachine (ContainerStateMachine.java:loadSnapshot(199)) - The snapshot info is null.Setting the last applied index to:(t:0, i:~)
2019-06-13 19:28:02,613 INFO  server.RaftServerConfigKeys (ConfUtils.java:logGet(43)) - raft.server.leader.election.timeout = 120s (custom)
2019-06-13 19:28:02,614 INFO  server.RaftServerConfigKeys (ConfUtils.java:logGet(43)) - raft.server.log.use.memory = false (default)
2019-06-13 19:28:02,614 INFO  server.RaftServerConfigKeys (ConfUtils.java:logGet(43)) - raft.server.log.appender.buffer.byte-limit = 33554432 (custom)
2019-06-13 19:28:02,614 INFO  server.RaftServerConfigKeys (ConfUtils.java:logGet(43)) - raft.server.log.segment.size.max = 16384 (custom)
2019-06-13 19:28:02,614 INFO  server.RaftServerConfigKeys (ConfUtils.java:logGet(43)) - raft.server.log.segment.cache.num.max = 2 (custom)
2019-06-13 19:28:02,614 INFO  storage.RaftLogWorker (RaftLogWorker.java:<init>(123)) - new 969de2d3-37f1-4cc6-a93a-4fa259d4d74d-RaftLogWorker for Storage Directory /opt/src/hadoop-ozone/integration-test/target/test-dir/MiniOzoneClusterImpl-2d566019-9dca-431a-9fd8-c89de31af412/datanode-2/data/ratis/dd4b66b9-ee13-499c-aec3-6a49f4a4707f
2019-06-13 19:28:02,614 INFO  server.RaftServerConfigKeys (ConfUtils.java:logGet(43)) - raft.server.log.queue.byte-limit = 2147483647 (custom)
2019-06-13 19:28:02,614 INFO  server.RaftServerConfigKeys (ConfUtils.java:logGet(43)) - raft.server.log.queue.element-limit = 1024 (custom)
2019-06-13 19:28:02,614 INFO  server.RaftServerConfigKeys (ConfUtils.java:logGet(43)) - raft.server.log.segment.size.max = 16384 (custom)
2019-06-13 19:28:02,614 INFO  server.RaftServerConfigKeys (ConfUtils.java:logGet(43)) - raft.server.log.preallocated.size = 16384 (custom)
2019-06-13 19:28:02,614 INFO  server.RaftServerConfigKeys (ConfUtils.java:logGet(43)) - raft.server.log.write.buffer.size = 33554432 (custom)
2019-06-13 19:28:02,614 INFO  server.RaftServerConfigKeys (ConfUtils.java:logGet(43)) - raft.server.log.force.sync.num = 128 (default)
2019-06-13 19:28:02,614 INFO  server.RaftServerConfigKeys (ConfUtils.java:logGet(43)) - raft.server.log.statemachine.data.sync = true (default)
2019-06-13 19:28:02,614 INFO  server.RaftServerConfigKeys (ConfUtils.java:logGet(43)) - raft.server.log.statemachine.data.sync.timeout = 10s (default)
2019-06-13 19:28:02,614 INFO  server.RaftServerConfigKeys (ConfUtils.java:logGet(43)) - raft.server.log.statemachine.data.sync.timeout.retry = -1 (default)
2019-06-13 19:28:02,615 INFO  server.RaftServerConfigKeys (ConfUtils.java:logGet(43)) - raft.server.log.statemachine.data.caching.enabled = true (custom)
2019-06-13 19:28:02,615 INFO  server.RaftServerConfigKeys (ConfUtils.java:logGet(43)) - raft.server.snapshot.auto.trigger.enabled = true (custom)
2019-06-13 19:28:02,615 INFO  server.RaftServerConfigKeys (ConfUtils.java:logGet(43)) - raft.server.snapshot.auto.trigger.threshold = 10000 (custom)
2019-06-13 19:28:02,615 INFO  server.RaftServerConfigKeys (ConfUtils.java:logGet(43)) - raft.server.retrycache.expirytime = 600000ms (custom)
2019-06-13 19:28:02,615 INFO  impl.RaftServerImpl (RaftServerImpl.java:start(173)) - 969de2d3-37f1-4cc6-a93a-4fa259d4d74d: start group-6A49F4A4707F
2019-06-13 19:28:02,615 INFO  impl.RaftServerImpl (RaftServerImpl.java:setRole(164)) - 969de2d3-37f1-4cc6-a93a-4fa259d4d74d:group-6A49F4A4707F changes role from null to FOLLOWER at term 0 for startAsFollower
2019-06-13 19:28:02,615 INFO  impl.RoleInfo (RoleInfo.java:updateAndGet(143)) - 969de2d3-37f1-4cc6-a93a-4fa259d4d74d: start FollowerState
2019-06-13 19:28:02,616 INFO  util.JmxRegister (JmxRegister.java:tryRegister(44)) - Successfully registered JMX Bean with object name Ratis:service=RaftServer,group=group-6A49F4A4707F,id=969de2d3-37f1-4cc6-a93a-4fa259d4d74d
2019-06-13 19:28:02,620 INFO  pipeline.PipelineStateManager (PipelineStateManager.java:addPipeline(56)) - Created pipeline Pipeline[ Id: dd4b66b9-ee13-499c-aec3-6a49f4a4707f, Nodes: 2a59d514-8ae8-4317-9248-497315392245{ip: 192.168.46.41, host: ozone-ld922-666477418, networkLocation: /default-rack, certSerialId: null}969de2d3-37f1-4cc6-a93a-4fa259d4d74d{ip: 192.168.46.41, host: ozone-ld922-666477418, networkLocation: /default-rack, certSerialId: null}d2a8fb4f-a5c5-464b-bdfb-246d8a56d073{ip: 192.168.46.41, host: ozone-ld922-666477418, networkLocation: /default-rack, certSerialId: null}, Type:RATIS, Factor:THREE, State:OPEN]
2019-06-13 19:28:02,707 INFO  node.SCMNodeManager (SCMNodeManager.java:register(234)) - Registered Data node : 60d02a94-5cce-4a56-be5d-e43810a0e79d{ip: 192.168.46.41, host: ozone-ld922-666477418, networkLocation: /default-rack, certSerialId: null}
2019-06-13 19:28:02,714 INFO  impl.RaftServerProxy (RaftServerProxy.java:addNew(89)) - 60d02a94-5cce-4a56-be5d-e43810a0e79d: addNew group-1E31D1327557:[60d02a94-5cce-4a56-be5d-e43810a0e79d:192.168.46.41:41661] returns group-1E31D1327557:java.util.concurrent.CompletableFuture@18ed2919[Not completed]
2019-06-13 19:28:02,717 INFO  impl.RaftServerImpl (RaftServerImpl.java:<init>(91)) - 60d02a94-5cce-4a56-be5d-e43810a0e79d: new RaftServerImpl for group-1E31D1327557:[60d02a94-5cce-4a56-be5d-e43810a0e79d:192.168.46.41:41661] with ContainerStateMachine:uninitialized
2019-06-13 19:28:02,717 INFO  server.RaftServerConfigKeys (ConfUtils.java:logGet(43)) - raft.server.rpc.timeout.min = 1s (custom)
2019-06-13 19:28:02,717 INFO  server.RaftServerConfigKeys (ConfUtils.java:logGet(43)) - raft.server.rpc.timeout.max = 1200ms (custom)
2019-06-13 19:28:02,717 INFO  server.RaftServerConfigKeys (ConfUtils.java:logGet(43)) - raft.server.rpcslowness.timeout = 120s (custom)
2019-06-13 19:28:02,717 INFO  server.RaftServerConfigKeys (ConfUtils.java:logGet(43)) - raft.server.log.appender.install.snapshot.enabled = true (default)
2019-06-13 19:28:02,717 INFO  impl.RaftServerImpl (ServerState.java:<init>(101)) - 60d02a94-5cce-4a56-be5d-e43810a0e79d:group-1E31D1327557 ConfigurationManager, init=-1: [60d02a94-5cce-4a56-be5d-e43810a0e79d:192.168.46.41:41661], old=null, confs=<EMPTY_MAP>
2019-06-13 19:28:02,717 INFO  server.RaftServerConfigKeys (ConfUtils.java:logGet(43)) - raft.server.storage.dir = [/opt/src/hadoop-ozone/integration-test/target/test-dir/MiniOzoneClusterImpl-2d566019-9dca-431a-9fd8-c89de31af412/datanode-3/data/ratis] (custom)
2019-06-13 19:28:02,717 INFO  storage.RaftStorageDirectory (RaftStorageDirectory.java:analyzeStorage(246)) - The storage directory /opt/src/hadoop-ozone/integration-test/target/test-dir/MiniOzoneClusterImpl-2d566019-9dca-431a-9fd8-c89de31af412/datanode-3/data/ratis/46cf7739-f897-4055-9c4e-1e31d1327557 does not exist. Creating ...
2019-06-13 19:28:02,720 INFO  storage.RaftStorageDirectory (RaftStorageDirectory.java:tryLock(328)) - Lock on /opt/src/hadoop-ozone/integration-test/target/test-dir/MiniOzoneClusterImpl-2d566019-9dca-431a-9fd8-c89de31af412/datanode-3/data/ratis/46cf7739-f897-4055-9c4e-1e31d1327557/in_use.lock acquired by nodename 10101@ozone-ld922-666477418
2019-06-13 19:28:02,722 INFO  storage.RaftStorage (RaftStorage.java:format(75)) - Storage directory /opt/src/hadoop-ozone/integration-test/target/test-dir/MiniOzoneClusterImpl-2d566019-9dca-431a-9fd8-c89de31af412/datanode-3/data/ratis/46cf7739-f897-4055-9c4e-1e31d1327557 has been successfully formatted.
2019-06-13 19:28:02,722 INFO  ratis.ContainerStateMachine (ContainerStateMachine.java:loadSnapshot(199)) - The snapshot info is null.Setting the last applied index to:(t:0, i:~)
2019-06-13 19:28:02,722 INFO  server.RaftServerConfigKeys (ConfUtils.java:logGet(43)) - raft.server.leader.election.timeout = 120s (custom)
2019-06-13 19:28:02,722 INFO  server.RaftServerConfigKeys (ConfUtils.java:logGet(43)) - raft.server.log.use.memory = false (default)
2019-06-13 19:28:02,722 INFO  server.RaftServerConfigKeys (ConfUtils.java:logGet(43)) - raft.server.log.appender.buffer.byte-limit = 33554432 (custom)
2019-06-13 19:28:02,722 INFO  server.RaftServerConfigKeys (ConfUtils.java:logGet(43)) - raft.server.log.segment.size.max = 16384 (custom)
2019-06-13 19:28:02,722 INFO  server.RaftServerConfigKeys (ConfUtils.java:logGet(43)) - raft.server.log.segment.cache.num.max = 2 (custom)
2019-06-13 19:28:02,722 INFO  storage.RaftLogWorker (RaftLogWorker.java:<init>(123)) - new 60d02a94-5cce-4a56-be5d-e43810a0e79d-RaftLogWorker for Storage Directory /opt/src/hadoop-ozone/integration-test/target/test-dir/MiniOzoneClusterImpl-2d566019-9dca-431a-9fd8-c89de31af412/datanode-3/data/ratis/46cf7739-f897-4055-9c4e-1e31d1327557
2019-06-13 19:28:02,722 INFO  server.RaftServerConfigKeys (ConfUtils.java:logGet(43)) - raft.server.log.queue.byte-limit = 2147483647 (custom)
2019-06-13 19:28:02,723 INFO  server.RaftServerConfigKeys (ConfUtils.java:logGet(43)) - raft.server.log.queue.element-limit = 1024 (custom)
2019-06-13 19:28:02,723 INFO  server.RaftServerConfigKeys (ConfUtils.java:logGet(43)) - raft.server.log.segment.size.max = 16384 (custom)
2019-06-13 19:28:02,723 INFO  server.RaftServerConfigKeys (ConfUtils.java:logGet(43)) - raft.server.log.preallocated.size = 16384 (custom)
2019-06-13 19:28:02,723 INFO  server.RaftServerConfigKeys (ConfUtils.java:logGet(43)) - raft.server.log.write.buffer.size = 33554432 (custom)
2019-06-13 19:28:02,723 INFO  server.RaftServerConfigKeys (ConfUtils.java:logGet(43)) - raft.server.log.force.sync.num = 128 (default)
2019-06-13 19:28:02,723 INFO  server.RaftServerConfigKeys (ConfUtils.java:logGet(43)) - raft.server.log.statemachine.data.sync = true (default)
2019-06-13 19:28:02,723 INFO  server.RaftServerConfigKeys (ConfUtils.java:logGet(43)) - raft.server.log.statemachine.data.sync.timeout = 10s (default)
2019-06-13 19:28:02,723 INFO  server.RaftServerConfigKeys (ConfUtils.java:logGet(43)) - raft.server.log.statemachine.data.sync.timeout.retry = -1 (default)
2019-06-13 19:28:02,723 INFO  server.RaftServerConfigKeys (ConfUtils.java:logGet(43)) - raft.server.log.statemachine.data.caching.enabled = true (custom)
2019-06-13 19:28:02,723 INFO  server.RaftServerConfigKeys (ConfUtils.java:logGet(43)) - raft.server.snapshot.auto.trigger.enabled = true (custom)
2019-06-13 19:28:02,723 INFO  server.RaftServerConfigKeys (ConfUtils.java:logGet(43)) - raft.server.snapshot.auto.trigger.threshold = 10000 (custom)
2019-06-13 19:28:02,723 INFO  server.RaftServerConfigKeys (ConfUtils.java:logGet(43)) - raft.server.retrycache.expirytime = 600000ms (custom)
2019-06-13 19:28:02,724 INFO  impl.RaftServerImpl (RaftServerImpl.java:start(173)) - 60d02a94-5cce-4a56-be5d-e43810a0e79d: start group-1E31D1327557
2019-06-13 19:28:02,724 INFO  impl.RaftServerImpl (RaftServerImpl.java:setRole(164)) - 60d02a94-5cce-4a56-be5d-e43810a0e79d:group-1E31D1327557 changes role from null to FOLLOWER at term 0 for startAsFollower
2019-06-13 19:28:02,724 INFO  impl.RoleInfo (RoleInfo.java:updateAndGet(143)) - 60d02a94-5cce-4a56-be5d-e43810a0e79d: start FollowerState
2019-06-13 19:28:02,724 INFO  util.JmxRegister (JmxRegister.java:tryRegister(44)) - Successfully registered JMX Bean with object name Ratis:service=RaftServer,group=group-1E31D1327557,id=60d02a94-5cce-4a56-be5d-e43810a0e79d
2019-06-13 19:28:02,725 INFO  pipeline.PipelineStateManager (PipelineStateManager.java:addPipeline(56)) - Created pipeline Pipeline[ Id: 46cf7739-f897-4055-9c4e-1e31d1327557, Nodes: 60d02a94-5cce-4a56-be5d-e43810a0e79d{ip: 192.168.46.41, host: ozone-ld922-666477418, networkLocation: /default-rack, certSerialId: null}, Type:RATIS, Factor:ONE, State:OPEN]
2019-06-13 19:28:02,927 INFO  node.SCMNodeManager (SCMNodeManager.java:register(234)) - Registered Data node : 51e17adc-5bd6-45a6-93b3-9e665e107d41{ip: 192.168.46.41, host: ozone-ld922-666477418, networkLocation: /default-rack, certSerialId: null}
2019-06-13 19:28:02,933 INFO  impl.RaftServerProxy (RaftServerProxy.java:addNew(89)) - 51e17adc-5bd6-45a6-93b3-9e665e107d41: addNew group-3F9129C825D7:[51e17adc-5bd6-45a6-93b3-9e665e107d41:192.168.46.41:32769] returns group-3F9129C825D7:java.util.concurrent.CompletableFuture@16236a84[Not completed]
2019-06-13 19:28:02,934 INFO  impl.RaftServerImpl (RaftServerImpl.java:<init>(91)) - 51e17adc-5bd6-45a6-93b3-9e665e107d41: new RaftServerImpl for group-3F9129C825D7:[51e17adc-5bd6-45a6-93b3-9e665e107d41:192.168.46.41:32769] with ContainerStateMachine:uninitialized
2019-06-13 19:28:02,934 INFO  server.RaftServerConfigKeys (ConfUtils.java:logGet(43)) - raft.server.rpc.timeout.min = 1s (custom)
2019-06-13 19:28:02,934 INFO  server.RaftServerConfigKeys (ConfUtils.java:logGet(43)) - raft.server.rpc.timeout.max = 1200ms (custom)
2019-06-13 19:28:02,934 INFO  server.RaftServerConfigKeys (ConfUtils.java:logGet(43)) - raft.server.rpcslowness.timeout = 120s (custom)
2019-06-13 19:28:02,934 INFO  server.RaftServerConfigKeys (ConfUtils.java:logGet(43)) - raft.server.log.appender.install.snapshot.enabled = true (default)
2019-06-13 19:28:02,934 INFO  impl.RaftServerImpl (ServerState.java:<init>(101)) - 51e17adc-5bd6-45a6-93b3-9e665e107d41:group-3F9129C825D7 ConfigurationManager, init=-1: [51e17adc-5bd6-45a6-93b3-9e665e107d41:192.168.46.41:32769], old=null, confs=<EMPTY_MAP>
2019-06-13 19:28:02,935 INFO  server.RaftServerConfigKeys (ConfUtils.java:logGet(43)) - raft.server.storage.dir = [/opt/src/hadoop-ozone/integration-test/target/test-dir/MiniOzoneClusterImpl-2d566019-9dca-431a-9fd8-c89de31af412/datanode-4/data/ratis] (custom)
2019-06-13 19:28:02,935 INFO  storage.RaftStorageDirectory (RaftStorageDirectory.java:analyzeStorage(246)) - The storage directory /opt/src/hadoop-ozone/integration-test/target/test-dir/MiniOzoneClusterImpl-2d566019-9dca-431a-9fd8-c89de31af412/datanode-4/data/ratis/4be8b9bf-24d2-4a97-ad2d-3f9129c825d7 does not exist. Creating ...
2019-06-13 19:28:02,937 INFO  storage.RaftStorageDirectory (RaftStorageDirectory.java:tryLock(328)) - Lock on /opt/src/hadoop-ozone/integration-test/target/test-dir/MiniOzoneClusterImpl-2d566019-9dca-431a-9fd8-c89de31af412/datanode-4/data/ratis/4be8b9bf-24d2-4a97-ad2d-3f9129c825d7/in_use.lock acquired by nodename 10101@ozone-ld922-666477418
2019-06-13 19:28:02,939 INFO  storage.RaftStorage (RaftStorage.java:format(75)) - Storage directory /opt/src/hadoop-ozone/integration-test/target/test-dir/MiniOzoneClusterImpl-2d566019-9dca-431a-9fd8-c89de31af412/datanode-4/data/ratis/4be8b9bf-24d2-4a97-ad2d-3f9129c825d7 has been successfully formatted.
2019-06-13 19:28:02,939 INFO  ratis.ContainerStateMachine (ContainerStateMachine.java:loadSnapshot(199)) - The snapshot info is null.Setting the last applied index to:(t:0, i:~)
2019-06-13 19:28:02,939 INFO  server.RaftServerConfigKeys (ConfUtils.java:logGet(43)) - raft.server.leader.election.timeout = 120s (custom)
2019-06-13 19:28:02,939 INFO  server.RaftServerConfigKeys (ConfUtils.java:logGet(43)) - raft.server.log.use.memory = false (default)
2019-06-13 19:28:02,939 INFO  server.RaftServerConfigKeys (ConfUtils.java:logGet(43)) - raft.server.log.appender.buffer.byte-limit = 33554432 (custom)
2019-06-13 19:28:02,939 INFO  server.RaftServerConfigKeys (ConfUtils.java:logGet(43)) - raft.server.log.segment.size.max = 16384 (custom)
2019-06-13 19:28:02,939 INFO  server.RaftServerConfigKeys (ConfUtils.java:logGet(43)) - raft.server.log.segment.cache.num.max = 2 (custom)
2019-06-13 19:28:02,939 INFO  storage.RaftLogWorker (RaftLogWorker.java:<init>(123)) - new 51e17adc-5bd6-45a6-93b3-9e665e107d41-RaftLogWorker for Storage Directory /opt/src/hadoop-ozone/integration-test/target/test-dir/MiniOzoneClusterImpl-2d566019-9dca-431a-9fd8-c89de31af412/datanode-4/data/ratis/4be8b9bf-24d2-4a97-ad2d-3f9129c825d7
2019-06-13 19:28:02,939 INFO  server.RaftServerConfigKeys (ConfUtils.java:logGet(43)) - raft.server.log.queue.byte-limit = 2147483647 (custom)
2019-06-13 19:28:02,939 INFO  server.RaftServerConfigKeys (ConfUtils.java:logGet(43)) - raft.server.log.queue.element-limit = 1024 (custom)
2019-06-13 19:28:02,940 INFO  server.RaftServerConfigKeys (ConfUtils.java:logGet(43)) - raft.server.log.segment.size.max = 16384 (custom)
2019-06-13 19:28:02,940 INFO  server.RaftServerConfigKeys (ConfUtils.java:logGet(43)) - raft.server.log.preallocated.size = 16384 (custom)
2019-06-13 19:28:02,940 INFO  server.RaftServerConfigKeys (ConfUtils.java:logGet(43)) - raft.server.log.write.buffer.size = 33554432 (custom)
2019-06-13 19:28:02,940 INFO  server.RaftServerConfigKeys (ConfUtils.java:logGet(43)) - raft.server.log.force.sync.num = 128 (default)
2019-06-13 19:28:02,940 INFO  server.RaftServerConfigKeys (ConfUtils.java:logGet(43)) - raft.server.log.statemachine.data.sync = true (default)
2019-06-13 19:28:02,940 INFO  server.RaftServerConfigKeys (ConfUtils.java:logGet(43)) - raft.server.log.statemachine.data.sync.timeout = 10s (default)
2019-06-13 19:28:02,940 INFO  server.RaftServerConfigKeys (ConfUtils.java:logGet(43)) - raft.server.log.statemachine.data.sync.timeout.retry = -1 (default)
2019-06-13 19:28:02,940 INFO  server.RaftServerConfigKeys (ConfUtils.java:logGet(43)) - raft.server.log.statemachine.data.caching.enabled = true (custom)
2019-06-13 19:28:02,940 INFO  server.RaftServerConfigKeys (ConfUtils.java:logGet(43)) - raft.server.snapshot.auto.trigger.enabled = true (custom)
2019-06-13 19:28:02,941 INFO  server.RaftServerConfigKeys (ConfUtils.java:logGet(43)) - raft.server.snapshot.auto.trigger.threshold = 10000 (custom)
2019-06-13 19:28:02,941 INFO  server.RaftServerConfigKeys (ConfUtils.java:logGet(43)) - raft.server.retrycache.expirytime = 600000ms (custom)
2019-06-13 19:28:02,941 INFO  impl.RaftServerImpl (RaftServerImpl.java:start(173)) - 51e17adc-5bd6-45a6-93b3-9e665e107d41: start group-3F9129C825D7
2019-06-13 19:28:02,941 INFO  impl.RaftServerImpl (RaftServerImpl.java:setRole(164)) - 51e17adc-5bd6-45a6-93b3-9e665e107d41:group-3F9129C825D7 changes role from null to FOLLOWER at term 0 for startAsFollower
2019-06-13 19:28:02,941 INFO  impl.RoleInfo (RoleInfo.java:updateAndGet(143)) - 51e17adc-5bd6-45a6-93b3-9e665e107d41: start FollowerState
2019-06-13 19:28:02,941 INFO  util.JmxRegister (JmxRegister.java:tryRegister(44)) - Successfully registered JMX Bean with object name Ratis:service=RaftServer,group=group-3F9129C825D7,id=51e17adc-5bd6-45a6-93b3-9e665e107d41
2019-06-13 19:28:02,943 INFO  pipeline.PipelineStateManager (PipelineStateManager.java:addPipeline(56)) - Created pipeline Pipeline[ Id: 4be8b9bf-24d2-4a97-ad2d-3f9129c825d7, Nodes: 51e17adc-5bd6-45a6-93b3-9e665e107d41{ip: 192.168.46.41, host: ozone-ld922-666477418, networkLocation: /default-rack, certSerialId: null}, Type:RATIS, Factor:ONE, State:OPEN]
2019-06-13 19:28:03,108 INFO  node.SCMNodeManager (SCMNodeManager.java:register(234)) - Registered Data node : 872c11b4-9146-4433-bdbe-034cf839c042{ip: 192.168.46.41, host: ozone-ld922-666477418, networkLocation: /default-rack, certSerialId: null}
2019-06-13 19:28:03,114 INFO  impl.RaftServerProxy (RaftServerProxy.java:addNew(89)) - 872c11b4-9146-4433-bdbe-034cf839c042: addNew group-3C2CB06D21D4:[872c11b4-9146-4433-bdbe-034cf839c042:192.168.46.41:38145] returns group-3C2CB06D21D4:java.util.concurrent.CompletableFuture@3ffdb8df[Not completed]
2019-06-13 19:28:03,115 INFO  impl.RaftServerImpl (RaftServerImpl.java:<init>(91)) - 872c11b4-9146-4433-bdbe-034cf839c042: new RaftServerImpl for group-3C2CB06D21D4:[872c11b4-9146-4433-bdbe-034cf839c042:192.168.46.41:38145] with ContainerStateMachine:uninitialized
2019-06-13 19:28:03,115 INFO  server.RaftServerConfigKeys (ConfUtils.java:logGet(43)) - raft.server.rpc.timeout.min = 1s (custom)
2019-06-13 19:28:03,115 INFO  server.RaftServerConfigKeys (ConfUtils.java:logGet(43)) - raft.server.rpc.timeout.max = 1200ms (custom)
2019-06-13 19:28:03,115 INFO  server.RaftServerConfigKeys (ConfUtils.java:logGet(43)) - raft.server.rpcslowness.timeout = 120s (custom)
2019-06-13 19:28:03,115 INFO  server.RaftServerConfigKeys (ConfUtils.java:logGet(43)) - raft.server.log.appender.install.snapshot.enabled = true (default)
2019-06-13 19:28:03,115 INFO  impl.RaftServerImpl (ServerState.java:<init>(101)) - 872c11b4-9146-4433-bdbe-034cf839c042:group-3C2CB06D21D4 ConfigurationManager, init=-1: [872c11b4-9146-4433-bdbe-034cf839c042:192.168.46.41:38145], old=null, confs=<EMPTY_MAP>
2019-06-13 19:28:03,115 INFO  server.RaftServerConfigKeys (ConfUtils.java:logGet(43)) - raft.server.storage.dir = [/opt/src/hadoop-ozone/integration-test/target/test-dir/MiniOzoneClusterImpl-2d566019-9dca-431a-9fd8-c89de31af412/datanode-5/data/ratis] (custom)
2019-06-13 19:28:03,115 INFO  storage.RaftStorageDirectory (RaftStorageDirectory.java:analyzeStorage(246)) - The storage directory /opt/src/hadoop-ozone/integration-test/target/test-dir/MiniOzoneClusterImpl-2d566019-9dca-431a-9fd8-c89de31af412/datanode-5/data/ratis/832fa778-24aa-4299-97db-3c2cb06d21d4 does not exist. Creating ...
2019-06-13 19:28:03,117 INFO  storage.RaftStorageDirectory (RaftStorageDirectory.java:tryLock(328)) - Lock on /opt/src/hadoop-ozone/integration-test/target/test-dir/MiniOzoneClusterImpl-2d566019-9dca-431a-9fd8-c89de31af412/datanode-5/data/ratis/832fa778-24aa-4299-97db-3c2cb06d21d4/in_use.lock acquired by nodename 10101@ozone-ld922-666477418
2019-06-13 19:28:03,119 INFO  storage.RaftStorage (RaftStorage.java:format(75)) - Storage directory /opt/src/hadoop-ozone/integration-test/target/test-dir/MiniOzoneClusterImpl-2d566019-9dca-431a-9fd8-c89de31af412/datanode-5/data/ratis/832fa778-24aa-4299-97db-3c2cb06d21d4 has been successfully formatted.
2019-06-13 19:28:03,119 INFO  ratis.ContainerStateMachine (ContainerStateMachine.java:loadSnapshot(199)) - The snapshot info is null.Setting the last applied index to:(t:0, i:~)
2019-06-13 19:28:03,119 INFO  server.RaftServerConfigKeys (ConfUtils.java:logGet(43)) - raft.server.leader.election.timeout = 120s (custom)
2019-06-13 19:28:03,120 INFO  server.RaftServerConfigKeys (ConfUtils.java:logGet(43)) - raft.server.log.use.memory = false (default)
2019-06-13 19:28:03,120 INFO  server.RaftServerConfigKeys (ConfUtils.java:logGet(43)) - raft.server.log.appender.buffer.byte-limit = 33554432 (custom)
2019-06-13 19:28:03,120 INFO  server.RaftServerConfigKeys (ConfUtils.java:logGet(43)) - raft.server.log.segment.size.max = 16384 (custom)
2019-06-13 19:28:03,120 INFO  server.RaftServerConfigKeys (ConfUtils.java:logGet(43)) - raft.server.log.segment.cache.num.max = 2 (custom)
2019-06-13 19:28:03,120 INFO  storage.RaftLogWorker (RaftLogWorker.java:<init>(123)) - new 872c11b4-9146-4433-bdbe-034cf839c042-RaftLogWorker for Storage Directory /opt/src/hadoop-ozone/integration-test/target/test-dir/MiniOzoneClusterImpl-2d566019-9dca-431a-9fd8-c89de31af412/datanode-5/data/ratis/832fa778-24aa-4299-97db-3c2cb06d21d4
2019-06-13 19:28:03,120 INFO  server.RaftServerConfigKeys (ConfUtils.java:logGet(43)) - raft.server.log.queue.byte-limit = 2147483647 (custom)
2019-06-13 19:28:03,120 INFO  server.RaftServerConfigKeys (ConfUtils.java:logGet(43)) - raft.server.log.queue.element-limit = 1024 (custom)
2019-06-13 19:28:03,120 INFO  server.RaftServerConfigKeys (ConfUtils.java:logGet(43)) - raft.server.log.segment.size.max = 16384 (custom)
2019-06-13 19:28:03,120 INFO  server.RaftServerConfigKeys (ConfUtils.java:logGet(43)) - raft.server.log.preallocated.size = 16384 (custom)
2019-06-13 19:28:03,120 INFO  server.RaftServerConfigKeys (ConfUtils.java:logGet(43)) - raft.server.log.write.buffer.size = 33554432 (custom)
2019-06-13 19:28:03,120 INFO  server.RaftServerConfigKeys (ConfUtils.java:logGet(43)) - raft.server.log.force.sync.num = 128 (default)
2019-06-13 19:28:03,120 INFO  server.RaftServerConfigKeys (ConfUtils.java:logGet(43)) - raft.server.log.statemachine.data.sync = true (default)
2019-06-13 19:28:03,120 INFO  server.RaftServerConfigKeys (ConfUtils.java:logGet(43)) - raft.server.log.statemachine.data.sync.timeout = 10s (default)
2019-06-13 19:28:03,120 INFO  server.RaftServerConfigKeys (ConfUtils.java:logGet(43)) - raft.server.log.statemachine.data.sync.timeout.retry = -1 (default)
2019-06-13 19:28:03,120 INFO  server.RaftServerConfigKeys (ConfUtils.java:logGet(43)) - raft.server.log.statemachine.data.caching.enabled = true (custom)
2019-06-13 19:28:03,121 INFO  server.RaftServerConfigKeys (ConfUtils.java:logGet(43)) - raft.server.snapshot.auto.trigger.enabled = true (custom)
2019-06-13 19:28:03,121 INFO  server.RaftServerConfigKeys (ConfUtils.java:logGet(43)) - raft.server.snapshot.auto.trigger.threshold = 10000 (custom)
2019-06-13 19:28:03,121 INFO  server.RaftServerConfigKeys (ConfUtils.java:logGet(43)) - raft.server.retrycache.expirytime = 600000ms (custom)
2019-06-13 19:28:03,121 INFO  impl.RaftServerImpl (RaftServerImpl.java:start(173)) - 872c11b4-9146-4433-bdbe-034cf839c042: start group-3C2CB06D21D4
2019-06-13 19:28:03,121 INFO  impl.RaftServerImpl (RaftServerImpl.java:setRole(164)) - 872c11b4-9146-4433-bdbe-034cf839c042:group-3C2CB06D21D4 changes role from null to FOLLOWER at term 0 for startAsFollower
2019-06-13 19:28:03,121 INFO  impl.RoleInfo (RoleInfo.java:updateAndGet(143)) - 872c11b4-9146-4433-bdbe-034cf839c042: start FollowerState
2019-06-13 19:28:03,121 INFO  util.JmxRegister (JmxRegister.java:tryRegister(44)) - Successfully registered JMX Bean with object name Ratis:service=RaftServer,group=group-3C2CB06D21D4,id=872c11b4-9146-4433-bdbe-034cf839c042
2019-06-13 19:28:03,123 INFO  pipeline.PipelineStateManager (PipelineStateManager.java:addPipeline(56)) - Created pipeline Pipeline[ Id: 832fa778-24aa-4299-97db-3c2cb06d21d4, Nodes: 872c11b4-9146-4433-bdbe-034cf839c042{ip: 192.168.46.41, host: ozone-ld922-666477418, networkLocation: /default-rack, certSerialId: null}, Type:RATIS, Factor:ONE, State:OPEN]
2019-06-13 19:28:03,131 INFO  impl.RaftServerProxy (RaftServerProxy.java:addNew(89)) - 51e17adc-5bd6-45a6-93b3-9e665e107d41: addNew group-33A544658F46:[60d02a94-5cce-4a56-be5d-e43810a0e79d:192.168.46.41:41661, 872c11b4-9146-4433-bdbe-034cf839c042:192.168.46.41:38145, 51e17adc-5bd6-45a6-93b3-9e665e107d41:192.168.46.41:32769] returns group-33A544658F46:java.util.concurrent.CompletableFuture@caf67[Not completed]
2019-06-13 19:28:03,131 INFO  impl.RaftServerProxy (RaftServerProxy.java:addNew(89)) - 60d02a94-5cce-4a56-be5d-e43810a0e79d: addNew group-33A544658F46:[60d02a94-5cce-4a56-be5d-e43810a0e79d:192.168.46.41:41661, 872c11b4-9146-4433-bdbe-034cf839c042:192.168.46.41:38145, 51e17adc-5bd6-45a6-93b3-9e665e107d41:192.168.46.41:32769] returns group-33A544658F46:java.util.concurrent.CompletableFuture@27034e6a[Not completed]
2019-06-13 19:28:03,132 INFO  impl.RaftServerImpl (RaftServerImpl.java:<init>(91)) - 51e17adc-5bd6-45a6-93b3-9e665e107d41: new RaftServerImpl for group-33A544658F46:[60d02a94-5cce-4a56-be5d-e43810a0e79d:192.168.46.41:41661, 872c11b4-9146-4433-bdbe-034cf839c042:192.168.46.41:38145, 51e17adc-5bd6-45a6-93b3-9e665e107d41:192.168.46.41:32769] with ContainerStateMachine:uninitialized
2019-06-13 19:28:03,132 INFO  server.RaftServerConfigKeys (ConfUtils.java:logGet(43)) - raft.server.rpc.timeout.min = 1s (custom)
2019-06-13 19:28:03,132 INFO  server.RaftServerConfigKeys (ConfUtils.java:logGet(43)) - raft.server.rpc.timeout.max = 1200ms (custom)
2019-06-13 19:28:03,132 INFO  server.RaftServerConfigKeys (ConfUtils.java:logGet(43)) - raft.server.rpcslowness.timeout = 120s (custom)
2019-06-13 19:28:03,132 INFO  server.RaftServerConfigKeys (ConfUtils.java:logGet(43)) - raft.server.log.appender.install.snapshot.enabled = true (default)
2019-06-13 19:28:03,132 INFO  impl.RaftServerImpl (ServerState.java:<init>(101)) - 51e17adc-5bd6-45a6-93b3-9e665e107d41:group-33A544658F46 ConfigurationManager, init=-1: [60d02a94-5cce-4a56-be5d-e43810a0e79d:192.168.46.41:41661, 872c11b4-9146-4433-bdbe-034cf839c042:192.168.46.41:38145, 51e17adc-5bd6-45a6-93b3-9e665e107d41:192.168.46.41:32769], old=null, confs=<EMPTY_MAP>
2019-06-13 19:28:03,132 INFO  server.RaftServerConfigKeys (ConfUtils.java:logGet(43)) - raft.server.storage.dir = [/opt/src/hadoop-ozone/integration-test/target/test-dir/MiniOzoneClusterImpl-2d566019-9dca-431a-9fd8-c89de31af412/datanode-4/data/ratis] (custom)
2019-06-13 19:28:03,133 INFO  storage.RaftStorageDirectory (RaftStorageDirectory.java:analyzeStorage(246)) - The storage directory /opt/src/hadoop-ozone/integration-test/target/test-dir/MiniOzoneClusterImpl-2d566019-9dca-431a-9fd8-c89de31af412/datanode-4/data/ratis/6f8fe1f4-8c97-48db-8a4f-33a544658f46 does not exist. Creating ...
2019-06-13 19:28:03,134 INFO  impl.RaftServerImpl (RaftServerImpl.java:<init>(91)) - 60d02a94-5cce-4a56-be5d-e43810a0e79d: new RaftServerImpl for group-33A544658F46:[60d02a94-5cce-4a56-be5d-e43810a0e79d:192.168.46.41:41661, 872c11b4-9146-4433-bdbe-034cf839c042:192.168.46.41:38145, 51e17adc-5bd6-45a6-93b3-9e665e107d41:192.168.46.41:32769] with ContainerStateMachine:uninitialized
2019-06-13 19:28:03,134 INFO  server.RaftServerConfigKeys (ConfUtils.java:logGet(43)) - raft.server.rpc.timeout.min = 1s (custom)
2019-06-13 19:28:03,134 INFO  server.RaftServerConfigKeys (ConfUtils.java:logGet(43)) - raft.server.rpc.timeout.max = 1200ms (custom)
2019-06-13 19:28:03,134 INFO  server.RaftServerConfigKeys (ConfUtils.java:logGet(43)) - raft.server.rpcslowness.timeout = 120s (custom)
2019-06-13 19:28:03,134 INFO  server.RaftServerConfigKeys (ConfUtils.java:logGet(43)) - raft.server.log.appender.install.snapshot.enabled = true (default)
2019-06-13 19:28:03,134 INFO  impl.RaftServerImpl (ServerState.java:<init>(101)) - 60d02a94-5cce-4a56-be5d-e43810a0e79d:group-33A544658F46 ConfigurationManager, init=-1: [60d02a94-5cce-4a56-be5d-e43810a0e79d:192.168.46.41:41661, 872c11b4-9146-4433-bdbe-034cf839c042:192.168.46.41:38145, 51e17adc-5bd6-45a6-93b3-9e665e107d41:192.168.46.41:32769], old=null, confs=<EMPTY_MAP>
2019-06-13 19:28:03,134 INFO  server.RaftServerConfigKeys (ConfUtils.java:logGet(43)) - raft.server.storage.dir = [/opt/src/hadoop-ozone/integration-test/target/test-dir/MiniOzoneClusterImpl-2d566019-9dca-431a-9fd8-c89de31af412/datanode-3/data/ratis] (custom)
2019-06-13 19:28:03,135 INFO  storage.RaftStorageDirectory (RaftStorageDirectory.java:tryLock(328)) - Lock on /opt/src/hadoop-ozone/integration-test/target/test-dir/MiniOzoneClusterImpl-2d566019-9dca-431a-9fd8-c89de31af412/datanode-4/data/ratis/6f8fe1f4-8c97-48db-8a4f-33a544658f46/in_use.lock acquired by nodename 10101@ozone-ld922-666477418
2019-06-13 19:28:03,135 INFO  storage.RaftStorageDirectory (RaftStorageDirectory.java:analyzeStorage(246)) - The storage directory /opt/src/hadoop-ozone/integration-test/target/test-dir/MiniOzoneClusterImpl-2d566019-9dca-431a-9fd8-c89de31af412/datanode-3/data/ratis/6f8fe1f4-8c97-48db-8a4f-33a544658f46 does not exist. Creating ...
2019-06-13 19:28:03,135 INFO  impl.RaftServerProxy (RaftServerProxy.java:addNew(89)) - 872c11b4-9146-4433-bdbe-034cf839c042: addNew group-33A544658F46:[60d02a94-5cce-4a56-be5d-e43810a0e79d:192.168.46.41:41661, 872c11b4-9146-4433-bdbe-034cf839c042:192.168.46.41:38145, 51e17adc-5bd6-45a6-93b3-9e665e107d41:192.168.46.41:32769] returns group-33A544658F46:java.util.concurrent.CompletableFuture@6ccb7aea[Not completed]
2019-06-13 19:28:03,136 INFO  impl.RaftServerImpl (RaftServerImpl.java:<init>(91)) - 872c11b4-9146-4433-bdbe-034cf839c042: new RaftServerImpl for group-33A544658F46:[60d02a94-5cce-4a56-be5d-e43810a0e79d:192.168.46.41:41661, 872c11b4-9146-4433-bdbe-034cf839c042:192.168.46.41:38145, 51e17adc-5bd6-45a6-93b3-9e665e107d41:192.168.46.41:32769] with ContainerStateMachine:uninitialized
2019-06-13 19:28:03,136 INFO  server.RaftServerConfigKeys (ConfUtils.java:logGet(43)) - raft.server.rpc.timeout.min = 1s (custom)
2019-06-13 19:28:03,136 INFO  server.RaftServerConfigKeys (ConfUtils.java:logGet(43)) - raft.server.rpc.timeout.max = 1200ms (custom)
2019-06-13 19:28:03,136 INFO  server.RaftServerConfigKeys (ConfUtils.java:logGet(43)) - raft.server.rpcslowness.timeout = 120s (custom)
2019-06-13 19:28:03,136 INFO  server.RaftServerConfigKeys (ConfUtils.java:logGet(43)) - raft.server.log.appender.install.snapshot.enabled = true (default)
2019-06-13 19:28:03,136 INFO  impl.RaftServerImpl (ServerState.java:<init>(101)) - 872c11b4-9146-4433-bdbe-034cf839c042:group-33A544658F46 ConfigurationManager, init=-1: [60d02a94-5cce-4a56-be5d-e43810a0e79d:192.168.46.41:41661, 872c11b4-9146-4433-bdbe-034cf839c042:192.168.46.41:38145, 51e17adc-5bd6-45a6-93b3-9e665e107d41:192.168.46.41:32769], old=null, confs=<EMPTY_MAP>
2019-06-13 19:28:03,136 INFO  server.RaftServerConfigKeys (ConfUtils.java:logGet(43)) - raft.server.storage.dir = [/opt/src/hadoop-ozone/integration-test/target/test-dir/MiniOzoneClusterImpl-2d566019-9dca-431a-9fd8-c89de31af412/datanode-5/data/ratis] (custom)
2019-06-13 19:28:03,136 INFO  storage.RaftStorageDirectory (RaftStorageDirectory.java:analyzeStorage(246)) - The storage directory /opt/src/hadoop-ozone/integration-test/target/test-dir/MiniOzoneClusterImpl-2d566019-9dca-431a-9fd8-c89de31af412/datanode-5/data/ratis/6f8fe1f4-8c97-48db-8a4f-33a544658f46 does not exist. Creating ...
2019-06-13 19:28:03,137 INFO  storage.RaftStorageDirectory (RaftStorageDirectory.java:tryLock(328)) - Lock on /opt/src/hadoop-ozone/integration-test/target/test-dir/MiniOzoneClusterImpl-2d566019-9dca-431a-9fd8-c89de31af412/datanode-3/data/ratis/6f8fe1f4-8c97-48db-8a4f-33a544658f46/in_use.lock acquired by nodename 10101@ozone-ld922-666477418
2019-06-13 19:28:03,137 INFO  storage.RaftStorage (RaftStorage.java:format(75)) - Storage directory /opt/src/hadoop-ozone/integration-test/target/test-dir/MiniOzoneClusterImpl-2d566019-9dca-431a-9fd8-c89de31af412/datanode-4/data/ratis/6f8fe1f4-8c97-48db-8a4f-33a544658f46 has been successfully formatted.
2019-06-13 19:28:03,137 INFO  ratis.ContainerStateMachine (ContainerStateMachine.java:loadSnapshot(199)) - The snapshot info is null.Setting the last applied index to:(t:0, i:~)
2019-06-13 19:28:03,137 INFO  server.RaftServerConfigKeys (ConfUtils.java:logGet(43)) - raft.server.leader.election.timeout = 120s (custom)
2019-06-13 19:28:03,137 INFO  server.RaftServerConfigKeys (ConfUtils.java:logGet(43)) - raft.server.log.use.memory = false (default)
2019-06-13 19:28:03,137 INFO  server.RaftServerConfigKeys (ConfUtils.java:logGet(43)) - raft.server.log.appender.buffer.byte-limit = 33554432 (custom)
2019-06-13 19:28:03,137 INFO  server.RaftServerConfigKeys (ConfUtils.java:logGet(43)) - raft.server.log.segment.size.max = 16384 (custom)
2019-06-13 19:28:03,137 INFO  server.RaftServerConfigKeys (ConfUtils.java:logGet(43)) - raft.server.log.segment.cache.num.max = 2 (custom)
2019-06-13 19:28:03,138 INFO  storage.RaftLogWorker (RaftLogWorker.java:<init>(123)) - new 51e17adc-5bd6-45a6-93b3-9e665e107d41-RaftLogWorker for Storage Directory /opt/src/hadoop-ozone/integration-test/target/test-dir/MiniOzoneClusterImpl-2d566019-9dca-431a-9fd8-c89de31af412/datanode-4/data/ratis/6f8fe1f4-8c97-48db-8a4f-33a544658f46
2019-06-13 19:28:03,138 INFO  server.RaftServerConfigKeys (ConfUtils.java:logGet(43)) - raft.server.log.queue.byte-limit = 2147483647 (custom)
2019-06-13 19:28:03,138 INFO  server.RaftServerConfigKeys (ConfUtils.java:logGet(43)) - raft.server.log.queue.element-limit = 1024 (custom)
2019-06-13 19:28:03,138 INFO  server.RaftServerConfigKeys (ConfUtils.java:logGet(43)) - raft.server.log.segment.size.max = 16384 (custom)
2019-06-13 19:28:03,138 INFO  server.RaftServerConfigKeys (ConfUtils.java:logGet(43)) - raft.server.log.preallocated.size = 16384 (custom)
2019-06-13 19:28:03,138 INFO  server.RaftServerConfigKeys (ConfUtils.java:logGet(43)) - raft.server.log.write.buffer.size = 33554432 (custom)
2019-06-13 19:28:03,138 INFO  server.RaftServerConfigKeys (ConfUtils.java:logGet(43)) - raft.server.log.force.sync.num = 128 (default)
2019-06-13 19:28:03,138 INFO  server.RaftServerConfigKeys (ConfUtils.java:logGet(43)) - raft.server.log.statemachine.data.sync = true (default)
2019-06-13 19:28:03,138 INFO  server.RaftServerConfigKeys (ConfUtils.java:logGet(43)) - raft.server.log.statemachine.data.sync.timeout = 10s (default)
2019-06-13 19:28:03,138 INFO  server.RaftServerConfigKeys (ConfUtils.java:logGet(43)) - raft.server.log.statemachine.data.sync.timeout.retry = -1 (default)
2019-06-13 19:28:03,138 INFO  server.RaftServerConfigKeys (ConfUtils.java:logGet(43)) - raft.server.log.statemachine.data.caching.enabled = true (custom)
2019-06-13 19:28:03,139 INFO  server.RaftServerConfigKeys (ConfUtils.java:logGet(43)) - raft.server.snapshot.auto.trigger.enabled = true (custom)
2019-06-13 19:28:03,139 INFO  storage.RaftStorageDirectory (RaftStorageDirectory.java:tryLock(328)) - Lock on /opt/src/hadoop-ozone/integration-test/target/test-dir/MiniOzoneClusterImpl-2d566019-9dca-431a-9fd8-c89de31af412/datanode-5/data/ratis/6f8fe1f4-8c97-48db-8a4f-33a544658f46/in_use.lock acquired by nodename 10101@ozone-ld922-666477418
2019-06-13 19:28:03,139 INFO  server.RaftServerConfigKeys (ConfUtils.java:logGet(43)) - raft.server.snapshot.auto.trigger.threshold = 10000 (custom)
2019-06-13 19:28:03,139 INFO  storage.RaftStorage (RaftStorage.java:format(75)) - Storage directory /opt/src/hadoop-ozone/integration-test/target/test-dir/MiniOzoneClusterImpl-2d566019-9dca-431a-9fd8-c89de31af412/datanode-3/data/ratis/6f8fe1f4-8c97-48db-8a4f-33a544658f46 has been successfully formatted.
2019-06-13 19:28:03,139 INFO  server.RaftServerConfigKeys (ConfUtils.java:logGet(43)) - raft.server.retrycache.expirytime = 600000ms (custom)
2019-06-13 19:28:03,139 INFO  ratis.ContainerStateMachine (ContainerStateMachine.java:loadSnapshot(199)) - The snapshot info is null.Setting the last applied index to:(t:0, i:~)
2019-06-13 19:28:03,139 INFO  impl.RaftServerImpl (RaftServerImpl.java:start(173)) - 51e17adc-5bd6-45a6-93b3-9e665e107d41: start group-33A544658F46
2019-06-13 19:28:03,139 INFO  server.RaftServerConfigKeys (ConfUtils.java:logGet(43)) - raft.server.leader.election.timeout = 120s (custom)
2019-06-13 19:28:03,140 INFO  server.RaftServerConfigKeys (ConfUtils.java:logGet(43)) - raft.server.log.use.memory = false (default)
2019-06-13 19:28:03,140 INFO  server.RaftServerConfigKeys (ConfUtils.java:logGet(43)) - raft.server.log.appender.buffer.byte-limit = 33554432 (custom)
2019-06-13 19:28:03,140 INFO  server.RaftServerConfigKeys (ConfUtils.java:logGet(43)) - raft.server.log.segment.size.max = 16384 (custom)
2019-06-13 19:28:03,140 INFO  server.RaftServerConfigKeys (ConfUtils.java:logGet(43)) - raft.server.log.segment.cache.num.max = 2 (custom)
2019-06-13 19:28:03,140 INFO  storage.RaftLogWorker (RaftLogWorker.java:<init>(123)) - new 60d02a94-5cce-4a56-be5d-e43810a0e79d-RaftLogWorker for Storage Directory /opt/src/hadoop-ozone/integration-test/target/test-dir/MiniOzoneClusterImpl-2d566019-9dca-431a-9fd8-c89de31af412/datanode-3/data/ratis/6f8fe1f4-8c97-48db-8a4f-33a544658f46
2019-06-13 19:28:03,140 INFO  server.RaftServerConfigKeys (ConfUtils.java:logGet(43)) - raft.server.log.queue.byte-limit = 2147483647 (custom)
2019-06-13 19:28:03,140 INFO  server.RaftServerConfigKeys (ConfUtils.java:logGet(43)) - raft.server.log.queue.element-limit = 1024 (custom)
2019-06-13 19:28:03,140 INFO  server.RaftServerConfigKeys (ConfUtils.java:logGet(43)) - raft.server.log.segment.size.max = 16384 (custom)
2019-06-13 19:28:03,140 INFO  server.RaftServerConfigKeys (ConfUtils.java:logGet(43)) - raft.server.log.preallocated.size = 16384 (custom)
2019-06-13 19:28:03,140 INFO  server.RaftServerConfigKeys (ConfUtils.java:logGet(43)) - raft.server.log.write.buffer.size = 33554432 (custom)
2019-06-13 19:28:03,140 INFO  server.RaftServerConfigKeys (ConfUtils.java:logGet(43)) - raft.server.log.force.sync.num = 128 (default)
2019-06-13 19:28:03,140 INFO  server.RaftServerConfigKeys (ConfUtils.java:logGet(43)) - raft.server.log.statemachine.data.sync = true (default)
2019-06-13 19:28:03,140 INFO  server.RaftServerConfigKeys (ConfUtils.java:logGet(43)) - raft.server.log.statemachine.data.sync.timeout = 10s (default)
2019-06-13 19:28:03,141 INFO  server.RaftServerConfigKeys (ConfUtils.java:logGet(43)) - raft.server.log.statemachine.data.sync.timeout.retry = -1 (default)
2019-06-13 19:28:03,141 INFO  server.RaftServerConfigKeys (ConfUtils.java:logGet(43)) - raft.server.log.statemachine.data.caching.enabled = true (custom)
2019-06-13 19:28:03,141 INFO  storage.RaftStorage (RaftStorage.java:format(75)) - Storage directory /opt/src/hadoop-ozone/integration-test/target/test-dir/MiniOzoneClusterImpl-2d566019-9dca-431a-9fd8-c89de31af412/datanode-5/data/ratis/6f8fe1f4-8c97-48db-8a4f-33a544658f46 has been successfully formatted.
2019-06-13 19:28:03,139 INFO  impl.RaftServerImpl (RaftServerImpl.java:setRole(164)) - 51e17adc-5bd6-45a6-93b3-9e665e107d41:group-33A544658F46 changes role from null to FOLLOWER at term 0 for startAsFollower
2019-06-13 19:28:03,141 INFO  ratis.ContainerStateMachine (ContainerStateMachine.java:loadSnapshot(199)) - The snapshot info is null.Setting the last applied index to:(t:0, i:~)
2019-06-13 19:28:03,141 INFO  server.RaftServerConfigKeys (ConfUtils.java:logGet(43)) - raft.server.leader.election.timeout = 120s (custom)
2019-06-13 19:28:03,141 INFO  server.RaftServerConfigKeys (ConfUtils.java:logGet(43)) - raft.server.snapshot.auto.trigger.enabled = true (custom)
2019-06-13 19:28:03,141 INFO  server.RaftServerConfigKeys (ConfUtils.java:logGet(43)) - raft.server.log.use.memory = false (default)
2019-06-13 19:28:03,141 INFO  impl.RoleInfo (RoleInfo.java:updateAndGet(143)) - 51e17adc-5bd6-45a6-93b3-9e665e107d41: start FollowerState
2019-06-13 19:28:03,141 INFO  server.RaftServerConfigKeys (ConfUtils.java:logGet(43)) - raft.server.log.appender.buffer.byte-limit = 33554432 (custom)
2019-06-13 19:28:03,142 INFO  server.RaftServerConfigKeys (ConfUtils.java:logGet(43)) - raft.server.log.segment.size.max = 16384 (custom)
2019-06-13 19:28:03,142 INFO  server.RaftServerConfigKeys (ConfUtils.java:logGet(43)) - raft.server.log.segment.cache.num.max = 2 (custom)
2019-06-13 19:28:03,142 INFO  storage.RaftLogWorker (RaftLogWorker.java:<init>(123)) - new 872c11b4-9146-4433-bdbe-034cf839c042-RaftLogWorker for Storage Directory /opt/src/hadoop-ozone/integration-test/target/test-dir/MiniOzoneClusterImpl-2d566019-9dca-431a-9fd8-c89de31af412/datanode-5/data/ratis/6f8fe1f4-8c97-48db-8a4f-33a544658f46
2019-06-13 19:28:03,142 INFO  server.RaftServerConfigKeys (ConfUtils.java:logGet(43)) - raft.server.log.queue.byte-limit = 2147483647 (custom)
2019-06-13 19:28:03,142 INFO  server.RaftServerConfigKeys (ConfUtils.java:logGet(43)) - raft.server.log.queue.element-limit = 1024 (custom)
2019-06-13 19:28:03,142 INFO  server.RaftServerConfigKeys (ConfUtils.java:logGet(43)) - raft.server.log.segment.size.max = 16384 (custom)
2019-06-13 19:28:03,142 INFO  server.RaftServerConfigKeys (ConfUtils.java:logGet(43)) - raft.server.log.preallocated.size = 16384 (custom)
2019-06-13 19:28:03,142 INFO  server.RaftServerConfigKeys (ConfUtils.java:logGet(43)) - raft.server.log.write.buffer.size = 33554432 (custom)
2019-06-13 19:28:03,142 INFO  server.RaftServerConfigKeys (ConfUtils.java:logGet(43)) - raft.server.log.force.sync.num = 128 (default)
2019-06-13 19:28:03,142 INFO  server.RaftServerConfigKeys (ConfUtils.java:logGet(43)) - raft.server.log.statemachine.data.sync = true (default)
2019-06-13 19:28:03,142 INFO  server.RaftServerConfigKeys (ConfUtils.java:logGet(43)) - raft.server.log.statemachine.data.sync.timeout = 10s (default)
2019-06-13 19:28:03,142 INFO  server.RaftServerConfigKeys (ConfUtils.java:logGet(43)) - raft.server.log.statemachine.data.sync.timeout.retry = -1 (default)
2019-06-13 19:28:03,142 INFO  server.RaftServerConfigKeys (ConfUtils.java:logGet(43)) - raft.server.log.statemachine.data.caching.enabled = true (custom)
2019-06-13 19:28:03,141 INFO  server.RaftServerConfigKeys (ConfUtils.java:logGet(43)) - raft.server.snapshot.auto.trigger.threshold = 10000 (custom)
2019-06-13 19:28:03,142 INFO  util.JmxRegister (JmxRegister.java:tryRegister(44)) - Successfully registered JMX Bean with object name Ratis:service=RaftServer,group=group-33A544658F46,id=51e17adc-5bd6-45a6-93b3-9e665e107d41
2019-06-13 19:28:03,143 INFO  server.RaftServerConfigKeys (ConfUtils.java:logGet(43)) - raft.server.snapshot.auto.trigger.enabled = true (custom)
2019-06-13 19:28:03,143 INFO  server.RaftServerConfigKeys (ConfUtils.java:logGet(43)) - raft.server.snapshot.auto.trigger.threshold = 10000 (custom)
2019-06-13 19:28:03,145 INFO  server.RaftServerConfigKeys (ConfUtils.java:logGet(43)) - raft.server.retrycache.expirytime = 600000ms (custom)
2019-06-13 19:28:03,146 INFO  impl.RaftServerImpl (RaftServerImpl.java:start(173)) - 60d02a94-5cce-4a56-be5d-e43810a0e79d: start group-33A544658F46
2019-06-13 19:28:03,146 INFO  impl.RaftServerImpl (RaftServerImpl.java:setRole(164)) - 60d02a94-5cce-4a56-be5d-e43810a0e79d:group-33A544658F46 changes role from null to FOLLOWER at term 0 for startAsFollower
2019-06-13 19:28:03,146 INFO  impl.RoleInfo (RoleInfo.java:updateAndGet(143)) - 60d02a94-5cce-4a56-be5d-e43810a0e79d: start FollowerState
2019-06-13 19:28:03,149 INFO  server.RaftServerConfigKeys (ConfUtils.java:logGet(43)) - raft.server.retrycache.expirytime = 600000ms (custom)
2019-06-13 19:28:03,149 INFO  util.JmxRegister (JmxRegister.java:tryRegister(44)) - Successfully registered JMX Bean with object name Ratis:service=RaftServer,group=group-33A544658F46,id=60d02a94-5cce-4a56-be5d-e43810a0e79d
2019-06-13 19:28:03,150 INFO  impl.RaftServerImpl (RaftServerImpl.java:start(173)) - 872c11b4-9146-4433-bdbe-034cf839c042: start group-33A544658F46
2019-06-13 19:28:03,150 INFO  impl.RaftServerImpl (RaftServerImpl.java:setRole(164)) - 872c11b4-9146-4433-bdbe-034cf839c042:group-33A544658F46 changes role from null to FOLLOWER at term 0 for startAsFollower
2019-06-13 19:28:03,150 INFO  impl.RoleInfo (RoleInfo.java:updateAndGet(143)) - 872c11b4-9146-4433-bdbe-034cf839c042: start FollowerState
2019-06-13 19:28:03,154 INFO  util.JmxRegister (JmxRegister.java:tryRegister(44)) - Successfully registered JMX Bean with object name Ratis:service=RaftServer,group=group-33A544658F46,id=872c11b4-9146-4433-bdbe-034cf839c042
2019-06-13 19:28:03,156 INFO  pipeline.PipelineStateManager (PipelineStateManager.java:addPipeline(56)) - Created pipeline Pipeline[ Id: 6f8fe1f4-8c97-48db-8a4f-33a544658f46, Nodes: 60d02a94-5cce-4a56-be5d-e43810a0e79d{ip: 192.168.46.41, host: ozone-ld922-666477418, networkLocation: /default-rack, certSerialId: null}872c11b4-9146-4433-bdbe-034cf839c042{ip: 192.168.46.41, host: ozone-ld922-666477418, networkLocation: /default-rack, certSerialId: null}51e17adc-5bd6-45a6-93b3-9e665e107d41{ip: 192.168.46.41, host: ozone-ld922-666477418, networkLocation: /default-rack, certSerialId: null}, Type:RATIS, Factor:THREE, State:OPEN]
2019-06-13 19:28:03,178 INFO  impl.FollowerState (FollowerState.java:run(101)) - 2a59d514-8ae8-4317-9248-497315392245:group-10A3E9B5587C changes to CANDIDATE, lastRpcTime:1073, electionTimeout:1073ms
2019-06-13 19:28:03,178 INFO  impl.RoleInfo (RoleInfo.java:shutdownFollowerState(121)) - 2a59d514-8ae8-4317-9248-497315392245: shutdown FollowerState
2019-06-13 19:28:03,179 INFO  impl.RaftServerImpl (RaftServerImpl.java:setRole(164)) - 2a59d514-8ae8-4317-9248-497315392245:group-10A3E9B5587C changes role from FOLLOWER to CANDIDATE at term 0 for changeToCandidate
2019-06-13 19:28:03,179 INFO  impl.RoleInfo (RoleInfo.java:updateAndGet(143)) - 2a59d514-8ae8-4317-9248-497315392245: start LeaderElection
2019-06-13 19:28:03,184 INFO  impl.LeaderElection (LeaderElection.java:askForVotes(181)) - 2a59d514-8ae8-4317-9248-497315392245:group-10A3E9B5587C:LeaderElection31: begin an election at term 1 for -1: [2a59d514-8ae8-4317-9248-497315392245:192.168.46.41:43317], old=null
2019-06-13 19:28:03,185 INFO  impl.RoleInfo (RoleInfo.java:shutdownLeaderElection(134)) - 2a59d514-8ae8-4317-9248-497315392245: shutdown LeaderElection
2019-06-13 19:28:03,185 INFO  impl.RaftServerImpl (RaftServerImpl.java:setRole(164)) - 2a59d514-8ae8-4317-9248-497315392245:group-10A3E9B5587C changes role from CANDIDATE to LEADER at term 1 for changeToLeader
2019-06-13 19:28:03,185 INFO  impl.RaftServerImpl (ServerState.java:setLeader(263)) - 2a59d514-8ae8-4317-9248-497315392245:group-10A3E9B5587C change Leader from null to 2a59d514-8ae8-4317-9248-497315392245 at term 1 for becomeLeader, leader elected after 1081ms
2019-06-13 19:28:03,185 INFO  server.RaftServerConfigKeys (ConfUtils.java:logGet(43)) - raft.server.staging.catchup.gap = 1000 (default)
2019-06-13 19:28:03,185 INFO  server.RaftServerConfigKeys (ConfUtils.java:logGet(43)) - raft.server.rpc.sleep.time = 25ms (default)
2019-06-13 19:28:03,185 INFO  server.RaftServerConfigKeys (ConfUtils.java:logGet(43)) - raft.server.watch.timeout = 10s (default)
2019-06-13 19:28:03,186 INFO  server.RaftServerConfigKeys (ConfUtils.java:logGet(43)) - raft.server.watch.timeout.denomination = 1s (default)
2019-06-13 19:28:03,186 INFO  impl.RoleInfo (RoleInfo.java:updateAndGet(143)) - 2a59d514-8ae8-4317-9248-497315392245: start LeaderState
2019-06-13 19:28:03,186 INFO  storage.RaftLogWorker (RaftLogWorker.java:startLogSegment(298)) - 2a59d514-8ae8-4317-9248-497315392245-RaftLogWorker: Starting segment from index:0
2019-06-13 19:28:03,186 INFO  impl.RaftServerImpl (ServerState.java:setRaftConf(361)) - 2a59d514-8ae8-4317-9248-497315392245:group-10A3E9B5587C set configuration 0: [2a59d514-8ae8-4317-9248-497315392245:192.168.46.41:43317], old=null at 0
2019-06-13 19:28:03,221 INFO  storage.RaftLogWorker (RaftLogWorker.java:execute(469)) - 2a59d514-8ae8-4317-9248-497315392245-RaftLogWorker: created new log segment /opt/src/hadoop-ozone/integration-test/target/test-dir/MiniOzoneClusterImpl-2d566019-9dca-431a-9fd8-c89de31af412/datanode-0/data/ratis/eb925788-2d9a-48c1-9a01-10a3e9b5587c/current/log_inprogress_0
2019-06-13 19:28:03,274 INFO  ozone.MiniOzoneClusterImpl (MiniOzoneClusterImpl.java:lambda$waitForClusterToBeReady$0(142)) - Waiting for cluster to be ready. Got 6 of 7 DN Heartbeats.
2019-06-13 19:28:03,275 INFO  node.SCMNodeManager (SCMNodeManager.java:register(234)) - Registered Data node : 55807662-1fb6-432b-a7f5-16e3669fd60c{ip: 192.168.46.41, host: ozone-ld922-666477418, networkLocation: /default-rack, certSerialId: null}
2019-06-13 19:28:03,284 INFO  impl.RaftServerProxy (RaftServerProxy.java:addNew(89)) - 55807662-1fb6-432b-a7f5-16e3669fd60c: addNew group-6A5F44BA289D:[55807662-1fb6-432b-a7f5-16e3669fd60c:192.168.46.41:42515] returns group-6A5F44BA289D:java.util.concurrent.CompletableFuture@729746e2[Not completed]
2019-06-13 19:28:03,285 INFO  impl.RaftServerImpl (RaftServerImpl.java:<init>(91)) - 55807662-1fb6-432b-a7f5-16e3669fd60c: new RaftServerImpl for group-6A5F44BA289D:[55807662-1fb6-432b-a7f5-16e3669fd60c:192.168.46.41:42515] with ContainerStateMachine:uninitialized
2019-06-13 19:28:03,285 INFO  server.RaftServerConfigKeys (ConfUtils.java:logGet(43)) - raft.server.rpc.timeout.min = 1s (custom)
2019-06-13 19:28:03,285 INFO  server.RaftServerConfigKeys (ConfUtils.java:logGet(43)) - raft.server.rpc.timeout.max = 1200ms (custom)
2019-06-13 19:28:03,285 INFO  server.RaftServerConfigKeys (ConfUtils.java:logGet(43)) - raft.server.rpcslowness.timeout = 120s (custom)
2019-06-13 19:28:03,286 INFO  server.RaftServerConfigKeys (ConfUtils.java:logGet(43)) - raft.server.log.appender.install.snapshot.enabled = true (default)
2019-06-13 19:28:03,286 INFO  impl.RaftServerImpl (ServerState.java:<init>(101)) - 55807662-1fb6-432b-a7f5-16e3669fd60c:group-6A5F44BA289D ConfigurationManager, init=-1: [55807662-1fb6-432b-a7f5-16e3669fd60c:192.168.46.41:42515], old=null, confs=<EMPTY_MAP>
2019-06-13 19:28:03,286 INFO  server.RaftServerConfigKeys (ConfUtils.java:logGet(43)) - raft.server.storage.dir = [/opt/src/hadoop-ozone/integration-test/target/test-dir/MiniOzoneClusterImpl-2d566019-9dca-431a-9fd8-c89de31af412/datanode-6/data/ratis] (custom)
2019-06-13 19:28:03,286 INFO  storage.RaftStorageDirectory (RaftStorageDirectory.java:analyzeStorage(246)) - The storage directory /opt/src/hadoop-ozone/integration-test/target/test-dir/MiniOzoneClusterImpl-2d566019-9dca-431a-9fd8-c89de31af412/datanode-6/data/ratis/56d909c3-6e05-4ba8-8473-6a5f44ba289d does not exist. Creating ...
2019-06-13 19:28:03,288 INFO  storage.RaftStorageDirectory (RaftStorageDirectory.java:tryLock(328)) - Lock on /opt/src/hadoop-ozone/integration-test/target/test-dir/MiniOzoneClusterImpl-2d566019-9dca-431a-9fd8-c89de31af412/datanode-6/data/ratis/56d909c3-6e05-4ba8-8473-6a5f44ba289d/in_use.lock acquired by nodename 10101@ozone-ld922-666477418
2019-06-13 19:28:03,290 INFO  storage.RaftStorage (RaftStorage.java:format(75)) - Storage directory /opt/src/hadoop-ozone/integration-test/target/test-dir/MiniOzoneClusterImpl-2d566019-9dca-431a-9fd8-c89de31af412/datanode-6/data/ratis/56d909c3-6e05-4ba8-8473-6a5f44ba289d has been successfully formatted.
2019-06-13 19:28:03,290 INFO  ratis.ContainerStateMachine (ContainerStateMachine.java:loadSnapshot(199)) - The snapshot info is null.Setting the last applied index to:(t:0, i:~)
2019-06-13 19:28:03,290 INFO  server.RaftServerConfigKeys (ConfUtils.java:logGet(43)) - raft.server.leader.election.timeout = 120s (custom)
2019-06-13 19:28:03,290 INFO  server.RaftServerConfigKeys (ConfUtils.java:logGet(43)) - raft.server.log.use.memory = false (default)
2019-06-13 19:28:03,291 INFO  server.RaftServerConfigKeys (ConfUtils.java:logGet(43)) - raft.server.log.appender.buffer.byte-limit = 33554432 (custom)
2019-06-13 19:28:03,291 INFO  server.RaftServerConfigKeys (ConfUtils.java:logGet(43)) - raft.server.log.segment.size.max = 16384 (custom)
2019-06-13 19:28:03,291 INFO  server.RaftServerConfigKeys (ConfUtils.java:logGet(43)) - raft.server.log.segment.cache.num.max = 2 (custom)
2019-06-13 19:28:03,291 INFO  storage.RaftLogWorker (RaftLogWorker.java:<init>(123)) - new 55807662-1fb6-432b-a7f5-16e3669fd60c-RaftLogWorker for Storage Directory /opt/src/hadoop-ozone/integration-test/target/test-dir/MiniOzoneClusterImpl-2d566019-9dca-431a-9fd8-c89de31af412/datanode-6/data/ratis/56d909c3-6e05-4ba8-8473-6a5f44ba289d
2019-06-13 19:28:03,291 INFO  server.RaftServerConfigKeys (ConfUtils.java:logGet(43)) - raft.server.log.queue.byte-limit = 2147483647 (custom)
2019-06-13 19:28:03,291 INFO  server.RaftServerConfigKeys (ConfUtils.java:logGet(43)) - raft.server.log.queue.element-limit = 1024 (custom)
2019-06-13 19:28:03,291 INFO  server.RaftServerConfigKeys (ConfUtils.java:logGet(43)) - raft.server.log.segment.size.max = 16384 (custom)
2019-06-13 19:28:03,291 INFO  server.RaftServerConfigKeys (ConfUtils.java:logGet(43)) - raft.server.log.preallocated.size = 16384 (custom)
2019-06-13 19:28:03,291 INFO  server.RaftServerConfigKeys (ConfUtils.java:logGet(43)) - raft.server.log.write.buffer.size = 33554432 (custom)
2019-06-13 19:28:03,291 INFO  server.RaftServerConfigKeys (ConfUtils.java:logGet(43)) - raft.server.log.force.sync.num = 128 (default)
2019-06-13 19:28:03,292 INFO  server.RaftServerConfigKeys (ConfUtils.java:logGet(43)) - raft.server.log.statemachine.data.sync = true (default)
2019-06-13 19:28:03,292 INFO  server.RaftServerConfigKeys (ConfUtils.java:logGet(43)) - raft.server.log.statemachine.data.sync.timeout = 10s (default)
2019-06-13 19:28:03,292 INFO  server.RaftServerConfigKeys (ConfUtils.java:logGet(43)) - raft.server.log.statemachine.data.sync.timeout.retry = -1 (default)
2019-06-13 19:28:03,292 INFO  server.RaftServerConfigKeys (ConfUtils.java:logGet(43)) - raft.server.log.statemachine.data.caching.enabled = true (custom)
2019-06-13 19:28:03,292 INFO  server.RaftServerConfigKeys (ConfUtils.java:logGet(43)) - raft.server.snapshot.auto.trigger.enabled = true (custom)
2019-06-13 19:28:03,292 INFO  server.RaftServerConfigKeys (ConfUtils.java:logGet(43)) - raft.server.snapshot.auto.trigger.threshold = 10000 (custom)
2019-06-13 19:28:03,292 INFO  server.RaftServerConfigKeys (ConfUtils.java:logGet(43)) - raft.server.retrycache.expirytime = 600000ms (custom)
2019-06-13 19:28:03,293 INFO  impl.RaftServerImpl (RaftServerImpl.java:start(173)) - 55807662-1fb6-432b-a7f5-16e3669fd60c: start group-6A5F44BA289D
2019-06-13 19:28:03,293 INFO  impl.RaftServerImpl (RaftServerImpl.java:setRole(164)) - 55807662-1fb6-432b-a7f5-16e3669fd60c:group-6A5F44BA289D changes role from null to FOLLOWER at term 0 for startAsFollower
2019-06-13 19:28:03,293 INFO  impl.RoleInfo (RoleInfo.java:updateAndGet(143)) - 55807662-1fb6-432b-a7f5-16e3669fd60c: start FollowerState
2019-06-13 19:28:03,293 INFO  util.JmxRegister (JmxRegister.java:tryRegister(44)) - Successfully registered JMX Bean with object name Ratis:service=RaftServer,group=group-6A5F44BA289D,id=55807662-1fb6-432b-a7f5-16e3669fd60c
2019-06-13 19:28:03,294 INFO  pipeline.PipelineStateManager (PipelineStateManager.java:addPipeline(56)) - Created pipeline Pipeline[ Id: 56d909c3-6e05-4ba8-8473-6a5f44ba289d, Nodes: 55807662-1fb6-432b-a7f5-16e3669fd60c{ip: 192.168.46.41, host: ozone-ld922-666477418, networkLocation: /default-rack, certSerialId: null}, Type:RATIS, Factor:ONE, State:OPEN]
2019-06-13 19:28:03,554 INFO  impl.FollowerState (FollowerState.java:run(101)) - d2a8fb4f-a5c5-464b-bdfb-246d8a56d073:group-C2FE3CA5827F changes to CANDIDATE, lastRpcTime:1146, electionTimeout:1146ms
2019-06-13 19:28:03,554 INFO  impl.RoleInfo (RoleInfo.java:shutdownFollowerState(121)) - d2a8fb4f-a5c5-464b-bdfb-246d8a56d073: shutdown FollowerState
2019-06-13 19:28:03,554 INFO  impl.RaftServerImpl (RaftServerImpl.java:setRole(164)) - d2a8fb4f-a5c5-464b-bdfb-246d8a56d073:group-C2FE3CA5827F changes role from FOLLOWER to CANDIDATE at term 0 for changeToCandidate
2019-06-13 19:28:03,554 INFO  impl.RoleInfo (RoleInfo.java:updateAndGet(143)) - d2a8fb4f-a5c5-464b-bdfb-246d8a56d073: start LeaderElection
2019-06-13 19:28:03,560 INFO  impl.LeaderElection (LeaderElection.java:askForVotes(181)) - d2a8fb4f-a5c5-464b-bdfb-246d8a56d073:group-C2FE3CA5827F:LeaderElection32: begin an election at term 1 for -1: [d2a8fb4f-a5c5-464b-bdfb-246d8a56d073:192.168.46.41:38763], old=null
2019-06-13 19:28:03,560 INFO  impl.RoleInfo (RoleInfo.java:shutdownLeaderElection(134)) - d2a8fb4f-a5c5-464b-bdfb-246d8a56d073: shutdown LeaderElection
2019-06-13 19:28:03,560 INFO  impl.RaftServerImpl (RaftServerImpl.java:setRole(164)) - d2a8fb4f-a5c5-464b-bdfb-246d8a56d073:group-C2FE3CA5827F changes role from CANDIDATE to LEADER at term 1 for changeToLeader
2019-06-13 19:28:03,560 INFO  impl.RaftServerImpl (ServerState.java:setLeader(263)) - d2a8fb4f-a5c5-464b-bdfb-246d8a56d073:group-C2FE3CA5827F change Leader from null to d2a8fb4f-a5c5-464b-bdfb-246d8a56d073 at term 1 for becomeLeader, leader elected after 1154ms
2019-06-13 19:28:03,560 INFO  server.RaftServerConfigKeys (ConfUtils.java:logGet(43)) - raft.server.staging.catchup.gap = 1000 (default)
2019-06-13 19:28:03,560 INFO  server.RaftServerConfigKeys (ConfUtils.java:logGet(43)) - raft.server.rpc.sleep.time = 25ms (default)
2019-06-13 19:28:03,560 INFO  server.RaftServerConfigKeys (ConfUtils.java:logGet(43)) - raft.server.watch.timeout = 10s (default)
2019-06-13 19:28:03,560 INFO  server.RaftServerConfigKeys (ConfUtils.java:logGet(43)) - raft.server.watch.timeout.denomination = 1s (default)
2019-06-13 19:28:03,560 INFO  impl.RoleInfo (RoleInfo.java:updateAndGet(143)) - d2a8fb4f-a5c5-464b-bdfb-246d8a56d073: start LeaderState
2019-06-13 19:28:03,560 INFO  storage.RaftLogWorker (RaftLogWorker.java:startLogSegment(298)) - d2a8fb4f-a5c5-464b-bdfb-246d8a56d073-RaftLogWorker: Starting segment from index:0
2019-06-13 19:28:03,561 INFO  impl.RaftServerImpl (ServerState.java:setRaftConf(361)) - d2a8fb4f-a5c5-464b-bdfb-246d8a56d073:group-C2FE3CA5827F set configuration 0: [d2a8fb4f-a5c5-464b-bdfb-246d8a56d073:192.168.46.41:38763], old=null at 0
2019-06-13 19:28:03,595 INFO  storage.RaftLogWorker (RaftLogWorker.java:execute(469)) - d2a8fb4f-a5c5-464b-bdfb-246d8a56d073-RaftLogWorker: created new log segment /opt/src/hadoop-ozone/integration-test/target/test-dir/MiniOzoneClusterImpl-2d566019-9dca-431a-9fd8-c89de31af412/datanode-1/data/ratis/0a07d799-dd7e-4c97-85fa-c2fe3ca5827f/current/log_inprogress_0
2019-06-13 19:28:03,637 INFO  impl.FollowerState (FollowerState.java:run(101)) - d2a8fb4f-a5c5-464b-bdfb-246d8a56d073:group-6A49F4A4707F changes to CANDIDATE, lastRpcTime:1027, electionTimeout:1026ms
2019-06-13 19:28:03,637 INFO  impl.RoleInfo (RoleInfo.java:shutdownFollowerState(121)) - d2a8fb4f-a5c5-464b-bdfb-246d8a56d073: shutdown FollowerState
2019-06-13 19:28:03,637 INFO  impl.RaftServerImpl (RaftServerImpl.java:setRole(164)) - d2a8fb4f-a5c5-464b-bdfb-246d8a56d073:group-6A49F4A4707F changes role from FOLLOWER to CANDIDATE at term 0 for changeToCandidate
2019-06-13 19:28:03,637 INFO  impl.RoleInfo (RoleInfo.java:updateAndGet(143)) - d2a8fb4f-a5c5-464b-bdfb-246d8a56d073: start LeaderElection
2019-06-13 19:28:03,642 INFO  impl.LeaderElection (LeaderElection.java:askForVotes(181)) - d2a8fb4f-a5c5-464b-bdfb-246d8a56d073:group-6A49F4A4707F:LeaderElection33: begin an election at term 1 for -1: [969de2d3-37f1-4cc6-a93a-4fa259d4d74d:192.168.46.41:43887, d2a8fb4f-a5c5-464b-bdfb-246d8a56d073:192.168.46.41:38763, 2a59d514-8ae8-4317-9248-497315392245:192.168.46.41:43317], old=null
2019-06-13 19:28:03,649 INFO  impl.RaftServerImpl (RaftServerImpl.java:setRole(164)) - 969de2d3-37f1-4cc6-a93a-4fa259d4d74d:group-6A49F4A4707F changes role from FOLLOWER to FOLLOWER at term 1 for recognizeCandidate:d2a8fb4f-a5c5-464b-bdfb-246d8a56d073
2019-06-13 19:28:03,649 INFO  impl.RoleInfo (RoleInfo.java:shutdownFollowerState(121)) - 969de2d3-37f1-4cc6-a93a-4fa259d4d74d: shutdown FollowerState
2019-06-13 19:28:03,649 INFO  impl.RoleInfo (RoleInfo.java:updateAndGet(143)) - 969de2d3-37f1-4cc6-a93a-4fa259d4d74d: start FollowerState
2019-06-13 19:28:03,649 INFO  impl.FollowerState (FollowerState.java:run(109)) - 969de2d3-37f1-4cc6-a93a-4fa259d4d74d: FollowerState was interrupted: java.lang.InterruptedException: sleep interrupted
2019-06-13 19:28:03,651 INFO  impl.RaftServerImpl (RaftServerImpl.java:setRole(164)) - 2a59d514-8ae8-4317-9248-497315392245:group-6A49F4A4707F changes role from FOLLOWER to FOLLOWER at term 1 for recognizeCandidate:d2a8fb4f-a5c5-464b-bdfb-246d8a56d073
2019-06-13 19:28:03,652 INFO  impl.RoleInfo (RoleInfo.java:shutdownFollowerState(121)) - 2a59d514-8ae8-4317-9248-497315392245: shutdown FollowerState
2019-06-13 19:28:03,652 INFO  impl.RoleInfo (RoleInfo.java:updateAndGet(143)) - 2a59d514-8ae8-4317-9248-497315392245: start FollowerState
2019-06-13 19:28:03,652 INFO  impl.FollowerState (FollowerState.java:run(109)) - 2a59d514-8ae8-4317-9248-497315392245: FollowerState was interrupted: java.lang.InterruptedException: sleep interrupted
2019-06-13 19:28:03,653 INFO  impl.LeaderElection (LeaderElection.java:logAndReturn(56)) - d2a8fb4f-a5c5-464b-bdfb-246d8a56d073:group-6A49F4A4707F:LeaderElection33: Election PASSED; received 1 response(s) [d2a8fb4f-a5c5-464b-bdfb-246d8a56d073->969de2d3-37f1-4cc6-a93a-4fa259d4d74d,true-t1] and 0 exception(s); d2a8fb4f-a5c5-464b-bdfb-246d8a56d073:t1, leader=null, voted=d2a8fb4f-a5c5-464b-bdfb-246d8a56d073, raftlog=d2a8fb4f-a5c5-464b-bdfb-246d8a56d073-SegmentedRaftLog:OPENED:c-1,f-1,i0, conf=-1: [969de2d3-37f1-4cc6-a93a-4fa259d4d74d:192.168.46.41:43887, d2a8fb4f-a5c5-464b-bdfb-246d8a56d073:192.168.46.41:38763, 2a59d514-8ae8-4317-9248-497315392245:192.168.46.41:43317], old=null
2019-06-13 19:28:03,653 INFO  impl.RoleInfo (RoleInfo.java:shutdownLeaderElection(134)) - d2a8fb4f-a5c5-464b-bdfb-246d8a56d073: shutdown LeaderElection
2019-06-13 19:28:03,653 INFO  impl.RaftServerImpl (RaftServerImpl.java:setRole(164)) - d2a8fb4f-a5c5-464b-bdfb-246d8a56d073:group-6A49F4A4707F changes role from CANDIDATE to LEADER at term 1 for changeToLeader
2019-06-13 19:28:03,653 INFO  impl.RaftServerImpl (ServerState.java:setLeader(263)) - d2a8fb4f-a5c5-464b-bdfb-246d8a56d073:group-6A49F4A4707F change Leader from null to d2a8fb4f-a5c5-464b-bdfb-246d8a56d073 at term 1 for becomeLeader, leader elected after 1049ms
2019-06-13 19:28:03,653 INFO  server.RaftServerConfigKeys (ConfUtils.java:logGet(43)) - raft.server.staging.catchup.gap = 1000 (default)
2019-06-13 19:28:03,653 INFO  server.RaftServerConfigKeys (ConfUtils.java:logGet(43)) - raft.server.rpc.sleep.time = 25ms (default)
2019-06-13 19:28:03,653 INFO  server.RaftServerConfigKeys (ConfUtils.java:logGet(43)) - raft.server.watch.timeout = 10s (default)
2019-06-13 19:28:03,653 INFO  server.RaftServerConfigKeys (ConfUtils.java:logGet(43)) - raft.server.watch.timeout.denomination = 1s (default)
2019-06-13 19:28:03,653 INFO  server.RaftServerConfigKeys (ConfUtils.java:logGet(43)) - raft.server.log.appender.snapshot.chunk.size.max = 16MB (=16777216) (default)
2019-06-13 19:28:03,654 INFO  server.RaftServerConfigKeys (ConfUtils.java:logGet(43)) - raft.server.log.appender.buffer.byte-limit = 33554432 (custom)
2019-06-13 19:28:03,654 INFO  server.RaftServerConfigKeys (ConfUtils.java:logGet(43)) - raft.server.log.appender.buffer.element-limit = 1 (custom)
2019-06-13 19:28:03,654 INFO  grpc.GrpcConfigKeys$Server (ConfUtils.java:logGet(43)) - raft.grpc.server.leader.outstanding.appends.max = 128 (default)
2019-06-13 19:28:03,654 INFO  server.RaftServerConfigKeys (ConfUtils.java:logGet(43)) - raft.server.rpc.request.timeout = 3000ms (default)
2019-06-13 19:28:03,654 INFO  server.RaftServerConfigKeys (ConfUtils.java:logGet(43)) - raft.server.log.appender.install.snapshot.enabled = true (default)
2019-06-13 19:28:03,654 INFO  server.RaftServerConfigKeys (ConfUtils.java:logGet(43)) - raft.server.log.appender.snapshot.chunk.size.max = 16MB (=16777216) (default)
2019-06-13 19:28:03,654 INFO  server.RaftServerConfigKeys (ConfUtils.java:logGet(43)) - raft.server.log.appender.buffer.byte-limit = 33554432 (custom)
2019-06-13 19:28:03,654 INFO  server.RaftServerConfigKeys (ConfUtils.java:logGet(43)) - raft.server.log.appender.buffer.element-limit = 1 (custom)
2019-06-13 19:28:03,654 INFO  grpc.GrpcConfigKeys$Server (ConfUtils.java:logGet(43)) - raft.grpc.server.leader.outstanding.appends.max = 128 (default)
2019-06-13 19:28:03,654 INFO  server.RaftServerConfigKeys (ConfUtils.java:logGet(43)) - raft.server.rpc.request.timeout = 3000ms (default)
2019-06-13 19:28:03,655 INFO  server.RaftServerConfigKeys (ConfUtils.java:logGet(43)) - raft.server.log.appender.install.snapshot.enabled = true (default)
2019-06-13 19:28:03,655 INFO  impl.RoleInfo (RoleInfo.java:updateAndGet(143)) - d2a8fb4f-a5c5-464b-bdfb-246d8a56d073: start LeaderState
2019-06-13 19:28:03,655 INFO  storage.RaftLogWorker (RaftLogWorker.java:startLogSegment(298)) - d2a8fb4f-a5c5-464b-bdfb-246d8a56d073-RaftLogWorker: Starting segment from index:0
2019-06-13 19:28:03,661 INFO  impl.RaftServerImpl (ServerState.java:setRaftConf(361)) - d2a8fb4f-a5c5-464b-bdfb-246d8a56d073:group-6A49F4A4707F set configuration 0: [969de2d3-37f1-4cc6-a93a-4fa259d4d74d:192.168.46.41:43887, d2a8fb4f-a5c5-464b-bdfb-246d8a56d073:192.168.46.41:38763, 2a59d514-8ae8-4317-9248-497315392245:192.168.46.41:43317], old=null at 0
2019-06-13 19:28:03,663 INFO  impl.RaftServerImpl (ServerState.java:setLeader(263)) - 969de2d3-37f1-4cc6-a93a-4fa259d4d74d:group-6A49F4A4707F change Leader from null to d2a8fb4f-a5c5-464b-bdfb-246d8a56d073 at term 1 for appendEntries, leader elected after 1049ms
2019-06-13 19:28:03,665 INFO  impl.RaftServerImpl (ServerState.java:setLeader(263)) - 2a59d514-8ae8-4317-9248-497315392245:group-6A49F4A4707F change Leader from null to d2a8fb4f-a5c5-464b-bdfb-246d8a56d073 at term 1 for appendEntries, leader elected after 1059ms
2019-06-13 19:28:03,695 INFO  storage.RaftLogWorker (RaftLogWorker.java:execute(469)) - d2a8fb4f-a5c5-464b-bdfb-246d8a56d073-RaftLogWorker: created new log segment /opt/src/hadoop-ozone/integration-test/target/test-dir/MiniOzoneClusterImpl-2d566019-9dca-431a-9fd8-c89de31af412/datanode-1/data/ratis/dd4b66b9-ee13-499c-aec3-6a49f4a4707f/current/log_inprogress_0
2019-06-13 19:28:03,696 INFO  impl.RaftServerImpl (ServerState.java:setRaftConf(361)) - 969de2d3-37f1-4cc6-a93a-4fa259d4d74d:group-6A49F4A4707F set configuration 0: [969de2d3-37f1-4cc6-a93a-4fa259d4d74d:192.168.46.41:43887, d2a8fb4f-a5c5-464b-bdfb-246d8a56d073:192.168.46.41:38763, 2a59d514-8ae8-4317-9248-497315392245:192.168.46.41:43317], old=null at 0
2019-06-13 19:28:03,696 INFO  storage.RaftLogWorker (RaftLogWorker.java:startLogSegment(298)) - 969de2d3-37f1-4cc6-a93a-4fa259d4d74d-RaftLogWorker: Starting segment from index:0
2019-06-13 19:28:03,698 INFO  impl.RaftServerImpl (ServerState.java:setRaftConf(361)) - 2a59d514-8ae8-4317-9248-497315392245:group-6A49F4A4707F set configuration 0: [969de2d3-37f1-4cc6-a93a-4fa259d4d74d:192.168.46.41:43887, d2a8fb4f-a5c5-464b-bdfb-246d8a56d073:192.168.46.41:38763, 2a59d514-8ae8-4317-9248-497315392245:192.168.46.41:43317], old=null at 0
2019-06-13 19:28:03,699 INFO  storage.RaftLogWorker (RaftLogWorker.java:startLogSegment(298)) - 2a59d514-8ae8-4317-9248-497315392245-RaftLogWorker: Starting segment from index:0
2019-06-13 19:28:03,734 INFO  storage.RaftLogWorker (RaftLogWorker.java:execute(469)) - 969de2d3-37f1-4cc6-a93a-4fa259d4d74d-RaftLogWorker: created new log segment /opt/src/hadoop-ozone/integration-test/target/test-dir/MiniOzoneClusterImpl-2d566019-9dca-431a-9fd8-c89de31af412/datanode-2/data/ratis/dd4b66b9-ee13-499c-aec3-6a49f4a4707f/current/log_inprogress_0
2019-06-13 19:28:03,736 INFO  storage.RaftLogWorker (RaftLogWorker.java:execute(469)) - 2a59d514-8ae8-4317-9248-497315392245-RaftLogWorker: created new log segment /opt/src/hadoop-ozone/integration-test/target/test-dir/MiniOzoneClusterImpl-2d566019-9dca-431a-9fd8-c89de31af412/datanode-0/data/ratis/dd4b66b9-ee13-499c-aec3-6a49f4a4707f/current/log_inprogress_0
2019-06-13 19:28:03,748 INFO  impl.FollowerState (FollowerState.java:run(101)) - 969de2d3-37f1-4cc6-a93a-4fa259d4d74d:group-59B61C5ED712 changes to CANDIDATE, lastRpcTime:1170, electionTimeout:1170ms
2019-06-13 19:28:03,748 INFO  impl.RoleInfo (RoleInfo.java:shutdownFollowerState(121)) - 969de2d3-37f1-4cc6-a93a-4fa259d4d74d: shutdown FollowerState
2019-06-13 19:28:03,748 INFO  impl.RaftServerImpl (RaftServerImpl.java:setRole(164)) - 969de2d3-37f1-4cc6-a93a-4fa259d4d74d:group-59B61C5ED712 changes role from FOLLOWER to CANDIDATE at term 0 for changeToCandidate
2019-06-13 19:28:03,748 INFO  impl.RoleInfo (RoleInfo.java:updateAndGet(143)) - 969de2d3-37f1-4cc6-a93a-4fa259d4d74d: start LeaderElection
2019-06-13 19:28:03,754 INFO  impl.LeaderElection (LeaderElection.java:askForVotes(181)) - 969de2d3-37f1-4cc6-a93a-4fa259d4d74d:group-59B61C5ED712:LeaderElection34: begin an election at term 1 for -1: [969de2d3-37f1-4cc6-a93a-4fa259d4d74d:192.168.46.41:43887], old=null
2019-06-13 19:28:03,754 INFO  impl.RoleInfo (RoleInfo.java:shutdownLeaderElection(134)) - 969de2d3-37f1-4cc6-a93a-4fa259d4d74d: shutdown LeaderElection
2019-06-13 19:28:03,754 INFO  impl.RaftServerImpl (RaftServerImpl.java:setRole(164)) - 969de2d3-37f1-4cc6-a93a-4fa259d4d74d:group-59B61C5ED712 changes role from CANDIDATE to LEADER at term 1 for changeToLeader
2019-06-13 19:28:03,754 INFO  impl.RaftServerImpl (ServerState.java:setLeader(263)) - 969de2d3-37f1-4cc6-a93a-4fa259d4d74d:group-59B61C5ED712 change Leader from null to 969de2d3-37f1-4cc6-a93a-4fa259d4d74d at term 1 for becomeLeader, leader elected after 1178ms
2019-06-13 19:28:03,754 INFO  server.RaftServerConfigKeys (ConfUtils.java:logGet(43)) - raft.server.staging.catchup.gap = 1000 (default)
2019-06-13 19:28:03,754 INFO  server.RaftServerConfigKeys (ConfUtils.java:logGet(43)) - raft.server.rpc.sleep.time = 25ms (default)
2019-06-13 19:28:03,755 INFO  server.RaftServerConfigKeys (ConfUtils.java:logGet(43)) - raft.server.watch.timeout = 10s (default)
2019-06-13 19:28:03,755 INFO  server.RaftServerConfigKeys (ConfUtils.java:logGet(43)) - raft.server.watch.timeout.denomination = 1s (default)
2019-06-13 19:28:03,755 INFO  impl.RoleInfo (RoleInfo.java:updateAndGet(143)) - 969de2d3-37f1-4cc6-a93a-4fa259d4d74d: start LeaderState
2019-06-13 19:28:03,755 INFO  storage.RaftLogWorker (RaftLogWorker.java:startLogSegment(298)) - 969de2d3-37f1-4cc6-a93a-4fa259d4d74d-RaftLogWorker: Starting segment from index:0
2019-06-13 19:28:03,755 INFO  impl.RaftServerImpl (ServerState.java:setRaftConf(361)) - 969de2d3-37f1-4cc6-a93a-4fa259d4d74d:group-59B61C5ED712 set configuration 0: [969de2d3-37f1-4cc6-a93a-4fa259d4d74d:192.168.46.41:43887], old=null at 0
2019-06-13 19:28:03,795 INFO  storage.RaftLogWorker (RaftLogWorker.java:execute(469)) - 969de2d3-37f1-4cc6-a93a-4fa259d4d74d-RaftLogWorker: created new log segment /opt/src/hadoop-ozone/integration-test/target/test-dir/MiniOzoneClusterImpl-2d566019-9dca-431a-9fd8-c89de31af412/datanode-2/data/ratis/09104e3a-2367-4786-9dd5-59b61c5ed712/current/log_inprogress_0
2019-06-13 19:28:03,915 INFO  impl.FollowerState (FollowerState.java:run(101)) - 60d02a94-5cce-4a56-be5d-e43810a0e79d:group-1E31D1327557 changes to CANDIDATE, lastRpcTime:1191, electionTimeout:1191ms
2019-06-13 19:28:03,915 INFO  impl.RoleInfo (RoleInfo.java:shutdownFollowerState(121)) - 60d02a94-5cce-4a56-be5d-e43810a0e79d: shutdown FollowerState
2019-06-13 19:28:03,915 INFO  impl.RaftServerImpl (RaftServerImpl.java:setRole(164)) - 60d02a94-5cce-4a56-be5d-e43810a0e79d:group-1E31D1327557 changes role from FOLLOWER to CANDIDATE at term 0 for changeToCandidate
2019-06-13 19:28:03,915 INFO  impl.RoleInfo (RoleInfo.java:updateAndGet(143)) - 60d02a94-5cce-4a56-be5d-e43810a0e79d: start LeaderElection
2019-06-13 19:28:03,922 INFO  impl.LeaderElection (LeaderElection.java:askForVotes(181)) - 60d02a94-5cce-4a56-be5d-e43810a0e79d:group-1E31D1327557:LeaderElection35: begin an election at term 1 for -1: [60d02a94-5cce-4a56-be5d-e43810a0e79d:192.168.46.41:41661], old=null
2019-06-13 19:28:03,922 INFO  impl.RoleInfo (RoleInfo.java:shutdownLeaderElection(134)) - 60d02a94-5cce-4a56-be5d-e43810a0e79d: shutdown LeaderElection
2019-06-13 19:28:03,922 INFO  impl.RaftServerImpl (RaftServerImpl.java:setRole(164)) - 60d02a94-5cce-4a56-be5d-e43810a0e79d:group-1E31D1327557 changes role from CANDIDATE to LEADER at term 1 for changeToLeader
2019-06-13 19:28:03,922 INFO  impl.RaftServerImpl (ServerState.java:setLeader(263)) - 60d02a94-5cce-4a56-be5d-e43810a0e79d:group-1E31D1327557 change Leader from null to 60d02a94-5cce-4a56-be5d-e43810a0e79d at term 1 for becomeLeader, leader elected after 1200ms
2019-06-13 19:28:03,922 INFO  server.RaftServerConfigKeys (ConfUtils.java:logGet(43)) - raft.server.staging.catchup.gap = 1000 (default)
2019-06-13 19:28:03,922 INFO  server.RaftServerConfigKeys (ConfUtils.java:logGet(43)) - raft.server.rpc.sleep.time = 25ms (default)
2019-06-13 19:28:03,922 INFO  server.RaftServerConfigKeys (ConfUtils.java:logGet(43)) - raft.server.watch.timeout = 10s (default)
2019-06-13 19:28:03,923 INFO  server.RaftServerConfigKeys (ConfUtils.java:logGet(43)) - raft.server.watch.timeout.denomination = 1s (default)
2019-06-13 19:28:03,923 INFO  impl.RoleInfo (RoleInfo.java:updateAndGet(143)) - 60d02a94-5cce-4a56-be5d-e43810a0e79d: start LeaderState
2019-06-13 19:28:03,923 INFO  storage.RaftLogWorker (RaftLogWorker.java:startLogSegment(298)) - 60d02a94-5cce-4a56-be5d-e43810a0e79d-RaftLogWorker: Starting segment from index:0
2019-06-13 19:28:03,923 INFO  impl.RaftServerImpl (ServerState.java:setRaftConf(361)) - 60d02a94-5cce-4a56-be5d-e43810a0e79d:group-1E31D1327557 set configuration 0: [60d02a94-5cce-4a56-be5d-e43810a0e79d:192.168.46.41:41661], old=null at 0
2019-06-13 19:28:03,964 INFO  storage.RaftLogWorker (RaftLogWorker.java:execute(469)) - 60d02a94-5cce-4a56-be5d-e43810a0e79d-RaftLogWorker: created new log segment /opt/src/hadoop-ozone/integration-test/target/test-dir/MiniOzoneClusterImpl-2d566019-9dca-431a-9fd8-c89de31af412/datanode-3/data/ratis/46cf7739-f897-4055-9c4e-1e31d1327557/current/log_inprogress_0
2019-06-13 19:28:04,022 INFO  impl.FollowerState (FollowerState.java:run(101)) - 51e17adc-5bd6-45a6-93b3-9e665e107d41:group-3F9129C825D7 changes to CANDIDATE, lastRpcTime:1081, electionTimeout:1081ms
2019-06-13 19:28:04,022 INFO  impl.RoleInfo (RoleInfo.java:shutdownFollowerState(121)) - 51e17adc-5bd6-45a6-93b3-9e665e107d41: shutdown FollowerState
2019-06-13 19:28:04,022 INFO  impl.RaftServerImpl (RaftServerImpl.java:setRole(164)) - 51e17adc-5bd6-45a6-93b3-9e665e107d41:group-3F9129C825D7 changes role from FOLLOWER to CANDIDATE at term 0 for changeToCandidate
2019-06-13 19:28:04,022 INFO  impl.RoleInfo (RoleInfo.java:updateAndGet(143)) - 51e17adc-5bd6-45a6-93b3-9e665e107d41: start LeaderElection
2019-06-13 19:28:04,028 INFO  impl.LeaderElection (LeaderElection.java:askForVotes(181)) - 51e17adc-5bd6-45a6-93b3-9e665e107d41:group-3F9129C825D7:LeaderElection36: begin an election at term 1 for -1: [51e17adc-5bd6-45a6-93b3-9e665e107d41:192.168.46.41:32769], old=null
2019-06-13 19:28:04,028 INFO  impl.RoleInfo (RoleInfo.java:shutdownLeaderElection(134)) - 51e17adc-5bd6-45a6-93b3-9e665e107d41: shutdown LeaderElection
2019-06-13 19:28:04,028 INFO  impl.RaftServerImpl (RaftServerImpl.java:setRole(164)) - 51e17adc-5bd6-45a6-93b3-9e665e107d41:group-3F9129C825D7 changes role from CANDIDATE to LEADER at term 1 for changeToLeader
2019-06-13 19:28:04,028 INFO  impl.RaftServerImpl (ServerState.java:setLeader(263)) - 51e17adc-5bd6-45a6-93b3-9e665e107d41:group-3F9129C825D7 change Leader from null to 51e17adc-5bd6-45a6-93b3-9e665e107d41 at term 1 for becomeLeader, leader elected after 1089ms
2019-06-13 19:28:04,028 INFO  server.RaftServerConfigKeys (ConfUtils.java:logGet(43)) - raft.server.staging.catchup.gap = 1000 (default)
2019-06-13 19:28:04,029 INFO  server.RaftServerConfigKeys (ConfUtils.java:logGet(43)) - raft.server.rpc.sleep.time = 25ms (default)
2019-06-13 19:28:04,029 INFO  server.RaftServerConfigKeys (ConfUtils.java:logGet(43)) - raft.server.watch.timeout = 10s (default)
2019-06-13 19:28:04,029 INFO  server.RaftServerConfigKeys (ConfUtils.java:logGet(43)) - raft.server.watch.timeout.denomination = 1s (default)
2019-06-13 19:28:04,029 INFO  impl.RoleInfo (RoleInfo.java:updateAndGet(143)) - 51e17adc-5bd6-45a6-93b3-9e665e107d41: start LeaderState
2019-06-13 19:28:04,029 INFO  storage.RaftLogWorker (RaftLogWorker.java:startLogSegment(298)) - 51e17adc-5bd6-45a6-93b3-9e665e107d41-RaftLogWorker: Starting segment from index:0
2019-06-13 19:28:04,029 INFO  impl.RaftServerImpl (ServerState.java:setRaftConf(361)) - 51e17adc-5bd6-45a6-93b3-9e665e107d41:group-3F9129C825D7 set configuration 0: [51e17adc-5bd6-45a6-93b3-9e665e107d41:192.168.46.41:32769], old=null at 0
2019-06-13 19:28:04,064 INFO  storage.RaftLogWorker (RaftLogWorker.java:execute(469)) - 51e17adc-5bd6-45a6-93b3-9e665e107d41-RaftLogWorker: created new log segment /opt/src/hadoop-ozone/integration-test/target/test-dir/MiniOzoneClusterImpl-2d566019-9dca-431a-9fd8-c89de31af412/datanode-4/data/ratis/4be8b9bf-24d2-4a97-ad2d-3f9129c825d7/current/log_inprogress_0
2019-06-13 19:28:04,220 INFO  impl.FollowerState (FollowerState.java:run(101)) - 872c11b4-9146-4433-bdbe-034cf839c042:group-33A544658F46 changes to CANDIDATE, lastRpcTime:1070, electionTimeout:1066ms
2019-06-13 19:28:04,220 INFO  impl.RoleInfo (RoleInfo.java:shutdownFollowerState(121)) - 872c11b4-9146-4433-bdbe-034cf839c042: shutdown FollowerState
2019-06-13 19:28:04,220 INFO  impl.RaftServerImpl (RaftServerImpl.java:setRole(164)) - 872c11b4-9146-4433-bdbe-034cf839c042:group-33A544658F46 changes role from FOLLOWER to CANDIDATE at term 0 for changeToCandidate
2019-06-13 19:28:04,221 INFO  impl.RoleInfo (RoleInfo.java:updateAndGet(143)) - 872c11b4-9146-4433-bdbe-034cf839c042: start LeaderElection
2019-06-13 19:28:04,226 INFO  impl.LeaderElection (LeaderElection.java:askForVotes(181)) - 872c11b4-9146-4433-bdbe-034cf839c042:group-33A544658F46:LeaderElection37: begin an election at term 1 for -1: [60d02a94-5cce-4a56-be5d-e43810a0e79d:192.168.46.41:41661, 872c11b4-9146-4433-bdbe-034cf839c042:192.168.46.41:38145, 51e17adc-5bd6-45a6-93b3-9e665e107d41:192.168.46.41:32769], old=null
2019-06-13 19:28:04,232 INFO  impl.RaftServerImpl (RaftServerImpl.java:setRole(164)) - 51e17adc-5bd6-45a6-93b3-9e665e107d41:group-33A544658F46 changes role from FOLLOWER to FOLLOWER at term 1 for recognizeCandidate:872c11b4-9146-4433-bdbe-034cf839c042
2019-06-13 19:28:04,232 INFO  impl.RoleInfo (RoleInfo.java:shutdownFollowerState(121)) - 51e17adc-5bd6-45a6-93b3-9e665e107d41: shutdown FollowerState
2019-06-13 19:28:04,232 INFO  impl.RoleInfo (RoleInfo.java:updateAndGet(143)) - 51e17adc-5bd6-45a6-93b3-9e665e107d41: start FollowerState
2019-06-13 19:28:04,232 INFO  impl.FollowerState (FollowerState.java:run(109)) - 51e17adc-5bd6-45a6-93b3-9e665e107d41: FollowerState was interrupted: java.lang.InterruptedException: sleep interrupted
2019-06-13 19:28:04,234 INFO  impl.RaftServerImpl (RaftServerImpl.java:setRole(164)) - 60d02a94-5cce-4a56-be5d-e43810a0e79d:group-33A544658F46 changes role from FOLLOWER to FOLLOWER at term 1 for recognizeCandidate:872c11b4-9146-4433-bdbe-034cf839c042
2019-06-13 19:28:04,234 INFO  impl.RoleInfo (RoleInfo.java:shutdownFollowerState(121)) - 60d02a94-5cce-4a56-be5d-e43810a0e79d: shutdown FollowerState
2019-06-13 19:28:04,234 INFO  impl.RoleInfo (RoleInfo.java:updateAndGet(143)) - 60d02a94-5cce-4a56-be5d-e43810a0e79d: start FollowerState
2019-06-13 19:28:04,234 INFO  impl.FollowerState (FollowerState.java:run(109)) - 60d02a94-5cce-4a56-be5d-e43810a0e79d: FollowerState was interrupted: java.lang.InterruptedException: sleep interrupted
2019-06-13 19:28:04,238 INFO  impl.LeaderElection (LeaderElection.java:logAndReturn(56)) - 872c11b4-9146-4433-bdbe-034cf839c042:group-33A544658F46:LeaderElection37: Election PASSED; received 1 response(s) [872c11b4-9146-4433-bdbe-034cf839c042->51e17adc-5bd6-45a6-93b3-9e665e107d41,true-t1] and 0 exception(s); 872c11b4-9146-4433-bdbe-034cf839c042:t1, leader=null, voted=872c11b4-9146-4433-bdbe-034cf839c042, raftlog=872c11b4-9146-4433-bdbe-034cf839c042-SegmentedRaftLog:OPENED:c-1,f-1,i0, conf=-1: [60d02a94-5cce-4a56-be5d-e43810a0e79d:192.168.46.41:41661, 872c11b4-9146-4433-bdbe-034cf839c042:192.168.46.41:38145, 51e17adc-5bd6-45a6-93b3-9e665e107d41:192.168.46.41:32769], old=null
2019-06-13 19:28:04,238 INFO  impl.RoleInfo (RoleInfo.java:shutdownLeaderElection(134)) - 872c11b4-9146-4433-bdbe-034cf839c042: shutdown LeaderElection
2019-06-13 19:28:04,238 INFO  impl.RaftServerImpl (RaftServerImpl.java:setRole(164)) - 872c11b4-9146-4433-bdbe-034cf839c042:group-33A544658F46 changes role from CANDIDATE to LEADER at term 1 for changeToLeader
2019-06-13 19:28:04,238 INFO  impl.RaftServerImpl (ServerState.java:setLeader(263)) - 872c11b4-9146-4433-bdbe-034cf839c042:group-33A544658F46 change Leader from null to 872c11b4-9146-4433-bdbe-034cf839c042 at term 1 for becomeLeader, leader elected after 1097ms
2019-06-13 19:28:04,238 INFO  server.RaftServerConfigKeys (ConfUtils.java:logGet(43)) - raft.server.staging.catchup.gap = 1000 (default)
2019-06-13 19:28:04,238 INFO  server.RaftServerConfigKeys (ConfUtils.java:logGet(43)) - raft.server.rpc.sleep.time = 25ms (default)
2019-06-13 19:28:04,238 INFO  server.RaftServerConfigKeys (ConfUtils.java:logGet(43)) - raft.server.watch.timeout = 10s (default)
2019-06-13 19:28:04,238 INFO  server.RaftServerConfigKeys (ConfUtils.java:logGet(43)) - raft.server.watch.timeout.denomination = 1s (default)
2019-06-13 19:28:04,239 INFO  server.RaftServerConfigKeys (ConfUtils.java:logGet(43)) - raft.server.log.appender.snapshot.chunk.size.max = 16MB (=16777216) (default)
2019-06-13 19:28:04,239 INFO  server.RaftServerConfigKeys (ConfUtils.java:logGet(43)) - raft.server.log.appender.buffer.byte-limit = 33554432 (custom)
2019-06-13 19:28:04,239 INFO  server.RaftServerConfigKeys (ConfUtils.java:logGet(43)) - raft.server.log.appender.buffer.element-limit = 1 (custom)
2019-06-13 19:28:04,239 INFO  grpc.GrpcConfigKeys$Server (ConfUtils.java:logGet(43)) - raft.grpc.server.leader.outstanding.appends.max = 128 (default)
2019-06-13 19:28:04,239 INFO  server.RaftServerConfigKeys (ConfUtils.java:logGet(43)) - raft.server.rpc.request.timeout = 3000ms (default)
2019-06-13 19:28:04,239 INFO  server.RaftServerConfigKeys (ConfUtils.java:logGet(43)) - raft.server.log.appender.install.snapshot.enabled = true (default)
2019-06-13 19:28:04,239 INFO  server.RaftServerConfigKeys (ConfUtils.java:logGet(43)) - raft.server.log.appender.snapshot.chunk.size.max = 16MB (=16777216) (default)
2019-06-13 19:28:04,239 INFO  server.RaftServerConfigKeys (ConfUtils.java:logGet(43)) - raft.server.log.appender.buffer.byte-limit = 33554432 (custom)
2019-06-13 19:28:04,239 INFO  server.RaftServerConfigKeys (ConfUtils.java:logGet(43)) - raft.server.log.appender.buffer.element-limit = 1 (custom)
2019-06-13 19:28:04,239 INFO  grpc.GrpcConfigKeys$Server (ConfUtils.java:logGet(43)) - raft.grpc.server.leader.outstanding.appends.max = 128 (default)
2019-06-13 19:28:04,239 INFO  server.RaftServerConfigKeys (ConfUtils.java:logGet(43)) - raft.server.rpc.request.timeout = 3000ms (default)
2019-06-13 19:28:04,240 INFO  server.RaftServerConfigKeys (ConfUtils.java:logGet(43)) - raft.server.log.appender.install.snapshot.enabled = true (default)
2019-06-13 19:28:04,240 INFO  impl.RoleInfo (RoleInfo.java:updateAndGet(143)) - 872c11b4-9146-4433-bdbe-034cf839c042: start LeaderState
2019-06-13 19:28:04,240 INFO  storage.RaftLogWorker (RaftLogWorker.java:startLogSegment(298)) - 872c11b4-9146-4433-bdbe-034cf839c042-RaftLogWorker: Starting segment from index:0
2019-06-13 19:28:04,259 INFO  impl.RaftServerImpl (ServerState.java:setLeader(263)) - 60d02a94-5cce-4a56-be5d-e43810a0e79d:group-33A544658F46 change Leader from null to 872c11b4-9146-4433-bdbe-034cf839c042 at term 1 for appendEntries, leader elected after 1119ms
2019-06-13 19:28:04,260 INFO  impl.RaftServerImpl (ServerState.java:setRaftConf(361)) - 872c11b4-9146-4433-bdbe-034cf839c042:group-33A544658F46 set configuration 0: [60d02a94-5cce-4a56-be5d-e43810a0e79d:192.168.46.41:41661, 872c11b4-9146-4433-bdbe-034cf839c042:192.168.46.41:38145, 51e17adc-5bd6-45a6-93b3-9e665e107d41:192.168.46.41:32769], old=null at 0
2019-06-13 19:28:04,278 INFO  ozone.MiniOzoneClusterImpl (MiniOzoneClusterImpl.java:lambda$waitForClusterToBeReady$0(142)) - Cluster is ready. Got 7 of 7 DN Heartbeats.
2019-06-13 19:28:04,281 INFO  impl.FollowerState (FollowerState.java:run(101)) - 872c11b4-9146-4433-bdbe-034cf839c042:group-3C2CB06D21D4 changes to CANDIDATE, lastRpcTime:1160, electionTimeout:1152ms
2019-06-13 19:28:04,284 INFO  impl.RoleInfo (RoleInfo.java:shutdownFollowerState(121)) - 872c11b4-9146-4433-bdbe-034cf839c042: shutdown FollowerState
2019-06-13 19:28:04,284 INFO  impl.RaftServerImpl (RaftServerImpl.java:setRole(164)) - 872c11b4-9146-4433-bdbe-034cf839c042:group-3C2CB06D21D4 changes role from FOLLOWER to CANDIDATE at term 0 for changeToCandidate
2019-06-13 19:28:04,284 INFO  impl.RoleInfo (RoleInfo.java:updateAndGet(143)) - 872c11b4-9146-4433-bdbe-034cf839c042: start LeaderElection
2019-06-13 19:28:04,284 INFO  storage.RaftLogWorker (RaftLogWorker.java:execute(469)) - 872c11b4-9146-4433-bdbe-034cf839c042-RaftLogWorker: created new log segment /opt/src/hadoop-ozone/integration-test/target/test-dir/MiniOzoneClusterImpl-2d566019-9dca-431a-9fd8-c89de31af412/datanode-5/data/ratis/6f8fe1f4-8c97-48db-8a4f-33a544658f46/current/log_inprogress_0
2019-06-13 19:28:04,286 INFO  impl.RaftServerImpl (ServerState.java:setRaftConf(361)) - 60d02a94-5cce-4a56-be5d-e43810a0e79d:group-33A544658F46 set configuration 0: [60d02a94-5cce-4a56-be5d-e43810a0e79d:192.168.46.41:41661, 872c11b4-9146-4433-bdbe-034cf839c042:192.168.46.41:38145, 51e17adc-5bd6-45a6-93b3-9e665e107d41:192.168.46.41:32769], old=null at 0
2019-06-13 19:28:04,287 INFO  storage.RaftLogWorker (RaftLogWorker.java:startLogSegment(298)) - 60d02a94-5cce-4a56-be5d-e43810a0e79d-RaftLogWorker: Starting segment from index:0
2019-06-13 19:28:04,290 INFO  impl.RaftServerImpl (ServerState.java:setLeader(263)) - 51e17adc-5bd6-45a6-93b3-9e665e107d41:group-33A544658F46 change Leader from null to 872c11b4-9146-4433-bdbe-034cf839c042 at term 1 for appendEntries, leader elected after 1152ms
2019-06-13 19:28:04,328 INFO  impl.LeaderElection (LeaderElection.java:askForVotes(181)) - 872c11b4-9146-4433-bdbe-034cf839c042:group-3C2CB06D21D4:LeaderElection38: begin an election at term 1 for -1: [872c11b4-9146-4433-bdbe-034cf839c042:192.168.46.41:38145], old=null
2019-06-13 19:28:04,328 INFO  impl.RoleInfo (RoleInfo.java:shutdownLeaderElection(134)) - 872c11b4-9146-4433-bdbe-034cf839c042: shutdown LeaderElection
2019-06-13 19:28:04,328 INFO  impl.RaftServerImpl (RaftServerImpl.java:setRole(164)) - 872c11b4-9146-4433-bdbe-034cf839c042:group-3C2CB06D21D4 changes role from CANDIDATE to LEADER at term 1 for changeToLeader
2019-06-13 19:28:04,328 INFO  impl.RaftServerImpl (ServerState.java:setLeader(263)) - 872c11b4-9146-4433-bdbe-034cf839c042:group-3C2CB06D21D4 change Leader from null to 872c11b4-9146-4433-bdbe-034cf839c042 at term 1 for becomeLeader, leader elected after 1208ms
2019-06-13 19:28:04,328 INFO  server.RaftServerConfigKeys (ConfUtils.java:logGet(43)) - raft.server.staging.catchup.gap = 1000 (default)
2019-06-13 19:28:04,328 INFO  server.RaftServerConfigKeys (ConfUtils.java:logGet(43)) - raft.server.rpc.sleep.time = 25ms (default)
2019-06-13 19:28:04,328 INFO  server.RaftServerConfigKeys (ConfUtils.java:logGet(43)) - raft.server.watch.timeout = 10s (default)
2019-06-13 19:28:04,328 INFO  server.RaftServerConfigKeys (ConfUtils.java:logGet(43)) - raft.server.watch.timeout.denomination = 1s (default)
2019-06-13 19:28:04,328 INFO  impl.RoleInfo (RoleInfo.java:updateAndGet(143)) - 872c11b4-9146-4433-bdbe-034cf839c042: start LeaderState
2019-06-13 19:28:04,329 INFO  storage.RaftLogWorker (RaftLogWorker.java:startLogSegment(298)) - 872c11b4-9146-4433-bdbe-034cf839c042-RaftLogWorker: Starting segment from index:0
2019-06-13 19:28:04,329 INFO  impl.RaftServerImpl (ServerState.java:setRaftConf(361)) - 51e17adc-5bd6-45a6-93b3-9e665e107d41:group-33A544658F46 set configuration 0: [60d02a94-5cce-4a56-be5d-e43810a0e79d:192.168.46.41:41661, 872c11b4-9146-4433-bdbe-034cf839c042:192.168.46.41:38145, 51e17adc-5bd6-45a6-93b3-9e665e107d41:192.168.46.41:32769], old=null at 0
2019-06-13 19:28:04,329 INFO  storage.RaftLogWorker (RaftLogWorker.java:startLogSegment(298)) - 51e17adc-5bd6-45a6-93b3-9e665e107d41-RaftLogWorker: Starting segment from index:0
2019-06-13 19:28:04,329 INFO  storage.RaftLogWorker (RaftLogWorker.java:execute(469)) - 60d02a94-5cce-4a56-be5d-e43810a0e79d-RaftLogWorker: created new log segment /opt/src/hadoop-ozone/integration-test/target/test-dir/MiniOzoneClusterImpl-2d566019-9dca-431a-9fd8-c89de31af412/datanode-3/data/ratis/6f8fe1f4-8c97-48db-8a4f-33a544658f46/current/log_inprogress_0
2019-06-13 19:28:04,350 INFO  impl.RaftServerImpl (ServerState.java:setRaftConf(361)) - 872c11b4-9146-4433-bdbe-034cf839c042:group-3C2CB06D21D4 set configuration 0: [872c11b4-9146-4433-bdbe-034cf839c042:192.168.46.41:38145], old=null at 0
2019-06-13 19:28:04,390 INFO  rpc.RpcClient (RpcClient.java:createVolume(289)) - Creating Volume: watchforcommithandlingtest, with root as owner.
2019-06-13 19:28:04,391 INFO  storage.RaftLogWorker (RaftLogWorker.java:execute(469)) - 51e17adc-5bd6-45a6-93b3-9e665e107d41-RaftLogWorker: created new log segment /opt/src/hadoop-ozone/integration-test/target/test-dir/MiniOzoneClusterImpl-2d566019-9dca-431a-9fd8-c89de31af412/datanode-4/data/ratis/6f8fe1f4-8c97-48db-8a4f-33a544658f46/current/log_inprogress_0
2019-06-13 19:28:04,397 INFO  storage.RaftLogWorker (RaftLogWorker.java:execute(469)) - 872c11b4-9146-4433-bdbe-034cf839c042-RaftLogWorker: created new log segment /opt/src/hadoop-ozone/integration-test/target/test-dir/MiniOzoneClusterImpl-2d566019-9dca-431a-9fd8-c89de31af412/datanode-5/data/ratis/832fa778-24aa-4299-97db-3c2cb06d21d4/current/log_inprogress_0
2019-06-13 19:28:04,404 INFO  rpc.RpcClient (RpcClient.java:createBucket(426)) - Creating Bucket: watchforcommithandlingtest/watchforcommithandlingtest, with Versioning false and Storage Type set to DISK and Encryption set to false 
2019-06-13 19:28:04,407 INFO  ozone.MiniOzoneClusterImpl (MiniOzoneClusterImpl.java:getStorageContainerLocationClient(241)) - Creating StorageContainerLocationProtocol RPC client with address /0.0.0.0:36519
2019-06-13 19:28:04,416 INFO  client.GrpcClientProtocolClient (GrpcClientProtocolClient.java:onNext(254)) - client-B2C0D2ED47B1->2a59d514-8ae8-4317-9248-497315392245: receive RaftClientReply:client-B2C0D2ED47B1->2a59d514-8ae8-4317-9248-497315392245@group-6A49F4A4707F, cid=66, FAILED org.apache.ratis.protocol.NotLeaderException: Server 2a59d514-8ae8-4317-9248-497315392245 is not the leader (d2a8fb4f-a5c5-464b-bdfb-246d8a56d073:192.168.46.41:38763). Request must be sent to leader., logIndex=0, commits[2a59d514-8ae8-4317-9248-497315392245:c0, 969de2d3-37f1-4cc6-a93a-4fa259d4d74d:c-1, d2a8fb4f-a5c5-464b-bdfb-246d8a56d073:c0]
2019-06-13 19:28:04,419 WARN  client.GrpcClientProtocolService (LogUtils.java:warn(134)) - 0-OrderedRequestStreamObserver0: onError: org.apache.ratis.thirdparty.io.grpc.StatusRuntimeException: CANCELLED: cancelled before receiving half close
2019-06-13 19:28:04,433 INFO  impl.FollowerState (FollowerState.java:run(101)) - 55807662-1fb6-432b-a7f5-16e3669fd60c:group-6A5F44BA289D changes to CANDIDATE, lastRpcTime:1140, electionTimeout:1140ms
2019-06-13 19:28:04,434 INFO  impl.RoleInfo (RoleInfo.java:shutdownFollowerState(121)) - 55807662-1fb6-432b-a7f5-16e3669fd60c: shutdown FollowerState
2019-06-13 19:28:04,434 INFO  impl.RaftServerImpl (RaftServerImpl.java:setRole(164)) - 55807662-1fb6-432b-a7f5-16e3669fd60c:group-6A5F44BA289D changes role from FOLLOWER to CANDIDATE at term 0 for changeToCandidate
2019-06-13 19:28:04,434 INFO  impl.RoleInfo (RoleInfo.java:updateAndGet(143)) - 55807662-1fb6-432b-a7f5-16e3669fd60c: start LeaderElection
2019-06-13 19:28:04,444 INFO  impl.LeaderElection (LeaderElection.java:askForVotes(181)) - 55807662-1fb6-432b-a7f5-16e3669fd60c:group-6A5F44BA289D:LeaderElection39: begin an election at term 1 for -1: [55807662-1fb6-432b-a7f5-16e3669fd60c:192.168.46.41:42515], old=null
2019-06-13 19:28:04,444 INFO  impl.RoleInfo (RoleInfo.java:shutdownLeaderElection(134)) - 55807662-1fb6-432b-a7f5-16e3669fd60c: shutdown LeaderElection
2019-06-13 19:28:04,444 INFO  impl.RaftServerImpl (RaftServerImpl.java:setRole(164)) - 55807662-1fb6-432b-a7f5-16e3669fd60c:group-6A5F44BA289D changes role from CANDIDATE to LEADER at term 1 for changeToLeader
2019-06-13 19:28:04,444 INFO  impl.RaftServerImpl (ServerState.java:setLeader(263)) - 55807662-1fb6-432b-a7f5-16e3669fd60c:group-6A5F44BA289D change Leader from null to 55807662-1fb6-432b-a7f5-16e3669fd60c at term 1 for becomeLeader, leader elected after 1153ms
2019-06-13 19:28:04,444 INFO  server.RaftServerConfigKeys (ConfUtils.java:logGet(43)) - raft.server.staging.catchup.gap = 1000 (default)
2019-06-13 19:28:04,444 INFO  server.RaftServerConfigKeys (ConfUtils.java:logGet(43)) - raft.server.rpc.sleep.time = 25ms (default)
2019-06-13 19:28:04,444 INFO  server.RaftServerConfigKeys (ConfUtils.java:logGet(43)) - raft.server.watch.timeout = 10s (default)
2019-06-13 19:28:04,444 INFO  server.RaftServerConfigKeys (ConfUtils.java:logGet(43)) - raft.server.watch.timeout.denomination = 1s (default)
2019-06-13 19:28:04,444 INFO  impl.RoleInfo (RoleInfo.java:updateAndGet(143)) - 55807662-1fb6-432b-a7f5-16e3669fd60c: start LeaderState
2019-06-13 19:28:04,444 INFO  storage.RaftLogWorker (RaftLogWorker.java:startLogSegment(298)) - 55807662-1fb6-432b-a7f5-16e3669fd60c-RaftLogWorker: Starting segment from index:0
2019-06-13 19:28:04,445 INFO  impl.RaftServerImpl (ServerState.java:setRaftConf(361)) - 55807662-1fb6-432b-a7f5-16e3669fd60c:group-6A5F44BA289D set configuration 0: [55807662-1fb6-432b-a7f5-16e3669fd60c:192.168.46.41:42515], old=null at 0
2019-06-13 19:28:04,488 INFO  storage.RaftLogWorker (RaftLogWorker.java:execute(469)) - 55807662-1fb6-432b-a7f5-16e3669fd60c-RaftLogWorker: created new log segment /opt/src/hadoop-ozone/integration-test/target/test-dir/MiniOzoneClusterImpl-2d566019-9dca-431a-9fd8-c89de31af412/datanode-6/data/ratis/56d909c3-6e05-4ba8-8473-6a5f44ba289d/current/log_inprogress_0
2019-06-13 19:28:05,430 INFO  client.GrpcClientProtocolClient (GrpcClientProtocolClient.java:onNext(254)) - client-B2C0D2ED47B1->969de2d3-37f1-4cc6-a93a-4fa259d4d74d: receive RaftClientReply:client-B2C0D2ED47B1->969de2d3-37f1-4cc6-a93a-4fa259d4d74d@group-6A49F4A4707F, cid=66, FAILED org.apache.ratis.protocol.NotLeaderException: Server 969de2d3-37f1-4cc6-a93a-4fa259d4d74d is not the leader (d2a8fb4f-a5c5-464b-bdfb-246d8a56d073:192.168.46.41:38763). Request must be sent to leader., logIndex=0, commits[969de2d3-37f1-4cc6-a93a-4fa259d4d74d:c0, d2a8fb4f-a5c5-464b-bdfb-246d8a56d073:c0, 2a59d514-8ae8-4317-9248-497315392245:c0]
2019-06-13 19:28:05,432 WARN  client.GrpcClientProtocolService (LogUtils.java:warn(134)) - 0-OrderedRequestStreamObserver0: onError: org.apache.ratis.thirdparty.io.grpc.StatusRuntimeException: CANCELLED: cancelled before receiving half close
2019-06-13 19:28:06,438 INFO  client.GrpcClientProtocolClient (GrpcClientProtocolClient.java:onNext(254)) - client-B2C0D2ED47B1->2a59d514-8ae8-4317-9248-497315392245: receive RaftClientReply:client-B2C0D2ED47B1->2a59d514-8ae8-4317-9248-497315392245@group-6A49F4A4707F, cid=66, FAILED org.apache.ratis.protocol.NotLeaderException: Server 2a59d514-8ae8-4317-9248-497315392245 is not the leader (d2a8fb4f-a5c5-464b-bdfb-246d8a56d073:192.168.46.41:38763). Request must be sent to leader., logIndex=0, commits[2a59d514-8ae8-4317-9248-497315392245:c0, 969de2d3-37f1-4cc6-a93a-4fa259d4d74d:c0, d2a8fb4f-a5c5-464b-bdfb-246d8a56d073:c0]
2019-06-13 19:28:06,444 WARN  client.GrpcClientProtocolService (LogUtils.java:warn(134)) - 1-OrderedRequestStreamObserver1: onError: org.apache.ratis.thirdparty.io.grpc.StatusRuntimeException: CANCELLED: cancelled before receiving half close
2019-06-13 19:28:07,488 INFO  client.GrpcClientProtocolClient (GrpcClientProtocolClient.java:onNext(254)) - client-B2C0D2ED47B1->d2a8fb4f-a5c5-464b-bdfb-246d8a56d073: receive RaftClientReply:client-B2C0D2ED47B1->d2a8fb4f-a5c5-464b-bdfb-246d8a56d073@group-6A49F4A4707F, cid=66, SUCCESS, logIndex=1, commits[d2a8fb4f-a5c5-464b-bdfb-246d8a56d073:c2, 969de2d3-37f1-4cc6-a93a-4fa259d4d74d:c1, 2a59d514-8ae8-4317-9248-497315392245:c1]
2019-06-13 19:28:07,498 INFO  datanode.ObjectStoreHandler (ObjectStoreHandler.java:close(155)) - Closing ObjectStoreHandler.
2019-06-13 19:28:07,507 INFO  ozone.HddsDatanodeService (HddsDatanodeService.java:stop(452)) - Stopped plug-in org.apache.hadoop.ozone.web.OzoneHddsDatanodeService@3134b261
2019-06-13 19:28:07,508 INFO  statemachine.DatanodeStateMachine (DatanodeStateMachine.java:lambda$startDaemon$0(350)) - Ozone container server started.
2019-06-13 19:28:07,508 INFO  ozoneimpl.OzoneContainer (OzoneContainer.java:stop(199)) - Attempting to stop container services.
2019-06-13 19:28:07,508 INFO  impl.RaftServerProxy (RaftServerProxy.java:lambda$close$4(314)) - 2a59d514-8ae8-4317-9248-497315392245: close
2019-06-13 19:28:07,509 INFO  impl.RaftServerImpl (RaftServerImpl.java:lambda$shutdown$3(238)) - 2a59d514-8ae8-4317-9248-497315392245: shutdown group-10A3E9B5587C
2019-06-13 19:28:07,509 INFO  util.JmxRegister (JmxRegister.java:unregister(73)) - Successfully un-registered JMX Bean with object name Ratis:service=RaftServer,group=group-10A3E9B5587C,id=2a59d514-8ae8-4317-9248-497315392245
2019-06-13 19:28:07,509 INFO  impl.RoleInfo (RoleInfo.java:shutdownLeaderState(104)) - 2a59d514-8ae8-4317-9248-497315392245: shutdown LeaderState
2019-06-13 19:28:07,510 INFO  impl.PendingRequests (PendingRequests.java:sendNotLeaderResponses(140)) - 2a59d514-8ae8-4317-9248-497315392245-PendingRequests: sendNotLeaderResponses
2019-06-13 19:28:07,517 INFO  impl.StateMachineUpdater (StateMachineUpdater.java:stopAndJoin(109)) - StateMachineUpdater-2a59d514-8ae8-4317-9248-497315392245-group-10A3E9B5587C: set stopIndex = 0
2019-06-13 19:28:07,517 INFO  ratis.ContainerStateMachine (ContainerStateMachine.java:takeSnapshot(245)) - Taking snapshot at termIndex:(t:0, i:~)
2019-06-13 19:28:07,517 INFO  impl.RaftServerImpl (ServerState.java:close(394)) - 2a59d514-8ae8-4317-9248-497315392245:group-10A3E9B5587C closes. The last applied log index is 0
2019-06-13 19:28:07,517 INFO  storage.RaftLogWorker (RaftLogWorker.java:run(236)) - 2a59d514-8ae8-4317-9248-497315392245-RaftLogWorker was interrupted, exiting. There are 0 tasks remaining in the queue.
2019-06-13 19:28:07,519 INFO  storage.RaftLogWorker (RaftLogWorker.java:close(168)) - 2a59d514-8ae8-4317-9248-497315392245-RaftLogWorker close()
2019-06-13 19:28:07,521 INFO  impl.RaftServerImpl (RaftServerImpl.java:lambda$shutdown$3(238)) - 2a59d514-8ae8-4317-9248-497315392245: shutdown group-6A49F4A4707F
2019-06-13 19:28:07,521 INFO  util.JmxRegister (JmxRegister.java:unregister(73)) - Successfully un-registered JMX Bean with object name Ratis:service=RaftServer,group=group-6A49F4A4707F,id=2a59d514-8ae8-4317-9248-497315392245
2019-06-13 19:28:07,521 INFO  impl.RoleInfo (RoleInfo.java:shutdownFollowerState(121)) - 2a59d514-8ae8-4317-9248-497315392245: shutdown FollowerState
2019-06-13 19:28:07,521 INFO  impl.FollowerState (FollowerState.java:run(109)) - 2a59d514-8ae8-4317-9248-497315392245: FollowerState was interrupted: java.lang.InterruptedException: sleep interrupted
2019-06-13 19:28:07,521 INFO  ratis.ContainerStateMachine (ContainerStateMachine.java:takeSnapshot(245)) - Taking snapshot at termIndex:(t:1, i:1)
2019-06-13 19:28:07,522 INFO  ratis.ContainerStateMachine (ContainerStateMachine.java:takeSnapshot(249)) - Taking a snapshot to file /opt/src/hadoop-ozone/integration-test/target/test-dir/MiniOzoneClusterImpl-2d566019-9dca-431a-9fd8-c89de31af412/datanode-0/data/ratis/dd4b66b9-ee13-499c-aec3-6a49f4a4707f/sm/snapshot.1_1
2019-06-13 19:28:07,522 INFO  impl.StateMachineUpdater (StateMachineUpdater.java:stopAndJoin(109)) - StateMachineUpdater-2a59d514-8ae8-4317-9248-497315392245-group-6A49F4A4707F: set stopIndex = 1
2019-06-13 19:28:07,522 INFO  impl.RaftServerImpl (ServerState.java:close(394)) - 2a59d514-8ae8-4317-9248-497315392245:group-6A49F4A4707F closes. The last applied log index is 1
2019-06-13 19:28:07,522 INFO  storage.RaftLogWorker (RaftLogWorker.java:run(236)) - 2a59d514-8ae8-4317-9248-497315392245-RaftLogWorker was interrupted, exiting. There are 0 tasks remaining in the queue.
2019-06-13 19:28:07,524 INFO  storage.RaftLogWorker (RaftLogWorker.java:close(168)) - 2a59d514-8ae8-4317-9248-497315392245-RaftLogWorker close()
2019-06-13 19:28:07,525 INFO  server.GrpcService (GrpcService.java:closeImpl(154)) - 2a59d514-8ae8-4317-9248-497315392245: shutdown server with port 43317 now
2019-06-13 19:28:07,526 WARN  server.GrpcServerProtocolService (LogUtils.java:warn(134)) - 2a59d514-8ae8-4317-9248-497315392245: appendEntries onError: org.apache.ratis.thirdparty.io.grpc.StatusRuntimeException: CANCELLED: cancelled before receiving half close
2019-06-13 19:28:07,527 WARN  server.GrpcLogAppender (LogUtils.java:warn(134)) - d2a8fb4f-a5c5-464b-bdfb-246d8a56d073: Failed appendEntries to 2a59d514-8ae8-4317-9248-497315392245:192.168.46.41:43317: org.apache.ratis.thirdparty.io.grpc.StatusRuntimeException: CANCELLED: HTTP/2 error code: CANCEL
Received Rst Stream
2019-06-13 19:28:07,527 INFO  impl.FollowerInfo (FollowerInfo.java:lambda$new$0(50)) - d2a8fb4f-a5c5-464b-bdfb-246d8a56d073->2a59d514-8ae8-4317-9248-497315392245: nextIndex: updateUnconditionally 3 -> 0
2019-06-13 19:28:07,527 INFO  server.GrpcService (GrpcService.java:closeImpl(162)) - 2a59d514-8ae8-4317-9248-497315392245: shutdown server with port 43317 successfully
2019-06-13 19:28:07,528 WARN  fs.CachingGetSpaceUsed (CachingGetSpaceUsed.java:run(183)) - Thread Interrupted waiting to refresh disk information: sleep interrupted
2019-06-13 19:28:07,543 INFO  statemachine.DatanodeStateMachine (DatanodeStateMachine.java:stopDaemon(395)) - Ozone container server stopped.
2019-06-13 19:28:07,544 INFO  handler.ContextHandler (ContextHandler.java:doStop(910)) - Stopped o.e.j.w.WebAppContext@7e0883f3{/,null,UNAVAILABLE}{/hddsDatanode}
2019-06-13 19:28:07,544 INFO  server.AbstractConnector (AbstractConnector.java:doStop(318)) - Stopped ServerConnector@ca60688{HTTP/1.1,[http/1.1]}{0.0.0.0:0}
2019-06-13 19:28:07,544 INFO  handler.ContextHandler (ContextHandler.java:doStop(910)) - Stopped o.e.j.s.ServletContextHandler@322ab6ce{/static,jar:file:/root/.m2/repository/org/apache/hadoop/hadoop-hdds-container-service/0.5.0-SNAPSHOT/hadoop-hdds-container-service-0.5.0-SNAPSHOT.jar!/webapps/static,UNAVAILABLE}
2019-06-13 19:28:07,545 INFO  handler.ContextHandler (ContextHandler.java:doStop(910)) - Stopped o.e.j.s.ServletContextHandler@674e4c82{/logs,file:///opt/src/hadoop-ozone/integration-test/target/log,UNAVAILABLE}
2019-06-13 19:28:07,546 INFO  datanode.ObjectStoreHandler (ObjectStoreHandler.java:close(155)) - Closing ObjectStoreHandler.
2019-06-13 19:28:07,546 INFO  ozone.HddsDatanodeService (HddsDatanodeService.java:stop(452)) - Stopped plug-in org.apache.hadoop.ozone.web.OzoneHddsDatanodeService@20a9fb01
2019-06-13 19:28:07,546 INFO  statemachine.DatanodeStateMachine (DatanodeStateMachine.java:lambda$startDaemon$0(350)) - Ozone container server started.
2019-06-13 19:28:07,547 INFO  ozoneimpl.OzoneContainer (OzoneContainer.java:stop(199)) - Attempting to stop container services.
2019-06-13 19:28:07,547 INFO  impl.RaftServerProxy (RaftServerProxy.java:lambda$close$4(314)) - 969de2d3-37f1-4cc6-a93a-4fa259d4d74d: close
2019-06-13 19:28:07,547 INFO  impl.RaftServerImpl (RaftServerImpl.java:lambda$shutdown$3(238)) - 969de2d3-37f1-4cc6-a93a-4fa259d4d74d: shutdown group-59B61C5ED712
2019-06-13 19:28:07,547 INFO  impl.RaftServerImpl (RaftServerImpl.java:lambda$shutdown$3(238)) - 969de2d3-37f1-4cc6-a93a-4fa259d4d74d: shutdown group-6A49F4A4707F
2019-06-13 19:28:07,547 INFO  util.JmxRegister (JmxRegister.java:unregister(73)) - Successfully un-registered JMX Bean with object name Ratis:service=RaftServer,group=group-59B61C5ED712,id=969de2d3-37f1-4cc6-a93a-4fa259d4d74d
2019-06-13 19:28:07,547 INFO  util.JmxRegister (JmxRegister.java:unregister(73)) - Successfully un-registered JMX Bean with object name Ratis:service=RaftServer,group=group-6A49F4A4707F,id=969de2d3-37f1-4cc6-a93a-4fa259d4d74d
2019-06-13 19:28:07,548 INFO  impl.RoleInfo (RoleInfo.java:shutdownLeaderState(104)) - 969de2d3-37f1-4cc6-a93a-4fa259d4d74d: shutdown LeaderState
2019-06-13 19:28:07,548 INFO  impl.RoleInfo (RoleInfo.java:shutdownFollowerState(121)) - 969de2d3-37f1-4cc6-a93a-4fa259d4d74d: shutdown FollowerState
2019-06-13 19:28:07,548 INFO  impl.PendingRequests (PendingRequests.java:sendNotLeaderResponses(140)) - 969de2d3-37f1-4cc6-a93a-4fa259d4d74d-PendingRequests: sendNotLeaderResponses
2019-06-13 19:28:07,548 INFO  ratis.ContainerStateMachine (ContainerStateMachine.java:takeSnapshot(245)) - Taking snapshot at termIndex:(t:1, i:1)
2019-06-13 19:28:07,548 INFO  ratis.ContainerStateMachine (ContainerStateMachine.java:takeSnapshot(249)) - Taking a snapshot to file /opt/src/hadoop-ozone/integration-test/target/test-dir/MiniOzoneClusterImpl-2d566019-9dca-431a-9fd8-c89de31af412/datanode-2/data/ratis/dd4b66b9-ee13-499c-aec3-6a49f4a4707f/sm/snapshot.1_1
2019-06-13 19:28:07,551 INFO  impl.StateMachineUpdater (StateMachineUpdater.java:stopAndJoin(109)) - StateMachineUpdater-969de2d3-37f1-4cc6-a93a-4fa259d4d74d-group-59B61C5ED712: set stopIndex = 0
2019-06-13 19:28:07,548 INFO  impl.FollowerState (FollowerState.java:run(109)) - 969de2d3-37f1-4cc6-a93a-4fa259d4d74d: FollowerState was interrupted: java.lang.InterruptedException: sleep interrupted
2019-06-13 19:28:07,548 INFO  impl.StateMachineUpdater (StateMachineUpdater.java:stopAndJoin(109)) - StateMachineUpdater-969de2d3-37f1-4cc6-a93a-4fa259d4d74d-group-6A49F4A4707F: set stopIndex = 1
2019-06-13 19:28:07,551 INFO  impl.RaftServerImpl (ServerState.java:close(394)) - 969de2d3-37f1-4cc6-a93a-4fa259d4d74d:group-6A49F4A4707F closes. The last applied log index is 1
2019-06-13 19:28:07,551 INFO  ratis.ContainerStateMachine (ContainerStateMachine.java:takeSnapshot(245)) - Taking snapshot at termIndex:(t:0, i:~)
2019-06-13 19:28:07,552 INFO  storage.RaftLogWorker (RaftLogWorker.java:run(236)) - 969de2d3-37f1-4cc6-a93a-4fa259d4d74d-RaftLogWorker was interrupted, exiting. There are 0 tasks remaining in the queue.
2019-06-13 19:28:07,552 INFO  impl.RaftServerImpl (ServerState.java:close(394)) - 969de2d3-37f1-4cc6-a93a-4fa259d4d74d:group-59B61C5ED712 closes. The last applied log index is 0
2019-06-13 19:28:07,553 INFO  storage.RaftLogWorker (RaftLogWorker.java:close(168)) - 969de2d3-37f1-4cc6-a93a-4fa259d4d74d-RaftLogWorker close()
2019-06-13 19:28:07,553 INFO  storage.RaftLogWorker (RaftLogWorker.java:run(236)) - 969de2d3-37f1-4cc6-a93a-4fa259d4d74d-RaftLogWorker was interrupted, exiting. There are 0 tasks remaining in the queue.
2019-06-13 19:28:07,556 INFO  storage.RaftLogWorker (RaftLogWorker.java:close(168)) - 969de2d3-37f1-4cc6-a93a-4fa259d4d74d-RaftLogWorker close()
2019-06-13 19:28:07,557 INFO  server.GrpcService (GrpcService.java:closeImpl(154)) - 969de2d3-37f1-4cc6-a93a-4fa259d4d74d: shutdown server with port 43887 now
2019-06-13 19:28:07,558 WARN  server.GrpcServerProtocolService (LogUtils.java:warn(134)) - 969de2d3-37f1-4cc6-a93a-4fa259d4d74d: appendEntries onError: org.apache.ratis.thirdparty.io.grpc.StatusRuntimeException: CANCELLED: cancelled before receiving half close
2019-06-13 19:28:07,558 WARN  server.GrpcLogAppender (LogUtils.java:warn(134)) - d2a8fb4f-a5c5-464b-bdfb-246d8a56d073: Failed appendEntries to 969de2d3-37f1-4cc6-a93a-4fa259d4d74d:192.168.46.41:43887: org.apache.ratis.thirdparty.io.grpc.StatusRuntimeException: CANCELLED: HTTP/2 error code: CANCEL
Received Rst Stream
2019-06-13 19:28:07,558 INFO  server.GrpcService (GrpcService.java:closeImpl(162)) - 969de2d3-37f1-4cc6-a93a-4fa259d4d74d: shutdown server with port 43887 successfully
2019-06-13 19:28:07,558 INFO  impl.FollowerInfo (FollowerInfo.java:lambda$new$0(50)) - d2a8fb4f-a5c5-464b-bdfb-246d8a56d073->969de2d3-37f1-4cc6-a93a-4fa259d4d74d: nextIndex: updateUnconditionally 3 -> 0
2019-06-13 19:28:07,559 WARN  fs.CachingGetSpaceUsed (CachingGetSpaceUsed.java:run(183)) - Thread Interrupted waiting to refresh disk information: sleep interrupted
2019-06-13 19:28:07,570 INFO  statemachine.DatanodeStateMachine (DatanodeStateMachine.java:stopDaemon(395)) - Ozone container server stopped.
2019-06-13 19:28:07,571 INFO  handler.ContextHandler (ContextHandler.java:doStop(910)) - Stopped o.e.j.w.WebAppContext@2f112ade{/,null,UNAVAILABLE}{/hddsDatanode}
2019-06-13 19:28:07,572 INFO  server.AbstractConnector (AbstractConnector.java:doStop(318)) - Stopped ServerConnector@550c4bcb{HTTP/1.1,[http/1.1]}{0.0.0.0:0}
2019-06-13 19:28:07,572 INFO  handler.ContextHandler (ContextHandler.java:doStop(910)) - Stopped o.e.j.s.ServletContextHandler@28c7fd9d{/static,jar:file:/root/.m2/repository/org/apache/hadoop/hadoop-hdds-container-service/0.5.0-SNAPSHOT/hadoop-hdds-container-service-0.5.0-SNAPSHOT.jar!/webapps/static,UNAVAILABLE}
2019-06-13 19:28:07,572 INFO  handler.ContextHandler (ContextHandler.java:doStop(910)) - Stopped o.e.j.s.ServletContextHandler@37083af6{/logs,file:///opt/src/hadoop-ozone/integration-test/target/log,UNAVAILABLE}
2019-06-13 19:28:07,955 WARN  server.GrpcLogAppender (LogUtils.java:warn(134)) - d2a8fb4f-a5c5-464b-bdfb-246d8a56d073: Failed appendEntries to 2a59d514-8ae8-4317-9248-497315392245:192.168.46.41:43317: org.apache.ratis.thirdparty.io.grpc.StatusRuntimeException: UNAVAILABLE: io exception
2019-06-13 19:28:07,955 INFO  impl.FollowerInfo (FollowerInfo.java:lambda$new$0(50)) - d2a8fb4f-a5c5-464b-bdfb-246d8a56d073->2a59d514-8ae8-4317-9248-497315392245: nextIndex: updateUnconditionally 0 -> 0
2019-06-13 19:28:07,957 WARN  server.GrpcLogAppender (LogUtils.java:warn(134)) - d2a8fb4f-a5c5-464b-bdfb-246d8a56d073: Failed appendEntries to 969de2d3-37f1-4cc6-a93a-4fa259d4d74d:192.168.46.41:43887: org.apache.ratis.thirdparty.io.grpc.StatusRuntimeException: UNAVAILABLE: io exception
2019-06-13 19:28:07,957 INFO  impl.FollowerInfo (FollowerInfo.java:lambda$new$0(50)) - d2a8fb4f-a5c5-464b-bdfb-246d8a56d073->969de2d3-37f1-4cc6-a93a-4fa259d4d74d: nextIndex: updateUnconditionally 0 -> 0
2019-06-13 19:28:08,455 WARN  server.GrpcLogAppender (LogUtils.java:warn(134)) - d2a8fb4f-a5c5-464b-bdfb-246d8a56d073: Failed appendEntries to 2a59d514-8ae8-4317-9248-497315392245:192.168.46.41:43317: org.apache.ratis.thirdparty.io.grpc.StatusRuntimeException: UNAVAILABLE: io exception
2019-06-13 19:28:08,456 INFO  impl.FollowerInfo (FollowerInfo.java:lambda$new$0(50)) - d2a8fb4f-a5c5-464b-bdfb-246d8a56d073->2a59d514-8ae8-4317-9248-497315392245: nextIndex: updateUnconditionally 0 -> 0
2019-06-13 19:28:08,457 WARN  server.GrpcLogAppender (LogUtils.java:warn(134)) - d2a8fb4f-a5c5-464b-bdfb-246d8a56d073: Failed appendEntries to 969de2d3-37f1-4cc6-a93a-4fa259d4d74d:192.168.46.41:43887: org.apache.ratis.thirdparty.io.grpc.StatusRuntimeException: UNAVAILABLE: io exception
2019-06-13 19:28:08,457 INFO  impl.FollowerInfo (FollowerInfo.java:lambda$new$0(50)) - d2a8fb4f-a5c5-464b-bdfb-246d8a56d073->969de2d3-37f1-4cc6-a93a-4fa259d4d74d: nextIndex: updateUnconditionally 0 -> 0
2019-06-13 19:28:08,956 WARN  server.GrpcLogAppender (LogUtils.java:warn(134)) - d2a8fb4f-a5c5-464b-bdfb-246d8a56d073: Failed appendEntries to 2a59d514-8ae8-4317-9248-497315392245:192.168.46.41:43317: org.apache.ratis.thirdparty.io.grpc.StatusRuntimeException: UNAVAILABLE: io exception
2019-06-13 19:28:08,956 INFO  impl.FollowerInfo (FollowerInfo.java:lambda$new$0(50)) - d2a8fb4f-a5c5-464b-bdfb-246d8a56d073->2a59d514-8ae8-4317-9248-497315392245: nextIndex: updateUnconditionally 0 -> 0
2019-06-13 19:28:08,957 WARN  server.GrpcLogAppender (LogUtils.java:warn(134)) - d2a8fb4f-a5c5-464b-bdfb-246d8a56d073: Failed appendEntries to 969de2d3-37f1-4cc6-a93a-4fa259d4d74d:192.168.46.41:43887: org.apache.ratis.thirdparty.io.grpc.StatusRuntimeException: UNAVAILABLE: io exception
2019-06-13 19:28:08,958 INFO  impl.FollowerInfo (FollowerInfo.java:lambda$new$0(50)) - d2a8fb4f-a5c5-464b-bdfb-246d8a56d073->969de2d3-37f1-4cc6-a93a-4fa259d4d74d: nextIndex: updateUnconditionally 0 -> 0
2019-06-13 19:28:09,457 WARN  server.GrpcLogAppender (LogUtils.java:warn(134)) - d2a8fb4f-a5c5-464b-bdfb-246d8a56d073: Failed appendEntries to 2a59d514-8ae8-4317-9248-497315392245:192.168.46.41:43317: org.apache.ratis.thirdparty.io.grpc.StatusRuntimeException: UNAVAILABLE: io exception
2019-06-13 19:28:09,457 INFO  impl.FollowerInfo (FollowerInfo.java:lambda$new$0(50)) - d2a8fb4f-a5c5-464b-bdfb-246d8a56d073->2a59d514-8ae8-4317-9248-497315392245: nextIndex: updateUnconditionally 0 -> 0
2019-06-13 19:28:09,461 WARN  server.GrpcLogAppender (LogUtils.java:warn(134)) - d2a8fb4f-a5c5-464b-bdfb-246d8a56d073: Failed appendEntries to 969de2d3-37f1-4cc6-a93a-4fa259d4d74d:192.168.46.41:43887: org.apache.ratis.thirdparty.io.grpc.StatusRuntimeException: UNAVAILABLE: io exception
2019-06-13 19:28:09,462 INFO  impl.FollowerInfo (FollowerInfo.java:lambda$new$0(50)) - d2a8fb4f-a5c5-464b-bdfb-246d8a56d073->969de2d3-37f1-4cc6-a93a-4fa259d4d74d: nextIndex: updateUnconditionally 0 -> 0
2019-06-13 19:28:09,957 WARN  server.GrpcLogAppender (LogUtils.java:warn(134)) - d2a8fb4f-a5c5-464b-bdfb-246d8a56d073: Failed appendEntries to 2a59d514-8ae8-4317-9248-497315392245:192.168.46.41:43317: org.apache.ratis.thirdparty.io.grpc.StatusRuntimeException: UNAVAILABLE: io exception
2019-06-13 19:28:09,958 INFO  impl.FollowerInfo (FollowerInfo.java:lambda$new$0(50)) - d2a8fb4f-a5c5-464b-bdfb-246d8a56d073->2a59d514-8ae8-4317-9248-497315392245: nextIndex: updateUnconditionally 0 -> 0
2019-06-13 19:28:09,958 WARN  server.GrpcLogAppender (LogUtils.java:warn(134)) - d2a8fb4f-a5c5-464b-bdfb-246d8a56d073: Failed appendEntries to 969de2d3-37f1-4cc6-a93a-4fa259d4d74d:192.168.46.41:43887: org.apache.ratis.thirdparty.io.grpc.StatusRuntimeException: UNAVAILABLE: io exception
2019-06-13 19:28:09,958 INFO  impl.FollowerInfo (FollowerInfo.java:lambda$new$0(50)) - d2a8fb4f-a5c5-464b-bdfb-246d8a56d073->969de2d3-37f1-4cc6-a93a-4fa259d4d74d: nextIndex: updateUnconditionally 0 -> 0
2019-06-13 19:28:10,458 WARN  server.GrpcLogAppender (LogUtils.java:warn(134)) - d2a8fb4f-a5c5-464b-bdfb-246d8a56d073: Failed appendEntries to 2a59d514-8ae8-4317-9248-497315392245:192.168.46.41:43317: org.apache.ratis.thirdparty.io.grpc.StatusRuntimeException: UNAVAILABLE: io exception
2019-06-13 19:28:10,458 INFO  impl.FollowerInfo (FollowerInfo.java:lambda$new$0(50)) - d2a8fb4f-a5c5-464b-bdfb-246d8a56d073->2a59d514-8ae8-4317-9248-497315392245: nextIndex: updateUnconditionally 0 -> 0
2019-06-13 19:28:10,459 WARN  server.GrpcLogAppender (LogUtils.java:warn(134)) - d2a8fb4f-a5c5-464b-bdfb-246d8a56d073: Failed appendEntries to 969de2d3-37f1-4cc6-a93a-4fa259d4d74d:192.168.46.41:43887: org.apache.ratis.thirdparty.io.grpc.StatusRuntimeException: UNAVAILABLE: io exception
2019-06-13 19:28:10,459 INFO  impl.FollowerInfo (FollowerInfo.java:lambda$new$0(50)) - d2a8fb4f-a5c5-464b-bdfb-246d8a56d073->969de2d3-37f1-4cc6-a93a-4fa259d4d74d: nextIndex: updateUnconditionally 0 -> 0
2019-06-13 19:28:10,958 WARN  server.GrpcLogAppender (LogUtils.java:warn(134)) - d2a8fb4f-a5c5-464b-bdfb-246d8a56d073: Failed appendEntries to 2a59d514-8ae8-4317-9248-497315392245:192.168.46.41:43317: org.apache.ratis.thirdparty.io.grpc.StatusRuntimeException: UNAVAILABLE: io exception
2019-06-13 19:28:10,958 INFO  impl.FollowerInfo (FollowerInfo.java:lambda$new$0(50)) - d2a8fb4f-a5c5-464b-bdfb-246d8a56d073->2a59d514-8ae8-4317-9248-497315392245: nextIndex: updateUnconditionally 0 -> 0
2019-06-13 19:28:10,959 WARN  server.GrpcLogAppender (LogUtils.java:warn(134)) - d2a8fb4f-a5c5-464b-bdfb-246d8a56d073: Failed appendEntries to 969de2d3-37f1-4cc6-a93a-4fa259d4d74d:192.168.46.41:43887: org.apache.ratis.thirdparty.io.grpc.StatusRuntimeException: UNAVAILABLE: io exception
2019-06-13 19:28:10,960 INFO  impl.FollowerInfo (FollowerInfo.java:lambda$new$0(50)) - d2a8fb4f-a5c5-464b-bdfb-246d8a56d073->969de2d3-37f1-4cc6-a93a-4fa259d4d74d: nextIndex: updateUnconditionally 0 -> 0
2019-06-13 19:28:11,459 WARN  server.GrpcLogAppender (LogUtils.java:warn(134)) - d2a8fb4f-a5c5-464b-bdfb-246d8a56d073: Failed appendEntries to 2a59d514-8ae8-4317-9248-497315392245:192.168.46.41:43317: org.apache.ratis.thirdparty.io.grpc.StatusRuntimeException: UNAVAILABLE: io exception
2019-06-13 19:28:11,459 INFO  impl.FollowerInfo (FollowerInfo.java:lambda$new$0(50)) - d2a8fb4f-a5c5-464b-bdfb-246d8a56d073->2a59d514-8ae8-4317-9248-497315392245: nextIndex: updateUnconditionally 0 -> 0
2019-06-13 19:28:11,460 WARN  server.GrpcLogAppender (LogUtils.java:warn(134)) - d2a8fb4f-a5c5-464b-bdfb-246d8a56d073: Failed appendEntries to 969de2d3-37f1-4cc6-a93a-4fa259d4d74d:192.168.46.41:43887: org.apache.ratis.thirdparty.io.grpc.StatusRuntimeException: UNAVAILABLE: io exception
2019-06-13 19:28:11,460 INFO  impl.FollowerInfo (FollowerInfo.java:lambda$new$0(50)) - d2a8fb4f-a5c5-464b-bdfb-246d8a56d073->969de2d3-37f1-4cc6-a93a-4fa259d4d74d: nextIndex: updateUnconditionally 0 -> 0
2019-06-13 19:28:11,959 WARN  server.GrpcLogAppender (LogUtils.java:warn(134)) - d2a8fb4f-a5c5-464b-bdfb-246d8a56d073: Failed appendEntries to 2a59d514-8ae8-4317-9248-497315392245:192.168.46.41:43317: org.apache.ratis.thirdparty.io.grpc.StatusRuntimeException: UNAVAILABLE: io exception
2019-06-13 19:28:11,960 INFO  impl.FollowerInfo (FollowerInfo.java:lambda$new$0(50)) - d2a8fb4f-a5c5-464b-bdfb-246d8a56d073->2a59d514-8ae8-4317-9248-497315392245: nextIndex: updateUnconditionally 0 -> 0
2019-06-13 19:28:11,960 WARN  server.GrpcLogAppender (LogUtils.java:warn(134)) - d2a8fb4f-a5c5-464b-bdfb-246d8a56d073: Failed appendEntries to 969de2d3-37f1-4cc6-a93a-4fa259d4d74d:192.168.46.41:43887: org.apache.ratis.thirdparty.io.grpc.StatusRuntimeException: UNAVAILABLE: io exception
2019-06-13 19:28:11,961 INFO  impl.FollowerInfo (FollowerInfo.java:lambda$new$0(50)) - d2a8fb4f-a5c5-464b-bdfb-246d8a56d073->969de2d3-37f1-4cc6-a93a-4fa259d4d74d: nextIndex: updateUnconditionally 0 -> 0
2019-06-13 19:28:12,461 WARN  server.GrpcLogAppender (LogUtils.java:warn(134)) - d2a8fb4f-a5c5-464b-bdfb-246d8a56d073: Failed appendEntries to 2a59d514-8ae8-4317-9248-497315392245:192.168.46.41:43317: org.apache.ratis.thirdparty.io.grpc.StatusRuntimeException: UNAVAILABLE: io exception
2019-06-13 19:28:12,461 INFO  impl.FollowerInfo (FollowerInfo.java:lambda$new$0(50)) - d2a8fb4f-a5c5-464b-bdfb-246d8a56d073->2a59d514-8ae8-4317-9248-497315392245: nextIndex: updateUnconditionally 0 -> 0
2019-06-13 19:28:12,462 WARN  server.GrpcLogAppender (LogUtils.java:warn(134)) - d2a8fb4f-a5c5-464b-bdfb-246d8a56d073: Failed appendEntries to 969de2d3-37f1-4cc6-a93a-4fa259d4d74d:192.168.46.41:43887: org.apache.ratis.thirdparty.io.grpc.StatusRuntimeException: UNAVAILABLE: io exception
2019-06-13 19:28:12,462 INFO  impl.FollowerInfo (FollowerInfo.java:lambda$new$0(50)) - d2a8fb4f-a5c5-464b-bdfb-246d8a56d073->969de2d3-37f1-4cc6-a93a-4fa259d4d74d: nextIndex: updateUnconditionally 0 -> 0
2019-06-13 19:28:12,961 WARN  server.GrpcLogAppender (LogUtils.java:warn(134)) - d2a8fb4f-a5c5-464b-bdfb-246d8a56d073: Failed appendEntries to 2a59d514-8ae8-4317-9248-497315392245:192.168.46.41:43317: org.apache.ratis.thirdparty.io.grpc.StatusRuntimeException: UNAVAILABLE: io exception
2019-06-13 19:28:12,961 INFO  impl.FollowerInfo (FollowerInfo.java:lambda$new$0(50)) - d2a8fb4f-a5c5-464b-bdfb-246d8a56d073->2a59d514-8ae8-4317-9248-497315392245: nextIndex: updateUnconditionally 0 -> 0
2019-06-13 19:28:12,962 WARN  server.GrpcLogAppender (LogUtils.java:warn(134)) - d2a8fb4f-a5c5-464b-bdfb-246d8a56d073: Failed appendEntries to 969de2d3-37f1-4cc6-a93a-4fa259d4d74d:192.168.46.41:43887: org.apache.ratis.thirdparty.io.grpc.StatusRuntimeException: UNAVAILABLE: io exception
2019-06-13 19:28:12,962 INFO  impl.FollowerInfo (FollowerInfo.java:lambda$new$0(50)) - d2a8fb4f-a5c5-464b-bdfb-246d8a56d073->969de2d3-37f1-4cc6-a93a-4fa259d4d74d: nextIndex: updateUnconditionally 0 -> 0
2019-06-13 19:28:13,461 WARN  server.GrpcLogAppender (LogUtils.java:warn(134)) - d2a8fb4f-a5c5-464b-bdfb-246d8a56d073: Failed appendEntries to 2a59d514-8ae8-4317-9248-497315392245:192.168.46.41:43317: org.apache.ratis.thirdparty.io.grpc.StatusRuntimeException: UNAVAILABLE: io exception
2019-06-13 19:28:13,461 INFO  impl.FollowerInfo (FollowerInfo.java:lambda$new$0(50)) - d2a8fb4f-a5c5-464b-bdfb-246d8a56d073->2a59d514-8ae8-4317-9248-497315392245: nextIndex: updateUnconditionally 0 -> 0
2019-06-13 19:28:13,462 WARN  server.GrpcLogAppender (LogUtils.java:warn(134)) - d2a8fb4f-a5c5-464b-bdfb-246d8a56d073: Failed appendEntries to 969de2d3-37f1-4cc6-a93a-4fa259d4d74d:192.168.46.41:43887: org.apache.ratis.thirdparty.io.grpc.StatusRuntimeException: UNAVAILABLE: io exception
2019-06-13 19:28:13,463 INFO  impl.FollowerInfo (FollowerInfo.java:lambda$new$0(50)) - d2a8fb4f-a5c5-464b-bdfb-246d8a56d073->969de2d3-37f1-4cc6-a93a-4fa259d4d74d: nextIndex: updateUnconditionally 0 -> 0
2019-06-13 19:28:13,962 WARN  server.GrpcLogAppender (LogUtils.java:warn(134)) - d2a8fb4f-a5c5-464b-bdfb-246d8a56d073: Failed appendEntries to 2a59d514-8ae8-4317-9248-497315392245:192.168.46.41:43317: org.apache.ratis.thirdparty.io.grpc.StatusRuntimeException: UNAVAILABLE: io exception
2019-06-13 19:28:13,962 INFO  impl.FollowerInfo (FollowerInfo.java:lambda$new$0(50)) - d2a8fb4f-a5c5-464b-bdfb-246d8a56d073->2a59d514-8ae8-4317-9248-497315392245: nextIndex: updateUnconditionally 0 -> 0
2019-06-13 19:28:13,963 WARN  server.GrpcLogAppender (LogUtils.java:warn(134)) - d2a8fb4f-a5c5-464b-bdfb-246d8a56d073: Failed appendEntries to 969de2d3-37f1-4cc6-a93a-4fa259d4d74d:192.168.46.41:43887: org.apache.ratis.thirdparty.io.grpc.StatusRuntimeException: UNAVAILABLE: io exception
2019-06-13 19:28:13,963 INFO  impl.FollowerInfo (FollowerInfo.java:lambda$new$0(50)) - d2a8fb4f-a5c5-464b-bdfb-246d8a56d073->969de2d3-37f1-4cc6-a93a-4fa259d4d74d: nextIndex: updateUnconditionally 0 -> 0
2019-06-13 19:28:14,462 WARN  server.GrpcLogAppender (LogUtils.java:warn(134)) - d2a8fb4f-a5c5-464b-bdfb-246d8a56d073: Failed appendEntries to 2a59d514-8ae8-4317-9248-497315392245:192.168.46.41:43317: org.apache.ratis.thirdparty.io.grpc.StatusRuntimeException: UNAVAILABLE: io exception
2019-06-13 19:28:14,463 INFO  impl.FollowerInfo (FollowerInfo.java:lambda$new$0(50)) - d2a8fb4f-a5c5-464b-bdfb-246d8a56d073->2a59d514-8ae8-4317-9248-497315392245: nextIndex: updateUnconditionally 0 -> 0
2019-06-13 19:28:14,464 WARN  server.GrpcLogAppender (LogUtils.java:warn(134)) - d2a8fb4f-a5c5-464b-bdfb-246d8a56d073: Failed appendEntries to 969de2d3-37f1-4cc6-a93a-4fa259d4d74d:192.168.46.41:43887: org.apache.ratis.thirdparty.io.grpc.StatusRuntimeException: UNAVAILABLE: io exception
2019-06-13 19:28:14,464 INFO  impl.FollowerInfo (FollowerInfo.java:lambda$new$0(50)) - d2a8fb4f-a5c5-464b-bdfb-246d8a56d073->969de2d3-37f1-4cc6-a93a-4fa259d4d74d: nextIndex: updateUnconditionally 0 -> 0
2019-06-13 19:28:14,963 WARN  server.GrpcLogAppender (LogUtils.java:warn(134)) - d2a8fb4f-a5c5-464b-bdfb-246d8a56d073: Failed appendEntries to 2a59d514-8ae8-4317-9248-497315392245:192.168.46.41:43317: org.apache.ratis.thirdparty.io.grpc.StatusRuntimeException: UNAVAILABLE: io exception
2019-06-13 19:28:14,964 INFO  impl.FollowerInfo (FollowerInfo.java:lambda$new$0(50)) - d2a8fb4f-a5c5-464b-bdfb-246d8a56d073->2a59d514-8ae8-4317-9248-497315392245: nextIndex: updateUnconditionally 0 -> 0
2019-06-13 19:28:14,964 WARN  server.GrpcLogAppender (LogUtils.java:warn(134)) - d2a8fb4f-a5c5-464b-bdfb-246d8a56d073: Failed appendEntries to 969de2d3-37f1-4cc6-a93a-4fa259d4d74d:192.168.46.41:43887: org.apache.ratis.thirdparty.io.grpc.StatusRuntimeException: UNAVAILABLE: io exception
2019-06-13 19:28:14,964 INFO  impl.FollowerInfo (FollowerInfo.java:lambda$new$0(50)) - d2a8fb4f-a5c5-464b-bdfb-246d8a56d073->969de2d3-37f1-4cc6-a93a-4fa259d4d74d: nextIndex: updateUnconditionally 0 -> 0
2019-06-13 19:28:15,464 WARN  server.GrpcLogAppender (LogUtils.java:warn(134)) - d2a8fb4f-a5c5-464b-bdfb-246d8a56d073: Failed appendEntries to 2a59d514-8ae8-4317-9248-497315392245:192.168.46.41:43317: org.apache.ratis.thirdparty.io.grpc.StatusRuntimeException: UNAVAILABLE: io exception
2019-06-13 19:28:15,464 INFO  impl.FollowerInfo (FollowerInfo.java:lambda$new$0(50)) - d2a8fb4f-a5c5-464b-bdfb-246d8a56d073->2a59d514-8ae8-4317-9248-497315392245: nextIndex: updateUnconditionally 0 -> 0
2019-06-13 19:28:15,465 WARN  server.GrpcLogAppender (LogUtils.java:warn(134)) - d2a8fb4f-a5c5-464b-bdfb-246d8a56d073: Failed appendEntries to 969de2d3-37f1-4cc6-a93a-4fa259d4d74d:192.168.46.41:43887: org.apache.ratis.thirdparty.io.grpc.StatusRuntimeException: UNAVAILABLE: io exception
2019-06-13 19:28:15,465 INFO  impl.FollowerInfo (FollowerInfo.java:lambda$new$0(50)) - d2a8fb4f-a5c5-464b-bdfb-246d8a56d073->969de2d3-37f1-4cc6-a93a-4fa259d4d74d: nextIndex: updateUnconditionally 0 -> 0
2019-06-13 19:28:15,964 WARN  server.GrpcLogAppender (LogUtils.java:warn(134)) - d2a8fb4f-a5c5-464b-bdfb-246d8a56d073: Failed appendEntries to 2a59d514-8ae8-4317-9248-497315392245:192.168.46.41:43317: org.apache.ratis.thirdparty.io.grpc.StatusRuntimeException: UNAVAILABLE: io exception
2019-06-13 19:28:15,965 INFO  impl.FollowerInfo (FollowerInfo.java:lambda$new$0(50)) - d2a8fb4f-a5c5-464b-bdfb-246d8a56d073->2a59d514-8ae8-4317-9248-497315392245: nextIndex: updateUnconditionally 0 -> 0
2019-06-13 19:28:15,965 WARN  server.GrpcLogAppender (LogUtils.java:warn(134)) - d2a8fb4f-a5c5-464b-bdfb-246d8a56d073: Failed appendEntries to 969de2d3-37f1-4cc6-a93a-4fa259d4d74d:192.168.46.41:43887: org.apache.ratis.thirdparty.io.grpc.StatusRuntimeException: UNAVAILABLE: io exception
2019-06-13 19:28:15,965 INFO  impl.FollowerInfo (FollowerInfo.java:lambda$new$0(50)) - d2a8fb4f-a5c5-464b-bdfb-246d8a56d073->969de2d3-37f1-4cc6-a93a-4fa259d4d74d: nextIndex: updateUnconditionally 0 -> 0
2019-06-13 19:28:16,465 WARN  server.GrpcLogAppender (LogUtils.java:warn(134)) - d2a8fb4f-a5c5-464b-bdfb-246d8a56d073: Failed appendEntries to 2a59d514-8ae8-4317-9248-497315392245:192.168.46.41:43317: org.apache.ratis.thirdparty.io.grpc.StatusRuntimeException: UNAVAILABLE: io exception
2019-06-13 19:28:16,465 INFO  impl.FollowerInfo (FollowerInfo.java:lambda$new$0(50)) - d2a8fb4f-a5c5-464b-bdfb-246d8a56d073->2a59d514-8ae8-4317-9248-497315392245: nextIndex: updateUnconditionally 0 -> 0
2019-06-13 19:28:16,465 WARN  server.GrpcLogAppender (LogUtils.java:warn(134)) - d2a8fb4f-a5c5-464b-bdfb-246d8a56d073: Failed appendEntries to 969de2d3-37f1-4cc6-a93a-4fa259d4d74d:192.168.46.41:43887: org.apache.ratis.thirdparty.io.grpc.StatusRuntimeException: UNAVAILABLE: io exception
2019-06-13 19:28:16,466 INFO  impl.FollowerInfo (FollowerInfo.java:lambda$new$0(50)) - d2a8fb4f-a5c5-464b-bdfb-246d8a56d073->969de2d3-37f1-4cc6-a93a-4fa259d4d74d: nextIndex: updateUnconditionally 0 -> 0
2019-06-13 19:28:16,965 WARN  server.GrpcLogAppender (LogUtils.java:warn(134)) - d2a8fb4f-a5c5-464b-bdfb-246d8a56d073: Failed appendEntries to 2a59d514-8ae8-4317-9248-497315392245:192.168.46.41:43317: org.apache.ratis.thirdparty.io.grpc.StatusRuntimeException: UNAVAILABLE: io exception
2019-06-13 19:28:16,966 INFO  impl.FollowerInfo (FollowerInfo.java:lambda$new$0(50)) - d2a8fb4f-a5c5-464b-bdfb-246d8a56d073->2a59d514-8ae8-4317-9248-497315392245: nextIndex: updateUnconditionally 0 -> 0
2019-06-13 19:28:16,966 WARN  server.GrpcLogAppender (LogUtils.java:warn(134)) - d2a8fb4f-a5c5-464b-bdfb-246d8a56d073: Failed appendEntries to 969de2d3-37f1-4cc6-a93a-4fa259d4d74d:192.168.46.41:43887: org.apache.ratis.thirdparty.io.grpc.StatusRuntimeException: UNAVAILABLE: io exception
2019-06-13 19:28:16,966 INFO  impl.FollowerInfo (FollowerInfo.java:lambda$new$0(50)) - d2a8fb4f-a5c5-464b-bdfb-246d8a56d073->969de2d3-37f1-4cc6-a93a-4fa259d4d74d: nextIndex: updateUnconditionally 0 -> 0
2019-06-13 19:28:17,466 WARN  server.GrpcLogAppender (LogUtils.java:warn(134)) - d2a8fb4f-a5c5-464b-bdfb-246d8a56d073: Failed appendEntries to 2a59d514-8ae8-4317-9248-497315392245:192.168.46.41:43317: org.apache.ratis.thirdparty.io.grpc.StatusRuntimeException: UNAVAILABLE: io exception
2019-06-13 19:28:17,466 INFO  impl.FollowerInfo (FollowerInfo.java:lambda$new$0(50)) - d2a8fb4f-a5c5-464b-bdfb-246d8a56d073->2a59d514-8ae8-4317-9248-497315392245: nextIndex: updateUnconditionally 0 -> 0
2019-06-13 19:28:17,466 WARN  server.GrpcLogAppender (LogUtils.java:warn(134)) - d2a8fb4f-a5c5-464b-bdfb-246d8a56d073: Failed appendEntries to 969de2d3-37f1-4cc6-a93a-4fa259d4d74d:192.168.46.41:43887: org.apache.ratis.thirdparty.io.grpc.StatusRuntimeException: UNAVAILABLE: io exception
2019-06-13 19:28:17,467 INFO  impl.FollowerInfo (FollowerInfo.java:lambda$new$0(50)) - d2a8fb4f-a5c5-464b-bdfb-246d8a56d073->969de2d3-37f1-4cc6-a93a-4fa259d4d74d: nextIndex: updateUnconditionally 0 -> 0
2019-06-13 19:28:17,675 INFO  client.GrpcClientProtocolService (GrpcClientProtocolService.java:lambda$processClientRequest$0(264)) - Failed RaftClientRequest:client-B2C0D2ED47B1->d2a8fb4f-a5c5-464b-bdfb-246d8a56d073@group-6A49F4A4707F, cid=67, seq=0, Watch-ALL_COMMITTED(2), Message:<EMPTY>, reply=RaftClientReply:client-B2C0D2ED47B1->d2a8fb4f-a5c5-464b-bdfb-246d8a56d073@group-6A49F4A4707F, cid=67, FAILED org.apache.ratis.protocol.NotReplicatedException: Request with call Id 67 and log index 2 is not yet replicated to ALL_COMMITTED, logIndex=2, commits[d2a8fb4f-a5c5-464b-bdfb-246d8a56d073:c2, 969de2d3-37f1-4cc6-a93a-4fa259d4d74d:c1, 2a59d514-8ae8-4317-9248-497315392245:c1]
2019-06-13 19:28:17,966 WARN  server.GrpcLogAppender (LogUtils.java:warn(134)) - d2a8fb4f-a5c5-464b-bdfb-246d8a56d073: Failed appendEntries to 2a59d514-8ae8-4317-9248-497315392245:192.168.46.41:43317: org.apache.ratis.thirdparty.io.grpc.StatusRuntimeException: UNAVAILABLE: io exception
2019-06-13 19:28:17,967 WARN  server.GrpcLogAppender (LogUtils.java:warn(134)) - d2a8fb4f-a5c5-464b-bdfb-246d8a56d073: Failed appendEntries to 969de2d3-37f1-4cc6-a93a-4fa259d4d74d:192.168.46.41:43887: org.apache.ratis.thirdparty.io.grpc.StatusRuntimeException: UNAVAILABLE: io exception
2019-06-13 19:28:17,967 INFO  impl.FollowerInfo (FollowerInfo.java:lambda$new$0(50)) - d2a8fb4f-a5c5-464b-bdfb-246d8a56d073->2a59d514-8ae8-4317-9248-497315392245: nextIndex: updateUnconditionally 0 -> 0
2019-06-13 19:28:17,967 INFO  impl.FollowerInfo (FollowerInfo.java:lambda$new$0(50)) - d2a8fb4f-a5c5-464b-bdfb-246d8a56d073->969de2d3-37f1-4cc6-a93a-4fa259d4d74d: nextIndex: updateUnconditionally 0 -> 0
2019-06-13 19:28:18,467 WARN  server.GrpcLogAppender (LogUtils.java:warn(134)) - d2a8fb4f-a5c5-464b-bdfb-246d8a56d073: Failed appendEntries to 2a59d514-8ae8-4317-9248-497315392245:192.168.46.41:43317: org.apache.ratis.thirdparty.io.grpc.StatusRuntimeException: UNAVAILABLE: io exception
2019-06-13 19:28:18,467 INFO  impl.FollowerInfo (FollowerInfo.java:lambda$new$0(50)) - d2a8fb4f-a5c5-464b-bdfb-246d8a56d073->2a59d514-8ae8-4317-9248-497315392245: nextIndex: updateUnconditionally 0 -> 0
2019-06-13 19:28:18,468 WARN  server.GrpcLogAppender (LogUtils.java:warn(134)) - d2a8fb4f-a5c5-464b-bdfb-246d8a56d073: Failed appendEntries to 969de2d3-37f1-4cc6-a93a-4fa259d4d74d:192.168.46.41:43887: org.apache.ratis.thirdparty.io.grpc.StatusRuntimeException: UNAVAILABLE: io exception
2019-06-13 19:28:18,468 INFO  impl.FollowerInfo (FollowerInfo.java:lambda$new$0(50)) - d2a8fb4f-a5c5-464b-bdfb-246d8a56d073->969de2d3-37f1-4cc6-a93a-4fa259d4d74d: nextIndex: updateUnconditionally 0 -> 0
2019-06-13 19:28:18,968 WARN  server.GrpcLogAppender (LogUtils.java:warn(134)) - d2a8fb4f-a5c5-464b-bdfb-246d8a56d073: Failed appendEntries to 969de2d3-37f1-4cc6-a93a-4fa259d4d74d:192.168.46.41:43887: org.apache.ratis.thirdparty.io.grpc.StatusRuntimeException: UNAVAILABLE: io exception
2019-06-13 19:28:18,968 INFO  impl.FollowerInfo (FollowerInfo.java:lambda$new$0(50)) - d2a8fb4f-a5c5-464b-bdfb-246d8a56d073->969de2d3-37f1-4cc6-a93a-4fa259d4d74d: nextIndex: updateUnconditionally 0 -> 0
2019-06-13 19:28:18,968 WARN  server.GrpcLogAppender (LogUtils.java:warn(134)) - d2a8fb4f-a5c5-464b-bdfb-246d8a56d073: Failed appendEntries to 2a59d514-8ae8-4317-9248-497315392245:192.168.46.41:43317: org.apache.ratis.thirdparty.io.grpc.StatusRuntimeException: UNAVAILABLE: io exception
2019-06-13 19:28:18,968 INFO  impl.FollowerInfo (FollowerInfo.java:lambda$new$0(50)) - d2a8fb4f-a5c5-464b-bdfb-246d8a56d073->2a59d514-8ae8-4317-9248-497315392245: nextIndex: updateUnconditionally 0 -> 0
2019-06-13 19:28:19,471 WARN  server.GrpcLogAppender (LogUtils.java:warn(134)) - d2a8fb4f-a5c5-464b-bdfb-246d8a56d073: Failed appendEntries to 969de2d3-37f1-4cc6-a93a-4fa259d4d74d:192.168.46.41:43887: org.apache.ratis.thirdparty.io.grpc.StatusRuntimeException: UNAVAILABLE: io exception
2019-06-13 19:28:19,471 INFO  impl.FollowerInfo (FollowerInfo.java:lambda$new$0(50)) - d2a8fb4f-a5c5-464b-bdfb-246d8a56d073->969de2d3-37f1-4cc6-a93a-4fa259d4d74d: nextIndex: updateUnconditionally 0 -> 0
2019-06-13 19:28:19,471 WARN  server.GrpcLogAppender (LogUtils.java:warn(134)) - d2a8fb4f-a5c5-464b-bdfb-246d8a56d073: Failed appendEntries to 2a59d514-8ae8-4317-9248-497315392245:192.168.46.41:43317: org.apache.ratis.thirdparty.io.grpc.StatusRuntimeException: UNAVAILABLE: io exception
2019-06-13 19:28:19,472 INFO  impl.FollowerInfo (FollowerInfo.java:lambda$new$0(50)) - d2a8fb4f-a5c5-464b-bdfb-246d8a56d073->2a59d514-8ae8-4317-9248-497315392245: nextIndex: updateUnconditionally 0 -> 0
2019-06-13 19:28:19,969 WARN  server.GrpcLogAppender (LogUtils.java:warn(134)) - d2a8fb4f-a5c5-464b-bdfb-246d8a56d073: Failed appendEntries to 2a59d514-8ae8-4317-9248-497315392245:192.168.46.41:43317: org.apache.ratis.thirdparty.io.grpc.StatusRuntimeException: UNAVAILABLE: io exception
2019-06-13 19:28:19,969 INFO  impl.FollowerInfo (FollowerInfo.java:lambda$new$0(50)) - d2a8fb4f-a5c5-464b-bdfb-246d8a56d073->2a59d514-8ae8-4317-9248-497315392245: nextIndex: updateUnconditionally 0 -> 0
2019-06-13 19:28:19,969 WARN  server.GrpcLogAppender (LogUtils.java:warn(134)) - d2a8fb4f-a5c5-464b-bdfb-246d8a56d073: Failed appendEntries to 969de2d3-37f1-4cc6-a93a-4fa259d4d74d:192.168.46.41:43887: org.apache.ratis.thirdparty.io.grpc.StatusRuntimeException: UNAVAILABLE: io exception
2019-06-13 19:28:19,970 INFO  impl.FollowerInfo (FollowerInfo.java:lambda$new$0(50)) - d2a8fb4f-a5c5-464b-bdfb-246d8a56d073->969de2d3-37f1-4cc6-a93a-4fa259d4d74d: nextIndex: updateUnconditionally 0 -> 0
2019-06-13 19:28:20,470 WARN  server.GrpcLogAppender (LogUtils.java:warn(134)) - d2a8fb4f-a5c5-464b-bdfb-246d8a56d073: Failed appendEntries to 2a59d514-8ae8-4317-9248-497315392245:192.168.46.41:43317: org.apache.ratis.thirdparty.io.grpc.StatusRuntimeException: UNAVAILABLE: io exception
2019-06-13 19:28:20,470 WARN  server.GrpcLogAppender (LogUtils.java:warn(134)) - d2a8fb4f-a5c5-464b-bdfb-246d8a56d073: Failed appendEntries to 969de2d3-37f1-4cc6-a93a-4fa259d4d74d:192.168.46.41:43887: org.apache.ratis.thirdparty.io.grpc.StatusRuntimeException: UNAVAILABLE: io exception
2019-06-13 19:28:20,470 INFO  impl.FollowerInfo (FollowerInfo.java:lambda$new$0(50)) - d2a8fb4f-a5c5-464b-bdfb-246d8a56d073->2a59d514-8ae8-4317-9248-497315392245: nextIndex: updateUnconditionally 0 -> 0
2019-06-13 19:28:20,470 INFO  impl.FollowerInfo (FollowerInfo.java:lambda$new$0(50)) - d2a8fb4f-a5c5-464b-bdfb-246d8a56d073->969de2d3-37f1-4cc6-a93a-4fa259d4d74d: nextIndex: updateUnconditionally 0 -> 0
2019-06-13 19:28:20,970 WARN  server.GrpcLogAppender (LogUtils.java:warn(134)) - d2a8fb4f-a5c5-464b-bdfb-246d8a56d073: Failed appendEntries to 2a59d514-8ae8-4317-9248-497315392245:192.168.46.41:43317: org.apache.ratis.thirdparty.io.grpc.StatusRuntimeException: UNAVAILABLE: io exception
2019-06-13 19:28:20,971 INFO  impl.FollowerInfo (FollowerInfo.java:lambda$new$0(50)) - d2a8fb4f-a5c5-464b-bdfb-246d8a56d073->2a59d514-8ae8-4317-9248-497315392245: nextIndex: updateUnconditionally 0 -> 0
2019-06-13 19:28:20,971 WARN  server.GrpcLogAppender (LogUtils.java:warn(134)) - d2a8fb4f-a5c5-464b-bdfb-246d8a56d073: Failed appendEntries to 969de2d3-37f1-4cc6-a93a-4fa259d4d74d:192.168.46.41:43887: org.apache.ratis.thirdparty.io.grpc.StatusRuntimeException: UNAVAILABLE: io exception
2019-06-13 19:28:20,971 INFO  impl.FollowerInfo (FollowerInfo.java:lambda$new$0(50)) - d2a8fb4f-a5c5-464b-bdfb-246d8a56d073->969de2d3-37f1-4cc6-a93a-4fa259d4d74d: nextIndex: updateUnconditionally 0 -> 0
2019-06-13 19:28:21,471 WARN  server.GrpcLogAppender (LogUtils.java:warn(134)) - d2a8fb4f-a5c5-464b-bdfb-246d8a56d073: Failed appendEntries to 2a59d514-8ae8-4317-9248-497315392245:192.168.46.41:43317: org.apache.ratis.thirdparty.io.grpc.StatusRuntimeException: UNAVAILABLE: io exception
2019-06-13 19:28:21,471 INFO  impl.FollowerInfo (FollowerInfo.java:lambda$new$0(50)) - d2a8fb4f-a5c5-464b-bdfb-246d8a56d073->2a59d514-8ae8-4317-9248-497315392245: nextIndex: updateUnconditionally 0 -> 0
2019-06-13 19:28:21,471 WARN  server.GrpcLogAppender (LogUtils.java:warn(134)) - d2a8fb4f-a5c5-464b-bdfb-246d8a56d073: Failed appendEntries to 969de2d3-37f1-4cc6-a93a-4fa259d4d74d:192.168.46.41:43887: org.apache.ratis.thirdparty.io.grpc.StatusRuntimeException: UNAVAILABLE: io exception
2019-06-13 19:28:21,471 INFO  impl.FollowerInfo (FollowerInfo.java:lambda$new$0(50)) - d2a8fb4f-a5c5-464b-bdfb-246d8a56d073->969de2d3-37f1-4cc6-a93a-4fa259d4d74d: nextIndex: updateUnconditionally 0 -> 0
2019-06-13 19:28:21,971 WARN  server.GrpcLogAppender (LogUtils.java:warn(134)) - d2a8fb4f-a5c5-464b-bdfb-246d8a56d073: Failed appendEntries to 969de2d3-37f1-4cc6-a93a-4fa259d4d74d:192.168.46.41:43887: org.apache.ratis.thirdparty.io.grpc.StatusRuntimeException: UNAVAILABLE: io exception
2019-06-13 19:28:21,971 WARN  server.GrpcLogAppender (LogUtils.java:warn(134)) - d2a8fb4f-a5c5-464b-bdfb-246d8a56d073: Failed appendEntries to 2a59d514-8ae8-4317-9248-497315392245:192.168.46.41:43317: org.apache.ratis.thirdparty.io.grpc.StatusRuntimeException: UNAVAILABLE: io exception
2019-06-13 19:28:21,971 INFO  impl.FollowerInfo (FollowerInfo.java:lambda$new$0(50)) - d2a8fb4f-a5c5-464b-bdfb-246d8a56d073->969de2d3-37f1-4cc6-a93a-4fa259d4d74d: nextIndex: updateUnconditionally 0 -> 0
2019-06-13 19:28:21,972 INFO  impl.FollowerInfo (FollowerInfo.java:lambda$new$0(50)) - d2a8fb4f-a5c5-464b-bdfb-246d8a56d073->2a59d514-8ae8-4317-9248-497315392245: nextIndex: updateUnconditionally 0 -> 0
2019-06-13 19:28:22,472 WARN  server.GrpcLogAppender (LogUtils.java:warn(134)) - d2a8fb4f-a5c5-464b-bdfb-246d8a56d073: Failed appendEntries to 2a59d514-8ae8-4317-9248-497315392245:192.168.46.41:43317: org.apache.ratis.thirdparty.io.grpc.StatusRuntimeException: UNAVAILABLE: io exception
2019-06-13 19:28:22,472 INFO  impl.FollowerInfo (FollowerInfo.java:lambda$new$0(50)) - d2a8fb4f-a5c5-464b-bdfb-246d8a56d073->2a59d514-8ae8-4317-9248-497315392245: nextIndex: updateUnconditionally 0 -> 0
2019-06-13 19:28:22,472 WARN  server.GrpcLogAppender (LogUtils.java:warn(134)) - d2a8fb4f-a5c5-464b-bdfb-246d8a56d073: Failed appendEntries to 969de2d3-37f1-4cc6-a93a-4fa259d4d74d:192.168.46.41:43887: org.apache.ratis.thirdparty.io.grpc.StatusRuntimeException: UNAVAILABLE: io exception
2019-06-13 19:28:22,473 INFO  impl.FollowerInfo (FollowerInfo.java:lambda$new$0(50)) - d2a8fb4f-a5c5-464b-bdfb-246d8a56d073->969de2d3-37f1-4cc6-a93a-4fa259d4d74d: nextIndex: updateUnconditionally 0 -> 0
2019-06-13 19:28:22,674 INFO  client.GrpcClientProtocolService (GrpcClientProtocolService.java:lambda$processClientRequest$0(264)) - Failed RaftClientRequest:client-B2C0D2ED47B1->d2a8fb4f-a5c5-464b-bdfb-246d8a56d073@group-6A49F4A4707F, cid=67, seq=0, Watch-ALL_COMMITTED(2), Message:<EMPTY>, reply=RaftClientReply:client-B2C0D2ED47B1->d2a8fb4f-a5c5-464b-bdfb-246d8a56d073@group-6A49F4A4707F, cid=67, FAILED org.apache.ratis.protocol.NotReplicatedException: Request with call Id 67 and log index 2 is not yet replicated to ALL_COMMITTED, logIndex=2, commits[d2a8fb4f-a5c5-464b-bdfb-246d8a56d073:c2, 969de2d3-37f1-4cc6-a93a-4fa259d4d74d:c1, 2a59d514-8ae8-4317-9248-497315392245:c1]
2019-06-13 19:28:22,972 WARN  server.GrpcLogAppender (LogUtils.java:warn(134)) - d2a8fb4f-a5c5-464b-bdfb-246d8a56d073: Failed appendEntries to 969de2d3-37f1-4cc6-a93a-4fa259d4d74d:192.168.46.41:43887: org.apache.ratis.thirdparty.io.grpc.StatusRuntimeException: UNAVAILABLE: io exception
2019-06-13 19:28:22,973 INFO  impl.FollowerInfo (FollowerInfo.java:lambda$new$0(50)) - d2a8fb4f-a5c5-464b-bdfb-246d8a56d073->969de2d3-37f1-4cc6-a93a-4fa259d4d74d: nextIndex: updateUnconditionally 0 -> 0
2019-06-13 19:28:22,973 WARN  server.GrpcLogAppender (LogUtils.java:warn(134)) - d2a8fb4f-a5c5-464b-bdfb-246d8a56d073: Failed appendEntries to 2a59d514-8ae8-4317-9248-497315392245:192.168.46.41:43317: org.apache.ratis.thirdparty.io.grpc.StatusRuntimeException: UNAVAILABLE: io exception
2019-06-13 19:28:22,973 INFO  impl.FollowerInfo (FollowerInfo.java:lambda$new$0(50)) - d2a8fb4f-a5c5-464b-bdfb-246d8a56d073->2a59d514-8ae8-4317-9248-497315392245: nextIndex: updateUnconditionally 0 -> 0
2019-06-13 19:28:23,473 WARN  server.GrpcLogAppender (LogUtils.java:warn(134)) - d2a8fb4f-a5c5-464b-bdfb-246d8a56d073: Failed appendEntries to 969de2d3-37f1-4cc6-a93a-4fa259d4d74d:192.168.46.41:43887: org.apache.ratis.thirdparty.io.grpc.StatusRuntimeException: UNAVAILABLE: io exception
2019-06-13 19:28:23,473 WARN  server.GrpcLogAppender (LogUtils.java:warn(134)) - d2a8fb4f-a5c5-464b-bdfb-246d8a56d073: Failed appendEntries to 2a59d514-8ae8-4317-9248-497315392245:192.168.46.41:43317: org.apache.ratis.thirdparty.io.grpc.StatusRuntimeException: UNAVAILABLE: io exception
2019-06-13 19:28:23,473 INFO  impl.FollowerInfo (FollowerInfo.java:lambda$new$0(50)) - d2a8fb4f-a5c5-464b-bdfb-246d8a56d073->969de2d3-37f1-4cc6-a93a-4fa259d4d74d: nextIndex: updateUnconditionally 0 -> 0
2019-06-13 19:28:23,473 INFO  impl.FollowerInfo (FollowerInfo.java:lambda$new$0(50)) - d2a8fb4f-a5c5-464b-bdfb-246d8a56d073->2a59d514-8ae8-4317-9248-497315392245: nextIndex: updateUnconditionally 0 -> 0
2019-06-13 19:28:23,974 WARN  server.GrpcLogAppender (LogUtils.java:warn(134)) - d2a8fb4f-a5c5-464b-bdfb-246d8a56d073: Failed appendEntries to 969de2d3-37f1-4cc6-a93a-4fa259d4d74d:192.168.46.41:43887: org.apache.ratis.thirdparty.io.grpc.StatusRuntimeException: UNAVAILABLE: io exception
2019-06-13 19:28:23,974 WARN  server.GrpcLogAppender (LogUtils.java:warn(134)) - d2a8fb4f-a5c5-464b-bdfb-246d8a56d073: Failed appendEntries to 2a59d514-8ae8-4317-9248-497315392245:192.168.46.41:43317: org.apache.ratis.thirdparty.io.grpc.StatusRuntimeException: UNAVAILABLE: io exception
2019-06-13 19:28:23,975 INFO  impl.FollowerInfo (FollowerInfo.java:lambda$new$0(50)) - d2a8fb4f-a5c5-464b-bdfb-246d8a56d073->2a59d514-8ae8-4317-9248-497315392245: nextIndex: updateUnconditionally 0 -> 0
2019-06-13 19:28:23,974 INFO  impl.FollowerInfo (FollowerInfo.java:lambda$new$0(50)) - d2a8fb4f-a5c5-464b-bdfb-246d8a56d073->969de2d3-37f1-4cc6-a93a-4fa259d4d74d: nextIndex: updateUnconditionally 0 -> 0
2019-06-13 19:28:24,474 WARN  server.GrpcLogAppender (LogUtils.java:warn(134)) - d2a8fb4f-a5c5-464b-bdfb-246d8a56d073: Failed appendEntries to 969de2d3-37f1-4cc6-a93a-4fa259d4d74d:192.168.46.41:43887: org.apache.ratis.thirdparty.io.grpc.StatusRuntimeException: UNAVAILABLE: io exception
2019-06-13 19:28:24,474 WARN  server.GrpcLogAppender (LogUtils.java:warn(134)) - d2a8fb4f-a5c5-464b-bdfb-246d8a56d073: Failed appendEntries to 2a59d514-8ae8-4317-9248-497315392245:192.168.46.41:43317: org.apache.ratis.thirdparty.io.grpc.StatusRuntimeException: UNAVAILABLE: io exception
2019-06-13 19:28:24,474 INFO  impl.FollowerInfo (FollowerInfo.java:lambda$new$0(50)) - d2a8fb4f-a5c5-464b-bdfb-246d8a56d073->969de2d3-37f1-4cc6-a93a-4fa259d4d74d: nextIndex: updateUnconditionally 0 -> 0
2019-06-13 19:28:24,475 INFO  impl.FollowerInfo (FollowerInfo.java:lambda$new$0(50)) - d2a8fb4f-a5c5-464b-bdfb-246d8a56d073->2a59d514-8ae8-4317-9248-497315392245: nextIndex: updateUnconditionally 0 -> 0
2019-06-13 19:28:24,975 WARN  server.GrpcLogAppender (LogUtils.java:warn(134)) - d2a8fb4f-a5c5-464b-bdfb-246d8a56d073: Failed appendEntries to 2a59d514-8ae8-4317-9248-497315392245:192.168.46.41:43317: org.apache.ratis.thirdparty.io.grpc.StatusRuntimeException: UNAVAILABLE: io exception
2019-06-13 19:28:24,975 WARN  server.GrpcLogAppender (LogUtils.java:warn(134)) - d2a8fb4f-a5c5-464b-bdfb-246d8a56d073: Failed appendEntries to 969de2d3-37f1-4cc6-a93a-4fa259d4d74d:192.168.46.41:43887: org.apache.ratis.thirdparty.io.grpc.StatusRuntimeException: UNAVAILABLE: io exception
2019-06-13 19:28:24,975 INFO  impl.FollowerInfo (FollowerInfo.java:lambda$new$0(50)) - d2a8fb4f-a5c5-464b-bdfb-246d8a56d073->2a59d514-8ae8-4317-9248-497315392245: nextIndex: updateUnconditionally 0 -> 0
2019-06-13 19:28:24,975 INFO  impl.FollowerInfo (FollowerInfo.java:lambda$new$0(50)) - d2a8fb4f-a5c5-464b-bdfb-246d8a56d073->969de2d3-37f1-4cc6-a93a-4fa259d4d74d: nextIndex: updateUnconditionally 0 -> 0
2019-06-13 19:28:25,475 WARN  server.GrpcLogAppender (LogUtils.java:warn(134)) - d2a8fb4f-a5c5-464b-bdfb-246d8a56d073: Failed appendEntries to 2a59d514-8ae8-4317-9248-497315392245:192.168.46.41:43317: org.apache.ratis.thirdparty.io.grpc.StatusRuntimeException: UNAVAILABLE: io exception
2019-06-13 19:28:25,475 WARN  server.GrpcLogAppender (LogUtils.java:warn(134)) - d2a8fb4f-a5c5-464b-bdfb-246d8a56d073: Failed appendEntries to 969de2d3-37f1-4cc6-a93a-4fa259d4d74d:192.168.46.41:43887: org.apache.ratis.thirdparty.io.grpc.StatusRuntimeException: UNAVAILABLE: io exception
2019-06-13 19:28:25,476 INFO  impl.FollowerInfo (FollowerInfo.java:lambda$new$0(50)) - d2a8fb4f-a5c5-464b-bdfb-246d8a56d073->2a59d514-8ae8-4317-9248-497315392245: nextIndex: updateUnconditionally 0 -> 0
2019-06-13 19:28:25,476 INFO  impl.FollowerInfo (FollowerInfo.java:lambda$new$0(50)) - d2a8fb4f-a5c5-464b-bdfb-246d8a56d073->969de2d3-37f1-4cc6-a93a-4fa259d4d74d: nextIndex: updateUnconditionally 0 -> 0
2019-06-13 19:28:25,976 WARN  server.GrpcLogAppender (LogUtils.java:warn(134)) - d2a8fb4f-a5c5-464b-bdfb-246d8a56d073: Failed appendEntries to 969de2d3-37f1-4cc6-a93a-4fa259d4d74d:192.168.46.41:43887: org.apache.ratis.thirdparty.io.grpc.StatusRuntimeException: UNAVAILABLE: io exception
2019-06-13 19:28:25,976 INFO  impl.FollowerInfo (FollowerInfo.java:lambda$new$0(50)) - d2a8fb4f-a5c5-464b-bdfb-246d8a56d073->969de2d3-37f1-4cc6-a93a-4fa259d4d74d: nextIndex: updateUnconditionally 0 -> 0
2019-06-13 19:28:25,976 WARN  server.GrpcLogAppender (LogUtils.java:warn(134)) - d2a8fb4f-a5c5-464b-bdfb-246d8a56d073: Failed appendEntries to 2a59d514-8ae8-4317-9248-497315392245:192.168.46.41:43317: org.apache.ratis.thirdparty.io.grpc.StatusRuntimeException: UNAVAILABLE: io exception
2019-06-13 19:28:25,976 INFO  impl.FollowerInfo (FollowerInfo.java:lambda$new$0(50)) - d2a8fb4f-a5c5-464b-bdfb-246d8a56d073->2a59d514-8ae8-4317-9248-497315392245: nextIndex: updateUnconditionally 0 -> 0
2019-06-13 19:28:26,476 WARN  server.GrpcLogAppender (LogUtils.java:warn(134)) - d2a8fb4f-a5c5-464b-bdfb-246d8a56d073: Failed appendEntries to 969de2d3-37f1-4cc6-a93a-4fa259d4d74d:192.168.46.41:43887: org.apache.ratis.thirdparty.io.grpc.StatusRuntimeException: UNAVAILABLE: io exception
2019-06-13 19:28:26,476 WARN  server.GrpcLogAppender (LogUtils.java:warn(134)) - d2a8fb4f-a5c5-464b-bdfb-246d8a56d073: Failed appendEntries to 2a59d514-8ae8-4317-9248-497315392245:192.168.46.41:43317: org.apache.ratis.thirdparty.io.grpc.StatusRuntimeException: UNAVAILABLE: io exception
2019-06-13 19:28:26,477 INFO  impl.FollowerInfo (FollowerInfo.java:lambda$new$0(50)) - d2a8fb4f-a5c5-464b-bdfb-246d8a56d073->969de2d3-37f1-4cc6-a93a-4fa259d4d74d: nextIndex: updateUnconditionally 0 -> 0
2019-06-13 19:28:26,477 INFO  impl.FollowerInfo (FollowerInfo.java:lambda$new$0(50)) - d2a8fb4f-a5c5-464b-bdfb-246d8a56d073->2a59d514-8ae8-4317-9248-497315392245: nextIndex: updateUnconditionally 0 -> 0
2019-06-13 19:28:26,977 WARN  server.GrpcLogAppender (LogUtils.java:warn(134)) - d2a8fb4f-a5c5-464b-bdfb-246d8a56d073: Failed appendEntries to 2a59d514-8ae8-4317-9248-497315392245:192.168.46.41:43317: org.apache.ratis.thirdparty.io.grpc.StatusRuntimeException: UNAVAILABLE: io exception
2019-06-13 19:28:26,977 INFO  impl.FollowerInfo (FollowerInfo.java:lambda$new$0(50)) - d2a8fb4f-a5c5-464b-bdfb-246d8a56d073->2a59d514-8ae8-4317-9248-497315392245: nextIndex: updateUnconditionally 0 -> 0
2019-06-13 19:28:26,978 WARN  server.GrpcLogAppender (LogUtils.java:warn(134)) - d2a8fb4f-a5c5-464b-bdfb-246d8a56d073: Failed appendEntries to 969de2d3-37f1-4cc6-a93a-4fa259d4d74d:192.168.46.41:43887: org.apache.ratis.thirdparty.io.grpc.StatusRuntimeException: UNAVAILABLE: io exception
2019-06-13 19:28:26,978 INFO  impl.FollowerInfo (FollowerInfo.java:lambda$new$0(50)) - d2a8fb4f-a5c5-464b-bdfb-246d8a56d073->969de2d3-37f1-4cc6-a93a-4fa259d4d74d: nextIndex: updateUnconditionally 0 -> 0
2019-06-13 19:28:27,477 WARN  server.GrpcLogAppender (LogUtils.java:warn(134)) - d2a8fb4f-a5c5-464b-bdfb-246d8a56d073: Failed appendEntries to 969de2d3-37f1-4cc6-a93a-4fa259d4d74d:192.168.46.41:43887: org.apache.ratis.thirdparty.io.grpc.StatusRuntimeException: UNAVAILABLE: io exception
2019-06-13 19:28:27,478 INFO  impl.FollowerInfo (FollowerInfo.java:lambda$new$0(50)) - d2a8fb4f-a5c5-464b-bdfb-246d8a56d073->969de2d3-37f1-4cc6-a93a-4fa259d4d74d: nextIndex: updateUnconditionally 0 -> 0
2019-06-13 19:28:27,477 WARN  server.GrpcLogAppender (LogUtils.java:warn(134)) - d2a8fb4f-a5c5-464b-bdfb-246d8a56d073: Failed appendEntries to 2a59d514-8ae8-4317-9248-497315392245:192.168.46.41:43317: org.apache.ratis.thirdparty.io.grpc.StatusRuntimeException: UNAVAILABLE: io exception
2019-06-13 19:28:27,478 INFO  impl.FollowerInfo (FollowerInfo.java:lambda$new$0(50)) - d2a8fb4f-a5c5-464b-bdfb-246d8a56d073->2a59d514-8ae8-4317-9248-497315392245: nextIndex: updateUnconditionally 0 -> 0
2019-06-13 19:28:27,574 WARN  scm.XceiverClientRatis (XceiverClientRatis.java:watchForCommit(260)) - 3 way commit failed 
java.util.concurrent.TimeoutException
	at java.util.concurrent.CompletableFuture.timedGet(CompletableFuture.java:1771)
	at java.util.concurrent.CompletableFuture.get(CompletableFuture.java:1915)
	at org.apache.hadoop.hdds.scm.XceiverClientRatis.watchForCommit(XceiverClientRatis.java:257)
	at org.apache.hadoop.ozone.client.rpc.TestWatchForCommit.testWatchForCommitForRetryfailure(TestWatchForCommit.java:347)
	at sun.reflect.NativeMethodAccessorImpl.invoke0(Native Method)
	at sun.reflect.NativeMethodAccessorImpl.invoke(NativeMethodAccessorImpl.java:62)
	at sun.reflect.DelegatingMethodAccessorImpl.invoke(DelegatingMethodAccessorImpl.java:43)
	at java.lang.reflect.Method.invoke(Method.java:498)
	at org.junit.runners.model.FrameworkMethod$1.runReflectiveCall(FrameworkMethod.java:47)
	at org.junit.internal.runners.model.ReflectiveCallable.run(ReflectiveCallable.java:12)
	at org.junit.runners.model.FrameworkMethod.invokeExplosively(FrameworkMethod.java:44)
	at org.junit.internal.runners.statements.InvokeMethod.evaluate(InvokeMethod.java:17)
	at org.junit.runners.ParentRunner.runLeaf(ParentRunner.java:271)
	at org.junit.runners.BlockJUnit4ClassRunner.runChild(BlockJUnit4ClassRunner.java:70)
	at org.junit.runners.BlockJUnit4ClassRunner.runChild(BlockJUnit4ClassRunner.java:50)
	at org.junit.runners.ParentRunner$3.run(ParentRunner.java:238)
	at org.junit.runners.ParentRunner$1.schedule(ParentRunner.java:63)
	at org.junit.runners.ParentRunner.runChildren(ParentRunner.java:236)
	at org.junit.runners.ParentRunner.access$000(ParentRunner.java:53)
	at org.junit.runners.ParentRunner$2.evaluate(ParentRunner.java:229)
	at org.junit.runners.ParentRunner.run(ParentRunner.java:309)
	at org.apache.maven.surefire.junit4.JUnit4Provider.execute(JUnit4Provider.java:365)
	at org.apache.maven.surefire.junit4.JUnit4Provider.executeWithRerun(JUnit4Provider.java:273)
	at org.apache.maven.surefire.junit4.JUnit4Provider.executeTestSet(JUnit4Provider.java:238)
	at org.apache.maven.surefire.junit4.JUnit4Provider.invoke(JUnit4Provider.java:159)
	at org.apache.maven.surefire.booter.ForkedBooter.invokeProviderInSameClassLoader(ForkedBooter.java:384)
	at org.apache.maven.surefire.booter.ForkedBooter.runSuitesInProcess(ForkedBooter.java:345)
	at org.apache.maven.surefire.booter.ForkedBooter.execute(ForkedBooter.java:126)
	at org.apache.maven.surefire.booter.ForkedBooter.main(ForkedBooter.java:418)
2019-06-13 19:28:27,978 WARN  server.GrpcLogAppender (LogUtils.java:warn(134)) - d2a8fb4f-a5c5-464b-bdfb-246d8a56d073: Failed appendEntries to 2a59d514-8ae8-4317-9248-497315392245:192.168.46.41:43317: org.apache.ratis.thirdparty.io.grpc.StatusRuntimeException: UNAVAILABLE: io exception
2019-06-13 19:28:27,978 INFO  impl.FollowerInfo (FollowerInfo.java:lambda$new$0(50)) - d2a8fb4f-a5c5-464b-bdfb-246d8a56d073->2a59d514-8ae8-4317-9248-497315392245: nextIndex: updateUnconditionally 0 -> 0
2019-06-13 19:28:27,980 WARN  server.GrpcLogAppender (LogUtils.java:warn(134)) - d2a8fb4f-a5c5-464b-bdfb-246d8a56d073: Failed appendEntries to 969de2d3-37f1-4cc6-a93a-4fa259d4d74d:192.168.46.41:43887: org.apache.ratis.thirdparty.io.grpc.StatusRuntimeException: UNAVAILABLE: io exception
2019-06-13 19:28:27,980 INFO  impl.FollowerInfo (FollowerInfo.java:lambda$new$0(50)) - d2a8fb4f-a5c5-464b-bdfb-246d8a56d073->969de2d3-37f1-4cc6-a93a-4fa259d4d74d: nextIndex: updateUnconditionally 0 -> 0
2019-06-13 19:28:28,479 WARN  server.GrpcLogAppender (LogUtils.java:warn(134)) - d2a8fb4f-a5c5-464b-bdfb-246d8a56d073: Failed appendEntries to 969de2d3-37f1-4cc6-a93a-4fa259d4d74d:192.168.46.41:43887: org.apache.ratis.thirdparty.io.grpc.StatusRuntimeException: UNAVAILABLE: io exception
2019-06-13 19:28:28,479 INFO  impl.FollowerInfo (FollowerInfo.java:lambda$new$0(50)) - d2a8fb4f-a5c5-464b-bdfb-246d8a56d073->969de2d3-37f1-4cc6-a93a-4fa259d4d74d: nextIndex: updateUnconditionally 0 -> 0
2019-06-13 19:28:28,481 WARN  server.GrpcLogAppender (LogUtils.java:warn(134)) - d2a8fb4f-a5c5-464b-bdfb-246d8a56d073: Failed appendEntries to 2a59d514-8ae8-4317-9248-497315392245:192.168.46.41:43317: org.apache.ratis.thirdparty.io.grpc.StatusRuntimeException: UNAVAILABLE: io exception
2019-06-13 19:28:28,481 INFO  impl.FollowerInfo (FollowerInfo.java:lambda$new$0(50)) - d2a8fb4f-a5c5-464b-bdfb-246d8a56d073->2a59d514-8ae8-4317-9248-497315392245: nextIndex: updateUnconditionally 0 -> 0
2019-06-13 19:28:28,674 INFO  client.GrpcClientProtocolService (GrpcClientProtocolService.java:lambda$processClientRequest$0(264)) - Failed RaftClientRequest:client-B2C0D2ED47B1->d2a8fb4f-a5c5-464b-bdfb-246d8a56d073@group-6A49F4A4707F, cid=67, seq=0, Watch-ALL_COMMITTED(2), Message:<EMPTY>, reply=RaftClientReply:client-B2C0D2ED47B1->d2a8fb4f-a5c5-464b-bdfb-246d8a56d073@group-6A49F4A4707F, cid=67, FAILED org.apache.ratis.protocol.NotReplicatedException: Request with call Id 67 and log index 2 is not yet replicated to ALL_COMMITTED, logIndex=2, commits[d2a8fb4f-a5c5-464b-bdfb-246d8a56d073:c2, 969de2d3-37f1-4cc6-a93a-4fa259d4d74d:c1, 2a59d514-8ae8-4317-9248-497315392245:c1]
2019-06-13 19:28:28,982 WARN  server.GrpcLogAppender (LogUtils.java:warn(134)) - d2a8fb4f-a5c5-464b-bdfb-246d8a56d073: Failed appendEntries to 2a59d514-8ae8-4317-9248-497315392245:192.168.46.41:43317: org.apache.ratis.thirdparty.io.grpc.StatusRuntimeException: UNAVAILABLE: io exception
2019-06-13 19:28:28,982 INFO  impl.FollowerInfo (FollowerInfo.java:lambda$new$0(50)) - d2a8fb4f-a5c5-464b-bdfb-246d8a56d073->2a59d514-8ae8-4317-9248-497315392245: nextIndex: updateUnconditionally 0 -> 0
2019-06-13 19:28:28,983 WARN  server.GrpcLogAppender (LogUtils.java:warn(134)) - d2a8fb4f-a5c5-464b-bdfb-246d8a56d073: Failed appendEntries to 969de2d3-37f1-4cc6-a93a-4fa259d4d74d:192.168.46.41:43887: org.apache.ratis.thirdparty.io.grpc.StatusRuntimeException: UNAVAILABLE: io exception
2019-06-13 19:28:28,983 INFO  impl.FollowerInfo (FollowerInfo.java:lambda$new$0(50)) - d2a8fb4f-a5c5-464b-bdfb-246d8a56d073->969de2d3-37f1-4cc6-a93a-4fa259d4d74d: nextIndex: updateUnconditionally 0 -> 0
2019-06-13 19:28:29,479 WARN  server.GrpcLogAppender (LogUtils.java:warn(134)) - d2a8fb4f-a5c5-464b-bdfb-246d8a56d073: Failed appendEntries to 969de2d3-37f1-4cc6-a93a-4fa259d4d74d:192.168.46.41:43887: org.apache.ratis.thirdparty.io.grpc.StatusRuntimeException: UNAVAILABLE: io exception
2019-06-13 19:28:29,480 INFO  impl.FollowerInfo (FollowerInfo.java:lambda$new$0(50)) - d2a8fb4f-a5c5-464b-bdfb-246d8a56d073->969de2d3-37f1-4cc6-a93a-4fa259d4d74d: nextIndex: updateUnconditionally 0 -> 0
2019-06-13 19:28:29,482 WARN  server.GrpcLogAppender (LogUtils.java:warn(134)) - d2a8fb4f-a5c5-464b-bdfb-246d8a56d073: Failed appendEntries to 2a59d514-8ae8-4317-9248-497315392245:192.168.46.41:43317: org.apache.ratis.thirdparty.io.grpc.StatusRuntimeException: UNAVAILABLE: io exception
2019-06-13 19:28:29,482 INFO  impl.FollowerInfo (FollowerInfo.java:lambda$new$0(50)) - d2a8fb4f-a5c5-464b-bdfb-246d8a56d073->2a59d514-8ae8-4317-9248-497315392245: nextIndex: updateUnconditionally 0 -> 0
2019-06-13 19:28:29,980 WARN  server.GrpcLogAppender (LogUtils.java:warn(134)) - d2a8fb4f-a5c5-464b-bdfb-246d8a56d073: Failed appendEntries to 969de2d3-37f1-4cc6-a93a-4fa259d4d74d:192.168.46.41:43887: org.apache.ratis.thirdparty.io.grpc.StatusRuntimeException: UNAVAILABLE: io exception
2019-06-13 19:28:29,980 INFO  impl.FollowerInfo (FollowerInfo.java:lambda$new$0(50)) - d2a8fb4f-a5c5-464b-bdfb-246d8a56d073->969de2d3-37f1-4cc6-a93a-4fa259d4d74d: nextIndex: updateUnconditionally 0 -> 0
2019-06-13 19:28:29,982 WARN  server.GrpcLogAppender (LogUtils.java:warn(134)) - d2a8fb4f-a5c5-464b-bdfb-246d8a56d073: Failed appendEntries to 2a59d514-8ae8-4317-9248-497315392245:192.168.46.41:43317: org.apache.ratis.thirdparty.io.grpc.StatusRuntimeException: UNAVAILABLE: io exception
2019-06-13 19:28:29,982 INFO  impl.FollowerInfo (FollowerInfo.java:lambda$new$0(50)) - d2a8fb4f-a5c5-464b-bdfb-246d8a56d073->2a59d514-8ae8-4317-9248-497315392245: nextIndex: updateUnconditionally 0 -> 0
2019-06-13 19:28:30,480 WARN  server.GrpcLogAppender (LogUtils.java:warn(134)) - d2a8fb4f-a5c5-464b-bdfb-246d8a56d073: Failed appendEntries to 969de2d3-37f1-4cc6-a93a-4fa259d4d74d:192.168.46.41:43887: org.apache.ratis.thirdparty.io.grpc.StatusRuntimeException: UNAVAILABLE: io exception
2019-06-13 19:28:30,480 INFO  impl.FollowerInfo (FollowerInfo.java:lambda$new$0(50)) - d2a8fb4f-a5c5-464b-bdfb-246d8a56d073->969de2d3-37f1-4cc6-a93a-4fa259d4d74d: nextIndex: updateUnconditionally 0 -> 0
2019-06-13 19:28:30,483 WARN  server.GrpcLogAppender (LogUtils.java:warn(134)) - d2a8fb4f-a5c5-464b-bdfb-246d8a56d073: Failed appendEntries to 2a59d514-8ae8-4317-9248-497315392245:192.168.46.41:43317: org.apache.ratis.thirdparty.io.grpc.StatusRuntimeException: UNAVAILABLE: io exception
2019-06-13 19:28:30,483 INFO  impl.FollowerInfo (FollowerInfo.java:lambda$new$0(50)) - d2a8fb4f-a5c5-464b-bdfb-246d8a56d073->2a59d514-8ae8-4317-9248-497315392245: nextIndex: updateUnconditionally 0 -> 0
2019-06-13 19:28:30,981 WARN  server.GrpcLogAppender (LogUtils.java:warn(134)) - d2a8fb4f-a5c5-464b-bdfb-246d8a56d073: Failed appendEntries to 969de2d3-37f1-4cc6-a93a-4fa259d4d74d:192.168.46.41:43887: org.apache.ratis.thirdparty.io.grpc.StatusRuntimeException: UNAVAILABLE: io exception
2019-06-13 19:28:30,981 INFO  impl.FollowerInfo (FollowerInfo.java:lambda$new$0(50)) - d2a8fb4f-a5c5-464b-bdfb-246d8a56d073->969de2d3-37f1-4cc6-a93a-4fa259d4d74d: nextIndex: updateUnconditionally 0 -> 0
2019-06-13 19:28:30,983 WARN  server.GrpcLogAppender (LogUtils.java:warn(134)) - d2a8fb4f-a5c5-464b-bdfb-246d8a56d073: Failed appendEntries to 2a59d514-8ae8-4317-9248-497315392245:192.168.46.41:43317: org.apache.ratis.thirdparty.io.grpc.StatusRuntimeException: UNAVAILABLE: io exception
2019-06-13 19:28:30,983 INFO  impl.FollowerInfo (FollowerInfo.java:lambda$new$0(50)) - d2a8fb4f-a5c5-464b-bdfb-246d8a56d073->2a59d514-8ae8-4317-9248-497315392245: nextIndex: updateUnconditionally 0 -> 0
2019-06-13 19:28:31,481 WARN  server.GrpcLogAppender (LogUtils.java:warn(134)) - d2a8fb4f-a5c5-464b-bdfb-246d8a56d073: Failed appendEntries to 969de2d3-37f1-4cc6-a93a-4fa259d4d74d:192.168.46.41:43887: org.apache.ratis.thirdparty.io.grpc.StatusRuntimeException: UNAVAILABLE: io exception
2019-06-13 19:28:31,481 INFO  impl.FollowerInfo (FollowerInfo.java:lambda$new$0(50)) - d2a8fb4f-a5c5-464b-bdfb-246d8a56d073->969de2d3-37f1-4cc6-a93a-4fa259d4d74d: nextIndex: updateUnconditionally 0 -> 0
2019-06-13 19:28:31,484 WARN  server.GrpcLogAppender (LogUtils.java:warn(134)) - d2a8fb4f-a5c5-464b-bdfb-246d8a56d073: Failed appendEntries to 2a59d514-8ae8-4317-9248-497315392245:192.168.46.41:43317: org.apache.ratis.thirdparty.io.grpc.StatusRuntimeException: UNAVAILABLE: io exception
2019-06-13 19:28:31,484 INFO  impl.FollowerInfo (FollowerInfo.java:lambda$new$0(50)) - d2a8fb4f-a5c5-464b-bdfb-246d8a56d073->2a59d514-8ae8-4317-9248-497315392245: nextIndex: updateUnconditionally 0 -> 0
2019-06-13 19:28:31,982 WARN  server.GrpcLogAppender (LogUtils.java:warn(134)) - d2a8fb4f-a5c5-464b-bdfb-246d8a56d073: Failed appendEntries to 969de2d3-37f1-4cc6-a93a-4fa259d4d74d:192.168.46.41:43887: org.apache.ratis.thirdparty.io.grpc.StatusRuntimeException: UNAVAILABLE: io exception
2019-06-13 19:28:31,982 INFO  impl.FollowerInfo (FollowerInfo.java:lambda$new$0(50)) - d2a8fb4f-a5c5-464b-bdfb-246d8a56d073->969de2d3-37f1-4cc6-a93a-4fa259d4d74d: nextIndex: updateUnconditionally 0 -> 0
2019-06-13 19:28:31,984 WARN  server.GrpcLogAppender (LogUtils.java:warn(134)) - d2a8fb4f-a5c5-464b-bdfb-246d8a56d073: Failed appendEntries to 2a59d514-8ae8-4317-9248-497315392245:192.168.46.41:43317: org.apache.ratis.thirdparty.io.grpc.StatusRuntimeException: UNAVAILABLE: io exception
2019-06-13 19:28:31,984 INFO  impl.FollowerInfo (FollowerInfo.java:lambda$new$0(50)) - d2a8fb4f-a5c5-464b-bdfb-246d8a56d073->2a59d514-8ae8-4317-9248-497315392245: nextIndex: updateUnconditionally 0 -> 0
2019-06-13 19:28:32,482 WARN  server.GrpcLogAppender (LogUtils.java:warn(134)) - d2a8fb4f-a5c5-464b-bdfb-246d8a56d073: Failed appendEntries to 969de2d3-37f1-4cc6-a93a-4fa259d4d74d:192.168.46.41:43887: org.apache.ratis.thirdparty.io.grpc.StatusRuntimeException: UNAVAILABLE: io exception
2019-06-13 19:28:32,483 INFO  impl.FollowerInfo (FollowerInfo.java:lambda$new$0(50)) - d2a8fb4f-a5c5-464b-bdfb-246d8a56d073->969de2d3-37f1-4cc6-a93a-4fa259d4d74d: nextIndex: updateUnconditionally 0 -> 0
2019-06-13 19:28:32,485 WARN  server.GrpcLogAppender (LogUtils.java:warn(134)) - d2a8fb4f-a5c5-464b-bdfb-246d8a56d073: Failed appendEntries to 2a59d514-8ae8-4317-9248-497315392245:192.168.46.41:43317: org.apache.ratis.thirdparty.io.grpc.StatusRuntimeException: UNAVAILABLE: io exception
2019-06-13 19:28:32,485 INFO  impl.FollowerInfo (FollowerInfo.java:lambda$new$0(50)) - d2a8fb4f-a5c5-464b-bdfb-246d8a56d073->2a59d514-8ae8-4317-9248-497315392245: nextIndex: updateUnconditionally 0 -> 0
2019-06-13 19:28:32,983 WARN  server.GrpcLogAppender (LogUtils.java:warn(134)) - d2a8fb4f-a5c5-464b-bdfb-246d8a56d073: Failed appendEntries to 969de2d3-37f1-4cc6-a93a-4fa259d4d74d:192.168.46.41:43887: org.apache.ratis.thirdparty.io.grpc.StatusRuntimeException: UNAVAILABLE: io exception
2019-06-13 19:28:32,983 INFO  impl.FollowerInfo (FollowerInfo.java:lambda$new$0(50)) - d2a8fb4f-a5c5-464b-bdfb-246d8a56d073->969de2d3-37f1-4cc6-a93a-4fa259d4d74d: nextIndex: updateUnconditionally 0 -> 0
2019-06-13 19:28:32,986 WARN  server.GrpcLogAppender (LogUtils.java:warn(134)) - d2a8fb4f-a5c5-464b-bdfb-246d8a56d073: Failed appendEntries to 2a59d514-8ae8-4317-9248-497315392245:192.168.46.41:43317: org.apache.ratis.thirdparty.io.grpc.StatusRuntimeException: UNAVAILABLE: io exception
2019-06-13 19:28:32,986 INFO  impl.FollowerInfo (FollowerInfo.java:lambda$new$0(50)) - d2a8fb4f-a5c5-464b-bdfb-246d8a56d073->2a59d514-8ae8-4317-9248-497315392245: nextIndex: updateUnconditionally 0 -> 0
2019-06-13 19:28:33,483 WARN  server.GrpcLogAppender (LogUtils.java:warn(134)) - d2a8fb4f-a5c5-464b-bdfb-246d8a56d073: Failed appendEntries to 969de2d3-37f1-4cc6-a93a-4fa259d4d74d:192.168.46.41:43887: org.apache.ratis.thirdparty.io.grpc.StatusRuntimeException: UNAVAILABLE: io exception
2019-06-13 19:28:33,484 INFO  impl.FollowerInfo (FollowerInfo.java:lambda$new$0(50)) - d2a8fb4f-a5c5-464b-bdfb-246d8a56d073->969de2d3-37f1-4cc6-a93a-4fa259d4d74d: nextIndex: updateUnconditionally 0 -> 0
2019-06-13 19:28:33,485 WARN  server.GrpcLogAppender (LogUtils.java:warn(134)) - d2a8fb4f-a5c5-464b-bdfb-246d8a56d073: Failed appendEntries to 2a59d514-8ae8-4317-9248-497315392245:192.168.46.41:43317: org.apache.ratis.thirdparty.io.grpc.StatusRuntimeException: UNAVAILABLE: io exception
2019-06-13 19:28:33,486 INFO  impl.FollowerInfo (FollowerInfo.java:lambda$new$0(50)) - d2a8fb4f-a5c5-464b-bdfb-246d8a56d073->2a59d514-8ae8-4317-9248-497315392245: nextIndex: updateUnconditionally 0 -> 0
2019-06-13 19:28:33,674 INFO  client.GrpcClientProtocolService (GrpcClientProtocolService.java:lambda$processClientRequest$0(264)) - Failed RaftClientRequest:client-B2C0D2ED47B1->d2a8fb4f-a5c5-464b-bdfb-246d8a56d073@group-6A49F4A4707F, cid=67, seq=0, Watch-ALL_COMMITTED(2), Message:<EMPTY>, reply=RaftClientReply:client-B2C0D2ED47B1->d2a8fb4f-a5c5-464b-bdfb-246d8a56d073@group-6A49F4A4707F, cid=67, FAILED org.apache.ratis.protocol.NotReplicatedException: Request with call Id 67 and log index 2 is not yet replicated to ALL_COMMITTED, logIndex=2, commits[d2a8fb4f-a5c5-464b-bdfb-246d8a56d073:c2, 969de2d3-37f1-4cc6-a93a-4fa259d4d74d:c1, 2a59d514-8ae8-4317-9248-497315392245:c1]
2019-06-13 19:28:33,984 WARN  server.GrpcLogAppender (LogUtils.java:warn(134)) - d2a8fb4f-a5c5-464b-bdfb-246d8a56d073: Failed appendEntries to 969de2d3-37f1-4cc6-a93a-4fa259d4d74d:192.168.46.41:43887: org.apache.ratis.thirdparty.io.grpc.StatusRuntimeException: UNAVAILABLE: io exception
2019-06-13 19:28:33,984 INFO  impl.FollowerInfo (FollowerInfo.java:lambda$new$0(50)) - d2a8fb4f-a5c5-464b-bdfb-246d8a56d073->969de2d3-37f1-4cc6-a93a-4fa259d4d74d: nextIndex: updateUnconditionally 0 -> 0
2019-06-13 19:28:33,986 WARN  server.GrpcLogAppender (LogUtils.java:warn(134)) - d2a8fb4f-a5c5-464b-bdfb-246d8a56d073: Failed appendEntries to 2a59d514-8ae8-4317-9248-497315392245:192.168.46.41:43317: org.apache.ratis.thirdparty.io.grpc.StatusRuntimeException: UNAVAILABLE: io exception
2019-06-13 19:28:33,986 INFO  impl.FollowerInfo (FollowerInfo.java:lambda$new$0(50)) - d2a8fb4f-a5c5-464b-bdfb-246d8a56d073->2a59d514-8ae8-4317-9248-497315392245: nextIndex: updateUnconditionally 0 -> 0
2019-06-13 19:28:34,484 WARN  server.GrpcLogAppender (LogUtils.java:warn(134)) - d2a8fb4f-a5c5-464b-bdfb-246d8a56d073: Failed appendEntries to 969de2d3-37f1-4cc6-a93a-4fa259d4d74d:192.168.46.41:43887: org.apache.ratis.thirdparty.io.grpc.StatusRuntimeException: UNAVAILABLE: io exception
2019-06-13 19:28:34,485 INFO  impl.FollowerInfo (FollowerInfo.java:lambda$new$0(50)) - d2a8fb4f-a5c5-464b-bdfb-246d8a56d073->969de2d3-37f1-4cc6-a93a-4fa259d4d74d: nextIndex: updateUnconditionally 0 -> 0
2019-06-13 19:28:34,486 WARN  server.GrpcLogAppender (LogUtils.java:warn(134)) - d2a8fb4f-a5c5-464b-bdfb-246d8a56d073: Failed appendEntries to 2a59d514-8ae8-4317-9248-497315392245:192.168.46.41:43317: org.apache.ratis.thirdparty.io.grpc.StatusRuntimeException: UNAVAILABLE: io exception
2019-06-13 19:28:34,486 INFO  impl.FollowerInfo (FollowerInfo.java:lambda$new$0(50)) - d2a8fb4f-a5c5-464b-bdfb-246d8a56d073->2a59d514-8ae8-4317-9248-497315392245: nextIndex: updateUnconditionally 0 -> 0
2019-06-13 19:28:34,985 WARN  server.GrpcLogAppender (LogUtils.java:warn(134)) - d2a8fb4f-a5c5-464b-bdfb-246d8a56d073: Failed appendEntries to 969de2d3-37f1-4cc6-a93a-4fa259d4d74d:192.168.46.41:43887: org.apache.ratis.thirdparty.io.grpc.StatusRuntimeException: UNAVAILABLE: io exception
2019-06-13 19:28:34,985 INFO  impl.FollowerInfo (FollowerInfo.java:lambda$new$0(50)) - d2a8fb4f-a5c5-464b-bdfb-246d8a56d073->969de2d3-37f1-4cc6-a93a-4fa259d4d74d: nextIndex: updateUnconditionally 0 -> 0
2019-06-13 19:28:34,987 WARN  server.GrpcLogAppender (LogUtils.java:warn(134)) - d2a8fb4f-a5c5-464b-bdfb-246d8a56d073: Failed appendEntries to 2a59d514-8ae8-4317-9248-497315392245:192.168.46.41:43317: org.apache.ratis.thirdparty.io.grpc.StatusRuntimeException: UNAVAILABLE: io exception
2019-06-13 19:28:34,987 INFO  impl.FollowerInfo (FollowerInfo.java:lambda$new$0(50)) - d2a8fb4f-a5c5-464b-bdfb-246d8a56d073->2a59d514-8ae8-4317-9248-497315392245: nextIndex: updateUnconditionally 0 -> 0
2019-06-13 19:28:35,486 WARN  server.GrpcLogAppender (LogUtils.java:warn(134)) - d2a8fb4f-a5c5-464b-bdfb-246d8a56d073: Failed appendEntries to 969de2d3-37f1-4cc6-a93a-4fa259d4d74d:192.168.46.41:43887: org.apache.ratis.thirdparty.io.grpc.StatusRuntimeException: UNAVAILABLE: io exception
2019-06-13 19:28:35,486 INFO  impl.FollowerInfo (FollowerInfo.java:lambda$new$0(50)) - d2a8fb4f-a5c5-464b-bdfb-246d8a56d073->969de2d3-37f1-4cc6-a93a-4fa259d4d74d: nextIndex: updateUnconditionally 0 -> 0
2019-06-13 19:28:35,487 WARN  server.GrpcLogAppender (LogUtils.java:warn(134)) - d2a8fb4f-a5c5-464b-bdfb-246d8a56d073: Failed appendEntries to 2a59d514-8ae8-4317-9248-497315392245:192.168.46.41:43317: org.apache.ratis.thirdparty.io.grpc.StatusRuntimeException: UNAVAILABLE: io exception
2019-06-13 19:28:35,487 INFO  impl.FollowerInfo (FollowerInfo.java:lambda$new$0(50)) - d2a8fb4f-a5c5-464b-bdfb-246d8a56d073->2a59d514-8ae8-4317-9248-497315392245: nextIndex: updateUnconditionally 0 -> 0
2019-06-13 19:28:35,986 WARN  server.GrpcLogAppender (LogUtils.java:warn(134)) - d2a8fb4f-a5c5-464b-bdfb-246d8a56d073: Failed appendEntries to 969de2d3-37f1-4cc6-a93a-4fa259d4d74d:192.168.46.41:43887: org.apache.ratis.thirdparty.io.grpc.StatusRuntimeException: UNAVAILABLE: io exception
2019-06-13 19:28:35,987 INFO  impl.FollowerInfo (FollowerInfo.java:lambda$new$0(50)) - d2a8fb4f-a5c5-464b-bdfb-246d8a56d073->969de2d3-37f1-4cc6-a93a-4fa259d4d74d: nextIndex: updateUnconditionally 0 -> 0
2019-06-13 19:28:35,988 WARN  server.GrpcLogAppender (LogUtils.java:warn(134)) - d2a8fb4f-a5c5-464b-bdfb-246d8a56d073: Failed appendEntries to 2a59d514-8ae8-4317-9248-497315392245:192.168.46.41:43317: org.apache.ratis.thirdparty.io.grpc.StatusRuntimeException: UNAVAILABLE: io exception
2019-06-13 19:28:35,988 INFO  impl.FollowerInfo (FollowerInfo.java:lambda$new$0(50)) - d2a8fb4f-a5c5-464b-bdfb-246d8a56d073->2a59d514-8ae8-4317-9248-497315392245: nextIndex: updateUnconditionally 0 -> 0
2019-06-13 19:28:36,488 WARN  server.GrpcLogAppender (LogUtils.java:warn(134)) - d2a8fb4f-a5c5-464b-bdfb-246d8a56d073: Failed appendEntries to 2a59d514-8ae8-4317-9248-497315392245:192.168.46.41:43317: org.apache.ratis.thirdparty.io.grpc.StatusRuntimeException: UNAVAILABLE: io exception
2019-06-13 19:28:36,488 INFO  impl.FollowerInfo (FollowerInfo.java:lambda$new$0(50)) - d2a8fb4f-a5c5-464b-bdfb-246d8a56d073->2a59d514-8ae8-4317-9248-497315392245: nextIndex: updateUnconditionally 0 -> 0
2019-06-13 19:28:36,490 WARN  server.GrpcLogAppender (LogUtils.java:warn(134)) - d2a8fb4f-a5c5-464b-bdfb-246d8a56d073: Failed appendEntries to 969de2d3-37f1-4cc6-a93a-4fa259d4d74d:192.168.46.41:43887: org.apache.ratis.thirdparty.io.grpc.StatusRuntimeException: UNAVAILABLE: io exception
2019-06-13 19:28:36,491 INFO  impl.FollowerInfo (FollowerInfo.java:lambda$new$0(50)) - d2a8fb4f-a5c5-464b-bdfb-246d8a56d073->969de2d3-37f1-4cc6-a93a-4fa259d4d74d: nextIndex: updateUnconditionally 0 -> 0
2019-06-13 19:28:36,988 WARN  server.GrpcLogAppender (LogUtils.java:warn(134)) - d2a8fb4f-a5c5-464b-bdfb-246d8a56d073: Failed appendEntries to 969de2d3-37f1-4cc6-a93a-4fa259d4d74d:192.168.46.41:43887: org.apache.ratis.thirdparty.io.grpc.StatusRuntimeException: UNAVAILABLE: io exception
2019-06-13 19:28:36,988 INFO  impl.FollowerInfo (FollowerInfo.java:lambda$new$0(50)) - d2a8fb4f-a5c5-464b-bdfb-246d8a56d073->969de2d3-37f1-4cc6-a93a-4fa259d4d74d: nextIndex: updateUnconditionally 0 -> 0
2019-06-13 19:28:36,988 WARN  server.GrpcLogAppender (LogUtils.java:warn(134)) - d2a8fb4f-a5c5-464b-bdfb-246d8a56d073: Failed appendEntries to 2a59d514-8ae8-4317-9248-497315392245:192.168.46.41:43317: org.apache.ratis.thirdparty.io.grpc.StatusRuntimeException: UNAVAILABLE: io exception
2019-06-13 19:28:36,988 INFO  impl.FollowerInfo (FollowerInfo.java:lambda$new$0(50)) - d2a8fb4f-a5c5-464b-bdfb-246d8a56d073->2a59d514-8ae8-4317-9248-497315392245: nextIndex: updateUnconditionally 0 -> 0
2019-06-13 19:28:37,488 WARN  server.GrpcLogAppender (LogUtils.java:warn(134)) - d2a8fb4f-a5c5-464b-bdfb-246d8a56d073: Failed appendEntries to 969de2d3-37f1-4cc6-a93a-4fa259d4d74d:192.168.46.41:43887: org.apache.ratis.thirdparty.io.grpc.StatusRuntimeException: UNAVAILABLE: io exception
2019-06-13 19:28:37,488 INFO  impl.FollowerInfo (FollowerInfo.java:lambda$new$0(50)) - d2a8fb4f-a5c5-464b-bdfb-246d8a56d073->969de2d3-37f1-4cc6-a93a-4fa259d4d74d: nextIndex: updateUnconditionally 0 -> 0
2019-06-13 19:28:37,489 WARN  server.GrpcLogAppender (LogUtils.java:warn(134)) - d2a8fb4f-a5c5-464b-bdfb-246d8a56d073: Failed appendEntries to 2a59d514-8ae8-4317-9248-497315392245:192.168.46.41:43317: org.apache.ratis.thirdparty.io.grpc.StatusRuntimeException: UNAVAILABLE: io exception
2019-06-13 19:28:37,489 INFO  impl.FollowerInfo (FollowerInfo.java:lambda$new$0(50)) - d2a8fb4f-a5c5-464b-bdfb-246d8a56d073->2a59d514-8ae8-4317-9248-497315392245: nextIndex: updateUnconditionally 0 -> 0
2019-06-13 19:28:37,988 WARN  server.GrpcLogAppender (LogUtils.java:warn(134)) - d2a8fb4f-a5c5-464b-bdfb-246d8a56d073: Failed appendEntries to 969de2d3-37f1-4cc6-a93a-4fa259d4d74d:192.168.46.41:43887: org.apache.ratis.thirdparty.io.grpc.StatusRuntimeException: UNAVAILABLE: io exception
2019-06-13 19:28:37,988 INFO  impl.FollowerInfo (FollowerInfo.java:lambda$new$0(50)) - d2a8fb4f-a5c5-464b-bdfb-246d8a56d073->969de2d3-37f1-4cc6-a93a-4fa259d4d74d: nextIndex: updateUnconditionally 0 -> 0
2019-06-13 19:28:37,989 WARN  server.GrpcLogAppender (LogUtils.java:warn(134)) - d2a8fb4f-a5c5-464b-bdfb-246d8a56d073: Failed appendEntries to 2a59d514-8ae8-4317-9248-497315392245:192.168.46.41:43317: org.apache.ratis.thirdparty.io.grpc.StatusRuntimeException: UNAVAILABLE: io exception
2019-06-13 19:28:37,989 INFO  impl.FollowerInfo (FollowerInfo.java:lambda$new$0(50)) - d2a8fb4f-a5c5-464b-bdfb-246d8a56d073->2a59d514-8ae8-4317-9248-497315392245: nextIndex: updateUnconditionally 0 -> 0
2019-06-13 19:28:38,490 WARN  server.GrpcLogAppender (LogUtils.java:warn(134)) - d2a8fb4f-a5c5-464b-bdfb-246d8a56d073: Failed appendEntries to 969de2d3-37f1-4cc6-a93a-4fa259d4d74d:192.168.46.41:43887: org.apache.ratis.thirdparty.io.grpc.StatusRuntimeException: UNAVAILABLE: io exception
2019-06-13 19:28:38,490 INFO  impl.FollowerInfo (FollowerInfo.java:lambda$new$0(50)) - d2a8fb4f-a5c5-464b-bdfb-246d8a56d073->969de2d3-37f1-4cc6-a93a-4fa259d4d74d: nextIndex: updateUnconditionally 0 -> 0
2019-06-13 19:28:38,493 WARN  server.GrpcLogAppender (LogUtils.java:warn(134)) - d2a8fb4f-a5c5-464b-bdfb-246d8a56d073: Failed appendEntries to 2a59d514-8ae8-4317-9248-497315392245:192.168.46.41:43317: org.apache.ratis.thirdparty.io.grpc.StatusRuntimeException: UNAVAILABLE: io exception
2019-06-13 19:28:38,493 INFO  impl.FollowerInfo (FollowerInfo.java:lambda$new$0(50)) - d2a8fb4f-a5c5-464b-bdfb-246d8a56d073->2a59d514-8ae8-4317-9248-497315392245: nextIndex: updateUnconditionally 0 -> 0
2019-06-13 19:28:38,676 INFO  client.GrpcClientProtocolService (GrpcClientProtocolService.java:lambda$processClientRequest$0(264)) - Failed RaftClientRequest:client-B2C0D2ED47B1->d2a8fb4f-a5c5-464b-bdfb-246d8a56d073@group-6A49F4A4707F, cid=68, seq=0, Watch-MAJORITY_COMMITTED(2), Message:<EMPTY>, reply=RaftClientReply:client-B2C0D2ED47B1->d2a8fb4f-a5c5-464b-bdfb-246d8a56d073@group-6A49F4A4707F, cid=68, FAILED org.apache.ratis.protocol.NotReplicatedException: Request with call Id 68 and log index 2 is not yet replicated to MAJORITY_COMMITTED, logIndex=2, commits[d2a8fb4f-a5c5-464b-bdfb-246d8a56d073:c2, 969de2d3-37f1-4cc6-a93a-4fa259d4d74d:c1, 2a59d514-8ae8-4317-9248-497315392245:c1]
2019-06-13 19:28:38,989 WARN  server.GrpcLogAppender (LogUtils.java:warn(134)) - d2a8fb4f-a5c5-464b-bdfb-246d8a56d073: Failed appendEntries to 969de2d3-37f1-4cc6-a93a-4fa259d4d74d:192.168.46.41:43887: org.apache.ratis.thirdparty.io.grpc.StatusRuntimeException: UNAVAILABLE: io exception
2019-06-13 19:28:38,990 INFO  impl.FollowerInfo (FollowerInfo.java:lambda$new$0(50)) - d2a8fb4f-a5c5-464b-bdfb-246d8a56d073->969de2d3-37f1-4cc6-a93a-4fa259d4d74d: nextIndex: updateUnconditionally 0 -> 0
2019-06-13 19:28:38,990 WARN  server.GrpcLogAppender (LogUtils.java:warn(134)) - d2a8fb4f-a5c5-464b-bdfb-246d8a56d073: Failed appendEntries to 2a59d514-8ae8-4317-9248-497315392245:192.168.46.41:43317: org.apache.ratis.thirdparty.io.grpc.StatusRuntimeException: UNAVAILABLE: io exception
2019-06-13 19:28:38,990 INFO  impl.FollowerInfo (FollowerInfo.java:lambda$new$0(50)) - d2a8fb4f-a5c5-464b-bdfb-246d8a56d073->2a59d514-8ae8-4317-9248-497315392245: nextIndex: updateUnconditionally 0 -> 0
2019-06-13 19:28:39,490 WARN  server.GrpcLogAppender (LogUtils.java:warn(134)) - d2a8fb4f-a5c5-464b-bdfb-246d8a56d073: Failed appendEntries to 2a59d514-8ae8-4317-9248-497315392245:192.168.46.41:43317: org.apache.ratis.thirdparty.io.grpc.StatusRuntimeException: UNAVAILABLE: io exception
2019-06-13 19:28:39,490 INFO  impl.FollowerInfo (FollowerInfo.java:lambda$new$0(50)) - d2a8fb4f-a5c5-464b-bdfb-246d8a56d073->2a59d514-8ae8-4317-9248-497315392245: nextIndex: updateUnconditionally 0 -> 0
2019-06-13 19:28:39,490 WARN  server.GrpcLogAppender (LogUtils.java:warn(134)) - d2a8fb4f-a5c5-464b-bdfb-246d8a56d073: Failed appendEntries to 969de2d3-37f1-4cc6-a93a-4fa259d4d74d:192.168.46.41:43887: org.apache.ratis.thirdparty.io.grpc.StatusRuntimeException: UNAVAILABLE: io exception
2019-06-13 19:28:39,491 INFO  impl.FollowerInfo (FollowerInfo.java:lambda$new$0(50)) - d2a8fb4f-a5c5-464b-bdfb-246d8a56d073->969de2d3-37f1-4cc6-a93a-4fa259d4d74d: nextIndex: updateUnconditionally 0 -> 0
2019-06-13 19:28:39,674 INFO  client.GrpcClientProtocolService (GrpcClientProtocolService.java:lambda$processClientRequest$0(264)) - Failed RaftClientRequest:client-B2C0D2ED47B1->d2a8fb4f-a5c5-464b-bdfb-246d8a56d073@group-6A49F4A4707F, cid=67, seq=0, Watch-ALL_COMMITTED(2), Message:<EMPTY>, reply=RaftClientReply:client-B2C0D2ED47B1->d2a8fb4f-a5c5-464b-bdfb-246d8a56d073@group-6A49F4A4707F, cid=67, FAILED org.apache.ratis.protocol.NotReplicatedException: Request with call Id 67 and log index 2 is not yet replicated to ALL_COMMITTED, logIndex=2, commits[d2a8fb4f-a5c5-464b-bdfb-246d8a56d073:c2, 969de2d3-37f1-4cc6-a93a-4fa259d4d74d:c1, 2a59d514-8ae8-4317-9248-497315392245:c1]
2019-06-13 19:28:39,990 WARN  server.GrpcLogAppender (LogUtils.java:warn(134)) - d2a8fb4f-a5c5-464b-bdfb-246d8a56d073: Failed appendEntries to 969de2d3-37f1-4cc6-a93a-4fa259d4d74d:192.168.46.41:43887: org.apache.ratis.thirdparty.io.grpc.StatusRuntimeException: UNAVAILABLE: io exception
2019-06-13 19:28:39,990 INFO  impl.FollowerInfo (FollowerInfo.java:lambda$new$0(50)) - d2a8fb4f-a5c5-464b-bdfb-246d8a56d073->969de2d3-37f1-4cc6-a93a-4fa259d4d74d: nextIndex: updateUnconditionally 0 -> 0
2019-06-13 19:28:39,992 WARN  server.GrpcLogAppender (LogUtils.java:warn(134)) - d2a8fb4f-a5c5-464b-bdfb-246d8a56d073: Failed appendEntries to 2a59d514-8ae8-4317-9248-497315392245:192.168.46.41:43317: org.apache.ratis.thirdparty.io.grpc.StatusRuntimeException: UNAVAILABLE: io exception
2019-06-13 19:28:39,993 INFO  impl.FollowerInfo (FollowerInfo.java:lambda$new$0(50)) - d2a8fb4f-a5c5-464b-bdfb-246d8a56d073->2a59d514-8ae8-4317-9248-497315392245: nextIndex: updateUnconditionally 0 -> 0
2019-06-13 19:28:40,491 WARN  server.GrpcLogAppender (LogUtils.java:warn(134)) - d2a8fb4f-a5c5-464b-bdfb-246d8a56d073: Failed appendEntries to 969de2d3-37f1-4cc6-a93a-4fa259d4d74d:192.168.46.41:43887: org.apache.ratis.thirdparty.io.grpc.StatusRuntimeException: UNAVAILABLE: io exception
2019-06-13 19:28:40,491 INFO  impl.FollowerInfo (FollowerInfo.java:lambda$new$0(50)) - d2a8fb4f-a5c5-464b-bdfb-246d8a56d073->969de2d3-37f1-4cc6-a93a-4fa259d4d74d: nextIndex: updateUnconditionally 0 -> 0
2019-06-13 19:28:40,492 WARN  server.GrpcLogAppender (LogUtils.java:warn(134)) - d2a8fb4f-a5c5-464b-bdfb-246d8a56d073: Failed appendEntries to 2a59d514-8ae8-4317-9248-497315392245:192.168.46.41:43317: org.apache.ratis.thirdparty.io.grpc.StatusRuntimeException: UNAVAILABLE: io exception
2019-06-13 19:28:40,492 INFO  impl.FollowerInfo (FollowerInfo.java:lambda$new$0(50)) - d2a8fb4f-a5c5-464b-bdfb-246d8a56d073->2a59d514-8ae8-4317-9248-497315392245: nextIndex: updateUnconditionally 0 -> 0
2019-06-13 19:28:40,991 WARN  server.GrpcLogAppender (LogUtils.java:warn(134)) - d2a8fb4f-a5c5-464b-bdfb-246d8a56d073: Failed appendEntries to 969de2d3-37f1-4cc6-a93a-4fa259d4d74d:192.168.46.41:43887: org.apache.ratis.thirdparty.io.grpc.StatusRuntimeException: UNAVAILABLE: io exception
2019-06-13 19:28:40,991 INFO  impl.FollowerInfo (FollowerInfo.java:lambda$new$0(50)) - d2a8fb4f-a5c5-464b-bdfb-246d8a56d073->969de2d3-37f1-4cc6-a93a-4fa259d4d74d: nextIndex: updateUnconditionally 0 -> 0
2019-06-13 19:28:40,991 WARN  server.GrpcLogAppender (LogUtils.java:warn(134)) - d2a8fb4f-a5c5-464b-bdfb-246d8a56d073: Failed appendEntries to 2a59d514-8ae8-4317-9248-497315392245:192.168.46.41:43317: org.apache.ratis.thirdparty.io.grpc.StatusRuntimeException: UNAVAILABLE: io exception
2019-06-13 19:28:40,991 INFO  impl.FollowerInfo (FollowerInfo.java:lambda$new$0(50)) - d2a8fb4f-a5c5-464b-bdfb-246d8a56d073->2a59d514-8ae8-4317-9248-497315392245: nextIndex: updateUnconditionally 0 -> 0
2019-06-13 19:28:41,492 WARN  server.GrpcLogAppender (LogUtils.java:warn(134)) - d2a8fb4f-a5c5-464b-bdfb-246d8a56d073: Failed appendEntries to 2a59d514-8ae8-4317-9248-497315392245:192.168.46.41:43317: org.apache.ratis.thirdparty.io.grpc.StatusRuntimeException: UNAVAILABLE: io exception
2019-06-13 19:28:41,492 INFO  impl.FollowerInfo (FollowerInfo.java:lambda$new$0(50)) - d2a8fb4f-a5c5-464b-bdfb-246d8a56d073->2a59d514-8ae8-4317-9248-497315392245: nextIndex: updateUnconditionally 0 -> 0
2019-06-13 19:28:41,493 WARN  server.GrpcLogAppender (LogUtils.java:warn(134)) - d2a8fb4f-a5c5-464b-bdfb-246d8a56d073: Failed appendEntries to 969de2d3-37f1-4cc6-a93a-4fa259d4d74d:192.168.46.41:43887: org.apache.ratis.thirdparty.io.grpc.StatusRuntimeException: UNAVAILABLE: io exception
2019-06-13 19:28:41,493 INFO  impl.FollowerInfo (FollowerInfo.java:lambda$new$0(50)) - d2a8fb4f-a5c5-464b-bdfb-246d8a56d073->969de2d3-37f1-4cc6-a93a-4fa259d4d74d: nextIndex: updateUnconditionally 0 -> 0
2019-06-13 19:28:41,992 WARN  server.GrpcLogAppender (LogUtils.java:warn(134)) - d2a8fb4f-a5c5-464b-bdfb-246d8a56d073: Failed appendEntries to 969de2d3-37f1-4cc6-a93a-4fa259d4d74d:192.168.46.41:43887: org.apache.ratis.thirdparty.io.grpc.StatusRuntimeException: UNAVAILABLE: io exception
2019-06-13 19:28:41,992 INFO  impl.FollowerInfo (FollowerInfo.java:lambda$new$0(50)) - d2a8fb4f-a5c5-464b-bdfb-246d8a56d073->969de2d3-37f1-4cc6-a93a-4fa259d4d74d: nextIndex: updateUnconditionally 0 -> 0
2019-06-13 19:28:41,992 WARN  server.GrpcLogAppender (LogUtils.java:warn(134)) - d2a8fb4f-a5c5-464b-bdfb-246d8a56d073: Failed appendEntries to 2a59d514-8ae8-4317-9248-497315392245:192.168.46.41:43317: org.apache.ratis.thirdparty.io.grpc.StatusRuntimeException: UNAVAILABLE: io exception
2019-06-13 19:28:41,992 INFO  impl.FollowerInfo (FollowerInfo.java:lambda$new$0(50)) - d2a8fb4f-a5c5-464b-bdfb-246d8a56d073->2a59d514-8ae8-4317-9248-497315392245: nextIndex: updateUnconditionally 0 -> 0
2019-06-13 19:28:42,493 WARN  server.GrpcLogAppender (LogUtils.java:warn(134)) - d2a8fb4f-a5c5-464b-bdfb-246d8a56d073: Failed appendEntries to 2a59d514-8ae8-4317-9248-497315392245:192.168.46.41:43317: org.apache.ratis.thirdparty.io.grpc.StatusRuntimeException: UNAVAILABLE: io exception
2019-06-13 19:28:42,493 INFO  impl.FollowerInfo (FollowerInfo.java:lambda$new$0(50)) - d2a8fb4f-a5c5-464b-bdfb-246d8a56d073->2a59d514-8ae8-4317-9248-497315392245: nextIndex: updateUnconditionally 0 -> 0
2019-06-13 19:28:42,494 WARN  server.GrpcLogAppender (LogUtils.java:warn(134)) - d2a8fb4f-a5c5-464b-bdfb-246d8a56d073: Failed appendEntries to 969de2d3-37f1-4cc6-a93a-4fa259d4d74d:192.168.46.41:43887: org.apache.ratis.thirdparty.io.grpc.StatusRuntimeException: UNAVAILABLE: io exception
2019-06-13 19:28:42,494 INFO  impl.FollowerInfo (FollowerInfo.java:lambda$new$0(50)) - d2a8fb4f-a5c5-464b-bdfb-246d8a56d073->969de2d3-37f1-4cc6-a93a-4fa259d4d74d: nextIndex: updateUnconditionally 0 -> 0
2019-06-13 19:28:42,674 INFO  client.GrpcClientProtocolService (GrpcClientProtocolService.java:lambda$processClientRequest$0(264)) - Failed RaftClientRequest:client-B2C0D2ED47B1->d2a8fb4f-a5c5-464b-bdfb-246d8a56d073@group-6A49F4A4707F, cid=67, seq=0, Watch-ALL_COMMITTED(2), Message:<EMPTY>, reply=RaftClientReply:client-B2C0D2ED47B1->d2a8fb4f-a5c5-464b-bdfb-246d8a56d073@group-6A49F4A4707F, cid=67, FAILED org.apache.ratis.protocol.NotReplicatedException: Request with call Id 67 and log index 2 is not yet replicated to ALL_COMMITTED, logIndex=2, commits[d2a8fb4f-a5c5-464b-bdfb-246d8a56d073:c2, 969de2d3-37f1-4cc6-a93a-4fa259d4d74d:c1, 2a59d514-8ae8-4317-9248-497315392245:c1]
2019-06-13 19:28:42,993 WARN  server.GrpcLogAppender (LogUtils.java:warn(134)) - d2a8fb4f-a5c5-464b-bdfb-246d8a56d073: Failed appendEntries to 2a59d514-8ae8-4317-9248-497315392245:192.168.46.41:43317: org.apache.ratis.thirdparty.io.grpc.StatusRuntimeException: UNAVAILABLE: io exception
2019-06-13 19:28:42,993 WARN  server.GrpcLogAppender (LogUtils.java:warn(134)) - d2a8fb4f-a5c5-464b-bdfb-246d8a56d073: Failed appendEntries to 969de2d3-37f1-4cc6-a93a-4fa259d4d74d:192.168.46.41:43887: org.apache.ratis.thirdparty.io.grpc.StatusRuntimeException: UNAVAILABLE: io exception
2019-06-13 19:28:42,993 INFO  impl.FollowerInfo (FollowerInfo.java:lambda$new$0(50)) - d2a8fb4f-a5c5-464b-bdfb-246d8a56d073->2a59d514-8ae8-4317-9248-497315392245: nextIndex: updateUnconditionally 0 -> 0
2019-06-13 19:28:42,993 INFO  impl.FollowerInfo (FollowerInfo.java:lambda$new$0(50)) - d2a8fb4f-a5c5-464b-bdfb-246d8a56d073->969de2d3-37f1-4cc6-a93a-4fa259d4d74d: nextIndex: updateUnconditionally 0 -> 0
2019-06-13 19:28:43,494 WARN  server.GrpcLogAppender (LogUtils.java:warn(134)) - d2a8fb4f-a5c5-464b-bdfb-246d8a56d073: Failed appendEntries to 2a59d514-8ae8-4317-9248-497315392245:192.168.46.41:43317: org.apache.ratis.thirdparty.io.grpc.StatusRuntimeException: UNAVAILABLE: io exception
2019-06-13 19:28:43,494 INFO  impl.FollowerInfo (FollowerInfo.java:lambda$new$0(50)) - d2a8fb4f-a5c5-464b-bdfb-246d8a56d073->2a59d514-8ae8-4317-9248-497315392245: nextIndex: updateUnconditionally 0 -> 0
2019-06-13 19:28:43,495 WARN  server.GrpcLogAppender (LogUtils.java:warn(134)) - d2a8fb4f-a5c5-464b-bdfb-246d8a56d073: Failed appendEntries to 969de2d3-37f1-4cc6-a93a-4fa259d4d74d:192.168.46.41:43887: org.apache.ratis.thirdparty.io.grpc.StatusRuntimeException: UNAVAILABLE: io exception
2019-06-13 19:28:43,496 INFO  impl.FollowerInfo (FollowerInfo.java:lambda$new$0(50)) - d2a8fb4f-a5c5-464b-bdfb-246d8a56d073->969de2d3-37f1-4cc6-a93a-4fa259d4d74d: nextIndex: updateUnconditionally 0 -> 0
2019-06-13 19:28:43,674 INFO  client.GrpcClientProtocolService (GrpcClientProtocolService.java:lambda$processClientRequest$0(264)) - Failed RaftClientRequest:client-B2C0D2ED47B1->d2a8fb4f-a5c5-464b-bdfb-246d8a56d073@group-6A49F4A4707F, cid=68, seq=0, Watch-MAJORITY_COMMITTED(2), Message:<EMPTY>, reply=RaftClientReply:client-B2C0D2ED47B1->d2a8fb4f-a5c5-464b-bdfb-246d8a56d073@group-6A49F4A4707F, cid=68, FAILED org.apache.ratis.protocol.NotReplicatedException: Request with call Id 68 and log index 2 is not yet replicated to MAJORITY_COMMITTED, logIndex=2, commits[d2a8fb4f-a5c5-464b-bdfb-246d8a56d073:c2, 969de2d3-37f1-4cc6-a93a-4fa259d4d74d:c1, 2a59d514-8ae8-4317-9248-497315392245:c1]
2019-06-13 19:28:43,994 WARN  server.GrpcLogAppender (LogUtils.java:warn(134)) - d2a8fb4f-a5c5-464b-bdfb-246d8a56d073: Failed appendEntries to 969de2d3-37f1-4cc6-a93a-4fa259d4d74d:192.168.46.41:43887: org.apache.ratis.thirdparty.io.grpc.StatusRuntimeException: UNAVAILABLE: io exception
2019-06-13 19:28:43,994 INFO  impl.FollowerInfo (FollowerInfo.java:lambda$new$0(50)) - d2a8fb4f-a5c5-464b-bdfb-246d8a56d073->969de2d3-37f1-4cc6-a93a-4fa259d4d74d: nextIndex: updateUnconditionally 0 -> 0
2019-06-13 19:28:43,994 WARN  server.GrpcLogAppender (LogUtils.java:warn(134)) - d2a8fb4f-a5c5-464b-bdfb-246d8a56d073: Failed appendEntries to 2a59d514-8ae8-4317-9248-497315392245:192.168.46.41:43317: org.apache.ratis.thirdparty.io.grpc.StatusRuntimeException: UNAVAILABLE: io exception
2019-06-13 19:28:43,995 INFO  impl.FollowerInfo (FollowerInfo.java:lambda$new$0(50)) - d2a8fb4f-a5c5-464b-bdfb-246d8a56d073->2a59d514-8ae8-4317-9248-497315392245: nextIndex: updateUnconditionally 0 -> 0
2019-06-13 19:28:44,494 WARN  server.GrpcLogAppender (LogUtils.java:warn(134)) - d2a8fb4f-a5c5-464b-bdfb-246d8a56d073: Failed appendEntries to 969de2d3-37f1-4cc6-a93a-4fa259d4d74d:192.168.46.41:43887: org.apache.ratis.thirdparty.io.grpc.StatusRuntimeException: UNAVAILABLE: io exception
2019-06-13 19:28:44,495 INFO  impl.FollowerInfo (FollowerInfo.java:lambda$new$0(50)) - d2a8fb4f-a5c5-464b-bdfb-246d8a56d073->969de2d3-37f1-4cc6-a93a-4fa259d4d74d: nextIndex: updateUnconditionally 0 -> 0
2019-06-13 19:28:44,495 WARN  server.GrpcLogAppender (LogUtils.java:warn(134)) - d2a8fb4f-a5c5-464b-bdfb-246d8a56d073: Failed appendEntries to 2a59d514-8ae8-4317-9248-497315392245:192.168.46.41:43317: org.apache.ratis.thirdparty.io.grpc.StatusRuntimeException: UNAVAILABLE: io exception
2019-06-13 19:28:44,495 INFO  impl.FollowerInfo (FollowerInfo.java:lambda$new$0(50)) - d2a8fb4f-a5c5-464b-bdfb-246d8a56d073->2a59d514-8ae8-4317-9248-497315392245: nextIndex: updateUnconditionally 0 -> 0
2019-06-13 19:28:44,995 WARN  server.GrpcLogAppender (LogUtils.java:warn(134)) - d2a8fb4f-a5c5-464b-bdfb-246d8a56d073: Failed appendEntries to 969de2d3-37f1-4cc6-a93a-4fa259d4d74d:192.168.46.41:43887: org.apache.ratis.thirdparty.io.grpc.StatusRuntimeException: UNAVAILABLE: io exception
2019-06-13 19:28:44,995 INFO  impl.FollowerInfo (FollowerInfo.java:lambda$new$0(50)) - d2a8fb4f-a5c5-464b-bdfb-246d8a56d073->969de2d3-37f1-4cc6-a93a-4fa259d4d74d: nextIndex: updateUnconditionally 0 -> 0
2019-06-13 19:28:44,996 WARN  server.GrpcLogAppender (LogUtils.java:warn(134)) - d2a8fb4f-a5c5-464b-bdfb-246d8a56d073: Failed appendEntries to 2a59d514-8ae8-4317-9248-497315392245:192.168.46.41:43317: org.apache.ratis.thirdparty.io.grpc.StatusRuntimeException: UNAVAILABLE: io exception
2019-06-13 19:28:44,996 INFO  impl.FollowerInfo (FollowerInfo.java:lambda$new$0(50)) - d2a8fb4f-a5c5-464b-bdfb-246d8a56d073->2a59d514-8ae8-4317-9248-497315392245: nextIndex: updateUnconditionally 0 -> 0
2019-06-13 19:28:45,495 WARN  server.GrpcLogAppender (LogUtils.java:warn(134)) - d2a8fb4f-a5c5-464b-bdfb-246d8a56d073: Failed appendEntries to 969de2d3-37f1-4cc6-a93a-4fa259d4d74d:192.168.46.41:43887: org.apache.ratis.thirdparty.io.grpc.StatusRuntimeException: UNAVAILABLE: io exception
2019-06-13 19:28:45,496 INFO  impl.FollowerInfo (FollowerInfo.java:lambda$new$0(50)) - d2a8fb4f-a5c5-464b-bdfb-246d8a56d073->969de2d3-37f1-4cc6-a93a-4fa259d4d74d: nextIndex: updateUnconditionally 0 -> 0
2019-06-13 19:28:45,495 WARN  server.GrpcLogAppender (LogUtils.java:warn(134)) - d2a8fb4f-a5c5-464b-bdfb-246d8a56d073: Failed appendEntries to 2a59d514-8ae8-4317-9248-497315392245:192.168.46.41:43317: org.apache.ratis.thirdparty.io.grpc.StatusRuntimeException: UNAVAILABLE: io exception
2019-06-13 19:28:45,496 INFO  impl.FollowerInfo (FollowerInfo.java:lambda$new$0(50)) - d2a8fb4f-a5c5-464b-bdfb-246d8a56d073->2a59d514-8ae8-4317-9248-497315392245: nextIndex: updateUnconditionally 0 -> 0
2019-06-13 19:28:45,996 WARN  server.GrpcLogAppender (LogUtils.java:warn(134)) - d2a8fb4f-a5c5-464b-bdfb-246d8a56d073: Failed appendEntries to 969de2d3-37f1-4cc6-a93a-4fa259d4d74d:192.168.46.41:43887: org.apache.ratis.thirdparty.io.grpc.StatusRuntimeException: UNAVAILABLE: io exception
2019-06-13 19:28:45,996 WARN  server.GrpcLogAppender (LogUtils.java:warn(134)) - d2a8fb4f-a5c5-464b-bdfb-246d8a56d073: Failed appendEntries to 2a59d514-8ae8-4317-9248-497315392245:192.168.46.41:43317: org.apache.ratis.thirdparty.io.grpc.StatusRuntimeException: UNAVAILABLE: io exception
2019-06-13 19:28:45,996 INFO  impl.FollowerInfo (FollowerInfo.java:lambda$new$0(50)) - d2a8fb4f-a5c5-464b-bdfb-246d8a56d073->969de2d3-37f1-4cc6-a93a-4fa259d4d74d: nextIndex: updateUnconditionally 0 -> 0
2019-06-13 19:28:45,997 INFO  impl.FollowerInfo (FollowerInfo.java:lambda$new$0(50)) - d2a8fb4f-a5c5-464b-bdfb-246d8a56d073->2a59d514-8ae8-4317-9248-497315392245: nextIndex: updateUnconditionally 0 -> 0
2019-06-13 19:28:46,496 WARN  server.GrpcLogAppender (LogUtils.java:warn(134)) - d2a8fb4f-a5c5-464b-bdfb-246d8a56d073: Failed appendEntries to 969de2d3-37f1-4cc6-a93a-4fa259d4d74d:192.168.46.41:43887: org.apache.ratis.thirdparty.io.grpc.StatusRuntimeException: UNAVAILABLE: io exception
2019-06-13 19:28:46,497 INFO  impl.FollowerInfo (FollowerInfo.java:lambda$new$0(50)) - d2a8fb4f-a5c5-464b-bdfb-246d8a56d073->969de2d3-37f1-4cc6-a93a-4fa259d4d74d: nextIndex: updateUnconditionally 0 -> 0
2019-06-13 19:28:46,497 WARN  server.GrpcLogAppender (LogUtils.java:warn(134)) - d2a8fb4f-a5c5-464b-bdfb-246d8a56d073: Failed appendEntries to 2a59d514-8ae8-4317-9248-497315392245:192.168.46.41:43317: org.apache.ratis.thirdparty.io.grpc.StatusRuntimeException: UNAVAILABLE: io exception
2019-06-13 19:28:46,497 INFO  impl.FollowerInfo (FollowerInfo.java:lambda$new$0(50)) - d2a8fb4f-a5c5-464b-bdfb-246d8a56d073->2a59d514-8ae8-4317-9248-497315392245: nextIndex: updateUnconditionally 0 -> 0
2019-06-13 19:28:46,997 WARN  server.GrpcLogAppender (LogUtils.java:warn(134)) - d2a8fb4f-a5c5-464b-bdfb-246d8a56d073: Failed appendEntries to 969de2d3-37f1-4cc6-a93a-4fa259d4d74d:192.168.46.41:43887: org.apache.ratis.thirdparty.io.grpc.StatusRuntimeException: UNAVAILABLE: io exception
2019-06-13 19:28:46,997 WARN  server.GrpcLogAppender (LogUtils.java:warn(134)) - d2a8fb4f-a5c5-464b-bdfb-246d8a56d073: Failed appendEntries to 2a59d514-8ae8-4317-9248-497315392245:192.168.46.41:43317: org.apache.ratis.thirdparty.io.grpc.StatusRuntimeException: UNAVAILABLE: io exception
2019-06-13 19:28:46,997 INFO  impl.FollowerInfo (FollowerInfo.java:lambda$new$0(50)) - d2a8fb4f-a5c5-464b-bdfb-246d8a56d073->969de2d3-37f1-4cc6-a93a-4fa259d4d74d: nextIndex: updateUnconditionally 0 -> 0
2019-06-13 19:28:46,997 INFO  impl.FollowerInfo (FollowerInfo.java:lambda$new$0(50)) - d2a8fb4f-a5c5-464b-bdfb-246d8a56d073->2a59d514-8ae8-4317-9248-497315392245: nextIndex: updateUnconditionally 0 -> 0
2019-06-13 19:28:47,498 WARN  server.GrpcLogAppender (LogUtils.java:warn(134)) - d2a8fb4f-a5c5-464b-bdfb-246d8a56d073: Failed appendEntries to 969de2d3-37f1-4cc6-a93a-4fa259d4d74d:192.168.46.41:43887: org.apache.ratis.thirdparty.io.grpc.StatusRuntimeException: UNAVAILABLE: io exception
2019-06-13 19:28:47,498 INFO  impl.FollowerInfo (FollowerInfo.java:lambda$new$0(50)) - d2a8fb4f-a5c5-464b-bdfb-246d8a56d073->969de2d3-37f1-4cc6-a93a-4fa259d4d74d: nextIndex: updateUnconditionally 0 -> 0
2019-06-13 19:28:47,498 WARN  server.GrpcLogAppender (LogUtils.java:warn(134)) - d2a8fb4f-a5c5-464b-bdfb-246d8a56d073: Failed appendEntries to 2a59d514-8ae8-4317-9248-497315392245:192.168.46.41:43317: org.apache.ratis.thirdparty.io.grpc.StatusRuntimeException: UNAVAILABLE: io exception
2019-06-13 19:28:47,499 INFO  impl.FollowerInfo (FollowerInfo.java:lambda$new$0(50)) - d2a8fb4f-a5c5-464b-bdfb-246d8a56d073->2a59d514-8ae8-4317-9248-497315392245: nextIndex: updateUnconditionally 0 -> 0
]]></system-out>
    <system-err><![CDATA[Jun 13, 2019 7:27:57 PM com.sun.jersey.server.impl.application.WebApplicationImpl _initiate
INFO: Initiating Jersey application, version 'Jersey: 1.19 02/11/2015 03:25 AM'
Jun 13, 2019 7:27:58 PM com.sun.jersey.server.impl.application.WebApplicationImpl _initiate
INFO: Initiating Jersey application, version 'Jersey: 1.19 02/11/2015 03:25 AM'
Jun 13, 2019 7:27:58 PM com.sun.jersey.server.impl.application.WebApplicationImpl _initiate
INFO: Initiating Jersey application, version 'Jersey: 1.19 02/11/2015 03:25 AM'
Jun 13, 2019 7:27:58 PM com.sun.jersey.server.impl.application.WebApplicationImpl _initiate
INFO: Initiating Jersey application, version 'Jersey: 1.19 02/11/2015 03:25 AM'
Jun 13, 2019 7:27:58 PM com.sun.jersey.server.impl.application.WebApplicationImpl _initiate
INFO: Initiating Jersey application, version 'Jersey: 1.19 02/11/2015 03:25 AM'
Jun 13, 2019 7:27:59 PM com.sun.jersey.server.impl.application.WebApplicationImpl _initiate
INFO: Initiating Jersey application, version 'Jersey: 1.19 02/11/2015 03:25 AM'
Jun 13, 2019 7:27:59 PM com.sun.jersey.server.impl.application.WebApplicationImpl _initiate
INFO: Initiating Jersey application, version 'Jersey: 1.19 02/11/2015 03:25 AM'
]]></system-err>
  </testcase>
  <testcase name="testWatchForCommitForGroupMismatchException" classname="org.apache.hadoop.ozone.client.rpc.TestWatchForCommit" time="8.135"/>
  <testcase name="test2WayCommitForTimeoutException" classname="org.apache.hadoop.ozone.client.rpc.TestWatchForCommit" time="14.392"/>
  <testcase name="test2WayCommitForRetryfailure" classname="org.apache.hadoop.ozone.client.rpc.TestWatchForCommit" time="32.679"/>
</testsuite>