<?xml version="1.0" encoding="UTF-8"?>
<testsuite xmlns:xsi="http://www.w3.org/2001/XMLSchema-instance" xsi:noNamespaceSchemaLocation="https://maven.apache.org/surefire/maven-surefire-plugin/xsd/surefire-test-report.xsd" name="org.apache.hadoop.hdds.scm.pipeline.TestNodeFailure" time="25.3" tests="1" errors="0" skipped="1" failures="0">
  <properties>
    <property name="awt.toolkit" value="sun.awt.X11.XToolkit"/>
    <property name="file.encoding.pkg" value="sun.io"/>
    <property name="java.specification.version" value="1.8"/>
    <property name="sun.cpu.isalist" value=""/>
    <property name="sun.jnu.encoding" value="UTF-8"/>
    <property name="java.class.path" value="/opt/src/hadoop-ozone/integration-test/target/test-classes:/opt/src/hadoop-ozone/integration-test/target/classes:/root/.m2/repository/org/apache/hadoop/hadoop-ozone-common/0.5.0-SNAPSHOT/hadoop-ozone-common-0.5.0-SNAPSHOT.jar:/root/.m2/repository/org/apache/commons/commons-compress/1.4.1/commons-compress-1.4.1.jar:/root/.m2/repository/org/tukaani/xz/1.0/xz-1.0.jar:/root/.m2/repository/org/apache/hadoop/hadoop-common/3.2.0/hadoop-common-3.2.0.jar:/root/.m2/repository/org/apache/hadoop/hadoop-hdfs/3.2.0/hadoop-hdfs-3.2.0.jar:/root/.m2/repository/org/apache/hadoop/hadoop-hdfs-client/3.2.0/hadoop-hdfs-client-3.2.0.jar:/root/.m2/repository/com/fasterxml/jackson/core/jackson-annotations/2.9.5/jackson-annotations-2.9.5.jar:/root/.m2/repository/org/apache/hadoop/hadoop-hdds-common/0.5.0-SNAPSHOT/hadoop-hdds-common-0.5.0-SNAPSHOT.jar:/root/.m2/repository/javax/annotation/javax.annotation-api/1.2/javax.annotation-api-1.2.jar:/root/.m2/repository/org/apache/ratis/ratis-server/0.4.0-fe2b15d-SNAPSHOT/ratis-server-0.4.0-fe2b15d-SNAPSHOT.jar:/root/.m2/repository/org/apache/ratis/ratis-thirdparty-misc/0.2.0/ratis-thirdparty-misc-0.2.0.jar:/root/.m2/repository/org/apache/ratis/ratis-proto/0.4.0-fe2b15d-SNAPSHOT/ratis-proto-0.4.0-fe2b15d-SNAPSHOT.jar:/root/.m2/repository/org/apache/ratis/ratis-common/0.4.0-fe2b15d-SNAPSHOT/ratis-common-0.4.0-fe2b15d-SNAPSHOT.jar:/root/.m2/repository/org/apache/ratis/ratis-client/0.4.0-fe2b15d-SNAPSHOT/ratis-client-0.4.0-fe2b15d-SNAPSHOT.jar:/root/.m2/repository/org/apache/ratis/ratis-netty/0.4.0-fe2b15d-SNAPSHOT/ratis-netty-0.4.0-fe2b15d-SNAPSHOT.jar:/root/.m2/repository/org/apache/ratis/ratis-grpc/0.4.0-fe2b15d-SNAPSHOT/ratis-grpc-0.4.0-fe2b15d-SNAPSHOT.jar:/root/.m2/repository/org/rocksdb/rocksdbjni/5.14.2/rocksdbjni-5.14.2.jar:/root/.m2/repository/org/apache/logging/log4j/log4j-api/2.11.0/log4j-api-2.11.0.jar:/root/.m2/repository/org/apache/logging/log4j/log4j-core/2.11.0/log4j-core-2.11.0.jar:/root/.m2/repository/com/lmax/disruptor/3.4.2/disruptor-3.4.2.jar:/root/.m2/repository/org/apache/commons/commons-pool2/2.6.0/commons-pool2-2.6.0.jar:/root/.m2/repository/org/bouncycastle/bcpkix-jdk15on/1.60/bcpkix-jdk15on-1.60.jar:/root/.m2/repository/commons-validator/commons-validator/1.6/commons-validator-1.6.jar:/root/.m2/repository/commons-digester/commons-digester/1.8.1/commons-digester-1.8.1.jar:/root/.m2/repository/io/jaegertracing/jaeger-client/0.33.1/jaeger-client-0.33.1.jar:/root/.m2/repository/io/jaegertracing/jaeger-thrift/0.33.1/jaeger-thrift-0.33.1.jar:/root/.m2/repository/org/apache/thrift/libthrift/0.11.0/libthrift-0.11.0.jar:/root/.m2/repository/com/squareup/okhttp3/okhttp/3.9.0/okhttp-3.9.0.jar:/root/.m2/repository/com/squareup/okio/okio/1.13.0/okio-1.13.0.jar:/root/.m2/repository/io/jaegertracing/jaeger-core/0.33.1/jaeger-core-0.33.1.jar:/root/.m2/repository/io/jaegertracing/jaeger-tracerresolver/0.33.1/jaeger-tracerresolver-0.33.1.jar:/root/.m2/repository/io/opentracing/contrib/opentracing-tracerresolver/0.1.5/opentracing-tracerresolver-0.1.5.jar:/root/.m2/repository/io/opentracing/opentracing-util/0.31.0/opentracing-util-0.31.0.jar:/root/.m2/repository/io/opentracing/opentracing-api/0.31.0/opentracing-api-0.31.0.jar:/root/.m2/repository/io/opentracing/opentracing-noop/0.31.0/opentracing-noop-0.31.0.jar:/root/.m2/repository/org/apache/hadoop/hadoop-hdds-server-framework/0.5.0-SNAPSHOT/hadoop-hdds-server-framework-0.5.0-SNAPSHOT.jar:/root/.m2/repository/org/apache/hadoop/hadoop-hdds-server-scm/0.5.0-SNAPSHOT/hadoop-hdds-server-scm-0.5.0-SNAPSHOT.jar:/root/.m2/repository/org/apache/hadoop/hadoop-hdds-container-service/0.5.0-SNAPSHOT/hadoop-hdds-container-service-0.5.0-SNAPSHOT.jar:/root/.m2/repository/org/apache/hadoop/hadoop-hdds-client/0.5.0-SNAPSHOT/hadoop-hdds-client-0.5.0-SNAPSHOT.jar:/root/.m2/repository/org/apache/hadoop/hadoop-hdds-tools/0.5.0-SNAPSHOT/hadoop-hdds-tools-0.5.0-SNAPSHOT.jar:/root/.m2/repository/org/apache/hadoop/hadoop-ozone-ozone-manager/0.5.0-SNAPSHOT/hadoop-ozone-ozone-manager-0.5.0-SNAPSHOT.jar:/root/.m2/repository/org/apache/hadoop/hadoop-hdds-docs/0.5.0-SNAPSHOT/hadoop-hdds-docs-0.5.0-SNAPSHOT.jar:/root/.m2/repository/org/bouncycastle/bcprov-jdk15on/1.60/bcprov-jdk15on-1.60.jar:/root/.m2/repository/org/apache/hadoop/hadoop-minikdc/3.2.0/hadoop-minikdc-3.2.0.jar:/root/.m2/repository/commons-io/commons-io/2.5/commons-io-2.5.jar:/root/.m2/repository/org/apache/kerby/kerb-simplekdc/1.0.1/kerb-simplekdc-1.0.1.jar:/root/.m2/repository/org/apache/kerby/kerb-client/1.0.1/kerb-client-1.0.1.jar:/root/.m2/repository/org/apache/kerby/kerby-config/1.0.1/kerby-config-1.0.1.jar:/root/.m2/repository/org/apache/kerby/kerb-core/1.0.1/kerb-core-1.0.1.jar:/root/.m2/repository/org/apache/kerby/kerby-pkix/1.0.1/kerby-pkix-1.0.1.jar:/root/.m2/repository/org/apache/kerby/kerby-asn1/1.0.1/kerby-asn1-1.0.1.jar:/root/.m2/repository/org/apache/kerby/kerby-util/1.0.1/kerby-util-1.0.1.jar:/root/.m2/repository/org/apache/kerby/kerb-common/1.0.1/kerb-common-1.0.1.jar:/root/.m2/repository/org/apache/kerby/kerb-crypto/1.0.1/kerb-crypto-1.0.1.jar:/root/.m2/repository/org/apache/kerby/kerb-util/1.0.1/kerb-util-1.0.1.jar:/root/.m2/repository/org/apache/kerby/token-provider/1.0.1/token-provider-1.0.1.jar:/root/.m2/repository/org/apache/kerby/kerb-admin/1.0.1/kerb-admin-1.0.1.jar:/root/.m2/repository/org/apache/kerby/kerb-server/1.0.1/kerb-server-1.0.1.jar:/root/.m2/repository/org/apache/kerby/kerb-identity/1.0.1/kerb-identity-1.0.1.jar:/root/.m2/repository/org/apache/kerby/kerby-xdr/1.0.1/kerby-xdr-1.0.1.jar:/root/.m2/repository/org/slf4j/slf4j-log4j12/1.7.25/slf4j-log4j12-1.7.25.jar:/root/.m2/repository/org/apache/hadoop/hadoop-ozone-objectstore-service/0.5.0-SNAPSHOT/hadoop-ozone-objectstore-service-0.5.0-SNAPSHOT.jar:/root/.m2/repository/org/apache/hadoop/hadoop-ozone-s3gateway/0.5.0-SNAPSHOT/hadoop-ozone-s3gateway-0.5.0-SNAPSHOT.jar:/root/.m2/repository/org/jboss/weld/servlet/weld-servlet/2.4.7.Final/weld-servlet-2.4.7.Final.jar:/root/.m2/repository/org/glassfish/jersey/containers/jersey-container-servlet-core/2.27/jersey-container-servlet-core-2.27.jar:/root/.m2/repository/org/glassfish/hk2/external/javax.inject/2.5.0-b42/javax.inject-2.5.0-b42.jar:/root/.m2/repository/org/glassfish/jersey/core/jersey-common/2.27/jersey-common-2.27.jar:/root/.m2/repository/org/glassfish/hk2/osgi-resource-locator/1.0.1/osgi-resource-locator-1.0.1.jar:/root/.m2/repository/javax/ws/rs/javax.ws.rs-api/2.1/javax.ws.rs-api-2.1.jar:/root/.m2/repository/org/glassfish/jersey/ext/cdi/jersey-cdi1x/2.27/jersey-cdi1x-2.27.jar:/root/.m2/repository/org/glassfish/jersey/inject/jersey-hk2/2.27/jersey-hk2-2.27.jar:/root/.m2/repository/org/glassfish/hk2/hk2-locator/2.5.0-b42/hk2-locator-2.5.0-b42.jar:/root/.m2/repository/org/javassist/javassist/3.22.0-CR2/javassist-3.22.0-CR2.jar:/root/.m2/repository/org/glassfish/hk2/hk2-api/2.5.0/hk2-api-2.5.0.jar:/root/.m2/repository/org/glassfish/hk2/external/jakarta.inject/2.5.0/jakarta.inject-2.5.0.jar:/root/.m2/repository/org/glassfish/hk2/hk2-utils/2.5.0/hk2-utils-2.5.0.jar:/root/.m2/repository/jakarta/annotation/jakarta.annotation-api/1.3.4/jakarta.annotation-api-1.3.4.jar:/root/.m2/repository/org/glassfish/hk2/external/aopalliance-repackaged/2.5.0/aopalliance-repackaged-2.5.0.jar:/root/.m2/repository/com/fasterxml/jackson/dataformat/jackson-dataformat-xml/2.9.0/jackson-dataformat-xml-2.9.0.jar:/root/.m2/repository/com/fasterxml/jackson/core/jackson-core/2.9.5/jackson-core-2.9.5.jar:/root/.m2/repository/com/fasterxml/jackson/module/jackson-module-jaxb-annotations/2.9.5/jackson-module-jaxb-annotations-2.9.5.jar:/root/.m2/repository/javax/enterprise/cdi-api/1.2/cdi-api-1.2.jar:/root/.m2/repository/javax/el/javax.el-api/3.0.0/javax.el-api-3.0.0.jar:/root/.m2/repository/javax/interceptor/javax.interceptor-api/1.2/javax.interceptor-api-1.2.jar:/root/.m2/repository/javax/inject/javax.inject/1/javax.inject-1.jar:/root/.m2/repository/com/sun/xml/bind/jaxb-impl/2.3.0.1/jaxb-impl-2.3.0.1.jar:/root/.m2/repository/com/sun/xml/bind/jaxb-core/2.3.0.1/jaxb-core-2.3.0.1.jar:/root/.m2/repository/javax/xml/bind/jaxb-api/2.3.0/jaxb-api-2.3.0.jar:/root/.m2/repository/javax/activation/activation/1.1.1/activation-1.1.1.jar:/root/.m2/repository/org/apache/hadoop/hadoop-ozone-csi/0.5.0-SNAPSHOT/hadoop-ozone-csi-0.5.0-SNAPSHOT.jar:/root/.m2/repository/com/google/protobuf/protobuf-java-util/3.5.1/protobuf-java-util-3.5.1.jar:/root/.m2/repository/org/apache/hadoop/hadoop-hdds-config/0.5.0-SNAPSHOT/hadoop-hdds-config-0.5.0-SNAPSHOT.jar:/root/.m2/repository/com/google/guava/guava/11.0.2/guava-11.0.2.jar:/root/.m2/repository/com/google/protobuf/protobuf-java/2.5.0/protobuf-java-2.5.0.jar:/root/.m2/repository/io/grpc/grpc-netty/1.17.1/grpc-netty-1.17.1.jar:/root/.m2/repository/io/grpc/grpc-core/1.17.1/grpc-core-1.17.1.jar:/root/.m2/repository/io/grpc/grpc-context/1.17.1/grpc-context-1.17.1.jar:/root/.m2/repository/com/google/errorprone/error_prone_annotations/2.2.0/error_prone_annotations-2.2.0.jar:/root/.m2/repository/org/codehaus/mojo/animal-sniffer-annotations/1.17/animal-sniffer-annotations-1.17.jar:/root/.m2/repository/io/opencensus/opencensus-api/0.17.0/opencensus-api-0.17.0.jar:/root/.m2/repository/io/opencensus/opencensus-contrib-grpc-metrics/0.17.0/opencensus-contrib-grpc-metrics-0.17.0.jar:/root/.m2/repository/io/netty/netty-codec-http2/4.1.30.Final/netty-codec-http2-4.1.30.Final.jar:/root/.m2/repository/io/netty/netty-codec-http/4.1.30.Final/netty-codec-http-4.1.30.Final.jar:/root/.m2/repository/io/netty/netty-codec/4.1.30.Final/netty-codec-4.1.30.Final.jar:/root/.m2/repository/io/netty/netty-handler/4.1.30.Final/netty-handler-4.1.30.Final.jar:/root/.m2/repository/io/netty/netty-handler-proxy/4.1.30.Final/netty-handler-proxy-4.1.30.Final.jar:/root/.m2/repository/io/netty/netty-codec-socks/4.1.30.Final/netty-codec-socks-4.1.30.Final.jar:/root/.m2/repository/io/netty/netty-transport-native-epoll/4.1.30.Final/netty-transport-native-epoll-4.1.30.Final.jar:/root/.m2/repository/io/netty/netty-common/4.1.30.Final/netty-common-4.1.30.Final.jar:/root/.m2/repository/io/netty/netty-buffer/4.1.30.Final/netty-buffer-4.1.30.Final.jar:/root/.m2/repository/io/netty/netty-transport/4.1.30.Final/netty-transport-4.1.30.Final.jar:/root/.m2/repository/io/netty/netty-resolver/4.1.30.Final/netty-resolver-4.1.30.Final.jar:/root/.m2/repository/io/netty/netty-transport-native-unix-common/4.1.30.Final/netty-transport-native-unix-common-4.1.30.Final.jar:/root/.m2/repository/io/grpc/grpc-protobuf/1.17.1/grpc-protobuf-1.17.1.jar:/root/.m2/repository/com/google/api/grpc/proto-google-common-protos/1.0.0/proto-google-common-protos-1.0.0.jar:/root/.m2/repository/io/grpc/grpc-protobuf-lite/1.17.1/grpc-protobuf-lite-1.17.1.jar:/root/.m2/repository/io/grpc/grpc-stub/1.17.1/grpc-stub-1.17.1.jar:/root/.m2/repository/org/apache/hadoop/hadoop-ozone-recon/0.5.0-SNAPSHOT/hadoop-ozone-recon-0.5.0-SNAPSHOT.jar:/root/.m2/repository/org/apache/hadoop/hadoop-ozone-reconcodegen/0.5.0-SNAPSHOT/hadoop-ozone-reconcodegen-0.5.0-SNAPSHOT.jar:/root/.m2/repository/com/google/inject/extensions/guice-multibindings/4.0/guice-multibindings-4.0.jar:/root/.m2/repository/com/google/inject/guice/4.0/guice-4.0.jar:/root/.m2/repository/aopalliance/aopalliance/1.0/aopalliance-1.0.jar:/root/.m2/repository/com/google/inject/extensions/guice-servlet/4.0/guice-servlet-4.0.jar:/root/.m2/repository/org/glassfish/jersey/containers/jersey-container-servlet/2.27/jersey-container-servlet-2.27.jar:/root/.m2/repository/org/glassfish/hk2/guice-bridge/2.5.0/guice-bridge-2.5.0.jar:/root/.m2/repository/org/glassfish/jersey/core/jersey-server/2.27/jersey-server-2.27.jar:/root/.m2/repository/org/glassfish/jersey/core/jersey-client/2.27/jersey-client-2.27.jar:/root/.m2/repository/org/glassfish/jersey/media/jersey-media-jaxb/2.27/jersey-media-jaxb-2.27.jar:/root/.m2/repository/javax/validation/validation-api/1.1.0.Final/validation-api-1.1.0.Final.jar:/root/.m2/repository/org/glassfish/jersey/media/jersey-media-json-jackson/2.27/jersey-media-json-jackson-2.27.jar:/root/.m2/repository/org/glassfish/jersey/ext/jersey-entity-filtering/2.27/jersey-entity-filtering-2.27.jar:/root/.m2/repository/com/google/inject/extensions/guice-assistedinject/4.0/guice-assistedinject-4.0.jar:/root/.m2/repository/org/jooq/jooq/3.11.10/jooq-3.11.10.jar:/root/.m2/repository/org/jooq/jooq-meta/3.11.10/jooq-meta-3.11.10.jar:/root/.m2/repository/org/jooq/jooq-codegen/3.11.10/jooq-codegen-3.11.10.jar:/root/.m2/repository/com/jolbox/bonecp/0.8.0.RELEASE/bonecp-0.8.0.RELEASE.jar:/root/.m2/repository/org/xerial/sqlite-jdbc/3.25.2/sqlite-jdbc-3.25.2.jar:/root/.m2/repository/org/springframework/spring-jdbc/5.1.3.RELEASE/spring-jdbc-5.1.3.RELEASE.jar:/root/.m2/repository/org/springframework/spring-beans/5.1.3.RELEASE/spring-beans-5.1.3.RELEASE.jar:/root/.m2/repository/org/springframework/spring-core/5.1.3.RELEASE/spring-core-5.1.3.RELEASE.jar:/root/.m2/repository/org/springframework/spring-jcl/5.1.3.RELEASE/spring-jcl-5.1.3.RELEASE.jar:/root/.m2/repository/org/springframework/spring-tx/5.1.3.RELEASE/spring-tx-5.1.3.RELEASE.jar:/root/.m2/repository/org/apache/hadoop/hadoop-ozone-client/0.5.0-SNAPSHOT/hadoop-ozone-client-0.5.0-SNAPSHOT.jar:/root/.m2/repository/org/apache/hadoop/hadoop-ozone-ozone-manager/0.5.0-SNAPSHOT/hadoop-ozone-ozone-manager-0.5.0-SNAPSHOT-tests.jar:/root/.m2/repository/junit/junit/4.11/junit-4.11.jar:/root/.m2/repository/org/hamcrest/hamcrest-core/1.3/hamcrest-core-1.3.jar:/root/.m2/repository/org/openjdk/jmh/jmh-core/1.19/jmh-core-1.19.jar:/root/.m2/repository/net/sf/jopt-simple/jopt-simple/4.6/jopt-simple-4.6.jar:/root/.m2/repository/org/apache/commons/commons-math3/3.1.1/commons-math3-3.1.1.jar:/root/.m2/repository/org/openjdk/jmh/jmh-generator-annprocess/1.19/jmh-generator-annprocess-1.19.jar:/root/.m2/repository/org/mockito/mockito-all/1.8.5/mockito-all-1.8.5.jar:/root/.m2/repository/org/apache/hadoop/hadoop-kms/3.2.0/hadoop-kms-3.2.0.jar:/root/.m2/repository/org/apache/hadoop/hadoop-auth/3.2.0/hadoop-auth-3.2.0.jar:/root/.m2/repository/com/nimbusds/nimbus-jose-jwt/4.41.1/nimbus-jose-jwt-4.41.1.jar:/root/.m2/repository/com/github/stephenc/jcip/jcip-annotations/1.0-1/jcip-annotations-1.0-1.jar:/root/.m2/repository/net/minidev/json-smart/2.3/json-smart-2.3.jar:/root/.m2/repository/net/minidev/accessors-smart/1.2/accessors-smart-1.2.jar:/root/.m2/repository/org/ow2/asm/asm/5.0.4/asm-5.0.4.jar:/root/.m2/repository/org/apache/curator/curator-framework/2.12.0/curator-framework-2.12.0.jar:/root/.m2/repository/com/sun/jersey/jersey-core/1.19/jersey-core-1.19.jar:/root/.m2/repository/javax/ws/rs/jsr311-api/1.1.1/jsr311-api-1.1.1.jar:/root/.m2/repository/com/sun/jersey/jersey-server/1.19/jersey-server-1.19.jar:/root/.m2/repository/javax/servlet/javax.servlet-api/3.1.0/javax.servlet-api-3.1.0.jar:/root/.m2/repository/org/eclipse/jetty/jetty-server/9.3.24.v20180605/jetty-server-9.3.24.v20180605.jar:/root/.m2/repository/org/eclipse/jetty/jetty-http/9.3.24.v20180605/jetty-http-9.3.24.v20180605.jar:/root/.m2/repository/org/eclipse/jetty/jetty-io/9.3.24.v20180605/jetty-io-9.3.24.v20180605.jar:/root/.m2/repository/org/eclipse/jetty/jetty-webapp/9.3.24.v20180605/jetty-webapp-9.3.24.v20180605.jar:/root/.m2/repository/org/eclipse/jetty/jetty-xml/9.3.24.v20180605/jetty-xml-9.3.24.v20180605.jar:/root/.m2/repository/log4j/log4j/1.2.17/log4j-1.2.17.jar:/root/.m2/repository/org/slf4j/slf4j-api/1.7.25/slf4j-api-1.7.25.jar:/root/.m2/repository/org/slf4j/jul-to-slf4j/1.7.25/jul-to-slf4j-1.7.25.jar:/root/.m2/repository/org/eclipse/jetty/jetty-util/9.3.24.v20180605/jetty-util-9.3.24.v20180605.jar:/root/.m2/repository/io/dropwizard/metrics/metrics-core/3.2.4/metrics-core-3.2.4.jar:/root/.m2/repository/com/fasterxml/jackson/core/jackson-databind/2.9.5/jackson-databind-2.9.5.jar:/root/.m2/repository/org/apache/hadoop/hadoop-kms/3.2.0/hadoop-kms-3.2.0-tests.jar:/root/.m2/repository/org/apache/hadoop/hadoop-hdds-server-scm/0.5.0-SNAPSHOT/hadoop-hdds-server-scm-0.5.0-SNAPSHOT-tests.jar:/root/.m2/repository/org/hamcrest/hamcrest-all/1.3/hamcrest-all-1.3.jar:/root/.m2/repository/info/picocli/picocli/3.9.6/picocli-3.9.6.jar:/root/.m2/repository/org/apache/hadoop/hadoop-hdds-container-service/0.5.0-SNAPSHOT/hadoop-hdds-container-service-0.5.0-SNAPSHOT-tests.jar:/root/.m2/repository/org/yaml/snakeyaml/1.16/snakeyaml-1.16.jar:/root/.m2/repository/org/apache/hadoop/hadoop-common/3.2.0/hadoop-common-3.2.0-tests.jar:/root/.m2/repository/org/apache/hadoop/hadoop-annotations/3.2.0/hadoop-annotations-3.2.0.jar:/usr/lib/jvm/java-1.8-openjdk/jre/../lib/tools.jar:/root/.m2/repository/commons-cli/commons-cli/1.2/commons-cli-1.2.jar:/root/.m2/repository/org/apache/httpcomponents/httpclient/4.5.2/httpclient-4.5.2.jar:/root/.m2/repository/org/apache/httpcomponents/httpcore/4.4.4/httpcore-4.4.4.jar:/root/.m2/repository/commons-codec/commons-codec/1.11/commons-codec-1.11.jar:/root/.m2/repository/commons-net/commons-net/3.6/commons-net-3.6.jar:/root/.m2/repository/commons-collections/commons-collections/3.2.2/commons-collections-3.2.2.jar:/root/.m2/repository/org/eclipse/jetty/jetty-servlet/9.3.24.v20180605/jetty-servlet-9.3.24.v20180605.jar:/root/.m2/repository/org/eclipse/jetty/jetty-security/9.3.24.v20180605/jetty-security-9.3.24.v20180605.jar:/root/.m2/repository/javax/servlet/jsp/jsp-api/2.1/jsp-api-2.1.jar:/root/.m2/repository/com/sun/jersey/jersey-servlet/1.19/jersey-servlet-1.19.jar:/root/.m2/repository/com/sun/jersey/jersey-json/1.19/jersey-json-1.19.jar:/root/.m2/repository/org/codehaus/jettison/jettison/1.1/jettison-1.1.jar:/root/.m2/repository/org/codehaus/jackson/jackson-core-asl/1.9.13/jackson-core-asl-1.9.13.jar:/root/.m2/repository/org/codehaus/jackson/jackson-mapper-asl/1.9.13/jackson-mapper-asl-1.9.13.jar:/root/.m2/repository/org/codehaus/jackson/jackson-jaxrs/1.9.13/jackson-jaxrs-1.9.13.jar:/root/.m2/repository/org/codehaus/jackson/jackson-xc/1.9.13/jackson-xc-1.9.13.jar:/root/.m2/repository/commons-logging/commons-logging/1.1.3/commons-logging-1.1.3.jar:/root/.m2/repository/commons-beanutils/commons-beanutils/1.9.3/commons-beanutils-1.9.3.jar:/root/.m2/repository/org/apache/commons/commons-configuration2/2.1.1/commons-configuration2-2.1.1.jar:/root/.m2/repository/org/apache/commons/commons-lang3/3.7/commons-lang3-3.7.jar:/root/.m2/repository/org/apache/commons/commons-text/1.4/commons-text-1.4.jar:/root/.m2/repository/org/apache/avro/avro/1.7.7/avro-1.7.7.jar:/root/.m2/repository/com/thoughtworks/paranamer/paranamer/2.3/paranamer-2.3.jar:/root/.m2/repository/org/xerial/snappy/snappy-java/1.0.5/snappy-java-1.0.5.jar:/root/.m2/repository/com/google/re2j/re2j/1.1/re2j-1.1.jar:/root/.m2/repository/com/google/code/gson/gson/2.2.4/gson-2.2.4.jar:/root/.m2/repository/com/jcraft/jsch/0.1.54/jsch-0.1.54.jar:/root/.m2/repository/org/apache/curator/curator-client/2.12.0/curator-client-2.12.0.jar:/root/.m2/repository/org/apache/curator/curator-recipes/2.12.0/curator-recipes-2.12.0.jar:/root/.m2/repository/com/google/code/findbugs/jsr305/3.0.0/jsr305-3.0.0.jar:/root/.m2/repository/org/apache/htrace/htrace-core4/4.1.0-incubating/htrace-core4-4.1.0-incubating.jar:/root/.m2/repository/org/apache/zookeeper/zookeeper/3.4.13/zookeeper-3.4.13.jar:/root/.m2/repository/org/apache/yetus/audience-annotations/0.5.0/audience-annotations-0.5.0.jar:/root/.m2/repository/org/codehaus/woodstox/stax2-api/3.1.4/stax2-api-3.1.4.jar:/root/.m2/repository/com/fasterxml/woodstox/woodstox-core/5.0.3/woodstox-core-5.0.3.jar:/root/.m2/repository/dnsjava/dnsjava/2.1.7/dnsjava-2.1.7.jar:/root/.m2/repository/org/apache/hadoop/hadoop-hdfs/3.2.0/hadoop-hdfs-3.2.0-tests.jar:/root/.m2/repository/org/eclipse/jetty/jetty-util-ajax/9.3.24.v20180605/jetty-util-ajax-9.3.24.v20180605.jar:/root/.m2/repository/commons-daemon/commons-daemon/1.0.13/commons-daemon-1.0.13.jar:/root/.m2/repository/io/netty/netty/3.10.5.Final/netty-3.10.5.Final.jar:/root/.m2/repository/io/netty/netty-all/4.0.52.Final/netty-all-4.0.52.Final.jar:/root/.m2/repository/org/fusesource/leveldbjni/leveldbjni-all/1.8/leveldbjni-all-1.8.jar:"/>
    <property name="java.vm.vendor" value="IcedTea"/>
    <property name="sun.arch.data.model" value="64"/>
    <property name="test.build.dir" value="/opt/src/hadoop-ozone/integration-test/target/test-dir"/>
    <property name="test.cache.data" value=""/>
    <property name="java.vendor.url" value="https://icedtea.classpath.org"/>
    <property name="user.timezone" value=""/>
    <property name="java.vm.specification.version" value="1.8"/>
    <property name="os.name" value="Linux"/>
    <property name="test.build.data" value="/opt/src/hadoop-ozone/integration-test/target/test-dir"/>
    <property name="user.country" value="US"/>
    <property name="sun.java.launcher" value="SUN_STANDARD"/>
    <property name="sun.boot.library.path" value="/usr/lib/jvm/java-1.8-openjdk/jre/lib/amd64"/>
    <property name="sun.java.command" value="/opt/src/hadoop-ozone/integration-test/target/surefire/surefirebooter8855408579552461110.jar /opt/src/hadoop-ozone/integration-test/target/surefire 2019-06-13T19-10-55_923-jvmRun1 surefire3511179850507830881tmp surefire_82939319306576359688tmp"/>
    <property name="surefire.test.class.path" value="/opt/src/hadoop-ozone/integration-test/target/test-classes:/opt/src/hadoop-ozone/integration-test/target/classes:/root/.m2/repository/org/apache/hadoop/hadoop-ozone-common/0.5.0-SNAPSHOT/hadoop-ozone-common-0.5.0-SNAPSHOT.jar:/root/.m2/repository/org/apache/commons/commons-compress/1.4.1/commons-compress-1.4.1.jar:/root/.m2/repository/org/tukaani/xz/1.0/xz-1.0.jar:/root/.m2/repository/org/apache/hadoop/hadoop-common/3.2.0/hadoop-common-3.2.0.jar:/root/.m2/repository/org/apache/hadoop/hadoop-hdfs/3.2.0/hadoop-hdfs-3.2.0.jar:/root/.m2/repository/org/apache/hadoop/hadoop-hdfs-client/3.2.0/hadoop-hdfs-client-3.2.0.jar:/root/.m2/repository/com/fasterxml/jackson/core/jackson-annotations/2.9.5/jackson-annotations-2.9.5.jar:/root/.m2/repository/org/apache/hadoop/hadoop-hdds-common/0.5.0-SNAPSHOT/hadoop-hdds-common-0.5.0-SNAPSHOT.jar:/root/.m2/repository/javax/annotation/javax.annotation-api/1.2/javax.annotation-api-1.2.jar:/root/.m2/repository/org/apache/ratis/ratis-server/0.4.0-fe2b15d-SNAPSHOT/ratis-server-0.4.0-fe2b15d-SNAPSHOT.jar:/root/.m2/repository/org/apache/ratis/ratis-thirdparty-misc/0.2.0/ratis-thirdparty-misc-0.2.0.jar:/root/.m2/repository/org/apache/ratis/ratis-proto/0.4.0-fe2b15d-SNAPSHOT/ratis-proto-0.4.0-fe2b15d-SNAPSHOT.jar:/root/.m2/repository/org/apache/ratis/ratis-common/0.4.0-fe2b15d-SNAPSHOT/ratis-common-0.4.0-fe2b15d-SNAPSHOT.jar:/root/.m2/repository/org/apache/ratis/ratis-client/0.4.0-fe2b15d-SNAPSHOT/ratis-client-0.4.0-fe2b15d-SNAPSHOT.jar:/root/.m2/repository/org/apache/ratis/ratis-netty/0.4.0-fe2b15d-SNAPSHOT/ratis-netty-0.4.0-fe2b15d-SNAPSHOT.jar:/root/.m2/repository/org/apache/ratis/ratis-grpc/0.4.0-fe2b15d-SNAPSHOT/ratis-grpc-0.4.0-fe2b15d-SNAPSHOT.jar:/root/.m2/repository/org/rocksdb/rocksdbjni/5.14.2/rocksdbjni-5.14.2.jar:/root/.m2/repository/org/apache/logging/log4j/log4j-api/2.11.0/log4j-api-2.11.0.jar:/root/.m2/repository/org/apache/logging/log4j/log4j-core/2.11.0/log4j-core-2.11.0.jar:/root/.m2/repository/com/lmax/disruptor/3.4.2/disruptor-3.4.2.jar:/root/.m2/repository/org/apache/commons/commons-pool2/2.6.0/commons-pool2-2.6.0.jar:/root/.m2/repository/org/bouncycastle/bcpkix-jdk15on/1.60/bcpkix-jdk15on-1.60.jar:/root/.m2/repository/commons-validator/commons-validator/1.6/commons-validator-1.6.jar:/root/.m2/repository/commons-digester/commons-digester/1.8.1/commons-digester-1.8.1.jar:/root/.m2/repository/io/jaegertracing/jaeger-client/0.33.1/jaeger-client-0.33.1.jar:/root/.m2/repository/io/jaegertracing/jaeger-thrift/0.33.1/jaeger-thrift-0.33.1.jar:/root/.m2/repository/org/apache/thrift/libthrift/0.11.0/libthrift-0.11.0.jar:/root/.m2/repository/com/squareup/okhttp3/okhttp/3.9.0/okhttp-3.9.0.jar:/root/.m2/repository/com/squareup/okio/okio/1.13.0/okio-1.13.0.jar:/root/.m2/repository/io/jaegertracing/jaeger-core/0.33.1/jaeger-core-0.33.1.jar:/root/.m2/repository/io/jaegertracing/jaeger-tracerresolver/0.33.1/jaeger-tracerresolver-0.33.1.jar:/root/.m2/repository/io/opentracing/contrib/opentracing-tracerresolver/0.1.5/opentracing-tracerresolver-0.1.5.jar:/root/.m2/repository/io/opentracing/opentracing-util/0.31.0/opentracing-util-0.31.0.jar:/root/.m2/repository/io/opentracing/opentracing-api/0.31.0/opentracing-api-0.31.0.jar:/root/.m2/repository/io/opentracing/opentracing-noop/0.31.0/opentracing-noop-0.31.0.jar:/root/.m2/repository/org/apache/hadoop/hadoop-hdds-server-framework/0.5.0-SNAPSHOT/hadoop-hdds-server-framework-0.5.0-SNAPSHOT.jar:/root/.m2/repository/org/apache/hadoop/hadoop-hdds-server-scm/0.5.0-SNAPSHOT/hadoop-hdds-server-scm-0.5.0-SNAPSHOT.jar:/root/.m2/repository/org/apache/hadoop/hadoop-hdds-container-service/0.5.0-SNAPSHOT/hadoop-hdds-container-service-0.5.0-SNAPSHOT.jar:/root/.m2/repository/org/apache/hadoop/hadoop-hdds-client/0.5.0-SNAPSHOT/hadoop-hdds-client-0.5.0-SNAPSHOT.jar:/root/.m2/repository/org/apache/hadoop/hadoop-hdds-tools/0.5.0-SNAPSHOT/hadoop-hdds-tools-0.5.0-SNAPSHOT.jar:/root/.m2/repository/org/apache/hadoop/hadoop-ozone-ozone-manager/0.5.0-SNAPSHOT/hadoop-ozone-ozone-manager-0.5.0-SNAPSHOT.jar:/root/.m2/repository/org/apache/hadoop/hadoop-hdds-docs/0.5.0-SNAPSHOT/hadoop-hdds-docs-0.5.0-SNAPSHOT.jar:/root/.m2/repository/org/bouncycastle/bcprov-jdk15on/1.60/bcprov-jdk15on-1.60.jar:/root/.m2/repository/org/apache/hadoop/hadoop-minikdc/3.2.0/hadoop-minikdc-3.2.0.jar:/root/.m2/repository/commons-io/commons-io/2.5/commons-io-2.5.jar:/root/.m2/repository/org/apache/kerby/kerb-simplekdc/1.0.1/kerb-simplekdc-1.0.1.jar:/root/.m2/repository/org/apache/kerby/kerb-client/1.0.1/kerb-client-1.0.1.jar:/root/.m2/repository/org/apache/kerby/kerby-config/1.0.1/kerby-config-1.0.1.jar:/root/.m2/repository/org/apache/kerby/kerb-core/1.0.1/kerb-core-1.0.1.jar:/root/.m2/repository/org/apache/kerby/kerby-pkix/1.0.1/kerby-pkix-1.0.1.jar:/root/.m2/repository/org/apache/kerby/kerby-asn1/1.0.1/kerby-asn1-1.0.1.jar:/root/.m2/repository/org/apache/kerby/kerby-util/1.0.1/kerby-util-1.0.1.jar:/root/.m2/repository/org/apache/kerby/kerb-common/1.0.1/kerb-common-1.0.1.jar:/root/.m2/repository/org/apache/kerby/kerb-crypto/1.0.1/kerb-crypto-1.0.1.jar:/root/.m2/repository/org/apache/kerby/kerb-util/1.0.1/kerb-util-1.0.1.jar:/root/.m2/repository/org/apache/kerby/token-provider/1.0.1/token-provider-1.0.1.jar:/root/.m2/repository/org/apache/kerby/kerb-admin/1.0.1/kerb-admin-1.0.1.jar:/root/.m2/repository/org/apache/kerby/kerb-server/1.0.1/kerb-server-1.0.1.jar:/root/.m2/repository/org/apache/kerby/kerb-identity/1.0.1/kerb-identity-1.0.1.jar:/root/.m2/repository/org/apache/kerby/kerby-xdr/1.0.1/kerby-xdr-1.0.1.jar:/root/.m2/repository/org/slf4j/slf4j-log4j12/1.7.25/slf4j-log4j12-1.7.25.jar:/root/.m2/repository/org/apache/hadoop/hadoop-ozone-objectstore-service/0.5.0-SNAPSHOT/hadoop-ozone-objectstore-service-0.5.0-SNAPSHOT.jar:/root/.m2/repository/org/apache/hadoop/hadoop-ozone-s3gateway/0.5.0-SNAPSHOT/hadoop-ozone-s3gateway-0.5.0-SNAPSHOT.jar:/root/.m2/repository/org/jboss/weld/servlet/weld-servlet/2.4.7.Final/weld-servlet-2.4.7.Final.jar:/root/.m2/repository/org/glassfish/jersey/containers/jersey-container-servlet-core/2.27/jersey-container-servlet-core-2.27.jar:/root/.m2/repository/org/glassfish/hk2/external/javax.inject/2.5.0-b42/javax.inject-2.5.0-b42.jar:/root/.m2/repository/org/glassfish/jersey/core/jersey-common/2.27/jersey-common-2.27.jar:/root/.m2/repository/org/glassfish/hk2/osgi-resource-locator/1.0.1/osgi-resource-locator-1.0.1.jar:/root/.m2/repository/javax/ws/rs/javax.ws.rs-api/2.1/javax.ws.rs-api-2.1.jar:/root/.m2/repository/org/glassfish/jersey/ext/cdi/jersey-cdi1x/2.27/jersey-cdi1x-2.27.jar:/root/.m2/repository/org/glassfish/jersey/inject/jersey-hk2/2.27/jersey-hk2-2.27.jar:/root/.m2/repository/org/glassfish/hk2/hk2-locator/2.5.0-b42/hk2-locator-2.5.0-b42.jar:/root/.m2/repository/org/javassist/javassist/3.22.0-CR2/javassist-3.22.0-CR2.jar:/root/.m2/repository/org/glassfish/hk2/hk2-api/2.5.0/hk2-api-2.5.0.jar:/root/.m2/repository/org/glassfish/hk2/external/jakarta.inject/2.5.0/jakarta.inject-2.5.0.jar:/root/.m2/repository/org/glassfish/hk2/hk2-utils/2.5.0/hk2-utils-2.5.0.jar:/root/.m2/repository/jakarta/annotation/jakarta.annotation-api/1.3.4/jakarta.annotation-api-1.3.4.jar:/root/.m2/repository/org/glassfish/hk2/external/aopalliance-repackaged/2.5.0/aopalliance-repackaged-2.5.0.jar:/root/.m2/repository/com/fasterxml/jackson/dataformat/jackson-dataformat-xml/2.9.0/jackson-dataformat-xml-2.9.0.jar:/root/.m2/repository/com/fasterxml/jackson/core/jackson-core/2.9.5/jackson-core-2.9.5.jar:/root/.m2/repository/com/fasterxml/jackson/module/jackson-module-jaxb-annotations/2.9.5/jackson-module-jaxb-annotations-2.9.5.jar:/root/.m2/repository/javax/enterprise/cdi-api/1.2/cdi-api-1.2.jar:/root/.m2/repository/javax/el/javax.el-api/3.0.0/javax.el-api-3.0.0.jar:/root/.m2/repository/javax/interceptor/javax.interceptor-api/1.2/javax.interceptor-api-1.2.jar:/root/.m2/repository/javax/inject/javax.inject/1/javax.inject-1.jar:/root/.m2/repository/com/sun/xml/bind/jaxb-impl/2.3.0.1/jaxb-impl-2.3.0.1.jar:/root/.m2/repository/com/sun/xml/bind/jaxb-core/2.3.0.1/jaxb-core-2.3.0.1.jar:/root/.m2/repository/javax/xml/bind/jaxb-api/2.3.0/jaxb-api-2.3.0.jar:/root/.m2/repository/javax/activation/activation/1.1.1/activation-1.1.1.jar:/root/.m2/repository/org/apache/hadoop/hadoop-ozone-csi/0.5.0-SNAPSHOT/hadoop-ozone-csi-0.5.0-SNAPSHOT.jar:/root/.m2/repository/com/google/protobuf/protobuf-java-util/3.5.1/protobuf-java-util-3.5.1.jar:/root/.m2/repository/org/apache/hadoop/hadoop-hdds-config/0.5.0-SNAPSHOT/hadoop-hdds-config-0.5.0-SNAPSHOT.jar:/root/.m2/repository/com/google/guava/guava/11.0.2/guava-11.0.2.jar:/root/.m2/repository/com/google/protobuf/protobuf-java/2.5.0/protobuf-java-2.5.0.jar:/root/.m2/repository/io/grpc/grpc-netty/1.17.1/grpc-netty-1.17.1.jar:/root/.m2/repository/io/grpc/grpc-core/1.17.1/grpc-core-1.17.1.jar:/root/.m2/repository/io/grpc/grpc-context/1.17.1/grpc-context-1.17.1.jar:/root/.m2/repository/com/google/errorprone/error_prone_annotations/2.2.0/error_prone_annotations-2.2.0.jar:/root/.m2/repository/org/codehaus/mojo/animal-sniffer-annotations/1.17/animal-sniffer-annotations-1.17.jar:/root/.m2/repository/io/opencensus/opencensus-api/0.17.0/opencensus-api-0.17.0.jar:/root/.m2/repository/io/opencensus/opencensus-contrib-grpc-metrics/0.17.0/opencensus-contrib-grpc-metrics-0.17.0.jar:/root/.m2/repository/io/netty/netty-codec-http2/4.1.30.Final/netty-codec-http2-4.1.30.Final.jar:/root/.m2/repository/io/netty/netty-codec-http/4.1.30.Final/netty-codec-http-4.1.30.Final.jar:/root/.m2/repository/io/netty/netty-codec/4.1.30.Final/netty-codec-4.1.30.Final.jar:/root/.m2/repository/io/netty/netty-handler/4.1.30.Final/netty-handler-4.1.30.Final.jar:/root/.m2/repository/io/netty/netty-handler-proxy/4.1.30.Final/netty-handler-proxy-4.1.30.Final.jar:/root/.m2/repository/io/netty/netty-codec-socks/4.1.30.Final/netty-codec-socks-4.1.30.Final.jar:/root/.m2/repository/io/netty/netty-transport-native-epoll/4.1.30.Final/netty-transport-native-epoll-4.1.30.Final.jar:/root/.m2/repository/io/netty/netty-common/4.1.30.Final/netty-common-4.1.30.Final.jar:/root/.m2/repository/io/netty/netty-buffer/4.1.30.Final/netty-buffer-4.1.30.Final.jar:/root/.m2/repository/io/netty/netty-transport/4.1.30.Final/netty-transport-4.1.30.Final.jar:/root/.m2/repository/io/netty/netty-resolver/4.1.30.Final/netty-resolver-4.1.30.Final.jar:/root/.m2/repository/io/netty/netty-transport-native-unix-common/4.1.30.Final/netty-transport-native-unix-common-4.1.30.Final.jar:/root/.m2/repository/io/grpc/grpc-protobuf/1.17.1/grpc-protobuf-1.17.1.jar:/root/.m2/repository/com/google/api/grpc/proto-google-common-protos/1.0.0/proto-google-common-protos-1.0.0.jar:/root/.m2/repository/io/grpc/grpc-protobuf-lite/1.17.1/grpc-protobuf-lite-1.17.1.jar:/root/.m2/repository/io/grpc/grpc-stub/1.17.1/grpc-stub-1.17.1.jar:/root/.m2/repository/org/apache/hadoop/hadoop-ozone-recon/0.5.0-SNAPSHOT/hadoop-ozone-recon-0.5.0-SNAPSHOT.jar:/root/.m2/repository/org/apache/hadoop/hadoop-ozone-reconcodegen/0.5.0-SNAPSHOT/hadoop-ozone-reconcodegen-0.5.0-SNAPSHOT.jar:/root/.m2/repository/com/google/inject/extensions/guice-multibindings/4.0/guice-multibindings-4.0.jar:/root/.m2/repository/com/google/inject/guice/4.0/guice-4.0.jar:/root/.m2/repository/aopalliance/aopalliance/1.0/aopalliance-1.0.jar:/root/.m2/repository/com/google/inject/extensions/guice-servlet/4.0/guice-servlet-4.0.jar:/root/.m2/repository/org/glassfish/jersey/containers/jersey-container-servlet/2.27/jersey-container-servlet-2.27.jar:/root/.m2/repository/org/glassfish/hk2/guice-bridge/2.5.0/guice-bridge-2.5.0.jar:/root/.m2/repository/org/glassfish/jersey/core/jersey-server/2.27/jersey-server-2.27.jar:/root/.m2/repository/org/glassfish/jersey/core/jersey-client/2.27/jersey-client-2.27.jar:/root/.m2/repository/org/glassfish/jersey/media/jersey-media-jaxb/2.27/jersey-media-jaxb-2.27.jar:/root/.m2/repository/javax/validation/validation-api/1.1.0.Final/validation-api-1.1.0.Final.jar:/root/.m2/repository/org/glassfish/jersey/media/jersey-media-json-jackson/2.27/jersey-media-json-jackson-2.27.jar:/root/.m2/repository/org/glassfish/jersey/ext/jersey-entity-filtering/2.27/jersey-entity-filtering-2.27.jar:/root/.m2/repository/com/google/inject/extensions/guice-assistedinject/4.0/guice-assistedinject-4.0.jar:/root/.m2/repository/org/jooq/jooq/3.11.10/jooq-3.11.10.jar:/root/.m2/repository/org/jooq/jooq-meta/3.11.10/jooq-meta-3.11.10.jar:/root/.m2/repository/org/jooq/jooq-codegen/3.11.10/jooq-codegen-3.11.10.jar:/root/.m2/repository/com/jolbox/bonecp/0.8.0.RELEASE/bonecp-0.8.0.RELEASE.jar:/root/.m2/repository/org/xerial/sqlite-jdbc/3.25.2/sqlite-jdbc-3.25.2.jar:/root/.m2/repository/org/springframework/spring-jdbc/5.1.3.RELEASE/spring-jdbc-5.1.3.RELEASE.jar:/root/.m2/repository/org/springframework/spring-beans/5.1.3.RELEASE/spring-beans-5.1.3.RELEASE.jar:/root/.m2/repository/org/springframework/spring-core/5.1.3.RELEASE/spring-core-5.1.3.RELEASE.jar:/root/.m2/repository/org/springframework/spring-jcl/5.1.3.RELEASE/spring-jcl-5.1.3.RELEASE.jar:/root/.m2/repository/org/springframework/spring-tx/5.1.3.RELEASE/spring-tx-5.1.3.RELEASE.jar:/root/.m2/repository/org/apache/hadoop/hadoop-ozone-client/0.5.0-SNAPSHOT/hadoop-ozone-client-0.5.0-SNAPSHOT.jar:/root/.m2/repository/org/apache/hadoop/hadoop-ozone-ozone-manager/0.5.0-SNAPSHOT/hadoop-ozone-ozone-manager-0.5.0-SNAPSHOT-tests.jar:/root/.m2/repository/junit/junit/4.11/junit-4.11.jar:/root/.m2/repository/org/hamcrest/hamcrest-core/1.3/hamcrest-core-1.3.jar:/root/.m2/repository/org/openjdk/jmh/jmh-core/1.19/jmh-core-1.19.jar:/root/.m2/repository/net/sf/jopt-simple/jopt-simple/4.6/jopt-simple-4.6.jar:/root/.m2/repository/org/apache/commons/commons-math3/3.1.1/commons-math3-3.1.1.jar:/root/.m2/repository/org/openjdk/jmh/jmh-generator-annprocess/1.19/jmh-generator-annprocess-1.19.jar:/root/.m2/repository/org/mockito/mockito-all/1.8.5/mockito-all-1.8.5.jar:/root/.m2/repository/org/apache/hadoop/hadoop-kms/3.2.0/hadoop-kms-3.2.0.jar:/root/.m2/repository/org/apache/hadoop/hadoop-auth/3.2.0/hadoop-auth-3.2.0.jar:/root/.m2/repository/com/nimbusds/nimbus-jose-jwt/4.41.1/nimbus-jose-jwt-4.41.1.jar:/root/.m2/repository/com/github/stephenc/jcip/jcip-annotations/1.0-1/jcip-annotations-1.0-1.jar:/root/.m2/repository/net/minidev/json-smart/2.3/json-smart-2.3.jar:/root/.m2/repository/net/minidev/accessors-smart/1.2/accessors-smart-1.2.jar:/root/.m2/repository/org/ow2/asm/asm/5.0.4/asm-5.0.4.jar:/root/.m2/repository/org/apache/curator/curator-framework/2.12.0/curator-framework-2.12.0.jar:/root/.m2/repository/com/sun/jersey/jersey-core/1.19/jersey-core-1.19.jar:/root/.m2/repository/javax/ws/rs/jsr311-api/1.1.1/jsr311-api-1.1.1.jar:/root/.m2/repository/com/sun/jersey/jersey-server/1.19/jersey-server-1.19.jar:/root/.m2/repository/javax/servlet/javax.servlet-api/3.1.0/javax.servlet-api-3.1.0.jar:/root/.m2/repository/org/eclipse/jetty/jetty-server/9.3.24.v20180605/jetty-server-9.3.24.v20180605.jar:/root/.m2/repository/org/eclipse/jetty/jetty-http/9.3.24.v20180605/jetty-http-9.3.24.v20180605.jar:/root/.m2/repository/org/eclipse/jetty/jetty-io/9.3.24.v20180605/jetty-io-9.3.24.v20180605.jar:/root/.m2/repository/org/eclipse/jetty/jetty-webapp/9.3.24.v20180605/jetty-webapp-9.3.24.v20180605.jar:/root/.m2/repository/org/eclipse/jetty/jetty-xml/9.3.24.v20180605/jetty-xml-9.3.24.v20180605.jar:/root/.m2/repository/log4j/log4j/1.2.17/log4j-1.2.17.jar:/root/.m2/repository/org/slf4j/slf4j-api/1.7.25/slf4j-api-1.7.25.jar:/root/.m2/repository/org/slf4j/jul-to-slf4j/1.7.25/jul-to-slf4j-1.7.25.jar:/root/.m2/repository/org/eclipse/jetty/jetty-util/9.3.24.v20180605/jetty-util-9.3.24.v20180605.jar:/root/.m2/repository/io/dropwizard/metrics/metrics-core/3.2.4/metrics-core-3.2.4.jar:/root/.m2/repository/com/fasterxml/jackson/core/jackson-databind/2.9.5/jackson-databind-2.9.5.jar:/root/.m2/repository/org/apache/hadoop/hadoop-kms/3.2.0/hadoop-kms-3.2.0-tests.jar:/root/.m2/repository/org/apache/hadoop/hadoop-hdds-server-scm/0.5.0-SNAPSHOT/hadoop-hdds-server-scm-0.5.0-SNAPSHOT-tests.jar:/root/.m2/repository/org/hamcrest/hamcrest-all/1.3/hamcrest-all-1.3.jar:/root/.m2/repository/info/picocli/picocli/3.9.6/picocli-3.9.6.jar:/root/.m2/repository/org/apache/hadoop/hadoop-hdds-container-service/0.5.0-SNAPSHOT/hadoop-hdds-container-service-0.5.0-SNAPSHOT-tests.jar:/root/.m2/repository/org/yaml/snakeyaml/1.16/snakeyaml-1.16.jar:/root/.m2/repository/org/apache/hadoop/hadoop-common/3.2.0/hadoop-common-3.2.0-tests.jar:/root/.m2/repository/org/apache/hadoop/hadoop-annotations/3.2.0/hadoop-annotations-3.2.0.jar:/usr/lib/jvm/java-1.8-openjdk/jre/../lib/tools.jar:/root/.m2/repository/commons-cli/commons-cli/1.2/commons-cli-1.2.jar:/root/.m2/repository/org/apache/httpcomponents/httpclient/4.5.2/httpclient-4.5.2.jar:/root/.m2/repository/org/apache/httpcomponents/httpcore/4.4.4/httpcore-4.4.4.jar:/root/.m2/repository/commons-codec/commons-codec/1.11/commons-codec-1.11.jar:/root/.m2/repository/commons-net/commons-net/3.6/commons-net-3.6.jar:/root/.m2/repository/commons-collections/commons-collections/3.2.2/commons-collections-3.2.2.jar:/root/.m2/repository/org/eclipse/jetty/jetty-servlet/9.3.24.v20180605/jetty-servlet-9.3.24.v20180605.jar:/root/.m2/repository/org/eclipse/jetty/jetty-security/9.3.24.v20180605/jetty-security-9.3.24.v20180605.jar:/root/.m2/repository/javax/servlet/jsp/jsp-api/2.1/jsp-api-2.1.jar:/root/.m2/repository/com/sun/jersey/jersey-servlet/1.19/jersey-servlet-1.19.jar:/root/.m2/repository/com/sun/jersey/jersey-json/1.19/jersey-json-1.19.jar:/root/.m2/repository/org/codehaus/jettison/jettison/1.1/jettison-1.1.jar:/root/.m2/repository/org/codehaus/jackson/jackson-core-asl/1.9.13/jackson-core-asl-1.9.13.jar:/root/.m2/repository/org/codehaus/jackson/jackson-mapper-asl/1.9.13/jackson-mapper-asl-1.9.13.jar:/root/.m2/repository/org/codehaus/jackson/jackson-jaxrs/1.9.13/jackson-jaxrs-1.9.13.jar:/root/.m2/repository/org/codehaus/jackson/jackson-xc/1.9.13/jackson-xc-1.9.13.jar:/root/.m2/repository/commons-logging/commons-logging/1.1.3/commons-logging-1.1.3.jar:/root/.m2/repository/commons-beanutils/commons-beanutils/1.9.3/commons-beanutils-1.9.3.jar:/root/.m2/repository/org/apache/commons/commons-configuration2/2.1.1/commons-configuration2-2.1.1.jar:/root/.m2/repository/org/apache/commons/commons-lang3/3.7/commons-lang3-3.7.jar:/root/.m2/repository/org/apache/commons/commons-text/1.4/commons-text-1.4.jar:/root/.m2/repository/org/apache/avro/avro/1.7.7/avro-1.7.7.jar:/root/.m2/repository/com/thoughtworks/paranamer/paranamer/2.3/paranamer-2.3.jar:/root/.m2/repository/org/xerial/snappy/snappy-java/1.0.5/snappy-java-1.0.5.jar:/root/.m2/repository/com/google/re2j/re2j/1.1/re2j-1.1.jar:/root/.m2/repository/com/google/code/gson/gson/2.2.4/gson-2.2.4.jar:/root/.m2/repository/com/jcraft/jsch/0.1.54/jsch-0.1.54.jar:/root/.m2/repository/org/apache/curator/curator-client/2.12.0/curator-client-2.12.0.jar:/root/.m2/repository/org/apache/curator/curator-recipes/2.12.0/curator-recipes-2.12.0.jar:/root/.m2/repository/com/google/code/findbugs/jsr305/3.0.0/jsr305-3.0.0.jar:/root/.m2/repository/org/apache/htrace/htrace-core4/4.1.0-incubating/htrace-core4-4.1.0-incubating.jar:/root/.m2/repository/org/apache/zookeeper/zookeeper/3.4.13/zookeeper-3.4.13.jar:/root/.m2/repository/org/apache/yetus/audience-annotations/0.5.0/audience-annotations-0.5.0.jar:/root/.m2/repository/org/codehaus/woodstox/stax2-api/3.1.4/stax2-api-3.1.4.jar:/root/.m2/repository/com/fasterxml/woodstox/woodstox-core/5.0.3/woodstox-core-5.0.3.jar:/root/.m2/repository/dnsjava/dnsjava/2.1.7/dnsjava-2.1.7.jar:/root/.m2/repository/org/apache/hadoop/hadoop-hdfs/3.2.0/hadoop-hdfs-3.2.0-tests.jar:/root/.m2/repository/org/eclipse/jetty/jetty-util-ajax/9.3.24.v20180605/jetty-util-ajax-9.3.24.v20180605.jar:/root/.m2/repository/commons-daemon/commons-daemon/1.0.13/commons-daemon-1.0.13.jar:/root/.m2/repository/io/netty/netty/3.10.5.Final/netty-3.10.5.Final.jar:/root/.m2/repository/io/netty/netty-all/4.0.52.Final/netty-all-4.0.52.Final.jar:/root/.m2/repository/org/fusesource/leveldbjni/leveldbjni-all/1.8/leveldbjni-all-1.8.jar:"/>
    <property name="sun.cpu.endian" value="little"/>
    <property name="user.home" value="/root"/>
    <property name="user.language" value="en"/>
    <property name="java.specification.vendor" value="Oracle Corporation"/>
    <property name="java.home" value="/usr/lib/jvm/java-1.8-openjdk/jre"/>
    <property name="java.security.krb5.conf" value="/opt/src/hadoop-ozone/integration-test/target/test-classes/krb5.conf"/>
    <property name="basedir" value="/opt/src/hadoop-ozone/integration-test"/>
    <property name="file.separator" value="/"/>
    <property name="line.separator" value="&#10;"/>
    <property name="java.vm.specification.vendor" value="Oracle Corporation"/>
    <property name="java.specification.name" value="Java Platform API Specification"/>
    <property name="java.awt.graphicsenv" value="sun.awt.X11GraphicsEnvironment"/>
    <property name="surefire.real.class.path" value="/opt/src/hadoop-ozone/integration-test/target/surefire/surefirebooter8855408579552461110.jar"/>
    <property name="hadoop.log.dir" value="/opt/src/hadoop-ozone/integration-test/target/log"/>
    <property name="sun.boot.class.path" value="/usr/lib/jvm/java-1.8-openjdk/jre/lib/resources.jar:/usr/lib/jvm/java-1.8-openjdk/jre/lib/rt.jar:/usr/lib/jvm/java-1.8-openjdk/jre/lib/sunrsasign.jar:/usr/lib/jvm/java-1.8-openjdk/jre/lib/jsse.jar:/usr/lib/jvm/java-1.8-openjdk/jre/lib/jce.jar:/usr/lib/jvm/java-1.8-openjdk/jre/lib/charsets.jar:/usr/lib/jvm/java-1.8-openjdk/jre/lib/jfr.jar:/usr/lib/jvm/java-1.8-openjdk/jre/classes"/>
    <property name="sun.management.compiler" value="HotSpot 64-Bit Tiered Compilers"/>
    <property name="java.runtime.version" value="1.8.0_212-b04"/>
    <property name="java.net.preferIPv4Stack" value="true"/>
    <property name="user.name" value="root"/>
    <property name="path.separator" value=":"/>
    <property name="java.security.egd" value="file:///dev/urandom"/>
    <property name="os.version" value="4.15.0-1021-aws"/>
    <property name="java.endorsed.dirs" value="/usr/lib/jvm/java-1.8-openjdk/jre/lib/endorsed"/>
    <property name="java.runtime.name" value="OpenJDK Runtime Environment"/>
    <property name="file.encoding" value="UTF-8"/>
    <property name="java.vm.name" value="OpenJDK 64-Bit Server VM"/>
    <property name="test.build.webapps" value=""/>
    <property name="localRepository" value="/root/.m2/repository"/>
    <property name="java.vendor.url.bug" value="https://icedtea.classpath.org/bugzilla"/>
    <property name="java.io.tmpdir" value="/tmp"/>
    <property name="require.test.libhadoop" value=""/>
    <property name="java.version" value="1.8.0_212"/>
    <property name="user.dir" value="/opt/src/hadoop-ozone/integration-test"/>
    <property name="os.arch" value="amd64"/>
    <property name="java.vm.specification.name" value="Java Virtual Machine Specification"/>
    <property name="test.build.classes" value="/opt/src/hadoop-ozone/integration-test/target/test-classes"/>
    <property name="java.awt.printerjob" value="sun.print.PSPrinterJob"/>
    <property name="sun.os.patch.level" value="unknown"/>
    <property name="hadoop.tmp.dir" value="/opt/src/hadoop-ozone/integration-test/target/tmp"/>
    <property name="java.library.path" value="/usr/lib/jvm/java-1.8-openjdk/jre/lib/amd64/server:/usr/lib/jvm/java-1.8-openjdk/jre/lib/amd64:/usr/lib/jvm/java-1.8-openjdk/jre/../lib/amd64:/opt/src/hadoop-ozone/integration-test/target/native/target/usr/local/lib:/opt/src/hadoop-ozone/integration-test/../../hadoop-common-project/hadoop-common/target/native/target/usr/local/lib:/usr/java/packages/lib/amd64:/usr/lib64:/lib64:/lib:/usr/lib"/>
    <property name="java.vm.info" value="mixed mode"/>
    <property name="java.vendor" value="IcedTea"/>
    <property name="java.vm.version" value="25.212-b04"/>
    <property name="java.ext.dirs" value="/usr/lib/jvm/java-1.8-openjdk/jre/lib/ext:/usr/java/packages/lib/ext"/>
    <property name="sun.io.unicode.encoding" value="UnicodeLittle"/>
    <property name="java.class.version" value="52.0"/>
  </properties>
  <testcase name="testPipelineFail" classname="org.apache.hadoop.hdds.scm.pipeline.TestNodeFailure" time="0">
    <skipped/>
    <system-out><![CDATA[2019-06-13 19:15:54,274 WARN  server.ServerUtils (ServerUtils.java:getScmDbDir(145)) - ozone.scm.db.dirs is not configured. We recommend adding this setting. Falling back to ozone.metadata.dirs instead.
2019-06-13 19:15:54,519 WARN  server.ServerUtils (ServerUtils.java:getScmDbDir(145)) - ozone.scm.db.dirs is not configured. We recommend adding this setting. Falling back to ozone.metadata.dirs instead.
2019-06-13 19:15:54,522 WARN  server.ServerUtils (ServerUtils.java:getScmDbDir(145)) - ozone.scm.db.dirs is not configured. We recommend adding this setting. Falling back to ozone.metadata.dirs instead.
2019-06-13 19:15:54,544 INFO  util.log (Log.java:initialized(192)) - Logging initialized @1051ms
2019-06-13 19:15:54,647 INFO  db.DBStoreBuilder (DBStoreBuilder.java:addTable(110)) - using custom profile for table: deletedBlocks
2019-06-13 19:15:54,647 INFO  db.DBStoreBuilder (DBStoreBuilder.java:processTables(161)) - Using default column profile:DBProfile.DISK for Table:deletedBlocks
2019-06-13 19:15:54,648 INFO  db.DBStoreBuilder (DBStoreBuilder.java:addTable(110)) - using custom profile for table: validCerts
2019-06-13 19:15:54,648 INFO  db.DBStoreBuilder (DBStoreBuilder.java:processTables(161)) - Using default column profile:DBProfile.DISK for Table:validCerts
2019-06-13 19:15:54,648 INFO  db.DBStoreBuilder (DBStoreBuilder.java:addTable(110)) - using custom profile for table: revokedCerts
2019-06-13 19:15:54,648 INFO  db.DBStoreBuilder (DBStoreBuilder.java:processTables(161)) - Using default column profile:DBProfile.DISK for Table:revokedCerts
2019-06-13 19:15:54,661 INFO  db.DBStoreBuilder (DBStoreBuilder.java:addTable(110)) - using custom profile for table: default
2019-06-13 19:15:54,661 INFO  db.DBStoreBuilder (DBStoreBuilder.java:processTables(167)) - Using default column profile:DBProfile.DISK for Table:default
2019-06-13 19:15:54,663 INFO  db.DBStoreBuilder (DBStoreBuilder.java:getDbProfile(198)) - Using default options. DBProfile.DISK
2019-06-13 19:15:54,919 INFO  node.SCMNodeManager (SCMNodeManager.java:<init>(108)) - Entering startup safe mode.
2019-06-13 19:15:54,983 INFO  net.NodeSchemaLoader (NodeSchemaLoader.java:loadSchemaFromFile(125)) - Loading file from sun.misc.CompoundEnumeration@5fe94a96
2019-06-13 19:15:54,985 INFO  net.NodeSchemaLoader (NodeSchemaLoader.java:loadSchema(171)) - Loading network topology layer schema file
2019-06-13 19:15:55,041 WARN  server.ServerUtils (ServerUtils.java:getScmDbDir(145)) - ozone.scm.db.dirs is not configured. We recommend adding this setting. Falling back to ozone.metadata.dirs instead.
2019-06-13 19:15:55,129 INFO  pipeline.SCMPipelineManager (SCMPipelineManager.java:initializePipelineState(126)) - No pipeline exists in current db
2019-06-13 19:15:55,132 WARN  server.ServerUtils (ServerUtils.java:getScmDbDir(145)) - ozone.scm.db.dirs is not configured. We recommend adding this setting. Falling back to ozone.metadata.dirs instead.
2019-06-13 19:15:55,298 WARN  events.EventQueue (EventQueue.java:fireEvent(175)) - No event handler registered for event TypedEvent{payloadType=SafeModeStatus, name='SafeModeStatus'}
2019-06-13 19:15:55,751 INFO  ipc.CallQueueManager (CallQueueManager.java:<init>(84)) - Using callQueue: class java.util.concurrent.LinkedBlockingQueue, queueCapacity: 2000, scheduler: class org.apache.hadoop.ipc.DefaultRpcScheduler, ipcBackoff: false.
2019-06-13 19:15:55,783 INFO  ipc.Server (Server.java:run(1074)) - Starting Socket Reader #1 for port 38659
2019-06-13 19:15:55,813 INFO  ipc.CallQueueManager (CallQueueManager.java:<init>(84)) - Using callQueue: class java.util.concurrent.LinkedBlockingQueue, queueCapacity: 2000, scheduler: class org.apache.hadoop.ipc.DefaultRpcScheduler, ipcBackoff: false.
2019-06-13 19:15:55,819 INFO  ipc.Server (Server.java:run(1074)) - Starting Socket Reader #1 for port 32955
2019-06-13 19:15:55,829 INFO  ipc.CallQueueManager (CallQueueManager.java:<init>(84)) - Using callQueue: class java.util.concurrent.LinkedBlockingQueue, queueCapacity: 2000, scheduler: class org.apache.hadoop.ipc.DefaultRpcScheduler, ipcBackoff: false.
2019-06-13 19:15:55,865 INFO  ipc.Server (Server.java:run(1074)) - Starting Socket Reader #1 for port 42167
2019-06-13 19:15:55,888 INFO  hdfs.DFSUtil (DFSUtil.java:httpServerTemplateForNNAndJN(1641)) - Starting Web-server for scm at: http://0.0.0.0:0
2019-06-13 19:15:56,055 INFO  server.AuthenticationFilter (AuthenticationFilter.java:constructSecretProvider(240)) - Unable to initialize FileSignerSecretProvider, falling back to use random secrets.
2019-06-13 19:15:56,064 WARN  http.HttpRequestLog (HttpRequestLog.java:getRequestLog(97)) - Jetty request log can only be enabled using Log4j
2019-06-13 19:15:56,072 INFO  http.HttpServer2 (HttpServer2.java:addGlobalFilter(975)) - Added global filter 'safety' (class=org.apache.hadoop.http.HttpServer2$QuotingInputFilter)
2019-06-13 19:15:56,074 INFO  http.HttpServer2 (HttpServer2.java:addFilter(948)) - Added filter static_user_filter (class=org.apache.hadoop.http.lib.StaticUserWebFilter$StaticUserFilter) to context scm
2019-06-13 19:15:56,075 INFO  http.HttpServer2 (HttpServer2.java:addFilter(958)) - Added filter static_user_filter (class=org.apache.hadoop.http.lib.StaticUserWebFilter$StaticUserFilter) to context static
2019-06-13 19:15:56,075 INFO  http.HttpServer2 (HttpServer2.java:addFilter(958)) - Added filter static_user_filter (class=org.apache.hadoop.http.lib.StaticUserWebFilter$StaticUserFilter) to context logs
2019-06-13 19:15:56,101 INFO  server.StorageContainerManager (StorageContainerManager.java:start(752)) - StorageContainerLocationProtocol RPC server is listening at /0.0.0.0:42167
2019-06-13 19:15:56,159 WARN  impl.MetricsConfig (MetricsConfig.java:loadFirst(134)) - Cannot locate configuration: tried hadoop-metrics2-storagecontainermanager.properties,hadoop-metrics2.properties
2019-06-13 19:15:56,197 INFO  impl.MetricsSystemImpl (MetricsSystemImpl.java:startTimer(374)) - Scheduled Metric snapshot period at 10 second(s).
2019-06-13 19:15:56,197 INFO  impl.MetricsSystemImpl (MetricsSystemImpl.java:start(191)) - StorageContainerManager metrics system started
2019-06-13 19:15:56,431 INFO  server.SCMClientProtocolServer (SCMClientProtocolServer.java:start(149)) - RPC server for Client  is listening at /0.0.0.0:42167
2019-06-13 19:15:56,434 INFO  ipc.Server (Server.java:run(1314)) - IPC Server Responder: starting
2019-06-13 19:15:56,441 INFO  ipc.Server (Server.java:run(1153)) - IPC Server listener on 42167: starting
2019-06-13 19:15:56,443 INFO  server.StorageContainerManager (StorageContainerManager.java:start(761)) - ScmBlockLocationProtocol RPC server is listening at /0.0.0.0:32955
2019-06-13 19:15:56,444 INFO  server.SCMBlockProtocolServer (SCMBlockProtocolServer.java:start(137)) - RPC server for Block Protocol is listening at /0.0.0.0:32955
2019-06-13 19:15:56,444 INFO  ipc.Server (Server.java:run(1314)) - IPC Server Responder: starting
2019-06-13 19:15:56,444 INFO  ipc.Server (Server.java:run(1153)) - IPC Server listener on 32955: starting
2019-06-13 19:15:56,446 INFO  server.StorageContainerManager (StorageContainerManager.java:start(765)) - ScmDatanodeProtocl RPC server is listening at /0.0.0.0:38659
2019-06-13 19:15:56,446 INFO  server.SCMDatanodeProtocolServer (SCMDatanodeProtocolServer.java:start(191)) - RPC server for DataNodes is listening at /0.0.0.0:38659
2019-06-13 19:15:56,446 INFO  ipc.Server (Server.java:run(1314)) - IPC Server Responder: starting
2019-06-13 19:15:56,447 INFO  ipc.Server (Server.java:run(1153)) - IPC Server listener on 38659: starting
2019-06-13 19:15:56,450 INFO  http.HttpServer2 (HttpServer2.java:bindListener(1191)) - Jetty bound to port 35931
2019-06-13 19:15:56,451 INFO  server.Server (Server.java:doStart(351)) - jetty-9.3.24.v20180605, build timestamp: 2018-06-05T17:11:56Z, git hash: 84205aa28f11a4f31f2a3b86d1bba2cc8ab69827
2019-06-13 19:15:56,499 INFO  handler.ContextHandler (ContextHandler.java:doStart(781)) - Started o.e.j.s.ServletContextHandler@530712d{/logs,file:///opt/src/hadoop-ozone/integration-test/target/log,AVAILABLE}
2019-06-13 19:15:56,500 INFO  handler.ContextHandler (ContextHandler.java:doStart(781)) - Started o.e.j.s.ServletContextHandler@12ed9db6{/static,file:///opt/src/hadoop-ozone/integration-test/target/test-classes/webapps/static,AVAILABLE}
2019-06-13 19:15:56,547 INFO  handler.ContextHandler (ContextHandler.java:doStart(781)) - Started o.e.j.w.WebAppContext@94f6bfb{/,file:///opt/src/hadoop-ozone/integration-test/target/test-classes/webapps/scm/,AVAILABLE}{/scm}
2019-06-13 19:15:56,553 INFO  server.AbstractConnector (AbstractConnector.java:doStart(278)) - Started ServerConnector@2b62442c{HTTP/1.1,[http/1.1]}{0.0.0.0:35931}
2019-06-13 19:15:56,553 INFO  server.Server (Server.java:doStart(419)) - Started @3060ms
2019-06-13 19:15:56,555 INFO  server.BaseHttpServer (BaseHttpServer.java:updateConnectorAddress(207)) - HTTP server of SCM is listening at http://0.0.0.0:35931
2019-06-13 19:15:56,577 WARN  scm.ScmUtils (ScmUtils.java:getDBPath(63)) - ozone.om.db.dirs is not configured. We recommend adding this setting. Falling back to ozone.metadata.dirs instead.
2019-06-13 19:15:56,579 INFO  util.JvmPauseMonitor (JvmPauseMonitor.java:run(188)) - Starting JVM pause monitor
2019-06-13 19:15:56,843 WARN  scm.ScmUtils (ScmUtils.java:getDBPath(63)) - ozone.om.db.dirs is not configured. We recommend adding this setting. Falling back to ozone.metadata.dirs instead.
2019-06-13 19:15:56,844 INFO  om.OzoneManager (OzoneManager.java:setOMNodeDetails(519)) - OM Service ID is not set. Setting it to the default ID: omServiceIdDefault
2019-06-13 19:15:56,844 INFO  om.OzoneManager (OzoneManager.java:setOMNodeDetails(525)) - OM Node ID is not set. Setting it to the OmStorage's OmID: 5114f20b-d1e7-4223-97b1-37f3f4820eee
2019-06-13 19:15:56,846 WARN  scm.HddsServerUtil (HddsServerUtil.java:getDefaultRatisDirectory(354)) - Storage directory for Ratis is not configured. It is a good idea to map this to an SSD disk. Falling back to ozone.metadata.dirs
2019-06-13 19:15:56,846 WARN  scm.HddsServerUtil (HddsServerUtil.java:getDefaultRatisDirectory(354)) - Storage directory for Ratis is not configured. It is a good idea to map this to an SSD disk. Falling back to ozone.metadata.dirs
2019-06-13 19:15:56,847 INFO  om.OzoneManager (OzoneManager.java:loadOMHAConfigs(476)) - Found matching OM address with OMServiceId: null, OMNodeId: null, RPC Address: localhost:0 and Ratis port: 9872
2019-06-13 19:15:57,040 WARN  scm.ScmUtils (ScmUtils.java:getDBPath(63)) - ozone.om.db.dirs is not configured. We recommend adding this setting. Falling back to ozone.metadata.dirs instead.
2019-06-13 19:15:57,048 INFO  db.DBStoreBuilder (DBStoreBuilder.java:addTable(110)) - using custom profile for table: userTable
2019-06-13 19:15:57,049 INFO  db.DBStoreBuilder (DBStoreBuilder.java:processTables(161)) - Using default column profile:DBProfile.DISK for Table:userTable
2019-06-13 19:15:57,049 INFO  db.DBStoreBuilder (DBStoreBuilder.java:addTable(110)) - using custom profile for table: volumeTable
2019-06-13 19:15:57,049 INFO  db.DBStoreBuilder (DBStoreBuilder.java:processTables(161)) - Using default column profile:DBProfile.DISK for Table:volumeTable
2019-06-13 19:15:57,051 INFO  db.DBStoreBuilder (DBStoreBuilder.java:addTable(110)) - using custom profile for table: bucketTable
2019-06-13 19:15:57,051 INFO  db.DBStoreBuilder (DBStoreBuilder.java:processTables(161)) - Using default column profile:DBProfile.DISK for Table:bucketTable
2019-06-13 19:15:57,052 INFO  db.DBStoreBuilder (DBStoreBuilder.java:addTable(110)) - using custom profile for table: keyTable
2019-06-13 19:15:57,052 INFO  db.DBStoreBuilder (DBStoreBuilder.java:processTables(161)) - Using default column profile:DBProfile.DISK for Table:keyTable
2019-06-13 19:15:57,052 INFO  db.DBStoreBuilder (DBStoreBuilder.java:addTable(110)) - using custom profile for table: deletedTable
2019-06-13 19:15:57,053 INFO  db.DBStoreBuilder (DBStoreBuilder.java:processTables(161)) - Using default column profile:DBProfile.DISK for Table:deletedTable
2019-06-13 19:15:57,053 INFO  db.DBStoreBuilder (DBStoreBuilder.java:addTable(110)) - using custom profile for table: openKeyTable
2019-06-13 19:15:57,053 INFO  db.DBStoreBuilder (DBStoreBuilder.java:processTables(161)) - Using default column profile:DBProfile.DISK for Table:openKeyTable
2019-06-13 19:15:57,054 INFO  db.DBStoreBuilder (DBStoreBuilder.java:addTable(110)) - using custom profile for table: s3Table
2019-06-13 19:15:57,054 INFO  db.DBStoreBuilder (DBStoreBuilder.java:processTables(161)) - Using default column profile:DBProfile.DISK for Table:s3Table
2019-06-13 19:15:57,054 INFO  db.DBStoreBuilder (DBStoreBuilder.java:addTable(110)) - using custom profile for table: multipartInfoTable
2019-06-13 19:15:57,054 INFO  db.DBStoreBuilder (DBStoreBuilder.java:processTables(161)) - Using default column profile:DBProfile.DISK for Table:multipartInfoTable
2019-06-13 19:15:57,058 INFO  db.DBStoreBuilder (DBStoreBuilder.java:addTable(110)) - using custom profile for table: dTokenTable
2019-06-13 19:15:57,058 INFO  db.DBStoreBuilder (DBStoreBuilder.java:processTables(161)) - Using default column profile:DBProfile.DISK for Table:dTokenTable
2019-06-13 19:15:57,059 INFO  db.DBStoreBuilder (DBStoreBuilder.java:addTable(110)) - using custom profile for table: s3SecretTable
2019-06-13 19:15:57,059 INFO  db.DBStoreBuilder (DBStoreBuilder.java:processTables(161)) - Using default column profile:DBProfile.DISK for Table:s3SecretTable
2019-06-13 19:15:57,064 INFO  db.DBStoreBuilder (DBStoreBuilder.java:addTable(110)) - using custom profile for table: prefixTable
2019-06-13 19:15:57,064 INFO  db.DBStoreBuilder (DBStoreBuilder.java:processTables(161)) - Using default column profile:DBProfile.DISK for Table:prefixTable
2019-06-13 19:15:57,065 INFO  db.DBStoreBuilder (DBStoreBuilder.java:addTable(110)) - using custom profile for table: default
2019-06-13 19:15:57,068 INFO  db.DBStoreBuilder (DBStoreBuilder.java:processTables(167)) - Using default column profile:DBProfile.DISK for Table:default
2019-06-13 19:15:57,069 INFO  db.DBStoreBuilder (DBStoreBuilder.java:getDbProfile(198)) - Using default options. DBProfile.DISK
2019-06-13 19:15:58,588 INFO  ipc.CallQueueManager (CallQueueManager.java:<init>(84)) - Using callQueue: class java.util.concurrent.LinkedBlockingQueue, queueCapacity: 2000, scheduler: class org.apache.hadoop.ipc.DefaultRpcScheduler, ipcBackoff: false.
2019-06-13 19:15:58,589 INFO  ipc.Server (Server.java:run(1074)) - Starting Socket Reader #1 for port 38063
2019-06-13 19:15:58,622 WARN  scm.ScmUtils (ScmUtils.java:getDBPath(63)) - ozone.om.db.dirs is not configured. We recommend adding this setting. Falling back to ozone.metadata.dirs instead.
2019-06-13 19:15:58,622 INFO  om.OzoneManager (OzoneManager.java:start(1217)) - OzoneManager RPC server is listening at localhost/127.0.0.1:38063
2019-06-13 19:15:58,623 INFO  impl.MetricsSystemImpl (MetricsSystemImpl.java:init(158)) - OzoneManager metrics system started (again)
2019-06-13 19:15:58,647 INFO  ipc.Server (Server.java:run(1314)) - IPC Server Responder: starting
2019-06-13 19:15:58,663 INFO  ipc.Server (Server.java:run(1153)) - IPC Server listener on 38063: starting
2019-06-13 19:15:58,692 INFO  hdfs.DFSUtil (DFSUtil.java:httpServerTemplateForNNAndJN(1641)) - Starting Web-server for ozoneManager at: http://0.0.0.0:0
2019-06-13 19:15:58,693 INFO  server.AuthenticationFilter (AuthenticationFilter.java:constructSecretProvider(240)) - Unable to initialize FileSignerSecretProvider, falling back to use random secrets.
2019-06-13 19:15:58,694 WARN  http.HttpRequestLog (HttpRequestLog.java:getRequestLog(97)) - Jetty request log can only be enabled using Log4j
2019-06-13 19:15:58,695 INFO  http.HttpServer2 (HttpServer2.java:addGlobalFilter(975)) - Added global filter 'safety' (class=org.apache.hadoop.http.HttpServer2$QuotingInputFilter)
2019-06-13 19:15:58,696 INFO  http.HttpServer2 (HttpServer2.java:addFilter(948)) - Added filter static_user_filter (class=org.apache.hadoop.http.lib.StaticUserWebFilter$StaticUserFilter) to context ozoneManager
2019-06-13 19:15:58,696 INFO  http.HttpServer2 (HttpServer2.java:addFilter(958)) - Added filter static_user_filter (class=org.apache.hadoop.http.lib.StaticUserWebFilter$StaticUserFilter) to context logs
2019-06-13 19:15:58,696 INFO  http.HttpServer2 (HttpServer2.java:addFilter(958)) - Added filter static_user_filter (class=org.apache.hadoop.http.lib.StaticUserWebFilter$StaticUserFilter) to context static
2019-06-13 19:15:58,698 INFO  http.HttpServer2 (HttpServer2.java:bindListener(1191)) - Jetty bound to port 36233
2019-06-13 19:15:58,699 INFO  server.Server (Server.java:doStart(351)) - jetty-9.3.24.v20180605, build timestamp: 2018-06-05T17:11:56Z, git hash: 84205aa28f11a4f31f2a3b86d1bba2cc8ab69827
2019-06-13 19:15:58,701 INFO  handler.ContextHandler (ContextHandler.java:doStart(781)) - Started o.e.j.s.ServletContextHandler@67207d8a{/logs,file:///opt/src/hadoop-ozone/integration-test/target/log,AVAILABLE}
2019-06-13 19:15:58,701 INFO  handler.ContextHandler (ContextHandler.java:doStart(781)) - Started o.e.j.s.ServletContextHandler@7c2a69b4{/static,file:///opt/src/hadoop-ozone/integration-test/target/test-classes/webapps/static,AVAILABLE}
2019-06-13 19:15:58,705 INFO  handler.ContextHandler (ContextHandler.java:doStart(781)) - Started o.e.j.w.WebAppContext@69ce2f62{/,file:///opt/src/hadoop-ozone/integration-test/target/test-classes/webapps/ozoneManager/,AVAILABLE}{/ozoneManager}
2019-06-13 19:15:58,706 INFO  server.AbstractConnector (AbstractConnector.java:doStart(278)) - Started ServerConnector@c9d82f9{HTTP/1.1,[http/1.1]}{0.0.0.0:36233}
2019-06-13 19:15:58,707 INFO  server.Server (Server.java:doStart(419)) - Started @5214ms
2019-06-13 19:15:58,738 INFO  server.BaseHttpServer (BaseHttpServer.java:updateConnectorAddress(207)) - HTTP server of OZONEMANAGER is listening at http://0.0.0.0:36233
2019-06-13 19:15:58,949 INFO  impl.MetricsSystemImpl (MetricsSystemImpl.java:init(158)) - HddsDatanode metrics system started (again)
2019-06-13 19:15:59,155 INFO  ozone.HddsDatanodeService (HddsDatanodeService.java:start(185)) - HddsDatanodeService host:ozone-ld922-666477418 ip:192.168.46.41
2019-06-13 19:15:59,232 INFO  volume.HddsVolume (HddsVolume.java:<init>(176)) - Creating Volume: /opt/src/hadoop-ozone/integration-test/target/test-dir/MiniOzoneClusterImpl-c6308b24-cae8-4b4f-b190-8028dba5c0ac/datanode-0/data/containers/hdds of  storage type : DISK and capacity : 104021790720
2019-06-13 19:15:59,234 INFO  volume.VolumeSet (VolumeSet.java:initializeVolumeSet(170)) - Added Volume : /opt/src/hadoop-ozone/integration-test/target/test-dir/MiniOzoneClusterImpl-c6308b24-cae8-4b4f-b190-8028dba5c0ac/datanode-0/data/containers/hdds to VolumeSet
2019-06-13 19:15:59,237 INFO  volume.ThrottledAsyncChecker (ThrottledAsyncChecker.java:schedule(140)) - Scheduling a check for org.apache.hadoop.ozone.container.common.volume.HddsVolume@6892cc6f
2019-06-13 19:15:59,273 INFO  volume.HddsVolumeChecker (HddsVolumeChecker.java:checkAllVolumes(203)) - Scheduled health check for volume org.apache.hadoop.ozone.container.common.volume.HddsVolume@6892cc6f
2019-06-13 19:15:59,360 INFO  ratis.XceiverServerRatis (XceiverServerRatis.java:newXceiverServerRatis(401)) - Found a free port for the server : 46103
2019-06-13 19:15:59,525 INFO  impl.RaftServerProxy (ConfUtils.java:logGet(43)) - raft.rpc.type = GRPC (default)
2019-06-13 19:15:59,542 INFO  grpc.GrpcConfigKeys$Server (ConfUtils.java:logGet(43)) - raft.grpc.server.port = 46103 (custom)
2019-06-13 19:15:59,543 INFO  server.GrpcService (ConfUtils.java:logGet(43)) - raft.grpc.message.size.max = 33570816 (custom)
2019-06-13 19:15:59,554 INFO  server.RaftServerConfigKeys (ConfUtils.java:logGet(43)) - raft.server.log.appender.buffer.byte-limit = 33554432 (custom)
2019-06-13 19:15:59,554 INFO  server.GrpcService (ConfUtils.java:logGet(43)) - raft.grpc.flow.control.window = 1MB (=1048576) (default)
2019-06-13 19:15:59,555 INFO  server.RaftServerConfigKeys (ConfUtils.java:logGet(43)) - raft.server.rpc.request.timeout = 3000ms (default)
2019-06-13 19:15:59,730 INFO  server.RaftServerConfigKeys (ConfUtils.java:logGet(43)) - raft.server.storage.dir = [/opt/src/hadoop-ozone/integration-test/target/test-dir/MiniOzoneClusterImpl-c6308b24-cae8-4b4f-b190-8028dba5c0ac/datanode-0/data/ratis] (custom)
2019-06-13 19:15:59,736 INFO  server.XceiverServerGrpc (XceiverServerGrpc.java:<init>(97)) - Found a free port for the server : 35267
2019-06-13 19:15:59,778 INFO  replication.SimpleContainerDownloader (SimpleContainerDownloader.java:<init>(72)) - Starting container downloader service to copy containers to replicate.
2019-06-13 19:15:59,791 INFO  hdfs.DFSUtil (DFSUtil.java:httpServerTemplateForNNAndJN(1641)) - Starting Web-server for hddsDatanode at: http://0.0.0.0:0
2019-06-13 19:15:59,793 INFO  server.AuthenticationFilter (AuthenticationFilter.java:constructSecretProvider(240)) - Unable to initialize FileSignerSecretProvider, falling back to use random secrets.
2019-06-13 19:15:59,794 WARN  http.HttpRequestLog (HttpRequestLog.java:getRequestLog(97)) - Jetty request log can only be enabled using Log4j
2019-06-13 19:15:59,796 INFO  http.HttpServer2 (HttpServer2.java:addGlobalFilter(975)) - Added global filter 'safety' (class=org.apache.hadoop.http.HttpServer2$QuotingInputFilter)
2019-06-13 19:15:59,797 INFO  http.HttpServer2 (HttpServer2.java:addFilter(948)) - Added filter static_user_filter (class=org.apache.hadoop.http.lib.StaticUserWebFilter$StaticUserFilter) to context hddsDatanode
2019-06-13 19:15:59,797 INFO  http.HttpServer2 (HttpServer2.java:addFilter(958)) - Added filter static_user_filter (class=org.apache.hadoop.http.lib.StaticUserWebFilter$StaticUserFilter) to context logs
2019-06-13 19:15:59,797 INFO  http.HttpServer2 (HttpServer2.java:addFilter(958)) - Added filter static_user_filter (class=org.apache.hadoop.http.lib.StaticUserWebFilter$StaticUserFilter) to context static
2019-06-13 19:15:59,798 INFO  http.HttpServer2 (HttpServer2.java:bindListener(1191)) - Jetty bound to port 45055
2019-06-13 19:15:59,798 INFO  server.Server (Server.java:doStart(351)) - jetty-9.3.24.v20180605, build timestamp: 2018-06-05T17:11:56Z, git hash: 84205aa28f11a4f31f2a3b86d1bba2cc8ab69827
2019-06-13 19:15:59,822 INFO  handler.ContextHandler (ContextHandler.java:doStart(781)) - Started o.e.j.s.ServletContextHandler@49206065{/logs,file:///opt/src/hadoop-ozone/integration-test/target/log,AVAILABLE}
2019-06-13 19:15:59,838 INFO  handler.ContextHandler (ContextHandler.java:doStart(781)) - Started o.e.j.s.ServletContextHandler@1317b708{/static,jar:file:/root/.m2/repository/org/apache/hadoop/hadoop-hdds-container-service/0.5.0-SNAPSHOT/hadoop-hdds-container-service-0.5.0-SNAPSHOT.jar!/webapps/static,AVAILABLE}
2019-06-13 19:15:59,891 INFO  handler.ContextHandler (ContextHandler.java:doStart(781)) - Started o.e.j.w.WebAppContext@2a2843ec{/,file:///tmp/jetty-0.0.0.0-45055-hddsDatanode-_-any-4073870109017408523.dir/webapp/,AVAILABLE}{/hddsDatanode}
2019-06-13 19:15:59,901 INFO  server.AbstractConnector (AbstractConnector.java:doStart(278)) - Started ServerConnector@2042ccce{HTTP/1.1,[http/1.1]}{0.0.0.0:45055}
2019-06-13 19:15:59,901 INFO  server.Server (Server.java:doStart(419)) - Started @6408ms
2019-06-13 19:15:59,902 INFO  server.BaseHttpServer (BaseHttpServer.java:updateConnectorAddress(207)) - HTTP server of HDDSDATANODE is listening at http://0.0.0.0:45055
2019-06-13 19:16:01,047 INFO  ozone.HddsDatanodeService (HddsDatanodeService.java:startPlugins(396)) - Started plug-in org.apache.hadoop.ozone.web.OzoneHddsDatanodeService@433d9680
2019-06-13 19:16:01,049 INFO  impl.MetricsSystemImpl (MetricsSystemImpl.java:init(158)) - HddsDatanode metrics system started (again)
2019-06-13 19:16:01,050 INFO  ozone.HddsDatanodeService (HddsDatanodeService.java:start(185)) - HddsDatanodeService host:ozone-ld922-666477418 ip:192.168.46.41
2019-06-13 19:16:01,084 INFO  util.JvmPauseMonitor (JvmPauseMonitor.java:run(188)) - Starting JVM pause monitor
2019-06-13 19:16:01,095 INFO  volume.HddsVolume (HddsVolume.java:<init>(176)) - Creating Volume: /opt/src/hadoop-ozone/integration-test/target/test-dir/MiniOzoneClusterImpl-c6308b24-cae8-4b4f-b190-8028dba5c0ac/datanode-1/data/containers/hdds of  storage type : DISK and capacity : 104021790720
2019-06-13 19:16:01,096 INFO  volume.VolumeSet (VolumeSet.java:initializeVolumeSet(170)) - Added Volume : /opt/src/hadoop-ozone/integration-test/target/test-dir/MiniOzoneClusterImpl-c6308b24-cae8-4b4f-b190-8028dba5c0ac/datanode-1/data/containers/hdds to VolumeSet
2019-06-13 19:16:01,096 INFO  volume.ThrottledAsyncChecker (ThrottledAsyncChecker.java:schedule(140)) - Scheduling a check for org.apache.hadoop.ozone.container.common.volume.HddsVolume@6002e944
2019-06-13 19:16:01,114 INFO  volume.HddsVolumeChecker (HddsVolumeChecker.java:checkAllVolumes(203)) - Scheduled health check for volume org.apache.hadoop.ozone.container.common.volume.HddsVolume@6002e944
2019-06-13 19:16:01,142 INFO  ratis.XceiverServerRatis (XceiverServerRatis.java:newXceiverServerRatis(401)) - Found a free port for the server : 46407
2019-06-13 19:16:01,143 INFO  impl.RaftServerProxy (ConfUtils.java:logGet(43)) - raft.rpc.type = GRPC (default)
2019-06-13 19:16:01,143 INFO  grpc.GrpcConfigKeys$Server (ConfUtils.java:logGet(43)) - raft.grpc.server.port = 46407 (custom)
2019-06-13 19:16:01,143 INFO  server.GrpcService (ConfUtils.java:logGet(43)) - raft.grpc.message.size.max = 33570816 (custom)
2019-06-13 19:16:01,144 INFO  server.RaftServerConfigKeys (ConfUtils.java:logGet(43)) - raft.server.log.appender.buffer.byte-limit = 33554432 (custom)
2019-06-13 19:16:01,144 INFO  server.GrpcService (ConfUtils.java:logGet(43)) - raft.grpc.flow.control.window = 1MB (=1048576) (default)
2019-06-13 19:16:01,144 INFO  server.RaftServerConfigKeys (ConfUtils.java:logGet(43)) - raft.server.rpc.request.timeout = 3000ms (default)
2019-06-13 19:16:01,145 INFO  server.RaftServerConfigKeys (ConfUtils.java:logGet(43)) - raft.server.storage.dir = [/opt/src/hadoop-ozone/integration-test/target/test-dir/MiniOzoneClusterImpl-c6308b24-cae8-4b4f-b190-8028dba5c0ac/datanode-1/data/ratis] (custom)
2019-06-13 19:16:01,146 INFO  server.XceiverServerGrpc (XceiverServerGrpc.java:<init>(97)) - Found a free port for the server : 38931
2019-06-13 19:16:01,146 INFO  replication.SimpleContainerDownloader (SimpleContainerDownloader.java:<init>(72)) - Starting container downloader service to copy containers to replicate.
2019-06-13 19:16:01,175 INFO  hdfs.DFSUtil (DFSUtil.java:httpServerTemplateForNNAndJN(1641)) - Starting Web-server for hddsDatanode at: http://0.0.0.0:0
2019-06-13 19:16:01,176 INFO  server.AuthenticationFilter (AuthenticationFilter.java:constructSecretProvider(240)) - Unable to initialize FileSignerSecretProvider, falling back to use random secrets.
2019-06-13 19:16:01,190 WARN  http.HttpRequestLog (HttpRequestLog.java:getRequestLog(97)) - Jetty request log can only be enabled using Log4j
2019-06-13 19:16:01,191 INFO  http.HttpServer2 (HttpServer2.java:addGlobalFilter(975)) - Added global filter 'safety' (class=org.apache.hadoop.http.HttpServer2$QuotingInputFilter)
2019-06-13 19:16:01,192 INFO  http.HttpServer2 (HttpServer2.java:addFilter(948)) - Added filter static_user_filter (class=org.apache.hadoop.http.lib.StaticUserWebFilter$StaticUserFilter) to context hddsDatanode
2019-06-13 19:16:01,192 INFO  http.HttpServer2 (HttpServer2.java:addFilter(958)) - Added filter static_user_filter (class=org.apache.hadoop.http.lib.StaticUserWebFilter$StaticUserFilter) to context static
2019-06-13 19:16:01,192 INFO  http.HttpServer2 (HttpServer2.java:addFilter(958)) - Added filter static_user_filter (class=org.apache.hadoop.http.lib.StaticUserWebFilter$StaticUserFilter) to context logs
2019-06-13 19:16:01,193 INFO  http.HttpServer2 (HttpServer2.java:bindListener(1191)) - Jetty bound to port 37375
2019-06-13 19:16:01,193 INFO  server.Server (Server.java:doStart(351)) - jetty-9.3.24.v20180605, build timestamp: 2018-06-05T17:11:56Z, git hash: 84205aa28f11a4f31f2a3b86d1bba2cc8ab69827
2019-06-13 19:16:01,248 INFO  datanode.InitDatanodeState (InitDatanodeState.java:persistContainerDatanodeDetails(140)) - DatanodeDetails is persisted to /opt/src/hadoop-ozone/integration-test/target/test-dir/MiniOzoneClusterImpl-c6308b24-cae8-4b4f-b190-8028dba5c0ac/datanode-0/meta/datanode.id
2019-06-13 19:16:01,263 INFO  handler.ContextHandler (ContextHandler.java:doStart(781)) - Started o.e.j.s.ServletContextHandler@637791d{/logs,file:///opt/src/hadoop-ozone/integration-test/target/log,AVAILABLE}
2019-06-13 19:16:01,264 INFO  handler.ContextHandler (ContextHandler.java:doStart(781)) - Started o.e.j.s.ServletContextHandler@60f77af{/static,jar:file:/root/.m2/repository/org/apache/hadoop/hadoop-hdds-container-service/0.5.0-SNAPSHOT/hadoop-hdds-container-service-0.5.0-SNAPSHOT.jar!/webapps/static,AVAILABLE}
2019-06-13 19:16:01,296 INFO  handler.ContextHandler (ContextHandler.java:doStart(781)) - Started o.e.j.w.WebAppContext@262a1fad{/,file:///tmp/jetty-0.0.0.0-37375-hddsDatanode-_-any-6503615767909779677.dir/webapp/,AVAILABLE}{/hddsDatanode}
2019-06-13 19:16:01,305 INFO  server.AbstractConnector (AbstractConnector.java:doStart(278)) - Started ServerConnector@3b0c5398{HTTP/1.1,[http/1.1]}{0.0.0.0:37375}
2019-06-13 19:16:01,306 INFO  server.Server (Server.java:doStart(419)) - Started @7813ms
2019-06-13 19:16:01,308 INFO  server.BaseHttpServer (BaseHttpServer.java:updateConnectorAddress(207)) - HTTP server of HDDSDATANODE is listening at http://0.0.0.0:37375
2019-06-13 19:16:01,533 INFO  ozone.HddsDatanodeService (HddsDatanodeService.java:startPlugins(396)) - Started plug-in org.apache.hadoop.ozone.web.OzoneHddsDatanodeService@195580ba
2019-06-13 19:16:01,534 INFO  impl.MetricsSystemImpl (MetricsSystemImpl.java:init(158)) - HddsDatanode metrics system started (again)
2019-06-13 19:16:01,534 INFO  ozone.HddsDatanodeService (HddsDatanodeService.java:start(185)) - HddsDatanodeService host:ozone-ld922-666477418 ip:192.168.46.41
2019-06-13 19:16:01,556 INFO  volume.HddsVolume (HddsVolume.java:<init>(176)) - Creating Volume: /opt/src/hadoop-ozone/integration-test/target/test-dir/MiniOzoneClusterImpl-c6308b24-cae8-4b4f-b190-8028dba5c0ac/datanode-2/data/containers/hdds of  storage type : DISK and capacity : 104021790720
2019-06-13 19:16:01,557 INFO  volume.VolumeSet (VolumeSet.java:initializeVolumeSet(170)) - Added Volume : /opt/src/hadoop-ozone/integration-test/target/test-dir/MiniOzoneClusterImpl-c6308b24-cae8-4b4f-b190-8028dba5c0ac/datanode-2/data/containers/hdds to VolumeSet
2019-06-13 19:16:01,557 INFO  volume.ThrottledAsyncChecker (ThrottledAsyncChecker.java:schedule(140)) - Scheduling a check for org.apache.hadoop.ozone.container.common.volume.HddsVolume@70716259
2019-06-13 19:16:01,563 INFO  volume.HddsVolumeChecker (HddsVolumeChecker.java:checkAllVolumes(203)) - Scheduled health check for volume org.apache.hadoop.ozone.container.common.volume.HddsVolume@70716259
2019-06-13 19:16:01,572 INFO  util.JvmPauseMonitor (JvmPauseMonitor.java:run(188)) - Starting JVM pause monitor
2019-06-13 19:16:01,596 INFO  ratis.XceiverServerRatis (XceiverServerRatis.java:newXceiverServerRatis(401)) - Found a free port for the server : 46379
2019-06-13 19:16:01,597 INFO  impl.RaftServerProxy (ConfUtils.java:logGet(43)) - raft.rpc.type = GRPC (default)
2019-06-13 19:16:01,598 INFO  grpc.GrpcConfigKeys$Server (ConfUtils.java:logGet(43)) - raft.grpc.server.port = 46379 (custom)
2019-06-13 19:16:01,598 INFO  server.GrpcService (ConfUtils.java:logGet(43)) - raft.grpc.message.size.max = 33570816 (custom)
2019-06-13 19:16:01,598 INFO  server.RaftServerConfigKeys (ConfUtils.java:logGet(43)) - raft.server.log.appender.buffer.byte-limit = 33554432 (custom)
2019-06-13 19:16:01,598 INFO  server.GrpcService (ConfUtils.java:logGet(43)) - raft.grpc.flow.control.window = 1MB (=1048576) (default)
2019-06-13 19:16:01,599 INFO  server.RaftServerConfigKeys (ConfUtils.java:logGet(43)) - raft.server.rpc.request.timeout = 3000ms (default)
2019-06-13 19:16:01,599 INFO  server.RaftServerConfigKeys (ConfUtils.java:logGet(43)) - raft.server.storage.dir = [/opt/src/hadoop-ozone/integration-test/target/test-dir/MiniOzoneClusterImpl-c6308b24-cae8-4b4f-b190-8028dba5c0ac/datanode-2/data/ratis] (custom)
2019-06-13 19:16:01,600 INFO  server.XceiverServerGrpc (XceiverServerGrpc.java:<init>(97)) - Found a free port for the server : 34169
2019-06-13 19:16:01,600 INFO  replication.SimpleContainerDownloader (SimpleContainerDownloader.java:<init>(72)) - Starting container downloader service to copy containers to replicate.
2019-06-13 19:16:01,621 INFO  datanode.InitDatanodeState (InitDatanodeState.java:persistContainerDatanodeDetails(140)) - DatanodeDetails is persisted to /opt/src/hadoop-ozone/integration-test/target/test-dir/MiniOzoneClusterImpl-c6308b24-cae8-4b4f-b190-8028dba5c0ac/datanode-1/meta/datanode.id
2019-06-13 19:16:01,622 INFO  hdfs.DFSUtil (DFSUtil.java:httpServerTemplateForNNAndJN(1641)) - Starting Web-server for hddsDatanode at: http://0.0.0.0:0
2019-06-13 19:16:01,624 INFO  server.AuthenticationFilter (AuthenticationFilter.java:constructSecretProvider(240)) - Unable to initialize FileSignerSecretProvider, falling back to use random secrets.
2019-06-13 19:16:01,625 WARN  http.HttpRequestLog (HttpRequestLog.java:getRequestLog(97)) - Jetty request log can only be enabled using Log4j
2019-06-13 19:16:01,627 INFO  http.HttpServer2 (HttpServer2.java:addGlobalFilter(975)) - Added global filter 'safety' (class=org.apache.hadoop.http.HttpServer2$QuotingInputFilter)
2019-06-13 19:16:01,628 INFO  http.HttpServer2 (HttpServer2.java:addFilter(948)) - Added filter static_user_filter (class=org.apache.hadoop.http.lib.StaticUserWebFilter$StaticUserFilter) to context hddsDatanode
2019-06-13 19:16:01,628 INFO  http.HttpServer2 (HttpServer2.java:addFilter(958)) - Added filter static_user_filter (class=org.apache.hadoop.http.lib.StaticUserWebFilter$StaticUserFilter) to context logs
2019-06-13 19:16:01,628 INFO  http.HttpServer2 (HttpServer2.java:addFilter(958)) - Added filter static_user_filter (class=org.apache.hadoop.http.lib.StaticUserWebFilter$StaticUserFilter) to context static
2019-06-13 19:16:01,629 INFO  http.HttpServer2 (HttpServer2.java:bindListener(1191)) - Jetty bound to port 37859
2019-06-13 19:16:01,629 INFO  server.Server (Server.java:doStart(351)) - jetty-9.3.24.v20180605, build timestamp: 2018-06-05T17:11:56Z, git hash: 84205aa28f11a4f31f2a3b86d1bba2cc8ab69827
2019-06-13 19:16:01,637 INFO  handler.ContextHandler (ContextHandler.java:doStart(781)) - Started o.e.j.s.ServletContextHandler@7df6d663{/logs,file:///opt/src/hadoop-ozone/integration-test/target/log,AVAILABLE}
2019-06-13 19:16:01,637 INFO  handler.ContextHandler (ContextHandler.java:doStart(781)) - Started o.e.j.s.ServletContextHandler@2c30c81d{/static,jar:file:/root/.m2/repository/org/apache/hadoop/hadoop-hdds-container-service/0.5.0-SNAPSHOT/hadoop-hdds-container-service-0.5.0-SNAPSHOT.jar!/webapps/static,AVAILABLE}
2019-06-13 19:16:01,665 INFO  handler.ContextHandler (ContextHandler.java:doStart(781)) - Started o.e.j.w.WebAppContext@45a1d057{/,file:///tmp/jetty-0.0.0.0-37859-hddsDatanode-_-any-6795688094226037743.dir/webapp/,AVAILABLE}{/hddsDatanode}
2019-06-13 19:16:01,666 INFO  server.AbstractConnector (AbstractConnector.java:doStart(278)) - Started ServerConnector@51a16adf{HTTP/1.1,[http/1.1]}{0.0.0.0:37859}
2019-06-13 19:16:01,666 INFO  server.Server (Server.java:doStart(419)) - Started @8174ms
2019-06-13 19:16:01,667 INFO  server.BaseHttpServer (BaseHttpServer.java:updateConnectorAddress(207)) - HTTP server of HDDSDATANODE is listening at http://0.0.0.0:37859
2019-06-13 19:16:01,897 INFO  ozone.HddsDatanodeService (HddsDatanodeService.java:startPlugins(396)) - Started plug-in org.apache.hadoop.ozone.web.OzoneHddsDatanodeService@790d8fdd
2019-06-13 19:16:01,899 INFO  impl.MetricsSystemImpl (MetricsSystemImpl.java:init(158)) - HddsDatanode metrics system started (again)
2019-06-13 19:16:01,900 INFO  ozone.HddsDatanodeService (HddsDatanodeService.java:start(185)) - HddsDatanodeService host:ozone-ld922-666477418 ip:192.168.46.41
2019-06-13 19:16:01,913 INFO  util.JvmPauseMonitor (JvmPauseMonitor.java:run(188)) - Starting JVM pause monitor
2019-06-13 19:16:01,929 INFO  volume.HddsVolume (HddsVolume.java:<init>(176)) - Creating Volume: /opt/src/hadoop-ozone/integration-test/target/test-dir/MiniOzoneClusterImpl-c6308b24-cae8-4b4f-b190-8028dba5c0ac/datanode-3/data/containers/hdds of  storage type : DISK and capacity : 104021790720
2019-06-13 19:16:01,930 INFO  volume.VolumeSet (VolumeSet.java:initializeVolumeSet(170)) - Added Volume : /opt/src/hadoop-ozone/integration-test/target/test-dir/MiniOzoneClusterImpl-c6308b24-cae8-4b4f-b190-8028dba5c0ac/datanode-3/data/containers/hdds to VolumeSet
2019-06-13 19:16:01,930 INFO  volume.ThrottledAsyncChecker (ThrottledAsyncChecker.java:schedule(140)) - Scheduling a check for org.apache.hadoop.ozone.container.common.volume.HddsVolume@70b6db83
2019-06-13 19:16:01,931 INFO  volume.HddsVolumeChecker (HddsVolumeChecker.java:checkAllVolumes(203)) - Scheduled health check for volume org.apache.hadoop.ozone.container.common.volume.HddsVolume@70b6db83
2019-06-13 19:16:01,932 INFO  datanode.InitDatanodeState (InitDatanodeState.java:persistContainerDatanodeDetails(140)) - DatanodeDetails is persisted to /opt/src/hadoop-ozone/integration-test/target/test-dir/MiniOzoneClusterImpl-c6308b24-cae8-4b4f-b190-8028dba5c0ac/datanode-2/meta/datanode.id
2019-06-13 19:16:01,962 INFO  ratis.XceiverServerRatis (XceiverServerRatis.java:newXceiverServerRatis(401)) - Found a free port for the server : 41667
2019-06-13 19:16:01,963 INFO  impl.RaftServerProxy (ConfUtils.java:logGet(43)) - raft.rpc.type = GRPC (default)
2019-06-13 19:16:01,963 INFO  grpc.GrpcConfigKeys$Server (ConfUtils.java:logGet(43)) - raft.grpc.server.port = 41667 (custom)
2019-06-13 19:16:01,963 INFO  server.GrpcService (ConfUtils.java:logGet(43)) - raft.grpc.message.size.max = 33570816 (custom)
2019-06-13 19:16:01,963 INFO  server.RaftServerConfigKeys (ConfUtils.java:logGet(43)) - raft.server.log.appender.buffer.byte-limit = 33554432 (custom)
2019-06-13 19:16:01,964 INFO  server.GrpcService (ConfUtils.java:logGet(43)) - raft.grpc.flow.control.window = 1MB (=1048576) (default)
2019-06-13 19:16:01,964 INFO  server.RaftServerConfigKeys (ConfUtils.java:logGet(43)) - raft.server.rpc.request.timeout = 3000ms (default)
2019-06-13 19:16:01,964 INFO  server.RaftServerConfigKeys (ConfUtils.java:logGet(43)) - raft.server.storage.dir = [/opt/src/hadoop-ozone/integration-test/target/test-dir/MiniOzoneClusterImpl-c6308b24-cae8-4b4f-b190-8028dba5c0ac/datanode-3/data/ratis] (custom)
2019-06-13 19:16:01,965 INFO  server.XceiverServerGrpc (XceiverServerGrpc.java:<init>(97)) - Found a free port for the server : 37903
2019-06-13 19:16:01,965 INFO  replication.SimpleContainerDownloader (SimpleContainerDownloader.java:<init>(72)) - Starting container downloader service to copy containers to replicate.
2019-06-13 19:16:01,968 INFO  hdfs.DFSUtil (DFSUtil.java:httpServerTemplateForNNAndJN(1641)) - Starting Web-server for hddsDatanode at: http://0.0.0.0:0
2019-06-13 19:16:01,971 INFO  server.AuthenticationFilter (AuthenticationFilter.java:constructSecretProvider(240)) - Unable to initialize FileSignerSecretProvider, falling back to use random secrets.
2019-06-13 19:16:01,972 WARN  http.HttpRequestLog (HttpRequestLog.java:getRequestLog(97)) - Jetty request log can only be enabled using Log4j
2019-06-13 19:16:01,973 INFO  http.HttpServer2 (HttpServer2.java:addGlobalFilter(975)) - Added global filter 'safety' (class=org.apache.hadoop.http.HttpServer2$QuotingInputFilter)
2019-06-13 19:16:01,974 INFO  http.HttpServer2 (HttpServer2.java:addFilter(948)) - Added filter static_user_filter (class=org.apache.hadoop.http.lib.StaticUserWebFilter$StaticUserFilter) to context hddsDatanode
2019-06-13 19:16:01,974 INFO  http.HttpServer2 (HttpServer2.java:addFilter(958)) - Added filter static_user_filter (class=org.apache.hadoop.http.lib.StaticUserWebFilter$StaticUserFilter) to context logs
2019-06-13 19:16:01,974 INFO  http.HttpServer2 (HttpServer2.java:addFilter(958)) - Added filter static_user_filter (class=org.apache.hadoop.http.lib.StaticUserWebFilter$StaticUserFilter) to context static
2019-06-13 19:16:01,975 INFO  http.HttpServer2 (HttpServer2.java:bindListener(1191)) - Jetty bound to port 43629
2019-06-13 19:16:01,975 INFO  server.Server (Server.java:doStart(351)) - jetty-9.3.24.v20180605, build timestamp: 2018-06-05T17:11:56Z, git hash: 84205aa28f11a4f31f2a3b86d1bba2cc8ab69827
2019-06-13 19:16:02,022 INFO  handler.ContextHandler (ContextHandler.java:doStart(781)) - Started o.e.j.s.ServletContextHandler@7e52a26b{/logs,file:///opt/src/hadoop-ozone/integration-test/target/log,AVAILABLE}
2019-06-13 19:16:02,026 INFO  handler.ContextHandler (ContextHandler.java:doStart(781)) - Started o.e.j.s.ServletContextHandler@3f857e08{/static,jar:file:/root/.m2/repository/org/apache/hadoop/hadoop-hdds-container-service/0.5.0-SNAPSHOT/hadoop-hdds-container-service-0.5.0-SNAPSHOT.jar!/webapps/static,AVAILABLE}
2019-06-13 19:16:02,074 INFO  handler.ContextHandler (ContextHandler.java:doStart(781)) - Started o.e.j.w.WebAppContext@517704{/,file:///tmp/jetty-0.0.0.0-43629-hddsDatanode-_-any-1880089350095288232.dir/webapp/,AVAILABLE}{/hddsDatanode}
2019-06-13 19:16:02,077 INFO  server.AbstractConnector (AbstractConnector.java:doStart(278)) - Started ServerConnector@6d3ca8f1{HTTP/1.1,[http/1.1]}{0.0.0.0:43629}
2019-06-13 19:16:02,077 INFO  server.Server (Server.java:doStart(419)) - Started @8584ms
2019-06-13 19:16:02,086 INFO  server.BaseHttpServer (BaseHttpServer.java:updateConnectorAddress(207)) - HTTP server of HDDSDATANODE is listening at http://0.0.0.0:43629
2019-06-13 19:16:02,334 INFO  ozone.HddsDatanodeService (HddsDatanodeService.java:startPlugins(396)) - Started plug-in org.apache.hadoop.ozone.web.OzoneHddsDatanodeService@61394494
2019-06-13 19:16:02,337 INFO  impl.MetricsSystemImpl (MetricsSystemImpl.java:init(158)) - HddsDatanode metrics system started (again)
2019-06-13 19:16:02,338 INFO  ozone.HddsDatanodeService (HddsDatanodeService.java:start(185)) - HddsDatanodeService host:ozone-ld922-666477418 ip:192.168.46.41
2019-06-13 19:16:02,395 INFO  util.JvmPauseMonitor (JvmPauseMonitor.java:run(188)) - Starting JVM pause monitor
2019-06-13 19:16:02,418 INFO  datanode.InitDatanodeState (InitDatanodeState.java:persistContainerDatanodeDetails(140)) - DatanodeDetails is persisted to /opt/src/hadoop-ozone/integration-test/target/test-dir/MiniOzoneClusterImpl-c6308b24-cae8-4b4f-b190-8028dba5c0ac/datanode-3/meta/datanode.id
2019-06-13 19:16:02,431 INFO  volume.HddsVolume (HddsVolume.java:<init>(176)) - Creating Volume: /opt/src/hadoop-ozone/integration-test/target/test-dir/MiniOzoneClusterImpl-c6308b24-cae8-4b4f-b190-8028dba5c0ac/datanode-4/data/containers/hdds of  storage type : DISK and capacity : 104021790720
2019-06-13 19:16:02,431 INFO  volume.VolumeSet (VolumeSet.java:initializeVolumeSet(170)) - Added Volume : /opt/src/hadoop-ozone/integration-test/target/test-dir/MiniOzoneClusterImpl-c6308b24-cae8-4b4f-b190-8028dba5c0ac/datanode-4/data/containers/hdds to VolumeSet
2019-06-13 19:16:02,431 INFO  volume.ThrottledAsyncChecker (ThrottledAsyncChecker.java:schedule(140)) - Scheduling a check for org.apache.hadoop.ozone.container.common.volume.HddsVolume@6de43bc1
2019-06-13 19:16:02,437 INFO  volume.HddsVolumeChecker (HddsVolumeChecker.java:checkAllVolumes(203)) - Scheduled health check for volume org.apache.hadoop.ozone.container.common.volume.HddsVolume@6de43bc1
2019-06-13 19:16:02,457 INFO  ratis.XceiverServerRatis (XceiverServerRatis.java:newXceiverServerRatis(401)) - Found a free port for the server : 38505
2019-06-13 19:16:02,459 INFO  impl.RaftServerProxy (ConfUtils.java:logGet(43)) - raft.rpc.type = GRPC (default)
2019-06-13 19:16:02,459 INFO  grpc.GrpcConfigKeys$Server (ConfUtils.java:logGet(43)) - raft.grpc.server.port = 38505 (custom)
2019-06-13 19:16:02,460 INFO  server.GrpcService (ConfUtils.java:logGet(43)) - raft.grpc.message.size.max = 33570816 (custom)
2019-06-13 19:16:02,460 INFO  server.RaftServerConfigKeys (ConfUtils.java:logGet(43)) - raft.server.log.appender.buffer.byte-limit = 33554432 (custom)
2019-06-13 19:16:02,460 INFO  server.GrpcService (ConfUtils.java:logGet(43)) - raft.grpc.flow.control.window = 1MB (=1048576) (default)
2019-06-13 19:16:02,460 INFO  server.RaftServerConfigKeys (ConfUtils.java:logGet(43)) - raft.server.rpc.request.timeout = 3000ms (default)
2019-06-13 19:16:02,461 INFO  server.RaftServerConfigKeys (ConfUtils.java:logGet(43)) - raft.server.storage.dir = [/opt/src/hadoop-ozone/integration-test/target/test-dir/MiniOzoneClusterImpl-c6308b24-cae8-4b4f-b190-8028dba5c0ac/datanode-4/data/ratis] (custom)
2019-06-13 19:16:02,461 INFO  server.XceiverServerGrpc (XceiverServerGrpc.java:<init>(97)) - Found a free port for the server : 42075
2019-06-13 19:16:02,461 INFO  replication.SimpleContainerDownloader (SimpleContainerDownloader.java:<init>(72)) - Starting container downloader service to copy containers to replicate.
2019-06-13 19:16:02,462 INFO  hdfs.DFSUtil (DFSUtil.java:httpServerTemplateForNNAndJN(1641)) - Starting Web-server for hddsDatanode at: http://0.0.0.0:0
2019-06-13 19:16:02,473 INFO  server.AuthenticationFilter (AuthenticationFilter.java:constructSecretProvider(240)) - Unable to initialize FileSignerSecretProvider, falling back to use random secrets.
2019-06-13 19:16:02,474 WARN  http.HttpRequestLog (HttpRequestLog.java:getRequestLog(97)) - Jetty request log can only be enabled using Log4j
2019-06-13 19:16:02,476 INFO  http.HttpServer2 (HttpServer2.java:addGlobalFilter(975)) - Added global filter 'safety' (class=org.apache.hadoop.http.HttpServer2$QuotingInputFilter)
2019-06-13 19:16:02,477 INFO  http.HttpServer2 (HttpServer2.java:addFilter(948)) - Added filter static_user_filter (class=org.apache.hadoop.http.lib.StaticUserWebFilter$StaticUserFilter) to context hddsDatanode
2019-06-13 19:16:02,477 INFO  http.HttpServer2 (HttpServer2.java:addFilter(958)) - Added filter static_user_filter (class=org.apache.hadoop.http.lib.StaticUserWebFilter$StaticUserFilter) to context logs
2019-06-13 19:16:02,477 INFO  http.HttpServer2 (HttpServer2.java:addFilter(958)) - Added filter static_user_filter (class=org.apache.hadoop.http.lib.StaticUserWebFilter$StaticUserFilter) to context static
2019-06-13 19:16:02,477 INFO  http.HttpServer2 (HttpServer2.java:bindListener(1191)) - Jetty bound to port 40775
2019-06-13 19:16:02,478 INFO  server.Server (Server.java:doStart(351)) - jetty-9.3.24.v20180605, build timestamp: 2018-06-05T17:11:56Z, git hash: 84205aa28f11a4f31f2a3b86d1bba2cc8ab69827
2019-06-13 19:16:02,488 INFO  handler.ContextHandler (ContextHandler.java:doStart(781)) - Started o.e.j.s.ServletContextHandler@33d28f0a{/logs,file:///opt/src/hadoop-ozone/integration-test/target/log,AVAILABLE}
2019-06-13 19:16:02,489 INFO  handler.ContextHandler (ContextHandler.java:doStart(781)) - Started o.e.j.s.ServletContextHandler@51e7589f{/static,jar:file:/root/.m2/repository/org/apache/hadoop/hadoop-hdds-container-service/0.5.0-SNAPSHOT/hadoop-hdds-container-service-0.5.0-SNAPSHOT.jar!/webapps/static,AVAILABLE}
2019-06-13 19:16:02,525 INFO  handler.ContextHandler (ContextHandler.java:doStart(781)) - Started o.e.j.w.WebAppContext@681061d6{/,file:///tmp/jetty-0.0.0.0-40775-hddsDatanode-_-any-5623184304122850163.dir/webapp/,AVAILABLE}{/hddsDatanode}
2019-06-13 19:16:02,526 INFO  server.AbstractConnector (AbstractConnector.java:doStart(278)) - Started ServerConnector@53d6e959{HTTP/1.1,[http/1.1]}{0.0.0.0:40775}
2019-06-13 19:16:02,526 INFO  server.Server (Server.java:doStart(419)) - Started @9033ms
2019-06-13 19:16:02,528 INFO  server.BaseHttpServer (BaseHttpServer.java:updateConnectorAddress(207)) - HTTP server of HDDSDATANODE is listening at http://0.0.0.0:40775
2019-06-13 19:16:02,710 INFO  ozone.HddsDatanodeService (HddsDatanodeService.java:startPlugins(396)) - Started plug-in org.apache.hadoop.ozone.web.OzoneHddsDatanodeService@34f7b44f
2019-06-13 19:16:02,711 INFO  impl.MetricsSystemImpl (MetricsSystemImpl.java:init(158)) - HddsDatanode metrics system started (again)
2019-06-13 19:16:02,716 INFO  ozone.HddsDatanodeService (HddsDatanodeService.java:start(185)) - HddsDatanodeService host:ozone-ld922-666477418 ip:192.168.46.41
2019-06-13 19:16:02,797 INFO  datanode.InitDatanodeState (InitDatanodeState.java:persistContainerDatanodeDetails(140)) - DatanodeDetails is persisted to /opt/src/hadoop-ozone/integration-test/target/test-dir/MiniOzoneClusterImpl-c6308b24-cae8-4b4f-b190-8028dba5c0ac/datanode-4/meta/datanode.id
2019-06-13 19:16:02,794 INFO  util.JvmPauseMonitor (JvmPauseMonitor.java:run(188)) - Starting JVM pause monitor
2019-06-13 19:16:02,804 INFO  volume.HddsVolume (HddsVolume.java:<init>(176)) - Creating Volume: /opt/src/hadoop-ozone/integration-test/target/test-dir/MiniOzoneClusterImpl-c6308b24-cae8-4b4f-b190-8028dba5c0ac/datanode-5/data/containers/hdds of  storage type : DISK and capacity : 104021790720
2019-06-13 19:16:02,805 INFO  volume.VolumeSet (VolumeSet.java:initializeVolumeSet(170)) - Added Volume : /opt/src/hadoop-ozone/integration-test/target/test-dir/MiniOzoneClusterImpl-c6308b24-cae8-4b4f-b190-8028dba5c0ac/datanode-5/data/containers/hdds to VolumeSet
2019-06-13 19:16:02,805 INFO  volume.ThrottledAsyncChecker (ThrottledAsyncChecker.java:schedule(140)) - Scheduling a check for org.apache.hadoop.ozone.container.common.volume.HddsVolume@7911cc15
2019-06-13 19:16:02,806 INFO  volume.HddsVolumeChecker (HddsVolumeChecker.java:checkAllVolumes(203)) - Scheduled health check for volume org.apache.hadoop.ozone.container.common.volume.HddsVolume@7911cc15
2019-06-13 19:16:02,840 INFO  ratis.XceiverServerRatis (XceiverServerRatis.java:newXceiverServerRatis(401)) - Found a free port for the server : 38333
2019-06-13 19:16:02,847 INFO  impl.RaftServerProxy (ConfUtils.java:logGet(43)) - raft.rpc.type = GRPC (default)
2019-06-13 19:16:02,848 INFO  grpc.GrpcConfigKeys$Server (ConfUtils.java:logGet(43)) - raft.grpc.server.port = 38333 (custom)
2019-06-13 19:16:02,848 INFO  server.GrpcService (ConfUtils.java:logGet(43)) - raft.grpc.message.size.max = 33570816 (custom)
2019-06-13 19:16:02,848 INFO  server.RaftServerConfigKeys (ConfUtils.java:logGet(43)) - raft.server.log.appender.buffer.byte-limit = 33554432 (custom)
2019-06-13 19:16:02,848 INFO  server.GrpcService (ConfUtils.java:logGet(43)) - raft.grpc.flow.control.window = 1MB (=1048576) (default)
2019-06-13 19:16:02,849 INFO  server.RaftServerConfigKeys (ConfUtils.java:logGet(43)) - raft.server.rpc.request.timeout = 3000ms (default)
2019-06-13 19:16:02,849 INFO  server.RaftServerConfigKeys (ConfUtils.java:logGet(43)) - raft.server.storage.dir = [/opt/src/hadoop-ozone/integration-test/target/test-dir/MiniOzoneClusterImpl-c6308b24-cae8-4b4f-b190-8028dba5c0ac/datanode-5/data/ratis] (custom)
2019-06-13 19:16:02,850 INFO  server.XceiverServerGrpc (XceiverServerGrpc.java:<init>(97)) - Found a free port for the server : 45643
2019-06-13 19:16:02,850 INFO  replication.SimpleContainerDownloader (SimpleContainerDownloader.java:<init>(72)) - Starting container downloader service to copy containers to replicate.
2019-06-13 19:16:02,852 INFO  hdfs.DFSUtil (DFSUtil.java:httpServerTemplateForNNAndJN(1641)) - Starting Web-server for hddsDatanode at: http://0.0.0.0:0
2019-06-13 19:16:02,853 INFO  server.AuthenticationFilter (AuthenticationFilter.java:constructSecretProvider(240)) - Unable to initialize FileSignerSecretProvider, falling back to use random secrets.
2019-06-13 19:16:02,854 WARN  http.HttpRequestLog (HttpRequestLog.java:getRequestLog(97)) - Jetty request log can only be enabled using Log4j
2019-06-13 19:16:02,856 INFO  http.HttpServer2 (HttpServer2.java:addGlobalFilter(975)) - Added global filter 'safety' (class=org.apache.hadoop.http.HttpServer2$QuotingInputFilter)
2019-06-13 19:16:02,859 INFO  http.HttpServer2 (HttpServer2.java:addFilter(948)) - Added filter static_user_filter (class=org.apache.hadoop.http.lib.StaticUserWebFilter$StaticUserFilter) to context hddsDatanode
2019-06-13 19:16:02,860 INFO  http.HttpServer2 (HttpServer2.java:addFilter(958)) - Added filter static_user_filter (class=org.apache.hadoop.http.lib.StaticUserWebFilter$StaticUserFilter) to context logs
2019-06-13 19:16:02,860 INFO  http.HttpServer2 (HttpServer2.java:addFilter(958)) - Added filter static_user_filter (class=org.apache.hadoop.http.lib.StaticUserWebFilter$StaticUserFilter) to context static
2019-06-13 19:16:02,861 INFO  http.HttpServer2 (HttpServer2.java:bindListener(1191)) - Jetty bound to port 46243
2019-06-13 19:16:02,861 INFO  server.Server (Server.java:doStart(351)) - jetty-9.3.24.v20180605, build timestamp: 2018-06-05T17:11:56Z, git hash: 84205aa28f11a4f31f2a3b86d1bba2cc8ab69827
2019-06-13 19:16:02,946 INFO  handler.ContextHandler (ContextHandler.java:doStart(781)) - Started o.e.j.s.ServletContextHandler@1b7554d4{/logs,file:///opt/src/hadoop-ozone/integration-test/target/log,AVAILABLE}
2019-06-13 19:16:02,958 INFO  handler.ContextHandler (ContextHandler.java:doStart(781)) - Started o.e.j.s.ServletContextHandler@1ea930eb{/static,jar:file:/root/.m2/repository/org/apache/hadoop/hadoop-hdds-container-service/0.5.0-SNAPSHOT/hadoop-hdds-container-service-0.5.0-SNAPSHOT.jar!/webapps/static,AVAILABLE}
2019-06-13 19:16:03,016 INFO  handler.ContextHandler (ContextHandler.java:doStart(781)) - Started o.e.j.w.WebAppContext@2f4d32bf{/,file:///tmp/jetty-0.0.0.0-46243-hddsDatanode-_-any-7243679750983232025.dir/webapp/,AVAILABLE}{/hddsDatanode}
2019-06-13 19:16:03,016 INFO  server.AbstractConnector (AbstractConnector.java:doStart(278)) - Started ServerConnector@774d8276{HTTP/1.1,[http/1.1]}{0.0.0.0:46243}
2019-06-13 19:16:03,019 INFO  server.Server (Server.java:doStart(419)) - Started @9526ms
2019-06-13 19:16:03,026 INFO  server.BaseHttpServer (BaseHttpServer.java:updateConnectorAddress(207)) - HTTP server of HDDSDATANODE is listening at http://0.0.0.0:46243
2019-06-13 19:16:03,123 INFO  ozoneimpl.OzoneContainer (OzoneContainer.java:start(186)) - Attempting to start container services.
2019-06-13 19:16:03,124 INFO  ozoneimpl.OzoneContainer (OzoneContainer.java:startContainerScrub(160)) - Background container scrubber has been disabled by hdds.containerscrub.enabled
2019-06-13 19:16:03,124 INFO  ratis.XceiverServerRatis (XceiverServerRatis.java:start(418)) - Starting XceiverServerRatis 2e5ecb75-8702-4a10-883a-e0f9d13cfc8d at port 46103
2019-06-13 19:16:03,249 INFO  ozone.HddsDatanodeService (HddsDatanodeService.java:startPlugins(396)) - Started plug-in org.apache.hadoop.ozone.web.OzoneHddsDatanodeService@4861cca9
2019-06-13 19:16:03,252 INFO  ozone.MiniOzoneClusterImpl (MiniOzoneClusterImpl.java:lambda$waitForClusterToBeReady$0(142)) - Waiting for cluster to be ready. Got 0 of 6 DN Heartbeats.
2019-06-13 19:16:03,282 INFO  util.JvmPauseMonitor (JvmPauseMonitor.java:run(188)) - Starting JVM pause monitor
2019-06-13 19:16:03,285 INFO  datanode.InitDatanodeState (InitDatanodeState.java:persistContainerDatanodeDetails(140)) - DatanodeDetails is persisted to /opt/src/hadoop-ozone/integration-test/target/test-dir/MiniOzoneClusterImpl-c6308b24-cae8-4b4f-b190-8028dba5c0ac/datanode-5/meta/datanode.id
2019-06-13 19:16:03,281 INFO  impl.RaftServerProxy (RaftServerProxy.java:lambda$start$3(299)) - 2e5ecb75-8702-4a10-883a-e0f9d13cfc8d: start RPC server
2019-06-13 19:16:03,466 INFO  server.GrpcService (GrpcService.java:startImpl(148)) - 2e5ecb75-8702-4a10-883a-e0f9d13cfc8d: GrpcService started, listening on 0.0.0.0/0.0.0.0:46103
2019-06-13 19:16:03,581 INFO  ozoneimpl.OzoneContainer (OzoneContainer.java:start(186)) - Attempting to start container services.
2019-06-13 19:16:03,583 INFO  ozoneimpl.OzoneContainer (OzoneContainer.java:startContainerScrub(160)) - Background container scrubber has been disabled by hdds.containerscrub.enabled
2019-06-13 19:16:03,583 INFO  ratis.XceiverServerRatis (XceiverServerRatis.java:start(418)) - Starting XceiverServerRatis a8257c7b-2854-4851-a8bc-342abbecafbd at port 46407
2019-06-13 19:16:03,636 INFO  impl.RaftServerProxy (RaftServerProxy.java:lambda$start$3(299)) - a8257c7b-2854-4851-a8bc-342abbecafbd: start RPC server
2019-06-13 19:16:03,650 INFO  server.GrpcService (GrpcService.java:startImpl(148)) - a8257c7b-2854-4851-a8bc-342abbecafbd: GrpcService started, listening on 0.0.0.0/0.0.0.0:46407
2019-06-13 19:16:03,921 INFO  ozoneimpl.OzoneContainer (OzoneContainer.java:start(186)) - Attempting to start container services.
2019-06-13 19:16:03,923 INFO  ozoneimpl.OzoneContainer (OzoneContainer.java:startContainerScrub(160)) - Background container scrubber has been disabled by hdds.containerscrub.enabled
2019-06-13 19:16:03,923 INFO  ratis.XceiverServerRatis (XceiverServerRatis.java:start(418)) - Starting XceiverServerRatis a142001f-0d64-4eb9-a6c6-6525a8930bfe at port 46379
2019-06-13 19:16:03,943 INFO  impl.RaftServerProxy (RaftServerProxy.java:lambda$start$3(299)) - a142001f-0d64-4eb9-a6c6-6525a8930bfe: start RPC server
2019-06-13 19:16:03,946 INFO  server.GrpcService (GrpcService.java:startImpl(148)) - a142001f-0d64-4eb9-a6c6-6525a8930bfe: GrpcService started, listening on 0.0.0.0/0.0.0.0:46379
2019-06-13 19:16:04,253 INFO  ozone.MiniOzoneClusterImpl (MiniOzoneClusterImpl.java:lambda$waitForClusterToBeReady$0(142)) - Waiting for cluster to be ready. Got 0 of 6 DN Heartbeats.
2019-06-13 19:16:04,397 INFO  ozoneimpl.OzoneContainer (OzoneContainer.java:start(186)) - Attempting to start container services.
2019-06-13 19:16:04,401 INFO  ozoneimpl.OzoneContainer (OzoneContainer.java:startContainerScrub(160)) - Background container scrubber has been disabled by hdds.containerscrub.enabled
2019-06-13 19:16:04,402 INFO  ratis.XceiverServerRatis (XceiverServerRatis.java:start(418)) - Starting XceiverServerRatis 774b27b9-8fea-44aa-b1d3-58e3d790a3d9 at port 41667
2019-06-13 19:16:04,474 INFO  impl.RaftServerProxy (RaftServerProxy.java:lambda$start$3(299)) - 774b27b9-8fea-44aa-b1d3-58e3d790a3d9: start RPC server
2019-06-13 19:16:04,478 INFO  server.GrpcService (GrpcService.java:startImpl(148)) - 774b27b9-8fea-44aa-b1d3-58e3d790a3d9: GrpcService started, listening on 0.0.0.0/0.0.0.0:41667
2019-06-13 19:16:04,792 INFO  ozoneimpl.OzoneContainer (OzoneContainer.java:start(186)) - Attempting to start container services.
2019-06-13 19:16:04,793 INFO  ozoneimpl.OzoneContainer (OzoneContainer.java:startContainerScrub(160)) - Background container scrubber has been disabled by hdds.containerscrub.enabled
2019-06-13 19:16:04,795 INFO  ratis.XceiverServerRatis (XceiverServerRatis.java:start(418)) - Starting XceiverServerRatis af0f96bc-94fa-4af2-950b-b72080e838cb at port 38505
2019-06-13 19:16:04,819 INFO  impl.RaftServerProxy (RaftServerProxy.java:lambda$start$3(299)) - af0f96bc-94fa-4af2-950b-b72080e838cb: start RPC server
2019-06-13 19:16:04,823 INFO  server.GrpcService (GrpcService.java:startImpl(148)) - af0f96bc-94fa-4af2-950b-b72080e838cb: GrpcService started, listening on 0.0.0.0/0.0.0.0:38505
2019-06-13 19:16:05,111 INFO  node.SCMNodeManager (SCMNodeManager.java:register(234)) - Registered Data node : 2e5ecb75-8702-4a10-883a-e0f9d13cfc8d{ip: 192.168.46.41, host: ozone-ld922-666477418, networkLocation: /default-rack, certSerialId: null}
2019-06-13 19:16:05,114 INFO  safemode.SCMSafeModeManager (DataNodeSafeModeRule.java:process(71)) - SCM in safe mode. 1 DataNodes registered, 1 required.
2019-06-13 19:16:05,114 INFO  safemode.SCMSafeModeManager (SCMSafeModeManager.java:validateSafeModeExitRules(177)) - ScmSafeModeManager, all rules are successfully validated
2019-06-13 19:16:05,114 INFO  safemode.SCMSafeModeManager (SCMSafeModeManager.java:exitSafeMode(193)) - SCM exiting safe mode.
2019-06-13 19:16:05,253 INFO  ozone.MiniOzoneClusterImpl (MiniOzoneClusterImpl.java:lambda$waitForClusterToBeReady$0(142)) - Waiting for cluster to be ready. Got 1 of 6 DN Heartbeats.
2019-06-13 19:16:05,288 INFO  ozoneimpl.OzoneContainer (OzoneContainer.java:start(186)) - Attempting to start container services.
2019-06-13 19:16:05,288 INFO  ozoneimpl.OzoneContainer (OzoneContainer.java:startContainerScrub(160)) - Background container scrubber has been disabled by hdds.containerscrub.enabled
2019-06-13 19:16:05,288 INFO  ratis.XceiverServerRatis (XceiverServerRatis.java:start(418)) - Starting XceiverServerRatis d8b0f7af-f0bb-4662-aa62-251746c3f1ca at port 38333
2019-06-13 19:16:05,317 INFO  impl.RaftServerProxy (RaftServerProxy.java:lambda$start$3(299)) - d8b0f7af-f0bb-4662-aa62-251746c3f1ca: start RPC server
2019-06-13 19:16:05,335 INFO  server.GrpcService (GrpcService.java:startImpl(148)) - d8b0f7af-f0bb-4662-aa62-251746c3f1ca: GrpcService started, listening on 0.0.0.0/0.0.0.0:38333
2019-06-13 19:16:05,595 INFO  node.SCMNodeManager (SCMNodeManager.java:register(234)) - Registered Data node : a8257c7b-2854-4851-a8bc-342abbecafbd{ip: 192.168.46.41, host: ozone-ld922-666477418, networkLocation: /default-rack, certSerialId: null}
2019-06-13 19:16:05,850 INFO  impl.RaftServerProxy (RaftServerProxy.java:addNew(89)) - 2e5ecb75-8702-4a10-883a-e0f9d13cfc8d: addNew group-F6781C7F00EA:[2e5ecb75-8702-4a10-883a-e0f9d13cfc8d:192.168.46.41:46103] returns group-F6781C7F00EA:java.util.concurrent.CompletableFuture@43ccb3e3[Not completed]
2019-06-13 19:16:05,883 INFO  impl.RaftServerImpl (RaftServerImpl.java:<init>(91)) - 2e5ecb75-8702-4a10-883a-e0f9d13cfc8d: new RaftServerImpl for group-F6781C7F00EA:[2e5ecb75-8702-4a10-883a-e0f9d13cfc8d:192.168.46.41:46103] with ContainerStateMachine:uninitialized
2019-06-13 19:16:05,884 INFO  server.RaftServerConfigKeys (ConfUtils.java:logGet(43)) - raft.server.rpc.timeout.min = 1s (custom)
2019-06-13 19:16:05,885 INFO  server.RaftServerConfigKeys (ConfUtils.java:logGet(43)) - raft.server.rpc.timeout.max = 1200ms (custom)
2019-06-13 19:16:05,886 INFO  server.RaftServerConfigKeys (ConfUtils.java:logGet(43)) - raft.server.rpcslowness.timeout = 10s (custom)
2019-06-13 19:16:05,892 INFO  server.RaftServerConfigKeys (ConfUtils.java:logGet(43)) - raft.server.log.appender.install.snapshot.enabled = true (default)
2019-06-13 19:16:05,898 INFO  impl.RaftServerImpl (ServerState.java:<init>(101)) - 2e5ecb75-8702-4a10-883a-e0f9d13cfc8d:group-F6781C7F00EA ConfigurationManager, init=-1: [2e5ecb75-8702-4a10-883a-e0f9d13cfc8d:192.168.46.41:46103], old=null, confs=<EMPTY_MAP>
2019-06-13 19:16:05,899 INFO  server.RaftServerConfigKeys (ConfUtils.java:logGet(43)) - raft.server.storage.dir = [/opt/src/hadoop-ozone/integration-test/target/test-dir/MiniOzoneClusterImpl-c6308b24-cae8-4b4f-b190-8028dba5c0ac/datanode-0/data/ratis] (custom)
2019-06-13 19:16:05,907 INFO  storage.RaftStorageDirectory (RaftStorageDirectory.java:analyzeStorage(246)) - The storage directory /opt/src/hadoop-ozone/integration-test/target/test-dir/MiniOzoneClusterImpl-c6308b24-cae8-4b4f-b190-8028dba5c0ac/datanode-0/data/ratis/22ad9ef8-56d2-44d9-af57-f6781c7f00ea does not exist. Creating ...
2019-06-13 19:16:06,069 INFO  storage.RaftStorageDirectory (RaftStorageDirectory.java:tryLock(328)) - Lock on /opt/src/hadoop-ozone/integration-test/target/test-dir/MiniOzoneClusterImpl-c6308b24-cae8-4b4f-b190-8028dba5c0ac/datanode-0/data/ratis/22ad9ef8-56d2-44d9-af57-f6781c7f00ea/in_use.lock acquired by nodename 10020@ozone-ld922-666477418
2019-06-13 19:16:06,074 INFO  node.SCMNodeManager (SCMNodeManager.java:register(234)) - Registered Data node : a142001f-0d64-4eb9-a6c6-6525a8930bfe{ip: 192.168.46.41, host: ozone-ld922-666477418, networkLocation: /default-rack, certSerialId: null}
2019-06-13 19:16:06,075 INFO  storage.RaftStorage (RaftStorage.java:format(75)) - Storage directory /opt/src/hadoop-ozone/integration-test/target/test-dir/MiniOzoneClusterImpl-c6308b24-cae8-4b4f-b190-8028dba5c0ac/datanode-0/data/ratis/22ad9ef8-56d2-44d9-af57-f6781c7f00ea has been successfully formatted.
2019-06-13 19:16:06,077 INFO  ratis.ContainerStateMachine (ContainerStateMachine.java:loadSnapshot(199)) - The snapshot info is null.Setting the last applied index to:(t:0, i:~)
2019-06-13 19:16:06,078 INFO  server.RaftServerConfigKeys (ConfUtils.java:logGet(43)) - raft.server.leader.election.timeout = 10s (custom)
2019-06-13 19:16:06,079 INFO  server.RaftServerConfigKeys (ConfUtils.java:logGet(43)) - raft.server.log.use.memory = false (default)
2019-06-13 19:16:06,082 INFO  server.RaftServerConfigKeys (ConfUtils.java:logGet(43)) - raft.server.log.appender.buffer.byte-limit = 33554432 (custom)
2019-06-13 19:16:06,085 INFO  server.RaftServerConfigKeys (ConfUtils.java:logGet(43)) - raft.server.log.segment.size.max = 16384 (custom)
2019-06-13 19:16:06,091 INFO  server.RaftServerConfigKeys (ConfUtils.java:logGet(43)) - raft.server.log.segment.cache.num.max = 2 (custom)
2019-06-13 19:16:06,096 INFO  storage.RaftLogWorker (RaftLogWorker.java:<init>(123)) - new 2e5ecb75-8702-4a10-883a-e0f9d13cfc8d-RaftLogWorker for Storage Directory /opt/src/hadoop-ozone/integration-test/target/test-dir/MiniOzoneClusterImpl-c6308b24-cae8-4b4f-b190-8028dba5c0ac/datanode-0/data/ratis/22ad9ef8-56d2-44d9-af57-f6781c7f00ea
2019-06-13 19:16:06,097 INFO  server.RaftServerConfigKeys (ConfUtils.java:logGet(43)) - raft.server.log.queue.byte-limit = 2147483647 (custom)
2019-06-13 19:16:06,097 INFO  server.RaftServerConfigKeys (ConfUtils.java:logGet(43)) - raft.server.log.queue.element-limit = 1024 (custom)
2019-06-13 19:16:06,099 INFO  server.RaftServerConfigKeys (ConfUtils.java:logGet(43)) - raft.server.log.segment.size.max = 16384 (custom)
2019-06-13 19:16:06,100 INFO  server.RaftServerConfigKeys (ConfUtils.java:logGet(43)) - raft.server.log.preallocated.size = 16384 (custom)
2019-06-13 19:16:06,100 INFO  server.RaftServerConfigKeys (ConfUtils.java:logGet(43)) - raft.server.log.write.buffer.size = 33554432 (custom)
2019-06-13 19:16:06,101 INFO  server.RaftServerConfigKeys (ConfUtils.java:logGet(43)) - raft.server.log.force.sync.num = 128 (default)
2019-06-13 19:16:06,102 INFO  server.RaftServerConfigKeys (ConfUtils.java:logGet(43)) - raft.server.log.statemachine.data.sync = true (default)
2019-06-13 19:16:06,102 INFO  server.RaftServerConfigKeys (ConfUtils.java:logGet(43)) - raft.server.log.statemachine.data.sync.timeout = 10s (default)
2019-06-13 19:16:06,103 INFO  server.RaftServerConfigKeys (ConfUtils.java:logGet(43)) - raft.server.log.statemachine.data.sync.timeout.retry = -1 (default)
2019-06-13 19:16:06,105 INFO  server.RaftServerConfigKeys (ConfUtils.java:logGet(43)) - raft.server.log.statemachine.data.caching.enabled = true (custom)
2019-06-13 19:16:06,113 INFO  server.RaftServerConfigKeys (ConfUtils.java:logGet(43)) - raft.server.snapshot.auto.trigger.enabled = true (custom)
2019-06-13 19:16:06,114 INFO  server.RaftServerConfigKeys (ConfUtils.java:logGet(43)) - raft.server.snapshot.auto.trigger.threshold = 10000 (custom)
2019-06-13 19:16:06,115 INFO  server.RaftServerConfigKeys (ConfUtils.java:logGet(43)) - raft.server.retrycache.expirytime = 600000ms (custom)
2019-06-13 19:16:06,137 INFO  impl.RaftServerImpl (RaftServerImpl.java:start(173)) - 2e5ecb75-8702-4a10-883a-e0f9d13cfc8d: start group-F6781C7F00EA
2019-06-13 19:16:06,138 INFO  impl.RaftServerImpl (RaftServerImpl.java:setRole(164)) - 2e5ecb75-8702-4a10-883a-e0f9d13cfc8d:group-F6781C7F00EA changes role from null to FOLLOWER at term 0 for startAsFollower
2019-06-13 19:16:06,140 INFO  impl.RoleInfo (RoleInfo.java:updateAndGet(143)) - 2e5ecb75-8702-4a10-883a-e0f9d13cfc8d: start FollowerState
2019-06-13 19:16:06,142 INFO  util.JmxRegister (JmxRegister.java:tryRegister(44)) - Successfully registered JMX Bean with object name Ratis:service=RaftServer,group=group-F6781C7F00EA,id=2e5ecb75-8702-4a10-883a-e0f9d13cfc8d
2019-06-13 19:16:06,212 INFO  pipeline.PipelineStateManager (PipelineStateManager.java:addPipeline(56)) - Created pipeline Pipeline[ Id: 22ad9ef8-56d2-44d9-af57-f6781c7f00ea, Nodes: 2e5ecb75-8702-4a10-883a-e0f9d13cfc8d{ip: 192.168.46.41, host: ozone-ld922-666477418, networkLocation: /default-rack, certSerialId: null}, Type:RATIS, Factor:ONE, State:OPEN]
2019-06-13 19:16:06,253 INFO  impl.RaftServerProxy (RaftServerProxy.java:addNew(89)) - a8257c7b-2854-4851-a8bc-342abbecafbd: addNew group-BAC77F0F07B2:[a8257c7b-2854-4851-a8bc-342abbecafbd:192.168.46.41:46407] returns group-BAC77F0F07B2:java.util.concurrent.CompletableFuture@5ed24cb1[Not completed]
2019-06-13 19:16:06,254 INFO  ozone.MiniOzoneClusterImpl (MiniOzoneClusterImpl.java:lambda$waitForClusterToBeReady$0(142)) - Waiting for cluster to be ready. Got 3 of 6 DN Heartbeats.
2019-06-13 19:16:06,255 INFO  impl.RaftServerImpl (RaftServerImpl.java:<init>(91)) - a8257c7b-2854-4851-a8bc-342abbecafbd: new RaftServerImpl for group-BAC77F0F07B2:[a8257c7b-2854-4851-a8bc-342abbecafbd:192.168.46.41:46407] with ContainerStateMachine:uninitialized
2019-06-13 19:16:06,256 INFO  server.RaftServerConfigKeys (ConfUtils.java:logGet(43)) - raft.server.rpc.timeout.min = 1s (custom)
2019-06-13 19:16:06,257 INFO  server.RaftServerConfigKeys (ConfUtils.java:logGet(43)) - raft.server.rpc.timeout.max = 1200ms (custom)
2019-06-13 19:16:06,257 INFO  server.RaftServerConfigKeys (ConfUtils.java:logGet(43)) - raft.server.rpcslowness.timeout = 10s (custom)
2019-06-13 19:16:06,257 INFO  server.RaftServerConfigKeys (ConfUtils.java:logGet(43)) - raft.server.log.appender.install.snapshot.enabled = true (default)
2019-06-13 19:16:06,257 INFO  impl.RaftServerImpl (ServerState.java:<init>(101)) - a8257c7b-2854-4851-a8bc-342abbecafbd:group-BAC77F0F07B2 ConfigurationManager, init=-1: [a8257c7b-2854-4851-a8bc-342abbecafbd:192.168.46.41:46407], old=null, confs=<EMPTY_MAP>
2019-06-13 19:16:06,257 INFO  server.RaftServerConfigKeys (ConfUtils.java:logGet(43)) - raft.server.storage.dir = [/opt/src/hadoop-ozone/integration-test/target/test-dir/MiniOzoneClusterImpl-c6308b24-cae8-4b4f-b190-8028dba5c0ac/datanode-1/data/ratis] (custom)
2019-06-13 19:16:06,258 INFO  storage.RaftStorageDirectory (RaftStorageDirectory.java:analyzeStorage(246)) - The storage directory /opt/src/hadoop-ozone/integration-test/target/test-dir/MiniOzoneClusterImpl-c6308b24-cae8-4b4f-b190-8028dba5c0ac/datanode-1/data/ratis/851262f3-2868-4435-a558-bac77f0f07b2 does not exist. Creating ...
2019-06-13 19:16:06,264 INFO  storage.RaftStorageDirectory (RaftStorageDirectory.java:tryLock(328)) - Lock on /opt/src/hadoop-ozone/integration-test/target/test-dir/MiniOzoneClusterImpl-c6308b24-cae8-4b4f-b190-8028dba5c0ac/datanode-1/data/ratis/851262f3-2868-4435-a558-bac77f0f07b2/in_use.lock acquired by nodename 10020@ozone-ld922-666477418
2019-06-13 19:16:06,266 INFO  storage.RaftStorage (RaftStorage.java:format(75)) - Storage directory /opt/src/hadoop-ozone/integration-test/target/test-dir/MiniOzoneClusterImpl-c6308b24-cae8-4b4f-b190-8028dba5c0ac/datanode-1/data/ratis/851262f3-2868-4435-a558-bac77f0f07b2 has been successfully formatted.
2019-06-13 19:16:06,267 INFO  ratis.ContainerStateMachine (ContainerStateMachine.java:loadSnapshot(199)) - The snapshot info is null.Setting the last applied index to:(t:0, i:~)
2019-06-13 19:16:06,268 INFO  server.RaftServerConfigKeys (ConfUtils.java:logGet(43)) - raft.server.leader.election.timeout = 10s (custom)
2019-06-13 19:16:06,269 INFO  server.RaftServerConfigKeys (ConfUtils.java:logGet(43)) - raft.server.log.use.memory = false (default)
2019-06-13 19:16:06,269 INFO  server.RaftServerConfigKeys (ConfUtils.java:logGet(43)) - raft.server.log.appender.buffer.byte-limit = 33554432 (custom)
2019-06-13 19:16:06,269 INFO  server.RaftServerConfigKeys (ConfUtils.java:logGet(43)) - raft.server.log.segment.size.max = 16384 (custom)
2019-06-13 19:16:06,272 INFO  server.RaftServerConfigKeys (ConfUtils.java:logGet(43)) - raft.server.log.segment.cache.num.max = 2 (custom)
2019-06-13 19:16:06,272 INFO  storage.RaftLogWorker (RaftLogWorker.java:<init>(123)) - new a8257c7b-2854-4851-a8bc-342abbecafbd-RaftLogWorker for Storage Directory /opt/src/hadoop-ozone/integration-test/target/test-dir/MiniOzoneClusterImpl-c6308b24-cae8-4b4f-b190-8028dba5c0ac/datanode-1/data/ratis/851262f3-2868-4435-a558-bac77f0f07b2
2019-06-13 19:16:06,273 INFO  server.RaftServerConfigKeys (ConfUtils.java:logGet(43)) - raft.server.log.queue.byte-limit = 2147483647 (custom)
2019-06-13 19:16:06,281 INFO  server.RaftServerConfigKeys (ConfUtils.java:logGet(43)) - raft.server.log.queue.element-limit = 1024 (custom)
2019-06-13 19:16:06,281 INFO  server.RaftServerConfigKeys (ConfUtils.java:logGet(43)) - raft.server.log.segment.size.max = 16384 (custom)
2019-06-13 19:16:06,282 INFO  server.RaftServerConfigKeys (ConfUtils.java:logGet(43)) - raft.server.log.preallocated.size = 16384 (custom)
2019-06-13 19:16:06,282 INFO  server.RaftServerConfigKeys (ConfUtils.java:logGet(43)) - raft.server.log.write.buffer.size = 33554432 (custom)
2019-06-13 19:16:06,282 INFO  server.RaftServerConfigKeys (ConfUtils.java:logGet(43)) - raft.server.log.force.sync.num = 128 (default)
2019-06-13 19:16:06,282 INFO  server.RaftServerConfigKeys (ConfUtils.java:logGet(43)) - raft.server.log.statemachine.data.sync = true (default)
2019-06-13 19:16:06,282 INFO  server.RaftServerConfigKeys (ConfUtils.java:logGet(43)) - raft.server.log.statemachine.data.sync.timeout = 10s (default)
2019-06-13 19:16:06,286 INFO  server.RaftServerConfigKeys (ConfUtils.java:logGet(43)) - raft.server.log.statemachine.data.sync.timeout.retry = -1 (default)
2019-06-13 19:16:06,286 INFO  server.RaftServerConfigKeys (ConfUtils.java:logGet(43)) - raft.server.log.statemachine.data.caching.enabled = true (custom)
2019-06-13 19:16:06,289 INFO  server.RaftServerConfigKeys (ConfUtils.java:logGet(43)) - raft.server.snapshot.auto.trigger.enabled = true (custom)
2019-06-13 19:16:06,290 INFO  server.RaftServerConfigKeys (ConfUtils.java:logGet(43)) - raft.server.snapshot.auto.trigger.threshold = 10000 (custom)
2019-06-13 19:16:06,290 INFO  server.RaftServerConfigKeys (ConfUtils.java:logGet(43)) - raft.server.retrycache.expirytime = 600000ms (custom)
2019-06-13 19:16:06,290 INFO  impl.RaftServerImpl (RaftServerImpl.java:start(173)) - a8257c7b-2854-4851-a8bc-342abbecafbd: start group-BAC77F0F07B2
2019-06-13 19:16:06,290 INFO  impl.RaftServerImpl (RaftServerImpl.java:setRole(164)) - a8257c7b-2854-4851-a8bc-342abbecafbd:group-BAC77F0F07B2 changes role from null to FOLLOWER at term 0 for startAsFollower
2019-06-13 19:16:06,291 INFO  impl.RoleInfo (RoleInfo.java:updateAndGet(143)) - a8257c7b-2854-4851-a8bc-342abbecafbd: start FollowerState
2019-06-13 19:16:06,295 INFO  util.JmxRegister (JmxRegister.java:tryRegister(44)) - Successfully registered JMX Bean with object name Ratis:service=RaftServer,group=group-BAC77F0F07B2,id=a8257c7b-2854-4851-a8bc-342abbecafbd
2019-06-13 19:16:06,303 INFO  pipeline.PipelineStateManager (PipelineStateManager.java:addPipeline(56)) - Created pipeline Pipeline[ Id: 851262f3-2868-4435-a558-bac77f0f07b2, Nodes: a8257c7b-2854-4851-a8bc-342abbecafbd{ip: 192.168.46.41, host: ozone-ld922-666477418, networkLocation: /default-rack, certSerialId: null}, Type:RATIS, Factor:ONE, State:OPEN]
2019-06-13 19:16:06,326 INFO  impl.RaftServerProxy (RaftServerProxy.java:addNew(89)) - a142001f-0d64-4eb9-a6c6-6525a8930bfe: addNew group-FAAF2364B1CB:[a142001f-0d64-4eb9-a6c6-6525a8930bfe:192.168.46.41:46379] returns group-FAAF2364B1CB:java.util.concurrent.CompletableFuture@2105f05a[Not completed]
2019-06-13 19:16:06,361 INFO  impl.RaftServerImpl (RaftServerImpl.java:<init>(91)) - a142001f-0d64-4eb9-a6c6-6525a8930bfe: new RaftServerImpl for group-FAAF2364B1CB:[a142001f-0d64-4eb9-a6c6-6525a8930bfe:192.168.46.41:46379] with ContainerStateMachine:uninitialized
2019-06-13 19:16:06,362 INFO  server.RaftServerConfigKeys (ConfUtils.java:logGet(43)) - raft.server.rpc.timeout.min = 1s (custom)
2019-06-13 19:16:06,362 INFO  server.RaftServerConfigKeys (ConfUtils.java:logGet(43)) - raft.server.rpc.timeout.max = 1200ms (custom)
2019-06-13 19:16:06,362 INFO  server.RaftServerConfigKeys (ConfUtils.java:logGet(43)) - raft.server.rpcslowness.timeout = 10s (custom)
2019-06-13 19:16:06,362 INFO  server.RaftServerConfigKeys (ConfUtils.java:logGet(43)) - raft.server.log.appender.install.snapshot.enabled = true (default)
2019-06-13 19:16:06,362 INFO  impl.RaftServerImpl (ServerState.java:<init>(101)) - a142001f-0d64-4eb9-a6c6-6525a8930bfe:group-FAAF2364B1CB ConfigurationManager, init=-1: [a142001f-0d64-4eb9-a6c6-6525a8930bfe:192.168.46.41:46379], old=null, confs=<EMPTY_MAP>
2019-06-13 19:16:06,362 INFO  server.RaftServerConfigKeys (ConfUtils.java:logGet(43)) - raft.server.storage.dir = [/opt/src/hadoop-ozone/integration-test/target/test-dir/MiniOzoneClusterImpl-c6308b24-cae8-4b4f-b190-8028dba5c0ac/datanode-2/data/ratis] (custom)
2019-06-13 19:16:06,363 INFO  storage.RaftStorageDirectory (RaftStorageDirectory.java:analyzeStorage(246)) - The storage directory /opt/src/hadoop-ozone/integration-test/target/test-dir/MiniOzoneClusterImpl-c6308b24-cae8-4b4f-b190-8028dba5c0ac/datanode-2/data/ratis/36625ec1-7c2e-423b-8699-faaf2364b1cb does not exist. Creating ...
2019-06-13 19:16:06,365 INFO  storage.RaftStorageDirectory (RaftStorageDirectory.java:tryLock(328)) - Lock on /opt/src/hadoop-ozone/integration-test/target/test-dir/MiniOzoneClusterImpl-c6308b24-cae8-4b4f-b190-8028dba5c0ac/datanode-2/data/ratis/36625ec1-7c2e-423b-8699-faaf2364b1cb/in_use.lock acquired by nodename 10020@ozone-ld922-666477418
2019-06-13 19:16:06,367 INFO  storage.RaftStorage (RaftStorage.java:format(75)) - Storage directory /opt/src/hadoop-ozone/integration-test/target/test-dir/MiniOzoneClusterImpl-c6308b24-cae8-4b4f-b190-8028dba5c0ac/datanode-2/data/ratis/36625ec1-7c2e-423b-8699-faaf2364b1cb has been successfully formatted.
2019-06-13 19:16:06,368 INFO  ratis.ContainerStateMachine (ContainerStateMachine.java:loadSnapshot(199)) - The snapshot info is null.Setting the last applied index to:(t:0, i:~)
2019-06-13 19:16:06,369 INFO  server.RaftServerConfigKeys (ConfUtils.java:logGet(43)) - raft.server.leader.election.timeout = 10s (custom)
2019-06-13 19:16:06,369 INFO  server.RaftServerConfigKeys (ConfUtils.java:logGet(43)) - raft.server.log.use.memory = false (default)
2019-06-13 19:16:06,369 INFO  server.RaftServerConfigKeys (ConfUtils.java:logGet(43)) - raft.server.log.appender.buffer.byte-limit = 33554432 (custom)
2019-06-13 19:16:06,370 INFO  server.RaftServerConfigKeys (ConfUtils.java:logGet(43)) - raft.server.log.segment.size.max = 16384 (custom)
2019-06-13 19:16:06,370 INFO  server.RaftServerConfigKeys (ConfUtils.java:logGet(43)) - raft.server.log.segment.cache.num.max = 2 (custom)
2019-06-13 19:16:06,370 INFO  storage.RaftLogWorker (RaftLogWorker.java:<init>(123)) - new a142001f-0d64-4eb9-a6c6-6525a8930bfe-RaftLogWorker for Storage Directory /opt/src/hadoop-ozone/integration-test/target/test-dir/MiniOzoneClusterImpl-c6308b24-cae8-4b4f-b190-8028dba5c0ac/datanode-2/data/ratis/36625ec1-7c2e-423b-8699-faaf2364b1cb
2019-06-13 19:16:06,370 INFO  server.RaftServerConfigKeys (ConfUtils.java:logGet(43)) - raft.server.log.queue.byte-limit = 2147483647 (custom)
2019-06-13 19:16:06,370 INFO  server.RaftServerConfigKeys (ConfUtils.java:logGet(43)) - raft.server.log.queue.element-limit = 1024 (custom)
2019-06-13 19:16:06,370 INFO  server.RaftServerConfigKeys (ConfUtils.java:logGet(43)) - raft.server.log.segment.size.max = 16384 (custom)
2019-06-13 19:16:06,370 INFO  server.RaftServerConfigKeys (ConfUtils.java:logGet(43)) - raft.server.log.preallocated.size = 16384 (custom)
2019-06-13 19:16:06,370 INFO  server.RaftServerConfigKeys (ConfUtils.java:logGet(43)) - raft.server.log.write.buffer.size = 33554432 (custom)
2019-06-13 19:16:06,370 INFO  server.RaftServerConfigKeys (ConfUtils.java:logGet(43)) - raft.server.log.force.sync.num = 128 (default)
2019-06-13 19:16:06,370 INFO  server.RaftServerConfigKeys (ConfUtils.java:logGet(43)) - raft.server.log.statemachine.data.sync = true (default)
2019-06-13 19:16:06,371 INFO  server.RaftServerConfigKeys (ConfUtils.java:logGet(43)) - raft.server.log.statemachine.data.sync.timeout = 10s (default)
2019-06-13 19:16:06,371 INFO  server.RaftServerConfigKeys (ConfUtils.java:logGet(43)) - raft.server.log.statemachine.data.sync.timeout.retry = -1 (default)
2019-06-13 19:16:06,371 INFO  server.RaftServerConfigKeys (ConfUtils.java:logGet(43)) - raft.server.log.statemachine.data.caching.enabled = true (custom)
2019-06-13 19:16:06,373 INFO  server.RaftServerConfigKeys (ConfUtils.java:logGet(43)) - raft.server.snapshot.auto.trigger.enabled = true (custom)
2019-06-13 19:16:06,374 INFO  server.RaftServerConfigKeys (ConfUtils.java:logGet(43)) - raft.server.snapshot.auto.trigger.threshold = 10000 (custom)
2019-06-13 19:16:06,374 INFO  server.RaftServerConfigKeys (ConfUtils.java:logGet(43)) - raft.server.retrycache.expirytime = 600000ms (custom)
2019-06-13 19:16:06,374 INFO  impl.RaftServerImpl (RaftServerImpl.java:start(173)) - a142001f-0d64-4eb9-a6c6-6525a8930bfe: start group-FAAF2364B1CB
2019-06-13 19:16:06,374 INFO  impl.RaftServerImpl (RaftServerImpl.java:setRole(164)) - a142001f-0d64-4eb9-a6c6-6525a8930bfe:group-FAAF2364B1CB changes role from null to FOLLOWER at term 0 for startAsFollower
2019-06-13 19:16:06,374 INFO  impl.RoleInfo (RoleInfo.java:updateAndGet(143)) - a142001f-0d64-4eb9-a6c6-6525a8930bfe: start FollowerState
2019-06-13 19:16:06,378 INFO  util.JmxRegister (JmxRegister.java:tryRegister(44)) - Successfully registered JMX Bean with object name Ratis:service=RaftServer,group=group-FAAF2364B1CB,id=a142001f-0d64-4eb9-a6c6-6525a8930bfe
2019-06-13 19:16:06,388 INFO  pipeline.PipelineStateManager (PipelineStateManager.java:addPipeline(56)) - Created pipeline Pipeline[ Id: 36625ec1-7c2e-423b-8699-faaf2364b1cb, Nodes: a142001f-0d64-4eb9-a6c6-6525a8930bfe{ip: 192.168.46.41, host: ozone-ld922-666477418, networkLocation: /default-rack, certSerialId: null}, Type:RATIS, Factor:ONE, State:OPEN]
2019-06-13 19:16:06,414 INFO  node.SCMNodeManager (SCMNodeManager.java:register(234)) - Registered Data node : 774b27b9-8fea-44aa-b1d3-58e3d790a3d9{ip: 192.168.46.41, host: ozone-ld922-666477418, networkLocation: /default-rack, certSerialId: null}
2019-06-13 19:16:06,483 INFO  impl.RaftServerProxy (RaftServerProxy.java:addNew(89)) - a8257c7b-2854-4851-a8bc-342abbecafbd: addNew group-23727C586680:[a142001f-0d64-4eb9-a6c6-6525a8930bfe:192.168.46.41:46379, 2e5ecb75-8702-4a10-883a-e0f9d13cfc8d:192.168.46.41:46103, a8257c7b-2854-4851-a8bc-342abbecafbd:192.168.46.41:46407] returns group-23727C586680:java.util.concurrent.CompletableFuture@388088ba[Not completed]
2019-06-13 19:16:06,486 INFO  impl.RaftServerProxy (RaftServerProxy.java:addNew(89)) - a142001f-0d64-4eb9-a6c6-6525a8930bfe: addNew group-23727C586680:[a142001f-0d64-4eb9-a6c6-6525a8930bfe:192.168.46.41:46379, 2e5ecb75-8702-4a10-883a-e0f9d13cfc8d:192.168.46.41:46103, a8257c7b-2854-4851-a8bc-342abbecafbd:192.168.46.41:46407] returns group-23727C586680:java.util.concurrent.CompletableFuture@3cbf1b72[Not completed]
2019-06-13 19:16:06,490 INFO  impl.RaftServerProxy (RaftServerProxy.java:addNew(89)) - 2e5ecb75-8702-4a10-883a-e0f9d13cfc8d: addNew group-23727C586680:[a142001f-0d64-4eb9-a6c6-6525a8930bfe:192.168.46.41:46379, 2e5ecb75-8702-4a10-883a-e0f9d13cfc8d:192.168.46.41:46103, a8257c7b-2854-4851-a8bc-342abbecafbd:192.168.46.41:46407] returns group-23727C586680:java.util.concurrent.CompletableFuture@1a667dba[Not completed]
2019-06-13 19:16:06,490 INFO  impl.RaftServerImpl (RaftServerImpl.java:<init>(91)) - a8257c7b-2854-4851-a8bc-342abbecafbd: new RaftServerImpl for group-23727C586680:[a142001f-0d64-4eb9-a6c6-6525a8930bfe:192.168.46.41:46379, 2e5ecb75-8702-4a10-883a-e0f9d13cfc8d:192.168.46.41:46103, a8257c7b-2854-4851-a8bc-342abbecafbd:192.168.46.41:46407] with ContainerStateMachine:uninitialized
2019-06-13 19:16:06,490 INFO  server.RaftServerConfigKeys (ConfUtils.java:logGet(43)) - raft.server.rpc.timeout.min = 1s (custom)
2019-06-13 19:16:06,490 INFO  server.RaftServerConfigKeys (ConfUtils.java:logGet(43)) - raft.server.rpc.timeout.max = 1200ms (custom)
2019-06-13 19:16:06,490 INFO  server.RaftServerConfigKeys (ConfUtils.java:logGet(43)) - raft.server.rpcslowness.timeout = 10s (custom)
2019-06-13 19:16:06,490 INFO  server.RaftServerConfigKeys (ConfUtils.java:logGet(43)) - raft.server.log.appender.install.snapshot.enabled = true (default)
2019-06-13 19:16:06,491 INFO  impl.RaftServerImpl (ServerState.java:<init>(101)) - a8257c7b-2854-4851-a8bc-342abbecafbd:group-23727C586680 ConfigurationManager, init=-1: [a142001f-0d64-4eb9-a6c6-6525a8930bfe:192.168.46.41:46379, 2e5ecb75-8702-4a10-883a-e0f9d13cfc8d:192.168.46.41:46103, a8257c7b-2854-4851-a8bc-342abbecafbd:192.168.46.41:46407], old=null, confs=<EMPTY_MAP>
2019-06-13 19:16:06,491 INFO  impl.RaftServerImpl (RaftServerImpl.java:<init>(91)) - a142001f-0d64-4eb9-a6c6-6525a8930bfe: new RaftServerImpl for group-23727C586680:[a142001f-0d64-4eb9-a6c6-6525a8930bfe:192.168.46.41:46379, 2e5ecb75-8702-4a10-883a-e0f9d13cfc8d:192.168.46.41:46103, a8257c7b-2854-4851-a8bc-342abbecafbd:192.168.46.41:46407] with ContainerStateMachine:uninitialized
2019-06-13 19:16:06,491 INFO  server.RaftServerConfigKeys (ConfUtils.java:logGet(43)) - raft.server.storage.dir = [/opt/src/hadoop-ozone/integration-test/target/test-dir/MiniOzoneClusterImpl-c6308b24-cae8-4b4f-b190-8028dba5c0ac/datanode-1/data/ratis] (custom)
2019-06-13 19:16:06,491 INFO  server.RaftServerConfigKeys (ConfUtils.java:logGet(43)) - raft.server.rpc.timeout.min = 1s (custom)
2019-06-13 19:16:06,491 INFO  server.RaftServerConfigKeys (ConfUtils.java:logGet(43)) - raft.server.rpc.timeout.max = 1200ms (custom)
2019-06-13 19:16:06,491 INFO  server.RaftServerConfigKeys (ConfUtils.java:logGet(43)) - raft.server.rpcslowness.timeout = 10s (custom)
2019-06-13 19:16:06,491 INFO  server.RaftServerConfigKeys (ConfUtils.java:logGet(43)) - raft.server.log.appender.install.snapshot.enabled = true (default)
2019-06-13 19:16:06,491 INFO  impl.RaftServerImpl (ServerState.java:<init>(101)) - a142001f-0d64-4eb9-a6c6-6525a8930bfe:group-23727C586680 ConfigurationManager, init=-1: [a142001f-0d64-4eb9-a6c6-6525a8930bfe:192.168.46.41:46379, 2e5ecb75-8702-4a10-883a-e0f9d13cfc8d:192.168.46.41:46103, a8257c7b-2854-4851-a8bc-342abbecafbd:192.168.46.41:46407], old=null, confs=<EMPTY_MAP>
2019-06-13 19:16:06,491 INFO  server.RaftServerConfigKeys (ConfUtils.java:logGet(43)) - raft.server.storage.dir = [/opt/src/hadoop-ozone/integration-test/target/test-dir/MiniOzoneClusterImpl-c6308b24-cae8-4b4f-b190-8028dba5c0ac/datanode-2/data/ratis] (custom)
2019-06-13 19:16:06,492 INFO  storage.RaftStorageDirectory (RaftStorageDirectory.java:analyzeStorage(246)) - The storage directory /opt/src/hadoop-ozone/integration-test/target/test-dir/MiniOzoneClusterImpl-c6308b24-cae8-4b4f-b190-8028dba5c0ac/datanode-2/data/ratis/7ccd969a-007e-4da1-ada4-23727c586680 does not exist. Creating ...
2019-06-13 19:16:06,491 INFO  storage.RaftStorageDirectory (RaftStorageDirectory.java:analyzeStorage(246)) - The storage directory /opt/src/hadoop-ozone/integration-test/target/test-dir/MiniOzoneClusterImpl-c6308b24-cae8-4b4f-b190-8028dba5c0ac/datanode-1/data/ratis/7ccd969a-007e-4da1-ada4-23727c586680 does not exist. Creating ...
2019-06-13 19:16:06,492 INFO  impl.RaftServerImpl (RaftServerImpl.java:<init>(91)) - 2e5ecb75-8702-4a10-883a-e0f9d13cfc8d: new RaftServerImpl for group-23727C586680:[a142001f-0d64-4eb9-a6c6-6525a8930bfe:192.168.46.41:46379, 2e5ecb75-8702-4a10-883a-e0f9d13cfc8d:192.168.46.41:46103, a8257c7b-2854-4851-a8bc-342abbecafbd:192.168.46.41:46407] with ContainerStateMachine:uninitialized
2019-06-13 19:16:06,492 INFO  server.RaftServerConfigKeys (ConfUtils.java:logGet(43)) - raft.server.rpc.timeout.min = 1s (custom)
2019-06-13 19:16:06,492 INFO  server.RaftServerConfigKeys (ConfUtils.java:logGet(43)) - raft.server.rpc.timeout.max = 1200ms (custom)
2019-06-13 19:16:06,493 INFO  server.RaftServerConfigKeys (ConfUtils.java:logGet(43)) - raft.server.rpcslowness.timeout = 10s (custom)
2019-06-13 19:16:06,493 INFO  server.RaftServerConfigKeys (ConfUtils.java:logGet(43)) - raft.server.log.appender.install.snapshot.enabled = true (default)
2019-06-13 19:16:06,493 INFO  impl.RaftServerImpl (ServerState.java:<init>(101)) - 2e5ecb75-8702-4a10-883a-e0f9d13cfc8d:group-23727C586680 ConfigurationManager, init=-1: [a142001f-0d64-4eb9-a6c6-6525a8930bfe:192.168.46.41:46379, 2e5ecb75-8702-4a10-883a-e0f9d13cfc8d:192.168.46.41:46103, a8257c7b-2854-4851-a8bc-342abbecafbd:192.168.46.41:46407], old=null, confs=<EMPTY_MAP>
2019-06-13 19:16:06,493 INFO  server.RaftServerConfigKeys (ConfUtils.java:logGet(43)) - raft.server.storage.dir = [/opt/src/hadoop-ozone/integration-test/target/test-dir/MiniOzoneClusterImpl-c6308b24-cae8-4b4f-b190-8028dba5c0ac/datanode-0/data/ratis] (custom)
2019-06-13 19:16:06,493 INFO  storage.RaftStorageDirectory (RaftStorageDirectory.java:analyzeStorage(246)) - The storage directory /opt/src/hadoop-ozone/integration-test/target/test-dir/MiniOzoneClusterImpl-c6308b24-cae8-4b4f-b190-8028dba5c0ac/datanode-0/data/ratis/7ccd969a-007e-4da1-ada4-23727c586680 does not exist. Creating ...
2019-06-13 19:16:06,494 INFO  storage.RaftStorageDirectory (RaftStorageDirectory.java:tryLock(328)) - Lock on /opt/src/hadoop-ozone/integration-test/target/test-dir/MiniOzoneClusterImpl-c6308b24-cae8-4b4f-b190-8028dba5c0ac/datanode-2/data/ratis/7ccd969a-007e-4da1-ada4-23727c586680/in_use.lock acquired by nodename 10020@ozone-ld922-666477418
2019-06-13 19:16:06,494 INFO  storage.RaftStorageDirectory (RaftStorageDirectory.java:tryLock(328)) - Lock on /opt/src/hadoop-ozone/integration-test/target/test-dir/MiniOzoneClusterImpl-c6308b24-cae8-4b4f-b190-8028dba5c0ac/datanode-1/data/ratis/7ccd969a-007e-4da1-ada4-23727c586680/in_use.lock acquired by nodename 10020@ozone-ld922-666477418
2019-06-13 19:16:06,496 INFO  storage.RaftStorageDirectory (RaftStorageDirectory.java:tryLock(328)) - Lock on /opt/src/hadoop-ozone/integration-test/target/test-dir/MiniOzoneClusterImpl-c6308b24-cae8-4b4f-b190-8028dba5c0ac/datanode-0/data/ratis/7ccd969a-007e-4da1-ada4-23727c586680/in_use.lock acquired by nodename 10020@ozone-ld922-666477418
2019-06-13 19:16:06,498 INFO  storage.RaftStorage (RaftStorage.java:format(75)) - Storage directory /opt/src/hadoop-ozone/integration-test/target/test-dir/MiniOzoneClusterImpl-c6308b24-cae8-4b4f-b190-8028dba5c0ac/datanode-0/data/ratis/7ccd969a-007e-4da1-ada4-23727c586680 has been successfully formatted.
2019-06-13 19:16:06,498 INFO  ratis.ContainerStateMachine (ContainerStateMachine.java:loadSnapshot(199)) - The snapshot info is null.Setting the last applied index to:(t:0, i:~)
2019-06-13 19:16:06,498 INFO  server.RaftServerConfigKeys (ConfUtils.java:logGet(43)) - raft.server.leader.election.timeout = 10s (custom)
2019-06-13 19:16:06,498 INFO  server.RaftServerConfigKeys (ConfUtils.java:logGet(43)) - raft.server.log.use.memory = false (default)
2019-06-13 19:16:06,498 INFO  server.RaftServerConfigKeys (ConfUtils.java:logGet(43)) - raft.server.log.appender.buffer.byte-limit = 33554432 (custom)
2019-06-13 19:16:06,498 INFO  server.RaftServerConfigKeys (ConfUtils.java:logGet(43)) - raft.server.log.segment.size.max = 16384 (custom)
2019-06-13 19:16:06,498 INFO  server.RaftServerConfigKeys (ConfUtils.java:logGet(43)) - raft.server.log.segment.cache.num.max = 2 (custom)
2019-06-13 19:16:06,498 INFO  storage.RaftLogWorker (RaftLogWorker.java:<init>(123)) - new 2e5ecb75-8702-4a10-883a-e0f9d13cfc8d-RaftLogWorker for Storage Directory /opt/src/hadoop-ozone/integration-test/target/test-dir/MiniOzoneClusterImpl-c6308b24-cae8-4b4f-b190-8028dba5c0ac/datanode-0/data/ratis/7ccd969a-007e-4da1-ada4-23727c586680
2019-06-13 19:16:06,498 INFO  server.RaftServerConfigKeys (ConfUtils.java:logGet(43)) - raft.server.log.queue.byte-limit = 2147483647 (custom)
2019-06-13 19:16:06,499 INFO  server.RaftServerConfigKeys (ConfUtils.java:logGet(43)) - raft.server.log.queue.element-limit = 1024 (custom)
2019-06-13 19:16:06,499 INFO  server.RaftServerConfigKeys (ConfUtils.java:logGet(43)) - raft.server.log.segment.size.max = 16384 (custom)
2019-06-13 19:16:06,499 INFO  server.RaftServerConfigKeys (ConfUtils.java:logGet(43)) - raft.server.log.preallocated.size = 16384 (custom)
2019-06-13 19:16:06,499 INFO  server.RaftServerConfigKeys (ConfUtils.java:logGet(43)) - raft.server.log.write.buffer.size = 33554432 (custom)
2019-06-13 19:16:06,499 INFO  server.RaftServerConfigKeys (ConfUtils.java:logGet(43)) - raft.server.log.force.sync.num = 128 (default)
2019-06-13 19:16:06,499 INFO  server.RaftServerConfigKeys (ConfUtils.java:logGet(43)) - raft.server.log.statemachine.data.sync = true (default)
2019-06-13 19:16:06,499 INFO  server.RaftServerConfigKeys (ConfUtils.java:logGet(43)) - raft.server.log.statemachine.data.sync.timeout = 10s (default)
2019-06-13 19:16:06,499 INFO  server.RaftServerConfigKeys (ConfUtils.java:logGet(43)) - raft.server.log.statemachine.data.sync.timeout.retry = -1 (default)
2019-06-13 19:16:06,500 INFO  server.RaftServerConfigKeys (ConfUtils.java:logGet(43)) - raft.server.log.statemachine.data.caching.enabled = true (custom)
2019-06-13 19:16:06,500 INFO  storage.RaftStorage (RaftStorage.java:format(75)) - Storage directory /opt/src/hadoop-ozone/integration-test/target/test-dir/MiniOzoneClusterImpl-c6308b24-cae8-4b4f-b190-8028dba5c0ac/datanode-2/data/ratis/7ccd969a-007e-4da1-ada4-23727c586680 has been successfully formatted.
2019-06-13 19:16:06,500 INFO  ratis.ContainerStateMachine (ContainerStateMachine.java:loadSnapshot(199)) - The snapshot info is null.Setting the last applied index to:(t:0, i:~)
2019-06-13 19:16:06,500 INFO  server.RaftServerConfigKeys (ConfUtils.java:logGet(43)) - raft.server.leader.election.timeout = 10s (custom)
2019-06-13 19:16:06,500 INFO  server.RaftServerConfigKeys (ConfUtils.java:logGet(43)) - raft.server.log.use.memory = false (default)
2019-06-13 19:16:06,501 INFO  server.RaftServerConfigKeys (ConfUtils.java:logGet(43)) - raft.server.log.appender.buffer.byte-limit = 33554432 (custom)
2019-06-13 19:16:06,501 INFO  server.RaftServerConfigKeys (ConfUtils.java:logGet(43)) - raft.server.log.segment.size.max = 16384 (custom)
2019-06-13 19:16:06,501 INFO  server.RaftServerConfigKeys (ConfUtils.java:logGet(43)) - raft.server.log.segment.cache.num.max = 2 (custom)
2019-06-13 19:16:06,501 INFO  storage.RaftLogWorker (RaftLogWorker.java:<init>(123)) - new a142001f-0d64-4eb9-a6c6-6525a8930bfe-RaftLogWorker for Storage Directory /opt/src/hadoop-ozone/integration-test/target/test-dir/MiniOzoneClusterImpl-c6308b24-cae8-4b4f-b190-8028dba5c0ac/datanode-2/data/ratis/7ccd969a-007e-4da1-ada4-23727c586680
2019-06-13 19:16:06,501 INFO  server.RaftServerConfigKeys (ConfUtils.java:logGet(43)) - raft.server.log.queue.byte-limit = 2147483647 (custom)
2019-06-13 19:16:06,501 INFO  server.RaftServerConfigKeys (ConfUtils.java:logGet(43)) - raft.server.log.queue.element-limit = 1024 (custom)
2019-06-13 19:16:06,501 INFO  server.RaftServerConfigKeys (ConfUtils.java:logGet(43)) - raft.server.log.segment.size.max = 16384 (custom)
2019-06-13 19:16:06,501 INFO  server.RaftServerConfigKeys (ConfUtils.java:logGet(43)) - raft.server.log.preallocated.size = 16384 (custom)
2019-06-13 19:16:06,501 INFO  server.RaftServerConfigKeys (ConfUtils.java:logGet(43)) - raft.server.log.write.buffer.size = 33554432 (custom)
2019-06-13 19:16:06,501 INFO  server.RaftServerConfigKeys (ConfUtils.java:logGet(43)) - raft.server.log.force.sync.num = 128 (default)
2019-06-13 19:16:06,502 INFO  server.RaftServerConfigKeys (ConfUtils.java:logGet(43)) - raft.server.log.statemachine.data.sync = true (default)
2019-06-13 19:16:06,502 INFO  server.RaftServerConfigKeys (ConfUtils.java:logGet(43)) - raft.server.log.statemachine.data.sync.timeout = 10s (default)
2019-06-13 19:16:06,502 INFO  server.RaftServerConfigKeys (ConfUtils.java:logGet(43)) - raft.server.log.statemachine.data.sync.timeout.retry = -1 (default)
2019-06-13 19:16:06,501 INFO  storage.RaftStorage (RaftStorage.java:format(75)) - Storage directory /opt/src/hadoop-ozone/integration-test/target/test-dir/MiniOzoneClusterImpl-c6308b24-cae8-4b4f-b190-8028dba5c0ac/datanode-1/data/ratis/7ccd969a-007e-4da1-ada4-23727c586680 has been successfully formatted.
2019-06-13 19:16:06,502 INFO  ratis.ContainerStateMachine (ContainerStateMachine.java:loadSnapshot(199)) - The snapshot info is null.Setting the last applied index to:(t:0, i:~)
2019-06-13 19:16:06,502 INFO  server.RaftServerConfigKeys (ConfUtils.java:logGet(43)) - raft.server.leader.election.timeout = 10s (custom)
2019-06-13 19:16:06,502 INFO  server.RaftServerConfigKeys (ConfUtils.java:logGet(43)) - raft.server.log.use.memory = false (default)
2019-06-13 19:16:06,502 INFO  server.RaftServerConfigKeys (ConfUtils.java:logGet(43)) - raft.server.log.appender.buffer.byte-limit = 33554432 (custom)
2019-06-13 19:16:06,503 INFO  server.RaftServerConfigKeys (ConfUtils.java:logGet(43)) - raft.server.log.segment.size.max = 16384 (custom)
2019-06-13 19:16:06,503 INFO  server.RaftServerConfigKeys (ConfUtils.java:logGet(43)) - raft.server.log.segment.cache.num.max = 2 (custom)
2019-06-13 19:16:06,503 INFO  storage.RaftLogWorker (RaftLogWorker.java:<init>(123)) - new a8257c7b-2854-4851-a8bc-342abbecafbd-RaftLogWorker for Storage Directory /opt/src/hadoop-ozone/integration-test/target/test-dir/MiniOzoneClusterImpl-c6308b24-cae8-4b4f-b190-8028dba5c0ac/datanode-1/data/ratis/7ccd969a-007e-4da1-ada4-23727c586680
2019-06-13 19:16:06,503 INFO  server.RaftServerConfigKeys (ConfUtils.java:logGet(43)) - raft.server.log.queue.byte-limit = 2147483647 (custom)
2019-06-13 19:16:06,503 INFO  server.RaftServerConfigKeys (ConfUtils.java:logGet(43)) - raft.server.log.queue.element-limit = 1024 (custom)
2019-06-13 19:16:06,503 INFO  server.RaftServerConfigKeys (ConfUtils.java:logGet(43)) - raft.server.log.segment.size.max = 16384 (custom)
2019-06-13 19:16:06,503 INFO  server.RaftServerConfigKeys (ConfUtils.java:logGet(43)) - raft.server.log.preallocated.size = 16384 (custom)
2019-06-13 19:16:06,503 INFO  server.RaftServerConfigKeys (ConfUtils.java:logGet(43)) - raft.server.log.write.buffer.size = 33554432 (custom)
2019-06-13 19:16:06,504 INFO  server.RaftServerConfigKeys (ConfUtils.java:logGet(43)) - raft.server.log.force.sync.num = 128 (default)
2019-06-13 19:16:06,504 INFO  server.RaftServerConfigKeys (ConfUtils.java:logGet(43)) - raft.server.log.statemachine.data.sync = true (default)
2019-06-13 19:16:06,504 INFO  server.RaftServerConfigKeys (ConfUtils.java:logGet(43)) - raft.server.log.statemachine.data.sync.timeout = 10s (default)
2019-06-13 19:16:06,504 INFO  server.RaftServerConfigKeys (ConfUtils.java:logGet(43)) - raft.server.log.statemachine.data.sync.timeout.retry = -1 (default)
2019-06-13 19:16:06,504 INFO  server.RaftServerConfigKeys (ConfUtils.java:logGet(43)) - raft.server.snapshot.auto.trigger.enabled = true (custom)
2019-06-13 19:16:06,504 INFO  server.RaftServerConfigKeys (ConfUtils.java:logGet(43)) - raft.server.snapshot.auto.trigger.threshold = 10000 (custom)
2019-06-13 19:16:06,504 INFO  server.RaftServerConfigKeys (ConfUtils.java:logGet(43)) - raft.server.retrycache.expirytime = 600000ms (custom)
2019-06-13 19:16:06,505 INFO  impl.RaftServerImpl (RaftServerImpl.java:start(173)) - 2e5ecb75-8702-4a10-883a-e0f9d13cfc8d: start group-23727C586680
2019-06-13 19:16:06,505 INFO  impl.RaftServerImpl (RaftServerImpl.java:setRole(164)) - 2e5ecb75-8702-4a10-883a-e0f9d13cfc8d:group-23727C586680 changes role from null to FOLLOWER at term 0 for startAsFollower
2019-06-13 19:16:06,505 INFO  impl.RoleInfo (RoleInfo.java:updateAndGet(143)) - 2e5ecb75-8702-4a10-883a-e0f9d13cfc8d: start FollowerState
2019-06-13 19:16:06,506 INFO  util.JmxRegister (JmxRegister.java:tryRegister(44)) - Successfully registered JMX Bean with object name Ratis:service=RaftServer,group=group-23727C586680,id=2e5ecb75-8702-4a10-883a-e0f9d13cfc8d
2019-06-13 19:16:06,517 INFO  server.RaftServerConfigKeys (ConfUtils.java:logGet(43)) - raft.server.log.statemachine.data.caching.enabled = true (custom)
2019-06-13 19:16:06,523 INFO  server.RaftServerConfigKeys (ConfUtils.java:logGet(43)) - raft.server.log.statemachine.data.caching.enabled = true (custom)
2019-06-13 19:16:06,523 INFO  server.RaftServerConfigKeys (ConfUtils.java:logGet(43)) - raft.server.snapshot.auto.trigger.enabled = true (custom)
2019-06-13 19:16:06,523 INFO  server.RaftServerConfigKeys (ConfUtils.java:logGet(43)) - raft.server.snapshot.auto.trigger.threshold = 10000 (custom)
2019-06-13 19:16:06,525 INFO  server.RaftServerConfigKeys (ConfUtils.java:logGet(43)) - raft.server.snapshot.auto.trigger.enabled = true (custom)
2019-06-13 19:16:06,525 INFO  server.RaftServerConfigKeys (ConfUtils.java:logGet(43)) - raft.server.snapshot.auto.trigger.threshold = 10000 (custom)
2019-06-13 19:16:06,525 INFO  server.RaftServerConfigKeys (ConfUtils.java:logGet(43)) - raft.server.retrycache.expirytime = 600000ms (custom)
2019-06-13 19:16:06,527 INFO  impl.RaftServerImpl (RaftServerImpl.java:start(173)) - a142001f-0d64-4eb9-a6c6-6525a8930bfe: start group-23727C586680
2019-06-13 19:16:06,527 INFO  impl.RaftServerImpl (RaftServerImpl.java:setRole(164)) - a142001f-0d64-4eb9-a6c6-6525a8930bfe:group-23727C586680 changes role from null to FOLLOWER at term 0 for startAsFollower
2019-06-13 19:16:06,528 INFO  impl.RoleInfo (RoleInfo.java:updateAndGet(143)) - a142001f-0d64-4eb9-a6c6-6525a8930bfe: start FollowerState
2019-06-13 19:16:06,528 INFO  util.JmxRegister (JmxRegister.java:tryRegister(44)) - Successfully registered JMX Bean with object name Ratis:service=RaftServer,group=group-23727C586680,id=a142001f-0d64-4eb9-a6c6-6525a8930bfe
2019-06-13 19:16:06,529 INFO  server.RaftServerConfigKeys (ConfUtils.java:logGet(43)) - raft.server.retrycache.expirytime = 600000ms (custom)
2019-06-13 19:16:06,529 INFO  impl.RaftServerImpl (RaftServerImpl.java:start(173)) - a8257c7b-2854-4851-a8bc-342abbecafbd: start group-23727C586680
2019-06-13 19:16:06,529 INFO  impl.RaftServerImpl (RaftServerImpl.java:setRole(164)) - a8257c7b-2854-4851-a8bc-342abbecafbd:group-23727C586680 changes role from null to FOLLOWER at term 0 for startAsFollower
2019-06-13 19:16:06,536 INFO  impl.RoleInfo (RoleInfo.java:updateAndGet(143)) - a8257c7b-2854-4851-a8bc-342abbecafbd: start FollowerState
2019-06-13 19:16:06,538 INFO  util.JmxRegister (JmxRegister.java:tryRegister(44)) - Successfully registered JMX Bean with object name Ratis:service=RaftServer,group=group-23727C586680,id=a8257c7b-2854-4851-a8bc-342abbecafbd
2019-06-13 19:16:06,566 INFO  pipeline.PipelineStateManager (PipelineStateManager.java:addPipeline(56)) - Created pipeline Pipeline[ Id: 7ccd969a-007e-4da1-ada4-23727c586680, Nodes: 2e5ecb75-8702-4a10-883a-e0f9d13cfc8d{ip: 192.168.46.41, host: ozone-ld922-666477418, networkLocation: /default-rack, certSerialId: null}a8257c7b-2854-4851-a8bc-342abbecafbd{ip: 192.168.46.41, host: ozone-ld922-666477418, networkLocation: /default-rack, certSerialId: null}a142001f-0d64-4eb9-a6c6-6525a8930bfe{ip: 192.168.46.41, host: ozone-ld922-666477418, networkLocation: /default-rack, certSerialId: null}, Type:RATIS, Factor:THREE, State:OPEN]
2019-06-13 19:16:06,590 INFO  impl.RaftServerProxy (RaftServerProxy.java:addNew(89)) - 774b27b9-8fea-44aa-b1d3-58e3d790a3d9: addNew group-D25F8F54BB52:[774b27b9-8fea-44aa-b1d3-58e3d790a3d9:192.168.46.41:41667] returns group-D25F8F54BB52:java.util.concurrent.CompletableFuture@43e8b6c5[Not completed]
2019-06-13 19:16:06,591 INFO  impl.RaftServerImpl (RaftServerImpl.java:<init>(91)) - 774b27b9-8fea-44aa-b1d3-58e3d790a3d9: new RaftServerImpl for group-D25F8F54BB52:[774b27b9-8fea-44aa-b1d3-58e3d790a3d9:192.168.46.41:41667] with ContainerStateMachine:uninitialized
2019-06-13 19:16:06,592 INFO  server.RaftServerConfigKeys (ConfUtils.java:logGet(43)) - raft.server.rpc.timeout.min = 1s (custom)
2019-06-13 19:16:06,592 INFO  server.RaftServerConfigKeys (ConfUtils.java:logGet(43)) - raft.server.rpc.timeout.max = 1200ms (custom)
2019-06-13 19:16:06,592 INFO  server.RaftServerConfigKeys (ConfUtils.java:logGet(43)) - raft.server.rpcslowness.timeout = 10s (custom)
2019-06-13 19:16:06,592 INFO  server.RaftServerConfigKeys (ConfUtils.java:logGet(43)) - raft.server.log.appender.install.snapshot.enabled = true (default)
2019-06-13 19:16:06,592 INFO  impl.RaftServerImpl (ServerState.java:<init>(101)) - 774b27b9-8fea-44aa-b1d3-58e3d790a3d9:group-D25F8F54BB52 ConfigurationManager, init=-1: [774b27b9-8fea-44aa-b1d3-58e3d790a3d9:192.168.46.41:41667], old=null, confs=<EMPTY_MAP>
2019-06-13 19:16:06,592 INFO  server.RaftServerConfigKeys (ConfUtils.java:logGet(43)) - raft.server.storage.dir = [/opt/src/hadoop-ozone/integration-test/target/test-dir/MiniOzoneClusterImpl-c6308b24-cae8-4b4f-b190-8028dba5c0ac/datanode-3/data/ratis] (custom)
2019-06-13 19:16:06,593 INFO  storage.RaftStorageDirectory (RaftStorageDirectory.java:analyzeStorage(246)) - The storage directory /opt/src/hadoop-ozone/integration-test/target/test-dir/MiniOzoneClusterImpl-c6308b24-cae8-4b4f-b190-8028dba5c0ac/datanode-3/data/ratis/321c5de4-bd78-4c2c-92c4-d25f8f54bb52 does not exist. Creating ...
2019-06-13 19:16:06,597 INFO  storage.RaftStorageDirectory (RaftStorageDirectory.java:tryLock(328)) - Lock on /opt/src/hadoop-ozone/integration-test/target/test-dir/MiniOzoneClusterImpl-c6308b24-cae8-4b4f-b190-8028dba5c0ac/datanode-3/data/ratis/321c5de4-bd78-4c2c-92c4-d25f8f54bb52/in_use.lock acquired by nodename 10020@ozone-ld922-666477418
2019-06-13 19:16:06,605 INFO  storage.RaftStorage (RaftStorage.java:format(75)) - Storage directory /opt/src/hadoop-ozone/integration-test/target/test-dir/MiniOzoneClusterImpl-c6308b24-cae8-4b4f-b190-8028dba5c0ac/datanode-3/data/ratis/321c5de4-bd78-4c2c-92c4-d25f8f54bb52 has been successfully formatted.
2019-06-13 19:16:06,605 INFO  ratis.ContainerStateMachine (ContainerStateMachine.java:loadSnapshot(199)) - The snapshot info is null.Setting the last applied index to:(t:0, i:~)
2019-06-13 19:16:06,605 INFO  server.RaftServerConfigKeys (ConfUtils.java:logGet(43)) - raft.server.leader.election.timeout = 10s (custom)
2019-06-13 19:16:06,606 INFO  server.RaftServerConfigKeys (ConfUtils.java:logGet(43)) - raft.server.log.use.memory = false (default)
2019-06-13 19:16:06,606 INFO  server.RaftServerConfigKeys (ConfUtils.java:logGet(43)) - raft.server.log.appender.buffer.byte-limit = 33554432 (custom)
2019-06-13 19:16:06,606 INFO  server.RaftServerConfigKeys (ConfUtils.java:logGet(43)) - raft.server.log.segment.size.max = 16384 (custom)
2019-06-13 19:16:06,606 INFO  server.RaftServerConfigKeys (ConfUtils.java:logGet(43)) - raft.server.log.segment.cache.num.max = 2 (custom)
2019-06-13 19:16:06,606 INFO  storage.RaftLogWorker (RaftLogWorker.java:<init>(123)) - new 774b27b9-8fea-44aa-b1d3-58e3d790a3d9-RaftLogWorker for Storage Directory /opt/src/hadoop-ozone/integration-test/target/test-dir/MiniOzoneClusterImpl-c6308b24-cae8-4b4f-b190-8028dba5c0ac/datanode-3/data/ratis/321c5de4-bd78-4c2c-92c4-d25f8f54bb52
2019-06-13 19:16:06,606 INFO  server.RaftServerConfigKeys (ConfUtils.java:logGet(43)) - raft.server.log.queue.byte-limit = 2147483647 (custom)
2019-06-13 19:16:06,606 INFO  server.RaftServerConfigKeys (ConfUtils.java:logGet(43)) - raft.server.log.queue.element-limit = 1024 (custom)
2019-06-13 19:16:06,607 INFO  server.RaftServerConfigKeys (ConfUtils.java:logGet(43)) - raft.server.log.segment.size.max = 16384 (custom)
2019-06-13 19:16:06,607 INFO  server.RaftServerConfigKeys (ConfUtils.java:logGet(43)) - raft.server.log.preallocated.size = 16384 (custom)
2019-06-13 19:16:06,607 INFO  server.RaftServerConfigKeys (ConfUtils.java:logGet(43)) - raft.server.log.write.buffer.size = 33554432 (custom)
2019-06-13 19:16:06,607 INFO  server.RaftServerConfigKeys (ConfUtils.java:logGet(43)) - raft.server.log.force.sync.num = 128 (default)
2019-06-13 19:16:06,607 INFO  server.RaftServerConfigKeys (ConfUtils.java:logGet(43)) - raft.server.log.statemachine.data.sync = true (default)
2019-06-13 19:16:06,607 INFO  server.RaftServerConfigKeys (ConfUtils.java:logGet(43)) - raft.server.log.statemachine.data.sync.timeout = 10s (default)
2019-06-13 19:16:06,607 INFO  server.RaftServerConfigKeys (ConfUtils.java:logGet(43)) - raft.server.log.statemachine.data.sync.timeout.retry = -1 (default)
2019-06-13 19:16:06,607 INFO  server.RaftServerConfigKeys (ConfUtils.java:logGet(43)) - raft.server.log.statemachine.data.caching.enabled = true (custom)
2019-06-13 19:16:06,608 INFO  server.RaftServerConfigKeys (ConfUtils.java:logGet(43)) - raft.server.snapshot.auto.trigger.enabled = true (custom)
2019-06-13 19:16:06,608 INFO  server.RaftServerConfigKeys (ConfUtils.java:logGet(43)) - raft.server.snapshot.auto.trigger.threshold = 10000 (custom)
2019-06-13 19:16:06,608 INFO  server.RaftServerConfigKeys (ConfUtils.java:logGet(43)) - raft.server.retrycache.expirytime = 600000ms (custom)
2019-06-13 19:16:06,608 INFO  impl.RaftServerImpl (RaftServerImpl.java:start(173)) - 774b27b9-8fea-44aa-b1d3-58e3d790a3d9: start group-D25F8F54BB52
2019-06-13 19:16:06,608 INFO  impl.RaftServerImpl (RaftServerImpl.java:setRole(164)) - 774b27b9-8fea-44aa-b1d3-58e3d790a3d9:group-D25F8F54BB52 changes role from null to FOLLOWER at term 0 for startAsFollower
2019-06-13 19:16:06,609 INFO  impl.RoleInfo (RoleInfo.java:updateAndGet(143)) - 774b27b9-8fea-44aa-b1d3-58e3d790a3d9: start FollowerState
2019-06-13 19:16:06,609 INFO  util.JmxRegister (JmxRegister.java:tryRegister(44)) - Successfully registered JMX Bean with object name Ratis:service=RaftServer,group=group-D25F8F54BB52,id=774b27b9-8fea-44aa-b1d3-58e3d790a3d9
2019-06-13 19:16:06,629 INFO  pipeline.PipelineStateManager (PipelineStateManager.java:addPipeline(56)) - Created pipeline Pipeline[ Id: 321c5de4-bd78-4c2c-92c4-d25f8f54bb52, Nodes: 774b27b9-8fea-44aa-b1d3-58e3d790a3d9{ip: 192.168.46.41, host: ozone-ld922-666477418, networkLocation: /default-rack, certSerialId: null}, Type:RATIS, Factor:ONE, State:OPEN]
2019-06-13 19:16:06,789 INFO  node.SCMNodeManager (SCMNodeManager.java:register(234)) - Registered Data node : af0f96bc-94fa-4af2-950b-b72080e838cb{ip: 192.168.46.41, host: ozone-ld922-666477418, networkLocation: /default-rack, certSerialId: null}
2019-06-13 19:16:06,806 INFO  impl.RaftServerProxy (RaftServerProxy.java:addNew(89)) - af0f96bc-94fa-4af2-950b-b72080e838cb: addNew group-016AFE291C4B:[af0f96bc-94fa-4af2-950b-b72080e838cb:192.168.46.41:38505] returns group-016AFE291C4B:java.util.concurrent.CompletableFuture@3b7488ce[Not completed]
2019-06-13 19:16:06,807 INFO  impl.RaftServerImpl (RaftServerImpl.java:<init>(91)) - af0f96bc-94fa-4af2-950b-b72080e838cb: new RaftServerImpl for group-016AFE291C4B:[af0f96bc-94fa-4af2-950b-b72080e838cb:192.168.46.41:38505] with ContainerStateMachine:uninitialized
2019-06-13 19:16:06,807 INFO  server.RaftServerConfigKeys (ConfUtils.java:logGet(43)) - raft.server.rpc.timeout.min = 1s (custom)
2019-06-13 19:16:06,807 INFO  server.RaftServerConfigKeys (ConfUtils.java:logGet(43)) - raft.server.rpc.timeout.max = 1200ms (custom)
2019-06-13 19:16:06,808 INFO  server.RaftServerConfigKeys (ConfUtils.java:logGet(43)) - raft.server.rpcslowness.timeout = 10s (custom)
2019-06-13 19:16:06,808 INFO  server.RaftServerConfigKeys (ConfUtils.java:logGet(43)) - raft.server.log.appender.install.snapshot.enabled = true (default)
2019-06-13 19:16:06,808 INFO  impl.RaftServerImpl (ServerState.java:<init>(101)) - af0f96bc-94fa-4af2-950b-b72080e838cb:group-016AFE291C4B ConfigurationManager, init=-1: [af0f96bc-94fa-4af2-950b-b72080e838cb:192.168.46.41:38505], old=null, confs=<EMPTY_MAP>
2019-06-13 19:16:06,808 INFO  server.RaftServerConfigKeys (ConfUtils.java:logGet(43)) - raft.server.storage.dir = [/opt/src/hadoop-ozone/integration-test/target/test-dir/MiniOzoneClusterImpl-c6308b24-cae8-4b4f-b190-8028dba5c0ac/datanode-4/data/ratis] (custom)
2019-06-13 19:16:06,808 INFO  storage.RaftStorageDirectory (RaftStorageDirectory.java:analyzeStorage(246)) - The storage directory /opt/src/hadoop-ozone/integration-test/target/test-dir/MiniOzoneClusterImpl-c6308b24-cae8-4b4f-b190-8028dba5c0ac/datanode-4/data/ratis/62279ecf-99c2-46f0-95da-016afe291c4b does not exist. Creating ...
2019-06-13 19:16:06,810 INFO  storage.RaftStorageDirectory (RaftStorageDirectory.java:tryLock(328)) - Lock on /opt/src/hadoop-ozone/integration-test/target/test-dir/MiniOzoneClusterImpl-c6308b24-cae8-4b4f-b190-8028dba5c0ac/datanode-4/data/ratis/62279ecf-99c2-46f0-95da-016afe291c4b/in_use.lock acquired by nodename 10020@ozone-ld922-666477418
2019-06-13 19:16:06,813 INFO  storage.RaftStorage (RaftStorage.java:format(75)) - Storage directory /opt/src/hadoop-ozone/integration-test/target/test-dir/MiniOzoneClusterImpl-c6308b24-cae8-4b4f-b190-8028dba5c0ac/datanode-4/data/ratis/62279ecf-99c2-46f0-95da-016afe291c4b has been successfully formatted.
2019-06-13 19:16:06,813 INFO  ratis.ContainerStateMachine (ContainerStateMachine.java:loadSnapshot(199)) - The snapshot info is null.Setting the last applied index to:(t:0, i:~)
2019-06-13 19:16:06,813 INFO  server.RaftServerConfigKeys (ConfUtils.java:logGet(43)) - raft.server.leader.election.timeout = 10s (custom)
2019-06-13 19:16:06,813 INFO  server.RaftServerConfigKeys (ConfUtils.java:logGet(43)) - raft.server.log.use.memory = false (default)
2019-06-13 19:16:06,813 INFO  server.RaftServerConfigKeys (ConfUtils.java:logGet(43)) - raft.server.log.appender.buffer.byte-limit = 33554432 (custom)
2019-06-13 19:16:06,814 INFO  server.RaftServerConfigKeys (ConfUtils.java:logGet(43)) - raft.server.log.segment.size.max = 16384 (custom)
2019-06-13 19:16:06,814 INFO  server.RaftServerConfigKeys (ConfUtils.java:logGet(43)) - raft.server.log.segment.cache.num.max = 2 (custom)
2019-06-13 19:16:06,814 INFO  storage.RaftLogWorker (RaftLogWorker.java:<init>(123)) - new af0f96bc-94fa-4af2-950b-b72080e838cb-RaftLogWorker for Storage Directory /opt/src/hadoop-ozone/integration-test/target/test-dir/MiniOzoneClusterImpl-c6308b24-cae8-4b4f-b190-8028dba5c0ac/datanode-4/data/ratis/62279ecf-99c2-46f0-95da-016afe291c4b
2019-06-13 19:16:06,814 INFO  server.RaftServerConfigKeys (ConfUtils.java:logGet(43)) - raft.server.log.queue.byte-limit = 2147483647 (custom)
2019-06-13 19:16:06,814 INFO  server.RaftServerConfigKeys (ConfUtils.java:logGet(43)) - raft.server.log.queue.element-limit = 1024 (custom)
2019-06-13 19:16:06,814 INFO  server.RaftServerConfigKeys (ConfUtils.java:logGet(43)) - raft.server.log.segment.size.max = 16384 (custom)
2019-06-13 19:16:06,814 INFO  server.RaftServerConfigKeys (ConfUtils.java:logGet(43)) - raft.server.log.preallocated.size = 16384 (custom)
2019-06-13 19:16:06,814 INFO  server.RaftServerConfigKeys (ConfUtils.java:logGet(43)) - raft.server.log.write.buffer.size = 33554432 (custom)
2019-06-13 19:16:06,815 INFO  server.RaftServerConfigKeys (ConfUtils.java:logGet(43)) - raft.server.log.force.sync.num = 128 (default)
2019-06-13 19:16:06,815 INFO  server.RaftServerConfigKeys (ConfUtils.java:logGet(43)) - raft.server.log.statemachine.data.sync = true (default)
2019-06-13 19:16:06,815 INFO  server.RaftServerConfigKeys (ConfUtils.java:logGet(43)) - raft.server.log.statemachine.data.sync.timeout = 10s (default)
2019-06-13 19:16:06,815 INFO  server.RaftServerConfigKeys (ConfUtils.java:logGet(43)) - raft.server.log.statemachine.data.sync.timeout.retry = -1 (default)
2019-06-13 19:16:06,815 INFO  server.RaftServerConfigKeys (ConfUtils.java:logGet(43)) - raft.server.log.statemachine.data.caching.enabled = true (custom)
2019-06-13 19:16:06,821 INFO  server.RaftServerConfigKeys (ConfUtils.java:logGet(43)) - raft.server.snapshot.auto.trigger.enabled = true (custom)
2019-06-13 19:16:06,821 INFO  server.RaftServerConfigKeys (ConfUtils.java:logGet(43)) - raft.server.snapshot.auto.trigger.threshold = 10000 (custom)
2019-06-13 19:16:06,821 INFO  server.RaftServerConfigKeys (ConfUtils.java:logGet(43)) - raft.server.retrycache.expirytime = 600000ms (custom)
2019-06-13 19:16:06,822 INFO  impl.RaftServerImpl (RaftServerImpl.java:start(173)) - af0f96bc-94fa-4af2-950b-b72080e838cb: start group-016AFE291C4B
2019-06-13 19:16:06,822 INFO  impl.RaftServerImpl (RaftServerImpl.java:setRole(164)) - af0f96bc-94fa-4af2-950b-b72080e838cb:group-016AFE291C4B changes role from null to FOLLOWER at term 0 for startAsFollower
2019-06-13 19:16:06,822 INFO  impl.RoleInfo (RoleInfo.java:updateAndGet(143)) - af0f96bc-94fa-4af2-950b-b72080e838cb: start FollowerState
2019-06-13 19:16:06,822 INFO  util.JmxRegister (JmxRegister.java:tryRegister(44)) - Successfully registered JMX Bean with object name Ratis:service=RaftServer,group=group-016AFE291C4B,id=af0f96bc-94fa-4af2-950b-b72080e838cb
2019-06-13 19:16:06,831 INFO  pipeline.PipelineStateManager (PipelineStateManager.java:addPipeline(56)) - Created pipeline Pipeline[ Id: 62279ecf-99c2-46f0-95da-016afe291c4b, Nodes: af0f96bc-94fa-4af2-950b-b72080e838cb{ip: 192.168.46.41, host: ozone-ld922-666477418, networkLocation: /default-rack, certSerialId: null}, Type:RATIS, Factor:ONE, State:OPEN]
2019-06-13 19:16:07,254 INFO  ozone.MiniOzoneClusterImpl (MiniOzoneClusterImpl.java:lambda$waitForClusterToBeReady$0(142)) - Waiting for cluster to be ready. Got 5 of 6 DN Heartbeats.
2019-06-13 19:16:07,285 INFO  node.SCMNodeManager (SCMNodeManager.java:register(234)) - Registered Data node : d8b0f7af-f0bb-4662-aa62-251746c3f1ca{ip: 192.168.46.41, host: ozone-ld922-666477418, networkLocation: /default-rack, certSerialId: null}
2019-06-13 19:16:07,302 INFO  impl.RaftServerProxy (RaftServerProxy.java:addNew(89)) - d8b0f7af-f0bb-4662-aa62-251746c3f1ca: addNew group-C18A477833B6:[d8b0f7af-f0bb-4662-aa62-251746c3f1ca:192.168.46.41:38333] returns group-C18A477833B6:java.util.concurrent.CompletableFuture@20971937[Not completed]
2019-06-13 19:16:07,303 INFO  impl.RaftServerImpl (RaftServerImpl.java:<init>(91)) - d8b0f7af-f0bb-4662-aa62-251746c3f1ca: new RaftServerImpl for group-C18A477833B6:[d8b0f7af-f0bb-4662-aa62-251746c3f1ca:192.168.46.41:38333] with ContainerStateMachine:uninitialized
2019-06-13 19:16:07,303 INFO  server.RaftServerConfigKeys (ConfUtils.java:logGet(43)) - raft.server.rpc.timeout.min = 1s (custom)
2019-06-13 19:16:07,303 INFO  server.RaftServerConfigKeys (ConfUtils.java:logGet(43)) - raft.server.rpc.timeout.max = 1200ms (custom)
2019-06-13 19:16:07,303 INFO  server.RaftServerConfigKeys (ConfUtils.java:logGet(43)) - raft.server.rpcslowness.timeout = 10s (custom)
2019-06-13 19:16:07,304 INFO  server.RaftServerConfigKeys (ConfUtils.java:logGet(43)) - raft.server.log.appender.install.snapshot.enabled = true (default)
2019-06-13 19:16:07,304 INFO  impl.RaftServerImpl (ServerState.java:<init>(101)) - d8b0f7af-f0bb-4662-aa62-251746c3f1ca:group-C18A477833B6 ConfigurationManager, init=-1: [d8b0f7af-f0bb-4662-aa62-251746c3f1ca:192.168.46.41:38333], old=null, confs=<EMPTY_MAP>
2019-06-13 19:16:07,304 INFO  server.RaftServerConfigKeys (ConfUtils.java:logGet(43)) - raft.server.storage.dir = [/opt/src/hadoop-ozone/integration-test/target/test-dir/MiniOzoneClusterImpl-c6308b24-cae8-4b4f-b190-8028dba5c0ac/datanode-5/data/ratis] (custom)
2019-06-13 19:16:07,305 INFO  storage.RaftStorageDirectory (RaftStorageDirectory.java:analyzeStorage(246)) - The storage directory /opt/src/hadoop-ozone/integration-test/target/test-dir/MiniOzoneClusterImpl-c6308b24-cae8-4b4f-b190-8028dba5c0ac/datanode-5/data/ratis/61b3c678-e06a-4e13-9a5e-c18a477833b6 does not exist. Creating ...
2019-06-13 19:16:07,309 INFO  storage.RaftStorageDirectory (RaftStorageDirectory.java:tryLock(328)) - Lock on /opt/src/hadoop-ozone/integration-test/target/test-dir/MiniOzoneClusterImpl-c6308b24-cae8-4b4f-b190-8028dba5c0ac/datanode-5/data/ratis/61b3c678-e06a-4e13-9a5e-c18a477833b6/in_use.lock acquired by nodename 10020@ozone-ld922-666477418
2019-06-13 19:16:07,311 INFO  storage.RaftStorage (RaftStorage.java:format(75)) - Storage directory /opt/src/hadoop-ozone/integration-test/target/test-dir/MiniOzoneClusterImpl-c6308b24-cae8-4b4f-b190-8028dba5c0ac/datanode-5/data/ratis/61b3c678-e06a-4e13-9a5e-c18a477833b6 has been successfully formatted.
2019-06-13 19:16:07,311 INFO  ratis.ContainerStateMachine (ContainerStateMachine.java:loadSnapshot(199)) - The snapshot info is null.Setting the last applied index to:(t:0, i:~)
2019-06-13 19:16:07,314 INFO  server.RaftServerConfigKeys (ConfUtils.java:logGet(43)) - raft.server.leader.election.timeout = 10s (custom)
2019-06-13 19:16:07,315 INFO  server.RaftServerConfigKeys (ConfUtils.java:logGet(43)) - raft.server.log.use.memory = false (default)
2019-06-13 19:16:07,315 INFO  server.RaftServerConfigKeys (ConfUtils.java:logGet(43)) - raft.server.log.appender.buffer.byte-limit = 33554432 (custom)
2019-06-13 19:16:07,315 INFO  server.RaftServerConfigKeys (ConfUtils.java:logGet(43)) - raft.server.log.segment.size.max = 16384 (custom)
2019-06-13 19:16:07,315 INFO  server.RaftServerConfigKeys (ConfUtils.java:logGet(43)) - raft.server.log.segment.cache.num.max = 2 (custom)
2019-06-13 19:16:07,315 INFO  storage.RaftLogWorker (RaftLogWorker.java:<init>(123)) - new d8b0f7af-f0bb-4662-aa62-251746c3f1ca-RaftLogWorker for Storage Directory /opt/src/hadoop-ozone/integration-test/target/test-dir/MiniOzoneClusterImpl-c6308b24-cae8-4b4f-b190-8028dba5c0ac/datanode-5/data/ratis/61b3c678-e06a-4e13-9a5e-c18a477833b6
2019-06-13 19:16:07,315 INFO  server.RaftServerConfigKeys (ConfUtils.java:logGet(43)) - raft.server.log.queue.byte-limit = 2147483647 (custom)
2019-06-13 19:16:07,315 INFO  server.RaftServerConfigKeys (ConfUtils.java:logGet(43)) - raft.server.log.queue.element-limit = 1024 (custom)
2019-06-13 19:16:07,315 INFO  server.RaftServerConfigKeys (ConfUtils.java:logGet(43)) - raft.server.log.segment.size.max = 16384 (custom)
2019-06-13 19:16:07,316 INFO  server.RaftServerConfigKeys (ConfUtils.java:logGet(43)) - raft.server.log.preallocated.size = 16384 (custom)
2019-06-13 19:16:07,316 INFO  server.RaftServerConfigKeys (ConfUtils.java:logGet(43)) - raft.server.log.write.buffer.size = 33554432 (custom)
2019-06-13 19:16:07,316 INFO  server.RaftServerConfigKeys (ConfUtils.java:logGet(43)) - raft.server.log.force.sync.num = 128 (default)
2019-06-13 19:16:07,316 INFO  server.RaftServerConfigKeys (ConfUtils.java:logGet(43)) - raft.server.log.statemachine.data.sync = true (default)
2019-06-13 19:16:07,316 INFO  server.RaftServerConfigKeys (ConfUtils.java:logGet(43)) - raft.server.log.statemachine.data.sync.timeout = 10s (default)
2019-06-13 19:16:07,316 INFO  server.RaftServerConfigKeys (ConfUtils.java:logGet(43)) - raft.server.log.statemachine.data.sync.timeout.retry = -1 (default)
2019-06-13 19:16:07,316 INFO  server.RaftServerConfigKeys (ConfUtils.java:logGet(43)) - raft.server.log.statemachine.data.caching.enabled = true (custom)
2019-06-13 19:16:07,317 INFO  server.RaftServerConfigKeys (ConfUtils.java:logGet(43)) - raft.server.snapshot.auto.trigger.enabled = true (custom)
2019-06-13 19:16:07,318 INFO  server.RaftServerConfigKeys (ConfUtils.java:logGet(43)) - raft.server.snapshot.auto.trigger.threshold = 10000 (custom)
2019-06-13 19:16:07,318 INFO  server.RaftServerConfigKeys (ConfUtils.java:logGet(43)) - raft.server.retrycache.expirytime = 600000ms (custom)
2019-06-13 19:16:07,318 INFO  impl.RaftServerImpl (RaftServerImpl.java:start(173)) - d8b0f7af-f0bb-4662-aa62-251746c3f1ca: start group-C18A477833B6
2019-06-13 19:16:07,318 INFO  impl.RaftServerImpl (RaftServerImpl.java:setRole(164)) - d8b0f7af-f0bb-4662-aa62-251746c3f1ca:group-C18A477833B6 changes role from null to FOLLOWER at term 0 for startAsFollower
2019-06-13 19:16:07,318 INFO  impl.RoleInfo (RoleInfo.java:updateAndGet(143)) - d8b0f7af-f0bb-4662-aa62-251746c3f1ca: start FollowerState
2019-06-13 19:16:07,321 INFO  util.JmxRegister (JmxRegister.java:tryRegister(44)) - Successfully registered JMX Bean with object name Ratis:service=RaftServer,group=group-C18A477833B6,id=d8b0f7af-f0bb-4662-aa62-251746c3f1ca
2019-06-13 19:16:07,324 INFO  impl.FollowerState (FollowerState.java:run(101)) - 2e5ecb75-8702-4a10-883a-e0f9d13cfc8d:group-F6781C7F00EA changes to CANDIDATE, lastRpcTime:1184, electionTimeout:1181ms
2019-06-13 19:16:07,324 INFO  impl.RoleInfo (RoleInfo.java:shutdownFollowerState(121)) - 2e5ecb75-8702-4a10-883a-e0f9d13cfc8d: shutdown FollowerState
2019-06-13 19:16:07,325 INFO  impl.RaftServerImpl (RaftServerImpl.java:setRole(164)) - 2e5ecb75-8702-4a10-883a-e0f9d13cfc8d:group-F6781C7F00EA changes role from FOLLOWER to CANDIDATE at term 0 for changeToCandidate
2019-06-13 19:16:07,328 INFO  impl.RoleInfo (RoleInfo.java:updateAndGet(143)) - 2e5ecb75-8702-4a10-883a-e0f9d13cfc8d: start LeaderElection
2019-06-13 19:16:07,335 INFO  pipeline.PipelineStateManager (PipelineStateManager.java:addPipeline(56)) - Created pipeline Pipeline[ Id: 61b3c678-e06a-4e13-9a5e-c18a477833b6, Nodes: d8b0f7af-f0bb-4662-aa62-251746c3f1ca{ip: 192.168.46.41, host: ozone-ld922-666477418, networkLocation: /default-rack, certSerialId: null}, Type:RATIS, Factor:ONE, State:OPEN]
2019-06-13 19:16:07,337 INFO  impl.LeaderElection (LeaderElection.java:askForVotes(181)) - 2e5ecb75-8702-4a10-883a-e0f9d13cfc8d:group-F6781C7F00EA:LeaderElection1: begin an election at term 1 for -1: [2e5ecb75-8702-4a10-883a-e0f9d13cfc8d:192.168.46.41:46103], old=null
2019-06-13 19:16:07,342 INFO  impl.RoleInfo (RoleInfo.java:shutdownLeaderElection(134)) - 2e5ecb75-8702-4a10-883a-e0f9d13cfc8d: shutdown LeaderElection
2019-06-13 19:16:07,346 INFO  impl.RaftServerImpl (RaftServerImpl.java:setRole(164)) - 2e5ecb75-8702-4a10-883a-e0f9d13cfc8d:group-F6781C7F00EA changes role from CANDIDATE to LEADER at term 1 for changeToLeader
2019-06-13 19:16:07,354 INFO  impl.RaftServerImpl (ServerState.java:setLeader(263)) - 2e5ecb75-8702-4a10-883a-e0f9d13cfc8d:group-F6781C7F00EA change Leader from null to 2e5ecb75-8702-4a10-883a-e0f9d13cfc8d at term 1 for becomeLeader, leader elected after 1276ms
2019-06-13 19:16:07,368 INFO  impl.RaftServerProxy (RaftServerProxy.java:addNew(89)) - af0f96bc-94fa-4af2-950b-b72080e838cb: addNew group-8049A0EB88E8:[af0f96bc-94fa-4af2-950b-b72080e838cb:192.168.46.41:38505, 774b27b9-8fea-44aa-b1d3-58e3d790a3d9:192.168.46.41:41667, d8b0f7af-f0bb-4662-aa62-251746c3f1ca:192.168.46.41:38333] returns group-8049A0EB88E8:java.util.concurrent.CompletableFuture@328117bb[Not completed]
2019-06-13 19:16:07,369 INFO  impl.RaftServerImpl (RaftServerImpl.java:<init>(91)) - af0f96bc-94fa-4af2-950b-b72080e838cb: new RaftServerImpl for group-8049A0EB88E8:[af0f96bc-94fa-4af2-950b-b72080e838cb:192.168.46.41:38505, 774b27b9-8fea-44aa-b1d3-58e3d790a3d9:192.168.46.41:41667, d8b0f7af-f0bb-4662-aa62-251746c3f1ca:192.168.46.41:38333] with ContainerStateMachine:uninitialized
2019-06-13 19:16:07,369 INFO  server.RaftServerConfigKeys (ConfUtils.java:logGet(43)) - raft.server.rpc.timeout.min = 1s (custom)
2019-06-13 19:16:07,369 INFO  server.RaftServerConfigKeys (ConfUtils.java:logGet(43)) - raft.server.rpc.timeout.max = 1200ms (custom)
2019-06-13 19:16:07,370 INFO  server.RaftServerConfigKeys (ConfUtils.java:logGet(43)) - raft.server.rpcslowness.timeout = 10s (custom)
2019-06-13 19:16:07,370 INFO  server.RaftServerConfigKeys (ConfUtils.java:logGet(43)) - raft.server.log.appender.install.snapshot.enabled = true (default)
2019-06-13 19:16:07,370 INFO  impl.RaftServerImpl (ServerState.java:<init>(101)) - af0f96bc-94fa-4af2-950b-b72080e838cb:group-8049A0EB88E8 ConfigurationManager, init=-1: [af0f96bc-94fa-4af2-950b-b72080e838cb:192.168.46.41:38505, 774b27b9-8fea-44aa-b1d3-58e3d790a3d9:192.168.46.41:41667, d8b0f7af-f0bb-4662-aa62-251746c3f1ca:192.168.46.41:38333], old=null, confs=<EMPTY_MAP>
2019-06-13 19:16:07,370 INFO  server.RaftServerConfigKeys (ConfUtils.java:logGet(43)) - raft.server.storage.dir = [/opt/src/hadoop-ozone/integration-test/target/test-dir/MiniOzoneClusterImpl-c6308b24-cae8-4b4f-b190-8028dba5c0ac/datanode-4/data/ratis] (custom)
2019-06-13 19:16:07,370 INFO  storage.RaftStorageDirectory (RaftStorageDirectory.java:analyzeStorage(246)) - The storage directory /opt/src/hadoop-ozone/integration-test/target/test-dir/MiniOzoneClusterImpl-c6308b24-cae8-4b4f-b190-8028dba5c0ac/datanode-4/data/ratis/b3ad2b4b-de18-4754-8526-8049a0eb88e8 does not exist. Creating ...
2019-06-13 19:16:07,374 INFO  storage.RaftStorageDirectory (RaftStorageDirectory.java:tryLock(328)) - Lock on /opt/src/hadoop-ozone/integration-test/target/test-dir/MiniOzoneClusterImpl-c6308b24-cae8-4b4f-b190-8028dba5c0ac/datanode-4/data/ratis/b3ad2b4b-de18-4754-8526-8049a0eb88e8/in_use.lock acquired by nodename 10020@ozone-ld922-666477418
2019-06-13 19:16:07,379 INFO  storage.RaftStorage (RaftStorage.java:format(75)) - Storage directory /opt/src/hadoop-ozone/integration-test/target/test-dir/MiniOzoneClusterImpl-c6308b24-cae8-4b4f-b190-8028dba5c0ac/datanode-4/data/ratis/b3ad2b4b-de18-4754-8526-8049a0eb88e8 has been successfully formatted.
2019-06-13 19:16:07,379 INFO  ratis.ContainerStateMachine (ContainerStateMachine.java:loadSnapshot(199)) - The snapshot info is null.Setting the last applied index to:(t:0, i:~)
2019-06-13 19:16:07,379 INFO  server.RaftServerConfigKeys (ConfUtils.java:logGet(43)) - raft.server.leader.election.timeout = 10s (custom)
2019-06-13 19:16:07,379 INFO  server.RaftServerConfigKeys (ConfUtils.java:logGet(43)) - raft.server.log.use.memory = false (default)
2019-06-13 19:16:07,379 INFO  server.RaftServerConfigKeys (ConfUtils.java:logGet(43)) - raft.server.log.appender.buffer.byte-limit = 33554432 (custom)
2019-06-13 19:16:07,379 INFO  server.RaftServerConfigKeys (ConfUtils.java:logGet(43)) - raft.server.log.segment.size.max = 16384 (custom)
2019-06-13 19:16:07,379 INFO  server.RaftServerConfigKeys (ConfUtils.java:logGet(43)) - raft.server.log.segment.cache.num.max = 2 (custom)
2019-06-13 19:16:07,379 INFO  storage.RaftLogWorker (RaftLogWorker.java:<init>(123)) - new af0f96bc-94fa-4af2-950b-b72080e838cb-RaftLogWorker for Storage Directory /opt/src/hadoop-ozone/integration-test/target/test-dir/MiniOzoneClusterImpl-c6308b24-cae8-4b4f-b190-8028dba5c0ac/datanode-4/data/ratis/b3ad2b4b-de18-4754-8526-8049a0eb88e8
2019-06-13 19:16:07,380 INFO  server.RaftServerConfigKeys (ConfUtils.java:logGet(43)) - raft.server.log.queue.byte-limit = 2147483647 (custom)
2019-06-13 19:16:07,380 INFO  server.RaftServerConfigKeys (ConfUtils.java:logGet(43)) - raft.server.log.queue.element-limit = 1024 (custom)
2019-06-13 19:16:07,380 INFO  server.RaftServerConfigKeys (ConfUtils.java:logGet(43)) - raft.server.log.segment.size.max = 16384 (custom)
2019-06-13 19:16:07,380 INFO  server.RaftServerConfigKeys (ConfUtils.java:logGet(43)) - raft.server.log.preallocated.size = 16384 (custom)
2019-06-13 19:16:07,380 INFO  server.RaftServerConfigKeys (ConfUtils.java:logGet(43)) - raft.server.log.write.buffer.size = 33554432 (custom)
2019-06-13 19:16:07,380 INFO  server.RaftServerConfigKeys (ConfUtils.java:logGet(43)) - raft.server.log.force.sync.num = 128 (default)
2019-06-13 19:16:07,380 INFO  server.RaftServerConfigKeys (ConfUtils.java:logGet(43)) - raft.server.log.statemachine.data.sync = true (default)
2019-06-13 19:16:07,380 INFO  server.RaftServerConfigKeys (ConfUtils.java:logGet(43)) - raft.server.log.statemachine.data.sync.timeout = 10s (default)
2019-06-13 19:16:07,380 INFO  server.RaftServerConfigKeys (ConfUtils.java:logGet(43)) - raft.server.log.statemachine.data.sync.timeout.retry = -1 (default)
2019-06-13 19:16:07,380 INFO  server.RaftServerConfigKeys (ConfUtils.java:logGet(43)) - raft.server.log.statemachine.data.caching.enabled = true (custom)
2019-06-13 19:16:07,383 INFO  server.RaftServerConfigKeys (ConfUtils.java:logGet(43)) - raft.server.snapshot.auto.trigger.enabled = true (custom)
2019-06-13 19:16:07,383 INFO  server.RaftServerConfigKeys (ConfUtils.java:logGet(43)) - raft.server.snapshot.auto.trigger.threshold = 10000 (custom)
2019-06-13 19:16:07,383 INFO  server.RaftServerConfigKeys (ConfUtils.java:logGet(43)) - raft.server.retrycache.expirytime = 600000ms (custom)
2019-06-13 19:16:07,383 INFO  impl.RaftServerImpl (RaftServerImpl.java:start(173)) - af0f96bc-94fa-4af2-950b-b72080e838cb: start group-8049A0EB88E8
2019-06-13 19:16:07,384 INFO  impl.RaftServerImpl (RaftServerImpl.java:setRole(164)) - af0f96bc-94fa-4af2-950b-b72080e838cb:group-8049A0EB88E8 changes role from null to FOLLOWER at term 0 for startAsFollower
2019-06-13 19:16:07,384 INFO  impl.RoleInfo (RoleInfo.java:updateAndGet(143)) - af0f96bc-94fa-4af2-950b-b72080e838cb: start FollowerState
2019-06-13 19:16:07,385 INFO  util.JmxRegister (JmxRegister.java:tryRegister(44)) - Successfully registered JMX Bean with object name Ratis:service=RaftServer,group=group-8049A0EB88E8,id=af0f96bc-94fa-4af2-950b-b72080e838cb
2019-06-13 19:16:07,411 INFO  server.RaftServerConfigKeys (ConfUtils.java:logGet(43)) - raft.server.staging.catchup.gap = 1000 (default)
2019-06-13 19:16:07,411 INFO  server.RaftServerConfigKeys (ConfUtils.java:logGet(43)) - raft.server.rpc.sleep.time = 25ms (default)
2019-06-13 19:16:07,411 INFO  impl.RaftServerProxy (RaftServerProxy.java:addNew(89)) - 774b27b9-8fea-44aa-b1d3-58e3d790a3d9: addNew group-8049A0EB88E8:[af0f96bc-94fa-4af2-950b-b72080e838cb:192.168.46.41:38505, 774b27b9-8fea-44aa-b1d3-58e3d790a3d9:192.168.46.41:41667, d8b0f7af-f0bb-4662-aa62-251746c3f1ca:192.168.46.41:38333] returns group-8049A0EB88E8:java.util.concurrent.CompletableFuture@60368498[Not completed]
2019-06-13 19:16:07,412 INFO  impl.RaftServerProxy (RaftServerProxy.java:addNew(89)) - d8b0f7af-f0bb-4662-aa62-251746c3f1ca: addNew group-8049A0EB88E8:[af0f96bc-94fa-4af2-950b-b72080e838cb:192.168.46.41:38505, 774b27b9-8fea-44aa-b1d3-58e3d790a3d9:192.168.46.41:41667, d8b0f7af-f0bb-4662-aa62-251746c3f1ca:192.168.46.41:38333] returns group-8049A0EB88E8:java.util.concurrent.CompletableFuture@3c88a691[Not completed]
2019-06-13 19:16:07,413 INFO  impl.RaftServerImpl (RaftServerImpl.java:<init>(91)) - d8b0f7af-f0bb-4662-aa62-251746c3f1ca: new RaftServerImpl for group-8049A0EB88E8:[af0f96bc-94fa-4af2-950b-b72080e838cb:192.168.46.41:38505, 774b27b9-8fea-44aa-b1d3-58e3d790a3d9:192.168.46.41:41667, d8b0f7af-f0bb-4662-aa62-251746c3f1ca:192.168.46.41:38333] with ContainerStateMachine:uninitialized
2019-06-13 19:16:07,413 INFO  server.RaftServerConfigKeys (ConfUtils.java:logGet(43)) - raft.server.rpc.timeout.min = 1s (custom)
2019-06-13 19:16:07,413 INFO  server.RaftServerConfigKeys (ConfUtils.java:logGet(43)) - raft.server.rpc.timeout.max = 1200ms (custom)
2019-06-13 19:16:07,413 INFO  server.RaftServerConfigKeys (ConfUtils.java:logGet(43)) - raft.server.rpcslowness.timeout = 10s (custom)
2019-06-13 19:16:07,413 INFO  server.RaftServerConfigKeys (ConfUtils.java:logGet(43)) - raft.server.log.appender.install.snapshot.enabled = true (default)
2019-06-13 19:16:07,413 INFO  impl.RaftServerImpl (ServerState.java:<init>(101)) - d8b0f7af-f0bb-4662-aa62-251746c3f1ca:group-8049A0EB88E8 ConfigurationManager, init=-1: [af0f96bc-94fa-4af2-950b-b72080e838cb:192.168.46.41:38505, 774b27b9-8fea-44aa-b1d3-58e3d790a3d9:192.168.46.41:41667, d8b0f7af-f0bb-4662-aa62-251746c3f1ca:192.168.46.41:38333], old=null, confs=<EMPTY_MAP>
2019-06-13 19:16:07,414 INFO  server.RaftServerConfigKeys (ConfUtils.java:logGet(43)) - raft.server.storage.dir = [/opt/src/hadoop-ozone/integration-test/target/test-dir/MiniOzoneClusterImpl-c6308b24-cae8-4b4f-b190-8028dba5c0ac/datanode-5/data/ratis] (custom)
2019-06-13 19:16:07,414 INFO  storage.RaftStorageDirectory (RaftStorageDirectory.java:analyzeStorage(246)) - The storage directory /opt/src/hadoop-ozone/integration-test/target/test-dir/MiniOzoneClusterImpl-c6308b24-cae8-4b4f-b190-8028dba5c0ac/datanode-5/data/ratis/b3ad2b4b-de18-4754-8526-8049a0eb88e8 does not exist. Creating ...
2019-06-13 19:16:07,414 INFO  impl.RaftServerImpl (RaftServerImpl.java:<init>(91)) - 774b27b9-8fea-44aa-b1d3-58e3d790a3d9: new RaftServerImpl for group-8049A0EB88E8:[af0f96bc-94fa-4af2-950b-b72080e838cb:192.168.46.41:38505, 774b27b9-8fea-44aa-b1d3-58e3d790a3d9:192.168.46.41:41667, d8b0f7af-f0bb-4662-aa62-251746c3f1ca:192.168.46.41:38333] with ContainerStateMachine:uninitialized
2019-06-13 19:16:07,414 INFO  server.RaftServerConfigKeys (ConfUtils.java:logGet(43)) - raft.server.rpc.timeout.min = 1s (custom)
2019-06-13 19:16:07,414 INFO  server.RaftServerConfigKeys (ConfUtils.java:logGet(43)) - raft.server.rpc.timeout.max = 1200ms (custom)
2019-06-13 19:16:07,414 INFO  server.RaftServerConfigKeys (ConfUtils.java:logGet(43)) - raft.server.rpcslowness.timeout = 10s (custom)
2019-06-13 19:16:07,414 INFO  server.RaftServerConfigKeys (ConfUtils.java:logGet(43)) - raft.server.log.appender.install.snapshot.enabled = true (default)
2019-06-13 19:16:07,414 INFO  impl.RaftServerImpl (ServerState.java:<init>(101)) - 774b27b9-8fea-44aa-b1d3-58e3d790a3d9:group-8049A0EB88E8 ConfigurationManager, init=-1: [af0f96bc-94fa-4af2-950b-b72080e838cb:192.168.46.41:38505, 774b27b9-8fea-44aa-b1d3-58e3d790a3d9:192.168.46.41:41667, d8b0f7af-f0bb-4662-aa62-251746c3f1ca:192.168.46.41:38333], old=null, confs=<EMPTY_MAP>
2019-06-13 19:16:07,415 INFO  server.RaftServerConfigKeys (ConfUtils.java:logGet(43)) - raft.server.storage.dir = [/opt/src/hadoop-ozone/integration-test/target/test-dir/MiniOzoneClusterImpl-c6308b24-cae8-4b4f-b190-8028dba5c0ac/datanode-3/data/ratis] (custom)
2019-06-13 19:16:07,415 INFO  storage.RaftStorageDirectory (RaftStorageDirectory.java:analyzeStorage(246)) - The storage directory /opt/src/hadoop-ozone/integration-test/target/test-dir/MiniOzoneClusterImpl-c6308b24-cae8-4b4f-b190-8028dba5c0ac/datanode-3/data/ratis/b3ad2b4b-de18-4754-8526-8049a0eb88e8 does not exist. Creating ...
2019-06-13 19:16:07,416 INFO  server.RaftServerConfigKeys (ConfUtils.java:logGet(43)) - raft.server.watch.timeout = 10s (default)
2019-06-13 19:16:07,416 INFO  server.RaftServerConfigKeys (ConfUtils.java:logGet(43)) - raft.server.watch.timeout.denomination = 1s (default)
2019-06-13 19:16:07,421 INFO  storage.RaftStorageDirectory (RaftStorageDirectory.java:tryLock(328)) - Lock on /opt/src/hadoop-ozone/integration-test/target/test-dir/MiniOzoneClusterImpl-c6308b24-cae8-4b4f-b190-8028dba5c0ac/datanode-5/data/ratis/b3ad2b4b-de18-4754-8526-8049a0eb88e8/in_use.lock acquired by nodename 10020@ozone-ld922-666477418
2019-06-13 19:16:07,421 INFO  storage.RaftStorageDirectory (RaftStorageDirectory.java:tryLock(328)) - Lock on /opt/src/hadoop-ozone/integration-test/target/test-dir/MiniOzoneClusterImpl-c6308b24-cae8-4b4f-b190-8028dba5c0ac/datanode-3/data/ratis/b3ad2b4b-de18-4754-8526-8049a0eb88e8/in_use.lock acquired by nodename 10020@ozone-ld922-666477418
2019-06-13 19:16:07,425 INFO  storage.RaftStorage (RaftStorage.java:format(75)) - Storage directory /opt/src/hadoop-ozone/integration-test/target/test-dir/MiniOzoneClusterImpl-c6308b24-cae8-4b4f-b190-8028dba5c0ac/datanode-5/data/ratis/b3ad2b4b-de18-4754-8526-8049a0eb88e8 has been successfully formatted.
2019-06-13 19:16:07,426 INFO  ratis.ContainerStateMachine (ContainerStateMachine.java:loadSnapshot(199)) - The snapshot info is null.Setting the last applied index to:(t:0, i:~)
2019-06-13 19:16:07,426 INFO  server.RaftServerConfigKeys (ConfUtils.java:logGet(43)) - raft.server.leader.election.timeout = 10s (custom)
2019-06-13 19:16:07,426 INFO  server.RaftServerConfigKeys (ConfUtils.java:logGet(43)) - raft.server.log.use.memory = false (default)
2019-06-13 19:16:07,426 INFO  server.RaftServerConfigKeys (ConfUtils.java:logGet(43)) - raft.server.log.appender.buffer.byte-limit = 33554432 (custom)
2019-06-13 19:16:07,427 INFO  server.RaftServerConfigKeys (ConfUtils.java:logGet(43)) - raft.server.log.segment.size.max = 16384 (custom)
2019-06-13 19:16:07,427 INFO  server.RaftServerConfigKeys (ConfUtils.java:logGet(43)) - raft.server.log.segment.cache.num.max = 2 (custom)
2019-06-13 19:16:07,427 INFO  storage.RaftLogWorker (RaftLogWorker.java:<init>(123)) - new d8b0f7af-f0bb-4662-aa62-251746c3f1ca-RaftLogWorker for Storage Directory /opt/src/hadoop-ozone/integration-test/target/test-dir/MiniOzoneClusterImpl-c6308b24-cae8-4b4f-b190-8028dba5c0ac/datanode-5/data/ratis/b3ad2b4b-de18-4754-8526-8049a0eb88e8
2019-06-13 19:16:07,427 INFO  server.RaftServerConfigKeys (ConfUtils.java:logGet(43)) - raft.server.log.queue.byte-limit = 2147483647 (custom)
2019-06-13 19:16:07,427 INFO  server.RaftServerConfigKeys (ConfUtils.java:logGet(43)) - raft.server.log.queue.element-limit = 1024 (custom)
2019-06-13 19:16:07,427 INFO  server.RaftServerConfigKeys (ConfUtils.java:logGet(43)) - raft.server.log.segment.size.max = 16384 (custom)
2019-06-13 19:16:07,427 INFO  server.RaftServerConfigKeys (ConfUtils.java:logGet(43)) - raft.server.log.preallocated.size = 16384 (custom)
2019-06-13 19:16:07,427 INFO  server.RaftServerConfigKeys (ConfUtils.java:logGet(43)) - raft.server.log.write.buffer.size = 33554432 (custom)
2019-06-13 19:16:07,428 INFO  server.RaftServerConfigKeys (ConfUtils.java:logGet(43)) - raft.server.log.force.sync.num = 128 (default)
2019-06-13 19:16:07,428 INFO  server.RaftServerConfigKeys (ConfUtils.java:logGet(43)) - raft.server.log.statemachine.data.sync = true (default)
2019-06-13 19:16:07,428 INFO  server.RaftServerConfigKeys (ConfUtils.java:logGet(43)) - raft.server.log.statemachine.data.sync.timeout = 10s (default)
2019-06-13 19:16:07,428 INFO  server.RaftServerConfigKeys (ConfUtils.java:logGet(43)) - raft.server.log.statemachine.data.sync.timeout.retry = -1 (default)
2019-06-13 19:16:07,428 INFO  server.RaftServerConfigKeys (ConfUtils.java:logGet(43)) - raft.server.log.statemachine.data.caching.enabled = true (custom)
2019-06-13 19:16:07,427 INFO  storage.RaftStorage (RaftStorage.java:format(75)) - Storage directory /opt/src/hadoop-ozone/integration-test/target/test-dir/MiniOzoneClusterImpl-c6308b24-cae8-4b4f-b190-8028dba5c0ac/datanode-3/data/ratis/b3ad2b4b-de18-4754-8526-8049a0eb88e8 has been successfully formatted.
2019-06-13 19:16:07,429 INFO  ratis.ContainerStateMachine (ContainerStateMachine.java:loadSnapshot(199)) - The snapshot info is null.Setting the last applied index to:(t:0, i:~)
2019-06-13 19:16:07,429 INFO  server.RaftServerConfigKeys (ConfUtils.java:logGet(43)) - raft.server.leader.election.timeout = 10s (custom)
2019-06-13 19:16:07,429 INFO  server.RaftServerConfigKeys (ConfUtils.java:logGet(43)) - raft.server.log.use.memory = false (default)
2019-06-13 19:16:07,429 INFO  server.RaftServerConfigKeys (ConfUtils.java:logGet(43)) - raft.server.log.appender.buffer.byte-limit = 33554432 (custom)
2019-06-13 19:16:07,429 INFO  server.RaftServerConfigKeys (ConfUtils.java:logGet(43)) - raft.server.log.segment.size.max = 16384 (custom)
2019-06-13 19:16:07,429 INFO  server.RaftServerConfigKeys (ConfUtils.java:logGet(43)) - raft.server.log.segment.cache.num.max = 2 (custom)
2019-06-13 19:16:07,429 INFO  storage.RaftLogWorker (RaftLogWorker.java:<init>(123)) - new 774b27b9-8fea-44aa-b1d3-58e3d790a3d9-RaftLogWorker for Storage Directory /opt/src/hadoop-ozone/integration-test/target/test-dir/MiniOzoneClusterImpl-c6308b24-cae8-4b4f-b190-8028dba5c0ac/datanode-3/data/ratis/b3ad2b4b-de18-4754-8526-8049a0eb88e8
2019-06-13 19:16:07,429 INFO  server.RaftServerConfigKeys (ConfUtils.java:logGet(43)) - raft.server.log.queue.byte-limit = 2147483647 (custom)
2019-06-13 19:16:07,429 INFO  server.RaftServerConfigKeys (ConfUtils.java:logGet(43)) - raft.server.log.queue.element-limit = 1024 (custom)
2019-06-13 19:16:07,429 INFO  server.RaftServerConfigKeys (ConfUtils.java:logGet(43)) - raft.server.log.segment.size.max = 16384 (custom)
2019-06-13 19:16:07,430 INFO  server.RaftServerConfigKeys (ConfUtils.java:logGet(43)) - raft.server.log.preallocated.size = 16384 (custom)
2019-06-13 19:16:07,430 INFO  server.RaftServerConfigKeys (ConfUtils.java:logGet(43)) - raft.server.log.write.buffer.size = 33554432 (custom)
2019-06-13 19:16:07,430 INFO  server.RaftServerConfigKeys (ConfUtils.java:logGet(43)) - raft.server.log.force.sync.num = 128 (default)
2019-06-13 19:16:07,430 INFO  server.RaftServerConfigKeys (ConfUtils.java:logGet(43)) - raft.server.log.statemachine.data.sync = true (default)
2019-06-13 19:16:07,430 INFO  server.RaftServerConfigKeys (ConfUtils.java:logGet(43)) - raft.server.log.statemachine.data.sync.timeout = 10s (default)
2019-06-13 19:16:07,430 INFO  server.RaftServerConfigKeys (ConfUtils.java:logGet(43)) - raft.server.log.statemachine.data.sync.timeout.retry = -1 (default)
2019-06-13 19:16:07,434 INFO  impl.RoleInfo (RoleInfo.java:updateAndGet(143)) - 2e5ecb75-8702-4a10-883a-e0f9d13cfc8d: start LeaderState
2019-06-13 19:16:07,437 INFO  server.RaftServerConfigKeys (ConfUtils.java:logGet(43)) - raft.server.snapshot.auto.trigger.enabled = true (custom)
2019-06-13 19:16:07,438 INFO  server.RaftServerConfigKeys (ConfUtils.java:logGet(43)) - raft.server.snapshot.auto.trigger.threshold = 10000 (custom)
2019-06-13 19:16:07,438 INFO  server.RaftServerConfigKeys (ConfUtils.java:logGet(43)) - raft.server.retrycache.expirytime = 600000ms (custom)
2019-06-13 19:16:07,438 INFO  impl.RaftServerImpl (RaftServerImpl.java:start(173)) - d8b0f7af-f0bb-4662-aa62-251746c3f1ca: start group-8049A0EB88E8
2019-06-13 19:16:07,438 INFO  impl.RaftServerImpl (RaftServerImpl.java:setRole(164)) - d8b0f7af-f0bb-4662-aa62-251746c3f1ca:group-8049A0EB88E8 changes role from null to FOLLOWER at term 0 for startAsFollower
2019-06-13 19:16:07,438 INFO  impl.RoleInfo (RoleInfo.java:updateAndGet(143)) - d8b0f7af-f0bb-4662-aa62-251746c3f1ca: start FollowerState
2019-06-13 19:16:07,446 INFO  server.RaftServerConfigKeys (ConfUtils.java:logGet(43)) - raft.server.log.statemachine.data.caching.enabled = true (custom)
2019-06-13 19:16:07,446 INFO  util.JmxRegister (JmxRegister.java:tryRegister(44)) - Successfully registered JMX Bean with object name Ratis:service=RaftServer,group=group-8049A0EB88E8,id=d8b0f7af-f0bb-4662-aa62-251746c3f1ca
2019-06-13 19:16:07,446 INFO  server.RaftServerConfigKeys (ConfUtils.java:logGet(43)) - raft.server.snapshot.auto.trigger.enabled = true (custom)
2019-06-13 19:16:07,446 INFO  server.RaftServerConfigKeys (ConfUtils.java:logGet(43)) - raft.server.snapshot.auto.trigger.threshold = 10000 (custom)
2019-06-13 19:16:07,459 INFO  server.RaftServerConfigKeys (ConfUtils.java:logGet(43)) - raft.server.retrycache.expirytime = 600000ms (custom)
2019-06-13 19:16:07,459 INFO  impl.RaftServerImpl (RaftServerImpl.java:start(173)) - 774b27b9-8fea-44aa-b1d3-58e3d790a3d9: start group-8049A0EB88E8
2019-06-13 19:16:07,459 INFO  impl.RaftServerImpl (RaftServerImpl.java:setRole(164)) - 774b27b9-8fea-44aa-b1d3-58e3d790a3d9:group-8049A0EB88E8 changes role from null to FOLLOWER at term 0 for startAsFollower
2019-06-13 19:16:07,459 INFO  impl.RoleInfo (RoleInfo.java:updateAndGet(143)) - 774b27b9-8fea-44aa-b1d3-58e3d790a3d9: start FollowerState
2019-06-13 19:16:07,460 INFO  util.JmxRegister (JmxRegister.java:tryRegister(44)) - Successfully registered JMX Bean with object name Ratis:service=RaftServer,group=group-8049A0EB88E8,id=774b27b9-8fea-44aa-b1d3-58e3d790a3d9
2019-06-13 19:16:07,461 INFO  storage.RaftLogWorker (RaftLogWorker.java:startLogSegment(298)) - 2e5ecb75-8702-4a10-883a-e0f9d13cfc8d-RaftLogWorker: Starting segment from index:0
2019-06-13 19:16:07,459 INFO  impl.FollowerState (FollowerState.java:run(101)) - a8257c7b-2854-4851-a8bc-342abbecafbd:group-BAC77F0F07B2 changes to CANDIDATE, lastRpcTime:1168, electionTimeout:1164ms
2019-06-13 19:16:07,473 INFO  impl.RoleInfo (RoleInfo.java:shutdownFollowerState(121)) - a8257c7b-2854-4851-a8bc-342abbecafbd: shutdown FollowerState
2019-06-13 19:16:07,473 INFO  impl.RaftServerImpl (RaftServerImpl.java:setRole(164)) - a8257c7b-2854-4851-a8bc-342abbecafbd:group-BAC77F0F07B2 changes role from FOLLOWER to CANDIDATE at term 0 for changeToCandidate
2019-06-13 19:16:07,473 INFO  impl.RoleInfo (RoleInfo.java:updateAndGet(143)) - a8257c7b-2854-4851-a8bc-342abbecafbd: start LeaderElection
2019-06-13 19:16:07,477 INFO  impl.FollowerState (FollowerState.java:run(101)) - a142001f-0d64-4eb9-a6c6-6525a8930bfe:group-FAAF2364B1CB changes to CANDIDATE, lastRpcTime:1102, electionTimeout:1090ms
2019-06-13 19:16:07,477 INFO  impl.RoleInfo (RoleInfo.java:shutdownFollowerState(121)) - a142001f-0d64-4eb9-a6c6-6525a8930bfe: shutdown FollowerState
2019-06-13 19:16:07,477 INFO  impl.RaftServerImpl (RaftServerImpl.java:setRole(164)) - a142001f-0d64-4eb9-a6c6-6525a8930bfe:group-FAAF2364B1CB changes role from FOLLOWER to CANDIDATE at term 0 for changeToCandidate
2019-06-13 19:16:07,478 INFO  impl.RoleInfo (RoleInfo.java:updateAndGet(143)) - a142001f-0d64-4eb9-a6c6-6525a8930bfe: start LeaderElection
2019-06-13 19:16:07,502 INFO  impl.RaftServerImpl (ServerState.java:setRaftConf(361)) - 2e5ecb75-8702-4a10-883a-e0f9d13cfc8d:group-F6781C7F00EA set configuration 0: [2e5ecb75-8702-4a10-883a-e0f9d13cfc8d:192.168.46.41:46103], old=null at 0
2019-06-13 19:16:07,518 INFO  pipeline.PipelineStateManager (PipelineStateManager.java:addPipeline(56)) - Created pipeline Pipeline[ Id: b3ad2b4b-de18-4754-8526-8049a0eb88e8, Nodes: af0f96bc-94fa-4af2-950b-b72080e838cb{ip: 192.168.46.41, host: ozone-ld922-666477418, networkLocation: /default-rack, certSerialId: null}d8b0f7af-f0bb-4662-aa62-251746c3f1ca{ip: 192.168.46.41, host: ozone-ld922-666477418, networkLocation: /default-rack, certSerialId: null}774b27b9-8fea-44aa-b1d3-58e3d790a3d9{ip: 192.168.46.41, host: ozone-ld922-666477418, networkLocation: /default-rack, certSerialId: null}, Type:RATIS, Factor:THREE, State:OPEN]
2019-06-13 19:16:07,529 INFO  impl.LeaderElection (LeaderElection.java:askForVotes(181)) - a8257c7b-2854-4851-a8bc-342abbecafbd:group-BAC77F0F07B2:LeaderElection2: begin an election at term 1 for -1: [a8257c7b-2854-4851-a8bc-342abbecafbd:192.168.46.41:46407], old=null
2019-06-13 19:16:07,555 INFO  impl.RoleInfo (RoleInfo.java:shutdownLeaderElection(134)) - a8257c7b-2854-4851-a8bc-342abbecafbd: shutdown LeaderElection
2019-06-13 19:16:07,555 INFO  impl.RaftServerImpl (RaftServerImpl.java:setRole(164)) - a8257c7b-2854-4851-a8bc-342abbecafbd:group-BAC77F0F07B2 changes role from CANDIDATE to LEADER at term 1 for changeToLeader
2019-06-13 19:16:07,555 INFO  impl.RaftServerImpl (ServerState.java:setLeader(263)) - a8257c7b-2854-4851-a8bc-342abbecafbd:group-BAC77F0F07B2 change Leader from null to a8257c7b-2854-4851-a8bc-342abbecafbd at term 1 for becomeLeader, leader elected after 1286ms
2019-06-13 19:16:07,557 INFO  impl.LeaderElection (LeaderElection.java:askForVotes(181)) - a142001f-0d64-4eb9-a6c6-6525a8930bfe:group-FAAF2364B1CB:LeaderElection3: begin an election at term 1 for -1: [a142001f-0d64-4eb9-a6c6-6525a8930bfe:192.168.46.41:46379], old=null
2019-06-13 19:16:07,559 INFO  impl.RoleInfo (RoleInfo.java:shutdownLeaderElection(134)) - a142001f-0d64-4eb9-a6c6-6525a8930bfe: shutdown LeaderElection
2019-06-13 19:16:07,559 INFO  impl.RaftServerImpl (RaftServerImpl.java:setRole(164)) - a142001f-0d64-4eb9-a6c6-6525a8930bfe:group-FAAF2364B1CB changes role from CANDIDATE to LEADER at term 1 for changeToLeader
2019-06-13 19:16:07,559 INFO  impl.RaftServerImpl (ServerState.java:setLeader(263)) - a142001f-0d64-4eb9-a6c6-6525a8930bfe:group-FAAF2364B1CB change Leader from null to a142001f-0d64-4eb9-a6c6-6525a8930bfe at term 1 for becomeLeader, leader elected after 1191ms
2019-06-13 19:16:07,557 INFO  server.RaftServerConfigKeys (ConfUtils.java:logGet(43)) - raft.server.staging.catchup.gap = 1000 (default)
2019-06-13 19:16:07,559 INFO  server.RaftServerConfigKeys (ConfUtils.java:logGet(43)) - raft.server.rpc.sleep.time = 25ms (default)
2019-06-13 19:16:07,560 INFO  server.RaftServerConfigKeys (ConfUtils.java:logGet(43)) - raft.server.watch.timeout = 10s (default)
2019-06-13 19:16:07,560 INFO  server.RaftServerConfigKeys (ConfUtils.java:logGet(43)) - raft.server.watch.timeout.denomination = 1s (default)
2019-06-13 19:16:07,560 INFO  impl.RoleInfo (RoleInfo.java:updateAndGet(143)) - a8257c7b-2854-4851-a8bc-342abbecafbd: start LeaderState
2019-06-13 19:16:07,560 INFO  storage.RaftLogWorker (RaftLogWorker.java:startLogSegment(298)) - a8257c7b-2854-4851-a8bc-342abbecafbd-RaftLogWorker: Starting segment from index:0
2019-06-13 19:16:07,562 INFO  impl.RaftServerImpl (ServerState.java:setRaftConf(361)) - a8257c7b-2854-4851-a8bc-342abbecafbd:group-BAC77F0F07B2 set configuration 0: [a8257c7b-2854-4851-a8bc-342abbecafbd:192.168.46.41:46407], old=null at 0
2019-06-13 19:16:07,569 INFO  server.RaftServerConfigKeys (ConfUtils.java:logGet(43)) - raft.server.staging.catchup.gap = 1000 (default)
2019-06-13 19:16:07,570 INFO  server.RaftServerConfigKeys (ConfUtils.java:logGet(43)) - raft.server.rpc.sleep.time = 25ms (default)
2019-06-13 19:16:07,570 INFO  server.RaftServerConfigKeys (ConfUtils.java:logGet(43)) - raft.server.watch.timeout = 10s (default)
2019-06-13 19:16:07,570 INFO  server.RaftServerConfigKeys (ConfUtils.java:logGet(43)) - raft.server.watch.timeout.denomination = 1s (default)
2019-06-13 19:16:07,570 INFO  impl.RoleInfo (RoleInfo.java:updateAndGet(143)) - a142001f-0d64-4eb9-a6c6-6525a8930bfe: start LeaderState
2019-06-13 19:16:07,570 INFO  storage.RaftLogWorker (RaftLogWorker.java:startLogSegment(298)) - a142001f-0d64-4eb9-a6c6-6525a8930bfe-RaftLogWorker: Starting segment from index:0
2019-06-13 19:16:07,573 INFO  impl.RaftServerImpl (ServerState.java:setRaftConf(361)) - a142001f-0d64-4eb9-a6c6-6525a8930bfe:group-FAAF2364B1CB set configuration 0: [a142001f-0d64-4eb9-a6c6-6525a8930bfe:192.168.46.41:46379], old=null at 0
2019-06-13 19:16:07,593 INFO  impl.FollowerState (FollowerState.java:run(101)) - a8257c7b-2854-4851-a8bc-342abbecafbd:group-23727C586680 changes to CANDIDATE, lastRpcTime:1056, electionTimeout:1055ms
2019-06-13 19:16:07,593 INFO  impl.RoleInfo (RoleInfo.java:shutdownFollowerState(121)) - a8257c7b-2854-4851-a8bc-342abbecafbd: shutdown FollowerState
2019-06-13 19:16:07,593 INFO  impl.RaftServerImpl (RaftServerImpl.java:setRole(164)) - a8257c7b-2854-4851-a8bc-342abbecafbd:group-23727C586680 changes role from FOLLOWER to CANDIDATE at term 0 for changeToCandidate
2019-06-13 19:16:07,593 INFO  impl.RoleInfo (RoleInfo.java:updateAndGet(143)) - a8257c7b-2854-4851-a8bc-342abbecafbd: start LeaderElection
2019-06-13 19:16:07,617 INFO  impl.LeaderElection (LeaderElection.java:askForVotes(181)) - a8257c7b-2854-4851-a8bc-342abbecafbd:group-23727C586680:LeaderElection4: begin an election at term 1 for -1: [a142001f-0d64-4eb9-a6c6-6525a8930bfe:192.168.46.41:46379, 2e5ecb75-8702-4a10-883a-e0f9d13cfc8d:192.168.46.41:46103, a8257c7b-2854-4851-a8bc-342abbecafbd:192.168.46.41:46407], old=null
2019-06-13 19:16:07,652 INFO  impl.FollowerState (FollowerState.java:run(101)) - 2e5ecb75-8702-4a10-883a-e0f9d13cfc8d:group-23727C586680 changes to CANDIDATE, lastRpcTime:1147, electionTimeout:1146ms
2019-06-13 19:16:07,652 INFO  impl.RoleInfo (RoleInfo.java:shutdownFollowerState(121)) - 2e5ecb75-8702-4a10-883a-e0f9d13cfc8d: shutdown FollowerState
2019-06-13 19:16:07,652 INFO  impl.RaftServerImpl (RaftServerImpl.java:setRole(164)) - 2e5ecb75-8702-4a10-883a-e0f9d13cfc8d:group-23727C586680 changes role from FOLLOWER to CANDIDATE at term 0 for changeToCandidate
2019-06-13 19:16:07,652 INFO  impl.RoleInfo (RoleInfo.java:updateAndGet(143)) - 2e5ecb75-8702-4a10-883a-e0f9d13cfc8d: start LeaderElection
2019-06-13 19:16:07,678 INFO  impl.FollowerState (FollowerState.java:run(101)) - a142001f-0d64-4eb9-a6c6-6525a8930bfe:group-23727C586680 changes to CANDIDATE, lastRpcTime:1150, electionTimeout:1140ms
2019-06-13 19:16:07,678 INFO  impl.RoleInfo (RoleInfo.java:shutdownFollowerState(121)) - a142001f-0d64-4eb9-a6c6-6525a8930bfe: shutdown FollowerState
2019-06-13 19:16:07,678 INFO  impl.RaftServerImpl (RaftServerImpl.java:setRole(164)) - a142001f-0d64-4eb9-a6c6-6525a8930bfe:group-23727C586680 changes role from FOLLOWER to CANDIDATE at term 0 for changeToCandidate
2019-06-13 19:16:07,678 INFO  impl.RoleInfo (RoleInfo.java:updateAndGet(143)) - a142001f-0d64-4eb9-a6c6-6525a8930bfe: start LeaderElection
2019-06-13 19:16:07,695 INFO  impl.LeaderElection (LeaderElection.java:askForVotes(181)) - 2e5ecb75-8702-4a10-883a-e0f9d13cfc8d:group-23727C586680:LeaderElection5: begin an election at term 1 for -1: [a142001f-0d64-4eb9-a6c6-6525a8930bfe:192.168.46.41:46379, 2e5ecb75-8702-4a10-883a-e0f9d13cfc8d:192.168.46.41:46103, a8257c7b-2854-4851-a8bc-342abbecafbd:192.168.46.41:46407], old=null
2019-06-13 19:16:07,737 INFO  impl.FollowerState (FollowerState.java:run(101)) - 774b27b9-8fea-44aa-b1d3-58e3d790a3d9:group-D25F8F54BB52 changes to CANDIDATE, lastRpcTime:1128, electionTimeout:1127ms
2019-06-13 19:16:07,737 INFO  impl.RoleInfo (RoleInfo.java:shutdownFollowerState(121)) - 774b27b9-8fea-44aa-b1d3-58e3d790a3d9: shutdown FollowerState
2019-06-13 19:16:07,737 INFO  impl.RaftServerImpl (RaftServerImpl.java:setRole(164)) - 774b27b9-8fea-44aa-b1d3-58e3d790a3d9:group-D25F8F54BB52 changes role from FOLLOWER to CANDIDATE at term 0 for changeToCandidate
2019-06-13 19:16:07,737 INFO  impl.RoleInfo (RoleInfo.java:updateAndGet(143)) - 774b27b9-8fea-44aa-b1d3-58e3d790a3d9: start LeaderElection
2019-06-13 19:16:07,740 INFO  impl.LeaderElection (LeaderElection.java:askForVotes(181)) - a142001f-0d64-4eb9-a6c6-6525a8930bfe:group-23727C586680:LeaderElection6: begin an election at term 1 for -1: [a142001f-0d64-4eb9-a6c6-6525a8930bfe:192.168.46.41:46379, 2e5ecb75-8702-4a10-883a-e0f9d13cfc8d:192.168.46.41:46103, a8257c7b-2854-4851-a8bc-342abbecafbd:192.168.46.41:46407], old=null
2019-06-13 19:16:07,799 INFO  impl.LeaderElection (LeaderElection.java:logAndReturn(56)) - a8257c7b-2854-4851-a8bc-342abbecafbd:group-23727C586680:LeaderElection4: Election REJECTED; received 2 response(s) [a8257c7b-2854-4851-a8bc-342abbecafbd->a142001f-0d64-4eb9-a6c6-6525a8930bfe,false-t1, a8257c7b-2854-4851-a8bc-342abbecafbd->2e5ecb75-8702-4a10-883a-e0f9d13cfc8d,false-t1] and 0 exception(s); a8257c7b-2854-4851-a8bc-342abbecafbd:t1, leader=null, voted=a8257c7b-2854-4851-a8bc-342abbecafbd, raftlog=a8257c7b-2854-4851-a8bc-342abbecafbd-SegmentedRaftLog:OPENED:c-1,f-1,i0, conf=-1: [a142001f-0d64-4eb9-a6c6-6525a8930bfe:192.168.46.41:46379, 2e5ecb75-8702-4a10-883a-e0f9d13cfc8d:192.168.46.41:46103, a8257c7b-2854-4851-a8bc-342abbecafbd:192.168.46.41:46407], old=null
2019-06-13 19:16:07,800 INFO  impl.RaftServerImpl (RaftServerImpl.java:setRole(164)) - a8257c7b-2854-4851-a8bc-342abbecafbd:group-23727C586680 changes role from CANDIDATE to FOLLOWER at term 1 for DISCOVERED_A_NEW_TERM
2019-06-13 19:16:07,800 INFO  impl.RoleInfo (RoleInfo.java:shutdownLeaderElection(134)) - a8257c7b-2854-4851-a8bc-342abbecafbd: shutdown LeaderElection
2019-06-13 19:16:07,800 INFO  impl.RoleInfo (RoleInfo.java:updateAndGet(143)) - a8257c7b-2854-4851-a8bc-342abbecafbd: start FollowerState
2019-06-13 19:16:07,826 INFO  impl.LeaderElection (LeaderElection.java:logAndReturn(56)) - 2e5ecb75-8702-4a10-883a-e0f9d13cfc8d:group-23727C586680:LeaderElection5: Election REJECTED; received 2 response(s) [2e5ecb75-8702-4a10-883a-e0f9d13cfc8d->a142001f-0d64-4eb9-a6c6-6525a8930bfe,false-t1, 2e5ecb75-8702-4a10-883a-e0f9d13cfc8d->a8257c7b-2854-4851-a8bc-342abbecafbd,false-t1] and 0 exception(s); 2e5ecb75-8702-4a10-883a-e0f9d13cfc8d:t1, leader=null, voted=2e5ecb75-8702-4a10-883a-e0f9d13cfc8d, raftlog=2e5ecb75-8702-4a10-883a-e0f9d13cfc8d-SegmentedRaftLog:OPENED:c-1,f-1,i0, conf=-1: [a142001f-0d64-4eb9-a6c6-6525a8930bfe:192.168.46.41:46379, 2e5ecb75-8702-4a10-883a-e0f9d13cfc8d:192.168.46.41:46103, a8257c7b-2854-4851-a8bc-342abbecafbd:192.168.46.41:46407], old=null
2019-06-13 19:16:07,832 INFO  impl.RaftServerImpl (RaftServerImpl.java:setRole(164)) - 2e5ecb75-8702-4a10-883a-e0f9d13cfc8d:group-23727C586680 changes role from CANDIDATE to FOLLOWER at term 1 for DISCOVERED_A_NEW_TERM
2019-06-13 19:16:07,832 INFO  impl.RoleInfo (RoleInfo.java:shutdownLeaderElection(134)) - 2e5ecb75-8702-4a10-883a-e0f9d13cfc8d: shutdown LeaderElection
2019-06-13 19:16:07,832 INFO  impl.RoleInfo (RoleInfo.java:updateAndGet(143)) - 2e5ecb75-8702-4a10-883a-e0f9d13cfc8d: start FollowerState
2019-06-13 19:16:07,828 INFO  impl.LeaderElection (LeaderElection.java:askForVotes(181)) - 774b27b9-8fea-44aa-b1d3-58e3d790a3d9:group-D25F8F54BB52:LeaderElection7: begin an election at term 1 for -1: [774b27b9-8fea-44aa-b1d3-58e3d790a3d9:192.168.46.41:41667], old=null
2019-06-13 19:16:07,870 INFO  impl.RoleInfo (RoleInfo.java:shutdownLeaderElection(134)) - 774b27b9-8fea-44aa-b1d3-58e3d790a3d9: shutdown LeaderElection
2019-06-13 19:16:07,870 INFO  impl.RaftServerImpl (RaftServerImpl.java:setRole(164)) - 774b27b9-8fea-44aa-b1d3-58e3d790a3d9:group-D25F8F54BB52 changes role from CANDIDATE to LEADER at term 1 for changeToLeader
2019-06-13 19:16:07,870 INFO  impl.RaftServerImpl (ServerState.java:setLeader(263)) - 774b27b9-8fea-44aa-b1d3-58e3d790a3d9:group-D25F8F54BB52 change Leader from null to 774b27b9-8fea-44aa-b1d3-58e3d790a3d9 at term 1 for becomeLeader, leader elected after 1264ms
2019-06-13 19:16:07,850 INFO  impl.LeaderElection (LeaderElection.java:logAndReturn(56)) - a142001f-0d64-4eb9-a6c6-6525a8930bfe:group-23727C586680:LeaderElection6: Election REJECTED; received 2 response(s) [a142001f-0d64-4eb9-a6c6-6525a8930bfe->2e5ecb75-8702-4a10-883a-e0f9d13cfc8d,false-t1, a142001f-0d64-4eb9-a6c6-6525a8930bfe->a8257c7b-2854-4851-a8bc-342abbecafbd,false-t1] and 0 exception(s); a142001f-0d64-4eb9-a6c6-6525a8930bfe:t1, leader=null, voted=a142001f-0d64-4eb9-a6c6-6525a8930bfe, raftlog=a142001f-0d64-4eb9-a6c6-6525a8930bfe-SegmentedRaftLog:OPENED:c-1,f-1,i0, conf=-1: [a142001f-0d64-4eb9-a6c6-6525a8930bfe:192.168.46.41:46379, 2e5ecb75-8702-4a10-883a-e0f9d13cfc8d:192.168.46.41:46103, a8257c7b-2854-4851-a8bc-342abbecafbd:192.168.46.41:46407], old=null
2019-06-13 19:16:07,870 INFO  impl.RaftServerImpl (RaftServerImpl.java:setRole(164)) - a142001f-0d64-4eb9-a6c6-6525a8930bfe:group-23727C586680 changes role from CANDIDATE to FOLLOWER at term 1 for DISCOVERED_A_NEW_TERM
2019-06-13 19:16:07,870 INFO  impl.RoleInfo (RoleInfo.java:shutdownLeaderElection(134)) - a142001f-0d64-4eb9-a6c6-6525a8930bfe: shutdown LeaderElection
2019-06-13 19:16:07,870 INFO  impl.RoleInfo (RoleInfo.java:updateAndGet(143)) - a142001f-0d64-4eb9-a6c6-6525a8930bfe: start FollowerState
2019-06-13 19:16:07,895 INFO  impl.FollowerState (FollowerState.java:run(101)) - af0f96bc-94fa-4af2-950b-b72080e838cb:group-016AFE291C4B changes to CANDIDATE, lastRpcTime:1073, electionTimeout:1065ms
2019-06-13 19:16:07,909 INFO  impl.RoleInfo (RoleInfo.java:shutdownFollowerState(121)) - af0f96bc-94fa-4af2-950b-b72080e838cb: shutdown FollowerState
2019-06-13 19:16:07,909 INFO  impl.RaftServerImpl (RaftServerImpl.java:setRole(164)) - af0f96bc-94fa-4af2-950b-b72080e838cb:group-016AFE291C4B changes role from FOLLOWER to CANDIDATE at term 0 for changeToCandidate
2019-06-13 19:16:07,909 INFO  impl.RoleInfo (RoleInfo.java:updateAndGet(143)) - af0f96bc-94fa-4af2-950b-b72080e838cb: start LeaderElection
2019-06-13 19:16:07,898 INFO  server.RaftServerConfigKeys (ConfUtils.java:logGet(43)) - raft.server.staging.catchup.gap = 1000 (default)
2019-06-13 19:16:07,909 INFO  server.RaftServerConfigKeys (ConfUtils.java:logGet(43)) - raft.server.rpc.sleep.time = 25ms (default)
2019-06-13 19:16:07,917 INFO  server.RaftServerConfigKeys (ConfUtils.java:logGet(43)) - raft.server.watch.timeout = 10s (default)
2019-06-13 19:16:07,918 INFO  server.RaftServerConfigKeys (ConfUtils.java:logGet(43)) - raft.server.watch.timeout.denomination = 1s (default)
2019-06-13 19:16:07,918 INFO  impl.RoleInfo (RoleInfo.java:updateAndGet(143)) - 774b27b9-8fea-44aa-b1d3-58e3d790a3d9: start LeaderState
2019-06-13 19:16:07,919 INFO  storage.RaftLogWorker (RaftLogWorker.java:startLogSegment(298)) - 774b27b9-8fea-44aa-b1d3-58e3d790a3d9-RaftLogWorker: Starting segment from index:0
2019-06-13 19:16:07,926 INFO  impl.RaftServerImpl (ServerState.java:setRaftConf(361)) - 774b27b9-8fea-44aa-b1d3-58e3d790a3d9:group-D25F8F54BB52 set configuration 0: [774b27b9-8fea-44aa-b1d3-58e3d790a3d9:192.168.46.41:41667], old=null at 0
2019-06-13 19:16:07,961 INFO  impl.LeaderElection (LeaderElection.java:askForVotes(181)) - af0f96bc-94fa-4af2-950b-b72080e838cb:group-016AFE291C4B:LeaderElection8: begin an election at term 1 for -1: [af0f96bc-94fa-4af2-950b-b72080e838cb:192.168.46.41:38505], old=null
2019-06-13 19:16:07,962 INFO  impl.RoleInfo (RoleInfo.java:shutdownLeaderElection(134)) - af0f96bc-94fa-4af2-950b-b72080e838cb: shutdown LeaderElection
2019-06-13 19:16:07,962 INFO  impl.RaftServerImpl (RaftServerImpl.java:setRole(164)) - af0f96bc-94fa-4af2-950b-b72080e838cb:group-016AFE291C4B changes role from CANDIDATE to LEADER at term 1 for changeToLeader
2019-06-13 19:16:07,962 INFO  impl.RaftServerImpl (ServerState.java:setLeader(263)) - af0f96bc-94fa-4af2-950b-b72080e838cb:group-016AFE291C4B change Leader from null to af0f96bc-94fa-4af2-950b-b72080e838cb at term 1 for becomeLeader, leader elected after 1148ms
2019-06-13 19:16:07,981 INFO  server.RaftServerConfigKeys (ConfUtils.java:logGet(43)) - raft.server.staging.catchup.gap = 1000 (default)
2019-06-13 19:16:07,982 INFO  server.RaftServerConfigKeys (ConfUtils.java:logGet(43)) - raft.server.rpc.sleep.time = 25ms (default)
2019-06-13 19:16:07,982 INFO  server.RaftServerConfigKeys (ConfUtils.java:logGet(43)) - raft.server.watch.timeout = 10s (default)
2019-06-13 19:16:07,982 INFO  server.RaftServerConfigKeys (ConfUtils.java:logGet(43)) - raft.server.watch.timeout.denomination = 1s (default)
2019-06-13 19:16:07,982 INFO  impl.RoleInfo (RoleInfo.java:updateAndGet(143)) - af0f96bc-94fa-4af2-950b-b72080e838cb: start LeaderState
2019-06-13 19:16:07,982 INFO  storage.RaftLogWorker (RaftLogWorker.java:startLogSegment(298)) - af0f96bc-94fa-4af2-950b-b72080e838cb-RaftLogWorker: Starting segment from index:0
2019-06-13 19:16:07,985 INFO  impl.RaftServerImpl (ServerState.java:setRaftConf(361)) - af0f96bc-94fa-4af2-950b-b72080e838cb:group-016AFE291C4B set configuration 0: [af0f96bc-94fa-4af2-950b-b72080e838cb:192.168.46.41:38505], old=null at 0
2019-06-13 19:16:08,159 INFO  storage.RaftLogWorker (RaftLogWorker.java:execute(469)) - a8257c7b-2854-4851-a8bc-342abbecafbd-RaftLogWorker: created new log segment /opt/src/hadoop-ozone/integration-test/target/test-dir/MiniOzoneClusterImpl-c6308b24-cae8-4b4f-b190-8028dba5c0ac/datanode-1/data/ratis/851262f3-2868-4435-a558-bac77f0f07b2/current/log_inprogress_0
2019-06-13 19:16:08,209 INFO  storage.RaftLogWorker (RaftLogWorker.java:execute(469)) - af0f96bc-94fa-4af2-950b-b72080e838cb-RaftLogWorker: created new log segment /opt/src/hadoop-ozone/integration-test/target/test-dir/MiniOzoneClusterImpl-c6308b24-cae8-4b4f-b190-8028dba5c0ac/datanode-4/data/ratis/62279ecf-99c2-46f0-95da-016afe291c4b/current/log_inprogress_0
2019-06-13 19:16:08,228 INFO  storage.RaftLogWorker (RaftLogWorker.java:execute(469)) - 774b27b9-8fea-44aa-b1d3-58e3d790a3d9-RaftLogWorker: created new log segment /opt/src/hadoop-ozone/integration-test/target/test-dir/MiniOzoneClusterImpl-c6308b24-cae8-4b4f-b190-8028dba5c0ac/datanode-3/data/ratis/321c5de4-bd78-4c2c-92c4-d25f8f54bb52/current/log_inprogress_0
2019-06-13 19:16:08,228 INFO  storage.RaftLogWorker (RaftLogWorker.java:execute(469)) - 2e5ecb75-8702-4a10-883a-e0f9d13cfc8d-RaftLogWorker: created new log segment /opt/src/hadoop-ozone/integration-test/target/test-dir/MiniOzoneClusterImpl-c6308b24-cae8-4b4f-b190-8028dba5c0ac/datanode-0/data/ratis/22ad9ef8-56d2-44d9-af57-f6781c7f00ea/current/log_inprogress_0
2019-06-13 19:16:08,230 INFO  storage.RaftLogWorker (RaftLogWorker.java:execute(469)) - a142001f-0d64-4eb9-a6c6-6525a8930bfe-RaftLogWorker: created new log segment /opt/src/hadoop-ozone/integration-test/target/test-dir/MiniOzoneClusterImpl-c6308b24-cae8-4b4f-b190-8028dba5c0ac/datanode-2/data/ratis/36625ec1-7c2e-423b-8699-faaf2364b1cb/current/log_inprogress_0
2019-06-13 19:16:08,254 INFO  ozone.MiniOzoneClusterImpl (MiniOzoneClusterImpl.java:lambda$waitForClusterToBeReady$0(142)) - Cluster is ready. Got 6 of 6 DN Heartbeats.
]]></system-out>
    <system-err><![CDATA[ERROR StatusLogger No Log4j 2 configuration file found. Using default configuration (logging only errors to the console), or user programmatically provided configurations. Set system property 'log4j2.debug' to show Log4j 2 internal initialization logging. See https://logging.apache.org/log4j/2.x/manual/configuration.html for instructions on how to configure Log4j 2
Jun 13, 2019 7:16:00 PM com.sun.jersey.server.impl.application.WebApplicationImpl _initiate
INFO: Initiating Jersey application, version 'Jersey: 1.19 02/11/2015 03:25 AM'
Jun 13, 2019 7:16:01 PM com.sun.jersey.server.impl.application.WebApplicationImpl _initiate
INFO: Initiating Jersey application, version 'Jersey: 1.19 02/11/2015 03:25 AM'
Jun 13, 2019 7:16:01 PM com.sun.jersey.server.impl.application.WebApplicationImpl _initiate
INFO: Initiating Jersey application, version 'Jersey: 1.19 02/11/2015 03:25 AM'
Jun 13, 2019 7:16:02 PM com.sun.jersey.server.impl.application.WebApplicationImpl _initiate
INFO: Initiating Jersey application, version 'Jersey: 1.19 02/11/2015 03:25 AM'
Jun 13, 2019 7:16:02 PM com.sun.jersey.server.impl.application.WebApplicationImpl _initiate
INFO: Initiating Jersey application, version 'Jersey: 1.19 02/11/2015 03:25 AM'
Jun 13, 2019 7:16:03 PM com.sun.jersey.server.impl.application.WebApplicationImpl _initiate
INFO: Initiating Jersey application, version 'Jersey: 1.19 02/11/2015 03:25 AM'
]]></system-err>
  </testcase>
</testsuite>