<?xml version="1.0" encoding="UTF-8"?>
<testsuite xmlns:xsi="http://www.w3.org/2001/XMLSchema-instance" xsi:noNamespaceSchemaLocation="https://maven.apache.org/surefire/maven-surefire-plugin/xsd/surefire-test-report.xsd" name="org.apache.hadoop.ozone.freon.TestFreonWithPipelineDestroy" time="16.919" tests="1" errors="1" skipped="0" failures="0">
  <properties>
    <property name="awt.toolkit" value="sun.awt.X11.XToolkit"/>
    <property name="file.encoding.pkg" value="sun.io"/>
    <property name="java.specification.version" value="1.8"/>
    <property name="sun.cpu.isalist" value=""/>
    <property name="sun.jnu.encoding" value="UTF-8"/>
    <property name="java.class.path" value="/opt/src/hadoop-ozone/tools/target/test-classes:/opt/src/hadoop-ozone/tools/target/classes:/opt/src/hadoop-ozone/ozone-manager/target/classes:/opt/src/hadoop-hdds/docs/target/classes:/root/.m2/repository/org/bouncycastle/bcprov-jdk15on/1.60/bcprov-jdk15on-1.60.jar:/opt/src/hadoop-ozone/common/target/classes:/root/.m2/repository/org/apache/commons/commons-compress/1.4.1/commons-compress-1.4.1.jar:/root/.m2/repository/org/tukaani/xz/1.0/xz-1.0.jar:/root/.m2/repository/org/apache/hadoop/hadoop-hdfs-client/3.2.0/hadoop-hdfs-client-3.2.0.jar:/root/.m2/repository/com/fasterxml/jackson/core/jackson-annotations/2.9.5/jackson-annotations-2.9.5.jar:/opt/src/hadoop-hdds/common/target/classes:/opt/src/hadoop-hdds/config/target/classes:/root/.m2/repository/javax/annotation/javax.annotation-api/1.2/javax.annotation-api-1.2.jar:/root/.m2/repository/org/apache/ratis/ratis-server/0.4.0-fe2b15d-SNAPSHOT/ratis-server-0.4.0-fe2b15d-SNAPSHOT.jar:/root/.m2/repository/org/apache/ratis/ratis-thirdparty-misc/0.2.0/ratis-thirdparty-misc-0.2.0.jar:/root/.m2/repository/org/apache/ratis/ratis-proto/0.4.0-fe2b15d-SNAPSHOT/ratis-proto-0.4.0-fe2b15d-SNAPSHOT.jar:/root/.m2/repository/org/apache/ratis/ratis-common/0.4.0-fe2b15d-SNAPSHOT/ratis-common-0.4.0-fe2b15d-SNAPSHOT.jar:/root/.m2/repository/org/apache/ratis/ratis-client/0.4.0-fe2b15d-SNAPSHOT/ratis-client-0.4.0-fe2b15d-SNAPSHOT.jar:/root/.m2/repository/org/apache/ratis/ratis-netty/0.4.0-fe2b15d-SNAPSHOT/ratis-netty-0.4.0-fe2b15d-SNAPSHOT.jar:/root/.m2/repository/org/apache/ratis/ratis-grpc/0.4.0-fe2b15d-SNAPSHOT/ratis-grpc-0.4.0-fe2b15d-SNAPSHOT.jar:/root/.m2/repository/org/rocksdb/rocksdbjni/5.14.2/rocksdbjni-5.14.2.jar:/root/.m2/repository/org/apache/logging/log4j/log4j-api/2.11.0/log4j-api-2.11.0.jar:/root/.m2/repository/org/apache/logging/log4j/log4j-core/2.11.0/log4j-core-2.11.0.jar:/root/.m2/repository/com/lmax/disruptor/3.4.2/disruptor-3.4.2.jar:/root/.m2/repository/org/apache/commons/commons-pool2/2.6.0/commons-pool2-2.6.0.jar:/root/.m2/repository/org/bouncycastle/bcpkix-jdk15on/1.60/bcpkix-jdk15on-1.60.jar:/root/.m2/repository/commons-validator/commons-validator/1.6/commons-validator-1.6.jar:/root/.m2/repository/commons-digester/commons-digester/1.8.1/commons-digester-1.8.1.jar:/root/.m2/repository/io/jaegertracing/jaeger-client/0.33.1/jaeger-client-0.33.1.jar:/root/.m2/repository/io/jaegertracing/jaeger-thrift/0.33.1/jaeger-thrift-0.33.1.jar:/root/.m2/repository/org/apache/thrift/libthrift/0.11.0/libthrift-0.11.0.jar:/root/.m2/repository/com/squareup/okhttp3/okhttp/3.9.0/okhttp-3.9.0.jar:/root/.m2/repository/com/squareup/okio/okio/1.13.0/okio-1.13.0.jar:/root/.m2/repository/io/jaegertracing/jaeger-core/0.33.1/jaeger-core-0.33.1.jar:/root/.m2/repository/io/jaegertracing/jaeger-tracerresolver/0.33.1/jaeger-tracerresolver-0.33.1.jar:/root/.m2/repository/io/opentracing/contrib/opentracing-tracerresolver/0.1.5/opentracing-tracerresolver-0.1.5.jar:/root/.m2/repository/io/opentracing/opentracing-util/0.31.0/opentracing-util-0.31.0.jar:/root/.m2/repository/io/opentracing/opentracing-api/0.31.0/opentracing-api-0.31.0.jar:/root/.m2/repository/io/opentracing/opentracing-noop/0.31.0/opentracing-noop-0.31.0.jar:/root/.m2/repository/org/yaml/snakeyaml/1.16/snakeyaml-1.16.jar:/opt/src/hadoop-hdds/server-scm/target/classes:/root/.m2/repository/org/hamcrest/hamcrest-all/1.3/hamcrest-all-1.3.jar:/opt/src/hadoop-hdds/container-service/target/classes:/opt/src/hadoop-hdds/client/target/classes:/opt/src/hadoop-hdds/tools/target/classes:/root/.m2/repository/org/xerial/sqlite-jdbc/3.25.2/sqlite-jdbc-3.25.2.jar:/opt/src/hadoop-ozone/client/target/classes:/opt/src/hadoop-ozone/ozonefs/target/classes:/opt/src/hadoop-hdds/framework/target/classes:/root/.m2/repository/info/picocli/picocli/3.9.6/picocli-3.9.6.jar:/root/.m2/repository/com/google/protobuf/protobuf-java/2.5.0/protobuf-java-2.5.0.jar:/root/.m2/repository/com/google/guava/guava/11.0.2/guava-11.0.2.jar:/root/.m2/repository/org/apache/hadoop/hadoop-common/3.2.0/hadoop-common-3.2.0.jar:/root/.m2/repository/org/apache/hadoop/hadoop-annotations/3.2.0/hadoop-annotations-3.2.0.jar:/usr/lib/jvm/java-1.8-openjdk/jre/../lib/tools.jar:/root/.m2/repository/commons-cli/commons-cli/1.2/commons-cli-1.2.jar:/root/.m2/repository/org/apache/commons/commons-math3/3.1.1/commons-math3-3.1.1.jar:/root/.m2/repository/org/apache/httpcomponents/httpclient/4.5.2/httpclient-4.5.2.jar:/root/.m2/repository/org/apache/httpcomponents/httpcore/4.4.4/httpcore-4.4.4.jar:/root/.m2/repository/commons-codec/commons-codec/1.11/commons-codec-1.11.jar:/root/.m2/repository/commons-io/commons-io/2.5/commons-io-2.5.jar:/root/.m2/repository/commons-net/commons-net/3.6/commons-net-3.6.jar:/root/.m2/repository/commons-collections/commons-collections/3.2.2/commons-collections-3.2.2.jar:/root/.m2/repository/javax/servlet/javax.servlet-api/3.1.0/javax.servlet-api-3.1.0.jar:/root/.m2/repository/org/eclipse/jetty/jetty-server/9.3.24.v20180605/jetty-server-9.3.24.v20180605.jar:/root/.m2/repository/org/eclipse/jetty/jetty-http/9.3.24.v20180605/jetty-http-9.3.24.v20180605.jar:/root/.m2/repository/org/eclipse/jetty/jetty-io/9.3.24.v20180605/jetty-io-9.3.24.v20180605.jar:/root/.m2/repository/org/eclipse/jetty/jetty-util/9.3.24.v20180605/jetty-util-9.3.24.v20180605.jar:/root/.m2/repository/org/eclipse/jetty/jetty-servlet/9.3.24.v20180605/jetty-servlet-9.3.24.v20180605.jar:/root/.m2/repository/org/eclipse/jetty/jetty-security/9.3.24.v20180605/jetty-security-9.3.24.v20180605.jar:/root/.m2/repository/org/eclipse/jetty/jetty-webapp/9.3.24.v20180605/jetty-webapp-9.3.24.v20180605.jar:/root/.m2/repository/org/eclipse/jetty/jetty-xml/9.3.24.v20180605/jetty-xml-9.3.24.v20180605.jar:/root/.m2/repository/javax/servlet/jsp/jsp-api/2.1/jsp-api-2.1.jar:/root/.m2/repository/com/sun/jersey/jersey-core/1.19/jersey-core-1.19.jar:/root/.m2/repository/javax/ws/rs/jsr311-api/1.1.1/jsr311-api-1.1.1.jar:/root/.m2/repository/com/sun/jersey/jersey-servlet/1.19/jersey-servlet-1.19.jar:/root/.m2/repository/com/sun/jersey/jersey-json/1.19/jersey-json-1.19.jar:/root/.m2/repository/org/codehaus/jettison/jettison/1.1/jettison-1.1.jar:/root/.m2/repository/com/sun/xml/bind/jaxb-impl/2.3.0.1/jaxb-impl-2.3.0.1.jar:/root/.m2/repository/org/codehaus/jackson/jackson-core-asl/1.9.13/jackson-core-asl-1.9.13.jar:/root/.m2/repository/org/codehaus/jackson/jackson-mapper-asl/1.9.13/jackson-mapper-asl-1.9.13.jar:/root/.m2/repository/org/codehaus/jackson/jackson-jaxrs/1.9.13/jackson-jaxrs-1.9.13.jar:/root/.m2/repository/org/codehaus/jackson/jackson-xc/1.9.13/jackson-xc-1.9.13.jar:/root/.m2/repository/com/sun/jersey/jersey-server/1.19/jersey-server-1.19.jar:/root/.m2/repository/commons-logging/commons-logging/1.1.3/commons-logging-1.1.3.jar:/root/.m2/repository/log4j/log4j/1.2.17/log4j-1.2.17.jar:/root/.m2/repository/commons-beanutils/commons-beanutils/1.9.3/commons-beanutils-1.9.3.jar:/root/.m2/repository/org/apache/commons/commons-configuration2/2.1.1/commons-configuration2-2.1.1.jar:/root/.m2/repository/org/apache/commons/commons-lang3/3.7/commons-lang3-3.7.jar:/root/.m2/repository/org/apache/commons/commons-text/1.4/commons-text-1.4.jar:/root/.m2/repository/org/slf4j/slf4j-api/1.7.25/slf4j-api-1.7.25.jar:/root/.m2/repository/org/slf4j/slf4j-log4j12/1.7.25/slf4j-log4j12-1.7.25.jar:/root/.m2/repository/org/apache/avro/avro/1.7.7/avro-1.7.7.jar:/root/.m2/repository/com/thoughtworks/paranamer/paranamer/2.3/paranamer-2.3.jar:/root/.m2/repository/org/xerial/snappy/snappy-java/1.0.5/snappy-java-1.0.5.jar:/root/.m2/repository/com/google/re2j/re2j/1.1/re2j-1.1.jar:/root/.m2/repository/com/google/code/gson/gson/2.2.4/gson-2.2.4.jar:/root/.m2/repository/org/apache/hadoop/hadoop-auth/3.2.0/hadoop-auth-3.2.0.jar:/root/.m2/repository/com/nimbusds/nimbus-jose-jwt/4.41.1/nimbus-jose-jwt-4.41.1.jar:/root/.m2/repository/com/github/stephenc/jcip/jcip-annotations/1.0-1/jcip-annotations-1.0-1.jar:/root/.m2/repository/net/minidev/json-smart/2.3/json-smart-2.3.jar:/root/.m2/repository/net/minidev/accessors-smart/1.2/accessors-smart-1.2.jar:/root/.m2/repository/org/apache/curator/curator-framework/2.12.0/curator-framework-2.12.0.jar:/root/.m2/repository/com/jcraft/jsch/0.1.54/jsch-0.1.54.jar:/root/.m2/repository/org/apache/curator/curator-client/2.12.0/curator-client-2.12.0.jar:/root/.m2/repository/org/apache/curator/curator-recipes/2.12.0/curator-recipes-2.12.0.jar:/root/.m2/repository/com/google/code/findbugs/jsr305/3.0.0/jsr305-3.0.0.jar:/root/.m2/repository/org/apache/htrace/htrace-core4/4.1.0-incubating/htrace-core4-4.1.0-incubating.jar:/root/.m2/repository/org/apache/zookeeper/zookeeper/3.4.13/zookeeper-3.4.13.jar:/root/.m2/repository/org/apache/yetus/audience-annotations/0.5.0/audience-annotations-0.5.0.jar:/root/.m2/repository/org/apache/kerby/kerb-simplekdc/1.0.1/kerb-simplekdc-1.0.1.jar:/root/.m2/repository/org/apache/kerby/kerb-client/1.0.1/kerb-client-1.0.1.jar:/root/.m2/repository/org/apache/kerby/kerby-config/1.0.1/kerby-config-1.0.1.jar:/root/.m2/repository/org/apache/kerby/kerb-core/1.0.1/kerb-core-1.0.1.jar:/root/.m2/repository/org/apache/kerby/kerby-pkix/1.0.1/kerby-pkix-1.0.1.jar:/root/.m2/repository/org/apache/kerby/kerby-asn1/1.0.1/kerby-asn1-1.0.1.jar:/root/.m2/repository/org/apache/kerby/kerby-util/1.0.1/kerby-util-1.0.1.jar:/root/.m2/repository/org/apache/kerby/kerb-common/1.0.1/kerb-common-1.0.1.jar:/root/.m2/repository/org/apache/kerby/kerb-crypto/1.0.1/kerb-crypto-1.0.1.jar:/root/.m2/repository/org/apache/kerby/kerb-util/1.0.1/kerb-util-1.0.1.jar:/root/.m2/repository/org/apache/kerby/token-provider/1.0.1/token-provider-1.0.1.jar:/root/.m2/repository/org/apache/kerby/kerb-admin/1.0.1/kerb-admin-1.0.1.jar:/root/.m2/repository/org/apache/kerby/kerb-server/1.0.1/kerb-server-1.0.1.jar:/root/.m2/repository/org/apache/kerby/kerb-identity/1.0.1/kerb-identity-1.0.1.jar:/root/.m2/repository/org/apache/kerby/kerby-xdr/1.0.1/kerby-xdr-1.0.1.jar:/root/.m2/repository/com/fasterxml/jackson/core/jackson-databind/2.9.5/jackson-databind-2.9.5.jar:/root/.m2/repository/com/fasterxml/jackson/core/jackson-core/2.9.5/jackson-core-2.9.5.jar:/root/.m2/repository/org/codehaus/woodstox/stax2-api/3.1.4/stax2-api-3.1.4.jar:/root/.m2/repository/com/fasterxml/woodstox/woodstox-core/5.0.3/woodstox-core-5.0.3.jar:/root/.m2/repository/dnsjava/dnsjava/2.1.7/dnsjava-2.1.7.jar:/root/.m2/repository/org/apache/hadoop/hadoop-hdfs/3.2.0/hadoop-hdfs-3.2.0.jar:/root/.m2/repository/org/eclipse/jetty/jetty-util-ajax/9.3.24.v20180605/jetty-util-ajax-9.3.24.v20180605.jar:/root/.m2/repository/commons-daemon/commons-daemon/1.0.13/commons-daemon-1.0.13.jar:/root/.m2/repository/io/netty/netty/3.10.5.Final/netty-3.10.5.Final.jar:/root/.m2/repository/io/netty/netty-all/4.0.52.Final/netty-all-4.0.52.Final.jar:/root/.m2/repository/org/fusesource/leveldbjni/leveldbjni-all/1.8/leveldbjni-all-1.8.jar:/root/.m2/repository/com/sun/xml/bind/jaxb-core/2.3.0.1/jaxb-core-2.3.0.1.jar:/root/.m2/repository/javax/xml/bind/jaxb-api/2.3.0/jaxb-api-2.3.0.jar:/root/.m2/repository/javax/activation/activation/1.1.1/activation-1.1.1.jar:/root/.m2/repository/io/dropwizard/metrics/metrics-core/3.2.4/metrics-core-3.2.4.jar:/root/.m2/repository/org/openjdk/jmh/jmh-core/1.19/jmh-core-1.19.jar:/root/.m2/repository/net/sf/jopt-simple/jopt-simple/4.6/jopt-simple-4.6.jar:/root/.m2/repository/org/openjdk/jmh/jmh-generator-annprocess/1.19/jmh-generator-annprocess-1.19.jar:/root/.m2/repository/com/google/code/findbugs/findbugs/3.0.1/findbugs-3.0.1.jar:/root/.m2/repository/net/jcip/jcip-annotations/1.0/jcip-annotations-1.0.jar:/root/.m2/repository/com/google/code/findbugs/bcel-findbugs/6.0/bcel-findbugs-6.0.jar:/root/.m2/repository/com/google/code/findbugs/jFormatString/2.0.1/jFormatString-2.0.1.jar:/root/.m2/repository/dom4j/dom4j/1.6.1/dom4j-1.6.1.jar:/root/.m2/repository/xml-apis/xml-apis/1.0.b2/xml-apis-1.0.b2.jar:/root/.m2/repository/org/ow2/asm/asm-debug-all/5.0.2/asm-debug-all-5.0.2.jar:/root/.m2/repository/org/ow2/asm/asm-commons/5.0.2/asm-commons-5.0.2.jar:/root/.m2/repository/org/ow2/asm/asm-tree/5.0.2/asm-tree-5.0.2.jar:/root/.m2/repository/org/ow2/asm/asm/5.0.4/asm-5.0.4.jar:/root/.m2/repository/commons-lang/commons-lang/2.6/commons-lang-2.6.jar:/root/.m2/repository/com/apple/AppleJavaExtensions/1.4/AppleJavaExtensions-1.4.jar:/root/.m2/repository/jaxen/jaxen/1.1.6/jaxen-1.1.6.jar:/root/.m2/repository/junit/junit/4.11/junit-4.11.jar:/root/.m2/repository/org/hamcrest/hamcrest-core/1.3/hamcrest-core-1.3.jar:/root/.m2/repository/org/apache/hadoop/hadoop-common/3.2.0/hadoop-common-3.2.0-tests.jar:/root/.m2/repository/org/apache/hadoop/hadoop-ozone-integration-test/0.5.0-SNAPSHOT/hadoop-ozone-integration-test-0.5.0-SNAPSHOT-tests.jar:/opt/src/hadoop-ozone/objectstore-service/target/classes:/opt/src/hadoop-ozone/s3gateway/target/classes:/root/.m2/repository/org/jboss/weld/servlet/weld-servlet/2.4.7.Final/weld-servlet-2.4.7.Final.jar:/root/.m2/repository/org/glassfish/jersey/containers/jersey-container-servlet-core/2.27/jersey-container-servlet-core-2.27.jar:/root/.m2/repository/org/glassfish/hk2/external/javax.inject/2.5.0-b42/javax.inject-2.5.0-b42.jar:/root/.m2/repository/org/glassfish/jersey/core/jersey-common/2.27/jersey-common-2.27.jar:/root/.m2/repository/org/glassfish/hk2/osgi-resource-locator/1.0.1/osgi-resource-locator-1.0.1.jar:/root/.m2/repository/javax/ws/rs/javax.ws.rs-api/2.1/javax.ws.rs-api-2.1.jar:/root/.m2/repository/org/glassfish/jersey/ext/cdi/jersey-cdi1x/2.27/jersey-cdi1x-2.27.jar:/root/.m2/repository/org/glassfish/jersey/inject/jersey-hk2/2.27/jersey-hk2-2.27.jar:/root/.m2/repository/org/glassfish/hk2/hk2-locator/2.5.0-b42/hk2-locator-2.5.0-b42.jar:/root/.m2/repository/org/javassist/javassist/3.22.0-CR2/javassist-3.22.0-CR2.jar:/root/.m2/repository/org/glassfish/hk2/hk2-api/2.5.0/hk2-api-2.5.0.jar:/root/.m2/repository/org/glassfish/hk2/external/jakarta.inject/2.5.0/jakarta.inject-2.5.0.jar:/root/.m2/repository/org/glassfish/hk2/hk2-utils/2.5.0/hk2-utils-2.5.0.jar:/root/.m2/repository/jakarta/annotation/jakarta.annotation-api/1.3.4/jakarta.annotation-api-1.3.4.jar:/root/.m2/repository/org/glassfish/hk2/external/aopalliance-repackaged/2.5.0/aopalliance-repackaged-2.5.0.jar:/root/.m2/repository/com/fasterxml/jackson/dataformat/jackson-dataformat-xml/2.9.0/jackson-dataformat-xml-2.9.0.jar:/root/.m2/repository/com/fasterxml/jackson/module/jackson-module-jaxb-annotations/2.9.5/jackson-module-jaxb-annotations-2.9.5.jar:/root/.m2/repository/javax/enterprise/cdi-api/1.2/cdi-api-1.2.jar:/root/.m2/repository/javax/el/javax.el-api/3.0.0/javax.el-api-3.0.0.jar:/root/.m2/repository/javax/interceptor/javax.interceptor-api/1.2/javax.interceptor-api-1.2.jar:/root/.m2/repository/javax/inject/javax.inject/1/javax.inject-1.jar:/opt/src/hadoop-ozone/csi/target/classes:/root/.m2/repository/com/google/protobuf/protobuf-java-util/3.5.1/protobuf-java-util-3.5.1.jar:/root/.m2/repository/io/grpc/grpc-netty/1.17.1/grpc-netty-1.17.1.jar:/root/.m2/repository/io/grpc/grpc-core/1.17.1/grpc-core-1.17.1.jar:/root/.m2/repository/io/grpc/grpc-context/1.17.1/grpc-context-1.17.1.jar:/root/.m2/repository/com/google/errorprone/error_prone_annotations/2.2.0/error_prone_annotations-2.2.0.jar:/root/.m2/repository/org/codehaus/mojo/animal-sniffer-annotations/1.17/animal-sniffer-annotations-1.17.jar:/root/.m2/repository/io/opencensus/opencensus-api/0.17.0/opencensus-api-0.17.0.jar:/root/.m2/repository/io/opencensus/opencensus-contrib-grpc-metrics/0.17.0/opencensus-contrib-grpc-metrics-0.17.0.jar:/root/.m2/repository/io/netty/netty-codec-http2/4.1.30.Final/netty-codec-http2-4.1.30.Final.jar:/root/.m2/repository/io/netty/netty-codec-http/4.1.30.Final/netty-codec-http-4.1.30.Final.jar:/root/.m2/repository/io/netty/netty-codec/4.1.30.Final/netty-codec-4.1.30.Final.jar:/root/.m2/repository/io/netty/netty-handler/4.1.30.Final/netty-handler-4.1.30.Final.jar:/root/.m2/repository/io/netty/netty-handler-proxy/4.1.30.Final/netty-handler-proxy-4.1.30.Final.jar:/root/.m2/repository/io/netty/netty-codec-socks/4.1.30.Final/netty-codec-socks-4.1.30.Final.jar:/root/.m2/repository/io/netty/netty-transport-native-epoll/4.1.30.Final/netty-transport-native-epoll-4.1.30.Final.jar:/root/.m2/repository/io/netty/netty-common/4.1.30.Final/netty-common-4.1.30.Final.jar:/root/.m2/repository/io/netty/netty-buffer/4.1.30.Final/netty-buffer-4.1.30.Final.jar:/root/.m2/repository/io/netty/netty-transport/4.1.30.Final/netty-transport-4.1.30.Final.jar:/root/.m2/repository/io/netty/netty-resolver/4.1.30.Final/netty-resolver-4.1.30.Final.jar:/root/.m2/repository/io/netty/netty-transport-native-unix-common/4.1.30.Final/netty-transport-native-unix-common-4.1.30.Final.jar:/root/.m2/repository/io/grpc/grpc-protobuf/1.17.1/grpc-protobuf-1.17.1.jar:/root/.m2/repository/com/google/api/grpc/proto-google-common-protos/1.0.0/proto-google-common-protos-1.0.0.jar:/root/.m2/repository/io/grpc/grpc-protobuf-lite/1.17.1/grpc-protobuf-lite-1.17.1.jar:/root/.m2/repository/io/grpc/grpc-stub/1.17.1/grpc-stub-1.17.1.jar:/opt/src/hadoop-ozone/ozone-recon/target/classes:/opt/src/hadoop-ozone/ozone-recon-codegen/target/classes:/root/.m2/repository/com/google/inject/extensions/guice-multibindings/4.0/guice-multibindings-4.0.jar:/root/.m2/repository/com/google/inject/guice/4.0/guice-4.0.jar:/root/.m2/repository/aopalliance/aopalliance/1.0/aopalliance-1.0.jar:/root/.m2/repository/com/google/inject/extensions/guice-servlet/4.0/guice-servlet-4.0.jar:/root/.m2/repository/org/glassfish/jersey/containers/jersey-container-servlet/2.27/jersey-container-servlet-2.27.jar:/root/.m2/repository/org/glassfish/hk2/guice-bridge/2.5.0/guice-bridge-2.5.0.jar:/root/.m2/repository/org/glassfish/jersey/core/jersey-server/2.27/jersey-server-2.27.jar:/root/.m2/repository/org/glassfish/jersey/core/jersey-client/2.27/jersey-client-2.27.jar:/root/.m2/repository/org/glassfish/jersey/media/jersey-media-jaxb/2.27/jersey-media-jaxb-2.27.jar:/root/.m2/repository/javax/validation/validation-api/1.1.0.Final/validation-api-1.1.0.Final.jar:/root/.m2/repository/org/glassfish/jersey/media/jersey-media-json-jackson/2.27/jersey-media-json-jackson-2.27.jar:/root/.m2/repository/org/glassfish/jersey/ext/jersey-entity-filtering/2.27/jersey-entity-filtering-2.27.jar:/root/.m2/repository/com/google/inject/extensions/guice-assistedinject/4.0/guice-assistedinject-4.0.jar:/root/.m2/repository/org/jooq/jooq/3.11.10/jooq-3.11.10.jar:/root/.m2/repository/org/jooq/jooq-meta/3.11.10/jooq-meta-3.11.10.jar:/root/.m2/repository/org/jooq/jooq-codegen/3.11.10/jooq-codegen-3.11.10.jar:/root/.m2/repository/com/jolbox/bonecp/0.8.0.RELEASE/bonecp-0.8.0.RELEASE.jar:/root/.m2/repository/org/springframework/spring-jdbc/5.1.3.RELEASE/spring-jdbc-5.1.3.RELEASE.jar:/root/.m2/repository/org/springframework/spring-beans/5.1.3.RELEASE/spring-beans-5.1.3.RELEASE.jar:/root/.m2/repository/org/springframework/spring-core/5.1.3.RELEASE/spring-core-5.1.3.RELEASE.jar:/root/.m2/repository/org/springframework/spring-jcl/5.1.3.RELEASE/spring-jcl-5.1.3.RELEASE.jar:/root/.m2/repository/org/springframework/spring-tx/5.1.3.RELEASE/spring-tx-5.1.3.RELEASE.jar:/root/.m2/repository/org/mockito/mockito-core/2.15.0/mockito-core-2.15.0.jar:/root/.m2/repository/net/bytebuddy/byte-buddy/1.7.9/byte-buddy-1.7.9.jar:/root/.m2/repository/net/bytebuddy/byte-buddy-agent/1.7.9/byte-buddy-agent-1.7.9.jar:/root/.m2/repository/org/objenesis/objenesis/1.0/objenesis-1.0.jar:"/>
    <property name="java.vm.vendor" value="IcedTea"/>
    <property name="sun.arch.data.model" value="64"/>
    <property name="test.build.dir" value="/opt/src/hadoop-ozone/tools/target/test-dir"/>
    <property name="test.cache.data" value=""/>
    <property name="java.vendor.url" value="https://icedtea.classpath.org"/>
    <property name="user.timezone" value=""/>
    <property name="java.vm.specification.version" value="1.8"/>
    <property name="os.name" value="Linux"/>
    <property name="test.build.data" value="/opt/src/hadoop-ozone/tools/target/test-dir"/>
    <property name="user.country" value="US"/>
    <property name="sun.java.launcher" value="SUN_STANDARD"/>
    <property name="sun.boot.library.path" value="/usr/lib/jvm/java-1.8-openjdk/jre/lib/amd64"/>
    <property name="sun.java.command" value="/opt/src/hadoop-ozone/tools/target/surefire/surefirebooter8190036007672912201.jar /opt/src/hadoop-ozone/tools/target/surefire 2019-06-13T06-24-17_255-jvmRun1 surefire1614259606017912590tmp surefire_901129629556700465991tmp"/>
    <property name="surefire.test.class.path" value="/opt/src/hadoop-ozone/tools/target/test-classes:/opt/src/hadoop-ozone/tools/target/classes:/opt/src/hadoop-ozone/ozone-manager/target/classes:/opt/src/hadoop-hdds/docs/target/classes:/root/.m2/repository/org/bouncycastle/bcprov-jdk15on/1.60/bcprov-jdk15on-1.60.jar:/opt/src/hadoop-ozone/common/target/classes:/root/.m2/repository/org/apache/commons/commons-compress/1.4.1/commons-compress-1.4.1.jar:/root/.m2/repository/org/tukaani/xz/1.0/xz-1.0.jar:/root/.m2/repository/org/apache/hadoop/hadoop-hdfs-client/3.2.0/hadoop-hdfs-client-3.2.0.jar:/root/.m2/repository/com/fasterxml/jackson/core/jackson-annotations/2.9.5/jackson-annotations-2.9.5.jar:/opt/src/hadoop-hdds/common/target/classes:/opt/src/hadoop-hdds/config/target/classes:/root/.m2/repository/javax/annotation/javax.annotation-api/1.2/javax.annotation-api-1.2.jar:/root/.m2/repository/org/apache/ratis/ratis-server/0.4.0-fe2b15d-SNAPSHOT/ratis-server-0.4.0-fe2b15d-SNAPSHOT.jar:/root/.m2/repository/org/apache/ratis/ratis-thirdparty-misc/0.2.0/ratis-thirdparty-misc-0.2.0.jar:/root/.m2/repository/org/apache/ratis/ratis-proto/0.4.0-fe2b15d-SNAPSHOT/ratis-proto-0.4.0-fe2b15d-SNAPSHOT.jar:/root/.m2/repository/org/apache/ratis/ratis-common/0.4.0-fe2b15d-SNAPSHOT/ratis-common-0.4.0-fe2b15d-SNAPSHOT.jar:/root/.m2/repository/org/apache/ratis/ratis-client/0.4.0-fe2b15d-SNAPSHOT/ratis-client-0.4.0-fe2b15d-SNAPSHOT.jar:/root/.m2/repository/org/apache/ratis/ratis-netty/0.4.0-fe2b15d-SNAPSHOT/ratis-netty-0.4.0-fe2b15d-SNAPSHOT.jar:/root/.m2/repository/org/apache/ratis/ratis-grpc/0.4.0-fe2b15d-SNAPSHOT/ratis-grpc-0.4.0-fe2b15d-SNAPSHOT.jar:/root/.m2/repository/org/rocksdb/rocksdbjni/5.14.2/rocksdbjni-5.14.2.jar:/root/.m2/repository/org/apache/logging/log4j/log4j-api/2.11.0/log4j-api-2.11.0.jar:/root/.m2/repository/org/apache/logging/log4j/log4j-core/2.11.0/log4j-core-2.11.0.jar:/root/.m2/repository/com/lmax/disruptor/3.4.2/disruptor-3.4.2.jar:/root/.m2/repository/org/apache/commons/commons-pool2/2.6.0/commons-pool2-2.6.0.jar:/root/.m2/repository/org/bouncycastle/bcpkix-jdk15on/1.60/bcpkix-jdk15on-1.60.jar:/root/.m2/repository/commons-validator/commons-validator/1.6/commons-validator-1.6.jar:/root/.m2/repository/commons-digester/commons-digester/1.8.1/commons-digester-1.8.1.jar:/root/.m2/repository/io/jaegertracing/jaeger-client/0.33.1/jaeger-client-0.33.1.jar:/root/.m2/repository/io/jaegertracing/jaeger-thrift/0.33.1/jaeger-thrift-0.33.1.jar:/root/.m2/repository/org/apache/thrift/libthrift/0.11.0/libthrift-0.11.0.jar:/root/.m2/repository/com/squareup/okhttp3/okhttp/3.9.0/okhttp-3.9.0.jar:/root/.m2/repository/com/squareup/okio/okio/1.13.0/okio-1.13.0.jar:/root/.m2/repository/io/jaegertracing/jaeger-core/0.33.1/jaeger-core-0.33.1.jar:/root/.m2/repository/io/jaegertracing/jaeger-tracerresolver/0.33.1/jaeger-tracerresolver-0.33.1.jar:/root/.m2/repository/io/opentracing/contrib/opentracing-tracerresolver/0.1.5/opentracing-tracerresolver-0.1.5.jar:/root/.m2/repository/io/opentracing/opentracing-util/0.31.0/opentracing-util-0.31.0.jar:/root/.m2/repository/io/opentracing/opentracing-api/0.31.0/opentracing-api-0.31.0.jar:/root/.m2/repository/io/opentracing/opentracing-noop/0.31.0/opentracing-noop-0.31.0.jar:/root/.m2/repository/org/yaml/snakeyaml/1.16/snakeyaml-1.16.jar:/opt/src/hadoop-hdds/server-scm/target/classes:/root/.m2/repository/org/hamcrest/hamcrest-all/1.3/hamcrest-all-1.3.jar:/opt/src/hadoop-hdds/container-service/target/classes:/opt/src/hadoop-hdds/client/target/classes:/opt/src/hadoop-hdds/tools/target/classes:/root/.m2/repository/org/xerial/sqlite-jdbc/3.25.2/sqlite-jdbc-3.25.2.jar:/opt/src/hadoop-ozone/client/target/classes:/opt/src/hadoop-ozone/ozonefs/target/classes:/opt/src/hadoop-hdds/framework/target/classes:/root/.m2/repository/info/picocli/picocli/3.9.6/picocli-3.9.6.jar:/root/.m2/repository/com/google/protobuf/protobuf-java/2.5.0/protobuf-java-2.5.0.jar:/root/.m2/repository/com/google/guava/guava/11.0.2/guava-11.0.2.jar:/root/.m2/repository/org/apache/hadoop/hadoop-common/3.2.0/hadoop-common-3.2.0.jar:/root/.m2/repository/org/apache/hadoop/hadoop-annotations/3.2.0/hadoop-annotations-3.2.0.jar:/usr/lib/jvm/java-1.8-openjdk/jre/../lib/tools.jar:/root/.m2/repository/commons-cli/commons-cli/1.2/commons-cli-1.2.jar:/root/.m2/repository/org/apache/commons/commons-math3/3.1.1/commons-math3-3.1.1.jar:/root/.m2/repository/org/apache/httpcomponents/httpclient/4.5.2/httpclient-4.5.2.jar:/root/.m2/repository/org/apache/httpcomponents/httpcore/4.4.4/httpcore-4.4.4.jar:/root/.m2/repository/commons-codec/commons-codec/1.11/commons-codec-1.11.jar:/root/.m2/repository/commons-io/commons-io/2.5/commons-io-2.5.jar:/root/.m2/repository/commons-net/commons-net/3.6/commons-net-3.6.jar:/root/.m2/repository/commons-collections/commons-collections/3.2.2/commons-collections-3.2.2.jar:/root/.m2/repository/javax/servlet/javax.servlet-api/3.1.0/javax.servlet-api-3.1.0.jar:/root/.m2/repository/org/eclipse/jetty/jetty-server/9.3.24.v20180605/jetty-server-9.3.24.v20180605.jar:/root/.m2/repository/org/eclipse/jetty/jetty-http/9.3.24.v20180605/jetty-http-9.3.24.v20180605.jar:/root/.m2/repository/org/eclipse/jetty/jetty-io/9.3.24.v20180605/jetty-io-9.3.24.v20180605.jar:/root/.m2/repository/org/eclipse/jetty/jetty-util/9.3.24.v20180605/jetty-util-9.3.24.v20180605.jar:/root/.m2/repository/org/eclipse/jetty/jetty-servlet/9.3.24.v20180605/jetty-servlet-9.3.24.v20180605.jar:/root/.m2/repository/org/eclipse/jetty/jetty-security/9.3.24.v20180605/jetty-security-9.3.24.v20180605.jar:/root/.m2/repository/org/eclipse/jetty/jetty-webapp/9.3.24.v20180605/jetty-webapp-9.3.24.v20180605.jar:/root/.m2/repository/org/eclipse/jetty/jetty-xml/9.3.24.v20180605/jetty-xml-9.3.24.v20180605.jar:/root/.m2/repository/javax/servlet/jsp/jsp-api/2.1/jsp-api-2.1.jar:/root/.m2/repository/com/sun/jersey/jersey-core/1.19/jersey-core-1.19.jar:/root/.m2/repository/javax/ws/rs/jsr311-api/1.1.1/jsr311-api-1.1.1.jar:/root/.m2/repository/com/sun/jersey/jersey-servlet/1.19/jersey-servlet-1.19.jar:/root/.m2/repository/com/sun/jersey/jersey-json/1.19/jersey-json-1.19.jar:/root/.m2/repository/org/codehaus/jettison/jettison/1.1/jettison-1.1.jar:/root/.m2/repository/com/sun/xml/bind/jaxb-impl/2.3.0.1/jaxb-impl-2.3.0.1.jar:/root/.m2/repository/org/codehaus/jackson/jackson-core-asl/1.9.13/jackson-core-asl-1.9.13.jar:/root/.m2/repository/org/codehaus/jackson/jackson-mapper-asl/1.9.13/jackson-mapper-asl-1.9.13.jar:/root/.m2/repository/org/codehaus/jackson/jackson-jaxrs/1.9.13/jackson-jaxrs-1.9.13.jar:/root/.m2/repository/org/codehaus/jackson/jackson-xc/1.9.13/jackson-xc-1.9.13.jar:/root/.m2/repository/com/sun/jersey/jersey-server/1.19/jersey-server-1.19.jar:/root/.m2/repository/commons-logging/commons-logging/1.1.3/commons-logging-1.1.3.jar:/root/.m2/repository/log4j/log4j/1.2.17/log4j-1.2.17.jar:/root/.m2/repository/commons-beanutils/commons-beanutils/1.9.3/commons-beanutils-1.9.3.jar:/root/.m2/repository/org/apache/commons/commons-configuration2/2.1.1/commons-configuration2-2.1.1.jar:/root/.m2/repository/org/apache/commons/commons-lang3/3.7/commons-lang3-3.7.jar:/root/.m2/repository/org/apache/commons/commons-text/1.4/commons-text-1.4.jar:/root/.m2/repository/org/slf4j/slf4j-api/1.7.25/slf4j-api-1.7.25.jar:/root/.m2/repository/org/slf4j/slf4j-log4j12/1.7.25/slf4j-log4j12-1.7.25.jar:/root/.m2/repository/org/apache/avro/avro/1.7.7/avro-1.7.7.jar:/root/.m2/repository/com/thoughtworks/paranamer/paranamer/2.3/paranamer-2.3.jar:/root/.m2/repository/org/xerial/snappy/snappy-java/1.0.5/snappy-java-1.0.5.jar:/root/.m2/repository/com/google/re2j/re2j/1.1/re2j-1.1.jar:/root/.m2/repository/com/google/code/gson/gson/2.2.4/gson-2.2.4.jar:/root/.m2/repository/org/apache/hadoop/hadoop-auth/3.2.0/hadoop-auth-3.2.0.jar:/root/.m2/repository/com/nimbusds/nimbus-jose-jwt/4.41.1/nimbus-jose-jwt-4.41.1.jar:/root/.m2/repository/com/github/stephenc/jcip/jcip-annotations/1.0-1/jcip-annotations-1.0-1.jar:/root/.m2/repository/net/minidev/json-smart/2.3/json-smart-2.3.jar:/root/.m2/repository/net/minidev/accessors-smart/1.2/accessors-smart-1.2.jar:/root/.m2/repository/org/apache/curator/curator-framework/2.12.0/curator-framework-2.12.0.jar:/root/.m2/repository/com/jcraft/jsch/0.1.54/jsch-0.1.54.jar:/root/.m2/repository/org/apache/curator/curator-client/2.12.0/curator-client-2.12.0.jar:/root/.m2/repository/org/apache/curator/curator-recipes/2.12.0/curator-recipes-2.12.0.jar:/root/.m2/repository/com/google/code/findbugs/jsr305/3.0.0/jsr305-3.0.0.jar:/root/.m2/repository/org/apache/htrace/htrace-core4/4.1.0-incubating/htrace-core4-4.1.0-incubating.jar:/root/.m2/repository/org/apache/zookeeper/zookeeper/3.4.13/zookeeper-3.4.13.jar:/root/.m2/repository/org/apache/yetus/audience-annotations/0.5.0/audience-annotations-0.5.0.jar:/root/.m2/repository/org/apache/kerby/kerb-simplekdc/1.0.1/kerb-simplekdc-1.0.1.jar:/root/.m2/repository/org/apache/kerby/kerb-client/1.0.1/kerb-client-1.0.1.jar:/root/.m2/repository/org/apache/kerby/kerby-config/1.0.1/kerby-config-1.0.1.jar:/root/.m2/repository/org/apache/kerby/kerb-core/1.0.1/kerb-core-1.0.1.jar:/root/.m2/repository/org/apache/kerby/kerby-pkix/1.0.1/kerby-pkix-1.0.1.jar:/root/.m2/repository/org/apache/kerby/kerby-asn1/1.0.1/kerby-asn1-1.0.1.jar:/root/.m2/repository/org/apache/kerby/kerby-util/1.0.1/kerby-util-1.0.1.jar:/root/.m2/repository/org/apache/kerby/kerb-common/1.0.1/kerb-common-1.0.1.jar:/root/.m2/repository/org/apache/kerby/kerb-crypto/1.0.1/kerb-crypto-1.0.1.jar:/root/.m2/repository/org/apache/kerby/kerb-util/1.0.1/kerb-util-1.0.1.jar:/root/.m2/repository/org/apache/kerby/token-provider/1.0.1/token-provider-1.0.1.jar:/root/.m2/repository/org/apache/kerby/kerb-admin/1.0.1/kerb-admin-1.0.1.jar:/root/.m2/repository/org/apache/kerby/kerb-server/1.0.1/kerb-server-1.0.1.jar:/root/.m2/repository/org/apache/kerby/kerb-identity/1.0.1/kerb-identity-1.0.1.jar:/root/.m2/repository/org/apache/kerby/kerby-xdr/1.0.1/kerby-xdr-1.0.1.jar:/root/.m2/repository/com/fasterxml/jackson/core/jackson-databind/2.9.5/jackson-databind-2.9.5.jar:/root/.m2/repository/com/fasterxml/jackson/core/jackson-core/2.9.5/jackson-core-2.9.5.jar:/root/.m2/repository/org/codehaus/woodstox/stax2-api/3.1.4/stax2-api-3.1.4.jar:/root/.m2/repository/com/fasterxml/woodstox/woodstox-core/5.0.3/woodstox-core-5.0.3.jar:/root/.m2/repository/dnsjava/dnsjava/2.1.7/dnsjava-2.1.7.jar:/root/.m2/repository/org/apache/hadoop/hadoop-hdfs/3.2.0/hadoop-hdfs-3.2.0.jar:/root/.m2/repository/org/eclipse/jetty/jetty-util-ajax/9.3.24.v20180605/jetty-util-ajax-9.3.24.v20180605.jar:/root/.m2/repository/commons-daemon/commons-daemon/1.0.13/commons-daemon-1.0.13.jar:/root/.m2/repository/io/netty/netty/3.10.5.Final/netty-3.10.5.Final.jar:/root/.m2/repository/io/netty/netty-all/4.0.52.Final/netty-all-4.0.52.Final.jar:/root/.m2/repository/org/fusesource/leveldbjni/leveldbjni-all/1.8/leveldbjni-all-1.8.jar:/root/.m2/repository/com/sun/xml/bind/jaxb-core/2.3.0.1/jaxb-core-2.3.0.1.jar:/root/.m2/repository/javax/xml/bind/jaxb-api/2.3.0/jaxb-api-2.3.0.jar:/root/.m2/repository/javax/activation/activation/1.1.1/activation-1.1.1.jar:/root/.m2/repository/io/dropwizard/metrics/metrics-core/3.2.4/metrics-core-3.2.4.jar:/root/.m2/repository/org/openjdk/jmh/jmh-core/1.19/jmh-core-1.19.jar:/root/.m2/repository/net/sf/jopt-simple/jopt-simple/4.6/jopt-simple-4.6.jar:/root/.m2/repository/org/openjdk/jmh/jmh-generator-annprocess/1.19/jmh-generator-annprocess-1.19.jar:/root/.m2/repository/com/google/code/findbugs/findbugs/3.0.1/findbugs-3.0.1.jar:/root/.m2/repository/net/jcip/jcip-annotations/1.0/jcip-annotations-1.0.jar:/root/.m2/repository/com/google/code/findbugs/bcel-findbugs/6.0/bcel-findbugs-6.0.jar:/root/.m2/repository/com/google/code/findbugs/jFormatString/2.0.1/jFormatString-2.0.1.jar:/root/.m2/repository/dom4j/dom4j/1.6.1/dom4j-1.6.1.jar:/root/.m2/repository/xml-apis/xml-apis/1.0.b2/xml-apis-1.0.b2.jar:/root/.m2/repository/org/ow2/asm/asm-debug-all/5.0.2/asm-debug-all-5.0.2.jar:/root/.m2/repository/org/ow2/asm/asm-commons/5.0.2/asm-commons-5.0.2.jar:/root/.m2/repository/org/ow2/asm/asm-tree/5.0.2/asm-tree-5.0.2.jar:/root/.m2/repository/org/ow2/asm/asm/5.0.4/asm-5.0.4.jar:/root/.m2/repository/commons-lang/commons-lang/2.6/commons-lang-2.6.jar:/root/.m2/repository/com/apple/AppleJavaExtensions/1.4/AppleJavaExtensions-1.4.jar:/root/.m2/repository/jaxen/jaxen/1.1.6/jaxen-1.1.6.jar:/root/.m2/repository/junit/junit/4.11/junit-4.11.jar:/root/.m2/repository/org/hamcrest/hamcrest-core/1.3/hamcrest-core-1.3.jar:/root/.m2/repository/org/apache/hadoop/hadoop-common/3.2.0/hadoop-common-3.2.0-tests.jar:/root/.m2/repository/org/apache/hadoop/hadoop-ozone-integration-test/0.5.0-SNAPSHOT/hadoop-ozone-integration-test-0.5.0-SNAPSHOT-tests.jar:/opt/src/hadoop-ozone/objectstore-service/target/classes:/opt/src/hadoop-ozone/s3gateway/target/classes:/root/.m2/repository/org/jboss/weld/servlet/weld-servlet/2.4.7.Final/weld-servlet-2.4.7.Final.jar:/root/.m2/repository/org/glassfish/jersey/containers/jersey-container-servlet-core/2.27/jersey-container-servlet-core-2.27.jar:/root/.m2/repository/org/glassfish/hk2/external/javax.inject/2.5.0-b42/javax.inject-2.5.0-b42.jar:/root/.m2/repository/org/glassfish/jersey/core/jersey-common/2.27/jersey-common-2.27.jar:/root/.m2/repository/org/glassfish/hk2/osgi-resource-locator/1.0.1/osgi-resource-locator-1.0.1.jar:/root/.m2/repository/javax/ws/rs/javax.ws.rs-api/2.1/javax.ws.rs-api-2.1.jar:/root/.m2/repository/org/glassfish/jersey/ext/cdi/jersey-cdi1x/2.27/jersey-cdi1x-2.27.jar:/root/.m2/repository/org/glassfish/jersey/inject/jersey-hk2/2.27/jersey-hk2-2.27.jar:/root/.m2/repository/org/glassfish/hk2/hk2-locator/2.5.0-b42/hk2-locator-2.5.0-b42.jar:/root/.m2/repository/org/javassist/javassist/3.22.0-CR2/javassist-3.22.0-CR2.jar:/root/.m2/repository/org/glassfish/hk2/hk2-api/2.5.0/hk2-api-2.5.0.jar:/root/.m2/repository/org/glassfish/hk2/external/jakarta.inject/2.5.0/jakarta.inject-2.5.0.jar:/root/.m2/repository/org/glassfish/hk2/hk2-utils/2.5.0/hk2-utils-2.5.0.jar:/root/.m2/repository/jakarta/annotation/jakarta.annotation-api/1.3.4/jakarta.annotation-api-1.3.4.jar:/root/.m2/repository/org/glassfish/hk2/external/aopalliance-repackaged/2.5.0/aopalliance-repackaged-2.5.0.jar:/root/.m2/repository/com/fasterxml/jackson/dataformat/jackson-dataformat-xml/2.9.0/jackson-dataformat-xml-2.9.0.jar:/root/.m2/repository/com/fasterxml/jackson/module/jackson-module-jaxb-annotations/2.9.5/jackson-module-jaxb-annotations-2.9.5.jar:/root/.m2/repository/javax/enterprise/cdi-api/1.2/cdi-api-1.2.jar:/root/.m2/repository/javax/el/javax.el-api/3.0.0/javax.el-api-3.0.0.jar:/root/.m2/repository/javax/interceptor/javax.interceptor-api/1.2/javax.interceptor-api-1.2.jar:/root/.m2/repository/javax/inject/javax.inject/1/javax.inject-1.jar:/opt/src/hadoop-ozone/csi/target/classes:/root/.m2/repository/com/google/protobuf/protobuf-java-util/3.5.1/protobuf-java-util-3.5.1.jar:/root/.m2/repository/io/grpc/grpc-netty/1.17.1/grpc-netty-1.17.1.jar:/root/.m2/repository/io/grpc/grpc-core/1.17.1/grpc-core-1.17.1.jar:/root/.m2/repository/io/grpc/grpc-context/1.17.1/grpc-context-1.17.1.jar:/root/.m2/repository/com/google/errorprone/error_prone_annotations/2.2.0/error_prone_annotations-2.2.0.jar:/root/.m2/repository/org/codehaus/mojo/animal-sniffer-annotations/1.17/animal-sniffer-annotations-1.17.jar:/root/.m2/repository/io/opencensus/opencensus-api/0.17.0/opencensus-api-0.17.0.jar:/root/.m2/repository/io/opencensus/opencensus-contrib-grpc-metrics/0.17.0/opencensus-contrib-grpc-metrics-0.17.0.jar:/root/.m2/repository/io/netty/netty-codec-http2/4.1.30.Final/netty-codec-http2-4.1.30.Final.jar:/root/.m2/repository/io/netty/netty-codec-http/4.1.30.Final/netty-codec-http-4.1.30.Final.jar:/root/.m2/repository/io/netty/netty-codec/4.1.30.Final/netty-codec-4.1.30.Final.jar:/root/.m2/repository/io/netty/netty-handler/4.1.30.Final/netty-handler-4.1.30.Final.jar:/root/.m2/repository/io/netty/netty-handler-proxy/4.1.30.Final/netty-handler-proxy-4.1.30.Final.jar:/root/.m2/repository/io/netty/netty-codec-socks/4.1.30.Final/netty-codec-socks-4.1.30.Final.jar:/root/.m2/repository/io/netty/netty-transport-native-epoll/4.1.30.Final/netty-transport-native-epoll-4.1.30.Final.jar:/root/.m2/repository/io/netty/netty-common/4.1.30.Final/netty-common-4.1.30.Final.jar:/root/.m2/repository/io/netty/netty-buffer/4.1.30.Final/netty-buffer-4.1.30.Final.jar:/root/.m2/repository/io/netty/netty-transport/4.1.30.Final/netty-transport-4.1.30.Final.jar:/root/.m2/repository/io/netty/netty-resolver/4.1.30.Final/netty-resolver-4.1.30.Final.jar:/root/.m2/repository/io/netty/netty-transport-native-unix-common/4.1.30.Final/netty-transport-native-unix-common-4.1.30.Final.jar:/root/.m2/repository/io/grpc/grpc-protobuf/1.17.1/grpc-protobuf-1.17.1.jar:/root/.m2/repository/com/google/api/grpc/proto-google-common-protos/1.0.0/proto-google-common-protos-1.0.0.jar:/root/.m2/repository/io/grpc/grpc-protobuf-lite/1.17.1/grpc-protobuf-lite-1.17.1.jar:/root/.m2/repository/io/grpc/grpc-stub/1.17.1/grpc-stub-1.17.1.jar:/opt/src/hadoop-ozone/ozone-recon/target/classes:/opt/src/hadoop-ozone/ozone-recon-codegen/target/classes:/root/.m2/repository/com/google/inject/extensions/guice-multibindings/4.0/guice-multibindings-4.0.jar:/root/.m2/repository/com/google/inject/guice/4.0/guice-4.0.jar:/root/.m2/repository/aopalliance/aopalliance/1.0/aopalliance-1.0.jar:/root/.m2/repository/com/google/inject/extensions/guice-servlet/4.0/guice-servlet-4.0.jar:/root/.m2/repository/org/glassfish/jersey/containers/jersey-container-servlet/2.27/jersey-container-servlet-2.27.jar:/root/.m2/repository/org/glassfish/hk2/guice-bridge/2.5.0/guice-bridge-2.5.0.jar:/root/.m2/repository/org/glassfish/jersey/core/jersey-server/2.27/jersey-server-2.27.jar:/root/.m2/repository/org/glassfish/jersey/core/jersey-client/2.27/jersey-client-2.27.jar:/root/.m2/repository/org/glassfish/jersey/media/jersey-media-jaxb/2.27/jersey-media-jaxb-2.27.jar:/root/.m2/repository/javax/validation/validation-api/1.1.0.Final/validation-api-1.1.0.Final.jar:/root/.m2/repository/org/glassfish/jersey/media/jersey-media-json-jackson/2.27/jersey-media-json-jackson-2.27.jar:/root/.m2/repository/org/glassfish/jersey/ext/jersey-entity-filtering/2.27/jersey-entity-filtering-2.27.jar:/root/.m2/repository/com/google/inject/extensions/guice-assistedinject/4.0/guice-assistedinject-4.0.jar:/root/.m2/repository/org/jooq/jooq/3.11.10/jooq-3.11.10.jar:/root/.m2/repository/org/jooq/jooq-meta/3.11.10/jooq-meta-3.11.10.jar:/root/.m2/repository/org/jooq/jooq-codegen/3.11.10/jooq-codegen-3.11.10.jar:/root/.m2/repository/com/jolbox/bonecp/0.8.0.RELEASE/bonecp-0.8.0.RELEASE.jar:/root/.m2/repository/org/springframework/spring-jdbc/5.1.3.RELEASE/spring-jdbc-5.1.3.RELEASE.jar:/root/.m2/repository/org/springframework/spring-beans/5.1.3.RELEASE/spring-beans-5.1.3.RELEASE.jar:/root/.m2/repository/org/springframework/spring-core/5.1.3.RELEASE/spring-core-5.1.3.RELEASE.jar:/root/.m2/repository/org/springframework/spring-jcl/5.1.3.RELEASE/spring-jcl-5.1.3.RELEASE.jar:/root/.m2/repository/org/springframework/spring-tx/5.1.3.RELEASE/spring-tx-5.1.3.RELEASE.jar:/root/.m2/repository/org/mockito/mockito-core/2.15.0/mockito-core-2.15.0.jar:/root/.m2/repository/net/bytebuddy/byte-buddy/1.7.9/byte-buddy-1.7.9.jar:/root/.m2/repository/net/bytebuddy/byte-buddy-agent/1.7.9/byte-buddy-agent-1.7.9.jar:/root/.m2/repository/org/objenesis/objenesis/1.0/objenesis-1.0.jar:"/>
    <property name="sun.cpu.endian" value="little"/>
    <property name="user.home" value="/root"/>
    <property name="user.language" value="en"/>
    <property name="java.specification.vendor" value="Oracle Corporation"/>
    <property name="java.home" value="/usr/lib/jvm/java-1.8-openjdk/jre"/>
    <property name="java.security.krb5.conf" value="/opt/src/hadoop-ozone/tools/target/test-classes/krb5.conf"/>
    <property name="basedir" value="/opt/src/hadoop-ozone/tools"/>
    <property name="file.separator" value="/"/>
    <property name="line.separator" value="&#10;"/>
    <property name="java.vm.specification.vendor" value="Oracle Corporation"/>
    <property name="java.specification.name" value="Java Platform API Specification"/>
    <property name="java.awt.graphicsenv" value="sun.awt.X11GraphicsEnvironment"/>
    <property name="surefire.real.class.path" value="/opt/src/hadoop-ozone/tools/target/surefire/surefirebooter8190036007672912201.jar"/>
    <property name="hadoop.log.dir" value="/opt/src/hadoop-ozone/tools/target/log"/>
    <property name="sun.boot.class.path" value="/usr/lib/jvm/java-1.8-openjdk/jre/lib/resources.jar:/usr/lib/jvm/java-1.8-openjdk/jre/lib/rt.jar:/usr/lib/jvm/java-1.8-openjdk/jre/lib/sunrsasign.jar:/usr/lib/jvm/java-1.8-openjdk/jre/lib/jsse.jar:/usr/lib/jvm/java-1.8-openjdk/jre/lib/jce.jar:/usr/lib/jvm/java-1.8-openjdk/jre/lib/charsets.jar:/usr/lib/jvm/java-1.8-openjdk/jre/lib/jfr.jar:/usr/lib/jvm/java-1.8-openjdk/jre/classes"/>
    <property name="sun.management.compiler" value="HotSpot 64-Bit Tiered Compilers"/>
    <property name="java.runtime.version" value="1.8.0_212-b04"/>
    <property name="java.net.preferIPv4Stack" value="true"/>
    <property name="user.name" value="root"/>
    <property name="path.separator" value=":"/>
    <property name="java.security.egd" value="file:///dev/urandom"/>
    <property name="os.version" value="4.15.0-1021-aws"/>
    <property name="java.endorsed.dirs" value="/usr/lib/jvm/java-1.8-openjdk/jre/lib/endorsed"/>
    <property name="java.runtime.name" value="OpenJDK Runtime Environment"/>
    <property name="file.encoding" value="UTF-8"/>
    <property name="java.vm.name" value="OpenJDK 64-Bit Server VM"/>
    <property name="test.build.webapps" value=""/>
    <property name="localRepository" value="/root/.m2/repository"/>
    <property name="java.vendor.url.bug" value="https://icedtea.classpath.org/bugzilla"/>
    <property name="java.io.tmpdir" value="/tmp"/>
    <property name="require.test.libhadoop" value=""/>
    <property name="java.version" value="1.8.0_212"/>
    <property name="user.dir" value="/opt/src/hadoop-ozone/tools"/>
    <property name="os.arch" value="amd64"/>
    <property name="java.vm.specification.name" value="Java Virtual Machine Specification"/>
    <property name="test.build.classes" value="/opt/src/hadoop-ozone/tools/target/test-classes"/>
    <property name="java.awt.printerjob" value="sun.print.PSPrinterJob"/>
    <property name="sun.os.patch.level" value="unknown"/>
    <property name="hadoop.tmp.dir" value="/opt/src/hadoop-ozone/tools/target/tmp"/>
    <property name="java.library.path" value="/usr/lib/jvm/java-1.8-openjdk/jre/lib/amd64/server:/usr/lib/jvm/java-1.8-openjdk/jre/lib/amd64:/usr/lib/jvm/java-1.8-openjdk/jre/../lib/amd64:/opt/src/hadoop-ozone/tools/target/native/target/usr/local/lib:/opt/src/hadoop-ozone/tools/../../hadoop-common-project/hadoop-common/target/native/target/usr/local/lib:/usr/java/packages/lib/amd64:/usr/lib64:/lib64:/lib:/usr/lib"/>
    <property name="java.vm.info" value="mixed mode"/>
    <property name="java.vendor" value="IcedTea"/>
    <property name="java.vm.version" value="25.212-b04"/>
    <property name="java.ext.dirs" value="/usr/lib/jvm/java-1.8-openjdk/jre/lib/ext:/usr/java/packages/lib/ext"/>
    <property name="sun.io.unicode.encoding" value="UnicodeLittle"/>
    <property name="java.class.version" value="52.0"/>
  </properties>
  <testcase name="testRestart" classname="org.apache.hadoop.ozone.freon.TestFreonWithPipelineDestroy" time="7.574">
    <error message="Unexpected Storage Container Exception: org.apache.hadoop.hdds.scm.container.common.helpers.StorageContainerException: ContainerID 6 does not exist" type="java.io.IOException">java.io.IOException: Unexpected Storage Container Exception: org.apache.hadoop.hdds.scm.container.common.helpers.StorageContainerException: ContainerID 6 does not exist
	at org.apache.hadoop.hdds.scm.storage.BlockOutputStream.setIoException(BlockOutputStream.java:548)
	at org.apache.hadoop.hdds.scm.storage.BlockOutputStream.validateResponse(BlockOutputStream.java:539)
	at org.apache.hadoop.hdds.scm.storage.BlockOutputStream.lambda$writeChunkToContainer$2(BlockOutputStream.java:614)
	at java.util.concurrent.CompletableFuture.uniApply(CompletableFuture.java:602)
	at java.util.concurrent.CompletableFuture$UniApply.tryFire(CompletableFuture.java:577)
	at java.util.concurrent.CompletableFuture$Completion.run(CompletableFuture.java:442)
	at java.util.concurrent.ThreadPoolExecutor.runWorker(ThreadPoolExecutor.java:1149)
	at java.util.concurrent.ThreadPoolExecutor$Worker.run(ThreadPoolExecutor.java:624)
	at java.lang.Thread.run(Thread.java:748)
Caused by: org.apache.hadoop.hdds.scm.container.common.helpers.StorageContainerException: ContainerID 6 does not exist
	at org.apache.hadoop.hdds.scm.storage.ContainerProtocolCalls.validateContainerResponse(ContainerProtocolCalls.java:536)
	at org.apache.hadoop.hdds.scm.storage.BlockOutputStream.validateResponse(BlockOutputStream.java:536)
	... 7 more
</error>
    <system-out><![CDATA[2019-06-13 06:31:38,710 WARN  server.ServerUtils (ServerUtils.java:getScmDbDir(145)) - ozone.scm.db.dirs is not configured. We recommend adding this setting. Falling back to ozone.metadata.dirs instead.
2019-06-13 06:31:38,777 WARN  server.ServerUtils (ServerUtils.java:getScmDbDir(145)) - ozone.scm.db.dirs is not configured. We recommend adding this setting. Falling back to ozone.metadata.dirs instead.
2019-06-13 06:31:38,780 WARN  server.ServerUtils (ServerUtils.java:getScmDbDir(145)) - ozone.scm.db.dirs is not configured. We recommend adding this setting. Falling back to ozone.metadata.dirs instead.
2019-06-13 06:31:38,794 INFO  util.log (Log.java:initialized(192)) - Logging initialized @663ms
2019-06-13 06:31:38,872 INFO  db.DBStoreBuilder (DBStoreBuilder.java:addTable(110)) - using custom profile for table: deletedBlocks
2019-06-13 06:31:38,872 INFO  db.DBStoreBuilder (DBStoreBuilder.java:processTables(161)) - Using default column profile:DBProfile.DISK for Table:deletedBlocks
2019-06-13 06:31:38,873 INFO  db.DBStoreBuilder (DBStoreBuilder.java:addTable(110)) - using custom profile for table: validCerts
2019-06-13 06:31:38,873 INFO  db.DBStoreBuilder (DBStoreBuilder.java:processTables(161)) - Using default column profile:DBProfile.DISK for Table:validCerts
2019-06-13 06:31:38,873 INFO  db.DBStoreBuilder (DBStoreBuilder.java:addTable(110)) - using custom profile for table: revokedCerts
2019-06-13 06:31:38,873 INFO  db.DBStoreBuilder (DBStoreBuilder.java:processTables(161)) - Using default column profile:DBProfile.DISK for Table:revokedCerts
2019-06-13 06:31:38,883 INFO  db.DBStoreBuilder (DBStoreBuilder.java:addTable(110)) - using custom profile for table: default
2019-06-13 06:31:38,883 INFO  db.DBStoreBuilder (DBStoreBuilder.java:processTables(167)) - Using default column profile:DBProfile.DISK for Table:default
2019-06-13 06:31:38,884 INFO  db.DBStoreBuilder (DBStoreBuilder.java:getDbProfile(198)) - Using default options. DBProfile.DISK
2019-06-13 06:31:38,953 INFO  node.SCMNodeManager (SCMNodeManager.java:<init>(108)) - Entering startup safe mode.
2019-06-13 06:31:39,003 INFO  net.NodeSchemaLoader (NodeSchemaLoader.java:loadSchemaFromFile(125)) - Loading file from sun.misc.CompoundEnumeration@3daa422a
2019-06-13 06:31:39,005 INFO  net.NodeSchemaLoader (NodeSchemaLoader.java:loadSchema(171)) - Loading network topology layer schema file
2019-06-13 06:31:39,049 WARN  server.ServerUtils (ServerUtils.java:getScmDbDir(145)) - ozone.scm.db.dirs is not configured. We recommend adding this setting. Falling back to ozone.metadata.dirs instead.
2019-06-13 06:31:39,067 INFO  pipeline.SCMPipelineManager (SCMPipelineManager.java:initializePipelineState(126)) - No pipeline exists in current db
2019-06-13 06:31:39,069 WARN  server.ServerUtils (ServerUtils.java:getScmDbDir(145)) - ozone.scm.db.dirs is not configured. We recommend adding this setting. Falling back to ozone.metadata.dirs instead.
2019-06-13 06:31:39,118 WARN  events.EventQueue (EventQueue.java:fireEvent(175)) - No event handler registered for event TypedEvent{payloadType=SafeModeStatus, name='SafeModeStatus'}
2019-06-13 06:31:39,448 INFO  ipc.CallQueueManager (CallQueueManager.java:<init>(84)) - Using callQueue: class java.util.concurrent.LinkedBlockingQueue, queueCapacity: 2000, scheduler: class org.apache.hadoop.ipc.DefaultRpcScheduler, ipcBackoff: false.
2019-06-13 06:31:39,468 INFO  ipc.Server (Server.java:run(1074)) - Starting Socket Reader #1 for port 42205
2019-06-13 06:31:39,490 INFO  ipc.CallQueueManager (CallQueueManager.java:<init>(84)) - Using callQueue: class java.util.concurrent.LinkedBlockingQueue, queueCapacity: 2000, scheduler: class org.apache.hadoop.ipc.DefaultRpcScheduler, ipcBackoff: false.
2019-06-13 06:31:39,490 INFO  ipc.Server (Server.java:run(1074)) - Starting Socket Reader #1 for port 37653
2019-06-13 06:31:39,497 INFO  ipc.CallQueueManager (CallQueueManager.java:<init>(84)) - Using callQueue: class java.util.concurrent.LinkedBlockingQueue, queueCapacity: 2000, scheduler: class org.apache.hadoop.ipc.DefaultRpcScheduler, ipcBackoff: false.
2019-06-13 06:31:39,497 INFO  ipc.Server (Server.java:run(1074)) - Starting Socket Reader #1 for port 36543
2019-06-13 06:31:39,521 INFO  hdfs.DFSUtil (DFSUtil.java:httpServerTemplateForNNAndJN(1641)) - Starting Web-server for scm at: http://0.0.0.0:0
2019-06-13 06:31:39,659 INFO  server.AuthenticationFilter (AuthenticationFilter.java:constructSecretProvider(240)) - Unable to initialize FileSignerSecretProvider, falling back to use random secrets.
2019-06-13 06:31:39,672 WARN  http.HttpRequestLog (HttpRequestLog.java:getRequestLog(97)) - Jetty request log can only be enabled using Log4j
2019-06-13 06:31:39,678 INFO  http.HttpServer2 (HttpServer2.java:addGlobalFilter(975)) - Added global filter 'safety' (class=org.apache.hadoop.http.HttpServer2$QuotingInputFilter)
2019-06-13 06:31:39,681 INFO  http.HttpServer2 (HttpServer2.java:addFilter(948)) - Added filter static_user_filter (class=org.apache.hadoop.http.lib.StaticUserWebFilter$StaticUserFilter) to context scm
2019-06-13 06:31:39,681 INFO  http.HttpServer2 (HttpServer2.java:addFilter(958)) - Added filter static_user_filter (class=org.apache.hadoop.http.lib.StaticUserWebFilter$StaticUserFilter) to context static
2019-06-13 06:31:39,681 INFO  http.HttpServer2 (HttpServer2.java:addFilter(958)) - Added filter static_user_filter (class=org.apache.hadoop.http.lib.StaticUserWebFilter$StaticUserFilter) to context logs
2019-06-13 06:31:39,699 INFO  server.StorageContainerManager (StorageContainerManager.java:start(752)) - StorageContainerLocationProtocol RPC server is listening at /0.0.0.0:36543
2019-06-13 06:31:39,737 WARN  impl.MetricsConfig (MetricsConfig.java:loadFirst(134)) - Cannot locate configuration: tried hadoop-metrics2-storagecontainermanager.properties,hadoop-metrics2.properties
2019-06-13 06:31:39,747 INFO  impl.MetricsSystemImpl (MetricsSystemImpl.java:startTimer(374)) - Scheduled Metric snapshot period at 10 second(s).
2019-06-13 06:31:39,747 INFO  impl.MetricsSystemImpl (MetricsSystemImpl.java:start(191)) - StorageContainerManager metrics system started
2019-06-13 06:31:39,959 INFO  server.SCMClientProtocolServer (SCMClientProtocolServer.java:start(149)) - RPC server for Client  is listening at /0.0.0.0:36543
2019-06-13 06:31:39,959 INFO  ipc.Server (Server.java:run(1314)) - IPC Server Responder: starting
2019-06-13 06:31:39,960 INFO  ipc.Server (Server.java:run(1153)) - IPC Server listener on 36543: starting
2019-06-13 06:31:39,962 INFO  server.StorageContainerManager (StorageContainerManager.java:start(761)) - ScmBlockLocationProtocol RPC server is listening at /0.0.0.0:37653
2019-06-13 06:31:39,963 INFO  server.SCMBlockProtocolServer (SCMBlockProtocolServer.java:start(137)) - RPC server for Block Protocol is listening at /0.0.0.0:37653
2019-06-13 06:31:39,963 INFO  ipc.Server (Server.java:run(1314)) - IPC Server Responder: starting
2019-06-13 06:31:39,967 INFO  ipc.Server (Server.java:run(1153)) - IPC Server listener on 37653: starting
2019-06-13 06:31:39,969 INFO  server.StorageContainerManager (StorageContainerManager.java:start(765)) - ScmDatanodeProtocl RPC server is listening at /0.0.0.0:42205
2019-06-13 06:31:39,969 INFO  server.SCMDatanodeProtocolServer (SCMDatanodeProtocolServer.java:start(191)) - RPC server for DataNodes is listening at /0.0.0.0:42205
2019-06-13 06:31:39,969 INFO  ipc.Server (Server.java:run(1314)) - IPC Server Responder: starting
2019-06-13 06:31:39,969 INFO  ipc.Server (Server.java:run(1153)) - IPC Server listener on 42205: starting
2019-06-13 06:31:39,972 INFO  http.HttpServer2 (HttpServer2.java:bindListener(1191)) - Jetty bound to port 40853
2019-06-13 06:31:39,974 INFO  server.Server (Server.java:doStart(351)) - jetty-9.3.24.v20180605, build timestamp: 2018-06-05T17:11:56Z, git hash: 84205aa28f11a4f31f2a3b86d1bba2cc8ab69827
2019-06-13 06:31:40,001 INFO  handler.ContextHandler (ContextHandler.java:doStart(781)) - Started o.e.j.s.ServletContextHandler@6f44a157{/logs,file:///opt/src/hadoop-ozone/tools/target/log,AVAILABLE}
2019-06-13 06:31:40,002 INFO  handler.ContextHandler (ContextHandler.java:doStart(781)) - Started o.e.j.s.ServletContextHandler@291f18{/static,file:///opt/src/hadoop-hdds/server-scm/target/classes/webapps/static/,AVAILABLE}
2019-06-13 06:31:40,023 INFO  handler.ContextHandler (ContextHandler.java:doStart(781)) - Started o.e.j.w.WebAppContext@efde75f{/,file:///opt/src/hadoop-hdds/server-scm/target/classes/webapps/scm/,AVAILABLE}{/scm}
2019-06-13 06:31:40,027 INFO  server.AbstractConnector (AbstractConnector.java:doStart(278)) - Started ServerConnector@13c3c1e1{HTTP/1.1,[http/1.1]}{0.0.0.0:40853}
2019-06-13 06:31:40,028 INFO  server.Server (Server.java:doStart(419)) - Started @1897ms
2019-06-13 06:31:40,028 INFO  server.BaseHttpServer (BaseHttpServer.java:updateConnectorAddress(207)) - HTTP server of SCM is listening at http://0.0.0.0:40853
2019-06-13 06:31:40,036 WARN  scm.ScmUtils (ScmUtils.java:getDBPath(63)) - ozone.om.db.dirs is not configured. We recommend adding this setting. Falling back to ozone.metadata.dirs instead.
2019-06-13 06:31:40,038 INFO  util.JvmPauseMonitor (JvmPauseMonitor.java:run(188)) - Starting JVM pause monitor
2019-06-13 06:31:40,111 WARN  scm.ScmUtils (ScmUtils.java:getDBPath(63)) - ozone.om.db.dirs is not configured. We recommend adding this setting. Falling back to ozone.metadata.dirs instead.
2019-06-13 06:31:40,113 INFO  om.OzoneManager (OzoneManager.java:setOMNodeDetails(519)) - OM Service ID is not set. Setting it to the default ID: omServiceIdDefault
2019-06-13 06:31:40,113 INFO  om.OzoneManager (OzoneManager.java:setOMNodeDetails(525)) - OM Node ID is not set. Setting it to the OmStorage's OmID: 493b61ad-3129-4da4-954e-558251154335
2019-06-13 06:31:40,114 WARN  scm.HddsServerUtil (HddsServerUtil.java:getDefaultRatisDirectory(354)) - Storage directory for Ratis is not configured. It is a good idea to map this to an SSD disk. Falling back to ozone.metadata.dirs
2019-06-13 06:31:40,115 WARN  scm.HddsServerUtil (HddsServerUtil.java:getDefaultRatisDirectory(354)) - Storage directory for Ratis is not configured. It is a good idea to map this to an SSD disk. Falling back to ozone.metadata.dirs
2019-06-13 06:31:40,115 INFO  om.OzoneManager (OzoneManager.java:loadOMHAConfigs(476)) - Found matching OM address with OMServiceId: null, OMNodeId: null, RPC Address: localhost:0 and Ratis port: 9872
2019-06-13 06:31:40,276 WARN  scm.ScmUtils (ScmUtils.java:getDBPath(63)) - ozone.om.db.dirs is not configured. We recommend adding this setting. Falling back to ozone.metadata.dirs instead.
2019-06-13 06:31:40,281 INFO  db.DBStoreBuilder (DBStoreBuilder.java:addTable(110)) - using custom profile for table: userTable
2019-06-13 06:31:40,281 INFO  db.DBStoreBuilder (DBStoreBuilder.java:processTables(161)) - Using default column profile:DBProfile.DISK for Table:userTable
2019-06-13 06:31:40,281 INFO  db.DBStoreBuilder (DBStoreBuilder.java:addTable(110)) - using custom profile for table: volumeTable
2019-06-13 06:31:40,281 INFO  db.DBStoreBuilder (DBStoreBuilder.java:processTables(161)) - Using default column profile:DBProfile.DISK for Table:volumeTable
2019-06-13 06:31:40,281 INFO  db.DBStoreBuilder (DBStoreBuilder.java:addTable(110)) - using custom profile for table: bucketTable
2019-06-13 06:31:40,281 INFO  db.DBStoreBuilder (DBStoreBuilder.java:processTables(161)) - Using default column profile:DBProfile.DISK for Table:bucketTable
2019-06-13 06:31:40,282 INFO  db.DBStoreBuilder (DBStoreBuilder.java:addTable(110)) - using custom profile for table: keyTable
2019-06-13 06:31:40,282 INFO  db.DBStoreBuilder (DBStoreBuilder.java:processTables(161)) - Using default column profile:DBProfile.DISK for Table:keyTable
2019-06-13 06:31:40,282 INFO  db.DBStoreBuilder (DBStoreBuilder.java:addTable(110)) - using custom profile for table: deletedTable
2019-06-13 06:31:40,282 INFO  db.DBStoreBuilder (DBStoreBuilder.java:processTables(161)) - Using default column profile:DBProfile.DISK for Table:deletedTable
2019-06-13 06:31:40,282 INFO  db.DBStoreBuilder (DBStoreBuilder.java:addTable(110)) - using custom profile for table: openKeyTable
2019-06-13 06:31:40,282 INFO  db.DBStoreBuilder (DBStoreBuilder.java:processTables(161)) - Using default column profile:DBProfile.DISK for Table:openKeyTable
2019-06-13 06:31:40,283 INFO  db.DBStoreBuilder (DBStoreBuilder.java:addTable(110)) - using custom profile for table: s3Table
2019-06-13 06:31:40,283 INFO  db.DBStoreBuilder (DBStoreBuilder.java:processTables(161)) - Using default column profile:DBProfile.DISK for Table:s3Table
2019-06-13 06:31:40,283 INFO  db.DBStoreBuilder (DBStoreBuilder.java:addTable(110)) - using custom profile for table: multipartInfoTable
2019-06-13 06:31:40,283 INFO  db.DBStoreBuilder (DBStoreBuilder.java:processTables(161)) - Using default column profile:DBProfile.DISK for Table:multipartInfoTable
2019-06-13 06:31:40,283 INFO  db.DBStoreBuilder (DBStoreBuilder.java:addTable(110)) - using custom profile for table: dTokenTable
2019-06-13 06:31:40,284 INFO  db.DBStoreBuilder (DBStoreBuilder.java:processTables(161)) - Using default column profile:DBProfile.DISK for Table:dTokenTable
2019-06-13 06:31:40,284 INFO  db.DBStoreBuilder (DBStoreBuilder.java:addTable(110)) - using custom profile for table: s3SecretTable
2019-06-13 06:31:40,284 INFO  db.DBStoreBuilder (DBStoreBuilder.java:processTables(161)) - Using default column profile:DBProfile.DISK for Table:s3SecretTable
2019-06-13 06:31:40,284 INFO  db.DBStoreBuilder (DBStoreBuilder.java:addTable(110)) - using custom profile for table: prefixTable
2019-06-13 06:31:40,284 INFO  db.DBStoreBuilder (DBStoreBuilder.java:processTables(161)) - Using default column profile:DBProfile.DISK for Table:prefixTable
2019-06-13 06:31:40,284 INFO  db.DBStoreBuilder (DBStoreBuilder.java:addTable(110)) - using custom profile for table: default
2019-06-13 06:31:40,285 INFO  db.DBStoreBuilder (DBStoreBuilder.java:processTables(167)) - Using default column profile:DBProfile.DISK for Table:default
2019-06-13 06:31:40,285 INFO  db.DBStoreBuilder (DBStoreBuilder.java:getDbProfile(198)) - Using default options. DBProfile.DISK
2019-06-13 06:31:40,719 INFO  ipc.CallQueueManager (CallQueueManager.java:<init>(84)) - Using callQueue: class java.util.concurrent.LinkedBlockingQueue, queueCapacity: 2000, scheduler: class org.apache.hadoop.ipc.DefaultRpcScheduler, ipcBackoff: false.
2019-06-13 06:31:40,720 INFO  ipc.Server (Server.java:run(1074)) - Starting Socket Reader #1 for port 33781
2019-06-13 06:31:40,740 WARN  scm.ScmUtils (ScmUtils.java:getDBPath(63)) - ozone.om.db.dirs is not configured. We recommend adding this setting. Falling back to ozone.metadata.dirs instead.
2019-06-13 06:31:40,740 INFO  om.OzoneManager (OzoneManager.java:start(1217)) - OzoneManager RPC server is listening at localhost/127.0.0.1:33781
2019-06-13 06:31:40,740 INFO  impl.MetricsSystemImpl (MetricsSystemImpl.java:init(158)) - OzoneManager metrics system started (again)
2019-06-13 06:31:40,741 INFO  ipc.Server (Server.java:run(1314)) - IPC Server Responder: starting
2019-06-13 06:31:40,741 INFO  ipc.Server (Server.java:run(1153)) - IPC Server listener on 33781: starting
2019-06-13 06:31:40,758 INFO  hdfs.DFSUtil (DFSUtil.java:httpServerTemplateForNNAndJN(1641)) - Starting Web-server for ozoneManager at: http://0.0.0.0:0
2019-06-13 06:31:40,760 INFO  server.AuthenticationFilter (AuthenticationFilter.java:constructSecretProvider(240)) - Unable to initialize FileSignerSecretProvider, falling back to use random secrets.
2019-06-13 06:31:40,760 WARN  http.HttpRequestLog (HttpRequestLog.java:getRequestLog(97)) - Jetty request log can only be enabled using Log4j
2019-06-13 06:31:40,762 INFO  http.HttpServer2 (HttpServer2.java:addGlobalFilter(975)) - Added global filter 'safety' (class=org.apache.hadoop.http.HttpServer2$QuotingInputFilter)
2019-06-13 06:31:40,762 INFO  http.HttpServer2 (HttpServer2.java:addFilter(948)) - Added filter static_user_filter (class=org.apache.hadoop.http.lib.StaticUserWebFilter$StaticUserFilter) to context ozoneManager
2019-06-13 06:31:40,763 INFO  http.HttpServer2 (HttpServer2.java:addFilter(958)) - Added filter static_user_filter (class=org.apache.hadoop.http.lib.StaticUserWebFilter$StaticUserFilter) to context logs
2019-06-13 06:31:40,763 INFO  http.HttpServer2 (HttpServer2.java:addFilter(958)) - Added filter static_user_filter (class=org.apache.hadoop.http.lib.StaticUserWebFilter$StaticUserFilter) to context static
2019-06-13 06:31:40,764 INFO  http.HttpServer2 (HttpServer2.java:bindListener(1191)) - Jetty bound to port 36475
2019-06-13 06:31:40,764 INFO  server.Server (Server.java:doStart(351)) - jetty-9.3.24.v20180605, build timestamp: 2018-06-05T17:11:56Z, git hash: 84205aa28f11a4f31f2a3b86d1bba2cc8ab69827
2019-06-13 06:31:40,774 INFO  handler.ContextHandler (ContextHandler.java:doStart(781)) - Started o.e.j.s.ServletContextHandler@4d4d48a6{/logs,file:///opt/src/hadoop-ozone/tools/target/log,AVAILABLE}
2019-06-13 06:31:40,774 INFO  handler.ContextHandler (ContextHandler.java:doStart(781)) - Started o.e.j.s.ServletContextHandler@3fc08eec{/static,file:///opt/src/hadoop-ozone/ozone-manager/target/classes/webapps/static/,AVAILABLE}
2019-06-13 06:31:40,778 INFO  handler.ContextHandler (ContextHandler.java:doStart(781)) - Started o.e.j.w.WebAppContext@6548bb7d{/,file:///opt/src/hadoop-ozone/ozone-manager/target/classes/webapps/ozoneManager/,AVAILABLE}{/ozoneManager}
2019-06-13 06:31:40,779 INFO  server.AbstractConnector (AbstractConnector.java:doStart(278)) - Started ServerConnector@e27ba81{HTTP/1.1,[http/1.1]}{0.0.0.0:36475}
2019-06-13 06:31:40,779 INFO  server.Server (Server.java:doStart(419)) - Started @2648ms
2019-06-13 06:31:40,780 INFO  server.BaseHttpServer (BaseHttpServer.java:updateConnectorAddress(207)) - HTTP server of OZONEMANAGER is listening at http://0.0.0.0:36475
2019-06-13 06:31:40,896 INFO  impl.MetricsSystemImpl (MetricsSystemImpl.java:init(158)) - HddsDatanode metrics system started (again)
2019-06-13 06:31:41,029 INFO  ozone.HddsDatanodeService (HddsDatanodeService.java:start(185)) - HddsDatanodeService host:ozone-qjb4w-947491917 ip:192.168.11.223
2019-06-13 06:31:41,051 INFO  volume.HddsVolume (HddsVolume.java:<init>(176)) - Creating Volume: /opt/src/hadoop-ozone/tools/target/test-dir/MiniOzoneClusterImpl-bc28c6ad-f795-400c-9de3-37da91a7912e/datanode-0/data/containers/hdds of  storage type : DISK and capacity : 104021790720
2019-06-13 06:31:41,052 INFO  volume.VolumeSet (VolumeSet.java:initializeVolumeSet(170)) - Added Volume : /opt/src/hadoop-ozone/tools/target/test-dir/MiniOzoneClusterImpl-bc28c6ad-f795-400c-9de3-37da91a7912e/datanode-0/data/containers/hdds to VolumeSet
2019-06-13 06:31:41,054 INFO  volume.ThrottledAsyncChecker (ThrottledAsyncChecker.java:schedule(140)) - Scheduling a check for org.apache.hadoop.ozone.container.common.volume.HddsVolume@1450078a
2019-06-13 06:31:41,069 INFO  volume.HddsVolumeChecker (HddsVolumeChecker.java:checkAllVolumes(203)) - Scheduled health check for volume org.apache.hadoop.ozone.container.common.volume.HddsVolume@1450078a
2019-06-13 06:31:41,104 INFO  ratis.XceiverServerRatis (XceiverServerRatis.java:newXceiverServerRatis(401)) - Found a free port for the server : 42963
2019-06-13 06:31:41,159 INFO  impl.RaftServerProxy (ConfUtils.java:logGet(43)) - raft.rpc.type = GRPC (default)
2019-06-13 06:31:41,167 INFO  grpc.GrpcConfigKeys$Server (ConfUtils.java:logGet(43)) - raft.grpc.server.port = 42963 (custom)
2019-06-13 06:31:41,168 INFO  server.GrpcService (ConfUtils.java:logGet(43)) - raft.grpc.message.size.max = 33570816 (custom)
2019-06-13 06:31:41,169 INFO  server.RaftServerConfigKeys (ConfUtils.java:logGet(43)) - raft.server.log.appender.buffer.byte-limit = 33554432 (custom)
2019-06-13 06:31:41,170 INFO  server.GrpcService (ConfUtils.java:logGet(43)) - raft.grpc.flow.control.window = 1MB (=1048576) (default)
2019-06-13 06:31:41,170 INFO  server.RaftServerConfigKeys (ConfUtils.java:logGet(43)) - raft.server.rpc.request.timeout = 3000ms (default)
2019-06-13 06:31:41,289 INFO  server.RaftServerConfigKeys (ConfUtils.java:logGet(43)) - raft.server.storage.dir = [/opt/src/hadoop-ozone/tools/target/test-dir/MiniOzoneClusterImpl-bc28c6ad-f795-400c-9de3-37da91a7912e/datanode-0/data/ratis] (custom)
2019-06-13 06:31:41,294 INFO  server.XceiverServerGrpc (XceiverServerGrpc.java:<init>(97)) - Found a free port for the server : 35515
2019-06-13 06:31:41,314 INFO  replication.SimpleContainerDownloader (SimpleContainerDownloader.java:<init>(72)) - Starting container downloader service to copy containers to replicate.
2019-06-13 06:31:41,324 INFO  hdfs.DFSUtil (DFSUtil.java:httpServerTemplateForNNAndJN(1641)) - Starting Web-server for hddsDatanode at: http://0.0.0.0:0
2019-06-13 06:31:41,325 INFO  server.AuthenticationFilter (AuthenticationFilter.java:constructSecretProvider(240)) - Unable to initialize FileSignerSecretProvider, falling back to use random secrets.
2019-06-13 06:31:41,326 WARN  http.HttpRequestLog (HttpRequestLog.java:getRequestLog(97)) - Jetty request log can only be enabled using Log4j
2019-06-13 06:31:41,327 INFO  http.HttpServer2 (HttpServer2.java:addGlobalFilter(975)) - Added global filter 'safety' (class=org.apache.hadoop.http.HttpServer2$QuotingInputFilter)
2019-06-13 06:31:41,328 INFO  http.HttpServer2 (HttpServer2.java:addFilter(948)) - Added filter static_user_filter (class=org.apache.hadoop.http.lib.StaticUserWebFilter$StaticUserFilter) to context hddsDatanode
2019-06-13 06:31:41,328 INFO  http.HttpServer2 (HttpServer2.java:addFilter(958)) - Added filter static_user_filter (class=org.apache.hadoop.http.lib.StaticUserWebFilter$StaticUserFilter) to context logs
2019-06-13 06:31:41,328 INFO  http.HttpServer2 (HttpServer2.java:addFilter(958)) - Added filter static_user_filter (class=org.apache.hadoop.http.lib.StaticUserWebFilter$StaticUserFilter) to context static
2019-06-13 06:31:41,329 INFO  http.HttpServer2 (HttpServer2.java:bindListener(1191)) - Jetty bound to port 41381
2019-06-13 06:31:41,329 INFO  server.Server (Server.java:doStart(351)) - jetty-9.3.24.v20180605, build timestamp: 2018-06-05T17:11:56Z, git hash: 84205aa28f11a4f31f2a3b86d1bba2cc8ab69827
2019-06-13 06:31:41,332 INFO  handler.ContextHandler (ContextHandler.java:doStart(781)) - Started o.e.j.s.ServletContextHandler@252f626c{/logs,file:///opt/src/hadoop-ozone/tools/target/log,AVAILABLE}
2019-06-13 06:31:41,332 INFO  handler.ContextHandler (ContextHandler.java:doStart(781)) - Started o.e.j.s.ServletContextHandler@48284d0e{/static,file:///opt/src/hadoop-hdds/container-service/target/classes/webapps/static,AVAILABLE}
2019-06-13 06:31:41,336 INFO  handler.ContextHandler (ContextHandler.java:doStart(781)) - Started o.e.j.w.WebAppContext@3d98d138{/,file:///opt/src/hadoop-hdds/container-service/target/classes/webapps/hddsDatanode/,AVAILABLE}{/hddsDatanode}
2019-06-13 06:31:41,336 INFO  server.AbstractConnector (AbstractConnector.java:doStart(278)) - Started ServerConnector@2f2d52ef{HTTP/1.1,[http/1.1]}{0.0.0.0:41381}
2019-06-13 06:31:41,336 INFO  server.Server (Server.java:doStart(419)) - Started @3206ms
2019-06-13 06:31:41,337 INFO  server.BaseHttpServer (BaseHttpServer.java:updateConnectorAddress(207)) - HTTP server of HDDSDATANODE is listening at http://0.0.0.0:41381
2019-06-13 06:31:42,164 INFO  ozone.HddsDatanodeService (HddsDatanodeService.java:startPlugins(396)) - Started plug-in org.apache.hadoop.ozone.web.OzoneHddsDatanodeService@794366a5
2019-06-13 06:31:42,165 INFO  impl.MetricsSystemImpl (MetricsSystemImpl.java:init(158)) - HddsDatanode metrics system started (again)
2019-06-13 06:31:42,165 INFO  ozone.HddsDatanodeService (HddsDatanodeService.java:start(185)) - HddsDatanodeService host:ozone-qjb4w-947491917 ip:192.168.11.223
2019-06-13 06:31:42,179 INFO  util.JvmPauseMonitor (JvmPauseMonitor.java:run(188)) - Starting JVM pause monitor
2019-06-13 06:31:42,180 INFO  volume.HddsVolume (HddsVolume.java:<init>(176)) - Creating Volume: /opt/src/hadoop-ozone/tools/target/test-dir/MiniOzoneClusterImpl-bc28c6ad-f795-400c-9de3-37da91a7912e/datanode-1/data/containers/hdds of  storage type : DISK and capacity : 104021790720
2019-06-13 06:31:42,180 INFO  volume.VolumeSet (VolumeSet.java:initializeVolumeSet(170)) - Added Volume : /opt/src/hadoop-ozone/tools/target/test-dir/MiniOzoneClusterImpl-bc28c6ad-f795-400c-9de3-37da91a7912e/datanode-1/data/containers/hdds to VolumeSet
2019-06-13 06:31:42,181 INFO  volume.ThrottledAsyncChecker (ThrottledAsyncChecker.java:schedule(140)) - Scheduling a check for org.apache.hadoop.ozone.container.common.volume.HddsVolume@59a79443
2019-06-13 06:31:42,186 INFO  volume.HddsVolumeChecker (HddsVolumeChecker.java:checkAllVolumes(203)) - Scheduled health check for volume org.apache.hadoop.ozone.container.common.volume.HddsVolume@59a79443
2019-06-13 06:31:42,203 INFO  ratis.XceiverServerRatis (XceiverServerRatis.java:newXceiverServerRatis(401)) - Found a free port for the server : 42381
2019-06-13 06:31:42,204 INFO  impl.RaftServerProxy (ConfUtils.java:logGet(43)) - raft.rpc.type = GRPC (default)
2019-06-13 06:31:42,204 INFO  grpc.GrpcConfigKeys$Server (ConfUtils.java:logGet(43)) - raft.grpc.server.port = 42381 (custom)
2019-06-13 06:31:42,205 INFO  server.GrpcService (ConfUtils.java:logGet(43)) - raft.grpc.message.size.max = 33570816 (custom)
2019-06-13 06:31:42,205 INFO  server.RaftServerConfigKeys (ConfUtils.java:logGet(43)) - raft.server.log.appender.buffer.byte-limit = 33554432 (custom)
2019-06-13 06:31:42,205 INFO  server.GrpcService (ConfUtils.java:logGet(43)) - raft.grpc.flow.control.window = 1MB (=1048576) (default)
2019-06-13 06:31:42,205 INFO  server.RaftServerConfigKeys (ConfUtils.java:logGet(43)) - raft.server.rpc.request.timeout = 3000ms (default)
2019-06-13 06:31:42,206 INFO  server.RaftServerConfigKeys (ConfUtils.java:logGet(43)) - raft.server.storage.dir = [/opt/src/hadoop-ozone/tools/target/test-dir/MiniOzoneClusterImpl-bc28c6ad-f795-400c-9de3-37da91a7912e/datanode-1/data/ratis] (custom)
2019-06-13 06:31:42,206 INFO  server.XceiverServerGrpc (XceiverServerGrpc.java:<init>(97)) - Found a free port for the server : 40787
2019-06-13 06:31:42,207 INFO  replication.SimpleContainerDownloader (SimpleContainerDownloader.java:<init>(72)) - Starting container downloader service to copy containers to replicate.
2019-06-13 06:31:42,208 INFO  hdfs.DFSUtil (DFSUtil.java:httpServerTemplateForNNAndJN(1641)) - Starting Web-server for hddsDatanode at: http://0.0.0.0:0
2019-06-13 06:31:42,209 INFO  server.AuthenticationFilter (AuthenticationFilter.java:constructSecretProvider(240)) - Unable to initialize FileSignerSecretProvider, falling back to use random secrets.
2019-06-13 06:31:42,218 WARN  http.HttpRequestLog (HttpRequestLog.java:getRequestLog(97)) - Jetty request log can only be enabled using Log4j
2019-06-13 06:31:42,219 INFO  http.HttpServer2 (HttpServer2.java:addGlobalFilter(975)) - Added global filter 'safety' (class=org.apache.hadoop.http.HttpServer2$QuotingInputFilter)
2019-06-13 06:31:42,220 INFO  http.HttpServer2 (HttpServer2.java:addFilter(948)) - Added filter static_user_filter (class=org.apache.hadoop.http.lib.StaticUserWebFilter$StaticUserFilter) to context hddsDatanode
2019-06-13 06:31:42,220 INFO  http.HttpServer2 (HttpServer2.java:addFilter(958)) - Added filter static_user_filter (class=org.apache.hadoop.http.lib.StaticUserWebFilter$StaticUserFilter) to context logs
2019-06-13 06:31:42,220 INFO  http.HttpServer2 (HttpServer2.java:addFilter(958)) - Added filter static_user_filter (class=org.apache.hadoop.http.lib.StaticUserWebFilter$StaticUserFilter) to context static
2019-06-13 06:31:42,221 INFO  http.HttpServer2 (HttpServer2.java:bindListener(1191)) - Jetty bound to port 34807
2019-06-13 06:31:42,221 INFO  server.Server (Server.java:doStart(351)) - jetty-9.3.24.v20180605, build timestamp: 2018-06-05T17:11:56Z, git hash: 84205aa28f11a4f31f2a3b86d1bba2cc8ab69827
2019-06-13 06:31:42,231 INFO  handler.ContextHandler (ContextHandler.java:doStart(781)) - Started o.e.j.s.ServletContextHandler@7978e022{/logs,file:///opt/src/hadoop-ozone/tools/target/log,AVAILABLE}
2019-06-13 06:31:42,232 INFO  handler.ContextHandler (ContextHandler.java:doStart(781)) - Started o.e.j.s.ServletContextHandler@5afbd567{/static,file:///opt/src/hadoop-hdds/container-service/target/classes/webapps/static,AVAILABLE}
2019-06-13 06:31:42,239 INFO  handler.ContextHandler (ContextHandler.java:doStart(781)) - Started o.e.j.w.WebAppContext@1ee27d73{/,file:///opt/src/hadoop-hdds/container-service/target/classes/webapps/hddsDatanode/,AVAILABLE}{/hddsDatanode}
2019-06-13 06:31:42,242 INFO  server.AbstractConnector (AbstractConnector.java:doStart(278)) - Started ServerConnector@2b64d4cf{HTTP/1.1,[http/1.1]}{0.0.0.0:34807}
2019-06-13 06:31:42,243 INFO  server.Server (Server.java:doStart(419)) - Started @4112ms
2019-06-13 06:31:42,243 INFO  server.BaseHttpServer (BaseHttpServer.java:updateConnectorAddress(207)) - HTTP server of HDDSDATANODE is listening at http://0.0.0.0:34807
2019-06-13 06:31:42,264 INFO  datanode.InitDatanodeState (InitDatanodeState.java:persistContainerDatanodeDetails(140)) - DatanodeDetails is persisted to /opt/src/hadoop-ozone/tools/target/test-dir/MiniOzoneClusterImpl-bc28c6ad-f795-400c-9de3-37da91a7912e/datanode-0/meta/datanode.id
2019-06-13 06:31:42,389 INFO  ozone.HddsDatanodeService (HddsDatanodeService.java:startPlugins(396)) - Started plug-in org.apache.hadoop.ozone.web.OzoneHddsDatanodeService@7cac93fe
2019-06-13 06:31:42,390 INFO  impl.MetricsSystemImpl (MetricsSystemImpl.java:init(158)) - HddsDatanode metrics system started (again)
2019-06-13 06:31:42,393 INFO  ozone.HddsDatanodeService (HddsDatanodeService.java:start(185)) - HddsDatanodeService host:ozone-qjb4w-947491917 ip:192.168.11.223
2019-06-13 06:31:42,407 INFO  util.JvmPauseMonitor (JvmPauseMonitor.java:run(188)) - Starting JVM pause monitor
2019-06-13 06:31:42,419 INFO  datanode.InitDatanodeState (InitDatanodeState.java:persistContainerDatanodeDetails(140)) - DatanodeDetails is persisted to /opt/src/hadoop-ozone/tools/target/test-dir/MiniOzoneClusterImpl-bc28c6ad-f795-400c-9de3-37da91a7912e/datanode-1/meta/datanode.id
2019-06-13 06:31:42,420 INFO  volume.HddsVolume (HddsVolume.java:<init>(176)) - Creating Volume: /opt/src/hadoop-ozone/tools/target/test-dir/MiniOzoneClusterImpl-bc28c6ad-f795-400c-9de3-37da91a7912e/datanode-2/data/containers/hdds of  storage type : DISK and capacity : 104021790720
2019-06-13 06:31:42,420 INFO  volume.VolumeSet (VolumeSet.java:initializeVolumeSet(170)) - Added Volume : /opt/src/hadoop-ozone/tools/target/test-dir/MiniOzoneClusterImpl-bc28c6ad-f795-400c-9de3-37da91a7912e/datanode-2/data/containers/hdds to VolumeSet
2019-06-13 06:31:42,420 INFO  volume.ThrottledAsyncChecker (ThrottledAsyncChecker.java:schedule(140)) - Scheduling a check for org.apache.hadoop.ozone.container.common.volume.HddsVolume@3f5156a6
2019-06-13 06:31:42,423 INFO  volume.HddsVolumeChecker (HddsVolumeChecker.java:checkAllVolumes(203)) - Scheduled health check for volume org.apache.hadoop.ozone.container.common.volume.HddsVolume@3f5156a6
2019-06-13 06:31:42,441 INFO  ratis.XceiverServerRatis (XceiverServerRatis.java:newXceiverServerRatis(401)) - Found a free port for the server : 46043
2019-06-13 06:31:42,442 INFO  impl.RaftServerProxy (ConfUtils.java:logGet(43)) - raft.rpc.type = GRPC (default)
2019-06-13 06:31:42,443 INFO  grpc.GrpcConfigKeys$Server (ConfUtils.java:logGet(43)) - raft.grpc.server.port = 46043 (custom)
2019-06-13 06:31:42,443 INFO  server.GrpcService (ConfUtils.java:logGet(43)) - raft.grpc.message.size.max = 33570816 (custom)
2019-06-13 06:31:42,443 INFO  server.RaftServerConfigKeys (ConfUtils.java:logGet(43)) - raft.server.log.appender.buffer.byte-limit = 33554432 (custom)
2019-06-13 06:31:42,443 INFO  server.GrpcService (ConfUtils.java:logGet(43)) - raft.grpc.flow.control.window = 1MB (=1048576) (default)
2019-06-13 06:31:42,443 INFO  server.RaftServerConfigKeys (ConfUtils.java:logGet(43)) - raft.server.rpc.request.timeout = 3000ms (default)
2019-06-13 06:31:42,444 INFO  server.RaftServerConfigKeys (ConfUtils.java:logGet(43)) - raft.server.storage.dir = [/opt/src/hadoop-ozone/tools/target/test-dir/MiniOzoneClusterImpl-bc28c6ad-f795-400c-9de3-37da91a7912e/datanode-2/data/ratis] (custom)
2019-06-13 06:31:42,444 INFO  server.XceiverServerGrpc (XceiverServerGrpc.java:<init>(97)) - Found a free port for the server : 38059
2019-06-13 06:31:42,445 INFO  replication.SimpleContainerDownloader (SimpleContainerDownloader.java:<init>(72)) - Starting container downloader service to copy containers to replicate.
2019-06-13 06:31:42,446 INFO  hdfs.DFSUtil (DFSUtil.java:httpServerTemplateForNNAndJN(1641)) - Starting Web-server for hddsDatanode at: http://0.0.0.0:0
2019-06-13 06:31:42,447 INFO  server.AuthenticationFilter (AuthenticationFilter.java:constructSecretProvider(240)) - Unable to initialize FileSignerSecretProvider, falling back to use random secrets.
2019-06-13 06:31:42,448 WARN  http.HttpRequestLog (HttpRequestLog.java:getRequestLog(97)) - Jetty request log can only be enabled using Log4j
2019-06-13 06:31:42,450 INFO  http.HttpServer2 (HttpServer2.java:addGlobalFilter(975)) - Added global filter 'safety' (class=org.apache.hadoop.http.HttpServer2$QuotingInputFilter)
2019-06-13 06:31:42,450 INFO  http.HttpServer2 (HttpServer2.java:addFilter(948)) - Added filter static_user_filter (class=org.apache.hadoop.http.lib.StaticUserWebFilter$StaticUserFilter) to context hddsDatanode
2019-06-13 06:31:42,450 INFO  http.HttpServer2 (HttpServer2.java:addFilter(958)) - Added filter static_user_filter (class=org.apache.hadoop.http.lib.StaticUserWebFilter$StaticUserFilter) to context logs
2019-06-13 06:31:42,451 INFO  http.HttpServer2 (HttpServer2.java:addFilter(958)) - Added filter static_user_filter (class=org.apache.hadoop.http.lib.StaticUserWebFilter$StaticUserFilter) to context static
2019-06-13 06:31:42,451 INFO  http.HttpServer2 (HttpServer2.java:bindListener(1191)) - Jetty bound to port 46757
2019-06-13 06:31:42,451 INFO  server.Server (Server.java:doStart(351)) - jetty-9.3.24.v20180605, build timestamp: 2018-06-05T17:11:56Z, git hash: 84205aa28f11a4f31f2a3b86d1bba2cc8ab69827
2019-06-13 06:31:42,453 INFO  handler.ContextHandler (ContextHandler.java:doStart(781)) - Started o.e.j.s.ServletContextHandler@36c2d629{/logs,file:///opt/src/hadoop-ozone/tools/target/log,AVAILABLE}
2019-06-13 06:31:42,454 INFO  handler.ContextHandler (ContextHandler.java:doStart(781)) - Started o.e.j.s.ServletContextHandler@54089484{/static,file:///opt/src/hadoop-hdds/container-service/target/classes/webapps/static,AVAILABLE}
2019-06-13 06:31:42,457 INFO  handler.ContextHandler (ContextHandler.java:doStart(781)) - Started o.e.j.w.WebAppContext@1e692555{/,file:///opt/src/hadoop-hdds/container-service/target/classes/webapps/hddsDatanode/,AVAILABLE}{/hddsDatanode}
2019-06-13 06:31:42,458 INFO  server.AbstractConnector (AbstractConnector.java:doStart(278)) - Started ServerConnector@3ba0ae41{HTTP/1.1,[http/1.1]}{0.0.0.0:46757}
2019-06-13 06:31:42,458 INFO  server.Server (Server.java:doStart(419)) - Started @4327ms
2019-06-13 06:31:42,459 INFO  server.BaseHttpServer (BaseHttpServer.java:updateConnectorAddress(207)) - HTTP server of HDDSDATANODE is listening at http://0.0.0.0:46757
2019-06-13 06:31:42,575 INFO  ozone.HddsDatanodeService (HddsDatanodeService.java:startPlugins(396)) - Started plug-in org.apache.hadoop.ozone.web.OzoneHddsDatanodeService@65bb6275
2019-06-13 06:31:42,576 INFO  ozone.MiniOzoneClusterImpl (MiniOzoneClusterImpl.java:lambda$waitForClusterToBeReady$0(142)) - Waiting for cluster to be ready. Got 0 of 3 DN Heartbeats.
2019-06-13 06:31:42,577 INFO  util.JvmPauseMonitor (JvmPauseMonitor.java:run(188)) - Starting JVM pause monitor
2019-06-13 06:31:42,578 INFO  datanode.InitDatanodeState (InitDatanodeState.java:persistContainerDatanodeDetails(140)) - DatanodeDetails is persisted to /opt/src/hadoop-ozone/tools/target/test-dir/MiniOzoneClusterImpl-bc28c6ad-f795-400c-9de3-37da91a7912e/datanode-2/meta/datanode.id
2019-06-13 06:31:43,577 INFO  ozone.MiniOzoneClusterImpl (MiniOzoneClusterImpl.java:lambda$waitForClusterToBeReady$0(142)) - Waiting for cluster to be ready. Got 0 of 3 DN Heartbeats.
2019-06-13 06:31:44,202 INFO  ozoneimpl.OzoneContainer (OzoneContainer.java:start(186)) - Attempting to start container services.
2019-06-13 06:31:44,202 INFO  ozoneimpl.OzoneContainer (OzoneContainer.java:startContainerScrub(160)) - Background container scrubber has been disabled by hdds.containerscrub.enabled
2019-06-13 06:31:44,202 INFO  ratis.XceiverServerRatis (XceiverServerRatis.java:start(418)) - Starting XceiverServerRatis 7b27096a-6e78-469c-b4df-e0c82e228802 at port 42963
2019-06-13 06:31:44,215 INFO  impl.RaftServerProxy (RaftServerProxy.java:lambda$start$3(299)) - 7b27096a-6e78-469c-b4df-e0c82e228802: start RPC server
2019-06-13 06:31:44,364 INFO  server.GrpcService (GrpcService.java:startImpl(148)) - 7b27096a-6e78-469c-b4df-e0c82e228802: GrpcService started, listening on 0.0.0.0/0.0.0.0:42963
2019-06-13 06:31:44,412 INFO  ozoneimpl.OzoneContainer (OzoneContainer.java:start(186)) - Attempting to start container services.
2019-06-13 06:31:44,412 INFO  ozoneimpl.OzoneContainer (OzoneContainer.java:startContainerScrub(160)) - Background container scrubber has been disabled by hdds.containerscrub.enabled
2019-06-13 06:31:44,412 INFO  ratis.XceiverServerRatis (XceiverServerRatis.java:start(418)) - Starting XceiverServerRatis 58f03cb9-ed48-4728-a558-b1c45bdd0f8f at port 42381
2019-06-13 06:31:44,420 INFO  impl.RaftServerProxy (RaftServerProxy.java:lambda$start$3(299)) - 58f03cb9-ed48-4728-a558-b1c45bdd0f8f: start RPC server
2019-06-13 06:31:44,421 INFO  server.GrpcService (GrpcService.java:startImpl(148)) - 58f03cb9-ed48-4728-a558-b1c45bdd0f8f: GrpcService started, listening on 0.0.0.0/0.0.0.0:42381
2019-06-13 06:31:44,577 INFO  ozone.MiniOzoneClusterImpl (MiniOzoneClusterImpl.java:lambda$waitForClusterToBeReady$0(142)) - Waiting for cluster to be ready. Got 0 of 3 DN Heartbeats.
2019-06-13 06:31:44,580 INFO  ozoneimpl.OzoneContainer (OzoneContainer.java:start(186)) - Attempting to start container services.
2019-06-13 06:31:44,581 INFO  ozoneimpl.OzoneContainer (OzoneContainer.java:startContainerScrub(160)) - Background container scrubber has been disabled by hdds.containerscrub.enabled
2019-06-13 06:31:44,581 INFO  ratis.XceiverServerRatis (XceiverServerRatis.java:start(418)) - Starting XceiverServerRatis 2806f773-fb5b-47a7-a55b-2ca4bfa66309 at port 46043
2019-06-13 06:31:44,586 INFO  impl.RaftServerProxy (RaftServerProxy.java:lambda$start$3(299)) - 2806f773-fb5b-47a7-a55b-2ca4bfa66309: start RPC server
2019-06-13 06:31:44,588 INFO  server.GrpcService (GrpcService.java:startImpl(148)) - 2806f773-fb5b-47a7-a55b-2ca4bfa66309: GrpcService started, listening on 0.0.0.0/0.0.0.0:46043
2019-06-13 06:31:45,578 INFO  ozone.MiniOzoneClusterImpl (MiniOzoneClusterImpl.java:lambda$waitForClusterToBeReady$0(142)) - Waiting for cluster to be ready. Got 0 of 3 DN Heartbeats.
2019-06-13 06:31:46,198 INFO  node.SCMNodeManager (SCMNodeManager.java:register(234)) - Registered Data node : 7b27096a-6e78-469c-b4df-e0c82e228802{ip: 192.168.11.223, host: ozone-qjb4w-947491917, networkLocation: /default-rack, certSerialId: null}
2019-06-13 06:31:46,203 INFO  safemode.SCMSafeModeManager (DataNodeSafeModeRule.java:process(71)) - SCM in safe mode. 1 DataNodes registered, 1 required.
2019-06-13 06:31:46,203 INFO  safemode.SCMSafeModeManager (SCMSafeModeManager.java:validateSafeModeExitRules(177)) - ScmSafeModeManager, all rules are successfully validated
2019-06-13 06:31:46,203 INFO  safemode.SCMSafeModeManager (SCMSafeModeManager.java:exitSafeMode(193)) - SCM exiting safe mode.
2019-06-13 06:31:46,416 INFO  node.SCMNodeManager (SCMNodeManager.java:register(234)) - Registered Data node : 58f03cb9-ed48-4728-a558-b1c45bdd0f8f{ip: 192.168.11.223, host: ozone-qjb4w-947491917, networkLocation: /default-rack, certSerialId: null}
2019-06-13 06:31:46,557 INFO  impl.RaftServerProxy (RaftServerProxy.java:addNew(89)) - 7b27096a-6e78-469c-b4df-e0c82e228802: addNew group-84AAF7A28B0B:[7b27096a-6e78-469c-b4df-e0c82e228802:192.168.11.223:42963] returns group-84AAF7A28B0B:java.util.concurrent.CompletableFuture@1d159803[Not completed]
2019-06-13 06:31:46,562 INFO  impl.RaftServerImpl (RaftServerImpl.java:<init>(91)) - 7b27096a-6e78-469c-b4df-e0c82e228802: new RaftServerImpl for group-84AAF7A28B0B:[7b27096a-6e78-469c-b4df-e0c82e228802:192.168.11.223:42963] with ContainerStateMachine:uninitialized
2019-06-13 06:31:46,564 INFO  server.RaftServerConfigKeys (ConfUtils.java:logGet(43)) - raft.server.rpc.timeout.min = 1s (custom)
2019-06-13 06:31:46,564 INFO  server.RaftServerConfigKeys (ConfUtils.java:logGet(43)) - raft.server.rpc.timeout.max = 1200ms (custom)
2019-06-13 06:31:46,564 INFO  server.RaftServerConfigKeys (ConfUtils.java:logGet(43)) - raft.server.rpcslowness.timeout = 120s (custom)
2019-06-13 06:31:46,564 INFO  server.RaftServerConfigKeys (ConfUtils.java:logGet(43)) - raft.server.log.appender.install.snapshot.enabled = true (default)
2019-06-13 06:31:46,569 INFO  impl.RaftServerImpl (ServerState.java:<init>(101)) - 7b27096a-6e78-469c-b4df-e0c82e228802:group-84AAF7A28B0B ConfigurationManager, init=-1: [7b27096a-6e78-469c-b4df-e0c82e228802:192.168.11.223:42963], old=null, confs=<EMPTY_MAP>
2019-06-13 06:31:46,570 INFO  server.RaftServerConfigKeys (ConfUtils.java:logGet(43)) - raft.server.storage.dir = [/opt/src/hadoop-ozone/tools/target/test-dir/MiniOzoneClusterImpl-bc28c6ad-f795-400c-9de3-37da91a7912e/datanode-0/data/ratis] (custom)
2019-06-13 06:31:46,574 INFO  storage.RaftStorageDirectory (RaftStorageDirectory.java:analyzeStorage(246)) - The storage directory /opt/src/hadoop-ozone/tools/target/test-dir/MiniOzoneClusterImpl-bc28c6ad-f795-400c-9de3-37da91a7912e/datanode-0/data/ratis/6c7c0f31-074c-4c27-9c5f-84aaf7a28b0b does not exist. Creating ...
2019-06-13 06:31:46,578 INFO  ozone.MiniOzoneClusterImpl (MiniOzoneClusterImpl.java:lambda$waitForClusterToBeReady$0(142)) - Waiting for cluster to be ready. Got 2 of 3 DN Heartbeats.
2019-06-13 06:31:46,579 INFO  storage.RaftStorageDirectory (RaftStorageDirectory.java:tryLock(328)) - Lock on /opt/src/hadoop-ozone/tools/target/test-dir/MiniOzoneClusterImpl-bc28c6ad-f795-400c-9de3-37da91a7912e/datanode-0/data/ratis/6c7c0f31-074c-4c27-9c5f-84aaf7a28b0b/in_use.lock acquired by nodename 30823@ozone-qjb4w-947491917
2019-06-13 06:31:46,579 INFO  node.SCMNodeManager (SCMNodeManager.java:register(234)) - Registered Data node : 2806f773-fb5b-47a7-a55b-2ca4bfa66309{ip: 192.168.11.223, host: ozone-qjb4w-947491917, networkLocation: /default-rack, certSerialId: null}
2019-06-13 06:31:46,583 INFO  storage.RaftStorage (RaftStorage.java:format(75)) - Storage directory /opt/src/hadoop-ozone/tools/target/test-dir/MiniOzoneClusterImpl-bc28c6ad-f795-400c-9de3-37da91a7912e/datanode-0/data/ratis/6c7c0f31-074c-4c27-9c5f-84aaf7a28b0b has been successfully formatted.
2019-06-13 06:31:46,584 INFO  ratis.ContainerStateMachine (ContainerStateMachine.java:loadSnapshot(199)) - The snapshot info is null.Setting the last applied index to:(t:0, i:~)
2019-06-13 06:31:46,584 INFO  server.RaftServerConfigKeys (ConfUtils.java:logGet(43)) - raft.server.leader.election.timeout = 120s (custom)
2019-06-13 06:31:46,586 INFO  server.RaftServerConfigKeys (ConfUtils.java:logGet(43)) - raft.server.log.use.memory = false (default)
2019-06-13 06:31:46,587 INFO  server.RaftServerConfigKeys (ConfUtils.java:logGet(43)) - raft.server.log.appender.buffer.byte-limit = 33554432 (custom)
2019-06-13 06:31:46,591 INFO  server.RaftServerConfigKeys (ConfUtils.java:logGet(43)) - raft.server.log.segment.size.max = 16384 (custom)
2019-06-13 06:31:46,595 INFO  server.RaftServerConfigKeys (ConfUtils.java:logGet(43)) - raft.server.log.segment.cache.num.max = 2 (custom)
2019-06-13 06:31:46,597 INFO  storage.RaftLogWorker (RaftLogWorker.java:<init>(123)) - new 7b27096a-6e78-469c-b4df-e0c82e228802-RaftLogWorker for Storage Directory /opt/src/hadoop-ozone/tools/target/test-dir/MiniOzoneClusterImpl-bc28c6ad-f795-400c-9de3-37da91a7912e/datanode-0/data/ratis/6c7c0f31-074c-4c27-9c5f-84aaf7a28b0b
2019-06-13 06:31:46,597 INFO  server.RaftServerConfigKeys (ConfUtils.java:logGet(43)) - raft.server.log.queue.byte-limit = 2147483647 (custom)
2019-06-13 06:31:46,598 INFO  server.RaftServerConfigKeys (ConfUtils.java:logGet(43)) - raft.server.log.queue.element-limit = 1024 (custom)
2019-06-13 06:31:46,600 INFO  server.RaftServerConfigKeys (ConfUtils.java:logGet(43)) - raft.server.log.segment.size.max = 16384 (custom)
2019-06-13 06:31:46,600 INFO  server.RaftServerConfigKeys (ConfUtils.java:logGet(43)) - raft.server.log.preallocated.size = 16384 (custom)
2019-06-13 06:31:46,600 INFO  server.RaftServerConfigKeys (ConfUtils.java:logGet(43)) - raft.server.log.write.buffer.size = 33554432 (custom)
2019-06-13 06:31:46,601 INFO  server.RaftServerConfigKeys (ConfUtils.java:logGet(43)) - raft.server.log.force.sync.num = 128 (default)
2019-06-13 06:31:46,602 INFO  server.RaftServerConfigKeys (ConfUtils.java:logGet(43)) - raft.server.log.statemachine.data.sync = true (default)
2019-06-13 06:31:46,602 INFO  server.RaftServerConfigKeys (ConfUtils.java:logGet(43)) - raft.server.log.statemachine.data.sync.timeout = 10s (default)
2019-06-13 06:31:46,602 INFO  server.RaftServerConfigKeys (ConfUtils.java:logGet(43)) - raft.server.log.statemachine.data.sync.timeout.retry = -1 (default)
2019-06-13 06:31:46,604 INFO  server.RaftServerConfigKeys (ConfUtils.java:logGet(43)) - raft.server.log.statemachine.data.caching.enabled = true (custom)
2019-06-13 06:31:46,609 INFO  server.RaftServerConfigKeys (ConfUtils.java:logGet(43)) - raft.server.snapshot.auto.trigger.enabled = true (custom)
2019-06-13 06:31:46,610 INFO  server.RaftServerConfigKeys (ConfUtils.java:logGet(43)) - raft.server.snapshot.auto.trigger.threshold = 10000 (custom)
2019-06-13 06:31:46,611 INFO  server.RaftServerConfigKeys (ConfUtils.java:logGet(43)) - raft.server.retrycache.expirytime = 600000ms (custom)
2019-06-13 06:31:46,626 INFO  impl.RaftServerImpl (RaftServerImpl.java:start(173)) - 7b27096a-6e78-469c-b4df-e0c82e228802: start group-84AAF7A28B0B
2019-06-13 06:31:46,626 INFO  impl.RaftServerImpl (RaftServerImpl.java:setRole(164)) - 7b27096a-6e78-469c-b4df-e0c82e228802:group-84AAF7A28B0B changes role from null to FOLLOWER at term 0 for startAsFollower
2019-06-13 06:31:46,627 INFO  impl.RoleInfo (RoleInfo.java:updateAndGet(143)) - 7b27096a-6e78-469c-b4df-e0c82e228802: start FollowerState
2019-06-13 06:31:46,629 INFO  util.JmxRegister (JmxRegister.java:tryRegister(44)) - Successfully registered JMX Bean with object name Ratis:service=RaftServer,group=group-84AAF7A28B0B,id=7b27096a-6e78-469c-b4df-e0c82e228802
2019-06-13 06:31:46,667 INFO  pipeline.PipelineStateManager (PipelineStateManager.java:addPipeline(56)) - Created pipeline Pipeline[ Id: 6c7c0f31-074c-4c27-9c5f-84aaf7a28b0b, Nodes: 7b27096a-6e78-469c-b4df-e0c82e228802{ip: 192.168.11.223, host: ozone-qjb4w-947491917, networkLocation: /default-rack, certSerialId: null}, Type:RATIS, Factor:ONE, State:OPEN]
2019-06-13 06:31:46,681 INFO  impl.RaftServerProxy (RaftServerProxy.java:addNew(89)) - 58f03cb9-ed48-4728-a558-b1c45bdd0f8f: addNew group-C855A5D80ABA:[58f03cb9-ed48-4728-a558-b1c45bdd0f8f:192.168.11.223:42381] returns group-C855A5D80ABA:java.util.concurrent.CompletableFuture@53873684[Not completed]
2019-06-13 06:31:46,697 INFO  impl.RaftServerImpl (RaftServerImpl.java:<init>(91)) - 58f03cb9-ed48-4728-a558-b1c45bdd0f8f: new RaftServerImpl for group-C855A5D80ABA:[58f03cb9-ed48-4728-a558-b1c45bdd0f8f:192.168.11.223:42381] with ContainerStateMachine:uninitialized
2019-06-13 06:31:46,698 INFO  server.RaftServerConfigKeys (ConfUtils.java:logGet(43)) - raft.server.rpc.timeout.min = 1s (custom)
2019-06-13 06:31:46,699 INFO  server.RaftServerConfigKeys (ConfUtils.java:logGet(43)) - raft.server.rpc.timeout.max = 1200ms (custom)
2019-06-13 06:31:46,699 INFO  server.RaftServerConfigKeys (ConfUtils.java:logGet(43)) - raft.server.rpcslowness.timeout = 120s (custom)
2019-06-13 06:31:46,699 INFO  server.RaftServerConfigKeys (ConfUtils.java:logGet(43)) - raft.server.log.appender.install.snapshot.enabled = true (default)
2019-06-13 06:31:46,699 INFO  impl.RaftServerImpl (ServerState.java:<init>(101)) - 58f03cb9-ed48-4728-a558-b1c45bdd0f8f:group-C855A5D80ABA ConfigurationManager, init=-1: [58f03cb9-ed48-4728-a558-b1c45bdd0f8f:192.168.11.223:42381], old=null, confs=<EMPTY_MAP>
2019-06-13 06:31:46,699 INFO  server.RaftServerConfigKeys (ConfUtils.java:logGet(43)) - raft.server.storage.dir = [/opt/src/hadoop-ozone/tools/target/test-dir/MiniOzoneClusterImpl-bc28c6ad-f795-400c-9de3-37da91a7912e/datanode-1/data/ratis] (custom)
2019-06-13 06:31:46,699 INFO  storage.RaftStorageDirectory (RaftStorageDirectory.java:analyzeStorage(246)) - The storage directory /opt/src/hadoop-ozone/tools/target/test-dir/MiniOzoneClusterImpl-bc28c6ad-f795-400c-9de3-37da91a7912e/datanode-1/data/ratis/adb01b5d-fdb8-4081-96ce-c855a5d80aba does not exist. Creating ...
2019-06-13 06:31:46,703 INFO  storage.RaftStorageDirectory (RaftStorageDirectory.java:tryLock(328)) - Lock on /opt/src/hadoop-ozone/tools/target/test-dir/MiniOzoneClusterImpl-bc28c6ad-f795-400c-9de3-37da91a7912e/datanode-1/data/ratis/adb01b5d-fdb8-4081-96ce-c855a5d80aba/in_use.lock acquired by nodename 30823@ozone-qjb4w-947491917
2019-06-13 06:31:46,705 INFO  storage.RaftStorage (RaftStorage.java:format(75)) - Storage directory /opt/src/hadoop-ozone/tools/target/test-dir/MiniOzoneClusterImpl-bc28c6ad-f795-400c-9de3-37da91a7912e/datanode-1/data/ratis/adb01b5d-fdb8-4081-96ce-c855a5d80aba has been successfully formatted.
2019-06-13 06:31:46,705 INFO  ratis.ContainerStateMachine (ContainerStateMachine.java:loadSnapshot(199)) - The snapshot info is null.Setting the last applied index to:(t:0, i:~)
2019-06-13 06:31:46,706 INFO  server.RaftServerConfigKeys (ConfUtils.java:logGet(43)) - raft.server.leader.election.timeout = 120s (custom)
2019-06-13 06:31:46,706 INFO  server.RaftServerConfigKeys (ConfUtils.java:logGet(43)) - raft.server.log.use.memory = false (default)
2019-06-13 06:31:46,706 INFO  server.RaftServerConfigKeys (ConfUtils.java:logGet(43)) - raft.server.log.appender.buffer.byte-limit = 33554432 (custom)
2019-06-13 06:31:46,706 INFO  server.RaftServerConfigKeys (ConfUtils.java:logGet(43)) - raft.server.log.segment.size.max = 16384 (custom)
2019-06-13 06:31:46,706 INFO  server.RaftServerConfigKeys (ConfUtils.java:logGet(43)) - raft.server.log.segment.cache.num.max = 2 (custom)
2019-06-13 06:31:46,706 INFO  storage.RaftLogWorker (RaftLogWorker.java:<init>(123)) - new 58f03cb9-ed48-4728-a558-b1c45bdd0f8f-RaftLogWorker for Storage Directory /opt/src/hadoop-ozone/tools/target/test-dir/MiniOzoneClusterImpl-bc28c6ad-f795-400c-9de3-37da91a7912e/datanode-1/data/ratis/adb01b5d-fdb8-4081-96ce-c855a5d80aba
2019-06-13 06:31:46,707 INFO  server.RaftServerConfigKeys (ConfUtils.java:logGet(43)) - raft.server.log.queue.byte-limit = 2147483647 (custom)
2019-06-13 06:31:46,707 INFO  server.RaftServerConfigKeys (ConfUtils.java:logGet(43)) - raft.server.log.queue.element-limit = 1024 (custom)
2019-06-13 06:31:46,707 INFO  server.RaftServerConfigKeys (ConfUtils.java:logGet(43)) - raft.server.log.segment.size.max = 16384 (custom)
2019-06-13 06:31:46,707 INFO  server.RaftServerConfigKeys (ConfUtils.java:logGet(43)) - raft.server.log.preallocated.size = 16384 (custom)
2019-06-13 06:31:46,707 INFO  server.RaftServerConfigKeys (ConfUtils.java:logGet(43)) - raft.server.log.write.buffer.size = 33554432 (custom)
2019-06-13 06:31:46,707 INFO  server.RaftServerConfigKeys (ConfUtils.java:logGet(43)) - raft.server.log.force.sync.num = 128 (default)
2019-06-13 06:31:46,707 INFO  server.RaftServerConfigKeys (ConfUtils.java:logGet(43)) - raft.server.log.statemachine.data.sync = true (default)
2019-06-13 06:31:46,708 INFO  server.RaftServerConfigKeys (ConfUtils.java:logGet(43)) - raft.server.log.statemachine.data.sync.timeout = 10s (default)
2019-06-13 06:31:46,708 INFO  server.RaftServerConfigKeys (ConfUtils.java:logGet(43)) - raft.server.log.statemachine.data.sync.timeout.retry = -1 (default)
2019-06-13 06:31:46,708 INFO  server.RaftServerConfigKeys (ConfUtils.java:logGet(43)) - raft.server.log.statemachine.data.caching.enabled = true (custom)
2019-06-13 06:31:46,708 INFO  server.RaftServerConfigKeys (ConfUtils.java:logGet(43)) - raft.server.snapshot.auto.trigger.enabled = true (custom)
2019-06-13 06:31:46,708 INFO  server.RaftServerConfigKeys (ConfUtils.java:logGet(43)) - raft.server.snapshot.auto.trigger.threshold = 10000 (custom)
2019-06-13 06:31:46,709 INFO  server.RaftServerConfigKeys (ConfUtils.java:logGet(43)) - raft.server.retrycache.expirytime = 600000ms (custom)
2019-06-13 06:31:46,709 INFO  impl.RaftServerImpl (RaftServerImpl.java:start(173)) - 58f03cb9-ed48-4728-a558-b1c45bdd0f8f: start group-C855A5D80ABA
2019-06-13 06:31:46,709 INFO  impl.RaftServerImpl (RaftServerImpl.java:setRole(164)) - 58f03cb9-ed48-4728-a558-b1c45bdd0f8f:group-C855A5D80ABA changes role from null to FOLLOWER at term 0 for startAsFollower
2019-06-13 06:31:46,709 INFO  impl.RoleInfo (RoleInfo.java:updateAndGet(143)) - 58f03cb9-ed48-4728-a558-b1c45bdd0f8f: start FollowerState
2019-06-13 06:31:46,710 INFO  util.JmxRegister (JmxRegister.java:tryRegister(44)) - Successfully registered JMX Bean with object name Ratis:service=RaftServer,group=group-C855A5D80ABA,id=58f03cb9-ed48-4728-a558-b1c45bdd0f8f
2019-06-13 06:31:46,718 INFO  pipeline.PipelineStateManager (PipelineStateManager.java:addPipeline(56)) - Created pipeline Pipeline[ Id: adb01b5d-fdb8-4081-96ce-c855a5d80aba, Nodes: 58f03cb9-ed48-4728-a558-b1c45bdd0f8f{ip: 192.168.11.223, host: ozone-qjb4w-947491917, networkLocation: /default-rack, certSerialId: null}, Type:RATIS, Factor:ONE, State:OPEN]
2019-06-13 06:31:46,730 INFO  impl.RaftServerProxy (RaftServerProxy.java:addNew(89)) - 2806f773-fb5b-47a7-a55b-2ca4bfa66309: addNew group-473180F6B2BF:[2806f773-fb5b-47a7-a55b-2ca4bfa66309:192.168.11.223:46043] returns group-473180F6B2BF:java.util.concurrent.CompletableFuture@585b38bd[Not completed]
2019-06-13 06:31:46,732 INFO  impl.RaftServerImpl (RaftServerImpl.java:<init>(91)) - 2806f773-fb5b-47a7-a55b-2ca4bfa66309: new RaftServerImpl for group-473180F6B2BF:[2806f773-fb5b-47a7-a55b-2ca4bfa66309:192.168.11.223:46043] with ContainerStateMachine:uninitialized
2019-06-13 06:31:46,733 INFO  server.RaftServerConfigKeys (ConfUtils.java:logGet(43)) - raft.server.rpc.timeout.min = 1s (custom)
2019-06-13 06:31:46,733 INFO  server.RaftServerConfigKeys (ConfUtils.java:logGet(43)) - raft.server.rpc.timeout.max = 1200ms (custom)
2019-06-13 06:31:46,733 INFO  server.RaftServerConfigKeys (ConfUtils.java:logGet(43)) - raft.server.rpcslowness.timeout = 120s (custom)
2019-06-13 06:31:46,733 INFO  server.RaftServerConfigKeys (ConfUtils.java:logGet(43)) - raft.server.log.appender.install.snapshot.enabled = true (default)
2019-06-13 06:31:46,733 INFO  impl.RaftServerImpl (ServerState.java:<init>(101)) - 2806f773-fb5b-47a7-a55b-2ca4bfa66309:group-473180F6B2BF ConfigurationManager, init=-1: [2806f773-fb5b-47a7-a55b-2ca4bfa66309:192.168.11.223:46043], old=null, confs=<EMPTY_MAP>
2019-06-13 06:31:46,733 INFO  server.RaftServerConfigKeys (ConfUtils.java:logGet(43)) - raft.server.storage.dir = [/opt/src/hadoop-ozone/tools/target/test-dir/MiniOzoneClusterImpl-bc28c6ad-f795-400c-9de3-37da91a7912e/datanode-2/data/ratis] (custom)
2019-06-13 06:31:46,733 INFO  storage.RaftStorageDirectory (RaftStorageDirectory.java:analyzeStorage(246)) - The storage directory /opt/src/hadoop-ozone/tools/target/test-dir/MiniOzoneClusterImpl-bc28c6ad-f795-400c-9de3-37da91a7912e/datanode-2/data/ratis/9ef80284-8226-4139-8625-473180f6b2bf does not exist. Creating ...
2019-06-13 06:31:46,735 INFO  storage.RaftStorageDirectory (RaftStorageDirectory.java:tryLock(328)) - Lock on /opt/src/hadoop-ozone/tools/target/test-dir/MiniOzoneClusterImpl-bc28c6ad-f795-400c-9de3-37da91a7912e/datanode-2/data/ratis/9ef80284-8226-4139-8625-473180f6b2bf/in_use.lock acquired by nodename 30823@ozone-qjb4w-947491917
2019-06-13 06:31:46,737 INFO  storage.RaftStorage (RaftStorage.java:format(75)) - Storage directory /opt/src/hadoop-ozone/tools/target/test-dir/MiniOzoneClusterImpl-bc28c6ad-f795-400c-9de3-37da91a7912e/datanode-2/data/ratis/9ef80284-8226-4139-8625-473180f6b2bf has been successfully formatted.
2019-06-13 06:31:46,738 INFO  ratis.ContainerStateMachine (ContainerStateMachine.java:loadSnapshot(199)) - The snapshot info is null.Setting the last applied index to:(t:0, i:~)
2019-06-13 06:31:46,738 INFO  server.RaftServerConfigKeys (ConfUtils.java:logGet(43)) - raft.server.leader.election.timeout = 120s (custom)
2019-06-13 06:31:46,738 INFO  server.RaftServerConfigKeys (ConfUtils.java:logGet(43)) - raft.server.log.use.memory = false (default)
2019-06-13 06:31:46,738 INFO  server.RaftServerConfigKeys (ConfUtils.java:logGet(43)) - raft.server.log.appender.buffer.byte-limit = 33554432 (custom)
2019-06-13 06:31:46,738 INFO  server.RaftServerConfigKeys (ConfUtils.java:logGet(43)) - raft.server.log.segment.size.max = 16384 (custom)
2019-06-13 06:31:46,738 INFO  server.RaftServerConfigKeys (ConfUtils.java:logGet(43)) - raft.server.log.segment.cache.num.max = 2 (custom)
2019-06-13 06:31:46,738 INFO  storage.RaftLogWorker (RaftLogWorker.java:<init>(123)) - new 2806f773-fb5b-47a7-a55b-2ca4bfa66309-RaftLogWorker for Storage Directory /opt/src/hadoop-ozone/tools/target/test-dir/MiniOzoneClusterImpl-bc28c6ad-f795-400c-9de3-37da91a7912e/datanode-2/data/ratis/9ef80284-8226-4139-8625-473180f6b2bf
2019-06-13 06:31:46,738 INFO  server.RaftServerConfigKeys (ConfUtils.java:logGet(43)) - raft.server.log.queue.byte-limit = 2147483647 (custom)
2019-06-13 06:31:46,738 INFO  server.RaftServerConfigKeys (ConfUtils.java:logGet(43)) - raft.server.log.queue.element-limit = 1024 (custom)
2019-06-13 06:31:46,739 INFO  server.RaftServerConfigKeys (ConfUtils.java:logGet(43)) - raft.server.log.segment.size.max = 16384 (custom)
2019-06-13 06:31:46,739 INFO  server.RaftServerConfigKeys (ConfUtils.java:logGet(43)) - raft.server.log.preallocated.size = 16384 (custom)
2019-06-13 06:31:46,739 INFO  server.RaftServerConfigKeys (ConfUtils.java:logGet(43)) - raft.server.log.write.buffer.size = 33554432 (custom)
2019-06-13 06:31:46,739 INFO  server.RaftServerConfigKeys (ConfUtils.java:logGet(43)) - raft.server.log.force.sync.num = 128 (default)
2019-06-13 06:31:46,739 INFO  server.RaftServerConfigKeys (ConfUtils.java:logGet(43)) - raft.server.log.statemachine.data.sync = true (default)
2019-06-13 06:31:46,739 INFO  server.RaftServerConfigKeys (ConfUtils.java:logGet(43)) - raft.server.log.statemachine.data.sync.timeout = 10s (default)
2019-06-13 06:31:46,739 INFO  server.RaftServerConfigKeys (ConfUtils.java:logGet(43)) - raft.server.log.statemachine.data.sync.timeout.retry = -1 (default)
2019-06-13 06:31:46,740 INFO  server.RaftServerConfigKeys (ConfUtils.java:logGet(43)) - raft.server.log.statemachine.data.caching.enabled = true (custom)
2019-06-13 06:31:46,740 INFO  server.RaftServerConfigKeys (ConfUtils.java:logGet(43)) - raft.server.snapshot.auto.trigger.enabled = true (custom)
2019-06-13 06:31:46,740 INFO  server.RaftServerConfigKeys (ConfUtils.java:logGet(43)) - raft.server.snapshot.auto.trigger.threshold = 10000 (custom)
2019-06-13 06:31:46,740 INFO  server.RaftServerConfigKeys (ConfUtils.java:logGet(43)) - raft.server.retrycache.expirytime = 600000ms (custom)
2019-06-13 06:31:46,740 INFO  impl.RaftServerImpl (RaftServerImpl.java:start(173)) - 2806f773-fb5b-47a7-a55b-2ca4bfa66309: start group-473180F6B2BF
2019-06-13 06:31:46,741 INFO  impl.RaftServerImpl (RaftServerImpl.java:setRole(164)) - 2806f773-fb5b-47a7-a55b-2ca4bfa66309:group-473180F6B2BF changes role from null to FOLLOWER at term 0 for startAsFollower
2019-06-13 06:31:46,741 INFO  impl.RoleInfo (RoleInfo.java:updateAndGet(143)) - 2806f773-fb5b-47a7-a55b-2ca4bfa66309: start FollowerState
2019-06-13 06:31:46,741 INFO  util.JmxRegister (JmxRegister.java:tryRegister(44)) - Successfully registered JMX Bean with object name Ratis:service=RaftServer,group=group-473180F6B2BF,id=2806f773-fb5b-47a7-a55b-2ca4bfa66309
2019-06-13 06:31:46,747 INFO  pipeline.PipelineStateManager (PipelineStateManager.java:addPipeline(56)) - Created pipeline Pipeline[ Id: 9ef80284-8226-4139-8625-473180f6b2bf, Nodes: 2806f773-fb5b-47a7-a55b-2ca4bfa66309{ip: 192.168.11.223, host: ozone-qjb4w-947491917, networkLocation: /default-rack, certSerialId: null}, Type:RATIS, Factor:ONE, State:OPEN]
2019-06-13 06:31:46,768 INFO  impl.RaftServerProxy (RaftServerProxy.java:addNew(89)) - 2806f773-fb5b-47a7-a55b-2ca4bfa66309: addNew group-6E3F8098BFE8:[58f03cb9-ed48-4728-a558-b1c45bdd0f8f:192.168.11.223:42381, 7b27096a-6e78-469c-b4df-e0c82e228802:192.168.11.223:42963, 2806f773-fb5b-47a7-a55b-2ca4bfa66309:192.168.11.223:46043] returns group-6E3F8098BFE8:java.util.concurrent.CompletableFuture@37522666[Not completed]
2019-06-13 06:31:46,769 INFO  impl.RaftServerProxy (RaftServerProxy.java:addNew(89)) - 7b27096a-6e78-469c-b4df-e0c82e228802: addNew group-6E3F8098BFE8:[58f03cb9-ed48-4728-a558-b1c45bdd0f8f:192.168.11.223:42381, 7b27096a-6e78-469c-b4df-e0c82e228802:192.168.11.223:42963, 2806f773-fb5b-47a7-a55b-2ca4bfa66309:192.168.11.223:46043] returns group-6E3F8098BFE8:java.util.concurrent.CompletableFuture@678ecc69[Not completed]
2019-06-13 06:31:46,770 INFO  impl.RaftServerProxy (RaftServerProxy.java:addNew(89)) - 58f03cb9-ed48-4728-a558-b1c45bdd0f8f: addNew group-6E3F8098BFE8:[58f03cb9-ed48-4728-a558-b1c45bdd0f8f:192.168.11.223:42381, 7b27096a-6e78-469c-b4df-e0c82e228802:192.168.11.223:42963, 2806f773-fb5b-47a7-a55b-2ca4bfa66309:192.168.11.223:46043] returns group-6E3F8098BFE8:java.util.concurrent.CompletableFuture@47258f74[Not completed]
2019-06-13 06:31:46,771 INFO  impl.RaftServerImpl (RaftServerImpl.java:<init>(91)) - 2806f773-fb5b-47a7-a55b-2ca4bfa66309: new RaftServerImpl for group-6E3F8098BFE8:[58f03cb9-ed48-4728-a558-b1c45bdd0f8f:192.168.11.223:42381, 7b27096a-6e78-469c-b4df-e0c82e228802:192.168.11.223:42963, 2806f773-fb5b-47a7-a55b-2ca4bfa66309:192.168.11.223:46043] with ContainerStateMachine:uninitialized
2019-06-13 06:31:46,771 INFO  server.RaftServerConfigKeys (ConfUtils.java:logGet(43)) - raft.server.rpc.timeout.min = 1s (custom)
2019-06-13 06:31:46,771 INFO  server.RaftServerConfigKeys (ConfUtils.java:logGet(43)) - raft.server.rpc.timeout.max = 1200ms (custom)
2019-06-13 06:31:46,771 INFO  server.RaftServerConfigKeys (ConfUtils.java:logGet(43)) - raft.server.rpcslowness.timeout = 120s (custom)
2019-06-13 06:31:46,771 INFO  impl.RaftServerImpl (RaftServerImpl.java:<init>(91)) - 58f03cb9-ed48-4728-a558-b1c45bdd0f8f: new RaftServerImpl for group-6E3F8098BFE8:[58f03cb9-ed48-4728-a558-b1c45bdd0f8f:192.168.11.223:42381, 7b27096a-6e78-469c-b4df-e0c82e228802:192.168.11.223:42963, 2806f773-fb5b-47a7-a55b-2ca4bfa66309:192.168.11.223:46043] with ContainerStateMachine:uninitialized
2019-06-13 06:31:46,771 INFO  server.RaftServerConfigKeys (ConfUtils.java:logGet(43)) - raft.server.rpc.timeout.min = 1s (custom)
2019-06-13 06:31:46,771 INFO  server.RaftServerConfigKeys (ConfUtils.java:logGet(43)) - raft.server.rpc.timeout.max = 1200ms (custom)
2019-06-13 06:31:46,771 INFO  server.RaftServerConfigKeys (ConfUtils.java:logGet(43)) - raft.server.rpcslowness.timeout = 120s (custom)
2019-06-13 06:31:46,772 INFO  server.RaftServerConfigKeys (ConfUtils.java:logGet(43)) - raft.server.log.appender.install.snapshot.enabled = true (default)
2019-06-13 06:31:46,772 INFO  impl.RaftServerImpl (ServerState.java:<init>(101)) - 58f03cb9-ed48-4728-a558-b1c45bdd0f8f:group-6E3F8098BFE8 ConfigurationManager, init=-1: [58f03cb9-ed48-4728-a558-b1c45bdd0f8f:192.168.11.223:42381, 7b27096a-6e78-469c-b4df-e0c82e228802:192.168.11.223:42963, 2806f773-fb5b-47a7-a55b-2ca4bfa66309:192.168.11.223:46043], old=null, confs=<EMPTY_MAP>
2019-06-13 06:31:46,772 INFO  impl.RaftServerImpl (RaftServerImpl.java:<init>(91)) - 7b27096a-6e78-469c-b4df-e0c82e228802: new RaftServerImpl for group-6E3F8098BFE8:[58f03cb9-ed48-4728-a558-b1c45bdd0f8f:192.168.11.223:42381, 7b27096a-6e78-469c-b4df-e0c82e228802:192.168.11.223:42963, 2806f773-fb5b-47a7-a55b-2ca4bfa66309:192.168.11.223:46043] with ContainerStateMachine:uninitialized
2019-06-13 06:31:46,772 INFO  server.RaftServerConfigKeys (ConfUtils.java:logGet(43)) - raft.server.rpc.timeout.min = 1s (custom)
2019-06-13 06:31:46,772 INFO  server.RaftServerConfigKeys (ConfUtils.java:logGet(43)) - raft.server.rpc.timeout.max = 1200ms (custom)
2019-06-13 06:31:46,772 INFO  server.RaftServerConfigKeys (ConfUtils.java:logGet(43)) - raft.server.rpcslowness.timeout = 120s (custom)
2019-06-13 06:31:46,772 INFO  server.RaftServerConfigKeys (ConfUtils.java:logGet(43)) - raft.server.log.appender.install.snapshot.enabled = true (default)
2019-06-13 06:31:46,772 INFO  impl.RaftServerImpl (ServerState.java:<init>(101)) - 7b27096a-6e78-469c-b4df-e0c82e228802:group-6E3F8098BFE8 ConfigurationManager, init=-1: [58f03cb9-ed48-4728-a558-b1c45bdd0f8f:192.168.11.223:42381, 7b27096a-6e78-469c-b4df-e0c82e228802:192.168.11.223:42963, 2806f773-fb5b-47a7-a55b-2ca4bfa66309:192.168.11.223:46043], old=null, confs=<EMPTY_MAP>
2019-06-13 06:31:46,771 INFO  server.RaftServerConfigKeys (ConfUtils.java:logGet(43)) - raft.server.log.appender.install.snapshot.enabled = true (default)
2019-06-13 06:31:46,772 INFO  server.RaftServerConfigKeys (ConfUtils.java:logGet(43)) - raft.server.storage.dir = [/opt/src/hadoop-ozone/tools/target/test-dir/MiniOzoneClusterImpl-bc28c6ad-f795-400c-9de3-37da91a7912e/datanode-1/data/ratis] (custom)
2019-06-13 06:31:46,773 INFO  server.RaftServerConfigKeys (ConfUtils.java:logGet(43)) - raft.server.storage.dir = [/opt/src/hadoop-ozone/tools/target/test-dir/MiniOzoneClusterImpl-bc28c6ad-f795-400c-9de3-37da91a7912e/datanode-0/data/ratis] (custom)
2019-06-13 06:31:46,773 INFO  storage.RaftStorageDirectory (RaftStorageDirectory.java:analyzeStorage(246)) - The storage directory /opt/src/hadoop-ozone/tools/target/test-dir/MiniOzoneClusterImpl-bc28c6ad-f795-400c-9de3-37da91a7912e/datanode-1/data/ratis/6918c2a9-fa48-4dab-8b0e-6e3f8098bfe8 does not exist. Creating ...
2019-06-13 06:31:46,774 INFO  storage.RaftStorageDirectory (RaftStorageDirectory.java:analyzeStorage(246)) - The storage directory /opt/src/hadoop-ozone/tools/target/test-dir/MiniOzoneClusterImpl-bc28c6ad-f795-400c-9de3-37da91a7912e/datanode-0/data/ratis/6918c2a9-fa48-4dab-8b0e-6e3f8098bfe8 does not exist. Creating ...
2019-06-13 06:31:46,773 INFO  impl.RaftServerImpl (ServerState.java:<init>(101)) - 2806f773-fb5b-47a7-a55b-2ca4bfa66309:group-6E3F8098BFE8 ConfigurationManager, init=-1: [58f03cb9-ed48-4728-a558-b1c45bdd0f8f:192.168.11.223:42381, 7b27096a-6e78-469c-b4df-e0c82e228802:192.168.11.223:42963, 2806f773-fb5b-47a7-a55b-2ca4bfa66309:192.168.11.223:46043], old=null, confs=<EMPTY_MAP>
2019-06-13 06:31:46,774 INFO  server.RaftServerConfigKeys (ConfUtils.java:logGet(43)) - raft.server.storage.dir = [/opt/src/hadoop-ozone/tools/target/test-dir/MiniOzoneClusterImpl-bc28c6ad-f795-400c-9de3-37da91a7912e/datanode-2/data/ratis] (custom)
2019-06-13 06:31:46,774 INFO  storage.RaftStorageDirectory (RaftStorageDirectory.java:analyzeStorage(246)) - The storage directory /opt/src/hadoop-ozone/tools/target/test-dir/MiniOzoneClusterImpl-bc28c6ad-f795-400c-9de3-37da91a7912e/datanode-2/data/ratis/6918c2a9-fa48-4dab-8b0e-6e3f8098bfe8 does not exist. Creating ...
2019-06-13 06:31:46,776 INFO  storage.RaftStorageDirectory (RaftStorageDirectory.java:tryLock(328)) - Lock on /opt/src/hadoop-ozone/tools/target/test-dir/MiniOzoneClusterImpl-bc28c6ad-f795-400c-9de3-37da91a7912e/datanode-1/data/ratis/6918c2a9-fa48-4dab-8b0e-6e3f8098bfe8/in_use.lock acquired by nodename 30823@ozone-qjb4w-947491917
2019-06-13 06:31:46,776 INFO  storage.RaftStorageDirectory (RaftStorageDirectory.java:tryLock(328)) - Lock on /opt/src/hadoop-ozone/tools/target/test-dir/MiniOzoneClusterImpl-bc28c6ad-f795-400c-9de3-37da91a7912e/datanode-0/data/ratis/6918c2a9-fa48-4dab-8b0e-6e3f8098bfe8/in_use.lock acquired by nodename 30823@ozone-qjb4w-947491917
2019-06-13 06:31:46,778 INFO  storage.RaftStorage (RaftStorage.java:format(75)) - Storage directory /opt/src/hadoop-ozone/tools/target/test-dir/MiniOzoneClusterImpl-bc28c6ad-f795-400c-9de3-37da91a7912e/datanode-0/data/ratis/6918c2a9-fa48-4dab-8b0e-6e3f8098bfe8 has been successfully formatted.
2019-06-13 06:31:46,778 INFO  storage.RaftStorage (RaftStorage.java:format(75)) - Storage directory /opt/src/hadoop-ozone/tools/target/test-dir/MiniOzoneClusterImpl-bc28c6ad-f795-400c-9de3-37da91a7912e/datanode-1/data/ratis/6918c2a9-fa48-4dab-8b0e-6e3f8098bfe8 has been successfully formatted.
2019-06-13 06:31:46,778 INFO  storage.RaftStorageDirectory (RaftStorageDirectory.java:tryLock(328)) - Lock on /opt/src/hadoop-ozone/tools/target/test-dir/MiniOzoneClusterImpl-bc28c6ad-f795-400c-9de3-37da91a7912e/datanode-2/data/ratis/6918c2a9-fa48-4dab-8b0e-6e3f8098bfe8/in_use.lock acquired by nodename 30823@ozone-qjb4w-947491917
2019-06-13 06:31:46,778 INFO  ratis.ContainerStateMachine (ContainerStateMachine.java:loadSnapshot(199)) - The snapshot info is null.Setting the last applied index to:(t:0, i:~)
2019-06-13 06:31:46,778 INFO  server.RaftServerConfigKeys (ConfUtils.java:logGet(43)) - raft.server.leader.election.timeout = 120s (custom)
2019-06-13 06:31:46,778 INFO  ratis.ContainerStateMachine (ContainerStateMachine.java:loadSnapshot(199)) - The snapshot info is null.Setting the last applied index to:(t:0, i:~)
2019-06-13 06:31:46,778 INFO  server.RaftServerConfigKeys (ConfUtils.java:logGet(43)) - raft.server.log.use.memory = false (default)
2019-06-13 06:31:46,779 INFO  server.RaftServerConfigKeys (ConfUtils.java:logGet(43)) - raft.server.leader.election.timeout = 120s (custom)
2019-06-13 06:31:46,874 INFO  server.RaftServerConfigKeys (ConfUtils.java:logGet(43)) - raft.server.log.use.memory = false (default)
2019-06-13 06:31:46,874 INFO  server.RaftServerConfigKeys (ConfUtils.java:logGet(43)) - raft.server.log.appender.buffer.byte-limit = 33554432 (custom)
2019-06-13 06:31:46,874 INFO  server.RaftServerConfigKeys (ConfUtils.java:logGet(43)) - raft.server.log.segment.size.max = 16384 (custom)
2019-06-13 06:31:46,875 INFO  server.RaftServerConfigKeys (ConfUtils.java:logGet(43)) - raft.server.log.segment.cache.num.max = 2 (custom)
2019-06-13 06:31:46,875 INFO  storage.RaftLogWorker (RaftLogWorker.java:<init>(123)) - new 7b27096a-6e78-469c-b4df-e0c82e228802-RaftLogWorker for Storage Directory /opt/src/hadoop-ozone/tools/target/test-dir/MiniOzoneClusterImpl-bc28c6ad-f795-400c-9de3-37da91a7912e/datanode-0/data/ratis/6918c2a9-fa48-4dab-8b0e-6e3f8098bfe8
2019-06-13 06:31:46,875 INFO  server.RaftServerConfigKeys (ConfUtils.java:logGet(43)) - raft.server.log.queue.byte-limit = 2147483647 (custom)
2019-06-13 06:31:46,875 INFO  server.RaftServerConfigKeys (ConfUtils.java:logGet(43)) - raft.server.log.queue.element-limit = 1024 (custom)
2019-06-13 06:31:46,875 INFO  server.RaftServerConfigKeys (ConfUtils.java:logGet(43)) - raft.server.log.segment.size.max = 16384 (custom)
2019-06-13 06:31:46,875 INFO  server.RaftServerConfigKeys (ConfUtils.java:logGet(43)) - raft.server.log.preallocated.size = 16384 (custom)
2019-06-13 06:31:46,875 INFO  server.RaftServerConfigKeys (ConfUtils.java:logGet(43)) - raft.server.log.write.buffer.size = 33554432 (custom)
2019-06-13 06:31:46,874 INFO  storage.RaftStorage (RaftStorage.java:format(75)) - Storage directory /opt/src/hadoop-ozone/tools/target/test-dir/MiniOzoneClusterImpl-bc28c6ad-f795-400c-9de3-37da91a7912e/datanode-2/data/ratis/6918c2a9-fa48-4dab-8b0e-6e3f8098bfe8 has been successfully formatted.
2019-06-13 06:31:46,779 INFO  server.RaftServerConfigKeys (ConfUtils.java:logGet(43)) - raft.server.log.appender.buffer.byte-limit = 33554432 (custom)
2019-06-13 06:31:46,876 INFO  ratis.ContainerStateMachine (ContainerStateMachine.java:loadSnapshot(199)) - The snapshot info is null.Setting the last applied index to:(t:0, i:~)
2019-06-13 06:31:46,875 INFO  server.RaftServerConfigKeys (ConfUtils.java:logGet(43)) - raft.server.log.force.sync.num = 128 (default)
2019-06-13 06:31:46,876 INFO  server.RaftServerConfigKeys (ConfUtils.java:logGet(43)) - raft.server.leader.election.timeout = 120s (custom)
2019-06-13 06:31:46,876 INFO  server.RaftServerConfigKeys (ConfUtils.java:logGet(43)) - raft.server.log.segment.size.max = 16384 (custom)
2019-06-13 06:31:46,876 INFO  server.RaftServerConfigKeys (ConfUtils.java:logGet(43)) - raft.server.log.use.memory = false (default)
2019-06-13 06:31:46,876 INFO  server.RaftServerConfigKeys (ConfUtils.java:logGet(43)) - raft.server.log.statemachine.data.sync = true (default)
2019-06-13 06:31:46,876 INFO  server.RaftServerConfigKeys (ConfUtils.java:logGet(43)) - raft.server.log.appender.buffer.byte-limit = 33554432 (custom)
2019-06-13 06:31:46,876 INFO  server.RaftServerConfigKeys (ConfUtils.java:logGet(43)) - raft.server.log.segment.cache.num.max = 2 (custom)
2019-06-13 06:31:46,877 INFO  storage.RaftLogWorker (RaftLogWorker.java:<init>(123)) - new 58f03cb9-ed48-4728-a558-b1c45bdd0f8f-RaftLogWorker for Storage Directory /opt/src/hadoop-ozone/tools/target/test-dir/MiniOzoneClusterImpl-bc28c6ad-f795-400c-9de3-37da91a7912e/datanode-1/data/ratis/6918c2a9-fa48-4dab-8b0e-6e3f8098bfe8
2019-06-13 06:31:46,877 INFO  server.RaftServerConfigKeys (ConfUtils.java:logGet(43)) - raft.server.log.segment.size.max = 16384 (custom)
2019-06-13 06:31:46,877 INFO  server.RaftServerConfigKeys (ConfUtils.java:logGet(43)) - raft.server.log.statemachine.data.sync.timeout = 10s (default)
2019-06-13 06:31:46,877 INFO  server.RaftServerConfigKeys (ConfUtils.java:logGet(43)) - raft.server.log.segment.cache.num.max = 2 (custom)
2019-06-13 06:31:46,877 INFO  server.RaftServerConfigKeys (ConfUtils.java:logGet(43)) - raft.server.log.queue.byte-limit = 2147483647 (custom)
2019-06-13 06:31:46,877 INFO  storage.RaftLogWorker (RaftLogWorker.java:<init>(123)) - new 2806f773-fb5b-47a7-a55b-2ca4bfa66309-RaftLogWorker for Storage Directory /opt/src/hadoop-ozone/tools/target/test-dir/MiniOzoneClusterImpl-bc28c6ad-f795-400c-9de3-37da91a7912e/datanode-2/data/ratis/6918c2a9-fa48-4dab-8b0e-6e3f8098bfe8
2019-06-13 06:31:46,877 INFO  server.RaftServerConfigKeys (ConfUtils.java:logGet(43)) - raft.server.log.statemachine.data.sync.timeout.retry = -1 (default)
2019-06-13 06:31:46,878 INFO  server.RaftServerConfigKeys (ConfUtils.java:logGet(43)) - raft.server.log.queue.byte-limit = 2147483647 (custom)
2019-06-13 06:31:46,878 INFO  server.RaftServerConfigKeys (ConfUtils.java:logGet(43)) - raft.server.log.queue.element-limit = 1024 (custom)
2019-06-13 06:31:46,878 INFO  server.RaftServerConfigKeys (ConfUtils.java:logGet(43)) - raft.server.log.queue.element-limit = 1024 (custom)
2019-06-13 06:31:46,878 INFO  server.RaftServerConfigKeys (ConfUtils.java:logGet(43)) - raft.server.log.statemachine.data.caching.enabled = true (custom)
2019-06-13 06:31:46,878 INFO  server.RaftServerConfigKeys (ConfUtils.java:logGet(43)) - raft.server.log.segment.size.max = 16384 (custom)
2019-06-13 06:31:46,879 INFO  server.RaftServerConfigKeys (ConfUtils.java:logGet(43)) - raft.server.log.preallocated.size = 16384 (custom)
2019-06-13 06:31:46,878 INFO  server.RaftServerConfigKeys (ConfUtils.java:logGet(43)) - raft.server.log.segment.size.max = 16384 (custom)
2019-06-13 06:31:46,879 INFO  server.RaftServerConfigKeys (ConfUtils.java:logGet(43)) - raft.server.log.write.buffer.size = 33554432 (custom)
2019-06-13 06:31:46,879 INFO  server.RaftServerConfigKeys (ConfUtils.java:logGet(43)) - raft.server.log.force.sync.num = 128 (default)
2019-06-13 06:31:46,879 INFO  server.RaftServerConfigKeys (ConfUtils.java:logGet(43)) - raft.server.log.statemachine.data.sync = true (default)
2019-06-13 06:31:46,879 INFO  server.RaftServerConfigKeys (ConfUtils.java:logGet(43)) - raft.server.log.statemachine.data.sync.timeout = 10s (default)
2019-06-13 06:31:46,879 INFO  server.RaftServerConfigKeys (ConfUtils.java:logGet(43)) - raft.server.log.statemachine.data.sync.timeout.retry = -1 (default)
2019-06-13 06:31:46,879 INFO  server.RaftServerConfigKeys (ConfUtils.java:logGet(43)) - raft.server.log.preallocated.size = 16384 (custom)
2019-06-13 06:31:46,880 INFO  server.RaftServerConfigKeys (ConfUtils.java:logGet(43)) - raft.server.log.write.buffer.size = 33554432 (custom)
2019-06-13 06:31:46,880 INFO  server.RaftServerConfigKeys (ConfUtils.java:logGet(43)) - raft.server.log.force.sync.num = 128 (default)
2019-06-13 06:31:46,880 INFO  server.RaftServerConfigKeys (ConfUtils.java:logGet(43)) - raft.server.log.statemachine.data.sync = true (default)
2019-06-13 06:31:46,880 INFO  server.RaftServerConfigKeys (ConfUtils.java:logGet(43)) - raft.server.log.statemachine.data.sync.timeout = 10s (default)
2019-06-13 06:31:46,880 INFO  server.RaftServerConfigKeys (ConfUtils.java:logGet(43)) - raft.server.log.statemachine.data.sync.timeout.retry = -1 (default)
2019-06-13 06:31:46,881 INFO  server.RaftServerConfigKeys (ConfUtils.java:logGet(43)) - raft.server.log.statemachine.data.caching.enabled = true (custom)
2019-06-13 06:31:46,881 INFO  server.RaftServerConfigKeys (ConfUtils.java:logGet(43)) - raft.server.snapshot.auto.trigger.enabled = true (custom)
2019-06-13 06:31:46,881 INFO  server.RaftServerConfigKeys (ConfUtils.java:logGet(43)) - raft.server.snapshot.auto.trigger.threshold = 10000 (custom)
2019-06-13 06:31:46,881 INFO  server.RaftServerConfigKeys (ConfUtils.java:logGet(43)) - raft.server.snapshot.auto.trigger.enabled = true (custom)
2019-06-13 06:31:46,881 INFO  server.RaftServerConfigKeys (ConfUtils.java:logGet(43)) - raft.server.retrycache.expirytime = 600000ms (custom)
2019-06-13 06:31:46,881 INFO  server.RaftServerConfigKeys (ConfUtils.java:logGet(43)) - raft.server.log.statemachine.data.caching.enabled = true (custom)
2019-06-13 06:31:46,882 INFO  impl.RaftServerImpl (RaftServerImpl.java:start(173)) - 7b27096a-6e78-469c-b4df-e0c82e228802: start group-6E3F8098BFE8
2019-06-13 06:31:46,882 INFO  impl.RaftServerImpl (RaftServerImpl.java:setRole(164)) - 7b27096a-6e78-469c-b4df-e0c82e228802:group-6E3F8098BFE8 changes role from null to FOLLOWER at term 0 for startAsFollower
2019-06-13 06:31:46,881 INFO  server.RaftServerConfigKeys (ConfUtils.java:logGet(43)) - raft.server.snapshot.auto.trigger.threshold = 10000 (custom)
2019-06-13 06:31:46,882 INFO  server.RaftServerConfigKeys (ConfUtils.java:logGet(43)) - raft.server.retrycache.expirytime = 600000ms (custom)
2019-06-13 06:31:46,882 INFO  impl.RaftServerImpl (RaftServerImpl.java:start(173)) - 58f03cb9-ed48-4728-a558-b1c45bdd0f8f: start group-6E3F8098BFE8
2019-06-13 06:31:46,882 INFO  impl.RaftServerImpl (RaftServerImpl.java:setRole(164)) - 58f03cb9-ed48-4728-a558-b1c45bdd0f8f:group-6E3F8098BFE8 changes role from null to FOLLOWER at term 0 for startAsFollower
2019-06-13 06:31:46,882 INFO  impl.RoleInfo (RoleInfo.java:updateAndGet(143)) - 58f03cb9-ed48-4728-a558-b1c45bdd0f8f: start FollowerState
2019-06-13 06:31:46,882 INFO  impl.RoleInfo (RoleInfo.java:updateAndGet(143)) - 7b27096a-6e78-469c-b4df-e0c82e228802: start FollowerState
2019-06-13 06:31:46,882 INFO  server.RaftServerConfigKeys (ConfUtils.java:logGet(43)) - raft.server.snapshot.auto.trigger.enabled = true (custom)
2019-06-13 06:31:46,883 INFO  util.JmxRegister (JmxRegister.java:tryRegister(44)) - Successfully registered JMX Bean with object name Ratis:service=RaftServer,group=group-6E3F8098BFE8,id=58f03cb9-ed48-4728-a558-b1c45bdd0f8f
2019-06-13 06:31:46,883 INFO  server.RaftServerConfigKeys (ConfUtils.java:logGet(43)) - raft.server.snapshot.auto.trigger.threshold = 10000 (custom)
2019-06-13 06:31:46,883 INFO  util.JmxRegister (JmxRegister.java:tryRegister(44)) - Successfully registered JMX Bean with object name Ratis:service=RaftServer,group=group-6E3F8098BFE8,id=7b27096a-6e78-469c-b4df-e0c82e228802
2019-06-13 06:31:46,884 INFO  server.RaftServerConfigKeys (ConfUtils.java:logGet(43)) - raft.server.retrycache.expirytime = 600000ms (custom)
2019-06-13 06:31:46,884 INFO  impl.RaftServerImpl (RaftServerImpl.java:start(173)) - 2806f773-fb5b-47a7-a55b-2ca4bfa66309: start group-6E3F8098BFE8
2019-06-13 06:31:46,884 INFO  impl.RaftServerImpl (RaftServerImpl.java:setRole(164)) - 2806f773-fb5b-47a7-a55b-2ca4bfa66309:group-6E3F8098BFE8 changes role from null to FOLLOWER at term 0 for startAsFollower
2019-06-13 06:31:46,884 INFO  impl.RoleInfo (RoleInfo.java:updateAndGet(143)) - 2806f773-fb5b-47a7-a55b-2ca4bfa66309: start FollowerState
2019-06-13 06:31:46,887 INFO  util.JmxRegister (JmxRegister.java:tryRegister(44)) - Successfully registered JMX Bean with object name Ratis:service=RaftServer,group=group-6E3F8098BFE8,id=2806f773-fb5b-47a7-a55b-2ca4bfa66309
2019-06-13 06:31:46,901 INFO  pipeline.PipelineStateManager (PipelineStateManager.java:addPipeline(56)) - Created pipeline Pipeline[ Id: 6918c2a9-fa48-4dab-8b0e-6e3f8098bfe8, Nodes: 58f03cb9-ed48-4728-a558-b1c45bdd0f8f{ip: 192.168.11.223, host: ozone-qjb4w-947491917, networkLocation: /default-rack, certSerialId: null}2806f773-fb5b-47a7-a55b-2ca4bfa66309{ip: 192.168.11.223, host: ozone-qjb4w-947491917, networkLocation: /default-rack, certSerialId: null}7b27096a-6e78-469c-b4df-e0c82e228802{ip: 192.168.11.223, host: ozone-qjb4w-947491917, networkLocation: /default-rack, certSerialId: null}, Type:RATIS, Factor:THREE, State:OPEN]
2019-06-13 06:31:47,579 INFO  ozone.MiniOzoneClusterImpl (MiniOzoneClusterImpl.java:lambda$waitForClusterToBeReady$0(142)) - Cluster is ready. Got 3 of 3 DN Heartbeats.
2019-06-13 06:31:47,703 INFO  impl.FollowerState (FollowerState.java:run(101)) - 7b27096a-6e78-469c-b4df-e0c82e228802:group-84AAF7A28B0B changes to CANDIDATE, lastRpcTime:1075, electionTimeout:1075ms
2019-06-13 06:31:47,704 INFO  impl.RoleInfo (RoleInfo.java:shutdownFollowerState(121)) - 7b27096a-6e78-469c-b4df-e0c82e228802: shutdown FollowerState
2019-06-13 06:31:47,704 INFO  impl.RaftServerImpl (RaftServerImpl.java:setRole(164)) - 7b27096a-6e78-469c-b4df-e0c82e228802:group-84AAF7A28B0B changes role from FOLLOWER to CANDIDATE at term 0 for changeToCandidate
2019-06-13 06:31:47,706 INFO  impl.RoleInfo (RoleInfo.java:updateAndGet(143)) - 7b27096a-6e78-469c-b4df-e0c82e228802: start LeaderElection
2019-06-13 06:31:47,710 INFO  impl.LeaderElection (LeaderElection.java:askForVotes(181)) - 7b27096a-6e78-469c-b4df-e0c82e228802:group-84AAF7A28B0B:LeaderElection1: begin an election at term 1 for -1: [7b27096a-6e78-469c-b4df-e0c82e228802:192.168.11.223:42963], old=null
2019-06-13 06:31:47,711 INFO  impl.RoleInfo (RoleInfo.java:shutdownLeaderElection(134)) - 7b27096a-6e78-469c-b4df-e0c82e228802: shutdown LeaderElection
2019-06-13 06:31:47,711 INFO  impl.RaftServerImpl (RaftServerImpl.java:setRole(164)) - 7b27096a-6e78-469c-b4df-e0c82e228802:group-84AAF7A28B0B changes role from CANDIDATE to LEADER at term 1 for changeToLeader
2019-06-13 06:31:47,711 INFO  impl.RaftServerImpl (ServerState.java:setLeader(263)) - 7b27096a-6e78-469c-b4df-e0c82e228802:group-84AAF7A28B0B change Leader from null to 7b27096a-6e78-469c-b4df-e0c82e228802 at term 1 for becomeLeader, leader elected after 1126ms
2019-06-13 06:31:47,715 INFO  server.RaftServerConfigKeys (ConfUtils.java:logGet(43)) - raft.server.staging.catchup.gap = 1000 (default)
2019-06-13 06:31:47,716 INFO  server.RaftServerConfigKeys (ConfUtils.java:logGet(43)) - raft.server.rpc.sleep.time = 25ms (default)
2019-06-13 06:31:47,719 INFO  server.RaftServerConfigKeys (ConfUtils.java:logGet(43)) - raft.server.watch.timeout = 10s (default)
2019-06-13 06:31:47,719 INFO  server.RaftServerConfigKeys (ConfUtils.java:logGet(43)) - raft.server.watch.timeout.denomination = 1s (default)
2019-06-13 06:31:47,727 INFO  impl.RoleInfo (RoleInfo.java:updateAndGet(143)) - 7b27096a-6e78-469c-b4df-e0c82e228802: start LeaderState
2019-06-13 06:31:47,742 INFO  storage.RaftLogWorker (RaftLogWorker.java:startLogSegment(298)) - 7b27096a-6e78-469c-b4df-e0c82e228802-RaftLogWorker: Starting segment from index:0
2019-06-13 06:31:47,751 INFO  impl.RaftServerImpl (ServerState.java:setRaftConf(361)) - 7b27096a-6e78-469c-b4df-e0c82e228802:group-84AAF7A28B0B set configuration 0: [7b27096a-6e78-469c-b4df-e0c82e228802:192.168.11.223:42963], old=null at 0
2019-06-13 06:31:47,760 INFO  impl.FollowerState (FollowerState.java:run(101)) - 2806f773-fb5b-47a7-a55b-2ca4bfa66309:group-473180F6B2BF changes to CANDIDATE, lastRpcTime:1019, electionTimeout:1019ms
2019-06-13 06:31:47,761 INFO  impl.RoleInfo (RoleInfo.java:shutdownFollowerState(121)) - 2806f773-fb5b-47a7-a55b-2ca4bfa66309: shutdown FollowerState
2019-06-13 06:31:47,761 INFO  impl.RaftServerImpl (RaftServerImpl.java:setRole(164)) - 2806f773-fb5b-47a7-a55b-2ca4bfa66309:group-473180F6B2BF changes role from FOLLOWER to CANDIDATE at term 0 for changeToCandidate
2019-06-13 06:31:47,761 INFO  impl.RoleInfo (RoleInfo.java:updateAndGet(143)) - 2806f773-fb5b-47a7-a55b-2ca4bfa66309: start LeaderElection
2019-06-13 06:31:47,766 INFO  impl.LeaderElection (LeaderElection.java:askForVotes(181)) - 2806f773-fb5b-47a7-a55b-2ca4bfa66309:group-473180F6B2BF:LeaderElection2: begin an election at term 1 for -1: [2806f773-fb5b-47a7-a55b-2ca4bfa66309:192.168.11.223:46043], old=null
2019-06-13 06:31:47,766 INFO  impl.RoleInfo (RoleInfo.java:shutdownLeaderElection(134)) - 2806f773-fb5b-47a7-a55b-2ca4bfa66309: shutdown LeaderElection
2019-06-13 06:31:47,767 INFO  impl.RaftServerImpl (RaftServerImpl.java:setRole(164)) - 2806f773-fb5b-47a7-a55b-2ca4bfa66309:group-473180F6B2BF changes role from CANDIDATE to LEADER at term 1 for changeToLeader
2019-06-13 06:31:47,768 INFO  impl.RaftServerImpl (ServerState.java:setLeader(263)) - 2806f773-fb5b-47a7-a55b-2ca4bfa66309:group-473180F6B2BF change Leader from null to 2806f773-fb5b-47a7-a55b-2ca4bfa66309 at term 1 for becomeLeader, leader elected after 1030ms
2019-06-13 06:31:47,768 INFO  server.RaftServerConfigKeys (ConfUtils.java:logGet(43)) - raft.server.staging.catchup.gap = 1000 (default)
2019-06-13 06:31:47,768 INFO  server.RaftServerConfigKeys (ConfUtils.java:logGet(43)) - raft.server.rpc.sleep.time = 25ms (default)
2019-06-13 06:31:47,768 INFO  server.RaftServerConfigKeys (ConfUtils.java:logGet(43)) - raft.server.watch.timeout = 10s (default)
2019-06-13 06:31:47,769 INFO  server.RaftServerConfigKeys (ConfUtils.java:logGet(43)) - raft.server.watch.timeout.denomination = 1s (default)
2019-06-13 06:31:47,769 INFO  impl.RoleInfo (RoleInfo.java:updateAndGet(143)) - 2806f773-fb5b-47a7-a55b-2ca4bfa66309: start LeaderState
2019-06-13 06:31:47,769 INFO  storage.RaftLogWorker (RaftLogWorker.java:startLogSegment(298)) - 2806f773-fb5b-47a7-a55b-2ca4bfa66309-RaftLogWorker: Starting segment from index:0
2019-06-13 06:31:47,787 INFO  impl.RaftServerImpl (ServerState.java:setRaftConf(361)) - 2806f773-fb5b-47a7-a55b-2ca4bfa66309:group-473180F6B2BF set configuration 0: [2806f773-fb5b-47a7-a55b-2ca4bfa66309:192.168.11.223:46043], old=null at 0
2019-06-13 06:31:47,890 INFO  freon.RandomKeyGenerator (RandomKeyGenerator.java:call(261)) - Number of Threads: 10
2019-06-13 06:31:47,891 INFO  freon.RandomKeyGenerator (RandomKeyGenerator.java:call(267)) - Number of Volumes: 1.
2019-06-13 06:31:47,891 INFO  freon.RandomKeyGenerator (RandomKeyGenerator.java:call(268)) - Number of Buckets per Volume: 1.
2019-06-13 06:31:47,891 INFO  freon.RandomKeyGenerator (RandomKeyGenerator.java:call(269)) - Number of Keys per Bucket: 1.
2019-06-13 06:31:47,891 INFO  freon.RandomKeyGenerator (RandomKeyGenerator.java:call(270)) - Key size: 20971520 bytes
2019-06-13 06:31:47,891 INFO  freon.RandomKeyGenerator (RandomKeyGenerator.java:call(271)) - Buffer size: 4096 bytes
2019-06-13 06:31:47,892 INFO  impl.FollowerState (FollowerState.java:run(101)) - 58f03cb9-ed48-4728-a558-b1c45bdd0f8f:group-C855A5D80ABA changes to CANDIDATE, lastRpcTime:1182, electionTimeout:1182ms
2019-06-13 06:31:47,892 INFO  impl.RoleInfo (RoleInfo.java:shutdownFollowerState(121)) - 58f03cb9-ed48-4728-a558-b1c45bdd0f8f: shutdown FollowerState
2019-06-13 06:31:47,892 INFO  impl.RaftServerImpl (RaftServerImpl.java:setRole(164)) - 58f03cb9-ed48-4728-a558-b1c45bdd0f8f:group-C855A5D80ABA changes role from FOLLOWER to CANDIDATE at term 0 for changeToCandidate
2019-06-13 06:31:47,892 INFO  impl.RoleInfo (RoleInfo.java:updateAndGet(143)) - 58f03cb9-ed48-4728-a558-b1c45bdd0f8f: start LeaderElection
2019-06-13 06:31:47,903 INFO  impl.LeaderElection (LeaderElection.java:askForVotes(181)) - 58f03cb9-ed48-4728-a558-b1c45bdd0f8f:group-C855A5D80ABA:LeaderElection3: begin an election at term 1 for -1: [58f03cb9-ed48-4728-a558-b1c45bdd0f8f:192.168.11.223:42381], old=null
2019-06-13 06:31:47,904 INFO  impl.RoleInfo (RoleInfo.java:shutdownLeaderElection(134)) - 58f03cb9-ed48-4728-a558-b1c45bdd0f8f: shutdown LeaderElection
2019-06-13 06:31:47,904 INFO  impl.RaftServerImpl (RaftServerImpl.java:setRole(164)) - 58f03cb9-ed48-4728-a558-b1c45bdd0f8f:group-C855A5D80ABA changes role from CANDIDATE to LEADER at term 1 for changeToLeader
2019-06-13 06:31:47,904 INFO  impl.RaftServerImpl (ServerState.java:setLeader(263)) - 58f03cb9-ed48-4728-a558-b1c45bdd0f8f:group-C855A5D80ABA change Leader from null to 58f03cb9-ed48-4728-a558-b1c45bdd0f8f at term 1 for becomeLeader, leader elected after 1198ms
2019-06-13 06:31:47,904 INFO  server.RaftServerConfigKeys (ConfUtils.java:logGet(43)) - raft.server.staging.catchup.gap = 1000 (default)
2019-06-13 06:31:47,904 INFO  server.RaftServerConfigKeys (ConfUtils.java:logGet(43)) - raft.server.rpc.sleep.time = 25ms (default)
2019-06-13 06:31:47,906 INFO  impl.FollowerState (FollowerState.java:run(101)) - 7b27096a-6e78-469c-b4df-e0c82e228802:group-6E3F8098BFE8 changes to CANDIDATE, lastRpcTime:1024, electionTimeout:1023ms
2019-06-13 06:31:47,906 INFO  impl.RoleInfo (RoleInfo.java:shutdownFollowerState(121)) - 7b27096a-6e78-469c-b4df-e0c82e228802: shutdown FollowerState
2019-06-13 06:31:47,906 INFO  impl.RaftServerImpl (RaftServerImpl.java:setRole(164)) - 7b27096a-6e78-469c-b4df-e0c82e228802:group-6E3F8098BFE8 changes role from FOLLOWER to CANDIDATE at term 0 for changeToCandidate
2019-06-13 06:31:47,911 INFO  freon.RandomKeyGenerator (RandomKeyGenerator.java:call(287)) - Data validation is enabled.
2019-06-13 06:31:47,911 INFO  server.RaftServerConfigKeys (ConfUtils.java:logGet(43)) - raft.server.watch.timeout = 10s (default)
2019-06-13 06:31:47,911 INFO  server.RaftServerConfigKeys (ConfUtils.java:logGet(43)) - raft.server.watch.timeout.denomination = 1s (default)
2019-06-13 06:31:47,911 INFO  impl.RoleInfo (RoleInfo.java:updateAndGet(143)) - 58f03cb9-ed48-4728-a558-b1c45bdd0f8f: start LeaderState
2019-06-13 06:31:47,911 INFO  storage.RaftLogWorker (RaftLogWorker.java:startLogSegment(298)) - 58f03cb9-ed48-4728-a558-b1c45bdd0f8f-RaftLogWorker: Starting segment from index:0
2019-06-13 06:31:47,911 INFO  impl.RoleInfo (RoleInfo.java:updateAndGet(143)) - 7b27096a-6e78-469c-b4df-e0c82e228802: start LeaderElection
2019-06-13 06:31:47,917 INFO  impl.RaftServerImpl (ServerState.java:setRaftConf(361)) - 58f03cb9-ed48-4728-a558-b1c45bdd0f8f:group-C855A5D80ABA set configuration 0: [58f03cb9-ed48-4728-a558-b1c45bdd0f8f:192.168.11.223:42381], old=null at 0
2019-06-13 06:31:47,935 INFO  freon.RandomKeyGenerator (RandomKeyGenerator.java:call(300)) - Starting progress bar Thread.

2019-06-13 06:31:47,957 WARN  impl.FollowerState (FollowerState.java:run(113)) - 7b27096a-6e78-469c-b4df-e0c82e228802: FollowerState caught an exception
java.lang.IllegalStateException: ILLEGAL TRANSITION: In 7b27096a-6e78-469c-b4df-e0c82e228802:group-6E3F8098BFE8:LeaderElection4, CLOSED -> RUNNING
	at org.apache.ratis.util.Preconditions.assertTrue(Preconditions.java:60)
	at org.apache.ratis.util.LifeCycle$State.validate(LifeCycle.java:123)
	at org.apache.ratis.util.LifeCycle.transition(LifeCycle.java:143)
	at org.apache.ratis.util.LifeCycle.startAndTransition(LifeCycle.java:203)
	at org.apache.ratis.server.impl.LeaderElection.start(LeaderElection.java:120)
	at org.apache.ratis.server.impl.RoleInfo.startLeaderElection(RoleInfo.java:128)
	at org.apache.ratis.server.impl.RaftServerImpl.changeToCandidate(RaftServerImpl.java:404)
	at org.apache.ratis.server.impl.FollowerState.run(FollowerState.java:104)
2019-06-13 06:31:47,963 INFO  storage.RaftLogWorker (RaftLogWorker.java:execute(469)) - 7b27096a-6e78-469c-b4df-e0c82e228802-RaftLogWorker: created new log segment /opt/src/hadoop-ozone/tools/target/test-dir/MiniOzoneClusterImpl-bc28c6ad-f795-400c-9de3-37da91a7912e/datanode-0/data/ratis/6c7c0f31-074c-4c27-9c5f-84aaf7a28b0b/current/log_inprogress_0
 0.00% |█                                                                                                    |  0/1 Time: 0:00:002019-06-13 06:31:47,965 INFO  storage.RaftLogWorker (RaftLogWorker.java:execute(469)) - 2806f773-fb5b-47a7-a55b-2ca4bfa66309-RaftLogWorker: created new log segment /opt/src/hadoop-ozone/tools/target/test-dir/MiniOzoneClusterImpl-bc28c6ad-f795-400c-9de3-37da91a7912e/datanode-2/data/ratis/9ef80284-8226-4139-8625-473180f6b2bf/current/log_inprogress_0
2019-06-13 06:31:47,965 INFO  storage.RaftLogWorker (RaftLogWorker.java:execute(469)) - 58f03cb9-ed48-4728-a558-b1c45bdd0f8f-RaftLogWorker: created new log segment /opt/src/hadoop-ozone/tools/target/test-dir/MiniOzoneClusterImpl-bc28c6ad-f795-400c-9de3-37da91a7912e/datanode-1/data/ratis/adb01b5d-fdb8-4081-96ce-c855a5d80aba/current/log_inprogress_0
2019-06-13 06:31:47,977 INFO  impl.FollowerState (FollowerState.java:run(101)) - 2806f773-fb5b-47a7-a55b-2ca4bfa66309:group-6E3F8098BFE8 changes to CANDIDATE, lastRpcTime:1092, electionTimeout:1090ms
2019-06-13 06:31:47,977 INFO  impl.RoleInfo (RoleInfo.java:shutdownFollowerState(121)) - 2806f773-fb5b-47a7-a55b-2ca4bfa66309: shutdown FollowerState
2019-06-13 06:31:47,977 INFO  rpc.RpcClient (RpcClient.java:createVolume(289)) - Creating Volume: vol-0-18684, with root as owner.
2019-06-13 06:31:47,977 INFO  impl.RaftServerImpl (RaftServerImpl.java:setRole(164)) - 2806f773-fb5b-47a7-a55b-2ca4bfa66309:group-6E3F8098BFE8 changes role from FOLLOWER to CANDIDATE at term 0 for changeToCandidate
2019-06-13 06:31:47,978 INFO  impl.RoleInfo (RoleInfo.java:updateAndGet(143)) - 2806f773-fb5b-47a7-a55b-2ca4bfa66309: start LeaderElection
2019-06-13 06:31:47,983 INFO  impl.FollowerState (FollowerState.java:run(101)) - 58f03cb9-ed48-4728-a558-b1c45bdd0f8f:group-6E3F8098BFE8 changes to CANDIDATE, lastRpcTime:1100, electionTimeout:1100ms
2019-06-13 06:31:47,987 INFO  impl.RoleInfo (RoleInfo.java:shutdownFollowerState(121)) - 58f03cb9-ed48-4728-a558-b1c45bdd0f8f: shutdown FollowerState
2019-06-13 06:31:47,987 INFO  impl.RaftServerImpl (RaftServerImpl.java:setRole(164)) - 58f03cb9-ed48-4728-a558-b1c45bdd0f8f:group-6E3F8098BFE8 changes role from FOLLOWER to CANDIDATE at term 0 for changeToCandidate
2019-06-13 06:31:47,987 INFO  impl.RoleInfo (RoleInfo.java:updateAndGet(143)) - 58f03cb9-ed48-4728-a558-b1c45bdd0f8f: start LeaderElection
2019-06-13 06:31:47,987 INFO  impl.LeaderElection (LeaderElection.java:askForVotes(181)) - 2806f773-fb5b-47a7-a55b-2ca4bfa66309:group-6E3F8098BFE8:LeaderElection5: begin an election at term 1 for -1: [58f03cb9-ed48-4728-a558-b1c45bdd0f8f:192.168.11.223:42381, 7b27096a-6e78-469c-b4df-e0c82e228802:192.168.11.223:42963, 2806f773-fb5b-47a7-a55b-2ca4bfa66309:192.168.11.223:46043], old=null
2019-06-13 06:31:47,997 INFO  impl.LeaderElection (LeaderElection.java:askForVotes(181)) - 58f03cb9-ed48-4728-a558-b1c45bdd0f8f:group-6E3F8098BFE8:LeaderElection6: begin an election at term 1 for -1: [58f03cb9-ed48-4728-a558-b1c45bdd0f8f:192.168.11.223:42381, 7b27096a-6e78-469c-b4df-e0c82e228802:192.168.11.223:42963, 2806f773-fb5b-47a7-a55b-2ca4bfa66309:192.168.11.223:46043], old=null
2019-06-13 06:31:48,024 INFO  rpc.RpcClient (RpcClient.java:createBucket(426)) - Creating Bucket: vol-0-18684/bucket-0-41966, with Versioning false and Storage Type set to DISK and Encryption set to false 
2019-06-13 06:31:48,029 INFO  impl.RaftServerImpl (RaftServerImpl.java:setRole(164)) - 7b27096a-6e78-469c-b4df-e0c82e228802:group-6E3F8098BFE8 changes role from CANDIDATE to FOLLOWER at term 1 for recognizeCandidate:2806f773-fb5b-47a7-a55b-2ca4bfa66309
2019-06-13 06:31:48,030 INFO  impl.RoleInfo (RoleInfo.java:shutdownLeaderElection(134)) - 7b27096a-6e78-469c-b4df-e0c82e228802: shutdown LeaderElection
2019-06-13 06:31:48,030 INFO  impl.RoleInfo (RoleInfo.java:updateAndGet(143)) - 7b27096a-6e78-469c-b4df-e0c82e228802: start FollowerState
2019-06-13 06:31:48,036 INFO  impl.RaftServerImpl (RaftServerImpl.java:setRole(164)) - 7b27096a-6e78-469c-b4df-e0c82e228802:group-6E3F8098BFE8 changes role from FOLLOWER to FOLLOWER at term 1 for recognizeCandidate:58f03cb9-ed48-4728-a558-b1c45bdd0f8f
2019-06-13 06:31:48,036 INFO  impl.RoleInfo (RoleInfo.java:shutdownFollowerState(121)) - 7b27096a-6e78-469c-b4df-e0c82e228802: shutdown FollowerState
2019-06-13 06:31:48,036 INFO  impl.RoleInfo (RoleInfo.java:updateAndGet(143)) - 7b27096a-6e78-469c-b4df-e0c82e228802: start FollowerState
2019-06-13 06:31:48,043 INFO  impl.LeaderElection (LeaderElection.java:logAndReturn(56)) - 2806f773-fb5b-47a7-a55b-2ca4bfa66309:group-6E3F8098BFE8:LeaderElection5: Election REJECTED; received 2 response(s) [2806f773-fb5b-47a7-a55b-2ca4bfa66309->58f03cb9-ed48-4728-a558-b1c45bdd0f8f,false-t1, 2806f773-fb5b-47a7-a55b-2ca4bfa66309->7b27096a-6e78-469c-b4df-e0c82e228802,false-t1] and 0 exception(s); 2806f773-fb5b-47a7-a55b-2ca4bfa66309:t1, leader=null, voted=2806f773-fb5b-47a7-a55b-2ca4bfa66309, raftlog=2806f773-fb5b-47a7-a55b-2ca4bfa66309-SegmentedRaftLog:OPENED:c-1,f-1,i0, conf=-1: [58f03cb9-ed48-4728-a558-b1c45bdd0f8f:192.168.11.223:42381, 7b27096a-6e78-469c-b4df-e0c82e228802:192.168.11.223:42963, 2806f773-fb5b-47a7-a55b-2ca4bfa66309:192.168.11.223:46043], old=null
2019-06-13 06:31:48,044 INFO  impl.RaftServerImpl (RaftServerImpl.java:setRole(164)) - 2806f773-fb5b-47a7-a55b-2ca4bfa66309:group-6E3F8098BFE8 changes role from CANDIDATE to FOLLOWER at term 1 for DISCOVERED_A_NEW_TERM
2019-06-13 06:31:48,044 INFO  impl.RoleInfo (RoleInfo.java:shutdownLeaderElection(134)) - 2806f773-fb5b-47a7-a55b-2ca4bfa66309: shutdown LeaderElection
2019-06-13 06:31:48,044 INFO  impl.RoleInfo (RoleInfo.java:updateAndGet(143)) - 2806f773-fb5b-47a7-a55b-2ca4bfa66309: start FollowerState
2019-06-13 06:31:48,051 INFO  impl.LeaderElection (LeaderElection.java:logAndReturn(56)) - 58f03cb9-ed48-4728-a558-b1c45bdd0f8f:group-6E3F8098BFE8:LeaderElection6: Election PASSED; received 2 response(s) [58f03cb9-ed48-4728-a558-b1c45bdd0f8f->7b27096a-6e78-469c-b4df-e0c82e228802,true-t1, 58f03cb9-ed48-4728-a558-b1c45bdd0f8f->2806f773-fb5b-47a7-a55b-2ca4bfa66309,false-t1] and 0 exception(s); 58f03cb9-ed48-4728-a558-b1c45bdd0f8f:t1, leader=null, voted=58f03cb9-ed48-4728-a558-b1c45bdd0f8f, raftlog=58f03cb9-ed48-4728-a558-b1c45bdd0f8f-SegmentedRaftLog:OPENED:c-1,f-1,i0, conf=-1: [58f03cb9-ed48-4728-a558-b1c45bdd0f8f:192.168.11.223:42381, 7b27096a-6e78-469c-b4df-e0c82e228802:192.168.11.223:42963, 2806f773-fb5b-47a7-a55b-2ca4bfa66309:192.168.11.223:46043], old=null
2019-06-13 06:31:48,052 INFO  impl.RoleInfo (RoleInfo.java:shutdownLeaderElection(134)) - 58f03cb9-ed48-4728-a558-b1c45bdd0f8f: shutdown LeaderElection
2019-06-13 06:31:48,053 INFO  impl.RaftServerImpl (RaftServerImpl.java:setRole(164)) - 58f03cb9-ed48-4728-a558-b1c45bdd0f8f:group-6E3F8098BFE8 changes role from CANDIDATE to LEADER at term 1 for changeToLeader
2019-06-13 06:31:48,053 INFO  impl.RaftServerImpl (ServerState.java:setLeader(263)) - 58f03cb9-ed48-4728-a558-b1c45bdd0f8f:group-6E3F8098BFE8 change Leader from null to 58f03cb9-ed48-4728-a558-b1c45bdd0f8f at term 1 for becomeLeader, leader elected after 1274ms
2019-06-13 06:31:48,053 INFO  server.RaftServerConfigKeys (ConfUtils.java:logGet(43)) - raft.server.staging.catchup.gap = 1000 (default)
2019-06-13 06:31:48,053 INFO  server.RaftServerConfigKeys (ConfUtils.java:logGet(43)) - raft.server.rpc.sleep.time = 25ms (default)
2019-06-13 06:31:48,053 INFO  server.RaftServerConfigKeys (ConfUtils.java:logGet(43)) - raft.server.watch.timeout = 10s (default)
2019-06-13 06:31:48,053 INFO  server.RaftServerConfigKeys (ConfUtils.java:logGet(43)) - raft.server.watch.timeout.denomination = 1s (default)
2019-06-13 06:31:48,056 INFO  server.RaftServerConfigKeys (ConfUtils.java:logGet(43)) - raft.server.log.appender.snapshot.chunk.size.max = 16MB (=16777216) (default)
2019-06-13 06:31:48,056 INFO  server.RaftServerConfigKeys (ConfUtils.java:logGet(43)) - raft.server.log.appender.buffer.byte-limit = 33554432 (custom)
2019-06-13 06:31:48,056 INFO  server.RaftServerConfigKeys (ConfUtils.java:logGet(43)) - raft.server.log.appender.buffer.element-limit = 1 (custom)
2019-06-13 06:31:48,057 INFO  grpc.GrpcConfigKeys$Server (ConfUtils.java:logGet(43)) - raft.grpc.server.leader.outstanding.appends.max = 128 (default)
2019-06-13 06:31:48,057 INFO  server.RaftServerConfigKeys (ConfUtils.java:logGet(43)) - raft.server.rpc.request.timeout = 3000ms (default)
2019-06-13 06:31:48,057 INFO  server.RaftServerConfigKeys (ConfUtils.java:logGet(43)) - raft.server.log.appender.install.snapshot.enabled = true (default)
2019-06-13 06:31:48,058 INFO  server.RaftServerConfigKeys (ConfUtils.java:logGet(43)) - raft.server.log.appender.snapshot.chunk.size.max = 16MB (=16777216) (default)
2019-06-13 06:31:48,058 INFO  server.RaftServerConfigKeys (ConfUtils.java:logGet(43)) - raft.server.log.appender.buffer.byte-limit = 33554432 (custom)
2019-06-13 06:31:48,058 INFO  server.RaftServerConfigKeys (ConfUtils.java:logGet(43)) - raft.server.log.appender.buffer.element-limit = 1 (custom)
2019-06-13 06:31:48,058 INFO  grpc.GrpcConfigKeys$Server (ConfUtils.java:logGet(43)) - raft.grpc.server.leader.outstanding.appends.max = 128 (default)
2019-06-13 06:31:48,058 INFO  server.RaftServerConfigKeys (ConfUtils.java:logGet(43)) - raft.server.rpc.request.timeout = 3000ms (default)
2019-06-13 06:31:48,058 INFO  server.RaftServerConfigKeys (ConfUtils.java:logGet(43)) - raft.server.log.appender.install.snapshot.enabled = true (default)
2019-06-13 06:31:48,059 INFO  impl.RoleInfo (RoleInfo.java:updateAndGet(143)) - 58f03cb9-ed48-4728-a558-b1c45bdd0f8f: start LeaderState
2019-06-13 06:31:48,059 INFO  storage.RaftLogWorker (RaftLogWorker.java:startLogSegment(298)) - 58f03cb9-ed48-4728-a558-b1c45bdd0f8f-RaftLogWorker: Starting segment from index:0
2019-06-13 06:31:48,078 INFO  impl.RaftServerImpl (ServerState.java:setRaftConf(361)) - 58f03cb9-ed48-4728-a558-b1c45bdd0f8f:group-6E3F8098BFE8 set configuration 0: [58f03cb9-ed48-4728-a558-b1c45bdd0f8f:192.168.11.223:42381, 7b27096a-6e78-469c-b4df-e0c82e228802:192.168.11.223:42963, 2806f773-fb5b-47a7-a55b-2ca4bfa66309:192.168.11.223:46043], old=null at 0
2019-06-13 06:31:48,102 INFO  storage.RaftLogWorker (RaftLogWorker.java:execute(469)) - 58f03cb9-ed48-4728-a558-b1c45bdd0f8f-RaftLogWorker: created new log segment /opt/src/hadoop-ozone/tools/target/test-dir/MiniOzoneClusterImpl-bc28c6ad-f795-400c-9de3-37da91a7912e/datanode-1/data/ratis/6918c2a9-fa48-4dab-8b0e-6e3f8098bfe8/current/log_inprogress_0
2019-06-13 06:31:48,104 INFO  impl.RaftServerImpl (ServerState.java:setLeader(263)) - 2806f773-fb5b-47a7-a55b-2ca4bfa66309:group-6E3F8098BFE8 change Leader from null to 58f03cb9-ed48-4728-a558-b1c45bdd0f8f at term 1 for appendEntries, leader elected after 1228ms
2019-06-13 06:31:48,107 INFO  impl.RaftServerImpl (ServerState.java:setLeader(263)) - 7b27096a-6e78-469c-b4df-e0c82e228802:group-6E3F8098BFE8 change Leader from null to 58f03cb9-ed48-4728-a558-b1c45bdd0f8f at term 1 for appendEntries, leader elected after 1328ms
2019-06-13 06:31:48,125 INFO  impl.RaftServerImpl (ServerState.java:setRaftConf(361)) - 2806f773-fb5b-47a7-a55b-2ca4bfa66309:group-6E3F8098BFE8 set configuration 0: [58f03cb9-ed48-4728-a558-b1c45bdd0f8f:192.168.11.223:42381, 7b27096a-6e78-469c-b4df-e0c82e228802:192.168.11.223:42963, 2806f773-fb5b-47a7-a55b-2ca4bfa66309:192.168.11.223:46043], old=null at 0
2019-06-13 06:31:48,125 INFO  impl.RaftServerImpl (ServerState.java:setRaftConf(361)) - 7b27096a-6e78-469c-b4df-e0c82e228802:group-6E3F8098BFE8 set configuration 0: [58f03cb9-ed48-4728-a558-b1c45bdd0f8f:192.168.11.223:42381, 7b27096a-6e78-469c-b4df-e0c82e228802:192.168.11.223:42963, 2806f773-fb5b-47a7-a55b-2ca4bfa66309:192.168.11.223:46043], old=null at 0
2019-06-13 06:31:48,126 INFO  storage.RaftLogWorker (RaftLogWorker.java:startLogSegment(298)) - 2806f773-fb5b-47a7-a55b-2ca4bfa66309-RaftLogWorker: Starting segment from index:0
2019-06-13 06:31:48,126 INFO  storage.RaftLogWorker (RaftLogWorker.java:startLogSegment(298)) - 7b27096a-6e78-469c-b4df-e0c82e228802-RaftLogWorker: Starting segment from index:0
2019-06-13 06:31:48,172 INFO  storage.RaftLogWorker (RaftLogWorker.java:execute(469)) - 7b27096a-6e78-469c-b4df-e0c82e228802-RaftLogWorker: created new log segment /opt/src/hadoop-ozone/tools/target/test-dir/MiniOzoneClusterImpl-bc28c6ad-f795-400c-9de3-37da91a7912e/datanode-0/data/ratis/6918c2a9-fa48-4dab-8b0e-6e3f8098bfe8/current/log_inprogress_0
2019-06-13 06:31:48,173 INFO  storage.RaftLogWorker (RaftLogWorker.java:execute(469)) - 2806f773-fb5b-47a7-a55b-2ca4bfa66309-RaftLogWorker: created new log segment /opt/src/hadoop-ozone/tools/target/test-dir/MiniOzoneClusterImpl-bc28c6ad-f795-400c-9de3-37da91a7912e/datanode-2/data/ratis/6918c2a9-fa48-4dab-8b0e-6e3f8098bfe8/current/log_inprogress_0
2019-06-13 06:31:48,376 INFO  client.GrpcClientProtocolClient (GrpcClientProtocolClient.java:onNext(254)) - client-3F935C338C3A->58f03cb9-ed48-4728-a558-b1c45bdd0f8f: receive RaftClientReply:client-3F935C338C3A->58f03cb9-ed48-4728-a558-b1c45bdd0f8f@group-6E3F8098BFE8, cid=6, SUCCESS, logIndex=1, commits[58f03cb9-ed48-4728-a558-b1c45bdd0f8f:c1, 7b27096a-6e78-469c-b4df-e0c82e228802:c0, 2806f773-fb5b-47a7-a55b-2ca4bfa66309:c0]
2019-06-13 06:31:48,425 INFO  client.GrpcClientProtocolClient (GrpcClientProtocolClient.java:onNext(254)) - client-3F935C338C3A->58f03cb9-ed48-4728-a558-b1c45bdd0f8f: receive RaftClientReply:client-3F935C338C3A->58f03cb9-ed48-4728-a558-b1c45bdd0f8f@group-6E3F8098BFE8, cid=7, SUCCESS, logIndex=3, commits[58f03cb9-ed48-4728-a558-b1c45bdd0f8f:c4, 7b27096a-6e78-469c-b4df-e0c82e228802:c3, 2806f773-fb5b-47a7-a55b-2ca4bfa66309:c3]
2019-06-13 06:31:48,450 INFO  client.GrpcClientProtocolClient (GrpcClientProtocolClient.java:onNext(254)) - client-3F935C338C3A->58f03cb9-ed48-4728-a558-b1c45bdd0f8f: receive RaftClientReply:client-3F935C338C3A->58f03cb9-ed48-4728-a558-b1c45bdd0f8f@group-6E3F8098BFE8, cid=8, SUCCESS, logIndex=5, commits[58f03cb9-ed48-4728-a558-b1c45bdd0f8f:c6, 7b27096a-6e78-469c-b4df-e0c82e228802:c4, 2806f773-fb5b-47a7-a55b-2ca4bfa66309:c3]
2019-06-13 06:31:48,451 INFO  client.GrpcClientProtocolClient (GrpcClientProtocolClient.java:onNext(254)) - client-3F935C338C3A->58f03cb9-ed48-4728-a558-b1c45bdd0f8f: receive RaftClientReply:client-3F935C338C3A->58f03cb9-ed48-4728-a558-b1c45bdd0f8f@group-6E3F8098BFE8, cid=9, SUCCESS, logIndex=6, commits[58f03cb9-ed48-4728-a558-b1c45bdd0f8f:c6, 7b27096a-6e78-469c-b4df-e0c82e228802:c4, 2806f773-fb5b-47a7-a55b-2ca4bfa66309:c3]
2019-06-13 06:31:48,497 INFO  client.GrpcClientProtocolClient (GrpcClientProtocolClient.java:onNext(254)) - client-3F935C338C3A->58f03cb9-ed48-4728-a558-b1c45bdd0f8f: receive RaftClientReply:client-3F935C338C3A->58f03cb9-ed48-4728-a558-b1c45bdd0f8f@group-6E3F8098BFE8, cid=10, SUCCESS, logIndex=9, commits[58f03cb9-ed48-4728-a558-b1c45bdd0f8f:c9, 7b27096a-6e78-469c-b4df-e0c82e228802:c8, 2806f773-fb5b-47a7-a55b-2ca4bfa66309:c6]
2019-06-13 06:31:48,505 INFO  client.GrpcClientProtocolClient (GrpcClientProtocolClient.java:onNext(254)) - client-3F935C338C3A->58f03cb9-ed48-4728-a558-b1c45bdd0f8f: receive RaftClientReply:client-3F935C338C3A->58f03cb9-ed48-4728-a558-b1c45bdd0f8f@group-6E3F8098BFE8, cid=11, SUCCESS, logIndex=11, commits[58f03cb9-ed48-4728-a558-b1c45bdd0f8f:c11, 7b27096a-6e78-469c-b4df-e0c82e228802:c9, 2806f773-fb5b-47a7-a55b-2ca4bfa66309:c8]
2019-06-13 06:31:48,530 INFO  client.GrpcClientProtocolClient (GrpcClientProtocolClient.java:onNext(254)) - client-3F935C338C3A->58f03cb9-ed48-4728-a558-b1c45bdd0f8f: receive RaftClientReply:client-3F935C338C3A->58f03cb9-ed48-4728-a558-b1c45bdd0f8f@group-6E3F8098BFE8, cid=12, SUCCESS, logIndex=13, commits[58f03cb9-ed48-4728-a558-b1c45bdd0f8f:c13, 7b27096a-6e78-469c-b4df-e0c82e228802:c12, 2806f773-fb5b-47a7-a55b-2ca4bfa66309:c11]
2019-06-13 06:31:48,540 INFO  client.GrpcClientProtocolClient (GrpcClientProtocolClient.java:onNext(254)) - client-3F935C338C3A->58f03cb9-ed48-4728-a558-b1c45bdd0f8f: receive RaftClientReply:client-3F935C338C3A->58f03cb9-ed48-4728-a558-b1c45bdd0f8f@group-6E3F8098BFE8, cid=13, SUCCESS, logIndex=15, commits[58f03cb9-ed48-4728-a558-b1c45bdd0f8f:c15, 7b27096a-6e78-469c-b4df-e0c82e228802:c13, 2806f773-fb5b-47a7-a55b-2ca4bfa66309:c11]
2019-06-13 06:31:48,552 INFO  client.GrpcClientProtocolClient (GrpcClientProtocolClient.java:onNext(254)) - client-3F935C338C3A->58f03cb9-ed48-4728-a558-b1c45bdd0f8f: receive RaftClientReply:client-3F935C338C3A->58f03cb9-ed48-4728-a558-b1c45bdd0f8f@group-6E3F8098BFE8, cid=14, SUCCESS, logIndex=0, commits[58f03cb9-ed48-4728-a558-b1c45bdd0f8f:c16, 7b27096a-6e78-469c-b4df-e0c82e228802:c15, 2806f773-fb5b-47a7-a55b-2ca4bfa66309:c15]
2019-06-13 06:31:48,604 INFO  client.GrpcClientProtocolClient (GrpcClientProtocolClient.java:onNext(254)) - client-3F935C338C3A->58f03cb9-ed48-4728-a558-b1c45bdd0f8f: receive RaftClientReply:client-3F935C338C3A->58f03cb9-ed48-4728-a558-b1c45bdd0f8f@group-6E3F8098BFE8, cid=15, SUCCESS, logIndex=17, commits[58f03cb9-ed48-4728-a558-b1c45bdd0f8f:c17, 7b27096a-6e78-469c-b4df-e0c82e228802:c16, 2806f773-fb5b-47a7-a55b-2ca4bfa66309:c15]
2019-06-13 06:31:48,636 INFO  client.GrpcClientProtocolClient (GrpcClientProtocolClient.java:onNext(254)) - client-3F935C338C3A->58f03cb9-ed48-4728-a558-b1c45bdd0f8f: receive RaftClientReply:client-3F935C338C3A->58f03cb9-ed48-4728-a558-b1c45bdd0f8f@group-6E3F8098BFE8, cid=16, SUCCESS, logIndex=19, commits[58f03cb9-ed48-4728-a558-b1c45bdd0f8f:c21, 7b27096a-6e78-469c-b4df-e0c82e228802:c19, 2806f773-fb5b-47a7-a55b-2ca4bfa66309:c17]
2019-06-13 06:31:48,708 INFO  client.GrpcClientProtocolClient (GrpcClientProtocolClient.java:onNext(254)) - client-3F935C338C3A->58f03cb9-ed48-4728-a558-b1c45bdd0f8f: receive RaftClientReply:client-3F935C338C3A->58f03cb9-ed48-4728-a558-b1c45bdd0f8f@group-6E3F8098BFE8, cid=17, SUCCESS, logIndex=20, commits[58f03cb9-ed48-4728-a558-b1c45bdd0f8f:c22, 7b27096a-6e78-469c-b4df-e0c82e228802:c20, 2806f773-fb5b-47a7-a55b-2ca4bfa66309:c18]
2019-06-13 06:31:48,709 INFO  client.GrpcClientProtocolClient (GrpcClientProtocolClient.java:onNext(254)) - client-3F935C338C3A->58f03cb9-ed48-4728-a558-b1c45bdd0f8f: receive RaftClientReply:client-3F935C338C3A->58f03cb9-ed48-4728-a558-b1c45bdd0f8f@group-6E3F8098BFE8, cid=18, SUCCESS, logIndex=22, commits[58f03cb9-ed48-4728-a558-b1c45bdd0f8f:c23, 7b27096a-6e78-469c-b4df-e0c82e228802:c20, 2806f773-fb5b-47a7-a55b-2ca4bfa66309:c20]
2019-06-13 06:31:48,735 INFO  client.GrpcClientProtocolClient (GrpcClientProtocolClient.java:onNext(254)) - client-3F935C338C3A->58f03cb9-ed48-4728-a558-b1c45bdd0f8f: receive RaftClientReply:client-3F935C338C3A->58f03cb9-ed48-4728-a558-b1c45bdd0f8f@group-6E3F8098BFE8, cid=19, SUCCESS, logIndex=25, commits[58f03cb9-ed48-4728-a558-b1c45bdd0f8f:c25, 7b27096a-6e78-469c-b4df-e0c82e228802:c24, 2806f773-fb5b-47a7-a55b-2ca4bfa66309:c22]
2019-06-13 06:31:48,739 INFO  client.GrpcClientProtocolClient (GrpcClientProtocolClient.java:onNext(254)) - client-3F935C338C3A->58f03cb9-ed48-4728-a558-b1c45bdd0f8f: receive RaftClientReply:client-3F935C338C3A->58f03cb9-ed48-4728-a558-b1c45bdd0f8f@group-6E3F8098BFE8, cid=20, SUCCESS, logIndex=27, commits[58f03cb9-ed48-4728-a558-b1c45bdd0f8f:c27, 7b27096a-6e78-469c-b4df-e0c82e228802:c26, 2806f773-fb5b-47a7-a55b-2ca4bfa66309:c26]
2019-06-13 06:31:48,762 INFO  client.GrpcClientProtocolClient (GrpcClientProtocolClient.java:onNext(254)) - client-3F935C338C3A->58f03cb9-ed48-4728-a558-b1c45bdd0f8f: receive RaftClientReply:client-3F935C338C3A->58f03cb9-ed48-4728-a558-b1c45bdd0f8f@group-6E3F8098BFE8, cid=21, SUCCESS, logIndex=29, commits[58f03cb9-ed48-4728-a558-b1c45bdd0f8f:c29, 7b27096a-6e78-469c-b4df-e0c82e228802:c28, 2806f773-fb5b-47a7-a55b-2ca4bfa66309:c27]
2019-06-13 06:31:48,773 INFO  client.GrpcClientProtocolClient (GrpcClientProtocolClient.java:onNext(254)) - client-3F935C338C3A->58f03cb9-ed48-4728-a558-b1c45bdd0f8f: receive RaftClientReply:client-3F935C338C3A->58f03cb9-ed48-4728-a558-b1c45bdd0f8f@group-6E3F8098BFE8, cid=22, SUCCESS, logIndex=31, commits[58f03cb9-ed48-4728-a558-b1c45bdd0f8f:c31, 7b27096a-6e78-469c-b4df-e0c82e228802:c29, 2806f773-fb5b-47a7-a55b-2ca4bfa66309:c29]
2019-06-13 06:31:48,779 INFO  client.GrpcClientProtocolClient (GrpcClientProtocolClient.java:onNext(254)) - client-3F935C338C3A->58f03cb9-ed48-4728-a558-b1c45bdd0f8f: receive RaftClientReply:client-3F935C338C3A->58f03cb9-ed48-4728-a558-b1c45bdd0f8f@group-6E3F8098BFE8, cid=23, SUCCESS, logIndex=0, commits[58f03cb9-ed48-4728-a558-b1c45bdd0f8f:c32, 7b27096a-6e78-469c-b4df-e0c82e228802:c31, 2806f773-fb5b-47a7-a55b-2ca4bfa66309:c31]
2019-06-13 06:31:48,832 INFO  client.GrpcClientProtocolClient (GrpcClientProtocolClient.java:onNext(254)) - client-3F935C338C3A->58f03cb9-ed48-4728-a558-b1c45bdd0f8f: receive RaftClientReply:client-3F935C338C3A->58f03cb9-ed48-4728-a558-b1c45bdd0f8f@group-6E3F8098BFE8, cid=24, SUCCESS, logIndex=33, commits[58f03cb9-ed48-4728-a558-b1c45bdd0f8f:c33, 7b27096a-6e78-469c-b4df-e0c82e228802:c31, 2806f773-fb5b-47a7-a55b-2ca4bfa66309:c32]
2019-06-13 06:31:48,875 INFO  client.GrpcClientProtocolClient (GrpcClientProtocolClient.java:onNext(254)) - client-3F935C338C3A->58f03cb9-ed48-4728-a558-b1c45bdd0f8f: receive RaftClientReply:client-3F935C338C3A->58f03cb9-ed48-4728-a558-b1c45bdd0f8f@group-6E3F8098BFE8, cid=25, SUCCESS, logIndex=35, commits[58f03cb9-ed48-4728-a558-b1c45bdd0f8f:c38, 7b27096a-6e78-469c-b4df-e0c82e228802:c34, 2806f773-fb5b-47a7-a55b-2ca4bfa66309:c35]
2019-06-13 06:31:48,879 INFO  client.GrpcClientProtocolClient (GrpcClientProtocolClient.java:onNext(254)) - client-3F935C338C3A->58f03cb9-ed48-4728-a558-b1c45bdd0f8f: receive RaftClientReply:client-3F935C338C3A->58f03cb9-ed48-4728-a558-b1c45bdd0f8f@group-6E3F8098BFE8, cid=26, SUCCESS, logIndex=36, commits[58f03cb9-ed48-4728-a558-b1c45bdd0f8f:c38, 7b27096a-6e78-469c-b4df-e0c82e228802:c35, 2806f773-fb5b-47a7-a55b-2ca4bfa66309:c35]
2019-06-13 06:31:48,886 INFO  client.GrpcClientProtocolClient (GrpcClientProtocolClient.java:onNext(254)) - client-3F935C338C3A->58f03cb9-ed48-4728-a558-b1c45bdd0f8f: receive RaftClientReply:client-3F935C338C3A->58f03cb9-ed48-4728-a558-b1c45bdd0f8f@group-6E3F8098BFE8, cid=27, SUCCESS, logIndex=38, commits[58f03cb9-ed48-4728-a558-b1c45bdd0f8f:c40, 7b27096a-6e78-469c-b4df-e0c82e228802:c38, 2806f773-fb5b-47a7-a55b-2ca4bfa66309:c38]
2019-06-13 06:31:48,912 INFO  client.GrpcClientProtocolClient (GrpcClientProtocolClient.java:onNext(254)) - client-3F935C338C3A->58f03cb9-ed48-4728-a558-b1c45bdd0f8f: receive RaftClientReply:client-3F935C338C3A->58f03cb9-ed48-4728-a558-b1c45bdd0f8f@group-6E3F8098BFE8, cid=28, SUCCESS, logIndex=41, commits[58f03cb9-ed48-4728-a558-b1c45bdd0f8f:c41, 7b27096a-6e78-469c-b4df-e0c82e228802:c40, 2806f773-fb5b-47a7-a55b-2ca4bfa66309:c38]
2019-06-13 06:31:48,925 INFO  client.GrpcClientProtocolClient (GrpcClientProtocolClient.java:onNext(254)) - client-3F935C338C3A->58f03cb9-ed48-4728-a558-b1c45bdd0f8f: receive RaftClientReply:client-3F935C338C3A->58f03cb9-ed48-4728-a558-b1c45bdd0f8f@group-6E3F8098BFE8, cid=29, SUCCESS, logIndex=43, commits[58f03cb9-ed48-4728-a558-b1c45bdd0f8f:c43, 7b27096a-6e78-469c-b4df-e0c82e228802:c42, 2806f773-fb5b-47a7-a55b-2ca4bfa66309:c41]
2019-06-13 06:31:48,933 INFO  client.GrpcClientProtocolClient (GrpcClientProtocolClient.java:onNext(254)) - client-3F935C338C3A->58f03cb9-ed48-4728-a558-b1c45bdd0f8f: receive RaftClientReply:client-3F935C338C3A->58f03cb9-ed48-4728-a558-b1c45bdd0f8f@group-6E3F8098BFE8, cid=30, SUCCESS, logIndex=44, commits[58f03cb9-ed48-4728-a558-b1c45bdd0f8f:c44, 7b27096a-6e78-469c-b4df-e0c82e228802:c42, 2806f773-fb5b-47a7-a55b-2ca4bfa66309:c43]
2019-06-13 06:31:48,942 INFO  client.GrpcClientProtocolClient (GrpcClientProtocolClient.java:onNext(254)) - client-3F935C338C3A->58f03cb9-ed48-4728-a558-b1c45bdd0f8f: receive RaftClientReply:client-3F935C338C3A->58f03cb9-ed48-4728-a558-b1c45bdd0f8f@group-6E3F8098BFE8, cid=31, SUCCESS, logIndex=45, commits[58f03cb9-ed48-4728-a558-b1c45bdd0f8f:c46, 7b27096a-6e78-469c-b4df-e0c82e228802:c43, 2806f773-fb5b-47a7-a55b-2ca4bfa66309:c43]
2019-06-13 06:31:48,947 INFO  client.GrpcClientProtocolClient (GrpcClientProtocolClient.java:onNext(254)) - client-3F935C338C3A->58f03cb9-ed48-4728-a558-b1c45bdd0f8f: receive RaftClientReply:client-3F935C338C3A->58f03cb9-ed48-4728-a558-b1c45bdd0f8f@group-6E3F8098BFE8, cid=32, SUCCESS, logIndex=0, commits[58f03cb9-ed48-4728-a558-b1c45bdd0f8f:c48, 7b27096a-6e78-469c-b4df-e0c82e228802:c45, 2806f773-fb5b-47a7-a55b-2ca4bfa66309:c45]
 0.00% |█                                                                                                    |  0/1 Time: 0:00:012019-06-13 06:31:48,971 INFO  client.GrpcClientProtocolClient (GrpcClientProtocolClient.java:onNext(254)) - client-3F935C338C3A->58f03cb9-ed48-4728-a558-b1c45bdd0f8f: receive RaftClientReply:client-3F935C338C3A->58f03cb9-ed48-4728-a558-b1c45bdd0f8f@group-6E3F8098BFE8, cid=33, SUCCESS, logIndex=49, commits[58f03cb9-ed48-4728-a558-b1c45bdd0f8f:c49, 7b27096a-6e78-469c-b4df-e0c82e228802:c45, 2806f773-fb5b-47a7-a55b-2ca4bfa66309:c48]
2019-06-13 06:31:48,982 INFO  client.GrpcClientProtocolClient (GrpcClientProtocolClient.java:onNext(254)) - client-3F935C338C3A->58f03cb9-ed48-4728-a558-b1c45bdd0f8f: receive RaftClientReply:client-3F935C338C3A->58f03cb9-ed48-4728-a558-b1c45bdd0f8f@group-6E3F8098BFE8, cid=34, SUCCESS, logIndex=51, commits[58f03cb9-ed48-4728-a558-b1c45bdd0f8f:c51, 7b27096a-6e78-469c-b4df-e0c82e228802:c49, 2806f773-fb5b-47a7-a55b-2ca4bfa66309:c50]
2019-06-13 06:31:48,995 INFO  client.GrpcClientProtocolClient (GrpcClientProtocolClient.java:onNext(254)) - client-3F935C338C3A->58f03cb9-ed48-4728-a558-b1c45bdd0f8f: receive RaftClientReply:client-3F935C338C3A->58f03cb9-ed48-4728-a558-b1c45bdd0f8f@group-6E3F8098BFE8, cid=35, SUCCESS, logIndex=52, commits[58f03cb9-ed48-4728-a558-b1c45bdd0f8f:c53, 7b27096a-6e78-469c-b4df-e0c82e228802:c50, 2806f773-fb5b-47a7-a55b-2ca4bfa66309:c50]
2019-06-13 06:31:48,996 INFO  client.GrpcClientProtocolClient (GrpcClientProtocolClient.java:onNext(254)) - client-3F935C338C3A->58f03cb9-ed48-4728-a558-b1c45bdd0f8f: receive RaftClientReply:client-3F935C338C3A->58f03cb9-ed48-4728-a558-b1c45bdd0f8f@group-6E3F8098BFE8, cid=36, SUCCESS, logIndex=53, commits[58f03cb9-ed48-4728-a558-b1c45bdd0f8f:c55, 7b27096a-6e78-469c-b4df-e0c82e228802:c51, 2806f773-fb5b-47a7-a55b-2ca4bfa66309:c53]
2019-06-13 06:31:49,017 INFO  client.GrpcClientProtocolClient (GrpcClientProtocolClient.java:onNext(254)) - client-3F935C338C3A->58f03cb9-ed48-4728-a558-b1c45bdd0f8f: receive RaftClientReply:client-3F935C338C3A->58f03cb9-ed48-4728-a558-b1c45bdd0f8f@group-6E3F8098BFE8, cid=37, SUCCESS, logIndex=57, commits[58f03cb9-ed48-4728-a558-b1c45bdd0f8f:c57, 7b27096a-6e78-469c-b4df-e0c82e228802:c56, 2806f773-fb5b-47a7-a55b-2ca4bfa66309:c53]
2019-06-13 06:31:49,023 INFO  client.GrpcClientProtocolClient (GrpcClientProtocolClient.java:onNext(254)) - client-3F935C338C3A->58f03cb9-ed48-4728-a558-b1c45bdd0f8f: receive RaftClientReply:client-3F935C338C3A->58f03cb9-ed48-4728-a558-b1c45bdd0f8f@group-6E3F8098BFE8, cid=38, SUCCESS, logIndex=59, commits[58f03cb9-ed48-4728-a558-b1c45bdd0f8f:c59, 7b27096a-6e78-469c-b4df-e0c82e228802:c57, 2806f773-fb5b-47a7-a55b-2ca4bfa66309:c58]
2019-06-13 06:31:49,041 INFO  client.GrpcClientProtocolClient (GrpcClientProtocolClient.java:onNext(254)) - client-3F935C338C3A->58f03cb9-ed48-4728-a558-b1c45bdd0f8f: receive RaftClientReply:client-3F935C338C3A->58f03cb9-ed48-4728-a558-b1c45bdd0f8f@group-6E3F8098BFE8, cid=39, SUCCESS, logIndex=61, commits[58f03cb9-ed48-4728-a558-b1c45bdd0f8f:c61, 7b27096a-6e78-469c-b4df-e0c82e228802:c59, 2806f773-fb5b-47a7-a55b-2ca4bfa66309:c60]
2019-06-13 06:31:49,049 INFO  client.GrpcClientProtocolClient (GrpcClientProtocolClient.java:onNext(254)) - client-3F935C338C3A->58f03cb9-ed48-4728-a558-b1c45bdd0f8f: receive RaftClientReply:client-3F935C338C3A->58f03cb9-ed48-4728-a558-b1c45bdd0f8f@group-6E3F8098BFE8, cid=40, SUCCESS, logIndex=63, commits[58f03cb9-ed48-4728-a558-b1c45bdd0f8f:c63, 7b27096a-6e78-469c-b4df-e0c82e228802:c61, 2806f773-fb5b-47a7-a55b-2ca4bfa66309:c61]
2019-06-13 06:31:49,059 INFO  client.GrpcClientProtocolClient (GrpcClientProtocolClient.java:onNext(254)) - client-3F935C338C3A->58f03cb9-ed48-4728-a558-b1c45bdd0f8f: receive RaftClientReply:client-3F935C338C3A->58f03cb9-ed48-4728-a558-b1c45bdd0f8f@group-6E3F8098BFE8, cid=41, SUCCESS, logIndex=0, commits[58f03cb9-ed48-4728-a558-b1c45bdd0f8f:c64, 7b27096a-6e78-469c-b4df-e0c82e228802:c63, 2806f773-fb5b-47a7-a55b-2ca4bfa66309:c63]
2019-06-13 06:31:49,079 INFO  client.GrpcClientProtocolClient (GrpcClientProtocolClient.java:onNext(254)) - client-3F935C338C3A->58f03cb9-ed48-4728-a558-b1c45bdd0f8f: receive RaftClientReply:client-3F935C338C3A->58f03cb9-ed48-4728-a558-b1c45bdd0f8f@group-6E3F8098BFE8, cid=42, SUCCESS, logIndex=65, commits[58f03cb9-ed48-4728-a558-b1c45bdd0f8f:c65, 7b27096a-6e78-469c-b4df-e0c82e228802:c64, 2806f773-fb5b-47a7-a55b-2ca4bfa66309:c64]
2019-06-13 06:31:49,100 INFO  client.GrpcClientProtocolClient (GrpcClientProtocolClient.java:onNext(254)) - client-3F935C338C3A->58f03cb9-ed48-4728-a558-b1c45bdd0f8f: receive RaftClientReply:client-3F935C338C3A->58f03cb9-ed48-4728-a558-b1c45bdd0f8f@group-6E3F8098BFE8, cid=43, SUCCESS, logIndex=67, commits[58f03cb9-ed48-4728-a558-b1c45bdd0f8f:c67, 7b27096a-6e78-469c-b4df-e0c82e228802:c65, 2806f773-fb5b-47a7-a55b-2ca4bfa66309:c65]
2019-06-13 06:31:49,116 INFO  client.GrpcClientProtocolClient (GrpcClientProtocolClient.java:onNext(254)) - client-3F935C338C3A->58f03cb9-ed48-4728-a558-b1c45bdd0f8f: receive RaftClientReply:client-3F935C338C3A->58f03cb9-ed48-4728-a558-b1c45bdd0f8f@group-6E3F8098BFE8, cid=44, SUCCESS, logIndex=68, commits[58f03cb9-ed48-4728-a558-b1c45bdd0f8f:c68, 7b27096a-6e78-469c-b4df-e0c82e228802:c66, 2806f773-fb5b-47a7-a55b-2ca4bfa66309:c66]
2019-06-13 06:31:49,117 INFO  client.GrpcClientProtocolClient (GrpcClientProtocolClient.java:onNext(254)) - client-3F935C338C3A->58f03cb9-ed48-4728-a558-b1c45bdd0f8f: receive RaftClientReply:client-3F935C338C3A->58f03cb9-ed48-4728-a558-b1c45bdd0f8f@group-6E3F8098BFE8, cid=45, SUCCESS, logIndex=69, commits[58f03cb9-ed48-4728-a558-b1c45bdd0f8f:c71, 7b27096a-6e78-469c-b4df-e0c82e228802:c68, 2806f773-fb5b-47a7-a55b-2ca4bfa66309:c67]
2019-06-13 06:31:49,134 INFO  client.GrpcClientProtocolClient (GrpcClientProtocolClient.java:onNext(254)) - client-3F935C338C3A->58f03cb9-ed48-4728-a558-b1c45bdd0f8f: receive RaftClientReply:client-3F935C338C3A->58f03cb9-ed48-4728-a558-b1c45bdd0f8f@group-6E3F8098BFE8, cid=46, SUCCESS, logIndex=72, commits[58f03cb9-ed48-4728-a558-b1c45bdd0f8f:c72, 7b27096a-6e78-469c-b4df-e0c82e228802:c68, 2806f773-fb5b-47a7-a55b-2ca4bfa66309:c71]
2019-06-13 06:31:49,138 INFO  client.GrpcClientProtocolClient (GrpcClientProtocolClient.java:onNext(254)) - client-3F935C338C3A->58f03cb9-ed48-4728-a558-b1c45bdd0f8f: receive RaftClientReply:client-3F935C338C3A->58f03cb9-ed48-4728-a558-b1c45bdd0f8f@group-6E3F8098BFE8, cid=47, SUCCESS, logIndex=74, commits[58f03cb9-ed48-4728-a558-b1c45bdd0f8f:c74, 7b27096a-6e78-469c-b4df-e0c82e228802:c71, 2806f773-fb5b-47a7-a55b-2ca4bfa66309:c72]
2019-06-13 06:31:49,164 INFO  client.GrpcClientProtocolClient (GrpcClientProtocolClient.java:onNext(254)) - client-3F935C338C3A->58f03cb9-ed48-4728-a558-b1c45bdd0f8f: receive RaftClientReply:client-3F935C338C3A->58f03cb9-ed48-4728-a558-b1c45bdd0f8f@group-6E3F8098BFE8, cid=48, SUCCESS, logIndex=76, commits[58f03cb9-ed48-4728-a558-b1c45bdd0f8f:c76, 7b27096a-6e78-469c-b4df-e0c82e228802:c74, 2806f773-fb5b-47a7-a55b-2ca4bfa66309:c75]
2019-06-13 06:31:49,173 INFO  client.GrpcClientProtocolClient (GrpcClientProtocolClient.java:onNext(254)) - client-3F935C338C3A->58f03cb9-ed48-4728-a558-b1c45bdd0f8f: receive RaftClientReply:client-3F935C338C3A->58f03cb9-ed48-4728-a558-b1c45bdd0f8f@group-6E3F8098BFE8, cid=49, SUCCESS, logIndex=78, commits[58f03cb9-ed48-4728-a558-b1c45bdd0f8f:c78, 7b27096a-6e78-469c-b4df-e0c82e228802:c76, 2806f773-fb5b-47a7-a55b-2ca4bfa66309:c75]
2019-06-13 06:31:49,180 INFO  client.GrpcClientProtocolClient (GrpcClientProtocolClient.java:onNext(254)) - client-3F935C338C3A->58f03cb9-ed48-4728-a558-b1c45bdd0f8f: receive RaftClientReply:client-3F935C338C3A->58f03cb9-ed48-4728-a558-b1c45bdd0f8f@group-6E3F8098BFE8, cid=50, SUCCESS, logIndex=0, commits[58f03cb9-ed48-4728-a558-b1c45bdd0f8f:c79, 7b27096a-6e78-469c-b4df-e0c82e228802:c78, 2806f773-fb5b-47a7-a55b-2ca4bfa66309:c78]
 100.00% |█████████████████████████████████████████████████████████████████████████████████████████████████████|  1/1 Time: 0:00:02
2019-06-13 06:31:49,975 INFO  pipeline.SCMPipelineManager (SCMPipelineManager.java:finalizeAndDestroyPipeline(307)) - destroying pipeline:Pipeline[ Id: 6918c2a9-fa48-4dab-8b0e-6e3f8098bfe8, Nodes: 58f03cb9-ed48-4728-a558-b1c45bdd0f8f{ip: 192.168.11.223, host: ozone-qjb4w-947491917, networkLocation: /default-rack, certSerialId: null}2806f773-fb5b-47a7-a55b-2ca4bfa66309{ip: 192.168.11.223, host: ozone-qjb4w-947491917, networkLocation: /default-rack, certSerialId: null}7b27096a-6e78-469c-b4df-e0c82e228802{ip: 192.168.11.223, host: ozone-qjb4w-947491917, networkLocation: /default-rack, certSerialId: null}, Type:RATIS, Factor:THREE, State:OPEN]
2019-06-13 06:31:49,976 INFO  pipeline.PipelineStateManager (PipelineStateManager.java:finalizePipeline(123)) - Pipeline Pipeline[ Id: 6918c2a9-fa48-4dab-8b0e-6e3f8098bfe8, Nodes: 58f03cb9-ed48-4728-a558-b1c45bdd0f8f{ip: 192.168.11.223, host: ozone-qjb4w-947491917, networkLocation: /default-rack, certSerialId: null}2806f773-fb5b-47a7-a55b-2ca4bfa66309{ip: 192.168.11.223, host: ozone-qjb4w-947491917, networkLocation: /default-rack, certSerialId: null}7b27096a-6e78-469c-b4df-e0c82e228802{ip: 192.168.11.223, host: ozone-qjb4w-947491917, networkLocation: /default-rack, certSerialId: null}, Type:RATIS, Factor:THREE, State:CLOSED] moved to CLOSED state
2019-06-13 06:31:49,976 INFO  container.CloseContainerEventHandler (CloseContainerEventHandler.java:onMessage(61)) - Close container Event triggered for container : #1
2019-06-13 06:31:49,981 INFO  container.CloseContainerEventHandler (CloseContainerEventHandler.java:onMessage(61)) - Close container Event triggered for container : #2
2019-06-13 06:31:49,982 INFO  container.CloseContainerEventHandler (CloseContainerEventHandler.java:onMessage(61)) - Close container Event triggered for container : #3
2019-06-13 06:31:49,988 INFO  impl.RaftServerProxy (RaftServerProxy.java:remove(95)) - 58f03cb9-ed48-4728-a558-b1c45bdd0f8f: remove   LEADER group-6E3F8098BFE8 58f03cb9-ed48-4728-a558-b1c45bdd0f8f:t1, leader=58f03cb9-ed48-4728-a558-b1c45bdd0f8f, voted=58f03cb9-ed48-4728-a558-b1c45bdd0f8f, raftlog=58f03cb9-ed48-4728-a558-b1c45bdd0f8f-SegmentedRaftLog:OPENED:c79,f79,i79, conf=0: [58f03cb9-ed48-4728-a558-b1c45bdd0f8f:192.168.11.223:42381, 7b27096a-6e78-469c-b4df-e0c82e228802:192.168.11.223:42963, 2806f773-fb5b-47a7-a55b-2ca4bfa66309:192.168.11.223:46043], old=null RUNNING
2019-06-13 06:31:49,990 INFO  impl.RaftServerImpl (RaftServerImpl.java:lambda$shutdown$3(238)) - 58f03cb9-ed48-4728-a558-b1c45bdd0f8f: shutdown group-6E3F8098BFE8
2019-06-13 06:31:49,990 INFO  util.JmxRegister (JmxRegister.java:unregister(73)) - Successfully un-registered JMX Bean with object name Ratis:service=RaftServer,group=group-6E3F8098BFE8,id=58f03cb9-ed48-4728-a558-b1c45bdd0f8f
2019-06-13 06:31:49,990 INFO  impl.RoleInfo (RoleInfo.java:shutdownLeaderState(104)) - 58f03cb9-ed48-4728-a558-b1c45bdd0f8f: shutdown LeaderState
2019-06-13 06:31:49,991 WARN  server.GrpcLogAppender (GrpcLogAppender.java:mayWait(142)) - GrpcLogAppender(58f03cb9-ed48-4728-a558-b1c45bdd0f8f -> 7b27096a-6e78-469c-b4df-e0c82e228802): Wait interrupted by java.lang.InterruptedException
2019-06-13 06:31:49,992 INFO  impl.PendingRequests (PendingRequests.java:sendNotLeaderResponses(140)) - 58f03cb9-ed48-4728-a558-b1c45bdd0f8f-PendingRequests: sendNotLeaderResponses
2019-06-13 06:31:49,991 WARN  server.GrpcLogAppender (GrpcLogAppender.java:mayWait(142)) - GrpcLogAppender(58f03cb9-ed48-4728-a558-b1c45bdd0f8f -> 2806f773-fb5b-47a7-a55b-2ca4bfa66309): Wait interrupted by java.lang.InterruptedException
2019-06-13 06:31:49,999 INFO  server.GrpcServerProtocolService (GrpcServerProtocolService.java:onCompleted(104)) - 7b27096a-6e78-469c-b4df-e0c82e228802: appendEntries completed
2019-06-13 06:31:50,000 INFO  server.GrpcServerProtocolService (GrpcServerProtocolService.java:onCompleted(104)) - 2806f773-fb5b-47a7-a55b-2ca4bfa66309: appendEntries completed
2019-06-13 06:31:50,001 INFO  server.GrpcLogAppender (GrpcLogAppender.java:onCompleted(277)) - 58f03cb9-ed48-4728-a558-b1c45bdd0f8f: follower 58f03cb9-ed48-4728-a558-b1c45bdd0f8f->7b27096a-6e78-469c-b4df-e0c82e228802(c79,m79,n80, attendVote=true, lastRpcSendTime=325, lastRpcResponseTime=324) response Completed
2019-06-13 06:31:50,001 INFO  server.GrpcLogAppender (GrpcLogAppender.java:onCompleted(277)) - 58f03cb9-ed48-4728-a558-b1c45bdd0f8f: follower 58f03cb9-ed48-4728-a558-b1c45bdd0f8f->2806f773-fb5b-47a7-a55b-2ca4bfa66309(c79,m79,n80, attendVote=true, lastRpcSendTime=321, lastRpcResponseTime=320) response Completed
2019-06-13 06:31:50,004 INFO  ratis.ContainerStateMachine (ContainerStateMachine.java:takeSnapshot(245)) - Taking snapshot at termIndex:(t:1, i:78)
2019-06-13 06:31:50,004 INFO  ratis.ContainerStateMachine (ContainerStateMachine.java:takeSnapshot(249)) - Taking a snapshot to file /opt/src/hadoop-ozone/tools/target/test-dir/MiniOzoneClusterImpl-bc28c6ad-f795-400c-9de3-37da91a7912e/datanode-1/data/ratis/6918c2a9-fa48-4dab-8b0e-6e3f8098bfe8/sm/snapshot.1_78
2019-06-13 06:31:50,004 INFO  impl.FollowerInfo (FollowerInfo.java:lambda$new$0(50)) - 58f03cb9-ed48-4728-a558-b1c45bdd0f8f->7b27096a-6e78-469c-b4df-e0c82e228802: nextIndex: updateUnconditionally 80 -> 0
2019-06-13 06:31:50,005 INFO  impl.StateMachineUpdater (StateMachineUpdater.java:stopAndJoin(109)) - StateMachineUpdater-58f03cb9-ed48-4728-a558-b1c45bdd0f8f-group-6E3F8098BFE8: set stopIndex = 79
2019-06-13 06:31:50,005 INFO  impl.FollowerInfo (FollowerInfo.java:lambda$new$0(50)) - 58f03cb9-ed48-4728-a558-b1c45bdd0f8f->2806f773-fb5b-47a7-a55b-2ca4bfa66309: nextIndex: updateUnconditionally 80 -> 0
2019-06-13 06:31:50,013 INFO  impl.RaftServerImpl (ServerState.java:close(394)) - 58f03cb9-ed48-4728-a558-b1c45bdd0f8f:group-6E3F8098BFE8 closes. The last applied log index is 79
2019-06-13 06:31:50,014 INFO  storage.RaftLogWorker (RaftLogWorker.java:run(236)) - 58f03cb9-ed48-4728-a558-b1c45bdd0f8f-RaftLogWorker was interrupted, exiting. There are 0 tasks remaining in the queue.
2019-06-13 06:31:50,015 INFO  storage.RaftLogWorker (RaftLogWorker.java:close(168)) - 58f03cb9-ed48-4728-a558-b1c45bdd0f8f-RaftLogWorker close()
2019-06-13 06:31:50,027 INFO  impl.RaftServerProxy (RaftServerProxy.java:remove(95)) - 2806f773-fb5b-47a7-a55b-2ca4bfa66309: remove FOLLOWER group-6E3F8098BFE8 2806f773-fb5b-47a7-a55b-2ca4bfa66309:t1, leader=58f03cb9-ed48-4728-a558-b1c45bdd0f8f, voted=2806f773-fb5b-47a7-a55b-2ca4bfa66309, raftlog=2806f773-fb5b-47a7-a55b-2ca4bfa66309-SegmentedRaftLog:OPENED:c79,f79,i79, conf=0: [58f03cb9-ed48-4728-a558-b1c45bdd0f8f:192.168.11.223:42381, 7b27096a-6e78-469c-b4df-e0c82e228802:192.168.11.223:42963, 2806f773-fb5b-47a7-a55b-2ca4bfa66309:192.168.11.223:46043], old=null RUNNING
2019-06-13 06:31:50,027 INFO  impl.RaftServerImpl (RaftServerImpl.java:lambda$shutdown$3(238)) - 2806f773-fb5b-47a7-a55b-2ca4bfa66309: shutdown group-6E3F8098BFE8
2019-06-13 06:31:50,027 INFO  util.JmxRegister (JmxRegister.java:unregister(73)) - Successfully un-registered JMX Bean with object name Ratis:service=RaftServer,group=group-6E3F8098BFE8,id=2806f773-fb5b-47a7-a55b-2ca4bfa66309
2019-06-13 06:31:50,028 INFO  impl.RoleInfo (RoleInfo.java:shutdownFollowerState(121)) - 2806f773-fb5b-47a7-a55b-2ca4bfa66309: shutdown FollowerState
2019-06-13 06:31:50,028 INFO  ratis.ContainerStateMachine (ContainerStateMachine.java:takeSnapshot(245)) - Taking snapshot at termIndex:(t:1, i:78)
2019-06-13 06:31:50,028 INFO  impl.FollowerState (FollowerState.java:run(109)) - 2806f773-fb5b-47a7-a55b-2ca4bfa66309: FollowerState was interrupted: java.lang.InterruptedException: sleep interrupted
2019-06-13 06:31:50,029 INFO  impl.StateMachineUpdater (StateMachineUpdater.java:stopAndJoin(109)) - StateMachineUpdater-2806f773-fb5b-47a7-a55b-2ca4bfa66309-group-6E3F8098BFE8: set stopIndex = 79
2019-06-13 06:31:50,029 INFO  ratis.ContainerStateMachine (ContainerStateMachine.java:takeSnapshot(249)) - Taking a snapshot to file /opt/src/hadoop-ozone/tools/target/test-dir/MiniOzoneClusterImpl-bc28c6ad-f795-400c-9de3-37da91a7912e/datanode-2/data/ratis/6918c2a9-fa48-4dab-8b0e-6e3f8098bfe8/sm/snapshot.1_78
2019-06-13 06:31:50,031 INFO  impl.RaftServerImpl (ServerState.java:close(394)) - 2806f773-fb5b-47a7-a55b-2ca4bfa66309:group-6E3F8098BFE8 closes. The last applied log index is 79
2019-06-13 06:31:50,031 INFO  storage.RaftLogWorker (RaftLogWorker.java:run(236)) - 2806f773-fb5b-47a7-a55b-2ca4bfa66309-RaftLogWorker was interrupted, exiting. There are 0 tasks remaining in the queue.
2019-06-13 06:31:50,032 INFO  storage.RaftLogWorker (RaftLogWorker.java:close(168)) - 2806f773-fb5b-47a7-a55b-2ca4bfa66309-RaftLogWorker close()
2019-06-13 06:31:50,042 INFO  impl.RaftServerProxy (RaftServerProxy.java:remove(95)) - 7b27096a-6e78-469c-b4df-e0c82e228802: remove FOLLOWER group-6E3F8098BFE8 7b27096a-6e78-469c-b4df-e0c82e228802:t1, leader=58f03cb9-ed48-4728-a558-b1c45bdd0f8f, voted=58f03cb9-ed48-4728-a558-b1c45bdd0f8f, raftlog=7b27096a-6e78-469c-b4df-e0c82e228802-SegmentedRaftLog:OPENED:c79,f79,i79, conf=0: [58f03cb9-ed48-4728-a558-b1c45bdd0f8f:192.168.11.223:42381, 7b27096a-6e78-469c-b4df-e0c82e228802:192.168.11.223:42963, 2806f773-fb5b-47a7-a55b-2ca4bfa66309:192.168.11.223:46043], old=null RUNNING
2019-06-13 06:31:50,043 INFO  impl.RaftServerImpl (RaftServerImpl.java:lambda$shutdown$3(238)) - 7b27096a-6e78-469c-b4df-e0c82e228802: shutdown group-6E3F8098BFE8
2019-06-13 06:31:50,043 INFO  util.JmxRegister (JmxRegister.java:unregister(73)) - Successfully un-registered JMX Bean with object name Ratis:service=RaftServer,group=group-6E3F8098BFE8,id=7b27096a-6e78-469c-b4df-e0c82e228802
2019-06-13 06:31:50,043 INFO  impl.RoleInfo (RoleInfo.java:shutdownFollowerState(121)) - 7b27096a-6e78-469c-b4df-e0c82e228802: shutdown FollowerState
2019-06-13 06:31:50,043 INFO  impl.StateMachineUpdater (StateMachineUpdater.java:stopAndJoin(109)) - StateMachineUpdater-7b27096a-6e78-469c-b4df-e0c82e228802-group-6E3F8098BFE8: set stopIndex = 79
2019-06-13 06:31:50,043 INFO  impl.FollowerState (FollowerState.java:run(109)) - 7b27096a-6e78-469c-b4df-e0c82e228802: FollowerState was interrupted: java.lang.InterruptedException: sleep interrupted
2019-06-13 06:31:50,043 INFO  ratis.ContainerStateMachine (ContainerStateMachine.java:takeSnapshot(245)) - Taking snapshot at termIndex:(t:1, i:78)
2019-06-13 06:31:50,044 INFO  ratis.ContainerStateMachine (ContainerStateMachine.java:takeSnapshot(249)) - Taking a snapshot to file /opt/src/hadoop-ozone/tools/target/test-dir/MiniOzoneClusterImpl-bc28c6ad-f795-400c-9de3-37da91a7912e/datanode-0/data/ratis/6918c2a9-fa48-4dab-8b0e-6e3f8098bfe8/sm/snapshot.1_78
2019-06-13 06:31:50,045 INFO  impl.RaftServerImpl (ServerState.java:close(394)) - 7b27096a-6e78-469c-b4df-e0c82e228802:group-6E3F8098BFE8 closes. The last applied log index is 79
2019-06-13 06:31:50,045 INFO  storage.RaftLogWorker (RaftLogWorker.java:run(236)) - 7b27096a-6e78-469c-b4df-e0c82e228802-RaftLogWorker was interrupted, exiting. There are 0 tasks remaining in the queue.
2019-06-13 06:31:50,046 INFO  storage.RaftLogWorker (RaftLogWorker.java:close(168)) - 7b27096a-6e78-469c-b4df-e0c82e228802-RaftLogWorker close()
2019-06-13 06:31:50,049 INFO  pipeline.PipelineStateManager (PipelineStateManager.java:removePipeline(108)) - Pipeline Pipeline[ Id: 6918c2a9-fa48-4dab-8b0e-6e3f8098bfe8, Nodes: 58f03cb9-ed48-4728-a558-b1c45bdd0f8f{ip: 192.168.11.223, host: ozone-qjb4w-947491917, networkLocation: /default-rack, certSerialId: null}2806f773-fb5b-47a7-a55b-2ca4bfa66309{ip: 192.168.11.223, host: ozone-qjb4w-947491917, networkLocation: /default-rack, certSerialId: null}7b27096a-6e78-469c-b4df-e0c82e228802{ip: 192.168.11.223, host: ozone-qjb4w-947491917, networkLocation: /default-rack, certSerialId: null}, Type:RATIS, Factor:THREE, State:CLOSED] removed from db
2019-06-13 06:31:50,067 INFO  impl.RaftServerProxy (RaftServerProxy.java:addNew(89)) - 58f03cb9-ed48-4728-a558-b1c45bdd0f8f: addNew group-4558F477A1AE:[58f03cb9-ed48-4728-a558-b1c45bdd0f8f:192.168.11.223:42381, 7b27096a-6e78-469c-b4df-e0c82e228802:192.168.11.223:42963, 2806f773-fb5b-47a7-a55b-2ca4bfa66309:192.168.11.223:46043] returns group-4558F477A1AE:java.util.concurrent.CompletableFuture@5c2485fc[Not completed]
2019-06-13 06:31:50,068 INFO  impl.RaftServerImpl (RaftServerImpl.java:<init>(91)) - 58f03cb9-ed48-4728-a558-b1c45bdd0f8f: new RaftServerImpl for group-4558F477A1AE:[58f03cb9-ed48-4728-a558-b1c45bdd0f8f:192.168.11.223:42381, 7b27096a-6e78-469c-b4df-e0c82e228802:192.168.11.223:42963, 2806f773-fb5b-47a7-a55b-2ca4bfa66309:192.168.11.223:46043] with ContainerStateMachine:uninitialized
2019-06-13 06:31:50,070 INFO  server.RaftServerConfigKeys (ConfUtils.java:logGet(43)) - raft.server.rpc.timeout.min = 1s (custom)
2019-06-13 06:31:50,070 INFO  server.RaftServerConfigKeys (ConfUtils.java:logGet(43)) - raft.server.rpc.timeout.max = 1200ms (custom)
2019-06-13 06:31:50,070 INFO  server.RaftServerConfigKeys (ConfUtils.java:logGet(43)) - raft.server.rpcslowness.timeout = 120s (custom)
2019-06-13 06:31:50,071 INFO  server.RaftServerConfigKeys (ConfUtils.java:logGet(43)) - raft.server.log.appender.install.snapshot.enabled = true (default)
2019-06-13 06:31:50,071 INFO  impl.RaftServerImpl (ServerState.java:<init>(101)) - 58f03cb9-ed48-4728-a558-b1c45bdd0f8f:group-4558F477A1AE ConfigurationManager, init=-1: [58f03cb9-ed48-4728-a558-b1c45bdd0f8f:192.168.11.223:42381, 7b27096a-6e78-469c-b4df-e0c82e228802:192.168.11.223:42963, 2806f773-fb5b-47a7-a55b-2ca4bfa66309:192.168.11.223:46043], old=null, confs=<EMPTY_MAP>
2019-06-13 06:31:50,071 INFO  server.RaftServerConfigKeys (ConfUtils.java:logGet(43)) - raft.server.storage.dir = [/opt/src/hadoop-ozone/tools/target/test-dir/MiniOzoneClusterImpl-bc28c6ad-f795-400c-9de3-37da91a7912e/datanode-1/data/ratis] (custom)
2019-06-13 06:31:50,071 INFO  storage.RaftStorageDirectory (RaftStorageDirectory.java:analyzeStorage(246)) - The storage directory /opt/src/hadoop-ozone/tools/target/test-dir/MiniOzoneClusterImpl-bc28c6ad-f795-400c-9de3-37da91a7912e/datanode-1/data/ratis/cd82d4ba-c5ce-4f26-81a8-4558f477a1ae does not exist. Creating ...
2019-06-13 06:31:50,072 INFO  impl.RaftServerProxy (RaftServerProxy.java:addNew(89)) - 2806f773-fb5b-47a7-a55b-2ca4bfa66309: addNew group-4558F477A1AE:[58f03cb9-ed48-4728-a558-b1c45bdd0f8f:192.168.11.223:42381, 7b27096a-6e78-469c-b4df-e0c82e228802:192.168.11.223:42963, 2806f773-fb5b-47a7-a55b-2ca4bfa66309:192.168.11.223:46043] returns group-4558F477A1AE:java.util.concurrent.CompletableFuture@581b1aa0[Not completed]
2019-06-13 06:31:50,073 INFO  impl.RaftServerImpl (RaftServerImpl.java:<init>(91)) - 2806f773-fb5b-47a7-a55b-2ca4bfa66309: new RaftServerImpl for group-4558F477A1AE:[58f03cb9-ed48-4728-a558-b1c45bdd0f8f:192.168.11.223:42381, 7b27096a-6e78-469c-b4df-e0c82e228802:192.168.11.223:42963, 2806f773-fb5b-47a7-a55b-2ca4bfa66309:192.168.11.223:46043] with ContainerStateMachine:uninitialized
2019-06-13 06:31:50,073 INFO  server.RaftServerConfigKeys (ConfUtils.java:logGet(43)) - raft.server.rpc.timeout.min = 1s (custom)
2019-06-13 06:31:50,073 INFO  server.RaftServerConfigKeys (ConfUtils.java:logGet(43)) - raft.server.rpc.timeout.max = 1200ms (custom)
2019-06-13 06:31:50,073 INFO  server.RaftServerConfigKeys (ConfUtils.java:logGet(43)) - raft.server.rpcslowness.timeout = 120s (custom)
2019-06-13 06:31:50,073 INFO  server.RaftServerConfigKeys (ConfUtils.java:logGet(43)) - raft.server.log.appender.install.snapshot.enabled = true (default)
2019-06-13 06:31:50,073 INFO  impl.RaftServerImpl (ServerState.java:<init>(101)) - 2806f773-fb5b-47a7-a55b-2ca4bfa66309:group-4558F477A1AE ConfigurationManager, init=-1: [58f03cb9-ed48-4728-a558-b1c45bdd0f8f:192.168.11.223:42381, 7b27096a-6e78-469c-b4df-e0c82e228802:192.168.11.223:42963, 2806f773-fb5b-47a7-a55b-2ca4bfa66309:192.168.11.223:46043], old=null, confs=<EMPTY_MAP>
2019-06-13 06:31:50,074 INFO  server.RaftServerConfigKeys (ConfUtils.java:logGet(43)) - raft.server.storage.dir = [/opt/src/hadoop-ozone/tools/target/test-dir/MiniOzoneClusterImpl-bc28c6ad-f795-400c-9de3-37da91a7912e/datanode-2/data/ratis] (custom)
2019-06-13 06:31:50,074 INFO  storage.RaftStorageDirectory (RaftStorageDirectory.java:tryLock(328)) - Lock on /opt/src/hadoop-ozone/tools/target/test-dir/MiniOzoneClusterImpl-bc28c6ad-f795-400c-9de3-37da91a7912e/datanode-1/data/ratis/cd82d4ba-c5ce-4f26-81a8-4558f477a1ae/in_use.lock acquired by nodename 30823@ozone-qjb4w-947491917
2019-06-13 06:31:50,075 INFO  storage.RaftStorageDirectory (RaftStorageDirectory.java:analyzeStorage(246)) - The storage directory /opt/src/hadoop-ozone/tools/target/test-dir/MiniOzoneClusterImpl-bc28c6ad-f795-400c-9de3-37da91a7912e/datanode-2/data/ratis/cd82d4ba-c5ce-4f26-81a8-4558f477a1ae does not exist. Creating ...
2019-06-13 06:31:50,077 INFO  storage.RaftStorageDirectory (RaftStorageDirectory.java:tryLock(328)) - Lock on /opt/src/hadoop-ozone/tools/target/test-dir/MiniOzoneClusterImpl-bc28c6ad-f795-400c-9de3-37da91a7912e/datanode-2/data/ratis/cd82d4ba-c5ce-4f26-81a8-4558f477a1ae/in_use.lock acquired by nodename 30823@ozone-qjb4w-947491917
2019-06-13 06:31:50,077 INFO  storage.RaftStorage (RaftStorage.java:format(75)) - Storage directory /opt/src/hadoop-ozone/tools/target/test-dir/MiniOzoneClusterImpl-bc28c6ad-f795-400c-9de3-37da91a7912e/datanode-1/data/ratis/cd82d4ba-c5ce-4f26-81a8-4558f477a1ae has been successfully formatted.
2019-06-13 06:31:50,077 INFO  ratis.ContainerStateMachine (ContainerStateMachine.java:loadSnapshot(199)) - The snapshot info is null.Setting the last applied index to:(t:0, i:~)
2019-06-13 06:31:50,077 INFO  server.RaftServerConfigKeys (ConfUtils.java:logGet(43)) - raft.server.leader.election.timeout = 120s (custom)
2019-06-13 06:31:50,078 INFO  server.RaftServerConfigKeys (ConfUtils.java:logGet(43)) - raft.server.log.use.memory = false (default)
2019-06-13 06:31:50,078 INFO  server.RaftServerConfigKeys (ConfUtils.java:logGet(43)) - raft.server.log.appender.buffer.byte-limit = 33554432 (custom)
2019-06-13 06:31:50,078 INFO  server.RaftServerConfigKeys (ConfUtils.java:logGet(43)) - raft.server.log.segment.size.max = 16384 (custom)
2019-06-13 06:31:50,078 INFO  server.RaftServerConfigKeys (ConfUtils.java:logGet(43)) - raft.server.log.segment.cache.num.max = 2 (custom)
2019-06-13 06:31:50,078 INFO  storage.RaftLogWorker (RaftLogWorker.java:<init>(123)) - new 58f03cb9-ed48-4728-a558-b1c45bdd0f8f-RaftLogWorker for Storage Directory /opt/src/hadoop-ozone/tools/target/test-dir/MiniOzoneClusterImpl-bc28c6ad-f795-400c-9de3-37da91a7912e/datanode-1/data/ratis/cd82d4ba-c5ce-4f26-81a8-4558f477a1ae
2019-06-13 06:31:50,078 INFO  server.RaftServerConfigKeys (ConfUtils.java:logGet(43)) - raft.server.log.queue.byte-limit = 2147483647 (custom)
2019-06-13 06:31:50,078 INFO  server.RaftServerConfigKeys (ConfUtils.java:logGet(43)) - raft.server.log.queue.element-limit = 1024 (custom)
2019-06-13 06:31:50,078 INFO  server.RaftServerConfigKeys (ConfUtils.java:logGet(43)) - raft.server.log.segment.size.max = 16384 (custom)
2019-06-13 06:31:50,078 INFO  server.RaftServerConfigKeys (ConfUtils.java:logGet(43)) - raft.server.log.preallocated.size = 16384 (custom)
2019-06-13 06:31:50,078 INFO  server.RaftServerConfigKeys (ConfUtils.java:logGet(43)) - raft.server.log.write.buffer.size = 33554432 (custom)
2019-06-13 06:31:50,079 INFO  server.RaftServerConfigKeys (ConfUtils.java:logGet(43)) - raft.server.log.force.sync.num = 128 (default)
2019-06-13 06:31:50,079 INFO  server.RaftServerConfigKeys (ConfUtils.java:logGet(43)) - raft.server.log.statemachine.data.sync = true (default)
2019-06-13 06:31:50,079 INFO  server.RaftServerConfigKeys (ConfUtils.java:logGet(43)) - raft.server.log.statemachine.data.sync.timeout = 10s (default)
2019-06-13 06:31:50,079 INFO  server.RaftServerConfigKeys (ConfUtils.java:logGet(43)) - raft.server.log.statemachine.data.sync.timeout.retry = -1 (default)
2019-06-13 06:31:50,079 INFO  server.RaftServerConfigKeys (ConfUtils.java:logGet(43)) - raft.server.log.statemachine.data.caching.enabled = true (custom)
2019-06-13 06:31:50,079 INFO  storage.RaftStorage (RaftStorage.java:format(75)) - Storage directory /opt/src/hadoop-ozone/tools/target/test-dir/MiniOzoneClusterImpl-bc28c6ad-f795-400c-9de3-37da91a7912e/datanode-2/data/ratis/cd82d4ba-c5ce-4f26-81a8-4558f477a1ae has been successfully formatted.
2019-06-13 06:31:50,080 INFO  ratis.ContainerStateMachine (ContainerStateMachine.java:loadSnapshot(199)) - The snapshot info is null.Setting the last applied index to:(t:0, i:~)
2019-06-13 06:31:50,080 INFO  server.RaftServerConfigKeys (ConfUtils.java:logGet(43)) - raft.server.leader.election.timeout = 120s (custom)
2019-06-13 06:31:50,080 INFO  server.RaftServerConfigKeys (ConfUtils.java:logGet(43)) - raft.server.log.use.memory = false (default)
2019-06-13 06:31:50,080 INFO  server.RaftServerConfigKeys (ConfUtils.java:logGet(43)) - raft.server.log.appender.buffer.byte-limit = 33554432 (custom)
2019-06-13 06:31:50,080 INFO  server.RaftServerConfigKeys (ConfUtils.java:logGet(43)) - raft.server.log.segment.size.max = 16384 (custom)
2019-06-13 06:31:50,080 INFO  server.RaftServerConfigKeys (ConfUtils.java:logGet(43)) - raft.server.log.segment.cache.num.max = 2 (custom)
2019-06-13 06:31:50,080 INFO  storage.RaftLogWorker (RaftLogWorker.java:<init>(123)) - new 2806f773-fb5b-47a7-a55b-2ca4bfa66309-RaftLogWorker for Storage Directory /opt/src/hadoop-ozone/tools/target/test-dir/MiniOzoneClusterImpl-bc28c6ad-f795-400c-9de3-37da91a7912e/datanode-2/data/ratis/cd82d4ba-c5ce-4f26-81a8-4558f477a1ae
2019-06-13 06:31:50,081 INFO  server.RaftServerConfigKeys (ConfUtils.java:logGet(43)) - raft.server.log.queue.byte-limit = 2147483647 (custom)
2019-06-13 06:31:50,081 INFO  server.RaftServerConfigKeys (ConfUtils.java:logGet(43)) - raft.server.log.queue.element-limit = 1024 (custom)
2019-06-13 06:31:50,081 INFO  server.RaftServerConfigKeys (ConfUtils.java:logGet(43)) - raft.server.log.segment.size.max = 16384 (custom)
2019-06-13 06:31:50,081 INFO  server.RaftServerConfigKeys (ConfUtils.java:logGet(43)) - raft.server.log.preallocated.size = 16384 (custom)
2019-06-13 06:31:50,081 INFO  server.RaftServerConfigKeys (ConfUtils.java:logGet(43)) - raft.server.log.write.buffer.size = 33554432 (custom)
2019-06-13 06:31:50,081 INFO  server.RaftServerConfigKeys (ConfUtils.java:logGet(43)) - raft.server.log.force.sync.num = 128 (default)
2019-06-13 06:31:50,081 INFO  server.RaftServerConfigKeys (ConfUtils.java:logGet(43)) - raft.server.log.statemachine.data.sync = true (default)
2019-06-13 06:31:50,081 INFO  server.RaftServerConfigKeys (ConfUtils.java:logGet(43)) - raft.server.log.statemachine.data.sync.timeout = 10s (default)
2019-06-13 06:31:50,082 INFO  server.RaftServerConfigKeys (ConfUtils.java:logGet(43)) - raft.server.log.statemachine.data.sync.timeout.retry = -1 (default)
2019-06-13 06:31:50,083 INFO  server.RaftServerConfigKeys (ConfUtils.java:logGet(43)) - raft.server.log.statemachine.data.caching.enabled = true (custom)
2019-06-13 06:31:50,083 INFO  server.RaftServerConfigKeys (ConfUtils.java:logGet(43)) - raft.server.snapshot.auto.trigger.enabled = true (custom)
2019-06-13 06:31:50,083 INFO  server.RaftServerConfigKeys (ConfUtils.java:logGet(43)) - raft.server.snapshot.auto.trigger.threshold = 10000 (custom)
2019-06-13 06:31:50,087 INFO  server.RaftServerConfigKeys (ConfUtils.java:logGet(43)) - raft.server.retrycache.expirytime = 600000ms (custom)
2019-06-13 06:31:50,087 INFO  impl.RaftServerProxy (RaftServerProxy.java:addNew(89)) - 7b27096a-6e78-469c-b4df-e0c82e228802: addNew group-4558F477A1AE:[58f03cb9-ed48-4728-a558-b1c45bdd0f8f:192.168.11.223:42381, 7b27096a-6e78-469c-b4df-e0c82e228802:192.168.11.223:42963, 2806f773-fb5b-47a7-a55b-2ca4bfa66309:192.168.11.223:46043] returns group-4558F477A1AE:java.util.concurrent.CompletableFuture@543d0045[Not completed]
2019-06-13 06:31:50,087 INFO  impl.RaftServerImpl (RaftServerImpl.java:start(173)) - 58f03cb9-ed48-4728-a558-b1c45bdd0f8f: start group-4558F477A1AE
2019-06-13 06:31:50,088 INFO  impl.RaftServerImpl (RaftServerImpl.java:setRole(164)) - 58f03cb9-ed48-4728-a558-b1c45bdd0f8f:group-4558F477A1AE changes role from null to FOLLOWER at term 0 for startAsFollower
2019-06-13 06:31:50,088 INFO  impl.RoleInfo (RoleInfo.java:updateAndGet(143)) - 58f03cb9-ed48-4728-a558-b1c45bdd0f8f: start FollowerState
2019-06-13 06:31:50,088 INFO  impl.RaftServerImpl (RaftServerImpl.java:<init>(91)) - 7b27096a-6e78-469c-b4df-e0c82e228802: new RaftServerImpl for group-4558F477A1AE:[58f03cb9-ed48-4728-a558-b1c45bdd0f8f:192.168.11.223:42381, 7b27096a-6e78-469c-b4df-e0c82e228802:192.168.11.223:42963, 2806f773-fb5b-47a7-a55b-2ca4bfa66309:192.168.11.223:46043] with ContainerStateMachine:uninitialized
2019-06-13 06:31:50,088 INFO  server.RaftServerConfigKeys (ConfUtils.java:logGet(43)) - raft.server.rpc.timeout.min = 1s (custom)
2019-06-13 06:31:50,088 INFO  server.RaftServerConfigKeys (ConfUtils.java:logGet(43)) - raft.server.rpc.timeout.max = 1200ms (custom)
2019-06-13 06:31:50,088 INFO  server.RaftServerConfigKeys (ConfUtils.java:logGet(43)) - raft.server.rpcslowness.timeout = 120s (custom)
2019-06-13 06:31:50,088 INFO  server.RaftServerConfigKeys (ConfUtils.java:logGet(43)) - raft.server.log.appender.install.snapshot.enabled = true (default)
2019-06-13 06:31:50,089 INFO  impl.RaftServerImpl (ServerState.java:<init>(101)) - 7b27096a-6e78-469c-b4df-e0c82e228802:group-4558F477A1AE ConfigurationManager, init=-1: [58f03cb9-ed48-4728-a558-b1c45bdd0f8f:192.168.11.223:42381, 7b27096a-6e78-469c-b4df-e0c82e228802:192.168.11.223:42963, 2806f773-fb5b-47a7-a55b-2ca4bfa66309:192.168.11.223:46043], old=null, confs=<EMPTY_MAP>
2019-06-13 06:31:50,089 INFO  server.RaftServerConfigKeys (ConfUtils.java:logGet(43)) - raft.server.storage.dir = [/opt/src/hadoop-ozone/tools/target/test-dir/MiniOzoneClusterImpl-bc28c6ad-f795-400c-9de3-37da91a7912e/datanode-0/data/ratis] (custom)
2019-06-13 06:31:50,089 INFO  storage.RaftStorageDirectory (RaftStorageDirectory.java:analyzeStorage(246)) - The storage directory /opt/src/hadoop-ozone/tools/target/test-dir/MiniOzoneClusterImpl-bc28c6ad-f795-400c-9de3-37da91a7912e/datanode-0/data/ratis/cd82d4ba-c5ce-4f26-81a8-4558f477a1ae does not exist. Creating ...
2019-06-13 06:31:50,089 INFO  util.JmxRegister (JmxRegister.java:tryRegister(44)) - Successfully registered JMX Bean with object name Ratis:service=RaftServer,group=group-4558F477A1AE,id=58f03cb9-ed48-4728-a558-b1c45bdd0f8f
2019-06-13 06:31:50,090 INFO  server.RaftServerConfigKeys (ConfUtils.java:logGet(43)) - raft.server.snapshot.auto.trigger.enabled = true (custom)
2019-06-13 06:31:50,090 INFO  server.RaftServerConfigKeys (ConfUtils.java:logGet(43)) - raft.server.snapshot.auto.trigger.threshold = 10000 (custom)
2019-06-13 06:31:50,090 INFO  server.RaftServerConfigKeys (ConfUtils.java:logGet(43)) - raft.server.retrycache.expirytime = 600000ms (custom)
2019-06-13 06:31:50,090 INFO  impl.RaftServerImpl (RaftServerImpl.java:start(173)) - 2806f773-fb5b-47a7-a55b-2ca4bfa66309: start group-4558F477A1AE
2019-06-13 06:31:50,090 INFO  impl.RaftServerImpl (RaftServerImpl.java:setRole(164)) - 2806f773-fb5b-47a7-a55b-2ca4bfa66309:group-4558F477A1AE changes role from null to FOLLOWER at term 0 for startAsFollower
2019-06-13 06:31:50,091 INFO  impl.RoleInfo (RoleInfo.java:updateAndGet(143)) - 2806f773-fb5b-47a7-a55b-2ca4bfa66309: start FollowerState
2019-06-13 06:31:50,091 INFO  storage.RaftStorageDirectory (RaftStorageDirectory.java:tryLock(328)) - Lock on /opt/src/hadoop-ozone/tools/target/test-dir/MiniOzoneClusterImpl-bc28c6ad-f795-400c-9de3-37da91a7912e/datanode-0/data/ratis/cd82d4ba-c5ce-4f26-81a8-4558f477a1ae/in_use.lock acquired by nodename 30823@ozone-qjb4w-947491917
2019-06-13 06:31:50,093 INFO  storage.RaftStorage (RaftStorage.java:format(75)) - Storage directory /opt/src/hadoop-ozone/tools/target/test-dir/MiniOzoneClusterImpl-bc28c6ad-f795-400c-9de3-37da91a7912e/datanode-0/data/ratis/cd82d4ba-c5ce-4f26-81a8-4558f477a1ae has been successfully formatted.
2019-06-13 06:31:50,093 INFO  ratis.ContainerStateMachine (ContainerStateMachine.java:loadSnapshot(199)) - The snapshot info is null.Setting the last applied index to:(t:0, i:~)
2019-06-13 06:31:50,093 INFO  server.RaftServerConfigKeys (ConfUtils.java:logGet(43)) - raft.server.leader.election.timeout = 120s (custom)
2019-06-13 06:31:50,093 INFO  server.RaftServerConfigKeys (ConfUtils.java:logGet(43)) - raft.server.log.use.memory = false (default)
2019-06-13 06:31:50,093 INFO  server.RaftServerConfigKeys (ConfUtils.java:logGet(43)) - raft.server.log.appender.buffer.byte-limit = 33554432 (custom)
2019-06-13 06:31:50,093 INFO  server.RaftServerConfigKeys (ConfUtils.java:logGet(43)) - raft.server.log.segment.size.max = 16384 (custom)
2019-06-13 06:31:50,094 INFO  server.RaftServerConfigKeys (ConfUtils.java:logGet(43)) - raft.server.log.segment.cache.num.max = 2 (custom)
2019-06-13 06:31:50,094 INFO  storage.RaftLogWorker (RaftLogWorker.java:<init>(123)) - new 7b27096a-6e78-469c-b4df-e0c82e228802-RaftLogWorker for Storage Directory /opt/src/hadoop-ozone/tools/target/test-dir/MiniOzoneClusterImpl-bc28c6ad-f795-400c-9de3-37da91a7912e/datanode-0/data/ratis/cd82d4ba-c5ce-4f26-81a8-4558f477a1ae
2019-06-13 06:31:50,094 INFO  server.RaftServerConfigKeys (ConfUtils.java:logGet(43)) - raft.server.log.queue.byte-limit = 2147483647 (custom)
2019-06-13 06:31:50,094 INFO  server.RaftServerConfigKeys (ConfUtils.java:logGet(43)) - raft.server.log.queue.element-limit = 1024 (custom)
2019-06-13 06:31:50,094 INFO  server.RaftServerConfigKeys (ConfUtils.java:logGet(43)) - raft.server.log.segment.size.max = 16384 (custom)
2019-06-13 06:31:50,094 INFO  server.RaftServerConfigKeys (ConfUtils.java:logGet(43)) - raft.server.log.preallocated.size = 16384 (custom)
2019-06-13 06:31:50,094 INFO  server.RaftServerConfigKeys (ConfUtils.java:logGet(43)) - raft.server.log.write.buffer.size = 33554432 (custom)
2019-06-13 06:31:50,094 INFO  server.RaftServerConfigKeys (ConfUtils.java:logGet(43)) - raft.server.log.force.sync.num = 128 (default)
2019-06-13 06:31:50,094 INFO  server.RaftServerConfigKeys (ConfUtils.java:logGet(43)) - raft.server.log.statemachine.data.sync = true (default)
2019-06-13 06:31:50,094 INFO  server.RaftServerConfigKeys (ConfUtils.java:logGet(43)) - raft.server.log.statemachine.data.sync.timeout = 10s (default)
2019-06-13 06:31:50,094 INFO  server.RaftServerConfigKeys (ConfUtils.java:logGet(43)) - raft.server.log.statemachine.data.sync.timeout.retry = -1 (default)
2019-06-13 06:31:50,095 INFO  server.RaftServerConfigKeys (ConfUtils.java:logGet(43)) - raft.server.log.statemachine.data.caching.enabled = true (custom)
2019-06-13 06:31:50,095 INFO  util.JmxRegister (JmxRegister.java:tryRegister(44)) - Successfully registered JMX Bean with object name Ratis:service=RaftServer,group=group-4558F477A1AE,id=2806f773-fb5b-47a7-a55b-2ca4bfa66309
2019-06-13 06:31:50,099 INFO  server.RaftServerConfigKeys (ConfUtils.java:logGet(43)) - raft.server.snapshot.auto.trigger.enabled = true (custom)
2019-06-13 06:31:50,099 INFO  server.RaftServerConfigKeys (ConfUtils.java:logGet(43)) - raft.server.snapshot.auto.trigger.threshold = 10000 (custom)
2019-06-13 06:31:50,099 INFO  server.RaftServerConfigKeys (ConfUtils.java:logGet(43)) - raft.server.retrycache.expirytime = 600000ms (custom)
2019-06-13 06:31:50,099 INFO  impl.RaftServerImpl (RaftServerImpl.java:start(173)) - 7b27096a-6e78-469c-b4df-e0c82e228802: start group-4558F477A1AE
2019-06-13 06:31:50,099 INFO  impl.RaftServerImpl (RaftServerImpl.java:setRole(164)) - 7b27096a-6e78-469c-b4df-e0c82e228802:group-4558F477A1AE changes role from null to FOLLOWER at term 0 for startAsFollower
2019-06-13 06:31:50,099 INFO  impl.RoleInfo (RoleInfo.java:updateAndGet(143)) - 7b27096a-6e78-469c-b4df-e0c82e228802: start FollowerState
2019-06-13 06:31:50,100 INFO  util.JmxRegister (JmxRegister.java:tryRegister(44)) - Successfully registered JMX Bean with object name Ratis:service=RaftServer,group=group-4558F477A1AE,id=7b27096a-6e78-469c-b4df-e0c82e228802
2019-06-13 06:31:50,112 INFO  pipeline.PipelineStateManager (PipelineStateManager.java:addPipeline(56)) - Created pipeline Pipeline[ Id: cd82d4ba-c5ce-4f26-81a8-4558f477a1ae, Nodes: 58f03cb9-ed48-4728-a558-b1c45bdd0f8f{ip: 192.168.11.223, host: ozone-qjb4w-947491917, networkLocation: /default-rack, certSerialId: null}2806f773-fb5b-47a7-a55b-2ca4bfa66309{ip: 192.168.11.223, host: ozone-qjb4w-947491917, networkLocation: /default-rack, certSerialId: null}7b27096a-6e78-469c-b4df-e0c82e228802{ip: 192.168.11.223, host: ozone-qjb4w-947491917, networkLocation: /default-rack, certSerialId: null}, Type:RATIS, Factor:THREE, State:OPEN]
2019-06-13 06:31:50,144 INFO  freon.RandomKeyGenerator (RandomKeyGenerator.java:call(261)) - Number of Threads: 10
2019-06-13 06:31:50,144 INFO  freon.RandomKeyGenerator (RandomKeyGenerator.java:call(267)) - Number of Volumes: 1.
2019-06-13 06:31:50,144 INFO  freon.RandomKeyGenerator (RandomKeyGenerator.java:call(268)) - Number of Buckets per Volume: 1.
2019-06-13 06:31:50,144 INFO  freon.RandomKeyGenerator (RandomKeyGenerator.java:call(269)) - Number of Keys per Bucket: 1.
2019-06-13 06:31:50,144 INFO  freon.RandomKeyGenerator (RandomKeyGenerator.java:call(270)) - Key size: 20971520 bytes
2019-06-13 06:31:50,144 INFO  freon.RandomKeyGenerator (RandomKeyGenerator.java:call(271)) - Buffer size: 4096 bytes
2019-06-13 06:31:50,145 INFO  freon.RandomKeyGenerator (RandomKeyGenerator.java:call(287)) - Data validation is enabled.
2019-06-13 06:31:50,145 INFO  freon.RandomKeyGenerator (RandomKeyGenerator.java:call(300)) - Starting progress bar Thread.

 0.00% |█                                                                                                    |  0/1 Time: 0:00:002019-06-13 06:31:50,145 INFO  rpc.RpcClient (RpcClient.java:createVolume(289)) - Creating Volume: vol-0-65140, with root as owner.
2019-06-13 06:31:50,154 INFO  rpc.RpcClient (RpcClient.java:createBucket(426)) - Creating Bucket: vol-0-65140/bucket-0-05333, with Versioning false and Storage Type set to DISK and Encryption set to false 
2019-06-13 06:31:50,185 INFO  client.GrpcClientProtocolClient (GrpcClientProtocolClient.java:onNext(254)) - client-2320E86F20C9->58f03cb9-ed48-4728-a558-b1c45bdd0f8f: receive RaftClientReply:client-2320E86F20C9->58f03cb9-ed48-4728-a558-b1c45bdd0f8f@group-4558F477A1AE, cid=57, FAILED org.apache.ratis.protocol.NotLeaderException: Server 58f03cb9-ed48-4728-a558-b1c45bdd0f8f is not the leader (2806f773-fb5b-47a7-a55b-2ca4bfa66309:192.168.11.223:46043). Request must be sent to leader., logIndex=0, commits[58f03cb9-ed48-4728-a558-b1c45bdd0f8f:c-1]
2019-06-13 06:31:50,190 WARN  client.GrpcClientProtocolService (LogUtils.java:warn(134)) - 2-OrderedRequestStreamObserver2: onError: org.apache.ratis.thirdparty.io.grpc.StatusRuntimeException: CANCELLED: cancelled before receiving half close
2019-06-13 06:31:51,103 INFO  impl.FollowerState (FollowerState.java:run(101)) - 2806f773-fb5b-47a7-a55b-2ca4bfa66309:group-4558F477A1AE changes to CANDIDATE, lastRpcTime:1012, electionTimeout:1008ms
2019-06-13 06:31:51,104 INFO  impl.RoleInfo (RoleInfo.java:shutdownFollowerState(121)) - 2806f773-fb5b-47a7-a55b-2ca4bfa66309: shutdown FollowerState
2019-06-13 06:31:51,104 INFO  impl.RaftServerImpl (RaftServerImpl.java:setRole(164)) - 2806f773-fb5b-47a7-a55b-2ca4bfa66309:group-4558F477A1AE changes role from FOLLOWER to CANDIDATE at term 0 for changeToCandidate
2019-06-13 06:31:51,104 INFO  impl.RoleInfo (RoleInfo.java:updateAndGet(143)) - 2806f773-fb5b-47a7-a55b-2ca4bfa66309: start LeaderElection
2019-06-13 06:31:51,110 INFO  impl.LeaderElection (LeaderElection.java:askForVotes(181)) - 2806f773-fb5b-47a7-a55b-2ca4bfa66309:group-4558F477A1AE:LeaderElection7: begin an election at term 1 for -1: [58f03cb9-ed48-4728-a558-b1c45bdd0f8f:192.168.11.223:42381, 7b27096a-6e78-469c-b4df-e0c82e228802:192.168.11.223:42963, 2806f773-fb5b-47a7-a55b-2ca4bfa66309:192.168.11.223:46043], old=null
2019-06-13 06:31:51,113 INFO  impl.RaftServerImpl (RaftServerImpl.java:setRole(164)) - 58f03cb9-ed48-4728-a558-b1c45bdd0f8f:group-4558F477A1AE changes role from FOLLOWER to FOLLOWER at term 1 for recognizeCandidate:2806f773-fb5b-47a7-a55b-2ca4bfa66309
2019-06-13 06:31:51,113 INFO  impl.RoleInfo (RoleInfo.java:shutdownFollowerState(121)) - 58f03cb9-ed48-4728-a558-b1c45bdd0f8f: shutdown FollowerState
2019-06-13 06:31:51,114 INFO  impl.RoleInfo (RoleInfo.java:updateAndGet(143)) - 58f03cb9-ed48-4728-a558-b1c45bdd0f8f: start FollowerState
2019-06-13 06:31:51,114 INFO  impl.FollowerState (FollowerState.java:run(109)) - 58f03cb9-ed48-4728-a558-b1c45bdd0f8f: FollowerState was interrupted: java.lang.InterruptedException: sleep interrupted
2019-06-13 06:31:51,114 INFO  impl.RaftServerImpl (RaftServerImpl.java:setRole(164)) - 7b27096a-6e78-469c-b4df-e0c82e228802:group-4558F477A1AE changes role from FOLLOWER to FOLLOWER at term 1 for recognizeCandidate:2806f773-fb5b-47a7-a55b-2ca4bfa66309
2019-06-13 06:31:51,114 INFO  impl.RoleInfo (RoleInfo.java:shutdownFollowerState(121)) - 7b27096a-6e78-469c-b4df-e0c82e228802: shutdown FollowerState
2019-06-13 06:31:51,115 INFO  impl.FollowerState (FollowerState.java:run(109)) - 7b27096a-6e78-469c-b4df-e0c82e228802: FollowerState was interrupted: java.lang.InterruptedException: sleep interrupted
2019-06-13 06:31:51,115 INFO  impl.RoleInfo (RoleInfo.java:updateAndGet(143)) - 7b27096a-6e78-469c-b4df-e0c82e228802: start FollowerState
2019-06-13 06:31:51,117 INFO  impl.LeaderElection (LeaderElection.java:logAndReturn(56)) - 2806f773-fb5b-47a7-a55b-2ca4bfa66309:group-4558F477A1AE:LeaderElection7: Election PASSED; received 1 response(s) [2806f773-fb5b-47a7-a55b-2ca4bfa66309->58f03cb9-ed48-4728-a558-b1c45bdd0f8f,true-t1] and 0 exception(s); 2806f773-fb5b-47a7-a55b-2ca4bfa66309:t1, leader=null, voted=2806f773-fb5b-47a7-a55b-2ca4bfa66309, raftlog=2806f773-fb5b-47a7-a55b-2ca4bfa66309-SegmentedRaftLog:OPENED:c-1,f-1,i0, conf=-1: [58f03cb9-ed48-4728-a558-b1c45bdd0f8f:192.168.11.223:42381, 7b27096a-6e78-469c-b4df-e0c82e228802:192.168.11.223:42963, 2806f773-fb5b-47a7-a55b-2ca4bfa66309:192.168.11.223:46043], old=null
2019-06-13 06:31:51,117 INFO  impl.RoleInfo (RoleInfo.java:shutdownLeaderElection(134)) - 2806f773-fb5b-47a7-a55b-2ca4bfa66309: shutdown LeaderElection
2019-06-13 06:31:51,117 INFO  impl.RaftServerImpl (RaftServerImpl.java:setRole(164)) - 2806f773-fb5b-47a7-a55b-2ca4bfa66309:group-4558F477A1AE changes role from CANDIDATE to LEADER at term 1 for changeToLeader
2019-06-13 06:31:51,117 INFO  impl.RaftServerImpl (ServerState.java:setLeader(263)) - 2806f773-fb5b-47a7-a55b-2ca4bfa66309:group-4558F477A1AE change Leader from null to 2806f773-fb5b-47a7-a55b-2ca4bfa66309 at term 1 for becomeLeader, leader elected after 1037ms
2019-06-13 06:31:51,117 INFO  server.RaftServerConfigKeys (ConfUtils.java:logGet(43)) - raft.server.staging.catchup.gap = 1000 (default)
2019-06-13 06:31:51,117 INFO  server.RaftServerConfigKeys (ConfUtils.java:logGet(43)) - raft.server.rpc.sleep.time = 25ms (default)
2019-06-13 06:31:51,118 INFO  server.RaftServerConfigKeys (ConfUtils.java:logGet(43)) - raft.server.watch.timeout = 10s (default)
2019-06-13 06:31:51,118 INFO  server.RaftServerConfigKeys (ConfUtils.java:logGet(43)) - raft.server.watch.timeout.denomination = 1s (default)
2019-06-13 06:31:51,118 INFO  server.RaftServerConfigKeys (ConfUtils.java:logGet(43)) - raft.server.log.appender.snapshot.chunk.size.max = 16MB (=16777216) (default)
2019-06-13 06:31:51,119 INFO  server.RaftServerConfigKeys (ConfUtils.java:logGet(43)) - raft.server.log.appender.buffer.byte-limit = 33554432 (custom)
2019-06-13 06:31:51,119 INFO  server.RaftServerConfigKeys (ConfUtils.java:logGet(43)) - raft.server.log.appender.buffer.element-limit = 1 (custom)
2019-06-13 06:31:51,119 INFO  grpc.GrpcConfigKeys$Server (ConfUtils.java:logGet(43)) - raft.grpc.server.leader.outstanding.appends.max = 128 (default)
2019-06-13 06:31:51,119 INFO  server.RaftServerConfigKeys (ConfUtils.java:logGet(43)) - raft.server.rpc.request.timeout = 3000ms (default)
2019-06-13 06:31:51,119 INFO  server.RaftServerConfigKeys (ConfUtils.java:logGet(43)) - raft.server.log.appender.install.snapshot.enabled = true (default)
2019-06-13 06:31:51,119 INFO  server.RaftServerConfigKeys (ConfUtils.java:logGet(43)) - raft.server.log.appender.snapshot.chunk.size.max = 16MB (=16777216) (default)
2019-06-13 06:31:51,119 INFO  server.RaftServerConfigKeys (ConfUtils.java:logGet(43)) - raft.server.log.appender.buffer.byte-limit = 33554432 (custom)
2019-06-13 06:31:51,119 INFO  server.RaftServerConfigKeys (ConfUtils.java:logGet(43)) - raft.server.log.appender.buffer.element-limit = 1 (custom)
2019-06-13 06:31:51,119 INFO  grpc.GrpcConfigKeys$Server (ConfUtils.java:logGet(43)) - raft.grpc.server.leader.outstanding.appends.max = 128 (default)
2019-06-13 06:31:51,119 INFO  server.RaftServerConfigKeys (ConfUtils.java:logGet(43)) - raft.server.rpc.request.timeout = 3000ms (default)
2019-06-13 06:31:51,120 INFO  server.RaftServerConfigKeys (ConfUtils.java:logGet(43)) - raft.server.log.appender.install.snapshot.enabled = true (default)
2019-06-13 06:31:51,120 INFO  impl.RoleInfo (RoleInfo.java:updateAndGet(143)) - 2806f773-fb5b-47a7-a55b-2ca4bfa66309: start LeaderState
2019-06-13 06:31:51,120 INFO  storage.RaftLogWorker (RaftLogWorker.java:startLogSegment(298)) - 2806f773-fb5b-47a7-a55b-2ca4bfa66309-RaftLogWorker: Starting segment from index:0
 0.00% |█                                                                                                    |  0/1 Time: 0:00:012019-06-13 06:31:51,141 INFO  impl.RaftServerImpl (ServerState.java:setRaftConf(361)) - 2806f773-fb5b-47a7-a55b-2ca4bfa66309:group-4558F477A1AE set configuration 0: [58f03cb9-ed48-4728-a558-b1c45bdd0f8f:192.168.11.223:42381, 7b27096a-6e78-469c-b4df-e0c82e228802:192.168.11.223:42963, 2806f773-fb5b-47a7-a55b-2ca4bfa66309:192.168.11.223:46043], old=null at 0
2019-06-13 06:31:51,157 INFO  impl.RaftServerImpl (ServerState.java:setLeader(263)) - 58f03cb9-ed48-4728-a558-b1c45bdd0f8f:group-4558F477A1AE change Leader from null to 2806f773-fb5b-47a7-a55b-2ca4bfa66309 at term 1 for appendEntries, leader elected after 1079ms
2019-06-13 06:31:51,159 INFO  storage.RaftLogWorker (RaftLogWorker.java:execute(469)) - 2806f773-fb5b-47a7-a55b-2ca4bfa66309-RaftLogWorker: created new log segment /opt/src/hadoop-ozone/tools/target/test-dir/MiniOzoneClusterImpl-bc28c6ad-f795-400c-9de3-37da91a7912e/datanode-2/data/ratis/cd82d4ba-c5ce-4f26-81a8-4558f477a1ae/current/log_inprogress_0
2019-06-13 06:31:51,164 INFO  impl.RaftServerImpl (ServerState.java:setLeader(263)) - 7b27096a-6e78-469c-b4df-e0c82e228802:group-4558F477A1AE change Leader from null to 2806f773-fb5b-47a7-a55b-2ca4bfa66309 at term 1 for appendEntries, leader elected after 1070ms
2019-06-13 06:31:51,164 INFO  impl.RaftServerImpl (ServerState.java:setRaftConf(361)) - 58f03cb9-ed48-4728-a558-b1c45bdd0f8f:group-4558F477A1AE set configuration 0: [58f03cb9-ed48-4728-a558-b1c45bdd0f8f:192.168.11.223:42381, 7b27096a-6e78-469c-b4df-e0c82e228802:192.168.11.223:42963, 2806f773-fb5b-47a7-a55b-2ca4bfa66309:192.168.11.223:46043], old=null at 0
2019-06-13 06:31:51,165 INFO  storage.RaftLogWorker (RaftLogWorker.java:startLogSegment(298)) - 58f03cb9-ed48-4728-a558-b1c45bdd0f8f-RaftLogWorker: Starting segment from index:0
2019-06-13 06:31:51,166 INFO  impl.RaftServerImpl (ServerState.java:setRaftConf(361)) - 7b27096a-6e78-469c-b4df-e0c82e228802:group-4558F477A1AE set configuration 0: [58f03cb9-ed48-4728-a558-b1c45bdd0f8f:192.168.11.223:42381, 7b27096a-6e78-469c-b4df-e0c82e228802:192.168.11.223:42963, 2806f773-fb5b-47a7-a55b-2ca4bfa66309:192.168.11.223:46043], old=null at 0
2019-06-13 06:31:51,166 INFO  storage.RaftLogWorker (RaftLogWorker.java:startLogSegment(298)) - 7b27096a-6e78-469c-b4df-e0c82e228802-RaftLogWorker: Starting segment from index:0
2019-06-13 06:31:51,211 INFO  storage.RaftLogWorker (RaftLogWorker.java:execute(469)) - 7b27096a-6e78-469c-b4df-e0c82e228802-RaftLogWorker: created new log segment /opt/src/hadoop-ozone/tools/target/test-dir/MiniOzoneClusterImpl-bc28c6ad-f795-400c-9de3-37da91a7912e/datanode-0/data/ratis/cd82d4ba-c5ce-4f26-81a8-4558f477a1ae/current/log_inprogress_0
2019-06-13 06:31:51,214 INFO  storage.RaftLogWorker (RaftLogWorker.java:execute(469)) - 58f03cb9-ed48-4728-a558-b1c45bdd0f8f-RaftLogWorker: created new log segment /opt/src/hadoop-ozone/tools/target/test-dir/MiniOzoneClusterImpl-bc28c6ad-f795-400c-9de3-37da91a7912e/datanode-1/data/ratis/cd82d4ba-c5ce-4f26-81a8-4558f477a1ae/current/log_inprogress_0
2019-06-13 06:31:51,273 INFO  client.GrpcClientProtocolClient (GrpcClientProtocolClient.java:onNext(254)) - client-2320E86F20C9->2806f773-fb5b-47a7-a55b-2ca4bfa66309: receive RaftClientReply:client-2320E86F20C9->2806f773-fb5b-47a7-a55b-2ca4bfa66309@group-4558F477A1AE, cid=57, SUCCESS, logIndex=1, commits[2806f773-fb5b-47a7-a55b-2ca4bfa66309:c1, 58f03cb9-ed48-4728-a558-b1c45bdd0f8f:c-1, 7b27096a-6e78-469c-b4df-e0c82e228802:c0]
2019-06-13 06:31:51,304 INFO  client.GrpcClientProtocolClient (GrpcClientProtocolClient.java:onNext(254)) - client-2320E86F20C9->2806f773-fb5b-47a7-a55b-2ca4bfa66309: receive RaftClientReply:client-2320E86F20C9->2806f773-fb5b-47a7-a55b-2ca4bfa66309@group-4558F477A1AE, cid=58, SUCCESS, logIndex=3, commits[2806f773-fb5b-47a7-a55b-2ca4bfa66309:c4, 58f03cb9-ed48-4728-a558-b1c45bdd0f8f:c2, 7b27096a-6e78-469c-b4df-e0c82e228802:c3]
2019-06-13 06:31:51,323 INFO  client.GrpcClientProtocolClient (GrpcClientProtocolClient.java:onNext(254)) - client-2320E86F20C9->2806f773-fb5b-47a7-a55b-2ca4bfa66309: receive RaftClientReply:client-2320E86F20C9->2806f773-fb5b-47a7-a55b-2ca4bfa66309@group-4558F477A1AE, cid=59, SUCCESS, logIndex=5, commits[2806f773-fb5b-47a7-a55b-2ca4bfa66309:c5, 58f03cb9-ed48-4728-a558-b1c45bdd0f8f:c4, 7b27096a-6e78-469c-b4df-e0c82e228802:c3]
2019-06-13 06:31:51,331 INFO  client.GrpcClientProtocolClient (GrpcClientProtocolClient.java:onNext(254)) - client-2320E86F20C9->2806f773-fb5b-47a7-a55b-2ca4bfa66309: receive RaftClientReply:client-2320E86F20C9->2806f773-fb5b-47a7-a55b-2ca4bfa66309@group-4558F477A1AE, cid=60, SUCCESS, logIndex=6, commits[2806f773-fb5b-47a7-a55b-2ca4bfa66309:c8, 58f03cb9-ed48-4728-a558-b1c45bdd0f8f:c6, 7b27096a-6e78-469c-b4df-e0c82e228802:c6]
2019-06-13 06:31:51,347 INFO  client.GrpcClientProtocolClient (GrpcClientProtocolClient.java:onNext(254)) - client-2320E86F20C9->2806f773-fb5b-47a7-a55b-2ca4bfa66309: receive RaftClientReply:client-2320E86F20C9->2806f773-fb5b-47a7-a55b-2ca4bfa66309@group-4558F477A1AE, cid=61, SUCCESS, logIndex=9, commits[2806f773-fb5b-47a7-a55b-2ca4bfa66309:c9, 58f03cb9-ed48-4728-a558-b1c45bdd0f8f:c8, 7b27096a-6e78-469c-b4df-e0c82e228802:c6]
2019-06-13 06:31:51,359 INFO  client.GrpcClientProtocolClient (GrpcClientProtocolClient.java:onNext(254)) - client-2320E86F20C9->2806f773-fb5b-47a7-a55b-2ca4bfa66309: receive RaftClientReply:client-2320E86F20C9->2806f773-fb5b-47a7-a55b-2ca4bfa66309@group-4558F477A1AE, cid=62, SUCCESS, logIndex=11, commits[2806f773-fb5b-47a7-a55b-2ca4bfa66309:c11, 58f03cb9-ed48-4728-a558-b1c45bdd0f8f:c9, 7b27096a-6e78-469c-b4df-e0c82e228802:c8]
2019-06-13 06:31:51,365 INFO  client.GrpcClientProtocolClient (GrpcClientProtocolClient.java:onNext(254)) - client-2320E86F20C9->2806f773-fb5b-47a7-a55b-2ca4bfa66309: receive RaftClientReply:client-2320E86F20C9->2806f773-fb5b-47a7-a55b-2ca4bfa66309@group-4558F477A1AE, cid=63, SUCCESS, logIndex=12, commits[2806f773-fb5b-47a7-a55b-2ca4bfa66309:c12, 58f03cb9-ed48-4728-a558-b1c45bdd0f8f:c9, 7b27096a-6e78-469c-b4df-e0c82e228802:c9]
2019-06-13 06:31:51,375 INFO  client.GrpcClientProtocolClient (GrpcClientProtocolClient.java:onNext(254)) - client-2320E86F20C9->2806f773-fb5b-47a7-a55b-2ca4bfa66309: receive RaftClientReply:client-2320E86F20C9->2806f773-fb5b-47a7-a55b-2ca4bfa66309@group-4558F477A1AE, cid=64, SUCCESS, logIndex=14, commits[2806f773-fb5b-47a7-a55b-2ca4bfa66309:c14, 58f03cb9-ed48-4728-a558-b1c45bdd0f8f:c11, 7b27096a-6e78-469c-b4df-e0c82e228802:c11]
2019-06-13 06:31:51,378 INFO  client.GrpcClientProtocolClient (GrpcClientProtocolClient.java:onNext(254)) - client-2320E86F20C9->2806f773-fb5b-47a7-a55b-2ca4bfa66309: receive RaftClientReply:client-2320E86F20C9->2806f773-fb5b-47a7-a55b-2ca4bfa66309@group-4558F477A1AE, cid=65, SUCCESS, logIndex=0, commits[2806f773-fb5b-47a7-a55b-2ca4bfa66309:c16, 58f03cb9-ed48-4728-a558-b1c45bdd0f8f:c14, 7b27096a-6e78-469c-b4df-e0c82e228802:c14]
2019-06-13 06:31:51,467 INFO  client.GrpcClientProtocolClient (GrpcClientProtocolClient.java:onNext(254)) - client-2320E86F20C9->2806f773-fb5b-47a7-a55b-2ca4bfa66309: receive RaftClientReply:client-2320E86F20C9->2806f773-fb5b-47a7-a55b-2ca4bfa66309@group-4558F477A1AE, cid=66, SUCCESS, logIndex=17, commits[2806f773-fb5b-47a7-a55b-2ca4bfa66309:c17, 58f03cb9-ed48-4728-a558-b1c45bdd0f8f:c16, 7b27096a-6e78-469c-b4df-e0c82e228802:c16]
2019-06-13 06:31:51,499 INFO  client.GrpcClientProtocolClient (GrpcClientProtocolClient.java:onNext(254)) - client-2320E86F20C9->2806f773-fb5b-47a7-a55b-2ca4bfa66309: receive RaftClientReply:client-2320E86F20C9->2806f773-fb5b-47a7-a55b-2ca4bfa66309@group-4558F477A1AE, cid=67, SUCCESS, logIndex=19, commits[2806f773-fb5b-47a7-a55b-2ca4bfa66309:c24, 58f03cb9-ed48-4728-a558-b1c45bdd0f8f:c21, 7b27096a-6e78-469c-b4df-e0c82e228802:c21]
2019-06-13 06:31:51,500 INFO  client.GrpcClientProtocolClient (GrpcClientProtocolClient.java:onNext(254)) - client-2320E86F20C9->2806f773-fb5b-47a7-a55b-2ca4bfa66309: receive RaftClientReply:client-2320E86F20C9->2806f773-fb5b-47a7-a55b-2ca4bfa66309@group-4558F477A1AE, cid=68, SUCCESS, logIndex=20, commits[2806f773-fb5b-47a7-a55b-2ca4bfa66309:c24, 58f03cb9-ed48-4728-a558-b1c45bdd0f8f:c21, 7b27096a-6e78-469c-b4df-e0c82e228802:c21]
2019-06-13 06:31:51,521 INFO  client.GrpcClientProtocolClient (GrpcClientProtocolClient.java:onNext(254)) - client-2320E86F20C9->2806f773-fb5b-47a7-a55b-2ca4bfa66309: receive RaftClientReply:client-2320E86F20C9->2806f773-fb5b-47a7-a55b-2ca4bfa66309@group-4558F477A1AE, cid=69, SUCCESS, logIndex=21, commits[2806f773-fb5b-47a7-a55b-2ca4bfa66309:c24, 58f03cb9-ed48-4728-a558-b1c45bdd0f8f:c21, 7b27096a-6e78-469c-b4df-e0c82e228802:c21]
2019-06-13 06:31:51,548 INFO  client.GrpcClientProtocolClient (GrpcClientProtocolClient.java:onNext(254)) - client-2320E86F20C9->2806f773-fb5b-47a7-a55b-2ca4bfa66309: receive RaftClientReply:client-2320E86F20C9->2806f773-fb5b-47a7-a55b-2ca4bfa66309@group-4558F477A1AE, cid=70, SUCCESS, logIndex=25, commits[2806f773-fb5b-47a7-a55b-2ca4bfa66309:c25, 58f03cb9-ed48-4728-a558-b1c45bdd0f8f:c24, 7b27096a-6e78-469c-b4df-e0c82e228802:c24]
2019-06-13 06:31:51,572 INFO  client.GrpcClientProtocolClient (GrpcClientProtocolClient.java:onNext(254)) - client-2320E86F20C9->2806f773-fb5b-47a7-a55b-2ca4bfa66309: receive RaftClientReply:client-2320E86F20C9->2806f773-fb5b-47a7-a55b-2ca4bfa66309@group-4558F477A1AE, cid=71, SUCCESS, logIndex=27, commits[2806f773-fb5b-47a7-a55b-2ca4bfa66309:c27, 58f03cb9-ed48-4728-a558-b1c45bdd0f8f:c25, 7b27096a-6e78-469c-b4df-e0c82e228802:c25]
2019-06-13 06:31:51,576 INFO  client.GrpcClientProtocolClient (GrpcClientProtocolClient.java:onNext(254)) - client-2320E86F20C9->2806f773-fb5b-47a7-a55b-2ca4bfa66309: receive RaftClientReply:client-2320E86F20C9->2806f773-fb5b-47a7-a55b-2ca4bfa66309@group-4558F477A1AE, cid=72, SUCCESS, logIndex=28, commits[2806f773-fb5b-47a7-a55b-2ca4bfa66309:c29, 58f03cb9-ed48-4728-a558-b1c45bdd0f8f:c26, 7b27096a-6e78-469c-b4df-e0c82e228802:c25]
2019-06-13 06:31:51,577 INFO  client.GrpcClientProtocolClient (GrpcClientProtocolClient.java:onNext(254)) - client-2320E86F20C9->2806f773-fb5b-47a7-a55b-2ca4bfa66309: receive RaftClientReply:client-2320E86F20C9->2806f773-fb5b-47a7-a55b-2ca4bfa66309@group-4558F477A1AE, cid=73, SUCCESS, logIndex=29, commits[2806f773-fb5b-47a7-a55b-2ca4bfa66309:c29, 58f03cb9-ed48-4728-a558-b1c45bdd0f8f:c26, 7b27096a-6e78-469c-b4df-e0c82e228802:c25]
2019-06-13 06:31:51,587 INFO  client.GrpcClientProtocolClient (GrpcClientProtocolClient.java:onNext(254)) - client-2320E86F20C9->2806f773-fb5b-47a7-a55b-2ca4bfa66309: receive RaftClientReply:client-2320E86F20C9->2806f773-fb5b-47a7-a55b-2ca4bfa66309@group-4558F477A1AE, cid=74, SUCCESS, logIndex=0, commits[2806f773-fb5b-47a7-a55b-2ca4bfa66309:c31, 58f03cb9-ed48-4728-a558-b1c45bdd0f8f:c27, 7b27096a-6e78-469c-b4df-e0c82e228802:c29]
2019-06-13 06:31:51,589 INFO  client.GrpcClientProtocolClient (GrpcClientProtocolClient.java:onNext(254)) - client-2320E86F20C9->2806f773-fb5b-47a7-a55b-2ca4bfa66309: receive RaftClientReply:client-2320E86F20C9->2806f773-fb5b-47a7-a55b-2ca4bfa66309@group-4558F477A1AE, cid=75, SUCCESS, logIndex=0, commits[2806f773-fb5b-47a7-a55b-2ca4bfa66309:c31, 58f03cb9-ed48-4728-a558-b1c45bdd0f8f:c29, 7b27096a-6e78-469c-b4df-e0c82e228802:c29]
2019-06-13 06:31:51,595 INFO  keyvalue.KeyValueHandler (ContainerUtils.java:logAndReturnError(146)) - Operation: CreateContainer : Trace ID: 647253d5e7831c25:5cd71536e98c5bd:df6b0cafe799ea6a:0 : Message: Container creation failed, due to disk out of space : Result: DISK_OUT_OF_SPACE
2019-06-13 06:31:51,603 INFO  keyvalue.KeyValueHandler (ContainerUtils.java:logAndReturnError(146)) - Operation: CreateContainer : Trace ID: 647253d5e7831c25:5cd71536e98c5bd:df6b0cafe799ea6a:0 : Message: Container creation failed, due to disk out of space : Result: DISK_OUT_OF_SPACE
2019-06-13 06:31:51,603 INFO  keyvalue.KeyValueHandler (ContainerUtils.java:logAndReturnError(146)) - Operation: CreateContainer : Trace ID: 647253d5e7831c25:5cd71536e98c5bd:df6b0cafe799ea6a:0 : Message: Container creation failed, due to disk out of space : Result: DISK_OUT_OF_SPACE
06:31:51.603 [pool-47-thread-11] ERROR DNAudit - user=null | ip=null | op=WRITE_CHUNK {blockData=conID: 6 locID: 102262866586173449 bcsId: 0} | ret=FAILURE
org.apache.hadoop.hdds.scm.container.common.helpers.StorageContainerException: ContainerID 6 creation failed
	at org.apache.hadoop.ozone.container.common.impl.HddsDispatcher.dispatchRequest(HddsDispatcher.java:227) ~[classes/:?]
	at org.apache.hadoop.ozone.container.common.impl.HddsDispatcher.dispatch(HddsDispatcher.java:148) ~[classes/:?]
	at org.apache.hadoop.ozone.container.common.transport.server.ratis.ContainerStateMachine.dispatchCommand(ContainerStateMachine.java:347) ~[classes/:?]
	at org.apache.hadoop.ozone.container.common.transport.server.ratis.ContainerStateMachine.runCommand(ContainerStateMachine.java:354) ~[classes/:?]
	at org.apache.hadoop.ozone.container.common.transport.server.ratis.ContainerStateMachine.lambda$handleWriteChunk$0(ContainerStateMachine.java:385) ~[classes/:?]
	at java.util.concurrent.CompletableFuture$AsyncSupply.run(CompletableFuture.java:1590) [?:1.8.0_212]
	at java.util.concurrent.ThreadPoolExecutor.runWorker(ThreadPoolExecutor.java:1149) [?:1.8.0_212]
	at java.util.concurrent.ThreadPoolExecutor$Worker.run(ThreadPoolExecutor.java:624) [?:1.8.0_212]
	at java.lang.Thread.run(Thread.java:748) [?:1.8.0_212]
06:31:51.604 [pool-26-thread-30] ERROR DNAudit - user=null | ip=null | op=WRITE_CHUNK {blockData=conID: 6 locID: 102262866586173449 bcsId: 0} | ret=FAILURE
org.apache.hadoop.hdds.scm.container.common.helpers.StorageContainerException: ContainerID 6 creation failed
	at org.apache.hadoop.ozone.container.common.impl.HddsDispatcher.dispatchRequest(HddsDispatcher.java:227) ~[classes/:?]
	at org.apache.hadoop.ozone.container.common.impl.HddsDispatcher.dispatch(HddsDispatcher.java:148) ~[classes/:?]
	at org.apache.hadoop.ozone.container.common.transport.server.ratis.ContainerStateMachine.dispatchCommand(ContainerStateMachine.java:347) ~[classes/:?]
	at org.apache.hadoop.ozone.container.common.transport.server.ratis.ContainerStateMachine.runCommand(ContainerStateMachine.java:354) ~[classes/:?]
	at org.apache.hadoop.ozone.container.common.transport.server.ratis.ContainerStateMachine.lambda$handleWriteChunk$0(ContainerStateMachine.java:385) ~[classes/:?]
	at java.util.concurrent.CompletableFuture$AsyncSupply.run(CompletableFuture.java:1590) [?:1.8.0_212]
	at java.util.concurrent.ThreadPoolExecutor.runWorker(ThreadPoolExecutor.java:1149) [?:1.8.0_212]
	at java.util.concurrent.ThreadPoolExecutor$Worker.run(ThreadPoolExecutor.java:624) [?:1.8.0_212]
	at java.lang.Thread.run(Thread.java:748) [?:1.8.0_212]
06:31:51.597 [pool-68-thread-47] ERROR DNAudit - user=null | ip=null | op=WRITE_CHUNK {blockData=conID: 6 locID: 102262866586173449 bcsId: 0} | ret=FAILURE
org.apache.hadoop.hdds.scm.container.common.helpers.StorageContainerException: ContainerID 6 creation failed
	at org.apache.hadoop.ozone.container.common.impl.HddsDispatcher.dispatchRequest(HddsDispatcher.java:227) ~[classes/:?]
	at org.apache.hadoop.ozone.container.common.impl.HddsDispatcher.dispatch(HddsDispatcher.java:148) ~[classes/:?]
	at org.apache.hadoop.ozone.container.common.transport.server.ratis.ContainerStateMachine.dispatchCommand(ContainerStateMachine.java:347) ~[classes/:?]
	at org.apache.hadoop.ozone.container.common.transport.server.ratis.ContainerStateMachine.runCommand(ContainerStateMachine.java:354) ~[classes/:?]
	at org.apache.hadoop.ozone.container.common.transport.server.ratis.ContainerStateMachine.lambda$handleWriteChunk$0(ContainerStateMachine.java:385) ~[classes/:?]
	at java.util.concurrent.CompletableFuture$AsyncSupply.run(CompletableFuture.java:1590) [?:1.8.0_212]
	at java.util.concurrent.ThreadPoolExecutor.runWorker(ThreadPoolExecutor.java:1149) [?:1.8.0_212]
	at java.util.concurrent.ThreadPoolExecutor$Worker.run(ThreadPoolExecutor.java:624) [?:1.8.0_212]
	at java.lang.Thread.run(Thread.java:748) [?:1.8.0_212]
2019-06-13 06:31:51,607 INFO  impl.HddsDispatcher (ContainerUtils.java:logAndReturnError(146)) - Operation: WriteChunk : Trace ID: 647253d5e7831c25:5cd71536e98c5bd:df6b0cafe799ea6a:0 : Message: ContainerID 6 creation failed : Result: DISK_OUT_OF_SPACE
2019-06-13 06:31:51,607 INFO  impl.HddsDispatcher (ContainerUtils.java:logAndReturnError(146)) - Operation: WriteChunk : Trace ID: 647253d5e7831c25:5cd71536e98c5bd:df6b0cafe799ea6a:0 : Message: ContainerID 6 creation failed : Result: DISK_OUT_OF_SPACE
2019-06-13 06:31:51,607 INFO  impl.HddsDispatcher (ContainerUtils.java:logAndReturnError(146)) - Operation: WriteChunk : Trace ID: 647253d5e7831c25:5cd71536e98c5bd:df6b0cafe799ea6a:0 : Message: ContainerID 6 creation failed : Result: DISK_OUT_OF_SPACE
06:31:51.610 [pool-75-thread-1] ERROR DNAudit - user=null | ip=null | op=WRITE_CHUNK {blockData=conID: 6 locID: 102262866586173449 bcsId: 0} | ret=FAILURE
org.apache.hadoop.hdds.scm.container.common.helpers.StorageContainerException: ContainerID 6 does not exist
	at org.apache.hadoop.ozone.container.common.impl.HddsDispatcher.dispatchRequest(HddsDispatcher.java:242) ~[classes/:?]
	at org.apache.hadoop.ozone.container.common.impl.HddsDispatcher.dispatch(HddsDispatcher.java:148) ~[classes/:?]
	at org.apache.hadoop.ozone.container.common.transport.server.ratis.ContainerStateMachine.dispatchCommand(ContainerStateMachine.java:347) ~[classes/:?]
	at org.apache.hadoop.ozone.container.common.transport.server.ratis.ContainerStateMachine.runCommand(ContainerStateMachine.java:354) ~[classes/:?]
	at org.apache.hadoop.ozone.container.common.transport.server.ratis.ContainerStateMachine.lambda$applyTransaction$5(ContainerStateMachine.java:621) ~[classes/:?]
	at java.util.concurrent.CompletableFuture$AsyncSupply.run(CompletableFuture.java:1590) [?:1.8.0_212]
	at java.util.concurrent.ThreadPoolExecutor.runWorker(ThreadPoolExecutor.java:1149) [?:1.8.0_212]
	at java.util.concurrent.ThreadPoolExecutor$Worker.run(ThreadPoolExecutor.java:624) [?:1.8.0_212]
	at java.lang.Thread.run(Thread.java:748) [?:1.8.0_212]
2019-06-13 06:31:51,611 INFO  impl.HddsDispatcher (ContainerUtils.java:logAndReturnError(146)) - Operation: WriteChunk : Trace ID: 647253d5e7831c25:5cd71536e98c5bd:df6b0cafe799ea6a:0 : Message: ContainerID 6 does not exist : Result: CONTAINER_NOT_FOUND
2019-06-13 06:31:51,612 INFO  client.GrpcClientProtocolClient (GrpcClientProtocolClient.java:onNext(254)) - client-2320E86F20C9->2806f773-fb5b-47a7-a55b-2ca4bfa66309: receive RaftClientReply:client-2320E86F20C9->2806f773-fb5b-47a7-a55b-2ca4bfa66309@group-4558F477A1AE, cid=76, SUCCESS, logIndex=32, commits[2806f773-fb5b-47a7-a55b-2ca4bfa66309:c32, 58f03cb9-ed48-4728-a558-b1c45bdd0f8f:c31, 7b27096a-6e78-469c-b4df-e0c82e228802:c31]
06:31:51.614 [pool-54-thread-1] ERROR DNAudit - user=null | ip=null | op=WRITE_CHUNK {blockData=conID: 6 locID: 102262866586173449 bcsId: 0} | ret=FAILURE
org.apache.hadoop.hdds.scm.container.common.helpers.StorageContainerException: ContainerID 6 does not exist
	at org.apache.hadoop.ozone.container.common.impl.HddsDispatcher.dispatchRequest(HddsDispatcher.java:242) ~[classes/:?]
	at org.apache.hadoop.ozone.container.common.impl.HddsDispatcher.dispatch(HddsDispatcher.java:148) ~[classes/:?]
	at org.apache.hadoop.ozone.container.common.transport.server.ratis.ContainerStateMachine.dispatchCommand(ContainerStateMachine.java:347) ~[classes/:?]
	at org.apache.hadoop.ozone.container.common.transport.server.ratis.ContainerStateMachine.runCommand(ContainerStateMachine.java:354) ~[classes/:?]
	at org.apache.hadoop.ozone.container.common.transport.server.ratis.ContainerStateMachine.lambda$applyTransaction$5(ContainerStateMachine.java:621) ~[classes/:?]
	at java.util.concurrent.CompletableFuture$AsyncSupply.run(CompletableFuture.java:1590) [?:1.8.0_212]
	at java.util.concurrent.ThreadPoolExecutor.runWorker(ThreadPoolExecutor.java:1149) [?:1.8.0_212]
	at java.util.concurrent.ThreadPoolExecutor$Worker.run(ThreadPoolExecutor.java:624) [?:1.8.0_212]
	at java.lang.Thread.run(Thread.java:748) [?:1.8.0_212]
2019-06-13 06:31:51,614 INFO  impl.HddsDispatcher (ContainerUtils.java:logAndReturnError(146)) - Operation: WriteChunk : Trace ID: 647253d5e7831c25:5cd71536e98c5bd:df6b0cafe799ea6a:0 : Message: ContainerID 6 does not exist : Result: CONTAINER_NOT_FOUND
2019-06-13 06:31:51,615 ERROR storage.BlockOutputStream (BlockOutputStream.java:validateResponse(538)) - Unexpected Storage Container Exception: 
org.apache.hadoop.hdds.scm.container.common.helpers.StorageContainerException: ContainerID 6 does not exist
	at org.apache.hadoop.hdds.scm.storage.ContainerProtocolCalls.validateContainerResponse(ContainerProtocolCalls.java:536)
	at org.apache.hadoop.hdds.scm.storage.BlockOutputStream.validateResponse(BlockOutputStream.java:536)
	at org.apache.hadoop.hdds.scm.storage.BlockOutputStream.lambda$writeChunkToContainer$2(BlockOutputStream.java:614)
	at java.util.concurrent.CompletableFuture.uniApply(CompletableFuture.java:602)
	at java.util.concurrent.CompletableFuture$UniApply.tryFire(CompletableFuture.java:577)
	at java.util.concurrent.CompletableFuture$Completion.run(CompletableFuture.java:442)
	at java.util.concurrent.ThreadPoolExecutor.runWorker(ThreadPoolExecutor.java:1149)
	at java.util.concurrent.ThreadPoolExecutor$Worker.run(ThreadPoolExecutor.java:624)
	at java.lang.Thread.run(Thread.java:748)
2019-06-13 06:31:51,619 INFO  keyvalue.KeyValueHandler (ContainerUtils.java:logAndReturnError(146)) - Operation: CreateContainer : Trace ID: 647253d5e7831c25:d9d5202470275e91:df6b0cafe799ea6a:0 : Message: Container creation failed, due to disk out of space : Result: DISK_OUT_OF_SPACE
06:31:51.619 [pool-33-thread-1] ERROR DNAudit - user=null | ip=null | op=WRITE_CHUNK {blockData=conID: 6 locID: 102262866586173449 bcsId: 0} | ret=FAILURE
org.apache.hadoop.hdds.scm.container.common.helpers.StorageContainerException: ContainerID 6 does not exist
	at org.apache.hadoop.ozone.container.common.impl.HddsDispatcher.dispatchRequest(HddsDispatcher.java:242) ~[classes/:?]
	at org.apache.hadoop.ozone.container.common.impl.HddsDispatcher.dispatch(HddsDispatcher.java:148) ~[classes/:?]
	at org.apache.hadoop.ozone.container.common.transport.server.ratis.ContainerStateMachine.dispatchCommand(ContainerStateMachine.java:347) ~[classes/:?]
	at org.apache.hadoop.ozone.container.common.transport.server.ratis.ContainerStateMachine.runCommand(ContainerStateMachine.java:354) ~[classes/:?]
	at org.apache.hadoop.ozone.container.common.transport.server.ratis.ContainerStateMachine.lambda$applyTransaction$5(ContainerStateMachine.java:621) ~[classes/:?]
	at java.util.concurrent.CompletableFuture$AsyncSupply.run(CompletableFuture.java:1590) [?:1.8.0_212]
	at java.util.concurrent.ThreadPoolExecutor.runWorker(ThreadPoolExecutor.java:1149) [?:1.8.0_212]
	at java.util.concurrent.ThreadPoolExecutor$Worker.run(ThreadPoolExecutor.java:624) [?:1.8.0_212]
	at java.lang.Thread.run(Thread.java:748) [?:1.8.0_212]
2019-06-13 06:31:51,619 INFO  impl.HddsDispatcher (ContainerUtils.java:logAndReturnError(146)) - Operation: WriteChunk : Trace ID: 647253d5e7831c25:5cd71536e98c5bd:df6b0cafe799ea6a:0 : Message: ContainerID 6 does not exist : Result: CONTAINER_NOT_FOUND
06:31:51.619 [pool-68-thread-50] ERROR DNAudit - user=null | ip=null | op=WRITE_CHUNK {blockData=conID: 6 locID: 102262866586173449 bcsId: 0} | ret=FAILURE
org.apache.hadoop.hdds.scm.container.common.helpers.StorageContainerException: ContainerID 6 creation failed
	at org.apache.hadoop.ozone.container.common.impl.HddsDispatcher.dispatchRequest(HddsDispatcher.java:227) ~[classes/:?]
	at org.apache.hadoop.ozone.container.common.impl.HddsDispatcher.dispatch(HddsDispatcher.java:148) ~[classes/:?]
	at org.apache.hadoop.ozone.container.common.transport.server.ratis.ContainerStateMachine.dispatchCommand(ContainerStateMachine.java:347) ~[classes/:?]
	at org.apache.hadoop.ozone.container.common.transport.server.ratis.ContainerStateMachine.runCommand(ContainerStateMachine.java:354) ~[classes/:?]
	at org.apache.hadoop.ozone.container.common.transport.server.ratis.ContainerStateMachine.lambda$handleWriteChunk$0(ContainerStateMachine.java:385) ~[classes/:?]
	at java.util.concurrent.CompletableFuture$AsyncSupply.run(CompletableFuture.java:1590) [?:1.8.0_212]
	at java.util.concurrent.ThreadPoolExecutor.runWorker(ThreadPoolExecutor.java:1149) [?:1.8.0_212]
	at java.util.concurrent.ThreadPoolExecutor$Worker.run(ThreadPoolExecutor.java:624) [?:1.8.0_212]
	at java.lang.Thread.run(Thread.java:748) [?:1.8.0_212]
2019-06-13 06:31:51,619 INFO  impl.HddsDispatcher (ContainerUtils.java:logAndReturnError(146)) - Operation: WriteChunk : Trace ID: 647253d5e7831c25:d9d5202470275e91:df6b0cafe799ea6a:0 : Message: ContainerID 6 creation failed : Result: DISK_OUT_OF_SPACE
06:31:51.623 [pool-75-thread-1] ERROR DNAudit - user=null | ip=null | op=PUT_BLOCK {blockData=[blockId=conID: 6 locID: 102262866586173449 bcsId: 0,size=1048576]} | ret=FAILURE
org.apache.hadoop.hdds.scm.container.common.helpers.StorageContainerException: ContainerID 6 does not exist
	at org.apache.hadoop.ozone.container.common.impl.HddsDispatcher.dispatchRequest(HddsDispatcher.java:242) ~[classes/:?]
	at org.apache.hadoop.ozone.container.common.impl.HddsDispatcher.dispatch(HddsDispatcher.java:148) ~[classes/:?]
	at org.apache.hadoop.ozone.container.common.transport.server.ratis.ContainerStateMachine.dispatchCommand(ContainerStateMachine.java:347) ~[classes/:?]
	at org.apache.hadoop.ozone.container.common.transport.server.ratis.ContainerStateMachine.runCommand(ContainerStateMachine.java:354) ~[classes/:?]
	at org.apache.hadoop.ozone.container.common.transport.server.ratis.ContainerStateMachine.lambda$applyTransaction$5(ContainerStateMachine.java:621) ~[classes/:?]
	at java.util.concurrent.CompletableFuture$AsyncSupply.run(CompletableFuture.java:1590) [?:1.8.0_212]
	at java.util.concurrent.ThreadPoolExecutor.runWorker(ThreadPoolExecutor.java:1149) [?:1.8.0_212]
	at java.util.concurrent.ThreadPoolExecutor$Worker.run(ThreadPoolExecutor.java:624) [?:1.8.0_212]
	at java.lang.Thread.run(Thread.java:748) [?:1.8.0_212]
2019-06-13 06:31:51,623 INFO  keyvalue.KeyValueHandler (ContainerUtils.java:logAndReturnError(146)) - Operation: CreateContainer : Trace ID: 647253d5e7831c25:d9d5202470275e91:df6b0cafe799ea6a:0 : Message: Container creation failed, due to disk out of space : Result: DISK_OUT_OF_SPACE
2019-06-13 06:31:51,623 INFO  impl.HddsDispatcher (ContainerUtils.java:logAndReturnError(146)) - Operation: PutBlock : Trace ID: 647253d5e7831c25:f68b701b1f422703:df6b0cafe799ea6a:0 : Message: ContainerID 6 does not exist : Result: CONTAINER_NOT_FOUND
06:31:51.623 [pool-47-thread-12] ERROR DNAudit - user=null | ip=null | op=WRITE_CHUNK {blockData=conID: 6 locID: 102262866586173449 bcsId: 0} | ret=FAILURE
org.apache.hadoop.hdds.scm.container.common.helpers.StorageContainerException: ContainerID 6 creation failed
	at org.apache.hadoop.ozone.container.common.impl.HddsDispatcher.dispatchRequest(HddsDispatcher.java:227) ~[classes/:?]
	at org.apache.hadoop.ozone.container.common.impl.HddsDispatcher.dispatch(HddsDispatcher.java:148) ~[classes/:?]
	at org.apache.hadoop.ozone.container.common.transport.server.ratis.ContainerStateMachine.dispatchCommand(ContainerStateMachine.java:347) ~[classes/:?]
	at org.apache.hadoop.ozone.container.common.transport.server.ratis.ContainerStateMachine.runCommand(ContainerStateMachine.java:354) ~[classes/:?]
	at org.apache.hadoop.ozone.container.common.transport.server.ratis.ContainerStateMachine.lambda$handleWriteChunk$0(ContainerStateMachine.java:385) ~[classes/:?]
	at java.util.concurrent.CompletableFuture$AsyncSupply.run(CompletableFuture.java:1590) [?:1.8.0_212]
	at java.util.concurrent.ThreadPoolExecutor.runWorker(ThreadPoolExecutor.java:1149) [?:1.8.0_212]
	at java.util.concurrent.ThreadPoolExecutor$Worker.run(ThreadPoolExecutor.java:624) [?:1.8.0_212]
	at java.lang.Thread.run(Thread.java:748) [?:1.8.0_212]
2019-06-13 06:31:51,624 INFO  impl.HddsDispatcher (ContainerUtils.java:logAndReturnError(146)) - Operation: WriteChunk : Trace ID: 647253d5e7831c25:d9d5202470275e91:df6b0cafe799ea6a:0 : Message: ContainerID 6 creation failed : Result: DISK_OUT_OF_SPACE
2019-06-13 06:31:51,623 INFO  keyvalue.KeyValueHandler (ContainerUtils.java:logAndReturnError(146)) - Operation: CreateContainer : Trace ID: 647253d5e7831c25:d9d5202470275e91:df6b0cafe799ea6a:0 : Message: Container creation failed, due to disk out of space : Result: DISK_OUT_OF_SPACE
06:31:51.624 [pool-26-thread-31] ERROR DNAudit - user=null | ip=null | op=WRITE_CHUNK {blockData=conID: 6 locID: 102262866586173449 bcsId: 0} | ret=FAILURE
org.apache.hadoop.hdds.scm.container.common.helpers.StorageContainerException: ContainerID 6 creation failed
	at org.apache.hadoop.ozone.container.common.impl.HddsDispatcher.dispatchRequest(HddsDispatcher.java:227) ~[classes/:?]
	at org.apache.hadoop.ozone.container.common.impl.HddsDispatcher.dispatch(HddsDispatcher.java:148) ~[classes/:?]
	at org.apache.hadoop.ozone.container.common.transport.server.ratis.ContainerStateMachine.dispatchCommand(ContainerStateMachine.java:347) ~[classes/:?]
	at org.apache.hadoop.ozone.container.common.transport.server.ratis.ContainerStateMachine.runCommand(ContainerStateMachine.java:354) ~[classes/:?]
	at org.apache.hadoop.ozone.container.common.transport.server.ratis.ContainerStateMachine.lambda$handleWriteChunk$0(ContainerStateMachine.java:385) ~[classes/:?]
	at java.util.concurrent.CompletableFuture$AsyncSupply.run(CompletableFuture.java:1590) [?:1.8.0_212]
	at java.util.concurrent.ThreadPoolExecutor.runWorker(ThreadPoolExecutor.java:1149) [?:1.8.0_212]
	at java.util.concurrent.ThreadPoolExecutor$Worker.run(ThreadPoolExecutor.java:624) [?:1.8.0_212]
	at java.lang.Thread.run(Thread.java:748) [?:1.8.0_212]
2019-06-13 06:31:51,625 INFO  client.GrpcClientProtocolClient (GrpcClientProtocolClient.java:onNext(254)) - client-2320E86F20C9->2806f773-fb5b-47a7-a55b-2ca4bfa66309: receive RaftClientReply:client-2320E86F20C9->2806f773-fb5b-47a7-a55b-2ca4bfa66309@group-4558F477A1AE, cid=77, SUCCESS, logIndex=34, commits[2806f773-fb5b-47a7-a55b-2ca4bfa66309:c34, 58f03cb9-ed48-4728-a558-b1c45bdd0f8f:c32, 7b27096a-6e78-469c-b4df-e0c82e228802:c33]
2019-06-13 06:31:51,625 INFO  impl.HddsDispatcher (ContainerUtils.java:logAndReturnError(146)) - Operation: WriteChunk : Trace ID: 647253d5e7831c25:d9d5202470275e91:df6b0cafe799ea6a:0 : Message: ContainerID 6 creation failed : Result: DISK_OUT_OF_SPACE
06:31:51.626 [pool-75-thread-1] ERROR DNAudit - user=null | ip=null | op=WRITE_CHUNK {blockData=conID: 6 locID: 102262866586173449 bcsId: 0} | ret=FAILURE
org.apache.hadoop.hdds.scm.container.common.helpers.StorageContainerException: ContainerID 6 does not exist
	at org.apache.hadoop.ozone.container.common.impl.HddsDispatcher.dispatchRequest(HddsDispatcher.java:242) ~[classes/:?]
	at org.apache.hadoop.ozone.container.common.impl.HddsDispatcher.dispatch(HddsDispatcher.java:148) ~[classes/:?]
	at org.apache.hadoop.ozone.container.common.transport.server.ratis.ContainerStateMachine.dispatchCommand(ContainerStateMachine.java:347) ~[classes/:?]
	at org.apache.hadoop.ozone.container.common.transport.server.ratis.ContainerStateMachine.runCommand(ContainerStateMachine.java:354) ~[classes/:?]
	at org.apache.hadoop.ozone.container.common.transport.server.ratis.ContainerStateMachine.lambda$applyTransaction$5(ContainerStateMachine.java:621) ~[classes/:?]
	at java.util.concurrent.CompletableFuture$AsyncSupply.run(CompletableFuture.java:1590) [?:1.8.0_212]
	at java.util.concurrent.ThreadPoolExecutor.runWorker(ThreadPoolExecutor.java:1149) [?:1.8.0_212]
	at java.util.concurrent.ThreadPoolExecutor$Worker.run(ThreadPoolExecutor.java:624) [?:1.8.0_212]
	at java.lang.Thread.run(Thread.java:748) [?:1.8.0_212]
2019-06-13 06:31:51,626 INFO  impl.HddsDispatcher (ContainerUtils.java:logAndReturnError(146)) - Operation: WriteChunk : Trace ID: 647253d5e7831c25:d9d5202470275e91:df6b0cafe799ea6a:0 : Message: ContainerID 6 does not exist : Result: CONTAINER_NOT_FOUND
06:31:51.627 [pool-75-thread-1] ERROR DNAudit - user=null | ip=null | op=PUT_BLOCK {blockData=[blockId=conID: 6 locID: 102262866586173449 bcsId: 0,size=2097152]} | ret=FAILURE
org.apache.hadoop.hdds.scm.container.common.helpers.StorageContainerException: ContainerID 6 does not exist
	at org.apache.hadoop.ozone.container.common.impl.HddsDispatcher.dispatchRequest(HddsDispatcher.java:242) ~[classes/:?]
	at org.apache.hadoop.ozone.container.common.impl.HddsDispatcher.dispatch(HddsDispatcher.java:148) ~[classes/:?]
	at org.apache.hadoop.ozone.container.common.transport.server.ratis.ContainerStateMachine.dispatchCommand(ContainerStateMachine.java:347) ~[classes/:?]
	at org.apache.hadoop.ozone.container.common.transport.server.ratis.ContainerStateMachine.runCommand(ContainerStateMachine.java:354) ~[classes/:?]
	at org.apache.hadoop.ozone.container.common.transport.server.ratis.ContainerStateMachine.lambda$applyTransaction$5(ContainerStateMachine.java:621) ~[classes/:?]
	at java.util.concurrent.CompletableFuture$AsyncSupply.run(CompletableFuture.java:1590) [?:1.8.0_212]
	at java.util.concurrent.ThreadPoolExecutor.runWorker(ThreadPoolExecutor.java:1149) [?:1.8.0_212]
	at java.util.concurrent.ThreadPoolExecutor$Worker.run(ThreadPoolExecutor.java:624) [?:1.8.0_212]
	at java.lang.Thread.run(Thread.java:748) [?:1.8.0_212]
2019-06-13 06:31:51,627 INFO  impl.HddsDispatcher (ContainerUtils.java:logAndReturnError(146)) - Operation: PutBlock : Trace ID: 647253d5e7831c25:1e480dad2ae97c79:df6b0cafe799ea6a:0 : Message: ContainerID 6 does not exist : Result: CONTAINER_NOT_FOUND
06:31:51.627 [pool-54-thread-1] ERROR DNAudit - user=null | ip=null | op=PUT_BLOCK {blockData=[blockId=conID: 6 locID: 102262866586173449 bcsId: 0,size=1048576]} | ret=FAILURE
org.apache.hadoop.hdds.scm.container.common.helpers.StorageContainerException: ContainerID 6 does not exist
	at org.apache.hadoop.ozone.container.common.impl.HddsDispatcher.dispatchRequest(HddsDispatcher.java:242) ~[classes/:?]
	at org.apache.hadoop.ozone.container.common.impl.HddsDispatcher.dispatch(HddsDispatcher.java:148) ~[classes/:?]
	at org.apache.hadoop.ozone.container.common.transport.server.ratis.ContainerStateMachine.dispatchCommand(ContainerStateMachine.java:347) ~[classes/:?]
	at org.apache.hadoop.ozone.container.common.transport.server.ratis.ContainerStateMachine.runCommand(ContainerStateMachine.java:354) ~[classes/:?]
	at org.apache.hadoop.ozone.container.common.transport.server.ratis.ContainerStateMachine.lambda$applyTransaction$5(ContainerStateMachine.java:621) ~[classes/:?]
	at java.util.concurrent.CompletableFuture$AsyncSupply.run(CompletableFuture.java:1590) [?:1.8.0_212]
	at java.util.concurrent.ThreadPoolExecutor.runWorker(ThreadPoolExecutor.java:1149) [?:1.8.0_212]
	at java.util.concurrent.ThreadPoolExecutor$Worker.run(ThreadPoolExecutor.java:624) [?:1.8.0_212]
	at java.lang.Thread.run(Thread.java:748) [?:1.8.0_212]
2019-06-13 06:31:51,628 INFO  impl.HddsDispatcher (ContainerUtils.java:logAndReturnError(146)) - Operation: PutBlock : Trace ID: 647253d5e7831c25:f68b701b1f422703:df6b0cafe799ea6a:0 : Message: ContainerID 6 does not exist : Result: CONTAINER_NOT_FOUND
2019-06-13 06:31:51,628 INFO  client.GrpcClientProtocolClient (GrpcClientProtocolClient.java:onNext(254)) - client-2320E86F20C9->2806f773-fb5b-47a7-a55b-2ca4bfa66309: receive RaftClientReply:client-2320E86F20C9->2806f773-fb5b-47a7-a55b-2ca4bfa66309@group-4558F477A1AE, cid=78, SUCCESS, logIndex=35, commits[2806f773-fb5b-47a7-a55b-2ca4bfa66309:c36, 58f03cb9-ed48-4728-a558-b1c45bdd0f8f:c33, 7b27096a-6e78-469c-b4df-e0c82e228802:c33]
2019-06-13 06:31:51,629 INFO  client.GrpcClientProtocolClient (GrpcClientProtocolClient.java:onNext(254)) - client-2320E86F20C9->2806f773-fb5b-47a7-a55b-2ca4bfa66309: receive RaftClientReply:client-2320E86F20C9->2806f773-fb5b-47a7-a55b-2ca4bfa66309@group-4558F477A1AE, cid=79, SUCCESS, logIndex=36, commits[2806f773-fb5b-47a7-a55b-2ca4bfa66309:c36, 58f03cb9-ed48-4728-a558-b1c45bdd0f8f:c33, 7b27096a-6e78-469c-b4df-e0c82e228802:c33]
06:31:51.632 [pool-54-thread-1] ERROR DNAudit - user=null | ip=null | op=WRITE_CHUNK {blockData=conID: 6 locID: 102262866586173449 bcsId: 0} | ret=FAILURE
org.apache.hadoop.hdds.scm.container.common.helpers.StorageContainerException: ContainerID 6 does not exist
	at org.apache.hadoop.ozone.container.common.impl.HddsDispatcher.dispatchRequest(HddsDispatcher.java:242) ~[classes/:?]
	at org.apache.hadoop.ozone.container.common.impl.HddsDispatcher.dispatch(HddsDispatcher.java:148) ~[classes/:?]
	at org.apache.hadoop.ozone.container.common.transport.server.ratis.ContainerStateMachine.dispatchCommand(ContainerStateMachine.java:347) ~[classes/:?]
	at org.apache.hadoop.ozone.container.common.transport.server.ratis.ContainerStateMachine.runCommand(ContainerStateMachine.java:354) ~[classes/:?]
	at org.apache.hadoop.ozone.container.common.transport.server.ratis.ContainerStateMachine.lambda$applyTransaction$5(ContainerStateMachine.java:621) ~[classes/:?]
	at java.util.concurrent.CompletableFuture$AsyncSupply.run(CompletableFuture.java:1590) [?:1.8.0_212]
	at java.util.concurrent.ThreadPoolExecutor.runWorker(ThreadPoolExecutor.java:1149) [?:1.8.0_212]
	at java.util.concurrent.ThreadPoolExecutor$Worker.run(ThreadPoolExecutor.java:624) [?:1.8.0_212]
	at java.lang.Thread.run(Thread.java:748) [?:1.8.0_212]
2019-06-13 06:31:51,633 INFO  impl.HddsDispatcher (ContainerUtils.java:logAndReturnError(146)) - Operation: WriteChunk : Trace ID: 647253d5e7831c25:d9d5202470275e91:df6b0cafe799ea6a:0 : Message: ContainerID 6 does not exist : Result: CONTAINER_NOT_FOUND
06:31:51.633 [pool-54-thread-1] ERROR DNAudit - user=null | ip=null | op=PUT_BLOCK {blockData=[blockId=conID: 6 locID: 102262866586173449 bcsId: 0,size=2097152]} | ret=FAILURE
org.apache.hadoop.hdds.scm.container.common.helpers.StorageContainerException: ContainerID 6 does not exist
	at org.apache.hadoop.ozone.container.common.impl.HddsDispatcher.dispatchRequest(HddsDispatcher.java:242) ~[classes/:?]
	at org.apache.hadoop.ozone.container.common.impl.HddsDispatcher.dispatch(HddsDispatcher.java:148) ~[classes/:?]
	at org.apache.hadoop.ozone.container.common.transport.server.ratis.ContainerStateMachine.dispatchCommand(ContainerStateMachine.java:347) ~[classes/:?]
	at org.apache.hadoop.ozone.container.common.transport.server.ratis.ContainerStateMachine.runCommand(ContainerStateMachine.java:354) ~[classes/:?]
	at org.apache.hadoop.ozone.container.common.transport.server.ratis.ContainerStateMachine.lambda$applyTransaction$5(ContainerStateMachine.java:621) ~[classes/:?]
	at java.util.concurrent.CompletableFuture$AsyncSupply.run(CompletableFuture.java:1590) [?:1.8.0_212]
	at java.util.concurrent.ThreadPoolExecutor.runWorker(ThreadPoolExecutor.java:1149) [?:1.8.0_212]
	at java.util.concurrent.ThreadPoolExecutor$Worker.run(ThreadPoolExecutor.java:624) [?:1.8.0_212]
	at java.lang.Thread.run(Thread.java:748) [?:1.8.0_212]
2019-06-13 06:31:51,634 INFO  impl.HddsDispatcher (ContainerUtils.java:logAndReturnError(146)) - Operation: PutBlock : Trace ID: 647253d5e7831c25:1e480dad2ae97c79:df6b0cafe799ea6a:0 : Message: ContainerID 6 does not exist : Result: CONTAINER_NOT_FOUND
2019-06-13 06:31:51,632 ERROR freon.RandomKeyGenerator (RandomKeyGenerator.java:run(675)) - Exception while adding key: key-0-87031 in bucket: org.apache.hadoop.ozone.client.OzoneBucket@70721ee6 of volume: org.apache.hadoop.ozone.client.OzoneVolume@2a6af5e3.
java.io.IOException: Unexpected Storage Container Exception: org.apache.hadoop.hdds.scm.container.common.helpers.StorageContainerException: ContainerID 6 does not exist
	at org.apache.hadoop.hdds.scm.storage.BlockOutputStream.setIoException(BlockOutputStream.java:548)
	at org.apache.hadoop.hdds.scm.storage.BlockOutputStream.validateResponse(BlockOutputStream.java:539)
	at org.apache.hadoop.hdds.scm.storage.BlockOutputStream.lambda$writeChunkToContainer$2(BlockOutputStream.java:614)
	at java.util.concurrent.CompletableFuture.uniApply(CompletableFuture.java:602)
	at java.util.concurrent.CompletableFuture$UniApply.tryFire(CompletableFuture.java:577)
	at java.util.concurrent.CompletableFuture$Completion.run(CompletableFuture.java:442)
	at java.util.concurrent.ThreadPoolExecutor.runWorker(ThreadPoolExecutor.java:1149)
	at java.util.concurrent.ThreadPoolExecutor$Worker.run(ThreadPoolExecutor.java:624)
	at java.lang.Thread.run(Thread.java:748)
Caused by: org.apache.hadoop.hdds.scm.container.common.helpers.StorageContainerException: ContainerID 6 does not exist
	at org.apache.hadoop.hdds.scm.storage.ContainerProtocolCalls.validateContainerResponse(ContainerProtocolCalls.java:536)
	at org.apache.hadoop.hdds.scm.storage.BlockOutputStream.validateResponse(BlockOutputStream.java:536)
	... 7 more
06:31:51.634 [pool-33-thread-1] ERROR DNAudit - user=null | ip=null | op=PUT_BLOCK {blockData=[blockId=conID: 6 locID: 102262866586173449 bcsId: 0,size=1048576]} | ret=FAILURE
org.apache.hadoop.hdds.scm.container.common.helpers.StorageContainerException: ContainerID 6 does not exist
	at org.apache.hadoop.ozone.container.common.impl.HddsDispatcher.dispatchRequest(HddsDispatcher.java:242) ~[classes/:?]
	at org.apache.hadoop.ozone.container.common.impl.HddsDispatcher.dispatch(HddsDispatcher.java:148) ~[classes/:?]
	at org.apache.hadoop.ozone.container.common.transport.server.ratis.ContainerStateMachine.dispatchCommand(ContainerStateMachine.java:347) ~[classes/:?]
	at org.apache.hadoop.ozone.container.common.transport.server.ratis.ContainerStateMachine.runCommand(ContainerStateMachine.java:354) ~[classes/:?]
	at org.apache.hadoop.ozone.container.common.transport.server.ratis.ContainerStateMachine.lambda$applyTransaction$5(ContainerStateMachine.java:621) ~[classes/:?]
	at java.util.concurrent.CompletableFuture$AsyncSupply.run(CompletableFuture.java:1590) [?:1.8.0_212]
	at java.util.concurrent.ThreadPoolExecutor.runWorker(ThreadPoolExecutor.java:1149) [?:1.8.0_212]
	at java.util.concurrent.ThreadPoolExecutor$Worker.run(ThreadPoolExecutor.java:624) [?:1.8.0_212]
	at java.lang.Thread.run(Thread.java:748) [?:1.8.0_212]
2019-06-13 06:31:51,634 INFO  impl.HddsDispatcher (ContainerUtils.java:logAndReturnError(146)) - Operation: PutBlock : Trace ID: 647253d5e7831c25:f68b701b1f422703:df6b0cafe799ea6a:0 : Message: ContainerID 6 does not exist : Result: CONTAINER_NOT_FOUND
06:31:51.634 [pool-33-thread-1] ERROR DNAudit - user=null | ip=null | op=WRITE_CHUNK {blockData=conID: 6 locID: 102262866586173449 bcsId: 0} | ret=FAILURE
org.apache.hadoop.hdds.scm.container.common.helpers.StorageContainerException: ContainerID 6 does not exist
	at org.apache.hadoop.ozone.container.common.impl.HddsDispatcher.dispatchRequest(HddsDispatcher.java:242) ~[classes/:?]
	at org.apache.hadoop.ozone.container.common.impl.HddsDispatcher.dispatch(HddsDispatcher.java:148) ~[classes/:?]
	at org.apache.hadoop.ozone.container.common.transport.server.ratis.ContainerStateMachine.dispatchCommand(ContainerStateMachine.java:347) ~[classes/:?]
	at org.apache.hadoop.ozone.container.common.transport.server.ratis.ContainerStateMachine.runCommand(ContainerStateMachine.java:354) ~[classes/:?]
	at org.apache.hadoop.ozone.container.common.transport.server.ratis.ContainerStateMachine.lambda$applyTransaction$5(ContainerStateMachine.java:621) ~[classes/:?]
	at java.util.concurrent.CompletableFuture$AsyncSupply.run(CompletableFuture.java:1590) [?:1.8.0_212]
	at java.util.concurrent.ThreadPoolExecutor.runWorker(ThreadPoolExecutor.java:1149) [?:1.8.0_212]
	at java.util.concurrent.ThreadPoolExecutor$Worker.run(ThreadPoolExecutor.java:624) [?:1.8.0_212]
	at java.lang.Thread.run(Thread.java:748) [?:1.8.0_212]
2019-06-13 06:31:51,635 INFO  impl.HddsDispatcher (ContainerUtils.java:logAndReturnError(146)) - Operation: WriteChunk : Trace ID: 647253d5e7831c25:d9d5202470275e91:df6b0cafe799ea6a:0 : Message: ContainerID 6 does not exist : Result: CONTAINER_NOT_FOUND
06:31:51.635 [pool-33-thread-1] ERROR DNAudit - user=null | ip=null | op=PUT_BLOCK {blockData=[blockId=conID: 6 locID: 102262866586173449 bcsId: 0,size=2097152]} | ret=FAILURE
org.apache.hadoop.hdds.scm.container.common.helpers.StorageContainerException: ContainerID 6 does not exist
	at org.apache.hadoop.ozone.container.common.impl.HddsDispatcher.dispatchRequest(HddsDispatcher.java:242) ~[classes/:?]
	at org.apache.hadoop.ozone.container.common.impl.HddsDispatcher.dispatch(HddsDispatcher.java:148) ~[classes/:?]
	at org.apache.hadoop.ozone.container.common.transport.server.ratis.ContainerStateMachine.dispatchCommand(ContainerStateMachine.java:347) ~[classes/:?]
	at org.apache.hadoop.ozone.container.common.transport.server.ratis.ContainerStateMachine.runCommand(ContainerStateMachine.java:354) ~[classes/:?]
	at org.apache.hadoop.ozone.container.common.transport.server.ratis.ContainerStateMachine.lambda$applyTransaction$5(ContainerStateMachine.java:621) ~[classes/:?]
	at java.util.concurrent.CompletableFuture$AsyncSupply.run(CompletableFuture.java:1590) [?:1.8.0_212]
	at java.util.concurrent.ThreadPoolExecutor.runWorker(ThreadPoolExecutor.java:1149) [?:1.8.0_212]
	at java.util.concurrent.ThreadPoolExecutor$Worker.run(ThreadPoolExecutor.java:624) [?:1.8.0_212]
	at java.lang.Thread.run(Thread.java:748) [?:1.8.0_212]
2019-06-13 06:31:51,635 INFO  impl.HddsDispatcher (ContainerUtils.java:logAndReturnError(146)) - Operation: PutBlock : Trace ID: 647253d5e7831c25:1e480dad2ae97c79:df6b0cafe799ea6a:0 : Message: ContainerID 6 does not exist : Result: CONTAINER_NOT_FOUND
 100.00% |█████████████████████████████████████████████████████████████████████████████████████████████████████|  1/1 Time: 0:00:02
]]></system-out>
    <system-err><![CDATA[ERROR StatusLogger No Log4j 2 configuration file found. Using default configuration (logging only errors to the console), or user programmatically provided configurations. Set system property 'log4j2.debug' to show Log4j 2 internal initialization logging. See https://logging.apache.org/log4j/2.x/manual/configuration.html for instructions on how to configure Log4j 2
Jun 13, 2019 6:31:41 AM com.sun.jersey.server.impl.application.WebApplicationImpl _initiate
INFO: Initiating Jersey application, version 'Jersey: 1.19 02/11/2015 03:25 AM'
Jun 13, 2019 6:31:42 AM com.sun.jersey.server.impl.application.WebApplicationImpl _initiate
INFO: Initiating Jersey application, version 'Jersey: 1.19 02/11/2015 03:25 AM'
Jun 13, 2019 6:31:42 AM com.sun.jersey.server.impl.application.WebApplicationImpl _initiate
INFO: Initiating Jersey application, version 'Jersey: 1.19 02/11/2015 03:25 AM'
Exception in thread "7b27096a-6e78-469c-b4df-e0c82e228802:group-6E3F8098BFE8:LeaderElection4" java.lang.IllegalStateException: ILLEGAL TRANSITION: In 7b27096a-6e78-469c-b4df-e0c82e228802:group-6E3F8098BFE8:LeaderElection4, STARTING -> CLOSED
	at org.apache.ratis.util.Preconditions.assertTrue(Preconditions.java:60)
	at org.apache.ratis.util.LifeCycle$State.validate(LifeCycle.java:123)
	at org.apache.ratis.util.LifeCycle.transition(LifeCycle.java:143)
	at org.apache.ratis.server.impl.LeaderElection.run(LeaderElection.java:154)
	at java.lang.Thread.run(Thread.java:748)
]]></system-err>
  </testcase>
</testsuite>